<?xml version="1.0" encoding="UTF-8"?>
<testsuite xmlns:xsi="http://www.w3.org/2001/XMLSchema-instance" xsi:noNamespaceSchemaLocation="https://maven.apache.org/surefire/maven-surefire-plugin/xsd/surefire-test-report.xsd" name="org.apache.hadoop.ozone.freon.TestFreonWithPipelineDestroy" time="53.245" tests="1" errors="1" skipped="0" failures="0">
  <properties>
    <property name="awt.toolkit" value="sun.awt.X11.XToolkit"/>
    <property name="file.encoding.pkg" value="sun.io"/>
    <property name="java.specification.version" value="1.8"/>
    <property name="sun.cpu.isalist" value=""/>
    <property name="sun.jnu.encoding" value="ANSI_X3.4-1968"/>
    <property name="java.class.path" value="/workdir/hadoop-ozone/tools/target/test-classes:/workdir/hadoop-ozone/tools/target/classes:/home/user/.m2/repository/org/apache/hadoop/hadoop-ozone-ozone-manager/0.5.0-SNAPSHOT/hadoop-ozone-ozone-manager-0.5.0-SNAPSHOT.jar:/home/user/.m2/repository/org/apache/hadoop/hadoop-hdds-docs/0.5.0-SNAPSHOT/hadoop-hdds-docs-0.5.0-SNAPSHOT.jar:/home/user/.m2/repository/org/bouncycastle/bcprov-jdk15on/1.60/bcprov-jdk15on-1.60.jar:/home/user/.m2/repository/org/apache/hadoop/hadoop-ozone-common/0.5.0-SNAPSHOT/hadoop-ozone-common-0.5.0-SNAPSHOT.jar:/home/user/.m2/repository/org/apache/commons/commons-compress/1.4.1/commons-compress-1.4.1.jar:/home/user/.m2/repository/org/tukaani/xz/1.0/xz-1.0.jar:/home/user/.m2/repository/org/apache/hadoop/hadoop-hdfs-client/3.2.0/hadoop-hdfs-client-3.2.0.jar:/home/user/.m2/repository/com/fasterxml/jackson/core/jackson-annotations/2.9.9/jackson-annotations-2.9.9.jar:/home/user/.m2/repository/org/apache/hadoop/hadoop-hdds-common/0.5.0-SNAPSHOT/hadoop-hdds-common-0.5.0-SNAPSHOT.jar:/home/user/.m2/repository/org/apache/hadoop/hadoop-hdds-config/0.5.0-SNAPSHOT/hadoop-hdds-config-0.5.0-SNAPSHOT.jar:/home/user/.m2/repository/javax/annotation/javax.annotation-api/1.2/javax.annotation-api-1.2.jar:/home/user/.m2/repository/org/apache/ratis/ratis-server/0.5.0-d6d58d0-SNAPSHOT/ratis-server-0.5.0-d6d58d0-SNAPSHOT.jar:/home/user/.m2/repository/org/apache/ratis/ratis-thirdparty-misc/0.2.0/ratis-thirdparty-misc-0.2.0.jar:/home/user/.m2/repository/org/apache/ratis/ratis-proto/0.5.0-d6d58d0-SNAPSHOT/ratis-proto-0.5.0-d6d58d0-SNAPSHOT.jar:/home/user/.m2/repository/org/apache/ratis/ratis-common/0.5.0-d6d58d0-SNAPSHOT/ratis-common-0.5.0-d6d58d0-SNAPSHOT.jar:/home/user/.m2/repository/org/apache/ratis/ratis-client/0.5.0-d6d58d0-SNAPSHOT/ratis-client-0.5.0-d6d58d0-SNAPSHOT.jar:/home/user/.m2/repository/org/apache/ratis/ratis-metrics/0.5.0-d6d58d0-SNAPSHOT/ratis-metrics-0.5.0-d6d58d0-SNAPSHOT.jar:/home/user/.m2/repository/org/apache/ratis/ratis-netty/0.5.0-d6d58d0-SNAPSHOT/ratis-netty-0.5.0-d6d58d0-SNAPSHOT.jar:/home/user/.m2/repository/org/apache/ratis/ratis-grpc/0.5.0-d6d58d0-SNAPSHOT/ratis-grpc-0.5.0-d6d58d0-SNAPSHOT.jar:/home/user/.m2/repository/org/rocksdb/rocksdbjni/6.0.1/rocksdbjni-6.0.1.jar:/home/user/.m2/repository/org/apache/logging/log4j/log4j-api/2.11.0/log4j-api-2.11.0.jar:/home/user/.m2/repository/org/apache/logging/log4j/log4j-core/2.11.0/log4j-core-2.11.0.jar:/home/user/.m2/repository/com/lmax/disruptor/3.4.2/disruptor-3.4.2.jar:/home/user/.m2/repository/org/apache/commons/commons-pool2/2.6.0/commons-pool2-2.6.0.jar:/home/user/.m2/repository/org/bouncycastle/bcpkix-jdk15on/1.60/bcpkix-jdk15on-1.60.jar:/home/user/.m2/repository/commons-validator/commons-validator/1.6/commons-validator-1.6.jar:/home/user/.m2/repository/commons-digester/commons-digester/1.8.1/commons-digester-1.8.1.jar:/home/user/.m2/repository/io/jaegertracing/jaeger-client/0.34.0/jaeger-client-0.34.0.jar:/home/user/.m2/repository/io/jaegertracing/jaeger-thrift/0.34.0/jaeger-thrift-0.34.0.jar:/home/user/.m2/repository/org/apache/thrift/libthrift/0.12.0/libthrift-0.12.0.jar:/home/user/.m2/repository/com/squareup/okhttp3/okhttp/3.9.0/okhttp-3.9.0.jar:/home/user/.m2/repository/com/squareup/okio/okio/1.13.0/okio-1.13.0.jar:/home/user/.m2/repository/io/jaegertracing/jaeger-core/0.34.0/jaeger-core-0.34.0.jar:/home/user/.m2/repository/io/jaegertracing/jaeger-tracerresolver/0.34.0/jaeger-tracerresolver-0.34.0.jar:/home/user/.m2/repository/io/opentracing/contrib/opentracing-tracerresolver/0.1.5/opentracing-tracerresolver-0.1.5.jar:/home/user/.m2/repository/io/opentracing/opentracing-util/0.31.0/opentracing-util-0.31.0.jar:/home/user/.m2/repository/io/opentracing/opentracing-api/0.31.0/opentracing-api-0.31.0.jar:/home/user/.m2/repository/io/opentracing/opentracing-noop/0.31.0/opentracing-noop-0.31.0.jar:/home/user/.m2/repository/org/yaml/snakeyaml/1.16/snakeyaml-1.16.jar:/home/user/.m2/repository/org/apache/hadoop/hadoop-hdds-container-service/0.5.0-SNAPSHOT/hadoop-hdds-container-service-0.5.0-SNAPSHOT.jar:/home/user/.m2/repository/org/apache/hadoop/hadoop-hdds-client/0.5.0-SNAPSHOT/hadoop-hdds-client-0.5.0-SNAPSHOT.jar:/home/user/.m2/repository/org/apache/hadoop/hadoop-hdds-tools/0.5.0-SNAPSHOT/hadoop-hdds-tools-0.5.0-SNAPSHOT.jar:/home/user/.m2/repository/org/xerial/sqlite-jdbc/3.25.2/sqlite-jdbc-3.25.2.jar:/home/user/.m2/repository/org/apache/hadoop/hadoop-hdds-server-scm/0.5.0-SNAPSHOT/hadoop-hdds-server-scm-0.5.0-SNAPSHOT.jar:/home/user/.m2/repository/org/hamcrest/hamcrest-all/1.3/hamcrest-all-1.3.jar:/home/user/.m2/repository/info/picocli/picocli/3.9.6/picocli-3.9.6.jar:/home/user/.m2/repository/com/google/protobuf/protobuf-java/2.5.0/protobuf-java-2.5.0.jar:/home/user/.m2/repository/com/google/guava/guava/11.0.2/guava-11.0.2.jar:/home/user/.m2/repository/org/apache/hadoop/hadoop-ozone-client/0.5.0-SNAPSHOT/hadoop-ozone-client-0.5.0-SNAPSHOT.jar:/workdir/hadoop-ozone/ozonefs/target/classes:/home/user/.m2/repository/org/apache/httpcomponents/httpclient/4.5.2/httpclient-4.5.2.jar:/home/user/.m2/repository/org/apache/httpcomponents/httpcore/4.4.4/httpcore-4.4.4.jar:/home/user/.m2/repository/org/apache/hadoop/hadoop-hdds-server-framework/0.5.0-SNAPSHOT/hadoop-hdds-server-framework-0.5.0-SNAPSHOT.jar:/home/user/.m2/repository/org/apache/hadoop/hadoop-common/3.2.0/hadoop-common-3.2.0.jar:/home/user/.m2/repository/org/apache/hadoop/hadoop-annotations/3.2.0/hadoop-annotations-3.2.0.jar:/usr/lib/jvm/java-1.8.0-openjdk-1.8.0.222.b10-1.el7_7.x86_64/jre/../lib/tools.jar:/home/user/.m2/repository/commons-cli/commons-cli/1.2/commons-cli-1.2.jar:/home/user/.m2/repository/org/apache/commons/commons-math3/3.1.1/commons-math3-3.1.1.jar:/home/user/.m2/repository/commons-codec/commons-codec/1.11/commons-codec-1.11.jar:/home/user/.m2/repository/commons-io/commons-io/2.5/commons-io-2.5.jar:/home/user/.m2/repository/commons-net/commons-net/3.6/commons-net-3.6.jar:/home/user/.m2/repository/commons-collections/commons-collections/3.2.2/commons-collections-3.2.2.jar:/home/user/.m2/repository/javax/servlet/javax.servlet-api/3.1.0/javax.servlet-api-3.1.0.jar:/home/user/.m2/repository/org/eclipse/jetty/jetty-server/9.3.25.v20180904/jetty-server-9.3.25.v20180904.jar:/home/user/.m2/repository/org/eclipse/jetty/jetty-http/9.3.25.v20180904/jetty-http-9.3.25.v20180904.jar:/home/user/.m2/repository/org/eclipse/jetty/jetty-io/9.3.25.v20180904/jetty-io-9.3.25.v20180904.jar:/home/user/.m2/repository/org/eclipse/jetty/jetty-util/9.3.25.v20180904/jetty-util-9.3.25.v20180904.jar:/home/user/.m2/repository/org/eclipse/jetty/jetty-servlet/9.3.25.v20180904/jetty-servlet-9.3.25.v20180904.jar:/home/user/.m2/repository/org/eclipse/jetty/jetty-security/9.3.25.v20180904/jetty-security-9.3.25.v20180904.jar:/home/user/.m2/repository/org/eclipse/jetty/jetty-webapp/9.3.25.v20180904/jetty-webapp-9.3.25.v20180904.jar:/home/user/.m2/repository/org/eclipse/jetty/jetty-xml/9.3.25.v20180904/jetty-xml-9.3.25.v20180904.jar:/home/user/.m2/repository/javax/servlet/jsp/jsp-api/2.1/jsp-api-2.1.jar:/home/user/.m2/repository/com/sun/jersey/jersey-core/1.19/jersey-core-1.19.jar:/home/user/.m2/repository/javax/ws/rs/jsr311-api/1.1.1/jsr311-api-1.1.1.jar:/home/user/.m2/repository/com/sun/jersey/jersey-servlet/1.19/jersey-servlet-1.19.jar:/home/user/.m2/repository/com/sun/jersey/jersey-json/1.19/jersey-json-1.19.jar:/home/user/.m2/repository/org/codehaus/jettison/jettison/1.1/jettison-1.1.jar:/home/user/.m2/repository/com/sun/xml/bind/jaxb-impl/2.3.0.1/jaxb-impl-2.3.0.1.jar:/home/user/.m2/repository/org/codehaus/jackson/jackson-core-asl/1.9.13/jackson-core-asl-1.9.13.jar:/home/user/.m2/repository/org/codehaus/jackson/jackson-mapper-asl/1.9.13/jackson-mapper-asl-1.9.13.jar:/home/user/.m2/repository/org/codehaus/jackson/jackson-jaxrs/1.9.13/jackson-jaxrs-1.9.13.jar:/home/user/.m2/repository/org/codehaus/jackson/jackson-xc/1.9.13/jackson-xc-1.9.13.jar:/home/user/.m2/repository/com/sun/jersey/jersey-server/1.19/jersey-server-1.19.jar:/home/user/.m2/repository/commons-logging/commons-logging/1.1.3/commons-logging-1.1.3.jar:/home/user/.m2/repository/log4j/log4j/1.2.17/log4j-1.2.17.jar:/home/user/.m2/repository/commons-beanutils/commons-beanutils/1.9.4/commons-beanutils-1.9.4.jar:/home/user/.m2/repository/org/apache/commons/commons-configuration2/2.1.1/commons-configuration2-2.1.1.jar:/home/user/.m2/repository/org/apache/commons/commons-lang3/3.7/commons-lang3-3.7.jar:/home/user/.m2/repository/org/apache/commons/commons-text/1.4/commons-text-1.4.jar:/home/user/.m2/repository/org/slf4j/slf4j-api/1.7.25/slf4j-api-1.7.25.jar:/home/user/.m2/repository/org/slf4j/slf4j-log4j12/1.7.25/slf4j-log4j12-1.7.25.jar:/home/user/.m2/repository/org/apache/avro/avro/1.7.7/avro-1.7.7.jar:/home/user/.m2/repository/com/thoughtworks/paranamer/paranamer/2.3/paranamer-2.3.jar:/home/user/.m2/repository/org/xerial/snappy/snappy-java/1.0.5/snappy-java-1.0.5.jar:/home/user/.m2/repository/com/google/re2j/re2j/1.1/re2j-1.1.jar:/home/user/.m2/repository/com/google/code/gson/gson/2.2.4/gson-2.2.4.jar:/home/user/.m2/repository/org/apache/hadoop/hadoop-auth/3.2.0/hadoop-auth-3.2.0.jar:/home/user/.m2/repository/com/nimbusds/nimbus-jose-jwt/4.41.1/nimbus-jose-jwt-4.41.1.jar:/home/user/.m2/repository/com/github/stephenc/jcip/jcip-annotations/1.0-1/jcip-annotations-1.0-1.jar:/home/user/.m2/repository/net/minidev/json-smart/2.3/json-smart-2.3.jar:/home/user/.m2/repository/net/minidev/accessors-smart/1.2/accessors-smart-1.2.jar:/home/user/.m2/repository/org/apache/curator/curator-framework/2.12.0/curator-framework-2.12.0.jar:/home/user/.m2/repository/com/jcraft/jsch/0.1.54/jsch-0.1.54.jar:/home/user/.m2/repository/org/apache/curator/curator-client/2.12.0/curator-client-2.12.0.jar:/home/user/.m2/repository/org/apache/curator/curator-recipes/2.12.0/curator-recipes-2.12.0.jar:/home/user/.m2/repository/com/google/code/findbugs/jsr305/3.0.0/jsr305-3.0.0.jar:/home/user/.m2/repository/org/apache/htrace/htrace-core4/4.1.0-incubating/htrace-core4-4.1.0-incubating.jar:/home/user/.m2/repository/org/apache/zookeeper/zookeeper/3.4.13/zookeeper-3.4.13.jar:/home/user/.m2/repository/jline/jline/0.9.94/jline-0.9.94.jar:/home/user/.m2/repository/org/apache/yetus/audience-annotations/0.5.0/audience-annotations-0.5.0.jar:/home/user/.m2/repository/org/apache/kerby/kerb-simplekdc/1.0.1/kerb-simplekdc-1.0.1.jar:/home/user/.m2/repository/org/apache/kerby/kerb-client/1.0.1/kerb-client-1.0.1.jar:/home/user/.m2/repository/org/apache/kerby/kerby-config/1.0.1/kerby-config-1.0.1.jar:/home/user/.m2/repository/org/apache/kerby/kerb-core/1.0.1/kerb-core-1.0.1.jar:/home/user/.m2/repository/org/apache/kerby/kerby-pkix/1.0.1/kerby-pkix-1.0.1.jar:/home/user/.m2/repository/org/apache/kerby/kerby-asn1/1.0.1/kerby-asn1-1.0.1.jar:/home/user/.m2/repository/org/apache/kerby/kerby-util/1.0.1/kerby-util-1.0.1.jar:/home/user/.m2/repository/org/apache/kerby/kerb-common/1.0.1/kerb-common-1.0.1.jar:/home/user/.m2/repository/org/apache/kerby/kerb-crypto/1.0.1/kerb-crypto-1.0.1.jar:/home/user/.m2/repository/org/apache/kerby/kerb-util/1.0.1/kerb-util-1.0.1.jar:/home/user/.m2/repository/org/apache/kerby/token-provider/1.0.1/token-provider-1.0.1.jar:/home/user/.m2/repository/org/apache/kerby/kerb-admin/1.0.1/kerb-admin-1.0.1.jar:/home/user/.m2/repository/org/apache/kerby/kerb-server/1.0.1/kerb-server-1.0.1.jar:/home/user/.m2/repository/org/apache/kerby/kerb-identity/1.0.1/kerb-identity-1.0.1.jar:/home/user/.m2/repository/org/apache/kerby/kerby-xdr/1.0.1/kerby-xdr-1.0.1.jar:/home/user/.m2/repository/com/fasterxml/jackson/core/jackson-databind/2.9.9/jackson-databind-2.9.9.jar:/home/user/.m2/repository/com/fasterxml/jackson/core/jackson-core/2.9.9/jackson-core-2.9.9.jar:/home/user/.m2/repository/org/codehaus/woodstox/stax2-api/3.1.4/stax2-api-3.1.4.jar:/home/user/.m2/repository/com/fasterxml/woodstox/woodstox-core/5.0.3/woodstox-core-5.0.3.jar:/home/user/.m2/repository/dnsjava/dnsjava/2.1.7/dnsjava-2.1.7.jar:/home/user/.m2/repository/org/apache/hadoop/hadoop-hdfs/3.2.0/hadoop-hdfs-3.2.0.jar:/home/user/.m2/repository/org/eclipse/jetty/jetty-util-ajax/9.3.25.v20180904/jetty-util-ajax-9.3.25.v20180904.jar:/home/user/.m2/repository/commons-daemon/commons-daemon/1.0.13/commons-daemon-1.0.13.jar:/home/user/.m2/repository/io/netty/netty/3.10.5.Final/netty-3.10.5.Final.jar:/home/user/.m2/repository/io/netty/netty-all/4.0.52.Final/netty-all-4.0.52.Final.jar:/home/user/.m2/repository/org/fusesource/leveldbjni/leveldbjni-all/1.8/leveldbjni-all-1.8.jar:/home/user/.m2/repository/com/sun/xml/bind/jaxb-core/2.3.0.1/jaxb-core-2.3.0.1.jar:/home/user/.m2/repository/javax/xml/bind/jaxb-api/2.3.0/jaxb-api-2.3.0.jar:/home/user/.m2/repository/javax/activation/activation/1.1.1/activation-1.1.1.jar:/home/user/.m2/repository/org/openjdk/jmh/jmh-core/1.19/jmh-core-1.19.jar:/home/user/.m2/repository/net/sf/jopt-simple/jopt-simple/4.6/jopt-simple-4.6.jar:/home/user/.m2/repository/org/openjdk/jmh/jmh-generator-annprocess/1.19/jmh-generator-annprocess-1.19.jar:/home/user/.m2/repository/io/dropwizard/metrics/metrics-core/3.2.4/metrics-core-3.2.4.jar:/home/user/.m2/repository/com/amazonaws/aws-java-sdk-s3/1.11.615/aws-java-sdk-s3-1.11.615.jar:/home/user/.m2/repository/com/amazonaws/aws-java-sdk-kms/1.11.615/aws-java-sdk-kms-1.11.615.jar:/home/user/.m2/repository/com/amazonaws/aws-java-sdk-core/1.11.615/aws-java-sdk-core-1.11.615.jar:/home/user/.m2/repository/software/amazon/ion/ion-java/1.0.2/ion-java-1.0.2.jar:/home/user/.m2/repository/com/fasterxml/jackson/dataformat/jackson-dataformat-cbor/2.9.9/jackson-dataformat-cbor-2.9.9.jar:/home/user/.m2/repository/joda-time/joda-time/2.9.9/joda-time-2.9.9.jar:/home/user/.m2/repository/com/amazonaws/jmespath-java/1.11.615/jmespath-java-1.11.615.jar:/home/user/.m2/repository/com/github/spotbugs/spotbugs/3.1.12/spotbugs-3.1.12.jar:/home/user/.m2/repository/org/ow2/asm/asm/5.0.4/asm-5.0.4.jar:/home/user/.m2/repository/org/ow2/asm/asm-analysis/7.0/asm-analysis-7.0.jar:/home/user/.m2/repository/org/ow2/asm/asm-commons/7.0/asm-commons-7.0.jar:/home/user/.m2/repository/org/ow2/asm/asm-tree/7.0/asm-tree-7.0.jar:/home/user/.m2/repository/org/ow2/asm/asm-util/7.0/asm-util-7.0.jar:/home/user/.m2/repository/org/apache/bcel/bcel/6.3/bcel-6.3.jar:/home/user/.m2/repository/net/jcip/jcip-annotations/1.0/jcip-annotations-1.0.jar:/home/user/.m2/repository/org/dom4j/dom4j/2.1.1/dom4j-2.1.1.jar:/home/user/.m2/repository/jaxen/jaxen/1.1.6/jaxen-1.1.6.jar:/home/user/.m2/repository/commons-lang/commons-lang/2.6/commons-lang-2.6.jar:/home/user/.m2/repository/com/github/spotbugs/spotbugs-annotations/3.1.12/spotbugs-annotations-3.1.12.jar:/home/user/.m2/repository/junit/junit/4.11/junit-4.11.jar:/home/user/.m2/repository/org/hamcrest/hamcrest-core/1.3/hamcrest-core-1.3.jar:/home/user/.m2/repository/org/apache/hadoop/hadoop-common/3.2.0/hadoop-common-3.2.0-tests.jar:/workdir/hadoop-ozone/integration-test/target/test-classes:/home/user/.m2/repository/org/apache/hadoop/hadoop-ozone-s3gateway/0.5.0-SNAPSHOT/hadoop-ozone-s3gateway-0.5.0-SNAPSHOT.jar:/home/user/.m2/repository/org/jboss/weld/servlet/weld-servlet/2.4.7.Final/weld-servlet-2.4.7.Final.jar:/home/user/.m2/repository/org/glassfish/jersey/containers/jersey-container-servlet-core/2.27/jersey-container-servlet-core-2.27.jar:/home/user/.m2/repository/org/glassfish/hk2/external/javax.inject/2.5.0-b42/javax.inject-2.5.0-b42.jar:/home/user/.m2/repository/org/glassfish/jersey/core/jersey-common/2.27/jersey-common-2.27.jar:/home/user/.m2/repository/org/glassfish/hk2/osgi-resource-locator/1.0.1/osgi-resource-locator-1.0.1.jar:/home/user/.m2/repository/javax/ws/rs/javax.ws.rs-api/2.1/javax.ws.rs-api-2.1.jar:/home/user/.m2/repository/org/glassfish/jersey/ext/cdi/jersey-cdi1x/2.27/jersey-cdi1x-2.27.jar:/home/user/.m2/repository/org/glassfish/jersey/inject/jersey-hk2/2.27/jersey-hk2-2.27.jar:/home/user/.m2/repository/org/glassfish/hk2/hk2-locator/2.5.0-b42/hk2-locator-2.5.0-b42.jar:/home/user/.m2/repository/org/javassist/javassist/3.22.0-CR2/javassist-3.22.0-CR2.jar:/home/user/.m2/repository/org/glassfish/hk2/hk2-api/2.5.0/hk2-api-2.5.0.jar:/home/user/.m2/repository/org/glassfish/hk2/external/jakarta.inject/2.5.0/jakarta.inject-2.5.0.jar:/home/user/.m2/repository/org/glassfish/hk2/hk2-utils/2.5.0/hk2-utils-2.5.0.jar:/home/user/.m2/repository/jakarta/annotation/jakarta.annotation-api/1.3.4/jakarta.annotation-api-1.3.4.jar:/home/user/.m2/repository/org/glassfish/hk2/external/aopalliance-repackaged/2.5.0/aopalliance-repackaged-2.5.0.jar:/home/user/.m2/repository/com/fasterxml/jackson/dataformat/jackson-dataformat-xml/2.9.0/jackson-dataformat-xml-2.9.0.jar:/home/user/.m2/repository/com/fasterxml/jackson/module/jackson-module-jaxb-annotations/2.9.9/jackson-module-jaxb-annotations-2.9.9.jar:/home/user/.m2/repository/javax/enterprise/cdi-api/1.2/cdi-api-1.2.jar:/home/user/.m2/repository/javax/el/javax.el-api/3.0.0/javax.el-api-3.0.0.jar:/home/user/.m2/repository/javax/interceptor/javax.interceptor-api/1.2/javax.interceptor-api-1.2.jar:/home/user/.m2/repository/javax/inject/javax.inject/1/javax.inject-1.jar:/home/user/.m2/repository/org/apache/hadoop/hadoop-ozone-csi/0.5.0-SNAPSHOT/hadoop-ozone-csi-0.5.0-SNAPSHOT.jar:/home/user/.m2/repository/com/google/protobuf/protobuf-java-util/3.5.1/protobuf-java-util-3.5.1.jar:/home/user/.m2/repository/io/grpc/grpc-netty/1.17.1/grpc-netty-1.17.1.jar:/home/user/.m2/repository/io/grpc/grpc-core/1.17.1/grpc-core-1.17.1.jar:/home/user/.m2/repository/io/grpc/grpc-context/1.17.1/grpc-context-1.17.1.jar:/home/user/.m2/repository/com/google/errorprone/error_prone_annotations/2.2.0/error_prone_annotations-2.2.0.jar:/home/user/.m2/repository/org/codehaus/mojo/animal-sniffer-annotations/1.17/animal-sniffer-annotations-1.17.jar:/home/user/.m2/repository/io/opencensus/opencensus-api/0.17.0/opencensus-api-0.17.0.jar:/home/user/.m2/repository/io/opencensus/opencensus-contrib-grpc-metrics/0.17.0/opencensus-contrib-grpc-metrics-0.17.0.jar:/home/user/.m2/repository/io/netty/netty-codec-http2/4.1.30.Final/netty-codec-http2-4.1.30.Final.jar:/home/user/.m2/repository/io/netty/netty-codec-http/4.1.30.Final/netty-codec-http-4.1.30.Final.jar:/home/user/.m2/repository/io/netty/netty-codec/4.1.30.Final/netty-codec-4.1.30.Final.jar:/home/user/.m2/repository/io/netty/netty-handler/4.1.30.Final/netty-handler-4.1.30.Final.jar:/home/user/.m2/repository/io/netty/netty-handler-proxy/4.1.30.Final/netty-handler-proxy-4.1.30.Final.jar:/home/user/.m2/repository/io/netty/netty-codec-socks/4.1.30.Final/netty-codec-socks-4.1.30.Final.jar:/home/user/.m2/repository/io/netty/netty-transport-native-epoll/4.1.30.Final/netty-transport-native-epoll-4.1.30.Final.jar:/home/user/.m2/repository/io/netty/netty-common/4.1.30.Final/netty-common-4.1.30.Final.jar:/home/user/.m2/repository/io/netty/netty-buffer/4.1.30.Final/netty-buffer-4.1.30.Final.jar:/home/user/.m2/repository/io/netty/netty-transport/4.1.30.Final/netty-transport-4.1.30.Final.jar:/home/user/.m2/repository/io/netty/netty-resolver/4.1.30.Final/netty-resolver-4.1.30.Final.jar:/home/user/.m2/repository/io/netty/netty-transport-native-unix-common/4.1.30.Final/netty-transport-native-unix-common-4.1.30.Final.jar:/home/user/.m2/repository/io/grpc/grpc-protobuf/1.17.1/grpc-protobuf-1.17.1.jar:/home/user/.m2/repository/com/google/api/grpc/proto-google-common-protos/1.0.0/proto-google-common-protos-1.0.0.jar:/home/user/.m2/repository/io/grpc/grpc-protobuf-lite/1.17.1/grpc-protobuf-lite-1.17.1.jar:/home/user/.m2/repository/io/grpc/grpc-stub/1.17.1/grpc-stub-1.17.1.jar:/home/user/.m2/repository/org/apache/hadoop/hadoop-ozone-recon/0.5.0-SNAPSHOT/hadoop-ozone-recon-0.5.0-SNAPSHOT.jar:/home/user/.m2/repository/org/apache/hadoop/hadoop-ozone-reconcodegen/0.5.0-SNAPSHOT/hadoop-ozone-reconcodegen-0.5.0-SNAPSHOT.jar:/home/user/.m2/repository/com/google/inject/extensions/guice-multibindings/4.0/guice-multibindings-4.0.jar:/home/user/.m2/repository/com/google/inject/guice/4.0/guice-4.0.jar:/home/user/.m2/repository/aopalliance/aopalliance/1.0/aopalliance-1.0.jar:/home/user/.m2/repository/com/google/inject/extensions/guice-servlet/4.0/guice-servlet-4.0.jar:/home/user/.m2/repository/org/glassfish/jersey/containers/jersey-container-servlet/2.27/jersey-container-servlet-2.27.jar:/home/user/.m2/repository/org/glassfish/hk2/guice-bridge/2.5.0/guice-bridge-2.5.0.jar:/home/user/.m2/repository/org/glassfish/jersey/core/jersey-server/2.27/jersey-server-2.27.jar:/home/user/.m2/repository/org/glassfish/jersey/core/jersey-client/2.27/jersey-client-2.27.jar:/home/user/.m2/repository/org/glassfish/jersey/media/jersey-media-jaxb/2.27/jersey-media-jaxb-2.27.jar:/home/user/.m2/repository/javax/validation/validation-api/1.1.0.Final/validation-api-1.1.0.Final.jar:/home/user/.m2/repository/org/glassfish/jersey/media/jersey-media-json-jackson/2.27/jersey-media-json-jackson-2.27.jar:/home/user/.m2/repository/org/glassfish/jersey/ext/jersey-entity-filtering/2.27/jersey-entity-filtering-2.27.jar:/home/user/.m2/repository/com/google/inject/extensions/guice-assistedinject/4.0/guice-assistedinject-4.0.jar:/home/user/.m2/repository/org/jooq/jooq/3.11.10/jooq-3.11.10.jar:/home/user/.m2/repository/org/jooq/jooq-meta/3.11.10/jooq-meta-3.11.10.jar:/home/user/.m2/repository/org/jooq/jooq-codegen/3.11.10/jooq-codegen-3.11.10.jar:/home/user/.m2/repository/com/jolbox/bonecp/0.8.0.RELEASE/bonecp-0.8.0.RELEASE.jar:/home/user/.m2/repository/org/springframework/spring-jdbc/5.1.3.RELEASE/spring-jdbc-5.1.3.RELEASE.jar:/home/user/.m2/repository/org/springframework/spring-beans/5.1.3.RELEASE/spring-beans-5.1.3.RELEASE.jar:/home/user/.m2/repository/org/springframework/spring-core/5.1.3.RELEASE/spring-core-5.1.3.RELEASE.jar:/home/user/.m2/repository/org/springframework/spring-jcl/5.1.3.RELEASE/spring-jcl-5.1.3.RELEASE.jar:/home/user/.m2/repository/org/springframework/spring-tx/5.1.3.RELEASE/spring-tx-5.1.3.RELEASE.jar:/home/user/.m2/repository/org/mockito/mockito-core/2.15.0/mockito-core-2.15.0.jar:/home/user/.m2/repository/net/bytebuddy/byte-buddy/1.7.9/byte-buddy-1.7.9.jar:/home/user/.m2/repository/net/bytebuddy/byte-buddy-agent/1.7.9/byte-buddy-agent-1.7.9.jar:/home/user/.m2/repository/org/objenesis/objenesis/1.0/objenesis-1.0.jar:"/>
    <property name="java.vm.vendor" value="Oracle Corporation"/>
    <property name="sun.arch.data.model" value="64"/>
    <property name="test.build.dir" value="/workdir/hadoop-ozone/tools/target/test-dir"/>
    <property name="test.cache.data" value=""/>
    <property name="java.vendor.url" value="http://java.oracle.com/"/>
    <property name="user.timezone" value=""/>
    <property name="java.vm.specification.version" value="1.8"/>
    <property name="os.name" value="Linux"/>
    <property name="test.build.data" value="/workdir/hadoop-ozone/tools/target/test-dir"/>
    <property name="user.country" value="US"/>
    <property name="sun.java.launcher" value="SUN_STANDARD"/>
    <property name="sun.boot.library.path" value="/usr/lib/jvm/java-1.8.0-openjdk-1.8.0.222.b10-1.el7_7.x86_64/jre/lib/amd64"/>
    <property name="sun.java.command" value="/workdir/hadoop-ozone/tools/target/surefire/surefirebooter2276485625516282134.jar /workdir/hadoop-ozone/tools/target/surefire 2019-11-19T07-13-51_449-jvmRun1 surefire8866519549875088767tmp surefire_984871895525242401732tmp"/>
    <property name="surefire.test.class.path" value="/workdir/hadoop-ozone/tools/target/test-classes:/workdir/hadoop-ozone/tools/target/classes:/home/user/.m2/repository/org/apache/hadoop/hadoop-ozone-ozone-manager/0.5.0-SNAPSHOT/hadoop-ozone-ozone-manager-0.5.0-SNAPSHOT.jar:/home/user/.m2/repository/org/apache/hadoop/hadoop-hdds-docs/0.5.0-SNAPSHOT/hadoop-hdds-docs-0.5.0-SNAPSHOT.jar:/home/user/.m2/repository/org/bouncycastle/bcprov-jdk15on/1.60/bcprov-jdk15on-1.60.jar:/home/user/.m2/repository/org/apache/hadoop/hadoop-ozone-common/0.5.0-SNAPSHOT/hadoop-ozone-common-0.5.0-SNAPSHOT.jar:/home/user/.m2/repository/org/apache/commons/commons-compress/1.4.1/commons-compress-1.4.1.jar:/home/user/.m2/repository/org/tukaani/xz/1.0/xz-1.0.jar:/home/user/.m2/repository/org/apache/hadoop/hadoop-hdfs-client/3.2.0/hadoop-hdfs-client-3.2.0.jar:/home/user/.m2/repository/com/fasterxml/jackson/core/jackson-annotations/2.9.9/jackson-annotations-2.9.9.jar:/home/user/.m2/repository/org/apache/hadoop/hadoop-hdds-common/0.5.0-SNAPSHOT/hadoop-hdds-common-0.5.0-SNAPSHOT.jar:/home/user/.m2/repository/org/apache/hadoop/hadoop-hdds-config/0.5.0-SNAPSHOT/hadoop-hdds-config-0.5.0-SNAPSHOT.jar:/home/user/.m2/repository/javax/annotation/javax.annotation-api/1.2/javax.annotation-api-1.2.jar:/home/user/.m2/repository/org/apache/ratis/ratis-server/0.5.0-d6d58d0-SNAPSHOT/ratis-server-0.5.0-d6d58d0-SNAPSHOT.jar:/home/user/.m2/repository/org/apache/ratis/ratis-thirdparty-misc/0.2.0/ratis-thirdparty-misc-0.2.0.jar:/home/user/.m2/repository/org/apache/ratis/ratis-proto/0.5.0-d6d58d0-SNAPSHOT/ratis-proto-0.5.0-d6d58d0-SNAPSHOT.jar:/home/user/.m2/repository/org/apache/ratis/ratis-common/0.5.0-d6d58d0-SNAPSHOT/ratis-common-0.5.0-d6d58d0-SNAPSHOT.jar:/home/user/.m2/repository/org/apache/ratis/ratis-client/0.5.0-d6d58d0-SNAPSHOT/ratis-client-0.5.0-d6d58d0-SNAPSHOT.jar:/home/user/.m2/repository/org/apache/ratis/ratis-metrics/0.5.0-d6d58d0-SNAPSHOT/ratis-metrics-0.5.0-d6d58d0-SNAPSHOT.jar:/home/user/.m2/repository/org/apache/ratis/ratis-netty/0.5.0-d6d58d0-SNAPSHOT/ratis-netty-0.5.0-d6d58d0-SNAPSHOT.jar:/home/user/.m2/repository/org/apache/ratis/ratis-grpc/0.5.0-d6d58d0-SNAPSHOT/ratis-grpc-0.5.0-d6d58d0-SNAPSHOT.jar:/home/user/.m2/repository/org/rocksdb/rocksdbjni/6.0.1/rocksdbjni-6.0.1.jar:/home/user/.m2/repository/org/apache/logging/log4j/log4j-api/2.11.0/log4j-api-2.11.0.jar:/home/user/.m2/repository/org/apache/logging/log4j/log4j-core/2.11.0/log4j-core-2.11.0.jar:/home/user/.m2/repository/com/lmax/disruptor/3.4.2/disruptor-3.4.2.jar:/home/user/.m2/repository/org/apache/commons/commons-pool2/2.6.0/commons-pool2-2.6.0.jar:/home/user/.m2/repository/org/bouncycastle/bcpkix-jdk15on/1.60/bcpkix-jdk15on-1.60.jar:/home/user/.m2/repository/commons-validator/commons-validator/1.6/commons-validator-1.6.jar:/home/user/.m2/repository/commons-digester/commons-digester/1.8.1/commons-digester-1.8.1.jar:/home/user/.m2/repository/io/jaegertracing/jaeger-client/0.34.0/jaeger-client-0.34.0.jar:/home/user/.m2/repository/io/jaegertracing/jaeger-thrift/0.34.0/jaeger-thrift-0.34.0.jar:/home/user/.m2/repository/org/apache/thrift/libthrift/0.12.0/libthrift-0.12.0.jar:/home/user/.m2/repository/com/squareup/okhttp3/okhttp/3.9.0/okhttp-3.9.0.jar:/home/user/.m2/repository/com/squareup/okio/okio/1.13.0/okio-1.13.0.jar:/home/user/.m2/repository/io/jaegertracing/jaeger-core/0.34.0/jaeger-core-0.34.0.jar:/home/user/.m2/repository/io/jaegertracing/jaeger-tracerresolver/0.34.0/jaeger-tracerresolver-0.34.0.jar:/home/user/.m2/repository/io/opentracing/contrib/opentracing-tracerresolver/0.1.5/opentracing-tracerresolver-0.1.5.jar:/home/user/.m2/repository/io/opentracing/opentracing-util/0.31.0/opentracing-util-0.31.0.jar:/home/user/.m2/repository/io/opentracing/opentracing-api/0.31.0/opentracing-api-0.31.0.jar:/home/user/.m2/repository/io/opentracing/opentracing-noop/0.31.0/opentracing-noop-0.31.0.jar:/home/user/.m2/repository/org/yaml/snakeyaml/1.16/snakeyaml-1.16.jar:/home/user/.m2/repository/org/apache/hadoop/hadoop-hdds-container-service/0.5.0-SNAPSHOT/hadoop-hdds-container-service-0.5.0-SNAPSHOT.jar:/home/user/.m2/repository/org/apache/hadoop/hadoop-hdds-client/0.5.0-SNAPSHOT/hadoop-hdds-client-0.5.0-SNAPSHOT.jar:/home/user/.m2/repository/org/apache/hadoop/hadoop-hdds-tools/0.5.0-SNAPSHOT/hadoop-hdds-tools-0.5.0-SNAPSHOT.jar:/home/user/.m2/repository/org/xerial/sqlite-jdbc/3.25.2/sqlite-jdbc-3.25.2.jar:/home/user/.m2/repository/org/apache/hadoop/hadoop-hdds-server-scm/0.5.0-SNAPSHOT/hadoop-hdds-server-scm-0.5.0-SNAPSHOT.jar:/home/user/.m2/repository/org/hamcrest/hamcrest-all/1.3/hamcrest-all-1.3.jar:/home/user/.m2/repository/info/picocli/picocli/3.9.6/picocli-3.9.6.jar:/home/user/.m2/repository/com/google/protobuf/protobuf-java/2.5.0/protobuf-java-2.5.0.jar:/home/user/.m2/repository/com/google/guava/guava/11.0.2/guava-11.0.2.jar:/home/user/.m2/repository/org/apache/hadoop/hadoop-ozone-client/0.5.0-SNAPSHOT/hadoop-ozone-client-0.5.0-SNAPSHOT.jar:/workdir/hadoop-ozone/ozonefs/target/classes:/home/user/.m2/repository/org/apache/httpcomponents/httpclient/4.5.2/httpclient-4.5.2.jar:/home/user/.m2/repository/org/apache/httpcomponents/httpcore/4.4.4/httpcore-4.4.4.jar:/home/user/.m2/repository/org/apache/hadoop/hadoop-hdds-server-framework/0.5.0-SNAPSHOT/hadoop-hdds-server-framework-0.5.0-SNAPSHOT.jar:/home/user/.m2/repository/org/apache/hadoop/hadoop-common/3.2.0/hadoop-common-3.2.0.jar:/home/user/.m2/repository/org/apache/hadoop/hadoop-annotations/3.2.0/hadoop-annotations-3.2.0.jar:/usr/lib/jvm/java-1.8.0-openjdk-1.8.0.222.b10-1.el7_7.x86_64/jre/../lib/tools.jar:/home/user/.m2/repository/commons-cli/commons-cli/1.2/commons-cli-1.2.jar:/home/user/.m2/repository/org/apache/commons/commons-math3/3.1.1/commons-math3-3.1.1.jar:/home/user/.m2/repository/commons-codec/commons-codec/1.11/commons-codec-1.11.jar:/home/user/.m2/repository/commons-io/commons-io/2.5/commons-io-2.5.jar:/home/user/.m2/repository/commons-net/commons-net/3.6/commons-net-3.6.jar:/home/user/.m2/repository/commons-collections/commons-collections/3.2.2/commons-collections-3.2.2.jar:/home/user/.m2/repository/javax/servlet/javax.servlet-api/3.1.0/javax.servlet-api-3.1.0.jar:/home/user/.m2/repository/org/eclipse/jetty/jetty-server/9.3.25.v20180904/jetty-server-9.3.25.v20180904.jar:/home/user/.m2/repository/org/eclipse/jetty/jetty-http/9.3.25.v20180904/jetty-http-9.3.25.v20180904.jar:/home/user/.m2/repository/org/eclipse/jetty/jetty-io/9.3.25.v20180904/jetty-io-9.3.25.v20180904.jar:/home/user/.m2/repository/org/eclipse/jetty/jetty-util/9.3.25.v20180904/jetty-util-9.3.25.v20180904.jar:/home/user/.m2/repository/org/eclipse/jetty/jetty-servlet/9.3.25.v20180904/jetty-servlet-9.3.25.v20180904.jar:/home/user/.m2/repository/org/eclipse/jetty/jetty-security/9.3.25.v20180904/jetty-security-9.3.25.v20180904.jar:/home/user/.m2/repository/org/eclipse/jetty/jetty-webapp/9.3.25.v20180904/jetty-webapp-9.3.25.v20180904.jar:/home/user/.m2/repository/org/eclipse/jetty/jetty-xml/9.3.25.v20180904/jetty-xml-9.3.25.v20180904.jar:/home/user/.m2/repository/javax/servlet/jsp/jsp-api/2.1/jsp-api-2.1.jar:/home/user/.m2/repository/com/sun/jersey/jersey-core/1.19/jersey-core-1.19.jar:/home/user/.m2/repository/javax/ws/rs/jsr311-api/1.1.1/jsr311-api-1.1.1.jar:/home/user/.m2/repository/com/sun/jersey/jersey-servlet/1.19/jersey-servlet-1.19.jar:/home/user/.m2/repository/com/sun/jersey/jersey-json/1.19/jersey-json-1.19.jar:/home/user/.m2/repository/org/codehaus/jettison/jettison/1.1/jettison-1.1.jar:/home/user/.m2/repository/com/sun/xml/bind/jaxb-impl/2.3.0.1/jaxb-impl-2.3.0.1.jar:/home/user/.m2/repository/org/codehaus/jackson/jackson-core-asl/1.9.13/jackson-core-asl-1.9.13.jar:/home/user/.m2/repository/org/codehaus/jackson/jackson-mapper-asl/1.9.13/jackson-mapper-asl-1.9.13.jar:/home/user/.m2/repository/org/codehaus/jackson/jackson-jaxrs/1.9.13/jackson-jaxrs-1.9.13.jar:/home/user/.m2/repository/org/codehaus/jackson/jackson-xc/1.9.13/jackson-xc-1.9.13.jar:/home/user/.m2/repository/com/sun/jersey/jersey-server/1.19/jersey-server-1.19.jar:/home/user/.m2/repository/commons-logging/commons-logging/1.1.3/commons-logging-1.1.3.jar:/home/user/.m2/repository/log4j/log4j/1.2.17/log4j-1.2.17.jar:/home/user/.m2/repository/commons-beanutils/commons-beanutils/1.9.4/commons-beanutils-1.9.4.jar:/home/user/.m2/repository/org/apache/commons/commons-configuration2/2.1.1/commons-configuration2-2.1.1.jar:/home/user/.m2/repository/org/apache/commons/commons-lang3/3.7/commons-lang3-3.7.jar:/home/user/.m2/repository/org/apache/commons/commons-text/1.4/commons-text-1.4.jar:/home/user/.m2/repository/org/slf4j/slf4j-api/1.7.25/slf4j-api-1.7.25.jar:/home/user/.m2/repository/org/slf4j/slf4j-log4j12/1.7.25/slf4j-log4j12-1.7.25.jar:/home/user/.m2/repository/org/apache/avro/avro/1.7.7/avro-1.7.7.jar:/home/user/.m2/repository/com/thoughtworks/paranamer/paranamer/2.3/paranamer-2.3.jar:/home/user/.m2/repository/org/xerial/snappy/snappy-java/1.0.5/snappy-java-1.0.5.jar:/home/user/.m2/repository/com/google/re2j/re2j/1.1/re2j-1.1.jar:/home/user/.m2/repository/com/google/code/gson/gson/2.2.4/gson-2.2.4.jar:/home/user/.m2/repository/org/apache/hadoop/hadoop-auth/3.2.0/hadoop-auth-3.2.0.jar:/home/user/.m2/repository/com/nimbusds/nimbus-jose-jwt/4.41.1/nimbus-jose-jwt-4.41.1.jar:/home/user/.m2/repository/com/github/stephenc/jcip/jcip-annotations/1.0-1/jcip-annotations-1.0-1.jar:/home/user/.m2/repository/net/minidev/json-smart/2.3/json-smart-2.3.jar:/home/user/.m2/repository/net/minidev/accessors-smart/1.2/accessors-smart-1.2.jar:/home/user/.m2/repository/org/apache/curator/curator-framework/2.12.0/curator-framework-2.12.0.jar:/home/user/.m2/repository/com/jcraft/jsch/0.1.54/jsch-0.1.54.jar:/home/user/.m2/repository/org/apache/curator/curator-client/2.12.0/curator-client-2.12.0.jar:/home/user/.m2/repository/org/apache/curator/curator-recipes/2.12.0/curator-recipes-2.12.0.jar:/home/user/.m2/repository/com/google/code/findbugs/jsr305/3.0.0/jsr305-3.0.0.jar:/home/user/.m2/repository/org/apache/htrace/htrace-core4/4.1.0-incubating/htrace-core4-4.1.0-incubating.jar:/home/user/.m2/repository/org/apache/zookeeper/zookeeper/3.4.13/zookeeper-3.4.13.jar:/home/user/.m2/repository/jline/jline/0.9.94/jline-0.9.94.jar:/home/user/.m2/repository/org/apache/yetus/audience-annotations/0.5.0/audience-annotations-0.5.0.jar:/home/user/.m2/repository/org/apache/kerby/kerb-simplekdc/1.0.1/kerb-simplekdc-1.0.1.jar:/home/user/.m2/repository/org/apache/kerby/kerb-client/1.0.1/kerb-client-1.0.1.jar:/home/user/.m2/repository/org/apache/kerby/kerby-config/1.0.1/kerby-config-1.0.1.jar:/home/user/.m2/repository/org/apache/kerby/kerb-core/1.0.1/kerb-core-1.0.1.jar:/home/user/.m2/repository/org/apache/kerby/kerby-pkix/1.0.1/kerby-pkix-1.0.1.jar:/home/user/.m2/repository/org/apache/kerby/kerby-asn1/1.0.1/kerby-asn1-1.0.1.jar:/home/user/.m2/repository/org/apache/kerby/kerby-util/1.0.1/kerby-util-1.0.1.jar:/home/user/.m2/repository/org/apache/kerby/kerb-common/1.0.1/kerb-common-1.0.1.jar:/home/user/.m2/repository/org/apache/kerby/kerb-crypto/1.0.1/kerb-crypto-1.0.1.jar:/home/user/.m2/repository/org/apache/kerby/kerb-util/1.0.1/kerb-util-1.0.1.jar:/home/user/.m2/repository/org/apache/kerby/token-provider/1.0.1/token-provider-1.0.1.jar:/home/user/.m2/repository/org/apache/kerby/kerb-admin/1.0.1/kerb-admin-1.0.1.jar:/home/user/.m2/repository/org/apache/kerby/kerb-server/1.0.1/kerb-server-1.0.1.jar:/home/user/.m2/repository/org/apache/kerby/kerb-identity/1.0.1/kerb-identity-1.0.1.jar:/home/user/.m2/repository/org/apache/kerby/kerby-xdr/1.0.1/kerby-xdr-1.0.1.jar:/home/user/.m2/repository/com/fasterxml/jackson/core/jackson-databind/2.9.9/jackson-databind-2.9.9.jar:/home/user/.m2/repository/com/fasterxml/jackson/core/jackson-core/2.9.9/jackson-core-2.9.9.jar:/home/user/.m2/repository/org/codehaus/woodstox/stax2-api/3.1.4/stax2-api-3.1.4.jar:/home/user/.m2/repository/com/fasterxml/woodstox/woodstox-core/5.0.3/woodstox-core-5.0.3.jar:/home/user/.m2/repository/dnsjava/dnsjava/2.1.7/dnsjava-2.1.7.jar:/home/user/.m2/repository/org/apache/hadoop/hadoop-hdfs/3.2.0/hadoop-hdfs-3.2.0.jar:/home/user/.m2/repository/org/eclipse/jetty/jetty-util-ajax/9.3.25.v20180904/jetty-util-ajax-9.3.25.v20180904.jar:/home/user/.m2/repository/commons-daemon/commons-daemon/1.0.13/commons-daemon-1.0.13.jar:/home/user/.m2/repository/io/netty/netty/3.10.5.Final/netty-3.10.5.Final.jar:/home/user/.m2/repository/io/netty/netty-all/4.0.52.Final/netty-all-4.0.52.Final.jar:/home/user/.m2/repository/org/fusesource/leveldbjni/leveldbjni-all/1.8/leveldbjni-all-1.8.jar:/home/user/.m2/repository/com/sun/xml/bind/jaxb-core/2.3.0.1/jaxb-core-2.3.0.1.jar:/home/user/.m2/repository/javax/xml/bind/jaxb-api/2.3.0/jaxb-api-2.3.0.jar:/home/user/.m2/repository/javax/activation/activation/1.1.1/activation-1.1.1.jar:/home/user/.m2/repository/org/openjdk/jmh/jmh-core/1.19/jmh-core-1.19.jar:/home/user/.m2/repository/net/sf/jopt-simple/jopt-simple/4.6/jopt-simple-4.6.jar:/home/user/.m2/repository/org/openjdk/jmh/jmh-generator-annprocess/1.19/jmh-generator-annprocess-1.19.jar:/home/user/.m2/repository/io/dropwizard/metrics/metrics-core/3.2.4/metrics-core-3.2.4.jar:/home/user/.m2/repository/com/amazonaws/aws-java-sdk-s3/1.11.615/aws-java-sdk-s3-1.11.615.jar:/home/user/.m2/repository/com/amazonaws/aws-java-sdk-kms/1.11.615/aws-java-sdk-kms-1.11.615.jar:/home/user/.m2/repository/com/amazonaws/aws-java-sdk-core/1.11.615/aws-java-sdk-core-1.11.615.jar:/home/user/.m2/repository/software/amazon/ion/ion-java/1.0.2/ion-java-1.0.2.jar:/home/user/.m2/repository/com/fasterxml/jackson/dataformat/jackson-dataformat-cbor/2.9.9/jackson-dataformat-cbor-2.9.9.jar:/home/user/.m2/repository/joda-time/joda-time/2.9.9/joda-time-2.9.9.jar:/home/user/.m2/repository/com/amazonaws/jmespath-java/1.11.615/jmespath-java-1.11.615.jar:/home/user/.m2/repository/com/github/spotbugs/spotbugs/3.1.12/spotbugs-3.1.12.jar:/home/user/.m2/repository/org/ow2/asm/asm/5.0.4/asm-5.0.4.jar:/home/user/.m2/repository/org/ow2/asm/asm-analysis/7.0/asm-analysis-7.0.jar:/home/user/.m2/repository/org/ow2/asm/asm-commons/7.0/asm-commons-7.0.jar:/home/user/.m2/repository/org/ow2/asm/asm-tree/7.0/asm-tree-7.0.jar:/home/user/.m2/repository/org/ow2/asm/asm-util/7.0/asm-util-7.0.jar:/home/user/.m2/repository/org/apache/bcel/bcel/6.3/bcel-6.3.jar:/home/user/.m2/repository/net/jcip/jcip-annotations/1.0/jcip-annotations-1.0.jar:/home/user/.m2/repository/org/dom4j/dom4j/2.1.1/dom4j-2.1.1.jar:/home/user/.m2/repository/jaxen/jaxen/1.1.6/jaxen-1.1.6.jar:/home/user/.m2/repository/commons-lang/commons-lang/2.6/commons-lang-2.6.jar:/home/user/.m2/repository/com/github/spotbugs/spotbugs-annotations/3.1.12/spotbugs-annotations-3.1.12.jar:/home/user/.m2/repository/junit/junit/4.11/junit-4.11.jar:/home/user/.m2/repository/org/hamcrest/hamcrest-core/1.3/hamcrest-core-1.3.jar:/home/user/.m2/repository/org/apache/hadoop/hadoop-common/3.2.0/hadoop-common-3.2.0-tests.jar:/workdir/hadoop-ozone/integration-test/target/test-classes:/home/user/.m2/repository/org/apache/hadoop/hadoop-ozone-s3gateway/0.5.0-SNAPSHOT/hadoop-ozone-s3gateway-0.5.0-SNAPSHOT.jar:/home/user/.m2/repository/org/jboss/weld/servlet/weld-servlet/2.4.7.Final/weld-servlet-2.4.7.Final.jar:/home/user/.m2/repository/org/glassfish/jersey/containers/jersey-container-servlet-core/2.27/jersey-container-servlet-core-2.27.jar:/home/user/.m2/repository/org/glassfish/hk2/external/javax.inject/2.5.0-b42/javax.inject-2.5.0-b42.jar:/home/user/.m2/repository/org/glassfish/jersey/core/jersey-common/2.27/jersey-common-2.27.jar:/home/user/.m2/repository/org/glassfish/hk2/osgi-resource-locator/1.0.1/osgi-resource-locator-1.0.1.jar:/home/user/.m2/repository/javax/ws/rs/javax.ws.rs-api/2.1/javax.ws.rs-api-2.1.jar:/home/user/.m2/repository/org/glassfish/jersey/ext/cdi/jersey-cdi1x/2.27/jersey-cdi1x-2.27.jar:/home/user/.m2/repository/org/glassfish/jersey/inject/jersey-hk2/2.27/jersey-hk2-2.27.jar:/home/user/.m2/repository/org/glassfish/hk2/hk2-locator/2.5.0-b42/hk2-locator-2.5.0-b42.jar:/home/user/.m2/repository/org/javassist/javassist/3.22.0-CR2/javassist-3.22.0-CR2.jar:/home/user/.m2/repository/org/glassfish/hk2/hk2-api/2.5.0/hk2-api-2.5.0.jar:/home/user/.m2/repository/org/glassfish/hk2/external/jakarta.inject/2.5.0/jakarta.inject-2.5.0.jar:/home/user/.m2/repository/org/glassfish/hk2/hk2-utils/2.5.0/hk2-utils-2.5.0.jar:/home/user/.m2/repository/jakarta/annotation/jakarta.annotation-api/1.3.4/jakarta.annotation-api-1.3.4.jar:/home/user/.m2/repository/org/glassfish/hk2/external/aopalliance-repackaged/2.5.0/aopalliance-repackaged-2.5.0.jar:/home/user/.m2/repository/com/fasterxml/jackson/dataformat/jackson-dataformat-xml/2.9.0/jackson-dataformat-xml-2.9.0.jar:/home/user/.m2/repository/com/fasterxml/jackson/module/jackson-module-jaxb-annotations/2.9.9/jackson-module-jaxb-annotations-2.9.9.jar:/home/user/.m2/repository/javax/enterprise/cdi-api/1.2/cdi-api-1.2.jar:/home/user/.m2/repository/javax/el/javax.el-api/3.0.0/javax.el-api-3.0.0.jar:/home/user/.m2/repository/javax/interceptor/javax.interceptor-api/1.2/javax.interceptor-api-1.2.jar:/home/user/.m2/repository/javax/inject/javax.inject/1/javax.inject-1.jar:/home/user/.m2/repository/org/apache/hadoop/hadoop-ozone-csi/0.5.0-SNAPSHOT/hadoop-ozone-csi-0.5.0-SNAPSHOT.jar:/home/user/.m2/repository/com/google/protobuf/protobuf-java-util/3.5.1/protobuf-java-util-3.5.1.jar:/home/user/.m2/repository/io/grpc/grpc-netty/1.17.1/grpc-netty-1.17.1.jar:/home/user/.m2/repository/io/grpc/grpc-core/1.17.1/grpc-core-1.17.1.jar:/home/user/.m2/repository/io/grpc/grpc-context/1.17.1/grpc-context-1.17.1.jar:/home/user/.m2/repository/com/google/errorprone/error_prone_annotations/2.2.0/error_prone_annotations-2.2.0.jar:/home/user/.m2/repository/org/codehaus/mojo/animal-sniffer-annotations/1.17/animal-sniffer-annotations-1.17.jar:/home/user/.m2/repository/io/opencensus/opencensus-api/0.17.0/opencensus-api-0.17.0.jar:/home/user/.m2/repository/io/opencensus/opencensus-contrib-grpc-metrics/0.17.0/opencensus-contrib-grpc-metrics-0.17.0.jar:/home/user/.m2/repository/io/netty/netty-codec-http2/4.1.30.Final/netty-codec-http2-4.1.30.Final.jar:/home/user/.m2/repository/io/netty/netty-codec-http/4.1.30.Final/netty-codec-http-4.1.30.Final.jar:/home/user/.m2/repository/io/netty/netty-codec/4.1.30.Final/netty-codec-4.1.30.Final.jar:/home/user/.m2/repository/io/netty/netty-handler/4.1.30.Final/netty-handler-4.1.30.Final.jar:/home/user/.m2/repository/io/netty/netty-handler-proxy/4.1.30.Final/netty-handler-proxy-4.1.30.Final.jar:/home/user/.m2/repository/io/netty/netty-codec-socks/4.1.30.Final/netty-codec-socks-4.1.30.Final.jar:/home/user/.m2/repository/io/netty/netty-transport-native-epoll/4.1.30.Final/netty-transport-native-epoll-4.1.30.Final.jar:/home/user/.m2/repository/io/netty/netty-common/4.1.30.Final/netty-common-4.1.30.Final.jar:/home/user/.m2/repository/io/netty/netty-buffer/4.1.30.Final/netty-buffer-4.1.30.Final.jar:/home/user/.m2/repository/io/netty/netty-transport/4.1.30.Final/netty-transport-4.1.30.Final.jar:/home/user/.m2/repository/io/netty/netty-resolver/4.1.30.Final/netty-resolver-4.1.30.Final.jar:/home/user/.m2/repository/io/netty/netty-transport-native-unix-common/4.1.30.Final/netty-transport-native-unix-common-4.1.30.Final.jar:/home/user/.m2/repository/io/grpc/grpc-protobuf/1.17.1/grpc-protobuf-1.17.1.jar:/home/user/.m2/repository/com/google/api/grpc/proto-google-common-protos/1.0.0/proto-google-common-protos-1.0.0.jar:/home/user/.m2/repository/io/grpc/grpc-protobuf-lite/1.17.1/grpc-protobuf-lite-1.17.1.jar:/home/user/.m2/repository/io/grpc/grpc-stub/1.17.1/grpc-stub-1.17.1.jar:/home/user/.m2/repository/org/apache/hadoop/hadoop-ozone-recon/0.5.0-SNAPSHOT/hadoop-ozone-recon-0.5.0-SNAPSHOT.jar:/home/user/.m2/repository/org/apache/hadoop/hadoop-ozone-reconcodegen/0.5.0-SNAPSHOT/hadoop-ozone-reconcodegen-0.5.0-SNAPSHOT.jar:/home/user/.m2/repository/com/google/inject/extensions/guice-multibindings/4.0/guice-multibindings-4.0.jar:/home/user/.m2/repository/com/google/inject/guice/4.0/guice-4.0.jar:/home/user/.m2/repository/aopalliance/aopalliance/1.0/aopalliance-1.0.jar:/home/user/.m2/repository/com/google/inject/extensions/guice-servlet/4.0/guice-servlet-4.0.jar:/home/user/.m2/repository/org/glassfish/jersey/containers/jersey-container-servlet/2.27/jersey-container-servlet-2.27.jar:/home/user/.m2/repository/org/glassfish/hk2/guice-bridge/2.5.0/guice-bridge-2.5.0.jar:/home/user/.m2/repository/org/glassfish/jersey/core/jersey-server/2.27/jersey-server-2.27.jar:/home/user/.m2/repository/org/glassfish/jersey/core/jersey-client/2.27/jersey-client-2.27.jar:/home/user/.m2/repository/org/glassfish/jersey/media/jersey-media-jaxb/2.27/jersey-media-jaxb-2.27.jar:/home/user/.m2/repository/javax/validation/validation-api/1.1.0.Final/validation-api-1.1.0.Final.jar:/home/user/.m2/repository/org/glassfish/jersey/media/jersey-media-json-jackson/2.27/jersey-media-json-jackson-2.27.jar:/home/user/.m2/repository/org/glassfish/jersey/ext/jersey-entity-filtering/2.27/jersey-entity-filtering-2.27.jar:/home/user/.m2/repository/com/google/inject/extensions/guice-assistedinject/4.0/guice-assistedinject-4.0.jar:/home/user/.m2/repository/org/jooq/jooq/3.11.10/jooq-3.11.10.jar:/home/user/.m2/repository/org/jooq/jooq-meta/3.11.10/jooq-meta-3.11.10.jar:/home/user/.m2/repository/org/jooq/jooq-codegen/3.11.10/jooq-codegen-3.11.10.jar:/home/user/.m2/repository/com/jolbox/bonecp/0.8.0.RELEASE/bonecp-0.8.0.RELEASE.jar:/home/user/.m2/repository/org/springframework/spring-jdbc/5.1.3.RELEASE/spring-jdbc-5.1.3.RELEASE.jar:/home/user/.m2/repository/org/springframework/spring-beans/5.1.3.RELEASE/spring-beans-5.1.3.RELEASE.jar:/home/user/.m2/repository/org/springframework/spring-core/5.1.3.RELEASE/spring-core-5.1.3.RELEASE.jar:/home/user/.m2/repository/org/springframework/spring-jcl/5.1.3.RELEASE/spring-jcl-5.1.3.RELEASE.jar:/home/user/.m2/repository/org/springframework/spring-tx/5.1.3.RELEASE/spring-tx-5.1.3.RELEASE.jar:/home/user/.m2/repository/org/mockito/mockito-core/2.15.0/mockito-core-2.15.0.jar:/home/user/.m2/repository/net/bytebuddy/byte-buddy/1.7.9/byte-buddy-1.7.9.jar:/home/user/.m2/repository/net/bytebuddy/byte-buddy-agent/1.7.9/byte-buddy-agent-1.7.9.jar:/home/user/.m2/repository/org/objenesis/objenesis/1.0/objenesis-1.0.jar:"/>
    <property name="sun.cpu.endian" value="little"/>
    <property name="user.home" value="/home/user"/>
    <property name="user.language" value="en"/>
    <property name="java.specification.vendor" value="Oracle Corporation"/>
    <property name="java.home" value="/usr/lib/jvm/java-1.8.0-openjdk-1.8.0.222.b10-1.el7_7.x86_64/jre"/>
    <property name="surefire.excludesFile" value="/tools/ozone-bad-unit-tests"/>
    <property name="java.security.krb5.conf" value="/workdir/hadoop-ozone/tools/target/test-classes/krb5.conf"/>
    <property name="basedir" value="/workdir/hadoop-ozone/tools"/>
    <property name="file.separator" value="/"/>
    <property name="line.separator" value="&#10;"/>
    <property name="java.vm.specification.vendor" value="Oracle Corporation"/>
    <property name="java.specification.name" value="Java Platform API Specification"/>
    <property name="java.awt.graphicsenv" value="sun.awt.X11GraphicsEnvironment"/>
    <property name="surefire.real.class.path" value="/workdir/hadoop-ozone/tools/target/surefire/surefirebooter2276485625516282134.jar"/>
    <property name="hadoop.log.dir" value="/workdir/hadoop-ozone/tools/target/log"/>
    <property name="sun.boot.class.path" value="/usr/lib/jvm/java-1.8.0-openjdk-1.8.0.222.b10-1.el7_7.x86_64/jre/lib/resources.jar:/usr/lib/jvm/java-1.8.0-openjdk-1.8.0.222.b10-1.el7_7.x86_64/jre/lib/rt.jar:/usr/lib/jvm/java-1.8.0-openjdk-1.8.0.222.b10-1.el7_7.x86_64/jre/lib/sunrsasign.jar:/usr/lib/jvm/java-1.8.0-openjdk-1.8.0.222.b10-1.el7_7.x86_64/jre/lib/jsse.jar:/usr/lib/jvm/java-1.8.0-openjdk-1.8.0.222.b10-1.el7_7.x86_64/jre/lib/jce.jar:/usr/lib/jvm/java-1.8.0-openjdk-1.8.0.222.b10-1.el7_7.x86_64/jre/lib/charsets.jar:/usr/lib/jvm/java-1.8.0-openjdk-1.8.0.222.b10-1.el7_7.x86_64/jre/lib/jfr.jar:/usr/lib/jvm/java-1.8.0-openjdk-1.8.0.222.b10-1.el7_7.x86_64/jre/classes"/>
    <property name="sun.management.compiler" value="HotSpot 64-Bit Tiered Compilers"/>
    <property name="java.runtime.version" value="1.8.0_222-b10"/>
    <property name="java.net.preferIPv4Stack" value="true"/>
    <property name="user.name" value="jenkins1000"/>
    <property name="path.separator" value=":"/>
    <property name="java.security.egd" value="file:///dev/urandom"/>
    <property name="os.version" value="3.10.0-957.12.2.el7.x86_64"/>
    <property name="java.endorsed.dirs" value="/usr/lib/jvm/java-1.8.0-openjdk-1.8.0.222.b10-1.el7_7.x86_64/jre/lib/endorsed"/>
    <property name="java.runtime.name" value="OpenJDK Runtime Environment"/>
    <property name="file.encoding" value="ANSI_X3.4-1968"/>
    <property name="java.vm.name" value="OpenJDK 64-Bit Server VM"/>
    <property name="test.build.webapps" value=""/>
    <property name="localRepository" value="/home/user/.m2/repository"/>
    <property name="java.vendor.url.bug" value="http://bugreport.sun.com/bugreport/"/>
    <property name="java.io.tmpdir" value="/tmp"/>
    <property name="require.test.libhadoop" value=""/>
    <property name="java.version" value="1.8.0_222"/>
    <property name="user.dir" value="/workdir/hadoop-ozone/tools"/>
    <property name="os.arch" value="amd64"/>
    <property name="java.vm.specification.name" value="Java Virtual Machine Specification"/>
    <property name="test.build.classes" value="/workdir/hadoop-ozone/tools/target/test-classes"/>
    <property name="java.awt.printerjob" value="sun.print.PSPrinterJob"/>
    <property name="sun.os.patch.level" value="unknown"/>
    <property name="hadoop.tmp.dir" value="/workdir/hadoop-ozone/tools/target/tmp"/>
    <property name="java.library.path" value="/usr/lib:/workdir/hadoop-ozone/tools/target/native/target/usr/local/lib:/workdir/hadoop-ozone/tools/../../hadoop-common-project/hadoop-common/target/native/target/usr/local/lib:/usr/java/packages/lib/amd64:/usr/lib64:/lib64:/lib:/usr/lib"/>
    <property name="java.vm.info" value="mixed mode"/>
    <property name="java.vendor" value="Oracle Corporation"/>
    <property name="java.vm.version" value="25.222-b10"/>
    <property name="java.ext.dirs" value="/usr/lib/jvm/java-1.8.0-openjdk-1.8.0.222.b10-1.el7_7.x86_64/jre/lib/ext:/usr/java/packages/lib/ext"/>
    <property name="sun.io.unicode.encoding" value="UnicodeLittle"/>
    <property name="java.class.version" value="52.0"/>
  </properties>
  <testcase name="testRestart" classname="org.apache.hadoop.ozone.freon.TestFreonWithPipelineDestroy" time="19.193">
    <error message="INTERNAL_ERROR org.apache.hadoop.ozone.om.exceptions.OMException: Allocated 0 blocks. Requested 5 blocks" type="java.lang.RuntimeException">java.lang.RuntimeException: INTERNAL_ERROR org.apache.hadoop.ozone.om.exceptions.OMException: Allocated 0 blocks. Requested 5 blocks
	at org.apache.hadoop.ozone.freon.RandomKeyGenerator.call(RandomKeyGenerator.java:341)
	at org.apache.hadoop.ozone.freon.TestFreonWithPipelineDestroy.startFreon(TestFreonWithPipelineDestroy.java:87)
	at org.apache.hadoop.ozone.freon.TestFreonWithPipelineDestroy.testRestart(TestFreonWithPipelineDestroy.java:74)
	at sun.reflect.NativeMethodAccessorImpl.invoke0(Native Method)
	at sun.reflect.NativeMethodAccessorImpl.invoke(NativeMethodAccessorImpl.java:62)
	at sun.reflect.DelegatingMethodAccessorImpl.invoke(DelegatingMethodAccessorImpl.java:43)
	at java.lang.reflect.Method.invoke(Method.java:498)
	at org.junit.runners.model.FrameworkMethod$1.runReflectiveCall(FrameworkMethod.java:47)
	at org.junit.internal.runners.model.ReflectiveCallable.run(ReflectiveCallable.java:12)
	at org.junit.runners.model.FrameworkMethod.invokeExplosively(FrameworkMethod.java:44)
	at org.junit.internal.runners.statements.InvokeMethod.evaluate(InvokeMethod.java:17)
	at org.junit.runners.ParentRunner.runLeaf(ParentRunner.java:271)
	at org.junit.runners.BlockJUnit4ClassRunner.runChild(BlockJUnit4ClassRunner.java:70)
	at org.junit.runners.BlockJUnit4ClassRunner.runChild(BlockJUnit4ClassRunner.java:50)
	at org.junit.runners.ParentRunner$3.run(ParentRunner.java:238)
	at org.junit.runners.ParentRunner$1.schedule(ParentRunner.java:63)
	at org.junit.runners.ParentRunner.runChildren(ParentRunner.java:236)
	at org.junit.runners.ParentRunner.access$000(ParentRunner.java:53)
	at org.junit.runners.ParentRunner$2.evaluate(ParentRunner.java:229)
	at org.junit.internal.runners.statements.RunBefores.evaluate(RunBefores.java:26)
	at org.junit.internal.runners.statements.RunAfters.evaluate(RunAfters.java:27)
	at org.junit.runners.ParentRunner.run(ParentRunner.java:309)
	at org.apache.maven.surefire.junit4.JUnit4Provider.execute(JUnit4Provider.java:365)
	at org.apache.maven.surefire.junit4.JUnit4Provider.executeWithRerun(JUnit4Provider.java:273)
	at org.apache.maven.surefire.junit4.JUnit4Provider.executeTestSet(JUnit4Provider.java:238)
	at org.apache.maven.surefire.junit4.JUnit4Provider.invoke(JUnit4Provider.java:159)
	at org.apache.maven.surefire.booter.ForkedBooter.invokeProviderInSameClassLoader(ForkedBooter.java:384)
	at org.apache.maven.surefire.booter.ForkedBooter.runSuitesInProcess(ForkedBooter.java:345)
	at org.apache.maven.surefire.booter.ForkedBooter.execute(ForkedBooter.java:126)
	at org.apache.maven.surefire.booter.ForkedBooter.main(ForkedBooter.java:418)
Caused by: INTERNAL_ERROR org.apache.hadoop.ozone.om.exceptions.OMException: Allocated 0 blocks. Requested 5 blocks
	at org.apache.hadoop.ozone.om.protocolPB.OzoneManagerProtocolClientSideTranslatorPB.handleError(OzoneManagerProtocolClientSideTranslatorPB.java:761)
	at org.apache.hadoop.ozone.om.protocolPB.OzoneManagerProtocolClientSideTranslatorPB.openKey(OzoneManagerProtocolClientSideTranslatorPB.java:752)
	at sun.reflect.NativeMethodAccessorImpl.invoke0(Native Method)
	at sun.reflect.NativeMethodAccessorImpl.invoke(NativeMethodAccessorImpl.java:62)
	at sun.reflect.DelegatingMethodAccessorImpl.invoke(DelegatingMethodAccessorImpl.java:43)
	at java.lang.reflect.Method.invoke(Method.java:498)
	at org.apache.hadoop.hdds.tracing.TraceAllMethod.invoke(TraceAllMethod.java:66)
	at com.sun.proxy.$Proxy37.openKey(Unknown Source)
	at org.apache.hadoop.ozone.client.rpc.RpcClient.createKey(RpcClient.java:633)
	at org.apache.hadoop.ozone.client.OzoneBucket.createKey(OzoneBucket.java:325)
	at org.apache.hadoop.ozone.freon.RandomKeyGenerator.createKey(RandomKeyGenerator.java:697)
	at org.apache.hadoop.ozone.freon.RandomKeyGenerator.access$1100(RandomKeyGenerator.java:88)
	at org.apache.hadoop.ozone.freon.RandomKeyGenerator$ObjectCreator.run(RandomKeyGenerator.java:615)
	at java.util.concurrent.Executors$RunnableAdapter.call(Executors.java:511)
	at java.util.concurrent.FutureTask.run(FutureTask.java:266)
	at java.util.concurrent.ThreadPoolExecutor.runWorker(ThreadPoolExecutor.java:1149)
	at java.util.concurrent.ThreadPoolExecutor$Worker.run(ThreadPoolExecutor.java:624)
	at java.lang.Thread.run(Thread.java:748)
</error>
    <system-out><![CDATA[2019-11-19 09:03:07,409 [main] WARN  server.ServerUtils (ServerUtils.java:getScmDbDir(145)) - ozone.scm.db.dirs is not configured. We recommend adding this setting. Falling back to ozone.metadata.dirs instead.
2019-11-19 09:03:07,534 [main] WARN  server.ServerUtils (ServerUtils.java:getScmDbDir(145)) - ozone.scm.db.dirs is not configured. We recommend adding this setting. Falling back to ozone.metadata.dirs instead.
2019-11-19 09:03:07,538 [main] WARN  server.ServerUtils (ServerUtils.java:getScmDbDir(145)) - ozone.scm.db.dirs is not configured. We recommend adding this setting. Falling back to ozone.metadata.dirs instead.
2019-11-19 09:03:07,568 [main] INFO  util.log (Log.java:initialized(192)) - Logging initialized @866ms
2019-11-19 09:03:07,666 [main] INFO  db.DBStoreBuilder (DBStoreBuilder.java:addTable(127)) - using custom profile for table: deletedBlocks
2019-11-19 09:03:07,666 [main] INFO  db.DBStoreBuilder (DBStoreBuilder.java:processTables(183)) - Using default column profile:DBProfile.DISK for Table:deletedBlocks
2019-11-19 09:03:07,667 [main] INFO  db.DBStoreBuilder (DBStoreBuilder.java:addTable(127)) - using custom profile for table: validCerts
2019-11-19 09:03:07,667 [main] INFO  db.DBStoreBuilder (DBStoreBuilder.java:processTables(183)) - Using default column profile:DBProfile.DISK for Table:validCerts
2019-11-19 09:03:07,667 [main] INFO  db.DBStoreBuilder (DBStoreBuilder.java:addTable(127)) - using custom profile for table: revokedCerts
2019-11-19 09:03:07,667 [main] INFO  db.DBStoreBuilder (DBStoreBuilder.java:processTables(183)) - Using default column profile:DBProfile.DISK for Table:revokedCerts
2019-11-19 09:03:07,679 [main] INFO  db.DBStoreBuilder (DBStoreBuilder.java:addTable(127)) - using custom profile for table: default
2019-11-19 09:03:07,679 [main] INFO  db.DBStoreBuilder (DBStoreBuilder.java:processTables(189)) - Using default column profile:DBProfile.DISK for Table:default
2019-11-19 09:03:07,680 [main] INFO  db.DBStoreBuilder (DBStoreBuilder.java:getDbProfile(220)) - Using default options. DBProfile.DISK
2019-11-19 09:03:08,112 [main] INFO  net.NodeSchemaLoader (NodeSchemaLoader.java:loadSchemaFromFile(125)) - Loading file from sun.misc.CompoundEnumeration@5e0e82ae
2019-11-19 09:03:08,115 [main] INFO  net.NodeSchemaLoader (NodeSchemaLoader.java:loadSchema(171)) - Loading network topology layer schema file
2019-11-19 09:03:08,177 [main] INFO  node.SCMNodeManager (SCMNodeManager.java:<init>(116)) - Entering startup safe mode.
2019-11-19 09:03:08,238 [main] INFO  algorithms.ContainerPlacementPolicyFactory (ContainerPlacementPolicyFactory.java:getPolicy(57)) - Create container placement policy of type org.apache.hadoop.hdds.scm.container.placement.algorithms.SCMContainerPlacementRandom
2019-11-19 09:03:08,252 [main] WARN  server.ServerUtils (ServerUtils.java:getScmDbDir(145)) - ozone.scm.db.dirs is not configured. We recommend adding this setting. Falling back to ozone.metadata.dirs instead.
2019-11-19 09:03:08,344 [main] INFO  pipeline.SCMPipelineManager (SCMPipelineManager.java:initializePipelineState(136)) - No pipeline exists in current db
2019-11-19 09:03:08,347 [main] WARN  server.ServerUtils (ServerUtils.java:getScmDbDir(145)) - ozone.scm.db.dirs is not configured. We recommend adding this setting. Falling back to ozone.metadata.dirs instead.
2019-11-19 09:03:08,600 [main] INFO  safemode.HealthyPipelineSafeModeRule (HealthyPipelineSafeModeRule.java:<init>(92)) -  Total pipeline count is 0, healthy pipeline threshold count is 1
2019-11-19 09:03:08,604 [main] INFO  safemode.OneReplicaPipelineSafeModeRule (OneReplicaPipelineSafeModeRule.java:<init>(79)) - Total pipeline count is 0, pipeline's with at least one datanode reported threshold count is 0
2019-11-19 09:03:08,605 [main] WARN  events.EventQueue (EventQueue.java:fireEvent(183)) - No event handler registered for event TypedEvent{payloadType=SafeModeStatus, name='SafeModeStatus'}
2019-11-19 09:03:09,004 [main] INFO  ipc.CallQueueManager (CallQueueManager.java:<init>(84)) - Using callQueue: class java.util.concurrent.LinkedBlockingQueue, queueCapacity: 2000, scheduler: class org.apache.hadoop.ipc.DefaultRpcScheduler, ipcBackoff: false.
2019-11-19 09:03:09,163 [Socket Reader #1 for port 33463] INFO  ipc.Server (Server.java:run(1074)) - Starting Socket Reader #1 for port 33463
2019-11-19 09:03:09,203 [main] INFO  ipc.CallQueueManager (CallQueueManager.java:<init>(84)) - Using callQueue: class java.util.concurrent.LinkedBlockingQueue, queueCapacity: 2000, scheduler: class org.apache.hadoop.ipc.DefaultRpcScheduler, ipcBackoff: false.
2019-11-19 09:03:09,205 [Socket Reader #1 for port 45281] INFO  ipc.Server (Server.java:run(1074)) - Starting Socket Reader #1 for port 45281
2019-11-19 09:03:09,215 [main] INFO  ipc.CallQueueManager (CallQueueManager.java:<init>(84)) - Using callQueue: class java.util.concurrent.LinkedBlockingQueue, queueCapacity: 2000, scheduler: class org.apache.hadoop.ipc.DefaultRpcScheduler, ipcBackoff: false.
2019-11-19 09:03:09,216 [Socket Reader #1 for port 35558] INFO  ipc.Server (Server.java:run(1074)) - Starting Socket Reader #1 for port 35558
2019-11-19 09:03:09,247 [main] INFO  hdfs.DFSUtil (DFSUtil.java:httpServerTemplateForNNAndJN(1641)) - Starting Web-server for scm at: http://0.0.0.0:0
2019-11-19 09:03:09,383 [main] INFO  server.AuthenticationFilter (AuthenticationFilter.java:constructSecretProvider(240)) - Unable to initialize FileSignerSecretProvider, falling back to use random secrets.
2019-11-19 09:03:09,399 [main] WARN  http.HttpRequestLog (HttpRequestLog.java:getRequestLog(97)) - Jetty request log can only be enabled using Log4j
2019-11-19 09:03:09,408 [main] INFO  http.HttpServer2 (HttpServer2.java:addGlobalFilter(975)) - Added global filter 'safety' (class=org.apache.hadoop.http.HttpServer2$QuotingInputFilter)
2019-11-19 09:03:09,411 [main] INFO  http.HttpServer2 (HttpServer2.java:addFilter(948)) - Added filter static_user_filter (class=org.apache.hadoop.http.lib.StaticUserWebFilter$StaticUserFilter) to context scm
2019-11-19 09:03:09,411 [main] INFO  http.HttpServer2 (HttpServer2.java:addFilter(958)) - Added filter static_user_filter (class=org.apache.hadoop.http.lib.StaticUserWebFilter$StaticUserFilter) to context static
2019-11-19 09:03:09,412 [main] INFO  http.HttpServer2 (HttpServer2.java:addFilter(958)) - Added filter static_user_filter (class=org.apache.hadoop.http.lib.StaticUserWebFilter$StaticUserFilter) to context logs
2019-11-19 09:03:09,439 [main] INFO  server.StorageContainerManager (StorageContainerManager.java:start(765)) - StorageContainerLocationProtocol RPC server is listening at /0.0.0.0:35558
2019-11-19 09:03:09,488 [main] WARN  impl.MetricsConfig (MetricsConfig.java:loadFirst(134)) - Cannot locate configuration: tried hadoop-metrics2-storagecontainermanager.properties,hadoop-metrics2.properties
2019-11-19 09:03:09,501 [main] INFO  impl.MetricsSystemImpl (MetricsSystemImpl.java:startTimer(374)) - Scheduled Metric snapshot period at 10 second(s).
2019-11-19 09:03:09,501 [main] INFO  impl.MetricsSystemImpl (MetricsSystemImpl.java:start(191)) - StorageContainerManager metrics system started
2019-11-19 09:03:09,724 [main] INFO  server.SCMClientProtocolServer (SCMClientProtocolServer.java:start(160)) - RPC server for Client  is listening at /0.0.0.0:35558
2019-11-19 09:03:09,725 [IPC Server Responder] INFO  ipc.Server (Server.java:run(1314)) - IPC Server Responder: starting
2019-11-19 09:03:09,725 [IPC Server listener on 35558] INFO  ipc.Server (Server.java:run(1153)) - IPC Server listener on 35558: starting
2019-11-19 09:03:09,728 [main] INFO  server.StorageContainerManager (StorageContainerManager.java:start(775)) - ScmBlockLocationProtocol RPC server is listening at /0.0.0.0:45281
2019-11-19 09:03:09,728 [main] INFO  server.SCMBlockProtocolServer (SCMBlockProtocolServer.java:start(146)) - RPC server for Block Protocol is listening at /0.0.0.0:45281
2019-11-19 09:03:09,729 [IPC Server Responder] INFO  ipc.Server (Server.java:run(1314)) - IPC Server Responder: starting
2019-11-19 09:03:09,729 [IPC Server listener on 45281] INFO  ipc.Server (Server.java:run(1153)) - IPC Server listener on 45281: starting
2019-11-19 09:03:09,731 [main] INFO  server.StorageContainerManager (StorageContainerManager.java:start(779)) - ScmDatanodeProtocl RPC server is listening at /0.0.0.0:33463
2019-11-19 09:03:09,731 [main] INFO  server.SCMDatanodeProtocolServer (SCMDatanodeProtocolServer.java:start(177)) - RPC server for DataNodes is listening at /0.0.0.0:33463
2019-11-19 09:03:09,732 [IPC Server Responder] INFO  ipc.Server (Server.java:run(1314)) - IPC Server Responder: starting
2019-11-19 09:03:09,732 [IPC Server listener on 33463] INFO  ipc.Server (Server.java:run(1153)) - IPC Server listener on 33463: starting
2019-11-19 09:03:09,736 [main] INFO  http.HttpServer2 (HttpServer2.java:bindListener(1191)) - Jetty bound to port 39921
2019-11-19 09:03:09,738 [main] INFO  server.Server (Server.java:doStart(351)) - jetty-9.3.25.v20180904, build timestamp: 2018-09-04T21:11:46Z, git hash: 3ce520221d0240229c862b122d2b06c12a625732
2019-11-19 09:03:09,776 [main] INFO  handler.ContextHandler (ContextHandler.java:doStart(781)) - Started o.e.j.s.ServletContextHandler@4bff64c2{/logs,file:///workdir/hadoop-ozone/tools/target/log,AVAILABLE}
2019-11-19 09:03:09,777 [main] INFO  handler.ContextHandler (ContextHandler.java:doStart(781)) - Started o.e.j.s.ServletContextHandler@3cc41abc{/static,jar:file:/home/user/.m2/repository/org/apache/hadoop/hadoop-hdds-server-scm/0.5.0-SNAPSHOT/hadoop-hdds-server-scm-0.5.0-SNAPSHOT.jar!/webapps/static,AVAILABLE}
2019-11-19 09:03:09,849 [main] INFO  handler.ContextHandler (ContextHandler.java:doStart(781)) - Started o.e.j.w.WebAppContext@5922ae77{/,file:///tmp/jetty-0.0.0.0-39921-scm-_-any-3334725900427931749.dir/webapp/,AVAILABLE}{/scm}
2019-11-19 09:03:09,854 [main] INFO  server.AbstractConnector (AbstractConnector.java:doStart(278)) - Started ServerConnector@21362712{HTTP/1.1,[http/1.1]}{0.0.0.0:39921}
2019-11-19 09:03:09,854 [main] INFO  server.Server (Server.java:doStart(419)) - Started @3152ms
2019-11-19 09:03:09,856 [main] INFO  impl.MetricsSinkAdapter (MetricsSinkAdapter.java:start(204)) - Sink prometheus started
2019-11-19 09:03:09,856 [main] INFO  impl.MetricsSystemImpl (MetricsSystemImpl.java:registerSink(301)) - Registered sink prometheus
2019-11-19 09:03:09,859 [main] INFO  server.BaseHttpServer (BaseHttpServer.java:updateConnectorAddress(215)) - HTTP server of SCM is listening at http://0.0.0.0:39921
2019-11-19 09:03:09,866 [org.apache.hadoop.util.JvmPauseMonitor$Monitor@56b78e55] INFO  util.JvmPauseMonitor (JvmPauseMonitor.java:run(188)) - Starting JVM pause monitor
2019-11-19 09:03:09,869 [main] WARN  server.ServerUtils (ServerUtils.java:getDBPath(222)) - ozone.om.db.dirs is not configured. We recommend adding this setting. Falling back to ozone.metadata.dirs instead.
2019-11-19 09:03:09,964 [main] INFO  ha.OMHANodeDetails (OMHANodeDetails.java:loadOMHAConfig(190)) - Configuration either no ozone.om.address set. Falling back to the default OM address /127.0.0.1:0
2019-11-19 09:03:09,964 [main] INFO  ha.OMHANodeDetails (OMHANodeDetails.java:getOMNodeDetails(220)) - OM Service ID is not set. Setting it to the default ID: omServiceIdDefault
2019-11-19 09:03:09,966 [main] WARN  server.ServerUtils (ServerUtils.java:getDBPath(222)) - ozone.om.db.dirs is not configured. We recommend adding this setting. Falling back to ozone.metadata.dirs instead.
2019-11-19 09:03:09,966 [main] WARN  server.ServerUtils (ServerUtils.java:getDBPath(222)) - ozone.om.db.dirs is not configured. We recommend adding this setting. Falling back to ozone.metadata.dirs instead.
2019-11-19 09:03:10,602 [main] WARN  server.ServerUtils (ServerUtils.java:getDBPath(222)) - ozone.om.db.dirs is not configured. We recommend adding this setting. Falling back to ozone.metadata.dirs instead.
2019-11-19 09:03:10,610 [main] INFO  db.DBStoreBuilder (DBStoreBuilder.java:addTable(127)) - using custom profile for table: userTable
2019-11-19 09:03:10,610 [main] INFO  db.DBStoreBuilder (DBStoreBuilder.java:processTables(183)) - Using default column profile:DBProfile.DISK for Table:userTable
2019-11-19 09:03:10,610 [main] INFO  db.DBStoreBuilder (DBStoreBuilder.java:addTable(127)) - using custom profile for table: volumeTable
2019-11-19 09:03:10,611 [main] INFO  db.DBStoreBuilder (DBStoreBuilder.java:processTables(183)) - Using default column profile:DBProfile.DISK for Table:volumeTable
2019-11-19 09:03:10,611 [main] INFO  db.DBStoreBuilder (DBStoreBuilder.java:addTable(127)) - using custom profile for table: bucketTable
2019-11-19 09:03:10,611 [main] INFO  db.DBStoreBuilder (DBStoreBuilder.java:processTables(183)) - Using default column profile:DBProfile.DISK for Table:bucketTable
2019-11-19 09:03:10,611 [main] INFO  db.DBStoreBuilder (DBStoreBuilder.java:addTable(127)) - using custom profile for table: keyTable
2019-11-19 09:03:10,611 [main] INFO  db.DBStoreBuilder (DBStoreBuilder.java:processTables(183)) - Using default column profile:DBProfile.DISK for Table:keyTable
2019-11-19 09:03:10,612 [main] INFO  db.DBStoreBuilder (DBStoreBuilder.java:addTable(127)) - using custom profile for table: deletedTable
2019-11-19 09:03:10,612 [main] INFO  db.DBStoreBuilder (DBStoreBuilder.java:processTables(183)) - Using default column profile:DBProfile.DISK for Table:deletedTable
2019-11-19 09:03:10,612 [main] INFO  db.DBStoreBuilder (DBStoreBuilder.java:addTable(127)) - using custom profile for table: openKeyTable
2019-11-19 09:03:10,612 [main] INFO  db.DBStoreBuilder (DBStoreBuilder.java:processTables(183)) - Using default column profile:DBProfile.DISK for Table:openKeyTable
2019-11-19 09:03:10,613 [main] INFO  db.DBStoreBuilder (DBStoreBuilder.java:addTable(127)) - using custom profile for table: s3Table
2019-11-19 09:03:10,613 [main] INFO  db.DBStoreBuilder (DBStoreBuilder.java:processTables(183)) - Using default column profile:DBProfile.DISK for Table:s3Table
2019-11-19 09:03:10,613 [main] INFO  db.DBStoreBuilder (DBStoreBuilder.java:addTable(127)) - using custom profile for table: multipartInfoTable
2019-11-19 09:03:10,613 [main] INFO  db.DBStoreBuilder (DBStoreBuilder.java:processTables(183)) - Using default column profile:DBProfile.DISK for Table:multipartInfoTable
2019-11-19 09:03:10,614 [main] INFO  db.DBStoreBuilder (DBStoreBuilder.java:addTable(127)) - using custom profile for table: dTokenTable
2019-11-19 09:03:10,614 [main] INFO  db.DBStoreBuilder (DBStoreBuilder.java:processTables(183)) - Using default column profile:DBProfile.DISK for Table:dTokenTable
2019-11-19 09:03:10,614 [main] INFO  db.DBStoreBuilder (DBStoreBuilder.java:addTable(127)) - using custom profile for table: s3SecretTable
2019-11-19 09:03:10,614 [main] INFO  db.DBStoreBuilder (DBStoreBuilder.java:processTables(183)) - Using default column profile:DBProfile.DISK for Table:s3SecretTable
2019-11-19 09:03:10,615 [main] INFO  db.DBStoreBuilder (DBStoreBuilder.java:addTable(127)) - using custom profile for table: prefixTable
2019-11-19 09:03:10,615 [main] INFO  db.DBStoreBuilder (DBStoreBuilder.java:processTables(183)) - Using default column profile:DBProfile.DISK for Table:prefixTable
2019-11-19 09:03:10,615 [main] INFO  db.DBStoreBuilder (DBStoreBuilder.java:addTable(127)) - using custom profile for table: default
2019-11-19 09:03:10,615 [main] INFO  db.DBStoreBuilder (DBStoreBuilder.java:processTables(189)) - Using default column profile:DBProfile.DISK for Table:default
2019-11-19 09:03:10,615 [main] INFO  db.DBStoreBuilder (DBStoreBuilder.java:getDbProfile(220)) - Using default options. DBProfile.DISK
2019-11-19 09:03:11,157 [main] INFO  ipc.CallQueueManager (CallQueueManager.java:<init>(84)) - Using callQueue: class java.util.concurrent.LinkedBlockingQueue, queueCapacity: 2000, scheduler: class org.apache.hadoop.ipc.DefaultRpcScheduler, ipcBackoff: false.
2019-11-19 09:03:11,158 [Socket Reader #1 for port 37061] INFO  ipc.Server (Server.java:run(1074)) - Starting Socket Reader #1 for port 37061
2019-11-19 09:03:11,190 [main] INFO  om.OzoneManager (OzoneManager.java:start(1077)) - OzoneManager RPC server is listening at localhost/127.0.0.1:37061
2019-11-19 09:03:11,190 [main] INFO  impl.MetricsSystemImpl (MetricsSystemImpl.java:init(158)) - OzoneManager metrics system started (again)
2019-11-19 09:03:11,201 [IPC Server Responder] INFO  ipc.Server (Server.java:run(1314)) - IPC Server Responder: starting
2019-11-19 09:03:11,201 [IPC Server listener on 37061] INFO  ipc.Server (Server.java:run(1153)) - IPC Server listener on 37061: starting
2019-11-19 09:03:11,209 [main] INFO  hdfs.DFSUtil (DFSUtil.java:httpServerTemplateForNNAndJN(1641)) - Starting Web-server for ozoneManager at: http://0.0.0.0:0
2019-11-19 09:03:11,212 [main] INFO  server.AuthenticationFilter (AuthenticationFilter.java:constructSecretProvider(240)) - Unable to initialize FileSignerSecretProvider, falling back to use random secrets.
2019-11-19 09:03:11,214 [main] WARN  http.HttpRequestLog (HttpRequestLog.java:getRequestLog(97)) - Jetty request log can only be enabled using Log4j
2019-11-19 09:03:11,217 [main] INFO  http.HttpServer2 (HttpServer2.java:addGlobalFilter(975)) - Added global filter 'safety' (class=org.apache.hadoop.http.HttpServer2$QuotingInputFilter)
2019-11-19 09:03:11,219 [main] INFO  http.HttpServer2 (HttpServer2.java:addFilter(948)) - Added filter static_user_filter (class=org.apache.hadoop.http.lib.StaticUserWebFilter$StaticUserFilter) to context ozoneManager
2019-11-19 09:03:11,220 [main] INFO  http.HttpServer2 (HttpServer2.java:addFilter(958)) - Added filter static_user_filter (class=org.apache.hadoop.http.lib.StaticUserWebFilter$StaticUserFilter) to context static
2019-11-19 09:03:11,220 [main] INFO  http.HttpServer2 (HttpServer2.java:addFilter(958)) - Added filter static_user_filter (class=org.apache.hadoop.http.lib.StaticUserWebFilter$StaticUserFilter) to context logs
2019-11-19 09:03:11,224 [main] INFO  http.HttpServer2 (HttpServer2.java:bindListener(1191)) - Jetty bound to port 45339
2019-11-19 09:03:11,225 [main] INFO  server.Server (Server.java:doStart(351)) - jetty-9.3.25.v20180904, build timestamp: 2018-09-04T21:11:46Z, git hash: 3ce520221d0240229c862b122d2b06c12a625732
2019-11-19 09:03:11,228 [main] INFO  handler.ContextHandler (ContextHandler.java:doStart(781)) - Started o.e.j.s.ServletContextHandler@51751e5f{/logs,file:///workdir/hadoop-ozone/tools/target/log,AVAILABLE}
2019-11-19 09:03:11,229 [main] INFO  handler.ContextHandler (ContextHandler.java:doStart(781)) - Started o.e.j.s.ServletContextHandler@7068f7ca{/static,jar:file:/home/user/.m2/repository/org/apache/hadoop/hadoop-ozone-ozone-manager/0.5.0-SNAPSHOT/hadoop-ozone-ozone-manager-0.5.0-SNAPSHOT.jar!/webapps/static,AVAILABLE}
2019-11-19 09:03:11,295 [main] INFO  handler.ContextHandler (ContextHandler.java:doStart(781)) - Started o.e.j.w.WebAppContext@44f3fe83{/,file:///tmp/jetty-0.0.0.0-45339-ozoneManager-_-any-1296728779377126102.dir/webapp/,AVAILABLE}{/ozoneManager}
2019-11-19 09:03:11,295 [main] INFO  server.AbstractConnector (AbstractConnector.java:doStart(278)) - Started ServerConnector@44c5a16f{HTTP/1.1,[http/1.1]}{0.0.0.0:45339}
2019-11-19 09:03:11,296 [main] INFO  server.Server (Server.java:doStart(419)) - Started @4594ms
2019-11-19 09:03:11,296 [main] WARN  impl.MetricsSystemImpl (MetricsSystemImpl.java:register(276)) - Sink prometheus already exists!
2019-11-19 09:03:11,298 [main] INFO  server.BaseHttpServer (BaseHttpServer.java:updateConnectorAddress(215)) - HTTP server of OZONEMANAGER is listening at http://0.0.0.0:45339
2019-11-19 09:03:11,604 [main] INFO  impl.MetricsSystemImpl (MetricsSystemImpl.java:init(158)) - HddsDatanode metrics system started (again)
2019-11-19 09:03:11,648 [main] INFO  ozone.HddsDatanodeService (HddsDatanodeService.java:start(186)) - HddsDatanodeService host:pr-hdds-2538-d7d2t-4245227124 ip:192.168.157.255
2019-11-19 09:03:11,681 [main] INFO  volume.HddsVolume (HddsVolume.java:<init>(176)) - Creating Volume: /workdir/hadoop-ozone/tools/target/test-dir/MiniOzoneClusterImpl-966ae5d1-5369-4dd0-960c-586569c2c391/datanode-0/data/containers/hdds of  storage type : DISK and capacity : 1482555576320
2019-11-19 09:03:11,683 [main] INFO  volume.VolumeSet (VolumeSet.java:initializeVolumeSet(170)) - Added Volume : /workdir/hadoop-ozone/tools/target/test-dir/MiniOzoneClusterImpl-966ae5d1-5369-4dd0-960c-586569c2c391/datanode-0/data/containers/hdds to VolumeSet
2019-11-19 09:03:11,685 [main] INFO  volume.ThrottledAsyncChecker (ThrottledAsyncChecker.java:schedule(141)) - Scheduling a check for /workdir/hadoop-ozone/tools/target/test-dir/MiniOzoneClusterImpl-966ae5d1-5369-4dd0-960c-586569c2c391/datanode-0/data/containers/hdds
2019-11-19 09:03:11,701 [main] INFO  volume.HddsVolumeChecker (HddsVolumeChecker.java:checkAllVolumes(204)) - Scheduled health check for volume /workdir/hadoop-ozone/tools/target/test-dir/MiniOzoneClusterImpl-966ae5d1-5369-4dd0-960c-586569c2c391/datanode-0/data/containers/hdds
2019-11-19 09:03:11,806 [main] INFO  impl.RaftServerProxy (ConfUtils.java:logGet(43)) - raft.rpc.type = GRPC (default)
2019-11-19 09:03:11,868 [main] INFO  grpc.GrpcFactory (GrpcFactory.java:checkPooledByteBufAllocatorUseCacheForAllThreads(45)) - PERFORMANCE WARNING: useCacheForAllThreads is true that may cause Netty to create a lot garbage objects and, as a result, trigger GC.
	It is recommended to disable useCacheForAllThreads by setting -Dorg.apache.ratis.thirdparty.io.netty.allocator.useCacheForAllThreads=false in command line.
2019-11-19 09:03:11,873 [main] INFO  grpc.GrpcConfigKeys$Server (ConfUtils.java:logGet(43)) - raft.grpc.server.port = 0 (default)
2019-11-19 09:03:11,874 [main] INFO  server.GrpcService (ConfUtils.java:logGet(43)) - raft.grpc.message.size.max = 33570816 (custom)
2019-11-19 09:03:11,876 [main] INFO  server.RaftServerConfigKeys (ConfUtils.java:logGet(43)) - raft.server.log.appender.buffer.byte-limit = 33554432 (custom)
2019-11-19 09:03:11,877 [main] INFO  server.GrpcService (ConfUtils.java:logGet(43)) - raft.grpc.flow.control.window = 1MB (=1048576) (default)
2019-11-19 09:03:11,878 [main] INFO  server.RaftServerConfigKeys (ConfUtils.java:logGet(43)) - raft.server.rpc.request.timeout = 3000ms (default)
2019-11-19 09:03:12,035 [main] INFO  server.RaftServerConfigKeys (ConfUtils.java:logGet(43)) - raft.server.storage.dir = [/workdir/hadoop-ozone/tools/target/test-dir/MiniOzoneClusterImpl-966ae5d1-5369-4dd0-960c-586569c2c391/datanode-0/data/ratis] (custom)
2019-11-19 09:03:12,085 [main] INFO  hdfs.DFSUtil (DFSUtil.java:httpServerTemplateForNNAndJN(1641)) - Starting Web-server for hddsDatanode at: http://0.0.0.0:0
2019-11-19 09:03:12,088 [main] INFO  server.AuthenticationFilter (AuthenticationFilter.java:constructSecretProvider(240)) - Unable to initialize FileSignerSecretProvider, falling back to use random secrets.
2019-11-19 09:03:12,089 [main] WARN  http.HttpRequestLog (HttpRequestLog.java:getRequestLog(97)) - Jetty request log can only be enabled using Log4j
2019-11-19 09:03:12,092 [main] INFO  http.HttpServer2 (HttpServer2.java:addGlobalFilter(975)) - Added global filter 'safety' (class=org.apache.hadoop.http.HttpServer2$QuotingInputFilter)
2019-11-19 09:03:12,093 [main] INFO  http.HttpServer2 (HttpServer2.java:addFilter(948)) - Added filter static_user_filter (class=org.apache.hadoop.http.lib.StaticUserWebFilter$StaticUserFilter) to context hddsDatanode
2019-11-19 09:03:12,094 [main] INFO  http.HttpServer2 (HttpServer2.java:addFilter(958)) - Added filter static_user_filter (class=org.apache.hadoop.http.lib.StaticUserWebFilter$StaticUserFilter) to context logs
2019-11-19 09:03:12,094 [main] INFO  http.HttpServer2 (HttpServer2.java:addFilter(958)) - Added filter static_user_filter (class=org.apache.hadoop.http.lib.StaticUserWebFilter$StaticUserFilter) to context static
2019-11-19 09:03:12,096 [main] INFO  http.HttpServer2 (HttpServer2.java:bindListener(1191)) - Jetty bound to port 45002
2019-11-19 09:03:12,096 [main] INFO  server.Server (Server.java:doStart(351)) - jetty-9.3.25.v20180904, build timestamp: 2018-09-04T21:11:46Z, git hash: 3ce520221d0240229c862b122d2b06c12a625732
2019-11-19 09:03:12,099 [main] INFO  handler.ContextHandler (ContextHandler.java:doStart(781)) - Started o.e.j.s.ServletContextHandler@20cece0b{/logs,file:///workdir/hadoop-ozone/tools/target/log,AVAILABLE}
2019-11-19 09:03:12,100 [main] INFO  handler.ContextHandler (ContextHandler.java:doStart(781)) - Started o.e.j.s.ServletContextHandler@5f038248{/static,jar:file:/home/user/.m2/repository/org/apache/hadoop/hadoop-hdds-container-service/0.5.0-SNAPSHOT/hadoop-hdds-container-service-0.5.0-SNAPSHOT.jar!/webapps/static,AVAILABLE}
2019-11-19 09:03:12,147 [main] INFO  handler.ContextHandler (ContextHandler.java:doStart(781)) - Started o.e.j.w.WebAppContext@2a3194c6{/,file:///tmp/jetty-0.0.0.0-45002-hddsDatanode-_-any-6799432797473777149.dir/webapp/,AVAILABLE}{/hddsDatanode}
2019-11-19 09:03:12,147 [main] INFO  server.AbstractConnector (AbstractConnector.java:doStart(278)) - Started ServerConnector@2819c460{HTTP/1.1,[http/1.1]}{0.0.0.0:45002}
2019-11-19 09:03:12,149 [main] INFO  server.Server (Server.java:doStart(419)) - Started @5447ms
2019-11-19 09:03:12,150 [main] WARN  impl.MetricsSystemImpl (MetricsSystemImpl.java:register(276)) - Sink prometheus already exists!
2019-11-19 09:03:12,151 [main] INFO  server.BaseHttpServer (BaseHttpServer.java:updateConnectorAddress(215)) - HTTP server of HDDSDATANODE is listening at http://0.0.0.0:45002
2019-11-19 09:03:12,152 [main] INFO  impl.MetricsSystemImpl (MetricsSystemImpl.java:init(158)) - HddsDatanode metrics system started (again)
2019-11-19 09:03:12,156 [main] INFO  ozone.HddsDatanodeService (HddsDatanodeService.java:start(186)) - HddsDatanodeService host:pr-hdds-2538-d7d2t-4245227124 ip:192.168.157.255
2019-11-19 09:03:12,159 [org.apache.hadoop.util.JvmPauseMonitor$Monitor@2c25a9a4] INFO  util.JvmPauseMonitor (JvmPauseMonitor.java:run(188)) - Starting JVM pause monitor
2019-11-19 09:03:12,168 [main] INFO  volume.HddsVolume (HddsVolume.java:<init>(176)) - Creating Volume: /workdir/hadoop-ozone/tools/target/test-dir/MiniOzoneClusterImpl-966ae5d1-5369-4dd0-960c-586569c2c391/datanode-1/data/containers/hdds of  storage type : DISK and capacity : 1482555576320
2019-11-19 09:03:12,168 [main] INFO  volume.VolumeSet (VolumeSet.java:initializeVolumeSet(170)) - Added Volume : /workdir/hadoop-ozone/tools/target/test-dir/MiniOzoneClusterImpl-966ae5d1-5369-4dd0-960c-586569c2c391/datanode-1/data/containers/hdds to VolumeSet
2019-11-19 09:03:12,169 [main] INFO  volume.ThrottledAsyncChecker (ThrottledAsyncChecker.java:schedule(141)) - Scheduling a check for /workdir/hadoop-ozone/tools/target/test-dir/MiniOzoneClusterImpl-966ae5d1-5369-4dd0-960c-586569c2c391/datanode-1/data/containers/hdds
2019-11-19 09:03:12,170 [main] INFO  volume.HddsVolumeChecker (HddsVolumeChecker.java:checkAllVolumes(204)) - Scheduled health check for volume /workdir/hadoop-ozone/tools/target/test-dir/MiniOzoneClusterImpl-966ae5d1-5369-4dd0-960c-586569c2c391/datanode-1/data/containers/hdds
2019-11-19 09:03:12,188 [main] INFO  impl.RaftServerProxy (ConfUtils.java:logGet(43)) - raft.rpc.type = GRPC (default)
2019-11-19 09:03:12,188 [main] INFO  grpc.GrpcFactory (GrpcFactory.java:checkPooledByteBufAllocatorUseCacheForAllThreads(45)) - PERFORMANCE WARNING: useCacheForAllThreads is true that may cause Netty to create a lot garbage objects and, as a result, trigger GC.
	It is recommended to disable useCacheForAllThreads by setting -Dorg.apache.ratis.thirdparty.io.netty.allocator.useCacheForAllThreads=false in command line.
2019-11-19 09:03:12,189 [main] INFO  grpc.GrpcConfigKeys$Server (ConfUtils.java:logGet(43)) - raft.grpc.server.port = 0 (default)
2019-11-19 09:03:12,189 [main] INFO  server.GrpcService (ConfUtils.java:logGet(43)) - raft.grpc.message.size.max = 33570816 (custom)
2019-11-19 09:03:12,189 [main] INFO  server.RaftServerConfigKeys (ConfUtils.java:logGet(43)) - raft.server.log.appender.buffer.byte-limit = 33554432 (custom)
2019-11-19 09:03:12,189 [main] INFO  server.GrpcService (ConfUtils.java:logGet(43)) - raft.grpc.flow.control.window = 1MB (=1048576) (default)
2019-11-19 09:03:12,190 [main] INFO  server.RaftServerConfigKeys (ConfUtils.java:logGet(43)) - raft.server.rpc.request.timeout = 3000ms (default)
2019-11-19 09:03:12,190 [main] INFO  server.RaftServerConfigKeys (ConfUtils.java:logGet(43)) - raft.server.storage.dir = [/workdir/hadoop-ozone/tools/target/test-dir/MiniOzoneClusterImpl-966ae5d1-5369-4dd0-960c-586569c2c391/datanode-1/data/ratis] (custom)
2019-11-19 09:03:12,192 [main] INFO  hdfs.DFSUtil (DFSUtil.java:httpServerTemplateForNNAndJN(1641)) - Starting Web-server for hddsDatanode at: http://0.0.0.0:0
2019-11-19 09:03:12,194 [main] INFO  server.AuthenticationFilter (AuthenticationFilter.java:constructSecretProvider(240)) - Unable to initialize FileSignerSecretProvider, falling back to use random secrets.
2019-11-19 09:03:12,194 [main] WARN  http.HttpRequestLog (HttpRequestLog.java:getRequestLog(97)) - Jetty request log can only be enabled using Log4j
2019-11-19 09:03:12,196 [main] INFO  http.HttpServer2 (HttpServer2.java:addGlobalFilter(975)) - Added global filter 'safety' (class=org.apache.hadoop.http.HttpServer2$QuotingInputFilter)
2019-11-19 09:03:12,199 [main] INFO  http.HttpServer2 (HttpServer2.java:addFilter(948)) - Added filter static_user_filter (class=org.apache.hadoop.http.lib.StaticUserWebFilter$StaticUserFilter) to context hddsDatanode
2019-11-19 09:03:12,199 [main] INFO  http.HttpServer2 (HttpServer2.java:addFilter(958)) - Added filter static_user_filter (class=org.apache.hadoop.http.lib.StaticUserWebFilter$StaticUserFilter) to context logs
2019-11-19 09:03:12,200 [main] INFO  http.HttpServer2 (HttpServer2.java:addFilter(958)) - Added filter static_user_filter (class=org.apache.hadoop.http.lib.StaticUserWebFilter$StaticUserFilter) to context static
2019-11-19 09:03:12,201 [main] INFO  http.HttpServer2 (HttpServer2.java:bindListener(1191)) - Jetty bound to port 42850
2019-11-19 09:03:12,201 [main] INFO  server.Server (Server.java:doStart(351)) - jetty-9.3.25.v20180904, build timestamp: 2018-09-04T21:11:46Z, git hash: 3ce520221d0240229c862b122d2b06c12a625732
2019-11-19 09:03:12,205 [main] INFO  handler.ContextHandler (ContextHandler.java:doStart(781)) - Started o.e.j.s.ServletContextHandler@5e1d03d7{/logs,file:///workdir/hadoop-ozone/tools/target/log,AVAILABLE}
2019-11-19 09:03:12,206 [main] INFO  handler.ContextHandler (ContextHandler.java:doStart(781)) - Started o.e.j.s.ServletContextHandler@48d293ee{/static,jar:file:/home/user/.m2/repository/org/apache/hadoop/hadoop-hdds-container-service/0.5.0-SNAPSHOT/hadoop-hdds-container-service-0.5.0-SNAPSHOT.jar!/webapps/static,AVAILABLE}
2019-11-19 09:03:12,254 [main] INFO  handler.ContextHandler (ContextHandler.java:doStart(781)) - Started o.e.j.w.WebAppContext@1229a2b7{/,file:///tmp/jetty-0.0.0.0-42850-hddsDatanode-_-any-6074360858009088254.dir/webapp/,AVAILABLE}{/hddsDatanode}
2019-11-19 09:03:12,255 [main] INFO  server.AbstractConnector (AbstractConnector.java:doStart(278)) - Started ServerConnector@e5cbff2{HTTP/1.1,[http/1.1]}{0.0.0.0:42850}
2019-11-19 09:03:12,255 [main] INFO  server.Server (Server.java:doStart(419)) - Started @5554ms
2019-11-19 09:03:12,256 [main] WARN  impl.MetricsSystemImpl (MetricsSystemImpl.java:register(276)) - Sink prometheus already exists!
2019-11-19 09:03:12,258 [main] INFO  server.BaseHttpServer (BaseHttpServer.java:updateConnectorAddress(215)) - HTTP server of HDDSDATANODE is listening at http://0.0.0.0:42850
2019-11-19 09:03:12,258 [main] INFO  impl.MetricsSystemImpl (MetricsSystemImpl.java:init(158)) - HddsDatanode metrics system started (again)
2019-11-19 09:03:12,261 [main] INFO  ozone.HddsDatanodeService (HddsDatanodeService.java:start(186)) - HddsDatanodeService host:pr-hdds-2538-d7d2t-4245227124 ip:192.168.157.255
2019-11-19 09:03:12,261 [org.apache.hadoop.util.JvmPauseMonitor$Monitor@5fc34cf8] INFO  util.JvmPauseMonitor (JvmPauseMonitor.java:run(188)) - Starting JVM pause monitor
2019-11-19 09:03:12,272 [main] INFO  volume.HddsVolume (HddsVolume.java:<init>(176)) - Creating Volume: /workdir/hadoop-ozone/tools/target/test-dir/MiniOzoneClusterImpl-966ae5d1-5369-4dd0-960c-586569c2c391/datanode-2/data/containers/hdds of  storage type : DISK and capacity : 1482555576320
2019-11-19 09:03:12,272 [main] INFO  volume.VolumeSet (VolumeSet.java:initializeVolumeSet(170)) - Added Volume : /workdir/hadoop-ozone/tools/target/test-dir/MiniOzoneClusterImpl-966ae5d1-5369-4dd0-960c-586569c2c391/datanode-2/data/containers/hdds to VolumeSet
2019-11-19 09:03:12,273 [main] INFO  volume.ThrottledAsyncChecker (ThrottledAsyncChecker.java:schedule(141)) - Scheduling a check for /workdir/hadoop-ozone/tools/target/test-dir/MiniOzoneClusterImpl-966ae5d1-5369-4dd0-960c-586569c2c391/datanode-2/data/containers/hdds
2019-11-19 09:03:12,273 [main] INFO  volume.HddsVolumeChecker (HddsVolumeChecker.java:checkAllVolumes(204)) - Scheduled health check for volume /workdir/hadoop-ozone/tools/target/test-dir/MiniOzoneClusterImpl-966ae5d1-5369-4dd0-960c-586569c2c391/datanode-2/data/containers/hdds
2019-11-19 09:03:12,284 [Datanode State Machine Thread - 0] INFO  datanode.InitDatanodeState (InitDatanodeState.java:persistContainerDatanodeDetails(140)) - DatanodeDetails is persisted to /workdir/hadoop-ozone/tools/target/test-dir/MiniOzoneClusterImpl-966ae5d1-5369-4dd0-960c-586569c2c391/datanode-0/meta/datanode.id
2019-11-19 09:03:12,289 [Datanode State Machine Thread - 0] INFO  datanode.InitDatanodeState (InitDatanodeState.java:persistContainerDatanodeDetails(140)) - DatanodeDetails is persisted to /workdir/hadoop-ozone/tools/target/test-dir/MiniOzoneClusterImpl-966ae5d1-5369-4dd0-960c-586569c2c391/datanode-1/meta/datanode.id
2019-11-19 09:03:12,293 [main] INFO  impl.RaftServerProxy (ConfUtils.java:logGet(43)) - raft.rpc.type = GRPC (default)
2019-11-19 09:03:12,293 [main] INFO  grpc.GrpcFactory (GrpcFactory.java:checkPooledByteBufAllocatorUseCacheForAllThreads(45)) - PERFORMANCE WARNING: useCacheForAllThreads is true that may cause Netty to create a lot garbage objects and, as a result, trigger GC.
	It is recommended to disable useCacheForAllThreads by setting -Dorg.apache.ratis.thirdparty.io.netty.allocator.useCacheForAllThreads=false in command line.
2019-11-19 09:03:12,294 [main] INFO  grpc.GrpcConfigKeys$Server (ConfUtils.java:logGet(43)) - raft.grpc.server.port = 0 (default)
2019-11-19 09:03:12,294 [main] INFO  server.GrpcService (ConfUtils.java:logGet(43)) - raft.grpc.message.size.max = 33570816 (custom)
2019-11-19 09:03:12,294 [main] INFO  server.RaftServerConfigKeys (ConfUtils.java:logGet(43)) - raft.server.log.appender.buffer.byte-limit = 33554432 (custom)
2019-11-19 09:03:12,294 [main] INFO  server.GrpcService (ConfUtils.java:logGet(43)) - raft.grpc.flow.control.window = 1MB (=1048576) (default)
2019-11-19 09:03:12,295 [main] INFO  server.RaftServerConfigKeys (ConfUtils.java:logGet(43)) - raft.server.rpc.request.timeout = 3000ms (default)
2019-11-19 09:03:12,295 [main] INFO  server.RaftServerConfigKeys (ConfUtils.java:logGet(43)) - raft.server.storage.dir = [/workdir/hadoop-ozone/tools/target/test-dir/MiniOzoneClusterImpl-966ae5d1-5369-4dd0-960c-586569c2c391/datanode-2/data/ratis] (custom)
2019-11-19 09:03:12,298 [main] INFO  hdfs.DFSUtil (DFSUtil.java:httpServerTemplateForNNAndJN(1641)) - Starting Web-server for hddsDatanode at: http://0.0.0.0:0
2019-11-19 09:03:12,300 [main] INFO  server.AuthenticationFilter (AuthenticationFilter.java:constructSecretProvider(240)) - Unable to initialize FileSignerSecretProvider, falling back to use random secrets.
2019-11-19 09:03:12,300 [main] WARN  http.HttpRequestLog (HttpRequestLog.java:getRequestLog(97)) - Jetty request log can only be enabled using Log4j
2019-11-19 09:03:12,302 [main] INFO  http.HttpServer2 (HttpServer2.java:addGlobalFilter(975)) - Added global filter 'safety' (class=org.apache.hadoop.http.HttpServer2$QuotingInputFilter)
2019-11-19 09:03:12,303 [main] INFO  http.HttpServer2 (HttpServer2.java:addFilter(948)) - Added filter static_user_filter (class=org.apache.hadoop.http.lib.StaticUserWebFilter$StaticUserFilter) to context hddsDatanode
2019-11-19 09:03:12,303 [main] INFO  http.HttpServer2 (HttpServer2.java:addFilter(958)) - Added filter static_user_filter (class=org.apache.hadoop.http.lib.StaticUserWebFilter$StaticUserFilter) to context logs
2019-11-19 09:03:12,304 [main] INFO  http.HttpServer2 (HttpServer2.java:addFilter(958)) - Added filter static_user_filter (class=org.apache.hadoop.http.lib.StaticUserWebFilter$StaticUserFilter) to context static
2019-11-19 09:03:12,305 [main] INFO  http.HttpServer2 (HttpServer2.java:bindListener(1191)) - Jetty bound to port 39751
2019-11-19 09:03:12,305 [main] INFO  server.Server (Server.java:doStart(351)) - jetty-9.3.25.v20180904, build timestamp: 2018-09-04T21:11:46Z, git hash: 3ce520221d0240229c862b122d2b06c12a625732
2019-11-19 09:03:12,307 [main] INFO  handler.ContextHandler (ContextHandler.java:doStart(781)) - Started o.e.j.s.ServletContextHandler@2849434b{/logs,file:///workdir/hadoop-ozone/tools/target/log,AVAILABLE}
2019-11-19 09:03:12,308 [main] INFO  handler.ContextHandler (ContextHandler.java:doStart(781)) - Started o.e.j.s.ServletContextHandler@65b97f47{/static,jar:file:/home/user/.m2/repository/org/apache/hadoop/hadoop-hdds-container-service/0.5.0-SNAPSHOT/hadoop-hdds-container-service-0.5.0-SNAPSHOT.jar!/webapps/static,AVAILABLE}
2019-11-19 09:03:12,351 [main] INFO  handler.ContextHandler (ContextHandler.java:doStart(781)) - Started o.e.j.w.WebAppContext@5bc28f40{/,file:///tmp/jetty-0.0.0.0-39751-hddsDatanode-_-any-2032306206823681952.dir/webapp/,AVAILABLE}{/hddsDatanode}
2019-11-19 09:03:12,352 [main] INFO  server.AbstractConnector (AbstractConnector.java:doStart(278)) - Started ServerConnector@46963479{HTTP/1.1,[http/1.1]}{0.0.0.0:39751}
2019-11-19 09:03:12,352 [main] INFO  server.Server (Server.java:doStart(419)) - Started @5650ms
2019-11-19 09:03:12,353 [main] WARN  impl.MetricsSystemImpl (MetricsSystemImpl.java:register(276)) - Sink prometheus already exists!
2019-11-19 09:03:12,354 [main] INFO  server.BaseHttpServer (BaseHttpServer.java:updateConnectorAddress(215)) - HTTP server of HDDSDATANODE is listening at http://0.0.0.0:39751
2019-11-19 09:03:12,356 [main] INFO  ozone.MiniOzoneClusterImpl (MiniOzoneClusterImpl.java:lambda$waitForClusterToBeReady$0(150)) - Waiting for nodes to be ready. Got 0 of 3 DN Heartbeats.
2019-11-19 09:03:12,357 [main] INFO  ozone.MiniOzoneClusterImpl (MiniOzoneClusterImpl.java:lambda$waitForClusterToBeReady$0(153)) - Waiting for cluster to exit safe mode
2019-11-19 09:03:12,357 [org.apache.hadoop.util.JvmPauseMonitor$Monitor@58ff5fcd] INFO  util.JvmPauseMonitor (JvmPauseMonitor.java:run(188)) - Starting JVM pause monitor
2019-11-19 09:03:12,361 [Datanode State Machine Thread - 0] INFO  datanode.InitDatanodeState (InitDatanodeState.java:persistContainerDatanodeDetails(140)) - DatanodeDetails is persisted to /workdir/hadoop-ozone/tools/target/test-dir/MiniOzoneClusterImpl-966ae5d1-5369-4dd0-960c-586569c2c391/datanode-2/meta/datanode.id
2019-11-19 09:03:13,357 [main] INFO  ozone.MiniOzoneClusterImpl (MiniOzoneClusterImpl.java:lambda$waitForClusterToBeReady$0(150)) - Waiting for nodes to be ready. Got 0 of 3 DN Heartbeats.
2019-11-19 09:03:13,358 [main] INFO  ozone.MiniOzoneClusterImpl (MiniOzoneClusterImpl.java:lambda$waitForClusterToBeReady$0(153)) - Waiting for cluster to exit safe mode
2019-11-19 09:03:14,262 [Datanode State Machine Thread - 0] INFO  ozoneimpl.OzoneContainer (OzoneContainer.java:start(230)) - Attempting to start container services.
2019-11-19 09:03:14,266 [Datanode State Machine Thread - 0] INFO  ozoneimpl.OzoneContainer (OzoneContainer.java:startContainerScrub(194)) - Background container scanner has been disabled.
2019-11-19 09:03:14,267 [Datanode State Machine Thread - 0] INFO  ratis.XceiverServerRatis (XceiverServerRatis.java:start(422)) - Starting XceiverServerRatis d84362bd-c453-48c1-b281-932808b65f14 at port 0
2019-11-19 09:03:14,290 [Datanode State Machine Thread - 0] INFO  ozoneimpl.OzoneContainer (OzoneContainer.java:start(230)) - Attempting to start container services.
2019-11-19 09:03:14,298 [Datanode State Machine Thread - 0] INFO  ozoneimpl.OzoneContainer (OzoneContainer.java:startContainerScrub(194)) - Background container scanner has been disabled.
2019-11-19 09:03:14,298 [Datanode State Machine Thread - 0] INFO  ratis.XceiverServerRatis (XceiverServerRatis.java:start(422)) - Starting XceiverServerRatis 3cfc6e4c-ad73-48ff-9ed4-89cd5a33d17f at port 0
2019-11-19 09:03:14,299 [Datanode State Machine Thread - 0] INFO  impl.RaftServerProxy (RaftServerProxy.java:lambda$start$3(299)) - d84362bd-c453-48c1-b281-932808b65f14: start RPC server
2019-11-19 09:03:14,314 [Datanode State Machine Thread - 0] INFO  impl.RaftServerProxy (RaftServerProxy.java:lambda$start$3(299)) - 3cfc6e4c-ad73-48ff-9ed4-89cd5a33d17f: start RPC server
2019-11-19 09:03:14,358 [main] INFO  ozone.MiniOzoneClusterImpl (MiniOzoneClusterImpl.java:lambda$waitForClusterToBeReady$0(150)) - Waiting for nodes to be ready. Got 0 of 3 DN Heartbeats.
2019-11-19 09:03:14,359 [main] INFO  ozone.MiniOzoneClusterImpl (MiniOzoneClusterImpl.java:lambda$waitForClusterToBeReady$0(153)) - Waiting for cluster to exit safe mode
2019-11-19 09:03:14,384 [Datanode State Machine Thread - 0] INFO  ozoneimpl.OzoneContainer (OzoneContainer.java:start(230)) - Attempting to start container services.
2019-11-19 09:03:14,386 [Datanode State Machine Thread - 0] INFO  ozoneimpl.OzoneContainer (OzoneContainer.java:startContainerScrub(194)) - Background container scanner has been disabled.
2019-11-19 09:03:14,386 [Datanode State Machine Thread - 0] INFO  ratis.XceiverServerRatis (XceiverServerRatis.java:start(422)) - Starting XceiverServerRatis b58b7614-b117-481c-9fe5-7c32a06e39f4 at port 0
2019-11-19 09:03:14,396 [Datanode State Machine Thread - 0] INFO  impl.RaftServerProxy (RaftServerProxy.java:lambda$start$3(299)) - b58b7614-b117-481c-9fe5-7c32a06e39f4: start RPC server
2019-11-19 09:03:14,437 [Datanode State Machine Thread - 0] INFO  server.GrpcService (GrpcService.java:startImpl(158)) - d84362bd-c453-48c1-b281-932808b65f14: GrpcService started, listening on 0.0.0.0/0.0.0.0:36092
2019-11-19 09:03:14,437 [Datanode State Machine Thread - 0] INFO  server.GrpcService (GrpcService.java:startImpl(158)) - b58b7614-b117-481c-9fe5-7c32a06e39f4: GrpcService started, listening on 0.0.0.0/0.0.0.0:32866
2019-11-19 09:03:14,437 [Datanode State Machine Thread - 0] INFO  ratis.XceiverServerRatis (XceiverServerRatis.java:start(432)) - XceiverServerRatis d84362bd-c453-48c1-b281-932808b65f14 is started using port 36092
2019-11-19 09:03:14,437 [Datanode State Machine Thread - 0] INFO  server.GrpcService (GrpcService.java:startImpl(158)) - 3cfc6e4c-ad73-48ff-9ed4-89cd5a33d17f: GrpcService started, listening on 0.0.0.0/0.0.0.0:43645
2019-11-19 09:03:14,437 [Datanode State Machine Thread - 0] INFO  ratis.XceiverServerRatis (XceiverServerRatis.java:start(432)) - XceiverServerRatis b58b7614-b117-481c-9fe5-7c32a06e39f4 is started using port 32866
2019-11-19 09:03:14,438 [Datanode State Machine Thread - 0] INFO  ratis.XceiverServerRatis (XceiverServerRatis.java:start(432)) - XceiverServerRatis 3cfc6e4c-ad73-48ff-9ed4-89cd5a33d17f is started using port 43645
2019-11-19 09:03:14,442 [Datanode State Machine Thread - 0] INFO  server.XceiverServerGrpc (XceiverServerGrpc.java:start(145)) - XceiverServerGrpc d84362bd-c453-48c1-b281-932808b65f14 is started using port 45472
2019-11-19 09:03:14,442 [Datanode State Machine Thread - 0] INFO  server.XceiverServerGrpc (XceiverServerGrpc.java:start(145)) - XceiverServerGrpc b58b7614-b117-481c-9fe5-7c32a06e39f4 is started using port 32860
2019-11-19 09:03:14,443 [Datanode State Machine Thread - 0] INFO  server.XceiverServerGrpc (XceiverServerGrpc.java:start(145)) - XceiverServerGrpc 3cfc6e4c-ad73-48ff-9ed4-89cd5a33d17f is started using port 33955
2019-11-19 09:03:15,359 [main] INFO  ozone.MiniOzoneClusterImpl (MiniOzoneClusterImpl.java:lambda$waitForClusterToBeReady$0(150)) - Waiting for nodes to be ready. Got 0 of 3 DN Heartbeats.
2019-11-19 09:03:15,360 [main] INFO  ozone.MiniOzoneClusterImpl (MiniOzoneClusterImpl.java:lambda$waitForClusterToBeReady$0(153)) - Waiting for cluster to exit safe mode
2019-11-19 09:03:16,200 [IPC Server handler 1 on 33463] INFO  net.NetworkTopology (NetworkTopologyImpl.java:add(111)) - Added a new node: /default-rack/d84362bd-c453-48c1-b281-932808b65f14
2019-11-19 09:03:16,201 [IPC Server handler 1 on 33463] INFO  node.SCMNodeManager (SCMNodeManager.java:register(267)) - Registered Data node : d84362bd-c453-48c1-b281-932808b65f14{ip: 192.168.157.255, host: pr-hdds-2538-d7d2t-4245227124, networkLocation: /default-rack, certSerialId: null}
2019-11-19 09:03:16,203 [EventQueue-NodeRegistrationContainerReportForContainerSafeModeRule] INFO  safemode.SCMSafeModeManager (SCMSafeModeManager.java:validateSafeModeExitRules(176)) - ContainerSafeModeRule rule is successfully validated
2019-11-19 09:03:16,204 [EventQueue-NodeRegistrationContainerReportForDataNodeSafeModeRule] INFO  safemode.SCMSafeModeManager (DataNodeSafeModeRule.java:process(71)) - SCM in safe mode. 1 DataNodes registered, 1 required.
2019-11-19 09:03:16,204 [EventQueue-NodeRegistrationContainerReportForDataNodeSafeModeRule] INFO  safemode.SCMSafeModeManager (SCMSafeModeManager.java:validateSafeModeExitRules(176)) - DataNodeSafeModeRule rule is successfully validated
2019-11-19 09:03:16,208 [RatisPipelineUtilsThread] INFO  pipeline.RatisPipelineProvider (RatisPipelineProvider.java:lambda$create$4(163)) - Send pipeline:PipelineID=6b24b952-b467-4f51-92ca-14cc65891159 create command to datanode d84362bd-c453-48c1-b281-932808b65f14
2019-11-19 09:03:16,221 [RatisPipelineUtilsThread] INFO  pipeline.PipelineStateManager (PipelineStateManager.java:addPipeline(55)) - Created pipeline Pipeline[ Id: 6b24b952-b467-4f51-92ca-14cc65891159, Nodes: d84362bd-c453-48c1-b281-932808b65f14{ip: 192.168.157.255, host: pr-hdds-2538-d7d2t-4245227124, networkLocation: /default-rack, certSerialId: null}, Type:RATIS, Factor:ONE, State:ALLOCATED]
2019-11-19 09:03:16,266 [IPC Server handler 2 on 33463] INFO  net.NetworkTopology (NetworkTopologyImpl.java:add(111)) - Added a new node: /default-rack/3cfc6e4c-ad73-48ff-9ed4-89cd5a33d17f
2019-11-19 09:03:16,266 [IPC Server handler 2 on 33463] INFO  node.SCMNodeManager (SCMNodeManager.java:register(267)) - Registered Data node : 3cfc6e4c-ad73-48ff-9ed4-89cd5a33d17f{ip: 192.168.157.255, host: pr-hdds-2538-d7d2t-4245227124, networkLocation: /default-rack, certSerialId: null}
2019-11-19 09:03:16,267 [EventQueue-NodeRegistrationContainerReportForContainerSafeModeRule] INFO  safemode.SCMSafeModeManager (SCMSafeModeManager.java:validateSafeModeExitRules(176)) - ContainerSafeModeRule rule is successfully validated
2019-11-19 09:03:16,267 [EventQueue-NodeRegistrationContainerReportForDataNodeSafeModeRule] INFO  safemode.SCMSafeModeManager (SCMSafeModeManager.java:validateSafeModeExitRules(176)) - DataNodeSafeModeRule rule is successfully validated
2019-11-19 09:03:16,268 [RatisPipelineUtilsThread] INFO  pipeline.RatisPipelineProvider (RatisPipelineProvider.java:lambda$create$4(163)) - Send pipeline:PipelineID=cf6324ee-0e99-4140-80d4-e5b210a995b5 create command to datanode 3cfc6e4c-ad73-48ff-9ed4-89cd5a33d17f
2019-11-19 09:03:16,268 [RatisPipelineUtilsThread] INFO  pipeline.PipelineStateManager (PipelineStateManager.java:addPipeline(55)) - Created pipeline Pipeline[ Id: cf6324ee-0e99-4140-80d4-e5b210a995b5, Nodes: 3cfc6e4c-ad73-48ff-9ed4-89cd5a33d17f{ip: 192.168.157.255, host: pr-hdds-2538-d7d2t-4245227124, networkLocation: /default-rack, certSerialId: null}, Type:RATIS, Factor:ONE, State:ALLOCATED]
2019-11-19 09:03:16,360 [main] INFO  ozone.MiniOzoneClusterImpl (MiniOzoneClusterImpl.java:lambda$waitForClusterToBeReady$0(150)) - Waiting for nodes to be ready. Got 2 of 3 DN Heartbeats.
2019-11-19 09:03:16,361 [main] INFO  ozone.MiniOzoneClusterImpl (MiniOzoneClusterImpl.java:lambda$waitForClusterToBeReady$0(153)) - Waiting for cluster to exit safe mode
2019-11-19 09:03:16,361 [IPC Server handler 0 on 33463] INFO  net.NetworkTopology (NetworkTopologyImpl.java:add(111)) - Added a new node: /default-rack/b58b7614-b117-481c-9fe5-7c32a06e39f4
2019-11-19 09:03:16,362 [RatisPipelineUtilsThread] INFO  pipeline.RatisPipelineProvider (RatisPipelineProvider.java:lambda$create$4(163)) - Send pipeline:PipelineID=b6a3bb0c-26ce-4adc-8be6-d56ed5c3e8b9 create command to datanode b58b7614-b117-481c-9fe5-7c32a06e39f4
2019-11-19 09:03:16,362 [IPC Server handler 0 on 33463] INFO  node.SCMNodeManager (SCMNodeManager.java:register(267)) - Registered Data node : b58b7614-b117-481c-9fe5-7c32a06e39f4{ip: 192.168.157.255, host: pr-hdds-2538-d7d2t-4245227124, networkLocation: /default-rack, certSerialId: null}
2019-11-19 09:03:16,363 [RatisPipelineUtilsThread] INFO  pipeline.PipelineStateManager (PipelineStateManager.java:addPipeline(55)) - Created pipeline Pipeline[ Id: b6a3bb0c-26ce-4adc-8be6-d56ed5c3e8b9, Nodes: b58b7614-b117-481c-9fe5-7c32a06e39f4{ip: 192.168.157.255, host: pr-hdds-2538-d7d2t-4245227124, networkLocation: /default-rack, certSerialId: null}, Type:RATIS, Factor:ONE, State:ALLOCATED]
2019-11-19 09:03:16,363 [EventQueue-NodeRegistrationContainerReportForContainerSafeModeRule] INFO  safemode.SCMSafeModeManager (SCMSafeModeManager.java:validateSafeModeExitRules(176)) - ContainerSafeModeRule rule is successfully validated
2019-11-19 09:03:16,363 [EventQueue-NodeRegistrationContainerReportForDataNodeSafeModeRule] INFO  safemode.SCMSafeModeManager (SCMSafeModeManager.java:validateSafeModeExitRules(176)) - DataNodeSafeModeRule rule is successfully validated
2019-11-19 09:03:16,365 [RatisPipelineUtilsThread] INFO  pipeline.RatisPipelineProvider (RatisPipelineProvider.java:lambda$create$4(163)) - Send pipeline:PipelineID=a1afe00e-b12a-452f-89cf-e9d8210a25fa create command to datanode d84362bd-c453-48c1-b281-932808b65f14
2019-11-19 09:03:16,365 [RatisPipelineUtilsThread] INFO  pipeline.RatisPipelineProvider (RatisPipelineProvider.java:lambda$create$4(163)) - Send pipeline:PipelineID=a1afe00e-b12a-452f-89cf-e9d8210a25fa create command to datanode 3cfc6e4c-ad73-48ff-9ed4-89cd5a33d17f
2019-11-19 09:03:16,365 [RatisPipelineUtilsThread] INFO  pipeline.RatisPipelineProvider (RatisPipelineProvider.java:lambda$create$4(163)) - Send pipeline:PipelineID=a1afe00e-b12a-452f-89cf-e9d8210a25fa create command to datanode b58b7614-b117-481c-9fe5-7c32a06e39f4
2019-11-19 09:03:16,366 [RatisPipelineUtilsThread] INFO  pipeline.PipelineStateManager (PipelineStateManager.java:addPipeline(55)) - Created pipeline Pipeline[ Id: a1afe00e-b12a-452f-89cf-e9d8210a25fa, Nodes: d84362bd-c453-48c1-b281-932808b65f14{ip: 192.168.157.255, host: pr-hdds-2538-d7d2t-4245227124, networkLocation: /default-rack, certSerialId: null}3cfc6e4c-ad73-48ff-9ed4-89cd5a33d17f{ip: 192.168.157.255, host: pr-hdds-2538-d7d2t-4245227124, networkLocation: /default-rack, certSerialId: null}b58b7614-b117-481c-9fe5-7c32a06e39f4{ip: 192.168.157.255, host: pr-hdds-2538-d7d2t-4245227124, networkLocation: /default-rack, certSerialId: null}, Type:RATIS, Factor:THREE, State:ALLOCATED]
2019-11-19 09:03:17,362 [main] INFO  ozone.MiniOzoneClusterImpl (MiniOzoneClusterImpl.java:lambda$waitForClusterToBeReady$0(150)) - Nodes are ready. Got 3 of 3 DN Heartbeats.
2019-11-19 09:03:17,362 [main] INFO  ozone.MiniOzoneClusterImpl (MiniOzoneClusterImpl.java:lambda$waitForClusterToBeReady$0(153)) - Waiting for cluster to exit safe mode
2019-11-19 09:03:18,363 [main] INFO  ozone.MiniOzoneClusterImpl (MiniOzoneClusterImpl.java:lambda$waitForClusterToBeReady$0(150)) - Nodes are ready. Got 3 of 3 DN Heartbeats.
2019-11-19 09:03:18,363 [main] INFO  ozone.MiniOzoneClusterImpl (MiniOzoneClusterImpl.java:lambda$waitForClusterToBeReady$0(153)) - Waiting for cluster to exit safe mode
2019-11-19 09:03:19,192 [Command processor thread] INFO  impl.RaftServerProxy (RaftServerProxy.java:addNew(89)) - d84362bd-c453-48c1-b281-932808b65f14: addNew group-14CC65891159:[d84362bd-c453-48c1-b281-932808b65f14:192.168.157.255:36092] returns group-14CC65891159:java.util.concurrent.CompletableFuture@4a0e3514[Not completed]
2019-11-19 09:03:19,213 [pool-27-thread-1] INFO  impl.RaftServerImpl (RaftServerImpl.java:<init>(98)) - d84362bd-c453-48c1-b281-932808b65f14: new RaftServerImpl for group-14CC65891159:[d84362bd-c453-48c1-b281-932808b65f14:192.168.157.255:36092] with ContainerStateMachine:uninitialized
2019-11-19 09:03:19,216 [pool-27-thread-1] INFO  server.RaftServerConfigKeys (ConfUtils.java:logGet(43)) - raft.server.rpc.timeout.min = 5s (custom)
2019-11-19 09:03:19,217 [pool-27-thread-1] INFO  server.RaftServerConfigKeys (ConfUtils.java:logGet(43)) - raft.server.rpc.timeout.max = 5200ms (custom)
2019-11-19 09:03:19,217 [pool-27-thread-1] INFO  server.RaftServerConfigKeys (ConfUtils.java:logGet(43)) - raft.server.rpcslowness.timeout = 120s (custom)
2019-11-19 09:03:19,218 [pool-27-thread-1] INFO  server.RaftServerConfigKeys (ConfUtils.java:logGet(43)) - raft.server.sleep.deviation.threshold = 300 (default)
2019-11-19 09:03:19,219 [pool-27-thread-1] INFO  server.RaftServerConfigKeys (ConfUtils.java:logGet(43)) - raft.server.log.appender.install.snapshot.enabled = false (custom)
2019-11-19 09:03:19,229 [pool-27-thread-1] INFO  impl.RaftServerImpl (ServerState.java:<init>(103)) - d84362bd-c453-48c1-b281-932808b65f14@group-14CC65891159: ConfigurationManager, init=-1: [d84362bd-c453-48c1-b281-932808b65f14:192.168.157.255:36092], old=null, confs=<EMPTY_MAP>
2019-11-19 09:03:19,230 [pool-27-thread-1] INFO  server.RaftServerConfigKeys (ConfUtils.java:logGet(43)) - raft.server.storage.dir = [/workdir/hadoop-ozone/tools/target/test-dir/MiniOzoneClusterImpl-966ae5d1-5369-4dd0-960c-586569c2c391/datanode-0/data/ratis] (custom)
2019-11-19 09:03:19,239 [pool-27-thread-1] INFO  server.RaftServerConfigKeys (ConfUtils.java:logGet(43)) - raft.server.log.corruption.policy = EXCEPTION (default)
2019-11-19 09:03:19,241 [pool-27-thread-1] INFO  storage.RaftStorageDirectory (RaftStorageDirectory.java:analyzeStorage(246)) - The storage directory /workdir/hadoop-ozone/tools/target/test-dir/MiniOzoneClusterImpl-966ae5d1-5369-4dd0-960c-586569c2c391/datanode-0/data/ratis/6b24b952-b467-4f51-92ca-14cc65891159 does not exist. Creating ...
2019-11-19 09:03:19,264 [Command processor thread] INFO  impl.RaftServerProxy (RaftServerProxy.java:addNew(89)) - 3cfc6e4c-ad73-48ff-9ed4-89cd5a33d17f: addNew group-E5B210A995B5:[3cfc6e4c-ad73-48ff-9ed4-89cd5a33d17f:192.168.157.255:43645] returns group-E5B210A995B5:java.util.concurrent.CompletableFuture@5538090d[Not completed]
2019-11-19 09:03:19,272 [pool-27-thread-1] INFO  storage.RaftStorageDirectory (RaftStorageDirectory.java:tryLock(328)) - Lock on /workdir/hadoop-ozone/tools/target/test-dir/MiniOzoneClusterImpl-966ae5d1-5369-4dd0-960c-586569c2c391/datanode-0/data/ratis/6b24b952-b467-4f51-92ca-14cc65891159/in_use.lock acquired by nodename 29969@pr-hdds-2538-d7d2t-4245227124
2019-11-19 09:03:19,289 [pool-37-thread-1] INFO  impl.RaftServerImpl (RaftServerImpl.java:<init>(98)) - 3cfc6e4c-ad73-48ff-9ed4-89cd5a33d17f: new RaftServerImpl for group-E5B210A995B5:[3cfc6e4c-ad73-48ff-9ed4-89cd5a33d17f:192.168.157.255:43645] with ContainerStateMachine:uninitialized
2019-11-19 09:03:19,290 [pool-37-thread-1] INFO  server.RaftServerConfigKeys (ConfUtils.java:logGet(43)) - raft.server.rpc.timeout.min = 5s (custom)
2019-11-19 09:03:19,291 [pool-37-thread-1] INFO  server.RaftServerConfigKeys (ConfUtils.java:logGet(43)) - raft.server.rpc.timeout.max = 5200ms (custom)
2019-11-19 09:03:19,291 [pool-37-thread-1] INFO  server.RaftServerConfigKeys (ConfUtils.java:logGet(43)) - raft.server.rpcslowness.timeout = 120s (custom)
2019-11-19 09:03:19,291 [pool-37-thread-1] INFO  server.RaftServerConfigKeys (ConfUtils.java:logGet(43)) - raft.server.sleep.deviation.threshold = 300 (default)
2019-11-19 09:03:19,291 [pool-37-thread-1] INFO  server.RaftServerConfigKeys (ConfUtils.java:logGet(43)) - raft.server.log.appender.install.snapshot.enabled = false (custom)
2019-11-19 09:03:19,291 [pool-37-thread-1] INFO  impl.RaftServerImpl (ServerState.java:<init>(103)) - 3cfc6e4c-ad73-48ff-9ed4-89cd5a33d17f@group-E5B210A995B5: ConfigurationManager, init=-1: [3cfc6e4c-ad73-48ff-9ed4-89cd5a33d17f:192.168.157.255:43645], old=null, confs=<EMPTY_MAP>
2019-11-19 09:03:19,292 [pool-37-thread-1] INFO  server.RaftServerConfigKeys (ConfUtils.java:logGet(43)) - raft.server.storage.dir = [/workdir/hadoop-ozone/tools/target/test-dir/MiniOzoneClusterImpl-966ae5d1-5369-4dd0-960c-586569c2c391/datanode-1/data/ratis] (custom)
2019-11-19 09:03:19,292 [pool-37-thread-1] INFO  server.RaftServerConfigKeys (ConfUtils.java:logGet(43)) - raft.server.log.corruption.policy = EXCEPTION (default)
2019-11-19 09:03:19,292 [pool-37-thread-1] INFO  storage.RaftStorageDirectory (RaftStorageDirectory.java:analyzeStorage(246)) - The storage directory /workdir/hadoop-ozone/tools/target/test-dir/MiniOzoneClusterImpl-966ae5d1-5369-4dd0-960c-586569c2c391/datanode-1/data/ratis/cf6324ee-0e99-4140-80d4-e5b210a995b5 does not exist. Creating ...
2019-11-19 09:03:19,306 [pool-37-thread-1] INFO  storage.RaftStorageDirectory (RaftStorageDirectory.java:tryLock(328)) - Lock on /workdir/hadoop-ozone/tools/target/test-dir/MiniOzoneClusterImpl-966ae5d1-5369-4dd0-960c-586569c2c391/datanode-1/data/ratis/cf6324ee-0e99-4140-80d4-e5b210a995b5/in_use.lock acquired by nodename 29969@pr-hdds-2538-d7d2t-4245227124
2019-11-19 09:03:19,308 [pool-27-thread-1] INFO  storage.RaftStorage (RaftStorage.java:format(84)) - Storage directory /workdir/hadoop-ozone/tools/target/test-dir/MiniOzoneClusterImpl-966ae5d1-5369-4dd0-960c-586569c2c391/datanode-0/data/ratis/6b24b952-b467-4f51-92ca-14cc65891159 has been successfully formatted.
2019-11-19 09:03:19,311 [pool-27-thread-1] INFO  ratis.ContainerStateMachine (ContainerStateMachine.java:loadSnapshot(223)) - group-14CC65891159: The snapshot info is null. Setting the last applied indexto:(t:0, i:~)
2019-11-19 09:03:19,312 [pool-27-thread-1] INFO  server.RaftServerConfigKeys (ConfUtils.java:logGet(43)) - raft.server.notification.no-leader.timeout = 120s (custom)
2019-11-19 09:03:19,315 [pool-27-thread-1] INFO  server.RaftServerConfigKeys (ConfUtils.java:logGet(43)) - raft.server.log.use.memory = false (default)
2019-11-19 09:03:19,323 [pool-37-thread-1] INFO  storage.RaftStorage (RaftStorage.java:format(84)) - Storage directory /workdir/hadoop-ozone/tools/target/test-dir/MiniOzoneClusterImpl-966ae5d1-5369-4dd0-960c-586569c2c391/datanode-1/data/ratis/cf6324ee-0e99-4140-80d4-e5b210a995b5 has been successfully formatted.
2019-11-19 09:03:19,327 [pool-27-thread-1] INFO  server.RaftServerConfigKeys (ConfUtils.java:logGet(43)) - raft.server.log.purge.gap = 1000000 (custom)
2019-11-19 09:03:19,324 [pool-37-thread-1] INFO  ratis.ContainerStateMachine (ContainerStateMachine.java:loadSnapshot(223)) - group-E5B210A995B5: The snapshot info is null. Setting the last applied indexto:(t:0, i:~)
2019-11-19 09:03:19,328 [pool-37-thread-1] INFO  server.RaftServerConfigKeys (ConfUtils.java:logGet(43)) - raft.server.notification.no-leader.timeout = 120s (custom)
2019-11-19 09:03:19,329 [pool-37-thread-1] INFO  server.RaftServerConfigKeys (ConfUtils.java:logGet(43)) - raft.server.log.use.memory = false (default)
2019-11-19 09:03:19,329 [pool-37-thread-1] INFO  server.RaftServerConfigKeys (ConfUtils.java:logGet(43)) - raft.server.log.purge.gap = 1000000 (custom)
2019-11-19 09:03:19,329 [pool-37-thread-1] INFO  server.RaftServerConfigKeys (ConfUtils.java:logGet(43)) - raft.server.log.appender.buffer.byte-limit = 33554432 (custom)
2019-11-19 09:03:19,328 [pool-27-thread-1] INFO  server.RaftServerConfigKeys (ConfUtils.java:logGet(43)) - raft.server.log.appender.buffer.byte-limit = 33554432 (custom)
2019-11-19 09:03:19,335 [pool-27-thread-1] INFO  server.RaftServerConfigKeys (ConfUtils.java:logGet(43)) - raft.server.log.segment.size.max = 1048576 (custom)
2019-11-19 09:03:19,335 [pool-37-thread-1] INFO  server.RaftServerConfigKeys (ConfUtils.java:logGet(43)) - raft.server.log.segment.size.max = 1048576 (custom)
2019-11-19 09:03:19,341 [pool-37-thread-1] INFO  metrics.MetricRegistries (MetricRegistriesLoader.java:load(64)) - Loaded MetricRegistries class org.apache.ratis.metrics.impl.MetricRegistriesImpl
2019-11-19 09:03:19,346 [pool-37-thread-1] WARN  impl.MetricRegistriesImpl (MetricRegistriesImpl.java:lambda$create$1(61)) - First MetricRegistry has been created without registering reporters. You may need to call MetricRegistries.global().addReportRegistration(...) before.
2019-11-19 09:03:19,348 [pool-27-thread-1] WARN  impl.MetricRegistriesImpl (MetricRegistriesImpl.java:lambda$create$1(61)) - First MetricRegistry has been created without registering reporters. You may need to call MetricRegistries.global().addReportRegistration(...) before.
2019-11-19 09:03:19,355 [pool-37-thread-1] INFO  server.RaftServerConfigKeys (ConfUtils.java:logGet(43)) - raft.server.log.segment.cache.num.max = 2 (custom)
2019-11-19 09:03:19,355 [pool-27-thread-1] INFO  server.RaftServerConfigKeys (ConfUtils.java:logGet(43)) - raft.server.log.segment.cache.num.max = 2 (custom)
2019-11-19 09:03:19,359 [Command processor thread] INFO  impl.RaftServerProxy (RaftServerProxy.java:addNew(89)) - b58b7614-b117-481c-9fe5-7c32a06e39f4: addNew group-D56ED5C3E8B9:[b58b7614-b117-481c-9fe5-7c32a06e39f4:192.168.157.255:32866] returns group-D56ED5C3E8B9:java.util.concurrent.CompletableFuture@6b491ed3[Not completed]
2019-11-19 09:03:19,367 [main] INFO  ozone.MiniOzoneClusterImpl (MiniOzoneClusterImpl.java:lambda$waitForClusterToBeReady$0(150)) - Nodes are ready. Got 3 of 3 DN Heartbeats.
2019-11-19 09:03:19,371 [main] INFO  ozone.MiniOzoneClusterImpl (MiniOzoneClusterImpl.java:lambda$waitForClusterToBeReady$0(153)) - Waiting for cluster to exit safe mode
2019-11-19 09:03:19,372 [pool-47-thread-1] INFO  impl.RaftServerImpl (RaftServerImpl.java:<init>(98)) - b58b7614-b117-481c-9fe5-7c32a06e39f4: new RaftServerImpl for group-D56ED5C3E8B9:[b58b7614-b117-481c-9fe5-7c32a06e39f4:192.168.157.255:32866] with ContainerStateMachine:uninitialized
2019-11-19 09:03:19,373 [pool-47-thread-1] INFO  server.RaftServerConfigKeys (ConfUtils.java:logGet(43)) - raft.server.rpc.timeout.min = 5s (custom)
2019-11-19 09:03:19,373 [pool-47-thread-1] INFO  server.RaftServerConfigKeys (ConfUtils.java:logGet(43)) - raft.server.rpc.timeout.max = 5200ms (custom)
2019-11-19 09:03:19,373 [pool-47-thread-1] INFO  server.RaftServerConfigKeys (ConfUtils.java:logGet(43)) - raft.server.rpcslowness.timeout = 120s (custom)
2019-11-19 09:03:19,374 [pool-47-thread-1] INFO  server.RaftServerConfigKeys (ConfUtils.java:logGet(43)) - raft.server.sleep.deviation.threshold = 300 (default)
2019-11-19 09:03:19,374 [pool-47-thread-1] INFO  server.RaftServerConfigKeys (ConfUtils.java:logGet(43)) - raft.server.log.appender.install.snapshot.enabled = false (custom)
2019-11-19 09:03:19,374 [pool-47-thread-1] INFO  impl.RaftServerImpl (ServerState.java:<init>(103)) - b58b7614-b117-481c-9fe5-7c32a06e39f4@group-D56ED5C3E8B9: ConfigurationManager, init=-1: [b58b7614-b117-481c-9fe5-7c32a06e39f4:192.168.157.255:32866], old=null, confs=<EMPTY_MAP>
2019-11-19 09:03:19,374 [pool-37-thread-1] INFO  segmented.SegmentedRaftLogWorker (SegmentedRaftLogWorker.java:<init>(173)) - new 3cfc6e4c-ad73-48ff-9ed4-89cd5a33d17f@group-E5B210A995B5-SegmentedRaftLogWorker for RaftStorage:Storage Directory /workdir/hadoop-ozone/tools/target/test-dir/MiniOzoneClusterImpl-966ae5d1-5369-4dd0-960c-586569c2c391/datanode-1/data/ratis/cf6324ee-0e99-4140-80d4-e5b210a995b5
2019-11-19 09:03:19,374 [pool-27-thread-1] INFO  segmented.SegmentedRaftLogWorker (SegmentedRaftLogWorker.java:<init>(173)) - new d84362bd-c453-48c1-b281-932808b65f14@group-14CC65891159-SegmentedRaftLogWorker for RaftStorage:Storage Directory /workdir/hadoop-ozone/tools/target/test-dir/MiniOzoneClusterImpl-966ae5d1-5369-4dd0-960c-586569c2c391/datanode-0/data/ratis/6b24b952-b467-4f51-92ca-14cc65891159
2019-11-19 09:03:19,375 [pool-47-thread-1] INFO  server.RaftServerConfigKeys (ConfUtils.java:logGet(43)) - raft.server.storage.dir = [/workdir/hadoop-ozone/tools/target/test-dir/MiniOzoneClusterImpl-966ae5d1-5369-4dd0-960c-586569c2c391/datanode-2/data/ratis] (custom)
2019-11-19 09:03:19,375 [pool-37-thread-1] INFO  server.RaftServerConfigKeys (ConfUtils.java:logGet(43)) - raft.server.log.queue.byte-limit = 2147483647 (custom)
2019-11-19 09:03:19,376 [pool-47-thread-1] INFO  server.RaftServerConfigKeys (ConfUtils.java:logGet(43)) - raft.server.log.corruption.policy = EXCEPTION (default)
2019-11-19 09:03:19,378 [pool-27-thread-1] INFO  server.RaftServerConfigKeys (ConfUtils.java:logGet(43)) - raft.server.log.queue.byte-limit = 2147483647 (custom)
2019-11-19 09:03:19,380 [pool-47-thread-1] INFO  storage.RaftStorageDirectory (RaftStorageDirectory.java:analyzeStorage(246)) - The storage directory /workdir/hadoop-ozone/tools/target/test-dir/MiniOzoneClusterImpl-966ae5d1-5369-4dd0-960c-586569c2c391/datanode-2/data/ratis/b6a3bb0c-26ce-4adc-8be6-d56ed5c3e8b9 does not exist. Creating ...
2019-11-19 09:03:19,382 [pool-37-thread-1] INFO  server.RaftServerConfigKeys (ConfUtils.java:logGet(43)) - raft.server.log.queue.element-limit = 1024 (custom)
2019-11-19 09:03:19,382 [pool-27-thread-1] INFO  server.RaftServerConfigKeys (ConfUtils.java:logGet(43)) - raft.server.log.queue.element-limit = 1024 (custom)
2019-11-19 09:03:19,387 [pool-37-thread-1] INFO  server.RaftServerConfigKeys (ConfUtils.java:logGet(43)) - raft.server.log.segment.size.max = 1048576 (custom)
2019-11-19 09:03:19,387 [pool-27-thread-1] INFO  server.RaftServerConfigKeys (ConfUtils.java:logGet(43)) - raft.server.log.segment.size.max = 1048576 (custom)
2019-11-19 09:03:19,387 [pool-37-thread-1] INFO  server.RaftServerConfigKeys (ConfUtils.java:logGet(43)) - raft.server.log.preallocated.size = 16384 (custom)
2019-11-19 09:03:19,388 [pool-27-thread-1] INFO  server.RaftServerConfigKeys (ConfUtils.java:logGet(43)) - raft.server.log.preallocated.size = 16384 (custom)
2019-11-19 09:03:19,388 [pool-37-thread-1] INFO  server.RaftServerConfigKeys (ConfUtils.java:logGet(43)) - raft.server.log.write.buffer.size = 33554432 (custom)
2019-11-19 09:03:19,388 [pool-27-thread-1] INFO  server.RaftServerConfigKeys (ConfUtils.java:logGet(43)) - raft.server.log.write.buffer.size = 33554432 (custom)
2019-11-19 09:03:19,389 [pool-37-thread-1] INFO  server.RaftServerConfigKeys (ConfUtils.java:logGet(43)) - raft.server.log.force.sync.num = 128 (default)
2019-11-19 09:03:19,389 [pool-27-thread-1] INFO  server.RaftServerConfigKeys (ConfUtils.java:logGet(43)) - raft.server.log.force.sync.num = 128 (default)
2019-11-19 09:03:19,392 [pool-27-thread-1] INFO  server.RaftServerConfigKeys (ConfUtils.java:logGet(43)) - raft.server.log.statemachine.data.sync = true (default)
2019-11-19 09:03:19,392 [pool-37-thread-1] INFO  server.RaftServerConfigKeys (ConfUtils.java:logGet(43)) - raft.server.log.statemachine.data.sync = true (default)
2019-11-19 09:03:19,392 [pool-27-thread-1] INFO  server.RaftServerConfigKeys (ConfUtils.java:logGet(43)) - raft.server.log.statemachine.data.sync.timeout = 10s (default)
2019-11-19 09:03:19,392 [pool-37-thread-1] INFO  server.RaftServerConfigKeys (ConfUtils.java:logGet(43)) - raft.server.log.statemachine.data.sync.timeout = 10s (default)
2019-11-19 09:03:19,393 [pool-27-thread-1] INFO  server.RaftServerConfigKeys (ConfUtils.java:logGet(43)) - raft.server.log.statemachine.data.sync.timeout.retry = -1 (default)
2019-11-19 09:03:19,393 [pool-37-thread-1] INFO  server.RaftServerConfigKeys (ConfUtils.java:logGet(43)) - raft.server.log.statemachine.data.sync.timeout.retry = -1 (default)
2019-11-19 09:03:19,404 [pool-47-thread-1] INFO  storage.RaftStorageDirectory (RaftStorageDirectory.java:tryLock(328)) - Lock on /workdir/hadoop-ozone/tools/target/test-dir/MiniOzoneClusterImpl-966ae5d1-5369-4dd0-960c-586569c2c391/datanode-2/data/ratis/b6a3bb0c-26ce-4adc-8be6-d56ed5c3e8b9/in_use.lock acquired by nodename 29969@pr-hdds-2538-d7d2t-4245227124
2019-11-19 09:03:19,417 [pool-37-thread-1] INFO  server.RaftServerConfigKeys (ConfUtils.java:logGet(43)) - raft.server.log.statemachine.data.caching.enabled = true (custom)
2019-11-19 09:03:19,417 [pool-27-thread-1] INFO  server.RaftServerConfigKeys (ConfUtils.java:logGet(43)) - raft.server.log.statemachine.data.caching.enabled = true (custom)
2019-11-19 09:03:19,419 [pool-47-thread-1] INFO  storage.RaftStorage (RaftStorage.java:format(84)) - Storage directory /workdir/hadoop-ozone/tools/target/test-dir/MiniOzoneClusterImpl-966ae5d1-5369-4dd0-960c-586569c2c391/datanode-2/data/ratis/b6a3bb0c-26ce-4adc-8be6-d56ed5c3e8b9 has been successfully formatted.
2019-11-19 09:03:19,420 [pool-47-thread-1] INFO  ratis.ContainerStateMachine (ContainerStateMachine.java:loadSnapshot(223)) - group-D56ED5C3E8B9: The snapshot info is null. Setting the last applied indexto:(t:0, i:~)
2019-11-19 09:03:19,420 [pool-47-thread-1] INFO  server.RaftServerConfigKeys (ConfUtils.java:logGet(43)) - raft.server.notification.no-leader.timeout = 120s (custom)
2019-11-19 09:03:19,421 [pool-47-thread-1] INFO  server.RaftServerConfigKeys (ConfUtils.java:logGet(43)) - raft.server.log.use.memory = false (default)
2019-11-19 09:03:19,421 [pool-47-thread-1] INFO  server.RaftServerConfigKeys (ConfUtils.java:logGet(43)) - raft.server.log.purge.gap = 1000000 (custom)
2019-11-19 09:03:19,421 [pool-47-thread-1] INFO  server.RaftServerConfigKeys (ConfUtils.java:logGet(43)) - raft.server.log.appender.buffer.byte-limit = 33554432 (custom)
2019-11-19 09:03:19,421 [pool-47-thread-1] INFO  server.RaftServerConfigKeys (ConfUtils.java:logGet(43)) - raft.server.log.segment.size.max = 1048576 (custom)
2019-11-19 09:03:19,422 [pool-47-thread-1] WARN  impl.MetricRegistriesImpl (MetricRegistriesImpl.java:lambda$create$1(61)) - First MetricRegistry has been created without registering reporters. You may need to call MetricRegistries.global().addReportRegistration(...) before.
2019-11-19 09:03:19,422 [pool-47-thread-1] INFO  server.RaftServerConfigKeys (ConfUtils.java:logGet(43)) - raft.server.log.segment.cache.num.max = 2 (custom)
2019-11-19 09:03:19,422 [pool-47-thread-1] INFO  segmented.SegmentedRaftLogWorker (SegmentedRaftLogWorker.java:<init>(173)) - new b58b7614-b117-481c-9fe5-7c32a06e39f4@group-D56ED5C3E8B9-SegmentedRaftLogWorker for RaftStorage:Storage Directory /workdir/hadoop-ozone/tools/target/test-dir/MiniOzoneClusterImpl-966ae5d1-5369-4dd0-960c-586569c2c391/datanode-2/data/ratis/b6a3bb0c-26ce-4adc-8be6-d56ed5c3e8b9
2019-11-19 09:03:19,423 [pool-47-thread-1] INFO  server.RaftServerConfigKeys (ConfUtils.java:logGet(43)) - raft.server.log.queue.byte-limit = 2147483647 (custom)
2019-11-19 09:03:19,423 [pool-47-thread-1] INFO  server.RaftServerConfigKeys (ConfUtils.java:logGet(43)) - raft.server.log.queue.element-limit = 1024 (custom)
2019-11-19 09:03:19,424 [pool-47-thread-1] INFO  server.RaftServerConfigKeys (ConfUtils.java:logGet(43)) - raft.server.log.segment.size.max = 1048576 (custom)
2019-11-19 09:03:19,424 [pool-47-thread-1] INFO  server.RaftServerConfigKeys (ConfUtils.java:logGet(43)) - raft.server.log.preallocated.size = 16384 (custom)
2019-11-19 09:03:19,424 [pool-47-thread-1] INFO  server.RaftServerConfigKeys (ConfUtils.java:logGet(43)) - raft.server.log.write.buffer.size = 33554432 (custom)
2019-11-19 09:03:19,425 [pool-47-thread-1] INFO  server.RaftServerConfigKeys (ConfUtils.java:logGet(43)) - raft.server.log.force.sync.num = 128 (default)
2019-11-19 09:03:19,425 [pool-47-thread-1] INFO  server.RaftServerConfigKeys (ConfUtils.java:logGet(43)) - raft.server.log.statemachine.data.sync = true (default)
2019-11-19 09:03:19,426 [pool-47-thread-1] INFO  server.RaftServerConfigKeys (ConfUtils.java:logGet(43)) - raft.server.log.statemachine.data.sync.timeout = 10s (default)
2019-11-19 09:03:19,426 [pool-37-thread-1] INFO  segmented.SegmentedRaftLogWorker (SegmentedRaftLogWorker.java:lambda$new$0(128)) - 3cfc6e4c-ad73-48ff-9ed4-89cd5a33d17f@group-E5B210A995B5-SegmentedRaftLogWorker: flushIndex: setUnconditionally 0 -> -1
2019-11-19 09:03:19,426 [pool-27-thread-1] INFO  segmented.SegmentedRaftLogWorker (SegmentedRaftLogWorker.java:lambda$new$0(128)) - d84362bd-c453-48c1-b281-932808b65f14@group-14CC65891159-SegmentedRaftLogWorker: flushIndex: setUnconditionally 0 -> -1
2019-11-19 09:03:19,427 [pool-47-thread-1] INFO  server.RaftServerConfigKeys (ConfUtils.java:logGet(43)) - raft.server.log.statemachine.data.sync.timeout.retry = -1 (default)
2019-11-19 09:03:19,427 [pool-47-thread-1] INFO  server.RaftServerConfigKeys (ConfUtils.java:logGet(43)) - raft.server.log.statemachine.data.caching.enabled = true (custom)
2019-11-19 09:03:19,428 [pool-47-thread-1] INFO  segmented.SegmentedRaftLogWorker (SegmentedRaftLogWorker.java:lambda$new$0(128)) - b58b7614-b117-481c-9fe5-7c32a06e39f4@group-D56ED5C3E8B9-SegmentedRaftLogWorker: flushIndex: setUnconditionally 0 -> -1
2019-11-19 09:03:19,433 [pool-37-thread-1] INFO  server.RaftServerConfigKeys (ConfUtils.java:logGet(43)) - raft.server.snapshot.auto.trigger.enabled = true (custom)
2019-11-19 09:03:19,433 [pool-27-thread-1] INFO  server.RaftServerConfigKeys (ConfUtils.java:logGet(43)) - raft.server.snapshot.auto.trigger.enabled = true (custom)
2019-11-19 09:03:19,433 [pool-47-thread-1] INFO  server.RaftServerConfigKeys (ConfUtils.java:logGet(43)) - raft.server.snapshot.auto.trigger.enabled = true (custom)
2019-11-19 09:03:19,435 [pool-37-thread-1] INFO  server.RaftServerConfigKeys (ConfUtils.java:logGet(43)) - raft.server.snapshot.auto.trigger.threshold = 10000 (custom)
2019-11-19 09:03:19,435 [pool-27-thread-1] INFO  server.RaftServerConfigKeys (ConfUtils.java:logGet(43)) - raft.server.snapshot.auto.trigger.threshold = 10000 (custom)
2019-11-19 09:03:19,435 [pool-47-thread-1] INFO  server.RaftServerConfigKeys (ConfUtils.java:logGet(43)) - raft.server.snapshot.auto.trigger.threshold = 10000 (custom)
2019-11-19 09:03:19,435 [pool-37-thread-1] INFO  server.RaftServerConfigKeys (ConfUtils.java:logGet(43)) - raft.server.snapshot.retention.file.num = 5 (custom)
2019-11-19 09:03:19,435 [pool-27-thread-1] INFO  server.RaftServerConfigKeys (ConfUtils.java:logGet(43)) - raft.server.snapshot.retention.file.num = 5 (custom)
2019-11-19 09:03:19,436 [pool-47-thread-1] INFO  server.RaftServerConfigKeys (ConfUtils.java:logGet(43)) - raft.server.snapshot.retention.file.num = 5 (custom)
2019-11-19 09:03:19,436 [pool-37-thread-1] INFO  server.RaftServerConfigKeys (ConfUtils.java:logGet(43)) - raft.server.retrycache.expirytime = 600000ms (custom)
2019-11-19 09:03:19,436 [pool-27-thread-1] INFO  server.RaftServerConfigKeys (ConfUtils.java:logGet(43)) - raft.server.retrycache.expirytime = 600000ms (custom)
2019-11-19 09:03:19,436 [pool-47-thread-1] INFO  server.RaftServerConfigKeys (ConfUtils.java:logGet(43)) - raft.server.retrycache.expirytime = 600000ms (custom)
2019-11-19 09:03:19,459 [pool-27-thread-1] WARN  impl.MetricRegistriesImpl (MetricRegistriesImpl.java:lambda$create$1(61)) - First MetricRegistry has been created without registering reporters. You may need to call MetricRegistries.global().addReportRegistration(...) before.
2019-11-19 09:03:19,459 [pool-47-thread-1] WARN  impl.MetricRegistriesImpl (MetricRegistriesImpl.java:lambda$create$1(61)) - First MetricRegistry has been created without registering reporters. You may need to call MetricRegistries.global().addReportRegistration(...) before.
2019-11-19 09:03:19,459 [pool-37-thread-1] WARN  impl.MetricRegistriesImpl (MetricRegistriesImpl.java:lambda$create$1(61)) - First MetricRegistry has been created without registering reporters. You may need to call MetricRegistries.global().addReportRegistration(...) before.
2019-11-19 09:03:19,462 [pool-37-thread-1] WARN  impl.MetricRegistriesImpl (MetricRegistriesImpl.java:lambda$create$1(61)) - First MetricRegistry has been created without registering reporters. You may need to call MetricRegistries.global().addReportRegistration(...) before.
2019-11-19 09:03:19,462 [pool-47-thread-1] WARN  impl.MetricRegistriesImpl (MetricRegistriesImpl.java:lambda$create$1(61)) - First MetricRegistry has been created without registering reporters. You may need to call MetricRegistries.global().addReportRegistration(...) before.
2019-11-19 09:03:19,462 [pool-27-thread-1] WARN  impl.MetricRegistriesImpl (MetricRegistriesImpl.java:lambda$create$1(61)) - First MetricRegistry has been created without registering reporters. You may need to call MetricRegistries.global().addReportRegistration(...) before.
2019-11-19 09:03:19,465 [pool-27-thread-1] INFO  impl.RaftServerImpl (RaftServerImpl.java:start(184)) - d84362bd-c453-48c1-b281-932808b65f14@group-14CC65891159: start as a follower, conf=-1: [d84362bd-c453-48c1-b281-932808b65f14:192.168.157.255:36092], old=null
2019-11-19 09:03:19,465 [pool-37-thread-1] INFO  impl.RaftServerImpl (RaftServerImpl.java:start(184)) - 3cfc6e4c-ad73-48ff-9ed4-89cd5a33d17f@group-E5B210A995B5: start as a follower, conf=-1: [3cfc6e4c-ad73-48ff-9ed4-89cd5a33d17f:192.168.157.255:43645], old=null
2019-11-19 09:03:19,465 [pool-47-thread-1] INFO  impl.RaftServerImpl (RaftServerImpl.java:start(184)) - b58b7614-b117-481c-9fe5-7c32a06e39f4@group-D56ED5C3E8B9: start as a follower, conf=-1: [b58b7614-b117-481c-9fe5-7c32a06e39f4:192.168.157.255:32866], old=null
2019-11-19 09:03:19,466 [pool-37-thread-1] INFO  impl.RaftServerImpl (RaftServerImpl.java:setRole(173)) - 3cfc6e4c-ad73-48ff-9ed4-89cd5a33d17f@group-E5B210A995B5: changes role from      null to FOLLOWER at term 0 for startAsFollower
2019-11-19 09:03:19,466 [pool-27-thread-1] INFO  impl.RaftServerImpl (RaftServerImpl.java:setRole(173)) - d84362bd-c453-48c1-b281-932808b65f14@group-14CC65891159: changes role from      null to FOLLOWER at term 0 for startAsFollower
2019-11-19 09:03:19,466 [pool-47-thread-1] INFO  impl.RaftServerImpl (RaftServerImpl.java:setRole(173)) - b58b7614-b117-481c-9fe5-7c32a06e39f4@group-D56ED5C3E8B9: changes role from      null to FOLLOWER at term 0 for startAsFollower
2019-11-19 09:03:19,467 [pool-37-thread-1] INFO  impl.RoleInfo (RoleInfo.java:updateAndGet(143)) - 3cfc6e4c-ad73-48ff-9ed4-89cd5a33d17f: start FollowerState
2019-11-19 09:03:19,467 [pool-27-thread-1] INFO  impl.RoleInfo (RoleInfo.java:updateAndGet(143)) - d84362bd-c453-48c1-b281-932808b65f14: start FollowerState
2019-11-19 09:03:19,467 [pool-47-thread-1] INFO  impl.RoleInfo (RoleInfo.java:updateAndGet(143)) - b58b7614-b117-481c-9fe5-7c32a06e39f4: start FollowerState
2019-11-19 09:03:19,471 [pool-27-thread-1] INFO  util.JmxRegister (JmxRegister.java:tryRegister(44)) - Successfully registered JMX Bean with object name Ratis:service=RaftServer,group=group-14CC65891159,id=d84362bd-c453-48c1-b281-932808b65f14
2019-11-19 09:03:19,471 [pool-37-thread-1] INFO  util.JmxRegister (JmxRegister.java:tryRegister(44)) - Successfully registered JMX Bean with object name Ratis:service=RaftServer,group=group-E5B210A995B5,id=3cfc6e4c-ad73-48ff-9ed4-89cd5a33d17f
2019-11-19 09:03:19,471 [pool-47-thread-1] INFO  util.JmxRegister (JmxRegister.java:tryRegister(44)) - Successfully registered JMX Bean with object name Ratis:service=RaftServer,group=group-D56ED5C3E8B9,id=b58b7614-b117-481c-9fe5-7c32a06e39f4
2019-11-19 09:03:19,474 [pool-37-thread-1] WARN  impl.MetricRegistriesImpl (MetricRegistriesImpl.java:lambda$create$1(61)) - First MetricRegistry has been created without registering reporters. You may need to call MetricRegistries.global().addReportRegistration(...) before.
2019-11-19 09:03:19,474 [pool-47-thread-1] WARN  impl.MetricRegistriesImpl (MetricRegistriesImpl.java:lambda$create$1(61)) - First MetricRegistry has been created without registering reporters. You may need to call MetricRegistries.global().addReportRegistration(...) before.
2019-11-19 09:03:19,474 [pool-27-thread-1] WARN  impl.MetricRegistriesImpl (MetricRegistriesImpl.java:lambda$create$1(61)) - First MetricRegistry has been created without registering reporters. You may need to call MetricRegistries.global().addReportRegistration(...) before.
2019-11-19 09:03:19,488 [Command processor thread] INFO  commandhandler.CreatePipelineCommandHandler (CreatePipelineCommandHandler.java:handle(86)) - Create Pipeline RATIS ONE #id: "cf6324ee-0e99-4140-80d4-e5b210a995b5"
 command succeed on datanode 3cfc6e4c-ad73-48ff-9ed4-89cd5a33d17f.
2019-11-19 09:03:19,488 [Command processor thread] INFO  commandhandler.CreatePipelineCommandHandler (CreatePipelineCommandHandler.java:handle(86)) - Create Pipeline RATIS ONE #id: "b6a3bb0c-26ce-4adc-8be6-d56ed5c3e8b9"
 command succeed on datanode b58b7614-b117-481c-9fe5-7c32a06e39f4.
2019-11-19 09:03:19,488 [Command processor thread] INFO  commandhandler.CreatePipelineCommandHandler (CreatePipelineCommandHandler.java:handle(86)) - Create Pipeline RATIS ONE #id: "6b24b952-b467-4f51-92ca-14cc65891159"
 command succeed on datanode d84362bd-c453-48c1-b281-932808b65f14.
2019-11-19 09:03:19,498 [Command processor thread] INFO  impl.RaftServerProxy (RaftServerProxy.java:addNew(89)) - 3cfc6e4c-ad73-48ff-9ed4-89cd5a33d17f: addNew group-E9D8210A25FA:[d84362bd-c453-48c1-b281-932808b65f14:192.168.157.255:36092, b58b7614-b117-481c-9fe5-7c32a06e39f4:192.168.157.255:32866, 3cfc6e4c-ad73-48ff-9ed4-89cd5a33d17f:192.168.157.255:43645] returns group-E9D8210A25FA:java.util.concurrent.CompletableFuture@480a4afd[Not completed]
2019-11-19 09:03:19,498 [Command processor thread] INFO  impl.RaftServerProxy (RaftServerProxy.java:addNew(89)) - d84362bd-c453-48c1-b281-932808b65f14: addNew group-E9D8210A25FA:[d84362bd-c453-48c1-b281-932808b65f14:192.168.157.255:36092, b58b7614-b117-481c-9fe5-7c32a06e39f4:192.168.157.255:32866, 3cfc6e4c-ad73-48ff-9ed4-89cd5a33d17f:192.168.157.255:43645] returns group-E9D8210A25FA:java.util.concurrent.CompletableFuture@38a48bb1[Not completed]
2019-11-19 09:03:19,498 [Command processor thread] INFO  impl.RaftServerProxy (RaftServerProxy.java:addNew(89)) - b58b7614-b117-481c-9fe5-7c32a06e39f4: addNew group-E9D8210A25FA:[d84362bd-c453-48c1-b281-932808b65f14:192.168.157.255:36092, b58b7614-b117-481c-9fe5-7c32a06e39f4:192.168.157.255:32866, 3cfc6e4c-ad73-48ff-9ed4-89cd5a33d17f:192.168.157.255:43645] returns group-E9D8210A25FA:java.util.concurrent.CompletableFuture@6f768762[Not completed]
2019-11-19 09:03:19,502 [pool-37-thread-1] INFO  impl.RaftServerImpl (RaftServerImpl.java:<init>(98)) - 3cfc6e4c-ad73-48ff-9ed4-89cd5a33d17f: new RaftServerImpl for group-E9D8210A25FA:[d84362bd-c453-48c1-b281-932808b65f14:192.168.157.255:36092, b58b7614-b117-481c-9fe5-7c32a06e39f4:192.168.157.255:32866, 3cfc6e4c-ad73-48ff-9ed4-89cd5a33d17f:192.168.157.255:43645] with ContainerStateMachine:uninitialized
2019-11-19 09:03:19,502 [pool-37-thread-1] INFO  server.RaftServerConfigKeys (ConfUtils.java:logGet(43)) - raft.server.rpc.timeout.min = 5s (custom)
2019-11-19 09:03:19,502 [pool-37-thread-1] INFO  server.RaftServerConfigKeys (ConfUtils.java:logGet(43)) - raft.server.rpc.timeout.max = 5200ms (custom)
2019-11-19 09:03:19,502 [pool-37-thread-1] INFO  server.RaftServerConfigKeys (ConfUtils.java:logGet(43)) - raft.server.rpcslowness.timeout = 120s (custom)
2019-11-19 09:03:19,502 [pool-37-thread-1] INFO  server.RaftServerConfigKeys (ConfUtils.java:logGet(43)) - raft.server.sleep.deviation.threshold = 300 (default)
2019-11-19 09:03:19,502 [pool-37-thread-1] INFO  server.RaftServerConfigKeys (ConfUtils.java:logGet(43)) - raft.server.log.appender.install.snapshot.enabled = false (custom)
2019-11-19 09:03:19,502 [pool-37-thread-1] INFO  impl.RaftServerImpl (ServerState.java:<init>(103)) - 3cfc6e4c-ad73-48ff-9ed4-89cd5a33d17f@group-E9D8210A25FA: ConfigurationManager, init=-1: [d84362bd-c453-48c1-b281-932808b65f14:192.168.157.255:36092, b58b7614-b117-481c-9fe5-7c32a06e39f4:192.168.157.255:32866, 3cfc6e4c-ad73-48ff-9ed4-89cd5a33d17f:192.168.157.255:43645], old=null, confs=<EMPTY_MAP>
2019-11-19 09:03:19,503 [pool-37-thread-1] INFO  server.RaftServerConfigKeys (ConfUtils.java:logGet(43)) - raft.server.storage.dir = [/workdir/hadoop-ozone/tools/target/test-dir/MiniOzoneClusterImpl-966ae5d1-5369-4dd0-960c-586569c2c391/datanode-1/data/ratis] (custom)
2019-11-19 09:03:19,503 [pool-27-thread-1] INFO  impl.RaftServerImpl (RaftServerImpl.java:<init>(98)) - d84362bd-c453-48c1-b281-932808b65f14: new RaftServerImpl for group-E9D8210A25FA:[d84362bd-c453-48c1-b281-932808b65f14:192.168.157.255:36092, b58b7614-b117-481c-9fe5-7c32a06e39f4:192.168.157.255:32866, 3cfc6e4c-ad73-48ff-9ed4-89cd5a33d17f:192.168.157.255:43645] with ContainerStateMachine:uninitialized
2019-11-19 09:03:19,503 [pool-27-thread-1] INFO  server.RaftServerConfigKeys (ConfUtils.java:logGet(43)) - raft.server.rpc.timeout.min = 5s (custom)
2019-11-19 09:03:19,503 [pool-37-thread-1] INFO  server.RaftServerConfigKeys (ConfUtils.java:logGet(43)) - raft.server.log.corruption.policy = EXCEPTION (default)
2019-11-19 09:03:19,503 [pool-27-thread-1] INFO  server.RaftServerConfigKeys (ConfUtils.java:logGet(43)) - raft.server.rpc.timeout.max = 5200ms (custom)
2019-11-19 09:03:19,503 [pool-37-thread-1] INFO  storage.RaftStorageDirectory (RaftStorageDirectory.java:analyzeStorage(246)) - The storage directory /workdir/hadoop-ozone/tools/target/test-dir/MiniOzoneClusterImpl-966ae5d1-5369-4dd0-960c-586569c2c391/datanode-1/data/ratis/a1afe00e-b12a-452f-89cf-e9d8210a25fa does not exist. Creating ...
2019-11-19 09:03:19,503 [pool-27-thread-1] INFO  server.RaftServerConfigKeys (ConfUtils.java:logGet(43)) - raft.server.rpcslowness.timeout = 120s (custom)
2019-11-19 09:03:19,504 [pool-27-thread-1] INFO  server.RaftServerConfigKeys (ConfUtils.java:logGet(43)) - raft.server.sleep.deviation.threshold = 300 (default)
2019-11-19 09:03:19,504 [pool-27-thread-1] INFO  server.RaftServerConfigKeys (ConfUtils.java:logGet(43)) - raft.server.log.appender.install.snapshot.enabled = false (custom)
2019-11-19 09:03:19,504 [pool-27-thread-1] INFO  impl.RaftServerImpl (ServerState.java:<init>(103)) - d84362bd-c453-48c1-b281-932808b65f14@group-E9D8210A25FA: ConfigurationManager, init=-1: [d84362bd-c453-48c1-b281-932808b65f14:192.168.157.255:36092, b58b7614-b117-481c-9fe5-7c32a06e39f4:192.168.157.255:32866, 3cfc6e4c-ad73-48ff-9ed4-89cd5a33d17f:192.168.157.255:43645], old=null, confs=<EMPTY_MAP>
2019-11-19 09:03:19,504 [pool-47-thread-1] INFO  impl.RaftServerImpl (RaftServerImpl.java:<init>(98)) - b58b7614-b117-481c-9fe5-7c32a06e39f4: new RaftServerImpl for group-E9D8210A25FA:[d84362bd-c453-48c1-b281-932808b65f14:192.168.157.255:36092, b58b7614-b117-481c-9fe5-7c32a06e39f4:192.168.157.255:32866, 3cfc6e4c-ad73-48ff-9ed4-89cd5a33d17f:192.168.157.255:43645] with ContainerStateMachine:uninitialized
2019-11-19 09:03:19,504 [pool-27-thread-1] INFO  server.RaftServerConfigKeys (ConfUtils.java:logGet(43)) - raft.server.storage.dir = [/workdir/hadoop-ozone/tools/target/test-dir/MiniOzoneClusterImpl-966ae5d1-5369-4dd0-960c-586569c2c391/datanode-0/data/ratis] (custom)
2019-11-19 09:03:19,504 [pool-47-thread-1] INFO  server.RaftServerConfigKeys (ConfUtils.java:logGet(43)) - raft.server.rpc.timeout.min = 5s (custom)
2019-11-19 09:03:19,504 [pool-47-thread-1] INFO  server.RaftServerConfigKeys (ConfUtils.java:logGet(43)) - raft.server.rpc.timeout.max = 5200ms (custom)
2019-11-19 09:03:19,505 [pool-27-thread-1] INFO  server.RaftServerConfigKeys (ConfUtils.java:logGet(43)) - raft.server.log.corruption.policy = EXCEPTION (default)
2019-11-19 09:03:19,505 [pool-47-thread-1] INFO  server.RaftServerConfigKeys (ConfUtils.java:logGet(43)) - raft.server.rpcslowness.timeout = 120s (custom)
2019-11-19 09:03:19,505 [pool-27-thread-1] INFO  storage.RaftStorageDirectory (RaftStorageDirectory.java:analyzeStorage(246)) - The storage directory /workdir/hadoop-ozone/tools/target/test-dir/MiniOzoneClusterImpl-966ae5d1-5369-4dd0-960c-586569c2c391/datanode-0/data/ratis/a1afe00e-b12a-452f-89cf-e9d8210a25fa does not exist. Creating ...
2019-11-19 09:03:19,505 [pool-47-thread-1] INFO  server.RaftServerConfigKeys (ConfUtils.java:logGet(43)) - raft.server.sleep.deviation.threshold = 300 (default)
2019-11-19 09:03:19,505 [pool-47-thread-1] INFO  server.RaftServerConfigKeys (ConfUtils.java:logGet(43)) - raft.server.log.appender.install.snapshot.enabled = false (custom)
2019-11-19 09:03:19,505 [pool-47-thread-1] INFO  impl.RaftServerImpl (ServerState.java:<init>(103)) - b58b7614-b117-481c-9fe5-7c32a06e39f4@group-E9D8210A25FA: ConfigurationManager, init=-1: [d84362bd-c453-48c1-b281-932808b65f14:192.168.157.255:36092, b58b7614-b117-481c-9fe5-7c32a06e39f4:192.168.157.255:32866, 3cfc6e4c-ad73-48ff-9ed4-89cd5a33d17f:192.168.157.255:43645], old=null, confs=<EMPTY_MAP>
2019-11-19 09:03:19,505 [pool-47-thread-1] INFO  server.RaftServerConfigKeys (ConfUtils.java:logGet(43)) - raft.server.storage.dir = [/workdir/hadoop-ozone/tools/target/test-dir/MiniOzoneClusterImpl-966ae5d1-5369-4dd0-960c-586569c2c391/datanode-2/data/ratis] (custom)
2019-11-19 09:03:19,507 [pool-47-thread-1] INFO  server.RaftServerConfigKeys (ConfUtils.java:logGet(43)) - raft.server.log.corruption.policy = EXCEPTION (default)
2019-11-19 09:03:19,508 [pool-47-thread-1] INFO  storage.RaftStorageDirectory (RaftStorageDirectory.java:analyzeStorage(246)) - The storage directory /workdir/hadoop-ozone/tools/target/test-dir/MiniOzoneClusterImpl-966ae5d1-5369-4dd0-960c-586569c2c391/datanode-2/data/ratis/a1afe00e-b12a-452f-89cf-e9d8210a25fa does not exist. Creating ...
2019-11-19 09:03:19,517 [EventQueue-PipelineReportForPipelineReportHandler] INFO  pipeline.PipelineReportHandler (PipelineReportHandler.java:processPipelineReport(113)) - Pipeline ONE PipelineID=cf6324ee-0e99-4140-80d4-e5b210a995b5 reported by 3cfc6e4c-ad73-48ff-9ed4-89cd5a33d17f{ip: 192.168.157.255, host: pr-hdds-2538-d7d2t-4245227124, networkLocation: /default-rack, certSerialId: null}
2019-11-19 09:03:19,517 [EventQueue-PipelineReportForPipelineReportHandler] INFO  pipeline.PipelineStateManager (PipelineStateManager.java:openPipeline(132)) - Pipeline Pipeline[ Id: cf6324ee-0e99-4140-80d4-e5b210a995b5, Nodes: 3cfc6e4c-ad73-48ff-9ed4-89cd5a33d17f{ip: 192.168.157.255, host: pr-hdds-2538-d7d2t-4245227124, networkLocation: /default-rack, certSerialId: null}, Type:RATIS, Factor:ONE, State:ALLOCATED] moved to OPEN state
2019-11-19 09:03:19,520 [EventQueue-OpenPipelineForOneReplicaPipelineSafeModeRule] INFO  safemode.SCMSafeModeManager (SCMSafeModeManager.java:validateSafeModeExitRules(176)) - AtleastOneDatanodeReportedRule rule is successfully validated
2019-11-19 09:03:19,521 [EventQueue-PipelineReportForPipelineReportHandler] INFO  pipeline.PipelineReportHandler (PipelineReportHandler.java:processPipelineReport(113)) - Pipeline ONE PipelineID=b6a3bb0c-26ce-4adc-8be6-d56ed5c3e8b9 reported by b58b7614-b117-481c-9fe5-7c32a06e39f4{ip: 192.168.157.255, host: pr-hdds-2538-d7d2t-4245227124, networkLocation: /default-rack, certSerialId: null}
2019-11-19 09:03:19,521 [EventQueue-OpenPipelineForHealthyPipelineSafeModeRule] INFO  safemode.SCMSafeModeManager (HealthyPipelineSafeModeRule.java:process(132)) - SCM in safe mode. Healthy pipelines reported count is 0, required healthy pipeline reported count is 1
2019-11-19 09:03:19,521 [EventQueue-PipelineReportForPipelineReportHandler] INFO  pipeline.PipelineStateManager (PipelineStateManager.java:openPipeline(132)) - Pipeline Pipeline[ Id: b6a3bb0c-26ce-4adc-8be6-d56ed5c3e8b9, Nodes: b58b7614-b117-481c-9fe5-7c32a06e39f4{ip: 192.168.157.255, host: pr-hdds-2538-d7d2t-4245227124, networkLocation: /default-rack, certSerialId: null}, Type:RATIS, Factor:ONE, State:ALLOCATED] moved to OPEN state
2019-11-19 09:03:19,521 [EventQueue-OpenPipelineForOneReplicaPipelineSafeModeRule] INFO  safemode.SCMSafeModeManager (SCMSafeModeManager.java:validateSafeModeExitRules(176)) - AtleastOneDatanodeReportedRule rule is successfully validated
2019-11-19 09:03:19,521 [EventQueue-PipelineReportForPipelineReportHandler] INFO  pipeline.PipelineReportHandler (PipelineReportHandler.java:processPipelineReport(113)) - Pipeline ONE PipelineID=6b24b952-b467-4f51-92ca-14cc65891159 reported by d84362bd-c453-48c1-b281-932808b65f14{ip: 192.168.157.255, host: pr-hdds-2538-d7d2t-4245227124, networkLocation: /default-rack, certSerialId: null}
2019-11-19 09:03:19,521 [EventQueue-OpenPipelineForHealthyPipelineSafeModeRule] INFO  safemode.SCMSafeModeManager (HealthyPipelineSafeModeRule.java:process(132)) - SCM in safe mode. Healthy pipelines reported count is 0, required healthy pipeline reported count is 1
2019-11-19 09:03:19,522 [EventQueue-PipelineReportForPipelineReportHandler] INFO  pipeline.PipelineStateManager (PipelineStateManager.java:openPipeline(132)) - Pipeline Pipeline[ Id: 6b24b952-b467-4f51-92ca-14cc65891159, Nodes: d84362bd-c453-48c1-b281-932808b65f14{ip: 192.168.157.255, host: pr-hdds-2538-d7d2t-4245227124, networkLocation: /default-rack, certSerialId: null}, Type:RATIS, Factor:ONE, State:ALLOCATED] moved to OPEN state
2019-11-19 09:03:19,522 [EventQueue-OpenPipelineForOneReplicaPipelineSafeModeRule] INFO  safemode.SCMSafeModeManager (SCMSafeModeManager.java:validateSafeModeExitRules(176)) - AtleastOneDatanodeReportedRule rule is successfully validated
2019-11-19 09:03:19,522 [EventQueue-OpenPipelineForHealthyPipelineSafeModeRule] INFO  safemode.SCMSafeModeManager (HealthyPipelineSafeModeRule.java:process(132)) - SCM in safe mode. Healthy pipelines reported count is 0, required healthy pipeline reported count is 1
2019-11-19 09:03:19,525 [pool-47-thread-1] INFO  storage.RaftStorageDirectory (RaftStorageDirectory.java:tryLock(328)) - Lock on /workdir/hadoop-ozone/tools/target/test-dir/MiniOzoneClusterImpl-966ae5d1-5369-4dd0-960c-586569c2c391/datanode-2/data/ratis/a1afe00e-b12a-452f-89cf-e9d8210a25fa/in_use.lock acquired by nodename 29969@pr-hdds-2538-d7d2t-4245227124
2019-11-19 09:03:19,525 [pool-37-thread-1] INFO  storage.RaftStorageDirectory (RaftStorageDirectory.java:tryLock(328)) - Lock on /workdir/hadoop-ozone/tools/target/test-dir/MiniOzoneClusterImpl-966ae5d1-5369-4dd0-960c-586569c2c391/datanode-1/data/ratis/a1afe00e-b12a-452f-89cf-e9d8210a25fa/in_use.lock acquired by nodename 29969@pr-hdds-2538-d7d2t-4245227124
2019-11-19 09:03:19,525 [pool-27-thread-1] INFO  storage.RaftStorageDirectory (RaftStorageDirectory.java:tryLock(328)) - Lock on /workdir/hadoop-ozone/tools/target/test-dir/MiniOzoneClusterImpl-966ae5d1-5369-4dd0-960c-586569c2c391/datanode-0/data/ratis/a1afe00e-b12a-452f-89cf-e9d8210a25fa/in_use.lock acquired by nodename 29969@pr-hdds-2538-d7d2t-4245227124
2019-11-19 09:03:19,550 [pool-27-thread-1] INFO  storage.RaftStorage (RaftStorage.java:format(84)) - Storage directory /workdir/hadoop-ozone/tools/target/test-dir/MiniOzoneClusterImpl-966ae5d1-5369-4dd0-960c-586569c2c391/datanode-0/data/ratis/a1afe00e-b12a-452f-89cf-e9d8210a25fa has been successfully formatted.
2019-11-19 09:03:19,550 [pool-47-thread-1] INFO  storage.RaftStorage (RaftStorage.java:format(84)) - Storage directory /workdir/hadoop-ozone/tools/target/test-dir/MiniOzoneClusterImpl-966ae5d1-5369-4dd0-960c-586569c2c391/datanode-2/data/ratis/a1afe00e-b12a-452f-89cf-e9d8210a25fa has been successfully formatted.
2019-11-19 09:03:19,550 [pool-37-thread-1] INFO  storage.RaftStorage (RaftStorage.java:format(84)) - Storage directory /workdir/hadoop-ozone/tools/target/test-dir/MiniOzoneClusterImpl-966ae5d1-5369-4dd0-960c-586569c2c391/datanode-1/data/ratis/a1afe00e-b12a-452f-89cf-e9d8210a25fa has been successfully formatted.
2019-11-19 09:03:19,551 [pool-47-thread-1] INFO  ratis.ContainerStateMachine (ContainerStateMachine.java:loadSnapshot(223)) - group-E9D8210A25FA: The snapshot info is null. Setting the last applied indexto:(t:0, i:~)
2019-11-19 09:03:19,550 [pool-27-thread-1] INFO  ratis.ContainerStateMachine (ContainerStateMachine.java:loadSnapshot(223)) - group-E9D8210A25FA: The snapshot info is null. Setting the last applied indexto:(t:0, i:~)
2019-11-19 09:03:19,551 [pool-47-thread-1] INFO  server.RaftServerConfigKeys (ConfUtils.java:logGet(43)) - raft.server.notification.no-leader.timeout = 120s (custom)
2019-11-19 09:03:19,551 [pool-37-thread-1] INFO  ratis.ContainerStateMachine (ContainerStateMachine.java:loadSnapshot(223)) - group-E9D8210A25FA: The snapshot info is null. Setting the last applied indexto:(t:0, i:~)
2019-11-19 09:03:19,551 [pool-27-thread-1] INFO  server.RaftServerConfigKeys (ConfUtils.java:logGet(43)) - raft.server.notification.no-leader.timeout = 120s (custom)
2019-11-19 09:03:19,552 [pool-37-thread-1] INFO  server.RaftServerConfigKeys (ConfUtils.java:logGet(43)) - raft.server.notification.no-leader.timeout = 120s (custom)
2019-11-19 09:03:19,551 [pool-47-thread-1] INFO  server.RaftServerConfigKeys (ConfUtils.java:logGet(43)) - raft.server.log.use.memory = false (default)
2019-11-19 09:03:19,552 [pool-37-thread-1] INFO  server.RaftServerConfigKeys (ConfUtils.java:logGet(43)) - raft.server.log.use.memory = false (default)
2019-11-19 09:03:19,552 [pool-27-thread-1] INFO  server.RaftServerConfigKeys (ConfUtils.java:logGet(43)) - raft.server.log.use.memory = false (default)
2019-11-19 09:03:19,552 [pool-47-thread-1] INFO  server.RaftServerConfigKeys (ConfUtils.java:logGet(43)) - raft.server.log.purge.gap = 1000000 (custom)
2019-11-19 09:03:19,552 [pool-27-thread-1] INFO  server.RaftServerConfigKeys (ConfUtils.java:logGet(43)) - raft.server.log.purge.gap = 1000000 (custom)
2019-11-19 09:03:19,552 [pool-37-thread-1] INFO  server.RaftServerConfigKeys (ConfUtils.java:logGet(43)) - raft.server.log.purge.gap = 1000000 (custom)
2019-11-19 09:03:19,552 [pool-27-thread-1] INFO  server.RaftServerConfigKeys (ConfUtils.java:logGet(43)) - raft.server.log.appender.buffer.byte-limit = 33554432 (custom)
2019-11-19 09:03:19,552 [pool-47-thread-1] INFO  server.RaftServerConfigKeys (ConfUtils.java:logGet(43)) - raft.server.log.appender.buffer.byte-limit = 33554432 (custom)
2019-11-19 09:03:19,553 [pool-27-thread-1] INFO  server.RaftServerConfigKeys (ConfUtils.java:logGet(43)) - raft.server.log.segment.size.max = 1048576 (custom)
2019-11-19 09:03:19,553 [pool-37-thread-1] INFO  server.RaftServerConfigKeys (ConfUtils.java:logGet(43)) - raft.server.log.appender.buffer.byte-limit = 33554432 (custom)
2019-11-19 09:03:19,553 [pool-27-thread-1] INFO  server.RaftServerConfigKeys (ConfUtils.java:logGet(43)) - raft.server.log.segment.cache.num.max = 2 (custom)
2019-11-19 09:03:19,553 [pool-47-thread-1] INFO  server.RaftServerConfigKeys (ConfUtils.java:logGet(43)) - raft.server.log.segment.size.max = 1048576 (custom)
2019-11-19 09:03:19,553 [pool-27-thread-1] INFO  segmented.SegmentedRaftLogWorker (SegmentedRaftLogWorker.java:<init>(173)) - new d84362bd-c453-48c1-b281-932808b65f14@group-E9D8210A25FA-SegmentedRaftLogWorker for RaftStorage:Storage Directory /workdir/hadoop-ozone/tools/target/test-dir/MiniOzoneClusterImpl-966ae5d1-5369-4dd0-960c-586569c2c391/datanode-0/data/ratis/a1afe00e-b12a-452f-89cf-e9d8210a25fa
2019-11-19 09:03:19,553 [pool-37-thread-1] INFO  server.RaftServerConfigKeys (ConfUtils.java:logGet(43)) - raft.server.log.segment.size.max = 1048576 (custom)
2019-11-19 09:03:19,553 [pool-47-thread-1] INFO  server.RaftServerConfigKeys (ConfUtils.java:logGet(43)) - raft.server.log.segment.cache.num.max = 2 (custom)
2019-11-19 09:03:19,553 [pool-27-thread-1] INFO  server.RaftServerConfigKeys (ConfUtils.java:logGet(43)) - raft.server.log.queue.byte-limit = 2147483647 (custom)
2019-11-19 09:03:19,554 [pool-47-thread-1] INFO  segmented.SegmentedRaftLogWorker (SegmentedRaftLogWorker.java:<init>(173)) - new b58b7614-b117-481c-9fe5-7c32a06e39f4@group-E9D8210A25FA-SegmentedRaftLogWorker for RaftStorage:Storage Directory /workdir/hadoop-ozone/tools/target/test-dir/MiniOzoneClusterImpl-966ae5d1-5369-4dd0-960c-586569c2c391/datanode-2/data/ratis/a1afe00e-b12a-452f-89cf-e9d8210a25fa
2019-11-19 09:03:19,554 [pool-37-thread-1] INFO  server.RaftServerConfigKeys (ConfUtils.java:logGet(43)) - raft.server.log.segment.cache.num.max = 2 (custom)
2019-11-19 09:03:19,554 [pool-47-thread-1] INFO  server.RaftServerConfigKeys (ConfUtils.java:logGet(43)) - raft.server.log.queue.byte-limit = 2147483647 (custom)
2019-11-19 09:03:19,554 [pool-27-thread-1] INFO  server.RaftServerConfigKeys (ConfUtils.java:logGet(43)) - raft.server.log.queue.element-limit = 1024 (custom)
2019-11-19 09:03:19,554 [pool-47-thread-1] INFO  server.RaftServerConfigKeys (ConfUtils.java:logGet(43)) - raft.server.log.queue.element-limit = 1024 (custom)
2019-11-19 09:03:19,554 [pool-37-thread-1] INFO  segmented.SegmentedRaftLogWorker (SegmentedRaftLogWorker.java:<init>(173)) - new 3cfc6e4c-ad73-48ff-9ed4-89cd5a33d17f@group-E9D8210A25FA-SegmentedRaftLogWorker for RaftStorage:Storage Directory /workdir/hadoop-ozone/tools/target/test-dir/MiniOzoneClusterImpl-966ae5d1-5369-4dd0-960c-586569c2c391/datanode-1/data/ratis/a1afe00e-b12a-452f-89cf-e9d8210a25fa
2019-11-19 09:03:19,554 [pool-47-thread-1] INFO  server.RaftServerConfigKeys (ConfUtils.java:logGet(43)) - raft.server.log.segment.size.max = 1048576 (custom)
2019-11-19 09:03:19,554 [pool-27-thread-1] INFO  server.RaftServerConfigKeys (ConfUtils.java:logGet(43)) - raft.server.log.segment.size.max = 1048576 (custom)
2019-11-19 09:03:19,555 [pool-47-thread-1] INFO  server.RaftServerConfigKeys (ConfUtils.java:logGet(43)) - raft.server.log.preallocated.size = 16384 (custom)
2019-11-19 09:03:19,554 [pool-37-thread-1] INFO  server.RaftServerConfigKeys (ConfUtils.java:logGet(43)) - raft.server.log.queue.byte-limit = 2147483647 (custom)
2019-11-19 09:03:19,555 [pool-47-thread-1] INFO  server.RaftServerConfigKeys (ConfUtils.java:logGet(43)) - raft.server.log.write.buffer.size = 33554432 (custom)
2019-11-19 09:03:19,555 [pool-27-thread-1] INFO  server.RaftServerConfigKeys (ConfUtils.java:logGet(43)) - raft.server.log.preallocated.size = 16384 (custom)
2019-11-19 09:03:19,555 [pool-47-thread-1] INFO  server.RaftServerConfigKeys (ConfUtils.java:logGet(43)) - raft.server.log.force.sync.num = 128 (default)
2019-11-19 09:03:19,555 [pool-37-thread-1] INFO  server.RaftServerConfigKeys (ConfUtils.java:logGet(43)) - raft.server.log.queue.element-limit = 1024 (custom)
2019-11-19 09:03:19,555 [pool-47-thread-1] INFO  server.RaftServerConfigKeys (ConfUtils.java:logGet(43)) - raft.server.log.statemachine.data.sync = true (default)
2019-11-19 09:03:19,555 [pool-27-thread-1] INFO  server.RaftServerConfigKeys (ConfUtils.java:logGet(43)) - raft.server.log.write.buffer.size = 33554432 (custom)
2019-11-19 09:03:19,556 [pool-47-thread-1] INFO  server.RaftServerConfigKeys (ConfUtils.java:logGet(43)) - raft.server.log.statemachine.data.sync.timeout = 10s (default)
2019-11-19 09:03:19,556 [pool-37-thread-1] INFO  server.RaftServerConfigKeys (ConfUtils.java:logGet(43)) - raft.server.log.segment.size.max = 1048576 (custom)
2019-11-19 09:03:19,558 [pool-47-thread-1] INFO  server.RaftServerConfigKeys (ConfUtils.java:logGet(43)) - raft.server.log.statemachine.data.sync.timeout.retry = -1 (default)
2019-11-19 09:03:19,558 [pool-27-thread-1] INFO  server.RaftServerConfigKeys (ConfUtils.java:logGet(43)) - raft.server.log.force.sync.num = 128 (default)
2019-11-19 09:03:19,559 [pool-37-thread-1] INFO  server.RaftServerConfigKeys (ConfUtils.java:logGet(43)) - raft.server.log.preallocated.size = 16384 (custom)
2019-11-19 09:03:19,559 [pool-47-thread-1] INFO  server.RaftServerConfigKeys (ConfUtils.java:logGet(43)) - raft.server.log.statemachine.data.caching.enabled = true (custom)
2019-11-19 09:03:19,559 [pool-27-thread-1] INFO  server.RaftServerConfigKeys (ConfUtils.java:logGet(43)) - raft.server.log.statemachine.data.sync = true (default)
2019-11-19 09:03:19,560 [pool-37-thread-1] INFO  server.RaftServerConfigKeys (ConfUtils.java:logGet(43)) - raft.server.log.write.buffer.size = 33554432 (custom)
2019-11-19 09:03:19,560 [pool-27-thread-1] INFO  server.RaftServerConfigKeys (ConfUtils.java:logGet(43)) - raft.server.log.statemachine.data.sync.timeout = 10s (default)
2019-11-19 09:03:19,560 [pool-37-thread-1] INFO  server.RaftServerConfigKeys (ConfUtils.java:logGet(43)) - raft.server.log.force.sync.num = 128 (default)
2019-11-19 09:03:19,560 [pool-47-thread-1] INFO  segmented.SegmentedRaftLogWorker (SegmentedRaftLogWorker.java:lambda$new$0(128)) - b58b7614-b117-481c-9fe5-7c32a06e39f4@group-E9D8210A25FA-SegmentedRaftLogWorker: flushIndex: setUnconditionally 0 -> -1
2019-11-19 09:03:19,560 [pool-37-thread-1] INFO  server.RaftServerConfigKeys (ConfUtils.java:logGet(43)) - raft.server.log.statemachine.data.sync = true (default)
2019-11-19 09:03:19,560 [pool-27-thread-1] INFO  server.RaftServerConfigKeys (ConfUtils.java:logGet(43)) - raft.server.log.statemachine.data.sync.timeout.retry = -1 (default)
2019-11-19 09:03:19,561 [pool-47-thread-1] INFO  server.RaftServerConfigKeys (ConfUtils.java:logGet(43)) - raft.server.snapshot.auto.trigger.enabled = true (custom)
2019-11-19 09:03:19,561 [pool-27-thread-1] INFO  server.RaftServerConfigKeys (ConfUtils.java:logGet(43)) - raft.server.log.statemachine.data.caching.enabled = true (custom)
2019-11-19 09:03:19,561 [pool-37-thread-1] INFO  server.RaftServerConfigKeys (ConfUtils.java:logGet(43)) - raft.server.log.statemachine.data.sync.timeout = 10s (default)
2019-11-19 09:03:19,561 [pool-27-thread-1] INFO  segmented.SegmentedRaftLogWorker (SegmentedRaftLogWorker.java:lambda$new$0(128)) - d84362bd-c453-48c1-b281-932808b65f14@group-E9D8210A25FA-SegmentedRaftLogWorker: flushIndex: setUnconditionally 0 -> -1
2019-11-19 09:03:19,561 [pool-47-thread-1] INFO  server.RaftServerConfigKeys (ConfUtils.java:logGet(43)) - raft.server.snapshot.auto.trigger.threshold = 10000 (custom)
2019-11-19 09:03:19,561 [pool-37-thread-1] INFO  server.RaftServerConfigKeys (ConfUtils.java:logGet(43)) - raft.server.log.statemachine.data.sync.timeout.retry = -1 (default)
2019-11-19 09:03:19,562 [pool-47-thread-1] INFO  server.RaftServerConfigKeys (ConfUtils.java:logGet(43)) - raft.server.snapshot.retention.file.num = 5 (custom)
2019-11-19 09:03:19,562 [pool-27-thread-1] INFO  server.RaftServerConfigKeys (ConfUtils.java:logGet(43)) - raft.server.snapshot.auto.trigger.enabled = true (custom)
2019-11-19 09:03:19,562 [pool-47-thread-1] INFO  server.RaftServerConfigKeys (ConfUtils.java:logGet(43)) - raft.server.retrycache.expirytime = 600000ms (custom)
2019-11-19 09:03:19,562 [pool-37-thread-1] INFO  server.RaftServerConfigKeys (ConfUtils.java:logGet(43)) - raft.server.log.statemachine.data.caching.enabled = true (custom)
2019-11-19 09:03:19,562 [pool-47-thread-1] WARN  impl.MetricRegistriesImpl (MetricRegistriesImpl.java:lambda$create$1(61)) - First MetricRegistry has been created without registering reporters. You may need to call MetricRegistries.global().addReportRegistration(...) before.
2019-11-19 09:03:19,562 [pool-27-thread-1] INFO  server.RaftServerConfigKeys (ConfUtils.java:logGet(43)) - raft.server.snapshot.auto.trigger.threshold = 10000 (custom)
2019-11-19 09:03:19,562 [pool-47-thread-1] WARN  impl.MetricRegistriesImpl (MetricRegistriesImpl.java:lambda$create$1(61)) - First MetricRegistry has been created without registering reporters. You may need to call MetricRegistries.global().addReportRegistration(...) before.
2019-11-19 09:03:19,562 [pool-37-thread-1] INFO  segmented.SegmentedRaftLogWorker (SegmentedRaftLogWorker.java:lambda$new$0(128)) - 3cfc6e4c-ad73-48ff-9ed4-89cd5a33d17f@group-E9D8210A25FA-SegmentedRaftLogWorker: flushIndex: setUnconditionally 0 -> -1
2019-11-19 09:03:19,563 [pool-47-thread-1] INFO  impl.RaftServerImpl (RaftServerImpl.java:start(184)) - b58b7614-b117-481c-9fe5-7c32a06e39f4@group-E9D8210A25FA: start as a follower, conf=-1: [d84362bd-c453-48c1-b281-932808b65f14:192.168.157.255:36092, b58b7614-b117-481c-9fe5-7c32a06e39f4:192.168.157.255:32866, 3cfc6e4c-ad73-48ff-9ed4-89cd5a33d17f:192.168.157.255:43645], old=null
2019-11-19 09:03:19,562 [pool-27-thread-1] INFO  server.RaftServerConfigKeys (ConfUtils.java:logGet(43)) - raft.server.snapshot.retention.file.num = 5 (custom)
2019-11-19 09:03:19,563 [pool-47-thread-1] INFO  impl.RaftServerImpl (RaftServerImpl.java:setRole(173)) - b58b7614-b117-481c-9fe5-7c32a06e39f4@group-E9D8210A25FA: changes role from      null to FOLLOWER at term 0 for startAsFollower
2019-11-19 09:03:19,563 [pool-27-thread-1] INFO  server.RaftServerConfigKeys (ConfUtils.java:logGet(43)) - raft.server.retrycache.expirytime = 600000ms (custom)
2019-11-19 09:03:19,563 [pool-37-thread-1] INFO  server.RaftServerConfigKeys (ConfUtils.java:logGet(43)) - raft.server.snapshot.auto.trigger.enabled = true (custom)
2019-11-19 09:03:19,563 [pool-27-thread-1] WARN  impl.MetricRegistriesImpl (MetricRegistriesImpl.java:lambda$create$1(61)) - First MetricRegistry has been created without registering reporters. You may need to call MetricRegistries.global().addReportRegistration(...) before.
2019-11-19 09:03:19,563 [pool-47-thread-1] INFO  impl.RoleInfo (RoleInfo.java:updateAndGet(143)) - b58b7614-b117-481c-9fe5-7c32a06e39f4: start FollowerState
2019-11-19 09:03:19,563 [pool-27-thread-1] WARN  impl.MetricRegistriesImpl (MetricRegistriesImpl.java:lambda$create$1(61)) - First MetricRegistry has been created without registering reporters. You may need to call MetricRegistries.global().addReportRegistration(...) before.
2019-11-19 09:03:19,563 [pool-37-thread-1] INFO  server.RaftServerConfigKeys (ConfUtils.java:logGet(43)) - raft.server.snapshot.auto.trigger.threshold = 10000 (custom)
2019-11-19 09:03:19,564 [pool-27-thread-1] INFO  impl.RaftServerImpl (RaftServerImpl.java:start(184)) - d84362bd-c453-48c1-b281-932808b65f14@group-E9D8210A25FA: start as a follower, conf=-1: [d84362bd-c453-48c1-b281-932808b65f14:192.168.157.255:36092, b58b7614-b117-481c-9fe5-7c32a06e39f4:192.168.157.255:32866, 3cfc6e4c-ad73-48ff-9ed4-89cd5a33d17f:192.168.157.255:43645], old=null
2019-11-19 09:03:19,564 [pool-37-thread-1] INFO  server.RaftServerConfigKeys (ConfUtils.java:logGet(43)) - raft.server.snapshot.retention.file.num = 5 (custom)
2019-11-19 09:03:19,564 [pool-47-thread-1] INFO  util.JmxRegister (JmxRegister.java:tryRegister(44)) - Successfully registered JMX Bean with object name Ratis:service=RaftServer,group=group-E9D8210A25FA,id=b58b7614-b117-481c-9fe5-7c32a06e39f4
2019-11-19 09:03:19,564 [pool-37-thread-1] INFO  server.RaftServerConfigKeys (ConfUtils.java:logGet(43)) - raft.server.retrycache.expirytime = 600000ms (custom)
2019-11-19 09:03:19,564 [pool-27-thread-1] INFO  impl.RaftServerImpl (RaftServerImpl.java:setRole(173)) - d84362bd-c453-48c1-b281-932808b65f14@group-E9D8210A25FA: changes role from      null to FOLLOWER at term 0 for startAsFollower
2019-11-19 09:03:19,564 [pool-47-thread-1] WARN  impl.MetricRegistriesImpl (MetricRegistriesImpl.java:lambda$create$1(61)) - First MetricRegistry has been created without registering reporters. You may need to call MetricRegistries.global().addReportRegistration(...) before.
2019-11-19 09:03:19,564 [pool-27-thread-1] INFO  impl.RoleInfo (RoleInfo.java:updateAndGet(143)) - d84362bd-c453-48c1-b281-932808b65f14: start FollowerState
2019-11-19 09:03:19,564 [pool-37-thread-1] WARN  impl.MetricRegistriesImpl (MetricRegistriesImpl.java:lambda$create$1(61)) - First MetricRegistry has been created without registering reporters. You may need to call MetricRegistries.global().addReportRegistration(...) before.
2019-11-19 09:03:19,565 [pool-37-thread-1] WARN  impl.MetricRegistriesImpl (MetricRegistriesImpl.java:lambda$create$1(61)) - First MetricRegistry has been created without registering reporters. You may need to call MetricRegistries.global().addReportRegistration(...) before.
2019-11-19 09:03:19,565 [pool-27-thread-1] INFO  util.JmxRegister (JmxRegister.java:tryRegister(44)) - Successfully registered JMX Bean with object name Ratis:service=RaftServer,group=group-E9D8210A25FA,id=d84362bd-c453-48c1-b281-932808b65f14
2019-11-19 09:03:19,565 [Command processor thread] INFO  commandhandler.CreatePipelineCommandHandler (CreatePipelineCommandHandler.java:handle(86)) - Create Pipeline RATIS THREE #id: "a1afe00e-b12a-452f-89cf-e9d8210a25fa"
 command succeed on datanode b58b7614-b117-481c-9fe5-7c32a06e39f4.
2019-11-19 09:03:19,565 [pool-37-thread-1] INFO  impl.RaftServerImpl (RaftServerImpl.java:start(184)) - 3cfc6e4c-ad73-48ff-9ed4-89cd5a33d17f@group-E9D8210A25FA: start as a follower, conf=-1: [d84362bd-c453-48c1-b281-932808b65f14:192.168.157.255:36092, b58b7614-b117-481c-9fe5-7c32a06e39f4:192.168.157.255:32866, 3cfc6e4c-ad73-48ff-9ed4-89cd5a33d17f:192.168.157.255:43645], old=null
2019-11-19 09:03:19,565 [pool-27-thread-1] WARN  impl.MetricRegistriesImpl (MetricRegistriesImpl.java:lambda$create$1(61)) - First MetricRegistry has been created without registering reporters. You may need to call MetricRegistries.global().addReportRegistration(...) before.
2019-11-19 09:03:19,565 [pool-37-thread-1] INFO  impl.RaftServerImpl (RaftServerImpl.java:setRole(173)) - 3cfc6e4c-ad73-48ff-9ed4-89cd5a33d17f@group-E9D8210A25FA: changes role from      null to FOLLOWER at term 0 for startAsFollower
2019-11-19 09:03:19,566 [pool-37-thread-1] INFO  impl.RoleInfo (RoleInfo.java:updateAndGet(143)) - 3cfc6e4c-ad73-48ff-9ed4-89cd5a33d17f: start FollowerState
2019-11-19 09:03:19,566 [Command processor thread] INFO  commandhandler.CreatePipelineCommandHandler (CreatePipelineCommandHandler.java:handle(86)) - Create Pipeline RATIS THREE #id: "a1afe00e-b12a-452f-89cf-e9d8210a25fa"
 command succeed on datanode d84362bd-c453-48c1-b281-932808b65f14.
2019-11-19 09:03:19,566 [pool-37-thread-1] INFO  util.JmxRegister (JmxRegister.java:tryRegister(44)) - Successfully registered JMX Bean with object name Ratis:service=RaftServer,group=group-E9D8210A25FA,id=3cfc6e4c-ad73-48ff-9ed4-89cd5a33d17f
2019-11-19 09:03:19,567 [pool-37-thread-1] WARN  impl.MetricRegistriesImpl (MetricRegistriesImpl.java:lambda$create$1(61)) - First MetricRegistry has been created without registering reporters. You may need to call MetricRegistries.global().addReportRegistration(...) before.
2019-11-19 09:03:19,567 [Command processor thread] INFO  commandhandler.CreatePipelineCommandHandler (CreatePipelineCommandHandler.java:handle(86)) - Create Pipeline RATIS THREE #id: "a1afe00e-b12a-452f-89cf-e9d8210a25fa"
 command succeed on datanode 3cfc6e4c-ad73-48ff-9ed4-89cd5a33d17f.
2019-11-19 09:03:19,568 [EventQueue-PipelineReportForPipelineReportHandler] INFO  pipeline.PipelineReportHandler (PipelineReportHandler.java:processPipelineReport(113)) - Pipeline THREE PipelineID=a1afe00e-b12a-452f-89cf-e9d8210a25fa reported by b58b7614-b117-481c-9fe5-7c32a06e39f4{ip: 192.168.157.255, host: pr-hdds-2538-d7d2t-4245227124, networkLocation: /default-rack, certSerialId: null}
2019-11-19 09:03:19,569 [EventQueue-PipelineReportForPipelineReportHandler] INFO  pipeline.PipelineReportHandler (PipelineReportHandler.java:processPipelineReport(113)) - Pipeline THREE PipelineID=a1afe00e-b12a-452f-89cf-e9d8210a25fa reported by d84362bd-c453-48c1-b281-932808b65f14{ip: 192.168.157.255, host: pr-hdds-2538-d7d2t-4245227124, networkLocation: /default-rack, certSerialId: null}
2019-11-19 09:03:19,570 [EventQueue-PipelineReportForPipelineReportHandler] INFO  pipeline.PipelineReportHandler (PipelineReportHandler.java:processPipelineReport(113)) - Pipeline THREE PipelineID=a1afe00e-b12a-452f-89cf-e9d8210a25fa reported by 3cfc6e4c-ad73-48ff-9ed4-89cd5a33d17f{ip: 192.168.157.255, host: pr-hdds-2538-d7d2t-4245227124, networkLocation: /default-rack, certSerialId: null}
2019-11-19 09:03:20,371 [main] INFO  ozone.MiniOzoneClusterImpl (MiniOzoneClusterImpl.java:lambda$waitForClusterToBeReady$0(150)) - Nodes are ready. Got 3 of 3 DN Heartbeats.
2019-11-19 09:03:20,372 [main] INFO  ozone.MiniOzoneClusterImpl (MiniOzoneClusterImpl.java:lambda$waitForClusterToBeReady$0(153)) - Waiting for cluster to exit safe mode
2019-11-19 09:03:21,372 [main] INFO  ozone.MiniOzoneClusterImpl (MiniOzoneClusterImpl.java:lambda$waitForClusterToBeReady$0(150)) - Nodes are ready. Got 3 of 3 DN Heartbeats.
2019-11-19 09:03:21,373 [main] INFO  ozone.MiniOzoneClusterImpl (MiniOzoneClusterImpl.java:lambda$waitForClusterToBeReady$0(153)) - Waiting for cluster to exit safe mode
2019-11-19 09:03:22,373 [main] INFO  ozone.MiniOzoneClusterImpl (MiniOzoneClusterImpl.java:lambda$waitForClusterToBeReady$0(150)) - Nodes are ready. Got 3 of 3 DN Heartbeats.
2019-11-19 09:03:22,374 [main] INFO  ozone.MiniOzoneClusterImpl (MiniOzoneClusterImpl.java:lambda$waitForClusterToBeReady$0(153)) - Waiting for cluster to exit safe mode
2019-11-19 09:03:23,375 [main] INFO  ozone.MiniOzoneClusterImpl (MiniOzoneClusterImpl.java:lambda$waitForClusterToBeReady$0(150)) - Nodes are ready. Got 3 of 3 DN Heartbeats.
2019-11-19 09:03:23,376 [main] INFO  ozone.MiniOzoneClusterImpl (MiniOzoneClusterImpl.java:lambda$waitForClusterToBeReady$0(153)) - Waiting for cluster to exit safe mode
2019-11-19 09:03:24,376 [main] INFO  ozone.MiniOzoneClusterImpl (MiniOzoneClusterImpl.java:lambda$waitForClusterToBeReady$0(150)) - Nodes are ready. Got 3 of 3 DN Heartbeats.
2019-11-19 09:03:24,377 [main] INFO  ozone.MiniOzoneClusterImpl (MiniOzoneClusterImpl.java:lambda$waitForClusterToBeReady$0(153)) - Waiting for cluster to exit safe mode
2019-11-19 09:03:24,516 [Thread-182] INFO  impl.FollowerState (FollowerState.java:run(111)) - b58b7614-b117-481c-9fe5-7c32a06e39f4@group-D56ED5C3E8B9-FollowerState: change to CANDIDATE, lastRpcTime:5049ms, electionTimeout:5047ms
2019-11-19 09:03:24,518 [Thread-182] INFO  impl.RoleInfo (RoleInfo.java:shutdownFollowerState(121)) - b58b7614-b117-481c-9fe5-7c32a06e39f4: shutdown FollowerState
2019-11-19 09:03:24,518 [Thread-182] INFO  impl.RaftServerImpl (RaftServerImpl.java:setRole(173)) - b58b7614-b117-481c-9fe5-7c32a06e39f4@group-D56ED5C3E8B9: changes role from  FOLLOWER to CANDIDATE at term 0 for changeToCandidate
2019-11-19 09:03:24,523 [Thread-182] INFO  impl.RoleInfo (RoleInfo.java:updateAndGet(143)) - b58b7614-b117-481c-9fe5-7c32a06e39f4: start LeaderElection
2019-11-19 09:03:24,561 [Thread-183] INFO  impl.FollowerState (FollowerState.java:run(111)) - d84362bd-c453-48c1-b281-932808b65f14@group-14CC65891159-FollowerState: change to CANDIDATE, lastRpcTime:5094ms, electionTimeout:5092ms
2019-11-19 09:03:24,561 [Thread-181] INFO  impl.FollowerState (FollowerState.java:run(111)) - 3cfc6e4c-ad73-48ff-9ed4-89cd5a33d17f@group-E5B210A995B5-FollowerState: change to CANDIDATE, lastRpcTime:5094ms, electionTimeout:5092ms
2019-11-19 09:03:24,562 [Thread-183] INFO  impl.RoleInfo (RoleInfo.java:shutdownFollowerState(121)) - d84362bd-c453-48c1-b281-932808b65f14: shutdown FollowerState
2019-11-19 09:03:24,562 [Thread-181] INFO  impl.RoleInfo (RoleInfo.java:shutdownFollowerState(121)) - 3cfc6e4c-ad73-48ff-9ed4-89cd5a33d17f: shutdown FollowerState
2019-11-19 09:03:24,563 [Thread-183] INFO  impl.RaftServerImpl (RaftServerImpl.java:setRole(173)) - d84362bd-c453-48c1-b281-932808b65f14@group-14CC65891159: changes role from  FOLLOWER to CANDIDATE at term 0 for changeToCandidate
2019-11-19 09:03:24,563 [Thread-181] INFO  impl.RaftServerImpl (RaftServerImpl.java:setRole(173)) - 3cfc6e4c-ad73-48ff-9ed4-89cd5a33d17f@group-E5B210A995B5: changes role from  FOLLOWER to CANDIDATE at term 0 for changeToCandidate
2019-11-19 09:03:24,563 [Thread-183] INFO  impl.RoleInfo (RoleInfo.java:updateAndGet(143)) - d84362bd-c453-48c1-b281-932808b65f14: start LeaderElection
2019-11-19 09:03:24,563 [Thread-181] INFO  impl.RoleInfo (RoleInfo.java:updateAndGet(143)) - 3cfc6e4c-ad73-48ff-9ed4-89cd5a33d17f: start LeaderElection
2019-11-19 09:03:24,565 [b58b7614-b117-481c-9fe5-7c32a06e39f4@group-D56ED5C3E8B9-LeaderElection1] INFO  impl.LeaderElection (LeaderElection.java:askForVotes(178)) - b58b7614-b117-481c-9fe5-7c32a06e39f4@group-D56ED5C3E8B9-LeaderElection1: begin an election at term 1 for -1: [b58b7614-b117-481c-9fe5-7c32a06e39f4:192.168.157.255:32866], old=null
2019-11-19 09:03:24,570 [b58b7614-b117-481c-9fe5-7c32a06e39f4@group-D56ED5C3E8B9-LeaderElection1] INFO  impl.RoleInfo (RoleInfo.java:shutdownLeaderElection(134)) - b58b7614-b117-481c-9fe5-7c32a06e39f4: shutdown LeaderElection
2019-11-19 09:03:24,572 [b58b7614-b117-481c-9fe5-7c32a06e39f4@group-D56ED5C3E8B9-LeaderElection1] INFO  impl.RaftServerImpl (RaftServerImpl.java:setRole(173)) - b58b7614-b117-481c-9fe5-7c32a06e39f4@group-D56ED5C3E8B9: changes role from CANDIDATE to LEADER at term 1 for changeToLeader
2019-11-19 09:03:24,572 [b58b7614-b117-481c-9fe5-7c32a06e39f4@group-D56ED5C3E8B9-LeaderElection1] INFO  ratis.XceiverServerRatis (XceiverServerRatis.java:handleLeaderChangedNotification(733)) - Leader change notification received for group: group-D56ED5C3E8B9 with new leaderId: b58b7614-b117-481c-9fe5-7c32a06e39f4
2019-11-19 09:03:24,573 [b58b7614-b117-481c-9fe5-7c32a06e39f4@group-D56ED5C3E8B9-LeaderElection1] INFO  impl.RaftServerImpl (ServerState.java:setLeader(255)) - b58b7614-b117-481c-9fe5-7c32a06e39f4@group-D56ED5C3E8B9: change Leader from null to b58b7614-b117-481c-9fe5-7c32a06e39f4 at term 1 for becomeLeader, leader elected after 5152ms
2019-11-19 09:03:24,575 [EventQueue-PipelineReportForPipelineReportHandler] INFO  pipeline.PipelineReportHandler (PipelineReportHandler.java:processPipelineReport(113)) - Pipeline THREE PipelineID=a1afe00e-b12a-452f-89cf-e9d8210a25fa reported by b58b7614-b117-481c-9fe5-7c32a06e39f4{ip: 192.168.157.255, host: pr-hdds-2538-d7d2t-4245227124, networkLocation: /default-rack, certSerialId: null}
2019-11-19 09:03:24,580 [b58b7614-b117-481c-9fe5-7c32a06e39f4@group-D56ED5C3E8B9-LeaderElection1] INFO  server.RaftServerConfigKeys (ConfUtils.java:logGet(43)) - raft.server.staging.catchup.gap = 1000 (default)
2019-11-19 09:03:24,581 [b58b7614-b117-481c-9fe5-7c32a06e39f4@group-D56ED5C3E8B9-LeaderElection1] INFO  server.RaftServerConfigKeys (ConfUtils.java:logGet(43)) - raft.server.rpc.sleep.time = 25ms (default)
2019-11-19 09:03:24,586 [b58b7614-b117-481c-9fe5-7c32a06e39f4@group-D56ED5C3E8B9-LeaderElection1] INFO  server.RaftServerConfigKeys (ConfUtils.java:logGet(43)) - raft.server.write.element-limit = 4096 (default)
2019-11-19 09:03:24,589 [d84362bd-c453-48c1-b281-932808b65f14@group-14CC65891159-LeaderElection2] INFO  impl.LeaderElection (LeaderElection.java:askForVotes(178)) - d84362bd-c453-48c1-b281-932808b65f14@group-14CC65891159-LeaderElection2: begin an election at term 1 for -1: [d84362bd-c453-48c1-b281-932808b65f14:192.168.157.255:36092], old=null
2019-11-19 09:03:24,589 [3cfc6e4c-ad73-48ff-9ed4-89cd5a33d17f@group-E5B210A995B5-LeaderElection3] INFO  impl.LeaderElection (LeaderElection.java:askForVotes(178)) - 3cfc6e4c-ad73-48ff-9ed4-89cd5a33d17f@group-E5B210A995B5-LeaderElection3: begin an election at term 1 for -1: [3cfc6e4c-ad73-48ff-9ed4-89cd5a33d17f:192.168.157.255:43645], old=null
2019-11-19 09:03:24,590 [d84362bd-c453-48c1-b281-932808b65f14@group-14CC65891159-LeaderElection2] INFO  impl.RoleInfo (RoleInfo.java:shutdownLeaderElection(134)) - d84362bd-c453-48c1-b281-932808b65f14: shutdown LeaderElection
2019-11-19 09:03:24,590 [3cfc6e4c-ad73-48ff-9ed4-89cd5a33d17f@group-E5B210A995B5-LeaderElection3] INFO  impl.RoleInfo (RoleInfo.java:shutdownLeaderElection(134)) - 3cfc6e4c-ad73-48ff-9ed4-89cd5a33d17f: shutdown LeaderElection
2019-11-19 09:03:24,590 [d84362bd-c453-48c1-b281-932808b65f14@group-14CC65891159-LeaderElection2] INFO  impl.RaftServerImpl (RaftServerImpl.java:setRole(173)) - d84362bd-c453-48c1-b281-932808b65f14@group-14CC65891159: changes role from CANDIDATE to LEADER at term 1 for changeToLeader
2019-11-19 09:03:24,591 [3cfc6e4c-ad73-48ff-9ed4-89cd5a33d17f@group-E5B210A995B5-LeaderElection3] INFO  impl.RaftServerImpl (RaftServerImpl.java:setRole(173)) - 3cfc6e4c-ad73-48ff-9ed4-89cd5a33d17f@group-E5B210A995B5: changes role from CANDIDATE to LEADER at term 1 for changeToLeader
2019-11-19 09:03:24,591 [d84362bd-c453-48c1-b281-932808b65f14@group-14CC65891159-LeaderElection2] INFO  ratis.XceiverServerRatis (XceiverServerRatis.java:handleLeaderChangedNotification(733)) - Leader change notification received for group: group-14CC65891159 with new leaderId: d84362bd-c453-48c1-b281-932808b65f14
2019-11-19 09:03:24,591 [3cfc6e4c-ad73-48ff-9ed4-89cd5a33d17f@group-E5B210A995B5-LeaderElection3] INFO  ratis.XceiverServerRatis (XceiverServerRatis.java:handleLeaderChangedNotification(733)) - Leader change notification received for group: group-E5B210A995B5 with new leaderId: 3cfc6e4c-ad73-48ff-9ed4-89cd5a33d17f
2019-11-19 09:03:24,591 [d84362bd-c453-48c1-b281-932808b65f14@group-14CC65891159-LeaderElection2] INFO  impl.RaftServerImpl (ServerState.java:setLeader(255)) - d84362bd-c453-48c1-b281-932808b65f14@group-14CC65891159: change Leader from null to d84362bd-c453-48c1-b281-932808b65f14 at term 1 for becomeLeader, leader elected after 5279ms
2019-11-19 09:03:24,591 [3cfc6e4c-ad73-48ff-9ed4-89cd5a33d17f@group-E5B210A995B5-LeaderElection3] INFO  impl.RaftServerImpl (ServerState.java:setLeader(255)) - 3cfc6e4c-ad73-48ff-9ed4-89cd5a33d17f@group-E5B210A995B5: change Leader from null to 3cfc6e4c-ad73-48ff-9ed4-89cd5a33d17f at term 1 for becomeLeader, leader elected after 5262ms
2019-11-19 09:03:24,591 [d84362bd-c453-48c1-b281-932808b65f14@group-14CC65891159-LeaderElection2] INFO  server.RaftServerConfigKeys (ConfUtils.java:logGet(43)) - raft.server.staging.catchup.gap = 1000 (default)
2019-11-19 09:03:24,591 [3cfc6e4c-ad73-48ff-9ed4-89cd5a33d17f@group-E5B210A995B5-LeaderElection3] INFO  server.RaftServerConfigKeys (ConfUtils.java:logGet(43)) - raft.server.staging.catchup.gap = 1000 (default)
2019-11-19 09:03:24,592 [d84362bd-c453-48c1-b281-932808b65f14@group-14CC65891159-LeaderElection2] INFO  server.RaftServerConfigKeys (ConfUtils.java:logGet(43)) - raft.server.rpc.sleep.time = 25ms (default)
2019-11-19 09:03:24,592 [3cfc6e4c-ad73-48ff-9ed4-89cd5a33d17f@group-E5B210A995B5-LeaderElection3] INFO  server.RaftServerConfigKeys (ConfUtils.java:logGet(43)) - raft.server.rpc.sleep.time = 25ms (default)
2019-11-19 09:03:24,593 [d84362bd-c453-48c1-b281-932808b65f14@group-14CC65891159-LeaderElection2] INFO  server.RaftServerConfigKeys (ConfUtils.java:logGet(43)) - raft.server.write.element-limit = 4096 (default)
2019-11-19 09:03:24,594 [3cfc6e4c-ad73-48ff-9ed4-89cd5a33d17f@group-E5B210A995B5-LeaderElection3] INFO  server.RaftServerConfigKeys (ConfUtils.java:logGet(43)) - raft.server.write.element-limit = 4096 (default)
2019-11-19 09:03:24,595 [EventQueue-PipelineReportForPipelineReportHandler] INFO  pipeline.PipelineReportHandler (PipelineReportHandler.java:processPipelineReport(113)) - Pipeline THREE PipelineID=a1afe00e-b12a-452f-89cf-e9d8210a25fa reported by d84362bd-c453-48c1-b281-932808b65f14{ip: 192.168.157.255, host: pr-hdds-2538-d7d2t-4245227124, networkLocation: /default-rack, certSerialId: null}
2019-11-19 09:03:24,596 [EventQueue-PipelineReportForPipelineReportHandler] INFO  pipeline.PipelineReportHandler (PipelineReportHandler.java:processPipelineReport(113)) - Pipeline THREE PipelineID=a1afe00e-b12a-452f-89cf-e9d8210a25fa reported by 3cfc6e4c-ad73-48ff-9ed4-89cd5a33d17f{ip: 192.168.157.255, host: pr-hdds-2538-d7d2t-4245227124, networkLocation: /default-rack, certSerialId: null}
2019-11-19 09:03:24,597 [b58b7614-b117-481c-9fe5-7c32a06e39f4@group-D56ED5C3E8B9-LeaderElection1] INFO  server.RaftServerConfigKeys (ConfUtils.java:logGet(43)) - raft.server.watch.timeout = 10s (default)
2019-11-19 09:03:24,597 [d84362bd-c453-48c1-b281-932808b65f14@group-14CC65891159-LeaderElection2] INFO  server.RaftServerConfigKeys (ConfUtils.java:logGet(43)) - raft.server.watch.timeout = 10s (default)
2019-11-19 09:03:24,597 [b58b7614-b117-481c-9fe5-7c32a06e39f4@group-D56ED5C3E8B9-LeaderElection1] INFO  server.RaftServerConfigKeys (ConfUtils.java:logGet(43)) - raft.server.watch.timeout.denomination = 1s (default)
2019-11-19 09:03:24,597 [3cfc6e4c-ad73-48ff-9ed4-89cd5a33d17f@group-E5B210A995B5-LeaderElection3] INFO  server.RaftServerConfigKeys (ConfUtils.java:logGet(43)) - raft.server.watch.timeout = 10s (default)
2019-11-19 09:03:24,597 [d84362bd-c453-48c1-b281-932808b65f14@group-14CC65891159-LeaderElection2] INFO  server.RaftServerConfigKeys (ConfUtils.java:logGet(43)) - raft.server.watch.timeout.denomination = 1s (default)
2019-11-19 09:03:24,598 [3cfc6e4c-ad73-48ff-9ed4-89cd5a33d17f@group-E5B210A995B5-LeaderElection3] INFO  server.RaftServerConfigKeys (ConfUtils.java:logGet(43)) - raft.server.watch.timeout.denomination = 1s (default)
2019-11-19 09:03:24,598 [b58b7614-b117-481c-9fe5-7c32a06e39f4@group-D56ED5C3E8B9-LeaderElection1] INFO  server.RaftServerConfigKeys (ConfUtils.java:logGet(43)) - raft.server.watch.element-limit = 65536 (default)
2019-11-19 09:03:24,598 [d84362bd-c453-48c1-b281-932808b65f14@group-14CC65891159-LeaderElection2] INFO  server.RaftServerConfigKeys (ConfUtils.java:logGet(43)) - raft.server.watch.element-limit = 65536 (default)
2019-11-19 09:03:24,599 [3cfc6e4c-ad73-48ff-9ed4-89cd5a33d17f@group-E5B210A995B5-LeaderElection3] INFO  server.RaftServerConfigKeys (ConfUtils.java:logGet(43)) - raft.server.watch.element-limit = 65536 (default)
2019-11-19 09:03:24,612 [d84362bd-c453-48c1-b281-932808b65f14@group-14CC65891159-LeaderElection2] INFO  impl.RoleInfo (RoleInfo.java:updateAndGet(143)) - d84362bd-c453-48c1-b281-932808b65f14: start LeaderState
2019-11-19 09:03:24,612 [b58b7614-b117-481c-9fe5-7c32a06e39f4@group-D56ED5C3E8B9-LeaderElection1] INFO  impl.RoleInfo (RoleInfo.java:updateAndGet(143)) - b58b7614-b117-481c-9fe5-7c32a06e39f4: start LeaderState
2019-11-19 09:03:24,612 [3cfc6e4c-ad73-48ff-9ed4-89cd5a33d17f@group-E5B210A995B5-LeaderElection3] INFO  impl.RoleInfo (RoleInfo.java:updateAndGet(143)) - 3cfc6e4c-ad73-48ff-9ed4-89cd5a33d17f: start LeaderState
2019-11-19 09:03:24,636 [d84362bd-c453-48c1-b281-932808b65f14@group-14CC65891159-LeaderElection2] INFO  segmented.SegmentedRaftLogWorker (SegmentedRaftLogWorker.java:startLogSegment(385)) - d84362bd-c453-48c1-b281-932808b65f14@group-14CC65891159-SegmentedRaftLogWorker: Starting segment from index:0
2019-11-19 09:03:24,636 [b58b7614-b117-481c-9fe5-7c32a06e39f4@group-D56ED5C3E8B9-LeaderElection1] INFO  segmented.SegmentedRaftLogWorker (SegmentedRaftLogWorker.java:startLogSegment(385)) - b58b7614-b117-481c-9fe5-7c32a06e39f4@group-D56ED5C3E8B9-SegmentedRaftLogWorker: Starting segment from index:0
2019-11-19 09:03:24,636 [3cfc6e4c-ad73-48ff-9ed4-89cd5a33d17f@group-E5B210A995B5-LeaderElection3] INFO  segmented.SegmentedRaftLogWorker (SegmentedRaftLogWorker.java:startLogSegment(385)) - 3cfc6e4c-ad73-48ff-9ed4-89cd5a33d17f@group-E5B210A995B5-SegmentedRaftLogWorker: Starting segment from index:0
2019-11-19 09:03:24,643 [Thread-188] INFO  impl.FollowerState (FollowerState.java:run(111)) - b58b7614-b117-481c-9fe5-7c32a06e39f4@group-E9D8210A25FA-FollowerState: change to CANDIDATE, lastRpcTime:5079ms, electionTimeout:5079ms
2019-11-19 09:03:24,643 [Thread-188] INFO  impl.RoleInfo (RoleInfo.java:shutdownFollowerState(121)) - b58b7614-b117-481c-9fe5-7c32a06e39f4: shutdown FollowerState
2019-11-19 09:03:24,643 [Thread-188] INFO  impl.RaftServerImpl (RaftServerImpl.java:setRole(173)) - b58b7614-b117-481c-9fe5-7c32a06e39f4@group-E9D8210A25FA: changes role from  FOLLOWER to CANDIDATE at term 0 for changeToCandidate
2019-11-19 09:03:24,643 [Thread-188] INFO  impl.RoleInfo (RoleInfo.java:updateAndGet(143)) - b58b7614-b117-481c-9fe5-7c32a06e39f4: start LeaderElection
2019-11-19 09:03:24,664 [d84362bd-c453-48c1-b281-932808b65f14@group-14CC65891159-LeaderElection2] INFO  impl.RaftServerImpl (ServerState.java:setRaftConf(356)) - d84362bd-c453-48c1-b281-932808b65f14@group-14CC65891159: set configuration 0: [d84362bd-c453-48c1-b281-932808b65f14:192.168.157.255:36092], old=null at 0
2019-11-19 09:03:24,664 [b58b7614-b117-481c-9fe5-7c32a06e39f4@group-D56ED5C3E8B9-LeaderElection1] INFO  impl.RaftServerImpl (ServerState.java:setRaftConf(356)) - b58b7614-b117-481c-9fe5-7c32a06e39f4@group-D56ED5C3E8B9: set configuration 0: [b58b7614-b117-481c-9fe5-7c32a06e39f4:192.168.157.255:32866], old=null at 0
2019-11-19 09:03:24,664 [3cfc6e4c-ad73-48ff-9ed4-89cd5a33d17f@group-E5B210A995B5-LeaderElection3] INFO  impl.RaftServerImpl (ServerState.java:setRaftConf(356)) - 3cfc6e4c-ad73-48ff-9ed4-89cd5a33d17f@group-E5B210A995B5: set configuration 0: [3cfc6e4c-ad73-48ff-9ed4-89cd5a33d17f:192.168.157.255:43645], old=null at 0
2019-11-19 09:03:24,673 [b58b7614-b117-481c-9fe5-7c32a06e39f4@group-E9D8210A25FA-LeaderElection4] INFO  impl.LeaderElection (LeaderElection.java:askForVotes(178)) - b58b7614-b117-481c-9fe5-7c32a06e39f4@group-E9D8210A25FA-LeaderElection4: begin an election at term 1 for -1: [d84362bd-c453-48c1-b281-932808b65f14:192.168.157.255:36092, b58b7614-b117-481c-9fe5-7c32a06e39f4:192.168.157.255:32866, 3cfc6e4c-ad73-48ff-9ed4-89cd5a33d17f:192.168.157.255:43645], old=null
2019-11-19 09:03:24,675 [Thread-190] INFO  impl.FollowerState (FollowerState.java:run(111)) - d84362bd-c453-48c1-b281-932808b65f14@group-E9D8210A25FA-FollowerState: change to CANDIDATE, lastRpcTime:5110ms, electionTimeout:5110ms
2019-11-19 09:03:24,675 [Thread-190] INFO  impl.RoleInfo (RoleInfo.java:shutdownFollowerState(121)) - d84362bd-c453-48c1-b281-932808b65f14: shutdown FollowerState
2019-11-19 09:03:24,675 [Thread-190] INFO  impl.RaftServerImpl (RaftServerImpl.java:setRole(173)) - d84362bd-c453-48c1-b281-932808b65f14@group-E9D8210A25FA: changes role from  FOLLOWER to CANDIDATE at term 0 for changeToCandidate
2019-11-19 09:03:24,675 [Thread-190] INFO  impl.RoleInfo (RoleInfo.java:updateAndGet(143)) - d84362bd-c453-48c1-b281-932808b65f14: start LeaderElection
2019-11-19 09:03:24,679 [Thread-191] INFO  impl.FollowerState (FollowerState.java:run(111)) - 3cfc6e4c-ad73-48ff-9ed4-89cd5a33d17f@group-E9D8210A25FA-FollowerState: change to CANDIDATE, lastRpcTime:5113ms, electionTimeout:5113ms
2019-11-19 09:03:24,679 [Thread-191] INFO  impl.RoleInfo (RoleInfo.java:shutdownFollowerState(121)) - 3cfc6e4c-ad73-48ff-9ed4-89cd5a33d17f: shutdown FollowerState
2019-11-19 09:03:24,680 [Thread-191] INFO  impl.RaftServerImpl (RaftServerImpl.java:setRole(173)) - 3cfc6e4c-ad73-48ff-9ed4-89cd5a33d17f@group-E9D8210A25FA: changes role from  FOLLOWER to CANDIDATE at term 0 for changeToCandidate
2019-11-19 09:03:24,680 [Thread-191] INFO  impl.RoleInfo (RoleInfo.java:updateAndGet(143)) - 3cfc6e4c-ad73-48ff-9ed4-89cd5a33d17f: start LeaderElection
2019-11-19 09:03:24,707 [3cfc6e4c-ad73-48ff-9ed4-89cd5a33d17f@group-E9D8210A25FA-LeaderElection6] INFO  impl.LeaderElection (LeaderElection.java:askForVotes(178)) - 3cfc6e4c-ad73-48ff-9ed4-89cd5a33d17f@group-E9D8210A25FA-LeaderElection6: begin an election at term 1 for -1: [d84362bd-c453-48c1-b281-932808b65f14:192.168.157.255:36092, b58b7614-b117-481c-9fe5-7c32a06e39f4:192.168.157.255:32866, 3cfc6e4c-ad73-48ff-9ed4-89cd5a33d17f:192.168.157.255:43645], old=null
2019-11-19 09:03:24,707 [d84362bd-c453-48c1-b281-932808b65f14@group-E9D8210A25FA-LeaderElection5] INFO  impl.LeaderElection (LeaderElection.java:askForVotes(178)) - d84362bd-c453-48c1-b281-932808b65f14@group-E9D8210A25FA-LeaderElection5: begin an election at term 1 for -1: [d84362bd-c453-48c1-b281-932808b65f14:192.168.157.255:36092, b58b7614-b117-481c-9fe5-7c32a06e39f4:192.168.157.255:32866, 3cfc6e4c-ad73-48ff-9ed4-89cd5a33d17f:192.168.157.255:43645], old=null
2019-11-19 09:03:24,850 [d84362bd-c453-48c1-b281-932808b65f14@group-14CC65891159-SegmentedRaftLogWorker] INFO  segmented.SegmentedRaftLogWorker (SegmentedRaftLogWorker.java:execute(576)) - d84362bd-c453-48c1-b281-932808b65f14@group-14CC65891159-SegmentedRaftLogWorker: created new log segment /workdir/hadoop-ozone/tools/target/test-dir/MiniOzoneClusterImpl-966ae5d1-5369-4dd0-960c-586569c2c391/datanode-0/data/ratis/6b24b952-b467-4f51-92ca-14cc65891159/current/log_inprogress_0
2019-11-19 09:03:24,850 [b58b7614-b117-481c-9fe5-7c32a06e39f4@group-D56ED5C3E8B9-SegmentedRaftLogWorker] INFO  segmented.SegmentedRaftLogWorker (SegmentedRaftLogWorker.java:execute(576)) - b58b7614-b117-481c-9fe5-7c32a06e39f4@group-D56ED5C3E8B9-SegmentedRaftLogWorker: created new log segment /workdir/hadoop-ozone/tools/target/test-dir/MiniOzoneClusterImpl-966ae5d1-5369-4dd0-960c-586569c2c391/datanode-2/data/ratis/b6a3bb0c-26ce-4adc-8be6-d56ed5c3e8b9/current/log_inprogress_0
2019-11-19 09:03:24,850 [3cfc6e4c-ad73-48ff-9ed4-89cd5a33d17f@group-E5B210A995B5-SegmentedRaftLogWorker] INFO  segmented.SegmentedRaftLogWorker (SegmentedRaftLogWorker.java:execute(576)) - 3cfc6e4c-ad73-48ff-9ed4-89cd5a33d17f@group-E5B210A995B5-SegmentedRaftLogWorker: created new log segment /workdir/hadoop-ozone/tools/target/test-dir/MiniOzoneClusterImpl-966ae5d1-5369-4dd0-960c-586569c2c391/datanode-1/data/ratis/cf6324ee-0e99-4140-80d4-e5b210a995b5/current/log_inprogress_0
2019-11-19 09:03:25,124 [3cfc6e4c-ad73-48ff-9ed4-89cd5a33d17f@group-E9D8210A25FA-LeaderElection6] INFO  impl.LeaderElection (LeaderElection.java:logAndReturn(56)) - 3cfc6e4c-ad73-48ff-9ed4-89cd5a33d17f@group-E9D8210A25FA-LeaderElection6: Election REJECTED; received 2 response(s) [3cfc6e4c-ad73-48ff-9ed4-89cd5a33d17f<-d84362bd-c453-48c1-b281-932808b65f14#0:FAIL-t1, 3cfc6e4c-ad73-48ff-9ed4-89cd5a33d17f<-b58b7614-b117-481c-9fe5-7c32a06e39f4#0:FAIL-t1] and 0 exception(s); 3cfc6e4c-ad73-48ff-9ed4-89cd5a33d17f@group-E9D8210A25FA:t1, leader=null, voted=3cfc6e4c-ad73-48ff-9ed4-89cd5a33d17f, raftlog=3cfc6e4c-ad73-48ff-9ed4-89cd5a33d17f@group-E9D8210A25FA-SegmentedRaftLog:OPENED:c-1,f-1,i0, conf=-1: [d84362bd-c453-48c1-b281-932808b65f14:192.168.157.255:36092, b58b7614-b117-481c-9fe5-7c32a06e39f4:192.168.157.255:32866, 3cfc6e4c-ad73-48ff-9ed4-89cd5a33d17f:192.168.157.255:43645], old=null
2019-11-19 09:03:25,124 [d84362bd-c453-48c1-b281-932808b65f14@group-E9D8210A25FA-LeaderElection5] INFO  impl.LeaderElection (LeaderElection.java:logAndReturn(56)) - d84362bd-c453-48c1-b281-932808b65f14@group-E9D8210A25FA-LeaderElection5: Election REJECTED; received 2 response(s) [d84362bd-c453-48c1-b281-932808b65f14<-b58b7614-b117-481c-9fe5-7c32a06e39f4#0:FAIL-t1, d84362bd-c453-48c1-b281-932808b65f14<-3cfc6e4c-ad73-48ff-9ed4-89cd5a33d17f#0:FAIL-t1] and 0 exception(s); d84362bd-c453-48c1-b281-932808b65f14@group-E9D8210A25FA:t1, leader=null, voted=d84362bd-c453-48c1-b281-932808b65f14, raftlog=d84362bd-c453-48c1-b281-932808b65f14@group-E9D8210A25FA-SegmentedRaftLog:OPENED:c-1,f-1,i0, conf=-1: [d84362bd-c453-48c1-b281-932808b65f14:192.168.157.255:36092, b58b7614-b117-481c-9fe5-7c32a06e39f4:192.168.157.255:32866, 3cfc6e4c-ad73-48ff-9ed4-89cd5a33d17f:192.168.157.255:43645], old=null
2019-11-19 09:03:25,124 [b58b7614-b117-481c-9fe5-7c32a06e39f4@group-E9D8210A25FA-LeaderElection4] INFO  impl.LeaderElection (LeaderElection.java:logAndReturn(56)) - b58b7614-b117-481c-9fe5-7c32a06e39f4@group-E9D8210A25FA-LeaderElection4: Election REJECTED; received 2 response(s) [b58b7614-b117-481c-9fe5-7c32a06e39f4<-d84362bd-c453-48c1-b281-932808b65f14#0:FAIL-t1, b58b7614-b117-481c-9fe5-7c32a06e39f4<-3cfc6e4c-ad73-48ff-9ed4-89cd5a33d17f#0:FAIL-t1] and 0 exception(s); b58b7614-b117-481c-9fe5-7c32a06e39f4@group-E9D8210A25FA:t1, leader=null, voted=b58b7614-b117-481c-9fe5-7c32a06e39f4, raftlog=b58b7614-b117-481c-9fe5-7c32a06e39f4@group-E9D8210A25FA-SegmentedRaftLog:OPENED:c-1,f-1,i0, conf=-1: [d84362bd-c453-48c1-b281-932808b65f14:192.168.157.255:36092, b58b7614-b117-481c-9fe5-7c32a06e39f4:192.168.157.255:32866, 3cfc6e4c-ad73-48ff-9ed4-89cd5a33d17f:192.168.157.255:43645], old=null
2019-11-19 09:03:25,127 [b58b7614-b117-481c-9fe5-7c32a06e39f4@group-E9D8210A25FA-LeaderElection4] INFO  impl.RaftServerImpl (RaftServerImpl.java:setRole(173)) - b58b7614-b117-481c-9fe5-7c32a06e39f4@group-E9D8210A25FA: changes role from CANDIDATE to FOLLOWER at term 1 for DISCOVERED_A_NEW_TERM
2019-11-19 09:03:25,127 [3cfc6e4c-ad73-48ff-9ed4-89cd5a33d17f@group-E9D8210A25FA-LeaderElection6] INFO  impl.RaftServerImpl (RaftServerImpl.java:setRole(173)) - 3cfc6e4c-ad73-48ff-9ed4-89cd5a33d17f@group-E9D8210A25FA: changes role from CANDIDATE to FOLLOWER at term 1 for DISCOVERED_A_NEW_TERM
2019-11-19 09:03:25,129 [d84362bd-c453-48c1-b281-932808b65f14@group-E9D8210A25FA-LeaderElection5] INFO  impl.RaftServerImpl (RaftServerImpl.java:setRole(173)) - d84362bd-c453-48c1-b281-932808b65f14@group-E9D8210A25FA: changes role from CANDIDATE to FOLLOWER at term 1 for DISCOVERED_A_NEW_TERM
2019-11-19 09:03:25,129 [b58b7614-b117-481c-9fe5-7c32a06e39f4@group-E9D8210A25FA-LeaderElection4] INFO  impl.RoleInfo (RoleInfo.java:shutdownLeaderElection(134)) - b58b7614-b117-481c-9fe5-7c32a06e39f4: shutdown LeaderElection
2019-11-19 09:03:25,129 [d84362bd-c453-48c1-b281-932808b65f14@group-E9D8210A25FA-LeaderElection5] INFO  impl.RoleInfo (RoleInfo.java:shutdownLeaderElection(134)) - d84362bd-c453-48c1-b281-932808b65f14: shutdown LeaderElection
2019-11-19 09:03:25,129 [b58b7614-b117-481c-9fe5-7c32a06e39f4@group-E9D8210A25FA-LeaderElection4] INFO  impl.RoleInfo (RoleInfo.java:updateAndGet(143)) - b58b7614-b117-481c-9fe5-7c32a06e39f4: start FollowerState
2019-11-19 09:03:25,129 [3cfc6e4c-ad73-48ff-9ed4-89cd5a33d17f@group-E9D8210A25FA-LeaderElection6] INFO  impl.RoleInfo (RoleInfo.java:shutdownLeaderElection(134)) - 3cfc6e4c-ad73-48ff-9ed4-89cd5a33d17f: shutdown LeaderElection
2019-11-19 09:03:25,129 [d84362bd-c453-48c1-b281-932808b65f14@group-E9D8210A25FA-LeaderElection5] INFO  impl.RoleInfo (RoleInfo.java:updateAndGet(143)) - d84362bd-c453-48c1-b281-932808b65f14: start FollowerState
2019-11-19 09:03:25,130 [3cfc6e4c-ad73-48ff-9ed4-89cd5a33d17f@group-E9D8210A25FA-LeaderElection6] INFO  impl.RoleInfo (RoleInfo.java:updateAndGet(143)) - 3cfc6e4c-ad73-48ff-9ed4-89cd5a33d17f: start FollowerState
2019-11-19 09:03:25,377 [main] INFO  ozone.MiniOzoneClusterImpl (MiniOzoneClusterImpl.java:lambda$waitForClusterToBeReady$0(150)) - Nodes are ready. Got 3 of 3 DN Heartbeats.
2019-11-19 09:03:25,378 [main] INFO  ozone.MiniOzoneClusterImpl (MiniOzoneClusterImpl.java:lambda$waitForClusterToBeReady$0(153)) - Waiting for cluster to exit safe mode
2019-11-19 09:03:26,378 [main] INFO  ozone.MiniOzoneClusterImpl (MiniOzoneClusterImpl.java:lambda$waitForClusterToBeReady$0(150)) - Nodes are ready. Got 3 of 3 DN Heartbeats.
2019-11-19 09:03:26,378 [main] INFO  ozone.MiniOzoneClusterImpl (MiniOzoneClusterImpl.java:lambda$waitForClusterToBeReady$0(153)) - Waiting for cluster to exit safe mode
2019-11-19 09:03:27,379 [main] INFO  ozone.MiniOzoneClusterImpl (MiniOzoneClusterImpl.java:lambda$waitForClusterToBeReady$0(150)) - Nodes are ready. Got 3 of 3 DN Heartbeats.
2019-11-19 09:03:27,379 [main] INFO  ozone.MiniOzoneClusterImpl (MiniOzoneClusterImpl.java:lambda$waitForClusterToBeReady$0(153)) - Waiting for cluster to exit safe mode
2019-11-19 09:03:28,380 [main] INFO  ozone.MiniOzoneClusterImpl (MiniOzoneClusterImpl.java:lambda$waitForClusterToBeReady$0(150)) - Nodes are ready. Got 3 of 3 DN Heartbeats.
2019-11-19 09:03:28,380 [main] INFO  ozone.MiniOzoneClusterImpl (MiniOzoneClusterImpl.java:lambda$waitForClusterToBeReady$0(153)) - Waiting for cluster to exit safe mode
2019-11-19 09:03:29,380 [main] INFO  ozone.MiniOzoneClusterImpl (MiniOzoneClusterImpl.java:lambda$waitForClusterToBeReady$0(150)) - Nodes are ready. Got 3 of 3 DN Heartbeats.
2019-11-19 09:03:29,381 [main] INFO  ozone.MiniOzoneClusterImpl (MiniOzoneClusterImpl.java:lambda$waitForClusterToBeReady$0(153)) - Waiting for cluster to exit safe mode
2019-11-19 09:03:30,254 [Thread-207] INFO  impl.FollowerState (FollowerState.java:run(111)) - b58b7614-b117-481c-9fe5-7c32a06e39f4@group-E9D8210A25FA-FollowerState: change to CANDIDATE, lastRpcTime:5125ms, electionTimeout:5124ms
2019-11-19 09:03:30,254 [Thread-207] INFO  impl.RoleInfo (RoleInfo.java:shutdownFollowerState(121)) - b58b7614-b117-481c-9fe5-7c32a06e39f4: shutdown FollowerState
2019-11-19 09:03:30,255 [Thread-207] INFO  impl.RaftServerImpl (RaftServerImpl.java:setRole(173)) - b58b7614-b117-481c-9fe5-7c32a06e39f4@group-E9D8210A25FA: changes role from  FOLLOWER to CANDIDATE at term 1 for changeToCandidate
2019-11-19 09:03:30,255 [Thread-207] INFO  impl.RoleInfo (RoleInfo.java:updateAndGet(143)) - b58b7614-b117-481c-9fe5-7c32a06e39f4: start LeaderElection
2019-11-19 09:03:30,280 [b58b7614-b117-481c-9fe5-7c32a06e39f4@group-E9D8210A25FA-LeaderElection7] INFO  impl.LeaderElection (LeaderElection.java:askForVotes(178)) - b58b7614-b117-481c-9fe5-7c32a06e39f4@group-E9D8210A25FA-LeaderElection7: begin an election at term 2 for -1: [d84362bd-c453-48c1-b281-932808b65f14:192.168.157.255:36092, b58b7614-b117-481c-9fe5-7c32a06e39f4:192.168.157.255:32866, 3cfc6e4c-ad73-48ff-9ed4-89cd5a33d17f:192.168.157.255:43645], old=null
2019-11-19 09:03:30,281 [Thread-209] INFO  impl.FollowerState (FollowerState.java:run(111)) - 3cfc6e4c-ad73-48ff-9ed4-89cd5a33d17f@group-E9D8210A25FA-FollowerState: change to CANDIDATE, lastRpcTime:5151ms, electionTimeout:5150ms
2019-11-19 09:03:30,281 [Thread-209] INFO  impl.RoleInfo (RoleInfo.java:shutdownFollowerState(121)) - 3cfc6e4c-ad73-48ff-9ed4-89cd5a33d17f: shutdown FollowerState
2019-11-19 09:03:30,282 [Thread-209] INFO  impl.RaftServerImpl (RaftServerImpl.java:setRole(173)) - 3cfc6e4c-ad73-48ff-9ed4-89cd5a33d17f@group-E9D8210A25FA: changes role from  FOLLOWER to CANDIDATE at term 1 for changeToCandidate
2019-11-19 09:03:30,282 [Thread-209] INFO  impl.RoleInfo (RoleInfo.java:updateAndGet(143)) - 3cfc6e4c-ad73-48ff-9ed4-89cd5a33d17f: start LeaderElection
2019-11-19 09:03:30,291 [grpc-default-executor-2] INFO  impl.RaftServerImpl (RaftServerImpl.java:setRole(173)) - d84362bd-c453-48c1-b281-932808b65f14@group-E9D8210A25FA: changes role from  FOLLOWER to FOLLOWER at term 2 for recognizeCandidate:b58b7614-b117-481c-9fe5-7c32a06e39f4
2019-11-19 09:03:30,291 [grpc-default-executor-2] INFO  impl.RoleInfo (RoleInfo.java:shutdownFollowerState(121)) - d84362bd-c453-48c1-b281-932808b65f14: shutdown FollowerState
2019-11-19 09:03:30,291 [grpc-default-executor-2] INFO  impl.RoleInfo (RoleInfo.java:updateAndGet(143)) - d84362bd-c453-48c1-b281-932808b65f14: start FollowerState
2019-11-19 09:03:30,291 [Thread-208] INFO  impl.FollowerState (FollowerState.java:run(120)) - d84362bd-c453-48c1-b281-932808b65f14@group-E9D8210A25FA-FollowerState was interrupted: java.lang.InterruptedException: sleep interrupted
2019-11-19 09:03:30,306 [3cfc6e4c-ad73-48ff-9ed4-89cd5a33d17f@group-E9D8210A25FA-LeaderElection8] INFO  impl.LeaderElection (LeaderElection.java:askForVotes(178)) - 3cfc6e4c-ad73-48ff-9ed4-89cd5a33d17f@group-E9D8210A25FA-LeaderElection8: begin an election at term 2 for -1: [d84362bd-c453-48c1-b281-932808b65f14:192.168.157.255:36092, b58b7614-b117-481c-9fe5-7c32a06e39f4:192.168.157.255:32866, 3cfc6e4c-ad73-48ff-9ed4-89cd5a33d17f:192.168.157.255:43645], old=null
2019-11-19 09:03:30,341 [3cfc6e4c-ad73-48ff-9ed4-89cd5a33d17f@group-E9D8210A25FA-LeaderElection8] INFO  impl.LeaderElection (LeaderElection.java:logAndReturn(56)) - 3cfc6e4c-ad73-48ff-9ed4-89cd5a33d17f@group-E9D8210A25FA-LeaderElection8: Election REJECTED; received 2 response(s) [3cfc6e4c-ad73-48ff-9ed4-89cd5a33d17f<-b58b7614-b117-481c-9fe5-7c32a06e39f4#0:FAIL-t2, 3cfc6e4c-ad73-48ff-9ed4-89cd5a33d17f<-d84362bd-c453-48c1-b281-932808b65f14#0:FAIL-t2] and 0 exception(s); 3cfc6e4c-ad73-48ff-9ed4-89cd5a33d17f@group-E9D8210A25FA:t2, leader=null, voted=3cfc6e4c-ad73-48ff-9ed4-89cd5a33d17f, raftlog=3cfc6e4c-ad73-48ff-9ed4-89cd5a33d17f@group-E9D8210A25FA-SegmentedRaftLog:OPENED:c-1,f-1,i0, conf=-1: [d84362bd-c453-48c1-b281-932808b65f14:192.168.157.255:36092, b58b7614-b117-481c-9fe5-7c32a06e39f4:192.168.157.255:32866, 3cfc6e4c-ad73-48ff-9ed4-89cd5a33d17f:192.168.157.255:43645], old=null
2019-11-19 09:03:30,341 [b58b7614-b117-481c-9fe5-7c32a06e39f4@group-E9D8210A25FA-LeaderElection7] INFO  impl.LeaderElection (LeaderElection.java:logAndReturn(56)) - b58b7614-b117-481c-9fe5-7c32a06e39f4@group-E9D8210A25FA-LeaderElection7: Election PASSED; received 2 response(s) [b58b7614-b117-481c-9fe5-7c32a06e39f4<-d84362bd-c453-48c1-b281-932808b65f14#0:OK-t2, b58b7614-b117-481c-9fe5-7c32a06e39f4<-3cfc6e4c-ad73-48ff-9ed4-89cd5a33d17f#0:FAIL-t2] and 0 exception(s); b58b7614-b117-481c-9fe5-7c32a06e39f4@group-E9D8210A25FA:t2, leader=null, voted=b58b7614-b117-481c-9fe5-7c32a06e39f4, raftlog=b58b7614-b117-481c-9fe5-7c32a06e39f4@group-E9D8210A25FA-SegmentedRaftLog:OPENED:c-1,f-1,i0, conf=-1: [d84362bd-c453-48c1-b281-932808b65f14:192.168.157.255:36092, b58b7614-b117-481c-9fe5-7c32a06e39f4:192.168.157.255:32866, 3cfc6e4c-ad73-48ff-9ed4-89cd5a33d17f:192.168.157.255:43645], old=null
2019-11-19 09:03:30,341 [3cfc6e4c-ad73-48ff-9ed4-89cd5a33d17f@group-E9D8210A25FA-LeaderElection8] INFO  impl.RaftServerImpl (RaftServerImpl.java:setRole(173)) - 3cfc6e4c-ad73-48ff-9ed4-89cd5a33d17f@group-E9D8210A25FA: changes role from CANDIDATE to FOLLOWER at term 2 for DISCOVERED_A_NEW_TERM
2019-11-19 09:03:30,346 [b58b7614-b117-481c-9fe5-7c32a06e39f4@group-E9D8210A25FA-LeaderElection7] INFO  impl.RoleInfo (RoleInfo.java:shutdownLeaderElection(134)) - b58b7614-b117-481c-9fe5-7c32a06e39f4: shutdown LeaderElection
2019-11-19 09:03:30,347 [3cfc6e4c-ad73-48ff-9ed4-89cd5a33d17f@group-E9D8210A25FA-LeaderElection8] INFO  impl.RoleInfo (RoleInfo.java:shutdownLeaderElection(134)) - 3cfc6e4c-ad73-48ff-9ed4-89cd5a33d17f: shutdown LeaderElection
2019-11-19 09:03:30,348 [b58b7614-b117-481c-9fe5-7c32a06e39f4@group-E9D8210A25FA-LeaderElection7] INFO  impl.RaftServerImpl (RaftServerImpl.java:setRole(173)) - b58b7614-b117-481c-9fe5-7c32a06e39f4@group-E9D8210A25FA: changes role from CANDIDATE to LEADER at term 2 for changeToLeader
2019-11-19 09:03:30,348 [3cfc6e4c-ad73-48ff-9ed4-89cd5a33d17f@group-E9D8210A25FA-LeaderElection8] INFO  impl.RoleInfo (RoleInfo.java:updateAndGet(143)) - 3cfc6e4c-ad73-48ff-9ed4-89cd5a33d17f: start FollowerState
2019-11-19 09:03:30,348 [b58b7614-b117-481c-9fe5-7c32a06e39f4@group-E9D8210A25FA-LeaderElection7] INFO  ratis.XceiverServerRatis (XceiverServerRatis.java:handleLeaderChangedNotification(733)) - Leader change notification received for group: group-E9D8210A25FA with new leaderId: b58b7614-b117-481c-9fe5-7c32a06e39f4
2019-11-19 09:03:30,350 [b58b7614-b117-481c-9fe5-7c32a06e39f4@group-E9D8210A25FA-LeaderElection7] INFO  impl.RaftServerImpl (ServerState.java:setLeader(255)) - b58b7614-b117-481c-9fe5-7c32a06e39f4@group-E9D8210A25FA: change Leader from null to b58b7614-b117-481c-9fe5-7c32a06e39f4 at term 2 for becomeLeader, leader elected after 10797ms
2019-11-19 09:03:30,350 [b58b7614-b117-481c-9fe5-7c32a06e39f4@group-E9D8210A25FA-LeaderElection7] INFO  server.RaftServerConfigKeys (ConfUtils.java:logGet(43)) - raft.server.staging.catchup.gap = 1000 (default)
2019-11-19 09:03:30,350 [b58b7614-b117-481c-9fe5-7c32a06e39f4@group-E9D8210A25FA-LeaderElection7] INFO  server.RaftServerConfigKeys (ConfUtils.java:logGet(43)) - raft.server.rpc.sleep.time = 25ms (default)
2019-11-19 09:03:30,350 [b58b7614-b117-481c-9fe5-7c32a06e39f4@group-E9D8210A25FA-LeaderElection7] INFO  server.RaftServerConfigKeys (ConfUtils.java:logGet(43)) - raft.server.write.element-limit = 4096 (default)
2019-11-19 09:03:30,351 [b58b7614-b117-481c-9fe5-7c32a06e39f4@group-E9D8210A25FA-LeaderElection7] INFO  server.RaftServerConfigKeys (ConfUtils.java:logGet(43)) - raft.server.watch.timeout = 10s (default)
2019-11-19 09:03:30,351 [b58b7614-b117-481c-9fe5-7c32a06e39f4@group-E9D8210A25FA-LeaderElection7] INFO  server.RaftServerConfigKeys (ConfUtils.java:logGet(43)) - raft.server.watch.timeout.denomination = 1s (default)
2019-11-19 09:03:30,351 [b58b7614-b117-481c-9fe5-7c32a06e39f4@group-E9D8210A25FA-LeaderElection7] INFO  server.RaftServerConfigKeys (ConfUtils.java:logGet(43)) - raft.server.watch.element-limit = 65536 (default)
2019-11-19 09:03:30,353 [EventQueue-PipelineReportForPipelineReportHandler] INFO  pipeline.PipelineReportHandler (PipelineReportHandler.java:processPipelineReport(113)) - Pipeline THREE PipelineID=a1afe00e-b12a-452f-89cf-e9d8210a25fa reported by b58b7614-b117-481c-9fe5-7c32a06e39f4{ip: 192.168.157.255, host: pr-hdds-2538-d7d2t-4245227124, networkLocation: /default-rack, certSerialId: null}
2019-11-19 09:03:30,353 [EventQueue-PipelineReportForPipelineReportHandler] INFO  pipeline.PipelineStateManager (PipelineStateManager.java:openPipeline(132)) - Pipeline Pipeline[ Id: a1afe00e-b12a-452f-89cf-e9d8210a25fa, Nodes: d84362bd-c453-48c1-b281-932808b65f14{ip: 192.168.157.255, host: pr-hdds-2538-d7d2t-4245227124, networkLocation: /default-rack, certSerialId: null}3cfc6e4c-ad73-48ff-9ed4-89cd5a33d17f{ip: 192.168.157.255, host: pr-hdds-2538-d7d2t-4245227124, networkLocation: /default-rack, certSerialId: null}b58b7614-b117-481c-9fe5-7c32a06e39f4{ip: 192.168.157.255, host: pr-hdds-2538-d7d2t-4245227124, networkLocation: /default-rack, certSerialId: null}, Type:RATIS, Factor:THREE, State:ALLOCATED] moved to OPEN state
2019-11-19 09:03:30,354 [EventQueue-OpenPipelineForOneReplicaPipelineSafeModeRule] INFO  safemode.SCMSafeModeManager (SCMSafeModeManager.java:validateSafeModeExitRules(176)) - AtleastOneDatanodeReportedRule rule is successfully validated
2019-11-19 09:03:30,354 [EventQueue-OpenPipelineForHealthyPipelineSafeModeRule] INFO  safemode.SCMSafeModeManager (HealthyPipelineSafeModeRule.java:process(132)) - SCM in safe mode. Healthy pipelines reported count is 1, required healthy pipeline reported count is 1
2019-11-19 09:03:30,356 [EventQueue-OpenPipelineForHealthyPipelineSafeModeRule] INFO  safemode.SCMSafeModeManager (SCMSafeModeManager.java:validateSafeModeExitRules(176)) - HealthyPipelineSafeModeRule rule is successfully validated
2019-11-19 09:03:30,356 [EventQueue-OpenPipelineForHealthyPipelineSafeModeRule] INFO  safemode.SCMSafeModeManager (SCMSafeModeManager.java:validateSafeModeExitRules(185)) - ScmSafeModeManager, all rules are successfully validated
2019-11-19 09:03:30,356 [b58b7614-b117-481c-9fe5-7c32a06e39f4@group-E9D8210A25FA-LeaderElection7] INFO  server.RaftServerConfigKeys (ConfUtils.java:logGet(43)) - raft.server.log.appender.snapshot.chunk.size.max = 16MB (=16777216) (default)
2019-11-19 09:03:30,356 [EventQueue-OpenPipelineForHealthyPipelineSafeModeRule] INFO  safemode.SCMSafeModeManager (SCMSafeModeManager.java:exitSafeMode(201)) - SCM exiting safe mode.
2019-11-19 09:03:30,357 [b58b7614-b117-481c-9fe5-7c32a06e39f4@group-E9D8210A25FA-LeaderElection7] INFO  server.RaftServerConfigKeys (ConfUtils.java:logGet(43)) - raft.server.log.appender.buffer.byte-limit = 33554432 (custom)
2019-11-19 09:03:30,358 [b58b7614-b117-481c-9fe5-7c32a06e39f4@group-E9D8210A25FA-LeaderElection7] INFO  server.RaftServerConfigKeys (ConfUtils.java:logGet(43)) - raft.server.log.appender.buffer.element-limit = 1 (custom)
2019-11-19 09:03:30,362 [b58b7614-b117-481c-9fe5-7c32a06e39f4@group-E9D8210A25FA-LeaderElection7] INFO  grpc.GrpcConfigKeys$Server (ConfUtils.java:logGet(43)) - raft.grpc.server.leader.outstanding.appends.max = 128 (default)
2019-11-19 09:03:30,363 [b58b7614-b117-481c-9fe5-7c32a06e39f4@group-E9D8210A25FA-LeaderElection7] INFO  server.RaftServerConfigKeys (ConfUtils.java:logGet(43)) - raft.server.rpc.request.timeout = 3000ms (default)
2019-11-19 09:03:30,363 [b58b7614-b117-481c-9fe5-7c32a06e39f4@group-E9D8210A25FA-LeaderElection7] INFO  server.RaftServerConfigKeys (ConfUtils.java:logGet(43)) - raft.server.log.appender.install.snapshot.enabled = false (custom)
2019-11-19 09:03:30,364 [b58b7614-b117-481c-9fe5-7c32a06e39f4@group-E9D8210A25FA-LeaderElection7] WARN  impl.MetricRegistriesImpl (MetricRegistriesImpl.java:lambda$create$1(61)) - First MetricRegistry has been created without registering reporters. You may need to call MetricRegistries.global().addReportRegistration(...) before.
2019-11-19 09:03:30,366 [b58b7614-b117-481c-9fe5-7c32a06e39f4@group-E9D8210A25FA-LeaderElection7] INFO  server.RaftServerConfigKeys (ConfUtils.java:logGet(43)) - raft.server.log.appender.snapshot.chunk.size.max = 16MB (=16777216) (default)
2019-11-19 09:03:30,366 [b58b7614-b117-481c-9fe5-7c32a06e39f4@group-E9D8210A25FA-LeaderElection7] INFO  server.RaftServerConfigKeys (ConfUtils.java:logGet(43)) - raft.server.log.appender.buffer.byte-limit = 33554432 (custom)
2019-11-19 09:03:30,366 [b58b7614-b117-481c-9fe5-7c32a06e39f4@group-E9D8210A25FA-LeaderElection7] INFO  server.RaftServerConfigKeys (ConfUtils.java:logGet(43)) - raft.server.log.appender.buffer.element-limit = 1 (custom)
2019-11-19 09:03:30,366 [b58b7614-b117-481c-9fe5-7c32a06e39f4@group-E9D8210A25FA-LeaderElection7] INFO  grpc.GrpcConfigKeys$Server (ConfUtils.java:logGet(43)) - raft.grpc.server.leader.outstanding.appends.max = 128 (default)
2019-11-19 09:03:30,366 [b58b7614-b117-481c-9fe5-7c32a06e39f4@group-E9D8210A25FA-LeaderElection7] INFO  server.RaftServerConfigKeys (ConfUtils.java:logGet(43)) - raft.server.rpc.request.timeout = 3000ms (default)
2019-11-19 09:03:30,367 [b58b7614-b117-481c-9fe5-7c32a06e39f4@group-E9D8210A25FA-LeaderElection7] INFO  server.RaftServerConfigKeys (ConfUtils.java:logGet(43)) - raft.server.log.appender.install.snapshot.enabled = false (custom)
2019-11-19 09:03:30,370 [b58b7614-b117-481c-9fe5-7c32a06e39f4@group-E9D8210A25FA-LeaderElection7] INFO  impl.RoleInfo (RoleInfo.java:updateAndGet(143)) - b58b7614-b117-481c-9fe5-7c32a06e39f4: start LeaderState
2019-11-19 09:03:30,371 [b58b7614-b117-481c-9fe5-7c32a06e39f4@group-E9D8210A25FA-LeaderElection7] INFO  segmented.SegmentedRaftLogWorker (SegmentedRaftLogWorker.java:startLogSegment(385)) - b58b7614-b117-481c-9fe5-7c32a06e39f4@group-E9D8210A25FA-SegmentedRaftLogWorker: Starting segment from index:0
2019-11-19 09:03:30,372 [b58b7614-b117-481c-9fe5-7c32a06e39f4@group-E9D8210A25FA-LeaderElection7] INFO  impl.RaftServerImpl (ServerState.java:setRaftConf(356)) - b58b7614-b117-481c-9fe5-7c32a06e39f4@group-E9D8210A25FA: set configuration 0: [d84362bd-c453-48c1-b281-932808b65f14:192.168.157.255:36092, b58b7614-b117-481c-9fe5-7c32a06e39f4:192.168.157.255:32866, 3cfc6e4c-ad73-48ff-9ed4-89cd5a33d17f:192.168.157.255:43645], old=null at 0
2019-11-19 09:03:30,414 [main] INFO  ozone.MiniOzoneClusterImpl (MiniOzoneClusterImpl.java:lambda$waitForClusterToBeReady$0(150)) - Nodes are ready. Got 3 of 3 DN Heartbeats.
2019-11-19 09:03:30,415 [main] INFO  ozone.MiniOzoneClusterImpl (MiniOzoneClusterImpl.java:lambda$waitForClusterToBeReady$0(153)) - Cluster exits safe mode
2019-11-19 09:03:30,437 [b58b7614-b117-481c-9fe5-7c32a06e39f4@group-E9D8210A25FA-SegmentedRaftLogWorker] INFO  segmented.SegmentedRaftLogWorker (SegmentedRaftLogWorker.java:execute(576)) - b58b7614-b117-481c-9fe5-7c32a06e39f4@group-E9D8210A25FA-SegmentedRaftLogWorker: created new log segment /workdir/hadoop-ozone/tools/target/test-dir/MiniOzoneClusterImpl-966ae5d1-5369-4dd0-960c-586569c2c391/datanode-2/data/ratis/a1afe00e-b12a-452f-89cf-e9d8210a25fa/current/log_inprogress_0
2019-11-19 09:03:30,453 [grpc-default-executor-2] INFO  ratis.XceiverServerRatis (XceiverServerRatis.java:handleLeaderChangedNotification(733)) - Leader change notification received for group: group-E9D8210A25FA with new leaderId: b58b7614-b117-481c-9fe5-7c32a06e39f4
2019-11-19 09:03:30,453 [grpc-default-executor-0] INFO  ratis.XceiverServerRatis (XceiverServerRatis.java:handleLeaderChangedNotification(733)) - Leader change notification received for group: group-E9D8210A25FA with new leaderId: b58b7614-b117-481c-9fe5-7c32a06e39f4
2019-11-19 09:03:30,454 [grpc-default-executor-2] INFO  impl.RaftServerImpl (ServerState.java:setLeader(255)) - 3cfc6e4c-ad73-48ff-9ed4-89cd5a33d17f@group-E9D8210A25FA: change Leader from null to b58b7614-b117-481c-9fe5-7c32a06e39f4 at term 2 for appendEntries, leader elected after 10901ms
2019-11-19 09:03:30,454 [grpc-default-executor-0] INFO  impl.RaftServerImpl (ServerState.java:setLeader(255)) - d84362bd-c453-48c1-b281-932808b65f14@group-E9D8210A25FA: change Leader from null to b58b7614-b117-481c-9fe5-7c32a06e39f4 at term 2 for appendEntries, leader elected after 10902ms
2019-11-19 09:03:30,485 [grpc-default-executor-0] INFO  impl.RaftServerImpl (ServerState.java:setRaftConf(356)) - 3cfc6e4c-ad73-48ff-9ed4-89cd5a33d17f@group-E9D8210A25FA: set configuration 0: [d84362bd-c453-48c1-b281-932808b65f14:192.168.157.255:36092, b58b7614-b117-481c-9fe5-7c32a06e39f4:192.168.157.255:32866, 3cfc6e4c-ad73-48ff-9ed4-89cd5a33d17f:192.168.157.255:43645], old=null at 0
2019-11-19 09:03:30,486 [grpc-default-executor-2] INFO  impl.RaftServerImpl (ServerState.java:setRaftConf(356)) - d84362bd-c453-48c1-b281-932808b65f14@group-E9D8210A25FA: set configuration 0: [d84362bd-c453-48c1-b281-932808b65f14:192.168.157.255:36092, b58b7614-b117-481c-9fe5-7c32a06e39f4:192.168.157.255:32866, 3cfc6e4c-ad73-48ff-9ed4-89cd5a33d17f:192.168.157.255:43645], old=null at 0
2019-11-19 09:03:30,486 [grpc-default-executor-0] INFO  segmented.SegmentedRaftLogWorker (SegmentedRaftLogWorker.java:startLogSegment(385)) - 3cfc6e4c-ad73-48ff-9ed4-89cd5a33d17f@group-E9D8210A25FA-SegmentedRaftLogWorker: Starting segment from index:0
2019-11-19 09:03:30,486 [grpc-default-executor-2] INFO  segmented.SegmentedRaftLogWorker (SegmentedRaftLogWorker.java:startLogSegment(385)) - d84362bd-c453-48c1-b281-932808b65f14@group-E9D8210A25FA-SegmentedRaftLogWorker: Starting segment from index:0
2019-11-19 09:03:30,550 [d84362bd-c453-48c1-b281-932808b65f14@group-E9D8210A25FA-SegmentedRaftLogWorker] INFO  segmented.SegmentedRaftLogWorker (SegmentedRaftLogWorker.java:execute(576)) - d84362bd-c453-48c1-b281-932808b65f14@group-E9D8210A25FA-SegmentedRaftLogWorker: created new log segment /workdir/hadoop-ozone/tools/target/test-dir/MiniOzoneClusterImpl-966ae5d1-5369-4dd0-960c-586569c2c391/datanode-0/data/ratis/a1afe00e-b12a-452f-89cf-e9d8210a25fa/current/log_inprogress_0
2019-11-19 09:03:30,550 [3cfc6e4c-ad73-48ff-9ed4-89cd5a33d17f@group-E9D8210A25FA-SegmentedRaftLogWorker] INFO  segmented.SegmentedRaftLogWorker (SegmentedRaftLogWorker.java:execute(576)) - 3cfc6e4c-ad73-48ff-9ed4-89cd5a33d17f@group-E9D8210A25FA-SegmentedRaftLogWorker: created new log segment /workdir/hadoop-ozone/tools/target/test-dir/MiniOzoneClusterImpl-966ae5d1-5369-4dd0-960c-586569c2c391/datanode-1/data/ratis/a1afe00e-b12a-452f-89cf-e9d8210a25fa/current/log_inprogress_0
2019-11-19 09:03:31,408 [main] INFO  freon.RandomKeyGenerator (RandomKeyGenerator.java:call(283)) - Number of Threads: 10
2019-11-19 09:03:31,409 [main] INFO  freon.RandomKeyGenerator (RandomKeyGenerator.java:call(288)) - Number of Volumes: 1.
2019-11-19 09:03:31,409 [main] INFO  freon.RandomKeyGenerator (RandomKeyGenerator.java:call(289)) - Number of Buckets per Volume: 1.
2019-11-19 09:03:31,409 [main] INFO  freon.RandomKeyGenerator (RandomKeyGenerator.java:call(290)) - Number of Keys per Bucket: 1.
2019-11-19 09:03:31,409 [main] INFO  freon.RandomKeyGenerator (RandomKeyGenerator.java:call(291)) - Key size: 20971520 bytes
2019-11-19 09:03:31,409 [main] INFO  freon.RandomKeyGenerator (RandomKeyGenerator.java:call(292)) - Buffer size: 4096 bytes
2019-11-19 09:03:31,410 [main] INFO  freon.RandomKeyGenerator (RandomKeyGenerator.java:call(293)) - validateWrites : true
2019-11-19 09:03:31,414 [main] INFO  freon.RandomKeyGenerator (RandomKeyGenerator.java:call(307)) - Data validation is enabled.
2019-11-19 09:03:31,415 [main] INFO  freon.RandomKeyGenerator (RandomKeyGenerator.java:call(313)) - Starting progress bar Thread.

 0.00% |?                                                                                                    |  0/1 Time: 0:00:002019-11-19 09:03:31,439 [pool-53-thread-1] INFO  rpc.RpcClient (RpcClient.java:createVolume(292)) - Creating Volume: vol-0-24669, with jenkins1000 as owner.
2019-11-19 09:03:31,497 [IPC Server handler 0 on 37061] INFO  volume.OMVolumeCreateRequest (OMVolumeCreateRequest.java:validateAndUpdateCache(193)) - created volume:vol-0-24669 for user:jenkins1000
2019-11-19 09:03:31,559 [pool-53-thread-2] INFO  rpc.RpcClient (RpcClient.java:createBucket(431)) - Creating Bucket: vol-0-24669/bucket-0-99096, with Versioning false and Storage Type set to DISK and Encryption set to false 
2019-11-19 09:03:31,767 [pool-53-thread-4] INFO  impl.MetricsSystemImpl (MetricsSystemImpl.java:init(158)) - XceiverClientMetrics metrics system started (again)
 0.00% |?                                                                                                    |  0/1 Time: 0:00:012019-11-19 09:03:33,361 [Thread-220] INFO  container.ReplicationManager (ReplicationManager.java:start(162)) - Starting Replication Monitor Thread.
2019-11-19 09:03:33,363 [ReplicationMonitor] INFO  container.ReplicationManager (ReplicationManager.java:run(225)) - Replication Monitor Thread took 1 milliseconds for processing 3 containers.
 0.00% |?                                                                                                    |  0/1 Time: 0:00:02 100.00% |?????????????????????????????????????????????????????????????????????????????????????????????????????|  1/1 Time: 0:00:03
2019-11-19 09:03:39,472 [main] INFO  pipeline.SCMPipelineManager (SCMPipelineManager.java:finalizeAndDestroyPipeline(333)) - destroying pipeline:Pipeline[ Id: a1afe00e-b12a-452f-89cf-e9d8210a25fa, Nodes: d84362bd-c453-48c1-b281-932808b65f14{ip: 192.168.157.255, host: pr-hdds-2538-d7d2t-4245227124, networkLocation: /default-rack, certSerialId: null}3cfc6e4c-ad73-48ff-9ed4-89cd5a33d17f{ip: 192.168.157.255, host: pr-hdds-2538-d7d2t-4245227124, networkLocation: /default-rack, certSerialId: null}b58b7614-b117-481c-9fe5-7c32a06e39f4{ip: 192.168.157.255, host: pr-hdds-2538-d7d2t-4245227124, networkLocation: /default-rack, certSerialId: null}, Type:RATIS, Factor:THREE, State:OPEN]
2019-11-19 09:03:39,473 [main] INFO  pipeline.PipelineStateManager (PipelineStateManager.java:finalizePipeline(121)) - Pipeline Pipeline[ Id: a1afe00e-b12a-452f-89cf-e9d8210a25fa, Nodes: d84362bd-c453-48c1-b281-932808b65f14{ip: 192.168.157.255, host: pr-hdds-2538-d7d2t-4245227124, networkLocation: /default-rack, certSerialId: null}3cfc6e4c-ad73-48ff-9ed4-89cd5a33d17f{ip: 192.168.157.255, host: pr-hdds-2538-d7d2t-4245227124, networkLocation: /default-rack, certSerialId: null}b58b7614-b117-481c-9fe5-7c32a06e39f4{ip: 192.168.157.255, host: pr-hdds-2538-d7d2t-4245227124, networkLocation: /default-rack, certSerialId: null}, Type:RATIS, Factor:THREE, State:CLOSED] moved to CLOSED state
2019-11-19 09:03:39,474 [EventQueue-CloseContainerForCloseContainerEventHandler] INFO  container.CloseContainerEventHandler (CloseContainerEventHandler.java:onMessage(61)) - Close container Event triggered for container : #1
2019-11-19 09:03:39,476 [main] INFO  pipeline.RatisPipelineProvider (RatisPipelineProvider.java:lambda$close$5(207)) - Send pipeline:PipelineID=a1afe00e-b12a-452f-89cf-e9d8210a25fa close command to datanode d84362bd-c453-48c1-b281-932808b65f14
2019-11-19 09:03:39,478 [main] INFO  pipeline.RatisPipelineProvider (RatisPipelineProvider.java:lambda$close$5(207)) - Send pipeline:PipelineID=a1afe00e-b12a-452f-89cf-e9d8210a25fa close command to datanode 3cfc6e4c-ad73-48ff-9ed4-89cd5a33d17f
2019-11-19 09:03:39,478 [main] INFO  pipeline.RatisPipelineProvider (RatisPipelineProvider.java:lambda$close$5(207)) - Send pipeline:PipelineID=a1afe00e-b12a-452f-89cf-e9d8210a25fa close command to datanode b58b7614-b117-481c-9fe5-7c32a06e39f4
2019-11-19 09:03:39,479 [main] INFO  pipeline.PipelineStateManager (PipelineStateManager.java:removePipeline(106)) - Pipeline Pipeline[ Id: a1afe00e-b12a-452f-89cf-e9d8210a25fa, Nodes: d84362bd-c453-48c1-b281-932808b65f14{ip: 192.168.157.255, host: pr-hdds-2538-d7d2t-4245227124, networkLocation: /default-rack, certSerialId: null}3cfc6e4c-ad73-48ff-9ed4-89cd5a33d17f{ip: 192.168.157.255, host: pr-hdds-2538-d7d2t-4245227124, networkLocation: /default-rack, certSerialId: null}b58b7614-b117-481c-9fe5-7c32a06e39f4{ip: 192.168.157.255, host: pr-hdds-2538-d7d2t-4245227124, networkLocation: /default-rack, certSerialId: null}, Type:RATIS, Factor:THREE, State:CLOSED] removed from db
2019-11-19 09:03:39,481 [EventQueue-CloseContainerForCloseContainerEventHandler] INFO  container.CloseContainerEventHandler (CloseContainerEventHandler.java:onMessage(61)) - Close container Event triggered for container : #2
2019-11-19 09:03:39,481 [RatisPipelineUtilsThread] INFO  pipeline.RatisPipelineProvider (RatisPipelineProvider.java:lambda$create$4(163)) - Send pipeline:PipelineID=46997c0d-4712-43b8-8c5b-7bc43da4529b create command to datanode d84362bd-c453-48c1-b281-932808b65f14
2019-11-19 09:03:39,483 [RatisPipelineUtilsThread] INFO  pipeline.RatisPipelineProvider (RatisPipelineProvider.java:lambda$create$4(163)) - Send pipeline:PipelineID=46997c0d-4712-43b8-8c5b-7bc43da4529b create command to datanode 3cfc6e4c-ad73-48ff-9ed4-89cd5a33d17f
2019-11-19 09:03:39,483 [RatisPipelineUtilsThread] INFO  pipeline.RatisPipelineProvider (RatisPipelineProvider.java:lambda$create$4(163)) - Send pipeline:PipelineID=46997c0d-4712-43b8-8c5b-7bc43da4529b create command to datanode b58b7614-b117-481c-9fe5-7c32a06e39f4
2019-11-19 09:03:39,483 [RatisPipelineUtilsThread] INFO  pipeline.PipelineStateManager (PipelineStateManager.java:addPipeline(55)) - Created pipeline Pipeline[ Id: 46997c0d-4712-43b8-8c5b-7bc43da4529b, Nodes: d84362bd-c453-48c1-b281-932808b65f14{ip: 192.168.157.255, host: pr-hdds-2538-d7d2t-4245227124, networkLocation: /default-rack, certSerialId: null}3cfc6e4c-ad73-48ff-9ed4-89cd5a33d17f{ip: 192.168.157.255, host: pr-hdds-2538-d7d2t-4245227124, networkLocation: /default-rack, certSerialId: null}b58b7614-b117-481c-9fe5-7c32a06e39f4{ip: 192.168.157.255, host: pr-hdds-2538-d7d2t-4245227124, networkLocation: /default-rack, certSerialId: null}, Type:RATIS, Factor:THREE, State:ALLOCATED]
2019-11-19 09:03:39,485 [EventQueue-CloseContainerForCloseContainerEventHandler] ERROR container.CloseContainerEventHandler (CloseContainerEventHandler.java:onMessage(89)) - Failed to close the container #2.
org.apache.hadoop.hdds.scm.pipeline.PipelineNotFoundException: PipelineID=a1afe00e-b12a-452f-89cf-e9d8210a25fa not found
	at org.apache.hadoop.hdds.scm.pipeline.PipelineStateMap.removeContainerFromPipeline(PipelineStateMap.java:351)
	at org.apache.hadoop.hdds.scm.pipeline.PipelineStateManager.removeContainerFromPipeline(PipelineStateManager.java:112)
	at org.apache.hadoop.hdds.scm.pipeline.SCMPipelineManager.removeContainerFromPipeline(SCMPipelineManager.java:286)
	at org.apache.hadoop.hdds.scm.container.SCMContainerManager.updateContainerState(SCMContainerManager.java:331)
	at org.apache.hadoop.hdds.scm.container.CloseContainerEventHandler.onMessage(CloseContainerEventHandler.java:66)
	at org.apache.hadoop.hdds.scm.container.CloseContainerEventHandler.onMessage(CloseContainerEventHandler.java:45)
	at org.apache.hadoop.hdds.server.events.SingleThreadExecutor.lambda$onMessage$1(SingleThreadExecutor.java:85)
	at java.util.concurrent.ThreadPoolExecutor.runWorker(ThreadPoolExecutor.java:1149)
	at java.util.concurrent.ThreadPoolExecutor$Worker.run(ThreadPoolExecutor.java:624)
	at java.lang.Thread.run(Thread.java:748)
2019-11-19 09:03:39,488 [EventQueue-CloseContainerForCloseContainerEventHandler] INFO  container.CloseContainerEventHandler (CloseContainerEventHandler.java:onMessage(61)) - Close container Event triggered for container : #3
2019-11-19 09:03:39,488 [EventQueue-CloseContainerForCloseContainerEventHandler] ERROR container.CloseContainerEventHandler (CloseContainerEventHandler.java:onMessage(89)) - Failed to close the container #3.
org.apache.hadoop.hdds.scm.pipeline.PipelineNotFoundException: PipelineID=a1afe00e-b12a-452f-89cf-e9d8210a25fa not found
	at org.apache.hadoop.hdds.scm.pipeline.PipelineStateMap.removeContainerFromPipeline(PipelineStateMap.java:351)
	at org.apache.hadoop.hdds.scm.pipeline.PipelineStateManager.removeContainerFromPipeline(PipelineStateManager.java:112)
	at org.apache.hadoop.hdds.scm.pipeline.SCMPipelineManager.removeContainerFromPipeline(SCMPipelineManager.java:286)
	at org.apache.hadoop.hdds.scm.container.SCMContainerManager.updateContainerState(SCMContainerManager.java:331)
	at org.apache.hadoop.hdds.scm.container.CloseContainerEventHandler.onMessage(CloseContainerEventHandler.java:66)
	at org.apache.hadoop.hdds.scm.container.CloseContainerEventHandler.onMessage(CloseContainerEventHandler.java:45)
	at org.apache.hadoop.hdds.server.events.SingleThreadExecutor.lambda$onMessage$1(SingleThreadExecutor.java:85)
	at java.util.concurrent.ThreadPoolExecutor.runWorker(ThreadPoolExecutor.java:1149)
	at java.util.concurrent.ThreadPoolExecutor$Worker.run(ThreadPoolExecutor.java:624)
	at java.lang.Thread.run(Thread.java:748)
2019-11-19 09:03:39,594 [main] INFO  freon.RandomKeyGenerator (RandomKeyGenerator.java:call(283)) - Number of Threads: 10
2019-11-19 09:03:39,595 [main] INFO  freon.RandomKeyGenerator (RandomKeyGenerator.java:call(288)) - Number of Volumes: 1.
2019-11-19 09:03:39,595 [main] INFO  freon.RandomKeyGenerator (RandomKeyGenerator.java:call(289)) - Number of Buckets per Volume: 1.
2019-11-19 09:03:39,595 [main] INFO  freon.RandomKeyGenerator (RandomKeyGenerator.java:call(290)) - Number of Keys per Bucket: 1.
2019-11-19 09:03:39,595 [main] INFO  freon.RandomKeyGenerator (RandomKeyGenerator.java:call(291)) - Key size: 20971520 bytes
2019-11-19 09:03:39,595 [main] INFO  freon.RandomKeyGenerator (RandomKeyGenerator.java:call(292)) - Buffer size: 4096 bytes
2019-11-19 09:03:39,595 [main] INFO  freon.RandomKeyGenerator (RandomKeyGenerator.java:call(293)) - validateWrites : true
2019-11-19 09:03:39,597 [pool-59-thread-1] INFO  rpc.RpcClient (RpcClient.java:createVolume(292)) - Creating Volume: vol-0-88986, with jenkins1000 as owner.
2019-11-19 09:03:39,597 [main] INFO  freon.RandomKeyGenerator (RandomKeyGenerator.java:call(307)) - Data validation is enabled.
2019-11-19 09:03:39,598 [main] INFO  freon.RandomKeyGenerator (RandomKeyGenerator.java:call(313)) - Starting progress bar Thread.

 0.00% |?                                                                                                    |  0/1 Time: 0:00:002019-11-19 09:03:39,602 [IPC Server handler 3 on 37061] INFO  volume.OMVolumeCreateRequest (OMVolumeCreateRequest.java:validateAndUpdateCache(193)) - created volume:vol-0-88986 for user:jenkins1000
2019-11-19 09:03:39,647 [pool-59-thread-3] INFO  rpc.RpcClient (RpcClient.java:createBucket(431)) - Creating Bucket: vol-0-88986/bucket-0-96466, with Versioning false and Storage Type set to DISK and Encryption set to false 
2019-11-19 09:03:39,680 [IPC Server handler 2 on 45281] WARN  block.BlockManagerImpl (BlockManagerImpl.java:allocateBlock(203)) - Pipeline creation failed for type:RATIS factor:THREE. Retrying get pipelines call once.
org.apache.hadoop.hdds.scm.pipeline.InsufficientDatanodesException: Cannot create pipeline of factor 3 using 0 nodes.
	at org.apache.hadoop.hdds.scm.pipeline.RatisPipelineProvider.create(RatisPipelineProvider.java:144)
	at org.apache.hadoop.hdds.scm.pipeline.PipelineFactory.create(PipelineFactory.java:60)
	at org.apache.hadoop.hdds.scm.pipeline.SCMPipelineManager.createPipeline(SCMPipelineManager.java:159)
	at org.apache.hadoop.hdds.scm.block.BlockManagerImpl.allocateBlock(BlockManagerImpl.java:199)
	at org.apache.hadoop.hdds.scm.server.SCMBlockProtocolServer.allocateBlock(SCMBlockProtocolServer.java:187)
	at org.apache.hadoop.hdds.scm.protocol.ScmBlockLocationProtocolServerSideTranslatorPB.allocateScmBlock(ScmBlockLocationProtocolServerSideTranslatorPB.java:159)
	at org.apache.hadoop.hdds.scm.protocol.ScmBlockLocationProtocolServerSideTranslatorPB.processMessage(ScmBlockLocationProtocolServerSideTranslatorPB.java:117)
	at org.apache.hadoop.hdds.server.OzoneProtocolMessageDispatcher.processRequest(OzoneProtocolMessageDispatcher.java:72)
	at org.apache.hadoop.hdds.scm.protocol.ScmBlockLocationProtocolServerSideTranslatorPB.send(ScmBlockLocationProtocolServerSideTranslatorPB.java:98)
	at org.apache.hadoop.hdds.protocol.proto.ScmBlockLocationProtocolProtos$ScmBlockLocationProtocolService$2.callBlockingMethod(ScmBlockLocationProtocolProtos.java:13157)
	at org.apache.hadoop.ipc.ProtobufRpcEngine$Server$ProtoBufRpcInvoker.call(ProtobufRpcEngine.java:524)
	at org.apache.hadoop.ipc.RPC$Server.call(RPC.java:1025)
	at org.apache.hadoop.ipc.Server$RpcCall.run(Server.java:876)
	at org.apache.hadoop.ipc.Server$RpcCall.run(Server.java:822)
	at java.security.AccessController.doPrivileged(Native Method)
	at javax.security.auth.Subject.doAs(Subject.java:422)
	at org.apache.hadoop.security.UserGroupInformation.doAs(UserGroupInformation.java:1730)
	at org.apache.hadoop.ipc.Server$Handler.run(Server.java:2682)
2019-11-19 09:03:39,681 [IPC Server handler 2 on 45281] INFO  block.BlockManagerImpl (BlockManagerImpl.java:allocateBlock(215)) - Could not find available pipeline of type:RATIS and factor:THREE even after retrying
2019-11-19 09:03:39,681 [IPC Server handler 2 on 45281] ERROR block.BlockManagerImpl (BlockManagerImpl.java:allocateBlock(239)) - Unable to allocate a block for the size: 4194304, type: RATIS, factor: THREE
2019-11-19 09:03:39,681 [IPC Server handler 2 on 45281] WARN  block.BlockManagerImpl (BlockManagerImpl.java:allocateBlock(203)) - Pipeline creation failed for type:RATIS factor:THREE. Retrying get pipelines call once.
org.apache.hadoop.hdds.scm.pipeline.InsufficientDatanodesException: Cannot create pipeline of factor 3 using 0 nodes.
	at org.apache.hadoop.hdds.scm.pipeline.RatisPipelineProvider.create(RatisPipelineProvider.java:144)
	at org.apache.hadoop.hdds.scm.pipeline.PipelineFactory.create(PipelineFactory.java:60)
	at org.apache.hadoop.hdds.scm.pipeline.SCMPipelineManager.createPipeline(SCMPipelineManager.java:159)
	at org.apache.hadoop.hdds.scm.block.BlockManagerImpl.allocateBlock(BlockManagerImpl.java:199)
	at org.apache.hadoop.hdds.scm.server.SCMBlockProtocolServer.allocateBlock(SCMBlockProtocolServer.java:187)
	at org.apache.hadoop.hdds.scm.protocol.ScmBlockLocationProtocolServerSideTranslatorPB.allocateScmBlock(ScmBlockLocationProtocolServerSideTranslatorPB.java:159)
	at org.apache.hadoop.hdds.scm.protocol.ScmBlockLocationProtocolServerSideTranslatorPB.processMessage(ScmBlockLocationProtocolServerSideTranslatorPB.java:117)
	at org.apache.hadoop.hdds.server.OzoneProtocolMessageDispatcher.processRequest(OzoneProtocolMessageDispatcher.java:72)
	at org.apache.hadoop.hdds.scm.protocol.ScmBlockLocationProtocolServerSideTranslatorPB.send(ScmBlockLocationProtocolServerSideTranslatorPB.java:98)
	at org.apache.hadoop.hdds.protocol.proto.ScmBlockLocationProtocolProtos$ScmBlockLocationProtocolService$2.callBlockingMethod(ScmBlockLocationProtocolProtos.java:13157)
	at org.apache.hadoop.ipc.ProtobufRpcEngine$Server$ProtoBufRpcInvoker.call(ProtobufRpcEngine.java:524)
	at org.apache.hadoop.ipc.RPC$Server.call(RPC.java:1025)
	at org.apache.hadoop.ipc.Server$RpcCall.run(Server.java:876)
	at org.apache.hadoop.ipc.Server$RpcCall.run(Server.java:822)
	at java.security.AccessController.doPrivileged(Native Method)
	at javax.security.auth.Subject.doAs(Subject.java:422)
	at org.apache.hadoop.security.UserGroupInformation.doAs(UserGroupInformation.java:1730)
	at org.apache.hadoop.ipc.Server$Handler.run(Server.java:2682)
2019-11-19 09:03:39,682 [IPC Server handler 2 on 45281] INFO  block.BlockManagerImpl (BlockManagerImpl.java:allocateBlock(215)) - Could not find available pipeline of type:RATIS and factor:THREE even after retrying
2019-11-19 09:03:39,682 [IPC Server handler 2 on 45281] ERROR block.BlockManagerImpl (BlockManagerImpl.java:allocateBlock(239)) - Unable to allocate a block for the size: 4194304, type: RATIS, factor: THREE
2019-11-19 09:03:39,683 [IPC Server handler 2 on 45281] WARN  block.BlockManagerImpl (BlockManagerImpl.java:allocateBlock(203)) - Pipeline creation failed for type:RATIS factor:THREE. Retrying get pipelines call once.
org.apache.hadoop.hdds.scm.pipeline.InsufficientDatanodesException: Cannot create pipeline of factor 3 using 0 nodes.
	at org.apache.hadoop.hdds.scm.pipeline.RatisPipelineProvider.create(RatisPipelineProvider.java:144)
	at org.apache.hadoop.hdds.scm.pipeline.PipelineFactory.create(PipelineFactory.java:60)
	at org.apache.hadoop.hdds.scm.pipeline.SCMPipelineManager.createPipeline(SCMPipelineManager.java:159)
	at org.apache.hadoop.hdds.scm.block.BlockManagerImpl.allocateBlock(BlockManagerImpl.java:199)
	at org.apache.hadoop.hdds.scm.server.SCMBlockProtocolServer.allocateBlock(SCMBlockProtocolServer.java:187)
	at org.apache.hadoop.hdds.scm.protocol.ScmBlockLocationProtocolServerSideTranslatorPB.allocateScmBlock(ScmBlockLocationProtocolServerSideTranslatorPB.java:159)
	at org.apache.hadoop.hdds.scm.protocol.ScmBlockLocationProtocolServerSideTranslatorPB.processMessage(ScmBlockLocationProtocolServerSideTranslatorPB.java:117)
	at org.apache.hadoop.hdds.server.OzoneProtocolMessageDispatcher.processRequest(OzoneProtocolMessageDispatcher.java:72)
	at org.apache.hadoop.hdds.scm.protocol.ScmBlockLocationProtocolServerSideTranslatorPB.send(ScmBlockLocationProtocolServerSideTranslatorPB.java:98)
	at org.apache.hadoop.hdds.protocol.proto.ScmBlockLocationProtocolProtos$ScmBlockLocationProtocolService$2.callBlockingMethod(ScmBlockLocationProtocolProtos.java:13157)
	at org.apache.hadoop.ipc.ProtobufRpcEngine$Server$ProtoBufRpcInvoker.call(ProtobufRpcEngine.java:524)
	at org.apache.hadoop.ipc.RPC$Server.call(RPC.java:1025)
	at org.apache.hadoop.ipc.Server$RpcCall.run(Server.java:876)
	at org.apache.hadoop.ipc.Server$RpcCall.run(Server.java:822)
	at java.security.AccessController.doPrivileged(Native Method)
	at javax.security.auth.Subject.doAs(Subject.java:422)
	at org.apache.hadoop.security.UserGroupInformation.doAs(UserGroupInformation.java:1730)
	at org.apache.hadoop.ipc.Server$Handler.run(Server.java:2682)
2019-11-19 09:03:39,683 [IPC Server handler 2 on 45281] INFO  block.BlockManagerImpl (BlockManagerImpl.java:allocateBlock(215)) - Could not find available pipeline of type:RATIS and factor:THREE even after retrying
2019-11-19 09:03:39,684 [IPC Server handler 2 on 45281] ERROR block.BlockManagerImpl (BlockManagerImpl.java:allocateBlock(239)) - Unable to allocate a block for the size: 4194304, type: RATIS, factor: THREE
2019-11-19 09:03:39,685 [IPC Server handler 2 on 45281] WARN  block.BlockManagerImpl (BlockManagerImpl.java:allocateBlock(203)) - Pipeline creation failed for type:RATIS factor:THREE. Retrying get pipelines call once.
org.apache.hadoop.hdds.scm.pipeline.InsufficientDatanodesException: Cannot create pipeline of factor 3 using 0 nodes.
	at org.apache.hadoop.hdds.scm.pipeline.RatisPipelineProvider.create(RatisPipelineProvider.java:144)
	at org.apache.hadoop.hdds.scm.pipeline.PipelineFactory.create(PipelineFactory.java:60)
	at org.apache.hadoop.hdds.scm.pipeline.SCMPipelineManager.createPipeline(SCMPipelineManager.java:159)
	at org.apache.hadoop.hdds.scm.block.BlockManagerImpl.allocateBlock(BlockManagerImpl.java:199)
	at org.apache.hadoop.hdds.scm.server.SCMBlockProtocolServer.allocateBlock(SCMBlockProtocolServer.java:187)
	at org.apache.hadoop.hdds.scm.protocol.ScmBlockLocationProtocolServerSideTranslatorPB.allocateScmBlock(ScmBlockLocationProtocolServerSideTranslatorPB.java:159)
	at org.apache.hadoop.hdds.scm.protocol.ScmBlockLocationProtocolServerSideTranslatorPB.processMessage(ScmBlockLocationProtocolServerSideTranslatorPB.java:117)
	at org.apache.hadoop.hdds.server.OzoneProtocolMessageDispatcher.processRequest(OzoneProtocolMessageDispatcher.java:72)
	at org.apache.hadoop.hdds.scm.protocol.ScmBlockLocationProtocolServerSideTranslatorPB.send(ScmBlockLocationProtocolServerSideTranslatorPB.java:98)
	at org.apache.hadoop.hdds.protocol.proto.ScmBlockLocationProtocolProtos$ScmBlockLocationProtocolService$2.callBlockingMethod(ScmBlockLocationProtocolProtos.java:13157)
	at org.apache.hadoop.ipc.ProtobufRpcEngine$Server$ProtoBufRpcInvoker.call(ProtobufRpcEngine.java:524)
	at org.apache.hadoop.ipc.RPC$Server.call(RPC.java:1025)
	at org.apache.hadoop.ipc.Server$RpcCall.run(Server.java:876)
	at org.apache.hadoop.ipc.Server$RpcCall.run(Server.java:822)
	at java.security.AccessController.doPrivileged(Native Method)
	at javax.security.auth.Subject.doAs(Subject.java:422)
	at org.apache.hadoop.security.UserGroupInformation.doAs(UserGroupInformation.java:1730)
	at org.apache.hadoop.ipc.Server$Handler.run(Server.java:2682)
2019-11-19 09:03:39,685 [IPC Server handler 2 on 45281] INFO  block.BlockManagerImpl (BlockManagerImpl.java:allocateBlock(215)) - Could not find available pipeline of type:RATIS and factor:THREE even after retrying
2019-11-19 09:03:39,685 [IPC Server handler 2 on 45281] ERROR block.BlockManagerImpl (BlockManagerImpl.java:allocateBlock(239)) - Unable to allocate a block for the size: 4194304, type: RATIS, factor: THREE
2019-11-19 09:03:39,685 [IPC Server handler 2 on 45281] WARN  block.BlockManagerImpl (BlockManagerImpl.java:allocateBlock(203)) - Pipeline creation failed for type:RATIS factor:THREE. Retrying get pipelines call once.
org.apache.hadoop.hdds.scm.pipeline.InsufficientDatanodesException: Cannot create pipeline of factor 3 using 0 nodes.
	at org.apache.hadoop.hdds.scm.pipeline.RatisPipelineProvider.create(RatisPipelineProvider.java:144)
	at org.apache.hadoop.hdds.scm.pipeline.PipelineFactory.create(PipelineFactory.java:60)
	at org.apache.hadoop.hdds.scm.pipeline.SCMPipelineManager.createPipeline(SCMPipelineManager.java:159)
	at org.apache.hadoop.hdds.scm.block.BlockManagerImpl.allocateBlock(BlockManagerImpl.java:199)
	at org.apache.hadoop.hdds.scm.server.SCMBlockProtocolServer.allocateBlock(SCMBlockProtocolServer.java:187)
	at org.apache.hadoop.hdds.scm.protocol.ScmBlockLocationProtocolServerSideTranslatorPB.allocateScmBlock(ScmBlockLocationProtocolServerSideTranslatorPB.java:159)
	at org.apache.hadoop.hdds.scm.protocol.ScmBlockLocationProtocolServerSideTranslatorPB.processMessage(ScmBlockLocationProtocolServerSideTranslatorPB.java:117)
	at org.apache.hadoop.hdds.server.OzoneProtocolMessageDispatcher.processRequest(OzoneProtocolMessageDispatcher.java:72)
	at org.apache.hadoop.hdds.scm.protocol.ScmBlockLocationProtocolServerSideTranslatorPB.send(ScmBlockLocationProtocolServerSideTranslatorPB.java:98)
	at org.apache.hadoop.hdds.protocol.proto.ScmBlockLocationProtocolProtos$ScmBlockLocationProtocolService$2.callBlockingMethod(ScmBlockLocationProtocolProtos.java:13157)
	at org.apache.hadoop.ipc.ProtobufRpcEngine$Server$ProtoBufRpcInvoker.call(ProtobufRpcEngine.java:524)
	at org.apache.hadoop.ipc.RPC$Server.call(RPC.java:1025)
	at org.apache.hadoop.ipc.Server$RpcCall.run(Server.java:876)
	at org.apache.hadoop.ipc.Server$RpcCall.run(Server.java:822)
	at java.security.AccessController.doPrivileged(Native Method)
	at javax.security.auth.Subject.doAs(Subject.java:422)
	at org.apache.hadoop.security.UserGroupInformation.doAs(UserGroupInformation.java:1730)
	at org.apache.hadoop.ipc.Server$Handler.run(Server.java:2682)
2019-11-19 09:03:39,686 [IPC Server handler 2 on 45281] INFO  block.BlockManagerImpl (BlockManagerImpl.java:allocateBlock(215)) - Could not find available pipeline of type:RATIS and factor:THREE even after retrying
2019-11-19 09:03:39,686 [IPC Server handler 2 on 45281] ERROR block.BlockManagerImpl (BlockManagerImpl.java:allocateBlock(239)) - Unable to allocate a block for the size: 4194304, type: RATIS, factor: THREE
2019-11-19 09:03:39,691 [pool-59-thread-2] ERROR freon.RandomKeyGenerator (RandomKeyGenerator.java:createKey(735)) - Exception while adding key: key-0-42275 in bucket: bucket-0-96466 of volume: vol-0-88986.
INTERNAL_ERROR org.apache.hadoop.ozone.om.exceptions.OMException: Allocated 0 blocks. Requested 5 blocks
	at org.apache.hadoop.ozone.om.protocolPB.OzoneManagerProtocolClientSideTranslatorPB.handleError(OzoneManagerProtocolClientSideTranslatorPB.java:761)
	at org.apache.hadoop.ozone.om.protocolPB.OzoneManagerProtocolClientSideTranslatorPB.openKey(OzoneManagerProtocolClientSideTranslatorPB.java:752)
	at sun.reflect.NativeMethodAccessorImpl.invoke0(Native Method)
	at sun.reflect.NativeMethodAccessorImpl.invoke(NativeMethodAccessorImpl.java:62)
	at sun.reflect.DelegatingMethodAccessorImpl.invoke(DelegatingMethodAccessorImpl.java:43)
	at java.lang.reflect.Method.invoke(Method.java:498)
	at org.apache.hadoop.hdds.tracing.TraceAllMethod.invoke(TraceAllMethod.java:66)
	at com.sun.proxy.$Proxy37.openKey(Unknown Source)
	at org.apache.hadoop.ozone.client.rpc.RpcClient.createKey(RpcClient.java:633)
	at org.apache.hadoop.ozone.client.OzoneBucket.createKey(OzoneBucket.java:325)
	at org.apache.hadoop.ozone.freon.RandomKeyGenerator.createKey(RandomKeyGenerator.java:697)
	at org.apache.hadoop.ozone.freon.RandomKeyGenerator.access$1100(RandomKeyGenerator.java:88)
	at org.apache.hadoop.ozone.freon.RandomKeyGenerator$ObjectCreator.run(RandomKeyGenerator.java:615)
	at java.util.concurrent.Executors$RunnableAdapter.call(Executors.java:511)
	at java.util.concurrent.FutureTask.run(FutureTask.java:266)
	at java.util.concurrent.ThreadPoolExecutor.runWorker(ThreadPoolExecutor.java:1149)
	at java.util.concurrent.ThreadPoolExecutor$Worker.run(ThreadPoolExecutor.java:624)
	at java.lang.Thread.run(Thread.java:748)
 0.00% |?                                                                                                    |  0/1 Time: 0:00:012019-11-19 09:03:41,474 [Command processor thread] INFO  impl.RaftServerProxy (RaftServerProxy.java:remove(95)) - 3cfc6e4c-ad73-48ff-9ed4-89cd5a33d17f: remove  FOLLOWER 3cfc6e4c-ad73-48ff-9ed4-89cd5a33d17f@group-E9D8210A25FA:t2, leader=b58b7614-b117-481c-9fe5-7c32a06e39f4, voted=3cfc6e4c-ad73-48ff-9ed4-89cd5a33d17f, raftlog=3cfc6e4c-ad73-48ff-9ed4-89cd5a33d17f@group-E9D8210A25FA-SegmentedRaftLog:OPENED:c78,f78,i78, conf=0: [d84362bd-c453-48c1-b281-932808b65f14:192.168.157.255:36092, b58b7614-b117-481c-9fe5-7c32a06e39f4:192.168.157.255:32866, 3cfc6e4c-ad73-48ff-9ed4-89cd5a33d17f:192.168.157.255:43645], old=null RUNNING
2019-11-19 09:03:41,476 [Command processor thread] INFO  impl.RaftServerProxy (RaftServerProxy.java:remove(95)) - b58b7614-b117-481c-9fe5-7c32a06e39f4: remove    LEADER b58b7614-b117-481c-9fe5-7c32a06e39f4@group-E9D8210A25FA:t2, leader=b58b7614-b117-481c-9fe5-7c32a06e39f4, voted=b58b7614-b117-481c-9fe5-7c32a06e39f4, raftlog=b58b7614-b117-481c-9fe5-7c32a06e39f4@group-E9D8210A25FA-SegmentedRaftLog:OPENED:c78,f78,i78, conf=0: [d84362bd-c453-48c1-b281-932808b65f14:192.168.157.255:36092, b58b7614-b117-481c-9fe5-7c32a06e39f4:192.168.157.255:32866, 3cfc6e4c-ad73-48ff-9ed4-89cd5a33d17f:192.168.157.255:43645], old=null RUNNING
2019-11-19 09:03:41,476 [Command processor thread] INFO  impl.RaftServerImpl (RaftServerImpl.java:lambda$shutdown$3(250)) - 3cfc6e4c-ad73-48ff-9ed4-89cd5a33d17f@group-E9D8210A25FA: shutdown
2019-11-19 09:03:41,478 [Command processor thread] INFO  impl.RaftServerImpl (RaftServerImpl.java:lambda$shutdown$3(250)) - b58b7614-b117-481c-9fe5-7c32a06e39f4@group-E9D8210A25FA: shutdown
2019-11-19 09:03:41,479 [Command processor thread] INFO  util.JmxRegister (JmxRegister.java:unregister(73)) - Successfully un-registered JMX Bean with object name Ratis:service=RaftServer,group=group-E9D8210A25FA,id=3cfc6e4c-ad73-48ff-9ed4-89cd5a33d17f
2019-11-19 09:03:41,479 [Command processor thread] INFO  util.JmxRegister (JmxRegister.java:unregister(73)) - Successfully un-registered JMX Bean with object name Ratis:service=RaftServer,group=group-E9D8210A25FA,id=b58b7614-b117-481c-9fe5-7c32a06e39f4
2019-11-19 09:03:41,480 [Command processor thread] INFO  impl.RoleInfo (RoleInfo.java:shutdownFollowerState(121)) - 3cfc6e4c-ad73-48ff-9ed4-89cd5a33d17f: shutdown FollowerState
2019-11-19 09:03:41,480 [Command processor thread] INFO  impl.RoleInfo (RoleInfo.java:shutdownLeaderState(104)) - b58b7614-b117-481c-9fe5-7c32a06e39f4: shutdown LeaderState
2019-11-19 09:03:41,480 [Thread-217] INFO  impl.FollowerState (FollowerState.java:run(120)) - 3cfc6e4c-ad73-48ff-9ed4-89cd5a33d17f@group-E9D8210A25FA-FollowerState was interrupted: java.lang.InterruptedException: sleep interrupted
2019-11-19 09:03:41,480 [Command processor thread] INFO  impl.StateMachineUpdater (StateMachineUpdater.java:stopAndJoin(136)) - 3cfc6e4c-ad73-48ff-9ed4-89cd5a33d17f@group-E9D8210A25FA-StateMachineUpdater: set stopIndex = 78
2019-11-19 09:03:41,481 [3cfc6e4c-ad73-48ff-9ed4-89cd5a33d17f@group-E9D8210A25FA-StateMachineUpdater] INFO  ratis.ContainerStateMachine (ContainerStateMachine.java:takeSnapshot(285)) - group-E9D8210A25FA: Taking a snapshot at:(t:2, i:76) file /workdir/hadoop-ozone/tools/target/test-dir/MiniOzoneClusterImpl-966ae5d1-5369-4dd0-960c-586569c2c391/datanode-1/data/ratis/a1afe00e-b12a-452f-89cf-e9d8210a25fa/sm/snapshot.2_76
2019-11-19 09:03:41,487 [Command processor thread] INFO  impl.PendingRequests (PendingRequests.java:sendNotLeaderResponses(206)) - b58b7614-b117-481c-9fe5-7c32a06e39f4@group-E9D8210A25FA-PendingRequests: sendNotLeaderResponses
2019-11-19 09:03:41,487 [org.apache.ratis.server.impl.LogAppender$AppenderDaemon$$Lambda$575/16948854@3a1d2eee] WARN  server.GrpcLogAppender (GrpcLogAppender.java:mayWait(151)) - b58b7614-b117-481c-9fe5-7c32a06e39f4@group-E9D8210A25FA->3cfc6e4c-ad73-48ff-9ed4-89cd5a33d17f-GrpcLogAppender: Wait interrupted by java.lang.InterruptedException
2019-11-19 09:03:41,487 [org.apache.ratis.server.impl.LogAppender$AppenderDaemon$$Lambda$575/16948854@7881c054] WARN  server.GrpcLogAppender (GrpcLogAppender.java:mayWait(151)) - b58b7614-b117-481c-9fe5-7c32a06e39f4@group-E9D8210A25FA->d84362bd-c453-48c1-b281-932808b65f14-GrpcLogAppender: Wait interrupted by java.lang.InterruptedException
2019-11-19 09:03:41,491 [Command processor thread] INFO  impl.StateMachineUpdater (StateMachineUpdater.java:stopAndJoin(136)) - b58b7614-b117-481c-9fe5-7c32a06e39f4@group-E9D8210A25FA-StateMachineUpdater: set stopIndex = 78
2019-11-19 09:03:41,492 [grpc-default-executor-3] INFO  server.GrpcServerProtocolService (GrpcServerProtocolService.java:onCompleted(113)) - d84362bd-c453-48c1-b281-932808b65f14: Completed APPEND_ENTRIES, lastRequest: b58b7614-b117-481c-9fe5-7c32a06e39f4->d84362bd-c453-48c1-b281-932808b65f14#81-t2, previous=(t:2, i:78), leaderCommit=78, initializing? false, entries: <empty>
2019-11-19 09:03:41,494 [b58b7614-b117-481c-9fe5-7c32a06e39f4@group-E9D8210A25FA-StateMachineUpdater] INFO  ratis.ContainerStateMachine (ContainerStateMachine.java:takeSnapshot(285)) - group-E9D8210A25FA: Taking a snapshot at:(t:2, i:76) file /workdir/hadoop-ozone/tools/target/test-dir/MiniOzoneClusterImpl-966ae5d1-5369-4dd0-960c-586569c2c391/datanode-2/data/ratis/a1afe00e-b12a-452f-89cf-e9d8210a25fa/sm/snapshot.2_76
2019-11-19 09:03:41,492 [grpc-default-executor-0] INFO  server.GrpcServerProtocolService (GrpcServerProtocolService.java:onCompleted(113)) - 3cfc6e4c-ad73-48ff-9ed4-89cd5a33d17f: Completed APPEND_ENTRIES, lastRequest: b58b7614-b117-481c-9fe5-7c32a06e39f4->3cfc6e4c-ad73-48ff-9ed4-89cd5a33d17f#81-t2, previous=(t:2, i:78), leaderCommit=78, initializing? false, entries: <empty>
2019-11-19 09:03:41,496 [grpc-default-executor-0] INFO  server.GrpcLogAppender (GrpcLogAppender.java:onCompleted(308)) - b58b7614-b117-481c-9fe5-7c32a06e39f4@group-E9D8210A25FA->d84362bd-c453-48c1-b281-932808b65f14-AppendLogResponseHandler: follower responses appendEntries COMPLETED
2019-11-19 09:03:41,497 [grpc-default-executor-3] INFO  server.GrpcLogAppender (GrpcLogAppender.java:onCompleted(308)) - b58b7614-b117-481c-9fe5-7c32a06e39f4@group-E9D8210A25FA->3cfc6e4c-ad73-48ff-9ed4-89cd5a33d17f-AppendLogResponseHandler: follower responses appendEntries COMPLETED
2019-11-19 09:03:41,499 [Command processor thread] INFO  impl.RaftServerProxy (RaftServerProxy.java:remove(95)) - d84362bd-c453-48c1-b281-932808b65f14: remove  FOLLOWER d84362bd-c453-48c1-b281-932808b65f14@group-E9D8210A25FA:t2, leader=b58b7614-b117-481c-9fe5-7c32a06e39f4, voted=b58b7614-b117-481c-9fe5-7c32a06e39f4, raftlog=d84362bd-c453-48c1-b281-932808b65f14@group-E9D8210A25FA-SegmentedRaftLog:OPENED:c78,f78,i78, conf=0: [d84362bd-c453-48c1-b281-932808b65f14:192.168.157.255:36092, b58b7614-b117-481c-9fe5-7c32a06e39f4:192.168.157.255:32866, 3cfc6e4c-ad73-48ff-9ed4-89cd5a33d17f:192.168.157.255:43645], old=null RUNNING
2019-11-19 09:03:41,501 [Command processor thread] INFO  impl.RaftServerImpl (RaftServerImpl.java:lambda$shutdown$3(250)) - d84362bd-c453-48c1-b281-932808b65f14@group-E9D8210A25FA: shutdown
2019-11-19 09:03:41,501 [Command processor thread] INFO  util.JmxRegister (JmxRegister.java:unregister(73)) - Successfully un-registered JMX Bean with object name Ratis:service=RaftServer,group=group-E9D8210A25FA,id=d84362bd-c453-48c1-b281-932808b65f14
2019-11-19 09:03:41,501 [Command processor thread] INFO  impl.RoleInfo (RoleInfo.java:shutdownFollowerState(121)) - d84362bd-c453-48c1-b281-932808b65f14: shutdown FollowerState
2019-11-19 09:03:41,502 [Command processor thread] INFO  impl.StateMachineUpdater (StateMachineUpdater.java:stopAndJoin(136)) - d84362bd-c453-48c1-b281-932808b65f14@group-E9D8210A25FA-StateMachineUpdater: set stopIndex = 78
2019-11-19 09:03:41,502 [Thread-214] INFO  impl.FollowerState (FollowerState.java:run(120)) - d84362bd-c453-48c1-b281-932808b65f14@group-E9D8210A25FA-FollowerState was interrupted: java.lang.InterruptedException: sleep interrupted
2019-11-19 09:03:41,503 [d84362bd-c453-48c1-b281-932808b65f14@group-E9D8210A25FA-StateMachineUpdater] INFO  ratis.ContainerStateMachine (ContainerStateMachine.java:takeSnapshot(285)) - group-E9D8210A25FA: Taking a snapshot at:(t:2, i:76) file /workdir/hadoop-ozone/tools/target/test-dir/MiniOzoneClusterImpl-966ae5d1-5369-4dd0-960c-586569c2c391/datanode-0/data/ratis/a1afe00e-b12a-452f-89cf-e9d8210a25fa/sm/snapshot.2_76
2019-11-19 09:03:41,505 [grpc-default-executor-0] INFO  impl.FollowerInfo (FollowerInfo.java:lambda$new$0(51)) - b58b7614-b117-481c-9fe5-7c32a06e39f4@group-E9D8210A25FA->d84362bd-c453-48c1-b281-932808b65f14: nextIndex: updateUnconditionally 79 -> 78
2019-11-19 09:03:41,505 [grpc-default-executor-3] INFO  impl.FollowerInfo (FollowerInfo.java:lambda$new$0(51)) - b58b7614-b117-481c-9fe5-7c32a06e39f4@group-E9D8210A25FA->3cfc6e4c-ad73-48ff-9ed4-89cd5a33d17f: nextIndex: updateUnconditionally 79 -> 78
 0.00% |?                                                                                                    |  0/1 Time: 0:00:022019-11-19 09:03:41,663 [d84362bd-c453-48c1-b281-932808b65f14@group-E9D8210A25FA-StateMachineUpdater] INFO  ratis.ContainerStateMachine (ContainerStateMachine.java:takeSnapshot(296)) - group-E9D8210A25FA: Finished taking a snapshot at:(t:2, i:76) file:/workdir/hadoop-ozone/tools/target/test-dir/MiniOzoneClusterImpl-966ae5d1-5369-4dd0-960c-586569c2c391/datanode-0/data/ratis/a1afe00e-b12a-452f-89cf-e9d8210a25fa/sm/snapshot.2_76 time:162
2019-11-19 09:03:41,663 [3cfc6e4c-ad73-48ff-9ed4-89cd5a33d17f@group-E9D8210A25FA-StateMachineUpdater] INFO  ratis.ContainerStateMachine (ContainerStateMachine.java:takeSnapshot(296)) - group-E9D8210A25FA: Finished taking a snapshot at:(t:2, i:76) file:/workdir/hadoop-ozone/tools/target/test-dir/MiniOzoneClusterImpl-966ae5d1-5369-4dd0-960c-586569c2c391/datanode-1/data/ratis/a1afe00e-b12a-452f-89cf-e9d8210a25fa/sm/snapshot.2_76 time:183
2019-11-19 09:03:41,663 [b58b7614-b117-481c-9fe5-7c32a06e39f4@group-E9D8210A25FA-StateMachineUpdater] INFO  ratis.ContainerStateMachine (ContainerStateMachine.java:takeSnapshot(296)) - group-E9D8210A25FA: Finished taking a snapshot at:(t:2, i:76) file:/workdir/hadoop-ozone/tools/target/test-dir/MiniOzoneClusterImpl-966ae5d1-5369-4dd0-960c-586569c2c391/datanode-2/data/ratis/a1afe00e-b12a-452f-89cf-e9d8210a25fa/sm/snapshot.2_76 time:170
2019-11-19 09:03:41,665 [b58b7614-b117-481c-9fe5-7c32a06e39f4@group-E9D8210A25FA-StateMachineUpdater] INFO  impl.StateMachineUpdater (StateMachineUpdater.java:takeSnapshot(269)) - b58b7614-b117-481c-9fe5-7c32a06e39f4@group-E9D8210A25FA-StateMachineUpdater: Took a snapshot at index 76
2019-11-19 09:03:41,665 [3cfc6e4c-ad73-48ff-9ed4-89cd5a33d17f@group-E9D8210A25FA-StateMachineUpdater] INFO  impl.StateMachineUpdater (StateMachineUpdater.java:takeSnapshot(269)) - 3cfc6e4c-ad73-48ff-9ed4-89cd5a33d17f@group-E9D8210A25FA-StateMachineUpdater: Took a snapshot at index 76
2019-11-19 09:03:41,665 [d84362bd-c453-48c1-b281-932808b65f14@group-E9D8210A25FA-StateMachineUpdater] INFO  impl.StateMachineUpdater (StateMachineUpdater.java:takeSnapshot(269)) - d84362bd-c453-48c1-b281-932808b65f14@group-E9D8210A25FA-StateMachineUpdater: Took a snapshot at index 76
2019-11-19 09:03:41,666 [3cfc6e4c-ad73-48ff-9ed4-89cd5a33d17f@group-E9D8210A25FA-StateMachineUpdater] INFO  impl.StateMachineUpdater (StateMachineUpdater.java:lambda$new$0(84)) - 3cfc6e4c-ad73-48ff-9ed4-89cd5a33d17f@group-E9D8210A25FA-StateMachineUpdater: snapshotIndex: updateIncreasingly -1 -> 76
2019-11-19 09:03:41,666 [b58b7614-b117-481c-9fe5-7c32a06e39f4@group-E9D8210A25FA-StateMachineUpdater] INFO  impl.StateMachineUpdater (StateMachineUpdater.java:lambda$new$0(84)) - b58b7614-b117-481c-9fe5-7c32a06e39f4@group-E9D8210A25FA-StateMachineUpdater: snapshotIndex: updateIncreasingly -1 -> 76
2019-11-19 09:03:41,666 [d84362bd-c453-48c1-b281-932808b65f14@group-E9D8210A25FA-StateMachineUpdater] INFO  impl.StateMachineUpdater (StateMachineUpdater.java:lambda$new$0(84)) - d84362bd-c453-48c1-b281-932808b65f14@group-E9D8210A25FA-StateMachineUpdater: snapshotIndex: updateIncreasingly -1 -> 76
2019-11-19 09:03:41,672 [d84362bd-c453-48c1-b281-932808b65f14@group-E9D8210A25FA-StateMachineUpdater] INFO  ratis.ContainerStateMachine (ContainerStateMachine.java:takeSnapshot(285)) - group-E9D8210A25FA: Taking a snapshot at:(t:2, i:76) file /workdir/hadoop-ozone/tools/target/test-dir/MiniOzoneClusterImpl-966ae5d1-5369-4dd0-960c-586569c2c391/datanode-0/data/ratis/a1afe00e-b12a-452f-89cf-e9d8210a25fa/sm/snapshot.2_76
2019-11-19 09:03:41,672 [3cfc6e4c-ad73-48ff-9ed4-89cd5a33d17f@group-E9D8210A25FA-StateMachineUpdater] INFO  ratis.ContainerStateMachine (ContainerStateMachine.java:takeSnapshot(285)) - group-E9D8210A25FA: Taking a snapshot at:(t:2, i:76) file /workdir/hadoop-ozone/tools/target/test-dir/MiniOzoneClusterImpl-966ae5d1-5369-4dd0-960c-586569c2c391/datanode-1/data/ratis/a1afe00e-b12a-452f-89cf-e9d8210a25fa/sm/snapshot.2_76
2019-11-19 09:03:41,672 [b58b7614-b117-481c-9fe5-7c32a06e39f4@group-E9D8210A25FA-StateMachineUpdater] INFO  ratis.ContainerStateMachine (ContainerStateMachine.java:takeSnapshot(285)) - group-E9D8210A25FA: Taking a snapshot at:(t:2, i:76) file /workdir/hadoop-ozone/tools/target/test-dir/MiniOzoneClusterImpl-966ae5d1-5369-4dd0-960c-586569c2c391/datanode-2/data/ratis/a1afe00e-b12a-452f-89cf-e9d8210a25fa/sm/snapshot.2_76
2019-11-19 09:03:42,065 [b58b7614-b117-481c-9fe5-7c32a06e39f4@group-E9D8210A25FA-StateMachineUpdater] INFO  ratis.ContainerStateMachine (ContainerStateMachine.java:takeSnapshot(296)) - group-E9D8210A25FA: Finished taking a snapshot at:(t:2, i:76) file:/workdir/hadoop-ozone/tools/target/test-dir/MiniOzoneClusterImpl-966ae5d1-5369-4dd0-960c-586569c2c391/datanode-2/data/ratis/a1afe00e-b12a-452f-89cf-e9d8210a25fa/sm/snapshot.2_76 time:393
2019-11-19 09:03:42,065 [3cfc6e4c-ad73-48ff-9ed4-89cd5a33d17f@group-E9D8210A25FA-StateMachineUpdater] INFO  ratis.ContainerStateMachine (ContainerStateMachine.java:takeSnapshot(296)) - group-E9D8210A25FA: Finished taking a snapshot at:(t:2, i:76) file:/workdir/hadoop-ozone/tools/target/test-dir/MiniOzoneClusterImpl-966ae5d1-5369-4dd0-960c-586569c2c391/datanode-1/data/ratis/a1afe00e-b12a-452f-89cf-e9d8210a25fa/sm/snapshot.2_76 time:393
2019-11-19 09:03:42,065 [d84362bd-c453-48c1-b281-932808b65f14@group-E9D8210A25FA-StateMachineUpdater] INFO  ratis.ContainerStateMachine (ContainerStateMachine.java:takeSnapshot(296)) - group-E9D8210A25FA: Finished taking a snapshot at:(t:2, i:76) file:/workdir/hadoop-ozone/tools/target/test-dir/MiniOzoneClusterImpl-966ae5d1-5369-4dd0-960c-586569c2c391/datanode-0/data/ratis/a1afe00e-b12a-452f-89cf-e9d8210a25fa/sm/snapshot.2_76 time:393
2019-11-19 09:03:42,066 [b58b7614-b117-481c-9fe5-7c32a06e39f4@group-E9D8210A25FA-StateMachineUpdater] INFO  impl.StateMachineUpdater (StateMachineUpdater.java:takeSnapshot(269)) - b58b7614-b117-481c-9fe5-7c32a06e39f4@group-E9D8210A25FA-StateMachineUpdater: Took a snapshot at index 76
2019-11-19 09:03:42,066 [b58b7614-b117-481c-9fe5-7c32a06e39f4@group-E9D8210A25FA-StateMachineUpdater] INFO  impl.StateMachineUpdater (StateMachineUpdater.java:lambda$new$0(84)) - b58b7614-b117-481c-9fe5-7c32a06e39f4@group-E9D8210A25FA-StateMachineUpdater: snapshotIndex: updateIncreasingly 76 -> 76
2019-11-19 09:03:42,066 [3cfc6e4c-ad73-48ff-9ed4-89cd5a33d17f@group-E9D8210A25FA-StateMachineUpdater] INFO  impl.StateMachineUpdater (StateMachineUpdater.java:takeSnapshot(269)) - 3cfc6e4c-ad73-48ff-9ed4-89cd5a33d17f@group-E9D8210A25FA-StateMachineUpdater: Took a snapshot at index 76
2019-11-19 09:03:42,066 [d84362bd-c453-48c1-b281-932808b65f14@group-E9D8210A25FA-StateMachineUpdater] INFO  impl.StateMachineUpdater (StateMachineUpdater.java:takeSnapshot(269)) - d84362bd-c453-48c1-b281-932808b65f14@group-E9D8210A25FA-StateMachineUpdater: Took a snapshot at index 76
2019-11-19 09:03:42,066 [3cfc6e4c-ad73-48ff-9ed4-89cd5a33d17f@group-E9D8210A25FA-StateMachineUpdater] INFO  impl.StateMachineUpdater (StateMachineUpdater.java:lambda$new$0(84)) - 3cfc6e4c-ad73-48ff-9ed4-89cd5a33d17f@group-E9D8210A25FA-StateMachineUpdater: snapshotIndex: updateIncreasingly 76 -> 76
2019-11-19 09:03:42,066 [Command processor thread] INFO  impl.RaftServerImpl (ServerState.java:close(387)) - b58b7614-b117-481c-9fe5-7c32a06e39f4@group-E9D8210A25FA: closes. applyIndex: 78
2019-11-19 09:03:42,066 [d84362bd-c453-48c1-b281-932808b65f14@group-E9D8210A25FA-StateMachineUpdater] INFO  impl.StateMachineUpdater (StateMachineUpdater.java:lambda$new$0(84)) - d84362bd-c453-48c1-b281-932808b65f14@group-E9D8210A25FA-StateMachineUpdater: snapshotIndex: updateIncreasingly 76 -> 76
2019-11-19 09:03:42,067 [Command processor thread] INFO  impl.RaftServerImpl (ServerState.java:close(387)) - 3cfc6e4c-ad73-48ff-9ed4-89cd5a33d17f@group-E9D8210A25FA: closes. applyIndex: 78
2019-11-19 09:03:42,067 [Command processor thread] INFO  impl.RaftServerImpl (ServerState.java:close(387)) - d84362bd-c453-48c1-b281-932808b65f14@group-E9D8210A25FA: closes. applyIndex: 78
2019-11-19 09:03:42,070 [b58b7614-b117-481c-9fe5-7c32a06e39f4@group-E9D8210A25FA-SegmentedRaftLogWorker] INFO  segmented.SegmentedRaftLogWorker (SegmentedRaftLogWorker.java:run(316)) - b58b7614-b117-481c-9fe5-7c32a06e39f4@group-E9D8210A25FA-SegmentedRaftLogWorker was interrupted, exiting. There are 0 tasks remaining in the queue.
2019-11-19 09:03:42,070 [d84362bd-c453-48c1-b281-932808b65f14@group-E9D8210A25FA-SegmentedRaftLogWorker] INFO  segmented.SegmentedRaftLogWorker (SegmentedRaftLogWorker.java:run(316)) - d84362bd-c453-48c1-b281-932808b65f14@group-E9D8210A25FA-SegmentedRaftLogWorker was interrupted, exiting. There are 0 tasks remaining in the queue.
2019-11-19 09:03:42,070 [3cfc6e4c-ad73-48ff-9ed4-89cd5a33d17f@group-E9D8210A25FA-SegmentedRaftLogWorker] INFO  segmented.SegmentedRaftLogWorker (SegmentedRaftLogWorker.java:run(316)) - 3cfc6e4c-ad73-48ff-9ed4-89cd5a33d17f@group-E9D8210A25FA-SegmentedRaftLogWorker was interrupted, exiting. There are 0 tasks remaining in the queue.
2019-11-19 09:03:42,073 [Command processor thread] INFO  segmented.SegmentedRaftLogWorker (SegmentedRaftLogWorker.java:close(224)) - d84362bd-c453-48c1-b281-932808b65f14@group-E9D8210A25FA-SegmentedRaftLogWorker close()
2019-11-19 09:03:42,073 [Command processor thread] INFO  segmented.SegmentedRaftLogWorker (SegmentedRaftLogWorker.java:close(224)) - b58b7614-b117-481c-9fe5-7c32a06e39f4@group-E9D8210A25FA-SegmentedRaftLogWorker close()
2019-11-19 09:03:42,073 [Command processor thread] INFO  segmented.SegmentedRaftLogWorker (SegmentedRaftLogWorker.java:close(224)) - 3cfc6e4c-ad73-48ff-9ed4-89cd5a33d17f@group-E9D8210A25FA-SegmentedRaftLogWorker close()
2019-11-19 09:03:42,119 [Command processor thread] INFO  interfaces.Container (KeyValueContainer.java:flushAndSyncDB(400)) - Container 1 is synced with bcsId 60.
2019-11-19 09:03:42,119 [Command processor thread] INFO  interfaces.Container (KeyValueContainer.java:flushAndSyncDB(400)) - Container 1 is synced with bcsId 60.
2019-11-19 09:03:42,120 [Command processor thread] INFO  interfaces.Container (KeyValueContainer.java:flushAndSyncDB(400)) - Container 1 is synced with bcsId 60.
2019-11-19 09:03:42,119 [Command processor thread] INFO  interfaces.Container (KeyValueContainer.java:flushAndSyncDB(400)) - Container 1 is synced with bcsId 60.
2019-11-19 09:03:42,120 [Command processor thread] INFO  interfaces.Container (KeyValueContainer.java:flushAndSyncDB(400)) - Container 1 is synced with bcsId 60.
2019-11-19 09:03:42,120 [Command processor thread] INFO  interfaces.Container (KeyValueContainer.java:flushAndSyncDB(400)) - Container 1 is synced with bcsId 60.
2019-11-19 09:03:42,150 [EventQueue-IncrementalContainerReportForIncrementalContainerReportHandler] INFO  container.IncrementalContainerReportHandler (AbstractContainerReportHandler.java:updateContainerState(171)) - Moving container #1 to QUASI_CLOSED state, datanode 3cfc6e4c-ad73-48ff-9ed4-89cd5a33d17f{ip: 192.168.157.255, host: pr-hdds-2538-d7d2t-4245227124, networkLocation: /default-rack, certSerialId: null} reported QUASI_CLOSED replica.
2019-11-19 09:03:42,176 [Command processor thread] INFO  interfaces.Container (KeyValueContainer.java:flushAndSyncDB(400)) - Container 2 is synced with bcsId 76.
2019-11-19 09:03:42,176 [Command processor thread] INFO  interfaces.Container (KeyValueContainer.java:flushAndSyncDB(400)) - Container 2 is synced with bcsId 76.
2019-11-19 09:03:42,178 [Command processor thread] INFO  interfaces.Container (KeyValueContainer.java:flushAndSyncDB(400)) - Container 2 is synced with bcsId 76.
2019-11-19 09:03:42,178 [Command processor thread] INFO  interfaces.Container (KeyValueContainer.java:flushAndSyncDB(400)) - Container 2 is synced with bcsId 76.
2019-11-19 09:03:42,178 [Command processor thread] INFO  interfaces.Container (KeyValueContainer.java:flushAndSyncDB(400)) - Container 2 is synced with bcsId 76.
2019-11-19 09:03:42,178 [Command processor thread] INFO  interfaces.Container (KeyValueContainer.java:flushAndSyncDB(400)) - Container 2 is synced with bcsId 76.
2019-11-19 09:03:42,206 [EventQueue-IncrementalContainerReportForIncrementalContainerReportHandler] INFO  container.IncrementalContainerReportHandler (AbstractContainerReportHandler.java:updateContainerState(171)) - Moving container #2 to QUASI_CLOSED state, datanode d84362bd-c453-48c1-b281-932808b65f14{ip: 192.168.157.255, host: pr-hdds-2538-d7d2t-4245227124, networkLocation: /default-rack, certSerialId: null} reported QUASI_CLOSED replica.
2019-11-19 09:03:42,224 [Command processor thread] INFO  interfaces.Container (KeyValueContainer.java:flushAndSyncDB(400)) - Container 3 is synced with bcsId 42.
2019-11-19 09:03:42,224 [Command processor thread] INFO  interfaces.Container (KeyValueContainer.java:flushAndSyncDB(400)) - Container 3 is synced with bcsId 42.
2019-11-19 09:03:42,225 [Command processor thread] INFO  interfaces.Container (KeyValueContainer.java:flushAndSyncDB(400)) - Container 3 is synced with bcsId 42.
2019-11-19 09:03:42,225 [Command processor thread] INFO  interfaces.Container (KeyValueContainer.java:flushAndSyncDB(400)) - Container 3 is synced with bcsId 42.
2019-11-19 09:03:42,226 [Command processor thread] INFO  interfaces.Container (KeyValueContainer.java:flushAndSyncDB(400)) - Container 3 is synced with bcsId 42.
2019-11-19 09:03:42,226 [Command processor thread] INFO  interfaces.Container (KeyValueContainer.java:flushAndSyncDB(400)) - Container 3 is synced with bcsId 42.
2019-11-19 09:03:42,242 [Command processor thread] INFO  commandhandler.ClosePipelineCommandHandler (ClosePipelineCommandHandler.java:handle(78)) - Close Pipeline #id: "a1afe00e-b12a-452f-89cf-e9d8210a25fa"
 command on datanode #3cfc6e4c-ad73-48ff-9ed4-89cd5a33d17f.
2019-11-19 09:03:42,242 [Command processor thread] INFO  commandhandler.ClosePipelineCommandHandler (ClosePipelineCommandHandler.java:handle(78)) - Close Pipeline #id: "a1afe00e-b12a-452f-89cf-e9d8210a25fa"
 command on datanode #d84362bd-c453-48c1-b281-932808b65f14.
2019-11-19 09:03:42,242 [Command processor thread] INFO  commandhandler.ClosePipelineCommandHandler (ClosePipelineCommandHandler.java:handle(78)) - Close Pipeline #id: "a1afe00e-b12a-452f-89cf-e9d8210a25fa"
 command on datanode #b58b7614-b117-481c-9fe5-7c32a06e39f4.
2019-11-19 09:03:42,244 [EventQueue-IncrementalContainerReportForIncrementalContainerReportHandler] INFO  container.IncrementalContainerReportHandler (AbstractContainerReportHandler.java:updateContainerState(171)) - Moving container #3 to QUASI_CLOSED state, datanode 3cfc6e4c-ad73-48ff-9ed4-89cd5a33d17f{ip: 192.168.157.255, host: pr-hdds-2538-d7d2t-4245227124, networkLocation: /default-rack, certSerialId: null} reported QUASI_CLOSED replica.
2019-11-19 09:03:42,244 [Command processor thread] INFO  impl.RaftServerProxy (RaftServerProxy.java:addNew(89)) - 3cfc6e4c-ad73-48ff-9ed4-89cd5a33d17f: addNew group-7BC43DA4529B:[d84362bd-c453-48c1-b281-932808b65f14:192.168.157.255:36092, b58b7614-b117-481c-9fe5-7c32a06e39f4:192.168.157.255:32866, 3cfc6e4c-ad73-48ff-9ed4-89cd5a33d17f:192.168.157.255:43645] returns group-7BC43DA4529B:java.util.concurrent.CompletableFuture@7380986[Not completed]
2019-11-19 09:03:42,244 [Command processor thread] INFO  impl.RaftServerProxy (RaftServerProxy.java:addNew(89)) - b58b7614-b117-481c-9fe5-7c32a06e39f4: addNew group-7BC43DA4529B:[d84362bd-c453-48c1-b281-932808b65f14:192.168.157.255:36092, b58b7614-b117-481c-9fe5-7c32a06e39f4:192.168.157.255:32866, 3cfc6e4c-ad73-48ff-9ed4-89cd5a33d17f:192.168.157.255:43645] returns group-7BC43DA4529B:java.util.concurrent.CompletableFuture@4aa38b[Not completed]
2019-11-19 09:03:42,244 [Command processor thread] INFO  impl.RaftServerProxy (RaftServerProxy.java:addNew(89)) - d84362bd-c453-48c1-b281-932808b65f14: addNew group-7BC43DA4529B:[d84362bd-c453-48c1-b281-932808b65f14:192.168.157.255:36092, b58b7614-b117-481c-9fe5-7c32a06e39f4:192.168.157.255:32866, 3cfc6e4c-ad73-48ff-9ed4-89cd5a33d17f:192.168.157.255:43645] returns group-7BC43DA4529B:java.util.concurrent.CompletableFuture@5f3084d2[Not completed]
2019-11-19 09:03:42,249 [pool-27-thread-1] INFO  impl.RaftServerImpl (RaftServerImpl.java:<init>(98)) - d84362bd-c453-48c1-b281-932808b65f14: new RaftServerImpl for group-7BC43DA4529B:[d84362bd-c453-48c1-b281-932808b65f14:192.168.157.255:36092, b58b7614-b117-481c-9fe5-7c32a06e39f4:192.168.157.255:32866, 3cfc6e4c-ad73-48ff-9ed4-89cd5a33d17f:192.168.157.255:43645] with ContainerStateMachine:uninitialized
2019-11-19 09:03:42,249 [pool-27-thread-1] INFO  server.RaftServerConfigKeys (ConfUtils.java:logGet(43)) - raft.server.rpc.timeout.min = 5s (custom)
2019-11-19 09:03:42,249 [pool-27-thread-1] INFO  server.RaftServerConfigKeys (ConfUtils.java:logGet(43)) - raft.server.rpc.timeout.max = 5200ms (custom)
2019-11-19 09:03:42,249 [pool-27-thread-1] INFO  server.RaftServerConfigKeys (ConfUtils.java:logGet(43)) - raft.server.rpcslowness.timeout = 120s (custom)
2019-11-19 09:03:42,249 [pool-27-thread-1] INFO  server.RaftServerConfigKeys (ConfUtils.java:logGet(43)) - raft.server.sleep.deviation.threshold = 300 (default)
2019-11-19 09:03:42,250 [pool-27-thread-1] INFO  server.RaftServerConfigKeys (ConfUtils.java:logGet(43)) - raft.server.log.appender.install.snapshot.enabled = false (custom)
2019-11-19 09:03:42,250 [pool-27-thread-1] INFO  impl.RaftServerImpl (ServerState.java:<init>(103)) - d84362bd-c453-48c1-b281-932808b65f14@group-7BC43DA4529B: ConfigurationManager, init=-1: [d84362bd-c453-48c1-b281-932808b65f14:192.168.157.255:36092, b58b7614-b117-481c-9fe5-7c32a06e39f4:192.168.157.255:32866, 3cfc6e4c-ad73-48ff-9ed4-89cd5a33d17f:192.168.157.255:43645], old=null, confs=<EMPTY_MAP>
2019-11-19 09:03:42,250 [pool-37-thread-1] INFO  impl.RaftServerImpl (RaftServerImpl.java:<init>(98)) - 3cfc6e4c-ad73-48ff-9ed4-89cd5a33d17f: new RaftServerImpl for group-7BC43DA4529B:[d84362bd-c453-48c1-b281-932808b65f14:192.168.157.255:36092, b58b7614-b117-481c-9fe5-7c32a06e39f4:192.168.157.255:32866, 3cfc6e4c-ad73-48ff-9ed4-89cd5a33d17f:192.168.157.255:43645] with ContainerStateMachine:uninitialized
2019-11-19 09:03:42,250 [pool-27-thread-1] INFO  server.RaftServerConfigKeys (ConfUtils.java:logGet(43)) - raft.server.storage.dir = [/workdir/hadoop-ozone/tools/target/test-dir/MiniOzoneClusterImpl-966ae5d1-5369-4dd0-960c-586569c2c391/datanode-0/data/ratis] (custom)
2019-11-19 09:03:42,250 [pool-37-thread-1] INFO  server.RaftServerConfigKeys (ConfUtils.java:logGet(43)) - raft.server.rpc.timeout.min = 5s (custom)
2019-11-19 09:03:42,251 [pool-37-thread-1] INFO  server.RaftServerConfigKeys (ConfUtils.java:logGet(43)) - raft.server.rpc.timeout.max = 5200ms (custom)
2019-11-19 09:03:42,251 [pool-27-thread-1] INFO  server.RaftServerConfigKeys (ConfUtils.java:logGet(43)) - raft.server.log.corruption.policy = EXCEPTION (default)
2019-11-19 09:03:42,251 [pool-37-thread-1] INFO  server.RaftServerConfigKeys (ConfUtils.java:logGet(43)) - raft.server.rpcslowness.timeout = 120s (custom)
2019-11-19 09:03:42,251 [pool-27-thread-1] INFO  storage.RaftStorageDirectory (RaftStorageDirectory.java:analyzeStorage(246)) - The storage directory /workdir/hadoop-ozone/tools/target/test-dir/MiniOzoneClusterImpl-966ae5d1-5369-4dd0-960c-586569c2c391/datanode-0/data/ratis/46997c0d-4712-43b8-8c5b-7bc43da4529b does not exist. Creating ...
2019-11-19 09:03:42,251 [pool-37-thread-1] INFO  server.RaftServerConfigKeys (ConfUtils.java:logGet(43)) - raft.server.sleep.deviation.threshold = 300 (default)
2019-11-19 09:03:42,251 [pool-37-thread-1] INFO  server.RaftServerConfigKeys (ConfUtils.java:logGet(43)) - raft.server.log.appender.install.snapshot.enabled = false (custom)
2019-11-19 09:03:42,252 [pool-37-thread-1] INFO  impl.RaftServerImpl (ServerState.java:<init>(103)) - 3cfc6e4c-ad73-48ff-9ed4-89cd5a33d17f@group-7BC43DA4529B: ConfigurationManager, init=-1: [d84362bd-c453-48c1-b281-932808b65f14:192.168.157.255:36092, b58b7614-b117-481c-9fe5-7c32a06e39f4:192.168.157.255:32866, 3cfc6e4c-ad73-48ff-9ed4-89cd5a33d17f:192.168.157.255:43645], old=null, confs=<EMPTY_MAP>
2019-11-19 09:03:42,252 [pool-47-thread-1] INFO  impl.RaftServerImpl (RaftServerImpl.java:<init>(98)) - b58b7614-b117-481c-9fe5-7c32a06e39f4: new RaftServerImpl for group-7BC43DA4529B:[d84362bd-c453-48c1-b281-932808b65f14:192.168.157.255:36092, b58b7614-b117-481c-9fe5-7c32a06e39f4:192.168.157.255:32866, 3cfc6e4c-ad73-48ff-9ed4-89cd5a33d17f:192.168.157.255:43645] with ContainerStateMachine:uninitialized
2019-11-19 09:03:42,252 [pool-37-thread-1] INFO  server.RaftServerConfigKeys (ConfUtils.java:logGet(43)) - raft.server.storage.dir = [/workdir/hadoop-ozone/tools/target/test-dir/MiniOzoneClusterImpl-966ae5d1-5369-4dd0-960c-586569c2c391/datanode-1/data/ratis] (custom)
2019-11-19 09:03:42,252 [pool-47-thread-1] INFO  server.RaftServerConfigKeys (ConfUtils.java:logGet(43)) - raft.server.rpc.timeout.min = 5s (custom)
2019-11-19 09:03:42,252 [pool-47-thread-1] INFO  server.RaftServerConfigKeys (ConfUtils.java:logGet(43)) - raft.server.rpc.timeout.max = 5200ms (custom)
2019-11-19 09:03:42,252 [pool-37-thread-1] INFO  server.RaftServerConfigKeys (ConfUtils.java:logGet(43)) - raft.server.log.corruption.policy = EXCEPTION (default)
2019-11-19 09:03:42,252 [pool-47-thread-1] INFO  server.RaftServerConfigKeys (ConfUtils.java:logGet(43)) - raft.server.rpcslowness.timeout = 120s (custom)
2019-11-19 09:03:42,253 [pool-47-thread-1] INFO  server.RaftServerConfigKeys (ConfUtils.java:logGet(43)) - raft.server.sleep.deviation.threshold = 300 (default)
2019-11-19 09:03:42,253 [pool-37-thread-1] INFO  storage.RaftStorageDirectory (RaftStorageDirectory.java:analyzeStorage(246)) - The storage directory /workdir/hadoop-ozone/tools/target/test-dir/MiniOzoneClusterImpl-966ae5d1-5369-4dd0-960c-586569c2c391/datanode-1/data/ratis/46997c0d-4712-43b8-8c5b-7bc43da4529b does not exist. Creating ...
2019-11-19 09:03:42,253 [pool-47-thread-1] INFO  server.RaftServerConfigKeys (ConfUtils.java:logGet(43)) - raft.server.log.appender.install.snapshot.enabled = false (custom)
2019-11-19 09:03:42,253 [pool-47-thread-1] INFO  impl.RaftServerImpl (ServerState.java:<init>(103)) - b58b7614-b117-481c-9fe5-7c32a06e39f4@group-7BC43DA4529B: ConfigurationManager, init=-1: [d84362bd-c453-48c1-b281-932808b65f14:192.168.157.255:36092, b58b7614-b117-481c-9fe5-7c32a06e39f4:192.168.157.255:32866, 3cfc6e4c-ad73-48ff-9ed4-89cd5a33d17f:192.168.157.255:43645], old=null, confs=<EMPTY_MAP>
2019-11-19 09:03:42,253 [pool-47-thread-1] INFO  server.RaftServerConfigKeys (ConfUtils.java:logGet(43)) - raft.server.storage.dir = [/workdir/hadoop-ozone/tools/target/test-dir/MiniOzoneClusterImpl-966ae5d1-5369-4dd0-960c-586569c2c391/datanode-2/data/ratis] (custom)
2019-11-19 09:03:42,254 [pool-47-thread-1] INFO  server.RaftServerConfigKeys (ConfUtils.java:logGet(43)) - raft.server.log.corruption.policy = EXCEPTION (default)
2019-11-19 09:03:42,254 [pool-47-thread-1] INFO  storage.RaftStorageDirectory (RaftStorageDirectory.java:analyzeStorage(246)) - The storage directory /workdir/hadoop-ozone/tools/target/test-dir/MiniOzoneClusterImpl-966ae5d1-5369-4dd0-960c-586569c2c391/datanode-2/data/ratis/46997c0d-4712-43b8-8c5b-7bc43da4529b does not exist. Creating ...
2019-11-19 09:03:42,265 [pool-27-thread-1] INFO  storage.RaftStorageDirectory (RaftStorageDirectory.java:tryLock(328)) - Lock on /workdir/hadoop-ozone/tools/target/test-dir/MiniOzoneClusterImpl-966ae5d1-5369-4dd0-960c-586569c2c391/datanode-0/data/ratis/46997c0d-4712-43b8-8c5b-7bc43da4529b/in_use.lock acquired by nodename 29969@pr-hdds-2538-d7d2t-4245227124
2019-11-19 09:03:42,265 [pool-47-thread-1] INFO  storage.RaftStorageDirectory (RaftStorageDirectory.java:tryLock(328)) - Lock on /workdir/hadoop-ozone/tools/target/test-dir/MiniOzoneClusterImpl-966ae5d1-5369-4dd0-960c-586569c2c391/datanode-2/data/ratis/46997c0d-4712-43b8-8c5b-7bc43da4529b/in_use.lock acquired by nodename 29969@pr-hdds-2538-d7d2t-4245227124
2019-11-19 09:03:42,265 [pool-37-thread-1] INFO  storage.RaftStorageDirectory (RaftStorageDirectory.java:tryLock(328)) - Lock on /workdir/hadoop-ozone/tools/target/test-dir/MiniOzoneClusterImpl-966ae5d1-5369-4dd0-960c-586569c2c391/datanode-1/data/ratis/46997c0d-4712-43b8-8c5b-7bc43da4529b/in_use.lock acquired by nodename 29969@pr-hdds-2538-d7d2t-4245227124
2019-11-19 09:03:42,287 [pool-37-thread-1] INFO  storage.RaftStorage (RaftStorage.java:format(84)) - Storage directory /workdir/hadoop-ozone/tools/target/test-dir/MiniOzoneClusterImpl-966ae5d1-5369-4dd0-960c-586569c2c391/datanode-1/data/ratis/46997c0d-4712-43b8-8c5b-7bc43da4529b has been successfully formatted.
2019-11-19 09:03:42,287 [pool-47-thread-1] INFO  storage.RaftStorage (RaftStorage.java:format(84)) - Storage directory /workdir/hadoop-ozone/tools/target/test-dir/MiniOzoneClusterImpl-966ae5d1-5369-4dd0-960c-586569c2c391/datanode-2/data/ratis/46997c0d-4712-43b8-8c5b-7bc43da4529b has been successfully formatted.
2019-11-19 09:03:42,287 [pool-27-thread-1] INFO  storage.RaftStorage (RaftStorage.java:format(84)) - Storage directory /workdir/hadoop-ozone/tools/target/test-dir/MiniOzoneClusterImpl-966ae5d1-5369-4dd0-960c-586569c2c391/datanode-0/data/ratis/46997c0d-4712-43b8-8c5b-7bc43da4529b has been successfully formatted.
2019-11-19 09:03:42,287 [pool-37-thread-1] INFO  ratis.ContainerStateMachine (ContainerStateMachine.java:loadSnapshot(223)) - group-7BC43DA4529B: The snapshot info is null. Setting the last applied indexto:(t:0, i:~)
2019-11-19 09:03:42,287 [pool-47-thread-1] INFO  ratis.ContainerStateMachine (ContainerStateMachine.java:loadSnapshot(223)) - group-7BC43DA4529B: The snapshot info is null. Setting the last applied indexto:(t:0, i:~)
2019-11-19 09:03:42,288 [pool-37-thread-1] INFO  server.RaftServerConfigKeys (ConfUtils.java:logGet(43)) - raft.server.notification.no-leader.timeout = 120s (custom)
2019-11-19 09:03:42,288 [pool-27-thread-1] INFO  ratis.ContainerStateMachine (ContainerStateMachine.java:loadSnapshot(223)) - group-7BC43DA4529B: The snapshot info is null. Setting the last applied indexto:(t:0, i:~)
2019-11-19 09:03:42,288 [pool-37-thread-1] INFO  server.RaftServerConfigKeys (ConfUtils.java:logGet(43)) - raft.server.log.use.memory = false (default)
2019-11-19 09:03:42,288 [pool-47-thread-1] INFO  server.RaftServerConfigKeys (ConfUtils.java:logGet(43)) - raft.server.notification.no-leader.timeout = 120s (custom)
2019-11-19 09:03:42,288 [pool-27-thread-1] INFO  server.RaftServerConfigKeys (ConfUtils.java:logGet(43)) - raft.server.notification.no-leader.timeout = 120s (custom)
2019-11-19 09:03:42,288 [pool-47-thread-1] INFO  server.RaftServerConfigKeys (ConfUtils.java:logGet(43)) - raft.server.log.use.memory = false (default)
2019-11-19 09:03:42,288 [pool-37-thread-1] INFO  server.RaftServerConfigKeys (ConfUtils.java:logGet(43)) - raft.server.log.purge.gap = 1000000 (custom)
2019-11-19 09:03:42,289 [pool-47-thread-1] INFO  server.RaftServerConfigKeys (ConfUtils.java:logGet(43)) - raft.server.log.purge.gap = 1000000 (custom)
2019-11-19 09:03:42,289 [pool-27-thread-1] INFO  server.RaftServerConfigKeys (ConfUtils.java:logGet(43)) - raft.server.log.use.memory = false (default)
2019-11-19 09:03:42,289 [pool-47-thread-1] INFO  server.RaftServerConfigKeys (ConfUtils.java:logGet(43)) - raft.server.log.appender.buffer.byte-limit = 33554432 (custom)
2019-11-19 09:03:42,289 [pool-37-thread-1] INFO  server.RaftServerConfigKeys (ConfUtils.java:logGet(43)) - raft.server.log.appender.buffer.byte-limit = 33554432 (custom)
2019-11-19 09:03:42,289 [pool-47-thread-1] INFO  server.RaftServerConfigKeys (ConfUtils.java:logGet(43)) - raft.server.log.segment.size.max = 1048576 (custom)
2019-11-19 09:03:42,289 [pool-27-thread-1] INFO  server.RaftServerConfigKeys (ConfUtils.java:logGet(43)) - raft.server.log.purge.gap = 1000000 (custom)
2019-11-19 09:03:42,290 [pool-37-thread-1] INFO  server.RaftServerConfigKeys (ConfUtils.java:logGet(43)) - raft.server.log.segment.size.max = 1048576 (custom)
2019-11-19 09:03:42,290 [pool-47-thread-1] INFO  server.RaftServerConfigKeys (ConfUtils.java:logGet(43)) - raft.server.log.segment.cache.num.max = 2 (custom)
2019-11-19 09:03:42,290 [pool-37-thread-1] INFO  server.RaftServerConfigKeys (ConfUtils.java:logGet(43)) - raft.server.log.segment.cache.num.max = 2 (custom)
2019-11-19 09:03:42,290 [pool-27-thread-1] INFO  server.RaftServerConfigKeys (ConfUtils.java:logGet(43)) - raft.server.log.appender.buffer.byte-limit = 33554432 (custom)
2019-11-19 09:03:42,290 [pool-37-thread-1] INFO  segmented.SegmentedRaftLogWorker (SegmentedRaftLogWorker.java:<init>(173)) - new 3cfc6e4c-ad73-48ff-9ed4-89cd5a33d17f@group-7BC43DA4529B-SegmentedRaftLogWorker for RaftStorage:Storage Directory /workdir/hadoop-ozone/tools/target/test-dir/MiniOzoneClusterImpl-966ae5d1-5369-4dd0-960c-586569c2c391/datanode-1/data/ratis/46997c0d-4712-43b8-8c5b-7bc43da4529b
2019-11-19 09:03:42,290 [pool-47-thread-1] INFO  segmented.SegmentedRaftLogWorker (SegmentedRaftLogWorker.java:<init>(173)) - new b58b7614-b117-481c-9fe5-7c32a06e39f4@group-7BC43DA4529B-SegmentedRaftLogWorker for RaftStorage:Storage Directory /workdir/hadoop-ozone/tools/target/test-dir/MiniOzoneClusterImpl-966ae5d1-5369-4dd0-960c-586569c2c391/datanode-2/data/ratis/46997c0d-4712-43b8-8c5b-7bc43da4529b
2019-11-19 09:03:42,291 [pool-37-thread-1] INFO  server.RaftServerConfigKeys (ConfUtils.java:logGet(43)) - raft.server.log.queue.byte-limit = 2147483647 (custom)
2019-11-19 09:03:42,291 [pool-27-thread-1] INFO  server.RaftServerConfigKeys (ConfUtils.java:logGet(43)) - raft.server.log.segment.size.max = 1048576 (custom)
2019-11-19 09:03:42,291 [pool-37-thread-1] INFO  server.RaftServerConfigKeys (ConfUtils.java:logGet(43)) - raft.server.log.queue.element-limit = 1024 (custom)
2019-11-19 09:03:42,291 [pool-47-thread-1] INFO  server.RaftServerConfigKeys (ConfUtils.java:logGet(43)) - raft.server.log.queue.byte-limit = 2147483647 (custom)
2019-11-19 09:03:42,291 [pool-37-thread-1] INFO  server.RaftServerConfigKeys (ConfUtils.java:logGet(43)) - raft.server.log.segment.size.max = 1048576 (custom)
2019-11-19 09:03:42,291 [pool-27-thread-1] INFO  server.RaftServerConfigKeys (ConfUtils.java:logGet(43)) - raft.server.log.segment.cache.num.max = 2 (custom)
2019-11-19 09:03:42,292 [pool-37-thread-1] INFO  server.RaftServerConfigKeys (ConfUtils.java:logGet(43)) - raft.server.log.preallocated.size = 16384 (custom)
2019-11-19 09:03:42,292 [pool-47-thread-1] INFO  server.RaftServerConfigKeys (ConfUtils.java:logGet(43)) - raft.server.log.queue.element-limit = 1024 (custom)
2019-11-19 09:03:42,292 [pool-37-thread-1] INFO  server.RaftServerConfigKeys (ConfUtils.java:logGet(43)) - raft.server.log.write.buffer.size = 33554432 (custom)
2019-11-19 09:03:42,292 [pool-27-thread-1] INFO  segmented.SegmentedRaftLogWorker (SegmentedRaftLogWorker.java:<init>(173)) - new d84362bd-c453-48c1-b281-932808b65f14@group-7BC43DA4529B-SegmentedRaftLogWorker for RaftStorage:Storage Directory /workdir/hadoop-ozone/tools/target/test-dir/MiniOzoneClusterImpl-966ae5d1-5369-4dd0-960c-586569c2c391/datanode-0/data/ratis/46997c0d-4712-43b8-8c5b-7bc43da4529b
2019-11-19 09:03:42,292 [pool-37-thread-1] INFO  server.RaftServerConfigKeys (ConfUtils.java:logGet(43)) - raft.server.log.force.sync.num = 128 (default)
2019-11-19 09:03:42,292 [pool-47-thread-1] INFO  server.RaftServerConfigKeys (ConfUtils.java:logGet(43)) - raft.server.log.segment.size.max = 1048576 (custom)
2019-11-19 09:03:42,293 [pool-37-thread-1] INFO  server.RaftServerConfigKeys (ConfUtils.java:logGet(43)) - raft.server.log.statemachine.data.sync = true (default)
2019-11-19 09:03:42,293 [pool-27-thread-1] INFO  server.RaftServerConfigKeys (ConfUtils.java:logGet(43)) - raft.server.log.queue.byte-limit = 2147483647 (custom)
2019-11-19 09:03:42,293 [pool-37-thread-1] INFO  server.RaftServerConfigKeys (ConfUtils.java:logGet(43)) - raft.server.log.statemachine.data.sync.timeout = 10s (default)
2019-11-19 09:03:42,293 [pool-47-thread-1] INFO  server.RaftServerConfigKeys (ConfUtils.java:logGet(43)) - raft.server.log.preallocated.size = 16384 (custom)
2019-11-19 09:03:42,293 [pool-37-thread-1] INFO  server.RaftServerConfigKeys (ConfUtils.java:logGet(43)) - raft.server.log.statemachine.data.sync.timeout.retry = -1 (default)
2019-11-19 09:03:42,293 [pool-27-thread-1] INFO  server.RaftServerConfigKeys (ConfUtils.java:logGet(43)) - raft.server.log.queue.element-limit = 1024 (custom)
2019-11-19 09:03:42,294 [pool-47-thread-1] INFO  server.RaftServerConfigKeys (ConfUtils.java:logGet(43)) - raft.server.log.write.buffer.size = 33554432 (custom)
2019-11-19 09:03:42,294 [pool-27-thread-1] INFO  server.RaftServerConfigKeys (ConfUtils.java:logGet(43)) - raft.server.log.segment.size.max = 1048576 (custom)
2019-11-19 09:03:42,294 [pool-37-thread-1] INFO  server.RaftServerConfigKeys (ConfUtils.java:logGet(43)) - raft.server.log.statemachine.data.caching.enabled = true (custom)
2019-11-19 09:03:42,294 [pool-27-thread-1] INFO  server.RaftServerConfigKeys (ConfUtils.java:logGet(43)) - raft.server.log.preallocated.size = 16384 (custom)
2019-11-19 09:03:42,294 [pool-47-thread-1] INFO  server.RaftServerConfigKeys (ConfUtils.java:logGet(43)) - raft.server.log.force.sync.num = 128 (default)
2019-11-19 09:03:42,295 [pool-37-thread-1] INFO  segmented.SegmentedRaftLogWorker (SegmentedRaftLogWorker.java:lambda$new$0(128)) - 3cfc6e4c-ad73-48ff-9ed4-89cd5a33d17f@group-7BC43DA4529B-SegmentedRaftLogWorker: flushIndex: setUnconditionally 0 -> -1
2019-11-19 09:03:42,295 [pool-27-thread-1] INFO  server.RaftServerConfigKeys (ConfUtils.java:logGet(43)) - raft.server.log.write.buffer.size = 33554432 (custom)
2019-11-19 09:03:42,295 [pool-47-thread-1] INFO  server.RaftServerConfigKeys (ConfUtils.java:logGet(43)) - raft.server.log.statemachine.data.sync = true (default)
2019-11-19 09:03:42,295 [pool-37-thread-1] INFO  server.RaftServerConfigKeys (ConfUtils.java:logGet(43)) - raft.server.snapshot.auto.trigger.enabled = true (custom)
2019-11-19 09:03:42,295 [pool-27-thread-1] INFO  server.RaftServerConfigKeys (ConfUtils.java:logGet(43)) - raft.server.log.force.sync.num = 128 (default)
2019-11-19 09:03:42,295 [pool-37-thread-1] INFO  server.RaftServerConfigKeys (ConfUtils.java:logGet(43)) - raft.server.snapshot.auto.trigger.threshold = 10000 (custom)
2019-11-19 09:03:42,295 [pool-47-thread-1] INFO  server.RaftServerConfigKeys (ConfUtils.java:logGet(43)) - raft.server.log.statemachine.data.sync.timeout = 10s (default)
2019-11-19 09:03:42,296 [pool-37-thread-1] INFO  server.RaftServerConfigKeys (ConfUtils.java:logGet(43)) - raft.server.snapshot.retention.file.num = 5 (custom)
2019-11-19 09:03:42,296 [pool-27-thread-1] INFO  server.RaftServerConfigKeys (ConfUtils.java:logGet(43)) - raft.server.log.statemachine.data.sync = true (default)
2019-11-19 09:03:42,296 [pool-37-thread-1] INFO  server.RaftServerConfigKeys (ConfUtils.java:logGet(43)) - raft.server.retrycache.expirytime = 600000ms (custom)
2019-11-19 09:03:42,296 [pool-47-thread-1] INFO  server.RaftServerConfigKeys (ConfUtils.java:logGet(43)) - raft.server.log.statemachine.data.sync.timeout.retry = -1 (default)
2019-11-19 09:03:42,296 [pool-37-thread-1] WARN  impl.MetricRegistriesImpl (MetricRegistriesImpl.java:lambda$create$1(61)) - First MetricRegistry has been created without registering reporters. You may need to call MetricRegistries.global().addReportRegistration(...) before.
2019-11-19 09:03:42,296 [pool-27-thread-1] INFO  server.RaftServerConfigKeys (ConfUtils.java:logGet(43)) - raft.server.log.statemachine.data.sync.timeout = 10s (default)
2019-11-19 09:03:42,297 [pool-37-thread-1] WARN  impl.MetricRegistriesImpl (MetricRegistriesImpl.java:lambda$create$1(61)) - First MetricRegistry has been created without registering reporters. You may need to call MetricRegistries.global().addReportRegistration(...) before.
2019-11-19 09:03:42,297 [pool-47-thread-1] INFO  server.RaftServerConfigKeys (ConfUtils.java:logGet(43)) - raft.server.log.statemachine.data.caching.enabled = true (custom)
2019-11-19 09:03:42,297 [pool-27-thread-1] INFO  server.RaftServerConfigKeys (ConfUtils.java:logGet(43)) - raft.server.log.statemachine.data.sync.timeout.retry = -1 (default)
2019-11-19 09:03:42,297 [pool-37-thread-1] INFO  impl.RaftServerImpl (RaftServerImpl.java:start(184)) - 3cfc6e4c-ad73-48ff-9ed4-89cd5a33d17f@group-7BC43DA4529B: start as a follower, conf=-1: [d84362bd-c453-48c1-b281-932808b65f14:192.168.157.255:36092, b58b7614-b117-481c-9fe5-7c32a06e39f4:192.168.157.255:32866, 3cfc6e4c-ad73-48ff-9ed4-89cd5a33d17f:192.168.157.255:43645], old=null
2019-11-19 09:03:42,297 [pool-47-thread-1] INFO  segmented.SegmentedRaftLogWorker (SegmentedRaftLogWorker.java:lambda$new$0(128)) - b58b7614-b117-481c-9fe5-7c32a06e39f4@group-7BC43DA4529B-SegmentedRaftLogWorker: flushIndex: setUnconditionally 0 -> -1
2019-11-19 09:03:42,297 [pool-27-thread-1] INFO  server.RaftServerConfigKeys (ConfUtils.java:logGet(43)) - raft.server.log.statemachine.data.caching.enabled = true (custom)
2019-11-19 09:03:42,297 [pool-37-thread-1] INFO  impl.RaftServerImpl (RaftServerImpl.java:setRole(173)) - 3cfc6e4c-ad73-48ff-9ed4-89cd5a33d17f@group-7BC43DA4529B: changes role from      null to FOLLOWER at term 0 for startAsFollower
2019-11-19 09:03:42,298 [pool-47-thread-1] INFO  server.RaftServerConfigKeys (ConfUtils.java:logGet(43)) - raft.server.snapshot.auto.trigger.enabled = true (custom)
2019-11-19 09:03:42,298 [pool-37-thread-1] INFO  impl.RoleInfo (RoleInfo.java:updateAndGet(143)) - 3cfc6e4c-ad73-48ff-9ed4-89cd5a33d17f: start FollowerState
2019-11-19 09:03:42,298 [pool-47-thread-1] INFO  server.RaftServerConfigKeys (ConfUtils.java:logGet(43)) - raft.server.snapshot.auto.trigger.threshold = 10000 (custom)
2019-11-19 09:03:42,298 [pool-27-thread-1] INFO  segmented.SegmentedRaftLogWorker (SegmentedRaftLogWorker.java:lambda$new$0(128)) - d84362bd-c453-48c1-b281-932808b65f14@group-7BC43DA4529B-SegmentedRaftLogWorker: flushIndex: setUnconditionally 0 -> -1
2019-11-19 09:03:42,298 [pool-47-thread-1] INFO  server.RaftServerConfigKeys (ConfUtils.java:logGet(43)) - raft.server.snapshot.retention.file.num = 5 (custom)
2019-11-19 09:03:42,299 [pool-37-thread-1] INFO  util.JmxRegister (JmxRegister.java:tryRegister(44)) - Successfully registered JMX Bean with object name Ratis:service=RaftServer,group=group-7BC43DA4529B,id=3cfc6e4c-ad73-48ff-9ed4-89cd5a33d17f
2019-11-19 09:03:42,299 [pool-47-thread-1] INFO  server.RaftServerConfigKeys (ConfUtils.java:logGet(43)) - raft.server.retrycache.expirytime = 600000ms (custom)
2019-11-19 09:03:42,299 [pool-27-thread-1] INFO  server.RaftServerConfigKeys (ConfUtils.java:logGet(43)) - raft.server.snapshot.auto.trigger.enabled = true (custom)
2019-11-19 09:03:42,299 [pool-47-thread-1] WARN  impl.MetricRegistriesImpl (MetricRegistriesImpl.java:lambda$create$1(61)) - First MetricRegistry has been created without registering reporters. You may need to call MetricRegistries.global().addReportRegistration(...) before.
2019-11-19 09:03:42,299 [pool-37-thread-1] WARN  impl.MetricRegistriesImpl (MetricRegistriesImpl.java:lambda$create$1(61)) - First MetricRegistry has been created without registering reporters. You may need to call MetricRegistries.global().addReportRegistration(...) before.
2019-11-19 09:03:42,299 [pool-47-thread-1] WARN  impl.MetricRegistriesImpl (MetricRegistriesImpl.java:lambda$create$1(61)) - First MetricRegistry has been created without registering reporters. You may need to call MetricRegistries.global().addReportRegistration(...) before.
2019-11-19 09:03:42,299 [pool-27-thread-1] INFO  server.RaftServerConfigKeys (ConfUtils.java:logGet(43)) - raft.server.snapshot.auto.trigger.threshold = 10000 (custom)
2019-11-19 09:03:42,300 [pool-47-thread-1] INFO  impl.RaftServerImpl (RaftServerImpl.java:start(184)) - b58b7614-b117-481c-9fe5-7c32a06e39f4@group-7BC43DA4529B: start as a follower, conf=-1: [d84362bd-c453-48c1-b281-932808b65f14:192.168.157.255:36092, b58b7614-b117-481c-9fe5-7c32a06e39f4:192.168.157.255:32866, 3cfc6e4c-ad73-48ff-9ed4-89cd5a33d17f:192.168.157.255:43645], old=null
2019-11-19 09:03:42,300 [pool-27-thread-1] INFO  server.RaftServerConfigKeys (ConfUtils.java:logGet(43)) - raft.server.snapshot.retention.file.num = 5 (custom)
2019-11-19 09:03:42,300 [pool-47-thread-1] INFO  impl.RaftServerImpl (RaftServerImpl.java:setRole(173)) - b58b7614-b117-481c-9fe5-7c32a06e39f4@group-7BC43DA4529B: changes role from      null to FOLLOWER at term 0 for startAsFollower
2019-11-19 09:03:42,300 [pool-27-thread-1] INFO  server.RaftServerConfigKeys (ConfUtils.java:logGet(43)) - raft.server.retrycache.expirytime = 600000ms (custom)
2019-11-19 09:03:42,300 [Command processor thread] INFO  commandhandler.CreatePipelineCommandHandler (CreatePipelineCommandHandler.java:handle(86)) - Create Pipeline RATIS THREE #id: "46997c0d-4712-43b8-8c5b-7bc43da4529b"
 command succeed on datanode 3cfc6e4c-ad73-48ff-9ed4-89cd5a33d17f.
2019-11-19 09:03:42,300 [pool-27-thread-1] WARN  impl.MetricRegistriesImpl (MetricRegistriesImpl.java:lambda$create$1(61)) - First MetricRegistry has been created without registering reporters. You may need to call MetricRegistries.global().addReportRegistration(...) before.
2019-11-19 09:03:42,300 [pool-47-thread-1] INFO  impl.RoleInfo (RoleInfo.java:updateAndGet(143)) - b58b7614-b117-481c-9fe5-7c32a06e39f4: start FollowerState
2019-11-19 09:03:42,301 [pool-27-thread-1] WARN  impl.MetricRegistriesImpl (MetricRegistriesImpl.java:lambda$create$1(61)) - First MetricRegistry has been created without registering reporters. You may need to call MetricRegistries.global().addReportRegistration(...) before.
2019-11-19 09:03:42,301 [pool-27-thread-1] INFO  impl.RaftServerImpl (RaftServerImpl.java:start(184)) - d84362bd-c453-48c1-b281-932808b65f14@group-7BC43DA4529B: start as a follower, conf=-1: [d84362bd-c453-48c1-b281-932808b65f14:192.168.157.255:36092, b58b7614-b117-481c-9fe5-7c32a06e39f4:192.168.157.255:32866, 3cfc6e4c-ad73-48ff-9ed4-89cd5a33d17f:192.168.157.255:43645], old=null
2019-11-19 09:03:42,301 [pool-47-thread-1] INFO  util.JmxRegister (JmxRegister.java:tryRegister(44)) - Successfully registered JMX Bean with object name Ratis:service=RaftServer,group=group-7BC43DA4529B,id=b58b7614-b117-481c-9fe5-7c32a06e39f4
2019-11-19 09:03:42,301 [pool-27-thread-1] INFO  impl.RaftServerImpl (RaftServerImpl.java:setRole(173)) - d84362bd-c453-48c1-b281-932808b65f14@group-7BC43DA4529B: changes role from      null to FOLLOWER at term 0 for startAsFollower
2019-11-19 09:03:42,302 [pool-47-thread-1] WARN  impl.MetricRegistriesImpl (MetricRegistriesImpl.java:lambda$create$1(61)) - First MetricRegistry has been created without registering reporters. You may need to call MetricRegistries.global().addReportRegistration(...) before.
2019-11-19 09:03:42,302 [pool-27-thread-1] INFO  impl.RoleInfo (RoleInfo.java:updateAndGet(143)) - d84362bd-c453-48c1-b281-932808b65f14: start FollowerState
2019-11-19 09:03:42,302 [EventQueue-PipelineReportForPipelineReportHandler] INFO  pipeline.PipelineReportHandler (PipelineReportHandler.java:processPipelineReport(113)) - Pipeline THREE PipelineID=46997c0d-4712-43b8-8c5b-7bc43da4529b reported by 3cfc6e4c-ad73-48ff-9ed4-89cd5a33d17f{ip: 192.168.157.255, host: pr-hdds-2538-d7d2t-4245227124, networkLocation: /default-rack, certSerialId: null}
2019-11-19 09:03:42,302 [Command processor thread] INFO  commandhandler.CreatePipelineCommandHandler (CreatePipelineCommandHandler.java:handle(86)) - Create Pipeline RATIS THREE #id: "46997c0d-4712-43b8-8c5b-7bc43da4529b"
 command succeed on datanode b58b7614-b117-481c-9fe5-7c32a06e39f4.
2019-11-19 09:03:42,303 [pool-27-thread-1] INFO  util.JmxRegister (JmxRegister.java:tryRegister(44)) - Successfully registered JMX Bean with object name Ratis:service=RaftServer,group=group-7BC43DA4529B,id=d84362bd-c453-48c1-b281-932808b65f14
2019-11-19 09:03:42,303 [pool-27-thread-1] WARN  impl.MetricRegistriesImpl (MetricRegistriesImpl.java:lambda$create$1(61)) - First MetricRegistry has been created without registering reporters. You may need to call MetricRegistries.global().addReportRegistration(...) before.
2019-11-19 09:03:42,303 [Command processor thread] INFO  commandhandler.CreatePipelineCommandHandler (CreatePipelineCommandHandler.java:handle(86)) - Create Pipeline RATIS THREE #id: "46997c0d-4712-43b8-8c5b-7bc43da4529b"
 command succeed on datanode d84362bd-c453-48c1-b281-932808b65f14.
2019-11-19 09:03:42,304 [EventQueue-PipelineReportForPipelineReportHandler] INFO  pipeline.PipelineReportHandler (PipelineReportHandler.java:processPipelineReport(113)) - Pipeline THREE PipelineID=46997c0d-4712-43b8-8c5b-7bc43da4529b reported by b58b7614-b117-481c-9fe5-7c32a06e39f4{ip: 192.168.157.255, host: pr-hdds-2538-d7d2t-4245227124, networkLocation: /default-rack, certSerialId: null}
2019-11-19 09:03:42,304 [EventQueue-PipelineReportForPipelineReportHandler] INFO  pipeline.PipelineReportHandler (PipelineReportHandler.java:processPipelineReport(113)) - Pipeline THREE PipelineID=46997c0d-4712-43b8-8c5b-7bc43da4529b reported by d84362bd-c453-48c1-b281-932808b65f14{ip: 192.168.157.255, host: pr-hdds-2538-d7d2t-4245227124, networkLocation: /default-rack, certSerialId: null}
 0.00% |?                                                                                                    |  0/1 Time: 0:00:03 0.00% |?                                                                                                    |  0/1 Time: 0:00:04 100.00% |?????????????????????????????????????????????????????????????????????????????????????????????????????|  1/1 Time: 0:00:05
2019-11-19 09:03:47,329 [Thread-475] INFO  impl.FollowerState (FollowerState.java:run(111)) - b58b7614-b117-481c-9fe5-7c32a06e39f4@group-7BC43DA4529B-FollowerState: change to CANDIDATE, lastRpcTime:5028ms, electionTimeout:5027ms
2019-11-19 09:03:47,330 [Thread-475] INFO  impl.RoleInfo (RoleInfo.java:shutdownFollowerState(121)) - b58b7614-b117-481c-9fe5-7c32a06e39f4: shutdown FollowerState
2019-11-19 09:03:47,330 [Thread-475] INFO  impl.RaftServerImpl (RaftServerImpl.java:setRole(173)) - b58b7614-b117-481c-9fe5-7c32a06e39f4@group-7BC43DA4529B: changes role from  FOLLOWER to CANDIDATE at term 0 for changeToCandidate
2019-11-19 09:03:47,331 [Thread-475] INFO  impl.RoleInfo (RoleInfo.java:updateAndGet(143)) - b58b7614-b117-481c-9fe5-7c32a06e39f4: start LeaderElection
2019-11-19 09:03:47,350 [Thread-472] INFO  impl.FollowerState (FollowerState.java:run(111)) - 3cfc6e4c-ad73-48ff-9ed4-89cd5a33d17f@group-7BC43DA4529B-FollowerState: change to CANDIDATE, lastRpcTime:5051ms, electionTimeout:5051ms
2019-11-19 09:03:47,350 [Thread-472] INFO  impl.RoleInfo (RoleInfo.java:shutdownFollowerState(121)) - 3cfc6e4c-ad73-48ff-9ed4-89cd5a33d17f: shutdown FollowerState
2019-11-19 09:03:47,350 [Thread-472] INFO  impl.RaftServerImpl (RaftServerImpl.java:setRole(173)) - 3cfc6e4c-ad73-48ff-9ed4-89cd5a33d17f@group-7BC43DA4529B: changes role from  FOLLOWER to CANDIDATE at term 0 for changeToCandidate
2019-11-19 09:03:47,350 [Thread-472] INFO  impl.RoleInfo (RoleInfo.java:updateAndGet(143)) - 3cfc6e4c-ad73-48ff-9ed4-89cd5a33d17f: start LeaderElection
2019-11-19 09:03:47,370 [b58b7614-b117-481c-9fe5-7c32a06e39f4@group-7BC43DA4529B-LeaderElection9] INFO  impl.LeaderElection (LeaderElection.java:askForVotes(178)) - b58b7614-b117-481c-9fe5-7c32a06e39f4@group-7BC43DA4529B-LeaderElection9: begin an election at term 1 for -1: [d84362bd-c453-48c1-b281-932808b65f14:192.168.157.255:36092, b58b7614-b117-481c-9fe5-7c32a06e39f4:192.168.157.255:32866, 3cfc6e4c-ad73-48ff-9ed4-89cd5a33d17f:192.168.157.255:43645], old=null
2019-11-19 09:03:47,370 [3cfc6e4c-ad73-48ff-9ed4-89cd5a33d17f@group-7BC43DA4529B-LeaderElection10] INFO  impl.LeaderElection (LeaderElection.java:askForVotes(178)) - 3cfc6e4c-ad73-48ff-9ed4-89cd5a33d17f@group-7BC43DA4529B-LeaderElection10: begin an election at term 1 for -1: [d84362bd-c453-48c1-b281-932808b65f14:192.168.157.255:36092, b58b7614-b117-481c-9fe5-7c32a06e39f4:192.168.157.255:32866, 3cfc6e4c-ad73-48ff-9ed4-89cd5a33d17f:192.168.157.255:43645], old=null
2019-11-19 09:03:47,396 [grpc-default-executor-3] INFO  impl.RaftServerImpl (RaftServerImpl.java:setRole(173)) - d84362bd-c453-48c1-b281-932808b65f14@group-7BC43DA4529B: changes role from  FOLLOWER to FOLLOWER at term 1 for recognizeCandidate:3cfc6e4c-ad73-48ff-9ed4-89cd5a33d17f
2019-11-19 09:03:47,396 [grpc-default-executor-3] INFO  impl.RoleInfo (RoleInfo.java:shutdownFollowerState(121)) - d84362bd-c453-48c1-b281-932808b65f14: shutdown FollowerState
2019-11-19 09:03:47,396 [grpc-default-executor-3] INFO  impl.RoleInfo (RoleInfo.java:updateAndGet(143)) - d84362bd-c453-48c1-b281-932808b65f14: start FollowerState
2019-11-19 09:03:47,397 [Thread-476] INFO  impl.FollowerState (FollowerState.java:run(120)) - d84362bd-c453-48c1-b281-932808b65f14@group-7BC43DA4529B-FollowerState was interrupted: java.lang.InterruptedException: sleep interrupted
2019-11-19 09:03:47,432 [3cfc6e4c-ad73-48ff-9ed4-89cd5a33d17f@group-7BC43DA4529B-LeaderElection10] INFO  impl.LeaderElection (LeaderElection.java:logAndReturn(56)) - 3cfc6e4c-ad73-48ff-9ed4-89cd5a33d17f@group-7BC43DA4529B-LeaderElection10: Election PASSED; received 2 response(s) [3cfc6e4c-ad73-48ff-9ed4-89cd5a33d17f<-b58b7614-b117-481c-9fe5-7c32a06e39f4#0:FAIL-t1, 3cfc6e4c-ad73-48ff-9ed4-89cd5a33d17f<-d84362bd-c453-48c1-b281-932808b65f14#0:OK-t1] and 0 exception(s); 3cfc6e4c-ad73-48ff-9ed4-89cd5a33d17f@group-7BC43DA4529B:t1, leader=null, voted=3cfc6e4c-ad73-48ff-9ed4-89cd5a33d17f, raftlog=3cfc6e4c-ad73-48ff-9ed4-89cd5a33d17f@group-7BC43DA4529B-SegmentedRaftLog:OPENED:c-1,f-1,i0, conf=-1: [d84362bd-c453-48c1-b281-932808b65f14:192.168.157.255:36092, b58b7614-b117-481c-9fe5-7c32a06e39f4:192.168.157.255:32866, 3cfc6e4c-ad73-48ff-9ed4-89cd5a33d17f:192.168.157.255:43645], old=null
2019-11-19 09:03:47,433 [3cfc6e4c-ad73-48ff-9ed4-89cd5a33d17f@group-7BC43DA4529B-LeaderElection10] INFO  impl.RoleInfo (RoleInfo.java:shutdownLeaderElection(134)) - 3cfc6e4c-ad73-48ff-9ed4-89cd5a33d17f: shutdown LeaderElection
2019-11-19 09:03:47,433 [b58b7614-b117-481c-9fe5-7c32a06e39f4@group-7BC43DA4529B-LeaderElection9] INFO  impl.LeaderElection (LeaderElection.java:logAndReturn(56)) - b58b7614-b117-481c-9fe5-7c32a06e39f4@group-7BC43DA4529B-LeaderElection9: Election REJECTED; received 2 response(s) [b58b7614-b117-481c-9fe5-7c32a06e39f4<-d84362bd-c453-48c1-b281-932808b65f14#0:FAIL-t1, b58b7614-b117-481c-9fe5-7c32a06e39f4<-3cfc6e4c-ad73-48ff-9ed4-89cd5a33d17f#0:FAIL-t1] and 0 exception(s); b58b7614-b117-481c-9fe5-7c32a06e39f4@group-7BC43DA4529B:t1, leader=null, voted=b58b7614-b117-481c-9fe5-7c32a06e39f4, raftlog=b58b7614-b117-481c-9fe5-7c32a06e39f4@group-7BC43DA4529B-SegmentedRaftLog:OPENED:c-1,f-1,i0, conf=-1: [d84362bd-c453-48c1-b281-932808b65f14:192.168.157.255:36092, b58b7614-b117-481c-9fe5-7c32a06e39f4:192.168.157.255:32866, 3cfc6e4c-ad73-48ff-9ed4-89cd5a33d17f:192.168.157.255:43645], old=null
2019-11-19 09:03:47,435 [3cfc6e4c-ad73-48ff-9ed4-89cd5a33d17f@group-7BC43DA4529B-LeaderElection10] INFO  impl.RaftServerImpl (RaftServerImpl.java:setRole(173)) - 3cfc6e4c-ad73-48ff-9ed4-89cd5a33d17f@group-7BC43DA4529B: changes role from CANDIDATE to LEADER at term 1 for changeToLeader
2019-11-19 09:03:47,435 [b58b7614-b117-481c-9fe5-7c32a06e39f4@group-7BC43DA4529B-LeaderElection9] INFO  impl.RaftServerImpl (RaftServerImpl.java:setRole(173)) - b58b7614-b117-481c-9fe5-7c32a06e39f4@group-7BC43DA4529B: changes role from CANDIDATE to FOLLOWER at term 1 for DISCOVERED_A_NEW_TERM
2019-11-19 09:03:47,438 [3cfc6e4c-ad73-48ff-9ed4-89cd5a33d17f@group-7BC43DA4529B-LeaderElection10] INFO  ratis.XceiverServerRatis (XceiverServerRatis.java:handleLeaderChangedNotification(733)) - Leader change notification received for group: group-7BC43DA4529B with new leaderId: 3cfc6e4c-ad73-48ff-9ed4-89cd5a33d17f
2019-11-19 09:03:47,438 [b58b7614-b117-481c-9fe5-7c32a06e39f4@group-7BC43DA4529B-LeaderElection9] INFO  impl.RoleInfo (RoleInfo.java:shutdownLeaderElection(134)) - b58b7614-b117-481c-9fe5-7c32a06e39f4: shutdown LeaderElection
2019-11-19 09:03:47,439 [b58b7614-b117-481c-9fe5-7c32a06e39f4@group-7BC43DA4529B-LeaderElection9] INFO  impl.RoleInfo (RoleInfo.java:updateAndGet(143)) - b58b7614-b117-481c-9fe5-7c32a06e39f4: start FollowerState
2019-11-19 09:03:47,439 [3cfc6e4c-ad73-48ff-9ed4-89cd5a33d17f@group-7BC43DA4529B-LeaderElection10] INFO  impl.RaftServerImpl (ServerState.java:setLeader(255)) - 3cfc6e4c-ad73-48ff-9ed4-89cd5a33d17f@group-7BC43DA4529B: change Leader from null to 3cfc6e4c-ad73-48ff-9ed4-89cd5a33d17f at term 1 for becomeLeader, leader elected after 5147ms
2019-11-19 09:03:47,440 [3cfc6e4c-ad73-48ff-9ed4-89cd5a33d17f@group-7BC43DA4529B-LeaderElection10] INFO  server.RaftServerConfigKeys (ConfUtils.java:logGet(43)) - raft.server.staging.catchup.gap = 1000 (default)
2019-11-19 09:03:47,440 [3cfc6e4c-ad73-48ff-9ed4-89cd5a33d17f@group-7BC43DA4529B-LeaderElection10] INFO  server.RaftServerConfigKeys (ConfUtils.java:logGet(43)) - raft.server.rpc.sleep.time = 25ms (default)
2019-11-19 09:03:47,441 [3cfc6e4c-ad73-48ff-9ed4-89cd5a33d17f@group-7BC43DA4529B-LeaderElection10] INFO  server.RaftServerConfigKeys (ConfUtils.java:logGet(43)) - raft.server.write.element-limit = 4096 (default)
2019-11-19 09:03:47,441 [3cfc6e4c-ad73-48ff-9ed4-89cd5a33d17f@group-7BC43DA4529B-LeaderElection10] INFO  server.RaftServerConfigKeys (ConfUtils.java:logGet(43)) - raft.server.watch.timeout = 10s (default)
2019-11-19 09:03:47,441 [3cfc6e4c-ad73-48ff-9ed4-89cd5a33d17f@group-7BC43DA4529B-LeaderElection10] INFO  server.RaftServerConfigKeys (ConfUtils.java:logGet(43)) - raft.server.watch.timeout.denomination = 1s (default)
2019-11-19 09:03:47,441 [3cfc6e4c-ad73-48ff-9ed4-89cd5a33d17f@group-7BC43DA4529B-LeaderElection10] INFO  server.RaftServerConfigKeys (ConfUtils.java:logGet(43)) - raft.server.watch.element-limit = 65536 (default)
2019-11-19 09:03:47,442 [EventQueue-PipelineReportForPipelineReportHandler] INFO  pipeline.PipelineReportHandler (PipelineReportHandler.java:processPipelineReport(113)) - Pipeline THREE PipelineID=46997c0d-4712-43b8-8c5b-7bc43da4529b reported by 3cfc6e4c-ad73-48ff-9ed4-89cd5a33d17f{ip: 192.168.157.255, host: pr-hdds-2538-d7d2t-4245227124, networkLocation: /default-rack, certSerialId: null}
2019-11-19 09:03:47,442 [3cfc6e4c-ad73-48ff-9ed4-89cd5a33d17f@group-7BC43DA4529B-LeaderElection10] INFO  server.RaftServerConfigKeys (ConfUtils.java:logGet(43)) - raft.server.log.appender.snapshot.chunk.size.max = 16MB (=16777216) (default)
2019-11-19 09:03:47,442 [EventQueue-PipelineReportForPipelineReportHandler] INFO  pipeline.PipelineStateManager (PipelineStateManager.java:openPipeline(132)) - Pipeline Pipeline[ Id: 46997c0d-4712-43b8-8c5b-7bc43da4529b, Nodes: d84362bd-c453-48c1-b281-932808b65f14{ip: 192.168.157.255, host: pr-hdds-2538-d7d2t-4245227124, networkLocation: /default-rack, certSerialId: null}3cfc6e4c-ad73-48ff-9ed4-89cd5a33d17f{ip: 192.168.157.255, host: pr-hdds-2538-d7d2t-4245227124, networkLocation: /default-rack, certSerialId: null}b58b7614-b117-481c-9fe5-7c32a06e39f4{ip: 192.168.157.255, host: pr-hdds-2538-d7d2t-4245227124, networkLocation: /default-rack, certSerialId: null}, Type:RATIS, Factor:THREE, State:ALLOCATED] moved to OPEN state
2019-11-19 09:03:47,443 [3cfc6e4c-ad73-48ff-9ed4-89cd5a33d17f@group-7BC43DA4529B-LeaderElection10] INFO  server.RaftServerConfigKeys (ConfUtils.java:logGet(43)) - raft.server.log.appender.buffer.byte-limit = 33554432 (custom)
2019-11-19 09:03:47,443 [3cfc6e4c-ad73-48ff-9ed4-89cd5a33d17f@group-7BC43DA4529B-LeaderElection10] INFO  server.RaftServerConfigKeys (ConfUtils.java:logGet(43)) - raft.server.log.appender.buffer.element-limit = 1 (custom)
2019-11-19 09:03:47,443 [3cfc6e4c-ad73-48ff-9ed4-89cd5a33d17f@group-7BC43DA4529B-LeaderElection10] INFO  grpc.GrpcConfigKeys$Server (ConfUtils.java:logGet(43)) - raft.grpc.server.leader.outstanding.appends.max = 128 (default)
2019-11-19 09:03:47,444 [3cfc6e4c-ad73-48ff-9ed4-89cd5a33d17f@group-7BC43DA4529B-LeaderElection10] INFO  server.RaftServerConfigKeys (ConfUtils.java:logGet(43)) - raft.server.rpc.request.timeout = 3000ms (default)
2019-11-19 09:03:47,445 [3cfc6e4c-ad73-48ff-9ed4-89cd5a33d17f@group-7BC43DA4529B-LeaderElection10] INFO  server.RaftServerConfigKeys (ConfUtils.java:logGet(43)) - raft.server.log.appender.install.snapshot.enabled = false (custom)
2019-11-19 09:03:47,445 [3cfc6e4c-ad73-48ff-9ed4-89cd5a33d17f@group-7BC43DA4529B-LeaderElection10] WARN  impl.MetricRegistriesImpl (MetricRegistriesImpl.java:lambda$create$1(61)) - First MetricRegistry has been created without registering reporters. You may need to call MetricRegistries.global().addReportRegistration(...) before.
2019-11-19 09:03:47,445 [3cfc6e4c-ad73-48ff-9ed4-89cd5a33d17f@group-7BC43DA4529B-LeaderElection10] INFO  server.RaftServerConfigKeys (ConfUtils.java:logGet(43)) - raft.server.log.appender.snapshot.chunk.size.max = 16MB (=16777216) (default)
2019-11-19 09:03:47,446 [3cfc6e4c-ad73-48ff-9ed4-89cd5a33d17f@group-7BC43DA4529B-LeaderElection10] INFO  server.RaftServerConfigKeys (ConfUtils.java:logGet(43)) - raft.server.log.appender.buffer.byte-limit = 33554432 (custom)
2019-11-19 09:03:47,446 [3cfc6e4c-ad73-48ff-9ed4-89cd5a33d17f@group-7BC43DA4529B-LeaderElection10] INFO  server.RaftServerConfigKeys (ConfUtils.java:logGet(43)) - raft.server.log.appender.buffer.element-limit = 1 (custom)
2019-11-19 09:03:47,446 [3cfc6e4c-ad73-48ff-9ed4-89cd5a33d17f@group-7BC43DA4529B-LeaderElection10] INFO  grpc.GrpcConfigKeys$Server (ConfUtils.java:logGet(43)) - raft.grpc.server.leader.outstanding.appends.max = 128 (default)
2019-11-19 09:03:47,446 [3cfc6e4c-ad73-48ff-9ed4-89cd5a33d17f@group-7BC43DA4529B-LeaderElection10] INFO  server.RaftServerConfigKeys (ConfUtils.java:logGet(43)) - raft.server.rpc.request.timeout = 3000ms (default)
2019-11-19 09:03:47,446 [3cfc6e4c-ad73-48ff-9ed4-89cd5a33d17f@group-7BC43DA4529B-LeaderElection10] INFO  server.RaftServerConfigKeys (ConfUtils.java:logGet(43)) - raft.server.log.appender.install.snapshot.enabled = false (custom)
2019-11-19 09:03:47,447 [3cfc6e4c-ad73-48ff-9ed4-89cd5a33d17f@group-7BC43DA4529B-LeaderElection10] INFO  impl.RoleInfo (RoleInfo.java:updateAndGet(143)) - 3cfc6e4c-ad73-48ff-9ed4-89cd5a33d17f: start LeaderState
2019-11-19 09:03:47,448 [3cfc6e4c-ad73-48ff-9ed4-89cd5a33d17f@group-7BC43DA4529B-LeaderElection10] INFO  segmented.SegmentedRaftLogWorker (SegmentedRaftLogWorker.java:startLogSegment(385)) - 3cfc6e4c-ad73-48ff-9ed4-89cd5a33d17f@group-7BC43DA4529B-SegmentedRaftLogWorker: Starting segment from index:0
2019-11-19 09:03:47,449 [3cfc6e4c-ad73-48ff-9ed4-89cd5a33d17f@group-7BC43DA4529B-LeaderElection10] INFO  impl.RaftServerImpl (ServerState.java:setRaftConf(356)) - 3cfc6e4c-ad73-48ff-9ed4-89cd5a33d17f@group-7BC43DA4529B: set configuration 0: [d84362bd-c453-48c1-b281-932808b65f14:192.168.157.255:36092, b58b7614-b117-481c-9fe5-7c32a06e39f4:192.168.157.255:32866, 3cfc6e4c-ad73-48ff-9ed4-89cd5a33d17f:192.168.157.255:43645], old=null at 0
2019-11-19 09:03:47,489 [grpc-default-executor-4] INFO  ratis.XceiverServerRatis (XceiverServerRatis.java:handleLeaderChangedNotification(733)) - Leader change notification received for group: group-7BC43DA4529B with new leaderId: 3cfc6e4c-ad73-48ff-9ed4-89cd5a33d17f
2019-11-19 09:03:47,489 [grpc-default-executor-3] INFO  ratis.XceiverServerRatis (XceiverServerRatis.java:handleLeaderChangedNotification(733)) - Leader change notification received for group: group-7BC43DA4529B with new leaderId: 3cfc6e4c-ad73-48ff-9ed4-89cd5a33d17f
2019-11-19 09:03:47,491 [grpc-default-executor-4] INFO  impl.RaftServerImpl (ServerState.java:setLeader(255)) - b58b7614-b117-481c-9fe5-7c32a06e39f4@group-7BC43DA4529B: change Leader from null to 3cfc6e4c-ad73-48ff-9ed4-89cd5a33d17f at term 1 for appendEntries, leader elected after 5201ms
2019-11-19 09:03:47,491 [grpc-default-executor-3] INFO  impl.RaftServerImpl (ServerState.java:setLeader(255)) - d84362bd-c453-48c1-b281-932808b65f14@group-7BC43DA4529B: change Leader from null to 3cfc6e4c-ad73-48ff-9ed4-89cd5a33d17f at term 1 for appendEntries, leader elected after 5201ms
2019-11-19 09:03:47,495 [grpc-default-executor-3] INFO  impl.RaftServerImpl (ServerState.java:setRaftConf(356)) - b58b7614-b117-481c-9fe5-7c32a06e39f4@group-7BC43DA4529B: set configuration 0: [d84362bd-c453-48c1-b281-932808b65f14:192.168.157.255:36092, b58b7614-b117-481c-9fe5-7c32a06e39f4:192.168.157.255:32866, 3cfc6e4c-ad73-48ff-9ed4-89cd5a33d17f:192.168.157.255:43645], old=null at 0
2019-11-19 09:03:47,495 [grpc-default-executor-3] INFO  segmented.SegmentedRaftLogWorker (SegmentedRaftLogWorker.java:startLogSegment(385)) - b58b7614-b117-481c-9fe5-7c32a06e39f4@group-7BC43DA4529B-SegmentedRaftLogWorker: Starting segment from index:0
2019-11-19 09:03:47,495 [grpc-default-executor-4] INFO  impl.RaftServerImpl (ServerState.java:setRaftConf(356)) - d84362bd-c453-48c1-b281-932808b65f14@group-7BC43DA4529B: set configuration 0: [d84362bd-c453-48c1-b281-932808b65f14:192.168.157.255:36092, b58b7614-b117-481c-9fe5-7c32a06e39f4:192.168.157.255:32866, 3cfc6e4c-ad73-48ff-9ed4-89cd5a33d17f:192.168.157.255:43645], old=null at 0
2019-11-19 09:03:47,496 [grpc-default-executor-4] INFO  segmented.SegmentedRaftLogWorker (SegmentedRaftLogWorker.java:startLogSegment(385)) - d84362bd-c453-48c1-b281-932808b65f14@group-7BC43DA4529B-SegmentedRaftLogWorker: Starting segment from index:0
2019-11-19 09:03:47,508 [3cfc6e4c-ad73-48ff-9ed4-89cd5a33d17f@group-7BC43DA4529B-SegmentedRaftLogWorker] INFO  segmented.SegmentedRaftLogWorker (SegmentedRaftLogWorker.java:execute(576)) - 3cfc6e4c-ad73-48ff-9ed4-89cd5a33d17f@group-7BC43DA4529B-SegmentedRaftLogWorker: created new log segment /workdir/hadoop-ozone/tools/target/test-dir/MiniOzoneClusterImpl-966ae5d1-5369-4dd0-960c-586569c2c391/datanode-1/data/ratis/46997c0d-4712-43b8-8c5b-7bc43da4529b/current/log_inprogress_0
2019-11-19 09:03:47,551 [d84362bd-c453-48c1-b281-932808b65f14@group-7BC43DA4529B-SegmentedRaftLogWorker] INFO  segmented.SegmentedRaftLogWorker (SegmentedRaftLogWorker.java:execute(576)) - d84362bd-c453-48c1-b281-932808b65f14@group-7BC43DA4529B-SegmentedRaftLogWorker: created new log segment /workdir/hadoop-ozone/tools/target/test-dir/MiniOzoneClusterImpl-966ae5d1-5369-4dd0-960c-586569c2c391/datanode-0/data/ratis/46997c0d-4712-43b8-8c5b-7bc43da4529b/current/log_inprogress_0
2019-11-19 09:03:47,551 [b58b7614-b117-481c-9fe5-7c32a06e39f4@group-7BC43DA4529B-SegmentedRaftLogWorker] INFO  segmented.SegmentedRaftLogWorker (SegmentedRaftLogWorker.java:execute(576)) - b58b7614-b117-481c-9fe5-7c32a06e39f4@group-7BC43DA4529B-SegmentedRaftLogWorker: created new log segment /workdir/hadoop-ozone/tools/target/test-dir/MiniOzoneClusterImpl-966ae5d1-5369-4dd0-960c-586569c2c391/datanode-2/data/ratis/46997c0d-4712-43b8-8c5b-7bc43da4529b/current/log_inprogress_0
]]></system-out>
    <system-err><![CDATA[ERROR StatusLogger No Log4j 2 configuration file found. Using default configuration (logging only errors to the console), or user programmatically provided configurations. Set system property 'log4j2.debug' to show Log4j 2 internal initialization logging. See https://logging.apache.org/log4j/2.x/manual/configuration.html for instructions on how to configure Log4j 2
]]></system-err>
  </testcase>
</testsuite>