<?xml version="1.0" encoding="UTF-8"?>
<testsuite xmlns:xsi="http://www.w3.org/2001/XMLSchema-instance" xsi:noNamespaceSchemaLocation="https://maven.apache.org/surefire/maven-surefire-plugin/xsd/surefire-test-report.xsd" name="org.apache.hadoop.ozone.client.rpc.TestDeleteWithSlowFollower" time="137.355" tests="1" errors="0" skipped="0" failures="1">
  <properties>
    <property name="awt.toolkit" value="sun.awt.X11.XToolkit"/>
    <property name="file.encoding.pkg" value="sun.io"/>
    <property name="java.specification.version" value="1.8"/>
    <property name="sun.cpu.isalist" value=""/>
    <property name="sun.jnu.encoding" value="ANSI_X3.4-1968"/>
    <property name="java.class.path" value="/workdir/hadoop-ozone/integration-test/target/test-classes:/workdir/hadoop-ozone/integration-test/target/classes:/home/user/.m2/repository/org/apache/hadoop/hadoop-ozone-common/0.5.0-SNAPSHOT/hadoop-ozone-common-0.5.0-SNAPSHOT.jar:/home/user/.m2/repository/org/apache/commons/commons-compress/1.4.1/commons-compress-1.4.1.jar:/home/user/.m2/repository/org/tukaani/xz/1.0/xz-1.0.jar:/home/user/.m2/repository/org/apache/hadoop/hadoop-common/3.2.0/hadoop-common-3.2.0.jar:/home/user/.m2/repository/org/apache/hadoop/hadoop-hdfs/3.2.0/hadoop-hdfs-3.2.0.jar:/home/user/.m2/repository/org/apache/hadoop/hadoop-hdfs-client/3.2.0/hadoop-hdfs-client-3.2.0.jar:/home/user/.m2/repository/com/fasterxml/jackson/core/jackson-annotations/2.9.9/jackson-annotations-2.9.9.jar:/home/user/.m2/repository/org/apache/hadoop/hadoop-hdds-common/0.5.0-SNAPSHOT/hadoop-hdds-common-0.5.0-SNAPSHOT.jar:/home/user/.m2/repository/javax/annotation/javax.annotation-api/1.2/javax.annotation-api-1.2.jar:/home/user/.m2/repository/org/apache/ratis/ratis-server/0.5.0-ced7dbf-SNAPSHOT/ratis-server-0.5.0-ced7dbf-SNAPSHOT.jar:/home/user/.m2/repository/org/apache/ratis/ratis-thirdparty-misc/0.2.0/ratis-thirdparty-misc-0.2.0.jar:/home/user/.m2/repository/org/apache/ratis/ratis-proto/0.5.0-ced7dbf-SNAPSHOT/ratis-proto-0.5.0-ced7dbf-SNAPSHOT.jar:/home/user/.m2/repository/org/apache/ratis/ratis-common/0.5.0-ced7dbf-SNAPSHOT/ratis-common-0.5.0-ced7dbf-SNAPSHOT.jar:/home/user/.m2/repository/org/apache/ratis/ratis-client/0.5.0-ced7dbf-SNAPSHOT/ratis-client-0.5.0-ced7dbf-SNAPSHOT.jar:/home/user/.m2/repository/org/apache/ratis/ratis-metrics/0.5.0-ced7dbf-SNAPSHOT/ratis-metrics-0.5.0-ced7dbf-SNAPSHOT.jar:/home/user/.m2/repository/org/apache/ratis/ratis-netty/0.5.0-ced7dbf-SNAPSHOT/ratis-netty-0.5.0-ced7dbf-SNAPSHOT.jar:/home/user/.m2/repository/org/apache/ratis/ratis-grpc/0.5.0-ced7dbf-SNAPSHOT/ratis-grpc-0.5.0-ced7dbf-SNAPSHOT.jar:/home/user/.m2/repository/org/rocksdb/rocksdbjni/6.0.1/rocksdbjni-6.0.1.jar:/home/user/.m2/repository/org/apache/logging/log4j/log4j-api/2.11.0/log4j-api-2.11.0.jar:/home/user/.m2/repository/org/apache/logging/log4j/log4j-core/2.11.0/log4j-core-2.11.0.jar:/home/user/.m2/repository/com/lmax/disruptor/3.4.2/disruptor-3.4.2.jar:/home/user/.m2/repository/org/apache/commons/commons-pool2/2.6.0/commons-pool2-2.6.0.jar:/home/user/.m2/repository/org/bouncycastle/bcpkix-jdk15on/1.60/bcpkix-jdk15on-1.60.jar:/home/user/.m2/repository/commons-validator/commons-validator/1.6/commons-validator-1.6.jar:/home/user/.m2/repository/commons-digester/commons-digester/1.8.1/commons-digester-1.8.1.jar:/home/user/.m2/repository/io/jaegertracing/jaeger-client/0.34.0/jaeger-client-0.34.0.jar:/home/user/.m2/repository/io/jaegertracing/jaeger-thrift/0.34.0/jaeger-thrift-0.34.0.jar:/home/user/.m2/repository/org/apache/thrift/libthrift/0.12.0/libthrift-0.12.0.jar:/home/user/.m2/repository/com/squareup/okhttp3/okhttp/3.9.0/okhttp-3.9.0.jar:/home/user/.m2/repository/com/squareup/okio/okio/1.13.0/okio-1.13.0.jar:/home/user/.m2/repository/io/jaegertracing/jaeger-core/0.34.0/jaeger-core-0.34.0.jar:/home/user/.m2/repository/io/jaegertracing/jaeger-tracerresolver/0.34.0/jaeger-tracerresolver-0.34.0.jar:/home/user/.m2/repository/io/opentracing/contrib/opentracing-tracerresolver/0.1.5/opentracing-tracerresolver-0.1.5.jar:/home/user/.m2/repository/io/opentracing/opentracing-util/0.31.0/opentracing-util-0.31.0.jar:/home/user/.m2/repository/io/opentracing/opentracing-api/0.31.0/opentracing-api-0.31.0.jar:/home/user/.m2/repository/io/opentracing/opentracing-noop/0.31.0/opentracing-noop-0.31.0.jar:/home/user/.m2/repository/org/apache/hadoop/hadoop-hdds-server-framework/0.5.0-SNAPSHOT/hadoop-hdds-server-framework-0.5.0-SNAPSHOT.jar:/home/user/.m2/repository/org/apache/hadoop/hadoop-hdds-container-service/0.5.0-SNAPSHOT/hadoop-hdds-container-service-0.5.0-SNAPSHOT.jar:/home/user/.m2/repository/org/apache/hadoop/hadoop-hdds-client/0.5.0-SNAPSHOT/hadoop-hdds-client-0.5.0-SNAPSHOT.jar:/home/user/.m2/repository/org/apache/hadoop/hadoop-hdds-tools/0.5.0-SNAPSHOT/hadoop-hdds-tools-0.5.0-SNAPSHOT.jar:/home/user/.m2/repository/org/apache/hadoop/hadoop-hdds-server-scm/0.5.0-SNAPSHOT/hadoop-hdds-server-scm-0.5.0-SNAPSHOT.jar:/home/user/.m2/repository/org/apache/hadoop/hadoop-hdds-docs/0.5.0-SNAPSHOT/hadoop-hdds-docs-0.5.0-SNAPSHOT.jar:/home/user/.m2/repository/io/dropwizard/metrics/metrics-core/3.2.4/metrics-core-3.2.4.jar:/home/user/.m2/repository/org/hamcrest/hamcrest-all/1.3/hamcrest-all-1.3.jar:/home/user/.m2/repository/org/bouncycastle/bcprov-jdk15on/1.60/bcprov-jdk15on-1.60.jar:/home/user/.m2/repository/info/picocli/picocli/3.9.6/picocli-3.9.6.jar:/home/user/.m2/repository/com/google/protobuf/protobuf-java/2.5.0/protobuf-java-2.5.0.jar:/home/user/.m2/repository/com/google/guava/guava/11.0.2/guava-11.0.2.jar:/home/user/.m2/repository/org/apache/hadoop/hadoop-ozone-ozone-manager/0.5.0-SNAPSHOT/hadoop-ozone-ozone-manager-0.5.0-SNAPSHOT.jar:/home/user/.m2/repository/org/apache/hadoop/hadoop-minikdc/3.2.0/hadoop-minikdc-3.2.0.jar:/home/user/.m2/repository/commons-io/commons-io/2.5/commons-io-2.5.jar:/home/user/.m2/repository/org/apache/kerby/kerb-simplekdc/1.0.1/kerb-simplekdc-1.0.1.jar:/home/user/.m2/repository/org/apache/kerby/kerb-client/1.0.1/kerb-client-1.0.1.jar:/home/user/.m2/repository/org/apache/kerby/kerby-config/1.0.1/kerby-config-1.0.1.jar:/home/user/.m2/repository/org/apache/kerby/kerb-core/1.0.1/kerb-core-1.0.1.jar:/home/user/.m2/repository/org/apache/kerby/kerby-pkix/1.0.1/kerby-pkix-1.0.1.jar:/home/user/.m2/repository/org/apache/kerby/kerby-asn1/1.0.1/kerby-asn1-1.0.1.jar:/home/user/.m2/repository/org/apache/kerby/kerby-util/1.0.1/kerby-util-1.0.1.jar:/home/user/.m2/repository/org/apache/kerby/kerb-common/1.0.1/kerb-common-1.0.1.jar:/home/user/.m2/repository/org/apache/kerby/kerb-crypto/1.0.1/kerb-crypto-1.0.1.jar:/home/user/.m2/repository/org/apache/kerby/kerb-util/1.0.1/kerb-util-1.0.1.jar:/home/user/.m2/repository/org/apache/kerby/token-provider/1.0.1/token-provider-1.0.1.jar:/home/user/.m2/repository/org/apache/kerby/kerb-admin/1.0.1/kerb-admin-1.0.1.jar:/home/user/.m2/repository/org/apache/kerby/kerb-server/1.0.1/kerb-server-1.0.1.jar:/home/user/.m2/repository/org/apache/kerby/kerb-identity/1.0.1/kerb-identity-1.0.1.jar:/home/user/.m2/repository/org/apache/kerby/kerby-xdr/1.0.1/kerby-xdr-1.0.1.jar:/home/user/.m2/repository/org/slf4j/slf4j-log4j12/1.7.25/slf4j-log4j12-1.7.25.jar:/home/user/.m2/repository/org/apache/hadoop/hadoop-ozone-s3gateway/0.5.0-SNAPSHOT/hadoop-ozone-s3gateway-0.5.0-SNAPSHOT.jar:/home/user/.m2/repository/org/jboss/weld/servlet/weld-servlet/2.4.7.Final/weld-servlet-2.4.7.Final.jar:/home/user/.m2/repository/org/glassfish/jersey/containers/jersey-container-servlet-core/2.27/jersey-container-servlet-core-2.27.jar:/home/user/.m2/repository/org/glassfish/hk2/external/javax.inject/2.5.0-b42/javax.inject-2.5.0-b42.jar:/home/user/.m2/repository/org/glassfish/jersey/core/jersey-common/2.27/jersey-common-2.27.jar:/home/user/.m2/repository/org/glassfish/hk2/osgi-resource-locator/1.0.1/osgi-resource-locator-1.0.1.jar:/home/user/.m2/repository/javax/ws/rs/javax.ws.rs-api/2.1/javax.ws.rs-api-2.1.jar:/home/user/.m2/repository/org/glassfish/jersey/ext/cdi/jersey-cdi1x/2.27/jersey-cdi1x-2.27.jar:/home/user/.m2/repository/org/glassfish/jersey/inject/jersey-hk2/2.27/jersey-hk2-2.27.jar:/home/user/.m2/repository/org/glassfish/hk2/hk2-locator/2.5.0-b42/hk2-locator-2.5.0-b42.jar:/home/user/.m2/repository/org/javassist/javassist/3.22.0-CR2/javassist-3.22.0-CR2.jar:/home/user/.m2/repository/org/glassfish/hk2/hk2-api/2.5.0/hk2-api-2.5.0.jar:/home/user/.m2/repository/org/glassfish/hk2/external/jakarta.inject/2.5.0/jakarta.inject-2.5.0.jar:/home/user/.m2/repository/org/glassfish/hk2/hk2-utils/2.5.0/hk2-utils-2.5.0.jar:/home/user/.m2/repository/jakarta/annotation/jakarta.annotation-api/1.3.4/jakarta.annotation-api-1.3.4.jar:/home/user/.m2/repository/org/glassfish/hk2/external/aopalliance-repackaged/2.5.0/aopalliance-repackaged-2.5.0.jar:/home/user/.m2/repository/com/fasterxml/jackson/dataformat/jackson-dataformat-xml/2.9.0/jackson-dataformat-xml-2.9.0.jar:/home/user/.m2/repository/com/fasterxml/jackson/core/jackson-core/2.9.9/jackson-core-2.9.9.jar:/home/user/.m2/repository/com/fasterxml/jackson/module/jackson-module-jaxb-annotations/2.9.9/jackson-module-jaxb-annotations-2.9.9.jar:/home/user/.m2/repository/javax/enterprise/cdi-api/1.2/cdi-api-1.2.jar:/home/user/.m2/repository/javax/el/javax.el-api/3.0.0/javax.el-api-3.0.0.jar:/home/user/.m2/repository/javax/interceptor/javax.interceptor-api/1.2/javax.interceptor-api-1.2.jar:/home/user/.m2/repository/javax/inject/javax.inject/1/javax.inject-1.jar:/home/user/.m2/repository/com/sun/xml/bind/jaxb-impl/2.3.0.1/jaxb-impl-2.3.0.1.jar:/home/user/.m2/repository/com/sun/xml/bind/jaxb-core/2.3.0.1/jaxb-core-2.3.0.1.jar:/home/user/.m2/repository/javax/xml/bind/jaxb-api/2.3.0/jaxb-api-2.3.0.jar:/home/user/.m2/repository/javax/activation/activation/1.1.1/activation-1.1.1.jar:/home/user/.m2/repository/org/apache/hadoop/hadoop-ozone-csi/0.5.0-SNAPSHOT/hadoop-ozone-csi-0.5.0-SNAPSHOT.jar:/home/user/.m2/repository/com/google/protobuf/protobuf-java-util/3.5.1/protobuf-java-util-3.5.1.jar:/home/user/.m2/repository/org/apache/hadoop/hadoop-hdds-config/0.5.0-SNAPSHOT/hadoop-hdds-config-0.5.0-SNAPSHOT.jar:/home/user/.m2/repository/io/grpc/grpc-netty/1.17.1/grpc-netty-1.17.1.jar:/home/user/.m2/repository/io/grpc/grpc-core/1.17.1/grpc-core-1.17.1.jar:/home/user/.m2/repository/io/grpc/grpc-context/1.17.1/grpc-context-1.17.1.jar:/home/user/.m2/repository/com/google/errorprone/error_prone_annotations/2.2.0/error_prone_annotations-2.2.0.jar:/home/user/.m2/repository/org/codehaus/mojo/animal-sniffer-annotations/1.17/animal-sniffer-annotations-1.17.jar:/home/user/.m2/repository/io/opencensus/opencensus-api/0.17.0/opencensus-api-0.17.0.jar:/home/user/.m2/repository/io/opencensus/opencensus-contrib-grpc-metrics/0.17.0/opencensus-contrib-grpc-metrics-0.17.0.jar:/home/user/.m2/repository/io/netty/netty-codec-http2/4.1.30.Final/netty-codec-http2-4.1.30.Final.jar:/home/user/.m2/repository/io/netty/netty-codec-http/4.1.30.Final/netty-codec-http-4.1.30.Final.jar:/home/user/.m2/repository/io/netty/netty-codec/4.1.30.Final/netty-codec-4.1.30.Final.jar:/home/user/.m2/repository/io/netty/netty-handler/4.1.30.Final/netty-handler-4.1.30.Final.jar:/home/user/.m2/repository/io/netty/netty-handler-proxy/4.1.30.Final/netty-handler-proxy-4.1.30.Final.jar:/home/user/.m2/repository/io/netty/netty-codec-socks/4.1.30.Final/netty-codec-socks-4.1.30.Final.jar:/home/user/.m2/repository/io/netty/netty-transport-native-epoll/4.1.30.Final/netty-transport-native-epoll-4.1.30.Final.jar:/home/user/.m2/repository/io/netty/netty-common/4.1.30.Final/netty-common-4.1.30.Final.jar:/home/user/.m2/repository/io/netty/netty-buffer/4.1.30.Final/netty-buffer-4.1.30.Final.jar:/home/user/.m2/repository/io/netty/netty-transport/4.1.30.Final/netty-transport-4.1.30.Final.jar:/home/user/.m2/repository/io/netty/netty-resolver/4.1.30.Final/netty-resolver-4.1.30.Final.jar:/home/user/.m2/repository/io/netty/netty-transport-native-unix-common/4.1.30.Final/netty-transport-native-unix-common-4.1.30.Final.jar:/home/user/.m2/repository/io/grpc/grpc-protobuf/1.17.1/grpc-protobuf-1.17.1.jar:/home/user/.m2/repository/com/google/api/grpc/proto-google-common-protos/1.0.0/proto-google-common-protos-1.0.0.jar:/home/user/.m2/repository/io/grpc/grpc-protobuf-lite/1.17.1/grpc-protobuf-lite-1.17.1.jar:/home/user/.m2/repository/io/grpc/grpc-stub/1.17.1/grpc-stub-1.17.1.jar:/home/user/.m2/repository/org/apache/hadoop/hadoop-ozone-recon/0.5.0-SNAPSHOT/hadoop-ozone-recon-0.5.0-SNAPSHOT.jar:/home/user/.m2/repository/org/apache/hadoop/hadoop-ozone-reconcodegen/0.5.0-SNAPSHOT/hadoop-ozone-reconcodegen-0.5.0-SNAPSHOT.jar:/home/user/.m2/repository/com/google/inject/extensions/guice-multibindings/4.0/guice-multibindings-4.0.jar:/home/user/.m2/repository/com/google/inject/guice/4.0/guice-4.0.jar:/home/user/.m2/repository/aopalliance/aopalliance/1.0/aopalliance-1.0.jar:/home/user/.m2/repository/com/google/inject/extensions/guice-servlet/4.0/guice-servlet-4.0.jar:/home/user/.m2/repository/org/glassfish/jersey/containers/jersey-container-servlet/2.27/jersey-container-servlet-2.27.jar:/home/user/.m2/repository/org/glassfish/hk2/guice-bridge/2.5.0/guice-bridge-2.5.0.jar:/home/user/.m2/repository/org/glassfish/jersey/core/jersey-server/2.27/jersey-server-2.27.jar:/home/user/.m2/repository/org/glassfish/jersey/core/jersey-client/2.27/jersey-client-2.27.jar:/home/user/.m2/repository/org/glassfish/jersey/media/jersey-media-jaxb/2.27/jersey-media-jaxb-2.27.jar:/home/user/.m2/repository/javax/validation/validation-api/1.1.0.Final/validation-api-1.1.0.Final.jar:/home/user/.m2/repository/org/glassfish/jersey/media/jersey-media-json-jackson/2.27/jersey-media-json-jackson-2.27.jar:/home/user/.m2/repository/org/glassfish/jersey/ext/jersey-entity-filtering/2.27/jersey-entity-filtering-2.27.jar:/home/user/.m2/repository/com/google/inject/extensions/guice-assistedinject/4.0/guice-assistedinject-4.0.jar:/home/user/.m2/repository/org/jooq/jooq/3.11.10/jooq-3.11.10.jar:/home/user/.m2/repository/org/jooq/jooq-meta/3.11.10/jooq-meta-3.11.10.jar:/home/user/.m2/repository/org/jooq/jooq-codegen/3.11.10/jooq-codegen-3.11.10.jar:/home/user/.m2/repository/com/jolbox/bonecp/0.8.0.RELEASE/bonecp-0.8.0.RELEASE.jar:/home/user/.m2/repository/org/xerial/sqlite-jdbc/3.25.2/sqlite-jdbc-3.25.2.jar:/home/user/.m2/repository/org/springframework/spring-jdbc/5.1.3.RELEASE/spring-jdbc-5.1.3.RELEASE.jar:/home/user/.m2/repository/org/springframework/spring-beans/5.1.3.RELEASE/spring-beans-5.1.3.RELEASE.jar:/home/user/.m2/repository/org/springframework/spring-core/5.1.3.RELEASE/spring-core-5.1.3.RELEASE.jar:/home/user/.m2/repository/org/springframework/spring-jcl/5.1.3.RELEASE/spring-jcl-5.1.3.RELEASE.jar:/home/user/.m2/repository/org/springframework/spring-tx/5.1.3.RELEASE/spring-tx-5.1.3.RELEASE.jar:/home/user/.m2/repository/org/apache/hadoop/hadoop-ozone-client/0.5.0-SNAPSHOT/hadoop-ozone-client-0.5.0-SNAPSHOT.jar:/home/user/.m2/repository/commons-lang/commons-lang/2.6/commons-lang-2.6.jar:/home/user/.m2/repository/org/apache/hadoop/hadoop-ozone-ozone-manager/0.5.0-SNAPSHOT/hadoop-ozone-ozone-manager-0.5.0-SNAPSHOT-tests.jar:/home/user/.m2/repository/junit/junit/4.11/junit-4.11.jar:/home/user/.m2/repository/org/hamcrest/hamcrest-core/1.3/hamcrest-core-1.3.jar:/home/user/.m2/repository/org/openjdk/jmh/jmh-core/1.19/jmh-core-1.19.jar:/home/user/.m2/repository/net/sf/jopt-simple/jopt-simple/4.6/jopt-simple-4.6.jar:/home/user/.m2/repository/org/apache/commons/commons-math3/3.1.1/commons-math3-3.1.1.jar:/home/user/.m2/repository/org/openjdk/jmh/jmh-generator-annprocess/1.19/jmh-generator-annprocess-1.19.jar:/home/user/.m2/repository/org/mockito/mockito-all/1.8.5/mockito-all-1.8.5.jar:/home/user/.m2/repository/org/apache/hadoop/hadoop-kms/3.2.0/hadoop-kms-3.2.0.jar:/home/user/.m2/repository/org/apache/hadoop/hadoop-auth/3.2.0/hadoop-auth-3.2.0.jar:/home/user/.m2/repository/com/nimbusds/nimbus-jose-jwt/4.41.1/nimbus-jose-jwt-4.41.1.jar:/home/user/.m2/repository/com/github/stephenc/jcip/jcip-annotations/1.0-1/jcip-annotations-1.0-1.jar:/home/user/.m2/repository/net/minidev/json-smart/2.3/json-smart-2.3.jar:/home/user/.m2/repository/net/minidev/accessors-smart/1.2/accessors-smart-1.2.jar:/home/user/.m2/repository/org/ow2/asm/asm/5.0.4/asm-5.0.4.jar:/home/user/.m2/repository/org/apache/curator/curator-framework/2.12.0/curator-framework-2.12.0.jar:/home/user/.m2/repository/com/sun/jersey/jersey-core/1.19/jersey-core-1.19.jar:/home/user/.m2/repository/javax/ws/rs/jsr311-api/1.1.1/jsr311-api-1.1.1.jar:/home/user/.m2/repository/com/sun/jersey/jersey-server/1.19/jersey-server-1.19.jar:/home/user/.m2/repository/javax/servlet/javax.servlet-api/3.1.0/javax.servlet-api-3.1.0.jar:/home/user/.m2/repository/org/eclipse/jetty/jetty-server/9.3.25.v20180904/jetty-server-9.3.25.v20180904.jar:/home/user/.m2/repository/org/eclipse/jetty/jetty-http/9.3.25.v20180904/jetty-http-9.3.25.v20180904.jar:/home/user/.m2/repository/org/eclipse/jetty/jetty-io/9.3.25.v20180904/jetty-io-9.3.25.v20180904.jar:/home/user/.m2/repository/org/eclipse/jetty/jetty-webapp/9.3.25.v20180904/jetty-webapp-9.3.25.v20180904.jar:/home/user/.m2/repository/org/eclipse/jetty/jetty-xml/9.3.25.v20180904/jetty-xml-9.3.25.v20180904.jar:/home/user/.m2/repository/log4j/log4j/1.2.17/log4j-1.2.17.jar:/home/user/.m2/repository/org/slf4j/slf4j-api/1.7.25/slf4j-api-1.7.25.jar:/home/user/.m2/repository/org/slf4j/jul-to-slf4j/1.7.25/jul-to-slf4j-1.7.25.jar:/home/user/.m2/repository/org/eclipse/jetty/jetty-util/9.3.25.v20180904/jetty-util-9.3.25.v20180904.jar:/home/user/.m2/repository/com/fasterxml/jackson/core/jackson-databind/2.9.9/jackson-databind-2.9.9.jar:/home/user/.m2/repository/org/apache/hadoop/hadoop-kms/3.2.0/hadoop-kms-3.2.0-tests.jar:/home/user/.m2/repository/org/apache/hadoop/hadoop-hdds-server-scm/0.5.0-SNAPSHOT/hadoop-hdds-server-scm-0.5.0-SNAPSHOT-tests.jar:/home/user/.m2/repository/org/apache/hadoop/hadoop-hdds-container-service/0.5.0-SNAPSHOT/hadoop-hdds-container-service-0.5.0-SNAPSHOT-tests.jar:/home/user/.m2/repository/org/yaml/snakeyaml/1.16/snakeyaml-1.16.jar:/home/user/.m2/repository/org/apache/hadoop/hadoop-common/3.2.0/hadoop-common-3.2.0-tests.jar:/home/user/.m2/repository/org/apache/hadoop/hadoop-annotations/3.2.0/hadoop-annotations-3.2.0.jar:/usr/lib/jvm/java-1.8.0-openjdk-1.8.0.222.b10-1.el7_7.x86_64/jre/../lib/tools.jar:/home/user/.m2/repository/commons-cli/commons-cli/1.2/commons-cli-1.2.jar:/home/user/.m2/repository/org/apache/httpcomponents/httpclient/4.5.2/httpclient-4.5.2.jar:/home/user/.m2/repository/org/apache/httpcomponents/httpcore/4.4.4/httpcore-4.4.4.jar:/home/user/.m2/repository/commons-codec/commons-codec/1.11/commons-codec-1.11.jar:/home/user/.m2/repository/commons-net/commons-net/3.6/commons-net-3.6.jar:/home/user/.m2/repository/commons-collections/commons-collections/3.2.2/commons-collections-3.2.2.jar:/home/user/.m2/repository/org/eclipse/jetty/jetty-servlet/9.3.25.v20180904/jetty-servlet-9.3.25.v20180904.jar:/home/user/.m2/repository/org/eclipse/jetty/jetty-security/9.3.25.v20180904/jetty-security-9.3.25.v20180904.jar:/home/user/.m2/repository/javax/servlet/jsp/jsp-api/2.1/jsp-api-2.1.jar:/home/user/.m2/repository/com/sun/jersey/jersey-servlet/1.19/jersey-servlet-1.19.jar:/home/user/.m2/repository/com/sun/jersey/jersey-json/1.19/jersey-json-1.19.jar:/home/user/.m2/repository/org/codehaus/jettison/jettison/1.1/jettison-1.1.jar:/home/user/.m2/repository/org/codehaus/jackson/jackson-core-asl/1.9.13/jackson-core-asl-1.9.13.jar:/home/user/.m2/repository/org/codehaus/jackson/jackson-mapper-asl/1.9.13/jackson-mapper-asl-1.9.13.jar:/home/user/.m2/repository/org/codehaus/jackson/jackson-jaxrs/1.9.13/jackson-jaxrs-1.9.13.jar:/home/user/.m2/repository/org/codehaus/jackson/jackson-xc/1.9.13/jackson-xc-1.9.13.jar:/home/user/.m2/repository/commons-logging/commons-logging/1.1.3/commons-logging-1.1.3.jar:/home/user/.m2/repository/commons-beanutils/commons-beanutils/1.9.4/commons-beanutils-1.9.4.jar:/home/user/.m2/repository/org/apache/commons/commons-configuration2/2.1.1/commons-configuration2-2.1.1.jar:/home/user/.m2/repository/org/apache/commons/commons-lang3/3.7/commons-lang3-3.7.jar:/home/user/.m2/repository/org/apache/commons/commons-text/1.4/commons-text-1.4.jar:/home/user/.m2/repository/org/apache/avro/avro/1.7.7/avro-1.7.7.jar:/home/user/.m2/repository/com/thoughtworks/paranamer/paranamer/2.3/paranamer-2.3.jar:/home/user/.m2/repository/org/xerial/snappy/snappy-java/1.0.5/snappy-java-1.0.5.jar:/home/user/.m2/repository/com/google/re2j/re2j/1.1/re2j-1.1.jar:/home/user/.m2/repository/com/google/code/gson/gson/2.2.4/gson-2.2.4.jar:/home/user/.m2/repository/com/jcraft/jsch/0.1.54/jsch-0.1.54.jar:/home/user/.m2/repository/org/apache/curator/curator-client/2.12.0/curator-client-2.12.0.jar:/home/user/.m2/repository/org/apache/curator/curator-recipes/2.12.0/curator-recipes-2.12.0.jar:/home/user/.m2/repository/com/google/code/findbugs/jsr305/3.0.0/jsr305-3.0.0.jar:/home/user/.m2/repository/org/apache/htrace/htrace-core4/4.1.0-incubating/htrace-core4-4.1.0-incubating.jar:/home/user/.m2/repository/org/apache/zookeeper/zookeeper/3.4.13/zookeeper-3.4.13.jar:/home/user/.m2/repository/jline/jline/0.9.94/jline-0.9.94.jar:/home/user/.m2/repository/org/apache/yetus/audience-annotations/0.5.0/audience-annotations-0.5.0.jar:/home/user/.m2/repository/org/codehaus/woodstox/stax2-api/3.1.4/stax2-api-3.1.4.jar:/home/user/.m2/repository/com/fasterxml/woodstox/woodstox-core/5.0.3/woodstox-core-5.0.3.jar:/home/user/.m2/repository/dnsjava/dnsjava/2.1.7/dnsjava-2.1.7.jar:/home/user/.m2/repository/org/apache/hadoop/hadoop-hdfs/3.2.0/hadoop-hdfs-3.2.0-tests.jar:/home/user/.m2/repository/org/eclipse/jetty/jetty-util-ajax/9.3.25.v20180904/jetty-util-ajax-9.3.25.v20180904.jar:/home/user/.m2/repository/commons-daemon/commons-daemon/1.0.13/commons-daemon-1.0.13.jar:/home/user/.m2/repository/io/netty/netty/3.10.5.Final/netty-3.10.5.Final.jar:/home/user/.m2/repository/io/netty/netty-all/4.0.52.Final/netty-all-4.0.52.Final.jar:/home/user/.m2/repository/org/fusesource/leveldbjni/leveldbjni-all/1.8/leveldbjni-all-1.8.jar:"/>
    <property name="java.vm.vendor" value="Oracle Corporation"/>
    <property name="sun.arch.data.model" value="64"/>
    <property name="test.build.dir" value="/workdir/hadoop-ozone/integration-test/target/test-dir"/>
    <property name="test.cache.data" value=""/>
    <property name="java.vendor.url" value="http://java.oracle.com/"/>
    <property name="user.timezone" value=""/>
    <property name="java.vm.specification.version" value="1.8"/>
    <property name="os.name" value="Linux"/>
    <property name="test.build.data" value="/workdir/hadoop-ozone/integration-test/target/test-dir"/>
    <property name="user.country" value="US"/>
    <property name="sun.java.launcher" value="SUN_STANDARD"/>
    <property name="sun.boot.library.path" value="/usr/lib/jvm/java-1.8.0-openjdk-1.8.0.222.b10-1.el7_7.x86_64/jre/lib/amd64"/>
    <property name="sun.java.command" value="/workdir/hadoop-ozone/integration-test/target/surefire/surefirebooter3763341620069602707.jar /workdir/hadoop-ozone/integration-test/target/surefire 2019-10-24T03-44-51_277-jvmRun1 surefire2472773871230127851tmp surefire_264859353714746215269tmp"/>
    <property name="surefire.test.class.path" value="/workdir/hadoop-ozone/integration-test/target/test-classes:/workdir/hadoop-ozone/integration-test/target/classes:/home/user/.m2/repository/org/apache/hadoop/hadoop-ozone-common/0.5.0-SNAPSHOT/hadoop-ozone-common-0.5.0-SNAPSHOT.jar:/home/user/.m2/repository/org/apache/commons/commons-compress/1.4.1/commons-compress-1.4.1.jar:/home/user/.m2/repository/org/tukaani/xz/1.0/xz-1.0.jar:/home/user/.m2/repository/org/apache/hadoop/hadoop-common/3.2.0/hadoop-common-3.2.0.jar:/home/user/.m2/repository/org/apache/hadoop/hadoop-hdfs/3.2.0/hadoop-hdfs-3.2.0.jar:/home/user/.m2/repository/org/apache/hadoop/hadoop-hdfs-client/3.2.0/hadoop-hdfs-client-3.2.0.jar:/home/user/.m2/repository/com/fasterxml/jackson/core/jackson-annotations/2.9.9/jackson-annotations-2.9.9.jar:/home/user/.m2/repository/org/apache/hadoop/hadoop-hdds-common/0.5.0-SNAPSHOT/hadoop-hdds-common-0.5.0-SNAPSHOT.jar:/home/user/.m2/repository/javax/annotation/javax.annotation-api/1.2/javax.annotation-api-1.2.jar:/home/user/.m2/repository/org/apache/ratis/ratis-server/0.5.0-ced7dbf-SNAPSHOT/ratis-server-0.5.0-ced7dbf-SNAPSHOT.jar:/home/user/.m2/repository/org/apache/ratis/ratis-thirdparty-misc/0.2.0/ratis-thirdparty-misc-0.2.0.jar:/home/user/.m2/repository/org/apache/ratis/ratis-proto/0.5.0-ced7dbf-SNAPSHOT/ratis-proto-0.5.0-ced7dbf-SNAPSHOT.jar:/home/user/.m2/repository/org/apache/ratis/ratis-common/0.5.0-ced7dbf-SNAPSHOT/ratis-common-0.5.0-ced7dbf-SNAPSHOT.jar:/home/user/.m2/repository/org/apache/ratis/ratis-client/0.5.0-ced7dbf-SNAPSHOT/ratis-client-0.5.0-ced7dbf-SNAPSHOT.jar:/home/user/.m2/repository/org/apache/ratis/ratis-metrics/0.5.0-ced7dbf-SNAPSHOT/ratis-metrics-0.5.0-ced7dbf-SNAPSHOT.jar:/home/user/.m2/repository/org/apache/ratis/ratis-netty/0.5.0-ced7dbf-SNAPSHOT/ratis-netty-0.5.0-ced7dbf-SNAPSHOT.jar:/home/user/.m2/repository/org/apache/ratis/ratis-grpc/0.5.0-ced7dbf-SNAPSHOT/ratis-grpc-0.5.0-ced7dbf-SNAPSHOT.jar:/home/user/.m2/repository/org/rocksdb/rocksdbjni/6.0.1/rocksdbjni-6.0.1.jar:/home/user/.m2/repository/org/apache/logging/log4j/log4j-api/2.11.0/log4j-api-2.11.0.jar:/home/user/.m2/repository/org/apache/logging/log4j/log4j-core/2.11.0/log4j-core-2.11.0.jar:/home/user/.m2/repository/com/lmax/disruptor/3.4.2/disruptor-3.4.2.jar:/home/user/.m2/repository/org/apache/commons/commons-pool2/2.6.0/commons-pool2-2.6.0.jar:/home/user/.m2/repository/org/bouncycastle/bcpkix-jdk15on/1.60/bcpkix-jdk15on-1.60.jar:/home/user/.m2/repository/commons-validator/commons-validator/1.6/commons-validator-1.6.jar:/home/user/.m2/repository/commons-digester/commons-digester/1.8.1/commons-digester-1.8.1.jar:/home/user/.m2/repository/io/jaegertracing/jaeger-client/0.34.0/jaeger-client-0.34.0.jar:/home/user/.m2/repository/io/jaegertracing/jaeger-thrift/0.34.0/jaeger-thrift-0.34.0.jar:/home/user/.m2/repository/org/apache/thrift/libthrift/0.12.0/libthrift-0.12.0.jar:/home/user/.m2/repository/com/squareup/okhttp3/okhttp/3.9.0/okhttp-3.9.0.jar:/home/user/.m2/repository/com/squareup/okio/okio/1.13.0/okio-1.13.0.jar:/home/user/.m2/repository/io/jaegertracing/jaeger-core/0.34.0/jaeger-core-0.34.0.jar:/home/user/.m2/repository/io/jaegertracing/jaeger-tracerresolver/0.34.0/jaeger-tracerresolver-0.34.0.jar:/home/user/.m2/repository/io/opentracing/contrib/opentracing-tracerresolver/0.1.5/opentracing-tracerresolver-0.1.5.jar:/home/user/.m2/repository/io/opentracing/opentracing-util/0.31.0/opentracing-util-0.31.0.jar:/home/user/.m2/repository/io/opentracing/opentracing-api/0.31.0/opentracing-api-0.31.0.jar:/home/user/.m2/repository/io/opentracing/opentracing-noop/0.31.0/opentracing-noop-0.31.0.jar:/home/user/.m2/repository/org/apache/hadoop/hadoop-hdds-server-framework/0.5.0-SNAPSHOT/hadoop-hdds-server-framework-0.5.0-SNAPSHOT.jar:/home/user/.m2/repository/org/apache/hadoop/hadoop-hdds-container-service/0.5.0-SNAPSHOT/hadoop-hdds-container-service-0.5.0-SNAPSHOT.jar:/home/user/.m2/repository/org/apache/hadoop/hadoop-hdds-client/0.5.0-SNAPSHOT/hadoop-hdds-client-0.5.0-SNAPSHOT.jar:/home/user/.m2/repository/org/apache/hadoop/hadoop-hdds-tools/0.5.0-SNAPSHOT/hadoop-hdds-tools-0.5.0-SNAPSHOT.jar:/home/user/.m2/repository/org/apache/hadoop/hadoop-hdds-server-scm/0.5.0-SNAPSHOT/hadoop-hdds-server-scm-0.5.0-SNAPSHOT.jar:/home/user/.m2/repository/org/apache/hadoop/hadoop-hdds-docs/0.5.0-SNAPSHOT/hadoop-hdds-docs-0.5.0-SNAPSHOT.jar:/home/user/.m2/repository/io/dropwizard/metrics/metrics-core/3.2.4/metrics-core-3.2.4.jar:/home/user/.m2/repository/org/hamcrest/hamcrest-all/1.3/hamcrest-all-1.3.jar:/home/user/.m2/repository/org/bouncycastle/bcprov-jdk15on/1.60/bcprov-jdk15on-1.60.jar:/home/user/.m2/repository/info/picocli/picocli/3.9.6/picocli-3.9.6.jar:/home/user/.m2/repository/com/google/protobuf/protobuf-java/2.5.0/protobuf-java-2.5.0.jar:/home/user/.m2/repository/com/google/guava/guava/11.0.2/guava-11.0.2.jar:/home/user/.m2/repository/org/apache/hadoop/hadoop-ozone-ozone-manager/0.5.0-SNAPSHOT/hadoop-ozone-ozone-manager-0.5.0-SNAPSHOT.jar:/home/user/.m2/repository/org/apache/hadoop/hadoop-minikdc/3.2.0/hadoop-minikdc-3.2.0.jar:/home/user/.m2/repository/commons-io/commons-io/2.5/commons-io-2.5.jar:/home/user/.m2/repository/org/apache/kerby/kerb-simplekdc/1.0.1/kerb-simplekdc-1.0.1.jar:/home/user/.m2/repository/org/apache/kerby/kerb-client/1.0.1/kerb-client-1.0.1.jar:/home/user/.m2/repository/org/apache/kerby/kerby-config/1.0.1/kerby-config-1.0.1.jar:/home/user/.m2/repository/org/apache/kerby/kerb-core/1.0.1/kerb-core-1.0.1.jar:/home/user/.m2/repository/org/apache/kerby/kerby-pkix/1.0.1/kerby-pkix-1.0.1.jar:/home/user/.m2/repository/org/apache/kerby/kerby-asn1/1.0.1/kerby-asn1-1.0.1.jar:/home/user/.m2/repository/org/apache/kerby/kerby-util/1.0.1/kerby-util-1.0.1.jar:/home/user/.m2/repository/org/apache/kerby/kerb-common/1.0.1/kerb-common-1.0.1.jar:/home/user/.m2/repository/org/apache/kerby/kerb-crypto/1.0.1/kerb-crypto-1.0.1.jar:/home/user/.m2/repository/org/apache/kerby/kerb-util/1.0.1/kerb-util-1.0.1.jar:/home/user/.m2/repository/org/apache/kerby/token-provider/1.0.1/token-provider-1.0.1.jar:/home/user/.m2/repository/org/apache/kerby/kerb-admin/1.0.1/kerb-admin-1.0.1.jar:/home/user/.m2/repository/org/apache/kerby/kerb-server/1.0.1/kerb-server-1.0.1.jar:/home/user/.m2/repository/org/apache/kerby/kerb-identity/1.0.1/kerb-identity-1.0.1.jar:/home/user/.m2/repository/org/apache/kerby/kerby-xdr/1.0.1/kerby-xdr-1.0.1.jar:/home/user/.m2/repository/org/slf4j/slf4j-log4j12/1.7.25/slf4j-log4j12-1.7.25.jar:/home/user/.m2/repository/org/apache/hadoop/hadoop-ozone-s3gateway/0.5.0-SNAPSHOT/hadoop-ozone-s3gateway-0.5.0-SNAPSHOT.jar:/home/user/.m2/repository/org/jboss/weld/servlet/weld-servlet/2.4.7.Final/weld-servlet-2.4.7.Final.jar:/home/user/.m2/repository/org/glassfish/jersey/containers/jersey-container-servlet-core/2.27/jersey-container-servlet-core-2.27.jar:/home/user/.m2/repository/org/glassfish/hk2/external/javax.inject/2.5.0-b42/javax.inject-2.5.0-b42.jar:/home/user/.m2/repository/org/glassfish/jersey/core/jersey-common/2.27/jersey-common-2.27.jar:/home/user/.m2/repository/org/glassfish/hk2/osgi-resource-locator/1.0.1/osgi-resource-locator-1.0.1.jar:/home/user/.m2/repository/javax/ws/rs/javax.ws.rs-api/2.1/javax.ws.rs-api-2.1.jar:/home/user/.m2/repository/org/glassfish/jersey/ext/cdi/jersey-cdi1x/2.27/jersey-cdi1x-2.27.jar:/home/user/.m2/repository/org/glassfish/jersey/inject/jersey-hk2/2.27/jersey-hk2-2.27.jar:/home/user/.m2/repository/org/glassfish/hk2/hk2-locator/2.5.0-b42/hk2-locator-2.5.0-b42.jar:/home/user/.m2/repository/org/javassist/javassist/3.22.0-CR2/javassist-3.22.0-CR2.jar:/home/user/.m2/repository/org/glassfish/hk2/hk2-api/2.5.0/hk2-api-2.5.0.jar:/home/user/.m2/repository/org/glassfish/hk2/external/jakarta.inject/2.5.0/jakarta.inject-2.5.0.jar:/home/user/.m2/repository/org/glassfish/hk2/hk2-utils/2.5.0/hk2-utils-2.5.0.jar:/home/user/.m2/repository/jakarta/annotation/jakarta.annotation-api/1.3.4/jakarta.annotation-api-1.3.4.jar:/home/user/.m2/repository/org/glassfish/hk2/external/aopalliance-repackaged/2.5.0/aopalliance-repackaged-2.5.0.jar:/home/user/.m2/repository/com/fasterxml/jackson/dataformat/jackson-dataformat-xml/2.9.0/jackson-dataformat-xml-2.9.0.jar:/home/user/.m2/repository/com/fasterxml/jackson/core/jackson-core/2.9.9/jackson-core-2.9.9.jar:/home/user/.m2/repository/com/fasterxml/jackson/module/jackson-module-jaxb-annotations/2.9.9/jackson-module-jaxb-annotations-2.9.9.jar:/home/user/.m2/repository/javax/enterprise/cdi-api/1.2/cdi-api-1.2.jar:/home/user/.m2/repository/javax/el/javax.el-api/3.0.0/javax.el-api-3.0.0.jar:/home/user/.m2/repository/javax/interceptor/javax.interceptor-api/1.2/javax.interceptor-api-1.2.jar:/home/user/.m2/repository/javax/inject/javax.inject/1/javax.inject-1.jar:/home/user/.m2/repository/com/sun/xml/bind/jaxb-impl/2.3.0.1/jaxb-impl-2.3.0.1.jar:/home/user/.m2/repository/com/sun/xml/bind/jaxb-core/2.3.0.1/jaxb-core-2.3.0.1.jar:/home/user/.m2/repository/javax/xml/bind/jaxb-api/2.3.0/jaxb-api-2.3.0.jar:/home/user/.m2/repository/javax/activation/activation/1.1.1/activation-1.1.1.jar:/home/user/.m2/repository/org/apache/hadoop/hadoop-ozone-csi/0.5.0-SNAPSHOT/hadoop-ozone-csi-0.5.0-SNAPSHOT.jar:/home/user/.m2/repository/com/google/protobuf/protobuf-java-util/3.5.1/protobuf-java-util-3.5.1.jar:/home/user/.m2/repository/org/apache/hadoop/hadoop-hdds-config/0.5.0-SNAPSHOT/hadoop-hdds-config-0.5.0-SNAPSHOT.jar:/home/user/.m2/repository/io/grpc/grpc-netty/1.17.1/grpc-netty-1.17.1.jar:/home/user/.m2/repository/io/grpc/grpc-core/1.17.1/grpc-core-1.17.1.jar:/home/user/.m2/repository/io/grpc/grpc-context/1.17.1/grpc-context-1.17.1.jar:/home/user/.m2/repository/com/google/errorprone/error_prone_annotations/2.2.0/error_prone_annotations-2.2.0.jar:/home/user/.m2/repository/org/codehaus/mojo/animal-sniffer-annotations/1.17/animal-sniffer-annotations-1.17.jar:/home/user/.m2/repository/io/opencensus/opencensus-api/0.17.0/opencensus-api-0.17.0.jar:/home/user/.m2/repository/io/opencensus/opencensus-contrib-grpc-metrics/0.17.0/opencensus-contrib-grpc-metrics-0.17.0.jar:/home/user/.m2/repository/io/netty/netty-codec-http2/4.1.30.Final/netty-codec-http2-4.1.30.Final.jar:/home/user/.m2/repository/io/netty/netty-codec-http/4.1.30.Final/netty-codec-http-4.1.30.Final.jar:/home/user/.m2/repository/io/netty/netty-codec/4.1.30.Final/netty-codec-4.1.30.Final.jar:/home/user/.m2/repository/io/netty/netty-handler/4.1.30.Final/netty-handler-4.1.30.Final.jar:/home/user/.m2/repository/io/netty/netty-handler-proxy/4.1.30.Final/netty-handler-proxy-4.1.30.Final.jar:/home/user/.m2/repository/io/netty/netty-codec-socks/4.1.30.Final/netty-codec-socks-4.1.30.Final.jar:/home/user/.m2/repository/io/netty/netty-transport-native-epoll/4.1.30.Final/netty-transport-native-epoll-4.1.30.Final.jar:/home/user/.m2/repository/io/netty/netty-common/4.1.30.Final/netty-common-4.1.30.Final.jar:/home/user/.m2/repository/io/netty/netty-buffer/4.1.30.Final/netty-buffer-4.1.30.Final.jar:/home/user/.m2/repository/io/netty/netty-transport/4.1.30.Final/netty-transport-4.1.30.Final.jar:/home/user/.m2/repository/io/netty/netty-resolver/4.1.30.Final/netty-resolver-4.1.30.Final.jar:/home/user/.m2/repository/io/netty/netty-transport-native-unix-common/4.1.30.Final/netty-transport-native-unix-common-4.1.30.Final.jar:/home/user/.m2/repository/io/grpc/grpc-protobuf/1.17.1/grpc-protobuf-1.17.1.jar:/home/user/.m2/repository/com/google/api/grpc/proto-google-common-protos/1.0.0/proto-google-common-protos-1.0.0.jar:/home/user/.m2/repository/io/grpc/grpc-protobuf-lite/1.17.1/grpc-protobuf-lite-1.17.1.jar:/home/user/.m2/repository/io/grpc/grpc-stub/1.17.1/grpc-stub-1.17.1.jar:/home/user/.m2/repository/org/apache/hadoop/hadoop-ozone-recon/0.5.0-SNAPSHOT/hadoop-ozone-recon-0.5.0-SNAPSHOT.jar:/home/user/.m2/repository/org/apache/hadoop/hadoop-ozone-reconcodegen/0.5.0-SNAPSHOT/hadoop-ozone-reconcodegen-0.5.0-SNAPSHOT.jar:/home/user/.m2/repository/com/google/inject/extensions/guice-multibindings/4.0/guice-multibindings-4.0.jar:/home/user/.m2/repository/com/google/inject/guice/4.0/guice-4.0.jar:/home/user/.m2/repository/aopalliance/aopalliance/1.0/aopalliance-1.0.jar:/home/user/.m2/repository/com/google/inject/extensions/guice-servlet/4.0/guice-servlet-4.0.jar:/home/user/.m2/repository/org/glassfish/jersey/containers/jersey-container-servlet/2.27/jersey-container-servlet-2.27.jar:/home/user/.m2/repository/org/glassfish/hk2/guice-bridge/2.5.0/guice-bridge-2.5.0.jar:/home/user/.m2/repository/org/glassfish/jersey/core/jersey-server/2.27/jersey-server-2.27.jar:/home/user/.m2/repository/org/glassfish/jersey/core/jersey-client/2.27/jersey-client-2.27.jar:/home/user/.m2/repository/org/glassfish/jersey/media/jersey-media-jaxb/2.27/jersey-media-jaxb-2.27.jar:/home/user/.m2/repository/javax/validation/validation-api/1.1.0.Final/validation-api-1.1.0.Final.jar:/home/user/.m2/repository/org/glassfish/jersey/media/jersey-media-json-jackson/2.27/jersey-media-json-jackson-2.27.jar:/home/user/.m2/repository/org/glassfish/jersey/ext/jersey-entity-filtering/2.27/jersey-entity-filtering-2.27.jar:/home/user/.m2/repository/com/google/inject/extensions/guice-assistedinject/4.0/guice-assistedinject-4.0.jar:/home/user/.m2/repository/org/jooq/jooq/3.11.10/jooq-3.11.10.jar:/home/user/.m2/repository/org/jooq/jooq-meta/3.11.10/jooq-meta-3.11.10.jar:/home/user/.m2/repository/org/jooq/jooq-codegen/3.11.10/jooq-codegen-3.11.10.jar:/home/user/.m2/repository/com/jolbox/bonecp/0.8.0.RELEASE/bonecp-0.8.0.RELEASE.jar:/home/user/.m2/repository/org/xerial/sqlite-jdbc/3.25.2/sqlite-jdbc-3.25.2.jar:/home/user/.m2/repository/org/springframework/spring-jdbc/5.1.3.RELEASE/spring-jdbc-5.1.3.RELEASE.jar:/home/user/.m2/repository/org/springframework/spring-beans/5.1.3.RELEASE/spring-beans-5.1.3.RELEASE.jar:/home/user/.m2/repository/org/springframework/spring-core/5.1.3.RELEASE/spring-core-5.1.3.RELEASE.jar:/home/user/.m2/repository/org/springframework/spring-jcl/5.1.3.RELEASE/spring-jcl-5.1.3.RELEASE.jar:/home/user/.m2/repository/org/springframework/spring-tx/5.1.3.RELEASE/spring-tx-5.1.3.RELEASE.jar:/home/user/.m2/repository/org/apache/hadoop/hadoop-ozone-client/0.5.0-SNAPSHOT/hadoop-ozone-client-0.5.0-SNAPSHOT.jar:/home/user/.m2/repository/commons-lang/commons-lang/2.6/commons-lang-2.6.jar:/home/user/.m2/repository/org/apache/hadoop/hadoop-ozone-ozone-manager/0.5.0-SNAPSHOT/hadoop-ozone-ozone-manager-0.5.0-SNAPSHOT-tests.jar:/home/user/.m2/repository/junit/junit/4.11/junit-4.11.jar:/home/user/.m2/repository/org/hamcrest/hamcrest-core/1.3/hamcrest-core-1.3.jar:/home/user/.m2/repository/org/openjdk/jmh/jmh-core/1.19/jmh-core-1.19.jar:/home/user/.m2/repository/net/sf/jopt-simple/jopt-simple/4.6/jopt-simple-4.6.jar:/home/user/.m2/repository/org/apache/commons/commons-math3/3.1.1/commons-math3-3.1.1.jar:/home/user/.m2/repository/org/openjdk/jmh/jmh-generator-annprocess/1.19/jmh-generator-annprocess-1.19.jar:/home/user/.m2/repository/org/mockito/mockito-all/1.8.5/mockito-all-1.8.5.jar:/home/user/.m2/repository/org/apache/hadoop/hadoop-kms/3.2.0/hadoop-kms-3.2.0.jar:/home/user/.m2/repository/org/apache/hadoop/hadoop-auth/3.2.0/hadoop-auth-3.2.0.jar:/home/user/.m2/repository/com/nimbusds/nimbus-jose-jwt/4.41.1/nimbus-jose-jwt-4.41.1.jar:/home/user/.m2/repository/com/github/stephenc/jcip/jcip-annotations/1.0-1/jcip-annotations-1.0-1.jar:/home/user/.m2/repository/net/minidev/json-smart/2.3/json-smart-2.3.jar:/home/user/.m2/repository/net/minidev/accessors-smart/1.2/accessors-smart-1.2.jar:/home/user/.m2/repository/org/ow2/asm/asm/5.0.4/asm-5.0.4.jar:/home/user/.m2/repository/org/apache/curator/curator-framework/2.12.0/curator-framework-2.12.0.jar:/home/user/.m2/repository/com/sun/jersey/jersey-core/1.19/jersey-core-1.19.jar:/home/user/.m2/repository/javax/ws/rs/jsr311-api/1.1.1/jsr311-api-1.1.1.jar:/home/user/.m2/repository/com/sun/jersey/jersey-server/1.19/jersey-server-1.19.jar:/home/user/.m2/repository/javax/servlet/javax.servlet-api/3.1.0/javax.servlet-api-3.1.0.jar:/home/user/.m2/repository/org/eclipse/jetty/jetty-server/9.3.25.v20180904/jetty-server-9.3.25.v20180904.jar:/home/user/.m2/repository/org/eclipse/jetty/jetty-http/9.3.25.v20180904/jetty-http-9.3.25.v20180904.jar:/home/user/.m2/repository/org/eclipse/jetty/jetty-io/9.3.25.v20180904/jetty-io-9.3.25.v20180904.jar:/home/user/.m2/repository/org/eclipse/jetty/jetty-webapp/9.3.25.v20180904/jetty-webapp-9.3.25.v20180904.jar:/home/user/.m2/repository/org/eclipse/jetty/jetty-xml/9.3.25.v20180904/jetty-xml-9.3.25.v20180904.jar:/home/user/.m2/repository/log4j/log4j/1.2.17/log4j-1.2.17.jar:/home/user/.m2/repository/org/slf4j/slf4j-api/1.7.25/slf4j-api-1.7.25.jar:/home/user/.m2/repository/org/slf4j/jul-to-slf4j/1.7.25/jul-to-slf4j-1.7.25.jar:/home/user/.m2/repository/org/eclipse/jetty/jetty-util/9.3.25.v20180904/jetty-util-9.3.25.v20180904.jar:/home/user/.m2/repository/com/fasterxml/jackson/core/jackson-databind/2.9.9/jackson-databind-2.9.9.jar:/home/user/.m2/repository/org/apache/hadoop/hadoop-kms/3.2.0/hadoop-kms-3.2.0-tests.jar:/home/user/.m2/repository/org/apache/hadoop/hadoop-hdds-server-scm/0.5.0-SNAPSHOT/hadoop-hdds-server-scm-0.5.0-SNAPSHOT-tests.jar:/home/user/.m2/repository/org/apache/hadoop/hadoop-hdds-container-service/0.5.0-SNAPSHOT/hadoop-hdds-container-service-0.5.0-SNAPSHOT-tests.jar:/home/user/.m2/repository/org/yaml/snakeyaml/1.16/snakeyaml-1.16.jar:/home/user/.m2/repository/org/apache/hadoop/hadoop-common/3.2.0/hadoop-common-3.2.0-tests.jar:/home/user/.m2/repository/org/apache/hadoop/hadoop-annotations/3.2.0/hadoop-annotations-3.2.0.jar:/usr/lib/jvm/java-1.8.0-openjdk-1.8.0.222.b10-1.el7_7.x86_64/jre/../lib/tools.jar:/home/user/.m2/repository/commons-cli/commons-cli/1.2/commons-cli-1.2.jar:/home/user/.m2/repository/org/apache/httpcomponents/httpclient/4.5.2/httpclient-4.5.2.jar:/home/user/.m2/repository/org/apache/httpcomponents/httpcore/4.4.4/httpcore-4.4.4.jar:/home/user/.m2/repository/commons-codec/commons-codec/1.11/commons-codec-1.11.jar:/home/user/.m2/repository/commons-net/commons-net/3.6/commons-net-3.6.jar:/home/user/.m2/repository/commons-collections/commons-collections/3.2.2/commons-collections-3.2.2.jar:/home/user/.m2/repository/org/eclipse/jetty/jetty-servlet/9.3.25.v20180904/jetty-servlet-9.3.25.v20180904.jar:/home/user/.m2/repository/org/eclipse/jetty/jetty-security/9.3.25.v20180904/jetty-security-9.3.25.v20180904.jar:/home/user/.m2/repository/javax/servlet/jsp/jsp-api/2.1/jsp-api-2.1.jar:/home/user/.m2/repository/com/sun/jersey/jersey-servlet/1.19/jersey-servlet-1.19.jar:/home/user/.m2/repository/com/sun/jersey/jersey-json/1.19/jersey-json-1.19.jar:/home/user/.m2/repository/org/codehaus/jettison/jettison/1.1/jettison-1.1.jar:/home/user/.m2/repository/org/codehaus/jackson/jackson-core-asl/1.9.13/jackson-core-asl-1.9.13.jar:/home/user/.m2/repository/org/codehaus/jackson/jackson-mapper-asl/1.9.13/jackson-mapper-asl-1.9.13.jar:/home/user/.m2/repository/org/codehaus/jackson/jackson-jaxrs/1.9.13/jackson-jaxrs-1.9.13.jar:/home/user/.m2/repository/org/codehaus/jackson/jackson-xc/1.9.13/jackson-xc-1.9.13.jar:/home/user/.m2/repository/commons-logging/commons-logging/1.1.3/commons-logging-1.1.3.jar:/home/user/.m2/repository/commons-beanutils/commons-beanutils/1.9.4/commons-beanutils-1.9.4.jar:/home/user/.m2/repository/org/apache/commons/commons-configuration2/2.1.1/commons-configuration2-2.1.1.jar:/home/user/.m2/repository/org/apache/commons/commons-lang3/3.7/commons-lang3-3.7.jar:/home/user/.m2/repository/org/apache/commons/commons-text/1.4/commons-text-1.4.jar:/home/user/.m2/repository/org/apache/avro/avro/1.7.7/avro-1.7.7.jar:/home/user/.m2/repository/com/thoughtworks/paranamer/paranamer/2.3/paranamer-2.3.jar:/home/user/.m2/repository/org/xerial/snappy/snappy-java/1.0.5/snappy-java-1.0.5.jar:/home/user/.m2/repository/com/google/re2j/re2j/1.1/re2j-1.1.jar:/home/user/.m2/repository/com/google/code/gson/gson/2.2.4/gson-2.2.4.jar:/home/user/.m2/repository/com/jcraft/jsch/0.1.54/jsch-0.1.54.jar:/home/user/.m2/repository/org/apache/curator/curator-client/2.12.0/curator-client-2.12.0.jar:/home/user/.m2/repository/org/apache/curator/curator-recipes/2.12.0/curator-recipes-2.12.0.jar:/home/user/.m2/repository/com/google/code/findbugs/jsr305/3.0.0/jsr305-3.0.0.jar:/home/user/.m2/repository/org/apache/htrace/htrace-core4/4.1.0-incubating/htrace-core4-4.1.0-incubating.jar:/home/user/.m2/repository/org/apache/zookeeper/zookeeper/3.4.13/zookeeper-3.4.13.jar:/home/user/.m2/repository/jline/jline/0.9.94/jline-0.9.94.jar:/home/user/.m2/repository/org/apache/yetus/audience-annotations/0.5.0/audience-annotations-0.5.0.jar:/home/user/.m2/repository/org/codehaus/woodstox/stax2-api/3.1.4/stax2-api-3.1.4.jar:/home/user/.m2/repository/com/fasterxml/woodstox/woodstox-core/5.0.3/woodstox-core-5.0.3.jar:/home/user/.m2/repository/dnsjava/dnsjava/2.1.7/dnsjava-2.1.7.jar:/home/user/.m2/repository/org/apache/hadoop/hadoop-hdfs/3.2.0/hadoop-hdfs-3.2.0-tests.jar:/home/user/.m2/repository/org/eclipse/jetty/jetty-util-ajax/9.3.25.v20180904/jetty-util-ajax-9.3.25.v20180904.jar:/home/user/.m2/repository/commons-daemon/commons-daemon/1.0.13/commons-daemon-1.0.13.jar:/home/user/.m2/repository/io/netty/netty/3.10.5.Final/netty-3.10.5.Final.jar:/home/user/.m2/repository/io/netty/netty-all/4.0.52.Final/netty-all-4.0.52.Final.jar:/home/user/.m2/repository/org/fusesource/leveldbjni/leveldbjni-all/1.8/leveldbjni-all-1.8.jar:"/>
    <property name="sun.cpu.endian" value="little"/>
    <property name="user.home" value="/home/user"/>
    <property name="user.language" value="en"/>
    <property name="java.specification.vendor" value="Oracle Corporation"/>
    <property name="java.home" value="/usr/lib/jvm/java-1.8.0-openjdk-1.8.0.222.b10-1.el7_7.x86_64/jre"/>
    <property name="surefire.excludesFile" value="/tools/ozone-bad-unit-tests"/>
    <property name="java.security.krb5.conf" value="/workdir/hadoop-ozone/integration-test/target/test-classes/krb5.conf"/>
    <property name="basedir" value="/workdir/hadoop-ozone/integration-test"/>
    <property name="file.separator" value="/"/>
    <property name="line.separator" value="&#10;"/>
    <property name="java.vm.specification.vendor" value="Oracle Corporation"/>
    <property name="java.specification.name" value="Java Platform API Specification"/>
    <property name="java.awt.graphicsenv" value="sun.awt.X11GraphicsEnvironment"/>
    <property name="surefire.real.class.path" value="/workdir/hadoop-ozone/integration-test/target/surefire/surefirebooter3763341620069602707.jar"/>
    <property name="hadoop.log.dir" value="/workdir/hadoop-ozone/integration-test/target/log"/>
    <property name="sun.boot.class.path" value="/usr/lib/jvm/java-1.8.0-openjdk-1.8.0.222.b10-1.el7_7.x86_64/jre/lib/resources.jar:/usr/lib/jvm/java-1.8.0-openjdk-1.8.0.222.b10-1.el7_7.x86_64/jre/lib/rt.jar:/usr/lib/jvm/java-1.8.0-openjdk-1.8.0.222.b10-1.el7_7.x86_64/jre/lib/sunrsasign.jar:/usr/lib/jvm/java-1.8.0-openjdk-1.8.0.222.b10-1.el7_7.x86_64/jre/lib/jsse.jar:/usr/lib/jvm/java-1.8.0-openjdk-1.8.0.222.b10-1.el7_7.x86_64/jre/lib/jce.jar:/usr/lib/jvm/java-1.8.0-openjdk-1.8.0.222.b10-1.el7_7.x86_64/jre/lib/charsets.jar:/usr/lib/jvm/java-1.8.0-openjdk-1.8.0.222.b10-1.el7_7.x86_64/jre/lib/jfr.jar:/usr/lib/jvm/java-1.8.0-openjdk-1.8.0.222.b10-1.el7_7.x86_64/jre/classes"/>
    <property name="sun.management.compiler" value="HotSpot 64-Bit Tiered Compilers"/>
    <property name="java.runtime.version" value="1.8.0_222-b10"/>
    <property name="java.net.preferIPv4Stack" value="true"/>
    <property name="user.name" value="jenkins1000"/>
    <property name="path.separator" value=":"/>
    <property name="java.security.egd" value="file:///dev/urandom"/>
    <property name="os.version" value="3.10.0-957.12.2.el7.x86_64"/>
    <property name="java.endorsed.dirs" value="/usr/lib/jvm/java-1.8.0-openjdk-1.8.0.222.b10-1.el7_7.x86_64/jre/lib/endorsed"/>
    <property name="java.runtime.name" value="OpenJDK Runtime Environment"/>
    <property name="file.encoding" value="ANSI_X3.4-1968"/>
    <property name="java.vm.name" value="OpenJDK 64-Bit Server VM"/>
    <property name="test.build.webapps" value=""/>
    <property name="localRepository" value="/home/user/.m2/repository"/>
    <property name="java.vendor.url.bug" value="http://bugreport.sun.com/bugreport/"/>
    <property name="java.io.tmpdir" value="/tmp"/>
    <property name="require.test.libhadoop" value=""/>
    <property name="java.version" value="1.8.0_222"/>
    <property name="user.dir" value="/workdir/hadoop-ozone/integration-test"/>
    <property name="os.arch" value="amd64"/>
    <property name="java.vm.specification.name" value="Java Virtual Machine Specification"/>
    <property name="test.build.classes" value="/workdir/hadoop-ozone/integration-test/target/test-classes"/>
    <property name="java.awt.printerjob" value="sun.print.PSPrinterJob"/>
    <property name="sun.os.patch.level" value="unknown"/>
    <property name="hadoop.tmp.dir" value="/workdir/hadoop-ozone/integration-test/target/tmp"/>
    <property name="java.library.path" value="/usr/lib:/workdir/hadoop-ozone/integration-test/target/native/target/usr/local/lib:/workdir/hadoop-ozone/integration-test/../../hadoop-common-project/hadoop-common/target/native/target/usr/local/lib:/usr/java/packages/lib/amd64:/usr/lib64:/lib64:/lib:/usr/lib"/>
    <property name="java.vm.info" value="mixed mode"/>
    <property name="java.vendor" value="Oracle Corporation"/>
    <property name="java.vm.version" value="25.222-b10"/>
    <property name="java.ext.dirs" value="/usr/lib/jvm/java-1.8.0-openjdk-1.8.0.222.b10-1.el7_7.x86_64/jre/lib/ext:/usr/java/packages/lib/ext"/>
    <property name="sun.io.unicode.encoding" value="UnicodeLittle"/>
    <property name="java.class.version" value="52.0"/>
  </properties>
  <testcase name="testDeleteKeyWithSlowFollower" classname="org.apache.hadoop.ozone.client.rpc.TestDeleteWithSlowFollower" time="116.898">
    <failure type="java.lang.AssertionError">java.lang.AssertionError
	at org.junit.Assert.fail(Assert.java:86)
	at org.junit.Assert.assertTrue(Assert.java:41)
	at org.junit.Assert.assertTrue(Assert.java:52)
	at org.apache.hadoop.ozone.client.rpc.TestDeleteWithSlowFollower.testDeleteKeyWithSlowFollower(TestDeleteWithSlowFollower.java:265)
	at sun.reflect.NativeMethodAccessorImpl.invoke0(Native Method)
	at sun.reflect.NativeMethodAccessorImpl.invoke(NativeMethodAccessorImpl.java:62)
	at sun.reflect.DelegatingMethodAccessorImpl.invoke(DelegatingMethodAccessorImpl.java:43)
	at java.lang.reflect.Method.invoke(Method.java:498)
	at org.junit.runners.model.FrameworkMethod$1.runReflectiveCall(FrameworkMethod.java:47)
	at org.junit.internal.runners.model.ReflectiveCallable.run(ReflectiveCallable.java:12)
	at org.junit.runners.model.FrameworkMethod.invokeExplosively(FrameworkMethod.java:44)
	at org.junit.internal.runners.statements.InvokeMethod.evaluate(InvokeMethod.java:17)
	at org.junit.runners.ParentRunner.runLeaf(ParentRunner.java:271)
	at org.junit.runners.BlockJUnit4ClassRunner.runChild(BlockJUnit4ClassRunner.java:70)
	at org.junit.runners.BlockJUnit4ClassRunner.runChild(BlockJUnit4ClassRunner.java:50)
	at org.junit.runners.ParentRunner$3.run(ParentRunner.java:238)
	at org.junit.runners.ParentRunner$1.schedule(ParentRunner.java:63)
	at org.junit.runners.ParentRunner.runChildren(ParentRunner.java:236)
	at org.junit.runners.ParentRunner.access$000(ParentRunner.java:53)
	at org.junit.runners.ParentRunner$2.evaluate(ParentRunner.java:229)
	at org.junit.internal.runners.statements.RunBefores.evaluate(RunBefores.java:26)
	at org.junit.internal.runners.statements.RunAfters.evaluate(RunAfters.java:27)
	at org.junit.runners.ParentRunner.run(ParentRunner.java:309)
	at org.apache.maven.surefire.junit4.JUnit4Provider.execute(JUnit4Provider.java:365)
	at org.apache.maven.surefire.junit4.JUnit4Provider.executeWithRerun(JUnit4Provider.java:273)
	at org.apache.maven.surefire.junit4.JUnit4Provider.executeTestSet(JUnit4Provider.java:238)
	at org.apache.maven.surefire.junit4.JUnit4Provider.invoke(JUnit4Provider.java:159)
	at org.apache.maven.surefire.booter.ForkedBooter.invokeProviderInSameClassLoader(ForkedBooter.java:384)
	at org.apache.maven.surefire.booter.ForkedBooter.runSuitesInProcess(ForkedBooter.java:345)
	at org.apache.maven.surefire.booter.ForkedBooter.execute(ForkedBooter.java:126)
	at org.apache.maven.surefire.booter.ForkedBooter.main(ForkedBooter.java:418)
</failure>
    <system-out><![CDATA[2019-10-24 04:19:34,312 [main] WARN  server.ServerUtils (ServerUtils.java:getScmDbDir(145)) - ozone.scm.db.dirs is not configured. We recommend adding this setting. Falling back to ozone.metadata.dirs instead.
2019-10-24 04:19:34,406 [main] WARN  server.ServerUtils (ServerUtils.java:getScmDbDir(145)) - ozone.scm.db.dirs is not configured. We recommend adding this setting. Falling back to ozone.metadata.dirs instead.
2019-10-24 04:19:34,410 [main] WARN  server.ServerUtils (ServerUtils.java:getScmDbDir(145)) - ozone.scm.db.dirs is not configured. We recommend adding this setting. Falling back to ozone.metadata.dirs instead.
2019-10-24 04:19:34,436 [main] INFO  util.log (Log.java:initialized(192)) - Logging initialized @763ms
2019-10-24 04:19:34,530 [main] INFO  db.DBStoreBuilder (DBStoreBuilder.java:addTable(127)) - using custom profile for table: deletedBlocks
2019-10-24 04:19:34,530 [main] INFO  db.DBStoreBuilder (DBStoreBuilder.java:processTables(183)) - Using default column profile:DBProfile.DISK for Table:deletedBlocks
2019-10-24 04:19:34,531 [main] INFO  db.DBStoreBuilder (DBStoreBuilder.java:addTable(127)) - using custom profile for table: validCerts
2019-10-24 04:19:34,531 [main] INFO  db.DBStoreBuilder (DBStoreBuilder.java:processTables(183)) - Using default column profile:DBProfile.DISK for Table:validCerts
2019-10-24 04:19:34,531 [main] INFO  db.DBStoreBuilder (DBStoreBuilder.java:addTable(127)) - using custom profile for table: revokedCerts
2019-10-24 04:19:34,531 [main] INFO  db.DBStoreBuilder (DBStoreBuilder.java:processTables(183)) - Using default column profile:DBProfile.DISK for Table:revokedCerts
2019-10-24 04:19:34,542 [main] INFO  db.DBStoreBuilder (DBStoreBuilder.java:addTable(127)) - using custom profile for table: default
2019-10-24 04:19:34,543 [main] INFO  db.DBStoreBuilder (DBStoreBuilder.java:processTables(189)) - Using default column profile:DBProfile.DISK for Table:default
2019-10-24 04:19:34,544 [main] INFO  db.DBStoreBuilder (DBStoreBuilder.java:getDbProfile(220)) - Using default options. DBProfile.DISK
2019-10-24 04:19:34,727 [main] INFO  net.NodeSchemaLoader (NodeSchemaLoader.java:loadSchemaFromFile(125)) - Loading file from sun.misc.CompoundEnumeration@78691363
2019-10-24 04:19:34,729 [main] INFO  net.NodeSchemaLoader (NodeSchemaLoader.java:loadSchema(171)) - Loading network topology layer schema file
2019-10-24 04:19:34,788 [main] WARN  server.ServerUtils (ServerUtils.java:sanitizeUserArgs(70)) - ozone.scm.stale.node.interval value = 1000000 is larger than max = 100000 based on the key value of ozone.scm.heartbeat.thread.interval, reset to the max value 100000.
2019-10-24 04:19:34,790 [main] WARN  server.ServerUtils (ServerUtils.java:sanitizeUserArgs(70)) - ozone.scm.stale.node.interval value = 1000000 is larger than max = 100000 based on the key value of ozone.scm.heartbeat.thread.interval, reset to the max value 100000.
2019-10-24 04:19:34,792 [main] INFO  node.SCMNodeManager (SCMNodeManager.java:<init>(116)) - Entering startup safe mode.
2019-10-24 04:19:34,853 [main] INFO  algorithms.ContainerPlacementPolicyFactory (ContainerPlacementPolicyFactory.java:getPolicy(57)) - Create container placement policy of type org.apache.hadoop.hdds.scm.container.placement.algorithms.SCMContainerPlacementRandom
2019-10-24 04:19:34,868 [main] WARN  server.ServerUtils (ServerUtils.java:getScmDbDir(145)) - ozone.scm.db.dirs is not configured. We recommend adding this setting. Falling back to ozone.metadata.dirs instead.
2019-10-24 04:19:34,926 [main] INFO  pipeline.SCMPipelineManager (SCMPipelineManager.java:initializePipelineState(132)) - No pipeline exists in current db
2019-10-24 04:19:34,928 [main] WARN  server.ServerUtils (ServerUtils.java:getScmDbDir(145)) - ozone.scm.db.dirs is not configured. We recommend adding this setting. Falling back to ozone.metadata.dirs instead.
2019-10-24 04:19:35,010 [main] WARN  events.EventQueue (EventQueue.java:fireEvent(183)) - No event handler registered for event TypedEvent{payloadType=SafeModeStatus, name='SafeModeStatus'}
2019-10-24 04:19:35,387 [main] INFO  ipc.CallQueueManager (CallQueueManager.java:<init>(84)) - Using callQueue: class java.util.concurrent.LinkedBlockingQueue, queueCapacity: 2000, scheduler: class org.apache.hadoop.ipc.DefaultRpcScheduler, ipcBackoff: false.
2019-10-24 04:19:35,493 [Socket Reader #1 for port 41355] INFO  ipc.Server (Server.java:run(1074)) - Starting Socket Reader #1 for port 41355
2019-10-24 04:19:35,525 [main] INFO  ipc.CallQueueManager (CallQueueManager.java:<init>(84)) - Using callQueue: class java.util.concurrent.LinkedBlockingQueue, queueCapacity: 2000, scheduler: class org.apache.hadoop.ipc.DefaultRpcScheduler, ipcBackoff: false.
2019-10-24 04:19:35,526 [Socket Reader #1 for port 39639] INFO  ipc.Server (Server.java:run(1074)) - Starting Socket Reader #1 for port 39639
2019-10-24 04:19:35,533 [main] INFO  ipc.CallQueueManager (CallQueueManager.java:<init>(84)) - Using callQueue: class java.util.concurrent.LinkedBlockingQueue, queueCapacity: 2000, scheduler: class org.apache.hadoop.ipc.DefaultRpcScheduler, ipcBackoff: false.
2019-10-24 04:19:35,534 [Socket Reader #1 for port 41478] INFO  ipc.Server (Server.java:run(1074)) - Starting Socket Reader #1 for port 41478
2019-10-24 04:19:35,553 [main] INFO  hdfs.DFSUtil (DFSUtil.java:httpServerTemplateForNNAndJN(1641)) - Starting Web-server for scm at: http://0.0.0.0:0
2019-10-24 04:19:35,687 [main] INFO  server.AuthenticationFilter (AuthenticationFilter.java:constructSecretProvider(240)) - Unable to initialize FileSignerSecretProvider, falling back to use random secrets.
2019-10-24 04:19:35,695 [main] WARN  http.HttpRequestLog (HttpRequestLog.java:getRequestLog(97)) - Jetty request log can only be enabled using Log4j
2019-10-24 04:19:35,702 [main] INFO  http.HttpServer2 (HttpServer2.java:addGlobalFilter(975)) - Added global filter 'safety' (class=org.apache.hadoop.http.HttpServer2$QuotingInputFilter)
2019-10-24 04:19:35,705 [main] INFO  http.HttpServer2 (HttpServer2.java:addFilter(948)) - Added filter static_user_filter (class=org.apache.hadoop.http.lib.StaticUserWebFilter$StaticUserFilter) to context scm
2019-10-24 04:19:35,705 [main] INFO  http.HttpServer2 (HttpServer2.java:addFilter(958)) - Added filter static_user_filter (class=org.apache.hadoop.http.lib.StaticUserWebFilter$StaticUserFilter) to context static
2019-10-24 04:19:35,706 [main] INFO  http.HttpServer2 (HttpServer2.java:addFilter(958)) - Added filter static_user_filter (class=org.apache.hadoop.http.lib.StaticUserWebFilter$StaticUserFilter) to context logs
2019-10-24 04:19:35,735 [main] INFO  server.StorageContainerManager (StorageContainerManager.java:start(772)) - StorageContainerLocationProtocol RPC server is listening at /0.0.0.0:41478
2019-10-24 04:19:35,789 [main] WARN  impl.MetricsConfig (MetricsConfig.java:loadFirst(134)) - Cannot locate configuration: tried hadoop-metrics2-storagecontainermanager.properties,hadoop-metrics2.properties
2019-10-24 04:19:35,801 [main] INFO  impl.MetricsSystemImpl (MetricsSystemImpl.java:startTimer(374)) - Scheduled Metric snapshot period at 10 second(s).
2019-10-24 04:19:35,801 [main] INFO  impl.MetricsSystemImpl (MetricsSystemImpl.java:start(191)) - StorageContainerManager metrics system started
2019-10-24 04:19:36,027 [main] INFO  server.SCMClientProtocolServer (SCMClientProtocolServer.java:start(159)) - RPC server for Client  is listening at /0.0.0.0:41478
2019-10-24 04:19:36,027 [IPC Server Responder] INFO  ipc.Server (Server.java:run(1314)) - IPC Server Responder: starting
2019-10-24 04:19:36,028 [IPC Server listener on 41478] INFO  ipc.Server (Server.java:run(1153)) - IPC Server listener on 41478: starting
2019-10-24 04:19:36,029 [main] INFO  server.StorageContainerManager (StorageContainerManager.java:start(782)) - ScmBlockLocationProtocol RPC server is listening at /0.0.0.0:39639
2019-10-24 04:19:36,030 [main] INFO  server.SCMBlockProtocolServer (SCMBlockProtocolServer.java:start(146)) - RPC server for Block Protocol is listening at /0.0.0.0:39639
2019-10-24 04:19:36,030 [IPC Server Responder] INFO  ipc.Server (Server.java:run(1314)) - IPC Server Responder: starting
2019-10-24 04:19:36,030 [IPC Server listener on 39639] INFO  ipc.Server (Server.java:run(1153)) - IPC Server listener on 39639: starting
2019-10-24 04:19:36,032 [main] INFO  server.StorageContainerManager (StorageContainerManager.java:start(786)) - ScmDatanodeProtocl RPC server is listening at /0.0.0.0:41355
2019-10-24 04:19:36,032 [main] INFO  server.SCMDatanodeProtocolServer (SCMDatanodeProtocolServer.java:start(169)) - RPC server for DataNodes is listening at /0.0.0.0:41355
2019-10-24 04:19:36,033 [IPC Server Responder] INFO  ipc.Server (Server.java:run(1314)) - IPC Server Responder: starting
2019-10-24 04:19:36,033 [IPC Server listener on 41355] INFO  ipc.Server (Server.java:run(1153)) - IPC Server listener on 41355: starting
2019-10-24 04:19:36,036 [main] INFO  http.HttpServer2 (HttpServer2.java:bindListener(1191)) - Jetty bound to port 46578
2019-10-24 04:19:36,037 [main] INFO  server.Server (Server.java:doStart(351)) - jetty-9.3.25.v20180904, build timestamp: 2018-09-04T21:11:46Z, git hash: 3ce520221d0240229c862b122d2b06c12a625732
2019-10-24 04:19:36,071 [main] INFO  handler.ContextHandler (ContextHandler.java:doStart(781)) - Started o.e.j.s.ServletContextHandler@2f48b3d2{/logs,file:///workdir/hadoop-ozone/integration-test/target/log,AVAILABLE}
2019-10-24 04:19:36,072 [main] INFO  handler.ContextHandler (ContextHandler.java:doStart(781)) - Started o.e.j.s.ServletContextHandler@753432a2{/static,file:///workdir/hadoop-ozone/integration-test/target/test-classes/webapps/static,AVAILABLE}
2019-10-24 04:19:36,107 [main] INFO  handler.ContextHandler (ContextHandler.java:doStart(781)) - Started o.e.j.w.WebAppContext@23a9ba52{/,file:///workdir/hadoop-ozone/integration-test/target/test-classes/webapps/scm/,AVAILABLE}{/scm}
2019-10-24 04:19:36,113 [main] INFO  server.AbstractConnector (AbstractConnector.java:doStart(278)) - Started ServerConnector@7927bd9f{HTTP/1.1,[http/1.1]}{0.0.0.0:46578}
2019-10-24 04:19:36,114 [main] INFO  server.Server (Server.java:doStart(419)) - Started @2440ms
2019-10-24 04:19:36,116 [main] INFO  impl.MetricsSinkAdapter (MetricsSinkAdapter.java:start(204)) - Sink prometheus started
2019-10-24 04:19:36,116 [main] INFO  impl.MetricsSystemImpl (MetricsSystemImpl.java:registerSink(301)) - Registered sink prometheus
2019-10-24 04:19:36,118 [main] INFO  server.BaseHttpServer (BaseHttpServer.java:updateConnectorAddress(215)) - HTTP server of SCM is listening at http://0.0.0.0:46578
2019-10-24 04:19:36,123 [org.apache.hadoop.util.JvmPauseMonitor$Monitor@3d3f761a] INFO  util.JvmPauseMonitor (JvmPauseMonitor.java:run(188)) - Starting JVM pause monitor
2019-10-24 04:19:36,125 [main] WARN  server.ServerUtils (ServerUtils.java:getDBPath(222)) - ozone.om.db.dirs is not configured. We recommend adding this setting. Falling back to ozone.metadata.dirs instead.
2019-10-24 04:19:36,233 [main] INFO  ha.OMHANodeDetails (OMHANodeDetails.java:loadOMHAConfig(190)) - Configuration either no ozone.om.address set. Falling back to the default OM address /127.0.0.1:0
2019-10-24 04:19:36,234 [main] INFO  ha.OMHANodeDetails (OMHANodeDetails.java:getOMNodeDetails(220)) - OM Service ID is not set. Setting it to the default ID: omServiceIdDefault
2019-10-24 04:19:36,236 [main] WARN  server.ServerUtils (ServerUtils.java:getDBPath(222)) - ozone.om.db.dirs is not configured. We recommend adding this setting. Falling back to ozone.metadata.dirs instead.
2019-10-24 04:19:36,236 [main] WARN  server.ServerUtils (ServerUtils.java:getDBPath(222)) - ozone.om.db.dirs is not configured. We recommend adding this setting. Falling back to ozone.metadata.dirs instead.
2019-10-24 04:19:36,855 [main] WARN  server.ServerUtils (ServerUtils.java:getDBPath(222)) - ozone.om.db.dirs is not configured. We recommend adding this setting. Falling back to ozone.metadata.dirs instead.
2019-10-24 04:19:36,863 [main] INFO  db.DBStoreBuilder (DBStoreBuilder.java:addTable(127)) - using custom profile for table: userTable
2019-10-24 04:19:36,863 [main] INFO  db.DBStoreBuilder (DBStoreBuilder.java:processTables(183)) - Using default column profile:DBProfile.DISK for Table:userTable
2019-10-24 04:19:36,864 [main] INFO  db.DBStoreBuilder (DBStoreBuilder.java:addTable(127)) - using custom profile for table: volumeTable
2019-10-24 04:19:36,864 [main] INFO  db.DBStoreBuilder (DBStoreBuilder.java:processTables(183)) - Using default column profile:DBProfile.DISK for Table:volumeTable
2019-10-24 04:19:36,864 [main] INFO  db.DBStoreBuilder (DBStoreBuilder.java:addTable(127)) - using custom profile for table: bucketTable
2019-10-24 04:19:36,864 [main] INFO  db.DBStoreBuilder (DBStoreBuilder.java:processTables(183)) - Using default column profile:DBProfile.DISK for Table:bucketTable
2019-10-24 04:19:36,864 [main] INFO  db.DBStoreBuilder (DBStoreBuilder.java:addTable(127)) - using custom profile for table: keyTable
2019-10-24 04:19:36,865 [main] INFO  db.DBStoreBuilder (DBStoreBuilder.java:processTables(183)) - Using default column profile:DBProfile.DISK for Table:keyTable
2019-10-24 04:19:36,865 [main] INFO  db.DBStoreBuilder (DBStoreBuilder.java:addTable(127)) - using custom profile for table: deletedTable
2019-10-24 04:19:36,865 [main] INFO  db.DBStoreBuilder (DBStoreBuilder.java:processTables(183)) - Using default column profile:DBProfile.DISK for Table:deletedTable
2019-10-24 04:19:36,865 [main] INFO  db.DBStoreBuilder (DBStoreBuilder.java:addTable(127)) - using custom profile for table: openKeyTable
2019-10-24 04:19:36,865 [main] INFO  db.DBStoreBuilder (DBStoreBuilder.java:processTables(183)) - Using default column profile:DBProfile.DISK for Table:openKeyTable
2019-10-24 04:19:36,866 [main] INFO  db.DBStoreBuilder (DBStoreBuilder.java:addTable(127)) - using custom profile for table: s3Table
2019-10-24 04:19:36,866 [main] INFO  db.DBStoreBuilder (DBStoreBuilder.java:processTables(183)) - Using default column profile:DBProfile.DISK for Table:s3Table
2019-10-24 04:19:36,866 [main] INFO  db.DBStoreBuilder (DBStoreBuilder.java:addTable(127)) - using custom profile for table: multipartInfoTable
2019-10-24 04:19:36,866 [main] INFO  db.DBStoreBuilder (DBStoreBuilder.java:processTables(183)) - Using default column profile:DBProfile.DISK for Table:multipartInfoTable
2019-10-24 04:19:36,867 [main] INFO  db.DBStoreBuilder (DBStoreBuilder.java:addTable(127)) - using custom profile for table: dTokenTable
2019-10-24 04:19:36,867 [main] INFO  db.DBStoreBuilder (DBStoreBuilder.java:processTables(183)) - Using default column profile:DBProfile.DISK for Table:dTokenTable
2019-10-24 04:19:36,867 [main] INFO  db.DBStoreBuilder (DBStoreBuilder.java:addTable(127)) - using custom profile for table: s3SecretTable
2019-10-24 04:19:36,867 [main] INFO  db.DBStoreBuilder (DBStoreBuilder.java:processTables(183)) - Using default column profile:DBProfile.DISK for Table:s3SecretTable
2019-10-24 04:19:36,867 [main] INFO  db.DBStoreBuilder (DBStoreBuilder.java:addTable(127)) - using custom profile for table: prefixTable
2019-10-24 04:19:36,868 [main] INFO  db.DBStoreBuilder (DBStoreBuilder.java:processTables(183)) - Using default column profile:DBProfile.DISK for Table:prefixTable
2019-10-24 04:19:36,868 [main] INFO  db.DBStoreBuilder (DBStoreBuilder.java:addTable(127)) - using custom profile for table: default
2019-10-24 04:19:36,868 [main] INFO  db.DBStoreBuilder (DBStoreBuilder.java:processTables(189)) - Using default column profile:DBProfile.DISK for Table:default
2019-10-24 04:19:36,868 [main] INFO  db.DBStoreBuilder (DBStoreBuilder.java:getDbProfile(220)) - Using default options. DBProfile.DISK
2019-10-24 04:19:37,265 [main] INFO  ipc.CallQueueManager (CallQueueManager.java:<init>(84)) - Using callQueue: class java.util.concurrent.LinkedBlockingQueue, queueCapacity: 2000, scheduler: class org.apache.hadoop.ipc.DefaultRpcScheduler, ipcBackoff: false.
2019-10-24 04:19:37,266 [Socket Reader #1 for port 43395] INFO  ipc.Server (Server.java:run(1074)) - Starting Socket Reader #1 for port 43395
2019-10-24 04:19:37,285 [main] INFO  om.OzoneManager (OzoneManager.java:start(1074)) - OzoneManager RPC server is listening at localhost/127.0.0.1:43395
2019-10-24 04:19:37,285 [main] INFO  impl.MetricsSystemImpl (MetricsSystemImpl.java:init(158)) - OzoneManager metrics system started (again)
2019-10-24 04:19:37,295 [IPC Server Responder] INFO  ipc.Server (Server.java:run(1314)) - IPC Server Responder: starting
2019-10-24 04:19:37,295 [IPC Server listener on 43395] INFO  ipc.Server (Server.java:run(1153)) - IPC Server listener on 43395: starting
2019-10-24 04:19:37,300 [main] INFO  hdfs.DFSUtil (DFSUtil.java:httpServerTemplateForNNAndJN(1641)) - Starting Web-server for ozoneManager at: http://0.0.0.0:0
2019-10-24 04:19:37,301 [main] INFO  server.AuthenticationFilter (AuthenticationFilter.java:constructSecretProvider(240)) - Unable to initialize FileSignerSecretProvider, falling back to use random secrets.
2019-10-24 04:19:37,302 [main] WARN  http.HttpRequestLog (HttpRequestLog.java:getRequestLog(97)) - Jetty request log can only be enabled using Log4j
2019-10-24 04:19:37,305 [main] INFO  http.HttpServer2 (HttpServer2.java:addGlobalFilter(975)) - Added global filter 'safety' (class=org.apache.hadoop.http.HttpServer2$QuotingInputFilter)
2019-10-24 04:19:37,306 [main] INFO  http.HttpServer2 (HttpServer2.java:addFilter(948)) - Added filter static_user_filter (class=org.apache.hadoop.http.lib.StaticUserWebFilter$StaticUserFilter) to context ozoneManager
2019-10-24 04:19:37,306 [main] INFO  http.HttpServer2 (HttpServer2.java:addFilter(958)) - Added filter static_user_filter (class=org.apache.hadoop.http.lib.StaticUserWebFilter$StaticUserFilter) to context logs
2019-10-24 04:19:37,306 [main] INFO  http.HttpServer2 (HttpServer2.java:addFilter(958)) - Added filter static_user_filter (class=org.apache.hadoop.http.lib.StaticUserWebFilter$StaticUserFilter) to context static
2019-10-24 04:19:37,309 [main] INFO  http.HttpServer2 (HttpServer2.java:bindListener(1191)) - Jetty bound to port 44424
2019-10-24 04:19:37,309 [main] INFO  server.Server (Server.java:doStart(351)) - jetty-9.3.25.v20180904, build timestamp: 2018-09-04T21:11:46Z, git hash: 3ce520221d0240229c862b122d2b06c12a625732
2019-10-24 04:19:37,314 [main] INFO  handler.ContextHandler (ContextHandler.java:doStart(781)) - Started o.e.j.s.ServletContextHandler@40ab8a8{/logs,file:///workdir/hadoop-ozone/integration-test/target/log,AVAILABLE}
2019-10-24 04:19:37,315 [main] INFO  handler.ContextHandler (ContextHandler.java:doStart(781)) - Started o.e.j.s.ServletContextHandler@65cc8228{/static,file:///workdir/hadoop-ozone/integration-test/target/test-classes/webapps/static,AVAILABLE}
2019-10-24 04:19:37,321 [main] INFO  handler.ContextHandler (ContextHandler.java:doStart(781)) - Started o.e.j.w.WebAppContext@5d235104{/,file:///workdir/hadoop-ozone/integration-test/target/test-classes/webapps/ozoneManager/,AVAILABLE}{/ozoneManager}
2019-10-24 04:19:37,322 [main] INFO  server.AbstractConnector (AbstractConnector.java:doStart(278)) - Started ServerConnector@4e8e8621{HTTP/1.1,[http/1.1]}{0.0.0.0:44424}
2019-10-24 04:19:37,322 [main] INFO  server.Server (Server.java:doStart(419)) - Started @3648ms
2019-10-24 04:19:37,322 [main] WARN  impl.MetricsSystemImpl (MetricsSystemImpl.java:register(276)) - Sink prometheus already exists!
2019-10-24 04:19:37,323 [main] INFO  server.BaseHttpServer (BaseHttpServer.java:updateConnectorAddress(215)) - HTTP server of OZONEMANAGER is listening at http://0.0.0.0:44424
2019-10-24 04:19:37,583 [main] INFO  impl.MetricsSystemImpl (MetricsSystemImpl.java:init(158)) - HddsDatanode metrics system started (again)
2019-10-24 04:19:37,633 [main] INFO  ozone.HddsDatanodeService (HddsDatanodeService.java:start(184)) - HddsDatanodeService host:pr-hdds-2354-xrwnf-3238337902 ip:192.168.69.119
2019-10-24 04:19:37,664 [main] INFO  volume.HddsVolume (HddsVolume.java:<init>(176)) - Creating Volume: /workdir/hadoop-ozone/integration-test/target/test-dir/MiniOzoneClusterImpl-130f5b65-2f93-4feb-bc6d-4f491c54915a/datanode-0/data/containers/hdds of  storage type : DISK and capacity : 1482555576320
2019-10-24 04:19:37,667 [main] INFO  volume.VolumeSet (VolumeSet.java:initializeVolumeSet(170)) - Added Volume : /workdir/hadoop-ozone/integration-test/target/test-dir/MiniOzoneClusterImpl-130f5b65-2f93-4feb-bc6d-4f491c54915a/datanode-0/data/containers/hdds to VolumeSet
2019-10-24 04:19:37,670 [main] INFO  volume.ThrottledAsyncChecker (ThrottledAsyncChecker.java:schedule(141)) - Scheduling a check for /workdir/hadoop-ozone/integration-test/target/test-dir/MiniOzoneClusterImpl-130f5b65-2f93-4feb-bc6d-4f491c54915a/datanode-0/data/containers/hdds
2019-10-24 04:19:37,690 [main] INFO  volume.HddsVolumeChecker (HddsVolumeChecker.java:checkAllVolumes(204)) - Scheduled health check for volume /workdir/hadoop-ozone/integration-test/target/test-dir/MiniOzoneClusterImpl-130f5b65-2f93-4feb-bc6d-4f491c54915a/datanode-0/data/containers/hdds
2019-10-24 04:19:37,814 [main] INFO  impl.RaftServerProxy (ConfUtils.java:logGet(43)) - raft.rpc.type = GRPC (default)
2019-10-24 04:19:37,875 [main] INFO  grpc.GrpcFactory (GrpcFactory.java:checkPooledByteBufAllocatorUseCacheForAllThreads(45)) - PERFORMANCE WARNING: useCacheForAllThreads is true that may cause Netty to create a lot garbage objects and, as a result, trigger GC.
	It is recommended to disable useCacheForAllThreads by setting -Dorg.apache.ratis.thirdparty.io.netty.allocator.useCacheForAllThreads=false in command line.
2019-10-24 04:19:37,880 [main] INFO  grpc.GrpcConfigKeys$Server (ConfUtils.java:logGet(43)) - raft.grpc.server.port = 0 (default)
2019-10-24 04:19:37,881 [main] INFO  server.GrpcService (ConfUtils.java:logGet(43)) - raft.grpc.message.size.max = 33570816 (custom)
2019-10-24 04:19:37,882 [main] INFO  server.RaftServerConfigKeys (ConfUtils.java:logGet(43)) - raft.server.log.appender.buffer.byte-limit = 33554432 (custom)
2019-10-24 04:19:37,883 [main] INFO  server.GrpcService (ConfUtils.java:logGet(43)) - raft.grpc.flow.control.window = 1MB (=1048576) (default)
2019-10-24 04:19:37,883 [main] INFO  server.RaftServerConfigKeys (ConfUtils.java:logGet(43)) - raft.server.rpc.request.timeout = 3000ms (default)
2019-10-24 04:19:38,058 [main] INFO  server.RaftServerConfigKeys (ConfUtils.java:logGet(43)) - raft.server.storage.dir = [/workdir/hadoop-ozone/integration-test/target/test-dir/MiniOzoneClusterImpl-130f5b65-2f93-4feb-bc6d-4f491c54915a/datanode-0/data/ratis] (custom)
2019-10-24 04:19:38,119 [main] INFO  hdfs.DFSUtil (DFSUtil.java:httpServerTemplateForNNAndJN(1641)) - Starting Web-server for hddsDatanode at: http://0.0.0.0:0
2019-10-24 04:19:38,121 [main] INFO  server.AuthenticationFilter (AuthenticationFilter.java:constructSecretProvider(240)) - Unable to initialize FileSignerSecretProvider, falling back to use random secrets.
2019-10-24 04:19:38,121 [main] WARN  http.HttpRequestLog (HttpRequestLog.java:getRequestLog(97)) - Jetty request log can only be enabled using Log4j
2019-10-24 04:19:38,123 [main] INFO  http.HttpServer2 (HttpServer2.java:addGlobalFilter(975)) - Added global filter 'safety' (class=org.apache.hadoop.http.HttpServer2$QuotingInputFilter)
2019-10-24 04:19:38,124 [main] INFO  http.HttpServer2 (HttpServer2.java:addFilter(948)) - Added filter static_user_filter (class=org.apache.hadoop.http.lib.StaticUserWebFilter$StaticUserFilter) to context hddsDatanode
2019-10-24 04:19:38,124 [main] INFO  http.HttpServer2 (HttpServer2.java:addFilter(958)) - Added filter static_user_filter (class=org.apache.hadoop.http.lib.StaticUserWebFilter$StaticUserFilter) to context logs
2019-10-24 04:19:38,124 [main] INFO  http.HttpServer2 (HttpServer2.java:addFilter(958)) - Added filter static_user_filter (class=org.apache.hadoop.http.lib.StaticUserWebFilter$StaticUserFilter) to context static
2019-10-24 04:19:38,125 [main] INFO  http.HttpServer2 (HttpServer2.java:bindListener(1191)) - Jetty bound to port 45040
2019-10-24 04:19:38,125 [main] INFO  server.Server (Server.java:doStart(351)) - jetty-9.3.25.v20180904, build timestamp: 2018-09-04T21:11:46Z, git hash: 3ce520221d0240229c862b122d2b06c12a625732
2019-10-24 04:19:38,127 [main] INFO  handler.ContextHandler (ContextHandler.java:doStart(781)) - Started o.e.j.s.ServletContextHandler@6c008c24{/logs,file:///workdir/hadoop-ozone/integration-test/target/log,AVAILABLE}
2019-10-24 04:19:38,128 [main] INFO  handler.ContextHandler (ContextHandler.java:doStart(781)) - Started o.e.j.s.ServletContextHandler@21079a12{/static,jar:file:/home/user/.m2/repository/org/apache/hadoop/hadoop-hdds-container-service/0.5.0-SNAPSHOT/hadoop-hdds-container-service-0.5.0-SNAPSHOT.jar!/webapps/static,AVAILABLE}
2019-10-24 04:19:38,162 [main] INFO  handler.ContextHandler (ContextHandler.java:doStart(781)) - Started o.e.j.w.WebAppContext@673919a7{/,file:///tmp/jetty-0.0.0.0-45040-hddsDatanode-_-any-2167359166965966869.dir/webapp/,AVAILABLE}{/hddsDatanode}
2019-10-24 04:19:38,163 [main] INFO  server.AbstractConnector (AbstractConnector.java:doStart(278)) - Started ServerConnector@25d93198{HTTP/1.1,[http/1.1]}{0.0.0.0:45040}
2019-10-24 04:19:38,163 [main] INFO  server.Server (Server.java:doStart(419)) - Started @4490ms
2019-10-24 04:19:38,164 [main] WARN  impl.MetricsSystemImpl (MetricsSystemImpl.java:register(276)) - Sink prometheus already exists!
2019-10-24 04:19:38,165 [main] INFO  server.BaseHttpServer (BaseHttpServer.java:updateConnectorAddress(215)) - HTTP server of HDDSDATANODE is listening at http://0.0.0.0:45040
2019-10-24 04:19:38,166 [main] INFO  impl.MetricsSystemImpl (MetricsSystemImpl.java:init(158)) - HddsDatanode metrics system started (again)
2019-10-24 04:19:38,168 [main] INFO  ozone.HddsDatanodeService (HddsDatanodeService.java:start(184)) - HddsDatanodeService host:pr-hdds-2354-xrwnf-3238337902 ip:192.168.69.119
2019-10-24 04:19:38,170 [org.apache.hadoop.util.JvmPauseMonitor$Monitor@7e43061] INFO  util.JvmPauseMonitor (JvmPauseMonitor.java:run(188)) - Starting JVM pause monitor
2019-10-24 04:19:38,177 [main] INFO  volume.HddsVolume (HddsVolume.java:<init>(176)) - Creating Volume: /workdir/hadoop-ozone/integration-test/target/test-dir/MiniOzoneClusterImpl-130f5b65-2f93-4feb-bc6d-4f491c54915a/datanode-1/data/containers/hdds of  storage type : DISK and capacity : 1482555576320
2019-10-24 04:19:38,178 [main] INFO  volume.VolumeSet (VolumeSet.java:initializeVolumeSet(170)) - Added Volume : /workdir/hadoop-ozone/integration-test/target/test-dir/MiniOzoneClusterImpl-130f5b65-2f93-4feb-bc6d-4f491c54915a/datanode-1/data/containers/hdds to VolumeSet
2019-10-24 04:19:38,178 [main] INFO  volume.ThrottledAsyncChecker (ThrottledAsyncChecker.java:schedule(141)) - Scheduling a check for /workdir/hadoop-ozone/integration-test/target/test-dir/MiniOzoneClusterImpl-130f5b65-2f93-4feb-bc6d-4f491c54915a/datanode-1/data/containers/hdds
2019-10-24 04:19:38,179 [main] INFO  volume.HddsVolumeChecker (HddsVolumeChecker.java:checkAllVolumes(204)) - Scheduled health check for volume /workdir/hadoop-ozone/integration-test/target/test-dir/MiniOzoneClusterImpl-130f5b65-2f93-4feb-bc6d-4f491c54915a/datanode-1/data/containers/hdds
2019-10-24 04:19:38,192 [main] INFO  impl.RaftServerProxy (ConfUtils.java:logGet(43)) - raft.rpc.type = GRPC (default)
2019-10-24 04:19:38,192 [main] INFO  grpc.GrpcFactory (GrpcFactory.java:checkPooledByteBufAllocatorUseCacheForAllThreads(45)) - PERFORMANCE WARNING: useCacheForAllThreads is true that may cause Netty to create a lot garbage objects and, as a result, trigger GC.
	It is recommended to disable useCacheForAllThreads by setting -Dorg.apache.ratis.thirdparty.io.netty.allocator.useCacheForAllThreads=false in command line.
2019-10-24 04:19:38,192 [main] INFO  grpc.GrpcConfigKeys$Server (ConfUtils.java:logGet(43)) - raft.grpc.server.port = 0 (default)
2019-10-24 04:19:38,193 [main] INFO  server.GrpcService (ConfUtils.java:logGet(43)) - raft.grpc.message.size.max = 33570816 (custom)
2019-10-24 04:19:38,193 [main] INFO  server.RaftServerConfigKeys (ConfUtils.java:logGet(43)) - raft.server.log.appender.buffer.byte-limit = 33554432 (custom)
2019-10-24 04:19:38,193 [main] INFO  server.GrpcService (ConfUtils.java:logGet(43)) - raft.grpc.flow.control.window = 1MB (=1048576) (default)
2019-10-24 04:19:38,193 [main] INFO  server.RaftServerConfigKeys (ConfUtils.java:logGet(43)) - raft.server.rpc.request.timeout = 3000ms (default)
2019-10-24 04:19:38,194 [main] INFO  server.RaftServerConfigKeys (ConfUtils.java:logGet(43)) - raft.server.storage.dir = [/workdir/hadoop-ozone/integration-test/target/test-dir/MiniOzoneClusterImpl-130f5b65-2f93-4feb-bc6d-4f491c54915a/datanode-1/data/ratis] (custom)
2019-10-24 04:19:38,196 [main] INFO  hdfs.DFSUtil (DFSUtil.java:httpServerTemplateForNNAndJN(1641)) - Starting Web-server for hddsDatanode at: http://0.0.0.0:0
2019-10-24 04:19:38,198 [main] INFO  server.AuthenticationFilter (AuthenticationFilter.java:constructSecretProvider(240)) - Unable to initialize FileSignerSecretProvider, falling back to use random secrets.
2019-10-24 04:19:38,198 [main] WARN  http.HttpRequestLog (HttpRequestLog.java:getRequestLog(97)) - Jetty request log can only be enabled using Log4j
2019-10-24 04:19:38,200 [main] INFO  http.HttpServer2 (HttpServer2.java:addGlobalFilter(975)) - Added global filter 'safety' (class=org.apache.hadoop.http.HttpServer2$QuotingInputFilter)
2019-10-24 04:19:38,201 [main] INFO  http.HttpServer2 (HttpServer2.java:addFilter(948)) - Added filter static_user_filter (class=org.apache.hadoop.http.lib.StaticUserWebFilter$StaticUserFilter) to context hddsDatanode
2019-10-24 04:19:38,201 [main] INFO  http.HttpServer2 (HttpServer2.java:addFilter(958)) - Added filter static_user_filter (class=org.apache.hadoop.http.lib.StaticUserWebFilter$StaticUserFilter) to context logs
2019-10-24 04:19:38,201 [main] INFO  http.HttpServer2 (HttpServer2.java:addFilter(958)) - Added filter static_user_filter (class=org.apache.hadoop.http.lib.StaticUserWebFilter$StaticUserFilter) to context static
2019-10-24 04:19:38,202 [main] INFO  http.HttpServer2 (HttpServer2.java:bindListener(1191)) - Jetty bound to port 42525
2019-10-24 04:19:38,202 [main] INFO  server.Server (Server.java:doStart(351)) - jetty-9.3.25.v20180904, build timestamp: 2018-09-04T21:11:46Z, git hash: 3ce520221d0240229c862b122d2b06c12a625732
2019-10-24 04:19:38,205 [main] INFO  handler.ContextHandler (ContextHandler.java:doStart(781)) - Started o.e.j.s.ServletContextHandler@30364216{/logs,file:///workdir/hadoop-ozone/integration-test/target/log,AVAILABLE}
2019-10-24 04:19:38,205 [main] INFO  handler.ContextHandler (ContextHandler.java:doStart(781)) - Started o.e.j.s.ServletContextHandler@1e8ab90f{/static,jar:file:/home/user/.m2/repository/org/apache/hadoop/hadoop-hdds-container-service/0.5.0-SNAPSHOT/hadoop-hdds-container-service-0.5.0-SNAPSHOT.jar!/webapps/static,AVAILABLE}
2019-10-24 04:19:38,266 [Datanode State Machine Thread - 0] INFO  datanode.InitDatanodeState (InitDatanodeState.java:persistContainerDatanodeDetails(140)) - DatanodeDetails is persisted to /workdir/hadoop-ozone/integration-test/target/test-dir/MiniOzoneClusterImpl-130f5b65-2f93-4feb-bc6d-4f491c54915a/datanode-0/meta/datanode.id
2019-10-24 04:19:38,272 [main] INFO  handler.ContextHandler (ContextHandler.java:doStart(781)) - Started o.e.j.w.WebAppContext@60325987{/,file:///tmp/jetty-0.0.0.0-42525-hddsDatanode-_-any-3353697419763588165.dir/webapp/,AVAILABLE}{/hddsDatanode}
2019-10-24 04:19:38,273 [main] INFO  server.AbstractConnector (AbstractConnector.java:doStart(278)) - Started ServerConnector@2f37f1f9{HTTP/1.1,[http/1.1]}{0.0.0.0:42525}
2019-10-24 04:19:38,274 [main] INFO  server.Server (Server.java:doStart(419)) - Started @4600ms
2019-10-24 04:19:38,274 [main] WARN  impl.MetricsSystemImpl (MetricsSystemImpl.java:register(276)) - Sink prometheus already exists!
2019-10-24 04:19:38,275 [main] INFO  server.BaseHttpServer (BaseHttpServer.java:updateConnectorAddress(215)) - HTTP server of HDDSDATANODE is listening at http://0.0.0.0:42525
2019-10-24 04:19:38,276 [main] INFO  impl.MetricsSystemImpl (MetricsSystemImpl.java:init(158)) - HddsDatanode metrics system started (again)
2019-10-24 04:19:38,278 [org.apache.hadoop.util.JvmPauseMonitor$Monitor@7d8a1a20] INFO  util.JvmPauseMonitor (JvmPauseMonitor.java:run(188)) - Starting JVM pause monitor
2019-10-24 04:19:38,278 [main] INFO  ozone.HddsDatanodeService (HddsDatanodeService.java:start(184)) - HddsDatanodeService host:pr-hdds-2354-xrwnf-3238337902 ip:192.168.69.119
2019-10-24 04:19:38,282 [Datanode State Machine Thread - 0] INFO  datanode.InitDatanodeState (InitDatanodeState.java:persistContainerDatanodeDetails(140)) - DatanodeDetails is persisted to /workdir/hadoop-ozone/integration-test/target/test-dir/MiniOzoneClusterImpl-130f5b65-2f93-4feb-bc6d-4f491c54915a/datanode-1/meta/datanode.id
2019-10-24 04:19:38,287 [main] INFO  volume.HddsVolume (HddsVolume.java:<init>(176)) - Creating Volume: /workdir/hadoop-ozone/integration-test/target/test-dir/MiniOzoneClusterImpl-130f5b65-2f93-4feb-bc6d-4f491c54915a/datanode-2/data/containers/hdds of  storage type : DISK and capacity : 1482555576320
2019-10-24 04:19:38,287 [main] INFO  volume.VolumeSet (VolumeSet.java:initializeVolumeSet(170)) - Added Volume : /workdir/hadoop-ozone/integration-test/target/test-dir/MiniOzoneClusterImpl-130f5b65-2f93-4feb-bc6d-4f491c54915a/datanode-2/data/containers/hdds to VolumeSet
2019-10-24 04:19:38,287 [main] INFO  volume.ThrottledAsyncChecker (ThrottledAsyncChecker.java:schedule(141)) - Scheduling a check for /workdir/hadoop-ozone/integration-test/target/test-dir/MiniOzoneClusterImpl-130f5b65-2f93-4feb-bc6d-4f491c54915a/datanode-2/data/containers/hdds
2019-10-24 04:19:38,288 [main] INFO  volume.HddsVolumeChecker (HddsVolumeChecker.java:checkAllVolumes(204)) - Scheduled health check for volume /workdir/hadoop-ozone/integration-test/target/test-dir/MiniOzoneClusterImpl-130f5b65-2f93-4feb-bc6d-4f491c54915a/datanode-2/data/containers/hdds
2019-10-24 04:19:38,301 [main] INFO  impl.RaftServerProxy (ConfUtils.java:logGet(43)) - raft.rpc.type = GRPC (default)
2019-10-24 04:19:38,301 [main] INFO  grpc.GrpcFactory (GrpcFactory.java:checkPooledByteBufAllocatorUseCacheForAllThreads(45)) - PERFORMANCE WARNING: useCacheForAllThreads is true that may cause Netty to create a lot garbage objects and, as a result, trigger GC.
	It is recommended to disable useCacheForAllThreads by setting -Dorg.apache.ratis.thirdparty.io.netty.allocator.useCacheForAllThreads=false in command line.
2019-10-24 04:19:38,301 [main] INFO  grpc.GrpcConfigKeys$Server (ConfUtils.java:logGet(43)) - raft.grpc.server.port = 0 (default)
2019-10-24 04:19:38,301 [main] INFO  server.GrpcService (ConfUtils.java:logGet(43)) - raft.grpc.message.size.max = 33570816 (custom)
2019-10-24 04:19:38,302 [main] INFO  server.RaftServerConfigKeys (ConfUtils.java:logGet(43)) - raft.server.log.appender.buffer.byte-limit = 33554432 (custom)
2019-10-24 04:19:38,302 [main] INFO  server.GrpcService (ConfUtils.java:logGet(43)) - raft.grpc.flow.control.window = 1MB (=1048576) (default)
2019-10-24 04:19:38,302 [main] INFO  server.RaftServerConfigKeys (ConfUtils.java:logGet(43)) - raft.server.rpc.request.timeout = 3000ms (default)
2019-10-24 04:19:38,303 [main] INFO  server.RaftServerConfigKeys (ConfUtils.java:logGet(43)) - raft.server.storage.dir = [/workdir/hadoop-ozone/integration-test/target/test-dir/MiniOzoneClusterImpl-130f5b65-2f93-4feb-bc6d-4f491c54915a/datanode-2/data/ratis] (custom)
2019-10-24 04:19:38,305 [main] INFO  hdfs.DFSUtil (DFSUtil.java:httpServerTemplateForNNAndJN(1641)) - Starting Web-server for hddsDatanode at: http://0.0.0.0:0
2019-10-24 04:19:38,306 [main] INFO  server.AuthenticationFilter (AuthenticationFilter.java:constructSecretProvider(240)) - Unable to initialize FileSignerSecretProvider, falling back to use random secrets.
2019-10-24 04:19:38,307 [main] WARN  http.HttpRequestLog (HttpRequestLog.java:getRequestLog(97)) - Jetty request log can only be enabled using Log4j
2019-10-24 04:19:38,308 [main] INFO  http.HttpServer2 (HttpServer2.java:addGlobalFilter(975)) - Added global filter 'safety' (class=org.apache.hadoop.http.HttpServer2$QuotingInputFilter)
2019-10-24 04:19:38,309 [main] INFO  http.HttpServer2 (HttpServer2.java:addFilter(948)) - Added filter static_user_filter (class=org.apache.hadoop.http.lib.StaticUserWebFilter$StaticUserFilter) to context hddsDatanode
2019-10-24 04:19:38,309 [main] INFO  http.HttpServer2 (HttpServer2.java:addFilter(958)) - Added filter static_user_filter (class=org.apache.hadoop.http.lib.StaticUserWebFilter$StaticUserFilter) to context static
2019-10-24 04:19:38,309 [main] INFO  http.HttpServer2 (HttpServer2.java:addFilter(958)) - Added filter static_user_filter (class=org.apache.hadoop.http.lib.StaticUserWebFilter$StaticUserFilter) to context logs
2019-10-24 04:19:38,310 [main] INFO  http.HttpServer2 (HttpServer2.java:bindListener(1191)) - Jetty bound to port 38294
2019-10-24 04:19:38,310 [main] INFO  server.Server (Server.java:doStart(351)) - jetty-9.3.25.v20180904, build timestamp: 2018-09-04T21:11:46Z, git hash: 3ce520221d0240229c862b122d2b06c12a625732
2019-10-24 04:19:38,314 [main] INFO  handler.ContextHandler (ContextHandler.java:doStart(781)) - Started o.e.j.s.ServletContextHandler@e5cbff2{/logs,file:///workdir/hadoop-ozone/integration-test/target/log,AVAILABLE}
2019-10-24 04:19:38,314 [main] INFO  handler.ContextHandler (ContextHandler.java:doStart(781)) - Started o.e.j.s.ServletContextHandler@4fc3c165{/static,jar:file:/home/user/.m2/repository/org/apache/hadoop/hadoop-hdds-container-service/0.5.0-SNAPSHOT/hadoop-hdds-container-service-0.5.0-SNAPSHOT.jar!/webapps/static,AVAILABLE}
2019-10-24 04:19:38,356 [main] INFO  handler.ContextHandler (ContextHandler.java:doStart(781)) - Started o.e.j.w.WebAppContext@70228253{/,file:///tmp/jetty-0.0.0.0-38294-hddsDatanode-_-any-4218389041484912564.dir/webapp/,AVAILABLE}{/hddsDatanode}
2019-10-24 04:19:38,356 [main] INFO  server.AbstractConnector (AbstractConnector.java:doStart(278)) - Started ServerConnector@63c12e52{HTTP/1.1,[http/1.1]}{0.0.0.0:38294}
2019-10-24 04:19:38,357 [main] INFO  server.Server (Server.java:doStart(419)) - Started @4684ms
2019-10-24 04:19:38,358 [main] WARN  impl.MetricsSystemImpl (MetricsSystemImpl.java:register(276)) - Sink prometheus already exists!
2019-10-24 04:19:38,359 [main] INFO  server.BaseHttpServer (BaseHttpServer.java:updateConnectorAddress(215)) - HTTP server of HDDSDATANODE is listening at http://0.0.0.0:38294
2019-10-24 04:19:38,360 [main] INFO  ozone.MiniOzoneClusterImpl (MiniOzoneClusterImpl.java:lambda$waitForClusterToBeReady$0(147)) - Waiting for cluster to be ready. Got 0 of 3 DN Heartbeats.
2019-10-24 04:19:38,361 [org.apache.hadoop.util.JvmPauseMonitor$Monitor@40fa2e4a] INFO  util.JvmPauseMonitor (JvmPauseMonitor.java:run(188)) - Starting JVM pause monitor
2019-10-24 04:19:38,364 [Datanode State Machine Thread - 0] INFO  datanode.InitDatanodeState (InitDatanodeState.java:persistContainerDatanodeDetails(140)) - DatanodeDetails is persisted to /workdir/hadoop-ozone/integration-test/target/test-dir/MiniOzoneClusterImpl-130f5b65-2f93-4feb-bc6d-4f491c54915a/datanode-2/meta/datanode.id
2019-10-24 04:19:39,361 [main] INFO  ozone.MiniOzoneClusterImpl (MiniOzoneClusterImpl.java:lambda$waitForClusterToBeReady$0(147)) - Waiting for cluster to be ready. Got 0 of 3 DN Heartbeats.
2019-10-24 04:19:40,232 [Datanode State Machine Thread - 0] INFO  ozoneimpl.OzoneContainer (OzoneContainer.java:start(213)) - Attempting to start container services.
2019-10-24 04:19:40,233 [Datanode State Machine Thread - 0] INFO  ozoneimpl.OzoneContainer (OzoneContainer.java:startContainerScrub(177)) - Background container scanner has been disabled.
2019-10-24 04:19:40,234 [Datanode State Machine Thread - 0] INFO  ratis.XceiverServerRatis (XceiverServerRatis.java:start(418)) - Starting XceiverServerRatis 061ed049-4de7-4292-8db3-b6c544105954 at port 0
2019-10-24 04:19:40,250 [Datanode State Machine Thread - 0] INFO  impl.RaftServerProxy (RaftServerProxy.java:lambda$start$3(299)) - 061ed049-4de7-4292-8db3-b6c544105954: start RPC server
2019-10-24 04:19:40,361 [main] INFO  ozone.MiniOzoneClusterImpl (MiniOzoneClusterImpl.java:lambda$waitForClusterToBeReady$0(147)) - Waiting for cluster to be ready. Got 0 of 3 DN Heartbeats.
2019-10-24 04:19:40,368 [Datanode State Machine Thread - 0] INFO  server.GrpcService (GrpcService.java:startImpl(158)) - 061ed049-4de7-4292-8db3-b6c544105954: GrpcService started, listening on 0.0.0.0/0.0.0.0:41000
2019-10-24 04:19:40,369 [Datanode State Machine Thread - 0] INFO  ratis.XceiverServerRatis (XceiverServerRatis.java:start(428)) - XceiverServerRatis 061ed049-4de7-4292-8db3-b6c544105954 is started using port 41000
2019-10-24 04:19:40,372 [Datanode State Machine Thread - 0] INFO  server.XceiverServerGrpc (XceiverServerGrpc.java:start(149)) - XceiverServerGrpc 061ed049-4de7-4292-8db3-b6c544105954 is started using port 45655
2019-10-24 04:19:40,377 [Datanode State Machine Thread - 0] INFO  ozoneimpl.OzoneContainer (OzoneContainer.java:start(213)) - Attempting to start container services.
2019-10-24 04:19:40,380 [Datanode State Machine Thread - 0] INFO  ozoneimpl.OzoneContainer (OzoneContainer.java:startContainerScrub(177)) - Background container scanner has been disabled.
2019-10-24 04:19:40,381 [Datanode State Machine Thread - 0] INFO  ratis.XceiverServerRatis (XceiverServerRatis.java:start(418)) - Starting XceiverServerRatis e3498cd7-eaa3-4a2f-a67e-ea1e9c2005a9 at port 0
2019-10-24 04:19:40,381 [Datanode State Machine Thread - 0] INFO  ozoneimpl.OzoneContainer (OzoneContainer.java:start(213)) - Attempting to start container services.
2019-10-24 04:19:40,383 [Datanode State Machine Thread - 0] INFO  ozoneimpl.OzoneContainer (OzoneContainer.java:startContainerScrub(177)) - Background container scanner has been disabled.
2019-10-24 04:19:40,383 [Datanode State Machine Thread - 0] INFO  ratis.XceiverServerRatis (XceiverServerRatis.java:start(418)) - Starting XceiverServerRatis 7770f8c7-01fb-43d9-b34c-02757d82bdbb at port 0
2019-10-24 04:19:40,396 [Datanode State Machine Thread - 0] INFO  impl.RaftServerProxy (RaftServerProxy.java:lambda$start$3(299)) - e3498cd7-eaa3-4a2f-a67e-ea1e9c2005a9: start RPC server
2019-10-24 04:19:40,397 [Datanode State Machine Thread - 0] INFO  impl.RaftServerProxy (RaftServerProxy.java:lambda$start$3(299)) - 7770f8c7-01fb-43d9-b34c-02757d82bdbb: start RPC server
2019-10-24 04:19:40,401 [Datanode State Machine Thread - 0] INFO  server.GrpcService (GrpcService.java:startImpl(158)) - e3498cd7-eaa3-4a2f-a67e-ea1e9c2005a9: GrpcService started, listening on 0.0.0.0/0.0.0.0:33836
2019-10-24 04:19:40,401 [Datanode State Machine Thread - 0] INFO  server.GrpcService (GrpcService.java:startImpl(158)) - 7770f8c7-01fb-43d9-b34c-02757d82bdbb: GrpcService started, listening on 0.0.0.0/0.0.0.0:34239
2019-10-24 04:19:40,401 [Datanode State Machine Thread - 0] INFO  ratis.XceiverServerRatis (XceiverServerRatis.java:start(428)) - XceiverServerRatis e3498cd7-eaa3-4a2f-a67e-ea1e9c2005a9 is started using port 33836
2019-10-24 04:19:40,401 [Datanode State Machine Thread - 0] INFO  ratis.XceiverServerRatis (XceiverServerRatis.java:start(428)) - XceiverServerRatis 7770f8c7-01fb-43d9-b34c-02757d82bdbb is started using port 34239
2019-10-24 04:19:40,405 [Datanode State Machine Thread - 0] INFO  server.XceiverServerGrpc (XceiverServerGrpc.java:start(149)) - XceiverServerGrpc e3498cd7-eaa3-4a2f-a67e-ea1e9c2005a9 is started using port 36028
2019-10-24 04:19:40,406 [Datanode State Machine Thread - 0] INFO  server.XceiverServerGrpc (XceiverServerGrpc.java:start(149)) - XceiverServerGrpc 7770f8c7-01fb-43d9-b34c-02757d82bdbb is started using port 38969
2019-10-24 04:19:41,362 [main] INFO  ozone.MiniOzoneClusterImpl (MiniOzoneClusterImpl.java:lambda$waitForClusterToBeReady$0(147)) - Waiting for cluster to be ready. Got 0 of 3 DN Heartbeats.
2019-10-24 04:19:42,195 [IPC Server handler 0 on 41355] INFO  net.NetworkTopology (NetworkTopologyImpl.java:add(111)) - Added a new node: /default-rack/061ed049-4de7-4292-8db3-b6c544105954
2019-10-24 04:19:42,195 [IPC Server handler 0 on 41355] INFO  node.SCMNodeManager (SCMNodeManager.java:register(268)) - Registered Data node : 061ed049-4de7-4292-8db3-b6c544105954{ip: 192.168.69.119, host: pr-hdds-2354-xrwnf-3238337902, networkLocation: /default-rack, certSerialId: null}
2019-10-24 04:19:42,198 [EventQueue-NodeRegistrationContainerReportForDataNodeSafeModeRule] INFO  safemode.SCMSafeModeManager (DataNodeSafeModeRule.java:process(71)) - SCM in safe mode. 1 DataNodes registered, 1 required.
2019-10-24 04:19:42,198 [EventQueue-NodeRegistrationContainerReportForDataNodeSafeModeRule] INFO  safemode.SCMSafeModeManager (SCMSafeModeManager.java:validateSafeModeExitRules(177)) - ScmSafeModeManager, all rules are successfully validated
2019-10-24 04:19:42,198 [EventQueue-NodeRegistrationContainerReportForDataNodeSafeModeRule] INFO  safemode.SCMSafeModeManager (SCMSafeModeManager.java:exitSafeMode(193)) - SCM exiting safe mode.
2019-10-24 04:19:42,281 [IPC Server handler 1 on 41355] INFO  net.NetworkTopology (NetworkTopologyImpl.java:add(111)) - Added a new node: /default-rack/e3498cd7-eaa3-4a2f-a67e-ea1e9c2005a9
2019-10-24 04:19:42,281 [IPC Server handler 1 on 41355] INFO  node.SCMNodeManager (SCMNodeManager.java:register(268)) - Registered Data node : e3498cd7-eaa3-4a2f-a67e-ea1e9c2005a9{ip: 192.168.69.119, host: pr-hdds-2354-xrwnf-3238337902, networkLocation: /default-rack, certSerialId: null}
2019-10-24 04:19:42,362 [main] INFO  ozone.MiniOzoneClusterImpl (MiniOzoneClusterImpl.java:lambda$waitForClusterToBeReady$0(147)) - Waiting for cluster to be ready. Got 2 of 3 DN Heartbeats.
2019-10-24 04:19:42,364 [IPC Server handler 3 on 41355] INFO  net.NetworkTopology (NetworkTopologyImpl.java:add(111)) - Added a new node: /default-rack/7770f8c7-01fb-43d9-b34c-02757d82bdbb
2019-10-24 04:19:42,365 [IPC Server handler 3 on 41355] INFO  node.SCMNodeManager (SCMNodeManager.java:register(268)) - Registered Data node : 7770f8c7-01fb-43d9-b34c-02757d82bdbb{ip: 192.168.69.119, host: pr-hdds-2354-xrwnf-3238337902, networkLocation: /default-rack, certSerialId: null}
2019-10-24 04:19:42,600 [grpc-default-executor-0] INFO  impl.RaftServerProxy (RaftServerProxy.java:addNew(89)) - 061ed049-4de7-4292-8db3-b6c544105954: addNew group-C35A1195C108:[061ed049-4de7-4292-8db3-b6c544105954:192.168.69.119:41000] returns group-C35A1195C108:java.util.concurrent.CompletableFuture@21271119[Not completed]
2019-10-24 04:19:42,610 [pool-27-thread-1] INFO  impl.RaftServerImpl (RaftServerImpl.java:<init>(98)) - 061ed049-4de7-4292-8db3-b6c544105954: new RaftServerImpl for group-C35A1195C108:[061ed049-4de7-4292-8db3-b6c544105954:192.168.69.119:41000] with ContainerStateMachine:uninitialized
2019-10-24 04:19:42,611 [pool-27-thread-1] INFO  server.RaftServerConfigKeys (ConfUtils.java:logGet(43)) - raft.server.rpc.timeout.min = 5s (custom)
2019-10-24 04:19:42,612 [pool-27-thread-1] INFO  server.RaftServerConfigKeys (ConfUtils.java:logGet(43)) - raft.server.rpc.timeout.max = 5200ms (custom)
2019-10-24 04:19:42,612 [pool-27-thread-1] INFO  server.RaftServerConfigKeys (ConfUtils.java:logGet(43)) - raft.server.rpcslowness.timeout = 1000s (custom)
2019-10-24 04:19:42,613 [pool-27-thread-1] INFO  server.RaftServerConfigKeys (ConfUtils.java:logGet(43)) - raft.server.sleep.deviation.threshold = 300 (default)
2019-10-24 04:19:42,613 [pool-27-thread-1] INFO  server.RaftServerConfigKeys (ConfUtils.java:logGet(43)) - raft.server.log.appender.install.snapshot.enabled = false (custom)
2019-10-24 04:19:42,619 [pool-27-thread-1] INFO  impl.RaftServerImpl (ServerState.java:<init>(103)) - 061ed049-4de7-4292-8db3-b6c544105954@group-C35A1195C108: ConfigurationManager, init=-1: [061ed049-4de7-4292-8db3-b6c544105954:192.168.69.119:41000], old=null, confs=<EMPTY_MAP>
2019-10-24 04:19:42,619 [pool-27-thread-1] INFO  server.RaftServerConfigKeys (ConfUtils.java:logGet(43)) - raft.server.storage.dir = [/workdir/hadoop-ozone/integration-test/target/test-dir/MiniOzoneClusterImpl-130f5b65-2f93-4feb-bc6d-4f491c54915a/datanode-0/data/ratis] (custom)
2019-10-24 04:19:42,624 [pool-27-thread-1] INFO  server.RaftServerConfigKeys (ConfUtils.java:logGet(43)) - raft.server.log.corruption.policy = EXCEPTION (default)
2019-10-24 04:19:42,625 [pool-27-thread-1] INFO  storage.RaftStorageDirectory (RaftStorageDirectory.java:analyzeStorage(246)) - The storage directory /workdir/hadoop-ozone/integration-test/target/test-dir/MiniOzoneClusterImpl-130f5b65-2f93-4feb-bc6d-4f491c54915a/datanode-0/data/ratis/45845fac-0c2a-4762-bc25-c35a1195c108 does not exist. Creating ...
2019-10-24 04:19:42,635 [pool-27-thread-1] INFO  storage.RaftStorageDirectory (RaftStorageDirectory.java:tryLock(328)) - Lock on /workdir/hadoop-ozone/integration-test/target/test-dir/MiniOzoneClusterImpl-130f5b65-2f93-4feb-bc6d-4f491c54915a/datanode-0/data/ratis/45845fac-0c2a-4762-bc25-c35a1195c108/in_use.lock acquired by nodename 14263@pr-hdds-2354-xrwnf-3238337902
2019-10-24 04:19:42,648 [pool-27-thread-1] INFO  storage.RaftStorage (RaftStorage.java:format(84)) - Storage directory /workdir/hadoop-ozone/integration-test/target/test-dir/MiniOzoneClusterImpl-130f5b65-2f93-4feb-bc6d-4f491c54915a/datanode-0/data/ratis/45845fac-0c2a-4762-bc25-c35a1195c108 has been successfully formatted.
2019-10-24 04:19:42,650 [pool-27-thread-1] INFO  ratis.ContainerStateMachine (ContainerStateMachine.java:loadSnapshot(231)) - group-C35A1195C108: The snapshot info is null. Setting the last applied indexto:(t:0, i:~)
2019-10-24 04:19:42,650 [pool-27-thread-1] INFO  server.RaftServerConfigKeys (ConfUtils.java:logGet(43)) - raft.server.notification.no-leader.timeout = 1000s (custom)
2019-10-24 04:19:42,652 [pool-27-thread-1] INFO  server.RaftServerConfigKeys (ConfUtils.java:logGet(43)) - raft.server.log.use.memory = false (default)
2019-10-24 04:19:42,656 [pool-27-thread-1] INFO  server.RaftServerConfigKeys (ConfUtils.java:logGet(43)) - raft.server.log.purge.gap = 1000000 (custom)
2019-10-24 04:19:42,657 [pool-27-thread-1] INFO  server.RaftServerConfigKeys (ConfUtils.java:logGet(43)) - raft.server.log.appender.buffer.byte-limit = 33554432 (custom)
2019-10-24 04:19:42,658 [pool-27-thread-1] INFO  server.RaftServerConfigKeys (ConfUtils.java:logGet(43)) - raft.server.log.segment.size.max = 1048576 (custom)
2019-10-24 04:19:42,663 [pool-27-thread-1] INFO  metrics.MetricRegistries (MetricRegistriesLoader.java:load(64)) - Loaded MetricRegistries class org.apache.ratis.metrics.impl.MetricRegistriesImpl
2019-10-24 04:19:42,666 [pool-27-thread-1] WARN  impl.MetricRegistriesImpl (MetricRegistriesImpl.java:lambda$create$1(61)) - First MetricRegistry has been created without registering reporters. You may need to call MetricRegistries.global().addReportRegistration(...) before.
2019-10-24 04:19:42,671 [pool-27-thread-1] INFO  server.RaftServerConfigKeys (ConfUtils.java:logGet(43)) - raft.server.log.segment.cache.num.max = 2 (custom)
2019-10-24 04:19:42,676 [pool-27-thread-1] INFO  segmented.SegmentedRaftLogWorker (SegmentedRaftLogWorker.java:<init>(173)) - new 061ed049-4de7-4292-8db3-b6c544105954@group-C35A1195C108-SegmentedRaftLogWorker for RaftStorage:Storage Directory /workdir/hadoop-ozone/integration-test/target/test-dir/MiniOzoneClusterImpl-130f5b65-2f93-4feb-bc6d-4f491c54915a/datanode-0/data/ratis/45845fac-0c2a-4762-bc25-c35a1195c108
2019-10-24 04:19:42,676 [pool-27-thread-1] INFO  server.RaftServerConfigKeys (ConfUtils.java:logGet(43)) - raft.server.log.queue.byte-limit = 2147483647 (custom)
2019-10-24 04:19:42,677 [pool-27-thread-1] INFO  server.RaftServerConfigKeys (ConfUtils.java:logGet(43)) - raft.server.log.queue.element-limit = 1024 (custom)
2019-10-24 04:19:42,678 [pool-27-thread-1] INFO  server.RaftServerConfigKeys (ConfUtils.java:logGet(43)) - raft.server.log.segment.size.max = 1048576 (custom)
2019-10-24 04:19:42,678 [pool-27-thread-1] INFO  server.RaftServerConfigKeys (ConfUtils.java:logGet(43)) - raft.server.log.preallocated.size = 16384 (custom)
2019-10-24 04:19:42,679 [pool-27-thread-1] INFO  server.RaftServerConfigKeys (ConfUtils.java:logGet(43)) - raft.server.log.write.buffer.size = 33554432 (custom)
2019-10-24 04:19:42,680 [pool-27-thread-1] INFO  server.RaftServerConfigKeys (ConfUtils.java:logGet(43)) - raft.server.log.force.sync.num = 128 (default)
2019-10-24 04:19:42,680 [pool-27-thread-1] INFO  server.RaftServerConfigKeys (ConfUtils.java:logGet(43)) - raft.server.log.statemachine.data.sync = true (default)
2019-10-24 04:19:42,680 [pool-27-thread-1] INFO  server.RaftServerConfigKeys (ConfUtils.java:logGet(43)) - raft.server.log.statemachine.data.sync.timeout = 10s (default)
2019-10-24 04:19:42,681 [pool-27-thread-1] INFO  server.RaftServerConfigKeys (ConfUtils.java:logGet(43)) - raft.server.log.statemachine.data.sync.timeout.retry = -1 (default)
2019-10-24 04:19:42,689 [pool-27-thread-1] INFO  server.RaftServerConfigKeys (ConfUtils.java:logGet(43)) - raft.server.log.statemachine.data.caching.enabled = true (custom)
2019-10-24 04:19:42,694 [pool-27-thread-1] INFO  segmented.SegmentedRaftLogWorker (SegmentedRaftLogWorker.java:lambda$new$0(128)) - 061ed049-4de7-4292-8db3-b6c544105954@group-C35A1195C108-SegmentedRaftLogWorker: flushIndex: setUnconditionally 0 -> -1
2019-10-24 04:19:42,697 [pool-27-thread-1] INFO  server.RaftServerConfigKeys (ConfUtils.java:logGet(43)) - raft.server.snapshot.auto.trigger.enabled = true (custom)
2019-10-24 04:19:42,698 [pool-27-thread-1] INFO  server.RaftServerConfigKeys (ConfUtils.java:logGet(43)) - raft.server.snapshot.auto.trigger.threshold = 10000 (custom)
2019-10-24 04:19:42,698 [pool-27-thread-1] INFO  server.RaftServerConfigKeys (ConfUtils.java:logGet(43)) - raft.server.snapshot.retention.file.num = 5 (custom)
2019-10-24 04:19:42,699 [pool-27-thread-1] INFO  server.RaftServerConfigKeys (ConfUtils.java:logGet(43)) - raft.server.retrycache.expirytime = 600000ms (custom)
2019-10-24 04:19:42,716 [pool-27-thread-1] WARN  impl.MetricRegistriesImpl (MetricRegistriesImpl.java:lambda$create$1(61)) - First MetricRegistry has been created without registering reporters. You may need to call MetricRegistries.global().addReportRegistration(...) before.
2019-10-24 04:19:42,718 [pool-27-thread-1] WARN  impl.MetricRegistriesImpl (MetricRegistriesImpl.java:lambda$create$1(61)) - First MetricRegistry has been created without registering reporters. You may need to call MetricRegistries.global().addReportRegistration(...) before.
2019-10-24 04:19:42,719 [pool-27-thread-1] INFO  impl.RaftServerImpl (RaftServerImpl.java:start(184)) - 061ed049-4de7-4292-8db3-b6c544105954@group-C35A1195C108: start as a follower, conf=-1: [061ed049-4de7-4292-8db3-b6c544105954:192.168.69.119:41000], old=null
2019-10-24 04:19:42,720 [pool-27-thread-1] INFO  impl.RaftServerImpl (RaftServerImpl.java:setRole(173)) - 061ed049-4de7-4292-8db3-b6c544105954@group-C35A1195C108: changes role from      null to FOLLOWER at term 0 for startAsFollower
2019-10-24 04:19:42,721 [pool-27-thread-1] INFO  impl.RoleInfo (RoleInfo.java:updateAndGet(143)) - 061ed049-4de7-4292-8db3-b6c544105954: start FollowerState
2019-10-24 04:19:42,723 [pool-27-thread-1] INFO  util.JmxRegister (JmxRegister.java:tryRegister(44)) - Successfully registered JMX Bean with object name Ratis:service=RaftServer,group=group-C35A1195C108,id=061ed049-4de7-4292-8db3-b6c544105954
2019-10-24 04:19:42,724 [pool-27-thread-1] WARN  impl.MetricRegistriesImpl (MetricRegistriesImpl.java:lambda$create$1(61)) - First MetricRegistry has been created without registering reporters. You may need to call MetricRegistries.global().addReportRegistration(...) before.
2019-10-24 04:19:42,768 [RatisPipelineUtilsThread] INFO  pipeline.PipelineStateManager (PipelineStateManager.java:addPipeline(56)) - Created pipeline Pipeline[ Id: 45845fac-0c2a-4762-bc25-c35a1195c108, Nodes: 061ed049-4de7-4292-8db3-b6c544105954{ip: 192.168.69.119, host: pr-hdds-2354-xrwnf-3238337902, networkLocation: /default-rack, certSerialId: null}, Type:RATIS, Factor:ONE, State:OPEN]
2019-10-24 04:19:42,782 [grpc-default-executor-0] INFO  impl.RaftServerProxy (RaftServerProxy.java:addNew(89)) - 7770f8c7-01fb-43d9-b34c-02757d82bdbb: addNew group-39432DB2F660:[7770f8c7-01fb-43d9-b34c-02757d82bdbb:192.168.69.119:34239] returns group-39432DB2F660:java.util.concurrent.CompletableFuture@321e828b[Not completed]
2019-10-24 04:19:42,800 [pool-47-thread-1] INFO  impl.RaftServerImpl (RaftServerImpl.java:<init>(98)) - 7770f8c7-01fb-43d9-b34c-02757d82bdbb: new RaftServerImpl for group-39432DB2F660:[7770f8c7-01fb-43d9-b34c-02757d82bdbb:192.168.69.119:34239] with ContainerStateMachine:uninitialized
2019-10-24 04:19:42,801 [pool-47-thread-1] INFO  server.RaftServerConfigKeys (ConfUtils.java:logGet(43)) - raft.server.rpc.timeout.min = 5s (custom)
2019-10-24 04:19:42,801 [pool-47-thread-1] INFO  server.RaftServerConfigKeys (ConfUtils.java:logGet(43)) - raft.server.rpc.timeout.max = 5200ms (custom)
2019-10-24 04:19:42,801 [pool-47-thread-1] INFO  server.RaftServerConfigKeys (ConfUtils.java:logGet(43)) - raft.server.rpcslowness.timeout = 1000s (custom)
2019-10-24 04:19:42,801 [pool-47-thread-1] INFO  server.RaftServerConfigKeys (ConfUtils.java:logGet(43)) - raft.server.sleep.deviation.threshold = 300 (default)
2019-10-24 04:19:42,801 [pool-47-thread-1] INFO  server.RaftServerConfigKeys (ConfUtils.java:logGet(43)) - raft.server.log.appender.install.snapshot.enabled = false (custom)
2019-10-24 04:19:42,802 [pool-47-thread-1] INFO  impl.RaftServerImpl (ServerState.java:<init>(103)) - 7770f8c7-01fb-43d9-b34c-02757d82bdbb@group-39432DB2F660: ConfigurationManager, init=-1: [7770f8c7-01fb-43d9-b34c-02757d82bdbb:192.168.69.119:34239], old=null, confs=<EMPTY_MAP>
2019-10-24 04:19:42,802 [pool-47-thread-1] INFO  server.RaftServerConfigKeys (ConfUtils.java:logGet(43)) - raft.server.storage.dir = [/workdir/hadoop-ozone/integration-test/target/test-dir/MiniOzoneClusterImpl-130f5b65-2f93-4feb-bc6d-4f491c54915a/datanode-2/data/ratis] (custom)
2019-10-24 04:19:42,802 [pool-47-thread-1] INFO  server.RaftServerConfigKeys (ConfUtils.java:logGet(43)) - raft.server.log.corruption.policy = EXCEPTION (default)
2019-10-24 04:19:42,802 [pool-47-thread-1] INFO  storage.RaftStorageDirectory (RaftStorageDirectory.java:analyzeStorage(246)) - The storage directory /workdir/hadoop-ozone/integration-test/target/test-dir/MiniOzoneClusterImpl-130f5b65-2f93-4feb-bc6d-4f491c54915a/datanode-2/data/ratis/94e8b282-816c-40d1-8730-39432db2f660 does not exist. Creating ...
2019-10-24 04:19:42,812 [pool-47-thread-1] INFO  storage.RaftStorageDirectory (RaftStorageDirectory.java:tryLock(328)) - Lock on /workdir/hadoop-ozone/integration-test/target/test-dir/MiniOzoneClusterImpl-130f5b65-2f93-4feb-bc6d-4f491c54915a/datanode-2/data/ratis/94e8b282-816c-40d1-8730-39432db2f660/in_use.lock acquired by nodename 14263@pr-hdds-2354-xrwnf-3238337902
2019-10-24 04:19:42,828 [pool-47-thread-1] INFO  storage.RaftStorage (RaftStorage.java:format(84)) - Storage directory /workdir/hadoop-ozone/integration-test/target/test-dir/MiniOzoneClusterImpl-130f5b65-2f93-4feb-bc6d-4f491c54915a/datanode-2/data/ratis/94e8b282-816c-40d1-8730-39432db2f660 has been successfully formatted.
2019-10-24 04:19:42,829 [pool-47-thread-1] INFO  ratis.ContainerStateMachine (ContainerStateMachine.java:loadSnapshot(231)) - group-39432DB2F660: The snapshot info is null. Setting the last applied indexto:(t:0, i:~)
2019-10-24 04:19:42,830 [pool-47-thread-1] INFO  server.RaftServerConfigKeys (ConfUtils.java:logGet(43)) - raft.server.notification.no-leader.timeout = 1000s (custom)
2019-10-24 04:19:42,830 [pool-47-thread-1] INFO  server.RaftServerConfigKeys (ConfUtils.java:logGet(43)) - raft.server.log.use.memory = false (default)
2019-10-24 04:19:42,830 [pool-47-thread-1] INFO  server.RaftServerConfigKeys (ConfUtils.java:logGet(43)) - raft.server.log.purge.gap = 1000000 (custom)
2019-10-24 04:19:42,830 [pool-47-thread-1] INFO  server.RaftServerConfigKeys (ConfUtils.java:logGet(43)) - raft.server.log.appender.buffer.byte-limit = 33554432 (custom)
2019-10-24 04:19:42,830 [pool-47-thread-1] INFO  server.RaftServerConfigKeys (ConfUtils.java:logGet(43)) - raft.server.log.segment.size.max = 1048576 (custom)
2019-10-24 04:19:42,830 [pool-47-thread-1] WARN  impl.MetricRegistriesImpl (MetricRegistriesImpl.java:lambda$create$1(61)) - First MetricRegistry has been created without registering reporters. You may need to call MetricRegistries.global().addReportRegistration(...) before.
2019-10-24 04:19:42,831 [pool-47-thread-1] INFO  server.RaftServerConfigKeys (ConfUtils.java:logGet(43)) - raft.server.log.segment.cache.num.max = 2 (custom)
2019-10-24 04:19:42,831 [pool-47-thread-1] INFO  segmented.SegmentedRaftLogWorker (SegmentedRaftLogWorker.java:<init>(173)) - new 7770f8c7-01fb-43d9-b34c-02757d82bdbb@group-39432DB2F660-SegmentedRaftLogWorker for RaftStorage:Storage Directory /workdir/hadoop-ozone/integration-test/target/test-dir/MiniOzoneClusterImpl-130f5b65-2f93-4feb-bc6d-4f491c54915a/datanode-2/data/ratis/94e8b282-816c-40d1-8730-39432db2f660
2019-10-24 04:19:42,832 [pool-47-thread-1] INFO  server.RaftServerConfigKeys (ConfUtils.java:logGet(43)) - raft.server.log.queue.byte-limit = 2147483647 (custom)
2019-10-24 04:19:42,832 [pool-47-thread-1] INFO  server.RaftServerConfigKeys (ConfUtils.java:logGet(43)) - raft.server.log.queue.element-limit = 1024 (custom)
2019-10-24 04:19:42,832 [pool-47-thread-1] INFO  server.RaftServerConfigKeys (ConfUtils.java:logGet(43)) - raft.server.log.segment.size.max = 1048576 (custom)
2019-10-24 04:19:42,833 [pool-47-thread-1] INFO  server.RaftServerConfigKeys (ConfUtils.java:logGet(43)) - raft.server.log.preallocated.size = 16384 (custom)
2019-10-24 04:19:42,833 [pool-47-thread-1] INFO  server.RaftServerConfigKeys (ConfUtils.java:logGet(43)) - raft.server.log.write.buffer.size = 33554432 (custom)
2019-10-24 04:19:42,833 [pool-47-thread-1] INFO  server.RaftServerConfigKeys (ConfUtils.java:logGet(43)) - raft.server.log.force.sync.num = 128 (default)
2019-10-24 04:19:42,833 [pool-47-thread-1] INFO  server.RaftServerConfigKeys (ConfUtils.java:logGet(43)) - raft.server.log.statemachine.data.sync = true (default)
2019-10-24 04:19:42,833 [pool-47-thread-1] INFO  server.RaftServerConfigKeys (ConfUtils.java:logGet(43)) - raft.server.log.statemachine.data.sync.timeout = 10s (default)
2019-10-24 04:19:42,833 [pool-47-thread-1] INFO  server.RaftServerConfigKeys (ConfUtils.java:logGet(43)) - raft.server.log.statemachine.data.sync.timeout.retry = -1 (default)
2019-10-24 04:19:42,834 [pool-47-thread-1] INFO  server.RaftServerConfigKeys (ConfUtils.java:logGet(43)) - raft.server.log.statemachine.data.caching.enabled = true (custom)
2019-10-24 04:19:42,834 [pool-47-thread-1] INFO  segmented.SegmentedRaftLogWorker (SegmentedRaftLogWorker.java:lambda$new$0(128)) - 7770f8c7-01fb-43d9-b34c-02757d82bdbb@group-39432DB2F660-SegmentedRaftLogWorker: flushIndex: setUnconditionally 0 -> -1
2019-10-24 04:19:42,834 [pool-47-thread-1] INFO  server.RaftServerConfigKeys (ConfUtils.java:logGet(43)) - raft.server.snapshot.auto.trigger.enabled = true (custom)
2019-10-24 04:19:42,835 [pool-47-thread-1] INFO  server.RaftServerConfigKeys (ConfUtils.java:logGet(43)) - raft.server.snapshot.auto.trigger.threshold = 10000 (custom)
2019-10-24 04:19:42,835 [pool-47-thread-1] INFO  server.RaftServerConfigKeys (ConfUtils.java:logGet(43)) - raft.server.snapshot.retention.file.num = 5 (custom)
2019-10-24 04:19:42,835 [pool-47-thread-1] INFO  server.RaftServerConfigKeys (ConfUtils.java:logGet(43)) - raft.server.retrycache.expirytime = 600000ms (custom)
2019-10-24 04:19:42,835 [pool-47-thread-1] WARN  impl.MetricRegistriesImpl (MetricRegistriesImpl.java:lambda$create$1(61)) - First MetricRegistry has been created without registering reporters. You may need to call MetricRegistries.global().addReportRegistration(...) before.
2019-10-24 04:19:42,835 [pool-47-thread-1] WARN  impl.MetricRegistriesImpl (MetricRegistriesImpl.java:lambda$create$1(61)) - First MetricRegistry has been created without registering reporters. You may need to call MetricRegistries.global().addReportRegistration(...) before.
2019-10-24 04:19:42,835 [pool-47-thread-1] INFO  impl.RaftServerImpl (RaftServerImpl.java:start(184)) - 7770f8c7-01fb-43d9-b34c-02757d82bdbb@group-39432DB2F660: start as a follower, conf=-1: [7770f8c7-01fb-43d9-b34c-02757d82bdbb:192.168.69.119:34239], old=null
2019-10-24 04:19:42,836 [pool-47-thread-1] INFO  impl.RaftServerImpl (RaftServerImpl.java:setRole(173)) - 7770f8c7-01fb-43d9-b34c-02757d82bdbb@group-39432DB2F660: changes role from      null to FOLLOWER at term 0 for startAsFollower
2019-10-24 04:19:42,836 [pool-47-thread-1] INFO  impl.RoleInfo (RoleInfo.java:updateAndGet(143)) - 7770f8c7-01fb-43d9-b34c-02757d82bdbb: start FollowerState
2019-10-24 04:19:42,837 [pool-47-thread-1] INFO  util.JmxRegister (JmxRegister.java:tryRegister(44)) - Successfully registered JMX Bean with object name Ratis:service=RaftServer,group=group-39432DB2F660,id=7770f8c7-01fb-43d9-b34c-02757d82bdbb
2019-10-24 04:19:42,837 [pool-47-thread-1] WARN  impl.MetricRegistriesImpl (MetricRegistriesImpl.java:lambda$create$1(61)) - First MetricRegistry has been created without registering reporters. You may need to call MetricRegistries.global().addReportRegistration(...) before.
2019-10-24 04:19:42,845 [RatisPipelineUtilsThread] INFO  pipeline.PipelineStateManager (PipelineStateManager.java:addPipeline(56)) - Created pipeline Pipeline[ Id: 94e8b282-816c-40d1-8730-39432db2f660, Nodes: 7770f8c7-01fb-43d9-b34c-02757d82bdbb{ip: 192.168.69.119, host: pr-hdds-2354-xrwnf-3238337902, networkLocation: /default-rack, certSerialId: null}, Type:RATIS, Factor:ONE, State:OPEN]
2019-10-24 04:19:42,858 [grpc-default-executor-0] INFO  impl.RaftServerProxy (RaftServerProxy.java:addNew(89)) - e3498cd7-eaa3-4a2f-a67e-ea1e9c2005a9: addNew group-B4C8F076700A:[e3498cd7-eaa3-4a2f-a67e-ea1e9c2005a9:192.168.69.119:33836] returns group-B4C8F076700A:java.util.concurrent.CompletableFuture@20ecad5d[Not completed]
2019-10-24 04:19:42,870 [pool-37-thread-1] INFO  impl.RaftServerImpl (RaftServerImpl.java:<init>(98)) - e3498cd7-eaa3-4a2f-a67e-ea1e9c2005a9: new RaftServerImpl for group-B4C8F076700A:[e3498cd7-eaa3-4a2f-a67e-ea1e9c2005a9:192.168.69.119:33836] with ContainerStateMachine:uninitialized
2019-10-24 04:19:42,870 [pool-37-thread-1] INFO  server.RaftServerConfigKeys (ConfUtils.java:logGet(43)) - raft.server.rpc.timeout.min = 5s (custom)
2019-10-24 04:19:42,871 [pool-37-thread-1] INFO  server.RaftServerConfigKeys (ConfUtils.java:logGet(43)) - raft.server.rpc.timeout.max = 5200ms (custom)
2019-10-24 04:19:42,871 [pool-37-thread-1] INFO  server.RaftServerConfigKeys (ConfUtils.java:logGet(43)) - raft.server.rpcslowness.timeout = 1000s (custom)
2019-10-24 04:19:42,871 [pool-37-thread-1] INFO  server.RaftServerConfigKeys (ConfUtils.java:logGet(43)) - raft.server.sleep.deviation.threshold = 300 (default)
2019-10-24 04:19:42,871 [pool-37-thread-1] INFO  server.RaftServerConfigKeys (ConfUtils.java:logGet(43)) - raft.server.log.appender.install.snapshot.enabled = false (custom)
2019-10-24 04:19:42,871 [pool-37-thread-1] INFO  impl.RaftServerImpl (ServerState.java:<init>(103)) - e3498cd7-eaa3-4a2f-a67e-ea1e9c2005a9@group-B4C8F076700A: ConfigurationManager, init=-1: [e3498cd7-eaa3-4a2f-a67e-ea1e9c2005a9:192.168.69.119:33836], old=null, confs=<EMPTY_MAP>
2019-10-24 04:19:42,871 [pool-37-thread-1] INFO  server.RaftServerConfigKeys (ConfUtils.java:logGet(43)) - raft.server.storage.dir = [/workdir/hadoop-ozone/integration-test/target/test-dir/MiniOzoneClusterImpl-130f5b65-2f93-4feb-bc6d-4f491c54915a/datanode-1/data/ratis] (custom)
2019-10-24 04:19:42,871 [pool-37-thread-1] INFO  server.RaftServerConfigKeys (ConfUtils.java:logGet(43)) - raft.server.log.corruption.policy = EXCEPTION (default)
2019-10-24 04:19:42,872 [pool-37-thread-1] INFO  storage.RaftStorageDirectory (RaftStorageDirectory.java:analyzeStorage(246)) - The storage directory /workdir/hadoop-ozone/integration-test/target/test-dir/MiniOzoneClusterImpl-130f5b65-2f93-4feb-bc6d-4f491c54915a/datanode-1/data/ratis/6f31d686-3d80-4532-a065-b4c8f076700a does not exist. Creating ...
2019-10-24 04:19:42,887 [pool-37-thread-1] INFO  storage.RaftStorageDirectory (RaftStorageDirectory.java:tryLock(328)) - Lock on /workdir/hadoop-ozone/integration-test/target/test-dir/MiniOzoneClusterImpl-130f5b65-2f93-4feb-bc6d-4f491c54915a/datanode-1/data/ratis/6f31d686-3d80-4532-a065-b4c8f076700a/in_use.lock acquired by nodename 14263@pr-hdds-2354-xrwnf-3238337902
2019-10-24 04:19:42,897 [pool-37-thread-1] INFO  storage.RaftStorage (RaftStorage.java:format(84)) - Storage directory /workdir/hadoop-ozone/integration-test/target/test-dir/MiniOzoneClusterImpl-130f5b65-2f93-4feb-bc6d-4f491c54915a/datanode-1/data/ratis/6f31d686-3d80-4532-a065-b4c8f076700a has been successfully formatted.
2019-10-24 04:19:42,897 [pool-37-thread-1] INFO  ratis.ContainerStateMachine (ContainerStateMachine.java:loadSnapshot(231)) - group-B4C8F076700A: The snapshot info is null. Setting the last applied indexto:(t:0, i:~)
2019-10-24 04:19:42,897 [pool-37-thread-1] INFO  server.RaftServerConfigKeys (ConfUtils.java:logGet(43)) - raft.server.notification.no-leader.timeout = 1000s (custom)
2019-10-24 04:19:42,898 [pool-37-thread-1] INFO  server.RaftServerConfigKeys (ConfUtils.java:logGet(43)) - raft.server.log.use.memory = false (default)
2019-10-24 04:19:42,898 [pool-37-thread-1] INFO  server.RaftServerConfigKeys (ConfUtils.java:logGet(43)) - raft.server.log.purge.gap = 1000000 (custom)
2019-10-24 04:19:42,898 [pool-37-thread-1] INFO  server.RaftServerConfigKeys (ConfUtils.java:logGet(43)) - raft.server.log.appender.buffer.byte-limit = 33554432 (custom)
2019-10-24 04:19:42,898 [pool-37-thread-1] INFO  server.RaftServerConfigKeys (ConfUtils.java:logGet(43)) - raft.server.log.segment.size.max = 1048576 (custom)
2019-10-24 04:19:42,898 [pool-37-thread-1] WARN  impl.MetricRegistriesImpl (MetricRegistriesImpl.java:lambda$create$1(61)) - First MetricRegistry has been created without registering reporters. You may need to call MetricRegistries.global().addReportRegistration(...) before.
2019-10-24 04:19:42,898 [pool-37-thread-1] INFO  server.RaftServerConfigKeys (ConfUtils.java:logGet(43)) - raft.server.log.segment.cache.num.max = 2 (custom)
2019-10-24 04:19:42,898 [pool-37-thread-1] INFO  segmented.SegmentedRaftLogWorker (SegmentedRaftLogWorker.java:<init>(173)) - new e3498cd7-eaa3-4a2f-a67e-ea1e9c2005a9@group-B4C8F076700A-SegmentedRaftLogWorker for RaftStorage:Storage Directory /workdir/hadoop-ozone/integration-test/target/test-dir/MiniOzoneClusterImpl-130f5b65-2f93-4feb-bc6d-4f491c54915a/datanode-1/data/ratis/6f31d686-3d80-4532-a065-b4c8f076700a
2019-10-24 04:19:42,898 [pool-37-thread-1] INFO  server.RaftServerConfigKeys (ConfUtils.java:logGet(43)) - raft.server.log.queue.byte-limit = 2147483647 (custom)
2019-10-24 04:19:42,898 [pool-37-thread-1] INFO  server.RaftServerConfigKeys (ConfUtils.java:logGet(43)) - raft.server.log.queue.element-limit = 1024 (custom)
2019-10-24 04:19:42,899 [pool-37-thread-1] INFO  server.RaftServerConfigKeys (ConfUtils.java:logGet(43)) - raft.server.log.segment.size.max = 1048576 (custom)
2019-10-24 04:19:42,899 [pool-37-thread-1] INFO  server.RaftServerConfigKeys (ConfUtils.java:logGet(43)) - raft.server.log.preallocated.size = 16384 (custom)
2019-10-24 04:19:42,899 [pool-37-thread-1] INFO  server.RaftServerConfigKeys (ConfUtils.java:logGet(43)) - raft.server.log.write.buffer.size = 33554432 (custom)
2019-10-24 04:19:42,899 [pool-37-thread-1] INFO  server.RaftServerConfigKeys (ConfUtils.java:logGet(43)) - raft.server.log.force.sync.num = 128 (default)
2019-10-24 04:19:42,899 [pool-37-thread-1] INFO  server.RaftServerConfigKeys (ConfUtils.java:logGet(43)) - raft.server.log.statemachine.data.sync = true (default)
2019-10-24 04:19:42,899 [pool-37-thread-1] INFO  server.RaftServerConfigKeys (ConfUtils.java:logGet(43)) - raft.server.log.statemachine.data.sync.timeout = 10s (default)
2019-10-24 04:19:42,899 [pool-37-thread-1] INFO  server.RaftServerConfigKeys (ConfUtils.java:logGet(43)) - raft.server.log.statemachine.data.sync.timeout.retry = -1 (default)
2019-10-24 04:19:42,899 [pool-37-thread-1] INFO  server.RaftServerConfigKeys (ConfUtils.java:logGet(43)) - raft.server.log.statemachine.data.caching.enabled = true (custom)
2019-10-24 04:19:42,900 [pool-37-thread-1] INFO  segmented.SegmentedRaftLogWorker (SegmentedRaftLogWorker.java:lambda$new$0(128)) - e3498cd7-eaa3-4a2f-a67e-ea1e9c2005a9@group-B4C8F076700A-SegmentedRaftLogWorker: flushIndex: setUnconditionally 0 -> -1
2019-10-24 04:19:42,900 [pool-37-thread-1] INFO  server.RaftServerConfigKeys (ConfUtils.java:logGet(43)) - raft.server.snapshot.auto.trigger.enabled = true (custom)
2019-10-24 04:19:42,900 [pool-37-thread-1] INFO  server.RaftServerConfigKeys (ConfUtils.java:logGet(43)) - raft.server.snapshot.auto.trigger.threshold = 10000 (custom)
2019-10-24 04:19:42,900 [pool-37-thread-1] INFO  server.RaftServerConfigKeys (ConfUtils.java:logGet(43)) - raft.server.snapshot.retention.file.num = 5 (custom)
2019-10-24 04:19:42,900 [pool-37-thread-1] INFO  server.RaftServerConfigKeys (ConfUtils.java:logGet(43)) - raft.server.retrycache.expirytime = 600000ms (custom)
2019-10-24 04:19:42,901 [pool-37-thread-1] WARN  impl.MetricRegistriesImpl (MetricRegistriesImpl.java:lambda$create$1(61)) - First MetricRegistry has been created without registering reporters. You may need to call MetricRegistries.global().addReportRegistration(...) before.
2019-10-24 04:19:42,901 [pool-37-thread-1] WARN  impl.MetricRegistriesImpl (MetricRegistriesImpl.java:lambda$create$1(61)) - First MetricRegistry has been created without registering reporters. You may need to call MetricRegistries.global().addReportRegistration(...) before.
2019-10-24 04:19:42,901 [pool-37-thread-1] INFO  impl.RaftServerImpl (RaftServerImpl.java:start(184)) - e3498cd7-eaa3-4a2f-a67e-ea1e9c2005a9@group-B4C8F076700A: start as a follower, conf=-1: [e3498cd7-eaa3-4a2f-a67e-ea1e9c2005a9:192.168.69.119:33836], old=null
2019-10-24 04:19:42,901 [pool-37-thread-1] INFO  impl.RaftServerImpl (RaftServerImpl.java:setRole(173)) - e3498cd7-eaa3-4a2f-a67e-ea1e9c2005a9@group-B4C8F076700A: changes role from      null to FOLLOWER at term 0 for startAsFollower
2019-10-24 04:19:42,901 [pool-37-thread-1] INFO  impl.RoleInfo (RoleInfo.java:updateAndGet(143)) - e3498cd7-eaa3-4a2f-a67e-ea1e9c2005a9: start FollowerState
2019-10-24 04:19:42,902 [pool-37-thread-1] INFO  util.JmxRegister (JmxRegister.java:tryRegister(44)) - Successfully registered JMX Bean with object name Ratis:service=RaftServer,group=group-B4C8F076700A,id=e3498cd7-eaa3-4a2f-a67e-ea1e9c2005a9
2019-10-24 04:19:42,902 [pool-37-thread-1] WARN  impl.MetricRegistriesImpl (MetricRegistriesImpl.java:lambda$create$1(61)) - First MetricRegistry has been created without registering reporters. You may need to call MetricRegistries.global().addReportRegistration(...) before.
2019-10-24 04:19:42,909 [RatisPipelineUtilsThread] INFO  pipeline.PipelineStateManager (PipelineStateManager.java:addPipeline(56)) - Created pipeline Pipeline[ Id: 6f31d686-3d80-4532-a065-b4c8f076700a, Nodes: e3498cd7-eaa3-4a2f-a67e-ea1e9c2005a9{ip: 192.168.69.119, host: pr-hdds-2354-xrwnf-3238337902, networkLocation: /default-rack, certSerialId: null}, Type:RATIS, Factor:ONE, State:OPEN]
2019-10-24 04:19:42,929 [grpc-default-executor-2] INFO  impl.RaftServerProxy (RaftServerProxy.java:addNew(89)) - e3498cd7-eaa3-4a2f-a67e-ea1e9c2005a9: addNew group-74CCE82B9A43:[061ed049-4de7-4292-8db3-b6c544105954:192.168.69.119:41000, 7770f8c7-01fb-43d9-b34c-02757d82bdbb:192.168.69.119:34239, e3498cd7-eaa3-4a2f-a67e-ea1e9c2005a9:192.168.69.119:33836] returns group-74CCE82B9A43:java.util.concurrent.CompletableFuture@72adde76[Not completed]
2019-10-24 04:19:42,929 [grpc-default-executor-1] INFO  impl.RaftServerProxy (RaftServerProxy.java:addNew(89)) - 061ed049-4de7-4292-8db3-b6c544105954: addNew group-74CCE82B9A43:[061ed049-4de7-4292-8db3-b6c544105954:192.168.69.119:41000, 7770f8c7-01fb-43d9-b34c-02757d82bdbb:192.168.69.119:34239, e3498cd7-eaa3-4a2f-a67e-ea1e9c2005a9:192.168.69.119:33836] returns group-74CCE82B9A43:java.util.concurrent.CompletableFuture@52c68d46[Not completed]
2019-10-24 04:19:42,932 [grpc-default-executor-1] INFO  impl.RaftServerProxy (RaftServerProxy.java:addNew(89)) - 7770f8c7-01fb-43d9-b34c-02757d82bdbb: addNew group-74CCE82B9A43:[061ed049-4de7-4292-8db3-b6c544105954:192.168.69.119:41000, 7770f8c7-01fb-43d9-b34c-02757d82bdbb:192.168.69.119:34239, e3498cd7-eaa3-4a2f-a67e-ea1e9c2005a9:192.168.69.119:33836] returns group-74CCE82B9A43:java.util.concurrent.CompletableFuture@17c4097a[Not completed]
2019-10-24 04:19:42,932 [pool-37-thread-1] INFO  impl.RaftServerImpl (RaftServerImpl.java:<init>(98)) - e3498cd7-eaa3-4a2f-a67e-ea1e9c2005a9: new RaftServerImpl for group-74CCE82B9A43:[061ed049-4de7-4292-8db3-b6c544105954:192.168.69.119:41000, 7770f8c7-01fb-43d9-b34c-02757d82bdbb:192.168.69.119:34239, e3498cd7-eaa3-4a2f-a67e-ea1e9c2005a9:192.168.69.119:33836] with ContainerStateMachine:uninitialized
2019-10-24 04:19:42,932 [pool-37-thread-1] INFO  server.RaftServerConfigKeys (ConfUtils.java:logGet(43)) - raft.server.rpc.timeout.min = 5s (custom)
2019-10-24 04:19:42,932 [pool-37-thread-1] INFO  server.RaftServerConfigKeys (ConfUtils.java:logGet(43)) - raft.server.rpc.timeout.max = 5200ms (custom)
2019-10-24 04:19:42,932 [pool-37-thread-1] INFO  server.RaftServerConfigKeys (ConfUtils.java:logGet(43)) - raft.server.rpcslowness.timeout = 1000s (custom)
2019-10-24 04:19:42,932 [pool-37-thread-1] INFO  server.RaftServerConfigKeys (ConfUtils.java:logGet(43)) - raft.server.sleep.deviation.threshold = 300 (default)
2019-10-24 04:19:42,933 [pool-37-thread-1] INFO  server.RaftServerConfigKeys (ConfUtils.java:logGet(43)) - raft.server.log.appender.install.snapshot.enabled = false (custom)
2019-10-24 04:19:42,933 [pool-37-thread-1] INFO  impl.RaftServerImpl (ServerState.java:<init>(103)) - e3498cd7-eaa3-4a2f-a67e-ea1e9c2005a9@group-74CCE82B9A43: ConfigurationManager, init=-1: [061ed049-4de7-4292-8db3-b6c544105954:192.168.69.119:41000, 7770f8c7-01fb-43d9-b34c-02757d82bdbb:192.168.69.119:34239, e3498cd7-eaa3-4a2f-a67e-ea1e9c2005a9:192.168.69.119:33836], old=null, confs=<EMPTY_MAP>
2019-10-24 04:19:42,933 [pool-27-thread-1] INFO  impl.RaftServerImpl (RaftServerImpl.java:<init>(98)) - 061ed049-4de7-4292-8db3-b6c544105954: new RaftServerImpl for group-74CCE82B9A43:[061ed049-4de7-4292-8db3-b6c544105954:192.168.69.119:41000, 7770f8c7-01fb-43d9-b34c-02757d82bdbb:192.168.69.119:34239, e3498cd7-eaa3-4a2f-a67e-ea1e9c2005a9:192.168.69.119:33836] with ContainerStateMachine:uninitialized
2019-10-24 04:19:42,933 [pool-37-thread-1] INFO  server.RaftServerConfigKeys (ConfUtils.java:logGet(43)) - raft.server.storage.dir = [/workdir/hadoop-ozone/integration-test/target/test-dir/MiniOzoneClusterImpl-130f5b65-2f93-4feb-bc6d-4f491c54915a/datanode-1/data/ratis] (custom)
2019-10-24 04:19:42,933 [pool-27-thread-1] INFO  server.RaftServerConfigKeys (ConfUtils.java:logGet(43)) - raft.server.rpc.timeout.min = 5s (custom)
2019-10-24 04:19:42,933 [pool-27-thread-1] INFO  server.RaftServerConfigKeys (ConfUtils.java:logGet(43)) - raft.server.rpc.timeout.max = 5200ms (custom)
2019-10-24 04:19:42,933 [pool-37-thread-1] INFO  server.RaftServerConfigKeys (ConfUtils.java:logGet(43)) - raft.server.log.corruption.policy = EXCEPTION (default)
2019-10-24 04:19:42,933 [pool-27-thread-1] INFO  server.RaftServerConfigKeys (ConfUtils.java:logGet(43)) - raft.server.rpcslowness.timeout = 1000s (custom)
2019-10-24 04:19:42,933 [pool-27-thread-1] INFO  server.RaftServerConfigKeys (ConfUtils.java:logGet(43)) - raft.server.sleep.deviation.threshold = 300 (default)
2019-10-24 04:19:42,933 [pool-37-thread-1] INFO  storage.RaftStorageDirectory (RaftStorageDirectory.java:analyzeStorage(246)) - The storage directory /workdir/hadoop-ozone/integration-test/target/test-dir/MiniOzoneClusterImpl-130f5b65-2f93-4feb-bc6d-4f491c54915a/datanode-1/data/ratis/9f202be1-23c1-4e96-9103-74cce82b9a43 does not exist. Creating ...
2019-10-24 04:19:42,933 [pool-27-thread-1] INFO  server.RaftServerConfigKeys (ConfUtils.java:logGet(43)) - raft.server.log.appender.install.snapshot.enabled = false (custom)
2019-10-24 04:19:42,934 [pool-47-thread-1] INFO  impl.RaftServerImpl (RaftServerImpl.java:<init>(98)) - 7770f8c7-01fb-43d9-b34c-02757d82bdbb: new RaftServerImpl for group-74CCE82B9A43:[061ed049-4de7-4292-8db3-b6c544105954:192.168.69.119:41000, 7770f8c7-01fb-43d9-b34c-02757d82bdbb:192.168.69.119:34239, e3498cd7-eaa3-4a2f-a67e-ea1e9c2005a9:192.168.69.119:33836] with ContainerStateMachine:uninitialized
2019-10-24 04:19:42,934 [pool-27-thread-1] INFO  impl.RaftServerImpl (ServerState.java:<init>(103)) - 061ed049-4de7-4292-8db3-b6c544105954@group-74CCE82B9A43: ConfigurationManager, init=-1: [061ed049-4de7-4292-8db3-b6c544105954:192.168.69.119:41000, 7770f8c7-01fb-43d9-b34c-02757d82bdbb:192.168.69.119:34239, e3498cd7-eaa3-4a2f-a67e-ea1e9c2005a9:192.168.69.119:33836], old=null, confs=<EMPTY_MAP>
2019-10-24 04:19:42,934 [pool-47-thread-1] INFO  server.RaftServerConfigKeys (ConfUtils.java:logGet(43)) - raft.server.rpc.timeout.min = 5s (custom)
2019-10-24 04:19:42,934 [pool-27-thread-1] INFO  server.RaftServerConfigKeys (ConfUtils.java:logGet(43)) - raft.server.storage.dir = [/workdir/hadoop-ozone/integration-test/target/test-dir/MiniOzoneClusterImpl-130f5b65-2f93-4feb-bc6d-4f491c54915a/datanode-0/data/ratis] (custom)
2019-10-24 04:19:42,934 [pool-47-thread-1] INFO  server.RaftServerConfigKeys (ConfUtils.java:logGet(43)) - raft.server.rpc.timeout.max = 5200ms (custom)
2019-10-24 04:19:42,934 [pool-27-thread-1] INFO  server.RaftServerConfigKeys (ConfUtils.java:logGet(43)) - raft.server.log.corruption.policy = EXCEPTION (default)
2019-10-24 04:19:42,934 [pool-47-thread-1] INFO  server.RaftServerConfigKeys (ConfUtils.java:logGet(43)) - raft.server.rpcslowness.timeout = 1000s (custom)
2019-10-24 04:19:42,934 [pool-27-thread-1] INFO  storage.RaftStorageDirectory (RaftStorageDirectory.java:analyzeStorage(246)) - The storage directory /workdir/hadoop-ozone/integration-test/target/test-dir/MiniOzoneClusterImpl-130f5b65-2f93-4feb-bc6d-4f491c54915a/datanode-0/data/ratis/9f202be1-23c1-4e96-9103-74cce82b9a43 does not exist. Creating ...
2019-10-24 04:19:42,934 [pool-47-thread-1] INFO  server.RaftServerConfigKeys (ConfUtils.java:logGet(43)) - raft.server.sleep.deviation.threshold = 300 (default)
2019-10-24 04:19:42,934 [pool-47-thread-1] INFO  server.RaftServerConfigKeys (ConfUtils.java:logGet(43)) - raft.server.log.appender.install.snapshot.enabled = false (custom)
2019-10-24 04:19:42,935 [pool-47-thread-1] INFO  impl.RaftServerImpl (ServerState.java:<init>(103)) - 7770f8c7-01fb-43d9-b34c-02757d82bdbb@group-74CCE82B9A43: ConfigurationManager, init=-1: [061ed049-4de7-4292-8db3-b6c544105954:192.168.69.119:41000, 7770f8c7-01fb-43d9-b34c-02757d82bdbb:192.168.69.119:34239, e3498cd7-eaa3-4a2f-a67e-ea1e9c2005a9:192.168.69.119:33836], old=null, confs=<EMPTY_MAP>
2019-10-24 04:19:42,935 [pool-47-thread-1] INFO  server.RaftServerConfigKeys (ConfUtils.java:logGet(43)) - raft.server.storage.dir = [/workdir/hadoop-ozone/integration-test/target/test-dir/MiniOzoneClusterImpl-130f5b65-2f93-4feb-bc6d-4f491c54915a/datanode-2/data/ratis] (custom)
2019-10-24 04:19:42,935 [pool-47-thread-1] INFO  server.RaftServerConfigKeys (ConfUtils.java:logGet(43)) - raft.server.log.corruption.policy = EXCEPTION (default)
2019-10-24 04:19:42,935 [pool-47-thread-1] INFO  storage.RaftStorageDirectory (RaftStorageDirectory.java:analyzeStorage(246)) - The storage directory /workdir/hadoop-ozone/integration-test/target/test-dir/MiniOzoneClusterImpl-130f5b65-2f93-4feb-bc6d-4f491c54915a/datanode-2/data/ratis/9f202be1-23c1-4e96-9103-74cce82b9a43 does not exist. Creating ...
2019-10-24 04:19:42,957 [pool-47-thread-1] INFO  storage.RaftStorageDirectory (RaftStorageDirectory.java:tryLock(328)) - Lock on /workdir/hadoop-ozone/integration-test/target/test-dir/MiniOzoneClusterImpl-130f5b65-2f93-4feb-bc6d-4f491c54915a/datanode-2/data/ratis/9f202be1-23c1-4e96-9103-74cce82b9a43/in_use.lock acquired by nodename 14263@pr-hdds-2354-xrwnf-3238337902
2019-10-24 04:19:42,957 [pool-27-thread-1] INFO  storage.RaftStorageDirectory (RaftStorageDirectory.java:tryLock(328)) - Lock on /workdir/hadoop-ozone/integration-test/target/test-dir/MiniOzoneClusterImpl-130f5b65-2f93-4feb-bc6d-4f491c54915a/datanode-0/data/ratis/9f202be1-23c1-4e96-9103-74cce82b9a43/in_use.lock acquired by nodename 14263@pr-hdds-2354-xrwnf-3238337902
2019-10-24 04:19:42,957 [pool-37-thread-1] INFO  storage.RaftStorageDirectory (RaftStorageDirectory.java:tryLock(328)) - Lock on /workdir/hadoop-ozone/integration-test/target/test-dir/MiniOzoneClusterImpl-130f5b65-2f93-4feb-bc6d-4f491c54915a/datanode-1/data/ratis/9f202be1-23c1-4e96-9103-74cce82b9a43/in_use.lock acquired by nodename 14263@pr-hdds-2354-xrwnf-3238337902
2019-10-24 04:19:42,977 [pool-37-thread-1] INFO  storage.RaftStorage (RaftStorage.java:format(84)) - Storage directory /workdir/hadoop-ozone/integration-test/target/test-dir/MiniOzoneClusterImpl-130f5b65-2f93-4feb-bc6d-4f491c54915a/datanode-1/data/ratis/9f202be1-23c1-4e96-9103-74cce82b9a43 has been successfully formatted.
2019-10-24 04:19:42,977 [pool-47-thread-1] INFO  storage.RaftStorage (RaftStorage.java:format(84)) - Storage directory /workdir/hadoop-ozone/integration-test/target/test-dir/MiniOzoneClusterImpl-130f5b65-2f93-4feb-bc6d-4f491c54915a/datanode-2/data/ratis/9f202be1-23c1-4e96-9103-74cce82b9a43 has been successfully formatted.
2019-10-24 04:19:42,977 [pool-27-thread-1] INFO  storage.RaftStorage (RaftStorage.java:format(84)) - Storage directory /workdir/hadoop-ozone/integration-test/target/test-dir/MiniOzoneClusterImpl-130f5b65-2f93-4feb-bc6d-4f491c54915a/datanode-0/data/ratis/9f202be1-23c1-4e96-9103-74cce82b9a43 has been successfully formatted.
2019-10-24 04:19:42,977 [pool-37-thread-1] INFO  ratis.ContainerStateMachine (ContainerStateMachine.java:loadSnapshot(231)) - group-74CCE82B9A43: The snapshot info is null. Setting the last applied indexto:(t:0, i:~)
2019-10-24 04:19:42,978 [pool-27-thread-1] INFO  ratis.ContainerStateMachine (ContainerStateMachine.java:loadSnapshot(231)) - group-74CCE82B9A43: The snapshot info is null. Setting the last applied indexto:(t:0, i:~)
2019-10-24 04:19:42,978 [pool-47-thread-1] INFO  ratis.ContainerStateMachine (ContainerStateMachine.java:loadSnapshot(231)) - group-74CCE82B9A43: The snapshot info is null. Setting the last applied indexto:(t:0, i:~)
2019-10-24 04:19:42,978 [pool-27-thread-1] INFO  server.RaftServerConfigKeys (ConfUtils.java:logGet(43)) - raft.server.notification.no-leader.timeout = 1000s (custom)
2019-10-24 04:19:42,978 [pool-37-thread-1] INFO  server.RaftServerConfigKeys (ConfUtils.java:logGet(43)) - raft.server.notification.no-leader.timeout = 1000s (custom)
2019-10-24 04:19:42,978 [pool-27-thread-1] INFO  server.RaftServerConfigKeys (ConfUtils.java:logGet(43)) - raft.server.log.use.memory = false (default)
2019-10-24 04:19:42,978 [pool-47-thread-1] INFO  server.RaftServerConfigKeys (ConfUtils.java:logGet(43)) - raft.server.notification.no-leader.timeout = 1000s (custom)
2019-10-24 04:19:42,978 [pool-27-thread-1] INFO  server.RaftServerConfigKeys (ConfUtils.java:logGet(43)) - raft.server.log.purge.gap = 1000000 (custom)
2019-10-24 04:19:42,978 [pool-37-thread-1] INFO  server.RaftServerConfigKeys (ConfUtils.java:logGet(43)) - raft.server.log.use.memory = false (default)
2019-10-24 04:19:42,978 [pool-27-thread-1] INFO  server.RaftServerConfigKeys (ConfUtils.java:logGet(43)) - raft.server.log.appender.buffer.byte-limit = 33554432 (custom)
2019-10-24 04:19:42,978 [pool-37-thread-1] INFO  server.RaftServerConfigKeys (ConfUtils.java:logGet(43)) - raft.server.log.purge.gap = 1000000 (custom)
2019-10-24 04:19:42,978 [pool-47-thread-1] INFO  server.RaftServerConfigKeys (ConfUtils.java:logGet(43)) - raft.server.log.use.memory = false (default)
2019-10-24 04:19:42,978 [pool-37-thread-1] INFO  server.RaftServerConfigKeys (ConfUtils.java:logGet(43)) - raft.server.log.appender.buffer.byte-limit = 33554432 (custom)
2019-10-24 04:19:42,978 [pool-27-thread-1] INFO  server.RaftServerConfigKeys (ConfUtils.java:logGet(43)) - raft.server.log.segment.size.max = 1048576 (custom)
2019-10-24 04:19:42,979 [pool-37-thread-1] INFO  server.RaftServerConfigKeys (ConfUtils.java:logGet(43)) - raft.server.log.segment.size.max = 1048576 (custom)
2019-10-24 04:19:42,979 [pool-27-thread-1] INFO  server.RaftServerConfigKeys (ConfUtils.java:logGet(43)) - raft.server.log.segment.cache.num.max = 2 (custom)
2019-10-24 04:19:42,979 [pool-47-thread-1] INFO  server.RaftServerConfigKeys (ConfUtils.java:logGet(43)) - raft.server.log.purge.gap = 1000000 (custom)
2019-10-24 04:19:42,979 [pool-27-thread-1] INFO  segmented.SegmentedRaftLogWorker (SegmentedRaftLogWorker.java:<init>(173)) - new 061ed049-4de7-4292-8db3-b6c544105954@group-74CCE82B9A43-SegmentedRaftLogWorker for RaftStorage:Storage Directory /workdir/hadoop-ozone/integration-test/target/test-dir/MiniOzoneClusterImpl-130f5b65-2f93-4feb-bc6d-4f491c54915a/datanode-0/data/ratis/9f202be1-23c1-4e96-9103-74cce82b9a43
2019-10-24 04:19:42,979 [pool-37-thread-1] INFO  server.RaftServerConfigKeys (ConfUtils.java:logGet(43)) - raft.server.log.segment.cache.num.max = 2 (custom)
2019-10-24 04:19:42,979 [pool-27-thread-1] INFO  server.RaftServerConfigKeys (ConfUtils.java:logGet(43)) - raft.server.log.queue.byte-limit = 2147483647 (custom)
2019-10-24 04:19:42,979 [pool-47-thread-1] INFO  server.RaftServerConfigKeys (ConfUtils.java:logGet(43)) - raft.server.log.appender.buffer.byte-limit = 33554432 (custom)
2019-10-24 04:19:42,979 [pool-27-thread-1] INFO  server.RaftServerConfigKeys (ConfUtils.java:logGet(43)) - raft.server.log.queue.element-limit = 1024 (custom)
2019-10-24 04:19:42,979 [pool-37-thread-1] INFO  segmented.SegmentedRaftLogWorker (SegmentedRaftLogWorker.java:<init>(173)) - new e3498cd7-eaa3-4a2f-a67e-ea1e9c2005a9@group-74CCE82B9A43-SegmentedRaftLogWorker for RaftStorage:Storage Directory /workdir/hadoop-ozone/integration-test/target/test-dir/MiniOzoneClusterImpl-130f5b65-2f93-4feb-bc6d-4f491c54915a/datanode-1/data/ratis/9f202be1-23c1-4e96-9103-74cce82b9a43
2019-10-24 04:19:42,979 [pool-27-thread-1] INFO  server.RaftServerConfigKeys (ConfUtils.java:logGet(43)) - raft.server.log.segment.size.max = 1048576 (custom)
2019-10-24 04:19:42,979 [pool-47-thread-1] INFO  server.RaftServerConfigKeys (ConfUtils.java:logGet(43)) - raft.server.log.segment.size.max = 1048576 (custom)
2019-10-24 04:19:42,980 [pool-27-thread-1] INFO  server.RaftServerConfigKeys (ConfUtils.java:logGet(43)) - raft.server.log.preallocated.size = 16384 (custom)
2019-10-24 04:19:42,980 [pool-37-thread-1] INFO  server.RaftServerConfigKeys (ConfUtils.java:logGet(43)) - raft.server.log.queue.byte-limit = 2147483647 (custom)
2019-10-24 04:19:42,980 [pool-27-thread-1] INFO  server.RaftServerConfigKeys (ConfUtils.java:logGet(43)) - raft.server.log.write.buffer.size = 33554432 (custom)
2019-10-24 04:19:42,980 [pool-47-thread-1] INFO  server.RaftServerConfigKeys (ConfUtils.java:logGet(43)) - raft.server.log.segment.cache.num.max = 2 (custom)
2019-10-24 04:19:42,980 [pool-27-thread-1] INFO  server.RaftServerConfigKeys (ConfUtils.java:logGet(43)) - raft.server.log.force.sync.num = 128 (default)
2019-10-24 04:19:42,980 [pool-37-thread-1] INFO  server.RaftServerConfigKeys (ConfUtils.java:logGet(43)) - raft.server.log.queue.element-limit = 1024 (custom)
2019-10-24 04:19:42,980 [pool-27-thread-1] INFO  server.RaftServerConfigKeys (ConfUtils.java:logGet(43)) - raft.server.log.statemachine.data.sync = true (default)
2019-10-24 04:19:42,980 [pool-47-thread-1] INFO  segmented.SegmentedRaftLogWorker (SegmentedRaftLogWorker.java:<init>(173)) - new 7770f8c7-01fb-43d9-b34c-02757d82bdbb@group-74CCE82B9A43-SegmentedRaftLogWorker for RaftStorage:Storage Directory /workdir/hadoop-ozone/integration-test/target/test-dir/MiniOzoneClusterImpl-130f5b65-2f93-4feb-bc6d-4f491c54915a/datanode-2/data/ratis/9f202be1-23c1-4e96-9103-74cce82b9a43
2019-10-24 04:19:42,980 [pool-27-thread-1] INFO  server.RaftServerConfigKeys (ConfUtils.java:logGet(43)) - raft.server.log.statemachine.data.sync.timeout = 10s (default)
2019-10-24 04:19:42,980 [pool-37-thread-1] INFO  server.RaftServerConfigKeys (ConfUtils.java:logGet(43)) - raft.server.log.segment.size.max = 1048576 (custom)
2019-10-24 04:19:42,980 [pool-27-thread-1] INFO  server.RaftServerConfigKeys (ConfUtils.java:logGet(43)) - raft.server.log.statemachine.data.sync.timeout.retry = -1 (default)
2019-10-24 04:19:42,980 [pool-47-thread-1] INFO  server.RaftServerConfigKeys (ConfUtils.java:logGet(43)) - raft.server.log.queue.byte-limit = 2147483647 (custom)
2019-10-24 04:19:42,981 [pool-37-thread-1] INFO  server.RaftServerConfigKeys (ConfUtils.java:logGet(43)) - raft.server.log.preallocated.size = 16384 (custom)
2019-10-24 04:19:42,981 [pool-27-thread-1] INFO  server.RaftServerConfigKeys (ConfUtils.java:logGet(43)) - raft.server.log.statemachine.data.caching.enabled = true (custom)
2019-10-24 04:19:42,981 [pool-47-thread-1] INFO  server.RaftServerConfigKeys (ConfUtils.java:logGet(43)) - raft.server.log.queue.element-limit = 1024 (custom)
2019-10-24 04:19:42,981 [pool-37-thread-1] INFO  server.RaftServerConfigKeys (ConfUtils.java:logGet(43)) - raft.server.log.write.buffer.size = 33554432 (custom)
2019-10-24 04:19:42,981 [pool-47-thread-1] INFO  server.RaftServerConfigKeys (ConfUtils.java:logGet(43)) - raft.server.log.segment.size.max = 1048576 (custom)
2019-10-24 04:19:42,981 [pool-27-thread-1] INFO  segmented.SegmentedRaftLogWorker (SegmentedRaftLogWorker.java:lambda$new$0(128)) - 061ed049-4de7-4292-8db3-b6c544105954@group-74CCE82B9A43-SegmentedRaftLogWorker: flushIndex: setUnconditionally 0 -> -1
2019-10-24 04:19:42,981 [pool-37-thread-1] INFO  server.RaftServerConfigKeys (ConfUtils.java:logGet(43)) - raft.server.log.force.sync.num = 128 (default)
2019-10-24 04:19:42,981 [pool-47-thread-1] INFO  server.RaftServerConfigKeys (ConfUtils.java:logGet(43)) - raft.server.log.preallocated.size = 16384 (custom)
2019-10-24 04:19:42,981 [pool-27-thread-1] INFO  server.RaftServerConfigKeys (ConfUtils.java:logGet(43)) - raft.server.snapshot.auto.trigger.enabled = true (custom)
2019-10-24 04:19:42,981 [pool-37-thread-1] INFO  server.RaftServerConfigKeys (ConfUtils.java:logGet(43)) - raft.server.log.statemachine.data.sync = true (default)
2019-10-24 04:19:42,982 [pool-27-thread-1] INFO  server.RaftServerConfigKeys (ConfUtils.java:logGet(43)) - raft.server.snapshot.auto.trigger.threshold = 10000 (custom)
2019-10-24 04:19:42,982 [pool-47-thread-1] INFO  server.RaftServerConfigKeys (ConfUtils.java:logGet(43)) - raft.server.log.write.buffer.size = 33554432 (custom)
2019-10-24 04:19:42,982 [pool-27-thread-1] INFO  server.RaftServerConfigKeys (ConfUtils.java:logGet(43)) - raft.server.snapshot.retention.file.num = 5 (custom)
2019-10-24 04:19:42,982 [pool-37-thread-1] INFO  server.RaftServerConfigKeys (ConfUtils.java:logGet(43)) - raft.server.log.statemachine.data.sync.timeout = 10s (default)
2019-10-24 04:19:42,982 [pool-47-thread-1] INFO  server.RaftServerConfigKeys (ConfUtils.java:logGet(43)) - raft.server.log.force.sync.num = 128 (default)
2019-10-24 04:19:42,982 [pool-27-thread-1] INFO  server.RaftServerConfigKeys (ConfUtils.java:logGet(43)) - raft.server.retrycache.expirytime = 600000ms (custom)
2019-10-24 04:19:42,982 [pool-37-thread-1] INFO  server.RaftServerConfigKeys (ConfUtils.java:logGet(43)) - raft.server.log.statemachine.data.sync.timeout.retry = -1 (default)
2019-10-24 04:19:42,982 [pool-27-thread-1] WARN  impl.MetricRegistriesImpl (MetricRegistriesImpl.java:lambda$create$1(61)) - First MetricRegistry has been created without registering reporters. You may need to call MetricRegistries.global().addReportRegistration(...) before.
2019-10-24 04:19:42,982 [pool-47-thread-1] INFO  server.RaftServerConfigKeys (ConfUtils.java:logGet(43)) - raft.server.log.statemachine.data.sync = true (default)
2019-10-24 04:19:42,983 [pool-27-thread-1] WARN  impl.MetricRegistriesImpl (MetricRegistriesImpl.java:lambda$create$1(61)) - First MetricRegistry has been created without registering reporters. You may need to call MetricRegistries.global().addReportRegistration(...) before.
2019-10-24 04:19:42,982 [pool-37-thread-1] INFO  server.RaftServerConfigKeys (ConfUtils.java:logGet(43)) - raft.server.log.statemachine.data.caching.enabled = true (custom)
2019-10-24 04:19:42,983 [pool-47-thread-1] INFO  server.RaftServerConfigKeys (ConfUtils.java:logGet(43)) - raft.server.log.statemachine.data.sync.timeout = 10s (default)
2019-10-24 04:19:42,983 [pool-27-thread-1] INFO  impl.RaftServerImpl (RaftServerImpl.java:start(184)) - 061ed049-4de7-4292-8db3-b6c544105954@group-74CCE82B9A43: start as a follower, conf=-1: [061ed049-4de7-4292-8db3-b6c544105954:192.168.69.119:41000, 7770f8c7-01fb-43d9-b34c-02757d82bdbb:192.168.69.119:34239, e3498cd7-eaa3-4a2f-a67e-ea1e9c2005a9:192.168.69.119:33836], old=null
2019-10-24 04:19:42,983 [pool-37-thread-1] INFO  segmented.SegmentedRaftLogWorker (SegmentedRaftLogWorker.java:lambda$new$0(128)) - e3498cd7-eaa3-4a2f-a67e-ea1e9c2005a9@group-74CCE82B9A43-SegmentedRaftLogWorker: flushIndex: setUnconditionally 0 -> -1
2019-10-24 04:19:42,983 [pool-47-thread-1] INFO  server.RaftServerConfigKeys (ConfUtils.java:logGet(43)) - raft.server.log.statemachine.data.sync.timeout.retry = -1 (default)
2019-10-24 04:19:42,983 [pool-27-thread-1] INFO  impl.RaftServerImpl (RaftServerImpl.java:setRole(173)) - 061ed049-4de7-4292-8db3-b6c544105954@group-74CCE82B9A43: changes role from      null to FOLLOWER at term 0 for startAsFollower
2019-10-24 04:19:42,983 [pool-37-thread-1] INFO  server.RaftServerConfigKeys (ConfUtils.java:logGet(43)) - raft.server.snapshot.auto.trigger.enabled = true (custom)
2019-10-24 04:19:42,983 [pool-47-thread-1] INFO  server.RaftServerConfigKeys (ConfUtils.java:logGet(43)) - raft.server.log.statemachine.data.caching.enabled = true (custom)
2019-10-24 04:19:42,983 [pool-37-thread-1] INFO  server.RaftServerConfigKeys (ConfUtils.java:logGet(43)) - raft.server.snapshot.auto.trigger.threshold = 10000 (custom)
2019-10-24 04:19:42,983 [pool-27-thread-1] INFO  impl.RoleInfo (RoleInfo.java:updateAndGet(143)) - 061ed049-4de7-4292-8db3-b6c544105954: start FollowerState
2019-10-24 04:19:42,984 [pool-47-thread-1] INFO  segmented.SegmentedRaftLogWorker (SegmentedRaftLogWorker.java:lambda$new$0(128)) - 7770f8c7-01fb-43d9-b34c-02757d82bdbb@group-74CCE82B9A43-SegmentedRaftLogWorker: flushIndex: setUnconditionally 0 -> -1
2019-10-24 04:19:42,984 [pool-37-thread-1] INFO  server.RaftServerConfigKeys (ConfUtils.java:logGet(43)) - raft.server.snapshot.retention.file.num = 5 (custom)
2019-10-24 04:19:42,984 [pool-47-thread-1] INFO  server.RaftServerConfigKeys (ConfUtils.java:logGet(43)) - raft.server.snapshot.auto.trigger.enabled = true (custom)
2019-10-24 04:19:42,984 [pool-27-thread-1] INFO  util.JmxRegister (JmxRegister.java:tryRegister(44)) - Successfully registered JMX Bean with object name Ratis:service=RaftServer,group=group-74CCE82B9A43,id=061ed049-4de7-4292-8db3-b6c544105954
2019-10-24 04:19:42,984 [pool-37-thread-1] INFO  server.RaftServerConfigKeys (ConfUtils.java:logGet(43)) - raft.server.retrycache.expirytime = 600000ms (custom)
2019-10-24 04:19:42,984 [pool-27-thread-1] WARN  impl.MetricRegistriesImpl (MetricRegistriesImpl.java:lambda$create$1(61)) - First MetricRegistry has been created without registering reporters. You may need to call MetricRegistries.global().addReportRegistration(...) before.
2019-10-24 04:19:42,984 [pool-47-thread-1] INFO  server.RaftServerConfigKeys (ConfUtils.java:logGet(43)) - raft.server.snapshot.auto.trigger.threshold = 10000 (custom)
2019-10-24 04:19:42,985 [pool-37-thread-1] WARN  impl.MetricRegistriesImpl (MetricRegistriesImpl.java:lambda$create$1(61)) - First MetricRegistry has been created without registering reporters. You may need to call MetricRegistries.global().addReportRegistration(...) before.
2019-10-24 04:19:42,985 [pool-47-thread-1] INFO  server.RaftServerConfigKeys (ConfUtils.java:logGet(43)) - raft.server.snapshot.retention.file.num = 5 (custom)
2019-10-24 04:19:42,985 [pool-37-thread-1] WARN  impl.MetricRegistriesImpl (MetricRegistriesImpl.java:lambda$create$1(61)) - First MetricRegistry has been created without registering reporters. You may need to call MetricRegistries.global().addReportRegistration(...) before.
2019-10-24 04:19:42,985 [pool-47-thread-1] INFO  server.RaftServerConfigKeys (ConfUtils.java:logGet(43)) - raft.server.retrycache.expirytime = 600000ms (custom)
2019-10-24 04:19:42,985 [pool-37-thread-1] INFO  impl.RaftServerImpl (RaftServerImpl.java:start(184)) - e3498cd7-eaa3-4a2f-a67e-ea1e9c2005a9@group-74CCE82B9A43: start as a follower, conf=-1: [061ed049-4de7-4292-8db3-b6c544105954:192.168.69.119:41000, 7770f8c7-01fb-43d9-b34c-02757d82bdbb:192.168.69.119:34239, e3498cd7-eaa3-4a2f-a67e-ea1e9c2005a9:192.168.69.119:33836], old=null
2019-10-24 04:19:42,985 [pool-47-thread-1] WARN  impl.MetricRegistriesImpl (MetricRegistriesImpl.java:lambda$create$1(61)) - First MetricRegistry has been created without registering reporters. You may need to call MetricRegistries.global().addReportRegistration(...) before.
2019-10-24 04:19:42,985 [pool-37-thread-1] INFO  impl.RaftServerImpl (RaftServerImpl.java:setRole(173)) - e3498cd7-eaa3-4a2f-a67e-ea1e9c2005a9@group-74CCE82B9A43: changes role from      null to FOLLOWER at term 0 for startAsFollower
2019-10-24 04:19:42,985 [pool-47-thread-1] WARN  impl.MetricRegistriesImpl (MetricRegistriesImpl.java:lambda$create$1(61)) - First MetricRegistry has been created without registering reporters. You may need to call MetricRegistries.global().addReportRegistration(...) before.
2019-10-24 04:19:42,986 [pool-37-thread-1] INFO  impl.RoleInfo (RoleInfo.java:updateAndGet(143)) - e3498cd7-eaa3-4a2f-a67e-ea1e9c2005a9: start FollowerState
2019-10-24 04:19:42,986 [pool-47-thread-1] INFO  impl.RaftServerImpl (RaftServerImpl.java:start(184)) - 7770f8c7-01fb-43d9-b34c-02757d82bdbb@group-74CCE82B9A43: start as a follower, conf=-1: [061ed049-4de7-4292-8db3-b6c544105954:192.168.69.119:41000, 7770f8c7-01fb-43d9-b34c-02757d82bdbb:192.168.69.119:34239, e3498cd7-eaa3-4a2f-a67e-ea1e9c2005a9:192.168.69.119:33836], old=null
2019-10-24 04:19:42,987 [pool-47-thread-1] INFO  impl.RaftServerImpl (RaftServerImpl.java:setRole(173)) - 7770f8c7-01fb-43d9-b34c-02757d82bdbb@group-74CCE82B9A43: changes role from      null to FOLLOWER at term 0 for startAsFollower
2019-10-24 04:19:42,987 [pool-37-thread-1] INFO  util.JmxRegister (JmxRegister.java:tryRegister(44)) - Successfully registered JMX Bean with object name Ratis:service=RaftServer,group=group-74CCE82B9A43,id=e3498cd7-eaa3-4a2f-a67e-ea1e9c2005a9
2019-10-24 04:19:42,987 [pool-47-thread-1] INFO  impl.RoleInfo (RoleInfo.java:updateAndGet(143)) - 7770f8c7-01fb-43d9-b34c-02757d82bdbb: start FollowerState
2019-10-24 04:19:42,987 [pool-37-thread-1] WARN  impl.MetricRegistriesImpl (MetricRegistriesImpl.java:lambda$create$1(61)) - First MetricRegistry has been created without registering reporters. You may need to call MetricRegistries.global().addReportRegistration(...) before.
2019-10-24 04:19:42,989 [pool-47-thread-1] INFO  util.JmxRegister (JmxRegister.java:tryRegister(44)) - Successfully registered JMX Bean with object name Ratis:service=RaftServer,group=group-74CCE82B9A43,id=7770f8c7-01fb-43d9-b34c-02757d82bdbb
2019-10-24 04:19:42,989 [pool-47-thread-1] WARN  impl.MetricRegistriesImpl (MetricRegistriesImpl.java:lambda$create$1(61)) - First MetricRegistry has been created without registering reporters. You may need to call MetricRegistries.global().addReportRegistration(...) before.
2019-10-24 04:19:42,999 [RatisPipelineUtilsThread] INFO  pipeline.PipelineStateManager (PipelineStateManager.java:addPipeline(56)) - Created pipeline Pipeline[ Id: 9f202be1-23c1-4e96-9103-74cce82b9a43, Nodes: 061ed049-4de7-4292-8db3-b6c544105954{ip: 192.168.69.119, host: pr-hdds-2354-xrwnf-3238337902, networkLocation: /default-rack, certSerialId: null}7770f8c7-01fb-43d9-b34c-02757d82bdbb{ip: 192.168.69.119, host: pr-hdds-2354-xrwnf-3238337902, networkLocation: /default-rack, certSerialId: null}e3498cd7-eaa3-4a2f-a67e-ea1e9c2005a9{ip: 192.168.69.119, host: pr-hdds-2354-xrwnf-3238337902, networkLocation: /default-rack, certSerialId: null}, Type:RATIS, Factor:THREE, State:OPEN]
2019-10-24 04:19:43,363 [main] INFO  ozone.MiniOzoneClusterImpl (MiniOzoneClusterImpl.java:lambda$waitForClusterToBeReady$0(147)) - Cluster is ready. Got 3 of 3 DN Heartbeats.
2019-10-24 04:19:43,793 [main] INFO  rpc.RpcClient (RpcClient.java:createVolume(272)) - Creating Volume: testcontainerstatemachinefailures, with jenkins1000 as owner.
2019-10-24 04:19:43,885 [IPC Server handler 0 on 43395] INFO  volume.OMVolumeCreateRequest (OMVolumeCreateRequest.java:validateAndUpdateCache(193)) - created volume:testcontainerstatemachinefailures for user:jenkins1000
2019-10-24 04:19:43,912 [main] INFO  rpc.RpcClient (RpcClient.java:createBucket(411)) - Creating Bucket: testcontainerstatemachinefailures/testcontainerstatemachinefailures, with Versioning false and Storage Type set to DISK and Encryption set to false 
2019-10-24 04:19:44,264 [main] INFO  impl.MetricsSystemImpl (MetricsSystemImpl.java:init(158)) - XceiverClientMetrics metrics system started (again)
2019-10-24 04:19:45,202 [Thread-181] INFO  container.ReplicationManager (ReplicationManager.java:start(162)) - Starting Replication Monitor Thread.
2019-10-24 04:19:45,206 [ReplicationMonitor] INFO  container.ReplicationManager (ReplicationManager.java:run(225)) - Replication Monitor Thread took 4 milliseconds for processing 1 containers.
2019-10-24 04:19:47,850 [Thread-189] INFO  impl.FollowerState (FollowerState.java:run(111)) - 7770f8c7-01fb-43d9-b34c-02757d82bdbb@group-39432DB2F660-FollowerState: change to CANDIDATE, lastRpcTime:5013ms, electionTimeout:5013ms
2019-10-24 04:19:47,851 [Thread-189] INFO  impl.RoleInfo (RoleInfo.java:shutdownFollowerState(121)) - 7770f8c7-01fb-43d9-b34c-02757d82bdbb: shutdown FollowerState
2019-10-24 04:19:47,851 [Thread-189] INFO  impl.RaftServerImpl (RaftServerImpl.java:setRole(173)) - 7770f8c7-01fb-43d9-b34c-02757d82bdbb@group-39432DB2F660: changes role from  FOLLOWER to CANDIDATE at term 0 for changeToCandidate
2019-10-24 04:19:47,855 [Thread-189] INFO  impl.RoleInfo (RoleInfo.java:updateAndGet(143)) - 7770f8c7-01fb-43d9-b34c-02757d82bdbb: start LeaderElection
2019-10-24 04:19:47,863 [7770f8c7-01fb-43d9-b34c-02757d82bdbb@group-39432DB2F660-LeaderElection1] INFO  impl.LeaderElection (LeaderElection.java:askForVotes(178)) - 7770f8c7-01fb-43d9-b34c-02757d82bdbb@group-39432DB2F660-LeaderElection1: begin an election at term 1 for -1: [7770f8c7-01fb-43d9-b34c-02757d82bdbb:192.168.69.119:34239], old=null
2019-10-24 04:19:47,865 [7770f8c7-01fb-43d9-b34c-02757d82bdbb@group-39432DB2F660-LeaderElection1] INFO  impl.RoleInfo (RoleInfo.java:shutdownLeaderElection(134)) - 7770f8c7-01fb-43d9-b34c-02757d82bdbb: shutdown LeaderElection
2019-10-24 04:19:47,865 [7770f8c7-01fb-43d9-b34c-02757d82bdbb@group-39432DB2F660-LeaderElection1] INFO  impl.RaftServerImpl (RaftServerImpl.java:setRole(173)) - 7770f8c7-01fb-43d9-b34c-02757d82bdbb@group-39432DB2F660: changes role from CANDIDATE to LEADER at term 1 for changeToLeader
2019-10-24 04:19:47,866 [7770f8c7-01fb-43d9-b34c-02757d82bdbb@group-39432DB2F660-LeaderElection1] INFO  impl.RaftServerImpl (ServerState.java:setLeader(255)) - 7770f8c7-01fb-43d9-b34c-02757d82bdbb@group-39432DB2F660: change Leader from null to 7770f8c7-01fb-43d9-b34c-02757d82bdbb at term 1 for becomeLeader, leader elected after 5035ms
2019-10-24 04:19:47,871 [7770f8c7-01fb-43d9-b34c-02757d82bdbb@group-39432DB2F660-LeaderElection1] INFO  server.RaftServerConfigKeys (ConfUtils.java:logGet(43)) - raft.server.staging.catchup.gap = 1000 (default)
2019-10-24 04:19:47,871 [7770f8c7-01fb-43d9-b34c-02757d82bdbb@group-39432DB2F660-LeaderElection1] INFO  server.RaftServerConfigKeys (ConfUtils.java:logGet(43)) - raft.server.rpc.sleep.time = 25ms (default)
2019-10-24 04:19:47,874 [7770f8c7-01fb-43d9-b34c-02757d82bdbb@group-39432DB2F660-LeaderElection1] INFO  server.RaftServerConfigKeys (ConfUtils.java:logGet(43)) - raft.server.write.element-limit = 4096 (default)
2019-10-24 04:19:47,879 [7770f8c7-01fb-43d9-b34c-02757d82bdbb@group-39432DB2F660-LeaderElection1] INFO  server.RaftServerConfigKeys (ConfUtils.java:logGet(43)) - raft.server.watch.timeout = 10s (default)
2019-10-24 04:19:47,879 [7770f8c7-01fb-43d9-b34c-02757d82bdbb@group-39432DB2F660-LeaderElection1] INFO  server.RaftServerConfigKeys (ConfUtils.java:logGet(43)) - raft.server.watch.timeout.denomination = 1s (default)
2019-10-24 04:19:47,880 [7770f8c7-01fb-43d9-b34c-02757d82bdbb@group-39432DB2F660-LeaderElection1] INFO  server.RaftServerConfigKeys (ConfUtils.java:logGet(43)) - raft.server.watch.element-limit = 65536 (default)
2019-10-24 04:19:47,887 [7770f8c7-01fb-43d9-b34c-02757d82bdbb@group-39432DB2F660-LeaderElection1] INFO  impl.RoleInfo (RoleInfo.java:updateAndGet(143)) - 7770f8c7-01fb-43d9-b34c-02757d82bdbb: start LeaderState
2019-10-24 04:19:47,908 [7770f8c7-01fb-43d9-b34c-02757d82bdbb@group-39432DB2F660-LeaderElection1] INFO  segmented.SegmentedRaftLogWorker (SegmentedRaftLogWorker.java:startLogSegment(385)) - 7770f8c7-01fb-43d9-b34c-02757d82bdbb@group-39432DB2F660-SegmentedRaftLogWorker: Starting segment from index:0
2019-10-24 04:19:47,909 [Thread-186] INFO  impl.FollowerState (FollowerState.java:run(111)) - 061ed049-4de7-4292-8db3-b6c544105954@group-C35A1195C108-FollowerState: change to CANDIDATE, lastRpcTime:5187ms, electionTimeout:5187ms
2019-10-24 04:19:47,910 [Thread-186] INFO  impl.RoleInfo (RoleInfo.java:shutdownFollowerState(121)) - 061ed049-4de7-4292-8db3-b6c544105954: shutdown FollowerState
2019-10-24 04:19:47,910 [Thread-186] INFO  impl.RaftServerImpl (RaftServerImpl.java:setRole(173)) - 061ed049-4de7-4292-8db3-b6c544105954@group-C35A1195C108: changes role from  FOLLOWER to CANDIDATE at term 0 for changeToCandidate
2019-10-24 04:19:47,910 [Thread-186] INFO  impl.RoleInfo (RoleInfo.java:updateAndGet(143)) - 061ed049-4de7-4292-8db3-b6c544105954: start LeaderElection
2019-10-24 04:19:47,920 [7770f8c7-01fb-43d9-b34c-02757d82bdbb@group-39432DB2F660-LeaderElection1] INFO  impl.RaftServerImpl (ServerState.java:setRaftConf(356)) - 7770f8c7-01fb-43d9-b34c-02757d82bdbb@group-39432DB2F660: set configuration 0: [7770f8c7-01fb-43d9-b34c-02757d82bdbb:192.168.69.119:34239], old=null at 0
2019-10-24 04:19:47,920 [061ed049-4de7-4292-8db3-b6c544105954@group-C35A1195C108-LeaderElection2] INFO  impl.LeaderElection (LeaderElection.java:askForVotes(178)) - 061ed049-4de7-4292-8db3-b6c544105954@group-C35A1195C108-LeaderElection2: begin an election at term 1 for -1: [061ed049-4de7-4292-8db3-b6c544105954:192.168.69.119:41000], old=null
2019-10-24 04:19:47,923 [061ed049-4de7-4292-8db3-b6c544105954@group-C35A1195C108-LeaderElection2] INFO  impl.RoleInfo (RoleInfo.java:shutdownLeaderElection(134)) - 061ed049-4de7-4292-8db3-b6c544105954: shutdown LeaderElection
2019-10-24 04:19:47,924 [061ed049-4de7-4292-8db3-b6c544105954@group-C35A1195C108-LeaderElection2] INFO  impl.RaftServerImpl (RaftServerImpl.java:setRole(173)) - 061ed049-4de7-4292-8db3-b6c544105954@group-C35A1195C108: changes role from CANDIDATE to LEADER at term 1 for changeToLeader
2019-10-24 04:19:47,924 [061ed049-4de7-4292-8db3-b6c544105954@group-C35A1195C108-LeaderElection2] INFO  impl.RaftServerImpl (ServerState.java:setLeader(255)) - 061ed049-4de7-4292-8db3-b6c544105954@group-C35A1195C108: change Leader from null to 061ed049-4de7-4292-8db3-b6c544105954 at term 1 for becomeLeader, leader elected after 5273ms
2019-10-24 04:19:47,924 [061ed049-4de7-4292-8db3-b6c544105954@group-C35A1195C108-LeaderElection2] INFO  server.RaftServerConfigKeys (ConfUtils.java:logGet(43)) - raft.server.staging.catchup.gap = 1000 (default)
2019-10-24 04:19:47,924 [061ed049-4de7-4292-8db3-b6c544105954@group-C35A1195C108-LeaderElection2] INFO  server.RaftServerConfigKeys (ConfUtils.java:logGet(43)) - raft.server.rpc.sleep.time = 25ms (default)
2019-10-24 04:19:47,924 [061ed049-4de7-4292-8db3-b6c544105954@group-C35A1195C108-LeaderElection2] INFO  server.RaftServerConfigKeys (ConfUtils.java:logGet(43)) - raft.server.write.element-limit = 4096 (default)
2019-10-24 04:19:47,925 [061ed049-4de7-4292-8db3-b6c544105954@group-C35A1195C108-LeaderElection2] INFO  server.RaftServerConfigKeys (ConfUtils.java:logGet(43)) - raft.server.watch.timeout = 10s (default)
2019-10-24 04:19:47,925 [061ed049-4de7-4292-8db3-b6c544105954@group-C35A1195C108-LeaderElection2] INFO  server.RaftServerConfigKeys (ConfUtils.java:logGet(43)) - raft.server.watch.timeout.denomination = 1s (default)
2019-10-24 04:19:47,925 [061ed049-4de7-4292-8db3-b6c544105954@group-C35A1195C108-LeaderElection2] INFO  server.RaftServerConfigKeys (ConfUtils.java:logGet(43)) - raft.server.watch.element-limit = 65536 (default)
2019-10-24 04:19:47,925 [061ed049-4de7-4292-8db3-b6c544105954@group-C35A1195C108-LeaderElection2] INFO  impl.RoleInfo (RoleInfo.java:updateAndGet(143)) - 061ed049-4de7-4292-8db3-b6c544105954: start LeaderState
2019-10-24 04:19:47,925 [061ed049-4de7-4292-8db3-b6c544105954@group-C35A1195C108-LeaderElection2] INFO  segmented.SegmentedRaftLogWorker (SegmentedRaftLogWorker.java:startLogSegment(385)) - 061ed049-4de7-4292-8db3-b6c544105954@group-C35A1195C108-SegmentedRaftLogWorker: Starting segment from index:0
2019-10-24 04:19:47,926 [061ed049-4de7-4292-8db3-b6c544105954@group-C35A1195C108-LeaderElection2] INFO  impl.RaftServerImpl (ServerState.java:setRaftConf(356)) - 061ed049-4de7-4292-8db3-b6c544105954@group-C35A1195C108: set configuration 0: [061ed049-4de7-4292-8db3-b6c544105954:192.168.69.119:41000], old=null at 0
2019-10-24 04:19:48,011 [Thread-192] INFO  impl.FollowerState (FollowerState.java:run(111)) - e3498cd7-eaa3-4a2f-a67e-ea1e9c2005a9@group-B4C8F076700A-FollowerState: change to CANDIDATE, lastRpcTime:5109ms, electionTimeout:5109ms
2019-10-24 04:19:48,011 [Thread-192] INFO  impl.RoleInfo (RoleInfo.java:shutdownFollowerState(121)) - e3498cd7-eaa3-4a2f-a67e-ea1e9c2005a9: shutdown FollowerState
2019-10-24 04:19:48,011 [Thread-192] INFO  impl.RaftServerImpl (RaftServerImpl.java:setRole(173)) - e3498cd7-eaa3-4a2f-a67e-ea1e9c2005a9@group-B4C8F076700A: changes role from  FOLLOWER to CANDIDATE at term 0 for changeToCandidate
2019-10-24 04:19:48,011 [Thread-192] INFO  impl.RoleInfo (RoleInfo.java:updateAndGet(143)) - e3498cd7-eaa3-4a2f-a67e-ea1e9c2005a9: start LeaderElection
2019-10-24 04:19:48,014 [Thread-195] INFO  impl.FollowerState (FollowerState.java:run(111)) - 061ed049-4de7-4292-8db3-b6c544105954@group-74CCE82B9A43-FollowerState: change to CANDIDATE, lastRpcTime:5030ms, electionTimeout:5030ms
2019-10-24 04:19:48,014 [Thread-195] INFO  impl.RoleInfo (RoleInfo.java:shutdownFollowerState(121)) - 061ed049-4de7-4292-8db3-b6c544105954: shutdown FollowerState
2019-10-24 04:19:48,014 [Thread-195] INFO  impl.RaftServerImpl (RaftServerImpl.java:setRole(173)) - 061ed049-4de7-4292-8db3-b6c544105954@group-74CCE82B9A43: changes role from  FOLLOWER to CANDIDATE at term 0 for changeToCandidate
2019-10-24 04:19:48,015 [Thread-195] INFO  impl.RoleInfo (RoleInfo.java:updateAndGet(143)) - 061ed049-4de7-4292-8db3-b6c544105954: start LeaderElection
2019-10-24 04:19:48,077 [061ed049-4de7-4292-8db3-b6c544105954@group-74CCE82B9A43-LeaderElection4] INFO  impl.LeaderElection (LeaderElection.java:askForVotes(178)) - 061ed049-4de7-4292-8db3-b6c544105954@group-74CCE82B9A43-LeaderElection4: begin an election at term 1 for -1: [061ed049-4de7-4292-8db3-b6c544105954:192.168.69.119:41000, 7770f8c7-01fb-43d9-b34c-02757d82bdbb:192.168.69.119:34239, e3498cd7-eaa3-4a2f-a67e-ea1e9c2005a9:192.168.69.119:33836], old=null
2019-10-24 04:19:48,077 [e3498cd7-eaa3-4a2f-a67e-ea1e9c2005a9@group-B4C8F076700A-LeaderElection3] INFO  impl.LeaderElection (LeaderElection.java:askForVotes(178)) - e3498cd7-eaa3-4a2f-a67e-ea1e9c2005a9@group-B4C8F076700A-LeaderElection3: begin an election at term 1 for -1: [e3498cd7-eaa3-4a2f-a67e-ea1e9c2005a9:192.168.69.119:33836], old=null
2019-10-24 04:19:48,078 [e3498cd7-eaa3-4a2f-a67e-ea1e9c2005a9@group-B4C8F076700A-LeaderElection3] INFO  impl.RoleInfo (RoleInfo.java:shutdownLeaderElection(134)) - e3498cd7-eaa3-4a2f-a67e-ea1e9c2005a9: shutdown LeaderElection
2019-10-24 04:19:48,078 [e3498cd7-eaa3-4a2f-a67e-ea1e9c2005a9@group-B4C8F076700A-LeaderElection3] INFO  impl.RaftServerImpl (RaftServerImpl.java:setRole(173)) - e3498cd7-eaa3-4a2f-a67e-ea1e9c2005a9@group-B4C8F076700A: changes role from CANDIDATE to LEADER at term 1 for changeToLeader
2019-10-24 04:19:48,078 [e3498cd7-eaa3-4a2f-a67e-ea1e9c2005a9@group-B4C8F076700A-LeaderElection3] INFO  impl.RaftServerImpl (ServerState.java:setLeader(255)) - e3498cd7-eaa3-4a2f-a67e-ea1e9c2005a9@group-B4C8F076700A: change Leader from null to e3498cd7-eaa3-4a2f-a67e-ea1e9c2005a9 at term 1 for becomeLeader, leader elected after 5180ms
2019-10-24 04:19:48,078 [e3498cd7-eaa3-4a2f-a67e-ea1e9c2005a9@group-B4C8F076700A-LeaderElection3] INFO  server.RaftServerConfigKeys (ConfUtils.java:logGet(43)) - raft.server.staging.catchup.gap = 1000 (default)
2019-10-24 04:19:48,078 [e3498cd7-eaa3-4a2f-a67e-ea1e9c2005a9@group-B4C8F076700A-LeaderElection3] INFO  server.RaftServerConfigKeys (ConfUtils.java:logGet(43)) - raft.server.rpc.sleep.time = 25ms (default)
2019-10-24 04:19:48,079 [e3498cd7-eaa3-4a2f-a67e-ea1e9c2005a9@group-B4C8F076700A-LeaderElection3] INFO  server.RaftServerConfigKeys (ConfUtils.java:logGet(43)) - raft.server.write.element-limit = 4096 (default)
2019-10-24 04:19:48,079 [e3498cd7-eaa3-4a2f-a67e-ea1e9c2005a9@group-B4C8F076700A-LeaderElection3] INFO  server.RaftServerConfigKeys (ConfUtils.java:logGet(43)) - raft.server.watch.timeout = 10s (default)
2019-10-24 04:19:48,079 [e3498cd7-eaa3-4a2f-a67e-ea1e9c2005a9@group-B4C8F076700A-LeaderElection3] INFO  server.RaftServerConfigKeys (ConfUtils.java:logGet(43)) - raft.server.watch.timeout.denomination = 1s (default)
2019-10-24 04:19:48,079 [e3498cd7-eaa3-4a2f-a67e-ea1e9c2005a9@group-B4C8F076700A-LeaderElection3] INFO  server.RaftServerConfigKeys (ConfUtils.java:logGet(43)) - raft.server.watch.element-limit = 65536 (default)
2019-10-24 04:19:48,080 [e3498cd7-eaa3-4a2f-a67e-ea1e9c2005a9@group-B4C8F076700A-LeaderElection3] INFO  impl.RoleInfo (RoleInfo.java:updateAndGet(143)) - e3498cd7-eaa3-4a2f-a67e-ea1e9c2005a9: start LeaderState
2019-10-24 04:19:48,080 [e3498cd7-eaa3-4a2f-a67e-ea1e9c2005a9@group-B4C8F076700A-LeaderElection3] INFO  segmented.SegmentedRaftLogWorker (SegmentedRaftLogWorker.java:startLogSegment(385)) - e3498cd7-eaa3-4a2f-a67e-ea1e9c2005a9@group-B4C8F076700A-SegmentedRaftLogWorker: Starting segment from index:0
2019-10-24 04:19:48,080 [e3498cd7-eaa3-4a2f-a67e-ea1e9c2005a9@group-B4C8F076700A-LeaderElection3] INFO  impl.RaftServerImpl (ServerState.java:setRaftConf(356)) - e3498cd7-eaa3-4a2f-a67e-ea1e9c2005a9@group-B4C8F076700A: set configuration 0: [e3498cd7-eaa3-4a2f-a67e-ea1e9c2005a9:192.168.69.119:33836], old=null at 0
2019-10-24 04:19:48,102 [Thread-200] INFO  impl.FollowerState (FollowerState.java:run(111)) - 7770f8c7-01fb-43d9-b34c-02757d82bdbb@group-74CCE82B9A43-FollowerState: change to CANDIDATE, lastRpcTime:5115ms, electionTimeout:5104ms
2019-10-24 04:19:48,103 [061ed049-4de7-4292-8db3-b6c544105954@group-C35A1195C108-SegmentedRaftLogWorker] INFO  segmented.SegmentedRaftLogWorker (SegmentedRaftLogWorker.java:execute(576)) - 061ed049-4de7-4292-8db3-b6c544105954@group-C35A1195C108-SegmentedRaftLogWorker: created new log segment /workdir/hadoop-ozone/integration-test/target/test-dir/MiniOzoneClusterImpl-130f5b65-2f93-4feb-bc6d-4f491c54915a/datanode-0/data/ratis/45845fac-0c2a-4762-bc25-c35a1195c108/current/log_inprogress_0
2019-10-24 04:19:48,103 [Thread-200] INFO  impl.RoleInfo (RoleInfo.java:shutdownFollowerState(121)) - 7770f8c7-01fb-43d9-b34c-02757d82bdbb: shutdown FollowerState
2019-10-24 04:19:48,103 [7770f8c7-01fb-43d9-b34c-02757d82bdbb@group-39432DB2F660-SegmentedRaftLogWorker] INFO  segmented.SegmentedRaftLogWorker (SegmentedRaftLogWorker.java:execute(576)) - 7770f8c7-01fb-43d9-b34c-02757d82bdbb@group-39432DB2F660-SegmentedRaftLogWorker: created new log segment /workdir/hadoop-ozone/integration-test/target/test-dir/MiniOzoneClusterImpl-130f5b65-2f93-4feb-bc6d-4f491c54915a/datanode-2/data/ratis/94e8b282-816c-40d1-8730-39432db2f660/current/log_inprogress_0
2019-10-24 04:19:48,103 [Thread-200] INFO  impl.RaftServerImpl (RaftServerImpl.java:setRole(173)) - 7770f8c7-01fb-43d9-b34c-02757d82bdbb@group-74CCE82B9A43: changes role from  FOLLOWER to CANDIDATE at term 0 for changeToCandidate
2019-10-24 04:19:48,103 [Thread-200] INFO  impl.RoleInfo (RoleInfo.java:updateAndGet(143)) - 7770f8c7-01fb-43d9-b34c-02757d82bdbb: start LeaderElection
2019-10-24 04:19:48,119 [grpc-default-executor-2] INFO  impl.RaftServerImpl (RaftServerImpl.java:setRole(173)) - e3498cd7-eaa3-4a2f-a67e-ea1e9c2005a9@group-74CCE82B9A43: changes role from  FOLLOWER to FOLLOWER at term 1 for recognizeCandidate:061ed049-4de7-4292-8db3-b6c544105954
2019-10-24 04:19:48,119 [grpc-default-executor-2] INFO  impl.RoleInfo (RoleInfo.java:shutdownFollowerState(121)) - e3498cd7-eaa3-4a2f-a67e-ea1e9c2005a9: shutdown FollowerState
2019-10-24 04:19:48,120 [Thread-199] INFO  impl.FollowerState (FollowerState.java:run(120)) - e3498cd7-eaa3-4a2f-a67e-ea1e9c2005a9@group-74CCE82B9A43-FollowerState was interrupted: java.lang.InterruptedException: sleep interrupted
2019-10-24 04:19:48,120 [grpc-default-executor-2] INFO  impl.RoleInfo (RoleInfo.java:updateAndGet(143)) - e3498cd7-eaa3-4a2f-a67e-ea1e9c2005a9: start FollowerState
2019-10-24 04:19:48,134 [e3498cd7-eaa3-4a2f-a67e-ea1e9c2005a9@group-B4C8F076700A-SegmentedRaftLogWorker] INFO  segmented.SegmentedRaftLogWorker (SegmentedRaftLogWorker.java:execute(576)) - e3498cd7-eaa3-4a2f-a67e-ea1e9c2005a9@group-B4C8F076700A-SegmentedRaftLogWorker: created new log segment /workdir/hadoop-ozone/integration-test/target/test-dir/MiniOzoneClusterImpl-130f5b65-2f93-4feb-bc6d-4f491c54915a/datanode-1/data/ratis/6f31d686-3d80-4532-a065-b4c8f076700a/current/log_inprogress_0
2019-10-24 04:19:48,136 [7770f8c7-01fb-43d9-b34c-02757d82bdbb@group-74CCE82B9A43-LeaderElection5] INFO  impl.LeaderElection (LeaderElection.java:askForVotes(178)) - 7770f8c7-01fb-43d9-b34c-02757d82bdbb@group-74CCE82B9A43-LeaderElection5: begin an election at term 1 for -1: [061ed049-4de7-4292-8db3-b6c544105954:192.168.69.119:41000, 7770f8c7-01fb-43d9-b34c-02757d82bdbb:192.168.69.119:34239, e3498cd7-eaa3-4a2f-a67e-ea1e9c2005a9:192.168.69.119:33836], old=null
2019-10-24 04:19:48,151 [061ed049-4de7-4292-8db3-b6c544105954@group-74CCE82B9A43-LeaderElection4] INFO  impl.LeaderElection (LeaderElection.java:logAndReturn(56)) - 061ed049-4de7-4292-8db3-b6c544105954@group-74CCE82B9A43-LeaderElection4: Election PASSED; received 2 response(s) [061ed049-4de7-4292-8db3-b6c544105954<-7770f8c7-01fb-43d9-b34c-02757d82bdbb#0:FAIL-t1, 061ed049-4de7-4292-8db3-b6c544105954<-e3498cd7-eaa3-4a2f-a67e-ea1e9c2005a9#0:OK-t1] and 0 exception(s); 061ed049-4de7-4292-8db3-b6c544105954@group-74CCE82B9A43:t1, leader=null, voted=061ed049-4de7-4292-8db3-b6c544105954, raftlog=061ed049-4de7-4292-8db3-b6c544105954@group-74CCE82B9A43-SegmentedRaftLog:OPENED:c-1,f-1,i0, conf=-1: [061ed049-4de7-4292-8db3-b6c544105954:192.168.69.119:41000, 7770f8c7-01fb-43d9-b34c-02757d82bdbb:192.168.69.119:34239, e3498cd7-eaa3-4a2f-a67e-ea1e9c2005a9:192.168.69.119:33836], old=null
2019-10-24 04:19:48,151 [061ed049-4de7-4292-8db3-b6c544105954@group-74CCE82B9A43-LeaderElection4] INFO  impl.RoleInfo (RoleInfo.java:shutdownLeaderElection(134)) - 061ed049-4de7-4292-8db3-b6c544105954: shutdown LeaderElection
2019-10-24 04:19:48,151 [061ed049-4de7-4292-8db3-b6c544105954@group-74CCE82B9A43-LeaderElection4] INFO  impl.RaftServerImpl (RaftServerImpl.java:setRole(173)) - 061ed049-4de7-4292-8db3-b6c544105954@group-74CCE82B9A43: changes role from CANDIDATE to LEADER at term 1 for changeToLeader
2019-10-24 04:19:48,151 [061ed049-4de7-4292-8db3-b6c544105954@group-74CCE82B9A43-LeaderElection4] INFO  impl.RaftServerImpl (ServerState.java:setLeader(255)) - 061ed049-4de7-4292-8db3-b6c544105954@group-74CCE82B9A43: change Leader from null to 061ed049-4de7-4292-8db3-b6c544105954 at term 1 for becomeLeader, leader elected after 5173ms
2019-10-24 04:19:48,152 [061ed049-4de7-4292-8db3-b6c544105954@group-74CCE82B9A43-LeaderElection4] INFO  server.RaftServerConfigKeys (ConfUtils.java:logGet(43)) - raft.server.staging.catchup.gap = 1000 (default)
2019-10-24 04:19:48,152 [061ed049-4de7-4292-8db3-b6c544105954@group-74CCE82B9A43-LeaderElection4] INFO  server.RaftServerConfigKeys (ConfUtils.java:logGet(43)) - raft.server.rpc.sleep.time = 25ms (default)
2019-10-24 04:19:48,153 [061ed049-4de7-4292-8db3-b6c544105954@group-74CCE82B9A43-LeaderElection4] INFO  server.RaftServerConfigKeys (ConfUtils.java:logGet(43)) - raft.server.write.element-limit = 4096 (default)
2019-10-24 04:19:48,154 [061ed049-4de7-4292-8db3-b6c544105954@group-74CCE82B9A43-LeaderElection4] INFO  server.RaftServerConfigKeys (ConfUtils.java:logGet(43)) - raft.server.watch.timeout = 10s (default)
2019-10-24 04:19:48,154 [061ed049-4de7-4292-8db3-b6c544105954@group-74CCE82B9A43-LeaderElection4] INFO  server.RaftServerConfigKeys (ConfUtils.java:logGet(43)) - raft.server.watch.timeout.denomination = 1s (default)
2019-10-24 04:19:48,154 [061ed049-4de7-4292-8db3-b6c544105954@group-74CCE82B9A43-LeaderElection4] INFO  server.RaftServerConfigKeys (ConfUtils.java:logGet(43)) - raft.server.watch.element-limit = 65536 (default)
2019-10-24 04:19:48,159 [061ed049-4de7-4292-8db3-b6c544105954@group-74CCE82B9A43-LeaderElection4] INFO  server.RaftServerConfigKeys (ConfUtils.java:logGet(43)) - raft.server.log.appender.snapshot.chunk.size.max = 16MB (=16777216) (default)
2019-10-24 04:19:48,163 [061ed049-4de7-4292-8db3-b6c544105954@group-74CCE82B9A43-LeaderElection4] INFO  server.RaftServerConfigKeys (ConfUtils.java:logGet(43)) - raft.server.log.appender.buffer.byte-limit = 33554432 (custom)
2019-10-24 04:19:48,164 [061ed049-4de7-4292-8db3-b6c544105954@group-74CCE82B9A43-LeaderElection4] INFO  server.RaftServerConfigKeys (ConfUtils.java:logGet(43)) - raft.server.log.appender.buffer.element-limit = 1 (custom)
2019-10-24 04:19:48,171 [061ed049-4de7-4292-8db3-b6c544105954@group-74CCE82B9A43-LeaderElection4] INFO  grpc.GrpcConfigKeys$Server (ConfUtils.java:logGet(43)) - raft.grpc.server.leader.outstanding.appends.max = 128 (default)
2019-10-24 04:19:48,172 [061ed049-4de7-4292-8db3-b6c544105954@group-74CCE82B9A43-LeaderElection4] INFO  server.RaftServerConfigKeys (ConfUtils.java:logGet(43)) - raft.server.rpc.request.timeout = 3000ms (default)
2019-10-24 04:19:48,172 [061ed049-4de7-4292-8db3-b6c544105954@group-74CCE82B9A43-LeaderElection4] INFO  server.RaftServerConfigKeys (ConfUtils.java:logGet(43)) - raft.server.log.appender.install.snapshot.enabled = false (custom)
2019-10-24 04:19:48,173 [061ed049-4de7-4292-8db3-b6c544105954@group-74CCE82B9A43-LeaderElection4] WARN  impl.MetricRegistriesImpl (MetricRegistriesImpl.java:lambda$create$1(61)) - First MetricRegistry has been created without registering reporters. You may need to call MetricRegistries.global().addReportRegistration(...) before.
2019-10-24 04:19:48,174 [061ed049-4de7-4292-8db3-b6c544105954@group-74CCE82B9A43-LeaderElection4] INFO  server.RaftServerConfigKeys (ConfUtils.java:logGet(43)) - raft.server.log.appender.snapshot.chunk.size.max = 16MB (=16777216) (default)
2019-10-24 04:19:48,174 [061ed049-4de7-4292-8db3-b6c544105954@group-74CCE82B9A43-LeaderElection4] INFO  server.RaftServerConfigKeys (ConfUtils.java:logGet(43)) - raft.server.log.appender.buffer.byte-limit = 33554432 (custom)
2019-10-24 04:19:48,174 [061ed049-4de7-4292-8db3-b6c544105954@group-74CCE82B9A43-LeaderElection4] INFO  server.RaftServerConfigKeys (ConfUtils.java:logGet(43)) - raft.server.log.appender.buffer.element-limit = 1 (custom)
2019-10-24 04:19:48,175 [061ed049-4de7-4292-8db3-b6c544105954@group-74CCE82B9A43-LeaderElection4] INFO  grpc.GrpcConfigKeys$Server (ConfUtils.java:logGet(43)) - raft.grpc.server.leader.outstanding.appends.max = 128 (default)
2019-10-24 04:19:48,175 [061ed049-4de7-4292-8db3-b6c544105954@group-74CCE82B9A43-LeaderElection4] INFO  server.RaftServerConfigKeys (ConfUtils.java:logGet(43)) - raft.server.rpc.request.timeout = 3000ms (default)
2019-10-24 04:19:48,175 [061ed049-4de7-4292-8db3-b6c544105954@group-74CCE82B9A43-LeaderElection4] INFO  server.RaftServerConfigKeys (ConfUtils.java:logGet(43)) - raft.server.log.appender.install.snapshot.enabled = false (custom)
2019-10-24 04:19:48,176 [061ed049-4de7-4292-8db3-b6c544105954@group-74CCE82B9A43-LeaderElection4] INFO  impl.RoleInfo (RoleInfo.java:updateAndGet(143)) - 061ed049-4de7-4292-8db3-b6c544105954: start LeaderState
2019-10-24 04:19:48,176 [061ed049-4de7-4292-8db3-b6c544105954@group-74CCE82B9A43-LeaderElection4] INFO  segmented.SegmentedRaftLogWorker (SegmentedRaftLogWorker.java:startLogSegment(385)) - 061ed049-4de7-4292-8db3-b6c544105954@group-74CCE82B9A43-SegmentedRaftLogWorker: Starting segment from index:0
2019-10-24 04:19:48,177 [061ed049-4de7-4292-8db3-b6c544105954@group-74CCE82B9A43-LeaderElection4] INFO  impl.RaftServerImpl (ServerState.java:setRaftConf(356)) - 061ed049-4de7-4292-8db3-b6c544105954@group-74CCE82B9A43: set configuration 0: [061ed049-4de7-4292-8db3-b6c544105954:192.168.69.119:41000, 7770f8c7-01fb-43d9-b34c-02757d82bdbb:192.168.69.119:34239, e3498cd7-eaa3-4a2f-a67e-ea1e9c2005a9:192.168.69.119:33836], old=null at 0
2019-10-24 04:19:48,200 [grpc-default-executor-3] INFO  impl.RaftServerImpl (RaftServerImpl.java:requestVote(776)) - 061ed049-4de7-4292-8db3-b6c544105954@group-74CCE82B9A43-   LEADER: Withhold vote from candidate 7770f8c7-01fb-43d9-b34c-02757d82bdbb with term 1. State: leader=061ed049-4de7-4292-8db3-b6c544105954, term=1, lastRpcElapsed=null
2019-10-24 04:19:48,207 [7770f8c7-01fb-43d9-b34c-02757d82bdbb@group-74CCE82B9A43-LeaderElection5] INFO  impl.LeaderElection (LeaderElection.java:logAndReturn(56)) - 7770f8c7-01fb-43d9-b34c-02757d82bdbb@group-74CCE82B9A43-LeaderElection5: Election REJECTED; received 2 response(s) [7770f8c7-01fb-43d9-b34c-02757d82bdbb<-061ed049-4de7-4292-8db3-b6c544105954#0:FAIL-t1, 7770f8c7-01fb-43d9-b34c-02757d82bdbb<-e3498cd7-eaa3-4a2f-a67e-ea1e9c2005a9#0:FAIL-t1] and 0 exception(s); 7770f8c7-01fb-43d9-b34c-02757d82bdbb@group-74CCE82B9A43:t1, leader=null, voted=7770f8c7-01fb-43d9-b34c-02757d82bdbb, raftlog=7770f8c7-01fb-43d9-b34c-02757d82bdbb@group-74CCE82B9A43-SegmentedRaftLog:OPENED:c-1,f-1,i0, conf=-1: [061ed049-4de7-4292-8db3-b6c544105954:192.168.69.119:41000, 7770f8c7-01fb-43d9-b34c-02757d82bdbb:192.168.69.119:34239, e3498cd7-eaa3-4a2f-a67e-ea1e9c2005a9:192.168.69.119:33836], old=null
2019-10-24 04:19:48,208 [7770f8c7-01fb-43d9-b34c-02757d82bdbb@group-74CCE82B9A43-LeaderElection5] INFO  impl.RaftServerImpl (RaftServerImpl.java:setRole(173)) - 7770f8c7-01fb-43d9-b34c-02757d82bdbb@group-74CCE82B9A43: changes role from CANDIDATE to FOLLOWER at term 1 for DISCOVERED_A_NEW_TERM
2019-10-24 04:19:48,208 [7770f8c7-01fb-43d9-b34c-02757d82bdbb@group-74CCE82B9A43-LeaderElection5] INFO  impl.RoleInfo (RoleInfo.java:shutdownLeaderElection(134)) - 7770f8c7-01fb-43d9-b34c-02757d82bdbb: shutdown LeaderElection
2019-10-24 04:19:48,208 [7770f8c7-01fb-43d9-b34c-02757d82bdbb@group-74CCE82B9A43-LeaderElection5] INFO  impl.RoleInfo (RoleInfo.java:updateAndGet(143)) - 7770f8c7-01fb-43d9-b34c-02757d82bdbb: start FollowerState
2019-10-24 04:19:48,213 [061ed049-4de7-4292-8db3-b6c544105954@group-74CCE82B9A43-SegmentedRaftLogWorker] INFO  segmented.SegmentedRaftLogWorker (SegmentedRaftLogWorker.java:execute(576)) - 061ed049-4de7-4292-8db3-b6c544105954@group-74CCE82B9A43-SegmentedRaftLogWorker: created new log segment /workdir/hadoop-ozone/integration-test/target/test-dir/MiniOzoneClusterImpl-130f5b65-2f93-4feb-bc6d-4f491c54915a/datanode-0/data/ratis/9f202be1-23c1-4e96-9103-74cce82b9a43/current/log_inprogress_0
2019-10-24 04:19:48,217 [grpc-default-executor-3] INFO  impl.RaftServerImpl (ServerState.java:setLeader(255)) - 7770f8c7-01fb-43d9-b34c-02757d82bdbb@group-74CCE82B9A43: change Leader from null to 061ed049-4de7-4292-8db3-b6c544105954 at term 1 for appendEntries, leader elected after 5239ms
2019-10-24 04:19:48,217 [grpc-default-executor-2] INFO  impl.RaftServerImpl (ServerState.java:setLeader(255)) - e3498cd7-eaa3-4a2f-a67e-ea1e9c2005a9@group-74CCE82B9A43: change Leader from null to 061ed049-4de7-4292-8db3-b6c544105954 at term 1 for appendEntries, leader elected after 5239ms
2019-10-24 04:19:48,243 [grpc-default-executor-2] INFO  impl.RaftServerImpl (ServerState.java:setRaftConf(356)) - e3498cd7-eaa3-4a2f-a67e-ea1e9c2005a9@group-74CCE82B9A43: set configuration 0: [061ed049-4de7-4292-8db3-b6c544105954:192.168.69.119:41000, 7770f8c7-01fb-43d9-b34c-02757d82bdbb:192.168.69.119:34239, e3498cd7-eaa3-4a2f-a67e-ea1e9c2005a9:192.168.69.119:33836], old=null at 0
2019-10-24 04:19:48,243 [grpc-default-executor-3] INFO  impl.RaftServerImpl (ServerState.java:setRaftConf(356)) - 7770f8c7-01fb-43d9-b34c-02757d82bdbb@group-74CCE82B9A43: set configuration 0: [061ed049-4de7-4292-8db3-b6c544105954:192.168.69.119:41000, 7770f8c7-01fb-43d9-b34c-02757d82bdbb:192.168.69.119:34239, e3498cd7-eaa3-4a2f-a67e-ea1e9c2005a9:192.168.69.119:33836], old=null at 0
2019-10-24 04:19:48,244 [grpc-default-executor-2] INFO  segmented.SegmentedRaftLogWorker (SegmentedRaftLogWorker.java:startLogSegment(385)) - e3498cd7-eaa3-4a2f-a67e-ea1e9c2005a9@group-74CCE82B9A43-SegmentedRaftLogWorker: Starting segment from index:0
2019-10-24 04:19:48,244 [grpc-default-executor-3] INFO  segmented.SegmentedRaftLogWorker (SegmentedRaftLogWorker.java:startLogSegment(385)) - 7770f8c7-01fb-43d9-b34c-02757d82bdbb@group-74CCE82B9A43-SegmentedRaftLogWorker: Starting segment from index:0
2019-10-24 04:19:48,289 [e3498cd7-eaa3-4a2f-a67e-ea1e9c2005a9@group-74CCE82B9A43-SegmentedRaftLogWorker] INFO  segmented.SegmentedRaftLogWorker (SegmentedRaftLogWorker.java:execute(576)) - e3498cd7-eaa3-4a2f-a67e-ea1e9c2005a9@group-74CCE82B9A43-SegmentedRaftLogWorker: created new log segment /workdir/hadoop-ozone/integration-test/target/test-dir/MiniOzoneClusterImpl-130f5b65-2f93-4feb-bc6d-4f491c54915a/datanode-1/data/ratis/9f202be1-23c1-4e96-9103-74cce82b9a43/current/log_inprogress_0
2019-10-24 04:19:48,289 [7770f8c7-01fb-43d9-b34c-02757d82bdbb@group-74CCE82B9A43-SegmentedRaftLogWorker] INFO  segmented.SegmentedRaftLogWorker (SegmentedRaftLogWorker.java:execute(576)) - 7770f8c7-01fb-43d9-b34c-02757d82bdbb@group-74CCE82B9A43-SegmentedRaftLogWorker: created new log segment /workdir/hadoop-ozone/integration-test/target/test-dir/MiniOzoneClusterImpl-130f5b65-2f93-4feb-bc6d-4f491c54915a/datanode-2/data/ratis/9f202be1-23c1-4e96-9103-74cce82b9a43/current/log_inprogress_0
2019-10-24 04:19:48,791 [Datanode State Machine Thread - 0] INFO  statemachine.DatanodeStateMachine (DatanodeStateMachine.java:lambda$startDaemon$0(350)) - Ozone container server started.
2019-10-24 04:19:53,767 [main] INFO  ozoneimpl.OzoneContainer (OzoneContainer.java:stop(227)) - Attempting to stop container services.
2019-10-24 04:19:53,768 [main] INFO  impl.RaftServerProxy (RaftServerProxy.java:lambda$close$4(314)) - 7770f8c7-01fb-43d9-b34c-02757d82bdbb: close
2019-10-24 04:19:53,770 [main] INFO  impl.RaftServerImpl (RaftServerImpl.java:lambda$shutdown$3(250)) - 7770f8c7-01fb-43d9-b34c-02757d82bdbb@group-74CCE82B9A43: shutdown
2019-10-24 04:19:53,770 [main] INFO  util.JmxRegister (JmxRegister.java:unregister(73)) - Successfully un-registered JMX Bean with object name Ratis:service=RaftServer,group=group-74CCE82B9A43,id=7770f8c7-01fb-43d9-b34c-02757d82bdbb
2019-10-24 04:19:53,770 [main] INFO  impl.RoleInfo (RoleInfo.java:shutdownFollowerState(121)) - 7770f8c7-01fb-43d9-b34c-02757d82bdbb: shutdown FollowerState
2019-10-24 04:19:53,770 [Thread-247] INFO  impl.FollowerState (FollowerState.java:run(120)) - 7770f8c7-01fb-43d9-b34c-02757d82bdbb@group-74CCE82B9A43-FollowerState was interrupted: java.lang.InterruptedException: sleep interrupted
2019-10-24 04:19:53,770 [main] INFO  impl.StateMachineUpdater (StateMachineUpdater.java:stopAndJoin(136)) - 7770f8c7-01fb-43d9-b34c-02757d82bdbb@group-74CCE82B9A43-StateMachineUpdater: set stopIndex = 4
2019-10-24 04:19:53,772 [7770f8c7-01fb-43d9-b34c-02757d82bdbb@group-74CCE82B9A43-StateMachineUpdater] INFO  ratis.ContainerStateMachine (ContainerStateMachine.java:takeSnapshot(294)) - group-74CCE82B9A43: Taking a snapshot at:(t:1, i:3) file /workdir/hadoop-ozone/integration-test/target/test-dir/MiniOzoneClusterImpl-130f5b65-2f93-4feb-bc6d-4f491c54915a/datanode-2/data/ratis/9f202be1-23c1-4e96-9103-74cce82b9a43/sm/snapshot.1_3
2019-10-24 04:19:53,866 [7770f8c7-01fb-43d9-b34c-02757d82bdbb@group-74CCE82B9A43-StateMachineUpdater] INFO  ratis.ContainerStateMachine (ContainerStateMachine.java:takeSnapshot(305)) - group-74CCE82B9A43: Finished taking a snapshot at:(t:1, i:3) file:/workdir/hadoop-ozone/integration-test/target/test-dir/MiniOzoneClusterImpl-130f5b65-2f93-4feb-bc6d-4f491c54915a/datanode-2/data/ratis/9f202be1-23c1-4e96-9103-74cce82b9a43/sm/snapshot.1_3 time:96
2019-10-24 04:19:53,868 [7770f8c7-01fb-43d9-b34c-02757d82bdbb@group-74CCE82B9A43-StateMachineUpdater] INFO  impl.StateMachineUpdater (StateMachineUpdater.java:takeSnapshot(269)) - 7770f8c7-01fb-43d9-b34c-02757d82bdbb@group-74CCE82B9A43-StateMachineUpdater: Took a snapshot at index 3
2019-10-24 04:19:53,869 [7770f8c7-01fb-43d9-b34c-02757d82bdbb@group-74CCE82B9A43-StateMachineUpdater] INFO  impl.StateMachineUpdater (StateMachineUpdater.java:lambda$new$0(84)) - 7770f8c7-01fb-43d9-b34c-02757d82bdbb@group-74CCE82B9A43-StateMachineUpdater: snapshotIndex: updateIncreasingly -1 -> 3
2019-10-24 04:19:53,872 [7770f8c7-01fb-43d9-b34c-02757d82bdbb@group-74CCE82B9A43-StateMachineUpdater] INFO  ratis.ContainerStateMachine (ContainerStateMachine.java:takeSnapshot(294)) - group-74CCE82B9A43: Taking a snapshot at:(t:1, i:3) file /workdir/hadoop-ozone/integration-test/target/test-dir/MiniOzoneClusterImpl-130f5b65-2f93-4feb-bc6d-4f491c54915a/datanode-2/data/ratis/9f202be1-23c1-4e96-9103-74cce82b9a43/sm/snapshot.1_3
2019-10-24 04:19:53,886 [7770f8c7-01fb-43d9-b34c-02757d82bdbb@group-74CCE82B9A43-StateMachineUpdater] INFO  ratis.ContainerStateMachine (ContainerStateMachine.java:takeSnapshot(305)) - group-74CCE82B9A43: Finished taking a snapshot at:(t:1, i:3) file:/workdir/hadoop-ozone/integration-test/target/test-dir/MiniOzoneClusterImpl-130f5b65-2f93-4feb-bc6d-4f491c54915a/datanode-2/data/ratis/9f202be1-23c1-4e96-9103-74cce82b9a43/sm/snapshot.1_3 time:15
2019-10-24 04:19:53,886 [7770f8c7-01fb-43d9-b34c-02757d82bdbb@group-74CCE82B9A43-StateMachineUpdater] INFO  impl.StateMachineUpdater (StateMachineUpdater.java:takeSnapshot(269)) - 7770f8c7-01fb-43d9-b34c-02757d82bdbb@group-74CCE82B9A43-StateMachineUpdater: Took a snapshot at index 3
2019-10-24 04:19:53,887 [7770f8c7-01fb-43d9-b34c-02757d82bdbb@group-74CCE82B9A43-StateMachineUpdater] INFO  impl.StateMachineUpdater (StateMachineUpdater.java:lambda$new$0(84)) - 7770f8c7-01fb-43d9-b34c-02757d82bdbb@group-74CCE82B9A43-StateMachineUpdater: snapshotIndex: updateIncreasingly 3 -> 3
2019-10-24 04:19:53,887 [main] INFO  impl.RaftServerImpl (ServerState.java:close(387)) - 7770f8c7-01fb-43d9-b34c-02757d82bdbb@group-74CCE82B9A43: closes. applyIndex: 4
2019-10-24 04:19:53,889 [7770f8c7-01fb-43d9-b34c-02757d82bdbb@group-74CCE82B9A43-SegmentedRaftLogWorker] INFO  segmented.SegmentedRaftLogWorker (SegmentedRaftLogWorker.java:run(316)) - 7770f8c7-01fb-43d9-b34c-02757d82bdbb@group-74CCE82B9A43-SegmentedRaftLogWorker was interrupted, exiting. There are 0 tasks remaining in the queue.
2019-10-24 04:19:53,890 [main] INFO  segmented.SegmentedRaftLogWorker (SegmentedRaftLogWorker.java:close(224)) - 7770f8c7-01fb-43d9-b34c-02757d82bdbb@group-74CCE82B9A43-SegmentedRaftLogWorker close()
2019-10-24 04:19:53,892 [main] INFO  impl.RaftServerImpl (RaftServerImpl.java:lambda$shutdown$3(250)) - 7770f8c7-01fb-43d9-b34c-02757d82bdbb@group-39432DB2F660: shutdown
2019-10-24 04:19:53,892 [main] INFO  util.JmxRegister (JmxRegister.java:unregister(73)) - Successfully un-registered JMX Bean with object name Ratis:service=RaftServer,group=group-39432DB2F660,id=7770f8c7-01fb-43d9-b34c-02757d82bdbb
2019-10-24 04:19:53,892 [main] INFO  impl.RoleInfo (RoleInfo.java:shutdownLeaderState(104)) - 7770f8c7-01fb-43d9-b34c-02757d82bdbb: shutdown LeaderState
2019-10-24 04:19:53,893 [main] INFO  impl.PendingRequests (PendingRequests.java:sendNotLeaderResponses(206)) - 7770f8c7-01fb-43d9-b34c-02757d82bdbb@group-39432DB2F660-PendingRequests: sendNotLeaderResponses
2019-10-24 04:19:53,894 [main] INFO  impl.StateMachineUpdater (StateMachineUpdater.java:stopAndJoin(136)) - 7770f8c7-01fb-43d9-b34c-02757d82bdbb@group-39432DB2F660-StateMachineUpdater: set stopIndex = 0
2019-10-24 04:19:53,894 [main] INFO  impl.RaftServerImpl (ServerState.java:close(387)) - 7770f8c7-01fb-43d9-b34c-02757d82bdbb@group-39432DB2F660: closes. applyIndex: 0
2019-10-24 04:19:53,894 [7770f8c7-01fb-43d9-b34c-02757d82bdbb@group-39432DB2F660-SegmentedRaftLogWorker] INFO  segmented.SegmentedRaftLogWorker (SegmentedRaftLogWorker.java:run(316)) - 7770f8c7-01fb-43d9-b34c-02757d82bdbb@group-39432DB2F660-SegmentedRaftLogWorker was interrupted, exiting. There are 0 tasks remaining in the queue.
2019-10-24 04:19:53,896 [main] INFO  segmented.SegmentedRaftLogWorker (SegmentedRaftLogWorker.java:close(224)) - 7770f8c7-01fb-43d9-b34c-02757d82bdbb@group-39432DB2F660-SegmentedRaftLogWorker close()
2019-10-24 04:19:53,897 [main] INFO  server.GrpcService (GrpcService.java:closeImpl(164)) - 7770f8c7-01fb-43d9-b34c-02757d82bdbb: shutdown server with port 34239 now
2019-10-24 04:19:53,903 [main] INFO  server.GrpcService (GrpcService.java:closeImpl(172)) - 7770f8c7-01fb-43d9-b34c-02757d82bdbb: shutdown server with port 34239 successfully
2019-10-24 04:19:53,904 [grpc-default-executor-3] WARN  server.GrpcServerProtocolService (LogUtils.java:warn(134)) - 7770f8c7-01fb-43d9-b34c-02757d82bdbb: installSnapshot onError, lastRequest: 061ed049-4de7-4292-8db3-b6c544105954->7770f8c7-01fb-43d9-b34c-02757d82bdbb#7-t1, previous=(t:1, i:4), leaderCommit=4, initializing? false, entries: <empty>: org.apache.ratis.thirdparty.io.grpc.StatusRuntimeException: CANCELLED: cancelled before receiving half close
2019-10-24 04:19:53,906 [grpc-default-executor-2] WARN  server.GrpcLogAppender (LogUtils.java:warn(134)) - 061ed049-4de7-4292-8db3-b6c544105954@group-74CCE82B9A43->7770f8c7-01fb-43d9-b34c-02757d82bdbb-AppendLogResponseHandler: Failed appendEntries: org.apache.ratis.thirdparty.io.grpc.StatusRuntimeException: CANCELLED: HTTP/2 error code: CANCEL
Received Rst Stream
2019-10-24 04:19:53,914 [refreshUsed-/workdir/hadoop-ozone/integration-test/target/test-dir/MiniOzoneClusterImpl-130f5b65-2f93-4feb-bc6d-4f491c54915a/datanode-2/data/containers] WARN  fs.CachingGetSpaceUsed (CachingGetSpaceUsed.java:run(183)) - Thread Interrupted waiting to refresh disk information: sleep interrupted
2019-10-24 04:19:53,932 [main] INFO  utils.BackgroundService (BackgroundService.java:shutdown(151)) - Shutting down service BlockDeletingService
2019-10-24 04:19:53,935 [main] INFO  statemachine.DatanodeStateMachine (DatanodeStateMachine.java:stopDaemon(395)) - Ozone container server stopped.
2019-10-24 04:19:53,939 [main] INFO  handler.ContextHandler (ContextHandler.java:doStop(910)) - Stopped o.e.j.w.WebAppContext@70228253{/,null,UNAVAILABLE}{/hddsDatanode}
2019-10-24 04:19:53,944 [main] INFO  server.AbstractConnector (AbstractConnector.java:doStop(318)) - Stopped ServerConnector@63c12e52{HTTP/1.1,[http/1.1]}{0.0.0.0:0}
2019-10-24 04:19:53,944 [main] INFO  handler.ContextHandler (ContextHandler.java:doStop(910)) - Stopped o.e.j.s.ServletContextHandler@4fc3c165{/static,jar:file:/home/user/.m2/repository/org/apache/hadoop/hadoop-hdds-container-service/0.5.0-SNAPSHOT/hadoop-hdds-container-service-0.5.0-SNAPSHOT.jar!/webapps/static,UNAVAILABLE}
2019-10-24 04:19:53,945 [main] INFO  handler.ContextHandler (ContextHandler.java:doStop(910)) - Stopped o.e.j.s.ServletContextHandler@e5cbff2{/logs,file:///workdir/hadoop-ozone/integration-test/target/log,UNAVAILABLE}
2019-10-24 04:19:56,950 [java.util.concurrent.ThreadPoolExecutor$Worker@4fa1d99e[State = -1, empty queue]] WARN  server.GrpcLogAppender (GrpcLogAppender.java:timeoutAppendRequest(209)) - 061ed049-4de7-4292-8db3-b6c544105954@group-74CCE82B9A43->7770f8c7-01fb-43d9-b34c-02757d82bdbb-GrpcLogAppender: appendEntries Timeout, request=061ed049-4de7-4292-8db3-b6c544105954->7770f8c7-01fb-43d9-b34c-02757d82bdbb#8-t1, previous=(t:1, i:4), leaderCommit=4, initializing? false, entries: size=1, first=(t:1, i:5), STATEMACHINELOGENTRY, client-AD324743EAE9, cid=8
2019-10-24 04:19:56,952 [java.util.concurrent.ThreadPoolExecutor$Worker@4fa1d99e[State = -1, empty queue]] WARN  server.GrpcLogAppender (GrpcLogAppender.java:timeoutAppendRequest(209)) - 061ed049-4de7-4292-8db3-b6c544105954@group-74CCE82B9A43->7770f8c7-01fb-43d9-b34c-02757d82bdbb-GrpcLogAppender: appendEntries Timeout, request=061ed049-4de7-4292-8db3-b6c544105954->7770f8c7-01fb-43d9-b34c-02757d82bdbb#9-t1, previous=(t:1, i:5), leaderCommit=4, initializing? false, entries: size=1, first=(t:1, i:6), STATEMACHINELOGENTRY, client-AD324743EAE9, cid=9
2019-10-24 04:19:56,966 [java.util.concurrent.ThreadPoolExecutor$Worker@4fa1d99e[State = -1, empty queue]] WARN  server.GrpcLogAppender (GrpcLogAppender.java:timeoutAppendRequest(209)) - 061ed049-4de7-4292-8db3-b6c544105954@group-74CCE82B9A43->7770f8c7-01fb-43d9-b34c-02757d82bdbb-GrpcLogAppender: appendEntries Timeout, request=061ed049-4de7-4292-8db3-b6c544105954->7770f8c7-01fb-43d9-b34c-02757d82bdbb#10-t1, previous=(t:1, i:6), leaderCommit=5, initializing? false, entries: size=1, first=(t:1, i:7), METADATAENTRY(c5)
2019-10-24 04:19:56,966 [java.util.concurrent.ThreadPoolExecutor$Worker@4fa1d99e[State = -1, empty queue]] WARN  server.GrpcLogAppender (GrpcLogAppender.java:timeoutAppendRequest(209)) - 061ed049-4de7-4292-8db3-b6c544105954@group-74CCE82B9A43->7770f8c7-01fb-43d9-b34c-02757d82bdbb-GrpcLogAppender: appendEntries Timeout, request=061ed049-4de7-4292-8db3-b6c544105954->7770f8c7-01fb-43d9-b34c-02757d82bdbb#11-t1, previous=(t:1, i:7), leaderCommit=6, initializing? false, entries: size=1, first=(t:1, i:8), METADATAENTRY(c6)
2019-10-24 04:19:59,468 [java.util.concurrent.ThreadPoolExecutor$Worker@4fa1d99e[State = -1, empty queue]] WARN  server.GrpcLogAppender (GrpcLogAppender.java:timeoutAppendRequest(209)) - 061ed049-4de7-4292-8db3-b6c544105954@group-74CCE82B9A43->7770f8c7-01fb-43d9-b34c-02757d82bdbb-GrpcLogAppender: appendEntries Timeout, request=061ed049-4de7-4292-8db3-b6c544105954->7770f8c7-01fb-43d9-b34c-02757d82bdbb#12-t1, previous=(t:1, i:8), leaderCommit=8, initializing? false, entries: <empty>
2019-10-24 04:20:01,969 [java.util.concurrent.ThreadPoolExecutor$Worker@4fa1d99e[State = -1, empty queue]] WARN  server.GrpcLogAppender (GrpcLogAppender.java:timeoutAppendRequest(209)) - 061ed049-4de7-4292-8db3-b6c544105954@group-74CCE82B9A43->7770f8c7-01fb-43d9-b34c-02757d82bdbb-GrpcLogAppender: appendEntries Timeout, request=061ed049-4de7-4292-8db3-b6c544105954->7770f8c7-01fb-43d9-b34c-02757d82bdbb#13-t1, previous=(t:1, i:8), leaderCommit=8, initializing? false, entries: <empty>
2019-10-24 04:20:04,011 [Thread-293] INFO  client.GrpcClientProtocolService (GrpcClientProtocolService.java:lambda$processClientRequest$0(279)) - Failed RaftClientRequest:client-AD324743EAE9->e3498cd7-eaa3-4a2f-a67e-ea1e9c2005a9@group-74CCE82B9A43, cid=10, seq=0, Watch-ALL_COMMITTED(6), Message:<EMPTY>, reply=RaftClientReply:client-AD324743EAE9->e3498cd7-eaa3-4a2f-a67e-ea1e9c2005a9@group-74CCE82B9A43, cid=10, FAILED org.apache.ratis.protocol.NotLeaderException: Server e3498cd7-eaa3-4a2f-a67e-ea1e9c2005a9@group-74CCE82B9A43 is not the leader 061ed049-4de7-4292-8db3-b6c544105954:192.168.69.119:41000, logIndex=0, commits[e3498cd7-eaa3-4a2f-a67e-ea1e9c2005a9:c8, 061ed049-4de7-4292-8db3-b6c544105954:c8, 7770f8c7-01fb-43d9-b34c-02757d82bdbb:c4]
2019-10-24 04:20:04,471 [java.util.concurrent.ThreadPoolExecutor$Worker@4fa1d99e[State = -1, empty queue]] WARN  server.GrpcLogAppender (GrpcLogAppender.java:timeoutAppendRequest(209)) - 061ed049-4de7-4292-8db3-b6c544105954@group-74CCE82B9A43->7770f8c7-01fb-43d9-b34c-02757d82bdbb-GrpcLogAppender: appendEntries Timeout, request=061ed049-4de7-4292-8db3-b6c544105954->7770f8c7-01fb-43d9-b34c-02757d82bdbb#14-t1, previous=(t:1, i:8), leaderCommit=8, initializing? false, entries: <empty>
2019-10-24 04:20:04,887 [Thread-296] INFO  client.GrpcClientProtocolService (GrpcClientProtocolService.java:lambda$processClientRequest$0(279)) - Failed RaftClientRequest:client-AD324743EAE9->061ed049-4de7-4292-8db3-b6c544105954@group-74CCE82B9A43, cid=10, seq=0, Watch-ALL_COMMITTED(6), Message:<EMPTY>, reply=RaftClientReply:client-AD324743EAE9->061ed049-4de7-4292-8db3-b6c544105954@group-74CCE82B9A43, cid=10, FAILED org.apache.ratis.protocol.NotReplicatedException: Request with call Id 10 and log index 6 is not yet replicated to ALL_COMMITTED, logIndex=6, commits[061ed049-4de7-4292-8db3-b6c544105954:c8, 7770f8c7-01fb-43d9-b34c-02757d82bdbb:c4, e3498cd7-eaa3-4a2f-a67e-ea1e9c2005a9:c8]
2019-10-24 04:20:06,972 [java.util.concurrent.ThreadPoolExecutor$Worker@4fa1d99e[State = -1, empty queue]] WARN  server.GrpcLogAppender (GrpcLogAppender.java:timeoutAppendRequest(209)) - 061ed049-4de7-4292-8db3-b6c544105954@group-74CCE82B9A43->7770f8c7-01fb-43d9-b34c-02757d82bdbb-GrpcLogAppender: appendEntries Timeout, request=061ed049-4de7-4292-8db3-b6c544105954->7770f8c7-01fb-43d9-b34c-02757d82bdbb#15-t1, previous=(t:1, i:8), leaderCommit=8, initializing? false, entries: <empty>
2019-10-24 04:20:09,473 [java.util.concurrent.ThreadPoolExecutor$Worker@4fa1d99e[State = -1, empty queue]] WARN  server.GrpcLogAppender (GrpcLogAppender.java:timeoutAppendRequest(209)) - 061ed049-4de7-4292-8db3-b6c544105954@group-74CCE82B9A43->7770f8c7-01fb-43d9-b34c-02757d82bdbb-GrpcLogAppender: appendEntries Timeout, request=061ed049-4de7-4292-8db3-b6c544105954->7770f8c7-01fb-43d9-b34c-02757d82bdbb#16-t1, previous=(t:1, i:8), leaderCommit=8, initializing? false, entries: <empty>
2019-10-24 04:20:11,974 [java.util.concurrent.ThreadPoolExecutor$Worker@4fa1d99e[State = -1, empty queue]] WARN  server.GrpcLogAppender (GrpcLogAppender.java:timeoutAppendRequest(209)) - 061ed049-4de7-4292-8db3-b6c544105954@group-74CCE82B9A43->7770f8c7-01fb-43d9-b34c-02757d82bdbb-GrpcLogAppender: appendEntries Timeout, request=061ed049-4de7-4292-8db3-b6c544105954->7770f8c7-01fb-43d9-b34c-02757d82bdbb#17-t1, previous=(t:1, i:8), leaderCommit=8, initializing? false, entries: <empty>
2019-10-24 04:20:13,037 [Thread-302] INFO  client.GrpcClientProtocolService (GrpcClientProtocolService.java:lambda$processClientRequest$0(279)) - Failed RaftClientRequest:client-AD324743EAE9->e3498cd7-eaa3-4a2f-a67e-ea1e9c2005a9@group-74CCE82B9A43, cid=10, seq=0, Watch-ALL_COMMITTED(6), Message:<EMPTY>, reply=RaftClientReply:client-AD324743EAE9->e3498cd7-eaa3-4a2f-a67e-ea1e9c2005a9@group-74CCE82B9A43, cid=10, FAILED org.apache.ratis.protocol.NotLeaderException: Server e3498cd7-eaa3-4a2f-a67e-ea1e9c2005a9@group-74CCE82B9A43 is not the leader 061ed049-4de7-4292-8db3-b6c544105954:192.168.69.119:41000, logIndex=0, commits[e3498cd7-eaa3-4a2f-a67e-ea1e9c2005a9:c8, 061ed049-4de7-4292-8db3-b6c544105954:c8, 7770f8c7-01fb-43d9-b34c-02757d82bdbb:c4]
2019-10-24 04:20:14,474 [java.util.concurrent.ThreadPoolExecutor$Worker@4fa1d99e[State = -1, empty queue]] WARN  server.GrpcLogAppender (GrpcLogAppender.java:timeoutAppendRequest(209)) - 061ed049-4de7-4292-8db3-b6c544105954@group-74CCE82B9A43->7770f8c7-01fb-43d9-b34c-02757d82bdbb-GrpcLogAppender: appendEntries Timeout, request=061ed049-4de7-4292-8db3-b6c544105954->7770f8c7-01fb-43d9-b34c-02757d82bdbb#18-t1, previous=(t:1, i:8), leaderCommit=8, initializing? false, entries: <empty>
2019-10-24 04:20:14,884 [Thread-306] INFO  client.GrpcClientProtocolService (GrpcClientProtocolService.java:lambda$processClientRequest$0(279)) - Failed RaftClientRequest:client-AD324743EAE9->061ed049-4de7-4292-8db3-b6c544105954@group-74CCE82B9A43, cid=10, seq=0, Watch-ALL_COMMITTED(6), Message:<EMPTY>, reply=RaftClientReply:client-AD324743EAE9->061ed049-4de7-4292-8db3-b6c544105954@group-74CCE82B9A43, cid=10, FAILED org.apache.ratis.protocol.NotReplicatedException: Request with call Id 10 and log index 6 is not yet replicated to ALL_COMMITTED, logIndex=6, commits[061ed049-4de7-4292-8db3-b6c544105954:c8, 7770f8c7-01fb-43d9-b34c-02757d82bdbb:c4, e3498cd7-eaa3-4a2f-a67e-ea1e9c2005a9:c8]
2019-10-24 04:20:16,976 [java.util.concurrent.ThreadPoolExecutor$Worker@4fa1d99e[State = -1, empty queue]] WARN  server.GrpcLogAppender (GrpcLogAppender.java:timeoutAppendRequest(209)) - 061ed049-4de7-4292-8db3-b6c544105954@group-74CCE82B9A43->7770f8c7-01fb-43d9-b34c-02757d82bdbb-GrpcLogAppender: appendEntries Timeout, request=061ed049-4de7-4292-8db3-b6c544105954->7770f8c7-01fb-43d9-b34c-02757d82bdbb#19-t1, previous=(t:1, i:8), leaderCommit=8, initializing? false, entries: <empty>
2019-10-24 04:20:19,476 [java.util.concurrent.ThreadPoolExecutor$Worker@4fa1d99e[State = -1, empty queue]] WARN  server.GrpcLogAppender (GrpcLogAppender.java:timeoutAppendRequest(209)) - 061ed049-4de7-4292-8db3-b6c544105954@group-74CCE82B9A43->7770f8c7-01fb-43d9-b34c-02757d82bdbb-GrpcLogAppender: appendEntries Timeout, request=061ed049-4de7-4292-8db3-b6c544105954->7770f8c7-01fb-43d9-b34c-02757d82bdbb#20-t1, previous=(t:1, i:8), leaderCommit=8, initializing? false, entries: <empty>
2019-10-24 04:20:21,979 [java.util.concurrent.ThreadPoolExecutor$Worker@4fa1d99e[State = -1, empty queue]] WARN  server.GrpcLogAppender (GrpcLogAppender.java:timeoutAppendRequest(209)) - 061ed049-4de7-4292-8db3-b6c544105954@group-74CCE82B9A43->7770f8c7-01fb-43d9-b34c-02757d82bdbb-GrpcLogAppender: appendEntries Timeout, request=061ed049-4de7-4292-8db3-b6c544105954->7770f8c7-01fb-43d9-b34c-02757d82bdbb#21-t1, previous=(t:1, i:8), leaderCommit=8, initializing? false, entries: <empty>
2019-10-24 04:20:23,884 [Thread-314] INFO  client.GrpcClientProtocolService (GrpcClientProtocolService.java:lambda$processClientRequest$0(279)) - Failed RaftClientRequest:client-AD324743EAE9->061ed049-4de7-4292-8db3-b6c544105954@group-74CCE82B9A43, cid=10, seq=0, Watch-ALL_COMMITTED(6), Message:<EMPTY>, reply=RaftClientReply:client-AD324743EAE9->061ed049-4de7-4292-8db3-b6c544105954@group-74CCE82B9A43, cid=10, FAILED org.apache.ratis.protocol.NotReplicatedException: Request with call Id 10 and log index 6 is not yet replicated to ALL_COMMITTED, logIndex=6, commits[061ed049-4de7-4292-8db3-b6c544105954:c8, 7770f8c7-01fb-43d9-b34c-02757d82bdbb:c4, e3498cd7-eaa3-4a2f-a67e-ea1e9c2005a9:c8]
2019-10-24 04:20:23,983 [main] WARN  scm.XceiverClientRatis (XceiverClientRatis.java:watchForCommit(277)) - 3 way commit failed on pipeline Pipeline[ Id: 9f202be1-23c1-4e96-9103-74cce82b9a43, Nodes: 061ed049-4de7-4292-8db3-b6c544105954{ip: 192.168.69.119, host: pr-hdds-2354-xrwnf-3238337902, networkLocation: /default-rack, certSerialId: null}7770f8c7-01fb-43d9-b34c-02757d82bdbb{ip: 192.168.69.119, host: pr-hdds-2354-xrwnf-3238337902, networkLocation: /default-rack, certSerialId: null}e3498cd7-eaa3-4a2f-a67e-ea1e9c2005a9{ip: 192.168.69.119, host: pr-hdds-2354-xrwnf-3238337902, networkLocation: /default-rack, certSerialId: null}, Type:RATIS, Factor:THREE, State:OPEN]
java.util.concurrent.TimeoutException
	at java.util.concurrent.CompletableFuture.timedGet(CompletableFuture.java:1771)
	at java.util.concurrent.CompletableFuture.get(CompletableFuture.java:1915)
	at org.apache.hadoop.hdds.scm.XceiverClientRatis.watchForCommit(XceiverClientRatis.java:274)
	at org.apache.hadoop.hdds.scm.storage.CommitWatcher.watchForCommit(CommitWatcher.java:198)
	at org.apache.hadoop.hdds.scm.storage.CommitWatcher.watchOnLastIndex(CommitWatcher.java:161)
	at org.apache.hadoop.hdds.scm.storage.BlockOutputStream.watchForCommit(BlockOutputStream.java:346)
	at org.apache.hadoop.hdds.scm.storage.BlockOutputStream.handleFlush(BlockOutputStream.java:482)
	at org.apache.hadoop.hdds.scm.storage.BlockOutputStream.close(BlockOutputStream.java:496)
	at org.apache.hadoop.ozone.client.io.BlockOutputStreamEntry.close(BlockOutputStreamEntry.java:143)
	at org.apache.hadoop.ozone.client.io.KeyOutputStream.handleFlushOrClose(KeyOutputStream.java:435)
	at org.apache.hadoop.ozone.client.io.KeyOutputStream.close(KeyOutputStream.java:473)
	at org.apache.hadoop.ozone.client.io.OzoneOutputStream.close(OzoneOutputStream.java:60)
	at org.apache.hadoop.ozone.client.rpc.TestDeleteWithSlowFollower.testDeleteKeyWithSlowFollower(TestDeleteWithSlowFollower.java:193)
	at sun.reflect.NativeMethodAccessorImpl.invoke0(Native Method)
	at sun.reflect.NativeMethodAccessorImpl.invoke(NativeMethodAccessorImpl.java:62)
	at sun.reflect.DelegatingMethodAccessorImpl.invoke(DelegatingMethodAccessorImpl.java:43)
	at java.lang.reflect.Method.invoke(Method.java:498)
	at org.junit.runners.model.FrameworkMethod$1.runReflectiveCall(FrameworkMethod.java:47)
	at org.junit.internal.runners.model.ReflectiveCallable.run(ReflectiveCallable.java:12)
	at org.junit.runners.model.FrameworkMethod.invokeExplosively(FrameworkMethod.java:44)
	at org.junit.internal.runners.statements.InvokeMethod.evaluate(InvokeMethod.java:17)
	at org.junit.runners.ParentRunner.runLeaf(ParentRunner.java:271)
	at org.junit.runners.BlockJUnit4ClassRunner.runChild(BlockJUnit4ClassRunner.java:70)
	at org.junit.runners.BlockJUnit4ClassRunner.runChild(BlockJUnit4ClassRunner.java:50)
	at org.junit.runners.ParentRunner$3.run(ParentRunner.java:238)
	at org.junit.runners.ParentRunner$1.schedule(ParentRunner.java:63)
	at org.junit.runners.ParentRunner.runChildren(ParentRunner.java:236)
	at org.junit.runners.ParentRunner.access$000(ParentRunner.java:53)
	at org.junit.runners.ParentRunner$2.evaluate(ParentRunner.java:229)
	at org.junit.internal.runners.statements.RunBefores.evaluate(RunBefores.java:26)
	at org.junit.internal.runners.statements.RunAfters.evaluate(RunAfters.java:27)
	at org.junit.runners.ParentRunner.run(ParentRunner.java:309)
	at org.apache.maven.surefire.junit4.JUnit4Provider.execute(JUnit4Provider.java:365)
	at org.apache.maven.surefire.junit4.JUnit4Provider.executeWithRerun(JUnit4Provider.java:273)
	at org.apache.maven.surefire.junit4.JUnit4Provider.executeTestSet(JUnit4Provider.java:238)
	at org.apache.maven.surefire.junit4.JUnit4Provider.invoke(JUnit4Provider.java:159)
	at org.apache.maven.surefire.booter.ForkedBooter.invokeProviderInSameClassLoader(ForkedBooter.java:384)
	at org.apache.maven.surefire.booter.ForkedBooter.runSuitesInProcess(ForkedBooter.java:345)
	at org.apache.maven.surefire.booter.ForkedBooter.execute(ForkedBooter.java:126)
	at org.apache.maven.surefire.booter.ForkedBooter.main(ForkedBooter.java:418)
2019-10-24 04:20:23,998 [main] INFO  scm.XceiverClientRatis (XceiverClientRatis.java:lambda$watchForCommit$5(295)) - Could not commit index 6 on pipeline Pipeline[ Id: 9f202be1-23c1-4e96-9103-74cce82b9a43, Nodes: 061ed049-4de7-4292-8db3-b6c544105954{ip: 192.168.69.119, host: pr-hdds-2354-xrwnf-3238337902, networkLocation: /default-rack, certSerialId: null}7770f8c7-01fb-43d9-b34c-02757d82bdbb{ip: 192.168.69.119, host: pr-hdds-2354-xrwnf-3238337902, networkLocation: /default-rack, certSerialId: null}e3498cd7-eaa3-4a2f-a67e-ea1e9c2005a9{ip: 192.168.69.119, host: pr-hdds-2354-xrwnf-3238337902, networkLocation: /default-rack, certSerialId: null}, Type:RATIS, Factor:THREE, State:OPEN] to all the nodes. Server 7770f8c7-01fb-43d9-b34c-02757d82bdbb has failed. Committed by majority.
2019-10-24 04:20:23,999 [main] WARN  storage.BlockOutputStream (BlockOutputStream.java:watchForCommit(352)) - Failed to commit BlockId conID: 1 locID: 103015434432741376 bcsId: 6 on Pipeline[ Id: 9f202be1-23c1-4e96-9103-74cce82b9a43, Nodes: 061ed049-4de7-4292-8db3-b6c544105954{ip: 192.168.69.119, host: pr-hdds-2354-xrwnf-3238337902, networkLocation: /default-rack, certSerialId: null}7770f8c7-01fb-43d9-b34c-02757d82bdbb{ip: 192.168.69.119, host: pr-hdds-2354-xrwnf-3238337902, networkLocation: /default-rack, certSerialId: null}e3498cd7-eaa3-4a2f-a67e-ea1e9c2005a9{ip: 192.168.69.119, host: pr-hdds-2354-xrwnf-3238337902, networkLocation: /default-rack, certSerialId: null}, Type:RATIS, Factor:THREE, State:OPEN]. Failed nodes: [7770f8c7-01fb-43d9-b34c-02757d82bdbb{ip: null, host: null, networkLocation: /default-rack, certSerialId: null}]
2019-10-24 04:20:24,081 [EventQueue-IncrementalContainerReportForIncrementalContainerReportHandler] WARN  container.IncrementalContainerReportHandler (AbstractContainerReportHandler.java:updateContainerState(145)) - Container #1 is in OPEN state, but the datanode 061ed049-4de7-4292-8db3-b6c544105954{ip: 192.168.69.119, host: pr-hdds-2354-xrwnf-3238337902, networkLocation: /default-rack, certSerialId: null} reports an CLOSING replica.
2019-10-24 04:20:24,095 [RatisApplyTransactionExecutor 1] INFO  interfaces.Container (KeyValueContainer.java:flushAndSyncDB(386)) - Container 1 is synced with bcsId 6.
2019-10-24 04:20:24,096 [RatisApplyTransactionExecutor 1] INFO  interfaces.Container (KeyValueContainer.java:flushAndSyncDB(386)) - Container 1 is synced with bcsId 6.
2019-10-24 04:20:24,100 [EventQueue-IncrementalContainerReportForIncrementalContainerReportHandler] WARN  container.IncrementalContainerReportHandler (AbstractContainerReportHandler.java:updateContainerState(145)) - Container #1 is in OPEN state, but the datanode e3498cd7-eaa3-4a2f-a67e-ea1e9c2005a9{ip: 192.168.69.119, host: pr-hdds-2354-xrwnf-3238337902, networkLocation: /default-rack, certSerialId: null} reports an CLOSING replica.
2019-10-24 04:20:24,101 [RatisApplyTransactionExecutor 1] INFO  interfaces.Container (KeyValueContainer.java:flushAndSyncDB(386)) - Container 1 is synced with bcsId 6.
2019-10-24 04:20:24,102 [RatisApplyTransactionExecutor 1] INFO  interfaces.Container (KeyValueContainer.java:flushAndSyncDB(386)) - Container 1 is synced with bcsId 6.
2019-10-24 04:20:24,116 [RatisApplyTransactionExecutor 1] INFO  interfaces.Container (KeyValueContainer.java:close(335)) - Container 1 is closed with bcsId 6.
2019-10-24 04:20:24,116 [RatisApplyTransactionExecutor 1] INFO  interfaces.Container (KeyValueContainer.java:close(335)) - Container 1 is closed with bcsId 6.
2019-10-24 04:20:24,117 [EventQueue-IncrementalContainerReportForIncrementalContainerReportHandler] WARN  container.IncrementalContainerReportHandler (AbstractContainerReportHandler.java:updateContainerState(145)) - Container #1 is in OPEN state, but the datanode 061ed049-4de7-4292-8db3-b6c544105954{ip: 192.168.69.119, host: pr-hdds-2354-xrwnf-3238337902, networkLocation: /default-rack, certSerialId: null} reports an CLOSED replica.
2019-10-24 04:20:24,118 [EventQueue-IncrementalContainerReportForIncrementalContainerReportHandler] WARN  container.IncrementalContainerReportHandler (AbstractContainerReportHandler.java:updateContainerState(145)) - Container #1 is in OPEN state, but the datanode e3498cd7-eaa3-4a2f-a67e-ea1e9c2005a9{ip: 192.168.69.119, host: pr-hdds-2354-xrwnf-3238337902, networkLocation: /default-rack, certSerialId: null} reports an CLOSED replica.
2019-10-24 04:20:24,217 [EventQueue-ContainerReportForContainerReportHandler] WARN  container.ContainerReportHandler (AbstractContainerReportHandler.java:updateContainerState(145)) - Container #1 is in OPEN state, but the datanode 061ed049-4de7-4292-8db3-b6c544105954{ip: 192.168.69.119, host: pr-hdds-2354-xrwnf-3238337902, networkLocation: /default-rack, certSerialId: null} reports an CLOSED replica.
2019-10-24 04:20:24,317 [EventQueue-ContainerReportForContainerReportHandler] WARN  container.ContainerReportHandler (AbstractContainerReportHandler.java:updateContainerState(145)) - Container #1 is in OPEN state, but the datanode e3498cd7-eaa3-4a2f-a67e-ea1e9c2005a9{ip: 192.168.69.119, host: pr-hdds-2354-xrwnf-3238337902, networkLocation: /default-rack, certSerialId: null} reports an CLOSED replica.
2019-10-24 04:20:24,334 [IPC Server handler 0 on 39639] INFO  server.SCMBlockProtocolServer (SCMBlockProtocolServer.java:deleteKeyBlocks(217)) - SCM is informed by OM to delete 1 blocks
2019-10-24 04:20:24,335 [IPC Server handler 0 on 39639] INFO  block.BlockManagerImpl (BlockManagerImpl.java:deleteBlocks(285)) - Deleting blocks conID: 1 locID: 103015434432741376 bcsId: 0
2019-10-24 04:20:24,421 [BlockDeletingService#2] WARN  background.BlockDeletingService (BlockDeletingService.java:isDeletionAllowed(187)) - Close Container log Index 6 is not replicated across allthe servers in the pipeline 9f202be1-23c1-4e96-9103-74cce82b9a43 as the min replicated index is 4. Deletion is not allowed in this container yet.
2019-10-24 04:20:24,424 [BlockDeletingService#6] WARN  background.BlockDeletingService (BlockDeletingService.java:isDeletionAllowed(187)) - Close Container log Index 6 is not replicated across allthe servers in the pipeline 9f202be1-23c1-4e96-9103-74cce82b9a43 as the min replicated index is 4. Deletion is not allowed in this container yet.
2019-10-24 04:20:24,482 [java.util.concurrent.ThreadPoolExecutor$Worker@4fa1d99e[State = -1, empty queue]] WARN  server.GrpcLogAppender (GrpcLogAppender.java:timeoutAppendRequest(209)) - 061ed049-4de7-4292-8db3-b6c544105954@group-74CCE82B9A43->7770f8c7-01fb-43d9-b34c-02757d82bdbb-GrpcLogAppender: appendEntries Timeout, request=061ed049-4de7-4292-8db3-b6c544105954->7770f8c7-01fb-43d9-b34c-02757d82bdbb#22-t1, previous=(t:1, i:8), leaderCommit=8, initializing? false, entries: <empty>
2019-10-24 04:20:24,518 [EventQueue-ContainerReportForContainerReportHandler] WARN  container.ContainerReportHandler (AbstractContainerReportHandler.java:updateContainerState(145)) - Container #1 is in OPEN state, but the datanode 061ed049-4de7-4292-8db3-b6c544105954{ip: 192.168.69.119, host: pr-hdds-2354-xrwnf-3238337902, networkLocation: /default-rack, certSerialId: null} reports an CLOSED replica.
2019-10-24 04:20:24,617 [EventQueue-ContainerReportForContainerReportHandler] WARN  container.ContainerReportHandler (AbstractContainerReportHandler.java:updateContainerState(145)) - Container #1 is in OPEN state, but the datanode e3498cd7-eaa3-4a2f-a67e-ea1e9c2005a9{ip: 192.168.69.119, host: pr-hdds-2354-xrwnf-3238337902, networkLocation: /default-rack, certSerialId: null} reports an CLOSED replica.
2019-10-24 04:20:24,817 [EventQueue-ContainerReportForContainerReportHandler] WARN  container.ContainerReportHandler (AbstractContainerReportHandler.java:updateContainerState(145)) - Container #1 is in OPEN state, but the datanode e3498cd7-eaa3-4a2f-a67e-ea1e9c2005a9{ip: 192.168.69.119, host: pr-hdds-2354-xrwnf-3238337902, networkLocation: /default-rack, certSerialId: null} reports an CLOSED replica.
2019-10-24 04:20:24,917 [EventQueue-ContainerReportForContainerReportHandler] WARN  container.ContainerReportHandler (AbstractContainerReportHandler.java:updateContainerState(145)) - Container #1 is in OPEN state, but the datanode 061ed049-4de7-4292-8db3-b6c544105954{ip: 192.168.69.119, host: pr-hdds-2354-xrwnf-3238337902, networkLocation: /default-rack, certSerialId: null} reports an CLOSED replica.
2019-10-24 04:20:25,217 [EventQueue-ContainerReportForContainerReportHandler] WARN  container.ContainerReportHandler (AbstractContainerReportHandler.java:updateContainerState(145)) - Container #1 is in OPEN state, but the datanode 061ed049-4de7-4292-8db3-b6c544105954{ip: 192.168.69.119, host: pr-hdds-2354-xrwnf-3238337902, networkLocation: /default-rack, certSerialId: null} reports an CLOSED replica.
2019-10-24 04:20:25,217 [EventQueue-ContainerReportForContainerReportHandler] WARN  container.ContainerReportHandler (AbstractContainerReportHandler.java:updateContainerState(145)) - Container #1 is in OPEN state, but the datanode e3498cd7-eaa3-4a2f-a67e-ea1e9c2005a9{ip: 192.168.69.119, host: pr-hdds-2354-xrwnf-3238337902, networkLocation: /default-rack, certSerialId: null} reports an CLOSED replica.
2019-10-24 04:20:25,423 [BlockDeletingService#2] WARN  background.BlockDeletingService (BlockDeletingService.java:isDeletionAllowed(187)) - Close Container log Index 6 is not replicated across allthe servers in the pipeline 9f202be1-23c1-4e96-9103-74cce82b9a43 as the min replicated index is 4. Deletion is not allowed in this container yet.
2019-10-24 04:20:25,428 [BlockDeletingService#6] WARN  background.BlockDeletingService (BlockDeletingService.java:isDeletionAllowed(187)) - Close Container log Index 6 is not replicated across allthe servers in the pipeline 9f202be1-23c1-4e96-9103-74cce82b9a43 as the min replicated index is 4. Deletion is not allowed in this container yet.
2019-10-24 04:20:25,517 [EventQueue-ContainerReportForContainerReportHandler] WARN  container.ContainerReportHandler (AbstractContainerReportHandler.java:updateContainerState(145)) - Container #1 is in OPEN state, but the datanode e3498cd7-eaa3-4a2f-a67e-ea1e9c2005a9{ip: 192.168.69.119, host: pr-hdds-2354-xrwnf-3238337902, networkLocation: /default-rack, certSerialId: null} reports an CLOSED replica.
2019-10-24 04:20:25,517 [EventQueue-ContainerReportForContainerReportHandler] WARN  container.ContainerReportHandler (AbstractContainerReportHandler.java:updateContainerState(145)) - Container #1 is in OPEN state, but the datanode 061ed049-4de7-4292-8db3-b6c544105954{ip: 192.168.69.119, host: pr-hdds-2354-xrwnf-3238337902, networkLocation: /default-rack, certSerialId: null} reports an CLOSED replica.
2019-10-24 04:20:25,918 [EventQueue-ContainerReportForContainerReportHandler] WARN  container.ContainerReportHandler (AbstractContainerReportHandler.java:updateContainerState(145)) - Container #1 is in OPEN state, but the datanode 061ed049-4de7-4292-8db3-b6c544105954{ip: 192.168.69.119, host: pr-hdds-2354-xrwnf-3238337902, networkLocation: /default-rack, certSerialId: null} reports an CLOSED replica.
2019-10-24 04:20:25,918 [EventQueue-ContainerReportForContainerReportHandler] WARN  container.ContainerReportHandler (AbstractContainerReportHandler.java:updateContainerState(145)) - Container #1 is in OPEN state, but the datanode e3498cd7-eaa3-4a2f-a67e-ea1e9c2005a9{ip: 192.168.69.119, host: pr-hdds-2354-xrwnf-3238337902, networkLocation: /default-rack, certSerialId: null} reports an CLOSED replica.
2019-10-24 04:20:26,217 [EventQueue-ContainerReportForContainerReportHandler] WARN  container.ContainerReportHandler (AbstractContainerReportHandler.java:updateContainerState(145)) - Container #1 is in OPEN state, but the datanode 061ed049-4de7-4292-8db3-b6c544105954{ip: 192.168.69.119, host: pr-hdds-2354-xrwnf-3238337902, networkLocation: /default-rack, certSerialId: null} reports an CLOSED replica.
2019-10-24 04:20:26,218 [EventQueue-ContainerReportForContainerReportHandler] WARN  container.ContainerReportHandler (AbstractContainerReportHandler.java:updateContainerState(145)) - Container #1 is in OPEN state, but the datanode e3498cd7-eaa3-4a2f-a67e-ea1e9c2005a9{ip: 192.168.69.119, host: pr-hdds-2354-xrwnf-3238337902, networkLocation: /default-rack, certSerialId: null} reports an CLOSED replica.
2019-10-24 04:20:26,425 [BlockDeletingService#2] WARN  background.BlockDeletingService (BlockDeletingService.java:isDeletionAllowed(187)) - Close Container log Index 6 is not replicated across allthe servers in the pipeline 9f202be1-23c1-4e96-9103-74cce82b9a43 as the min replicated index is 4. Deletion is not allowed in this container yet.
2019-10-24 04:20:26,429 [BlockDeletingService#6] WARN  background.BlockDeletingService (BlockDeletingService.java:isDeletionAllowed(187)) - Close Container log Index 6 is not replicated across allthe servers in the pipeline 9f202be1-23c1-4e96-9103-74cce82b9a43 as the min replicated index is 4. Deletion is not allowed in this container yet.
2019-10-24 04:20:26,518 [EventQueue-ContainerReportForContainerReportHandler] WARN  container.ContainerReportHandler (AbstractContainerReportHandler.java:updateContainerState(145)) - Container #1 is in OPEN state, but the datanode 061ed049-4de7-4292-8db3-b6c544105954{ip: 192.168.69.119, host: pr-hdds-2354-xrwnf-3238337902, networkLocation: /default-rack, certSerialId: null} reports an CLOSED replica.
2019-10-24 04:20:26,518 [EventQueue-ContainerReportForContainerReportHandler] WARN  container.ContainerReportHandler (AbstractContainerReportHandler.java:updateContainerState(145)) - Container #1 is in OPEN state, but the datanode e3498cd7-eaa3-4a2f-a67e-ea1e9c2005a9{ip: 192.168.69.119, host: pr-hdds-2354-xrwnf-3238337902, networkLocation: /default-rack, certSerialId: null} reports an CLOSED replica.
2019-10-24 04:20:26,717 [EventQueue-ContainerReportForContainerReportHandler] WARN  container.ContainerReportHandler (AbstractContainerReportHandler.java:updateContainerState(145)) - Container #1 is in OPEN state, but the datanode 061ed049-4de7-4292-8db3-b6c544105954{ip: 192.168.69.119, host: pr-hdds-2354-xrwnf-3238337902, networkLocation: /default-rack, certSerialId: null} reports an CLOSED replica.
2019-10-24 04:20:26,918 [EventQueue-ContainerReportForContainerReportHandler] WARN  container.ContainerReportHandler (AbstractContainerReportHandler.java:updateContainerState(145)) - Container #1 is in OPEN state, but the datanode 061ed049-4de7-4292-8db3-b6c544105954{ip: 192.168.69.119, host: pr-hdds-2354-xrwnf-3238337902, networkLocation: /default-rack, certSerialId: null} reports an CLOSED replica.
2019-10-24 04:20:26,918 [EventQueue-ContainerReportForContainerReportHandler] WARN  container.ContainerReportHandler (AbstractContainerReportHandler.java:updateContainerState(145)) - Container #1 is in OPEN state, but the datanode e3498cd7-eaa3-4a2f-a67e-ea1e9c2005a9{ip: 192.168.69.119, host: pr-hdds-2354-xrwnf-3238337902, networkLocation: /default-rack, certSerialId: null} reports an CLOSED replica.
2019-10-24 04:20:26,983 [java.util.concurrent.ThreadPoolExecutor$Worker@4fa1d99e[State = -1, empty queue]] WARN  server.GrpcLogAppender (GrpcLogAppender.java:timeoutAppendRequest(209)) - 061ed049-4de7-4292-8db3-b6c544105954@group-74CCE82B9A43->7770f8c7-01fb-43d9-b34c-02757d82bdbb-GrpcLogAppender: appendEntries Timeout, request=061ed049-4de7-4292-8db3-b6c544105954->7770f8c7-01fb-43d9-b34c-02757d82bdbb#23-t1, previous=(t:1, i:8), leaderCommit=8, initializing? false, entries: <empty>
2019-10-24 04:20:27,054 [java.util.concurrent.ThreadPoolExecutor$Worker@4fa1d99e[State = -1, empty queue]] WARN  server.GrpcLogAppender (GrpcLogAppender.java:timeoutAppendRequest(209)) - 061ed049-4de7-4292-8db3-b6c544105954@group-74CCE82B9A43->7770f8c7-01fb-43d9-b34c-02757d82bdbb-GrpcLogAppender: appendEntries Timeout, request=061ed049-4de7-4292-8db3-b6c544105954->7770f8c7-01fb-43d9-b34c-02757d82bdbb#24-t1, previous=(t:1, i:8), leaderCommit=8, initializing? false, entries: size=1, first=(t:1, i:9), STATEMACHINELOGENTRY, client-C94A5DEE6393, cid=12
2019-10-24 04:20:27,068 [java.util.concurrent.ThreadPoolExecutor$Worker@4fa1d99e[State = -1, empty queue]] WARN  server.GrpcLogAppender (GrpcLogAppender.java:timeoutAppendRequest(209)) - 061ed049-4de7-4292-8db3-b6c544105954@group-74CCE82B9A43->7770f8c7-01fb-43d9-b34c-02757d82bdbb-GrpcLogAppender: appendEntries Timeout, request=061ed049-4de7-4292-8db3-b6c544105954->7770f8c7-01fb-43d9-b34c-02757d82bdbb#25-t1, previous=(t:1, i:9), leaderCommit=9, initializing? false, entries: size=1, first=(t:1, i:10), METADATAENTRY(c9)
2019-10-24 04:20:27,218 [EventQueue-ContainerReportForContainerReportHandler] WARN  container.ContainerReportHandler (AbstractContainerReportHandler.java:updateContainerState(145)) - Container #1 is in OPEN state, but the datanode e3498cd7-eaa3-4a2f-a67e-ea1e9c2005a9{ip: 192.168.69.119, host: pr-hdds-2354-xrwnf-3238337902, networkLocation: /default-rack, certSerialId: null} reports an CLOSED replica.
2019-10-24 04:20:27,318 [EventQueue-ContainerReportForContainerReportHandler] WARN  container.ContainerReportHandler (AbstractContainerReportHandler.java:updateContainerState(145)) - Container #1 is in OPEN state, but the datanode 061ed049-4de7-4292-8db3-b6c544105954{ip: 192.168.69.119, host: pr-hdds-2354-xrwnf-3238337902, networkLocation: /default-rack, certSerialId: null} reports an CLOSED replica.
2019-10-24 04:20:27,429 [BlockDeletingService#2] WARN  background.BlockDeletingService (BlockDeletingService.java:isDeletionAllowed(187)) - Close Container log Index 6 is not replicated across allthe servers in the pipeline 9f202be1-23c1-4e96-9103-74cce82b9a43 as the min replicated index is 4. Deletion is not allowed in this container yet.
2019-10-24 04:20:27,431 [BlockDeletingService#6] WARN  background.BlockDeletingService (BlockDeletingService.java:isDeletionAllowed(187)) - Close Container log Index 6 is not replicated across allthe servers in the pipeline 9f202be1-23c1-4e96-9103-74cce82b9a43 as the min replicated index is 4. Deletion is not allowed in this container yet.
2019-10-24 04:20:27,521 [EventQueue-ContainerReportForContainerReportHandler] WARN  container.ContainerReportHandler (AbstractContainerReportHandler.java:updateContainerState(145)) - Container #1 is in OPEN state, but the datanode 061ed049-4de7-4292-8db3-b6c544105954{ip: 192.168.69.119, host: pr-hdds-2354-xrwnf-3238337902, networkLocation: /default-rack, certSerialId: null} reports an CLOSED replica.
2019-10-24 04:20:27,522 [EventQueue-ContainerReportForContainerReportHandler] WARN  container.ContainerReportHandler (AbstractContainerReportHandler.java:updateContainerState(145)) - Container #1 is in OPEN state, but the datanode e3498cd7-eaa3-4a2f-a67e-ea1e9c2005a9{ip: 192.168.69.119, host: pr-hdds-2354-xrwnf-3238337902, networkLocation: /default-rack, certSerialId: null} reports an CLOSED replica.
2019-10-24 04:20:27,717 [EventQueue-ContainerReportForContainerReportHandler] WARN  container.ContainerReportHandler (AbstractContainerReportHandler.java:updateContainerState(145)) - Container #1 is in OPEN state, but the datanode 061ed049-4de7-4292-8db3-b6c544105954{ip: 192.168.69.119, host: pr-hdds-2354-xrwnf-3238337902, networkLocation: /default-rack, certSerialId: null} reports an CLOSED replica.
2019-10-24 04:20:27,817 [EventQueue-ContainerReportForContainerReportHandler] WARN  container.ContainerReportHandler (AbstractContainerReportHandler.java:updateContainerState(145)) - Container #1 is in OPEN state, but the datanode e3498cd7-eaa3-4a2f-a67e-ea1e9c2005a9{ip: 192.168.69.119, host: pr-hdds-2354-xrwnf-3238337902, networkLocation: /default-rack, certSerialId: null} reports an CLOSED replica.
2019-10-24 04:20:28,018 [EventQueue-ContainerReportForContainerReportHandler] WARN  container.ContainerReportHandler (AbstractContainerReportHandler.java:updateContainerState(145)) - Container #1 is in OPEN state, but the datanode e3498cd7-eaa3-4a2f-a67e-ea1e9c2005a9{ip: 192.168.69.119, host: pr-hdds-2354-xrwnf-3238337902, networkLocation: /default-rack, certSerialId: null} reports an CLOSED replica.
2019-10-24 04:20:28,118 [EventQueue-ContainerReportForContainerReportHandler] WARN  container.ContainerReportHandler (AbstractContainerReportHandler.java:updateContainerState(145)) - Container #1 is in OPEN state, but the datanode 061ed049-4de7-4292-8db3-b6c544105954{ip: 192.168.69.119, host: pr-hdds-2354-xrwnf-3238337902, networkLocation: /default-rack, certSerialId: null} reports an CLOSED replica.
2019-10-24 04:20:28,318 [EventQueue-ContainerReportForContainerReportHandler] WARN  container.ContainerReportHandler (AbstractContainerReportHandler.java:updateContainerState(145)) - Container #1 is in OPEN state, but the datanode e3498cd7-eaa3-4a2f-a67e-ea1e9c2005a9{ip: 192.168.69.119, host: pr-hdds-2354-xrwnf-3238337902, networkLocation: /default-rack, certSerialId: null} reports an CLOSED replica.
2019-10-24 04:20:28,418 [EventQueue-ContainerReportForContainerReportHandler] WARN  container.ContainerReportHandler (AbstractContainerReportHandler.java:updateContainerState(145)) - Container #1 is in OPEN state, but the datanode 061ed049-4de7-4292-8db3-b6c544105954{ip: 192.168.69.119, host: pr-hdds-2354-xrwnf-3238337902, networkLocation: /default-rack, certSerialId: null} reports an CLOSED replica.
2019-10-24 04:20:28,434 [BlockDeletingService#6] WARN  background.BlockDeletingService (BlockDeletingService.java:isDeletionAllowed(187)) - Close Container log Index 6 is not replicated across allthe servers in the pipeline 9f202be1-23c1-4e96-9103-74cce82b9a43 as the min replicated index is 4. Deletion is not allowed in this container yet.
2019-10-24 04:20:28,434 [BlockDeletingService#2] WARN  background.BlockDeletingService (BlockDeletingService.java:isDeletionAllowed(187)) - Close Container log Index 6 is not replicated across allthe servers in the pipeline 9f202be1-23c1-4e96-9103-74cce82b9a43 as the min replicated index is 4. Deletion is not allowed in this container yet.
2019-10-24 04:20:28,718 [EventQueue-ContainerReportForContainerReportHandler] WARN  container.ContainerReportHandler (AbstractContainerReportHandler.java:updateContainerState(145)) - Container #1 is in OPEN state, but the datanode e3498cd7-eaa3-4a2f-a67e-ea1e9c2005a9{ip: 192.168.69.119, host: pr-hdds-2354-xrwnf-3238337902, networkLocation: /default-rack, certSerialId: null} reports an CLOSED replica.
2019-10-24 04:20:28,718 [EventQueue-ContainerReportForContainerReportHandler] WARN  container.ContainerReportHandler (AbstractContainerReportHandler.java:updateContainerState(145)) - Container #1 is in OPEN state, but the datanode 061ed049-4de7-4292-8db3-b6c544105954{ip: 192.168.69.119, host: pr-hdds-2354-xrwnf-3238337902, networkLocation: /default-rack, certSerialId: null} reports an CLOSED replica.
2019-10-24 04:20:29,017 [EventQueue-ContainerReportForContainerReportHandler] WARN  container.ContainerReportHandler (AbstractContainerReportHandler.java:updateContainerState(145)) - Container #1 is in OPEN state, but the datanode e3498cd7-eaa3-4a2f-a67e-ea1e9c2005a9{ip: 192.168.69.119, host: pr-hdds-2354-xrwnf-3238337902, networkLocation: /default-rack, certSerialId: null} reports an CLOSED replica.
2019-10-24 04:20:29,018 [EventQueue-ContainerReportForContainerReportHandler] WARN  container.ContainerReportHandler (AbstractContainerReportHandler.java:updateContainerState(145)) - Container #1 is in OPEN state, but the datanode 061ed049-4de7-4292-8db3-b6c544105954{ip: 192.168.69.119, host: pr-hdds-2354-xrwnf-3238337902, networkLocation: /default-rack, certSerialId: null} reports an CLOSED replica.
2019-10-24 04:20:29,317 [EventQueue-ContainerReportForContainerReportHandler] WARN  container.ContainerReportHandler (AbstractContainerReportHandler.java:updateContainerState(145)) - Container #1 is in OPEN state, but the datanode e3498cd7-eaa3-4a2f-a67e-ea1e9c2005a9{ip: 192.168.69.119, host: pr-hdds-2354-xrwnf-3238337902, networkLocation: /default-rack, certSerialId: null} reports an CLOSED replica.
2019-10-24 04:20:29,420 [EventQueue-ContainerReportForContainerReportHandler] WARN  container.ContainerReportHandler (AbstractContainerReportHandler.java:updateContainerState(145)) - Container #1 is in OPEN state, but the datanode 061ed049-4de7-4292-8db3-b6c544105954{ip: 192.168.69.119, host: pr-hdds-2354-xrwnf-3238337902, networkLocation: /default-rack, certSerialId: null} reports an CLOSED replica.
2019-10-24 04:20:29,437 [BlockDeletingService#2] WARN  background.BlockDeletingService (BlockDeletingService.java:isDeletionAllowed(187)) - Close Container log Index 6 is not replicated across allthe servers in the pipeline 9f202be1-23c1-4e96-9103-74cce82b9a43 as the min replicated index is 4. Deletion is not allowed in this container yet.
2019-10-24 04:20:29,437 [BlockDeletingService#6] WARN  background.BlockDeletingService (BlockDeletingService.java:isDeletionAllowed(187)) - Close Container log Index 6 is not replicated across allthe servers in the pipeline 9f202be1-23c1-4e96-9103-74cce82b9a43 as the min replicated index is 4. Deletion is not allowed in this container yet.
2019-10-24 04:20:29,570 [java.util.concurrent.ThreadPoolExecutor$Worker@4fa1d99e[State = -1, empty queue]] WARN  server.GrpcLogAppender (GrpcLogAppender.java:timeoutAppendRequest(209)) - 061ed049-4de7-4292-8db3-b6c544105954@group-74CCE82B9A43->7770f8c7-01fb-43d9-b34c-02757d82bdbb-GrpcLogAppender: appendEntries Timeout, request=061ed049-4de7-4292-8db3-b6c544105954->7770f8c7-01fb-43d9-b34c-02757d82bdbb#26-t1, previous=(t:1, i:10), leaderCommit=10, initializing? false, entries: <empty>
2019-10-24 04:20:29,618 [EventQueue-ContainerReportForContainerReportHandler] WARN  container.ContainerReportHandler (AbstractContainerReportHandler.java:updateContainerState(145)) - Container #1 is in OPEN state, but the datanode e3498cd7-eaa3-4a2f-a67e-ea1e9c2005a9{ip: 192.168.69.119, host: pr-hdds-2354-xrwnf-3238337902, networkLocation: /default-rack, certSerialId: null} reports an CLOSED replica.
2019-10-24 04:20:29,720 [EventQueue-ContainerReportForContainerReportHandler] WARN  container.ContainerReportHandler (AbstractContainerReportHandler.java:updateContainerState(145)) - Container #1 is in OPEN state, but the datanode 061ed049-4de7-4292-8db3-b6c544105954{ip: 192.168.69.119, host: pr-hdds-2354-xrwnf-3238337902, networkLocation: /default-rack, certSerialId: null} reports an CLOSED replica.
2019-10-24 04:20:29,817 [EventQueue-ContainerReportForContainerReportHandler] WARN  container.ContainerReportHandler (AbstractContainerReportHandler.java:updateContainerState(145)) - Container #1 is in OPEN state, but the datanode e3498cd7-eaa3-4a2f-a67e-ea1e9c2005a9{ip: 192.168.69.119, host: pr-hdds-2354-xrwnf-3238337902, networkLocation: /default-rack, certSerialId: null} reports an CLOSED replica.
2019-10-24 04:20:30,020 [EventQueue-ContainerReportForContainerReportHandler] WARN  container.ContainerReportHandler (AbstractContainerReportHandler.java:updateContainerState(145)) - Container #1 is in OPEN state, but the datanode 061ed049-4de7-4292-8db3-b6c544105954{ip: 192.168.69.119, host: pr-hdds-2354-xrwnf-3238337902, networkLocation: /default-rack, certSerialId: null} reports an CLOSED replica.
2019-10-24 04:20:30,218 [EventQueue-ContainerReportForContainerReportHandler] WARN  container.ContainerReportHandler (AbstractContainerReportHandler.java:updateContainerState(145)) - Container #1 is in OPEN state, but the datanode e3498cd7-eaa3-4a2f-a67e-ea1e9c2005a9{ip: 192.168.69.119, host: pr-hdds-2354-xrwnf-3238337902, networkLocation: /default-rack, certSerialId: null} reports an CLOSED replica.
2019-10-24 04:20:30,220 [EventQueue-ContainerReportForContainerReportHandler] WARN  container.ContainerReportHandler (AbstractContainerReportHandler.java:updateContainerState(145)) - Container #1 is in OPEN state, but the datanode 061ed049-4de7-4292-8db3-b6c544105954{ip: 192.168.69.119, host: pr-hdds-2354-xrwnf-3238337902, networkLocation: /default-rack, certSerialId: null} reports an CLOSED replica.
2019-10-24 04:20:30,421 [EventQueue-ContainerReportForContainerReportHandler] WARN  container.ContainerReportHandler (AbstractContainerReportHandler.java:updateContainerState(145)) - Container #1 is in OPEN state, but the datanode 061ed049-4de7-4292-8db3-b6c544105954{ip: 192.168.69.119, host: pr-hdds-2354-xrwnf-3238337902, networkLocation: /default-rack, certSerialId: null} reports an CLOSED replica.
2019-10-24 04:20:30,439 [BlockDeletingService#6] WARN  background.BlockDeletingService (BlockDeletingService.java:isDeletionAllowed(187)) - Close Container log Index 6 is not replicated across allthe servers in the pipeline 9f202be1-23c1-4e96-9103-74cce82b9a43 as the min replicated index is 4. Deletion is not allowed in this container yet.
2019-10-24 04:20:30,439 [BlockDeletingService#2] WARN  background.BlockDeletingService (BlockDeletingService.java:isDeletionAllowed(187)) - Close Container log Index 6 is not replicated across allthe servers in the pipeline 9f202be1-23c1-4e96-9103-74cce82b9a43 as the min replicated index is 4. Deletion is not allowed in this container yet.
2019-10-24 04:20:30,618 [EventQueue-ContainerReportForContainerReportHandler] WARN  container.ContainerReportHandler (AbstractContainerReportHandler.java:updateContainerState(145)) - Container #1 is in OPEN state, but the datanode e3498cd7-eaa3-4a2f-a67e-ea1e9c2005a9{ip: 192.168.69.119, host: pr-hdds-2354-xrwnf-3238337902, networkLocation: /default-rack, certSerialId: null} reports an CLOSED replica.
2019-10-24 04:20:30,720 [EventQueue-ContainerReportForContainerReportHandler] WARN  container.ContainerReportHandler (AbstractContainerReportHandler.java:updateContainerState(145)) - Container #1 is in OPEN state, but the datanode 061ed049-4de7-4292-8db3-b6c544105954{ip: 192.168.69.119, host: pr-hdds-2354-xrwnf-3238337902, networkLocation: /default-rack, certSerialId: null} reports an CLOSED replica.
2019-10-24 04:20:30,919 [EventQueue-ContainerReportForContainerReportHandler] WARN  container.ContainerReportHandler (AbstractContainerReportHandler.java:updateContainerState(145)) - Container #1 is in OPEN state, but the datanode e3498cd7-eaa3-4a2f-a67e-ea1e9c2005a9{ip: 192.168.69.119, host: pr-hdds-2354-xrwnf-3238337902, networkLocation: /default-rack, certSerialId: null} reports an CLOSED replica.
2019-10-24 04:20:30,920 [EventQueue-ContainerReportForContainerReportHandler] WARN  container.ContainerReportHandler (AbstractContainerReportHandler.java:updateContainerState(145)) - Container #1 is in OPEN state, but the datanode 061ed049-4de7-4292-8db3-b6c544105954{ip: 192.168.69.119, host: pr-hdds-2354-xrwnf-3238337902, networkLocation: /default-rack, certSerialId: null} reports an CLOSED replica.
2019-10-24 04:20:31,219 [EventQueue-ContainerReportForContainerReportHandler] WARN  container.ContainerReportHandler (AbstractContainerReportHandler.java:updateContainerState(145)) - Container #1 is in OPEN state, but the datanode e3498cd7-eaa3-4a2f-a67e-ea1e9c2005a9{ip: 192.168.69.119, host: pr-hdds-2354-xrwnf-3238337902, networkLocation: /default-rack, certSerialId: null} reports an CLOSED replica.
2019-10-24 04:20:31,321 [EventQueue-ContainerReportForContainerReportHandler] WARN  container.ContainerReportHandler (AbstractContainerReportHandler.java:updateContainerState(145)) - Container #1 is in OPEN state, but the datanode 061ed049-4de7-4292-8db3-b6c544105954{ip: 192.168.69.119, host: pr-hdds-2354-xrwnf-3238337902, networkLocation: /default-rack, certSerialId: null} reports an CLOSED replica.
2019-10-24 04:20:31,441 [BlockDeletingService#6] WARN  background.BlockDeletingService (BlockDeletingService.java:isDeletionAllowed(187)) - Close Container log Index 6 is not replicated across allthe servers in the pipeline 9f202be1-23c1-4e96-9103-74cce82b9a43 as the min replicated index is 4. Deletion is not allowed in this container yet.
2019-10-24 04:20:31,441 [BlockDeletingService#2] WARN  background.BlockDeletingService (BlockDeletingService.java:isDeletionAllowed(187)) - Close Container log Index 6 is not replicated across allthe servers in the pipeline 9f202be1-23c1-4e96-9103-74cce82b9a43 as the min replicated index is 4. Deletion is not allowed in this container yet.
2019-10-24 04:20:31,619 [EventQueue-ContainerReportForContainerReportHandler] WARN  container.ContainerReportHandler (AbstractContainerReportHandler.java:updateContainerState(145)) - Container #1 is in OPEN state, but the datanode e3498cd7-eaa3-4a2f-a67e-ea1e9c2005a9{ip: 192.168.69.119, host: pr-hdds-2354-xrwnf-3238337902, networkLocation: /default-rack, certSerialId: null} reports an CLOSED replica.
2019-10-24 04:20:31,620 [EventQueue-ContainerReportForContainerReportHandler] WARN  container.ContainerReportHandler (AbstractContainerReportHandler.java:updateContainerState(145)) - Container #1 is in OPEN state, but the datanode 061ed049-4de7-4292-8db3-b6c544105954{ip: 192.168.69.119, host: pr-hdds-2354-xrwnf-3238337902, networkLocation: /default-rack, certSerialId: null} reports an CLOSED replica.
2019-10-24 04:20:31,919 [EventQueue-ContainerReportForContainerReportHandler] WARN  container.ContainerReportHandler (AbstractContainerReportHandler.java:updateContainerState(145)) - Container #1 is in OPEN state, but the datanode e3498cd7-eaa3-4a2f-a67e-ea1e9c2005a9{ip: 192.168.69.119, host: pr-hdds-2354-xrwnf-3238337902, networkLocation: /default-rack, certSerialId: null} reports an CLOSED replica.
2019-10-24 04:20:31,920 [EventQueue-ContainerReportForContainerReportHandler] WARN  container.ContainerReportHandler (AbstractContainerReportHandler.java:updateContainerState(145)) - Container #1 is in OPEN state, but the datanode 061ed049-4de7-4292-8db3-b6c544105954{ip: 192.168.69.119, host: pr-hdds-2354-xrwnf-3238337902, networkLocation: /default-rack, certSerialId: null} reports an CLOSED replica.
2019-10-24 04:20:32,072 [java.util.concurrent.ThreadPoolExecutor$Worker@4fa1d99e[State = -1, empty queue]] WARN  server.GrpcLogAppender (GrpcLogAppender.java:timeoutAppendRequest(209)) - 061ed049-4de7-4292-8db3-b6c544105954@group-74CCE82B9A43->7770f8c7-01fb-43d9-b34c-02757d82bdbb-GrpcLogAppender: appendEntries Timeout, request=061ed049-4de7-4292-8db3-b6c544105954->7770f8c7-01fb-43d9-b34c-02757d82bdbb#27-t1, previous=(t:1, i:10), leaderCommit=10, initializing? false, entries: <empty>
2019-10-24 04:20:32,319 [EventQueue-ContainerReportForContainerReportHandler] WARN  container.ContainerReportHandler (AbstractContainerReportHandler.java:updateContainerState(145)) - Container #1 is in OPEN state, but the datanode e3498cd7-eaa3-4a2f-a67e-ea1e9c2005a9{ip: 192.168.69.119, host: pr-hdds-2354-xrwnf-3238337902, networkLocation: /default-rack, certSerialId: null} reports an CLOSED replica.
2019-10-24 04:20:32,321 [EventQueue-ContainerReportForContainerReportHandler] WARN  container.ContainerReportHandler (AbstractContainerReportHandler.java:updateContainerState(145)) - Container #1 is in OPEN state, but the datanode 061ed049-4de7-4292-8db3-b6c544105954{ip: 192.168.69.119, host: pr-hdds-2354-xrwnf-3238337902, networkLocation: /default-rack, certSerialId: null} reports an CLOSED replica.
2019-10-24 04:20:32,442 [BlockDeletingService#2] WARN  background.BlockDeletingService (BlockDeletingService.java:isDeletionAllowed(187)) - Close Container log Index 6 is not replicated across allthe servers in the pipeline 9f202be1-23c1-4e96-9103-74cce82b9a43 as the min replicated index is 4. Deletion is not allowed in this container yet.
2019-10-24 04:20:32,442 [BlockDeletingService#6] WARN  background.BlockDeletingService (BlockDeletingService.java:isDeletionAllowed(187)) - Close Container log Index 6 is not replicated across allthe servers in the pipeline 9f202be1-23c1-4e96-9103-74cce82b9a43 as the min replicated index is 4. Deletion is not allowed in this container yet.
2019-10-24 04:20:32,619 [EventQueue-ContainerReportForContainerReportHandler] WARN  container.ContainerReportHandler (AbstractContainerReportHandler.java:updateContainerState(145)) - Container #1 is in OPEN state, but the datanode e3498cd7-eaa3-4a2f-a67e-ea1e9c2005a9{ip: 192.168.69.119, host: pr-hdds-2354-xrwnf-3238337902, networkLocation: /default-rack, certSerialId: null} reports an CLOSED replica.
2019-10-24 04:20:32,621 [EventQueue-ContainerReportForContainerReportHandler] WARN  container.ContainerReportHandler (AbstractContainerReportHandler.java:updateContainerState(145)) - Container #1 is in OPEN state, but the datanode 061ed049-4de7-4292-8db3-b6c544105954{ip: 192.168.69.119, host: pr-hdds-2354-xrwnf-3238337902, networkLocation: /default-rack, certSerialId: null} reports an CLOSED replica.
2019-10-24 04:20:32,819 [EventQueue-ContainerReportForContainerReportHandler] WARN  container.ContainerReportHandler (AbstractContainerReportHandler.java:updateContainerState(145)) - Container #1 is in OPEN state, but the datanode e3498cd7-eaa3-4a2f-a67e-ea1e9c2005a9{ip: 192.168.69.119, host: pr-hdds-2354-xrwnf-3238337902, networkLocation: /default-rack, certSerialId: null} reports an CLOSED replica.
2019-10-24 04:20:32,822 [EventQueue-ContainerReportForContainerReportHandler] WARN  container.ContainerReportHandler (AbstractContainerReportHandler.java:updateContainerState(145)) - Container #1 is in OPEN state, but the datanode 061ed049-4de7-4292-8db3-b6c544105954{ip: 192.168.69.119, host: pr-hdds-2354-xrwnf-3238337902, networkLocation: /default-rack, certSerialId: null} reports an CLOSED replica.
2019-10-24 04:20:33,022 [EventQueue-ContainerReportForContainerReportHandler] WARN  container.ContainerReportHandler (AbstractContainerReportHandler.java:updateContainerState(145)) - Container #1 is in OPEN state, but the datanode 061ed049-4de7-4292-8db3-b6c544105954{ip: 192.168.69.119, host: pr-hdds-2354-xrwnf-3238337902, networkLocation: /default-rack, certSerialId: null} reports an CLOSED replica.
2019-10-24 04:20:33,088 [Thread-349] INFO  client.GrpcClientProtocolService (GrpcClientProtocolService.java:lambda$processClientRequest$0(279)) - Failed RaftClientRequest:client-AD324743EAE9->e3498cd7-eaa3-4a2f-a67e-ea1e9c2005a9@group-74CCE82B9A43, cid=10, seq=0, Watch-ALL_COMMITTED(6), Message:<EMPTY>, reply=RaftClientReply:client-AD324743EAE9->e3498cd7-eaa3-4a2f-a67e-ea1e9c2005a9@group-74CCE82B9A43, cid=10, FAILED org.apache.ratis.protocol.NotLeaderException: Server e3498cd7-eaa3-4a2f-a67e-ea1e9c2005a9@group-74CCE82B9A43 is not the leader 061ed049-4de7-4292-8db3-b6c544105954:192.168.69.119:41000, logIndex=0, commits[e3498cd7-eaa3-4a2f-a67e-ea1e9c2005a9:c10, 061ed049-4de7-4292-8db3-b6c544105954:c10, 7770f8c7-01fb-43d9-b34c-02757d82bdbb:c4]
2019-10-24 04:20:33,119 [EventQueue-ContainerReportForContainerReportHandler] WARN  container.ContainerReportHandler (AbstractContainerReportHandler.java:updateContainerState(145)) - Container #1 is in OPEN state, but the datanode e3498cd7-eaa3-4a2f-a67e-ea1e9c2005a9{ip: 192.168.69.119, host: pr-hdds-2354-xrwnf-3238337902, networkLocation: /default-rack, certSerialId: null} reports an CLOSED replica.
2019-10-24 04:20:33,422 [EventQueue-ContainerReportForContainerReportHandler] WARN  container.ContainerReportHandler (AbstractContainerReportHandler.java:updateContainerState(145)) - Container #1 is in OPEN state, but the datanode 061ed049-4de7-4292-8db3-b6c544105954{ip: 192.168.69.119, host: pr-hdds-2354-xrwnf-3238337902, networkLocation: /default-rack, certSerialId: null} reports an CLOSED replica.
2019-10-24 04:20:33,444 [BlockDeletingService#2] WARN  background.BlockDeletingService (BlockDeletingService.java:isDeletionAllowed(187)) - Close Container log Index 6 is not replicated across allthe servers in the pipeline 9f202be1-23c1-4e96-9103-74cce82b9a43 as the min replicated index is 4. Deletion is not allowed in this container yet.
2019-10-24 04:20:33,444 [BlockDeletingService#6] WARN  background.BlockDeletingService (BlockDeletingService.java:isDeletionAllowed(187)) - Close Container log Index 6 is not replicated across allthe servers in the pipeline 9f202be1-23c1-4e96-9103-74cce82b9a43 as the min replicated index is 4. Deletion is not allowed in this container yet.
2019-10-24 04:20:33,519 [EventQueue-ContainerReportForContainerReportHandler] WARN  container.ContainerReportHandler (AbstractContainerReportHandler.java:updateContainerState(145)) - Container #1 is in OPEN state, but the datanode e3498cd7-eaa3-4a2f-a67e-ea1e9c2005a9{ip: 192.168.69.119, host: pr-hdds-2354-xrwnf-3238337902, networkLocation: /default-rack, certSerialId: null} reports an CLOSED replica.
2019-10-24 04:20:33,719 [EventQueue-ContainerReportForContainerReportHandler] WARN  container.ContainerReportHandler (AbstractContainerReportHandler.java:updateContainerState(145)) - Container #1 is in OPEN state, but the datanode e3498cd7-eaa3-4a2f-a67e-ea1e9c2005a9{ip: 192.168.69.119, host: pr-hdds-2354-xrwnf-3238337902, networkLocation: /default-rack, certSerialId: null} reports an CLOSED replica.
2019-10-24 04:20:33,724 [EventQueue-ContainerReportForContainerReportHandler] WARN  container.ContainerReportHandler (AbstractContainerReportHandler.java:updateContainerState(145)) - Container #1 is in OPEN state, but the datanode 061ed049-4de7-4292-8db3-b6c544105954{ip: 192.168.69.119, host: pr-hdds-2354-xrwnf-3238337902, networkLocation: /default-rack, certSerialId: null} reports an CLOSED replica.
2019-10-24 04:20:33,885 [Thread-354] INFO  client.GrpcClientProtocolService (GrpcClientProtocolService.java:lambda$processClientRequest$0(279)) - Failed RaftClientRequest:client-AD324743EAE9->061ed049-4de7-4292-8db3-b6c544105954@group-74CCE82B9A43, cid=10, seq=0, Watch-ALL_COMMITTED(6), Message:<EMPTY>, reply=RaftClientReply:client-AD324743EAE9->061ed049-4de7-4292-8db3-b6c544105954@group-74CCE82B9A43, cid=10, FAILED org.apache.ratis.protocol.NotReplicatedException: Request with call Id 10 and log index 6 is not yet replicated to ALL_COMMITTED, logIndex=6, commits[061ed049-4de7-4292-8db3-b6c544105954:c10, 7770f8c7-01fb-43d9-b34c-02757d82bdbb:c4, e3498cd7-eaa3-4a2f-a67e-ea1e9c2005a9:c10]
2019-10-24 04:20:33,919 [EventQueue-ContainerReportForContainerReportHandler] WARN  container.ContainerReportHandler (AbstractContainerReportHandler.java:updateContainerState(145)) - Container #1 is in OPEN state, but the datanode e3498cd7-eaa3-4a2f-a67e-ea1e9c2005a9{ip: 192.168.69.119, host: pr-hdds-2354-xrwnf-3238337902, networkLocation: /default-rack, certSerialId: null} reports an CLOSED replica.
2019-10-24 04:20:34,024 [EventQueue-ContainerReportForContainerReportHandler] WARN  container.ContainerReportHandler (AbstractContainerReportHandler.java:updateContainerState(145)) - Container #1 is in OPEN state, but the datanode 061ed049-4de7-4292-8db3-b6c544105954{ip: 192.168.69.119, host: pr-hdds-2354-xrwnf-3238337902, networkLocation: /default-rack, certSerialId: null} reports an CLOSED replica.
2019-10-24 04:20:34,320 [EventQueue-ContainerReportForContainerReportHandler] WARN  container.ContainerReportHandler (AbstractContainerReportHandler.java:updateContainerState(145)) - Container #1 is in OPEN state, but the datanode e3498cd7-eaa3-4a2f-a67e-ea1e9c2005a9{ip: 192.168.69.119, host: pr-hdds-2354-xrwnf-3238337902, networkLocation: /default-rack, certSerialId: null} reports an CLOSED replica.
2019-10-24 04:20:34,424 [EventQueue-ContainerReportForContainerReportHandler] WARN  container.ContainerReportHandler (AbstractContainerReportHandler.java:updateContainerState(145)) - Container #1 is in OPEN state, but the datanode 061ed049-4de7-4292-8db3-b6c544105954{ip: 192.168.69.119, host: pr-hdds-2354-xrwnf-3238337902, networkLocation: /default-rack, certSerialId: null} reports an CLOSED replica.
2019-10-24 04:20:34,448 [BlockDeletingService#2] WARN  background.BlockDeletingService (BlockDeletingService.java:isDeletionAllowed(187)) - Close Container log Index 6 is not replicated across allthe servers in the pipeline 9f202be1-23c1-4e96-9103-74cce82b9a43 as the min replicated index is 4. Deletion is not allowed in this container yet.
2019-10-24 04:20:34,448 [BlockDeletingService#6] WARN  background.BlockDeletingService (BlockDeletingService.java:isDeletionAllowed(187)) - Close Container log Index 6 is not replicated across allthe servers in the pipeline 9f202be1-23c1-4e96-9103-74cce82b9a43 as the min replicated index is 4. Deletion is not allowed in this container yet.
2019-10-24 04:20:34,574 [java.util.concurrent.ThreadPoolExecutor$Worker@4fa1d99e[State = -1, empty queue]] WARN  server.GrpcLogAppender (GrpcLogAppender.java:timeoutAppendRequest(209)) - 061ed049-4de7-4292-8db3-b6c544105954@group-74CCE82B9A43->7770f8c7-01fb-43d9-b34c-02757d82bdbb-GrpcLogAppender: appendEntries Timeout, request=061ed049-4de7-4292-8db3-b6c544105954->7770f8c7-01fb-43d9-b34c-02757d82bdbb#28-t1, previous=(t:1, i:10), leaderCommit=10, initializing? false, entries: <empty>
2019-10-24 04:20:34,620 [EventQueue-ContainerReportForContainerReportHandler] WARN  container.ContainerReportHandler (AbstractContainerReportHandler.java:updateContainerState(145)) - Container #1 is in OPEN state, but the datanode e3498cd7-eaa3-4a2f-a67e-ea1e9c2005a9{ip: 192.168.69.119, host: pr-hdds-2354-xrwnf-3238337902, networkLocation: /default-rack, certSerialId: null} reports an CLOSED replica.
2019-10-24 04:20:34,624 [EventQueue-ContainerReportForContainerReportHandler] WARN  container.ContainerReportHandler (AbstractContainerReportHandler.java:updateContainerState(145)) - Container #1 is in OPEN state, but the datanode 061ed049-4de7-4292-8db3-b6c544105954{ip: 192.168.69.119, host: pr-hdds-2354-xrwnf-3238337902, networkLocation: /default-rack, certSerialId: null} reports an CLOSED replica.
2019-10-24 04:20:34,920 [EventQueue-ContainerReportForContainerReportHandler] WARN  container.ContainerReportHandler (AbstractContainerReportHandler.java:updateContainerState(145)) - Container #1 is in OPEN state, but the datanode e3498cd7-eaa3-4a2f-a67e-ea1e9c2005a9{ip: 192.168.69.119, host: pr-hdds-2354-xrwnf-3238337902, networkLocation: /default-rack, certSerialId: null} reports an CLOSED replica.
2019-10-24 04:20:35,024 [EventQueue-ContainerReportForContainerReportHandler] WARN  container.ContainerReportHandler (AbstractContainerReportHandler.java:updateContainerState(145)) - Container #1 is in OPEN state, but the datanode 061ed049-4de7-4292-8db3-b6c544105954{ip: 192.168.69.119, host: pr-hdds-2354-xrwnf-3238337902, networkLocation: /default-rack, certSerialId: null} reports an CLOSED replica.
2019-10-24 04:20:35,220 [EventQueue-ContainerReportForContainerReportHandler] WARN  container.ContainerReportHandler (AbstractContainerReportHandler.java:updateContainerState(145)) - Container #1 is in OPEN state, but the datanode e3498cd7-eaa3-4a2f-a67e-ea1e9c2005a9{ip: 192.168.69.119, host: pr-hdds-2354-xrwnf-3238337902, networkLocation: /default-rack, certSerialId: null} reports an CLOSED replica.
2019-10-24 04:20:35,425 [EventQueue-ContainerReportForContainerReportHandler] WARN  container.ContainerReportHandler (AbstractContainerReportHandler.java:updateContainerState(145)) - Container #1 is in OPEN state, but the datanode 061ed049-4de7-4292-8db3-b6c544105954{ip: 192.168.69.119, host: pr-hdds-2354-xrwnf-3238337902, networkLocation: /default-rack, certSerialId: null} reports an CLOSED replica.
2019-10-24 04:20:35,455 [BlockDeletingService#6] WARN  background.BlockDeletingService (BlockDeletingService.java:isDeletionAllowed(187)) - Close Container log Index 6 is not replicated across allthe servers in the pipeline 9f202be1-23c1-4e96-9103-74cce82b9a43 as the min replicated index is 4. Deletion is not allowed in this container yet.
2019-10-24 04:20:35,455 [BlockDeletingService#2] WARN  background.BlockDeletingService (BlockDeletingService.java:isDeletionAllowed(187)) - Close Container log Index 6 is not replicated across allthe servers in the pipeline 9f202be1-23c1-4e96-9103-74cce82b9a43 as the min replicated index is 4. Deletion is not allowed in this container yet.
2019-10-24 04:20:35,521 [EventQueue-ContainerReportForContainerReportHandler] WARN  container.ContainerReportHandler (AbstractContainerReportHandler.java:updateContainerState(145)) - Container #1 is in OPEN state, but the datanode e3498cd7-eaa3-4a2f-a67e-ea1e9c2005a9{ip: 192.168.69.119, host: pr-hdds-2354-xrwnf-3238337902, networkLocation: /default-rack, certSerialId: null} reports an CLOSED replica.
2019-10-24 04:20:35,624 [EventQueue-ContainerReportForContainerReportHandler] WARN  container.ContainerReportHandler (AbstractContainerReportHandler.java:updateContainerState(145)) - Container #1 is in OPEN state, but the datanode 061ed049-4de7-4292-8db3-b6c544105954{ip: 192.168.69.119, host: pr-hdds-2354-xrwnf-3238337902, networkLocation: /default-rack, certSerialId: null} reports an CLOSED replica.
2019-10-24 04:20:35,721 [EventQueue-ContainerReportForContainerReportHandler] WARN  container.ContainerReportHandler (AbstractContainerReportHandler.java:updateContainerState(145)) - Container #1 is in OPEN state, but the datanode e3498cd7-eaa3-4a2f-a67e-ea1e9c2005a9{ip: 192.168.69.119, host: pr-hdds-2354-xrwnf-3238337902, networkLocation: /default-rack, certSerialId: null} reports an CLOSED replica.
2019-10-24 04:20:36,024 [EventQueue-ContainerReportForContainerReportHandler] WARN  container.ContainerReportHandler (AbstractContainerReportHandler.java:updateContainerState(145)) - Container #1 is in OPEN state, but the datanode 061ed049-4de7-4292-8db3-b6c544105954{ip: 192.168.69.119, host: pr-hdds-2354-xrwnf-3238337902, networkLocation: /default-rack, certSerialId: null} reports an CLOSED replica.
2019-10-24 04:20:36,122 [EventQueue-ContainerReportForContainerReportHandler] WARN  container.ContainerReportHandler (AbstractContainerReportHandler.java:updateContainerState(145)) - Container #1 is in OPEN state, but the datanode e3498cd7-eaa3-4a2f-a67e-ea1e9c2005a9{ip: 192.168.69.119, host: pr-hdds-2354-xrwnf-3238337902, networkLocation: /default-rack, certSerialId: null} reports an CLOSED replica.
2019-10-24 04:20:36,420 [EventQueue-ContainerReportForContainerReportHandler] WARN  container.ContainerReportHandler (AbstractContainerReportHandler.java:updateContainerState(145)) - Container #1 is in OPEN state, but the datanode e3498cd7-eaa3-4a2f-a67e-ea1e9c2005a9{ip: 192.168.69.119, host: pr-hdds-2354-xrwnf-3238337902, networkLocation: /default-rack, certSerialId: null} reports an CLOSED replica.
2019-10-24 04:20:36,425 [EventQueue-ContainerReportForContainerReportHandler] WARN  container.ContainerReportHandler (AbstractContainerReportHandler.java:updateContainerState(145)) - Container #1 is in OPEN state, but the datanode 061ed049-4de7-4292-8db3-b6c544105954{ip: 192.168.69.119, host: pr-hdds-2354-xrwnf-3238337902, networkLocation: /default-rack, certSerialId: null} reports an CLOSED replica.
2019-10-24 04:20:36,457 [BlockDeletingService#2] WARN  background.BlockDeletingService (BlockDeletingService.java:isDeletionAllowed(187)) - Close Container log Index 6 is not replicated across allthe servers in the pipeline 9f202be1-23c1-4e96-9103-74cce82b9a43 as the min replicated index is 4. Deletion is not allowed in this container yet.
2019-10-24 04:20:36,457 [BlockDeletingService#6] WARN  background.BlockDeletingService (BlockDeletingService.java:isDeletionAllowed(187)) - Close Container log Index 6 is not replicated across allthe servers in the pipeline 9f202be1-23c1-4e96-9103-74cce82b9a43 as the min replicated index is 4. Deletion is not allowed in this container yet.
2019-10-24 04:20:36,720 [EventQueue-ContainerReportForContainerReportHandler] WARN  container.ContainerReportHandler (AbstractContainerReportHandler.java:updateContainerState(145)) - Container #1 is in OPEN state, but the datanode e3498cd7-eaa3-4a2f-a67e-ea1e9c2005a9{ip: 192.168.69.119, host: pr-hdds-2354-xrwnf-3238337902, networkLocation: /default-rack, certSerialId: null} reports an CLOSED replica.
2019-10-24 04:20:36,826 [EventQueue-ContainerReportForContainerReportHandler] WARN  container.ContainerReportHandler (AbstractContainerReportHandler.java:updateContainerState(145)) - Container #1 is in OPEN state, but the datanode 061ed049-4de7-4292-8db3-b6c544105954{ip: 192.168.69.119, host: pr-hdds-2354-xrwnf-3238337902, networkLocation: /default-rack, certSerialId: null} reports an CLOSED replica.
2019-10-24 04:20:37,025 [EventQueue-ContainerReportForContainerReportHandler] WARN  container.ContainerReportHandler (AbstractContainerReportHandler.java:updateContainerState(145)) - Container #1 is in OPEN state, but the datanode 061ed049-4de7-4292-8db3-b6c544105954{ip: 192.168.69.119, host: pr-hdds-2354-xrwnf-3238337902, networkLocation: /default-rack, certSerialId: null} reports an CLOSED replica.
2019-10-24 04:20:37,075 [java.util.concurrent.ThreadPoolExecutor$Worker@4fa1d99e[State = -1, empty queue]] WARN  server.GrpcLogAppender (GrpcLogAppender.java:timeoutAppendRequest(209)) - 061ed049-4de7-4292-8db3-b6c544105954@group-74CCE82B9A43->7770f8c7-01fb-43d9-b34c-02757d82bdbb-GrpcLogAppender: appendEntries Timeout, request=061ed049-4de7-4292-8db3-b6c544105954->7770f8c7-01fb-43d9-b34c-02757d82bdbb#29-t1, previous=(t:1, i:10), leaderCommit=10, initializing? false, entries: <empty>
2019-10-24 04:20:37,120 [EventQueue-ContainerReportForContainerReportHandler] WARN  container.ContainerReportHandler (AbstractContainerReportHandler.java:updateContainerState(145)) - Container #1 is in OPEN state, but the datanode e3498cd7-eaa3-4a2f-a67e-ea1e9c2005a9{ip: 192.168.69.119, host: pr-hdds-2354-xrwnf-3238337902, networkLocation: /default-rack, certSerialId: null} reports an CLOSED replica.
2019-10-24 04:20:37,225 [EventQueue-ContainerReportForContainerReportHandler] WARN  container.ContainerReportHandler (AbstractContainerReportHandler.java:updateContainerState(145)) - Container #1 is in OPEN state, but the datanode 061ed049-4de7-4292-8db3-b6c544105954{ip: 192.168.69.119, host: pr-hdds-2354-xrwnf-3238337902, networkLocation: /default-rack, certSerialId: null} reports an CLOSED replica.
2019-10-24 04:20:37,421 [EventQueue-ContainerReportForContainerReportHandler] WARN  container.ContainerReportHandler (AbstractContainerReportHandler.java:updateContainerState(145)) - Container #1 is in OPEN state, but the datanode e3498cd7-eaa3-4a2f-a67e-ea1e9c2005a9{ip: 192.168.69.119, host: pr-hdds-2354-xrwnf-3238337902, networkLocation: /default-rack, certSerialId: null} reports an CLOSED replica.
2019-10-24 04:20:37,458 [BlockDeletingService#2] WARN  background.BlockDeletingService (BlockDeletingService.java:isDeletionAllowed(187)) - Close Container log Index 6 is not replicated across allthe servers in the pipeline 9f202be1-23c1-4e96-9103-74cce82b9a43 as the min replicated index is 4. Deletion is not allowed in this container yet.
2019-10-24 04:20:37,458 [BlockDeletingService#6] WARN  background.BlockDeletingService (BlockDeletingService.java:isDeletionAllowed(187)) - Close Container log Index 6 is not replicated across allthe servers in the pipeline 9f202be1-23c1-4e96-9103-74cce82b9a43 as the min replicated index is 4. Deletion is not allowed in this container yet.
2019-10-24 04:20:37,525 [EventQueue-ContainerReportForContainerReportHandler] WARN  container.ContainerReportHandler (AbstractContainerReportHandler.java:updateContainerState(145)) - Container #1 is in OPEN state, but the datanode 061ed049-4de7-4292-8db3-b6c544105954{ip: 192.168.69.119, host: pr-hdds-2354-xrwnf-3238337902, networkLocation: /default-rack, certSerialId: null} reports an CLOSED replica.
2019-10-24 04:20:37,723 [EventQueue-ContainerReportForContainerReportHandler] WARN  container.ContainerReportHandler (AbstractContainerReportHandler.java:updateContainerState(145)) - Container #1 is in OPEN state, but the datanode e3498cd7-eaa3-4a2f-a67e-ea1e9c2005a9{ip: 192.168.69.119, host: pr-hdds-2354-xrwnf-3238337902, networkLocation: /default-rack, certSerialId: null} reports an CLOSED replica.
2019-10-24 04:20:37,825 [EventQueue-ContainerReportForContainerReportHandler] WARN  container.ContainerReportHandler (AbstractContainerReportHandler.java:updateContainerState(145)) - Container #1 is in OPEN state, but the datanode 061ed049-4de7-4292-8db3-b6c544105954{ip: 192.168.69.119, host: pr-hdds-2354-xrwnf-3238337902, networkLocation: /default-rack, certSerialId: null} reports an CLOSED replica.
2019-10-24 04:20:38,122 [EventQueue-ContainerReportForContainerReportHandler] WARN  container.ContainerReportHandler (AbstractContainerReportHandler.java:updateContainerState(145)) - Container #1 is in OPEN state, but the datanode e3498cd7-eaa3-4a2f-a67e-ea1e9c2005a9{ip: 192.168.69.119, host: pr-hdds-2354-xrwnf-3238337902, networkLocation: /default-rack, certSerialId: null} reports an CLOSED replica.
2019-10-24 04:20:38,127 [EventQueue-ContainerReportForContainerReportHandler] WARN  container.ContainerReportHandler (AbstractContainerReportHandler.java:updateContainerState(145)) - Container #1 is in OPEN state, but the datanode 061ed049-4de7-4292-8db3-b6c544105954{ip: 192.168.69.119, host: pr-hdds-2354-xrwnf-3238337902, networkLocation: /default-rack, certSerialId: null} reports an CLOSED replica.
2019-10-24 04:20:38,322 [EventQueue-ContainerReportForContainerReportHandler] WARN  container.ContainerReportHandler (AbstractContainerReportHandler.java:updateContainerState(145)) - Container #1 is in OPEN state, but the datanode e3498cd7-eaa3-4a2f-a67e-ea1e9c2005a9{ip: 192.168.69.119, host: pr-hdds-2354-xrwnf-3238337902, networkLocation: /default-rack, certSerialId: null} reports an CLOSED replica.
2019-10-24 04:20:38,326 [EventQueue-ContainerReportForContainerReportHandler] WARN  container.ContainerReportHandler (AbstractContainerReportHandler.java:updateContainerState(145)) - Container #1 is in OPEN state, but the datanode 061ed049-4de7-4292-8db3-b6c544105954{ip: 192.168.69.119, host: pr-hdds-2354-xrwnf-3238337902, networkLocation: /default-rack, certSerialId: null} reports an CLOSED replica.
2019-10-24 04:20:38,460 [BlockDeletingService#6] WARN  background.BlockDeletingService (BlockDeletingService.java:isDeletionAllowed(187)) - Close Container log Index 6 is not replicated across allthe servers in the pipeline 9f202be1-23c1-4e96-9103-74cce82b9a43 as the min replicated index is 4. Deletion is not allowed in this container yet.
2019-10-24 04:20:38,460 [BlockDeletingService#2] WARN  background.BlockDeletingService (BlockDeletingService.java:isDeletionAllowed(187)) - Close Container log Index 6 is not replicated across allthe servers in the pipeline 9f202be1-23c1-4e96-9103-74cce82b9a43 as the min replicated index is 4. Deletion is not allowed in this container yet.
2019-10-24 04:20:38,522 [EventQueue-ContainerReportForContainerReportHandler] WARN  container.ContainerReportHandler (AbstractContainerReportHandler.java:updateContainerState(145)) - Container #1 is in OPEN state, but the datanode e3498cd7-eaa3-4a2f-a67e-ea1e9c2005a9{ip: 192.168.69.119, host: pr-hdds-2354-xrwnf-3238337902, networkLocation: /default-rack, certSerialId: null} reports an CLOSED replica.
2019-10-24 04:20:38,727 [EventQueue-ContainerReportForContainerReportHandler] WARN  container.ContainerReportHandler (AbstractContainerReportHandler.java:updateContainerState(145)) - Container #1 is in OPEN state, but the datanode 061ed049-4de7-4292-8db3-b6c544105954{ip: 192.168.69.119, host: pr-hdds-2354-xrwnf-3238337902, networkLocation: /default-rack, certSerialId: null} reports an CLOSED replica.
2019-10-24 04:20:38,822 [EventQueue-ContainerReportForContainerReportHandler] WARN  container.ContainerReportHandler (AbstractContainerReportHandler.java:updateContainerState(145)) - Container #1 is in OPEN state, but the datanode e3498cd7-eaa3-4a2f-a67e-ea1e9c2005a9{ip: 192.168.69.119, host: pr-hdds-2354-xrwnf-3238337902, networkLocation: /default-rack, certSerialId: null} reports an CLOSED replica.
2019-10-24 04:20:39,026 [EventQueue-ContainerReportForContainerReportHandler] WARN  container.ContainerReportHandler (AbstractContainerReportHandler.java:updateContainerState(145)) - Container #1 is in OPEN state, but the datanode 061ed049-4de7-4292-8db3-b6c544105954{ip: 192.168.69.119, host: pr-hdds-2354-xrwnf-3238337902, networkLocation: /default-rack, certSerialId: null} reports an CLOSED replica.
2019-10-24 04:20:39,122 [EventQueue-ContainerReportForContainerReportHandler] WARN  container.ContainerReportHandler (AbstractContainerReportHandler.java:updateContainerState(145)) - Container #1 is in OPEN state, but the datanode e3498cd7-eaa3-4a2f-a67e-ea1e9c2005a9{ip: 192.168.69.119, host: pr-hdds-2354-xrwnf-3238337902, networkLocation: /default-rack, certSerialId: null} reports an CLOSED replica.
2019-10-24 04:20:39,226 [EventQueue-ContainerReportForContainerReportHandler] WARN  container.ContainerReportHandler (AbstractContainerReportHandler.java:updateContainerState(145)) - Container #1 is in OPEN state, but the datanode 061ed049-4de7-4292-8db3-b6c544105954{ip: 192.168.69.119, host: pr-hdds-2354-xrwnf-3238337902, networkLocation: /default-rack, certSerialId: null} reports an CLOSED replica.
2019-10-24 04:20:39,423 [EventQueue-ContainerReportForContainerReportHandler] WARN  container.ContainerReportHandler (AbstractContainerReportHandler.java:updateContainerState(145)) - Container #1 is in OPEN state, but the datanode e3498cd7-eaa3-4a2f-a67e-ea1e9c2005a9{ip: 192.168.69.119, host: pr-hdds-2354-xrwnf-3238337902, networkLocation: /default-rack, certSerialId: null} reports an CLOSED replica.
2019-10-24 04:20:39,461 [BlockDeletingService#6] WARN  background.BlockDeletingService (BlockDeletingService.java:isDeletionAllowed(187)) - Close Container log Index 6 is not replicated across allthe servers in the pipeline 9f202be1-23c1-4e96-9103-74cce82b9a43 as the min replicated index is 4. Deletion is not allowed in this container yet.
2019-10-24 04:20:39,461 [BlockDeletingService#2] WARN  background.BlockDeletingService (BlockDeletingService.java:isDeletionAllowed(187)) - Close Container log Index 6 is not replicated across allthe servers in the pipeline 9f202be1-23c1-4e96-9103-74cce82b9a43 as the min replicated index is 4. Deletion is not allowed in this container yet.
2019-10-24 04:20:39,576 [java.util.concurrent.ThreadPoolExecutor$Worker@4fa1d99e[State = -1, empty queue]] WARN  server.GrpcLogAppender (GrpcLogAppender.java:timeoutAppendRequest(209)) - 061ed049-4de7-4292-8db3-b6c544105954@group-74CCE82B9A43->7770f8c7-01fb-43d9-b34c-02757d82bdbb-GrpcLogAppender: appendEntries Timeout, request=061ed049-4de7-4292-8db3-b6c544105954->7770f8c7-01fb-43d9-b34c-02757d82bdbb#30-t1, previous=(t:1, i:10), leaderCommit=10, initializing? false, entries: <empty>
2019-10-24 04:20:39,626 [EventQueue-ContainerReportForContainerReportHandler] WARN  container.ContainerReportHandler (AbstractContainerReportHandler.java:updateContainerState(145)) - Container #1 is in OPEN state, but the datanode 061ed049-4de7-4292-8db3-b6c544105954{ip: 192.168.69.119, host: pr-hdds-2354-xrwnf-3238337902, networkLocation: /default-rack, certSerialId: null} reports an CLOSED replica.
2019-10-24 04:20:39,723 [EventQueue-ContainerReportForContainerReportHandler] WARN  container.ContainerReportHandler (AbstractContainerReportHandler.java:updateContainerState(145)) - Container #1 is in OPEN state, but the datanode e3498cd7-eaa3-4a2f-a67e-ea1e9c2005a9{ip: 192.168.69.119, host: pr-hdds-2354-xrwnf-3238337902, networkLocation: /default-rack, certSerialId: null} reports an CLOSED replica.
2019-10-24 04:20:39,924 [EventQueue-ContainerReportForContainerReportHandler] WARN  container.ContainerReportHandler (AbstractContainerReportHandler.java:updateContainerState(145)) - Container #1 is in OPEN state, but the datanode e3498cd7-eaa3-4a2f-a67e-ea1e9c2005a9{ip: 192.168.69.119, host: pr-hdds-2354-xrwnf-3238337902, networkLocation: /default-rack, certSerialId: null} reports an CLOSED replica.
2019-10-24 04:20:40,026 [EventQueue-ContainerReportForContainerReportHandler] WARN  container.ContainerReportHandler (AbstractContainerReportHandler.java:updateContainerState(145)) - Container #1 is in OPEN state, but the datanode 061ed049-4de7-4292-8db3-b6c544105954{ip: 192.168.69.119, host: pr-hdds-2354-xrwnf-3238337902, networkLocation: /default-rack, certSerialId: null} reports an CLOSED replica.
2019-10-24 04:20:40,226 [EventQueue-ContainerReportForContainerReportHandler] WARN  container.ContainerReportHandler (AbstractContainerReportHandler.java:updateContainerState(145)) - Container #1 is in OPEN state, but the datanode 061ed049-4de7-4292-8db3-b6c544105954{ip: 192.168.69.119, host: pr-hdds-2354-xrwnf-3238337902, networkLocation: /default-rack, certSerialId: null} reports an CLOSED replica.
2019-10-24 04:20:40,326 [EventQueue-ContainerReportForContainerReportHandler] WARN  container.ContainerReportHandler (AbstractContainerReportHandler.java:updateContainerState(145)) - Container #1 is in OPEN state, but the datanode e3498cd7-eaa3-4a2f-a67e-ea1e9c2005a9{ip: 192.168.69.119, host: pr-hdds-2354-xrwnf-3238337902, networkLocation: /default-rack, certSerialId: null} reports an CLOSED replica.
2019-10-24 04:20:40,426 [EventQueue-ContainerReportForContainerReportHandler] WARN  container.ContainerReportHandler (AbstractContainerReportHandler.java:updateContainerState(145)) - Container #1 is in OPEN state, but the datanode 061ed049-4de7-4292-8db3-b6c544105954{ip: 192.168.69.119, host: pr-hdds-2354-xrwnf-3238337902, networkLocation: /default-rack, certSerialId: null} reports an CLOSED replica.
2019-10-24 04:20:40,463 [BlockDeletingService#6] WARN  background.BlockDeletingService (BlockDeletingService.java:isDeletionAllowed(187)) - Close Container log Index 6 is not replicated across allthe servers in the pipeline 9f202be1-23c1-4e96-9103-74cce82b9a43 as the min replicated index is 4. Deletion is not allowed in this container yet.
2019-10-24 04:20:40,463 [BlockDeletingService#2] WARN  background.BlockDeletingService (BlockDeletingService.java:isDeletionAllowed(187)) - Close Container log Index 6 is not replicated across allthe servers in the pipeline 9f202be1-23c1-4e96-9103-74cce82b9a43 as the min replicated index is 4. Deletion is not allowed in this container yet.
2019-10-24 04:20:40,526 [EventQueue-ContainerReportForContainerReportHandler] WARN  container.ContainerReportHandler (AbstractContainerReportHandler.java:updateContainerState(145)) - Container #1 is in OPEN state, but the datanode e3498cd7-eaa3-4a2f-a67e-ea1e9c2005a9{ip: 192.168.69.119, host: pr-hdds-2354-xrwnf-3238337902, networkLocation: /default-rack, certSerialId: null} reports an CLOSED replica.
2019-10-24 04:20:40,727 [EventQueue-ContainerReportForContainerReportHandler] WARN  container.ContainerReportHandler (AbstractContainerReportHandler.java:updateContainerState(145)) - Container #1 is in OPEN state, but the datanode 061ed049-4de7-4292-8db3-b6c544105954{ip: 192.168.69.119, host: pr-hdds-2354-xrwnf-3238337902, networkLocation: /default-rack, certSerialId: null} reports an CLOSED replica.
2019-10-24 04:20:40,826 [EventQueue-ContainerReportForContainerReportHandler] WARN  container.ContainerReportHandler (AbstractContainerReportHandler.java:updateContainerState(145)) - Container #1 is in OPEN state, but the datanode e3498cd7-eaa3-4a2f-a67e-ea1e9c2005a9{ip: 192.168.69.119, host: pr-hdds-2354-xrwnf-3238337902, networkLocation: /default-rack, certSerialId: null} reports an CLOSED replica.
2019-10-24 04:20:41,027 [EventQueue-ContainerReportForContainerReportHandler] WARN  container.ContainerReportHandler (AbstractContainerReportHandler.java:updateContainerState(145)) - Container #1 is in OPEN state, but the datanode e3498cd7-eaa3-4a2f-a67e-ea1e9c2005a9{ip: 192.168.69.119, host: pr-hdds-2354-xrwnf-3238337902, networkLocation: /default-rack, certSerialId: null} reports an CLOSED replica.
2019-10-24 04:20:41,027 [EventQueue-ContainerReportForContainerReportHandler] WARN  container.ContainerReportHandler (AbstractContainerReportHandler.java:updateContainerState(145)) - Container #1 is in OPEN state, but the datanode 061ed049-4de7-4292-8db3-b6c544105954{ip: 192.168.69.119, host: pr-hdds-2354-xrwnf-3238337902, networkLocation: /default-rack, certSerialId: null} reports an CLOSED replica.
2019-10-24 04:20:41,427 [EventQueue-ContainerReportForContainerReportHandler] WARN  container.ContainerReportHandler (AbstractContainerReportHandler.java:updateContainerState(145)) - Container #1 is in OPEN state, but the datanode e3498cd7-eaa3-4a2f-a67e-ea1e9c2005a9{ip: 192.168.69.119, host: pr-hdds-2354-xrwnf-3238337902, networkLocation: /default-rack, certSerialId: null} reports an CLOSED replica.
2019-10-24 04:20:41,429 [EventQueue-ContainerReportForContainerReportHandler] WARN  container.ContainerReportHandler (AbstractContainerReportHandler.java:updateContainerState(145)) - Container #1 is in OPEN state, but the datanode 061ed049-4de7-4292-8db3-b6c544105954{ip: 192.168.69.119, host: pr-hdds-2354-xrwnf-3238337902, networkLocation: /default-rack, certSerialId: null} reports an CLOSED replica.
2019-10-24 04:20:41,465 [BlockDeletingService#2] WARN  background.BlockDeletingService (BlockDeletingService.java:isDeletionAllowed(187)) - Close Container log Index 6 is not replicated across allthe servers in the pipeline 9f202be1-23c1-4e96-9103-74cce82b9a43 as the min replicated index is 4. Deletion is not allowed in this container yet.
2019-10-24 04:20:41,465 [BlockDeletingService#6] WARN  background.BlockDeletingService (BlockDeletingService.java:isDeletionAllowed(187)) - Close Container log Index 6 is not replicated across allthe servers in the pipeline 9f202be1-23c1-4e96-9103-74cce82b9a43 as the min replicated index is 4. Deletion is not allowed in this container yet.
2019-10-24 04:20:41,727 [EventQueue-ContainerReportForContainerReportHandler] WARN  container.ContainerReportHandler (AbstractContainerReportHandler.java:updateContainerState(145)) - Container #1 is in OPEN state, but the datanode e3498cd7-eaa3-4a2f-a67e-ea1e9c2005a9{ip: 192.168.69.119, host: pr-hdds-2354-xrwnf-3238337902, networkLocation: /default-rack, certSerialId: null} reports an CLOSED replica.
2019-10-24 04:20:41,729 [EventQueue-ContainerReportForContainerReportHandler] WARN  container.ContainerReportHandler (AbstractContainerReportHandler.java:updateContainerState(145)) - Container #1 is in OPEN state, but the datanode 061ed049-4de7-4292-8db3-b6c544105954{ip: 192.168.69.119, host: pr-hdds-2354-xrwnf-3238337902, networkLocation: /default-rack, certSerialId: null} reports an CLOSED replica.
2019-10-24 04:20:42,028 [EventQueue-ContainerReportForContainerReportHandler] WARN  container.ContainerReportHandler (AbstractContainerReportHandler.java:updateContainerState(145)) - Container #1 is in OPEN state, but the datanode e3498cd7-eaa3-4a2f-a67e-ea1e9c2005a9{ip: 192.168.69.119, host: pr-hdds-2354-xrwnf-3238337902, networkLocation: /default-rack, certSerialId: null} reports an CLOSED replica.
2019-10-24 04:20:42,077 [java.util.concurrent.ThreadPoolExecutor$Worker@4fa1d99e[State = -1, empty queue]] WARN  server.GrpcLogAppender (GrpcLogAppender.java:timeoutAppendRequest(209)) - 061ed049-4de7-4292-8db3-b6c544105954@group-74CCE82B9A43->7770f8c7-01fb-43d9-b34c-02757d82bdbb-GrpcLogAppender: appendEntries Timeout, request=061ed049-4de7-4292-8db3-b6c544105954->7770f8c7-01fb-43d9-b34c-02757d82bdbb#31-t1, previous=(t:1, i:10), leaderCommit=10, initializing? false, entries: <empty>
2019-10-24 04:20:42,127 [Thread-378] INFO  client.GrpcClientProtocolService (GrpcClientProtocolService.java:lambda$processClientRequest$0(279)) - Failed RaftClientRequest:client-AD324743EAE9->e3498cd7-eaa3-4a2f-a67e-ea1e9c2005a9@group-74CCE82B9A43, cid=10, seq=0, Watch-ALL_COMMITTED(6), Message:<EMPTY>, reply=RaftClientReply:client-AD324743EAE9->e3498cd7-eaa3-4a2f-a67e-ea1e9c2005a9@group-74CCE82B9A43, cid=10, FAILED org.apache.ratis.protocol.NotLeaderException: Server e3498cd7-eaa3-4a2f-a67e-ea1e9c2005a9@group-74CCE82B9A43 is not the leader 061ed049-4de7-4292-8db3-b6c544105954:192.168.69.119:41000, logIndex=0, commits[e3498cd7-eaa3-4a2f-a67e-ea1e9c2005a9:c10, 061ed049-4de7-4292-8db3-b6c544105954:c10, 7770f8c7-01fb-43d9-b34c-02757d82bdbb:c4]
2019-10-24 04:20:42,130 [EventQueue-ContainerReportForContainerReportHandler] WARN  container.ContainerReportHandler (AbstractContainerReportHandler.java:updateContainerState(145)) - Container #1 is in OPEN state, but the datanode 061ed049-4de7-4292-8db3-b6c544105954{ip: 192.168.69.119, host: pr-hdds-2354-xrwnf-3238337902, networkLocation: /default-rack, certSerialId: null} reports an CLOSED replica.
2019-10-24 04:20:42,227 [EventQueue-ContainerReportForContainerReportHandler] WARN  container.ContainerReportHandler (AbstractContainerReportHandler.java:updateContainerState(145)) - Container #1 is in OPEN state, but the datanode e3498cd7-eaa3-4a2f-a67e-ea1e9c2005a9{ip: 192.168.69.119, host: pr-hdds-2354-xrwnf-3238337902, networkLocation: /default-rack, certSerialId: null} reports an CLOSED replica.
2019-10-24 04:20:42,468 [BlockDeletingService#6] WARN  background.BlockDeletingService (BlockDeletingService.java:isDeletionAllowed(187)) - Close Container log Index 6 is not replicated across allthe servers in the pipeline 9f202be1-23c1-4e96-9103-74cce82b9a43 as the min replicated index is 4. Deletion is not allowed in this container yet.
2019-10-24 04:20:42,468 [BlockDeletingService#2] WARN  background.BlockDeletingService (BlockDeletingService.java:isDeletionAllowed(187)) - Close Container log Index 6 is not replicated across allthe servers in the pipeline 9f202be1-23c1-4e96-9103-74cce82b9a43 as the min replicated index is 4. Deletion is not allowed in this container yet.
2019-10-24 04:20:42,527 [EventQueue-ContainerReportForContainerReportHandler] WARN  container.ContainerReportHandler (AbstractContainerReportHandler.java:updateContainerState(145)) - Container #1 is in OPEN state, but the datanode e3498cd7-eaa3-4a2f-a67e-ea1e9c2005a9{ip: 192.168.69.119, host: pr-hdds-2354-xrwnf-3238337902, networkLocation: /default-rack, certSerialId: null} reports an CLOSED replica.
2019-10-24 04:20:42,531 [EventQueue-ContainerReportForContainerReportHandler] WARN  container.ContainerReportHandler (AbstractContainerReportHandler.java:updateContainerState(145)) - Container #1 is in OPEN state, but the datanode 061ed049-4de7-4292-8db3-b6c544105954{ip: 192.168.69.119, host: pr-hdds-2354-xrwnf-3238337902, networkLocation: /default-rack, certSerialId: null} reports an CLOSED replica.
2019-10-24 04:20:42,730 [EventQueue-ContainerReportForContainerReportHandler] WARN  container.ContainerReportHandler (AbstractContainerReportHandler.java:updateContainerState(145)) - Container #1 is in OPEN state, but the datanode 061ed049-4de7-4292-8db3-b6c544105954{ip: 192.168.69.119, host: pr-hdds-2354-xrwnf-3238337902, networkLocation: /default-rack, certSerialId: null} reports an CLOSED replica.
2019-10-24 04:20:42,927 [EventQueue-ContainerReportForContainerReportHandler] WARN  container.ContainerReportHandler (AbstractContainerReportHandler.java:updateContainerState(145)) - Container #1 is in OPEN state, but the datanode e3498cd7-eaa3-4a2f-a67e-ea1e9c2005a9{ip: 192.168.69.119, host: pr-hdds-2354-xrwnf-3238337902, networkLocation: /default-rack, certSerialId: null} reports an CLOSED replica.
2019-10-24 04:20:43,030 [EventQueue-ContainerReportForContainerReportHandler] WARN  container.ContainerReportHandler (AbstractContainerReportHandler.java:updateContainerState(145)) - Container #1 is in OPEN state, but the datanode 061ed049-4de7-4292-8db3-b6c544105954{ip: 192.168.69.119, host: pr-hdds-2354-xrwnf-3238337902, networkLocation: /default-rack, certSerialId: null} reports an CLOSED replica.
2019-10-24 04:20:43,227 [EventQueue-ContainerReportForContainerReportHandler] WARN  container.ContainerReportHandler (AbstractContainerReportHandler.java:updateContainerState(145)) - Container #1 is in OPEN state, but the datanode e3498cd7-eaa3-4a2f-a67e-ea1e9c2005a9{ip: 192.168.69.119, host: pr-hdds-2354-xrwnf-3238337902, networkLocation: /default-rack, certSerialId: null} reports an CLOSED replica.
2019-10-24 04:20:43,230 [EventQueue-ContainerReportForContainerReportHandler] WARN  container.ContainerReportHandler (AbstractContainerReportHandler.java:updateContainerState(145)) - Container #1 is in OPEN state, but the datanode 061ed049-4de7-4292-8db3-b6c544105954{ip: 192.168.69.119, host: pr-hdds-2354-xrwnf-3238337902, networkLocation: /default-rack, certSerialId: null} reports an CLOSED replica.
2019-10-24 04:20:43,432 [EventQueue-ContainerReportForContainerReportHandler] WARN  container.ContainerReportHandler (AbstractContainerReportHandler.java:updateContainerState(145)) - Container #1 is in OPEN state, but the datanode 061ed049-4de7-4292-8db3-b6c544105954{ip: 192.168.69.119, host: pr-hdds-2354-xrwnf-3238337902, networkLocation: /default-rack, certSerialId: null} reports an CLOSED replica.
2019-10-24 04:20:43,472 [BlockDeletingService#6] WARN  background.BlockDeletingService (BlockDeletingService.java:isDeletionAllowed(187)) - Close Container log Index 6 is not replicated across allthe servers in the pipeline 9f202be1-23c1-4e96-9103-74cce82b9a43 as the min replicated index is 4. Deletion is not allowed in this container yet.
2019-10-24 04:20:43,472 [BlockDeletingService#2] WARN  background.BlockDeletingService (BlockDeletingService.java:isDeletionAllowed(187)) - Close Container log Index 6 is not replicated across allthe servers in the pipeline 9f202be1-23c1-4e96-9103-74cce82b9a43 as the min replicated index is 4. Deletion is not allowed in this container yet.
2019-10-24 04:20:43,627 [EventQueue-ContainerReportForContainerReportHandler] WARN  container.ContainerReportHandler (AbstractContainerReportHandler.java:updateContainerState(145)) - Container #1 is in OPEN state, but the datanode e3498cd7-eaa3-4a2f-a67e-ea1e9c2005a9{ip: 192.168.69.119, host: pr-hdds-2354-xrwnf-3238337902, networkLocation: /default-rack, certSerialId: null} reports an CLOSED replica.
2019-10-24 04:20:43,733 [EventQueue-ContainerReportForContainerReportHandler] WARN  container.ContainerReportHandler (AbstractContainerReportHandler.java:updateContainerState(145)) - Container #1 is in OPEN state, but the datanode 061ed049-4de7-4292-8db3-b6c544105954{ip: 192.168.69.119, host: pr-hdds-2354-xrwnf-3238337902, networkLocation: /default-rack, certSerialId: null} reports an CLOSED replica.
2019-10-24 04:20:43,827 [EventQueue-ContainerReportForContainerReportHandler] WARN  container.ContainerReportHandler (AbstractContainerReportHandler.java:updateContainerState(145)) - Container #1 is in OPEN state, but the datanode e3498cd7-eaa3-4a2f-a67e-ea1e9c2005a9{ip: 192.168.69.119, host: pr-hdds-2354-xrwnf-3238337902, networkLocation: /default-rack, certSerialId: null} reports an CLOSED replica.
2019-10-24 04:20:43,885 [Thread-385] INFO  client.GrpcClientProtocolService (GrpcClientProtocolService.java:lambda$processClientRequest$0(279)) - Failed RaftClientRequest:client-AD324743EAE9->061ed049-4de7-4292-8db3-b6c544105954@group-74CCE82B9A43, cid=10, seq=0, Watch-ALL_COMMITTED(6), Message:<EMPTY>, reply=RaftClientReply:client-AD324743EAE9->061ed049-4de7-4292-8db3-b6c544105954@group-74CCE82B9A43, cid=10, FAILED org.apache.ratis.protocol.NotReplicatedException: Request with call Id 10 and log index 6 is not yet replicated to ALL_COMMITTED, logIndex=6, commits[061ed049-4de7-4292-8db3-b6c544105954:c10, 7770f8c7-01fb-43d9-b34c-02757d82bdbb:c4, e3498cd7-eaa3-4a2f-a67e-ea1e9c2005a9:c10]
2019-10-24 04:20:44,133 [EventQueue-ContainerReportForContainerReportHandler] WARN  container.ContainerReportHandler (AbstractContainerReportHandler.java:updateContainerState(145)) - Container #1 is in OPEN state, but the datanode 061ed049-4de7-4292-8db3-b6c544105954{ip: 192.168.69.119, host: pr-hdds-2354-xrwnf-3238337902, networkLocation: /default-rack, certSerialId: null} reports an CLOSED replica.
2019-10-24 04:20:44,228 [EventQueue-ContainerReportForContainerReportHandler] WARN  container.ContainerReportHandler (AbstractContainerReportHandler.java:updateContainerState(145)) - Container #1 is in OPEN state, but the datanode e3498cd7-eaa3-4a2f-a67e-ea1e9c2005a9{ip: 192.168.69.119, host: pr-hdds-2354-xrwnf-3238337902, networkLocation: /default-rack, certSerialId: null} reports an CLOSED replica.
2019-10-24 04:20:44,434 [EventQueue-ContainerReportForContainerReportHandler] WARN  container.ContainerReportHandler (AbstractContainerReportHandler.java:updateContainerState(145)) - Container #1 is in OPEN state, but the datanode 061ed049-4de7-4292-8db3-b6c544105954{ip: 192.168.69.119, host: pr-hdds-2354-xrwnf-3238337902, networkLocation: /default-rack, certSerialId: null} reports an CLOSED replica.
2019-10-24 04:20:44,474 [BlockDeletingService#2] WARN  background.BlockDeletingService (BlockDeletingService.java:isDeletionAllowed(187)) - Close Container log Index 6 is not replicated across allthe servers in the pipeline 9f202be1-23c1-4e96-9103-74cce82b9a43 as the min replicated index is 4. Deletion is not allowed in this container yet.
2019-10-24 04:20:44,474 [BlockDeletingService#6] WARN  background.BlockDeletingService (BlockDeletingService.java:isDeletionAllowed(187)) - Close Container log Index 6 is not replicated across allthe servers in the pipeline 9f202be1-23c1-4e96-9103-74cce82b9a43 as the min replicated index is 4. Deletion is not allowed in this container yet.
2019-10-24 04:20:44,528 [EventQueue-ContainerReportForContainerReportHandler] WARN  container.ContainerReportHandler (AbstractContainerReportHandler.java:updateContainerState(145)) - Container #1 is in OPEN state, but the datanode e3498cd7-eaa3-4a2f-a67e-ea1e9c2005a9{ip: 192.168.69.119, host: pr-hdds-2354-xrwnf-3238337902, networkLocation: /default-rack, certSerialId: null} reports an CLOSED replica.
2019-10-24 04:20:44,578 [java.util.concurrent.ThreadPoolExecutor$Worker@4fa1d99e[State = -1, empty queue]] WARN  server.GrpcLogAppender (GrpcLogAppender.java:timeoutAppendRequest(209)) - 061ed049-4de7-4292-8db3-b6c544105954@group-74CCE82B9A43->7770f8c7-01fb-43d9-b34c-02757d82bdbb-GrpcLogAppender: appendEntries Timeout, request=061ed049-4de7-4292-8db3-b6c544105954->7770f8c7-01fb-43d9-b34c-02757d82bdbb#32-t1, previous=(t:1, i:10), leaderCommit=10, initializing? false, entries: <empty>
2019-10-24 04:20:44,734 [EventQueue-ContainerReportForContainerReportHandler] WARN  container.ContainerReportHandler (AbstractContainerReportHandler.java:updateContainerState(145)) - Container #1 is in OPEN state, but the datanode 061ed049-4de7-4292-8db3-b6c544105954{ip: 192.168.69.119, host: pr-hdds-2354-xrwnf-3238337902, networkLocation: /default-rack, certSerialId: null} reports an CLOSED replica.
2019-10-24 04:20:44,829 [EventQueue-ContainerReportForContainerReportHandler] WARN  container.ContainerReportHandler (AbstractContainerReportHandler.java:updateContainerState(145)) - Container #1 is in OPEN state, but the datanode e3498cd7-eaa3-4a2f-a67e-ea1e9c2005a9{ip: 192.168.69.119, host: pr-hdds-2354-xrwnf-3238337902, networkLocation: /default-rack, certSerialId: null} reports an CLOSED replica.
2019-10-24 04:20:44,934 [EventQueue-ContainerReportForContainerReportHandler] WARN  container.ContainerReportHandler (AbstractContainerReportHandler.java:updateContainerState(145)) - Container #1 is in OPEN state, but the datanode 061ed049-4de7-4292-8db3-b6c544105954{ip: 192.168.69.119, host: pr-hdds-2354-xrwnf-3238337902, networkLocation: /default-rack, certSerialId: null} reports an CLOSED replica.
2019-10-24 04:20:45,129 [EventQueue-ContainerReportForContainerReportHandler] WARN  container.ContainerReportHandler (AbstractContainerReportHandler.java:updateContainerState(145)) - Container #1 is in OPEN state, but the datanode e3498cd7-eaa3-4a2f-a67e-ea1e9c2005a9{ip: 192.168.69.119, host: pr-hdds-2354-xrwnf-3238337902, networkLocation: /default-rack, certSerialId: null} reports an CLOSED replica.
2019-10-24 04:20:45,330 [EventQueue-ContainerReportForContainerReportHandler] WARN  container.ContainerReportHandler (AbstractContainerReportHandler.java:updateContainerState(145)) - Container #1 is in OPEN state, but the datanode e3498cd7-eaa3-4a2f-a67e-ea1e9c2005a9{ip: 192.168.69.119, host: pr-hdds-2354-xrwnf-3238337902, networkLocation: /default-rack, certSerialId: null} reports an CLOSED replica.
2019-10-24 04:20:45,335 [EventQueue-ContainerReportForContainerReportHandler] WARN  container.ContainerReportHandler (AbstractContainerReportHandler.java:updateContainerState(145)) - Container #1 is in OPEN state, but the datanode 061ed049-4de7-4292-8db3-b6c544105954{ip: 192.168.69.119, host: pr-hdds-2354-xrwnf-3238337902, networkLocation: /default-rack, certSerialId: null} reports an CLOSED replica.
2019-10-24 04:20:45,476 [BlockDeletingService#2] WARN  background.BlockDeletingService (BlockDeletingService.java:isDeletionAllowed(187)) - Close Container log Index 6 is not replicated across allthe servers in the pipeline 9f202be1-23c1-4e96-9103-74cce82b9a43 as the min replicated index is 4. Deletion is not allowed in this container yet.
2019-10-24 04:20:45,476 [BlockDeletingService#6] WARN  background.BlockDeletingService (BlockDeletingService.java:isDeletionAllowed(187)) - Close Container log Index 6 is not replicated across allthe servers in the pipeline 9f202be1-23c1-4e96-9103-74cce82b9a43 as the min replicated index is 4. Deletion is not allowed in this container yet.
2019-10-24 04:20:45,635 [EventQueue-ContainerReportForContainerReportHandler] WARN  container.ContainerReportHandler (AbstractContainerReportHandler.java:updateContainerState(145)) - Container #1 is in OPEN state, but the datanode 061ed049-4de7-4292-8db3-b6c544105954{ip: 192.168.69.119, host: pr-hdds-2354-xrwnf-3238337902, networkLocation: /default-rack, certSerialId: null} reports an CLOSED replica.
2019-10-24 04:20:45,729 [EventQueue-ContainerReportForContainerReportHandler] WARN  container.ContainerReportHandler (AbstractContainerReportHandler.java:updateContainerState(145)) - Container #1 is in OPEN state, but the datanode e3498cd7-eaa3-4a2f-a67e-ea1e9c2005a9{ip: 192.168.69.119, host: pr-hdds-2354-xrwnf-3238337902, networkLocation: /default-rack, certSerialId: null} reports an CLOSED replica.
2019-10-24 04:20:45,836 [EventQueue-ContainerReportForContainerReportHandler] WARN  container.ContainerReportHandler (AbstractContainerReportHandler.java:updateContainerState(145)) - Container #1 is in OPEN state, but the datanode 061ed049-4de7-4292-8db3-b6c544105954{ip: 192.168.69.119, host: pr-hdds-2354-xrwnf-3238337902, networkLocation: /default-rack, certSerialId: null} reports an CLOSED replica.
2019-10-24 04:20:46,030 [EventQueue-ContainerReportForContainerReportHandler] WARN  container.ContainerReportHandler (AbstractContainerReportHandler.java:updateContainerState(145)) - Container #1 is in OPEN state, but the datanode e3498cd7-eaa3-4a2f-a67e-ea1e9c2005a9{ip: 192.168.69.119, host: pr-hdds-2354-xrwnf-3238337902, networkLocation: /default-rack, certSerialId: null} reports an CLOSED replica.
2019-10-24 04:20:46,037 [EventQueue-ContainerReportForContainerReportHandler] WARN  container.ContainerReportHandler (AbstractContainerReportHandler.java:updateContainerState(145)) - Container #1 is in OPEN state, but the datanode 061ed049-4de7-4292-8db3-b6c544105954{ip: 192.168.69.119, host: pr-hdds-2354-xrwnf-3238337902, networkLocation: /default-rack, certSerialId: null} reports an CLOSED replica.
2019-10-24 04:20:46,431 [EventQueue-ContainerReportForContainerReportHandler] WARN  container.ContainerReportHandler (AbstractContainerReportHandler.java:updateContainerState(145)) - Container #1 is in OPEN state, but the datanode e3498cd7-eaa3-4a2f-a67e-ea1e9c2005a9{ip: 192.168.69.119, host: pr-hdds-2354-xrwnf-3238337902, networkLocation: /default-rack, certSerialId: null} reports an CLOSED replica.
2019-10-24 04:20:46,437 [EventQueue-ContainerReportForContainerReportHandler] WARN  container.ContainerReportHandler (AbstractContainerReportHandler.java:updateContainerState(145)) - Container #1 is in OPEN state, but the datanode 061ed049-4de7-4292-8db3-b6c544105954{ip: 192.168.69.119, host: pr-hdds-2354-xrwnf-3238337902, networkLocation: /default-rack, certSerialId: null} reports an CLOSED replica.
2019-10-24 04:20:46,478 [BlockDeletingService#2] WARN  background.BlockDeletingService (BlockDeletingService.java:isDeletionAllowed(187)) - Close Container log Index 6 is not replicated across allthe servers in the pipeline 9f202be1-23c1-4e96-9103-74cce82b9a43 as the min replicated index is 4. Deletion is not allowed in this container yet.
2019-10-24 04:20:46,478 [BlockDeletingService#6] WARN  background.BlockDeletingService (BlockDeletingService.java:isDeletionAllowed(187)) - Close Container log Index 6 is not replicated across allthe servers in the pipeline 9f202be1-23c1-4e96-9103-74cce82b9a43 as the min replicated index is 4. Deletion is not allowed in this container yet.
2019-10-24 04:20:46,732 [EventQueue-ContainerReportForContainerReportHandler] WARN  container.ContainerReportHandler (AbstractContainerReportHandler.java:updateContainerState(145)) - Container #1 is in OPEN state, but the datanode e3498cd7-eaa3-4a2f-a67e-ea1e9c2005a9{ip: 192.168.69.119, host: pr-hdds-2354-xrwnf-3238337902, networkLocation: /default-rack, certSerialId: null} reports an CLOSED replica.
2019-10-24 04:20:46,737 [EventQueue-ContainerReportForContainerReportHandler] WARN  container.ContainerReportHandler (AbstractContainerReportHandler.java:updateContainerState(145)) - Container #1 is in OPEN state, but the datanode 061ed049-4de7-4292-8db3-b6c544105954{ip: 192.168.69.119, host: pr-hdds-2354-xrwnf-3238337902, networkLocation: /default-rack, certSerialId: null} reports an CLOSED replica.
2019-10-24 04:20:46,938 [EventQueue-ContainerReportForContainerReportHandler] WARN  container.ContainerReportHandler (AbstractContainerReportHandler.java:updateContainerState(145)) - Container #1 is in OPEN state, but the datanode 061ed049-4de7-4292-8db3-b6c544105954{ip: 192.168.69.119, host: pr-hdds-2354-xrwnf-3238337902, networkLocation: /default-rack, certSerialId: null} reports an CLOSED replica.
2019-10-24 04:20:47,033 [EventQueue-ContainerReportForContainerReportHandler] WARN  container.ContainerReportHandler (AbstractContainerReportHandler.java:updateContainerState(145)) - Container #1 is in OPEN state, but the datanode e3498cd7-eaa3-4a2f-a67e-ea1e9c2005a9{ip: 192.168.69.119, host: pr-hdds-2354-xrwnf-3238337902, networkLocation: /default-rack, certSerialId: null} reports an CLOSED replica.
2019-10-24 04:20:47,080 [java.util.concurrent.ThreadPoolExecutor$Worker@4fa1d99e[State = -1, empty queue]] WARN  server.GrpcLogAppender (GrpcLogAppender.java:timeoutAppendRequest(209)) - 061ed049-4de7-4292-8db3-b6c544105954@group-74CCE82B9A43->7770f8c7-01fb-43d9-b34c-02757d82bdbb-GrpcLogAppender: appendEntries Timeout, request=061ed049-4de7-4292-8db3-b6c544105954->7770f8c7-01fb-43d9-b34c-02757d82bdbb#33-t1, previous=(t:1, i:10), leaderCommit=10, initializing? false, entries: <empty>
2019-10-24 04:20:47,233 [EventQueue-ContainerReportForContainerReportHandler] WARN  container.ContainerReportHandler (AbstractContainerReportHandler.java:updateContainerState(145)) - Container #1 is in OPEN state, but the datanode e3498cd7-eaa3-4a2f-a67e-ea1e9c2005a9{ip: 192.168.69.119, host: pr-hdds-2354-xrwnf-3238337902, networkLocation: /default-rack, certSerialId: null} reports an CLOSED replica.
2019-10-24 04:20:47,338 [EventQueue-ContainerReportForContainerReportHandler] WARN  container.ContainerReportHandler (AbstractContainerReportHandler.java:updateContainerState(145)) - Container #1 is in OPEN state, but the datanode 061ed049-4de7-4292-8db3-b6c544105954{ip: 192.168.69.119, host: pr-hdds-2354-xrwnf-3238337902, networkLocation: /default-rack, certSerialId: null} reports an CLOSED replica.
2019-10-24 04:20:47,434 [EventQueue-ContainerReportForContainerReportHandler] WARN  container.ContainerReportHandler (AbstractContainerReportHandler.java:updateContainerState(145)) - Container #1 is in OPEN state, but the datanode e3498cd7-eaa3-4a2f-a67e-ea1e9c2005a9{ip: 192.168.69.119, host: pr-hdds-2354-xrwnf-3238337902, networkLocation: /default-rack, certSerialId: null} reports an CLOSED replica.
2019-10-24 04:20:47,480 [BlockDeletingService#2] WARN  background.BlockDeletingService (BlockDeletingService.java:isDeletionAllowed(187)) - Close Container log Index 6 is not replicated across allthe servers in the pipeline 9f202be1-23c1-4e96-9103-74cce82b9a43 as the min replicated index is 4. Deletion is not allowed in this container yet.
2019-10-24 04:20:47,480 [BlockDeletingService#6] WARN  background.BlockDeletingService (BlockDeletingService.java:isDeletionAllowed(187)) - Close Container log Index 6 is not replicated across allthe servers in the pipeline 9f202be1-23c1-4e96-9103-74cce82b9a43 as the min replicated index is 4. Deletion is not allowed in this container yet.
2019-10-24 04:20:47,638 [EventQueue-ContainerReportForContainerReportHandler] WARN  container.ContainerReportHandler (AbstractContainerReportHandler.java:updateContainerState(145)) - Container #1 is in OPEN state, but the datanode 061ed049-4de7-4292-8db3-b6c544105954{ip: 192.168.69.119, host: pr-hdds-2354-xrwnf-3238337902, networkLocation: /default-rack, certSerialId: null} reports an CLOSED replica.
2019-10-24 04:20:47,734 [EventQueue-ContainerReportForContainerReportHandler] WARN  container.ContainerReportHandler (AbstractContainerReportHandler.java:updateContainerState(145)) - Container #1 is in OPEN state, but the datanode e3498cd7-eaa3-4a2f-a67e-ea1e9c2005a9{ip: 192.168.69.119, host: pr-hdds-2354-xrwnf-3238337902, networkLocation: /default-rack, certSerialId: null} reports an CLOSED replica.
2019-10-24 04:20:47,939 [EventQueue-ContainerReportForContainerReportHandler] WARN  container.ContainerReportHandler (AbstractContainerReportHandler.java:updateContainerState(145)) - Container #1 is in OPEN state, but the datanode 061ed049-4de7-4292-8db3-b6c544105954{ip: 192.168.69.119, host: pr-hdds-2354-xrwnf-3238337902, networkLocation: /default-rack, certSerialId: null} reports an CLOSED replica.
2019-10-24 04:20:48,035 [EventQueue-ContainerReportForContainerReportHandler] WARN  container.ContainerReportHandler (AbstractContainerReportHandler.java:updateContainerState(145)) - Container #1 is in OPEN state, but the datanode e3498cd7-eaa3-4a2f-a67e-ea1e9c2005a9{ip: 192.168.69.119, host: pr-hdds-2354-xrwnf-3238337902, networkLocation: /default-rack, certSerialId: null} reports an CLOSED replica.
2019-10-24 04:20:48,239 [EventQueue-ContainerReportForContainerReportHandler] WARN  container.ContainerReportHandler (AbstractContainerReportHandler.java:updateContainerState(145)) - Container #1 is in OPEN state, but the datanode 061ed049-4de7-4292-8db3-b6c544105954{ip: 192.168.69.119, host: pr-hdds-2354-xrwnf-3238337902, networkLocation: /default-rack, certSerialId: null} reports an CLOSED replica.
2019-10-24 04:20:48,334 [EventQueue-ContainerReportForContainerReportHandler] WARN  container.ContainerReportHandler (AbstractContainerReportHandler.java:updateContainerState(145)) - Container #1 is in OPEN state, but the datanode e3498cd7-eaa3-4a2f-a67e-ea1e9c2005a9{ip: 192.168.69.119, host: pr-hdds-2354-xrwnf-3238337902, networkLocation: /default-rack, certSerialId: null} reports an CLOSED replica.
2019-10-24 04:20:48,484 [BlockDeletingService#2] WARN  background.BlockDeletingService (BlockDeletingService.java:isDeletionAllowed(187)) - Close Container log Index 6 is not replicated across allthe servers in the pipeline 9f202be1-23c1-4e96-9103-74cce82b9a43 as the min replicated index is 4. Deletion is not allowed in this container yet.
2019-10-24 04:20:48,484 [BlockDeletingService#6] WARN  background.BlockDeletingService (BlockDeletingService.java:isDeletionAllowed(187)) - Close Container log Index 6 is not replicated across allthe servers in the pipeline 9f202be1-23c1-4e96-9103-74cce82b9a43 as the min replicated index is 4. Deletion is not allowed in this container yet.
2019-10-24 04:20:48,538 [EventQueue-ContainerReportForContainerReportHandler] WARN  container.ContainerReportHandler (AbstractContainerReportHandler.java:updateContainerState(145)) - Container #1 is in OPEN state, but the datanode 061ed049-4de7-4292-8db3-b6c544105954{ip: 192.168.69.119, host: pr-hdds-2354-xrwnf-3238337902, networkLocation: /default-rack, certSerialId: null} reports an CLOSED replica.
2019-10-24 04:20:48,634 [EventQueue-ContainerReportForContainerReportHandler] WARN  container.ContainerReportHandler (AbstractContainerReportHandler.java:updateContainerState(145)) - Container #1 is in OPEN state, but the datanode e3498cd7-eaa3-4a2f-a67e-ea1e9c2005a9{ip: 192.168.69.119, host: pr-hdds-2354-xrwnf-3238337902, networkLocation: /default-rack, certSerialId: null} reports an CLOSED replica.
2019-10-24 04:20:48,938 [EventQueue-ContainerReportForContainerReportHandler] WARN  container.ContainerReportHandler (AbstractContainerReportHandler.java:updateContainerState(145)) - Container #1 is in OPEN state, but the datanode 061ed049-4de7-4292-8db3-b6c544105954{ip: 192.168.69.119, host: pr-hdds-2354-xrwnf-3238337902, networkLocation: /default-rack, certSerialId: null} reports an CLOSED replica.
2019-10-24 04:20:49,035 [EventQueue-ContainerReportForContainerReportHandler] WARN  container.ContainerReportHandler (AbstractContainerReportHandler.java:updateContainerState(145)) - Container #1 is in OPEN state, but the datanode e3498cd7-eaa3-4a2f-a67e-ea1e9c2005a9{ip: 192.168.69.119, host: pr-hdds-2354-xrwnf-3238337902, networkLocation: /default-rack, certSerialId: null} reports an CLOSED replica.
2019-10-24 04:20:49,139 [EventQueue-ContainerReportForContainerReportHandler] WARN  container.ContainerReportHandler (AbstractContainerReportHandler.java:updateContainerState(145)) - Container #1 is in OPEN state, but the datanode 061ed049-4de7-4292-8db3-b6c544105954{ip: 192.168.69.119, host: pr-hdds-2354-xrwnf-3238337902, networkLocation: /default-rack, certSerialId: null} reports an CLOSED replica.
2019-10-24 04:20:49,435 [EventQueue-ContainerReportForContainerReportHandler] WARN  container.ContainerReportHandler (AbstractContainerReportHandler.java:updateContainerState(145)) - Container #1 is in OPEN state, but the datanode e3498cd7-eaa3-4a2f-a67e-ea1e9c2005a9{ip: 192.168.69.119, host: pr-hdds-2354-xrwnf-3238337902, networkLocation: /default-rack, certSerialId: null} reports an CLOSED replica.
2019-10-24 04:20:49,439 [EventQueue-ContainerReportForContainerReportHandler] WARN  container.ContainerReportHandler (AbstractContainerReportHandler.java:updateContainerState(145)) - Container #1 is in OPEN state, but the datanode 061ed049-4de7-4292-8db3-b6c544105954{ip: 192.168.69.119, host: pr-hdds-2354-xrwnf-3238337902, networkLocation: /default-rack, certSerialId: null} reports an CLOSED replica.
2019-10-24 04:20:49,485 [BlockDeletingService#2] WARN  background.BlockDeletingService (BlockDeletingService.java:isDeletionAllowed(187)) - Close Container log Index 6 is not replicated across allthe servers in the pipeline 9f202be1-23c1-4e96-9103-74cce82b9a43 as the min replicated index is 4. Deletion is not allowed in this container yet.
2019-10-24 04:20:49,485 [BlockDeletingService#6] WARN  background.BlockDeletingService (BlockDeletingService.java:isDeletionAllowed(187)) - Close Container log Index 6 is not replicated across allthe servers in the pipeline 9f202be1-23c1-4e96-9103-74cce82b9a43 as the min replicated index is 4. Deletion is not allowed in this container yet.
2019-10-24 04:20:49,582 [java.util.concurrent.ThreadPoolExecutor$Worker@4fa1d99e[State = -1, empty queue]] WARN  server.GrpcLogAppender (GrpcLogAppender.java:timeoutAppendRequest(209)) - 061ed049-4de7-4292-8db3-b6c544105954@group-74CCE82B9A43->7770f8c7-01fb-43d9-b34c-02757d82bdbb-GrpcLogAppender: appendEntries Timeout, request=061ed049-4de7-4292-8db3-b6c544105954->7770f8c7-01fb-43d9-b34c-02757d82bdbb#34-t1, previous=(t:1, i:10), leaderCommit=10, initializing? false, entries: <empty>
2019-10-24 04:20:49,736 [EventQueue-ContainerReportForContainerReportHandler] WARN  container.ContainerReportHandler (AbstractContainerReportHandler.java:updateContainerState(145)) - Container #1 is in OPEN state, but the datanode e3498cd7-eaa3-4a2f-a67e-ea1e9c2005a9{ip: 192.168.69.119, host: pr-hdds-2354-xrwnf-3238337902, networkLocation: /default-rack, certSerialId: null} reports an CLOSED replica.
2019-10-24 04:20:49,739 [EventQueue-ContainerReportForContainerReportHandler] WARN  container.ContainerReportHandler (AbstractContainerReportHandler.java:updateContainerState(145)) - Container #1 is in OPEN state, but the datanode 061ed049-4de7-4292-8db3-b6c544105954{ip: 192.168.69.119, host: pr-hdds-2354-xrwnf-3238337902, networkLocation: /default-rack, certSerialId: null} reports an CLOSED replica.
2019-10-24 04:20:50,037 [EventQueue-ContainerReportForContainerReportHandler] WARN  container.ContainerReportHandler (AbstractContainerReportHandler.java:updateContainerState(145)) - Container #1 is in OPEN state, but the datanode e3498cd7-eaa3-4a2f-a67e-ea1e9c2005a9{ip: 192.168.69.119, host: pr-hdds-2354-xrwnf-3238337902, networkLocation: /default-rack, certSerialId: null} reports an CLOSED replica.
2019-10-24 04:20:50,040 [EventQueue-ContainerReportForContainerReportHandler] WARN  container.ContainerReportHandler (AbstractContainerReportHandler.java:updateContainerState(145)) - Container #1 is in OPEN state, but the datanode 061ed049-4de7-4292-8db3-b6c544105954{ip: 192.168.69.119, host: pr-hdds-2354-xrwnf-3238337902, networkLocation: /default-rack, certSerialId: null} reports an CLOSED replica.
2019-10-24 04:20:50,340 [EventQueue-ContainerReportForContainerReportHandler] WARN  container.ContainerReportHandler (AbstractContainerReportHandler.java:updateContainerState(145)) - Container #1 is in OPEN state, but the datanode 061ed049-4de7-4292-8db3-b6c544105954{ip: 192.168.69.119, host: pr-hdds-2354-xrwnf-3238337902, networkLocation: /default-rack, certSerialId: null} reports an CLOSED replica.
2019-10-24 04:20:50,439 [EventQueue-ContainerReportForContainerReportHandler] WARN  container.ContainerReportHandler (AbstractContainerReportHandler.java:updateContainerState(145)) - Container #1 is in OPEN state, but the datanode e3498cd7-eaa3-4a2f-a67e-ea1e9c2005a9{ip: 192.168.69.119, host: pr-hdds-2354-xrwnf-3238337902, networkLocation: /default-rack, certSerialId: null} reports an CLOSED replica.
2019-10-24 04:20:50,489 [BlockDeletingService#2] WARN  background.BlockDeletingService (BlockDeletingService.java:isDeletionAllowed(187)) - Close Container log Index 6 is not replicated across allthe servers in the pipeline 9f202be1-23c1-4e96-9103-74cce82b9a43 as the min replicated index is 4. Deletion is not allowed in this container yet.
2019-10-24 04:20:50,489 [BlockDeletingService#6] WARN  background.BlockDeletingService (BlockDeletingService.java:isDeletionAllowed(187)) - Close Container log Index 6 is not replicated across allthe servers in the pipeline 9f202be1-23c1-4e96-9103-74cce82b9a43 as the min replicated index is 4. Deletion is not allowed in this container yet.
2019-10-24 04:20:50,637 [EventQueue-ContainerReportForContainerReportHandler] WARN  container.ContainerReportHandler (AbstractContainerReportHandler.java:updateContainerState(145)) - Container #1 is in OPEN state, but the datanode e3498cd7-eaa3-4a2f-a67e-ea1e9c2005a9{ip: 192.168.69.119, host: pr-hdds-2354-xrwnf-3238337902, networkLocation: /default-rack, certSerialId: null} reports an CLOSED replica.
2019-10-24 04:20:50,641 [EventQueue-ContainerReportForContainerReportHandler] WARN  container.ContainerReportHandler (AbstractContainerReportHandler.java:updateContainerState(145)) - Container #1 is in OPEN state, but the datanode 061ed049-4de7-4292-8db3-b6c544105954{ip: 192.168.69.119, host: pr-hdds-2354-xrwnf-3238337902, networkLocation: /default-rack, certSerialId: null} reports an CLOSED replica.
2019-10-24 04:20:51,037 [EventQueue-ContainerReportForContainerReportHandler] WARN  container.ContainerReportHandler (AbstractContainerReportHandler.java:updateContainerState(145)) - Container #1 is in OPEN state, but the datanode e3498cd7-eaa3-4a2f-a67e-ea1e9c2005a9{ip: 192.168.69.119, host: pr-hdds-2354-xrwnf-3238337902, networkLocation: /default-rack, certSerialId: null} reports an CLOSED replica.
2019-10-24 04:20:51,041 [EventQueue-ContainerReportForContainerReportHandler] WARN  container.ContainerReportHandler (AbstractContainerReportHandler.java:updateContainerState(145)) - Container #1 is in OPEN state, but the datanode 061ed049-4de7-4292-8db3-b6c544105954{ip: 192.168.69.119, host: pr-hdds-2354-xrwnf-3238337902, networkLocation: /default-rack, certSerialId: null} reports an CLOSED replica.
2019-10-24 04:20:51,241 [EventQueue-ContainerReportForContainerReportHandler] WARN  container.ContainerReportHandler (AbstractContainerReportHandler.java:updateContainerState(145)) - Container #1 is in OPEN state, but the datanode 061ed049-4de7-4292-8db3-b6c544105954{ip: 192.168.69.119, host: pr-hdds-2354-xrwnf-3238337902, networkLocation: /default-rack, certSerialId: null} reports an CLOSED replica.
2019-10-24 04:20:51,337 [EventQueue-ContainerReportForContainerReportHandler] WARN  container.ContainerReportHandler (AbstractContainerReportHandler.java:updateContainerState(145)) - Container #1 is in OPEN state, but the datanode e3498cd7-eaa3-4a2f-a67e-ea1e9c2005a9{ip: 192.168.69.119, host: pr-hdds-2354-xrwnf-3238337902, networkLocation: /default-rack, certSerialId: null} reports an CLOSED replica.
2019-10-24 04:20:51,490 [BlockDeletingService#2] WARN  background.BlockDeletingService (BlockDeletingService.java:isDeletionAllowed(187)) - Close Container log Index 6 is not replicated across allthe servers in the pipeline 9f202be1-23c1-4e96-9103-74cce82b9a43 as the min replicated index is 4. Deletion is not allowed in this container yet.
2019-10-24 04:20:51,490 [BlockDeletingService#6] WARN  background.BlockDeletingService (BlockDeletingService.java:isDeletionAllowed(187)) - Close Container log Index 6 is not replicated across allthe servers in the pipeline 9f202be1-23c1-4e96-9103-74cce82b9a43 as the min replicated index is 4. Deletion is not allowed in this container yet.
2019-10-24 04:20:51,537 [EventQueue-ContainerReportForContainerReportHandler] WARN  container.ContainerReportHandler (AbstractContainerReportHandler.java:updateContainerState(145)) - Container #1 is in OPEN state, but the datanode e3498cd7-eaa3-4a2f-a67e-ea1e9c2005a9{ip: 192.168.69.119, host: pr-hdds-2354-xrwnf-3238337902, networkLocation: /default-rack, certSerialId: null} reports an CLOSED replica.
2019-10-24 04:20:51,541 [EventQueue-ContainerReportForContainerReportHandler] WARN  container.ContainerReportHandler (AbstractContainerReportHandler.java:updateContainerState(145)) - Container #1 is in OPEN state, but the datanode 061ed049-4de7-4292-8db3-b6c544105954{ip: 192.168.69.119, host: pr-hdds-2354-xrwnf-3238337902, networkLocation: /default-rack, certSerialId: null} reports an CLOSED replica.
2019-10-24 04:20:51,737 [EventQueue-ContainerReportForContainerReportHandler] WARN  container.ContainerReportHandler (AbstractContainerReportHandler.java:updateContainerState(145)) - Container #1 is in OPEN state, but the datanode e3498cd7-eaa3-4a2f-a67e-ea1e9c2005a9{ip: 192.168.69.119, host: pr-hdds-2354-xrwnf-3238337902, networkLocation: /default-rack, certSerialId: null} reports an CLOSED replica.
2019-10-24 04:20:51,841 [EventQueue-ContainerReportForContainerReportHandler] WARN  container.ContainerReportHandler (AbstractContainerReportHandler.java:updateContainerState(145)) - Container #1 is in OPEN state, but the datanode 061ed049-4de7-4292-8db3-b6c544105954{ip: 192.168.69.119, host: pr-hdds-2354-xrwnf-3238337902, networkLocation: /default-rack, certSerialId: null} reports an CLOSED replica.
2019-10-24 04:20:52,037 [EventQueue-ContainerReportForContainerReportHandler] WARN  container.ContainerReportHandler (AbstractContainerReportHandler.java:updateContainerState(145)) - Container #1 is in OPEN state, but the datanode e3498cd7-eaa3-4a2f-a67e-ea1e9c2005a9{ip: 192.168.69.119, host: pr-hdds-2354-xrwnf-3238337902, networkLocation: /default-rack, certSerialId: null} reports an CLOSED replica.
2019-10-24 04:20:52,084 [java.util.concurrent.ThreadPoolExecutor$Worker@4fa1d99e[State = -1, empty queue]] WARN  server.GrpcLogAppender (GrpcLogAppender.java:timeoutAppendRequest(209)) - 061ed049-4de7-4292-8db3-b6c544105954@group-74CCE82B9A43->7770f8c7-01fb-43d9-b34c-02757d82bdbb-GrpcLogAppender: appendEntries Timeout, request=061ed049-4de7-4292-8db3-b6c544105954->7770f8c7-01fb-43d9-b34c-02757d82bdbb#35-t1, previous=(t:1, i:10), leaderCommit=10, initializing? false, entries: <empty>
2019-10-24 04:20:52,142 [EventQueue-ContainerReportForContainerReportHandler] WARN  container.ContainerReportHandler (AbstractContainerReportHandler.java:updateContainerState(145)) - Container #1 is in OPEN state, but the datanode 061ed049-4de7-4292-8db3-b6c544105954{ip: 192.168.69.119, host: pr-hdds-2354-xrwnf-3238337902, networkLocation: /default-rack, certSerialId: null} reports an CLOSED replica.
2019-10-24 04:20:52,177 [Thread-410] INFO  client.GrpcClientProtocolService (GrpcClientProtocolService.java:lambda$processClientRequest$0(279)) - Failed RaftClientRequest:client-AD324743EAE9->e3498cd7-eaa3-4a2f-a67e-ea1e9c2005a9@group-74CCE82B9A43, cid=10, seq=0, Watch-ALL_COMMITTED(6), Message:<EMPTY>, reply=RaftClientReply:client-AD324743EAE9->e3498cd7-eaa3-4a2f-a67e-ea1e9c2005a9@group-74CCE82B9A43, cid=10, FAILED org.apache.ratis.protocol.NotLeaderException: Server e3498cd7-eaa3-4a2f-a67e-ea1e9c2005a9@group-74CCE82B9A43 is not the leader 061ed049-4de7-4292-8db3-b6c544105954:192.168.69.119:41000, logIndex=0, commits[e3498cd7-eaa3-4a2f-a67e-ea1e9c2005a9:c10, 061ed049-4de7-4292-8db3-b6c544105954:c10, 7770f8c7-01fb-43d9-b34c-02757d82bdbb:c4]
2019-10-24 04:20:52,237 [EventQueue-ContainerReportForContainerReportHandler] WARN  container.ContainerReportHandler (AbstractContainerReportHandler.java:updateContainerState(145)) - Container #1 is in OPEN state, but the datanode e3498cd7-eaa3-4a2f-a67e-ea1e9c2005a9{ip: 192.168.69.119, host: pr-hdds-2354-xrwnf-3238337902, networkLocation: /default-rack, certSerialId: null} reports an CLOSED replica.
2019-10-24 04:20:52,437 [EventQueue-ContainerReportForContainerReportHandler] WARN  container.ContainerReportHandler (AbstractContainerReportHandler.java:updateContainerState(145)) - Container #1 is in OPEN state, but the datanode e3498cd7-eaa3-4a2f-a67e-ea1e9c2005a9{ip: 192.168.69.119, host: pr-hdds-2354-xrwnf-3238337902, networkLocation: /default-rack, certSerialId: null} reports an CLOSED replica.
2019-10-24 04:20:52,442 [EventQueue-ContainerReportForContainerReportHandler] WARN  container.ContainerReportHandler (AbstractContainerReportHandler.java:updateContainerState(145)) - Container #1 is in OPEN state, but the datanode 061ed049-4de7-4292-8db3-b6c544105954{ip: 192.168.69.119, host: pr-hdds-2354-xrwnf-3238337902, networkLocation: /default-rack, certSerialId: null} reports an CLOSED replica.
2019-10-24 04:20:52,492 [BlockDeletingService#2] WARN  background.BlockDeletingService (BlockDeletingService.java:isDeletionAllowed(187)) - Close Container log Index 6 is not replicated across allthe servers in the pipeline 9f202be1-23c1-4e96-9103-74cce82b9a43 as the min replicated index is 4. Deletion is not allowed in this container yet.
2019-10-24 04:20:52,492 [BlockDeletingService#6] WARN  background.BlockDeletingService (BlockDeletingService.java:isDeletionAllowed(187)) - Close Container log Index 6 is not replicated across allthe servers in the pipeline 9f202be1-23c1-4e96-9103-74cce82b9a43 as the min replicated index is 4. Deletion is not allowed in this container yet.
2019-10-24 04:20:52,642 [EventQueue-ContainerReportForContainerReportHandler] WARN  container.ContainerReportHandler (AbstractContainerReportHandler.java:updateContainerState(145)) - Container #1 is in OPEN state, but the datanode 061ed049-4de7-4292-8db3-b6c544105954{ip: 192.168.69.119, host: pr-hdds-2354-xrwnf-3238337902, networkLocation: /default-rack, certSerialId: null} reports an CLOSED replica.
2019-10-24 04:20:52,837 [EventQueue-ContainerReportForContainerReportHandler] WARN  container.ContainerReportHandler (AbstractContainerReportHandler.java:updateContainerState(145)) - Container #1 is in OPEN state, but the datanode e3498cd7-eaa3-4a2f-a67e-ea1e9c2005a9{ip: 192.168.69.119, host: pr-hdds-2354-xrwnf-3238337902, networkLocation: /default-rack, certSerialId: null} reports an CLOSED replica.
2019-10-24 04:20:52,843 [EventQueue-ContainerReportForContainerReportHandler] WARN  container.ContainerReportHandler (AbstractContainerReportHandler.java:updateContainerState(145)) - Container #1 is in OPEN state, but the datanode 061ed049-4de7-4292-8db3-b6c544105954{ip: 192.168.69.119, host: pr-hdds-2354-xrwnf-3238337902, networkLocation: /default-rack, certSerialId: null} reports an CLOSED replica.
2019-10-24 04:20:52,884 [Thread-415] INFO  client.GrpcClientProtocolService (GrpcClientProtocolService.java:lambda$processClientRequest$0(279)) - Failed RaftClientRequest:client-AD324743EAE9->061ed049-4de7-4292-8db3-b6c544105954@group-74CCE82B9A43, cid=10, seq=0, Watch-ALL_COMMITTED(6), Message:<EMPTY>, reply=RaftClientReply:client-AD324743EAE9->061ed049-4de7-4292-8db3-b6c544105954@group-74CCE82B9A43, cid=10, FAILED org.apache.ratis.protocol.NotReplicatedException: Request with call Id 10 and log index 6 is not yet replicated to ALL_COMMITTED, logIndex=6, commits[061ed049-4de7-4292-8db3-b6c544105954:c10, 7770f8c7-01fb-43d9-b34c-02757d82bdbb:c4, e3498cd7-eaa3-4a2f-a67e-ea1e9c2005a9:c10]
2019-10-24 04:20:53,137 [EventQueue-ContainerReportForContainerReportHandler] WARN  container.ContainerReportHandler (AbstractContainerReportHandler.java:updateContainerState(145)) - Container #1 is in OPEN state, but the datanode e3498cd7-eaa3-4a2f-a67e-ea1e9c2005a9{ip: 192.168.69.119, host: pr-hdds-2354-xrwnf-3238337902, networkLocation: /default-rack, certSerialId: null} reports an CLOSED replica.
2019-10-24 04:20:53,143 [EventQueue-ContainerReportForContainerReportHandler] WARN  container.ContainerReportHandler (AbstractContainerReportHandler.java:updateContainerState(145)) - Container #1 is in OPEN state, but the datanode 061ed049-4de7-4292-8db3-b6c544105954{ip: 192.168.69.119, host: pr-hdds-2354-xrwnf-3238337902, networkLocation: /default-rack, certSerialId: null} reports an CLOSED replica.
2019-10-24 04:20:53,337 [EventQueue-ContainerReportForContainerReportHandler] WARN  container.ContainerReportHandler (AbstractContainerReportHandler.java:updateContainerState(145)) - Container #1 is in OPEN state, but the datanode e3498cd7-eaa3-4a2f-a67e-ea1e9c2005a9{ip: 192.168.69.119, host: pr-hdds-2354-xrwnf-3238337902, networkLocation: /default-rack, certSerialId: null} reports an CLOSED replica.
2019-10-24 04:20:53,494 [BlockDeletingService#2] WARN  background.BlockDeletingService (BlockDeletingService.java:isDeletionAllowed(187)) - Close Container log Index 6 is not replicated across allthe servers in the pipeline 9f202be1-23c1-4e96-9103-74cce82b9a43 as the min replicated index is 4. Deletion is not allowed in this container yet.
2019-10-24 04:20:53,494 [BlockDeletingService#6] WARN  background.BlockDeletingService (BlockDeletingService.java:isDeletionAllowed(187)) - Close Container log Index 6 is not replicated across allthe servers in the pipeline 9f202be1-23c1-4e96-9103-74cce82b9a43 as the min replicated index is 4. Deletion is not allowed in this container yet.
2019-10-24 04:20:53,543 [EventQueue-ContainerReportForContainerReportHandler] WARN  container.ContainerReportHandler (AbstractContainerReportHandler.java:updateContainerState(145)) - Container #1 is in OPEN state, but the datanode 061ed049-4de7-4292-8db3-b6c544105954{ip: 192.168.69.119, host: pr-hdds-2354-xrwnf-3238337902, networkLocation: /default-rack, certSerialId: null} reports an CLOSED replica.
2019-10-24 04:20:53,638 [EventQueue-ContainerReportForContainerReportHandler] WARN  container.ContainerReportHandler (AbstractContainerReportHandler.java:updateContainerState(145)) - Container #1 is in OPEN state, but the datanode e3498cd7-eaa3-4a2f-a67e-ea1e9c2005a9{ip: 192.168.69.119, host: pr-hdds-2354-xrwnf-3238337902, networkLocation: /default-rack, certSerialId: null} reports an CLOSED replica.
2019-10-24 04:20:53,843 [EventQueue-ContainerReportForContainerReportHandler] WARN  container.ContainerReportHandler (AbstractContainerReportHandler.java:updateContainerState(145)) - Container #1 is in OPEN state, but the datanode 061ed049-4de7-4292-8db3-b6c544105954{ip: 192.168.69.119, host: pr-hdds-2354-xrwnf-3238337902, networkLocation: /default-rack, certSerialId: null} reports an CLOSED replica.
2019-10-24 04:20:54,040 [EventQueue-ContainerReportForContainerReportHandler] WARN  container.ContainerReportHandler (AbstractContainerReportHandler.java:updateContainerState(145)) - Container #1 is in OPEN state, but the datanode e3498cd7-eaa3-4a2f-a67e-ea1e9c2005a9{ip: 192.168.69.119, host: pr-hdds-2354-xrwnf-3238337902, networkLocation: /default-rack, certSerialId: null} reports an CLOSED replica.
2019-10-24 04:20:54,243 [EventQueue-ContainerReportForContainerReportHandler] WARN  container.ContainerReportHandler (AbstractContainerReportHandler.java:updateContainerState(145)) - Container #1 is in OPEN state, but the datanode 061ed049-4de7-4292-8db3-b6c544105954{ip: 192.168.69.119, host: pr-hdds-2354-xrwnf-3238337902, networkLocation: /default-rack, certSerialId: null} reports an CLOSED replica.
2019-10-24 04:20:54,440 [EventQueue-ContainerReportForContainerReportHandler] WARN  container.ContainerReportHandler (AbstractContainerReportHandler.java:updateContainerState(145)) - Container #1 is in OPEN state, but the datanode e3498cd7-eaa3-4a2f-a67e-ea1e9c2005a9{ip: 192.168.69.119, host: pr-hdds-2354-xrwnf-3238337902, networkLocation: /default-rack, certSerialId: null} reports an CLOSED replica.
2019-10-24 04:20:54,501 [BlockDeletingService#2] WARN  background.BlockDeletingService (BlockDeletingService.java:isDeletionAllowed(187)) - Close Container log Index 6 is not replicated across allthe servers in the pipeline 9f202be1-23c1-4e96-9103-74cce82b9a43 as the min replicated index is 4. Deletion is not allowed in this container yet.
2019-10-24 04:20:54,501 [BlockDeletingService#6] WARN  background.BlockDeletingService (BlockDeletingService.java:isDeletionAllowed(187)) - Close Container log Index 6 is not replicated across allthe servers in the pipeline 9f202be1-23c1-4e96-9103-74cce82b9a43 as the min replicated index is 4. Deletion is not allowed in this container yet.
2019-10-24 04:20:54,543 [EventQueue-ContainerReportForContainerReportHandler] WARN  container.ContainerReportHandler (AbstractContainerReportHandler.java:updateContainerState(145)) - Container #1 is in OPEN state, but the datanode 061ed049-4de7-4292-8db3-b6c544105954{ip: 192.168.69.119, host: pr-hdds-2354-xrwnf-3238337902, networkLocation: /default-rack, certSerialId: null} reports an CLOSED replica.
2019-10-24 04:20:54,585 [java.util.concurrent.ThreadPoolExecutor$Worker@4fa1d99e[State = -1, empty queue]] WARN  server.GrpcLogAppender (GrpcLogAppender.java:timeoutAppendRequest(209)) - 061ed049-4de7-4292-8db3-b6c544105954@group-74CCE82B9A43->7770f8c7-01fb-43d9-b34c-02757d82bdbb-GrpcLogAppender: appendEntries Timeout, request=061ed049-4de7-4292-8db3-b6c544105954->7770f8c7-01fb-43d9-b34c-02757d82bdbb#36-t1, previous=(t:1, i:10), leaderCommit=10, initializing? false, entries: <empty>
2019-10-24 04:20:54,639 [EventQueue-ContainerReportForContainerReportHandler] WARN  container.ContainerReportHandler (AbstractContainerReportHandler.java:updateContainerState(145)) - Container #1 is in OPEN state, but the datanode e3498cd7-eaa3-4a2f-a67e-ea1e9c2005a9{ip: 192.168.69.119, host: pr-hdds-2354-xrwnf-3238337902, networkLocation: /default-rack, certSerialId: null} reports an CLOSED replica.
2019-10-24 04:20:54,743 [EventQueue-ContainerReportForContainerReportHandler] WARN  container.ContainerReportHandler (AbstractContainerReportHandler.java:updateContainerState(145)) - Container #1 is in OPEN state, but the datanode 061ed049-4de7-4292-8db3-b6c544105954{ip: 192.168.69.119, host: pr-hdds-2354-xrwnf-3238337902, networkLocation: /default-rack, certSerialId: null} reports an CLOSED replica.
2019-10-24 04:20:55,039 [EventQueue-ContainerReportForContainerReportHandler] WARN  container.ContainerReportHandler (AbstractContainerReportHandler.java:updateContainerState(145)) - Container #1 is in OPEN state, but the datanode e3498cd7-eaa3-4a2f-a67e-ea1e9c2005a9{ip: 192.168.69.119, host: pr-hdds-2354-xrwnf-3238337902, networkLocation: /default-rack, certSerialId: null} reports an CLOSED replica.
2019-10-24 04:20:55,044 [EventQueue-ContainerReportForContainerReportHandler] WARN  container.ContainerReportHandler (AbstractContainerReportHandler.java:updateContainerState(145)) - Container #1 is in OPEN state, but the datanode 061ed049-4de7-4292-8db3-b6c544105954{ip: 192.168.69.119, host: pr-hdds-2354-xrwnf-3238337902, networkLocation: /default-rack, certSerialId: null} reports an CLOSED replica.
2019-10-24 04:20:55,244 [EventQueue-ContainerReportForContainerReportHandler] WARN  container.ContainerReportHandler (AbstractContainerReportHandler.java:updateContainerState(145)) - Container #1 is in OPEN state, but the datanode 061ed049-4de7-4292-8db3-b6c544105954{ip: 192.168.69.119, host: pr-hdds-2354-xrwnf-3238337902, networkLocation: /default-rack, certSerialId: null} reports an CLOSED replica.
2019-10-24 04:20:55,339 [EventQueue-ContainerReportForContainerReportHandler] WARN  container.ContainerReportHandler (AbstractContainerReportHandler.java:updateContainerState(145)) - Container #1 is in OPEN state, but the datanode e3498cd7-eaa3-4a2f-a67e-ea1e9c2005a9{ip: 192.168.69.119, host: pr-hdds-2354-xrwnf-3238337902, networkLocation: /default-rack, certSerialId: null} reports an CLOSED replica.
2019-10-24 04:20:55,444 [EventQueue-ContainerReportForContainerReportHandler] WARN  container.ContainerReportHandler (AbstractContainerReportHandler.java:updateContainerState(145)) - Container #1 is in OPEN state, but the datanode 061ed049-4de7-4292-8db3-b6c544105954{ip: 192.168.69.119, host: pr-hdds-2354-xrwnf-3238337902, networkLocation: /default-rack, certSerialId: null} reports an CLOSED replica.
2019-10-24 04:20:55,503 [BlockDeletingService#6] WARN  background.BlockDeletingService (BlockDeletingService.java:isDeletionAllowed(187)) - Close Container log Index 6 is not replicated across allthe servers in the pipeline 9f202be1-23c1-4e96-9103-74cce82b9a43 as the min replicated index is 4. Deletion is not allowed in this container yet.
2019-10-24 04:20:55,503 [BlockDeletingService#2] WARN  background.BlockDeletingService (BlockDeletingService.java:isDeletionAllowed(187)) - Close Container log Index 6 is not replicated across allthe servers in the pipeline 9f202be1-23c1-4e96-9103-74cce82b9a43 as the min replicated index is 4. Deletion is not allowed in this container yet.
2019-10-24 04:20:55,739 [EventQueue-ContainerReportForContainerReportHandler] WARN  container.ContainerReportHandler (AbstractContainerReportHandler.java:updateContainerState(145)) - Container #1 is in OPEN state, but the datanode e3498cd7-eaa3-4a2f-a67e-ea1e9c2005a9{ip: 192.168.69.119, host: pr-hdds-2354-xrwnf-3238337902, networkLocation: /default-rack, certSerialId: null} reports an CLOSED replica.
2019-10-24 04:20:55,845 [EventQueue-ContainerReportForContainerReportHandler] WARN  container.ContainerReportHandler (AbstractContainerReportHandler.java:updateContainerState(145)) - Container #1 is in OPEN state, but the datanode 061ed049-4de7-4292-8db3-b6c544105954{ip: 192.168.69.119, host: pr-hdds-2354-xrwnf-3238337902, networkLocation: /default-rack, certSerialId: null} reports an CLOSED replica.
2019-10-24 04:20:55,939 [EventQueue-ContainerReportForContainerReportHandler] WARN  container.ContainerReportHandler (AbstractContainerReportHandler.java:updateContainerState(145)) - Container #1 is in OPEN state, but the datanode e3498cd7-eaa3-4a2f-a67e-ea1e9c2005a9{ip: 192.168.69.119, host: pr-hdds-2354-xrwnf-3238337902, networkLocation: /default-rack, certSerialId: null} reports an CLOSED replica.
2019-10-24 04:20:56,239 [EventQueue-ContainerReportForContainerReportHandler] WARN  container.ContainerReportHandler (AbstractContainerReportHandler.java:updateContainerState(145)) - Container #1 is in OPEN state, but the datanode e3498cd7-eaa3-4a2f-a67e-ea1e9c2005a9{ip: 192.168.69.119, host: pr-hdds-2354-xrwnf-3238337902, networkLocation: /default-rack, certSerialId: null} reports an CLOSED replica.
2019-10-24 04:20:56,247 [EventQueue-ContainerReportForContainerReportHandler] WARN  container.ContainerReportHandler (AbstractContainerReportHandler.java:updateContainerState(145)) - Container #1 is in OPEN state, but the datanode 061ed049-4de7-4292-8db3-b6c544105954{ip: 192.168.69.119, host: pr-hdds-2354-xrwnf-3238337902, networkLocation: /default-rack, certSerialId: null} reports an CLOSED replica.
2019-10-24 04:20:56,440 [EventQueue-ContainerReportForContainerReportHandler] WARN  container.ContainerReportHandler (AbstractContainerReportHandler.java:updateContainerState(145)) - Container #1 is in OPEN state, but the datanode e3498cd7-eaa3-4a2f-a67e-ea1e9c2005a9{ip: 192.168.69.119, host: pr-hdds-2354-xrwnf-3238337902, networkLocation: /default-rack, certSerialId: null} reports an CLOSED replica.
2019-10-24 04:20:56,447 [EventQueue-ContainerReportForContainerReportHandler] WARN  container.ContainerReportHandler (AbstractContainerReportHandler.java:updateContainerState(145)) - Container #1 is in OPEN state, but the datanode 061ed049-4de7-4292-8db3-b6c544105954{ip: 192.168.69.119, host: pr-hdds-2354-xrwnf-3238337902, networkLocation: /default-rack, certSerialId: null} reports an CLOSED replica.
2019-10-24 04:20:56,506 [BlockDeletingService#6] WARN  background.BlockDeletingService (BlockDeletingService.java:isDeletionAllowed(187)) - Close Container log Index 6 is not replicated across allthe servers in the pipeline 9f202be1-23c1-4e96-9103-74cce82b9a43 as the min replicated index is 4. Deletion is not allowed in this container yet.
2019-10-24 04:20:56,506 [BlockDeletingService#2] WARN  background.BlockDeletingService (BlockDeletingService.java:isDeletionAllowed(187)) - Close Container log Index 6 is not replicated across allthe servers in the pipeline 9f202be1-23c1-4e96-9103-74cce82b9a43 as the min replicated index is 4. Deletion is not allowed in this container yet.
2019-10-24 04:20:56,646 [EventQueue-ContainerReportForContainerReportHandler] WARN  container.ContainerReportHandler (AbstractContainerReportHandler.java:updateContainerState(145)) - Container #1 is in OPEN state, but the datanode 061ed049-4de7-4292-8db3-b6c544105954{ip: 192.168.69.119, host: pr-hdds-2354-xrwnf-3238337902, networkLocation: /default-rack, certSerialId: null} reports an CLOSED replica.
2019-10-24 04:20:56,740 [EventQueue-ContainerReportForContainerReportHandler] WARN  container.ContainerReportHandler (AbstractContainerReportHandler.java:updateContainerState(145)) - Container #1 is in OPEN state, but the datanode e3498cd7-eaa3-4a2f-a67e-ea1e9c2005a9{ip: 192.168.69.119, host: pr-hdds-2354-xrwnf-3238337902, networkLocation: /default-rack, certSerialId: null} reports an CLOSED replica.
2019-10-24 04:20:56,946 [EventQueue-ContainerReportForContainerReportHandler] WARN  container.ContainerReportHandler (AbstractContainerReportHandler.java:updateContainerState(145)) - Container #1 is in OPEN state, but the datanode 061ed049-4de7-4292-8db3-b6c544105954{ip: 192.168.69.119, host: pr-hdds-2354-xrwnf-3238337902, networkLocation: /default-rack, certSerialId: null} reports an CLOSED replica.
2019-10-24 04:20:57,088 [java.util.concurrent.ThreadPoolExecutor$Worker@4fa1d99e[State = -1, empty queue]] WARN  server.GrpcLogAppender (GrpcLogAppender.java:timeoutAppendRequest(209)) - 061ed049-4de7-4292-8db3-b6c544105954@group-74CCE82B9A43->7770f8c7-01fb-43d9-b34c-02757d82bdbb-GrpcLogAppender: appendEntries Timeout, request=061ed049-4de7-4292-8db3-b6c544105954->7770f8c7-01fb-43d9-b34c-02757d82bdbb#37-t1, previous=(t:1, i:10), leaderCommit=10, initializing? false, entries: <empty>
2019-10-24 04:20:57,141 [EventQueue-ContainerReportForContainerReportHandler] WARN  container.ContainerReportHandler (AbstractContainerReportHandler.java:updateContainerState(145)) - Container #1 is in OPEN state, but the datanode e3498cd7-eaa3-4a2f-a67e-ea1e9c2005a9{ip: 192.168.69.119, host: pr-hdds-2354-xrwnf-3238337902, networkLocation: /default-rack, certSerialId: null} reports an CLOSED replica.
2019-10-24 04:20:57,146 [EventQueue-ContainerReportForContainerReportHandler] WARN  container.ContainerReportHandler (AbstractContainerReportHandler.java:updateContainerState(145)) - Container #1 is in OPEN state, but the datanode 061ed049-4de7-4292-8db3-b6c544105954{ip: 192.168.69.119, host: pr-hdds-2354-xrwnf-3238337902, networkLocation: /default-rack, certSerialId: null} reports an CLOSED replica.
2019-10-24 04:20:57,443 [EventQueue-ContainerReportForContainerReportHandler] WARN  container.ContainerReportHandler (AbstractContainerReportHandler.java:updateContainerState(145)) - Container #1 is in OPEN state, but the datanode e3498cd7-eaa3-4a2f-a67e-ea1e9c2005a9{ip: 192.168.69.119, host: pr-hdds-2354-xrwnf-3238337902, networkLocation: /default-rack, certSerialId: null} reports an CLOSED replica.
2019-10-24 04:20:57,447 [EventQueue-ContainerReportForContainerReportHandler] WARN  container.ContainerReportHandler (AbstractContainerReportHandler.java:updateContainerState(145)) - Container #1 is in OPEN state, but the datanode 061ed049-4de7-4292-8db3-b6c544105954{ip: 192.168.69.119, host: pr-hdds-2354-xrwnf-3238337902, networkLocation: /default-rack, certSerialId: null} reports an CLOSED replica.
2019-10-24 04:20:57,509 [BlockDeletingService#2] WARN  background.BlockDeletingService (BlockDeletingService.java:isDeletionAllowed(187)) - Close Container log Index 6 is not replicated across allthe servers in the pipeline 9f202be1-23c1-4e96-9103-74cce82b9a43 as the min replicated index is 4. Deletion is not allowed in this container yet.
2019-10-24 04:20:57,509 [BlockDeletingService#6] WARN  background.BlockDeletingService (BlockDeletingService.java:isDeletionAllowed(187)) - Close Container log Index 6 is not replicated across allthe servers in the pipeline 9f202be1-23c1-4e96-9103-74cce82b9a43 as the min replicated index is 4. Deletion is not allowed in this container yet.
2019-10-24 04:20:57,640 [EventQueue-ContainerReportForContainerReportHandler] WARN  container.ContainerReportHandler (AbstractContainerReportHandler.java:updateContainerState(145)) - Container #1 is in OPEN state, but the datanode e3498cd7-eaa3-4a2f-a67e-ea1e9c2005a9{ip: 192.168.69.119, host: pr-hdds-2354-xrwnf-3238337902, networkLocation: /default-rack, certSerialId: null} reports an CLOSED replica.
2019-10-24 04:20:57,749 [EventQueue-ContainerReportForContainerReportHandler] WARN  container.ContainerReportHandler (AbstractContainerReportHandler.java:updateContainerState(145)) - Container #1 is in OPEN state, but the datanode 061ed049-4de7-4292-8db3-b6c544105954{ip: 192.168.69.119, host: pr-hdds-2354-xrwnf-3238337902, networkLocation: /default-rack, certSerialId: null} reports an CLOSED replica.
2019-10-24 04:20:58,040 [EventQueue-ContainerReportForContainerReportHandler] WARN  container.ContainerReportHandler (AbstractContainerReportHandler.java:updateContainerState(145)) - Container #1 is in OPEN state, but the datanode e3498cd7-eaa3-4a2f-a67e-ea1e9c2005a9{ip: 192.168.69.119, host: pr-hdds-2354-xrwnf-3238337902, networkLocation: /default-rack, certSerialId: null} reports an CLOSED replica.
2019-10-24 04:20:58,149 [EventQueue-ContainerReportForContainerReportHandler] WARN  container.ContainerReportHandler (AbstractContainerReportHandler.java:updateContainerState(145)) - Container #1 is in OPEN state, but the datanode 061ed049-4de7-4292-8db3-b6c544105954{ip: 192.168.69.119, host: pr-hdds-2354-xrwnf-3238337902, networkLocation: /default-rack, certSerialId: null} reports an CLOSED replica.
2019-10-24 04:20:58,340 [EventQueue-ContainerReportForContainerReportHandler] WARN  container.ContainerReportHandler (AbstractContainerReportHandler.java:updateContainerState(145)) - Container #1 is in OPEN state, but the datanode e3498cd7-eaa3-4a2f-a67e-ea1e9c2005a9{ip: 192.168.69.119, host: pr-hdds-2354-xrwnf-3238337902, networkLocation: /default-rack, certSerialId: null} reports an CLOSED replica.
2019-10-24 04:20:58,349 [EventQueue-ContainerReportForContainerReportHandler] WARN  container.ContainerReportHandler (AbstractContainerReportHandler.java:updateContainerState(145)) - Container #1 is in OPEN state, but the datanode 061ed049-4de7-4292-8db3-b6c544105954{ip: 192.168.69.119, host: pr-hdds-2354-xrwnf-3238337902, networkLocation: /default-rack, certSerialId: null} reports an CLOSED replica.
2019-10-24 04:20:58,513 [BlockDeletingService#6] WARN  background.BlockDeletingService (BlockDeletingService.java:isDeletionAllowed(187)) - Close Container log Index 6 is not replicated across allthe servers in the pipeline 9f202be1-23c1-4e96-9103-74cce82b9a43 as the min replicated index is 4. Deletion is not allowed in this container yet.
2019-10-24 04:20:58,513 [BlockDeletingService#2] WARN  background.BlockDeletingService (BlockDeletingService.java:isDeletionAllowed(187)) - Close Container log Index 6 is not replicated across allthe servers in the pipeline 9f202be1-23c1-4e96-9103-74cce82b9a43 as the min replicated index is 4. Deletion is not allowed in this container yet.
2019-10-24 04:20:58,640 [EventQueue-ContainerReportForContainerReportHandler] WARN  container.ContainerReportHandler (AbstractContainerReportHandler.java:updateContainerState(145)) - Container #1 is in OPEN state, but the datanode e3498cd7-eaa3-4a2f-a67e-ea1e9c2005a9{ip: 192.168.69.119, host: pr-hdds-2354-xrwnf-3238337902, networkLocation: /default-rack, certSerialId: null} reports an CLOSED replica.
2019-10-24 04:20:58,649 [EventQueue-ContainerReportForContainerReportHandler] WARN  container.ContainerReportHandler (AbstractContainerReportHandler.java:updateContainerState(145)) - Container #1 is in OPEN state, but the datanode 061ed049-4de7-4292-8db3-b6c544105954{ip: 192.168.69.119, host: pr-hdds-2354-xrwnf-3238337902, networkLocation: /default-rack, certSerialId: null} reports an CLOSED replica.
2019-10-24 04:20:58,942 [EventQueue-ContainerReportForContainerReportHandler] WARN  container.ContainerReportHandler (AbstractContainerReportHandler.java:updateContainerState(145)) - Container #1 is in OPEN state, but the datanode e3498cd7-eaa3-4a2f-a67e-ea1e9c2005a9{ip: 192.168.69.119, host: pr-hdds-2354-xrwnf-3238337902, networkLocation: /default-rack, certSerialId: null} reports an CLOSED replica.
2019-10-24 04:20:59,049 [EventQueue-ContainerReportForContainerReportHandler] WARN  container.ContainerReportHandler (AbstractContainerReportHandler.java:updateContainerState(145)) - Container #1 is in OPEN state, but the datanode 061ed049-4de7-4292-8db3-b6c544105954{ip: 192.168.69.119, host: pr-hdds-2354-xrwnf-3238337902, networkLocation: /default-rack, certSerialId: null} reports an CLOSED replica.
2019-10-24 04:20:59,241 [EventQueue-ContainerReportForContainerReportHandler] WARN  container.ContainerReportHandler (AbstractContainerReportHandler.java:updateContainerState(145)) - Container #1 is in OPEN state, but the datanode e3498cd7-eaa3-4a2f-a67e-ea1e9c2005a9{ip: 192.168.69.119, host: pr-hdds-2354-xrwnf-3238337902, networkLocation: /default-rack, certSerialId: null} reports an CLOSED replica.
2019-10-24 04:20:59,350 [EventQueue-ContainerReportForContainerReportHandler] WARN  container.ContainerReportHandler (AbstractContainerReportHandler.java:updateContainerState(145)) - Container #1 is in OPEN state, but the datanode 061ed049-4de7-4292-8db3-b6c544105954{ip: 192.168.69.119, host: pr-hdds-2354-xrwnf-3238337902, networkLocation: /default-rack, certSerialId: null} reports an CLOSED replica.
2019-10-24 04:20:59,441 [EventQueue-ContainerReportForContainerReportHandler] WARN  container.ContainerReportHandler (AbstractContainerReportHandler.java:updateContainerState(145)) - Container #1 is in OPEN state, but the datanode e3498cd7-eaa3-4a2f-a67e-ea1e9c2005a9{ip: 192.168.69.119, host: pr-hdds-2354-xrwnf-3238337902, networkLocation: /default-rack, certSerialId: null} reports an CLOSED replica.
2019-10-24 04:20:59,515 [BlockDeletingService#6] WARN  background.BlockDeletingService (BlockDeletingService.java:isDeletionAllowed(187)) - Close Container log Index 6 is not replicated across allthe servers in the pipeline 9f202be1-23c1-4e96-9103-74cce82b9a43 as the min replicated index is 4. Deletion is not allowed in this container yet.
2019-10-24 04:20:59,515 [BlockDeletingService#2] WARN  background.BlockDeletingService (BlockDeletingService.java:isDeletionAllowed(187)) - Close Container log Index 6 is not replicated across allthe servers in the pipeline 9f202be1-23c1-4e96-9103-74cce82b9a43 as the min replicated index is 4. Deletion is not allowed in this container yet.
2019-10-24 04:20:59,590 [java.util.concurrent.ThreadPoolExecutor$Worker@4fa1d99e[State = -1, empty queue]] WARN  server.GrpcLogAppender (GrpcLogAppender.java:timeoutAppendRequest(209)) - 061ed049-4de7-4292-8db3-b6c544105954@group-74CCE82B9A43->7770f8c7-01fb-43d9-b34c-02757d82bdbb-GrpcLogAppender: appendEntries Timeout, request=061ed049-4de7-4292-8db3-b6c544105954->7770f8c7-01fb-43d9-b34c-02757d82bdbb#38-t1, previous=(t:1, i:10), leaderCommit=10, initializing? false, entries: <empty>
2019-10-24 04:20:59,649 [EventQueue-ContainerReportForContainerReportHandler] WARN  container.ContainerReportHandler (AbstractContainerReportHandler.java:updateContainerState(145)) - Container #1 is in OPEN state, but the datanode 061ed049-4de7-4292-8db3-b6c544105954{ip: 192.168.69.119, host: pr-hdds-2354-xrwnf-3238337902, networkLocation: /default-rack, certSerialId: null} reports an CLOSED replica.
2019-10-24 04:20:59,742 [EventQueue-ContainerReportForContainerReportHandler] WARN  container.ContainerReportHandler (AbstractContainerReportHandler.java:updateContainerState(145)) - Container #1 is in OPEN state, but the datanode e3498cd7-eaa3-4a2f-a67e-ea1e9c2005a9{ip: 192.168.69.119, host: pr-hdds-2354-xrwnf-3238337902, networkLocation: /default-rack, certSerialId: null} reports an CLOSED replica.
2019-10-24 04:21:00,043 [EventQueue-ContainerReportForContainerReportHandler] WARN  container.ContainerReportHandler (AbstractContainerReportHandler.java:updateContainerState(145)) - Container #1 is in OPEN state, but the datanode e3498cd7-eaa3-4a2f-a67e-ea1e9c2005a9{ip: 192.168.69.119, host: pr-hdds-2354-xrwnf-3238337902, networkLocation: /default-rack, certSerialId: null} reports an CLOSED replica.
2019-10-24 04:21:00,049 [EventQueue-ContainerReportForContainerReportHandler] WARN  container.ContainerReportHandler (AbstractContainerReportHandler.java:updateContainerState(145)) - Container #1 is in OPEN state, but the datanode 061ed049-4de7-4292-8db3-b6c544105954{ip: 192.168.69.119, host: pr-hdds-2354-xrwnf-3238337902, networkLocation: /default-rack, certSerialId: null} reports an CLOSED replica.
2019-10-24 04:21:00,442 [EventQueue-ContainerReportForContainerReportHandler] WARN  container.ContainerReportHandler (AbstractContainerReportHandler.java:updateContainerState(145)) - Container #1 is in OPEN state, but the datanode e3498cd7-eaa3-4a2f-a67e-ea1e9c2005a9{ip: 192.168.69.119, host: pr-hdds-2354-xrwnf-3238337902, networkLocation: /default-rack, certSerialId: null} reports an CLOSED replica.
2019-10-24 04:21:00,449 [EventQueue-ContainerReportForContainerReportHandler] WARN  container.ContainerReportHandler (AbstractContainerReportHandler.java:updateContainerState(145)) - Container #1 is in OPEN state, but the datanode 061ed049-4de7-4292-8db3-b6c544105954{ip: 192.168.69.119, host: pr-hdds-2354-xrwnf-3238337902, networkLocation: /default-rack, certSerialId: null} reports an CLOSED replica.
2019-10-24 04:21:00,517 [BlockDeletingService#6] WARN  background.BlockDeletingService (BlockDeletingService.java:isDeletionAllowed(187)) - Close Container log Index 6 is not replicated across allthe servers in the pipeline 9f202be1-23c1-4e96-9103-74cce82b9a43 as the min replicated index is 4. Deletion is not allowed in this container yet.
2019-10-24 04:21:00,517 [BlockDeletingService#2] WARN  background.BlockDeletingService (BlockDeletingService.java:isDeletionAllowed(187)) - Close Container log Index 6 is not replicated across allthe servers in the pipeline 9f202be1-23c1-4e96-9103-74cce82b9a43 as the min replicated index is 4. Deletion is not allowed in this container yet.
2019-10-24 04:21:00,742 [EventQueue-ContainerReportForContainerReportHandler] WARN  container.ContainerReportHandler (AbstractContainerReportHandler.java:updateContainerState(145)) - Container #1 is in OPEN state, but the datanode e3498cd7-eaa3-4a2f-a67e-ea1e9c2005a9{ip: 192.168.69.119, host: pr-hdds-2354-xrwnf-3238337902, networkLocation: /default-rack, certSerialId: null} reports an CLOSED replica.
2019-10-24 04:21:00,749 [EventQueue-ContainerReportForContainerReportHandler] WARN  container.ContainerReportHandler (AbstractContainerReportHandler.java:updateContainerState(145)) - Container #1 is in OPEN state, but the datanode 061ed049-4de7-4292-8db3-b6c544105954{ip: 192.168.69.119, host: pr-hdds-2354-xrwnf-3238337902, networkLocation: /default-rack, certSerialId: null} reports an CLOSED replica.
2019-10-24 04:21:00,942 [EventQueue-ContainerReportForContainerReportHandler] WARN  container.ContainerReportHandler (AbstractContainerReportHandler.java:updateContainerState(145)) - Container #1 is in OPEN state, but the datanode e3498cd7-eaa3-4a2f-a67e-ea1e9c2005a9{ip: 192.168.69.119, host: pr-hdds-2354-xrwnf-3238337902, networkLocation: /default-rack, certSerialId: null} reports an CLOSED replica.
2019-10-24 04:21:01,050 [EventQueue-ContainerReportForContainerReportHandler] WARN  container.ContainerReportHandler (AbstractContainerReportHandler.java:updateContainerState(145)) - Container #1 is in OPEN state, but the datanode 061ed049-4de7-4292-8db3-b6c544105954{ip: 192.168.69.119, host: pr-hdds-2354-xrwnf-3238337902, networkLocation: /default-rack, certSerialId: null} reports an CLOSED replica.
2019-10-24 04:21:01,206 [Thread-437] INFO  client.GrpcClientProtocolService (GrpcClientProtocolService.java:lambda$processClientRequest$0(279)) - Failed RaftClientRequest:client-AD324743EAE9->e3498cd7-eaa3-4a2f-a67e-ea1e9c2005a9@group-74CCE82B9A43, cid=10, seq=0, Watch-ALL_COMMITTED(6), Message:<EMPTY>, reply=RaftClientReply:client-AD324743EAE9->e3498cd7-eaa3-4a2f-a67e-ea1e9c2005a9@group-74CCE82B9A43, cid=10, FAILED org.apache.ratis.protocol.NotLeaderException: Server e3498cd7-eaa3-4a2f-a67e-ea1e9c2005a9@group-74CCE82B9A43 is not the leader 061ed049-4de7-4292-8db3-b6c544105954:192.168.69.119:41000, logIndex=0, commits[e3498cd7-eaa3-4a2f-a67e-ea1e9c2005a9:c10, 061ed049-4de7-4292-8db3-b6c544105954:c10, 7770f8c7-01fb-43d9-b34c-02757d82bdbb:c4]
2019-10-24 04:21:01,342 [EventQueue-ContainerReportForContainerReportHandler] WARN  container.ContainerReportHandler (AbstractContainerReportHandler.java:updateContainerState(145)) - Container #1 is in OPEN state, but the datanode e3498cd7-eaa3-4a2f-a67e-ea1e9c2005a9{ip: 192.168.69.119, host: pr-hdds-2354-xrwnf-3238337902, networkLocation: /default-rack, certSerialId: null} reports an CLOSED replica.
2019-10-24 04:21:01,450 [EventQueue-ContainerReportForContainerReportHandler] WARN  container.ContainerReportHandler (AbstractContainerReportHandler.java:updateContainerState(145)) - Container #1 is in OPEN state, but the datanode 061ed049-4de7-4292-8db3-b6c544105954{ip: 192.168.69.119, host: pr-hdds-2354-xrwnf-3238337902, networkLocation: /default-rack, certSerialId: null} reports an CLOSED replica.
2019-10-24 04:21:01,518 [BlockDeletingService#6] WARN  background.BlockDeletingService (BlockDeletingService.java:isDeletionAllowed(187)) - Close Container log Index 6 is not replicated across allthe servers in the pipeline 9f202be1-23c1-4e96-9103-74cce82b9a43 as the min replicated index is 4. Deletion is not allowed in this container yet.
2019-10-24 04:21:01,521 [BlockDeletingService#2] WARN  background.BlockDeletingService (BlockDeletingService.java:isDeletionAllowed(187)) - Close Container log Index 6 is not replicated across allthe servers in the pipeline 9f202be1-23c1-4e96-9103-74cce82b9a43 as the min replicated index is 4. Deletion is not allowed in this container yet.
2019-10-24 04:21:01,642 [EventQueue-ContainerReportForContainerReportHandler] WARN  container.ContainerReportHandler (AbstractContainerReportHandler.java:updateContainerState(145)) - Container #1 is in OPEN state, but the datanode e3498cd7-eaa3-4a2f-a67e-ea1e9c2005a9{ip: 192.168.69.119, host: pr-hdds-2354-xrwnf-3238337902, networkLocation: /default-rack, certSerialId: null} reports an CLOSED replica.
2019-10-24 04:21:01,751 [EventQueue-ContainerReportForContainerReportHandler] WARN  container.ContainerReportHandler (AbstractContainerReportHandler.java:updateContainerState(145)) - Container #1 is in OPEN state, but the datanode 061ed049-4de7-4292-8db3-b6c544105954{ip: 192.168.69.119, host: pr-hdds-2354-xrwnf-3238337902, networkLocation: /default-rack, certSerialId: null} reports an CLOSED replica.
2019-10-24 04:21:01,842 [EventQueue-ContainerReportForContainerReportHandler] WARN  container.ContainerReportHandler (AbstractContainerReportHandler.java:updateContainerState(145)) - Container #1 is in OPEN state, but the datanode e3498cd7-eaa3-4a2f-a67e-ea1e9c2005a9{ip: 192.168.69.119, host: pr-hdds-2354-xrwnf-3238337902, networkLocation: /default-rack, certSerialId: null} reports an CLOSED replica.
2019-10-24 04:21:02,051 [EventQueue-ContainerReportForContainerReportHandler] WARN  container.ContainerReportHandler (AbstractContainerReportHandler.java:updateContainerState(145)) - Container #1 is in OPEN state, but the datanode 061ed049-4de7-4292-8db3-b6c544105954{ip: 192.168.69.119, host: pr-hdds-2354-xrwnf-3238337902, networkLocation: /default-rack, certSerialId: null} reports an CLOSED replica.
2019-10-24 04:21:02,092 [java.util.concurrent.ThreadPoolExecutor$Worker@4fa1d99e[State = -1, empty queue]] WARN  server.GrpcLogAppender (GrpcLogAppender.java:timeoutAppendRequest(209)) - 061ed049-4de7-4292-8db3-b6c544105954@group-74CCE82B9A43->7770f8c7-01fb-43d9-b34c-02757d82bdbb-GrpcLogAppender: appendEntries Timeout, request=061ed049-4de7-4292-8db3-b6c544105954->7770f8c7-01fb-43d9-b34c-02757d82bdbb#39-t1, previous=(t:1, i:10), leaderCommit=10, initializing? false, entries: <empty>
2019-10-24 04:21:02,143 [EventQueue-ContainerReportForContainerReportHandler] WARN  container.ContainerReportHandler (AbstractContainerReportHandler.java:updateContainerState(145)) - Container #1 is in OPEN state, but the datanode e3498cd7-eaa3-4a2f-a67e-ea1e9c2005a9{ip: 192.168.69.119, host: pr-hdds-2354-xrwnf-3238337902, networkLocation: /default-rack, certSerialId: null} reports an CLOSED replica.
2019-10-24 04:21:02,443 [EventQueue-ContainerReportForContainerReportHandler] WARN  container.ContainerReportHandler (AbstractContainerReportHandler.java:updateContainerState(145)) - Container #1 is in OPEN state, but the datanode e3498cd7-eaa3-4a2f-a67e-ea1e9c2005a9{ip: 192.168.69.119, host: pr-hdds-2354-xrwnf-3238337902, networkLocation: /default-rack, certSerialId: null} reports an CLOSED replica.
2019-10-24 04:21:02,451 [EventQueue-ContainerReportForContainerReportHandler] WARN  container.ContainerReportHandler (AbstractContainerReportHandler.java:updateContainerState(145)) - Container #1 is in OPEN state, but the datanode 061ed049-4de7-4292-8db3-b6c544105954{ip: 192.168.69.119, host: pr-hdds-2354-xrwnf-3238337902, networkLocation: /default-rack, certSerialId: null} reports an CLOSED replica.
2019-10-24 04:21:02,523 [BlockDeletingService#2] WARN  background.BlockDeletingService (BlockDeletingService.java:isDeletionAllowed(187)) - Close Container log Index 6 is not replicated across allthe servers in the pipeline 9f202be1-23c1-4e96-9103-74cce82b9a43 as the min replicated index is 4. Deletion is not allowed in this container yet.
2019-10-24 04:21:02,523 [BlockDeletingService#6] WARN  background.BlockDeletingService (BlockDeletingService.java:isDeletionAllowed(187)) - Close Container log Index 6 is not replicated across allthe servers in the pipeline 9f202be1-23c1-4e96-9103-74cce82b9a43 as the min replicated index is 4. Deletion is not allowed in this container yet.
2019-10-24 04:21:02,651 [EventQueue-ContainerReportForContainerReportHandler] WARN  container.ContainerReportHandler (AbstractContainerReportHandler.java:updateContainerState(145)) - Container #1 is in OPEN state, but the datanode 061ed049-4de7-4292-8db3-b6c544105954{ip: 192.168.69.119, host: pr-hdds-2354-xrwnf-3238337902, networkLocation: /default-rack, certSerialId: null} reports an CLOSED replica.
2019-10-24 04:21:02,743 [EventQueue-ContainerReportForContainerReportHandler] WARN  container.ContainerReportHandler (AbstractContainerReportHandler.java:updateContainerState(145)) - Container #1 is in OPEN state, but the datanode e3498cd7-eaa3-4a2f-a67e-ea1e9c2005a9{ip: 192.168.69.119, host: pr-hdds-2354-xrwnf-3238337902, networkLocation: /default-rack, certSerialId: null} reports an CLOSED replica.
2019-10-24 04:21:02,885 [Thread-445] INFO  client.GrpcClientProtocolService (GrpcClientProtocolService.java:lambda$processClientRequest$0(279)) - Failed RaftClientRequest:client-AD324743EAE9->061ed049-4de7-4292-8db3-b6c544105954@group-74CCE82B9A43, cid=10, seq=0, Watch-ALL_COMMITTED(6), Message:<EMPTY>, reply=RaftClientReply:client-AD324743EAE9->061ed049-4de7-4292-8db3-b6c544105954@group-74CCE82B9A43, cid=10, FAILED org.apache.ratis.protocol.NotReplicatedException: Request with call Id 10 and log index 6 is not yet replicated to ALL_COMMITTED, logIndex=6, commits[061ed049-4de7-4292-8db3-b6c544105954:c10, 7770f8c7-01fb-43d9-b34c-02757d82bdbb:c4, e3498cd7-eaa3-4a2f-a67e-ea1e9c2005a9:c10]
2019-10-24 04:21:02,951 [EventQueue-ContainerReportForContainerReportHandler] WARN  container.ContainerReportHandler (AbstractContainerReportHandler.java:updateContainerState(145)) - Container #1 is in OPEN state, but the datanode 061ed049-4de7-4292-8db3-b6c544105954{ip: 192.168.69.119, host: pr-hdds-2354-xrwnf-3238337902, networkLocation: /default-rack, certSerialId: null} reports an CLOSED replica.
2019-10-24 04:21:03,044 [EventQueue-ContainerReportForContainerReportHandler] WARN  container.ContainerReportHandler (AbstractContainerReportHandler.java:updateContainerState(145)) - Container #1 is in OPEN state, but the datanode e3498cd7-eaa3-4a2f-a67e-ea1e9c2005a9{ip: 192.168.69.119, host: pr-hdds-2354-xrwnf-3238337902, networkLocation: /default-rack, certSerialId: null} reports an CLOSED replica.
2019-10-24 04:21:03,151 [EventQueue-ContainerReportForContainerReportHandler] WARN  container.ContainerReportHandler (AbstractContainerReportHandler.java:updateContainerState(145)) - Container #1 is in OPEN state, but the datanode 061ed049-4de7-4292-8db3-b6c544105954{ip: 192.168.69.119, host: pr-hdds-2354-xrwnf-3238337902, networkLocation: /default-rack, certSerialId: null} reports an CLOSED replica.
2019-10-24 04:21:03,344 [EventQueue-ContainerReportForContainerReportHandler] WARN  container.ContainerReportHandler (AbstractContainerReportHandler.java:updateContainerState(145)) - Container #1 is in OPEN state, but the datanode e3498cd7-eaa3-4a2f-a67e-ea1e9c2005a9{ip: 192.168.69.119, host: pr-hdds-2354-xrwnf-3238337902, networkLocation: /default-rack, certSerialId: null} reports an CLOSED replica.
2019-10-24 04:21:03,452 [EventQueue-ContainerReportForContainerReportHandler] WARN  container.ContainerReportHandler (AbstractContainerReportHandler.java:updateContainerState(145)) - Container #1 is in OPEN state, but the datanode 061ed049-4de7-4292-8db3-b6c544105954{ip: 192.168.69.119, host: pr-hdds-2354-xrwnf-3238337902, networkLocation: /default-rack, certSerialId: null} reports an CLOSED replica.
2019-10-24 04:21:03,525 [BlockDeletingService#6] WARN  background.BlockDeletingService (BlockDeletingService.java:isDeletionAllowed(187)) - Close Container log Index 6 is not replicated across allthe servers in the pipeline 9f202be1-23c1-4e96-9103-74cce82b9a43 as the min replicated index is 4. Deletion is not allowed in this container yet.
2019-10-24 04:21:03,525 [BlockDeletingService#2] WARN  background.BlockDeletingService (BlockDeletingService.java:isDeletionAllowed(187)) - Close Container log Index 6 is not replicated across allthe servers in the pipeline 9f202be1-23c1-4e96-9103-74cce82b9a43 as the min replicated index is 4. Deletion is not allowed in this container yet.
2019-10-24 04:21:03,643 [EventQueue-ContainerReportForContainerReportHandler] WARN  container.ContainerReportHandler (AbstractContainerReportHandler.java:updateContainerState(145)) - Container #1 is in OPEN state, but the datanode e3498cd7-eaa3-4a2f-a67e-ea1e9c2005a9{ip: 192.168.69.119, host: pr-hdds-2354-xrwnf-3238337902, networkLocation: /default-rack, certSerialId: null} reports an CLOSED replica.
2019-10-24 04:21:03,843 [EventQueue-ContainerReportForContainerReportHandler] WARN  container.ContainerReportHandler (AbstractContainerReportHandler.java:updateContainerState(145)) - Container #1 is in OPEN state, but the datanode e3498cd7-eaa3-4a2f-a67e-ea1e9c2005a9{ip: 192.168.69.119, host: pr-hdds-2354-xrwnf-3238337902, networkLocation: /default-rack, certSerialId: null} reports an CLOSED replica.
2019-10-24 04:21:03,852 [EventQueue-ContainerReportForContainerReportHandler] WARN  container.ContainerReportHandler (AbstractContainerReportHandler.java:updateContainerState(145)) - Container #1 is in OPEN state, but the datanode 061ed049-4de7-4292-8db3-b6c544105954{ip: 192.168.69.119, host: pr-hdds-2354-xrwnf-3238337902, networkLocation: /default-rack, certSerialId: null} reports an CLOSED replica.
2019-10-24 04:21:04,143 [EventQueue-ContainerReportForContainerReportHandler] WARN  container.ContainerReportHandler (AbstractContainerReportHandler.java:updateContainerState(145)) - Container #1 is in OPEN state, but the datanode e3498cd7-eaa3-4a2f-a67e-ea1e9c2005a9{ip: 192.168.69.119, host: pr-hdds-2354-xrwnf-3238337902, networkLocation: /default-rack, certSerialId: null} reports an CLOSED replica.
2019-10-24 04:21:04,252 [EventQueue-ContainerReportForContainerReportHandler] WARN  container.ContainerReportHandler (AbstractContainerReportHandler.java:updateContainerState(145)) - Container #1 is in OPEN state, but the datanode 061ed049-4de7-4292-8db3-b6c544105954{ip: 192.168.69.119, host: pr-hdds-2354-xrwnf-3238337902, networkLocation: /default-rack, certSerialId: null} reports an CLOSED replica.
2019-10-24 04:21:04,453 [EventQueue-ContainerReportForContainerReportHandler] WARN  container.ContainerReportHandler (AbstractContainerReportHandler.java:updateContainerState(145)) - Container #1 is in OPEN state, but the datanode 061ed049-4de7-4292-8db3-b6c544105954{ip: 192.168.69.119, host: pr-hdds-2354-xrwnf-3238337902, networkLocation: /default-rack, certSerialId: null} reports an CLOSED replica.
2019-10-24 04:21:04,534 [BlockDeletingService#6] WARN  background.BlockDeletingService (BlockDeletingService.java:isDeletionAllowed(187)) - Close Container log Index 6 is not replicated across allthe servers in the pipeline 9f202be1-23c1-4e96-9103-74cce82b9a43 as the min replicated index is 4. Deletion is not allowed in this container yet.
2019-10-24 04:21:04,535 [BlockDeletingService#2] WARN  background.BlockDeletingService (BlockDeletingService.java:isDeletionAllowed(187)) - Close Container log Index 6 is not replicated across allthe servers in the pipeline 9f202be1-23c1-4e96-9103-74cce82b9a43 as the min replicated index is 4. Deletion is not allowed in this container yet.
2019-10-24 04:21:04,543 [EventQueue-ContainerReportForContainerReportHandler] WARN  container.ContainerReportHandler (AbstractContainerReportHandler.java:updateContainerState(145)) - Container #1 is in OPEN state, but the datanode e3498cd7-eaa3-4a2f-a67e-ea1e9c2005a9{ip: 192.168.69.119, host: pr-hdds-2354-xrwnf-3238337902, networkLocation: /default-rack, certSerialId: null} reports an CLOSED replica.
2019-10-24 04:21:04,593 [java.util.concurrent.ThreadPoolExecutor$Worker@4fa1d99e[State = -1, empty queue]] WARN  server.GrpcLogAppender (GrpcLogAppender.java:timeoutAppendRequest(209)) - 061ed049-4de7-4292-8db3-b6c544105954@group-74CCE82B9A43->7770f8c7-01fb-43d9-b34c-02757d82bdbb-GrpcLogAppender: appendEntries Timeout, request=061ed049-4de7-4292-8db3-b6c544105954->7770f8c7-01fb-43d9-b34c-02757d82bdbb#40-t1, previous=(t:1, i:10), leaderCommit=10, initializing? false, entries: <empty>
2019-10-24 04:21:04,753 [EventQueue-ContainerReportForContainerReportHandler] WARN  container.ContainerReportHandler (AbstractContainerReportHandler.java:updateContainerState(145)) - Container #1 is in OPEN state, but the datanode 061ed049-4de7-4292-8db3-b6c544105954{ip: 192.168.69.119, host: pr-hdds-2354-xrwnf-3238337902, networkLocation: /default-rack, certSerialId: null} reports an CLOSED replica.
2019-10-24 04:21:04,843 [EventQueue-ContainerReportForContainerReportHandler] WARN  container.ContainerReportHandler (AbstractContainerReportHandler.java:updateContainerState(145)) - Container #1 is in OPEN state, but the datanode e3498cd7-eaa3-4a2f-a67e-ea1e9c2005a9{ip: 192.168.69.119, host: pr-hdds-2354-xrwnf-3238337902, networkLocation: /default-rack, certSerialId: null} reports an CLOSED replica.
2019-10-24 04:21:05,146 [EventQueue-ContainerReportForContainerReportHandler] WARN  container.ContainerReportHandler (AbstractContainerReportHandler.java:updateContainerState(145)) - Container #1 is in OPEN state, but the datanode e3498cd7-eaa3-4a2f-a67e-ea1e9c2005a9{ip: 192.168.69.119, host: pr-hdds-2354-xrwnf-3238337902, networkLocation: /default-rack, certSerialId: null} reports an CLOSED replica.
2019-10-24 04:21:05,153 [EventQueue-ContainerReportForContainerReportHandler] WARN  container.ContainerReportHandler (AbstractContainerReportHandler.java:updateContainerState(145)) - Container #1 is in OPEN state, but the datanode 061ed049-4de7-4292-8db3-b6c544105954{ip: 192.168.69.119, host: pr-hdds-2354-xrwnf-3238337902, networkLocation: /default-rack, certSerialId: null} reports an CLOSED replica.
2019-10-24 04:21:05,353 [EventQueue-ContainerReportForContainerReportHandler] WARN  container.ContainerReportHandler (AbstractContainerReportHandler.java:updateContainerState(145)) - Container #1 is in OPEN state, but the datanode 061ed049-4de7-4292-8db3-b6c544105954{ip: 192.168.69.119, host: pr-hdds-2354-xrwnf-3238337902, networkLocation: /default-rack, certSerialId: null} reports an CLOSED replica.
2019-10-24 04:21:05,445 [EventQueue-ContainerReportForContainerReportHandler] WARN  container.ContainerReportHandler (AbstractContainerReportHandler.java:updateContainerState(145)) - Container #1 is in OPEN state, but the datanode e3498cd7-eaa3-4a2f-a67e-ea1e9c2005a9{ip: 192.168.69.119, host: pr-hdds-2354-xrwnf-3238337902, networkLocation: /default-rack, certSerialId: null} reports an CLOSED replica.
2019-10-24 04:21:05,538 [BlockDeletingService#2] WARN  background.BlockDeletingService (BlockDeletingService.java:isDeletionAllowed(187)) - Close Container log Index 6 is not replicated across allthe servers in the pipeline 9f202be1-23c1-4e96-9103-74cce82b9a43 as the min replicated index is 4. Deletion is not allowed in this container yet.
2019-10-24 04:21:05,538 [BlockDeletingService#6] WARN  background.BlockDeletingService (BlockDeletingService.java:isDeletionAllowed(187)) - Close Container log Index 6 is not replicated across allthe servers in the pipeline 9f202be1-23c1-4e96-9103-74cce82b9a43 as the min replicated index is 4. Deletion is not allowed in this container yet.
2019-10-24 04:21:05,754 [EventQueue-ContainerReportForContainerReportHandler] WARN  container.ContainerReportHandler (AbstractContainerReportHandler.java:updateContainerState(145)) - Container #1 is in OPEN state, but the datanode 061ed049-4de7-4292-8db3-b6c544105954{ip: 192.168.69.119, host: pr-hdds-2354-xrwnf-3238337902, networkLocation: /default-rack, certSerialId: null} reports an CLOSED replica.
2019-10-24 04:21:05,845 [EventQueue-ContainerReportForContainerReportHandler] WARN  container.ContainerReportHandler (AbstractContainerReportHandler.java:updateContainerState(145)) - Container #1 is in OPEN state, but the datanode e3498cd7-eaa3-4a2f-a67e-ea1e9c2005a9{ip: 192.168.69.119, host: pr-hdds-2354-xrwnf-3238337902, networkLocation: /default-rack, certSerialId: null} reports an CLOSED replica.
2019-10-24 04:21:06,045 [EventQueue-ContainerReportForContainerReportHandler] WARN  container.ContainerReportHandler (AbstractContainerReportHandler.java:updateContainerState(145)) - Container #1 is in OPEN state, but the datanode e3498cd7-eaa3-4a2f-a67e-ea1e9c2005a9{ip: 192.168.69.119, host: pr-hdds-2354-xrwnf-3238337902, networkLocation: /default-rack, certSerialId: null} reports an CLOSED replica.
2019-10-24 04:21:06,155 [EventQueue-ContainerReportForContainerReportHandler] WARN  container.ContainerReportHandler (AbstractContainerReportHandler.java:updateContainerState(145)) - Container #1 is in OPEN state, but the datanode 061ed049-4de7-4292-8db3-b6c544105954{ip: 192.168.69.119, host: pr-hdds-2354-xrwnf-3238337902, networkLocation: /default-rack, certSerialId: null} reports an CLOSED replica.
2019-10-24 04:21:06,345 [EventQueue-ContainerReportForContainerReportHandler] WARN  container.ContainerReportHandler (AbstractContainerReportHandler.java:updateContainerState(145)) - Container #1 is in OPEN state, but the datanode e3498cd7-eaa3-4a2f-a67e-ea1e9c2005a9{ip: 192.168.69.119, host: pr-hdds-2354-xrwnf-3238337902, networkLocation: /default-rack, certSerialId: null} reports an CLOSED replica.
2019-10-24 04:21:06,456 [EventQueue-ContainerReportForContainerReportHandler] WARN  container.ContainerReportHandler (AbstractContainerReportHandler.java:updateContainerState(145)) - Container #1 is in OPEN state, but the datanode 061ed049-4de7-4292-8db3-b6c544105954{ip: 192.168.69.119, host: pr-hdds-2354-xrwnf-3238337902, networkLocation: /default-rack, certSerialId: null} reports an CLOSED replica.
2019-10-24 04:21:06,540 [BlockDeletingService#6] WARN  background.BlockDeletingService (BlockDeletingService.java:isDeletionAllowed(187)) - Close Container log Index 6 is not replicated across allthe servers in the pipeline 9f202be1-23c1-4e96-9103-74cce82b9a43 as the min replicated index is 4. Deletion is not allowed in this container yet.
2019-10-24 04:21:06,540 [BlockDeletingService#2] WARN  background.BlockDeletingService (BlockDeletingService.java:isDeletionAllowed(187)) - Close Container log Index 6 is not replicated across allthe servers in the pipeline 9f202be1-23c1-4e96-9103-74cce82b9a43 as the min replicated index is 4. Deletion is not allowed in this container yet.
2019-10-24 04:21:06,646 [EventQueue-ContainerReportForContainerReportHandler] WARN  container.ContainerReportHandler (AbstractContainerReportHandler.java:updateContainerState(145)) - Container #1 is in OPEN state, but the datanode e3498cd7-eaa3-4a2f-a67e-ea1e9c2005a9{ip: 192.168.69.119, host: pr-hdds-2354-xrwnf-3238337902, networkLocation: /default-rack, certSerialId: null} reports an CLOSED replica.
2019-10-24 04:21:06,656 [EventQueue-ContainerReportForContainerReportHandler] WARN  container.ContainerReportHandler (AbstractContainerReportHandler.java:updateContainerState(145)) - Container #1 is in OPEN state, but the datanode 061ed049-4de7-4292-8db3-b6c544105954{ip: 192.168.69.119, host: pr-hdds-2354-xrwnf-3238337902, networkLocation: /default-rack, certSerialId: null} reports an CLOSED replica.
2019-10-24 04:21:06,948 [EventQueue-ContainerReportForContainerReportHandler] WARN  container.ContainerReportHandler (AbstractContainerReportHandler.java:updateContainerState(145)) - Container #1 is in OPEN state, but the datanode e3498cd7-eaa3-4a2f-a67e-ea1e9c2005a9{ip: 192.168.69.119, host: pr-hdds-2354-xrwnf-3238337902, networkLocation: /default-rack, certSerialId: null} reports an CLOSED replica.
2019-10-24 04:21:06,956 [EventQueue-ContainerReportForContainerReportHandler] WARN  container.ContainerReportHandler (AbstractContainerReportHandler.java:updateContainerState(145)) - Container #1 is in OPEN state, but the datanode 061ed049-4de7-4292-8db3-b6c544105954{ip: 192.168.69.119, host: pr-hdds-2354-xrwnf-3238337902, networkLocation: /default-rack, certSerialId: null} reports an CLOSED replica.
2019-10-24 04:21:07,095 [java.util.concurrent.ThreadPoolExecutor$Worker@4fa1d99e[State = -1, empty queue]] WARN  server.GrpcLogAppender (GrpcLogAppender.java:timeoutAppendRequest(209)) - 061ed049-4de7-4292-8db3-b6c544105954@group-74CCE82B9A43->7770f8c7-01fb-43d9-b34c-02757d82bdbb-GrpcLogAppender: appendEntries Timeout, request=061ed049-4de7-4292-8db3-b6c544105954->7770f8c7-01fb-43d9-b34c-02757d82bdbb#41-t1, previous=(t:1, i:10), leaderCommit=10, initializing? false, entries: <empty>
2019-10-24 04:21:07,147 [EventQueue-ContainerReportForContainerReportHandler] WARN  container.ContainerReportHandler (AbstractContainerReportHandler.java:updateContainerState(145)) - Container #1 is in OPEN state, but the datanode e3498cd7-eaa3-4a2f-a67e-ea1e9c2005a9{ip: 192.168.69.119, host: pr-hdds-2354-xrwnf-3238337902, networkLocation: /default-rack, certSerialId: null} reports an CLOSED replica.
2019-10-24 04:21:07,358 [EventQueue-ContainerReportForContainerReportHandler] WARN  container.ContainerReportHandler (AbstractContainerReportHandler.java:updateContainerState(145)) - Container #1 is in OPEN state, but the datanode 061ed049-4de7-4292-8db3-b6c544105954{ip: 192.168.69.119, host: pr-hdds-2354-xrwnf-3238337902, networkLocation: /default-rack, certSerialId: null} reports an CLOSED replica.
2019-10-24 04:21:07,543 [BlockDeletingService#2] WARN  background.BlockDeletingService (BlockDeletingService.java:isDeletionAllowed(187)) - Close Container log Index 6 is not replicated across allthe servers in the pipeline 9f202be1-23c1-4e96-9103-74cce82b9a43 as the min replicated index is 4. Deletion is not allowed in this container yet.
2019-10-24 04:21:07,543 [BlockDeletingService#6] WARN  background.BlockDeletingService (BlockDeletingService.java:isDeletionAllowed(187)) - Close Container log Index 6 is not replicated across allthe servers in the pipeline 9f202be1-23c1-4e96-9103-74cce82b9a43 as the min replicated index is 4. Deletion is not allowed in this container yet.
2019-10-24 04:21:07,547 [EventQueue-ContainerReportForContainerReportHandler] WARN  container.ContainerReportHandler (AbstractContainerReportHandler.java:updateContainerState(145)) - Container #1 is in OPEN state, but the datanode e3498cd7-eaa3-4a2f-a67e-ea1e9c2005a9{ip: 192.168.69.119, host: pr-hdds-2354-xrwnf-3238337902, networkLocation: /default-rack, certSerialId: null} reports an CLOSED replica.
2019-10-24 04:21:07,658 [EventQueue-ContainerReportForContainerReportHandler] WARN  container.ContainerReportHandler (AbstractContainerReportHandler.java:updateContainerState(145)) - Container #1 is in OPEN state, but the datanode 061ed049-4de7-4292-8db3-b6c544105954{ip: 192.168.69.119, host: pr-hdds-2354-xrwnf-3238337902, networkLocation: /default-rack, certSerialId: null} reports an CLOSED replica.
2019-10-24 04:21:07,847 [EventQueue-ContainerReportForContainerReportHandler] WARN  container.ContainerReportHandler (AbstractContainerReportHandler.java:updateContainerState(145)) - Container #1 is in OPEN state, but the datanode e3498cd7-eaa3-4a2f-a67e-ea1e9c2005a9{ip: 192.168.69.119, host: pr-hdds-2354-xrwnf-3238337902, networkLocation: /default-rack, certSerialId: null} reports an CLOSED replica.
2019-10-24 04:21:07,958 [EventQueue-ContainerReportForContainerReportHandler] WARN  container.ContainerReportHandler (AbstractContainerReportHandler.java:updateContainerState(145)) - Container #1 is in OPEN state, but the datanode 061ed049-4de7-4292-8db3-b6c544105954{ip: 192.168.69.119, host: pr-hdds-2354-xrwnf-3238337902, networkLocation: /default-rack, certSerialId: null} reports an CLOSED replica.
2019-10-24 04:21:08,247 [EventQueue-ContainerReportForContainerReportHandler] WARN  container.ContainerReportHandler (AbstractContainerReportHandler.java:updateContainerState(145)) - Container #1 is in OPEN state, but the datanode e3498cd7-eaa3-4a2f-a67e-ea1e9c2005a9{ip: 192.168.69.119, host: pr-hdds-2354-xrwnf-3238337902, networkLocation: /default-rack, certSerialId: null} reports an CLOSED replica.
2019-10-24 04:21:08,258 [EventQueue-ContainerReportForContainerReportHandler] WARN  container.ContainerReportHandler (AbstractContainerReportHandler.java:updateContainerState(145)) - Container #1 is in OPEN state, but the datanode 061ed049-4de7-4292-8db3-b6c544105954{ip: 192.168.69.119, host: pr-hdds-2354-xrwnf-3238337902, networkLocation: /default-rack, certSerialId: null} reports an CLOSED replica.
2019-10-24 04:21:08,458 [EventQueue-ContainerReportForContainerReportHandler] WARN  container.ContainerReportHandler (AbstractContainerReportHandler.java:updateContainerState(145)) - Container #1 is in OPEN state, but the datanode 061ed049-4de7-4292-8db3-b6c544105954{ip: 192.168.69.119, host: pr-hdds-2354-xrwnf-3238337902, networkLocation: /default-rack, certSerialId: null} reports an CLOSED replica.
2019-10-24 04:21:08,545 [BlockDeletingService#2] WARN  background.BlockDeletingService (BlockDeletingService.java:isDeletionAllowed(187)) - Close Container log Index 6 is not replicated across allthe servers in the pipeline 9f202be1-23c1-4e96-9103-74cce82b9a43 as the min replicated index is 4. Deletion is not allowed in this container yet.
2019-10-24 04:21:08,545 [BlockDeletingService#6] WARN  background.BlockDeletingService (BlockDeletingService.java:isDeletionAllowed(187)) - Close Container log Index 6 is not replicated across allthe servers in the pipeline 9f202be1-23c1-4e96-9103-74cce82b9a43 as the min replicated index is 4. Deletion is not allowed in this container yet.
2019-10-24 04:21:08,547 [EventQueue-ContainerReportForContainerReportHandler] WARN  container.ContainerReportHandler (AbstractContainerReportHandler.java:updateContainerState(145)) - Container #1 is in OPEN state, but the datanode e3498cd7-eaa3-4a2f-a67e-ea1e9c2005a9{ip: 192.168.69.119, host: pr-hdds-2354-xrwnf-3238337902, networkLocation: /default-rack, certSerialId: null} reports an CLOSED replica.
2019-10-24 04:21:08,749 [EventQueue-ContainerReportForContainerReportHandler] WARN  container.ContainerReportHandler (AbstractContainerReportHandler.java:updateContainerState(145)) - Container #1 is in OPEN state, but the datanode e3498cd7-eaa3-4a2f-a67e-ea1e9c2005a9{ip: 192.168.69.119, host: pr-hdds-2354-xrwnf-3238337902, networkLocation: /default-rack, certSerialId: null} reports an CLOSED replica.
2019-10-24 04:21:08,758 [EventQueue-ContainerReportForContainerReportHandler] WARN  container.ContainerReportHandler (AbstractContainerReportHandler.java:updateContainerState(145)) - Container #1 is in OPEN state, but the datanode 061ed049-4de7-4292-8db3-b6c544105954{ip: 192.168.69.119, host: pr-hdds-2354-xrwnf-3238337902, networkLocation: /default-rack, certSerialId: null} reports an CLOSED replica.
2019-10-24 04:21:09,148 [EventQueue-ContainerReportForContainerReportHandler] WARN  container.ContainerReportHandler (AbstractContainerReportHandler.java:updateContainerState(145)) - Container #1 is in OPEN state, but the datanode e3498cd7-eaa3-4a2f-a67e-ea1e9c2005a9{ip: 192.168.69.119, host: pr-hdds-2354-xrwnf-3238337902, networkLocation: /default-rack, certSerialId: null} reports an CLOSED replica.
2019-10-24 04:21:09,159 [EventQueue-ContainerReportForContainerReportHandler] WARN  container.ContainerReportHandler (AbstractContainerReportHandler.java:updateContainerState(145)) - Container #1 is in OPEN state, but the datanode 061ed049-4de7-4292-8db3-b6c544105954{ip: 192.168.69.119, host: pr-hdds-2354-xrwnf-3238337902, networkLocation: /default-rack, certSerialId: null} reports an CLOSED replica.
2019-10-24 04:21:09,360 [EventQueue-ContainerReportForContainerReportHandler] WARN  container.ContainerReportHandler (AbstractContainerReportHandler.java:updateContainerState(145)) - Container #1 is in OPEN state, but the datanode 061ed049-4de7-4292-8db3-b6c544105954{ip: 192.168.69.119, host: pr-hdds-2354-xrwnf-3238337902, networkLocation: /default-rack, certSerialId: null} reports an CLOSED replica.
2019-10-24 04:21:09,448 [EventQueue-ContainerReportForContainerReportHandler] WARN  container.ContainerReportHandler (AbstractContainerReportHandler.java:updateContainerState(145)) - Container #1 is in OPEN state, but the datanode e3498cd7-eaa3-4a2f-a67e-ea1e9c2005a9{ip: 192.168.69.119, host: pr-hdds-2354-xrwnf-3238337902, networkLocation: /default-rack, certSerialId: null} reports an CLOSED replica.
2019-10-24 04:21:09,547 [BlockDeletingService#2] WARN  background.BlockDeletingService (BlockDeletingService.java:isDeletionAllowed(187)) - Close Container log Index 6 is not replicated across allthe servers in the pipeline 9f202be1-23c1-4e96-9103-74cce82b9a43 as the min replicated index is 4. Deletion is not allowed in this container yet.
2019-10-24 04:21:09,547 [BlockDeletingService#6] WARN  background.BlockDeletingService (BlockDeletingService.java:isDeletionAllowed(187)) - Close Container log Index 6 is not replicated across allthe servers in the pipeline 9f202be1-23c1-4e96-9103-74cce82b9a43 as the min replicated index is 4. Deletion is not allowed in this container yet.
2019-10-24 04:21:09,598 [java.util.concurrent.ThreadPoolExecutor$Worker@4fa1d99e[State = -1, empty queue]] WARN  server.GrpcLogAppender (GrpcLogAppender.java:timeoutAppendRequest(209)) - 061ed049-4de7-4292-8db3-b6c544105954@group-74CCE82B9A43->7770f8c7-01fb-43d9-b34c-02757d82bdbb-GrpcLogAppender: appendEntries Timeout, request=061ed049-4de7-4292-8db3-b6c544105954->7770f8c7-01fb-43d9-b34c-02757d82bdbb#42-t1, previous=(t:1, i:10), leaderCommit=10, initializing? false, entries: <empty>
2019-10-24 04:21:09,648 [EventQueue-ContainerReportForContainerReportHandler] WARN  container.ContainerReportHandler (AbstractContainerReportHandler.java:updateContainerState(145)) - Container #1 is in OPEN state, but the datanode e3498cd7-eaa3-4a2f-a67e-ea1e9c2005a9{ip: 192.168.69.119, host: pr-hdds-2354-xrwnf-3238337902, networkLocation: /default-rack, certSerialId: null} reports an CLOSED replica.
2019-10-24 04:21:09,659 [EventQueue-ContainerReportForContainerReportHandler] WARN  container.ContainerReportHandler (AbstractContainerReportHandler.java:updateContainerState(145)) - Container #1 is in OPEN state, but the datanode 061ed049-4de7-4292-8db3-b6c544105954{ip: 192.168.69.119, host: pr-hdds-2354-xrwnf-3238337902, networkLocation: /default-rack, certSerialId: null} reports an CLOSED replica.
2019-10-24 04:21:09,948 [EventQueue-ContainerReportForContainerReportHandler] WARN  container.ContainerReportHandler (AbstractContainerReportHandler.java:updateContainerState(145)) - Container #1 is in OPEN state, but the datanode e3498cd7-eaa3-4a2f-a67e-ea1e9c2005a9{ip: 192.168.69.119, host: pr-hdds-2354-xrwnf-3238337902, networkLocation: /default-rack, certSerialId: null} reports an CLOSED replica.
2019-10-24 04:21:10,059 [EventQueue-ContainerReportForContainerReportHandler] WARN  container.ContainerReportHandler (AbstractContainerReportHandler.java:updateContainerState(145)) - Container #1 is in OPEN state, but the datanode 061ed049-4de7-4292-8db3-b6c544105954{ip: 192.168.69.119, host: pr-hdds-2354-xrwnf-3238337902, networkLocation: /default-rack, certSerialId: null} reports an CLOSED replica.
2019-10-24 04:21:10,235 [Thread-465] INFO  client.GrpcClientProtocolService (GrpcClientProtocolService.java:lambda$processClientRequest$0(279)) - Failed RaftClientRequest:client-AD324743EAE9->e3498cd7-eaa3-4a2f-a67e-ea1e9c2005a9@group-74CCE82B9A43, cid=10, seq=0, Watch-ALL_COMMITTED(6), Message:<EMPTY>, reply=RaftClientReply:client-AD324743EAE9->e3498cd7-eaa3-4a2f-a67e-ea1e9c2005a9@group-74CCE82B9A43, cid=10, FAILED org.apache.ratis.protocol.NotLeaderException: Server e3498cd7-eaa3-4a2f-a67e-ea1e9c2005a9@group-74CCE82B9A43 is not the leader 061ed049-4de7-4292-8db3-b6c544105954:192.168.69.119:41000, logIndex=0, commits[e3498cd7-eaa3-4a2f-a67e-ea1e9c2005a9:c10, 061ed049-4de7-4292-8db3-b6c544105954:c10, 7770f8c7-01fb-43d9-b34c-02757d82bdbb:c4]
2019-10-24 04:21:10,249 [EventQueue-ContainerReportForContainerReportHandler] WARN  container.ContainerReportHandler (AbstractContainerReportHandler.java:updateContainerState(145)) - Container #1 is in OPEN state, but the datanode e3498cd7-eaa3-4a2f-a67e-ea1e9c2005a9{ip: 192.168.69.119, host: pr-hdds-2354-xrwnf-3238337902, networkLocation: /default-rack, certSerialId: null} reports an CLOSED replica.
2019-10-24 04:21:10,360 [EventQueue-ContainerReportForContainerReportHandler] WARN  container.ContainerReportHandler (AbstractContainerReportHandler.java:updateContainerState(145)) - Container #1 is in OPEN state, but the datanode 061ed049-4de7-4292-8db3-b6c544105954{ip: 192.168.69.119, host: pr-hdds-2354-xrwnf-3238337902, networkLocation: /default-rack, certSerialId: null} reports an CLOSED replica.
2019-10-24 04:21:10,549 [BlockDeletingService#2] WARN  background.BlockDeletingService (BlockDeletingService.java:isDeletionAllowed(187)) - Close Container log Index 6 is not replicated across allthe servers in the pipeline 9f202be1-23c1-4e96-9103-74cce82b9a43 as the min replicated index is 4. Deletion is not allowed in this container yet.
2019-10-24 04:21:10,549 [BlockDeletingService#6] WARN  background.BlockDeletingService (BlockDeletingService.java:isDeletionAllowed(187)) - Close Container log Index 6 is not replicated across allthe servers in the pipeline 9f202be1-23c1-4e96-9103-74cce82b9a43 as the min replicated index is 4. Deletion is not allowed in this container yet.
2019-10-24 04:21:10,551 [EventQueue-ContainerReportForContainerReportHandler] WARN  container.ContainerReportHandler (AbstractContainerReportHandler.java:updateContainerState(145)) - Container #1 is in OPEN state, but the datanode e3498cd7-eaa3-4a2f-a67e-ea1e9c2005a9{ip: 192.168.69.119, host: pr-hdds-2354-xrwnf-3238337902, networkLocation: /default-rack, certSerialId: null} reports an CLOSED replica.
2019-10-24 04:21:10,560 [EventQueue-ContainerReportForContainerReportHandler] WARN  container.ContainerReportHandler (AbstractContainerReportHandler.java:updateContainerState(145)) - Container #1 is in OPEN state, but the datanode 061ed049-4de7-4292-8db3-b6c544105954{ip: 192.168.69.119, host: pr-hdds-2354-xrwnf-3238337902, networkLocation: /default-rack, certSerialId: null} reports an CLOSED replica.
2019-10-24 04:21:10,851 [EventQueue-ContainerReportForContainerReportHandler] WARN  container.ContainerReportHandler (AbstractContainerReportHandler.java:updateContainerState(145)) - Container #1 is in OPEN state, but the datanode e3498cd7-eaa3-4a2f-a67e-ea1e9c2005a9{ip: 192.168.69.119, host: pr-hdds-2354-xrwnf-3238337902, networkLocation: /default-rack, certSerialId: null} reports an CLOSED replica.
2019-10-24 04:21:10,860 [EventQueue-ContainerReportForContainerReportHandler] WARN  container.ContainerReportHandler (AbstractContainerReportHandler.java:updateContainerState(145)) - Container #1 is in OPEN state, but the datanode 061ed049-4de7-4292-8db3-b6c544105954{ip: 192.168.69.119, host: pr-hdds-2354-xrwnf-3238337902, networkLocation: /default-rack, certSerialId: null} reports an CLOSED replica.
2019-10-24 04:21:11,051 [EventQueue-ContainerReportForContainerReportHandler] WARN  container.ContainerReportHandler (AbstractContainerReportHandler.java:updateContainerState(145)) - Container #1 is in OPEN state, but the datanode e3498cd7-eaa3-4a2f-a67e-ea1e9c2005a9{ip: 192.168.69.119, host: pr-hdds-2354-xrwnf-3238337902, networkLocation: /default-rack, certSerialId: null} reports an CLOSED replica.
2019-10-24 04:21:11,160 [EventQueue-ContainerReportForContainerReportHandler] WARN  container.ContainerReportHandler (AbstractContainerReportHandler.java:updateContainerState(145)) - Container #1 is in OPEN state, but the datanode 061ed049-4de7-4292-8db3-b6c544105954{ip: 192.168.69.119, host: pr-hdds-2354-xrwnf-3238337902, networkLocation: /default-rack, certSerialId: null} reports an CLOSED replica.
2019-10-24 04:21:11,454 [EventQueue-ContainerReportForContainerReportHandler] WARN  container.ContainerReportHandler (AbstractContainerReportHandler.java:updateContainerState(145)) - Container #1 is in OPEN state, but the datanode e3498cd7-eaa3-4a2f-a67e-ea1e9c2005a9{ip: 192.168.69.119, host: pr-hdds-2354-xrwnf-3238337902, networkLocation: /default-rack, certSerialId: null} reports an CLOSED replica.
2019-10-24 04:21:11,555 [BlockDeletingService#6] WARN  background.BlockDeletingService (BlockDeletingService.java:isDeletionAllowed(187)) - Close Container log Index 6 is not replicated across allthe servers in the pipeline 9f202be1-23c1-4e96-9103-74cce82b9a43 as the min replicated index is 4. Deletion is not allowed in this container yet.
2019-10-24 04:21:11,555 [BlockDeletingService#2] WARN  background.BlockDeletingService (BlockDeletingService.java:isDeletionAllowed(187)) - Close Container log Index 6 is not replicated across allthe servers in the pipeline 9f202be1-23c1-4e96-9103-74cce82b9a43 as the min replicated index is 4. Deletion is not allowed in this container yet.
2019-10-24 04:21:11,561 [EventQueue-ContainerReportForContainerReportHandler] WARN  container.ContainerReportHandler (AbstractContainerReportHandler.java:updateContainerState(145)) - Container #1 is in OPEN state, but the datanode 061ed049-4de7-4292-8db3-b6c544105954{ip: 192.168.69.119, host: pr-hdds-2354-xrwnf-3238337902, networkLocation: /default-rack, certSerialId: null} reports an CLOSED replica.
2019-10-24 04:21:11,754 [EventQueue-ContainerReportForContainerReportHandler] WARN  container.ContainerReportHandler (AbstractContainerReportHandler.java:updateContainerState(145)) - Container #1 is in OPEN state, but the datanode e3498cd7-eaa3-4a2f-a67e-ea1e9c2005a9{ip: 192.168.69.119, host: pr-hdds-2354-xrwnf-3238337902, networkLocation: /default-rack, certSerialId: null} reports an CLOSED replica.
2019-10-24 04:21:11,861 [EventQueue-ContainerReportForContainerReportHandler] WARN  container.ContainerReportHandler (AbstractContainerReportHandler.java:updateContainerState(145)) - Container #1 is in OPEN state, but the datanode 061ed049-4de7-4292-8db3-b6c544105954{ip: 192.168.69.119, host: pr-hdds-2354-xrwnf-3238337902, networkLocation: /default-rack, certSerialId: null} reports an CLOSED replica.
2019-10-24 04:21:11,884 [Thread-473] INFO  client.GrpcClientProtocolService (GrpcClientProtocolService.java:lambda$processClientRequest$0(279)) - Failed RaftClientRequest:client-AD324743EAE9->061ed049-4de7-4292-8db3-b6c544105954@group-74CCE82B9A43, cid=10, seq=0, Watch-ALL_COMMITTED(6), Message:<EMPTY>, reply=RaftClientReply:client-AD324743EAE9->061ed049-4de7-4292-8db3-b6c544105954@group-74CCE82B9A43, cid=10, FAILED org.apache.ratis.protocol.NotReplicatedException: Request with call Id 10 and log index 6 is not yet replicated to ALL_COMMITTED, logIndex=6, commits[061ed049-4de7-4292-8db3-b6c544105954:c10, 7770f8c7-01fb-43d9-b34c-02757d82bdbb:c4, e3498cd7-eaa3-4a2f-a67e-ea1e9c2005a9:c10]
2019-10-24 04:21:12,100 [java.util.concurrent.ThreadPoolExecutor$Worker@4fa1d99e[State = -1, empty queue]] WARN  server.GrpcLogAppender (GrpcLogAppender.java:timeoutAppendRequest(209)) - 061ed049-4de7-4292-8db3-b6c544105954@group-74CCE82B9A43->7770f8c7-01fb-43d9-b34c-02757d82bdbb-GrpcLogAppender: appendEntries Timeout, request=061ed049-4de7-4292-8db3-b6c544105954->7770f8c7-01fb-43d9-b34c-02757d82bdbb#43-t1, previous=(t:1, i:10), leaderCommit=10, initializing? false, entries: <empty>
2019-10-24 04:21:12,154 [EventQueue-ContainerReportForContainerReportHandler] WARN  container.ContainerReportHandler (AbstractContainerReportHandler.java:updateContainerState(145)) - Container #1 is in OPEN state, but the datanode e3498cd7-eaa3-4a2f-a67e-ea1e9c2005a9{ip: 192.168.69.119, host: pr-hdds-2354-xrwnf-3238337902, networkLocation: /default-rack, certSerialId: null} reports an CLOSED replica.
2019-10-24 04:21:12,262 [EventQueue-ContainerReportForContainerReportHandler] WARN  container.ContainerReportHandler (AbstractContainerReportHandler.java:updateContainerState(145)) - Container #1 is in OPEN state, but the datanode 061ed049-4de7-4292-8db3-b6c544105954{ip: 192.168.69.119, host: pr-hdds-2354-xrwnf-3238337902, networkLocation: /default-rack, certSerialId: null} reports an CLOSED replica.
2019-10-24 04:21:12,454 [EventQueue-ContainerReportForContainerReportHandler] WARN  container.ContainerReportHandler (AbstractContainerReportHandler.java:updateContainerState(145)) - Container #1 is in OPEN state, but the datanode e3498cd7-eaa3-4a2f-a67e-ea1e9c2005a9{ip: 192.168.69.119, host: pr-hdds-2354-xrwnf-3238337902, networkLocation: /default-rack, certSerialId: null} reports an CLOSED replica.
2019-10-24 04:21:12,557 [BlockDeletingService#6] WARN  background.BlockDeletingService (BlockDeletingService.java:isDeletionAllowed(187)) - Close Container log Index 6 is not replicated across allthe servers in the pipeline 9f202be1-23c1-4e96-9103-74cce82b9a43 as the min replicated index is 4. Deletion is not allowed in this container yet.
2019-10-24 04:21:12,558 [BlockDeletingService#2] WARN  background.BlockDeletingService (BlockDeletingService.java:isDeletionAllowed(187)) - Close Container log Index 6 is not replicated across allthe servers in the pipeline 9f202be1-23c1-4e96-9103-74cce82b9a43 as the min replicated index is 4. Deletion is not allowed in this container yet.
2019-10-24 04:21:12,663 [EventQueue-ContainerReportForContainerReportHandler] WARN  container.ContainerReportHandler (AbstractContainerReportHandler.java:updateContainerState(145)) - Container #1 is in OPEN state, but the datanode 061ed049-4de7-4292-8db3-b6c544105954{ip: 192.168.69.119, host: pr-hdds-2354-xrwnf-3238337902, networkLocation: /default-rack, certSerialId: null} reports an CLOSED replica.
2019-10-24 04:21:12,754 [EventQueue-ContainerReportForContainerReportHandler] WARN  container.ContainerReportHandler (AbstractContainerReportHandler.java:updateContainerState(145)) - Container #1 is in OPEN state, but the datanode e3498cd7-eaa3-4a2f-a67e-ea1e9c2005a9{ip: 192.168.69.119, host: pr-hdds-2354-xrwnf-3238337902, networkLocation: /default-rack, certSerialId: null} reports an CLOSED replica.
2019-10-24 04:21:12,955 [EventQueue-ContainerReportForContainerReportHandler] WARN  container.ContainerReportHandler (AbstractContainerReportHandler.java:updateContainerState(145)) - Container #1 is in OPEN state, but the datanode e3498cd7-eaa3-4a2f-a67e-ea1e9c2005a9{ip: 192.168.69.119, host: pr-hdds-2354-xrwnf-3238337902, networkLocation: /default-rack, certSerialId: null} reports an CLOSED replica.
2019-10-24 04:21:12,964 [EventQueue-ContainerReportForContainerReportHandler] WARN  container.ContainerReportHandler (AbstractContainerReportHandler.java:updateContainerState(145)) - Container #1 is in OPEN state, but the datanode 061ed049-4de7-4292-8db3-b6c544105954{ip: 192.168.69.119, host: pr-hdds-2354-xrwnf-3238337902, networkLocation: /default-rack, certSerialId: null} reports an CLOSED replica.
2019-10-24 04:21:13,165 [EventQueue-ContainerReportForContainerReportHandler] WARN  container.ContainerReportHandler (AbstractContainerReportHandler.java:updateContainerState(145)) - Container #1 is in OPEN state, but the datanode 061ed049-4de7-4292-8db3-b6c544105954{ip: 192.168.69.119, host: pr-hdds-2354-xrwnf-3238337902, networkLocation: /default-rack, certSerialId: null} reports an CLOSED replica.
2019-10-24 04:21:13,255 [EventQueue-ContainerReportForContainerReportHandler] WARN  container.ContainerReportHandler (AbstractContainerReportHandler.java:updateContainerState(145)) - Container #1 is in OPEN state, but the datanode e3498cd7-eaa3-4a2f-a67e-ea1e9c2005a9{ip: 192.168.69.119, host: pr-hdds-2354-xrwnf-3238337902, networkLocation: /default-rack, certSerialId: null} reports an CLOSED replica.
2019-10-24 04:21:13,367 [EventQueue-ContainerReportForContainerReportHandler] WARN  container.ContainerReportHandler (AbstractContainerReportHandler.java:updateContainerState(145)) - Container #1 is in OPEN state, but the datanode 061ed049-4de7-4292-8db3-b6c544105954{ip: 192.168.69.119, host: pr-hdds-2354-xrwnf-3238337902, networkLocation: /default-rack, certSerialId: null} reports an CLOSED replica.
2019-10-24 04:21:13,560 [BlockDeletingService#6] WARN  background.BlockDeletingService (BlockDeletingService.java:isDeletionAllowed(187)) - Close Container log Index 6 is not replicated across allthe servers in the pipeline 9f202be1-23c1-4e96-9103-74cce82b9a43 as the min replicated index is 4. Deletion is not allowed in this container yet.
2019-10-24 04:21:13,560 [BlockDeletingService#2] WARN  background.BlockDeletingService (BlockDeletingService.java:isDeletionAllowed(187)) - Close Container log Index 6 is not replicated across allthe servers in the pipeline 9f202be1-23c1-4e96-9103-74cce82b9a43 as the min replicated index is 4. Deletion is not allowed in this container yet.
2019-10-24 04:21:13,655 [EventQueue-ContainerReportForContainerReportHandler] WARN  container.ContainerReportHandler (AbstractContainerReportHandler.java:updateContainerState(145)) - Container #1 is in OPEN state, but the datanode e3498cd7-eaa3-4a2f-a67e-ea1e9c2005a9{ip: 192.168.69.119, host: pr-hdds-2354-xrwnf-3238337902, networkLocation: /default-rack, certSerialId: null} reports an CLOSED replica.
2019-10-24 04:21:13,668 [EventQueue-ContainerReportForContainerReportHandler] WARN  container.ContainerReportHandler (AbstractContainerReportHandler.java:updateContainerState(145)) - Container #1 is in OPEN state, but the datanode 061ed049-4de7-4292-8db3-b6c544105954{ip: 192.168.69.119, host: pr-hdds-2354-xrwnf-3238337902, networkLocation: /default-rack, certSerialId: null} reports an CLOSED replica.
2019-10-24 04:21:13,869 [EventQueue-ContainerReportForContainerReportHandler] WARN  container.ContainerReportHandler (AbstractContainerReportHandler.java:updateContainerState(145)) - Container #1 is in OPEN state, but the datanode 061ed049-4de7-4292-8db3-b6c544105954{ip: 192.168.69.119, host: pr-hdds-2354-xrwnf-3238337902, networkLocation: /default-rack, certSerialId: null} reports an CLOSED replica.
2019-10-24 04:21:13,957 [EventQueue-ContainerReportForContainerReportHandler] WARN  container.ContainerReportHandler (AbstractContainerReportHandler.java:updateContainerState(145)) - Container #1 is in OPEN state, but the datanode e3498cd7-eaa3-4a2f-a67e-ea1e9c2005a9{ip: 192.168.69.119, host: pr-hdds-2354-xrwnf-3238337902, networkLocation: /default-rack, certSerialId: null} reports an CLOSED replica.
2019-10-24 04:21:14,157 [EventQueue-ContainerReportForContainerReportHandler] WARN  container.ContainerReportHandler (AbstractContainerReportHandler.java:updateContainerState(145)) - Container #1 is in OPEN state, but the datanode e3498cd7-eaa3-4a2f-a67e-ea1e9c2005a9{ip: 192.168.69.119, host: pr-hdds-2354-xrwnf-3238337902, networkLocation: /default-rack, certSerialId: null} reports an CLOSED replica.
2019-10-24 04:21:14,272 [EventQueue-ContainerReportForContainerReportHandler] WARN  container.ContainerReportHandler (AbstractContainerReportHandler.java:updateContainerState(145)) - Container #1 is in OPEN state, but the datanode 061ed049-4de7-4292-8db3-b6c544105954{ip: 192.168.69.119, host: pr-hdds-2354-xrwnf-3238337902, networkLocation: /default-rack, certSerialId: null} reports an CLOSED replica.
2019-10-24 04:21:14,472 [EventQueue-ContainerReportForContainerReportHandler] WARN  container.ContainerReportHandler (AbstractContainerReportHandler.java:updateContainerState(145)) - Container #1 is in OPEN state, but the datanode 061ed049-4de7-4292-8db3-b6c544105954{ip: 192.168.69.119, host: pr-hdds-2354-xrwnf-3238337902, networkLocation: /default-rack, certSerialId: null} reports an CLOSED replica.
2019-10-24 04:21:14,556 [EventQueue-ContainerReportForContainerReportHandler] WARN  container.ContainerReportHandler (AbstractContainerReportHandler.java:updateContainerState(145)) - Container #1 is in OPEN state, but the datanode e3498cd7-eaa3-4a2f-a67e-ea1e9c2005a9{ip: 192.168.69.119, host: pr-hdds-2354-xrwnf-3238337902, networkLocation: /default-rack, certSerialId: null} reports an CLOSED replica.
2019-10-24 04:21:14,561 [BlockDeletingService#6] WARN  background.BlockDeletingService (BlockDeletingService.java:isDeletionAllowed(187)) - Close Container log Index 6 is not replicated across allthe servers in the pipeline 9f202be1-23c1-4e96-9103-74cce82b9a43 as the min replicated index is 4. Deletion is not allowed in this container yet.
2019-10-24 04:21:14,562 [BlockDeletingService#2] WARN  background.BlockDeletingService (BlockDeletingService.java:isDeletionAllowed(187)) - Close Container log Index 6 is not replicated across allthe servers in the pipeline 9f202be1-23c1-4e96-9103-74cce82b9a43 as the min replicated index is 4. Deletion is not allowed in this container yet.
2019-10-24 04:21:14,602 [java.util.concurrent.ThreadPoolExecutor$Worker@4fa1d99e[State = -1, empty queue]] WARN  server.GrpcLogAppender (GrpcLogAppender.java:timeoutAppendRequest(209)) - 061ed049-4de7-4292-8db3-b6c544105954@group-74CCE82B9A43->7770f8c7-01fb-43d9-b34c-02757d82bdbb-GrpcLogAppender: appendEntries Timeout, request=061ed049-4de7-4292-8db3-b6c544105954->7770f8c7-01fb-43d9-b34c-02757d82bdbb#44-t1, previous=(t:1, i:10), leaderCommit=10, initializing? false, entries: <empty>
2019-10-24 04:21:14,671 [EventQueue-ContainerReportForContainerReportHandler] WARN  container.ContainerReportHandler (AbstractContainerReportHandler.java:updateContainerState(145)) - Container #1 is in OPEN state, but the datanode 061ed049-4de7-4292-8db3-b6c544105954{ip: 192.168.69.119, host: pr-hdds-2354-xrwnf-3238337902, networkLocation: /default-rack, certSerialId: null} reports an CLOSED replica.
2019-10-24 04:21:14,856 [EventQueue-ContainerReportForContainerReportHandler] WARN  container.ContainerReportHandler (AbstractContainerReportHandler.java:updateContainerState(145)) - Container #1 is in OPEN state, but the datanode e3498cd7-eaa3-4a2f-a67e-ea1e9c2005a9{ip: 192.168.69.119, host: pr-hdds-2354-xrwnf-3238337902, networkLocation: /default-rack, certSerialId: null} reports an CLOSED replica.
2019-10-24 04:21:14,971 [EventQueue-ContainerReportForContainerReportHandler] WARN  container.ContainerReportHandler (AbstractContainerReportHandler.java:updateContainerState(145)) - Container #1 is in OPEN state, but the datanode 061ed049-4de7-4292-8db3-b6c544105954{ip: 192.168.69.119, host: pr-hdds-2354-xrwnf-3238337902, networkLocation: /default-rack, certSerialId: null} reports an CLOSED replica.
2019-10-24 04:21:15,156 [EventQueue-ContainerReportForContainerReportHandler] WARN  container.ContainerReportHandler (AbstractContainerReportHandler.java:updateContainerState(145)) - Container #1 is in OPEN state, but the datanode e3498cd7-eaa3-4a2f-a67e-ea1e9c2005a9{ip: 192.168.69.119, host: pr-hdds-2354-xrwnf-3238337902, networkLocation: /default-rack, certSerialId: null} reports an CLOSED replica.
2019-10-24 04:21:15,171 [EventQueue-ContainerReportForContainerReportHandler] WARN  container.ContainerReportHandler (AbstractContainerReportHandler.java:updateContainerState(145)) - Container #1 is in OPEN state, but the datanode 061ed049-4de7-4292-8db3-b6c544105954{ip: 192.168.69.119, host: pr-hdds-2354-xrwnf-3238337902, networkLocation: /default-rack, certSerialId: null} reports an CLOSED replica.
2019-10-24 04:21:15,472 [EventQueue-ContainerReportForContainerReportHandler] WARN  container.ContainerReportHandler (AbstractContainerReportHandler.java:updateContainerState(145)) - Container #1 is in OPEN state, but the datanode 061ed049-4de7-4292-8db3-b6c544105954{ip: 192.168.69.119, host: pr-hdds-2354-xrwnf-3238337902, networkLocation: /default-rack, certSerialId: null} reports an CLOSED replica.
2019-10-24 04:21:15,557 [EventQueue-ContainerReportForContainerReportHandler] WARN  container.ContainerReportHandler (AbstractContainerReportHandler.java:updateContainerState(145)) - Container #1 is in OPEN state, but the datanode e3498cd7-eaa3-4a2f-a67e-ea1e9c2005a9{ip: 192.168.69.119, host: pr-hdds-2354-xrwnf-3238337902, networkLocation: /default-rack, certSerialId: null} reports an CLOSED replica.
2019-10-24 04:21:15,563 [BlockDeletingService#7] WARN  background.BlockDeletingService (BlockDeletingService.java:isDeletionAllowed(187)) - Close Container log Index 6 is not replicated across allthe servers in the pipeline 9f202be1-23c1-4e96-9103-74cce82b9a43 as the min replicated index is 4. Deletion is not allowed in this container yet.
2019-10-24 04:21:15,564 [BlockDeletingService#2] WARN  background.BlockDeletingService (BlockDeletingService.java:isDeletionAllowed(187)) - Close Container log Index 6 is not replicated across allthe servers in the pipeline 9f202be1-23c1-4e96-9103-74cce82b9a43 as the min replicated index is 4. Deletion is not allowed in this container yet.
2019-10-24 04:21:15,758 [EventQueue-ContainerReportForContainerReportHandler] WARN  container.ContainerReportHandler (AbstractContainerReportHandler.java:updateContainerState(145)) - Container #1 is in OPEN state, but the datanode e3498cd7-eaa3-4a2f-a67e-ea1e9c2005a9{ip: 192.168.69.119, host: pr-hdds-2354-xrwnf-3238337902, networkLocation: /default-rack, certSerialId: null} reports an CLOSED replica.
2019-10-24 04:21:15,771 [EventQueue-ContainerReportForContainerReportHandler] WARN  container.ContainerReportHandler (AbstractContainerReportHandler.java:updateContainerState(145)) - Container #1 is in OPEN state, but the datanode 061ed049-4de7-4292-8db3-b6c544105954{ip: 192.168.69.119, host: pr-hdds-2354-xrwnf-3238337902, networkLocation: /default-rack, certSerialId: null} reports an CLOSED replica.
2019-10-24 04:21:15,971 [EventQueue-ContainerReportForContainerReportHandler] WARN  container.ContainerReportHandler (AbstractContainerReportHandler.java:updateContainerState(145)) - Container #1 is in OPEN state, but the datanode 061ed049-4de7-4292-8db3-b6c544105954{ip: 192.168.69.119, host: pr-hdds-2354-xrwnf-3238337902, networkLocation: /default-rack, certSerialId: null} reports an CLOSED replica.
2019-10-24 04:21:16,158 [EventQueue-ContainerReportForContainerReportHandler] WARN  container.ContainerReportHandler (AbstractContainerReportHandler.java:updateContainerState(145)) - Container #1 is in OPEN state, but the datanode e3498cd7-eaa3-4a2f-a67e-ea1e9c2005a9{ip: 192.168.69.119, host: pr-hdds-2354-xrwnf-3238337902, networkLocation: /default-rack, certSerialId: null} reports an CLOSED replica.
2019-10-24 04:21:16,271 [EventQueue-ContainerReportForContainerReportHandler] WARN  container.ContainerReportHandler (AbstractContainerReportHandler.java:updateContainerState(145)) - Container #1 is in OPEN state, but the datanode 061ed049-4de7-4292-8db3-b6c544105954{ip: 192.168.69.119, host: pr-hdds-2354-xrwnf-3238337902, networkLocation: /default-rack, certSerialId: null} reports an CLOSED replica.
2019-10-24 04:21:16,458 [EventQueue-ContainerReportForContainerReportHandler] WARN  container.ContainerReportHandler (AbstractContainerReportHandler.java:updateContainerState(145)) - Container #1 is in OPEN state, but the datanode e3498cd7-eaa3-4a2f-a67e-ea1e9c2005a9{ip: 192.168.69.119, host: pr-hdds-2354-xrwnf-3238337902, networkLocation: /default-rack, certSerialId: null} reports an CLOSED replica.
2019-10-24 04:21:16,565 [BlockDeletingService#7] WARN  background.BlockDeletingService (BlockDeletingService.java:isDeletionAllowed(187)) - Close Container log Index 6 is not replicated across allthe servers in the pipeline 9f202be1-23c1-4e96-9103-74cce82b9a43 as the min replicated index is 4. Deletion is not allowed in this container yet.
2019-10-24 04:21:16,565 [BlockDeletingService#2] WARN  background.BlockDeletingService (BlockDeletingService.java:isDeletionAllowed(187)) - Close Container log Index 6 is not replicated across allthe servers in the pipeline 9f202be1-23c1-4e96-9103-74cce82b9a43 as the min replicated index is 4. Deletion is not allowed in this container yet.
2019-10-24 04:21:16,571 [EventQueue-ContainerReportForContainerReportHandler] WARN  container.ContainerReportHandler (AbstractContainerReportHandler.java:updateContainerState(145)) - Container #1 is in OPEN state, but the datanode 061ed049-4de7-4292-8db3-b6c544105954{ip: 192.168.69.119, host: pr-hdds-2354-xrwnf-3238337902, networkLocation: /default-rack, certSerialId: null} reports an CLOSED replica.
2019-10-24 04:21:16,658 [EventQueue-ContainerReportForContainerReportHandler] WARN  container.ContainerReportHandler (AbstractContainerReportHandler.java:updateContainerState(145)) - Container #1 is in OPEN state, but the datanode e3498cd7-eaa3-4a2f-a67e-ea1e9c2005a9{ip: 192.168.69.119, host: pr-hdds-2354-xrwnf-3238337902, networkLocation: /default-rack, certSerialId: null} reports an CLOSED replica.
2019-10-24 04:21:16,871 [EventQueue-ContainerReportForContainerReportHandler] WARN  container.ContainerReportHandler (AbstractContainerReportHandler.java:updateContainerState(145)) - Container #1 is in OPEN state, but the datanode 061ed049-4de7-4292-8db3-b6c544105954{ip: 192.168.69.119, host: pr-hdds-2354-xrwnf-3238337902, networkLocation: /default-rack, certSerialId: null} reports an CLOSED replica.
2019-10-24 04:21:16,960 [EventQueue-ContainerReportForContainerReportHandler] WARN  container.ContainerReportHandler (AbstractContainerReportHandler.java:updateContainerState(145)) - Container #1 is in OPEN state, but the datanode e3498cd7-eaa3-4a2f-a67e-ea1e9c2005a9{ip: 192.168.69.119, host: pr-hdds-2354-xrwnf-3238337902, networkLocation: /default-rack, certSerialId: null} reports an CLOSED replica.
2019-10-24 04:21:17,104 [java.util.concurrent.ThreadPoolExecutor$Worker@4fa1d99e[State = -1, empty queue]] WARN  server.GrpcLogAppender (GrpcLogAppender.java:timeoutAppendRequest(209)) - 061ed049-4de7-4292-8db3-b6c544105954@group-74CCE82B9A43->7770f8c7-01fb-43d9-b34c-02757d82bdbb-GrpcLogAppender: appendEntries Timeout, request=061ed049-4de7-4292-8db3-b6c544105954->7770f8c7-01fb-43d9-b34c-02757d82bdbb#45-t1, previous=(t:1, i:10), leaderCommit=10, initializing? false, entries: <empty>
2019-10-24 04:21:17,171 [EventQueue-ContainerReportForContainerReportHandler] WARN  container.ContainerReportHandler (AbstractContainerReportHandler.java:updateContainerState(145)) - Container #1 is in OPEN state, but the datanode 061ed049-4de7-4292-8db3-b6c544105954{ip: 192.168.69.119, host: pr-hdds-2354-xrwnf-3238337902, networkLocation: /default-rack, certSerialId: null} reports an CLOSED replica.
2019-10-24 04:21:17,361 [EventQueue-ContainerReportForContainerReportHandler] WARN  container.ContainerReportHandler (AbstractContainerReportHandler.java:updateContainerState(145)) - Container #1 is in OPEN state, but the datanode e3498cd7-eaa3-4a2f-a67e-ea1e9c2005a9{ip: 192.168.69.119, host: pr-hdds-2354-xrwnf-3238337902, networkLocation: /default-rack, certSerialId: null} reports an CLOSED replica.
2019-10-24 04:21:17,473 [EventQueue-ContainerReportForContainerReportHandler] WARN  container.ContainerReportHandler (AbstractContainerReportHandler.java:updateContainerState(145)) - Container #1 is in OPEN state, but the datanode 061ed049-4de7-4292-8db3-b6c544105954{ip: 192.168.69.119, host: pr-hdds-2354-xrwnf-3238337902, networkLocation: /default-rack, certSerialId: null} reports an CLOSED replica.
2019-10-24 04:21:17,566 [BlockDeletingService#2] WARN  background.BlockDeletingService (BlockDeletingService.java:isDeletionAllowed(187)) - Close Container log Index 6 is not replicated across allthe servers in the pipeline 9f202be1-23c1-4e96-9103-74cce82b9a43 as the min replicated index is 4. Deletion is not allowed in this container yet.
2019-10-24 04:21:17,566 [BlockDeletingService#7] WARN  background.BlockDeletingService (BlockDeletingService.java:isDeletionAllowed(187)) - Close Container log Index 6 is not replicated across allthe servers in the pipeline 9f202be1-23c1-4e96-9103-74cce82b9a43 as the min replicated index is 4. Deletion is not allowed in this container yet.
2019-10-24 04:21:17,761 [EventQueue-ContainerReportForContainerReportHandler] WARN  container.ContainerReportHandler (AbstractContainerReportHandler.java:updateContainerState(145)) - Container #1 is in OPEN state, but the datanode e3498cd7-eaa3-4a2f-a67e-ea1e9c2005a9{ip: 192.168.69.119, host: pr-hdds-2354-xrwnf-3238337902, networkLocation: /default-rack, certSerialId: null} reports an CLOSED replica.
2019-10-24 04:21:17,774 [EventQueue-ContainerReportForContainerReportHandler] WARN  container.ContainerReportHandler (AbstractContainerReportHandler.java:updateContainerState(145)) - Container #1 is in OPEN state, but the datanode 061ed049-4de7-4292-8db3-b6c544105954{ip: 192.168.69.119, host: pr-hdds-2354-xrwnf-3238337902, networkLocation: /default-rack, certSerialId: null} reports an CLOSED replica.
2019-10-24 04:21:17,961 [EventQueue-ContainerReportForContainerReportHandler] WARN  container.ContainerReportHandler (AbstractContainerReportHandler.java:updateContainerState(145)) - Container #1 is in OPEN state, but the datanode e3498cd7-eaa3-4a2f-a67e-ea1e9c2005a9{ip: 192.168.69.119, host: pr-hdds-2354-xrwnf-3238337902, networkLocation: /default-rack, certSerialId: null} reports an CLOSED replica.
2019-10-24 04:21:17,974 [EventQueue-ContainerReportForContainerReportHandler] WARN  container.ContainerReportHandler (AbstractContainerReportHandler.java:updateContainerState(145)) - Container #1 is in OPEN state, but the datanode 061ed049-4de7-4292-8db3-b6c544105954{ip: 192.168.69.119, host: pr-hdds-2354-xrwnf-3238337902, networkLocation: /default-rack, certSerialId: null} reports an CLOSED replica.
2019-10-24 04:21:18,261 [EventQueue-ContainerReportForContainerReportHandler] WARN  container.ContainerReportHandler (AbstractContainerReportHandler.java:updateContainerState(145)) - Container #1 is in OPEN state, but the datanode e3498cd7-eaa3-4a2f-a67e-ea1e9c2005a9{ip: 192.168.69.119, host: pr-hdds-2354-xrwnf-3238337902, networkLocation: /default-rack, certSerialId: null} reports an CLOSED replica.
2019-10-24 04:21:18,374 [EventQueue-ContainerReportForContainerReportHandler] WARN  container.ContainerReportHandler (AbstractContainerReportHandler.java:updateContainerState(145)) - Container #1 is in OPEN state, but the datanode 061ed049-4de7-4292-8db3-b6c544105954{ip: 192.168.69.119, host: pr-hdds-2354-xrwnf-3238337902, networkLocation: /default-rack, certSerialId: null} reports an CLOSED replica.
2019-10-24 04:21:18,568 [BlockDeletingService#2] WARN  background.BlockDeletingService (BlockDeletingService.java:isDeletionAllowed(187)) - Close Container log Index 6 is not replicated across allthe servers in the pipeline 9f202be1-23c1-4e96-9103-74cce82b9a43 as the min replicated index is 4. Deletion is not allowed in this container yet.
2019-10-24 04:21:18,568 [BlockDeletingService#7] WARN  background.BlockDeletingService (BlockDeletingService.java:isDeletionAllowed(187)) - Close Container log Index 6 is not replicated across allthe servers in the pipeline 9f202be1-23c1-4e96-9103-74cce82b9a43 as the min replicated index is 4. Deletion is not allowed in this container yet.
2019-10-24 04:21:18,664 [EventQueue-ContainerReportForContainerReportHandler] WARN  container.ContainerReportHandler (AbstractContainerReportHandler.java:updateContainerState(145)) - Container #1 is in OPEN state, but the datanode e3498cd7-eaa3-4a2f-a67e-ea1e9c2005a9{ip: 192.168.69.119, host: pr-hdds-2354-xrwnf-3238337902, networkLocation: /default-rack, certSerialId: null} reports an CLOSED replica.
2019-10-24 04:21:18,776 [EventQueue-ContainerReportForContainerReportHandler] WARN  container.ContainerReportHandler (AbstractContainerReportHandler.java:updateContainerState(145)) - Container #1 is in OPEN state, but the datanode 061ed049-4de7-4292-8db3-b6c544105954{ip: 192.168.69.119, host: pr-hdds-2354-xrwnf-3238337902, networkLocation: /default-rack, certSerialId: null} reports an CLOSED replica.
2019-10-24 04:21:18,966 [EventQueue-ContainerReportForContainerReportHandler] WARN  container.ContainerReportHandler (AbstractContainerReportHandler.java:updateContainerState(145)) - Container #1 is in OPEN state, but the datanode e3498cd7-eaa3-4a2f-a67e-ea1e9c2005a9{ip: 192.168.69.119, host: pr-hdds-2354-xrwnf-3238337902, networkLocation: /default-rack, certSerialId: null} reports an CLOSED replica.
2019-10-24 04:21:18,977 [EventQueue-ContainerReportForContainerReportHandler] WARN  container.ContainerReportHandler (AbstractContainerReportHandler.java:updateContainerState(145)) - Container #1 is in OPEN state, but the datanode 061ed049-4de7-4292-8db3-b6c544105954{ip: 192.168.69.119, host: pr-hdds-2354-xrwnf-3238337902, networkLocation: /default-rack, certSerialId: null} reports an CLOSED replica.
2019-10-24 04:21:19,266 [EventQueue-ContainerReportForContainerReportHandler] WARN  container.ContainerReportHandler (AbstractContainerReportHandler.java:updateContainerState(145)) - Container #1 is in OPEN state, but the datanode e3498cd7-eaa3-4a2f-a67e-ea1e9c2005a9{ip: 192.168.69.119, host: pr-hdds-2354-xrwnf-3238337902, networkLocation: /default-rack, certSerialId: null} reports an CLOSED replica.
2019-10-24 04:21:19,277 [EventQueue-ContainerReportForContainerReportHandler] WARN  container.ContainerReportHandler (AbstractContainerReportHandler.java:updateContainerState(145)) - Container #1 is in OPEN state, but the datanode 061ed049-4de7-4292-8db3-b6c544105954{ip: 192.168.69.119, host: pr-hdds-2354-xrwnf-3238337902, networkLocation: /default-rack, certSerialId: null} reports an CLOSED replica.
2019-10-24 04:21:19,477 [EventQueue-ContainerReportForContainerReportHandler] WARN  container.ContainerReportHandler (AbstractContainerReportHandler.java:updateContainerState(145)) - Container #1 is in OPEN state, but the datanode 061ed049-4de7-4292-8db3-b6c544105954{ip: 192.168.69.119, host: pr-hdds-2354-xrwnf-3238337902, networkLocation: /default-rack, certSerialId: null} reports an CLOSED replica.
2019-10-24 04:21:19,568 [EventQueue-ContainerReportForContainerReportHandler] WARN  container.ContainerReportHandler (AbstractContainerReportHandler.java:updateContainerState(145)) - Container #1 is in OPEN state, but the datanode e3498cd7-eaa3-4a2f-a67e-ea1e9c2005a9{ip: 192.168.69.119, host: pr-hdds-2354-xrwnf-3238337902, networkLocation: /default-rack, certSerialId: null} reports an CLOSED replica.
2019-10-24 04:21:19,569 [BlockDeletingService#2] WARN  background.BlockDeletingService (BlockDeletingService.java:isDeletionAllowed(187)) - Close Container log Index 6 is not replicated across allthe servers in the pipeline 9f202be1-23c1-4e96-9103-74cce82b9a43 as the min replicated index is 4. Deletion is not allowed in this container yet.
2019-10-24 04:21:19,569 [BlockDeletingService#7] WARN  background.BlockDeletingService (BlockDeletingService.java:isDeletionAllowed(187)) - Close Container log Index 6 is not replicated across allthe servers in the pipeline 9f202be1-23c1-4e96-9103-74cce82b9a43 as the min replicated index is 4. Deletion is not allowed in this container yet.
2019-10-24 04:21:19,605 [java.util.concurrent.ThreadPoolExecutor$Worker@4fa1d99e[State = -1, empty queue]] WARN  server.GrpcLogAppender (GrpcLogAppender.java:timeoutAppendRequest(209)) - 061ed049-4de7-4292-8db3-b6c544105954@group-74CCE82B9A43->7770f8c7-01fb-43d9-b34c-02757d82bdbb-GrpcLogAppender: appendEntries Timeout, request=061ed049-4de7-4292-8db3-b6c544105954->7770f8c7-01fb-43d9-b34c-02757d82bdbb#46-t1, previous=(t:1, i:10), leaderCommit=10, initializing? false, entries: <empty>
2019-10-24 04:21:19,768 [EventQueue-ContainerReportForContainerReportHandler] WARN  container.ContainerReportHandler (AbstractContainerReportHandler.java:updateContainerState(145)) - Container #1 is in OPEN state, but the datanode e3498cd7-eaa3-4a2f-a67e-ea1e9c2005a9{ip: 192.168.69.119, host: pr-hdds-2354-xrwnf-3238337902, networkLocation: /default-rack, certSerialId: null} reports an CLOSED replica.
2019-10-24 04:21:19,777 [EventQueue-ContainerReportForContainerReportHandler] WARN  container.ContainerReportHandler (AbstractContainerReportHandler.java:updateContainerState(145)) - Container #1 is in OPEN state, but the datanode 061ed049-4de7-4292-8db3-b6c544105954{ip: 192.168.69.119, host: pr-hdds-2354-xrwnf-3238337902, networkLocation: /default-rack, certSerialId: null} reports an CLOSED replica.
2019-10-24 04:21:19,968 [EventQueue-ContainerReportForContainerReportHandler] WARN  container.ContainerReportHandler (AbstractContainerReportHandler.java:updateContainerState(145)) - Container #1 is in OPEN state, but the datanode e3498cd7-eaa3-4a2f-a67e-ea1e9c2005a9{ip: 192.168.69.119, host: pr-hdds-2354-xrwnf-3238337902, networkLocation: /default-rack, certSerialId: null} reports an CLOSED replica.
2019-10-24 04:21:20,077 [EventQueue-ContainerReportForContainerReportHandler] WARN  container.ContainerReportHandler (AbstractContainerReportHandler.java:updateContainerState(145)) - Container #1 is in OPEN state, but the datanode 061ed049-4de7-4292-8db3-b6c544105954{ip: 192.168.69.119, host: pr-hdds-2354-xrwnf-3238337902, networkLocation: /default-rack, certSerialId: null} reports an CLOSED replica.
2019-10-24 04:21:20,269 [EventQueue-ContainerReportForContainerReportHandler] WARN  container.ContainerReportHandler (AbstractContainerReportHandler.java:updateContainerState(145)) - Container #1 is in OPEN state, but the datanode e3498cd7-eaa3-4a2f-a67e-ea1e9c2005a9{ip: 192.168.69.119, host: pr-hdds-2354-xrwnf-3238337902, networkLocation: /default-rack, certSerialId: null} reports an CLOSED replica.
2019-10-24 04:21:20,277 [EventQueue-ContainerReportForContainerReportHandler] WARN  container.ContainerReportHandler (AbstractContainerReportHandler.java:updateContainerState(145)) - Container #1 is in OPEN state, but the datanode 061ed049-4de7-4292-8db3-b6c544105954{ip: 192.168.69.119, host: pr-hdds-2354-xrwnf-3238337902, networkLocation: /default-rack, certSerialId: null} reports an CLOSED replica.
2019-10-24 04:21:20,569 [EventQueue-ContainerReportForContainerReportHandler] WARN  container.ContainerReportHandler (AbstractContainerReportHandler.java:updateContainerState(145)) - Container #1 is in OPEN state, but the datanode e3498cd7-eaa3-4a2f-a67e-ea1e9c2005a9{ip: 192.168.69.119, host: pr-hdds-2354-xrwnf-3238337902, networkLocation: /default-rack, certSerialId: null} reports an CLOSED replica.
2019-10-24 04:21:20,570 [BlockDeletingService#7] WARN  background.BlockDeletingService (BlockDeletingService.java:isDeletionAllowed(187)) - Close Container log Index 6 is not replicated across allthe servers in the pipeline 9f202be1-23c1-4e96-9103-74cce82b9a43 as the min replicated index is 4. Deletion is not allowed in this container yet.
2019-10-24 04:21:20,570 [BlockDeletingService#2] WARN  background.BlockDeletingService (BlockDeletingService.java:isDeletionAllowed(187)) - Close Container log Index 6 is not replicated across allthe servers in the pipeline 9f202be1-23c1-4e96-9103-74cce82b9a43 as the min replicated index is 4. Deletion is not allowed in this container yet.
2019-10-24 04:21:20,578 [EventQueue-ContainerReportForContainerReportHandler] WARN  container.ContainerReportHandler (AbstractContainerReportHandler.java:updateContainerState(145)) - Container #1 is in OPEN state, but the datanode 061ed049-4de7-4292-8db3-b6c544105954{ip: 192.168.69.119, host: pr-hdds-2354-xrwnf-3238337902, networkLocation: /default-rack, certSerialId: null} reports an CLOSED replica.
2019-10-24 04:21:20,869 [EventQueue-ContainerReportForContainerReportHandler] WARN  container.ContainerReportHandler (AbstractContainerReportHandler.java:updateContainerState(145)) - Container #1 is in OPEN state, but the datanode e3498cd7-eaa3-4a2f-a67e-ea1e9c2005a9{ip: 192.168.69.119, host: pr-hdds-2354-xrwnf-3238337902, networkLocation: /default-rack, certSerialId: null} reports an CLOSED replica.
2019-10-24 04:21:20,884 [Thread-499] INFO  client.GrpcClientProtocolService (GrpcClientProtocolService.java:lambda$processClientRequest$0(279)) - Failed RaftClientRequest:client-AD324743EAE9->061ed049-4de7-4292-8db3-b6c544105954@group-74CCE82B9A43, cid=10, seq=0, Watch-ALL_COMMITTED(6), Message:<EMPTY>, reply=RaftClientReply:client-AD324743EAE9->061ed049-4de7-4292-8db3-b6c544105954@group-74CCE82B9A43, cid=10, FAILED org.apache.ratis.protocol.NotReplicatedException: Request with call Id 10 and log index 6 is not yet replicated to ALL_COMMITTED, logIndex=6, commits[061ed049-4de7-4292-8db3-b6c544105954:c10, 7770f8c7-01fb-43d9-b34c-02757d82bdbb:c4, e3498cd7-eaa3-4a2f-a67e-ea1e9c2005a9:c10]
2019-10-24 04:21:20,978 [EventQueue-ContainerReportForContainerReportHandler] WARN  container.ContainerReportHandler (AbstractContainerReportHandler.java:updateContainerState(145)) - Container #1 is in OPEN state, but the datanode 061ed049-4de7-4292-8db3-b6c544105954{ip: 192.168.69.119, host: pr-hdds-2354-xrwnf-3238337902, networkLocation: /default-rack, certSerialId: null} reports an CLOSED replica.
2019-10-24 04:21:21,069 [EventQueue-ContainerReportForContainerReportHandler] WARN  container.ContainerReportHandler (AbstractContainerReportHandler.java:updateContainerState(145)) - Container #1 is in OPEN state, but the datanode e3498cd7-eaa3-4a2f-a67e-ea1e9c2005a9{ip: 192.168.69.119, host: pr-hdds-2354-xrwnf-3238337902, networkLocation: /default-rack, certSerialId: null} reports an CLOSED replica.
2019-10-24 04:21:21,271 [EventQueue-ContainerReportForContainerReportHandler] WARN  container.ContainerReportHandler (AbstractContainerReportHandler.java:updateContainerState(145)) - Container #1 is in OPEN state, but the datanode e3498cd7-eaa3-4a2f-a67e-ea1e9c2005a9{ip: 192.168.69.119, host: pr-hdds-2354-xrwnf-3238337902, networkLocation: /default-rack, certSerialId: null} reports an CLOSED replica.
2019-10-24 04:21:21,378 [EventQueue-ContainerReportForContainerReportHandler] WARN  container.ContainerReportHandler (AbstractContainerReportHandler.java:updateContainerState(145)) - Container #1 is in OPEN state, but the datanode 061ed049-4de7-4292-8db3-b6c544105954{ip: 192.168.69.119, host: pr-hdds-2354-xrwnf-3238337902, networkLocation: /default-rack, certSerialId: null} reports an CLOSED replica.
2019-10-24 04:21:21,570 [EventQueue-ContainerReportForContainerReportHandler] WARN  container.ContainerReportHandler (AbstractContainerReportHandler.java:updateContainerState(145)) - Container #1 is in OPEN state, but the datanode e3498cd7-eaa3-4a2f-a67e-ea1e9c2005a9{ip: 192.168.69.119, host: pr-hdds-2354-xrwnf-3238337902, networkLocation: /default-rack, certSerialId: null} reports an CLOSED replica.
2019-10-24 04:21:21,571 [BlockDeletingService#7] WARN  background.BlockDeletingService (BlockDeletingService.java:isDeletionAllowed(187)) - Close Container log Index 6 is not replicated across allthe servers in the pipeline 9f202be1-23c1-4e96-9103-74cce82b9a43 as the min replicated index is 4. Deletion is not allowed in this container yet.
2019-10-24 04:21:21,571 [BlockDeletingService#2] WARN  background.BlockDeletingService (BlockDeletingService.java:isDeletionAllowed(187)) - Close Container log Index 6 is not replicated across allthe servers in the pipeline 9f202be1-23c1-4e96-9103-74cce82b9a43 as the min replicated index is 4. Deletion is not allowed in this container yet.
2019-10-24 04:21:21,579 [EventQueue-ContainerReportForContainerReportHandler] WARN  container.ContainerReportHandler (AbstractContainerReportHandler.java:updateContainerState(145)) - Container #1 is in OPEN state, but the datanode 061ed049-4de7-4292-8db3-b6c544105954{ip: 192.168.69.119, host: pr-hdds-2354-xrwnf-3238337902, networkLocation: /default-rack, certSerialId: null} reports an CLOSED replica.
2019-10-24 04:21:21,780 [EventQueue-ContainerReportForContainerReportHandler] WARN  container.ContainerReportHandler (AbstractContainerReportHandler.java:updateContainerState(145)) - Container #1 is in OPEN state, but the datanode 061ed049-4de7-4292-8db3-b6c544105954{ip: 192.168.69.119, host: pr-hdds-2354-xrwnf-3238337902, networkLocation: /default-rack, certSerialId: null} reports an CLOSED replica.
2019-10-24 04:21:21,870 [EventQueue-ContainerReportForContainerReportHandler] WARN  container.ContainerReportHandler (AbstractContainerReportHandler.java:updateContainerState(145)) - Container #1 is in OPEN state, but the datanode e3498cd7-eaa3-4a2f-a67e-ea1e9c2005a9{ip: 192.168.69.119, host: pr-hdds-2354-xrwnf-3238337902, networkLocation: /default-rack, certSerialId: null} reports an CLOSED replica.
2019-10-24 04:21:21,980 [EventQueue-ContainerReportForContainerReportHandler] WARN  container.ContainerReportHandler (AbstractContainerReportHandler.java:updateContainerState(145)) - Container #1 is in OPEN state, but the datanode 061ed049-4de7-4292-8db3-b6c544105954{ip: 192.168.69.119, host: pr-hdds-2354-xrwnf-3238337902, networkLocation: /default-rack, certSerialId: null} reports an CLOSED replica.
2019-10-24 04:21:22,105 [java.util.concurrent.ThreadPoolExecutor$Worker@4fa1d99e[State = -1, empty queue]] WARN  server.GrpcLogAppender (GrpcLogAppender.java:timeoutAppendRequest(209)) - 061ed049-4de7-4292-8db3-b6c544105954@group-74CCE82B9A43->7770f8c7-01fb-43d9-b34c-02757d82bdbb-GrpcLogAppender: appendEntries Timeout, request=061ed049-4de7-4292-8db3-b6c544105954->7770f8c7-01fb-43d9-b34c-02757d82bdbb#47-t1, previous=(t:1, i:10), leaderCommit=10, initializing? false, entries: <empty>
2019-10-24 04:21:22,270 [EventQueue-ContainerReportForContainerReportHandler] WARN  container.ContainerReportHandler (AbstractContainerReportHandler.java:updateContainerState(145)) - Container #1 is in OPEN state, but the datanode e3498cd7-eaa3-4a2f-a67e-ea1e9c2005a9{ip: 192.168.69.119, host: pr-hdds-2354-xrwnf-3238337902, networkLocation: /default-rack, certSerialId: null} reports an CLOSED replica.
2019-10-24 04:21:22,380 [EventQueue-ContainerReportForContainerReportHandler] WARN  container.ContainerReportHandler (AbstractContainerReportHandler.java:updateContainerState(145)) - Container #1 is in OPEN state, but the datanode 061ed049-4de7-4292-8db3-b6c544105954{ip: 192.168.69.119, host: pr-hdds-2354-xrwnf-3238337902, networkLocation: /default-rack, certSerialId: null} reports an CLOSED replica.
2019-10-24 04:21:22,570 [EventQueue-ContainerReportForContainerReportHandler] WARN  container.ContainerReportHandler (AbstractContainerReportHandler.java:updateContainerState(145)) - Container #1 is in OPEN state, but the datanode e3498cd7-eaa3-4a2f-a67e-ea1e9c2005a9{ip: 192.168.69.119, host: pr-hdds-2354-xrwnf-3238337902, networkLocation: /default-rack, certSerialId: null} reports an CLOSED replica.
2019-10-24 04:21:22,574 [BlockDeletingService#7] WARN  background.BlockDeletingService (BlockDeletingService.java:isDeletionAllowed(187)) - Close Container log Index 6 is not replicated across allthe servers in the pipeline 9f202be1-23c1-4e96-9103-74cce82b9a43 as the min replicated index is 4. Deletion is not allowed in this container yet.
2019-10-24 04:21:22,574 [BlockDeletingService#2] WARN  background.BlockDeletingService (BlockDeletingService.java:isDeletionAllowed(187)) - Close Container log Index 6 is not replicated across allthe servers in the pipeline 9f202be1-23c1-4e96-9103-74cce82b9a43 as the min replicated index is 4. Deletion is not allowed in this container yet.
2019-10-24 04:21:22,780 [EventQueue-ContainerReportForContainerReportHandler] WARN  container.ContainerReportHandler (AbstractContainerReportHandler.java:updateContainerState(145)) - Container #1 is in OPEN state, but the datanode 061ed049-4de7-4292-8db3-b6c544105954{ip: 192.168.69.119, host: pr-hdds-2354-xrwnf-3238337902, networkLocation: /default-rack, certSerialId: null} reports an CLOSED replica.
2019-10-24 04:21:22,971 [EventQueue-ContainerReportForContainerReportHandler] WARN  container.ContainerReportHandler (AbstractContainerReportHandler.java:updateContainerState(145)) - Container #1 is in OPEN state, but the datanode e3498cd7-eaa3-4a2f-a67e-ea1e9c2005a9{ip: 192.168.69.119, host: pr-hdds-2354-xrwnf-3238337902, networkLocation: /default-rack, certSerialId: null} reports an CLOSED replica.
2019-10-24 04:21:23,081 [EventQueue-ContainerReportForContainerReportHandler] WARN  container.ContainerReportHandler (AbstractContainerReportHandler.java:updateContainerState(145)) - Container #1 is in OPEN state, but the datanode 061ed049-4de7-4292-8db3-b6c544105954{ip: 192.168.69.119, host: pr-hdds-2354-xrwnf-3238337902, networkLocation: /default-rack, certSerialId: null} reports an CLOSED replica.
2019-10-24 04:21:23,272 [EventQueue-ContainerReportForContainerReportHandler] WARN  container.ContainerReportHandler (AbstractContainerReportHandler.java:updateContainerState(145)) - Container #1 is in OPEN state, but the datanode e3498cd7-eaa3-4a2f-a67e-ea1e9c2005a9{ip: 192.168.69.119, host: pr-hdds-2354-xrwnf-3238337902, networkLocation: /default-rack, certSerialId: null} reports an CLOSED replica.
2019-10-24 04:21:23,381 [EventQueue-ContainerReportForContainerReportHandler] WARN  container.ContainerReportHandler (AbstractContainerReportHandler.java:updateContainerState(145)) - Container #1 is in OPEN state, but the datanode 061ed049-4de7-4292-8db3-b6c544105954{ip: 192.168.69.119, host: pr-hdds-2354-xrwnf-3238337902, networkLocation: /default-rack, certSerialId: null} reports an CLOSED replica.
2019-10-24 04:21:23,576 [BlockDeletingService#7] WARN  background.BlockDeletingService (BlockDeletingService.java:isDeletionAllowed(187)) - Close Container log Index 6 is not replicated across allthe servers in the pipeline 9f202be1-23c1-4e96-9103-74cce82b9a43 as the min replicated index is 4. Deletion is not allowed in this container yet.
2019-10-24 04:21:23,576 [BlockDeletingService#2] WARN  background.BlockDeletingService (BlockDeletingService.java:isDeletionAllowed(187)) - Close Container log Index 6 is not replicated across allthe servers in the pipeline 9f202be1-23c1-4e96-9103-74cce82b9a43 as the min replicated index is 4. Deletion is not allowed in this container yet.
2019-10-24 04:21:23,673 [EventQueue-ContainerReportForContainerReportHandler] WARN  container.ContainerReportHandler (AbstractContainerReportHandler.java:updateContainerState(145)) - Container #1 is in OPEN state, but the datanode e3498cd7-eaa3-4a2f-a67e-ea1e9c2005a9{ip: 192.168.69.119, host: pr-hdds-2354-xrwnf-3238337902, networkLocation: /default-rack, certSerialId: null} reports an CLOSED replica.
2019-10-24 04:21:23,681 [EventQueue-ContainerReportForContainerReportHandler] WARN  container.ContainerReportHandler (AbstractContainerReportHandler.java:updateContainerState(145)) - Container #1 is in OPEN state, but the datanode 061ed049-4de7-4292-8db3-b6c544105954{ip: 192.168.69.119, host: pr-hdds-2354-xrwnf-3238337902, networkLocation: /default-rack, certSerialId: null} reports an CLOSED replica.
2019-10-24 04:21:23,973 [EventQueue-ContainerReportForContainerReportHandler] WARN  container.ContainerReportHandler (AbstractContainerReportHandler.java:updateContainerState(145)) - Container #1 is in OPEN state, but the datanode e3498cd7-eaa3-4a2f-a67e-ea1e9c2005a9{ip: 192.168.69.119, host: pr-hdds-2354-xrwnf-3238337902, networkLocation: /default-rack, certSerialId: null} reports an CLOSED replica.
2019-10-24 04:21:23,982 [EventQueue-ContainerReportForContainerReportHandler] WARN  container.ContainerReportHandler (AbstractContainerReportHandler.java:updateContainerState(145)) - Container #1 is in OPEN state, but the datanode 061ed049-4de7-4292-8db3-b6c544105954{ip: 192.168.69.119, host: pr-hdds-2354-xrwnf-3238337902, networkLocation: /default-rack, certSerialId: null} reports an CLOSED replica.
2019-10-24 04:21:24,374 [EventQueue-ContainerReportForContainerReportHandler] WARN  container.ContainerReportHandler (AbstractContainerReportHandler.java:updateContainerState(145)) - Container #1 is in OPEN state, but the datanode e3498cd7-eaa3-4a2f-a67e-ea1e9c2005a9{ip: 192.168.69.119, host: pr-hdds-2354-xrwnf-3238337902, networkLocation: /default-rack, certSerialId: null} reports an CLOSED replica.
2019-10-24 04:21:24,383 [EventQueue-ContainerReportForContainerReportHandler] WARN  container.ContainerReportHandler (AbstractContainerReportHandler.java:updateContainerState(145)) - Container #1 is in OPEN state, but the datanode 061ed049-4de7-4292-8db3-b6c544105954{ip: 192.168.69.119, host: pr-hdds-2354-xrwnf-3238337902, networkLocation: /default-rack, certSerialId: null} reports an CLOSED replica.
2019-10-24 04:21:24,577 [BlockDeletingService#2] WARN  background.BlockDeletingService (BlockDeletingService.java:isDeletionAllowed(187)) - Close Container log Index 6 is not replicated across allthe servers in the pipeline 9f202be1-23c1-4e96-9103-74cce82b9a43 as the min replicated index is 4. Deletion is not allowed in this container yet.
2019-10-24 04:21:24,577 [BlockDeletingService#7] WARN  background.BlockDeletingService (BlockDeletingService.java:isDeletionAllowed(187)) - Close Container log Index 6 is not replicated across allthe servers in the pipeline 9f202be1-23c1-4e96-9103-74cce82b9a43 as the min replicated index is 4. Deletion is not allowed in this container yet.
2019-10-24 04:21:24,606 [java.util.concurrent.ThreadPoolExecutor$Worker@4fa1d99e[State = -1, empty queue]] WARN  server.GrpcLogAppender (GrpcLogAppender.java:timeoutAppendRequest(209)) - 061ed049-4de7-4292-8db3-b6c544105954@group-74CCE82B9A43->7770f8c7-01fb-43d9-b34c-02757d82bdbb-GrpcLogAppender: appendEntries Timeout, request=061ed049-4de7-4292-8db3-b6c544105954->7770f8c7-01fb-43d9-b34c-02757d82bdbb#48-t1, previous=(t:1, i:10), leaderCommit=10, initializing? false, entries: <empty>
2019-10-24 04:21:24,674 [EventQueue-ContainerReportForContainerReportHandler] WARN  container.ContainerReportHandler (AbstractContainerReportHandler.java:updateContainerState(145)) - Container #1 is in OPEN state, but the datanode e3498cd7-eaa3-4a2f-a67e-ea1e9c2005a9{ip: 192.168.69.119, host: pr-hdds-2354-xrwnf-3238337902, networkLocation: /default-rack, certSerialId: null} reports an CLOSED replica.
2019-10-24 04:21:24,783 [EventQueue-ContainerReportForContainerReportHandler] WARN  container.ContainerReportHandler (AbstractContainerReportHandler.java:updateContainerState(145)) - Container #1 is in OPEN state, but the datanode 061ed049-4de7-4292-8db3-b6c544105954{ip: 192.168.69.119, host: pr-hdds-2354-xrwnf-3238337902, networkLocation: /default-rack, certSerialId: null} reports an CLOSED replica.
2019-10-24 04:21:25,074 [EventQueue-ContainerReportForContainerReportHandler] WARN  container.ContainerReportHandler (AbstractContainerReportHandler.java:updateContainerState(145)) - Container #1 is in OPEN state, but the datanode e3498cd7-eaa3-4a2f-a67e-ea1e9c2005a9{ip: 192.168.69.119, host: pr-hdds-2354-xrwnf-3238337902, networkLocation: /default-rack, certSerialId: null} reports an CLOSED replica.
2019-10-24 04:21:25,083 [EventQueue-ContainerReportForContainerReportHandler] WARN  container.ContainerReportHandler (AbstractContainerReportHandler.java:updateContainerState(145)) - Container #1 is in OPEN state, but the datanode 061ed049-4de7-4292-8db3-b6c544105954{ip: 192.168.69.119, host: pr-hdds-2354-xrwnf-3238337902, networkLocation: /default-rack, certSerialId: null} reports an CLOSED replica.
2019-10-24 04:21:25,276 [EventQueue-ContainerReportForContainerReportHandler] WARN  container.ContainerReportHandler (AbstractContainerReportHandler.java:updateContainerState(145)) - Container #1 is in OPEN state, but the datanode e3498cd7-eaa3-4a2f-a67e-ea1e9c2005a9{ip: 192.168.69.119, host: pr-hdds-2354-xrwnf-3238337902, networkLocation: /default-rack, certSerialId: null} reports an CLOSED replica.
2019-10-24 04:21:25,384 [EventQueue-ContainerReportForContainerReportHandler] WARN  container.ContainerReportHandler (AbstractContainerReportHandler.java:updateContainerState(145)) - Container #1 is in OPEN state, but the datanode 061ed049-4de7-4292-8db3-b6c544105954{ip: 192.168.69.119, host: pr-hdds-2354-xrwnf-3238337902, networkLocation: /default-rack, certSerialId: null} reports an CLOSED replica.
2019-10-24 04:21:25,576 [EventQueue-ContainerReportForContainerReportHandler] WARN  container.ContainerReportHandler (AbstractContainerReportHandler.java:updateContainerState(145)) - Container #1 is in OPEN state, but the datanode e3498cd7-eaa3-4a2f-a67e-ea1e9c2005a9{ip: 192.168.69.119, host: pr-hdds-2354-xrwnf-3238337902, networkLocation: /default-rack, certSerialId: null} reports an CLOSED replica.
2019-10-24 04:21:25,578 [BlockDeletingService#2] WARN  background.BlockDeletingService (BlockDeletingService.java:isDeletionAllowed(187)) - Close Container log Index 6 is not replicated across allthe servers in the pipeline 9f202be1-23c1-4e96-9103-74cce82b9a43 as the min replicated index is 4. Deletion is not allowed in this container yet.
2019-10-24 04:21:25,578 [BlockDeletingService#7] WARN  background.BlockDeletingService (BlockDeletingService.java:isDeletionAllowed(187)) - Close Container log Index 6 is not replicated across allthe servers in the pipeline 9f202be1-23c1-4e96-9103-74cce82b9a43 as the min replicated index is 4. Deletion is not allowed in this container yet.
2019-10-24 04:21:25,584 [EventQueue-ContainerReportForContainerReportHandler] WARN  container.ContainerReportHandler (AbstractContainerReportHandler.java:updateContainerState(145)) - Container #1 is in OPEN state, but the datanode 061ed049-4de7-4292-8db3-b6c544105954{ip: 192.168.69.119, host: pr-hdds-2354-xrwnf-3238337902, networkLocation: /default-rack, certSerialId: null} reports an CLOSED replica.
2019-10-24 04:21:25,776 [EventQueue-ContainerReportForContainerReportHandler] WARN  container.ContainerReportHandler (AbstractContainerReportHandler.java:updateContainerState(145)) - Container #1 is in OPEN state, but the datanode e3498cd7-eaa3-4a2f-a67e-ea1e9c2005a9{ip: 192.168.69.119, host: pr-hdds-2354-xrwnf-3238337902, networkLocation: /default-rack, certSerialId: null} reports an CLOSED replica.
2019-10-24 04:21:25,884 [EventQueue-ContainerReportForContainerReportHandler] WARN  container.ContainerReportHandler (AbstractContainerReportHandler.java:updateContainerState(145)) - Container #1 is in OPEN state, but the datanode 061ed049-4de7-4292-8db3-b6c544105954{ip: 192.168.69.119, host: pr-hdds-2354-xrwnf-3238337902, networkLocation: /default-rack, certSerialId: null} reports an CLOSED replica.
2019-10-24 04:21:26,076 [EventQueue-ContainerReportForContainerReportHandler] WARN  container.ContainerReportHandler (AbstractContainerReportHandler.java:updateContainerState(145)) - Container #1 is in OPEN state, but the datanode e3498cd7-eaa3-4a2f-a67e-ea1e9c2005a9{ip: 192.168.69.119, host: pr-hdds-2354-xrwnf-3238337902, networkLocation: /default-rack, certSerialId: null} reports an CLOSED replica.
2019-10-24 04:21:26,184 [EventQueue-ContainerReportForContainerReportHandler] WARN  container.ContainerReportHandler (AbstractContainerReportHandler.java:updateContainerState(145)) - Container #1 is in OPEN state, but the datanode 061ed049-4de7-4292-8db3-b6c544105954{ip: 192.168.69.119, host: pr-hdds-2354-xrwnf-3238337902, networkLocation: /default-rack, certSerialId: null} reports an CLOSED replica.
2019-10-24 04:21:26,376 [EventQueue-ContainerReportForContainerReportHandler] WARN  container.ContainerReportHandler (AbstractContainerReportHandler.java:updateContainerState(145)) - Container #1 is in OPEN state, but the datanode e3498cd7-eaa3-4a2f-a67e-ea1e9c2005a9{ip: 192.168.69.119, host: pr-hdds-2354-xrwnf-3238337902, networkLocation: /default-rack, certSerialId: null} reports an CLOSED replica.
2019-10-24 04:21:26,580 [BlockDeletingService#2] WARN  background.BlockDeletingService (BlockDeletingService.java:isDeletionAllowed(187)) - Close Container log Index 6 is not replicated across allthe servers in the pipeline 9f202be1-23c1-4e96-9103-74cce82b9a43 as the min replicated index is 4. Deletion is not allowed in this container yet.
2019-10-24 04:21:26,580 [BlockDeletingService#7] WARN  background.BlockDeletingService (BlockDeletingService.java:isDeletionAllowed(187)) - Close Container log Index 6 is not replicated across allthe servers in the pipeline 9f202be1-23c1-4e96-9103-74cce82b9a43 as the min replicated index is 4. Deletion is not allowed in this container yet.
2019-10-24 04:21:26,585 [EventQueue-ContainerReportForContainerReportHandler] WARN  container.ContainerReportHandler (AbstractContainerReportHandler.java:updateContainerState(145)) - Container #1 is in OPEN state, but the datanode 061ed049-4de7-4292-8db3-b6c544105954{ip: 192.168.69.119, host: pr-hdds-2354-xrwnf-3238337902, networkLocation: /default-rack, certSerialId: null} reports an CLOSED replica.
2019-10-24 04:21:26,676 [EventQueue-ContainerReportForContainerReportHandler] WARN  container.ContainerReportHandler (AbstractContainerReportHandler.java:updateContainerState(145)) - Container #1 is in OPEN state, but the datanode e3498cd7-eaa3-4a2f-a67e-ea1e9c2005a9{ip: 192.168.69.119, host: pr-hdds-2354-xrwnf-3238337902, networkLocation: /default-rack, certSerialId: null} reports an CLOSED replica.
2019-10-24 04:21:26,885 [EventQueue-ContainerReportForContainerReportHandler] WARN  container.ContainerReportHandler (AbstractContainerReportHandler.java:updateContainerState(145)) - Container #1 is in OPEN state, but the datanode 061ed049-4de7-4292-8db3-b6c544105954{ip: 192.168.69.119, host: pr-hdds-2354-xrwnf-3238337902, networkLocation: /default-rack, certSerialId: null} reports an CLOSED replica.
2019-10-24 04:21:26,976 [EventQueue-ContainerReportForContainerReportHandler] WARN  container.ContainerReportHandler (AbstractContainerReportHandler.java:updateContainerState(145)) - Container #1 is in OPEN state, but the datanode e3498cd7-eaa3-4a2f-a67e-ea1e9c2005a9{ip: 192.168.69.119, host: pr-hdds-2354-xrwnf-3238337902, networkLocation: /default-rack, certSerialId: null} reports an CLOSED replica.
2019-10-24 04:21:27,085 [EventQueue-ContainerReportForContainerReportHandler] WARN  container.ContainerReportHandler (AbstractContainerReportHandler.java:updateContainerState(145)) - Container #1 is in OPEN state, but the datanode 061ed049-4de7-4292-8db3-b6c544105954{ip: 192.168.69.119, host: pr-hdds-2354-xrwnf-3238337902, networkLocation: /default-rack, certSerialId: null} reports an CLOSED replica.
2019-10-24 04:21:27,106 [java.util.concurrent.ThreadPoolExecutor$Worker@4fa1d99e[State = -1, empty queue]] WARN  server.GrpcLogAppender (GrpcLogAppender.java:timeoutAppendRequest(209)) - 061ed049-4de7-4292-8db3-b6c544105954@group-74CCE82B9A43->7770f8c7-01fb-43d9-b34c-02757d82bdbb-GrpcLogAppender: appendEntries Timeout, request=061ed049-4de7-4292-8db3-b6c544105954->7770f8c7-01fb-43d9-b34c-02757d82bdbb#49-t1, previous=(t:1, i:10), leaderCommit=10, initializing? false, entries: <empty>
2019-10-24 04:21:27,376 [EventQueue-ContainerReportForContainerReportHandler] WARN  container.ContainerReportHandler (AbstractContainerReportHandler.java:updateContainerState(145)) - Container #1 is in OPEN state, but the datanode e3498cd7-eaa3-4a2f-a67e-ea1e9c2005a9{ip: 192.168.69.119, host: pr-hdds-2354-xrwnf-3238337902, networkLocation: /default-rack, certSerialId: null} reports an CLOSED replica.
2019-10-24 04:21:27,386 [EventQueue-ContainerReportForContainerReportHandler] WARN  container.ContainerReportHandler (AbstractContainerReportHandler.java:updateContainerState(145)) - Container #1 is in OPEN state, but the datanode 061ed049-4de7-4292-8db3-b6c544105954{ip: 192.168.69.119, host: pr-hdds-2354-xrwnf-3238337902, networkLocation: /default-rack, certSerialId: null} reports an CLOSED replica.
2019-10-24 04:21:27,581 [BlockDeletingService#2] WARN  background.BlockDeletingService (BlockDeletingService.java:isDeletionAllowed(187)) - Close Container log Index 6 is not replicated across allthe servers in the pipeline 9f202be1-23c1-4e96-9103-74cce82b9a43 as the min replicated index is 4. Deletion is not allowed in this container yet.
2019-10-24 04:21:27,581 [BlockDeletingService#7] WARN  background.BlockDeletingService (BlockDeletingService.java:isDeletionAllowed(187)) - Close Container log Index 6 is not replicated across allthe servers in the pipeline 9f202be1-23c1-4e96-9103-74cce82b9a43 as the min replicated index is 4. Deletion is not allowed in this container yet.
2019-10-24 04:21:27,676 [EventQueue-ContainerReportForContainerReportHandler] WARN  container.ContainerReportHandler (AbstractContainerReportHandler.java:updateContainerState(145)) - Container #1 is in OPEN state, but the datanode e3498cd7-eaa3-4a2f-a67e-ea1e9c2005a9{ip: 192.168.69.119, host: pr-hdds-2354-xrwnf-3238337902, networkLocation: /default-rack, certSerialId: null} reports an CLOSED replica.
2019-10-24 04:21:27,786 [EventQueue-ContainerReportForContainerReportHandler] WARN  container.ContainerReportHandler (AbstractContainerReportHandler.java:updateContainerState(145)) - Container #1 is in OPEN state, but the datanode 061ed049-4de7-4292-8db3-b6c544105954{ip: 192.168.69.119, host: pr-hdds-2354-xrwnf-3238337902, networkLocation: /default-rack, certSerialId: null} reports an CLOSED replica.
2019-10-24 04:21:27,976 [EventQueue-ContainerReportForContainerReportHandler] WARN  container.ContainerReportHandler (AbstractContainerReportHandler.java:updateContainerState(145)) - Container #1 is in OPEN state, but the datanode e3498cd7-eaa3-4a2f-a67e-ea1e9c2005a9{ip: 192.168.69.119, host: pr-hdds-2354-xrwnf-3238337902, networkLocation: /default-rack, certSerialId: null} reports an CLOSED replica.
2019-10-24 04:21:28,088 [EventQueue-ContainerReportForContainerReportHandler] WARN  container.ContainerReportHandler (AbstractContainerReportHandler.java:updateContainerState(145)) - Container #1 is in OPEN state, but the datanode 061ed049-4de7-4292-8db3-b6c544105954{ip: 192.168.69.119, host: pr-hdds-2354-xrwnf-3238337902, networkLocation: /default-rack, certSerialId: null} reports an CLOSED replica.
2019-10-24 04:21:28,176 [EventQueue-ContainerReportForContainerReportHandler] WARN  container.ContainerReportHandler (AbstractContainerReportHandler.java:updateContainerState(145)) - Container #1 is in OPEN state, but the datanode e3498cd7-eaa3-4a2f-a67e-ea1e9c2005a9{ip: 192.168.69.119, host: pr-hdds-2354-xrwnf-3238337902, networkLocation: /default-rack, certSerialId: null} reports an CLOSED replica.
2019-10-24 04:21:28,388 [EventQueue-ContainerReportForContainerReportHandler] WARN  container.ContainerReportHandler (AbstractContainerReportHandler.java:updateContainerState(145)) - Container #1 is in OPEN state, but the datanode 061ed049-4de7-4292-8db3-b6c544105954{ip: 192.168.69.119, host: pr-hdds-2354-xrwnf-3238337902, networkLocation: /default-rack, certSerialId: null} reports an CLOSED replica.
2019-10-24 04:21:28,476 [EventQueue-ContainerReportForContainerReportHandler] WARN  container.ContainerReportHandler (AbstractContainerReportHandler.java:updateContainerState(145)) - Container #1 is in OPEN state, but the datanode e3498cd7-eaa3-4a2f-a67e-ea1e9c2005a9{ip: 192.168.69.119, host: pr-hdds-2354-xrwnf-3238337902, networkLocation: /default-rack, certSerialId: null} reports an CLOSED replica.
2019-10-24 04:21:28,583 [BlockDeletingService#2] WARN  background.BlockDeletingService (BlockDeletingService.java:isDeletionAllowed(187)) - Close Container log Index 6 is not replicated across allthe servers in the pipeline 9f202be1-23c1-4e96-9103-74cce82b9a43 as the min replicated index is 4. Deletion is not allowed in this container yet.
2019-10-24 04:21:28,583 [BlockDeletingService#7] WARN  background.BlockDeletingService (BlockDeletingService.java:isDeletionAllowed(187)) - Close Container log Index 6 is not replicated across allthe servers in the pipeline 9f202be1-23c1-4e96-9103-74cce82b9a43 as the min replicated index is 4. Deletion is not allowed in this container yet.
2019-10-24 04:21:28,778 [EventQueue-ContainerReportForContainerReportHandler] WARN  container.ContainerReportHandler (AbstractContainerReportHandler.java:updateContainerState(145)) - Container #1 is in OPEN state, but the datanode e3498cd7-eaa3-4a2f-a67e-ea1e9c2005a9{ip: 192.168.69.119, host: pr-hdds-2354-xrwnf-3238337902, networkLocation: /default-rack, certSerialId: null} reports an CLOSED replica.
2019-10-24 04:21:28,788 [EventQueue-ContainerReportForContainerReportHandler] WARN  container.ContainerReportHandler (AbstractContainerReportHandler.java:updateContainerState(145)) - Container #1 is in OPEN state, but the datanode 061ed049-4de7-4292-8db3-b6c544105954{ip: 192.168.69.119, host: pr-hdds-2354-xrwnf-3238337902, networkLocation: /default-rack, certSerialId: null} reports an CLOSED replica.
2019-10-24 04:21:28,789 [EventQueue-StaleNodeForStaleNodeHandler] INFO  node.StaleNodeHandler (StaleNodeHandler.java:onMessage(58)) - Datanode 7770f8c7-01fb-43d9-b34c-02757d82bdbb{ip: 192.168.69.119, host: pr-hdds-2354-xrwnf-3238337902, networkLocation: /default-rack, certSerialId: null} moved to stale state. Finalizing its pipelines [PipelineID=9f202be1-23c1-4e96-9103-74cce82b9a43, PipelineID=94e8b282-816c-40d1-8730-39432db2f660]
2019-10-24 04:21:28,790 [EventQueue-StaleNodeForStaleNodeHandler] INFO  pipeline.SCMPipelineManager (SCMPipelineManager.java:finalizeAndDestroyPipeline(315)) - destroying pipeline:Pipeline[ Id: 9f202be1-23c1-4e96-9103-74cce82b9a43, Nodes: 061ed049-4de7-4292-8db3-b6c544105954{ip: 192.168.69.119, host: pr-hdds-2354-xrwnf-3238337902, networkLocation: /default-rack, certSerialId: null}7770f8c7-01fb-43d9-b34c-02757d82bdbb{ip: 192.168.69.119, host: pr-hdds-2354-xrwnf-3238337902, networkLocation: /default-rack, certSerialId: null}e3498cd7-eaa3-4a2f-a67e-ea1e9c2005a9{ip: 192.168.69.119, host: pr-hdds-2354-xrwnf-3238337902, networkLocation: /default-rack, certSerialId: null}, Type:RATIS, Factor:THREE, State:OPEN]
2019-10-24 04:21:28,792 [EventQueue-StaleNodeForStaleNodeHandler] INFO  pipeline.PipelineStateManager (PipelineStateManager.java:finalizePipeline(123)) - Pipeline Pipeline[ Id: 9f202be1-23c1-4e96-9103-74cce82b9a43, Nodes: 061ed049-4de7-4292-8db3-b6c544105954{ip: 192.168.69.119, host: pr-hdds-2354-xrwnf-3238337902, networkLocation: /default-rack, certSerialId: null}7770f8c7-01fb-43d9-b34c-02757d82bdbb{ip: 192.168.69.119, host: pr-hdds-2354-xrwnf-3238337902, networkLocation: /default-rack, certSerialId: null}e3498cd7-eaa3-4a2f-a67e-ea1e9c2005a9{ip: 192.168.69.119, host: pr-hdds-2354-xrwnf-3238337902, networkLocation: /default-rack, certSerialId: null}, Type:RATIS, Factor:THREE, State:CLOSED] moved to CLOSED state
2019-10-24 04:21:28,792 [EventQueue-CloseContainerForCloseContainerEventHandler] INFO  container.CloseContainerEventHandler (CloseContainerEventHandler.java:onMessage(61)) - Close container Event triggered for container : #1
2019-10-24 04:21:28,795 [EventQueue-StaleNodeForStaleNodeHandler] INFO  pipeline.SCMPipelineManager (SCMPipelineManager.java:finalizeAndDestroyPipeline(315)) - destroying pipeline:Pipeline[ Id: 94e8b282-816c-40d1-8730-39432db2f660, Nodes: 7770f8c7-01fb-43d9-b34c-02757d82bdbb{ip: 192.168.69.119, host: pr-hdds-2354-xrwnf-3238337902, networkLocation: /default-rack, certSerialId: null}, Type:RATIS, Factor:ONE, State:OPEN]
2019-10-24 04:21:28,796 [EventQueue-StaleNodeForStaleNodeHandler] INFO  pipeline.PipelineStateManager (PipelineStateManager.java:finalizePipeline(123)) - Pipeline Pipeline[ Id: 94e8b282-816c-40d1-8730-39432db2f660, Nodes: 7770f8c7-01fb-43d9-b34c-02757d82bdbb{ip: 192.168.69.119, host: pr-hdds-2354-xrwnf-3238337902, networkLocation: /default-rack, certSerialId: null}, Type:RATIS, Factor:ONE, State:CLOSED] moved to CLOSED state
2019-10-24 04:21:29,078 [EventQueue-ContainerReportForContainerReportHandler] INFO  container.ContainerReportHandler (AbstractContainerReportHandler.java:updateContainerState(178)) - Moving container #1 to CLOSED state, datanode e3498cd7-eaa3-4a2f-a67e-ea1e9c2005a9{ip: 192.168.69.119, host: pr-hdds-2354-xrwnf-3238337902, networkLocation: /default-rack, certSerialId: null} reported CLOSED replica.
2019-10-24 04:21:29,268 [SCMBlockDeletingService#0] INFO  block.SCMBlockDeletingService (SCMBlockDeletingService.java:call(184)) - Totally added 3 delete blocks command for 3 datanodes, task elapsed time: 5ms
2019-10-24 04:21:29,290 [EventQueue-PendingDeleteStatusForPendingDeleteHandler] INFO  block.SCMBlockDeletingService (SCMBlockDeletingService.java:handlePendingDeletes(115)) - Block deletion txnID mismatch in datanode 061ed049-4de7-4292-8db3-b6c544105954 for containerID 1. Datanode delete txnID: 0, SCM txnID: 1
2019-10-24 04:21:29,378 [EventQueue-PendingDeleteStatusForPendingDeleteHandler] INFO  block.SCMBlockDeletingService (SCMBlockDeletingService.java:handlePendingDeletes(115)) - Block deletion txnID mismatch in datanode e3498cd7-eaa3-4a2f-a67e-ea1e9c2005a9 for containerID 1. Datanode delete txnID: 0, SCM txnID: 1
2019-10-24 04:21:29,584 [BlockDeletingService#7] WARN  background.BlockDeletingService (BlockDeletingService.java:isDeletionAllowed(187)) - Close Container log Index 6 is not replicated across allthe servers in the pipeline 9f202be1-23c1-4e96-9103-74cce82b9a43 as the min replicated index is 4. Deletion is not allowed in this container yet.
2019-10-24 04:21:29,584 [BlockDeletingService#2] WARN  background.BlockDeletingService (BlockDeletingService.java:isDeletionAllowed(187)) - Close Container log Index 6 is not replicated across allthe servers in the pipeline 9f202be1-23c1-4e96-9103-74cce82b9a43 as the min replicated index is 4. Deletion is not allowed in this container yet.
2019-10-24 04:21:29,607 [java.util.concurrent.ThreadPoolExecutor$Worker@4fa1d99e[State = -1, empty queue]] WARN  server.GrpcLogAppender (GrpcLogAppender.java:timeoutAppendRequest(209)) - 061ed049-4de7-4292-8db3-b6c544105954@group-74CCE82B9A43->7770f8c7-01fb-43d9-b34c-02757d82bdbb-GrpcLogAppender: appendEntries Timeout, request=061ed049-4de7-4292-8db3-b6c544105954->7770f8c7-01fb-43d9-b34c-02757d82bdbb#50-t1, previous=(t:1, i:10), leaderCommit=10, initializing? false, entries: <empty>
2019-10-24 04:21:29,689 [EventQueue-PendingDeleteStatusForPendingDeleteHandler] INFO  block.SCMBlockDeletingService (SCMBlockDeletingService.java:handlePendingDeletes(115)) - Block deletion txnID mismatch in datanode 061ed049-4de7-4292-8db3-b6c544105954 for containerID 1. Datanode delete txnID: 0, SCM txnID: 1
2019-10-24 04:21:29,778 [EventQueue-PendingDeleteStatusForPendingDeleteHandler] INFO  block.SCMBlockDeletingService (SCMBlockDeletingService.java:handlePendingDeletes(115)) - Block deletion txnID mismatch in datanode e3498cd7-eaa3-4a2f-a67e-ea1e9c2005a9 for containerID 1. Datanode delete txnID: 0, SCM txnID: 1
2019-10-24 04:21:29,978 [EventQueue-PendingDeleteStatusForPendingDeleteHandler] INFO  block.SCMBlockDeletingService (SCMBlockDeletingService.java:handlePendingDeletes(115)) - Block deletion txnID mismatch in datanode e3498cd7-eaa3-4a2f-a67e-ea1e9c2005a9 for containerID 1. Datanode delete txnID: 0, SCM txnID: 1
2019-10-24 04:21:29,980 [Command processor thread] INFO  commandhandler.DeleteBlocksCommandHandler (DeleteBlocksCommandHandler.java:handle(106)) - Start to delete container blocks, TXIDs=[1(0)], numOfContainers=1, numOfBlocks=1
2019-10-24 04:21:29,989 [EventQueue-PendingDeleteStatusForPendingDeleteHandler] INFO  block.SCMBlockDeletingService (SCMBlockDeletingService.java:handlePendingDeletes(115)) - Block deletion txnID mismatch in datanode 061ed049-4de7-4292-8db3-b6c544105954 for containerID 1. Datanode delete txnID: 0, SCM txnID: 1
2019-10-24 04:21:30,269 [SCMBlockDeletingService#0] INFO  block.SCMBlockDeletingService (SCMBlockDeletingService.java:call(184)) - Totally added 2 delete blocks command for 2 datanodes, task elapsed time: 0ms
2019-10-24 04:21:30,269 [pool-7-thread-1] INFO  commands.RetriableDatanodeEventWatcher (RetriableDatanodeEventWatcher.java:onTimeout(47)) - RetriableDatanodeCommand type=deleteBlocksCommand with id=1571890889267 timed out. Retrying.
2019-10-24 04:21:30,270 [pool-7-thread-2] INFO  commands.RetriableDatanodeEventWatcher (RetriableDatanodeEventWatcher.java:onTimeout(47)) - RetriableDatanodeCommand type=deleteBlocksCommand with id=1571890889268 timed out. Retrying.
2019-10-24 04:21:30,285 [Thread-535] INFO  client.GrpcClientProtocolService (GrpcClientProtocolService.java:lambda$processClientRequest$0(279)) - Failed RaftClientRequest:client-AD324743EAE9->e3498cd7-eaa3-4a2f-a67e-ea1e9c2005a9@group-74CCE82B9A43, cid=10, seq=0, Watch-ALL_COMMITTED(6), Message:<EMPTY>, reply=RaftClientReply:client-AD324743EAE9->e3498cd7-eaa3-4a2f-a67e-ea1e9c2005a9@group-74CCE82B9A43, cid=10, FAILED org.apache.ratis.protocol.NotLeaderException: Server e3498cd7-eaa3-4a2f-a67e-ea1e9c2005a9@group-74CCE82B9A43 is not the leader 061ed049-4de7-4292-8db3-b6c544105954:192.168.69.119:41000, logIndex=0, commits[e3498cd7-eaa3-4a2f-a67e-ea1e9c2005a9:c10, 061ed049-4de7-4292-8db3-b6c544105954:c10, 7770f8c7-01fb-43d9-b34c-02757d82bdbb:c4]
2019-10-24 04:21:30,288 [Command processor thread] INFO  commandhandler.DeleteBlocksCommandHandler (DeleteBlocksCommandHandler.java:handle(106)) - Start to delete container blocks, TXIDs=[1(0)], numOfContainers=1, numOfBlocks=1
2019-10-24 04:21:30,290 [EventQueue-PendingDeleteStatusForPendingDeleteHandler] INFO  block.SCMBlockDeletingService (SCMBlockDeletingService.java:handlePendingDeletes(115)) - Block deletion txnID mismatch in datanode 061ed049-4de7-4292-8db3-b6c544105954 for containerID 1. Datanode delete txnID: 0, SCM txnID: 1
2019-10-24 04:21:30,585 [BlockDeletingService#7] WARN  background.BlockDeletingService (BlockDeletingService.java:isDeletionAllowed(187)) - Close Container log Index 6 is not replicated across allthe servers in the pipeline 9f202be1-23c1-4e96-9103-74cce82b9a43 as the min replicated index is 4. Deletion is not allowed in this container yet.
2019-10-24 04:21:30,585 [BlockDeletingService#2] WARN  background.BlockDeletingService (BlockDeletingService.java:isDeletionAllowed(187)) - Close Container log Index 6 is not replicated across allthe servers in the pipeline 9f202be1-23c1-4e96-9103-74cce82b9a43 as the min replicated index is 4. Deletion is not allowed in this container yet.
2019-10-24 04:21:30,674 [main] INFO  impl.MetricsSystemImpl (MetricsSystemImpl.java:init(158)) - HddsDatanode metrics system started (again)
2019-10-24 04:21:30,714 [main] INFO  ozone.HddsDatanodeService (HddsDatanodeService.java:start(184)) - HddsDatanodeService host:pr-hdds-2354-xrwnf-3238337902 ip:192.168.69.119
2019-10-24 04:21:30,718 [main] INFO  volume.VolumeUsage (VolumeUsage.java:loadScmUsed(144)) - Cached ScmUsed found for /workdir/hadoop-ozone/integration-test/target/test-dir/MiniOzoneClusterImpl-130f5b65-2f93-4feb-bc6d-4f491c54915a/datanode-2/data/containers : 4096 
2019-10-24 04:21:30,718 [main] INFO  volume.HddsVolume (HddsVolume.java:<init>(176)) - Creating Volume: /workdir/hadoop-ozone/integration-test/target/test-dir/MiniOzoneClusterImpl-130f5b65-2f93-4feb-bc6d-4f491c54915a/datanode-2/data/containers/hdds of  storage type : DISK and capacity : 1482555576320
2019-10-24 04:21:30,719 [main] INFO  volume.VolumeSet (VolumeSet.java:initializeVolumeSet(170)) - Added Volume : /workdir/hadoop-ozone/integration-test/target/test-dir/MiniOzoneClusterImpl-130f5b65-2f93-4feb-bc6d-4f491c54915a/datanode-2/data/containers/hdds to VolumeSet
2019-10-24 04:21:30,719 [main] INFO  volume.ThrottledAsyncChecker (ThrottledAsyncChecker.java:schedule(141)) - Scheduling a check for /workdir/hadoop-ozone/integration-test/target/test-dir/MiniOzoneClusterImpl-130f5b65-2f93-4feb-bc6d-4f491c54915a/datanode-2/data/containers/hdds
2019-10-24 04:21:30,720 [main] INFO  volume.HddsVolumeChecker (HddsVolumeChecker.java:checkAllVolumes(204)) - Scheduled health check for volume /workdir/hadoop-ozone/integration-test/target/test-dir/MiniOzoneClusterImpl-130f5b65-2f93-4feb-bc6d-4f491c54915a/datanode-2/data/containers/hdds
2019-10-24 04:21:30,759 [main] INFO  impl.RaftServerProxy (ConfUtils.java:logGet(43)) - raft.rpc.type = GRPC (default)
2019-10-24 04:21:30,759 [main] INFO  grpc.GrpcFactory (GrpcFactory.java:checkPooledByteBufAllocatorUseCacheForAllThreads(45)) - PERFORMANCE WARNING: useCacheForAllThreads is true that may cause Netty to create a lot garbage objects and, as a result, trigger GC.
	It is recommended to disable useCacheForAllThreads by setting -Dorg.apache.ratis.thirdparty.io.netty.allocator.useCacheForAllThreads=false in command line.
2019-10-24 04:21:30,759 [main] INFO  grpc.GrpcConfigKeys$Server (ConfUtils.java:logGet(43)) - raft.grpc.server.port = 34239 (custom)
2019-10-24 04:21:30,759 [main] INFO  server.GrpcService (ConfUtils.java:logGet(43)) - raft.grpc.message.size.max = 33570816 (custom)
2019-10-24 04:21:30,760 [main] INFO  server.RaftServerConfigKeys (ConfUtils.java:logGet(43)) - raft.server.log.appender.buffer.byte-limit = 33554432 (custom)
2019-10-24 04:21:30,760 [main] INFO  server.GrpcService (ConfUtils.java:logGet(43)) - raft.grpc.flow.control.window = 1MB (=1048576) (default)
2019-10-24 04:21:30,760 [main] INFO  server.RaftServerConfigKeys (ConfUtils.java:logGet(43)) - raft.server.rpc.request.timeout = 3000ms (default)
2019-10-24 04:21:30,760 [main] INFO  server.RaftServerConfigKeys (ConfUtils.java:logGet(43)) - raft.server.storage.dir = [/workdir/hadoop-ozone/integration-test/target/test-dir/MiniOzoneClusterImpl-130f5b65-2f93-4feb-bc6d-4f491c54915a/datanode-2/data/ratis] (custom)
2019-10-24 04:21:30,761 [main] INFO  impl.RaftServerProxy (RaftServerProxy.java:lambda$null$0(191)) - 7770f8c7-01fb-43d9-b34c-02757d82bdbb: found a subdirectory /workdir/hadoop-ozone/integration-test/target/test-dir/MiniOzoneClusterImpl-130f5b65-2f93-4feb-bc6d-4f491c54915a/datanode-2/data/ratis/94e8b282-816c-40d1-8730-39432db2f660
2019-10-24 04:21:30,762 [main] INFO  impl.RaftServerProxy (RaftServerProxy.java:addNew(89)) - 7770f8c7-01fb-43d9-b34c-02757d82bdbb: addNew group-39432DB2F660:[] returns group-39432DB2F660:java.util.concurrent.CompletableFuture@7301eebe[Not completed]
2019-10-24 04:21:30,762 [main] INFO  impl.RaftServerProxy (RaftServerProxy.java:lambda$null$0(191)) - 7770f8c7-01fb-43d9-b34c-02757d82bdbb: found a subdirectory /workdir/hadoop-ozone/integration-test/target/test-dir/MiniOzoneClusterImpl-130f5b65-2f93-4feb-bc6d-4f491c54915a/datanode-2/data/ratis/9f202be1-23c1-4e96-9103-74cce82b9a43
2019-10-24 04:21:30,762 [main] INFO  impl.RaftServerProxy (RaftServerProxy.java:addNew(89)) - 7770f8c7-01fb-43d9-b34c-02757d82bdbb: addNew group-74CCE82B9A43:[] returns group-74CCE82B9A43:java.util.concurrent.CompletableFuture@76b47204[Not completed]
2019-10-24 04:21:30,766 [pool-59-thread-1] INFO  impl.RaftServerImpl (RaftServerImpl.java:<init>(98)) - 7770f8c7-01fb-43d9-b34c-02757d82bdbb: new RaftServerImpl for group-39432DB2F660:[] with ContainerStateMachine:uninitialized
2019-10-24 04:21:30,766 [main] INFO  hdfs.DFSUtil (DFSUtil.java:httpServerTemplateForNNAndJN(1641)) - Starting Web-server for hddsDatanode at: http://0.0.0.0:38294
2019-10-24 04:21:30,766 [pool-59-thread-1] INFO  server.RaftServerConfigKeys (ConfUtils.java:logGet(43)) - raft.server.rpc.timeout.min = 5s (custom)
2019-10-24 04:21:30,767 [pool-59-thread-1] INFO  server.RaftServerConfigKeys (ConfUtils.java:logGet(43)) - raft.server.rpc.timeout.max = 5200ms (custom)
2019-10-24 04:21:30,767 [pool-59-thread-1] INFO  server.RaftServerConfigKeys (ConfUtils.java:logGet(43)) - raft.server.rpcslowness.timeout = 1000s (custom)
2019-10-24 04:21:30,767 [pool-59-thread-1] INFO  server.RaftServerConfigKeys (ConfUtils.java:logGet(43)) - raft.server.sleep.deviation.threshold = 300 (default)
2019-10-24 04:21:30,767 [pool-59-thread-1] INFO  server.RaftServerConfigKeys (ConfUtils.java:logGet(43)) - raft.server.log.appender.install.snapshot.enabled = false (custom)
2019-10-24 04:21:30,767 [pool-59-thread-1] INFO  impl.RaftServerImpl (ServerState.java:<init>(103)) - 7770f8c7-01fb-43d9-b34c-02757d82bdbb@group-39432DB2F660: ConfigurationManager, init=-1: [], old=null, confs=<EMPTY_MAP>
2019-10-24 04:21:30,768 [pool-59-thread-1] INFO  server.RaftServerConfigKeys (ConfUtils.java:logGet(43)) - raft.server.storage.dir = [/workdir/hadoop-ozone/integration-test/target/test-dir/MiniOzoneClusterImpl-130f5b65-2f93-4feb-bc6d-4f491c54915a/datanode-2/data/ratis] (custom)
2019-10-24 04:21:30,768 [pool-59-thread-1] INFO  server.RaftServerConfigKeys (ConfUtils.java:logGet(43)) - raft.server.log.corruption.policy = EXCEPTION (default)
2019-10-24 04:21:30,769 [main] INFO  server.AuthenticationFilter (AuthenticationFilter.java:constructSecretProvider(240)) - Unable to initialize FileSignerSecretProvider, falling back to use random secrets.
2019-10-24 04:21:30,770 [main] WARN  http.HttpRequestLog (HttpRequestLog.java:getRequestLog(97)) - Jetty request log can only be enabled using Log4j
2019-10-24 04:21:30,772 [main] INFO  http.HttpServer2 (HttpServer2.java:addGlobalFilter(975)) - Added global filter 'safety' (class=org.apache.hadoop.http.HttpServer2$QuotingInputFilter)
2019-10-24 04:21:30,773 [main] INFO  http.HttpServer2 (HttpServer2.java:addFilter(948)) - Added filter static_user_filter (class=org.apache.hadoop.http.lib.StaticUserWebFilter$StaticUserFilter) to context hddsDatanode
2019-10-24 04:21:30,773 [main] INFO  http.HttpServer2 (HttpServer2.java:addFilter(958)) - Added filter static_user_filter (class=org.apache.hadoop.http.lib.StaticUserWebFilter$StaticUserFilter) to context static
2019-10-24 04:21:30,774 [main] INFO  http.HttpServer2 (HttpServer2.java:addFilter(958)) - Added filter static_user_filter (class=org.apache.hadoop.http.lib.StaticUserWebFilter$StaticUserFilter) to context logs
2019-10-24 04:21:30,775 [main] INFO  http.HttpServer2 (HttpServer2.java:bindListener(1191)) - Jetty bound to port 38294
2019-10-24 04:21:30,775 [main] INFO  server.Server (Server.java:doStart(351)) - jetty-9.3.25.v20180904, build timestamp: 2018-09-04T21:11:46Z, git hash: 3ce520221d0240229c862b122d2b06c12a625732
2019-10-24 04:21:30,777 [main] INFO  handler.ContextHandler (ContextHandler.java:doStart(781)) - Started o.e.j.s.ServletContextHandler@149b0577{/logs,file:///workdir/hadoop-ozone/integration-test/target/log,AVAILABLE}
2019-10-24 04:21:30,777 [pool-59-thread-1] INFO  storage.RaftStorageDirectory (RaftStorageDirectory.java:tryLock(328)) - Lock on /workdir/hadoop-ozone/integration-test/target/test-dir/MiniOzoneClusterImpl-130f5b65-2f93-4feb-bc6d-4f491c54915a/datanode-2/data/ratis/94e8b282-816c-40d1-8730-39432db2f660/in_use.lock acquired by nodename 14263@pr-hdds-2354-xrwnf-3238337902
2019-10-24 04:21:30,778 [main] INFO  handler.ContextHandler (ContextHandler.java:doStart(781)) - Started o.e.j.s.ServletContextHandler@4a901445{/static,jar:file:/home/user/.m2/repository/org/apache/hadoop/hadoop-hdds-container-service/0.5.0-SNAPSHOT/hadoop-hdds-container-service-0.5.0-SNAPSHOT.jar!/webapps/static,AVAILABLE}
2019-10-24 04:21:30,779 [pool-59-thread-1] INFO  ratis.ContainerStateMachine (ContainerStateMachine.java:loadSnapshot(231)) - group-39432DB2F660: The snapshot info is null. Setting the last applied indexto:(t:0, i:~)
2019-10-24 04:21:30,779 [pool-59-thread-1] INFO  server.RaftServerConfigKeys (ConfUtils.java:logGet(43)) - raft.server.notification.no-leader.timeout = 1000s (custom)
2019-10-24 04:21:30,779 [pool-59-thread-1] INFO  server.RaftServerConfigKeys (ConfUtils.java:logGet(43)) - raft.server.log.use.memory = false (default)
2019-10-24 04:21:30,780 [pool-59-thread-1] INFO  server.RaftServerConfigKeys (ConfUtils.java:logGet(43)) - raft.server.log.purge.gap = 1000000 (custom)
2019-10-24 04:21:30,780 [pool-59-thread-1] INFO  server.RaftServerConfigKeys (ConfUtils.java:logGet(43)) - raft.server.log.appender.buffer.byte-limit = 33554432 (custom)
2019-10-24 04:21:30,780 [pool-59-thread-1] INFO  server.RaftServerConfigKeys (ConfUtils.java:logGet(43)) - raft.server.log.segment.size.max = 1048576 (custom)
2019-10-24 04:21:30,780 [pool-59-thread-1] INFO  server.RaftServerConfigKeys (ConfUtils.java:logGet(43)) - raft.server.log.segment.cache.num.max = 2 (custom)
2019-10-24 04:21:30,780 [pool-59-thread-1] INFO  segmented.SegmentedRaftLogWorker (SegmentedRaftLogWorker.java:<init>(173)) - new 7770f8c7-01fb-43d9-b34c-02757d82bdbb@group-39432DB2F660-SegmentedRaftLogWorker for RaftStorage:Storage Directory /workdir/hadoop-ozone/integration-test/target/test-dir/MiniOzoneClusterImpl-130f5b65-2f93-4feb-bc6d-4f491c54915a/datanode-2/data/ratis/94e8b282-816c-40d1-8730-39432db2f660
2019-10-24 04:21:30,780 [pool-59-thread-1] INFO  server.RaftServerConfigKeys (ConfUtils.java:logGet(43)) - raft.server.log.queue.byte-limit = 2147483647 (custom)
2019-10-24 04:21:30,780 [pool-59-thread-1] INFO  server.RaftServerConfigKeys (ConfUtils.java:logGet(43)) - raft.server.log.queue.element-limit = 1024 (custom)
2019-10-24 04:21:30,780 [pool-59-thread-1] INFO  server.RaftServerConfigKeys (ConfUtils.java:logGet(43)) - raft.server.log.segment.size.max = 1048576 (custom)
2019-10-24 04:21:30,781 [pool-59-thread-1] INFO  server.RaftServerConfigKeys (ConfUtils.java:logGet(43)) - raft.server.log.preallocated.size = 16384 (custom)
2019-10-24 04:21:30,781 [pool-59-thread-1] INFO  server.RaftServerConfigKeys (ConfUtils.java:logGet(43)) - raft.server.log.write.buffer.size = 33554432 (custom)
2019-10-24 04:21:30,781 [pool-59-thread-1] INFO  server.RaftServerConfigKeys (ConfUtils.java:logGet(43)) - raft.server.log.force.sync.num = 128 (default)
2019-10-24 04:21:30,781 [pool-59-thread-1] INFO  server.RaftServerConfigKeys (ConfUtils.java:logGet(43)) - raft.server.log.statemachine.data.sync = true (default)
2019-10-24 04:21:30,781 [pool-59-thread-1] INFO  server.RaftServerConfigKeys (ConfUtils.java:logGet(43)) - raft.server.log.statemachine.data.sync.timeout = 10s (default)
2019-10-24 04:21:30,781 [pool-59-thread-1] INFO  server.RaftServerConfigKeys (ConfUtils.java:logGet(43)) - raft.server.log.statemachine.data.sync.timeout.retry = -1 (default)
2019-10-24 04:21:30,781 [pool-59-thread-1] INFO  server.RaftServerConfigKeys (ConfUtils.java:logGet(43)) - raft.server.log.statemachine.data.caching.enabled = true (custom)
2019-10-24 04:21:30,788 [pool-59-thread-1] INFO  impl.RaftServerImpl (ServerState.java:setRaftConf(356)) - 7770f8c7-01fb-43d9-b34c-02757d82bdbb@group-39432DB2F660: set configuration 0: [7770f8c7-01fb-43d9-b34c-02757d82bdbb:192.168.69.119:34239], old=null at 0
2019-10-24 04:21:30,788 [pool-59-thread-1] INFO  segmented.LogSegment (LogSegment.java:loadSegment(140)) - Successfully read 1 entries from segment file /workdir/hadoop-ozone/integration-test/target/test-dir/MiniOzoneClusterImpl-130f5b65-2f93-4feb-bc6d-4f491c54915a/datanode-2/data/ratis/94e8b282-816c-40d1-8730-39432db2f660/current/log_inprogress_0
2019-10-24 04:21:30,789 [pool-59-thread-1] INFO  segmented.SegmentedRaftLogWorker (SegmentedRaftLogWorker.java:lambda$new$0(128)) - 7770f8c7-01fb-43d9-b34c-02757d82bdbb@group-39432DB2F660-SegmentedRaftLogWorker: flushIndex: setUnconditionally 0 -> 0
2019-10-24 04:21:30,812 [pool-59-thread-1] INFO  server.RaftServerConfigKeys (ConfUtils.java:logGet(43)) - raft.server.snapshot.auto.trigger.enabled = true (custom)
2019-10-24 04:21:30,812 [pool-59-thread-1] INFO  server.RaftServerConfigKeys (ConfUtils.java:logGet(43)) - raft.server.snapshot.auto.trigger.threshold = 10000 (custom)
2019-10-24 04:21:30,812 [pool-59-thread-1] INFO  server.RaftServerConfigKeys (ConfUtils.java:logGet(43)) - raft.server.snapshot.retention.file.num = 5 (custom)
2019-10-24 04:21:30,813 [pool-59-thread-1] INFO  server.RaftServerConfigKeys (ConfUtils.java:logGet(43)) - raft.server.retrycache.expirytime = 600000ms (custom)
2019-10-24 04:21:30,814 [pool-59-thread-1] INFO  impl.RaftServerImpl (RaftServerImpl.java:<init>(98)) - 7770f8c7-01fb-43d9-b34c-02757d82bdbb: new RaftServerImpl for group-74CCE82B9A43:[] with ContainerStateMachine:uninitialized
2019-10-24 04:21:30,814 [pool-59-thread-1] INFO  server.RaftServerConfigKeys (ConfUtils.java:logGet(43)) - raft.server.rpc.timeout.min = 5s (custom)
2019-10-24 04:21:30,815 [pool-59-thread-1] INFO  server.RaftServerConfigKeys (ConfUtils.java:logGet(43)) - raft.server.rpc.timeout.max = 5200ms (custom)
2019-10-24 04:21:30,815 [pool-59-thread-1] INFO  server.RaftServerConfigKeys (ConfUtils.java:logGet(43)) - raft.server.rpcslowness.timeout = 1000s (custom)
2019-10-24 04:21:30,815 [pool-59-thread-1] INFO  server.RaftServerConfigKeys (ConfUtils.java:logGet(43)) - raft.server.sleep.deviation.threshold = 300 (default)
2019-10-24 04:21:30,815 [pool-59-thread-1] INFO  server.RaftServerConfigKeys (ConfUtils.java:logGet(43)) - raft.server.log.appender.install.snapshot.enabled = false (custom)
2019-10-24 04:21:30,815 [pool-59-thread-1] INFO  impl.RaftServerImpl (ServerState.java:<init>(103)) - 7770f8c7-01fb-43d9-b34c-02757d82bdbb@group-74CCE82B9A43: ConfigurationManager, init=-1: [], old=null, confs=<EMPTY_MAP>
2019-10-24 04:21:30,815 [pool-59-thread-1] INFO  server.RaftServerConfigKeys (ConfUtils.java:logGet(43)) - raft.server.storage.dir = [/workdir/hadoop-ozone/integration-test/target/test-dir/MiniOzoneClusterImpl-130f5b65-2f93-4feb-bc6d-4f491c54915a/datanode-2/data/ratis] (custom)
2019-10-24 04:21:30,815 [pool-59-thread-1] INFO  server.RaftServerConfigKeys (ConfUtils.java:logGet(43)) - raft.server.log.corruption.policy = EXCEPTION (default)
2019-10-24 04:21:30,822 [main] INFO  handler.ContextHandler (ContextHandler.java:doStart(781)) - Started o.e.j.w.WebAppContext@48eb001a{/,file:///tmp/jetty-0.0.0.0-38294-hddsDatanode-_-any-633176520290541894.dir/webapp/,AVAILABLE}{/hddsDatanode}
2019-10-24 04:21:30,823 [main] INFO  server.AbstractConnector (AbstractConnector.java:doStart(278)) - Started ServerConnector@34332b8d{HTTP/1.1,[http/1.1]}{0.0.0.0:38294}
2019-10-24 04:21:30,824 [main] INFO  server.Server (Server.java:doStart(419)) - Started @117150ms
2019-10-24 04:21:30,824 [main] WARN  impl.MetricsSystemImpl (MetricsSystemImpl.java:register(276)) - Sink prometheus already exists!
2019-10-24 04:21:30,825 [main] INFO  server.BaseHttpServer (BaseHttpServer.java:updateConnectorAddress(215)) - HTTP server of HDDSDATANODE is listening at http://0.0.0.0:38294
2019-10-24 04:21:30,827 [org.apache.hadoop.util.JvmPauseMonitor$Monitor@3f03548d] INFO  util.JvmPauseMonitor (JvmPauseMonitor.java:run(188)) - Starting JVM pause monitor
2019-10-24 04:21:30,830 [pool-59-thread-1] INFO  storage.RaftStorageDirectory (RaftStorageDirectory.java:tryLock(328)) - Lock on /workdir/hadoop-ozone/integration-test/target/test-dir/MiniOzoneClusterImpl-130f5b65-2f93-4feb-bc6d-4f491c54915a/datanode-2/data/ratis/9f202be1-23c1-4e96-9103-74cce82b9a43/in_use.lock acquired by nodename 14263@pr-hdds-2354-xrwnf-3238337902
2019-10-24 04:21:30,832 [pool-59-thread-1] INFO  ratis.ContainerStateMachine (ContainerStateMachine.java:loadSnapshot(240)) - group-74CCE82B9A43: Setting the last applied index to (t:1, i:3)
2019-10-24 04:21:30,836 [pool-59-thread-1] INFO  impl.RaftServerImpl (ServerState.java:setRaftConf(356)) - 7770f8c7-01fb-43d9-b34c-02757d82bdbb@group-74CCE82B9A43: set configuration 0: [061ed049-4de7-4292-8db3-b6c544105954:192.168.69.119:41000, 7770f8c7-01fb-43d9-b34c-02757d82bdbb:192.168.69.119:34239, e3498cd7-eaa3-4a2f-a67e-ea1e9c2005a9:192.168.69.119:33836], old=null at 0
2019-10-24 04:21:30,836 [pool-59-thread-1] INFO  server.RaftServerConfigKeys (ConfUtils.java:logGet(43)) - raft.server.notification.no-leader.timeout = 1000s (custom)
2019-10-24 04:21:30,837 [pool-59-thread-1] INFO  server.RaftServerConfigKeys (ConfUtils.java:logGet(43)) - raft.server.log.use.memory = false (default)
2019-10-24 04:21:30,837 [pool-59-thread-1] INFO  server.RaftServerConfigKeys (ConfUtils.java:logGet(43)) - raft.server.log.purge.gap = 1000000 (custom)
2019-10-24 04:21:30,837 [pool-59-thread-1] INFO  server.RaftServerConfigKeys (ConfUtils.java:logGet(43)) - raft.server.log.appender.buffer.byte-limit = 33554432 (custom)
2019-10-24 04:21:30,837 [pool-59-thread-1] INFO  server.RaftServerConfigKeys (ConfUtils.java:logGet(43)) - raft.server.log.segment.size.max = 1048576 (custom)
2019-10-24 04:21:30,837 [pool-59-thread-1] INFO  server.RaftServerConfigKeys (ConfUtils.java:logGet(43)) - raft.server.log.segment.cache.num.max = 2 (custom)
2019-10-24 04:21:30,837 [pool-59-thread-1] INFO  segmented.SegmentedRaftLogWorker (SegmentedRaftLogWorker.java:<init>(173)) - new 7770f8c7-01fb-43d9-b34c-02757d82bdbb@group-74CCE82B9A43-SegmentedRaftLogWorker for RaftStorage:Storage Directory /workdir/hadoop-ozone/integration-test/target/test-dir/MiniOzoneClusterImpl-130f5b65-2f93-4feb-bc6d-4f491c54915a/datanode-2/data/ratis/9f202be1-23c1-4e96-9103-74cce82b9a43
2019-10-24 04:21:30,837 [pool-59-thread-1] INFO  server.RaftServerConfigKeys (ConfUtils.java:logGet(43)) - raft.server.log.queue.byte-limit = 2147483647 (custom)
2019-10-24 04:21:30,837 [pool-59-thread-1] INFO  server.RaftServerConfigKeys (ConfUtils.java:logGet(43)) - raft.server.log.queue.element-limit = 1024 (custom)
2019-10-24 04:21:30,837 [pool-59-thread-1] INFO  server.RaftServerConfigKeys (ConfUtils.java:logGet(43)) - raft.server.log.segment.size.max = 1048576 (custom)
2019-10-24 04:21:30,838 [pool-59-thread-1] INFO  server.RaftServerConfigKeys (ConfUtils.java:logGet(43)) - raft.server.log.preallocated.size = 16384 (custom)
2019-10-24 04:21:30,838 [pool-59-thread-1] INFO  server.RaftServerConfigKeys (ConfUtils.java:logGet(43)) - raft.server.log.write.buffer.size = 33554432 (custom)
2019-10-24 04:21:30,838 [pool-59-thread-1] INFO  server.RaftServerConfigKeys (ConfUtils.java:logGet(43)) - raft.server.log.force.sync.num = 128 (default)
2019-10-24 04:21:30,838 [pool-59-thread-1] INFO  server.RaftServerConfigKeys (ConfUtils.java:logGet(43)) - raft.server.log.statemachine.data.sync = true (default)
2019-10-24 04:21:30,838 [pool-59-thread-1] INFO  server.RaftServerConfigKeys (ConfUtils.java:logGet(43)) - raft.server.log.statemachine.data.sync.timeout = 10s (default)
2019-10-24 04:21:30,838 [pool-59-thread-1] INFO  server.RaftServerConfigKeys (ConfUtils.java:logGet(43)) - raft.server.log.statemachine.data.sync.timeout.retry = -1 (default)
2019-10-24 04:21:30,838 [pool-59-thread-1] INFO  server.RaftServerConfigKeys (ConfUtils.java:logGet(43)) - raft.server.log.statemachine.data.caching.enabled = true (custom)
2019-10-24 04:21:30,839 [pool-59-thread-1] INFO  impl.RaftServerImpl (ServerState.java:setRaftConf(356)) - 7770f8c7-01fb-43d9-b34c-02757d82bdbb@group-74CCE82B9A43: set configuration 0: [061ed049-4de7-4292-8db3-b6c544105954:192.168.69.119:41000, 7770f8c7-01fb-43d9-b34c-02757d82bdbb:192.168.69.119:34239, e3498cd7-eaa3-4a2f-a67e-ea1e9c2005a9:192.168.69.119:33836], old=null at 0
2019-10-24 04:21:30,839 [pool-59-thread-1] INFO  segmented.LogSegment (LogSegment.java:loadSegment(140)) - Successfully read 5 entries from segment file /workdir/hadoop-ozone/integration-test/target/test-dir/MiniOzoneClusterImpl-130f5b65-2f93-4feb-bc6d-4f491c54915a/datanode-2/data/ratis/9f202be1-23c1-4e96-9103-74cce82b9a43/current/log_inprogress_0
2019-10-24 04:21:30,840 [pool-59-thread-1] INFO  segmented.SegmentedRaftLogWorker (SegmentedRaftLogWorker.java:lambda$new$0(128)) - 7770f8c7-01fb-43d9-b34c-02757d82bdbb@group-74CCE82B9A43-SegmentedRaftLogWorker: flushIndex: setUnconditionally 0 -> 4
2019-10-24 04:21:30,863 [pool-59-thread-1] INFO  raftlog.RaftLog (RaftLog.java:lambda$new$0(61)) - 7770f8c7-01fb-43d9-b34c-02757d82bdbb@group-74CCE82B9A43-SegmentedRaftLog: commitIndex: updateToMax old=3, new=3, updated? false
2019-10-24 04:21:30,863 [pool-59-thread-1] INFO  server.RaftServerConfigKeys (ConfUtils.java:logGet(43)) - raft.server.snapshot.auto.trigger.enabled = true (custom)
2019-10-24 04:21:30,863 [pool-59-thread-1] INFO  server.RaftServerConfigKeys (ConfUtils.java:logGet(43)) - raft.server.snapshot.auto.trigger.threshold = 10000 (custom)
2019-10-24 04:21:30,863 [pool-59-thread-1] INFO  server.RaftServerConfigKeys (ConfUtils.java:logGet(43)) - raft.server.snapshot.retention.file.num = 5 (custom)
2019-10-24 04:21:30,864 [pool-59-thread-1] INFO  server.RaftServerConfigKeys (ConfUtils.java:logGet(43)) - raft.server.retrycache.expirytime = 600000ms (custom)
2019-10-24 04:21:30,884 [Thread-554] INFO  client.GrpcClientProtocolService (GrpcClientProtocolService.java:lambda$processClientRequest$0(279)) - Failed RaftClientRequest:client-AD324743EAE9->061ed049-4de7-4292-8db3-b6c544105954@group-74CCE82B9A43, cid=10, seq=0, Watch-ALL_COMMITTED(6), Message:<EMPTY>, reply=RaftClientReply:client-AD324743EAE9->061ed049-4de7-4292-8db3-b6c544105954@group-74CCE82B9A43, cid=10, FAILED org.apache.ratis.protocol.NotReplicatedException: Request with call Id 10 and log index 6 is not yet replicated to ALL_COMMITTED, logIndex=6, commits[061ed049-4de7-4292-8db3-b6c544105954:c10, 7770f8c7-01fb-43d9-b34c-02757d82bdbb:c4, e3498cd7-eaa3-4a2f-a67e-ea1e9c2005a9:c10]
2019-10-24 04:21:31,269 [pool-7-thread-2] INFO  commands.RetriableDatanodeEventWatcher (RetriableDatanodeEventWatcher.java:onTimeout(47)) - RetriableDatanodeCommand type=deleteBlocksCommand with id=1571890889267 timed out. Retrying.
2019-10-24 04:21:31,269 [pool-7-thread-3] INFO  commands.RetriableDatanodeEventWatcher (RetriableDatanodeEventWatcher.java:onTimeout(47)) - RetriableDatanodeCommand type=deleteBlocksCommand with id=1571890889271 timed out. Retrying.
2019-10-24 04:21:31,270 [pool-7-thread-4] INFO  commands.RetriableDatanodeEventWatcher (RetriableDatanodeEventWatcher.java:onTimeout(47)) - RetriableDatanodeCommand type=deleteBlocksCommand with id=1571890889268 timed out. Retrying.
2019-10-24 04:21:31,270 [SCMBlockDeletingService#0] INFO  block.SCMBlockDeletingService (SCMBlockDeletingService.java:call(184)) - Totally added 2 delete blocks command for 2 datanodes, task elapsed time: 1ms
2019-10-24 04:21:31,271 [pool-7-thread-1] INFO  commands.RetriableDatanodeEventWatcher (RetriableDatanodeEventWatcher.java:onTimeout(47)) - RetriableDatanodeCommand type=deleteBlocksCommand with id=1571890889270 timed out. Retrying.
2019-10-24 04:21:31,389 [Command processor thread] INFO  commandhandler.DeleteBlocksCommandHandler (DeleteBlocksCommandHandler.java:handle(106)) - Start to delete container blocks, TXIDs=[1(2)], numOfContainers=1, numOfBlocks=1
2019-10-24 04:21:31,390 [Command processor thread] INFO  commandhandler.DeleteBlocksCommandHandler (DeleteBlocksCommandHandler.java:handle(106)) - Start to delete container blocks, TXIDs=[1(0)], numOfContainers=1, numOfBlocks=1
2019-10-24 04:21:31,390 [Command processor thread] INFO  commandhandler.DeleteBlocksCommandHandler (DeleteBlocksCommandHandler.java:handle(106)) - Start to delete container blocks, TXIDs=[1(4)], numOfContainers=1, numOfBlocks=1
2019-10-24 04:21:31,390 [Command processor thread] INFO  commandhandler.DeleteBlocksCommandHandler (DeleteBlocksCommandHandler.java:handle(106)) - Start to delete container blocks, TXIDs=[1(0)], numOfContainers=1, numOfBlocks=1
2019-10-24 04:21:31,390 [Command processor thread] INFO  commandhandler.DeleteBlocksCommandHandler (DeleteBlocksCommandHandler.java:handle(106)) - Start to delete container blocks, TXIDs=[1(2)], numOfContainers=1, numOfBlocks=1
2019-10-24 04:21:31,587 [BlockDeletingService#7] WARN  background.BlockDeletingService (BlockDeletingService.java:isDeletionAllowed(187)) - Close Container log Index 6 is not replicated across allthe servers in the pipeline 9f202be1-23c1-4e96-9103-74cce82b9a43 as the min replicated index is 4. Deletion is not allowed in this container yet.
2019-10-24 04:21:31,587 [BlockDeletingService#2] WARN  background.BlockDeletingService (BlockDeletingService.java:isDeletionAllowed(187)) - Close Container log Index 6 is not replicated across allthe servers in the pipeline 9f202be1-23c1-4e96-9103-74cce82b9a43 as the min replicated index is 4. Deletion is not allowed in this container yet.
2019-10-24 04:21:32,108 [java.util.concurrent.ThreadPoolExecutor$Worker@4fa1d99e[State = -1, empty queue]] WARN  server.GrpcLogAppender (GrpcLogAppender.java:timeoutAppendRequest(209)) - 061ed049-4de7-4292-8db3-b6c544105954@group-74CCE82B9A43->7770f8c7-01fb-43d9-b34c-02757d82bdbb-GrpcLogAppender: appendEntries Timeout, request=061ed049-4de7-4292-8db3-b6c544105954->7770f8c7-01fb-43d9-b34c-02757d82bdbb#51-t1, previous=(t:1, i:10), leaderCommit=10, initializing? false, entries: <empty>
2019-10-24 04:21:32,270 [pool-7-thread-1] INFO  commands.RetriableDatanodeEventWatcher (RetriableDatanodeEventWatcher.java:onTimeout(47)) - RetriableDatanodeCommand type=deleteBlocksCommand with id=1571890889273 timed out. Retrying.
2019-10-24 04:21:32,271 [pool-7-thread-1] INFO  commands.RetriableDatanodeEventWatcher (RetriableDatanodeEventWatcher.java:onTimeout(47)) - RetriableDatanodeCommand type=deleteBlocksCommand with id=1571890889271 timed out. Retrying.
2019-10-24 04:21:32,271 [pool-7-thread-4] INFO  commands.RetriableDatanodeEventWatcher (RetriableDatanodeEventWatcher.java:onTimeout(47)) - RetriableDatanodeCommand type=deleteBlocksCommand with id=1571890889268 timed out. Retrying.
2019-10-24 04:21:32,271 [SCMBlockDeletingService#0] INFO  block.SCMBlockDeletingService (SCMBlockDeletingService.java:call(184)) - Totally added 1 delete blocks command for 1 datanodes, task elapsed time: 1ms
2019-10-24 04:21:32,588 [BlockDeletingService#2] WARN  background.BlockDeletingService (BlockDeletingService.java:isDeletionAllowed(187)) - Close Container log Index 6 is not replicated across allthe servers in the pipeline 9f202be1-23c1-4e96-9103-74cce82b9a43 as the min replicated index is 4. Deletion is not allowed in this container yet.
2019-10-24 04:21:32,588 [BlockDeletingService#7] WARN  background.BlockDeletingService (BlockDeletingService.java:isDeletionAllowed(187)) - Close Container log Index 6 is not replicated across allthe servers in the pipeline 9f202be1-23c1-4e96-9103-74cce82b9a43 as the min replicated index is 4. Deletion is not allowed in this container yet.
2019-10-24 04:21:32,828 [Datanode State Machine Thread - 0] INFO  ozoneimpl.OzoneContainer (OzoneContainer.java:start(213)) - Attempting to start container services.
2019-10-24 04:21:32,829 [Datanode State Machine Thread - 0] INFO  ozoneimpl.OzoneContainer (OzoneContainer.java:startContainerScrub(177)) - Background container scanner has been disabled.
2019-10-24 04:21:32,829 [Datanode State Machine Thread - 0] INFO  ratis.XceiverServerRatis (XceiverServerRatis.java:start(418)) - Starting XceiverServerRatis 7770f8c7-01fb-43d9-b34c-02757d82bdbb at port 34239
2019-10-24 04:21:32,836 [Datanode State Machine Thread - 0] INFO  impl.RaftServerImpl (RaftServerImpl.java:start(184)) - 7770f8c7-01fb-43d9-b34c-02757d82bdbb@group-39432DB2F660: start as a follower, conf=0: [7770f8c7-01fb-43d9-b34c-02757d82bdbb:192.168.69.119:34239], old=null
2019-10-24 04:21:32,837 [ForkJoinPool.commonPool-worker-1] INFO  impl.RaftServerImpl (RaftServerImpl.java:start(184)) - 7770f8c7-01fb-43d9-b34c-02757d82bdbb@group-74CCE82B9A43: start as a follower, conf=0: [061ed049-4de7-4292-8db3-b6c544105954:192.168.69.119:41000, 7770f8c7-01fb-43d9-b34c-02757d82bdbb:192.168.69.119:34239, e3498cd7-eaa3-4a2f-a67e-ea1e9c2005a9:192.168.69.119:33836], old=null
2019-10-24 04:21:32,837 [Datanode State Machine Thread - 0] INFO  impl.RaftServerImpl (RaftServerImpl.java:setRole(173)) - 7770f8c7-01fb-43d9-b34c-02757d82bdbb@group-39432DB2F660: changes role from      null to FOLLOWER at term 1 for startAsFollower
2019-10-24 04:21:32,837 [ForkJoinPool.commonPool-worker-1] INFO  impl.RaftServerImpl (RaftServerImpl.java:setRole(173)) - 7770f8c7-01fb-43d9-b34c-02757d82bdbb@group-74CCE82B9A43: changes role from      null to FOLLOWER at term 1 for startAsFollower
2019-10-24 04:21:32,837 [Datanode State Machine Thread - 0] INFO  impl.RoleInfo (RoleInfo.java:updateAndGet(143)) - 7770f8c7-01fb-43d9-b34c-02757d82bdbb: start FollowerState
2019-10-24 04:21:32,837 [ForkJoinPool.commonPool-worker-1] INFO  impl.RoleInfo (RoleInfo.java:updateAndGet(143)) - 7770f8c7-01fb-43d9-b34c-02757d82bdbb: start FollowerState
2019-10-24 04:21:32,838 [ForkJoinPool.commonPool-worker-1] INFO  util.JmxRegister (JmxRegister.java:tryRegister(44)) - Successfully registered JMX Bean with object name Ratis:service=RaftServer,group=group-74CCE82B9A43,id=7770f8c7-01fb-43d9-b34c-02757d82bdbb
2019-10-24 04:21:32,838 [Datanode State Machine Thread - 0] INFO  util.JmxRegister (JmxRegister.java:tryRegister(44)) - Successfully registered JMX Bean with object name Ratis:service=RaftServer,group=group-39432DB2F660,id=7770f8c7-01fb-43d9-b34c-02757d82bdbb
2019-10-24 04:21:32,839 [Datanode State Machine Thread - 0] INFO  impl.RaftServerProxy (RaftServerProxy.java:lambda$start$3(299)) - 7770f8c7-01fb-43d9-b34c-02757d82bdbb: start RPC server
2019-10-24 04:21:32,840 [Datanode State Machine Thread - 0] INFO  server.GrpcService (GrpcService.java:startImpl(158)) - 7770f8c7-01fb-43d9-b34c-02757d82bdbb: GrpcService started, listening on 0.0.0.0/0.0.0.0:34239
2019-10-24 04:21:33,271 [pool-7-thread-4] INFO  commands.RetriableDatanodeEventWatcher (RetriableDatanodeEventWatcher.java:onTimeout(47)) - RetriableDatanodeCommand type=deleteBlocksCommand with id=1571890889273 timed out. Retrying.
2019-10-24 04:21:33,272 [pool-7-thread-4] INFO  commands.RetriableDatanodeEventWatcher (RetriableDatanodeEventWatcher.java:onTimeout(47)) - RetriableDatanodeCommand type=deleteBlocksCommand with id=1571890889271 timed out. Retrying.
2019-10-24 04:21:33,272 [pool-7-thread-1] INFO  commands.RetriableDatanodeEventWatcher (RetriableDatanodeEventWatcher.java:onTimeout(47)) - RetriableDatanodeCommand type=deleteBlocksCommand with id=1571890889268 timed out. Retrying.
2019-10-24 04:21:33,272 [pool-7-thread-3] INFO  commands.RetriableDatanodeEventWatcher (RetriableDatanodeEventWatcher.java:onTimeout(47)) - RetriableDatanodeCommand type=deleteBlocksCommand with id=1571890889274 timed out. Retrying.
2019-10-24 04:21:33,273 [SCMBlockDeletingService#0] INFO  block.SCMBlockDeletingService (SCMBlockDeletingService.java:call(184)) - Totally added 1 delete blocks command for 1 datanodes, task elapsed time: 1ms
2019-10-24 04:21:33,590 [BlockDeletingService#2] WARN  background.BlockDeletingService (BlockDeletingService.java:isDeletionAllowed(187)) - Close Container log Index 6 is not replicated across allthe servers in the pipeline 9f202be1-23c1-4e96-9103-74cce82b9a43 as the min replicated index is 4. Deletion is not allowed in this container yet.
2019-10-24 04:21:33,590 [BlockDeletingService#7] WARN  background.BlockDeletingService (BlockDeletingService.java:isDeletionAllowed(187)) - Close Container log Index 6 is not replicated across allthe servers in the pipeline 9f202be1-23c1-4e96-9103-74cce82b9a43 as the min replicated index is 4. Deletion is not allowed in this container yet.
2019-10-24 04:21:34,272 [pool-7-thread-1] INFO  commands.RetriableDatanodeEventWatcher (RetriableDatanodeEventWatcher.java:onTimeout(47)) - RetriableDatanodeCommand type=deleteBlocksCommand with id=1571890889273 timed out. Retrying.
2019-10-24 04:21:34,272 [pool-7-thread-3] INFO  commands.RetriableDatanodeEventWatcher (RetriableDatanodeEventWatcher.java:onTimeout(47)) - RetriableDatanodeCommand type=deleteBlocksCommand with id=1571890889271 timed out. Retrying.
2019-10-24 04:21:34,273 [pool-7-thread-3] INFO  commands.RetriableDatanodeEventWatcher (RetriableDatanodeEventWatcher.java:onTimeout(47)) - RetriableDatanodeCommand type=deleteBlocksCommand with id=1571890889268 timed out. Retrying.
2019-10-24 04:21:34,273 [pool-7-thread-4] INFO  commands.RetriableDatanodeEventWatcher (RetriableDatanodeEventWatcher.java:onTimeout(47)) - RetriableDatanodeCommand type=deleteBlocksCommand with id=1571890889275 timed out. Retrying.
2019-10-24 04:21:34,273 [pool-7-thread-1] INFO  commands.RetriableDatanodeEventWatcher (RetriableDatanodeEventWatcher.java:onTimeout(47)) - RetriableDatanodeCommand type=deleteBlocksCommand with id=1571890889274 timed out. Retrying.
2019-10-24 04:21:34,284 [SCMBlockDeletingService#0] INFO  block.SCMBlockDeletingService (SCMBlockDeletingService.java:call(184)) - Totally added 1 delete blocks command for 1 datanodes, task elapsed time: 9ms
2019-10-24 04:21:34,591 [BlockDeletingService#2] WARN  background.BlockDeletingService (BlockDeletingService.java:isDeletionAllowed(187)) - Close Container log Index 6 is not replicated across allthe servers in the pipeline 9f202be1-23c1-4e96-9103-74cce82b9a43 as the min replicated index is 4. Deletion is not allowed in this container yet.
2019-10-24 04:21:34,591 [BlockDeletingService#7] WARN  background.BlockDeletingService (BlockDeletingService.java:isDeletionAllowed(187)) - Close Container log Index 6 is not replicated across allthe servers in the pipeline 9f202be1-23c1-4e96-9103-74cce82b9a43 as the min replicated index is 4. Deletion is not allowed in this container yet.
2019-10-24 04:21:34,608 [java.util.concurrent.ThreadPoolExecutor$Worker@4fa1d99e[State = -1, empty queue]] WARN  server.GrpcLogAppender (GrpcLogAppender.java:timeoutAppendRequest(209)) - 061ed049-4de7-4292-8db3-b6c544105954@group-74CCE82B9A43->7770f8c7-01fb-43d9-b34c-02757d82bdbb-GrpcLogAppender: appendEntries Timeout, request=061ed049-4de7-4292-8db3-b6c544105954->7770f8c7-01fb-43d9-b34c-02757d82bdbb#52-t1, previous=(t:1, i:10), leaderCommit=10, initializing? false, entries: <empty>
2019-10-24 04:21:34,829 [EventQueue-PendingDeleteStatusForPendingDeleteHandler] INFO  block.SCMBlockDeletingService (SCMBlockDeletingService.java:handlePendingDeletes(115)) - Block deletion txnID mismatch in datanode 7770f8c7-01fb-43d9-b34c-02757d82bdbb for containerID 1. Datanode delete txnID: 0, SCM txnID: 1
2019-10-24 04:21:35,272 [pool-7-thread-1] INFO  commands.RetriableDatanodeEventWatcher (RetriableDatanodeEventWatcher.java:onTimeout(47)) - RetriableDatanodeCommand type=deleteBlocksCommand with id=1571890889271 timed out. Retrying.
2019-10-24 04:21:35,273 [pool-7-thread-4] INFO  commands.RetriableDatanodeEventWatcher (RetriableDatanodeEventWatcher.java:onTimeout(47)) - RetriableDatanodeCommand type=deleteBlocksCommand with id=1571890889273 timed out. Retrying.
2019-10-24 04:21:35,274 [pool-7-thread-4] INFO  commands.RetriableDatanodeEventWatcher (RetriableDatanodeEventWatcher.java:onTimeout(47)) - RetriableDatanodeCommand type=deleteBlocksCommand with id=1571890889268 timed out. Retrying.
2019-10-24 04:21:35,274 [pool-7-thread-1] INFO  commands.RetriableDatanodeEventWatcher (RetriableDatanodeEventWatcher.java:onTimeout(47)) - RetriableDatanodeCommand type=deleteBlocksCommand with id=1571890889274 timed out. Retrying.
2019-10-24 04:21:35,274 [pool-7-thread-3] INFO  commands.RetriableDatanodeEventWatcher (RetriableDatanodeEventWatcher.java:onTimeout(47)) - RetriableDatanodeCommand type=deleteBlocksCommand with id=1571890889275 timed out. Retrying.
2019-10-24 04:21:35,281 [pool-7-thread-3] INFO  commands.RetriableDatanodeEventWatcher (RetriableDatanodeEventWatcher.java:onTimeout(47)) - RetriableDatanodeCommand type=deleteBlocksCommand with id=1571890889276 timed out. Retrying.
2019-10-24 04:21:35,286 [SCMBlockDeletingService#0] INFO  block.SCMBlockDeletingService (SCMBlockDeletingService.java:call(184)) - Totally added 1 delete blocks command for 1 datanodes, task elapsed time: 1ms
2019-10-24 04:21:35,592 [BlockDeletingService#2] WARN  background.BlockDeletingService (BlockDeletingService.java:isDeletionAllowed(187)) - Close Container log Index 6 is not replicated across allthe servers in the pipeline 9f202be1-23c1-4e96-9103-74cce82b9a43 as the min replicated index is 4. Deletion is not allowed in this container yet.
2019-10-24 04:21:35,592 [BlockDeletingService#7] WARN  background.BlockDeletingService (BlockDeletingService.java:isDeletionAllowed(187)) - Close Container log Index 6 is not replicated across allthe servers in the pipeline 9f202be1-23c1-4e96-9103-74cce82b9a43 as the min replicated index is 4. Deletion is not allowed in this container yet.
2019-10-24 04:21:36,272 [pool-7-thread-3] INFO  commands.RetriableDatanodeEventWatcher (RetriableDatanodeEventWatcher.java:onTimeout(47)) - RetriableDatanodeCommand type=deleteBlocksCommand with id=1571890889271 timed out. Retrying.
2019-10-24 04:21:36,273 [pool-7-thread-1] INFO  commands.RetriableDatanodeEventWatcher (RetriableDatanodeEventWatcher.java:onTimeout(47)) - RetriableDatanodeCommand type=deleteBlocksCommand with id=1571890889273 timed out. Retrying.
2019-10-24 04:21:36,274 [pool-7-thread-1] INFO  commands.RetriableDatanodeEventWatcher (RetriableDatanodeEventWatcher.java:onTimeout(47)) - RetriableDatanodeCommand type=deleteBlocksCommand with id=1571890889268 timed out. Retrying.
2019-10-24 04:21:36,274 [pool-7-thread-3] INFO  commands.RetriableDatanodeEventWatcher (RetriableDatanodeEventWatcher.java:onTimeout(47)) - RetriableDatanodeCommand type=deleteBlocksCommand with id=1571890889274 timed out. Retrying.
2019-10-24 04:21:36,275 [pool-7-thread-4] INFO  commands.RetriableDatanodeEventWatcher (RetriableDatanodeEventWatcher.java:onTimeout(47)) - RetriableDatanodeCommand type=deleteBlocksCommand with id=1571890889275 timed out. Retrying.
2019-10-24 04:21:36,281 [pool-7-thread-4] INFO  commands.RetriableDatanodeEventWatcher (RetriableDatanodeEventWatcher.java:onTimeout(47)) - RetriableDatanodeCommand type=deleteBlocksCommand with id=1571890889276 timed out. Retrying.
2019-10-24 04:21:36,285 [pool-7-thread-4] INFO  commands.RetriableDatanodeEventWatcher (RetriableDatanodeEventWatcher.java:onTimeout(47)) - RetriableDatanodeCommand type=deleteBlocksCommand with id=1571890889277 timed out. Retrying.
2019-10-24 04:21:36,287 [SCMBlockDeletingService#0] INFO  block.SCMBlockDeletingService (SCMBlockDeletingService.java:call(184)) - Totally added 1 delete blocks command for 1 datanodes, task elapsed time: 0ms
2019-10-24 04:21:36,594 [BlockDeletingService#7] WARN  background.BlockDeletingService (BlockDeletingService.java:isDeletionAllowed(187)) - Close Container log Index 6 is not replicated across allthe servers in the pipeline 9f202be1-23c1-4e96-9103-74cce82b9a43 as the min replicated index is 4. Deletion is not allowed in this container yet.
2019-10-24 04:21:36,594 [BlockDeletingService#2] WARN  background.BlockDeletingService (BlockDeletingService.java:isDeletionAllowed(187)) - Close Container log Index 6 is not replicated across allthe servers in the pipeline 9f202be1-23c1-4e96-9103-74cce82b9a43 as the min replicated index is 4. Deletion is not allowed in this container yet.
2019-10-24 04:21:36,827 [EventQueue-PendingDeleteStatusForPendingDeleteHandler] INFO  block.SCMBlockDeletingService (SCMBlockDeletingService.java:handlePendingDeletes(115)) - Block deletion txnID mismatch in datanode 7770f8c7-01fb-43d9-b34c-02757d82bdbb for containerID 1. Datanode delete txnID: 0, SCM txnID: 1
2019-10-24 04:21:36,910 [grpc-default-executor-4] INFO  impl.RaftServerProxy (RaftServerProxy.java:addNew(89)) - 7770f8c7-01fb-43d9-b34c-02757d82bdbb: addNew group-8028A8759D90:[7770f8c7-01fb-43d9-b34c-02757d82bdbb:192.168.69.119:34239] returns group-8028A8759D90:java.util.concurrent.CompletableFuture@6ccc715e[Not completed]
2019-10-24 04:21:36,912 [pool-59-thread-1] INFO  impl.RaftServerImpl (RaftServerImpl.java:<init>(98)) - 7770f8c7-01fb-43d9-b34c-02757d82bdbb: new RaftServerImpl for group-8028A8759D90:[7770f8c7-01fb-43d9-b34c-02757d82bdbb:192.168.69.119:34239] with ContainerStateMachine:uninitialized
2019-10-24 04:21:36,912 [pool-59-thread-1] INFO  server.RaftServerConfigKeys (ConfUtils.java:logGet(43)) - raft.server.rpc.timeout.min = 5s (custom)
2019-10-24 04:21:36,912 [pool-59-thread-1] INFO  server.RaftServerConfigKeys (ConfUtils.java:logGet(43)) - raft.server.rpc.timeout.max = 5200ms (custom)
2019-10-24 04:21:36,912 [pool-59-thread-1] INFO  server.RaftServerConfigKeys (ConfUtils.java:logGet(43)) - raft.server.rpcslowness.timeout = 1000s (custom)
2019-10-24 04:21:36,912 [pool-59-thread-1] INFO  server.RaftServerConfigKeys (ConfUtils.java:logGet(43)) - raft.server.sleep.deviation.threshold = 300 (default)
2019-10-24 04:21:36,912 [pool-59-thread-1] INFO  server.RaftServerConfigKeys (ConfUtils.java:logGet(43)) - raft.server.log.appender.install.snapshot.enabled = false (custom)
2019-10-24 04:21:36,913 [pool-59-thread-1] INFO  impl.RaftServerImpl (ServerState.java:<init>(103)) - 7770f8c7-01fb-43d9-b34c-02757d82bdbb@group-8028A8759D90: ConfigurationManager, init=-1: [7770f8c7-01fb-43d9-b34c-02757d82bdbb:192.168.69.119:34239], old=null, confs=<EMPTY_MAP>
2019-10-24 04:21:36,913 [pool-59-thread-1] INFO  server.RaftServerConfigKeys (ConfUtils.java:logGet(43)) - raft.server.storage.dir = [/workdir/hadoop-ozone/integration-test/target/test-dir/MiniOzoneClusterImpl-130f5b65-2f93-4feb-bc6d-4f491c54915a/datanode-2/data/ratis] (custom)
2019-10-24 04:21:36,913 [pool-59-thread-1] INFO  server.RaftServerConfigKeys (ConfUtils.java:logGet(43)) - raft.server.log.corruption.policy = EXCEPTION (default)
2019-10-24 04:21:36,913 [pool-59-thread-1] INFO  storage.RaftStorageDirectory (RaftStorageDirectory.java:analyzeStorage(246)) - The storage directory /workdir/hadoop-ozone/integration-test/target/test-dir/MiniOzoneClusterImpl-130f5b65-2f93-4feb-bc6d-4f491c54915a/datanode-2/data/ratis/862a84b9-9c6b-46b7-9b53-8028a8759d90 does not exist. Creating ...
2019-10-24 04:21:36,928 [pool-59-thread-1] INFO  storage.RaftStorageDirectory (RaftStorageDirectory.java:tryLock(328)) - Lock on /workdir/hadoop-ozone/integration-test/target/test-dir/MiniOzoneClusterImpl-130f5b65-2f93-4feb-bc6d-4f491c54915a/datanode-2/data/ratis/862a84b9-9c6b-46b7-9b53-8028a8759d90/in_use.lock acquired by nodename 14263@pr-hdds-2354-xrwnf-3238337902
2019-10-24 04:21:36,943 [pool-59-thread-1] INFO  storage.RaftStorage (RaftStorage.java:format(84)) - Storage directory /workdir/hadoop-ozone/integration-test/target/test-dir/MiniOzoneClusterImpl-130f5b65-2f93-4feb-bc6d-4f491c54915a/datanode-2/data/ratis/862a84b9-9c6b-46b7-9b53-8028a8759d90 has been successfully formatted.
2019-10-24 04:21:36,943 [pool-59-thread-1] INFO  ratis.ContainerStateMachine (ContainerStateMachine.java:loadSnapshot(231)) - group-8028A8759D90: The snapshot info is null. Setting the last applied indexto:(t:0, i:~)
2019-10-24 04:21:36,944 [pool-59-thread-1] INFO  server.RaftServerConfigKeys (ConfUtils.java:logGet(43)) - raft.server.notification.no-leader.timeout = 1000s (custom)
2019-10-24 04:21:36,944 [pool-59-thread-1] INFO  server.RaftServerConfigKeys (ConfUtils.java:logGet(43)) - raft.server.log.use.memory = false (default)
2019-10-24 04:21:36,944 [pool-59-thread-1] INFO  server.RaftServerConfigKeys (ConfUtils.java:logGet(43)) - raft.server.log.purge.gap = 1000000 (custom)
2019-10-24 04:21:36,944 [pool-59-thread-1] INFO  server.RaftServerConfigKeys (ConfUtils.java:logGet(43)) - raft.server.log.appender.buffer.byte-limit = 33554432 (custom)
2019-10-24 04:21:36,944 [pool-59-thread-1] INFO  server.RaftServerConfigKeys (ConfUtils.java:logGet(43)) - raft.server.log.segment.size.max = 1048576 (custom)
2019-10-24 04:21:36,945 [pool-59-thread-1] INFO  server.RaftServerConfigKeys (ConfUtils.java:logGet(43)) - raft.server.log.segment.cache.num.max = 2 (custom)
2019-10-24 04:21:36,945 [pool-59-thread-1] INFO  segmented.SegmentedRaftLogWorker (SegmentedRaftLogWorker.java:<init>(173)) - new 7770f8c7-01fb-43d9-b34c-02757d82bdbb@group-8028A8759D90-SegmentedRaftLogWorker for RaftStorage:Storage Directory /workdir/hadoop-ozone/integration-test/target/test-dir/MiniOzoneClusterImpl-130f5b65-2f93-4feb-bc6d-4f491c54915a/datanode-2/data/ratis/862a84b9-9c6b-46b7-9b53-8028a8759d90
2019-10-24 04:21:36,945 [pool-59-thread-1] INFO  server.RaftServerConfigKeys (ConfUtils.java:logGet(43)) - raft.server.log.queue.byte-limit = 2147483647 (custom)
2019-10-24 04:21:36,945 [pool-59-thread-1] INFO  server.RaftServerConfigKeys (ConfUtils.java:logGet(43)) - raft.server.log.queue.element-limit = 1024 (custom)
2019-10-24 04:21:36,945 [pool-59-thread-1] INFO  server.RaftServerConfigKeys (ConfUtils.java:logGet(43)) - raft.server.log.segment.size.max = 1048576 (custom)
2019-10-24 04:21:36,945 [pool-59-thread-1] INFO  server.RaftServerConfigKeys (ConfUtils.java:logGet(43)) - raft.server.log.preallocated.size = 16384 (custom)
2019-10-24 04:21:36,945 [pool-59-thread-1] INFO  server.RaftServerConfigKeys (ConfUtils.java:logGet(43)) - raft.server.log.write.buffer.size = 33554432 (custom)
2019-10-24 04:21:36,946 [pool-59-thread-1] INFO  server.RaftServerConfigKeys (ConfUtils.java:logGet(43)) - raft.server.log.force.sync.num = 128 (default)
2019-10-24 04:21:36,946 [pool-59-thread-1] INFO  server.RaftServerConfigKeys (ConfUtils.java:logGet(43)) - raft.server.log.statemachine.data.sync = true (default)
2019-10-24 04:21:36,946 [pool-59-thread-1] INFO  server.RaftServerConfigKeys (ConfUtils.java:logGet(43)) - raft.server.log.statemachine.data.sync.timeout = 10s (default)
2019-10-24 04:21:36,946 [pool-59-thread-1] INFO  server.RaftServerConfigKeys (ConfUtils.java:logGet(43)) - raft.server.log.statemachine.data.sync.timeout.retry = -1 (default)
2019-10-24 04:21:36,946 [pool-59-thread-1] INFO  server.RaftServerConfigKeys (ConfUtils.java:logGet(43)) - raft.server.log.statemachine.data.caching.enabled = true (custom)
2019-10-24 04:21:36,946 [pool-59-thread-1] INFO  segmented.SegmentedRaftLogWorker (SegmentedRaftLogWorker.java:lambda$new$0(128)) - 7770f8c7-01fb-43d9-b34c-02757d82bdbb@group-8028A8759D90-SegmentedRaftLogWorker: flushIndex: setUnconditionally 0 -> -1
2019-10-24 04:21:36,947 [pool-59-thread-1] INFO  server.RaftServerConfigKeys (ConfUtils.java:logGet(43)) - raft.server.snapshot.auto.trigger.enabled = true (custom)
2019-10-24 04:21:36,947 [pool-59-thread-1] INFO  server.RaftServerConfigKeys (ConfUtils.java:logGet(43)) - raft.server.snapshot.auto.trigger.threshold = 10000 (custom)
2019-10-24 04:21:36,947 [pool-59-thread-1] INFO  server.RaftServerConfigKeys (ConfUtils.java:logGet(43)) - raft.server.snapshot.retention.file.num = 5 (custom)
2019-10-24 04:21:36,947 [pool-59-thread-1] INFO  server.RaftServerConfigKeys (ConfUtils.java:logGet(43)) - raft.server.retrycache.expirytime = 600000ms (custom)
2019-10-24 04:21:36,948 [pool-59-thread-1] WARN  impl.MetricRegistriesImpl (MetricRegistriesImpl.java:lambda$create$1(61)) - First MetricRegistry has been created without registering reporters. You may need to call MetricRegistries.global().addReportRegistration(...) before.
2019-10-24 04:21:36,948 [pool-59-thread-1] WARN  impl.MetricRegistriesImpl (MetricRegistriesImpl.java:lambda$create$1(61)) - First MetricRegistry has been created without registering reporters. You may need to call MetricRegistries.global().addReportRegistration(...) before.
2019-10-24 04:21:36,948 [pool-59-thread-1] INFO  impl.RaftServerImpl (RaftServerImpl.java:start(184)) - 7770f8c7-01fb-43d9-b34c-02757d82bdbb@group-8028A8759D90: start as a follower, conf=-1: [7770f8c7-01fb-43d9-b34c-02757d82bdbb:192.168.69.119:34239], old=null
2019-10-24 04:21:36,948 [pool-59-thread-1] INFO  impl.RaftServerImpl (RaftServerImpl.java:setRole(173)) - 7770f8c7-01fb-43d9-b34c-02757d82bdbb@group-8028A8759D90: changes role from      null to FOLLOWER at term 0 for startAsFollower
2019-10-24 04:21:36,948 [pool-59-thread-1] INFO  impl.RoleInfo (RoleInfo.java:updateAndGet(143)) - 7770f8c7-01fb-43d9-b34c-02757d82bdbb: start FollowerState
2019-10-24 04:21:36,949 [pool-59-thread-1] INFO  util.JmxRegister (JmxRegister.java:tryRegister(44)) - Successfully registered JMX Bean with object name Ratis:service=RaftServer,group=group-8028A8759D90,id=7770f8c7-01fb-43d9-b34c-02757d82bdbb
2019-10-24 04:21:36,949 [pool-59-thread-1] WARN  impl.MetricRegistriesImpl (MetricRegistriesImpl.java:lambda$create$1(61)) - First MetricRegistry has been created without registering reporters. You may need to call MetricRegistries.global().addReportRegistration(...) before.
2019-10-24 04:21:36,956 [RatisPipelineUtilsThread] INFO  pipeline.PipelineStateManager (PipelineStateManager.java:addPipeline(56)) - Created pipeline Pipeline[ Id: 862a84b9-9c6b-46b7-9b53-8028a8759d90, Nodes: 7770f8c7-01fb-43d9-b34c-02757d82bdbb{ip: 192.168.69.119, host: pr-hdds-2354-xrwnf-3238337902, networkLocation: /default-rack, certSerialId: null}, Type:RATIS, Factor:ONE, State:OPEN]
2019-10-24 04:21:36,966 [grpc-default-executor-3] INFO  impl.RaftServerProxy (RaftServerProxy.java:addNew(89)) - 061ed049-4de7-4292-8db3-b6c544105954: addNew group-CF3582B2AE68:[061ed049-4de7-4292-8db3-b6c544105954:192.168.69.119:41000, 7770f8c7-01fb-43d9-b34c-02757d82bdbb:192.168.69.119:34239, e3498cd7-eaa3-4a2f-a67e-ea1e9c2005a9:192.168.69.119:33836] returns group-CF3582B2AE68:java.util.concurrent.CompletableFuture@4a527d19[Not completed]
2019-10-24 04:21:36,966 [grpc-default-executor-4] INFO  impl.RaftServerProxy (RaftServerProxy.java:addNew(89)) - e3498cd7-eaa3-4a2f-a67e-ea1e9c2005a9: addNew group-CF3582B2AE68:[061ed049-4de7-4292-8db3-b6c544105954:192.168.69.119:41000, 7770f8c7-01fb-43d9-b34c-02757d82bdbb:192.168.69.119:34239, e3498cd7-eaa3-4a2f-a67e-ea1e9c2005a9:192.168.69.119:33836] returns group-CF3582B2AE68:java.util.concurrent.CompletableFuture@5d6a3ef7[Not completed]
2019-10-24 04:21:36,966 [grpc-default-executor-2] INFO  impl.RaftServerProxy (RaftServerProxy.java:addNew(89)) - 7770f8c7-01fb-43d9-b34c-02757d82bdbb: addNew group-CF3582B2AE68:[061ed049-4de7-4292-8db3-b6c544105954:192.168.69.119:41000, 7770f8c7-01fb-43d9-b34c-02757d82bdbb:192.168.69.119:34239, e3498cd7-eaa3-4a2f-a67e-ea1e9c2005a9:192.168.69.119:33836] returns group-CF3582B2AE68:java.util.concurrent.CompletableFuture@4a4fd479[Not completed]
2019-10-24 04:21:36,967 [pool-59-thread-1] INFO  impl.RaftServerImpl (RaftServerImpl.java:<init>(98)) - 7770f8c7-01fb-43d9-b34c-02757d82bdbb: new RaftServerImpl for group-CF3582B2AE68:[061ed049-4de7-4292-8db3-b6c544105954:192.168.69.119:41000, 7770f8c7-01fb-43d9-b34c-02757d82bdbb:192.168.69.119:34239, e3498cd7-eaa3-4a2f-a67e-ea1e9c2005a9:192.168.69.119:33836] with ContainerStateMachine:uninitialized
2019-10-24 04:21:36,968 [pool-59-thread-1] INFO  server.RaftServerConfigKeys (ConfUtils.java:logGet(43)) - raft.server.rpc.timeout.min = 5s (custom)
2019-10-24 04:21:36,968 [pool-59-thread-1] INFO  server.RaftServerConfigKeys (ConfUtils.java:logGet(43)) - raft.server.rpc.timeout.max = 5200ms (custom)
2019-10-24 04:21:36,968 [pool-59-thread-1] INFO  server.RaftServerConfigKeys (ConfUtils.java:logGet(43)) - raft.server.rpcslowness.timeout = 1000s (custom)
2019-10-24 04:21:36,968 [pool-59-thread-1] INFO  server.RaftServerConfigKeys (ConfUtils.java:logGet(43)) - raft.server.sleep.deviation.threshold = 300 (default)
2019-10-24 04:21:36,968 [pool-59-thread-1] INFO  server.RaftServerConfigKeys (ConfUtils.java:logGet(43)) - raft.server.log.appender.install.snapshot.enabled = false (custom)
2019-10-24 04:21:36,968 [pool-59-thread-1] INFO  impl.RaftServerImpl (ServerState.java:<init>(103)) - 7770f8c7-01fb-43d9-b34c-02757d82bdbb@group-CF3582B2AE68: ConfigurationManager, init=-1: [061ed049-4de7-4292-8db3-b6c544105954:192.168.69.119:41000, 7770f8c7-01fb-43d9-b34c-02757d82bdbb:192.168.69.119:34239, e3498cd7-eaa3-4a2f-a67e-ea1e9c2005a9:192.168.69.119:33836], old=null, confs=<EMPTY_MAP>
2019-10-24 04:21:36,968 [pool-59-thread-1] INFO  server.RaftServerConfigKeys (ConfUtils.java:logGet(43)) - raft.server.storage.dir = [/workdir/hadoop-ozone/integration-test/target/test-dir/MiniOzoneClusterImpl-130f5b65-2f93-4feb-bc6d-4f491c54915a/datanode-2/data/ratis] (custom)
2019-10-24 04:21:36,968 [pool-27-thread-1] INFO  impl.RaftServerImpl (RaftServerImpl.java:<init>(98)) - 061ed049-4de7-4292-8db3-b6c544105954: new RaftServerImpl for group-CF3582B2AE68:[061ed049-4de7-4292-8db3-b6c544105954:192.168.69.119:41000, 7770f8c7-01fb-43d9-b34c-02757d82bdbb:192.168.69.119:34239, e3498cd7-eaa3-4a2f-a67e-ea1e9c2005a9:192.168.69.119:33836] with ContainerStateMachine:uninitialized
2019-10-24 04:21:36,969 [pool-59-thread-1] INFO  server.RaftServerConfigKeys (ConfUtils.java:logGet(43)) - raft.server.log.corruption.policy = EXCEPTION (default)
2019-10-24 04:21:36,969 [pool-27-thread-1] INFO  server.RaftServerConfigKeys (ConfUtils.java:logGet(43)) - raft.server.rpc.timeout.min = 5s (custom)
2019-10-24 04:21:36,969 [pool-59-thread-1] INFO  storage.RaftStorageDirectory (RaftStorageDirectory.java:analyzeStorage(246)) - The storage directory /workdir/hadoop-ozone/integration-test/target/test-dir/MiniOzoneClusterImpl-130f5b65-2f93-4feb-bc6d-4f491c54915a/datanode-2/data/ratis/40dabbde-b1c7-4a0c-bc14-cf3582b2ae68 does not exist. Creating ...
2019-10-24 04:21:36,969 [pool-27-thread-1] INFO  server.RaftServerConfigKeys (ConfUtils.java:logGet(43)) - raft.server.rpc.timeout.max = 5200ms (custom)
2019-10-24 04:21:36,969 [pool-27-thread-1] INFO  server.RaftServerConfigKeys (ConfUtils.java:logGet(43)) - raft.server.rpcslowness.timeout = 1000s (custom)
2019-10-24 04:21:36,969 [pool-27-thread-1] INFO  server.RaftServerConfigKeys (ConfUtils.java:logGet(43)) - raft.server.sleep.deviation.threshold = 300 (default)
2019-10-24 04:21:36,969 [pool-27-thread-1] INFO  server.RaftServerConfigKeys (ConfUtils.java:logGet(43)) - raft.server.log.appender.install.snapshot.enabled = false (custom)
2019-10-24 04:21:36,969 [pool-37-thread-1] INFO  impl.RaftServerImpl (RaftServerImpl.java:<init>(98)) - e3498cd7-eaa3-4a2f-a67e-ea1e9c2005a9: new RaftServerImpl for group-CF3582B2AE68:[061ed049-4de7-4292-8db3-b6c544105954:192.168.69.119:41000, 7770f8c7-01fb-43d9-b34c-02757d82bdbb:192.168.69.119:34239, e3498cd7-eaa3-4a2f-a67e-ea1e9c2005a9:192.168.69.119:33836] with ContainerStateMachine:uninitialized
2019-10-24 04:21:36,969 [pool-27-thread-1] INFO  impl.RaftServerImpl (ServerState.java:<init>(103)) - 061ed049-4de7-4292-8db3-b6c544105954@group-CF3582B2AE68: ConfigurationManager, init=-1: [061ed049-4de7-4292-8db3-b6c544105954:192.168.69.119:41000, 7770f8c7-01fb-43d9-b34c-02757d82bdbb:192.168.69.119:34239, e3498cd7-eaa3-4a2f-a67e-ea1e9c2005a9:192.168.69.119:33836], old=null, confs=<EMPTY_MAP>
2019-10-24 04:21:36,970 [pool-37-thread-1] INFO  server.RaftServerConfigKeys (ConfUtils.java:logGet(43)) - raft.server.rpc.timeout.min = 5s (custom)
2019-10-24 04:21:36,970 [pool-27-thread-1] INFO  server.RaftServerConfigKeys (ConfUtils.java:logGet(43)) - raft.server.storage.dir = [/workdir/hadoop-ozone/integration-test/target/test-dir/MiniOzoneClusterImpl-130f5b65-2f93-4feb-bc6d-4f491c54915a/datanode-0/data/ratis] (custom)
2019-10-24 04:21:36,970 [pool-37-thread-1] INFO  server.RaftServerConfigKeys (ConfUtils.java:logGet(43)) - raft.server.rpc.timeout.max = 5200ms (custom)
2019-10-24 04:21:36,970 [pool-37-thread-1] INFO  server.RaftServerConfigKeys (ConfUtils.java:logGet(43)) - raft.server.rpcslowness.timeout = 1000s (custom)
2019-10-24 04:21:36,970 [pool-37-thread-1] INFO  server.RaftServerConfigKeys (ConfUtils.java:logGet(43)) - raft.server.sleep.deviation.threshold = 300 (default)
2019-10-24 04:21:36,970 [pool-27-thread-1] INFO  server.RaftServerConfigKeys (ConfUtils.java:logGet(43)) - raft.server.log.corruption.policy = EXCEPTION (default)
2019-10-24 04:21:36,970 [pool-37-thread-1] INFO  server.RaftServerConfigKeys (ConfUtils.java:logGet(43)) - raft.server.log.appender.install.snapshot.enabled = false (custom)
2019-10-24 04:21:36,970 [pool-37-thread-1] INFO  impl.RaftServerImpl (ServerState.java:<init>(103)) - e3498cd7-eaa3-4a2f-a67e-ea1e9c2005a9@group-CF3582B2AE68: ConfigurationManager, init=-1: [061ed049-4de7-4292-8db3-b6c544105954:192.168.69.119:41000, 7770f8c7-01fb-43d9-b34c-02757d82bdbb:192.168.69.119:34239, e3498cd7-eaa3-4a2f-a67e-ea1e9c2005a9:192.168.69.119:33836], old=null, confs=<EMPTY_MAP>
2019-10-24 04:21:36,970 [pool-27-thread-1] INFO  storage.RaftStorageDirectory (RaftStorageDirectory.java:analyzeStorage(246)) - The storage directory /workdir/hadoop-ozone/integration-test/target/test-dir/MiniOzoneClusterImpl-130f5b65-2f93-4feb-bc6d-4f491c54915a/datanode-0/data/ratis/40dabbde-b1c7-4a0c-bc14-cf3582b2ae68 does not exist. Creating ...
2019-10-24 04:21:36,970 [pool-37-thread-1] INFO  server.RaftServerConfigKeys (ConfUtils.java:logGet(43)) - raft.server.storage.dir = [/workdir/hadoop-ozone/integration-test/target/test-dir/MiniOzoneClusterImpl-130f5b65-2f93-4feb-bc6d-4f491c54915a/datanode-1/data/ratis] (custom)
2019-10-24 04:21:36,971 [pool-37-thread-1] INFO  server.RaftServerConfigKeys (ConfUtils.java:logGet(43)) - raft.server.log.corruption.policy = EXCEPTION (default)
2019-10-24 04:21:36,971 [pool-37-thread-1] INFO  storage.RaftStorageDirectory (RaftStorageDirectory.java:analyzeStorage(246)) - The storage directory /workdir/hadoop-ozone/integration-test/target/test-dir/MiniOzoneClusterImpl-130f5b65-2f93-4feb-bc6d-4f491c54915a/datanode-1/data/ratis/40dabbde-b1c7-4a0c-bc14-cf3582b2ae68 does not exist. Creating ...
2019-10-24 04:21:36,980 [pool-27-thread-1] INFO  storage.RaftStorageDirectory (RaftStorageDirectory.java:tryLock(328)) - Lock on /workdir/hadoop-ozone/integration-test/target/test-dir/MiniOzoneClusterImpl-130f5b65-2f93-4feb-bc6d-4f491c54915a/datanode-0/data/ratis/40dabbde-b1c7-4a0c-bc14-cf3582b2ae68/in_use.lock acquired by nodename 14263@pr-hdds-2354-xrwnf-3238337902
2019-10-24 04:21:36,980 [pool-37-thread-1] INFO  storage.RaftStorageDirectory (RaftStorageDirectory.java:tryLock(328)) - Lock on /workdir/hadoop-ozone/integration-test/target/test-dir/MiniOzoneClusterImpl-130f5b65-2f93-4feb-bc6d-4f491c54915a/datanode-1/data/ratis/40dabbde-b1c7-4a0c-bc14-cf3582b2ae68/in_use.lock acquired by nodename 14263@pr-hdds-2354-xrwnf-3238337902
2019-10-24 04:21:36,980 [pool-59-thread-1] INFO  storage.RaftStorageDirectory (RaftStorageDirectory.java:tryLock(328)) - Lock on /workdir/hadoop-ozone/integration-test/target/test-dir/MiniOzoneClusterImpl-130f5b65-2f93-4feb-bc6d-4f491c54915a/datanode-2/data/ratis/40dabbde-b1c7-4a0c-bc14-cf3582b2ae68/in_use.lock acquired by nodename 14263@pr-hdds-2354-xrwnf-3238337902
2019-10-24 04:21:36,994 [pool-27-thread-1] INFO  storage.RaftStorage (RaftStorage.java:format(84)) - Storage directory /workdir/hadoop-ozone/integration-test/target/test-dir/MiniOzoneClusterImpl-130f5b65-2f93-4feb-bc6d-4f491c54915a/datanode-0/data/ratis/40dabbde-b1c7-4a0c-bc14-cf3582b2ae68 has been successfully formatted.
2019-10-24 04:21:36,994 [pool-37-thread-1] INFO  storage.RaftStorage (RaftStorage.java:format(84)) - Storage directory /workdir/hadoop-ozone/integration-test/target/test-dir/MiniOzoneClusterImpl-130f5b65-2f93-4feb-bc6d-4f491c54915a/datanode-1/data/ratis/40dabbde-b1c7-4a0c-bc14-cf3582b2ae68 has been successfully formatted.
2019-10-24 04:21:36,994 [pool-59-thread-1] INFO  storage.RaftStorage (RaftStorage.java:format(84)) - Storage directory /workdir/hadoop-ozone/integration-test/target/test-dir/MiniOzoneClusterImpl-130f5b65-2f93-4feb-bc6d-4f491c54915a/datanode-2/data/ratis/40dabbde-b1c7-4a0c-bc14-cf3582b2ae68 has been successfully formatted.
2019-10-24 04:21:36,994 [pool-27-thread-1] INFO  ratis.ContainerStateMachine (ContainerStateMachine.java:loadSnapshot(231)) - group-CF3582B2AE68: The snapshot info is null. Setting the last applied indexto:(t:0, i:~)
2019-10-24 04:21:36,994 [pool-59-thread-1] INFO  ratis.ContainerStateMachine (ContainerStateMachine.java:loadSnapshot(231)) - group-CF3582B2AE68: The snapshot info is null. Setting the last applied indexto:(t:0, i:~)
2019-10-24 04:21:36,994 [pool-37-thread-1] INFO  ratis.ContainerStateMachine (ContainerStateMachine.java:loadSnapshot(231)) - group-CF3582B2AE68: The snapshot info is null. Setting the last applied indexto:(t:0, i:~)
2019-10-24 04:21:36,995 [pool-59-thread-1] INFO  server.RaftServerConfigKeys (ConfUtils.java:logGet(43)) - raft.server.notification.no-leader.timeout = 1000s (custom)
2019-10-24 04:21:36,995 [pool-27-thread-1] INFO  server.RaftServerConfigKeys (ConfUtils.java:logGet(43)) - raft.server.notification.no-leader.timeout = 1000s (custom)
2019-10-24 04:21:36,995 [pool-59-thread-1] INFO  server.RaftServerConfigKeys (ConfUtils.java:logGet(43)) - raft.server.log.use.memory = false (default)
2019-10-24 04:21:36,995 [pool-37-thread-1] INFO  server.RaftServerConfigKeys (ConfUtils.java:logGet(43)) - raft.server.notification.no-leader.timeout = 1000s (custom)
2019-10-24 04:21:36,995 [pool-59-thread-1] INFO  server.RaftServerConfigKeys (ConfUtils.java:logGet(43)) - raft.server.log.purge.gap = 1000000 (custom)
2019-10-24 04:21:36,995 [pool-27-thread-1] INFO  server.RaftServerConfigKeys (ConfUtils.java:logGet(43)) - raft.server.log.use.memory = false (default)
2019-10-24 04:21:36,995 [pool-59-thread-1] INFO  server.RaftServerConfigKeys (ConfUtils.java:logGet(43)) - raft.server.log.appender.buffer.byte-limit = 33554432 (custom)
2019-10-24 04:21:36,995 [pool-37-thread-1] INFO  server.RaftServerConfigKeys (ConfUtils.java:logGet(43)) - raft.server.log.use.memory = false (default)
2019-10-24 04:21:36,995 [pool-59-thread-1] INFO  server.RaftServerConfigKeys (ConfUtils.java:logGet(43)) - raft.server.log.segment.size.max = 1048576 (custom)
2019-10-24 04:21:36,995 [pool-27-thread-1] INFO  server.RaftServerConfigKeys (ConfUtils.java:logGet(43)) - raft.server.log.purge.gap = 1000000 (custom)
2019-10-24 04:21:36,996 [pool-59-thread-1] INFO  server.RaftServerConfigKeys (ConfUtils.java:logGet(43)) - raft.server.log.segment.cache.num.max = 2 (custom)
2019-10-24 04:21:36,996 [pool-37-thread-1] INFO  server.RaftServerConfigKeys (ConfUtils.java:logGet(43)) - raft.server.log.purge.gap = 1000000 (custom)
2019-10-24 04:21:36,996 [pool-27-thread-1] INFO  server.RaftServerConfigKeys (ConfUtils.java:logGet(43)) - raft.server.log.appender.buffer.byte-limit = 33554432 (custom)
2019-10-24 04:21:36,996 [pool-59-thread-1] INFO  segmented.SegmentedRaftLogWorker (SegmentedRaftLogWorker.java:<init>(173)) - new 7770f8c7-01fb-43d9-b34c-02757d82bdbb@group-CF3582B2AE68-SegmentedRaftLogWorker for RaftStorage:Storage Directory /workdir/hadoop-ozone/integration-test/target/test-dir/MiniOzoneClusterImpl-130f5b65-2f93-4feb-bc6d-4f491c54915a/datanode-2/data/ratis/40dabbde-b1c7-4a0c-bc14-cf3582b2ae68
2019-10-24 04:21:36,996 [pool-37-thread-1] INFO  server.RaftServerConfigKeys (ConfUtils.java:logGet(43)) - raft.server.log.appender.buffer.byte-limit = 33554432 (custom)
2019-10-24 04:21:36,996 [pool-59-thread-1] INFO  server.RaftServerConfigKeys (ConfUtils.java:logGet(43)) - raft.server.log.queue.byte-limit = 2147483647 (custom)
2019-10-24 04:21:36,996 [pool-27-thread-1] INFO  server.RaftServerConfigKeys (ConfUtils.java:logGet(43)) - raft.server.log.segment.size.max = 1048576 (custom)
2019-10-24 04:21:36,996 [pool-59-thread-1] INFO  server.RaftServerConfigKeys (ConfUtils.java:logGet(43)) - raft.server.log.queue.element-limit = 1024 (custom)
2019-10-24 04:21:36,996 [pool-37-thread-1] INFO  server.RaftServerConfigKeys (ConfUtils.java:logGet(43)) - raft.server.log.segment.size.max = 1048576 (custom)
2019-10-24 04:21:36,997 [pool-59-thread-1] INFO  server.RaftServerConfigKeys (ConfUtils.java:logGet(43)) - raft.server.log.segment.size.max = 1048576 (custom)
2019-10-24 04:21:36,996 [pool-27-thread-1] INFO  server.RaftServerConfigKeys (ConfUtils.java:logGet(43)) - raft.server.log.segment.cache.num.max = 2 (custom)
2019-10-24 04:21:36,997 [pool-59-thread-1] INFO  server.RaftServerConfigKeys (ConfUtils.java:logGet(43)) - raft.server.log.preallocated.size = 16384 (custom)
2019-10-24 04:21:36,997 [pool-37-thread-1] INFO  server.RaftServerConfigKeys (ConfUtils.java:logGet(43)) - raft.server.log.segment.cache.num.max = 2 (custom)
2019-10-24 04:21:36,997 [pool-59-thread-1] INFO  server.RaftServerConfigKeys (ConfUtils.java:logGet(43)) - raft.server.log.write.buffer.size = 33554432 (custom)
2019-10-24 04:21:36,997 [pool-27-thread-1] INFO  segmented.SegmentedRaftLogWorker (SegmentedRaftLogWorker.java:<init>(173)) - new 061ed049-4de7-4292-8db3-b6c544105954@group-CF3582B2AE68-SegmentedRaftLogWorker for RaftStorage:Storage Directory /workdir/hadoop-ozone/integration-test/target/test-dir/MiniOzoneClusterImpl-130f5b65-2f93-4feb-bc6d-4f491c54915a/datanode-0/data/ratis/40dabbde-b1c7-4a0c-bc14-cf3582b2ae68
2019-10-24 04:21:36,997 [pool-59-thread-1] INFO  server.RaftServerConfigKeys (ConfUtils.java:logGet(43)) - raft.server.log.force.sync.num = 128 (default)
2019-10-24 04:21:36,997 [pool-37-thread-1] INFO  segmented.SegmentedRaftLogWorker (SegmentedRaftLogWorker.java:<init>(173)) - new e3498cd7-eaa3-4a2f-a67e-ea1e9c2005a9@group-CF3582B2AE68-SegmentedRaftLogWorker for RaftStorage:Storage Directory /workdir/hadoop-ozone/integration-test/target/test-dir/MiniOzoneClusterImpl-130f5b65-2f93-4feb-bc6d-4f491c54915a/datanode-1/data/ratis/40dabbde-b1c7-4a0c-bc14-cf3582b2ae68
2019-10-24 04:21:36,997 [pool-59-thread-1] INFO  server.RaftServerConfigKeys (ConfUtils.java:logGet(43)) - raft.server.log.statemachine.data.sync = true (default)
2019-10-24 04:21:36,997 [pool-27-thread-1] INFO  server.RaftServerConfigKeys (ConfUtils.java:logGet(43)) - raft.server.log.queue.byte-limit = 2147483647 (custom)
2019-10-24 04:21:36,997 [pool-59-thread-1] INFO  server.RaftServerConfigKeys (ConfUtils.java:logGet(43)) - raft.server.log.statemachine.data.sync.timeout = 10s (default)
2019-10-24 04:21:36,997 [pool-37-thread-1] INFO  server.RaftServerConfigKeys (ConfUtils.java:logGet(43)) - raft.server.log.queue.byte-limit = 2147483647 (custom)
2019-10-24 04:21:36,998 [pool-59-thread-1] INFO  server.RaftServerConfigKeys (ConfUtils.java:logGet(43)) - raft.server.log.statemachine.data.sync.timeout.retry = -1 (default)
2019-10-24 04:21:36,998 [pool-27-thread-1] INFO  server.RaftServerConfigKeys (ConfUtils.java:logGet(43)) - raft.server.log.queue.element-limit = 1024 (custom)
2019-10-24 04:21:36,998 [pool-59-thread-1] INFO  server.RaftServerConfigKeys (ConfUtils.java:logGet(43)) - raft.server.log.statemachine.data.caching.enabled = true (custom)
2019-10-24 04:21:36,998 [pool-37-thread-1] INFO  server.RaftServerConfigKeys (ConfUtils.java:logGet(43)) - raft.server.log.queue.element-limit = 1024 (custom)
2019-10-24 04:21:36,998 [pool-27-thread-1] INFO  server.RaftServerConfigKeys (ConfUtils.java:logGet(43)) - raft.server.log.segment.size.max = 1048576 (custom)
2019-10-24 04:21:36,998 [pool-59-thread-1] INFO  segmented.SegmentedRaftLogWorker (SegmentedRaftLogWorker.java:lambda$new$0(128)) - 7770f8c7-01fb-43d9-b34c-02757d82bdbb@group-CF3582B2AE68-SegmentedRaftLogWorker: flushIndex: setUnconditionally 0 -> -1
2019-10-24 04:21:36,998 [pool-37-thread-1] INFO  server.RaftServerConfigKeys (ConfUtils.java:logGet(43)) - raft.server.log.segment.size.max = 1048576 (custom)
2019-10-24 04:21:36,998 [pool-27-thread-1] INFO  server.RaftServerConfigKeys (ConfUtils.java:logGet(43)) - raft.server.log.preallocated.size = 16384 (custom)
2019-10-24 04:21:36,998 [pool-59-thread-1] INFO  server.RaftServerConfigKeys (ConfUtils.java:logGet(43)) - raft.server.snapshot.auto.trigger.enabled = true (custom)
2019-10-24 04:21:36,998 [pool-37-thread-1] INFO  server.RaftServerConfigKeys (ConfUtils.java:logGet(43)) - raft.server.log.preallocated.size = 16384 (custom)
2019-10-24 04:21:36,999 [pool-59-thread-1] INFO  server.RaftServerConfigKeys (ConfUtils.java:logGet(43)) - raft.server.snapshot.auto.trigger.threshold = 10000 (custom)
2019-10-24 04:21:36,999 [pool-27-thread-1] INFO  server.RaftServerConfigKeys (ConfUtils.java:logGet(43)) - raft.server.log.write.buffer.size = 33554432 (custom)
2019-10-24 04:21:36,999 [pool-59-thread-1] INFO  server.RaftServerConfigKeys (ConfUtils.java:logGet(43)) - raft.server.snapshot.retention.file.num = 5 (custom)
2019-10-24 04:21:36,999 [pool-37-thread-1] INFO  server.RaftServerConfigKeys (ConfUtils.java:logGet(43)) - raft.server.log.write.buffer.size = 33554432 (custom)
2019-10-24 04:21:36,999 [pool-59-thread-1] INFO  server.RaftServerConfigKeys (ConfUtils.java:logGet(43)) - raft.server.retrycache.expirytime = 600000ms (custom)
2019-10-24 04:21:36,999 [pool-27-thread-1] INFO  server.RaftServerConfigKeys (ConfUtils.java:logGet(43)) - raft.server.log.force.sync.num = 128 (default)
2019-10-24 04:21:36,999 [pool-59-thread-1] WARN  impl.MetricRegistriesImpl (MetricRegistriesImpl.java:lambda$create$1(61)) - First MetricRegistry has been created without registering reporters. You may need to call MetricRegistries.global().addReportRegistration(...) before.
2019-10-24 04:21:36,999 [pool-37-thread-1] INFO  server.RaftServerConfigKeys (ConfUtils.java:logGet(43)) - raft.server.log.force.sync.num = 128 (default)
2019-10-24 04:21:36,999 [pool-59-thread-1] WARN  impl.MetricRegistriesImpl (MetricRegistriesImpl.java:lambda$create$1(61)) - First MetricRegistry has been created without registering reporters. You may need to call MetricRegistries.global().addReportRegistration(...) before.
2019-10-24 04:21:36,999 [pool-27-thread-1] INFO  server.RaftServerConfigKeys (ConfUtils.java:logGet(43)) - raft.server.log.statemachine.data.sync = true (default)
2019-10-24 04:21:36,999 [pool-37-thread-1] INFO  server.RaftServerConfigKeys (ConfUtils.java:logGet(43)) - raft.server.log.statemachine.data.sync = true (default)
2019-10-24 04:21:37,000 [pool-27-thread-1] INFO  server.RaftServerConfigKeys (ConfUtils.java:logGet(43)) - raft.server.log.statemachine.data.sync.timeout = 10s (default)
2019-10-24 04:21:37,000 [pool-59-thread-1] INFO  impl.RaftServerImpl (RaftServerImpl.java:start(184)) - 7770f8c7-01fb-43d9-b34c-02757d82bdbb@group-CF3582B2AE68: start as a follower, conf=-1: [061ed049-4de7-4292-8db3-b6c544105954:192.168.69.119:41000, 7770f8c7-01fb-43d9-b34c-02757d82bdbb:192.168.69.119:34239, e3498cd7-eaa3-4a2f-a67e-ea1e9c2005a9:192.168.69.119:33836], old=null
2019-10-24 04:21:37,000 [pool-27-thread-1] INFO  server.RaftServerConfigKeys (ConfUtils.java:logGet(43)) - raft.server.log.statemachine.data.sync.timeout.retry = -1 (default)
2019-10-24 04:21:37,000 [pool-37-thread-1] INFO  server.RaftServerConfigKeys (ConfUtils.java:logGet(43)) - raft.server.log.statemachine.data.sync.timeout = 10s (default)
2019-10-24 04:21:37,000 [pool-59-thread-1] INFO  impl.RaftServerImpl (RaftServerImpl.java:setRole(173)) - 7770f8c7-01fb-43d9-b34c-02757d82bdbb@group-CF3582B2AE68: changes role from      null to FOLLOWER at term 0 for startAsFollower
2019-10-24 04:21:37,000 [pool-27-thread-1] INFO  server.RaftServerConfigKeys (ConfUtils.java:logGet(43)) - raft.server.log.statemachine.data.caching.enabled = true (custom)
2019-10-24 04:21:37,000 [pool-37-thread-1] INFO  server.RaftServerConfigKeys (ConfUtils.java:logGet(43)) - raft.server.log.statemachine.data.sync.timeout.retry = -1 (default)
2019-10-24 04:21:37,000 [pool-59-thread-1] INFO  impl.RoleInfo (RoleInfo.java:updateAndGet(143)) - 7770f8c7-01fb-43d9-b34c-02757d82bdbb: start FollowerState
2019-10-24 04:21:37,000 [pool-37-thread-1] INFO  server.RaftServerConfigKeys (ConfUtils.java:logGet(43)) - raft.server.log.statemachine.data.caching.enabled = true (custom)
2019-10-24 04:21:37,000 [pool-27-thread-1] INFO  segmented.SegmentedRaftLogWorker (SegmentedRaftLogWorker.java:lambda$new$0(128)) - 061ed049-4de7-4292-8db3-b6c544105954@group-CF3582B2AE68-SegmentedRaftLogWorker: flushIndex: setUnconditionally 0 -> -1
2019-10-24 04:21:37,001 [pool-37-thread-1] INFO  segmented.SegmentedRaftLogWorker (SegmentedRaftLogWorker.java:lambda$new$0(128)) - e3498cd7-eaa3-4a2f-a67e-ea1e9c2005a9@group-CF3582B2AE68-SegmentedRaftLogWorker: flushIndex: setUnconditionally 0 -> -1
2019-10-24 04:21:37,001 [pool-59-thread-1] INFO  util.JmxRegister (JmxRegister.java:tryRegister(44)) - Successfully registered JMX Bean with object name Ratis:service=RaftServer,group=group-CF3582B2AE68,id=7770f8c7-01fb-43d9-b34c-02757d82bdbb
2019-10-24 04:21:37,001 [pool-37-thread-1] INFO  server.RaftServerConfigKeys (ConfUtils.java:logGet(43)) - raft.server.snapshot.auto.trigger.enabled = true (custom)
2019-10-24 04:21:37,001 [pool-27-thread-1] INFO  server.RaftServerConfigKeys (ConfUtils.java:logGet(43)) - raft.server.snapshot.auto.trigger.enabled = true (custom)
2019-10-24 04:21:37,001 [pool-37-thread-1] INFO  server.RaftServerConfigKeys (ConfUtils.java:logGet(43)) - raft.server.snapshot.auto.trigger.threshold = 10000 (custom)
2019-10-24 04:21:37,001 [pool-59-thread-1] WARN  impl.MetricRegistriesImpl (MetricRegistriesImpl.java:lambda$create$1(61)) - First MetricRegistry has been created without registering reporters. You may need to call MetricRegistries.global().addReportRegistration(...) before.
2019-10-24 04:21:37,001 [pool-37-thread-1] INFO  server.RaftServerConfigKeys (ConfUtils.java:logGet(43)) - raft.server.snapshot.retention.file.num = 5 (custom)
2019-10-24 04:21:37,001 [pool-27-thread-1] INFO  server.RaftServerConfigKeys (ConfUtils.java:logGet(43)) - raft.server.snapshot.auto.trigger.threshold = 10000 (custom)
2019-10-24 04:21:37,001 [pool-37-thread-1] INFO  server.RaftServerConfigKeys (ConfUtils.java:logGet(43)) - raft.server.retrycache.expirytime = 600000ms (custom)
2019-10-24 04:21:37,001 [pool-27-thread-1] INFO  server.RaftServerConfigKeys (ConfUtils.java:logGet(43)) - raft.server.snapshot.retention.file.num = 5 (custom)
2019-10-24 04:21:37,002 [pool-37-thread-1] WARN  impl.MetricRegistriesImpl (MetricRegistriesImpl.java:lambda$create$1(61)) - First MetricRegistry has been created without registering reporters. You may need to call MetricRegistries.global().addReportRegistration(...) before.
2019-10-24 04:21:37,002 [pool-27-thread-1] INFO  server.RaftServerConfigKeys (ConfUtils.java:logGet(43)) - raft.server.retrycache.expirytime = 600000ms (custom)
2019-10-24 04:21:37,002 [pool-37-thread-1] WARN  impl.MetricRegistriesImpl (MetricRegistriesImpl.java:lambda$create$1(61)) - First MetricRegistry has been created without registering reporters. You may need to call MetricRegistries.global().addReportRegistration(...) before.
2019-10-24 04:21:37,002 [pool-27-thread-1] WARN  impl.MetricRegistriesImpl (MetricRegistriesImpl.java:lambda$create$1(61)) - First MetricRegistry has been created without registering reporters. You may need to call MetricRegistries.global().addReportRegistration(...) before.
2019-10-24 04:21:37,002 [pool-37-thread-1] INFO  impl.RaftServerImpl (RaftServerImpl.java:start(184)) - e3498cd7-eaa3-4a2f-a67e-ea1e9c2005a9@group-CF3582B2AE68: start as a follower, conf=-1: [061ed049-4de7-4292-8db3-b6c544105954:192.168.69.119:41000, 7770f8c7-01fb-43d9-b34c-02757d82bdbb:192.168.69.119:34239, e3498cd7-eaa3-4a2f-a67e-ea1e9c2005a9:192.168.69.119:33836], old=null
2019-10-24 04:21:37,002 [pool-27-thread-1] WARN  impl.MetricRegistriesImpl (MetricRegistriesImpl.java:lambda$create$1(61)) - First MetricRegistry has been created without registering reporters. You may need to call MetricRegistries.global().addReportRegistration(...) before.
2019-10-24 04:21:37,002 [pool-37-thread-1] INFO  impl.RaftServerImpl (RaftServerImpl.java:setRole(173)) - e3498cd7-eaa3-4a2f-a67e-ea1e9c2005a9@group-CF3582B2AE68: changes role from      null to FOLLOWER at term 0 for startAsFollower
2019-10-24 04:21:37,002 [pool-27-thread-1] INFO  impl.RaftServerImpl (RaftServerImpl.java:start(184)) - 061ed049-4de7-4292-8db3-b6c544105954@group-CF3582B2AE68: start as a follower, conf=-1: [061ed049-4de7-4292-8db3-b6c544105954:192.168.69.119:41000, 7770f8c7-01fb-43d9-b34c-02757d82bdbb:192.168.69.119:34239, e3498cd7-eaa3-4a2f-a67e-ea1e9c2005a9:192.168.69.119:33836], old=null
2019-10-24 04:21:37,002 [pool-37-thread-1] INFO  impl.RoleInfo (RoleInfo.java:updateAndGet(143)) - e3498cd7-eaa3-4a2f-a67e-ea1e9c2005a9: start FollowerState
2019-10-24 04:21:37,002 [pool-27-thread-1] INFO  impl.RaftServerImpl (RaftServerImpl.java:setRole(173)) - 061ed049-4de7-4292-8db3-b6c544105954@group-CF3582B2AE68: changes role from      null to FOLLOWER at term 0 for startAsFollower
2019-10-24 04:21:37,002 [pool-27-thread-1] INFO  impl.RoleInfo (RoleInfo.java:updateAndGet(143)) - 061ed049-4de7-4292-8db3-b6c544105954: start FollowerState
2019-10-24 04:21:37,002 [pool-37-thread-1] INFO  util.JmxRegister (JmxRegister.java:tryRegister(44)) - Successfully registered JMX Bean with object name Ratis:service=RaftServer,group=group-CF3582B2AE68,id=e3498cd7-eaa3-4a2f-a67e-ea1e9c2005a9
2019-10-24 04:21:37,004 [pool-37-thread-1] WARN  impl.MetricRegistriesImpl (MetricRegistriesImpl.java:lambda$create$1(61)) - First MetricRegistry has been created without registering reporters. You may need to call MetricRegistries.global().addReportRegistration(...) before.
2019-10-24 04:21:37,004 [pool-27-thread-1] INFO  util.JmxRegister (JmxRegister.java:tryRegister(44)) - Successfully registered JMX Bean with object name Ratis:service=RaftServer,group=group-CF3582B2AE68,id=061ed049-4de7-4292-8db3-b6c544105954
2019-10-24 04:21:37,004 [pool-27-thread-1] WARN  impl.MetricRegistriesImpl (MetricRegistriesImpl.java:lambda$create$1(61)) - First MetricRegistry has been created without registering reporters. You may need to call MetricRegistries.global().addReportRegistration(...) before.
2019-10-24 04:21:37,013 [RatisPipelineUtilsThread] INFO  pipeline.PipelineStateManager (PipelineStateManager.java:addPipeline(56)) - Created pipeline Pipeline[ Id: 40dabbde-b1c7-4a0c-bc14-cf3582b2ae68, Nodes: 061ed049-4de7-4292-8db3-b6c544105954{ip: 192.168.69.119, host: pr-hdds-2354-xrwnf-3238337902, networkLocation: /default-rack, certSerialId: null}7770f8c7-01fb-43d9-b34c-02757d82bdbb{ip: 192.168.69.119, host: pr-hdds-2354-xrwnf-3238337902, networkLocation: /default-rack, certSerialId: null}e3498cd7-eaa3-4a2f-a67e-ea1e9c2005a9{ip: 192.168.69.119, host: pr-hdds-2354-xrwnf-3238337902, networkLocation: /default-rack, certSerialId: null}, Type:RATIS, Factor:THREE, State:OPEN]
2019-10-24 04:21:37,110 [java.util.concurrent.ThreadPoolExecutor$Worker@4fa1d99e[State = -1, empty queue]] WARN  server.GrpcLogAppender (GrpcLogAppender.java:timeoutAppendRequest(209)) - 061ed049-4de7-4292-8db3-b6c544105954@group-74CCE82B9A43->7770f8c7-01fb-43d9-b34c-02757d82bdbb-GrpcLogAppender: appendEntries Timeout, request=061ed049-4de7-4292-8db3-b6c544105954->7770f8c7-01fb-43d9-b34c-02757d82bdbb#53-t1, previous=(t:1, i:10), leaderCommit=10, initializing? false, entries: <empty>
2019-10-24 04:21:37,127 [EventQueue-PendingDeleteStatusForPendingDeleteHandler] INFO  block.SCMBlockDeletingService (SCMBlockDeletingService.java:handlePendingDeletes(115)) - Block deletion txnID mismatch in datanode 7770f8c7-01fb-43d9-b34c-02757d82bdbb for containerID 1. Datanode delete txnID: 0, SCM txnID: 1
2019-10-24 04:21:37,273 [pool-7-thread-4] INFO  commands.RetriableDatanodeEventWatcher (RetriableDatanodeEventWatcher.java:onTimeout(47)) - RetriableDatanodeCommand type=deleteBlocksCommand with id=1571890889271 timed out. Retrying.
2019-10-24 04:21:37,273 [pool-7-thread-3] INFO  commands.RetriableDatanodeEventWatcher (RetriableDatanodeEventWatcher.java:onTimeout(47)) - RetriableDatanodeCommand type=deleteBlocksCommand with id=1571890889273 timed out. Retrying.
2019-10-24 04:21:37,275 [pool-7-thread-3] INFO  commands.RetriableDatanodeEventWatcher (RetriableDatanodeEventWatcher.java:onTimeout(47)) - RetriableDatanodeCommand type=deleteBlocksCommand with id=1571890889268 timed out. Retrying.
2019-10-24 04:21:37,275 [pool-7-thread-4] INFO  commands.RetriableDatanodeEventWatcher (RetriableDatanodeEventWatcher.java:onTimeout(47)) - RetriableDatanodeCommand type=deleteBlocksCommand with id=1571890889274 timed out. Retrying.
2019-10-24 04:21:37,275 [pool-7-thread-1] INFO  commands.RetriableDatanodeEventWatcher (RetriableDatanodeEventWatcher.java:onTimeout(47)) - RetriableDatanodeCommand type=deleteBlocksCommand with id=1571890889275 timed out. Retrying.
2019-10-24 04:21:37,282 [pool-7-thread-1] INFO  commands.RetriableDatanodeEventWatcher (RetriableDatanodeEventWatcher.java:onTimeout(47)) - RetriableDatanodeCommand type=deleteBlocksCommand with id=1571890889276 timed out. Retrying.
2019-10-24 04:21:37,285 [pool-7-thread-1] INFO  commands.RetriableDatanodeEventWatcher (RetriableDatanodeEventWatcher.java:onTimeout(47)) - RetriableDatanodeCommand type=deleteBlocksCommand with id=1571890889277 timed out. Retrying.
2019-10-24 04:21:37,287 [pool-7-thread-1] INFO  commands.RetriableDatanodeEventWatcher (RetriableDatanodeEventWatcher.java:onTimeout(47)) - RetriableDatanodeCommand type=deleteBlocksCommand with id=1571890889278 timed out. Retrying.
2019-10-24 04:21:37,288 [SCMBlockDeletingService#1] INFO  block.SCMBlockDeletingService (SCMBlockDeletingService.java:call(184)) - Totally added 1 delete blocks command for 1 datanodes, task elapsed time: 0ms
2019-10-24 04:21:37,429 [EventQueue-PendingDeleteStatusForPendingDeleteHandler] INFO  block.SCMBlockDeletingService (SCMBlockDeletingService.java:handlePendingDeletes(115)) - Block deletion txnID mismatch in datanode 7770f8c7-01fb-43d9-b34c-02757d82bdbb for containerID 1. Datanode delete txnID: 0, SCM txnID: 1
2019-10-24 04:21:37,595 [BlockDeletingService#2] WARN  background.BlockDeletingService (BlockDeletingService.java:isDeletionAllowed(187)) - Close Container log Index 6 is not replicated across allthe servers in the pipeline 9f202be1-23c1-4e96-9103-74cce82b9a43 as the min replicated index is 4. Deletion is not allowed in this container yet.
2019-10-24 04:21:37,595 [BlockDeletingService#7] WARN  background.BlockDeletingService (BlockDeletingService.java:isDeletionAllowed(187)) - Close Container log Index 6 is not replicated across allthe servers in the pipeline 9f202be1-23c1-4e96-9103-74cce82b9a43 as the min replicated index is 4. Deletion is not allowed in this container yet.
2019-10-24 04:21:37,730 [EventQueue-PendingDeleteStatusForPendingDeleteHandler] INFO  block.SCMBlockDeletingService (SCMBlockDeletingService.java:handlePendingDeletes(115)) - Block deletion txnID mismatch in datanode 7770f8c7-01fb-43d9-b34c-02757d82bdbb for containerID 1. Datanode delete txnID: 0, SCM txnID: 1
2019-10-24 04:21:37,835 [Command processor thread] INFO  commandhandler.DeleteBlocksCommandHandler (DeleteBlocksCommandHandler.java:handle(106)) - Start to delete container blocks, TXIDs=[1(0)], numOfContainers=1, numOfBlocks=1
2019-10-24 04:21:37,835 [Command processor thread] INFO  commandhandler.DeleteBlocksCommandHandler (DeleteBlocksCommandHandler.java:handle(106)) - Start to delete container blocks, TXIDs=[1(2)], numOfContainers=1, numOfBlocks=1
2019-10-24 04:21:37,835 [Command processor thread] INFO  commandhandler.DeleteBlocksCommandHandler (DeleteBlocksCommandHandler.java:handle(106)) - Start to delete container blocks, TXIDs=[1(0)], numOfContainers=1, numOfBlocks=1
2019-10-24 04:21:37,835 [Command processor thread] INFO  commandhandler.DeleteBlocksCommandHandler (DeleteBlocksCommandHandler.java:handle(106)) - Start to delete container blocks, TXIDs=[1(4)], numOfContainers=1, numOfBlocks=1
2019-10-24 04:21:37,836 [Command processor thread] INFO  commandhandler.DeleteBlocksCommandHandler (DeleteBlocksCommandHandler.java:handle(106)) - Start to delete container blocks, TXIDs=[1(2)], numOfContainers=1, numOfBlocks=1
2019-10-24 04:21:37,836 [Command processor thread] INFO  commandhandler.DeleteBlocksCommandHandler (DeleteBlocksCommandHandler.java:handle(106)) - Start to delete container blocks, TXIDs=[1(0)], numOfContainers=1, numOfBlocks=1
2019-10-24 04:21:37,836 [Command processor thread] INFO  commandhandler.DeleteBlocksCommandHandler (DeleteBlocksCommandHandler.java:handle(106)) - Start to delete container blocks, TXIDs=[1(4)], numOfContainers=1, numOfBlocks=1
2019-10-24 04:21:37,836 [Command processor thread] INFO  commandhandler.DeleteBlocksCommandHandler (DeleteBlocksCommandHandler.java:handle(106)) - Start to delete container blocks, TXIDs=[1(7)], numOfContainers=1, numOfBlocks=1
2019-10-24 04:21:37,836 [Command processor thread] INFO  commandhandler.DeleteBlocksCommandHandler (DeleteBlocksCommandHandler.java:handle(106)) - Start to delete container blocks, TXIDs=[1(2)], numOfContainers=1, numOfBlocks=1
2019-10-24 04:21:37,836 [Command processor thread] INFO  commandhandler.DeleteBlocksCommandHandler (DeleteBlocksCommandHandler.java:handle(106)) - Start to delete container blocks, TXIDs=[1(0)], numOfContainers=1, numOfBlocks=1
2019-10-24 04:21:37,836 [Command processor thread] INFO  commandhandler.DeleteBlocksCommandHandler (DeleteBlocksCommandHandler.java:handle(106)) - Start to delete container blocks, TXIDs=[1(4)], numOfContainers=1, numOfBlocks=1
2019-10-24 04:21:37,837 [Command processor thread] INFO  commandhandler.DeleteBlocksCommandHandler (DeleteBlocksCommandHandler.java:handle(106)) - Start to delete container blocks, TXIDs=[1(2)], numOfContainers=1, numOfBlocks=1
2019-10-24 04:21:37,837 [Command processor thread] INFO  commandhandler.DeleteBlocksCommandHandler (DeleteBlocksCommandHandler.java:handle(106)) - Start to delete container blocks, TXIDs=[1(0)], numOfContainers=1, numOfBlocks=1
2019-10-24 04:21:37,837 [Command processor thread] INFO  commandhandler.DeleteBlocksCommandHandler (DeleteBlocksCommandHandler.java:handle(106)) - Start to delete container blocks, TXIDs=[1(7)], numOfContainers=1, numOfBlocks=1
2019-10-24 04:21:37,837 [Command processor thread] INFO  commandhandler.DeleteBlocksCommandHandler (DeleteBlocksCommandHandler.java:handle(106)) - Start to delete container blocks, TXIDs=[1(7)], numOfContainers=1, numOfBlocks=1
2019-10-24 04:21:37,837 [Command processor thread] INFO  commandhandler.DeleteBlocksCommandHandler (DeleteBlocksCommandHandler.java:handle(106)) - Start to delete container blocks, TXIDs=[1(4)], numOfContainers=1, numOfBlocks=1
2019-10-24 04:21:37,837 [Command processor thread] INFO  commandhandler.DeleteBlocksCommandHandler (DeleteBlocksCommandHandler.java:handle(106)) - Start to delete container blocks, TXIDs=[1(2)], numOfContainers=1, numOfBlocks=1
2019-10-24 04:21:37,837 [Command processor thread] INFO  commandhandler.DeleteBlocksCommandHandler (DeleteBlocksCommandHandler.java:handle(106)) - Start to delete container blocks, TXIDs=[1(0)], numOfContainers=1, numOfBlocks=1
2019-10-24 04:21:37,838 [Command processor thread] INFO  commandhandler.DeleteBlocksCommandHandler (DeleteBlocksCommandHandler.java:handle(106)) - Start to delete container blocks, TXIDs=[1(7)], numOfContainers=1, numOfBlocks=1
2019-10-24 04:21:37,838 [Command processor thread] INFO  commandhandler.DeleteBlocksCommandHandler (DeleteBlocksCommandHandler.java:handle(106)) - Start to delete container blocks, TXIDs=[1(7)], numOfContainers=1, numOfBlocks=1
2019-10-24 04:21:37,838 [Command processor thread] INFO  commandhandler.DeleteBlocksCommandHandler (DeleteBlocksCommandHandler.java:handle(106)) - Start to delete container blocks, TXIDs=[1(7)], numOfContainers=1, numOfBlocks=1
2019-10-24 04:21:37,838 [Command processor thread] INFO  commandhandler.DeleteBlocksCommandHandler (DeleteBlocksCommandHandler.java:handle(106)) - Start to delete container blocks, TXIDs=[1(2)], numOfContainers=1, numOfBlocks=1
2019-10-24 04:21:37,838 [Command processor thread] INFO  commandhandler.DeleteBlocksCommandHandler (DeleteBlocksCommandHandler.java:handle(106)) - Start to delete container blocks, TXIDs=[1(4)], numOfContainers=1, numOfBlocks=1
2019-10-24 04:21:37,838 [Command processor thread] INFO  commandhandler.DeleteBlocksCommandHandler (DeleteBlocksCommandHandler.java:handle(106)) - Start to delete container blocks, TXIDs=[1(0)], numOfContainers=1, numOfBlocks=1
2019-10-24 04:21:37,838 [Command processor thread] INFO  commandhandler.DeleteBlocksCommandHandler (DeleteBlocksCommandHandler.java:handle(106)) - Start to delete container blocks, TXIDs=[1(7)], numOfContainers=1, numOfBlocks=1
2019-10-24 04:21:37,839 [Command processor thread] INFO  commandhandler.DeleteBlocksCommandHandler (DeleteBlocksCommandHandler.java:handle(106)) - Start to delete container blocks, TXIDs=[1(7)], numOfContainers=1, numOfBlocks=1
2019-10-24 04:21:37,839 [Command processor thread] INFO  commandhandler.DeleteBlocksCommandHandler (DeleteBlocksCommandHandler.java:handle(106)) - Start to delete container blocks, TXIDs=[1(7)], numOfContainers=1, numOfBlocks=1
2019-10-24 04:21:37,839 [Command processor thread] INFO  commandhandler.DeleteBlocksCommandHandler (DeleteBlocksCommandHandler.java:handle(106)) - Start to delete container blocks, TXIDs=[1(7)], numOfContainers=1, numOfBlocks=1
2019-10-24 04:21:37,839 [Command processor thread] INFO  commandhandler.DeleteBlocksCommandHandler (DeleteBlocksCommandHandler.java:handle(106)) - Start to delete container blocks, TXIDs=[1(2)], numOfContainers=1, numOfBlocks=1
2019-10-24 04:21:37,839 [Command processor thread] INFO  commandhandler.DeleteBlocksCommandHandler (DeleteBlocksCommandHandler.java:handle(106)) - Start to delete container blocks, TXIDs=[1(4)], numOfContainers=1, numOfBlocks=1
2019-10-24 04:21:37,839 [Command processor thread] INFO  commandhandler.DeleteBlocksCommandHandler (DeleteBlocksCommandHandler.java:handle(106)) - Start to delete container blocks, TXIDs=[1(0)], numOfContainers=1, numOfBlocks=1
2019-10-24 04:21:37,839 [Command processor thread] INFO  commandhandler.DeleteBlocksCommandHandler (DeleteBlocksCommandHandler.java:handle(106)) - Start to delete container blocks, TXIDs=[1(7)], numOfContainers=1, numOfBlocks=1
2019-10-24 04:21:37,840 [Command processor thread] INFO  commandhandler.DeleteBlocksCommandHandler (DeleteBlocksCommandHandler.java:handle(106)) - Start to delete container blocks, TXIDs=[1(7)], numOfContainers=1, numOfBlocks=1
2019-10-24 04:21:37,840 [Command processor thread] INFO  commandhandler.DeleteBlocksCommandHandler (DeleteBlocksCommandHandler.java:handle(106)) - Start to delete container blocks, TXIDs=[1(7)], numOfContainers=1, numOfBlocks=1
2019-10-24 04:21:37,840 [Command processor thread] INFO  commandhandler.DeleteBlocksCommandHandler (DeleteBlocksCommandHandler.java:handle(106)) - Start to delete container blocks, TXIDs=[1(7)], numOfContainers=1, numOfBlocks=1
2019-10-24 04:21:37,840 [Command processor thread] INFO  commandhandler.DeleteBlocksCommandHandler (DeleteBlocksCommandHandler.java:handle(106)) - Start to delete container blocks, TXIDs=[1(7)], numOfContainers=1, numOfBlocks=1
2019-10-24 04:21:37,840 [Command processor thread] INFO  commandhandler.DeleteBlocksCommandHandler (DeleteBlocksCommandHandler.java:handle(106)) - Start to delete container blocks, TXIDs=[1(2)], numOfContainers=1, numOfBlocks=1
2019-10-24 04:21:37,840 [Command processor thread] INFO  commandhandler.DeleteBlocksCommandHandler (DeleteBlocksCommandHandler.java:handle(106)) - Start to delete container blocks, TXIDs=[1(4)], numOfContainers=1, numOfBlocks=1
2019-10-24 04:21:37,840 [Command processor thread] INFO  commandhandler.DeleteBlocksCommandHandler (DeleteBlocksCommandHandler.java:handle(106)) - Start to delete container blocks, TXIDs=[1(0)], numOfContainers=1, numOfBlocks=1
2019-10-24 04:21:37,841 [Command processor thread] INFO  commandhandler.DeleteBlocksCommandHandler (DeleteBlocksCommandHandler.java:handle(106)) - Start to delete container blocks, TXIDs=[1(7)], numOfContainers=1, numOfBlocks=1
2019-10-24 04:21:37,841 [Command processor thread] INFO  commandhandler.DeleteBlocksCommandHandler (DeleteBlocksCommandHandler.java:handle(106)) - Start to delete container blocks, TXIDs=[1(7)], numOfContainers=1, numOfBlocks=1
2019-10-24 04:21:37,841 [Command processor thread] INFO  commandhandler.DeleteBlocksCommandHandler (DeleteBlocksCommandHandler.java:handle(106)) - Start to delete container blocks, TXIDs=[1(7)], numOfContainers=1, numOfBlocks=1
2019-10-24 04:21:37,841 [Command processor thread] INFO  commandhandler.DeleteBlocksCommandHandler (DeleteBlocksCommandHandler.java:handle(106)) - Start to delete container blocks, TXIDs=[1(7)], numOfContainers=1, numOfBlocks=1
2019-10-24 04:21:37,841 [Command processor thread] INFO  commandhandler.DeleteBlocksCommandHandler (DeleteBlocksCommandHandler.java:handle(106)) - Start to delete container blocks, TXIDs=[1(7)], numOfContainers=1, numOfBlocks=1
2019-10-24 04:21:37,841 [Command processor thread] INFO  commandhandler.DeleteBlocksCommandHandler (DeleteBlocksCommandHandler.java:handle(106)) - Start to delete container blocks, TXIDs=[1(43)], numOfContainers=1, numOfBlocks=1
2019-10-24 04:21:37,965 [Thread-561] INFO  impl.FollowerState (FollowerState.java:run(111)) - 7770f8c7-01fb-43d9-b34c-02757d82bdbb@group-74CCE82B9A43-FollowerState: change to CANDIDATE, lastRpcTime:5127ms, electionTimeout:5127ms
2019-10-24 04:21:37,965 [Thread-561] INFO  impl.RoleInfo (RoleInfo.java:shutdownFollowerState(121)) - 7770f8c7-01fb-43d9-b34c-02757d82bdbb: shutdown FollowerState
2019-10-24 04:21:37,965 [Thread-561] INFO  impl.RaftServerImpl (RaftServerImpl.java:setRole(173)) - 7770f8c7-01fb-43d9-b34c-02757d82bdbb@group-74CCE82B9A43: changes role from  FOLLOWER to CANDIDATE at term 1 for changeToCandidate
2019-10-24 04:21:37,965 [Thread-561] INFO  impl.RoleInfo (RoleInfo.java:updateAndGet(143)) - 7770f8c7-01fb-43d9-b34c-02757d82bdbb: start LeaderElection
2019-10-24 04:21:37,982 [7770f8c7-01fb-43d9-b34c-02757d82bdbb@group-74CCE82B9A43-LeaderElection6] INFO  impl.LeaderElection (LeaderElection.java:askForVotes(178)) - 7770f8c7-01fb-43d9-b34c-02757d82bdbb@group-74CCE82B9A43-LeaderElection6: begin an election at term 2 for 0: [061ed049-4de7-4292-8db3-b6c544105954:192.168.69.119:41000, 7770f8c7-01fb-43d9-b34c-02757d82bdbb:192.168.69.119:34239, e3498cd7-eaa3-4a2f-a67e-ea1e9c2005a9:192.168.69.119:33836], old=null
2019-10-24 04:21:37,991 [grpc-default-executor-4] INFO  impl.RaftServerImpl (ServerState.java:setLeader(255)) - 061ed049-4de7-4292-8db3-b6c544105954@group-74CCE82B9A43: change Leader from 061ed049-4de7-4292-8db3-b6c544105954 to null at term 2 for updateCurrentTerm
2019-10-24 04:21:37,991 [grpc-default-executor-2] INFO  impl.RaftServerImpl (ServerState.java:setLeader(255)) - e3498cd7-eaa3-4a2f-a67e-ea1e9c2005a9@group-74CCE82B9A43: change Leader from 061ed049-4de7-4292-8db3-b6c544105954 to null at term 2 for updateCurrentTerm
2019-10-24 04:21:37,991 [grpc-default-executor-4] INFO  impl.RaftServerImpl (RaftServerImpl.java:setRole(173)) - 061ed049-4de7-4292-8db3-b6c544105954@group-74CCE82B9A43: changes role from    LEADER to FOLLOWER at term 2 for recognizeCandidate:7770f8c7-01fb-43d9-b34c-02757d82bdbb
2019-10-24 04:21:37,991 [grpc-default-executor-2] INFO  impl.RaftServerImpl (RaftServerImpl.java:setRole(173)) - e3498cd7-eaa3-4a2f-a67e-ea1e9c2005a9@group-74CCE82B9A43: changes role from  FOLLOWER to FOLLOWER at term 2 for recognizeCandidate:7770f8c7-01fb-43d9-b34c-02757d82bdbb
2019-10-24 04:21:37,991 [grpc-default-executor-4] INFO  impl.RoleInfo (RoleInfo.java:shutdownLeaderState(104)) - 061ed049-4de7-4292-8db3-b6c544105954: shutdown LeaderState
2019-10-24 04:21:37,991 [grpc-default-executor-2] INFO  impl.RoleInfo (RoleInfo.java:shutdownFollowerState(121)) - e3498cd7-eaa3-4a2f-a67e-ea1e9c2005a9: shutdown FollowerState
2019-10-24 04:21:37,993 [grpc-default-executor-4] INFO  impl.PendingRequests (PendingRequests.java:sendNotLeaderResponses(206)) - 061ed049-4de7-4292-8db3-b6c544105954@group-74CCE82B9A43-PendingRequests: sendNotLeaderResponses
2019-10-24 04:21:37,993 [org.apache.ratis.server.impl.LogAppender$AppenderDaemon$$Lambda$542/48183887@2ea52655] WARN  server.GrpcLogAppender (GrpcLogAppender.java:mayWait(149)) - 061ed049-4de7-4292-8db3-b6c544105954@group-74CCE82B9A43->7770f8c7-01fb-43d9-b34c-02757d82bdbb-GrpcLogAppender: Wait interrupted by java.lang.InterruptedException
2019-10-24 04:21:37,993 [grpc-default-executor-2] INFO  impl.RoleInfo (RoleInfo.java:updateAndGet(143)) - e3498cd7-eaa3-4a2f-a67e-ea1e9c2005a9: start FollowerState
2019-10-24 04:21:37,993 [org.apache.ratis.server.impl.LogAppender$AppenderDaemon$$Lambda$542/48183887@30b96ddf] WARN  server.GrpcLogAppender (GrpcLogAppender.java:mayWait(149)) - 061ed049-4de7-4292-8db3-b6c544105954@group-74CCE82B9A43->e3498cd7-eaa3-4a2f-a67e-ea1e9c2005a9-GrpcLogAppender: Wait interrupted by java.lang.InterruptedException
2019-10-24 04:21:37,993 [Thread-241] INFO  impl.FollowerState (FollowerState.java:run(120)) - e3498cd7-eaa3-4a2f-a67e-ea1e9c2005a9@group-74CCE82B9A43-FollowerState was interrupted: java.lang.InterruptedException: sleep interrupted
2019-10-24 04:21:37,996 [grpc-default-executor-4] INFO  impl.RoleInfo (RoleInfo.java:updateAndGet(143)) - 061ed049-4de7-4292-8db3-b6c544105954: start FollowerState
2019-10-24 04:21:37,996 [Thread-599] INFO  client.GrpcClientProtocolService (GrpcClientProtocolService.java:lambda$processClientRequest$0(279)) - Failed RaftClientRequest:client-AD324743EAE9->061ed049-4de7-4292-8db3-b6c544105954@group-74CCE82B9A43, cid=10, seq=0, Watch-ALL_COMMITTED(6), Message:<EMPTY>, reply=RaftClientReply:client-AD324743EAE9->061ed049-4de7-4292-8db3-b6c544105954@group-74CCE82B9A43, cid=10, FAILED org.apache.ratis.protocol.NotLeaderException: Server 061ed049-4de7-4292-8db3-b6c544105954@group-74CCE82B9A43 is not the leader, logIndex=0, commits[061ed049-4de7-4292-8db3-b6c544105954:c10, 7770f8c7-01fb-43d9-b34c-02757d82bdbb:c4, e3498cd7-eaa3-4a2f-a67e-ea1e9c2005a9:c10]
2019-10-24 04:21:37,997 [grpc-default-executor-3] INFO  server.GrpcServerProtocolService (GrpcServerProtocolService.java:onCompleted(113)) - e3498cd7-eaa3-4a2f-a67e-ea1e9c2005a9: Completed APPEND_ENTRIES, lastRequest: 061ed049-4de7-4292-8db3-b6c544105954->e3498cd7-eaa3-4a2f-a67e-ea1e9c2005a9#54-t1, previous=(t:1, i:10), leaderCommit=10, initializing? false, entries: <empty>
2019-10-24 04:21:37,999 [grpc-default-executor-5] INFO  server.GrpcLogAppender (GrpcLogAppender.java:onCompleted(308)) - 061ed049-4de7-4292-8db3-b6c544105954@group-74CCE82B9A43->e3498cd7-eaa3-4a2f-a67e-ea1e9c2005a9-AppendLogResponseHandler: follower responses appendEntries COMPLETED
2019-10-24 04:21:38,001 [Thread-560] INFO  impl.FollowerState (FollowerState.java:run(111)) - 7770f8c7-01fb-43d9-b34c-02757d82bdbb@group-39432DB2F660-FollowerState: change to CANDIDATE, lastRpcTime:5164ms, electionTimeout:5164ms
2019-10-24 04:21:38,002 [Thread-560] INFO  impl.RoleInfo (RoleInfo.java:shutdownFollowerState(121)) - 7770f8c7-01fb-43d9-b34c-02757d82bdbb: shutdown FollowerState
2019-10-24 04:21:38,002 [Thread-560] INFO  impl.RaftServerImpl (RaftServerImpl.java:setRole(173)) - 7770f8c7-01fb-43d9-b34c-02757d82bdbb@group-39432DB2F660: changes role from  FOLLOWER to CANDIDATE at term 1 for changeToCandidate
2019-10-24 04:21:38,002 [grpc-default-executor-5] INFO  impl.FollowerInfo (FollowerInfo.java:lambda$new$0(51)) - 061ed049-4de7-4292-8db3-b6c544105954@group-74CCE82B9A43->e3498cd7-eaa3-4a2f-a67e-ea1e9c2005a9: nextIndex: updateUnconditionally 11 -> 10
2019-10-24 04:21:38,002 [Thread-560] INFO  impl.RoleInfo (RoleInfo.java:updateAndGet(143)) - 7770f8c7-01fb-43d9-b34c-02757d82bdbb: start LeaderElection
2019-10-24 04:21:38,011 [7770f8c7-01fb-43d9-b34c-02757d82bdbb@group-39432DB2F660-LeaderElection7] INFO  impl.LeaderElection (LeaderElection.java:askForVotes(178)) - 7770f8c7-01fb-43d9-b34c-02757d82bdbb@group-39432DB2F660-LeaderElection7: begin an election at term 2 for 0: [7770f8c7-01fb-43d9-b34c-02757d82bdbb:192.168.69.119:34239], old=null
2019-10-24 04:21:38,011 [7770f8c7-01fb-43d9-b34c-02757d82bdbb@group-39432DB2F660-LeaderElection7] INFO  impl.RoleInfo (RoleInfo.java:shutdownLeaderElection(134)) - 7770f8c7-01fb-43d9-b34c-02757d82bdbb: shutdown LeaderElection
2019-10-24 04:21:38,011 [7770f8c7-01fb-43d9-b34c-02757d82bdbb@group-39432DB2F660-LeaderElection7] INFO  impl.RaftServerImpl (RaftServerImpl.java:setRole(173)) - 7770f8c7-01fb-43d9-b34c-02757d82bdbb@group-39432DB2F660: changes role from CANDIDATE to LEADER at term 2 for changeToLeader
2019-10-24 04:21:38,011 [7770f8c7-01fb-43d9-b34c-02757d82bdbb@group-39432DB2F660-LeaderElection7] INFO  impl.RaftServerImpl (ServerState.java:setLeader(255)) - 7770f8c7-01fb-43d9-b34c-02757d82bdbb@group-39432DB2F660: change Leader from null to 7770f8c7-01fb-43d9-b34c-02757d82bdbb at term 2 for becomeLeader, leader elected after 7231ms
2019-10-24 04:21:38,011 [7770f8c7-01fb-43d9-b34c-02757d82bdbb@group-74CCE82B9A43-LeaderElection6] INFO  impl.LeaderElection (LeaderElection.java:logAndReturn(56)) - 7770f8c7-01fb-43d9-b34c-02757d82bdbb@group-74CCE82B9A43-LeaderElection6: Election REJECTED; received 2 response(s) [7770f8c7-01fb-43d9-b34c-02757d82bdbb<-061ed049-4de7-4292-8db3-b6c544105954#0:FAIL-t2, 7770f8c7-01fb-43d9-b34c-02757d82bdbb<-e3498cd7-eaa3-4a2f-a67e-ea1e9c2005a9#0:FAIL-t2] and 0 exception(s); 7770f8c7-01fb-43d9-b34c-02757d82bdbb@group-74CCE82B9A43:t2, leader=null, voted=7770f8c7-01fb-43d9-b34c-02757d82bdbb, raftlog=7770f8c7-01fb-43d9-b34c-02757d82bdbb@group-74CCE82B9A43-SegmentedRaftLog:OPENED:c3,f4,i4, conf=0: [061ed049-4de7-4292-8db3-b6c544105954:192.168.69.119:41000, 7770f8c7-01fb-43d9-b34c-02757d82bdbb:192.168.69.119:34239, e3498cd7-eaa3-4a2f-a67e-ea1e9c2005a9:192.168.69.119:33836], old=null
2019-10-24 04:21:38,011 [7770f8c7-01fb-43d9-b34c-02757d82bdbb@group-39432DB2F660-LeaderElection7] INFO  server.RaftServerConfigKeys (ConfUtils.java:logGet(43)) - raft.server.staging.catchup.gap = 1000 (default)
2019-10-24 04:21:38,011 [7770f8c7-01fb-43d9-b34c-02757d82bdbb@group-74CCE82B9A43-LeaderElection6] INFO  impl.RaftServerImpl (RaftServerImpl.java:setRole(173)) - 7770f8c7-01fb-43d9-b34c-02757d82bdbb@group-74CCE82B9A43: changes role from CANDIDATE to FOLLOWER at term 2 for DISCOVERED_A_NEW_TERM
2019-10-24 04:21:38,012 [7770f8c7-01fb-43d9-b34c-02757d82bdbb@group-39432DB2F660-LeaderElection7] INFO  server.RaftServerConfigKeys (ConfUtils.java:logGet(43)) - raft.server.rpc.sleep.time = 25ms (default)
2019-10-24 04:21:38,012 [7770f8c7-01fb-43d9-b34c-02757d82bdbb@group-74CCE82B9A43-LeaderElection6] INFO  impl.RoleInfo (RoleInfo.java:shutdownLeaderElection(134)) - 7770f8c7-01fb-43d9-b34c-02757d82bdbb: shutdown LeaderElection
2019-10-24 04:21:38,015 [7770f8c7-01fb-43d9-b34c-02757d82bdbb@group-39432DB2F660-LeaderElection7] INFO  server.RaftServerConfigKeys (ConfUtils.java:logGet(43)) - raft.server.write.element-limit = 4096 (default)
2019-10-24 04:21:38,015 [7770f8c7-01fb-43d9-b34c-02757d82bdbb@group-74CCE82B9A43-LeaderElection6] INFO  impl.RoleInfo (RoleInfo.java:updateAndGet(143)) - 7770f8c7-01fb-43d9-b34c-02757d82bdbb: start FollowerState
2019-10-24 04:21:38,015 [7770f8c7-01fb-43d9-b34c-02757d82bdbb@group-39432DB2F660-LeaderElection7] INFO  server.RaftServerConfigKeys (ConfUtils.java:logGet(43)) - raft.server.watch.timeout = 10s (default)
2019-10-24 04:21:38,016 [7770f8c7-01fb-43d9-b34c-02757d82bdbb@group-39432DB2F660-LeaderElection7] INFO  server.RaftServerConfigKeys (ConfUtils.java:logGet(43)) - raft.server.watch.timeout.denomination = 1s (default)
2019-10-24 04:21:38,016 [7770f8c7-01fb-43d9-b34c-02757d82bdbb@group-39432DB2F660-LeaderElection7] INFO  server.RaftServerConfigKeys (ConfUtils.java:logGet(43)) - raft.server.watch.element-limit = 65536 (default)
2019-10-24 04:21:38,016 [7770f8c7-01fb-43d9-b34c-02757d82bdbb@group-39432DB2F660-LeaderElection7] INFO  impl.RoleInfo (RoleInfo.java:updateAndGet(143)) - 7770f8c7-01fb-43d9-b34c-02757d82bdbb: start LeaderState
2019-10-24 04:21:38,017 [7770f8c7-01fb-43d9-b34c-02757d82bdbb@group-39432DB2F660-LeaderElection7] INFO  segmented.SegmentedRaftLogWorker (SegmentedRaftLogWorker.java:rollLogSegment(390)) - 7770f8c7-01fb-43d9-b34c-02757d82bdbb@group-39432DB2F660-SegmentedRaftLogWorker: Rolling segment log-0_0 to index:0
2019-10-24 04:21:38,019 [7770f8c7-01fb-43d9-b34c-02757d82bdbb@group-39432DB2F660-LeaderElection7] INFO  impl.RaftServerImpl (ServerState.java:setRaftConf(356)) - 7770f8c7-01fb-43d9-b34c-02757d82bdbb@group-39432DB2F660: set configuration 1: [7770f8c7-01fb-43d9-b34c-02757d82bdbb:192.168.69.119:34239], old=null at 1
2019-10-24 04:21:38,020 [7770f8c7-01fb-43d9-b34c-02757d82bdbb@group-39432DB2F660-SegmentedRaftLogWorker] INFO  segmented.SegmentedRaftLogWorker (SegmentedRaftLogWorker.java:execute(533)) - 7770f8c7-01fb-43d9-b34c-02757d82bdbb@group-39432DB2F660-SegmentedRaftLogWorker: Rolled log segment from /workdir/hadoop-ozone/integration-test/target/test-dir/MiniOzoneClusterImpl-130f5b65-2f93-4feb-bc6d-4f491c54915a/datanode-2/data/ratis/94e8b282-816c-40d1-8730-39432db2f660/current/log_inprogress_0 to /workdir/hadoop-ozone/integration-test/target/test-dir/MiniOzoneClusterImpl-130f5b65-2f93-4feb-bc6d-4f491c54915a/datanode-2/data/ratis/94e8b282-816c-40d1-8730-39432db2f660/current/log_0-0
2019-10-24 04:21:38,037 [EventQueue-DeleteBlockStatusForDeletedBlockLogImpl] WARN  block.DeletedBlockLogImpl (DeletedBlockLogImpl.java:commitTransactions(205)) - Transaction txId=1 commit by dnId=7770f8c7-01fb-43d9-b34c-02757d82bdbb for containerID=#1 failed. Corresponding entry not found.
2019-10-24 04:21:38,037 [EventQueue-DeleteBlockStatusForDeletedBlockLogImpl] WARN  block.DeletedBlockLogImpl (DeletedBlockLogImpl.java:commitTransactions(205)) - Transaction txId=1 commit by dnId=7770f8c7-01fb-43d9-b34c-02757d82bdbb for containerID=#1 failed. Corresponding entry not found.
2019-10-24 04:21:38,037 [EventQueue-DeleteBlockStatusForDeletedBlockLogImpl] WARN  block.DeletedBlockLogImpl (DeletedBlockLogImpl.java:commitTransactions(205)) - Transaction txId=1 commit by dnId=7770f8c7-01fb-43d9-b34c-02757d82bdbb for containerID=#1 failed. Corresponding entry not found.
2019-10-24 04:21:38,037 [EventQueue-DeleteBlockStatusForDeletedBlockLogImpl] WARN  block.DeletedBlockLogImpl (DeletedBlockLogImpl.java:commitTransactions(205)) - Transaction txId=1 commit by dnId=7770f8c7-01fb-43d9-b34c-02757d82bdbb for containerID=#1 failed. Corresponding entry not found.
2019-10-24 04:21:38,037 [EventQueue-DeleteBlockStatusForDeletedBlockLogImpl] WARN  block.DeletedBlockLogImpl (DeletedBlockLogImpl.java:commitTransactions(205)) - Transaction txId=1 commit by dnId=7770f8c7-01fb-43d9-b34c-02757d82bdbb for containerID=#1 failed. Corresponding entry not found.
2019-10-24 04:21:38,037 [EventQueue-DeleteBlockStatusForDeletedBlockLogImpl] WARN  block.DeletedBlockLogImpl (DeletedBlockLogImpl.java:commitTransactions(205)) - Transaction txId=1 commit by dnId=7770f8c7-01fb-43d9-b34c-02757d82bdbb for containerID=#1 failed. Corresponding entry not found.
2019-10-24 04:21:38,038 [EventQueue-DeleteBlockStatusForDeletedBlockLogImpl] WARN  block.DeletedBlockLogImpl (DeletedBlockLogImpl.java:commitTransactions(205)) - Transaction txId=1 commit by dnId=7770f8c7-01fb-43d9-b34c-02757d82bdbb for containerID=#1 failed. Corresponding entry not found.
2019-10-24 04:21:38,038 [EventQueue-DeleteBlockStatusForDeletedBlockLogImpl] WARN  block.DeletedBlockLogImpl (DeletedBlockLogImpl.java:commitTransactions(205)) - Transaction txId=1 commit by dnId=7770f8c7-01fb-43d9-b34c-02757d82bdbb for containerID=#1 failed. Corresponding entry not found.
2019-10-24 04:21:38,050 [7770f8c7-01fb-43d9-b34c-02757d82bdbb@group-39432DB2F660-SegmentedRaftLogWorker] INFO  segmented.SegmentedRaftLogWorker (SegmentedRaftLogWorker.java:execute(576)) - 7770f8c7-01fb-43d9-b34c-02757d82bdbb@group-39432DB2F660-SegmentedRaftLogWorker: created new log segment /workdir/hadoop-ozone/integration-test/target/test-dir/MiniOzoneClusterImpl-130f5b65-2f93-4feb-bc6d-4f491c54915a/datanode-2/data/ratis/94e8b282-816c-40d1-8730-39432db2f660/current/log_inprogress_1
2019-10-24 04:21:38,596 [BlockDeletingService#7] WARN  background.BlockDeletingService (BlockDeletingService.java:isDeletionAllowed(187)) - Close Container log Index 6 is not replicated across allthe servers in the pipeline 9f202be1-23c1-4e96-9103-74cce82b9a43 as the min replicated index is 4. Deletion is not allowed in this container yet.
2019-10-24 04:21:38,596 [BlockDeletingService#2] WARN  background.BlockDeletingService (BlockDeletingService.java:isDeletionAllowed(187)) - Close Container log Index 6 is not replicated across allthe servers in the pipeline 9f202be1-23c1-4e96-9103-74cce82b9a43 as the min replicated index is 4. Deletion is not allowed in this container yet.
2019-10-24 04:21:39,005 [Thread-608] INFO  client.GrpcClientProtocolService (GrpcClientProtocolService.java:lambda$processClientRequest$0(279)) - Failed RaftClientRequest:client-AD324743EAE9->e3498cd7-eaa3-4a2f-a67e-ea1e9c2005a9@group-74CCE82B9A43, cid=10, seq=0, Watch-ALL_COMMITTED(6), Message:<EMPTY>, reply=RaftClientReply:client-AD324743EAE9->e3498cd7-eaa3-4a2f-a67e-ea1e9c2005a9@group-74CCE82B9A43, cid=10, FAILED org.apache.ratis.protocol.NotLeaderException: Server e3498cd7-eaa3-4a2f-a67e-ea1e9c2005a9@group-74CCE82B9A43 is not the leader, logIndex=0, commits[e3498cd7-eaa3-4a2f-a67e-ea1e9c2005a9:c10, 061ed049-4de7-4292-8db3-b6c544105954:c10, 7770f8c7-01fb-43d9-b34c-02757d82bdbb:c4]
2019-10-24 04:21:39,598 [BlockDeletingService#2] WARN  background.BlockDeletingService (BlockDeletingService.java:isDeletionAllowed(187)) - Close Container log Index 6 is not replicated across allthe servers in the pipeline 9f202be1-23c1-4e96-9103-74cce82b9a43 as the min replicated index is 4. Deletion is not allowed in this container yet.
2019-10-24 04:21:39,598 [BlockDeletingService#7] WARN  background.BlockDeletingService (BlockDeletingService.java:isDeletionAllowed(187)) - Close Container log Index 6 is not replicated across allthe servers in the pipeline 9f202be1-23c1-4e96-9103-74cce82b9a43 as the min replicated index is 4. Deletion is not allowed in this container yet.
2019-10-24 04:21:39,610 [java.util.concurrent.ThreadPoolExecutor$Worker@4fa1d99e[State = -1, empty queue]] WARN  server.GrpcLogAppender (GrpcLogAppender.java:timeoutAppendRequest(209)) - 061ed049-4de7-4292-8db3-b6c544105954@group-74CCE82B9A43->7770f8c7-01fb-43d9-b34c-02757d82bdbb-GrpcLogAppender: appendEntries Timeout, request=061ed049-4de7-4292-8db3-b6c544105954->7770f8c7-01fb-43d9-b34c-02757d82bdbb#54-t1, previous=(t:1, i:10), leaderCommit=10, initializing? false, entries: <empty>
2019-10-24 04:21:40,019 [Thread-614] INFO  client.GrpcClientProtocolService (GrpcClientProtocolService.java:lambda$processClientRequest$0(279)) - Failed RaftClientRequest:client-AD324743EAE9->7770f8c7-01fb-43d9-b34c-02757d82bdbb@group-74CCE82B9A43, cid=10, seq=0, Watch-ALL_COMMITTED(6), Message:<EMPTY>, reply=RaftClientReply:client-AD324743EAE9->7770f8c7-01fb-43d9-b34c-02757d82bdbb@group-74CCE82B9A43, cid=10, FAILED org.apache.ratis.protocol.NotLeaderException: Server 7770f8c7-01fb-43d9-b34c-02757d82bdbb@group-74CCE82B9A43 is not the leader, logIndex=0, commits[7770f8c7-01fb-43d9-b34c-02757d82bdbb:c3]
2019-10-24 04:21:40,599 [BlockDeletingService#2] WARN  background.BlockDeletingService (BlockDeletingService.java:isDeletionAllowed(187)) - Close Container log Index 6 is not replicated across allthe servers in the pipeline 9f202be1-23c1-4e96-9103-74cce82b9a43 as the min replicated index is 4. Deletion is not allowed in this container yet.
2019-10-24 04:21:40,599 [BlockDeletingService#7] WARN  background.BlockDeletingService (BlockDeletingService.java:isDeletionAllowed(187)) - Close Container log Index 6 is not replicated across allthe servers in the pipeline 9f202be1-23c1-4e96-9103-74cce82b9a43 as the min replicated index is 4. Deletion is not allowed in this container yet.
]]></system-out>
    <system-err><![CDATA[ERROR StatusLogger No Log4j 2 configuration file found. Using default configuration (logging only errors to the console), or user programmatically provided configurations. Set system property 'log4j2.debug' to show Log4j 2 internal initialization logging. See https://logging.apache.org/log4j/2.x/manual/configuration.html for instructions on how to configure Log4j 2
Oct 24, 2019 4:19:53 AM org.apache.ratis.thirdparty.io.grpc.internal.SerializingExecutor run
SEVERE: Exception while executing runnable org.apache.ratis.thirdparty.io.grpc.internal.ClientCallImpl$ClientStreamListenerImpl$1StreamClosed@2f0543e3
java.lang.NullPointerException
	at org.apache.ratis.grpc.server.GrpcLogAppender$AppendLogResponseHandler.onError(GrpcLogAppender.java:303)
	at org.apache.ratis.thirdparty.io.grpc.stub.ClientCalls$StreamObserverToCallListenerAdapter.onClose(ClientCalls.java:434)
	at org.apache.ratis.thirdparty.io.grpc.PartialForwardingClientCallListener.onClose(PartialForwardingClientCallListener.java:39)
	at org.apache.ratis.thirdparty.io.grpc.ForwardingClientCallListener.onClose(ForwardingClientCallListener.java:23)
	at org.apache.ratis.thirdparty.io.grpc.ForwardingClientCallListener$SimpleForwardingClientCallListener.onClose(ForwardingClientCallListener.java:40)
	at org.apache.ratis.thirdparty.io.grpc.internal.CensusStatsModule$StatsClientInterceptor$1$1.onClose(CensusStatsModule.java:678)
	at org.apache.ratis.thirdparty.io.grpc.PartialForwardingClientCallListener.onClose(PartialForwardingClientCallListener.java:39)
	at org.apache.ratis.thirdparty.io.grpc.ForwardingClientCallListener.onClose(ForwardingClientCallListener.java:23)
	at org.apache.ratis.thirdparty.io.grpc.ForwardingClientCallListener$SimpleForwardingClientCallListener.onClose(ForwardingClientCallListener.java:40)
	at org.apache.ratis.thirdparty.io.grpc.internal.CensusTracingModule$TracingClientInterceptor$1$1.onClose(CensusTracingModule.java:397)
	at org.apache.ratis.thirdparty.io.grpc.internal.ClientCallImpl.closeObserver(ClientCallImpl.java:459)
	at org.apache.ratis.thirdparty.io.grpc.internal.ClientCallImpl.access$300(ClientCallImpl.java:63)
	at org.apache.ratis.thirdparty.io.grpc.internal.ClientCallImpl$ClientStreamListenerImpl.close(ClientCallImpl.java:546)
	at org.apache.ratis.thirdparty.io.grpc.internal.ClientCallImpl$ClientStreamListenerImpl.access$600(ClientCallImpl.java:467)
	at org.apache.ratis.thirdparty.io.grpc.internal.ClientCallImpl$ClientStreamListenerImpl$1StreamClosed.runInContext(ClientCallImpl.java:584)
	at org.apache.ratis.thirdparty.io.grpc.internal.ContextRunnable.run(ContextRunnable.java:37)
	at org.apache.ratis.thirdparty.io.grpc.internal.SerializingExecutor.run(SerializingExecutor.java:123)
	at java.util.concurrent.ThreadPoolExecutor.runWorker(ThreadPoolExecutor.java:1149)
	at java.util.concurrent.ThreadPoolExecutor$Worker.run(ThreadPoolExecutor.java:624)
	at java.lang.Thread.run(Thread.java:748)

Oct 24, 2019 4:19:53 AM org.apache.ratis.thirdparty.io.grpc.internal.SerializingExecutor run
SEVERE: Exception while executing runnable org.apache.ratis.thirdparty.io.grpc.internal.ServerImpl$JumpToApplicationThreadServerStreamListener$1Closed@64591aad
org.apache.ratis.thirdparty.io.grpc.StatusRuntimeException: CANCELLED: call already cancelled
	at org.apache.ratis.thirdparty.io.grpc.Status.asRuntimeException(Status.java:517)
	at org.apache.ratis.thirdparty.io.grpc.stub.ServerCalls$ServerCallStreamObserverImpl.onCompleted(ServerCalls.java:356)
	at org.apache.ratis.grpc.server.GrpcServerProtocolService$ServerRequestStreamObserver.onError(GrpcServerProtocolService.java:121)
	at org.apache.ratis.thirdparty.io.grpc.stub.ServerCalls$StreamingServerCallHandler$StreamingServerCallListener.onCancel(ServerCalls.java:269)
	at org.apache.ratis.thirdparty.io.grpc.internal.ServerCallImpl$ServerStreamListenerImpl.closed(ServerCallImpl.java:293)
	at org.apache.ratis.thirdparty.io.grpc.internal.ServerImpl$JumpToApplicationThreadServerStreamListener$1Closed.runInContext(ServerImpl.java:741)
	at org.apache.ratis.thirdparty.io.grpc.internal.ContextRunnable.run(ContextRunnable.java:37)
	at org.apache.ratis.thirdparty.io.grpc.internal.SerializingExecutor.run(SerializingExecutor.java:123)
	at java.util.concurrent.ThreadPoolExecutor.runWorker(ThreadPoolExecutor.java:1149)
	at java.util.concurrent.ThreadPoolExecutor$Worker.run(ThreadPoolExecutor.java:624)
	at java.lang.Thread.run(Thread.java:748)

]]></system-err>
  </testcase>
</testsuite>