<?xml version="1.0" encoding="UTF-8"?>
<testsuite xmlns:xsi="http://www.w3.org/2001/XMLSchema-instance" xsi:noNamespaceSchemaLocation="https://maven.apache.org/surefire/maven-surefire-plugin/xsd/surefire-test-report.xsd" name="org.apache.hadoop.ozone.freon.TestFreonWithPipelineDestroy" time="47.429" tests="1" errors="1" skipped="0" failures="0">
  <properties>
    <property name="awt.toolkit" value="sun.awt.X11.XToolkit"/>
    <property name="file.encoding.pkg" value="sun.io"/>
    <property name="java.specification.version" value="1.8"/>
    <property name="sun.cpu.isalist" value=""/>
    <property name="sun.jnu.encoding" value="ANSI_X3.4-1968"/>
    <property name="java.class.path" value="/workdir/hadoop-ozone/tools/target/test-classes:/workdir/hadoop-ozone/tools/target/classes:/home/user/.m2/repository/org/apache/hadoop/hadoop-ozone-ozone-manager/0.5.0-SNAPSHOT/hadoop-ozone-ozone-manager-0.5.0-SNAPSHOT.jar:/home/user/.m2/repository/org/apache/hadoop/hadoop-hdds-docs/0.5.0-SNAPSHOT/hadoop-hdds-docs-0.5.0-SNAPSHOT.jar:/home/user/.m2/repository/org/bouncycastle/bcprov-jdk15on/1.60/bcprov-jdk15on-1.60.jar:/home/user/.m2/repository/org/apache/hadoop/hadoop-ozone-common/0.5.0-SNAPSHOT/hadoop-ozone-common-0.5.0-SNAPSHOT.jar:/home/user/.m2/repository/org/apache/commons/commons-compress/1.4.1/commons-compress-1.4.1.jar:/home/user/.m2/repository/org/tukaani/xz/1.0/xz-1.0.jar:/home/user/.m2/repository/org/apache/hadoop/hadoop-hdfs-client/3.2.0/hadoop-hdfs-client-3.2.0.jar:/home/user/.m2/repository/com/fasterxml/jackson/core/jackson-annotations/2.9.9/jackson-annotations-2.9.9.jar:/home/user/.m2/repository/org/apache/hadoop/hadoop-hdds-common/0.5.0-SNAPSHOT/hadoop-hdds-common-0.5.0-SNAPSHOT.jar:/home/user/.m2/repository/org/apache/hadoop/hadoop-hdds-config/0.5.0-SNAPSHOT/hadoop-hdds-config-0.5.0-SNAPSHOT.jar:/home/user/.m2/repository/javax/annotation/javax.annotation-api/1.2/javax.annotation-api-1.2.jar:/home/user/.m2/repository/org/apache/ratis/ratis-server/0.5.0-d6d58d0-SNAPSHOT/ratis-server-0.5.0-d6d58d0-SNAPSHOT.jar:/home/user/.m2/repository/org/apache/ratis/ratis-thirdparty-misc/0.2.0/ratis-thirdparty-misc-0.2.0.jar:/home/user/.m2/repository/org/apache/ratis/ratis-proto/0.5.0-d6d58d0-SNAPSHOT/ratis-proto-0.5.0-d6d58d0-SNAPSHOT.jar:/home/user/.m2/repository/org/apache/ratis/ratis-common/0.5.0-d6d58d0-SNAPSHOT/ratis-common-0.5.0-d6d58d0-SNAPSHOT.jar:/home/user/.m2/repository/org/apache/ratis/ratis-client/0.5.0-d6d58d0-SNAPSHOT/ratis-client-0.5.0-d6d58d0-SNAPSHOT.jar:/home/user/.m2/repository/org/apache/ratis/ratis-metrics/0.5.0-d6d58d0-SNAPSHOT/ratis-metrics-0.5.0-d6d58d0-SNAPSHOT.jar:/home/user/.m2/repository/org/apache/ratis/ratis-netty/0.5.0-d6d58d0-SNAPSHOT/ratis-netty-0.5.0-d6d58d0-SNAPSHOT.jar:/home/user/.m2/repository/org/apache/ratis/ratis-grpc/0.5.0-d6d58d0-SNAPSHOT/ratis-grpc-0.5.0-d6d58d0-SNAPSHOT.jar:/home/user/.m2/repository/org/rocksdb/rocksdbjni/6.0.1/rocksdbjni-6.0.1.jar:/home/user/.m2/repository/org/apache/logging/log4j/log4j-api/2.11.0/log4j-api-2.11.0.jar:/home/user/.m2/repository/org/apache/logging/log4j/log4j-core/2.11.0/log4j-core-2.11.0.jar:/home/user/.m2/repository/com/lmax/disruptor/3.4.2/disruptor-3.4.2.jar:/home/user/.m2/repository/org/apache/commons/commons-pool2/2.6.0/commons-pool2-2.6.0.jar:/home/user/.m2/repository/org/bouncycastle/bcpkix-jdk15on/1.60/bcpkix-jdk15on-1.60.jar:/home/user/.m2/repository/commons-validator/commons-validator/1.6/commons-validator-1.6.jar:/home/user/.m2/repository/commons-digester/commons-digester/1.8.1/commons-digester-1.8.1.jar:/home/user/.m2/repository/io/jaegertracing/jaeger-client/0.34.0/jaeger-client-0.34.0.jar:/home/user/.m2/repository/io/jaegertracing/jaeger-thrift/0.34.0/jaeger-thrift-0.34.0.jar:/home/user/.m2/repository/org/apache/thrift/libthrift/0.12.0/libthrift-0.12.0.jar:/home/user/.m2/repository/com/squareup/okhttp3/okhttp/3.9.0/okhttp-3.9.0.jar:/home/user/.m2/repository/com/squareup/okio/okio/1.13.0/okio-1.13.0.jar:/home/user/.m2/repository/io/jaegertracing/jaeger-core/0.34.0/jaeger-core-0.34.0.jar:/home/user/.m2/repository/io/jaegertracing/jaeger-tracerresolver/0.34.0/jaeger-tracerresolver-0.34.0.jar:/home/user/.m2/repository/io/opentracing/contrib/opentracing-tracerresolver/0.1.5/opentracing-tracerresolver-0.1.5.jar:/home/user/.m2/repository/io/opentracing/opentracing-util/0.31.0/opentracing-util-0.31.0.jar:/home/user/.m2/repository/io/opentracing/opentracing-api/0.31.0/opentracing-api-0.31.0.jar:/home/user/.m2/repository/io/opentracing/opentracing-noop/0.31.0/opentracing-noop-0.31.0.jar:/home/user/.m2/repository/org/yaml/snakeyaml/1.16/snakeyaml-1.16.jar:/home/user/.m2/repository/org/apache/hadoop/hadoop-hdds-container-service/0.5.0-SNAPSHOT/hadoop-hdds-container-service-0.5.0-SNAPSHOT.jar:/home/user/.m2/repository/org/apache/hadoop/hadoop-hdds-client/0.5.0-SNAPSHOT/hadoop-hdds-client-0.5.0-SNAPSHOT.jar:/home/user/.m2/repository/org/apache/hadoop/hadoop-hdds-tools/0.5.0-SNAPSHOT/hadoop-hdds-tools-0.5.0-SNAPSHOT.jar:/home/user/.m2/repository/org/xerial/sqlite-jdbc/3.25.2/sqlite-jdbc-3.25.2.jar:/home/user/.m2/repository/org/apache/hadoop/hadoop-hdds-server-scm/0.5.0-SNAPSHOT/hadoop-hdds-server-scm-0.5.0-SNAPSHOT.jar:/home/user/.m2/repository/org/hamcrest/hamcrest-all/1.3/hamcrest-all-1.3.jar:/home/user/.m2/repository/info/picocli/picocli/3.9.6/picocli-3.9.6.jar:/home/user/.m2/repository/com/google/protobuf/protobuf-java/2.5.0/protobuf-java-2.5.0.jar:/home/user/.m2/repository/com/google/guava/guava/11.0.2/guava-11.0.2.jar:/home/user/.m2/repository/org/apache/hadoop/hadoop-ozone-client/0.5.0-SNAPSHOT/hadoop-ozone-client-0.5.0-SNAPSHOT.jar:/workdir/hadoop-ozone/ozonefs/target/classes:/home/user/.m2/repository/org/apache/httpcomponents/httpclient/4.5.2/httpclient-4.5.2.jar:/home/user/.m2/repository/org/apache/httpcomponents/httpcore/4.4.4/httpcore-4.4.4.jar:/home/user/.m2/repository/org/apache/hadoop/hadoop-hdds-server-framework/0.5.0-SNAPSHOT/hadoop-hdds-server-framework-0.5.0-SNAPSHOT.jar:/home/user/.m2/repository/org/apache/hadoop/hadoop-common/3.2.0/hadoop-common-3.2.0.jar:/home/user/.m2/repository/org/apache/hadoop/hadoop-annotations/3.2.0/hadoop-annotations-3.2.0.jar:/usr/lib/jvm/java-1.8.0-openjdk-1.8.0.222.b10-1.el7_7.x86_64/jre/../lib/tools.jar:/home/user/.m2/repository/commons-cli/commons-cli/1.2/commons-cli-1.2.jar:/home/user/.m2/repository/org/apache/commons/commons-math3/3.1.1/commons-math3-3.1.1.jar:/home/user/.m2/repository/commons-codec/commons-codec/1.11/commons-codec-1.11.jar:/home/user/.m2/repository/commons-io/commons-io/2.5/commons-io-2.5.jar:/home/user/.m2/repository/commons-net/commons-net/3.6/commons-net-3.6.jar:/home/user/.m2/repository/commons-collections/commons-collections/3.2.2/commons-collections-3.2.2.jar:/home/user/.m2/repository/javax/servlet/javax.servlet-api/3.1.0/javax.servlet-api-3.1.0.jar:/home/user/.m2/repository/org/eclipse/jetty/jetty-server/9.3.25.v20180904/jetty-server-9.3.25.v20180904.jar:/home/user/.m2/repository/org/eclipse/jetty/jetty-http/9.3.25.v20180904/jetty-http-9.3.25.v20180904.jar:/home/user/.m2/repository/org/eclipse/jetty/jetty-io/9.3.25.v20180904/jetty-io-9.3.25.v20180904.jar:/home/user/.m2/repository/org/eclipse/jetty/jetty-util/9.3.25.v20180904/jetty-util-9.3.25.v20180904.jar:/home/user/.m2/repository/org/eclipse/jetty/jetty-servlet/9.3.25.v20180904/jetty-servlet-9.3.25.v20180904.jar:/home/user/.m2/repository/org/eclipse/jetty/jetty-security/9.3.25.v20180904/jetty-security-9.3.25.v20180904.jar:/home/user/.m2/repository/org/eclipse/jetty/jetty-webapp/9.3.25.v20180904/jetty-webapp-9.3.25.v20180904.jar:/home/user/.m2/repository/org/eclipse/jetty/jetty-xml/9.3.25.v20180904/jetty-xml-9.3.25.v20180904.jar:/home/user/.m2/repository/javax/servlet/jsp/jsp-api/2.1/jsp-api-2.1.jar:/home/user/.m2/repository/com/sun/jersey/jersey-core/1.19/jersey-core-1.19.jar:/home/user/.m2/repository/javax/ws/rs/jsr311-api/1.1.1/jsr311-api-1.1.1.jar:/home/user/.m2/repository/com/sun/jersey/jersey-servlet/1.19/jersey-servlet-1.19.jar:/home/user/.m2/repository/com/sun/jersey/jersey-json/1.19/jersey-json-1.19.jar:/home/user/.m2/repository/org/codehaus/jettison/jettison/1.1/jettison-1.1.jar:/home/user/.m2/repository/com/sun/xml/bind/jaxb-impl/2.3.0.1/jaxb-impl-2.3.0.1.jar:/home/user/.m2/repository/org/codehaus/jackson/jackson-core-asl/1.9.13/jackson-core-asl-1.9.13.jar:/home/user/.m2/repository/org/codehaus/jackson/jackson-mapper-asl/1.9.13/jackson-mapper-asl-1.9.13.jar:/home/user/.m2/repository/org/codehaus/jackson/jackson-jaxrs/1.9.13/jackson-jaxrs-1.9.13.jar:/home/user/.m2/repository/org/codehaus/jackson/jackson-xc/1.9.13/jackson-xc-1.9.13.jar:/home/user/.m2/repository/com/sun/jersey/jersey-server/1.19/jersey-server-1.19.jar:/home/user/.m2/repository/commons-logging/commons-logging/1.1.3/commons-logging-1.1.3.jar:/home/user/.m2/repository/log4j/log4j/1.2.17/log4j-1.2.17.jar:/home/user/.m2/repository/commons-beanutils/commons-beanutils/1.9.4/commons-beanutils-1.9.4.jar:/home/user/.m2/repository/org/apache/commons/commons-configuration2/2.1.1/commons-configuration2-2.1.1.jar:/home/user/.m2/repository/org/apache/commons/commons-lang3/3.7/commons-lang3-3.7.jar:/home/user/.m2/repository/org/apache/commons/commons-text/1.4/commons-text-1.4.jar:/home/user/.m2/repository/org/slf4j/slf4j-api/1.7.25/slf4j-api-1.7.25.jar:/home/user/.m2/repository/org/slf4j/slf4j-log4j12/1.7.25/slf4j-log4j12-1.7.25.jar:/home/user/.m2/repository/org/apache/avro/avro/1.7.7/avro-1.7.7.jar:/home/user/.m2/repository/com/thoughtworks/paranamer/paranamer/2.3/paranamer-2.3.jar:/home/user/.m2/repository/org/xerial/snappy/snappy-java/1.0.5/snappy-java-1.0.5.jar:/home/user/.m2/repository/com/google/re2j/re2j/1.1/re2j-1.1.jar:/home/user/.m2/repository/com/google/code/gson/gson/2.2.4/gson-2.2.4.jar:/home/user/.m2/repository/org/apache/hadoop/hadoop-auth/3.2.0/hadoop-auth-3.2.0.jar:/home/user/.m2/repository/com/nimbusds/nimbus-jose-jwt/4.41.1/nimbus-jose-jwt-4.41.1.jar:/home/user/.m2/repository/com/github/stephenc/jcip/jcip-annotations/1.0-1/jcip-annotations-1.0-1.jar:/home/user/.m2/repository/net/minidev/json-smart/2.3/json-smart-2.3.jar:/home/user/.m2/repository/net/minidev/accessors-smart/1.2/accessors-smart-1.2.jar:/home/user/.m2/repository/org/apache/curator/curator-framework/2.12.0/curator-framework-2.12.0.jar:/home/user/.m2/repository/com/jcraft/jsch/0.1.54/jsch-0.1.54.jar:/home/user/.m2/repository/org/apache/curator/curator-client/2.12.0/curator-client-2.12.0.jar:/home/user/.m2/repository/org/apache/curator/curator-recipes/2.12.0/curator-recipes-2.12.0.jar:/home/user/.m2/repository/com/google/code/findbugs/jsr305/3.0.0/jsr305-3.0.0.jar:/home/user/.m2/repository/org/apache/htrace/htrace-core4/4.1.0-incubating/htrace-core4-4.1.0-incubating.jar:/home/user/.m2/repository/org/apache/zookeeper/zookeeper/3.4.13/zookeeper-3.4.13.jar:/home/user/.m2/repository/jline/jline/0.9.94/jline-0.9.94.jar:/home/user/.m2/repository/org/apache/yetus/audience-annotations/0.5.0/audience-annotations-0.5.0.jar:/home/user/.m2/repository/org/apache/kerby/kerb-simplekdc/1.0.1/kerb-simplekdc-1.0.1.jar:/home/user/.m2/repository/org/apache/kerby/kerb-client/1.0.1/kerb-client-1.0.1.jar:/home/user/.m2/repository/org/apache/kerby/kerby-config/1.0.1/kerby-config-1.0.1.jar:/home/user/.m2/repository/org/apache/kerby/kerb-core/1.0.1/kerb-core-1.0.1.jar:/home/user/.m2/repository/org/apache/kerby/kerby-pkix/1.0.1/kerby-pkix-1.0.1.jar:/home/user/.m2/repository/org/apache/kerby/kerby-asn1/1.0.1/kerby-asn1-1.0.1.jar:/home/user/.m2/repository/org/apache/kerby/kerby-util/1.0.1/kerby-util-1.0.1.jar:/home/user/.m2/repository/org/apache/kerby/kerb-common/1.0.1/kerb-common-1.0.1.jar:/home/user/.m2/repository/org/apache/kerby/kerb-crypto/1.0.1/kerb-crypto-1.0.1.jar:/home/user/.m2/repository/org/apache/kerby/kerb-util/1.0.1/kerb-util-1.0.1.jar:/home/user/.m2/repository/org/apache/kerby/token-provider/1.0.1/token-provider-1.0.1.jar:/home/user/.m2/repository/org/apache/kerby/kerb-admin/1.0.1/kerb-admin-1.0.1.jar:/home/user/.m2/repository/org/apache/kerby/kerb-server/1.0.1/kerb-server-1.0.1.jar:/home/user/.m2/repository/org/apache/kerby/kerb-identity/1.0.1/kerb-identity-1.0.1.jar:/home/user/.m2/repository/org/apache/kerby/kerby-xdr/1.0.1/kerby-xdr-1.0.1.jar:/home/user/.m2/repository/com/fasterxml/jackson/core/jackson-databind/2.9.9/jackson-databind-2.9.9.jar:/home/user/.m2/repository/com/fasterxml/jackson/core/jackson-core/2.9.9/jackson-core-2.9.9.jar:/home/user/.m2/repository/org/codehaus/woodstox/stax2-api/3.1.4/stax2-api-3.1.4.jar:/home/user/.m2/repository/com/fasterxml/woodstox/woodstox-core/5.0.3/woodstox-core-5.0.3.jar:/home/user/.m2/repository/dnsjava/dnsjava/2.1.7/dnsjava-2.1.7.jar:/home/user/.m2/repository/org/apache/hadoop/hadoop-hdfs/3.2.0/hadoop-hdfs-3.2.0.jar:/home/user/.m2/repository/org/eclipse/jetty/jetty-util-ajax/9.3.25.v20180904/jetty-util-ajax-9.3.25.v20180904.jar:/home/user/.m2/repository/commons-daemon/commons-daemon/1.0.13/commons-daemon-1.0.13.jar:/home/user/.m2/repository/io/netty/netty/3.10.5.Final/netty-3.10.5.Final.jar:/home/user/.m2/repository/io/netty/netty-all/4.0.52.Final/netty-all-4.0.52.Final.jar:/home/user/.m2/repository/org/fusesource/leveldbjni/leveldbjni-all/1.8/leveldbjni-all-1.8.jar:/home/user/.m2/repository/com/sun/xml/bind/jaxb-core/2.3.0.1/jaxb-core-2.3.0.1.jar:/home/user/.m2/repository/javax/xml/bind/jaxb-api/2.3.0/jaxb-api-2.3.0.jar:/home/user/.m2/repository/javax/activation/activation/1.1.1/activation-1.1.1.jar:/home/user/.m2/repository/org/openjdk/jmh/jmh-core/1.19/jmh-core-1.19.jar:/home/user/.m2/repository/net/sf/jopt-simple/jopt-simple/4.6/jopt-simple-4.6.jar:/home/user/.m2/repository/org/openjdk/jmh/jmh-generator-annprocess/1.19/jmh-generator-annprocess-1.19.jar:/home/user/.m2/repository/io/dropwizard/metrics/metrics-core/3.2.4/metrics-core-3.2.4.jar:/home/user/.m2/repository/com/amazonaws/aws-java-sdk-s3/1.11.615/aws-java-sdk-s3-1.11.615.jar:/home/user/.m2/repository/com/amazonaws/aws-java-sdk-kms/1.11.615/aws-java-sdk-kms-1.11.615.jar:/home/user/.m2/repository/com/amazonaws/aws-java-sdk-core/1.11.615/aws-java-sdk-core-1.11.615.jar:/home/user/.m2/repository/software/amazon/ion/ion-java/1.0.2/ion-java-1.0.2.jar:/home/user/.m2/repository/com/fasterxml/jackson/dataformat/jackson-dataformat-cbor/2.9.9/jackson-dataformat-cbor-2.9.9.jar:/home/user/.m2/repository/joda-time/joda-time/2.9.9/joda-time-2.9.9.jar:/home/user/.m2/repository/com/amazonaws/jmespath-java/1.11.615/jmespath-java-1.11.615.jar:/home/user/.m2/repository/com/github/spotbugs/spotbugs/3.1.12/spotbugs-3.1.12.jar:/home/user/.m2/repository/org/ow2/asm/asm/5.0.4/asm-5.0.4.jar:/home/user/.m2/repository/org/ow2/asm/asm-analysis/7.0/asm-analysis-7.0.jar:/home/user/.m2/repository/org/ow2/asm/asm-commons/7.0/asm-commons-7.0.jar:/home/user/.m2/repository/org/ow2/asm/asm-tree/7.0/asm-tree-7.0.jar:/home/user/.m2/repository/org/ow2/asm/asm-util/7.0/asm-util-7.0.jar:/home/user/.m2/repository/org/apache/bcel/bcel/6.3/bcel-6.3.jar:/home/user/.m2/repository/net/jcip/jcip-annotations/1.0/jcip-annotations-1.0.jar:/home/user/.m2/repository/org/dom4j/dom4j/2.1.1/dom4j-2.1.1.jar:/home/user/.m2/repository/jaxen/jaxen/1.1.6/jaxen-1.1.6.jar:/home/user/.m2/repository/commons-lang/commons-lang/2.6/commons-lang-2.6.jar:/home/user/.m2/repository/com/github/spotbugs/spotbugs-annotations/3.1.12/spotbugs-annotations-3.1.12.jar:/home/user/.m2/repository/junit/junit/4.11/junit-4.11.jar:/home/user/.m2/repository/org/hamcrest/hamcrest-core/1.3/hamcrest-core-1.3.jar:/home/user/.m2/repository/org/apache/hadoop/hadoop-common/3.2.0/hadoop-common-3.2.0-tests.jar:/workdir/hadoop-ozone/integration-test/target/test-classes:/home/user/.m2/repository/org/apache/hadoop/hadoop-ozone-s3gateway/0.5.0-SNAPSHOT/hadoop-ozone-s3gateway-0.5.0-SNAPSHOT.jar:/home/user/.m2/repository/org/jboss/weld/servlet/weld-servlet/2.4.7.Final/weld-servlet-2.4.7.Final.jar:/home/user/.m2/repository/org/glassfish/jersey/containers/jersey-container-servlet-core/2.27/jersey-container-servlet-core-2.27.jar:/home/user/.m2/repository/org/glassfish/hk2/external/javax.inject/2.5.0-b42/javax.inject-2.5.0-b42.jar:/home/user/.m2/repository/org/glassfish/jersey/core/jersey-common/2.27/jersey-common-2.27.jar:/home/user/.m2/repository/org/glassfish/hk2/osgi-resource-locator/1.0.1/osgi-resource-locator-1.0.1.jar:/home/user/.m2/repository/javax/ws/rs/javax.ws.rs-api/2.1/javax.ws.rs-api-2.1.jar:/home/user/.m2/repository/org/glassfish/jersey/ext/cdi/jersey-cdi1x/2.27/jersey-cdi1x-2.27.jar:/home/user/.m2/repository/org/glassfish/jersey/inject/jersey-hk2/2.27/jersey-hk2-2.27.jar:/home/user/.m2/repository/org/glassfish/hk2/hk2-locator/2.5.0-b42/hk2-locator-2.5.0-b42.jar:/home/user/.m2/repository/org/javassist/javassist/3.22.0-CR2/javassist-3.22.0-CR2.jar:/home/user/.m2/repository/org/glassfish/hk2/hk2-api/2.5.0/hk2-api-2.5.0.jar:/home/user/.m2/repository/org/glassfish/hk2/external/jakarta.inject/2.5.0/jakarta.inject-2.5.0.jar:/home/user/.m2/repository/org/glassfish/hk2/hk2-utils/2.5.0/hk2-utils-2.5.0.jar:/home/user/.m2/repository/jakarta/annotation/jakarta.annotation-api/1.3.4/jakarta.annotation-api-1.3.4.jar:/home/user/.m2/repository/org/glassfish/hk2/external/aopalliance-repackaged/2.5.0/aopalliance-repackaged-2.5.0.jar:/home/user/.m2/repository/com/fasterxml/jackson/dataformat/jackson-dataformat-xml/2.9.0/jackson-dataformat-xml-2.9.0.jar:/home/user/.m2/repository/com/fasterxml/jackson/module/jackson-module-jaxb-annotations/2.9.9/jackson-module-jaxb-annotations-2.9.9.jar:/home/user/.m2/repository/javax/enterprise/cdi-api/1.2/cdi-api-1.2.jar:/home/user/.m2/repository/javax/el/javax.el-api/3.0.0/javax.el-api-3.0.0.jar:/home/user/.m2/repository/javax/interceptor/javax.interceptor-api/1.2/javax.interceptor-api-1.2.jar:/home/user/.m2/repository/javax/inject/javax.inject/1/javax.inject-1.jar:/home/user/.m2/repository/org/apache/hadoop/hadoop-ozone-csi/0.5.0-SNAPSHOT/hadoop-ozone-csi-0.5.0-SNAPSHOT.jar:/home/user/.m2/repository/com/google/protobuf/protobuf-java-util/3.5.1/protobuf-java-util-3.5.1.jar:/home/user/.m2/repository/io/grpc/grpc-netty/1.17.1/grpc-netty-1.17.1.jar:/home/user/.m2/repository/io/grpc/grpc-core/1.17.1/grpc-core-1.17.1.jar:/home/user/.m2/repository/io/grpc/grpc-context/1.17.1/grpc-context-1.17.1.jar:/home/user/.m2/repository/com/google/errorprone/error_prone_annotations/2.2.0/error_prone_annotations-2.2.0.jar:/home/user/.m2/repository/org/codehaus/mojo/animal-sniffer-annotations/1.17/animal-sniffer-annotations-1.17.jar:/home/user/.m2/repository/io/opencensus/opencensus-api/0.17.0/opencensus-api-0.17.0.jar:/home/user/.m2/repository/io/opencensus/opencensus-contrib-grpc-metrics/0.17.0/opencensus-contrib-grpc-metrics-0.17.0.jar:/home/user/.m2/repository/io/netty/netty-codec-http2/4.1.30.Final/netty-codec-http2-4.1.30.Final.jar:/home/user/.m2/repository/io/netty/netty-codec-http/4.1.30.Final/netty-codec-http-4.1.30.Final.jar:/home/user/.m2/repository/io/netty/netty-codec/4.1.30.Final/netty-codec-4.1.30.Final.jar:/home/user/.m2/repository/io/netty/netty-handler/4.1.30.Final/netty-handler-4.1.30.Final.jar:/home/user/.m2/repository/io/netty/netty-handler-proxy/4.1.30.Final/netty-handler-proxy-4.1.30.Final.jar:/home/user/.m2/repository/io/netty/netty-codec-socks/4.1.30.Final/netty-codec-socks-4.1.30.Final.jar:/home/user/.m2/repository/io/netty/netty-transport-native-epoll/4.1.30.Final/netty-transport-native-epoll-4.1.30.Final.jar:/home/user/.m2/repository/io/netty/netty-common/4.1.30.Final/netty-common-4.1.30.Final.jar:/home/user/.m2/repository/io/netty/netty-buffer/4.1.30.Final/netty-buffer-4.1.30.Final.jar:/home/user/.m2/repository/io/netty/netty-transport/4.1.30.Final/netty-transport-4.1.30.Final.jar:/home/user/.m2/repository/io/netty/netty-resolver/4.1.30.Final/netty-resolver-4.1.30.Final.jar:/home/user/.m2/repository/io/netty/netty-transport-native-unix-common/4.1.30.Final/netty-transport-native-unix-common-4.1.30.Final.jar:/home/user/.m2/repository/io/grpc/grpc-protobuf/1.17.1/grpc-protobuf-1.17.1.jar:/home/user/.m2/repository/com/google/api/grpc/proto-google-common-protos/1.0.0/proto-google-common-protos-1.0.0.jar:/home/user/.m2/repository/io/grpc/grpc-protobuf-lite/1.17.1/grpc-protobuf-lite-1.17.1.jar:/home/user/.m2/repository/io/grpc/grpc-stub/1.17.1/grpc-stub-1.17.1.jar:/home/user/.m2/repository/org/apache/hadoop/hadoop-ozone-recon/0.5.0-SNAPSHOT/hadoop-ozone-recon-0.5.0-SNAPSHOT.jar:/home/user/.m2/repository/org/apache/hadoop/hadoop-ozone-reconcodegen/0.5.0-SNAPSHOT/hadoop-ozone-reconcodegen-0.5.0-SNAPSHOT.jar:/home/user/.m2/repository/com/google/inject/extensions/guice-multibindings/4.0/guice-multibindings-4.0.jar:/home/user/.m2/repository/com/google/inject/guice/4.0/guice-4.0.jar:/home/user/.m2/repository/aopalliance/aopalliance/1.0/aopalliance-1.0.jar:/home/user/.m2/repository/com/google/inject/extensions/guice-servlet/4.0/guice-servlet-4.0.jar:/home/user/.m2/repository/org/glassfish/jersey/containers/jersey-container-servlet/2.27/jersey-container-servlet-2.27.jar:/home/user/.m2/repository/org/glassfish/hk2/guice-bridge/2.5.0/guice-bridge-2.5.0.jar:/home/user/.m2/repository/org/glassfish/jersey/core/jersey-server/2.27/jersey-server-2.27.jar:/home/user/.m2/repository/org/glassfish/jersey/core/jersey-client/2.27/jersey-client-2.27.jar:/home/user/.m2/repository/org/glassfish/jersey/media/jersey-media-jaxb/2.27/jersey-media-jaxb-2.27.jar:/home/user/.m2/repository/javax/validation/validation-api/1.1.0.Final/validation-api-1.1.0.Final.jar:/home/user/.m2/repository/org/glassfish/jersey/media/jersey-media-json-jackson/2.27/jersey-media-json-jackson-2.27.jar:/home/user/.m2/repository/org/glassfish/jersey/ext/jersey-entity-filtering/2.27/jersey-entity-filtering-2.27.jar:/home/user/.m2/repository/com/google/inject/extensions/guice-assistedinject/4.0/guice-assistedinject-4.0.jar:/home/user/.m2/repository/org/jooq/jooq/3.11.10/jooq-3.11.10.jar:/home/user/.m2/repository/org/jooq/jooq-meta/3.11.10/jooq-meta-3.11.10.jar:/home/user/.m2/repository/org/jooq/jooq-codegen/3.11.10/jooq-codegen-3.11.10.jar:/home/user/.m2/repository/com/jolbox/bonecp/0.8.0.RELEASE/bonecp-0.8.0.RELEASE.jar:/home/user/.m2/repository/org/springframework/spring-jdbc/5.1.3.RELEASE/spring-jdbc-5.1.3.RELEASE.jar:/home/user/.m2/repository/org/springframework/spring-beans/5.1.3.RELEASE/spring-beans-5.1.3.RELEASE.jar:/home/user/.m2/repository/org/springframework/spring-core/5.1.3.RELEASE/spring-core-5.1.3.RELEASE.jar:/home/user/.m2/repository/org/springframework/spring-jcl/5.1.3.RELEASE/spring-jcl-5.1.3.RELEASE.jar:/home/user/.m2/repository/org/springframework/spring-tx/5.1.3.RELEASE/spring-tx-5.1.3.RELEASE.jar:/home/user/.m2/repository/org/mockito/mockito-core/2.15.0/mockito-core-2.15.0.jar:/home/user/.m2/repository/net/bytebuddy/byte-buddy/1.7.9/byte-buddy-1.7.9.jar:/home/user/.m2/repository/net/bytebuddy/byte-buddy-agent/1.7.9/byte-buddy-agent-1.7.9.jar:/home/user/.m2/repository/org/objenesis/objenesis/1.0/objenesis-1.0.jar:"/>
    <property name="java.vm.vendor" value="Oracle Corporation"/>
    <property name="sun.arch.data.model" value="64"/>
    <property name="test.build.dir" value="/workdir/hadoop-ozone/tools/target/test-dir"/>
    <property name="test.cache.data" value=""/>
    <property name="java.vendor.url" value="http://java.oracle.com/"/>
    <property name="user.timezone" value=""/>
    <property name="java.vm.specification.version" value="1.8"/>
    <property name="os.name" value="Linux"/>
    <property name="test.build.data" value="/workdir/hadoop-ozone/tools/target/test-dir"/>
    <property name="user.country" value="US"/>
    <property name="sun.java.launcher" value="SUN_STANDARD"/>
    <property name="sun.boot.library.path" value="/usr/lib/jvm/java-1.8.0-openjdk-1.8.0.222.b10-1.el7_7.x86_64/jre/lib/amd64"/>
    <property name="sun.java.command" value="/workdir/hadoop-ozone/tools/target/surefire/surefirebooter3475764679766300046.jar /workdir/hadoop-ozone/tools/target/surefire 2019-11-14T11-09-36_664-jvmRun1 surefire2960113944037328714tmp surefire_997263417246697445548tmp"/>
    <property name="surefire.test.class.path" value="/workdir/hadoop-ozone/tools/target/test-classes:/workdir/hadoop-ozone/tools/target/classes:/home/user/.m2/repository/org/apache/hadoop/hadoop-ozone-ozone-manager/0.5.0-SNAPSHOT/hadoop-ozone-ozone-manager-0.5.0-SNAPSHOT.jar:/home/user/.m2/repository/org/apache/hadoop/hadoop-hdds-docs/0.5.0-SNAPSHOT/hadoop-hdds-docs-0.5.0-SNAPSHOT.jar:/home/user/.m2/repository/org/bouncycastle/bcprov-jdk15on/1.60/bcprov-jdk15on-1.60.jar:/home/user/.m2/repository/org/apache/hadoop/hadoop-ozone-common/0.5.0-SNAPSHOT/hadoop-ozone-common-0.5.0-SNAPSHOT.jar:/home/user/.m2/repository/org/apache/commons/commons-compress/1.4.1/commons-compress-1.4.1.jar:/home/user/.m2/repository/org/tukaani/xz/1.0/xz-1.0.jar:/home/user/.m2/repository/org/apache/hadoop/hadoop-hdfs-client/3.2.0/hadoop-hdfs-client-3.2.0.jar:/home/user/.m2/repository/com/fasterxml/jackson/core/jackson-annotations/2.9.9/jackson-annotations-2.9.9.jar:/home/user/.m2/repository/org/apache/hadoop/hadoop-hdds-common/0.5.0-SNAPSHOT/hadoop-hdds-common-0.5.0-SNAPSHOT.jar:/home/user/.m2/repository/org/apache/hadoop/hadoop-hdds-config/0.5.0-SNAPSHOT/hadoop-hdds-config-0.5.0-SNAPSHOT.jar:/home/user/.m2/repository/javax/annotation/javax.annotation-api/1.2/javax.annotation-api-1.2.jar:/home/user/.m2/repository/org/apache/ratis/ratis-server/0.5.0-d6d58d0-SNAPSHOT/ratis-server-0.5.0-d6d58d0-SNAPSHOT.jar:/home/user/.m2/repository/org/apache/ratis/ratis-thirdparty-misc/0.2.0/ratis-thirdparty-misc-0.2.0.jar:/home/user/.m2/repository/org/apache/ratis/ratis-proto/0.5.0-d6d58d0-SNAPSHOT/ratis-proto-0.5.0-d6d58d0-SNAPSHOT.jar:/home/user/.m2/repository/org/apache/ratis/ratis-common/0.5.0-d6d58d0-SNAPSHOT/ratis-common-0.5.0-d6d58d0-SNAPSHOT.jar:/home/user/.m2/repository/org/apache/ratis/ratis-client/0.5.0-d6d58d0-SNAPSHOT/ratis-client-0.5.0-d6d58d0-SNAPSHOT.jar:/home/user/.m2/repository/org/apache/ratis/ratis-metrics/0.5.0-d6d58d0-SNAPSHOT/ratis-metrics-0.5.0-d6d58d0-SNAPSHOT.jar:/home/user/.m2/repository/org/apache/ratis/ratis-netty/0.5.0-d6d58d0-SNAPSHOT/ratis-netty-0.5.0-d6d58d0-SNAPSHOT.jar:/home/user/.m2/repository/org/apache/ratis/ratis-grpc/0.5.0-d6d58d0-SNAPSHOT/ratis-grpc-0.5.0-d6d58d0-SNAPSHOT.jar:/home/user/.m2/repository/org/rocksdb/rocksdbjni/6.0.1/rocksdbjni-6.0.1.jar:/home/user/.m2/repository/org/apache/logging/log4j/log4j-api/2.11.0/log4j-api-2.11.0.jar:/home/user/.m2/repository/org/apache/logging/log4j/log4j-core/2.11.0/log4j-core-2.11.0.jar:/home/user/.m2/repository/com/lmax/disruptor/3.4.2/disruptor-3.4.2.jar:/home/user/.m2/repository/org/apache/commons/commons-pool2/2.6.0/commons-pool2-2.6.0.jar:/home/user/.m2/repository/org/bouncycastle/bcpkix-jdk15on/1.60/bcpkix-jdk15on-1.60.jar:/home/user/.m2/repository/commons-validator/commons-validator/1.6/commons-validator-1.6.jar:/home/user/.m2/repository/commons-digester/commons-digester/1.8.1/commons-digester-1.8.1.jar:/home/user/.m2/repository/io/jaegertracing/jaeger-client/0.34.0/jaeger-client-0.34.0.jar:/home/user/.m2/repository/io/jaegertracing/jaeger-thrift/0.34.0/jaeger-thrift-0.34.0.jar:/home/user/.m2/repository/org/apache/thrift/libthrift/0.12.0/libthrift-0.12.0.jar:/home/user/.m2/repository/com/squareup/okhttp3/okhttp/3.9.0/okhttp-3.9.0.jar:/home/user/.m2/repository/com/squareup/okio/okio/1.13.0/okio-1.13.0.jar:/home/user/.m2/repository/io/jaegertracing/jaeger-core/0.34.0/jaeger-core-0.34.0.jar:/home/user/.m2/repository/io/jaegertracing/jaeger-tracerresolver/0.34.0/jaeger-tracerresolver-0.34.0.jar:/home/user/.m2/repository/io/opentracing/contrib/opentracing-tracerresolver/0.1.5/opentracing-tracerresolver-0.1.5.jar:/home/user/.m2/repository/io/opentracing/opentracing-util/0.31.0/opentracing-util-0.31.0.jar:/home/user/.m2/repository/io/opentracing/opentracing-api/0.31.0/opentracing-api-0.31.0.jar:/home/user/.m2/repository/io/opentracing/opentracing-noop/0.31.0/opentracing-noop-0.31.0.jar:/home/user/.m2/repository/org/yaml/snakeyaml/1.16/snakeyaml-1.16.jar:/home/user/.m2/repository/org/apache/hadoop/hadoop-hdds-container-service/0.5.0-SNAPSHOT/hadoop-hdds-container-service-0.5.0-SNAPSHOT.jar:/home/user/.m2/repository/org/apache/hadoop/hadoop-hdds-client/0.5.0-SNAPSHOT/hadoop-hdds-client-0.5.0-SNAPSHOT.jar:/home/user/.m2/repository/org/apache/hadoop/hadoop-hdds-tools/0.5.0-SNAPSHOT/hadoop-hdds-tools-0.5.0-SNAPSHOT.jar:/home/user/.m2/repository/org/xerial/sqlite-jdbc/3.25.2/sqlite-jdbc-3.25.2.jar:/home/user/.m2/repository/org/apache/hadoop/hadoop-hdds-server-scm/0.5.0-SNAPSHOT/hadoop-hdds-server-scm-0.5.0-SNAPSHOT.jar:/home/user/.m2/repository/org/hamcrest/hamcrest-all/1.3/hamcrest-all-1.3.jar:/home/user/.m2/repository/info/picocli/picocli/3.9.6/picocli-3.9.6.jar:/home/user/.m2/repository/com/google/protobuf/protobuf-java/2.5.0/protobuf-java-2.5.0.jar:/home/user/.m2/repository/com/google/guava/guava/11.0.2/guava-11.0.2.jar:/home/user/.m2/repository/org/apache/hadoop/hadoop-ozone-client/0.5.0-SNAPSHOT/hadoop-ozone-client-0.5.0-SNAPSHOT.jar:/workdir/hadoop-ozone/ozonefs/target/classes:/home/user/.m2/repository/org/apache/httpcomponents/httpclient/4.5.2/httpclient-4.5.2.jar:/home/user/.m2/repository/org/apache/httpcomponents/httpcore/4.4.4/httpcore-4.4.4.jar:/home/user/.m2/repository/org/apache/hadoop/hadoop-hdds-server-framework/0.5.0-SNAPSHOT/hadoop-hdds-server-framework-0.5.0-SNAPSHOT.jar:/home/user/.m2/repository/org/apache/hadoop/hadoop-common/3.2.0/hadoop-common-3.2.0.jar:/home/user/.m2/repository/org/apache/hadoop/hadoop-annotations/3.2.0/hadoop-annotations-3.2.0.jar:/usr/lib/jvm/java-1.8.0-openjdk-1.8.0.222.b10-1.el7_7.x86_64/jre/../lib/tools.jar:/home/user/.m2/repository/commons-cli/commons-cli/1.2/commons-cli-1.2.jar:/home/user/.m2/repository/org/apache/commons/commons-math3/3.1.1/commons-math3-3.1.1.jar:/home/user/.m2/repository/commons-codec/commons-codec/1.11/commons-codec-1.11.jar:/home/user/.m2/repository/commons-io/commons-io/2.5/commons-io-2.5.jar:/home/user/.m2/repository/commons-net/commons-net/3.6/commons-net-3.6.jar:/home/user/.m2/repository/commons-collections/commons-collections/3.2.2/commons-collections-3.2.2.jar:/home/user/.m2/repository/javax/servlet/javax.servlet-api/3.1.0/javax.servlet-api-3.1.0.jar:/home/user/.m2/repository/org/eclipse/jetty/jetty-server/9.3.25.v20180904/jetty-server-9.3.25.v20180904.jar:/home/user/.m2/repository/org/eclipse/jetty/jetty-http/9.3.25.v20180904/jetty-http-9.3.25.v20180904.jar:/home/user/.m2/repository/org/eclipse/jetty/jetty-io/9.3.25.v20180904/jetty-io-9.3.25.v20180904.jar:/home/user/.m2/repository/org/eclipse/jetty/jetty-util/9.3.25.v20180904/jetty-util-9.3.25.v20180904.jar:/home/user/.m2/repository/org/eclipse/jetty/jetty-servlet/9.3.25.v20180904/jetty-servlet-9.3.25.v20180904.jar:/home/user/.m2/repository/org/eclipse/jetty/jetty-security/9.3.25.v20180904/jetty-security-9.3.25.v20180904.jar:/home/user/.m2/repository/org/eclipse/jetty/jetty-webapp/9.3.25.v20180904/jetty-webapp-9.3.25.v20180904.jar:/home/user/.m2/repository/org/eclipse/jetty/jetty-xml/9.3.25.v20180904/jetty-xml-9.3.25.v20180904.jar:/home/user/.m2/repository/javax/servlet/jsp/jsp-api/2.1/jsp-api-2.1.jar:/home/user/.m2/repository/com/sun/jersey/jersey-core/1.19/jersey-core-1.19.jar:/home/user/.m2/repository/javax/ws/rs/jsr311-api/1.1.1/jsr311-api-1.1.1.jar:/home/user/.m2/repository/com/sun/jersey/jersey-servlet/1.19/jersey-servlet-1.19.jar:/home/user/.m2/repository/com/sun/jersey/jersey-json/1.19/jersey-json-1.19.jar:/home/user/.m2/repository/org/codehaus/jettison/jettison/1.1/jettison-1.1.jar:/home/user/.m2/repository/com/sun/xml/bind/jaxb-impl/2.3.0.1/jaxb-impl-2.3.0.1.jar:/home/user/.m2/repository/org/codehaus/jackson/jackson-core-asl/1.9.13/jackson-core-asl-1.9.13.jar:/home/user/.m2/repository/org/codehaus/jackson/jackson-mapper-asl/1.9.13/jackson-mapper-asl-1.9.13.jar:/home/user/.m2/repository/org/codehaus/jackson/jackson-jaxrs/1.9.13/jackson-jaxrs-1.9.13.jar:/home/user/.m2/repository/org/codehaus/jackson/jackson-xc/1.9.13/jackson-xc-1.9.13.jar:/home/user/.m2/repository/com/sun/jersey/jersey-server/1.19/jersey-server-1.19.jar:/home/user/.m2/repository/commons-logging/commons-logging/1.1.3/commons-logging-1.1.3.jar:/home/user/.m2/repository/log4j/log4j/1.2.17/log4j-1.2.17.jar:/home/user/.m2/repository/commons-beanutils/commons-beanutils/1.9.4/commons-beanutils-1.9.4.jar:/home/user/.m2/repository/org/apache/commons/commons-configuration2/2.1.1/commons-configuration2-2.1.1.jar:/home/user/.m2/repository/org/apache/commons/commons-lang3/3.7/commons-lang3-3.7.jar:/home/user/.m2/repository/org/apache/commons/commons-text/1.4/commons-text-1.4.jar:/home/user/.m2/repository/org/slf4j/slf4j-api/1.7.25/slf4j-api-1.7.25.jar:/home/user/.m2/repository/org/slf4j/slf4j-log4j12/1.7.25/slf4j-log4j12-1.7.25.jar:/home/user/.m2/repository/org/apache/avro/avro/1.7.7/avro-1.7.7.jar:/home/user/.m2/repository/com/thoughtworks/paranamer/paranamer/2.3/paranamer-2.3.jar:/home/user/.m2/repository/org/xerial/snappy/snappy-java/1.0.5/snappy-java-1.0.5.jar:/home/user/.m2/repository/com/google/re2j/re2j/1.1/re2j-1.1.jar:/home/user/.m2/repository/com/google/code/gson/gson/2.2.4/gson-2.2.4.jar:/home/user/.m2/repository/org/apache/hadoop/hadoop-auth/3.2.0/hadoop-auth-3.2.0.jar:/home/user/.m2/repository/com/nimbusds/nimbus-jose-jwt/4.41.1/nimbus-jose-jwt-4.41.1.jar:/home/user/.m2/repository/com/github/stephenc/jcip/jcip-annotations/1.0-1/jcip-annotations-1.0-1.jar:/home/user/.m2/repository/net/minidev/json-smart/2.3/json-smart-2.3.jar:/home/user/.m2/repository/net/minidev/accessors-smart/1.2/accessors-smart-1.2.jar:/home/user/.m2/repository/org/apache/curator/curator-framework/2.12.0/curator-framework-2.12.0.jar:/home/user/.m2/repository/com/jcraft/jsch/0.1.54/jsch-0.1.54.jar:/home/user/.m2/repository/org/apache/curator/curator-client/2.12.0/curator-client-2.12.0.jar:/home/user/.m2/repository/org/apache/curator/curator-recipes/2.12.0/curator-recipes-2.12.0.jar:/home/user/.m2/repository/com/google/code/findbugs/jsr305/3.0.0/jsr305-3.0.0.jar:/home/user/.m2/repository/org/apache/htrace/htrace-core4/4.1.0-incubating/htrace-core4-4.1.0-incubating.jar:/home/user/.m2/repository/org/apache/zookeeper/zookeeper/3.4.13/zookeeper-3.4.13.jar:/home/user/.m2/repository/jline/jline/0.9.94/jline-0.9.94.jar:/home/user/.m2/repository/org/apache/yetus/audience-annotations/0.5.0/audience-annotations-0.5.0.jar:/home/user/.m2/repository/org/apache/kerby/kerb-simplekdc/1.0.1/kerb-simplekdc-1.0.1.jar:/home/user/.m2/repository/org/apache/kerby/kerb-client/1.0.1/kerb-client-1.0.1.jar:/home/user/.m2/repository/org/apache/kerby/kerby-config/1.0.1/kerby-config-1.0.1.jar:/home/user/.m2/repository/org/apache/kerby/kerb-core/1.0.1/kerb-core-1.0.1.jar:/home/user/.m2/repository/org/apache/kerby/kerby-pkix/1.0.1/kerby-pkix-1.0.1.jar:/home/user/.m2/repository/org/apache/kerby/kerby-asn1/1.0.1/kerby-asn1-1.0.1.jar:/home/user/.m2/repository/org/apache/kerby/kerby-util/1.0.1/kerby-util-1.0.1.jar:/home/user/.m2/repository/org/apache/kerby/kerb-common/1.0.1/kerb-common-1.0.1.jar:/home/user/.m2/repository/org/apache/kerby/kerb-crypto/1.0.1/kerb-crypto-1.0.1.jar:/home/user/.m2/repository/org/apache/kerby/kerb-util/1.0.1/kerb-util-1.0.1.jar:/home/user/.m2/repository/org/apache/kerby/token-provider/1.0.1/token-provider-1.0.1.jar:/home/user/.m2/repository/org/apache/kerby/kerb-admin/1.0.1/kerb-admin-1.0.1.jar:/home/user/.m2/repository/org/apache/kerby/kerb-server/1.0.1/kerb-server-1.0.1.jar:/home/user/.m2/repository/org/apache/kerby/kerb-identity/1.0.1/kerb-identity-1.0.1.jar:/home/user/.m2/repository/org/apache/kerby/kerby-xdr/1.0.1/kerby-xdr-1.0.1.jar:/home/user/.m2/repository/com/fasterxml/jackson/core/jackson-databind/2.9.9/jackson-databind-2.9.9.jar:/home/user/.m2/repository/com/fasterxml/jackson/core/jackson-core/2.9.9/jackson-core-2.9.9.jar:/home/user/.m2/repository/org/codehaus/woodstox/stax2-api/3.1.4/stax2-api-3.1.4.jar:/home/user/.m2/repository/com/fasterxml/woodstox/woodstox-core/5.0.3/woodstox-core-5.0.3.jar:/home/user/.m2/repository/dnsjava/dnsjava/2.1.7/dnsjava-2.1.7.jar:/home/user/.m2/repository/org/apache/hadoop/hadoop-hdfs/3.2.0/hadoop-hdfs-3.2.0.jar:/home/user/.m2/repository/org/eclipse/jetty/jetty-util-ajax/9.3.25.v20180904/jetty-util-ajax-9.3.25.v20180904.jar:/home/user/.m2/repository/commons-daemon/commons-daemon/1.0.13/commons-daemon-1.0.13.jar:/home/user/.m2/repository/io/netty/netty/3.10.5.Final/netty-3.10.5.Final.jar:/home/user/.m2/repository/io/netty/netty-all/4.0.52.Final/netty-all-4.0.52.Final.jar:/home/user/.m2/repository/org/fusesource/leveldbjni/leveldbjni-all/1.8/leveldbjni-all-1.8.jar:/home/user/.m2/repository/com/sun/xml/bind/jaxb-core/2.3.0.1/jaxb-core-2.3.0.1.jar:/home/user/.m2/repository/javax/xml/bind/jaxb-api/2.3.0/jaxb-api-2.3.0.jar:/home/user/.m2/repository/javax/activation/activation/1.1.1/activation-1.1.1.jar:/home/user/.m2/repository/org/openjdk/jmh/jmh-core/1.19/jmh-core-1.19.jar:/home/user/.m2/repository/net/sf/jopt-simple/jopt-simple/4.6/jopt-simple-4.6.jar:/home/user/.m2/repository/org/openjdk/jmh/jmh-generator-annprocess/1.19/jmh-generator-annprocess-1.19.jar:/home/user/.m2/repository/io/dropwizard/metrics/metrics-core/3.2.4/metrics-core-3.2.4.jar:/home/user/.m2/repository/com/amazonaws/aws-java-sdk-s3/1.11.615/aws-java-sdk-s3-1.11.615.jar:/home/user/.m2/repository/com/amazonaws/aws-java-sdk-kms/1.11.615/aws-java-sdk-kms-1.11.615.jar:/home/user/.m2/repository/com/amazonaws/aws-java-sdk-core/1.11.615/aws-java-sdk-core-1.11.615.jar:/home/user/.m2/repository/software/amazon/ion/ion-java/1.0.2/ion-java-1.0.2.jar:/home/user/.m2/repository/com/fasterxml/jackson/dataformat/jackson-dataformat-cbor/2.9.9/jackson-dataformat-cbor-2.9.9.jar:/home/user/.m2/repository/joda-time/joda-time/2.9.9/joda-time-2.9.9.jar:/home/user/.m2/repository/com/amazonaws/jmespath-java/1.11.615/jmespath-java-1.11.615.jar:/home/user/.m2/repository/com/github/spotbugs/spotbugs/3.1.12/spotbugs-3.1.12.jar:/home/user/.m2/repository/org/ow2/asm/asm/5.0.4/asm-5.0.4.jar:/home/user/.m2/repository/org/ow2/asm/asm-analysis/7.0/asm-analysis-7.0.jar:/home/user/.m2/repository/org/ow2/asm/asm-commons/7.0/asm-commons-7.0.jar:/home/user/.m2/repository/org/ow2/asm/asm-tree/7.0/asm-tree-7.0.jar:/home/user/.m2/repository/org/ow2/asm/asm-util/7.0/asm-util-7.0.jar:/home/user/.m2/repository/org/apache/bcel/bcel/6.3/bcel-6.3.jar:/home/user/.m2/repository/net/jcip/jcip-annotations/1.0/jcip-annotations-1.0.jar:/home/user/.m2/repository/org/dom4j/dom4j/2.1.1/dom4j-2.1.1.jar:/home/user/.m2/repository/jaxen/jaxen/1.1.6/jaxen-1.1.6.jar:/home/user/.m2/repository/commons-lang/commons-lang/2.6/commons-lang-2.6.jar:/home/user/.m2/repository/com/github/spotbugs/spotbugs-annotations/3.1.12/spotbugs-annotations-3.1.12.jar:/home/user/.m2/repository/junit/junit/4.11/junit-4.11.jar:/home/user/.m2/repository/org/hamcrest/hamcrest-core/1.3/hamcrest-core-1.3.jar:/home/user/.m2/repository/org/apache/hadoop/hadoop-common/3.2.0/hadoop-common-3.2.0-tests.jar:/workdir/hadoop-ozone/integration-test/target/test-classes:/home/user/.m2/repository/org/apache/hadoop/hadoop-ozone-s3gateway/0.5.0-SNAPSHOT/hadoop-ozone-s3gateway-0.5.0-SNAPSHOT.jar:/home/user/.m2/repository/org/jboss/weld/servlet/weld-servlet/2.4.7.Final/weld-servlet-2.4.7.Final.jar:/home/user/.m2/repository/org/glassfish/jersey/containers/jersey-container-servlet-core/2.27/jersey-container-servlet-core-2.27.jar:/home/user/.m2/repository/org/glassfish/hk2/external/javax.inject/2.5.0-b42/javax.inject-2.5.0-b42.jar:/home/user/.m2/repository/org/glassfish/jersey/core/jersey-common/2.27/jersey-common-2.27.jar:/home/user/.m2/repository/org/glassfish/hk2/osgi-resource-locator/1.0.1/osgi-resource-locator-1.0.1.jar:/home/user/.m2/repository/javax/ws/rs/javax.ws.rs-api/2.1/javax.ws.rs-api-2.1.jar:/home/user/.m2/repository/org/glassfish/jersey/ext/cdi/jersey-cdi1x/2.27/jersey-cdi1x-2.27.jar:/home/user/.m2/repository/org/glassfish/jersey/inject/jersey-hk2/2.27/jersey-hk2-2.27.jar:/home/user/.m2/repository/org/glassfish/hk2/hk2-locator/2.5.0-b42/hk2-locator-2.5.0-b42.jar:/home/user/.m2/repository/org/javassist/javassist/3.22.0-CR2/javassist-3.22.0-CR2.jar:/home/user/.m2/repository/org/glassfish/hk2/hk2-api/2.5.0/hk2-api-2.5.0.jar:/home/user/.m2/repository/org/glassfish/hk2/external/jakarta.inject/2.5.0/jakarta.inject-2.5.0.jar:/home/user/.m2/repository/org/glassfish/hk2/hk2-utils/2.5.0/hk2-utils-2.5.0.jar:/home/user/.m2/repository/jakarta/annotation/jakarta.annotation-api/1.3.4/jakarta.annotation-api-1.3.4.jar:/home/user/.m2/repository/org/glassfish/hk2/external/aopalliance-repackaged/2.5.0/aopalliance-repackaged-2.5.0.jar:/home/user/.m2/repository/com/fasterxml/jackson/dataformat/jackson-dataformat-xml/2.9.0/jackson-dataformat-xml-2.9.0.jar:/home/user/.m2/repository/com/fasterxml/jackson/module/jackson-module-jaxb-annotations/2.9.9/jackson-module-jaxb-annotations-2.9.9.jar:/home/user/.m2/repository/javax/enterprise/cdi-api/1.2/cdi-api-1.2.jar:/home/user/.m2/repository/javax/el/javax.el-api/3.0.0/javax.el-api-3.0.0.jar:/home/user/.m2/repository/javax/interceptor/javax.interceptor-api/1.2/javax.interceptor-api-1.2.jar:/home/user/.m2/repository/javax/inject/javax.inject/1/javax.inject-1.jar:/home/user/.m2/repository/org/apache/hadoop/hadoop-ozone-csi/0.5.0-SNAPSHOT/hadoop-ozone-csi-0.5.0-SNAPSHOT.jar:/home/user/.m2/repository/com/google/protobuf/protobuf-java-util/3.5.1/protobuf-java-util-3.5.1.jar:/home/user/.m2/repository/io/grpc/grpc-netty/1.17.1/grpc-netty-1.17.1.jar:/home/user/.m2/repository/io/grpc/grpc-core/1.17.1/grpc-core-1.17.1.jar:/home/user/.m2/repository/io/grpc/grpc-context/1.17.1/grpc-context-1.17.1.jar:/home/user/.m2/repository/com/google/errorprone/error_prone_annotations/2.2.0/error_prone_annotations-2.2.0.jar:/home/user/.m2/repository/org/codehaus/mojo/animal-sniffer-annotations/1.17/animal-sniffer-annotations-1.17.jar:/home/user/.m2/repository/io/opencensus/opencensus-api/0.17.0/opencensus-api-0.17.0.jar:/home/user/.m2/repository/io/opencensus/opencensus-contrib-grpc-metrics/0.17.0/opencensus-contrib-grpc-metrics-0.17.0.jar:/home/user/.m2/repository/io/netty/netty-codec-http2/4.1.30.Final/netty-codec-http2-4.1.30.Final.jar:/home/user/.m2/repository/io/netty/netty-codec-http/4.1.30.Final/netty-codec-http-4.1.30.Final.jar:/home/user/.m2/repository/io/netty/netty-codec/4.1.30.Final/netty-codec-4.1.30.Final.jar:/home/user/.m2/repository/io/netty/netty-handler/4.1.30.Final/netty-handler-4.1.30.Final.jar:/home/user/.m2/repository/io/netty/netty-handler-proxy/4.1.30.Final/netty-handler-proxy-4.1.30.Final.jar:/home/user/.m2/repository/io/netty/netty-codec-socks/4.1.30.Final/netty-codec-socks-4.1.30.Final.jar:/home/user/.m2/repository/io/netty/netty-transport-native-epoll/4.1.30.Final/netty-transport-native-epoll-4.1.30.Final.jar:/home/user/.m2/repository/io/netty/netty-common/4.1.30.Final/netty-common-4.1.30.Final.jar:/home/user/.m2/repository/io/netty/netty-buffer/4.1.30.Final/netty-buffer-4.1.30.Final.jar:/home/user/.m2/repository/io/netty/netty-transport/4.1.30.Final/netty-transport-4.1.30.Final.jar:/home/user/.m2/repository/io/netty/netty-resolver/4.1.30.Final/netty-resolver-4.1.30.Final.jar:/home/user/.m2/repository/io/netty/netty-transport-native-unix-common/4.1.30.Final/netty-transport-native-unix-common-4.1.30.Final.jar:/home/user/.m2/repository/io/grpc/grpc-protobuf/1.17.1/grpc-protobuf-1.17.1.jar:/home/user/.m2/repository/com/google/api/grpc/proto-google-common-protos/1.0.0/proto-google-common-protos-1.0.0.jar:/home/user/.m2/repository/io/grpc/grpc-protobuf-lite/1.17.1/grpc-protobuf-lite-1.17.1.jar:/home/user/.m2/repository/io/grpc/grpc-stub/1.17.1/grpc-stub-1.17.1.jar:/home/user/.m2/repository/org/apache/hadoop/hadoop-ozone-recon/0.5.0-SNAPSHOT/hadoop-ozone-recon-0.5.0-SNAPSHOT.jar:/home/user/.m2/repository/org/apache/hadoop/hadoop-ozone-reconcodegen/0.5.0-SNAPSHOT/hadoop-ozone-reconcodegen-0.5.0-SNAPSHOT.jar:/home/user/.m2/repository/com/google/inject/extensions/guice-multibindings/4.0/guice-multibindings-4.0.jar:/home/user/.m2/repository/com/google/inject/guice/4.0/guice-4.0.jar:/home/user/.m2/repository/aopalliance/aopalliance/1.0/aopalliance-1.0.jar:/home/user/.m2/repository/com/google/inject/extensions/guice-servlet/4.0/guice-servlet-4.0.jar:/home/user/.m2/repository/org/glassfish/jersey/containers/jersey-container-servlet/2.27/jersey-container-servlet-2.27.jar:/home/user/.m2/repository/org/glassfish/hk2/guice-bridge/2.5.0/guice-bridge-2.5.0.jar:/home/user/.m2/repository/org/glassfish/jersey/core/jersey-server/2.27/jersey-server-2.27.jar:/home/user/.m2/repository/org/glassfish/jersey/core/jersey-client/2.27/jersey-client-2.27.jar:/home/user/.m2/repository/org/glassfish/jersey/media/jersey-media-jaxb/2.27/jersey-media-jaxb-2.27.jar:/home/user/.m2/repository/javax/validation/validation-api/1.1.0.Final/validation-api-1.1.0.Final.jar:/home/user/.m2/repository/org/glassfish/jersey/media/jersey-media-json-jackson/2.27/jersey-media-json-jackson-2.27.jar:/home/user/.m2/repository/org/glassfish/jersey/ext/jersey-entity-filtering/2.27/jersey-entity-filtering-2.27.jar:/home/user/.m2/repository/com/google/inject/extensions/guice-assistedinject/4.0/guice-assistedinject-4.0.jar:/home/user/.m2/repository/org/jooq/jooq/3.11.10/jooq-3.11.10.jar:/home/user/.m2/repository/org/jooq/jooq-meta/3.11.10/jooq-meta-3.11.10.jar:/home/user/.m2/repository/org/jooq/jooq-codegen/3.11.10/jooq-codegen-3.11.10.jar:/home/user/.m2/repository/com/jolbox/bonecp/0.8.0.RELEASE/bonecp-0.8.0.RELEASE.jar:/home/user/.m2/repository/org/springframework/spring-jdbc/5.1.3.RELEASE/spring-jdbc-5.1.3.RELEASE.jar:/home/user/.m2/repository/org/springframework/spring-beans/5.1.3.RELEASE/spring-beans-5.1.3.RELEASE.jar:/home/user/.m2/repository/org/springframework/spring-core/5.1.3.RELEASE/spring-core-5.1.3.RELEASE.jar:/home/user/.m2/repository/org/springframework/spring-jcl/5.1.3.RELEASE/spring-jcl-5.1.3.RELEASE.jar:/home/user/.m2/repository/org/springframework/spring-tx/5.1.3.RELEASE/spring-tx-5.1.3.RELEASE.jar:/home/user/.m2/repository/org/mockito/mockito-core/2.15.0/mockito-core-2.15.0.jar:/home/user/.m2/repository/net/bytebuddy/byte-buddy/1.7.9/byte-buddy-1.7.9.jar:/home/user/.m2/repository/net/bytebuddy/byte-buddy-agent/1.7.9/byte-buddy-agent-1.7.9.jar:/home/user/.m2/repository/org/objenesis/objenesis/1.0/objenesis-1.0.jar:"/>
    <property name="sun.cpu.endian" value="little"/>
    <property name="user.home" value="/home/user"/>
    <property name="user.language" value="en"/>
    <property name="java.specification.vendor" value="Oracle Corporation"/>
    <property name="java.home" value="/usr/lib/jvm/java-1.8.0-openjdk-1.8.0.222.b10-1.el7_7.x86_64/jre"/>
    <property name="surefire.excludesFile" value="/tools/ozone-bad-unit-tests"/>
    <property name="java.security.krb5.conf" value="/workdir/hadoop-ozone/tools/target/test-classes/krb5.conf"/>
    <property name="basedir" value="/workdir/hadoop-ozone/tools"/>
    <property name="file.separator" value="/"/>
    <property name="line.separator" value="&#10;"/>
    <property name="java.vm.specification.vendor" value="Oracle Corporation"/>
    <property name="java.specification.name" value="Java Platform API Specification"/>
    <property name="java.awt.graphicsenv" value="sun.awt.X11GraphicsEnvironment"/>
    <property name="surefire.real.class.path" value="/workdir/hadoop-ozone/tools/target/surefire/surefirebooter3475764679766300046.jar"/>
    <property name="hadoop.log.dir" value="/workdir/hadoop-ozone/tools/target/log"/>
    <property name="sun.boot.class.path" value="/usr/lib/jvm/java-1.8.0-openjdk-1.8.0.222.b10-1.el7_7.x86_64/jre/lib/resources.jar:/usr/lib/jvm/java-1.8.0-openjdk-1.8.0.222.b10-1.el7_7.x86_64/jre/lib/rt.jar:/usr/lib/jvm/java-1.8.0-openjdk-1.8.0.222.b10-1.el7_7.x86_64/jre/lib/sunrsasign.jar:/usr/lib/jvm/java-1.8.0-openjdk-1.8.0.222.b10-1.el7_7.x86_64/jre/lib/jsse.jar:/usr/lib/jvm/java-1.8.0-openjdk-1.8.0.222.b10-1.el7_7.x86_64/jre/lib/jce.jar:/usr/lib/jvm/java-1.8.0-openjdk-1.8.0.222.b10-1.el7_7.x86_64/jre/lib/charsets.jar:/usr/lib/jvm/java-1.8.0-openjdk-1.8.0.222.b10-1.el7_7.x86_64/jre/lib/jfr.jar:/usr/lib/jvm/java-1.8.0-openjdk-1.8.0.222.b10-1.el7_7.x86_64/jre/classes"/>
    <property name="sun.management.compiler" value="HotSpot 64-Bit Tiered Compilers"/>
    <property name="java.runtime.version" value="1.8.0_222-b10"/>
    <property name="java.net.preferIPv4Stack" value="true"/>
    <property name="user.name" value="jenkins1000"/>
    <property name="path.separator" value=":"/>
    <property name="java.security.egd" value="file:///dev/urandom"/>
    <property name="os.version" value="3.10.0-957.12.2.el7.x86_64"/>
    <property name="java.endorsed.dirs" value="/usr/lib/jvm/java-1.8.0-openjdk-1.8.0.222.b10-1.el7_7.x86_64/jre/lib/endorsed"/>
    <property name="java.runtime.name" value="OpenJDK Runtime Environment"/>
    <property name="file.encoding" value="ANSI_X3.4-1968"/>
    <property name="java.vm.name" value="OpenJDK 64-Bit Server VM"/>
    <property name="test.build.webapps" value=""/>
    <property name="localRepository" value="/home/user/.m2/repository"/>
    <property name="java.vendor.url.bug" value="http://bugreport.sun.com/bugreport/"/>
    <property name="java.io.tmpdir" value="/tmp"/>
    <property name="require.test.libhadoop" value=""/>
    <property name="java.version" value="1.8.0_222"/>
    <property name="user.dir" value="/workdir/hadoop-ozone/tools"/>
    <property name="os.arch" value="amd64"/>
    <property name="java.vm.specification.name" value="Java Virtual Machine Specification"/>
    <property name="test.build.classes" value="/workdir/hadoop-ozone/tools/target/test-classes"/>
    <property name="java.awt.printerjob" value="sun.print.PSPrinterJob"/>
    <property name="sun.os.patch.level" value="unknown"/>
    <property name="hadoop.tmp.dir" value="/workdir/hadoop-ozone/tools/target/tmp"/>
    <property name="java.library.path" value="/usr/lib:/workdir/hadoop-ozone/tools/target/native/target/usr/local/lib:/workdir/hadoop-ozone/tools/../../hadoop-common-project/hadoop-common/target/native/target/usr/local/lib:/usr/java/packages/lib/amd64:/usr/lib64:/lib64:/lib:/usr/lib"/>
    <property name="java.vm.info" value="mixed mode"/>
    <property name="java.vendor" value="Oracle Corporation"/>
    <property name="java.vm.version" value="25.222-b10"/>
    <property name="java.ext.dirs" value="/usr/lib/jvm/java-1.8.0-openjdk-1.8.0.222.b10-1.el7_7.x86_64/jre/lib/ext:/usr/java/packages/lib/ext"/>
    <property name="sun.io.unicode.encoding" value="UnicodeLittle"/>
    <property name="java.class.version" value="52.0"/>
  </properties>
  <testcase name="testRestart" classname="org.apache.hadoop.ozone.freon.TestFreonWithPipelineDestroy" time="18.79">
    <error message="INTERNAL_ERROR org.apache.hadoop.ozone.om.exceptions.OMException: Allocated 0 blocks. Requested 5 blocks" type="java.lang.RuntimeException">java.lang.RuntimeException: INTERNAL_ERROR org.apache.hadoop.ozone.om.exceptions.OMException: Allocated 0 blocks. Requested 5 blocks
	at org.apache.hadoop.ozone.freon.RandomKeyGenerator.call(RandomKeyGenerator.java:341)
	at org.apache.hadoop.ozone.freon.TestFreonWithPipelineDestroy.startFreon(TestFreonWithPipelineDestroy.java:87)
	at org.apache.hadoop.ozone.freon.TestFreonWithPipelineDestroy.testRestart(TestFreonWithPipelineDestroy.java:74)
	at sun.reflect.NativeMethodAccessorImpl.invoke0(Native Method)
	at sun.reflect.NativeMethodAccessorImpl.invoke(NativeMethodAccessorImpl.java:62)
	at sun.reflect.DelegatingMethodAccessorImpl.invoke(DelegatingMethodAccessorImpl.java:43)
	at java.lang.reflect.Method.invoke(Method.java:498)
	at org.junit.runners.model.FrameworkMethod$1.runReflectiveCall(FrameworkMethod.java:47)
	at org.junit.internal.runners.model.ReflectiveCallable.run(ReflectiveCallable.java:12)
	at org.junit.runners.model.FrameworkMethod.invokeExplosively(FrameworkMethod.java:44)
	at org.junit.internal.runners.statements.InvokeMethod.evaluate(InvokeMethod.java:17)
	at org.junit.runners.ParentRunner.runLeaf(ParentRunner.java:271)
	at org.junit.runners.BlockJUnit4ClassRunner.runChild(BlockJUnit4ClassRunner.java:70)
	at org.junit.runners.BlockJUnit4ClassRunner.runChild(BlockJUnit4ClassRunner.java:50)
	at org.junit.runners.ParentRunner$3.run(ParentRunner.java:238)
	at org.junit.runners.ParentRunner$1.schedule(ParentRunner.java:63)
	at org.junit.runners.ParentRunner.runChildren(ParentRunner.java:236)
	at org.junit.runners.ParentRunner.access$000(ParentRunner.java:53)
	at org.junit.runners.ParentRunner$2.evaluate(ParentRunner.java:229)
	at org.junit.internal.runners.statements.RunBefores.evaluate(RunBefores.java:26)
	at org.junit.internal.runners.statements.RunAfters.evaluate(RunAfters.java:27)
	at org.junit.runners.ParentRunner.run(ParentRunner.java:309)
	at org.apache.maven.surefire.junit4.JUnit4Provider.execute(JUnit4Provider.java:365)
	at org.apache.maven.surefire.junit4.JUnit4Provider.executeWithRerun(JUnit4Provider.java:273)
	at org.apache.maven.surefire.junit4.JUnit4Provider.executeTestSet(JUnit4Provider.java:238)
	at org.apache.maven.surefire.junit4.JUnit4Provider.invoke(JUnit4Provider.java:159)
	at org.apache.maven.surefire.booter.ForkedBooter.invokeProviderInSameClassLoader(ForkedBooter.java:384)
	at org.apache.maven.surefire.booter.ForkedBooter.runSuitesInProcess(ForkedBooter.java:345)
	at org.apache.maven.surefire.booter.ForkedBooter.execute(ForkedBooter.java:126)
	at org.apache.maven.surefire.booter.ForkedBooter.main(ForkedBooter.java:418)
Caused by: INTERNAL_ERROR org.apache.hadoop.ozone.om.exceptions.OMException: Allocated 0 blocks. Requested 5 blocks
	at org.apache.hadoop.ozone.om.protocolPB.OzoneManagerProtocolClientSideTranslatorPB.handleError(OzoneManagerProtocolClientSideTranslatorPB.java:761)
	at org.apache.hadoop.ozone.om.protocolPB.OzoneManagerProtocolClientSideTranslatorPB.openKey(OzoneManagerProtocolClientSideTranslatorPB.java:752)
	at sun.reflect.NativeMethodAccessorImpl.invoke0(Native Method)
	at sun.reflect.NativeMethodAccessorImpl.invoke(NativeMethodAccessorImpl.java:62)
	at sun.reflect.DelegatingMethodAccessorImpl.invoke(DelegatingMethodAccessorImpl.java:43)
	at java.lang.reflect.Method.invoke(Method.java:498)
	at org.apache.hadoop.hdds.tracing.TraceAllMethod.invoke(TraceAllMethod.java:66)
	at com.sun.proxy.$Proxy37.openKey(Unknown Source)
	at org.apache.hadoop.ozone.client.rpc.RpcClient.createKey(RpcClient.java:633)
	at org.apache.hadoop.ozone.client.OzoneBucket.createKey(OzoneBucket.java:325)
	at org.apache.hadoop.ozone.freon.RandomKeyGenerator.createKey(RandomKeyGenerator.java:697)
	at org.apache.hadoop.ozone.freon.RandomKeyGenerator.access$1100(RandomKeyGenerator.java:88)
	at org.apache.hadoop.ozone.freon.RandomKeyGenerator$ObjectCreator.run(RandomKeyGenerator.java:615)
	at java.util.concurrent.Executors$RunnableAdapter.call(Executors.java:511)
	at java.util.concurrent.FutureTask.run(FutureTask.java:266)
	at java.util.concurrent.ThreadPoolExecutor.runWorker(ThreadPoolExecutor.java:1149)
	at java.util.concurrent.ThreadPoolExecutor$Worker.run(ThreadPoolExecutor.java:624)
	at java.lang.Thread.run(Thread.java:748)
</error>
    <system-out><![CDATA[2019-11-14 13:08:30,391 [main] WARN  server.ServerUtils (ServerUtils.java:getScmDbDir(145)) - ozone.scm.db.dirs is not configured. We recommend adding this setting. Falling back to ozone.metadata.dirs instead.
2019-11-14 13:08:30,548 [main] WARN  server.ServerUtils (ServerUtils.java:getScmDbDir(145)) - ozone.scm.db.dirs is not configured. We recommend adding this setting. Falling back to ozone.metadata.dirs instead.
2019-11-14 13:08:30,551 [main] WARN  server.ServerUtils (ServerUtils.java:getScmDbDir(145)) - ozone.scm.db.dirs is not configured. We recommend adding this setting. Falling back to ozone.metadata.dirs instead.
2019-11-14 13:08:30,579 [main] INFO  util.log (Log.java:initialized(192)) - Logging initialized @891ms
2019-11-14 13:08:30,926 [main] INFO  db.DBStoreBuilder (DBStoreBuilder.java:addTable(127)) - using custom profile for table: deletedBlocks
2019-11-14 13:08:30,927 [main] INFO  db.DBStoreBuilder (DBStoreBuilder.java:processTables(183)) - Using default column profile:DBProfile.DISK for Table:deletedBlocks
2019-11-14 13:08:30,927 [main] INFO  db.DBStoreBuilder (DBStoreBuilder.java:addTable(127)) - using custom profile for table: validCerts
2019-11-14 13:08:30,927 [main] INFO  db.DBStoreBuilder (DBStoreBuilder.java:processTables(183)) - Using default column profile:DBProfile.DISK for Table:validCerts
2019-11-14 13:08:30,928 [main] INFO  db.DBStoreBuilder (DBStoreBuilder.java:addTable(127)) - using custom profile for table: revokedCerts
2019-11-14 13:08:30,928 [main] INFO  db.DBStoreBuilder (DBStoreBuilder.java:processTables(183)) - Using default column profile:DBProfile.DISK for Table:revokedCerts
2019-11-14 13:08:30,938 [main] INFO  db.DBStoreBuilder (DBStoreBuilder.java:addTable(127)) - using custom profile for table: default
2019-11-14 13:08:30,938 [main] INFO  db.DBStoreBuilder (DBStoreBuilder.java:processTables(189)) - Using default column profile:DBProfile.DISK for Table:default
2019-11-14 13:08:30,939 [main] INFO  db.DBStoreBuilder (DBStoreBuilder.java:getDbProfile(220)) - Using default options. DBProfile.DISK
2019-11-14 13:08:31,170 [main] INFO  net.NodeSchemaLoader (NodeSchemaLoader.java:loadSchemaFromFile(125)) - Loading file from sun.misc.CompoundEnumeration@6771beb3
2019-11-14 13:08:31,173 [main] INFO  net.NodeSchemaLoader (NodeSchemaLoader.java:loadSchema(171)) - Loading network topology layer schema file
2019-11-14 13:08:31,256 [main] INFO  node.SCMNodeManager (SCMNodeManager.java:<init>(116)) - Entering startup safe mode.
2019-11-14 13:08:31,325 [main] INFO  algorithms.ContainerPlacementPolicyFactory (ContainerPlacementPolicyFactory.java:getPolicy(57)) - Create container placement policy of type org.apache.hadoop.hdds.scm.container.placement.algorithms.SCMContainerPlacementRandom
2019-11-14 13:08:31,339 [main] WARN  server.ServerUtils (ServerUtils.java:getScmDbDir(145)) - ozone.scm.db.dirs is not configured. We recommend adding this setting. Falling back to ozone.metadata.dirs instead.
2019-11-14 13:08:31,411 [main] INFO  pipeline.SCMPipelineManager (SCMPipelineManager.java:initializePipelineState(132)) - No pipeline exists in current db
2019-11-14 13:08:31,414 [main] WARN  server.ServerUtils (ServerUtils.java:getScmDbDir(145)) - ozone.scm.db.dirs is not configured. We recommend adding this setting. Falling back to ozone.metadata.dirs instead.
2019-11-14 13:08:31,530 [main] WARN  events.EventQueue (EventQueue.java:fireEvent(183)) - No event handler registered for event TypedEvent{payloadType=SafeModeStatus, name='SafeModeStatus'}
2019-11-14 13:08:31,926 [main] INFO  ipc.CallQueueManager (CallQueueManager.java:<init>(84)) - Using callQueue: class java.util.concurrent.LinkedBlockingQueue, queueCapacity: 2000, scheduler: class org.apache.hadoop.ipc.DefaultRpcScheduler, ipcBackoff: false.
2019-11-14 13:08:31,952 [Socket Reader #1 for port 44203] INFO  ipc.Server (Server.java:run(1074)) - Starting Socket Reader #1 for port 44203
2019-11-14 13:08:32,054 [main] INFO  ipc.CallQueueManager (CallQueueManager.java:<init>(84)) - Using callQueue: class java.util.concurrent.LinkedBlockingQueue, queueCapacity: 2000, scheduler: class org.apache.hadoop.ipc.DefaultRpcScheduler, ipcBackoff: false.
2019-11-14 13:08:32,055 [Socket Reader #1 for port 34094] INFO  ipc.Server (Server.java:run(1074)) - Starting Socket Reader #1 for port 34094
2019-11-14 13:08:32,062 [main] INFO  ipc.CallQueueManager (CallQueueManager.java:<init>(84)) - Using callQueue: class java.util.concurrent.LinkedBlockingQueue, queueCapacity: 2000, scheduler: class org.apache.hadoop.ipc.DefaultRpcScheduler, ipcBackoff: false.
2019-11-14 13:08:32,063 [Socket Reader #1 for port 36663] INFO  ipc.Server (Server.java:run(1074)) - Starting Socket Reader #1 for port 36663
2019-11-14 13:08:32,083 [main] INFO  hdfs.DFSUtil (DFSUtil.java:httpServerTemplateForNNAndJN(1641)) - Starting Web-server for scm at: http://0.0.0.0:0
2019-11-14 13:08:32,196 [main] INFO  server.AuthenticationFilter (AuthenticationFilter.java:constructSecretProvider(240)) - Unable to initialize FileSignerSecretProvider, falling back to use random secrets.
2019-11-14 13:08:32,210 [main] WARN  http.HttpRequestLog (HttpRequestLog.java:getRequestLog(97)) - Jetty request log can only be enabled using Log4j
2019-11-14 13:08:32,218 [main] INFO  http.HttpServer2 (HttpServer2.java:addGlobalFilter(975)) - Added global filter 'safety' (class=org.apache.hadoop.http.HttpServer2$QuotingInputFilter)
2019-11-14 13:08:32,221 [main] INFO  http.HttpServer2 (HttpServer2.java:addFilter(948)) - Added filter static_user_filter (class=org.apache.hadoop.http.lib.StaticUserWebFilter$StaticUserFilter) to context scm
2019-11-14 13:08:32,221 [main] INFO  http.HttpServer2 (HttpServer2.java:addFilter(958)) - Added filter static_user_filter (class=org.apache.hadoop.http.lib.StaticUserWebFilter$StaticUserFilter) to context static
2019-11-14 13:08:32,221 [main] INFO  http.HttpServer2 (HttpServer2.java:addFilter(958)) - Added filter static_user_filter (class=org.apache.hadoop.http.lib.StaticUserWebFilter$StaticUserFilter) to context logs
2019-11-14 13:08:32,246 [main] INFO  server.StorageContainerManager (StorageContainerManager.java:start(766)) - StorageContainerLocationProtocol RPC server is listening at /0.0.0.0:36663
2019-11-14 13:08:32,295 [main] WARN  impl.MetricsConfig (MetricsConfig.java:loadFirst(134)) - Cannot locate configuration: tried hadoop-metrics2-storagecontainermanager.properties,hadoop-metrics2.properties
2019-11-14 13:08:32,308 [main] INFO  impl.MetricsSystemImpl (MetricsSystemImpl.java:startTimer(374)) - Scheduled Metric snapshot period at 10 second(s).
2019-11-14 13:08:32,308 [main] INFO  impl.MetricsSystemImpl (MetricsSystemImpl.java:start(191)) - StorageContainerManager metrics system started
2019-11-14 13:08:32,591 [main] INFO  server.SCMClientProtocolServer (SCMClientProtocolServer.java:start(160)) - RPC server for Client  is listening at /0.0.0.0:36663
2019-11-14 13:08:32,592 [IPC Server Responder] INFO  ipc.Server (Server.java:run(1314)) - IPC Server Responder: starting
2019-11-14 13:08:32,592 [IPC Server listener on 36663] INFO  ipc.Server (Server.java:run(1153)) - IPC Server listener on 36663: starting
2019-11-14 13:08:32,595 [main] INFO  server.StorageContainerManager (StorageContainerManager.java:start(776)) - ScmBlockLocationProtocol RPC server is listening at /0.0.0.0:34094
2019-11-14 13:08:32,595 [main] INFO  server.SCMBlockProtocolServer (SCMBlockProtocolServer.java:start(146)) - RPC server for Block Protocol is listening at /0.0.0.0:34094
2019-11-14 13:08:32,596 [IPC Server Responder] INFO  ipc.Server (Server.java:run(1314)) - IPC Server Responder: starting
2019-11-14 13:08:32,596 [IPC Server listener on 34094] INFO  ipc.Server (Server.java:run(1153)) - IPC Server listener on 34094: starting
2019-11-14 13:08:32,598 [main] INFO  server.StorageContainerManager (StorageContainerManager.java:start(780)) - ScmDatanodeProtocl RPC server is listening at /0.0.0.0:44203
2019-11-14 13:08:32,598 [main] INFO  server.SCMDatanodeProtocolServer (SCMDatanodeProtocolServer.java:start(169)) - RPC server for DataNodes is listening at /0.0.0.0:44203
2019-11-14 13:08:32,599 [IPC Server Responder] INFO  ipc.Server (Server.java:run(1314)) - IPC Server Responder: starting
2019-11-14 13:08:32,599 [IPC Server listener on 44203] INFO  ipc.Server (Server.java:run(1153)) - IPC Server listener on 44203: starting
2019-11-14 13:08:32,604 [main] INFO  http.HttpServer2 (HttpServer2.java:bindListener(1191)) - Jetty bound to port 44095
2019-11-14 13:08:32,606 [main] INFO  server.Server (Server.java:doStart(351)) - jetty-9.3.25.v20180904, build timestamp: 2018-09-04T21:11:46Z, git hash: 3ce520221d0240229c862b122d2b06c12a625732
2019-11-14 13:08:32,648 [main] INFO  handler.ContextHandler (ContextHandler.java:doStart(781)) - Started o.e.j.s.ServletContextHandler@2dd29a59{/logs,file:///workdir/hadoop-ozone/tools/target/log,AVAILABLE}
2019-11-14 13:08:32,649 [main] INFO  handler.ContextHandler (ContextHandler.java:doStart(781)) - Started o.e.j.s.ServletContextHandler@7966baa7{/static,jar:file:/home/user/.m2/repository/org/apache/hadoop/hadoop-hdds-server-scm/0.5.0-SNAPSHOT/hadoop-hdds-server-scm-0.5.0-SNAPSHOT.jar!/webapps/static,AVAILABLE}
2019-11-14 13:08:32,725 [main] INFO  handler.ContextHandler (ContextHandler.java:doStart(781)) - Started o.e.j.w.WebAppContext@1c32886a{/,file:///tmp/jetty-0.0.0.0-44095-scm-_-any-6518835377483971947.dir/webapp/,AVAILABLE}{/scm}
2019-11-14 13:08:32,730 [main] INFO  server.AbstractConnector (AbstractConnector.java:doStart(278)) - Started ServerConnector@4b629f13{HTTP/1.1,[http/1.1]}{0.0.0.0:44095}
2019-11-14 13:08:32,730 [main] INFO  server.Server (Server.java:doStart(419)) - Started @3043ms
2019-11-14 13:08:32,732 [main] INFO  impl.MetricsSinkAdapter (MetricsSinkAdapter.java:start(204)) - Sink prometheus started
2019-11-14 13:08:32,732 [main] INFO  impl.MetricsSystemImpl (MetricsSystemImpl.java:registerSink(301)) - Registered sink prometheus
2019-11-14 13:08:32,734 [main] INFO  server.BaseHttpServer (BaseHttpServer.java:updateConnectorAddress(215)) - HTTP server of SCM is listening at http://0.0.0.0:44095
2019-11-14 13:08:32,740 [org.apache.hadoop.util.JvmPauseMonitor$Monitor@655a5d9c] INFO  util.JvmPauseMonitor (JvmPauseMonitor.java:run(188)) - Starting JVM pause monitor
2019-11-14 13:08:32,742 [main] WARN  server.ServerUtils (ServerUtils.java:getDBPath(222)) - ozone.om.db.dirs is not configured. We recommend adding this setting. Falling back to ozone.metadata.dirs instead.
2019-11-14 13:08:32,834 [main] INFO  ha.OMHANodeDetails (OMHANodeDetails.java:loadOMHAConfig(190)) - Configuration either no ozone.om.address set. Falling back to the default OM address /127.0.0.1:0
2019-11-14 13:08:32,835 [main] INFO  ha.OMHANodeDetails (OMHANodeDetails.java:getOMNodeDetails(220)) - OM Service ID is not set. Setting it to the default ID: omServiceIdDefault
2019-11-14 13:08:32,836 [main] WARN  server.ServerUtils (ServerUtils.java:getDBPath(222)) - ozone.om.db.dirs is not configured. We recommend adding this setting. Falling back to ozone.metadata.dirs instead.
2019-11-14 13:08:32,837 [main] WARN  server.ServerUtils (ServerUtils.java:getDBPath(222)) - ozone.om.db.dirs is not configured. We recommend adding this setting. Falling back to ozone.metadata.dirs instead.
2019-11-14 13:08:33,454 [main] WARN  server.ServerUtils (ServerUtils.java:getDBPath(222)) - ozone.om.db.dirs is not configured. We recommend adding this setting. Falling back to ozone.metadata.dirs instead.
2019-11-14 13:08:33,463 [main] INFO  db.DBStoreBuilder (DBStoreBuilder.java:addTable(127)) - using custom profile for table: userTable
2019-11-14 13:08:33,463 [main] INFO  db.DBStoreBuilder (DBStoreBuilder.java:processTables(183)) - Using default column profile:DBProfile.DISK for Table:userTable
2019-11-14 13:08:33,464 [main] INFO  db.DBStoreBuilder (DBStoreBuilder.java:addTable(127)) - using custom profile for table: volumeTable
2019-11-14 13:08:33,464 [main] INFO  db.DBStoreBuilder (DBStoreBuilder.java:processTables(183)) - Using default column profile:DBProfile.DISK for Table:volumeTable
2019-11-14 13:08:33,464 [main] INFO  db.DBStoreBuilder (DBStoreBuilder.java:addTable(127)) - using custom profile for table: bucketTable
2019-11-14 13:08:33,464 [main] INFO  db.DBStoreBuilder (DBStoreBuilder.java:processTables(183)) - Using default column profile:DBProfile.DISK for Table:bucketTable
2019-11-14 13:08:33,465 [main] INFO  db.DBStoreBuilder (DBStoreBuilder.java:addTable(127)) - using custom profile for table: keyTable
2019-11-14 13:08:33,465 [main] INFO  db.DBStoreBuilder (DBStoreBuilder.java:processTables(183)) - Using default column profile:DBProfile.DISK for Table:keyTable
2019-11-14 13:08:33,465 [main] INFO  db.DBStoreBuilder (DBStoreBuilder.java:addTable(127)) - using custom profile for table: deletedTable
2019-11-14 13:08:33,465 [main] INFO  db.DBStoreBuilder (DBStoreBuilder.java:processTables(183)) - Using default column profile:DBProfile.DISK for Table:deletedTable
2019-11-14 13:08:33,465 [main] INFO  db.DBStoreBuilder (DBStoreBuilder.java:addTable(127)) - using custom profile for table: openKeyTable
2019-11-14 13:08:33,466 [main] INFO  db.DBStoreBuilder (DBStoreBuilder.java:processTables(183)) - Using default column profile:DBProfile.DISK for Table:openKeyTable
2019-11-14 13:08:33,466 [main] INFO  db.DBStoreBuilder (DBStoreBuilder.java:addTable(127)) - using custom profile for table: s3Table
2019-11-14 13:08:33,466 [main] INFO  db.DBStoreBuilder (DBStoreBuilder.java:processTables(183)) - Using default column profile:DBProfile.DISK for Table:s3Table
2019-11-14 13:08:33,466 [main] INFO  db.DBStoreBuilder (DBStoreBuilder.java:addTable(127)) - using custom profile for table: multipartInfoTable
2019-11-14 13:08:33,467 [main] INFO  db.DBStoreBuilder (DBStoreBuilder.java:processTables(183)) - Using default column profile:DBProfile.DISK for Table:multipartInfoTable
2019-11-14 13:08:33,467 [main] INFO  db.DBStoreBuilder (DBStoreBuilder.java:addTable(127)) - using custom profile for table: dTokenTable
2019-11-14 13:08:33,467 [main] INFO  db.DBStoreBuilder (DBStoreBuilder.java:processTables(183)) - Using default column profile:DBProfile.DISK for Table:dTokenTable
2019-11-14 13:08:33,467 [main] INFO  db.DBStoreBuilder (DBStoreBuilder.java:addTable(127)) - using custom profile for table: s3SecretTable
2019-11-14 13:08:33,467 [main] INFO  db.DBStoreBuilder (DBStoreBuilder.java:processTables(183)) - Using default column profile:DBProfile.DISK for Table:s3SecretTable
2019-11-14 13:08:33,468 [main] INFO  db.DBStoreBuilder (DBStoreBuilder.java:addTable(127)) - using custom profile for table: prefixTable
2019-11-14 13:08:33,468 [main] INFO  db.DBStoreBuilder (DBStoreBuilder.java:processTables(183)) - Using default column profile:DBProfile.DISK for Table:prefixTable
2019-11-14 13:08:33,468 [main] INFO  db.DBStoreBuilder (DBStoreBuilder.java:addTable(127)) - using custom profile for table: default
2019-11-14 13:08:33,468 [main] INFO  db.DBStoreBuilder (DBStoreBuilder.java:processTables(189)) - Using default column profile:DBProfile.DISK for Table:default
2019-11-14 13:08:33,469 [main] INFO  db.DBStoreBuilder (DBStoreBuilder.java:getDbProfile(220)) - Using default options. DBProfile.DISK
2019-11-14 13:08:33,894 [main] INFO  ipc.CallQueueManager (CallQueueManager.java:<init>(84)) - Using callQueue: class java.util.concurrent.LinkedBlockingQueue, queueCapacity: 2000, scheduler: class org.apache.hadoop.ipc.DefaultRpcScheduler, ipcBackoff: false.
2019-11-14 13:08:33,895 [Socket Reader #1 for port 38857] INFO  ipc.Server (Server.java:run(1074)) - Starting Socket Reader #1 for port 38857
2019-11-14 13:08:33,916 [main] INFO  om.OzoneManager (OzoneManager.java:start(1077)) - OzoneManager RPC server is listening at localhost/127.0.0.1:38857
2019-11-14 13:08:33,916 [main] INFO  impl.MetricsSystemImpl (MetricsSystemImpl.java:init(158)) - OzoneManager metrics system started (again)
2019-11-14 13:08:33,923 [IPC Server Responder] INFO  ipc.Server (Server.java:run(1314)) - IPC Server Responder: starting
2019-11-14 13:08:33,923 [IPC Server listener on 38857] INFO  ipc.Server (Server.java:run(1153)) - IPC Server listener on 38857: starting
2019-11-14 13:08:33,929 [main] INFO  hdfs.DFSUtil (DFSUtil.java:httpServerTemplateForNNAndJN(1641)) - Starting Web-server for ozoneManager at: http://0.0.0.0:0
2019-11-14 13:08:33,931 [main] INFO  server.AuthenticationFilter (AuthenticationFilter.java:constructSecretProvider(240)) - Unable to initialize FileSignerSecretProvider, falling back to use random secrets.
2019-11-14 13:08:33,931 [main] WARN  http.HttpRequestLog (HttpRequestLog.java:getRequestLog(97)) - Jetty request log can only be enabled using Log4j
2019-11-14 13:08:33,933 [main] INFO  http.HttpServer2 (HttpServer2.java:addGlobalFilter(975)) - Added global filter 'safety' (class=org.apache.hadoop.http.HttpServer2$QuotingInputFilter)
2019-11-14 13:08:33,934 [main] INFO  http.HttpServer2 (HttpServer2.java:addFilter(948)) - Added filter static_user_filter (class=org.apache.hadoop.http.lib.StaticUserWebFilter$StaticUserFilter) to context ozoneManager
2019-11-14 13:08:33,934 [main] INFO  http.HttpServer2 (HttpServer2.java:addFilter(958)) - Added filter static_user_filter (class=org.apache.hadoop.http.lib.StaticUserWebFilter$StaticUserFilter) to context static
2019-11-14 13:08:33,934 [main] INFO  http.HttpServer2 (HttpServer2.java:addFilter(958)) - Added filter static_user_filter (class=org.apache.hadoop.http.lib.StaticUserWebFilter$StaticUserFilter) to context logs
2019-11-14 13:08:33,936 [main] INFO  http.HttpServer2 (HttpServer2.java:bindListener(1191)) - Jetty bound to port 34295
2019-11-14 13:08:33,936 [main] INFO  server.Server (Server.java:doStart(351)) - jetty-9.3.25.v20180904, build timestamp: 2018-09-04T21:11:46Z, git hash: 3ce520221d0240229c862b122d2b06c12a625732
2019-11-14 13:08:33,938 [main] INFO  handler.ContextHandler (ContextHandler.java:doStart(781)) - Started o.e.j.s.ServletContextHandler@30404dba{/logs,file:///workdir/hadoop-ozone/tools/target/log,AVAILABLE}
2019-11-14 13:08:33,938 [main] INFO  handler.ContextHandler (ContextHandler.java:doStart(781)) - Started o.e.j.s.ServletContextHandler@4c0884e8{/static,jar:file:/home/user/.m2/repository/org/apache/hadoop/hadoop-ozone-ozone-manager/0.5.0-SNAPSHOT/hadoop-ozone-ozone-manager-0.5.0-SNAPSHOT.jar!/webapps/static,AVAILABLE}
2019-11-14 13:08:33,983 [main] INFO  handler.ContextHandler (ContextHandler.java:doStart(781)) - Started o.e.j.w.WebAppContext@198ef2ce{/,file:///tmp/jetty-0.0.0.0-34295-ozoneManager-_-any-4560470774999296476.dir/webapp/,AVAILABLE}{/ozoneManager}
2019-11-14 13:08:33,984 [main] INFO  server.AbstractConnector (AbstractConnector.java:doStart(278)) - Started ServerConnector@4cbd03e7{HTTP/1.1,[http/1.1]}{0.0.0.0:34295}
2019-11-14 13:08:33,984 [main] INFO  server.Server (Server.java:doStart(419)) - Started @4297ms
2019-11-14 13:08:33,985 [main] WARN  impl.MetricsSystemImpl (MetricsSystemImpl.java:register(276)) - Sink prometheus already exists!
2019-11-14 13:08:33,986 [main] INFO  server.BaseHttpServer (BaseHttpServer.java:updateConnectorAddress(215)) - HTTP server of OZONEMANAGER is listening at http://0.0.0.0:34295
2019-11-14 13:08:34,212 [main] INFO  impl.MetricsSystemImpl (MetricsSystemImpl.java:init(158)) - HddsDatanode metrics system started (again)
2019-11-14 13:08:34,255 [main] INFO  ozone.HddsDatanodeService (HddsDatanodeService.java:start(186)) - HddsDatanodeService host:pr-hdds-2461-6k78x-381033752 ip:192.168.34.5
2019-11-14 13:08:34,291 [main] INFO  volume.HddsVolume (HddsVolume.java:<init>(176)) - Creating Volume: /workdir/hadoop-ozone/tools/target/test-dir/MiniOzoneClusterImpl-076fafb8-a8c6-48f2-8837-5b892c7bda8a/datanode-0/data/containers/hdds of  storage type : DISK and capacity : 1482555576320
2019-11-14 13:08:34,293 [main] INFO  volume.VolumeSet (VolumeSet.java:initializeVolumeSet(170)) - Added Volume : /workdir/hadoop-ozone/tools/target/test-dir/MiniOzoneClusterImpl-076fafb8-a8c6-48f2-8837-5b892c7bda8a/datanode-0/data/containers/hdds to VolumeSet
2019-11-14 13:08:34,296 [main] INFO  volume.ThrottledAsyncChecker (ThrottledAsyncChecker.java:schedule(141)) - Scheduling a check for /workdir/hadoop-ozone/tools/target/test-dir/MiniOzoneClusterImpl-076fafb8-a8c6-48f2-8837-5b892c7bda8a/datanode-0/data/containers/hdds
2019-11-14 13:08:34,313 [main] INFO  volume.HddsVolumeChecker (HddsVolumeChecker.java:checkAllVolumes(204)) - Scheduled health check for volume /workdir/hadoop-ozone/tools/target/test-dir/MiniOzoneClusterImpl-076fafb8-a8c6-48f2-8837-5b892c7bda8a/datanode-0/data/containers/hdds
2019-11-14 13:08:34,428 [main] INFO  impl.RaftServerProxy (ConfUtils.java:logGet(43)) - raft.rpc.type = GRPC (default)
2019-11-14 13:08:34,516 [main] INFO  grpc.GrpcFactory (GrpcFactory.java:checkPooledByteBufAllocatorUseCacheForAllThreads(45)) - PERFORMANCE WARNING: useCacheForAllThreads is true that may cause Netty to create a lot garbage objects and, as a result, trigger GC.
	It is recommended to disable useCacheForAllThreads by setting -Dorg.apache.ratis.thirdparty.io.netty.allocator.useCacheForAllThreads=false in command line.
2019-11-14 13:08:34,522 [main] INFO  grpc.GrpcConfigKeys$Server (ConfUtils.java:logGet(43)) - raft.grpc.server.port = 0 (default)
2019-11-14 13:08:34,523 [main] INFO  server.GrpcService (ConfUtils.java:logGet(43)) - raft.grpc.message.size.max = 33570816 (custom)
2019-11-14 13:08:34,524 [main] INFO  server.RaftServerConfigKeys (ConfUtils.java:logGet(43)) - raft.server.log.appender.buffer.byte-limit = 33554432 (custom)
2019-11-14 13:08:34,525 [main] INFO  server.GrpcService (ConfUtils.java:logGet(43)) - raft.grpc.flow.control.window = 1MB (=1048576) (default)
2019-11-14 13:08:34,526 [main] INFO  server.RaftServerConfigKeys (ConfUtils.java:logGet(43)) - raft.server.rpc.request.timeout = 3000ms (default)
2019-11-14 13:08:34,681 [main] INFO  server.RaftServerConfigKeys (ConfUtils.java:logGet(43)) - raft.server.storage.dir = [/workdir/hadoop-ozone/tools/target/test-dir/MiniOzoneClusterImpl-076fafb8-a8c6-48f2-8837-5b892c7bda8a/datanode-0/data/ratis] (custom)
2019-11-14 13:08:34,729 [main] INFO  hdfs.DFSUtil (DFSUtil.java:httpServerTemplateForNNAndJN(1641)) - Starting Web-server for hddsDatanode at: http://0.0.0.0:0
2019-11-14 13:08:34,731 [main] INFO  server.AuthenticationFilter (AuthenticationFilter.java:constructSecretProvider(240)) - Unable to initialize FileSignerSecretProvider, falling back to use random secrets.
2019-11-14 13:08:34,732 [main] WARN  http.HttpRequestLog (HttpRequestLog.java:getRequestLog(97)) - Jetty request log can only be enabled using Log4j
2019-11-14 13:08:34,734 [main] INFO  http.HttpServer2 (HttpServer2.java:addGlobalFilter(975)) - Added global filter 'safety' (class=org.apache.hadoop.http.HttpServer2$QuotingInputFilter)
2019-11-14 13:08:34,735 [main] INFO  http.HttpServer2 (HttpServer2.java:addFilter(948)) - Added filter static_user_filter (class=org.apache.hadoop.http.lib.StaticUserWebFilter$StaticUserFilter) to context hddsDatanode
2019-11-14 13:08:34,735 [main] INFO  http.HttpServer2 (HttpServer2.java:addFilter(958)) - Added filter static_user_filter (class=org.apache.hadoop.http.lib.StaticUserWebFilter$StaticUserFilter) to context static
2019-11-14 13:08:34,735 [main] INFO  http.HttpServer2 (HttpServer2.java:addFilter(958)) - Added filter static_user_filter (class=org.apache.hadoop.http.lib.StaticUserWebFilter$StaticUserFilter) to context logs
2019-11-14 13:08:34,736 [main] INFO  http.HttpServer2 (HttpServer2.java:bindListener(1191)) - Jetty bound to port 39580
2019-11-14 13:08:34,736 [main] INFO  server.Server (Server.java:doStart(351)) - jetty-9.3.25.v20180904, build timestamp: 2018-09-04T21:11:46Z, git hash: 3ce520221d0240229c862b122d2b06c12a625732
2019-11-14 13:08:34,739 [main] INFO  handler.ContextHandler (ContextHandler.java:doStart(781)) - Started o.e.j.s.ServletContextHandler@644ded04{/logs,file:///workdir/hadoop-ozone/tools/target/log,AVAILABLE}
2019-11-14 13:08:34,740 [main] INFO  handler.ContextHandler (ContextHandler.java:doStart(781)) - Started o.e.j.s.ServletContextHandler@13d9261f{/static,jar:file:/home/user/.m2/repository/org/apache/hadoop/hadoop-hdds-container-service/0.5.0-SNAPSHOT/hadoop-hdds-container-service-0.5.0-SNAPSHOT.jar!/webapps/static,AVAILABLE}
2019-11-14 13:08:34,774 [main] INFO  handler.ContextHandler (ContextHandler.java:doStart(781)) - Started o.e.j.w.WebAppContext@61cd1c71{/,file:///tmp/jetty-0.0.0.0-39580-hddsDatanode-_-any-4860961282059993008.dir/webapp/,AVAILABLE}{/hddsDatanode}
2019-11-14 13:08:34,775 [main] INFO  server.AbstractConnector (AbstractConnector.java:doStart(278)) - Started ServerConnector@6724cdec{HTTP/1.1,[http/1.1]}{0.0.0.0:39580}
2019-11-14 13:08:34,776 [main] INFO  server.Server (Server.java:doStart(419)) - Started @5088ms
2019-11-14 13:08:34,776 [main] WARN  impl.MetricsSystemImpl (MetricsSystemImpl.java:register(276)) - Sink prometheus already exists!
2019-11-14 13:08:34,777 [main] INFO  server.BaseHttpServer (BaseHttpServer.java:updateConnectorAddress(215)) - HTTP server of HDDSDATANODE is listening at http://0.0.0.0:39580
2019-11-14 13:08:34,778 [main] INFO  impl.MetricsSystemImpl (MetricsSystemImpl.java:init(158)) - HddsDatanode metrics system started (again)
2019-11-14 13:08:34,780 [main] INFO  ozone.HddsDatanodeService (HddsDatanodeService.java:start(186)) - HddsDatanodeService host:pr-hdds-2461-6k78x-381033752 ip:192.168.34.5
2019-11-14 13:08:34,782 [org.apache.hadoop.util.JvmPauseMonitor$Monitor@697c9014] INFO  util.JvmPauseMonitor (JvmPauseMonitor.java:run(188)) - Starting JVM pause monitor
2019-11-14 13:08:34,790 [main] INFO  volume.HddsVolume (HddsVolume.java:<init>(176)) - Creating Volume: /workdir/hadoop-ozone/tools/target/test-dir/MiniOzoneClusterImpl-076fafb8-a8c6-48f2-8837-5b892c7bda8a/datanode-1/data/containers/hdds of  storage type : DISK and capacity : 1482555576320
2019-11-14 13:08:34,791 [main] INFO  volume.VolumeSet (VolumeSet.java:initializeVolumeSet(170)) - Added Volume : /workdir/hadoop-ozone/tools/target/test-dir/MiniOzoneClusterImpl-076fafb8-a8c6-48f2-8837-5b892c7bda8a/datanode-1/data/containers/hdds to VolumeSet
2019-11-14 13:08:34,791 [main] INFO  volume.ThrottledAsyncChecker (ThrottledAsyncChecker.java:schedule(141)) - Scheduling a check for /workdir/hadoop-ozone/tools/target/test-dir/MiniOzoneClusterImpl-076fafb8-a8c6-48f2-8837-5b892c7bda8a/datanode-1/data/containers/hdds
2019-11-14 13:08:34,792 [main] INFO  volume.HddsVolumeChecker (HddsVolumeChecker.java:checkAllVolumes(204)) - Scheduled health check for volume /workdir/hadoop-ozone/tools/target/test-dir/MiniOzoneClusterImpl-076fafb8-a8c6-48f2-8837-5b892c7bda8a/datanode-1/data/containers/hdds
2019-11-14 13:08:34,815 [main] INFO  impl.RaftServerProxy (ConfUtils.java:logGet(43)) - raft.rpc.type = GRPC (default)
2019-11-14 13:08:34,815 [main] INFO  grpc.GrpcFactory (GrpcFactory.java:checkPooledByteBufAllocatorUseCacheForAllThreads(45)) - PERFORMANCE WARNING: useCacheForAllThreads is true that may cause Netty to create a lot garbage objects and, as a result, trigger GC.
	It is recommended to disable useCacheForAllThreads by setting -Dorg.apache.ratis.thirdparty.io.netty.allocator.useCacheForAllThreads=false in command line.
2019-11-14 13:08:34,816 [main] INFO  grpc.GrpcConfigKeys$Server (ConfUtils.java:logGet(43)) - raft.grpc.server.port = 0 (default)
2019-11-14 13:08:34,816 [main] INFO  server.GrpcService (ConfUtils.java:logGet(43)) - raft.grpc.message.size.max = 33570816 (custom)
2019-11-14 13:08:34,816 [main] INFO  server.RaftServerConfigKeys (ConfUtils.java:logGet(43)) - raft.server.log.appender.buffer.byte-limit = 33554432 (custom)
2019-11-14 13:08:34,817 [main] INFO  server.GrpcService (ConfUtils.java:logGet(43)) - raft.grpc.flow.control.window = 1MB (=1048576) (default)
2019-11-14 13:08:34,817 [main] INFO  server.RaftServerConfigKeys (ConfUtils.java:logGet(43)) - raft.server.rpc.request.timeout = 3000ms (default)
2019-11-14 13:08:34,818 [main] INFO  server.RaftServerConfigKeys (ConfUtils.java:logGet(43)) - raft.server.storage.dir = [/workdir/hadoop-ozone/tools/target/test-dir/MiniOzoneClusterImpl-076fafb8-a8c6-48f2-8837-5b892c7bda8a/datanode-1/data/ratis] (custom)
2019-11-14 13:08:34,821 [main] INFO  hdfs.DFSUtil (DFSUtil.java:httpServerTemplateForNNAndJN(1641)) - Starting Web-server for hddsDatanode at: http://0.0.0.0:0
2019-11-14 13:08:34,822 [main] INFO  server.AuthenticationFilter (AuthenticationFilter.java:constructSecretProvider(240)) - Unable to initialize FileSignerSecretProvider, falling back to use random secrets.
2019-11-14 13:08:34,823 [main] WARN  http.HttpRequestLog (HttpRequestLog.java:getRequestLog(97)) - Jetty request log can only be enabled using Log4j
2019-11-14 13:08:34,824 [main] INFO  http.HttpServer2 (HttpServer2.java:addGlobalFilter(975)) - Added global filter 'safety' (class=org.apache.hadoop.http.HttpServer2$QuotingInputFilter)
2019-11-14 13:08:34,825 [main] INFO  http.HttpServer2 (HttpServer2.java:addFilter(948)) - Added filter static_user_filter (class=org.apache.hadoop.http.lib.StaticUserWebFilter$StaticUserFilter) to context hddsDatanode
2019-11-14 13:08:34,825 [main] INFO  http.HttpServer2 (HttpServer2.java:addFilter(958)) - Added filter static_user_filter (class=org.apache.hadoop.http.lib.StaticUserWebFilter$StaticUserFilter) to context static
2019-11-14 13:08:34,826 [main] INFO  http.HttpServer2 (HttpServer2.java:addFilter(958)) - Added filter static_user_filter (class=org.apache.hadoop.http.lib.StaticUserWebFilter$StaticUserFilter) to context logs
2019-11-14 13:08:34,827 [main] INFO  http.HttpServer2 (HttpServer2.java:bindListener(1191)) - Jetty bound to port 37509
2019-11-14 13:08:34,827 [main] INFO  server.Server (Server.java:doStart(351)) - jetty-9.3.25.v20180904, build timestamp: 2018-09-04T21:11:46Z, git hash: 3ce520221d0240229c862b122d2b06c12a625732
2019-11-14 13:08:34,831 [main] INFO  handler.ContextHandler (ContextHandler.java:doStart(781)) - Started o.e.j.s.ServletContextHandler@fab35b1{/logs,file:///workdir/hadoop-ozone/tools/target/log,AVAILABLE}
2019-11-14 13:08:34,832 [main] INFO  handler.ContextHandler (ContextHandler.java:doStart(781)) - Started o.e.j.s.ServletContextHandler@65bdd558{/static,jar:file:/home/user/.m2/repository/org/apache/hadoop/hadoop-hdds-container-service/0.5.0-SNAPSHOT/hadoop-hdds-container-service-0.5.0-SNAPSHOT.jar!/webapps/static,AVAILABLE}
2019-11-14 13:08:34,874 [main] INFO  handler.ContextHandler (ContextHandler.java:doStart(781)) - Started o.e.j.w.WebAppContext@17f2dd85{/,file:///tmp/jetty-0.0.0.0-37509-hddsDatanode-_-any-1297595700910961706.dir/webapp/,AVAILABLE}{/hddsDatanode}
2019-11-14 13:08:34,875 [main] INFO  server.AbstractConnector (AbstractConnector.java:doStart(278)) - Started ServerConnector@1e58512c{HTTP/1.1,[http/1.1]}{0.0.0.0:37509}
2019-11-14 13:08:34,875 [main] INFO  server.Server (Server.java:doStart(419)) - Started @5188ms
2019-11-14 13:08:34,875 [main] WARN  impl.MetricsSystemImpl (MetricsSystemImpl.java:register(276)) - Sink prometheus already exists!
2019-11-14 13:08:34,877 [main] INFO  server.BaseHttpServer (BaseHttpServer.java:updateConnectorAddress(215)) - HTTP server of HDDSDATANODE is listening at http://0.0.0.0:37509
2019-11-14 13:08:34,877 [main] INFO  impl.MetricsSystemImpl (MetricsSystemImpl.java:init(158)) - HddsDatanode metrics system started (again)
2019-11-14 13:08:34,880 [main] INFO  ozone.HddsDatanodeService (HddsDatanodeService.java:start(186)) - HddsDatanodeService host:pr-hdds-2461-6k78x-381033752 ip:192.168.34.5
2019-11-14 13:08:34,881 [org.apache.hadoop.util.JvmPauseMonitor$Monitor@6dee4e] INFO  util.JvmPauseMonitor (JvmPauseMonitor.java:run(188)) - Starting JVM pause monitor
2019-11-14 13:08:34,881 [Datanode State Machine Thread - 0] INFO  datanode.InitDatanodeState (InitDatanodeState.java:persistContainerDatanodeDetails(140)) - DatanodeDetails is persisted to /workdir/hadoop-ozone/tools/target/test-dir/MiniOzoneClusterImpl-076fafb8-a8c6-48f2-8837-5b892c7bda8a/datanode-0/meta/datanode.id
2019-11-14 13:08:34,885 [Datanode State Machine Thread - 0] INFO  datanode.InitDatanodeState (InitDatanodeState.java:persistContainerDatanodeDetails(140)) - DatanodeDetails is persisted to /workdir/hadoop-ozone/tools/target/test-dir/MiniOzoneClusterImpl-076fafb8-a8c6-48f2-8837-5b892c7bda8a/datanode-1/meta/datanode.id
2019-11-14 13:08:34,891 [main] INFO  volume.HddsVolume (HddsVolume.java:<init>(176)) - Creating Volume: /workdir/hadoop-ozone/tools/target/test-dir/MiniOzoneClusterImpl-076fafb8-a8c6-48f2-8837-5b892c7bda8a/datanode-2/data/containers/hdds of  storage type : DISK and capacity : 1482555576320
2019-11-14 13:08:34,891 [main] INFO  volume.VolumeSet (VolumeSet.java:initializeVolumeSet(170)) - Added Volume : /workdir/hadoop-ozone/tools/target/test-dir/MiniOzoneClusterImpl-076fafb8-a8c6-48f2-8837-5b892c7bda8a/datanode-2/data/containers/hdds to VolumeSet
2019-11-14 13:08:34,892 [main] INFO  volume.ThrottledAsyncChecker (ThrottledAsyncChecker.java:schedule(141)) - Scheduling a check for /workdir/hadoop-ozone/tools/target/test-dir/MiniOzoneClusterImpl-076fafb8-a8c6-48f2-8837-5b892c7bda8a/datanode-2/data/containers/hdds
2019-11-14 13:08:34,892 [main] INFO  volume.HddsVolumeChecker (HddsVolumeChecker.java:checkAllVolumes(204)) - Scheduled health check for volume /workdir/hadoop-ozone/tools/target/test-dir/MiniOzoneClusterImpl-076fafb8-a8c6-48f2-8837-5b892c7bda8a/datanode-2/data/containers/hdds
2019-11-14 13:08:34,909 [main] INFO  impl.RaftServerProxy (ConfUtils.java:logGet(43)) - raft.rpc.type = GRPC (default)
2019-11-14 13:08:34,909 [main] INFO  grpc.GrpcFactory (GrpcFactory.java:checkPooledByteBufAllocatorUseCacheForAllThreads(45)) - PERFORMANCE WARNING: useCacheForAllThreads is true that may cause Netty to create a lot garbage objects and, as a result, trigger GC.
	It is recommended to disable useCacheForAllThreads by setting -Dorg.apache.ratis.thirdparty.io.netty.allocator.useCacheForAllThreads=false in command line.
2019-11-14 13:08:34,909 [main] INFO  grpc.GrpcConfigKeys$Server (ConfUtils.java:logGet(43)) - raft.grpc.server.port = 0 (default)
2019-11-14 13:08:34,910 [main] INFO  server.GrpcService (ConfUtils.java:logGet(43)) - raft.grpc.message.size.max = 33570816 (custom)
2019-11-14 13:08:34,910 [main] INFO  server.RaftServerConfigKeys (ConfUtils.java:logGet(43)) - raft.server.log.appender.buffer.byte-limit = 33554432 (custom)
2019-11-14 13:08:34,910 [main] INFO  server.GrpcService (ConfUtils.java:logGet(43)) - raft.grpc.flow.control.window = 1MB (=1048576) (default)
2019-11-14 13:08:34,910 [main] INFO  server.RaftServerConfigKeys (ConfUtils.java:logGet(43)) - raft.server.rpc.request.timeout = 3000ms (default)
2019-11-14 13:08:34,911 [main] INFO  server.RaftServerConfigKeys (ConfUtils.java:logGet(43)) - raft.server.storage.dir = [/workdir/hadoop-ozone/tools/target/test-dir/MiniOzoneClusterImpl-076fafb8-a8c6-48f2-8837-5b892c7bda8a/datanode-2/data/ratis] (custom)
2019-11-14 13:08:34,914 [main] INFO  hdfs.DFSUtil (DFSUtil.java:httpServerTemplateForNNAndJN(1641)) - Starting Web-server for hddsDatanode at: http://0.0.0.0:0
2019-11-14 13:08:34,915 [main] INFO  server.AuthenticationFilter (AuthenticationFilter.java:constructSecretProvider(240)) - Unable to initialize FileSignerSecretProvider, falling back to use random secrets.
2019-11-14 13:08:34,916 [main] WARN  http.HttpRequestLog (HttpRequestLog.java:getRequestLog(97)) - Jetty request log can only be enabled using Log4j
2019-11-14 13:08:34,917 [main] INFO  http.HttpServer2 (HttpServer2.java:addGlobalFilter(975)) - Added global filter 'safety' (class=org.apache.hadoop.http.HttpServer2$QuotingInputFilter)
2019-11-14 13:08:34,918 [main] INFO  http.HttpServer2 (HttpServer2.java:addFilter(948)) - Added filter static_user_filter (class=org.apache.hadoop.http.lib.StaticUserWebFilter$StaticUserFilter) to context hddsDatanode
2019-11-14 13:08:34,918 [main] INFO  http.HttpServer2 (HttpServer2.java:addFilter(958)) - Added filter static_user_filter (class=org.apache.hadoop.http.lib.StaticUserWebFilter$StaticUserFilter) to context logs
2019-11-14 13:08:34,918 [main] INFO  http.HttpServer2 (HttpServer2.java:addFilter(958)) - Added filter static_user_filter (class=org.apache.hadoop.http.lib.StaticUserWebFilter$StaticUserFilter) to context static
2019-11-14 13:08:34,919 [main] INFO  http.HttpServer2 (HttpServer2.java:bindListener(1191)) - Jetty bound to port 44899
2019-11-14 13:08:34,919 [main] INFO  server.Server (Server.java:doStart(351)) - jetty-9.3.25.v20180904, build timestamp: 2018-09-04T21:11:46Z, git hash: 3ce520221d0240229c862b122d2b06c12a625732
2019-11-14 13:08:34,921 [main] INFO  handler.ContextHandler (ContextHandler.java:doStart(781)) - Started o.e.j.s.ServletContextHandler@767a014e{/logs,file:///workdir/hadoop-ozone/tools/target/log,AVAILABLE}
2019-11-14 13:08:34,921 [main] INFO  handler.ContextHandler (ContextHandler.java:doStart(781)) - Started o.e.j.s.ServletContextHandler@3968bc60{/static,jar:file:/home/user/.m2/repository/org/apache/hadoop/hadoop-hdds-container-service/0.5.0-SNAPSHOT/hadoop-hdds-container-service-0.5.0-SNAPSHOT.jar!/webapps/static,AVAILABLE}
2019-11-14 13:08:35,041 [main] INFO  handler.ContextHandler (ContextHandler.java:doStart(781)) - Started o.e.j.w.WebAppContext@6edcad64{/,file:///tmp/jetty-0.0.0.0-44899-hddsDatanode-_-any-2076260108938701322.dir/webapp/,AVAILABLE}{/hddsDatanode}
2019-11-14 13:08:35,042 [main] INFO  server.AbstractConnector (AbstractConnector.java:doStart(278)) - Started ServerConnector@4c6007fb{HTTP/1.1,[http/1.1]}{0.0.0.0:44899}
2019-11-14 13:08:35,043 [main] INFO  server.Server (Server.java:doStart(419)) - Started @5356ms
2019-11-14 13:08:35,043 [main] WARN  impl.MetricsSystemImpl (MetricsSystemImpl.java:register(276)) - Sink prometheus already exists!
2019-11-14 13:08:35,044 [main] INFO  server.BaseHttpServer (BaseHttpServer.java:updateConnectorAddress(215)) - HTTP server of HDDSDATANODE is listening at http://0.0.0.0:44899
2019-11-14 13:08:35,047 [main] INFO  ozone.MiniOzoneClusterImpl (MiniOzoneClusterImpl.java:lambda$waitForClusterToBeReady$2(171)) - Waiting for cluster to be ready. Got 0 of 3 DN Heartbeats.
2019-11-14 13:08:35,048 [org.apache.hadoop.util.JvmPauseMonitor$Monitor@48b0bff7] INFO  util.JvmPauseMonitor (JvmPauseMonitor.java:run(188)) - Starting JVM pause monitor
2019-11-14 13:08:35,052 [Datanode State Machine Thread - 0] INFO  datanode.InitDatanodeState (InitDatanodeState.java:persistContainerDatanodeDetails(140)) - DatanodeDetails is persisted to /workdir/hadoop-ozone/tools/target/test-dir/MiniOzoneClusterImpl-076fafb8-a8c6-48f2-8837-5b892c7bda8a/datanode-2/meta/datanode.id
2019-11-14 13:08:36,047 [main] INFO  ozone.MiniOzoneClusterImpl (MiniOzoneClusterImpl.java:lambda$waitForClusterToBeReady$2(171)) - Waiting for cluster to be ready. Got 0 of 3 DN Heartbeats.
2019-11-14 13:08:36,854 [Datanode State Machine Thread - 0] INFO  ozoneimpl.OzoneContainer (OzoneContainer.java:start(230)) - Attempting to start container services.
2019-11-14 13:08:36,857 [Datanode State Machine Thread - 0] INFO  ozoneimpl.OzoneContainer (OzoneContainer.java:startContainerScrub(194)) - Background container scanner has been disabled.
2019-11-14 13:08:36,857 [Datanode State Machine Thread - 0] INFO  ratis.XceiverServerRatis (XceiverServerRatis.java:start(421)) - Starting XceiverServerRatis e3ed037e-9401-4141-8499-31a07caa9a11 at port 0
2019-11-14 13:08:36,887 [Datanode State Machine Thread - 0] INFO  impl.RaftServerProxy (RaftServerProxy.java:lambda$start$3(299)) - e3ed037e-9401-4141-8499-31a07caa9a11: start RPC server
2019-11-14 13:08:36,899 [Datanode State Machine Thread - 0] INFO  ozoneimpl.OzoneContainer (OzoneContainer.java:start(230)) - Attempting to start container services.
2019-11-14 13:08:36,904 [Datanode State Machine Thread - 0] INFO  ozoneimpl.OzoneContainer (OzoneContainer.java:startContainerScrub(194)) - Background container scanner has been disabled.
2019-11-14 13:08:36,904 [Datanode State Machine Thread - 0] INFO  ratis.XceiverServerRatis (XceiverServerRatis.java:start(421)) - Starting XceiverServerRatis 57d6645c-693c-4338-9714-c1c857f07c71 at port 0
2019-11-14 13:08:36,915 [Datanode State Machine Thread - 0] INFO  impl.RaftServerProxy (RaftServerProxy.java:lambda$start$3(299)) - 57d6645c-693c-4338-9714-c1c857f07c71: start RPC server
2019-11-14 13:08:37,010 [Datanode State Machine Thread - 0] INFO  server.GrpcService (GrpcService.java:startImpl(158)) - e3ed037e-9401-4141-8499-31a07caa9a11: GrpcService started, listening on 0.0.0.0/0.0.0.0:37318
2019-11-14 13:08:37,010 [Datanode State Machine Thread - 0] INFO  server.GrpcService (GrpcService.java:startImpl(158)) - 57d6645c-693c-4338-9714-c1c857f07c71: GrpcService started, listening on 0.0.0.0/0.0.0.0:40784
2019-11-14 13:08:37,011 [Datanode State Machine Thread - 0] INFO  ratis.XceiverServerRatis (XceiverServerRatis.java:start(431)) - XceiverServerRatis e3ed037e-9401-4141-8499-31a07caa9a11 is started using port 37318
2019-11-14 13:08:37,011 [Datanode State Machine Thread - 0] INFO  ratis.XceiverServerRatis (XceiverServerRatis.java:start(431)) - XceiverServerRatis 57d6645c-693c-4338-9714-c1c857f07c71 is started using port 40784
2019-11-14 13:08:37,014 [Datanode State Machine Thread - 0] INFO  server.XceiverServerGrpc (XceiverServerGrpc.java:start(145)) - XceiverServerGrpc e3ed037e-9401-4141-8499-31a07caa9a11 is started using port 39928
2019-11-14 13:08:37,014 [Datanode State Machine Thread - 0] INFO  server.XceiverServerGrpc (XceiverServerGrpc.java:start(145)) - XceiverServerGrpc 57d6645c-693c-4338-9714-c1c857f07c71 is started using port 45497
2019-11-14 13:08:37,048 [main] INFO  ozone.MiniOzoneClusterImpl (MiniOzoneClusterImpl.java:lambda$waitForClusterToBeReady$2(171)) - Waiting for cluster to be ready. Got 0 of 3 DN Heartbeats.
2019-11-14 13:08:37,075 [Datanode State Machine Thread - 0] INFO  ozoneimpl.OzoneContainer (OzoneContainer.java:start(230)) - Attempting to start container services.
2019-11-14 13:08:37,077 [Datanode State Machine Thread - 0] INFO  ozoneimpl.OzoneContainer (OzoneContainer.java:startContainerScrub(194)) - Background container scanner has been disabled.
2019-11-14 13:08:37,077 [Datanode State Machine Thread - 0] INFO  ratis.XceiverServerRatis (XceiverServerRatis.java:start(421)) - Starting XceiverServerRatis 41abd461-8d18-4f7d-bfbe-907604a0ba0e at port 0
2019-11-14 13:08:37,084 [Datanode State Machine Thread - 0] INFO  impl.RaftServerProxy (RaftServerProxy.java:lambda$start$3(299)) - 41abd461-8d18-4f7d-bfbe-907604a0ba0e: start RPC server
2019-11-14 13:08:37,086 [Datanode State Machine Thread - 0] INFO  server.GrpcService (GrpcService.java:startImpl(158)) - 41abd461-8d18-4f7d-bfbe-907604a0ba0e: GrpcService started, listening on 0.0.0.0/0.0.0.0:37749
2019-11-14 13:08:37,086 [Datanode State Machine Thread - 0] INFO  ratis.XceiverServerRatis (XceiverServerRatis.java:start(431)) - XceiverServerRatis 41abd461-8d18-4f7d-bfbe-907604a0ba0e is started using port 37749
2019-11-14 13:08:37,088 [Datanode State Machine Thread - 0] INFO  server.XceiverServerGrpc (XceiverServerGrpc.java:start(145)) - XceiverServerGrpc 41abd461-8d18-4f7d-bfbe-907604a0ba0e is started using port 40217
2019-11-14 13:08:38,049 [main] INFO  ozone.MiniOzoneClusterImpl (MiniOzoneClusterImpl.java:lambda$waitForClusterToBeReady$2(171)) - Waiting for cluster to be ready. Got 0 of 3 DN Heartbeats.
2019-11-14 13:08:38,823 [IPC Server handler 0 on 44203] INFO  net.NetworkTopology (NetworkTopologyImpl.java:add(111)) - Added a new node: /default-rack/e3ed037e-9401-4141-8499-31a07caa9a11
2019-11-14 13:08:38,823 [IPC Server handler 0 on 44203] INFO  node.SCMNodeManager (SCMNodeManager.java:register(267)) - Registered Data node : e3ed037e-9401-4141-8499-31a07caa9a11{ip: 192.168.34.5, host: pr-hdds-2461-6k78x-381033752, networkLocation: /default-rack, certSerialId: null}
2019-11-14 13:08:38,827 [EventQueue-NodeRegistrationContainerReportForDataNodeSafeModeRule] INFO  safemode.SCMSafeModeManager (DataNodeSafeModeRule.java:process(71)) - SCM in safe mode. 1 DataNodes registered, 1 required.
2019-11-14 13:08:38,827 [EventQueue-NodeRegistrationContainerReportForDataNodeSafeModeRule] INFO  safemode.SCMSafeModeManager (SCMSafeModeManager.java:validateSafeModeExitRules(177)) - ScmSafeModeManager, all rules are successfully validated
2019-11-14 13:08:38,827 [EventQueue-NodeRegistrationContainerReportForDataNodeSafeModeRule] INFO  safemode.SCMSafeModeManager (SCMSafeModeManager.java:exitSafeMode(193)) - SCM exiting safe mode.
2019-11-14 13:08:38,884 [IPC Server handler 1 on 44203] INFO  net.NetworkTopology (NetworkTopologyImpl.java:add(111)) - Added a new node: /default-rack/57d6645c-693c-4338-9714-c1c857f07c71
2019-11-14 13:08:38,884 [IPC Server handler 1 on 44203] INFO  node.SCMNodeManager (SCMNodeManager.java:register(267)) - Registered Data node : 57d6645c-693c-4338-9714-c1c857f07c71{ip: 192.168.34.5, host: pr-hdds-2461-6k78x-381033752, networkLocation: /default-rack, certSerialId: null}
2019-11-14 13:08:39,056 [IPC Server handler 3 on 44203] INFO  net.NetworkTopology (NetworkTopologyImpl.java:add(111)) - Added a new node: /default-rack/41abd461-8d18-4f7d-bfbe-907604a0ba0e
2019-11-14 13:08:39,057 [IPC Server handler 3 on 44203] INFO  node.SCMNodeManager (SCMNodeManager.java:register(267)) - Registered Data node : 41abd461-8d18-4f7d-bfbe-907604a0ba0e{ip: 192.168.34.5, host: pr-hdds-2461-6k78x-381033752, networkLocation: /default-rack, certSerialId: null}
2019-11-14 13:08:39,295 [grpc-default-executor-0] INFO  impl.RaftServerProxy (RaftServerProxy.java:addNew(89)) - e3ed037e-9401-4141-8499-31a07caa9a11: addNew group-43677A045235:[e3ed037e-9401-4141-8499-31a07caa9a11:192.168.34.5:37318] returns group-43677A045235:java.util.concurrent.CompletableFuture@64e78fe9[Not completed]
2019-11-14 13:08:39,306 [pool-27-thread-1] INFO  impl.RaftServerImpl (RaftServerImpl.java:<init>(98)) - e3ed037e-9401-4141-8499-31a07caa9a11: new RaftServerImpl for group-43677A045235:[e3ed037e-9401-4141-8499-31a07caa9a11:192.168.34.5:37318] with ContainerStateMachine:uninitialized
2019-11-14 13:08:39,308 [pool-27-thread-1] INFO  server.RaftServerConfigKeys (ConfUtils.java:logGet(43)) - raft.server.rpc.timeout.min = 5s (custom)
2019-11-14 13:08:39,309 [pool-27-thread-1] INFO  server.RaftServerConfigKeys (ConfUtils.java:logGet(43)) - raft.server.rpc.timeout.max = 5200ms (custom)
2019-11-14 13:08:39,309 [pool-27-thread-1] INFO  server.RaftServerConfigKeys (ConfUtils.java:logGet(43)) - raft.server.rpcslowness.timeout = 120s (custom)
2019-11-14 13:08:39,310 [pool-27-thread-1] INFO  server.RaftServerConfigKeys (ConfUtils.java:logGet(43)) - raft.server.sleep.deviation.threshold = 300 (default)
2019-11-14 13:08:39,310 [pool-27-thread-1] INFO  server.RaftServerConfigKeys (ConfUtils.java:logGet(43)) - raft.server.log.appender.install.snapshot.enabled = false (custom)
2019-11-14 13:08:39,317 [pool-27-thread-1] INFO  impl.RaftServerImpl (ServerState.java:<init>(103)) - e3ed037e-9401-4141-8499-31a07caa9a11@group-43677A045235: ConfigurationManager, init=-1: [e3ed037e-9401-4141-8499-31a07caa9a11:192.168.34.5:37318], old=null, confs=<EMPTY_MAP>
2019-11-14 13:08:39,318 [pool-27-thread-1] INFO  server.RaftServerConfigKeys (ConfUtils.java:logGet(43)) - raft.server.storage.dir = [/workdir/hadoop-ozone/tools/target/test-dir/MiniOzoneClusterImpl-076fafb8-a8c6-48f2-8837-5b892c7bda8a/datanode-0/data/ratis] (custom)
2019-11-14 13:08:39,324 [pool-27-thread-1] INFO  server.RaftServerConfigKeys (ConfUtils.java:logGet(43)) - raft.server.log.corruption.policy = EXCEPTION (default)
2019-11-14 13:08:39,325 [pool-27-thread-1] INFO  storage.RaftStorageDirectory (RaftStorageDirectory.java:analyzeStorage(246)) - The storage directory /workdir/hadoop-ozone/tools/target/test-dir/MiniOzoneClusterImpl-076fafb8-a8c6-48f2-8837-5b892c7bda8a/datanode-0/data/ratis/4e97dee7-178d-4cf0-8037-43677a045235 does not exist. Creating ...
2019-11-14 13:08:39,344 [pool-27-thread-1] INFO  storage.RaftStorageDirectory (RaftStorageDirectory.java:tryLock(328)) - Lock on /workdir/hadoop-ozone/tools/target/test-dir/MiniOzoneClusterImpl-076fafb8-a8c6-48f2-8837-5b892c7bda8a/datanode-0/data/ratis/4e97dee7-178d-4cf0-8037-43677a045235/in_use.lock acquired by nodename 7001@pr-hdds-2461-6k78x-381033752
2019-11-14 13:08:39,359 [pool-27-thread-1] INFO  storage.RaftStorage (RaftStorage.java:format(84)) - Storage directory /workdir/hadoop-ozone/tools/target/test-dir/MiniOzoneClusterImpl-076fafb8-a8c6-48f2-8837-5b892c7bda8a/datanode-0/data/ratis/4e97dee7-178d-4cf0-8037-43677a045235 has been successfully formatted.
2019-11-14 13:08:39,362 [pool-27-thread-1] INFO  ratis.ContainerStateMachine (ContainerStateMachine.java:loadSnapshot(223)) - group-43677A045235: The snapshot info is null. Setting the last applied indexto:(t:0, i:~)
2019-11-14 13:08:39,362 [pool-27-thread-1] INFO  server.RaftServerConfigKeys (ConfUtils.java:logGet(43)) - raft.server.notification.no-leader.timeout = 120s (custom)
2019-11-14 13:08:39,364 [pool-27-thread-1] INFO  server.RaftServerConfigKeys (ConfUtils.java:logGet(43)) - raft.server.log.use.memory = false (default)
2019-11-14 13:08:39,369 [pool-27-thread-1] INFO  server.RaftServerConfigKeys (ConfUtils.java:logGet(43)) - raft.server.log.purge.gap = 1000000 (custom)
2019-11-14 13:08:39,369 [pool-27-thread-1] INFO  server.RaftServerConfigKeys (ConfUtils.java:logGet(43)) - raft.server.log.appender.buffer.byte-limit = 33554432 (custom)
2019-11-14 13:08:39,371 [pool-27-thread-1] INFO  server.RaftServerConfigKeys (ConfUtils.java:logGet(43)) - raft.server.log.segment.size.max = 1048576 (custom)
2019-11-14 13:08:39,376 [pool-27-thread-1] INFO  metrics.MetricRegistries (MetricRegistriesLoader.java:load(64)) - Loaded MetricRegistries class org.apache.ratis.metrics.impl.MetricRegistriesImpl
2019-11-14 13:08:39,380 [pool-27-thread-1] WARN  impl.MetricRegistriesImpl (MetricRegistriesImpl.java:lambda$create$1(61)) - First MetricRegistry has been created without registering reporters. You may need to call MetricRegistries.global().addReportRegistration(...) before.
2019-11-14 13:08:39,386 [pool-27-thread-1] INFO  server.RaftServerConfigKeys (ConfUtils.java:logGet(43)) - raft.server.log.segment.cache.num.max = 2 (custom)
2019-11-14 13:08:39,391 [pool-27-thread-1] INFO  segmented.SegmentedRaftLogWorker (SegmentedRaftLogWorker.java:<init>(173)) - new e3ed037e-9401-4141-8499-31a07caa9a11@group-43677A045235-SegmentedRaftLogWorker for RaftStorage:Storage Directory /workdir/hadoop-ozone/tools/target/test-dir/MiniOzoneClusterImpl-076fafb8-a8c6-48f2-8837-5b892c7bda8a/datanode-0/data/ratis/4e97dee7-178d-4cf0-8037-43677a045235
2019-11-14 13:08:39,392 [pool-27-thread-1] INFO  server.RaftServerConfigKeys (ConfUtils.java:logGet(43)) - raft.server.log.queue.byte-limit = 2147483647 (custom)
2019-11-14 13:08:39,392 [pool-27-thread-1] INFO  server.RaftServerConfigKeys (ConfUtils.java:logGet(43)) - raft.server.log.queue.element-limit = 1024 (custom)
2019-11-14 13:08:39,393 [pool-27-thread-1] INFO  server.RaftServerConfigKeys (ConfUtils.java:logGet(43)) - raft.server.log.segment.size.max = 1048576 (custom)
2019-11-14 13:08:39,394 [pool-27-thread-1] INFO  server.RaftServerConfigKeys (ConfUtils.java:logGet(43)) - raft.server.log.preallocated.size = 16384 (custom)
2019-11-14 13:08:39,394 [pool-27-thread-1] INFO  server.RaftServerConfigKeys (ConfUtils.java:logGet(43)) - raft.server.log.write.buffer.size = 33554432 (custom)
2019-11-14 13:08:39,395 [pool-27-thread-1] INFO  server.RaftServerConfigKeys (ConfUtils.java:logGet(43)) - raft.server.log.force.sync.num = 128 (default)
2019-11-14 13:08:39,396 [pool-27-thread-1] INFO  server.RaftServerConfigKeys (ConfUtils.java:logGet(43)) - raft.server.log.statemachine.data.sync = true (default)
2019-11-14 13:08:39,396 [pool-27-thread-1] INFO  server.RaftServerConfigKeys (ConfUtils.java:logGet(43)) - raft.server.log.statemachine.data.sync.timeout = 10s (default)
2019-11-14 13:08:39,396 [pool-27-thread-1] INFO  server.RaftServerConfigKeys (ConfUtils.java:logGet(43)) - raft.server.log.statemachine.data.sync.timeout.retry = -1 (default)
2019-11-14 13:08:39,409 [pool-27-thread-1] INFO  server.RaftServerConfigKeys (ConfUtils.java:logGet(43)) - raft.server.log.statemachine.data.caching.enabled = true (custom)
2019-11-14 13:08:39,413 [pool-27-thread-1] INFO  segmented.SegmentedRaftLogWorker (SegmentedRaftLogWorker.java:lambda$new$0(128)) - e3ed037e-9401-4141-8499-31a07caa9a11@group-43677A045235-SegmentedRaftLogWorker: flushIndex: setUnconditionally 0 -> -1
2019-11-14 13:08:39,417 [pool-27-thread-1] INFO  server.RaftServerConfigKeys (ConfUtils.java:logGet(43)) - raft.server.snapshot.auto.trigger.enabled = true (custom)
2019-11-14 13:08:39,418 [pool-27-thread-1] INFO  server.RaftServerConfigKeys (ConfUtils.java:logGet(43)) - raft.server.snapshot.auto.trigger.threshold = 10000 (custom)
2019-11-14 13:08:39,419 [pool-27-thread-1] INFO  server.RaftServerConfigKeys (ConfUtils.java:logGet(43)) - raft.server.snapshot.retention.file.num = 5 (custom)
2019-11-14 13:08:39,420 [pool-27-thread-1] INFO  server.RaftServerConfigKeys (ConfUtils.java:logGet(43)) - raft.server.retrycache.expirytime = 600000ms (custom)
2019-11-14 13:08:39,437 [pool-27-thread-1] WARN  impl.MetricRegistriesImpl (MetricRegistriesImpl.java:lambda$create$1(61)) - First MetricRegistry has been created without registering reporters. You may need to call MetricRegistries.global().addReportRegistration(...) before.
2019-11-14 13:08:39,439 [pool-27-thread-1] WARN  impl.MetricRegistriesImpl (MetricRegistriesImpl.java:lambda$create$1(61)) - First MetricRegistry has been created without registering reporters. You may need to call MetricRegistries.global().addReportRegistration(...) before.
2019-11-14 13:08:39,440 [pool-27-thread-1] INFO  impl.RaftServerImpl (RaftServerImpl.java:start(184)) - e3ed037e-9401-4141-8499-31a07caa9a11@group-43677A045235: start as a follower, conf=-1: [e3ed037e-9401-4141-8499-31a07caa9a11:192.168.34.5:37318], old=null
2019-11-14 13:08:39,441 [pool-27-thread-1] INFO  impl.RaftServerImpl (RaftServerImpl.java:setRole(173)) - e3ed037e-9401-4141-8499-31a07caa9a11@group-43677A045235: changes role from      null to FOLLOWER at term 0 for startAsFollower
2019-11-14 13:08:39,442 [pool-27-thread-1] INFO  impl.RoleInfo (RoleInfo.java:updateAndGet(143)) - e3ed037e-9401-4141-8499-31a07caa9a11: start FollowerState
2019-11-14 13:08:39,443 [pool-27-thread-1] INFO  util.JmxRegister (JmxRegister.java:tryRegister(44)) - Successfully registered JMX Bean with object name Ratis:service=RaftServer,group=group-43677A045235,id=e3ed037e-9401-4141-8499-31a07caa9a11
2019-11-14 13:08:39,445 [pool-27-thread-1] WARN  impl.MetricRegistriesImpl (MetricRegistriesImpl.java:lambda$create$1(61)) - First MetricRegistry has been created without registering reporters. You may need to call MetricRegistries.global().addReportRegistration(...) before.
2019-11-14 13:08:39,509 [RatisPipelineUtilsThread] INFO  pipeline.PipelineStateManager (PipelineStateManager.java:addPipeline(55)) - Created pipeline Pipeline[ Id: 4e97dee7-178d-4cf0-8037-43677a045235, Nodes: e3ed037e-9401-4141-8499-31a07caa9a11{ip: 192.168.34.5, host: pr-hdds-2461-6k78x-381033752, networkLocation: /default-rack, certSerialId: null}, Type:RATIS, Factor:ONE, State:ALLOCATED]
2019-11-14 13:08:39,524 [grpc-default-executor-0] INFO  impl.RaftServerProxy (RaftServerProxy.java:addNew(89)) - 57d6645c-693c-4338-9714-c1c857f07c71: addNew group-6D1AFF2C72D5:[57d6645c-693c-4338-9714-c1c857f07c71:192.168.34.5:40784] returns group-6D1AFF2C72D5:java.util.concurrent.CompletableFuture@24d65b3f[Not completed]
2019-11-14 13:08:39,546 [pool-37-thread-1] INFO  impl.RaftServerImpl (RaftServerImpl.java:<init>(98)) - 57d6645c-693c-4338-9714-c1c857f07c71: new RaftServerImpl for group-6D1AFF2C72D5:[57d6645c-693c-4338-9714-c1c857f07c71:192.168.34.5:40784] with ContainerStateMachine:uninitialized
2019-11-14 13:08:39,547 [pool-37-thread-1] INFO  server.RaftServerConfigKeys (ConfUtils.java:logGet(43)) - raft.server.rpc.timeout.min = 5s (custom)
2019-11-14 13:08:39,547 [pool-37-thread-1] INFO  server.RaftServerConfigKeys (ConfUtils.java:logGet(43)) - raft.server.rpc.timeout.max = 5200ms (custom)
2019-11-14 13:08:39,547 [pool-37-thread-1] INFO  server.RaftServerConfigKeys (ConfUtils.java:logGet(43)) - raft.server.rpcslowness.timeout = 120s (custom)
2019-11-14 13:08:39,547 [pool-37-thread-1] INFO  server.RaftServerConfigKeys (ConfUtils.java:logGet(43)) - raft.server.sleep.deviation.threshold = 300 (default)
2019-11-14 13:08:39,547 [pool-37-thread-1] INFO  server.RaftServerConfigKeys (ConfUtils.java:logGet(43)) - raft.server.log.appender.install.snapshot.enabled = false (custom)
2019-11-14 13:08:39,547 [pool-37-thread-1] INFO  impl.RaftServerImpl (ServerState.java:<init>(103)) - 57d6645c-693c-4338-9714-c1c857f07c71@group-6D1AFF2C72D5: ConfigurationManager, init=-1: [57d6645c-693c-4338-9714-c1c857f07c71:192.168.34.5:40784], old=null, confs=<EMPTY_MAP>
2019-11-14 13:08:39,548 [pool-37-thread-1] INFO  server.RaftServerConfigKeys (ConfUtils.java:logGet(43)) - raft.server.storage.dir = [/workdir/hadoop-ozone/tools/target/test-dir/MiniOzoneClusterImpl-076fafb8-a8c6-48f2-8837-5b892c7bda8a/datanode-1/data/ratis] (custom)
2019-11-14 13:08:39,548 [pool-37-thread-1] INFO  server.RaftServerConfigKeys (ConfUtils.java:logGet(43)) - raft.server.log.corruption.policy = EXCEPTION (default)
2019-11-14 13:08:39,548 [pool-37-thread-1] INFO  storage.RaftStorageDirectory (RaftStorageDirectory.java:analyzeStorage(246)) - The storage directory /workdir/hadoop-ozone/tools/target/test-dir/MiniOzoneClusterImpl-076fafb8-a8c6-48f2-8837-5b892c7bda8a/datanode-1/data/ratis/e520daba-5bbe-4ee1-a725-6d1aff2c72d5 does not exist. Creating ...
2019-11-14 13:08:39,561 [pool-37-thread-1] INFO  storage.RaftStorageDirectory (RaftStorageDirectory.java:tryLock(328)) - Lock on /workdir/hadoop-ozone/tools/target/test-dir/MiniOzoneClusterImpl-076fafb8-a8c6-48f2-8837-5b892c7bda8a/datanode-1/data/ratis/e520daba-5bbe-4ee1-a725-6d1aff2c72d5/in_use.lock acquired by nodename 7001@pr-hdds-2461-6k78x-381033752
2019-11-14 13:08:39,574 [pool-37-thread-1] INFO  storage.RaftStorage (RaftStorage.java:format(84)) - Storage directory /workdir/hadoop-ozone/tools/target/test-dir/MiniOzoneClusterImpl-076fafb8-a8c6-48f2-8837-5b892c7bda8a/datanode-1/data/ratis/e520daba-5bbe-4ee1-a725-6d1aff2c72d5 has been successfully formatted.
2019-11-14 13:08:39,575 [pool-37-thread-1] INFO  ratis.ContainerStateMachine (ContainerStateMachine.java:loadSnapshot(223)) - group-6D1AFF2C72D5: The snapshot info is null. Setting the last applied indexto:(t:0, i:~)
2019-11-14 13:08:39,575 [pool-37-thread-1] INFO  server.RaftServerConfigKeys (ConfUtils.java:logGet(43)) - raft.server.notification.no-leader.timeout = 120s (custom)
2019-11-14 13:08:39,575 [pool-37-thread-1] INFO  server.RaftServerConfigKeys (ConfUtils.java:logGet(43)) - raft.server.log.use.memory = false (default)
2019-11-14 13:08:39,575 [pool-37-thread-1] INFO  server.RaftServerConfigKeys (ConfUtils.java:logGet(43)) - raft.server.log.purge.gap = 1000000 (custom)
2019-11-14 13:08:39,576 [pool-37-thread-1] INFO  server.RaftServerConfigKeys (ConfUtils.java:logGet(43)) - raft.server.log.appender.buffer.byte-limit = 33554432 (custom)
2019-11-14 13:08:39,576 [pool-37-thread-1] INFO  server.RaftServerConfigKeys (ConfUtils.java:logGet(43)) - raft.server.log.segment.size.max = 1048576 (custom)
2019-11-14 13:08:39,576 [pool-37-thread-1] WARN  impl.MetricRegistriesImpl (MetricRegistriesImpl.java:lambda$create$1(61)) - First MetricRegistry has been created without registering reporters. You may need to call MetricRegistries.global().addReportRegistration(...) before.
2019-11-14 13:08:39,577 [pool-37-thread-1] INFO  server.RaftServerConfigKeys (ConfUtils.java:logGet(43)) - raft.server.log.segment.cache.num.max = 2 (custom)
2019-11-14 13:08:39,577 [pool-37-thread-1] INFO  segmented.SegmentedRaftLogWorker (SegmentedRaftLogWorker.java:<init>(173)) - new 57d6645c-693c-4338-9714-c1c857f07c71@group-6D1AFF2C72D5-SegmentedRaftLogWorker for RaftStorage:Storage Directory /workdir/hadoop-ozone/tools/target/test-dir/MiniOzoneClusterImpl-076fafb8-a8c6-48f2-8837-5b892c7bda8a/datanode-1/data/ratis/e520daba-5bbe-4ee1-a725-6d1aff2c72d5
2019-11-14 13:08:39,577 [pool-37-thread-1] INFO  server.RaftServerConfigKeys (ConfUtils.java:logGet(43)) - raft.server.log.queue.byte-limit = 2147483647 (custom)
2019-11-14 13:08:39,578 [pool-37-thread-1] INFO  server.RaftServerConfigKeys (ConfUtils.java:logGet(43)) - raft.server.log.queue.element-limit = 1024 (custom)
2019-11-14 13:08:39,578 [pool-37-thread-1] INFO  server.RaftServerConfigKeys (ConfUtils.java:logGet(43)) - raft.server.log.segment.size.max = 1048576 (custom)
2019-11-14 13:08:39,578 [pool-37-thread-1] INFO  server.RaftServerConfigKeys (ConfUtils.java:logGet(43)) - raft.server.log.preallocated.size = 16384 (custom)
2019-11-14 13:08:39,578 [pool-37-thread-1] INFO  server.RaftServerConfigKeys (ConfUtils.java:logGet(43)) - raft.server.log.write.buffer.size = 33554432 (custom)
2019-11-14 13:08:39,578 [pool-37-thread-1] INFO  server.RaftServerConfigKeys (ConfUtils.java:logGet(43)) - raft.server.log.force.sync.num = 128 (default)
2019-11-14 13:08:39,578 [pool-37-thread-1] INFO  server.RaftServerConfigKeys (ConfUtils.java:logGet(43)) - raft.server.log.statemachine.data.sync = true (default)
2019-11-14 13:08:39,578 [pool-37-thread-1] INFO  server.RaftServerConfigKeys (ConfUtils.java:logGet(43)) - raft.server.log.statemachine.data.sync.timeout = 10s (default)
2019-11-14 13:08:39,579 [pool-37-thread-1] INFO  server.RaftServerConfigKeys (ConfUtils.java:logGet(43)) - raft.server.log.statemachine.data.sync.timeout.retry = -1 (default)
2019-11-14 13:08:39,579 [pool-37-thread-1] INFO  server.RaftServerConfigKeys (ConfUtils.java:logGet(43)) - raft.server.log.statemachine.data.caching.enabled = true (custom)
2019-11-14 13:08:39,579 [pool-37-thread-1] INFO  segmented.SegmentedRaftLogWorker (SegmentedRaftLogWorker.java:lambda$new$0(128)) - 57d6645c-693c-4338-9714-c1c857f07c71@group-6D1AFF2C72D5-SegmentedRaftLogWorker: flushIndex: setUnconditionally 0 -> -1
2019-11-14 13:08:39,579 [pool-37-thread-1] INFO  server.RaftServerConfigKeys (ConfUtils.java:logGet(43)) - raft.server.snapshot.auto.trigger.enabled = true (custom)
2019-11-14 13:08:39,580 [pool-37-thread-1] INFO  server.RaftServerConfigKeys (ConfUtils.java:logGet(43)) - raft.server.snapshot.auto.trigger.threshold = 10000 (custom)
2019-11-14 13:08:39,580 [pool-37-thread-1] INFO  server.RaftServerConfigKeys (ConfUtils.java:logGet(43)) - raft.server.snapshot.retention.file.num = 5 (custom)
2019-11-14 13:08:39,580 [pool-37-thread-1] INFO  server.RaftServerConfigKeys (ConfUtils.java:logGet(43)) - raft.server.retrycache.expirytime = 600000ms (custom)
2019-11-14 13:08:39,580 [pool-37-thread-1] WARN  impl.MetricRegistriesImpl (MetricRegistriesImpl.java:lambda$create$1(61)) - First MetricRegistry has been created without registering reporters. You may need to call MetricRegistries.global().addReportRegistration(...) before.
2019-11-14 13:08:39,580 [pool-37-thread-1] WARN  impl.MetricRegistriesImpl (MetricRegistriesImpl.java:lambda$create$1(61)) - First MetricRegistry has been created without registering reporters. You may need to call MetricRegistries.global().addReportRegistration(...) before.
2019-11-14 13:08:39,581 [pool-37-thread-1] INFO  impl.RaftServerImpl (RaftServerImpl.java:start(184)) - 57d6645c-693c-4338-9714-c1c857f07c71@group-6D1AFF2C72D5: start as a follower, conf=-1: [57d6645c-693c-4338-9714-c1c857f07c71:192.168.34.5:40784], old=null
2019-11-14 13:08:39,581 [pool-37-thread-1] INFO  impl.RaftServerImpl (RaftServerImpl.java:setRole(173)) - 57d6645c-693c-4338-9714-c1c857f07c71@group-6D1AFF2C72D5: changes role from      null to FOLLOWER at term 0 for startAsFollower
2019-11-14 13:08:39,581 [pool-37-thread-1] INFO  impl.RoleInfo (RoleInfo.java:updateAndGet(143)) - 57d6645c-693c-4338-9714-c1c857f07c71: start FollowerState
2019-11-14 13:08:39,582 [pool-37-thread-1] INFO  util.JmxRegister (JmxRegister.java:tryRegister(44)) - Successfully registered JMX Bean with object name Ratis:service=RaftServer,group=group-6D1AFF2C72D5,id=57d6645c-693c-4338-9714-c1c857f07c71
2019-11-14 13:08:39,582 [pool-37-thread-1] WARN  impl.MetricRegistriesImpl (MetricRegistriesImpl.java:lambda$create$1(61)) - First MetricRegistry has been created without registering reporters. You may need to call MetricRegistries.global().addReportRegistration(...) before.
2019-11-14 13:08:39,590 [RatisPipelineUtilsThread] INFO  pipeline.PipelineStateManager (PipelineStateManager.java:addPipeline(55)) - Created pipeline Pipeline[ Id: e520daba-5bbe-4ee1-a725-6d1aff2c72d5, Nodes: 57d6645c-693c-4338-9714-c1c857f07c71{ip: 192.168.34.5, host: pr-hdds-2461-6k78x-381033752, networkLocation: /default-rack, certSerialId: null}, Type:RATIS, Factor:ONE, State:ALLOCATED]
2019-11-14 13:08:39,604 [grpc-default-executor-0] INFO  impl.RaftServerProxy (RaftServerProxy.java:addNew(89)) - 41abd461-8d18-4f7d-bfbe-907604a0ba0e: addNew group-75B4D4F16425:[41abd461-8d18-4f7d-bfbe-907604a0ba0e:192.168.34.5:37749] returns group-75B4D4F16425:java.util.concurrent.CompletableFuture@533bea69[Not completed]
2019-11-14 13:08:39,619 [pool-47-thread-1] INFO  impl.RaftServerImpl (RaftServerImpl.java:<init>(98)) - 41abd461-8d18-4f7d-bfbe-907604a0ba0e: new RaftServerImpl for group-75B4D4F16425:[41abd461-8d18-4f7d-bfbe-907604a0ba0e:192.168.34.5:37749] with ContainerStateMachine:uninitialized
2019-11-14 13:08:39,620 [pool-47-thread-1] INFO  server.RaftServerConfigKeys (ConfUtils.java:logGet(43)) - raft.server.rpc.timeout.min = 5s (custom)
2019-11-14 13:08:39,620 [pool-47-thread-1] INFO  server.RaftServerConfigKeys (ConfUtils.java:logGet(43)) - raft.server.rpc.timeout.max = 5200ms (custom)
2019-11-14 13:08:39,620 [pool-47-thread-1] INFO  server.RaftServerConfigKeys (ConfUtils.java:logGet(43)) - raft.server.rpcslowness.timeout = 120s (custom)
2019-11-14 13:08:39,620 [pool-47-thread-1] INFO  server.RaftServerConfigKeys (ConfUtils.java:logGet(43)) - raft.server.sleep.deviation.threshold = 300 (default)
2019-11-14 13:08:39,620 [pool-47-thread-1] INFO  server.RaftServerConfigKeys (ConfUtils.java:logGet(43)) - raft.server.log.appender.install.snapshot.enabled = false (custom)
2019-11-14 13:08:39,621 [pool-47-thread-1] INFO  impl.RaftServerImpl (ServerState.java:<init>(103)) - 41abd461-8d18-4f7d-bfbe-907604a0ba0e@group-75B4D4F16425: ConfigurationManager, init=-1: [41abd461-8d18-4f7d-bfbe-907604a0ba0e:192.168.34.5:37749], old=null, confs=<EMPTY_MAP>
2019-11-14 13:08:39,621 [pool-47-thread-1] INFO  server.RaftServerConfigKeys (ConfUtils.java:logGet(43)) - raft.server.storage.dir = [/workdir/hadoop-ozone/tools/target/test-dir/MiniOzoneClusterImpl-076fafb8-a8c6-48f2-8837-5b892c7bda8a/datanode-2/data/ratis] (custom)
2019-11-14 13:08:39,621 [pool-47-thread-1] INFO  server.RaftServerConfigKeys (ConfUtils.java:logGet(43)) - raft.server.log.corruption.policy = EXCEPTION (default)
2019-11-14 13:08:39,622 [pool-47-thread-1] INFO  storage.RaftStorageDirectory (RaftStorageDirectory.java:analyzeStorage(246)) - The storage directory /workdir/hadoop-ozone/tools/target/test-dir/MiniOzoneClusterImpl-076fafb8-a8c6-48f2-8837-5b892c7bda8a/datanode-2/data/ratis/477081ac-e9a1-4599-b50b-75b4d4f16425 does not exist. Creating ...
2019-11-14 13:08:39,635 [pool-47-thread-1] INFO  storage.RaftStorageDirectory (RaftStorageDirectory.java:tryLock(328)) - Lock on /workdir/hadoop-ozone/tools/target/test-dir/MiniOzoneClusterImpl-076fafb8-a8c6-48f2-8837-5b892c7bda8a/datanode-2/data/ratis/477081ac-e9a1-4599-b50b-75b4d4f16425/in_use.lock acquired by nodename 7001@pr-hdds-2461-6k78x-381033752
2019-11-14 13:08:39,662 [pool-47-thread-1] INFO  storage.RaftStorage (RaftStorage.java:format(84)) - Storage directory /workdir/hadoop-ozone/tools/target/test-dir/MiniOzoneClusterImpl-076fafb8-a8c6-48f2-8837-5b892c7bda8a/datanode-2/data/ratis/477081ac-e9a1-4599-b50b-75b4d4f16425 has been successfully formatted.
2019-11-14 13:08:39,663 [pool-47-thread-1] INFO  ratis.ContainerStateMachine (ContainerStateMachine.java:loadSnapshot(223)) - group-75B4D4F16425: The snapshot info is null. Setting the last applied indexto:(t:0, i:~)
2019-11-14 13:08:39,663 [pool-47-thread-1] INFO  server.RaftServerConfigKeys (ConfUtils.java:logGet(43)) - raft.server.notification.no-leader.timeout = 120s (custom)
2019-11-14 13:08:39,663 [pool-47-thread-1] INFO  server.RaftServerConfigKeys (ConfUtils.java:logGet(43)) - raft.server.log.use.memory = false (default)
2019-11-14 13:08:39,664 [pool-47-thread-1] INFO  server.RaftServerConfigKeys (ConfUtils.java:logGet(43)) - raft.server.log.purge.gap = 1000000 (custom)
2019-11-14 13:08:39,664 [pool-47-thread-1] INFO  server.RaftServerConfigKeys (ConfUtils.java:logGet(43)) - raft.server.log.appender.buffer.byte-limit = 33554432 (custom)
2019-11-14 13:08:39,664 [pool-47-thread-1] INFO  server.RaftServerConfigKeys (ConfUtils.java:logGet(43)) - raft.server.log.segment.size.max = 1048576 (custom)
2019-11-14 13:08:39,664 [pool-47-thread-1] WARN  impl.MetricRegistriesImpl (MetricRegistriesImpl.java:lambda$create$1(61)) - First MetricRegistry has been created without registering reporters. You may need to call MetricRegistries.global().addReportRegistration(...) before.
2019-11-14 13:08:39,664 [pool-47-thread-1] INFO  server.RaftServerConfigKeys (ConfUtils.java:logGet(43)) - raft.server.log.segment.cache.num.max = 2 (custom)
2019-11-14 13:08:39,665 [pool-47-thread-1] INFO  segmented.SegmentedRaftLogWorker (SegmentedRaftLogWorker.java:<init>(173)) - new 41abd461-8d18-4f7d-bfbe-907604a0ba0e@group-75B4D4F16425-SegmentedRaftLogWorker for RaftStorage:Storage Directory /workdir/hadoop-ozone/tools/target/test-dir/MiniOzoneClusterImpl-076fafb8-a8c6-48f2-8837-5b892c7bda8a/datanode-2/data/ratis/477081ac-e9a1-4599-b50b-75b4d4f16425
2019-11-14 13:08:39,665 [pool-47-thread-1] INFO  server.RaftServerConfigKeys (ConfUtils.java:logGet(43)) - raft.server.log.queue.byte-limit = 2147483647 (custom)
2019-11-14 13:08:39,665 [pool-47-thread-1] INFO  server.RaftServerConfigKeys (ConfUtils.java:logGet(43)) - raft.server.log.queue.element-limit = 1024 (custom)
2019-11-14 13:08:39,665 [pool-47-thread-1] INFO  server.RaftServerConfigKeys (ConfUtils.java:logGet(43)) - raft.server.log.segment.size.max = 1048576 (custom)
2019-11-14 13:08:39,665 [pool-47-thread-1] INFO  server.RaftServerConfigKeys (ConfUtils.java:logGet(43)) - raft.server.log.preallocated.size = 16384 (custom)
2019-11-14 13:08:39,666 [pool-47-thread-1] INFO  server.RaftServerConfigKeys (ConfUtils.java:logGet(43)) - raft.server.log.write.buffer.size = 33554432 (custom)
2019-11-14 13:08:39,666 [pool-47-thread-1] INFO  server.RaftServerConfigKeys (ConfUtils.java:logGet(43)) - raft.server.log.force.sync.num = 128 (default)
2019-11-14 13:08:39,666 [pool-47-thread-1] INFO  server.RaftServerConfigKeys (ConfUtils.java:logGet(43)) - raft.server.log.statemachine.data.sync = true (default)
2019-11-14 13:08:39,666 [pool-47-thread-1] INFO  server.RaftServerConfigKeys (ConfUtils.java:logGet(43)) - raft.server.log.statemachine.data.sync.timeout = 10s (default)
2019-11-14 13:08:39,666 [pool-47-thread-1] INFO  server.RaftServerConfigKeys (ConfUtils.java:logGet(43)) - raft.server.log.statemachine.data.sync.timeout.retry = -1 (default)
2019-11-14 13:08:39,667 [pool-47-thread-1] INFO  server.RaftServerConfigKeys (ConfUtils.java:logGet(43)) - raft.server.log.statemachine.data.caching.enabled = true (custom)
2019-11-14 13:08:39,667 [pool-47-thread-1] INFO  segmented.SegmentedRaftLogWorker (SegmentedRaftLogWorker.java:lambda$new$0(128)) - 41abd461-8d18-4f7d-bfbe-907604a0ba0e@group-75B4D4F16425-SegmentedRaftLogWorker: flushIndex: setUnconditionally 0 -> -1
2019-11-14 13:08:39,668 [pool-47-thread-1] INFO  server.RaftServerConfigKeys (ConfUtils.java:logGet(43)) - raft.server.snapshot.auto.trigger.enabled = true (custom)
2019-11-14 13:08:39,668 [pool-47-thread-1] INFO  server.RaftServerConfigKeys (ConfUtils.java:logGet(43)) - raft.server.snapshot.auto.trigger.threshold = 10000 (custom)
2019-11-14 13:08:39,668 [pool-47-thread-1] INFO  server.RaftServerConfigKeys (ConfUtils.java:logGet(43)) - raft.server.snapshot.retention.file.num = 5 (custom)
2019-11-14 13:08:39,668 [pool-47-thread-1] INFO  server.RaftServerConfigKeys (ConfUtils.java:logGet(43)) - raft.server.retrycache.expirytime = 600000ms (custom)
2019-11-14 13:08:39,668 [pool-47-thread-1] WARN  impl.MetricRegistriesImpl (MetricRegistriesImpl.java:lambda$create$1(61)) - First MetricRegistry has been created without registering reporters. You may need to call MetricRegistries.global().addReportRegistration(...) before.
2019-11-14 13:08:39,669 [pool-47-thread-1] WARN  impl.MetricRegistriesImpl (MetricRegistriesImpl.java:lambda$create$1(61)) - First MetricRegistry has been created without registering reporters. You may need to call MetricRegistries.global().addReportRegistration(...) before.
2019-11-14 13:08:39,669 [pool-47-thread-1] INFO  impl.RaftServerImpl (RaftServerImpl.java:start(184)) - 41abd461-8d18-4f7d-bfbe-907604a0ba0e@group-75B4D4F16425: start as a follower, conf=-1: [41abd461-8d18-4f7d-bfbe-907604a0ba0e:192.168.34.5:37749], old=null
2019-11-14 13:08:39,669 [pool-47-thread-1] INFO  impl.RaftServerImpl (RaftServerImpl.java:setRole(173)) - 41abd461-8d18-4f7d-bfbe-907604a0ba0e@group-75B4D4F16425: changes role from      null to FOLLOWER at term 0 for startAsFollower
2019-11-14 13:08:39,670 [pool-47-thread-1] INFO  impl.RoleInfo (RoleInfo.java:updateAndGet(143)) - 41abd461-8d18-4f7d-bfbe-907604a0ba0e: start FollowerState
2019-11-14 13:08:39,670 [pool-47-thread-1] INFO  util.JmxRegister (JmxRegister.java:tryRegister(44)) - Successfully registered JMX Bean with object name Ratis:service=RaftServer,group=group-75B4D4F16425,id=41abd461-8d18-4f7d-bfbe-907604a0ba0e
2019-11-14 13:08:39,670 [pool-47-thread-1] WARN  impl.MetricRegistriesImpl (MetricRegistriesImpl.java:lambda$create$1(61)) - First MetricRegistry has been created without registering reporters. You may need to call MetricRegistries.global().addReportRegistration(...) before.
2019-11-14 13:08:39,679 [RatisPipelineUtilsThread] INFO  pipeline.PipelineStateManager (PipelineStateManager.java:addPipeline(55)) - Created pipeline Pipeline[ Id: 477081ac-e9a1-4599-b50b-75b4d4f16425, Nodes: 41abd461-8d18-4f7d-bfbe-907604a0ba0e{ip: 192.168.34.5, host: pr-hdds-2461-6k78x-381033752, networkLocation: /default-rack, certSerialId: null}, Type:RATIS, Factor:ONE, State:ALLOCATED]
2019-11-14 13:08:39,703 [grpc-default-executor-2] INFO  impl.RaftServerProxy (RaftServerProxy.java:addNew(89)) - e3ed037e-9401-4141-8499-31a07caa9a11: addNew group-BE6E754FE2C5:[41abd461-8d18-4f7d-bfbe-907604a0ba0e:192.168.34.5:37749, 57d6645c-693c-4338-9714-c1c857f07c71:192.168.34.5:40784, e3ed037e-9401-4141-8499-31a07caa9a11:192.168.34.5:37318] returns group-BE6E754FE2C5:java.util.concurrent.CompletableFuture@6dce4dab[Not completed]
2019-11-14 13:08:39,706 [grpc-default-executor-1] INFO  impl.RaftServerProxy (RaftServerProxy.java:addNew(89)) - 57d6645c-693c-4338-9714-c1c857f07c71: addNew group-BE6E754FE2C5:[41abd461-8d18-4f7d-bfbe-907604a0ba0e:192.168.34.5:37749, 57d6645c-693c-4338-9714-c1c857f07c71:192.168.34.5:40784, e3ed037e-9401-4141-8499-31a07caa9a11:192.168.34.5:37318] returns group-BE6E754FE2C5:java.util.concurrent.CompletableFuture@2a02ff89[Not completed]
2019-11-14 13:08:39,706 [pool-27-thread-1] INFO  impl.RaftServerImpl (RaftServerImpl.java:<init>(98)) - e3ed037e-9401-4141-8499-31a07caa9a11: new RaftServerImpl for group-BE6E754FE2C5:[41abd461-8d18-4f7d-bfbe-907604a0ba0e:192.168.34.5:37749, 57d6645c-693c-4338-9714-c1c857f07c71:192.168.34.5:40784, e3ed037e-9401-4141-8499-31a07caa9a11:192.168.34.5:37318] with ContainerStateMachine:uninitialized
2019-11-14 13:08:39,706 [pool-27-thread-1] INFO  server.RaftServerConfigKeys (ConfUtils.java:logGet(43)) - raft.server.rpc.timeout.min = 5s (custom)
2019-11-14 13:08:39,707 [pool-27-thread-1] INFO  server.RaftServerConfigKeys (ConfUtils.java:logGet(43)) - raft.server.rpc.timeout.max = 5200ms (custom)
2019-11-14 13:08:39,707 [pool-27-thread-1] INFO  server.RaftServerConfigKeys (ConfUtils.java:logGet(43)) - raft.server.rpcslowness.timeout = 120s (custom)
2019-11-14 13:08:39,707 [pool-27-thread-1] INFO  server.RaftServerConfigKeys (ConfUtils.java:logGet(43)) - raft.server.sleep.deviation.threshold = 300 (default)
2019-11-14 13:08:39,707 [pool-27-thread-1] INFO  server.RaftServerConfigKeys (ConfUtils.java:logGet(43)) - raft.server.log.appender.install.snapshot.enabled = false (custom)
2019-11-14 13:08:39,707 [pool-27-thread-1] INFO  impl.RaftServerImpl (ServerState.java:<init>(103)) - e3ed037e-9401-4141-8499-31a07caa9a11@group-BE6E754FE2C5: ConfigurationManager, init=-1: [41abd461-8d18-4f7d-bfbe-907604a0ba0e:192.168.34.5:37749, 57d6645c-693c-4338-9714-c1c857f07c71:192.168.34.5:40784, e3ed037e-9401-4141-8499-31a07caa9a11:192.168.34.5:37318], old=null, confs=<EMPTY_MAP>
2019-11-14 13:08:39,707 [grpc-default-executor-1] INFO  impl.RaftServerProxy (RaftServerProxy.java:addNew(89)) - 41abd461-8d18-4f7d-bfbe-907604a0ba0e: addNew group-BE6E754FE2C5:[41abd461-8d18-4f7d-bfbe-907604a0ba0e:192.168.34.5:37749, 57d6645c-693c-4338-9714-c1c857f07c71:192.168.34.5:40784, e3ed037e-9401-4141-8499-31a07caa9a11:192.168.34.5:37318] returns group-BE6E754FE2C5:java.util.concurrent.CompletableFuture@6f0074ad[Not completed]
2019-11-14 13:08:39,707 [pool-27-thread-1] INFO  server.RaftServerConfigKeys (ConfUtils.java:logGet(43)) - raft.server.storage.dir = [/workdir/hadoop-ozone/tools/target/test-dir/MiniOzoneClusterImpl-076fafb8-a8c6-48f2-8837-5b892c7bda8a/datanode-0/data/ratis] (custom)
2019-11-14 13:08:39,707 [pool-27-thread-1] INFO  server.RaftServerConfigKeys (ConfUtils.java:logGet(43)) - raft.server.log.corruption.policy = EXCEPTION (default)
2019-11-14 13:08:39,708 [pool-27-thread-1] INFO  storage.RaftStorageDirectory (RaftStorageDirectory.java:analyzeStorage(246)) - The storage directory /workdir/hadoop-ozone/tools/target/test-dir/MiniOzoneClusterImpl-076fafb8-a8c6-48f2-8837-5b892c7bda8a/datanode-0/data/ratis/84caaf17-3c32-40dc-8977-be6e754fe2c5 does not exist. Creating ...
2019-11-14 13:08:39,708 [pool-37-thread-1] INFO  impl.RaftServerImpl (RaftServerImpl.java:<init>(98)) - 57d6645c-693c-4338-9714-c1c857f07c71: new RaftServerImpl for group-BE6E754FE2C5:[41abd461-8d18-4f7d-bfbe-907604a0ba0e:192.168.34.5:37749, 57d6645c-693c-4338-9714-c1c857f07c71:192.168.34.5:40784, e3ed037e-9401-4141-8499-31a07caa9a11:192.168.34.5:37318] with ContainerStateMachine:uninitialized
2019-11-14 13:08:39,709 [pool-37-thread-1] INFO  server.RaftServerConfigKeys (ConfUtils.java:logGet(43)) - raft.server.rpc.timeout.min = 5s (custom)
2019-11-14 13:08:39,709 [pool-37-thread-1] INFO  server.RaftServerConfigKeys (ConfUtils.java:logGet(43)) - raft.server.rpc.timeout.max = 5200ms (custom)
2019-11-14 13:08:39,709 [pool-37-thread-1] INFO  server.RaftServerConfigKeys (ConfUtils.java:logGet(43)) - raft.server.rpcslowness.timeout = 120s (custom)
2019-11-14 13:08:39,709 [pool-47-thread-1] INFO  impl.RaftServerImpl (RaftServerImpl.java:<init>(98)) - 41abd461-8d18-4f7d-bfbe-907604a0ba0e: new RaftServerImpl for group-BE6E754FE2C5:[41abd461-8d18-4f7d-bfbe-907604a0ba0e:192.168.34.5:37749, 57d6645c-693c-4338-9714-c1c857f07c71:192.168.34.5:40784, e3ed037e-9401-4141-8499-31a07caa9a11:192.168.34.5:37318] with ContainerStateMachine:uninitialized
2019-11-14 13:08:39,709 [pool-37-thread-1] INFO  server.RaftServerConfigKeys (ConfUtils.java:logGet(43)) - raft.server.sleep.deviation.threshold = 300 (default)
2019-11-14 13:08:39,709 [pool-47-thread-1] INFO  server.RaftServerConfigKeys (ConfUtils.java:logGet(43)) - raft.server.rpc.timeout.min = 5s (custom)
2019-11-14 13:08:39,709 [pool-37-thread-1] INFO  server.RaftServerConfigKeys (ConfUtils.java:logGet(43)) - raft.server.log.appender.install.snapshot.enabled = false (custom)
2019-11-14 13:08:39,710 [pool-47-thread-1] INFO  server.RaftServerConfigKeys (ConfUtils.java:logGet(43)) - raft.server.rpc.timeout.max = 5200ms (custom)
2019-11-14 13:08:39,710 [pool-37-thread-1] INFO  impl.RaftServerImpl (ServerState.java:<init>(103)) - 57d6645c-693c-4338-9714-c1c857f07c71@group-BE6E754FE2C5: ConfigurationManager, init=-1: [41abd461-8d18-4f7d-bfbe-907604a0ba0e:192.168.34.5:37749, 57d6645c-693c-4338-9714-c1c857f07c71:192.168.34.5:40784, e3ed037e-9401-4141-8499-31a07caa9a11:192.168.34.5:37318], old=null, confs=<EMPTY_MAP>
2019-11-14 13:08:39,710 [pool-47-thread-1] INFO  server.RaftServerConfigKeys (ConfUtils.java:logGet(43)) - raft.server.rpcslowness.timeout = 120s (custom)
2019-11-14 13:08:39,710 [pool-47-thread-1] INFO  server.RaftServerConfigKeys (ConfUtils.java:logGet(43)) - raft.server.sleep.deviation.threshold = 300 (default)
2019-11-14 13:08:39,710 [pool-37-thread-1] INFO  server.RaftServerConfigKeys (ConfUtils.java:logGet(43)) - raft.server.storage.dir = [/workdir/hadoop-ozone/tools/target/test-dir/MiniOzoneClusterImpl-076fafb8-a8c6-48f2-8837-5b892c7bda8a/datanode-1/data/ratis] (custom)
2019-11-14 13:08:39,710 [pool-47-thread-1] INFO  server.RaftServerConfigKeys (ConfUtils.java:logGet(43)) - raft.server.log.appender.install.snapshot.enabled = false (custom)
2019-11-14 13:08:39,711 [pool-47-thread-1] INFO  impl.RaftServerImpl (ServerState.java:<init>(103)) - 41abd461-8d18-4f7d-bfbe-907604a0ba0e@group-BE6E754FE2C5: ConfigurationManager, init=-1: [41abd461-8d18-4f7d-bfbe-907604a0ba0e:192.168.34.5:37749, 57d6645c-693c-4338-9714-c1c857f07c71:192.168.34.5:40784, e3ed037e-9401-4141-8499-31a07caa9a11:192.168.34.5:37318], old=null, confs=<EMPTY_MAP>
2019-11-14 13:08:39,711 [pool-37-thread-1] INFO  server.RaftServerConfigKeys (ConfUtils.java:logGet(43)) - raft.server.log.corruption.policy = EXCEPTION (default)
2019-11-14 13:08:39,711 [pool-47-thread-1] INFO  server.RaftServerConfigKeys (ConfUtils.java:logGet(43)) - raft.server.storage.dir = [/workdir/hadoop-ozone/tools/target/test-dir/MiniOzoneClusterImpl-076fafb8-a8c6-48f2-8837-5b892c7bda8a/datanode-2/data/ratis] (custom)
2019-11-14 13:08:39,711 [pool-37-thread-1] INFO  storage.RaftStorageDirectory (RaftStorageDirectory.java:analyzeStorage(246)) - The storage directory /workdir/hadoop-ozone/tools/target/test-dir/MiniOzoneClusterImpl-076fafb8-a8c6-48f2-8837-5b892c7bda8a/datanode-1/data/ratis/84caaf17-3c32-40dc-8977-be6e754fe2c5 does not exist. Creating ...
2019-11-14 13:08:39,711 [pool-47-thread-1] INFO  server.RaftServerConfigKeys (ConfUtils.java:logGet(43)) - raft.server.log.corruption.policy = EXCEPTION (default)
2019-11-14 13:08:39,711 [pool-47-thread-1] INFO  storage.RaftStorageDirectory (RaftStorageDirectory.java:analyzeStorage(246)) - The storage directory /workdir/hadoop-ozone/tools/target/test-dir/MiniOzoneClusterImpl-076fafb8-a8c6-48f2-8837-5b892c7bda8a/datanode-2/data/ratis/84caaf17-3c32-40dc-8977-be6e754fe2c5 does not exist. Creating ...
2019-11-14 13:08:39,733 [pool-47-thread-1] INFO  storage.RaftStorageDirectory (RaftStorageDirectory.java:tryLock(328)) - Lock on /workdir/hadoop-ozone/tools/target/test-dir/MiniOzoneClusterImpl-076fafb8-a8c6-48f2-8837-5b892c7bda8a/datanode-2/data/ratis/84caaf17-3c32-40dc-8977-be6e754fe2c5/in_use.lock acquired by nodename 7001@pr-hdds-2461-6k78x-381033752
2019-11-14 13:08:39,733 [pool-37-thread-1] INFO  storage.RaftStorageDirectory (RaftStorageDirectory.java:tryLock(328)) - Lock on /workdir/hadoop-ozone/tools/target/test-dir/MiniOzoneClusterImpl-076fafb8-a8c6-48f2-8837-5b892c7bda8a/datanode-1/data/ratis/84caaf17-3c32-40dc-8977-be6e754fe2c5/in_use.lock acquired by nodename 7001@pr-hdds-2461-6k78x-381033752
2019-11-14 13:08:39,733 [pool-27-thread-1] INFO  storage.RaftStorageDirectory (RaftStorageDirectory.java:tryLock(328)) - Lock on /workdir/hadoop-ozone/tools/target/test-dir/MiniOzoneClusterImpl-076fafb8-a8c6-48f2-8837-5b892c7bda8a/datanode-0/data/ratis/84caaf17-3c32-40dc-8977-be6e754fe2c5/in_use.lock acquired by nodename 7001@pr-hdds-2461-6k78x-381033752
2019-11-14 13:08:39,759 [pool-27-thread-1] INFO  storage.RaftStorage (RaftStorage.java:format(84)) - Storage directory /workdir/hadoop-ozone/tools/target/test-dir/MiniOzoneClusterImpl-076fafb8-a8c6-48f2-8837-5b892c7bda8a/datanode-0/data/ratis/84caaf17-3c32-40dc-8977-be6e754fe2c5 has been successfully formatted.
2019-11-14 13:08:39,759 [pool-47-thread-1] INFO  storage.RaftStorage (RaftStorage.java:format(84)) - Storage directory /workdir/hadoop-ozone/tools/target/test-dir/MiniOzoneClusterImpl-076fafb8-a8c6-48f2-8837-5b892c7bda8a/datanode-2/data/ratis/84caaf17-3c32-40dc-8977-be6e754fe2c5 has been successfully formatted.
2019-11-14 13:08:39,760 [pool-27-thread-1] INFO  ratis.ContainerStateMachine (ContainerStateMachine.java:loadSnapshot(223)) - group-BE6E754FE2C5: The snapshot info is null. Setting the last applied indexto:(t:0, i:~)
2019-11-14 13:08:39,760 [pool-27-thread-1] INFO  server.RaftServerConfigKeys (ConfUtils.java:logGet(43)) - raft.server.notification.no-leader.timeout = 120s (custom)
2019-11-14 13:08:39,760 [pool-47-thread-1] INFO  ratis.ContainerStateMachine (ContainerStateMachine.java:loadSnapshot(223)) - group-BE6E754FE2C5: The snapshot info is null. Setting the last applied indexto:(t:0, i:~)
2019-11-14 13:08:39,760 [pool-27-thread-1] INFO  server.RaftServerConfigKeys (ConfUtils.java:logGet(43)) - raft.server.log.use.memory = false (default)
2019-11-14 13:08:39,760 [pool-37-thread-1] INFO  storage.RaftStorage (RaftStorage.java:format(84)) - Storage directory /workdir/hadoop-ozone/tools/target/test-dir/MiniOzoneClusterImpl-076fafb8-a8c6-48f2-8837-5b892c7bda8a/datanode-1/data/ratis/84caaf17-3c32-40dc-8977-be6e754fe2c5 has been successfully formatted.
2019-11-14 13:08:39,760 [pool-27-thread-1] INFO  server.RaftServerConfigKeys (ConfUtils.java:logGet(43)) - raft.server.log.purge.gap = 1000000 (custom)
2019-11-14 13:08:39,760 [pool-47-thread-1] INFO  server.RaftServerConfigKeys (ConfUtils.java:logGet(43)) - raft.server.notification.no-leader.timeout = 120s (custom)
2019-11-14 13:08:39,761 [pool-27-thread-1] INFO  server.RaftServerConfigKeys (ConfUtils.java:logGet(43)) - raft.server.log.appender.buffer.byte-limit = 33554432 (custom)
2019-11-14 13:08:39,762 [pool-47-thread-1] INFO  server.RaftServerConfigKeys (ConfUtils.java:logGet(43)) - raft.server.log.use.memory = false (default)
2019-11-14 13:08:39,762 [pool-27-thread-1] INFO  server.RaftServerConfigKeys (ConfUtils.java:logGet(43)) - raft.server.log.segment.size.max = 1048576 (custom)
2019-11-14 13:08:39,762 [pool-47-thread-1] INFO  server.RaftServerConfigKeys (ConfUtils.java:logGet(43)) - raft.server.log.purge.gap = 1000000 (custom)
2019-11-14 13:08:39,762 [pool-27-thread-1] INFO  server.RaftServerConfigKeys (ConfUtils.java:logGet(43)) - raft.server.log.segment.cache.num.max = 2 (custom)
2019-11-14 13:08:39,762 [pool-47-thread-1] INFO  server.RaftServerConfigKeys (ConfUtils.java:logGet(43)) - raft.server.log.appender.buffer.byte-limit = 33554432 (custom)
2019-11-14 13:08:39,762 [pool-27-thread-1] INFO  segmented.SegmentedRaftLogWorker (SegmentedRaftLogWorker.java:<init>(173)) - new e3ed037e-9401-4141-8499-31a07caa9a11@group-BE6E754FE2C5-SegmentedRaftLogWorker for RaftStorage:Storage Directory /workdir/hadoop-ozone/tools/target/test-dir/MiniOzoneClusterImpl-076fafb8-a8c6-48f2-8837-5b892c7bda8a/datanode-0/data/ratis/84caaf17-3c32-40dc-8977-be6e754fe2c5
2019-11-14 13:08:39,762 [pool-47-thread-1] INFO  server.RaftServerConfigKeys (ConfUtils.java:logGet(43)) - raft.server.log.segment.size.max = 1048576 (custom)
2019-11-14 13:08:39,762 [pool-27-thread-1] INFO  server.RaftServerConfigKeys (ConfUtils.java:logGet(43)) - raft.server.log.queue.byte-limit = 2147483647 (custom)
2019-11-14 13:08:39,763 [pool-47-thread-1] INFO  server.RaftServerConfigKeys (ConfUtils.java:logGet(43)) - raft.server.log.segment.cache.num.max = 2 (custom)
2019-11-14 13:08:39,763 [pool-27-thread-1] INFO  server.RaftServerConfigKeys (ConfUtils.java:logGet(43)) - raft.server.log.queue.element-limit = 1024 (custom)
2019-11-14 13:08:39,763 [pool-47-thread-1] INFO  segmented.SegmentedRaftLogWorker (SegmentedRaftLogWorker.java:<init>(173)) - new 41abd461-8d18-4f7d-bfbe-907604a0ba0e@group-BE6E754FE2C5-SegmentedRaftLogWorker for RaftStorage:Storage Directory /workdir/hadoop-ozone/tools/target/test-dir/MiniOzoneClusterImpl-076fafb8-a8c6-48f2-8837-5b892c7bda8a/datanode-2/data/ratis/84caaf17-3c32-40dc-8977-be6e754fe2c5
2019-11-14 13:08:39,763 [pool-27-thread-1] INFO  server.RaftServerConfigKeys (ConfUtils.java:logGet(43)) - raft.server.log.segment.size.max = 1048576 (custom)
2019-11-14 13:08:39,763 [pool-47-thread-1] INFO  server.RaftServerConfigKeys (ConfUtils.java:logGet(43)) - raft.server.log.queue.byte-limit = 2147483647 (custom)
2019-11-14 13:08:39,763 [pool-27-thread-1] INFO  server.RaftServerConfigKeys (ConfUtils.java:logGet(43)) - raft.server.log.preallocated.size = 16384 (custom)
2019-11-14 13:08:39,763 [pool-47-thread-1] INFO  server.RaftServerConfigKeys (ConfUtils.java:logGet(43)) - raft.server.log.queue.element-limit = 1024 (custom)
2019-11-14 13:08:39,763 [pool-27-thread-1] INFO  server.RaftServerConfigKeys (ConfUtils.java:logGet(43)) - raft.server.log.write.buffer.size = 33554432 (custom)
2019-11-14 13:08:39,763 [pool-47-thread-1] INFO  server.RaftServerConfigKeys (ConfUtils.java:logGet(43)) - raft.server.log.segment.size.max = 1048576 (custom)
2019-11-14 13:08:39,763 [pool-27-thread-1] INFO  server.RaftServerConfigKeys (ConfUtils.java:logGet(43)) - raft.server.log.force.sync.num = 128 (default)
2019-11-14 13:08:39,763 [pool-47-thread-1] INFO  server.RaftServerConfigKeys (ConfUtils.java:logGet(43)) - raft.server.log.preallocated.size = 16384 (custom)
2019-11-14 13:08:39,764 [pool-37-thread-1] INFO  ratis.ContainerStateMachine (ContainerStateMachine.java:loadSnapshot(223)) - group-BE6E754FE2C5: The snapshot info is null. Setting the last applied indexto:(t:0, i:~)
2019-11-14 13:08:39,764 [pool-27-thread-1] INFO  server.RaftServerConfigKeys (ConfUtils.java:logGet(43)) - raft.server.log.statemachine.data.sync = true (default)
2019-11-14 13:08:39,764 [pool-47-thread-1] INFO  server.RaftServerConfigKeys (ConfUtils.java:logGet(43)) - raft.server.log.write.buffer.size = 33554432 (custom)
2019-11-14 13:08:39,765 [pool-27-thread-1] INFO  server.RaftServerConfigKeys (ConfUtils.java:logGet(43)) - raft.server.log.statemachine.data.sync.timeout = 10s (default)
2019-11-14 13:08:39,765 [pool-47-thread-1] INFO  server.RaftServerConfigKeys (ConfUtils.java:logGet(43)) - raft.server.log.force.sync.num = 128 (default)
2019-11-14 13:08:39,765 [pool-27-thread-1] INFO  server.RaftServerConfigKeys (ConfUtils.java:logGet(43)) - raft.server.log.statemachine.data.sync.timeout.retry = -1 (default)
2019-11-14 13:08:39,765 [pool-47-thread-1] INFO  server.RaftServerConfigKeys (ConfUtils.java:logGet(43)) - raft.server.log.statemachine.data.sync = true (default)
2019-11-14 13:08:39,765 [pool-47-thread-1] INFO  server.RaftServerConfigKeys (ConfUtils.java:logGet(43)) - raft.server.log.statemachine.data.sync.timeout = 10s (default)
2019-11-14 13:08:39,765 [pool-47-thread-1] INFO  server.RaftServerConfigKeys (ConfUtils.java:logGet(43)) - raft.server.log.statemachine.data.sync.timeout.retry = -1 (default)
2019-11-14 13:08:39,765 [pool-37-thread-1] INFO  server.RaftServerConfigKeys (ConfUtils.java:logGet(43)) - raft.server.notification.no-leader.timeout = 120s (custom)
2019-11-14 13:08:39,766 [pool-47-thread-1] INFO  server.RaftServerConfigKeys (ConfUtils.java:logGet(43)) - raft.server.log.statemachine.data.caching.enabled = true (custom)
2019-11-14 13:08:39,765 [pool-27-thread-1] INFO  server.RaftServerConfigKeys (ConfUtils.java:logGet(43)) - raft.server.log.statemachine.data.caching.enabled = true (custom)
2019-11-14 13:08:39,767 [pool-27-thread-1] INFO  segmented.SegmentedRaftLogWorker (SegmentedRaftLogWorker.java:lambda$new$0(128)) - e3ed037e-9401-4141-8499-31a07caa9a11@group-BE6E754FE2C5-SegmentedRaftLogWorker: flushIndex: setUnconditionally 0 -> -1
2019-11-14 13:08:39,767 [pool-47-thread-1] INFO  segmented.SegmentedRaftLogWorker (SegmentedRaftLogWorker.java:lambda$new$0(128)) - 41abd461-8d18-4f7d-bfbe-907604a0ba0e@group-BE6E754FE2C5-SegmentedRaftLogWorker: flushIndex: setUnconditionally 0 -> -1
2019-11-14 13:08:39,767 [pool-27-thread-1] INFO  server.RaftServerConfigKeys (ConfUtils.java:logGet(43)) - raft.server.snapshot.auto.trigger.enabled = true (custom)
2019-11-14 13:08:39,767 [pool-27-thread-1] INFO  server.RaftServerConfigKeys (ConfUtils.java:logGet(43)) - raft.server.snapshot.auto.trigger.threshold = 10000 (custom)
2019-11-14 13:08:39,767 [pool-37-thread-1] INFO  server.RaftServerConfigKeys (ConfUtils.java:logGet(43)) - raft.server.log.use.memory = false (default)
2019-11-14 13:08:39,767 [pool-27-thread-1] INFO  server.RaftServerConfigKeys (ConfUtils.java:logGet(43)) - raft.server.snapshot.retention.file.num = 5 (custom)
2019-11-14 13:08:39,767 [pool-47-thread-1] INFO  server.RaftServerConfigKeys (ConfUtils.java:logGet(43)) - raft.server.snapshot.auto.trigger.enabled = true (custom)
2019-11-14 13:08:39,768 [pool-27-thread-1] INFO  server.RaftServerConfigKeys (ConfUtils.java:logGet(43)) - raft.server.retrycache.expirytime = 600000ms (custom)
2019-11-14 13:08:39,768 [pool-47-thread-1] INFO  server.RaftServerConfigKeys (ConfUtils.java:logGet(43)) - raft.server.snapshot.auto.trigger.threshold = 10000 (custom)
2019-11-14 13:08:39,768 [pool-27-thread-1] WARN  impl.MetricRegistriesImpl (MetricRegistriesImpl.java:lambda$create$1(61)) - First MetricRegistry has been created without registering reporters. You may need to call MetricRegistries.global().addReportRegistration(...) before.
2019-11-14 13:08:39,769 [pool-47-thread-1] INFO  server.RaftServerConfigKeys (ConfUtils.java:logGet(43)) - raft.server.snapshot.retention.file.num = 5 (custom)
2019-11-14 13:08:39,769 [pool-37-thread-1] INFO  server.RaftServerConfigKeys (ConfUtils.java:logGet(43)) - raft.server.log.purge.gap = 1000000 (custom)
2019-11-14 13:08:39,769 [pool-47-thread-1] INFO  server.RaftServerConfigKeys (ConfUtils.java:logGet(43)) - raft.server.retrycache.expirytime = 600000ms (custom)
2019-11-14 13:08:39,769 [pool-27-thread-1] WARN  impl.MetricRegistriesImpl (MetricRegistriesImpl.java:lambda$create$1(61)) - First MetricRegistry has been created without registering reporters. You may need to call MetricRegistries.global().addReportRegistration(...) before.
2019-11-14 13:08:39,770 [pool-47-thread-1] WARN  impl.MetricRegistriesImpl (MetricRegistriesImpl.java:lambda$create$1(61)) - First MetricRegistry has been created without registering reporters. You may need to call MetricRegistries.global().addReportRegistration(...) before.
2019-11-14 13:08:39,770 [pool-27-thread-1] INFO  impl.RaftServerImpl (RaftServerImpl.java:start(184)) - e3ed037e-9401-4141-8499-31a07caa9a11@group-BE6E754FE2C5: start as a follower, conf=-1: [41abd461-8d18-4f7d-bfbe-907604a0ba0e:192.168.34.5:37749, 57d6645c-693c-4338-9714-c1c857f07c71:192.168.34.5:40784, e3ed037e-9401-4141-8499-31a07caa9a11:192.168.34.5:37318], old=null
2019-11-14 13:08:39,770 [pool-27-thread-1] INFO  impl.RaftServerImpl (RaftServerImpl.java:setRole(173)) - e3ed037e-9401-4141-8499-31a07caa9a11@group-BE6E754FE2C5: changes role from      null to FOLLOWER at term 0 for startAsFollower
2019-11-14 13:08:39,770 [pool-37-thread-1] INFO  server.RaftServerConfigKeys (ConfUtils.java:logGet(43)) - raft.server.log.appender.buffer.byte-limit = 33554432 (custom)
2019-11-14 13:08:39,770 [pool-47-thread-1] WARN  impl.MetricRegistriesImpl (MetricRegistriesImpl.java:lambda$create$1(61)) - First MetricRegistry has been created without registering reporters. You may need to call MetricRegistries.global().addReportRegistration(...) before.
2019-11-14 13:08:39,770 [pool-27-thread-1] INFO  impl.RoleInfo (RoleInfo.java:updateAndGet(143)) - e3ed037e-9401-4141-8499-31a07caa9a11: start FollowerState
2019-11-14 13:08:39,771 [pool-47-thread-1] INFO  impl.RaftServerImpl (RaftServerImpl.java:start(184)) - 41abd461-8d18-4f7d-bfbe-907604a0ba0e@group-BE6E754FE2C5: start as a follower, conf=-1: [41abd461-8d18-4f7d-bfbe-907604a0ba0e:192.168.34.5:37749, 57d6645c-693c-4338-9714-c1c857f07c71:192.168.34.5:40784, e3ed037e-9401-4141-8499-31a07caa9a11:192.168.34.5:37318], old=null
2019-11-14 13:08:39,771 [pool-47-thread-1] INFO  impl.RaftServerImpl (RaftServerImpl.java:setRole(173)) - 41abd461-8d18-4f7d-bfbe-907604a0ba0e@group-BE6E754FE2C5: changes role from      null to FOLLOWER at term 0 for startAsFollower
2019-11-14 13:08:39,771 [pool-27-thread-1] INFO  util.JmxRegister (JmxRegister.java:tryRegister(44)) - Successfully registered JMX Bean with object name Ratis:service=RaftServer,group=group-BE6E754FE2C5,id=e3ed037e-9401-4141-8499-31a07caa9a11
2019-11-14 13:08:39,771 [pool-37-thread-1] INFO  server.RaftServerConfigKeys (ConfUtils.java:logGet(43)) - raft.server.log.segment.size.max = 1048576 (custom)
2019-11-14 13:08:39,771 [pool-27-thread-1] WARN  impl.MetricRegistriesImpl (MetricRegistriesImpl.java:lambda$create$1(61)) - First MetricRegistry has been created without registering reporters. You may need to call MetricRegistries.global().addReportRegistration(...) before.
2019-11-14 13:08:39,771 [pool-47-thread-1] INFO  impl.RoleInfo (RoleInfo.java:updateAndGet(143)) - 41abd461-8d18-4f7d-bfbe-907604a0ba0e: start FollowerState
2019-11-14 13:08:39,772 [pool-47-thread-1] INFO  util.JmxRegister (JmxRegister.java:tryRegister(44)) - Successfully registered JMX Bean with object name Ratis:service=RaftServer,group=group-BE6E754FE2C5,id=41abd461-8d18-4f7d-bfbe-907604a0ba0e
2019-11-14 13:08:39,773 [pool-47-thread-1] WARN  impl.MetricRegistriesImpl (MetricRegistriesImpl.java:lambda$create$1(61)) - First MetricRegistry has been created without registering reporters. You may need to call MetricRegistries.global().addReportRegistration(...) before.
2019-11-14 13:08:39,773 [pool-37-thread-1] INFO  server.RaftServerConfigKeys (ConfUtils.java:logGet(43)) - raft.server.log.segment.cache.num.max = 2 (custom)
2019-11-14 13:08:39,779 [pool-37-thread-1] INFO  segmented.SegmentedRaftLogWorker (SegmentedRaftLogWorker.java:<init>(173)) - new 57d6645c-693c-4338-9714-c1c857f07c71@group-BE6E754FE2C5-SegmentedRaftLogWorker for RaftStorage:Storage Directory /workdir/hadoop-ozone/tools/target/test-dir/MiniOzoneClusterImpl-076fafb8-a8c6-48f2-8837-5b892c7bda8a/datanode-1/data/ratis/84caaf17-3c32-40dc-8977-be6e754fe2c5
2019-11-14 13:08:39,779 [pool-37-thread-1] INFO  server.RaftServerConfigKeys (ConfUtils.java:logGet(43)) - raft.server.log.queue.byte-limit = 2147483647 (custom)
2019-11-14 13:08:39,779 [pool-37-thread-1] INFO  server.RaftServerConfigKeys (ConfUtils.java:logGet(43)) - raft.server.log.queue.element-limit = 1024 (custom)
2019-11-14 13:08:39,779 [pool-37-thread-1] INFO  server.RaftServerConfigKeys (ConfUtils.java:logGet(43)) - raft.server.log.segment.size.max = 1048576 (custom)
2019-11-14 13:08:39,780 [pool-37-thread-1] INFO  server.RaftServerConfigKeys (ConfUtils.java:logGet(43)) - raft.server.log.preallocated.size = 16384 (custom)
2019-11-14 13:08:39,780 [pool-37-thread-1] INFO  server.RaftServerConfigKeys (ConfUtils.java:logGet(43)) - raft.server.log.write.buffer.size = 33554432 (custom)
2019-11-14 13:08:39,780 [pool-37-thread-1] INFO  server.RaftServerConfigKeys (ConfUtils.java:logGet(43)) - raft.server.log.force.sync.num = 128 (default)
2019-11-14 13:08:39,781 [pool-37-thread-1] INFO  server.RaftServerConfigKeys (ConfUtils.java:logGet(43)) - raft.server.log.statemachine.data.sync = true (default)
2019-11-14 13:08:39,781 [pool-37-thread-1] INFO  server.RaftServerConfigKeys (ConfUtils.java:logGet(43)) - raft.server.log.statemachine.data.sync.timeout = 10s (default)
2019-11-14 13:08:39,781 [pool-37-thread-1] INFO  server.RaftServerConfigKeys (ConfUtils.java:logGet(43)) - raft.server.log.statemachine.data.sync.timeout.retry = -1 (default)
2019-11-14 13:08:39,782 [pool-37-thread-1] INFO  server.RaftServerConfigKeys (ConfUtils.java:logGet(43)) - raft.server.log.statemachine.data.caching.enabled = true (custom)
2019-11-14 13:08:39,783 [pool-37-thread-1] INFO  segmented.SegmentedRaftLogWorker (SegmentedRaftLogWorker.java:lambda$new$0(128)) - 57d6645c-693c-4338-9714-c1c857f07c71@group-BE6E754FE2C5-SegmentedRaftLogWorker: flushIndex: setUnconditionally 0 -> -1
2019-11-14 13:08:39,784 [pool-37-thread-1] INFO  server.RaftServerConfigKeys (ConfUtils.java:logGet(43)) - raft.server.snapshot.auto.trigger.enabled = true (custom)
2019-11-14 13:08:39,784 [pool-37-thread-1] INFO  server.RaftServerConfigKeys (ConfUtils.java:logGet(43)) - raft.server.snapshot.auto.trigger.threshold = 10000 (custom)
2019-11-14 13:08:39,784 [pool-37-thread-1] INFO  server.RaftServerConfigKeys (ConfUtils.java:logGet(43)) - raft.server.snapshot.retention.file.num = 5 (custom)
2019-11-14 13:08:39,785 [pool-37-thread-1] INFO  server.RaftServerConfigKeys (ConfUtils.java:logGet(43)) - raft.server.retrycache.expirytime = 600000ms (custom)
2019-11-14 13:08:39,785 [pool-37-thread-1] WARN  impl.MetricRegistriesImpl (MetricRegistriesImpl.java:lambda$create$1(61)) - First MetricRegistry has been created without registering reporters. You may need to call MetricRegistries.global().addReportRegistration(...) before.
2019-11-14 13:08:39,785 [pool-37-thread-1] WARN  impl.MetricRegistriesImpl (MetricRegistriesImpl.java:lambda$create$1(61)) - First MetricRegistry has been created without registering reporters. You may need to call MetricRegistries.global().addReportRegistration(...) before.
2019-11-14 13:08:39,786 [pool-37-thread-1] INFO  impl.RaftServerImpl (RaftServerImpl.java:start(184)) - 57d6645c-693c-4338-9714-c1c857f07c71@group-BE6E754FE2C5: start as a follower, conf=-1: [41abd461-8d18-4f7d-bfbe-907604a0ba0e:192.168.34.5:37749, 57d6645c-693c-4338-9714-c1c857f07c71:192.168.34.5:40784, e3ed037e-9401-4141-8499-31a07caa9a11:192.168.34.5:37318], old=null
2019-11-14 13:08:39,786 [pool-37-thread-1] INFO  impl.RaftServerImpl (RaftServerImpl.java:setRole(173)) - 57d6645c-693c-4338-9714-c1c857f07c71@group-BE6E754FE2C5: changes role from      null to FOLLOWER at term 0 for startAsFollower
2019-11-14 13:08:39,786 [pool-37-thread-1] INFO  impl.RoleInfo (RoleInfo.java:updateAndGet(143)) - 57d6645c-693c-4338-9714-c1c857f07c71: start FollowerState
2019-11-14 13:08:39,787 [pool-37-thread-1] INFO  util.JmxRegister (JmxRegister.java:tryRegister(44)) - Successfully registered JMX Bean with object name Ratis:service=RaftServer,group=group-BE6E754FE2C5,id=57d6645c-693c-4338-9714-c1c857f07c71
2019-11-14 13:08:39,787 [pool-37-thread-1] WARN  impl.MetricRegistriesImpl (MetricRegistriesImpl.java:lambda$create$1(61)) - First MetricRegistry has been created without registering reporters. You may need to call MetricRegistries.global().addReportRegistration(...) before.
2019-11-14 13:08:39,793 [RatisPipelineUtilsThread] INFO  pipeline.PipelineStateManager (PipelineStateManager.java:addPipeline(55)) - Created pipeline Pipeline[ Id: 84caaf17-3c32-40dc-8977-be6e754fe2c5, Nodes: e3ed037e-9401-4141-8499-31a07caa9a11{ip: 192.168.34.5, host: pr-hdds-2461-6k78x-381033752, networkLocation: /default-rack, certSerialId: null}57d6645c-693c-4338-9714-c1c857f07c71{ip: 192.168.34.5, host: pr-hdds-2461-6k78x-381033752, networkLocation: /default-rack, certSerialId: null}41abd461-8d18-4f7d-bfbe-907604a0ba0e{ip: 192.168.34.5, host: pr-hdds-2461-6k78x-381033752, networkLocation: /default-rack, certSerialId: null}, Type:RATIS, Factor:THREE, State:ALLOCATED]
2019-11-14 13:08:39,795 [main] INFO  ozone.MiniOzoneClusterImpl (MiniOzoneClusterImpl.java:lambda$waitForClusterToBeReady$2(163)) - Waiting for 4 number of pipelines out of 4, to report a leader.
2019-11-14 13:08:40,795 [main] INFO  ozone.MiniOzoneClusterImpl (MiniOzoneClusterImpl.java:lambda$waitForClusterToBeReady$2(163)) - Waiting for 4 number of pipelines out of 4, to report a leader.
2019-11-14 13:08:41,796 [main] INFO  ozone.MiniOzoneClusterImpl (MiniOzoneClusterImpl.java:lambda$waitForClusterToBeReady$2(163)) - Waiting for 4 number of pipelines out of 4, to report a leader.
2019-11-14 13:08:41,834 [Thread-178] INFO  container.ReplicationManager (ReplicationManager.java:start(162)) - Starting Replication Monitor Thread.
2019-11-14 13:08:41,837 [Thread-178] INFO  pipeline.SCMPipelineManager (SCMPipelineManager.java:finalizeAndDestroyPipeline(315)) - destroying pipeline:Pipeline[ Id: 84caaf17-3c32-40dc-8977-be6e754fe2c5, Nodes: e3ed037e-9401-4141-8499-31a07caa9a11{ip: 192.168.34.5, host: pr-hdds-2461-6k78x-381033752, networkLocation: /default-rack, certSerialId: null}57d6645c-693c-4338-9714-c1c857f07c71{ip: 192.168.34.5, host: pr-hdds-2461-6k78x-381033752, networkLocation: /default-rack, certSerialId: null}41abd461-8d18-4f7d-bfbe-907604a0ba0e{ip: 192.168.34.5, host: pr-hdds-2461-6k78x-381033752, networkLocation: /default-rack, certSerialId: null}, Type:RATIS, Factor:THREE, State:ALLOCATED]
2019-11-14 13:08:41,837 [ReplicationMonitor] INFO  container.ReplicationManager (ReplicationManager.java:run(225)) - Replication Monitor Thread took 1 milliseconds for processing 0 containers.
2019-11-14 13:08:41,838 [Thread-178] INFO  pipeline.PipelineStateManager (PipelineStateManager.java:finalizePipeline(121)) - Pipeline Pipeline[ Id: 84caaf17-3c32-40dc-8977-be6e754fe2c5, Nodes: e3ed037e-9401-4141-8499-31a07caa9a11{ip: 192.168.34.5, host: pr-hdds-2461-6k78x-381033752, networkLocation: /default-rack, certSerialId: null}57d6645c-693c-4338-9714-c1c857f07c71{ip: 192.168.34.5, host: pr-hdds-2461-6k78x-381033752, networkLocation: /default-rack, certSerialId: null}41abd461-8d18-4f7d-bfbe-907604a0ba0e{ip: 192.168.34.5, host: pr-hdds-2461-6k78x-381033752, networkLocation: /default-rack, certSerialId: null}, Type:RATIS, Factor:THREE, State:CLOSED] moved to CLOSED state
2019-11-14 13:08:41,864 [grpc-default-executor-1] INFO  impl.RaftServerProxy (RaftServerProxy.java:remove(95)) - e3ed037e-9401-4141-8499-31a07caa9a11: remove  FOLLOWER e3ed037e-9401-4141-8499-31a07caa9a11@group-BE6E754FE2C5:t0, leader=null, voted=null, raftlog=e3ed037e-9401-4141-8499-31a07caa9a11@group-BE6E754FE2C5-SegmentedRaftLog:OPENED:c-1,f-1,i0, conf=-1: [41abd461-8d18-4f7d-bfbe-907604a0ba0e:192.168.34.5:37749, 57d6645c-693c-4338-9714-c1c857f07c71:192.168.34.5:40784, e3ed037e-9401-4141-8499-31a07caa9a11:192.168.34.5:37318], old=null RUNNING
2019-11-14 13:08:41,867 [grpc-default-executor-1] INFO  impl.RaftServerImpl (RaftServerImpl.java:lambda$shutdown$3(250)) - e3ed037e-9401-4141-8499-31a07caa9a11@group-BE6E754FE2C5: shutdown
2019-11-14 13:08:41,867 [grpc-default-executor-1] INFO  util.JmxRegister (JmxRegister.java:unregister(73)) - Successfully un-registered JMX Bean with object name Ratis:service=RaftServer,group=group-BE6E754FE2C5,id=e3ed037e-9401-4141-8499-31a07caa9a11
2019-11-14 13:08:41,867 [grpc-default-executor-1] INFO  impl.RoleInfo (RoleInfo.java:shutdownFollowerState(121)) - e3ed037e-9401-4141-8499-31a07caa9a11: shutdown FollowerState
2019-11-14 13:08:41,867 [Thread-190] INFO  impl.FollowerState (FollowerState.java:run(120)) - e3ed037e-9401-4141-8499-31a07caa9a11@group-BE6E754FE2C5-FollowerState was interrupted: java.lang.InterruptedException: sleep interrupted
2019-11-14 13:08:41,867 [grpc-default-executor-1] INFO  impl.StateMachineUpdater (StateMachineUpdater.java:stopAndJoin(136)) - e3ed037e-9401-4141-8499-31a07caa9a11@group-BE6E754FE2C5-StateMachineUpdater: set stopIndex = -1
2019-11-14 13:08:41,870 [grpc-default-executor-1] INFO  impl.RaftServerImpl (ServerState.java:close(387)) - e3ed037e-9401-4141-8499-31a07caa9a11@group-BE6E754FE2C5: closes. applyIndex: -1
2019-11-14 13:08:41,874 [e3ed037e-9401-4141-8499-31a07caa9a11@group-BE6E754FE2C5-SegmentedRaftLogWorker] INFO  segmented.SegmentedRaftLogWorker (SegmentedRaftLogWorker.java:run(316)) - e3ed037e-9401-4141-8499-31a07caa9a11@group-BE6E754FE2C5-SegmentedRaftLogWorker was interrupted, exiting. There are 0 tasks remaining in the queue.
2019-11-14 13:08:41,876 [grpc-default-executor-1] INFO  segmented.SegmentedRaftLogWorker (SegmentedRaftLogWorker.java:close(224)) - e3ed037e-9401-4141-8499-31a07caa9a11@group-BE6E754FE2C5-SegmentedRaftLogWorker close()
2019-11-14 13:08:41,898 [grpc-default-executor-1] INFO  impl.RaftServerProxy (RaftServerProxy.java:remove(95)) - 57d6645c-693c-4338-9714-c1c857f07c71: remove  FOLLOWER 57d6645c-693c-4338-9714-c1c857f07c71@group-BE6E754FE2C5:t0, leader=null, voted=null, raftlog=57d6645c-693c-4338-9714-c1c857f07c71@group-BE6E754FE2C5-SegmentedRaftLog:OPENED:c-1,f-1,i0, conf=-1: [41abd461-8d18-4f7d-bfbe-907604a0ba0e:192.168.34.5:37749, 57d6645c-693c-4338-9714-c1c857f07c71:192.168.34.5:40784, e3ed037e-9401-4141-8499-31a07caa9a11:192.168.34.5:37318], old=null RUNNING
2019-11-14 13:08:41,899 [grpc-default-executor-1] INFO  impl.RaftServerImpl (RaftServerImpl.java:lambda$shutdown$3(250)) - 57d6645c-693c-4338-9714-c1c857f07c71@group-BE6E754FE2C5: shutdown
2019-11-14 13:08:41,899 [grpc-default-executor-1] INFO  util.JmxRegister (JmxRegister.java:unregister(73)) - Successfully un-registered JMX Bean with object name Ratis:service=RaftServer,group=group-BE6E754FE2C5,id=57d6645c-693c-4338-9714-c1c857f07c71
2019-11-14 13:08:41,899 [grpc-default-executor-1] INFO  impl.RoleInfo (RoleInfo.java:shutdownFollowerState(121)) - 57d6645c-693c-4338-9714-c1c857f07c71: shutdown FollowerState
2019-11-14 13:08:41,899 [grpc-default-executor-1] INFO  impl.StateMachineUpdater (StateMachineUpdater.java:stopAndJoin(136)) - 57d6645c-693c-4338-9714-c1c857f07c71@group-BE6E754FE2C5-StateMachineUpdater: set stopIndex = -1
2019-11-14 13:08:41,899 [Thread-195] INFO  impl.FollowerState (FollowerState.java:run(120)) - 57d6645c-693c-4338-9714-c1c857f07c71@group-BE6E754FE2C5-FollowerState was interrupted: java.lang.InterruptedException: sleep interrupted
2019-11-14 13:08:41,901 [grpc-default-executor-1] INFO  impl.RaftServerImpl (ServerState.java:close(387)) - 57d6645c-693c-4338-9714-c1c857f07c71@group-BE6E754FE2C5: closes. applyIndex: -1
2019-11-14 13:08:41,902 [57d6645c-693c-4338-9714-c1c857f07c71@group-BE6E754FE2C5-SegmentedRaftLogWorker] INFO  segmented.SegmentedRaftLogWorker (SegmentedRaftLogWorker.java:run(316)) - 57d6645c-693c-4338-9714-c1c857f07c71@group-BE6E754FE2C5-SegmentedRaftLogWorker was interrupted, exiting. There are 0 tasks remaining in the queue.
2019-11-14 13:08:41,902 [grpc-default-executor-1] INFO  segmented.SegmentedRaftLogWorker (SegmentedRaftLogWorker.java:close(224)) - 57d6645c-693c-4338-9714-c1c857f07c71@group-BE6E754FE2C5-SegmentedRaftLogWorker close()
2019-11-14 13:08:41,918 [grpc-default-executor-1] INFO  impl.RaftServerProxy (RaftServerProxy.java:remove(95)) - 41abd461-8d18-4f7d-bfbe-907604a0ba0e: remove  FOLLOWER 41abd461-8d18-4f7d-bfbe-907604a0ba0e@group-BE6E754FE2C5:t0, leader=null, voted=null, raftlog=41abd461-8d18-4f7d-bfbe-907604a0ba0e@group-BE6E754FE2C5-SegmentedRaftLog:OPENED:c-1,f-1,i0, conf=-1: [41abd461-8d18-4f7d-bfbe-907604a0ba0e:192.168.34.5:37749, 57d6645c-693c-4338-9714-c1c857f07c71:192.168.34.5:40784, e3ed037e-9401-4141-8499-31a07caa9a11:192.168.34.5:37318], old=null RUNNING
2019-11-14 13:08:41,919 [grpc-default-executor-1] INFO  impl.RaftServerImpl (RaftServerImpl.java:lambda$shutdown$3(250)) - 41abd461-8d18-4f7d-bfbe-907604a0ba0e@group-BE6E754FE2C5: shutdown
2019-11-14 13:08:41,919 [grpc-default-executor-1] INFO  util.JmxRegister (JmxRegister.java:unregister(73)) - Successfully un-registered JMX Bean with object name Ratis:service=RaftServer,group=group-BE6E754FE2C5,id=41abd461-8d18-4f7d-bfbe-907604a0ba0e
2019-11-14 13:08:41,919 [grpc-default-executor-1] INFO  impl.RoleInfo (RoleInfo.java:shutdownFollowerState(121)) - 41abd461-8d18-4f7d-bfbe-907604a0ba0e: shutdown FollowerState
2019-11-14 13:08:41,919 [grpc-default-executor-1] INFO  impl.StateMachineUpdater (StateMachineUpdater.java:stopAndJoin(136)) - 41abd461-8d18-4f7d-bfbe-907604a0ba0e@group-BE6E754FE2C5-StateMachineUpdater: set stopIndex = -1
2019-11-14 13:08:41,919 [Thread-191] INFO  impl.FollowerState (FollowerState.java:run(120)) - 41abd461-8d18-4f7d-bfbe-907604a0ba0e@group-BE6E754FE2C5-FollowerState was interrupted: java.lang.InterruptedException: sleep interrupted
2019-11-14 13:08:41,921 [grpc-default-executor-1] INFO  impl.RaftServerImpl (ServerState.java:close(387)) - 41abd461-8d18-4f7d-bfbe-907604a0ba0e@group-BE6E754FE2C5: closes. applyIndex: -1
2019-11-14 13:08:41,921 [41abd461-8d18-4f7d-bfbe-907604a0ba0e@group-BE6E754FE2C5-SegmentedRaftLogWorker] INFO  segmented.SegmentedRaftLogWorker (SegmentedRaftLogWorker.java:run(316)) - 41abd461-8d18-4f7d-bfbe-907604a0ba0e@group-BE6E754FE2C5-SegmentedRaftLogWorker was interrupted, exiting. There are 0 tasks remaining in the queue.
2019-11-14 13:08:41,922 [grpc-default-executor-1] INFO  segmented.SegmentedRaftLogWorker (SegmentedRaftLogWorker.java:close(224)) - 41abd461-8d18-4f7d-bfbe-907604a0ba0e@group-BE6E754FE2C5-SegmentedRaftLogWorker close()
2019-11-14 13:08:41,930 [Thread-178] INFO  pipeline.PipelineStateManager (PipelineStateManager.java:removePipeline(106)) - Pipeline Pipeline[ Id: 84caaf17-3c32-40dc-8977-be6e754fe2c5, Nodes: e3ed037e-9401-4141-8499-31a07caa9a11{ip: 192.168.34.5, host: pr-hdds-2461-6k78x-381033752, networkLocation: /default-rack, certSerialId: null}57d6645c-693c-4338-9714-c1c857f07c71{ip: 192.168.34.5, host: pr-hdds-2461-6k78x-381033752, networkLocation: /default-rack, certSerialId: null}41abd461-8d18-4f7d-bfbe-907604a0ba0e{ip: 192.168.34.5, host: pr-hdds-2461-6k78x-381033752, networkLocation: /default-rack, certSerialId: null}, Type:RATIS, Factor:THREE, State:CLOSED] removed from db
2019-11-14 13:08:41,931 [Thread-178] INFO  pipeline.SCMPipelineManager (SCMPipelineManager.java:finalizeAndDestroyPipeline(315)) - destroying pipeline:Pipeline[ Id: e520daba-5bbe-4ee1-a725-6d1aff2c72d5, Nodes: 57d6645c-693c-4338-9714-c1c857f07c71{ip: 192.168.34.5, host: pr-hdds-2461-6k78x-381033752, networkLocation: /default-rack, certSerialId: null}, Type:RATIS, Factor:ONE, State:ALLOCATED]
2019-11-14 13:08:41,947 [grpc-default-executor-2] INFO  impl.RaftServerProxy (RaftServerProxy.java:addNew(89)) - 57d6645c-693c-4338-9714-c1c857f07c71: addNew group-818EEA577C3F:[41abd461-8d18-4f7d-bfbe-907604a0ba0e:192.168.34.5:37749, 57d6645c-693c-4338-9714-c1c857f07c71:192.168.34.5:40784, e3ed037e-9401-4141-8499-31a07caa9a11:192.168.34.5:37318] returns group-818EEA577C3F:java.util.concurrent.CompletableFuture@7e9a354a[Not completed]
2019-11-14 13:08:41,948 [grpc-default-executor-0] INFO  impl.RaftServerProxy (RaftServerProxy.java:addNew(89)) - 41abd461-8d18-4f7d-bfbe-907604a0ba0e: addNew group-818EEA577C3F:[41abd461-8d18-4f7d-bfbe-907604a0ba0e:192.168.34.5:37749, 57d6645c-693c-4338-9714-c1c857f07c71:192.168.34.5:40784, e3ed037e-9401-4141-8499-31a07caa9a11:192.168.34.5:37318] returns group-818EEA577C3F:java.util.concurrent.CompletableFuture@58bd5e74[Not completed]
2019-11-14 13:08:41,948 [grpc-default-executor-1] INFO  impl.RaftServerProxy (RaftServerProxy.java:addNew(89)) - e3ed037e-9401-4141-8499-31a07caa9a11: addNew group-818EEA577C3F:[41abd461-8d18-4f7d-bfbe-907604a0ba0e:192.168.34.5:37749, 57d6645c-693c-4338-9714-c1c857f07c71:192.168.34.5:40784, e3ed037e-9401-4141-8499-31a07caa9a11:192.168.34.5:37318] returns group-818EEA577C3F:java.util.concurrent.CompletableFuture@180b3365[Not completed]
2019-11-14 13:08:41,950 [pool-47-thread-1] INFO  impl.RaftServerImpl (RaftServerImpl.java:<init>(98)) - 41abd461-8d18-4f7d-bfbe-907604a0ba0e: new RaftServerImpl for group-818EEA577C3F:[41abd461-8d18-4f7d-bfbe-907604a0ba0e:192.168.34.5:37749, 57d6645c-693c-4338-9714-c1c857f07c71:192.168.34.5:40784, e3ed037e-9401-4141-8499-31a07caa9a11:192.168.34.5:37318] with ContainerStateMachine:uninitialized
2019-11-14 13:08:41,950 [pool-47-thread-1] INFO  server.RaftServerConfigKeys (ConfUtils.java:logGet(43)) - raft.server.rpc.timeout.min = 5s (custom)
2019-11-14 13:08:41,950 [pool-47-thread-1] INFO  server.RaftServerConfigKeys (ConfUtils.java:logGet(43)) - raft.server.rpc.timeout.max = 5200ms (custom)
2019-11-14 13:08:41,950 [pool-47-thread-1] INFO  server.RaftServerConfigKeys (ConfUtils.java:logGet(43)) - raft.server.rpcslowness.timeout = 120s (custom)
2019-11-14 13:08:41,950 [pool-47-thread-1] INFO  server.RaftServerConfigKeys (ConfUtils.java:logGet(43)) - raft.server.sleep.deviation.threshold = 300 (default)
2019-11-14 13:08:41,950 [pool-47-thread-1] INFO  server.RaftServerConfigKeys (ConfUtils.java:logGet(43)) - raft.server.log.appender.install.snapshot.enabled = false (custom)
2019-11-14 13:08:41,951 [pool-47-thread-1] INFO  impl.RaftServerImpl (ServerState.java:<init>(103)) - 41abd461-8d18-4f7d-bfbe-907604a0ba0e@group-818EEA577C3F: ConfigurationManager, init=-1: [41abd461-8d18-4f7d-bfbe-907604a0ba0e:192.168.34.5:37749, 57d6645c-693c-4338-9714-c1c857f07c71:192.168.34.5:40784, e3ed037e-9401-4141-8499-31a07caa9a11:192.168.34.5:37318], old=null, confs=<EMPTY_MAP>
2019-11-14 13:08:41,951 [pool-47-thread-1] INFO  server.RaftServerConfigKeys (ConfUtils.java:logGet(43)) - raft.server.storage.dir = [/workdir/hadoop-ozone/tools/target/test-dir/MiniOzoneClusterImpl-076fafb8-a8c6-48f2-8837-5b892c7bda8a/datanode-2/data/ratis] (custom)
2019-11-14 13:08:41,951 [pool-37-thread-1] INFO  impl.RaftServerImpl (RaftServerImpl.java:<init>(98)) - 57d6645c-693c-4338-9714-c1c857f07c71: new RaftServerImpl for group-818EEA577C3F:[41abd461-8d18-4f7d-bfbe-907604a0ba0e:192.168.34.5:37749, 57d6645c-693c-4338-9714-c1c857f07c71:192.168.34.5:40784, e3ed037e-9401-4141-8499-31a07caa9a11:192.168.34.5:37318] with ContainerStateMachine:uninitialized
2019-11-14 13:08:41,951 [pool-47-thread-1] INFO  server.RaftServerConfigKeys (ConfUtils.java:logGet(43)) - raft.server.log.corruption.policy = EXCEPTION (default)
2019-11-14 13:08:41,951 [pool-37-thread-1] INFO  server.RaftServerConfigKeys (ConfUtils.java:logGet(43)) - raft.server.rpc.timeout.min = 5s (custom)
2019-11-14 13:08:41,951 [pool-47-thread-1] INFO  storage.RaftStorageDirectory (RaftStorageDirectory.java:analyzeStorage(246)) - The storage directory /workdir/hadoop-ozone/tools/target/test-dir/MiniOzoneClusterImpl-076fafb8-a8c6-48f2-8837-5b892c7bda8a/datanode-2/data/ratis/635fb509-5743-424e-a2ff-818eea577c3f does not exist. Creating ...
2019-11-14 13:08:41,951 [pool-37-thread-1] INFO  server.RaftServerConfigKeys (ConfUtils.java:logGet(43)) - raft.server.rpc.timeout.max = 5200ms (custom)
2019-11-14 13:08:41,951 [pool-37-thread-1] INFO  server.RaftServerConfigKeys (ConfUtils.java:logGet(43)) - raft.server.rpcslowness.timeout = 120s (custom)
2019-11-14 13:08:41,952 [pool-37-thread-1] INFO  server.RaftServerConfigKeys (ConfUtils.java:logGet(43)) - raft.server.sleep.deviation.threshold = 300 (default)
2019-11-14 13:08:41,952 [pool-27-thread-1] INFO  impl.RaftServerImpl (RaftServerImpl.java:<init>(98)) - e3ed037e-9401-4141-8499-31a07caa9a11: new RaftServerImpl for group-818EEA577C3F:[41abd461-8d18-4f7d-bfbe-907604a0ba0e:192.168.34.5:37749, 57d6645c-693c-4338-9714-c1c857f07c71:192.168.34.5:40784, e3ed037e-9401-4141-8499-31a07caa9a11:192.168.34.5:37318] with ContainerStateMachine:uninitialized
2019-11-14 13:08:41,952 [pool-37-thread-1] INFO  server.RaftServerConfigKeys (ConfUtils.java:logGet(43)) - raft.server.log.appender.install.snapshot.enabled = false (custom)
2019-11-14 13:08:41,952 [pool-27-thread-1] INFO  server.RaftServerConfigKeys (ConfUtils.java:logGet(43)) - raft.server.rpc.timeout.min = 5s (custom)
2019-11-14 13:08:41,952 [pool-37-thread-1] INFO  impl.RaftServerImpl (ServerState.java:<init>(103)) - 57d6645c-693c-4338-9714-c1c857f07c71@group-818EEA577C3F: ConfigurationManager, init=-1: [41abd461-8d18-4f7d-bfbe-907604a0ba0e:192.168.34.5:37749, 57d6645c-693c-4338-9714-c1c857f07c71:192.168.34.5:40784, e3ed037e-9401-4141-8499-31a07caa9a11:192.168.34.5:37318], old=null, confs=<EMPTY_MAP>
2019-11-14 13:08:41,952 [pool-27-thread-1] INFO  server.RaftServerConfigKeys (ConfUtils.java:logGet(43)) - raft.server.rpc.timeout.max = 5200ms (custom)
2019-11-14 13:08:41,952 [pool-27-thread-1] INFO  server.RaftServerConfigKeys (ConfUtils.java:logGet(43)) - raft.server.rpcslowness.timeout = 120s (custom)
2019-11-14 13:08:41,952 [pool-37-thread-1] INFO  server.RaftServerConfigKeys (ConfUtils.java:logGet(43)) - raft.server.storage.dir = [/workdir/hadoop-ozone/tools/target/test-dir/MiniOzoneClusterImpl-076fafb8-a8c6-48f2-8837-5b892c7bda8a/datanode-1/data/ratis] (custom)
2019-11-14 13:08:41,952 [pool-27-thread-1] INFO  server.RaftServerConfigKeys (ConfUtils.java:logGet(43)) - raft.server.sleep.deviation.threshold = 300 (default)
2019-11-14 13:08:41,953 [pool-27-thread-1] INFO  server.RaftServerConfigKeys (ConfUtils.java:logGet(43)) - raft.server.log.appender.install.snapshot.enabled = false (custom)
2019-11-14 13:08:41,953 [pool-37-thread-1] INFO  server.RaftServerConfigKeys (ConfUtils.java:logGet(43)) - raft.server.log.corruption.policy = EXCEPTION (default)
2019-11-14 13:08:41,953 [pool-27-thread-1] INFO  impl.RaftServerImpl (ServerState.java:<init>(103)) - e3ed037e-9401-4141-8499-31a07caa9a11@group-818EEA577C3F: ConfigurationManager, init=-1: [41abd461-8d18-4f7d-bfbe-907604a0ba0e:192.168.34.5:37749, 57d6645c-693c-4338-9714-c1c857f07c71:192.168.34.5:40784, e3ed037e-9401-4141-8499-31a07caa9a11:192.168.34.5:37318], old=null, confs=<EMPTY_MAP>
2019-11-14 13:08:41,953 [pool-37-thread-1] INFO  storage.RaftStorageDirectory (RaftStorageDirectory.java:analyzeStorage(246)) - The storage directory /workdir/hadoop-ozone/tools/target/test-dir/MiniOzoneClusterImpl-076fafb8-a8c6-48f2-8837-5b892c7bda8a/datanode-1/data/ratis/635fb509-5743-424e-a2ff-818eea577c3f does not exist. Creating ...
2019-11-14 13:08:41,953 [pool-27-thread-1] INFO  server.RaftServerConfigKeys (ConfUtils.java:logGet(43)) - raft.server.storage.dir = [/workdir/hadoop-ozone/tools/target/test-dir/MiniOzoneClusterImpl-076fafb8-a8c6-48f2-8837-5b892c7bda8a/datanode-0/data/ratis] (custom)
2019-11-14 13:08:41,953 [pool-27-thread-1] INFO  server.RaftServerConfigKeys (ConfUtils.java:logGet(43)) - raft.server.log.corruption.policy = EXCEPTION (default)
2019-11-14 13:08:41,954 [pool-27-thread-1] INFO  storage.RaftStorageDirectory (RaftStorageDirectory.java:analyzeStorage(246)) - The storage directory /workdir/hadoop-ozone/tools/target/test-dir/MiniOzoneClusterImpl-076fafb8-a8c6-48f2-8837-5b892c7bda8a/datanode-0/data/ratis/635fb509-5743-424e-a2ff-818eea577c3f does not exist. Creating ...
2019-11-14 13:08:41,977 [pool-37-thread-1] INFO  storage.RaftStorageDirectory (RaftStorageDirectory.java:tryLock(328)) - Lock on /workdir/hadoop-ozone/tools/target/test-dir/MiniOzoneClusterImpl-076fafb8-a8c6-48f2-8837-5b892c7bda8a/datanode-1/data/ratis/635fb509-5743-424e-a2ff-818eea577c3f/in_use.lock acquired by nodename 7001@pr-hdds-2461-6k78x-381033752
2019-11-14 13:08:41,977 [pool-27-thread-1] INFO  storage.RaftStorageDirectory (RaftStorageDirectory.java:tryLock(328)) - Lock on /workdir/hadoop-ozone/tools/target/test-dir/MiniOzoneClusterImpl-076fafb8-a8c6-48f2-8837-5b892c7bda8a/datanode-0/data/ratis/635fb509-5743-424e-a2ff-818eea577c3f/in_use.lock acquired by nodename 7001@pr-hdds-2461-6k78x-381033752
2019-11-14 13:08:41,977 [pool-47-thread-1] INFO  storage.RaftStorageDirectory (RaftStorageDirectory.java:tryLock(328)) - Lock on /workdir/hadoop-ozone/tools/target/test-dir/MiniOzoneClusterImpl-076fafb8-a8c6-48f2-8837-5b892c7bda8a/datanode-2/data/ratis/635fb509-5743-424e-a2ff-818eea577c3f/in_use.lock acquired by nodename 7001@pr-hdds-2461-6k78x-381033752
2019-11-14 13:08:42,002 [pool-47-thread-1] INFO  storage.RaftStorage (RaftStorage.java:format(84)) - Storage directory /workdir/hadoop-ozone/tools/target/test-dir/MiniOzoneClusterImpl-076fafb8-a8c6-48f2-8837-5b892c7bda8a/datanode-2/data/ratis/635fb509-5743-424e-a2ff-818eea577c3f has been successfully formatted.
2019-11-14 13:08:42,002 [pool-37-thread-1] INFO  storage.RaftStorage (RaftStorage.java:format(84)) - Storage directory /workdir/hadoop-ozone/tools/target/test-dir/MiniOzoneClusterImpl-076fafb8-a8c6-48f2-8837-5b892c7bda8a/datanode-1/data/ratis/635fb509-5743-424e-a2ff-818eea577c3f has been successfully formatted.
2019-11-14 13:08:42,002 [pool-27-thread-1] INFO  storage.RaftStorage (RaftStorage.java:format(84)) - Storage directory /workdir/hadoop-ozone/tools/target/test-dir/MiniOzoneClusterImpl-076fafb8-a8c6-48f2-8837-5b892c7bda8a/datanode-0/data/ratis/635fb509-5743-424e-a2ff-818eea577c3f has been successfully formatted.
2019-11-14 13:08:42,003 [pool-47-thread-1] INFO  ratis.ContainerStateMachine (ContainerStateMachine.java:loadSnapshot(223)) - group-818EEA577C3F: The snapshot info is null. Setting the last applied indexto:(t:0, i:~)
2019-11-14 13:08:42,003 [pool-37-thread-1] INFO  ratis.ContainerStateMachine (ContainerStateMachine.java:loadSnapshot(223)) - group-818EEA577C3F: The snapshot info is null. Setting the last applied indexto:(t:0, i:~)
2019-11-14 13:08:42,003 [pool-27-thread-1] INFO  ratis.ContainerStateMachine (ContainerStateMachine.java:loadSnapshot(223)) - group-818EEA577C3F: The snapshot info is null. Setting the last applied indexto:(t:0, i:~)
2019-11-14 13:08:42,003 [pool-47-thread-1] INFO  server.RaftServerConfigKeys (ConfUtils.java:logGet(43)) - raft.server.notification.no-leader.timeout = 120s (custom)
2019-11-14 13:08:42,003 [pool-27-thread-1] INFO  server.RaftServerConfigKeys (ConfUtils.java:logGet(43)) - raft.server.notification.no-leader.timeout = 120s (custom)
2019-11-14 13:08:42,003 [pool-37-thread-1] INFO  server.RaftServerConfigKeys (ConfUtils.java:logGet(43)) - raft.server.notification.no-leader.timeout = 120s (custom)
2019-11-14 13:08:42,003 [pool-27-thread-1] INFO  server.RaftServerConfigKeys (ConfUtils.java:logGet(43)) - raft.server.log.use.memory = false (default)
2019-11-14 13:08:42,003 [pool-47-thread-1] INFO  server.RaftServerConfigKeys (ConfUtils.java:logGet(43)) - raft.server.log.use.memory = false (default)
2019-11-14 13:08:42,004 [pool-27-thread-1] INFO  server.RaftServerConfigKeys (ConfUtils.java:logGet(43)) - raft.server.log.purge.gap = 1000000 (custom)
2019-11-14 13:08:42,003 [pool-37-thread-1] INFO  server.RaftServerConfigKeys (ConfUtils.java:logGet(43)) - raft.server.log.use.memory = false (default)
2019-11-14 13:08:42,004 [pool-27-thread-1] INFO  server.RaftServerConfigKeys (ConfUtils.java:logGet(43)) - raft.server.log.appender.buffer.byte-limit = 33554432 (custom)
2019-11-14 13:08:42,004 [pool-47-thread-1] INFO  server.RaftServerConfigKeys (ConfUtils.java:logGet(43)) - raft.server.log.purge.gap = 1000000 (custom)
2019-11-14 13:08:42,004 [pool-27-thread-1] INFO  server.RaftServerConfigKeys (ConfUtils.java:logGet(43)) - raft.server.log.segment.size.max = 1048576 (custom)
2019-11-14 13:08:42,004 [pool-37-thread-1] INFO  server.RaftServerConfigKeys (ConfUtils.java:logGet(43)) - raft.server.log.purge.gap = 1000000 (custom)
2019-11-14 13:08:42,004 [pool-27-thread-1] INFO  server.RaftServerConfigKeys (ConfUtils.java:logGet(43)) - raft.server.log.segment.cache.num.max = 2 (custom)
2019-11-14 13:08:42,004 [pool-47-thread-1] INFO  server.RaftServerConfigKeys (ConfUtils.java:logGet(43)) - raft.server.log.appender.buffer.byte-limit = 33554432 (custom)
2019-11-14 13:08:42,005 [pool-27-thread-1] INFO  segmented.SegmentedRaftLogWorker (SegmentedRaftLogWorker.java:<init>(173)) - new e3ed037e-9401-4141-8499-31a07caa9a11@group-818EEA577C3F-SegmentedRaftLogWorker for RaftStorage:Storage Directory /workdir/hadoop-ozone/tools/target/test-dir/MiniOzoneClusterImpl-076fafb8-a8c6-48f2-8837-5b892c7bda8a/datanode-0/data/ratis/635fb509-5743-424e-a2ff-818eea577c3f
2019-11-14 13:08:42,005 [pool-37-thread-1] INFO  server.RaftServerConfigKeys (ConfUtils.java:logGet(43)) - raft.server.log.appender.buffer.byte-limit = 33554432 (custom)
2019-11-14 13:08:42,005 [pool-27-thread-1] INFO  server.RaftServerConfigKeys (ConfUtils.java:logGet(43)) - raft.server.log.queue.byte-limit = 2147483647 (custom)
2019-11-14 13:08:42,005 [pool-47-thread-1] INFO  server.RaftServerConfigKeys (ConfUtils.java:logGet(43)) - raft.server.log.segment.size.max = 1048576 (custom)
2019-11-14 13:08:42,005 [pool-27-thread-1] INFO  server.RaftServerConfigKeys (ConfUtils.java:logGet(43)) - raft.server.log.queue.element-limit = 1024 (custom)
2019-11-14 13:08:42,005 [pool-37-thread-1] INFO  server.RaftServerConfigKeys (ConfUtils.java:logGet(43)) - raft.server.log.segment.size.max = 1048576 (custom)
2019-11-14 13:08:42,005 [pool-27-thread-1] INFO  server.RaftServerConfigKeys (ConfUtils.java:logGet(43)) - raft.server.log.segment.size.max = 1048576 (custom)
2019-11-14 13:08:42,005 [pool-47-thread-1] INFO  server.RaftServerConfigKeys (ConfUtils.java:logGet(43)) - raft.server.log.segment.cache.num.max = 2 (custom)
2019-11-14 13:08:42,006 [pool-27-thread-1] INFO  server.RaftServerConfigKeys (ConfUtils.java:logGet(43)) - raft.server.log.preallocated.size = 16384 (custom)
2019-11-14 13:08:42,005 [pool-37-thread-1] INFO  server.RaftServerConfigKeys (ConfUtils.java:logGet(43)) - raft.server.log.segment.cache.num.max = 2 (custom)
2019-11-14 13:08:42,006 [pool-27-thread-1] INFO  server.RaftServerConfigKeys (ConfUtils.java:logGet(43)) - raft.server.log.write.buffer.size = 33554432 (custom)
2019-11-14 13:08:42,006 [pool-47-thread-1] INFO  segmented.SegmentedRaftLogWorker (SegmentedRaftLogWorker.java:<init>(173)) - new 41abd461-8d18-4f7d-bfbe-907604a0ba0e@group-818EEA577C3F-SegmentedRaftLogWorker for RaftStorage:Storage Directory /workdir/hadoop-ozone/tools/target/test-dir/MiniOzoneClusterImpl-076fafb8-a8c6-48f2-8837-5b892c7bda8a/datanode-2/data/ratis/635fb509-5743-424e-a2ff-818eea577c3f
2019-11-14 13:08:42,006 [pool-27-thread-1] INFO  server.RaftServerConfigKeys (ConfUtils.java:logGet(43)) - raft.server.log.force.sync.num = 128 (default)
2019-11-14 13:08:42,006 [pool-37-thread-1] INFO  segmented.SegmentedRaftLogWorker (SegmentedRaftLogWorker.java:<init>(173)) - new 57d6645c-693c-4338-9714-c1c857f07c71@group-818EEA577C3F-SegmentedRaftLogWorker for RaftStorage:Storage Directory /workdir/hadoop-ozone/tools/target/test-dir/MiniOzoneClusterImpl-076fafb8-a8c6-48f2-8837-5b892c7bda8a/datanode-1/data/ratis/635fb509-5743-424e-a2ff-818eea577c3f
2019-11-14 13:08:42,006 [pool-27-thread-1] INFO  server.RaftServerConfigKeys (ConfUtils.java:logGet(43)) - raft.server.log.statemachine.data.sync = true (default)
2019-11-14 13:08:42,006 [pool-47-thread-1] INFO  server.RaftServerConfigKeys (ConfUtils.java:logGet(43)) - raft.server.log.queue.byte-limit = 2147483647 (custom)
2019-11-14 13:08:42,007 [pool-27-thread-1] INFO  server.RaftServerConfigKeys (ConfUtils.java:logGet(43)) - raft.server.log.statemachine.data.sync.timeout = 10s (default)
2019-11-14 13:08:42,007 [pool-37-thread-1] INFO  server.RaftServerConfigKeys (ConfUtils.java:logGet(43)) - raft.server.log.queue.byte-limit = 2147483647 (custom)
2019-11-14 13:08:42,007 [pool-27-thread-1] INFO  server.RaftServerConfigKeys (ConfUtils.java:logGet(43)) - raft.server.log.statemachine.data.sync.timeout.retry = -1 (default)
2019-11-14 13:08:42,007 [pool-47-thread-1] INFO  server.RaftServerConfigKeys (ConfUtils.java:logGet(43)) - raft.server.log.queue.element-limit = 1024 (custom)
2019-11-14 13:08:42,007 [pool-37-thread-1] INFO  server.RaftServerConfigKeys (ConfUtils.java:logGet(43)) - raft.server.log.queue.element-limit = 1024 (custom)
2019-11-14 13:08:42,007 [pool-47-thread-1] INFO  server.RaftServerConfigKeys (ConfUtils.java:logGet(43)) - raft.server.log.segment.size.max = 1048576 (custom)
2019-11-14 13:08:42,007 [pool-27-thread-1] INFO  server.RaftServerConfigKeys (ConfUtils.java:logGet(43)) - raft.server.log.statemachine.data.caching.enabled = true (custom)
2019-11-14 13:08:42,007 [pool-37-thread-1] INFO  server.RaftServerConfigKeys (ConfUtils.java:logGet(43)) - raft.server.log.segment.size.max = 1048576 (custom)
2019-11-14 13:08:42,008 [pool-47-thread-1] INFO  server.RaftServerConfigKeys (ConfUtils.java:logGet(43)) - raft.server.log.preallocated.size = 16384 (custom)
2019-11-14 13:08:42,008 [pool-37-thread-1] INFO  server.RaftServerConfigKeys (ConfUtils.java:logGet(43)) - raft.server.log.preallocated.size = 16384 (custom)
2019-11-14 13:08:42,008 [pool-27-thread-1] INFO  segmented.SegmentedRaftLogWorker (SegmentedRaftLogWorker.java:lambda$new$0(128)) - e3ed037e-9401-4141-8499-31a07caa9a11@group-818EEA577C3F-SegmentedRaftLogWorker: flushIndex: setUnconditionally 0 -> -1
2019-11-14 13:08:42,008 [pool-47-thread-1] INFO  server.RaftServerConfigKeys (ConfUtils.java:logGet(43)) - raft.server.log.write.buffer.size = 33554432 (custom)
2019-11-14 13:08:42,008 [pool-37-thread-1] INFO  server.RaftServerConfigKeys (ConfUtils.java:logGet(43)) - raft.server.log.write.buffer.size = 33554432 (custom)
2019-11-14 13:08:42,008 [pool-27-thread-1] INFO  server.RaftServerConfigKeys (ConfUtils.java:logGet(43)) - raft.server.snapshot.auto.trigger.enabled = true (custom)
2019-11-14 13:08:42,008 [pool-47-thread-1] INFO  server.RaftServerConfigKeys (ConfUtils.java:logGet(43)) - raft.server.log.force.sync.num = 128 (default)
2019-11-14 13:08:42,009 [pool-27-thread-1] INFO  server.RaftServerConfigKeys (ConfUtils.java:logGet(43)) - raft.server.snapshot.auto.trigger.threshold = 10000 (custom)
2019-11-14 13:08:42,008 [pool-37-thread-1] INFO  server.RaftServerConfigKeys (ConfUtils.java:logGet(43)) - raft.server.log.force.sync.num = 128 (default)
2019-11-14 13:08:42,009 [pool-27-thread-1] INFO  server.RaftServerConfigKeys (ConfUtils.java:logGet(43)) - raft.server.snapshot.retention.file.num = 5 (custom)
2019-11-14 13:08:42,009 [pool-47-thread-1] INFO  server.RaftServerConfigKeys (ConfUtils.java:logGet(43)) - raft.server.log.statemachine.data.sync = true (default)
2019-11-14 13:08:42,009 [pool-37-thread-1] INFO  server.RaftServerConfigKeys (ConfUtils.java:logGet(43)) - raft.server.log.statemachine.data.sync = true (default)
2019-11-14 13:08:42,009 [pool-47-thread-1] INFO  server.RaftServerConfigKeys (ConfUtils.java:logGet(43)) - raft.server.log.statemachine.data.sync.timeout = 10s (default)
2019-11-14 13:08:42,009 [pool-27-thread-1] INFO  server.RaftServerConfigKeys (ConfUtils.java:logGet(43)) - raft.server.retrycache.expirytime = 600000ms (custom)
2019-11-14 13:08:42,010 [pool-47-thread-1] INFO  server.RaftServerConfigKeys (ConfUtils.java:logGet(43)) - raft.server.log.statemachine.data.sync.timeout.retry = -1 (default)
2019-11-14 13:08:42,010 [pool-27-thread-1] WARN  impl.MetricRegistriesImpl (MetricRegistriesImpl.java:lambda$create$1(61)) - First MetricRegistry has been created without registering reporters. You may need to call MetricRegistries.global().addReportRegistration(...) before.
2019-11-14 13:08:42,010 [pool-47-thread-1] INFO  server.RaftServerConfigKeys (ConfUtils.java:logGet(43)) - raft.server.log.statemachine.data.caching.enabled = true (custom)
2019-11-14 13:08:42,009 [pool-37-thread-1] INFO  server.RaftServerConfigKeys (ConfUtils.java:logGet(43)) - raft.server.log.statemachine.data.sync.timeout = 10s (default)
2019-11-14 13:08:42,010 [pool-27-thread-1] WARN  impl.MetricRegistriesImpl (MetricRegistriesImpl.java:lambda$create$1(61)) - First MetricRegistry has been created without registering reporters. You may need to call MetricRegistries.global().addReportRegistration(...) before.
2019-11-14 13:08:42,010 [pool-47-thread-1] INFO  segmented.SegmentedRaftLogWorker (SegmentedRaftLogWorker.java:lambda$new$0(128)) - 41abd461-8d18-4f7d-bfbe-907604a0ba0e@group-818EEA577C3F-SegmentedRaftLogWorker: flushIndex: setUnconditionally 0 -> -1
2019-11-14 13:08:42,010 [pool-37-thread-1] INFO  server.RaftServerConfigKeys (ConfUtils.java:logGet(43)) - raft.server.log.statemachine.data.sync.timeout.retry = -1 (default)
2019-11-14 13:08:42,010 [pool-27-thread-1] INFO  impl.RaftServerImpl (RaftServerImpl.java:start(184)) - e3ed037e-9401-4141-8499-31a07caa9a11@group-818EEA577C3F: start as a follower, conf=-1: [41abd461-8d18-4f7d-bfbe-907604a0ba0e:192.168.34.5:37749, 57d6645c-693c-4338-9714-c1c857f07c71:192.168.34.5:40784, e3ed037e-9401-4141-8499-31a07caa9a11:192.168.34.5:37318], old=null
2019-11-14 13:08:42,010 [pool-47-thread-1] INFO  server.RaftServerConfigKeys (ConfUtils.java:logGet(43)) - raft.server.snapshot.auto.trigger.enabled = true (custom)
2019-11-14 13:08:42,011 [pool-37-thread-1] INFO  server.RaftServerConfigKeys (ConfUtils.java:logGet(43)) - raft.server.log.statemachine.data.caching.enabled = true (custom)
2019-11-14 13:08:42,011 [pool-27-thread-1] INFO  impl.RaftServerImpl (RaftServerImpl.java:setRole(173)) - e3ed037e-9401-4141-8499-31a07caa9a11@group-818EEA577C3F: changes role from      null to FOLLOWER at term 0 for startAsFollower
2019-11-14 13:08:42,011 [pool-47-thread-1] INFO  server.RaftServerConfigKeys (ConfUtils.java:logGet(43)) - raft.server.snapshot.auto.trigger.threshold = 10000 (custom)
2019-11-14 13:08:42,011 [pool-47-thread-1] INFO  server.RaftServerConfigKeys (ConfUtils.java:logGet(43)) - raft.server.snapshot.retention.file.num = 5 (custom)
2019-11-14 13:08:42,011 [pool-37-thread-1] INFO  segmented.SegmentedRaftLogWorker (SegmentedRaftLogWorker.java:lambda$new$0(128)) - 57d6645c-693c-4338-9714-c1c857f07c71@group-818EEA577C3F-SegmentedRaftLogWorker: flushIndex: setUnconditionally 0 -> -1
2019-11-14 13:08:42,011 [pool-47-thread-1] INFO  server.RaftServerConfigKeys (ConfUtils.java:logGet(43)) - raft.server.retrycache.expirytime = 600000ms (custom)
2019-11-14 13:08:42,011 [pool-27-thread-1] INFO  impl.RoleInfo (RoleInfo.java:updateAndGet(143)) - e3ed037e-9401-4141-8499-31a07caa9a11: start FollowerState
2019-11-14 13:08:42,012 [pool-37-thread-1] INFO  server.RaftServerConfigKeys (ConfUtils.java:logGet(43)) - raft.server.snapshot.auto.trigger.enabled = true (custom)
2019-11-14 13:08:42,011 [pool-47-thread-1] WARN  impl.MetricRegistriesImpl (MetricRegistriesImpl.java:lambda$create$1(61)) - First MetricRegistry has been created without registering reporters. You may need to call MetricRegistries.global().addReportRegistration(...) before.
2019-11-14 13:08:42,012 [pool-37-thread-1] INFO  server.RaftServerConfigKeys (ConfUtils.java:logGet(43)) - raft.server.snapshot.auto.trigger.threshold = 10000 (custom)
2019-11-14 13:08:42,012 [pool-47-thread-1] WARN  impl.MetricRegistriesImpl (MetricRegistriesImpl.java:lambda$create$1(61)) - First MetricRegistry has been created without registering reporters. You may need to call MetricRegistries.global().addReportRegistration(...) before.
2019-11-14 13:08:42,012 [pool-27-thread-1] INFO  util.JmxRegister (JmxRegister.java:tryRegister(44)) - Successfully registered JMX Bean with object name Ratis:service=RaftServer,group=group-818EEA577C3F,id=e3ed037e-9401-4141-8499-31a07caa9a11
2019-11-14 13:08:42,012 [pool-37-thread-1] INFO  server.RaftServerConfigKeys (ConfUtils.java:logGet(43)) - raft.server.snapshot.retention.file.num = 5 (custom)
2019-11-14 13:08:42,012 [pool-47-thread-1] INFO  impl.RaftServerImpl (RaftServerImpl.java:start(184)) - 41abd461-8d18-4f7d-bfbe-907604a0ba0e@group-818EEA577C3F: start as a follower, conf=-1: [41abd461-8d18-4f7d-bfbe-907604a0ba0e:192.168.34.5:37749, 57d6645c-693c-4338-9714-c1c857f07c71:192.168.34.5:40784, e3ed037e-9401-4141-8499-31a07caa9a11:192.168.34.5:37318], old=null
2019-11-14 13:08:42,012 [pool-27-thread-1] WARN  impl.MetricRegistriesImpl (MetricRegistriesImpl.java:lambda$create$1(61)) - First MetricRegistry has been created without registering reporters. You may need to call MetricRegistries.global().addReportRegistration(...) before.
2019-11-14 13:08:42,013 [pool-47-thread-1] INFO  impl.RaftServerImpl (RaftServerImpl.java:setRole(173)) - 41abd461-8d18-4f7d-bfbe-907604a0ba0e@group-818EEA577C3F: changes role from      null to FOLLOWER at term 0 for startAsFollower
2019-11-14 13:08:42,013 [pool-37-thread-1] INFO  server.RaftServerConfigKeys (ConfUtils.java:logGet(43)) - raft.server.retrycache.expirytime = 600000ms (custom)
2019-11-14 13:08:42,013 [pool-47-thread-1] INFO  impl.RoleInfo (RoleInfo.java:updateAndGet(143)) - 41abd461-8d18-4f7d-bfbe-907604a0ba0e: start FollowerState
2019-11-14 13:08:42,013 [pool-37-thread-1] WARN  impl.MetricRegistriesImpl (MetricRegistriesImpl.java:lambda$create$1(61)) - First MetricRegistry has been created without registering reporters. You may need to call MetricRegistries.global().addReportRegistration(...) before.
2019-11-14 13:08:42,013 [pool-37-thread-1] WARN  impl.MetricRegistriesImpl (MetricRegistriesImpl.java:lambda$create$1(61)) - First MetricRegistry has been created without registering reporters. You may need to call MetricRegistries.global().addReportRegistration(...) before.
2019-11-14 13:08:42,013 [pool-47-thread-1] INFO  util.JmxRegister (JmxRegister.java:tryRegister(44)) - Successfully registered JMX Bean with object name Ratis:service=RaftServer,group=group-818EEA577C3F,id=41abd461-8d18-4f7d-bfbe-907604a0ba0e
2019-11-14 13:08:42,014 [pool-47-thread-1] WARN  impl.MetricRegistriesImpl (MetricRegistriesImpl.java:lambda$create$1(61)) - First MetricRegistry has been created without registering reporters. You may need to call MetricRegistries.global().addReportRegistration(...) before.
2019-11-14 13:08:42,014 [pool-37-thread-1] INFO  impl.RaftServerImpl (RaftServerImpl.java:start(184)) - 57d6645c-693c-4338-9714-c1c857f07c71@group-818EEA577C3F: start as a follower, conf=-1: [41abd461-8d18-4f7d-bfbe-907604a0ba0e:192.168.34.5:37749, 57d6645c-693c-4338-9714-c1c857f07c71:192.168.34.5:40784, e3ed037e-9401-4141-8499-31a07caa9a11:192.168.34.5:37318], old=null
2019-11-14 13:08:42,014 [pool-37-thread-1] INFO  impl.RaftServerImpl (RaftServerImpl.java:setRole(173)) - 57d6645c-693c-4338-9714-c1c857f07c71@group-818EEA577C3F: changes role from      null to FOLLOWER at term 0 for startAsFollower
2019-11-14 13:08:42,014 [pool-37-thread-1] INFO  impl.RoleInfo (RoleInfo.java:updateAndGet(143)) - 57d6645c-693c-4338-9714-c1c857f07c71: start FollowerState
2019-11-14 13:08:42,015 [pool-37-thread-1] INFO  util.JmxRegister (JmxRegister.java:tryRegister(44)) - Successfully registered JMX Bean with object name Ratis:service=RaftServer,group=group-818EEA577C3F,id=57d6645c-693c-4338-9714-c1c857f07c71
2019-11-14 13:08:42,015 [pool-37-thread-1] WARN  impl.MetricRegistriesImpl (MetricRegistriesImpl.java:lambda$create$1(61)) - First MetricRegistry has been created without registering reporters. You may need to call MetricRegistries.global().addReportRegistration(...) before.
2019-11-14 13:08:42,028 [RatisPipelineUtilsThread] INFO  pipeline.PipelineStateManager (PipelineStateManager.java:addPipeline(55)) - Created pipeline Pipeline[ Id: 635fb509-5743-424e-a2ff-818eea577c3f, Nodes: e3ed037e-9401-4141-8499-31a07caa9a11{ip: 192.168.34.5, host: pr-hdds-2461-6k78x-381033752, networkLocation: /default-rack, certSerialId: null}57d6645c-693c-4338-9714-c1c857f07c71{ip: 192.168.34.5, host: pr-hdds-2461-6k78x-381033752, networkLocation: /default-rack, certSerialId: null}41abd461-8d18-4f7d-bfbe-907604a0ba0e{ip: 192.168.34.5, host: pr-hdds-2461-6k78x-381033752, networkLocation: /default-rack, certSerialId: null}, Type:RATIS, Factor:THREE, State:ALLOCATED]
2019-11-14 13:08:42,028 [Thread-178] INFO  pipeline.PipelineStateManager (PipelineStateManager.java:finalizePipeline(121)) - Pipeline Pipeline[ Id: e520daba-5bbe-4ee1-a725-6d1aff2c72d5, Nodes: 57d6645c-693c-4338-9714-c1c857f07c71{ip: 192.168.34.5, host: pr-hdds-2461-6k78x-381033752, networkLocation: /default-rack, certSerialId: null}, Type:RATIS, Factor:ONE, State:CLOSED] moved to CLOSED state
2019-11-14 13:08:42,040 [grpc-default-executor-1] INFO  impl.RaftServerProxy (RaftServerProxy.java:remove(95)) - 57d6645c-693c-4338-9714-c1c857f07c71: remove  FOLLOWER 57d6645c-693c-4338-9714-c1c857f07c71@group-6D1AFF2C72D5:t0, leader=null, voted=null, raftlog=57d6645c-693c-4338-9714-c1c857f07c71@group-6D1AFF2C72D5-SegmentedRaftLog:OPENED:c-1,f-1,i0, conf=-1: [57d6645c-693c-4338-9714-c1c857f07c71:192.168.34.5:40784], old=null RUNNING
2019-11-14 13:08:42,040 [grpc-default-executor-1] INFO  impl.RaftServerImpl (RaftServerImpl.java:lambda$shutdown$3(250)) - 57d6645c-693c-4338-9714-c1c857f07c71@group-6D1AFF2C72D5: shutdown
2019-11-14 13:08:42,041 [grpc-default-executor-1] INFO  util.JmxRegister (JmxRegister.java:unregister(73)) - Successfully un-registered JMX Bean with object name Ratis:service=RaftServer,group=group-6D1AFF2C72D5,id=57d6645c-693c-4338-9714-c1c857f07c71
2019-11-14 13:08:42,041 [grpc-default-executor-1] INFO  impl.RoleInfo (RoleInfo.java:shutdownFollowerState(121)) - 57d6645c-693c-4338-9714-c1c857f07c71: shutdown FollowerState
2019-11-14 13:08:42,041 [grpc-default-executor-1] INFO  impl.StateMachineUpdater (StateMachineUpdater.java:stopAndJoin(136)) - 57d6645c-693c-4338-9714-c1c857f07c71@group-6D1AFF2C72D5-StateMachineUpdater: set stopIndex = -1
2019-11-14 13:08:42,041 [Thread-183] INFO  impl.FollowerState (FollowerState.java:run(120)) - 57d6645c-693c-4338-9714-c1c857f07c71@group-6D1AFF2C72D5-FollowerState was interrupted: java.lang.InterruptedException: sleep interrupted
2019-11-14 13:08:42,042 [grpc-default-executor-1] INFO  impl.RaftServerImpl (ServerState.java:close(387)) - 57d6645c-693c-4338-9714-c1c857f07c71@group-6D1AFF2C72D5: closes. applyIndex: -1
2019-11-14 13:08:42,043 [57d6645c-693c-4338-9714-c1c857f07c71@group-6D1AFF2C72D5-SegmentedRaftLogWorker] INFO  segmented.SegmentedRaftLogWorker (SegmentedRaftLogWorker.java:run(316)) - 57d6645c-693c-4338-9714-c1c857f07c71@group-6D1AFF2C72D5-SegmentedRaftLogWorker was interrupted, exiting. There are 0 tasks remaining in the queue.
2019-11-14 13:08:42,043 [grpc-default-executor-1] INFO  segmented.SegmentedRaftLogWorker (SegmentedRaftLogWorker.java:close(224)) - 57d6645c-693c-4338-9714-c1c857f07c71@group-6D1AFF2C72D5-SegmentedRaftLogWorker close()
2019-11-14 13:08:42,052 [Thread-178] INFO  pipeline.PipelineStateManager (PipelineStateManager.java:removePipeline(106)) - Pipeline Pipeline[ Id: e520daba-5bbe-4ee1-a725-6d1aff2c72d5, Nodes: 57d6645c-693c-4338-9714-c1c857f07c71{ip: 192.168.34.5, host: pr-hdds-2461-6k78x-381033752, networkLocation: /default-rack, certSerialId: null}, Type:RATIS, Factor:ONE, State:CLOSED] removed from db
2019-11-14 13:08:42,052 [Thread-178] INFO  pipeline.SCMPipelineManager (SCMPipelineManager.java:finalizeAndDestroyPipeline(315)) - destroying pipeline:Pipeline[ Id: 4e97dee7-178d-4cf0-8037-43677a045235, Nodes: e3ed037e-9401-4141-8499-31a07caa9a11{ip: 192.168.34.5, host: pr-hdds-2461-6k78x-381033752, networkLocation: /default-rack, certSerialId: null}, Type:RATIS, Factor:ONE, State:ALLOCATED]
2019-11-14 13:08:42,063 [grpc-default-executor-1] INFO  impl.RaftServerProxy (RaftServerProxy.java:addNew(89)) - 57d6645c-693c-4338-9714-c1c857f07c71: addNew group-9E598BC852FF:[57d6645c-693c-4338-9714-c1c857f07c71:192.168.34.5:40784] returns group-9E598BC852FF:java.util.concurrent.CompletableFuture@6f4add64[Not completed]
2019-11-14 13:08:42,067 [pool-37-thread-1] INFO  impl.RaftServerImpl (RaftServerImpl.java:<init>(98)) - 57d6645c-693c-4338-9714-c1c857f07c71: new RaftServerImpl for group-9E598BC852FF:[57d6645c-693c-4338-9714-c1c857f07c71:192.168.34.5:40784] with ContainerStateMachine:uninitialized
2019-11-14 13:08:42,067 [pool-37-thread-1] INFO  server.RaftServerConfigKeys (ConfUtils.java:logGet(43)) - raft.server.rpc.timeout.min = 5s (custom)
2019-11-14 13:08:42,068 [pool-37-thread-1] INFO  server.RaftServerConfigKeys (ConfUtils.java:logGet(43)) - raft.server.rpc.timeout.max = 5200ms (custom)
2019-11-14 13:08:42,068 [pool-37-thread-1] INFO  server.RaftServerConfigKeys (ConfUtils.java:logGet(43)) - raft.server.rpcslowness.timeout = 120s (custom)
2019-11-14 13:08:42,068 [pool-37-thread-1] INFO  server.RaftServerConfigKeys (ConfUtils.java:logGet(43)) - raft.server.sleep.deviation.threshold = 300 (default)
2019-11-14 13:08:42,068 [pool-37-thread-1] INFO  server.RaftServerConfigKeys (ConfUtils.java:logGet(43)) - raft.server.log.appender.install.snapshot.enabled = false (custom)
2019-11-14 13:08:42,068 [pool-37-thread-1] INFO  impl.RaftServerImpl (ServerState.java:<init>(103)) - 57d6645c-693c-4338-9714-c1c857f07c71@group-9E598BC852FF: ConfigurationManager, init=-1: [57d6645c-693c-4338-9714-c1c857f07c71:192.168.34.5:40784], old=null, confs=<EMPTY_MAP>
2019-11-14 13:08:42,068 [pool-37-thread-1] INFO  server.RaftServerConfigKeys (ConfUtils.java:logGet(43)) - raft.server.storage.dir = [/workdir/hadoop-ozone/tools/target/test-dir/MiniOzoneClusterImpl-076fafb8-a8c6-48f2-8837-5b892c7bda8a/datanode-1/data/ratis] (custom)
2019-11-14 13:08:42,069 [pool-37-thread-1] INFO  server.RaftServerConfigKeys (ConfUtils.java:logGet(43)) - raft.server.log.corruption.policy = EXCEPTION (default)
2019-11-14 13:08:42,069 [pool-37-thread-1] INFO  storage.RaftStorageDirectory (RaftStorageDirectory.java:analyzeStorage(246)) - The storage directory /workdir/hadoop-ozone/tools/target/test-dir/MiniOzoneClusterImpl-076fafb8-a8c6-48f2-8837-5b892c7bda8a/datanode-1/data/ratis/1984d9b0-72c9-4246-a07f-9e598bc852ff does not exist. Creating ...
2019-11-14 13:08:42,083 [pool-37-thread-1] INFO  storage.RaftStorageDirectory (RaftStorageDirectory.java:tryLock(328)) - Lock on /workdir/hadoop-ozone/tools/target/test-dir/MiniOzoneClusterImpl-076fafb8-a8c6-48f2-8837-5b892c7bda8a/datanode-1/data/ratis/1984d9b0-72c9-4246-a07f-9e598bc852ff/in_use.lock acquired by nodename 7001@pr-hdds-2461-6k78x-381033752
2019-11-14 13:08:42,096 [pool-37-thread-1] INFO  storage.RaftStorage (RaftStorage.java:format(84)) - Storage directory /workdir/hadoop-ozone/tools/target/test-dir/MiniOzoneClusterImpl-076fafb8-a8c6-48f2-8837-5b892c7bda8a/datanode-1/data/ratis/1984d9b0-72c9-4246-a07f-9e598bc852ff has been successfully formatted.
2019-11-14 13:08:42,097 [pool-37-thread-1] INFO  ratis.ContainerStateMachine (ContainerStateMachine.java:loadSnapshot(223)) - group-9E598BC852FF: The snapshot info is null. Setting the last applied indexto:(t:0, i:~)
2019-11-14 13:08:42,097 [pool-37-thread-1] INFO  server.RaftServerConfigKeys (ConfUtils.java:logGet(43)) - raft.server.notification.no-leader.timeout = 120s (custom)
2019-11-14 13:08:42,097 [pool-37-thread-1] INFO  server.RaftServerConfigKeys (ConfUtils.java:logGet(43)) - raft.server.log.use.memory = false (default)
2019-11-14 13:08:42,097 [pool-37-thread-1] INFO  server.RaftServerConfigKeys (ConfUtils.java:logGet(43)) - raft.server.log.purge.gap = 1000000 (custom)
2019-11-14 13:08:42,097 [pool-37-thread-1] INFO  server.RaftServerConfigKeys (ConfUtils.java:logGet(43)) - raft.server.log.appender.buffer.byte-limit = 33554432 (custom)
2019-11-14 13:08:42,098 [pool-37-thread-1] INFO  server.RaftServerConfigKeys (ConfUtils.java:logGet(43)) - raft.server.log.segment.size.max = 1048576 (custom)
2019-11-14 13:08:42,098 [pool-37-thread-1] INFO  server.RaftServerConfigKeys (ConfUtils.java:logGet(43)) - raft.server.log.segment.cache.num.max = 2 (custom)
2019-11-14 13:08:42,098 [pool-37-thread-1] INFO  segmented.SegmentedRaftLogWorker (SegmentedRaftLogWorker.java:<init>(173)) - new 57d6645c-693c-4338-9714-c1c857f07c71@group-9E598BC852FF-SegmentedRaftLogWorker for RaftStorage:Storage Directory /workdir/hadoop-ozone/tools/target/test-dir/MiniOzoneClusterImpl-076fafb8-a8c6-48f2-8837-5b892c7bda8a/datanode-1/data/ratis/1984d9b0-72c9-4246-a07f-9e598bc852ff
2019-11-14 13:08:42,098 [pool-37-thread-1] INFO  server.RaftServerConfigKeys (ConfUtils.java:logGet(43)) - raft.server.log.queue.byte-limit = 2147483647 (custom)
2019-11-14 13:08:42,098 [pool-37-thread-1] INFO  server.RaftServerConfigKeys (ConfUtils.java:logGet(43)) - raft.server.log.queue.element-limit = 1024 (custom)
2019-11-14 13:08:42,098 [pool-37-thread-1] INFO  server.RaftServerConfigKeys (ConfUtils.java:logGet(43)) - raft.server.log.segment.size.max = 1048576 (custom)
2019-11-14 13:08:42,098 [pool-37-thread-1] INFO  server.RaftServerConfigKeys (ConfUtils.java:logGet(43)) - raft.server.log.preallocated.size = 16384 (custom)
2019-11-14 13:08:42,098 [pool-37-thread-1] INFO  server.RaftServerConfigKeys (ConfUtils.java:logGet(43)) - raft.server.log.write.buffer.size = 33554432 (custom)
2019-11-14 13:08:42,099 [pool-37-thread-1] INFO  server.RaftServerConfigKeys (ConfUtils.java:logGet(43)) - raft.server.log.force.sync.num = 128 (default)
2019-11-14 13:08:42,099 [pool-37-thread-1] INFO  server.RaftServerConfigKeys (ConfUtils.java:logGet(43)) - raft.server.log.statemachine.data.sync = true (default)
2019-11-14 13:08:42,099 [pool-37-thread-1] INFO  server.RaftServerConfigKeys (ConfUtils.java:logGet(43)) - raft.server.log.statemachine.data.sync.timeout = 10s (default)
2019-11-14 13:08:42,099 [pool-37-thread-1] INFO  server.RaftServerConfigKeys (ConfUtils.java:logGet(43)) - raft.server.log.statemachine.data.sync.timeout.retry = -1 (default)
2019-11-14 13:08:42,099 [pool-37-thread-1] INFO  server.RaftServerConfigKeys (ConfUtils.java:logGet(43)) - raft.server.log.statemachine.data.caching.enabled = true (custom)
2019-11-14 13:08:42,100 [pool-37-thread-1] INFO  segmented.SegmentedRaftLogWorker (SegmentedRaftLogWorker.java:lambda$new$0(128)) - 57d6645c-693c-4338-9714-c1c857f07c71@group-9E598BC852FF-SegmentedRaftLogWorker: flushIndex: setUnconditionally 0 -> -1
2019-11-14 13:08:42,100 [pool-37-thread-1] INFO  server.RaftServerConfigKeys (ConfUtils.java:logGet(43)) - raft.server.snapshot.auto.trigger.enabled = true (custom)
2019-11-14 13:08:42,100 [pool-37-thread-1] INFO  server.RaftServerConfigKeys (ConfUtils.java:logGet(43)) - raft.server.snapshot.auto.trigger.threshold = 10000 (custom)
2019-11-14 13:08:42,100 [pool-37-thread-1] INFO  server.RaftServerConfigKeys (ConfUtils.java:logGet(43)) - raft.server.snapshot.retention.file.num = 5 (custom)
2019-11-14 13:08:42,100 [pool-37-thread-1] INFO  server.RaftServerConfigKeys (ConfUtils.java:logGet(43)) - raft.server.retrycache.expirytime = 600000ms (custom)
2019-11-14 13:08:42,101 [pool-37-thread-1] WARN  impl.MetricRegistriesImpl (MetricRegistriesImpl.java:lambda$create$1(61)) - First MetricRegistry has been created without registering reporters. You may need to call MetricRegistries.global().addReportRegistration(...) before.
2019-11-14 13:08:42,101 [pool-37-thread-1] WARN  impl.MetricRegistriesImpl (MetricRegistriesImpl.java:lambda$create$1(61)) - First MetricRegistry has been created without registering reporters. You may need to call MetricRegistries.global().addReportRegistration(...) before.
2019-11-14 13:08:42,101 [pool-37-thread-1] INFO  impl.RaftServerImpl (RaftServerImpl.java:start(184)) - 57d6645c-693c-4338-9714-c1c857f07c71@group-9E598BC852FF: start as a follower, conf=-1: [57d6645c-693c-4338-9714-c1c857f07c71:192.168.34.5:40784], old=null
2019-11-14 13:08:42,101 [pool-37-thread-1] INFO  impl.RaftServerImpl (RaftServerImpl.java:setRole(173)) - 57d6645c-693c-4338-9714-c1c857f07c71@group-9E598BC852FF: changes role from      null to FOLLOWER at term 0 for startAsFollower
2019-11-14 13:08:42,101 [pool-37-thread-1] INFO  impl.RoleInfo (RoleInfo.java:updateAndGet(143)) - 57d6645c-693c-4338-9714-c1c857f07c71: start FollowerState
2019-11-14 13:08:42,102 [pool-37-thread-1] INFO  util.JmxRegister (JmxRegister.java:tryRegister(44)) - Successfully registered JMX Bean with object name Ratis:service=RaftServer,group=group-9E598BC852FF,id=57d6645c-693c-4338-9714-c1c857f07c71
2019-11-14 13:08:42,102 [pool-37-thread-1] WARN  impl.MetricRegistriesImpl (MetricRegistriesImpl.java:lambda$create$1(61)) - First MetricRegistry has been created without registering reporters. You may need to call MetricRegistries.global().addReportRegistration(...) before.
2019-11-14 13:08:42,111 [RatisPipelineUtilsThread] INFO  pipeline.PipelineStateManager (PipelineStateManager.java:addPipeline(55)) - Created pipeline Pipeline[ Id: 1984d9b0-72c9-4246-a07f-9e598bc852ff, Nodes: 57d6645c-693c-4338-9714-c1c857f07c71{ip: 192.168.34.5, host: pr-hdds-2461-6k78x-381033752, networkLocation: /default-rack, certSerialId: null}, Type:RATIS, Factor:ONE, State:ALLOCATED]
2019-11-14 13:08:42,113 [Thread-178] INFO  pipeline.PipelineStateManager (PipelineStateManager.java:finalizePipeline(121)) - Pipeline Pipeline[ Id: 4e97dee7-178d-4cf0-8037-43677a045235, Nodes: e3ed037e-9401-4141-8499-31a07caa9a11{ip: 192.168.34.5, host: pr-hdds-2461-6k78x-381033752, networkLocation: /default-rack, certSerialId: null}, Type:RATIS, Factor:ONE, State:CLOSED] moved to CLOSED state
2019-11-14 13:08:42,123 [grpc-default-executor-1] INFO  impl.RaftServerProxy (RaftServerProxy.java:remove(95)) - e3ed037e-9401-4141-8499-31a07caa9a11: remove  FOLLOWER e3ed037e-9401-4141-8499-31a07caa9a11@group-43677A045235:t0, leader=null, voted=null, raftlog=e3ed037e-9401-4141-8499-31a07caa9a11@group-43677A045235-SegmentedRaftLog:OPENED:c-1,f-1,i0, conf=-1: [e3ed037e-9401-4141-8499-31a07caa9a11:192.168.34.5:37318], old=null RUNNING
2019-11-14 13:08:42,123 [grpc-default-executor-1] INFO  impl.RaftServerImpl (RaftServerImpl.java:lambda$shutdown$3(250)) - e3ed037e-9401-4141-8499-31a07caa9a11@group-43677A045235: shutdown
2019-11-14 13:08:42,124 [grpc-default-executor-1] INFO  util.JmxRegister (JmxRegister.java:unregister(73)) - Successfully un-registered JMX Bean with object name Ratis:service=RaftServer,group=group-43677A045235,id=e3ed037e-9401-4141-8499-31a07caa9a11
2019-11-14 13:08:42,124 [grpc-default-executor-1] INFO  impl.RoleInfo (RoleInfo.java:shutdownFollowerState(121)) - e3ed037e-9401-4141-8499-31a07caa9a11: shutdown FollowerState
2019-11-14 13:08:42,124 [grpc-default-executor-1] INFO  impl.StateMachineUpdater (StateMachineUpdater.java:stopAndJoin(136)) - e3ed037e-9401-4141-8499-31a07caa9a11@group-43677A045235-StateMachineUpdater: set stopIndex = -1
2019-11-14 13:08:42,124 [Thread-180] INFO  impl.FollowerState (FollowerState.java:run(120)) - e3ed037e-9401-4141-8499-31a07caa9a11@group-43677A045235-FollowerState was interrupted: java.lang.InterruptedException: sleep interrupted
2019-11-14 13:08:42,125 [grpc-default-executor-1] INFO  impl.RaftServerImpl (ServerState.java:close(387)) - e3ed037e-9401-4141-8499-31a07caa9a11@group-43677A045235: closes. applyIndex: -1
2019-11-14 13:08:42,126 [e3ed037e-9401-4141-8499-31a07caa9a11@group-43677A045235-SegmentedRaftLogWorker] INFO  segmented.SegmentedRaftLogWorker (SegmentedRaftLogWorker.java:run(316)) - e3ed037e-9401-4141-8499-31a07caa9a11@group-43677A045235-SegmentedRaftLogWorker was interrupted, exiting. There are 0 tasks remaining in the queue.
2019-11-14 13:08:42,126 [grpc-default-executor-1] INFO  segmented.SegmentedRaftLogWorker (SegmentedRaftLogWorker.java:close(224)) - e3ed037e-9401-4141-8499-31a07caa9a11@group-43677A045235-SegmentedRaftLogWorker close()
2019-11-14 13:08:42,132 [Thread-178] INFO  pipeline.PipelineStateManager (PipelineStateManager.java:removePipeline(106)) - Pipeline Pipeline[ Id: 4e97dee7-178d-4cf0-8037-43677a045235, Nodes: e3ed037e-9401-4141-8499-31a07caa9a11{ip: 192.168.34.5, host: pr-hdds-2461-6k78x-381033752, networkLocation: /default-rack, certSerialId: null}, Type:RATIS, Factor:ONE, State:CLOSED] removed from db
2019-11-14 13:08:42,133 [Thread-178] INFO  pipeline.SCMPipelineManager (SCMPipelineManager.java:finalizeAndDestroyPipeline(315)) - destroying pipeline:Pipeline[ Id: 477081ac-e9a1-4599-b50b-75b4d4f16425, Nodes: 41abd461-8d18-4f7d-bfbe-907604a0ba0e{ip: 192.168.34.5, host: pr-hdds-2461-6k78x-381033752, networkLocation: /default-rack, certSerialId: null}, Type:RATIS, Factor:ONE, State:ALLOCATED]
2019-11-14 13:08:42,143 [grpc-default-executor-1] INFO  impl.RaftServerProxy (RaftServerProxy.java:addNew(89)) - e3ed037e-9401-4141-8499-31a07caa9a11: addNew group-0D3526DB1A7C:[e3ed037e-9401-4141-8499-31a07caa9a11:192.168.34.5:37318] returns group-0D3526DB1A7C:java.util.concurrent.CompletableFuture@78ee08e7[Not completed]
2019-11-14 13:08:42,145 [pool-27-thread-1] INFO  impl.RaftServerImpl (RaftServerImpl.java:<init>(98)) - e3ed037e-9401-4141-8499-31a07caa9a11: new RaftServerImpl for group-0D3526DB1A7C:[e3ed037e-9401-4141-8499-31a07caa9a11:192.168.34.5:37318] with ContainerStateMachine:uninitialized
2019-11-14 13:08:42,145 [pool-27-thread-1] INFO  server.RaftServerConfigKeys (ConfUtils.java:logGet(43)) - raft.server.rpc.timeout.min = 5s (custom)
2019-11-14 13:08:42,145 [pool-27-thread-1] INFO  server.RaftServerConfigKeys (ConfUtils.java:logGet(43)) - raft.server.rpc.timeout.max = 5200ms (custom)
2019-11-14 13:08:42,145 [pool-27-thread-1] INFO  server.RaftServerConfigKeys (ConfUtils.java:logGet(43)) - raft.server.rpcslowness.timeout = 120s (custom)
2019-11-14 13:08:42,146 [pool-27-thread-1] INFO  server.RaftServerConfigKeys (ConfUtils.java:logGet(43)) - raft.server.sleep.deviation.threshold = 300 (default)
2019-11-14 13:08:42,146 [pool-27-thread-1] INFO  server.RaftServerConfigKeys (ConfUtils.java:logGet(43)) - raft.server.log.appender.install.snapshot.enabled = false (custom)
2019-11-14 13:08:42,146 [pool-27-thread-1] INFO  impl.RaftServerImpl (ServerState.java:<init>(103)) - e3ed037e-9401-4141-8499-31a07caa9a11@group-0D3526DB1A7C: ConfigurationManager, init=-1: [e3ed037e-9401-4141-8499-31a07caa9a11:192.168.34.5:37318], old=null, confs=<EMPTY_MAP>
2019-11-14 13:08:42,146 [pool-27-thread-1] INFO  server.RaftServerConfigKeys (ConfUtils.java:logGet(43)) - raft.server.storage.dir = [/workdir/hadoop-ozone/tools/target/test-dir/MiniOzoneClusterImpl-076fafb8-a8c6-48f2-8837-5b892c7bda8a/datanode-0/data/ratis] (custom)
2019-11-14 13:08:42,146 [pool-27-thread-1] INFO  server.RaftServerConfigKeys (ConfUtils.java:logGet(43)) - raft.server.log.corruption.policy = EXCEPTION (default)
2019-11-14 13:08:42,147 [pool-27-thread-1] INFO  storage.RaftStorageDirectory (RaftStorageDirectory.java:analyzeStorage(246)) - The storage directory /workdir/hadoop-ozone/tools/target/test-dir/MiniOzoneClusterImpl-076fafb8-a8c6-48f2-8837-5b892c7bda8a/datanode-0/data/ratis/e9a8b181-23af-487e-a674-0d3526db1a7c does not exist. Creating ...
2019-11-14 13:08:42,159 [pool-27-thread-1] INFO  storage.RaftStorageDirectory (RaftStorageDirectory.java:tryLock(328)) - Lock on /workdir/hadoop-ozone/tools/target/test-dir/MiniOzoneClusterImpl-076fafb8-a8c6-48f2-8837-5b892c7bda8a/datanode-0/data/ratis/e9a8b181-23af-487e-a674-0d3526db1a7c/in_use.lock acquired by nodename 7001@pr-hdds-2461-6k78x-381033752
2019-11-14 13:08:42,172 [pool-27-thread-1] INFO  storage.RaftStorage (RaftStorage.java:format(84)) - Storage directory /workdir/hadoop-ozone/tools/target/test-dir/MiniOzoneClusterImpl-076fafb8-a8c6-48f2-8837-5b892c7bda8a/datanode-0/data/ratis/e9a8b181-23af-487e-a674-0d3526db1a7c has been successfully formatted.
2019-11-14 13:08:42,173 [pool-27-thread-1] INFO  ratis.ContainerStateMachine (ContainerStateMachine.java:loadSnapshot(223)) - group-0D3526DB1A7C: The snapshot info is null. Setting the last applied indexto:(t:0, i:~)
2019-11-14 13:08:42,173 [pool-27-thread-1] INFO  server.RaftServerConfigKeys (ConfUtils.java:logGet(43)) - raft.server.notification.no-leader.timeout = 120s (custom)
2019-11-14 13:08:42,173 [pool-27-thread-1] INFO  server.RaftServerConfigKeys (ConfUtils.java:logGet(43)) - raft.server.log.use.memory = false (default)
2019-11-14 13:08:42,173 [pool-27-thread-1] INFO  server.RaftServerConfigKeys (ConfUtils.java:logGet(43)) - raft.server.log.purge.gap = 1000000 (custom)
2019-11-14 13:08:42,174 [pool-27-thread-1] INFO  server.RaftServerConfigKeys (ConfUtils.java:logGet(43)) - raft.server.log.appender.buffer.byte-limit = 33554432 (custom)
2019-11-14 13:08:42,174 [pool-27-thread-1] INFO  server.RaftServerConfigKeys (ConfUtils.java:logGet(43)) - raft.server.log.segment.size.max = 1048576 (custom)
2019-11-14 13:08:42,174 [pool-27-thread-1] INFO  server.RaftServerConfigKeys (ConfUtils.java:logGet(43)) - raft.server.log.segment.cache.num.max = 2 (custom)
2019-11-14 13:08:42,174 [pool-27-thread-1] INFO  segmented.SegmentedRaftLogWorker (SegmentedRaftLogWorker.java:<init>(173)) - new e3ed037e-9401-4141-8499-31a07caa9a11@group-0D3526DB1A7C-SegmentedRaftLogWorker for RaftStorage:Storage Directory /workdir/hadoop-ozone/tools/target/test-dir/MiniOzoneClusterImpl-076fafb8-a8c6-48f2-8837-5b892c7bda8a/datanode-0/data/ratis/e9a8b181-23af-487e-a674-0d3526db1a7c
2019-11-14 13:08:42,174 [pool-27-thread-1] INFO  server.RaftServerConfigKeys (ConfUtils.java:logGet(43)) - raft.server.log.queue.byte-limit = 2147483647 (custom)
2019-11-14 13:08:42,174 [pool-27-thread-1] INFO  server.RaftServerConfigKeys (ConfUtils.java:logGet(43)) - raft.server.log.queue.element-limit = 1024 (custom)
2019-11-14 13:08:42,175 [pool-27-thread-1] INFO  server.RaftServerConfigKeys (ConfUtils.java:logGet(43)) - raft.server.log.segment.size.max = 1048576 (custom)
2019-11-14 13:08:42,175 [pool-27-thread-1] INFO  server.RaftServerConfigKeys (ConfUtils.java:logGet(43)) - raft.server.log.preallocated.size = 16384 (custom)
2019-11-14 13:08:42,175 [pool-27-thread-1] INFO  server.RaftServerConfigKeys (ConfUtils.java:logGet(43)) - raft.server.log.write.buffer.size = 33554432 (custom)
2019-11-14 13:08:42,175 [pool-27-thread-1] INFO  server.RaftServerConfigKeys (ConfUtils.java:logGet(43)) - raft.server.log.force.sync.num = 128 (default)
2019-11-14 13:08:42,175 [pool-27-thread-1] INFO  server.RaftServerConfigKeys (ConfUtils.java:logGet(43)) - raft.server.log.statemachine.data.sync = true (default)
2019-11-14 13:08:42,175 [pool-27-thread-1] INFO  server.RaftServerConfigKeys (ConfUtils.java:logGet(43)) - raft.server.log.statemachine.data.sync.timeout = 10s (default)
2019-11-14 13:08:42,175 [pool-27-thread-1] INFO  server.RaftServerConfigKeys (ConfUtils.java:logGet(43)) - raft.server.log.statemachine.data.sync.timeout.retry = -1 (default)
2019-11-14 13:08:42,176 [pool-27-thread-1] INFO  server.RaftServerConfigKeys (ConfUtils.java:logGet(43)) - raft.server.log.statemachine.data.caching.enabled = true (custom)
2019-11-14 13:08:42,176 [pool-27-thread-1] INFO  segmented.SegmentedRaftLogWorker (SegmentedRaftLogWorker.java:lambda$new$0(128)) - e3ed037e-9401-4141-8499-31a07caa9a11@group-0D3526DB1A7C-SegmentedRaftLogWorker: flushIndex: setUnconditionally 0 -> -1
2019-11-14 13:08:42,176 [pool-27-thread-1] INFO  server.RaftServerConfigKeys (ConfUtils.java:logGet(43)) - raft.server.snapshot.auto.trigger.enabled = true (custom)
2019-11-14 13:08:42,177 [pool-27-thread-1] INFO  server.RaftServerConfigKeys (ConfUtils.java:logGet(43)) - raft.server.snapshot.auto.trigger.threshold = 10000 (custom)
2019-11-14 13:08:42,177 [pool-27-thread-1] INFO  server.RaftServerConfigKeys (ConfUtils.java:logGet(43)) - raft.server.snapshot.retention.file.num = 5 (custom)
2019-11-14 13:08:42,177 [pool-27-thread-1] INFO  server.RaftServerConfigKeys (ConfUtils.java:logGet(43)) - raft.server.retrycache.expirytime = 600000ms (custom)
2019-11-14 13:08:42,177 [pool-27-thread-1] WARN  impl.MetricRegistriesImpl (MetricRegistriesImpl.java:lambda$create$1(61)) - First MetricRegistry has been created without registering reporters. You may need to call MetricRegistries.global().addReportRegistration(...) before.
2019-11-14 13:08:42,177 [pool-27-thread-1] WARN  impl.MetricRegistriesImpl (MetricRegistriesImpl.java:lambda$create$1(61)) - First MetricRegistry has been created without registering reporters. You may need to call MetricRegistries.global().addReportRegistration(...) before.
2019-11-14 13:08:42,178 [pool-27-thread-1] INFO  impl.RaftServerImpl (RaftServerImpl.java:start(184)) - e3ed037e-9401-4141-8499-31a07caa9a11@group-0D3526DB1A7C: start as a follower, conf=-1: [e3ed037e-9401-4141-8499-31a07caa9a11:192.168.34.5:37318], old=null
2019-11-14 13:08:42,178 [pool-27-thread-1] INFO  impl.RaftServerImpl (RaftServerImpl.java:setRole(173)) - e3ed037e-9401-4141-8499-31a07caa9a11@group-0D3526DB1A7C: changes role from      null to FOLLOWER at term 0 for startAsFollower
2019-11-14 13:08:42,178 [pool-27-thread-1] INFO  impl.RoleInfo (RoleInfo.java:updateAndGet(143)) - e3ed037e-9401-4141-8499-31a07caa9a11: start FollowerState
2019-11-14 13:08:42,179 [pool-27-thread-1] INFO  util.JmxRegister (JmxRegister.java:tryRegister(44)) - Successfully registered JMX Bean with object name Ratis:service=RaftServer,group=group-0D3526DB1A7C,id=e3ed037e-9401-4141-8499-31a07caa9a11
2019-11-14 13:08:42,179 [pool-27-thread-1] WARN  impl.MetricRegistriesImpl (MetricRegistriesImpl.java:lambda$create$1(61)) - First MetricRegistry has been created without registering reporters. You may need to call MetricRegistries.global().addReportRegistration(...) before.
2019-11-14 13:08:42,185 [RatisPipelineUtilsThread] INFO  pipeline.PipelineStateManager (PipelineStateManager.java:addPipeline(55)) - Created pipeline Pipeline[ Id: e9a8b181-23af-487e-a674-0d3526db1a7c, Nodes: e3ed037e-9401-4141-8499-31a07caa9a11{ip: 192.168.34.5, host: pr-hdds-2461-6k78x-381033752, networkLocation: /default-rack, certSerialId: null}, Type:RATIS, Factor:ONE, State:ALLOCATED]
2019-11-14 13:08:42,188 [Thread-178] INFO  pipeline.PipelineStateManager (PipelineStateManager.java:finalizePipeline(121)) - Pipeline Pipeline[ Id: 477081ac-e9a1-4599-b50b-75b4d4f16425, Nodes: 41abd461-8d18-4f7d-bfbe-907604a0ba0e{ip: 192.168.34.5, host: pr-hdds-2461-6k78x-381033752, networkLocation: /default-rack, certSerialId: null}, Type:RATIS, Factor:ONE, State:CLOSED] moved to CLOSED state
2019-11-14 13:08:42,200 [grpc-default-executor-1] INFO  impl.RaftServerProxy (RaftServerProxy.java:remove(95)) - 41abd461-8d18-4f7d-bfbe-907604a0ba0e: remove  FOLLOWER 41abd461-8d18-4f7d-bfbe-907604a0ba0e@group-75B4D4F16425:t0, leader=null, voted=null, raftlog=41abd461-8d18-4f7d-bfbe-907604a0ba0e@group-75B4D4F16425-SegmentedRaftLog:OPENED:c-1,f-1,i0, conf=-1: [41abd461-8d18-4f7d-bfbe-907604a0ba0e:192.168.34.5:37749], old=null RUNNING
2019-11-14 13:08:42,200 [grpc-default-executor-1] INFO  impl.RaftServerImpl (RaftServerImpl.java:lambda$shutdown$3(250)) - 41abd461-8d18-4f7d-bfbe-907604a0ba0e@group-75B4D4F16425: shutdown
2019-11-14 13:08:42,200 [grpc-default-executor-1] INFO  util.JmxRegister (JmxRegister.java:unregister(73)) - Successfully un-registered JMX Bean with object name Ratis:service=RaftServer,group=group-75B4D4F16425,id=41abd461-8d18-4f7d-bfbe-907604a0ba0e
2019-11-14 13:08:42,201 [grpc-default-executor-1] INFO  impl.RoleInfo (RoleInfo.java:shutdownFollowerState(121)) - 41abd461-8d18-4f7d-bfbe-907604a0ba0e: shutdown FollowerState
2019-11-14 13:08:42,201 [grpc-default-executor-1] INFO  impl.StateMachineUpdater (StateMachineUpdater.java:stopAndJoin(136)) - 41abd461-8d18-4f7d-bfbe-907604a0ba0e@group-75B4D4F16425-StateMachineUpdater: set stopIndex = -1
2019-11-14 13:08:42,201 [Thread-186] INFO  impl.FollowerState (FollowerState.java:run(120)) - 41abd461-8d18-4f7d-bfbe-907604a0ba0e@group-75B4D4F16425-FollowerState was interrupted: java.lang.InterruptedException: sleep interrupted
2019-11-14 13:08:42,202 [grpc-default-executor-1] INFO  impl.RaftServerImpl (ServerState.java:close(387)) - 41abd461-8d18-4f7d-bfbe-907604a0ba0e@group-75B4D4F16425: closes. applyIndex: -1
2019-11-14 13:08:42,203 [41abd461-8d18-4f7d-bfbe-907604a0ba0e@group-75B4D4F16425-SegmentedRaftLogWorker] INFO  segmented.SegmentedRaftLogWorker (SegmentedRaftLogWorker.java:run(316)) - 41abd461-8d18-4f7d-bfbe-907604a0ba0e@group-75B4D4F16425-SegmentedRaftLogWorker was interrupted, exiting. There are 0 tasks remaining in the queue.
2019-11-14 13:08:42,203 [grpc-default-executor-1] INFO  segmented.SegmentedRaftLogWorker (SegmentedRaftLogWorker.java:close(224)) - 41abd461-8d18-4f7d-bfbe-907604a0ba0e@group-75B4D4F16425-SegmentedRaftLogWorker close()
2019-11-14 13:08:42,209 [Thread-178] INFO  pipeline.PipelineStateManager (PipelineStateManager.java:removePipeline(106)) - Pipeline Pipeline[ Id: 477081ac-e9a1-4599-b50b-75b4d4f16425, Nodes: 41abd461-8d18-4f7d-bfbe-907604a0ba0e{ip: 192.168.34.5, host: pr-hdds-2461-6k78x-381033752, networkLocation: /default-rack, certSerialId: null}, Type:RATIS, Factor:ONE, State:CLOSED] removed from db
2019-11-14 13:08:42,219 [grpc-default-executor-1] INFO  impl.RaftServerProxy (RaftServerProxy.java:addNew(89)) - 41abd461-8d18-4f7d-bfbe-907604a0ba0e: addNew group-01E01DB73C19:[41abd461-8d18-4f7d-bfbe-907604a0ba0e:192.168.34.5:37749] returns group-01E01DB73C19:java.util.concurrent.CompletableFuture@74b03f7e[Not completed]
2019-11-14 13:08:42,220 [pool-47-thread-1] INFO  impl.RaftServerImpl (RaftServerImpl.java:<init>(98)) - 41abd461-8d18-4f7d-bfbe-907604a0ba0e: new RaftServerImpl for group-01E01DB73C19:[41abd461-8d18-4f7d-bfbe-907604a0ba0e:192.168.34.5:37749] with ContainerStateMachine:uninitialized
2019-11-14 13:08:42,220 [pool-47-thread-1] INFO  server.RaftServerConfigKeys (ConfUtils.java:logGet(43)) - raft.server.rpc.timeout.min = 5s (custom)
2019-11-14 13:08:42,221 [pool-47-thread-1] INFO  server.RaftServerConfigKeys (ConfUtils.java:logGet(43)) - raft.server.rpc.timeout.max = 5200ms (custom)
2019-11-14 13:08:42,221 [pool-47-thread-1] INFO  server.RaftServerConfigKeys (ConfUtils.java:logGet(43)) - raft.server.rpcslowness.timeout = 120s (custom)
2019-11-14 13:08:42,221 [pool-47-thread-1] INFO  server.RaftServerConfigKeys (ConfUtils.java:logGet(43)) - raft.server.sleep.deviation.threshold = 300 (default)
2019-11-14 13:08:42,221 [pool-47-thread-1] INFO  server.RaftServerConfigKeys (ConfUtils.java:logGet(43)) - raft.server.log.appender.install.snapshot.enabled = false (custom)
2019-11-14 13:08:42,221 [pool-47-thread-1] INFO  impl.RaftServerImpl (ServerState.java:<init>(103)) - 41abd461-8d18-4f7d-bfbe-907604a0ba0e@group-01E01DB73C19: ConfigurationManager, init=-1: [41abd461-8d18-4f7d-bfbe-907604a0ba0e:192.168.34.5:37749], old=null, confs=<EMPTY_MAP>
2019-11-14 13:08:42,221 [pool-47-thread-1] INFO  server.RaftServerConfigKeys (ConfUtils.java:logGet(43)) - raft.server.storage.dir = [/workdir/hadoop-ozone/tools/target/test-dir/MiniOzoneClusterImpl-076fafb8-a8c6-48f2-8837-5b892c7bda8a/datanode-2/data/ratis] (custom)
2019-11-14 13:08:42,222 [pool-47-thread-1] INFO  server.RaftServerConfigKeys (ConfUtils.java:logGet(43)) - raft.server.log.corruption.policy = EXCEPTION (default)
2019-11-14 13:08:42,222 [pool-47-thread-1] INFO  storage.RaftStorageDirectory (RaftStorageDirectory.java:analyzeStorage(246)) - The storage directory /workdir/hadoop-ozone/tools/target/test-dir/MiniOzoneClusterImpl-076fafb8-a8c6-48f2-8837-5b892c7bda8a/datanode-2/data/ratis/a773a0cf-23a5-4b0e-adfc-01e01db73c19 does not exist. Creating ...
2019-11-14 13:08:42,247 [pool-47-thread-1] INFO  storage.RaftStorageDirectory (RaftStorageDirectory.java:tryLock(328)) - Lock on /workdir/hadoop-ozone/tools/target/test-dir/MiniOzoneClusterImpl-076fafb8-a8c6-48f2-8837-5b892c7bda8a/datanode-2/data/ratis/a773a0cf-23a5-4b0e-adfc-01e01db73c19/in_use.lock acquired by nodename 7001@pr-hdds-2461-6k78x-381033752
2019-11-14 13:08:42,276 [pool-47-thread-1] INFO  storage.RaftStorage (RaftStorage.java:format(84)) - Storage directory /workdir/hadoop-ozone/tools/target/test-dir/MiniOzoneClusterImpl-076fafb8-a8c6-48f2-8837-5b892c7bda8a/datanode-2/data/ratis/a773a0cf-23a5-4b0e-adfc-01e01db73c19 has been successfully formatted.
2019-11-14 13:08:42,276 [pool-47-thread-1] INFO  ratis.ContainerStateMachine (ContainerStateMachine.java:loadSnapshot(223)) - group-01E01DB73C19: The snapshot info is null. Setting the last applied indexto:(t:0, i:~)
2019-11-14 13:08:42,276 [pool-47-thread-1] INFO  server.RaftServerConfigKeys (ConfUtils.java:logGet(43)) - raft.server.notification.no-leader.timeout = 120s (custom)
2019-11-14 13:08:42,277 [pool-47-thread-1] INFO  server.RaftServerConfigKeys (ConfUtils.java:logGet(43)) - raft.server.log.use.memory = false (default)
2019-11-14 13:08:42,277 [pool-47-thread-1] INFO  server.RaftServerConfigKeys (ConfUtils.java:logGet(43)) - raft.server.log.purge.gap = 1000000 (custom)
2019-11-14 13:08:42,277 [pool-47-thread-1] INFO  server.RaftServerConfigKeys (ConfUtils.java:logGet(43)) - raft.server.log.appender.buffer.byte-limit = 33554432 (custom)
2019-11-14 13:08:42,277 [pool-47-thread-1] INFO  server.RaftServerConfigKeys (ConfUtils.java:logGet(43)) - raft.server.log.segment.size.max = 1048576 (custom)
2019-11-14 13:08:42,277 [pool-47-thread-1] INFO  server.RaftServerConfigKeys (ConfUtils.java:logGet(43)) - raft.server.log.segment.cache.num.max = 2 (custom)
2019-11-14 13:08:42,277 [pool-47-thread-1] INFO  segmented.SegmentedRaftLogWorker (SegmentedRaftLogWorker.java:<init>(173)) - new 41abd461-8d18-4f7d-bfbe-907604a0ba0e@group-01E01DB73C19-SegmentedRaftLogWorker for RaftStorage:Storage Directory /workdir/hadoop-ozone/tools/target/test-dir/MiniOzoneClusterImpl-076fafb8-a8c6-48f2-8837-5b892c7bda8a/datanode-2/data/ratis/a773a0cf-23a5-4b0e-adfc-01e01db73c19
2019-11-14 13:08:42,277 [pool-47-thread-1] INFO  server.RaftServerConfigKeys (ConfUtils.java:logGet(43)) - raft.server.log.queue.byte-limit = 2147483647 (custom)
2019-11-14 13:08:42,277 [pool-47-thread-1] INFO  server.RaftServerConfigKeys (ConfUtils.java:logGet(43)) - raft.server.log.queue.element-limit = 1024 (custom)
2019-11-14 13:08:42,277 [pool-47-thread-1] INFO  server.RaftServerConfigKeys (ConfUtils.java:logGet(43)) - raft.server.log.segment.size.max = 1048576 (custom)
2019-11-14 13:08:42,278 [pool-47-thread-1] INFO  server.RaftServerConfigKeys (ConfUtils.java:logGet(43)) - raft.server.log.preallocated.size = 16384 (custom)
2019-11-14 13:08:42,278 [pool-47-thread-1] INFO  server.RaftServerConfigKeys (ConfUtils.java:logGet(43)) - raft.server.log.write.buffer.size = 33554432 (custom)
2019-11-14 13:08:42,278 [pool-47-thread-1] INFO  server.RaftServerConfigKeys (ConfUtils.java:logGet(43)) - raft.server.log.force.sync.num = 128 (default)
2019-11-14 13:08:42,278 [pool-47-thread-1] INFO  server.RaftServerConfigKeys (ConfUtils.java:logGet(43)) - raft.server.log.statemachine.data.sync = true (default)
2019-11-14 13:08:42,278 [pool-47-thread-1] INFO  server.RaftServerConfigKeys (ConfUtils.java:logGet(43)) - raft.server.log.statemachine.data.sync.timeout = 10s (default)
2019-11-14 13:08:42,278 [pool-47-thread-1] INFO  server.RaftServerConfigKeys (ConfUtils.java:logGet(43)) - raft.server.log.statemachine.data.sync.timeout.retry = -1 (default)
2019-11-14 13:08:42,278 [pool-47-thread-1] INFO  server.RaftServerConfigKeys (ConfUtils.java:logGet(43)) - raft.server.log.statemachine.data.caching.enabled = true (custom)
2019-11-14 13:08:42,279 [pool-47-thread-1] INFO  segmented.SegmentedRaftLogWorker (SegmentedRaftLogWorker.java:lambda$new$0(128)) - 41abd461-8d18-4f7d-bfbe-907604a0ba0e@group-01E01DB73C19-SegmentedRaftLogWorker: flushIndex: setUnconditionally 0 -> -1
2019-11-14 13:08:42,279 [pool-47-thread-1] INFO  server.RaftServerConfigKeys (ConfUtils.java:logGet(43)) - raft.server.snapshot.auto.trigger.enabled = true (custom)
2019-11-14 13:08:42,279 [pool-47-thread-1] INFO  server.RaftServerConfigKeys (ConfUtils.java:logGet(43)) - raft.server.snapshot.auto.trigger.threshold = 10000 (custom)
2019-11-14 13:08:42,279 [pool-47-thread-1] INFO  server.RaftServerConfigKeys (ConfUtils.java:logGet(43)) - raft.server.snapshot.retention.file.num = 5 (custom)
2019-11-14 13:08:42,279 [pool-47-thread-1] INFO  server.RaftServerConfigKeys (ConfUtils.java:logGet(43)) - raft.server.retrycache.expirytime = 600000ms (custom)
2019-11-14 13:08:42,279 [pool-47-thread-1] WARN  impl.MetricRegistriesImpl (MetricRegistriesImpl.java:lambda$create$1(61)) - First MetricRegistry has been created without registering reporters. You may need to call MetricRegistries.global().addReportRegistration(...) before.
2019-11-14 13:08:42,279 [pool-47-thread-1] WARN  impl.MetricRegistriesImpl (MetricRegistriesImpl.java:lambda$create$1(61)) - First MetricRegistry has been created without registering reporters. You may need to call MetricRegistries.global().addReportRegistration(...) before.
2019-11-14 13:08:42,280 [pool-47-thread-1] INFO  impl.RaftServerImpl (RaftServerImpl.java:start(184)) - 41abd461-8d18-4f7d-bfbe-907604a0ba0e@group-01E01DB73C19: start as a follower, conf=-1: [41abd461-8d18-4f7d-bfbe-907604a0ba0e:192.168.34.5:37749], old=null
2019-11-14 13:08:42,280 [pool-47-thread-1] INFO  impl.RaftServerImpl (RaftServerImpl.java:setRole(173)) - 41abd461-8d18-4f7d-bfbe-907604a0ba0e@group-01E01DB73C19: changes role from      null to FOLLOWER at term 0 for startAsFollower
2019-11-14 13:08:42,280 [pool-47-thread-1] INFO  impl.RoleInfo (RoleInfo.java:updateAndGet(143)) - 41abd461-8d18-4f7d-bfbe-907604a0ba0e: start FollowerState
2019-11-14 13:08:42,280 [pool-47-thread-1] INFO  util.JmxRegister (JmxRegister.java:tryRegister(44)) - Successfully registered JMX Bean with object name Ratis:service=RaftServer,group=group-01E01DB73C19,id=41abd461-8d18-4f7d-bfbe-907604a0ba0e
2019-11-14 13:08:42,280 [pool-47-thread-1] WARN  impl.MetricRegistriesImpl (MetricRegistriesImpl.java:lambda$create$1(61)) - First MetricRegistry has been created without registering reporters. You may need to call MetricRegistries.global().addReportRegistration(...) before.
2019-11-14 13:08:42,286 [RatisPipelineUtilsThread] INFO  pipeline.PipelineStateManager (PipelineStateManager.java:addPipeline(55)) - Created pipeline Pipeline[ Id: a773a0cf-23a5-4b0e-adfc-01e01db73c19, Nodes: 41abd461-8d18-4f7d-bfbe-907604a0ba0e{ip: 192.168.34.5, host: pr-hdds-2461-6k78x-381033752, networkLocation: /default-rack, certSerialId: null}, Type:RATIS, Factor:ONE, State:ALLOCATED]
2019-11-14 13:08:42,797 [main] INFO  ozone.MiniOzoneClusterImpl (MiniOzoneClusterImpl.java:lambda$waitForClusterToBeReady$2(163)) - Waiting for 4 number of pipelines out of 4, to report a leader.
2019-11-14 13:08:43,797 [main] INFO  ozone.MiniOzoneClusterImpl (MiniOzoneClusterImpl.java:lambda$waitForClusterToBeReady$2(163)) - Waiting for 4 number of pipelines out of 4, to report a leader.
2019-11-14 13:08:44,798 [main] INFO  ozone.MiniOzoneClusterImpl (MiniOzoneClusterImpl.java:lambda$waitForClusterToBeReady$2(163)) - Waiting for 4 number of pipelines out of 4, to report a leader.
2019-11-14 13:08:45,798 [main] INFO  ozone.MiniOzoneClusterImpl (MiniOzoneClusterImpl.java:lambda$waitForClusterToBeReady$2(163)) - Waiting for 4 number of pipelines out of 4, to report a leader.
2019-11-14 13:08:46,799 [main] INFO  ozone.MiniOzoneClusterImpl (MiniOzoneClusterImpl.java:lambda$waitForClusterToBeReady$2(163)) - Waiting for 4 number of pipelines out of 4, to report a leader.
2019-11-14 13:08:47,018 [Thread-205] INFO  impl.FollowerState (FollowerState.java:run(111)) - 41abd461-8d18-4f7d-bfbe-907604a0ba0e@group-818EEA577C3F-FollowerState: change to CANDIDATE, lastRpcTime:5004ms, electionTimeout:5004ms
2019-11-14 13:08:47,020 [Thread-205] INFO  impl.RoleInfo (RoleInfo.java:shutdownFollowerState(121)) - 41abd461-8d18-4f7d-bfbe-907604a0ba0e: shutdown FollowerState
2019-11-14 13:08:47,020 [Thread-205] INFO  impl.RaftServerImpl (RaftServerImpl.java:setRole(173)) - 41abd461-8d18-4f7d-bfbe-907604a0ba0e@group-818EEA577C3F: changes role from  FOLLOWER to CANDIDATE at term 0 for changeToCandidate
2019-11-14 13:08:47,024 [Thread-205] INFO  impl.RoleInfo (RoleInfo.java:updateAndGet(143)) - 41abd461-8d18-4f7d-bfbe-907604a0ba0e: start LeaderElection
2019-11-14 13:08:47,040 [41abd461-8d18-4f7d-bfbe-907604a0ba0e@group-818EEA577C3F-LeaderElection1] INFO  impl.LeaderElection (LeaderElection.java:askForVotes(178)) - 41abd461-8d18-4f7d-bfbe-907604a0ba0e@group-818EEA577C3F-LeaderElection1: begin an election at term 1 for -1: [41abd461-8d18-4f7d-bfbe-907604a0ba0e:192.168.34.5:37749, 57d6645c-693c-4338-9714-c1c857f07c71:192.168.34.5:40784, e3ed037e-9401-4141-8499-31a07caa9a11:192.168.34.5:37318], old=null
2019-11-14 13:08:47,055 [Thread-202] INFO  impl.FollowerState (FollowerState.java:run(111)) - e3ed037e-9401-4141-8499-31a07caa9a11@group-818EEA577C3F-FollowerState: change to CANDIDATE, lastRpcTime:5044ms, electionTimeout:5043ms
2019-11-14 13:08:47,055 [Thread-202] INFO  impl.RoleInfo (RoleInfo.java:shutdownFollowerState(121)) - e3ed037e-9401-4141-8499-31a07caa9a11: shutdown FollowerState
2019-11-14 13:08:47,056 [Thread-202] INFO  impl.RaftServerImpl (RaftServerImpl.java:setRole(173)) - e3ed037e-9401-4141-8499-31a07caa9a11@group-818EEA577C3F: changes role from  FOLLOWER to CANDIDATE at term 0 for changeToCandidate
2019-11-14 13:08:47,056 [Thread-202] INFO  impl.RoleInfo (RoleInfo.java:updateAndGet(143)) - e3ed037e-9401-4141-8499-31a07caa9a11: start LeaderElection
2019-11-14 13:08:47,076 [e3ed037e-9401-4141-8499-31a07caa9a11@group-818EEA577C3F-LeaderElection2] INFO  impl.LeaderElection (LeaderElection.java:askForVotes(178)) - e3ed037e-9401-4141-8499-31a07caa9a11@group-818EEA577C3F-LeaderElection2: begin an election at term 1 for -1: [41abd461-8d18-4f7d-bfbe-907604a0ba0e:192.168.34.5:37749, 57d6645c-693c-4338-9714-c1c857f07c71:192.168.34.5:40784, e3ed037e-9401-4141-8499-31a07caa9a11:192.168.34.5:37318], old=null
2019-11-14 13:08:47,077 [grpc-default-executor-1] INFO  impl.RaftServerImpl (RaftServerImpl.java:setRole(173)) - 57d6645c-693c-4338-9714-c1c857f07c71@group-818EEA577C3F: changes role from  FOLLOWER to FOLLOWER at term 1 for recognizeCandidate:41abd461-8d18-4f7d-bfbe-907604a0ba0e
2019-11-14 13:08:47,077 [grpc-default-executor-1] INFO  impl.RoleInfo (RoleInfo.java:shutdownFollowerState(121)) - 57d6645c-693c-4338-9714-c1c857f07c71: shutdown FollowerState
2019-11-14 13:08:47,077 [Thread-208] INFO  impl.FollowerState (FollowerState.java:run(120)) - 57d6645c-693c-4338-9714-c1c857f07c71@group-818EEA577C3F-FollowerState was interrupted: java.lang.InterruptedException: sleep interrupted
2019-11-14 13:08:47,078 [grpc-default-executor-1] INFO  impl.RoleInfo (RoleInfo.java:updateAndGet(143)) - 57d6645c-693c-4338-9714-c1c857f07c71: start FollowerState
2019-11-14 13:08:47,101 [41abd461-8d18-4f7d-bfbe-907604a0ba0e@group-818EEA577C3F-LeaderElection1] INFO  impl.LeaderElection (LeaderElection.java:logAndReturn(56)) - 41abd461-8d18-4f7d-bfbe-907604a0ba0e@group-818EEA577C3F-LeaderElection1: Election PASSED; received 2 response(s) [41abd461-8d18-4f7d-bfbe-907604a0ba0e<-57d6645c-693c-4338-9714-c1c857f07c71#0:OK-t1, 41abd461-8d18-4f7d-bfbe-907604a0ba0e<-e3ed037e-9401-4141-8499-31a07caa9a11#0:FAIL-t1] and 0 exception(s); 41abd461-8d18-4f7d-bfbe-907604a0ba0e@group-818EEA577C3F:t1, leader=null, voted=41abd461-8d18-4f7d-bfbe-907604a0ba0e, raftlog=41abd461-8d18-4f7d-bfbe-907604a0ba0e@group-818EEA577C3F-SegmentedRaftLog:OPENED:c-1,f-1,i0, conf=-1: [41abd461-8d18-4f7d-bfbe-907604a0ba0e:192.168.34.5:37749, 57d6645c-693c-4338-9714-c1c857f07c71:192.168.34.5:40784, e3ed037e-9401-4141-8499-31a07caa9a11:192.168.34.5:37318], old=null
2019-11-14 13:08:47,101 [e3ed037e-9401-4141-8499-31a07caa9a11@group-818EEA577C3F-LeaderElection2] INFO  impl.LeaderElection (LeaderElection.java:logAndReturn(56)) - e3ed037e-9401-4141-8499-31a07caa9a11@group-818EEA577C3F-LeaderElection2: Election REJECTED; received 2 response(s) [e3ed037e-9401-4141-8499-31a07caa9a11<-41abd461-8d18-4f7d-bfbe-907604a0ba0e#0:FAIL-t1, e3ed037e-9401-4141-8499-31a07caa9a11<-57d6645c-693c-4338-9714-c1c857f07c71#0:FAIL-t1] and 0 exception(s); e3ed037e-9401-4141-8499-31a07caa9a11@group-818EEA577C3F:t1, leader=null, voted=e3ed037e-9401-4141-8499-31a07caa9a11, raftlog=e3ed037e-9401-4141-8499-31a07caa9a11@group-818EEA577C3F-SegmentedRaftLog:OPENED:c-1,f-1,i0, conf=-1: [41abd461-8d18-4f7d-bfbe-907604a0ba0e:192.168.34.5:37749, 57d6645c-693c-4338-9714-c1c857f07c71:192.168.34.5:40784, e3ed037e-9401-4141-8499-31a07caa9a11:192.168.34.5:37318], old=null
2019-11-14 13:08:47,103 [41abd461-8d18-4f7d-bfbe-907604a0ba0e@group-818EEA577C3F-LeaderElection1] INFO  impl.RoleInfo (RoleInfo.java:shutdownLeaderElection(134)) - 41abd461-8d18-4f7d-bfbe-907604a0ba0e: shutdown LeaderElection
2019-11-14 13:08:47,103 [e3ed037e-9401-4141-8499-31a07caa9a11@group-818EEA577C3F-LeaderElection2] INFO  impl.RaftServerImpl (RaftServerImpl.java:setRole(173)) - e3ed037e-9401-4141-8499-31a07caa9a11@group-818EEA577C3F: changes role from CANDIDATE to FOLLOWER at term 1 for DISCOVERED_A_NEW_TERM
2019-11-14 13:08:47,104 [e3ed037e-9401-4141-8499-31a07caa9a11@group-818EEA577C3F-LeaderElection2] INFO  impl.RoleInfo (RoleInfo.java:shutdownLeaderElection(134)) - e3ed037e-9401-4141-8499-31a07caa9a11: shutdown LeaderElection
2019-11-14 13:08:47,105 [41abd461-8d18-4f7d-bfbe-907604a0ba0e@group-818EEA577C3F-LeaderElection1] INFO  impl.RaftServerImpl (RaftServerImpl.java:setRole(173)) - 41abd461-8d18-4f7d-bfbe-907604a0ba0e@group-818EEA577C3F: changes role from CANDIDATE to LEADER at term 1 for changeToLeader
2019-11-14 13:08:47,105 [e3ed037e-9401-4141-8499-31a07caa9a11@group-818EEA577C3F-LeaderElection2] INFO  impl.RoleInfo (RoleInfo.java:updateAndGet(143)) - e3ed037e-9401-4141-8499-31a07caa9a11: start FollowerState
2019-11-14 13:08:47,105 [41abd461-8d18-4f7d-bfbe-907604a0ba0e@group-818EEA577C3F-LeaderElection1] INFO  ratis.XceiverServerRatis (XceiverServerRatis.java:handleLeaderChangedNotification(697)) - Leader change notification received for group: group-818EEA577C3F with new leaderId: 41abd461-8d18-4f7d-bfbe-907604a0ba0e
2019-11-14 13:08:47,109 [41abd461-8d18-4f7d-bfbe-907604a0ba0e@group-818EEA577C3F-LeaderElection1] INFO  impl.RaftServerImpl (ServerState.java:setLeader(255)) - 41abd461-8d18-4f7d-bfbe-907604a0ba0e@group-818EEA577C3F: change Leader from null to 41abd461-8d18-4f7d-bfbe-907604a0ba0e at term 1 for becomeLeader, leader elected after 5101ms
2019-11-14 13:08:47,113 [41abd461-8d18-4f7d-bfbe-907604a0ba0e@group-818EEA577C3F-LeaderElection1] INFO  server.RaftServerConfigKeys (ConfUtils.java:logGet(43)) - raft.server.staging.catchup.gap = 1000 (default)
2019-11-14 13:08:47,113 [41abd461-8d18-4f7d-bfbe-907604a0ba0e@group-818EEA577C3F-LeaderElection1] INFO  server.RaftServerConfigKeys (ConfUtils.java:logGet(43)) - raft.server.rpc.sleep.time = 25ms (default)
2019-11-14 13:08:47,117 [41abd461-8d18-4f7d-bfbe-907604a0ba0e@group-818EEA577C3F-LeaderElection1] INFO  server.RaftServerConfigKeys (ConfUtils.java:logGet(43)) - raft.server.write.element-limit = 4096 (default)
2019-11-14 13:08:47,120 [41abd461-8d18-4f7d-bfbe-907604a0ba0e@group-818EEA577C3F-LeaderElection1] INFO  server.RaftServerConfigKeys (ConfUtils.java:logGet(43)) - raft.server.watch.timeout = 10s (default)
2019-11-14 13:08:47,120 [41abd461-8d18-4f7d-bfbe-907604a0ba0e@group-818EEA577C3F-LeaderElection1] INFO  server.RaftServerConfigKeys (ConfUtils.java:logGet(43)) - raft.server.watch.timeout.denomination = 1s (default)
2019-11-14 13:08:47,121 [41abd461-8d18-4f7d-bfbe-907604a0ba0e@group-818EEA577C3F-LeaderElection1] INFO  server.RaftServerConfigKeys (ConfUtils.java:logGet(43)) - raft.server.watch.element-limit = 65536 (default)
2019-11-14 13:08:47,130 [41abd461-8d18-4f7d-bfbe-907604a0ba0e@group-818EEA577C3F-LeaderElection1] INFO  server.RaftServerConfigKeys (ConfUtils.java:logGet(43)) - raft.server.log.appender.snapshot.chunk.size.max = 16MB (=16777216) (default)
2019-11-14 13:08:47,130 [41abd461-8d18-4f7d-bfbe-907604a0ba0e@group-818EEA577C3F-LeaderElection1] INFO  server.RaftServerConfigKeys (ConfUtils.java:logGet(43)) - raft.server.log.appender.buffer.byte-limit = 33554432 (custom)
2019-11-14 13:08:47,131 [41abd461-8d18-4f7d-bfbe-907604a0ba0e@group-818EEA577C3F-LeaderElection1] INFO  server.RaftServerConfigKeys (ConfUtils.java:logGet(43)) - raft.server.log.appender.buffer.element-limit = 1 (custom)
2019-11-14 13:08:47,132 [Thread-212] INFO  impl.FollowerState (FollowerState.java:run(111)) - 57d6645c-693c-4338-9714-c1c857f07c71@group-9E598BC852FF-FollowerState: change to CANDIDATE, lastRpcTime:5030ms, electionTimeout:5030ms
2019-11-14 13:08:47,132 [Thread-212] INFO  impl.RoleInfo (RoleInfo.java:shutdownFollowerState(121)) - 57d6645c-693c-4338-9714-c1c857f07c71: shutdown FollowerState
2019-11-14 13:08:47,132 [Thread-212] INFO  impl.RaftServerImpl (RaftServerImpl.java:setRole(173)) - 57d6645c-693c-4338-9714-c1c857f07c71@group-9E598BC852FF: changes role from  FOLLOWER to CANDIDATE at term 0 for changeToCandidate
2019-11-14 13:08:47,132 [Thread-212] INFO  impl.RoleInfo (RoleInfo.java:updateAndGet(143)) - 57d6645c-693c-4338-9714-c1c857f07c71: start LeaderElection
2019-11-14 13:08:47,133 [EventQueue-PipelineReportForPipelineReportHandler] INFO  pipeline.PipelineStateManager (PipelineStateManager.java:openPipeline(134)) - Pipeline Pipeline[ Id: 635fb509-5743-424e-a2ff-818eea577c3f, Nodes: e3ed037e-9401-4141-8499-31a07caa9a11{ip: 192.168.34.5, host: pr-hdds-2461-6k78x-381033752, networkLocation: /default-rack, certSerialId: null}57d6645c-693c-4338-9714-c1c857f07c71{ip: 192.168.34.5, host: pr-hdds-2461-6k78x-381033752, networkLocation: /default-rack, certSerialId: null}41abd461-8d18-4f7d-bfbe-907604a0ba0e{ip: 192.168.34.5, host: pr-hdds-2461-6k78x-381033752, networkLocation: /default-rack, certSerialId: null}, Type:RATIS, Factor:THREE, State:OPEN] moved to OPEN state
2019-11-14 13:08:47,135 [41abd461-8d18-4f7d-bfbe-907604a0ba0e@group-818EEA577C3F-LeaderElection1] INFO  grpc.GrpcConfigKeys$Server (ConfUtils.java:logGet(43)) - raft.grpc.server.leader.outstanding.appends.max = 128 (default)
2019-11-14 13:08:47,136 [41abd461-8d18-4f7d-bfbe-907604a0ba0e@group-818EEA577C3F-LeaderElection1] INFO  server.RaftServerConfigKeys (ConfUtils.java:logGet(43)) - raft.server.rpc.request.timeout = 3000ms (default)
2019-11-14 13:08:47,136 [41abd461-8d18-4f7d-bfbe-907604a0ba0e@group-818EEA577C3F-LeaderElection1] INFO  server.RaftServerConfigKeys (ConfUtils.java:logGet(43)) - raft.server.log.appender.install.snapshot.enabled = false (custom)
2019-11-14 13:08:47,137 [41abd461-8d18-4f7d-bfbe-907604a0ba0e@group-818EEA577C3F-LeaderElection1] WARN  impl.MetricRegistriesImpl (MetricRegistriesImpl.java:lambda$create$1(61)) - First MetricRegistry has been created without registering reporters. You may need to call MetricRegistries.global().addReportRegistration(...) before.
2019-11-14 13:08:47,138 [41abd461-8d18-4f7d-bfbe-907604a0ba0e@group-818EEA577C3F-LeaderElection1] INFO  server.RaftServerConfigKeys (ConfUtils.java:logGet(43)) - raft.server.log.appender.snapshot.chunk.size.max = 16MB (=16777216) (default)
2019-11-14 13:08:47,138 [41abd461-8d18-4f7d-bfbe-907604a0ba0e@group-818EEA577C3F-LeaderElection1] INFO  server.RaftServerConfigKeys (ConfUtils.java:logGet(43)) - raft.server.log.appender.buffer.byte-limit = 33554432 (custom)
2019-11-14 13:08:47,138 [41abd461-8d18-4f7d-bfbe-907604a0ba0e@group-818EEA577C3F-LeaderElection1] INFO  server.RaftServerConfigKeys (ConfUtils.java:logGet(43)) - raft.server.log.appender.buffer.element-limit = 1 (custom)
2019-11-14 13:08:47,138 [41abd461-8d18-4f7d-bfbe-907604a0ba0e@group-818EEA577C3F-LeaderElection1] INFO  grpc.GrpcConfigKeys$Server (ConfUtils.java:logGet(43)) - raft.grpc.server.leader.outstanding.appends.max = 128 (default)
2019-11-14 13:08:47,138 [41abd461-8d18-4f7d-bfbe-907604a0ba0e@group-818EEA577C3F-LeaderElection1] INFO  server.RaftServerConfigKeys (ConfUtils.java:logGet(43)) - raft.server.rpc.request.timeout = 3000ms (default)
2019-11-14 13:08:47,138 [41abd461-8d18-4f7d-bfbe-907604a0ba0e@group-818EEA577C3F-LeaderElection1] INFO  server.RaftServerConfigKeys (ConfUtils.java:logGet(43)) - raft.server.log.appender.install.snapshot.enabled = false (custom)
2019-11-14 13:08:47,142 [41abd461-8d18-4f7d-bfbe-907604a0ba0e@group-818EEA577C3F-LeaderElection1] INFO  impl.RoleInfo (RoleInfo.java:updateAndGet(143)) - 41abd461-8d18-4f7d-bfbe-907604a0ba0e: start LeaderState
2019-11-14 13:08:47,147 [57d6645c-693c-4338-9714-c1c857f07c71@group-9E598BC852FF-LeaderElection3] INFO  impl.LeaderElection (LeaderElection.java:askForVotes(178)) - 57d6645c-693c-4338-9714-c1c857f07c71@group-9E598BC852FF-LeaderElection3: begin an election at term 1 for -1: [57d6645c-693c-4338-9714-c1c857f07c71:192.168.34.5:40784], old=null
2019-11-14 13:08:47,148 [57d6645c-693c-4338-9714-c1c857f07c71@group-9E598BC852FF-LeaderElection3] INFO  impl.RoleInfo (RoleInfo.java:shutdownLeaderElection(134)) - 57d6645c-693c-4338-9714-c1c857f07c71: shutdown LeaderElection
2019-11-14 13:08:47,148 [57d6645c-693c-4338-9714-c1c857f07c71@group-9E598BC852FF-LeaderElection3] INFO  impl.RaftServerImpl (RaftServerImpl.java:setRole(173)) - 57d6645c-693c-4338-9714-c1c857f07c71@group-9E598BC852FF: changes role from CANDIDATE to LEADER at term 1 for changeToLeader
2019-11-14 13:08:47,149 [57d6645c-693c-4338-9714-c1c857f07c71@group-9E598BC852FF-LeaderElection3] INFO  ratis.XceiverServerRatis (XceiverServerRatis.java:handleLeaderChangedNotification(697)) - Leader change notification received for group: group-9E598BC852FF with new leaderId: 57d6645c-693c-4338-9714-c1c857f07c71
2019-11-14 13:08:47,149 [57d6645c-693c-4338-9714-c1c857f07c71@group-9E598BC852FF-LeaderElection3] INFO  impl.RaftServerImpl (ServerState.java:setLeader(255)) - 57d6645c-693c-4338-9714-c1c857f07c71@group-9E598BC852FF: change Leader from null to 57d6645c-693c-4338-9714-c1c857f07c71 at term 1 for becomeLeader, leader elected after 5051ms
2019-11-14 13:08:47,150 [57d6645c-693c-4338-9714-c1c857f07c71@group-9E598BC852FF-LeaderElection3] INFO  server.RaftServerConfigKeys (ConfUtils.java:logGet(43)) - raft.server.staging.catchup.gap = 1000 (default)
2019-11-14 13:08:47,150 [57d6645c-693c-4338-9714-c1c857f07c71@group-9E598BC852FF-LeaderElection3] INFO  server.RaftServerConfigKeys (ConfUtils.java:logGet(43)) - raft.server.rpc.sleep.time = 25ms (default)
2019-11-14 13:08:47,150 [57d6645c-693c-4338-9714-c1c857f07c71@group-9E598BC852FF-LeaderElection3] INFO  server.RaftServerConfigKeys (ConfUtils.java:logGet(43)) - raft.server.write.element-limit = 4096 (default)
2019-11-14 13:08:47,151 [57d6645c-693c-4338-9714-c1c857f07c71@group-9E598BC852FF-LeaderElection3] INFO  server.RaftServerConfigKeys (ConfUtils.java:logGet(43)) - raft.server.watch.timeout = 10s (default)
2019-11-14 13:08:47,151 [57d6645c-693c-4338-9714-c1c857f07c71@group-9E598BC852FF-LeaderElection3] INFO  server.RaftServerConfigKeys (ConfUtils.java:logGet(43)) - raft.server.watch.timeout.denomination = 1s (default)
2019-11-14 13:08:47,151 [57d6645c-693c-4338-9714-c1c857f07c71@group-9E598BC852FF-LeaderElection3] INFO  server.RaftServerConfigKeys (ConfUtils.java:logGet(43)) - raft.server.watch.element-limit = 65536 (default)
2019-11-14 13:08:47,151 [57d6645c-693c-4338-9714-c1c857f07c71@group-9E598BC852FF-LeaderElection3] INFO  impl.RoleInfo (RoleInfo.java:updateAndGet(143)) - 57d6645c-693c-4338-9714-c1c857f07c71: start LeaderState
2019-11-14 13:08:47,152 [EventQueue-PipelineReportForPipelineReportHandler] INFO  pipeline.PipelineStateManager (PipelineStateManager.java:openPipeline(134)) - Pipeline Pipeline[ Id: 1984d9b0-72c9-4246-a07f-9e598bc852ff, Nodes: 57d6645c-693c-4338-9714-c1c857f07c71{ip: 192.168.34.5, host: pr-hdds-2461-6k78x-381033752, networkLocation: /default-rack, certSerialId: null}, Type:RATIS, Factor:ONE, State:OPEN] moved to OPEN state
2019-11-14 13:08:47,157 [41abd461-8d18-4f7d-bfbe-907604a0ba0e@group-818EEA577C3F-LeaderElection1] INFO  segmented.SegmentedRaftLogWorker (SegmentedRaftLogWorker.java:startLogSegment(385)) - 41abd461-8d18-4f7d-bfbe-907604a0ba0e@group-818EEA577C3F-SegmentedRaftLogWorker: Starting segment from index:0
2019-11-14 13:08:47,157 [57d6645c-693c-4338-9714-c1c857f07c71@group-9E598BC852FF-LeaderElection3] INFO  segmented.SegmentedRaftLogWorker (SegmentedRaftLogWorker.java:startLogSegment(385)) - 57d6645c-693c-4338-9714-c1c857f07c71@group-9E598BC852FF-SegmentedRaftLogWorker: Starting segment from index:0
2019-11-14 13:08:47,167 [57d6645c-693c-4338-9714-c1c857f07c71@group-9E598BC852FF-LeaderElection3] INFO  impl.RaftServerImpl (ServerState.java:setRaftConf(356)) - 57d6645c-693c-4338-9714-c1c857f07c71@group-9E598BC852FF: set configuration 0: [57d6645c-693c-4338-9714-c1c857f07c71:192.168.34.5:40784], old=null at 0
2019-11-14 13:08:47,167 [41abd461-8d18-4f7d-bfbe-907604a0ba0e@group-818EEA577C3F-LeaderElection1] INFO  impl.RaftServerImpl (ServerState.java:setRaftConf(356)) - 41abd461-8d18-4f7d-bfbe-907604a0ba0e@group-818EEA577C3F: set configuration 0: [41abd461-8d18-4f7d-bfbe-907604a0ba0e:192.168.34.5:37749, 57d6645c-693c-4338-9714-c1c857f07c71:192.168.34.5:40784, e3ed037e-9401-4141-8499-31a07caa9a11:192.168.34.5:37318], old=null at 0
2019-11-14 13:08:47,186 [grpc-default-executor-1] INFO  ratis.XceiverServerRatis (XceiverServerRatis.java:handleLeaderChangedNotification(697)) - Leader change notification received for group: group-818EEA577C3F with new leaderId: 41abd461-8d18-4f7d-bfbe-907604a0ba0e
2019-11-14 13:08:47,186 [grpc-default-executor-0] INFO  ratis.XceiverServerRatis (XceiverServerRatis.java:handleLeaderChangedNotification(697)) - Leader change notification received for group: group-818EEA577C3F with new leaderId: 41abd461-8d18-4f7d-bfbe-907604a0ba0e
2019-11-14 13:08:47,186 [grpc-default-executor-1] INFO  impl.RaftServerImpl (ServerState.java:setLeader(255)) - 57d6645c-693c-4338-9714-c1c857f07c71@group-818EEA577C3F: change Leader from null to 41abd461-8d18-4f7d-bfbe-907604a0ba0e at term 1 for appendEntries, leader elected after 5182ms
2019-11-14 13:08:47,186 [grpc-default-executor-0] INFO  impl.RaftServerImpl (ServerState.java:setLeader(255)) - e3ed037e-9401-4141-8499-31a07caa9a11@group-818EEA577C3F: change Leader from null to 41abd461-8d18-4f7d-bfbe-907604a0ba0e at term 1 for appendEntries, leader elected after 5182ms
2019-11-14 13:08:47,210 [grpc-default-executor-1] INFO  impl.RaftServerImpl (ServerState.java:setRaftConf(356)) - 57d6645c-693c-4338-9714-c1c857f07c71@group-818EEA577C3F: set configuration 0: [41abd461-8d18-4f7d-bfbe-907604a0ba0e:192.168.34.5:37749, 57d6645c-693c-4338-9714-c1c857f07c71:192.168.34.5:40784, e3ed037e-9401-4141-8499-31a07caa9a11:192.168.34.5:37318], old=null at 0
2019-11-14 13:08:47,210 [grpc-default-executor-0] INFO  impl.RaftServerImpl (ServerState.java:setRaftConf(356)) - e3ed037e-9401-4141-8499-31a07caa9a11@group-818EEA577C3F: set configuration 0: [41abd461-8d18-4f7d-bfbe-907604a0ba0e:192.168.34.5:37749, 57d6645c-693c-4338-9714-c1c857f07c71:192.168.34.5:40784, e3ed037e-9401-4141-8499-31a07caa9a11:192.168.34.5:37318], old=null at 0
2019-11-14 13:08:47,210 [grpc-default-executor-1] INFO  segmented.SegmentedRaftLogWorker (SegmentedRaftLogWorker.java:startLogSegment(385)) - 57d6645c-693c-4338-9714-c1c857f07c71@group-818EEA577C3F-SegmentedRaftLogWorker: Starting segment from index:0
2019-11-14 13:08:47,210 [grpc-default-executor-0] INFO  segmented.SegmentedRaftLogWorker (SegmentedRaftLogWorker.java:startLogSegment(385)) - e3ed037e-9401-4141-8499-31a07caa9a11@group-818EEA577C3F-SegmentedRaftLogWorker: Starting segment from index:0
2019-11-14 13:08:47,319 [41abd461-8d18-4f7d-bfbe-907604a0ba0e@group-818EEA577C3F-SegmentedRaftLogWorker] INFO  segmented.SegmentedRaftLogWorker (SegmentedRaftLogWorker.java:execute(576)) - 41abd461-8d18-4f7d-bfbe-907604a0ba0e@group-818EEA577C3F-SegmentedRaftLogWorker: created new log segment /workdir/hadoop-ozone/tools/target/test-dir/MiniOzoneClusterImpl-076fafb8-a8c6-48f2-8837-5b892c7bda8a/datanode-2/data/ratis/635fb509-5743-424e-a2ff-818eea577c3f/current/log_inprogress_0
2019-11-14 13:08:47,319 [e3ed037e-9401-4141-8499-31a07caa9a11@group-818EEA577C3F-SegmentedRaftLogWorker] INFO  segmented.SegmentedRaftLogWorker (SegmentedRaftLogWorker.java:execute(576)) - e3ed037e-9401-4141-8499-31a07caa9a11@group-818EEA577C3F-SegmentedRaftLogWorker: created new log segment /workdir/hadoop-ozone/tools/target/test-dir/MiniOzoneClusterImpl-076fafb8-a8c6-48f2-8837-5b892c7bda8a/datanode-0/data/ratis/635fb509-5743-424e-a2ff-818eea577c3f/current/log_inprogress_0
2019-11-14 13:08:47,319 [57d6645c-693c-4338-9714-c1c857f07c71@group-9E598BC852FF-SegmentedRaftLogWorker] INFO  segmented.SegmentedRaftLogWorker (SegmentedRaftLogWorker.java:execute(576)) - 57d6645c-693c-4338-9714-c1c857f07c71@group-9E598BC852FF-SegmentedRaftLogWorker: created new log segment /workdir/hadoop-ozone/tools/target/test-dir/MiniOzoneClusterImpl-076fafb8-a8c6-48f2-8837-5b892c7bda8a/datanode-1/data/ratis/1984d9b0-72c9-4246-a07f-9e598bc852ff/current/log_inprogress_0
2019-11-14 13:08:47,319 [57d6645c-693c-4338-9714-c1c857f07c71@group-818EEA577C3F-SegmentedRaftLogWorker] INFO  segmented.SegmentedRaftLogWorker (SegmentedRaftLogWorker.java:execute(576)) - 57d6645c-693c-4338-9714-c1c857f07c71@group-818EEA577C3F-SegmentedRaftLogWorker: created new log segment /workdir/hadoop-ozone/tools/target/test-dir/MiniOzoneClusterImpl-076fafb8-a8c6-48f2-8837-5b892c7bda8a/datanode-1/data/ratis/635fb509-5743-424e-a2ff-818eea577c3f/current/log_inprogress_0
2019-11-14 13:08:47,341 [Thread-220] INFO  impl.FollowerState (FollowerState.java:run(111)) - 41abd461-8d18-4f7d-bfbe-907604a0ba0e@group-01E01DB73C19-FollowerState: change to CANDIDATE, lastRpcTime:5061ms, electionTimeout:5061ms
2019-11-14 13:08:47,342 [Thread-220] INFO  impl.RoleInfo (RoleInfo.java:shutdownFollowerState(121)) - 41abd461-8d18-4f7d-bfbe-907604a0ba0e: shutdown FollowerState
2019-11-14 13:08:47,342 [Thread-220] INFO  impl.RaftServerImpl (RaftServerImpl.java:setRole(173)) - 41abd461-8d18-4f7d-bfbe-907604a0ba0e@group-01E01DB73C19: changes role from  FOLLOWER to CANDIDATE at term 0 for changeToCandidate
2019-11-14 13:08:47,342 [Thread-220] INFO  impl.RoleInfo (RoleInfo.java:updateAndGet(143)) - 41abd461-8d18-4f7d-bfbe-907604a0ba0e: start LeaderElection
2019-11-14 13:08:47,365 [Thread-216] INFO  impl.FollowerState (FollowerState.java:run(111)) - e3ed037e-9401-4141-8499-31a07caa9a11@group-0D3526DB1A7C-FollowerState: change to CANDIDATE, lastRpcTime:5186ms, electionTimeout:5186ms
2019-11-14 13:08:47,365 [Thread-216] INFO  impl.RoleInfo (RoleInfo.java:shutdownFollowerState(121)) - e3ed037e-9401-4141-8499-31a07caa9a11: shutdown FollowerState
2019-11-14 13:08:47,365 [Thread-216] INFO  impl.RaftServerImpl (RaftServerImpl.java:setRole(173)) - e3ed037e-9401-4141-8499-31a07caa9a11@group-0D3526DB1A7C: changes role from  FOLLOWER to CANDIDATE at term 0 for changeToCandidate
2019-11-14 13:08:47,365 [Thread-216] INFO  impl.RoleInfo (RoleInfo.java:updateAndGet(143)) - e3ed037e-9401-4141-8499-31a07caa9a11: start LeaderElection
2019-11-14 13:08:47,368 [41abd461-8d18-4f7d-bfbe-907604a0ba0e@group-01E01DB73C19-LeaderElection4] INFO  impl.LeaderElection (LeaderElection.java:askForVotes(178)) - 41abd461-8d18-4f7d-bfbe-907604a0ba0e@group-01E01DB73C19-LeaderElection4: begin an election at term 1 for -1: [41abd461-8d18-4f7d-bfbe-907604a0ba0e:192.168.34.5:37749], old=null
2019-11-14 13:08:47,369 [41abd461-8d18-4f7d-bfbe-907604a0ba0e@group-01E01DB73C19-LeaderElection4] INFO  impl.RoleInfo (RoleInfo.java:shutdownLeaderElection(134)) - 41abd461-8d18-4f7d-bfbe-907604a0ba0e: shutdown LeaderElection
2019-11-14 13:08:47,369 [41abd461-8d18-4f7d-bfbe-907604a0ba0e@group-01E01DB73C19-LeaderElection4] INFO  impl.RaftServerImpl (RaftServerImpl.java:setRole(173)) - 41abd461-8d18-4f7d-bfbe-907604a0ba0e@group-01E01DB73C19: changes role from CANDIDATE to LEADER at term 1 for changeToLeader
2019-11-14 13:08:47,369 [41abd461-8d18-4f7d-bfbe-907604a0ba0e@group-01E01DB73C19-LeaderElection4] INFO  ratis.XceiverServerRatis (XceiverServerRatis.java:handleLeaderChangedNotification(697)) - Leader change notification received for group: group-01E01DB73C19 with new leaderId: 41abd461-8d18-4f7d-bfbe-907604a0ba0e
2019-11-14 13:08:47,369 [41abd461-8d18-4f7d-bfbe-907604a0ba0e@group-01E01DB73C19-LeaderElection4] INFO  impl.RaftServerImpl (ServerState.java:setLeader(255)) - 41abd461-8d18-4f7d-bfbe-907604a0ba0e@group-01E01DB73C19: change Leader from null to 41abd461-8d18-4f7d-bfbe-907604a0ba0e at term 1 for becomeLeader, leader elected after 5092ms
2019-11-14 13:08:47,369 [41abd461-8d18-4f7d-bfbe-907604a0ba0e@group-01E01DB73C19-LeaderElection4] INFO  server.RaftServerConfigKeys (ConfUtils.java:logGet(43)) - raft.server.staging.catchup.gap = 1000 (default)
2019-11-14 13:08:47,369 [41abd461-8d18-4f7d-bfbe-907604a0ba0e@group-01E01DB73C19-LeaderElection4] INFO  server.RaftServerConfigKeys (ConfUtils.java:logGet(43)) - raft.server.rpc.sleep.time = 25ms (default)
2019-11-14 13:08:47,369 [41abd461-8d18-4f7d-bfbe-907604a0ba0e@group-01E01DB73C19-LeaderElection4] INFO  server.RaftServerConfigKeys (ConfUtils.java:logGet(43)) - raft.server.write.element-limit = 4096 (default)
2019-11-14 13:08:47,370 [41abd461-8d18-4f7d-bfbe-907604a0ba0e@group-01E01DB73C19-LeaderElection4] INFO  server.RaftServerConfigKeys (ConfUtils.java:logGet(43)) - raft.server.watch.timeout = 10s (default)
2019-11-14 13:08:47,370 [41abd461-8d18-4f7d-bfbe-907604a0ba0e@group-01E01DB73C19-LeaderElection4] INFO  server.RaftServerConfigKeys (ConfUtils.java:logGet(43)) - raft.server.watch.timeout.denomination = 1s (default)
2019-11-14 13:08:47,370 [41abd461-8d18-4f7d-bfbe-907604a0ba0e@group-01E01DB73C19-LeaderElection4] INFO  server.RaftServerConfigKeys (ConfUtils.java:logGet(43)) - raft.server.watch.element-limit = 65536 (default)
2019-11-14 13:08:47,370 [e3ed037e-9401-4141-8499-31a07caa9a11@group-0D3526DB1A7C-LeaderElection5] INFO  impl.LeaderElection (LeaderElection.java:askForVotes(178)) - e3ed037e-9401-4141-8499-31a07caa9a11@group-0D3526DB1A7C-LeaderElection5: begin an election at term 1 for -1: [e3ed037e-9401-4141-8499-31a07caa9a11:192.168.34.5:37318], old=null
2019-11-14 13:08:47,371 [41abd461-8d18-4f7d-bfbe-907604a0ba0e@group-01E01DB73C19-LeaderElection4] INFO  impl.RoleInfo (RoleInfo.java:updateAndGet(143)) - 41abd461-8d18-4f7d-bfbe-907604a0ba0e: start LeaderState
2019-11-14 13:08:47,371 [e3ed037e-9401-4141-8499-31a07caa9a11@group-0D3526DB1A7C-LeaderElection5] INFO  impl.RoleInfo (RoleInfo.java:shutdownLeaderElection(134)) - e3ed037e-9401-4141-8499-31a07caa9a11: shutdown LeaderElection
2019-11-14 13:08:47,371 [e3ed037e-9401-4141-8499-31a07caa9a11@group-0D3526DB1A7C-LeaderElection5] INFO  impl.RaftServerImpl (RaftServerImpl.java:setRole(173)) - e3ed037e-9401-4141-8499-31a07caa9a11@group-0D3526DB1A7C: changes role from CANDIDATE to LEADER at term 1 for changeToLeader
2019-11-14 13:08:47,371 [41abd461-8d18-4f7d-bfbe-907604a0ba0e@group-01E01DB73C19-LeaderElection4] INFO  segmented.SegmentedRaftLogWorker (SegmentedRaftLogWorker.java:startLogSegment(385)) - 41abd461-8d18-4f7d-bfbe-907604a0ba0e@group-01E01DB73C19-SegmentedRaftLogWorker: Starting segment from index:0
2019-11-14 13:08:47,371 [e3ed037e-9401-4141-8499-31a07caa9a11@group-0D3526DB1A7C-LeaderElection5] INFO  ratis.XceiverServerRatis (XceiverServerRatis.java:handleLeaderChangedNotification(697)) - Leader change notification received for group: group-0D3526DB1A7C with new leaderId: e3ed037e-9401-4141-8499-31a07caa9a11
2019-11-14 13:08:47,372 [e3ed037e-9401-4141-8499-31a07caa9a11@group-0D3526DB1A7C-LeaderElection5] INFO  impl.RaftServerImpl (ServerState.java:setLeader(255)) - e3ed037e-9401-4141-8499-31a07caa9a11@group-0D3526DB1A7C: change Leader from null to e3ed037e-9401-4141-8499-31a07caa9a11 at term 1 for becomeLeader, leader elected after 5197ms
2019-11-14 13:08:47,372 [e3ed037e-9401-4141-8499-31a07caa9a11@group-0D3526DB1A7C-LeaderElection5] INFO  server.RaftServerConfigKeys (ConfUtils.java:logGet(43)) - raft.server.staging.catchup.gap = 1000 (default)
2019-11-14 13:08:47,372 [41abd461-8d18-4f7d-bfbe-907604a0ba0e@group-01E01DB73C19-LeaderElection4] INFO  impl.RaftServerImpl (ServerState.java:setRaftConf(356)) - 41abd461-8d18-4f7d-bfbe-907604a0ba0e@group-01E01DB73C19: set configuration 0: [41abd461-8d18-4f7d-bfbe-907604a0ba0e:192.168.34.5:37749], old=null at 0
2019-11-14 13:08:47,372 [e3ed037e-9401-4141-8499-31a07caa9a11@group-0D3526DB1A7C-LeaderElection5] INFO  server.RaftServerConfigKeys (ConfUtils.java:logGet(43)) - raft.server.rpc.sleep.time = 25ms (default)
2019-11-14 13:08:47,372 [EventQueue-PipelineReportForPipelineReportHandler] INFO  pipeline.PipelineStateManager (PipelineStateManager.java:openPipeline(134)) - Pipeline Pipeline[ Id: a773a0cf-23a5-4b0e-adfc-01e01db73c19, Nodes: 41abd461-8d18-4f7d-bfbe-907604a0ba0e{ip: 192.168.34.5, host: pr-hdds-2461-6k78x-381033752, networkLocation: /default-rack, certSerialId: null}, Type:RATIS, Factor:ONE, State:OPEN] moved to OPEN state
2019-11-14 13:08:47,408 [e3ed037e-9401-4141-8499-31a07caa9a11@group-0D3526DB1A7C-LeaderElection5] INFO  server.RaftServerConfigKeys (ConfUtils.java:logGet(43)) - raft.server.write.element-limit = 4096 (default)
2019-11-14 13:08:47,409 [e3ed037e-9401-4141-8499-31a07caa9a11@group-0D3526DB1A7C-LeaderElection5] INFO  server.RaftServerConfigKeys (ConfUtils.java:logGet(43)) - raft.server.watch.timeout = 10s (default)
2019-11-14 13:08:47,409 [e3ed037e-9401-4141-8499-31a07caa9a11@group-0D3526DB1A7C-LeaderElection5] INFO  server.RaftServerConfigKeys (ConfUtils.java:logGet(43)) - raft.server.watch.timeout.denomination = 1s (default)
2019-11-14 13:08:47,410 [e3ed037e-9401-4141-8499-31a07caa9a11@group-0D3526DB1A7C-LeaderElection5] INFO  server.RaftServerConfigKeys (ConfUtils.java:logGet(43)) - raft.server.watch.element-limit = 65536 (default)
2019-11-14 13:08:47,410 [e3ed037e-9401-4141-8499-31a07caa9a11@group-0D3526DB1A7C-LeaderElection5] INFO  impl.RoleInfo (RoleInfo.java:updateAndGet(143)) - e3ed037e-9401-4141-8499-31a07caa9a11: start LeaderState
2019-11-14 13:08:47,410 [EventQueue-PipelineReportForPipelineReportHandler] INFO  pipeline.PipelineStateManager (PipelineStateManager.java:openPipeline(134)) - Pipeline Pipeline[ Id: e9a8b181-23af-487e-a674-0d3526db1a7c, Nodes: e3ed037e-9401-4141-8499-31a07caa9a11{ip: 192.168.34.5, host: pr-hdds-2461-6k78x-381033752, networkLocation: /default-rack, certSerialId: null}, Type:RATIS, Factor:ONE, State:OPEN] moved to OPEN state
2019-11-14 13:08:47,410 [e3ed037e-9401-4141-8499-31a07caa9a11@group-0D3526DB1A7C-LeaderElection5] INFO  segmented.SegmentedRaftLogWorker (SegmentedRaftLogWorker.java:startLogSegment(385)) - e3ed037e-9401-4141-8499-31a07caa9a11@group-0D3526DB1A7C-SegmentedRaftLogWorker: Starting segment from index:0
2019-11-14 13:08:47,411 [e3ed037e-9401-4141-8499-31a07caa9a11@group-0D3526DB1A7C-LeaderElection5] INFO  impl.RaftServerImpl (ServerState.java:setRaftConf(356)) - e3ed037e-9401-4141-8499-31a07caa9a11@group-0D3526DB1A7C: set configuration 0: [e3ed037e-9401-4141-8499-31a07caa9a11:192.168.34.5:37318], old=null at 0
2019-11-14 13:08:47,444 [41abd461-8d18-4f7d-bfbe-907604a0ba0e@group-01E01DB73C19-SegmentedRaftLogWorker] INFO  segmented.SegmentedRaftLogWorker (SegmentedRaftLogWorker.java:execute(576)) - 41abd461-8d18-4f7d-bfbe-907604a0ba0e@group-01E01DB73C19-SegmentedRaftLogWorker: created new log segment /workdir/hadoop-ozone/tools/target/test-dir/MiniOzoneClusterImpl-076fafb8-a8c6-48f2-8837-5b892c7bda8a/datanode-2/data/ratis/a773a0cf-23a5-4b0e-adfc-01e01db73c19/current/log_inprogress_0
2019-11-14 13:08:47,448 [e3ed037e-9401-4141-8499-31a07caa9a11@group-0D3526DB1A7C-SegmentedRaftLogWorker] INFO  segmented.SegmentedRaftLogWorker (SegmentedRaftLogWorker.java:execute(576)) - e3ed037e-9401-4141-8499-31a07caa9a11@group-0D3526DB1A7C-SegmentedRaftLogWorker: created new log segment /workdir/hadoop-ozone/tools/target/test-dir/MiniOzoneClusterImpl-076fafb8-a8c6-48f2-8837-5b892c7bda8a/datanode-0/data/ratis/e9a8b181-23af-487e-a674-0d3526db1a7c/current/log_inprogress_0
2019-11-14 13:08:47,800 [main] INFO  ozone.MiniOzoneClusterImpl (MiniOzoneClusterImpl.java:lambda$waitForClusterToBeReady$2(171)) - Cluster is ready. Got 3 of 3 DN Heartbeats.
2019-11-14 13:08:48,678 [main] INFO  freon.RandomKeyGenerator (RandomKeyGenerator.java:call(283)) - Number of Threads: 10
2019-11-14 13:08:48,681 [main] INFO  freon.RandomKeyGenerator (RandomKeyGenerator.java:call(288)) - Number of Volumes: 1.
2019-11-14 13:08:48,681 [main] INFO  freon.RandomKeyGenerator (RandomKeyGenerator.java:call(289)) - Number of Buckets per Volume: 1.
2019-11-14 13:08:48,681 [main] INFO  freon.RandomKeyGenerator (RandomKeyGenerator.java:call(290)) - Number of Keys per Bucket: 1.
2019-11-14 13:08:48,681 [main] INFO  freon.RandomKeyGenerator (RandomKeyGenerator.java:call(291)) - Key size: 20971520 bytes
2019-11-14 13:08:48,681 [main] INFO  freon.RandomKeyGenerator (RandomKeyGenerator.java:call(292)) - Buffer size: 4096 bytes
2019-11-14 13:08:48,681 [main] INFO  freon.RandomKeyGenerator (RandomKeyGenerator.java:call(293)) - validateWrites : true
2019-11-14 13:08:48,685 [main] INFO  freon.RandomKeyGenerator (RandomKeyGenerator.java:call(307)) - Data validation is enabled.
2019-11-14 13:08:48,689 [main] INFO  freon.RandomKeyGenerator (RandomKeyGenerator.java:call(313)) - Starting progress bar Thread.

 0.00% |?                                                                                                    |  0/1 Time: 0:00:002019-11-14 13:08:48,721 [pool-53-thread-2] INFO  rpc.RpcClient (RpcClient.java:createVolume(292)) - Creating Volume: vol-0-67377, with jenkins1000 as owner.
2019-11-14 13:08:48,783 [IPC Server handler 1 on 38857] INFO  volume.OMVolumeCreateRequest (OMVolumeCreateRequest.java:validateAndUpdateCache(193)) - created volume:vol-0-67377 for user:jenkins1000
2019-11-14 13:08:48,868 [pool-53-thread-1] INFO  rpc.RpcClient (RpcClient.java:createBucket(431)) - Creating Bucket: vol-0-67377/bucket-0-55637, with Versioning false and Storage Type set to DISK and Encryption set to false 
2019-11-14 13:08:49,063 [pool-53-thread-3] INFO  impl.MetricsSystemImpl (MetricsSystemImpl.java:init(158)) - XceiverClientMetrics metrics system started (again)
 0.00% |?                                                                                                    |  0/1 Time: 0:00:01 100.00% |?????????????????????????????????????????????????????????????????????????????????????????????????????|  1/1 Time: 0:00:02
2019-11-14 13:08:55,956 [main] INFO  pipeline.SCMPipelineManager (SCMPipelineManager.java:finalizeAndDestroyPipeline(315)) - destroying pipeline:Pipeline[ Id: 635fb509-5743-424e-a2ff-818eea577c3f, Nodes: e3ed037e-9401-4141-8499-31a07caa9a11{ip: 192.168.34.5, host: pr-hdds-2461-6k78x-381033752, networkLocation: /default-rack, certSerialId: null}57d6645c-693c-4338-9714-c1c857f07c71{ip: 192.168.34.5, host: pr-hdds-2461-6k78x-381033752, networkLocation: /default-rack, certSerialId: null}41abd461-8d18-4f7d-bfbe-907604a0ba0e{ip: 192.168.34.5, host: pr-hdds-2461-6k78x-381033752, networkLocation: /default-rack, certSerialId: null}, Type:RATIS, Factor:THREE, State:OPEN]
2019-11-14 13:08:55,957 [main] INFO  pipeline.PipelineStateManager (PipelineStateManager.java:finalizePipeline(121)) - Pipeline Pipeline[ Id: 635fb509-5743-424e-a2ff-818eea577c3f, Nodes: e3ed037e-9401-4141-8499-31a07caa9a11{ip: 192.168.34.5, host: pr-hdds-2461-6k78x-381033752, networkLocation: /default-rack, certSerialId: null}57d6645c-693c-4338-9714-c1c857f07c71{ip: 192.168.34.5, host: pr-hdds-2461-6k78x-381033752, networkLocation: /default-rack, certSerialId: null}41abd461-8d18-4f7d-bfbe-907604a0ba0e{ip: 192.168.34.5, host: pr-hdds-2461-6k78x-381033752, networkLocation: /default-rack, certSerialId: null}, Type:RATIS, Factor:THREE, State:CLOSED] moved to CLOSED state
2019-11-14 13:08:55,958 [EventQueue-CloseContainerForCloseContainerEventHandler] INFO  container.CloseContainerEventHandler (CloseContainerEventHandler.java:onMessage(61)) - Close container Event triggered for container : #1
2019-11-14 13:08:55,963 [EventQueue-CloseContainerForCloseContainerEventHandler] INFO  container.CloseContainerEventHandler (CloseContainerEventHandler.java:onMessage(61)) - Close container Event triggered for container : #2
2019-11-14 13:08:55,964 [EventQueue-CloseContainerForCloseContainerEventHandler] INFO  container.CloseContainerEventHandler (CloseContainerEventHandler.java:onMessage(61)) - Close container Event triggered for container : #3
2019-11-14 13:08:55,965 [grpc-default-executor-2] INFO  impl.RaftServerProxy (RaftServerProxy.java:remove(95)) - e3ed037e-9401-4141-8499-31a07caa9a11: remove  FOLLOWER e3ed037e-9401-4141-8499-31a07caa9a11@group-818EEA577C3F:t1, leader=41abd461-8d18-4f7d-bfbe-907604a0ba0e, voted=e3ed037e-9401-4141-8499-31a07caa9a11, raftlog=e3ed037e-9401-4141-8499-31a07caa9a11@group-818EEA577C3F-SegmentedRaftLog:OPENED:c78,f78,i78, conf=0: [41abd461-8d18-4f7d-bfbe-907604a0ba0e:192.168.34.5:37749, 57d6645c-693c-4338-9714-c1c857f07c71:192.168.34.5:40784, e3ed037e-9401-4141-8499-31a07caa9a11:192.168.34.5:37318], old=null RUNNING
2019-11-14 13:08:55,966 [grpc-default-executor-2] INFO  impl.RaftServerImpl (RaftServerImpl.java:lambda$shutdown$3(250)) - e3ed037e-9401-4141-8499-31a07caa9a11@group-818EEA577C3F: shutdown
2019-11-14 13:08:55,967 [grpc-default-executor-2] INFO  util.JmxRegister (JmxRegister.java:unregister(73)) - Successfully un-registered JMX Bean with object name Ratis:service=RaftServer,group=group-818EEA577C3F,id=e3ed037e-9401-4141-8499-31a07caa9a11
2019-11-14 13:08:55,967 [grpc-default-executor-2] INFO  impl.RoleInfo (RoleInfo.java:shutdownFollowerState(121)) - e3ed037e-9401-4141-8499-31a07caa9a11: shutdown FollowerState
2019-11-14 13:08:55,967 [grpc-default-executor-2] INFO  impl.StateMachineUpdater (StateMachineUpdater.java:stopAndJoin(136)) - e3ed037e-9401-4141-8499-31a07caa9a11@group-818EEA577C3F-StateMachineUpdater: set stopIndex = 78
2019-11-14 13:08:55,967 [Thread-229] INFO  impl.FollowerState (FollowerState.java:run(120)) - e3ed037e-9401-4141-8499-31a07caa9a11@group-818EEA577C3F-FollowerState was interrupted: java.lang.InterruptedException: sleep interrupted
2019-11-14 13:08:55,968 [e3ed037e-9401-4141-8499-31a07caa9a11@group-818EEA577C3F-StateMachineUpdater] INFO  ratis.ContainerStateMachine (ContainerStateMachine.java:takeSnapshot(285)) - group-818EEA577C3F: Taking a snapshot at:(t:1, i:76) file /workdir/hadoop-ozone/tools/target/test-dir/MiniOzoneClusterImpl-076fafb8-a8c6-48f2-8837-5b892c7bda8a/datanode-0/data/ratis/635fb509-5743-424e-a2ff-818eea577c3f/sm/snapshot.1_76
2019-11-14 13:08:55,995 [e3ed037e-9401-4141-8499-31a07caa9a11@group-818EEA577C3F-StateMachineUpdater] INFO  ratis.ContainerStateMachine (ContainerStateMachine.java:takeSnapshot(296)) - group-818EEA577C3F: Finished taking a snapshot at:(t:1, i:76) file:/workdir/hadoop-ozone/tools/target/test-dir/MiniOzoneClusterImpl-076fafb8-a8c6-48f2-8837-5b892c7bda8a/datanode-0/data/ratis/635fb509-5743-424e-a2ff-818eea577c3f/sm/snapshot.1_76 time:29
2019-11-14 13:08:55,997 [e3ed037e-9401-4141-8499-31a07caa9a11@group-818EEA577C3F-StateMachineUpdater] INFO  impl.StateMachineUpdater (StateMachineUpdater.java:takeSnapshot(269)) - e3ed037e-9401-4141-8499-31a07caa9a11@group-818EEA577C3F-StateMachineUpdater: Took a snapshot at index 76
2019-11-14 13:08:55,998 [e3ed037e-9401-4141-8499-31a07caa9a11@group-818EEA577C3F-StateMachineUpdater] INFO  impl.StateMachineUpdater (StateMachineUpdater.java:lambda$new$0(84)) - e3ed037e-9401-4141-8499-31a07caa9a11@group-818EEA577C3F-StateMachineUpdater: snapshotIndex: updateIncreasingly -1 -> 76
2019-11-14 13:08:56,007 [e3ed037e-9401-4141-8499-31a07caa9a11@group-818EEA577C3F-StateMachineUpdater] INFO  ratis.ContainerStateMachine (ContainerStateMachine.java:takeSnapshot(285)) - group-818EEA577C3F: Taking a snapshot at:(t:1, i:76) file /workdir/hadoop-ozone/tools/target/test-dir/MiniOzoneClusterImpl-076fafb8-a8c6-48f2-8837-5b892c7bda8a/datanode-0/data/ratis/635fb509-5743-424e-a2ff-818eea577c3f/sm/snapshot.1_76
2019-11-14 13:08:56,019 [e3ed037e-9401-4141-8499-31a07caa9a11@group-818EEA577C3F-StateMachineUpdater] INFO  ratis.ContainerStateMachine (ContainerStateMachine.java:takeSnapshot(296)) - group-818EEA577C3F: Finished taking a snapshot at:(t:1, i:76) file:/workdir/hadoop-ozone/tools/target/test-dir/MiniOzoneClusterImpl-076fafb8-a8c6-48f2-8837-5b892c7bda8a/datanode-0/data/ratis/635fb509-5743-424e-a2ff-818eea577c3f/sm/snapshot.1_76 time:12
2019-11-14 13:08:56,019 [e3ed037e-9401-4141-8499-31a07caa9a11@group-818EEA577C3F-StateMachineUpdater] INFO  impl.StateMachineUpdater (StateMachineUpdater.java:takeSnapshot(269)) - e3ed037e-9401-4141-8499-31a07caa9a11@group-818EEA577C3F-StateMachineUpdater: Took a snapshot at index 76
2019-11-14 13:08:56,019 [e3ed037e-9401-4141-8499-31a07caa9a11@group-818EEA577C3F-StateMachineUpdater] INFO  impl.StateMachineUpdater (StateMachineUpdater.java:lambda$new$0(84)) - e3ed037e-9401-4141-8499-31a07caa9a11@group-818EEA577C3F-StateMachineUpdater: snapshotIndex: updateIncreasingly 76 -> 76
2019-11-14 13:08:56,019 [grpc-default-executor-2] INFO  impl.RaftServerImpl (ServerState.java:close(387)) - e3ed037e-9401-4141-8499-31a07caa9a11@group-818EEA577C3F: closes. applyIndex: 78
2019-11-14 13:08:56,020 [e3ed037e-9401-4141-8499-31a07caa9a11@group-818EEA577C3F-SegmentedRaftLogWorker] INFO  segmented.SegmentedRaftLogWorker (SegmentedRaftLogWorker.java:run(316)) - e3ed037e-9401-4141-8499-31a07caa9a11@group-818EEA577C3F-SegmentedRaftLogWorker was interrupted, exiting. There are 0 tasks remaining in the queue.
2019-11-14 13:08:56,021 [grpc-default-executor-2] INFO  segmented.SegmentedRaftLogWorker (SegmentedRaftLogWorker.java:close(224)) - e3ed037e-9401-4141-8499-31a07caa9a11@group-818EEA577C3F-SegmentedRaftLogWorker close()
2019-11-14 13:08:56,056 [grpc-default-executor-2] INFO  interfaces.Container (KeyValueContainer.java:flushAndSyncDB(400)) - Container 1 is synced with bcsId 60.
2019-11-14 13:08:56,057 [grpc-default-executor-2] INFO  interfaces.Container (KeyValueContainer.java:flushAndSyncDB(400)) - Container 1 is synced with bcsId 60.
2019-11-14 13:08:56,072 [EventQueue-IncrementalContainerReportForIncrementalContainerReportHandler] INFO  container.IncrementalContainerReportHandler (AbstractContainerReportHandler.java:updateContainerState(171)) - Moving container #1 to QUASI_CLOSED state, datanode e3ed037e-9401-4141-8499-31a07caa9a11{ip: 192.168.34.5, host: pr-hdds-2461-6k78x-381033752, networkLocation: /default-rack, certSerialId: null} reported QUASI_CLOSED replica.
2019-11-14 13:08:56,086 [grpc-default-executor-2] INFO  interfaces.Container (KeyValueContainer.java:flushAndSyncDB(400)) - Container 2 is synced with bcsId 76.
2019-11-14 13:08:56,087 [grpc-default-executor-2] INFO  interfaces.Container (KeyValueContainer.java:flushAndSyncDB(400)) - Container 2 is synced with bcsId 76.
2019-11-14 13:08:56,102 [EventQueue-IncrementalContainerReportForIncrementalContainerReportHandler] INFO  container.IncrementalContainerReportHandler (AbstractContainerReportHandler.java:updateContainerState(171)) - Moving container #2 to QUASI_CLOSED state, datanode e3ed037e-9401-4141-8499-31a07caa9a11{ip: 192.168.34.5, host: pr-hdds-2461-6k78x-381033752, networkLocation: /default-rack, certSerialId: null} reported QUASI_CLOSED replica.
2019-11-14 13:08:56,116 [grpc-default-executor-2] INFO  interfaces.Container (KeyValueContainer.java:flushAndSyncDB(400)) - Container 3 is synced with bcsId 42.
2019-11-14 13:08:56,116 [grpc-default-executor-2] INFO  interfaces.Container (KeyValueContainer.java:flushAndSyncDB(400)) - Container 3 is synced with bcsId 42.
2019-11-14 13:08:56,132 [EventQueue-IncrementalContainerReportForIncrementalContainerReportHandler] INFO  container.IncrementalContainerReportHandler (AbstractContainerReportHandler.java:updateContainerState(171)) - Moving container #3 to QUASI_CLOSED state, datanode e3ed037e-9401-4141-8499-31a07caa9a11{ip: 192.168.34.5, host: pr-hdds-2461-6k78x-381033752, networkLocation: /default-rack, certSerialId: null} reported QUASI_CLOSED replica.
2019-11-14 13:08:56,141 [grpc-default-executor-2] INFO  impl.RaftServerProxy (RaftServerProxy.java:remove(95)) - 57d6645c-693c-4338-9714-c1c857f07c71: remove  FOLLOWER 57d6645c-693c-4338-9714-c1c857f07c71@group-818EEA577C3F:t1, leader=41abd461-8d18-4f7d-bfbe-907604a0ba0e, voted=41abd461-8d18-4f7d-bfbe-907604a0ba0e, raftlog=57d6645c-693c-4338-9714-c1c857f07c71@group-818EEA577C3F-SegmentedRaftLog:OPENED:c78,f78,i78, conf=0: [41abd461-8d18-4f7d-bfbe-907604a0ba0e:192.168.34.5:37749, 57d6645c-693c-4338-9714-c1c857f07c71:192.168.34.5:40784, e3ed037e-9401-4141-8499-31a07caa9a11:192.168.34.5:37318], old=null RUNNING
2019-11-14 13:08:56,141 [grpc-default-executor-2] INFO  impl.RaftServerImpl (RaftServerImpl.java:lambda$shutdown$3(250)) - 57d6645c-693c-4338-9714-c1c857f07c71@group-818EEA577C3F: shutdown
2019-11-14 13:08:56,142 [grpc-default-executor-2] INFO  util.JmxRegister (JmxRegister.java:unregister(73)) - Successfully un-registered JMX Bean with object name Ratis:service=RaftServer,group=group-818EEA577C3F,id=57d6645c-693c-4338-9714-c1c857f07c71
2019-11-14 13:08:56,142 [grpc-default-executor-2] INFO  impl.RoleInfo (RoleInfo.java:shutdownFollowerState(121)) - 57d6645c-693c-4338-9714-c1c857f07c71: shutdown FollowerState
2019-11-14 13:08:56,142 [grpc-default-executor-2] INFO  impl.StateMachineUpdater (StateMachineUpdater.java:stopAndJoin(136)) - 57d6645c-693c-4338-9714-c1c857f07c71@group-818EEA577C3F-StateMachineUpdater: set stopIndex = 78
2019-11-14 13:08:56,142 [57d6645c-693c-4338-9714-c1c857f07c71@group-818EEA577C3F-StateMachineUpdater] INFO  ratis.ContainerStateMachine (ContainerStateMachine.java:takeSnapshot(285)) - group-818EEA577C3F: Taking a snapshot at:(t:1, i:76) file /workdir/hadoop-ozone/tools/target/test-dir/MiniOzoneClusterImpl-076fafb8-a8c6-48f2-8837-5b892c7bda8a/datanode-1/data/ratis/635fb509-5743-424e-a2ff-818eea577c3f/sm/snapshot.1_76
2019-11-14 13:08:56,142 [Thread-226] INFO  impl.FollowerState (FollowerState.java:run(120)) - 57d6645c-693c-4338-9714-c1c857f07c71@group-818EEA577C3F-FollowerState was interrupted: java.lang.InterruptedException: sleep interrupted
2019-11-14 13:08:56,169 [57d6645c-693c-4338-9714-c1c857f07c71@group-818EEA577C3F-StateMachineUpdater] INFO  ratis.ContainerStateMachine (ContainerStateMachine.java:takeSnapshot(296)) - group-818EEA577C3F: Finished taking a snapshot at:(t:1, i:76) file:/workdir/hadoop-ozone/tools/target/test-dir/MiniOzoneClusterImpl-076fafb8-a8c6-48f2-8837-5b892c7bda8a/datanode-1/data/ratis/635fb509-5743-424e-a2ff-818eea577c3f/sm/snapshot.1_76 time:26
2019-11-14 13:08:56,169 [57d6645c-693c-4338-9714-c1c857f07c71@group-818EEA577C3F-StateMachineUpdater] INFO  impl.StateMachineUpdater (StateMachineUpdater.java:takeSnapshot(269)) - 57d6645c-693c-4338-9714-c1c857f07c71@group-818EEA577C3F-StateMachineUpdater: Took a snapshot at index 76
2019-11-14 13:08:56,170 [57d6645c-693c-4338-9714-c1c857f07c71@group-818EEA577C3F-StateMachineUpdater] INFO  impl.StateMachineUpdater (StateMachineUpdater.java:lambda$new$0(84)) - 57d6645c-693c-4338-9714-c1c857f07c71@group-818EEA577C3F-StateMachineUpdater: snapshotIndex: updateIncreasingly -1 -> 76
2019-11-14 13:08:56,170 [57d6645c-693c-4338-9714-c1c857f07c71@group-818EEA577C3F-StateMachineUpdater] INFO  ratis.ContainerStateMachine (ContainerStateMachine.java:takeSnapshot(285)) - group-818EEA577C3F: Taking a snapshot at:(t:1, i:76) file /workdir/hadoop-ozone/tools/target/test-dir/MiniOzoneClusterImpl-076fafb8-a8c6-48f2-8837-5b892c7bda8a/datanode-1/data/ratis/635fb509-5743-424e-a2ff-818eea577c3f/sm/snapshot.1_76
2019-11-14 13:08:56,184 [57d6645c-693c-4338-9714-c1c857f07c71@group-818EEA577C3F-StateMachineUpdater] INFO  ratis.ContainerStateMachine (ContainerStateMachine.java:takeSnapshot(296)) - group-818EEA577C3F: Finished taking a snapshot at:(t:1, i:76) file:/workdir/hadoop-ozone/tools/target/test-dir/MiniOzoneClusterImpl-076fafb8-a8c6-48f2-8837-5b892c7bda8a/datanode-1/data/ratis/635fb509-5743-424e-a2ff-818eea577c3f/sm/snapshot.1_76 time:14
2019-11-14 13:08:56,184 [57d6645c-693c-4338-9714-c1c857f07c71@group-818EEA577C3F-StateMachineUpdater] INFO  impl.StateMachineUpdater (StateMachineUpdater.java:takeSnapshot(269)) - 57d6645c-693c-4338-9714-c1c857f07c71@group-818EEA577C3F-StateMachineUpdater: Took a snapshot at index 76
2019-11-14 13:08:56,184 [57d6645c-693c-4338-9714-c1c857f07c71@group-818EEA577C3F-StateMachineUpdater] INFO  impl.StateMachineUpdater (StateMachineUpdater.java:lambda$new$0(84)) - 57d6645c-693c-4338-9714-c1c857f07c71@group-818EEA577C3F-StateMachineUpdater: snapshotIndex: updateIncreasingly 76 -> 76
2019-11-14 13:08:56,184 [grpc-default-executor-2] INFO  impl.RaftServerImpl (ServerState.java:close(387)) - 57d6645c-693c-4338-9714-c1c857f07c71@group-818EEA577C3F: closes. applyIndex: 78
2019-11-14 13:08:56,185 [57d6645c-693c-4338-9714-c1c857f07c71@group-818EEA577C3F-SegmentedRaftLogWorker] INFO  segmented.SegmentedRaftLogWorker (SegmentedRaftLogWorker.java:run(316)) - 57d6645c-693c-4338-9714-c1c857f07c71@group-818EEA577C3F-SegmentedRaftLogWorker was interrupted, exiting. There are 0 tasks remaining in the queue.
2019-11-14 13:08:56,186 [grpc-default-executor-2] INFO  segmented.SegmentedRaftLogWorker (SegmentedRaftLogWorker.java:close(224)) - 57d6645c-693c-4338-9714-c1c857f07c71@group-818EEA577C3F-SegmentedRaftLogWorker close()
2019-11-14 13:08:56,212 [grpc-default-executor-2] INFO  interfaces.Container (KeyValueContainer.java:flushAndSyncDB(400)) - Container 1 is synced with bcsId 60.
2019-11-14 13:08:56,212 [grpc-default-executor-2] INFO  interfaces.Container (KeyValueContainer.java:flushAndSyncDB(400)) - Container 1 is synced with bcsId 60.
2019-11-14 13:08:56,245 [grpc-default-executor-2] INFO  interfaces.Container (KeyValueContainer.java:flushAndSyncDB(400)) - Container 2 is synced with bcsId 76.
2019-11-14 13:08:56,245 [grpc-default-executor-2] INFO  interfaces.Container (KeyValueContainer.java:flushAndSyncDB(400)) - Container 2 is synced with bcsId 76.
2019-11-14 13:08:56,257 [grpc-default-executor-2] INFO  interfaces.Container (KeyValueContainer.java:flushAndSyncDB(400)) - Container 3 is synced with bcsId 42.
2019-11-14 13:08:56,257 [grpc-default-executor-2] INFO  interfaces.Container (KeyValueContainer.java:flushAndSyncDB(400)) - Container 3 is synced with bcsId 42.
2019-11-14 13:08:56,272 [grpc-default-executor-2] INFO  impl.RaftServerProxy (RaftServerProxy.java:remove(95)) - 41abd461-8d18-4f7d-bfbe-907604a0ba0e: remove    LEADER 41abd461-8d18-4f7d-bfbe-907604a0ba0e@group-818EEA577C3F:t1, leader=41abd461-8d18-4f7d-bfbe-907604a0ba0e, voted=41abd461-8d18-4f7d-bfbe-907604a0ba0e, raftlog=41abd461-8d18-4f7d-bfbe-907604a0ba0e@group-818EEA577C3F-SegmentedRaftLog:OPENED:c78,f78,i78, conf=0: [41abd461-8d18-4f7d-bfbe-907604a0ba0e:192.168.34.5:37749, 57d6645c-693c-4338-9714-c1c857f07c71:192.168.34.5:40784, e3ed037e-9401-4141-8499-31a07caa9a11:192.168.34.5:37318], old=null RUNNING
2019-11-14 13:08:56,272 [grpc-default-executor-2] INFO  impl.RaftServerImpl (RaftServerImpl.java:lambda$shutdown$3(250)) - 41abd461-8d18-4f7d-bfbe-907604a0ba0e@group-818EEA577C3F: shutdown
2019-11-14 13:08:56,273 [grpc-default-executor-2] INFO  util.JmxRegister (JmxRegister.java:unregister(73)) - Successfully un-registered JMX Bean with object name Ratis:service=RaftServer,group=group-818EEA577C3F,id=41abd461-8d18-4f7d-bfbe-907604a0ba0e
2019-11-14 13:08:56,273 [grpc-default-executor-2] INFO  impl.RoleInfo (RoleInfo.java:shutdownLeaderState(104)) - 41abd461-8d18-4f7d-bfbe-907604a0ba0e: shutdown LeaderState
2019-11-14 13:08:56,275 [org.apache.ratis.server.impl.LogAppender$AppenderDaemon$$Lambda$374/180683459@26b93790] WARN  server.GrpcLogAppender (GrpcLogAppender.java:mayWait(151)) - 41abd461-8d18-4f7d-bfbe-907604a0ba0e@group-818EEA577C3F->57d6645c-693c-4338-9714-c1c857f07c71-GrpcLogAppender: Wait interrupted by java.lang.InterruptedException
2019-11-14 13:08:56,275 [org.apache.ratis.server.impl.LogAppender$AppenderDaemon$$Lambda$374/180683459@acf79e9] WARN  server.GrpcLogAppender (GrpcLogAppender.java:mayWait(151)) - 41abd461-8d18-4f7d-bfbe-907604a0ba0e@group-818EEA577C3F->e3ed037e-9401-4141-8499-31a07caa9a11-GrpcLogAppender: Wait interrupted by java.lang.InterruptedException
2019-11-14 13:08:56,275 [grpc-default-executor-2] INFO  impl.PendingRequests (PendingRequests.java:sendNotLeaderResponses(206)) - 41abd461-8d18-4f7d-bfbe-907604a0ba0e@group-818EEA577C3F-PendingRequests: sendNotLeaderResponses
2019-11-14 13:08:56,281 [grpc-default-executor-3] INFO  server.GrpcServerProtocolService (GrpcServerProtocolService.java:onCompleted(113)) - 57d6645c-693c-4338-9714-c1c857f07c71: Completed APPEND_ENTRIES, lastRequest: 41abd461-8d18-4f7d-bfbe-907604a0ba0e->57d6645c-693c-4338-9714-c1c857f07c71#81-t1, previous=(t:1, i:78), leaderCommit=78, initializing? false, entries: <empty>
2019-11-14 13:08:56,281 [grpc-default-executor-1] INFO  server.GrpcServerProtocolService (GrpcServerProtocolService.java:onCompleted(113)) - e3ed037e-9401-4141-8499-31a07caa9a11: Completed APPEND_ENTRIES, lastRequest: 41abd461-8d18-4f7d-bfbe-907604a0ba0e->e3ed037e-9401-4141-8499-31a07caa9a11#81-t1, previous=(t:1, i:78), leaderCommit=78, initializing? false, entries: <empty>
2019-11-14 13:08:56,283 [grpc-default-executor-2] INFO  impl.StateMachineUpdater (StateMachineUpdater.java:stopAndJoin(136)) - 41abd461-8d18-4f7d-bfbe-907604a0ba0e@group-818EEA577C3F-StateMachineUpdater: set stopIndex = 78
2019-11-14 13:08:56,283 [41abd461-8d18-4f7d-bfbe-907604a0ba0e@group-818EEA577C3F-StateMachineUpdater] INFO  ratis.ContainerStateMachine (ContainerStateMachine.java:takeSnapshot(285)) - group-818EEA577C3F: Taking a snapshot at:(t:1, i:76) file /workdir/hadoop-ozone/tools/target/test-dir/MiniOzoneClusterImpl-076fafb8-a8c6-48f2-8837-5b892c7bda8a/datanode-2/data/ratis/635fb509-5743-424e-a2ff-818eea577c3f/sm/snapshot.1_76
2019-11-14 13:08:56,283 [grpc-default-executor-1] INFO  server.GrpcLogAppender (GrpcLogAppender.java:onCompleted(308)) - 41abd461-8d18-4f7d-bfbe-907604a0ba0e@group-818EEA577C3F->57d6645c-693c-4338-9714-c1c857f07c71-AppendLogResponseHandler: follower responses appendEntries COMPLETED
2019-11-14 13:08:56,284 [grpc-default-executor-0] INFO  server.GrpcLogAppender (GrpcLogAppender.java:onCompleted(308)) - 41abd461-8d18-4f7d-bfbe-907604a0ba0e@group-818EEA577C3F->e3ed037e-9401-4141-8499-31a07caa9a11-AppendLogResponseHandler: follower responses appendEntries COMPLETED
2019-11-14 13:08:56,288 [grpc-default-executor-1] INFO  impl.FollowerInfo (FollowerInfo.java:lambda$new$0(51)) - 41abd461-8d18-4f7d-bfbe-907604a0ba0e@group-818EEA577C3F->57d6645c-693c-4338-9714-c1c857f07c71: nextIndex: updateUnconditionally 79 -> 78
2019-11-14 13:08:56,288 [grpc-default-executor-0] INFO  impl.FollowerInfo (FollowerInfo.java:lambda$new$0(51)) - 41abd461-8d18-4f7d-bfbe-907604a0ba0e@group-818EEA577C3F->e3ed037e-9401-4141-8499-31a07caa9a11: nextIndex: updateUnconditionally 79 -> 78
2019-11-14 13:08:56,308 [41abd461-8d18-4f7d-bfbe-907604a0ba0e@group-818EEA577C3F-StateMachineUpdater] INFO  ratis.ContainerStateMachine (ContainerStateMachine.java:takeSnapshot(296)) - group-818EEA577C3F: Finished taking a snapshot at:(t:1, i:76) file:/workdir/hadoop-ozone/tools/target/test-dir/MiniOzoneClusterImpl-076fafb8-a8c6-48f2-8837-5b892c7bda8a/datanode-2/data/ratis/635fb509-5743-424e-a2ff-818eea577c3f/sm/snapshot.1_76 time:26
2019-11-14 13:08:56,309 [41abd461-8d18-4f7d-bfbe-907604a0ba0e@group-818EEA577C3F-StateMachineUpdater] INFO  impl.StateMachineUpdater (StateMachineUpdater.java:takeSnapshot(269)) - 41abd461-8d18-4f7d-bfbe-907604a0ba0e@group-818EEA577C3F-StateMachineUpdater: Took a snapshot at index 76
2019-11-14 13:08:56,309 [41abd461-8d18-4f7d-bfbe-907604a0ba0e@group-818EEA577C3F-StateMachineUpdater] INFO  impl.StateMachineUpdater (StateMachineUpdater.java:lambda$new$0(84)) - 41abd461-8d18-4f7d-bfbe-907604a0ba0e@group-818EEA577C3F-StateMachineUpdater: snapshotIndex: updateIncreasingly -1 -> 76
2019-11-14 13:08:56,309 [41abd461-8d18-4f7d-bfbe-907604a0ba0e@group-818EEA577C3F-StateMachineUpdater] INFO  ratis.ContainerStateMachine (ContainerStateMachine.java:takeSnapshot(285)) - group-818EEA577C3F: Taking a snapshot at:(t:1, i:76) file /workdir/hadoop-ozone/tools/target/test-dir/MiniOzoneClusterImpl-076fafb8-a8c6-48f2-8837-5b892c7bda8a/datanode-2/data/ratis/635fb509-5743-424e-a2ff-818eea577c3f/sm/snapshot.1_76
2019-11-14 13:08:56,335 [41abd461-8d18-4f7d-bfbe-907604a0ba0e@group-818EEA577C3F-StateMachineUpdater] INFO  ratis.ContainerStateMachine (ContainerStateMachine.java:takeSnapshot(296)) - group-818EEA577C3F: Finished taking a snapshot at:(t:1, i:76) file:/workdir/hadoop-ozone/tools/target/test-dir/MiniOzoneClusterImpl-076fafb8-a8c6-48f2-8837-5b892c7bda8a/datanode-2/data/ratis/635fb509-5743-424e-a2ff-818eea577c3f/sm/snapshot.1_76 time:25
2019-11-14 13:08:56,335 [41abd461-8d18-4f7d-bfbe-907604a0ba0e@group-818EEA577C3F-StateMachineUpdater] INFO  impl.StateMachineUpdater (StateMachineUpdater.java:takeSnapshot(269)) - 41abd461-8d18-4f7d-bfbe-907604a0ba0e@group-818EEA577C3F-StateMachineUpdater: Took a snapshot at index 76
2019-11-14 13:08:56,335 [41abd461-8d18-4f7d-bfbe-907604a0ba0e@group-818EEA577C3F-StateMachineUpdater] INFO  impl.StateMachineUpdater (StateMachineUpdater.java:lambda$new$0(84)) - 41abd461-8d18-4f7d-bfbe-907604a0ba0e@group-818EEA577C3F-StateMachineUpdater: snapshotIndex: updateIncreasingly 76 -> 76
2019-11-14 13:08:56,335 [grpc-default-executor-2] INFO  impl.RaftServerImpl (ServerState.java:close(387)) - 41abd461-8d18-4f7d-bfbe-907604a0ba0e@group-818EEA577C3F: closes. applyIndex: 78
2019-11-14 13:08:56,336 [41abd461-8d18-4f7d-bfbe-907604a0ba0e@group-818EEA577C3F-SegmentedRaftLogWorker] INFO  segmented.SegmentedRaftLogWorker (SegmentedRaftLogWorker.java:run(316)) - 41abd461-8d18-4f7d-bfbe-907604a0ba0e@group-818EEA577C3F-SegmentedRaftLogWorker was interrupted, exiting. There are 0 tasks remaining in the queue.
2019-11-14 13:08:56,337 [grpc-default-executor-2] INFO  segmented.SegmentedRaftLogWorker (SegmentedRaftLogWorker.java:close(224)) - 41abd461-8d18-4f7d-bfbe-907604a0ba0e@group-818EEA577C3F-SegmentedRaftLogWorker close()
2019-11-14 13:08:56,376 [grpc-default-executor-2] INFO  interfaces.Container (KeyValueContainer.java:flushAndSyncDB(400)) - Container 1 is synced with bcsId 60.
2019-11-14 13:08:56,376 [grpc-default-executor-2] INFO  interfaces.Container (KeyValueContainer.java:flushAndSyncDB(400)) - Container 1 is synced with bcsId 60.
2019-11-14 13:08:56,441 [grpc-default-executor-2] INFO  interfaces.Container (KeyValueContainer.java:flushAndSyncDB(400)) - Container 2 is synced with bcsId 76.
2019-11-14 13:08:56,441 [grpc-default-executor-2] INFO  interfaces.Container (KeyValueContainer.java:flushAndSyncDB(400)) - Container 2 is synced with bcsId 76.
2019-11-14 13:08:56,462 [grpc-default-executor-2] INFO  interfaces.Container (KeyValueContainer.java:flushAndSyncDB(400)) - Container 3 is synced with bcsId 42.
2019-11-14 13:08:56,463 [grpc-default-executor-2] INFO  interfaces.Container (KeyValueContainer.java:flushAndSyncDB(400)) - Container 3 is synced with bcsId 42.
2019-11-14 13:08:56,472 [main] INFO  pipeline.PipelineStateManager (PipelineStateManager.java:removePipeline(106)) - Pipeline Pipeline[ Id: 635fb509-5743-424e-a2ff-818eea577c3f, Nodes: e3ed037e-9401-4141-8499-31a07caa9a11{ip: 192.168.34.5, host: pr-hdds-2461-6k78x-381033752, networkLocation: /default-rack, certSerialId: null}57d6645c-693c-4338-9714-c1c857f07c71{ip: 192.168.34.5, host: pr-hdds-2461-6k78x-381033752, networkLocation: /default-rack, certSerialId: null}41abd461-8d18-4f7d-bfbe-907604a0ba0e{ip: 192.168.34.5, host: pr-hdds-2461-6k78x-381033752, networkLocation: /default-rack, certSerialId: null}, Type:RATIS, Factor:THREE, State:CLOSED] removed from db
2019-11-14 13:08:56,483 [grpc-default-executor-1] INFO  impl.RaftServerProxy (RaftServerProxy.java:addNew(89)) - 41abd461-8d18-4f7d-bfbe-907604a0ba0e: addNew group-50225AAD94E6:[41abd461-8d18-4f7d-bfbe-907604a0ba0e:192.168.34.5:37749, 57d6645c-693c-4338-9714-c1c857f07c71:192.168.34.5:40784, e3ed037e-9401-4141-8499-31a07caa9a11:192.168.34.5:37318] returns group-50225AAD94E6:java.util.concurrent.CompletableFuture@72940c2d[Not completed]
2019-11-14 13:08:56,483 [grpc-default-executor-0] INFO  impl.RaftServerProxy (RaftServerProxy.java:addNew(89)) - 57d6645c-693c-4338-9714-c1c857f07c71: addNew group-50225AAD94E6:[41abd461-8d18-4f7d-bfbe-907604a0ba0e:192.168.34.5:37749, 57d6645c-693c-4338-9714-c1c857f07c71:192.168.34.5:40784, e3ed037e-9401-4141-8499-31a07caa9a11:192.168.34.5:37318] returns group-50225AAD94E6:java.util.concurrent.CompletableFuture@41cda51c[Not completed]
2019-11-14 13:08:56,484 [grpc-default-executor-2] INFO  impl.RaftServerProxy (RaftServerProxy.java:addNew(89)) - e3ed037e-9401-4141-8499-31a07caa9a11: addNew group-50225AAD94E6:[41abd461-8d18-4f7d-bfbe-907604a0ba0e:192.168.34.5:37749, 57d6645c-693c-4338-9714-c1c857f07c71:192.168.34.5:40784, e3ed037e-9401-4141-8499-31a07caa9a11:192.168.34.5:37318] returns group-50225AAD94E6:java.util.concurrent.CompletableFuture@44ec19c8[Not completed]
2019-11-14 13:08:56,487 [pool-37-thread-1] INFO  impl.RaftServerImpl (RaftServerImpl.java:<init>(98)) - 57d6645c-693c-4338-9714-c1c857f07c71: new RaftServerImpl for group-50225AAD94E6:[41abd461-8d18-4f7d-bfbe-907604a0ba0e:192.168.34.5:37749, 57d6645c-693c-4338-9714-c1c857f07c71:192.168.34.5:40784, e3ed037e-9401-4141-8499-31a07caa9a11:192.168.34.5:37318] with ContainerStateMachine:uninitialized
2019-11-14 13:08:56,487 [pool-37-thread-1] INFO  server.RaftServerConfigKeys (ConfUtils.java:logGet(43)) - raft.server.rpc.timeout.min = 5s (custom)
2019-11-14 13:08:56,487 [pool-37-thread-1] INFO  server.RaftServerConfigKeys (ConfUtils.java:logGet(43)) - raft.server.rpc.timeout.max = 5200ms (custom)
2019-11-14 13:08:56,487 [pool-37-thread-1] INFO  server.RaftServerConfigKeys (ConfUtils.java:logGet(43)) - raft.server.rpcslowness.timeout = 120s (custom)
2019-11-14 13:08:56,487 [pool-37-thread-1] INFO  server.RaftServerConfigKeys (ConfUtils.java:logGet(43)) - raft.server.sleep.deviation.threshold = 300 (default)
2019-11-14 13:08:56,488 [pool-37-thread-1] INFO  server.RaftServerConfigKeys (ConfUtils.java:logGet(43)) - raft.server.log.appender.install.snapshot.enabled = false (custom)
2019-11-14 13:08:56,488 [pool-37-thread-1] INFO  impl.RaftServerImpl (ServerState.java:<init>(103)) - 57d6645c-693c-4338-9714-c1c857f07c71@group-50225AAD94E6: ConfigurationManager, init=-1: [41abd461-8d18-4f7d-bfbe-907604a0ba0e:192.168.34.5:37749, 57d6645c-693c-4338-9714-c1c857f07c71:192.168.34.5:40784, e3ed037e-9401-4141-8499-31a07caa9a11:192.168.34.5:37318], old=null, confs=<EMPTY_MAP>
2019-11-14 13:08:56,488 [pool-37-thread-1] INFO  server.RaftServerConfigKeys (ConfUtils.java:logGet(43)) - raft.server.storage.dir = [/workdir/hadoop-ozone/tools/target/test-dir/MiniOzoneClusterImpl-076fafb8-a8c6-48f2-8837-5b892c7bda8a/datanode-1/data/ratis] (custom)
2019-11-14 13:08:56,488 [pool-37-thread-1] INFO  server.RaftServerConfigKeys (ConfUtils.java:logGet(43)) - raft.server.log.corruption.policy = EXCEPTION (default)
2019-11-14 13:08:56,488 [pool-27-thread-1] INFO  impl.RaftServerImpl (RaftServerImpl.java:<init>(98)) - e3ed037e-9401-4141-8499-31a07caa9a11: new RaftServerImpl for group-50225AAD94E6:[41abd461-8d18-4f7d-bfbe-907604a0ba0e:192.168.34.5:37749, 57d6645c-693c-4338-9714-c1c857f07c71:192.168.34.5:40784, e3ed037e-9401-4141-8499-31a07caa9a11:192.168.34.5:37318] with ContainerStateMachine:uninitialized
2019-11-14 13:08:56,488 [pool-37-thread-1] INFO  storage.RaftStorageDirectory (RaftStorageDirectory.java:analyzeStorage(246)) - The storage directory /workdir/hadoop-ozone/tools/target/test-dir/MiniOzoneClusterImpl-076fafb8-a8c6-48f2-8837-5b892c7bda8a/datanode-1/data/ratis/ec1762eb-2043-4a13-a2b4-50225aad94e6 does not exist. Creating ...
2019-11-14 13:08:56,488 [pool-27-thread-1] INFO  server.RaftServerConfigKeys (ConfUtils.java:logGet(43)) - raft.server.rpc.timeout.min = 5s (custom)
2019-11-14 13:08:56,489 [pool-27-thread-1] INFO  server.RaftServerConfigKeys (ConfUtils.java:logGet(43)) - raft.server.rpc.timeout.max = 5200ms (custom)
2019-11-14 13:08:56,489 [pool-27-thread-1] INFO  server.RaftServerConfigKeys (ConfUtils.java:logGet(43)) - raft.server.rpcslowness.timeout = 120s (custom)
2019-11-14 13:08:56,489 [pool-47-thread-1] INFO  impl.RaftServerImpl (RaftServerImpl.java:<init>(98)) - 41abd461-8d18-4f7d-bfbe-907604a0ba0e: new RaftServerImpl for group-50225AAD94E6:[41abd461-8d18-4f7d-bfbe-907604a0ba0e:192.168.34.5:37749, 57d6645c-693c-4338-9714-c1c857f07c71:192.168.34.5:40784, e3ed037e-9401-4141-8499-31a07caa9a11:192.168.34.5:37318] with ContainerStateMachine:uninitialized
2019-11-14 13:08:56,489 [pool-27-thread-1] INFO  server.RaftServerConfigKeys (ConfUtils.java:logGet(43)) - raft.server.sleep.deviation.threshold = 300 (default)
2019-11-14 13:08:56,489 [pool-47-thread-1] INFO  server.RaftServerConfigKeys (ConfUtils.java:logGet(43)) - raft.server.rpc.timeout.min = 5s (custom)
2019-11-14 13:08:56,489 [pool-27-thread-1] INFO  server.RaftServerConfigKeys (ConfUtils.java:logGet(43)) - raft.server.log.appender.install.snapshot.enabled = false (custom)
2019-11-14 13:08:56,490 [pool-47-thread-1] INFO  server.RaftServerConfigKeys (ConfUtils.java:logGet(43)) - raft.server.rpc.timeout.max = 5200ms (custom)
2019-11-14 13:08:56,490 [pool-27-thread-1] INFO  impl.RaftServerImpl (ServerState.java:<init>(103)) - e3ed037e-9401-4141-8499-31a07caa9a11@group-50225AAD94E6: ConfigurationManager, init=-1: [41abd461-8d18-4f7d-bfbe-907604a0ba0e:192.168.34.5:37749, 57d6645c-693c-4338-9714-c1c857f07c71:192.168.34.5:40784, e3ed037e-9401-4141-8499-31a07caa9a11:192.168.34.5:37318], old=null, confs=<EMPTY_MAP>
2019-11-14 13:08:56,490 [pool-47-thread-1] INFO  server.RaftServerConfigKeys (ConfUtils.java:logGet(43)) - raft.server.rpcslowness.timeout = 120s (custom)
2019-11-14 13:08:56,490 [pool-47-thread-1] INFO  server.RaftServerConfigKeys (ConfUtils.java:logGet(43)) - raft.server.sleep.deviation.threshold = 300 (default)
2019-11-14 13:08:56,490 [pool-27-thread-1] INFO  server.RaftServerConfigKeys (ConfUtils.java:logGet(43)) - raft.server.storage.dir = [/workdir/hadoop-ozone/tools/target/test-dir/MiniOzoneClusterImpl-076fafb8-a8c6-48f2-8837-5b892c7bda8a/datanode-0/data/ratis] (custom)
2019-11-14 13:08:56,490 [pool-47-thread-1] INFO  server.RaftServerConfigKeys (ConfUtils.java:logGet(43)) - raft.server.log.appender.install.snapshot.enabled = false (custom)
2019-11-14 13:08:56,490 [pool-47-thread-1] INFO  impl.RaftServerImpl (ServerState.java:<init>(103)) - 41abd461-8d18-4f7d-bfbe-907604a0ba0e@group-50225AAD94E6: ConfigurationManager, init=-1: [41abd461-8d18-4f7d-bfbe-907604a0ba0e:192.168.34.5:37749, 57d6645c-693c-4338-9714-c1c857f07c71:192.168.34.5:40784, e3ed037e-9401-4141-8499-31a07caa9a11:192.168.34.5:37318], old=null, confs=<EMPTY_MAP>
2019-11-14 13:08:56,491 [pool-27-thread-1] INFO  server.RaftServerConfigKeys (ConfUtils.java:logGet(43)) - raft.server.log.corruption.policy = EXCEPTION (default)
2019-11-14 13:08:56,491 [pool-47-thread-1] INFO  server.RaftServerConfigKeys (ConfUtils.java:logGet(43)) - raft.server.storage.dir = [/workdir/hadoop-ozone/tools/target/test-dir/MiniOzoneClusterImpl-076fafb8-a8c6-48f2-8837-5b892c7bda8a/datanode-2/data/ratis] (custom)
2019-11-14 13:08:56,491 [pool-27-thread-1] INFO  storage.RaftStorageDirectory (RaftStorageDirectory.java:analyzeStorage(246)) - The storage directory /workdir/hadoop-ozone/tools/target/test-dir/MiniOzoneClusterImpl-076fafb8-a8c6-48f2-8837-5b892c7bda8a/datanode-0/data/ratis/ec1762eb-2043-4a13-a2b4-50225aad94e6 does not exist. Creating ...
2019-11-14 13:08:56,492 [pool-47-thread-1] INFO  server.RaftServerConfigKeys (ConfUtils.java:logGet(43)) - raft.server.log.corruption.policy = EXCEPTION (default)
2019-11-14 13:08:56,492 [pool-47-thread-1] INFO  storage.RaftStorageDirectory (RaftStorageDirectory.java:analyzeStorage(246)) - The storage directory /workdir/hadoop-ozone/tools/target/test-dir/MiniOzoneClusterImpl-076fafb8-a8c6-48f2-8837-5b892c7bda8a/datanode-2/data/ratis/ec1762eb-2043-4a13-a2b4-50225aad94e6 does not exist. Creating ...
2019-11-14 13:08:56,493 [pool-37-thread-1] INFO  storage.RaftStorageDirectory (RaftStorageDirectory.java:tryLock(328)) - Lock on /workdir/hadoop-ozone/tools/target/test-dir/MiniOzoneClusterImpl-076fafb8-a8c6-48f2-8837-5b892c7bda8a/datanode-1/data/ratis/ec1762eb-2043-4a13-a2b4-50225aad94e6/in_use.lock acquired by nodename 7001@pr-hdds-2461-6k78x-381033752
2019-11-14 13:08:56,497 [pool-47-thread-1] INFO  storage.RaftStorageDirectory (RaftStorageDirectory.java:tryLock(328)) - Lock on /workdir/hadoop-ozone/tools/target/test-dir/MiniOzoneClusterImpl-076fafb8-a8c6-48f2-8837-5b892c7bda8a/datanode-2/data/ratis/ec1762eb-2043-4a13-a2b4-50225aad94e6/in_use.lock acquired by nodename 7001@pr-hdds-2461-6k78x-381033752
2019-11-14 13:08:56,497 [pool-37-thread-1] INFO  storage.RaftStorage (RaftStorage.java:format(84)) - Storage directory /workdir/hadoop-ozone/tools/target/test-dir/MiniOzoneClusterImpl-076fafb8-a8c6-48f2-8837-5b892c7bda8a/datanode-1/data/ratis/ec1762eb-2043-4a13-a2b4-50225aad94e6 has been successfully formatted.
2019-11-14 13:08:56,497 [pool-27-thread-1] INFO  storage.RaftStorageDirectory (RaftStorageDirectory.java:tryLock(328)) - Lock on /workdir/hadoop-ozone/tools/target/test-dir/MiniOzoneClusterImpl-076fafb8-a8c6-48f2-8837-5b892c7bda8a/datanode-0/data/ratis/ec1762eb-2043-4a13-a2b4-50225aad94e6/in_use.lock acquired by nodename 7001@pr-hdds-2461-6k78x-381033752
2019-11-14 13:08:56,498 [pool-37-thread-1] INFO  ratis.ContainerStateMachine (ContainerStateMachine.java:loadSnapshot(223)) - group-50225AAD94E6: The snapshot info is null. Setting the last applied indexto:(t:0, i:~)
2019-11-14 13:08:56,498 [pool-37-thread-1] INFO  server.RaftServerConfigKeys (ConfUtils.java:logGet(43)) - raft.server.notification.no-leader.timeout = 120s (custom)
2019-11-14 13:08:56,498 [pool-37-thread-1] INFO  server.RaftServerConfigKeys (ConfUtils.java:logGet(43)) - raft.server.log.use.memory = false (default)
2019-11-14 13:08:56,498 [pool-37-thread-1] INFO  server.RaftServerConfigKeys (ConfUtils.java:logGet(43)) - raft.server.log.purge.gap = 1000000 (custom)
2019-11-14 13:08:56,499 [pool-37-thread-1] INFO  server.RaftServerConfigKeys (ConfUtils.java:logGet(43)) - raft.server.log.appender.buffer.byte-limit = 33554432 (custom)
2019-11-14 13:08:56,499 [pool-37-thread-1] INFO  server.RaftServerConfigKeys (ConfUtils.java:logGet(43)) - raft.server.log.segment.size.max = 1048576 (custom)
2019-11-14 13:08:56,499 [pool-37-thread-1] INFO  server.RaftServerConfigKeys (ConfUtils.java:logGet(43)) - raft.server.log.segment.cache.num.max = 2 (custom)
2019-11-14 13:08:56,499 [pool-37-thread-1] INFO  segmented.SegmentedRaftLogWorker (SegmentedRaftLogWorker.java:<init>(173)) - new 57d6645c-693c-4338-9714-c1c857f07c71@group-50225AAD94E6-SegmentedRaftLogWorker for RaftStorage:Storage Directory /workdir/hadoop-ozone/tools/target/test-dir/MiniOzoneClusterImpl-076fafb8-a8c6-48f2-8837-5b892c7bda8a/datanode-1/data/ratis/ec1762eb-2043-4a13-a2b4-50225aad94e6
2019-11-14 13:08:56,499 [pool-37-thread-1] INFO  server.RaftServerConfigKeys (ConfUtils.java:logGet(43)) - raft.server.log.queue.byte-limit = 2147483647 (custom)
2019-11-14 13:08:56,499 [pool-37-thread-1] INFO  server.RaftServerConfigKeys (ConfUtils.java:logGet(43)) - raft.server.log.queue.element-limit = 1024 (custom)
2019-11-14 13:08:56,499 [pool-37-thread-1] INFO  server.RaftServerConfigKeys (ConfUtils.java:logGet(43)) - raft.server.log.segment.size.max = 1048576 (custom)
2019-11-14 13:08:56,500 [pool-37-thread-1] INFO  server.RaftServerConfigKeys (ConfUtils.java:logGet(43)) - raft.server.log.preallocated.size = 16384 (custom)
2019-11-14 13:08:56,500 [pool-37-thread-1] INFO  server.RaftServerConfigKeys (ConfUtils.java:logGet(43)) - raft.server.log.write.buffer.size = 33554432 (custom)
2019-11-14 13:08:56,500 [pool-37-thread-1] INFO  server.RaftServerConfigKeys (ConfUtils.java:logGet(43)) - raft.server.log.force.sync.num = 128 (default)
2019-11-14 13:08:56,500 [pool-37-thread-1] INFO  server.RaftServerConfigKeys (ConfUtils.java:logGet(43)) - raft.server.log.statemachine.data.sync = true (default)
2019-11-14 13:08:56,500 [pool-37-thread-1] INFO  server.RaftServerConfigKeys (ConfUtils.java:logGet(43)) - raft.server.log.statemachine.data.sync.timeout = 10s (default)
2019-11-14 13:08:56,500 [pool-37-thread-1] INFO  server.RaftServerConfigKeys (ConfUtils.java:logGet(43)) - raft.server.log.statemachine.data.sync.timeout.retry = -1 (default)
2019-11-14 13:08:56,500 [pool-37-thread-1] INFO  server.RaftServerConfigKeys (ConfUtils.java:logGet(43)) - raft.server.log.statemachine.data.caching.enabled = true (custom)
2019-11-14 13:08:56,502 [pool-37-thread-1] INFO  segmented.SegmentedRaftLogWorker (SegmentedRaftLogWorker.java:lambda$new$0(128)) - 57d6645c-693c-4338-9714-c1c857f07c71@group-50225AAD94E6-SegmentedRaftLogWorker: flushIndex: setUnconditionally 0 -> -1
2019-11-14 13:08:56,502 [pool-37-thread-1] INFO  server.RaftServerConfigKeys (ConfUtils.java:logGet(43)) - raft.server.snapshot.auto.trigger.enabled = true (custom)
2019-11-14 13:08:56,502 [pool-37-thread-1] INFO  server.RaftServerConfigKeys (ConfUtils.java:logGet(43)) - raft.server.snapshot.auto.trigger.threshold = 10000 (custom)
2019-11-14 13:08:56,502 [pool-37-thread-1] INFO  server.RaftServerConfigKeys (ConfUtils.java:logGet(43)) - raft.server.snapshot.retention.file.num = 5 (custom)
2019-11-14 13:08:56,502 [pool-37-thread-1] INFO  server.RaftServerConfigKeys (ConfUtils.java:logGet(43)) - raft.server.retrycache.expirytime = 600000ms (custom)
2019-11-14 13:08:56,503 [pool-37-thread-1] WARN  impl.MetricRegistriesImpl (MetricRegistriesImpl.java:lambda$create$1(61)) - First MetricRegistry has been created without registering reporters. You may need to call MetricRegistries.global().addReportRegistration(...) before.
2019-11-14 13:08:56,503 [pool-27-thread-1] INFO  storage.RaftStorage (RaftStorage.java:format(84)) - Storage directory /workdir/hadoop-ozone/tools/target/test-dir/MiniOzoneClusterImpl-076fafb8-a8c6-48f2-8837-5b892c7bda8a/datanode-0/data/ratis/ec1762eb-2043-4a13-a2b4-50225aad94e6 has been successfully formatted.
2019-11-14 13:08:56,503 [pool-47-thread-1] INFO  storage.RaftStorage (RaftStorage.java:format(84)) - Storage directory /workdir/hadoop-ozone/tools/target/test-dir/MiniOzoneClusterImpl-076fafb8-a8c6-48f2-8837-5b892c7bda8a/datanode-2/data/ratis/ec1762eb-2043-4a13-a2b4-50225aad94e6 has been successfully formatted.
2019-11-14 13:08:56,503 [pool-37-thread-1] WARN  impl.MetricRegistriesImpl (MetricRegistriesImpl.java:lambda$create$1(61)) - First MetricRegistry has been created without registering reporters. You may need to call MetricRegistries.global().addReportRegistration(...) before.
2019-11-14 13:08:56,503 [pool-27-thread-1] INFO  ratis.ContainerStateMachine (ContainerStateMachine.java:loadSnapshot(223)) - group-50225AAD94E6: The snapshot info is null. Setting the last applied indexto:(t:0, i:~)
2019-11-14 13:08:56,503 [pool-47-thread-1] INFO  ratis.ContainerStateMachine (ContainerStateMachine.java:loadSnapshot(223)) - group-50225AAD94E6: The snapshot info is null. Setting the last applied indexto:(t:0, i:~)
2019-11-14 13:08:56,504 [pool-27-thread-1] INFO  server.RaftServerConfigKeys (ConfUtils.java:logGet(43)) - raft.server.notification.no-leader.timeout = 120s (custom)
2019-11-14 13:08:56,504 [pool-47-thread-1] INFO  server.RaftServerConfigKeys (ConfUtils.java:logGet(43)) - raft.server.notification.no-leader.timeout = 120s (custom)
2019-11-14 13:08:56,504 [pool-37-thread-1] INFO  impl.RaftServerImpl (RaftServerImpl.java:start(184)) - 57d6645c-693c-4338-9714-c1c857f07c71@group-50225AAD94E6: start as a follower, conf=-1: [41abd461-8d18-4f7d-bfbe-907604a0ba0e:192.168.34.5:37749, 57d6645c-693c-4338-9714-c1c857f07c71:192.168.34.5:40784, e3ed037e-9401-4141-8499-31a07caa9a11:192.168.34.5:37318], old=null
2019-11-14 13:08:56,504 [pool-47-thread-1] INFO  server.RaftServerConfigKeys (ConfUtils.java:logGet(43)) - raft.server.log.use.memory = false (default)
2019-11-14 13:08:56,504 [pool-27-thread-1] INFO  server.RaftServerConfigKeys (ConfUtils.java:logGet(43)) - raft.server.log.use.memory = false (default)
2019-11-14 13:08:56,504 [pool-47-thread-1] INFO  server.RaftServerConfigKeys (ConfUtils.java:logGet(43)) - raft.server.log.purge.gap = 1000000 (custom)
2019-11-14 13:08:56,504 [pool-37-thread-1] INFO  impl.RaftServerImpl (RaftServerImpl.java:setRole(173)) - 57d6645c-693c-4338-9714-c1c857f07c71@group-50225AAD94E6: changes role from      null to FOLLOWER at term 0 for startAsFollower
2019-11-14 13:08:56,504 [pool-47-thread-1] INFO  server.RaftServerConfigKeys (ConfUtils.java:logGet(43)) - raft.server.log.appender.buffer.byte-limit = 33554432 (custom)
2019-11-14 13:08:56,504 [pool-27-thread-1] INFO  server.RaftServerConfigKeys (ConfUtils.java:logGet(43)) - raft.server.log.purge.gap = 1000000 (custom)
2019-11-14 13:08:56,504 [pool-47-thread-1] INFO  server.RaftServerConfigKeys (ConfUtils.java:logGet(43)) - raft.server.log.segment.size.max = 1048576 (custom)
2019-11-14 13:08:56,504 [pool-37-thread-1] INFO  impl.RoleInfo (RoleInfo.java:updateAndGet(143)) - 57d6645c-693c-4338-9714-c1c857f07c71: start FollowerState
2019-11-14 13:08:56,505 [pool-47-thread-1] INFO  server.RaftServerConfigKeys (ConfUtils.java:logGet(43)) - raft.server.log.segment.cache.num.max = 2 (custom)
2019-11-14 13:08:56,504 [pool-27-thread-1] INFO  server.RaftServerConfigKeys (ConfUtils.java:logGet(43)) - raft.server.log.appender.buffer.byte-limit = 33554432 (custom)
2019-11-14 13:08:56,505 [pool-47-thread-1] INFO  segmented.SegmentedRaftLogWorker (SegmentedRaftLogWorker.java:<init>(173)) - new 41abd461-8d18-4f7d-bfbe-907604a0ba0e@group-50225AAD94E6-SegmentedRaftLogWorker for RaftStorage:Storage Directory /workdir/hadoop-ozone/tools/target/test-dir/MiniOzoneClusterImpl-076fafb8-a8c6-48f2-8837-5b892c7bda8a/datanode-2/data/ratis/ec1762eb-2043-4a13-a2b4-50225aad94e6
2019-11-14 13:08:56,505 [pool-27-thread-1] INFO  server.RaftServerConfigKeys (ConfUtils.java:logGet(43)) - raft.server.log.segment.size.max = 1048576 (custom)
2019-11-14 13:08:56,505 [pool-37-thread-1] INFO  util.JmxRegister (JmxRegister.java:tryRegister(44)) - Successfully registered JMX Bean with object name Ratis:service=RaftServer,group=group-50225AAD94E6,id=57d6645c-693c-4338-9714-c1c857f07c71
2019-11-14 13:08:56,505 [pool-47-thread-1] INFO  server.RaftServerConfigKeys (ConfUtils.java:logGet(43)) - raft.server.log.queue.byte-limit = 2147483647 (custom)
2019-11-14 13:08:56,505 [pool-37-thread-1] WARN  impl.MetricRegistriesImpl (MetricRegistriesImpl.java:lambda$create$1(61)) - First MetricRegistry has been created without registering reporters. You may need to call MetricRegistries.global().addReportRegistration(...) before.
2019-11-14 13:08:56,505 [pool-27-thread-1] INFO  server.RaftServerConfigKeys (ConfUtils.java:logGet(43)) - raft.server.log.segment.cache.num.max = 2 (custom)
2019-11-14 13:08:56,505 [pool-47-thread-1] INFO  server.RaftServerConfigKeys (ConfUtils.java:logGet(43)) - raft.server.log.queue.element-limit = 1024 (custom)
2019-11-14 13:08:56,506 [pool-27-thread-1] INFO  segmented.SegmentedRaftLogWorker (SegmentedRaftLogWorker.java:<init>(173)) - new e3ed037e-9401-4141-8499-31a07caa9a11@group-50225AAD94E6-SegmentedRaftLogWorker for RaftStorage:Storage Directory /workdir/hadoop-ozone/tools/target/test-dir/MiniOzoneClusterImpl-076fafb8-a8c6-48f2-8837-5b892c7bda8a/datanode-0/data/ratis/ec1762eb-2043-4a13-a2b4-50225aad94e6
2019-11-14 13:08:56,506 [pool-47-thread-1] INFO  server.RaftServerConfigKeys (ConfUtils.java:logGet(43)) - raft.server.log.segment.size.max = 1048576 (custom)
2019-11-14 13:08:56,506 [pool-27-thread-1] INFO  server.RaftServerConfigKeys (ConfUtils.java:logGet(43)) - raft.server.log.queue.byte-limit = 2147483647 (custom)
2019-11-14 13:08:56,506 [pool-47-thread-1] INFO  server.RaftServerConfigKeys (ConfUtils.java:logGet(43)) - raft.server.log.preallocated.size = 16384 (custom)
2019-11-14 13:08:56,506 [pool-27-thread-1] INFO  server.RaftServerConfigKeys (ConfUtils.java:logGet(43)) - raft.server.log.queue.element-limit = 1024 (custom)
2019-11-14 13:08:56,506 [pool-47-thread-1] INFO  server.RaftServerConfigKeys (ConfUtils.java:logGet(43)) - raft.server.log.write.buffer.size = 33554432 (custom)
2019-11-14 13:08:56,506 [pool-27-thread-1] INFO  server.RaftServerConfigKeys (ConfUtils.java:logGet(43)) - raft.server.log.segment.size.max = 1048576 (custom)
2019-11-14 13:08:56,506 [pool-47-thread-1] INFO  server.RaftServerConfigKeys (ConfUtils.java:logGet(43)) - raft.server.log.force.sync.num = 128 (default)
2019-11-14 13:08:56,506 [pool-27-thread-1] INFO  server.RaftServerConfigKeys (ConfUtils.java:logGet(43)) - raft.server.log.preallocated.size = 16384 (custom)
2019-11-14 13:08:56,507 [pool-47-thread-1] INFO  server.RaftServerConfigKeys (ConfUtils.java:logGet(43)) - raft.server.log.statemachine.data.sync = true (default)
2019-11-14 13:08:56,507 [pool-27-thread-1] INFO  server.RaftServerConfigKeys (ConfUtils.java:logGet(43)) - raft.server.log.write.buffer.size = 33554432 (custom)
2019-11-14 13:08:56,507 [pool-47-thread-1] INFO  server.RaftServerConfigKeys (ConfUtils.java:logGet(43)) - raft.server.log.statemachine.data.sync.timeout = 10s (default)
2019-11-14 13:08:56,507 [pool-27-thread-1] INFO  server.RaftServerConfigKeys (ConfUtils.java:logGet(43)) - raft.server.log.force.sync.num = 128 (default)
2019-11-14 13:08:56,507 [pool-47-thread-1] INFO  server.RaftServerConfigKeys (ConfUtils.java:logGet(43)) - raft.server.log.statemachine.data.sync.timeout.retry = -1 (default)
2019-11-14 13:08:56,507 [pool-27-thread-1] INFO  server.RaftServerConfigKeys (ConfUtils.java:logGet(43)) - raft.server.log.statemachine.data.sync = true (default)
2019-11-14 13:08:56,508 [pool-47-thread-1] INFO  server.RaftServerConfigKeys (ConfUtils.java:logGet(43)) - raft.server.log.statemachine.data.caching.enabled = true (custom)
2019-11-14 13:08:56,508 [pool-27-thread-1] INFO  server.RaftServerConfigKeys (ConfUtils.java:logGet(43)) - raft.server.log.statemachine.data.sync.timeout = 10s (default)
2019-11-14 13:08:56,509 [pool-27-thread-1] INFO  server.RaftServerConfigKeys (ConfUtils.java:logGet(43)) - raft.server.log.statemachine.data.sync.timeout.retry = -1 (default)
2019-11-14 13:08:56,509 [pool-47-thread-1] INFO  segmented.SegmentedRaftLogWorker (SegmentedRaftLogWorker.java:lambda$new$0(128)) - 41abd461-8d18-4f7d-bfbe-907604a0ba0e@group-50225AAD94E6-SegmentedRaftLogWorker: flushIndex: setUnconditionally 0 -> -1
2019-11-14 13:08:56,509 [pool-27-thread-1] INFO  server.RaftServerConfigKeys (ConfUtils.java:logGet(43)) - raft.server.log.statemachine.data.caching.enabled = true (custom)
2019-11-14 13:08:56,509 [pool-47-thread-1] INFO  server.RaftServerConfigKeys (ConfUtils.java:logGet(43)) - raft.server.snapshot.auto.trigger.enabled = true (custom)
2019-11-14 13:08:56,509 [pool-47-thread-1] INFO  server.RaftServerConfigKeys (ConfUtils.java:logGet(43)) - raft.server.snapshot.auto.trigger.threshold = 10000 (custom)
2019-11-14 13:08:56,509 [pool-27-thread-1] INFO  segmented.SegmentedRaftLogWorker (SegmentedRaftLogWorker.java:lambda$new$0(128)) - e3ed037e-9401-4141-8499-31a07caa9a11@group-50225AAD94E6-SegmentedRaftLogWorker: flushIndex: setUnconditionally 0 -> -1
2019-11-14 13:08:56,509 [pool-47-thread-1] INFO  server.RaftServerConfigKeys (ConfUtils.java:logGet(43)) - raft.server.snapshot.retention.file.num = 5 (custom)
2019-11-14 13:08:56,509 [pool-27-thread-1] INFO  server.RaftServerConfigKeys (ConfUtils.java:logGet(43)) - raft.server.snapshot.auto.trigger.enabled = true (custom)
2019-11-14 13:08:56,509 [pool-47-thread-1] INFO  server.RaftServerConfigKeys (ConfUtils.java:logGet(43)) - raft.server.retrycache.expirytime = 600000ms (custom)
2019-11-14 13:08:56,510 [pool-27-thread-1] INFO  server.RaftServerConfigKeys (ConfUtils.java:logGet(43)) - raft.server.snapshot.auto.trigger.threshold = 10000 (custom)
2019-11-14 13:08:56,510 [pool-47-thread-1] WARN  impl.MetricRegistriesImpl (MetricRegistriesImpl.java:lambda$create$1(61)) - First MetricRegistry has been created without registering reporters. You may need to call MetricRegistries.global().addReportRegistration(...) before.
2019-11-14 13:08:56,510 [pool-27-thread-1] INFO  server.RaftServerConfigKeys (ConfUtils.java:logGet(43)) - raft.server.snapshot.retention.file.num = 5 (custom)
2019-11-14 13:08:56,511 [pool-47-thread-1] WARN  impl.MetricRegistriesImpl (MetricRegistriesImpl.java:lambda$create$1(61)) - First MetricRegistry has been created without registering reporters. You may need to call MetricRegistries.global().addReportRegistration(...) before.
2019-11-14 13:08:56,511 [pool-27-thread-1] INFO  server.RaftServerConfigKeys (ConfUtils.java:logGet(43)) - raft.server.retrycache.expirytime = 600000ms (custom)
2019-11-14 13:08:56,511 [pool-47-thread-1] INFO  impl.RaftServerImpl (RaftServerImpl.java:start(184)) - 41abd461-8d18-4f7d-bfbe-907604a0ba0e@group-50225AAD94E6: start as a follower, conf=-1: [41abd461-8d18-4f7d-bfbe-907604a0ba0e:192.168.34.5:37749, 57d6645c-693c-4338-9714-c1c857f07c71:192.168.34.5:40784, e3ed037e-9401-4141-8499-31a07caa9a11:192.168.34.5:37318], old=null
2019-11-14 13:08:56,511 [pool-27-thread-1] WARN  impl.MetricRegistriesImpl (MetricRegistriesImpl.java:lambda$create$1(61)) - First MetricRegistry has been created without registering reporters. You may need to call MetricRegistries.global().addReportRegistration(...) before.
2019-11-14 13:08:56,511 [pool-47-thread-1] INFO  impl.RaftServerImpl (RaftServerImpl.java:setRole(173)) - 41abd461-8d18-4f7d-bfbe-907604a0ba0e@group-50225AAD94E6: changes role from      null to FOLLOWER at term 0 for startAsFollower
2019-11-14 13:08:56,511 [pool-27-thread-1] WARN  impl.MetricRegistriesImpl (MetricRegistriesImpl.java:lambda$create$1(61)) - First MetricRegistry has been created without registering reporters. You may need to call MetricRegistries.global().addReportRegistration(...) before.
2019-11-14 13:08:56,511 [pool-47-thread-1] INFO  impl.RoleInfo (RoleInfo.java:updateAndGet(143)) - 41abd461-8d18-4f7d-bfbe-907604a0ba0e: start FollowerState
2019-11-14 13:08:56,511 [pool-27-thread-1] INFO  impl.RaftServerImpl (RaftServerImpl.java:start(184)) - e3ed037e-9401-4141-8499-31a07caa9a11@group-50225AAD94E6: start as a follower, conf=-1: [41abd461-8d18-4f7d-bfbe-907604a0ba0e:192.168.34.5:37749, 57d6645c-693c-4338-9714-c1c857f07c71:192.168.34.5:40784, e3ed037e-9401-4141-8499-31a07caa9a11:192.168.34.5:37318], old=null
2019-11-14 13:08:56,511 [pool-27-thread-1] INFO  impl.RaftServerImpl (RaftServerImpl.java:setRole(173)) - e3ed037e-9401-4141-8499-31a07caa9a11@group-50225AAD94E6: changes role from      null to FOLLOWER at term 0 for startAsFollower
2019-11-14 13:08:56,511 [pool-47-thread-1] INFO  util.JmxRegister (JmxRegister.java:tryRegister(44)) - Successfully registered JMX Bean with object name Ratis:service=RaftServer,group=group-50225AAD94E6,id=41abd461-8d18-4f7d-bfbe-907604a0ba0e
2019-11-14 13:08:56,512 [pool-27-thread-1] INFO  impl.RoleInfo (RoleInfo.java:updateAndGet(143)) - e3ed037e-9401-4141-8499-31a07caa9a11: start FollowerState
2019-11-14 13:08:56,512 [pool-47-thread-1] WARN  impl.MetricRegistriesImpl (MetricRegistriesImpl.java:lambda$create$1(61)) - First MetricRegistry has been created without registering reporters. You may need to call MetricRegistries.global().addReportRegistration(...) before.
2019-11-14 13:08:56,512 [pool-27-thread-1] INFO  util.JmxRegister (JmxRegister.java:tryRegister(44)) - Successfully registered JMX Bean with object name Ratis:service=RaftServer,group=group-50225AAD94E6,id=e3ed037e-9401-4141-8499-31a07caa9a11
2019-11-14 13:08:56,512 [pool-27-thread-1] WARN  impl.MetricRegistriesImpl (MetricRegistriesImpl.java:lambda$create$1(61)) - First MetricRegistry has been created without registering reporters. You may need to call MetricRegistries.global().addReportRegistration(...) before.
2019-11-14 13:08:56,516 [RatisPipelineUtilsThread] INFO  pipeline.PipelineStateManager (PipelineStateManager.java:addPipeline(55)) - Created pipeline Pipeline[ Id: ec1762eb-2043-4a13-a2b4-50225aad94e6, Nodes: e3ed037e-9401-4141-8499-31a07caa9a11{ip: 192.168.34.5, host: pr-hdds-2461-6k78x-381033752, networkLocation: /default-rack, certSerialId: null}57d6645c-693c-4338-9714-c1c857f07c71{ip: 192.168.34.5, host: pr-hdds-2461-6k78x-381033752, networkLocation: /default-rack, certSerialId: null}41abd461-8d18-4f7d-bfbe-907604a0ba0e{ip: 192.168.34.5, host: pr-hdds-2461-6k78x-381033752, networkLocation: /default-rack, certSerialId: null}, Type:RATIS, Factor:THREE, State:ALLOCATED]
2019-11-14 13:08:56,575 [main] INFO  freon.RandomKeyGenerator (RandomKeyGenerator.java:call(283)) - Number of Threads: 10
2019-11-14 13:08:56,575 [main] INFO  freon.RandomKeyGenerator (RandomKeyGenerator.java:call(288)) - Number of Volumes: 1.
2019-11-14 13:08:56,575 [main] INFO  freon.RandomKeyGenerator (RandomKeyGenerator.java:call(289)) - Number of Buckets per Volume: 1.
2019-11-14 13:08:56,575 [main] INFO  freon.RandomKeyGenerator (RandomKeyGenerator.java:call(290)) - Number of Keys per Bucket: 1.
2019-11-14 13:08:56,575 [main] INFO  freon.RandomKeyGenerator (RandomKeyGenerator.java:call(291)) - Key size: 20971520 bytes
2019-11-14 13:08:56,575 [main] INFO  freon.RandomKeyGenerator (RandomKeyGenerator.java:call(292)) - Buffer size: 4096 bytes
2019-11-14 13:08:56,575 [main] INFO  freon.RandomKeyGenerator (RandomKeyGenerator.java:call(293)) - validateWrites : true
2019-11-14 13:08:56,576 [pool-59-thread-1] INFO  rpc.RpcClient (RpcClient.java:createVolume(292)) - Creating Volume: vol-0-20269, with jenkins1000 as owner.
2019-11-14 13:08:56,578 [main] INFO  freon.RandomKeyGenerator (RandomKeyGenerator.java:call(307)) - Data validation is enabled.
2019-11-14 13:08:56,579 [main] INFO  freon.RandomKeyGenerator (RandomKeyGenerator.java:call(313)) - Starting progress bar Thread.

 0.00% |?                                                                                                    |  0/1 Time: 0:00:002019-11-14 13:08:56,580 [IPC Server handler 3 on 38857] INFO  volume.OMVolumeCreateRequest (OMVolumeCreateRequest.java:validateAndUpdateCache(193)) - created volume:vol-0-20269 for user:jenkins1000
2019-11-14 13:08:56,609 [pool-59-thread-2] INFO  rpc.RpcClient (RpcClient.java:createBucket(431)) - Creating Bucket: vol-0-20269/bucket-0-81761, with Versioning false and Storage Type set to DISK and Encryption set to false 
2019-11-14 13:08:56,646 [IPC Server handler 0 on 34094] WARN  block.BlockManagerImpl (BlockManagerImpl.java:allocateBlock(200)) - Pipeline creation failed for type:RATIS factor:THREE. Retrying get pipelines call once.
org.apache.hadoop.hdds.scm.pipeline.InsufficientDatanodesException: Cannot create pipeline of factor 3 using 0 nodes.
	at org.apache.hadoop.hdds.scm.pipeline.RatisPipelineProvider.create(RatisPipelineProvider.java:153)
	at org.apache.hadoop.hdds.scm.pipeline.PipelineFactory.create(PipelineFactory.java:58)
	at org.apache.hadoop.hdds.scm.pipeline.SCMPipelineManager.createPipeline(SCMPipelineManager.java:155)
	at org.apache.hadoop.hdds.scm.block.BlockManagerImpl.allocateBlock(BlockManagerImpl.java:198)
	at org.apache.hadoop.hdds.scm.server.SCMBlockProtocolServer.allocateBlock(SCMBlockProtocolServer.java:187)
	at org.apache.hadoop.hdds.scm.protocol.ScmBlockLocationProtocolServerSideTranslatorPB.allocateScmBlock(ScmBlockLocationProtocolServerSideTranslatorPB.java:159)
	at org.apache.hadoop.hdds.scm.protocol.ScmBlockLocationProtocolServerSideTranslatorPB.processMessage(ScmBlockLocationProtocolServerSideTranslatorPB.java:117)
	at org.apache.hadoop.hdds.server.OzoneProtocolMessageDispatcher.processRequest(OzoneProtocolMessageDispatcher.java:72)
	at org.apache.hadoop.hdds.scm.protocol.ScmBlockLocationProtocolServerSideTranslatorPB.send(ScmBlockLocationProtocolServerSideTranslatorPB.java:98)
	at org.apache.hadoop.hdds.protocol.proto.ScmBlockLocationProtocolProtos$ScmBlockLocationProtocolService$2.callBlockingMethod(ScmBlockLocationProtocolProtos.java:13157)
	at org.apache.hadoop.ipc.ProtobufRpcEngine$Server$ProtoBufRpcInvoker.call(ProtobufRpcEngine.java:524)
	at org.apache.hadoop.ipc.RPC$Server.call(RPC.java:1025)
	at org.apache.hadoop.ipc.Server$RpcCall.run(Server.java:876)
	at org.apache.hadoop.ipc.Server$RpcCall.run(Server.java:822)
	at java.security.AccessController.doPrivileged(Native Method)
	at javax.security.auth.Subject.doAs(Subject.java:422)
	at org.apache.hadoop.security.UserGroupInformation.doAs(UserGroupInformation.java:1730)
	at org.apache.hadoop.ipc.Server$Handler.run(Server.java:2682)
2019-11-14 13:08:56,647 [IPC Server handler 0 on 34094] INFO  block.BlockManagerImpl (BlockManagerImpl.java:allocateBlock(212)) - Could not find available pipeline of type:RATIS and factor:THREE even after retrying
2019-11-14 13:08:56,647 [IPC Server handler 0 on 34094] ERROR block.BlockManagerImpl (BlockManagerImpl.java:allocateBlock(236)) - Unable to allocate a block for the size: 4194304, type: RATIS, factor: THREE
2019-11-14 13:08:56,648 [IPC Server handler 0 on 34094] WARN  block.BlockManagerImpl (BlockManagerImpl.java:allocateBlock(200)) - Pipeline creation failed for type:RATIS factor:THREE. Retrying get pipelines call once.
org.apache.hadoop.hdds.scm.pipeline.InsufficientDatanodesException: Cannot create pipeline of factor 3 using 0 nodes.
	at org.apache.hadoop.hdds.scm.pipeline.RatisPipelineProvider.create(RatisPipelineProvider.java:153)
	at org.apache.hadoop.hdds.scm.pipeline.PipelineFactory.create(PipelineFactory.java:58)
	at org.apache.hadoop.hdds.scm.pipeline.SCMPipelineManager.createPipeline(SCMPipelineManager.java:155)
	at org.apache.hadoop.hdds.scm.block.BlockManagerImpl.allocateBlock(BlockManagerImpl.java:198)
	at org.apache.hadoop.hdds.scm.server.SCMBlockProtocolServer.allocateBlock(SCMBlockProtocolServer.java:187)
	at org.apache.hadoop.hdds.scm.protocol.ScmBlockLocationProtocolServerSideTranslatorPB.allocateScmBlock(ScmBlockLocationProtocolServerSideTranslatorPB.java:159)
	at org.apache.hadoop.hdds.scm.protocol.ScmBlockLocationProtocolServerSideTranslatorPB.processMessage(ScmBlockLocationProtocolServerSideTranslatorPB.java:117)
	at org.apache.hadoop.hdds.server.OzoneProtocolMessageDispatcher.processRequest(OzoneProtocolMessageDispatcher.java:72)
	at org.apache.hadoop.hdds.scm.protocol.ScmBlockLocationProtocolServerSideTranslatorPB.send(ScmBlockLocationProtocolServerSideTranslatorPB.java:98)
	at org.apache.hadoop.hdds.protocol.proto.ScmBlockLocationProtocolProtos$ScmBlockLocationProtocolService$2.callBlockingMethod(ScmBlockLocationProtocolProtos.java:13157)
	at org.apache.hadoop.ipc.ProtobufRpcEngine$Server$ProtoBufRpcInvoker.call(ProtobufRpcEngine.java:524)
	at org.apache.hadoop.ipc.RPC$Server.call(RPC.java:1025)
	at org.apache.hadoop.ipc.Server$RpcCall.run(Server.java:876)
	at org.apache.hadoop.ipc.Server$RpcCall.run(Server.java:822)
	at java.security.AccessController.doPrivileged(Native Method)
	at javax.security.auth.Subject.doAs(Subject.java:422)
	at org.apache.hadoop.security.UserGroupInformation.doAs(UserGroupInformation.java:1730)
	at org.apache.hadoop.ipc.Server$Handler.run(Server.java:2682)
2019-11-14 13:08:56,648 [IPC Server handler 0 on 34094] INFO  block.BlockManagerImpl (BlockManagerImpl.java:allocateBlock(212)) - Could not find available pipeline of type:RATIS and factor:THREE even after retrying
2019-11-14 13:08:56,648 [IPC Server handler 0 on 34094] ERROR block.BlockManagerImpl (BlockManagerImpl.java:allocateBlock(236)) - Unable to allocate a block for the size: 4194304, type: RATIS, factor: THREE
2019-11-14 13:08:56,648 [IPC Server handler 0 on 34094] WARN  block.BlockManagerImpl (BlockManagerImpl.java:allocateBlock(200)) - Pipeline creation failed for type:RATIS factor:THREE. Retrying get pipelines call once.
org.apache.hadoop.hdds.scm.pipeline.InsufficientDatanodesException: Cannot create pipeline of factor 3 using 0 nodes.
	at org.apache.hadoop.hdds.scm.pipeline.RatisPipelineProvider.create(RatisPipelineProvider.java:153)
	at org.apache.hadoop.hdds.scm.pipeline.PipelineFactory.create(PipelineFactory.java:58)
	at org.apache.hadoop.hdds.scm.pipeline.SCMPipelineManager.createPipeline(SCMPipelineManager.java:155)
	at org.apache.hadoop.hdds.scm.block.BlockManagerImpl.allocateBlock(BlockManagerImpl.java:198)
	at org.apache.hadoop.hdds.scm.server.SCMBlockProtocolServer.allocateBlock(SCMBlockProtocolServer.java:187)
	at org.apache.hadoop.hdds.scm.protocol.ScmBlockLocationProtocolServerSideTranslatorPB.allocateScmBlock(ScmBlockLocationProtocolServerSideTranslatorPB.java:159)
	at org.apache.hadoop.hdds.scm.protocol.ScmBlockLocationProtocolServerSideTranslatorPB.processMessage(ScmBlockLocationProtocolServerSideTranslatorPB.java:117)
	at org.apache.hadoop.hdds.server.OzoneProtocolMessageDispatcher.processRequest(OzoneProtocolMessageDispatcher.java:72)
	at org.apache.hadoop.hdds.scm.protocol.ScmBlockLocationProtocolServerSideTranslatorPB.send(ScmBlockLocationProtocolServerSideTranslatorPB.java:98)
	at org.apache.hadoop.hdds.protocol.proto.ScmBlockLocationProtocolProtos$ScmBlockLocationProtocolService$2.callBlockingMethod(ScmBlockLocationProtocolProtos.java:13157)
	at org.apache.hadoop.ipc.ProtobufRpcEngine$Server$ProtoBufRpcInvoker.call(ProtobufRpcEngine.java:524)
	at org.apache.hadoop.ipc.RPC$Server.call(RPC.java:1025)
	at org.apache.hadoop.ipc.Server$RpcCall.run(Server.java:876)
	at org.apache.hadoop.ipc.Server$RpcCall.run(Server.java:822)
	at java.security.AccessController.doPrivileged(Native Method)
	at javax.security.auth.Subject.doAs(Subject.java:422)
	at org.apache.hadoop.security.UserGroupInformation.doAs(UserGroupInformation.java:1730)
	at org.apache.hadoop.ipc.Server$Handler.run(Server.java:2682)
2019-11-14 13:08:56,648 [IPC Server handler 0 on 34094] INFO  block.BlockManagerImpl (BlockManagerImpl.java:allocateBlock(212)) - Could not find available pipeline of type:RATIS and factor:THREE even after retrying
2019-11-14 13:08:56,649 [IPC Server handler 0 on 34094] ERROR block.BlockManagerImpl (BlockManagerImpl.java:allocateBlock(236)) - Unable to allocate a block for the size: 4194304, type: RATIS, factor: THREE
2019-11-14 13:08:56,649 [IPC Server handler 0 on 34094] WARN  block.BlockManagerImpl (BlockManagerImpl.java:allocateBlock(200)) - Pipeline creation failed for type:RATIS factor:THREE. Retrying get pipelines call once.
org.apache.hadoop.hdds.scm.pipeline.InsufficientDatanodesException: Cannot create pipeline of factor 3 using 0 nodes.
	at org.apache.hadoop.hdds.scm.pipeline.RatisPipelineProvider.create(RatisPipelineProvider.java:153)
	at org.apache.hadoop.hdds.scm.pipeline.PipelineFactory.create(PipelineFactory.java:58)
	at org.apache.hadoop.hdds.scm.pipeline.SCMPipelineManager.createPipeline(SCMPipelineManager.java:155)
	at org.apache.hadoop.hdds.scm.block.BlockManagerImpl.allocateBlock(BlockManagerImpl.java:198)
	at org.apache.hadoop.hdds.scm.server.SCMBlockProtocolServer.allocateBlock(SCMBlockProtocolServer.java:187)
	at org.apache.hadoop.hdds.scm.protocol.ScmBlockLocationProtocolServerSideTranslatorPB.allocateScmBlock(ScmBlockLocationProtocolServerSideTranslatorPB.java:159)
	at org.apache.hadoop.hdds.scm.protocol.ScmBlockLocationProtocolServerSideTranslatorPB.processMessage(ScmBlockLocationProtocolServerSideTranslatorPB.java:117)
	at org.apache.hadoop.hdds.server.OzoneProtocolMessageDispatcher.processRequest(OzoneProtocolMessageDispatcher.java:72)
	at org.apache.hadoop.hdds.scm.protocol.ScmBlockLocationProtocolServerSideTranslatorPB.send(ScmBlockLocationProtocolServerSideTranslatorPB.java:98)
	at org.apache.hadoop.hdds.protocol.proto.ScmBlockLocationProtocolProtos$ScmBlockLocationProtocolService$2.callBlockingMethod(ScmBlockLocationProtocolProtos.java:13157)
	at org.apache.hadoop.ipc.ProtobufRpcEngine$Server$ProtoBufRpcInvoker.call(ProtobufRpcEngine.java:524)
	at org.apache.hadoop.ipc.RPC$Server.call(RPC.java:1025)
	at org.apache.hadoop.ipc.Server$RpcCall.run(Server.java:876)
	at org.apache.hadoop.ipc.Server$RpcCall.run(Server.java:822)
	at java.security.AccessController.doPrivileged(Native Method)
	at javax.security.auth.Subject.doAs(Subject.java:422)
	at org.apache.hadoop.security.UserGroupInformation.doAs(UserGroupInformation.java:1730)
	at org.apache.hadoop.ipc.Server$Handler.run(Server.java:2682)
2019-11-14 13:08:56,649 [IPC Server handler 0 on 34094] INFO  block.BlockManagerImpl (BlockManagerImpl.java:allocateBlock(212)) - Could not find available pipeline of type:RATIS and factor:THREE even after retrying
2019-11-14 13:08:56,649 [IPC Server handler 0 on 34094] ERROR block.BlockManagerImpl (BlockManagerImpl.java:allocateBlock(236)) - Unable to allocate a block for the size: 4194304, type: RATIS, factor: THREE
2019-11-14 13:08:56,650 [IPC Server handler 0 on 34094] WARN  block.BlockManagerImpl (BlockManagerImpl.java:allocateBlock(200)) - Pipeline creation failed for type:RATIS factor:THREE. Retrying get pipelines call once.
org.apache.hadoop.hdds.scm.pipeline.InsufficientDatanodesException: Cannot create pipeline of factor 3 using 0 nodes.
	at org.apache.hadoop.hdds.scm.pipeline.RatisPipelineProvider.create(RatisPipelineProvider.java:153)
	at org.apache.hadoop.hdds.scm.pipeline.PipelineFactory.create(PipelineFactory.java:58)
	at org.apache.hadoop.hdds.scm.pipeline.SCMPipelineManager.createPipeline(SCMPipelineManager.java:155)
	at org.apache.hadoop.hdds.scm.block.BlockManagerImpl.allocateBlock(BlockManagerImpl.java:198)
	at org.apache.hadoop.hdds.scm.server.SCMBlockProtocolServer.allocateBlock(SCMBlockProtocolServer.java:187)
	at org.apache.hadoop.hdds.scm.protocol.ScmBlockLocationProtocolServerSideTranslatorPB.allocateScmBlock(ScmBlockLocationProtocolServerSideTranslatorPB.java:159)
	at org.apache.hadoop.hdds.scm.protocol.ScmBlockLocationProtocolServerSideTranslatorPB.processMessage(ScmBlockLocationProtocolServerSideTranslatorPB.java:117)
	at org.apache.hadoop.hdds.server.OzoneProtocolMessageDispatcher.processRequest(OzoneProtocolMessageDispatcher.java:72)
	at org.apache.hadoop.hdds.scm.protocol.ScmBlockLocationProtocolServerSideTranslatorPB.send(ScmBlockLocationProtocolServerSideTranslatorPB.java:98)
	at org.apache.hadoop.hdds.protocol.proto.ScmBlockLocationProtocolProtos$ScmBlockLocationProtocolService$2.callBlockingMethod(ScmBlockLocationProtocolProtos.java:13157)
	at org.apache.hadoop.ipc.ProtobufRpcEngine$Server$ProtoBufRpcInvoker.call(ProtobufRpcEngine.java:524)
	at org.apache.hadoop.ipc.RPC$Server.call(RPC.java:1025)
	at org.apache.hadoop.ipc.Server$RpcCall.run(Server.java:876)
	at org.apache.hadoop.ipc.Server$RpcCall.run(Server.java:822)
	at java.security.AccessController.doPrivileged(Native Method)
	at javax.security.auth.Subject.doAs(Subject.java:422)
	at org.apache.hadoop.security.UserGroupInformation.doAs(UserGroupInformation.java:1730)
	at org.apache.hadoop.ipc.Server$Handler.run(Server.java:2682)
2019-11-14 13:08:56,650 [IPC Server handler 0 on 34094] INFO  block.BlockManagerImpl (BlockManagerImpl.java:allocateBlock(212)) - Could not find available pipeline of type:RATIS and factor:THREE even after retrying
2019-11-14 13:08:56,651 [IPC Server handler 0 on 34094] ERROR block.BlockManagerImpl (BlockManagerImpl.java:allocateBlock(236)) - Unable to allocate a block for the size: 4194304, type: RATIS, factor: THREE
2019-11-14 13:08:56,653 [pool-59-thread-4] ERROR freon.RandomKeyGenerator (RandomKeyGenerator.java:createKey(735)) - Exception while adding key: key-0-21154 in bucket: bucket-0-81761 of volume: vol-0-20269.
INTERNAL_ERROR org.apache.hadoop.ozone.om.exceptions.OMException: Allocated 0 blocks. Requested 5 blocks
	at org.apache.hadoop.ozone.om.protocolPB.OzoneManagerProtocolClientSideTranslatorPB.handleError(OzoneManagerProtocolClientSideTranslatorPB.java:761)
	at org.apache.hadoop.ozone.om.protocolPB.OzoneManagerProtocolClientSideTranslatorPB.openKey(OzoneManagerProtocolClientSideTranslatorPB.java:752)
	at sun.reflect.NativeMethodAccessorImpl.invoke0(Native Method)
	at sun.reflect.NativeMethodAccessorImpl.invoke(NativeMethodAccessorImpl.java:62)
	at sun.reflect.DelegatingMethodAccessorImpl.invoke(DelegatingMethodAccessorImpl.java:43)
	at java.lang.reflect.Method.invoke(Method.java:498)
	at org.apache.hadoop.hdds.tracing.TraceAllMethod.invoke(TraceAllMethod.java:66)
	at com.sun.proxy.$Proxy37.openKey(Unknown Source)
	at org.apache.hadoop.ozone.client.rpc.RpcClient.createKey(RpcClient.java:633)
	at org.apache.hadoop.ozone.client.OzoneBucket.createKey(OzoneBucket.java:325)
	at org.apache.hadoop.ozone.freon.RandomKeyGenerator.createKey(RandomKeyGenerator.java:697)
	at org.apache.hadoop.ozone.freon.RandomKeyGenerator.access$1100(RandomKeyGenerator.java:88)
	at org.apache.hadoop.ozone.freon.RandomKeyGenerator$ObjectCreator.run(RandomKeyGenerator.java:615)
	at java.util.concurrent.Executors$RunnableAdapter.call(Executors.java:511)
	at java.util.concurrent.FutureTask.run(FutureTask.java:266)
	at java.util.concurrent.ThreadPoolExecutor.runWorker(ThreadPoolExecutor.java:1149)
	at java.util.concurrent.ThreadPoolExecutor$Worker.run(ThreadPoolExecutor.java:624)
	at java.lang.Thread.run(Thread.java:748)
 0.00% |?                                                                                                    |  0/1 Time: 0:00:01 0.00% |?                                                                                                    |  0/1 Time: 0:00:02 0.00% |?                                                                                                    |  0/1 Time: 0:00:03 0.00% |?                                                                                                    |  0/1 Time: 0:00:042019-11-14 13:09:01,513 [Thread-493] INFO  impl.FollowerState (FollowerState.java:run(111)) - e3ed037e-9401-4141-8499-31a07caa9a11@group-50225AAD94E6-FollowerState: change to CANDIDATE, lastRpcTime:5001ms, electionTimeout:5001ms
2019-11-14 13:09:01,514 [Thread-493] INFO  impl.RoleInfo (RoleInfo.java:shutdownFollowerState(121)) - e3ed037e-9401-4141-8499-31a07caa9a11: shutdown FollowerState
2019-11-14 13:09:01,514 [Thread-493] INFO  impl.RaftServerImpl (RaftServerImpl.java:setRole(173)) - e3ed037e-9401-4141-8499-31a07caa9a11@group-50225AAD94E6: changes role from  FOLLOWER to CANDIDATE at term 0 for changeToCandidate
2019-11-14 13:09:01,515 [Thread-493] INFO  impl.RoleInfo (RoleInfo.java:updateAndGet(143)) - e3ed037e-9401-4141-8499-31a07caa9a11: start LeaderElection
2019-11-14 13:09:01,533 [Thread-488] INFO  impl.FollowerState (FollowerState.java:run(111)) - 57d6645c-693c-4338-9714-c1c857f07c71@group-50225AAD94E6-FollowerState: change to CANDIDATE, lastRpcTime:5028ms, electionTimeout:5028ms
2019-11-14 13:09:01,533 [Thread-488] INFO  impl.RoleInfo (RoleInfo.java:shutdownFollowerState(121)) - 57d6645c-693c-4338-9714-c1c857f07c71: shutdown FollowerState
2019-11-14 13:09:01,534 [Thread-488] INFO  impl.RaftServerImpl (RaftServerImpl.java:setRole(173)) - 57d6645c-693c-4338-9714-c1c857f07c71@group-50225AAD94E6: changes role from  FOLLOWER to CANDIDATE at term 0 for changeToCandidate
2019-11-14 13:09:01,534 [Thread-488] INFO  impl.RoleInfo (RoleInfo.java:updateAndGet(143)) - 57d6645c-693c-4338-9714-c1c857f07c71: start LeaderElection
2019-11-14 13:09:01,537 [e3ed037e-9401-4141-8499-31a07caa9a11@group-50225AAD94E6-LeaderElection6] INFO  impl.LeaderElection (LeaderElection.java:askForVotes(178)) - e3ed037e-9401-4141-8499-31a07caa9a11@group-50225AAD94E6-LeaderElection6: begin an election at term 1 for -1: [41abd461-8d18-4f7d-bfbe-907604a0ba0e:192.168.34.5:37749, 57d6645c-693c-4338-9714-c1c857f07c71:192.168.34.5:40784, e3ed037e-9401-4141-8499-31a07caa9a11:192.168.34.5:37318], old=null
2019-11-14 13:09:01,540 [57d6645c-693c-4338-9714-c1c857f07c71@group-50225AAD94E6-LeaderElection7] INFO  impl.LeaderElection (LeaderElection.java:askForVotes(178)) - 57d6645c-693c-4338-9714-c1c857f07c71@group-50225AAD94E6-LeaderElection7: begin an election at term 1 for -1: [41abd461-8d18-4f7d-bfbe-907604a0ba0e:192.168.34.5:37749, 57d6645c-693c-4338-9714-c1c857f07c71:192.168.34.5:40784, e3ed037e-9401-4141-8499-31a07caa9a11:192.168.34.5:37318], old=null
2019-11-14 13:09:01,551 [grpc-default-executor-2] INFO  impl.RaftServerImpl (RaftServerImpl.java:setRole(173)) - 41abd461-8d18-4f7d-bfbe-907604a0ba0e@group-50225AAD94E6: changes role from  FOLLOWER to FOLLOWER at term 1 for recognizeCandidate:e3ed037e-9401-4141-8499-31a07caa9a11
2019-11-14 13:09:01,552 [grpc-default-executor-2] INFO  impl.RoleInfo (RoleInfo.java:shutdownFollowerState(121)) - 41abd461-8d18-4f7d-bfbe-907604a0ba0e: shutdown FollowerState
2019-11-14 13:09:01,552 [Thread-492] INFO  impl.FollowerState (FollowerState.java:run(120)) - 41abd461-8d18-4f7d-bfbe-907604a0ba0e@group-50225AAD94E6-FollowerState was interrupted: java.lang.InterruptedException: sleep interrupted
2019-11-14 13:09:01,552 [grpc-default-executor-2] INFO  impl.RoleInfo (RoleInfo.java:updateAndGet(143)) - 41abd461-8d18-4f7d-bfbe-907604a0ba0e: start FollowerState
2019-11-14 13:09:01,580 [57d6645c-693c-4338-9714-c1c857f07c71@group-50225AAD94E6-LeaderElection7] INFO  impl.LeaderElection (LeaderElection.java:logAndReturn(56)) - 57d6645c-693c-4338-9714-c1c857f07c71@group-50225AAD94E6-LeaderElection7: Election REJECTED; received 2 response(s) [57d6645c-693c-4338-9714-c1c857f07c71<-41abd461-8d18-4f7d-bfbe-907604a0ba0e#0:FAIL-t1, 57d6645c-693c-4338-9714-c1c857f07c71<-e3ed037e-9401-4141-8499-31a07caa9a11#0:FAIL-t1] and 0 exception(s); 57d6645c-693c-4338-9714-c1c857f07c71@group-50225AAD94E6:t1, leader=null, voted=57d6645c-693c-4338-9714-c1c857f07c71, raftlog=57d6645c-693c-4338-9714-c1c857f07c71@group-50225AAD94E6-SegmentedRaftLog:OPENED:c-1,f-1,i0, conf=-1: [41abd461-8d18-4f7d-bfbe-907604a0ba0e:192.168.34.5:37749, 57d6645c-693c-4338-9714-c1c857f07c71:192.168.34.5:40784, e3ed037e-9401-4141-8499-31a07caa9a11:192.168.34.5:37318], old=null
2019-11-14 13:09:01,580 [e3ed037e-9401-4141-8499-31a07caa9a11@group-50225AAD94E6-LeaderElection6] INFO  impl.LeaderElection (LeaderElection.java:logAndReturn(56)) - e3ed037e-9401-4141-8499-31a07caa9a11@group-50225AAD94E6-LeaderElection6: Election PASSED; received 2 response(s) [e3ed037e-9401-4141-8499-31a07caa9a11<-41abd461-8d18-4f7d-bfbe-907604a0ba0e#0:OK-t1, e3ed037e-9401-4141-8499-31a07caa9a11<-57d6645c-693c-4338-9714-c1c857f07c71#0:FAIL-t1] and 0 exception(s); e3ed037e-9401-4141-8499-31a07caa9a11@group-50225AAD94E6:t1, leader=null, voted=e3ed037e-9401-4141-8499-31a07caa9a11, raftlog=e3ed037e-9401-4141-8499-31a07caa9a11@group-50225AAD94E6-SegmentedRaftLog:OPENED:c-1,f-1,i0, conf=-1: [41abd461-8d18-4f7d-bfbe-907604a0ba0e:192.168.34.5:37749, 57d6645c-693c-4338-9714-c1c857f07c71:192.168.34.5:40784, e3ed037e-9401-4141-8499-31a07caa9a11:192.168.34.5:37318], old=null
2019-11-14 13:09:01,580 [57d6645c-693c-4338-9714-c1c857f07c71@group-50225AAD94E6-LeaderElection7] INFO  impl.RaftServerImpl (RaftServerImpl.java:setRole(173)) - 57d6645c-693c-4338-9714-c1c857f07c71@group-50225AAD94E6: changes role from CANDIDATE to FOLLOWER at term 1 for DISCOVERED_A_NEW_TERM
2019-11-14 13:09:01,583 [57d6645c-693c-4338-9714-c1c857f07c71@group-50225AAD94E6-LeaderElection7] INFO  impl.RoleInfo (RoleInfo.java:shutdownLeaderElection(134)) - 57d6645c-693c-4338-9714-c1c857f07c71: shutdown LeaderElection
 100.00% |?????????????????????????????????????????????????????????????????????????????????????????????????????|  1/1 Time: 0:00:052019-11-14 13:09:01,583 [e3ed037e-9401-4141-8499-31a07caa9a11@group-50225AAD94E6-LeaderElection6] INFO  impl.RoleInfo (RoleInfo.java:shutdownLeaderElection(134)) - e3ed037e-9401-4141-8499-31a07caa9a11: shutdown LeaderElection

2019-11-14 13:09:01,584 [e3ed037e-9401-4141-8499-31a07caa9a11@group-50225AAD94E6-LeaderElection6] INFO  impl.RaftServerImpl (RaftServerImpl.java:setRole(173)) - e3ed037e-9401-4141-8499-31a07caa9a11@group-50225AAD94E6: changes role from CANDIDATE to LEADER at term 1 for changeToLeader
2019-11-14 13:09:01,584 [57d6645c-693c-4338-9714-c1c857f07c71@group-50225AAD94E6-LeaderElection7] INFO  impl.RoleInfo (RoleInfo.java:updateAndGet(143)) - 57d6645c-693c-4338-9714-c1c857f07c71: start FollowerState
2019-11-14 13:09:01,584 [e3ed037e-9401-4141-8499-31a07caa9a11@group-50225AAD94E6-LeaderElection6] INFO  ratis.XceiverServerRatis (XceiverServerRatis.java:handleLeaderChangedNotification(697)) - Leader change notification received for group: group-50225AAD94E6 with new leaderId: e3ed037e-9401-4141-8499-31a07caa9a11
2019-11-14 13:09:01,585 [e3ed037e-9401-4141-8499-31a07caa9a11@group-50225AAD94E6-LeaderElection6] INFO  impl.RaftServerImpl (ServerState.java:setLeader(255)) - e3ed037e-9401-4141-8499-31a07caa9a11@group-50225AAD94E6: change Leader from null to e3ed037e-9401-4141-8499-31a07caa9a11 at term 1 for becomeLeader, leader elected after 5080ms
2019-11-14 13:09:01,586 [e3ed037e-9401-4141-8499-31a07caa9a11@group-50225AAD94E6-LeaderElection6] INFO  server.RaftServerConfigKeys (ConfUtils.java:logGet(43)) - raft.server.staging.catchup.gap = 1000 (default)
2019-11-14 13:09:01,586 [e3ed037e-9401-4141-8499-31a07caa9a11@group-50225AAD94E6-LeaderElection6] INFO  server.RaftServerConfigKeys (ConfUtils.java:logGet(43)) - raft.server.rpc.sleep.time = 25ms (default)
2019-11-14 13:09:01,586 [e3ed037e-9401-4141-8499-31a07caa9a11@group-50225AAD94E6-LeaderElection6] INFO  server.RaftServerConfigKeys (ConfUtils.java:logGet(43)) - raft.server.write.element-limit = 4096 (default)
2019-11-14 13:09:01,587 [e3ed037e-9401-4141-8499-31a07caa9a11@group-50225AAD94E6-LeaderElection6] INFO  server.RaftServerConfigKeys (ConfUtils.java:logGet(43)) - raft.server.watch.timeout = 10s (default)
2019-11-14 13:09:01,587 [e3ed037e-9401-4141-8499-31a07caa9a11@group-50225AAD94E6-LeaderElection6] INFO  server.RaftServerConfigKeys (ConfUtils.java:logGet(43)) - raft.server.watch.timeout.denomination = 1s (default)
2019-11-14 13:09:01,587 [e3ed037e-9401-4141-8499-31a07caa9a11@group-50225AAD94E6-LeaderElection6] INFO  server.RaftServerConfigKeys (ConfUtils.java:logGet(43)) - raft.server.watch.element-limit = 65536 (default)
2019-11-14 13:09:01,587 [e3ed037e-9401-4141-8499-31a07caa9a11@group-50225AAD94E6-LeaderElection6] INFO  server.RaftServerConfigKeys (ConfUtils.java:logGet(43)) - raft.server.log.appender.snapshot.chunk.size.max = 16MB (=16777216) (default)
2019-11-14 13:09:01,588 [e3ed037e-9401-4141-8499-31a07caa9a11@group-50225AAD94E6-LeaderElection6] INFO  server.RaftServerConfigKeys (ConfUtils.java:logGet(43)) - raft.server.log.appender.buffer.byte-limit = 33554432 (custom)
2019-11-14 13:09:01,588 [e3ed037e-9401-4141-8499-31a07caa9a11@group-50225AAD94E6-LeaderElection6] INFO  server.RaftServerConfigKeys (ConfUtils.java:logGet(43)) - raft.server.log.appender.buffer.element-limit = 1 (custom)
2019-11-14 13:09:01,588 [EventQueue-PipelineReportForPipelineReportHandler] INFO  pipeline.PipelineStateManager (PipelineStateManager.java:openPipeline(134)) - Pipeline Pipeline[ Id: ec1762eb-2043-4a13-a2b4-50225aad94e6, Nodes: e3ed037e-9401-4141-8499-31a07caa9a11{ip: 192.168.34.5, host: pr-hdds-2461-6k78x-381033752, networkLocation: /default-rack, certSerialId: null}57d6645c-693c-4338-9714-c1c857f07c71{ip: 192.168.34.5, host: pr-hdds-2461-6k78x-381033752, networkLocation: /default-rack, certSerialId: null}41abd461-8d18-4f7d-bfbe-907604a0ba0e{ip: 192.168.34.5, host: pr-hdds-2461-6k78x-381033752, networkLocation: /default-rack, certSerialId: null}, Type:RATIS, Factor:THREE, State:OPEN] moved to OPEN state
2019-11-14 13:09:01,588 [e3ed037e-9401-4141-8499-31a07caa9a11@group-50225AAD94E6-LeaderElection6] INFO  grpc.GrpcConfigKeys$Server (ConfUtils.java:logGet(43)) - raft.grpc.server.leader.outstanding.appends.max = 128 (default)
2019-11-14 13:09:01,588 [e3ed037e-9401-4141-8499-31a07caa9a11@group-50225AAD94E6-LeaderElection6] INFO  server.RaftServerConfigKeys (ConfUtils.java:logGet(43)) - raft.server.rpc.request.timeout = 3000ms (default)
2019-11-14 13:09:01,589 [e3ed037e-9401-4141-8499-31a07caa9a11@group-50225AAD94E6-LeaderElection6] INFO  server.RaftServerConfigKeys (ConfUtils.java:logGet(43)) - raft.server.log.appender.install.snapshot.enabled = false (custom)
2019-11-14 13:09:01,589 [e3ed037e-9401-4141-8499-31a07caa9a11@group-50225AAD94E6-LeaderElection6] WARN  impl.MetricRegistriesImpl (MetricRegistriesImpl.java:lambda$create$1(61)) - First MetricRegistry has been created without registering reporters. You may need to call MetricRegistries.global().addReportRegistration(...) before.
2019-11-14 13:09:01,589 [e3ed037e-9401-4141-8499-31a07caa9a11@group-50225AAD94E6-LeaderElection6] INFO  server.RaftServerConfigKeys (ConfUtils.java:logGet(43)) - raft.server.log.appender.snapshot.chunk.size.max = 16MB (=16777216) (default)
2019-11-14 13:09:01,589 [e3ed037e-9401-4141-8499-31a07caa9a11@group-50225AAD94E6-LeaderElection6] INFO  server.RaftServerConfigKeys (ConfUtils.java:logGet(43)) - raft.server.log.appender.buffer.byte-limit = 33554432 (custom)
2019-11-14 13:09:01,589 [e3ed037e-9401-4141-8499-31a07caa9a11@group-50225AAD94E6-LeaderElection6] INFO  server.RaftServerConfigKeys (ConfUtils.java:logGet(43)) - raft.server.log.appender.buffer.element-limit = 1 (custom)
2019-11-14 13:09:01,590 [e3ed037e-9401-4141-8499-31a07caa9a11@group-50225AAD94E6-LeaderElection6] INFO  grpc.GrpcConfigKeys$Server (ConfUtils.java:logGet(43)) - raft.grpc.server.leader.outstanding.appends.max = 128 (default)
2019-11-14 13:09:01,590 [e3ed037e-9401-4141-8499-31a07caa9a11@group-50225AAD94E6-LeaderElection6] INFO  server.RaftServerConfigKeys (ConfUtils.java:logGet(43)) - raft.server.rpc.request.timeout = 3000ms (default)
2019-11-14 13:09:01,590 [e3ed037e-9401-4141-8499-31a07caa9a11@group-50225AAD94E6-LeaderElection6] INFO  server.RaftServerConfigKeys (ConfUtils.java:logGet(43)) - raft.server.log.appender.install.snapshot.enabled = false (custom)
2019-11-14 13:09:01,590 [e3ed037e-9401-4141-8499-31a07caa9a11@group-50225AAD94E6-LeaderElection6] INFO  impl.RoleInfo (RoleInfo.java:updateAndGet(143)) - e3ed037e-9401-4141-8499-31a07caa9a11: start LeaderState
2019-11-14 13:09:01,591 [e3ed037e-9401-4141-8499-31a07caa9a11@group-50225AAD94E6-LeaderElection6] INFO  segmented.SegmentedRaftLogWorker (SegmentedRaftLogWorker.java:startLogSegment(385)) - e3ed037e-9401-4141-8499-31a07caa9a11@group-50225AAD94E6-SegmentedRaftLogWorker: Starting segment from index:0
2019-11-14 13:09:01,592 [e3ed037e-9401-4141-8499-31a07caa9a11@group-50225AAD94E6-LeaderElection6] INFO  impl.RaftServerImpl (ServerState.java:setRaftConf(356)) - e3ed037e-9401-4141-8499-31a07caa9a11@group-50225AAD94E6: set configuration 0: [41abd461-8d18-4f7d-bfbe-907604a0ba0e:192.168.34.5:37749, 57d6645c-693c-4338-9714-c1c857f07c71:192.168.34.5:40784, e3ed037e-9401-4141-8499-31a07caa9a11:192.168.34.5:37318], old=null at 0
2019-11-14 13:09:01,618 [grpc-default-executor-0] INFO  ratis.XceiverServerRatis (XceiverServerRatis.java:handleLeaderChangedNotification(697)) - Leader change notification received for group: group-50225AAD94E6 with new leaderId: e3ed037e-9401-4141-8499-31a07caa9a11
2019-11-14 13:09:01,620 [grpc-default-executor-2] INFO  ratis.XceiverServerRatis (XceiverServerRatis.java:handleLeaderChangedNotification(697)) - Leader change notification received for group: group-50225AAD94E6 with new leaderId: e3ed037e-9401-4141-8499-31a07caa9a11
2019-11-14 13:09:01,620 [grpc-default-executor-0] INFO  impl.RaftServerImpl (ServerState.java:setLeader(255)) - 57d6645c-693c-4338-9714-c1c857f07c71@group-50225AAD94E6: change Leader from null to e3ed037e-9401-4141-8499-31a07caa9a11 at term 1 for appendEntries, leader elected after 5119ms
2019-11-14 13:09:01,621 [grpc-default-executor-2] INFO  impl.RaftServerImpl (ServerState.java:setLeader(255)) - 41abd461-8d18-4f7d-bfbe-907604a0ba0e@group-50225AAD94E6: change Leader from null to e3ed037e-9401-4141-8499-31a07caa9a11 at term 1 for appendEntries, leader elected after 5116ms
2019-11-14 13:09:01,624 [grpc-default-executor-0] INFO  impl.RaftServerImpl (ServerState.java:setRaftConf(356)) - 57d6645c-693c-4338-9714-c1c857f07c71@group-50225AAD94E6: set configuration 0: [41abd461-8d18-4f7d-bfbe-907604a0ba0e:192.168.34.5:37749, 57d6645c-693c-4338-9714-c1c857f07c71:192.168.34.5:40784, e3ed037e-9401-4141-8499-31a07caa9a11:192.168.34.5:37318], old=null at 0
2019-11-14 13:09:01,624 [grpc-default-executor-2] INFO  impl.RaftServerImpl (ServerState.java:setRaftConf(356)) - 41abd461-8d18-4f7d-bfbe-907604a0ba0e@group-50225AAD94E6: set configuration 0: [41abd461-8d18-4f7d-bfbe-907604a0ba0e:192.168.34.5:37749, 57d6645c-693c-4338-9714-c1c857f07c71:192.168.34.5:40784, e3ed037e-9401-4141-8499-31a07caa9a11:192.168.34.5:37318], old=null at 0
2019-11-14 13:09:01,624 [grpc-default-executor-0] INFO  segmented.SegmentedRaftLogWorker (SegmentedRaftLogWorker.java:startLogSegment(385)) - 57d6645c-693c-4338-9714-c1c857f07c71@group-50225AAD94E6-SegmentedRaftLogWorker: Starting segment from index:0
2019-11-14 13:09:01,624 [grpc-default-executor-2] INFO  segmented.SegmentedRaftLogWorker (SegmentedRaftLogWorker.java:startLogSegment(385)) - 41abd461-8d18-4f7d-bfbe-907604a0ba0e@group-50225AAD94E6-SegmentedRaftLogWorker: Starting segment from index:0
2019-11-14 13:09:01,655 [e3ed037e-9401-4141-8499-31a07caa9a11@group-50225AAD94E6-SegmentedRaftLogWorker] INFO  segmented.SegmentedRaftLogWorker (SegmentedRaftLogWorker.java:execute(576)) - e3ed037e-9401-4141-8499-31a07caa9a11@group-50225AAD94E6-SegmentedRaftLogWorker: created new log segment /workdir/hadoop-ozone/tools/target/test-dir/MiniOzoneClusterImpl-076fafb8-a8c6-48f2-8837-5b892c7bda8a/datanode-0/data/ratis/ec1762eb-2043-4a13-a2b4-50225aad94e6/current/log_inprogress_0
2019-11-14 13:09:01,674 [41abd461-8d18-4f7d-bfbe-907604a0ba0e@group-50225AAD94E6-SegmentedRaftLogWorker] INFO  segmented.SegmentedRaftLogWorker (SegmentedRaftLogWorker.java:execute(576)) - 41abd461-8d18-4f7d-bfbe-907604a0ba0e@group-50225AAD94E6-SegmentedRaftLogWorker: created new log segment /workdir/hadoop-ozone/tools/target/test-dir/MiniOzoneClusterImpl-076fafb8-a8c6-48f2-8837-5b892c7bda8a/datanode-2/data/ratis/ec1762eb-2043-4a13-a2b4-50225aad94e6/current/log_inprogress_0
2019-11-14 13:09:01,674 [57d6645c-693c-4338-9714-c1c857f07c71@group-50225AAD94E6-SegmentedRaftLogWorker] INFO  segmented.SegmentedRaftLogWorker (SegmentedRaftLogWorker.java:execute(576)) - 57d6645c-693c-4338-9714-c1c857f07c71@group-50225AAD94E6-SegmentedRaftLogWorker: created new log segment /workdir/hadoop-ozone/tools/target/test-dir/MiniOzoneClusterImpl-076fafb8-a8c6-48f2-8837-5b892c7bda8a/datanode-1/data/ratis/ec1762eb-2043-4a13-a2b4-50225aad94e6/current/log_inprogress_0
]]></system-out>
    <system-err><![CDATA[ERROR StatusLogger No Log4j 2 configuration file found. Using default configuration (logging only errors to the console), or user programmatically provided configurations. Set system property 'log4j2.debug' to show Log4j 2 internal initialization logging. See https://logging.apache.org/log4j/2.x/manual/configuration.html for instructions on how to configure Log4j 2
]]></system-err>
  </testcase>
</testsuite>