<?xml version="1.0" encoding="UTF-8"?>
<testsuite xmlns:xsi="http://www.w3.org/2001/XMLSchema-instance" xsi:noNamespaceSchemaLocation="https://maven.apache.org/surefire/maven-surefire-plugin/xsd/surefire-test-report.xsd" name="org.apache.hadoop.ozone.freon.TestFreonWithPipelineDestroy" time="100.596" tests="1" errors="1" skipped="0" failures="0">
  <properties>
    <property name="awt.toolkit" value="sun.awt.X11.XToolkit"/>
    <property name="file.encoding.pkg" value="sun.io"/>
    <property name="java.specification.version" value="1.8"/>
    <property name="sun.cpu.isalist" value=""/>
    <property name="sun.jnu.encoding" value="ANSI_X3.4-1968"/>
    <property name="java.class.path" value="/workdir/hadoop-ozone/tools/target/test-classes:/workdir/hadoop-ozone/tools/target/classes:/home/user/.m2/repository/org/apache/hadoop/hadoop-ozone-ozone-manager/0.5.0-SNAPSHOT/hadoop-ozone-ozone-manager-0.5.0-SNAPSHOT.jar:/home/user/.m2/repository/org/apache/hadoop/hadoop-hdds-docs/0.5.0-SNAPSHOT/hadoop-hdds-docs-0.5.0-SNAPSHOT.jar:/home/user/.m2/repository/org/bouncycastle/bcprov-jdk15on/1.60/bcprov-jdk15on-1.60.jar:/home/user/.m2/repository/org/apache/hadoop/hadoop-ozone-common/0.5.0-SNAPSHOT/hadoop-ozone-common-0.5.0-SNAPSHOT.jar:/home/user/.m2/repository/org/apache/commons/commons-compress/1.4.1/commons-compress-1.4.1.jar:/home/user/.m2/repository/org/tukaani/xz/1.0/xz-1.0.jar:/home/user/.m2/repository/org/apache/hadoop/hadoop-hdfs-client/3.2.0/hadoop-hdfs-client-3.2.0.jar:/home/user/.m2/repository/com/fasterxml/jackson/core/jackson-annotations/2.9.9/jackson-annotations-2.9.9.jar:/home/user/.m2/repository/org/apache/hadoop/hadoop-hdds-common/0.5.0-SNAPSHOT/hadoop-hdds-common-0.5.0-SNAPSHOT.jar:/home/user/.m2/repository/org/apache/hadoop/hadoop-hdds-config/0.5.0-SNAPSHOT/hadoop-hdds-config-0.5.0-SNAPSHOT.jar:/home/user/.m2/repository/javax/annotation/javax.annotation-api/1.2/javax.annotation-api-1.2.jar:/home/user/.m2/repository/org/apache/ratis/ratis-server/0.5.0-d6d58d0-SNAPSHOT/ratis-server-0.5.0-d6d58d0-SNAPSHOT.jar:/home/user/.m2/repository/org/apache/ratis/ratis-thirdparty-misc/0.2.0/ratis-thirdparty-misc-0.2.0.jar:/home/user/.m2/repository/org/apache/ratis/ratis-proto/0.5.0-d6d58d0-SNAPSHOT/ratis-proto-0.5.0-d6d58d0-SNAPSHOT.jar:/home/user/.m2/repository/org/apache/ratis/ratis-common/0.5.0-d6d58d0-SNAPSHOT/ratis-common-0.5.0-d6d58d0-SNAPSHOT.jar:/home/user/.m2/repository/org/apache/ratis/ratis-client/0.5.0-d6d58d0-SNAPSHOT/ratis-client-0.5.0-d6d58d0-SNAPSHOT.jar:/home/user/.m2/repository/org/apache/ratis/ratis-metrics/0.5.0-d6d58d0-SNAPSHOT/ratis-metrics-0.5.0-d6d58d0-SNAPSHOT.jar:/home/user/.m2/repository/org/apache/ratis/ratis-netty/0.5.0-d6d58d0-SNAPSHOT/ratis-netty-0.5.0-d6d58d0-SNAPSHOT.jar:/home/user/.m2/repository/org/apache/ratis/ratis-grpc/0.5.0-d6d58d0-SNAPSHOT/ratis-grpc-0.5.0-d6d58d0-SNAPSHOT.jar:/home/user/.m2/repository/org/rocksdb/rocksdbjni/6.0.1/rocksdbjni-6.0.1.jar:/home/user/.m2/repository/org/apache/logging/log4j/log4j-api/2.11.0/log4j-api-2.11.0.jar:/home/user/.m2/repository/org/apache/logging/log4j/log4j-core/2.11.0/log4j-core-2.11.0.jar:/home/user/.m2/repository/com/lmax/disruptor/3.4.2/disruptor-3.4.2.jar:/home/user/.m2/repository/org/apache/commons/commons-pool2/2.6.0/commons-pool2-2.6.0.jar:/home/user/.m2/repository/org/bouncycastle/bcpkix-jdk15on/1.60/bcpkix-jdk15on-1.60.jar:/home/user/.m2/repository/commons-validator/commons-validator/1.6/commons-validator-1.6.jar:/home/user/.m2/repository/commons-digester/commons-digester/1.8.1/commons-digester-1.8.1.jar:/home/user/.m2/repository/io/jaegertracing/jaeger-client/0.34.0/jaeger-client-0.34.0.jar:/home/user/.m2/repository/io/jaegertracing/jaeger-thrift/0.34.0/jaeger-thrift-0.34.0.jar:/home/user/.m2/repository/org/apache/thrift/libthrift/0.12.0/libthrift-0.12.0.jar:/home/user/.m2/repository/com/squareup/okhttp3/okhttp/3.9.0/okhttp-3.9.0.jar:/home/user/.m2/repository/com/squareup/okio/okio/1.13.0/okio-1.13.0.jar:/home/user/.m2/repository/io/jaegertracing/jaeger-core/0.34.0/jaeger-core-0.34.0.jar:/home/user/.m2/repository/io/jaegertracing/jaeger-tracerresolver/0.34.0/jaeger-tracerresolver-0.34.0.jar:/home/user/.m2/repository/io/opentracing/contrib/opentracing-tracerresolver/0.1.5/opentracing-tracerresolver-0.1.5.jar:/home/user/.m2/repository/io/opentracing/opentracing-util/0.31.0/opentracing-util-0.31.0.jar:/home/user/.m2/repository/io/opentracing/opentracing-api/0.31.0/opentracing-api-0.31.0.jar:/home/user/.m2/repository/io/opentracing/opentracing-noop/0.31.0/opentracing-noop-0.31.0.jar:/home/user/.m2/repository/org/yaml/snakeyaml/1.16/snakeyaml-1.16.jar:/home/user/.m2/repository/org/apache/hadoop/hadoop-hdds-container-service/0.5.0-SNAPSHOT/hadoop-hdds-container-service-0.5.0-SNAPSHOT.jar:/home/user/.m2/repository/org/apache/hadoop/hadoop-hdds-client/0.5.0-SNAPSHOT/hadoop-hdds-client-0.5.0-SNAPSHOT.jar:/home/user/.m2/repository/org/apache/hadoop/hadoop-hdds-tools/0.5.0-SNAPSHOT/hadoop-hdds-tools-0.5.0-SNAPSHOT.jar:/home/user/.m2/repository/org/xerial/sqlite-jdbc/3.25.2/sqlite-jdbc-3.25.2.jar:/home/user/.m2/repository/org/apache/hadoop/hadoop-hdds-server-scm/0.5.0-SNAPSHOT/hadoop-hdds-server-scm-0.5.0-SNAPSHOT.jar:/home/user/.m2/repository/org/hamcrest/hamcrest-all/1.3/hamcrest-all-1.3.jar:/home/user/.m2/repository/info/picocli/picocli/3.9.6/picocli-3.9.6.jar:/home/user/.m2/repository/com/google/protobuf/protobuf-java/2.5.0/protobuf-java-2.5.0.jar:/home/user/.m2/repository/com/google/guava/guava/11.0.2/guava-11.0.2.jar:/home/user/.m2/repository/org/apache/hadoop/hadoop-ozone-client/0.5.0-SNAPSHOT/hadoop-ozone-client-0.5.0-SNAPSHOT.jar:/workdir/hadoop-ozone/ozonefs/target/classes:/home/user/.m2/repository/org/apache/httpcomponents/httpclient/4.5.2/httpclient-4.5.2.jar:/home/user/.m2/repository/org/apache/httpcomponents/httpcore/4.4.4/httpcore-4.4.4.jar:/home/user/.m2/repository/org/apache/hadoop/hadoop-hdds-server-framework/0.5.0-SNAPSHOT/hadoop-hdds-server-framework-0.5.0-SNAPSHOT.jar:/home/user/.m2/repository/org/apache/hadoop/hadoop-common/3.2.0/hadoop-common-3.2.0.jar:/home/user/.m2/repository/org/apache/hadoop/hadoop-annotations/3.2.0/hadoop-annotations-3.2.0.jar:/usr/lib/jvm/java-1.8.0-openjdk-1.8.0.222.b10-1.el7_7.x86_64/jre/../lib/tools.jar:/home/user/.m2/repository/commons-cli/commons-cli/1.2/commons-cli-1.2.jar:/home/user/.m2/repository/org/apache/commons/commons-math3/3.1.1/commons-math3-3.1.1.jar:/home/user/.m2/repository/commons-codec/commons-codec/1.11/commons-codec-1.11.jar:/home/user/.m2/repository/commons-io/commons-io/2.5/commons-io-2.5.jar:/home/user/.m2/repository/commons-net/commons-net/3.6/commons-net-3.6.jar:/home/user/.m2/repository/commons-collections/commons-collections/3.2.2/commons-collections-3.2.2.jar:/home/user/.m2/repository/javax/servlet/javax.servlet-api/3.1.0/javax.servlet-api-3.1.0.jar:/home/user/.m2/repository/org/eclipse/jetty/jetty-server/9.3.25.v20180904/jetty-server-9.3.25.v20180904.jar:/home/user/.m2/repository/org/eclipse/jetty/jetty-http/9.3.25.v20180904/jetty-http-9.3.25.v20180904.jar:/home/user/.m2/repository/org/eclipse/jetty/jetty-io/9.3.25.v20180904/jetty-io-9.3.25.v20180904.jar:/home/user/.m2/repository/org/eclipse/jetty/jetty-util/9.3.25.v20180904/jetty-util-9.3.25.v20180904.jar:/home/user/.m2/repository/org/eclipse/jetty/jetty-servlet/9.3.25.v20180904/jetty-servlet-9.3.25.v20180904.jar:/home/user/.m2/repository/org/eclipse/jetty/jetty-security/9.3.25.v20180904/jetty-security-9.3.25.v20180904.jar:/home/user/.m2/repository/org/eclipse/jetty/jetty-webapp/9.3.25.v20180904/jetty-webapp-9.3.25.v20180904.jar:/home/user/.m2/repository/org/eclipse/jetty/jetty-xml/9.3.25.v20180904/jetty-xml-9.3.25.v20180904.jar:/home/user/.m2/repository/javax/servlet/jsp/jsp-api/2.1/jsp-api-2.1.jar:/home/user/.m2/repository/com/sun/jersey/jersey-core/1.19/jersey-core-1.19.jar:/home/user/.m2/repository/javax/ws/rs/jsr311-api/1.1.1/jsr311-api-1.1.1.jar:/home/user/.m2/repository/com/sun/jersey/jersey-servlet/1.19/jersey-servlet-1.19.jar:/home/user/.m2/repository/com/sun/jersey/jersey-json/1.19/jersey-json-1.19.jar:/home/user/.m2/repository/org/codehaus/jettison/jettison/1.1/jettison-1.1.jar:/home/user/.m2/repository/com/sun/xml/bind/jaxb-impl/2.3.0.1/jaxb-impl-2.3.0.1.jar:/home/user/.m2/repository/org/codehaus/jackson/jackson-core-asl/1.9.13/jackson-core-asl-1.9.13.jar:/home/user/.m2/repository/org/codehaus/jackson/jackson-mapper-asl/1.9.13/jackson-mapper-asl-1.9.13.jar:/home/user/.m2/repository/org/codehaus/jackson/jackson-jaxrs/1.9.13/jackson-jaxrs-1.9.13.jar:/home/user/.m2/repository/org/codehaus/jackson/jackson-xc/1.9.13/jackson-xc-1.9.13.jar:/home/user/.m2/repository/com/sun/jersey/jersey-server/1.19/jersey-server-1.19.jar:/home/user/.m2/repository/commons-logging/commons-logging/1.1.3/commons-logging-1.1.3.jar:/home/user/.m2/repository/log4j/log4j/1.2.17/log4j-1.2.17.jar:/home/user/.m2/repository/commons-beanutils/commons-beanutils/1.9.4/commons-beanutils-1.9.4.jar:/home/user/.m2/repository/org/apache/commons/commons-configuration2/2.1.1/commons-configuration2-2.1.1.jar:/home/user/.m2/repository/org/apache/commons/commons-lang3/3.7/commons-lang3-3.7.jar:/home/user/.m2/repository/org/apache/commons/commons-text/1.4/commons-text-1.4.jar:/home/user/.m2/repository/org/slf4j/slf4j-api/1.7.25/slf4j-api-1.7.25.jar:/home/user/.m2/repository/org/slf4j/slf4j-log4j12/1.7.25/slf4j-log4j12-1.7.25.jar:/home/user/.m2/repository/org/apache/avro/avro/1.7.7/avro-1.7.7.jar:/home/user/.m2/repository/com/thoughtworks/paranamer/paranamer/2.3/paranamer-2.3.jar:/home/user/.m2/repository/org/xerial/snappy/snappy-java/1.0.5/snappy-java-1.0.5.jar:/home/user/.m2/repository/com/google/re2j/re2j/1.1/re2j-1.1.jar:/home/user/.m2/repository/com/google/code/gson/gson/2.2.4/gson-2.2.4.jar:/home/user/.m2/repository/org/apache/hadoop/hadoop-auth/3.2.0/hadoop-auth-3.2.0.jar:/home/user/.m2/repository/com/nimbusds/nimbus-jose-jwt/4.41.1/nimbus-jose-jwt-4.41.1.jar:/home/user/.m2/repository/com/github/stephenc/jcip/jcip-annotations/1.0-1/jcip-annotations-1.0-1.jar:/home/user/.m2/repository/net/minidev/json-smart/2.3/json-smart-2.3.jar:/home/user/.m2/repository/net/minidev/accessors-smart/1.2/accessors-smart-1.2.jar:/home/user/.m2/repository/org/apache/curator/curator-framework/2.12.0/curator-framework-2.12.0.jar:/home/user/.m2/repository/com/jcraft/jsch/0.1.54/jsch-0.1.54.jar:/home/user/.m2/repository/org/apache/curator/curator-client/2.12.0/curator-client-2.12.0.jar:/home/user/.m2/repository/org/apache/curator/curator-recipes/2.12.0/curator-recipes-2.12.0.jar:/home/user/.m2/repository/com/google/code/findbugs/jsr305/3.0.0/jsr305-3.0.0.jar:/home/user/.m2/repository/org/apache/htrace/htrace-core4/4.1.0-incubating/htrace-core4-4.1.0-incubating.jar:/home/user/.m2/repository/org/apache/zookeeper/zookeeper/3.4.13/zookeeper-3.4.13.jar:/home/user/.m2/repository/jline/jline/0.9.94/jline-0.9.94.jar:/home/user/.m2/repository/org/apache/yetus/audience-annotations/0.5.0/audience-annotations-0.5.0.jar:/home/user/.m2/repository/org/apache/kerby/kerb-simplekdc/1.0.1/kerb-simplekdc-1.0.1.jar:/home/user/.m2/repository/org/apache/kerby/kerb-client/1.0.1/kerb-client-1.0.1.jar:/home/user/.m2/repository/org/apache/kerby/kerby-config/1.0.1/kerby-config-1.0.1.jar:/home/user/.m2/repository/org/apache/kerby/kerb-core/1.0.1/kerb-core-1.0.1.jar:/home/user/.m2/repository/org/apache/kerby/kerby-pkix/1.0.1/kerby-pkix-1.0.1.jar:/home/user/.m2/repository/org/apache/kerby/kerby-asn1/1.0.1/kerby-asn1-1.0.1.jar:/home/user/.m2/repository/org/apache/kerby/kerby-util/1.0.1/kerby-util-1.0.1.jar:/home/user/.m2/repository/org/apache/kerby/kerb-common/1.0.1/kerb-common-1.0.1.jar:/home/user/.m2/repository/org/apache/kerby/kerb-crypto/1.0.1/kerb-crypto-1.0.1.jar:/home/user/.m2/repository/org/apache/kerby/kerb-util/1.0.1/kerb-util-1.0.1.jar:/home/user/.m2/repository/org/apache/kerby/token-provider/1.0.1/token-provider-1.0.1.jar:/home/user/.m2/repository/org/apache/kerby/kerb-admin/1.0.1/kerb-admin-1.0.1.jar:/home/user/.m2/repository/org/apache/kerby/kerb-server/1.0.1/kerb-server-1.0.1.jar:/home/user/.m2/repository/org/apache/kerby/kerb-identity/1.0.1/kerb-identity-1.0.1.jar:/home/user/.m2/repository/org/apache/kerby/kerby-xdr/1.0.1/kerby-xdr-1.0.1.jar:/home/user/.m2/repository/com/fasterxml/jackson/core/jackson-databind/2.9.9/jackson-databind-2.9.9.jar:/home/user/.m2/repository/com/fasterxml/jackson/core/jackson-core/2.9.9/jackson-core-2.9.9.jar:/home/user/.m2/repository/org/codehaus/woodstox/stax2-api/3.1.4/stax2-api-3.1.4.jar:/home/user/.m2/repository/com/fasterxml/woodstox/woodstox-core/5.0.3/woodstox-core-5.0.3.jar:/home/user/.m2/repository/dnsjava/dnsjava/2.1.7/dnsjava-2.1.7.jar:/home/user/.m2/repository/org/apache/hadoop/hadoop-hdfs/3.2.0/hadoop-hdfs-3.2.0.jar:/home/user/.m2/repository/org/eclipse/jetty/jetty-util-ajax/9.3.25.v20180904/jetty-util-ajax-9.3.25.v20180904.jar:/home/user/.m2/repository/commons-daemon/commons-daemon/1.0.13/commons-daemon-1.0.13.jar:/home/user/.m2/repository/io/netty/netty/3.10.5.Final/netty-3.10.5.Final.jar:/home/user/.m2/repository/io/netty/netty-all/4.0.52.Final/netty-all-4.0.52.Final.jar:/home/user/.m2/repository/org/fusesource/leveldbjni/leveldbjni-all/1.8/leveldbjni-all-1.8.jar:/home/user/.m2/repository/com/sun/xml/bind/jaxb-core/2.3.0.1/jaxb-core-2.3.0.1.jar:/home/user/.m2/repository/javax/xml/bind/jaxb-api/2.3.0/jaxb-api-2.3.0.jar:/home/user/.m2/repository/javax/activation/activation/1.1.1/activation-1.1.1.jar:/home/user/.m2/repository/org/openjdk/jmh/jmh-core/1.19/jmh-core-1.19.jar:/home/user/.m2/repository/net/sf/jopt-simple/jopt-simple/4.6/jopt-simple-4.6.jar:/home/user/.m2/repository/org/openjdk/jmh/jmh-generator-annprocess/1.19/jmh-generator-annprocess-1.19.jar:/home/user/.m2/repository/io/dropwizard/metrics/metrics-core/3.2.4/metrics-core-3.2.4.jar:/home/user/.m2/repository/com/amazonaws/aws-java-sdk-s3/1.11.615/aws-java-sdk-s3-1.11.615.jar:/home/user/.m2/repository/com/amazonaws/aws-java-sdk-kms/1.11.615/aws-java-sdk-kms-1.11.615.jar:/home/user/.m2/repository/com/amazonaws/aws-java-sdk-core/1.11.615/aws-java-sdk-core-1.11.615.jar:/home/user/.m2/repository/software/amazon/ion/ion-java/1.0.2/ion-java-1.0.2.jar:/home/user/.m2/repository/com/fasterxml/jackson/dataformat/jackson-dataformat-cbor/2.9.9/jackson-dataformat-cbor-2.9.9.jar:/home/user/.m2/repository/joda-time/joda-time/2.9.9/joda-time-2.9.9.jar:/home/user/.m2/repository/com/amazonaws/jmespath-java/1.11.615/jmespath-java-1.11.615.jar:/home/user/.m2/repository/com/github/spotbugs/spotbugs/3.1.12/spotbugs-3.1.12.jar:/home/user/.m2/repository/org/ow2/asm/asm/5.0.4/asm-5.0.4.jar:/home/user/.m2/repository/org/ow2/asm/asm-analysis/7.0/asm-analysis-7.0.jar:/home/user/.m2/repository/org/ow2/asm/asm-commons/7.0/asm-commons-7.0.jar:/home/user/.m2/repository/org/ow2/asm/asm-tree/7.0/asm-tree-7.0.jar:/home/user/.m2/repository/org/ow2/asm/asm-util/7.0/asm-util-7.0.jar:/home/user/.m2/repository/org/apache/bcel/bcel/6.3/bcel-6.3.jar:/home/user/.m2/repository/net/jcip/jcip-annotations/1.0/jcip-annotations-1.0.jar:/home/user/.m2/repository/org/dom4j/dom4j/2.1.1/dom4j-2.1.1.jar:/home/user/.m2/repository/jaxen/jaxen/1.1.6/jaxen-1.1.6.jar:/home/user/.m2/repository/commons-lang/commons-lang/2.6/commons-lang-2.6.jar:/home/user/.m2/repository/com/github/spotbugs/spotbugs-annotations/3.1.12/spotbugs-annotations-3.1.12.jar:/home/user/.m2/repository/junit/junit/4.11/junit-4.11.jar:/home/user/.m2/repository/org/hamcrest/hamcrest-core/1.3/hamcrest-core-1.3.jar:/home/user/.m2/repository/org/apache/hadoop/hadoop-common/3.2.0/hadoop-common-3.2.0-tests.jar:/workdir/hadoop-ozone/integration-test/target/test-classes:/home/user/.m2/repository/org/apache/hadoop/hadoop-ozone-s3gateway/0.5.0-SNAPSHOT/hadoop-ozone-s3gateway-0.5.0-SNAPSHOT.jar:/home/user/.m2/repository/org/jboss/weld/servlet/weld-servlet/2.4.7.Final/weld-servlet-2.4.7.Final.jar:/home/user/.m2/repository/org/glassfish/jersey/containers/jersey-container-servlet-core/2.27/jersey-container-servlet-core-2.27.jar:/home/user/.m2/repository/org/glassfish/hk2/external/javax.inject/2.5.0-b42/javax.inject-2.5.0-b42.jar:/home/user/.m2/repository/org/glassfish/jersey/core/jersey-common/2.27/jersey-common-2.27.jar:/home/user/.m2/repository/org/glassfish/hk2/osgi-resource-locator/1.0.1/osgi-resource-locator-1.0.1.jar:/home/user/.m2/repository/javax/ws/rs/javax.ws.rs-api/2.1/javax.ws.rs-api-2.1.jar:/home/user/.m2/repository/org/glassfish/jersey/ext/cdi/jersey-cdi1x/2.27/jersey-cdi1x-2.27.jar:/home/user/.m2/repository/org/glassfish/jersey/inject/jersey-hk2/2.27/jersey-hk2-2.27.jar:/home/user/.m2/repository/org/glassfish/hk2/hk2-locator/2.5.0-b42/hk2-locator-2.5.0-b42.jar:/home/user/.m2/repository/org/javassist/javassist/3.22.0-CR2/javassist-3.22.0-CR2.jar:/home/user/.m2/repository/org/glassfish/hk2/hk2-api/2.5.0/hk2-api-2.5.0.jar:/home/user/.m2/repository/org/glassfish/hk2/external/jakarta.inject/2.5.0/jakarta.inject-2.5.0.jar:/home/user/.m2/repository/org/glassfish/hk2/hk2-utils/2.5.0/hk2-utils-2.5.0.jar:/home/user/.m2/repository/jakarta/annotation/jakarta.annotation-api/1.3.4/jakarta.annotation-api-1.3.4.jar:/home/user/.m2/repository/org/glassfish/hk2/external/aopalliance-repackaged/2.5.0/aopalliance-repackaged-2.5.0.jar:/home/user/.m2/repository/com/fasterxml/jackson/dataformat/jackson-dataformat-xml/2.9.0/jackson-dataformat-xml-2.9.0.jar:/home/user/.m2/repository/com/fasterxml/jackson/module/jackson-module-jaxb-annotations/2.9.9/jackson-module-jaxb-annotations-2.9.9.jar:/home/user/.m2/repository/javax/enterprise/cdi-api/1.2/cdi-api-1.2.jar:/home/user/.m2/repository/javax/el/javax.el-api/3.0.0/javax.el-api-3.0.0.jar:/home/user/.m2/repository/javax/interceptor/javax.interceptor-api/1.2/javax.interceptor-api-1.2.jar:/home/user/.m2/repository/javax/inject/javax.inject/1/javax.inject-1.jar:/home/user/.m2/repository/org/apache/hadoop/hadoop-ozone-csi/0.5.0-SNAPSHOT/hadoop-ozone-csi-0.5.0-SNAPSHOT.jar:/home/user/.m2/repository/com/google/protobuf/protobuf-java-util/3.5.1/protobuf-java-util-3.5.1.jar:/home/user/.m2/repository/io/grpc/grpc-netty/1.17.1/grpc-netty-1.17.1.jar:/home/user/.m2/repository/io/grpc/grpc-core/1.17.1/grpc-core-1.17.1.jar:/home/user/.m2/repository/io/grpc/grpc-context/1.17.1/grpc-context-1.17.1.jar:/home/user/.m2/repository/com/google/errorprone/error_prone_annotations/2.2.0/error_prone_annotations-2.2.0.jar:/home/user/.m2/repository/org/codehaus/mojo/animal-sniffer-annotations/1.17/animal-sniffer-annotations-1.17.jar:/home/user/.m2/repository/io/opencensus/opencensus-api/0.17.0/opencensus-api-0.17.0.jar:/home/user/.m2/repository/io/opencensus/opencensus-contrib-grpc-metrics/0.17.0/opencensus-contrib-grpc-metrics-0.17.0.jar:/home/user/.m2/repository/io/netty/netty-codec-http2/4.1.30.Final/netty-codec-http2-4.1.30.Final.jar:/home/user/.m2/repository/io/netty/netty-codec-http/4.1.30.Final/netty-codec-http-4.1.30.Final.jar:/home/user/.m2/repository/io/netty/netty-codec/4.1.30.Final/netty-codec-4.1.30.Final.jar:/home/user/.m2/repository/io/netty/netty-handler/4.1.30.Final/netty-handler-4.1.30.Final.jar:/home/user/.m2/repository/io/netty/netty-handler-proxy/4.1.30.Final/netty-handler-proxy-4.1.30.Final.jar:/home/user/.m2/repository/io/netty/netty-codec-socks/4.1.30.Final/netty-codec-socks-4.1.30.Final.jar:/home/user/.m2/repository/io/netty/netty-transport-native-epoll/4.1.30.Final/netty-transport-native-epoll-4.1.30.Final.jar:/home/user/.m2/repository/io/netty/netty-common/4.1.30.Final/netty-common-4.1.30.Final.jar:/home/user/.m2/repository/io/netty/netty-buffer/4.1.30.Final/netty-buffer-4.1.30.Final.jar:/home/user/.m2/repository/io/netty/netty-transport/4.1.30.Final/netty-transport-4.1.30.Final.jar:/home/user/.m2/repository/io/netty/netty-resolver/4.1.30.Final/netty-resolver-4.1.30.Final.jar:/home/user/.m2/repository/io/netty/netty-transport-native-unix-common/4.1.30.Final/netty-transport-native-unix-common-4.1.30.Final.jar:/home/user/.m2/repository/io/grpc/grpc-protobuf/1.17.1/grpc-protobuf-1.17.1.jar:/home/user/.m2/repository/com/google/api/grpc/proto-google-common-protos/1.0.0/proto-google-common-protos-1.0.0.jar:/home/user/.m2/repository/io/grpc/grpc-protobuf-lite/1.17.1/grpc-protobuf-lite-1.17.1.jar:/home/user/.m2/repository/io/grpc/grpc-stub/1.17.1/grpc-stub-1.17.1.jar:/home/user/.m2/repository/org/apache/hadoop/hadoop-ozone-recon/0.5.0-SNAPSHOT/hadoop-ozone-recon-0.5.0-SNAPSHOT.jar:/home/user/.m2/repository/org/apache/hadoop/hadoop-ozone-reconcodegen/0.5.0-SNAPSHOT/hadoop-ozone-reconcodegen-0.5.0-SNAPSHOT.jar:/home/user/.m2/repository/com/google/inject/extensions/guice-multibindings/4.0/guice-multibindings-4.0.jar:/home/user/.m2/repository/com/google/inject/guice/4.0/guice-4.0.jar:/home/user/.m2/repository/aopalliance/aopalliance/1.0/aopalliance-1.0.jar:/home/user/.m2/repository/com/google/inject/extensions/guice-servlet/4.0/guice-servlet-4.0.jar:/home/user/.m2/repository/org/glassfish/jersey/containers/jersey-container-servlet/2.27/jersey-container-servlet-2.27.jar:/home/user/.m2/repository/org/glassfish/hk2/guice-bridge/2.5.0/guice-bridge-2.5.0.jar:/home/user/.m2/repository/org/glassfish/jersey/core/jersey-server/2.27/jersey-server-2.27.jar:/home/user/.m2/repository/org/glassfish/jersey/core/jersey-client/2.27/jersey-client-2.27.jar:/home/user/.m2/repository/org/glassfish/jersey/media/jersey-media-jaxb/2.27/jersey-media-jaxb-2.27.jar:/home/user/.m2/repository/javax/validation/validation-api/1.1.0.Final/validation-api-1.1.0.Final.jar:/home/user/.m2/repository/org/glassfish/jersey/media/jersey-media-json-jackson/2.27/jersey-media-json-jackson-2.27.jar:/home/user/.m2/repository/org/glassfish/jersey/ext/jersey-entity-filtering/2.27/jersey-entity-filtering-2.27.jar:/home/user/.m2/repository/com/google/inject/extensions/guice-assistedinject/4.0/guice-assistedinject-4.0.jar:/home/user/.m2/repository/org/jooq/jooq/3.11.10/jooq-3.11.10.jar:/home/user/.m2/repository/org/jooq/jooq-meta/3.11.10/jooq-meta-3.11.10.jar:/home/user/.m2/repository/org/jooq/jooq-codegen/3.11.10/jooq-codegen-3.11.10.jar:/home/user/.m2/repository/com/jolbox/bonecp/0.8.0.RELEASE/bonecp-0.8.0.RELEASE.jar:/home/user/.m2/repository/org/springframework/spring-jdbc/5.1.3.RELEASE/spring-jdbc-5.1.3.RELEASE.jar:/home/user/.m2/repository/org/springframework/spring-beans/5.1.3.RELEASE/spring-beans-5.1.3.RELEASE.jar:/home/user/.m2/repository/org/springframework/spring-core/5.1.3.RELEASE/spring-core-5.1.3.RELEASE.jar:/home/user/.m2/repository/org/springframework/spring-jcl/5.1.3.RELEASE/spring-jcl-5.1.3.RELEASE.jar:/home/user/.m2/repository/org/springframework/spring-tx/5.1.3.RELEASE/spring-tx-5.1.3.RELEASE.jar:/home/user/.m2/repository/org/mockito/mockito-core/2.15.0/mockito-core-2.15.0.jar:/home/user/.m2/repository/net/bytebuddy/byte-buddy/1.7.9/byte-buddy-1.7.9.jar:/home/user/.m2/repository/net/bytebuddy/byte-buddy-agent/1.7.9/byte-buddy-agent-1.7.9.jar:/home/user/.m2/repository/org/objenesis/objenesis/1.0/objenesis-1.0.jar:"/>
    <property name="java.vm.vendor" value="Oracle Corporation"/>
    <property name="sun.arch.data.model" value="64"/>
    <property name="test.build.dir" value="/workdir/hadoop-ozone/tools/target/test-dir"/>
    <property name="test.cache.data" value=""/>
    <property name="java.vendor.url" value="http://java.oracle.com/"/>
    <property name="user.timezone" value=""/>
    <property name="java.vm.specification.version" value="1.8"/>
    <property name="os.name" value="Linux"/>
    <property name="test.build.data" value="/workdir/hadoop-ozone/tools/target/test-dir"/>
    <property name="user.country" value="US"/>
    <property name="sun.java.launcher" value="SUN_STANDARD"/>
    <property name="sun.boot.library.path" value="/usr/lib/jvm/java-1.8.0-openjdk-1.8.0.222.b10-1.el7_7.x86_64/jre/lib/amd64"/>
    <property name="sun.java.command" value="/workdir/hadoop-ozone/tools/target/surefire/surefirebooter1240181951404456826.jar /workdir/hadoop-ozone/tools/target/surefire 2019-11-13T15-50-04_967-jvmRun1 surefire3122590558099303529tmp surefire_1027731580103171670754tmp"/>
    <property name="surefire.test.class.path" value="/workdir/hadoop-ozone/tools/target/test-classes:/workdir/hadoop-ozone/tools/target/classes:/home/user/.m2/repository/org/apache/hadoop/hadoop-ozone-ozone-manager/0.5.0-SNAPSHOT/hadoop-ozone-ozone-manager-0.5.0-SNAPSHOT.jar:/home/user/.m2/repository/org/apache/hadoop/hadoop-hdds-docs/0.5.0-SNAPSHOT/hadoop-hdds-docs-0.5.0-SNAPSHOT.jar:/home/user/.m2/repository/org/bouncycastle/bcprov-jdk15on/1.60/bcprov-jdk15on-1.60.jar:/home/user/.m2/repository/org/apache/hadoop/hadoop-ozone-common/0.5.0-SNAPSHOT/hadoop-ozone-common-0.5.0-SNAPSHOT.jar:/home/user/.m2/repository/org/apache/commons/commons-compress/1.4.1/commons-compress-1.4.1.jar:/home/user/.m2/repository/org/tukaani/xz/1.0/xz-1.0.jar:/home/user/.m2/repository/org/apache/hadoop/hadoop-hdfs-client/3.2.0/hadoop-hdfs-client-3.2.0.jar:/home/user/.m2/repository/com/fasterxml/jackson/core/jackson-annotations/2.9.9/jackson-annotations-2.9.9.jar:/home/user/.m2/repository/org/apache/hadoop/hadoop-hdds-common/0.5.0-SNAPSHOT/hadoop-hdds-common-0.5.0-SNAPSHOT.jar:/home/user/.m2/repository/org/apache/hadoop/hadoop-hdds-config/0.5.0-SNAPSHOT/hadoop-hdds-config-0.5.0-SNAPSHOT.jar:/home/user/.m2/repository/javax/annotation/javax.annotation-api/1.2/javax.annotation-api-1.2.jar:/home/user/.m2/repository/org/apache/ratis/ratis-server/0.5.0-d6d58d0-SNAPSHOT/ratis-server-0.5.0-d6d58d0-SNAPSHOT.jar:/home/user/.m2/repository/org/apache/ratis/ratis-thirdparty-misc/0.2.0/ratis-thirdparty-misc-0.2.0.jar:/home/user/.m2/repository/org/apache/ratis/ratis-proto/0.5.0-d6d58d0-SNAPSHOT/ratis-proto-0.5.0-d6d58d0-SNAPSHOT.jar:/home/user/.m2/repository/org/apache/ratis/ratis-common/0.5.0-d6d58d0-SNAPSHOT/ratis-common-0.5.0-d6d58d0-SNAPSHOT.jar:/home/user/.m2/repository/org/apache/ratis/ratis-client/0.5.0-d6d58d0-SNAPSHOT/ratis-client-0.5.0-d6d58d0-SNAPSHOT.jar:/home/user/.m2/repository/org/apache/ratis/ratis-metrics/0.5.0-d6d58d0-SNAPSHOT/ratis-metrics-0.5.0-d6d58d0-SNAPSHOT.jar:/home/user/.m2/repository/org/apache/ratis/ratis-netty/0.5.0-d6d58d0-SNAPSHOT/ratis-netty-0.5.0-d6d58d0-SNAPSHOT.jar:/home/user/.m2/repository/org/apache/ratis/ratis-grpc/0.5.0-d6d58d0-SNAPSHOT/ratis-grpc-0.5.0-d6d58d0-SNAPSHOT.jar:/home/user/.m2/repository/org/rocksdb/rocksdbjni/6.0.1/rocksdbjni-6.0.1.jar:/home/user/.m2/repository/org/apache/logging/log4j/log4j-api/2.11.0/log4j-api-2.11.0.jar:/home/user/.m2/repository/org/apache/logging/log4j/log4j-core/2.11.0/log4j-core-2.11.0.jar:/home/user/.m2/repository/com/lmax/disruptor/3.4.2/disruptor-3.4.2.jar:/home/user/.m2/repository/org/apache/commons/commons-pool2/2.6.0/commons-pool2-2.6.0.jar:/home/user/.m2/repository/org/bouncycastle/bcpkix-jdk15on/1.60/bcpkix-jdk15on-1.60.jar:/home/user/.m2/repository/commons-validator/commons-validator/1.6/commons-validator-1.6.jar:/home/user/.m2/repository/commons-digester/commons-digester/1.8.1/commons-digester-1.8.1.jar:/home/user/.m2/repository/io/jaegertracing/jaeger-client/0.34.0/jaeger-client-0.34.0.jar:/home/user/.m2/repository/io/jaegertracing/jaeger-thrift/0.34.0/jaeger-thrift-0.34.0.jar:/home/user/.m2/repository/org/apache/thrift/libthrift/0.12.0/libthrift-0.12.0.jar:/home/user/.m2/repository/com/squareup/okhttp3/okhttp/3.9.0/okhttp-3.9.0.jar:/home/user/.m2/repository/com/squareup/okio/okio/1.13.0/okio-1.13.0.jar:/home/user/.m2/repository/io/jaegertracing/jaeger-core/0.34.0/jaeger-core-0.34.0.jar:/home/user/.m2/repository/io/jaegertracing/jaeger-tracerresolver/0.34.0/jaeger-tracerresolver-0.34.0.jar:/home/user/.m2/repository/io/opentracing/contrib/opentracing-tracerresolver/0.1.5/opentracing-tracerresolver-0.1.5.jar:/home/user/.m2/repository/io/opentracing/opentracing-util/0.31.0/opentracing-util-0.31.0.jar:/home/user/.m2/repository/io/opentracing/opentracing-api/0.31.0/opentracing-api-0.31.0.jar:/home/user/.m2/repository/io/opentracing/opentracing-noop/0.31.0/opentracing-noop-0.31.0.jar:/home/user/.m2/repository/org/yaml/snakeyaml/1.16/snakeyaml-1.16.jar:/home/user/.m2/repository/org/apache/hadoop/hadoop-hdds-container-service/0.5.0-SNAPSHOT/hadoop-hdds-container-service-0.5.0-SNAPSHOT.jar:/home/user/.m2/repository/org/apache/hadoop/hadoop-hdds-client/0.5.0-SNAPSHOT/hadoop-hdds-client-0.5.0-SNAPSHOT.jar:/home/user/.m2/repository/org/apache/hadoop/hadoop-hdds-tools/0.5.0-SNAPSHOT/hadoop-hdds-tools-0.5.0-SNAPSHOT.jar:/home/user/.m2/repository/org/xerial/sqlite-jdbc/3.25.2/sqlite-jdbc-3.25.2.jar:/home/user/.m2/repository/org/apache/hadoop/hadoop-hdds-server-scm/0.5.0-SNAPSHOT/hadoop-hdds-server-scm-0.5.0-SNAPSHOT.jar:/home/user/.m2/repository/org/hamcrest/hamcrest-all/1.3/hamcrest-all-1.3.jar:/home/user/.m2/repository/info/picocli/picocli/3.9.6/picocli-3.9.6.jar:/home/user/.m2/repository/com/google/protobuf/protobuf-java/2.5.0/protobuf-java-2.5.0.jar:/home/user/.m2/repository/com/google/guava/guava/11.0.2/guava-11.0.2.jar:/home/user/.m2/repository/org/apache/hadoop/hadoop-ozone-client/0.5.0-SNAPSHOT/hadoop-ozone-client-0.5.0-SNAPSHOT.jar:/workdir/hadoop-ozone/ozonefs/target/classes:/home/user/.m2/repository/org/apache/httpcomponents/httpclient/4.5.2/httpclient-4.5.2.jar:/home/user/.m2/repository/org/apache/httpcomponents/httpcore/4.4.4/httpcore-4.4.4.jar:/home/user/.m2/repository/org/apache/hadoop/hadoop-hdds-server-framework/0.5.0-SNAPSHOT/hadoop-hdds-server-framework-0.5.0-SNAPSHOT.jar:/home/user/.m2/repository/org/apache/hadoop/hadoop-common/3.2.0/hadoop-common-3.2.0.jar:/home/user/.m2/repository/org/apache/hadoop/hadoop-annotations/3.2.0/hadoop-annotations-3.2.0.jar:/usr/lib/jvm/java-1.8.0-openjdk-1.8.0.222.b10-1.el7_7.x86_64/jre/../lib/tools.jar:/home/user/.m2/repository/commons-cli/commons-cli/1.2/commons-cli-1.2.jar:/home/user/.m2/repository/org/apache/commons/commons-math3/3.1.1/commons-math3-3.1.1.jar:/home/user/.m2/repository/commons-codec/commons-codec/1.11/commons-codec-1.11.jar:/home/user/.m2/repository/commons-io/commons-io/2.5/commons-io-2.5.jar:/home/user/.m2/repository/commons-net/commons-net/3.6/commons-net-3.6.jar:/home/user/.m2/repository/commons-collections/commons-collections/3.2.2/commons-collections-3.2.2.jar:/home/user/.m2/repository/javax/servlet/javax.servlet-api/3.1.0/javax.servlet-api-3.1.0.jar:/home/user/.m2/repository/org/eclipse/jetty/jetty-server/9.3.25.v20180904/jetty-server-9.3.25.v20180904.jar:/home/user/.m2/repository/org/eclipse/jetty/jetty-http/9.3.25.v20180904/jetty-http-9.3.25.v20180904.jar:/home/user/.m2/repository/org/eclipse/jetty/jetty-io/9.3.25.v20180904/jetty-io-9.3.25.v20180904.jar:/home/user/.m2/repository/org/eclipse/jetty/jetty-util/9.3.25.v20180904/jetty-util-9.3.25.v20180904.jar:/home/user/.m2/repository/org/eclipse/jetty/jetty-servlet/9.3.25.v20180904/jetty-servlet-9.3.25.v20180904.jar:/home/user/.m2/repository/org/eclipse/jetty/jetty-security/9.3.25.v20180904/jetty-security-9.3.25.v20180904.jar:/home/user/.m2/repository/org/eclipse/jetty/jetty-webapp/9.3.25.v20180904/jetty-webapp-9.3.25.v20180904.jar:/home/user/.m2/repository/org/eclipse/jetty/jetty-xml/9.3.25.v20180904/jetty-xml-9.3.25.v20180904.jar:/home/user/.m2/repository/javax/servlet/jsp/jsp-api/2.1/jsp-api-2.1.jar:/home/user/.m2/repository/com/sun/jersey/jersey-core/1.19/jersey-core-1.19.jar:/home/user/.m2/repository/javax/ws/rs/jsr311-api/1.1.1/jsr311-api-1.1.1.jar:/home/user/.m2/repository/com/sun/jersey/jersey-servlet/1.19/jersey-servlet-1.19.jar:/home/user/.m2/repository/com/sun/jersey/jersey-json/1.19/jersey-json-1.19.jar:/home/user/.m2/repository/org/codehaus/jettison/jettison/1.1/jettison-1.1.jar:/home/user/.m2/repository/com/sun/xml/bind/jaxb-impl/2.3.0.1/jaxb-impl-2.3.0.1.jar:/home/user/.m2/repository/org/codehaus/jackson/jackson-core-asl/1.9.13/jackson-core-asl-1.9.13.jar:/home/user/.m2/repository/org/codehaus/jackson/jackson-mapper-asl/1.9.13/jackson-mapper-asl-1.9.13.jar:/home/user/.m2/repository/org/codehaus/jackson/jackson-jaxrs/1.9.13/jackson-jaxrs-1.9.13.jar:/home/user/.m2/repository/org/codehaus/jackson/jackson-xc/1.9.13/jackson-xc-1.9.13.jar:/home/user/.m2/repository/com/sun/jersey/jersey-server/1.19/jersey-server-1.19.jar:/home/user/.m2/repository/commons-logging/commons-logging/1.1.3/commons-logging-1.1.3.jar:/home/user/.m2/repository/log4j/log4j/1.2.17/log4j-1.2.17.jar:/home/user/.m2/repository/commons-beanutils/commons-beanutils/1.9.4/commons-beanutils-1.9.4.jar:/home/user/.m2/repository/org/apache/commons/commons-configuration2/2.1.1/commons-configuration2-2.1.1.jar:/home/user/.m2/repository/org/apache/commons/commons-lang3/3.7/commons-lang3-3.7.jar:/home/user/.m2/repository/org/apache/commons/commons-text/1.4/commons-text-1.4.jar:/home/user/.m2/repository/org/slf4j/slf4j-api/1.7.25/slf4j-api-1.7.25.jar:/home/user/.m2/repository/org/slf4j/slf4j-log4j12/1.7.25/slf4j-log4j12-1.7.25.jar:/home/user/.m2/repository/org/apache/avro/avro/1.7.7/avro-1.7.7.jar:/home/user/.m2/repository/com/thoughtworks/paranamer/paranamer/2.3/paranamer-2.3.jar:/home/user/.m2/repository/org/xerial/snappy/snappy-java/1.0.5/snappy-java-1.0.5.jar:/home/user/.m2/repository/com/google/re2j/re2j/1.1/re2j-1.1.jar:/home/user/.m2/repository/com/google/code/gson/gson/2.2.4/gson-2.2.4.jar:/home/user/.m2/repository/org/apache/hadoop/hadoop-auth/3.2.0/hadoop-auth-3.2.0.jar:/home/user/.m2/repository/com/nimbusds/nimbus-jose-jwt/4.41.1/nimbus-jose-jwt-4.41.1.jar:/home/user/.m2/repository/com/github/stephenc/jcip/jcip-annotations/1.0-1/jcip-annotations-1.0-1.jar:/home/user/.m2/repository/net/minidev/json-smart/2.3/json-smart-2.3.jar:/home/user/.m2/repository/net/minidev/accessors-smart/1.2/accessors-smart-1.2.jar:/home/user/.m2/repository/org/apache/curator/curator-framework/2.12.0/curator-framework-2.12.0.jar:/home/user/.m2/repository/com/jcraft/jsch/0.1.54/jsch-0.1.54.jar:/home/user/.m2/repository/org/apache/curator/curator-client/2.12.0/curator-client-2.12.0.jar:/home/user/.m2/repository/org/apache/curator/curator-recipes/2.12.0/curator-recipes-2.12.0.jar:/home/user/.m2/repository/com/google/code/findbugs/jsr305/3.0.0/jsr305-3.0.0.jar:/home/user/.m2/repository/org/apache/htrace/htrace-core4/4.1.0-incubating/htrace-core4-4.1.0-incubating.jar:/home/user/.m2/repository/org/apache/zookeeper/zookeeper/3.4.13/zookeeper-3.4.13.jar:/home/user/.m2/repository/jline/jline/0.9.94/jline-0.9.94.jar:/home/user/.m2/repository/org/apache/yetus/audience-annotations/0.5.0/audience-annotations-0.5.0.jar:/home/user/.m2/repository/org/apache/kerby/kerb-simplekdc/1.0.1/kerb-simplekdc-1.0.1.jar:/home/user/.m2/repository/org/apache/kerby/kerb-client/1.0.1/kerb-client-1.0.1.jar:/home/user/.m2/repository/org/apache/kerby/kerby-config/1.0.1/kerby-config-1.0.1.jar:/home/user/.m2/repository/org/apache/kerby/kerb-core/1.0.1/kerb-core-1.0.1.jar:/home/user/.m2/repository/org/apache/kerby/kerby-pkix/1.0.1/kerby-pkix-1.0.1.jar:/home/user/.m2/repository/org/apache/kerby/kerby-asn1/1.0.1/kerby-asn1-1.0.1.jar:/home/user/.m2/repository/org/apache/kerby/kerby-util/1.0.1/kerby-util-1.0.1.jar:/home/user/.m2/repository/org/apache/kerby/kerb-common/1.0.1/kerb-common-1.0.1.jar:/home/user/.m2/repository/org/apache/kerby/kerb-crypto/1.0.1/kerb-crypto-1.0.1.jar:/home/user/.m2/repository/org/apache/kerby/kerb-util/1.0.1/kerb-util-1.0.1.jar:/home/user/.m2/repository/org/apache/kerby/token-provider/1.0.1/token-provider-1.0.1.jar:/home/user/.m2/repository/org/apache/kerby/kerb-admin/1.0.1/kerb-admin-1.0.1.jar:/home/user/.m2/repository/org/apache/kerby/kerb-server/1.0.1/kerb-server-1.0.1.jar:/home/user/.m2/repository/org/apache/kerby/kerb-identity/1.0.1/kerb-identity-1.0.1.jar:/home/user/.m2/repository/org/apache/kerby/kerby-xdr/1.0.1/kerby-xdr-1.0.1.jar:/home/user/.m2/repository/com/fasterxml/jackson/core/jackson-databind/2.9.9/jackson-databind-2.9.9.jar:/home/user/.m2/repository/com/fasterxml/jackson/core/jackson-core/2.9.9/jackson-core-2.9.9.jar:/home/user/.m2/repository/org/codehaus/woodstox/stax2-api/3.1.4/stax2-api-3.1.4.jar:/home/user/.m2/repository/com/fasterxml/woodstox/woodstox-core/5.0.3/woodstox-core-5.0.3.jar:/home/user/.m2/repository/dnsjava/dnsjava/2.1.7/dnsjava-2.1.7.jar:/home/user/.m2/repository/org/apache/hadoop/hadoop-hdfs/3.2.0/hadoop-hdfs-3.2.0.jar:/home/user/.m2/repository/org/eclipse/jetty/jetty-util-ajax/9.3.25.v20180904/jetty-util-ajax-9.3.25.v20180904.jar:/home/user/.m2/repository/commons-daemon/commons-daemon/1.0.13/commons-daemon-1.0.13.jar:/home/user/.m2/repository/io/netty/netty/3.10.5.Final/netty-3.10.5.Final.jar:/home/user/.m2/repository/io/netty/netty-all/4.0.52.Final/netty-all-4.0.52.Final.jar:/home/user/.m2/repository/org/fusesource/leveldbjni/leveldbjni-all/1.8/leveldbjni-all-1.8.jar:/home/user/.m2/repository/com/sun/xml/bind/jaxb-core/2.3.0.1/jaxb-core-2.3.0.1.jar:/home/user/.m2/repository/javax/xml/bind/jaxb-api/2.3.0/jaxb-api-2.3.0.jar:/home/user/.m2/repository/javax/activation/activation/1.1.1/activation-1.1.1.jar:/home/user/.m2/repository/org/openjdk/jmh/jmh-core/1.19/jmh-core-1.19.jar:/home/user/.m2/repository/net/sf/jopt-simple/jopt-simple/4.6/jopt-simple-4.6.jar:/home/user/.m2/repository/org/openjdk/jmh/jmh-generator-annprocess/1.19/jmh-generator-annprocess-1.19.jar:/home/user/.m2/repository/io/dropwizard/metrics/metrics-core/3.2.4/metrics-core-3.2.4.jar:/home/user/.m2/repository/com/amazonaws/aws-java-sdk-s3/1.11.615/aws-java-sdk-s3-1.11.615.jar:/home/user/.m2/repository/com/amazonaws/aws-java-sdk-kms/1.11.615/aws-java-sdk-kms-1.11.615.jar:/home/user/.m2/repository/com/amazonaws/aws-java-sdk-core/1.11.615/aws-java-sdk-core-1.11.615.jar:/home/user/.m2/repository/software/amazon/ion/ion-java/1.0.2/ion-java-1.0.2.jar:/home/user/.m2/repository/com/fasterxml/jackson/dataformat/jackson-dataformat-cbor/2.9.9/jackson-dataformat-cbor-2.9.9.jar:/home/user/.m2/repository/joda-time/joda-time/2.9.9/joda-time-2.9.9.jar:/home/user/.m2/repository/com/amazonaws/jmespath-java/1.11.615/jmespath-java-1.11.615.jar:/home/user/.m2/repository/com/github/spotbugs/spotbugs/3.1.12/spotbugs-3.1.12.jar:/home/user/.m2/repository/org/ow2/asm/asm/5.0.4/asm-5.0.4.jar:/home/user/.m2/repository/org/ow2/asm/asm-analysis/7.0/asm-analysis-7.0.jar:/home/user/.m2/repository/org/ow2/asm/asm-commons/7.0/asm-commons-7.0.jar:/home/user/.m2/repository/org/ow2/asm/asm-tree/7.0/asm-tree-7.0.jar:/home/user/.m2/repository/org/ow2/asm/asm-util/7.0/asm-util-7.0.jar:/home/user/.m2/repository/org/apache/bcel/bcel/6.3/bcel-6.3.jar:/home/user/.m2/repository/net/jcip/jcip-annotations/1.0/jcip-annotations-1.0.jar:/home/user/.m2/repository/org/dom4j/dom4j/2.1.1/dom4j-2.1.1.jar:/home/user/.m2/repository/jaxen/jaxen/1.1.6/jaxen-1.1.6.jar:/home/user/.m2/repository/commons-lang/commons-lang/2.6/commons-lang-2.6.jar:/home/user/.m2/repository/com/github/spotbugs/spotbugs-annotations/3.1.12/spotbugs-annotations-3.1.12.jar:/home/user/.m2/repository/junit/junit/4.11/junit-4.11.jar:/home/user/.m2/repository/org/hamcrest/hamcrest-core/1.3/hamcrest-core-1.3.jar:/home/user/.m2/repository/org/apache/hadoop/hadoop-common/3.2.0/hadoop-common-3.2.0-tests.jar:/workdir/hadoop-ozone/integration-test/target/test-classes:/home/user/.m2/repository/org/apache/hadoop/hadoop-ozone-s3gateway/0.5.0-SNAPSHOT/hadoop-ozone-s3gateway-0.5.0-SNAPSHOT.jar:/home/user/.m2/repository/org/jboss/weld/servlet/weld-servlet/2.4.7.Final/weld-servlet-2.4.7.Final.jar:/home/user/.m2/repository/org/glassfish/jersey/containers/jersey-container-servlet-core/2.27/jersey-container-servlet-core-2.27.jar:/home/user/.m2/repository/org/glassfish/hk2/external/javax.inject/2.5.0-b42/javax.inject-2.5.0-b42.jar:/home/user/.m2/repository/org/glassfish/jersey/core/jersey-common/2.27/jersey-common-2.27.jar:/home/user/.m2/repository/org/glassfish/hk2/osgi-resource-locator/1.0.1/osgi-resource-locator-1.0.1.jar:/home/user/.m2/repository/javax/ws/rs/javax.ws.rs-api/2.1/javax.ws.rs-api-2.1.jar:/home/user/.m2/repository/org/glassfish/jersey/ext/cdi/jersey-cdi1x/2.27/jersey-cdi1x-2.27.jar:/home/user/.m2/repository/org/glassfish/jersey/inject/jersey-hk2/2.27/jersey-hk2-2.27.jar:/home/user/.m2/repository/org/glassfish/hk2/hk2-locator/2.5.0-b42/hk2-locator-2.5.0-b42.jar:/home/user/.m2/repository/org/javassist/javassist/3.22.0-CR2/javassist-3.22.0-CR2.jar:/home/user/.m2/repository/org/glassfish/hk2/hk2-api/2.5.0/hk2-api-2.5.0.jar:/home/user/.m2/repository/org/glassfish/hk2/external/jakarta.inject/2.5.0/jakarta.inject-2.5.0.jar:/home/user/.m2/repository/org/glassfish/hk2/hk2-utils/2.5.0/hk2-utils-2.5.0.jar:/home/user/.m2/repository/jakarta/annotation/jakarta.annotation-api/1.3.4/jakarta.annotation-api-1.3.4.jar:/home/user/.m2/repository/org/glassfish/hk2/external/aopalliance-repackaged/2.5.0/aopalliance-repackaged-2.5.0.jar:/home/user/.m2/repository/com/fasterxml/jackson/dataformat/jackson-dataformat-xml/2.9.0/jackson-dataformat-xml-2.9.0.jar:/home/user/.m2/repository/com/fasterxml/jackson/module/jackson-module-jaxb-annotations/2.9.9/jackson-module-jaxb-annotations-2.9.9.jar:/home/user/.m2/repository/javax/enterprise/cdi-api/1.2/cdi-api-1.2.jar:/home/user/.m2/repository/javax/el/javax.el-api/3.0.0/javax.el-api-3.0.0.jar:/home/user/.m2/repository/javax/interceptor/javax.interceptor-api/1.2/javax.interceptor-api-1.2.jar:/home/user/.m2/repository/javax/inject/javax.inject/1/javax.inject-1.jar:/home/user/.m2/repository/org/apache/hadoop/hadoop-ozone-csi/0.5.0-SNAPSHOT/hadoop-ozone-csi-0.5.0-SNAPSHOT.jar:/home/user/.m2/repository/com/google/protobuf/protobuf-java-util/3.5.1/protobuf-java-util-3.5.1.jar:/home/user/.m2/repository/io/grpc/grpc-netty/1.17.1/grpc-netty-1.17.1.jar:/home/user/.m2/repository/io/grpc/grpc-core/1.17.1/grpc-core-1.17.1.jar:/home/user/.m2/repository/io/grpc/grpc-context/1.17.1/grpc-context-1.17.1.jar:/home/user/.m2/repository/com/google/errorprone/error_prone_annotations/2.2.0/error_prone_annotations-2.2.0.jar:/home/user/.m2/repository/org/codehaus/mojo/animal-sniffer-annotations/1.17/animal-sniffer-annotations-1.17.jar:/home/user/.m2/repository/io/opencensus/opencensus-api/0.17.0/opencensus-api-0.17.0.jar:/home/user/.m2/repository/io/opencensus/opencensus-contrib-grpc-metrics/0.17.0/opencensus-contrib-grpc-metrics-0.17.0.jar:/home/user/.m2/repository/io/netty/netty-codec-http2/4.1.30.Final/netty-codec-http2-4.1.30.Final.jar:/home/user/.m2/repository/io/netty/netty-codec-http/4.1.30.Final/netty-codec-http-4.1.30.Final.jar:/home/user/.m2/repository/io/netty/netty-codec/4.1.30.Final/netty-codec-4.1.30.Final.jar:/home/user/.m2/repository/io/netty/netty-handler/4.1.30.Final/netty-handler-4.1.30.Final.jar:/home/user/.m2/repository/io/netty/netty-handler-proxy/4.1.30.Final/netty-handler-proxy-4.1.30.Final.jar:/home/user/.m2/repository/io/netty/netty-codec-socks/4.1.30.Final/netty-codec-socks-4.1.30.Final.jar:/home/user/.m2/repository/io/netty/netty-transport-native-epoll/4.1.30.Final/netty-transport-native-epoll-4.1.30.Final.jar:/home/user/.m2/repository/io/netty/netty-common/4.1.30.Final/netty-common-4.1.30.Final.jar:/home/user/.m2/repository/io/netty/netty-buffer/4.1.30.Final/netty-buffer-4.1.30.Final.jar:/home/user/.m2/repository/io/netty/netty-transport/4.1.30.Final/netty-transport-4.1.30.Final.jar:/home/user/.m2/repository/io/netty/netty-resolver/4.1.30.Final/netty-resolver-4.1.30.Final.jar:/home/user/.m2/repository/io/netty/netty-transport-native-unix-common/4.1.30.Final/netty-transport-native-unix-common-4.1.30.Final.jar:/home/user/.m2/repository/io/grpc/grpc-protobuf/1.17.1/grpc-protobuf-1.17.1.jar:/home/user/.m2/repository/com/google/api/grpc/proto-google-common-protos/1.0.0/proto-google-common-protos-1.0.0.jar:/home/user/.m2/repository/io/grpc/grpc-protobuf-lite/1.17.1/grpc-protobuf-lite-1.17.1.jar:/home/user/.m2/repository/io/grpc/grpc-stub/1.17.1/grpc-stub-1.17.1.jar:/home/user/.m2/repository/org/apache/hadoop/hadoop-ozone-recon/0.5.0-SNAPSHOT/hadoop-ozone-recon-0.5.0-SNAPSHOT.jar:/home/user/.m2/repository/org/apache/hadoop/hadoop-ozone-reconcodegen/0.5.0-SNAPSHOT/hadoop-ozone-reconcodegen-0.5.0-SNAPSHOT.jar:/home/user/.m2/repository/com/google/inject/extensions/guice-multibindings/4.0/guice-multibindings-4.0.jar:/home/user/.m2/repository/com/google/inject/guice/4.0/guice-4.0.jar:/home/user/.m2/repository/aopalliance/aopalliance/1.0/aopalliance-1.0.jar:/home/user/.m2/repository/com/google/inject/extensions/guice-servlet/4.0/guice-servlet-4.0.jar:/home/user/.m2/repository/org/glassfish/jersey/containers/jersey-container-servlet/2.27/jersey-container-servlet-2.27.jar:/home/user/.m2/repository/org/glassfish/hk2/guice-bridge/2.5.0/guice-bridge-2.5.0.jar:/home/user/.m2/repository/org/glassfish/jersey/core/jersey-server/2.27/jersey-server-2.27.jar:/home/user/.m2/repository/org/glassfish/jersey/core/jersey-client/2.27/jersey-client-2.27.jar:/home/user/.m2/repository/org/glassfish/jersey/media/jersey-media-jaxb/2.27/jersey-media-jaxb-2.27.jar:/home/user/.m2/repository/javax/validation/validation-api/1.1.0.Final/validation-api-1.1.0.Final.jar:/home/user/.m2/repository/org/glassfish/jersey/media/jersey-media-json-jackson/2.27/jersey-media-json-jackson-2.27.jar:/home/user/.m2/repository/org/glassfish/jersey/ext/jersey-entity-filtering/2.27/jersey-entity-filtering-2.27.jar:/home/user/.m2/repository/com/google/inject/extensions/guice-assistedinject/4.0/guice-assistedinject-4.0.jar:/home/user/.m2/repository/org/jooq/jooq/3.11.10/jooq-3.11.10.jar:/home/user/.m2/repository/org/jooq/jooq-meta/3.11.10/jooq-meta-3.11.10.jar:/home/user/.m2/repository/org/jooq/jooq-codegen/3.11.10/jooq-codegen-3.11.10.jar:/home/user/.m2/repository/com/jolbox/bonecp/0.8.0.RELEASE/bonecp-0.8.0.RELEASE.jar:/home/user/.m2/repository/org/springframework/spring-jdbc/5.1.3.RELEASE/spring-jdbc-5.1.3.RELEASE.jar:/home/user/.m2/repository/org/springframework/spring-beans/5.1.3.RELEASE/spring-beans-5.1.3.RELEASE.jar:/home/user/.m2/repository/org/springframework/spring-core/5.1.3.RELEASE/spring-core-5.1.3.RELEASE.jar:/home/user/.m2/repository/org/springframework/spring-jcl/5.1.3.RELEASE/spring-jcl-5.1.3.RELEASE.jar:/home/user/.m2/repository/org/springframework/spring-tx/5.1.3.RELEASE/spring-tx-5.1.3.RELEASE.jar:/home/user/.m2/repository/org/mockito/mockito-core/2.15.0/mockito-core-2.15.0.jar:/home/user/.m2/repository/net/bytebuddy/byte-buddy/1.7.9/byte-buddy-1.7.9.jar:/home/user/.m2/repository/net/bytebuddy/byte-buddy-agent/1.7.9/byte-buddy-agent-1.7.9.jar:/home/user/.m2/repository/org/objenesis/objenesis/1.0/objenesis-1.0.jar:"/>
    <property name="sun.cpu.endian" value="little"/>
    <property name="user.home" value="/home/user"/>
    <property name="user.language" value="en"/>
    <property name="java.specification.vendor" value="Oracle Corporation"/>
    <property name="java.home" value="/usr/lib/jvm/java-1.8.0-openjdk-1.8.0.222.b10-1.el7_7.x86_64/jre"/>
    <property name="surefire.excludesFile" value="/tools/ozone-bad-unit-tests"/>
    <property name="java.security.krb5.conf" value="/workdir/hadoop-ozone/tools/target/test-classes/krb5.conf"/>
    <property name="basedir" value="/workdir/hadoop-ozone/tools"/>
    <property name="file.separator" value="/"/>
    <property name="line.separator" value="&#10;"/>
    <property name="java.vm.specification.vendor" value="Oracle Corporation"/>
    <property name="java.specification.name" value="Java Platform API Specification"/>
    <property name="java.awt.graphicsenv" value="sun.awt.X11GraphicsEnvironment"/>
    <property name="surefire.real.class.path" value="/workdir/hadoop-ozone/tools/target/surefire/surefirebooter1240181951404456826.jar"/>
    <property name="hadoop.log.dir" value="/workdir/hadoop-ozone/tools/target/log"/>
    <property name="sun.boot.class.path" value="/usr/lib/jvm/java-1.8.0-openjdk-1.8.0.222.b10-1.el7_7.x86_64/jre/lib/resources.jar:/usr/lib/jvm/java-1.8.0-openjdk-1.8.0.222.b10-1.el7_7.x86_64/jre/lib/rt.jar:/usr/lib/jvm/java-1.8.0-openjdk-1.8.0.222.b10-1.el7_7.x86_64/jre/lib/sunrsasign.jar:/usr/lib/jvm/java-1.8.0-openjdk-1.8.0.222.b10-1.el7_7.x86_64/jre/lib/jsse.jar:/usr/lib/jvm/java-1.8.0-openjdk-1.8.0.222.b10-1.el7_7.x86_64/jre/lib/jce.jar:/usr/lib/jvm/java-1.8.0-openjdk-1.8.0.222.b10-1.el7_7.x86_64/jre/lib/charsets.jar:/usr/lib/jvm/java-1.8.0-openjdk-1.8.0.222.b10-1.el7_7.x86_64/jre/lib/jfr.jar:/usr/lib/jvm/java-1.8.0-openjdk-1.8.0.222.b10-1.el7_7.x86_64/jre/classes"/>
    <property name="sun.management.compiler" value="HotSpot 64-Bit Tiered Compilers"/>
    <property name="java.runtime.version" value="1.8.0_222-b10"/>
    <property name="java.net.preferIPv4Stack" value="true"/>
    <property name="user.name" value="jenkins1000"/>
    <property name="path.separator" value=":"/>
    <property name="java.security.egd" value="file:///dev/urandom"/>
    <property name="os.version" value="3.10.0-957.12.2.el7.x86_64"/>
    <property name="java.endorsed.dirs" value="/usr/lib/jvm/java-1.8.0-openjdk-1.8.0.222.b10-1.el7_7.x86_64/jre/lib/endorsed"/>
    <property name="java.runtime.name" value="OpenJDK Runtime Environment"/>
    <property name="file.encoding" value="ANSI_X3.4-1968"/>
    <property name="java.vm.name" value="OpenJDK 64-Bit Server VM"/>
    <property name="test.build.webapps" value=""/>
    <property name="localRepository" value="/home/user/.m2/repository"/>
    <property name="java.vendor.url.bug" value="http://bugreport.sun.com/bugreport/"/>
    <property name="java.io.tmpdir" value="/tmp"/>
    <property name="require.test.libhadoop" value=""/>
    <property name="java.version" value="1.8.0_222"/>
    <property name="user.dir" value="/workdir/hadoop-ozone/tools"/>
    <property name="os.arch" value="amd64"/>
    <property name="java.vm.specification.name" value="Java Virtual Machine Specification"/>
    <property name="test.build.classes" value="/workdir/hadoop-ozone/tools/target/test-classes"/>
    <property name="java.awt.printerjob" value="sun.print.PSPrinterJob"/>
    <property name="sun.os.patch.level" value="unknown"/>
    <property name="hadoop.tmp.dir" value="/workdir/hadoop-ozone/tools/target/tmp"/>
    <property name="java.library.path" value="/usr/lib:/workdir/hadoop-ozone/tools/target/native/target/usr/local/lib:/workdir/hadoop-ozone/tools/../../hadoop-common-project/hadoop-common/target/native/target/usr/local/lib:/usr/java/packages/lib/amd64:/usr/lib64:/lib64:/lib:/usr/lib"/>
    <property name="java.vm.info" value="mixed mode"/>
    <property name="java.vendor" value="Oracle Corporation"/>
    <property name="java.vm.version" value="25.222-b10"/>
    <property name="java.ext.dirs" value="/usr/lib/jvm/java-1.8.0-openjdk-1.8.0.222.b10-1.el7_7.x86_64/jre/lib/ext:/usr/java/packages/lib/ext"/>
    <property name="sun.io.unicode.encoding" value="UnicodeLittle"/>
    <property name="java.class.version" value="52.0"/>
  </properties>
  <testcase name="testRestart" classname="org.apache.hadoop.ozone.freon.TestFreonWithPipelineDestroy" time="20.232">
    <error message="INTERNAL_ERROR org.apache.hadoop.ozone.om.exceptions.OMException: Allocated 0 blocks. Requested 5 blocks" type="java.lang.RuntimeException">java.lang.RuntimeException: INTERNAL_ERROR org.apache.hadoop.ozone.om.exceptions.OMException: Allocated 0 blocks. Requested 5 blocks
	at org.apache.hadoop.ozone.freon.RandomKeyGenerator.call(RandomKeyGenerator.java:341)
	at org.apache.hadoop.ozone.freon.TestFreonWithPipelineDestroy.startFreon(TestFreonWithPipelineDestroy.java:87)
	at org.apache.hadoop.ozone.freon.TestFreonWithPipelineDestroy.testRestart(TestFreonWithPipelineDestroy.java:74)
	at sun.reflect.NativeMethodAccessorImpl.invoke0(Native Method)
	at sun.reflect.NativeMethodAccessorImpl.invoke(NativeMethodAccessorImpl.java:62)
	at sun.reflect.DelegatingMethodAccessorImpl.invoke(DelegatingMethodAccessorImpl.java:43)
	at java.lang.reflect.Method.invoke(Method.java:498)
	at org.junit.runners.model.FrameworkMethod$1.runReflectiveCall(FrameworkMethod.java:47)
	at org.junit.internal.runners.model.ReflectiveCallable.run(ReflectiveCallable.java:12)
	at org.junit.runners.model.FrameworkMethod.invokeExplosively(FrameworkMethod.java:44)
	at org.junit.internal.runners.statements.InvokeMethod.evaluate(InvokeMethod.java:17)
	at org.junit.runners.ParentRunner.runLeaf(ParentRunner.java:271)
	at org.junit.runners.BlockJUnit4ClassRunner.runChild(BlockJUnit4ClassRunner.java:70)
	at org.junit.runners.BlockJUnit4ClassRunner.runChild(BlockJUnit4ClassRunner.java:50)
	at org.junit.runners.ParentRunner$3.run(ParentRunner.java:238)
	at org.junit.runners.ParentRunner$1.schedule(ParentRunner.java:63)
	at org.junit.runners.ParentRunner.runChildren(ParentRunner.java:236)
	at org.junit.runners.ParentRunner.access$000(ParentRunner.java:53)
	at org.junit.runners.ParentRunner$2.evaluate(ParentRunner.java:229)
	at org.junit.internal.runners.statements.RunBefores.evaluate(RunBefores.java:26)
	at org.junit.internal.runners.statements.RunAfters.evaluate(RunAfters.java:27)
	at org.junit.runners.ParentRunner.run(ParentRunner.java:309)
	at org.apache.maven.surefire.junit4.JUnit4Provider.execute(JUnit4Provider.java:365)
	at org.apache.maven.surefire.junit4.JUnit4Provider.executeWithRerun(JUnit4Provider.java:273)
	at org.apache.maven.surefire.junit4.JUnit4Provider.executeTestSet(JUnit4Provider.java:238)
	at org.apache.maven.surefire.junit4.JUnit4Provider.invoke(JUnit4Provider.java:159)
	at org.apache.maven.surefire.booter.ForkedBooter.invokeProviderInSameClassLoader(ForkedBooter.java:384)
	at org.apache.maven.surefire.booter.ForkedBooter.runSuitesInProcess(ForkedBooter.java:345)
	at org.apache.maven.surefire.booter.ForkedBooter.execute(ForkedBooter.java:126)
	at org.apache.maven.surefire.booter.ForkedBooter.main(ForkedBooter.java:418)
Caused by: INTERNAL_ERROR org.apache.hadoop.ozone.om.exceptions.OMException: Allocated 0 blocks. Requested 5 blocks
	at org.apache.hadoop.ozone.om.protocolPB.OzoneManagerProtocolClientSideTranslatorPB.handleError(OzoneManagerProtocolClientSideTranslatorPB.java:761)
	at org.apache.hadoop.ozone.om.protocolPB.OzoneManagerProtocolClientSideTranslatorPB.openKey(OzoneManagerProtocolClientSideTranslatorPB.java:752)
	at sun.reflect.NativeMethodAccessorImpl.invoke0(Native Method)
	at sun.reflect.NativeMethodAccessorImpl.invoke(NativeMethodAccessorImpl.java:62)
	at sun.reflect.DelegatingMethodAccessorImpl.invoke(DelegatingMethodAccessorImpl.java:43)
	at java.lang.reflect.Method.invoke(Method.java:498)
	at org.apache.hadoop.hdds.tracing.TraceAllMethod.invoke(TraceAllMethod.java:66)
	at com.sun.proxy.$Proxy37.openKey(Unknown Source)
	at org.apache.hadoop.ozone.client.rpc.RpcClient.createKey(RpcClient.java:634)
	at org.apache.hadoop.ozone.client.OzoneBucket.createKey(OzoneBucket.java:325)
	at org.apache.hadoop.ozone.freon.RandomKeyGenerator.createKey(RandomKeyGenerator.java:697)
	at org.apache.hadoop.ozone.freon.RandomKeyGenerator.access$1100(RandomKeyGenerator.java:88)
	at org.apache.hadoop.ozone.freon.RandomKeyGenerator$ObjectCreator.run(RandomKeyGenerator.java:615)
	at java.util.concurrent.Executors$RunnableAdapter.call(Executors.java:511)
	at java.util.concurrent.FutureTask.run(FutureTask.java:266)
	at java.util.concurrent.ThreadPoolExecutor.runWorker(ThreadPoolExecutor.java:1149)
	at java.util.concurrent.ThreadPoolExecutor$Worker.run(ThreadPoolExecutor.java:624)
	at java.lang.Thread.run(Thread.java:748)
</error>
    <system-out><![CDATA[2019-11-13 17:49:50,409 [main] WARN  server.ServerUtils (ServerUtils.java:getScmDbDir(145)) - ozone.scm.db.dirs is not configured. We recommend adding this setting. Falling back to ozone.metadata.dirs instead.
2019-11-13 17:49:50,721 [main] WARN  server.ServerUtils (ServerUtils.java:getScmDbDir(145)) - ozone.scm.db.dirs is not configured. We recommend adding this setting. Falling back to ozone.metadata.dirs instead.
2019-11-13 17:49:50,724 [main] WARN  server.ServerUtils (ServerUtils.java:getScmDbDir(145)) - ozone.scm.db.dirs is not configured. We recommend adding this setting. Falling back to ozone.metadata.dirs instead.
2019-11-13 17:49:50,748 [main] INFO  util.log (Log.java:initialized(192)) - Logging initialized @1208ms
2019-11-13 17:49:50,837 [main] INFO  db.DBStoreBuilder (DBStoreBuilder.java:addTable(127)) - using custom profile for table: deletedBlocks
2019-11-13 17:49:50,837 [main] INFO  db.DBStoreBuilder (DBStoreBuilder.java:processTables(183)) - Using default column profile:DBProfile.DISK for Table:deletedBlocks
2019-11-13 17:49:50,837 [main] INFO  db.DBStoreBuilder (DBStoreBuilder.java:addTable(127)) - using custom profile for table: validCerts
2019-11-13 17:49:50,838 [main] INFO  db.DBStoreBuilder (DBStoreBuilder.java:processTables(183)) - Using default column profile:DBProfile.DISK for Table:validCerts
2019-11-13 17:49:50,838 [main] INFO  db.DBStoreBuilder (DBStoreBuilder.java:addTable(127)) - using custom profile for table: revokedCerts
2019-11-13 17:49:50,838 [main] INFO  db.DBStoreBuilder (DBStoreBuilder.java:processTables(183)) - Using default column profile:DBProfile.DISK for Table:revokedCerts
2019-11-13 17:49:50,851 [main] INFO  db.DBStoreBuilder (DBStoreBuilder.java:addTable(127)) - using custom profile for table: default
2019-11-13 17:49:50,852 [main] INFO  db.DBStoreBuilder (DBStoreBuilder.java:processTables(189)) - Using default column profile:DBProfile.DISK for Table:default
2019-11-13 17:49:50,853 [main] INFO  db.DBStoreBuilder (DBStoreBuilder.java:getDbProfile(220)) - Using default options. DBProfile.DISK
2019-11-13 17:49:51,870 [main] INFO  net.NodeSchemaLoader (NodeSchemaLoader.java:loadSchemaFromFile(125)) - Loading file from sun.misc.CompoundEnumeration@618b19ad
2019-11-13 17:49:51,872 [main] INFO  net.NodeSchemaLoader (NodeSchemaLoader.java:loadSchema(171)) - Loading network topology layer schema file
2019-11-13 17:49:51,936 [main] INFO  node.SCMNodeManager (SCMNodeManager.java:<init>(116)) - Entering startup safe mode.
2019-11-13 17:49:51,998 [main] INFO  algorithms.ContainerPlacementPolicyFactory (ContainerPlacementPolicyFactory.java:getPolicy(57)) - Create container placement policy of type org.apache.hadoop.hdds.scm.container.placement.algorithms.SCMContainerPlacementRandom
2019-11-13 17:49:52,012 [main] WARN  server.ServerUtils (ServerUtils.java:getScmDbDir(145)) - ozone.scm.db.dirs is not configured. We recommend adding this setting. Falling back to ozone.metadata.dirs instead.
2019-11-13 17:49:52,803 [main] INFO  pipeline.SCMPipelineManager (SCMPipelineManager.java:initializePipelineState(132)) - No pipeline exists in current db
2019-11-13 17:49:52,807 [main] WARN  server.ServerUtils (ServerUtils.java:getScmDbDir(145)) - ozone.scm.db.dirs is not configured. We recommend adding this setting. Falling back to ozone.metadata.dirs instead.
2019-11-13 17:49:53,008 [main] WARN  events.EventQueue (EventQueue.java:fireEvent(183)) - No event handler registered for event TypedEvent{payloadType=SafeModeStatus, name='SafeModeStatus'}
2019-11-13 17:49:54,204 [main] INFO  ipc.CallQueueManager (CallQueueManager.java:<init>(84)) - Using callQueue: class java.util.concurrent.LinkedBlockingQueue, queueCapacity: 2000, scheduler: class org.apache.hadoop.ipc.DefaultRpcScheduler, ipcBackoff: false.
2019-11-13 17:49:54,232 [Socket Reader #1 for port 43533] INFO  ipc.Server (Server.java:run(1074)) - Starting Socket Reader #1 for port 43533
2019-11-13 17:49:54,354 [main] INFO  ipc.CallQueueManager (CallQueueManager.java:<init>(84)) - Using callQueue: class java.util.concurrent.LinkedBlockingQueue, queueCapacity: 2000, scheduler: class org.apache.hadoop.ipc.DefaultRpcScheduler, ipcBackoff: false.
2019-11-13 17:49:54,355 [Socket Reader #1 for port 44850] INFO  ipc.Server (Server.java:run(1074)) - Starting Socket Reader #1 for port 44850
2019-11-13 17:49:54,365 [main] INFO  ipc.CallQueueManager (CallQueueManager.java:<init>(84)) - Using callQueue: class java.util.concurrent.LinkedBlockingQueue, queueCapacity: 2000, scheduler: class org.apache.hadoop.ipc.DefaultRpcScheduler, ipcBackoff: false.
2019-11-13 17:49:54,366 [Socket Reader #1 for port 35925] INFO  ipc.Server (Server.java:run(1074)) - Starting Socket Reader #1 for port 35925
2019-11-13 17:49:54,394 [main] INFO  hdfs.DFSUtil (DFSUtil.java:httpServerTemplateForNNAndJN(1641)) - Starting Web-server for scm at: http://0.0.0.0:0
2019-11-13 17:49:54,533 [main] INFO  server.AuthenticationFilter (AuthenticationFilter.java:constructSecretProvider(240)) - Unable to initialize FileSignerSecretProvider, falling back to use random secrets.
2019-11-13 17:49:54,549 [main] WARN  http.HttpRequestLog (HttpRequestLog.java:getRequestLog(97)) - Jetty request log can only be enabled using Log4j
2019-11-13 17:49:54,559 [main] INFO  http.HttpServer2 (HttpServer2.java:addGlobalFilter(975)) - Added global filter 'safety' (class=org.apache.hadoop.http.HttpServer2$QuotingInputFilter)
2019-11-13 17:49:54,562 [main] INFO  http.HttpServer2 (HttpServer2.java:addFilter(948)) - Added filter static_user_filter (class=org.apache.hadoop.http.lib.StaticUserWebFilter$StaticUserFilter) to context scm
2019-11-13 17:49:54,562 [main] INFO  http.HttpServer2 (HttpServer2.java:addFilter(958)) - Added filter static_user_filter (class=org.apache.hadoop.http.lib.StaticUserWebFilter$StaticUserFilter) to context logs
2019-11-13 17:49:54,562 [main] INFO  http.HttpServer2 (HttpServer2.java:addFilter(958)) - Added filter static_user_filter (class=org.apache.hadoop.http.lib.StaticUserWebFilter$StaticUserFilter) to context static
2019-11-13 17:49:54,590 [main] INFO  server.StorageContainerManager (StorageContainerManager.java:start(764)) - StorageContainerLocationProtocol RPC server is listening at /0.0.0.0:35925
2019-11-13 17:49:54,645 [main] WARN  impl.MetricsConfig (MetricsConfig.java:loadFirst(134)) - Cannot locate configuration: tried hadoop-metrics2-storagecontainermanager.properties,hadoop-metrics2.properties
2019-11-13 17:49:54,660 [main] INFO  impl.MetricsSystemImpl (MetricsSystemImpl.java:startTimer(374)) - Scheduled Metric snapshot period at 10 second(s).
2019-11-13 17:49:54,661 [main] INFO  impl.MetricsSystemImpl (MetricsSystemImpl.java:start(191)) - StorageContainerManager metrics system started
2019-11-13 17:49:54,919 [main] INFO  server.SCMClientProtocolServer (SCMClientProtocolServer.java:start(159)) - RPC server for Client  is listening at /0.0.0.0:35925
2019-11-13 17:49:54,919 [IPC Server Responder] INFO  ipc.Server (Server.java:run(1314)) - IPC Server Responder: starting
2019-11-13 17:49:54,919 [IPC Server listener on 35925] INFO  ipc.Server (Server.java:run(1153)) - IPC Server listener on 35925: starting
2019-11-13 17:49:54,922 [main] INFO  server.StorageContainerManager (StorageContainerManager.java:start(774)) - ScmBlockLocationProtocol RPC server is listening at /0.0.0.0:44850
2019-11-13 17:49:54,923 [main] INFO  server.SCMBlockProtocolServer (SCMBlockProtocolServer.java:start(146)) - RPC server for Block Protocol is listening at /0.0.0.0:44850
2019-11-13 17:49:54,923 [IPC Server Responder] INFO  ipc.Server (Server.java:run(1314)) - IPC Server Responder: starting
2019-11-13 17:49:54,923 [IPC Server listener on 44850] INFO  ipc.Server (Server.java:run(1153)) - IPC Server listener on 44850: starting
2019-11-13 17:49:54,926 [main] INFO  server.StorageContainerManager (StorageContainerManager.java:start(778)) - ScmDatanodeProtocl RPC server is listening at /0.0.0.0:43533
2019-11-13 17:49:54,926 [main] INFO  server.SCMDatanodeProtocolServer (SCMDatanodeProtocolServer.java:start(169)) - RPC server for DataNodes is listening at /0.0.0.0:43533
2019-11-13 17:49:54,927 [IPC Server Responder] INFO  ipc.Server (Server.java:run(1314)) - IPC Server Responder: starting
2019-11-13 17:49:54,927 [IPC Server listener on 43533] INFO  ipc.Server (Server.java:run(1153)) - IPC Server listener on 43533: starting
2019-11-13 17:49:54,932 [main] INFO  http.HttpServer2 (HttpServer2.java:bindListener(1191)) - Jetty bound to port 46693
2019-11-13 17:49:54,933 [main] INFO  server.Server (Server.java:doStart(351)) - jetty-9.3.25.v20180904, build timestamp: 2018-09-04T21:11:46Z, git hash: 3ce520221d0240229c862b122d2b06c12a625732
2019-11-13 17:49:54,969 [main] INFO  handler.ContextHandler (ContextHandler.java:doStart(781)) - Started o.e.j.s.ServletContextHandler@60957c0f{/logs,file:///workdir/hadoop-ozone/tools/target/log,AVAILABLE}
2019-11-13 17:49:54,969 [main] INFO  handler.ContextHandler (ContextHandler.java:doStart(781)) - Started o.e.j.s.ServletContextHandler@56e8b606{/static,jar:file:/home/user/.m2/repository/org/apache/hadoop/hadoop-hdds-server-scm/0.5.0-SNAPSHOT/hadoop-hdds-server-scm-0.5.0-SNAPSHOT.jar!/webapps/static,AVAILABLE}
2019-11-13 17:49:55,036 [main] INFO  handler.ContextHandler (ContextHandler.java:doStart(781)) - Started o.e.j.w.WebAppContext@407cf41{/,file:///tmp/jetty-0.0.0.0-46693-scm-_-any-6214406159147566366.dir/webapp/,AVAILABLE}{/scm}
2019-11-13 17:49:55,040 [main] INFO  server.AbstractConnector (AbstractConnector.java:doStart(278)) - Started ServerConnector@42257bdd{HTTP/1.1,[http/1.1]}{0.0.0.0:46693}
2019-11-13 17:49:55,041 [main] INFO  server.Server (Server.java:doStart(419)) - Started @5501ms
2019-11-13 17:49:55,043 [main] INFO  impl.MetricsSinkAdapter (MetricsSinkAdapter.java:start(204)) - Sink prometheus started
2019-11-13 17:49:55,043 [main] INFO  impl.MetricsSystemImpl (MetricsSystemImpl.java:registerSink(301)) - Registered sink prometheus
2019-11-13 17:49:55,045 [main] INFO  server.BaseHttpServer (BaseHttpServer.java:updateConnectorAddress(215)) - HTTP server of SCM is listening at http://0.0.0.0:46693
2019-11-13 17:49:55,053 [org.apache.hadoop.util.JvmPauseMonitor$Monitor@21362712] INFO  util.JvmPauseMonitor (JvmPauseMonitor.java:run(188)) - Starting JVM pause monitor
2019-11-13 17:49:55,057 [main] WARN  server.ServerUtils (ServerUtils.java:getDBPath(222)) - ozone.om.db.dirs is not configured. We recommend adding this setting. Falling back to ozone.metadata.dirs instead.
2019-11-13 17:49:55,172 [main] INFO  ha.OMHANodeDetails (OMHANodeDetails.java:loadOMHAConfig(190)) - Configuration either no ozone.om.address set. Falling back to the default OM address /127.0.0.1:0
2019-11-13 17:49:55,172 [main] INFO  ha.OMHANodeDetails (OMHANodeDetails.java:getOMNodeDetails(220)) - OM Service ID is not set. Setting it to the default ID: omServiceIdDefault
2019-11-13 17:49:55,174 [main] WARN  server.ServerUtils (ServerUtils.java:getDBPath(222)) - ozone.om.db.dirs is not configured. We recommend adding this setting. Falling back to ozone.metadata.dirs instead.
2019-11-13 17:49:55,175 [main] WARN  server.ServerUtils (ServerUtils.java:getDBPath(222)) - ozone.om.db.dirs is not configured. We recommend adding this setting. Falling back to ozone.metadata.dirs instead.
2019-11-13 17:49:56,510 [main] WARN  server.ServerUtils (ServerUtils.java:getDBPath(222)) - ozone.om.db.dirs is not configured. We recommend adding this setting. Falling back to ozone.metadata.dirs instead.
2019-11-13 17:49:56,518 [main] INFO  db.DBStoreBuilder (DBStoreBuilder.java:addTable(127)) - using custom profile for table: userTable
2019-11-13 17:49:56,519 [main] INFO  db.DBStoreBuilder (DBStoreBuilder.java:processTables(183)) - Using default column profile:DBProfile.DISK for Table:userTable
2019-11-13 17:49:56,519 [main] INFO  db.DBStoreBuilder (DBStoreBuilder.java:addTable(127)) - using custom profile for table: volumeTable
2019-11-13 17:49:56,519 [main] INFO  db.DBStoreBuilder (DBStoreBuilder.java:processTables(183)) - Using default column profile:DBProfile.DISK for Table:volumeTable
2019-11-13 17:49:56,519 [main] INFO  db.DBStoreBuilder (DBStoreBuilder.java:addTable(127)) - using custom profile for table: bucketTable
2019-11-13 17:49:56,520 [main] INFO  db.DBStoreBuilder (DBStoreBuilder.java:processTables(183)) - Using default column profile:DBProfile.DISK for Table:bucketTable
2019-11-13 17:49:56,520 [main] INFO  db.DBStoreBuilder (DBStoreBuilder.java:addTable(127)) - using custom profile for table: keyTable
2019-11-13 17:49:56,520 [main] INFO  db.DBStoreBuilder (DBStoreBuilder.java:processTables(183)) - Using default column profile:DBProfile.DISK for Table:keyTable
2019-11-13 17:49:56,520 [main] INFO  db.DBStoreBuilder (DBStoreBuilder.java:addTable(127)) - using custom profile for table: deletedTable
2019-11-13 17:49:56,521 [main] INFO  db.DBStoreBuilder (DBStoreBuilder.java:processTables(183)) - Using default column profile:DBProfile.DISK for Table:deletedTable
2019-11-13 17:49:56,521 [main] INFO  db.DBStoreBuilder (DBStoreBuilder.java:addTable(127)) - using custom profile for table: openKeyTable
2019-11-13 17:49:56,521 [main] INFO  db.DBStoreBuilder (DBStoreBuilder.java:processTables(183)) - Using default column profile:DBProfile.DISK for Table:openKeyTable
2019-11-13 17:49:56,521 [main] INFO  db.DBStoreBuilder (DBStoreBuilder.java:addTable(127)) - using custom profile for table: s3Table
2019-11-13 17:49:56,521 [main] INFO  db.DBStoreBuilder (DBStoreBuilder.java:processTables(183)) - Using default column profile:DBProfile.DISK for Table:s3Table
2019-11-13 17:49:56,522 [main] INFO  db.DBStoreBuilder (DBStoreBuilder.java:addTable(127)) - using custom profile for table: multipartInfoTable
2019-11-13 17:49:56,522 [main] INFO  db.DBStoreBuilder (DBStoreBuilder.java:processTables(183)) - Using default column profile:DBProfile.DISK for Table:multipartInfoTable
2019-11-13 17:49:56,522 [main] INFO  db.DBStoreBuilder (DBStoreBuilder.java:addTable(127)) - using custom profile for table: dTokenTable
2019-11-13 17:49:56,522 [main] INFO  db.DBStoreBuilder (DBStoreBuilder.java:processTables(183)) - Using default column profile:DBProfile.DISK for Table:dTokenTable
2019-11-13 17:49:56,523 [main] INFO  db.DBStoreBuilder (DBStoreBuilder.java:addTable(127)) - using custom profile for table: s3SecretTable
2019-11-13 17:49:56,523 [main] INFO  db.DBStoreBuilder (DBStoreBuilder.java:processTables(183)) - Using default column profile:DBProfile.DISK for Table:s3SecretTable
2019-11-13 17:49:56,523 [main] INFO  db.DBStoreBuilder (DBStoreBuilder.java:addTable(127)) - using custom profile for table: prefixTable
2019-11-13 17:49:56,523 [main] INFO  db.DBStoreBuilder (DBStoreBuilder.java:processTables(183)) - Using default column profile:DBProfile.DISK for Table:prefixTable
2019-11-13 17:49:56,524 [main] INFO  db.DBStoreBuilder (DBStoreBuilder.java:addTable(127)) - using custom profile for table: default
2019-11-13 17:49:56,524 [main] INFO  db.DBStoreBuilder (DBStoreBuilder.java:processTables(189)) - Using default column profile:DBProfile.DISK for Table:default
2019-11-13 17:49:56,524 [main] INFO  db.DBStoreBuilder (DBStoreBuilder.java:getDbProfile(220)) - Using default options. DBProfile.DISK
2019-11-13 17:49:59,144 [main] INFO  ipc.CallQueueManager (CallQueueManager.java:<init>(84)) - Using callQueue: class java.util.concurrent.LinkedBlockingQueue, queueCapacity: 2000, scheduler: class org.apache.hadoop.ipc.DefaultRpcScheduler, ipcBackoff: false.
2019-11-13 17:49:59,145 [Socket Reader #1 for port 37835] INFO  ipc.Server (Server.java:run(1074)) - Starting Socket Reader #1 for port 37835
2019-11-13 17:49:59,170 [main] INFO  om.OzoneManager (OzoneManager.java:start(1077)) - OzoneManager RPC server is listening at localhost/127.0.0.1:37835
2019-11-13 17:49:59,170 [main] INFO  impl.MetricsSystemImpl (MetricsSystemImpl.java:init(158)) - OzoneManager metrics system started (again)
2019-11-13 17:49:59,180 [IPC Server Responder] INFO  ipc.Server (Server.java:run(1314)) - IPC Server Responder: starting
2019-11-13 17:49:59,180 [IPC Server listener on 37835] INFO  ipc.Server (Server.java:run(1153)) - IPC Server listener on 37835: starting
2019-11-13 17:49:59,186 [main] INFO  hdfs.DFSUtil (DFSUtil.java:httpServerTemplateForNNAndJN(1641)) - Starting Web-server for ozoneManager at: http://0.0.0.0:0
2019-11-13 17:49:59,189 [main] INFO  server.AuthenticationFilter (AuthenticationFilter.java:constructSecretProvider(240)) - Unable to initialize FileSignerSecretProvider, falling back to use random secrets.
2019-11-13 17:49:59,189 [main] WARN  http.HttpRequestLog (HttpRequestLog.java:getRequestLog(97)) - Jetty request log can only be enabled using Log4j
2019-11-13 17:49:59,192 [main] INFO  http.HttpServer2 (HttpServer2.java:addGlobalFilter(975)) - Added global filter 'safety' (class=org.apache.hadoop.http.HttpServer2$QuotingInputFilter)
2019-11-13 17:49:59,193 [main] INFO  http.HttpServer2 (HttpServer2.java:addFilter(948)) - Added filter static_user_filter (class=org.apache.hadoop.http.lib.StaticUserWebFilter$StaticUserFilter) to context ozoneManager
2019-11-13 17:49:59,193 [main] INFO  http.HttpServer2 (HttpServer2.java:addFilter(958)) - Added filter static_user_filter (class=org.apache.hadoop.http.lib.StaticUserWebFilter$StaticUserFilter) to context static
2019-11-13 17:49:59,193 [main] INFO  http.HttpServer2 (HttpServer2.java:addFilter(958)) - Added filter static_user_filter (class=org.apache.hadoop.http.lib.StaticUserWebFilter$StaticUserFilter) to context logs
2019-11-13 17:49:59,196 [main] INFO  http.HttpServer2 (HttpServer2.java:bindListener(1191)) - Jetty bound to port 37095
2019-11-13 17:49:59,196 [main] INFO  server.Server (Server.java:doStart(351)) - jetty-9.3.25.v20180904, build timestamp: 2018-09-04T21:11:46Z, git hash: 3ce520221d0240229c862b122d2b06c12a625732
2019-11-13 17:49:59,199 [main] INFO  handler.ContextHandler (ContextHandler.java:doStart(781)) - Started o.e.j.s.ServletContextHandler@73877e19{/logs,file:///workdir/hadoop-ozone/tools/target/log,AVAILABLE}
2019-11-13 17:49:59,199 [main] INFO  handler.ContextHandler (ContextHandler.java:doStart(781)) - Started o.e.j.s.ServletContextHandler@5bfc257{/static,jar:file:/home/user/.m2/repository/org/apache/hadoop/hadoop-ozone-ozone-manager/0.5.0-SNAPSHOT/hadoop-ozone-ozone-manager-0.5.0-SNAPSHOT.jar!/webapps/static,AVAILABLE}
2019-11-13 17:49:59,505 [main] INFO  handler.ContextHandler (ContextHandler.java:doStart(781)) - Started o.e.j.w.WebAppContext@3013909b{/,file:///tmp/jetty-0.0.0.0-37095-ozoneManager-_-any-1019664091822325539.dir/webapp/,AVAILABLE}{/ozoneManager}
2019-11-13 17:49:59,506 [main] INFO  server.AbstractConnector (AbstractConnector.java:doStart(278)) - Started ServerConnector@2a49fe{HTTP/1.1,[http/1.1]}{0.0.0.0:37095}
2019-11-13 17:49:59,507 [main] INFO  server.Server (Server.java:doStart(419)) - Started @9968ms
2019-11-13 17:49:59,508 [main] WARN  impl.MetricsSystemImpl (MetricsSystemImpl.java:register(276)) - Sink prometheus already exists!
2019-11-13 17:49:59,509 [main] INFO  server.BaseHttpServer (BaseHttpServer.java:updateConnectorAddress(215)) - HTTP server of OZONEMANAGER is listening at http://0.0.0.0:37095
2019-11-13 17:49:59,764 [main] INFO  impl.MetricsSystemImpl (MetricsSystemImpl.java:init(158)) - HddsDatanode metrics system started (again)
2019-11-13 17:49:59,811 [main] INFO  ozone.HddsDatanodeService (HddsDatanodeService.java:start(186)) - HddsDatanodeService host:pr-hdds-2467-gc456-181853687 ip:192.168.69.122
2019-11-13 17:49:59,844 [main] INFO  volume.HddsVolume (HddsVolume.java:<init>(176)) - Creating Volume: /workdir/hadoop-ozone/tools/target/test-dir/MiniOzoneClusterImpl-31c51053-f4bb-4924-8f23-fc5f70fd2f8a/datanode-0/data/containers/hdds of  storage type : DISK and capacity : 1482555576320
2019-11-13 17:49:59,846 [main] INFO  volume.VolumeSet (VolumeSet.java:initializeVolumeSet(170)) - Added Volume : /workdir/hadoop-ozone/tools/target/test-dir/MiniOzoneClusterImpl-31c51053-f4bb-4924-8f23-fc5f70fd2f8a/datanode-0/data/containers/hdds to VolumeSet
2019-11-13 17:49:59,849 [main] INFO  volume.ThrottledAsyncChecker (ThrottledAsyncChecker.java:schedule(141)) - Scheduling a check for /workdir/hadoop-ozone/tools/target/test-dir/MiniOzoneClusterImpl-31c51053-f4bb-4924-8f23-fc5f70fd2f8a/datanode-0/data/containers/hdds
2019-11-13 17:49:59,867 [main] INFO  volume.HddsVolumeChecker (HddsVolumeChecker.java:checkAllVolumes(204)) - Scheduled health check for volume /workdir/hadoop-ozone/tools/target/test-dir/MiniOzoneClusterImpl-31c51053-f4bb-4924-8f23-fc5f70fd2f8a/datanode-0/data/containers/hdds
2019-11-13 17:50:00,040 [main] INFO  impl.RaftServerProxy (ConfUtils.java:logGet(43)) - raft.rpc.type = GRPC (default)
2019-11-13 17:50:00,107 [main] INFO  grpc.GrpcFactory (GrpcFactory.java:checkPooledByteBufAllocatorUseCacheForAllThreads(45)) - PERFORMANCE WARNING: useCacheForAllThreads is true that may cause Netty to create a lot garbage objects and, as a result, trigger GC.
	It is recommended to disable useCacheForAllThreads by setting -Dorg.apache.ratis.thirdparty.io.netty.allocator.useCacheForAllThreads=false in command line.
2019-11-13 17:50:00,112 [main] INFO  grpc.GrpcConfigKeys$Server (ConfUtils.java:logGet(43)) - raft.grpc.server.port = 0 (default)
2019-11-13 17:50:00,113 [main] INFO  server.GrpcService (ConfUtils.java:logGet(43)) - raft.grpc.message.size.max = 33570816 (custom)
2019-11-13 17:50:00,114 [main] INFO  server.RaftServerConfigKeys (ConfUtils.java:logGet(43)) - raft.server.log.appender.buffer.byte-limit = 33554432 (custom)
2019-11-13 17:50:00,115 [main] INFO  server.GrpcService (ConfUtils.java:logGet(43)) - raft.grpc.flow.control.window = 1MB (=1048576) (default)
2019-11-13 17:50:00,116 [main] INFO  server.RaftServerConfigKeys (ConfUtils.java:logGet(43)) - raft.server.rpc.request.timeout = 3000ms (default)
2019-11-13 17:50:00,298 [main] INFO  server.RaftServerConfigKeys (ConfUtils.java:logGet(43)) - raft.server.storage.dir = [/workdir/hadoop-ozone/tools/target/test-dir/MiniOzoneClusterImpl-31c51053-f4bb-4924-8f23-fc5f70fd2f8a/datanode-0/data/ratis] (custom)
2019-11-13 17:50:00,355 [main] INFO  hdfs.DFSUtil (DFSUtil.java:httpServerTemplateForNNAndJN(1641)) - Starting Web-server for hddsDatanode at: http://0.0.0.0:0
2019-11-13 17:50:00,358 [main] INFO  server.AuthenticationFilter (AuthenticationFilter.java:constructSecretProvider(240)) - Unable to initialize FileSignerSecretProvider, falling back to use random secrets.
2019-11-13 17:50:00,359 [main] WARN  http.HttpRequestLog (HttpRequestLog.java:getRequestLog(97)) - Jetty request log can only be enabled using Log4j
2019-11-13 17:50:00,361 [main] INFO  http.HttpServer2 (HttpServer2.java:addGlobalFilter(975)) - Added global filter 'safety' (class=org.apache.hadoop.http.HttpServer2$QuotingInputFilter)
2019-11-13 17:50:00,362 [main] INFO  http.HttpServer2 (HttpServer2.java:addFilter(948)) - Added filter static_user_filter (class=org.apache.hadoop.http.lib.StaticUserWebFilter$StaticUserFilter) to context hddsDatanode
2019-11-13 17:50:00,363 [main] INFO  http.HttpServer2 (HttpServer2.java:addFilter(958)) - Added filter static_user_filter (class=org.apache.hadoop.http.lib.StaticUserWebFilter$StaticUserFilter) to context static
2019-11-13 17:50:00,363 [main] INFO  http.HttpServer2 (HttpServer2.java:addFilter(958)) - Added filter static_user_filter (class=org.apache.hadoop.http.lib.StaticUserWebFilter$StaticUserFilter) to context logs
2019-11-13 17:50:00,365 [main] INFO  http.HttpServer2 (HttpServer2.java:bindListener(1191)) - Jetty bound to port 45032
2019-11-13 17:50:00,365 [main] INFO  server.Server (Server.java:doStart(351)) - jetty-9.3.25.v20180904, build timestamp: 2018-09-04T21:11:46Z, git hash: 3ce520221d0240229c862b122d2b06c12a625732
2019-11-13 17:50:00,371 [main] INFO  handler.ContextHandler (ContextHandler.java:doStart(781)) - Started o.e.j.s.ServletContextHandler@62e93c3a{/logs,file:///workdir/hadoop-ozone/tools/target/log,AVAILABLE}
2019-11-13 17:50:00,372 [main] INFO  handler.ContextHandler (ContextHandler.java:doStart(781)) - Started o.e.j.s.ServletContextHandler@25d93198{/static,jar:file:/home/user/.m2/repository/org/apache/hadoop/hadoop-hdds-container-service/0.5.0-SNAPSHOT/hadoop-hdds-container-service-0.5.0-SNAPSHOT.jar!/webapps/static,AVAILABLE}
2019-11-13 17:50:00,588 [main] INFO  handler.ContextHandler (ContextHandler.java:doStart(781)) - Started o.e.j.w.WebAppContext@4674d90{/,file:///tmp/jetty-0.0.0.0-45032-hddsDatanode-_-any-4123442953828817622.dir/webapp/,AVAILABLE}{/hddsDatanode}
2019-11-13 17:50:00,590 [main] INFO  server.AbstractConnector (AbstractConnector.java:doStart(278)) - Started ServerConnector@60783105{HTTP/1.1,[http/1.1]}{0.0.0.0:45032}
2019-11-13 17:50:00,590 [main] INFO  server.Server (Server.java:doStart(419)) - Started @11050ms
2019-11-13 17:50:00,590 [main] WARN  impl.MetricsSystemImpl (MetricsSystemImpl.java:register(276)) - Sink prometheus already exists!
2019-11-13 17:50:00,592 [main] INFO  server.BaseHttpServer (BaseHttpServer.java:updateConnectorAddress(215)) - HTTP server of HDDSDATANODE is listening at http://0.0.0.0:45032
2019-11-13 17:50:00,593 [main] INFO  impl.MetricsSystemImpl (MetricsSystemImpl.java:init(158)) - HddsDatanode metrics system started (again)
2019-11-13 17:50:00,596 [main] INFO  ozone.HddsDatanodeService (HddsDatanodeService.java:start(186)) - HddsDatanodeService host:pr-hdds-2467-gc456-181853687 ip:192.168.69.122
2019-11-13 17:50:00,598 [org.apache.hadoop.util.JvmPauseMonitor$Monitor@77305367] INFO  util.JvmPauseMonitor (JvmPauseMonitor.java:run(188)) - Starting JVM pause monitor
2019-11-13 17:50:00,605 [main] INFO  volume.HddsVolume (HddsVolume.java:<init>(176)) - Creating Volume: /workdir/hadoop-ozone/tools/target/test-dir/MiniOzoneClusterImpl-31c51053-f4bb-4924-8f23-fc5f70fd2f8a/datanode-1/data/containers/hdds of  storage type : DISK and capacity : 1482555576320
2019-11-13 17:50:00,606 [main] INFO  volume.VolumeSet (VolumeSet.java:initializeVolumeSet(170)) - Added Volume : /workdir/hadoop-ozone/tools/target/test-dir/MiniOzoneClusterImpl-31c51053-f4bb-4924-8f23-fc5f70fd2f8a/datanode-1/data/containers/hdds to VolumeSet
2019-11-13 17:50:00,606 [main] INFO  volume.ThrottledAsyncChecker (ThrottledAsyncChecker.java:schedule(141)) - Scheduling a check for /workdir/hadoop-ozone/tools/target/test-dir/MiniOzoneClusterImpl-31c51053-f4bb-4924-8f23-fc5f70fd2f8a/datanode-1/data/containers/hdds
2019-11-13 17:50:00,607 [main] INFO  volume.HddsVolumeChecker (HddsVolumeChecker.java:checkAllVolumes(204)) - Scheduled health check for volume /workdir/hadoop-ozone/tools/target/test-dir/MiniOzoneClusterImpl-31c51053-f4bb-4924-8f23-fc5f70fd2f8a/datanode-1/data/containers/hdds
2019-11-13 17:50:00,628 [main] INFO  impl.RaftServerProxy (ConfUtils.java:logGet(43)) - raft.rpc.type = GRPC (default)
2019-11-13 17:50:00,628 [main] INFO  grpc.GrpcFactory (GrpcFactory.java:checkPooledByteBufAllocatorUseCacheForAllThreads(45)) - PERFORMANCE WARNING: useCacheForAllThreads is true that may cause Netty to create a lot garbage objects and, as a result, trigger GC.
	It is recommended to disable useCacheForAllThreads by setting -Dorg.apache.ratis.thirdparty.io.netty.allocator.useCacheForAllThreads=false in command line.
2019-11-13 17:50:00,628 [main] INFO  grpc.GrpcConfigKeys$Server (ConfUtils.java:logGet(43)) - raft.grpc.server.port = 0 (default)
2019-11-13 17:50:00,628 [main] INFO  server.GrpcService (ConfUtils.java:logGet(43)) - raft.grpc.message.size.max = 33570816 (custom)
2019-11-13 17:50:00,629 [main] INFO  server.RaftServerConfigKeys (ConfUtils.java:logGet(43)) - raft.server.log.appender.buffer.byte-limit = 33554432 (custom)
2019-11-13 17:50:00,629 [main] INFO  server.GrpcService (ConfUtils.java:logGet(43)) - raft.grpc.flow.control.window = 1MB (=1048576) (default)
2019-11-13 17:50:00,629 [main] INFO  server.RaftServerConfigKeys (ConfUtils.java:logGet(43)) - raft.server.rpc.request.timeout = 3000ms (default)
2019-11-13 17:50:00,630 [main] INFO  server.RaftServerConfigKeys (ConfUtils.java:logGet(43)) - raft.server.storage.dir = [/workdir/hadoop-ozone/tools/target/test-dir/MiniOzoneClusterImpl-31c51053-f4bb-4924-8f23-fc5f70fd2f8a/datanode-1/data/ratis] (custom)
2019-11-13 17:50:00,632 [main] INFO  hdfs.DFSUtil (DFSUtil.java:httpServerTemplateForNNAndJN(1641)) - Starting Web-server for hddsDatanode at: http://0.0.0.0:0
2019-11-13 17:50:00,634 [main] INFO  server.AuthenticationFilter (AuthenticationFilter.java:constructSecretProvider(240)) - Unable to initialize FileSignerSecretProvider, falling back to use random secrets.
2019-11-13 17:50:00,634 [main] WARN  http.HttpRequestLog (HttpRequestLog.java:getRequestLog(97)) - Jetty request log can only be enabled using Log4j
2019-11-13 17:50:00,636 [main] INFO  http.HttpServer2 (HttpServer2.java:addGlobalFilter(975)) - Added global filter 'safety' (class=org.apache.hadoop.http.HttpServer2$QuotingInputFilter)
2019-11-13 17:50:00,636 [main] INFO  http.HttpServer2 (HttpServer2.java:addFilter(948)) - Added filter static_user_filter (class=org.apache.hadoop.http.lib.StaticUserWebFilter$StaticUserFilter) to context hddsDatanode
2019-11-13 17:50:00,637 [main] INFO  http.HttpServer2 (HttpServer2.java:addFilter(958)) - Added filter static_user_filter (class=org.apache.hadoop.http.lib.StaticUserWebFilter$StaticUserFilter) to context static
2019-11-13 17:50:00,637 [main] INFO  http.HttpServer2 (HttpServer2.java:addFilter(958)) - Added filter static_user_filter (class=org.apache.hadoop.http.lib.StaticUserWebFilter$StaticUserFilter) to context logs
2019-11-13 17:50:00,637 [main] INFO  http.HttpServer2 (HttpServer2.java:bindListener(1191)) - Jetty bound to port 44934
2019-11-13 17:50:00,638 [main] INFO  server.Server (Server.java:doStart(351)) - jetty-9.3.25.v20180904, build timestamp: 2018-09-04T21:11:46Z, git hash: 3ce520221d0240229c862b122d2b06c12a625732
2019-11-13 17:50:00,640 [main] INFO  handler.ContextHandler (ContextHandler.java:doStart(781)) - Started o.e.j.s.ServletContextHandler@3374b5bc{/logs,file:///workdir/hadoop-ozone/tools/target/log,AVAILABLE}
2019-11-13 17:50:00,640 [main] INFO  handler.ContextHandler (ContextHandler.java:doStart(781)) - Started o.e.j.s.ServletContextHandler@587a1cfb{/static,jar:file:/home/user/.m2/repository/org/apache/hadoop/hadoop-hdds-container-service/0.5.0-SNAPSHOT/hadoop-hdds-container-service-0.5.0-SNAPSHOT.jar!/webapps/static,AVAILABLE}
2019-11-13 17:50:00,671 [main] INFO  handler.ContextHandler (ContextHandler.java:doStart(781)) - Started o.e.j.w.WebAppContext@38d17d80{/,file:///tmp/jetty-0.0.0.0-44934-hddsDatanode-_-any-6531162398864968171.dir/webapp/,AVAILABLE}{/hddsDatanode}
2019-11-13 17:50:00,672 [main] INFO  server.AbstractConnector (AbstractConnector.java:doStart(278)) - Started ServerConnector@6ede46f6{HTTP/1.1,[http/1.1]}{0.0.0.0:44934}
2019-11-13 17:50:00,672 [main] INFO  server.Server (Server.java:doStart(419)) - Started @11132ms
2019-11-13 17:50:00,672 [main] WARN  impl.MetricsSystemImpl (MetricsSystemImpl.java:register(276)) - Sink prometheus already exists!
2019-11-13 17:50:00,673 [main] INFO  server.BaseHttpServer (BaseHttpServer.java:updateConnectorAddress(215)) - HTTP server of HDDSDATANODE is listening at http://0.0.0.0:44934
2019-11-13 17:50:00,674 [main] INFO  impl.MetricsSystemImpl (MetricsSystemImpl.java:init(158)) - HddsDatanode metrics system started (again)
2019-11-13 17:50:00,677 [main] INFO  ozone.HddsDatanodeService (HddsDatanodeService.java:start(186)) - HddsDatanodeService host:pr-hdds-2467-gc456-181853687 ip:192.168.69.122
2019-11-13 17:50:00,677 [org.apache.hadoop.util.JvmPauseMonitor$Monitor@23e74840] INFO  util.JvmPauseMonitor (JvmPauseMonitor.java:run(188)) - Starting JVM pause monitor
2019-11-13 17:50:00,679 [Datanode State Machine Thread - 0] INFO  datanode.InitDatanodeState (InitDatanodeState.java:persistContainerDatanodeDetails(140)) - DatanodeDetails is persisted to /workdir/hadoop-ozone/tools/target/test-dir/MiniOzoneClusterImpl-31c51053-f4bb-4924-8f23-fc5f70fd2f8a/datanode-0/meta/datanode.id
2019-11-13 17:50:00,683 [Datanode State Machine Thread - 0] INFO  datanode.InitDatanodeState (InitDatanodeState.java:persistContainerDatanodeDetails(140)) - DatanodeDetails is persisted to /workdir/hadoop-ozone/tools/target/test-dir/MiniOzoneClusterImpl-31c51053-f4bb-4924-8f23-fc5f70fd2f8a/datanode-1/meta/datanode.id
2019-11-13 17:50:00,687 [main] INFO  volume.HddsVolume (HddsVolume.java:<init>(176)) - Creating Volume: /workdir/hadoop-ozone/tools/target/test-dir/MiniOzoneClusterImpl-31c51053-f4bb-4924-8f23-fc5f70fd2f8a/datanode-2/data/containers/hdds of  storage type : DISK and capacity : 1482555576320
2019-11-13 17:50:00,687 [main] INFO  volume.VolumeSet (VolumeSet.java:initializeVolumeSet(170)) - Added Volume : /workdir/hadoop-ozone/tools/target/test-dir/MiniOzoneClusterImpl-31c51053-f4bb-4924-8f23-fc5f70fd2f8a/datanode-2/data/containers/hdds to VolumeSet
2019-11-13 17:50:00,687 [main] INFO  volume.ThrottledAsyncChecker (ThrottledAsyncChecker.java:schedule(141)) - Scheduling a check for /workdir/hadoop-ozone/tools/target/test-dir/MiniOzoneClusterImpl-31c51053-f4bb-4924-8f23-fc5f70fd2f8a/datanode-2/data/containers/hdds
2019-11-13 17:50:00,688 [main] INFO  volume.HddsVolumeChecker (HddsVolumeChecker.java:checkAllVolumes(204)) - Scheduled health check for volume /workdir/hadoop-ozone/tools/target/test-dir/MiniOzoneClusterImpl-31c51053-f4bb-4924-8f23-fc5f70fd2f8a/datanode-2/data/containers/hdds
2019-11-13 17:50:00,708 [main] INFO  impl.RaftServerProxy (ConfUtils.java:logGet(43)) - raft.rpc.type = GRPC (default)
2019-11-13 17:50:00,709 [main] INFO  grpc.GrpcFactory (GrpcFactory.java:checkPooledByteBufAllocatorUseCacheForAllThreads(45)) - PERFORMANCE WARNING: useCacheForAllThreads is true that may cause Netty to create a lot garbage objects and, as a result, trigger GC.
	It is recommended to disable useCacheForAllThreads by setting -Dorg.apache.ratis.thirdparty.io.netty.allocator.useCacheForAllThreads=false in command line.
2019-11-13 17:50:00,709 [main] INFO  grpc.GrpcConfigKeys$Server (ConfUtils.java:logGet(43)) - raft.grpc.server.port = 0 (default)
2019-11-13 17:50:00,709 [main] INFO  server.GrpcService (ConfUtils.java:logGet(43)) - raft.grpc.message.size.max = 33570816 (custom)
2019-11-13 17:50:00,710 [main] INFO  server.RaftServerConfigKeys (ConfUtils.java:logGet(43)) - raft.server.log.appender.buffer.byte-limit = 33554432 (custom)
2019-11-13 17:50:00,710 [main] INFO  server.GrpcService (ConfUtils.java:logGet(43)) - raft.grpc.flow.control.window = 1MB (=1048576) (default)
2019-11-13 17:50:00,710 [main] INFO  server.RaftServerConfigKeys (ConfUtils.java:logGet(43)) - raft.server.rpc.request.timeout = 3000ms (default)
2019-11-13 17:50:00,711 [main] INFO  server.RaftServerConfigKeys (ConfUtils.java:logGet(43)) - raft.server.storage.dir = [/workdir/hadoop-ozone/tools/target/test-dir/MiniOzoneClusterImpl-31c51053-f4bb-4924-8f23-fc5f70fd2f8a/datanode-2/data/ratis] (custom)
2019-11-13 17:50:00,714 [main] INFO  hdfs.DFSUtil (DFSUtil.java:httpServerTemplateForNNAndJN(1641)) - Starting Web-server for hddsDatanode at: http://0.0.0.0:0
2019-11-13 17:50:00,717 [main] INFO  server.AuthenticationFilter (AuthenticationFilter.java:constructSecretProvider(240)) - Unable to initialize FileSignerSecretProvider, falling back to use random secrets.
2019-11-13 17:50:00,718 [main] WARN  http.HttpRequestLog (HttpRequestLog.java:getRequestLog(97)) - Jetty request log can only be enabled using Log4j
2019-11-13 17:50:00,721 [main] INFO  http.HttpServer2 (HttpServer2.java:addGlobalFilter(975)) - Added global filter 'safety' (class=org.apache.hadoop.http.HttpServer2$QuotingInputFilter)
2019-11-13 17:50:00,722 [main] INFO  http.HttpServer2 (HttpServer2.java:addFilter(948)) - Added filter static_user_filter (class=org.apache.hadoop.http.lib.StaticUserWebFilter$StaticUserFilter) to context hddsDatanode
2019-11-13 17:50:00,722 [main] INFO  http.HttpServer2 (HttpServer2.java:addFilter(958)) - Added filter static_user_filter (class=org.apache.hadoop.http.lib.StaticUserWebFilter$StaticUserFilter) to context logs
2019-11-13 17:50:00,722 [main] INFO  http.HttpServer2 (HttpServer2.java:addFilter(958)) - Added filter static_user_filter (class=org.apache.hadoop.http.lib.StaticUserWebFilter$StaticUserFilter) to context static
2019-11-13 17:50:00,724 [main] INFO  http.HttpServer2 (HttpServer2.java:bindListener(1191)) - Jetty bound to port 45514
2019-11-13 17:50:00,724 [main] INFO  server.Server (Server.java:doStart(351)) - jetty-9.3.25.v20180904, build timestamp: 2018-09-04T21:11:46Z, git hash: 3ce520221d0240229c862b122d2b06c12a625732
2019-11-13 17:50:00,728 [main] INFO  handler.ContextHandler (ContextHandler.java:doStart(781)) - Started o.e.j.s.ServletContextHandler@70228253{/logs,file:///workdir/hadoop-ozone/tools/target/log,AVAILABLE}
2019-11-13 17:50:00,729 [main] INFO  handler.ContextHandler (ContextHandler.java:doStart(781)) - Started o.e.j.s.ServletContextHandler@21bd20ee{/static,jar:file:/home/user/.m2/repository/org/apache/hadoop/hadoop-hdds-container-service/0.5.0-SNAPSHOT/hadoop-hdds-container-service-0.5.0-SNAPSHOT.jar!/webapps/static,AVAILABLE}
2019-11-13 17:50:00,784 [main] INFO  handler.ContextHandler (ContextHandler.java:doStart(781)) - Started o.e.j.w.WebAppContext@68a4dcc6{/,file:///tmp/jetty-0.0.0.0-45514-hddsDatanode-_-any-3933536103900465506.dir/webapp/,AVAILABLE}{/hddsDatanode}
2019-11-13 17:50:00,785 [main] INFO  server.AbstractConnector (AbstractConnector.java:doStart(278)) - Started ServerConnector@646c0a67{HTTP/1.1,[http/1.1]}{0.0.0.0:45514}
2019-11-13 17:50:00,785 [main] INFO  server.Server (Server.java:doStart(419)) - Started @11246ms
2019-11-13 17:50:00,786 [main] WARN  impl.MetricsSystemImpl (MetricsSystemImpl.java:register(276)) - Sink prometheus already exists!
2019-11-13 17:50:00,787 [main] INFO  server.BaseHttpServer (BaseHttpServer.java:updateConnectorAddress(215)) - HTTP server of HDDSDATANODE is listening at http://0.0.0.0:45514
2019-11-13 17:50:00,788 [main] INFO  ozone.MiniOzoneClusterImpl (MiniOzoneClusterImpl.java:lambda$waitForClusterToBeReady$2(171)) - Waiting for cluster to be ready. Got 0 of 3 DN Heartbeats.
2019-11-13 17:50:00,789 [org.apache.hadoop.util.JvmPauseMonitor$Monitor@5bee470f] INFO  util.JvmPauseMonitor (JvmPauseMonitor.java:run(188)) - Starting JVM pause monitor
2019-11-13 17:50:00,791 [Datanode State Machine Thread - 0] INFO  datanode.InitDatanodeState (InitDatanodeState.java:persistContainerDatanodeDetails(140)) - DatanodeDetails is persisted to /workdir/hadoop-ozone/tools/target/test-dir/MiniOzoneClusterImpl-31c51053-f4bb-4924-8f23-fc5f70fd2f8a/datanode-2/meta/datanode.id
2019-11-13 17:50:01,789 [main] INFO  ozone.MiniOzoneClusterImpl (MiniOzoneClusterImpl.java:lambda$waitForClusterToBeReady$2(171)) - Waiting for cluster to be ready. Got 0 of 3 DN Heartbeats.
2019-11-13 17:50:02,679 [Datanode State Machine Thread - 0] INFO  ozoneimpl.OzoneContainer (OzoneContainer.java:start(230)) - Attempting to start container services.
2019-11-13 17:50:02,682 [Datanode State Machine Thread - 0] INFO  ozoneimpl.OzoneContainer (OzoneContainer.java:startContainerScrub(194)) - Background container scanner has been disabled.
2019-11-13 17:50:02,683 [Datanode State Machine Thread - 0] INFO  ratis.XceiverServerRatis (XceiverServerRatis.java:start(421)) - Starting XceiverServerRatis f9a4fe6a-5564-437b-92eb-0f148c890629 at port 0
2019-11-13 17:50:02,697 [Datanode State Machine Thread - 0] INFO  impl.RaftServerProxy (RaftServerProxy.java:lambda$start$3(299)) - f9a4fe6a-5564-437b-92eb-0f148c890629: start RPC server
2019-11-13 17:50:02,702 [Datanode State Machine Thread - 0] INFO  ozoneimpl.OzoneContainer (OzoneContainer.java:start(230)) - Attempting to start container services.
2019-11-13 17:50:02,706 [Datanode State Machine Thread - 0] INFO  ozoneimpl.OzoneContainer (OzoneContainer.java:startContainerScrub(194)) - Background container scanner has been disabled.
2019-11-13 17:50:02,706 [Datanode State Machine Thread - 0] INFO  ratis.XceiverServerRatis (XceiverServerRatis.java:start(421)) - Starting XceiverServerRatis bed2cb91-82a6-46d4-b0e6-50d0a1724051 at port 0
2019-11-13 17:50:02,713 [Datanode State Machine Thread - 0] INFO  impl.RaftServerProxy (RaftServerProxy.java:lambda$start$3(299)) - bed2cb91-82a6-46d4-b0e6-50d0a1724051: start RPC server
2019-11-13 17:50:02,789 [main] INFO  ozone.MiniOzoneClusterImpl (MiniOzoneClusterImpl.java:lambda$waitForClusterToBeReady$2(171)) - Waiting for cluster to be ready. Got 0 of 3 DN Heartbeats.
2019-11-13 17:50:02,808 [Datanode State Machine Thread - 0] INFO  server.GrpcService (GrpcService.java:startImpl(158)) - bed2cb91-82a6-46d4-b0e6-50d0a1724051: GrpcService started, listening on 0.0.0.0/0.0.0.0:33920
2019-11-13 17:50:02,808 [Datanode State Machine Thread - 0] INFO  server.GrpcService (GrpcService.java:startImpl(158)) - f9a4fe6a-5564-437b-92eb-0f148c890629: GrpcService started, listening on 0.0.0.0/0.0.0.0:40724
2019-11-13 17:50:02,809 [Datanode State Machine Thread - 0] INFO  ratis.XceiverServerRatis (XceiverServerRatis.java:start(431)) - XceiverServerRatis bed2cb91-82a6-46d4-b0e6-50d0a1724051 is started using port 33920
2019-11-13 17:50:02,809 [Datanode State Machine Thread - 0] INFO  ratis.XceiverServerRatis (XceiverServerRatis.java:start(431)) - XceiverServerRatis f9a4fe6a-5564-437b-92eb-0f148c890629 is started using port 40724
2019-11-13 17:50:02,812 [Datanode State Machine Thread - 0] INFO  server.XceiverServerGrpc (XceiverServerGrpc.java:start(145)) - XceiverServerGrpc bed2cb91-82a6-46d4-b0e6-50d0a1724051 is started using port 40983
2019-11-13 17:50:02,812 [Datanode State Machine Thread - 0] INFO  server.XceiverServerGrpc (XceiverServerGrpc.java:start(145)) - XceiverServerGrpc f9a4fe6a-5564-437b-92eb-0f148c890629 is started using port 43885
2019-11-13 17:50:02,815 [Datanode State Machine Thread - 0] INFO  ozoneimpl.OzoneContainer (OzoneContainer.java:start(230)) - Attempting to start container services.
2019-11-13 17:50:02,816 [Datanode State Machine Thread - 0] INFO  ozoneimpl.OzoneContainer (OzoneContainer.java:startContainerScrub(194)) - Background container scanner has been disabled.
2019-11-13 17:50:02,816 [Datanode State Machine Thread - 0] INFO  ratis.XceiverServerRatis (XceiverServerRatis.java:start(421)) - Starting XceiverServerRatis 5a5ea697-a38d-4b37-b996-80d6b57047ee at port 0
2019-11-13 17:50:02,825 [Datanode State Machine Thread - 0] INFO  impl.RaftServerProxy (RaftServerProxy.java:lambda$start$3(299)) - 5a5ea697-a38d-4b37-b996-80d6b57047ee: start RPC server
2019-11-13 17:50:02,827 [Datanode State Machine Thread - 0] INFO  server.GrpcService (GrpcService.java:startImpl(158)) - 5a5ea697-a38d-4b37-b996-80d6b57047ee: GrpcService started, listening on 0.0.0.0/0.0.0.0:41091
2019-11-13 17:50:02,827 [Datanode State Machine Thread - 0] INFO  ratis.XceiverServerRatis (XceiverServerRatis.java:start(431)) - XceiverServerRatis 5a5ea697-a38d-4b37-b996-80d6b57047ee is started using port 41091
2019-11-13 17:50:02,829 [Datanode State Machine Thread - 0] INFO  server.XceiverServerGrpc (XceiverServerGrpc.java:start(145)) - XceiverServerGrpc 5a5ea697-a38d-4b37-b996-80d6b57047ee is started using port 45811
2019-11-13 17:50:03,790 [main] INFO  ozone.MiniOzoneClusterImpl (MiniOzoneClusterImpl.java:lambda$waitForClusterToBeReady$2(171)) - Waiting for cluster to be ready. Got 0 of 3 DN Heartbeats.
2019-11-13 17:50:04,625 [IPC Server handler 0 on 43533] INFO  net.NetworkTopology (NetworkTopologyImpl.java:add(111)) - Added a new node: /default-rack/f9a4fe6a-5564-437b-92eb-0f148c890629
2019-11-13 17:50:04,625 [IPC Server handler 0 on 43533] INFO  node.SCMNodeManager (SCMNodeManager.java:register(267)) - Registered Data node : f9a4fe6a-5564-437b-92eb-0f148c890629{ip: 192.168.69.122, host: pr-hdds-2467-gc456-181853687, networkLocation: /default-rack, certSerialId: null}
2019-11-13 17:50:04,628 [EventQueue-NodeRegistrationContainerReportForDataNodeSafeModeRule] INFO  safemode.SCMSafeModeManager (DataNodeSafeModeRule.java:process(71)) - SCM in safe mode. 1 DataNodes registered, 1 required.
2019-11-13 17:50:04,628 [EventQueue-NodeRegistrationContainerReportForDataNodeSafeModeRule] INFO  safemode.SCMSafeModeManager (SCMSafeModeManager.java:validateSafeModeExitRules(177)) - ScmSafeModeManager, all rules are successfully validated
2019-11-13 17:50:04,628 [EventQueue-NodeRegistrationContainerReportForDataNodeSafeModeRule] INFO  safemode.SCMSafeModeManager (SCMSafeModeManager.java:exitSafeMode(193)) - SCM exiting safe mode.
2019-11-13 17:50:04,681 [IPC Server handler 3 on 43533] INFO  net.NetworkTopology (NetworkTopologyImpl.java:add(111)) - Added a new node: /default-rack/bed2cb91-82a6-46d4-b0e6-50d0a1724051
2019-11-13 17:50:04,682 [IPC Server handler 3 on 43533] INFO  node.SCMNodeManager (SCMNodeManager.java:register(267)) - Registered Data node : bed2cb91-82a6-46d4-b0e6-50d0a1724051{ip: 192.168.69.122, host: pr-hdds-2467-gc456-181853687, networkLocation: /default-rack, certSerialId: null}
2019-11-13 17:50:04,792 [IPC Server handler 2 on 43533] INFO  net.NetworkTopology (NetworkTopologyImpl.java:add(111)) - Added a new node: /default-rack/5a5ea697-a38d-4b37-b996-80d6b57047ee
2019-11-13 17:50:04,792 [IPC Server handler 2 on 43533] INFO  node.SCMNodeManager (SCMNodeManager.java:register(267)) - Registered Data node : 5a5ea697-a38d-4b37-b996-80d6b57047ee{ip: 192.168.69.122, host: pr-hdds-2467-gc456-181853687, networkLocation: /default-rack, certSerialId: null}
2019-11-13 17:50:05,153 [grpc-default-executor-0] INFO  impl.RaftServerProxy (RaftServerProxy.java:addNew(89)) - f9a4fe6a-5564-437b-92eb-0f148c890629: addNew group-04AE86894864:[f9a4fe6a-5564-437b-92eb-0f148c890629:192.168.69.122:40724] returns group-04AE86894864:java.util.concurrent.CompletableFuture@777ade4b[Not completed]
2019-11-13 17:50:05,169 [pool-27-thread-1] INFO  impl.RaftServerImpl (RaftServerImpl.java:<init>(98)) - f9a4fe6a-5564-437b-92eb-0f148c890629: new RaftServerImpl for group-04AE86894864:[f9a4fe6a-5564-437b-92eb-0f148c890629:192.168.69.122:40724] with ContainerStateMachine:uninitialized
2019-11-13 17:50:05,172 [pool-27-thread-1] INFO  server.RaftServerConfigKeys (ConfUtils.java:logGet(43)) - raft.server.rpc.timeout.min = 5s (custom)
2019-11-13 17:50:05,173 [pool-27-thread-1] INFO  server.RaftServerConfigKeys (ConfUtils.java:logGet(43)) - raft.server.rpc.timeout.max = 5200ms (custom)
2019-11-13 17:50:05,173 [pool-27-thread-1] INFO  server.RaftServerConfigKeys (ConfUtils.java:logGet(43)) - raft.server.rpcslowness.timeout = 120s (custom)
2019-11-13 17:50:05,174 [pool-27-thread-1] INFO  server.RaftServerConfigKeys (ConfUtils.java:logGet(43)) - raft.server.sleep.deviation.threshold = 300 (default)
2019-11-13 17:50:05,175 [pool-27-thread-1] INFO  server.RaftServerConfigKeys (ConfUtils.java:logGet(43)) - raft.server.log.appender.install.snapshot.enabled = false (custom)
2019-11-13 17:50:05,185 [pool-27-thread-1] INFO  impl.RaftServerImpl (ServerState.java:<init>(103)) - f9a4fe6a-5564-437b-92eb-0f148c890629@group-04AE86894864: ConfigurationManager, init=-1: [f9a4fe6a-5564-437b-92eb-0f148c890629:192.168.69.122:40724], old=null, confs=<EMPTY_MAP>
2019-11-13 17:50:05,185 [pool-27-thread-1] INFO  server.RaftServerConfigKeys (ConfUtils.java:logGet(43)) - raft.server.storage.dir = [/workdir/hadoop-ozone/tools/target/test-dir/MiniOzoneClusterImpl-31c51053-f4bb-4924-8f23-fc5f70fd2f8a/datanode-0/data/ratis] (custom)
2019-11-13 17:50:05,193 [pool-27-thread-1] INFO  server.RaftServerConfigKeys (ConfUtils.java:logGet(43)) - raft.server.log.corruption.policy = EXCEPTION (default)
2019-11-13 17:50:05,196 [pool-27-thread-1] INFO  storage.RaftStorageDirectory (RaftStorageDirectory.java:analyzeStorage(246)) - The storage directory /workdir/hadoop-ozone/tools/target/test-dir/MiniOzoneClusterImpl-31c51053-f4bb-4924-8f23-fc5f70fd2f8a/datanode-0/data/ratis/565c6dc8-0d6d-4eeb-af5f-04ae86894864 does not exist. Creating ...
2019-11-13 17:50:05,224 [pool-27-thread-1] INFO  storage.RaftStorageDirectory (RaftStorageDirectory.java:tryLock(328)) - Lock on /workdir/hadoop-ozone/tools/target/test-dir/MiniOzoneClusterImpl-31c51053-f4bb-4924-8f23-fc5f70fd2f8a/datanode-0/data/ratis/565c6dc8-0d6d-4eeb-af5f-04ae86894864/in_use.lock acquired by nodename 21664@pr-hdds-2467-gc456-181853687
2019-11-13 17:50:05,251 [pool-27-thread-1] INFO  storage.RaftStorage (RaftStorage.java:format(84)) - Storage directory /workdir/hadoop-ozone/tools/target/test-dir/MiniOzoneClusterImpl-31c51053-f4bb-4924-8f23-fc5f70fd2f8a/datanode-0/data/ratis/565c6dc8-0d6d-4eeb-af5f-04ae86894864 has been successfully formatted.
2019-11-13 17:50:05,253 [pool-27-thread-1] INFO  ratis.ContainerStateMachine (ContainerStateMachine.java:loadSnapshot(223)) - group-04AE86894864: The snapshot info is null. Setting the last applied indexto:(t:0, i:~)
2019-11-13 17:50:05,254 [pool-27-thread-1] INFO  server.RaftServerConfigKeys (ConfUtils.java:logGet(43)) - raft.server.notification.no-leader.timeout = 120s (custom)
2019-11-13 17:50:05,256 [pool-27-thread-1] INFO  server.RaftServerConfigKeys (ConfUtils.java:logGet(43)) - raft.server.log.use.memory = false (default)
2019-11-13 17:50:05,263 [pool-27-thread-1] INFO  server.RaftServerConfigKeys (ConfUtils.java:logGet(43)) - raft.server.log.purge.gap = 1000000 (custom)
2019-11-13 17:50:05,263 [pool-27-thread-1] INFO  server.RaftServerConfigKeys (ConfUtils.java:logGet(43)) - raft.server.log.appender.buffer.byte-limit = 33554432 (custom)
2019-11-13 17:50:05,265 [pool-27-thread-1] INFO  server.RaftServerConfigKeys (ConfUtils.java:logGet(43)) - raft.server.log.segment.size.max = 1048576 (custom)
2019-11-13 17:50:05,271 [pool-27-thread-1] INFO  metrics.MetricRegistries (MetricRegistriesLoader.java:load(64)) - Loaded MetricRegistries class org.apache.ratis.metrics.impl.MetricRegistriesImpl
2019-11-13 17:50:05,275 [pool-27-thread-1] WARN  impl.MetricRegistriesImpl (MetricRegistriesImpl.java:lambda$create$1(61)) - First MetricRegistry has been created without registering reporters. You may need to call MetricRegistries.global().addReportRegistration(...) before.
2019-11-13 17:50:05,282 [pool-27-thread-1] INFO  server.RaftServerConfigKeys (ConfUtils.java:logGet(43)) - raft.server.log.segment.cache.num.max = 2 (custom)
2019-11-13 17:50:05,287 [pool-27-thread-1] INFO  segmented.SegmentedRaftLogWorker (SegmentedRaftLogWorker.java:<init>(173)) - new f9a4fe6a-5564-437b-92eb-0f148c890629@group-04AE86894864-SegmentedRaftLogWorker for RaftStorage:Storage Directory /workdir/hadoop-ozone/tools/target/test-dir/MiniOzoneClusterImpl-31c51053-f4bb-4924-8f23-fc5f70fd2f8a/datanode-0/data/ratis/565c6dc8-0d6d-4eeb-af5f-04ae86894864
2019-11-13 17:50:05,288 [pool-27-thread-1] INFO  server.RaftServerConfigKeys (ConfUtils.java:logGet(43)) - raft.server.log.queue.byte-limit = 2147483647 (custom)
2019-11-13 17:50:05,289 [pool-27-thread-1] INFO  server.RaftServerConfigKeys (ConfUtils.java:logGet(43)) - raft.server.log.queue.element-limit = 1024 (custom)
2019-11-13 17:50:05,290 [pool-27-thread-1] INFO  server.RaftServerConfigKeys (ConfUtils.java:logGet(43)) - raft.server.log.segment.size.max = 1048576 (custom)
2019-11-13 17:50:05,290 [pool-27-thread-1] INFO  server.RaftServerConfigKeys (ConfUtils.java:logGet(43)) - raft.server.log.preallocated.size = 16384 (custom)
2019-11-13 17:50:05,291 [pool-27-thread-1] INFO  server.RaftServerConfigKeys (ConfUtils.java:logGet(43)) - raft.server.log.write.buffer.size = 33554432 (custom)
2019-11-13 17:50:05,292 [pool-27-thread-1] INFO  server.RaftServerConfigKeys (ConfUtils.java:logGet(43)) - raft.server.log.force.sync.num = 128 (default)
2019-11-13 17:50:05,293 [pool-27-thread-1] INFO  server.RaftServerConfigKeys (ConfUtils.java:logGet(43)) - raft.server.log.statemachine.data.sync = true (default)
2019-11-13 17:50:05,293 [pool-27-thread-1] INFO  server.RaftServerConfigKeys (ConfUtils.java:logGet(43)) - raft.server.log.statemachine.data.sync.timeout = 10s (default)
2019-11-13 17:50:05,294 [pool-27-thread-1] INFO  server.RaftServerConfigKeys (ConfUtils.java:logGet(43)) - raft.server.log.statemachine.data.sync.timeout.retry = -1 (default)
2019-11-13 17:50:05,310 [pool-27-thread-1] INFO  server.RaftServerConfigKeys (ConfUtils.java:logGet(43)) - raft.server.log.statemachine.data.caching.enabled = true (custom)
2019-11-13 17:50:05,315 [pool-27-thread-1] INFO  segmented.SegmentedRaftLogWorker (SegmentedRaftLogWorker.java:lambda$new$0(128)) - f9a4fe6a-5564-437b-92eb-0f148c890629@group-04AE86894864-SegmentedRaftLogWorker: flushIndex: setUnconditionally 0 -> -1
2019-11-13 17:50:05,319 [pool-27-thread-1] INFO  server.RaftServerConfigKeys (ConfUtils.java:logGet(43)) - raft.server.snapshot.auto.trigger.enabled = true (custom)
2019-11-13 17:50:05,320 [pool-27-thread-1] INFO  server.RaftServerConfigKeys (ConfUtils.java:logGet(43)) - raft.server.snapshot.auto.trigger.threshold = 10000 (custom)
2019-11-13 17:50:05,321 [pool-27-thread-1] INFO  server.RaftServerConfigKeys (ConfUtils.java:logGet(43)) - raft.server.snapshot.retention.file.num = 5 (custom)
2019-11-13 17:50:05,321 [pool-27-thread-1] INFO  server.RaftServerConfigKeys (ConfUtils.java:logGet(43)) - raft.server.retrycache.expirytime = 600000ms (custom)
2019-11-13 17:50:05,341 [pool-27-thread-1] WARN  impl.MetricRegistriesImpl (MetricRegistriesImpl.java:lambda$create$1(61)) - First MetricRegistry has been created without registering reporters. You may need to call MetricRegistries.global().addReportRegistration(...) before.
2019-11-13 17:50:05,343 [pool-27-thread-1] WARN  impl.MetricRegistriesImpl (MetricRegistriesImpl.java:lambda$create$1(61)) - First MetricRegistry has been created without registering reporters. You may need to call MetricRegistries.global().addReportRegistration(...) before.
2019-11-13 17:50:05,345 [pool-27-thread-1] INFO  impl.RaftServerImpl (RaftServerImpl.java:start(184)) - f9a4fe6a-5564-437b-92eb-0f148c890629@group-04AE86894864: start as a follower, conf=-1: [f9a4fe6a-5564-437b-92eb-0f148c890629:192.168.69.122:40724], old=null
2019-11-13 17:50:05,346 [pool-27-thread-1] INFO  impl.RaftServerImpl (RaftServerImpl.java:setRole(173)) - f9a4fe6a-5564-437b-92eb-0f148c890629@group-04AE86894864: changes role from      null to FOLLOWER at term 0 for startAsFollower
2019-11-13 17:50:05,348 [pool-27-thread-1] INFO  impl.RoleInfo (RoleInfo.java:updateAndGet(143)) - f9a4fe6a-5564-437b-92eb-0f148c890629: start FollowerState
2019-11-13 17:50:05,350 [pool-27-thread-1] INFO  util.JmxRegister (JmxRegister.java:tryRegister(44)) - Successfully registered JMX Bean with object name Ratis:service=RaftServer,group=group-04AE86894864,id=f9a4fe6a-5564-437b-92eb-0f148c890629
2019-11-13 17:50:05,352 [pool-27-thread-1] WARN  impl.MetricRegistriesImpl (MetricRegistriesImpl.java:lambda$create$1(61)) - First MetricRegistry has been created without registering reporters. You may need to call MetricRegistries.global().addReportRegistration(...) before.
2019-11-13 17:50:05,423 [RatisPipelineUtilsThread] INFO  pipeline.PipelineStateManager (PipelineStateManager.java:addPipeline(55)) - Created pipeline Pipeline[ Id: 565c6dc8-0d6d-4eeb-af5f-04ae86894864, Nodes: f9a4fe6a-5564-437b-92eb-0f148c890629{ip: 192.168.69.122, host: pr-hdds-2467-gc456-181853687, networkLocation: /default-rack, certSerialId: null}, Type:RATIS, Factor:ONE, State:ALLOCATED]
2019-11-13 17:50:05,441 [grpc-default-executor-0] INFO  impl.RaftServerProxy (RaftServerProxy.java:addNew(89)) - bed2cb91-82a6-46d4-b0e6-50d0a1724051: addNew group-11683CB720B8:[bed2cb91-82a6-46d4-b0e6-50d0a1724051:192.168.69.122:33920] returns group-11683CB720B8:java.util.concurrent.CompletableFuture@50bc8929[Not completed]
2019-11-13 17:50:05,466 [pool-37-thread-1] INFO  impl.RaftServerImpl (RaftServerImpl.java:<init>(98)) - bed2cb91-82a6-46d4-b0e6-50d0a1724051: new RaftServerImpl for group-11683CB720B8:[bed2cb91-82a6-46d4-b0e6-50d0a1724051:192.168.69.122:33920] with ContainerStateMachine:uninitialized
2019-11-13 17:50:05,467 [pool-37-thread-1] INFO  server.RaftServerConfigKeys (ConfUtils.java:logGet(43)) - raft.server.rpc.timeout.min = 5s (custom)
2019-11-13 17:50:05,467 [pool-37-thread-1] INFO  server.RaftServerConfigKeys (ConfUtils.java:logGet(43)) - raft.server.rpc.timeout.max = 5200ms (custom)
2019-11-13 17:50:05,468 [pool-37-thread-1] INFO  server.RaftServerConfigKeys (ConfUtils.java:logGet(43)) - raft.server.rpcslowness.timeout = 120s (custom)
2019-11-13 17:50:05,468 [pool-37-thread-1] INFO  server.RaftServerConfigKeys (ConfUtils.java:logGet(43)) - raft.server.sleep.deviation.threshold = 300 (default)
2019-11-13 17:50:05,468 [pool-37-thread-1] INFO  server.RaftServerConfigKeys (ConfUtils.java:logGet(43)) - raft.server.log.appender.install.snapshot.enabled = false (custom)
2019-11-13 17:50:05,468 [pool-37-thread-1] INFO  impl.RaftServerImpl (ServerState.java:<init>(103)) - bed2cb91-82a6-46d4-b0e6-50d0a1724051@group-11683CB720B8: ConfigurationManager, init=-1: [bed2cb91-82a6-46d4-b0e6-50d0a1724051:192.168.69.122:33920], old=null, confs=<EMPTY_MAP>
2019-11-13 17:50:05,469 [pool-37-thread-1] INFO  server.RaftServerConfigKeys (ConfUtils.java:logGet(43)) - raft.server.storage.dir = [/workdir/hadoop-ozone/tools/target/test-dir/MiniOzoneClusterImpl-31c51053-f4bb-4924-8f23-fc5f70fd2f8a/datanode-1/data/ratis] (custom)
2019-11-13 17:50:05,469 [pool-37-thread-1] INFO  server.RaftServerConfigKeys (ConfUtils.java:logGet(43)) - raft.server.log.corruption.policy = EXCEPTION (default)
2019-11-13 17:50:05,469 [pool-37-thread-1] INFO  storage.RaftStorageDirectory (RaftStorageDirectory.java:analyzeStorage(246)) - The storage directory /workdir/hadoop-ozone/tools/target/test-dir/MiniOzoneClusterImpl-31c51053-f4bb-4924-8f23-fc5f70fd2f8a/datanode-1/data/ratis/dffd6916-f394-4b5b-be34-11683cb720b8 does not exist. Creating ...
2019-11-13 17:50:05,494 [pool-37-thread-1] INFO  storage.RaftStorageDirectory (RaftStorageDirectory.java:tryLock(328)) - Lock on /workdir/hadoop-ozone/tools/target/test-dir/MiniOzoneClusterImpl-31c51053-f4bb-4924-8f23-fc5f70fd2f8a/datanode-1/data/ratis/dffd6916-f394-4b5b-be34-11683cb720b8/in_use.lock acquired by nodename 21664@pr-hdds-2467-gc456-181853687
2019-11-13 17:50:05,511 [pool-37-thread-1] INFO  storage.RaftStorage (RaftStorage.java:format(84)) - Storage directory /workdir/hadoop-ozone/tools/target/test-dir/MiniOzoneClusterImpl-31c51053-f4bb-4924-8f23-fc5f70fd2f8a/datanode-1/data/ratis/dffd6916-f394-4b5b-be34-11683cb720b8 has been successfully formatted.
2019-11-13 17:50:05,513 [pool-37-thread-1] INFO  ratis.ContainerStateMachine (ContainerStateMachine.java:loadSnapshot(223)) - group-11683CB720B8: The snapshot info is null. Setting the last applied indexto:(t:0, i:~)
2019-11-13 17:50:05,513 [pool-37-thread-1] INFO  server.RaftServerConfigKeys (ConfUtils.java:logGet(43)) - raft.server.notification.no-leader.timeout = 120s (custom)
2019-11-13 17:50:05,514 [pool-37-thread-1] INFO  server.RaftServerConfigKeys (ConfUtils.java:logGet(43)) - raft.server.log.use.memory = false (default)
2019-11-13 17:50:05,514 [pool-37-thread-1] INFO  server.RaftServerConfigKeys (ConfUtils.java:logGet(43)) - raft.server.log.purge.gap = 1000000 (custom)
2019-11-13 17:50:05,514 [pool-37-thread-1] INFO  server.RaftServerConfigKeys (ConfUtils.java:logGet(43)) - raft.server.log.appender.buffer.byte-limit = 33554432 (custom)
2019-11-13 17:50:05,514 [pool-37-thread-1] INFO  server.RaftServerConfigKeys (ConfUtils.java:logGet(43)) - raft.server.log.segment.size.max = 1048576 (custom)
2019-11-13 17:50:05,515 [pool-37-thread-1] WARN  impl.MetricRegistriesImpl (MetricRegistriesImpl.java:lambda$create$1(61)) - First MetricRegistry has been created without registering reporters. You may need to call MetricRegistries.global().addReportRegistration(...) before.
2019-11-13 17:50:05,516 [pool-37-thread-1] INFO  server.RaftServerConfigKeys (ConfUtils.java:logGet(43)) - raft.server.log.segment.cache.num.max = 2 (custom)
2019-11-13 17:50:05,516 [pool-37-thread-1] INFO  segmented.SegmentedRaftLogWorker (SegmentedRaftLogWorker.java:<init>(173)) - new bed2cb91-82a6-46d4-b0e6-50d0a1724051@group-11683CB720B8-SegmentedRaftLogWorker for RaftStorage:Storage Directory /workdir/hadoop-ozone/tools/target/test-dir/MiniOzoneClusterImpl-31c51053-f4bb-4924-8f23-fc5f70fd2f8a/datanode-1/data/ratis/dffd6916-f394-4b5b-be34-11683cb720b8
2019-11-13 17:50:05,517 [pool-37-thread-1] INFO  server.RaftServerConfigKeys (ConfUtils.java:logGet(43)) - raft.server.log.queue.byte-limit = 2147483647 (custom)
2019-11-13 17:50:05,517 [pool-37-thread-1] INFO  server.RaftServerConfigKeys (ConfUtils.java:logGet(43)) - raft.server.log.queue.element-limit = 1024 (custom)
2019-11-13 17:50:05,517 [pool-37-thread-1] INFO  server.RaftServerConfigKeys (ConfUtils.java:logGet(43)) - raft.server.log.segment.size.max = 1048576 (custom)
2019-11-13 17:50:05,517 [pool-37-thread-1] INFO  server.RaftServerConfigKeys (ConfUtils.java:logGet(43)) - raft.server.log.preallocated.size = 16384 (custom)
2019-11-13 17:50:05,517 [pool-37-thread-1] INFO  server.RaftServerConfigKeys (ConfUtils.java:logGet(43)) - raft.server.log.write.buffer.size = 33554432 (custom)
2019-11-13 17:50:05,518 [pool-37-thread-1] INFO  server.RaftServerConfigKeys (ConfUtils.java:logGet(43)) - raft.server.log.force.sync.num = 128 (default)
2019-11-13 17:50:05,518 [pool-37-thread-1] INFO  server.RaftServerConfigKeys (ConfUtils.java:logGet(43)) - raft.server.log.statemachine.data.sync = true (default)
2019-11-13 17:50:05,518 [pool-37-thread-1] INFO  server.RaftServerConfigKeys (ConfUtils.java:logGet(43)) - raft.server.log.statemachine.data.sync.timeout = 10s (default)
2019-11-13 17:50:05,518 [pool-37-thread-1] INFO  server.RaftServerConfigKeys (ConfUtils.java:logGet(43)) - raft.server.log.statemachine.data.sync.timeout.retry = -1 (default)
2019-11-13 17:50:05,519 [pool-37-thread-1] INFO  server.RaftServerConfigKeys (ConfUtils.java:logGet(43)) - raft.server.log.statemachine.data.caching.enabled = true (custom)
2019-11-13 17:50:05,519 [pool-37-thread-1] INFO  segmented.SegmentedRaftLogWorker (SegmentedRaftLogWorker.java:lambda$new$0(128)) - bed2cb91-82a6-46d4-b0e6-50d0a1724051@group-11683CB720B8-SegmentedRaftLogWorker: flushIndex: setUnconditionally 0 -> -1
2019-11-13 17:50:05,520 [pool-37-thread-1] INFO  server.RaftServerConfigKeys (ConfUtils.java:logGet(43)) - raft.server.snapshot.auto.trigger.enabled = true (custom)
2019-11-13 17:50:05,520 [pool-37-thread-1] INFO  server.RaftServerConfigKeys (ConfUtils.java:logGet(43)) - raft.server.snapshot.auto.trigger.threshold = 10000 (custom)
2019-11-13 17:50:05,520 [pool-37-thread-1] INFO  server.RaftServerConfigKeys (ConfUtils.java:logGet(43)) - raft.server.snapshot.retention.file.num = 5 (custom)
2019-11-13 17:50:05,520 [pool-37-thread-1] INFO  server.RaftServerConfigKeys (ConfUtils.java:logGet(43)) - raft.server.retrycache.expirytime = 600000ms (custom)
2019-11-13 17:50:05,521 [pool-37-thread-1] WARN  impl.MetricRegistriesImpl (MetricRegistriesImpl.java:lambda$create$1(61)) - First MetricRegistry has been created without registering reporters. You may need to call MetricRegistries.global().addReportRegistration(...) before.
2019-11-13 17:50:05,521 [pool-37-thread-1] WARN  impl.MetricRegistriesImpl (MetricRegistriesImpl.java:lambda$create$1(61)) - First MetricRegistry has been created without registering reporters. You may need to call MetricRegistries.global().addReportRegistration(...) before.
2019-11-13 17:50:05,521 [pool-37-thread-1] INFO  impl.RaftServerImpl (RaftServerImpl.java:start(184)) - bed2cb91-82a6-46d4-b0e6-50d0a1724051@group-11683CB720B8: start as a follower, conf=-1: [bed2cb91-82a6-46d4-b0e6-50d0a1724051:192.168.69.122:33920], old=null
2019-11-13 17:50:05,521 [pool-37-thread-1] INFO  impl.RaftServerImpl (RaftServerImpl.java:setRole(173)) - bed2cb91-82a6-46d4-b0e6-50d0a1724051@group-11683CB720B8: changes role from      null to FOLLOWER at term 0 for startAsFollower
2019-11-13 17:50:05,522 [pool-37-thread-1] INFO  impl.RoleInfo (RoleInfo.java:updateAndGet(143)) - bed2cb91-82a6-46d4-b0e6-50d0a1724051: start FollowerState
2019-11-13 17:50:05,523 [pool-37-thread-1] INFO  util.JmxRegister (JmxRegister.java:tryRegister(44)) - Successfully registered JMX Bean with object name Ratis:service=RaftServer,group=group-11683CB720B8,id=bed2cb91-82a6-46d4-b0e6-50d0a1724051
2019-11-13 17:50:05,524 [pool-37-thread-1] WARN  impl.MetricRegistriesImpl (MetricRegistriesImpl.java:lambda$create$1(61)) - First MetricRegistry has been created without registering reporters. You may need to call MetricRegistries.global().addReportRegistration(...) before.
2019-11-13 17:50:05,537 [RatisPipelineUtilsThread] INFO  pipeline.PipelineStateManager (PipelineStateManager.java:addPipeline(55)) - Created pipeline Pipeline[ Id: dffd6916-f394-4b5b-be34-11683cb720b8, Nodes: bed2cb91-82a6-46d4-b0e6-50d0a1724051{ip: 192.168.69.122, host: pr-hdds-2467-gc456-181853687, networkLocation: /default-rack, certSerialId: null}, Type:RATIS, Factor:ONE, State:ALLOCATED]
2019-11-13 17:50:05,555 [grpc-default-executor-0] INFO  impl.RaftServerProxy (RaftServerProxy.java:addNew(89)) - 5a5ea697-a38d-4b37-b996-80d6b57047ee: addNew group-33A0609A5AE1:[5a5ea697-a38d-4b37-b996-80d6b57047ee:192.168.69.122:41091] returns group-33A0609A5AE1:java.util.concurrent.CompletableFuture@73613c7e[Not completed]
2019-11-13 17:50:05,570 [pool-47-thread-1] INFO  impl.RaftServerImpl (RaftServerImpl.java:<init>(98)) - 5a5ea697-a38d-4b37-b996-80d6b57047ee: new RaftServerImpl for group-33A0609A5AE1:[5a5ea697-a38d-4b37-b996-80d6b57047ee:192.168.69.122:41091] with ContainerStateMachine:uninitialized
2019-11-13 17:50:05,571 [pool-47-thread-1] INFO  server.RaftServerConfigKeys (ConfUtils.java:logGet(43)) - raft.server.rpc.timeout.min = 5s (custom)
2019-11-13 17:50:05,571 [pool-47-thread-1] INFO  server.RaftServerConfigKeys (ConfUtils.java:logGet(43)) - raft.server.rpc.timeout.max = 5200ms (custom)
2019-11-13 17:50:05,571 [pool-47-thread-1] INFO  server.RaftServerConfigKeys (ConfUtils.java:logGet(43)) - raft.server.rpcslowness.timeout = 120s (custom)
2019-11-13 17:50:05,571 [pool-47-thread-1] INFO  server.RaftServerConfigKeys (ConfUtils.java:logGet(43)) - raft.server.sleep.deviation.threshold = 300 (default)
2019-11-13 17:50:05,571 [pool-47-thread-1] INFO  server.RaftServerConfigKeys (ConfUtils.java:logGet(43)) - raft.server.log.appender.install.snapshot.enabled = false (custom)
2019-11-13 17:50:05,572 [pool-47-thread-1] INFO  impl.RaftServerImpl (ServerState.java:<init>(103)) - 5a5ea697-a38d-4b37-b996-80d6b57047ee@group-33A0609A5AE1: ConfigurationManager, init=-1: [5a5ea697-a38d-4b37-b996-80d6b57047ee:192.168.69.122:41091], old=null, confs=<EMPTY_MAP>
2019-11-13 17:50:05,572 [pool-47-thread-1] INFO  server.RaftServerConfigKeys (ConfUtils.java:logGet(43)) - raft.server.storage.dir = [/workdir/hadoop-ozone/tools/target/test-dir/MiniOzoneClusterImpl-31c51053-f4bb-4924-8f23-fc5f70fd2f8a/datanode-2/data/ratis] (custom)
2019-11-13 17:50:05,572 [pool-47-thread-1] INFO  server.RaftServerConfigKeys (ConfUtils.java:logGet(43)) - raft.server.log.corruption.policy = EXCEPTION (default)
2019-11-13 17:50:05,572 [pool-47-thread-1] INFO  storage.RaftStorageDirectory (RaftStorageDirectory.java:analyzeStorage(246)) - The storage directory /workdir/hadoop-ozone/tools/target/test-dir/MiniOzoneClusterImpl-31c51053-f4bb-4924-8f23-fc5f70fd2f8a/datanode-2/data/ratis/aabaf42f-5e26-40bb-9f40-33a0609a5ae1 does not exist. Creating ...
2019-11-13 17:50:06,015 [pool-47-thread-1] INFO  storage.RaftStorageDirectory (RaftStorageDirectory.java:tryLock(328)) - Lock on /workdir/hadoop-ozone/tools/target/test-dir/MiniOzoneClusterImpl-31c51053-f4bb-4924-8f23-fc5f70fd2f8a/datanode-2/data/ratis/aabaf42f-5e26-40bb-9f40-33a0609a5ae1/in_use.lock acquired by nodename 21664@pr-hdds-2467-gc456-181853687
2019-11-13 17:50:06,366 [pool-47-thread-1] INFO  storage.RaftStorage (RaftStorage.java:format(84)) - Storage directory /workdir/hadoop-ozone/tools/target/test-dir/MiniOzoneClusterImpl-31c51053-f4bb-4924-8f23-fc5f70fd2f8a/datanode-2/data/ratis/aabaf42f-5e26-40bb-9f40-33a0609a5ae1 has been successfully formatted.
2019-11-13 17:50:06,366 [pool-47-thread-1] INFO  ratis.ContainerStateMachine (ContainerStateMachine.java:loadSnapshot(223)) - group-33A0609A5AE1: The snapshot info is null. Setting the last applied indexto:(t:0, i:~)
2019-11-13 17:50:06,367 [pool-47-thread-1] INFO  server.RaftServerConfigKeys (ConfUtils.java:logGet(43)) - raft.server.notification.no-leader.timeout = 120s (custom)
2019-11-13 17:50:06,367 [pool-47-thread-1] INFO  server.RaftServerConfigKeys (ConfUtils.java:logGet(43)) - raft.server.log.use.memory = false (default)
2019-11-13 17:50:06,367 [pool-47-thread-1] INFO  server.RaftServerConfigKeys (ConfUtils.java:logGet(43)) - raft.server.log.purge.gap = 1000000 (custom)
2019-11-13 17:50:06,367 [pool-47-thread-1] INFO  server.RaftServerConfigKeys (ConfUtils.java:logGet(43)) - raft.server.log.appender.buffer.byte-limit = 33554432 (custom)
2019-11-13 17:50:06,368 [pool-47-thread-1] INFO  server.RaftServerConfigKeys (ConfUtils.java:logGet(43)) - raft.server.log.segment.size.max = 1048576 (custom)
2019-11-13 17:50:06,368 [pool-47-thread-1] WARN  impl.MetricRegistriesImpl (MetricRegistriesImpl.java:lambda$create$1(61)) - First MetricRegistry has been created without registering reporters. You may need to call MetricRegistries.global().addReportRegistration(...) before.
2019-11-13 17:50:06,368 [pool-47-thread-1] INFO  server.RaftServerConfigKeys (ConfUtils.java:logGet(43)) - raft.server.log.segment.cache.num.max = 2 (custom)
2019-11-13 17:50:06,368 [pool-47-thread-1] INFO  segmented.SegmentedRaftLogWorker (SegmentedRaftLogWorker.java:<init>(173)) - new 5a5ea697-a38d-4b37-b996-80d6b57047ee@group-33A0609A5AE1-SegmentedRaftLogWorker for RaftStorage:Storage Directory /workdir/hadoop-ozone/tools/target/test-dir/MiniOzoneClusterImpl-31c51053-f4bb-4924-8f23-fc5f70fd2f8a/datanode-2/data/ratis/aabaf42f-5e26-40bb-9f40-33a0609a5ae1
2019-11-13 17:50:06,368 [pool-47-thread-1] INFO  server.RaftServerConfigKeys (ConfUtils.java:logGet(43)) - raft.server.log.queue.byte-limit = 2147483647 (custom)
2019-11-13 17:50:06,369 [pool-47-thread-1] INFO  server.RaftServerConfigKeys (ConfUtils.java:logGet(43)) - raft.server.log.queue.element-limit = 1024 (custom)
2019-11-13 17:50:06,369 [pool-47-thread-1] INFO  server.RaftServerConfigKeys (ConfUtils.java:logGet(43)) - raft.server.log.segment.size.max = 1048576 (custom)
2019-11-13 17:50:06,369 [pool-47-thread-1] INFO  server.RaftServerConfigKeys (ConfUtils.java:logGet(43)) - raft.server.log.preallocated.size = 16384 (custom)
2019-11-13 17:50:06,369 [pool-47-thread-1] INFO  server.RaftServerConfigKeys (ConfUtils.java:logGet(43)) - raft.server.log.write.buffer.size = 33554432 (custom)
2019-11-13 17:50:06,369 [pool-47-thread-1] INFO  server.RaftServerConfigKeys (ConfUtils.java:logGet(43)) - raft.server.log.force.sync.num = 128 (default)
2019-11-13 17:50:06,369 [pool-47-thread-1] INFO  server.RaftServerConfigKeys (ConfUtils.java:logGet(43)) - raft.server.log.statemachine.data.sync = true (default)
2019-11-13 17:50:06,370 [pool-47-thread-1] INFO  server.RaftServerConfigKeys (ConfUtils.java:logGet(43)) - raft.server.log.statemachine.data.sync.timeout = 10s (default)
2019-11-13 17:50:06,370 [pool-47-thread-1] INFO  server.RaftServerConfigKeys (ConfUtils.java:logGet(43)) - raft.server.log.statemachine.data.sync.timeout.retry = -1 (default)
2019-11-13 17:50:06,370 [pool-47-thread-1] INFO  server.RaftServerConfigKeys (ConfUtils.java:logGet(43)) - raft.server.log.statemachine.data.caching.enabled = true (custom)
2019-11-13 17:50:06,371 [pool-47-thread-1] INFO  segmented.SegmentedRaftLogWorker (SegmentedRaftLogWorker.java:lambda$new$0(128)) - 5a5ea697-a38d-4b37-b996-80d6b57047ee@group-33A0609A5AE1-SegmentedRaftLogWorker: flushIndex: setUnconditionally 0 -> -1
2019-11-13 17:50:06,371 [pool-47-thread-1] INFO  server.RaftServerConfigKeys (ConfUtils.java:logGet(43)) - raft.server.snapshot.auto.trigger.enabled = true (custom)
2019-11-13 17:50:06,371 [pool-47-thread-1] INFO  server.RaftServerConfigKeys (ConfUtils.java:logGet(43)) - raft.server.snapshot.auto.trigger.threshold = 10000 (custom)
2019-11-13 17:50:06,372 [pool-47-thread-1] INFO  server.RaftServerConfigKeys (ConfUtils.java:logGet(43)) - raft.server.snapshot.retention.file.num = 5 (custom)
2019-11-13 17:50:06,372 [pool-47-thread-1] INFO  server.RaftServerConfigKeys (ConfUtils.java:logGet(43)) - raft.server.retrycache.expirytime = 600000ms (custom)
2019-11-13 17:50:06,372 [pool-47-thread-1] WARN  impl.MetricRegistriesImpl (MetricRegistriesImpl.java:lambda$create$1(61)) - First MetricRegistry has been created without registering reporters. You may need to call MetricRegistries.global().addReportRegistration(...) before.
2019-11-13 17:50:06,372 [pool-47-thread-1] WARN  impl.MetricRegistriesImpl (MetricRegistriesImpl.java:lambda$create$1(61)) - First MetricRegistry has been created without registering reporters. You may need to call MetricRegistries.global().addReportRegistration(...) before.
2019-11-13 17:50:06,373 [pool-47-thread-1] INFO  impl.RaftServerImpl (RaftServerImpl.java:start(184)) - 5a5ea697-a38d-4b37-b996-80d6b57047ee@group-33A0609A5AE1: start as a follower, conf=-1: [5a5ea697-a38d-4b37-b996-80d6b57047ee:192.168.69.122:41091], old=null
2019-11-13 17:50:06,373 [pool-47-thread-1] INFO  impl.RaftServerImpl (RaftServerImpl.java:setRole(173)) - 5a5ea697-a38d-4b37-b996-80d6b57047ee@group-33A0609A5AE1: changes role from      null to FOLLOWER at term 0 for startAsFollower
2019-11-13 17:50:06,373 [pool-47-thread-1] INFO  impl.RoleInfo (RoleInfo.java:updateAndGet(143)) - 5a5ea697-a38d-4b37-b996-80d6b57047ee: start FollowerState
2019-11-13 17:50:06,374 [pool-47-thread-1] INFO  util.JmxRegister (JmxRegister.java:tryRegister(44)) - Successfully registered JMX Bean with object name Ratis:service=RaftServer,group=group-33A0609A5AE1,id=5a5ea697-a38d-4b37-b996-80d6b57047ee
2019-11-13 17:50:06,374 [pool-47-thread-1] WARN  impl.MetricRegistriesImpl (MetricRegistriesImpl.java:lambda$create$1(61)) - First MetricRegistry has been created without registering reporters. You may need to call MetricRegistries.global().addReportRegistration(...) before.
2019-11-13 17:50:06,384 [RatisPipelineUtilsThread] INFO  pipeline.PipelineStateManager (PipelineStateManager.java:addPipeline(55)) - Created pipeline Pipeline[ Id: aabaf42f-5e26-40bb-9f40-33a0609a5ae1, Nodes: 5a5ea697-a38d-4b37-b996-80d6b57047ee{ip: 192.168.69.122, host: pr-hdds-2467-gc456-181853687, networkLocation: /default-rack, certSerialId: null}, Type:RATIS, Factor:ONE, State:ALLOCATED]
2019-11-13 17:50:06,413 [grpc-default-executor-2] INFO  impl.RaftServerProxy (RaftServerProxy.java:addNew(89)) - f9a4fe6a-5564-437b-92eb-0f148c890629: addNew group-705DF63BB164:[bed2cb91-82a6-46d4-b0e6-50d0a1724051:192.168.69.122:33920, f9a4fe6a-5564-437b-92eb-0f148c890629:192.168.69.122:40724, 5a5ea697-a38d-4b37-b996-80d6b57047ee:192.168.69.122:41091] returns group-705DF63BB164:java.util.concurrent.CompletableFuture@2b981dbf[Not completed]
2019-11-13 17:50:06,416 [grpc-default-executor-1] INFO  impl.RaftServerProxy (RaftServerProxy.java:addNew(89)) - 5a5ea697-a38d-4b37-b996-80d6b57047ee: addNew group-705DF63BB164:[bed2cb91-82a6-46d4-b0e6-50d0a1724051:192.168.69.122:33920, f9a4fe6a-5564-437b-92eb-0f148c890629:192.168.69.122:40724, 5a5ea697-a38d-4b37-b996-80d6b57047ee:192.168.69.122:41091] returns group-705DF63BB164:java.util.concurrent.CompletableFuture@240cc119[Not completed]
2019-11-13 17:50:06,417 [grpc-default-executor-1] INFO  impl.RaftServerProxy (RaftServerProxy.java:addNew(89)) - bed2cb91-82a6-46d4-b0e6-50d0a1724051: addNew group-705DF63BB164:[bed2cb91-82a6-46d4-b0e6-50d0a1724051:192.168.69.122:33920, f9a4fe6a-5564-437b-92eb-0f148c890629:192.168.69.122:40724, 5a5ea697-a38d-4b37-b996-80d6b57047ee:192.168.69.122:41091] returns group-705DF63BB164:java.util.concurrent.CompletableFuture@610e5bfc[Not completed]
2019-11-13 17:50:06,418 [pool-27-thread-1] INFO  impl.RaftServerImpl (RaftServerImpl.java:<init>(98)) - f9a4fe6a-5564-437b-92eb-0f148c890629: new RaftServerImpl for group-705DF63BB164:[bed2cb91-82a6-46d4-b0e6-50d0a1724051:192.168.69.122:33920, f9a4fe6a-5564-437b-92eb-0f148c890629:192.168.69.122:40724, 5a5ea697-a38d-4b37-b996-80d6b57047ee:192.168.69.122:41091] with ContainerStateMachine:uninitialized
2019-11-13 17:50:06,418 [pool-27-thread-1] INFO  server.RaftServerConfigKeys (ConfUtils.java:logGet(43)) - raft.server.rpc.timeout.min = 5s (custom)
2019-11-13 17:50:06,418 [pool-27-thread-1] INFO  server.RaftServerConfigKeys (ConfUtils.java:logGet(43)) - raft.server.rpc.timeout.max = 5200ms (custom)
2019-11-13 17:50:06,418 [pool-27-thread-1] INFO  server.RaftServerConfigKeys (ConfUtils.java:logGet(43)) - raft.server.rpcslowness.timeout = 120s (custom)
2019-11-13 17:50:06,419 [pool-27-thread-1] INFO  server.RaftServerConfigKeys (ConfUtils.java:logGet(43)) - raft.server.sleep.deviation.threshold = 300 (default)
2019-11-13 17:50:06,419 [pool-27-thread-1] INFO  server.RaftServerConfigKeys (ConfUtils.java:logGet(43)) - raft.server.log.appender.install.snapshot.enabled = false (custom)
2019-11-13 17:50:06,419 [pool-47-thread-1] INFO  impl.RaftServerImpl (RaftServerImpl.java:<init>(98)) - 5a5ea697-a38d-4b37-b996-80d6b57047ee: new RaftServerImpl for group-705DF63BB164:[bed2cb91-82a6-46d4-b0e6-50d0a1724051:192.168.69.122:33920, f9a4fe6a-5564-437b-92eb-0f148c890629:192.168.69.122:40724, 5a5ea697-a38d-4b37-b996-80d6b57047ee:192.168.69.122:41091] with ContainerStateMachine:uninitialized
2019-11-13 17:50:06,419 [pool-27-thread-1] INFO  impl.RaftServerImpl (ServerState.java:<init>(103)) - f9a4fe6a-5564-437b-92eb-0f148c890629@group-705DF63BB164: ConfigurationManager, init=-1: [bed2cb91-82a6-46d4-b0e6-50d0a1724051:192.168.69.122:33920, f9a4fe6a-5564-437b-92eb-0f148c890629:192.168.69.122:40724, 5a5ea697-a38d-4b37-b996-80d6b57047ee:192.168.69.122:41091], old=null, confs=<EMPTY_MAP>
2019-11-13 17:50:06,419 [pool-47-thread-1] INFO  server.RaftServerConfigKeys (ConfUtils.java:logGet(43)) - raft.server.rpc.timeout.min = 5s (custom)
2019-11-13 17:50:06,419 [pool-27-thread-1] INFO  server.RaftServerConfigKeys (ConfUtils.java:logGet(43)) - raft.server.storage.dir = [/workdir/hadoop-ozone/tools/target/test-dir/MiniOzoneClusterImpl-31c51053-f4bb-4924-8f23-fc5f70fd2f8a/datanode-0/data/ratis] (custom)
2019-11-13 17:50:06,419 [pool-47-thread-1] INFO  server.RaftServerConfigKeys (ConfUtils.java:logGet(43)) - raft.server.rpc.timeout.max = 5200ms (custom)
2019-11-13 17:50:06,420 [pool-47-thread-1] INFO  server.RaftServerConfigKeys (ConfUtils.java:logGet(43)) - raft.server.rpcslowness.timeout = 120s (custom)
2019-11-13 17:50:06,420 [pool-27-thread-1] INFO  server.RaftServerConfigKeys (ConfUtils.java:logGet(43)) - raft.server.log.corruption.policy = EXCEPTION (default)
2019-11-13 17:50:06,420 [pool-47-thread-1] INFO  server.RaftServerConfigKeys (ConfUtils.java:logGet(43)) - raft.server.sleep.deviation.threshold = 300 (default)
2019-11-13 17:50:06,420 [pool-37-thread-1] INFO  impl.RaftServerImpl (RaftServerImpl.java:<init>(98)) - bed2cb91-82a6-46d4-b0e6-50d0a1724051: new RaftServerImpl for group-705DF63BB164:[bed2cb91-82a6-46d4-b0e6-50d0a1724051:192.168.69.122:33920, f9a4fe6a-5564-437b-92eb-0f148c890629:192.168.69.122:40724, 5a5ea697-a38d-4b37-b996-80d6b57047ee:192.168.69.122:41091] with ContainerStateMachine:uninitialized
2019-11-13 17:50:06,420 [pool-47-thread-1] INFO  server.RaftServerConfigKeys (ConfUtils.java:logGet(43)) - raft.server.log.appender.install.snapshot.enabled = false (custom)
2019-11-13 17:50:06,420 [pool-27-thread-1] INFO  storage.RaftStorageDirectory (RaftStorageDirectory.java:analyzeStorage(246)) - The storage directory /workdir/hadoop-ozone/tools/target/test-dir/MiniOzoneClusterImpl-31c51053-f4bb-4924-8f23-fc5f70fd2f8a/datanode-0/data/ratis/c7a6eeb0-67f7-4379-8de6-705df63bb164 does not exist. Creating ...
2019-11-13 17:50:06,420 [pool-47-thread-1] INFO  impl.RaftServerImpl (ServerState.java:<init>(103)) - 5a5ea697-a38d-4b37-b996-80d6b57047ee@group-705DF63BB164: ConfigurationManager, init=-1: [bed2cb91-82a6-46d4-b0e6-50d0a1724051:192.168.69.122:33920, f9a4fe6a-5564-437b-92eb-0f148c890629:192.168.69.122:40724, 5a5ea697-a38d-4b37-b996-80d6b57047ee:192.168.69.122:41091], old=null, confs=<EMPTY_MAP>
2019-11-13 17:50:06,420 [pool-37-thread-1] INFO  server.RaftServerConfigKeys (ConfUtils.java:logGet(43)) - raft.server.rpc.timeout.min = 5s (custom)
2019-11-13 17:50:06,421 [pool-47-thread-1] INFO  server.RaftServerConfigKeys (ConfUtils.java:logGet(43)) - raft.server.storage.dir = [/workdir/hadoop-ozone/tools/target/test-dir/MiniOzoneClusterImpl-31c51053-f4bb-4924-8f23-fc5f70fd2f8a/datanode-2/data/ratis] (custom)
2019-11-13 17:50:06,421 [pool-37-thread-1] INFO  server.RaftServerConfigKeys (ConfUtils.java:logGet(43)) - raft.server.rpc.timeout.max = 5200ms (custom)
2019-11-13 17:50:06,421 [pool-47-thread-1] INFO  server.RaftServerConfigKeys (ConfUtils.java:logGet(43)) - raft.server.log.corruption.policy = EXCEPTION (default)
2019-11-13 17:50:06,421 [pool-37-thread-1] INFO  server.RaftServerConfigKeys (ConfUtils.java:logGet(43)) - raft.server.rpcslowness.timeout = 120s (custom)
2019-11-13 17:50:06,421 [pool-47-thread-1] INFO  storage.RaftStorageDirectory (RaftStorageDirectory.java:analyzeStorage(246)) - The storage directory /workdir/hadoop-ozone/tools/target/test-dir/MiniOzoneClusterImpl-31c51053-f4bb-4924-8f23-fc5f70fd2f8a/datanode-2/data/ratis/c7a6eeb0-67f7-4379-8de6-705df63bb164 does not exist. Creating ...
2019-11-13 17:50:06,421 [pool-37-thread-1] INFO  server.RaftServerConfigKeys (ConfUtils.java:logGet(43)) - raft.server.sleep.deviation.threshold = 300 (default)
2019-11-13 17:50:06,422 [pool-37-thread-1] INFO  server.RaftServerConfigKeys (ConfUtils.java:logGet(43)) - raft.server.log.appender.install.snapshot.enabled = false (custom)
2019-11-13 17:50:06,422 [pool-37-thread-1] INFO  impl.RaftServerImpl (ServerState.java:<init>(103)) - bed2cb91-82a6-46d4-b0e6-50d0a1724051@group-705DF63BB164: ConfigurationManager, init=-1: [bed2cb91-82a6-46d4-b0e6-50d0a1724051:192.168.69.122:33920, f9a4fe6a-5564-437b-92eb-0f148c890629:192.168.69.122:40724, 5a5ea697-a38d-4b37-b996-80d6b57047ee:192.168.69.122:41091], old=null, confs=<EMPTY_MAP>
2019-11-13 17:50:06,422 [pool-37-thread-1] INFO  server.RaftServerConfigKeys (ConfUtils.java:logGet(43)) - raft.server.storage.dir = [/workdir/hadoop-ozone/tools/target/test-dir/MiniOzoneClusterImpl-31c51053-f4bb-4924-8f23-fc5f70fd2f8a/datanode-1/data/ratis] (custom)
2019-11-13 17:50:06,422 [pool-37-thread-1] INFO  server.RaftServerConfigKeys (ConfUtils.java:logGet(43)) - raft.server.log.corruption.policy = EXCEPTION (default)
2019-11-13 17:50:06,423 [pool-37-thread-1] INFO  storage.RaftStorageDirectory (RaftStorageDirectory.java:analyzeStorage(246)) - The storage directory /workdir/hadoop-ozone/tools/target/test-dir/MiniOzoneClusterImpl-31c51053-f4bb-4924-8f23-fc5f70fd2f8a/datanode-1/data/ratis/c7a6eeb0-67f7-4379-8de6-705df63bb164 does not exist. Creating ...
2019-11-13 17:50:06,500 [pool-37-thread-1] INFO  storage.RaftStorageDirectory (RaftStorageDirectory.java:tryLock(328)) - Lock on /workdir/hadoop-ozone/tools/target/test-dir/MiniOzoneClusterImpl-31c51053-f4bb-4924-8f23-fc5f70fd2f8a/datanode-1/data/ratis/c7a6eeb0-67f7-4379-8de6-705df63bb164/in_use.lock acquired by nodename 21664@pr-hdds-2467-gc456-181853687
2019-11-13 17:50:06,500 [pool-47-thread-1] INFO  storage.RaftStorageDirectory (RaftStorageDirectory.java:tryLock(328)) - Lock on /workdir/hadoop-ozone/tools/target/test-dir/MiniOzoneClusterImpl-31c51053-f4bb-4924-8f23-fc5f70fd2f8a/datanode-2/data/ratis/c7a6eeb0-67f7-4379-8de6-705df63bb164/in_use.lock acquired by nodename 21664@pr-hdds-2467-gc456-181853687
2019-11-13 17:50:06,500 [pool-27-thread-1] INFO  storage.RaftStorageDirectory (RaftStorageDirectory.java:tryLock(328)) - Lock on /workdir/hadoop-ozone/tools/target/test-dir/MiniOzoneClusterImpl-31c51053-f4bb-4924-8f23-fc5f70fd2f8a/datanode-0/data/ratis/c7a6eeb0-67f7-4379-8de6-705df63bb164/in_use.lock acquired by nodename 21664@pr-hdds-2467-gc456-181853687
2019-11-13 17:50:06,572 [pool-47-thread-1] INFO  storage.RaftStorage (RaftStorage.java:format(84)) - Storage directory /workdir/hadoop-ozone/tools/target/test-dir/MiniOzoneClusterImpl-31c51053-f4bb-4924-8f23-fc5f70fd2f8a/datanode-2/data/ratis/c7a6eeb0-67f7-4379-8de6-705df63bb164 has been successfully formatted.
2019-11-13 17:50:06,572 [pool-27-thread-1] INFO  storage.RaftStorage (RaftStorage.java:format(84)) - Storage directory /workdir/hadoop-ozone/tools/target/test-dir/MiniOzoneClusterImpl-31c51053-f4bb-4924-8f23-fc5f70fd2f8a/datanode-0/data/ratis/c7a6eeb0-67f7-4379-8de6-705df63bb164 has been successfully formatted.
2019-11-13 17:50:06,572 [pool-37-thread-1] INFO  storage.RaftStorage (RaftStorage.java:format(84)) - Storage directory /workdir/hadoop-ozone/tools/target/test-dir/MiniOzoneClusterImpl-31c51053-f4bb-4924-8f23-fc5f70fd2f8a/datanode-1/data/ratis/c7a6eeb0-67f7-4379-8de6-705df63bb164 has been successfully formatted.
2019-11-13 17:50:06,573 [pool-47-thread-1] INFO  ratis.ContainerStateMachine (ContainerStateMachine.java:loadSnapshot(223)) - group-705DF63BB164: The snapshot info is null. Setting the last applied indexto:(t:0, i:~)
2019-11-13 17:50:06,573 [pool-37-thread-1] INFO  ratis.ContainerStateMachine (ContainerStateMachine.java:loadSnapshot(223)) - group-705DF63BB164: The snapshot info is null. Setting the last applied indexto:(t:0, i:~)
2019-11-13 17:50:06,573 [pool-47-thread-1] INFO  server.RaftServerConfigKeys (ConfUtils.java:logGet(43)) - raft.server.notification.no-leader.timeout = 120s (custom)
2019-11-13 17:50:06,573 [pool-27-thread-1] INFO  ratis.ContainerStateMachine (ContainerStateMachine.java:loadSnapshot(223)) - group-705DF63BB164: The snapshot info is null. Setting the last applied indexto:(t:0, i:~)
2019-11-13 17:50:06,573 [pool-47-thread-1] INFO  server.RaftServerConfigKeys (ConfUtils.java:logGet(43)) - raft.server.log.use.memory = false (default)
2019-11-13 17:50:06,573 [pool-37-thread-1] INFO  server.RaftServerConfigKeys (ConfUtils.java:logGet(43)) - raft.server.notification.no-leader.timeout = 120s (custom)
2019-11-13 17:50:06,574 [pool-47-thread-1] INFO  server.RaftServerConfigKeys (ConfUtils.java:logGet(43)) - raft.server.log.purge.gap = 1000000 (custom)
2019-11-13 17:50:06,573 [pool-27-thread-1] INFO  server.RaftServerConfigKeys (ConfUtils.java:logGet(43)) - raft.server.notification.no-leader.timeout = 120s (custom)
2019-11-13 17:50:06,574 [pool-47-thread-1] INFO  server.RaftServerConfigKeys (ConfUtils.java:logGet(43)) - raft.server.log.appender.buffer.byte-limit = 33554432 (custom)
2019-11-13 17:50:06,574 [pool-37-thread-1] INFO  server.RaftServerConfigKeys (ConfUtils.java:logGet(43)) - raft.server.log.use.memory = false (default)
2019-11-13 17:50:06,574 [pool-47-thread-1] INFO  server.RaftServerConfigKeys (ConfUtils.java:logGet(43)) - raft.server.log.segment.size.max = 1048576 (custom)
2019-11-13 17:50:06,574 [pool-27-thread-1] INFO  server.RaftServerConfigKeys (ConfUtils.java:logGet(43)) - raft.server.log.use.memory = false (default)
2019-11-13 17:50:06,574 [pool-37-thread-1] INFO  server.RaftServerConfigKeys (ConfUtils.java:logGet(43)) - raft.server.log.purge.gap = 1000000 (custom)
2019-11-13 17:50:06,575 [pool-27-thread-1] INFO  server.RaftServerConfigKeys (ConfUtils.java:logGet(43)) - raft.server.log.purge.gap = 1000000 (custom)
2019-11-13 17:50:06,575 [pool-47-thread-1] INFO  server.RaftServerConfigKeys (ConfUtils.java:logGet(43)) - raft.server.log.segment.cache.num.max = 2 (custom)
2019-11-13 17:50:06,575 [pool-27-thread-1] INFO  server.RaftServerConfigKeys (ConfUtils.java:logGet(43)) - raft.server.log.appender.buffer.byte-limit = 33554432 (custom)
2019-11-13 17:50:06,575 [pool-37-thread-1] INFO  server.RaftServerConfigKeys (ConfUtils.java:logGet(43)) - raft.server.log.appender.buffer.byte-limit = 33554432 (custom)
2019-11-13 17:50:06,575 [pool-27-thread-1] INFO  server.RaftServerConfigKeys (ConfUtils.java:logGet(43)) - raft.server.log.segment.size.max = 1048576 (custom)
2019-11-13 17:50:06,575 [pool-47-thread-1] INFO  segmented.SegmentedRaftLogWorker (SegmentedRaftLogWorker.java:<init>(173)) - new 5a5ea697-a38d-4b37-b996-80d6b57047ee@group-705DF63BB164-SegmentedRaftLogWorker for RaftStorage:Storage Directory /workdir/hadoop-ozone/tools/target/test-dir/MiniOzoneClusterImpl-31c51053-f4bb-4924-8f23-fc5f70fd2f8a/datanode-2/data/ratis/c7a6eeb0-67f7-4379-8de6-705df63bb164
2019-11-13 17:50:06,576 [pool-27-thread-1] INFO  server.RaftServerConfigKeys (ConfUtils.java:logGet(43)) - raft.server.log.segment.cache.num.max = 2 (custom)
2019-11-13 17:50:06,575 [pool-37-thread-1] INFO  server.RaftServerConfigKeys (ConfUtils.java:logGet(43)) - raft.server.log.segment.size.max = 1048576 (custom)
2019-11-13 17:50:06,576 [pool-27-thread-1] INFO  segmented.SegmentedRaftLogWorker (SegmentedRaftLogWorker.java:<init>(173)) - new f9a4fe6a-5564-437b-92eb-0f148c890629@group-705DF63BB164-SegmentedRaftLogWorker for RaftStorage:Storage Directory /workdir/hadoop-ozone/tools/target/test-dir/MiniOzoneClusterImpl-31c51053-f4bb-4924-8f23-fc5f70fd2f8a/datanode-0/data/ratis/c7a6eeb0-67f7-4379-8de6-705df63bb164
2019-11-13 17:50:06,576 [pool-47-thread-1] INFO  server.RaftServerConfigKeys (ConfUtils.java:logGet(43)) - raft.server.log.queue.byte-limit = 2147483647 (custom)
2019-11-13 17:50:06,576 [pool-27-thread-1] INFO  server.RaftServerConfigKeys (ConfUtils.java:logGet(43)) - raft.server.log.queue.byte-limit = 2147483647 (custom)
2019-11-13 17:50:06,576 [pool-37-thread-1] INFO  server.RaftServerConfigKeys (ConfUtils.java:logGet(43)) - raft.server.log.segment.cache.num.max = 2 (custom)
2019-11-13 17:50:06,576 [pool-27-thread-1] INFO  server.RaftServerConfigKeys (ConfUtils.java:logGet(43)) - raft.server.log.queue.element-limit = 1024 (custom)
2019-11-13 17:50:06,576 [pool-47-thread-1] INFO  server.RaftServerConfigKeys (ConfUtils.java:logGet(43)) - raft.server.log.queue.element-limit = 1024 (custom)
2019-11-13 17:50:06,577 [pool-27-thread-1] INFO  server.RaftServerConfigKeys (ConfUtils.java:logGet(43)) - raft.server.log.segment.size.max = 1048576 (custom)
2019-11-13 17:50:06,577 [pool-37-thread-1] INFO  segmented.SegmentedRaftLogWorker (SegmentedRaftLogWorker.java:<init>(173)) - new bed2cb91-82a6-46d4-b0e6-50d0a1724051@group-705DF63BB164-SegmentedRaftLogWorker for RaftStorage:Storage Directory /workdir/hadoop-ozone/tools/target/test-dir/MiniOzoneClusterImpl-31c51053-f4bb-4924-8f23-fc5f70fd2f8a/datanode-1/data/ratis/c7a6eeb0-67f7-4379-8de6-705df63bb164
2019-11-13 17:50:06,577 [pool-27-thread-1] INFO  server.RaftServerConfigKeys (ConfUtils.java:logGet(43)) - raft.server.log.preallocated.size = 16384 (custom)
2019-11-13 17:50:06,577 [pool-47-thread-1] INFO  server.RaftServerConfigKeys (ConfUtils.java:logGet(43)) - raft.server.log.segment.size.max = 1048576 (custom)
2019-11-13 17:50:06,577 [pool-27-thread-1] INFO  server.RaftServerConfigKeys (ConfUtils.java:logGet(43)) - raft.server.log.write.buffer.size = 33554432 (custom)
2019-11-13 17:50:06,577 [pool-37-thread-1] INFO  server.RaftServerConfigKeys (ConfUtils.java:logGet(43)) - raft.server.log.queue.byte-limit = 2147483647 (custom)
2019-11-13 17:50:06,578 [pool-27-thread-1] INFO  server.RaftServerConfigKeys (ConfUtils.java:logGet(43)) - raft.server.log.force.sync.num = 128 (default)
2019-11-13 17:50:06,577 [pool-47-thread-1] INFO  server.RaftServerConfigKeys (ConfUtils.java:logGet(43)) - raft.server.log.preallocated.size = 16384 (custom)
2019-11-13 17:50:06,578 [pool-27-thread-1] INFO  server.RaftServerConfigKeys (ConfUtils.java:logGet(43)) - raft.server.log.statemachine.data.sync = true (default)
2019-11-13 17:50:06,578 [pool-37-thread-1] INFO  server.RaftServerConfigKeys (ConfUtils.java:logGet(43)) - raft.server.log.queue.element-limit = 1024 (custom)
2019-11-13 17:50:06,578 [pool-27-thread-1] INFO  server.RaftServerConfigKeys (ConfUtils.java:logGet(43)) - raft.server.log.statemachine.data.sync.timeout = 10s (default)
2019-11-13 17:50:06,578 [pool-47-thread-1] INFO  server.RaftServerConfigKeys (ConfUtils.java:logGet(43)) - raft.server.log.write.buffer.size = 33554432 (custom)
2019-11-13 17:50:06,579 [pool-27-thread-1] INFO  server.RaftServerConfigKeys (ConfUtils.java:logGet(43)) - raft.server.log.statemachine.data.sync.timeout.retry = -1 (default)
2019-11-13 17:50:06,578 [pool-37-thread-1] INFO  server.RaftServerConfigKeys (ConfUtils.java:logGet(43)) - raft.server.log.segment.size.max = 1048576 (custom)
2019-11-13 17:50:06,579 [pool-47-thread-1] INFO  server.RaftServerConfigKeys (ConfUtils.java:logGet(43)) - raft.server.log.force.sync.num = 128 (default)
2019-11-13 17:50:06,579 [pool-37-thread-1] INFO  server.RaftServerConfigKeys (ConfUtils.java:logGet(43)) - raft.server.log.preallocated.size = 16384 (custom)
2019-11-13 17:50:06,579 [pool-27-thread-1] INFO  server.RaftServerConfigKeys (ConfUtils.java:logGet(43)) - raft.server.log.statemachine.data.caching.enabled = true (custom)
2019-11-13 17:50:06,579 [pool-37-thread-1] INFO  server.RaftServerConfigKeys (ConfUtils.java:logGet(43)) - raft.server.log.write.buffer.size = 33554432 (custom)
2019-11-13 17:50:06,579 [pool-47-thread-1] INFO  server.RaftServerConfigKeys (ConfUtils.java:logGet(43)) - raft.server.log.statemachine.data.sync = true (default)
2019-11-13 17:50:06,579 [pool-37-thread-1] INFO  server.RaftServerConfigKeys (ConfUtils.java:logGet(43)) - raft.server.log.force.sync.num = 128 (default)
2019-11-13 17:50:06,580 [pool-47-thread-1] INFO  server.RaftServerConfigKeys (ConfUtils.java:logGet(43)) - raft.server.log.statemachine.data.sync.timeout = 10s (default)
2019-11-13 17:50:06,580 [pool-27-thread-1] INFO  segmented.SegmentedRaftLogWorker (SegmentedRaftLogWorker.java:lambda$new$0(128)) - f9a4fe6a-5564-437b-92eb-0f148c890629@group-705DF63BB164-SegmentedRaftLogWorker: flushIndex: setUnconditionally 0 -> -1
2019-11-13 17:50:06,580 [pool-47-thread-1] INFO  server.RaftServerConfigKeys (ConfUtils.java:logGet(43)) - raft.server.log.statemachine.data.sync.timeout.retry = -1 (default)
2019-11-13 17:50:06,580 [pool-37-thread-1] INFO  server.RaftServerConfigKeys (ConfUtils.java:logGet(43)) - raft.server.log.statemachine.data.sync = true (default)
2019-11-13 17:50:06,580 [pool-27-thread-1] INFO  server.RaftServerConfigKeys (ConfUtils.java:logGet(43)) - raft.server.snapshot.auto.trigger.enabled = true (custom)
2019-11-13 17:50:06,580 [pool-37-thread-1] INFO  server.RaftServerConfigKeys (ConfUtils.java:logGet(43)) - raft.server.log.statemachine.data.sync.timeout = 10s (default)
2019-11-13 17:50:06,580 [pool-47-thread-1] INFO  server.RaftServerConfigKeys (ConfUtils.java:logGet(43)) - raft.server.log.statemachine.data.caching.enabled = true (custom)
2019-11-13 17:50:06,581 [pool-37-thread-1] INFO  server.RaftServerConfigKeys (ConfUtils.java:logGet(43)) - raft.server.log.statemachine.data.sync.timeout.retry = -1 (default)
2019-11-13 17:50:06,580 [pool-27-thread-1] INFO  server.RaftServerConfigKeys (ConfUtils.java:logGet(43)) - raft.server.snapshot.auto.trigger.threshold = 10000 (custom)
2019-11-13 17:50:06,581 [pool-47-thread-1] INFO  segmented.SegmentedRaftLogWorker (SegmentedRaftLogWorker.java:lambda$new$0(128)) - 5a5ea697-a38d-4b37-b996-80d6b57047ee@group-705DF63BB164-SegmentedRaftLogWorker: flushIndex: setUnconditionally 0 -> -1
2019-11-13 17:50:06,581 [pool-27-thread-1] INFO  server.RaftServerConfigKeys (ConfUtils.java:logGet(43)) - raft.server.snapshot.retention.file.num = 5 (custom)
2019-11-13 17:50:06,581 [pool-37-thread-1] INFO  server.RaftServerConfigKeys (ConfUtils.java:logGet(43)) - raft.server.log.statemachine.data.caching.enabled = true (custom)
2019-11-13 17:50:06,582 [pool-47-thread-1] INFO  server.RaftServerConfigKeys (ConfUtils.java:logGet(43)) - raft.server.snapshot.auto.trigger.enabled = true (custom)
2019-11-13 17:50:06,582 [pool-27-thread-1] INFO  server.RaftServerConfigKeys (ConfUtils.java:logGet(43)) - raft.server.retrycache.expirytime = 600000ms (custom)
2019-11-13 17:50:06,582 [pool-37-thread-1] INFO  segmented.SegmentedRaftLogWorker (SegmentedRaftLogWorker.java:lambda$new$0(128)) - bed2cb91-82a6-46d4-b0e6-50d0a1724051@group-705DF63BB164-SegmentedRaftLogWorker: flushIndex: setUnconditionally 0 -> -1
2019-11-13 17:50:06,582 [pool-47-thread-1] INFO  server.RaftServerConfigKeys (ConfUtils.java:logGet(43)) - raft.server.snapshot.auto.trigger.threshold = 10000 (custom)
2019-11-13 17:50:06,582 [pool-27-thread-1] WARN  impl.MetricRegistriesImpl (MetricRegistriesImpl.java:lambda$create$1(61)) - First MetricRegistry has been created without registering reporters. You may need to call MetricRegistries.global().addReportRegistration(...) before.
2019-11-13 17:50:06,582 [pool-37-thread-1] INFO  server.RaftServerConfigKeys (ConfUtils.java:logGet(43)) - raft.server.snapshot.auto.trigger.enabled = true (custom)
2019-11-13 17:50:06,582 [pool-47-thread-1] INFO  server.RaftServerConfigKeys (ConfUtils.java:logGet(43)) - raft.server.snapshot.retention.file.num = 5 (custom)
2019-11-13 17:50:06,583 [pool-37-thread-1] INFO  server.RaftServerConfigKeys (ConfUtils.java:logGet(43)) - raft.server.snapshot.auto.trigger.threshold = 10000 (custom)
2019-11-13 17:50:06,582 [pool-27-thread-1] WARN  impl.MetricRegistriesImpl (MetricRegistriesImpl.java:lambda$create$1(61)) - First MetricRegistry has been created without registering reporters. You may need to call MetricRegistries.global().addReportRegistration(...) before.
2019-11-13 17:50:06,583 [pool-37-thread-1] INFO  server.RaftServerConfigKeys (ConfUtils.java:logGet(43)) - raft.server.snapshot.retention.file.num = 5 (custom)
2019-11-13 17:50:06,583 [pool-47-thread-1] INFO  server.RaftServerConfigKeys (ConfUtils.java:logGet(43)) - raft.server.retrycache.expirytime = 600000ms (custom)
2019-11-13 17:50:06,583 [pool-37-thread-1] INFO  server.RaftServerConfigKeys (ConfUtils.java:logGet(43)) - raft.server.retrycache.expirytime = 600000ms (custom)
2019-11-13 17:50:06,583 [pool-27-thread-1] INFO  impl.RaftServerImpl (RaftServerImpl.java:start(184)) - f9a4fe6a-5564-437b-92eb-0f148c890629@group-705DF63BB164: start as a follower, conf=-1: [bed2cb91-82a6-46d4-b0e6-50d0a1724051:192.168.69.122:33920, f9a4fe6a-5564-437b-92eb-0f148c890629:192.168.69.122:40724, 5a5ea697-a38d-4b37-b996-80d6b57047ee:192.168.69.122:41091], old=null
2019-11-13 17:50:06,583 [pool-37-thread-1] WARN  impl.MetricRegistriesImpl (MetricRegistriesImpl.java:lambda$create$1(61)) - First MetricRegistry has been created without registering reporters. You may need to call MetricRegistries.global().addReportRegistration(...) before.
2019-11-13 17:50:06,583 [pool-47-thread-1] WARN  impl.MetricRegistriesImpl (MetricRegistriesImpl.java:lambda$create$1(61)) - First MetricRegistry has been created without registering reporters. You may need to call MetricRegistries.global().addReportRegistration(...) before.
2019-11-13 17:50:06,584 [pool-37-thread-1] WARN  impl.MetricRegistriesImpl (MetricRegistriesImpl.java:lambda$create$1(61)) - First MetricRegistry has been created without registering reporters. You may need to call MetricRegistries.global().addReportRegistration(...) before.
2019-11-13 17:50:06,583 [pool-27-thread-1] INFO  impl.RaftServerImpl (RaftServerImpl.java:setRole(173)) - f9a4fe6a-5564-437b-92eb-0f148c890629@group-705DF63BB164: changes role from      null to FOLLOWER at term 0 for startAsFollower
2019-11-13 17:50:06,584 [pool-47-thread-1] WARN  impl.MetricRegistriesImpl (MetricRegistriesImpl.java:lambda$create$1(61)) - First MetricRegistry has been created without registering reporters. You may need to call MetricRegistries.global().addReportRegistration(...) before.
2019-11-13 17:50:06,584 [pool-27-thread-1] INFO  impl.RoleInfo (RoleInfo.java:updateAndGet(143)) - f9a4fe6a-5564-437b-92eb-0f148c890629: start FollowerState
2019-11-13 17:50:06,584 [pool-37-thread-1] INFO  impl.RaftServerImpl (RaftServerImpl.java:start(184)) - bed2cb91-82a6-46d4-b0e6-50d0a1724051@group-705DF63BB164: start as a follower, conf=-1: [bed2cb91-82a6-46d4-b0e6-50d0a1724051:192.168.69.122:33920, f9a4fe6a-5564-437b-92eb-0f148c890629:192.168.69.122:40724, 5a5ea697-a38d-4b37-b996-80d6b57047ee:192.168.69.122:41091], old=null
2019-11-13 17:50:06,584 [pool-47-thread-1] INFO  impl.RaftServerImpl (RaftServerImpl.java:start(184)) - 5a5ea697-a38d-4b37-b996-80d6b57047ee@group-705DF63BB164: start as a follower, conf=-1: [bed2cb91-82a6-46d4-b0e6-50d0a1724051:192.168.69.122:33920, f9a4fe6a-5564-437b-92eb-0f148c890629:192.168.69.122:40724, 5a5ea697-a38d-4b37-b996-80d6b57047ee:192.168.69.122:41091], old=null
2019-11-13 17:50:06,584 [pool-37-thread-1] INFO  impl.RaftServerImpl (RaftServerImpl.java:setRole(173)) - bed2cb91-82a6-46d4-b0e6-50d0a1724051@group-705DF63BB164: changes role from      null to FOLLOWER at term 0 for startAsFollower
2019-11-13 17:50:06,585 [pool-47-thread-1] INFO  impl.RaftServerImpl (RaftServerImpl.java:setRole(173)) - 5a5ea697-a38d-4b37-b996-80d6b57047ee@group-705DF63BB164: changes role from      null to FOLLOWER at term 0 for startAsFollower
2019-11-13 17:50:06,585 [pool-27-thread-1] INFO  util.JmxRegister (JmxRegister.java:tryRegister(44)) - Successfully registered JMX Bean with object name Ratis:service=RaftServer,group=group-705DF63BB164,id=f9a4fe6a-5564-437b-92eb-0f148c890629
2019-11-13 17:50:06,585 [pool-37-thread-1] INFO  impl.RoleInfo (RoleInfo.java:updateAndGet(143)) - bed2cb91-82a6-46d4-b0e6-50d0a1724051: start FollowerState
2019-11-13 17:50:06,585 [pool-27-thread-1] WARN  impl.MetricRegistriesImpl (MetricRegistriesImpl.java:lambda$create$1(61)) - First MetricRegistry has been created without registering reporters. You may need to call MetricRegistries.global().addReportRegistration(...) before.
2019-11-13 17:50:06,585 [pool-47-thread-1] INFO  impl.RoleInfo (RoleInfo.java:updateAndGet(143)) - 5a5ea697-a38d-4b37-b996-80d6b57047ee: start FollowerState
2019-11-13 17:50:06,586 [pool-37-thread-1] INFO  util.JmxRegister (JmxRegister.java:tryRegister(44)) - Successfully registered JMX Bean with object name Ratis:service=RaftServer,group=group-705DF63BB164,id=bed2cb91-82a6-46d4-b0e6-50d0a1724051
2019-11-13 17:50:06,586 [pool-37-thread-1] WARN  impl.MetricRegistriesImpl (MetricRegistriesImpl.java:lambda$create$1(61)) - First MetricRegistry has been created without registering reporters. You may need to call MetricRegistries.global().addReportRegistration(...) before.
2019-11-13 17:50:06,586 [pool-47-thread-1] INFO  util.JmxRegister (JmxRegister.java:tryRegister(44)) - Successfully registered JMX Bean with object name Ratis:service=RaftServer,group=group-705DF63BB164,id=5a5ea697-a38d-4b37-b996-80d6b57047ee
2019-11-13 17:50:06,586 [pool-47-thread-1] WARN  impl.MetricRegistriesImpl (MetricRegistriesImpl.java:lambda$create$1(61)) - First MetricRegistry has been created without registering reporters. You may need to call MetricRegistries.global().addReportRegistration(...) before.
2019-11-13 17:50:06,606 [RatisPipelineUtilsThread] INFO  pipeline.PipelineStateManager (PipelineStateManager.java:addPipeline(55)) - Created pipeline Pipeline[ Id: c7a6eeb0-67f7-4379-8de6-705df63bb164, Nodes: bed2cb91-82a6-46d4-b0e6-50d0a1724051{ip: 192.168.69.122, host: pr-hdds-2467-gc456-181853687, networkLocation: /default-rack, certSerialId: null}5a5ea697-a38d-4b37-b996-80d6b57047ee{ip: 192.168.69.122, host: pr-hdds-2467-gc456-181853687, networkLocation: /default-rack, certSerialId: null}f9a4fe6a-5564-437b-92eb-0f148c890629{ip: 192.168.69.122, host: pr-hdds-2467-gc456-181853687, networkLocation: /default-rack, certSerialId: null}, Type:RATIS, Factor:THREE, State:ALLOCATED]
2019-11-13 17:50:06,608 [main] INFO  ozone.MiniOzoneClusterImpl (MiniOzoneClusterImpl.java:lambda$waitForClusterToBeReady$2(163)) - Waiting for 4 number of pipelines out of 4, to report a leader.
2019-11-13 17:50:07,608 [main] INFO  ozone.MiniOzoneClusterImpl (MiniOzoneClusterImpl.java:lambda$waitForClusterToBeReady$2(163)) - Waiting for 4 number of pipelines out of 4, to report a leader.
2019-11-13 17:50:07,633 [Thread-178] INFO  container.ReplicationManager (ReplicationManager.java:start(162)) - Starting Replication Monitor Thread.
2019-11-13 17:50:07,636 [Thread-178] INFO  pipeline.SCMPipelineManager (SCMPipelineManager.java:finalizeAndDestroyPipeline(315)) - destroying pipeline:Pipeline[ Id: aabaf42f-5e26-40bb-9f40-33a0609a5ae1, Nodes: 5a5ea697-a38d-4b37-b996-80d6b57047ee{ip: 192.168.69.122, host: pr-hdds-2467-gc456-181853687, networkLocation: /default-rack, certSerialId: null}, Type:RATIS, Factor:ONE, State:ALLOCATED]
2019-11-13 17:50:07,636 [ReplicationMonitor] INFO  container.ReplicationManager (ReplicationManager.java:run(225)) - Replication Monitor Thread took 1 milliseconds for processing 0 containers.
2019-11-13 17:50:07,637 [Thread-178] INFO  pipeline.PipelineStateManager (PipelineStateManager.java:finalizePipeline(121)) - Pipeline Pipeline[ Id: aabaf42f-5e26-40bb-9f40-33a0609a5ae1, Nodes: 5a5ea697-a38d-4b37-b996-80d6b57047ee{ip: 192.168.69.122, host: pr-hdds-2467-gc456-181853687, networkLocation: /default-rack, certSerialId: null}, Type:RATIS, Factor:ONE, State:CLOSED] moved to CLOSED state
2019-11-13 17:50:07,658 [grpc-default-executor-1] INFO  impl.RaftServerProxy (RaftServerProxy.java:remove(95)) - 5a5ea697-a38d-4b37-b996-80d6b57047ee: remove  FOLLOWER 5a5ea697-a38d-4b37-b996-80d6b57047ee@group-33A0609A5AE1:t0, leader=null, voted=null, raftlog=5a5ea697-a38d-4b37-b996-80d6b57047ee@group-33A0609A5AE1-SegmentedRaftLog:OPENED:c-1,f-1,i0, conf=-1: [5a5ea697-a38d-4b37-b996-80d6b57047ee:192.168.69.122:41091], old=null RUNNING
2019-11-13 17:50:07,660 [grpc-default-executor-1] INFO  impl.RaftServerImpl (RaftServerImpl.java:lambda$shutdown$3(250)) - 5a5ea697-a38d-4b37-b996-80d6b57047ee@group-33A0609A5AE1: shutdown
2019-11-13 17:50:07,661 [grpc-default-executor-1] INFO  util.JmxRegister (JmxRegister.java:unregister(73)) - Successfully un-registered JMX Bean with object name Ratis:service=RaftServer,group=group-33A0609A5AE1,id=5a5ea697-a38d-4b37-b996-80d6b57047ee
2019-11-13 17:50:07,661 [grpc-default-executor-1] INFO  impl.RoleInfo (RoleInfo.java:shutdownFollowerState(121)) - 5a5ea697-a38d-4b37-b996-80d6b57047ee: shutdown FollowerState
2019-11-13 17:50:07,661 [grpc-default-executor-1] INFO  impl.StateMachineUpdater (StateMachineUpdater.java:stopAndJoin(136)) - 5a5ea697-a38d-4b37-b996-80d6b57047ee@group-33A0609A5AE1-StateMachineUpdater: set stopIndex = -1
2019-11-13 17:50:07,661 [Thread-186] INFO  impl.FollowerState (FollowerState.java:run(120)) - 5a5ea697-a38d-4b37-b996-80d6b57047ee@group-33A0609A5AE1-FollowerState was interrupted: java.lang.InterruptedException: sleep interrupted
2019-11-13 17:50:07,662 [grpc-default-executor-1] INFO  impl.RaftServerImpl (ServerState.java:close(387)) - 5a5ea697-a38d-4b37-b996-80d6b57047ee@group-33A0609A5AE1: closes. applyIndex: -1
2019-11-13 17:50:07,666 [5a5ea697-a38d-4b37-b996-80d6b57047ee@group-33A0609A5AE1-SegmentedRaftLogWorker] INFO  segmented.SegmentedRaftLogWorker (SegmentedRaftLogWorker.java:run(316)) - 5a5ea697-a38d-4b37-b996-80d6b57047ee@group-33A0609A5AE1-SegmentedRaftLogWorker was interrupted, exiting. There are 0 tasks remaining in the queue.
2019-11-13 17:50:07,668 [grpc-default-executor-1] INFO  segmented.SegmentedRaftLogWorker (SegmentedRaftLogWorker.java:close(224)) - 5a5ea697-a38d-4b37-b996-80d6b57047ee@group-33A0609A5AE1-SegmentedRaftLogWorker close()
2019-11-13 17:50:07,683 [Thread-178] INFO  pipeline.PipelineStateManager (PipelineStateManager.java:removePipeline(106)) - Pipeline Pipeline[ Id: aabaf42f-5e26-40bb-9f40-33a0609a5ae1, Nodes: 5a5ea697-a38d-4b37-b996-80d6b57047ee{ip: 192.168.69.122, host: pr-hdds-2467-gc456-181853687, networkLocation: /default-rack, certSerialId: null}, Type:RATIS, Factor:ONE, State:CLOSED] removed from db
2019-11-13 17:50:07,684 [Thread-178] INFO  pipeline.SCMPipelineManager (SCMPipelineManager.java:finalizeAndDestroyPipeline(315)) - destroying pipeline:Pipeline[ Id: dffd6916-f394-4b5b-be34-11683cb720b8, Nodes: bed2cb91-82a6-46d4-b0e6-50d0a1724051{ip: 192.168.69.122, host: pr-hdds-2467-gc456-181853687, networkLocation: /default-rack, certSerialId: null}, Type:RATIS, Factor:ONE, State:ALLOCATED]
2019-11-13 17:50:07,694 [grpc-default-executor-1] INFO  impl.RaftServerProxy (RaftServerProxy.java:addNew(89)) - 5a5ea697-a38d-4b37-b996-80d6b57047ee: addNew group-4D2298DD575D:[5a5ea697-a38d-4b37-b996-80d6b57047ee:192.168.69.122:41091] returns group-4D2298DD575D:java.util.concurrent.CompletableFuture@7bfe656c[Not completed]
2019-11-13 17:50:07,697 [pool-47-thread-1] INFO  impl.RaftServerImpl (RaftServerImpl.java:<init>(98)) - 5a5ea697-a38d-4b37-b996-80d6b57047ee: new RaftServerImpl for group-4D2298DD575D:[5a5ea697-a38d-4b37-b996-80d6b57047ee:192.168.69.122:41091] with ContainerStateMachine:uninitialized
2019-11-13 17:50:07,697 [pool-47-thread-1] INFO  server.RaftServerConfigKeys (ConfUtils.java:logGet(43)) - raft.server.rpc.timeout.min = 5s (custom)
2019-11-13 17:50:07,697 [pool-47-thread-1] INFO  server.RaftServerConfigKeys (ConfUtils.java:logGet(43)) - raft.server.rpc.timeout.max = 5200ms (custom)
2019-11-13 17:50:07,697 [pool-47-thread-1] INFO  server.RaftServerConfigKeys (ConfUtils.java:logGet(43)) - raft.server.rpcslowness.timeout = 120s (custom)
2019-11-13 17:50:07,697 [pool-47-thread-1] INFO  server.RaftServerConfigKeys (ConfUtils.java:logGet(43)) - raft.server.sleep.deviation.threshold = 300 (default)
2019-11-13 17:50:07,697 [pool-47-thread-1] INFO  server.RaftServerConfigKeys (ConfUtils.java:logGet(43)) - raft.server.log.appender.install.snapshot.enabled = false (custom)
2019-11-13 17:50:07,698 [pool-47-thread-1] INFO  impl.RaftServerImpl (ServerState.java:<init>(103)) - 5a5ea697-a38d-4b37-b996-80d6b57047ee@group-4D2298DD575D: ConfigurationManager, init=-1: [5a5ea697-a38d-4b37-b996-80d6b57047ee:192.168.69.122:41091], old=null, confs=<EMPTY_MAP>
2019-11-13 17:50:07,698 [pool-47-thread-1] INFO  server.RaftServerConfigKeys (ConfUtils.java:logGet(43)) - raft.server.storage.dir = [/workdir/hadoop-ozone/tools/target/test-dir/MiniOzoneClusterImpl-31c51053-f4bb-4924-8f23-fc5f70fd2f8a/datanode-2/data/ratis] (custom)
2019-11-13 17:50:07,698 [pool-47-thread-1] INFO  server.RaftServerConfigKeys (ConfUtils.java:logGet(43)) - raft.server.log.corruption.policy = EXCEPTION (default)
2019-11-13 17:50:07,698 [pool-47-thread-1] INFO  storage.RaftStorageDirectory (RaftStorageDirectory.java:analyzeStorage(246)) - The storage directory /workdir/hadoop-ozone/tools/target/test-dir/MiniOzoneClusterImpl-31c51053-f4bb-4924-8f23-fc5f70fd2f8a/datanode-2/data/ratis/984fd82d-c55c-46bc-9bdb-4d2298dd575d does not exist. Creating ...
2019-11-13 17:50:07,722 [pool-47-thread-1] INFO  storage.RaftStorageDirectory (RaftStorageDirectory.java:tryLock(328)) - Lock on /workdir/hadoop-ozone/tools/target/test-dir/MiniOzoneClusterImpl-31c51053-f4bb-4924-8f23-fc5f70fd2f8a/datanode-2/data/ratis/984fd82d-c55c-46bc-9bdb-4d2298dd575d/in_use.lock acquired by nodename 21664@pr-hdds-2467-gc456-181853687
2019-11-13 17:50:07,796 [pool-47-thread-1] INFO  storage.RaftStorage (RaftStorage.java:format(84)) - Storage directory /workdir/hadoop-ozone/tools/target/test-dir/MiniOzoneClusterImpl-31c51053-f4bb-4924-8f23-fc5f70fd2f8a/datanode-2/data/ratis/984fd82d-c55c-46bc-9bdb-4d2298dd575d has been successfully formatted.
2019-11-13 17:50:07,796 [pool-47-thread-1] INFO  ratis.ContainerStateMachine (ContainerStateMachine.java:loadSnapshot(223)) - group-4D2298DD575D: The snapshot info is null. Setting the last applied indexto:(t:0, i:~)
2019-11-13 17:50:07,796 [pool-47-thread-1] INFO  server.RaftServerConfigKeys (ConfUtils.java:logGet(43)) - raft.server.notification.no-leader.timeout = 120s (custom)
2019-11-13 17:50:07,797 [pool-47-thread-1] INFO  server.RaftServerConfigKeys (ConfUtils.java:logGet(43)) - raft.server.log.use.memory = false (default)
2019-11-13 17:50:07,797 [pool-47-thread-1] INFO  server.RaftServerConfigKeys (ConfUtils.java:logGet(43)) - raft.server.log.purge.gap = 1000000 (custom)
2019-11-13 17:50:07,797 [pool-47-thread-1] INFO  server.RaftServerConfigKeys (ConfUtils.java:logGet(43)) - raft.server.log.appender.buffer.byte-limit = 33554432 (custom)
2019-11-13 17:50:07,797 [pool-47-thread-1] INFO  server.RaftServerConfigKeys (ConfUtils.java:logGet(43)) - raft.server.log.segment.size.max = 1048576 (custom)
2019-11-13 17:50:07,797 [pool-47-thread-1] INFO  server.RaftServerConfigKeys (ConfUtils.java:logGet(43)) - raft.server.log.segment.cache.num.max = 2 (custom)
2019-11-13 17:50:07,798 [pool-47-thread-1] INFO  segmented.SegmentedRaftLogWorker (SegmentedRaftLogWorker.java:<init>(173)) - new 5a5ea697-a38d-4b37-b996-80d6b57047ee@group-4D2298DD575D-SegmentedRaftLogWorker for RaftStorage:Storage Directory /workdir/hadoop-ozone/tools/target/test-dir/MiniOzoneClusterImpl-31c51053-f4bb-4924-8f23-fc5f70fd2f8a/datanode-2/data/ratis/984fd82d-c55c-46bc-9bdb-4d2298dd575d
2019-11-13 17:50:07,798 [pool-47-thread-1] INFO  server.RaftServerConfigKeys (ConfUtils.java:logGet(43)) - raft.server.log.queue.byte-limit = 2147483647 (custom)
2019-11-13 17:50:07,798 [pool-47-thread-1] INFO  server.RaftServerConfigKeys (ConfUtils.java:logGet(43)) - raft.server.log.queue.element-limit = 1024 (custom)
2019-11-13 17:50:07,798 [pool-47-thread-1] INFO  server.RaftServerConfigKeys (ConfUtils.java:logGet(43)) - raft.server.log.segment.size.max = 1048576 (custom)
2019-11-13 17:50:07,798 [pool-47-thread-1] INFO  server.RaftServerConfigKeys (ConfUtils.java:logGet(43)) - raft.server.log.preallocated.size = 16384 (custom)
2019-11-13 17:50:07,799 [pool-47-thread-1] INFO  server.RaftServerConfigKeys (ConfUtils.java:logGet(43)) - raft.server.log.write.buffer.size = 33554432 (custom)
2019-11-13 17:50:07,799 [pool-47-thread-1] INFO  server.RaftServerConfigKeys (ConfUtils.java:logGet(43)) - raft.server.log.force.sync.num = 128 (default)
2019-11-13 17:50:07,799 [pool-47-thread-1] INFO  server.RaftServerConfigKeys (ConfUtils.java:logGet(43)) - raft.server.log.statemachine.data.sync = true (default)
2019-11-13 17:50:07,799 [pool-47-thread-1] INFO  server.RaftServerConfigKeys (ConfUtils.java:logGet(43)) - raft.server.log.statemachine.data.sync.timeout = 10s (default)
2019-11-13 17:50:07,799 [pool-47-thread-1] INFO  server.RaftServerConfigKeys (ConfUtils.java:logGet(43)) - raft.server.log.statemachine.data.sync.timeout.retry = -1 (default)
2019-11-13 17:50:07,800 [pool-47-thread-1] INFO  server.RaftServerConfigKeys (ConfUtils.java:logGet(43)) - raft.server.log.statemachine.data.caching.enabled = true (custom)
2019-11-13 17:50:07,800 [pool-47-thread-1] INFO  segmented.SegmentedRaftLogWorker (SegmentedRaftLogWorker.java:lambda$new$0(128)) - 5a5ea697-a38d-4b37-b996-80d6b57047ee@group-4D2298DD575D-SegmentedRaftLogWorker: flushIndex: setUnconditionally 0 -> -1
2019-11-13 17:50:07,800 [pool-47-thread-1] INFO  server.RaftServerConfigKeys (ConfUtils.java:logGet(43)) - raft.server.snapshot.auto.trigger.enabled = true (custom)
2019-11-13 17:50:07,801 [pool-47-thread-1] INFO  server.RaftServerConfigKeys (ConfUtils.java:logGet(43)) - raft.server.snapshot.auto.trigger.threshold = 10000 (custom)
2019-11-13 17:50:07,801 [pool-47-thread-1] INFO  server.RaftServerConfigKeys (ConfUtils.java:logGet(43)) - raft.server.snapshot.retention.file.num = 5 (custom)
2019-11-13 17:50:07,801 [pool-47-thread-1] INFO  server.RaftServerConfigKeys (ConfUtils.java:logGet(43)) - raft.server.retrycache.expirytime = 600000ms (custom)
2019-11-13 17:50:07,801 [pool-47-thread-1] WARN  impl.MetricRegistriesImpl (MetricRegistriesImpl.java:lambda$create$1(61)) - First MetricRegistry has been created without registering reporters. You may need to call MetricRegistries.global().addReportRegistration(...) before.
2019-11-13 17:50:07,801 [pool-47-thread-1] WARN  impl.MetricRegistriesImpl (MetricRegistriesImpl.java:lambda$create$1(61)) - First MetricRegistry has been created without registering reporters. You may need to call MetricRegistries.global().addReportRegistration(...) before.
2019-11-13 17:50:07,802 [pool-47-thread-1] INFO  impl.RaftServerImpl (RaftServerImpl.java:start(184)) - 5a5ea697-a38d-4b37-b996-80d6b57047ee@group-4D2298DD575D: start as a follower, conf=-1: [5a5ea697-a38d-4b37-b996-80d6b57047ee:192.168.69.122:41091], old=null
2019-11-13 17:50:07,802 [pool-47-thread-1] INFO  impl.RaftServerImpl (RaftServerImpl.java:setRole(173)) - 5a5ea697-a38d-4b37-b996-80d6b57047ee@group-4D2298DD575D: changes role from      null to FOLLOWER at term 0 for startAsFollower
2019-11-13 17:50:07,802 [pool-47-thread-1] INFO  impl.RoleInfo (RoleInfo.java:updateAndGet(143)) - 5a5ea697-a38d-4b37-b996-80d6b57047ee: start FollowerState
2019-11-13 17:50:07,803 [pool-47-thread-1] INFO  util.JmxRegister (JmxRegister.java:tryRegister(44)) - Successfully registered JMX Bean with object name Ratis:service=RaftServer,group=group-4D2298DD575D,id=5a5ea697-a38d-4b37-b996-80d6b57047ee
2019-11-13 17:50:07,803 [pool-47-thread-1] WARN  impl.MetricRegistriesImpl (MetricRegistriesImpl.java:lambda$create$1(61)) - First MetricRegistry has been created without registering reporters. You may need to call MetricRegistries.global().addReportRegistration(...) before.
2019-11-13 17:50:07,811 [RatisPipelineUtilsThread] INFO  pipeline.PipelineStateManager (PipelineStateManager.java:addPipeline(55)) - Created pipeline Pipeline[ Id: 984fd82d-c55c-46bc-9bdb-4d2298dd575d, Nodes: 5a5ea697-a38d-4b37-b996-80d6b57047ee{ip: 192.168.69.122, host: pr-hdds-2467-gc456-181853687, networkLocation: /default-rack, certSerialId: null}, Type:RATIS, Factor:ONE, State:ALLOCATED]
2019-11-13 17:50:07,812 [Thread-178] INFO  pipeline.PipelineStateManager (PipelineStateManager.java:finalizePipeline(121)) - Pipeline Pipeline[ Id: dffd6916-f394-4b5b-be34-11683cb720b8, Nodes: bed2cb91-82a6-46d4-b0e6-50d0a1724051{ip: 192.168.69.122, host: pr-hdds-2467-gc456-181853687, networkLocation: /default-rack, certSerialId: null}, Type:RATIS, Factor:ONE, State:CLOSED] moved to CLOSED state
2019-11-13 17:50:07,823 [grpc-default-executor-1] INFO  impl.RaftServerProxy (RaftServerProxy.java:remove(95)) - bed2cb91-82a6-46d4-b0e6-50d0a1724051: remove  FOLLOWER bed2cb91-82a6-46d4-b0e6-50d0a1724051@group-11683CB720B8:t0, leader=null, voted=null, raftlog=bed2cb91-82a6-46d4-b0e6-50d0a1724051@group-11683CB720B8-SegmentedRaftLog:OPENED:c-1,f-1,i0, conf=-1: [bed2cb91-82a6-46d4-b0e6-50d0a1724051:192.168.69.122:33920], old=null RUNNING
2019-11-13 17:50:07,823 [grpc-default-executor-1] INFO  impl.RaftServerImpl (RaftServerImpl.java:lambda$shutdown$3(250)) - bed2cb91-82a6-46d4-b0e6-50d0a1724051@group-11683CB720B8: shutdown
2019-11-13 17:50:07,823 [grpc-default-executor-1] INFO  util.JmxRegister (JmxRegister.java:unregister(73)) - Successfully un-registered JMX Bean with object name Ratis:service=RaftServer,group=group-11683CB720B8,id=bed2cb91-82a6-46d4-b0e6-50d0a1724051
2019-11-13 17:50:07,823 [grpc-default-executor-1] INFO  impl.RoleInfo (RoleInfo.java:shutdownFollowerState(121)) - bed2cb91-82a6-46d4-b0e6-50d0a1724051: shutdown FollowerState
2019-11-13 17:50:07,824 [grpc-default-executor-1] INFO  impl.StateMachineUpdater (StateMachineUpdater.java:stopAndJoin(136)) - bed2cb91-82a6-46d4-b0e6-50d0a1724051@group-11683CB720B8-StateMachineUpdater: set stopIndex = -1
2019-11-13 17:50:07,824 [Thread-183] INFO  impl.FollowerState (FollowerState.java:run(120)) - bed2cb91-82a6-46d4-b0e6-50d0a1724051@group-11683CB720B8-FollowerState was interrupted: java.lang.InterruptedException: sleep interrupted
2019-11-13 17:50:07,826 [grpc-default-executor-1] INFO  impl.RaftServerImpl (ServerState.java:close(387)) - bed2cb91-82a6-46d4-b0e6-50d0a1724051@group-11683CB720B8: closes. applyIndex: -1
2019-11-13 17:50:07,826 [bed2cb91-82a6-46d4-b0e6-50d0a1724051@group-11683CB720B8-SegmentedRaftLogWorker] INFO  segmented.SegmentedRaftLogWorker (SegmentedRaftLogWorker.java:run(316)) - bed2cb91-82a6-46d4-b0e6-50d0a1724051@group-11683CB720B8-SegmentedRaftLogWorker was interrupted, exiting. There are 0 tasks remaining in the queue.
2019-11-13 17:50:07,826 [grpc-default-executor-1] INFO  segmented.SegmentedRaftLogWorker (SegmentedRaftLogWorker.java:close(224)) - bed2cb91-82a6-46d4-b0e6-50d0a1724051@group-11683CB720B8-SegmentedRaftLogWorker close()
2019-11-13 17:50:07,836 [Thread-178] INFO  pipeline.PipelineStateManager (PipelineStateManager.java:removePipeline(106)) - Pipeline Pipeline[ Id: dffd6916-f394-4b5b-be34-11683cb720b8, Nodes: bed2cb91-82a6-46d4-b0e6-50d0a1724051{ip: 192.168.69.122, host: pr-hdds-2467-gc456-181853687, networkLocation: /default-rack, certSerialId: null}, Type:RATIS, Factor:ONE, State:CLOSED] removed from db
2019-11-13 17:50:07,836 [Thread-178] INFO  pipeline.SCMPipelineManager (SCMPipelineManager.java:finalizeAndDestroyPipeline(315)) - destroying pipeline:Pipeline[ Id: c7a6eeb0-67f7-4379-8de6-705df63bb164, Nodes: bed2cb91-82a6-46d4-b0e6-50d0a1724051{ip: 192.168.69.122, host: pr-hdds-2467-gc456-181853687, networkLocation: /default-rack, certSerialId: null}5a5ea697-a38d-4b37-b996-80d6b57047ee{ip: 192.168.69.122, host: pr-hdds-2467-gc456-181853687, networkLocation: /default-rack, certSerialId: null}f9a4fe6a-5564-437b-92eb-0f148c890629{ip: 192.168.69.122, host: pr-hdds-2467-gc456-181853687, networkLocation: /default-rack, certSerialId: null}, Type:RATIS, Factor:THREE, State:ALLOCATED]
2019-11-13 17:50:07,848 [grpc-default-executor-1] INFO  impl.RaftServerProxy (RaftServerProxy.java:addNew(89)) - bed2cb91-82a6-46d4-b0e6-50d0a1724051: addNew group-E6CCC7D1F3B0:[bed2cb91-82a6-46d4-b0e6-50d0a1724051:192.168.69.122:33920] returns group-E6CCC7D1F3B0:java.util.concurrent.CompletableFuture@75977c88[Not completed]
2019-11-13 17:50:07,849 [pool-37-thread-1] INFO  impl.RaftServerImpl (RaftServerImpl.java:<init>(98)) - bed2cb91-82a6-46d4-b0e6-50d0a1724051: new RaftServerImpl for group-E6CCC7D1F3B0:[bed2cb91-82a6-46d4-b0e6-50d0a1724051:192.168.69.122:33920] with ContainerStateMachine:uninitialized
2019-11-13 17:50:07,850 [pool-37-thread-1] INFO  server.RaftServerConfigKeys (ConfUtils.java:logGet(43)) - raft.server.rpc.timeout.min = 5s (custom)
2019-11-13 17:50:07,850 [pool-37-thread-1] INFO  server.RaftServerConfigKeys (ConfUtils.java:logGet(43)) - raft.server.rpc.timeout.max = 5200ms (custom)
2019-11-13 17:50:07,851 [pool-37-thread-1] INFO  server.RaftServerConfigKeys (ConfUtils.java:logGet(43)) - raft.server.rpcslowness.timeout = 120s (custom)
2019-11-13 17:50:07,851 [pool-37-thread-1] INFO  server.RaftServerConfigKeys (ConfUtils.java:logGet(43)) - raft.server.sleep.deviation.threshold = 300 (default)
2019-11-13 17:50:07,851 [pool-37-thread-1] INFO  server.RaftServerConfigKeys (ConfUtils.java:logGet(43)) - raft.server.log.appender.install.snapshot.enabled = false (custom)
2019-11-13 17:50:07,851 [pool-37-thread-1] INFO  impl.RaftServerImpl (ServerState.java:<init>(103)) - bed2cb91-82a6-46d4-b0e6-50d0a1724051@group-E6CCC7D1F3B0: ConfigurationManager, init=-1: [bed2cb91-82a6-46d4-b0e6-50d0a1724051:192.168.69.122:33920], old=null, confs=<EMPTY_MAP>
2019-11-13 17:50:07,851 [pool-37-thread-1] INFO  server.RaftServerConfigKeys (ConfUtils.java:logGet(43)) - raft.server.storage.dir = [/workdir/hadoop-ozone/tools/target/test-dir/MiniOzoneClusterImpl-31c51053-f4bb-4924-8f23-fc5f70fd2f8a/datanode-1/data/ratis] (custom)
2019-11-13 17:50:07,852 [pool-37-thread-1] INFO  server.RaftServerConfigKeys (ConfUtils.java:logGet(43)) - raft.server.log.corruption.policy = EXCEPTION (default)
2019-11-13 17:50:07,852 [pool-37-thread-1] INFO  storage.RaftStorageDirectory (RaftStorageDirectory.java:analyzeStorage(246)) - The storage directory /workdir/hadoop-ozone/tools/target/test-dir/MiniOzoneClusterImpl-31c51053-f4bb-4924-8f23-fc5f70fd2f8a/datanode-1/data/ratis/46e3f977-8665-4014-9bd7-e6ccc7d1f3b0 does not exist. Creating ...
2019-11-13 17:50:07,890 [pool-37-thread-1] INFO  storage.RaftStorageDirectory (RaftStorageDirectory.java:tryLock(328)) - Lock on /workdir/hadoop-ozone/tools/target/test-dir/MiniOzoneClusterImpl-31c51053-f4bb-4924-8f23-fc5f70fd2f8a/datanode-1/data/ratis/46e3f977-8665-4014-9bd7-e6ccc7d1f3b0/in_use.lock acquired by nodename 21664@pr-hdds-2467-gc456-181853687
2019-11-13 17:50:07,912 [pool-37-thread-1] INFO  storage.RaftStorage (RaftStorage.java:format(84)) - Storage directory /workdir/hadoop-ozone/tools/target/test-dir/MiniOzoneClusterImpl-31c51053-f4bb-4924-8f23-fc5f70fd2f8a/datanode-1/data/ratis/46e3f977-8665-4014-9bd7-e6ccc7d1f3b0 has been successfully formatted.
2019-11-13 17:50:07,912 [pool-37-thread-1] INFO  ratis.ContainerStateMachine (ContainerStateMachine.java:loadSnapshot(223)) - group-E6CCC7D1F3B0: The snapshot info is null. Setting the last applied indexto:(t:0, i:~)
2019-11-13 17:50:07,913 [pool-37-thread-1] INFO  server.RaftServerConfigKeys (ConfUtils.java:logGet(43)) - raft.server.notification.no-leader.timeout = 120s (custom)
2019-11-13 17:50:07,913 [pool-37-thread-1] INFO  server.RaftServerConfigKeys (ConfUtils.java:logGet(43)) - raft.server.log.use.memory = false (default)
2019-11-13 17:50:07,913 [pool-37-thread-1] INFO  server.RaftServerConfigKeys (ConfUtils.java:logGet(43)) - raft.server.log.purge.gap = 1000000 (custom)
2019-11-13 17:50:07,913 [pool-37-thread-1] INFO  server.RaftServerConfigKeys (ConfUtils.java:logGet(43)) - raft.server.log.appender.buffer.byte-limit = 33554432 (custom)
2019-11-13 17:50:07,913 [pool-37-thread-1] INFO  server.RaftServerConfigKeys (ConfUtils.java:logGet(43)) - raft.server.log.segment.size.max = 1048576 (custom)
2019-11-13 17:50:07,914 [pool-37-thread-1] INFO  server.RaftServerConfigKeys (ConfUtils.java:logGet(43)) - raft.server.log.segment.cache.num.max = 2 (custom)
2019-11-13 17:50:07,914 [pool-37-thread-1] INFO  segmented.SegmentedRaftLogWorker (SegmentedRaftLogWorker.java:<init>(173)) - new bed2cb91-82a6-46d4-b0e6-50d0a1724051@group-E6CCC7D1F3B0-SegmentedRaftLogWorker for RaftStorage:Storage Directory /workdir/hadoop-ozone/tools/target/test-dir/MiniOzoneClusterImpl-31c51053-f4bb-4924-8f23-fc5f70fd2f8a/datanode-1/data/ratis/46e3f977-8665-4014-9bd7-e6ccc7d1f3b0
2019-11-13 17:50:07,914 [pool-37-thread-1] INFO  server.RaftServerConfigKeys (ConfUtils.java:logGet(43)) - raft.server.log.queue.byte-limit = 2147483647 (custom)
2019-11-13 17:50:07,914 [pool-37-thread-1] INFO  server.RaftServerConfigKeys (ConfUtils.java:logGet(43)) - raft.server.log.queue.element-limit = 1024 (custom)
2019-11-13 17:50:07,914 [pool-37-thread-1] INFO  server.RaftServerConfigKeys (ConfUtils.java:logGet(43)) - raft.server.log.segment.size.max = 1048576 (custom)
2019-11-13 17:50:07,914 [pool-37-thread-1] INFO  server.RaftServerConfigKeys (ConfUtils.java:logGet(43)) - raft.server.log.preallocated.size = 16384 (custom)
2019-11-13 17:50:07,914 [pool-37-thread-1] INFO  server.RaftServerConfigKeys (ConfUtils.java:logGet(43)) - raft.server.log.write.buffer.size = 33554432 (custom)
2019-11-13 17:50:07,915 [pool-37-thread-1] INFO  server.RaftServerConfigKeys (ConfUtils.java:logGet(43)) - raft.server.log.force.sync.num = 128 (default)
2019-11-13 17:50:07,915 [pool-37-thread-1] INFO  server.RaftServerConfigKeys (ConfUtils.java:logGet(43)) - raft.server.log.statemachine.data.sync = true (default)
2019-11-13 17:50:07,915 [pool-37-thread-1] INFO  server.RaftServerConfigKeys (ConfUtils.java:logGet(43)) - raft.server.log.statemachine.data.sync.timeout = 10s (default)
2019-11-13 17:50:07,915 [pool-37-thread-1] INFO  server.RaftServerConfigKeys (ConfUtils.java:logGet(43)) - raft.server.log.statemachine.data.sync.timeout.retry = -1 (default)
2019-11-13 17:50:07,915 [pool-37-thread-1] INFO  server.RaftServerConfigKeys (ConfUtils.java:logGet(43)) - raft.server.log.statemachine.data.caching.enabled = true (custom)
2019-11-13 17:50:07,916 [pool-37-thread-1] INFO  segmented.SegmentedRaftLogWorker (SegmentedRaftLogWorker.java:lambda$new$0(128)) - bed2cb91-82a6-46d4-b0e6-50d0a1724051@group-E6CCC7D1F3B0-SegmentedRaftLogWorker: flushIndex: setUnconditionally 0 -> -1
2019-11-13 17:50:07,916 [pool-37-thread-1] INFO  server.RaftServerConfigKeys (ConfUtils.java:logGet(43)) - raft.server.snapshot.auto.trigger.enabled = true (custom)
2019-11-13 17:50:07,916 [pool-37-thread-1] INFO  server.RaftServerConfigKeys (ConfUtils.java:logGet(43)) - raft.server.snapshot.auto.trigger.threshold = 10000 (custom)
2019-11-13 17:50:07,916 [pool-37-thread-1] INFO  server.RaftServerConfigKeys (ConfUtils.java:logGet(43)) - raft.server.snapshot.retention.file.num = 5 (custom)
2019-11-13 17:50:07,917 [pool-37-thread-1] INFO  server.RaftServerConfigKeys (ConfUtils.java:logGet(43)) - raft.server.retrycache.expirytime = 600000ms (custom)
2019-11-13 17:50:07,917 [pool-37-thread-1] WARN  impl.MetricRegistriesImpl (MetricRegistriesImpl.java:lambda$create$1(61)) - First MetricRegistry has been created without registering reporters. You may need to call MetricRegistries.global().addReportRegistration(...) before.
2019-11-13 17:50:07,917 [pool-37-thread-1] WARN  impl.MetricRegistriesImpl (MetricRegistriesImpl.java:lambda$create$1(61)) - First MetricRegistry has been created without registering reporters. You may need to call MetricRegistries.global().addReportRegistration(...) before.
2019-11-13 17:50:07,917 [pool-37-thread-1] INFO  impl.RaftServerImpl (RaftServerImpl.java:start(184)) - bed2cb91-82a6-46d4-b0e6-50d0a1724051@group-E6CCC7D1F3B0: start as a follower, conf=-1: [bed2cb91-82a6-46d4-b0e6-50d0a1724051:192.168.69.122:33920], old=null
2019-11-13 17:50:07,917 [pool-37-thread-1] INFO  impl.RaftServerImpl (RaftServerImpl.java:setRole(173)) - bed2cb91-82a6-46d4-b0e6-50d0a1724051@group-E6CCC7D1F3B0: changes role from      null to FOLLOWER at term 0 for startAsFollower
2019-11-13 17:50:07,918 [pool-37-thread-1] INFO  impl.RoleInfo (RoleInfo.java:updateAndGet(143)) - bed2cb91-82a6-46d4-b0e6-50d0a1724051: start FollowerState
2019-11-13 17:50:07,918 [pool-37-thread-1] INFO  util.JmxRegister (JmxRegister.java:tryRegister(44)) - Successfully registered JMX Bean with object name Ratis:service=RaftServer,group=group-E6CCC7D1F3B0,id=bed2cb91-82a6-46d4-b0e6-50d0a1724051
2019-11-13 17:50:07,918 [pool-37-thread-1] WARN  impl.MetricRegistriesImpl (MetricRegistriesImpl.java:lambda$create$1(61)) - First MetricRegistry has been created without registering reporters. You may need to call MetricRegistries.global().addReportRegistration(...) before.
2019-11-13 17:50:07,926 [RatisPipelineUtilsThread] INFO  pipeline.PipelineStateManager (PipelineStateManager.java:addPipeline(55)) - Created pipeline Pipeline[ Id: 46e3f977-8665-4014-9bd7-e6ccc7d1f3b0, Nodes: bed2cb91-82a6-46d4-b0e6-50d0a1724051{ip: 192.168.69.122, host: pr-hdds-2467-gc456-181853687, networkLocation: /default-rack, certSerialId: null}, Type:RATIS, Factor:ONE, State:ALLOCATED]
2019-11-13 17:50:07,928 [Thread-178] INFO  pipeline.PipelineStateManager (PipelineStateManager.java:finalizePipeline(121)) - Pipeline Pipeline[ Id: c7a6eeb0-67f7-4379-8de6-705df63bb164, Nodes: bed2cb91-82a6-46d4-b0e6-50d0a1724051{ip: 192.168.69.122, host: pr-hdds-2467-gc456-181853687, networkLocation: /default-rack, certSerialId: null}5a5ea697-a38d-4b37-b996-80d6b57047ee{ip: 192.168.69.122, host: pr-hdds-2467-gc456-181853687, networkLocation: /default-rack, certSerialId: null}f9a4fe6a-5564-437b-92eb-0f148c890629{ip: 192.168.69.122, host: pr-hdds-2467-gc456-181853687, networkLocation: /default-rack, certSerialId: null}, Type:RATIS, Factor:THREE, State:CLOSED] moved to CLOSED state
2019-11-13 17:50:07,939 [grpc-default-executor-1] INFO  impl.RaftServerProxy (RaftServerProxy.java:remove(95)) - bed2cb91-82a6-46d4-b0e6-50d0a1724051: remove  FOLLOWER bed2cb91-82a6-46d4-b0e6-50d0a1724051@group-705DF63BB164:t0, leader=null, voted=null, raftlog=bed2cb91-82a6-46d4-b0e6-50d0a1724051@group-705DF63BB164-SegmentedRaftLog:OPENED:c-1,f-1,i0, conf=-1: [bed2cb91-82a6-46d4-b0e6-50d0a1724051:192.168.69.122:33920, f9a4fe6a-5564-437b-92eb-0f148c890629:192.168.69.122:40724, 5a5ea697-a38d-4b37-b996-80d6b57047ee:192.168.69.122:41091], old=null RUNNING
2019-11-13 17:50:07,939 [grpc-default-executor-1] INFO  impl.RaftServerImpl (RaftServerImpl.java:lambda$shutdown$3(250)) - bed2cb91-82a6-46d4-b0e6-50d0a1724051@group-705DF63BB164: shutdown
2019-11-13 17:50:07,939 [grpc-default-executor-1] INFO  util.JmxRegister (JmxRegister.java:unregister(73)) - Successfully un-registered JMX Bean with object name Ratis:service=RaftServer,group=group-705DF63BB164,id=bed2cb91-82a6-46d4-b0e6-50d0a1724051
2019-11-13 17:50:07,939 [grpc-default-executor-1] INFO  impl.RoleInfo (RoleInfo.java:shutdownFollowerState(121)) - bed2cb91-82a6-46d4-b0e6-50d0a1724051: shutdown FollowerState
2019-11-13 17:50:07,939 [grpc-default-executor-1] INFO  impl.StateMachineUpdater (StateMachineUpdater.java:stopAndJoin(136)) - bed2cb91-82a6-46d4-b0e6-50d0a1724051@group-705DF63BB164-StateMachineUpdater: set stopIndex = -1
2019-11-13 17:50:07,940 [Thread-192] INFO  impl.FollowerState (FollowerState.java:run(120)) - bed2cb91-82a6-46d4-b0e6-50d0a1724051@group-705DF63BB164-FollowerState was interrupted: java.lang.InterruptedException: sleep interrupted
2019-11-13 17:50:07,940 [grpc-default-executor-1] INFO  impl.RaftServerImpl (ServerState.java:close(387)) - bed2cb91-82a6-46d4-b0e6-50d0a1724051@group-705DF63BB164: closes. applyIndex: -1
2019-11-13 17:50:07,941 [bed2cb91-82a6-46d4-b0e6-50d0a1724051@group-705DF63BB164-SegmentedRaftLogWorker] INFO  segmented.SegmentedRaftLogWorker (SegmentedRaftLogWorker.java:run(316)) - bed2cb91-82a6-46d4-b0e6-50d0a1724051@group-705DF63BB164-SegmentedRaftLogWorker was interrupted, exiting. There are 0 tasks remaining in the queue.
2019-11-13 17:50:07,941 [grpc-default-executor-1] INFO  segmented.SegmentedRaftLogWorker (SegmentedRaftLogWorker.java:close(224)) - bed2cb91-82a6-46d4-b0e6-50d0a1724051@group-705DF63BB164-SegmentedRaftLogWorker close()
2019-11-13 17:50:07,960 [grpc-default-executor-1] INFO  impl.RaftServerProxy (RaftServerProxy.java:remove(95)) - 5a5ea697-a38d-4b37-b996-80d6b57047ee: remove  FOLLOWER 5a5ea697-a38d-4b37-b996-80d6b57047ee@group-705DF63BB164:t0, leader=null, voted=null, raftlog=5a5ea697-a38d-4b37-b996-80d6b57047ee@group-705DF63BB164-SegmentedRaftLog:OPENED:c-1,f-1,i0, conf=-1: [bed2cb91-82a6-46d4-b0e6-50d0a1724051:192.168.69.122:33920, f9a4fe6a-5564-437b-92eb-0f148c890629:192.168.69.122:40724, 5a5ea697-a38d-4b37-b996-80d6b57047ee:192.168.69.122:41091], old=null RUNNING
2019-11-13 17:50:07,960 [grpc-default-executor-1] INFO  impl.RaftServerImpl (RaftServerImpl.java:lambda$shutdown$3(250)) - 5a5ea697-a38d-4b37-b996-80d6b57047ee@group-705DF63BB164: shutdown
2019-11-13 17:50:07,960 [grpc-default-executor-1] INFO  util.JmxRegister (JmxRegister.java:unregister(73)) - Successfully un-registered JMX Bean with object name Ratis:service=RaftServer,group=group-705DF63BB164,id=5a5ea697-a38d-4b37-b996-80d6b57047ee
2019-11-13 17:50:07,960 [grpc-default-executor-1] INFO  impl.RoleInfo (RoleInfo.java:shutdownFollowerState(121)) - 5a5ea697-a38d-4b37-b996-80d6b57047ee: shutdown FollowerState
2019-11-13 17:50:07,961 [grpc-default-executor-1] INFO  impl.StateMachineUpdater (StateMachineUpdater.java:stopAndJoin(136)) - 5a5ea697-a38d-4b37-b996-80d6b57047ee@group-705DF63BB164-StateMachineUpdater: set stopIndex = -1
2019-11-13 17:50:07,961 [Thread-193] INFO  impl.FollowerState (FollowerState.java:run(120)) - 5a5ea697-a38d-4b37-b996-80d6b57047ee@group-705DF63BB164-FollowerState was interrupted: java.lang.InterruptedException: sleep interrupted
2019-11-13 17:50:07,962 [grpc-default-executor-1] INFO  impl.RaftServerImpl (ServerState.java:close(387)) - 5a5ea697-a38d-4b37-b996-80d6b57047ee@group-705DF63BB164: closes. applyIndex: -1
2019-11-13 17:50:07,963 [5a5ea697-a38d-4b37-b996-80d6b57047ee@group-705DF63BB164-SegmentedRaftLogWorker] INFO  segmented.SegmentedRaftLogWorker (SegmentedRaftLogWorker.java:run(316)) - 5a5ea697-a38d-4b37-b996-80d6b57047ee@group-705DF63BB164-SegmentedRaftLogWorker was interrupted, exiting. There are 0 tasks remaining in the queue.
2019-11-13 17:50:07,963 [grpc-default-executor-1] INFO  segmented.SegmentedRaftLogWorker (SegmentedRaftLogWorker.java:close(224)) - 5a5ea697-a38d-4b37-b996-80d6b57047ee@group-705DF63BB164-SegmentedRaftLogWorker close()
2019-11-13 17:50:07,982 [grpc-default-executor-1] INFO  impl.RaftServerProxy (RaftServerProxy.java:remove(95)) - f9a4fe6a-5564-437b-92eb-0f148c890629: remove  FOLLOWER f9a4fe6a-5564-437b-92eb-0f148c890629@group-705DF63BB164:t0, leader=null, voted=null, raftlog=f9a4fe6a-5564-437b-92eb-0f148c890629@group-705DF63BB164-SegmentedRaftLog:OPENED:c-1,f-1,i0, conf=-1: [bed2cb91-82a6-46d4-b0e6-50d0a1724051:192.168.69.122:33920, f9a4fe6a-5564-437b-92eb-0f148c890629:192.168.69.122:40724, 5a5ea697-a38d-4b37-b996-80d6b57047ee:192.168.69.122:41091], old=null RUNNING
2019-11-13 17:50:07,982 [grpc-default-executor-1] INFO  impl.RaftServerImpl (RaftServerImpl.java:lambda$shutdown$3(250)) - f9a4fe6a-5564-437b-92eb-0f148c890629@group-705DF63BB164: shutdown
2019-11-13 17:50:07,982 [grpc-default-executor-1] INFO  util.JmxRegister (JmxRegister.java:unregister(73)) - Successfully un-registered JMX Bean with object name Ratis:service=RaftServer,group=group-705DF63BB164,id=f9a4fe6a-5564-437b-92eb-0f148c890629
2019-11-13 17:50:07,983 [grpc-default-executor-1] INFO  impl.RoleInfo (RoleInfo.java:shutdownFollowerState(121)) - f9a4fe6a-5564-437b-92eb-0f148c890629: shutdown FollowerState
2019-11-13 17:50:07,983 [grpc-default-executor-1] INFO  impl.StateMachineUpdater (StateMachineUpdater.java:stopAndJoin(136)) - f9a4fe6a-5564-437b-92eb-0f148c890629@group-705DF63BB164-StateMachineUpdater: set stopIndex = -1
2019-11-13 17:50:07,983 [Thread-191] INFO  impl.FollowerState (FollowerState.java:run(120)) - f9a4fe6a-5564-437b-92eb-0f148c890629@group-705DF63BB164-FollowerState was interrupted: java.lang.InterruptedException: sleep interrupted
2019-11-13 17:50:07,984 [grpc-default-executor-1] INFO  impl.RaftServerImpl (ServerState.java:close(387)) - f9a4fe6a-5564-437b-92eb-0f148c890629@group-705DF63BB164: closes. applyIndex: -1
2019-11-13 17:50:07,985 [f9a4fe6a-5564-437b-92eb-0f148c890629@group-705DF63BB164-SegmentedRaftLogWorker] INFO  segmented.SegmentedRaftLogWorker (SegmentedRaftLogWorker.java:run(316)) - f9a4fe6a-5564-437b-92eb-0f148c890629@group-705DF63BB164-SegmentedRaftLogWorker was interrupted, exiting. There are 0 tasks remaining in the queue.
2019-11-13 17:50:07,985 [grpc-default-executor-1] INFO  segmented.SegmentedRaftLogWorker (SegmentedRaftLogWorker.java:close(224)) - f9a4fe6a-5564-437b-92eb-0f148c890629@group-705DF63BB164-SegmentedRaftLogWorker close()
2019-11-13 17:50:07,993 [Thread-178] INFO  pipeline.PipelineStateManager (PipelineStateManager.java:removePipeline(106)) - Pipeline Pipeline[ Id: c7a6eeb0-67f7-4379-8de6-705df63bb164, Nodes: bed2cb91-82a6-46d4-b0e6-50d0a1724051{ip: 192.168.69.122, host: pr-hdds-2467-gc456-181853687, networkLocation: /default-rack, certSerialId: null}5a5ea697-a38d-4b37-b996-80d6b57047ee{ip: 192.168.69.122, host: pr-hdds-2467-gc456-181853687, networkLocation: /default-rack, certSerialId: null}f9a4fe6a-5564-437b-92eb-0f148c890629{ip: 192.168.69.122, host: pr-hdds-2467-gc456-181853687, networkLocation: /default-rack, certSerialId: null}, Type:RATIS, Factor:THREE, State:CLOSED] removed from db
2019-11-13 17:50:07,993 [Thread-178] INFO  pipeline.SCMPipelineManager (SCMPipelineManager.java:finalizeAndDestroyPipeline(315)) - destroying pipeline:Pipeline[ Id: 565c6dc8-0d6d-4eeb-af5f-04ae86894864, Nodes: f9a4fe6a-5564-437b-92eb-0f148c890629{ip: 192.168.69.122, host: pr-hdds-2467-gc456-181853687, networkLocation: /default-rack, certSerialId: null}, Type:RATIS, Factor:ONE, State:ALLOCATED]
2019-11-13 17:50:08,009 [grpc-default-executor-2] INFO  impl.RaftServerProxy (RaftServerProxy.java:addNew(89)) - f9a4fe6a-5564-437b-92eb-0f148c890629: addNew group-C789731BCC9A:[bed2cb91-82a6-46d4-b0e6-50d0a1724051:192.168.69.122:33920, f9a4fe6a-5564-437b-92eb-0f148c890629:192.168.69.122:40724, 5a5ea697-a38d-4b37-b996-80d6b57047ee:192.168.69.122:41091] returns group-C789731BCC9A:java.util.concurrent.CompletableFuture@4c6e43ba[Not completed]
2019-11-13 17:50:08,010 [grpc-default-executor-1] INFO  impl.RaftServerProxy (RaftServerProxy.java:addNew(89)) - bed2cb91-82a6-46d4-b0e6-50d0a1724051: addNew group-C789731BCC9A:[bed2cb91-82a6-46d4-b0e6-50d0a1724051:192.168.69.122:33920, f9a4fe6a-5564-437b-92eb-0f148c890629:192.168.69.122:40724, 5a5ea697-a38d-4b37-b996-80d6b57047ee:192.168.69.122:41091] returns group-C789731BCC9A:java.util.concurrent.CompletableFuture@4675dfa1[Not completed]
2019-11-13 17:50:08,010 [grpc-default-executor-0] INFO  impl.RaftServerProxy (RaftServerProxy.java:addNew(89)) - 5a5ea697-a38d-4b37-b996-80d6b57047ee: addNew group-C789731BCC9A:[bed2cb91-82a6-46d4-b0e6-50d0a1724051:192.168.69.122:33920, f9a4fe6a-5564-437b-92eb-0f148c890629:192.168.69.122:40724, 5a5ea697-a38d-4b37-b996-80d6b57047ee:192.168.69.122:41091] returns group-C789731BCC9A:java.util.concurrent.CompletableFuture@3147131b[Not completed]
2019-11-13 17:50:08,012 [pool-27-thread-1] INFO  impl.RaftServerImpl (RaftServerImpl.java:<init>(98)) - f9a4fe6a-5564-437b-92eb-0f148c890629: new RaftServerImpl for group-C789731BCC9A:[bed2cb91-82a6-46d4-b0e6-50d0a1724051:192.168.69.122:33920, f9a4fe6a-5564-437b-92eb-0f148c890629:192.168.69.122:40724, 5a5ea697-a38d-4b37-b996-80d6b57047ee:192.168.69.122:41091] with ContainerStateMachine:uninitialized
2019-11-13 17:50:08,012 [pool-27-thread-1] INFO  server.RaftServerConfigKeys (ConfUtils.java:logGet(43)) - raft.server.rpc.timeout.min = 5s (custom)
2019-11-13 17:50:08,012 [pool-27-thread-1] INFO  server.RaftServerConfigKeys (ConfUtils.java:logGet(43)) - raft.server.rpc.timeout.max = 5200ms (custom)
2019-11-13 17:50:08,012 [pool-27-thread-1] INFO  server.RaftServerConfigKeys (ConfUtils.java:logGet(43)) - raft.server.rpcslowness.timeout = 120s (custom)
2019-11-13 17:50:08,012 [pool-27-thread-1] INFO  server.RaftServerConfigKeys (ConfUtils.java:logGet(43)) - raft.server.sleep.deviation.threshold = 300 (default)
2019-11-13 17:50:08,012 [pool-27-thread-1] INFO  server.RaftServerConfigKeys (ConfUtils.java:logGet(43)) - raft.server.log.appender.install.snapshot.enabled = false (custom)
2019-11-13 17:50:08,012 [pool-27-thread-1] INFO  impl.RaftServerImpl (ServerState.java:<init>(103)) - f9a4fe6a-5564-437b-92eb-0f148c890629@group-C789731BCC9A: ConfigurationManager, init=-1: [bed2cb91-82a6-46d4-b0e6-50d0a1724051:192.168.69.122:33920, f9a4fe6a-5564-437b-92eb-0f148c890629:192.168.69.122:40724, 5a5ea697-a38d-4b37-b996-80d6b57047ee:192.168.69.122:41091], old=null, confs=<EMPTY_MAP>
2019-11-13 17:50:08,012 [pool-27-thread-1] INFO  server.RaftServerConfigKeys (ConfUtils.java:logGet(43)) - raft.server.storage.dir = [/workdir/hadoop-ozone/tools/target/test-dir/MiniOzoneClusterImpl-31c51053-f4bb-4924-8f23-fc5f70fd2f8a/datanode-0/data/ratis] (custom)
2019-11-13 17:50:08,013 [pool-27-thread-1] INFO  server.RaftServerConfigKeys (ConfUtils.java:logGet(43)) - raft.server.log.corruption.policy = EXCEPTION (default)
2019-11-13 17:50:08,013 [pool-27-thread-1] INFO  storage.RaftStorageDirectory (RaftStorageDirectory.java:analyzeStorage(246)) - The storage directory /workdir/hadoop-ozone/tools/target/test-dir/MiniOzoneClusterImpl-31c51053-f4bb-4924-8f23-fc5f70fd2f8a/datanode-0/data/ratis/faa203de-e31c-47ec-8394-c789731bcc9a does not exist. Creating ...
2019-11-13 17:50:08,013 [pool-47-thread-1] INFO  impl.RaftServerImpl (RaftServerImpl.java:<init>(98)) - 5a5ea697-a38d-4b37-b996-80d6b57047ee: new RaftServerImpl for group-C789731BCC9A:[bed2cb91-82a6-46d4-b0e6-50d0a1724051:192.168.69.122:33920, f9a4fe6a-5564-437b-92eb-0f148c890629:192.168.69.122:40724, 5a5ea697-a38d-4b37-b996-80d6b57047ee:192.168.69.122:41091] with ContainerStateMachine:uninitialized
2019-11-13 17:50:08,014 [pool-47-thread-1] INFO  server.RaftServerConfigKeys (ConfUtils.java:logGet(43)) - raft.server.rpc.timeout.min = 5s (custom)
2019-11-13 17:50:08,014 [pool-47-thread-1] INFO  server.RaftServerConfigKeys (ConfUtils.java:logGet(43)) - raft.server.rpc.timeout.max = 5200ms (custom)
2019-11-13 17:50:08,014 [pool-47-thread-1] INFO  server.RaftServerConfigKeys (ConfUtils.java:logGet(43)) - raft.server.rpcslowness.timeout = 120s (custom)
2019-11-13 17:50:08,014 [pool-47-thread-1] INFO  server.RaftServerConfigKeys (ConfUtils.java:logGet(43)) - raft.server.sleep.deviation.threshold = 300 (default)
2019-11-13 17:50:08,014 [pool-47-thread-1] INFO  server.RaftServerConfigKeys (ConfUtils.java:logGet(43)) - raft.server.log.appender.install.snapshot.enabled = false (custom)
2019-11-13 17:50:08,015 [pool-47-thread-1] INFO  impl.RaftServerImpl (ServerState.java:<init>(103)) - 5a5ea697-a38d-4b37-b996-80d6b57047ee@group-C789731BCC9A: ConfigurationManager, init=-1: [bed2cb91-82a6-46d4-b0e6-50d0a1724051:192.168.69.122:33920, f9a4fe6a-5564-437b-92eb-0f148c890629:192.168.69.122:40724, 5a5ea697-a38d-4b37-b996-80d6b57047ee:192.168.69.122:41091], old=null, confs=<EMPTY_MAP>
2019-11-13 17:50:08,015 [pool-47-thread-1] INFO  server.RaftServerConfigKeys (ConfUtils.java:logGet(43)) - raft.server.storage.dir = [/workdir/hadoop-ozone/tools/target/test-dir/MiniOzoneClusterImpl-31c51053-f4bb-4924-8f23-fc5f70fd2f8a/datanode-2/data/ratis] (custom)
2019-11-13 17:50:08,015 [pool-37-thread-1] INFO  impl.RaftServerImpl (RaftServerImpl.java:<init>(98)) - bed2cb91-82a6-46d4-b0e6-50d0a1724051: new RaftServerImpl for group-C789731BCC9A:[bed2cb91-82a6-46d4-b0e6-50d0a1724051:192.168.69.122:33920, f9a4fe6a-5564-437b-92eb-0f148c890629:192.168.69.122:40724, 5a5ea697-a38d-4b37-b996-80d6b57047ee:192.168.69.122:41091] with ContainerStateMachine:uninitialized
2019-11-13 17:50:08,015 [pool-47-thread-1] INFO  server.RaftServerConfigKeys (ConfUtils.java:logGet(43)) - raft.server.log.corruption.policy = EXCEPTION (default)
2019-11-13 17:50:08,015 [pool-37-thread-1] INFO  server.RaftServerConfigKeys (ConfUtils.java:logGet(43)) - raft.server.rpc.timeout.min = 5s (custom)
2019-11-13 17:50:08,016 [pool-47-thread-1] INFO  storage.RaftStorageDirectory (RaftStorageDirectory.java:analyzeStorage(246)) - The storage directory /workdir/hadoop-ozone/tools/target/test-dir/MiniOzoneClusterImpl-31c51053-f4bb-4924-8f23-fc5f70fd2f8a/datanode-2/data/ratis/faa203de-e31c-47ec-8394-c789731bcc9a does not exist. Creating ...
2019-11-13 17:50:08,016 [pool-37-thread-1] INFO  server.RaftServerConfigKeys (ConfUtils.java:logGet(43)) - raft.server.rpc.timeout.max = 5200ms (custom)
2019-11-13 17:50:08,016 [pool-37-thread-1] INFO  server.RaftServerConfigKeys (ConfUtils.java:logGet(43)) - raft.server.rpcslowness.timeout = 120s (custom)
2019-11-13 17:50:08,016 [pool-37-thread-1] INFO  server.RaftServerConfigKeys (ConfUtils.java:logGet(43)) - raft.server.sleep.deviation.threshold = 300 (default)
2019-11-13 17:50:08,016 [pool-37-thread-1] INFO  server.RaftServerConfigKeys (ConfUtils.java:logGet(43)) - raft.server.log.appender.install.snapshot.enabled = false (custom)
2019-11-13 17:50:08,016 [pool-37-thread-1] INFO  impl.RaftServerImpl (ServerState.java:<init>(103)) - bed2cb91-82a6-46d4-b0e6-50d0a1724051@group-C789731BCC9A: ConfigurationManager, init=-1: [bed2cb91-82a6-46d4-b0e6-50d0a1724051:192.168.69.122:33920, f9a4fe6a-5564-437b-92eb-0f148c890629:192.168.69.122:40724, 5a5ea697-a38d-4b37-b996-80d6b57047ee:192.168.69.122:41091], old=null, confs=<EMPTY_MAP>
2019-11-13 17:50:08,017 [pool-37-thread-1] INFO  server.RaftServerConfigKeys (ConfUtils.java:logGet(43)) - raft.server.storage.dir = [/workdir/hadoop-ozone/tools/target/test-dir/MiniOzoneClusterImpl-31c51053-f4bb-4924-8f23-fc5f70fd2f8a/datanode-1/data/ratis] (custom)
2019-11-13 17:50:08,017 [pool-37-thread-1] INFO  server.RaftServerConfigKeys (ConfUtils.java:logGet(43)) - raft.server.log.corruption.policy = EXCEPTION (default)
2019-11-13 17:50:08,017 [pool-37-thread-1] INFO  storage.RaftStorageDirectory (RaftStorageDirectory.java:analyzeStorage(246)) - The storage directory /workdir/hadoop-ozone/tools/target/test-dir/MiniOzoneClusterImpl-31c51053-f4bb-4924-8f23-fc5f70fd2f8a/datanode-1/data/ratis/faa203de-e31c-47ec-8394-c789731bcc9a does not exist. Creating ...
2019-11-13 17:50:08,032 [pool-37-thread-1] INFO  storage.RaftStorageDirectory (RaftStorageDirectory.java:tryLock(328)) - Lock on /workdir/hadoop-ozone/tools/target/test-dir/MiniOzoneClusterImpl-31c51053-f4bb-4924-8f23-fc5f70fd2f8a/datanode-1/data/ratis/faa203de-e31c-47ec-8394-c789731bcc9a/in_use.lock acquired by nodename 21664@pr-hdds-2467-gc456-181853687
2019-11-13 17:50:08,032 [pool-47-thread-1] INFO  storage.RaftStorageDirectory (RaftStorageDirectory.java:tryLock(328)) - Lock on /workdir/hadoop-ozone/tools/target/test-dir/MiniOzoneClusterImpl-31c51053-f4bb-4924-8f23-fc5f70fd2f8a/datanode-2/data/ratis/faa203de-e31c-47ec-8394-c789731bcc9a/in_use.lock acquired by nodename 21664@pr-hdds-2467-gc456-181853687
2019-11-13 17:50:08,032 [pool-27-thread-1] INFO  storage.RaftStorageDirectory (RaftStorageDirectory.java:tryLock(328)) - Lock on /workdir/hadoop-ozone/tools/target/test-dir/MiniOzoneClusterImpl-31c51053-f4bb-4924-8f23-fc5f70fd2f8a/datanode-0/data/ratis/faa203de-e31c-47ec-8394-c789731bcc9a/in_use.lock acquired by nodename 21664@pr-hdds-2467-gc456-181853687
2019-11-13 17:50:08,055 [pool-37-thread-1] INFO  storage.RaftStorage (RaftStorage.java:format(84)) - Storage directory /workdir/hadoop-ozone/tools/target/test-dir/MiniOzoneClusterImpl-31c51053-f4bb-4924-8f23-fc5f70fd2f8a/datanode-1/data/ratis/faa203de-e31c-47ec-8394-c789731bcc9a has been successfully formatted.
2019-11-13 17:50:08,055 [pool-27-thread-1] INFO  storage.RaftStorage (RaftStorage.java:format(84)) - Storage directory /workdir/hadoop-ozone/tools/target/test-dir/MiniOzoneClusterImpl-31c51053-f4bb-4924-8f23-fc5f70fd2f8a/datanode-0/data/ratis/faa203de-e31c-47ec-8394-c789731bcc9a has been successfully formatted.
2019-11-13 17:50:08,056 [pool-37-thread-1] INFO  ratis.ContainerStateMachine (ContainerStateMachine.java:loadSnapshot(223)) - group-C789731BCC9A: The snapshot info is null. Setting the last applied indexto:(t:0, i:~)
2019-11-13 17:50:08,055 [pool-47-thread-1] INFO  storage.RaftStorage (RaftStorage.java:format(84)) - Storage directory /workdir/hadoop-ozone/tools/target/test-dir/MiniOzoneClusterImpl-31c51053-f4bb-4924-8f23-fc5f70fd2f8a/datanode-2/data/ratis/faa203de-e31c-47ec-8394-c789731bcc9a has been successfully formatted.
2019-11-13 17:50:08,056 [pool-27-thread-1] INFO  ratis.ContainerStateMachine (ContainerStateMachine.java:loadSnapshot(223)) - group-C789731BCC9A: The snapshot info is null. Setting the last applied indexto:(t:0, i:~)
2019-11-13 17:50:08,056 [pool-37-thread-1] INFO  server.RaftServerConfigKeys (ConfUtils.java:logGet(43)) - raft.server.notification.no-leader.timeout = 120s (custom)
2019-11-13 17:50:08,056 [pool-27-thread-1] INFO  server.RaftServerConfigKeys (ConfUtils.java:logGet(43)) - raft.server.notification.no-leader.timeout = 120s (custom)
2019-11-13 17:50:08,056 [pool-47-thread-1] INFO  ratis.ContainerStateMachine (ContainerStateMachine.java:loadSnapshot(223)) - group-C789731BCC9A: The snapshot info is null. Setting the last applied indexto:(t:0, i:~)
2019-11-13 17:50:08,057 [pool-27-thread-1] INFO  server.RaftServerConfigKeys (ConfUtils.java:logGet(43)) - raft.server.log.use.memory = false (default)
2019-11-13 17:50:08,056 [pool-37-thread-1] INFO  server.RaftServerConfigKeys (ConfUtils.java:logGet(43)) - raft.server.log.use.memory = false (default)
2019-11-13 17:50:08,057 [pool-27-thread-1] INFO  server.RaftServerConfigKeys (ConfUtils.java:logGet(43)) - raft.server.log.purge.gap = 1000000 (custom)
2019-11-13 17:50:08,057 [pool-47-thread-1] INFO  server.RaftServerConfigKeys (ConfUtils.java:logGet(43)) - raft.server.notification.no-leader.timeout = 120s (custom)
2019-11-13 17:50:08,057 [pool-27-thread-1] INFO  server.RaftServerConfigKeys (ConfUtils.java:logGet(43)) - raft.server.log.appender.buffer.byte-limit = 33554432 (custom)
2019-11-13 17:50:08,057 [pool-37-thread-1] INFO  server.RaftServerConfigKeys (ConfUtils.java:logGet(43)) - raft.server.log.purge.gap = 1000000 (custom)
2019-11-13 17:50:08,058 [pool-27-thread-1] INFO  server.RaftServerConfigKeys (ConfUtils.java:logGet(43)) - raft.server.log.segment.size.max = 1048576 (custom)
2019-11-13 17:50:08,058 [pool-27-thread-1] INFO  server.RaftServerConfigKeys (ConfUtils.java:logGet(43)) - raft.server.log.segment.cache.num.max = 2 (custom)
2019-11-13 17:50:08,058 [pool-27-thread-1] INFO  segmented.SegmentedRaftLogWorker (SegmentedRaftLogWorker.java:<init>(173)) - new f9a4fe6a-5564-437b-92eb-0f148c890629@group-C789731BCC9A-SegmentedRaftLogWorker for RaftStorage:Storage Directory /workdir/hadoop-ozone/tools/target/test-dir/MiniOzoneClusterImpl-31c51053-f4bb-4924-8f23-fc5f70fd2f8a/datanode-0/data/ratis/faa203de-e31c-47ec-8394-c789731bcc9a
2019-11-13 17:50:08,058 [pool-27-thread-1] INFO  server.RaftServerConfigKeys (ConfUtils.java:logGet(43)) - raft.server.log.queue.byte-limit = 2147483647 (custom)
2019-11-13 17:50:08,059 [pool-27-thread-1] INFO  server.RaftServerConfigKeys (ConfUtils.java:logGet(43)) - raft.server.log.queue.element-limit = 1024 (custom)
2019-11-13 17:50:08,059 [pool-27-thread-1] INFO  server.RaftServerConfigKeys (ConfUtils.java:logGet(43)) - raft.server.log.segment.size.max = 1048576 (custom)
2019-11-13 17:50:08,059 [pool-27-thread-1] INFO  server.RaftServerConfigKeys (ConfUtils.java:logGet(43)) - raft.server.log.preallocated.size = 16384 (custom)
2019-11-13 17:50:08,059 [pool-27-thread-1] INFO  server.RaftServerConfigKeys (ConfUtils.java:logGet(43)) - raft.server.log.write.buffer.size = 33554432 (custom)
2019-11-13 17:50:08,059 [pool-27-thread-1] INFO  server.RaftServerConfigKeys (ConfUtils.java:logGet(43)) - raft.server.log.force.sync.num = 128 (default)
2019-11-13 17:50:08,059 [pool-27-thread-1] INFO  server.RaftServerConfigKeys (ConfUtils.java:logGet(43)) - raft.server.log.statemachine.data.sync = true (default)
2019-11-13 17:50:08,060 [pool-27-thread-1] INFO  server.RaftServerConfigKeys (ConfUtils.java:logGet(43)) - raft.server.log.statemachine.data.sync.timeout = 10s (default)
2019-11-13 17:50:08,060 [pool-27-thread-1] INFO  server.RaftServerConfigKeys (ConfUtils.java:logGet(43)) - raft.server.log.statemachine.data.sync.timeout.retry = -1 (default)
2019-11-13 17:50:08,060 [pool-27-thread-1] INFO  server.RaftServerConfigKeys (ConfUtils.java:logGet(43)) - raft.server.log.statemachine.data.caching.enabled = true (custom)
2019-11-13 17:50:08,060 [pool-27-thread-1] INFO  segmented.SegmentedRaftLogWorker (SegmentedRaftLogWorker.java:lambda$new$0(128)) - f9a4fe6a-5564-437b-92eb-0f148c890629@group-C789731BCC9A-SegmentedRaftLogWorker: flushIndex: setUnconditionally 0 -> -1
2019-11-13 17:50:08,061 [pool-27-thread-1] INFO  server.RaftServerConfigKeys (ConfUtils.java:logGet(43)) - raft.server.snapshot.auto.trigger.enabled = true (custom)
2019-11-13 17:50:08,061 [pool-27-thread-1] INFO  server.RaftServerConfigKeys (ConfUtils.java:logGet(43)) - raft.server.snapshot.auto.trigger.threshold = 10000 (custom)
2019-11-13 17:50:08,061 [pool-27-thread-1] INFO  server.RaftServerConfigKeys (ConfUtils.java:logGet(43)) - raft.server.snapshot.retention.file.num = 5 (custom)
2019-11-13 17:50:08,061 [pool-27-thread-1] INFO  server.RaftServerConfigKeys (ConfUtils.java:logGet(43)) - raft.server.retrycache.expirytime = 600000ms (custom)
2019-11-13 17:50:08,062 [pool-27-thread-1] WARN  impl.MetricRegistriesImpl (MetricRegistriesImpl.java:lambda$create$1(61)) - First MetricRegistry has been created without registering reporters. You may need to call MetricRegistries.global().addReportRegistration(...) before.
2019-11-13 17:50:08,062 [pool-27-thread-1] WARN  impl.MetricRegistriesImpl (MetricRegistriesImpl.java:lambda$create$1(61)) - First MetricRegistry has been created without registering reporters. You may need to call MetricRegistries.global().addReportRegistration(...) before.
2019-11-13 17:50:08,062 [pool-27-thread-1] INFO  impl.RaftServerImpl (RaftServerImpl.java:start(184)) - f9a4fe6a-5564-437b-92eb-0f148c890629@group-C789731BCC9A: start as a follower, conf=-1: [bed2cb91-82a6-46d4-b0e6-50d0a1724051:192.168.69.122:33920, f9a4fe6a-5564-437b-92eb-0f148c890629:192.168.69.122:40724, 5a5ea697-a38d-4b37-b996-80d6b57047ee:192.168.69.122:41091], old=null
2019-11-13 17:50:08,062 [pool-27-thread-1] INFO  impl.RaftServerImpl (RaftServerImpl.java:setRole(173)) - f9a4fe6a-5564-437b-92eb-0f148c890629@group-C789731BCC9A: changes role from      null to FOLLOWER at term 0 for startAsFollower
2019-11-13 17:50:08,063 [pool-27-thread-1] INFO  impl.RoleInfo (RoleInfo.java:updateAndGet(143)) - f9a4fe6a-5564-437b-92eb-0f148c890629: start FollowerState
2019-11-13 17:50:08,063 [pool-27-thread-1] INFO  util.JmxRegister (JmxRegister.java:tryRegister(44)) - Successfully registered JMX Bean with object name Ratis:service=RaftServer,group=group-C789731BCC9A,id=f9a4fe6a-5564-437b-92eb-0f148c890629
2019-11-13 17:50:08,063 [pool-27-thread-1] WARN  impl.MetricRegistriesImpl (MetricRegistriesImpl.java:lambda$create$1(61)) - First MetricRegistry has been created without registering reporters. You may need to call MetricRegistries.global().addReportRegistration(...) before.
2019-11-13 17:50:08,057 [pool-47-thread-1] INFO  server.RaftServerConfigKeys (ConfUtils.java:logGet(43)) - raft.server.log.use.memory = false (default)
2019-11-13 17:50:08,058 [pool-37-thread-1] INFO  server.RaftServerConfigKeys (ConfUtils.java:logGet(43)) - raft.server.log.appender.buffer.byte-limit = 33554432 (custom)
2019-11-13 17:50:08,064 [pool-47-thread-1] INFO  server.RaftServerConfigKeys (ConfUtils.java:logGet(43)) - raft.server.log.purge.gap = 1000000 (custom)
2019-11-13 17:50:08,064 [pool-37-thread-1] INFO  server.RaftServerConfigKeys (ConfUtils.java:logGet(43)) - raft.server.log.segment.size.max = 1048576 (custom)
2019-11-13 17:50:08,064 [pool-47-thread-1] INFO  server.RaftServerConfigKeys (ConfUtils.java:logGet(43)) - raft.server.log.appender.buffer.byte-limit = 33554432 (custom)
2019-11-13 17:50:08,065 [pool-37-thread-1] INFO  server.RaftServerConfigKeys (ConfUtils.java:logGet(43)) - raft.server.log.segment.cache.num.max = 2 (custom)
2019-11-13 17:50:08,065 [pool-47-thread-1] INFO  server.RaftServerConfigKeys (ConfUtils.java:logGet(43)) - raft.server.log.segment.size.max = 1048576 (custom)
2019-11-13 17:50:08,065 [pool-37-thread-1] INFO  segmented.SegmentedRaftLogWorker (SegmentedRaftLogWorker.java:<init>(173)) - new bed2cb91-82a6-46d4-b0e6-50d0a1724051@group-C789731BCC9A-SegmentedRaftLogWorker for RaftStorage:Storage Directory /workdir/hadoop-ozone/tools/target/test-dir/MiniOzoneClusterImpl-31c51053-f4bb-4924-8f23-fc5f70fd2f8a/datanode-1/data/ratis/faa203de-e31c-47ec-8394-c789731bcc9a
2019-11-13 17:50:08,065 [pool-47-thread-1] INFO  server.RaftServerConfigKeys (ConfUtils.java:logGet(43)) - raft.server.log.segment.cache.num.max = 2 (custom)
2019-11-13 17:50:08,065 [pool-37-thread-1] INFO  server.RaftServerConfigKeys (ConfUtils.java:logGet(43)) - raft.server.log.queue.byte-limit = 2147483647 (custom)
2019-11-13 17:50:08,065 [pool-47-thread-1] INFO  segmented.SegmentedRaftLogWorker (SegmentedRaftLogWorker.java:<init>(173)) - new 5a5ea697-a38d-4b37-b996-80d6b57047ee@group-C789731BCC9A-SegmentedRaftLogWorker for RaftStorage:Storage Directory /workdir/hadoop-ozone/tools/target/test-dir/MiniOzoneClusterImpl-31c51053-f4bb-4924-8f23-fc5f70fd2f8a/datanode-2/data/ratis/faa203de-e31c-47ec-8394-c789731bcc9a
2019-11-13 17:50:08,065 [pool-37-thread-1] INFO  server.RaftServerConfigKeys (ConfUtils.java:logGet(43)) - raft.server.log.queue.element-limit = 1024 (custom)
2019-11-13 17:50:08,065 [pool-47-thread-1] INFO  server.RaftServerConfigKeys (ConfUtils.java:logGet(43)) - raft.server.log.queue.byte-limit = 2147483647 (custom)
2019-11-13 17:50:08,065 [pool-37-thread-1] INFO  server.RaftServerConfigKeys (ConfUtils.java:logGet(43)) - raft.server.log.segment.size.max = 1048576 (custom)
2019-11-13 17:50:08,066 [pool-47-thread-1] INFO  server.RaftServerConfigKeys (ConfUtils.java:logGet(43)) - raft.server.log.queue.element-limit = 1024 (custom)
2019-11-13 17:50:08,066 [pool-37-thread-1] INFO  server.RaftServerConfigKeys (ConfUtils.java:logGet(43)) - raft.server.log.preallocated.size = 16384 (custom)
2019-11-13 17:50:08,066 [pool-47-thread-1] INFO  server.RaftServerConfigKeys (ConfUtils.java:logGet(43)) - raft.server.log.segment.size.max = 1048576 (custom)
2019-11-13 17:50:08,066 [pool-37-thread-1] INFO  server.RaftServerConfigKeys (ConfUtils.java:logGet(43)) - raft.server.log.write.buffer.size = 33554432 (custom)
2019-11-13 17:50:08,066 [pool-37-thread-1] INFO  server.RaftServerConfigKeys (ConfUtils.java:logGet(43)) - raft.server.log.force.sync.num = 128 (default)
2019-11-13 17:50:08,067 [pool-37-thread-1] INFO  server.RaftServerConfigKeys (ConfUtils.java:logGet(43)) - raft.server.log.statemachine.data.sync = true (default)
2019-11-13 17:50:08,067 [pool-37-thread-1] INFO  server.RaftServerConfigKeys (ConfUtils.java:logGet(43)) - raft.server.log.statemachine.data.sync.timeout = 10s (default)
2019-11-13 17:50:08,067 [pool-37-thread-1] INFO  server.RaftServerConfigKeys (ConfUtils.java:logGet(43)) - raft.server.log.statemachine.data.sync.timeout.retry = -1 (default)
2019-11-13 17:50:08,067 [pool-37-thread-1] INFO  server.RaftServerConfigKeys (ConfUtils.java:logGet(43)) - raft.server.log.statemachine.data.caching.enabled = true (custom)
2019-11-13 17:50:08,068 [pool-37-thread-1] INFO  segmented.SegmentedRaftLogWorker (SegmentedRaftLogWorker.java:lambda$new$0(128)) - bed2cb91-82a6-46d4-b0e6-50d0a1724051@group-C789731BCC9A-SegmentedRaftLogWorker: flushIndex: setUnconditionally 0 -> -1
2019-11-13 17:50:08,068 [pool-37-thread-1] INFO  server.RaftServerConfigKeys (ConfUtils.java:logGet(43)) - raft.server.snapshot.auto.trigger.enabled = true (custom)
2019-11-13 17:50:08,068 [pool-37-thread-1] INFO  server.RaftServerConfigKeys (ConfUtils.java:logGet(43)) - raft.server.snapshot.auto.trigger.threshold = 10000 (custom)
2019-11-13 17:50:08,069 [pool-37-thread-1] INFO  server.RaftServerConfigKeys (ConfUtils.java:logGet(43)) - raft.server.snapshot.retention.file.num = 5 (custom)
2019-11-13 17:50:08,066 [pool-47-thread-1] INFO  server.RaftServerConfigKeys (ConfUtils.java:logGet(43)) - raft.server.log.preallocated.size = 16384 (custom)
2019-11-13 17:50:08,069 [pool-47-thread-1] INFO  server.RaftServerConfigKeys (ConfUtils.java:logGet(43)) - raft.server.log.write.buffer.size = 33554432 (custom)
2019-11-13 17:50:08,069 [pool-37-thread-1] INFO  server.RaftServerConfigKeys (ConfUtils.java:logGet(43)) - raft.server.retrycache.expirytime = 600000ms (custom)
2019-11-13 17:50:08,069 [pool-47-thread-1] INFO  server.RaftServerConfigKeys (ConfUtils.java:logGet(43)) - raft.server.log.force.sync.num = 128 (default)
2019-11-13 17:50:08,069 [pool-37-thread-1] WARN  impl.MetricRegistriesImpl (MetricRegistriesImpl.java:lambda$create$1(61)) - First MetricRegistry has been created without registering reporters. You may need to call MetricRegistries.global().addReportRegistration(...) before.
2019-11-13 17:50:08,070 [pool-47-thread-1] INFO  server.RaftServerConfigKeys (ConfUtils.java:logGet(43)) - raft.server.log.statemachine.data.sync = true (default)
2019-11-13 17:50:08,075 [pool-47-thread-1] INFO  server.RaftServerConfigKeys (ConfUtils.java:logGet(43)) - raft.server.log.statemachine.data.sync.timeout = 10s (default)
2019-11-13 17:50:08,075 [pool-47-thread-1] INFO  server.RaftServerConfigKeys (ConfUtils.java:logGet(43)) - raft.server.log.statemachine.data.sync.timeout.retry = -1 (default)
2019-11-13 17:50:08,075 [pool-47-thread-1] INFO  server.RaftServerConfigKeys (ConfUtils.java:logGet(43)) - raft.server.log.statemachine.data.caching.enabled = true (custom)
2019-11-13 17:50:08,076 [pool-47-thread-1] INFO  segmented.SegmentedRaftLogWorker (SegmentedRaftLogWorker.java:lambda$new$0(128)) - 5a5ea697-a38d-4b37-b996-80d6b57047ee@group-C789731BCC9A-SegmentedRaftLogWorker: flushIndex: setUnconditionally 0 -> -1
2019-11-13 17:50:08,075 [pool-37-thread-1] WARN  impl.MetricRegistriesImpl (MetricRegistriesImpl.java:lambda$create$1(61)) - First MetricRegistry has been created without registering reporters. You may need to call MetricRegistries.global().addReportRegistration(...) before.
2019-11-13 17:50:08,076 [pool-47-thread-1] INFO  server.RaftServerConfigKeys (ConfUtils.java:logGet(43)) - raft.server.snapshot.auto.trigger.enabled = true (custom)
2019-11-13 17:50:08,076 [pool-47-thread-1] INFO  server.RaftServerConfigKeys (ConfUtils.java:logGet(43)) - raft.server.snapshot.auto.trigger.threshold = 10000 (custom)
2019-11-13 17:50:08,076 [pool-37-thread-1] INFO  impl.RaftServerImpl (RaftServerImpl.java:start(184)) - bed2cb91-82a6-46d4-b0e6-50d0a1724051@group-C789731BCC9A: start as a follower, conf=-1: [bed2cb91-82a6-46d4-b0e6-50d0a1724051:192.168.69.122:33920, f9a4fe6a-5564-437b-92eb-0f148c890629:192.168.69.122:40724, 5a5ea697-a38d-4b37-b996-80d6b57047ee:192.168.69.122:41091], old=null
2019-11-13 17:50:08,077 [pool-47-thread-1] INFO  server.RaftServerConfigKeys (ConfUtils.java:logGet(43)) - raft.server.snapshot.retention.file.num = 5 (custom)
2019-11-13 17:50:08,077 [pool-37-thread-1] INFO  impl.RaftServerImpl (RaftServerImpl.java:setRole(173)) - bed2cb91-82a6-46d4-b0e6-50d0a1724051@group-C789731BCC9A: changes role from      null to FOLLOWER at term 0 for startAsFollower
2019-11-13 17:50:08,077 [pool-47-thread-1] INFO  server.RaftServerConfigKeys (ConfUtils.java:logGet(43)) - raft.server.retrycache.expirytime = 600000ms (custom)
2019-11-13 17:50:08,077 [pool-37-thread-1] INFO  impl.RoleInfo (RoleInfo.java:updateAndGet(143)) - bed2cb91-82a6-46d4-b0e6-50d0a1724051: start FollowerState
2019-11-13 17:50:08,077 [pool-47-thread-1] WARN  impl.MetricRegistriesImpl (MetricRegistriesImpl.java:lambda$create$1(61)) - First MetricRegistry has been created without registering reporters. You may need to call MetricRegistries.global().addReportRegistration(...) before.
2019-11-13 17:50:08,078 [pool-47-thread-1] WARN  impl.MetricRegistriesImpl (MetricRegistriesImpl.java:lambda$create$1(61)) - First MetricRegistry has been created without registering reporters. You may need to call MetricRegistries.global().addReportRegistration(...) before.
2019-11-13 17:50:08,078 [pool-37-thread-1] INFO  util.JmxRegister (JmxRegister.java:tryRegister(44)) - Successfully registered JMX Bean with object name Ratis:service=RaftServer,group=group-C789731BCC9A,id=bed2cb91-82a6-46d4-b0e6-50d0a1724051
2019-11-13 17:50:08,078 [pool-37-thread-1] WARN  impl.MetricRegistriesImpl (MetricRegistriesImpl.java:lambda$create$1(61)) - First MetricRegistry has been created without registering reporters. You may need to call MetricRegistries.global().addReportRegistration(...) before.
2019-11-13 17:50:08,078 [pool-47-thread-1] INFO  impl.RaftServerImpl (RaftServerImpl.java:start(184)) - 5a5ea697-a38d-4b37-b996-80d6b57047ee@group-C789731BCC9A: start as a follower, conf=-1: [bed2cb91-82a6-46d4-b0e6-50d0a1724051:192.168.69.122:33920, f9a4fe6a-5564-437b-92eb-0f148c890629:192.168.69.122:40724, 5a5ea697-a38d-4b37-b996-80d6b57047ee:192.168.69.122:41091], old=null
2019-11-13 17:50:08,078 [pool-47-thread-1] INFO  impl.RaftServerImpl (RaftServerImpl.java:setRole(173)) - 5a5ea697-a38d-4b37-b996-80d6b57047ee@group-C789731BCC9A: changes role from      null to FOLLOWER at term 0 for startAsFollower
2019-11-13 17:50:08,079 [pool-47-thread-1] INFO  impl.RoleInfo (RoleInfo.java:updateAndGet(143)) - 5a5ea697-a38d-4b37-b996-80d6b57047ee: start FollowerState
2019-11-13 17:50:08,079 [pool-47-thread-1] INFO  util.JmxRegister (JmxRegister.java:tryRegister(44)) - Successfully registered JMX Bean with object name Ratis:service=RaftServer,group=group-C789731BCC9A,id=5a5ea697-a38d-4b37-b996-80d6b57047ee
2019-11-13 17:50:08,079 [pool-47-thread-1] WARN  impl.MetricRegistriesImpl (MetricRegistriesImpl.java:lambda$create$1(61)) - First MetricRegistry has been created without registering reporters. You may need to call MetricRegistries.global().addReportRegistration(...) before.
2019-11-13 17:50:08,088 [RatisPipelineUtilsThread] INFO  pipeline.PipelineStateManager (PipelineStateManager.java:addPipeline(55)) - Created pipeline Pipeline[ Id: faa203de-e31c-47ec-8394-c789731bcc9a, Nodes: bed2cb91-82a6-46d4-b0e6-50d0a1724051{ip: 192.168.69.122, host: pr-hdds-2467-gc456-181853687, networkLocation: /default-rack, certSerialId: null}5a5ea697-a38d-4b37-b996-80d6b57047ee{ip: 192.168.69.122, host: pr-hdds-2467-gc456-181853687, networkLocation: /default-rack, certSerialId: null}f9a4fe6a-5564-437b-92eb-0f148c890629{ip: 192.168.69.122, host: pr-hdds-2467-gc456-181853687, networkLocation: /default-rack, certSerialId: null}, Type:RATIS, Factor:THREE, State:ALLOCATED]
2019-11-13 17:50:08,089 [Thread-178] INFO  pipeline.PipelineStateManager (PipelineStateManager.java:finalizePipeline(121)) - Pipeline Pipeline[ Id: 565c6dc8-0d6d-4eeb-af5f-04ae86894864, Nodes: f9a4fe6a-5564-437b-92eb-0f148c890629{ip: 192.168.69.122, host: pr-hdds-2467-gc456-181853687, networkLocation: /default-rack, certSerialId: null}, Type:RATIS, Factor:ONE, State:CLOSED] moved to CLOSED state
2019-11-13 17:50:08,102 [grpc-default-executor-0] INFO  impl.RaftServerProxy (RaftServerProxy.java:remove(95)) - f9a4fe6a-5564-437b-92eb-0f148c890629: remove  FOLLOWER f9a4fe6a-5564-437b-92eb-0f148c890629@group-04AE86894864:t0, leader=null, voted=null, raftlog=f9a4fe6a-5564-437b-92eb-0f148c890629@group-04AE86894864-SegmentedRaftLog:OPENED:c-1,f-1,i0, conf=-1: [f9a4fe6a-5564-437b-92eb-0f148c890629:192.168.69.122:40724], old=null RUNNING
2019-11-13 17:50:08,102 [grpc-default-executor-0] INFO  impl.RaftServerImpl (RaftServerImpl.java:lambda$shutdown$3(250)) - f9a4fe6a-5564-437b-92eb-0f148c890629@group-04AE86894864: shutdown
2019-11-13 17:50:08,103 [grpc-default-executor-0] INFO  util.JmxRegister (JmxRegister.java:unregister(73)) - Successfully un-registered JMX Bean with object name Ratis:service=RaftServer,group=group-04AE86894864,id=f9a4fe6a-5564-437b-92eb-0f148c890629
2019-11-13 17:50:08,103 [grpc-default-executor-0] INFO  impl.RoleInfo (RoleInfo.java:shutdownFollowerState(121)) - f9a4fe6a-5564-437b-92eb-0f148c890629: shutdown FollowerState
2019-11-13 17:50:08,103 [grpc-default-executor-0] INFO  impl.StateMachineUpdater (StateMachineUpdater.java:stopAndJoin(136)) - f9a4fe6a-5564-437b-92eb-0f148c890629@group-04AE86894864-StateMachineUpdater: set stopIndex = -1
2019-11-13 17:50:08,105 [Thread-180] INFO  impl.FollowerState (FollowerState.java:run(120)) - f9a4fe6a-5564-437b-92eb-0f148c890629@group-04AE86894864-FollowerState was interrupted: java.lang.InterruptedException: sleep interrupted
2019-11-13 17:50:08,106 [grpc-default-executor-0] INFO  impl.RaftServerImpl (ServerState.java:close(387)) - f9a4fe6a-5564-437b-92eb-0f148c890629@group-04AE86894864: closes. applyIndex: -1
2019-11-13 17:50:08,107 [f9a4fe6a-5564-437b-92eb-0f148c890629@group-04AE86894864-SegmentedRaftLogWorker] INFO  segmented.SegmentedRaftLogWorker (SegmentedRaftLogWorker.java:run(316)) - f9a4fe6a-5564-437b-92eb-0f148c890629@group-04AE86894864-SegmentedRaftLogWorker was interrupted, exiting. There are 0 tasks remaining in the queue.
2019-11-13 17:50:08,107 [grpc-default-executor-0] INFO  segmented.SegmentedRaftLogWorker (SegmentedRaftLogWorker.java:close(224)) - f9a4fe6a-5564-437b-92eb-0f148c890629@group-04AE86894864-SegmentedRaftLogWorker close()
2019-11-13 17:50:08,114 [Thread-178] INFO  pipeline.PipelineStateManager (PipelineStateManager.java:removePipeline(106)) - Pipeline Pipeline[ Id: 565c6dc8-0d6d-4eeb-af5f-04ae86894864, Nodes: f9a4fe6a-5564-437b-92eb-0f148c890629{ip: 192.168.69.122, host: pr-hdds-2467-gc456-181853687, networkLocation: /default-rack, certSerialId: null}, Type:RATIS, Factor:ONE, State:CLOSED] removed from db
2019-11-13 17:50:08,123 [grpc-default-executor-0] INFO  impl.RaftServerProxy (RaftServerProxy.java:addNew(89)) - f9a4fe6a-5564-437b-92eb-0f148c890629: addNew group-6BB73285A409:[f9a4fe6a-5564-437b-92eb-0f148c890629:192.168.69.122:40724] returns group-6BB73285A409:java.util.concurrent.CompletableFuture@74af245c[Not completed]
2019-11-13 17:50:08,125 [pool-27-thread-1] INFO  impl.RaftServerImpl (RaftServerImpl.java:<init>(98)) - f9a4fe6a-5564-437b-92eb-0f148c890629: new RaftServerImpl for group-6BB73285A409:[f9a4fe6a-5564-437b-92eb-0f148c890629:192.168.69.122:40724] with ContainerStateMachine:uninitialized
2019-11-13 17:50:08,126 [pool-27-thread-1] INFO  server.RaftServerConfigKeys (ConfUtils.java:logGet(43)) - raft.server.rpc.timeout.min = 5s (custom)
2019-11-13 17:50:08,126 [pool-27-thread-1] INFO  server.RaftServerConfigKeys (ConfUtils.java:logGet(43)) - raft.server.rpc.timeout.max = 5200ms (custom)
2019-11-13 17:50:08,126 [pool-27-thread-1] INFO  server.RaftServerConfigKeys (ConfUtils.java:logGet(43)) - raft.server.rpcslowness.timeout = 120s (custom)
2019-11-13 17:50:08,126 [pool-27-thread-1] INFO  server.RaftServerConfigKeys (ConfUtils.java:logGet(43)) - raft.server.sleep.deviation.threshold = 300 (default)
2019-11-13 17:50:08,126 [pool-27-thread-1] INFO  server.RaftServerConfigKeys (ConfUtils.java:logGet(43)) - raft.server.log.appender.install.snapshot.enabled = false (custom)
2019-11-13 17:50:08,126 [pool-27-thread-1] INFO  impl.RaftServerImpl (ServerState.java:<init>(103)) - f9a4fe6a-5564-437b-92eb-0f148c890629@group-6BB73285A409: ConfigurationManager, init=-1: [f9a4fe6a-5564-437b-92eb-0f148c890629:192.168.69.122:40724], old=null, confs=<EMPTY_MAP>
2019-11-13 17:50:08,127 [pool-27-thread-1] INFO  server.RaftServerConfigKeys (ConfUtils.java:logGet(43)) - raft.server.storage.dir = [/workdir/hadoop-ozone/tools/target/test-dir/MiniOzoneClusterImpl-31c51053-f4bb-4924-8f23-fc5f70fd2f8a/datanode-0/data/ratis] (custom)
2019-11-13 17:50:08,127 [pool-27-thread-1] INFO  server.RaftServerConfigKeys (ConfUtils.java:logGet(43)) - raft.server.log.corruption.policy = EXCEPTION (default)
2019-11-13 17:50:08,127 [pool-27-thread-1] INFO  storage.RaftStorageDirectory (RaftStorageDirectory.java:analyzeStorage(246)) - The storage directory /workdir/hadoop-ozone/tools/target/test-dir/MiniOzoneClusterImpl-31c51053-f4bb-4924-8f23-fc5f70fd2f8a/datanode-0/data/ratis/1cb83915-5331-4917-ab20-6bb73285a409 does not exist. Creating ...
2019-11-13 17:50:08,151 [pool-27-thread-1] INFO  storage.RaftStorageDirectory (RaftStorageDirectory.java:tryLock(328)) - Lock on /workdir/hadoop-ozone/tools/target/test-dir/MiniOzoneClusterImpl-31c51053-f4bb-4924-8f23-fc5f70fd2f8a/datanode-0/data/ratis/1cb83915-5331-4917-ab20-6bb73285a409/in_use.lock acquired by nodename 21664@pr-hdds-2467-gc456-181853687
2019-11-13 17:50:08,175 [pool-27-thread-1] INFO  storage.RaftStorage (RaftStorage.java:format(84)) - Storage directory /workdir/hadoop-ozone/tools/target/test-dir/MiniOzoneClusterImpl-31c51053-f4bb-4924-8f23-fc5f70fd2f8a/datanode-0/data/ratis/1cb83915-5331-4917-ab20-6bb73285a409 has been successfully formatted.
2019-11-13 17:50:08,175 [pool-27-thread-1] INFO  ratis.ContainerStateMachine (ContainerStateMachine.java:loadSnapshot(223)) - group-6BB73285A409: The snapshot info is null. Setting the last applied indexto:(t:0, i:~)
2019-11-13 17:50:08,175 [pool-27-thread-1] INFO  server.RaftServerConfigKeys (ConfUtils.java:logGet(43)) - raft.server.notification.no-leader.timeout = 120s (custom)
2019-11-13 17:50:08,175 [pool-27-thread-1] INFO  server.RaftServerConfigKeys (ConfUtils.java:logGet(43)) - raft.server.log.use.memory = false (default)
2019-11-13 17:50:08,175 [pool-27-thread-1] INFO  server.RaftServerConfigKeys (ConfUtils.java:logGet(43)) - raft.server.log.purge.gap = 1000000 (custom)
2019-11-13 17:50:08,176 [pool-27-thread-1] INFO  server.RaftServerConfigKeys (ConfUtils.java:logGet(43)) - raft.server.log.appender.buffer.byte-limit = 33554432 (custom)
2019-11-13 17:50:08,176 [pool-27-thread-1] INFO  server.RaftServerConfigKeys (ConfUtils.java:logGet(43)) - raft.server.log.segment.size.max = 1048576 (custom)
2019-11-13 17:50:08,176 [pool-27-thread-1] INFO  server.RaftServerConfigKeys (ConfUtils.java:logGet(43)) - raft.server.log.segment.cache.num.max = 2 (custom)
2019-11-13 17:50:08,176 [pool-27-thread-1] INFO  segmented.SegmentedRaftLogWorker (SegmentedRaftLogWorker.java:<init>(173)) - new f9a4fe6a-5564-437b-92eb-0f148c890629@group-6BB73285A409-SegmentedRaftLogWorker for RaftStorage:Storage Directory /workdir/hadoop-ozone/tools/target/test-dir/MiniOzoneClusterImpl-31c51053-f4bb-4924-8f23-fc5f70fd2f8a/datanode-0/data/ratis/1cb83915-5331-4917-ab20-6bb73285a409
2019-11-13 17:50:08,176 [pool-27-thread-1] INFO  server.RaftServerConfigKeys (ConfUtils.java:logGet(43)) - raft.server.log.queue.byte-limit = 2147483647 (custom)
2019-11-13 17:50:08,176 [pool-27-thread-1] INFO  server.RaftServerConfigKeys (ConfUtils.java:logGet(43)) - raft.server.log.queue.element-limit = 1024 (custom)
2019-11-13 17:50:08,176 [pool-27-thread-1] INFO  server.RaftServerConfigKeys (ConfUtils.java:logGet(43)) - raft.server.log.segment.size.max = 1048576 (custom)
2019-11-13 17:50:08,176 [pool-27-thread-1] INFO  server.RaftServerConfigKeys (ConfUtils.java:logGet(43)) - raft.server.log.preallocated.size = 16384 (custom)
2019-11-13 17:50:08,176 [pool-27-thread-1] INFO  server.RaftServerConfigKeys (ConfUtils.java:logGet(43)) - raft.server.log.write.buffer.size = 33554432 (custom)
2019-11-13 17:50:08,176 [pool-27-thread-1] INFO  server.RaftServerConfigKeys (ConfUtils.java:logGet(43)) - raft.server.log.force.sync.num = 128 (default)
2019-11-13 17:50:08,176 [pool-27-thread-1] INFO  server.RaftServerConfigKeys (ConfUtils.java:logGet(43)) - raft.server.log.statemachine.data.sync = true (default)
2019-11-13 17:50:08,177 [pool-27-thread-1] INFO  server.RaftServerConfigKeys (ConfUtils.java:logGet(43)) - raft.server.log.statemachine.data.sync.timeout = 10s (default)
2019-11-13 17:50:08,177 [pool-27-thread-1] INFO  server.RaftServerConfigKeys (ConfUtils.java:logGet(43)) - raft.server.log.statemachine.data.sync.timeout.retry = -1 (default)
2019-11-13 17:50:08,177 [pool-27-thread-1] INFO  server.RaftServerConfigKeys (ConfUtils.java:logGet(43)) - raft.server.log.statemachine.data.caching.enabled = true (custom)
2019-11-13 17:50:08,177 [pool-27-thread-1] INFO  segmented.SegmentedRaftLogWorker (SegmentedRaftLogWorker.java:lambda$new$0(128)) - f9a4fe6a-5564-437b-92eb-0f148c890629@group-6BB73285A409-SegmentedRaftLogWorker: flushIndex: setUnconditionally 0 -> -1
2019-11-13 17:50:08,177 [pool-27-thread-1] INFO  server.RaftServerConfigKeys (ConfUtils.java:logGet(43)) - raft.server.snapshot.auto.trigger.enabled = true (custom)
2019-11-13 17:50:08,177 [pool-27-thread-1] INFO  server.RaftServerConfigKeys (ConfUtils.java:logGet(43)) - raft.server.snapshot.auto.trigger.threshold = 10000 (custom)
2019-11-13 17:50:08,178 [pool-27-thread-1] INFO  server.RaftServerConfigKeys (ConfUtils.java:logGet(43)) - raft.server.snapshot.retention.file.num = 5 (custom)
2019-11-13 17:50:08,178 [pool-27-thread-1] INFO  server.RaftServerConfigKeys (ConfUtils.java:logGet(43)) - raft.server.retrycache.expirytime = 600000ms (custom)
2019-11-13 17:50:08,178 [pool-27-thread-1] WARN  impl.MetricRegistriesImpl (MetricRegistriesImpl.java:lambda$create$1(61)) - First MetricRegistry has been created without registering reporters. You may need to call MetricRegistries.global().addReportRegistration(...) before.
2019-11-13 17:50:08,178 [pool-27-thread-1] WARN  impl.MetricRegistriesImpl (MetricRegistriesImpl.java:lambda$create$1(61)) - First MetricRegistry has been created without registering reporters. You may need to call MetricRegistries.global().addReportRegistration(...) before.
2019-11-13 17:50:08,178 [pool-27-thread-1] INFO  impl.RaftServerImpl (RaftServerImpl.java:start(184)) - f9a4fe6a-5564-437b-92eb-0f148c890629@group-6BB73285A409: start as a follower, conf=-1: [f9a4fe6a-5564-437b-92eb-0f148c890629:192.168.69.122:40724], old=null
2019-11-13 17:50:08,178 [pool-27-thread-1] INFO  impl.RaftServerImpl (RaftServerImpl.java:setRole(173)) - f9a4fe6a-5564-437b-92eb-0f148c890629@group-6BB73285A409: changes role from      null to FOLLOWER at term 0 for startAsFollower
2019-11-13 17:50:08,178 [pool-27-thread-1] INFO  impl.RoleInfo (RoleInfo.java:updateAndGet(143)) - f9a4fe6a-5564-437b-92eb-0f148c890629: start FollowerState
2019-11-13 17:50:08,179 [pool-27-thread-1] INFO  util.JmxRegister (JmxRegister.java:tryRegister(44)) - Successfully registered JMX Bean with object name Ratis:service=RaftServer,group=group-6BB73285A409,id=f9a4fe6a-5564-437b-92eb-0f148c890629
2019-11-13 17:50:08,179 [pool-27-thread-1] WARN  impl.MetricRegistriesImpl (MetricRegistriesImpl.java:lambda$create$1(61)) - First MetricRegistry has been created without registering reporters. You may need to call MetricRegistries.global().addReportRegistration(...) before.
2019-11-13 17:50:08,185 [RatisPipelineUtilsThread] INFO  pipeline.PipelineStateManager (PipelineStateManager.java:addPipeline(55)) - Created pipeline Pipeline[ Id: 1cb83915-5331-4917-ab20-6bb73285a409, Nodes: f9a4fe6a-5564-437b-92eb-0f148c890629{ip: 192.168.69.122, host: pr-hdds-2467-gc456-181853687, networkLocation: /default-rack, certSerialId: null}, Type:RATIS, Factor:ONE, State:ALLOCATED]
2019-11-13 17:50:08,609 [main] INFO  ozone.MiniOzoneClusterImpl (MiniOzoneClusterImpl.java:lambda$waitForClusterToBeReady$2(163)) - Waiting for 4 number of pipelines out of 4, to report a leader.
2019-11-13 17:50:09,609 [main] INFO  ozone.MiniOzoneClusterImpl (MiniOzoneClusterImpl.java:lambda$waitForClusterToBeReady$2(163)) - Waiting for 4 number of pipelines out of 4, to report a leader.
2019-11-13 17:50:10,610 [main] INFO  ozone.MiniOzoneClusterImpl (MiniOzoneClusterImpl.java:lambda$waitForClusterToBeReady$2(163)) - Waiting for 4 number of pipelines out of 4, to report a leader.
2019-11-13 17:50:11,610 [main] INFO  ozone.MiniOzoneClusterImpl (MiniOzoneClusterImpl.java:lambda$waitForClusterToBeReady$2(163)) - Waiting for 4 number of pipelines out of 4, to report a leader.
2019-11-13 17:50:12,611 [main] INFO  ozone.MiniOzoneClusterImpl (MiniOzoneClusterImpl.java:lambda$waitForClusterToBeReady$2(163)) - Waiting for 4 number of pipelines out of 4, to report a leader.
2019-11-13 17:50:12,996 [Thread-200] INFO  impl.FollowerState (FollowerState.java:run(111)) - 5a5ea697-a38d-4b37-b996-80d6b57047ee@group-4D2298DD575D-FollowerState: change to CANDIDATE, lastRpcTime:5193ms, electionTimeout:5193ms
2019-11-13 17:50:12,998 [Thread-200] INFO  impl.RoleInfo (RoleInfo.java:shutdownFollowerState(121)) - 5a5ea697-a38d-4b37-b996-80d6b57047ee: shutdown FollowerState
2019-11-13 17:50:12,998 [Thread-200] INFO  impl.RaftServerImpl (RaftServerImpl.java:setRole(173)) - 5a5ea697-a38d-4b37-b996-80d6b57047ee@group-4D2298DD575D: changes role from  FOLLOWER to CANDIDATE at term 0 for changeToCandidate
2019-11-13 17:50:13,003 [Thread-200] INFO  impl.RoleInfo (RoleInfo.java:updateAndGet(143)) - 5a5ea697-a38d-4b37-b996-80d6b57047ee: start LeaderElection
2019-11-13 17:50:13,108 [Thread-204] INFO  impl.FollowerState (FollowerState.java:run(111)) - bed2cb91-82a6-46d4-b0e6-50d0a1724051@group-E6CCC7D1F3B0-FollowerState: change to CANDIDATE, lastRpcTime:5190ms, electionTimeout:5190ms
2019-11-13 17:50:13,108 [Thread-204] INFO  impl.RoleInfo (RoleInfo.java:shutdownFollowerState(121)) - bed2cb91-82a6-46d4-b0e6-50d0a1724051: shutdown FollowerState
2019-11-13 17:50:13,109 [Thread-204] INFO  impl.RaftServerImpl (RaftServerImpl.java:setRole(173)) - bed2cb91-82a6-46d4-b0e6-50d0a1724051@group-E6CCC7D1F3B0: changes role from  FOLLOWER to CANDIDATE at term 0 for changeToCandidate
2019-11-13 17:50:13,109 [Thread-204] INFO  impl.RoleInfo (RoleInfo.java:updateAndGet(143)) - bed2cb91-82a6-46d4-b0e6-50d0a1724051: start LeaderElection
2019-11-13 17:50:13,122 [Thread-210] INFO  impl.FollowerState (FollowerState.java:run(111)) - f9a4fe6a-5564-437b-92eb-0f148c890629@group-C789731BCC9A-FollowerState: change to CANDIDATE, lastRpcTime:5059ms, electionTimeout:5059ms
2019-11-13 17:50:13,122 [Thread-210] INFO  impl.RoleInfo (RoleInfo.java:shutdownFollowerState(121)) - f9a4fe6a-5564-437b-92eb-0f148c890629: shutdown FollowerState
2019-11-13 17:50:13,123 [Thread-210] INFO  impl.RaftServerImpl (RaftServerImpl.java:setRole(173)) - f9a4fe6a-5564-437b-92eb-0f148c890629@group-C789731BCC9A: changes role from  FOLLOWER to CANDIDATE at term 0 for changeToCandidate
2019-11-13 17:50:13,123 [Thread-210] INFO  impl.RoleInfo (RoleInfo.java:updateAndGet(143)) - f9a4fe6a-5564-437b-92eb-0f148c890629: start LeaderElection
2019-11-13 17:50:13,169 [Thread-214] INFO  impl.FollowerState (FollowerState.java:run(111)) - bed2cb91-82a6-46d4-b0e6-50d0a1724051@group-C789731BCC9A-FollowerState: change to CANDIDATE, lastRpcTime:5091ms, electionTimeout:5091ms
2019-11-13 17:50:13,169 [Thread-214] INFO  impl.RoleInfo (RoleInfo.java:shutdownFollowerState(121)) - bed2cb91-82a6-46d4-b0e6-50d0a1724051: shutdown FollowerState
2019-11-13 17:50:13,169 [Thread-214] INFO  impl.RaftServerImpl (RaftServerImpl.java:setRole(173)) - bed2cb91-82a6-46d4-b0e6-50d0a1724051@group-C789731BCC9A: changes role from  FOLLOWER to CANDIDATE at term 0 for changeToCandidate
2019-11-13 17:50:13,169 [Thread-214] INFO  impl.RoleInfo (RoleInfo.java:updateAndGet(143)) - bed2cb91-82a6-46d4-b0e6-50d0a1724051: start LeaderElection
2019-11-13 17:50:13,196 [Thread-216] INFO  impl.FollowerState (FollowerState.java:run(111)) - 5a5ea697-a38d-4b37-b996-80d6b57047ee@group-C789731BCC9A-FollowerState: change to CANDIDATE, lastRpcTime:5117ms, electionTimeout:5117ms
2019-11-13 17:50:13,197 [Thread-216] INFO  impl.RoleInfo (RoleInfo.java:shutdownFollowerState(121)) - 5a5ea697-a38d-4b37-b996-80d6b57047ee: shutdown FollowerState
2019-11-13 17:50:13,197 [Thread-216] INFO  impl.RaftServerImpl (RaftServerImpl.java:setRole(173)) - 5a5ea697-a38d-4b37-b996-80d6b57047ee@group-C789731BCC9A: changes role from  FOLLOWER to CANDIDATE at term 0 for changeToCandidate
2019-11-13 17:50:13,197 [Thread-216] INFO  impl.RoleInfo (RoleInfo.java:updateAndGet(143)) - 5a5ea697-a38d-4b37-b996-80d6b57047ee: start LeaderElection
2019-11-13 17:50:13,221 [Thread-220] INFO  impl.FollowerState (FollowerState.java:run(111)) - f9a4fe6a-5564-437b-92eb-0f148c890629@group-6BB73285A409-FollowerState: change to CANDIDATE, lastRpcTime:5042ms, electionTimeout:5042ms
2019-11-13 17:50:13,221 [Thread-220] INFO  impl.RoleInfo (RoleInfo.java:shutdownFollowerState(121)) - f9a4fe6a-5564-437b-92eb-0f148c890629: shutdown FollowerState
2019-11-13 17:50:13,221 [Thread-220] INFO  impl.RaftServerImpl (RaftServerImpl.java:setRole(173)) - f9a4fe6a-5564-437b-92eb-0f148c890629@group-6BB73285A409: changes role from  FOLLOWER to CANDIDATE at term 0 for changeToCandidate
2019-11-13 17:50:13,221 [Thread-220] INFO  impl.RoleInfo (RoleInfo.java:updateAndGet(143)) - f9a4fe6a-5564-437b-92eb-0f148c890629: start LeaderElection
2019-11-13 17:50:13,611 [main] INFO  ozone.MiniOzoneClusterImpl (MiniOzoneClusterImpl.java:lambda$waitForClusterToBeReady$2(163)) - Waiting for 4 number of pipelines out of 4, to report a leader.
2019-11-13 17:50:14,584 [bed2cb91-82a6-46d4-b0e6-50d0a1724051@group-E6CCC7D1F3B0-LeaderElection2] INFO  impl.LeaderElection (LeaderElection.java:askForVotes(178)) - bed2cb91-82a6-46d4-b0e6-50d0a1724051@group-E6CCC7D1F3B0-LeaderElection2: begin an election at term 1 for -1: [bed2cb91-82a6-46d4-b0e6-50d0a1724051:192.168.69.122:33920], old=null
2019-11-13 17:50:14,585 [5a5ea697-a38d-4b37-b996-80d6b57047ee@group-C789731BCC9A-LeaderElection5] INFO  impl.LeaderElection (LeaderElection.java:askForVotes(178)) - 5a5ea697-a38d-4b37-b996-80d6b57047ee@group-C789731BCC9A-LeaderElection5: begin an election at term 1 for -1: [bed2cb91-82a6-46d4-b0e6-50d0a1724051:192.168.69.122:33920, f9a4fe6a-5564-437b-92eb-0f148c890629:192.168.69.122:40724, 5a5ea697-a38d-4b37-b996-80d6b57047ee:192.168.69.122:41091], old=null
2019-11-13 17:50:14,584 [5a5ea697-a38d-4b37-b996-80d6b57047ee@group-4D2298DD575D-LeaderElection1] INFO  impl.LeaderElection (LeaderElection.java:askForVotes(178)) - 5a5ea697-a38d-4b37-b996-80d6b57047ee@group-4D2298DD575D-LeaderElection1: begin an election at term 1 for -1: [5a5ea697-a38d-4b37-b996-80d6b57047ee:192.168.69.122:41091], old=null
2019-11-13 17:50:14,585 [f9a4fe6a-5564-437b-92eb-0f148c890629@group-C789731BCC9A-LeaderElection3] INFO  impl.LeaderElection (LeaderElection.java:askForVotes(178)) - f9a4fe6a-5564-437b-92eb-0f148c890629@group-C789731BCC9A-LeaderElection3: begin an election at term 1 for -1: [bed2cb91-82a6-46d4-b0e6-50d0a1724051:192.168.69.122:33920, f9a4fe6a-5564-437b-92eb-0f148c890629:192.168.69.122:40724, 5a5ea697-a38d-4b37-b996-80d6b57047ee:192.168.69.122:41091], old=null
2019-11-13 17:50:14,585 [bed2cb91-82a6-46d4-b0e6-50d0a1724051@group-C789731BCC9A-LeaderElection4] INFO  impl.LeaderElection (LeaderElection.java:askForVotes(178)) - bed2cb91-82a6-46d4-b0e6-50d0a1724051@group-C789731BCC9A-LeaderElection4: begin an election at term 1 for -1: [bed2cb91-82a6-46d4-b0e6-50d0a1724051:192.168.69.122:33920, f9a4fe6a-5564-437b-92eb-0f148c890629:192.168.69.122:40724, 5a5ea697-a38d-4b37-b996-80d6b57047ee:192.168.69.122:41091], old=null
2019-11-13 17:50:14,585 [f9a4fe6a-5564-437b-92eb-0f148c890629@group-6BB73285A409-LeaderElection6] INFO  impl.LeaderElection (LeaderElection.java:askForVotes(178)) - f9a4fe6a-5564-437b-92eb-0f148c890629@group-6BB73285A409-LeaderElection6: begin an election at term 1 for -1: [f9a4fe6a-5564-437b-92eb-0f148c890629:192.168.69.122:40724], old=null
2019-11-13 17:50:14,590 [5a5ea697-a38d-4b37-b996-80d6b57047ee@group-4D2298DD575D-LeaderElection1] INFO  impl.RoleInfo (RoleInfo.java:shutdownLeaderElection(134)) - 5a5ea697-a38d-4b37-b996-80d6b57047ee: shutdown LeaderElection
2019-11-13 17:50:14,590 [bed2cb91-82a6-46d4-b0e6-50d0a1724051@group-E6CCC7D1F3B0-LeaderElection2] INFO  impl.RoleInfo (RoleInfo.java:shutdownLeaderElection(134)) - bed2cb91-82a6-46d4-b0e6-50d0a1724051: shutdown LeaderElection
2019-11-13 17:50:14,590 [f9a4fe6a-5564-437b-92eb-0f148c890629@group-6BB73285A409-LeaderElection6] INFO  impl.RoleInfo (RoleInfo.java:shutdownLeaderElection(134)) - f9a4fe6a-5564-437b-92eb-0f148c890629: shutdown LeaderElection
2019-11-13 17:50:14,591 [bed2cb91-82a6-46d4-b0e6-50d0a1724051@group-E6CCC7D1F3B0-LeaderElection2] INFO  impl.RaftServerImpl (RaftServerImpl.java:setRole(173)) - bed2cb91-82a6-46d4-b0e6-50d0a1724051@group-E6CCC7D1F3B0: changes role from CANDIDATE to LEADER at term 1 for changeToLeader
2019-11-13 17:50:14,591 [f9a4fe6a-5564-437b-92eb-0f148c890629@group-6BB73285A409-LeaderElection6] INFO  impl.RaftServerImpl (RaftServerImpl.java:setRole(173)) - f9a4fe6a-5564-437b-92eb-0f148c890629@group-6BB73285A409: changes role from CANDIDATE to LEADER at term 1 for changeToLeader
2019-11-13 17:50:14,591 [bed2cb91-82a6-46d4-b0e6-50d0a1724051@group-E6CCC7D1F3B0-LeaderElection2] INFO  ratis.XceiverServerRatis (XceiverServerRatis.java:handleLeaderChangedNotification(697)) - Leader change notification received for group: group-E6CCC7D1F3B0 with new leaderId: bed2cb91-82a6-46d4-b0e6-50d0a1724051
2019-11-13 17:50:14,591 [f9a4fe6a-5564-437b-92eb-0f148c890629@group-6BB73285A409-LeaderElection6] INFO  ratis.XceiverServerRatis (XceiverServerRatis.java:handleLeaderChangedNotification(697)) - Leader change notification received for group: group-6BB73285A409 with new leaderId: f9a4fe6a-5564-437b-92eb-0f148c890629
2019-11-13 17:50:14,595 [f9a4fe6a-5564-437b-92eb-0f148c890629@group-6BB73285A409-LeaderElection6] INFO  impl.RaftServerImpl (ServerState.java:setLeader(255)) - f9a4fe6a-5564-437b-92eb-0f148c890629@group-6BB73285A409: change Leader from null to f9a4fe6a-5564-437b-92eb-0f148c890629 at term 1 for becomeLeader, leader elected after 6415ms
2019-11-13 17:50:14,596 [bed2cb91-82a6-46d4-b0e6-50d0a1724051@group-E6CCC7D1F3B0-LeaderElection2] INFO  impl.RaftServerImpl (ServerState.java:setLeader(255)) - bed2cb91-82a6-46d4-b0e6-50d0a1724051@group-E6CCC7D1F3B0: change Leader from null to bed2cb91-82a6-46d4-b0e6-50d0a1724051 at term 1 for becomeLeader, leader elected after 6678ms
2019-11-13 17:50:14,596 [5a5ea697-a38d-4b37-b996-80d6b57047ee@group-4D2298DD575D-LeaderElection1] INFO  impl.RaftServerImpl (RaftServerImpl.java:setRole(173)) - 5a5ea697-a38d-4b37-b996-80d6b57047ee@group-4D2298DD575D: changes role from CANDIDATE to LEADER at term 1 for changeToLeader
2019-11-13 17:50:14,597 [5a5ea697-a38d-4b37-b996-80d6b57047ee@group-4D2298DD575D-LeaderElection1] INFO  ratis.XceiverServerRatis (XceiverServerRatis.java:handleLeaderChangedNotification(697)) - Leader change notification received for group: group-4D2298DD575D with new leaderId: 5a5ea697-a38d-4b37-b996-80d6b57047ee
2019-11-13 17:50:14,599 [5a5ea697-a38d-4b37-b996-80d6b57047ee@group-4D2298DD575D-LeaderElection1] INFO  impl.RaftServerImpl (ServerState.java:setLeader(255)) - 5a5ea697-a38d-4b37-b996-80d6b57047ee@group-4D2298DD575D: change Leader from null to 5a5ea697-a38d-4b37-b996-80d6b57047ee at term 1 for becomeLeader, leader elected after 6800ms
2019-11-13 17:50:14,602 [5a5ea697-a38d-4b37-b996-80d6b57047ee@group-4D2298DD575D-LeaderElection1] INFO  server.RaftServerConfigKeys (ConfUtils.java:logGet(43)) - raft.server.staging.catchup.gap = 1000 (default)
2019-11-13 17:50:14,602 [bed2cb91-82a6-46d4-b0e6-50d0a1724051@group-E6CCC7D1F3B0-LeaderElection2] INFO  server.RaftServerConfigKeys (ConfUtils.java:logGet(43)) - raft.server.staging.catchup.gap = 1000 (default)
2019-11-13 17:50:14,602 [5a5ea697-a38d-4b37-b996-80d6b57047ee@group-4D2298DD575D-LeaderElection1] INFO  server.RaftServerConfigKeys (ConfUtils.java:logGet(43)) - raft.server.rpc.sleep.time = 25ms (default)
2019-11-13 17:50:14,602 [f9a4fe6a-5564-437b-92eb-0f148c890629@group-6BB73285A409-LeaderElection6] INFO  server.RaftServerConfigKeys (ConfUtils.java:logGet(43)) - raft.server.staging.catchup.gap = 1000 (default)
2019-11-13 17:50:14,602 [bed2cb91-82a6-46d4-b0e6-50d0a1724051@group-E6CCC7D1F3B0-LeaderElection2] INFO  server.RaftServerConfigKeys (ConfUtils.java:logGet(43)) - raft.server.rpc.sleep.time = 25ms (default)
2019-11-13 17:50:14,602 [f9a4fe6a-5564-437b-92eb-0f148c890629@group-6BB73285A409-LeaderElection6] INFO  server.RaftServerConfigKeys (ConfUtils.java:logGet(43)) - raft.server.rpc.sleep.time = 25ms (default)
2019-11-13 17:50:14,612 [main] INFO  ozone.MiniOzoneClusterImpl (MiniOzoneClusterImpl.java:lambda$waitForClusterToBeReady$2(163)) - Waiting for 4 number of pipelines out of 4, to report a leader.
2019-11-13 17:50:14,612 [bed2cb91-82a6-46d4-b0e6-50d0a1724051@group-E6CCC7D1F3B0-LeaderElection2] INFO  server.RaftServerConfigKeys (ConfUtils.java:logGet(43)) - raft.server.write.element-limit = 4096 (default)
2019-11-13 17:50:14,613 [f9a4fe6a-5564-437b-92eb-0f148c890629@group-6BB73285A409-LeaderElection6] INFO  server.RaftServerConfigKeys (ConfUtils.java:logGet(43)) - raft.server.write.element-limit = 4096 (default)
2019-11-13 17:50:14,614 [5a5ea697-a38d-4b37-b996-80d6b57047ee@group-4D2298DD575D-LeaderElection1] INFO  server.RaftServerConfigKeys (ConfUtils.java:logGet(43)) - raft.server.write.element-limit = 4096 (default)
2019-11-13 17:50:14,615 [bed2cb91-82a6-46d4-b0e6-50d0a1724051@group-E6CCC7D1F3B0-LeaderElection2] INFO  server.RaftServerConfigKeys (ConfUtils.java:logGet(43)) - raft.server.watch.timeout = 10s (default)
2019-11-13 17:50:14,615 [bed2cb91-82a6-46d4-b0e6-50d0a1724051@group-E6CCC7D1F3B0-LeaderElection2] INFO  server.RaftServerConfigKeys (ConfUtils.java:logGet(43)) - raft.server.watch.timeout.denomination = 1s (default)
2019-11-13 17:50:14,615 [f9a4fe6a-5564-437b-92eb-0f148c890629@group-6BB73285A409-LeaderElection6] INFO  server.RaftServerConfigKeys (ConfUtils.java:logGet(43)) - raft.server.watch.timeout = 10s (default)
2019-11-13 17:50:14,616 [f9a4fe6a-5564-437b-92eb-0f148c890629@group-6BB73285A409-LeaderElection6] INFO  server.RaftServerConfigKeys (ConfUtils.java:logGet(43)) - raft.server.watch.timeout.denomination = 1s (default)
2019-11-13 17:50:14,616 [bed2cb91-82a6-46d4-b0e6-50d0a1724051@group-E6CCC7D1F3B0-LeaderElection2] INFO  server.RaftServerConfigKeys (ConfUtils.java:logGet(43)) - raft.server.watch.element-limit = 65536 (default)
2019-11-13 17:50:14,616 [f9a4fe6a-5564-437b-92eb-0f148c890629@group-6BB73285A409-LeaderElection6] INFO  server.RaftServerConfigKeys (ConfUtils.java:logGet(43)) - raft.server.watch.element-limit = 65536 (default)
2019-11-13 17:50:14,617 [5a5ea697-a38d-4b37-b996-80d6b57047ee@group-4D2298DD575D-LeaderElection1] INFO  server.RaftServerConfigKeys (ConfUtils.java:logGet(43)) - raft.server.watch.timeout = 10s (default)
2019-11-13 17:50:14,618 [5a5ea697-a38d-4b37-b996-80d6b57047ee@group-4D2298DD575D-LeaderElection1] INFO  server.RaftServerConfigKeys (ConfUtils.java:logGet(43)) - raft.server.watch.timeout.denomination = 1s (default)
2019-11-13 17:50:14,619 [5a5ea697-a38d-4b37-b996-80d6b57047ee@group-4D2298DD575D-LeaderElection1] INFO  server.RaftServerConfigKeys (ConfUtils.java:logGet(43)) - raft.server.watch.element-limit = 65536 (default)
2019-11-13 17:50:14,632 [bed2cb91-82a6-46d4-b0e6-50d0a1724051@group-E6CCC7D1F3B0-LeaderElection2] INFO  impl.RoleInfo (RoleInfo.java:updateAndGet(143)) - bed2cb91-82a6-46d4-b0e6-50d0a1724051: start LeaderState
2019-11-13 17:50:14,632 [5a5ea697-a38d-4b37-b996-80d6b57047ee@group-4D2298DD575D-LeaderElection1] INFO  impl.RoleInfo (RoleInfo.java:updateAndGet(143)) - 5a5ea697-a38d-4b37-b996-80d6b57047ee: start LeaderState
2019-11-13 17:50:14,632 [f9a4fe6a-5564-437b-92eb-0f148c890629@group-6BB73285A409-LeaderElection6] INFO  impl.RoleInfo (RoleInfo.java:updateAndGet(143)) - f9a4fe6a-5564-437b-92eb-0f148c890629: start LeaderState
2019-11-13 17:50:14,635 [EventQueue-PipelineReportForPipelineReportHandler] INFO  pipeline.PipelineStateManager (PipelineStateManager.java:openPipeline(134)) - Pipeline Pipeline[ Id: 1cb83915-5331-4917-ab20-6bb73285a409, Nodes: f9a4fe6a-5564-437b-92eb-0f148c890629{ip: 192.168.69.122, host: pr-hdds-2467-gc456-181853687, networkLocation: /default-rack, certSerialId: null}, Type:RATIS, Factor:ONE, State:OPEN] moved to OPEN state
2019-11-13 17:50:14,636 [EventQueue-PipelineReportForPipelineReportHandler] INFO  pipeline.PipelineStateManager (PipelineStateManager.java:openPipeline(134)) - Pipeline Pipeline[ Id: 984fd82d-c55c-46bc-9bdb-4d2298dd575d, Nodes: 5a5ea697-a38d-4b37-b996-80d6b57047ee{ip: 192.168.69.122, host: pr-hdds-2467-gc456-181853687, networkLocation: /default-rack, certSerialId: null}, Type:RATIS, Factor:ONE, State:OPEN] moved to OPEN state
2019-11-13 17:50:14,636 [EventQueue-PipelineReportForPipelineReportHandler] INFO  pipeline.PipelineStateManager (PipelineStateManager.java:openPipeline(134)) - Pipeline Pipeline[ Id: 46e3f977-8665-4014-9bd7-e6ccc7d1f3b0, Nodes: bed2cb91-82a6-46d4-b0e6-50d0a1724051{ip: 192.168.69.122, host: pr-hdds-2467-gc456-181853687, networkLocation: /default-rack, certSerialId: null}, Type:RATIS, Factor:ONE, State:OPEN] moved to OPEN state
2019-11-13 17:50:14,643 [5a5ea697-a38d-4b37-b996-80d6b57047ee@group-C789731BCC9A-LeaderElection5] INFO  impl.LeaderElection (LeaderElection.java:logAndReturn(56)) - 5a5ea697-a38d-4b37-b996-80d6b57047ee@group-C789731BCC9A-LeaderElection5: Election REJECTED; received 2 response(s) [5a5ea697-a38d-4b37-b996-80d6b57047ee<-bed2cb91-82a6-46d4-b0e6-50d0a1724051#0:FAIL-t1, 5a5ea697-a38d-4b37-b996-80d6b57047ee<-f9a4fe6a-5564-437b-92eb-0f148c890629#0:FAIL-t1] and 0 exception(s); 5a5ea697-a38d-4b37-b996-80d6b57047ee@group-C789731BCC9A:t1, leader=null, voted=5a5ea697-a38d-4b37-b996-80d6b57047ee, raftlog=5a5ea697-a38d-4b37-b996-80d6b57047ee@group-C789731BCC9A-SegmentedRaftLog:OPENED:c-1,f-1,i0, conf=-1: [bed2cb91-82a6-46d4-b0e6-50d0a1724051:192.168.69.122:33920, f9a4fe6a-5564-437b-92eb-0f148c890629:192.168.69.122:40724, 5a5ea697-a38d-4b37-b996-80d6b57047ee:192.168.69.122:41091], old=null
2019-11-13 17:50:14,643 [f9a4fe6a-5564-437b-92eb-0f148c890629@group-C789731BCC9A-LeaderElection3] INFO  impl.LeaderElection (LeaderElection.java:logAndReturn(56)) - f9a4fe6a-5564-437b-92eb-0f148c890629@group-C789731BCC9A-LeaderElection3: Election REJECTED; received 2 response(s) [f9a4fe6a-5564-437b-92eb-0f148c890629<-bed2cb91-82a6-46d4-b0e6-50d0a1724051#0:FAIL-t1, f9a4fe6a-5564-437b-92eb-0f148c890629<-5a5ea697-a38d-4b37-b996-80d6b57047ee#0:FAIL-t1] and 0 exception(s); f9a4fe6a-5564-437b-92eb-0f148c890629@group-C789731BCC9A:t1, leader=null, voted=f9a4fe6a-5564-437b-92eb-0f148c890629, raftlog=f9a4fe6a-5564-437b-92eb-0f148c890629@group-C789731BCC9A-SegmentedRaftLog:OPENED:c-1,f-1,i0, conf=-1: [bed2cb91-82a6-46d4-b0e6-50d0a1724051:192.168.69.122:33920, f9a4fe6a-5564-437b-92eb-0f148c890629:192.168.69.122:40724, 5a5ea697-a38d-4b37-b996-80d6b57047ee:192.168.69.122:41091], old=null
2019-11-13 17:50:14,643 [bed2cb91-82a6-46d4-b0e6-50d0a1724051@group-C789731BCC9A-LeaderElection4] INFO  impl.LeaderElection (LeaderElection.java:logAndReturn(56)) - bed2cb91-82a6-46d4-b0e6-50d0a1724051@group-C789731BCC9A-LeaderElection4: Election REJECTED; received 2 response(s) [bed2cb91-82a6-46d4-b0e6-50d0a1724051<-f9a4fe6a-5564-437b-92eb-0f148c890629#0:FAIL-t1, bed2cb91-82a6-46d4-b0e6-50d0a1724051<-5a5ea697-a38d-4b37-b996-80d6b57047ee#0:FAIL-t1] and 0 exception(s); bed2cb91-82a6-46d4-b0e6-50d0a1724051@group-C789731BCC9A:t1, leader=null, voted=bed2cb91-82a6-46d4-b0e6-50d0a1724051, raftlog=bed2cb91-82a6-46d4-b0e6-50d0a1724051@group-C789731BCC9A-SegmentedRaftLog:OPENED:c-1,f-1,i0, conf=-1: [bed2cb91-82a6-46d4-b0e6-50d0a1724051:192.168.69.122:33920, f9a4fe6a-5564-437b-92eb-0f148c890629:192.168.69.122:40724, 5a5ea697-a38d-4b37-b996-80d6b57047ee:192.168.69.122:41091], old=null
2019-11-13 17:50:14,647 [f9a4fe6a-5564-437b-92eb-0f148c890629@group-C789731BCC9A-LeaderElection3] INFO  impl.RaftServerImpl (RaftServerImpl.java:setRole(173)) - f9a4fe6a-5564-437b-92eb-0f148c890629@group-C789731BCC9A: changes role from CANDIDATE to FOLLOWER at term 1 for DISCOVERED_A_NEW_TERM
2019-11-13 17:50:14,647 [5a5ea697-a38d-4b37-b996-80d6b57047ee@group-C789731BCC9A-LeaderElection5] INFO  impl.RaftServerImpl (RaftServerImpl.java:setRole(173)) - 5a5ea697-a38d-4b37-b996-80d6b57047ee@group-C789731BCC9A: changes role from CANDIDATE to FOLLOWER at term 1 for DISCOVERED_A_NEW_TERM
2019-11-13 17:50:14,648 [5a5ea697-a38d-4b37-b996-80d6b57047ee@group-C789731BCC9A-LeaderElection5] INFO  impl.RoleInfo (RoleInfo.java:shutdownLeaderElection(134)) - 5a5ea697-a38d-4b37-b996-80d6b57047ee: shutdown LeaderElection
2019-11-13 17:50:14,648 [bed2cb91-82a6-46d4-b0e6-50d0a1724051@group-C789731BCC9A-LeaderElection4] INFO  impl.RaftServerImpl (RaftServerImpl.java:setRole(173)) - bed2cb91-82a6-46d4-b0e6-50d0a1724051@group-C789731BCC9A: changes role from CANDIDATE to FOLLOWER at term 1 for DISCOVERED_A_NEW_TERM
2019-11-13 17:50:14,648 [f9a4fe6a-5564-437b-92eb-0f148c890629@group-C789731BCC9A-LeaderElection3] INFO  impl.RoleInfo (RoleInfo.java:shutdownLeaderElection(134)) - f9a4fe6a-5564-437b-92eb-0f148c890629: shutdown LeaderElection
2019-11-13 17:50:14,649 [5a5ea697-a38d-4b37-b996-80d6b57047ee@group-C789731BCC9A-LeaderElection5] INFO  impl.RoleInfo (RoleInfo.java:updateAndGet(143)) - 5a5ea697-a38d-4b37-b996-80d6b57047ee: start FollowerState
2019-11-13 17:50:14,649 [bed2cb91-82a6-46d4-b0e6-50d0a1724051@group-C789731BCC9A-LeaderElection4] INFO  impl.RoleInfo (RoleInfo.java:shutdownLeaderElection(134)) - bed2cb91-82a6-46d4-b0e6-50d0a1724051: shutdown LeaderElection
2019-11-13 17:50:14,649 [f9a4fe6a-5564-437b-92eb-0f148c890629@group-C789731BCC9A-LeaderElection3] INFO  impl.RoleInfo (RoleInfo.java:updateAndGet(143)) - f9a4fe6a-5564-437b-92eb-0f148c890629: start FollowerState
2019-11-13 17:50:14,650 [bed2cb91-82a6-46d4-b0e6-50d0a1724051@group-C789731BCC9A-LeaderElection4] INFO  impl.RoleInfo (RoleInfo.java:updateAndGet(143)) - bed2cb91-82a6-46d4-b0e6-50d0a1724051: start FollowerState
2019-11-13 17:50:14,656 [f9a4fe6a-5564-437b-92eb-0f148c890629@group-6BB73285A409-LeaderElection6] INFO  segmented.SegmentedRaftLogWorker (SegmentedRaftLogWorker.java:startLogSegment(385)) - f9a4fe6a-5564-437b-92eb-0f148c890629@group-6BB73285A409-SegmentedRaftLogWorker: Starting segment from index:0
2019-11-13 17:50:14,656 [bed2cb91-82a6-46d4-b0e6-50d0a1724051@group-E6CCC7D1F3B0-LeaderElection2] INFO  segmented.SegmentedRaftLogWorker (SegmentedRaftLogWorker.java:startLogSegment(385)) - bed2cb91-82a6-46d4-b0e6-50d0a1724051@group-E6CCC7D1F3B0-SegmentedRaftLogWorker: Starting segment from index:0
2019-11-13 17:50:14,656 [5a5ea697-a38d-4b37-b996-80d6b57047ee@group-4D2298DD575D-LeaderElection1] INFO  segmented.SegmentedRaftLogWorker (SegmentedRaftLogWorker.java:startLogSegment(385)) - 5a5ea697-a38d-4b37-b996-80d6b57047ee@group-4D2298DD575D-SegmentedRaftLogWorker: Starting segment from index:0
2019-11-13 17:50:14,669 [5a5ea697-a38d-4b37-b996-80d6b57047ee@group-4D2298DD575D-LeaderElection1] INFO  impl.RaftServerImpl (ServerState.java:setRaftConf(356)) - 5a5ea697-a38d-4b37-b996-80d6b57047ee@group-4D2298DD575D: set configuration 0: [5a5ea697-a38d-4b37-b996-80d6b57047ee:192.168.69.122:41091], old=null at 0
2019-11-13 17:50:14,669 [bed2cb91-82a6-46d4-b0e6-50d0a1724051@group-E6CCC7D1F3B0-LeaderElection2] INFO  impl.RaftServerImpl (ServerState.java:setRaftConf(356)) - bed2cb91-82a6-46d4-b0e6-50d0a1724051@group-E6CCC7D1F3B0: set configuration 0: [bed2cb91-82a6-46d4-b0e6-50d0a1724051:192.168.69.122:33920], old=null at 0
2019-11-13 17:50:14,669 [f9a4fe6a-5564-437b-92eb-0f148c890629@group-6BB73285A409-LeaderElection6] INFO  impl.RaftServerImpl (ServerState.java:setRaftConf(356)) - f9a4fe6a-5564-437b-92eb-0f148c890629@group-6BB73285A409: set configuration 0: [f9a4fe6a-5564-437b-92eb-0f148c890629:192.168.69.122:40724], old=null at 0
2019-11-13 17:50:15,612 [main] INFO  ozone.MiniOzoneClusterImpl (MiniOzoneClusterImpl.java:lambda$waitForClusterToBeReady$2(163)) - Waiting for 1 number of pipelines out of 4, to report a leader.
2019-11-13 17:50:16,613 [main] INFO  ozone.MiniOzoneClusterImpl (MiniOzoneClusterImpl.java:lambda$waitForClusterToBeReady$2(163)) - Waiting for 1 number of pipelines out of 4, to report a leader.
2019-11-13 17:50:17,170 [5a5ea697-a38d-4b37-b996-80d6b57047ee@group-4D2298DD575D-SegmentedRaftLogWorker] INFO  segmented.SegmentedRaftLogWorker (SegmentedRaftLogWorker.java:execute(576)) - 5a5ea697-a38d-4b37-b996-80d6b57047ee@group-4D2298DD575D-SegmentedRaftLogWorker: created new log segment /workdir/hadoop-ozone/tools/target/test-dir/MiniOzoneClusterImpl-31c51053-f4bb-4924-8f23-fc5f70fd2f8a/datanode-2/data/ratis/984fd82d-c55c-46bc-9bdb-4d2298dd575d/current/log_inprogress_0
2019-11-13 17:50:17,170 [bed2cb91-82a6-46d4-b0e6-50d0a1724051@group-E6CCC7D1F3B0-SegmentedRaftLogWorker] INFO  segmented.SegmentedRaftLogWorker (SegmentedRaftLogWorker.java:execute(576)) - bed2cb91-82a6-46d4-b0e6-50d0a1724051@group-E6CCC7D1F3B0-SegmentedRaftLogWorker: created new log segment /workdir/hadoop-ozone/tools/target/test-dir/MiniOzoneClusterImpl-31c51053-f4bb-4924-8f23-fc5f70fd2f8a/datanode-1/data/ratis/46e3f977-8665-4014-9bd7-e6ccc7d1f3b0/current/log_inprogress_0
2019-11-13 17:50:17,170 [f9a4fe6a-5564-437b-92eb-0f148c890629@group-6BB73285A409-SegmentedRaftLogWorker] INFO  segmented.SegmentedRaftLogWorker (SegmentedRaftLogWorker.java:execute(576)) - f9a4fe6a-5564-437b-92eb-0f148c890629@group-6BB73285A409-SegmentedRaftLogWorker: created new log segment /workdir/hadoop-ozone/tools/target/test-dir/MiniOzoneClusterImpl-31c51053-f4bb-4924-8f23-fc5f70fd2f8a/datanode-0/data/ratis/1cb83915-5331-4917-ab20-6bb73285a409/current/log_inprogress_0
2019-11-13 17:50:17,614 [main] INFO  ozone.MiniOzoneClusterImpl (MiniOzoneClusterImpl.java:lambda$waitForClusterToBeReady$2(163)) - Waiting for 1 number of pipelines out of 4, to report a leader.
2019-11-13 17:50:18,614 [main] INFO  ozone.MiniOzoneClusterImpl (MiniOzoneClusterImpl.java:lambda$waitForClusterToBeReady$2(163)) - Waiting for 1 number of pipelines out of 4, to report a leader.
2019-11-13 17:50:19,615 [main] INFO  ozone.MiniOzoneClusterImpl (MiniOzoneClusterImpl.java:lambda$waitForClusterToBeReady$2(163)) - Waiting for 1 number of pipelines out of 4, to report a leader.
2019-11-13 17:50:19,668 [Thread-239] INFO  impl.FollowerState (FollowerState.java:run(111)) - bed2cb91-82a6-46d4-b0e6-50d0a1724051@group-C789731BCC9A-FollowerState: change to CANDIDATE, lastRpcTime:5018ms, electionTimeout:5017ms
2019-11-13 17:50:19,668 [Thread-239] INFO  impl.RoleInfo (RoleInfo.java:shutdownFollowerState(121)) - bed2cb91-82a6-46d4-b0e6-50d0a1724051: shutdown FollowerState
2019-11-13 17:50:19,669 [Thread-239] INFO  impl.RaftServerImpl (RaftServerImpl.java:setRole(173)) - bed2cb91-82a6-46d4-b0e6-50d0a1724051@group-C789731BCC9A: changes role from  FOLLOWER to CANDIDATE at term 1 for changeToCandidate
2019-11-13 17:50:19,669 [Thread-239] INFO  impl.RoleInfo (RoleInfo.java:updateAndGet(143)) - bed2cb91-82a6-46d4-b0e6-50d0a1724051: start LeaderElection
2019-11-13 17:50:19,775 [Thread-237] INFO  impl.FollowerState (FollowerState.java:run(111)) - 5a5ea697-a38d-4b37-b996-80d6b57047ee@group-C789731BCC9A-FollowerState: change to CANDIDATE, lastRpcTime:5126ms, electionTimeout:5125ms
2019-11-13 17:50:19,775 [Thread-237] INFO  impl.RoleInfo (RoleInfo.java:shutdownFollowerState(121)) - 5a5ea697-a38d-4b37-b996-80d6b57047ee: shutdown FollowerState
2019-11-13 17:50:19,775 [Thread-237] INFO  impl.RaftServerImpl (RaftServerImpl.java:setRole(173)) - 5a5ea697-a38d-4b37-b996-80d6b57047ee@group-C789731BCC9A: changes role from  FOLLOWER to CANDIDATE at term 1 for changeToCandidate
2019-11-13 17:50:19,776 [Thread-237] INFO  impl.RoleInfo (RoleInfo.java:updateAndGet(143)) - 5a5ea697-a38d-4b37-b996-80d6b57047ee: start LeaderElection
2019-11-13 17:50:19,794 [Thread-238] INFO  impl.FollowerState (FollowerState.java:run(111)) - f9a4fe6a-5564-437b-92eb-0f148c890629@group-C789731BCC9A-FollowerState: change to CANDIDATE, lastRpcTime:5145ms, electionTimeout:5144ms
2019-11-13 17:50:19,794 [Thread-238] INFO  impl.RoleInfo (RoleInfo.java:shutdownFollowerState(121)) - f9a4fe6a-5564-437b-92eb-0f148c890629: shutdown FollowerState
2019-11-13 17:50:19,794 [Thread-238] INFO  impl.RaftServerImpl (RaftServerImpl.java:setRole(173)) - f9a4fe6a-5564-437b-92eb-0f148c890629@group-C789731BCC9A: changes role from  FOLLOWER to CANDIDATE at term 1 for changeToCandidate
2019-11-13 17:50:19,795 [Thread-238] INFO  impl.RoleInfo (RoleInfo.java:updateAndGet(143)) - f9a4fe6a-5564-437b-92eb-0f148c890629: start LeaderElection
2019-11-13 17:50:20,615 [main] INFO  ozone.MiniOzoneClusterImpl (MiniOzoneClusterImpl.java:lambda$waitForClusterToBeReady$2(163)) - Waiting for 1 number of pipelines out of 4, to report a leader.
2019-11-13 17:50:21,616 [main] INFO  ozone.MiniOzoneClusterImpl (MiniOzoneClusterImpl.java:lambda$waitForClusterToBeReady$2(163)) - Waiting for 1 number of pipelines out of 4, to report a leader.
2019-11-13 17:50:22,617 [main] INFO  ozone.MiniOzoneClusterImpl (MiniOzoneClusterImpl.java:lambda$waitForClusterToBeReady$2(163)) - Waiting for 1 number of pipelines out of 4, to report a leader.
2019-11-13 17:50:23,617 [main] INFO  ozone.MiniOzoneClusterImpl (MiniOzoneClusterImpl.java:lambda$waitForClusterToBeReady$2(163)) - Waiting for 1 number of pipelines out of 4, to report a leader.
2019-11-13 17:50:24,449 [5a5ea697-a38d-4b37-b996-80d6b57047ee@group-C789731BCC9A-LeaderElection8] INFO  impl.LeaderElection (LeaderElection.java:askForVotes(178)) - 5a5ea697-a38d-4b37-b996-80d6b57047ee@group-C789731BCC9A-LeaderElection8: begin an election at term 2 for -1: [bed2cb91-82a6-46d4-b0e6-50d0a1724051:192.168.69.122:33920, f9a4fe6a-5564-437b-92eb-0f148c890629:192.168.69.122:40724, 5a5ea697-a38d-4b37-b996-80d6b57047ee:192.168.69.122:41091], old=null
2019-11-13 17:50:24,449 [bed2cb91-82a6-46d4-b0e6-50d0a1724051@group-C789731BCC9A-LeaderElection7] INFO  impl.LeaderElection (LeaderElection.java:askForVotes(178)) - bed2cb91-82a6-46d4-b0e6-50d0a1724051@group-C789731BCC9A-LeaderElection7: begin an election at term 2 for -1: [bed2cb91-82a6-46d4-b0e6-50d0a1724051:192.168.69.122:33920, f9a4fe6a-5564-437b-92eb-0f148c890629:192.168.69.122:40724, 5a5ea697-a38d-4b37-b996-80d6b57047ee:192.168.69.122:41091], old=null
2019-11-13 17:50:24,449 [f9a4fe6a-5564-437b-92eb-0f148c890629@group-C789731BCC9A-LeaderElection9] INFO  impl.LeaderElection (LeaderElection.java:askForVotes(178)) - f9a4fe6a-5564-437b-92eb-0f148c890629@group-C789731BCC9A-LeaderElection9: begin an election at term 2 for -1: [bed2cb91-82a6-46d4-b0e6-50d0a1724051:192.168.69.122:33920, f9a4fe6a-5564-437b-92eb-0f148c890629:192.168.69.122:40724, 5a5ea697-a38d-4b37-b996-80d6b57047ee:192.168.69.122:41091], old=null
2019-11-13 17:50:24,471 [bed2cb91-82a6-46d4-b0e6-50d0a1724051@group-C789731BCC9A-LeaderElection7] INFO  impl.LeaderElection (LeaderElection.java:logAndReturn(56)) - bed2cb91-82a6-46d4-b0e6-50d0a1724051@group-C789731BCC9A-LeaderElection7: Election REJECTED; received 2 response(s) [bed2cb91-82a6-46d4-b0e6-50d0a1724051<-f9a4fe6a-5564-437b-92eb-0f148c890629#0:FAIL-t2, bed2cb91-82a6-46d4-b0e6-50d0a1724051<-5a5ea697-a38d-4b37-b996-80d6b57047ee#0:FAIL-t2] and 0 exception(s); bed2cb91-82a6-46d4-b0e6-50d0a1724051@group-C789731BCC9A:t2, leader=null, voted=bed2cb91-82a6-46d4-b0e6-50d0a1724051, raftlog=bed2cb91-82a6-46d4-b0e6-50d0a1724051@group-C789731BCC9A-SegmentedRaftLog:OPENED:c-1,f-1,i0, conf=-1: [bed2cb91-82a6-46d4-b0e6-50d0a1724051:192.168.69.122:33920, f9a4fe6a-5564-437b-92eb-0f148c890629:192.168.69.122:40724, 5a5ea697-a38d-4b37-b996-80d6b57047ee:192.168.69.122:41091], old=null
2019-11-13 17:50:24,472 [bed2cb91-82a6-46d4-b0e6-50d0a1724051@group-C789731BCC9A-LeaderElection7] INFO  impl.RaftServerImpl (RaftServerImpl.java:setRole(173)) - bed2cb91-82a6-46d4-b0e6-50d0a1724051@group-C789731BCC9A: changes role from CANDIDATE to FOLLOWER at term 2 for DISCOVERED_A_NEW_TERM
2019-11-13 17:50:24,475 [bed2cb91-82a6-46d4-b0e6-50d0a1724051@group-C789731BCC9A-LeaderElection7] INFO  impl.RoleInfo (RoleInfo.java:shutdownLeaderElection(134)) - bed2cb91-82a6-46d4-b0e6-50d0a1724051: shutdown LeaderElection
2019-11-13 17:50:24,475 [bed2cb91-82a6-46d4-b0e6-50d0a1724051@group-C789731BCC9A-LeaderElection7] INFO  impl.RoleInfo (RoleInfo.java:updateAndGet(143)) - bed2cb91-82a6-46d4-b0e6-50d0a1724051: start FollowerState
2019-11-13 17:50:24,476 [5a5ea697-a38d-4b37-b996-80d6b57047ee@group-C789731BCC9A-LeaderElection8] INFO  impl.LeaderElection (LeaderElection.java:logAndReturn(56)) - 5a5ea697-a38d-4b37-b996-80d6b57047ee@group-C789731BCC9A-LeaderElection8: Election REJECTED; received 2 response(s) [5a5ea697-a38d-4b37-b996-80d6b57047ee<-bed2cb91-82a6-46d4-b0e6-50d0a1724051#0:FAIL-t2, 5a5ea697-a38d-4b37-b996-80d6b57047ee<-f9a4fe6a-5564-437b-92eb-0f148c890629#0:FAIL-t2] and 0 exception(s); 5a5ea697-a38d-4b37-b996-80d6b57047ee@group-C789731BCC9A:t2, leader=null, voted=5a5ea697-a38d-4b37-b996-80d6b57047ee, raftlog=5a5ea697-a38d-4b37-b996-80d6b57047ee@group-C789731BCC9A-SegmentedRaftLog:OPENED:c-1,f-1,i0, conf=-1: [bed2cb91-82a6-46d4-b0e6-50d0a1724051:192.168.69.122:33920, f9a4fe6a-5564-437b-92eb-0f148c890629:192.168.69.122:40724, 5a5ea697-a38d-4b37-b996-80d6b57047ee:192.168.69.122:41091], old=null
2019-11-13 17:50:24,477 [5a5ea697-a38d-4b37-b996-80d6b57047ee@group-C789731BCC9A-LeaderElection8] INFO  impl.RaftServerImpl (RaftServerImpl.java:setRole(173)) - 5a5ea697-a38d-4b37-b996-80d6b57047ee@group-C789731BCC9A: changes role from CANDIDATE to FOLLOWER at term 2 for DISCOVERED_A_NEW_TERM
2019-11-13 17:50:24,477 [5a5ea697-a38d-4b37-b996-80d6b57047ee@group-C789731BCC9A-LeaderElection8] INFO  impl.RoleInfo (RoleInfo.java:shutdownLeaderElection(134)) - 5a5ea697-a38d-4b37-b996-80d6b57047ee: shutdown LeaderElection
2019-11-13 17:50:24,477 [5a5ea697-a38d-4b37-b996-80d6b57047ee@group-C789731BCC9A-LeaderElection8] INFO  impl.RoleInfo (RoleInfo.java:updateAndGet(143)) - 5a5ea697-a38d-4b37-b996-80d6b57047ee: start FollowerState
2019-11-13 17:50:24,478 [f9a4fe6a-5564-437b-92eb-0f148c890629@group-C789731BCC9A-LeaderElection9] INFO  impl.LeaderElection (LeaderElection.java:logAndReturn(56)) - f9a4fe6a-5564-437b-92eb-0f148c890629@group-C789731BCC9A-LeaderElection9: Election REJECTED; received 2 response(s) [f9a4fe6a-5564-437b-92eb-0f148c890629<-bed2cb91-82a6-46d4-b0e6-50d0a1724051#0:FAIL-t2, f9a4fe6a-5564-437b-92eb-0f148c890629<-5a5ea697-a38d-4b37-b996-80d6b57047ee#0:FAIL-t2] and 0 exception(s); f9a4fe6a-5564-437b-92eb-0f148c890629@group-C789731BCC9A:t2, leader=null, voted=f9a4fe6a-5564-437b-92eb-0f148c890629, raftlog=f9a4fe6a-5564-437b-92eb-0f148c890629@group-C789731BCC9A-SegmentedRaftLog:OPENED:c-1,f-1,i0, conf=-1: [bed2cb91-82a6-46d4-b0e6-50d0a1724051:192.168.69.122:33920, f9a4fe6a-5564-437b-92eb-0f148c890629:192.168.69.122:40724, 5a5ea697-a38d-4b37-b996-80d6b57047ee:192.168.69.122:41091], old=null
2019-11-13 17:50:24,479 [f9a4fe6a-5564-437b-92eb-0f148c890629@group-C789731BCC9A-LeaderElection9] INFO  impl.RaftServerImpl (RaftServerImpl.java:setRole(173)) - f9a4fe6a-5564-437b-92eb-0f148c890629@group-C789731BCC9A: changes role from CANDIDATE to FOLLOWER at term 2 for DISCOVERED_A_NEW_TERM
2019-11-13 17:50:24,479 [f9a4fe6a-5564-437b-92eb-0f148c890629@group-C789731BCC9A-LeaderElection9] INFO  impl.RoleInfo (RoleInfo.java:shutdownLeaderElection(134)) - f9a4fe6a-5564-437b-92eb-0f148c890629: shutdown LeaderElection
2019-11-13 17:50:24,479 [f9a4fe6a-5564-437b-92eb-0f148c890629@group-C789731BCC9A-LeaderElection9] INFO  impl.RoleInfo (RoleInfo.java:updateAndGet(143)) - f9a4fe6a-5564-437b-92eb-0f148c890629: start FollowerState
2019-11-13 17:50:24,618 [main] INFO  ozone.MiniOzoneClusterImpl (MiniOzoneClusterImpl.java:lambda$waitForClusterToBeReady$2(163)) - Waiting for 1 number of pipelines out of 4, to report a leader.
2019-11-13 17:50:25,619 [main] INFO  ozone.MiniOzoneClusterImpl (MiniOzoneClusterImpl.java:lambda$waitForClusterToBeReady$2(163)) - Waiting for 1 number of pipelines out of 4, to report a leader.
2019-11-13 17:50:26,620 [main] INFO  ozone.MiniOzoneClusterImpl (MiniOzoneClusterImpl.java:lambda$waitForClusterToBeReady$2(163)) - Waiting for 1 number of pipelines out of 4, to report a leader.
2019-11-13 17:50:27,621 [main] INFO  ozone.MiniOzoneClusterImpl (MiniOzoneClusterImpl.java:lambda$waitForClusterToBeReady$2(163)) - Waiting for 1 number of pipelines out of 4, to report a leader.
2019-11-13 17:50:28,621 [main] INFO  ozone.MiniOzoneClusterImpl (MiniOzoneClusterImpl.java:lambda$waitForClusterToBeReady$2(163)) - Waiting for 1 number of pipelines out of 4, to report a leader.
2019-11-13 17:50:29,512 [Thread-251] INFO  impl.FollowerState (FollowerState.java:run(111)) - f9a4fe6a-5564-437b-92eb-0f148c890629@group-C789731BCC9A-FollowerState: change to CANDIDATE, lastRpcTime:5032ms, electionTimeout:5032ms
2019-11-13 17:50:29,512 [Thread-251] INFO  impl.RoleInfo (RoleInfo.java:shutdownFollowerState(121)) - f9a4fe6a-5564-437b-92eb-0f148c890629: shutdown FollowerState
2019-11-13 17:50:29,512 [Thread-251] INFO  impl.RaftServerImpl (RaftServerImpl.java:setRole(173)) - f9a4fe6a-5564-437b-92eb-0f148c890629@group-C789731BCC9A: changes role from  FOLLOWER to CANDIDATE at term 2 for changeToCandidate
2019-11-13 17:50:29,512 [Thread-251] INFO  impl.RoleInfo (RoleInfo.java:updateAndGet(143)) - f9a4fe6a-5564-437b-92eb-0f148c890629: start LeaderElection
2019-11-13 17:50:29,622 [main] INFO  ozone.MiniOzoneClusterImpl (MiniOzoneClusterImpl.java:lambda$waitForClusterToBeReady$2(163)) - Waiting for 1 number of pipelines out of 4, to report a leader.
2019-11-13 17:50:29,641 [Thread-250] INFO  impl.FollowerState (FollowerState.java:run(111)) - 5a5ea697-a38d-4b37-b996-80d6b57047ee@group-C789731BCC9A-FollowerState: change to CANDIDATE, lastRpcTime:5164ms, electionTimeout:5164ms
2019-11-13 17:50:29,642 [Thread-250] INFO  impl.RoleInfo (RoleInfo.java:shutdownFollowerState(121)) - 5a5ea697-a38d-4b37-b996-80d6b57047ee: shutdown FollowerState
2019-11-13 17:50:29,642 [Thread-250] INFO  impl.RaftServerImpl (RaftServerImpl.java:setRole(173)) - 5a5ea697-a38d-4b37-b996-80d6b57047ee@group-C789731BCC9A: changes role from  FOLLOWER to CANDIDATE at term 2 for changeToCandidate
2019-11-13 17:50:29,642 [Thread-250] INFO  impl.RoleInfo (RoleInfo.java:updateAndGet(143)) - 5a5ea697-a38d-4b37-b996-80d6b57047ee: start LeaderElection
2019-11-13 17:50:29,656 [Thread-249] INFO  impl.FollowerState (FollowerState.java:run(111)) - bed2cb91-82a6-46d4-b0e6-50d0a1724051@group-C789731BCC9A-FollowerState: change to CANDIDATE, lastRpcTime:5180ms, electionTimeout:5179ms
2019-11-13 17:50:29,656 [Thread-249] INFO  impl.RoleInfo (RoleInfo.java:shutdownFollowerState(121)) - bed2cb91-82a6-46d4-b0e6-50d0a1724051: shutdown FollowerState
2019-11-13 17:50:29,656 [Thread-249] INFO  impl.RaftServerImpl (RaftServerImpl.java:setRole(173)) - bed2cb91-82a6-46d4-b0e6-50d0a1724051@group-C789731BCC9A: changes role from  FOLLOWER to CANDIDATE at term 2 for changeToCandidate
2019-11-13 17:50:29,656 [Thread-249] INFO  impl.RoleInfo (RoleInfo.java:updateAndGet(143)) - bed2cb91-82a6-46d4-b0e6-50d0a1724051: start LeaderElection
2019-11-13 17:50:30,622 [main] INFO  ozone.MiniOzoneClusterImpl (MiniOzoneClusterImpl.java:lambda$waitForClusterToBeReady$2(163)) - Waiting for 1 number of pipelines out of 4, to report a leader.
2019-11-13 17:50:31,623 [main] INFO  ozone.MiniOzoneClusterImpl (MiniOzoneClusterImpl.java:lambda$waitForClusterToBeReady$2(163)) - Waiting for 1 number of pipelines out of 4, to report a leader.
2019-11-13 17:50:32,623 [main] INFO  ozone.MiniOzoneClusterImpl (MiniOzoneClusterImpl.java:lambda$waitForClusterToBeReady$2(163)) - Waiting for 1 number of pipelines out of 4, to report a leader.
2019-11-13 17:50:33,044 [f9a4fe6a-5564-437b-92eb-0f148c890629@group-C789731BCC9A-LeaderElection10] INFO  impl.LeaderElection (LeaderElection.java:askForVotes(178)) - f9a4fe6a-5564-437b-92eb-0f148c890629@group-C789731BCC9A-LeaderElection10: begin an election at term 3 for -1: [bed2cb91-82a6-46d4-b0e6-50d0a1724051:192.168.69.122:33920, f9a4fe6a-5564-437b-92eb-0f148c890629:192.168.69.122:40724, 5a5ea697-a38d-4b37-b996-80d6b57047ee:192.168.69.122:41091], old=null
2019-11-13 17:50:33,624 [main] INFO  ozone.MiniOzoneClusterImpl (MiniOzoneClusterImpl.java:lambda$waitForClusterToBeReady$2(163)) - Waiting for 1 number of pipelines out of 4, to report a leader.
2019-11-13 17:50:34,625 [main] INFO  ozone.MiniOzoneClusterImpl (MiniOzoneClusterImpl.java:lambda$waitForClusterToBeReady$2(163)) - Waiting for 1 number of pipelines out of 4, to report a leader.
2019-11-13 17:50:34,732 [5a5ea697-a38d-4b37-b996-80d6b57047ee@group-C789731BCC9A-LeaderElection11] INFO  impl.LeaderElection (LeaderElection.java:askForVotes(178)) - 5a5ea697-a38d-4b37-b996-80d6b57047ee@group-C789731BCC9A-LeaderElection11: begin an election at term 3 for -1: [bed2cb91-82a6-46d4-b0e6-50d0a1724051:192.168.69.122:33920, f9a4fe6a-5564-437b-92eb-0f148c890629:192.168.69.122:40724, 5a5ea697-a38d-4b37-b996-80d6b57047ee:192.168.69.122:41091], old=null
2019-11-13 17:50:34,732 [bed2cb91-82a6-46d4-b0e6-50d0a1724051@group-C789731BCC9A-LeaderElection12] INFO  impl.LeaderElection (LeaderElection.java:askForVotes(178)) - bed2cb91-82a6-46d4-b0e6-50d0a1724051@group-C789731BCC9A-LeaderElection12: begin an election at term 3 for -1: [bed2cb91-82a6-46d4-b0e6-50d0a1724051:192.168.69.122:33920, f9a4fe6a-5564-437b-92eb-0f148c890629:192.168.69.122:40724, 5a5ea697-a38d-4b37-b996-80d6b57047ee:192.168.69.122:41091], old=null
2019-11-13 17:50:34,736 [f9a4fe6a-5564-437b-92eb-0f148c890629@group-C789731BCC9A-LeaderElection10] INFO  impl.LeaderElection (LeaderElection.java:logAndReturn(56)) - f9a4fe6a-5564-437b-92eb-0f148c890629@group-C789731BCC9A-LeaderElection10: Election REJECTED; received 2 response(s) [f9a4fe6a-5564-437b-92eb-0f148c890629<-bed2cb91-82a6-46d4-b0e6-50d0a1724051#0:FAIL-t3, f9a4fe6a-5564-437b-92eb-0f148c890629<-5a5ea697-a38d-4b37-b996-80d6b57047ee#0:FAIL-t3] and 0 exception(s); f9a4fe6a-5564-437b-92eb-0f148c890629@group-C789731BCC9A:t3, leader=null, voted=f9a4fe6a-5564-437b-92eb-0f148c890629, raftlog=f9a4fe6a-5564-437b-92eb-0f148c890629@group-C789731BCC9A-SegmentedRaftLog:OPENED:c-1,f-1,i0, conf=-1: [bed2cb91-82a6-46d4-b0e6-50d0a1724051:192.168.69.122:33920, f9a4fe6a-5564-437b-92eb-0f148c890629:192.168.69.122:40724, 5a5ea697-a38d-4b37-b996-80d6b57047ee:192.168.69.122:41091], old=null
2019-11-13 17:50:34,736 [f9a4fe6a-5564-437b-92eb-0f148c890629@group-C789731BCC9A-LeaderElection10] INFO  impl.RaftServerImpl (RaftServerImpl.java:setRole(173)) - f9a4fe6a-5564-437b-92eb-0f148c890629@group-C789731BCC9A: changes role from CANDIDATE to FOLLOWER at term 3 for DISCOVERED_A_NEW_TERM
2019-11-13 17:50:34,740 [f9a4fe6a-5564-437b-92eb-0f148c890629@group-C789731BCC9A-LeaderElection10] INFO  impl.RoleInfo (RoleInfo.java:shutdownLeaderElection(134)) - f9a4fe6a-5564-437b-92eb-0f148c890629: shutdown LeaderElection
2019-11-13 17:50:34,740 [f9a4fe6a-5564-437b-92eb-0f148c890629@group-C789731BCC9A-LeaderElection10] INFO  impl.RoleInfo (RoleInfo.java:updateAndGet(143)) - f9a4fe6a-5564-437b-92eb-0f148c890629: start FollowerState
2019-11-13 17:50:34,749 [bed2cb91-82a6-46d4-b0e6-50d0a1724051@group-C789731BCC9A-LeaderElection12] INFO  impl.LeaderElection (LeaderElection.java:logAndReturn(56)) - bed2cb91-82a6-46d4-b0e6-50d0a1724051@group-C789731BCC9A-LeaderElection12: Election REJECTED; received 2 response(s) [bed2cb91-82a6-46d4-b0e6-50d0a1724051<-f9a4fe6a-5564-437b-92eb-0f148c890629#0:FAIL-t3, bed2cb91-82a6-46d4-b0e6-50d0a1724051<-5a5ea697-a38d-4b37-b996-80d6b57047ee#0:FAIL-t3] and 0 exception(s); bed2cb91-82a6-46d4-b0e6-50d0a1724051@group-C789731BCC9A:t3, leader=null, voted=bed2cb91-82a6-46d4-b0e6-50d0a1724051, raftlog=bed2cb91-82a6-46d4-b0e6-50d0a1724051@group-C789731BCC9A-SegmentedRaftLog:OPENED:c-1,f-1,i0, conf=-1: [bed2cb91-82a6-46d4-b0e6-50d0a1724051:192.168.69.122:33920, f9a4fe6a-5564-437b-92eb-0f148c890629:192.168.69.122:40724, 5a5ea697-a38d-4b37-b996-80d6b57047ee:192.168.69.122:41091], old=null
2019-11-13 17:50:34,750 [bed2cb91-82a6-46d4-b0e6-50d0a1724051@group-C789731BCC9A-LeaderElection12] INFO  impl.RaftServerImpl (RaftServerImpl.java:setRole(173)) - bed2cb91-82a6-46d4-b0e6-50d0a1724051@group-C789731BCC9A: changes role from CANDIDATE to FOLLOWER at term 3 for DISCOVERED_A_NEW_TERM
2019-11-13 17:50:34,751 [bed2cb91-82a6-46d4-b0e6-50d0a1724051@group-C789731BCC9A-LeaderElection12] INFO  impl.RoleInfo (RoleInfo.java:shutdownLeaderElection(134)) - bed2cb91-82a6-46d4-b0e6-50d0a1724051: shutdown LeaderElection
2019-11-13 17:50:34,751 [bed2cb91-82a6-46d4-b0e6-50d0a1724051@group-C789731BCC9A-LeaderElection12] INFO  impl.RoleInfo (RoleInfo.java:updateAndGet(143)) - bed2cb91-82a6-46d4-b0e6-50d0a1724051: start FollowerState
2019-11-13 17:50:34,752 [5a5ea697-a38d-4b37-b996-80d6b57047ee@group-C789731BCC9A-LeaderElection11] INFO  impl.LeaderElection (LeaderElection.java:logAndReturn(56)) - 5a5ea697-a38d-4b37-b996-80d6b57047ee@group-C789731BCC9A-LeaderElection11: Election REJECTED; received 2 response(s) [5a5ea697-a38d-4b37-b996-80d6b57047ee<-bed2cb91-82a6-46d4-b0e6-50d0a1724051#0:FAIL-t3, 5a5ea697-a38d-4b37-b996-80d6b57047ee<-f9a4fe6a-5564-437b-92eb-0f148c890629#0:FAIL-t3] and 0 exception(s); 5a5ea697-a38d-4b37-b996-80d6b57047ee@group-C789731BCC9A:t3, leader=null, voted=5a5ea697-a38d-4b37-b996-80d6b57047ee, raftlog=5a5ea697-a38d-4b37-b996-80d6b57047ee@group-C789731BCC9A-SegmentedRaftLog:OPENED:c-1,f-1,i0, conf=-1: [bed2cb91-82a6-46d4-b0e6-50d0a1724051:192.168.69.122:33920, f9a4fe6a-5564-437b-92eb-0f148c890629:192.168.69.122:40724, 5a5ea697-a38d-4b37-b996-80d6b57047ee:192.168.69.122:41091], old=null
2019-11-13 17:50:34,754 [5a5ea697-a38d-4b37-b996-80d6b57047ee@group-C789731BCC9A-LeaderElection11] INFO  impl.RaftServerImpl (RaftServerImpl.java:setRole(173)) - 5a5ea697-a38d-4b37-b996-80d6b57047ee@group-C789731BCC9A: changes role from CANDIDATE to FOLLOWER at term 3 for DISCOVERED_A_NEW_TERM
2019-11-13 17:50:34,756 [5a5ea697-a38d-4b37-b996-80d6b57047ee@group-C789731BCC9A-LeaderElection11] INFO  impl.RoleInfo (RoleInfo.java:shutdownLeaderElection(134)) - 5a5ea697-a38d-4b37-b996-80d6b57047ee: shutdown LeaderElection
2019-11-13 17:50:34,756 [5a5ea697-a38d-4b37-b996-80d6b57047ee@group-C789731BCC9A-LeaderElection11] INFO  impl.RoleInfo (RoleInfo.java:updateAndGet(143)) - 5a5ea697-a38d-4b37-b996-80d6b57047ee: start FollowerState
2019-11-13 17:50:35,625 [main] INFO  ozone.MiniOzoneClusterImpl (MiniOzoneClusterImpl.java:lambda$waitForClusterToBeReady$2(163)) - Waiting for 1 number of pipelines out of 4, to report a leader.
2019-11-13 17:50:36,628 [main] INFO  ozone.MiniOzoneClusterImpl (MiniOzoneClusterImpl.java:lambda$waitForClusterToBeReady$2(163)) - Waiting for 1 number of pipelines out of 4, to report a leader.
2019-11-13 17:50:37,629 [main] INFO  ozone.MiniOzoneClusterImpl (MiniOzoneClusterImpl.java:lambda$waitForClusterToBeReady$2(163)) - Waiting for 1 number of pipelines out of 4, to report a leader.
2019-11-13 17:50:38,630 [main] INFO  ozone.MiniOzoneClusterImpl (MiniOzoneClusterImpl.java:lambda$waitForClusterToBeReady$2(163)) - Waiting for 1 number of pipelines out of 4, to report a leader.
2019-11-13 17:50:39,632 [main] INFO  ozone.MiniOzoneClusterImpl (MiniOzoneClusterImpl.java:lambda$waitForClusterToBeReady$2(163)) - Waiting for 1 number of pipelines out of 4, to report a leader.
2019-11-13 17:50:39,807 [Thread-262] INFO  impl.FollowerState (FollowerState.java:run(111)) - bed2cb91-82a6-46d4-b0e6-50d0a1724051@group-C789731BCC9A-FollowerState: change to CANDIDATE, lastRpcTime:5056ms, electionTimeout:5055ms
2019-11-13 17:50:39,808 [Thread-262] INFO  impl.RoleInfo (RoleInfo.java:shutdownFollowerState(121)) - bed2cb91-82a6-46d4-b0e6-50d0a1724051: shutdown FollowerState
2019-11-13 17:50:39,808 [Thread-262] INFO  impl.RaftServerImpl (RaftServerImpl.java:setRole(173)) - bed2cb91-82a6-46d4-b0e6-50d0a1724051@group-C789731BCC9A: changes role from  FOLLOWER to CANDIDATE at term 3 for changeToCandidate
2019-11-13 17:50:39,808 [Thread-262] INFO  impl.RoleInfo (RoleInfo.java:updateAndGet(143)) - bed2cb91-82a6-46d4-b0e6-50d0a1724051: start LeaderElection
2019-11-13 17:50:39,855 [Thread-261] INFO  impl.FollowerState (FollowerState.java:run(111)) - f9a4fe6a-5564-437b-92eb-0f148c890629@group-C789731BCC9A-FollowerState: change to CANDIDATE, lastRpcTime:5114ms, electionTimeout:5113ms
2019-11-13 17:50:39,855 [Thread-261] INFO  impl.RoleInfo (RoleInfo.java:shutdownFollowerState(121)) - f9a4fe6a-5564-437b-92eb-0f148c890629: shutdown FollowerState
2019-11-13 17:50:39,855 [Thread-261] INFO  impl.RaftServerImpl (RaftServerImpl.java:setRole(173)) - f9a4fe6a-5564-437b-92eb-0f148c890629@group-C789731BCC9A: changes role from  FOLLOWER to CANDIDATE at term 3 for changeToCandidate
2019-11-13 17:50:39,856 [Thread-261] INFO  impl.RoleInfo (RoleInfo.java:updateAndGet(143)) - f9a4fe6a-5564-437b-92eb-0f148c890629: start LeaderElection
2019-11-13 17:50:39,877 [Thread-263] INFO  impl.FollowerState (FollowerState.java:run(111)) - 5a5ea697-a38d-4b37-b996-80d6b57047ee@group-C789731BCC9A-FollowerState: change to CANDIDATE, lastRpcTime:5121ms, electionTimeout:5120ms
2019-11-13 17:50:39,878 [Thread-263] INFO  impl.RoleInfo (RoleInfo.java:shutdownFollowerState(121)) - 5a5ea697-a38d-4b37-b996-80d6b57047ee: shutdown FollowerState
2019-11-13 17:50:39,878 [Thread-263] INFO  impl.RaftServerImpl (RaftServerImpl.java:setRole(173)) - 5a5ea697-a38d-4b37-b996-80d6b57047ee@group-C789731BCC9A: changes role from  FOLLOWER to CANDIDATE at term 3 for changeToCandidate
2019-11-13 17:50:39,878 [Thread-263] INFO  impl.RoleInfo (RoleInfo.java:updateAndGet(143)) - 5a5ea697-a38d-4b37-b996-80d6b57047ee: start LeaderElection
2019-11-13 17:50:40,632 [main] INFO  ozone.MiniOzoneClusterImpl (MiniOzoneClusterImpl.java:lambda$waitForClusterToBeReady$2(163)) - Waiting for 1 number of pipelines out of 4, to report a leader.
2019-11-13 17:50:41,633 [main] INFO  ozone.MiniOzoneClusterImpl (MiniOzoneClusterImpl.java:lambda$waitForClusterToBeReady$2(163)) - Waiting for 1 number of pipelines out of 4, to report a leader.
2019-11-13 17:50:42,633 [main] INFO  ozone.MiniOzoneClusterImpl (MiniOzoneClusterImpl.java:lambda$waitForClusterToBeReady$2(163)) - Waiting for 1 number of pipelines out of 4, to report a leader.
2019-11-13 17:50:43,634 [main] INFO  ozone.MiniOzoneClusterImpl (MiniOzoneClusterImpl.java:lambda$waitForClusterToBeReady$2(163)) - Waiting for 1 number of pipelines out of 4, to report a leader.
2019-11-13 17:50:44,635 [main] INFO  ozone.MiniOzoneClusterImpl (MiniOzoneClusterImpl.java:lambda$waitForClusterToBeReady$2(163)) - Waiting for 1 number of pipelines out of 4, to report a leader.
2019-11-13 17:50:45,556 [f9a4fe6a-5564-437b-92eb-0f148c890629@group-C789731BCC9A-LeaderElection14] INFO  impl.LeaderElection (LeaderElection.java:askForVotes(178)) - f9a4fe6a-5564-437b-92eb-0f148c890629@group-C789731BCC9A-LeaderElection14: begin an election at term 4 for -1: [bed2cb91-82a6-46d4-b0e6-50d0a1724051:192.168.69.122:33920, f9a4fe6a-5564-437b-92eb-0f148c890629:192.168.69.122:40724, 5a5ea697-a38d-4b37-b996-80d6b57047ee:192.168.69.122:41091], old=null
2019-11-13 17:50:45,556 [5a5ea697-a38d-4b37-b996-80d6b57047ee@group-C789731BCC9A-LeaderElection15] INFO  impl.LeaderElection (LeaderElection.java:askForVotes(178)) - 5a5ea697-a38d-4b37-b996-80d6b57047ee@group-C789731BCC9A-LeaderElection15: begin an election at term 4 for -1: [bed2cb91-82a6-46d4-b0e6-50d0a1724051:192.168.69.122:33920, f9a4fe6a-5564-437b-92eb-0f148c890629:192.168.69.122:40724, 5a5ea697-a38d-4b37-b996-80d6b57047ee:192.168.69.122:41091], old=null
2019-11-13 17:50:45,560 [bed2cb91-82a6-46d4-b0e6-50d0a1724051@group-C789731BCC9A-LeaderElection13] INFO  impl.LeaderElection (LeaderElection.java:askForVotes(178)) - bed2cb91-82a6-46d4-b0e6-50d0a1724051@group-C789731BCC9A-LeaderElection13: begin an election at term 4 for -1: [bed2cb91-82a6-46d4-b0e6-50d0a1724051:192.168.69.122:33920, f9a4fe6a-5564-437b-92eb-0f148c890629:192.168.69.122:40724, 5a5ea697-a38d-4b37-b996-80d6b57047ee:192.168.69.122:41091], old=null
2019-11-13 17:50:45,572 [5a5ea697-a38d-4b37-b996-80d6b57047ee@group-C789731BCC9A-LeaderElection15] INFO  impl.LeaderElection (LeaderElection.java:logAndReturn(56)) - 5a5ea697-a38d-4b37-b996-80d6b57047ee@group-C789731BCC9A-LeaderElection15: Election REJECTED; received 2 response(s) [5a5ea697-a38d-4b37-b996-80d6b57047ee<-bed2cb91-82a6-46d4-b0e6-50d0a1724051#0:FAIL-t4, 5a5ea697-a38d-4b37-b996-80d6b57047ee<-f9a4fe6a-5564-437b-92eb-0f148c890629#0:FAIL-t4] and 0 exception(s); 5a5ea697-a38d-4b37-b996-80d6b57047ee@group-C789731BCC9A:t4, leader=null, voted=5a5ea697-a38d-4b37-b996-80d6b57047ee, raftlog=5a5ea697-a38d-4b37-b996-80d6b57047ee@group-C789731BCC9A-SegmentedRaftLog:OPENED:c-1,f-1,i0, conf=-1: [bed2cb91-82a6-46d4-b0e6-50d0a1724051:192.168.69.122:33920, f9a4fe6a-5564-437b-92eb-0f148c890629:192.168.69.122:40724, 5a5ea697-a38d-4b37-b996-80d6b57047ee:192.168.69.122:41091], old=null
2019-11-13 17:50:45,572 [f9a4fe6a-5564-437b-92eb-0f148c890629@group-C789731BCC9A-LeaderElection14] INFO  impl.LeaderElection (LeaderElection.java:logAndReturn(56)) - f9a4fe6a-5564-437b-92eb-0f148c890629@group-C789731BCC9A-LeaderElection14: Election REJECTED; received 2 response(s) [f9a4fe6a-5564-437b-92eb-0f148c890629<-bed2cb91-82a6-46d4-b0e6-50d0a1724051#0:FAIL-t4, f9a4fe6a-5564-437b-92eb-0f148c890629<-5a5ea697-a38d-4b37-b996-80d6b57047ee#0:FAIL-t4] and 0 exception(s); f9a4fe6a-5564-437b-92eb-0f148c890629@group-C789731BCC9A:t4, leader=null, voted=f9a4fe6a-5564-437b-92eb-0f148c890629, raftlog=f9a4fe6a-5564-437b-92eb-0f148c890629@group-C789731BCC9A-SegmentedRaftLog:OPENED:c-1,f-1,i0, conf=-1: [bed2cb91-82a6-46d4-b0e6-50d0a1724051:192.168.69.122:33920, f9a4fe6a-5564-437b-92eb-0f148c890629:192.168.69.122:40724, 5a5ea697-a38d-4b37-b996-80d6b57047ee:192.168.69.122:41091], old=null
2019-11-13 17:50:45,572 [5a5ea697-a38d-4b37-b996-80d6b57047ee@group-C789731BCC9A-LeaderElection15] INFO  impl.RaftServerImpl (RaftServerImpl.java:setRole(173)) - 5a5ea697-a38d-4b37-b996-80d6b57047ee@group-C789731BCC9A: changes role from CANDIDATE to FOLLOWER at term 4 for DISCOVERED_A_NEW_TERM
2019-11-13 17:50:45,574 [f9a4fe6a-5564-437b-92eb-0f148c890629@group-C789731BCC9A-LeaderElection14] INFO  impl.RaftServerImpl (RaftServerImpl.java:setRole(173)) - f9a4fe6a-5564-437b-92eb-0f148c890629@group-C789731BCC9A: changes role from CANDIDATE to FOLLOWER at term 4 for DISCOVERED_A_NEW_TERM
2019-11-13 17:50:45,575 [5a5ea697-a38d-4b37-b996-80d6b57047ee@group-C789731BCC9A-LeaderElection15] INFO  impl.RoleInfo (RoleInfo.java:shutdownLeaderElection(134)) - 5a5ea697-a38d-4b37-b996-80d6b57047ee: shutdown LeaderElection
2019-11-13 17:50:45,575 [f9a4fe6a-5564-437b-92eb-0f148c890629@group-C789731BCC9A-LeaderElection14] INFO  impl.RoleInfo (RoleInfo.java:shutdownLeaderElection(134)) - f9a4fe6a-5564-437b-92eb-0f148c890629: shutdown LeaderElection
2019-11-13 17:50:45,576 [5a5ea697-a38d-4b37-b996-80d6b57047ee@group-C789731BCC9A-LeaderElection15] INFO  impl.RoleInfo (RoleInfo.java:updateAndGet(143)) - 5a5ea697-a38d-4b37-b996-80d6b57047ee: start FollowerState
2019-11-13 17:50:45,576 [f9a4fe6a-5564-437b-92eb-0f148c890629@group-C789731BCC9A-LeaderElection14] INFO  impl.RoleInfo (RoleInfo.java:updateAndGet(143)) - f9a4fe6a-5564-437b-92eb-0f148c890629: start FollowerState
2019-11-13 17:50:45,577 [bed2cb91-82a6-46d4-b0e6-50d0a1724051@group-C789731BCC9A-LeaderElection13] INFO  impl.LeaderElection (LeaderElection.java:logAndReturn(56)) - bed2cb91-82a6-46d4-b0e6-50d0a1724051@group-C789731BCC9A-LeaderElection13: Election REJECTED; received 2 response(s) [bed2cb91-82a6-46d4-b0e6-50d0a1724051<-f9a4fe6a-5564-437b-92eb-0f148c890629#0:FAIL-t4, bed2cb91-82a6-46d4-b0e6-50d0a1724051<-5a5ea697-a38d-4b37-b996-80d6b57047ee#0:FAIL-t4] and 0 exception(s); bed2cb91-82a6-46d4-b0e6-50d0a1724051@group-C789731BCC9A:t4, leader=null, voted=bed2cb91-82a6-46d4-b0e6-50d0a1724051, raftlog=bed2cb91-82a6-46d4-b0e6-50d0a1724051@group-C789731BCC9A-SegmentedRaftLog:OPENED:c-1,f-1,i0, conf=-1: [bed2cb91-82a6-46d4-b0e6-50d0a1724051:192.168.69.122:33920, f9a4fe6a-5564-437b-92eb-0f148c890629:192.168.69.122:40724, 5a5ea697-a38d-4b37-b996-80d6b57047ee:192.168.69.122:41091], old=null
2019-11-13 17:50:45,577 [bed2cb91-82a6-46d4-b0e6-50d0a1724051@group-C789731BCC9A-LeaderElection13] INFO  impl.RaftServerImpl (RaftServerImpl.java:setRole(173)) - bed2cb91-82a6-46d4-b0e6-50d0a1724051@group-C789731BCC9A: changes role from CANDIDATE to FOLLOWER at term 4 for DISCOVERED_A_NEW_TERM
2019-11-13 17:50:45,578 [bed2cb91-82a6-46d4-b0e6-50d0a1724051@group-C789731BCC9A-LeaderElection13] INFO  impl.RoleInfo (RoleInfo.java:shutdownLeaderElection(134)) - bed2cb91-82a6-46d4-b0e6-50d0a1724051: shutdown LeaderElection
2019-11-13 17:50:45,578 [bed2cb91-82a6-46d4-b0e6-50d0a1724051@group-C789731BCC9A-LeaderElection13] INFO  impl.RoleInfo (RoleInfo.java:updateAndGet(143)) - bed2cb91-82a6-46d4-b0e6-50d0a1724051: start FollowerState
2019-11-13 17:50:45,635 [main] INFO  ozone.MiniOzoneClusterImpl (MiniOzoneClusterImpl.java:lambda$waitForClusterToBeReady$2(163)) - Waiting for 1 number of pipelines out of 4, to report a leader.
2019-11-13 17:50:46,638 [main] INFO  ozone.MiniOzoneClusterImpl (MiniOzoneClusterImpl.java:lambda$waitForClusterToBeReady$2(163)) - Waiting for 1 number of pipelines out of 4, to report a leader.
2019-11-13 17:50:47,639 [main] INFO  ozone.MiniOzoneClusterImpl (MiniOzoneClusterImpl.java:lambda$waitForClusterToBeReady$2(163)) - Waiting for 1 number of pipelines out of 4, to report a leader.
2019-11-13 17:50:48,640 [main] INFO  ozone.MiniOzoneClusterImpl (MiniOzoneClusterImpl.java:lambda$waitForClusterToBeReady$2(163)) - Waiting for 1 number of pipelines out of 4, to report a leader.
2019-11-13 17:50:49,641 [main] INFO  ozone.MiniOzoneClusterImpl (MiniOzoneClusterImpl.java:lambda$waitForClusterToBeReady$2(163)) - Waiting for 1 number of pipelines out of 4, to report a leader.
2019-11-13 17:50:50,643 [main] INFO  ozone.MiniOzoneClusterImpl (MiniOzoneClusterImpl.java:lambda$waitForClusterToBeReady$2(163)) - Waiting for 1 number of pipelines out of 4, to report a leader.
2019-11-13 17:50:50,744 [Thread-275] INFO  impl.FollowerState (FollowerState.java:run(111)) - bed2cb91-82a6-46d4-b0e6-50d0a1724051@group-C789731BCC9A-FollowerState: change to CANDIDATE, lastRpcTime:5166ms, electionTimeout:5165ms
2019-11-13 17:50:50,745 [Thread-275] INFO  impl.RoleInfo (RoleInfo.java:shutdownFollowerState(121)) - bed2cb91-82a6-46d4-b0e6-50d0a1724051: shutdown FollowerState
2019-11-13 17:50:50,745 [Thread-275] INFO  impl.RaftServerImpl (RaftServerImpl.java:setRole(173)) - bed2cb91-82a6-46d4-b0e6-50d0a1724051@group-C789731BCC9A: changes role from  FOLLOWER to CANDIDATE at term 4 for changeToCandidate
2019-11-13 17:50:50,745 [Thread-275] INFO  impl.RoleInfo (RoleInfo.java:updateAndGet(143)) - bed2cb91-82a6-46d4-b0e6-50d0a1724051: start LeaderElection
2019-11-13 17:50:50,750 [Thread-273] INFO  impl.FollowerState (FollowerState.java:run(111)) - 5a5ea697-a38d-4b37-b996-80d6b57047ee@group-C789731BCC9A-FollowerState: change to CANDIDATE, lastRpcTime:5174ms, electionTimeout:5174ms
2019-11-13 17:50:50,750 [Thread-273] INFO  impl.RoleInfo (RoleInfo.java:shutdownFollowerState(121)) - 5a5ea697-a38d-4b37-b996-80d6b57047ee: shutdown FollowerState
2019-11-13 17:50:50,751 [Thread-273] INFO  impl.RaftServerImpl (RaftServerImpl.java:setRole(173)) - 5a5ea697-a38d-4b37-b996-80d6b57047ee@group-C789731BCC9A: changes role from  FOLLOWER to CANDIDATE at term 4 for changeToCandidate
2019-11-13 17:50:50,751 [Thread-273] INFO  impl.RoleInfo (RoleInfo.java:updateAndGet(143)) - 5a5ea697-a38d-4b37-b996-80d6b57047ee: start LeaderElection
2019-11-13 17:50:50,775 [Thread-274] INFO  impl.FollowerState (FollowerState.java:run(111)) - f9a4fe6a-5564-437b-92eb-0f148c890629@group-C789731BCC9A-FollowerState: change to CANDIDATE, lastRpcTime:5198ms, electionTimeout:5197ms
2019-11-13 17:50:50,775 [Thread-274] INFO  impl.RoleInfo (RoleInfo.java:shutdownFollowerState(121)) - f9a4fe6a-5564-437b-92eb-0f148c890629: shutdown FollowerState
2019-11-13 17:50:50,775 [Thread-274] INFO  impl.RaftServerImpl (RaftServerImpl.java:setRole(173)) - f9a4fe6a-5564-437b-92eb-0f148c890629@group-C789731BCC9A: changes role from  FOLLOWER to CANDIDATE at term 4 for changeToCandidate
2019-11-13 17:50:50,775 [Thread-274] INFO  impl.RoleInfo (RoleInfo.java:updateAndGet(143)) - f9a4fe6a-5564-437b-92eb-0f148c890629: start LeaderElection
2019-11-13 17:50:51,643 [main] INFO  ozone.MiniOzoneClusterImpl (MiniOzoneClusterImpl.java:lambda$waitForClusterToBeReady$2(163)) - Waiting for 1 number of pipelines out of 4, to report a leader.
2019-11-13 17:50:52,644 [main] INFO  ozone.MiniOzoneClusterImpl (MiniOzoneClusterImpl.java:lambda$waitForClusterToBeReady$2(163)) - Waiting for 1 number of pipelines out of 4, to report a leader.
2019-11-13 17:50:52,666 [5a5ea697-a38d-4b37-b996-80d6b57047ee@group-C789731BCC9A-LeaderElection17] INFO  impl.LeaderElection (LeaderElection.java:askForVotes(178)) - 5a5ea697-a38d-4b37-b996-80d6b57047ee@group-C789731BCC9A-LeaderElection17: begin an election at term 5 for -1: [bed2cb91-82a6-46d4-b0e6-50d0a1724051:192.168.69.122:33920, f9a4fe6a-5564-437b-92eb-0f148c890629:192.168.69.122:40724, 5a5ea697-a38d-4b37-b996-80d6b57047ee:192.168.69.122:41091], old=null
2019-11-13 17:50:52,666 [f9a4fe6a-5564-437b-92eb-0f148c890629@group-C789731BCC9A-LeaderElection18] INFO  impl.LeaderElection (LeaderElection.java:askForVotes(178)) - f9a4fe6a-5564-437b-92eb-0f148c890629@group-C789731BCC9A-LeaderElection18: begin an election at term 5 for -1: [bed2cb91-82a6-46d4-b0e6-50d0a1724051:192.168.69.122:33920, f9a4fe6a-5564-437b-92eb-0f148c890629:192.168.69.122:40724, 5a5ea697-a38d-4b37-b996-80d6b57047ee:192.168.69.122:41091], old=null
2019-11-13 17:50:52,666 [bed2cb91-82a6-46d4-b0e6-50d0a1724051@group-C789731BCC9A-LeaderElection16] INFO  impl.LeaderElection (LeaderElection.java:askForVotes(178)) - bed2cb91-82a6-46d4-b0e6-50d0a1724051@group-C789731BCC9A-LeaderElection16: begin an election at term 5 for -1: [bed2cb91-82a6-46d4-b0e6-50d0a1724051:192.168.69.122:33920, f9a4fe6a-5564-437b-92eb-0f148c890629:192.168.69.122:40724, 5a5ea697-a38d-4b37-b996-80d6b57047ee:192.168.69.122:41091], old=null
2019-11-13 17:50:53,048 [5a5ea697-a38d-4b37-b996-80d6b57047ee@group-C789731BCC9A-LeaderElection17] INFO  impl.LeaderElection (LeaderElection.java:logAndReturn(56)) - 5a5ea697-a38d-4b37-b996-80d6b57047ee@group-C789731BCC9A-LeaderElection17: Election REJECTED; received 2 response(s) [5a5ea697-a38d-4b37-b996-80d6b57047ee<-bed2cb91-82a6-46d4-b0e6-50d0a1724051#0:FAIL-t5, 5a5ea697-a38d-4b37-b996-80d6b57047ee<-f9a4fe6a-5564-437b-92eb-0f148c890629#0:FAIL-t5] and 0 exception(s); 5a5ea697-a38d-4b37-b996-80d6b57047ee@group-C789731BCC9A:t5, leader=null, voted=5a5ea697-a38d-4b37-b996-80d6b57047ee, raftlog=5a5ea697-a38d-4b37-b996-80d6b57047ee@group-C789731BCC9A-SegmentedRaftLog:OPENED:c-1,f-1,i0, conf=-1: [bed2cb91-82a6-46d4-b0e6-50d0a1724051:192.168.69.122:33920, f9a4fe6a-5564-437b-92eb-0f148c890629:192.168.69.122:40724, 5a5ea697-a38d-4b37-b996-80d6b57047ee:192.168.69.122:41091], old=null
2019-11-13 17:50:53,049 [5a5ea697-a38d-4b37-b996-80d6b57047ee@group-C789731BCC9A-LeaderElection17] INFO  impl.RaftServerImpl (RaftServerImpl.java:setRole(173)) - 5a5ea697-a38d-4b37-b996-80d6b57047ee@group-C789731BCC9A: changes role from CANDIDATE to FOLLOWER at term 5 for DISCOVERED_A_NEW_TERM
2019-11-13 17:50:53,050 [5a5ea697-a38d-4b37-b996-80d6b57047ee@group-C789731BCC9A-LeaderElection17] INFO  impl.RoleInfo (RoleInfo.java:shutdownLeaderElection(134)) - 5a5ea697-a38d-4b37-b996-80d6b57047ee: shutdown LeaderElection
2019-11-13 17:50:53,050 [bed2cb91-82a6-46d4-b0e6-50d0a1724051@group-C789731BCC9A-LeaderElection16] INFO  impl.LeaderElection (LeaderElection.java:logAndReturn(56)) - bed2cb91-82a6-46d4-b0e6-50d0a1724051@group-C789731BCC9A-LeaderElection16: Election REJECTED; received 2 response(s) [bed2cb91-82a6-46d4-b0e6-50d0a1724051<-f9a4fe6a-5564-437b-92eb-0f148c890629#0:FAIL-t5, bed2cb91-82a6-46d4-b0e6-50d0a1724051<-5a5ea697-a38d-4b37-b996-80d6b57047ee#0:FAIL-t5] and 0 exception(s); bed2cb91-82a6-46d4-b0e6-50d0a1724051@group-C789731BCC9A:t5, leader=null, voted=bed2cb91-82a6-46d4-b0e6-50d0a1724051, raftlog=bed2cb91-82a6-46d4-b0e6-50d0a1724051@group-C789731BCC9A-SegmentedRaftLog:OPENED:c-1,f-1,i0, conf=-1: [bed2cb91-82a6-46d4-b0e6-50d0a1724051:192.168.69.122:33920, f9a4fe6a-5564-437b-92eb-0f148c890629:192.168.69.122:40724, 5a5ea697-a38d-4b37-b996-80d6b57047ee:192.168.69.122:41091], old=null
2019-11-13 17:50:53,054 [5a5ea697-a38d-4b37-b996-80d6b57047ee@group-C789731BCC9A-LeaderElection17] INFO  impl.RoleInfo (RoleInfo.java:updateAndGet(143)) - 5a5ea697-a38d-4b37-b996-80d6b57047ee: start FollowerState
2019-11-13 17:50:53,055 [bed2cb91-82a6-46d4-b0e6-50d0a1724051@group-C789731BCC9A-LeaderElection16] INFO  impl.RaftServerImpl (RaftServerImpl.java:setRole(173)) - bed2cb91-82a6-46d4-b0e6-50d0a1724051@group-C789731BCC9A: changes role from CANDIDATE to FOLLOWER at term 5 for DISCOVERED_A_NEW_TERM
2019-11-13 17:50:53,056 [bed2cb91-82a6-46d4-b0e6-50d0a1724051@group-C789731BCC9A-LeaderElection16] INFO  impl.RoleInfo (RoleInfo.java:shutdownLeaderElection(134)) - bed2cb91-82a6-46d4-b0e6-50d0a1724051: shutdown LeaderElection
2019-11-13 17:50:53,057 [bed2cb91-82a6-46d4-b0e6-50d0a1724051@group-C789731BCC9A-LeaderElection16] INFO  impl.RoleInfo (RoleInfo.java:updateAndGet(143)) - bed2cb91-82a6-46d4-b0e6-50d0a1724051: start FollowerState
2019-11-13 17:50:53,059 [f9a4fe6a-5564-437b-92eb-0f148c890629@group-C789731BCC9A-LeaderElection18] INFO  impl.LeaderElection (LeaderElection.java:logAndReturn(56)) - f9a4fe6a-5564-437b-92eb-0f148c890629@group-C789731BCC9A-LeaderElection18: Election REJECTED; received 2 response(s) [f9a4fe6a-5564-437b-92eb-0f148c890629<-bed2cb91-82a6-46d4-b0e6-50d0a1724051#0:FAIL-t5, f9a4fe6a-5564-437b-92eb-0f148c890629<-5a5ea697-a38d-4b37-b996-80d6b57047ee#0:FAIL-t5] and 0 exception(s); f9a4fe6a-5564-437b-92eb-0f148c890629@group-C789731BCC9A:t5, leader=null, voted=f9a4fe6a-5564-437b-92eb-0f148c890629, raftlog=f9a4fe6a-5564-437b-92eb-0f148c890629@group-C789731BCC9A-SegmentedRaftLog:OPENED:c-1,f-1,i0, conf=-1: [bed2cb91-82a6-46d4-b0e6-50d0a1724051:192.168.69.122:33920, f9a4fe6a-5564-437b-92eb-0f148c890629:192.168.69.122:40724, 5a5ea697-a38d-4b37-b996-80d6b57047ee:192.168.69.122:41091], old=null
2019-11-13 17:50:53,059 [f9a4fe6a-5564-437b-92eb-0f148c890629@group-C789731BCC9A-LeaderElection18] INFO  impl.RaftServerImpl (RaftServerImpl.java:setRole(173)) - f9a4fe6a-5564-437b-92eb-0f148c890629@group-C789731BCC9A: changes role from CANDIDATE to FOLLOWER at term 5 for DISCOVERED_A_NEW_TERM
2019-11-13 17:50:53,060 [f9a4fe6a-5564-437b-92eb-0f148c890629@group-C789731BCC9A-LeaderElection18] INFO  impl.RoleInfo (RoleInfo.java:shutdownLeaderElection(134)) - f9a4fe6a-5564-437b-92eb-0f148c890629: shutdown LeaderElection
2019-11-13 17:50:53,060 [f9a4fe6a-5564-437b-92eb-0f148c890629@group-C789731BCC9A-LeaderElection18] INFO  impl.RoleInfo (RoleInfo.java:updateAndGet(143)) - f9a4fe6a-5564-437b-92eb-0f148c890629: start FollowerState
2019-11-13 17:50:53,644 [main] INFO  ozone.MiniOzoneClusterImpl (MiniOzoneClusterImpl.java:lambda$waitForClusterToBeReady$2(163)) - Waiting for 1 number of pipelines out of 4, to report a leader.
2019-11-13 17:50:54,646 [main] INFO  ozone.MiniOzoneClusterImpl (MiniOzoneClusterImpl.java:lambda$waitForClusterToBeReady$2(163)) - Waiting for 1 number of pipelines out of 4, to report a leader.
2019-11-13 17:50:55,647 [main] INFO  ozone.MiniOzoneClusterImpl (MiniOzoneClusterImpl.java:lambda$waitForClusterToBeReady$2(163)) - Waiting for 1 number of pipelines out of 4, to report a leader.
2019-11-13 17:50:56,648 [main] INFO  ozone.MiniOzoneClusterImpl (MiniOzoneClusterImpl.java:lambda$waitForClusterToBeReady$2(163)) - Waiting for 1 number of pipelines out of 4, to report a leader.
2019-11-13 17:50:57,649 [main] INFO  ozone.MiniOzoneClusterImpl (MiniOzoneClusterImpl.java:lambda$waitForClusterToBeReady$2(163)) - Waiting for 1 number of pipelines out of 4, to report a leader.
2019-11-13 17:50:58,082 [Thread-286] INFO  impl.FollowerState (FollowerState.java:run(111)) - bed2cb91-82a6-46d4-b0e6-50d0a1724051@group-C789731BCC9A-FollowerState: change to CANDIDATE, lastRpcTime:5024ms, electionTimeout:5023ms
2019-11-13 17:50:58,082 [Thread-286] INFO  impl.RoleInfo (RoleInfo.java:shutdownFollowerState(121)) - bed2cb91-82a6-46d4-b0e6-50d0a1724051: shutdown FollowerState
2019-11-13 17:50:58,082 [Thread-286] INFO  impl.RaftServerImpl (RaftServerImpl.java:setRole(173)) - bed2cb91-82a6-46d4-b0e6-50d0a1724051@group-C789731BCC9A: changes role from  FOLLOWER to CANDIDATE at term 5 for changeToCandidate
2019-11-13 17:50:58,083 [Thread-286] INFO  impl.RoleInfo (RoleInfo.java:updateAndGet(143)) - bed2cb91-82a6-46d4-b0e6-50d0a1724051: start LeaderElection
2019-11-13 17:50:58,109 [bed2cb91-82a6-46d4-b0e6-50d0a1724051@group-C789731BCC9A-LeaderElection19] INFO  impl.LeaderElection (LeaderElection.java:askForVotes(178)) - bed2cb91-82a6-46d4-b0e6-50d0a1724051@group-C789731BCC9A-LeaderElection19: begin an election at term 6 for -1: [bed2cb91-82a6-46d4-b0e6-50d0a1724051:192.168.69.122:33920, f9a4fe6a-5564-437b-92eb-0f148c890629:192.168.69.122:40724, 5a5ea697-a38d-4b37-b996-80d6b57047ee:192.168.69.122:41091], old=null
2019-11-13 17:50:58,118 [grpc-default-executor-5] INFO  impl.RaftServerImpl (RaftServerImpl.java:setRole(173)) - 5a5ea697-a38d-4b37-b996-80d6b57047ee@group-C789731BCC9A: changes role from  FOLLOWER to FOLLOWER at term 6 for recognizeCandidate:bed2cb91-82a6-46d4-b0e6-50d0a1724051
2019-11-13 17:50:58,118 [grpc-default-executor-1] INFO  impl.RaftServerImpl (RaftServerImpl.java:setRole(173)) - f9a4fe6a-5564-437b-92eb-0f148c890629@group-C789731BCC9A: changes role from  FOLLOWER to FOLLOWER at term 6 for recognizeCandidate:bed2cb91-82a6-46d4-b0e6-50d0a1724051
2019-11-13 17:50:58,119 [grpc-default-executor-5] INFO  impl.RoleInfo (RoleInfo.java:shutdownFollowerState(121)) - 5a5ea697-a38d-4b37-b996-80d6b57047ee: shutdown FollowerState
2019-11-13 17:50:58,119 [grpc-default-executor-1] INFO  impl.RoleInfo (RoleInfo.java:shutdownFollowerState(121)) - f9a4fe6a-5564-437b-92eb-0f148c890629: shutdown FollowerState
2019-11-13 17:50:58,119 [Thread-285] INFO  impl.FollowerState (FollowerState.java:run(120)) - 5a5ea697-a38d-4b37-b996-80d6b57047ee@group-C789731BCC9A-FollowerState was interrupted: java.lang.InterruptedException: sleep interrupted
2019-11-13 17:50:58,119 [grpc-default-executor-5] INFO  impl.RoleInfo (RoleInfo.java:updateAndGet(143)) - 5a5ea697-a38d-4b37-b996-80d6b57047ee: start FollowerState
2019-11-13 17:50:58,119 [grpc-default-executor-1] INFO  impl.RoleInfo (RoleInfo.java:updateAndGet(143)) - f9a4fe6a-5564-437b-92eb-0f148c890629: start FollowerState
2019-11-13 17:50:58,119 [Thread-287] INFO  impl.FollowerState (FollowerState.java:run(120)) - f9a4fe6a-5564-437b-92eb-0f148c890629@group-C789731BCC9A-FollowerState was interrupted: java.lang.InterruptedException: sleep interrupted
2019-11-13 17:50:58,166 [bed2cb91-82a6-46d4-b0e6-50d0a1724051@group-C789731BCC9A-LeaderElection19] INFO  impl.LeaderElection (LeaderElection.java:logAndReturn(56)) - bed2cb91-82a6-46d4-b0e6-50d0a1724051@group-C789731BCC9A-LeaderElection19: Election PASSED; received 1 response(s) [bed2cb91-82a6-46d4-b0e6-50d0a1724051<-f9a4fe6a-5564-437b-92eb-0f148c890629#0:OK-t6] and 0 exception(s); bed2cb91-82a6-46d4-b0e6-50d0a1724051@group-C789731BCC9A:t6, leader=null, voted=bed2cb91-82a6-46d4-b0e6-50d0a1724051, raftlog=bed2cb91-82a6-46d4-b0e6-50d0a1724051@group-C789731BCC9A-SegmentedRaftLog:OPENED:c-1,f-1,i0, conf=-1: [bed2cb91-82a6-46d4-b0e6-50d0a1724051:192.168.69.122:33920, f9a4fe6a-5564-437b-92eb-0f148c890629:192.168.69.122:40724, 5a5ea697-a38d-4b37-b996-80d6b57047ee:192.168.69.122:41091], old=null
2019-11-13 17:50:58,167 [bed2cb91-82a6-46d4-b0e6-50d0a1724051@group-C789731BCC9A-LeaderElection19] INFO  impl.RoleInfo (RoleInfo.java:shutdownLeaderElection(134)) - bed2cb91-82a6-46d4-b0e6-50d0a1724051: shutdown LeaderElection
2019-11-13 17:50:58,168 [bed2cb91-82a6-46d4-b0e6-50d0a1724051@group-C789731BCC9A-LeaderElection19] INFO  impl.RaftServerImpl (RaftServerImpl.java:setRole(173)) - bed2cb91-82a6-46d4-b0e6-50d0a1724051@group-C789731BCC9A: changes role from CANDIDATE to LEADER at term 6 for changeToLeader
2019-11-13 17:50:58,168 [bed2cb91-82a6-46d4-b0e6-50d0a1724051@group-C789731BCC9A-LeaderElection19] INFO  ratis.XceiverServerRatis (XceiverServerRatis.java:handleLeaderChangedNotification(697)) - Leader change notification received for group: group-C789731BCC9A with new leaderId: bed2cb91-82a6-46d4-b0e6-50d0a1724051
2019-11-13 17:50:58,169 [bed2cb91-82a6-46d4-b0e6-50d0a1724051@group-C789731BCC9A-LeaderElection19] INFO  impl.RaftServerImpl (ServerState.java:setLeader(255)) - bed2cb91-82a6-46d4-b0e6-50d0a1724051@group-C789731BCC9A: change Leader from null to bed2cb91-82a6-46d4-b0e6-50d0a1724051 at term 6 for becomeLeader, leader elected after 50112ms
2019-11-13 17:50:58,169 [bed2cb91-82a6-46d4-b0e6-50d0a1724051@group-C789731BCC9A-LeaderElection19] INFO  server.RaftServerConfigKeys (ConfUtils.java:logGet(43)) - raft.server.staging.catchup.gap = 1000 (default)
2019-11-13 17:50:58,170 [bed2cb91-82a6-46d4-b0e6-50d0a1724051@group-C789731BCC9A-LeaderElection19] INFO  server.RaftServerConfigKeys (ConfUtils.java:logGet(43)) - raft.server.rpc.sleep.time = 25ms (default)
2019-11-13 17:50:58,170 [bed2cb91-82a6-46d4-b0e6-50d0a1724051@group-C789731BCC9A-LeaderElection19] INFO  server.RaftServerConfigKeys (ConfUtils.java:logGet(43)) - raft.server.write.element-limit = 4096 (default)
2019-11-13 17:50:58,171 [bed2cb91-82a6-46d4-b0e6-50d0a1724051@group-C789731BCC9A-LeaderElection19] INFO  server.RaftServerConfigKeys (ConfUtils.java:logGet(43)) - raft.server.watch.timeout = 10s (default)
2019-11-13 17:50:58,171 [bed2cb91-82a6-46d4-b0e6-50d0a1724051@group-C789731BCC9A-LeaderElection19] INFO  server.RaftServerConfigKeys (ConfUtils.java:logGet(43)) - raft.server.watch.timeout.denomination = 1s (default)
2019-11-13 17:50:58,171 [bed2cb91-82a6-46d4-b0e6-50d0a1724051@group-C789731BCC9A-LeaderElection19] INFO  server.RaftServerConfigKeys (ConfUtils.java:logGet(43)) - raft.server.watch.element-limit = 65536 (default)
2019-11-13 17:50:58,172 [EventQueue-PipelineReportForPipelineReportHandler] INFO  pipeline.PipelineStateManager (PipelineStateManager.java:openPipeline(134)) - Pipeline Pipeline[ Id: faa203de-e31c-47ec-8394-c789731bcc9a, Nodes: bed2cb91-82a6-46d4-b0e6-50d0a1724051{ip: 192.168.69.122, host: pr-hdds-2467-gc456-181853687, networkLocation: /default-rack, certSerialId: null}5a5ea697-a38d-4b37-b996-80d6b57047ee{ip: 192.168.69.122, host: pr-hdds-2467-gc456-181853687, networkLocation: /default-rack, certSerialId: null}f9a4fe6a-5564-437b-92eb-0f148c890629{ip: 192.168.69.122, host: pr-hdds-2467-gc456-181853687, networkLocation: /default-rack, certSerialId: null}, Type:RATIS, Factor:THREE, State:OPEN] moved to OPEN state
2019-11-13 17:50:58,176 [bed2cb91-82a6-46d4-b0e6-50d0a1724051@group-C789731BCC9A-LeaderElection19] INFO  server.RaftServerConfigKeys (ConfUtils.java:logGet(43)) - raft.server.log.appender.snapshot.chunk.size.max = 16MB (=16777216) (default)
2019-11-13 17:50:58,177 [bed2cb91-82a6-46d4-b0e6-50d0a1724051@group-C789731BCC9A-LeaderElection19] INFO  server.RaftServerConfigKeys (ConfUtils.java:logGet(43)) - raft.server.log.appender.buffer.byte-limit = 33554432 (custom)
2019-11-13 17:50:58,178 [bed2cb91-82a6-46d4-b0e6-50d0a1724051@group-C789731BCC9A-LeaderElection19] INFO  server.RaftServerConfigKeys (ConfUtils.java:logGet(43)) - raft.server.log.appender.buffer.element-limit = 1 (custom)
2019-11-13 17:50:58,182 [bed2cb91-82a6-46d4-b0e6-50d0a1724051@group-C789731BCC9A-LeaderElection19] INFO  grpc.GrpcConfigKeys$Server (ConfUtils.java:logGet(43)) - raft.grpc.server.leader.outstanding.appends.max = 128 (default)
2019-11-13 17:50:58,182 [bed2cb91-82a6-46d4-b0e6-50d0a1724051@group-C789731BCC9A-LeaderElection19] INFO  server.RaftServerConfigKeys (ConfUtils.java:logGet(43)) - raft.server.rpc.request.timeout = 3000ms (default)
2019-11-13 17:50:58,182 [bed2cb91-82a6-46d4-b0e6-50d0a1724051@group-C789731BCC9A-LeaderElection19] INFO  server.RaftServerConfigKeys (ConfUtils.java:logGet(43)) - raft.server.log.appender.install.snapshot.enabled = false (custom)
2019-11-13 17:50:58,184 [bed2cb91-82a6-46d4-b0e6-50d0a1724051@group-C789731BCC9A-LeaderElection19] WARN  impl.MetricRegistriesImpl (MetricRegistriesImpl.java:lambda$create$1(61)) - First MetricRegistry has been created without registering reporters. You may need to call MetricRegistries.global().addReportRegistration(...) before.
2019-11-13 17:50:58,185 [bed2cb91-82a6-46d4-b0e6-50d0a1724051@group-C789731BCC9A-LeaderElection19] INFO  server.RaftServerConfigKeys (ConfUtils.java:logGet(43)) - raft.server.log.appender.snapshot.chunk.size.max = 16MB (=16777216) (default)
2019-11-13 17:50:58,185 [bed2cb91-82a6-46d4-b0e6-50d0a1724051@group-C789731BCC9A-LeaderElection19] INFO  server.RaftServerConfigKeys (ConfUtils.java:logGet(43)) - raft.server.log.appender.buffer.byte-limit = 33554432 (custom)
2019-11-13 17:50:58,185 [bed2cb91-82a6-46d4-b0e6-50d0a1724051@group-C789731BCC9A-LeaderElection19] INFO  server.RaftServerConfigKeys (ConfUtils.java:logGet(43)) - raft.server.log.appender.buffer.element-limit = 1 (custom)
2019-11-13 17:50:58,185 [bed2cb91-82a6-46d4-b0e6-50d0a1724051@group-C789731BCC9A-LeaderElection19] INFO  grpc.GrpcConfigKeys$Server (ConfUtils.java:logGet(43)) - raft.grpc.server.leader.outstanding.appends.max = 128 (default)
2019-11-13 17:50:58,185 [bed2cb91-82a6-46d4-b0e6-50d0a1724051@group-C789731BCC9A-LeaderElection19] INFO  server.RaftServerConfigKeys (ConfUtils.java:logGet(43)) - raft.server.rpc.request.timeout = 3000ms (default)
2019-11-13 17:50:58,185 [bed2cb91-82a6-46d4-b0e6-50d0a1724051@group-C789731BCC9A-LeaderElection19] INFO  server.RaftServerConfigKeys (ConfUtils.java:logGet(43)) - raft.server.log.appender.install.snapshot.enabled = false (custom)
2019-11-13 17:50:58,188 [bed2cb91-82a6-46d4-b0e6-50d0a1724051@group-C789731BCC9A-LeaderElection19] INFO  impl.RoleInfo (RoleInfo.java:updateAndGet(143)) - bed2cb91-82a6-46d4-b0e6-50d0a1724051: start LeaderState
2019-11-13 17:50:58,189 [bed2cb91-82a6-46d4-b0e6-50d0a1724051@group-C789731BCC9A-LeaderElection19] INFO  segmented.SegmentedRaftLogWorker (SegmentedRaftLogWorker.java:startLogSegment(385)) - bed2cb91-82a6-46d4-b0e6-50d0a1724051@group-C789731BCC9A-SegmentedRaftLogWorker: Starting segment from index:0
2019-11-13 17:50:58,190 [bed2cb91-82a6-46d4-b0e6-50d0a1724051@group-C789731BCC9A-LeaderElection19] INFO  impl.RaftServerImpl (ServerState.java:setRaftConf(356)) - bed2cb91-82a6-46d4-b0e6-50d0a1724051@group-C789731BCC9A: set configuration 0: [bed2cb91-82a6-46d4-b0e6-50d0a1724051:192.168.69.122:33920, f9a4fe6a-5564-437b-92eb-0f148c890629:192.168.69.122:40724, 5a5ea697-a38d-4b37-b996-80d6b57047ee:192.168.69.122:41091], old=null at 0
2019-11-13 17:50:58,247 [bed2cb91-82a6-46d4-b0e6-50d0a1724051@group-C789731BCC9A-SegmentedRaftLogWorker] INFO  segmented.SegmentedRaftLogWorker (SegmentedRaftLogWorker.java:execute(576)) - bed2cb91-82a6-46d4-b0e6-50d0a1724051@group-C789731BCC9A-SegmentedRaftLogWorker: created new log segment /workdir/hadoop-ozone/tools/target/test-dir/MiniOzoneClusterImpl-31c51053-f4bb-4924-8f23-fc5f70fd2f8a/datanode-1/data/ratis/faa203de-e31c-47ec-8394-c789731bcc9a/current/log_inprogress_0
2019-11-13 17:50:58,254 [grpc-default-executor-1] INFO  ratis.XceiverServerRatis (XceiverServerRatis.java:handleLeaderChangedNotification(697)) - Leader change notification received for group: group-C789731BCC9A with new leaderId: bed2cb91-82a6-46d4-b0e6-50d0a1724051
2019-11-13 17:50:58,254 [grpc-default-executor-5] INFO  ratis.XceiverServerRatis (XceiverServerRatis.java:handleLeaderChangedNotification(697)) - Leader change notification received for group: group-C789731BCC9A with new leaderId: bed2cb91-82a6-46d4-b0e6-50d0a1724051
2019-11-13 17:50:58,254 [grpc-default-executor-1] INFO  impl.RaftServerImpl (ServerState.java:setLeader(255)) - 5a5ea697-a38d-4b37-b996-80d6b57047ee@group-C789731BCC9A: change Leader from null to bed2cb91-82a6-46d4-b0e6-50d0a1724051 at term 6 for appendEntries, leader elected after 50197ms
2019-11-13 17:50:58,255 [grpc-default-executor-5] INFO  impl.RaftServerImpl (ServerState.java:setLeader(255)) - f9a4fe6a-5564-437b-92eb-0f148c890629@group-C789731BCC9A: change Leader from null to bed2cb91-82a6-46d4-b0e6-50d0a1724051 at term 6 for appendEntries, leader elected after 50197ms
2019-11-13 17:50:58,284 [grpc-default-executor-1] INFO  impl.RaftServerImpl (ServerState.java:setRaftConf(356)) - 5a5ea697-a38d-4b37-b996-80d6b57047ee@group-C789731BCC9A: set configuration 0: [bed2cb91-82a6-46d4-b0e6-50d0a1724051:192.168.69.122:33920, f9a4fe6a-5564-437b-92eb-0f148c890629:192.168.69.122:40724, 5a5ea697-a38d-4b37-b996-80d6b57047ee:192.168.69.122:41091], old=null at 0
2019-11-13 17:50:58,284 [grpc-default-executor-5] INFO  impl.RaftServerImpl (ServerState.java:setRaftConf(356)) - f9a4fe6a-5564-437b-92eb-0f148c890629@group-C789731BCC9A: set configuration 0: [bed2cb91-82a6-46d4-b0e6-50d0a1724051:192.168.69.122:33920, f9a4fe6a-5564-437b-92eb-0f148c890629:192.168.69.122:40724, 5a5ea697-a38d-4b37-b996-80d6b57047ee:192.168.69.122:41091], old=null at 0
2019-11-13 17:50:58,284 [grpc-default-executor-1] INFO  segmented.SegmentedRaftLogWorker (SegmentedRaftLogWorker.java:startLogSegment(385)) - 5a5ea697-a38d-4b37-b996-80d6b57047ee@group-C789731BCC9A-SegmentedRaftLogWorker: Starting segment from index:0
2019-11-13 17:50:58,284 [grpc-default-executor-5] INFO  segmented.SegmentedRaftLogWorker (SegmentedRaftLogWorker.java:startLogSegment(385)) - f9a4fe6a-5564-437b-92eb-0f148c890629@group-C789731BCC9A-SegmentedRaftLogWorker: Starting segment from index:0
2019-11-13 17:50:58,340 [f9a4fe6a-5564-437b-92eb-0f148c890629@group-C789731BCC9A-SegmentedRaftLogWorker] INFO  segmented.SegmentedRaftLogWorker (SegmentedRaftLogWorker.java:execute(576)) - f9a4fe6a-5564-437b-92eb-0f148c890629@group-C789731BCC9A-SegmentedRaftLogWorker: created new log segment /workdir/hadoop-ozone/tools/target/test-dir/MiniOzoneClusterImpl-31c51053-f4bb-4924-8f23-fc5f70fd2f8a/datanode-0/data/ratis/faa203de-e31c-47ec-8394-c789731bcc9a/current/log_inprogress_0
2019-11-13 17:50:58,340 [5a5ea697-a38d-4b37-b996-80d6b57047ee@group-C789731BCC9A-SegmentedRaftLogWorker] INFO  segmented.SegmentedRaftLogWorker (SegmentedRaftLogWorker.java:execute(576)) - 5a5ea697-a38d-4b37-b996-80d6b57047ee@group-C789731BCC9A-SegmentedRaftLogWorker: created new log segment /workdir/hadoop-ozone/tools/target/test-dir/MiniOzoneClusterImpl-31c51053-f4bb-4924-8f23-fc5f70fd2f8a/datanode-2/data/ratis/faa203de-e31c-47ec-8394-c789731bcc9a/current/log_inprogress_0
2019-11-13 17:50:58,649 [main] INFO  ozone.MiniOzoneClusterImpl (MiniOzoneClusterImpl.java:lambda$waitForClusterToBeReady$2(171)) - Cluster is ready. Got 3 of 3 DN Heartbeats.
2019-11-13 17:50:59,530 [main] INFO  freon.RandomKeyGenerator (RandomKeyGenerator.java:call(283)) - Number of Threads: 10
2019-11-13 17:50:59,530 [main] INFO  freon.RandomKeyGenerator (RandomKeyGenerator.java:call(288)) - Number of Volumes: 1.
2019-11-13 17:50:59,531 [main] INFO  freon.RandomKeyGenerator (RandomKeyGenerator.java:call(289)) - Number of Buckets per Volume: 1.
2019-11-13 17:50:59,531 [main] INFO  freon.RandomKeyGenerator (RandomKeyGenerator.java:call(290)) - Number of Keys per Bucket: 1.
2019-11-13 17:50:59,531 [main] INFO  freon.RandomKeyGenerator (RandomKeyGenerator.java:call(291)) - Key size: 20971520 bytes
2019-11-13 17:50:59,531 [main] INFO  freon.RandomKeyGenerator (RandomKeyGenerator.java:call(292)) - Buffer size: 4096 bytes
2019-11-13 17:50:59,531 [main] INFO  freon.RandomKeyGenerator (RandomKeyGenerator.java:call(293)) - validateWrites : true
2019-11-13 17:50:59,534 [main] INFO  freon.RandomKeyGenerator (RandomKeyGenerator.java:call(307)) - Data validation is enabled.
2019-11-13 17:50:59,536 [main] INFO  freon.RandomKeyGenerator (RandomKeyGenerator.java:call(313)) - Starting progress bar Thread.

 0.00% |?                                                                                                    |  0/1 Time: 0:00:002019-11-13 17:50:59,555 [pool-53-thread-1] INFO  rpc.RpcClient (RpcClient.java:createVolume(292)) - Creating Volume: vol-0-12577, with jenkins1000 as owner.
2019-11-13 17:50:59,599 [IPC Server handler 14 on 37835] INFO  volume.OMVolumeCreateRequest (OMVolumeCreateRequest.java:validateAndUpdateCache(193)) - created volume:vol-0-12577 for user:jenkins1000
2019-11-13 17:50:59,647 [pool-53-thread-2] INFO  rpc.RpcClient (RpcClient.java:createBucket(431)) - Creating Bucket: vol-0-12577/bucket-0-63549, with Versioning false and Storage Type set to DISK and Encryption set to false 
2019-11-13 17:50:59,852 [pool-53-thread-3] INFO  impl.MetricsSystemImpl (MetricsSystemImpl.java:init(158)) - XceiverClientMetrics metrics system started (again)
 0.00% |?                                                                                                    |  0/1 Time: 0:00:01 0.00% |?                                                                                                    |  0/1 Time: 0:00:02 100.00% |?????????????????????????????????????????????????????????????????????????????????????????????????????|  1/1 Time: 0:00:03
2019-11-13 17:51:07,639 [main] INFO  pipeline.SCMPipelineManager (SCMPipelineManager.java:finalizeAndDestroyPipeline(315)) - destroying pipeline:Pipeline[ Id: faa203de-e31c-47ec-8394-c789731bcc9a, Nodes: bed2cb91-82a6-46d4-b0e6-50d0a1724051{ip: 192.168.69.122, host: pr-hdds-2467-gc456-181853687, networkLocation: /default-rack, certSerialId: null}5a5ea697-a38d-4b37-b996-80d6b57047ee{ip: 192.168.69.122, host: pr-hdds-2467-gc456-181853687, networkLocation: /default-rack, certSerialId: null}f9a4fe6a-5564-437b-92eb-0f148c890629{ip: 192.168.69.122, host: pr-hdds-2467-gc456-181853687, networkLocation: /default-rack, certSerialId: null}, Type:RATIS, Factor:THREE, State:OPEN]
2019-11-13 17:51:07,640 [main] INFO  pipeline.PipelineStateManager (PipelineStateManager.java:finalizePipeline(121)) - Pipeline Pipeline[ Id: faa203de-e31c-47ec-8394-c789731bcc9a, Nodes: bed2cb91-82a6-46d4-b0e6-50d0a1724051{ip: 192.168.69.122, host: pr-hdds-2467-gc456-181853687, networkLocation: /default-rack, certSerialId: null}5a5ea697-a38d-4b37-b996-80d6b57047ee{ip: 192.168.69.122, host: pr-hdds-2467-gc456-181853687, networkLocation: /default-rack, certSerialId: null}f9a4fe6a-5564-437b-92eb-0f148c890629{ip: 192.168.69.122, host: pr-hdds-2467-gc456-181853687, networkLocation: /default-rack, certSerialId: null}, Type:RATIS, Factor:THREE, State:CLOSED] moved to CLOSED state
2019-11-13 17:51:07,641 [EventQueue-CloseContainerForCloseContainerEventHandler] INFO  container.CloseContainerEventHandler (CloseContainerEventHandler.java:onMessage(61)) - Close container Event triggered for container : #1
2019-11-13 17:51:07,648 [EventQueue-CloseContainerForCloseContainerEventHandler] INFO  container.CloseContainerEventHandler (CloseContainerEventHandler.java:onMessage(61)) - Close container Event triggered for container : #2
2019-11-13 17:51:07,648 [EventQueue-CloseContainerForCloseContainerEventHandler] INFO  container.CloseContainerEventHandler (CloseContainerEventHandler.java:onMessage(61)) - Close container Event triggered for container : #3
2019-11-13 17:51:07,654 [grpc-default-executor-5] INFO  impl.RaftServerProxy (RaftServerProxy.java:remove(95)) - bed2cb91-82a6-46d4-b0e6-50d0a1724051: remove    LEADER bed2cb91-82a6-46d4-b0e6-50d0a1724051@group-C789731BCC9A:t6, leader=bed2cb91-82a6-46d4-b0e6-50d0a1724051, voted=bed2cb91-82a6-46d4-b0e6-50d0a1724051, raftlog=bed2cb91-82a6-46d4-b0e6-50d0a1724051@group-C789731BCC9A-SegmentedRaftLog:OPENED:c73,f73,i73, conf=0: [bed2cb91-82a6-46d4-b0e6-50d0a1724051:192.168.69.122:33920, f9a4fe6a-5564-437b-92eb-0f148c890629:192.168.69.122:40724, 5a5ea697-a38d-4b37-b996-80d6b57047ee:192.168.69.122:41091], old=null RUNNING
2019-11-13 17:51:07,655 [grpc-default-executor-5] INFO  impl.RaftServerImpl (RaftServerImpl.java:lambda$shutdown$3(250)) - bed2cb91-82a6-46d4-b0e6-50d0a1724051@group-C789731BCC9A: shutdown
2019-11-13 17:51:07,656 [grpc-default-executor-5] INFO  util.JmxRegister (JmxRegister.java:unregister(73)) - Successfully un-registered JMX Bean with object name Ratis:service=RaftServer,group=group-C789731BCC9A,id=bed2cb91-82a6-46d4-b0e6-50d0a1724051
2019-11-13 17:51:07,656 [grpc-default-executor-5] INFO  impl.RoleInfo (RoleInfo.java:shutdownLeaderState(104)) - bed2cb91-82a6-46d4-b0e6-50d0a1724051: shutdown LeaderState
2019-11-13 17:51:07,659 [org.apache.ratis.server.impl.LogAppender$AppenderDaemon$$Lambda$520/1122624386@58082708] WARN  server.GrpcLogAppender (GrpcLogAppender.java:mayWait(151)) - bed2cb91-82a6-46d4-b0e6-50d0a1724051@group-C789731BCC9A->f9a4fe6a-5564-437b-92eb-0f148c890629-GrpcLogAppender: Wait interrupted by java.lang.InterruptedException
2019-11-13 17:51:07,660 [org.apache.ratis.server.impl.LogAppender$AppenderDaemon$$Lambda$520/1122624386@46f060c3] WARN  server.GrpcLogAppender (GrpcLogAppender.java:mayWait(151)) - bed2cb91-82a6-46d4-b0e6-50d0a1724051@group-C789731BCC9A->5a5ea697-a38d-4b37-b996-80d6b57047ee-GrpcLogAppender: Wait interrupted by java.lang.InterruptedException
2019-11-13 17:51:07,660 [grpc-default-executor-5] INFO  impl.PendingRequests (PendingRequests.java:sendNotLeaderResponses(206)) - bed2cb91-82a6-46d4-b0e6-50d0a1724051@group-C789731BCC9A-PendingRequests: sendNotLeaderResponses
2019-11-13 17:51:07,662 [grpc-default-executor-2] INFO  server.GrpcServerProtocolService (GrpcServerProtocolService.java:onCompleted(113)) - 5a5ea697-a38d-4b37-b996-80d6b57047ee: Completed APPEND_ENTRIES, lastRequest: bed2cb91-82a6-46d4-b0e6-50d0a1724051->5a5ea697-a38d-4b37-b996-80d6b57047ee#76-t6, previous=(t:6, i:73), leaderCommit=73, initializing? false, entries: <empty>
2019-11-13 17:51:07,662 [grpc-default-executor-1] INFO  server.GrpcServerProtocolService (GrpcServerProtocolService.java:onCompleted(113)) - f9a4fe6a-5564-437b-92eb-0f148c890629: Completed APPEND_ENTRIES, lastRequest: bed2cb91-82a6-46d4-b0e6-50d0a1724051->f9a4fe6a-5564-437b-92eb-0f148c890629#76-t6, previous=(t:6, i:73), leaderCommit=73, initializing? false, entries: <empty>
2019-11-13 17:51:07,666 [grpc-default-executor-2] INFO  server.GrpcLogAppender (GrpcLogAppender.java:onCompleted(308)) - bed2cb91-82a6-46d4-b0e6-50d0a1724051@group-C789731BCC9A->f9a4fe6a-5564-437b-92eb-0f148c890629-AppendLogResponseHandler: follower responses appendEntries COMPLETED
2019-11-13 17:51:07,665 [grpc-default-executor-5] INFO  impl.StateMachineUpdater (StateMachineUpdater.java:stopAndJoin(136)) - bed2cb91-82a6-46d4-b0e6-50d0a1724051@group-C789731BCC9A-StateMachineUpdater: set stopIndex = 73
2019-11-13 17:51:07,667 [bed2cb91-82a6-46d4-b0e6-50d0a1724051@group-C789731BCC9A-StateMachineUpdater] INFO  ratis.ContainerStateMachine (ContainerStateMachine.java:takeSnapshot(285)) - group-C789731BCC9A: Taking a snapshot at:(t:6, i:71) file /workdir/hadoop-ozone/tools/target/test-dir/MiniOzoneClusterImpl-31c51053-f4bb-4924-8f23-fc5f70fd2f8a/datanode-1/data/ratis/faa203de-e31c-47ec-8394-c789731bcc9a/sm/snapshot.6_71
2019-11-13 17:51:07,666 [grpc-default-executor-0] INFO  server.GrpcLogAppender (GrpcLogAppender.java:onCompleted(308)) - bed2cb91-82a6-46d4-b0e6-50d0a1724051@group-C789731BCC9A->5a5ea697-a38d-4b37-b996-80d6b57047ee-AppendLogResponseHandler: follower responses appendEntries COMPLETED
2019-11-13 17:51:07,670 [grpc-default-executor-2] INFO  impl.FollowerInfo (FollowerInfo.java:lambda$new$0(51)) - bed2cb91-82a6-46d4-b0e6-50d0a1724051@group-C789731BCC9A->f9a4fe6a-5564-437b-92eb-0f148c890629: nextIndex: updateUnconditionally 74 -> 73
2019-11-13 17:51:07,670 [grpc-default-executor-0] INFO  impl.FollowerInfo (FollowerInfo.java:lambda$new$0(51)) - bed2cb91-82a6-46d4-b0e6-50d0a1724051@group-C789731BCC9A->5a5ea697-a38d-4b37-b996-80d6b57047ee: nextIndex: updateUnconditionally 74 -> 73
2019-11-13 17:51:07,731 [bed2cb91-82a6-46d4-b0e6-50d0a1724051@group-C789731BCC9A-StateMachineUpdater] INFO  ratis.ContainerStateMachine (ContainerStateMachine.java:takeSnapshot(296)) - group-C789731BCC9A: Finished taking a snapshot at:(t:6, i:71) file:/workdir/hadoop-ozone/tools/target/test-dir/MiniOzoneClusterImpl-31c51053-f4bb-4924-8f23-fc5f70fd2f8a/datanode-1/data/ratis/faa203de-e31c-47ec-8394-c789731bcc9a/sm/snapshot.6_71 time:65
2019-11-13 17:51:07,732 [bed2cb91-82a6-46d4-b0e6-50d0a1724051@group-C789731BCC9A-StateMachineUpdater] INFO  impl.StateMachineUpdater (StateMachineUpdater.java:takeSnapshot(269)) - bed2cb91-82a6-46d4-b0e6-50d0a1724051@group-C789731BCC9A-StateMachineUpdater: Took a snapshot at index 71
2019-11-13 17:51:07,732 [bed2cb91-82a6-46d4-b0e6-50d0a1724051@group-C789731BCC9A-StateMachineUpdater] INFO  impl.StateMachineUpdater (StateMachineUpdater.java:lambda$new$0(84)) - bed2cb91-82a6-46d4-b0e6-50d0a1724051@group-C789731BCC9A-StateMachineUpdater: snapshotIndex: updateIncreasingly -1 -> 71
2019-11-13 17:51:07,737 [bed2cb91-82a6-46d4-b0e6-50d0a1724051@group-C789731BCC9A-StateMachineUpdater] INFO  ratis.ContainerStateMachine (ContainerStateMachine.java:takeSnapshot(285)) - group-C789731BCC9A: Taking a snapshot at:(t:6, i:71) file /workdir/hadoop-ozone/tools/target/test-dir/MiniOzoneClusterImpl-31c51053-f4bb-4924-8f23-fc5f70fd2f8a/datanode-1/data/ratis/faa203de-e31c-47ec-8394-c789731bcc9a/sm/snapshot.6_71
2019-11-13 17:51:07,773 [bed2cb91-82a6-46d4-b0e6-50d0a1724051@group-C789731BCC9A-StateMachineUpdater] INFO  ratis.ContainerStateMachine (ContainerStateMachine.java:takeSnapshot(296)) - group-C789731BCC9A: Finished taking a snapshot at:(t:6, i:71) file:/workdir/hadoop-ozone/tools/target/test-dir/MiniOzoneClusterImpl-31c51053-f4bb-4924-8f23-fc5f70fd2f8a/datanode-1/data/ratis/faa203de-e31c-47ec-8394-c789731bcc9a/sm/snapshot.6_71 time:36
2019-11-13 17:51:07,773 [bed2cb91-82a6-46d4-b0e6-50d0a1724051@group-C789731BCC9A-StateMachineUpdater] INFO  impl.StateMachineUpdater (StateMachineUpdater.java:takeSnapshot(269)) - bed2cb91-82a6-46d4-b0e6-50d0a1724051@group-C789731BCC9A-StateMachineUpdater: Took a snapshot at index 71
2019-11-13 17:51:07,773 [bed2cb91-82a6-46d4-b0e6-50d0a1724051@group-C789731BCC9A-StateMachineUpdater] INFO  impl.StateMachineUpdater (StateMachineUpdater.java:lambda$new$0(84)) - bed2cb91-82a6-46d4-b0e6-50d0a1724051@group-C789731BCC9A-StateMachineUpdater: snapshotIndex: updateIncreasingly 71 -> 71
2019-11-13 17:51:07,773 [grpc-default-executor-5] INFO  impl.RaftServerImpl (ServerState.java:close(387)) - bed2cb91-82a6-46d4-b0e6-50d0a1724051@group-C789731BCC9A: closes. applyIndex: 73
2019-11-13 17:51:07,774 [bed2cb91-82a6-46d4-b0e6-50d0a1724051@group-C789731BCC9A-SegmentedRaftLogWorker] INFO  segmented.SegmentedRaftLogWorker (SegmentedRaftLogWorker.java:run(316)) - bed2cb91-82a6-46d4-b0e6-50d0a1724051@group-C789731BCC9A-SegmentedRaftLogWorker was interrupted, exiting. There are 0 tasks remaining in the queue.
2019-11-13 17:51:07,777 [grpc-default-executor-5] INFO  segmented.SegmentedRaftLogWorker (SegmentedRaftLogWorker.java:close(224)) - bed2cb91-82a6-46d4-b0e6-50d0a1724051@group-C789731BCC9A-SegmentedRaftLogWorker close()
2019-11-13 17:51:07,834 [grpc-default-executor-5] INFO  interfaces.Container (KeyValueContainer.java:flushAndSyncDB(400)) - Container 1 is synced with bcsId 57.
2019-11-13 17:51:07,834 [grpc-default-executor-5] INFO  interfaces.Container (KeyValueContainer.java:flushAndSyncDB(400)) - Container 1 is synced with bcsId 57.
2019-11-13 17:51:07,866 [EventQueue-IncrementalContainerReportForIncrementalContainerReportHandler] INFO  container.IncrementalContainerReportHandler (AbstractContainerReportHandler.java:updateContainerState(171)) - Moving container #1 to QUASI_CLOSED state, datanode bed2cb91-82a6-46d4-b0e6-50d0a1724051{ip: 192.168.69.122, host: pr-hdds-2467-gc456-181853687, networkLocation: /default-rack, certSerialId: null} reported QUASI_CLOSED replica.
2019-11-13 17:51:07,914 [grpc-default-executor-5] INFO  interfaces.Container (KeyValueContainer.java:flushAndSyncDB(400)) - Container 2 is synced with bcsId 71.
2019-11-13 17:51:07,915 [grpc-default-executor-5] INFO  interfaces.Container (KeyValueContainer.java:flushAndSyncDB(400)) - Container 2 is synced with bcsId 71.
2019-11-13 17:51:07,968 [EventQueue-IncrementalContainerReportForIncrementalContainerReportHandler] INFO  container.IncrementalContainerReportHandler (AbstractContainerReportHandler.java:updateContainerState(171)) - Moving container #2 to QUASI_CLOSED state, datanode bed2cb91-82a6-46d4-b0e6-50d0a1724051{ip: 192.168.69.122, host: pr-hdds-2467-gc456-181853687, networkLocation: /default-rack, certSerialId: null} reported QUASI_CLOSED replica.
2019-11-13 17:51:08,017 [grpc-default-executor-5] INFO  interfaces.Container (KeyValueContainer.java:flushAndSyncDB(400)) - Container 3 is synced with bcsId 40.
2019-11-13 17:51:08,017 [grpc-default-executor-5] INFO  interfaces.Container (KeyValueContainer.java:flushAndSyncDB(400)) - Container 3 is synced with bcsId 40.
2019-11-13 17:51:08,053 [EventQueue-IncrementalContainerReportForIncrementalContainerReportHandler] INFO  container.IncrementalContainerReportHandler (AbstractContainerReportHandler.java:updateContainerState(171)) - Moving container #3 to QUASI_CLOSED state, datanode bed2cb91-82a6-46d4-b0e6-50d0a1724051{ip: 192.168.69.122, host: pr-hdds-2467-gc456-181853687, networkLocation: /default-rack, certSerialId: null} reported QUASI_CLOSED replica.
2019-11-13 17:51:08,061 [grpc-default-executor-5] INFO  impl.RaftServerProxy (RaftServerProxy.java:remove(95)) - 5a5ea697-a38d-4b37-b996-80d6b57047ee: remove  FOLLOWER 5a5ea697-a38d-4b37-b996-80d6b57047ee@group-C789731BCC9A:t6, leader=bed2cb91-82a6-46d4-b0e6-50d0a1724051, voted=bed2cb91-82a6-46d4-b0e6-50d0a1724051, raftlog=5a5ea697-a38d-4b37-b996-80d6b57047ee@group-C789731BCC9A-SegmentedRaftLog:OPENED:c73,f73,i73, conf=0: [bed2cb91-82a6-46d4-b0e6-50d0a1724051:192.168.69.122:33920, f9a4fe6a-5564-437b-92eb-0f148c890629:192.168.69.122:40724, 5a5ea697-a38d-4b37-b996-80d6b57047ee:192.168.69.122:41091], old=null RUNNING
2019-11-13 17:51:08,061 [grpc-default-executor-5] INFO  impl.RaftServerImpl (RaftServerImpl.java:lambda$shutdown$3(250)) - 5a5ea697-a38d-4b37-b996-80d6b57047ee@group-C789731BCC9A: shutdown
2019-11-13 17:51:08,061 [grpc-default-executor-5] INFO  util.JmxRegister (JmxRegister.java:unregister(73)) - Successfully un-registered JMX Bean with object name Ratis:service=RaftServer,group=group-C789731BCC9A,id=5a5ea697-a38d-4b37-b996-80d6b57047ee
2019-11-13 17:51:08,061 [grpc-default-executor-5] INFO  impl.RoleInfo (RoleInfo.java:shutdownFollowerState(121)) - 5a5ea697-a38d-4b37-b996-80d6b57047ee: shutdown FollowerState
2019-11-13 17:51:08,061 [grpc-default-executor-5] INFO  impl.StateMachineUpdater (StateMachineUpdater.java:stopAndJoin(136)) - 5a5ea697-a38d-4b37-b996-80d6b57047ee@group-C789731BCC9A-StateMachineUpdater: set stopIndex = 73
2019-11-13 17:51:08,062 [Thread-291] INFO  impl.FollowerState (FollowerState.java:run(120)) - 5a5ea697-a38d-4b37-b996-80d6b57047ee@group-C789731BCC9A-FollowerState was interrupted: java.lang.InterruptedException: sleep interrupted
2019-11-13 17:51:08,062 [5a5ea697-a38d-4b37-b996-80d6b57047ee@group-C789731BCC9A-StateMachineUpdater] INFO  ratis.ContainerStateMachine (ContainerStateMachine.java:takeSnapshot(285)) - group-C789731BCC9A: Taking a snapshot at:(t:6, i:71) file /workdir/hadoop-ozone/tools/target/test-dir/MiniOzoneClusterImpl-31c51053-f4bb-4924-8f23-fc5f70fd2f8a/datanode-2/data/ratis/faa203de-e31c-47ec-8394-c789731bcc9a/sm/snapshot.6_71
2019-11-13 17:51:08,088 [5a5ea697-a38d-4b37-b996-80d6b57047ee@group-C789731BCC9A-StateMachineUpdater] INFO  ratis.ContainerStateMachine (ContainerStateMachine.java:takeSnapshot(296)) - group-C789731BCC9A: Finished taking a snapshot at:(t:6, i:71) file:/workdir/hadoop-ozone/tools/target/test-dir/MiniOzoneClusterImpl-31c51053-f4bb-4924-8f23-fc5f70fd2f8a/datanode-2/data/ratis/faa203de-e31c-47ec-8394-c789731bcc9a/sm/snapshot.6_71 time:27
2019-11-13 17:51:08,089 [5a5ea697-a38d-4b37-b996-80d6b57047ee@group-C789731BCC9A-StateMachineUpdater] INFO  impl.StateMachineUpdater (StateMachineUpdater.java:takeSnapshot(269)) - 5a5ea697-a38d-4b37-b996-80d6b57047ee@group-C789731BCC9A-StateMachineUpdater: Took a snapshot at index 71
2019-11-13 17:51:08,089 [5a5ea697-a38d-4b37-b996-80d6b57047ee@group-C789731BCC9A-StateMachineUpdater] INFO  impl.StateMachineUpdater (StateMachineUpdater.java:lambda$new$0(84)) - 5a5ea697-a38d-4b37-b996-80d6b57047ee@group-C789731BCC9A-StateMachineUpdater: snapshotIndex: updateIncreasingly -1 -> 71
2019-11-13 17:51:08,089 [5a5ea697-a38d-4b37-b996-80d6b57047ee@group-C789731BCC9A-StateMachineUpdater] INFO  ratis.ContainerStateMachine (ContainerStateMachine.java:takeSnapshot(285)) - group-C789731BCC9A: Taking a snapshot at:(t:6, i:71) file /workdir/hadoop-ozone/tools/target/test-dir/MiniOzoneClusterImpl-31c51053-f4bb-4924-8f23-fc5f70fd2f8a/datanode-2/data/ratis/faa203de-e31c-47ec-8394-c789731bcc9a/sm/snapshot.6_71
2019-11-13 17:51:08,113 [5a5ea697-a38d-4b37-b996-80d6b57047ee@group-C789731BCC9A-StateMachineUpdater] INFO  ratis.ContainerStateMachine (ContainerStateMachine.java:takeSnapshot(296)) - group-C789731BCC9A: Finished taking a snapshot at:(t:6, i:71) file:/workdir/hadoop-ozone/tools/target/test-dir/MiniOzoneClusterImpl-31c51053-f4bb-4924-8f23-fc5f70fd2f8a/datanode-2/data/ratis/faa203de-e31c-47ec-8394-c789731bcc9a/sm/snapshot.6_71 time:23
2019-11-13 17:51:08,113 [5a5ea697-a38d-4b37-b996-80d6b57047ee@group-C789731BCC9A-StateMachineUpdater] INFO  impl.StateMachineUpdater (StateMachineUpdater.java:takeSnapshot(269)) - 5a5ea697-a38d-4b37-b996-80d6b57047ee@group-C789731BCC9A-StateMachineUpdater: Took a snapshot at index 71
2019-11-13 17:51:08,113 [5a5ea697-a38d-4b37-b996-80d6b57047ee@group-C789731BCC9A-StateMachineUpdater] INFO  impl.StateMachineUpdater (StateMachineUpdater.java:lambda$new$0(84)) - 5a5ea697-a38d-4b37-b996-80d6b57047ee@group-C789731BCC9A-StateMachineUpdater: snapshotIndex: updateIncreasingly 71 -> 71
2019-11-13 17:51:08,114 [grpc-default-executor-5] INFO  impl.RaftServerImpl (ServerState.java:close(387)) - 5a5ea697-a38d-4b37-b996-80d6b57047ee@group-C789731BCC9A: closes. applyIndex: 73
2019-11-13 17:51:08,115 [5a5ea697-a38d-4b37-b996-80d6b57047ee@group-C789731BCC9A-SegmentedRaftLogWorker] INFO  segmented.SegmentedRaftLogWorker (SegmentedRaftLogWorker.java:run(316)) - 5a5ea697-a38d-4b37-b996-80d6b57047ee@group-C789731BCC9A-SegmentedRaftLogWorker was interrupted, exiting. There are 0 tasks remaining in the queue.
2019-11-13 17:51:08,117 [grpc-default-executor-5] INFO  segmented.SegmentedRaftLogWorker (SegmentedRaftLogWorker.java:close(224)) - 5a5ea697-a38d-4b37-b996-80d6b57047ee@group-C789731BCC9A-SegmentedRaftLogWorker close()
2019-11-13 17:51:08,172 [grpc-default-executor-5] INFO  interfaces.Container (KeyValueContainer.java:flushAndSyncDB(400)) - Container 1 is synced with bcsId 57.
2019-11-13 17:51:08,173 [grpc-default-executor-5] INFO  interfaces.Container (KeyValueContainer.java:flushAndSyncDB(400)) - Container 1 is synced with bcsId 57.
2019-11-13 17:51:08,263 [grpc-default-executor-5] INFO  interfaces.Container (KeyValueContainer.java:flushAndSyncDB(400)) - Container 2 is synced with bcsId 71.
2019-11-13 17:51:08,263 [grpc-default-executor-5] INFO  interfaces.Container (KeyValueContainer.java:flushAndSyncDB(400)) - Container 2 is synced with bcsId 71.
2019-11-13 17:51:08,369 [grpc-default-executor-5] INFO  interfaces.Container (KeyValueContainer.java:flushAndSyncDB(400)) - Container 3 is synced with bcsId 40.
2019-11-13 17:51:08,369 [grpc-default-executor-5] INFO  interfaces.Container (KeyValueContainer.java:flushAndSyncDB(400)) - Container 3 is synced with bcsId 40.
2019-11-13 17:51:08,411 [grpc-default-executor-5] INFO  impl.RaftServerProxy (RaftServerProxy.java:remove(95)) - f9a4fe6a-5564-437b-92eb-0f148c890629: remove  FOLLOWER f9a4fe6a-5564-437b-92eb-0f148c890629@group-C789731BCC9A:t6, leader=bed2cb91-82a6-46d4-b0e6-50d0a1724051, voted=bed2cb91-82a6-46d4-b0e6-50d0a1724051, raftlog=f9a4fe6a-5564-437b-92eb-0f148c890629@group-C789731BCC9A-SegmentedRaftLog:OPENED:c73,f73,i73, conf=0: [bed2cb91-82a6-46d4-b0e6-50d0a1724051:192.168.69.122:33920, f9a4fe6a-5564-437b-92eb-0f148c890629:192.168.69.122:40724, 5a5ea697-a38d-4b37-b996-80d6b57047ee:192.168.69.122:41091], old=null RUNNING
2019-11-13 17:51:08,412 [grpc-default-executor-5] INFO  impl.RaftServerImpl (RaftServerImpl.java:lambda$shutdown$3(250)) - f9a4fe6a-5564-437b-92eb-0f148c890629@group-C789731BCC9A: shutdown
2019-11-13 17:51:08,412 [grpc-default-executor-5] INFO  util.JmxRegister (JmxRegister.java:unregister(73)) - Successfully un-registered JMX Bean with object name Ratis:service=RaftServer,group=group-C789731BCC9A,id=f9a4fe6a-5564-437b-92eb-0f148c890629
2019-11-13 17:51:08,413 [grpc-default-executor-5] INFO  impl.RoleInfo (RoleInfo.java:shutdownFollowerState(121)) - f9a4fe6a-5564-437b-92eb-0f148c890629: shutdown FollowerState
2019-11-13 17:51:08,413 [Thread-292] INFO  impl.FollowerState (FollowerState.java:run(120)) - f9a4fe6a-5564-437b-92eb-0f148c890629@group-C789731BCC9A-FollowerState was interrupted: java.lang.InterruptedException: sleep interrupted
2019-11-13 17:51:08,415 [grpc-default-executor-5] INFO  impl.StateMachineUpdater (StateMachineUpdater.java:stopAndJoin(136)) - f9a4fe6a-5564-437b-92eb-0f148c890629@group-C789731BCC9A-StateMachineUpdater: set stopIndex = 73
2019-11-13 17:51:08,415 [f9a4fe6a-5564-437b-92eb-0f148c890629@group-C789731BCC9A-StateMachineUpdater] INFO  ratis.ContainerStateMachine (ContainerStateMachine.java:takeSnapshot(285)) - group-C789731BCC9A: Taking a snapshot at:(t:6, i:71) file /workdir/hadoop-ozone/tools/target/test-dir/MiniOzoneClusterImpl-31c51053-f4bb-4924-8f23-fc5f70fd2f8a/datanode-0/data/ratis/faa203de-e31c-47ec-8394-c789731bcc9a/sm/snapshot.6_71
2019-11-13 17:51:08,444 [f9a4fe6a-5564-437b-92eb-0f148c890629@group-C789731BCC9A-StateMachineUpdater] INFO  ratis.ContainerStateMachine (ContainerStateMachine.java:takeSnapshot(296)) - group-C789731BCC9A: Finished taking a snapshot at:(t:6, i:71) file:/workdir/hadoop-ozone/tools/target/test-dir/MiniOzoneClusterImpl-31c51053-f4bb-4924-8f23-fc5f70fd2f8a/datanode-0/data/ratis/faa203de-e31c-47ec-8394-c789731bcc9a/sm/snapshot.6_71 time:28
2019-11-13 17:51:08,444 [f9a4fe6a-5564-437b-92eb-0f148c890629@group-C789731BCC9A-StateMachineUpdater] INFO  impl.StateMachineUpdater (StateMachineUpdater.java:takeSnapshot(269)) - f9a4fe6a-5564-437b-92eb-0f148c890629@group-C789731BCC9A-StateMachineUpdater: Took a snapshot at index 71
2019-11-13 17:51:08,444 [f9a4fe6a-5564-437b-92eb-0f148c890629@group-C789731BCC9A-StateMachineUpdater] INFO  impl.StateMachineUpdater (StateMachineUpdater.java:lambda$new$0(84)) - f9a4fe6a-5564-437b-92eb-0f148c890629@group-C789731BCC9A-StateMachineUpdater: snapshotIndex: updateIncreasingly -1 -> 71
2019-11-13 17:51:08,445 [f9a4fe6a-5564-437b-92eb-0f148c890629@group-C789731BCC9A-StateMachineUpdater] INFO  ratis.ContainerStateMachine (ContainerStateMachine.java:takeSnapshot(285)) - group-C789731BCC9A: Taking a snapshot at:(t:6, i:71) file /workdir/hadoop-ozone/tools/target/test-dir/MiniOzoneClusterImpl-31c51053-f4bb-4924-8f23-fc5f70fd2f8a/datanode-0/data/ratis/faa203de-e31c-47ec-8394-c789731bcc9a/sm/snapshot.6_71
2019-11-13 17:51:08,474 [f9a4fe6a-5564-437b-92eb-0f148c890629@group-C789731BCC9A-StateMachineUpdater] INFO  ratis.ContainerStateMachine (ContainerStateMachine.java:takeSnapshot(296)) - group-C789731BCC9A: Finished taking a snapshot at:(t:6, i:71) file:/workdir/hadoop-ozone/tools/target/test-dir/MiniOzoneClusterImpl-31c51053-f4bb-4924-8f23-fc5f70fd2f8a/datanode-0/data/ratis/faa203de-e31c-47ec-8394-c789731bcc9a/sm/snapshot.6_71 time:29
2019-11-13 17:51:08,474 [f9a4fe6a-5564-437b-92eb-0f148c890629@group-C789731BCC9A-StateMachineUpdater] INFO  impl.StateMachineUpdater (StateMachineUpdater.java:takeSnapshot(269)) - f9a4fe6a-5564-437b-92eb-0f148c890629@group-C789731BCC9A-StateMachineUpdater: Took a snapshot at index 71
2019-11-13 17:51:08,474 [f9a4fe6a-5564-437b-92eb-0f148c890629@group-C789731BCC9A-StateMachineUpdater] INFO  impl.StateMachineUpdater (StateMachineUpdater.java:lambda$new$0(84)) - f9a4fe6a-5564-437b-92eb-0f148c890629@group-C789731BCC9A-StateMachineUpdater: snapshotIndex: updateIncreasingly 71 -> 71
2019-11-13 17:51:08,475 [grpc-default-executor-5] INFO  impl.RaftServerImpl (ServerState.java:close(387)) - f9a4fe6a-5564-437b-92eb-0f148c890629@group-C789731BCC9A: closes. applyIndex: 73
2019-11-13 17:51:08,476 [f9a4fe6a-5564-437b-92eb-0f148c890629@group-C789731BCC9A-SegmentedRaftLogWorker] INFO  segmented.SegmentedRaftLogWorker (SegmentedRaftLogWorker.java:run(316)) - f9a4fe6a-5564-437b-92eb-0f148c890629@group-C789731BCC9A-SegmentedRaftLogWorker was interrupted, exiting. There are 0 tasks remaining in the queue.
2019-11-13 17:51:08,477 [grpc-default-executor-5] INFO  segmented.SegmentedRaftLogWorker (SegmentedRaftLogWorker.java:close(224)) - f9a4fe6a-5564-437b-92eb-0f148c890629@group-C789731BCC9A-SegmentedRaftLogWorker close()
2019-11-13 17:51:08,556 [grpc-default-executor-5] INFO  interfaces.Container (KeyValueContainer.java:flushAndSyncDB(400)) - Container 1 is synced with bcsId 57.
2019-11-13 17:51:08,556 [grpc-default-executor-5] INFO  interfaces.Container (KeyValueContainer.java:flushAndSyncDB(400)) - Container 1 is synced with bcsId 57.
2019-11-13 17:51:08,646 [grpc-default-executor-5] INFO  interfaces.Container (KeyValueContainer.java:flushAndSyncDB(400)) - Container 2 is synced with bcsId 71.
2019-11-13 17:51:08,647 [grpc-default-executor-5] INFO  interfaces.Container (KeyValueContainer.java:flushAndSyncDB(400)) - Container 2 is synced with bcsId 71.
2019-11-13 17:51:08,736 [grpc-default-executor-5] INFO  interfaces.Container (KeyValueContainer.java:flushAndSyncDB(400)) - Container 3 is synced with bcsId 40.
2019-11-13 17:51:08,736 [grpc-default-executor-5] INFO  interfaces.Container (KeyValueContainer.java:flushAndSyncDB(400)) - Container 3 is synced with bcsId 40.
2019-11-13 17:51:08,765 [main] INFO  pipeline.PipelineStateManager (PipelineStateManager.java:removePipeline(106)) - Pipeline Pipeline[ Id: faa203de-e31c-47ec-8394-c789731bcc9a, Nodes: bed2cb91-82a6-46d4-b0e6-50d0a1724051{ip: 192.168.69.122, host: pr-hdds-2467-gc456-181853687, networkLocation: /default-rack, certSerialId: null}5a5ea697-a38d-4b37-b996-80d6b57047ee{ip: 192.168.69.122, host: pr-hdds-2467-gc456-181853687, networkLocation: /default-rack, certSerialId: null}f9a4fe6a-5564-437b-92eb-0f148c890629{ip: 192.168.69.122, host: pr-hdds-2467-gc456-181853687, networkLocation: /default-rack, certSerialId: null}, Type:RATIS, Factor:THREE, State:CLOSED] removed from db
2019-11-13 17:51:08,776 [grpc-default-executor-0] INFO  impl.RaftServerProxy (RaftServerProxy.java:addNew(89)) - 5a5ea697-a38d-4b37-b996-80d6b57047ee: addNew group-FAA8328BB58A:[bed2cb91-82a6-46d4-b0e6-50d0a1724051:192.168.69.122:33920, f9a4fe6a-5564-437b-92eb-0f148c890629:192.168.69.122:40724, 5a5ea697-a38d-4b37-b996-80d6b57047ee:192.168.69.122:41091] returns group-FAA8328BB58A:java.util.concurrent.CompletableFuture@20f5eafd[Not completed]
2019-11-13 17:51:08,776 [grpc-default-executor-2] INFO  impl.RaftServerProxy (RaftServerProxy.java:addNew(89)) - f9a4fe6a-5564-437b-92eb-0f148c890629: addNew group-FAA8328BB58A:[bed2cb91-82a6-46d4-b0e6-50d0a1724051:192.168.69.122:33920, f9a4fe6a-5564-437b-92eb-0f148c890629:192.168.69.122:40724, 5a5ea697-a38d-4b37-b996-80d6b57047ee:192.168.69.122:41091] returns group-FAA8328BB58A:java.util.concurrent.CompletableFuture@1b585775[Not completed]
2019-11-13 17:51:08,778 [grpc-default-executor-5] INFO  impl.RaftServerProxy (RaftServerProxy.java:addNew(89)) - bed2cb91-82a6-46d4-b0e6-50d0a1724051: addNew group-FAA8328BB58A:[bed2cb91-82a6-46d4-b0e6-50d0a1724051:192.168.69.122:33920, f9a4fe6a-5564-437b-92eb-0f148c890629:192.168.69.122:40724, 5a5ea697-a38d-4b37-b996-80d6b57047ee:192.168.69.122:41091] returns group-FAA8328BB58A:java.util.concurrent.CompletableFuture@6df50c32[Not completed]
2019-11-13 17:51:08,779 [pool-27-thread-1] INFO  impl.RaftServerImpl (RaftServerImpl.java:<init>(98)) - f9a4fe6a-5564-437b-92eb-0f148c890629: new RaftServerImpl for group-FAA8328BB58A:[bed2cb91-82a6-46d4-b0e6-50d0a1724051:192.168.69.122:33920, f9a4fe6a-5564-437b-92eb-0f148c890629:192.168.69.122:40724, 5a5ea697-a38d-4b37-b996-80d6b57047ee:192.168.69.122:41091] with ContainerStateMachine:uninitialized
2019-11-13 17:51:08,779 [pool-27-thread-1] INFO  server.RaftServerConfigKeys (ConfUtils.java:logGet(43)) - raft.server.rpc.timeout.min = 5s (custom)
2019-11-13 17:51:08,780 [pool-27-thread-1] INFO  server.RaftServerConfigKeys (ConfUtils.java:logGet(43)) - raft.server.rpc.timeout.max = 5200ms (custom)
2019-11-13 17:51:08,780 [pool-27-thread-1] INFO  server.RaftServerConfigKeys (ConfUtils.java:logGet(43)) - raft.server.rpcslowness.timeout = 120s (custom)
2019-11-13 17:51:08,780 [pool-27-thread-1] INFO  server.RaftServerConfigKeys (ConfUtils.java:logGet(43)) - raft.server.sleep.deviation.threshold = 300 (default)
2019-11-13 17:51:08,780 [pool-27-thread-1] INFO  server.RaftServerConfigKeys (ConfUtils.java:logGet(43)) - raft.server.log.appender.install.snapshot.enabled = false (custom)
2019-11-13 17:51:08,780 [pool-27-thread-1] INFO  impl.RaftServerImpl (ServerState.java:<init>(103)) - f9a4fe6a-5564-437b-92eb-0f148c890629@group-FAA8328BB58A: ConfigurationManager, init=-1: [bed2cb91-82a6-46d4-b0e6-50d0a1724051:192.168.69.122:33920, f9a4fe6a-5564-437b-92eb-0f148c890629:192.168.69.122:40724, 5a5ea697-a38d-4b37-b996-80d6b57047ee:192.168.69.122:41091], old=null, confs=<EMPTY_MAP>
2019-11-13 17:51:08,780 [pool-27-thread-1] INFO  server.RaftServerConfigKeys (ConfUtils.java:logGet(43)) - raft.server.storage.dir = [/workdir/hadoop-ozone/tools/target/test-dir/MiniOzoneClusterImpl-31c51053-f4bb-4924-8f23-fc5f70fd2f8a/datanode-0/data/ratis] (custom)
2019-11-13 17:51:08,780 [pool-27-thread-1] INFO  server.RaftServerConfigKeys (ConfUtils.java:logGet(43)) - raft.server.log.corruption.policy = EXCEPTION (default)
2019-11-13 17:51:08,781 [pool-27-thread-1] INFO  storage.RaftStorageDirectory (RaftStorageDirectory.java:analyzeStorage(246)) - The storage directory /workdir/hadoop-ozone/tools/target/test-dir/MiniOzoneClusterImpl-31c51053-f4bb-4924-8f23-fc5f70fd2f8a/datanode-0/data/ratis/d0690848-dcad-41e0-b114-faa8328bb58a does not exist. Creating ...
2019-11-13 17:51:08,781 [pool-37-thread-1] INFO  impl.RaftServerImpl (RaftServerImpl.java:<init>(98)) - bed2cb91-82a6-46d4-b0e6-50d0a1724051: new RaftServerImpl for group-FAA8328BB58A:[bed2cb91-82a6-46d4-b0e6-50d0a1724051:192.168.69.122:33920, f9a4fe6a-5564-437b-92eb-0f148c890629:192.168.69.122:40724, 5a5ea697-a38d-4b37-b996-80d6b57047ee:192.168.69.122:41091] with ContainerStateMachine:uninitialized
2019-11-13 17:51:08,781 [pool-37-thread-1] INFO  server.RaftServerConfigKeys (ConfUtils.java:logGet(43)) - raft.server.rpc.timeout.min = 5s (custom)
2019-11-13 17:51:08,782 [pool-37-thread-1] INFO  server.RaftServerConfigKeys (ConfUtils.java:logGet(43)) - raft.server.rpc.timeout.max = 5200ms (custom)
2019-11-13 17:51:08,782 [pool-37-thread-1] INFO  server.RaftServerConfigKeys (ConfUtils.java:logGet(43)) - raft.server.rpcslowness.timeout = 120s (custom)
2019-11-13 17:51:08,782 [pool-37-thread-1] INFO  server.RaftServerConfigKeys (ConfUtils.java:logGet(43)) - raft.server.sleep.deviation.threshold = 300 (default)
2019-11-13 17:51:08,782 [pool-37-thread-1] INFO  server.RaftServerConfigKeys (ConfUtils.java:logGet(43)) - raft.server.log.appender.install.snapshot.enabled = false (custom)
2019-11-13 17:51:08,782 [pool-37-thread-1] INFO  impl.RaftServerImpl (ServerState.java:<init>(103)) - bed2cb91-82a6-46d4-b0e6-50d0a1724051@group-FAA8328BB58A: ConfigurationManager, init=-1: [bed2cb91-82a6-46d4-b0e6-50d0a1724051:192.168.69.122:33920, f9a4fe6a-5564-437b-92eb-0f148c890629:192.168.69.122:40724, 5a5ea697-a38d-4b37-b996-80d6b57047ee:192.168.69.122:41091], old=null, confs=<EMPTY_MAP>
2019-11-13 17:51:08,782 [pool-47-thread-1] INFO  impl.RaftServerImpl (RaftServerImpl.java:<init>(98)) - 5a5ea697-a38d-4b37-b996-80d6b57047ee: new RaftServerImpl for group-FAA8328BB58A:[bed2cb91-82a6-46d4-b0e6-50d0a1724051:192.168.69.122:33920, f9a4fe6a-5564-437b-92eb-0f148c890629:192.168.69.122:40724, 5a5ea697-a38d-4b37-b996-80d6b57047ee:192.168.69.122:41091] with ContainerStateMachine:uninitialized
2019-11-13 17:51:08,782 [pool-37-thread-1] INFO  server.RaftServerConfigKeys (ConfUtils.java:logGet(43)) - raft.server.storage.dir = [/workdir/hadoop-ozone/tools/target/test-dir/MiniOzoneClusterImpl-31c51053-f4bb-4924-8f23-fc5f70fd2f8a/datanode-1/data/ratis] (custom)
2019-11-13 17:51:08,782 [pool-47-thread-1] INFO  server.RaftServerConfigKeys (ConfUtils.java:logGet(43)) - raft.server.rpc.timeout.min = 5s (custom)
2019-11-13 17:51:08,783 [pool-47-thread-1] INFO  server.RaftServerConfigKeys (ConfUtils.java:logGet(43)) - raft.server.rpc.timeout.max = 5200ms (custom)
2019-11-13 17:51:08,783 [pool-37-thread-1] INFO  server.RaftServerConfigKeys (ConfUtils.java:logGet(43)) - raft.server.log.corruption.policy = EXCEPTION (default)
2019-11-13 17:51:08,783 [pool-47-thread-1] INFO  server.RaftServerConfigKeys (ConfUtils.java:logGet(43)) - raft.server.rpcslowness.timeout = 120s (custom)
2019-11-13 17:51:08,783 [pool-47-thread-1] INFO  server.RaftServerConfigKeys (ConfUtils.java:logGet(43)) - raft.server.sleep.deviation.threshold = 300 (default)
2019-11-13 17:51:08,783 [pool-37-thread-1] INFO  storage.RaftStorageDirectory (RaftStorageDirectory.java:analyzeStorage(246)) - The storage directory /workdir/hadoop-ozone/tools/target/test-dir/MiniOzoneClusterImpl-31c51053-f4bb-4924-8f23-fc5f70fd2f8a/datanode-1/data/ratis/d0690848-dcad-41e0-b114-faa8328bb58a does not exist. Creating ...
2019-11-13 17:51:08,783 [pool-47-thread-1] INFO  server.RaftServerConfigKeys (ConfUtils.java:logGet(43)) - raft.server.log.appender.install.snapshot.enabled = false (custom)
2019-11-13 17:51:08,783 [pool-47-thread-1] INFO  impl.RaftServerImpl (ServerState.java:<init>(103)) - 5a5ea697-a38d-4b37-b996-80d6b57047ee@group-FAA8328BB58A: ConfigurationManager, init=-1: [bed2cb91-82a6-46d4-b0e6-50d0a1724051:192.168.69.122:33920, f9a4fe6a-5564-437b-92eb-0f148c890629:192.168.69.122:40724, 5a5ea697-a38d-4b37-b996-80d6b57047ee:192.168.69.122:41091], old=null, confs=<EMPTY_MAP>
2019-11-13 17:51:08,783 [pool-47-thread-1] INFO  server.RaftServerConfigKeys (ConfUtils.java:logGet(43)) - raft.server.storage.dir = [/workdir/hadoop-ozone/tools/target/test-dir/MiniOzoneClusterImpl-31c51053-f4bb-4924-8f23-fc5f70fd2f8a/datanode-2/data/ratis] (custom)
2019-11-13 17:51:08,784 [pool-47-thread-1] INFO  server.RaftServerConfigKeys (ConfUtils.java:logGet(43)) - raft.server.log.corruption.policy = EXCEPTION (default)
2019-11-13 17:51:08,784 [pool-47-thread-1] INFO  storage.RaftStorageDirectory (RaftStorageDirectory.java:analyzeStorage(246)) - The storage directory /workdir/hadoop-ozone/tools/target/test-dir/MiniOzoneClusterImpl-31c51053-f4bb-4924-8f23-fc5f70fd2f8a/datanode-2/data/ratis/d0690848-dcad-41e0-b114-faa8328bb58a does not exist. Creating ...
2019-11-13 17:51:08,811 [pool-27-thread-1] INFO  storage.RaftStorageDirectory (RaftStorageDirectory.java:tryLock(328)) - Lock on /workdir/hadoop-ozone/tools/target/test-dir/MiniOzoneClusterImpl-31c51053-f4bb-4924-8f23-fc5f70fd2f8a/datanode-0/data/ratis/d0690848-dcad-41e0-b114-faa8328bb58a/in_use.lock acquired by nodename 21664@pr-hdds-2467-gc456-181853687
2019-11-13 17:51:08,811 [pool-47-thread-1] INFO  storage.RaftStorageDirectory (RaftStorageDirectory.java:tryLock(328)) - Lock on /workdir/hadoop-ozone/tools/target/test-dir/MiniOzoneClusterImpl-31c51053-f4bb-4924-8f23-fc5f70fd2f8a/datanode-2/data/ratis/d0690848-dcad-41e0-b114-faa8328bb58a/in_use.lock acquired by nodename 21664@pr-hdds-2467-gc456-181853687
2019-11-13 17:51:08,811 [pool-37-thread-1] INFO  storage.RaftStorageDirectory (RaftStorageDirectory.java:tryLock(328)) - Lock on /workdir/hadoop-ozone/tools/target/test-dir/MiniOzoneClusterImpl-31c51053-f4bb-4924-8f23-fc5f70fd2f8a/datanode-1/data/ratis/d0690848-dcad-41e0-b114-faa8328bb58a/in_use.lock acquired by nodename 21664@pr-hdds-2467-gc456-181853687
2019-11-13 17:51:08,836 [pool-27-thread-1] INFO  storage.RaftStorage (RaftStorage.java:format(84)) - Storage directory /workdir/hadoop-ozone/tools/target/test-dir/MiniOzoneClusterImpl-31c51053-f4bb-4924-8f23-fc5f70fd2f8a/datanode-0/data/ratis/d0690848-dcad-41e0-b114-faa8328bb58a has been successfully formatted.
2019-11-13 17:51:08,836 [pool-47-thread-1] INFO  storage.RaftStorage (RaftStorage.java:format(84)) - Storage directory /workdir/hadoop-ozone/tools/target/test-dir/MiniOzoneClusterImpl-31c51053-f4bb-4924-8f23-fc5f70fd2f8a/datanode-2/data/ratis/d0690848-dcad-41e0-b114-faa8328bb58a has been successfully formatted.
2019-11-13 17:51:08,836 [pool-37-thread-1] INFO  storage.RaftStorage (RaftStorage.java:format(84)) - Storage directory /workdir/hadoop-ozone/tools/target/test-dir/MiniOzoneClusterImpl-31c51053-f4bb-4924-8f23-fc5f70fd2f8a/datanode-1/data/ratis/d0690848-dcad-41e0-b114-faa8328bb58a has been successfully formatted.
2019-11-13 17:51:08,837 [pool-27-thread-1] INFO  ratis.ContainerStateMachine (ContainerStateMachine.java:loadSnapshot(223)) - group-FAA8328BB58A: The snapshot info is null. Setting the last applied indexto:(t:0, i:~)
2019-11-13 17:51:08,837 [pool-37-thread-1] INFO  ratis.ContainerStateMachine (ContainerStateMachine.java:loadSnapshot(223)) - group-FAA8328BB58A: The snapshot info is null. Setting the last applied indexto:(t:0, i:~)
2019-11-13 17:51:08,837 [pool-47-thread-1] INFO  ratis.ContainerStateMachine (ContainerStateMachine.java:loadSnapshot(223)) - group-FAA8328BB58A: The snapshot info is null. Setting the last applied indexto:(t:0, i:~)
2019-11-13 17:51:08,837 [pool-37-thread-1] INFO  server.RaftServerConfigKeys (ConfUtils.java:logGet(43)) - raft.server.notification.no-leader.timeout = 120s (custom)
2019-11-13 17:51:08,837 [pool-27-thread-1] INFO  server.RaftServerConfigKeys (ConfUtils.java:logGet(43)) - raft.server.notification.no-leader.timeout = 120s (custom)
2019-11-13 17:51:08,838 [pool-37-thread-1] INFO  server.RaftServerConfigKeys (ConfUtils.java:logGet(43)) - raft.server.log.use.memory = false (default)
2019-11-13 17:51:08,837 [pool-47-thread-1] INFO  server.RaftServerConfigKeys (ConfUtils.java:logGet(43)) - raft.server.notification.no-leader.timeout = 120s (custom)
2019-11-13 17:51:08,838 [pool-37-thread-1] INFO  server.RaftServerConfigKeys (ConfUtils.java:logGet(43)) - raft.server.log.purge.gap = 1000000 (custom)
2019-11-13 17:51:08,838 [pool-27-thread-1] INFO  server.RaftServerConfigKeys (ConfUtils.java:logGet(43)) - raft.server.log.use.memory = false (default)
2019-11-13 17:51:08,838 [pool-37-thread-1] INFO  server.RaftServerConfigKeys (ConfUtils.java:logGet(43)) - raft.server.log.appender.buffer.byte-limit = 33554432 (custom)
2019-11-13 17:51:08,838 [pool-47-thread-1] INFO  server.RaftServerConfigKeys (ConfUtils.java:logGet(43)) - raft.server.log.use.memory = false (default)
2019-11-13 17:51:08,838 [pool-37-thread-1] INFO  server.RaftServerConfigKeys (ConfUtils.java:logGet(43)) - raft.server.log.segment.size.max = 1048576 (custom)
2019-11-13 17:51:08,838 [pool-27-thread-1] INFO  server.RaftServerConfigKeys (ConfUtils.java:logGet(43)) - raft.server.log.purge.gap = 1000000 (custom)
2019-11-13 17:51:08,839 [pool-37-thread-1] INFO  server.RaftServerConfigKeys (ConfUtils.java:logGet(43)) - raft.server.log.segment.cache.num.max = 2 (custom)
2019-11-13 17:51:08,839 [pool-47-thread-1] INFO  server.RaftServerConfigKeys (ConfUtils.java:logGet(43)) - raft.server.log.purge.gap = 1000000 (custom)
2019-11-13 17:51:08,839 [pool-37-thread-1] INFO  segmented.SegmentedRaftLogWorker (SegmentedRaftLogWorker.java:<init>(173)) - new bed2cb91-82a6-46d4-b0e6-50d0a1724051@group-FAA8328BB58A-SegmentedRaftLogWorker for RaftStorage:Storage Directory /workdir/hadoop-ozone/tools/target/test-dir/MiniOzoneClusterImpl-31c51053-f4bb-4924-8f23-fc5f70fd2f8a/datanode-1/data/ratis/d0690848-dcad-41e0-b114-faa8328bb58a
2019-11-13 17:51:08,839 [pool-27-thread-1] INFO  server.RaftServerConfigKeys (ConfUtils.java:logGet(43)) - raft.server.log.appender.buffer.byte-limit = 33554432 (custom)
2019-11-13 17:51:08,839 [pool-37-thread-1] INFO  server.RaftServerConfigKeys (ConfUtils.java:logGet(43)) - raft.server.log.queue.byte-limit = 2147483647 (custom)
2019-11-13 17:51:08,840 [pool-37-thread-1] INFO  server.RaftServerConfigKeys (ConfUtils.java:logGet(43)) - raft.server.log.queue.element-limit = 1024 (custom)
2019-11-13 17:51:08,839 [pool-47-thread-1] INFO  server.RaftServerConfigKeys (ConfUtils.java:logGet(43)) - raft.server.log.appender.buffer.byte-limit = 33554432 (custom)
2019-11-13 17:51:08,840 [pool-37-thread-1] INFO  server.RaftServerConfigKeys (ConfUtils.java:logGet(43)) - raft.server.log.segment.size.max = 1048576 (custom)
2019-11-13 17:51:08,839 [pool-27-thread-1] INFO  server.RaftServerConfigKeys (ConfUtils.java:logGet(43)) - raft.server.log.segment.size.max = 1048576 (custom)
2019-11-13 17:51:08,840 [pool-37-thread-1] INFO  server.RaftServerConfigKeys (ConfUtils.java:logGet(43)) - raft.server.log.preallocated.size = 16384 (custom)
2019-11-13 17:51:08,840 [pool-47-thread-1] INFO  server.RaftServerConfigKeys (ConfUtils.java:logGet(43)) - raft.server.log.segment.size.max = 1048576 (custom)
2019-11-13 17:51:08,840 [pool-37-thread-1] INFO  server.RaftServerConfigKeys (ConfUtils.java:logGet(43)) - raft.server.log.write.buffer.size = 33554432 (custom)
2019-11-13 17:51:08,840 [pool-27-thread-1] INFO  server.RaftServerConfigKeys (ConfUtils.java:logGet(43)) - raft.server.log.segment.cache.num.max = 2 (custom)
2019-11-13 17:51:08,841 [pool-37-thread-1] INFO  server.RaftServerConfigKeys (ConfUtils.java:logGet(43)) - raft.server.log.force.sync.num = 128 (default)
2019-11-13 17:51:08,840 [pool-47-thread-1] INFO  server.RaftServerConfigKeys (ConfUtils.java:logGet(43)) - raft.server.log.segment.cache.num.max = 2 (custom)
2019-11-13 17:51:08,841 [pool-37-thread-1] INFO  server.RaftServerConfigKeys (ConfUtils.java:logGet(43)) - raft.server.log.statemachine.data.sync = true (default)
2019-11-13 17:51:08,841 [pool-27-thread-1] INFO  segmented.SegmentedRaftLogWorker (SegmentedRaftLogWorker.java:<init>(173)) - new f9a4fe6a-5564-437b-92eb-0f148c890629@group-FAA8328BB58A-SegmentedRaftLogWorker for RaftStorage:Storage Directory /workdir/hadoop-ozone/tools/target/test-dir/MiniOzoneClusterImpl-31c51053-f4bb-4924-8f23-fc5f70fd2f8a/datanode-0/data/ratis/d0690848-dcad-41e0-b114-faa8328bb58a
2019-11-13 17:51:08,841 [pool-37-thread-1] INFO  server.RaftServerConfigKeys (ConfUtils.java:logGet(43)) - raft.server.log.statemachine.data.sync.timeout = 10s (default)
2019-11-13 17:51:08,841 [pool-47-thread-1] INFO  segmented.SegmentedRaftLogWorker (SegmentedRaftLogWorker.java:<init>(173)) - new 5a5ea697-a38d-4b37-b996-80d6b57047ee@group-FAA8328BB58A-SegmentedRaftLogWorker for RaftStorage:Storage Directory /workdir/hadoop-ozone/tools/target/test-dir/MiniOzoneClusterImpl-31c51053-f4bb-4924-8f23-fc5f70fd2f8a/datanode-2/data/ratis/d0690848-dcad-41e0-b114-faa8328bb58a
2019-11-13 17:51:08,841 [pool-37-thread-1] INFO  server.RaftServerConfigKeys (ConfUtils.java:logGet(43)) - raft.server.log.statemachine.data.sync.timeout.retry = -1 (default)
2019-11-13 17:51:08,841 [pool-27-thread-1] INFO  server.RaftServerConfigKeys (ConfUtils.java:logGet(43)) - raft.server.log.queue.byte-limit = 2147483647 (custom)
2019-11-13 17:51:08,842 [pool-37-thread-1] INFO  server.RaftServerConfigKeys (ConfUtils.java:logGet(43)) - raft.server.log.statemachine.data.caching.enabled = true (custom)
2019-11-13 17:51:08,841 [pool-47-thread-1] INFO  server.RaftServerConfigKeys (ConfUtils.java:logGet(43)) - raft.server.log.queue.byte-limit = 2147483647 (custom)
2019-11-13 17:51:08,842 [pool-27-thread-1] INFO  server.RaftServerConfigKeys (ConfUtils.java:logGet(43)) - raft.server.log.queue.element-limit = 1024 (custom)
2019-11-13 17:51:08,842 [pool-37-thread-1] INFO  segmented.SegmentedRaftLogWorker (SegmentedRaftLogWorker.java:lambda$new$0(128)) - bed2cb91-82a6-46d4-b0e6-50d0a1724051@group-FAA8328BB58A-SegmentedRaftLogWorker: flushIndex: setUnconditionally 0 -> -1
2019-11-13 17:51:08,842 [pool-47-thread-1] INFO  server.RaftServerConfigKeys (ConfUtils.java:logGet(43)) - raft.server.log.queue.element-limit = 1024 (custom)
2019-11-13 17:51:08,842 [pool-27-thread-1] INFO  server.RaftServerConfigKeys (ConfUtils.java:logGet(43)) - raft.server.log.segment.size.max = 1048576 (custom)
2019-11-13 17:51:08,843 [pool-37-thread-1] INFO  server.RaftServerConfigKeys (ConfUtils.java:logGet(43)) - raft.server.snapshot.auto.trigger.enabled = true (custom)
2019-11-13 17:51:08,843 [pool-47-thread-1] INFO  server.RaftServerConfigKeys (ConfUtils.java:logGet(43)) - raft.server.log.segment.size.max = 1048576 (custom)
2019-11-13 17:51:08,843 [pool-37-thread-1] INFO  server.RaftServerConfigKeys (ConfUtils.java:logGet(43)) - raft.server.snapshot.auto.trigger.threshold = 10000 (custom)
2019-11-13 17:51:08,843 [pool-27-thread-1] INFO  server.RaftServerConfigKeys (ConfUtils.java:logGet(43)) - raft.server.log.preallocated.size = 16384 (custom)
2019-11-13 17:51:08,843 [pool-37-thread-1] INFO  server.RaftServerConfigKeys (ConfUtils.java:logGet(43)) - raft.server.snapshot.retention.file.num = 5 (custom)
2019-11-13 17:51:08,843 [pool-47-thread-1] INFO  server.RaftServerConfigKeys (ConfUtils.java:logGet(43)) - raft.server.log.preallocated.size = 16384 (custom)
2019-11-13 17:51:08,843 [pool-37-thread-1] INFO  server.RaftServerConfigKeys (ConfUtils.java:logGet(43)) - raft.server.retrycache.expirytime = 600000ms (custom)
2019-11-13 17:51:08,843 [pool-27-thread-1] INFO  server.RaftServerConfigKeys (ConfUtils.java:logGet(43)) - raft.server.log.write.buffer.size = 33554432 (custom)
2019-11-13 17:51:08,843 [pool-47-thread-1] INFO  server.RaftServerConfigKeys (ConfUtils.java:logGet(43)) - raft.server.log.write.buffer.size = 33554432 (custom)
2019-11-13 17:51:08,844 [pool-27-thread-1] INFO  server.RaftServerConfigKeys (ConfUtils.java:logGet(43)) - raft.server.log.force.sync.num = 128 (default)
2019-11-13 17:51:08,844 [pool-37-thread-1] WARN  impl.MetricRegistriesImpl (MetricRegistriesImpl.java:lambda$create$1(61)) - First MetricRegistry has been created without registering reporters. You may need to call MetricRegistries.global().addReportRegistration(...) before.
2019-11-13 17:51:08,844 [pool-27-thread-1] INFO  server.RaftServerConfigKeys (ConfUtils.java:logGet(43)) - raft.server.log.statemachine.data.sync = true (default)
2019-11-13 17:51:08,844 [pool-47-thread-1] INFO  server.RaftServerConfigKeys (ConfUtils.java:logGet(43)) - raft.server.log.force.sync.num = 128 (default)
2019-11-13 17:51:08,844 [pool-27-thread-1] INFO  server.RaftServerConfigKeys (ConfUtils.java:logGet(43)) - raft.server.log.statemachine.data.sync.timeout = 10s (default)
2019-11-13 17:51:08,844 [pool-37-thread-1] WARN  impl.MetricRegistriesImpl (MetricRegistriesImpl.java:lambda$create$1(61)) - First MetricRegistry has been created without registering reporters. You may need to call MetricRegistries.global().addReportRegistration(...) before.
2019-11-13 17:51:08,845 [pool-27-thread-1] INFO  server.RaftServerConfigKeys (ConfUtils.java:logGet(43)) - raft.server.log.statemachine.data.sync.timeout.retry = -1 (default)
2019-11-13 17:51:08,845 [pool-37-thread-1] INFO  impl.RaftServerImpl (RaftServerImpl.java:start(184)) - bed2cb91-82a6-46d4-b0e6-50d0a1724051@group-FAA8328BB58A: start as a follower, conf=-1: [bed2cb91-82a6-46d4-b0e6-50d0a1724051:192.168.69.122:33920, f9a4fe6a-5564-437b-92eb-0f148c890629:192.168.69.122:40724, 5a5ea697-a38d-4b37-b996-80d6b57047ee:192.168.69.122:41091], old=null
2019-11-13 17:51:08,845 [pool-27-thread-1] INFO  server.RaftServerConfigKeys (ConfUtils.java:logGet(43)) - raft.server.log.statemachine.data.caching.enabled = true (custom)
2019-11-13 17:51:08,845 [pool-47-thread-1] INFO  server.RaftServerConfigKeys (ConfUtils.java:logGet(43)) - raft.server.log.statemachine.data.sync = true (default)
2019-11-13 17:51:08,845 [pool-37-thread-1] INFO  impl.RaftServerImpl (RaftServerImpl.java:setRole(173)) - bed2cb91-82a6-46d4-b0e6-50d0a1724051@group-FAA8328BB58A: changes role from      null to FOLLOWER at term 0 for startAsFollower
2019-11-13 17:51:08,845 [pool-27-thread-1] INFO  segmented.SegmentedRaftLogWorker (SegmentedRaftLogWorker.java:lambda$new$0(128)) - f9a4fe6a-5564-437b-92eb-0f148c890629@group-FAA8328BB58A-SegmentedRaftLogWorker: flushIndex: setUnconditionally 0 -> -1
2019-11-13 17:51:08,845 [pool-47-thread-1] INFO  server.RaftServerConfigKeys (ConfUtils.java:logGet(43)) - raft.server.log.statemachine.data.sync.timeout = 10s (default)
2019-11-13 17:51:08,846 [pool-37-thread-1] INFO  impl.RoleInfo (RoleInfo.java:updateAndGet(143)) - bed2cb91-82a6-46d4-b0e6-50d0a1724051: start FollowerState
2019-11-13 17:51:08,846 [pool-47-thread-1] INFO  server.RaftServerConfigKeys (ConfUtils.java:logGet(43)) - raft.server.log.statemachine.data.sync.timeout.retry = -1 (default)
2019-11-13 17:51:08,846 [pool-27-thread-1] INFO  server.RaftServerConfigKeys (ConfUtils.java:logGet(43)) - raft.server.snapshot.auto.trigger.enabled = true (custom)
2019-11-13 17:51:08,846 [pool-27-thread-1] INFO  server.RaftServerConfigKeys (ConfUtils.java:logGet(43)) - raft.server.snapshot.auto.trigger.threshold = 10000 (custom)
2019-11-13 17:51:08,846 [pool-47-thread-1] INFO  server.RaftServerConfigKeys (ConfUtils.java:logGet(43)) - raft.server.log.statemachine.data.caching.enabled = true (custom)
2019-11-13 17:51:08,846 [pool-37-thread-1] INFO  util.JmxRegister (JmxRegister.java:tryRegister(44)) - Successfully registered JMX Bean with object name Ratis:service=RaftServer,group=group-FAA8328BB58A,id=bed2cb91-82a6-46d4-b0e6-50d0a1724051
2019-11-13 17:51:08,846 [pool-27-thread-1] INFO  server.RaftServerConfigKeys (ConfUtils.java:logGet(43)) - raft.server.snapshot.retention.file.num = 5 (custom)
2019-11-13 17:51:08,847 [pool-47-thread-1] INFO  segmented.SegmentedRaftLogWorker (SegmentedRaftLogWorker.java:lambda$new$0(128)) - 5a5ea697-a38d-4b37-b996-80d6b57047ee@group-FAA8328BB58A-SegmentedRaftLogWorker: flushIndex: setUnconditionally 0 -> -1
2019-11-13 17:51:08,847 [pool-37-thread-1] WARN  impl.MetricRegistriesImpl (MetricRegistriesImpl.java:lambda$create$1(61)) - First MetricRegistry has been created without registering reporters. You may need to call MetricRegistries.global().addReportRegistration(...) before.
2019-11-13 17:51:08,847 [pool-27-thread-1] INFO  server.RaftServerConfigKeys (ConfUtils.java:logGet(43)) - raft.server.retrycache.expirytime = 600000ms (custom)
2019-11-13 17:51:08,847 [pool-47-thread-1] INFO  server.RaftServerConfigKeys (ConfUtils.java:logGet(43)) - raft.server.snapshot.auto.trigger.enabled = true (custom)
2019-11-13 17:51:08,847 [pool-27-thread-1] WARN  impl.MetricRegistriesImpl (MetricRegistriesImpl.java:lambda$create$1(61)) - First MetricRegistry has been created without registering reporters. You may need to call MetricRegistries.global().addReportRegistration(...) before.
2019-11-13 17:51:08,847 [pool-47-thread-1] INFO  server.RaftServerConfigKeys (ConfUtils.java:logGet(43)) - raft.server.snapshot.auto.trigger.threshold = 10000 (custom)
2019-11-13 17:51:08,847 [pool-27-thread-1] WARN  impl.MetricRegistriesImpl (MetricRegistriesImpl.java:lambda$create$1(61)) - First MetricRegistry has been created without registering reporters. You may need to call MetricRegistries.global().addReportRegistration(...) before.
2019-11-13 17:51:08,848 [pool-47-thread-1] INFO  server.RaftServerConfigKeys (ConfUtils.java:logGet(43)) - raft.server.snapshot.retention.file.num = 5 (custom)
2019-11-13 17:51:08,848 [pool-27-thread-1] INFO  impl.RaftServerImpl (RaftServerImpl.java:start(184)) - f9a4fe6a-5564-437b-92eb-0f148c890629@group-FAA8328BB58A: start as a follower, conf=-1: [bed2cb91-82a6-46d4-b0e6-50d0a1724051:192.168.69.122:33920, f9a4fe6a-5564-437b-92eb-0f148c890629:192.168.69.122:40724, 5a5ea697-a38d-4b37-b996-80d6b57047ee:192.168.69.122:41091], old=null
2019-11-13 17:51:08,848 [pool-47-thread-1] INFO  server.RaftServerConfigKeys (ConfUtils.java:logGet(43)) - raft.server.retrycache.expirytime = 600000ms (custom)
2019-11-13 17:51:08,848 [pool-27-thread-1] INFO  impl.RaftServerImpl (RaftServerImpl.java:setRole(173)) - f9a4fe6a-5564-437b-92eb-0f148c890629@group-FAA8328BB58A: changes role from      null to FOLLOWER at term 0 for startAsFollower
2019-11-13 17:51:08,848 [pool-47-thread-1] WARN  impl.MetricRegistriesImpl (MetricRegistriesImpl.java:lambda$create$1(61)) - First MetricRegistry has been created without registering reporters. You may need to call MetricRegistries.global().addReportRegistration(...) before.
2019-11-13 17:51:08,848 [pool-27-thread-1] INFO  impl.RoleInfo (RoleInfo.java:updateAndGet(143)) - f9a4fe6a-5564-437b-92eb-0f148c890629: start FollowerState
2019-11-13 17:51:08,848 [pool-47-thread-1] WARN  impl.MetricRegistriesImpl (MetricRegistriesImpl.java:lambda$create$1(61)) - First MetricRegistry has been created without registering reporters. You may need to call MetricRegistries.global().addReportRegistration(...) before.
2019-11-13 17:51:08,850 [pool-47-thread-1] INFO  impl.RaftServerImpl (RaftServerImpl.java:start(184)) - 5a5ea697-a38d-4b37-b996-80d6b57047ee@group-FAA8328BB58A: start as a follower, conf=-1: [bed2cb91-82a6-46d4-b0e6-50d0a1724051:192.168.69.122:33920, f9a4fe6a-5564-437b-92eb-0f148c890629:192.168.69.122:40724, 5a5ea697-a38d-4b37-b996-80d6b57047ee:192.168.69.122:41091], old=null
2019-11-13 17:51:08,850 [pool-27-thread-1] INFO  util.JmxRegister (JmxRegister.java:tryRegister(44)) - Successfully registered JMX Bean with object name Ratis:service=RaftServer,group=group-FAA8328BB58A,id=f9a4fe6a-5564-437b-92eb-0f148c890629
2019-11-13 17:51:08,850 [pool-47-thread-1] INFO  impl.RaftServerImpl (RaftServerImpl.java:setRole(173)) - 5a5ea697-a38d-4b37-b996-80d6b57047ee@group-FAA8328BB58A: changes role from      null to FOLLOWER at term 0 for startAsFollower
2019-11-13 17:51:08,851 [pool-27-thread-1] WARN  impl.MetricRegistriesImpl (MetricRegistriesImpl.java:lambda$create$1(61)) - First MetricRegistry has been created without registering reporters. You may need to call MetricRegistries.global().addReportRegistration(...) before.
2019-11-13 17:51:08,851 [pool-47-thread-1] INFO  impl.RoleInfo (RoleInfo.java:updateAndGet(143)) - 5a5ea697-a38d-4b37-b996-80d6b57047ee: start FollowerState
2019-11-13 17:51:08,851 [pool-47-thread-1] INFO  util.JmxRegister (JmxRegister.java:tryRegister(44)) - Successfully registered JMX Bean with object name Ratis:service=RaftServer,group=group-FAA8328BB58A,id=5a5ea697-a38d-4b37-b996-80d6b57047ee
2019-11-13 17:51:08,852 [pool-47-thread-1] WARN  impl.MetricRegistriesImpl (MetricRegistriesImpl.java:lambda$create$1(61)) - First MetricRegistry has been created without registering reporters. You may need to call MetricRegistries.global().addReportRegistration(...) before.
2019-11-13 17:51:08,857 [RatisPipelineUtilsThread] INFO  pipeline.PipelineStateManager (PipelineStateManager.java:addPipeline(55)) - Created pipeline Pipeline[ Id: d0690848-dcad-41e0-b114-faa8328bb58a, Nodes: bed2cb91-82a6-46d4-b0e6-50d0a1724051{ip: 192.168.69.122, host: pr-hdds-2467-gc456-181853687, networkLocation: /default-rack, certSerialId: null}5a5ea697-a38d-4b37-b996-80d6b57047ee{ip: 192.168.69.122, host: pr-hdds-2467-gc456-181853687, networkLocation: /default-rack, certSerialId: null}f9a4fe6a-5564-437b-92eb-0f148c890629{ip: 192.168.69.122, host: pr-hdds-2467-gc456-181853687, networkLocation: /default-rack, certSerialId: null}, Type:RATIS, Factor:THREE, State:ALLOCATED]
2019-11-13 17:51:08,863 [main] INFO  freon.RandomKeyGenerator (RandomKeyGenerator.java:call(283)) - Number of Threads: 10
2019-11-13 17:51:08,863 [main] INFO  freon.RandomKeyGenerator (RandomKeyGenerator.java:call(288)) - Number of Volumes: 1.
2019-11-13 17:51:08,863 [main] INFO  freon.RandomKeyGenerator (RandomKeyGenerator.java:call(289)) - Number of Buckets per Volume: 1.
2019-11-13 17:51:08,863 [main] INFO  freon.RandomKeyGenerator (RandomKeyGenerator.java:call(290)) - Number of Keys per Bucket: 1.
2019-11-13 17:51:08,863 [main] INFO  freon.RandomKeyGenerator (RandomKeyGenerator.java:call(291)) - Key size: 20971520 bytes
2019-11-13 17:51:08,863 [main] INFO  freon.RandomKeyGenerator (RandomKeyGenerator.java:call(292)) - Buffer size: 4096 bytes
2019-11-13 17:51:08,863 [main] INFO  freon.RandomKeyGenerator (RandomKeyGenerator.java:call(293)) - validateWrites : true
2019-11-13 17:51:08,865 [main] INFO  freon.RandomKeyGenerator (RandomKeyGenerator.java:call(307)) - Data validation is enabled.
2019-11-13 17:51:08,865 [main] INFO  freon.RandomKeyGenerator (RandomKeyGenerator.java:call(313)) - Starting progress bar Thread.

 0.00% |?                                                                                                    |  0/1 Time: 0:00:002019-11-13 17:51:08,865 [pool-59-thread-1] INFO  rpc.RpcClient (RpcClient.java:createVolume(292)) - Creating Volume: vol-0-14943, with jenkins1000 as owner.
2019-11-13 17:51:08,870 [IPC Server handler 16 on 37835] INFO  volume.OMVolumeCreateRequest (OMVolumeCreateRequest.java:validateAndUpdateCache(193)) - created volume:vol-0-14943 for user:jenkins1000
2019-11-13 17:51:08,925 [pool-59-thread-2] INFO  rpc.RpcClient (RpcClient.java:createBucket(431)) - Creating Bucket: vol-0-14943/bucket-0-98143, with Versioning false and Storage Type set to DISK and Encryption set to false 
2019-11-13 17:51:08,971 [IPC Server handler 12 on 44850] WARN  block.BlockManagerImpl (BlockManagerImpl.java:allocateBlock(200)) - Pipeline creation failed for type:RATIS factor:THREE. Retrying get pipelines call once.
org.apache.hadoop.hdds.scm.pipeline.InsufficientDatanodesException: Cannot create pipeline of factor 3 using 0 nodes.
	at org.apache.hadoop.hdds.scm.pipeline.RatisPipelineProvider.create(RatisPipelineProvider.java:153)
	at org.apache.hadoop.hdds.scm.pipeline.PipelineFactory.create(PipelineFactory.java:58)
	at org.apache.hadoop.hdds.scm.pipeline.SCMPipelineManager.createPipeline(SCMPipelineManager.java:155)
	at org.apache.hadoop.hdds.scm.block.BlockManagerImpl.allocateBlock(BlockManagerImpl.java:198)
	at org.apache.hadoop.hdds.scm.server.SCMBlockProtocolServer.allocateBlock(SCMBlockProtocolServer.java:187)
	at org.apache.hadoop.hdds.scm.protocol.ScmBlockLocationProtocolServerSideTranslatorPB.allocateScmBlock(ScmBlockLocationProtocolServerSideTranslatorPB.java:159)
	at org.apache.hadoop.hdds.scm.protocol.ScmBlockLocationProtocolServerSideTranslatorPB.processMessage(ScmBlockLocationProtocolServerSideTranslatorPB.java:117)
	at org.apache.hadoop.hdds.server.OzoneProtocolMessageDispatcher.processRequest(OzoneProtocolMessageDispatcher.java:72)
	at org.apache.hadoop.hdds.scm.protocol.ScmBlockLocationProtocolServerSideTranslatorPB.send(ScmBlockLocationProtocolServerSideTranslatorPB.java:98)
	at org.apache.hadoop.hdds.protocol.proto.ScmBlockLocationProtocolProtos$ScmBlockLocationProtocolService$2.callBlockingMethod(ScmBlockLocationProtocolProtos.java:13157)
	at org.apache.hadoop.ipc.ProtobufRpcEngine$Server$ProtoBufRpcInvoker.call(ProtobufRpcEngine.java:524)
	at org.apache.hadoop.ipc.RPC$Server.call(RPC.java:1025)
	at org.apache.hadoop.ipc.Server$RpcCall.run(Server.java:876)
	at org.apache.hadoop.ipc.Server$RpcCall.run(Server.java:822)
	at java.security.AccessController.doPrivileged(Native Method)
	at javax.security.auth.Subject.doAs(Subject.java:422)
	at org.apache.hadoop.security.UserGroupInformation.doAs(UserGroupInformation.java:1730)
	at org.apache.hadoop.ipc.Server$Handler.run(Server.java:2682)
2019-11-13 17:51:08,973 [IPC Server handler 12 on 44850] INFO  block.BlockManagerImpl (BlockManagerImpl.java:allocateBlock(212)) - Could not find available pipeline of type:RATIS and factor:THREE even after retrying
2019-11-13 17:51:08,973 [IPC Server handler 12 on 44850] ERROR block.BlockManagerImpl (BlockManagerImpl.java:allocateBlock(236)) - Unable to allocate a block for the size: 4194304, type: RATIS, factor: THREE
2019-11-13 17:51:08,974 [IPC Server handler 12 on 44850] WARN  block.BlockManagerImpl (BlockManagerImpl.java:allocateBlock(200)) - Pipeline creation failed for type:RATIS factor:THREE. Retrying get pipelines call once.
org.apache.hadoop.hdds.scm.pipeline.InsufficientDatanodesException: Cannot create pipeline of factor 3 using 0 nodes.
	at org.apache.hadoop.hdds.scm.pipeline.RatisPipelineProvider.create(RatisPipelineProvider.java:153)
	at org.apache.hadoop.hdds.scm.pipeline.PipelineFactory.create(PipelineFactory.java:58)
	at org.apache.hadoop.hdds.scm.pipeline.SCMPipelineManager.createPipeline(SCMPipelineManager.java:155)
	at org.apache.hadoop.hdds.scm.block.BlockManagerImpl.allocateBlock(BlockManagerImpl.java:198)
	at org.apache.hadoop.hdds.scm.server.SCMBlockProtocolServer.allocateBlock(SCMBlockProtocolServer.java:187)
	at org.apache.hadoop.hdds.scm.protocol.ScmBlockLocationProtocolServerSideTranslatorPB.allocateScmBlock(ScmBlockLocationProtocolServerSideTranslatorPB.java:159)
	at org.apache.hadoop.hdds.scm.protocol.ScmBlockLocationProtocolServerSideTranslatorPB.processMessage(ScmBlockLocationProtocolServerSideTranslatorPB.java:117)
	at org.apache.hadoop.hdds.server.OzoneProtocolMessageDispatcher.processRequest(OzoneProtocolMessageDispatcher.java:72)
	at org.apache.hadoop.hdds.scm.protocol.ScmBlockLocationProtocolServerSideTranslatorPB.send(ScmBlockLocationProtocolServerSideTranslatorPB.java:98)
	at org.apache.hadoop.hdds.protocol.proto.ScmBlockLocationProtocolProtos$ScmBlockLocationProtocolService$2.callBlockingMethod(ScmBlockLocationProtocolProtos.java:13157)
	at org.apache.hadoop.ipc.ProtobufRpcEngine$Server$ProtoBufRpcInvoker.call(ProtobufRpcEngine.java:524)
	at org.apache.hadoop.ipc.RPC$Server.call(RPC.java:1025)
	at org.apache.hadoop.ipc.Server$RpcCall.run(Server.java:876)
	at org.apache.hadoop.ipc.Server$RpcCall.run(Server.java:822)
	at java.security.AccessController.doPrivileged(Native Method)
	at javax.security.auth.Subject.doAs(Subject.java:422)
	at org.apache.hadoop.security.UserGroupInformation.doAs(UserGroupInformation.java:1730)
	at org.apache.hadoop.ipc.Server$Handler.run(Server.java:2682)
2019-11-13 17:51:08,974 [IPC Server handler 12 on 44850] INFO  block.BlockManagerImpl (BlockManagerImpl.java:allocateBlock(212)) - Could not find available pipeline of type:RATIS and factor:THREE even after retrying
2019-11-13 17:51:08,975 [IPC Server handler 12 on 44850] ERROR block.BlockManagerImpl (BlockManagerImpl.java:allocateBlock(236)) - Unable to allocate a block for the size: 4194304, type: RATIS, factor: THREE
2019-11-13 17:51:08,975 [IPC Server handler 12 on 44850] WARN  block.BlockManagerImpl (BlockManagerImpl.java:allocateBlock(200)) - Pipeline creation failed for type:RATIS factor:THREE. Retrying get pipelines call once.
org.apache.hadoop.hdds.scm.pipeline.InsufficientDatanodesException: Cannot create pipeline of factor 3 using 0 nodes.
	at org.apache.hadoop.hdds.scm.pipeline.RatisPipelineProvider.create(RatisPipelineProvider.java:153)
	at org.apache.hadoop.hdds.scm.pipeline.PipelineFactory.create(PipelineFactory.java:58)
	at org.apache.hadoop.hdds.scm.pipeline.SCMPipelineManager.createPipeline(SCMPipelineManager.java:155)
	at org.apache.hadoop.hdds.scm.block.BlockManagerImpl.allocateBlock(BlockManagerImpl.java:198)
	at org.apache.hadoop.hdds.scm.server.SCMBlockProtocolServer.allocateBlock(SCMBlockProtocolServer.java:187)
	at org.apache.hadoop.hdds.scm.protocol.ScmBlockLocationProtocolServerSideTranslatorPB.allocateScmBlock(ScmBlockLocationProtocolServerSideTranslatorPB.java:159)
	at org.apache.hadoop.hdds.scm.protocol.ScmBlockLocationProtocolServerSideTranslatorPB.processMessage(ScmBlockLocationProtocolServerSideTranslatorPB.java:117)
	at org.apache.hadoop.hdds.server.OzoneProtocolMessageDispatcher.processRequest(OzoneProtocolMessageDispatcher.java:72)
	at org.apache.hadoop.hdds.scm.protocol.ScmBlockLocationProtocolServerSideTranslatorPB.send(ScmBlockLocationProtocolServerSideTranslatorPB.java:98)
	at org.apache.hadoop.hdds.protocol.proto.ScmBlockLocationProtocolProtos$ScmBlockLocationProtocolService$2.callBlockingMethod(ScmBlockLocationProtocolProtos.java:13157)
	at org.apache.hadoop.ipc.ProtobufRpcEngine$Server$ProtoBufRpcInvoker.call(ProtobufRpcEngine.java:524)
	at org.apache.hadoop.ipc.RPC$Server.call(RPC.java:1025)
	at org.apache.hadoop.ipc.Server$RpcCall.run(Server.java:876)
	at org.apache.hadoop.ipc.Server$RpcCall.run(Server.java:822)
	at java.security.AccessController.doPrivileged(Native Method)
	at javax.security.auth.Subject.doAs(Subject.java:422)
	at org.apache.hadoop.security.UserGroupInformation.doAs(UserGroupInformation.java:1730)
	at org.apache.hadoop.ipc.Server$Handler.run(Server.java:2682)
2019-11-13 17:51:08,975 [IPC Server handler 12 on 44850] INFO  block.BlockManagerImpl (BlockManagerImpl.java:allocateBlock(212)) - Could not find available pipeline of type:RATIS and factor:THREE even after retrying
2019-11-13 17:51:08,975 [IPC Server handler 12 on 44850] ERROR block.BlockManagerImpl (BlockManagerImpl.java:allocateBlock(236)) - Unable to allocate a block for the size: 4194304, type: RATIS, factor: THREE
2019-11-13 17:51:08,976 [IPC Server handler 12 on 44850] WARN  block.BlockManagerImpl (BlockManagerImpl.java:allocateBlock(200)) - Pipeline creation failed for type:RATIS factor:THREE. Retrying get pipelines call once.
org.apache.hadoop.hdds.scm.pipeline.InsufficientDatanodesException: Cannot create pipeline of factor 3 using 0 nodes.
	at org.apache.hadoop.hdds.scm.pipeline.RatisPipelineProvider.create(RatisPipelineProvider.java:153)
	at org.apache.hadoop.hdds.scm.pipeline.PipelineFactory.create(PipelineFactory.java:58)
	at org.apache.hadoop.hdds.scm.pipeline.SCMPipelineManager.createPipeline(SCMPipelineManager.java:155)
	at org.apache.hadoop.hdds.scm.block.BlockManagerImpl.allocateBlock(BlockManagerImpl.java:198)
	at org.apache.hadoop.hdds.scm.server.SCMBlockProtocolServer.allocateBlock(SCMBlockProtocolServer.java:187)
	at org.apache.hadoop.hdds.scm.protocol.ScmBlockLocationProtocolServerSideTranslatorPB.allocateScmBlock(ScmBlockLocationProtocolServerSideTranslatorPB.java:159)
	at org.apache.hadoop.hdds.scm.protocol.ScmBlockLocationProtocolServerSideTranslatorPB.processMessage(ScmBlockLocationProtocolServerSideTranslatorPB.java:117)
	at org.apache.hadoop.hdds.server.OzoneProtocolMessageDispatcher.processRequest(OzoneProtocolMessageDispatcher.java:72)
	at org.apache.hadoop.hdds.scm.protocol.ScmBlockLocationProtocolServerSideTranslatorPB.send(ScmBlockLocationProtocolServerSideTranslatorPB.java:98)
	at org.apache.hadoop.hdds.protocol.proto.ScmBlockLocationProtocolProtos$ScmBlockLocationProtocolService$2.callBlockingMethod(ScmBlockLocationProtocolProtos.java:13157)
	at org.apache.hadoop.ipc.ProtobufRpcEngine$Server$ProtoBufRpcInvoker.call(ProtobufRpcEngine.java:524)
	at org.apache.hadoop.ipc.RPC$Server.call(RPC.java:1025)
	at org.apache.hadoop.ipc.Server$RpcCall.run(Server.java:876)
	at org.apache.hadoop.ipc.Server$RpcCall.run(Server.java:822)
	at java.security.AccessController.doPrivileged(Native Method)
	at javax.security.auth.Subject.doAs(Subject.java:422)
	at org.apache.hadoop.security.UserGroupInformation.doAs(UserGroupInformation.java:1730)
	at org.apache.hadoop.ipc.Server$Handler.run(Server.java:2682)
2019-11-13 17:51:08,976 [IPC Server handler 12 on 44850] INFO  block.BlockManagerImpl (BlockManagerImpl.java:allocateBlock(212)) - Could not find available pipeline of type:RATIS and factor:THREE even after retrying
2019-11-13 17:51:08,976 [IPC Server handler 12 on 44850] ERROR block.BlockManagerImpl (BlockManagerImpl.java:allocateBlock(236)) - Unable to allocate a block for the size: 4194304, type: RATIS, factor: THREE
2019-11-13 17:51:08,977 [IPC Server handler 12 on 44850] WARN  block.BlockManagerImpl (BlockManagerImpl.java:allocateBlock(200)) - Pipeline creation failed for type:RATIS factor:THREE. Retrying get pipelines call once.
org.apache.hadoop.hdds.scm.pipeline.InsufficientDatanodesException: Cannot create pipeline of factor 3 using 0 nodes.
	at org.apache.hadoop.hdds.scm.pipeline.RatisPipelineProvider.create(RatisPipelineProvider.java:153)
	at org.apache.hadoop.hdds.scm.pipeline.PipelineFactory.create(PipelineFactory.java:58)
	at org.apache.hadoop.hdds.scm.pipeline.SCMPipelineManager.createPipeline(SCMPipelineManager.java:155)
	at org.apache.hadoop.hdds.scm.block.BlockManagerImpl.allocateBlock(BlockManagerImpl.java:198)
	at org.apache.hadoop.hdds.scm.server.SCMBlockProtocolServer.allocateBlock(SCMBlockProtocolServer.java:187)
	at org.apache.hadoop.hdds.scm.protocol.ScmBlockLocationProtocolServerSideTranslatorPB.allocateScmBlock(ScmBlockLocationProtocolServerSideTranslatorPB.java:159)
	at org.apache.hadoop.hdds.scm.protocol.ScmBlockLocationProtocolServerSideTranslatorPB.processMessage(ScmBlockLocationProtocolServerSideTranslatorPB.java:117)
	at org.apache.hadoop.hdds.server.OzoneProtocolMessageDispatcher.processRequest(OzoneProtocolMessageDispatcher.java:72)
	at org.apache.hadoop.hdds.scm.protocol.ScmBlockLocationProtocolServerSideTranslatorPB.send(ScmBlockLocationProtocolServerSideTranslatorPB.java:98)
	at org.apache.hadoop.hdds.protocol.proto.ScmBlockLocationProtocolProtos$ScmBlockLocationProtocolService$2.callBlockingMethod(ScmBlockLocationProtocolProtos.java:13157)
	at org.apache.hadoop.ipc.ProtobufRpcEngine$Server$ProtoBufRpcInvoker.call(ProtobufRpcEngine.java:524)
	at org.apache.hadoop.ipc.RPC$Server.call(RPC.java:1025)
	at org.apache.hadoop.ipc.Server$RpcCall.run(Server.java:876)
	at org.apache.hadoop.ipc.Server$RpcCall.run(Server.java:822)
	at java.security.AccessController.doPrivileged(Native Method)
	at javax.security.auth.Subject.doAs(Subject.java:422)
	at org.apache.hadoop.security.UserGroupInformation.doAs(UserGroupInformation.java:1730)
	at org.apache.hadoop.ipc.Server$Handler.run(Server.java:2682)
2019-11-13 17:51:08,977 [IPC Server handler 12 on 44850] INFO  block.BlockManagerImpl (BlockManagerImpl.java:allocateBlock(212)) - Could not find available pipeline of type:RATIS and factor:THREE even after retrying
2019-11-13 17:51:08,977 [IPC Server handler 12 on 44850] ERROR block.BlockManagerImpl (BlockManagerImpl.java:allocateBlock(236)) - Unable to allocate a block for the size: 4194304, type: RATIS, factor: THREE
2019-11-13 17:51:08,981 [pool-59-thread-4] ERROR freon.RandomKeyGenerator (RandomKeyGenerator.java:createKey(735)) - Exception while adding key: key-0-05416 in bucket: bucket-0-98143 of volume: vol-0-14943.
INTERNAL_ERROR org.apache.hadoop.ozone.om.exceptions.OMException: Allocated 0 blocks. Requested 5 blocks
	at org.apache.hadoop.ozone.om.protocolPB.OzoneManagerProtocolClientSideTranslatorPB.handleError(OzoneManagerProtocolClientSideTranslatorPB.java:761)
	at org.apache.hadoop.ozone.om.protocolPB.OzoneManagerProtocolClientSideTranslatorPB.openKey(OzoneManagerProtocolClientSideTranslatorPB.java:752)
	at sun.reflect.NativeMethodAccessorImpl.invoke0(Native Method)
	at sun.reflect.NativeMethodAccessorImpl.invoke(NativeMethodAccessorImpl.java:62)
	at sun.reflect.DelegatingMethodAccessorImpl.invoke(DelegatingMethodAccessorImpl.java:43)
	at java.lang.reflect.Method.invoke(Method.java:498)
	at org.apache.hadoop.hdds.tracing.TraceAllMethod.invoke(TraceAllMethod.java:66)
	at com.sun.proxy.$Proxy37.openKey(Unknown Source)
	at org.apache.hadoop.ozone.client.rpc.RpcClient.createKey(RpcClient.java:634)
	at org.apache.hadoop.ozone.client.OzoneBucket.createKey(OzoneBucket.java:325)
	at org.apache.hadoop.ozone.freon.RandomKeyGenerator.createKey(RandomKeyGenerator.java:697)
	at org.apache.hadoop.ozone.freon.RandomKeyGenerator.access$1100(RandomKeyGenerator.java:88)
	at org.apache.hadoop.ozone.freon.RandomKeyGenerator$ObjectCreator.run(RandomKeyGenerator.java:615)
	at java.util.concurrent.Executors$RunnableAdapter.call(Executors.java:511)
	at java.util.concurrent.FutureTask.run(FutureTask.java:266)
	at java.util.concurrent.ThreadPoolExecutor.runWorker(ThreadPoolExecutor.java:1149)
	at java.util.concurrent.ThreadPoolExecutor$Worker.run(ThreadPoolExecutor.java:624)
	at java.lang.Thread.run(Thread.java:748)
 0.00% |?                                                                                                    |  0/1 Time: 0:00:01 0.00% |?                                                                                                    |  0/1 Time: 0:00:02 0.00% |?                                                                                                    |  0/1 Time: 0:00:03 0.00% |?                                                                                                    |  0/1 Time: 0:00:042019-11-13 17:51:13,866 [Thread-537] INFO  impl.FollowerState (FollowerState.java:run(111)) - bed2cb91-82a6-46d4-b0e6-50d0a1724051@group-FAA8328BB58A-FollowerState: change to CANDIDATE, lastRpcTime:5020ms, electionTimeout:5019ms
2019-11-13 17:51:13,867 [Thread-537] INFO  impl.RoleInfo (RoleInfo.java:shutdownFollowerState(121)) - bed2cb91-82a6-46d4-b0e6-50d0a1724051: shutdown FollowerState
2019-11-13 17:51:13,868 [Thread-542] INFO  impl.FollowerState (FollowerState.java:run(111)) - 5a5ea697-a38d-4b37-b996-80d6b57047ee@group-FAA8328BB58A-FollowerState: change to CANDIDATE, lastRpcTime:5016ms, electionTimeout:5016ms
2019-11-13 17:51:13,868 [Thread-537] INFO  impl.RaftServerImpl (RaftServerImpl.java:setRole(173)) - bed2cb91-82a6-46d4-b0e6-50d0a1724051@group-FAA8328BB58A: changes role from  FOLLOWER to CANDIDATE at term 0 for changeToCandidate
2019-11-13 17:51:13,868 [Thread-542] INFO  impl.RoleInfo (RoleInfo.java:shutdownFollowerState(121)) - 5a5ea697-a38d-4b37-b996-80d6b57047ee: shutdown FollowerState
2019-11-13 17:51:13,868 [Thread-542] INFO  impl.RaftServerImpl (RaftServerImpl.java:setRole(173)) - 5a5ea697-a38d-4b37-b996-80d6b57047ee@group-FAA8328BB58A: changes role from  FOLLOWER to CANDIDATE at term 0 for changeToCandidate
2019-11-13 17:51:13,868 [Thread-542] INFO  impl.RoleInfo (RoleInfo.java:updateAndGet(143)) - 5a5ea697-a38d-4b37-b996-80d6b57047ee: start LeaderElection
2019-11-13 17:51:13,868 [Thread-537] INFO  impl.RoleInfo (RoleInfo.java:updateAndGet(143)) - bed2cb91-82a6-46d4-b0e6-50d0a1724051: start LeaderElection
 100.00% |?????????????????????????????????????????????????????????????????????????????????????????????????????|  1/1 Time: 0:00:05
2019-11-13 17:51:13,909 [Thread-541] INFO  impl.FollowerState (FollowerState.java:run(111)) - f9a4fe6a-5564-437b-92eb-0f148c890629@group-FAA8328BB58A-FollowerState: change to CANDIDATE, lastRpcTime:5061ms, electionTimeout:5059ms
2019-11-13 17:51:13,910 [Thread-541] INFO  impl.RoleInfo (RoleInfo.java:shutdownFollowerState(121)) - f9a4fe6a-5564-437b-92eb-0f148c890629: shutdown FollowerState
2019-11-13 17:51:13,910 [Thread-541] INFO  impl.RaftServerImpl (RaftServerImpl.java:setRole(173)) - f9a4fe6a-5564-437b-92eb-0f148c890629@group-FAA8328BB58A: changes role from  FOLLOWER to CANDIDATE at term 0 for changeToCandidate
2019-11-13 17:51:13,910 [Thread-541] INFO  impl.RoleInfo (RoleInfo.java:updateAndGet(143)) - f9a4fe6a-5564-437b-92eb-0f148c890629: start LeaderElection
2019-11-13 17:51:13,943 [bed2cb91-82a6-46d4-b0e6-50d0a1724051@group-FAA8328BB58A-LeaderElection20] INFO  impl.LeaderElection (LeaderElection.java:askForVotes(178)) - bed2cb91-82a6-46d4-b0e6-50d0a1724051@group-FAA8328BB58A-LeaderElection20: begin an election at term 1 for -1: [bed2cb91-82a6-46d4-b0e6-50d0a1724051:192.168.69.122:33920, f9a4fe6a-5564-437b-92eb-0f148c890629:192.168.69.122:40724, 5a5ea697-a38d-4b37-b996-80d6b57047ee:192.168.69.122:41091], old=null
2019-11-13 17:51:13,943 [5a5ea697-a38d-4b37-b996-80d6b57047ee@group-FAA8328BB58A-LeaderElection21] INFO  impl.LeaderElection (LeaderElection.java:askForVotes(178)) - 5a5ea697-a38d-4b37-b996-80d6b57047ee@group-FAA8328BB58A-LeaderElection21: begin an election at term 1 for -1: [bed2cb91-82a6-46d4-b0e6-50d0a1724051:192.168.69.122:33920, f9a4fe6a-5564-437b-92eb-0f148c890629:192.168.69.122:40724, 5a5ea697-a38d-4b37-b996-80d6b57047ee:192.168.69.122:41091], old=null
2019-11-13 17:51:13,951 [f9a4fe6a-5564-437b-92eb-0f148c890629@group-FAA8328BB58A-LeaderElection22] INFO  impl.LeaderElection (LeaderElection.java:askForVotes(178)) - f9a4fe6a-5564-437b-92eb-0f148c890629@group-FAA8328BB58A-LeaderElection22: begin an election at term 1 for -1: [bed2cb91-82a6-46d4-b0e6-50d0a1724051:192.168.69.122:33920, f9a4fe6a-5564-437b-92eb-0f148c890629:192.168.69.122:40724, 5a5ea697-a38d-4b37-b996-80d6b57047ee:192.168.69.122:41091], old=null
2019-11-13 17:51:13,963 [f9a4fe6a-5564-437b-92eb-0f148c890629@group-FAA8328BB58A-LeaderElection22] INFO  impl.LeaderElection (LeaderElection.java:logAndReturn(56)) - f9a4fe6a-5564-437b-92eb-0f148c890629@group-FAA8328BB58A-LeaderElection22: Election REJECTED; received 2 response(s) [f9a4fe6a-5564-437b-92eb-0f148c890629<-bed2cb91-82a6-46d4-b0e6-50d0a1724051#0:FAIL-t1, f9a4fe6a-5564-437b-92eb-0f148c890629<-5a5ea697-a38d-4b37-b996-80d6b57047ee#0:FAIL-t1] and 0 exception(s); f9a4fe6a-5564-437b-92eb-0f148c890629@group-FAA8328BB58A:t1, leader=null, voted=f9a4fe6a-5564-437b-92eb-0f148c890629, raftlog=f9a4fe6a-5564-437b-92eb-0f148c890629@group-FAA8328BB58A-SegmentedRaftLog:OPENED:c-1,f-1,i0, conf=-1: [bed2cb91-82a6-46d4-b0e6-50d0a1724051:192.168.69.122:33920, f9a4fe6a-5564-437b-92eb-0f148c890629:192.168.69.122:40724, 5a5ea697-a38d-4b37-b996-80d6b57047ee:192.168.69.122:41091], old=null
2019-11-13 17:51:13,964 [f9a4fe6a-5564-437b-92eb-0f148c890629@group-FAA8328BB58A-LeaderElection22] INFO  impl.RaftServerImpl (RaftServerImpl.java:setRole(173)) - f9a4fe6a-5564-437b-92eb-0f148c890629@group-FAA8328BB58A: changes role from CANDIDATE to FOLLOWER at term 1 for DISCOVERED_A_NEW_TERM
2019-11-13 17:51:13,969 [f9a4fe6a-5564-437b-92eb-0f148c890629@group-FAA8328BB58A-LeaderElection22] INFO  impl.RoleInfo (RoleInfo.java:shutdownLeaderElection(134)) - f9a4fe6a-5564-437b-92eb-0f148c890629: shutdown LeaderElection
2019-11-13 17:51:13,969 [f9a4fe6a-5564-437b-92eb-0f148c890629@group-FAA8328BB58A-LeaderElection22] INFO  impl.RoleInfo (RoleInfo.java:updateAndGet(143)) - f9a4fe6a-5564-437b-92eb-0f148c890629: start FollowerState
2019-11-13 17:51:13,971 [5a5ea697-a38d-4b37-b996-80d6b57047ee@group-FAA8328BB58A-LeaderElection21] INFO  impl.LeaderElection (LeaderElection.java:logAndReturn(56)) - 5a5ea697-a38d-4b37-b996-80d6b57047ee@group-FAA8328BB58A-LeaderElection21: Election REJECTED; received 2 response(s) [5a5ea697-a38d-4b37-b996-80d6b57047ee<-bed2cb91-82a6-46d4-b0e6-50d0a1724051#0:FAIL-t1, 5a5ea697-a38d-4b37-b996-80d6b57047ee<-f9a4fe6a-5564-437b-92eb-0f148c890629#0:FAIL-t1] and 0 exception(s); 5a5ea697-a38d-4b37-b996-80d6b57047ee@group-FAA8328BB58A:t1, leader=null, voted=5a5ea697-a38d-4b37-b996-80d6b57047ee, raftlog=5a5ea697-a38d-4b37-b996-80d6b57047ee@group-FAA8328BB58A-SegmentedRaftLog:OPENED:c-1,f-1,i0, conf=-1: [bed2cb91-82a6-46d4-b0e6-50d0a1724051:192.168.69.122:33920, f9a4fe6a-5564-437b-92eb-0f148c890629:192.168.69.122:40724, 5a5ea697-a38d-4b37-b996-80d6b57047ee:192.168.69.122:41091], old=null
2019-11-13 17:51:13,972 [5a5ea697-a38d-4b37-b996-80d6b57047ee@group-FAA8328BB58A-LeaderElection21] INFO  impl.RaftServerImpl (RaftServerImpl.java:setRole(173)) - 5a5ea697-a38d-4b37-b996-80d6b57047ee@group-FAA8328BB58A: changes role from CANDIDATE to FOLLOWER at term 1 for DISCOVERED_A_NEW_TERM
2019-11-13 17:51:13,972 [5a5ea697-a38d-4b37-b996-80d6b57047ee@group-FAA8328BB58A-LeaderElection21] INFO  impl.RoleInfo (RoleInfo.java:shutdownLeaderElection(134)) - 5a5ea697-a38d-4b37-b996-80d6b57047ee: shutdown LeaderElection
2019-11-13 17:51:13,973 [5a5ea697-a38d-4b37-b996-80d6b57047ee@group-FAA8328BB58A-LeaderElection21] INFO  impl.RoleInfo (RoleInfo.java:updateAndGet(143)) - 5a5ea697-a38d-4b37-b996-80d6b57047ee: start FollowerState
2019-11-13 17:51:13,973 [bed2cb91-82a6-46d4-b0e6-50d0a1724051@group-FAA8328BB58A-LeaderElection20] INFO  impl.LeaderElection (LeaderElection.java:logAndReturn(56)) - bed2cb91-82a6-46d4-b0e6-50d0a1724051@group-FAA8328BB58A-LeaderElection20: Election REJECTED; received 2 response(s) [bed2cb91-82a6-46d4-b0e6-50d0a1724051<-f9a4fe6a-5564-437b-92eb-0f148c890629#0:FAIL-t1, bed2cb91-82a6-46d4-b0e6-50d0a1724051<-5a5ea697-a38d-4b37-b996-80d6b57047ee#0:FAIL-t1] and 0 exception(s); bed2cb91-82a6-46d4-b0e6-50d0a1724051@group-FAA8328BB58A:t1, leader=null, voted=bed2cb91-82a6-46d4-b0e6-50d0a1724051, raftlog=bed2cb91-82a6-46d4-b0e6-50d0a1724051@group-FAA8328BB58A-SegmentedRaftLog:OPENED:c-1,f-1,i0, conf=-1: [bed2cb91-82a6-46d4-b0e6-50d0a1724051:192.168.69.122:33920, f9a4fe6a-5564-437b-92eb-0f148c890629:192.168.69.122:40724, 5a5ea697-a38d-4b37-b996-80d6b57047ee:192.168.69.122:41091], old=null
2019-11-13 17:51:13,974 [bed2cb91-82a6-46d4-b0e6-50d0a1724051@group-FAA8328BB58A-LeaderElection20] INFO  impl.RaftServerImpl (RaftServerImpl.java:setRole(173)) - bed2cb91-82a6-46d4-b0e6-50d0a1724051@group-FAA8328BB58A: changes role from CANDIDATE to FOLLOWER at term 1 for DISCOVERED_A_NEW_TERM
2019-11-13 17:51:13,974 [bed2cb91-82a6-46d4-b0e6-50d0a1724051@group-FAA8328BB58A-LeaderElection20] INFO  impl.RoleInfo (RoleInfo.java:shutdownLeaderElection(134)) - bed2cb91-82a6-46d4-b0e6-50d0a1724051: shutdown LeaderElection
2019-11-13 17:51:13,974 [bed2cb91-82a6-46d4-b0e6-50d0a1724051@group-FAA8328BB58A-LeaderElection20] INFO  impl.RoleInfo (RoleInfo.java:updateAndGet(143)) - bed2cb91-82a6-46d4-b0e6-50d0a1724051: start FollowerState
]]></system-out>
    <system-err><![CDATA[ERROR StatusLogger No Log4j 2 configuration file found. Using default configuration (logging only errors to the console), or user programmatically provided configurations. Set system property 'log4j2.debug' to show Log4j 2 internal initialization logging. See https://logging.apache.org/log4j/2.x/manual/configuration.html for instructions on how to configure Log4j 2
]]></system-err>
  </testcase>
</testsuite>