<?xml version="1.0" encoding="UTF-8"?>
<testsuite xmlns:xsi="http://www.w3.org/2001/XMLSchema-instance" xsi:noNamespaceSchemaLocation="https://maven.apache.org/surefire/maven-surefire-plugin/xsd/surefire-test-report.xsd" name="org.apache.hadoop.ozone.client.rpc.TestMultiBlockWritesWithDnFailures" time="119.447" tests="2" errors="1" skipped="0" failures="0">
  <properties>
    <property name="awt.toolkit" value="sun.awt.X11.XToolkit"/>
    <property name="file.encoding.pkg" value="sun.io"/>
    <property name="java.specification.version" value="1.8"/>
    <property name="sun.cpu.isalist" value=""/>
    <property name="sun.jnu.encoding" value="ANSI_X3.4-1968"/>
    <property name="java.class.path" value="/workdir/hadoop-ozone/integration-test/target/test-classes:/workdir/hadoop-ozone/integration-test/target/classes:/home/user/.m2/repository/org/apache/hadoop/hadoop-ozone-common/0.5.0-SNAPSHOT/hadoop-ozone-common-0.5.0-SNAPSHOT.jar:/home/user/.m2/repository/org/apache/commons/commons-compress/1.4.1/commons-compress-1.4.1.jar:/home/user/.m2/repository/org/tukaani/xz/1.0/xz-1.0.jar:/home/user/.m2/repository/org/apache/hadoop/hadoop-common/3.2.0/hadoop-common-3.2.0.jar:/home/user/.m2/repository/org/apache/hadoop/hadoop-hdfs/3.2.0/hadoop-hdfs-3.2.0.jar:/home/user/.m2/repository/org/apache/hadoop/hadoop-hdfs-client/3.2.0/hadoop-hdfs-client-3.2.0.jar:/home/user/.m2/repository/com/fasterxml/jackson/core/jackson-annotations/2.9.9/jackson-annotations-2.9.9.jar:/home/user/.m2/repository/org/apache/hadoop/hadoop-hdds-common/0.5.0-SNAPSHOT/hadoop-hdds-common-0.5.0-SNAPSHOT.jar:/home/user/.m2/repository/javax/annotation/javax.annotation-api/1.2/javax.annotation-api-1.2.jar:/home/user/.m2/repository/org/apache/ratis/ratis-server/0.5.0-d6d58d0-SNAPSHOT/ratis-server-0.5.0-d6d58d0-SNAPSHOT.jar:/home/user/.m2/repository/org/apache/ratis/ratis-thirdparty-misc/0.2.0/ratis-thirdparty-misc-0.2.0.jar:/home/user/.m2/repository/org/apache/ratis/ratis-proto/0.5.0-d6d58d0-SNAPSHOT/ratis-proto-0.5.0-d6d58d0-SNAPSHOT.jar:/home/user/.m2/repository/org/apache/ratis/ratis-common/0.5.0-d6d58d0-SNAPSHOT/ratis-common-0.5.0-d6d58d0-SNAPSHOT.jar:/home/user/.m2/repository/org/apache/ratis/ratis-client/0.5.0-d6d58d0-SNAPSHOT/ratis-client-0.5.0-d6d58d0-SNAPSHOT.jar:/home/user/.m2/repository/org/apache/ratis/ratis-metrics/0.5.0-d6d58d0-SNAPSHOT/ratis-metrics-0.5.0-d6d58d0-SNAPSHOT.jar:/home/user/.m2/repository/org/apache/ratis/ratis-netty/0.5.0-d6d58d0-SNAPSHOT/ratis-netty-0.5.0-d6d58d0-SNAPSHOT.jar:/home/user/.m2/repository/org/apache/ratis/ratis-grpc/0.5.0-d6d58d0-SNAPSHOT/ratis-grpc-0.5.0-d6d58d0-SNAPSHOT.jar:/home/user/.m2/repository/org/rocksdb/rocksdbjni/6.0.1/rocksdbjni-6.0.1.jar:/home/user/.m2/repository/org/apache/logging/log4j/log4j-api/2.11.0/log4j-api-2.11.0.jar:/home/user/.m2/repository/org/apache/logging/log4j/log4j-core/2.11.0/log4j-core-2.11.0.jar:/home/user/.m2/repository/com/lmax/disruptor/3.4.2/disruptor-3.4.2.jar:/home/user/.m2/repository/org/apache/commons/commons-pool2/2.6.0/commons-pool2-2.6.0.jar:/home/user/.m2/repository/org/bouncycastle/bcpkix-jdk15on/1.60/bcpkix-jdk15on-1.60.jar:/home/user/.m2/repository/commons-validator/commons-validator/1.6/commons-validator-1.6.jar:/home/user/.m2/repository/commons-digester/commons-digester/1.8.1/commons-digester-1.8.1.jar:/home/user/.m2/repository/io/jaegertracing/jaeger-client/0.34.0/jaeger-client-0.34.0.jar:/home/user/.m2/repository/io/jaegertracing/jaeger-thrift/0.34.0/jaeger-thrift-0.34.0.jar:/home/user/.m2/repository/org/apache/thrift/libthrift/0.12.0/libthrift-0.12.0.jar:/home/user/.m2/repository/com/squareup/okhttp3/okhttp/3.9.0/okhttp-3.9.0.jar:/home/user/.m2/repository/com/squareup/okio/okio/1.13.0/okio-1.13.0.jar:/home/user/.m2/repository/io/jaegertracing/jaeger-core/0.34.0/jaeger-core-0.34.0.jar:/home/user/.m2/repository/io/jaegertracing/jaeger-tracerresolver/0.34.0/jaeger-tracerresolver-0.34.0.jar:/home/user/.m2/repository/io/opentracing/contrib/opentracing-tracerresolver/0.1.5/opentracing-tracerresolver-0.1.5.jar:/home/user/.m2/repository/io/opentracing/opentracing-util/0.31.0/opentracing-util-0.31.0.jar:/home/user/.m2/repository/io/opentracing/opentracing-api/0.31.0/opentracing-api-0.31.0.jar:/home/user/.m2/repository/io/opentracing/opentracing-noop/0.31.0/opentracing-noop-0.31.0.jar:/home/user/.m2/repository/org/apache/hadoop/hadoop-hdds-server-framework/0.5.0-SNAPSHOT/hadoop-hdds-server-framework-0.5.0-SNAPSHOT.jar:/home/user/.m2/repository/org/apache/hadoop/hadoop-hdds-container-service/0.5.0-SNAPSHOT/hadoop-hdds-container-service-0.5.0-SNAPSHOT.jar:/home/user/.m2/repository/org/apache/hadoop/hadoop-hdds-client/0.5.0-SNAPSHOT/hadoop-hdds-client-0.5.0-SNAPSHOT.jar:/home/user/.m2/repository/org/apache/hadoop/hadoop-hdds-tools/0.5.0-SNAPSHOT/hadoop-hdds-tools-0.5.0-SNAPSHOT.jar:/home/user/.m2/repository/org/apache/hadoop/hadoop-hdds-server-scm/0.5.0-SNAPSHOT/hadoop-hdds-server-scm-0.5.0-SNAPSHOT.jar:/home/user/.m2/repository/org/apache/hadoop/hadoop-hdds-docs/0.5.0-SNAPSHOT/hadoop-hdds-docs-0.5.0-SNAPSHOT.jar:/home/user/.m2/repository/io/dropwizard/metrics/metrics-core/3.2.4/metrics-core-3.2.4.jar:/home/user/.m2/repository/org/hamcrest/hamcrest-all/1.3/hamcrest-all-1.3.jar:/home/user/.m2/repository/org/bouncycastle/bcprov-jdk15on/1.60/bcprov-jdk15on-1.60.jar:/home/user/.m2/repository/info/picocli/picocli/3.9.6/picocli-3.9.6.jar:/home/user/.m2/repository/com/google/protobuf/protobuf-java/2.5.0/protobuf-java-2.5.0.jar:/home/user/.m2/repository/com/google/guava/guava/11.0.2/guava-11.0.2.jar:/home/user/.m2/repository/org/apache/hadoop/hadoop-ozone-ozone-manager/0.5.0-SNAPSHOT/hadoop-ozone-ozone-manager-0.5.0-SNAPSHOT.jar:/home/user/.m2/repository/org/apache/hadoop/hadoop-minikdc/3.2.0/hadoop-minikdc-3.2.0.jar:/home/user/.m2/repository/commons-io/commons-io/2.5/commons-io-2.5.jar:/home/user/.m2/repository/org/apache/kerby/kerb-simplekdc/1.0.1/kerb-simplekdc-1.0.1.jar:/home/user/.m2/repository/org/apache/kerby/kerb-client/1.0.1/kerb-client-1.0.1.jar:/home/user/.m2/repository/org/apache/kerby/kerby-config/1.0.1/kerby-config-1.0.1.jar:/home/user/.m2/repository/org/apache/kerby/kerb-core/1.0.1/kerb-core-1.0.1.jar:/home/user/.m2/repository/org/apache/kerby/kerby-pkix/1.0.1/kerby-pkix-1.0.1.jar:/home/user/.m2/repository/org/apache/kerby/kerby-asn1/1.0.1/kerby-asn1-1.0.1.jar:/home/user/.m2/repository/org/apache/kerby/kerby-util/1.0.1/kerby-util-1.0.1.jar:/home/user/.m2/repository/org/apache/kerby/kerb-common/1.0.1/kerb-common-1.0.1.jar:/home/user/.m2/repository/org/apache/kerby/kerb-crypto/1.0.1/kerb-crypto-1.0.1.jar:/home/user/.m2/repository/org/apache/kerby/kerb-util/1.0.1/kerb-util-1.0.1.jar:/home/user/.m2/repository/org/apache/kerby/token-provider/1.0.1/token-provider-1.0.1.jar:/home/user/.m2/repository/org/apache/kerby/kerb-admin/1.0.1/kerb-admin-1.0.1.jar:/home/user/.m2/repository/org/apache/kerby/kerb-server/1.0.1/kerb-server-1.0.1.jar:/home/user/.m2/repository/org/apache/kerby/kerb-identity/1.0.1/kerb-identity-1.0.1.jar:/home/user/.m2/repository/org/apache/kerby/kerby-xdr/1.0.1/kerby-xdr-1.0.1.jar:/home/user/.m2/repository/org/slf4j/slf4j-log4j12/1.7.25/slf4j-log4j12-1.7.25.jar:/home/user/.m2/repository/org/apache/hadoop/hadoop-ozone-s3gateway/0.5.0-SNAPSHOT/hadoop-ozone-s3gateway-0.5.0-SNAPSHOT.jar:/home/user/.m2/repository/org/jboss/weld/servlet/weld-servlet/2.4.7.Final/weld-servlet-2.4.7.Final.jar:/home/user/.m2/repository/org/glassfish/jersey/containers/jersey-container-servlet-core/2.27/jersey-container-servlet-core-2.27.jar:/home/user/.m2/repository/org/glassfish/hk2/external/javax.inject/2.5.0-b42/javax.inject-2.5.0-b42.jar:/home/user/.m2/repository/org/glassfish/jersey/core/jersey-common/2.27/jersey-common-2.27.jar:/home/user/.m2/repository/org/glassfish/hk2/osgi-resource-locator/1.0.1/osgi-resource-locator-1.0.1.jar:/home/user/.m2/repository/javax/ws/rs/javax.ws.rs-api/2.1/javax.ws.rs-api-2.1.jar:/home/user/.m2/repository/org/glassfish/jersey/ext/cdi/jersey-cdi1x/2.27/jersey-cdi1x-2.27.jar:/home/user/.m2/repository/org/glassfish/jersey/inject/jersey-hk2/2.27/jersey-hk2-2.27.jar:/home/user/.m2/repository/org/glassfish/hk2/hk2-locator/2.5.0-b42/hk2-locator-2.5.0-b42.jar:/home/user/.m2/repository/org/javassist/javassist/3.22.0-CR2/javassist-3.22.0-CR2.jar:/home/user/.m2/repository/org/glassfish/hk2/hk2-api/2.5.0/hk2-api-2.5.0.jar:/home/user/.m2/repository/org/glassfish/hk2/external/jakarta.inject/2.5.0/jakarta.inject-2.5.0.jar:/home/user/.m2/repository/org/glassfish/hk2/hk2-utils/2.5.0/hk2-utils-2.5.0.jar:/home/user/.m2/repository/jakarta/annotation/jakarta.annotation-api/1.3.4/jakarta.annotation-api-1.3.4.jar:/home/user/.m2/repository/org/glassfish/hk2/external/aopalliance-repackaged/2.5.0/aopalliance-repackaged-2.5.0.jar:/home/user/.m2/repository/com/fasterxml/jackson/dataformat/jackson-dataformat-xml/2.9.0/jackson-dataformat-xml-2.9.0.jar:/home/user/.m2/repository/com/fasterxml/jackson/core/jackson-core/2.9.9/jackson-core-2.9.9.jar:/home/user/.m2/repository/com/fasterxml/jackson/module/jackson-module-jaxb-annotations/2.9.9/jackson-module-jaxb-annotations-2.9.9.jar:/home/user/.m2/repository/javax/enterprise/cdi-api/1.2/cdi-api-1.2.jar:/home/user/.m2/repository/javax/el/javax.el-api/3.0.0/javax.el-api-3.0.0.jar:/home/user/.m2/repository/javax/interceptor/javax.interceptor-api/1.2/javax.interceptor-api-1.2.jar:/home/user/.m2/repository/javax/inject/javax.inject/1/javax.inject-1.jar:/home/user/.m2/repository/com/sun/xml/bind/jaxb-impl/2.3.0.1/jaxb-impl-2.3.0.1.jar:/home/user/.m2/repository/com/sun/xml/bind/jaxb-core/2.3.0.1/jaxb-core-2.3.0.1.jar:/home/user/.m2/repository/javax/xml/bind/jaxb-api/2.3.0/jaxb-api-2.3.0.jar:/home/user/.m2/repository/javax/activation/activation/1.1.1/activation-1.1.1.jar:/home/user/.m2/repository/org/apache/hadoop/hadoop-ozone-csi/0.5.0-SNAPSHOT/hadoop-ozone-csi-0.5.0-SNAPSHOT.jar:/home/user/.m2/repository/com/google/protobuf/protobuf-java-util/3.5.1/protobuf-java-util-3.5.1.jar:/home/user/.m2/repository/org/apache/hadoop/hadoop-hdds-config/0.5.0-SNAPSHOT/hadoop-hdds-config-0.5.0-SNAPSHOT.jar:/home/user/.m2/repository/io/grpc/grpc-netty/1.17.1/grpc-netty-1.17.1.jar:/home/user/.m2/repository/io/grpc/grpc-core/1.17.1/grpc-core-1.17.1.jar:/home/user/.m2/repository/io/grpc/grpc-context/1.17.1/grpc-context-1.17.1.jar:/home/user/.m2/repository/com/google/errorprone/error_prone_annotations/2.2.0/error_prone_annotations-2.2.0.jar:/home/user/.m2/repository/org/codehaus/mojo/animal-sniffer-annotations/1.17/animal-sniffer-annotations-1.17.jar:/home/user/.m2/repository/io/opencensus/opencensus-api/0.17.0/opencensus-api-0.17.0.jar:/home/user/.m2/repository/io/opencensus/opencensus-contrib-grpc-metrics/0.17.0/opencensus-contrib-grpc-metrics-0.17.0.jar:/home/user/.m2/repository/io/netty/netty-codec-http2/4.1.30.Final/netty-codec-http2-4.1.30.Final.jar:/home/user/.m2/repository/io/netty/netty-codec-http/4.1.30.Final/netty-codec-http-4.1.30.Final.jar:/home/user/.m2/repository/io/netty/netty-codec/4.1.30.Final/netty-codec-4.1.30.Final.jar:/home/user/.m2/repository/io/netty/netty-handler/4.1.30.Final/netty-handler-4.1.30.Final.jar:/home/user/.m2/repository/io/netty/netty-handler-proxy/4.1.30.Final/netty-handler-proxy-4.1.30.Final.jar:/home/user/.m2/repository/io/netty/netty-codec-socks/4.1.30.Final/netty-codec-socks-4.1.30.Final.jar:/home/user/.m2/repository/io/netty/netty-transport-native-epoll/4.1.30.Final/netty-transport-native-epoll-4.1.30.Final.jar:/home/user/.m2/repository/io/netty/netty-common/4.1.30.Final/netty-common-4.1.30.Final.jar:/home/user/.m2/repository/io/netty/netty-buffer/4.1.30.Final/netty-buffer-4.1.30.Final.jar:/home/user/.m2/repository/io/netty/netty-transport/4.1.30.Final/netty-transport-4.1.30.Final.jar:/home/user/.m2/repository/io/netty/netty-resolver/4.1.30.Final/netty-resolver-4.1.30.Final.jar:/home/user/.m2/repository/io/netty/netty-transport-native-unix-common/4.1.30.Final/netty-transport-native-unix-common-4.1.30.Final.jar:/home/user/.m2/repository/io/grpc/grpc-protobuf/1.17.1/grpc-protobuf-1.17.1.jar:/home/user/.m2/repository/com/google/api/grpc/proto-google-common-protos/1.0.0/proto-google-common-protos-1.0.0.jar:/home/user/.m2/repository/io/grpc/grpc-protobuf-lite/1.17.1/grpc-protobuf-lite-1.17.1.jar:/home/user/.m2/repository/io/grpc/grpc-stub/1.17.1/grpc-stub-1.17.1.jar:/home/user/.m2/repository/org/apache/hadoop/hadoop-ozone-recon/0.5.0-SNAPSHOT/hadoop-ozone-recon-0.5.0-SNAPSHOT.jar:/home/user/.m2/repository/org/apache/hadoop/hadoop-ozone-reconcodegen/0.5.0-SNAPSHOT/hadoop-ozone-reconcodegen-0.5.0-SNAPSHOT.jar:/home/user/.m2/repository/com/google/inject/extensions/guice-multibindings/4.0/guice-multibindings-4.0.jar:/home/user/.m2/repository/com/google/inject/guice/4.0/guice-4.0.jar:/home/user/.m2/repository/aopalliance/aopalliance/1.0/aopalliance-1.0.jar:/home/user/.m2/repository/com/google/inject/extensions/guice-servlet/4.0/guice-servlet-4.0.jar:/home/user/.m2/repository/org/glassfish/jersey/containers/jersey-container-servlet/2.27/jersey-container-servlet-2.27.jar:/home/user/.m2/repository/org/glassfish/hk2/guice-bridge/2.5.0/guice-bridge-2.5.0.jar:/home/user/.m2/repository/org/glassfish/jersey/core/jersey-server/2.27/jersey-server-2.27.jar:/home/user/.m2/repository/org/glassfish/jersey/core/jersey-client/2.27/jersey-client-2.27.jar:/home/user/.m2/repository/org/glassfish/jersey/media/jersey-media-jaxb/2.27/jersey-media-jaxb-2.27.jar:/home/user/.m2/repository/javax/validation/validation-api/1.1.0.Final/validation-api-1.1.0.Final.jar:/home/user/.m2/repository/org/glassfish/jersey/media/jersey-media-json-jackson/2.27/jersey-media-json-jackson-2.27.jar:/home/user/.m2/repository/org/glassfish/jersey/ext/jersey-entity-filtering/2.27/jersey-entity-filtering-2.27.jar:/home/user/.m2/repository/com/google/inject/extensions/guice-assistedinject/4.0/guice-assistedinject-4.0.jar:/home/user/.m2/repository/org/jooq/jooq/3.11.10/jooq-3.11.10.jar:/home/user/.m2/repository/org/jooq/jooq-meta/3.11.10/jooq-meta-3.11.10.jar:/home/user/.m2/repository/org/jooq/jooq-codegen/3.11.10/jooq-codegen-3.11.10.jar:/home/user/.m2/repository/com/jolbox/bonecp/0.8.0.RELEASE/bonecp-0.8.0.RELEASE.jar:/home/user/.m2/repository/org/xerial/sqlite-jdbc/3.25.2/sqlite-jdbc-3.25.2.jar:/home/user/.m2/repository/org/springframework/spring-jdbc/5.1.3.RELEASE/spring-jdbc-5.1.3.RELEASE.jar:/home/user/.m2/repository/org/springframework/spring-beans/5.1.3.RELEASE/spring-beans-5.1.3.RELEASE.jar:/home/user/.m2/repository/org/springframework/spring-core/5.1.3.RELEASE/spring-core-5.1.3.RELEASE.jar:/home/user/.m2/repository/org/springframework/spring-jcl/5.1.3.RELEASE/spring-jcl-5.1.3.RELEASE.jar:/home/user/.m2/repository/org/springframework/spring-tx/5.1.3.RELEASE/spring-tx-5.1.3.RELEASE.jar:/home/user/.m2/repository/org/apache/hadoop/hadoop-ozone-client/0.5.0-SNAPSHOT/hadoop-ozone-client-0.5.0-SNAPSHOT.jar:/home/user/.m2/repository/commons-lang/commons-lang/2.6/commons-lang-2.6.jar:/home/user/.m2/repository/org/apache/hadoop/hadoop-ozone-ozone-manager/0.5.0-SNAPSHOT/hadoop-ozone-ozone-manager-0.5.0-SNAPSHOT-tests.jar:/home/user/.m2/repository/junit/junit/4.11/junit-4.11.jar:/home/user/.m2/repository/org/hamcrest/hamcrest-core/1.3/hamcrest-core-1.3.jar:/home/user/.m2/repository/org/openjdk/jmh/jmh-core/1.19/jmh-core-1.19.jar:/home/user/.m2/repository/net/sf/jopt-simple/jopt-simple/4.6/jopt-simple-4.6.jar:/home/user/.m2/repository/org/apache/commons/commons-math3/3.1.1/commons-math3-3.1.1.jar:/home/user/.m2/repository/org/openjdk/jmh/jmh-generator-annprocess/1.19/jmh-generator-annprocess-1.19.jar:/home/user/.m2/repository/org/mockito/mockito-all/1.8.5/mockito-all-1.8.5.jar:/home/user/.m2/repository/org/apache/hadoop/hadoop-kms/3.2.0/hadoop-kms-3.2.0.jar:/home/user/.m2/repository/org/apache/hadoop/hadoop-auth/3.2.0/hadoop-auth-3.2.0.jar:/home/user/.m2/repository/com/nimbusds/nimbus-jose-jwt/4.41.1/nimbus-jose-jwt-4.41.1.jar:/home/user/.m2/repository/com/github/stephenc/jcip/jcip-annotations/1.0-1/jcip-annotations-1.0-1.jar:/home/user/.m2/repository/net/minidev/json-smart/2.3/json-smart-2.3.jar:/home/user/.m2/repository/net/minidev/accessors-smart/1.2/accessors-smart-1.2.jar:/home/user/.m2/repository/org/ow2/asm/asm/5.0.4/asm-5.0.4.jar:/home/user/.m2/repository/org/apache/curator/curator-framework/2.12.0/curator-framework-2.12.0.jar:/home/user/.m2/repository/com/sun/jersey/jersey-core/1.19/jersey-core-1.19.jar:/home/user/.m2/repository/javax/ws/rs/jsr311-api/1.1.1/jsr311-api-1.1.1.jar:/home/user/.m2/repository/com/sun/jersey/jersey-server/1.19/jersey-server-1.19.jar:/home/user/.m2/repository/javax/servlet/javax.servlet-api/3.1.0/javax.servlet-api-3.1.0.jar:/home/user/.m2/repository/org/eclipse/jetty/jetty-server/9.3.25.v20180904/jetty-server-9.3.25.v20180904.jar:/home/user/.m2/repository/org/eclipse/jetty/jetty-http/9.3.25.v20180904/jetty-http-9.3.25.v20180904.jar:/home/user/.m2/repository/org/eclipse/jetty/jetty-io/9.3.25.v20180904/jetty-io-9.3.25.v20180904.jar:/home/user/.m2/repository/org/eclipse/jetty/jetty-webapp/9.3.25.v20180904/jetty-webapp-9.3.25.v20180904.jar:/home/user/.m2/repository/org/eclipse/jetty/jetty-xml/9.3.25.v20180904/jetty-xml-9.3.25.v20180904.jar:/home/user/.m2/repository/log4j/log4j/1.2.17/log4j-1.2.17.jar:/home/user/.m2/repository/org/slf4j/slf4j-api/1.7.25/slf4j-api-1.7.25.jar:/home/user/.m2/repository/org/slf4j/jul-to-slf4j/1.7.25/jul-to-slf4j-1.7.25.jar:/home/user/.m2/repository/org/eclipse/jetty/jetty-util/9.3.25.v20180904/jetty-util-9.3.25.v20180904.jar:/home/user/.m2/repository/com/fasterxml/jackson/core/jackson-databind/2.9.9/jackson-databind-2.9.9.jar:/home/user/.m2/repository/org/apache/hadoop/hadoop-kms/3.2.0/hadoop-kms-3.2.0-tests.jar:/home/user/.m2/repository/org/apache/hadoop/hadoop-hdds-server-scm/0.5.0-SNAPSHOT/hadoop-hdds-server-scm-0.5.0-SNAPSHOT-tests.jar:/home/user/.m2/repository/org/apache/hadoop/hadoop-hdds-container-service/0.5.0-SNAPSHOT/hadoop-hdds-container-service-0.5.0-SNAPSHOT-tests.jar:/home/user/.m2/repository/org/yaml/snakeyaml/1.16/snakeyaml-1.16.jar:/home/user/.m2/repository/org/apache/hadoop/hadoop-common/3.2.0/hadoop-common-3.2.0-tests.jar:/home/user/.m2/repository/org/apache/hadoop/hadoop-annotations/3.2.0/hadoop-annotations-3.2.0.jar:/usr/lib/jvm/java-1.8.0-openjdk-1.8.0.222.b10-1.el7_7.x86_64/jre/../lib/tools.jar:/home/user/.m2/repository/commons-cli/commons-cli/1.2/commons-cli-1.2.jar:/home/user/.m2/repository/org/apache/httpcomponents/httpclient/4.5.2/httpclient-4.5.2.jar:/home/user/.m2/repository/org/apache/httpcomponents/httpcore/4.4.4/httpcore-4.4.4.jar:/home/user/.m2/repository/commons-codec/commons-codec/1.11/commons-codec-1.11.jar:/home/user/.m2/repository/commons-net/commons-net/3.6/commons-net-3.6.jar:/home/user/.m2/repository/commons-collections/commons-collections/3.2.2/commons-collections-3.2.2.jar:/home/user/.m2/repository/org/eclipse/jetty/jetty-servlet/9.3.25.v20180904/jetty-servlet-9.3.25.v20180904.jar:/home/user/.m2/repository/org/eclipse/jetty/jetty-security/9.3.25.v20180904/jetty-security-9.3.25.v20180904.jar:/home/user/.m2/repository/javax/servlet/jsp/jsp-api/2.1/jsp-api-2.1.jar:/home/user/.m2/repository/com/sun/jersey/jersey-servlet/1.19/jersey-servlet-1.19.jar:/home/user/.m2/repository/com/sun/jersey/jersey-json/1.19/jersey-json-1.19.jar:/home/user/.m2/repository/org/codehaus/jettison/jettison/1.1/jettison-1.1.jar:/home/user/.m2/repository/org/codehaus/jackson/jackson-core-asl/1.9.13/jackson-core-asl-1.9.13.jar:/home/user/.m2/repository/org/codehaus/jackson/jackson-mapper-asl/1.9.13/jackson-mapper-asl-1.9.13.jar:/home/user/.m2/repository/org/codehaus/jackson/jackson-jaxrs/1.9.13/jackson-jaxrs-1.9.13.jar:/home/user/.m2/repository/org/codehaus/jackson/jackson-xc/1.9.13/jackson-xc-1.9.13.jar:/home/user/.m2/repository/commons-logging/commons-logging/1.1.3/commons-logging-1.1.3.jar:/home/user/.m2/repository/commons-beanutils/commons-beanutils/1.9.4/commons-beanutils-1.9.4.jar:/home/user/.m2/repository/org/apache/commons/commons-configuration2/2.1.1/commons-configuration2-2.1.1.jar:/home/user/.m2/repository/org/apache/commons/commons-lang3/3.7/commons-lang3-3.7.jar:/home/user/.m2/repository/org/apache/commons/commons-text/1.4/commons-text-1.4.jar:/home/user/.m2/repository/org/apache/avro/avro/1.7.7/avro-1.7.7.jar:/home/user/.m2/repository/com/thoughtworks/paranamer/paranamer/2.3/paranamer-2.3.jar:/home/user/.m2/repository/org/xerial/snappy/snappy-java/1.0.5/snappy-java-1.0.5.jar:/home/user/.m2/repository/com/google/re2j/re2j/1.1/re2j-1.1.jar:/home/user/.m2/repository/com/google/code/gson/gson/2.2.4/gson-2.2.4.jar:/home/user/.m2/repository/com/jcraft/jsch/0.1.54/jsch-0.1.54.jar:/home/user/.m2/repository/org/apache/curator/curator-client/2.12.0/curator-client-2.12.0.jar:/home/user/.m2/repository/org/apache/curator/curator-recipes/2.12.0/curator-recipes-2.12.0.jar:/home/user/.m2/repository/com/google/code/findbugs/jsr305/3.0.0/jsr305-3.0.0.jar:/home/user/.m2/repository/org/apache/htrace/htrace-core4/4.1.0-incubating/htrace-core4-4.1.0-incubating.jar:/home/user/.m2/repository/org/apache/zookeeper/zookeeper/3.4.13/zookeeper-3.4.13.jar:/home/user/.m2/repository/jline/jline/0.9.94/jline-0.9.94.jar:/home/user/.m2/repository/org/apache/yetus/audience-annotations/0.5.0/audience-annotations-0.5.0.jar:/home/user/.m2/repository/org/codehaus/woodstox/stax2-api/3.1.4/stax2-api-3.1.4.jar:/home/user/.m2/repository/com/fasterxml/woodstox/woodstox-core/5.0.3/woodstox-core-5.0.3.jar:/home/user/.m2/repository/dnsjava/dnsjava/2.1.7/dnsjava-2.1.7.jar:/home/user/.m2/repository/org/apache/hadoop/hadoop-hdfs/3.2.0/hadoop-hdfs-3.2.0-tests.jar:/home/user/.m2/repository/org/eclipse/jetty/jetty-util-ajax/9.3.25.v20180904/jetty-util-ajax-9.3.25.v20180904.jar:/home/user/.m2/repository/commons-daemon/commons-daemon/1.0.13/commons-daemon-1.0.13.jar:/home/user/.m2/repository/io/netty/netty/3.10.5.Final/netty-3.10.5.Final.jar:/home/user/.m2/repository/io/netty/netty-all/4.0.52.Final/netty-all-4.0.52.Final.jar:/home/user/.m2/repository/org/fusesource/leveldbjni/leveldbjni-all/1.8/leveldbjni-all-1.8.jar:"/>
    <property name="java.vm.vendor" value="Oracle Corporation"/>
    <property name="sun.arch.data.model" value="64"/>
    <property name="test.build.dir" value="/workdir/hadoop-ozone/integration-test/target/test-dir"/>
    <property name="test.cache.data" value=""/>
    <property name="java.vendor.url" value="http://java.oracle.com/"/>
    <property name="user.timezone" value=""/>
    <property name="java.vm.specification.version" value="1.8"/>
    <property name="os.name" value="Linux"/>
    <property name="test.build.data" value="/workdir/hadoop-ozone/integration-test/target/test-dir"/>
    <property name="user.country" value="US"/>
    <property name="sun.java.launcher" value="SUN_STANDARD"/>
    <property name="sun.boot.library.path" value="/usr/lib/jvm/java-1.8.0-openjdk-1.8.0.222.b10-1.el7_7.x86_64/jre/lib/amd64"/>
    <property name="sun.java.command" value="/workdir/hadoop-ozone/integration-test/target/surefire/surefirebooter8795351392202752750.jar /workdir/hadoop-ozone/integration-test/target/surefire 2019-11-15T23-28-50_543-jvmRun1 surefire5239123417931874746tmp surefire_204381532545641117973tmp"/>
    <property name="surefire.test.class.path" value="/workdir/hadoop-ozone/integration-test/target/test-classes:/workdir/hadoop-ozone/integration-test/target/classes:/home/user/.m2/repository/org/apache/hadoop/hadoop-ozone-common/0.5.0-SNAPSHOT/hadoop-ozone-common-0.5.0-SNAPSHOT.jar:/home/user/.m2/repository/org/apache/commons/commons-compress/1.4.1/commons-compress-1.4.1.jar:/home/user/.m2/repository/org/tukaani/xz/1.0/xz-1.0.jar:/home/user/.m2/repository/org/apache/hadoop/hadoop-common/3.2.0/hadoop-common-3.2.0.jar:/home/user/.m2/repository/org/apache/hadoop/hadoop-hdfs/3.2.0/hadoop-hdfs-3.2.0.jar:/home/user/.m2/repository/org/apache/hadoop/hadoop-hdfs-client/3.2.0/hadoop-hdfs-client-3.2.0.jar:/home/user/.m2/repository/com/fasterxml/jackson/core/jackson-annotations/2.9.9/jackson-annotations-2.9.9.jar:/home/user/.m2/repository/org/apache/hadoop/hadoop-hdds-common/0.5.0-SNAPSHOT/hadoop-hdds-common-0.5.0-SNAPSHOT.jar:/home/user/.m2/repository/javax/annotation/javax.annotation-api/1.2/javax.annotation-api-1.2.jar:/home/user/.m2/repository/org/apache/ratis/ratis-server/0.5.0-d6d58d0-SNAPSHOT/ratis-server-0.5.0-d6d58d0-SNAPSHOT.jar:/home/user/.m2/repository/org/apache/ratis/ratis-thirdparty-misc/0.2.0/ratis-thirdparty-misc-0.2.0.jar:/home/user/.m2/repository/org/apache/ratis/ratis-proto/0.5.0-d6d58d0-SNAPSHOT/ratis-proto-0.5.0-d6d58d0-SNAPSHOT.jar:/home/user/.m2/repository/org/apache/ratis/ratis-common/0.5.0-d6d58d0-SNAPSHOT/ratis-common-0.5.0-d6d58d0-SNAPSHOT.jar:/home/user/.m2/repository/org/apache/ratis/ratis-client/0.5.0-d6d58d0-SNAPSHOT/ratis-client-0.5.0-d6d58d0-SNAPSHOT.jar:/home/user/.m2/repository/org/apache/ratis/ratis-metrics/0.5.0-d6d58d0-SNAPSHOT/ratis-metrics-0.5.0-d6d58d0-SNAPSHOT.jar:/home/user/.m2/repository/org/apache/ratis/ratis-netty/0.5.0-d6d58d0-SNAPSHOT/ratis-netty-0.5.0-d6d58d0-SNAPSHOT.jar:/home/user/.m2/repository/org/apache/ratis/ratis-grpc/0.5.0-d6d58d0-SNAPSHOT/ratis-grpc-0.5.0-d6d58d0-SNAPSHOT.jar:/home/user/.m2/repository/org/rocksdb/rocksdbjni/6.0.1/rocksdbjni-6.0.1.jar:/home/user/.m2/repository/org/apache/logging/log4j/log4j-api/2.11.0/log4j-api-2.11.0.jar:/home/user/.m2/repository/org/apache/logging/log4j/log4j-core/2.11.0/log4j-core-2.11.0.jar:/home/user/.m2/repository/com/lmax/disruptor/3.4.2/disruptor-3.4.2.jar:/home/user/.m2/repository/org/apache/commons/commons-pool2/2.6.0/commons-pool2-2.6.0.jar:/home/user/.m2/repository/org/bouncycastle/bcpkix-jdk15on/1.60/bcpkix-jdk15on-1.60.jar:/home/user/.m2/repository/commons-validator/commons-validator/1.6/commons-validator-1.6.jar:/home/user/.m2/repository/commons-digester/commons-digester/1.8.1/commons-digester-1.8.1.jar:/home/user/.m2/repository/io/jaegertracing/jaeger-client/0.34.0/jaeger-client-0.34.0.jar:/home/user/.m2/repository/io/jaegertracing/jaeger-thrift/0.34.0/jaeger-thrift-0.34.0.jar:/home/user/.m2/repository/org/apache/thrift/libthrift/0.12.0/libthrift-0.12.0.jar:/home/user/.m2/repository/com/squareup/okhttp3/okhttp/3.9.0/okhttp-3.9.0.jar:/home/user/.m2/repository/com/squareup/okio/okio/1.13.0/okio-1.13.0.jar:/home/user/.m2/repository/io/jaegertracing/jaeger-core/0.34.0/jaeger-core-0.34.0.jar:/home/user/.m2/repository/io/jaegertracing/jaeger-tracerresolver/0.34.0/jaeger-tracerresolver-0.34.0.jar:/home/user/.m2/repository/io/opentracing/contrib/opentracing-tracerresolver/0.1.5/opentracing-tracerresolver-0.1.5.jar:/home/user/.m2/repository/io/opentracing/opentracing-util/0.31.0/opentracing-util-0.31.0.jar:/home/user/.m2/repository/io/opentracing/opentracing-api/0.31.0/opentracing-api-0.31.0.jar:/home/user/.m2/repository/io/opentracing/opentracing-noop/0.31.0/opentracing-noop-0.31.0.jar:/home/user/.m2/repository/org/apache/hadoop/hadoop-hdds-server-framework/0.5.0-SNAPSHOT/hadoop-hdds-server-framework-0.5.0-SNAPSHOT.jar:/home/user/.m2/repository/org/apache/hadoop/hadoop-hdds-container-service/0.5.0-SNAPSHOT/hadoop-hdds-container-service-0.5.0-SNAPSHOT.jar:/home/user/.m2/repository/org/apache/hadoop/hadoop-hdds-client/0.5.0-SNAPSHOT/hadoop-hdds-client-0.5.0-SNAPSHOT.jar:/home/user/.m2/repository/org/apache/hadoop/hadoop-hdds-tools/0.5.0-SNAPSHOT/hadoop-hdds-tools-0.5.0-SNAPSHOT.jar:/home/user/.m2/repository/org/apache/hadoop/hadoop-hdds-server-scm/0.5.0-SNAPSHOT/hadoop-hdds-server-scm-0.5.0-SNAPSHOT.jar:/home/user/.m2/repository/org/apache/hadoop/hadoop-hdds-docs/0.5.0-SNAPSHOT/hadoop-hdds-docs-0.5.0-SNAPSHOT.jar:/home/user/.m2/repository/io/dropwizard/metrics/metrics-core/3.2.4/metrics-core-3.2.4.jar:/home/user/.m2/repository/org/hamcrest/hamcrest-all/1.3/hamcrest-all-1.3.jar:/home/user/.m2/repository/org/bouncycastle/bcprov-jdk15on/1.60/bcprov-jdk15on-1.60.jar:/home/user/.m2/repository/info/picocli/picocli/3.9.6/picocli-3.9.6.jar:/home/user/.m2/repository/com/google/protobuf/protobuf-java/2.5.0/protobuf-java-2.5.0.jar:/home/user/.m2/repository/com/google/guava/guava/11.0.2/guava-11.0.2.jar:/home/user/.m2/repository/org/apache/hadoop/hadoop-ozone-ozone-manager/0.5.0-SNAPSHOT/hadoop-ozone-ozone-manager-0.5.0-SNAPSHOT.jar:/home/user/.m2/repository/org/apache/hadoop/hadoop-minikdc/3.2.0/hadoop-minikdc-3.2.0.jar:/home/user/.m2/repository/commons-io/commons-io/2.5/commons-io-2.5.jar:/home/user/.m2/repository/org/apache/kerby/kerb-simplekdc/1.0.1/kerb-simplekdc-1.0.1.jar:/home/user/.m2/repository/org/apache/kerby/kerb-client/1.0.1/kerb-client-1.0.1.jar:/home/user/.m2/repository/org/apache/kerby/kerby-config/1.0.1/kerby-config-1.0.1.jar:/home/user/.m2/repository/org/apache/kerby/kerb-core/1.0.1/kerb-core-1.0.1.jar:/home/user/.m2/repository/org/apache/kerby/kerby-pkix/1.0.1/kerby-pkix-1.0.1.jar:/home/user/.m2/repository/org/apache/kerby/kerby-asn1/1.0.1/kerby-asn1-1.0.1.jar:/home/user/.m2/repository/org/apache/kerby/kerby-util/1.0.1/kerby-util-1.0.1.jar:/home/user/.m2/repository/org/apache/kerby/kerb-common/1.0.1/kerb-common-1.0.1.jar:/home/user/.m2/repository/org/apache/kerby/kerb-crypto/1.0.1/kerb-crypto-1.0.1.jar:/home/user/.m2/repository/org/apache/kerby/kerb-util/1.0.1/kerb-util-1.0.1.jar:/home/user/.m2/repository/org/apache/kerby/token-provider/1.0.1/token-provider-1.0.1.jar:/home/user/.m2/repository/org/apache/kerby/kerb-admin/1.0.1/kerb-admin-1.0.1.jar:/home/user/.m2/repository/org/apache/kerby/kerb-server/1.0.1/kerb-server-1.0.1.jar:/home/user/.m2/repository/org/apache/kerby/kerb-identity/1.0.1/kerb-identity-1.0.1.jar:/home/user/.m2/repository/org/apache/kerby/kerby-xdr/1.0.1/kerby-xdr-1.0.1.jar:/home/user/.m2/repository/org/slf4j/slf4j-log4j12/1.7.25/slf4j-log4j12-1.7.25.jar:/home/user/.m2/repository/org/apache/hadoop/hadoop-ozone-s3gateway/0.5.0-SNAPSHOT/hadoop-ozone-s3gateway-0.5.0-SNAPSHOT.jar:/home/user/.m2/repository/org/jboss/weld/servlet/weld-servlet/2.4.7.Final/weld-servlet-2.4.7.Final.jar:/home/user/.m2/repository/org/glassfish/jersey/containers/jersey-container-servlet-core/2.27/jersey-container-servlet-core-2.27.jar:/home/user/.m2/repository/org/glassfish/hk2/external/javax.inject/2.5.0-b42/javax.inject-2.5.0-b42.jar:/home/user/.m2/repository/org/glassfish/jersey/core/jersey-common/2.27/jersey-common-2.27.jar:/home/user/.m2/repository/org/glassfish/hk2/osgi-resource-locator/1.0.1/osgi-resource-locator-1.0.1.jar:/home/user/.m2/repository/javax/ws/rs/javax.ws.rs-api/2.1/javax.ws.rs-api-2.1.jar:/home/user/.m2/repository/org/glassfish/jersey/ext/cdi/jersey-cdi1x/2.27/jersey-cdi1x-2.27.jar:/home/user/.m2/repository/org/glassfish/jersey/inject/jersey-hk2/2.27/jersey-hk2-2.27.jar:/home/user/.m2/repository/org/glassfish/hk2/hk2-locator/2.5.0-b42/hk2-locator-2.5.0-b42.jar:/home/user/.m2/repository/org/javassist/javassist/3.22.0-CR2/javassist-3.22.0-CR2.jar:/home/user/.m2/repository/org/glassfish/hk2/hk2-api/2.5.0/hk2-api-2.5.0.jar:/home/user/.m2/repository/org/glassfish/hk2/external/jakarta.inject/2.5.0/jakarta.inject-2.5.0.jar:/home/user/.m2/repository/org/glassfish/hk2/hk2-utils/2.5.0/hk2-utils-2.5.0.jar:/home/user/.m2/repository/jakarta/annotation/jakarta.annotation-api/1.3.4/jakarta.annotation-api-1.3.4.jar:/home/user/.m2/repository/org/glassfish/hk2/external/aopalliance-repackaged/2.5.0/aopalliance-repackaged-2.5.0.jar:/home/user/.m2/repository/com/fasterxml/jackson/dataformat/jackson-dataformat-xml/2.9.0/jackson-dataformat-xml-2.9.0.jar:/home/user/.m2/repository/com/fasterxml/jackson/core/jackson-core/2.9.9/jackson-core-2.9.9.jar:/home/user/.m2/repository/com/fasterxml/jackson/module/jackson-module-jaxb-annotations/2.9.9/jackson-module-jaxb-annotations-2.9.9.jar:/home/user/.m2/repository/javax/enterprise/cdi-api/1.2/cdi-api-1.2.jar:/home/user/.m2/repository/javax/el/javax.el-api/3.0.0/javax.el-api-3.0.0.jar:/home/user/.m2/repository/javax/interceptor/javax.interceptor-api/1.2/javax.interceptor-api-1.2.jar:/home/user/.m2/repository/javax/inject/javax.inject/1/javax.inject-1.jar:/home/user/.m2/repository/com/sun/xml/bind/jaxb-impl/2.3.0.1/jaxb-impl-2.3.0.1.jar:/home/user/.m2/repository/com/sun/xml/bind/jaxb-core/2.3.0.1/jaxb-core-2.3.0.1.jar:/home/user/.m2/repository/javax/xml/bind/jaxb-api/2.3.0/jaxb-api-2.3.0.jar:/home/user/.m2/repository/javax/activation/activation/1.1.1/activation-1.1.1.jar:/home/user/.m2/repository/org/apache/hadoop/hadoop-ozone-csi/0.5.0-SNAPSHOT/hadoop-ozone-csi-0.5.0-SNAPSHOT.jar:/home/user/.m2/repository/com/google/protobuf/protobuf-java-util/3.5.1/protobuf-java-util-3.5.1.jar:/home/user/.m2/repository/org/apache/hadoop/hadoop-hdds-config/0.5.0-SNAPSHOT/hadoop-hdds-config-0.5.0-SNAPSHOT.jar:/home/user/.m2/repository/io/grpc/grpc-netty/1.17.1/grpc-netty-1.17.1.jar:/home/user/.m2/repository/io/grpc/grpc-core/1.17.1/grpc-core-1.17.1.jar:/home/user/.m2/repository/io/grpc/grpc-context/1.17.1/grpc-context-1.17.1.jar:/home/user/.m2/repository/com/google/errorprone/error_prone_annotations/2.2.0/error_prone_annotations-2.2.0.jar:/home/user/.m2/repository/org/codehaus/mojo/animal-sniffer-annotations/1.17/animal-sniffer-annotations-1.17.jar:/home/user/.m2/repository/io/opencensus/opencensus-api/0.17.0/opencensus-api-0.17.0.jar:/home/user/.m2/repository/io/opencensus/opencensus-contrib-grpc-metrics/0.17.0/opencensus-contrib-grpc-metrics-0.17.0.jar:/home/user/.m2/repository/io/netty/netty-codec-http2/4.1.30.Final/netty-codec-http2-4.1.30.Final.jar:/home/user/.m2/repository/io/netty/netty-codec-http/4.1.30.Final/netty-codec-http-4.1.30.Final.jar:/home/user/.m2/repository/io/netty/netty-codec/4.1.30.Final/netty-codec-4.1.30.Final.jar:/home/user/.m2/repository/io/netty/netty-handler/4.1.30.Final/netty-handler-4.1.30.Final.jar:/home/user/.m2/repository/io/netty/netty-handler-proxy/4.1.30.Final/netty-handler-proxy-4.1.30.Final.jar:/home/user/.m2/repository/io/netty/netty-codec-socks/4.1.30.Final/netty-codec-socks-4.1.30.Final.jar:/home/user/.m2/repository/io/netty/netty-transport-native-epoll/4.1.30.Final/netty-transport-native-epoll-4.1.30.Final.jar:/home/user/.m2/repository/io/netty/netty-common/4.1.30.Final/netty-common-4.1.30.Final.jar:/home/user/.m2/repository/io/netty/netty-buffer/4.1.30.Final/netty-buffer-4.1.30.Final.jar:/home/user/.m2/repository/io/netty/netty-transport/4.1.30.Final/netty-transport-4.1.30.Final.jar:/home/user/.m2/repository/io/netty/netty-resolver/4.1.30.Final/netty-resolver-4.1.30.Final.jar:/home/user/.m2/repository/io/netty/netty-transport-native-unix-common/4.1.30.Final/netty-transport-native-unix-common-4.1.30.Final.jar:/home/user/.m2/repository/io/grpc/grpc-protobuf/1.17.1/grpc-protobuf-1.17.1.jar:/home/user/.m2/repository/com/google/api/grpc/proto-google-common-protos/1.0.0/proto-google-common-protos-1.0.0.jar:/home/user/.m2/repository/io/grpc/grpc-protobuf-lite/1.17.1/grpc-protobuf-lite-1.17.1.jar:/home/user/.m2/repository/io/grpc/grpc-stub/1.17.1/grpc-stub-1.17.1.jar:/home/user/.m2/repository/org/apache/hadoop/hadoop-ozone-recon/0.5.0-SNAPSHOT/hadoop-ozone-recon-0.5.0-SNAPSHOT.jar:/home/user/.m2/repository/org/apache/hadoop/hadoop-ozone-reconcodegen/0.5.0-SNAPSHOT/hadoop-ozone-reconcodegen-0.5.0-SNAPSHOT.jar:/home/user/.m2/repository/com/google/inject/extensions/guice-multibindings/4.0/guice-multibindings-4.0.jar:/home/user/.m2/repository/com/google/inject/guice/4.0/guice-4.0.jar:/home/user/.m2/repository/aopalliance/aopalliance/1.0/aopalliance-1.0.jar:/home/user/.m2/repository/com/google/inject/extensions/guice-servlet/4.0/guice-servlet-4.0.jar:/home/user/.m2/repository/org/glassfish/jersey/containers/jersey-container-servlet/2.27/jersey-container-servlet-2.27.jar:/home/user/.m2/repository/org/glassfish/hk2/guice-bridge/2.5.0/guice-bridge-2.5.0.jar:/home/user/.m2/repository/org/glassfish/jersey/core/jersey-server/2.27/jersey-server-2.27.jar:/home/user/.m2/repository/org/glassfish/jersey/core/jersey-client/2.27/jersey-client-2.27.jar:/home/user/.m2/repository/org/glassfish/jersey/media/jersey-media-jaxb/2.27/jersey-media-jaxb-2.27.jar:/home/user/.m2/repository/javax/validation/validation-api/1.1.0.Final/validation-api-1.1.0.Final.jar:/home/user/.m2/repository/org/glassfish/jersey/media/jersey-media-json-jackson/2.27/jersey-media-json-jackson-2.27.jar:/home/user/.m2/repository/org/glassfish/jersey/ext/jersey-entity-filtering/2.27/jersey-entity-filtering-2.27.jar:/home/user/.m2/repository/com/google/inject/extensions/guice-assistedinject/4.0/guice-assistedinject-4.0.jar:/home/user/.m2/repository/org/jooq/jooq/3.11.10/jooq-3.11.10.jar:/home/user/.m2/repository/org/jooq/jooq-meta/3.11.10/jooq-meta-3.11.10.jar:/home/user/.m2/repository/org/jooq/jooq-codegen/3.11.10/jooq-codegen-3.11.10.jar:/home/user/.m2/repository/com/jolbox/bonecp/0.8.0.RELEASE/bonecp-0.8.0.RELEASE.jar:/home/user/.m2/repository/org/xerial/sqlite-jdbc/3.25.2/sqlite-jdbc-3.25.2.jar:/home/user/.m2/repository/org/springframework/spring-jdbc/5.1.3.RELEASE/spring-jdbc-5.1.3.RELEASE.jar:/home/user/.m2/repository/org/springframework/spring-beans/5.1.3.RELEASE/spring-beans-5.1.3.RELEASE.jar:/home/user/.m2/repository/org/springframework/spring-core/5.1.3.RELEASE/spring-core-5.1.3.RELEASE.jar:/home/user/.m2/repository/org/springframework/spring-jcl/5.1.3.RELEASE/spring-jcl-5.1.3.RELEASE.jar:/home/user/.m2/repository/org/springframework/spring-tx/5.1.3.RELEASE/spring-tx-5.1.3.RELEASE.jar:/home/user/.m2/repository/org/apache/hadoop/hadoop-ozone-client/0.5.0-SNAPSHOT/hadoop-ozone-client-0.5.0-SNAPSHOT.jar:/home/user/.m2/repository/commons-lang/commons-lang/2.6/commons-lang-2.6.jar:/home/user/.m2/repository/org/apache/hadoop/hadoop-ozone-ozone-manager/0.5.0-SNAPSHOT/hadoop-ozone-ozone-manager-0.5.0-SNAPSHOT-tests.jar:/home/user/.m2/repository/junit/junit/4.11/junit-4.11.jar:/home/user/.m2/repository/org/hamcrest/hamcrest-core/1.3/hamcrest-core-1.3.jar:/home/user/.m2/repository/org/openjdk/jmh/jmh-core/1.19/jmh-core-1.19.jar:/home/user/.m2/repository/net/sf/jopt-simple/jopt-simple/4.6/jopt-simple-4.6.jar:/home/user/.m2/repository/org/apache/commons/commons-math3/3.1.1/commons-math3-3.1.1.jar:/home/user/.m2/repository/org/openjdk/jmh/jmh-generator-annprocess/1.19/jmh-generator-annprocess-1.19.jar:/home/user/.m2/repository/org/mockito/mockito-all/1.8.5/mockito-all-1.8.5.jar:/home/user/.m2/repository/org/apache/hadoop/hadoop-kms/3.2.0/hadoop-kms-3.2.0.jar:/home/user/.m2/repository/org/apache/hadoop/hadoop-auth/3.2.0/hadoop-auth-3.2.0.jar:/home/user/.m2/repository/com/nimbusds/nimbus-jose-jwt/4.41.1/nimbus-jose-jwt-4.41.1.jar:/home/user/.m2/repository/com/github/stephenc/jcip/jcip-annotations/1.0-1/jcip-annotations-1.0-1.jar:/home/user/.m2/repository/net/minidev/json-smart/2.3/json-smart-2.3.jar:/home/user/.m2/repository/net/minidev/accessors-smart/1.2/accessors-smart-1.2.jar:/home/user/.m2/repository/org/ow2/asm/asm/5.0.4/asm-5.0.4.jar:/home/user/.m2/repository/org/apache/curator/curator-framework/2.12.0/curator-framework-2.12.0.jar:/home/user/.m2/repository/com/sun/jersey/jersey-core/1.19/jersey-core-1.19.jar:/home/user/.m2/repository/javax/ws/rs/jsr311-api/1.1.1/jsr311-api-1.1.1.jar:/home/user/.m2/repository/com/sun/jersey/jersey-server/1.19/jersey-server-1.19.jar:/home/user/.m2/repository/javax/servlet/javax.servlet-api/3.1.0/javax.servlet-api-3.1.0.jar:/home/user/.m2/repository/org/eclipse/jetty/jetty-server/9.3.25.v20180904/jetty-server-9.3.25.v20180904.jar:/home/user/.m2/repository/org/eclipse/jetty/jetty-http/9.3.25.v20180904/jetty-http-9.3.25.v20180904.jar:/home/user/.m2/repository/org/eclipse/jetty/jetty-io/9.3.25.v20180904/jetty-io-9.3.25.v20180904.jar:/home/user/.m2/repository/org/eclipse/jetty/jetty-webapp/9.3.25.v20180904/jetty-webapp-9.3.25.v20180904.jar:/home/user/.m2/repository/org/eclipse/jetty/jetty-xml/9.3.25.v20180904/jetty-xml-9.3.25.v20180904.jar:/home/user/.m2/repository/log4j/log4j/1.2.17/log4j-1.2.17.jar:/home/user/.m2/repository/org/slf4j/slf4j-api/1.7.25/slf4j-api-1.7.25.jar:/home/user/.m2/repository/org/slf4j/jul-to-slf4j/1.7.25/jul-to-slf4j-1.7.25.jar:/home/user/.m2/repository/org/eclipse/jetty/jetty-util/9.3.25.v20180904/jetty-util-9.3.25.v20180904.jar:/home/user/.m2/repository/com/fasterxml/jackson/core/jackson-databind/2.9.9/jackson-databind-2.9.9.jar:/home/user/.m2/repository/org/apache/hadoop/hadoop-kms/3.2.0/hadoop-kms-3.2.0-tests.jar:/home/user/.m2/repository/org/apache/hadoop/hadoop-hdds-server-scm/0.5.0-SNAPSHOT/hadoop-hdds-server-scm-0.5.0-SNAPSHOT-tests.jar:/home/user/.m2/repository/org/apache/hadoop/hadoop-hdds-container-service/0.5.0-SNAPSHOT/hadoop-hdds-container-service-0.5.0-SNAPSHOT-tests.jar:/home/user/.m2/repository/org/yaml/snakeyaml/1.16/snakeyaml-1.16.jar:/home/user/.m2/repository/org/apache/hadoop/hadoop-common/3.2.0/hadoop-common-3.2.0-tests.jar:/home/user/.m2/repository/org/apache/hadoop/hadoop-annotations/3.2.0/hadoop-annotations-3.2.0.jar:/usr/lib/jvm/java-1.8.0-openjdk-1.8.0.222.b10-1.el7_7.x86_64/jre/../lib/tools.jar:/home/user/.m2/repository/commons-cli/commons-cli/1.2/commons-cli-1.2.jar:/home/user/.m2/repository/org/apache/httpcomponents/httpclient/4.5.2/httpclient-4.5.2.jar:/home/user/.m2/repository/org/apache/httpcomponents/httpcore/4.4.4/httpcore-4.4.4.jar:/home/user/.m2/repository/commons-codec/commons-codec/1.11/commons-codec-1.11.jar:/home/user/.m2/repository/commons-net/commons-net/3.6/commons-net-3.6.jar:/home/user/.m2/repository/commons-collections/commons-collections/3.2.2/commons-collections-3.2.2.jar:/home/user/.m2/repository/org/eclipse/jetty/jetty-servlet/9.3.25.v20180904/jetty-servlet-9.3.25.v20180904.jar:/home/user/.m2/repository/org/eclipse/jetty/jetty-security/9.3.25.v20180904/jetty-security-9.3.25.v20180904.jar:/home/user/.m2/repository/javax/servlet/jsp/jsp-api/2.1/jsp-api-2.1.jar:/home/user/.m2/repository/com/sun/jersey/jersey-servlet/1.19/jersey-servlet-1.19.jar:/home/user/.m2/repository/com/sun/jersey/jersey-json/1.19/jersey-json-1.19.jar:/home/user/.m2/repository/org/codehaus/jettison/jettison/1.1/jettison-1.1.jar:/home/user/.m2/repository/org/codehaus/jackson/jackson-core-asl/1.9.13/jackson-core-asl-1.9.13.jar:/home/user/.m2/repository/org/codehaus/jackson/jackson-mapper-asl/1.9.13/jackson-mapper-asl-1.9.13.jar:/home/user/.m2/repository/org/codehaus/jackson/jackson-jaxrs/1.9.13/jackson-jaxrs-1.9.13.jar:/home/user/.m2/repository/org/codehaus/jackson/jackson-xc/1.9.13/jackson-xc-1.9.13.jar:/home/user/.m2/repository/commons-logging/commons-logging/1.1.3/commons-logging-1.1.3.jar:/home/user/.m2/repository/commons-beanutils/commons-beanutils/1.9.4/commons-beanutils-1.9.4.jar:/home/user/.m2/repository/org/apache/commons/commons-configuration2/2.1.1/commons-configuration2-2.1.1.jar:/home/user/.m2/repository/org/apache/commons/commons-lang3/3.7/commons-lang3-3.7.jar:/home/user/.m2/repository/org/apache/commons/commons-text/1.4/commons-text-1.4.jar:/home/user/.m2/repository/org/apache/avro/avro/1.7.7/avro-1.7.7.jar:/home/user/.m2/repository/com/thoughtworks/paranamer/paranamer/2.3/paranamer-2.3.jar:/home/user/.m2/repository/org/xerial/snappy/snappy-java/1.0.5/snappy-java-1.0.5.jar:/home/user/.m2/repository/com/google/re2j/re2j/1.1/re2j-1.1.jar:/home/user/.m2/repository/com/google/code/gson/gson/2.2.4/gson-2.2.4.jar:/home/user/.m2/repository/com/jcraft/jsch/0.1.54/jsch-0.1.54.jar:/home/user/.m2/repository/org/apache/curator/curator-client/2.12.0/curator-client-2.12.0.jar:/home/user/.m2/repository/org/apache/curator/curator-recipes/2.12.0/curator-recipes-2.12.0.jar:/home/user/.m2/repository/com/google/code/findbugs/jsr305/3.0.0/jsr305-3.0.0.jar:/home/user/.m2/repository/org/apache/htrace/htrace-core4/4.1.0-incubating/htrace-core4-4.1.0-incubating.jar:/home/user/.m2/repository/org/apache/zookeeper/zookeeper/3.4.13/zookeeper-3.4.13.jar:/home/user/.m2/repository/jline/jline/0.9.94/jline-0.9.94.jar:/home/user/.m2/repository/org/apache/yetus/audience-annotations/0.5.0/audience-annotations-0.5.0.jar:/home/user/.m2/repository/org/codehaus/woodstox/stax2-api/3.1.4/stax2-api-3.1.4.jar:/home/user/.m2/repository/com/fasterxml/woodstox/woodstox-core/5.0.3/woodstox-core-5.0.3.jar:/home/user/.m2/repository/dnsjava/dnsjava/2.1.7/dnsjava-2.1.7.jar:/home/user/.m2/repository/org/apache/hadoop/hadoop-hdfs/3.2.0/hadoop-hdfs-3.2.0-tests.jar:/home/user/.m2/repository/org/eclipse/jetty/jetty-util-ajax/9.3.25.v20180904/jetty-util-ajax-9.3.25.v20180904.jar:/home/user/.m2/repository/commons-daemon/commons-daemon/1.0.13/commons-daemon-1.0.13.jar:/home/user/.m2/repository/io/netty/netty/3.10.5.Final/netty-3.10.5.Final.jar:/home/user/.m2/repository/io/netty/netty-all/4.0.52.Final/netty-all-4.0.52.Final.jar:/home/user/.m2/repository/org/fusesource/leveldbjni/leveldbjni-all/1.8/leveldbjni-all-1.8.jar:"/>
    <property name="sun.cpu.endian" value="little"/>
    <property name="user.home" value="/home/user"/>
    <property name="user.language" value="en"/>
    <property name="java.specification.vendor" value="Oracle Corporation"/>
    <property name="java.home" value="/usr/lib/jvm/java-1.8.0-openjdk-1.8.0.222.b10-1.el7_7.x86_64/jre"/>
    <property name="surefire.excludesFile" value="/tools/ozone-bad-unit-tests"/>
    <property name="java.security.krb5.conf" value="/workdir/hadoop-ozone/integration-test/target/test-classes/krb5.conf"/>
    <property name="basedir" value="/workdir/hadoop-ozone/integration-test"/>
    <property name="file.separator" value="/"/>
    <property name="line.separator" value="&#10;"/>
    <property name="java.vm.specification.vendor" value="Oracle Corporation"/>
    <property name="java.specification.name" value="Java Platform API Specification"/>
    <property name="java.awt.graphicsenv" value="sun.awt.X11GraphicsEnvironment"/>
    <property name="surefire.real.class.path" value="/workdir/hadoop-ozone/integration-test/target/surefire/surefirebooter8795351392202752750.jar"/>
    <property name="hadoop.log.dir" value="/workdir/hadoop-ozone/integration-test/target/log"/>
    <property name="sun.boot.class.path" value="/usr/lib/jvm/java-1.8.0-openjdk-1.8.0.222.b10-1.el7_7.x86_64/jre/lib/resources.jar:/usr/lib/jvm/java-1.8.0-openjdk-1.8.0.222.b10-1.el7_7.x86_64/jre/lib/rt.jar:/usr/lib/jvm/java-1.8.0-openjdk-1.8.0.222.b10-1.el7_7.x86_64/jre/lib/sunrsasign.jar:/usr/lib/jvm/java-1.8.0-openjdk-1.8.0.222.b10-1.el7_7.x86_64/jre/lib/jsse.jar:/usr/lib/jvm/java-1.8.0-openjdk-1.8.0.222.b10-1.el7_7.x86_64/jre/lib/jce.jar:/usr/lib/jvm/java-1.8.0-openjdk-1.8.0.222.b10-1.el7_7.x86_64/jre/lib/charsets.jar:/usr/lib/jvm/java-1.8.0-openjdk-1.8.0.222.b10-1.el7_7.x86_64/jre/lib/jfr.jar:/usr/lib/jvm/java-1.8.0-openjdk-1.8.0.222.b10-1.el7_7.x86_64/jre/classes"/>
    <property name="sun.management.compiler" value="HotSpot 64-Bit Tiered Compilers"/>
    <property name="java.runtime.version" value="1.8.0_222-b10"/>
    <property name="java.net.preferIPv4Stack" value="true"/>
    <property name="user.name" value="jenkins1000"/>
    <property name="path.separator" value=":"/>
    <property name="java.security.egd" value="file:///dev/urandom"/>
    <property name="os.version" value="3.10.0-957.12.2.el7.x86_64"/>
    <property name="java.endorsed.dirs" value="/usr/lib/jvm/java-1.8.0-openjdk-1.8.0.222.b10-1.el7_7.x86_64/jre/lib/endorsed"/>
    <property name="java.runtime.name" value="OpenJDK Runtime Environment"/>
    <property name="file.encoding" value="ANSI_X3.4-1968"/>
    <property name="java.vm.name" value="OpenJDK 64-Bit Server VM"/>
    <property name="test.build.webapps" value=""/>
    <property name="localRepository" value="/home/user/.m2/repository"/>
    <property name="java.vendor.url.bug" value="http://bugreport.sun.com/bugreport/"/>
    <property name="java.io.tmpdir" value="/tmp"/>
    <property name="require.test.libhadoop" value=""/>
    <property name="java.version" value="1.8.0_222"/>
    <property name="user.dir" value="/workdir/hadoop-ozone/integration-test"/>
    <property name="os.arch" value="amd64"/>
    <property name="java.vm.specification.name" value="Java Virtual Machine Specification"/>
    <property name="test.build.classes" value="/workdir/hadoop-ozone/integration-test/target/test-classes"/>
    <property name="java.awt.printerjob" value="sun.print.PSPrinterJob"/>
    <property name="sun.os.patch.level" value="unknown"/>
    <property name="hadoop.tmp.dir" value="/workdir/hadoop-ozone/integration-test/target/tmp"/>
    <property name="java.library.path" value="/usr/lib:/workdir/hadoop-ozone/integration-test/target/native/target/usr/local/lib:/workdir/hadoop-ozone/integration-test/../../hadoop-common-project/hadoop-common/target/native/target/usr/local/lib:/usr/java/packages/lib/amd64:/usr/lib64:/lib64:/lib:/usr/lib"/>
    <property name="java.vm.info" value="mixed mode"/>
    <property name="java.vendor" value="Oracle Corporation"/>
    <property name="java.vm.version" value="25.222-b10"/>
    <property name="java.ext.dirs" value="/usr/lib/jvm/java-1.8.0-openjdk-1.8.0.222.b10-1.el7_7.x86_64/jre/lib/ext:/usr/java/packages/lib/ext"/>
    <property name="sun.io.unicode.encoding" value="UnicodeLittle"/>
    <property name="java.class.version" value="52.0"/>
  </properties>
  <testcase name="testMultiBlockWritesWithIntermittentDnFailures" classname="org.apache.hadoop.ozone.client.rpc.TestMultiBlockWritesWithDnFailures" time="94.245"/>
  <testcase name="testMultiBlockWritesWithDnFailures" classname="org.apache.hadoop.ozone.client.rpc.TestMultiBlockWritesWithDnFailures" time="25.141">
    <error message="Allocated 0 blocks. Requested 1 blocks" type="INTERNAL_ERROR org.apache.hadoop.ozone.om.exceptions.OMException">INTERNAL_ERROR org.apache.hadoop.ozone.om.exceptions.OMException: Allocated 0 blocks. Requested 1 blocks
	at org.apache.hadoop.ozone.om.protocolPB.OzoneManagerProtocolClientSideTranslatorPB.handleError(OzoneManagerProtocolClientSideTranslatorPB.java:761)
	at org.apache.hadoop.ozone.om.protocolPB.OzoneManagerProtocolClientSideTranslatorPB.allocateBlock(OzoneManagerProtocolClientSideTranslatorPB.java:793)
	at sun.reflect.NativeMethodAccessorImpl.invoke0(Native Method)
	at sun.reflect.NativeMethodAccessorImpl.invoke(NativeMethodAccessorImpl.java:62)
	at sun.reflect.DelegatingMethodAccessorImpl.invoke(DelegatingMethodAccessorImpl.java:43)
	at java.lang.reflect.Method.invoke(Method.java:498)
	at org.apache.hadoop.hdds.tracing.TraceAllMethod.invoke(TraceAllMethod.java:66)
	at com.sun.proxy.$Proxy36.allocateBlock(Unknown Source)
	at org.apache.hadoop.ozone.client.io.BlockOutputStreamEntryPool.allocateNewBlock(BlockOutputStreamEntryPool.java:259)
	at org.apache.hadoop.ozone.client.io.BlockOutputStreamEntryPool.allocateBlockIfNeeded(BlockOutputStreamEntryPool.java:307)
	at org.apache.hadoop.ozone.client.io.KeyOutputStream.handleWrite(KeyOutputStream.java:198)
	at org.apache.hadoop.ozone.client.io.KeyOutputStream.handleRetry(KeyOutputStream.java:375)
	at org.apache.hadoop.ozone.client.io.KeyOutputStream.handleException(KeyOutputStream.java:324)
	at org.apache.hadoop.ozone.client.io.KeyOutputStream.handleWrite(KeyOutputStream.java:228)
	at org.apache.hadoop.ozone.client.io.KeyOutputStream.write(KeyOutputStream.java:190)
	at org.apache.hadoop.ozone.client.io.OzoneOutputStream.write(OzoneOutputStream.java:49)
	at java.io.OutputStream.write(OutputStream.java:75)
	at org.apache.hadoop.ozone.client.rpc.TestMultiBlockWritesWithDnFailures.testMultiBlockWritesWithDnFailures(TestMultiBlockWritesWithDnFailures.java:123)
	at sun.reflect.NativeMethodAccessorImpl.invoke0(Native Method)
	at sun.reflect.NativeMethodAccessorImpl.invoke(NativeMethodAccessorImpl.java:62)
	at sun.reflect.DelegatingMethodAccessorImpl.invoke(DelegatingMethodAccessorImpl.java:43)
	at java.lang.reflect.Method.invoke(Method.java:498)
	at org.junit.runners.model.FrameworkMethod$1.runReflectiveCall(FrameworkMethod.java:47)
	at org.junit.internal.runners.model.ReflectiveCallable.run(ReflectiveCallable.java:12)
	at org.junit.runners.model.FrameworkMethod.invokeExplosively(FrameworkMethod.java:44)
	at org.junit.internal.runners.statements.InvokeMethod.evaluate(InvokeMethod.java:17)
	at org.junit.internal.runners.statements.RunAfters.evaluate(RunAfters.java:27)
	at org.junit.runners.ParentRunner.runLeaf(ParentRunner.java:271)
	at org.junit.runners.BlockJUnit4ClassRunner.runChild(BlockJUnit4ClassRunner.java:70)
	at org.junit.runners.BlockJUnit4ClassRunner.runChild(BlockJUnit4ClassRunner.java:50)
	at org.junit.runners.ParentRunner$3.run(ParentRunner.java:238)
	at org.junit.runners.ParentRunner$1.schedule(ParentRunner.java:63)
	at org.junit.runners.ParentRunner.runChildren(ParentRunner.java:236)
	at org.junit.runners.ParentRunner.access$000(ParentRunner.java:53)
	at org.junit.runners.ParentRunner$2.evaluate(ParentRunner.java:229)
	at org.junit.runners.ParentRunner.run(ParentRunner.java:309)
	at org.apache.maven.surefire.junit4.JUnit4Provider.execute(JUnit4Provider.java:365)
	at org.apache.maven.surefire.junit4.JUnit4Provider.executeWithRerun(JUnit4Provider.java:273)
	at org.apache.maven.surefire.junit4.JUnit4Provider.executeTestSet(JUnit4Provider.java:238)
	at org.apache.maven.surefire.junit4.JUnit4Provider.invoke(JUnit4Provider.java:159)
	at org.apache.maven.surefire.booter.ForkedBooter.invokeProviderInSameClassLoader(ForkedBooter.java:384)
	at org.apache.maven.surefire.booter.ForkedBooter.runSuitesInProcess(ForkedBooter.java:345)
	at org.apache.maven.surefire.booter.ForkedBooter.execute(ForkedBooter.java:126)
	at org.apache.maven.surefire.booter.ForkedBooter.main(ForkedBooter.java:418)
</error>
    <system-out><![CDATA[2019-11-15 23:39:38,293 [main] WARN  server.ServerUtils (ServerUtils.java:getScmDbDir(145)) - ozone.scm.db.dirs is not configured. We recommend adding this setting. Falling back to ozone.metadata.dirs instead.
2019-11-15 23:39:38,323 [main] WARN  server.ServerUtils (ServerUtils.java:getScmDbDir(145)) - ozone.scm.db.dirs is not configured. We recommend adding this setting. Falling back to ozone.metadata.dirs instead.
2019-11-15 23:39:38,324 [main] WARN  server.ServerUtils (ServerUtils.java:getScmDbDir(145)) - ozone.scm.db.dirs is not configured. We recommend adding this setting. Falling back to ozone.metadata.dirs instead.
2019-11-15 23:39:38,325 [main] INFO  db.DBStoreBuilder (DBStoreBuilder.java:addTable(127)) - using custom profile for table: deletedBlocks
2019-11-15 23:39:38,325 [main] INFO  db.DBStoreBuilder (DBStoreBuilder.java:processTables(183)) - Using default column profile:DBProfile.DISK for Table:deletedBlocks
2019-11-15 23:39:38,325 [main] INFO  db.DBStoreBuilder (DBStoreBuilder.java:addTable(127)) - using custom profile for table: validCerts
2019-11-15 23:39:38,326 [main] INFO  db.DBStoreBuilder (DBStoreBuilder.java:processTables(183)) - Using default column profile:DBProfile.DISK for Table:validCerts
2019-11-15 23:39:38,326 [main] INFO  db.DBStoreBuilder (DBStoreBuilder.java:addTable(127)) - using custom profile for table: revokedCerts
2019-11-15 23:39:38,326 [main] INFO  db.DBStoreBuilder (DBStoreBuilder.java:processTables(183)) - Using default column profile:DBProfile.DISK for Table:revokedCerts
2019-11-15 23:39:38,327 [main] INFO  db.DBStoreBuilder (DBStoreBuilder.java:addTable(127)) - using custom profile for table: default
2019-11-15 23:39:38,327 [main] INFO  db.DBStoreBuilder (DBStoreBuilder.java:processTables(189)) - Using default column profile:DBProfile.DISK for Table:default
2019-11-15 23:39:38,327 [main] INFO  db.DBStoreBuilder (DBStoreBuilder.java:getDbProfile(220)) - Using default options. DBProfile.DISK
2019-11-15 23:39:38,613 [main] INFO  net.NodeSchemaLoader (NodeSchemaLoader.java:loadSchemaFromFile(125)) - Loading file from sun.misc.CompoundEnumeration@b46e103
2019-11-15 23:39:38,613 [main] INFO  net.NodeSchemaLoader (NodeSchemaLoader.java:loadSchema(171)) - Loading network topology layer schema file
2019-11-15 23:39:38,621 [main] INFO  node.SCMNodeManager (SCMNodeManager.java:<init>(116)) - Entering startup safe mode.
2019-11-15 23:39:38,622 [main] INFO  algorithms.ContainerPlacementPolicyFactory (ContainerPlacementPolicyFactory.java:getPolicy(57)) - Create container placement policy of type org.apache.hadoop.hdds.scm.container.placement.algorithms.SCMContainerPlacementRandom
2019-11-15 23:39:38,622 [main] WARN  server.ServerUtils (ServerUtils.java:getScmDbDir(145)) - ozone.scm.db.dirs is not configured. We recommend adding this setting. Falling back to ozone.metadata.dirs instead.
2019-11-15 23:39:38,723 [main] INFO  pipeline.SCMPipelineManager (SCMPipelineManager.java:initializePipelineState(132)) - No pipeline exists in current db
2019-11-15 23:39:38,723 [main] WARN  server.ServerUtils (ServerUtils.java:getScmDbDir(145)) - ozone.scm.db.dirs is not configured. We recommend adding this setting. Falling back to ozone.metadata.dirs instead.
2019-11-15 23:39:38,852 [main] WARN  events.EventQueue (EventQueue.java:fireEvent(183)) - No event handler registered for event TypedEvent{payloadType=SafeModeStatus, name='SafeModeStatus'}
2019-11-15 23:39:38,853 [main] INFO  ipc.CallQueueManager (CallQueueManager.java:<init>(84)) - Using callQueue: class java.util.concurrent.LinkedBlockingQueue, queueCapacity: 2000, scheduler: class org.apache.hadoop.ipc.DefaultRpcScheduler, ipcBackoff: false.
2019-11-15 23:39:38,854 [Socket Reader #1 for port 40267] INFO  ipc.Server (Server.java:run(1074)) - Starting Socket Reader #1 for port 40267
2019-11-15 23:39:38,857 [main] INFO  ipc.CallQueueManager (CallQueueManager.java:<init>(84)) - Using callQueue: class java.util.concurrent.LinkedBlockingQueue, queueCapacity: 2000, scheduler: class org.apache.hadoop.ipc.DefaultRpcScheduler, ipcBackoff: false.
2019-11-15 23:39:38,857 [Socket Reader #1 for port 36359] INFO  ipc.Server (Server.java:run(1074)) - Starting Socket Reader #1 for port 36359
2019-11-15 23:39:38,859 [main] INFO  ipc.CallQueueManager (CallQueueManager.java:<init>(84)) - Using callQueue: class java.util.concurrent.LinkedBlockingQueue, queueCapacity: 2000, scheduler: class org.apache.hadoop.ipc.DefaultRpcScheduler, ipcBackoff: false.
2019-11-15 23:39:38,860 [Socket Reader #1 for port 42837] INFO  ipc.Server (Server.java:run(1074)) - Starting Socket Reader #1 for port 42837
2019-11-15 23:39:38,863 [main] INFO  hdfs.DFSUtil (DFSUtil.java:httpServerTemplateForNNAndJN(1641)) - Starting Web-server for scm at: http://0.0.0.0:0
2019-11-15 23:39:38,866 [main] INFO  server.AuthenticationFilter (AuthenticationFilter.java:constructSecretProvider(240)) - Unable to initialize FileSignerSecretProvider, falling back to use random secrets.
2019-11-15 23:39:38,867 [main] WARN  http.HttpRequestLog (HttpRequestLog.java:getRequestLog(97)) - Jetty request log can only be enabled using Log4j
2019-11-15 23:39:38,870 [main] INFO  http.HttpServer2 (HttpServer2.java:addGlobalFilter(975)) - Added global filter 'safety' (class=org.apache.hadoop.http.HttpServer2$QuotingInputFilter)
2019-11-15 23:39:38,871 [main] INFO  http.HttpServer2 (HttpServer2.java:addFilter(948)) - Added filter static_user_filter (class=org.apache.hadoop.http.lib.StaticUserWebFilter$StaticUserFilter) to context scm
2019-11-15 23:39:38,871 [main] INFO  http.HttpServer2 (HttpServer2.java:addFilter(958)) - Added filter static_user_filter (class=org.apache.hadoop.http.lib.StaticUserWebFilter$StaticUserFilter) to context logs
2019-11-15 23:39:38,872 [main] INFO  http.HttpServer2 (HttpServer2.java:addFilter(958)) - Added filter static_user_filter (class=org.apache.hadoop.http.lib.StaticUserWebFilter$StaticUserFilter) to context static
2019-11-15 23:39:38,875 [main] INFO  server.StorageContainerManager (StorageContainerManager.java:start(766)) - StorageContainerLocationProtocol RPC server is listening at /0.0.0.0:42837
2019-11-15 23:39:38,878 [main] WARN  impl.MetricsConfig (MetricsConfig.java:loadFirst(134)) - Cannot locate configuration: tried hadoop-metrics2-storagecontainermanager.properties,hadoop-metrics2.properties
2019-11-15 23:39:38,880 [main] INFO  impl.MetricsSystemImpl (MetricsSystemImpl.java:startTimer(374)) - Scheduled Metric snapshot period at 10 second(s).
2019-11-15 23:39:38,880 [main] INFO  impl.MetricsSystemImpl (MetricsSystemImpl.java:start(191)) - StorageContainerManager metrics system started
2019-11-15 23:39:38,930 [main] WARN  impl.MetricsSystemImpl (MetricsSystemImpl.java:register(276)) - Sink prometheus already exists!
2019-11-15 23:39:38,938 [main] INFO  server.SCMClientProtocolServer (SCMClientProtocolServer.java:start(160)) - RPC server for Client  is listening at /0.0.0.0:42837
2019-11-15 23:39:38,939 [IPC Server Responder] INFO  ipc.Server (Server.java:run(1314)) - IPC Server Responder: starting
2019-11-15 23:39:38,939 [IPC Server listener on 42837] INFO  ipc.Server (Server.java:run(1153)) - IPC Server listener on 42837: starting
2019-11-15 23:39:38,943 [main] INFO  server.StorageContainerManager (StorageContainerManager.java:start(776)) - ScmBlockLocationProtocol RPC server is listening at /0.0.0.0:36359
2019-11-15 23:39:38,943 [main] INFO  server.SCMBlockProtocolServer (SCMBlockProtocolServer.java:start(146)) - RPC server for Block Protocol is listening at /0.0.0.0:36359
2019-11-15 23:39:38,944 [IPC Server Responder] INFO  ipc.Server (Server.java:run(1314)) - IPC Server Responder: starting
2019-11-15 23:39:38,944 [IPC Server listener on 36359] INFO  ipc.Server (Server.java:run(1153)) - IPC Server listener on 36359: starting
2019-11-15 23:39:38,948 [main] INFO  server.StorageContainerManager (StorageContainerManager.java:start(780)) - ScmDatanodeProtocl RPC server is listening at /0.0.0.0:40267
2019-11-15 23:39:38,948 [main] INFO  server.SCMDatanodeProtocolServer (SCMDatanodeProtocolServer.java:start(169)) - RPC server for DataNodes is listening at /0.0.0.0:40267
2019-11-15 23:39:38,949 [IPC Server Responder] INFO  ipc.Server (Server.java:run(1314)) - IPC Server Responder: starting
2019-11-15 23:39:38,949 [IPC Server listener on 40267] INFO  ipc.Server (Server.java:run(1153)) - IPC Server listener on 40267: starting
2019-11-15 23:39:38,953 [main] INFO  http.HttpServer2 (HttpServer2.java:bindListener(1191)) - Jetty bound to port 35872
2019-11-15 23:39:38,953 [main] INFO  server.Server (Server.java:doStart(351)) - jetty-9.3.25.v20180904, build timestamp: 2018-09-04T21:11:46Z, git hash: 3ce520221d0240229c862b122d2b06c12a625732
2019-11-15 23:39:38,955 [main] INFO  handler.ContextHandler (ContextHandler.java:doStart(781)) - Started o.e.j.s.ServletContextHandler@7c1447b5{/logs,file:///workdir/hadoop-ozone/integration-test/target/log,AVAILABLE}
2019-11-15 23:39:38,956 [main] INFO  handler.ContextHandler (ContextHandler.java:doStart(781)) - Started o.e.j.s.ServletContextHandler@24a2e565{/static,file:///workdir/hadoop-ozone/integration-test/target/test-classes/webapps/static,AVAILABLE}
2019-11-15 23:39:38,961 [main] INFO  handler.ContextHandler (ContextHandler.java:doStart(781)) - Started o.e.j.w.WebAppContext@73a8e994{/,file:///workdir/hadoop-ozone/integration-test/target/test-classes/webapps/scm/,AVAILABLE}{/scm}
2019-11-15 23:39:38,961 [main] INFO  server.AbstractConnector (AbstractConnector.java:doStart(278)) - Started ServerConnector@1a1cc163{HTTP/1.1,[http/1.1]}{0.0.0.0:35872}
2019-11-15 23:39:38,962 [main] INFO  server.Server (Server.java:doStart(419)) - Started @95308ms
2019-11-15 23:39:38,962 [main] WARN  impl.MetricsSystemImpl (MetricsSystemImpl.java:register(276)) - Sink prometheus already exists!
2019-11-15 23:39:38,964 [main] INFO  server.BaseHttpServer (BaseHttpServer.java:updateConnectorAddress(215)) - HTTP server of SCM is listening at http://0.0.0.0:35872
2019-11-15 23:39:38,964 [main] WARN  server.ServerUtils (ServerUtils.java:getDBPath(222)) - ozone.om.db.dirs is not configured. We recommend adding this setting. Falling back to ozone.metadata.dirs instead.
2019-11-15 23:39:38,965 [org.apache.hadoop.util.JvmPauseMonitor$Monitor@42383cb0] INFO  util.JvmPauseMonitor (JvmPauseMonitor.java:run(188)) - Starting JVM pause monitor
2019-11-15 23:39:38,988 [main] INFO  ha.OMHANodeDetails (OMHANodeDetails.java:loadOMHAConfig(190)) - Configuration either no ozone.om.address set. Falling back to the default OM address /127.0.0.1:0
2019-11-15 23:39:38,988 [main] INFO  ha.OMHANodeDetails (OMHANodeDetails.java:getOMNodeDetails(220)) - OM Service ID is not set. Setting it to the default ID: omServiceIdDefault
2019-11-15 23:39:38,989 [main] WARN  server.ServerUtils (ServerUtils.java:getDBPath(222)) - ozone.om.db.dirs is not configured. We recommend adding this setting. Falling back to ozone.metadata.dirs instead.
2019-11-15 23:39:38,989 [main] WARN  server.ServerUtils (ServerUtils.java:getDBPath(222)) - ozone.om.db.dirs is not configured. We recommend adding this setting. Falling back to ozone.metadata.dirs instead.
2019-11-15 23:39:38,996 [main] WARN  server.ServerUtils (ServerUtils.java:getDBPath(222)) - ozone.om.db.dirs is not configured. We recommend adding this setting. Falling back to ozone.metadata.dirs instead.
2019-11-15 23:39:38,997 [main] INFO  db.DBStoreBuilder (DBStoreBuilder.java:addTable(127)) - using custom profile for table: userTable
2019-11-15 23:39:38,997 [main] INFO  db.DBStoreBuilder (DBStoreBuilder.java:processTables(183)) - Using default column profile:DBProfile.DISK for Table:userTable
2019-11-15 23:39:38,998 [main] INFO  db.DBStoreBuilder (DBStoreBuilder.java:addTable(127)) - using custom profile for table: volumeTable
2019-11-15 23:39:38,998 [main] INFO  db.DBStoreBuilder (DBStoreBuilder.java:processTables(183)) - Using default column profile:DBProfile.DISK for Table:volumeTable
2019-11-15 23:39:38,998 [main] INFO  db.DBStoreBuilder (DBStoreBuilder.java:addTable(127)) - using custom profile for table: bucketTable
2019-11-15 23:39:38,998 [main] INFO  db.DBStoreBuilder (DBStoreBuilder.java:processTables(183)) - Using default column profile:DBProfile.DISK for Table:bucketTable
2019-11-15 23:39:38,999 [main] INFO  db.DBStoreBuilder (DBStoreBuilder.java:addTable(127)) - using custom profile for table: keyTable
2019-11-15 23:39:38,999 [main] INFO  db.DBStoreBuilder (DBStoreBuilder.java:processTables(183)) - Using default column profile:DBProfile.DISK for Table:keyTable
2019-11-15 23:39:38,999 [main] INFO  db.DBStoreBuilder (DBStoreBuilder.java:addTable(127)) - using custom profile for table: deletedTable
2019-11-15 23:39:38,999 [main] INFO  db.DBStoreBuilder (DBStoreBuilder.java:processTables(183)) - Using default column profile:DBProfile.DISK for Table:deletedTable
2019-11-15 23:39:39,000 [main] INFO  db.DBStoreBuilder (DBStoreBuilder.java:addTable(127)) - using custom profile for table: openKeyTable
2019-11-15 23:39:39,000 [main] INFO  db.DBStoreBuilder (DBStoreBuilder.java:processTables(183)) - Using default column profile:DBProfile.DISK for Table:openKeyTable
2019-11-15 23:39:39,000 [main] INFO  db.DBStoreBuilder (DBStoreBuilder.java:addTable(127)) - using custom profile for table: s3Table
2019-11-15 23:39:39,001 [main] INFO  db.DBStoreBuilder (DBStoreBuilder.java:processTables(183)) - Using default column profile:DBProfile.DISK for Table:s3Table
2019-11-15 23:39:39,001 [main] INFO  db.DBStoreBuilder (DBStoreBuilder.java:addTable(127)) - using custom profile for table: multipartInfoTable
2019-11-15 23:39:39,001 [main] INFO  db.DBStoreBuilder (DBStoreBuilder.java:processTables(183)) - Using default column profile:DBProfile.DISK for Table:multipartInfoTable
2019-11-15 23:39:39,002 [main] INFO  db.DBStoreBuilder (DBStoreBuilder.java:addTable(127)) - using custom profile for table: dTokenTable
2019-11-15 23:39:39,002 [main] INFO  db.DBStoreBuilder (DBStoreBuilder.java:processTables(183)) - Using default column profile:DBProfile.DISK for Table:dTokenTable
2019-11-15 23:39:39,002 [main] INFO  db.DBStoreBuilder (DBStoreBuilder.java:addTable(127)) - using custom profile for table: s3SecretTable
2019-11-15 23:39:39,002 [main] INFO  db.DBStoreBuilder (DBStoreBuilder.java:processTables(183)) - Using default column profile:DBProfile.DISK for Table:s3SecretTable
2019-11-15 23:39:39,003 [main] INFO  db.DBStoreBuilder (DBStoreBuilder.java:addTable(127)) - using custom profile for table: prefixTable
2019-11-15 23:39:39,003 [main] INFO  db.DBStoreBuilder (DBStoreBuilder.java:processTables(183)) - Using default column profile:DBProfile.DISK for Table:prefixTable
2019-11-15 23:39:39,003 [main] INFO  db.DBStoreBuilder (DBStoreBuilder.java:addTable(127)) - using custom profile for table: default
2019-11-15 23:39:39,003 [main] INFO  db.DBStoreBuilder (DBStoreBuilder.java:processTables(189)) - Using default column profile:DBProfile.DISK for Table:default
2019-11-15 23:39:39,004 [main] INFO  db.DBStoreBuilder (DBStoreBuilder.java:getDbProfile(220)) - Using default options. DBProfile.DISK
2019-11-15 23:39:39,703 [main] INFO  ipc.CallQueueManager (CallQueueManager.java:<init>(84)) - Using callQueue: class java.util.concurrent.LinkedBlockingQueue, queueCapacity: 2000, scheduler: class org.apache.hadoop.ipc.DefaultRpcScheduler, ipcBackoff: false.
2019-11-15 23:39:39,704 [Socket Reader #1 for port 42222] INFO  ipc.Server (Server.java:run(1074)) - Starting Socket Reader #1 for port 42222
2019-11-15 23:39:39,718 [main] INFO  om.OzoneManager (OzoneManager.java:start(1077)) - OzoneManager RPC server is listening at localhost/127.0.0.1:42222
2019-11-15 23:39:39,719 [main] INFO  impl.MetricsSystemImpl (MetricsSystemImpl.java:init(158)) - OzoneManager metrics system started (again)
2019-11-15 23:39:39,720 [IPC Server Responder] INFO  ipc.Server (Server.java:run(1314)) - IPC Server Responder: starting
2019-11-15 23:39:39,720 [IPC Server listener on 42222] INFO  ipc.Server (Server.java:run(1153)) - IPC Server listener on 42222: starting
2019-11-15 23:39:39,726 [main] INFO  hdfs.DFSUtil (DFSUtil.java:httpServerTemplateForNNAndJN(1641)) - Starting Web-server for ozoneManager at: http://0.0.0.0:0
2019-11-15 23:39:39,728 [main] INFO  server.AuthenticationFilter (AuthenticationFilter.java:constructSecretProvider(240)) - Unable to initialize FileSignerSecretProvider, falling back to use random secrets.
2019-11-15 23:39:39,729 [main] WARN  http.HttpRequestLog (HttpRequestLog.java:getRequestLog(97)) - Jetty request log can only be enabled using Log4j
2019-11-15 23:39:39,731 [main] INFO  http.HttpServer2 (HttpServer2.java:addGlobalFilter(975)) - Added global filter 'safety' (class=org.apache.hadoop.http.HttpServer2$QuotingInputFilter)
2019-11-15 23:39:39,732 [main] INFO  http.HttpServer2 (HttpServer2.java:addFilter(948)) - Added filter static_user_filter (class=org.apache.hadoop.http.lib.StaticUserWebFilter$StaticUserFilter) to context ozoneManager
2019-11-15 23:39:39,732 [main] INFO  http.HttpServer2 (HttpServer2.java:addFilter(958)) - Added filter static_user_filter (class=org.apache.hadoop.http.lib.StaticUserWebFilter$StaticUserFilter) to context logs
2019-11-15 23:39:39,732 [main] INFO  http.HttpServer2 (HttpServer2.java:addFilter(958)) - Added filter static_user_filter (class=org.apache.hadoop.http.lib.StaticUserWebFilter$StaticUserFilter) to context static
2019-11-15 23:39:39,734 [main] INFO  http.HttpServer2 (HttpServer2.java:bindListener(1191)) - Jetty bound to port 39056
2019-11-15 23:39:39,734 [main] INFO  server.Server (Server.java:doStart(351)) - jetty-9.3.25.v20180904, build timestamp: 2018-09-04T21:11:46Z, git hash: 3ce520221d0240229c862b122d2b06c12a625732
2019-11-15 23:39:39,736 [main] INFO  handler.ContextHandler (ContextHandler.java:doStart(781)) - Started o.e.j.s.ServletContextHandler@21b6c9c2{/logs,file:///workdir/hadoop-ozone/integration-test/target/log,AVAILABLE}
2019-11-15 23:39:39,737 [main] INFO  handler.ContextHandler (ContextHandler.java:doStart(781)) - Started o.e.j.s.ServletContextHandler@3b95a6db{/static,file:///workdir/hadoop-ozone/integration-test/target/test-classes/webapps/static,AVAILABLE}
2019-11-15 23:39:39,742 [main] INFO  handler.ContextHandler (ContextHandler.java:doStart(781)) - Started o.e.j.w.WebAppContext@17e9bc9e{/,file:///workdir/hadoop-ozone/integration-test/target/test-classes/webapps/ozoneManager/,AVAILABLE}{/ozoneManager}
2019-11-15 23:39:39,743 [main] INFO  server.AbstractConnector (AbstractConnector.java:doStart(278)) - Started ServerConnector@36b9cb99{HTTP/1.1,[http/1.1]}{0.0.0.0:39056}
2019-11-15 23:39:39,744 [main] INFO  server.Server (Server.java:doStart(419)) - Started @96090ms
2019-11-15 23:39:39,744 [main] WARN  impl.MetricsSystemImpl (MetricsSystemImpl.java:register(276)) - Sink prometheus already exists!
2019-11-15 23:39:39,745 [main] INFO  server.BaseHttpServer (BaseHttpServer.java:updateConnectorAddress(215)) - HTTP server of OZONEMANAGER is listening at http://0.0.0.0:39056
2019-11-15 23:39:39,766 [main] INFO  impl.MetricsSystemImpl (MetricsSystemImpl.java:init(158)) - HddsDatanode metrics system started (again)
2019-11-15 23:39:39,768 [main] INFO  ozone.HddsDatanodeService (HddsDatanodeService.java:start(186)) - HddsDatanodeService host:pr-hdds-2501-jccjl-2716832651 ip:192.168.69.89
2019-11-15 23:39:39,776 [main] INFO  volume.HddsVolume (HddsVolume.java:<init>(176)) - Creating Volume: /workdir/hadoop-ozone/integration-test/target/test-dir/MiniOzoneClusterImpl-33986320-1065-4a8e-9f2e-ea3716de2538/datanode-0/data/containers/hdds of  storage type : DISK and capacity : 1482555576320
2019-11-15 23:39:39,776 [main] INFO  volume.VolumeSet (VolumeSet.java:initializeVolumeSet(170)) - Added Volume : /workdir/hadoop-ozone/integration-test/target/test-dir/MiniOzoneClusterImpl-33986320-1065-4a8e-9f2e-ea3716de2538/datanode-0/data/containers/hdds to VolumeSet
2019-11-15 23:39:39,777 [main] INFO  volume.ThrottledAsyncChecker (ThrottledAsyncChecker.java:schedule(141)) - Scheduling a check for /workdir/hadoop-ozone/integration-test/target/test-dir/MiniOzoneClusterImpl-33986320-1065-4a8e-9f2e-ea3716de2538/datanode-0/data/containers/hdds
2019-11-15 23:39:39,777 [main] INFO  volume.HddsVolumeChecker (HddsVolumeChecker.java:checkAllVolumes(204)) - Scheduled health check for volume /workdir/hadoop-ozone/integration-test/target/test-dir/MiniOzoneClusterImpl-33986320-1065-4a8e-9f2e-ea3716de2538/datanode-0/data/containers/hdds
2019-11-15 23:39:39,794 [main] INFO  impl.RaftServerProxy (ConfUtils.java:logGet(43)) - raft.rpc.type = GRPC (default)
2019-11-15 23:39:39,794 [main] INFO  grpc.GrpcFactory (GrpcFactory.java:checkPooledByteBufAllocatorUseCacheForAllThreads(45)) - PERFORMANCE WARNING: useCacheForAllThreads is true that may cause Netty to create a lot garbage objects and, as a result, trigger GC.
	It is recommended to disable useCacheForAllThreads by setting -Dorg.apache.ratis.thirdparty.io.netty.allocator.useCacheForAllThreads=false in command line.
2019-11-15 23:39:39,795 [main] INFO  grpc.GrpcConfigKeys$Server (ConfUtils.java:logGet(43)) - raft.grpc.server.port = 0 (default)
2019-11-15 23:39:39,795 [main] INFO  server.GrpcService (ConfUtils.java:logGet(43)) - raft.grpc.message.size.max = 33570816 (custom)
2019-11-15 23:39:39,795 [main] INFO  server.RaftServerConfigKeys (ConfUtils.java:logGet(43)) - raft.server.log.appender.buffer.byte-limit = 33554432 (custom)
2019-11-15 23:39:39,795 [main] INFO  server.GrpcService (ConfUtils.java:logGet(43)) - raft.grpc.flow.control.window = 1MB (=1048576) (default)
2019-11-15 23:39:39,796 [main] INFO  server.RaftServerConfigKeys (ConfUtils.java:logGet(43)) - raft.server.rpc.request.timeout = 3000ms (default)
2019-11-15 23:39:39,796 [main] INFO  server.RaftServerConfigKeys (ConfUtils.java:logGet(43)) - raft.server.storage.dir = [/workdir/hadoop-ozone/integration-test/target/test-dir/MiniOzoneClusterImpl-33986320-1065-4a8e-9f2e-ea3716de2538/datanode-0/data/ratis] (custom)
2019-11-15 23:39:39,798 [main] INFO  hdfs.DFSUtil (DFSUtil.java:httpServerTemplateForNNAndJN(1641)) - Starting Web-server for hddsDatanode at: http://0.0.0.0:0
2019-11-15 23:39:39,799 [main] INFO  server.AuthenticationFilter (AuthenticationFilter.java:constructSecretProvider(240)) - Unable to initialize FileSignerSecretProvider, falling back to use random secrets.
2019-11-15 23:39:39,799 [main] WARN  http.HttpRequestLog (HttpRequestLog.java:getRequestLog(97)) - Jetty request log can only be enabled using Log4j
2019-11-15 23:39:39,801 [main] INFO  http.HttpServer2 (HttpServer2.java:addGlobalFilter(975)) - Added global filter 'safety' (class=org.apache.hadoop.http.HttpServer2$QuotingInputFilter)
2019-11-15 23:39:39,801 [main] INFO  http.HttpServer2 (HttpServer2.java:addFilter(948)) - Added filter static_user_filter (class=org.apache.hadoop.http.lib.StaticUserWebFilter$StaticUserFilter) to context hddsDatanode
2019-11-15 23:39:39,801 [main] INFO  http.HttpServer2 (HttpServer2.java:addFilter(958)) - Added filter static_user_filter (class=org.apache.hadoop.http.lib.StaticUserWebFilter$StaticUserFilter) to context logs
2019-11-15 23:39:39,801 [main] INFO  http.HttpServer2 (HttpServer2.java:addFilter(958)) - Added filter static_user_filter (class=org.apache.hadoop.http.lib.StaticUserWebFilter$StaticUserFilter) to context static
2019-11-15 23:39:39,802 [main] INFO  http.HttpServer2 (HttpServer2.java:bindListener(1191)) - Jetty bound to port 37776
2019-11-15 23:39:39,802 [main] INFO  server.Server (Server.java:doStart(351)) - jetty-9.3.25.v20180904, build timestamp: 2018-09-04T21:11:46Z, git hash: 3ce520221d0240229c862b122d2b06c12a625732
2019-11-15 23:39:39,804 [main] INFO  handler.ContextHandler (ContextHandler.java:doStart(781)) - Started o.e.j.s.ServletContextHandler@1e1eeedd{/logs,file:///workdir/hadoop-ozone/integration-test/target/log,AVAILABLE}
2019-11-15 23:39:39,805 [main] INFO  handler.ContextHandler (ContextHandler.java:doStart(781)) - Started o.e.j.s.ServletContextHandler@7ec95456{/static,jar:file:/home/user/.m2/repository/org/apache/hadoop/hadoop-hdds-container-service/0.5.0-SNAPSHOT/hadoop-hdds-container-service-0.5.0-SNAPSHOT.jar!/webapps/static,AVAILABLE}
2019-11-15 23:39:39,835 [main] INFO  handler.ContextHandler (ContextHandler.java:doStart(781)) - Started o.e.j.w.WebAppContext@4a92c6a9{/,file:///tmp/jetty-0.0.0.0-37776-hddsDatanode-_-any-7567065854246085262.dir/webapp/,AVAILABLE}{/hddsDatanode}
2019-11-15 23:39:39,835 [main] INFO  server.AbstractConnector (AbstractConnector.java:doStart(278)) - Started ServerConnector@5c9934da{HTTP/1.1,[http/1.1]}{0.0.0.0:37776}
2019-11-15 23:39:39,836 [main] INFO  server.Server (Server.java:doStart(419)) - Started @96182ms
2019-11-15 23:39:39,836 [main] WARN  impl.MetricsSystemImpl (MetricsSystemImpl.java:register(276)) - Sink prometheus already exists!
2019-11-15 23:39:39,837 [main] INFO  server.BaseHttpServer (BaseHttpServer.java:updateConnectorAddress(215)) - HTTP server of HDDSDATANODE is listening at http://0.0.0.0:37776
2019-11-15 23:39:39,837 [main] INFO  impl.MetricsSystemImpl (MetricsSystemImpl.java:init(158)) - HddsDatanode metrics system started (again)
2019-11-15 23:39:39,839 [main] INFO  ozone.HddsDatanodeService (HddsDatanodeService.java:start(186)) - HddsDatanodeService host:pr-hdds-2501-jccjl-2716832651 ip:192.168.69.89
2019-11-15 23:39:39,840 [org.apache.hadoop.util.JvmPauseMonitor$Monitor@2ce15f76] INFO  util.JvmPauseMonitor (JvmPauseMonitor.java:run(188)) - Starting JVM pause monitor
2019-11-15 23:39:39,843 [Datanode State Machine Thread - 0] INFO  datanode.InitDatanodeState (InitDatanodeState.java:persistContainerDatanodeDetails(140)) - DatanodeDetails is persisted to /workdir/hadoop-ozone/integration-test/target/test-dir/MiniOzoneClusterImpl-33986320-1065-4a8e-9f2e-ea3716de2538/datanode-0/meta/datanode.id
2019-11-15 23:39:39,846 [main] INFO  volume.HddsVolume (HddsVolume.java:<init>(176)) - Creating Volume: /workdir/hadoop-ozone/integration-test/target/test-dir/MiniOzoneClusterImpl-33986320-1065-4a8e-9f2e-ea3716de2538/datanode-1/data/containers/hdds of  storage type : DISK and capacity : 1482555576320
2019-11-15 23:39:39,847 [main] INFO  volume.VolumeSet (VolumeSet.java:initializeVolumeSet(170)) - Added Volume : /workdir/hadoop-ozone/integration-test/target/test-dir/MiniOzoneClusterImpl-33986320-1065-4a8e-9f2e-ea3716de2538/datanode-1/data/containers/hdds to VolumeSet
2019-11-15 23:39:39,847 [main] INFO  volume.ThrottledAsyncChecker (ThrottledAsyncChecker.java:schedule(141)) - Scheduling a check for /workdir/hadoop-ozone/integration-test/target/test-dir/MiniOzoneClusterImpl-33986320-1065-4a8e-9f2e-ea3716de2538/datanode-1/data/containers/hdds
2019-11-15 23:39:39,847 [main] INFO  volume.HddsVolumeChecker (HddsVolumeChecker.java:checkAllVolumes(204)) - Scheduled health check for volume /workdir/hadoop-ozone/integration-test/target/test-dir/MiniOzoneClusterImpl-33986320-1065-4a8e-9f2e-ea3716de2538/datanode-1/data/containers/hdds
2019-11-15 23:39:39,859 [main] INFO  impl.RaftServerProxy (ConfUtils.java:logGet(43)) - raft.rpc.type = GRPC (default)
2019-11-15 23:39:39,859 [main] INFO  grpc.GrpcFactory (GrpcFactory.java:checkPooledByteBufAllocatorUseCacheForAllThreads(45)) - PERFORMANCE WARNING: useCacheForAllThreads is true that may cause Netty to create a lot garbage objects and, as a result, trigger GC.
	It is recommended to disable useCacheForAllThreads by setting -Dorg.apache.ratis.thirdparty.io.netty.allocator.useCacheForAllThreads=false in command line.
2019-11-15 23:39:39,859 [main] INFO  grpc.GrpcConfigKeys$Server (ConfUtils.java:logGet(43)) - raft.grpc.server.port = 0 (default)
2019-11-15 23:39:39,859 [main] INFO  server.GrpcService (ConfUtils.java:logGet(43)) - raft.grpc.message.size.max = 33570816 (custom)
2019-11-15 23:39:39,859 [main] INFO  server.RaftServerConfigKeys (ConfUtils.java:logGet(43)) - raft.server.log.appender.buffer.byte-limit = 33554432 (custom)
2019-11-15 23:39:39,859 [main] INFO  server.GrpcService (ConfUtils.java:logGet(43)) - raft.grpc.flow.control.window = 1MB (=1048576) (default)
2019-11-15 23:39:39,860 [main] INFO  server.RaftServerConfigKeys (ConfUtils.java:logGet(43)) - raft.server.rpc.request.timeout = 3000ms (default)
2019-11-15 23:39:39,860 [main] INFO  server.RaftServerConfigKeys (ConfUtils.java:logGet(43)) - raft.server.storage.dir = [/workdir/hadoop-ozone/integration-test/target/test-dir/MiniOzoneClusterImpl-33986320-1065-4a8e-9f2e-ea3716de2538/datanode-1/data/ratis] (custom)
2019-11-15 23:39:39,861 [main] INFO  hdfs.DFSUtil (DFSUtil.java:httpServerTemplateForNNAndJN(1641)) - Starting Web-server for hddsDatanode at: http://0.0.0.0:0
2019-11-15 23:39:39,863 [main] INFO  server.AuthenticationFilter (AuthenticationFilter.java:constructSecretProvider(240)) - Unable to initialize FileSignerSecretProvider, falling back to use random secrets.
2019-11-15 23:39:39,863 [main] WARN  http.HttpRequestLog (HttpRequestLog.java:getRequestLog(97)) - Jetty request log can only be enabled using Log4j
2019-11-15 23:39:39,864 [main] INFO  http.HttpServer2 (HttpServer2.java:addGlobalFilter(975)) - Added global filter 'safety' (class=org.apache.hadoop.http.HttpServer2$QuotingInputFilter)
2019-11-15 23:39:39,865 [main] INFO  http.HttpServer2 (HttpServer2.java:addFilter(948)) - Added filter static_user_filter (class=org.apache.hadoop.http.lib.StaticUserWebFilter$StaticUserFilter) to context hddsDatanode
2019-11-15 23:39:39,865 [main] INFO  http.HttpServer2 (HttpServer2.java:addFilter(958)) - Added filter static_user_filter (class=org.apache.hadoop.http.lib.StaticUserWebFilter$StaticUserFilter) to context logs
2019-11-15 23:39:39,865 [main] INFO  http.HttpServer2 (HttpServer2.java:addFilter(958)) - Added filter static_user_filter (class=org.apache.hadoop.http.lib.StaticUserWebFilter$StaticUserFilter) to context static
2019-11-15 23:39:39,866 [main] INFO  http.HttpServer2 (HttpServer2.java:bindListener(1191)) - Jetty bound to port 45925
2019-11-15 23:39:39,866 [main] INFO  server.Server (Server.java:doStart(351)) - jetty-9.3.25.v20180904, build timestamp: 2018-09-04T21:11:46Z, git hash: 3ce520221d0240229c862b122d2b06c12a625732
2019-11-15 23:39:39,868 [main] INFO  handler.ContextHandler (ContextHandler.java:doStart(781)) - Started o.e.j.s.ServletContextHandler@7112ce6{/logs,file:///workdir/hadoop-ozone/integration-test/target/log,AVAILABLE}
2019-11-15 23:39:39,868 [main] INFO  handler.ContextHandler (ContextHandler.java:doStart(781)) - Started o.e.j.s.ServletContextHandler@30ec7d21{/static,jar:file:/home/user/.m2/repository/org/apache/hadoop/hadoop-hdds-container-service/0.5.0-SNAPSHOT/hadoop-hdds-container-service-0.5.0-SNAPSHOT.jar!/webapps/static,AVAILABLE}
2019-11-15 23:39:39,898 [main] INFO  handler.ContextHandler (ContextHandler.java:doStart(781)) - Started o.e.j.w.WebAppContext@3a7e365{/,file:///tmp/jetty-0.0.0.0-45925-hddsDatanode-_-any-5534875052365074810.dir/webapp/,AVAILABLE}{/hddsDatanode}
2019-11-15 23:39:39,898 [main] INFO  server.AbstractConnector (AbstractConnector.java:doStart(278)) - Started ServerConnector@2ceee4b6{HTTP/1.1,[http/1.1]}{0.0.0.0:45925}
2019-11-15 23:39:39,899 [main] INFO  server.Server (Server.java:doStart(419)) - Started @96245ms
2019-11-15 23:39:39,899 [main] WARN  impl.MetricsSystemImpl (MetricsSystemImpl.java:register(276)) - Sink prometheus already exists!
2019-11-15 23:39:39,900 [main] INFO  server.BaseHttpServer (BaseHttpServer.java:updateConnectorAddress(215)) - HTTP server of HDDSDATANODE is listening at http://0.0.0.0:45925
2019-11-15 23:39:39,901 [main] INFO  impl.MetricsSystemImpl (MetricsSystemImpl.java:init(158)) - HddsDatanode metrics system started (again)
2019-11-15 23:39:39,903 [main] INFO  ozone.HddsDatanodeService (HddsDatanodeService.java:start(186)) - HddsDatanodeService host:pr-hdds-2501-jccjl-2716832651 ip:192.168.69.89
2019-11-15 23:39:39,903 [org.apache.hadoop.util.JvmPauseMonitor$Monitor@2145f392] INFO  util.JvmPauseMonitor (JvmPauseMonitor.java:run(188)) - Starting JVM pause monitor
2019-11-15 23:39:39,905 [Datanode State Machine Thread - 0] INFO  datanode.InitDatanodeState (InitDatanodeState.java:persistContainerDatanodeDetails(140)) - DatanodeDetails is persisted to /workdir/hadoop-ozone/integration-test/target/test-dir/MiniOzoneClusterImpl-33986320-1065-4a8e-9f2e-ea3716de2538/datanode-1/meta/datanode.id
2019-11-15 23:39:39,910 [main] INFO  volume.HddsVolume (HddsVolume.java:<init>(176)) - Creating Volume: /workdir/hadoop-ozone/integration-test/target/test-dir/MiniOzoneClusterImpl-33986320-1065-4a8e-9f2e-ea3716de2538/datanode-2/data/containers/hdds of  storage type : DISK and capacity : 1482555576320
2019-11-15 23:39:39,910 [main] INFO  volume.VolumeSet (VolumeSet.java:initializeVolumeSet(170)) - Added Volume : /workdir/hadoop-ozone/integration-test/target/test-dir/MiniOzoneClusterImpl-33986320-1065-4a8e-9f2e-ea3716de2538/datanode-2/data/containers/hdds to VolumeSet
2019-11-15 23:39:39,910 [main] INFO  volume.ThrottledAsyncChecker (ThrottledAsyncChecker.java:schedule(141)) - Scheduling a check for /workdir/hadoop-ozone/integration-test/target/test-dir/MiniOzoneClusterImpl-33986320-1065-4a8e-9f2e-ea3716de2538/datanode-2/data/containers/hdds
2019-11-15 23:39:39,911 [main] INFO  volume.HddsVolumeChecker (HddsVolumeChecker.java:checkAllVolumes(204)) - Scheduled health check for volume /workdir/hadoop-ozone/integration-test/target/test-dir/MiniOzoneClusterImpl-33986320-1065-4a8e-9f2e-ea3716de2538/datanode-2/data/containers/hdds
2019-11-15 23:39:39,923 [main] INFO  impl.RaftServerProxy (ConfUtils.java:logGet(43)) - raft.rpc.type = GRPC (default)
2019-11-15 23:39:39,923 [main] INFO  grpc.GrpcFactory (GrpcFactory.java:checkPooledByteBufAllocatorUseCacheForAllThreads(45)) - PERFORMANCE WARNING: useCacheForAllThreads is true that may cause Netty to create a lot garbage objects and, as a result, trigger GC.
	It is recommended to disable useCacheForAllThreads by setting -Dorg.apache.ratis.thirdparty.io.netty.allocator.useCacheForAllThreads=false in command line.
2019-11-15 23:39:39,923 [main] INFO  grpc.GrpcConfigKeys$Server (ConfUtils.java:logGet(43)) - raft.grpc.server.port = 0 (default)
2019-11-15 23:39:39,923 [main] INFO  server.GrpcService (ConfUtils.java:logGet(43)) - raft.grpc.message.size.max = 33570816 (custom)
2019-11-15 23:39:39,923 [main] INFO  server.RaftServerConfigKeys (ConfUtils.java:logGet(43)) - raft.server.log.appender.buffer.byte-limit = 33554432 (custom)
2019-11-15 23:39:39,923 [main] INFO  server.GrpcService (ConfUtils.java:logGet(43)) - raft.grpc.flow.control.window = 1MB (=1048576) (default)
2019-11-15 23:39:39,924 [main] INFO  server.RaftServerConfigKeys (ConfUtils.java:logGet(43)) - raft.server.rpc.request.timeout = 3000ms (default)
2019-11-15 23:39:39,924 [main] INFO  server.RaftServerConfigKeys (ConfUtils.java:logGet(43)) - raft.server.storage.dir = [/workdir/hadoop-ozone/integration-test/target/test-dir/MiniOzoneClusterImpl-33986320-1065-4a8e-9f2e-ea3716de2538/datanode-2/data/ratis] (custom)
2019-11-15 23:39:39,925 [main] INFO  hdfs.DFSUtil (DFSUtil.java:httpServerTemplateForNNAndJN(1641)) - Starting Web-server for hddsDatanode at: http://0.0.0.0:0
2019-11-15 23:39:39,926 [main] INFO  server.AuthenticationFilter (AuthenticationFilter.java:constructSecretProvider(240)) - Unable to initialize FileSignerSecretProvider, falling back to use random secrets.
2019-11-15 23:39:39,926 [main] WARN  http.HttpRequestLog (HttpRequestLog.java:getRequestLog(97)) - Jetty request log can only be enabled using Log4j
2019-11-15 23:39:39,928 [main] INFO  http.HttpServer2 (HttpServer2.java:addGlobalFilter(975)) - Added global filter 'safety' (class=org.apache.hadoop.http.HttpServer2$QuotingInputFilter)
2019-11-15 23:39:39,928 [main] INFO  http.HttpServer2 (HttpServer2.java:addFilter(948)) - Added filter static_user_filter (class=org.apache.hadoop.http.lib.StaticUserWebFilter$StaticUserFilter) to context hddsDatanode
2019-11-15 23:39:39,928 [main] INFO  http.HttpServer2 (HttpServer2.java:addFilter(958)) - Added filter static_user_filter (class=org.apache.hadoop.http.lib.StaticUserWebFilter$StaticUserFilter) to context static
2019-11-15 23:39:39,928 [main] INFO  http.HttpServer2 (HttpServer2.java:addFilter(958)) - Added filter static_user_filter (class=org.apache.hadoop.http.lib.StaticUserWebFilter$StaticUserFilter) to context logs
2019-11-15 23:39:39,929 [main] INFO  http.HttpServer2 (HttpServer2.java:bindListener(1191)) - Jetty bound to port 40835
2019-11-15 23:39:39,929 [main] INFO  server.Server (Server.java:doStart(351)) - jetty-9.3.25.v20180904, build timestamp: 2018-09-04T21:11:46Z, git hash: 3ce520221d0240229c862b122d2b06c12a625732
2019-11-15 23:39:39,931 [main] INFO  handler.ContextHandler (ContextHandler.java:doStart(781)) - Started o.e.j.s.ServletContextHandler@6215366a{/logs,file:///workdir/hadoop-ozone/integration-test/target/log,AVAILABLE}
2019-11-15 23:39:39,932 [main] INFO  handler.ContextHandler (ContextHandler.java:doStart(781)) - Started o.e.j.s.ServletContextHandler@36e43829{/static,jar:file:/home/user/.m2/repository/org/apache/hadoop/hadoop-hdds-container-service/0.5.0-SNAPSHOT/hadoop-hdds-container-service-0.5.0-SNAPSHOT.jar!/webapps/static,AVAILABLE}
2019-11-15 23:39:39,976 [main] INFO  handler.ContextHandler (ContextHandler.java:doStart(781)) - Started o.e.j.w.WebAppContext@6870c3c2{/,file:///tmp/jetty-0.0.0.0-40835-hddsDatanode-_-any-7687679503778418181.dir/webapp/,AVAILABLE}{/hddsDatanode}
2019-11-15 23:39:39,977 [main] INFO  server.AbstractConnector (AbstractConnector.java:doStart(278)) - Started ServerConnector@fb0a08c{HTTP/1.1,[http/1.1]}{0.0.0.0:40835}
2019-11-15 23:39:39,978 [main] INFO  server.Server (Server.java:doStart(419)) - Started @96324ms
2019-11-15 23:39:39,978 [main] WARN  impl.MetricsSystemImpl (MetricsSystemImpl.java:register(276)) - Sink prometheus already exists!
2019-11-15 23:39:39,979 [main] INFO  server.BaseHttpServer (BaseHttpServer.java:updateConnectorAddress(215)) - HTTP server of HDDSDATANODE is listening at http://0.0.0.0:40835
2019-11-15 23:39:39,979 [main] INFO  impl.MetricsSystemImpl (MetricsSystemImpl.java:init(158)) - HddsDatanode metrics system started (again)
2019-11-15 23:39:39,982 [org.apache.hadoop.util.JvmPauseMonitor$Monitor@67fba919] INFO  util.JvmPauseMonitor (JvmPauseMonitor.java:run(188)) - Starting JVM pause monitor
2019-11-15 23:39:39,983 [main] INFO  ozone.HddsDatanodeService (HddsDatanodeService.java:start(186)) - HddsDatanodeService host:pr-hdds-2501-jccjl-2716832651 ip:192.168.69.89
2019-11-15 23:39:39,984 [Datanode State Machine Thread - 0] INFO  datanode.InitDatanodeState (InitDatanodeState.java:persistContainerDatanodeDetails(140)) - DatanodeDetails is persisted to /workdir/hadoop-ozone/integration-test/target/test-dir/MiniOzoneClusterImpl-33986320-1065-4a8e-9f2e-ea3716de2538/datanode-2/meta/datanode.id
2019-11-15 23:39:39,991 [main] INFO  volume.HddsVolume (HddsVolume.java:<init>(176)) - Creating Volume: /workdir/hadoop-ozone/integration-test/target/test-dir/MiniOzoneClusterImpl-33986320-1065-4a8e-9f2e-ea3716de2538/datanode-3/data/containers/hdds of  storage type : DISK and capacity : 1482555576320
2019-11-15 23:39:39,991 [main] INFO  volume.VolumeSet (VolumeSet.java:initializeVolumeSet(170)) - Added Volume : /workdir/hadoop-ozone/integration-test/target/test-dir/MiniOzoneClusterImpl-33986320-1065-4a8e-9f2e-ea3716de2538/datanode-3/data/containers/hdds to VolumeSet
2019-11-15 23:39:39,991 [main] INFO  volume.ThrottledAsyncChecker (ThrottledAsyncChecker.java:schedule(141)) - Scheduling a check for /workdir/hadoop-ozone/integration-test/target/test-dir/MiniOzoneClusterImpl-33986320-1065-4a8e-9f2e-ea3716de2538/datanode-3/data/containers/hdds
2019-11-15 23:39:39,992 [main] INFO  volume.HddsVolumeChecker (HddsVolumeChecker.java:checkAllVolumes(204)) - Scheduled health check for volume /workdir/hadoop-ozone/integration-test/target/test-dir/MiniOzoneClusterImpl-33986320-1065-4a8e-9f2e-ea3716de2538/datanode-3/data/containers/hdds
2019-11-15 23:39:40,007 [main] INFO  impl.RaftServerProxy (ConfUtils.java:logGet(43)) - raft.rpc.type = GRPC (default)
2019-11-15 23:39:40,007 [main] INFO  grpc.GrpcFactory (GrpcFactory.java:checkPooledByteBufAllocatorUseCacheForAllThreads(45)) - PERFORMANCE WARNING: useCacheForAllThreads is true that may cause Netty to create a lot garbage objects and, as a result, trigger GC.
	It is recommended to disable useCacheForAllThreads by setting -Dorg.apache.ratis.thirdparty.io.netty.allocator.useCacheForAllThreads=false in command line.
2019-11-15 23:39:40,008 [main] INFO  grpc.GrpcConfigKeys$Server (ConfUtils.java:logGet(43)) - raft.grpc.server.port = 0 (default)
2019-11-15 23:39:40,008 [main] INFO  server.GrpcService (ConfUtils.java:logGet(43)) - raft.grpc.message.size.max = 33570816 (custom)
2019-11-15 23:39:40,008 [main] INFO  server.RaftServerConfigKeys (ConfUtils.java:logGet(43)) - raft.server.log.appender.buffer.byte-limit = 33554432 (custom)
2019-11-15 23:39:40,008 [main] INFO  server.GrpcService (ConfUtils.java:logGet(43)) - raft.grpc.flow.control.window = 1MB (=1048576) (default)
2019-11-15 23:39:40,008 [main] INFO  server.RaftServerConfigKeys (ConfUtils.java:logGet(43)) - raft.server.rpc.request.timeout = 3000ms (default)
2019-11-15 23:39:40,009 [main] INFO  server.RaftServerConfigKeys (ConfUtils.java:logGet(43)) - raft.server.storage.dir = [/workdir/hadoop-ozone/integration-test/target/test-dir/MiniOzoneClusterImpl-33986320-1065-4a8e-9f2e-ea3716de2538/datanode-3/data/ratis] (custom)
2019-11-15 23:39:40,010 [main] INFO  hdfs.DFSUtil (DFSUtil.java:httpServerTemplateForNNAndJN(1641)) - Starting Web-server for hddsDatanode at: http://0.0.0.0:0
2019-11-15 23:39:40,012 [main] INFO  server.AuthenticationFilter (AuthenticationFilter.java:constructSecretProvider(240)) - Unable to initialize FileSignerSecretProvider, falling back to use random secrets.
2019-11-15 23:39:40,012 [main] WARN  http.HttpRequestLog (HttpRequestLog.java:getRequestLog(97)) - Jetty request log can only be enabled using Log4j
2019-11-15 23:39:40,014 [main] INFO  http.HttpServer2 (HttpServer2.java:addGlobalFilter(975)) - Added global filter 'safety' (class=org.apache.hadoop.http.HttpServer2$QuotingInputFilter)
2019-11-15 23:39:40,015 [main] INFO  http.HttpServer2 (HttpServer2.java:addFilter(948)) - Added filter static_user_filter (class=org.apache.hadoop.http.lib.StaticUserWebFilter$StaticUserFilter) to context hddsDatanode
2019-11-15 23:39:40,015 [main] INFO  http.HttpServer2 (HttpServer2.java:addFilter(958)) - Added filter static_user_filter (class=org.apache.hadoop.http.lib.StaticUserWebFilter$StaticUserFilter) to context logs
2019-11-15 23:39:40,015 [main] INFO  http.HttpServer2 (HttpServer2.java:addFilter(958)) - Added filter static_user_filter (class=org.apache.hadoop.http.lib.StaticUserWebFilter$StaticUserFilter) to context static
2019-11-15 23:39:40,016 [main] INFO  http.HttpServer2 (HttpServer2.java:bindListener(1191)) - Jetty bound to port 36914
2019-11-15 23:39:40,016 [main] INFO  server.Server (Server.java:doStart(351)) - jetty-9.3.25.v20180904, build timestamp: 2018-09-04T21:11:46Z, git hash: 3ce520221d0240229c862b122d2b06c12a625732
2019-11-15 23:39:40,018 [main] INFO  handler.ContextHandler (ContextHandler.java:doStart(781)) - Started o.e.j.s.ServletContextHandler@4dde8976{/logs,file:///workdir/hadoop-ozone/integration-test/target/log,AVAILABLE}
2019-11-15 23:39:40,019 [main] INFO  handler.ContextHandler (ContextHandler.java:doStart(781)) - Started o.e.j.s.ServletContextHandler@3b4825f0{/static,jar:file:/home/user/.m2/repository/org/apache/hadoop/hadoop-hdds-container-service/0.5.0-SNAPSHOT/hadoop-hdds-container-service-0.5.0-SNAPSHOT.jar!/webapps/static,AVAILABLE}
2019-11-15 23:39:40,051 [main] INFO  handler.ContextHandler (ContextHandler.java:doStart(781)) - Started o.e.j.w.WebAppContext@35ef439e{/,file:///tmp/jetty-0.0.0.0-36914-hddsDatanode-_-any-1658650329840992411.dir/webapp/,AVAILABLE}{/hddsDatanode}
2019-11-15 23:39:40,052 [main] INFO  server.AbstractConnector (AbstractConnector.java:doStart(278)) - Started ServerConnector@4997552e{HTTP/1.1,[http/1.1]}{0.0.0.0:36914}
2019-11-15 23:39:40,052 [main] INFO  server.Server (Server.java:doStart(419)) - Started @96399ms
2019-11-15 23:39:40,052 [main] WARN  impl.MetricsSystemImpl (MetricsSystemImpl.java:register(276)) - Sink prometheus already exists!
2019-11-15 23:39:40,053 [main] INFO  server.BaseHttpServer (BaseHttpServer.java:updateConnectorAddress(215)) - HTTP server of HDDSDATANODE is listening at http://0.0.0.0:36914
2019-11-15 23:39:40,053 [main] INFO  impl.MetricsSystemImpl (MetricsSystemImpl.java:init(158)) - HddsDatanode metrics system started (again)
2019-11-15 23:39:40,056 [main] INFO  ozone.HddsDatanodeService (HddsDatanodeService.java:start(186)) - HddsDatanodeService host:pr-hdds-2501-jccjl-2716832651 ip:192.168.69.89
2019-11-15 23:39:40,056 [org.apache.hadoop.util.JvmPauseMonitor$Monitor@599baf92] INFO  util.JvmPauseMonitor (JvmPauseMonitor.java:run(188)) - Starting JVM pause monitor
2019-11-15 23:39:40,058 [Datanode State Machine Thread - 0] INFO  datanode.InitDatanodeState (InitDatanodeState.java:persistContainerDatanodeDetails(140)) - DatanodeDetails is persisted to /workdir/hadoop-ozone/integration-test/target/test-dir/MiniOzoneClusterImpl-33986320-1065-4a8e-9f2e-ea3716de2538/datanode-3/meta/datanode.id
2019-11-15 23:39:40,063 [main] INFO  volume.HddsVolume (HddsVolume.java:<init>(176)) - Creating Volume: /workdir/hadoop-ozone/integration-test/target/test-dir/MiniOzoneClusterImpl-33986320-1065-4a8e-9f2e-ea3716de2538/datanode-4/data/containers/hdds of  storage type : DISK and capacity : 1482555576320
2019-11-15 23:39:40,063 [main] INFO  volume.VolumeSet (VolumeSet.java:initializeVolumeSet(170)) - Added Volume : /workdir/hadoop-ozone/integration-test/target/test-dir/MiniOzoneClusterImpl-33986320-1065-4a8e-9f2e-ea3716de2538/datanode-4/data/containers/hdds to VolumeSet
2019-11-15 23:39:40,063 [main] INFO  volume.ThrottledAsyncChecker (ThrottledAsyncChecker.java:schedule(141)) - Scheduling a check for /workdir/hadoop-ozone/integration-test/target/test-dir/MiniOzoneClusterImpl-33986320-1065-4a8e-9f2e-ea3716de2538/datanode-4/data/containers/hdds
2019-11-15 23:39:40,064 [main] INFO  volume.HddsVolumeChecker (HddsVolumeChecker.java:checkAllVolumes(204)) - Scheduled health check for volume /workdir/hadoop-ozone/integration-test/target/test-dir/MiniOzoneClusterImpl-33986320-1065-4a8e-9f2e-ea3716de2538/datanode-4/data/containers/hdds
2019-11-15 23:39:40,076 [main] INFO  impl.RaftServerProxy (ConfUtils.java:logGet(43)) - raft.rpc.type = GRPC (default)
2019-11-15 23:39:40,076 [main] INFO  grpc.GrpcFactory (GrpcFactory.java:checkPooledByteBufAllocatorUseCacheForAllThreads(45)) - PERFORMANCE WARNING: useCacheForAllThreads is true that may cause Netty to create a lot garbage objects and, as a result, trigger GC.
	It is recommended to disable useCacheForAllThreads by setting -Dorg.apache.ratis.thirdparty.io.netty.allocator.useCacheForAllThreads=false in command line.
2019-11-15 23:39:40,076 [main] INFO  grpc.GrpcConfigKeys$Server (ConfUtils.java:logGet(43)) - raft.grpc.server.port = 0 (default)
2019-11-15 23:39:40,076 [main] INFO  server.GrpcService (ConfUtils.java:logGet(43)) - raft.grpc.message.size.max = 33570816 (custom)
2019-11-15 23:39:40,076 [main] INFO  server.RaftServerConfigKeys (ConfUtils.java:logGet(43)) - raft.server.log.appender.buffer.byte-limit = 33554432 (custom)
2019-11-15 23:39:40,076 [main] INFO  server.GrpcService (ConfUtils.java:logGet(43)) - raft.grpc.flow.control.window = 1MB (=1048576) (default)
2019-11-15 23:39:40,077 [main] INFO  server.RaftServerConfigKeys (ConfUtils.java:logGet(43)) - raft.server.rpc.request.timeout = 3000ms (default)
2019-11-15 23:39:40,077 [main] INFO  server.RaftServerConfigKeys (ConfUtils.java:logGet(43)) - raft.server.storage.dir = [/workdir/hadoop-ozone/integration-test/target/test-dir/MiniOzoneClusterImpl-33986320-1065-4a8e-9f2e-ea3716de2538/datanode-4/data/ratis] (custom)
2019-11-15 23:39:40,078 [main] INFO  hdfs.DFSUtil (DFSUtil.java:httpServerTemplateForNNAndJN(1641)) - Starting Web-server for hddsDatanode at: http://0.0.0.0:0
2019-11-15 23:39:40,079 [main] INFO  server.AuthenticationFilter (AuthenticationFilter.java:constructSecretProvider(240)) - Unable to initialize FileSignerSecretProvider, falling back to use random secrets.
2019-11-15 23:39:40,080 [main] WARN  http.HttpRequestLog (HttpRequestLog.java:getRequestLog(97)) - Jetty request log can only be enabled using Log4j
2019-11-15 23:39:40,081 [main] INFO  http.HttpServer2 (HttpServer2.java:addGlobalFilter(975)) - Added global filter 'safety' (class=org.apache.hadoop.http.HttpServer2$QuotingInputFilter)
2019-11-15 23:39:40,081 [main] INFO  http.HttpServer2 (HttpServer2.java:addFilter(948)) - Added filter static_user_filter (class=org.apache.hadoop.http.lib.StaticUserWebFilter$StaticUserFilter) to context hddsDatanode
2019-11-15 23:39:40,081 [main] INFO  http.HttpServer2 (HttpServer2.java:addFilter(958)) - Added filter static_user_filter (class=org.apache.hadoop.http.lib.StaticUserWebFilter$StaticUserFilter) to context static
2019-11-15 23:39:40,081 [main] INFO  http.HttpServer2 (HttpServer2.java:addFilter(958)) - Added filter static_user_filter (class=org.apache.hadoop.http.lib.StaticUserWebFilter$StaticUserFilter) to context logs
2019-11-15 23:39:40,082 [main] INFO  http.HttpServer2 (HttpServer2.java:bindListener(1191)) - Jetty bound to port 36575
2019-11-15 23:39:40,082 [main] INFO  server.Server (Server.java:doStart(351)) - jetty-9.3.25.v20180904, build timestamp: 2018-09-04T21:11:46Z, git hash: 3ce520221d0240229c862b122d2b06c12a625732
2019-11-15 23:39:40,084 [main] INFO  handler.ContextHandler (ContextHandler.java:doStart(781)) - Started o.e.j.s.ServletContextHandler@25a7fedf{/logs,file:///workdir/hadoop-ozone/integration-test/target/log,AVAILABLE}
2019-11-15 23:39:40,084 [main] INFO  handler.ContextHandler (ContextHandler.java:doStart(781)) - Started o.e.j.s.ServletContextHandler@1b9d9a2b{/static,jar:file:/home/user/.m2/repository/org/apache/hadoop/hadoop-hdds-container-service/0.5.0-SNAPSHOT/hadoop-hdds-container-service-0.5.0-SNAPSHOT.jar!/webapps/static,AVAILABLE}
2019-11-15 23:39:40,113 [main] INFO  handler.ContextHandler (ContextHandler.java:doStart(781)) - Started o.e.j.w.WebAppContext@5be052ca{/,file:///tmp/jetty-0.0.0.0-36575-hddsDatanode-_-any-1608523713635307950.dir/webapp/,AVAILABLE}{/hddsDatanode}
2019-11-15 23:39:40,113 [main] INFO  server.AbstractConnector (AbstractConnector.java:doStart(278)) - Started ServerConnector@2007435e{HTTP/1.1,[http/1.1]}{0.0.0.0:36575}
2019-11-15 23:39:40,114 [main] INFO  server.Server (Server.java:doStart(419)) - Started @96460ms
2019-11-15 23:39:40,114 [main] WARN  impl.MetricsSystemImpl (MetricsSystemImpl.java:register(276)) - Sink prometheus already exists!
2019-11-15 23:39:40,115 [main] INFO  server.BaseHttpServer (BaseHttpServer.java:updateConnectorAddress(215)) - HTTP server of HDDSDATANODE is listening at http://0.0.0.0:36575
2019-11-15 23:39:40,115 [main] INFO  impl.MetricsSystemImpl (MetricsSystemImpl.java:init(158)) - HddsDatanode metrics system started (again)
2019-11-15 23:39:40,117 [org.apache.hadoop.util.JvmPauseMonitor$Monitor@b4de06b] INFO  util.JvmPauseMonitor (JvmPauseMonitor.java:run(188)) - Starting JVM pause monitor
2019-11-15 23:39:40,118 [main] INFO  ozone.HddsDatanodeService (HddsDatanodeService.java:start(186)) - HddsDatanodeService host:pr-hdds-2501-jccjl-2716832651 ip:192.168.69.89
2019-11-15 23:39:40,119 [Datanode State Machine Thread - 0] INFO  datanode.InitDatanodeState (InitDatanodeState.java:persistContainerDatanodeDetails(140)) - DatanodeDetails is persisted to /workdir/hadoop-ozone/integration-test/target/test-dir/MiniOzoneClusterImpl-33986320-1065-4a8e-9f2e-ea3716de2538/datanode-4/meta/datanode.id
2019-11-15 23:39:40,126 [main] INFO  volume.HddsVolume (HddsVolume.java:<init>(176)) - Creating Volume: /workdir/hadoop-ozone/integration-test/target/test-dir/MiniOzoneClusterImpl-33986320-1065-4a8e-9f2e-ea3716de2538/datanode-5/data/containers/hdds of  storage type : DISK and capacity : 1482555576320
2019-11-15 23:39:40,127 [main] INFO  volume.VolumeSet (VolumeSet.java:initializeVolumeSet(170)) - Added Volume : /workdir/hadoop-ozone/integration-test/target/test-dir/MiniOzoneClusterImpl-33986320-1065-4a8e-9f2e-ea3716de2538/datanode-5/data/containers/hdds to VolumeSet
2019-11-15 23:39:40,127 [main] INFO  volume.ThrottledAsyncChecker (ThrottledAsyncChecker.java:schedule(141)) - Scheduling a check for /workdir/hadoop-ozone/integration-test/target/test-dir/MiniOzoneClusterImpl-33986320-1065-4a8e-9f2e-ea3716de2538/datanode-5/data/containers/hdds
2019-11-15 23:39:40,128 [main] INFO  volume.HddsVolumeChecker (HddsVolumeChecker.java:checkAllVolumes(204)) - Scheduled health check for volume /workdir/hadoop-ozone/integration-test/target/test-dir/MiniOzoneClusterImpl-33986320-1065-4a8e-9f2e-ea3716de2538/datanode-5/data/containers/hdds
2019-11-15 23:39:40,146 [main] INFO  impl.RaftServerProxy (ConfUtils.java:logGet(43)) - raft.rpc.type = GRPC (default)
2019-11-15 23:39:40,147 [main] INFO  grpc.GrpcFactory (GrpcFactory.java:checkPooledByteBufAllocatorUseCacheForAllThreads(45)) - PERFORMANCE WARNING: useCacheForAllThreads is true that may cause Netty to create a lot garbage objects and, as a result, trigger GC.
	It is recommended to disable useCacheForAllThreads by setting -Dorg.apache.ratis.thirdparty.io.netty.allocator.useCacheForAllThreads=false in command line.
2019-11-15 23:39:40,147 [main] INFO  grpc.GrpcConfigKeys$Server (ConfUtils.java:logGet(43)) - raft.grpc.server.port = 0 (default)
2019-11-15 23:39:40,147 [main] INFO  server.GrpcService (ConfUtils.java:logGet(43)) - raft.grpc.message.size.max = 33570816 (custom)
2019-11-15 23:39:40,147 [main] INFO  server.RaftServerConfigKeys (ConfUtils.java:logGet(43)) - raft.server.log.appender.buffer.byte-limit = 33554432 (custom)
2019-11-15 23:39:40,148 [main] INFO  server.GrpcService (ConfUtils.java:logGet(43)) - raft.grpc.flow.control.window = 1MB (=1048576) (default)
2019-11-15 23:39:40,148 [main] INFO  server.RaftServerConfigKeys (ConfUtils.java:logGet(43)) - raft.server.rpc.request.timeout = 3000ms (default)
2019-11-15 23:39:40,148 [main] INFO  server.RaftServerConfigKeys (ConfUtils.java:logGet(43)) - raft.server.storage.dir = [/workdir/hadoop-ozone/integration-test/target/test-dir/MiniOzoneClusterImpl-33986320-1065-4a8e-9f2e-ea3716de2538/datanode-5/data/ratis] (custom)
2019-11-15 23:39:40,151 [main] INFO  hdfs.DFSUtil (DFSUtil.java:httpServerTemplateForNNAndJN(1641)) - Starting Web-server for hddsDatanode at: http://0.0.0.0:0
2019-11-15 23:39:40,152 [main] INFO  server.AuthenticationFilter (AuthenticationFilter.java:constructSecretProvider(240)) - Unable to initialize FileSignerSecretProvider, falling back to use random secrets.
2019-11-15 23:39:40,153 [main] WARN  http.HttpRequestLog (HttpRequestLog.java:getRequestLog(97)) - Jetty request log can only be enabled using Log4j
2019-11-15 23:39:40,154 [main] INFO  http.HttpServer2 (HttpServer2.java:addGlobalFilter(975)) - Added global filter 'safety' (class=org.apache.hadoop.http.HttpServer2$QuotingInputFilter)
2019-11-15 23:39:40,154 [main] INFO  http.HttpServer2 (HttpServer2.java:addFilter(948)) - Added filter static_user_filter (class=org.apache.hadoop.http.lib.StaticUserWebFilter$StaticUserFilter) to context hddsDatanode
2019-11-15 23:39:40,154 [main] INFO  http.HttpServer2 (HttpServer2.java:addFilter(958)) - Added filter static_user_filter (class=org.apache.hadoop.http.lib.StaticUserWebFilter$StaticUserFilter) to context static
2019-11-15 23:39:40,154 [main] INFO  http.HttpServer2 (HttpServer2.java:addFilter(958)) - Added filter static_user_filter (class=org.apache.hadoop.http.lib.StaticUserWebFilter$StaticUserFilter) to context logs
2019-11-15 23:39:40,155 [main] INFO  http.HttpServer2 (HttpServer2.java:bindListener(1191)) - Jetty bound to port 41772
2019-11-15 23:39:40,155 [main] INFO  server.Server (Server.java:doStart(351)) - jetty-9.3.25.v20180904, build timestamp: 2018-09-04T21:11:46Z, git hash: 3ce520221d0240229c862b122d2b06c12a625732
2019-11-15 23:39:40,157 [main] INFO  handler.ContextHandler (ContextHandler.java:doStart(781)) - Started o.e.j.s.ServletContextHandler@2fb25f4c{/logs,file:///workdir/hadoop-ozone/integration-test/target/log,AVAILABLE}
2019-11-15 23:39:40,157 [main] INFO  handler.ContextHandler (ContextHandler.java:doStart(781)) - Started o.e.j.s.ServletContextHandler@342e690b{/static,jar:file:/home/user/.m2/repository/org/apache/hadoop/hadoop-hdds-container-service/0.5.0-SNAPSHOT/hadoop-hdds-container-service-0.5.0-SNAPSHOT.jar!/webapps/static,AVAILABLE}
2019-11-15 23:39:40,185 [main] INFO  handler.ContextHandler (ContextHandler.java:doStart(781)) - Started o.e.j.w.WebAppContext@f2a1813{/,file:///tmp/jetty-0.0.0.0-41772-hddsDatanode-_-any-8366323717653823100.dir/webapp/,AVAILABLE}{/hddsDatanode}
2019-11-15 23:39:40,186 [main] INFO  server.AbstractConnector (AbstractConnector.java:doStart(278)) - Started ServerConnector@79f90a3a{HTTP/1.1,[http/1.1]}{0.0.0.0:41772}
2019-11-15 23:39:40,187 [main] INFO  server.Server (Server.java:doStart(419)) - Started @96533ms
2019-11-15 23:39:40,187 [main] WARN  impl.MetricsSystemImpl (MetricsSystemImpl.java:register(276)) - Sink prometheus already exists!
2019-11-15 23:39:40,188 [main] INFO  server.BaseHttpServer (BaseHttpServer.java:updateConnectorAddress(215)) - HTTP server of HDDSDATANODE is listening at http://0.0.0.0:41772
2019-11-15 23:39:40,188 [main] INFO  ozone.MiniOzoneClusterImpl (MiniOzoneClusterImpl.java:lambda$waitForClusterToBeReady$2(171)) - Waiting for cluster to be ready. Got 0 of 6 DN Heartbeats.
2019-11-15 23:39:40,189 [org.apache.hadoop.util.JvmPauseMonitor$Monitor@5f185bba] INFO  util.JvmPauseMonitor (JvmPauseMonitor.java:run(188)) - Starting JVM pause monitor
2019-11-15 23:39:40,192 [Datanode State Machine Thread - 0] INFO  datanode.InitDatanodeState (InitDatanodeState.java:persistContainerDatanodeDetails(140)) - DatanodeDetails is persisted to /workdir/hadoop-ozone/integration-test/target/test-dir/MiniOzoneClusterImpl-33986320-1065-4a8e-9f2e-ea3716de2538/datanode-5/meta/datanode.id
2019-11-15 23:39:41,188 [main] INFO  ozone.MiniOzoneClusterImpl (MiniOzoneClusterImpl.java:lambda$waitForClusterToBeReady$2(171)) - Waiting for cluster to be ready. Got 0 of 6 DN Heartbeats.
2019-11-15 23:39:41,879 [Datanode State Machine Thread - 0] INFO  ozoneimpl.OzoneContainer (OzoneContainer.java:start(230)) - Attempting to start container services.
2019-11-15 23:39:41,880 [Datanode State Machine Thread - 0] INFO  ozoneimpl.OzoneContainer (OzoneContainer.java:startContainerScrub(194)) - Background container scanner has been disabled.
2019-11-15 23:39:41,880 [Datanode State Machine Thread - 0] INFO  ratis.XceiverServerRatis (XceiverServerRatis.java:start(421)) - Starting XceiverServerRatis 5fa1608a-d503-4104-880b-6be568a6d1ca at port 0
2019-11-15 23:39:41,890 [Datanode State Machine Thread - 0] INFO  impl.RaftServerProxy (RaftServerProxy.java:lambda$start$3(299)) - 5fa1608a-d503-4104-880b-6be568a6d1ca: start RPC server
2019-11-15 23:39:41,894 [Datanode State Machine Thread - 0] INFO  server.GrpcService (GrpcService.java:startImpl(158)) - 5fa1608a-d503-4104-880b-6be568a6d1ca: GrpcService started, listening on 0.0.0.0/0.0.0.0:34320
2019-11-15 23:39:41,894 [Datanode State Machine Thread - 0] INFO  ratis.XceiverServerRatis (XceiverServerRatis.java:start(431)) - XceiverServerRatis 5fa1608a-d503-4104-880b-6be568a6d1ca is started using port 34320
2019-11-15 23:39:41,895 [Datanode State Machine Thread - 0] INFO  server.XceiverServerGrpc (XceiverServerGrpc.java:start(145)) - XceiverServerGrpc 5fa1608a-d503-4104-880b-6be568a6d1ca is started using port 36724
2019-11-15 23:39:41,929 [Datanode State Machine Thread - 0] INFO  ozoneimpl.OzoneContainer (OzoneContainer.java:start(230)) - Attempting to start container services.
2019-11-15 23:39:41,929 [Datanode State Machine Thread - 0] INFO  ozoneimpl.OzoneContainer (OzoneContainer.java:startContainerScrub(194)) - Background container scanner has been disabled.
2019-11-15 23:39:41,929 [Datanode State Machine Thread - 0] INFO  ratis.XceiverServerRatis (XceiverServerRatis.java:start(421)) - Starting XceiverServerRatis 5631d385-0b46-47bf-960c-236f816b46d3 at port 0
2019-11-15 23:39:41,940 [Datanode State Machine Thread - 0] INFO  impl.RaftServerProxy (RaftServerProxy.java:lambda$start$3(299)) - 5631d385-0b46-47bf-960c-236f816b46d3: start RPC server
2019-11-15 23:39:41,942 [Datanode State Machine Thread - 0] INFO  server.GrpcService (GrpcService.java:startImpl(158)) - 5631d385-0b46-47bf-960c-236f816b46d3: GrpcService started, listening on 0.0.0.0/0.0.0.0:38050
2019-11-15 23:39:41,942 [Datanode State Machine Thread - 0] INFO  ratis.XceiverServerRatis (XceiverServerRatis.java:start(431)) - XceiverServerRatis 5631d385-0b46-47bf-960c-236f816b46d3 is started using port 38050
2019-11-15 23:39:41,943 [Datanode State Machine Thread - 0] INFO  server.XceiverServerGrpc (XceiverServerGrpc.java:start(145)) - XceiverServerGrpc 5631d385-0b46-47bf-960c-236f816b46d3 is started using port 42889
2019-11-15 23:39:41,995 [Datanode State Machine Thread - 0] INFO  ozoneimpl.OzoneContainer (OzoneContainer.java:start(230)) - Attempting to start container services.
2019-11-15 23:39:41,995 [Datanode State Machine Thread - 0] INFO  ozoneimpl.OzoneContainer (OzoneContainer.java:startContainerScrub(194)) - Background container scanner has been disabled.
2019-11-15 23:39:41,995 [Datanode State Machine Thread - 0] INFO  ratis.XceiverServerRatis (XceiverServerRatis.java:start(421)) - Starting XceiverServerRatis 08a53ee3-16fe-4887-981c-fcef61fe445a at port 0
2019-11-15 23:39:42,004 [Datanode State Machine Thread - 0] INFO  impl.RaftServerProxy (RaftServerProxy.java:lambda$start$3(299)) - 08a53ee3-16fe-4887-981c-fcef61fe445a: start RPC server
2019-11-15 23:39:42,006 [Datanode State Machine Thread - 0] INFO  server.GrpcService (GrpcService.java:startImpl(158)) - 08a53ee3-16fe-4887-981c-fcef61fe445a: GrpcService started, listening on 0.0.0.0/0.0.0.0:38583
2019-11-15 23:39:42,006 [Datanode State Machine Thread - 0] INFO  ratis.XceiverServerRatis (XceiverServerRatis.java:start(431)) - XceiverServerRatis 08a53ee3-16fe-4887-981c-fcef61fe445a is started using port 38583
2019-11-15 23:39:42,007 [Datanode State Machine Thread - 0] INFO  server.XceiverServerGrpc (XceiverServerGrpc.java:start(145)) - XceiverServerGrpc 08a53ee3-16fe-4887-981c-fcef61fe445a is started using port 46501
2019-11-15 23:39:42,080 [Datanode State Machine Thread - 0] INFO  ozoneimpl.OzoneContainer (OzoneContainer.java:start(230)) - Attempting to start container services.
2019-11-15 23:39:42,080 [Datanode State Machine Thread - 0] INFO  ozoneimpl.OzoneContainer (OzoneContainer.java:startContainerScrub(194)) - Background container scanner has been disabled.
2019-11-15 23:39:42,080 [Datanode State Machine Thread - 0] INFO  ratis.XceiverServerRatis (XceiverServerRatis.java:start(421)) - Starting XceiverServerRatis 4b590edd-7cfe-4917-88ed-6329a2b55bbe at port 0
2019-11-15 23:39:42,087 [Datanode State Machine Thread - 0] INFO  impl.RaftServerProxy (RaftServerProxy.java:lambda$start$3(299)) - 4b590edd-7cfe-4917-88ed-6329a2b55bbe: start RPC server
2019-11-15 23:39:42,089 [Datanode State Machine Thread - 0] INFO  server.GrpcService (GrpcService.java:startImpl(158)) - 4b590edd-7cfe-4917-88ed-6329a2b55bbe: GrpcService started, listening on 0.0.0.0/0.0.0.0:40974
2019-11-15 23:39:42,089 [Datanode State Machine Thread - 0] INFO  ratis.XceiverServerRatis (XceiverServerRatis.java:start(431)) - XceiverServerRatis 4b590edd-7cfe-4917-88ed-6329a2b55bbe is started using port 40974
2019-11-15 23:39:42,091 [Datanode State Machine Thread - 0] INFO  server.XceiverServerGrpc (XceiverServerGrpc.java:start(145)) - XceiverServerGrpc 4b590edd-7cfe-4917-88ed-6329a2b55bbe is started using port 45849
2019-11-15 23:39:42,130 [Datanode State Machine Thread - 0] INFO  ozoneimpl.OzoneContainer (OzoneContainer.java:start(230)) - Attempting to start container services.
2019-11-15 23:39:42,131 [Datanode State Machine Thread - 0] INFO  ozoneimpl.OzoneContainer (OzoneContainer.java:startContainerScrub(194)) - Background container scanner has been disabled.
2019-11-15 23:39:42,131 [Datanode State Machine Thread - 0] INFO  ratis.XceiverServerRatis (XceiverServerRatis.java:start(421)) - Starting XceiverServerRatis 44c1a031-22df-4fb3-be71-2a7e67cf760d at port 0
2019-11-15 23:39:42,140 [Datanode State Machine Thread - 0] INFO  impl.RaftServerProxy (RaftServerProxy.java:lambda$start$3(299)) - 44c1a031-22df-4fb3-be71-2a7e67cf760d: start RPC server
2019-11-15 23:39:42,140 [Datanode State Machine Thread - 0] INFO  server.GrpcService (GrpcService.java:startImpl(158)) - 44c1a031-22df-4fb3-be71-2a7e67cf760d: GrpcService started, listening on 0.0.0.0/0.0.0.0:40732
2019-11-15 23:39:42,140 [Datanode State Machine Thread - 0] INFO  ratis.XceiverServerRatis (XceiverServerRatis.java:start(431)) - XceiverServerRatis 44c1a031-22df-4fb3-be71-2a7e67cf760d is started using port 40732
2019-11-15 23:39:42,141 [Datanode State Machine Thread - 0] INFO  server.XceiverServerGrpc (XceiverServerGrpc.java:start(145)) - XceiverServerGrpc 44c1a031-22df-4fb3-be71-2a7e67cf760d is started using port 46120
2019-11-15 23:39:42,189 [main] INFO  ozone.MiniOzoneClusterImpl (MiniOzoneClusterImpl.java:lambda$waitForClusterToBeReady$2(171)) - Waiting for cluster to be ready. Got 0 of 6 DN Heartbeats.
2019-11-15 23:39:42,215 [Datanode State Machine Thread - 0] INFO  ozoneimpl.OzoneContainer (OzoneContainer.java:start(230)) - Attempting to start container services.
2019-11-15 23:39:42,216 [Datanode State Machine Thread - 0] INFO  ozoneimpl.OzoneContainer (OzoneContainer.java:startContainerScrub(194)) - Background container scanner has been disabled.
2019-11-15 23:39:42,216 [Datanode State Machine Thread - 0] INFO  ratis.XceiverServerRatis (XceiverServerRatis.java:start(421)) - Starting XceiverServerRatis 852bb6bc-fc53-4f9b-b145-e7434400ca8b at port 0
2019-11-15 23:39:42,224 [Datanode State Machine Thread - 0] INFO  impl.RaftServerProxy (RaftServerProxy.java:lambda$start$3(299)) - 852bb6bc-fc53-4f9b-b145-e7434400ca8b: start RPC server
2019-11-15 23:39:42,226 [Datanode State Machine Thread - 0] INFO  server.GrpcService (GrpcService.java:startImpl(158)) - 852bb6bc-fc53-4f9b-b145-e7434400ca8b: GrpcService started, listening on 0.0.0.0/0.0.0.0:35193
2019-11-15 23:39:42,226 [Datanode State Machine Thread - 0] INFO  ratis.XceiverServerRatis (XceiverServerRatis.java:start(431)) - XceiverServerRatis 852bb6bc-fc53-4f9b-b145-e7434400ca8b is started using port 35193
2019-11-15 23:39:42,234 [Datanode State Machine Thread - 0] INFO  server.XceiverServerGrpc (XceiverServerGrpc.java:start(145)) - XceiverServerGrpc 852bb6bc-fc53-4f9b-b145-e7434400ca8b is started using port 46033
2019-11-15 23:39:43,190 [main] INFO  ozone.MiniOzoneClusterImpl (MiniOzoneClusterImpl.java:lambda$waitForClusterToBeReady$2(171)) - Waiting for cluster to be ready. Got 0 of 6 DN Heartbeats.
2019-11-15 23:39:43,845 [IPC Server handler 4 on 40267] INFO  net.NetworkTopology (NetworkTopologyImpl.java:add(111)) - Added a new node: /default-rack/5fa1608a-d503-4104-880b-6be568a6d1ca
2019-11-15 23:39:43,846 [IPC Server handler 4 on 40267] INFO  node.SCMNodeManager (SCMNodeManager.java:register(267)) - Registered Data node : 5fa1608a-d503-4104-880b-6be568a6d1ca{ip: 192.168.69.89, host: pr-hdds-2501-jccjl-2716832651, networkLocation: /default-rack, certSerialId: null}
2019-11-15 23:39:43,847 [EventQueue-NodeRegistrationContainerReportForDataNodeSafeModeRule] INFO  safemode.SCMSafeModeManager (DataNodeSafeModeRule.java:process(71)) - SCM in safe mode. 1 DataNodes registered, 1 required.
2019-11-15 23:39:43,849 [EventQueue-NodeRegistrationContainerReportForDataNodeSafeModeRule] INFO  safemode.SCMSafeModeManager (SCMSafeModeManager.java:validateSafeModeExitRules(177)) - ScmSafeModeManager, all rules are successfully validated
2019-11-15 23:39:43,849 [EventQueue-NodeRegistrationContainerReportForDataNodeSafeModeRule] INFO  safemode.SCMSafeModeManager (SCMSafeModeManager.java:exitSafeMode(193)) - SCM exiting safe mode.
2019-11-15 23:39:43,857 [grpc-default-executor-0] INFO  impl.RaftServerProxy (RaftServerProxy.java:addNew(89)) - 5fa1608a-d503-4104-880b-6be568a6d1ca: addNew group-01FDCBE52018:[5fa1608a-d503-4104-880b-6be568a6d1ca:192.168.69.89:34320] returns group-01FDCBE52018:java.util.concurrent.CompletableFuture@577561e0[Not completed]
2019-11-15 23:39:43,861 [pool-153-thread-1] INFO  impl.RaftServerImpl (RaftServerImpl.java:<init>(98)) - 5fa1608a-d503-4104-880b-6be568a6d1ca: new RaftServerImpl for group-01FDCBE52018:[5fa1608a-d503-4104-880b-6be568a6d1ca:192.168.69.89:34320] with ContainerStateMachine:uninitialized
2019-11-15 23:39:43,861 [pool-153-thread-1] INFO  server.RaftServerConfigKeys (ConfUtils.java:logGet(43)) - raft.server.rpc.timeout.min = 1s (custom)
2019-11-15 23:39:43,861 [pool-153-thread-1] INFO  server.RaftServerConfigKeys (ConfUtils.java:logGet(43)) - raft.server.rpc.timeout.max = 1200ms (custom)
2019-11-15 23:39:43,861 [pool-153-thread-1] INFO  server.RaftServerConfigKeys (ConfUtils.java:logGet(43)) - raft.server.rpcslowness.timeout = 120s (custom)
2019-11-15 23:39:43,861 [pool-153-thread-1] INFO  server.RaftServerConfigKeys (ConfUtils.java:logGet(43)) - raft.server.sleep.deviation.threshold = 300 (default)
2019-11-15 23:39:43,862 [pool-153-thread-1] INFO  server.RaftServerConfigKeys (ConfUtils.java:logGet(43)) - raft.server.log.appender.install.snapshot.enabled = false (custom)
2019-11-15 23:39:43,862 [pool-153-thread-1] INFO  impl.RaftServerImpl (ServerState.java:<init>(103)) - 5fa1608a-d503-4104-880b-6be568a6d1ca@group-01FDCBE52018: ConfigurationManager, init=-1: [5fa1608a-d503-4104-880b-6be568a6d1ca:192.168.69.89:34320], old=null, confs=<EMPTY_MAP>
2019-11-15 23:39:43,862 [pool-153-thread-1] INFO  server.RaftServerConfigKeys (ConfUtils.java:logGet(43)) - raft.server.storage.dir = [/workdir/hadoop-ozone/integration-test/target/test-dir/MiniOzoneClusterImpl-33986320-1065-4a8e-9f2e-ea3716de2538/datanode-0/data/ratis] (custom)
2019-11-15 23:39:43,863 [pool-153-thread-1] INFO  server.RaftServerConfigKeys (ConfUtils.java:logGet(43)) - raft.server.log.corruption.policy = EXCEPTION (default)
2019-11-15 23:39:43,863 [pool-153-thread-1] INFO  storage.RaftStorageDirectory (RaftStorageDirectory.java:analyzeStorage(246)) - The storage directory /workdir/hadoop-ozone/integration-test/target/test-dir/MiniOzoneClusterImpl-33986320-1065-4a8e-9f2e-ea3716de2538/datanode-0/data/ratis/d192ff83-9931-4a34-80eb-01fdcbe52018 does not exist. Creating ...
2019-11-15 23:39:43,885 [pool-153-thread-1] INFO  storage.RaftStorageDirectory (RaftStorageDirectory.java:tryLock(328)) - Lock on /workdir/hadoop-ozone/integration-test/target/test-dir/MiniOzoneClusterImpl-33986320-1065-4a8e-9f2e-ea3716de2538/datanode-0/data/ratis/d192ff83-9931-4a34-80eb-01fdcbe52018/in_use.lock acquired by nodename 14981@pr-hdds-2501-jccjl-2716832651
2019-11-15 23:39:43,898 [pool-153-thread-1] INFO  storage.RaftStorage (RaftStorage.java:format(84)) - Storage directory /workdir/hadoop-ozone/integration-test/target/test-dir/MiniOzoneClusterImpl-33986320-1065-4a8e-9f2e-ea3716de2538/datanode-0/data/ratis/d192ff83-9931-4a34-80eb-01fdcbe52018 has been successfully formatted.
2019-11-15 23:39:43,899 [pool-153-thread-1] INFO  ratis.ContainerStateMachine (ContainerStateMachine.java:loadSnapshot(223)) - group-01FDCBE52018: The snapshot info is null. Setting the last applied indexto:(t:0, i:~)
2019-11-15 23:39:43,899 [pool-153-thread-1] INFO  server.RaftServerConfigKeys (ConfUtils.java:logGet(43)) - raft.server.notification.no-leader.timeout = 120s (custom)
2019-11-15 23:39:43,899 [pool-153-thread-1] INFO  server.RaftServerConfigKeys (ConfUtils.java:logGet(43)) - raft.server.log.use.memory = false (default)
2019-11-15 23:39:43,899 [pool-153-thread-1] INFO  server.RaftServerConfigKeys (ConfUtils.java:logGet(43)) - raft.server.log.purge.gap = 1000000 (custom)
2019-11-15 23:39:43,899 [pool-153-thread-1] INFO  server.RaftServerConfigKeys (ConfUtils.java:logGet(43)) - raft.server.log.appender.buffer.byte-limit = 33554432 (custom)
2019-11-15 23:39:43,900 [pool-153-thread-1] INFO  server.RaftServerConfigKeys (ConfUtils.java:logGet(43)) - raft.server.log.segment.size.max = 1048576 (custom)
2019-11-15 23:39:43,900 [pool-153-thread-1] WARN  impl.MetricRegistriesImpl (MetricRegistriesImpl.java:lambda$create$1(61)) - First MetricRegistry has been created without registering reporters. You may need to call MetricRegistries.global().addReportRegistration(...) before.
2019-11-15 23:39:43,900 [pool-153-thread-1] INFO  server.RaftServerConfigKeys (ConfUtils.java:logGet(43)) - raft.server.log.segment.cache.num.max = 2 (custom)
2019-11-15 23:39:43,900 [pool-153-thread-1] INFO  segmented.SegmentedRaftLogWorker (SegmentedRaftLogWorker.java:<init>(173)) - new 5fa1608a-d503-4104-880b-6be568a6d1ca@group-01FDCBE52018-SegmentedRaftLogWorker for RaftStorage:Storage Directory /workdir/hadoop-ozone/integration-test/target/test-dir/MiniOzoneClusterImpl-33986320-1065-4a8e-9f2e-ea3716de2538/datanode-0/data/ratis/d192ff83-9931-4a34-80eb-01fdcbe52018
2019-11-15 23:39:43,901 [pool-153-thread-1] INFO  server.RaftServerConfigKeys (ConfUtils.java:logGet(43)) - raft.server.log.queue.byte-limit = 2147483647 (custom)
2019-11-15 23:39:43,901 [pool-153-thread-1] INFO  server.RaftServerConfigKeys (ConfUtils.java:logGet(43)) - raft.server.log.queue.element-limit = 1024 (custom)
2019-11-15 23:39:43,901 [pool-153-thread-1] INFO  server.RaftServerConfigKeys (ConfUtils.java:logGet(43)) - raft.server.log.segment.size.max = 1048576 (custom)
2019-11-15 23:39:43,901 [pool-153-thread-1] INFO  server.RaftServerConfigKeys (ConfUtils.java:logGet(43)) - raft.server.log.preallocated.size = 16384 (custom)
2019-11-15 23:39:43,901 [pool-153-thread-1] INFO  server.RaftServerConfigKeys (ConfUtils.java:logGet(43)) - raft.server.log.write.buffer.size = 33554432 (custom)
2019-11-15 23:39:43,901 [pool-153-thread-1] INFO  server.RaftServerConfigKeys (ConfUtils.java:logGet(43)) - raft.server.log.force.sync.num = 128 (default)
2019-11-15 23:39:43,902 [pool-153-thread-1] INFO  server.RaftServerConfigKeys (ConfUtils.java:logGet(43)) - raft.server.log.statemachine.data.sync = true (default)
2019-11-15 23:39:43,902 [pool-153-thread-1] INFO  server.RaftServerConfigKeys (ConfUtils.java:logGet(43)) - raft.server.log.statemachine.data.sync.timeout = 10s (default)
2019-11-15 23:39:43,902 [pool-153-thread-1] INFO  server.RaftServerConfigKeys (ConfUtils.java:logGet(43)) - raft.server.log.statemachine.data.sync.timeout.retry = -1 (default)
2019-11-15 23:39:43,902 [pool-153-thread-1] INFO  server.RaftServerConfigKeys (ConfUtils.java:logGet(43)) - raft.server.log.statemachine.data.caching.enabled = true (custom)
2019-11-15 23:39:43,903 [pool-153-thread-1] INFO  segmented.SegmentedRaftLogWorker (SegmentedRaftLogWorker.java:lambda$new$0(128)) - 5fa1608a-d503-4104-880b-6be568a6d1ca@group-01FDCBE52018-SegmentedRaftLogWorker: flushIndex: setUnconditionally 0 -> -1
2019-11-15 23:39:43,903 [pool-153-thread-1] INFO  server.RaftServerConfigKeys (ConfUtils.java:logGet(43)) - raft.server.snapshot.auto.trigger.enabled = true (custom)
2019-11-15 23:39:43,904 [pool-153-thread-1] INFO  server.RaftServerConfigKeys (ConfUtils.java:logGet(43)) - raft.server.snapshot.auto.trigger.threshold = 10000 (custom)
2019-11-15 23:39:43,904 [pool-153-thread-1] INFO  server.RaftServerConfigKeys (ConfUtils.java:logGet(43)) - raft.server.snapshot.retention.file.num = 5 (custom)
2019-11-15 23:39:43,904 [pool-153-thread-1] INFO  server.RaftServerConfigKeys (ConfUtils.java:logGet(43)) - raft.server.retrycache.expirytime = 600000ms (custom)
2019-11-15 23:39:43,905 [IPC Server handler 5 on 40267] INFO  net.NetworkTopology (NetworkTopologyImpl.java:add(111)) - Added a new node: /default-rack/5631d385-0b46-47bf-960c-236f816b46d3
2019-11-15 23:39:43,905 [pool-153-thread-1] WARN  impl.MetricRegistriesImpl (MetricRegistriesImpl.java:lambda$create$1(61)) - First MetricRegistry has been created without registering reporters. You may need to call MetricRegistries.global().addReportRegistration(...) before.
2019-11-15 23:39:43,905 [IPC Server handler 5 on 40267] INFO  node.SCMNodeManager (SCMNodeManager.java:register(267)) - Registered Data node : 5631d385-0b46-47bf-960c-236f816b46d3{ip: 192.168.69.89, host: pr-hdds-2501-jccjl-2716832651, networkLocation: /default-rack, certSerialId: null}
2019-11-15 23:39:43,905 [pool-153-thread-1] WARN  impl.MetricRegistriesImpl (MetricRegistriesImpl.java:lambda$create$1(61)) - First MetricRegistry has been created without registering reporters. You may need to call MetricRegistries.global().addReportRegistration(...) before.
2019-11-15 23:39:43,906 [pool-153-thread-1] INFO  impl.RaftServerImpl (RaftServerImpl.java:start(184)) - 5fa1608a-d503-4104-880b-6be568a6d1ca@group-01FDCBE52018: start as a follower, conf=-1: [5fa1608a-d503-4104-880b-6be568a6d1ca:192.168.69.89:34320], old=null
2019-11-15 23:39:43,906 [pool-153-thread-1] INFO  impl.RaftServerImpl (RaftServerImpl.java:setRole(173)) - 5fa1608a-d503-4104-880b-6be568a6d1ca@group-01FDCBE52018: changes role from      null to FOLLOWER at term 0 for startAsFollower
2019-11-15 23:39:43,906 [pool-153-thread-1] INFO  impl.RoleInfo (RoleInfo.java:updateAndGet(143)) - 5fa1608a-d503-4104-880b-6be568a6d1ca: start FollowerState
2019-11-15 23:39:43,907 [pool-153-thread-1] INFO  util.JmxRegister (JmxRegister.java:tryRegister(44)) - Successfully registered JMX Bean with object name Ratis:service=RaftServer,group=group-01FDCBE52018,id=5fa1608a-d503-4104-880b-6be568a6d1ca
2019-11-15 23:39:43,907 [pool-153-thread-1] WARN  impl.MetricRegistriesImpl (MetricRegistriesImpl.java:lambda$create$1(61)) - First MetricRegistry has been created without registering reporters. You may need to call MetricRegistries.global().addReportRegistration(...) before.
2019-11-15 23:39:43,912 [RatisPipelineUtilsThread] INFO  pipeline.PipelineStateManager (PipelineStateManager.java:addPipeline(55)) - Created pipeline Pipeline[ Id: d192ff83-9931-4a34-80eb-01fdcbe52018, Nodes: 5fa1608a-d503-4104-880b-6be568a6d1ca{ip: 192.168.69.89, host: pr-hdds-2501-jccjl-2716832651, networkLocation: /default-rack, certSerialId: null}, Type:RATIS, Factor:ONE, State:ALLOCATED]
2019-11-15 23:39:43,919 [grpc-default-executor-0] INFO  impl.RaftServerProxy (RaftServerProxy.java:addNew(89)) - 5631d385-0b46-47bf-960c-236f816b46d3: addNew group-7E91AA69B6E6:[5631d385-0b46-47bf-960c-236f816b46d3:192.168.69.89:38050] returns group-7E91AA69B6E6:java.util.concurrent.CompletableFuture@1bd12fe4[Not completed]
2019-11-15 23:39:43,921 [pool-163-thread-1] INFO  impl.RaftServerImpl (RaftServerImpl.java:<init>(98)) - 5631d385-0b46-47bf-960c-236f816b46d3: new RaftServerImpl for group-7E91AA69B6E6:[5631d385-0b46-47bf-960c-236f816b46d3:192.168.69.89:38050] with ContainerStateMachine:uninitialized
2019-11-15 23:39:43,921 [pool-163-thread-1] INFO  server.RaftServerConfigKeys (ConfUtils.java:logGet(43)) - raft.server.rpc.timeout.min = 1s (custom)
2019-11-15 23:39:43,921 [pool-163-thread-1] INFO  server.RaftServerConfigKeys (ConfUtils.java:logGet(43)) - raft.server.rpc.timeout.max = 1200ms (custom)
2019-11-15 23:39:43,922 [pool-163-thread-1] INFO  server.RaftServerConfigKeys (ConfUtils.java:logGet(43)) - raft.server.rpcslowness.timeout = 120s (custom)
2019-11-15 23:39:43,922 [pool-163-thread-1] INFO  server.RaftServerConfigKeys (ConfUtils.java:logGet(43)) - raft.server.sleep.deviation.threshold = 300 (default)
2019-11-15 23:39:43,922 [pool-163-thread-1] INFO  server.RaftServerConfigKeys (ConfUtils.java:logGet(43)) - raft.server.log.appender.install.snapshot.enabled = false (custom)
2019-11-15 23:39:43,922 [pool-163-thread-1] INFO  impl.RaftServerImpl (ServerState.java:<init>(103)) - 5631d385-0b46-47bf-960c-236f816b46d3@group-7E91AA69B6E6: ConfigurationManager, init=-1: [5631d385-0b46-47bf-960c-236f816b46d3:192.168.69.89:38050], old=null, confs=<EMPTY_MAP>
2019-11-15 23:39:43,922 [pool-163-thread-1] INFO  server.RaftServerConfigKeys (ConfUtils.java:logGet(43)) - raft.server.storage.dir = [/workdir/hadoop-ozone/integration-test/target/test-dir/MiniOzoneClusterImpl-33986320-1065-4a8e-9f2e-ea3716de2538/datanode-1/data/ratis] (custom)
2019-11-15 23:39:43,922 [pool-163-thread-1] INFO  server.RaftServerConfigKeys (ConfUtils.java:logGet(43)) - raft.server.log.corruption.policy = EXCEPTION (default)
2019-11-15 23:39:43,923 [pool-163-thread-1] INFO  storage.RaftStorageDirectory (RaftStorageDirectory.java:analyzeStorage(246)) - The storage directory /workdir/hadoop-ozone/integration-test/target/test-dir/MiniOzoneClusterImpl-33986320-1065-4a8e-9f2e-ea3716de2538/datanode-1/data/ratis/1a2e13d0-154b-4671-b553-7e91aa69b6e6 does not exist. Creating ...
2019-11-15 23:39:43,946 [pool-163-thread-1] INFO  storage.RaftStorageDirectory (RaftStorageDirectory.java:tryLock(328)) - Lock on /workdir/hadoop-ozone/integration-test/target/test-dir/MiniOzoneClusterImpl-33986320-1065-4a8e-9f2e-ea3716de2538/datanode-1/data/ratis/1a2e13d0-154b-4671-b553-7e91aa69b6e6/in_use.lock acquired by nodename 14981@pr-hdds-2501-jccjl-2716832651
2019-11-15 23:39:43,970 [pool-163-thread-1] INFO  storage.RaftStorage (RaftStorage.java:format(84)) - Storage directory /workdir/hadoop-ozone/integration-test/target/test-dir/MiniOzoneClusterImpl-33986320-1065-4a8e-9f2e-ea3716de2538/datanode-1/data/ratis/1a2e13d0-154b-4671-b553-7e91aa69b6e6 has been successfully formatted.
2019-11-15 23:39:43,970 [pool-163-thread-1] INFO  ratis.ContainerStateMachine (ContainerStateMachine.java:loadSnapshot(223)) - group-7E91AA69B6E6: The snapshot info is null. Setting the last applied indexto:(t:0, i:~)
2019-11-15 23:39:43,970 [pool-163-thread-1] INFO  server.RaftServerConfigKeys (ConfUtils.java:logGet(43)) - raft.server.notification.no-leader.timeout = 120s (custom)
2019-11-15 23:39:43,971 [pool-163-thread-1] INFO  server.RaftServerConfigKeys (ConfUtils.java:logGet(43)) - raft.server.log.use.memory = false (default)
2019-11-15 23:39:43,971 [pool-163-thread-1] INFO  server.RaftServerConfigKeys (ConfUtils.java:logGet(43)) - raft.server.log.purge.gap = 1000000 (custom)
2019-11-15 23:39:43,971 [pool-163-thread-1] INFO  server.RaftServerConfigKeys (ConfUtils.java:logGet(43)) - raft.server.log.appender.buffer.byte-limit = 33554432 (custom)
2019-11-15 23:39:43,971 [pool-163-thread-1] INFO  server.RaftServerConfigKeys (ConfUtils.java:logGet(43)) - raft.server.log.segment.size.max = 1048576 (custom)
2019-11-15 23:39:43,971 [pool-163-thread-1] WARN  impl.MetricRegistriesImpl (MetricRegistriesImpl.java:lambda$create$1(61)) - First MetricRegistry has been created without registering reporters. You may need to call MetricRegistries.global().addReportRegistration(...) before.
2019-11-15 23:39:43,971 [pool-163-thread-1] INFO  server.RaftServerConfigKeys (ConfUtils.java:logGet(43)) - raft.server.log.segment.cache.num.max = 2 (custom)
2019-11-15 23:39:43,972 [pool-163-thread-1] INFO  segmented.SegmentedRaftLogWorker (SegmentedRaftLogWorker.java:<init>(173)) - new 5631d385-0b46-47bf-960c-236f816b46d3@group-7E91AA69B6E6-SegmentedRaftLogWorker for RaftStorage:Storage Directory /workdir/hadoop-ozone/integration-test/target/test-dir/MiniOzoneClusterImpl-33986320-1065-4a8e-9f2e-ea3716de2538/datanode-1/data/ratis/1a2e13d0-154b-4671-b553-7e91aa69b6e6
2019-11-15 23:39:43,972 [pool-163-thread-1] INFO  server.RaftServerConfigKeys (ConfUtils.java:logGet(43)) - raft.server.log.queue.byte-limit = 2147483647 (custom)
2019-11-15 23:39:43,972 [pool-163-thread-1] INFO  server.RaftServerConfigKeys (ConfUtils.java:logGet(43)) - raft.server.log.queue.element-limit = 1024 (custom)
2019-11-15 23:39:43,972 [pool-163-thread-1] INFO  server.RaftServerConfigKeys (ConfUtils.java:logGet(43)) - raft.server.log.segment.size.max = 1048576 (custom)
2019-11-15 23:39:43,972 [pool-163-thread-1] INFO  server.RaftServerConfigKeys (ConfUtils.java:logGet(43)) - raft.server.log.preallocated.size = 16384 (custom)
2019-11-15 23:39:43,972 [pool-163-thread-1] INFO  server.RaftServerConfigKeys (ConfUtils.java:logGet(43)) - raft.server.log.write.buffer.size = 33554432 (custom)
2019-11-15 23:39:43,972 [pool-163-thread-1] INFO  server.RaftServerConfigKeys (ConfUtils.java:logGet(43)) - raft.server.log.force.sync.num = 128 (default)
2019-11-15 23:39:43,972 [pool-163-thread-1] INFO  server.RaftServerConfigKeys (ConfUtils.java:logGet(43)) - raft.server.log.statemachine.data.sync = true (default)
2019-11-15 23:39:43,973 [pool-163-thread-1] INFO  server.RaftServerConfigKeys (ConfUtils.java:logGet(43)) - raft.server.log.statemachine.data.sync.timeout = 10s (default)
2019-11-15 23:39:43,973 [pool-163-thread-1] INFO  server.RaftServerConfigKeys (ConfUtils.java:logGet(43)) - raft.server.log.statemachine.data.sync.timeout.retry = -1 (default)
2019-11-15 23:39:43,973 [pool-163-thread-1] INFO  server.RaftServerConfigKeys (ConfUtils.java:logGet(43)) - raft.server.log.statemachine.data.caching.enabled = true (custom)
2019-11-15 23:39:43,973 [pool-163-thread-1] INFO  segmented.SegmentedRaftLogWorker (SegmentedRaftLogWorker.java:lambda$new$0(128)) - 5631d385-0b46-47bf-960c-236f816b46d3@group-7E91AA69B6E6-SegmentedRaftLogWorker: flushIndex: setUnconditionally 0 -> -1
2019-11-15 23:39:43,974 [pool-163-thread-1] INFO  server.RaftServerConfigKeys (ConfUtils.java:logGet(43)) - raft.server.snapshot.auto.trigger.enabled = true (custom)
2019-11-15 23:39:43,974 [pool-163-thread-1] INFO  server.RaftServerConfigKeys (ConfUtils.java:logGet(43)) - raft.server.snapshot.auto.trigger.threshold = 10000 (custom)
2019-11-15 23:39:43,974 [pool-163-thread-1] INFO  server.RaftServerConfigKeys (ConfUtils.java:logGet(43)) - raft.server.snapshot.retention.file.num = 5 (custom)
2019-11-15 23:39:43,974 [pool-163-thread-1] INFO  server.RaftServerConfigKeys (ConfUtils.java:logGet(43)) - raft.server.retrycache.expirytime = 600000ms (custom)
2019-11-15 23:39:43,974 [pool-163-thread-1] WARN  impl.MetricRegistriesImpl (MetricRegistriesImpl.java:lambda$create$1(61)) - First MetricRegistry has been created without registering reporters. You may need to call MetricRegistries.global().addReportRegistration(...) before.
2019-11-15 23:39:43,975 [pool-163-thread-1] WARN  impl.MetricRegistriesImpl (MetricRegistriesImpl.java:lambda$create$1(61)) - First MetricRegistry has been created without registering reporters. You may need to call MetricRegistries.global().addReportRegistration(...) before.
2019-11-15 23:39:43,975 [pool-163-thread-1] INFO  impl.RaftServerImpl (RaftServerImpl.java:start(184)) - 5631d385-0b46-47bf-960c-236f816b46d3@group-7E91AA69B6E6: start as a follower, conf=-1: [5631d385-0b46-47bf-960c-236f816b46d3:192.168.69.89:38050], old=null
2019-11-15 23:39:43,975 [pool-163-thread-1] INFO  impl.RaftServerImpl (RaftServerImpl.java:setRole(173)) - 5631d385-0b46-47bf-960c-236f816b46d3@group-7E91AA69B6E6: changes role from      null to FOLLOWER at term 0 for startAsFollower
2019-11-15 23:39:43,975 [pool-163-thread-1] INFO  impl.RoleInfo (RoleInfo.java:updateAndGet(143)) - 5631d385-0b46-47bf-960c-236f816b46d3: start FollowerState
2019-11-15 23:39:43,976 [pool-163-thread-1] INFO  util.JmxRegister (JmxRegister.java:tryRegister(44)) - Successfully registered JMX Bean with object name Ratis:service=RaftServer,group=group-7E91AA69B6E6,id=5631d385-0b46-47bf-960c-236f816b46d3
2019-11-15 23:39:43,976 [pool-163-thread-1] WARN  impl.MetricRegistriesImpl (MetricRegistriesImpl.java:lambda$create$1(61)) - First MetricRegistry has been created without registering reporters. You may need to call MetricRegistries.global().addReportRegistration(...) before.
2019-11-15 23:39:43,978 [RatisPipelineUtilsThread] INFO  pipeline.PipelineStateManager (PipelineStateManager.java:addPipeline(55)) - Created pipeline Pipeline[ Id: 1a2e13d0-154b-4671-b553-7e91aa69b6e6, Nodes: 5631d385-0b46-47bf-960c-236f816b46d3{ip: 192.168.69.89, host: pr-hdds-2501-jccjl-2716832651, networkLocation: /default-rack, certSerialId: null}, Type:RATIS, Factor:ONE, State:ALLOCATED]
2019-11-15 23:39:43,984 [IPC Server handler 2 on 40267] INFO  net.NetworkTopology (NetworkTopologyImpl.java:add(111)) - Added a new node: /default-rack/08a53ee3-16fe-4887-981c-fcef61fe445a
2019-11-15 23:39:43,984 [IPC Server handler 2 on 40267] INFO  node.SCMNodeManager (SCMNodeManager.java:register(267)) - Registered Data node : 08a53ee3-16fe-4887-981c-fcef61fe445a{ip: 192.168.69.89, host: pr-hdds-2501-jccjl-2716832651, networkLocation: /default-rack, certSerialId: null}
2019-11-15 23:39:43,991 [grpc-default-executor-0] INFO  impl.RaftServerProxy (RaftServerProxy.java:addNew(89)) - 08a53ee3-16fe-4887-981c-fcef61fe445a: addNew group-1F9E5A469E23:[08a53ee3-16fe-4887-981c-fcef61fe445a:192.168.69.89:38583] returns group-1F9E5A469E23:java.util.concurrent.CompletableFuture@2f21aecd[Not completed]
2019-11-15 23:39:43,992 [pool-173-thread-1] INFO  impl.RaftServerImpl (RaftServerImpl.java:<init>(98)) - 08a53ee3-16fe-4887-981c-fcef61fe445a: new RaftServerImpl for group-1F9E5A469E23:[08a53ee3-16fe-4887-981c-fcef61fe445a:192.168.69.89:38583] with ContainerStateMachine:uninitialized
2019-11-15 23:39:43,992 [pool-173-thread-1] INFO  server.RaftServerConfigKeys (ConfUtils.java:logGet(43)) - raft.server.rpc.timeout.min = 1s (custom)
2019-11-15 23:39:43,992 [pool-173-thread-1] INFO  server.RaftServerConfigKeys (ConfUtils.java:logGet(43)) - raft.server.rpc.timeout.max = 1200ms (custom)
2019-11-15 23:39:43,993 [pool-173-thread-1] INFO  server.RaftServerConfigKeys (ConfUtils.java:logGet(43)) - raft.server.rpcslowness.timeout = 120s (custom)
2019-11-15 23:39:43,993 [pool-173-thread-1] INFO  server.RaftServerConfigKeys (ConfUtils.java:logGet(43)) - raft.server.sleep.deviation.threshold = 300 (default)
2019-11-15 23:39:43,993 [pool-173-thread-1] INFO  server.RaftServerConfigKeys (ConfUtils.java:logGet(43)) - raft.server.log.appender.install.snapshot.enabled = false (custom)
2019-11-15 23:39:43,993 [pool-173-thread-1] INFO  impl.RaftServerImpl (ServerState.java:<init>(103)) - 08a53ee3-16fe-4887-981c-fcef61fe445a@group-1F9E5A469E23: ConfigurationManager, init=-1: [08a53ee3-16fe-4887-981c-fcef61fe445a:192.168.69.89:38583], old=null, confs=<EMPTY_MAP>
2019-11-15 23:39:43,993 [pool-173-thread-1] INFO  server.RaftServerConfigKeys (ConfUtils.java:logGet(43)) - raft.server.storage.dir = [/workdir/hadoop-ozone/integration-test/target/test-dir/MiniOzoneClusterImpl-33986320-1065-4a8e-9f2e-ea3716de2538/datanode-2/data/ratis] (custom)
2019-11-15 23:39:43,993 [pool-173-thread-1] INFO  server.RaftServerConfigKeys (ConfUtils.java:logGet(43)) - raft.server.log.corruption.policy = EXCEPTION (default)
2019-11-15 23:39:43,994 [pool-173-thread-1] INFO  storage.RaftStorageDirectory (RaftStorageDirectory.java:analyzeStorage(246)) - The storage directory /workdir/hadoop-ozone/integration-test/target/test-dir/MiniOzoneClusterImpl-33986320-1065-4a8e-9f2e-ea3716de2538/datanode-2/data/ratis/1c7faac5-af99-48b4-9616-1f9e5a469e23 does not exist. Creating ...
2019-11-15 23:39:44,017 [pool-173-thread-1] INFO  storage.RaftStorageDirectory (RaftStorageDirectory.java:tryLock(328)) - Lock on /workdir/hadoop-ozone/integration-test/target/test-dir/MiniOzoneClusterImpl-33986320-1065-4a8e-9f2e-ea3716de2538/datanode-2/data/ratis/1c7faac5-af99-48b4-9616-1f9e5a469e23/in_use.lock acquired by nodename 14981@pr-hdds-2501-jccjl-2716832651
2019-11-15 23:39:44,042 [pool-173-thread-1] INFO  storage.RaftStorage (RaftStorage.java:format(84)) - Storage directory /workdir/hadoop-ozone/integration-test/target/test-dir/MiniOzoneClusterImpl-33986320-1065-4a8e-9f2e-ea3716de2538/datanode-2/data/ratis/1c7faac5-af99-48b4-9616-1f9e5a469e23 has been successfully formatted.
2019-11-15 23:39:44,042 [pool-173-thread-1] INFO  ratis.ContainerStateMachine (ContainerStateMachine.java:loadSnapshot(223)) - group-1F9E5A469E23: The snapshot info is null. Setting the last applied indexto:(t:0, i:~)
2019-11-15 23:39:44,042 [pool-173-thread-1] INFO  server.RaftServerConfigKeys (ConfUtils.java:logGet(43)) - raft.server.notification.no-leader.timeout = 120s (custom)
2019-11-15 23:39:44,042 [pool-173-thread-1] INFO  server.RaftServerConfigKeys (ConfUtils.java:logGet(43)) - raft.server.log.use.memory = false (default)
2019-11-15 23:39:44,042 [pool-173-thread-1] INFO  server.RaftServerConfigKeys (ConfUtils.java:logGet(43)) - raft.server.log.purge.gap = 1000000 (custom)
2019-11-15 23:39:44,043 [pool-173-thread-1] INFO  server.RaftServerConfigKeys (ConfUtils.java:logGet(43)) - raft.server.log.appender.buffer.byte-limit = 33554432 (custom)
2019-11-15 23:39:44,043 [pool-173-thread-1] INFO  server.RaftServerConfigKeys (ConfUtils.java:logGet(43)) - raft.server.log.segment.size.max = 1048576 (custom)
2019-11-15 23:39:44,043 [pool-173-thread-1] WARN  impl.MetricRegistriesImpl (MetricRegistriesImpl.java:lambda$create$1(61)) - First MetricRegistry has been created without registering reporters. You may need to call MetricRegistries.global().addReportRegistration(...) before.
2019-11-15 23:39:44,043 [pool-173-thread-1] INFO  server.RaftServerConfigKeys (ConfUtils.java:logGet(43)) - raft.server.log.segment.cache.num.max = 2 (custom)
2019-11-15 23:39:44,043 [pool-173-thread-1] INFO  segmented.SegmentedRaftLogWorker (SegmentedRaftLogWorker.java:<init>(173)) - new 08a53ee3-16fe-4887-981c-fcef61fe445a@group-1F9E5A469E23-SegmentedRaftLogWorker for RaftStorage:Storage Directory /workdir/hadoop-ozone/integration-test/target/test-dir/MiniOzoneClusterImpl-33986320-1065-4a8e-9f2e-ea3716de2538/datanode-2/data/ratis/1c7faac5-af99-48b4-9616-1f9e5a469e23
2019-11-15 23:39:44,043 [pool-173-thread-1] INFO  server.RaftServerConfigKeys (ConfUtils.java:logGet(43)) - raft.server.log.queue.byte-limit = 2147483647 (custom)
2019-11-15 23:39:44,043 [pool-173-thread-1] INFO  server.RaftServerConfigKeys (ConfUtils.java:logGet(43)) - raft.server.log.queue.element-limit = 1024 (custom)
2019-11-15 23:39:44,044 [pool-173-thread-1] INFO  server.RaftServerConfigKeys (ConfUtils.java:logGet(43)) - raft.server.log.segment.size.max = 1048576 (custom)
2019-11-15 23:39:44,044 [pool-173-thread-1] INFO  server.RaftServerConfigKeys (ConfUtils.java:logGet(43)) - raft.server.log.preallocated.size = 16384 (custom)
2019-11-15 23:39:44,044 [pool-173-thread-1] INFO  server.RaftServerConfigKeys (ConfUtils.java:logGet(43)) - raft.server.log.write.buffer.size = 33554432 (custom)
2019-11-15 23:39:44,044 [pool-173-thread-1] INFO  server.RaftServerConfigKeys (ConfUtils.java:logGet(43)) - raft.server.log.force.sync.num = 128 (default)
2019-11-15 23:39:44,044 [pool-173-thread-1] INFO  server.RaftServerConfigKeys (ConfUtils.java:logGet(43)) - raft.server.log.statemachine.data.sync = true (default)
2019-11-15 23:39:44,044 [pool-173-thread-1] INFO  server.RaftServerConfigKeys (ConfUtils.java:logGet(43)) - raft.server.log.statemachine.data.sync.timeout = 10s (default)
2019-11-15 23:39:44,044 [pool-173-thread-1] INFO  server.RaftServerConfigKeys (ConfUtils.java:logGet(43)) - raft.server.log.statemachine.data.sync.timeout.retry = -1 (default)
2019-11-15 23:39:44,044 [pool-173-thread-1] INFO  server.RaftServerConfigKeys (ConfUtils.java:logGet(43)) - raft.server.log.statemachine.data.caching.enabled = true (custom)
2019-11-15 23:39:44,045 [pool-173-thread-1] INFO  segmented.SegmentedRaftLogWorker (SegmentedRaftLogWorker.java:lambda$new$0(128)) - 08a53ee3-16fe-4887-981c-fcef61fe445a@group-1F9E5A469E23-SegmentedRaftLogWorker: flushIndex: setUnconditionally 0 -> -1
2019-11-15 23:39:44,045 [pool-173-thread-1] INFO  server.RaftServerConfigKeys (ConfUtils.java:logGet(43)) - raft.server.snapshot.auto.trigger.enabled = true (custom)
2019-11-15 23:39:44,045 [pool-173-thread-1] INFO  server.RaftServerConfigKeys (ConfUtils.java:logGet(43)) - raft.server.snapshot.auto.trigger.threshold = 10000 (custom)
2019-11-15 23:39:44,045 [pool-173-thread-1] INFO  server.RaftServerConfigKeys (ConfUtils.java:logGet(43)) - raft.server.snapshot.retention.file.num = 5 (custom)
2019-11-15 23:39:44,045 [pool-173-thread-1] INFO  server.RaftServerConfigKeys (ConfUtils.java:logGet(43)) - raft.server.retrycache.expirytime = 600000ms (custom)
2019-11-15 23:39:44,046 [pool-173-thread-1] WARN  impl.MetricRegistriesImpl (MetricRegistriesImpl.java:lambda$create$1(61)) - First MetricRegistry has been created without registering reporters. You may need to call MetricRegistries.global().addReportRegistration(...) before.
2019-11-15 23:39:44,046 [pool-173-thread-1] WARN  impl.MetricRegistriesImpl (MetricRegistriesImpl.java:lambda$create$1(61)) - First MetricRegistry has been created without registering reporters. You may need to call MetricRegistries.global().addReportRegistration(...) before.
2019-11-15 23:39:44,046 [pool-173-thread-1] INFO  impl.RaftServerImpl (RaftServerImpl.java:start(184)) - 08a53ee3-16fe-4887-981c-fcef61fe445a@group-1F9E5A469E23: start as a follower, conf=-1: [08a53ee3-16fe-4887-981c-fcef61fe445a:192.168.69.89:38583], old=null
2019-11-15 23:39:44,046 [pool-173-thread-1] INFO  impl.RaftServerImpl (RaftServerImpl.java:setRole(173)) - 08a53ee3-16fe-4887-981c-fcef61fe445a@group-1F9E5A469E23: changes role from      null to FOLLOWER at term 0 for startAsFollower
2019-11-15 23:39:44,046 [pool-173-thread-1] INFO  impl.RoleInfo (RoleInfo.java:updateAndGet(143)) - 08a53ee3-16fe-4887-981c-fcef61fe445a: start FollowerState
2019-11-15 23:39:44,047 [pool-173-thread-1] INFO  util.JmxRegister (JmxRegister.java:tryRegister(44)) - Successfully registered JMX Bean with object name Ratis:service=RaftServer,group=group-1F9E5A469E23,id=08a53ee3-16fe-4887-981c-fcef61fe445a
2019-11-15 23:39:44,047 [pool-173-thread-1] WARN  impl.MetricRegistriesImpl (MetricRegistriesImpl.java:lambda$create$1(61)) - First MetricRegistry has been created without registering reporters. You may need to call MetricRegistries.global().addReportRegistration(...) before.
2019-11-15 23:39:44,050 [RatisPipelineUtilsThread] INFO  pipeline.PipelineStateManager (PipelineStateManager.java:addPipeline(55)) - Created pipeline Pipeline[ Id: 1c7faac5-af99-48b4-9616-1f9e5a469e23, Nodes: 08a53ee3-16fe-4887-981c-fcef61fe445a{ip: 192.168.69.89, host: pr-hdds-2501-jccjl-2716832651, networkLocation: /default-rack, certSerialId: null}, Type:RATIS, Factor:ONE, State:ALLOCATED]
2019-11-15 23:39:44,058 [IPC Server handler 1 on 40267] INFO  net.NetworkTopology (NetworkTopologyImpl.java:add(111)) - Added a new node: /default-rack/4b590edd-7cfe-4917-88ed-6329a2b55bbe
2019-11-15 23:39:44,058 [IPC Server handler 1 on 40267] INFO  node.SCMNodeManager (SCMNodeManager.java:register(267)) - Registered Data node : 4b590edd-7cfe-4917-88ed-6329a2b55bbe{ip: 192.168.69.89, host: pr-hdds-2501-jccjl-2716832651, networkLocation: /default-rack, certSerialId: null}
2019-11-15 23:39:44,059 [grpc-default-executor-5] INFO  impl.RaftServerProxy (RaftServerProxy.java:addNew(89)) - 5631d385-0b46-47bf-960c-236f816b46d3: addNew group-33F611AFDF60:[08a53ee3-16fe-4887-981c-fcef61fe445a:192.168.69.89:38583, 5fa1608a-d503-4104-880b-6be568a6d1ca:192.168.69.89:34320, 5631d385-0b46-47bf-960c-236f816b46d3:192.168.69.89:38050] returns group-33F611AFDF60:java.util.concurrent.CompletableFuture@20a021b[Not completed]
2019-11-15 23:39:44,059 [grpc-default-executor-2] INFO  impl.RaftServerProxy (RaftServerProxy.java:addNew(89)) - 08a53ee3-16fe-4887-981c-fcef61fe445a: addNew group-33F611AFDF60:[08a53ee3-16fe-4887-981c-fcef61fe445a:192.168.69.89:38583, 5fa1608a-d503-4104-880b-6be568a6d1ca:192.168.69.89:34320, 5631d385-0b46-47bf-960c-236f816b46d3:192.168.69.89:38050] returns group-33F611AFDF60:java.util.concurrent.CompletableFuture@5c45057[Not completed]
2019-11-15 23:39:44,059 [grpc-default-executor-5] INFO  impl.RaftServerProxy (RaftServerProxy.java:addNew(89)) - 5fa1608a-d503-4104-880b-6be568a6d1ca: addNew group-33F611AFDF60:[08a53ee3-16fe-4887-981c-fcef61fe445a:192.168.69.89:38583, 5fa1608a-d503-4104-880b-6be568a6d1ca:192.168.69.89:34320, 5631d385-0b46-47bf-960c-236f816b46d3:192.168.69.89:38050] returns group-33F611AFDF60:java.util.concurrent.CompletableFuture@17cf325[Not completed]
2019-11-15 23:39:44,060 [pool-163-thread-1] INFO  impl.RaftServerImpl (RaftServerImpl.java:<init>(98)) - 5631d385-0b46-47bf-960c-236f816b46d3: new RaftServerImpl for group-33F611AFDF60:[08a53ee3-16fe-4887-981c-fcef61fe445a:192.168.69.89:38583, 5fa1608a-d503-4104-880b-6be568a6d1ca:192.168.69.89:34320, 5631d385-0b46-47bf-960c-236f816b46d3:192.168.69.89:38050] with ContainerStateMachine:uninitialized
2019-11-15 23:39:44,060 [pool-163-thread-1] INFO  server.RaftServerConfigKeys (ConfUtils.java:logGet(43)) - raft.server.rpc.timeout.min = 1s (custom)
2019-11-15 23:39:44,060 [pool-163-thread-1] INFO  server.RaftServerConfigKeys (ConfUtils.java:logGet(43)) - raft.server.rpc.timeout.max = 1200ms (custom)
2019-11-15 23:39:44,061 [pool-163-thread-1] INFO  server.RaftServerConfigKeys (ConfUtils.java:logGet(43)) - raft.server.rpcslowness.timeout = 120s (custom)
2019-11-15 23:39:44,061 [pool-163-thread-1] INFO  server.RaftServerConfigKeys (ConfUtils.java:logGet(43)) - raft.server.sleep.deviation.threshold = 300 (default)
2019-11-15 23:39:44,061 [pool-163-thread-1] INFO  server.RaftServerConfigKeys (ConfUtils.java:logGet(43)) - raft.server.log.appender.install.snapshot.enabled = false (custom)
2019-11-15 23:39:44,061 [pool-163-thread-1] INFO  impl.RaftServerImpl (ServerState.java:<init>(103)) - 5631d385-0b46-47bf-960c-236f816b46d3@group-33F611AFDF60: ConfigurationManager, init=-1: [08a53ee3-16fe-4887-981c-fcef61fe445a:192.168.69.89:38583, 5fa1608a-d503-4104-880b-6be568a6d1ca:192.168.69.89:34320, 5631d385-0b46-47bf-960c-236f816b46d3:192.168.69.89:38050], old=null, confs=<EMPTY_MAP>
2019-11-15 23:39:44,061 [pool-163-thread-1] INFO  server.RaftServerConfigKeys (ConfUtils.java:logGet(43)) - raft.server.storage.dir = [/workdir/hadoop-ozone/integration-test/target/test-dir/MiniOzoneClusterImpl-33986320-1065-4a8e-9f2e-ea3716de2538/datanode-1/data/ratis] (custom)
2019-11-15 23:39:44,062 [pool-163-thread-1] INFO  server.RaftServerConfigKeys (ConfUtils.java:logGet(43)) - raft.server.log.corruption.policy = EXCEPTION (default)
2019-11-15 23:39:44,062 [pool-153-thread-1] INFO  impl.RaftServerImpl (RaftServerImpl.java:<init>(98)) - 5fa1608a-d503-4104-880b-6be568a6d1ca: new RaftServerImpl for group-33F611AFDF60:[08a53ee3-16fe-4887-981c-fcef61fe445a:192.168.69.89:38583, 5fa1608a-d503-4104-880b-6be568a6d1ca:192.168.69.89:34320, 5631d385-0b46-47bf-960c-236f816b46d3:192.168.69.89:38050] with ContainerStateMachine:uninitialized
2019-11-15 23:39:44,062 [pool-163-thread-1] INFO  storage.RaftStorageDirectory (RaftStorageDirectory.java:analyzeStorage(246)) - The storage directory /workdir/hadoop-ozone/integration-test/target/test-dir/MiniOzoneClusterImpl-33986320-1065-4a8e-9f2e-ea3716de2538/datanode-1/data/ratis/e54164b7-2b5b-41bb-b105-33f611afdf60 does not exist. Creating ...
2019-11-15 23:39:44,062 [pool-153-thread-1] INFO  server.RaftServerConfigKeys (ConfUtils.java:logGet(43)) - raft.server.rpc.timeout.min = 1s (custom)
2019-11-15 23:39:44,062 [pool-153-thread-1] INFO  server.RaftServerConfigKeys (ConfUtils.java:logGet(43)) - raft.server.rpc.timeout.max = 1200ms (custom)
2019-11-15 23:39:44,062 [pool-153-thread-1] INFO  server.RaftServerConfigKeys (ConfUtils.java:logGet(43)) - raft.server.rpcslowness.timeout = 120s (custom)
2019-11-15 23:39:44,062 [pool-153-thread-1] INFO  server.RaftServerConfigKeys (ConfUtils.java:logGet(43)) - raft.server.sleep.deviation.threshold = 300 (default)
2019-11-15 23:39:44,063 [pool-153-thread-1] INFO  server.RaftServerConfigKeys (ConfUtils.java:logGet(43)) - raft.server.log.appender.install.snapshot.enabled = false (custom)
2019-11-15 23:39:44,063 [pool-153-thread-1] INFO  impl.RaftServerImpl (ServerState.java:<init>(103)) - 5fa1608a-d503-4104-880b-6be568a6d1ca@group-33F611AFDF60: ConfigurationManager, init=-1: [08a53ee3-16fe-4887-981c-fcef61fe445a:192.168.69.89:38583, 5fa1608a-d503-4104-880b-6be568a6d1ca:192.168.69.89:34320, 5631d385-0b46-47bf-960c-236f816b46d3:192.168.69.89:38050], old=null, confs=<EMPTY_MAP>
2019-11-15 23:39:44,063 [pool-153-thread-1] INFO  server.RaftServerConfigKeys (ConfUtils.java:logGet(43)) - raft.server.storage.dir = [/workdir/hadoop-ozone/integration-test/target/test-dir/MiniOzoneClusterImpl-33986320-1065-4a8e-9f2e-ea3716de2538/datanode-0/data/ratis] (custom)
2019-11-15 23:39:44,062 [pool-173-thread-1] INFO  impl.RaftServerImpl (RaftServerImpl.java:<init>(98)) - 08a53ee3-16fe-4887-981c-fcef61fe445a: new RaftServerImpl for group-33F611AFDF60:[08a53ee3-16fe-4887-981c-fcef61fe445a:192.168.69.89:38583, 5fa1608a-d503-4104-880b-6be568a6d1ca:192.168.69.89:34320, 5631d385-0b46-47bf-960c-236f816b46d3:192.168.69.89:38050] with ContainerStateMachine:uninitialized
2019-11-15 23:39:44,063 [pool-153-thread-1] INFO  server.RaftServerConfigKeys (ConfUtils.java:logGet(43)) - raft.server.log.corruption.policy = EXCEPTION (default)
2019-11-15 23:39:44,063 [pool-173-thread-1] INFO  server.RaftServerConfigKeys (ConfUtils.java:logGet(43)) - raft.server.rpc.timeout.min = 1s (custom)
2019-11-15 23:39:44,064 [pool-173-thread-1] INFO  server.RaftServerConfigKeys (ConfUtils.java:logGet(43)) - raft.server.rpc.timeout.max = 1200ms (custom)
2019-11-15 23:39:44,064 [pool-153-thread-1] INFO  storage.RaftStorageDirectory (RaftStorageDirectory.java:analyzeStorage(246)) - The storage directory /workdir/hadoop-ozone/integration-test/target/test-dir/MiniOzoneClusterImpl-33986320-1065-4a8e-9f2e-ea3716de2538/datanode-0/data/ratis/e54164b7-2b5b-41bb-b105-33f611afdf60 does not exist. Creating ...
2019-11-15 23:39:44,064 [pool-173-thread-1] INFO  server.RaftServerConfigKeys (ConfUtils.java:logGet(43)) - raft.server.rpcslowness.timeout = 120s (custom)
2019-11-15 23:39:44,064 [pool-173-thread-1] INFO  server.RaftServerConfigKeys (ConfUtils.java:logGet(43)) - raft.server.sleep.deviation.threshold = 300 (default)
2019-11-15 23:39:44,064 [pool-173-thread-1] INFO  server.RaftServerConfigKeys (ConfUtils.java:logGet(43)) - raft.server.log.appender.install.snapshot.enabled = false (custom)
2019-11-15 23:39:44,064 [pool-173-thread-1] INFO  impl.RaftServerImpl (ServerState.java:<init>(103)) - 08a53ee3-16fe-4887-981c-fcef61fe445a@group-33F611AFDF60: ConfigurationManager, init=-1: [08a53ee3-16fe-4887-981c-fcef61fe445a:192.168.69.89:38583, 5fa1608a-d503-4104-880b-6be568a6d1ca:192.168.69.89:34320, 5631d385-0b46-47bf-960c-236f816b46d3:192.168.69.89:38050], old=null, confs=<EMPTY_MAP>
2019-11-15 23:39:44,064 [pool-173-thread-1] INFO  server.RaftServerConfigKeys (ConfUtils.java:logGet(43)) - raft.server.storage.dir = [/workdir/hadoop-ozone/integration-test/target/test-dir/MiniOzoneClusterImpl-33986320-1065-4a8e-9f2e-ea3716de2538/datanode-2/data/ratis] (custom)
2019-11-15 23:39:44,065 [pool-173-thread-1] INFO  server.RaftServerConfigKeys (ConfUtils.java:logGet(43)) - raft.server.log.corruption.policy = EXCEPTION (default)
2019-11-15 23:39:44,065 [pool-173-thread-1] INFO  storage.RaftStorageDirectory (RaftStorageDirectory.java:analyzeStorage(246)) - The storage directory /workdir/hadoop-ozone/integration-test/target/test-dir/MiniOzoneClusterImpl-33986320-1065-4a8e-9f2e-ea3716de2538/datanode-2/data/ratis/e54164b7-2b5b-41bb-b105-33f611afdf60 does not exist. Creating ...
2019-11-15 23:39:44,077 [pool-153-thread-1] INFO  storage.RaftStorageDirectory (RaftStorageDirectory.java:tryLock(328)) - Lock on /workdir/hadoop-ozone/integration-test/target/test-dir/MiniOzoneClusterImpl-33986320-1065-4a8e-9f2e-ea3716de2538/datanode-0/data/ratis/e54164b7-2b5b-41bb-b105-33f611afdf60/in_use.lock acquired by nodename 14981@pr-hdds-2501-jccjl-2716832651
2019-11-15 23:39:44,077 [pool-163-thread-1] INFO  storage.RaftStorageDirectory (RaftStorageDirectory.java:tryLock(328)) - Lock on /workdir/hadoop-ozone/integration-test/target/test-dir/MiniOzoneClusterImpl-33986320-1065-4a8e-9f2e-ea3716de2538/datanode-1/data/ratis/e54164b7-2b5b-41bb-b105-33f611afdf60/in_use.lock acquired by nodename 14981@pr-hdds-2501-jccjl-2716832651
2019-11-15 23:39:44,077 [pool-173-thread-1] INFO  storage.RaftStorageDirectory (RaftStorageDirectory.java:tryLock(328)) - Lock on /workdir/hadoop-ozone/integration-test/target/test-dir/MiniOzoneClusterImpl-33986320-1065-4a8e-9f2e-ea3716de2538/datanode-2/data/ratis/e54164b7-2b5b-41bb-b105-33f611afdf60/in_use.lock acquired by nodename 14981@pr-hdds-2501-jccjl-2716832651
2019-11-15 23:39:44,100 [pool-163-thread-1] INFO  storage.RaftStorage (RaftStorage.java:format(84)) - Storage directory /workdir/hadoop-ozone/integration-test/target/test-dir/MiniOzoneClusterImpl-33986320-1065-4a8e-9f2e-ea3716de2538/datanode-1/data/ratis/e54164b7-2b5b-41bb-b105-33f611afdf60 has been successfully formatted.
2019-11-15 23:39:44,100 [pool-173-thread-1] INFO  storage.RaftStorage (RaftStorage.java:format(84)) - Storage directory /workdir/hadoop-ozone/integration-test/target/test-dir/MiniOzoneClusterImpl-33986320-1065-4a8e-9f2e-ea3716de2538/datanode-2/data/ratis/e54164b7-2b5b-41bb-b105-33f611afdf60 has been successfully formatted.
2019-11-15 23:39:44,100 [pool-163-thread-1] INFO  ratis.ContainerStateMachine (ContainerStateMachine.java:loadSnapshot(223)) - group-33F611AFDF60: The snapshot info is null. Setting the last applied indexto:(t:0, i:~)
2019-11-15 23:39:44,100 [pool-153-thread-1] INFO  storage.RaftStorage (RaftStorage.java:format(84)) - Storage directory /workdir/hadoop-ozone/integration-test/target/test-dir/MiniOzoneClusterImpl-33986320-1065-4a8e-9f2e-ea3716de2538/datanode-0/data/ratis/e54164b7-2b5b-41bb-b105-33f611afdf60 has been successfully formatted.
2019-11-15 23:39:44,101 [pool-163-thread-1] INFO  server.RaftServerConfigKeys (ConfUtils.java:logGet(43)) - raft.server.notification.no-leader.timeout = 120s (custom)
2019-11-15 23:39:44,101 [pool-153-thread-1] INFO  ratis.ContainerStateMachine (ContainerStateMachine.java:loadSnapshot(223)) - group-33F611AFDF60: The snapshot info is null. Setting the last applied indexto:(t:0, i:~)
2019-11-15 23:39:44,100 [pool-173-thread-1] INFO  ratis.ContainerStateMachine (ContainerStateMachine.java:loadSnapshot(223)) - group-33F611AFDF60: The snapshot info is null. Setting the last applied indexto:(t:0, i:~)
2019-11-15 23:39:44,101 [pool-153-thread-1] INFO  server.RaftServerConfigKeys (ConfUtils.java:logGet(43)) - raft.server.notification.no-leader.timeout = 120s (custom)
2019-11-15 23:39:44,101 [pool-163-thread-1] INFO  server.RaftServerConfigKeys (ConfUtils.java:logGet(43)) - raft.server.log.use.memory = false (default)
2019-11-15 23:39:44,101 [pool-153-thread-1] INFO  server.RaftServerConfigKeys (ConfUtils.java:logGet(43)) - raft.server.log.use.memory = false (default)
2019-11-15 23:39:44,101 [pool-173-thread-1] INFO  server.RaftServerConfigKeys (ConfUtils.java:logGet(43)) - raft.server.notification.no-leader.timeout = 120s (custom)
2019-11-15 23:39:44,101 [pool-153-thread-1] INFO  server.RaftServerConfigKeys (ConfUtils.java:logGet(43)) - raft.server.log.purge.gap = 1000000 (custom)
2019-11-15 23:39:44,101 [pool-163-thread-1] INFO  server.RaftServerConfigKeys (ConfUtils.java:logGet(43)) - raft.server.log.purge.gap = 1000000 (custom)
2019-11-15 23:39:44,102 [pool-153-thread-1] INFO  server.RaftServerConfigKeys (ConfUtils.java:logGet(43)) - raft.server.log.appender.buffer.byte-limit = 33554432 (custom)
2019-11-15 23:39:44,102 [pool-173-thread-1] INFO  server.RaftServerConfigKeys (ConfUtils.java:logGet(43)) - raft.server.log.use.memory = false (default)
2019-11-15 23:39:44,102 [pool-153-thread-1] INFO  server.RaftServerConfigKeys (ConfUtils.java:logGet(43)) - raft.server.log.segment.size.max = 1048576 (custom)
2019-11-15 23:39:44,102 [pool-163-thread-1] INFO  server.RaftServerConfigKeys (ConfUtils.java:logGet(43)) - raft.server.log.appender.buffer.byte-limit = 33554432 (custom)
2019-11-15 23:39:44,102 [pool-153-thread-1] INFO  server.RaftServerConfigKeys (ConfUtils.java:logGet(43)) - raft.server.log.segment.cache.num.max = 2 (custom)
2019-11-15 23:39:44,102 [pool-173-thread-1] INFO  server.RaftServerConfigKeys (ConfUtils.java:logGet(43)) - raft.server.log.purge.gap = 1000000 (custom)
2019-11-15 23:39:44,102 [pool-153-thread-1] INFO  segmented.SegmentedRaftLogWorker (SegmentedRaftLogWorker.java:<init>(173)) - new 5fa1608a-d503-4104-880b-6be568a6d1ca@group-33F611AFDF60-SegmentedRaftLogWorker for RaftStorage:Storage Directory /workdir/hadoop-ozone/integration-test/target/test-dir/MiniOzoneClusterImpl-33986320-1065-4a8e-9f2e-ea3716de2538/datanode-0/data/ratis/e54164b7-2b5b-41bb-b105-33f611afdf60
2019-11-15 23:39:44,102 [pool-163-thread-1] INFO  server.RaftServerConfigKeys (ConfUtils.java:logGet(43)) - raft.server.log.segment.size.max = 1048576 (custom)
2019-11-15 23:39:44,103 [pool-153-thread-1] INFO  server.RaftServerConfigKeys (ConfUtils.java:logGet(43)) - raft.server.log.queue.byte-limit = 2147483647 (custom)
2019-11-15 23:39:44,102 [pool-173-thread-1] INFO  server.RaftServerConfigKeys (ConfUtils.java:logGet(43)) - raft.server.log.appender.buffer.byte-limit = 33554432 (custom)
2019-11-15 23:39:44,103 [pool-153-thread-1] INFO  server.RaftServerConfigKeys (ConfUtils.java:logGet(43)) - raft.server.log.queue.element-limit = 1024 (custom)
2019-11-15 23:39:44,103 [pool-163-thread-1] INFO  server.RaftServerConfigKeys (ConfUtils.java:logGet(43)) - raft.server.log.segment.cache.num.max = 2 (custom)
2019-11-15 23:39:44,103 [pool-153-thread-1] INFO  server.RaftServerConfigKeys (ConfUtils.java:logGet(43)) - raft.server.log.segment.size.max = 1048576 (custom)
2019-11-15 23:39:44,103 [pool-173-thread-1] INFO  server.RaftServerConfigKeys (ConfUtils.java:logGet(43)) - raft.server.log.segment.size.max = 1048576 (custom)
2019-11-15 23:39:44,103 [pool-153-thread-1] INFO  server.RaftServerConfigKeys (ConfUtils.java:logGet(43)) - raft.server.log.preallocated.size = 16384 (custom)
2019-11-15 23:39:44,103 [pool-163-thread-1] INFO  segmented.SegmentedRaftLogWorker (SegmentedRaftLogWorker.java:<init>(173)) - new 5631d385-0b46-47bf-960c-236f816b46d3@group-33F611AFDF60-SegmentedRaftLogWorker for RaftStorage:Storage Directory /workdir/hadoop-ozone/integration-test/target/test-dir/MiniOzoneClusterImpl-33986320-1065-4a8e-9f2e-ea3716de2538/datanode-1/data/ratis/e54164b7-2b5b-41bb-b105-33f611afdf60
2019-11-15 23:39:44,103 [pool-153-thread-1] INFO  server.RaftServerConfigKeys (ConfUtils.java:logGet(43)) - raft.server.log.write.buffer.size = 33554432 (custom)
2019-11-15 23:39:44,103 [pool-173-thread-1] INFO  server.RaftServerConfigKeys (ConfUtils.java:logGet(43)) - raft.server.log.segment.cache.num.max = 2 (custom)
2019-11-15 23:39:44,104 [pool-153-thread-1] INFO  server.RaftServerConfigKeys (ConfUtils.java:logGet(43)) - raft.server.log.force.sync.num = 128 (default)
2019-11-15 23:39:44,104 [pool-163-thread-1] INFO  server.RaftServerConfigKeys (ConfUtils.java:logGet(43)) - raft.server.log.queue.byte-limit = 2147483647 (custom)
2019-11-15 23:39:44,104 [pool-153-thread-1] INFO  server.RaftServerConfigKeys (ConfUtils.java:logGet(43)) - raft.server.log.statemachine.data.sync = true (default)
2019-11-15 23:39:44,104 [pool-173-thread-1] INFO  segmented.SegmentedRaftLogWorker (SegmentedRaftLogWorker.java:<init>(173)) - new 08a53ee3-16fe-4887-981c-fcef61fe445a@group-33F611AFDF60-SegmentedRaftLogWorker for RaftStorage:Storage Directory /workdir/hadoop-ozone/integration-test/target/test-dir/MiniOzoneClusterImpl-33986320-1065-4a8e-9f2e-ea3716de2538/datanode-2/data/ratis/e54164b7-2b5b-41bb-b105-33f611afdf60
2019-11-15 23:39:44,104 [pool-153-thread-1] INFO  server.RaftServerConfigKeys (ConfUtils.java:logGet(43)) - raft.server.log.statemachine.data.sync.timeout = 10s (default)
2019-11-15 23:39:44,104 [pool-163-thread-1] INFO  server.RaftServerConfigKeys (ConfUtils.java:logGet(43)) - raft.server.log.queue.element-limit = 1024 (custom)
2019-11-15 23:39:44,104 [pool-153-thread-1] INFO  server.RaftServerConfigKeys (ConfUtils.java:logGet(43)) - raft.server.log.statemachine.data.sync.timeout.retry = -1 (default)
2019-11-15 23:39:44,104 [pool-173-thread-1] INFO  server.RaftServerConfigKeys (ConfUtils.java:logGet(43)) - raft.server.log.queue.byte-limit = 2147483647 (custom)
2019-11-15 23:39:44,105 [pool-153-thread-1] INFO  server.RaftServerConfigKeys (ConfUtils.java:logGet(43)) - raft.server.log.statemachine.data.caching.enabled = true (custom)
2019-11-15 23:39:44,104 [pool-163-thread-1] INFO  server.RaftServerConfigKeys (ConfUtils.java:logGet(43)) - raft.server.log.segment.size.max = 1048576 (custom)
2019-11-15 23:39:44,105 [pool-173-thread-1] INFO  server.RaftServerConfigKeys (ConfUtils.java:logGet(43)) - raft.server.log.queue.element-limit = 1024 (custom)
2019-11-15 23:39:44,105 [pool-153-thread-1] INFO  segmented.SegmentedRaftLogWorker (SegmentedRaftLogWorker.java:lambda$new$0(128)) - 5fa1608a-d503-4104-880b-6be568a6d1ca@group-33F611AFDF60-SegmentedRaftLogWorker: flushIndex: setUnconditionally 0 -> -1
2019-11-15 23:39:44,105 [pool-163-thread-1] INFO  server.RaftServerConfigKeys (ConfUtils.java:logGet(43)) - raft.server.log.preallocated.size = 16384 (custom)
2019-11-15 23:39:44,105 [pool-173-thread-1] INFO  server.RaftServerConfigKeys (ConfUtils.java:logGet(43)) - raft.server.log.segment.size.max = 1048576 (custom)
2019-11-15 23:39:44,105 [pool-153-thread-1] INFO  server.RaftServerConfigKeys (ConfUtils.java:logGet(43)) - raft.server.snapshot.auto.trigger.enabled = true (custom)
2019-11-15 23:39:44,105 [pool-163-thread-1] INFO  server.RaftServerConfigKeys (ConfUtils.java:logGet(43)) - raft.server.log.write.buffer.size = 33554432 (custom)
2019-11-15 23:39:44,105 [pool-153-thread-1] INFO  server.RaftServerConfigKeys (ConfUtils.java:logGet(43)) - raft.server.snapshot.auto.trigger.threshold = 10000 (custom)
2019-11-15 23:39:44,105 [pool-173-thread-1] INFO  server.RaftServerConfigKeys (ConfUtils.java:logGet(43)) - raft.server.log.preallocated.size = 16384 (custom)
2019-11-15 23:39:44,106 [pool-153-thread-1] INFO  server.RaftServerConfigKeys (ConfUtils.java:logGet(43)) - raft.server.snapshot.retention.file.num = 5 (custom)
2019-11-15 23:39:44,106 [pool-163-thread-1] INFO  server.RaftServerConfigKeys (ConfUtils.java:logGet(43)) - raft.server.log.force.sync.num = 128 (default)
2019-11-15 23:39:44,106 [pool-173-thread-1] INFO  server.RaftServerConfigKeys (ConfUtils.java:logGet(43)) - raft.server.log.write.buffer.size = 33554432 (custom)
2019-11-15 23:39:44,106 [pool-163-thread-1] INFO  server.RaftServerConfigKeys (ConfUtils.java:logGet(43)) - raft.server.log.statemachine.data.sync = true (default)
2019-11-15 23:39:44,106 [pool-153-thread-1] INFO  server.RaftServerConfigKeys (ConfUtils.java:logGet(43)) - raft.server.retrycache.expirytime = 600000ms (custom)
2019-11-15 23:39:44,106 [pool-163-thread-1] INFO  server.RaftServerConfigKeys (ConfUtils.java:logGet(43)) - raft.server.log.statemachine.data.sync.timeout = 10s (default)
2019-11-15 23:39:44,106 [pool-163-thread-1] INFO  server.RaftServerConfigKeys (ConfUtils.java:logGet(43)) - raft.server.log.statemachine.data.sync.timeout.retry = -1 (default)
2019-11-15 23:39:44,106 [pool-173-thread-1] INFO  server.RaftServerConfigKeys (ConfUtils.java:logGet(43)) - raft.server.log.force.sync.num = 128 (default)
2019-11-15 23:39:44,107 [pool-163-thread-1] INFO  server.RaftServerConfigKeys (ConfUtils.java:logGet(43)) - raft.server.log.statemachine.data.caching.enabled = true (custom)
2019-11-15 23:39:44,106 [pool-153-thread-1] WARN  impl.MetricRegistriesImpl (MetricRegistriesImpl.java:lambda$create$1(61)) - First MetricRegistry has been created without registering reporters. You may need to call MetricRegistries.global().addReportRegistration(...) before.
2019-11-15 23:39:44,107 [pool-173-thread-1] INFO  server.RaftServerConfigKeys (ConfUtils.java:logGet(43)) - raft.server.log.statemachine.data.sync = true (default)
2019-11-15 23:39:44,107 [pool-153-thread-1] WARN  impl.MetricRegistriesImpl (MetricRegistriesImpl.java:lambda$create$1(61)) - First MetricRegistry has been created without registering reporters. You may need to call MetricRegistries.global().addReportRegistration(...) before.
2019-11-15 23:39:44,107 [pool-163-thread-1] INFO  segmented.SegmentedRaftLogWorker (SegmentedRaftLogWorker.java:lambda$new$0(128)) - 5631d385-0b46-47bf-960c-236f816b46d3@group-33F611AFDF60-SegmentedRaftLogWorker: flushIndex: setUnconditionally 0 -> -1
2019-11-15 23:39:44,107 [pool-153-thread-1] INFO  impl.RaftServerImpl (RaftServerImpl.java:start(184)) - 5fa1608a-d503-4104-880b-6be568a6d1ca@group-33F611AFDF60: start as a follower, conf=-1: [08a53ee3-16fe-4887-981c-fcef61fe445a:192.168.69.89:38583, 5fa1608a-d503-4104-880b-6be568a6d1ca:192.168.69.89:34320, 5631d385-0b46-47bf-960c-236f816b46d3:192.168.69.89:38050], old=null
2019-11-15 23:39:44,107 [pool-173-thread-1] INFO  server.RaftServerConfigKeys (ConfUtils.java:logGet(43)) - raft.server.log.statemachine.data.sync.timeout = 10s (default)
2019-11-15 23:39:44,107 [pool-163-thread-1] INFO  server.RaftServerConfigKeys (ConfUtils.java:logGet(43)) - raft.server.snapshot.auto.trigger.enabled = true (custom)
2019-11-15 23:39:44,107 [pool-153-thread-1] INFO  impl.RaftServerImpl (RaftServerImpl.java:setRole(173)) - 5fa1608a-d503-4104-880b-6be568a6d1ca@group-33F611AFDF60: changes role from      null to FOLLOWER at term 0 for startAsFollower
2019-11-15 23:39:44,108 [pool-163-thread-1] INFO  server.RaftServerConfigKeys (ConfUtils.java:logGet(43)) - raft.server.snapshot.auto.trigger.threshold = 10000 (custom)
2019-11-15 23:39:44,107 [pool-173-thread-1] INFO  server.RaftServerConfigKeys (ConfUtils.java:logGet(43)) - raft.server.log.statemachine.data.sync.timeout.retry = -1 (default)
2019-11-15 23:39:44,108 [pool-163-thread-1] INFO  server.RaftServerConfigKeys (ConfUtils.java:logGet(43)) - raft.server.snapshot.retention.file.num = 5 (custom)
2019-11-15 23:39:44,108 [pool-153-thread-1] INFO  impl.RoleInfo (RoleInfo.java:updateAndGet(143)) - 5fa1608a-d503-4104-880b-6be568a6d1ca: start FollowerState
2019-11-15 23:39:44,108 [pool-163-thread-1] INFO  server.RaftServerConfigKeys (ConfUtils.java:logGet(43)) - raft.server.retrycache.expirytime = 600000ms (custom)
2019-11-15 23:39:44,108 [pool-173-thread-1] INFO  server.RaftServerConfigKeys (ConfUtils.java:logGet(43)) - raft.server.log.statemachine.data.caching.enabled = true (custom)
2019-11-15 23:39:44,108 [pool-163-thread-1] WARN  impl.MetricRegistriesImpl (MetricRegistriesImpl.java:lambda$create$1(61)) - First MetricRegistry has been created without registering reporters. You may need to call MetricRegistries.global().addReportRegistration(...) before.
2019-11-15 23:39:44,108 [pool-153-thread-1] INFO  util.JmxRegister (JmxRegister.java:tryRegister(44)) - Successfully registered JMX Bean with object name Ratis:service=RaftServer,group=group-33F611AFDF60,id=5fa1608a-d503-4104-880b-6be568a6d1ca
2019-11-15 23:39:44,109 [pool-173-thread-1] INFO  segmented.SegmentedRaftLogWorker (SegmentedRaftLogWorker.java:lambda$new$0(128)) - 08a53ee3-16fe-4887-981c-fcef61fe445a@group-33F611AFDF60-SegmentedRaftLogWorker: flushIndex: setUnconditionally 0 -> -1
2019-11-15 23:39:44,109 [pool-163-thread-1] WARN  impl.MetricRegistriesImpl (MetricRegistriesImpl.java:lambda$create$1(61)) - First MetricRegistry has been created without registering reporters. You may need to call MetricRegistries.global().addReportRegistration(...) before.
2019-11-15 23:39:44,109 [pool-153-thread-1] WARN  impl.MetricRegistriesImpl (MetricRegistriesImpl.java:lambda$create$1(61)) - First MetricRegistry has been created without registering reporters. You may need to call MetricRegistries.global().addReportRegistration(...) before.
2019-11-15 23:39:44,109 [pool-163-thread-1] INFO  impl.RaftServerImpl (RaftServerImpl.java:start(184)) - 5631d385-0b46-47bf-960c-236f816b46d3@group-33F611AFDF60: start as a follower, conf=-1: [08a53ee3-16fe-4887-981c-fcef61fe445a:192.168.69.89:38583, 5fa1608a-d503-4104-880b-6be568a6d1ca:192.168.69.89:34320, 5631d385-0b46-47bf-960c-236f816b46d3:192.168.69.89:38050], old=null
2019-11-15 23:39:44,109 [pool-173-thread-1] INFO  server.RaftServerConfigKeys (ConfUtils.java:logGet(43)) - raft.server.snapshot.auto.trigger.enabled = true (custom)
2019-11-15 23:39:44,109 [pool-163-thread-1] INFO  impl.RaftServerImpl (RaftServerImpl.java:setRole(173)) - 5631d385-0b46-47bf-960c-236f816b46d3@group-33F611AFDF60: changes role from      null to FOLLOWER at term 0 for startAsFollower
2019-11-15 23:39:44,109 [pool-173-thread-1] INFO  server.RaftServerConfigKeys (ConfUtils.java:logGet(43)) - raft.server.snapshot.auto.trigger.threshold = 10000 (custom)
2019-11-15 23:39:44,109 [pool-163-thread-1] INFO  impl.RoleInfo (RoleInfo.java:updateAndGet(143)) - 5631d385-0b46-47bf-960c-236f816b46d3: start FollowerState
2019-11-15 23:39:44,109 [pool-173-thread-1] INFO  server.RaftServerConfigKeys (ConfUtils.java:logGet(43)) - raft.server.snapshot.retention.file.num = 5 (custom)
2019-11-15 23:39:44,110 [pool-173-thread-1] INFO  server.RaftServerConfigKeys (ConfUtils.java:logGet(43)) - raft.server.retrycache.expirytime = 600000ms (custom)
2019-11-15 23:39:44,110 [pool-163-thread-1] INFO  util.JmxRegister (JmxRegister.java:tryRegister(44)) - Successfully registered JMX Bean with object name Ratis:service=RaftServer,group=group-33F611AFDF60,id=5631d385-0b46-47bf-960c-236f816b46d3
2019-11-15 23:39:44,110 [pool-173-thread-1] WARN  impl.MetricRegistriesImpl (MetricRegistriesImpl.java:lambda$create$1(61)) - First MetricRegistry has been created without registering reporters. You may need to call MetricRegistries.global().addReportRegistration(...) before.
2019-11-15 23:39:44,110 [pool-163-thread-1] WARN  impl.MetricRegistriesImpl (MetricRegistriesImpl.java:lambda$create$1(61)) - First MetricRegistry has been created without registering reporters. You may need to call MetricRegistries.global().addReportRegistration(...) before.
2019-11-15 23:39:44,110 [pool-173-thread-1] WARN  impl.MetricRegistriesImpl (MetricRegistriesImpl.java:lambda$create$1(61)) - First MetricRegistry has been created without registering reporters. You may need to call MetricRegistries.global().addReportRegistration(...) before.
2019-11-15 23:39:44,110 [pool-173-thread-1] INFO  impl.RaftServerImpl (RaftServerImpl.java:start(184)) - 08a53ee3-16fe-4887-981c-fcef61fe445a@group-33F611AFDF60: start as a follower, conf=-1: [08a53ee3-16fe-4887-981c-fcef61fe445a:192.168.69.89:38583, 5fa1608a-d503-4104-880b-6be568a6d1ca:192.168.69.89:34320, 5631d385-0b46-47bf-960c-236f816b46d3:192.168.69.89:38050], old=null
2019-11-15 23:39:44,110 [pool-173-thread-1] INFO  impl.RaftServerImpl (RaftServerImpl.java:setRole(173)) - 08a53ee3-16fe-4887-981c-fcef61fe445a@group-33F611AFDF60: changes role from      null to FOLLOWER at term 0 for startAsFollower
2019-11-15 23:39:44,111 [pool-173-thread-1] INFO  impl.RoleInfo (RoleInfo.java:updateAndGet(143)) - 08a53ee3-16fe-4887-981c-fcef61fe445a: start FollowerState
2019-11-15 23:39:44,111 [pool-173-thread-1] INFO  util.JmxRegister (JmxRegister.java:tryRegister(44)) - Successfully registered JMX Bean with object name Ratis:service=RaftServer,group=group-33F611AFDF60,id=08a53ee3-16fe-4887-981c-fcef61fe445a
2019-11-15 23:39:44,111 [pool-173-thread-1] WARN  impl.MetricRegistriesImpl (MetricRegistriesImpl.java:lambda$create$1(61)) - First MetricRegistry has been created without registering reporters. You may need to call MetricRegistries.global().addReportRegistration(...) before.
2019-11-15 23:39:44,113 [RatisPipelineUtilsThread] INFO  pipeline.PipelineStateManager (PipelineStateManager.java:addPipeline(55)) - Created pipeline Pipeline[ Id: e54164b7-2b5b-41bb-b105-33f611afdf60, Nodes: 5631d385-0b46-47bf-960c-236f816b46d3{ip: 192.168.69.89, host: pr-hdds-2501-jccjl-2716832651, networkLocation: /default-rack, certSerialId: null}08a53ee3-16fe-4887-981c-fcef61fe445a{ip: 192.168.69.89, host: pr-hdds-2501-jccjl-2716832651, networkLocation: /default-rack, certSerialId: null}5fa1608a-d503-4104-880b-6be568a6d1ca{ip: 192.168.69.89, host: pr-hdds-2501-jccjl-2716832651, networkLocation: /default-rack, certSerialId: null}, Type:RATIS, Factor:THREE, State:ALLOCATED]
2019-11-15 23:39:44,118 [IPC Server handler 3 on 40267] INFO  net.NetworkTopology (NetworkTopologyImpl.java:add(111)) - Added a new node: /default-rack/44c1a031-22df-4fb3-be71-2a7e67cf760d
2019-11-15 23:39:44,119 [IPC Server handler 3 on 40267] INFO  node.SCMNodeManager (SCMNodeManager.java:register(267)) - Registered Data node : 44c1a031-22df-4fb3-be71-2a7e67cf760d{ip: 192.168.69.89, host: pr-hdds-2501-jccjl-2716832651, networkLocation: /default-rack, certSerialId: null}
2019-11-15 23:39:44,124 [grpc-default-executor-5] INFO  impl.RaftServerProxy (RaftServerProxy.java:addNew(89)) - 44c1a031-22df-4fb3-be71-2a7e67cf760d: addNew group-19A9C40DCB8E:[44c1a031-22df-4fb3-be71-2a7e67cf760d:192.168.69.89:40732] returns group-19A9C40DCB8E:java.util.concurrent.CompletableFuture@a85d7c0[Not completed]
2019-11-15 23:39:44,127 [pool-193-thread-1] INFO  impl.RaftServerImpl (RaftServerImpl.java:<init>(98)) - 44c1a031-22df-4fb3-be71-2a7e67cf760d: new RaftServerImpl for group-19A9C40DCB8E:[44c1a031-22df-4fb3-be71-2a7e67cf760d:192.168.69.89:40732] with ContainerStateMachine:uninitialized
2019-11-15 23:39:44,127 [pool-193-thread-1] INFO  server.RaftServerConfigKeys (ConfUtils.java:logGet(43)) - raft.server.rpc.timeout.min = 1s (custom)
2019-11-15 23:39:44,127 [pool-193-thread-1] INFO  server.RaftServerConfigKeys (ConfUtils.java:logGet(43)) - raft.server.rpc.timeout.max = 1200ms (custom)
2019-11-15 23:39:44,127 [pool-193-thread-1] INFO  server.RaftServerConfigKeys (ConfUtils.java:logGet(43)) - raft.server.rpcslowness.timeout = 120s (custom)
2019-11-15 23:39:44,127 [pool-193-thread-1] INFO  server.RaftServerConfigKeys (ConfUtils.java:logGet(43)) - raft.server.sleep.deviation.threshold = 300 (default)
2019-11-15 23:39:44,127 [pool-193-thread-1] INFO  server.RaftServerConfigKeys (ConfUtils.java:logGet(43)) - raft.server.log.appender.install.snapshot.enabled = false (custom)
2019-11-15 23:39:44,127 [pool-193-thread-1] INFO  impl.RaftServerImpl (ServerState.java:<init>(103)) - 44c1a031-22df-4fb3-be71-2a7e67cf760d@group-19A9C40DCB8E: ConfigurationManager, init=-1: [44c1a031-22df-4fb3-be71-2a7e67cf760d:192.168.69.89:40732], old=null, confs=<EMPTY_MAP>
2019-11-15 23:39:44,127 [pool-193-thread-1] INFO  server.RaftServerConfigKeys (ConfUtils.java:logGet(43)) - raft.server.storage.dir = [/workdir/hadoop-ozone/integration-test/target/test-dir/MiniOzoneClusterImpl-33986320-1065-4a8e-9f2e-ea3716de2538/datanode-4/data/ratis] (custom)
2019-11-15 23:39:44,128 [pool-193-thread-1] INFO  server.RaftServerConfigKeys (ConfUtils.java:logGet(43)) - raft.server.log.corruption.policy = EXCEPTION (default)
2019-11-15 23:39:44,128 [pool-193-thread-1] INFO  storage.RaftStorageDirectory (RaftStorageDirectory.java:analyzeStorage(246)) - The storage directory /workdir/hadoop-ozone/integration-test/target/test-dir/MiniOzoneClusterImpl-33986320-1065-4a8e-9f2e-ea3716de2538/datanode-4/data/ratis/a4f0bafc-cd4a-460d-9ec3-19a9c40dcb8e does not exist. Creating ...
2019-11-15 23:39:44,150 [pool-193-thread-1] INFO  storage.RaftStorageDirectory (RaftStorageDirectory.java:tryLock(328)) - Lock on /workdir/hadoop-ozone/integration-test/target/test-dir/MiniOzoneClusterImpl-33986320-1065-4a8e-9f2e-ea3716de2538/datanode-4/data/ratis/a4f0bafc-cd4a-460d-9ec3-19a9c40dcb8e/in_use.lock acquired by nodename 14981@pr-hdds-2501-jccjl-2716832651
2019-11-15 23:39:44,183 [pool-193-thread-1] INFO  storage.RaftStorage (RaftStorage.java:format(84)) - Storage directory /workdir/hadoop-ozone/integration-test/target/test-dir/MiniOzoneClusterImpl-33986320-1065-4a8e-9f2e-ea3716de2538/datanode-4/data/ratis/a4f0bafc-cd4a-460d-9ec3-19a9c40dcb8e has been successfully formatted.
2019-11-15 23:39:44,184 [pool-193-thread-1] INFO  ratis.ContainerStateMachine (ContainerStateMachine.java:loadSnapshot(223)) - group-19A9C40DCB8E: The snapshot info is null. Setting the last applied indexto:(t:0, i:~)
2019-11-15 23:39:44,185 [pool-193-thread-1] INFO  server.RaftServerConfigKeys (ConfUtils.java:logGet(43)) - raft.server.notification.no-leader.timeout = 120s (custom)
2019-11-15 23:39:44,185 [pool-193-thread-1] INFO  server.RaftServerConfigKeys (ConfUtils.java:logGet(43)) - raft.server.log.use.memory = false (default)
2019-11-15 23:39:44,185 [pool-193-thread-1] INFO  server.RaftServerConfigKeys (ConfUtils.java:logGet(43)) - raft.server.log.purge.gap = 1000000 (custom)
2019-11-15 23:39:44,185 [pool-193-thread-1] INFO  server.RaftServerConfigKeys (ConfUtils.java:logGet(43)) - raft.server.log.appender.buffer.byte-limit = 33554432 (custom)
2019-11-15 23:39:44,185 [pool-193-thread-1] INFO  server.RaftServerConfigKeys (ConfUtils.java:logGet(43)) - raft.server.log.segment.size.max = 1048576 (custom)
2019-11-15 23:39:44,185 [pool-193-thread-1] WARN  impl.MetricRegistriesImpl (MetricRegistriesImpl.java:lambda$create$1(61)) - First MetricRegistry has been created without registering reporters. You may need to call MetricRegistries.global().addReportRegistration(...) before.
2019-11-15 23:39:44,185 [pool-193-thread-1] INFO  server.RaftServerConfigKeys (ConfUtils.java:logGet(43)) - raft.server.log.segment.cache.num.max = 2 (custom)
2019-11-15 23:39:44,186 [pool-193-thread-1] INFO  segmented.SegmentedRaftLogWorker (SegmentedRaftLogWorker.java:<init>(173)) - new 44c1a031-22df-4fb3-be71-2a7e67cf760d@group-19A9C40DCB8E-SegmentedRaftLogWorker for RaftStorage:Storage Directory /workdir/hadoop-ozone/integration-test/target/test-dir/MiniOzoneClusterImpl-33986320-1065-4a8e-9f2e-ea3716de2538/datanode-4/data/ratis/a4f0bafc-cd4a-460d-9ec3-19a9c40dcb8e
2019-11-15 23:39:44,186 [pool-193-thread-1] INFO  server.RaftServerConfigKeys (ConfUtils.java:logGet(43)) - raft.server.log.queue.byte-limit = 2147483647 (custom)
2019-11-15 23:39:44,186 [pool-193-thread-1] INFO  server.RaftServerConfigKeys (ConfUtils.java:logGet(43)) - raft.server.log.queue.element-limit = 1024 (custom)
2019-11-15 23:39:44,186 [pool-193-thread-1] INFO  server.RaftServerConfigKeys (ConfUtils.java:logGet(43)) - raft.server.log.segment.size.max = 1048576 (custom)
2019-11-15 23:39:44,186 [pool-193-thread-1] INFO  server.RaftServerConfigKeys (ConfUtils.java:logGet(43)) - raft.server.log.preallocated.size = 16384 (custom)
2019-11-15 23:39:44,186 [pool-193-thread-1] INFO  server.RaftServerConfigKeys (ConfUtils.java:logGet(43)) - raft.server.log.write.buffer.size = 33554432 (custom)
2019-11-15 23:39:44,186 [pool-193-thread-1] INFO  server.RaftServerConfigKeys (ConfUtils.java:logGet(43)) - raft.server.log.force.sync.num = 128 (default)
2019-11-15 23:39:44,186 [pool-193-thread-1] INFO  server.RaftServerConfigKeys (ConfUtils.java:logGet(43)) - raft.server.log.statemachine.data.sync = true (default)
2019-11-15 23:39:44,186 [pool-193-thread-1] INFO  server.RaftServerConfigKeys (ConfUtils.java:logGet(43)) - raft.server.log.statemachine.data.sync.timeout = 10s (default)
2019-11-15 23:39:44,187 [pool-193-thread-1] INFO  server.RaftServerConfigKeys (ConfUtils.java:logGet(43)) - raft.server.log.statemachine.data.sync.timeout.retry = -1 (default)
2019-11-15 23:39:44,187 [pool-193-thread-1] INFO  server.RaftServerConfigKeys (ConfUtils.java:logGet(43)) - raft.server.log.statemachine.data.caching.enabled = true (custom)
2019-11-15 23:39:44,187 [pool-193-thread-1] INFO  segmented.SegmentedRaftLogWorker (SegmentedRaftLogWorker.java:lambda$new$0(128)) - 44c1a031-22df-4fb3-be71-2a7e67cf760d@group-19A9C40DCB8E-SegmentedRaftLogWorker: flushIndex: setUnconditionally 0 -> -1
2019-11-15 23:39:44,187 [pool-193-thread-1] INFO  server.RaftServerConfigKeys (ConfUtils.java:logGet(43)) - raft.server.snapshot.auto.trigger.enabled = true (custom)
2019-11-15 23:39:44,188 [pool-193-thread-1] INFO  server.RaftServerConfigKeys (ConfUtils.java:logGet(43)) - raft.server.snapshot.auto.trigger.threshold = 10000 (custom)
2019-11-15 23:39:44,188 [pool-193-thread-1] INFO  server.RaftServerConfigKeys (ConfUtils.java:logGet(43)) - raft.server.snapshot.retention.file.num = 5 (custom)
2019-11-15 23:39:44,188 [pool-193-thread-1] INFO  server.RaftServerConfigKeys (ConfUtils.java:logGet(43)) - raft.server.retrycache.expirytime = 600000ms (custom)
2019-11-15 23:39:44,188 [pool-193-thread-1] WARN  impl.MetricRegistriesImpl (MetricRegistriesImpl.java:lambda$create$1(61)) - First MetricRegistry has been created without registering reporters. You may need to call MetricRegistries.global().addReportRegistration(...) before.
2019-11-15 23:39:44,188 [pool-193-thread-1] WARN  impl.MetricRegistriesImpl (MetricRegistriesImpl.java:lambda$create$1(61)) - First MetricRegistry has been created without registering reporters. You may need to call MetricRegistries.global().addReportRegistration(...) before.
2019-11-15 23:39:44,188 [pool-193-thread-1] INFO  impl.RaftServerImpl (RaftServerImpl.java:start(184)) - 44c1a031-22df-4fb3-be71-2a7e67cf760d@group-19A9C40DCB8E: start as a follower, conf=-1: [44c1a031-22df-4fb3-be71-2a7e67cf760d:192.168.69.89:40732], old=null
2019-11-15 23:39:44,188 [pool-193-thread-1] INFO  impl.RaftServerImpl (RaftServerImpl.java:setRole(173)) - 44c1a031-22df-4fb3-be71-2a7e67cf760d@group-19A9C40DCB8E: changes role from      null to FOLLOWER at term 0 for startAsFollower
2019-11-15 23:39:44,189 [pool-193-thread-1] INFO  impl.RoleInfo (RoleInfo.java:updateAndGet(143)) - 44c1a031-22df-4fb3-be71-2a7e67cf760d: start FollowerState
2019-11-15 23:39:44,189 [pool-193-thread-1] INFO  util.JmxRegister (JmxRegister.java:tryRegister(44)) - Successfully registered JMX Bean with object name Ratis:service=RaftServer,group=group-19A9C40DCB8E,id=44c1a031-22df-4fb3-be71-2a7e67cf760d
2019-11-15 23:39:44,189 [pool-193-thread-1] WARN  impl.MetricRegistriesImpl (MetricRegistriesImpl.java:lambda$create$1(61)) - First MetricRegistry has been created without registering reporters. You may need to call MetricRegistries.global().addReportRegistration(...) before.
2019-11-15 23:39:44,191 [IPC Server handler 4 on 40267] INFO  net.NetworkTopology (NetworkTopologyImpl.java:add(111)) - Added a new node: /default-rack/852bb6bc-fc53-4f9b-b145-e7434400ca8b
2019-11-15 23:39:44,191 [IPC Server handler 4 on 40267] INFO  node.SCMNodeManager (SCMNodeManager.java:register(267)) - Registered Data node : 852bb6bc-fc53-4f9b-b145-e7434400ca8b{ip: 192.168.69.89, host: pr-hdds-2501-jccjl-2716832651, networkLocation: /default-rack, certSerialId: null}
2019-11-15 23:39:44,191 [RatisPipelineUtilsThread] INFO  pipeline.PipelineStateManager (PipelineStateManager.java:addPipeline(55)) - Created pipeline Pipeline[ Id: a4f0bafc-cd4a-460d-9ec3-19a9c40dcb8e, Nodes: 44c1a031-22df-4fb3-be71-2a7e67cf760d{ip: 192.168.69.89, host: pr-hdds-2501-jccjl-2716832651, networkLocation: /default-rack, certSerialId: null}, Type:RATIS, Factor:ONE, State:ALLOCATED]
2019-11-15 23:39:44,197 [grpc-default-executor-5] INFO  impl.RaftServerProxy (RaftServerProxy.java:addNew(89)) - 4b590edd-7cfe-4917-88ed-6329a2b55bbe: addNew group-48ADA4EF1F23:[4b590edd-7cfe-4917-88ed-6329a2b55bbe:192.168.69.89:40974] returns group-48ADA4EF1F23:java.util.concurrent.CompletableFuture@4f5d7713[Not completed]
2019-11-15 23:39:44,198 [pool-183-thread-1] INFO  impl.RaftServerImpl (RaftServerImpl.java:<init>(98)) - 4b590edd-7cfe-4917-88ed-6329a2b55bbe: new RaftServerImpl for group-48ADA4EF1F23:[4b590edd-7cfe-4917-88ed-6329a2b55bbe:192.168.69.89:40974] with ContainerStateMachine:uninitialized
2019-11-15 23:39:44,199 [pool-183-thread-1] INFO  server.RaftServerConfigKeys (ConfUtils.java:logGet(43)) - raft.server.rpc.timeout.min = 1s (custom)
2019-11-15 23:39:44,199 [pool-183-thread-1] INFO  server.RaftServerConfigKeys (ConfUtils.java:logGet(43)) - raft.server.rpc.timeout.max = 1200ms (custom)
2019-11-15 23:39:44,199 [pool-183-thread-1] INFO  server.RaftServerConfigKeys (ConfUtils.java:logGet(43)) - raft.server.rpcslowness.timeout = 120s (custom)
2019-11-15 23:39:44,199 [pool-183-thread-1] INFO  server.RaftServerConfigKeys (ConfUtils.java:logGet(43)) - raft.server.sleep.deviation.threshold = 300 (default)
2019-11-15 23:39:44,199 [pool-183-thread-1] INFO  server.RaftServerConfigKeys (ConfUtils.java:logGet(43)) - raft.server.log.appender.install.snapshot.enabled = false (custom)
2019-11-15 23:39:44,199 [pool-183-thread-1] INFO  impl.RaftServerImpl (ServerState.java:<init>(103)) - 4b590edd-7cfe-4917-88ed-6329a2b55bbe@group-48ADA4EF1F23: ConfigurationManager, init=-1: [4b590edd-7cfe-4917-88ed-6329a2b55bbe:192.168.69.89:40974], old=null, confs=<EMPTY_MAP>
2019-11-15 23:39:44,199 [pool-183-thread-1] INFO  server.RaftServerConfigKeys (ConfUtils.java:logGet(43)) - raft.server.storage.dir = [/workdir/hadoop-ozone/integration-test/target/test-dir/MiniOzoneClusterImpl-33986320-1065-4a8e-9f2e-ea3716de2538/datanode-3/data/ratis] (custom)
2019-11-15 23:39:44,200 [pool-183-thread-1] INFO  server.RaftServerConfigKeys (ConfUtils.java:logGet(43)) - raft.server.log.corruption.policy = EXCEPTION (default)
2019-11-15 23:39:44,200 [pool-183-thread-1] INFO  storage.RaftStorageDirectory (RaftStorageDirectory.java:analyzeStorage(246)) - The storage directory /workdir/hadoop-ozone/integration-test/target/test-dir/MiniOzoneClusterImpl-33986320-1065-4a8e-9f2e-ea3716de2538/datanode-3/data/ratis/5eaa48f6-dccb-4eb3-b07c-48ada4ef1f23 does not exist. Creating ...
2019-11-15 23:39:44,221 [pool-183-thread-1] INFO  storage.RaftStorageDirectory (RaftStorageDirectory.java:tryLock(328)) - Lock on /workdir/hadoop-ozone/integration-test/target/test-dir/MiniOzoneClusterImpl-33986320-1065-4a8e-9f2e-ea3716de2538/datanode-3/data/ratis/5eaa48f6-dccb-4eb3-b07c-48ada4ef1f23/in_use.lock acquired by nodename 14981@pr-hdds-2501-jccjl-2716832651
2019-11-15 23:39:44,245 [pool-183-thread-1] INFO  storage.RaftStorage (RaftStorage.java:format(84)) - Storage directory /workdir/hadoop-ozone/integration-test/target/test-dir/MiniOzoneClusterImpl-33986320-1065-4a8e-9f2e-ea3716de2538/datanode-3/data/ratis/5eaa48f6-dccb-4eb3-b07c-48ada4ef1f23 has been successfully formatted.
2019-11-15 23:39:44,245 [pool-183-thread-1] INFO  ratis.ContainerStateMachine (ContainerStateMachine.java:loadSnapshot(223)) - group-48ADA4EF1F23: The snapshot info is null. Setting the last applied indexto:(t:0, i:~)
2019-11-15 23:39:44,245 [pool-183-thread-1] INFO  server.RaftServerConfigKeys (ConfUtils.java:logGet(43)) - raft.server.notification.no-leader.timeout = 120s (custom)
2019-11-15 23:39:44,245 [pool-183-thread-1] INFO  server.RaftServerConfigKeys (ConfUtils.java:logGet(43)) - raft.server.log.use.memory = false (default)
2019-11-15 23:39:44,245 [pool-183-thread-1] INFO  server.RaftServerConfigKeys (ConfUtils.java:logGet(43)) - raft.server.log.purge.gap = 1000000 (custom)
2019-11-15 23:39:44,246 [pool-183-thread-1] INFO  server.RaftServerConfigKeys (ConfUtils.java:logGet(43)) - raft.server.log.appender.buffer.byte-limit = 33554432 (custom)
2019-11-15 23:39:44,246 [pool-183-thread-1] INFO  server.RaftServerConfigKeys (ConfUtils.java:logGet(43)) - raft.server.log.segment.size.max = 1048576 (custom)
2019-11-15 23:39:44,246 [pool-183-thread-1] WARN  impl.MetricRegistriesImpl (MetricRegistriesImpl.java:lambda$create$1(61)) - First MetricRegistry has been created without registering reporters. You may need to call MetricRegistries.global().addReportRegistration(...) before.
2019-11-15 23:39:44,246 [pool-183-thread-1] INFO  server.RaftServerConfigKeys (ConfUtils.java:logGet(43)) - raft.server.log.segment.cache.num.max = 2 (custom)
2019-11-15 23:39:44,246 [pool-183-thread-1] INFO  segmented.SegmentedRaftLogWorker (SegmentedRaftLogWorker.java:<init>(173)) - new 4b590edd-7cfe-4917-88ed-6329a2b55bbe@group-48ADA4EF1F23-SegmentedRaftLogWorker for RaftStorage:Storage Directory /workdir/hadoop-ozone/integration-test/target/test-dir/MiniOzoneClusterImpl-33986320-1065-4a8e-9f2e-ea3716de2538/datanode-3/data/ratis/5eaa48f6-dccb-4eb3-b07c-48ada4ef1f23
2019-11-15 23:39:44,246 [pool-183-thread-1] INFO  server.RaftServerConfigKeys (ConfUtils.java:logGet(43)) - raft.server.log.queue.byte-limit = 2147483647 (custom)
2019-11-15 23:39:44,246 [pool-183-thread-1] INFO  server.RaftServerConfigKeys (ConfUtils.java:logGet(43)) - raft.server.log.queue.element-limit = 1024 (custom)
2019-11-15 23:39:44,246 [pool-183-thread-1] INFO  server.RaftServerConfigKeys (ConfUtils.java:logGet(43)) - raft.server.log.segment.size.max = 1048576 (custom)
2019-11-15 23:39:44,247 [pool-183-thread-1] INFO  server.RaftServerConfigKeys (ConfUtils.java:logGet(43)) - raft.server.log.preallocated.size = 16384 (custom)
2019-11-15 23:39:44,247 [pool-183-thread-1] INFO  server.RaftServerConfigKeys (ConfUtils.java:logGet(43)) - raft.server.log.write.buffer.size = 33554432 (custom)
2019-11-15 23:39:44,247 [pool-183-thread-1] INFO  server.RaftServerConfigKeys (ConfUtils.java:logGet(43)) - raft.server.log.force.sync.num = 128 (default)
2019-11-15 23:39:44,247 [pool-183-thread-1] INFO  server.RaftServerConfigKeys (ConfUtils.java:logGet(43)) - raft.server.log.statemachine.data.sync = true (default)
2019-11-15 23:39:44,247 [pool-183-thread-1] INFO  server.RaftServerConfigKeys (ConfUtils.java:logGet(43)) - raft.server.log.statemachine.data.sync.timeout = 10s (default)
2019-11-15 23:39:44,247 [pool-183-thread-1] INFO  server.RaftServerConfigKeys (ConfUtils.java:logGet(43)) - raft.server.log.statemachine.data.sync.timeout.retry = -1 (default)
2019-11-15 23:39:44,247 [pool-183-thread-1] INFO  server.RaftServerConfigKeys (ConfUtils.java:logGet(43)) - raft.server.log.statemachine.data.caching.enabled = true (custom)
2019-11-15 23:39:44,248 [pool-183-thread-1] INFO  segmented.SegmentedRaftLogWorker (SegmentedRaftLogWorker.java:lambda$new$0(128)) - 4b590edd-7cfe-4917-88ed-6329a2b55bbe@group-48ADA4EF1F23-SegmentedRaftLogWorker: flushIndex: setUnconditionally 0 -> -1
2019-11-15 23:39:44,248 [pool-183-thread-1] INFO  server.RaftServerConfigKeys (ConfUtils.java:logGet(43)) - raft.server.snapshot.auto.trigger.enabled = true (custom)
2019-11-15 23:39:44,248 [pool-183-thread-1] INFO  server.RaftServerConfigKeys (ConfUtils.java:logGet(43)) - raft.server.snapshot.auto.trigger.threshold = 10000 (custom)
2019-11-15 23:39:44,248 [pool-183-thread-1] INFO  server.RaftServerConfigKeys (ConfUtils.java:logGet(43)) - raft.server.snapshot.retention.file.num = 5 (custom)
2019-11-15 23:39:44,249 [pool-183-thread-1] INFO  server.RaftServerConfigKeys (ConfUtils.java:logGet(43)) - raft.server.retrycache.expirytime = 600000ms (custom)
2019-11-15 23:39:44,249 [pool-183-thread-1] WARN  impl.MetricRegistriesImpl (MetricRegistriesImpl.java:lambda$create$1(61)) - First MetricRegistry has been created without registering reporters. You may need to call MetricRegistries.global().addReportRegistration(...) before.
2019-11-15 23:39:44,249 [pool-183-thread-1] WARN  impl.MetricRegistriesImpl (MetricRegistriesImpl.java:lambda$create$1(61)) - First MetricRegistry has been created without registering reporters. You may need to call MetricRegistries.global().addReportRegistration(...) before.
2019-11-15 23:39:44,249 [pool-183-thread-1] INFO  impl.RaftServerImpl (RaftServerImpl.java:start(184)) - 4b590edd-7cfe-4917-88ed-6329a2b55bbe@group-48ADA4EF1F23: start as a follower, conf=-1: [4b590edd-7cfe-4917-88ed-6329a2b55bbe:192.168.69.89:40974], old=null
2019-11-15 23:39:44,249 [pool-183-thread-1] INFO  impl.RaftServerImpl (RaftServerImpl.java:setRole(173)) - 4b590edd-7cfe-4917-88ed-6329a2b55bbe@group-48ADA4EF1F23: changes role from      null to FOLLOWER at term 0 for startAsFollower
2019-11-15 23:39:44,249 [pool-183-thread-1] INFO  impl.RoleInfo (RoleInfo.java:updateAndGet(143)) - 4b590edd-7cfe-4917-88ed-6329a2b55bbe: start FollowerState
2019-11-15 23:39:44,250 [pool-183-thread-1] INFO  util.JmxRegister (JmxRegister.java:tryRegister(44)) - Successfully registered JMX Bean with object name Ratis:service=RaftServer,group=group-48ADA4EF1F23,id=4b590edd-7cfe-4917-88ed-6329a2b55bbe
2019-11-15 23:39:44,250 [pool-183-thread-1] WARN  impl.MetricRegistriesImpl (MetricRegistriesImpl.java:lambda$create$1(61)) - First MetricRegistry has been created without registering reporters. You may need to call MetricRegistries.global().addReportRegistration(...) before.
2019-11-15 23:39:44,252 [RatisPipelineUtilsThread] INFO  pipeline.PipelineStateManager (PipelineStateManager.java:addPipeline(55)) - Created pipeline Pipeline[ Id: 5eaa48f6-dccb-4eb3-b07c-48ada4ef1f23, Nodes: 4b590edd-7cfe-4917-88ed-6329a2b55bbe{ip: 192.168.69.89, host: pr-hdds-2501-jccjl-2716832651, networkLocation: /default-rack, certSerialId: null}, Type:RATIS, Factor:ONE, State:ALLOCATED]
2019-11-15 23:39:44,258 [grpc-default-executor-2] INFO  impl.RaftServerProxy (RaftServerProxy.java:addNew(89)) - 852bb6bc-fc53-4f9b-b145-e7434400ca8b: addNew group-C873BBCA9A67:[852bb6bc-fc53-4f9b-b145-e7434400ca8b:192.168.69.89:35193] returns group-C873BBCA9A67:java.util.concurrent.CompletableFuture@7ae18d5e[Not completed]
2019-11-15 23:39:44,260 [pool-203-thread-1] INFO  impl.RaftServerImpl (RaftServerImpl.java:<init>(98)) - 852bb6bc-fc53-4f9b-b145-e7434400ca8b: new RaftServerImpl for group-C873BBCA9A67:[852bb6bc-fc53-4f9b-b145-e7434400ca8b:192.168.69.89:35193] with ContainerStateMachine:uninitialized
2019-11-15 23:39:44,260 [pool-203-thread-1] INFO  server.RaftServerConfigKeys (ConfUtils.java:logGet(43)) - raft.server.rpc.timeout.min = 1s (custom)
2019-11-15 23:39:44,260 [pool-203-thread-1] INFO  server.RaftServerConfigKeys (ConfUtils.java:logGet(43)) - raft.server.rpc.timeout.max = 1200ms (custom)
2019-11-15 23:39:44,260 [pool-203-thread-1] INFO  server.RaftServerConfigKeys (ConfUtils.java:logGet(43)) - raft.server.rpcslowness.timeout = 120s (custom)
2019-11-15 23:39:44,260 [pool-203-thread-1] INFO  server.RaftServerConfigKeys (ConfUtils.java:logGet(43)) - raft.server.sleep.deviation.threshold = 300 (default)
2019-11-15 23:39:44,260 [pool-203-thread-1] INFO  server.RaftServerConfigKeys (ConfUtils.java:logGet(43)) - raft.server.log.appender.install.snapshot.enabled = false (custom)
2019-11-15 23:39:44,260 [pool-203-thread-1] INFO  impl.RaftServerImpl (ServerState.java:<init>(103)) - 852bb6bc-fc53-4f9b-b145-e7434400ca8b@group-C873BBCA9A67: ConfigurationManager, init=-1: [852bb6bc-fc53-4f9b-b145-e7434400ca8b:192.168.69.89:35193], old=null, confs=<EMPTY_MAP>
2019-11-15 23:39:44,261 [pool-203-thread-1] INFO  server.RaftServerConfigKeys (ConfUtils.java:logGet(43)) - raft.server.storage.dir = [/workdir/hadoop-ozone/integration-test/target/test-dir/MiniOzoneClusterImpl-33986320-1065-4a8e-9f2e-ea3716de2538/datanode-5/data/ratis] (custom)
2019-11-15 23:39:44,261 [pool-203-thread-1] INFO  server.RaftServerConfigKeys (ConfUtils.java:logGet(43)) - raft.server.log.corruption.policy = EXCEPTION (default)
2019-11-15 23:39:44,261 [pool-203-thread-1] INFO  storage.RaftStorageDirectory (RaftStorageDirectory.java:analyzeStorage(246)) - The storage directory /workdir/hadoop-ozone/integration-test/target/test-dir/MiniOzoneClusterImpl-33986320-1065-4a8e-9f2e-ea3716de2538/datanode-5/data/ratis/67b86d0f-a0f5-4b94-9fdd-c873bbca9a67 does not exist. Creating ...
2019-11-15 23:39:44,284 [pool-203-thread-1] INFO  storage.RaftStorageDirectory (RaftStorageDirectory.java:tryLock(328)) - Lock on /workdir/hadoop-ozone/integration-test/target/test-dir/MiniOzoneClusterImpl-33986320-1065-4a8e-9f2e-ea3716de2538/datanode-5/data/ratis/67b86d0f-a0f5-4b94-9fdd-c873bbca9a67/in_use.lock acquired by nodename 14981@pr-hdds-2501-jccjl-2716832651
2019-11-15 23:39:44,315 [pool-203-thread-1] INFO  storage.RaftStorage (RaftStorage.java:format(84)) - Storage directory /workdir/hadoop-ozone/integration-test/target/test-dir/MiniOzoneClusterImpl-33986320-1065-4a8e-9f2e-ea3716de2538/datanode-5/data/ratis/67b86d0f-a0f5-4b94-9fdd-c873bbca9a67 has been successfully formatted.
2019-11-15 23:39:44,315 [pool-203-thread-1] INFO  ratis.ContainerStateMachine (ContainerStateMachine.java:loadSnapshot(223)) - group-C873BBCA9A67: The snapshot info is null. Setting the last applied indexto:(t:0, i:~)
2019-11-15 23:39:44,315 [pool-203-thread-1] INFO  server.RaftServerConfigKeys (ConfUtils.java:logGet(43)) - raft.server.notification.no-leader.timeout = 120s (custom)
2019-11-15 23:39:44,316 [pool-203-thread-1] INFO  server.RaftServerConfigKeys (ConfUtils.java:logGet(43)) - raft.server.log.use.memory = false (default)
2019-11-15 23:39:44,316 [pool-203-thread-1] INFO  server.RaftServerConfigKeys (ConfUtils.java:logGet(43)) - raft.server.log.purge.gap = 1000000 (custom)
2019-11-15 23:39:44,316 [pool-203-thread-1] INFO  server.RaftServerConfigKeys (ConfUtils.java:logGet(43)) - raft.server.log.appender.buffer.byte-limit = 33554432 (custom)
2019-11-15 23:39:44,316 [pool-203-thread-1] INFO  server.RaftServerConfigKeys (ConfUtils.java:logGet(43)) - raft.server.log.segment.size.max = 1048576 (custom)
2019-11-15 23:39:44,316 [pool-203-thread-1] WARN  impl.MetricRegistriesImpl (MetricRegistriesImpl.java:lambda$create$1(61)) - First MetricRegistry has been created without registering reporters. You may need to call MetricRegistries.global().addReportRegistration(...) before.
2019-11-15 23:39:44,316 [pool-203-thread-1] INFO  server.RaftServerConfigKeys (ConfUtils.java:logGet(43)) - raft.server.log.segment.cache.num.max = 2 (custom)
2019-11-15 23:39:44,316 [pool-203-thread-1] INFO  segmented.SegmentedRaftLogWorker (SegmentedRaftLogWorker.java:<init>(173)) - new 852bb6bc-fc53-4f9b-b145-e7434400ca8b@group-C873BBCA9A67-SegmentedRaftLogWorker for RaftStorage:Storage Directory /workdir/hadoop-ozone/integration-test/target/test-dir/MiniOzoneClusterImpl-33986320-1065-4a8e-9f2e-ea3716de2538/datanode-5/data/ratis/67b86d0f-a0f5-4b94-9fdd-c873bbca9a67
2019-11-15 23:39:44,317 [pool-203-thread-1] INFO  server.RaftServerConfigKeys (ConfUtils.java:logGet(43)) - raft.server.log.queue.byte-limit = 2147483647 (custom)
2019-11-15 23:39:44,317 [pool-203-thread-1] INFO  server.RaftServerConfigKeys (ConfUtils.java:logGet(43)) - raft.server.log.queue.element-limit = 1024 (custom)
2019-11-15 23:39:44,317 [pool-203-thread-1] INFO  server.RaftServerConfigKeys (ConfUtils.java:logGet(43)) - raft.server.log.segment.size.max = 1048576 (custom)
2019-11-15 23:39:44,317 [pool-203-thread-1] INFO  server.RaftServerConfigKeys (ConfUtils.java:logGet(43)) - raft.server.log.preallocated.size = 16384 (custom)
2019-11-15 23:39:44,317 [pool-203-thread-1] INFO  server.RaftServerConfigKeys (ConfUtils.java:logGet(43)) - raft.server.log.write.buffer.size = 33554432 (custom)
2019-11-15 23:39:44,317 [pool-203-thread-1] INFO  server.RaftServerConfigKeys (ConfUtils.java:logGet(43)) - raft.server.log.force.sync.num = 128 (default)
2019-11-15 23:39:44,317 [pool-203-thread-1] INFO  server.RaftServerConfigKeys (ConfUtils.java:logGet(43)) - raft.server.log.statemachine.data.sync = true (default)
2019-11-15 23:39:44,317 [pool-203-thread-1] INFO  server.RaftServerConfigKeys (ConfUtils.java:logGet(43)) - raft.server.log.statemachine.data.sync.timeout = 10s (default)
2019-11-15 23:39:44,318 [pool-203-thread-1] INFO  server.RaftServerConfigKeys (ConfUtils.java:logGet(43)) - raft.server.log.statemachine.data.sync.timeout.retry = -1 (default)
2019-11-15 23:39:44,318 [pool-203-thread-1] INFO  server.RaftServerConfigKeys (ConfUtils.java:logGet(43)) - raft.server.log.statemachine.data.caching.enabled = true (custom)
2019-11-15 23:39:44,318 [pool-203-thread-1] INFO  segmented.SegmentedRaftLogWorker (SegmentedRaftLogWorker.java:lambda$new$0(128)) - 852bb6bc-fc53-4f9b-b145-e7434400ca8b@group-C873BBCA9A67-SegmentedRaftLogWorker: flushIndex: setUnconditionally 0 -> -1
2019-11-15 23:39:44,318 [pool-203-thread-1] INFO  server.RaftServerConfigKeys (ConfUtils.java:logGet(43)) - raft.server.snapshot.auto.trigger.enabled = true (custom)
2019-11-15 23:39:44,318 [pool-203-thread-1] INFO  server.RaftServerConfigKeys (ConfUtils.java:logGet(43)) - raft.server.snapshot.auto.trigger.threshold = 10000 (custom)
2019-11-15 23:39:44,319 [pool-203-thread-1] INFO  server.RaftServerConfigKeys (ConfUtils.java:logGet(43)) - raft.server.snapshot.retention.file.num = 5 (custom)
2019-11-15 23:39:44,319 [pool-203-thread-1] INFO  server.RaftServerConfigKeys (ConfUtils.java:logGet(43)) - raft.server.retrycache.expirytime = 600000ms (custom)
2019-11-15 23:39:44,319 [pool-203-thread-1] WARN  impl.MetricRegistriesImpl (MetricRegistriesImpl.java:lambda$create$1(61)) - First MetricRegistry has been created without registering reporters. You may need to call MetricRegistries.global().addReportRegistration(...) before.
2019-11-15 23:39:44,319 [pool-203-thread-1] WARN  impl.MetricRegistriesImpl (MetricRegistriesImpl.java:lambda$create$1(61)) - First MetricRegistry has been created without registering reporters. You may need to call MetricRegistries.global().addReportRegistration(...) before.
2019-11-15 23:39:44,319 [pool-203-thread-1] INFO  impl.RaftServerImpl (RaftServerImpl.java:start(184)) - 852bb6bc-fc53-4f9b-b145-e7434400ca8b@group-C873BBCA9A67: start as a follower, conf=-1: [852bb6bc-fc53-4f9b-b145-e7434400ca8b:192.168.69.89:35193], old=null
2019-11-15 23:39:44,319 [pool-203-thread-1] INFO  impl.RaftServerImpl (RaftServerImpl.java:setRole(173)) - 852bb6bc-fc53-4f9b-b145-e7434400ca8b@group-C873BBCA9A67: changes role from      null to FOLLOWER at term 0 for startAsFollower
2019-11-15 23:39:44,319 [pool-203-thread-1] INFO  impl.RoleInfo (RoleInfo.java:updateAndGet(143)) - 852bb6bc-fc53-4f9b-b145-e7434400ca8b: start FollowerState
2019-11-15 23:39:44,320 [pool-203-thread-1] INFO  util.JmxRegister (JmxRegister.java:tryRegister(44)) - Successfully registered JMX Bean with object name Ratis:service=RaftServer,group=group-C873BBCA9A67,id=852bb6bc-fc53-4f9b-b145-e7434400ca8b
2019-11-15 23:39:44,320 [pool-203-thread-1] WARN  impl.MetricRegistriesImpl (MetricRegistriesImpl.java:lambda$create$1(61)) - First MetricRegistry has been created without registering reporters. You may need to call MetricRegistries.global().addReportRegistration(...) before.
2019-11-15 23:39:44,323 [RatisPipelineUtilsThread] INFO  pipeline.PipelineStateManager (PipelineStateManager.java:addPipeline(55)) - Created pipeline Pipeline[ Id: 67b86d0f-a0f5-4b94-9fdd-c873bbca9a67, Nodes: 852bb6bc-fc53-4f9b-b145-e7434400ca8b{ip: 192.168.69.89, host: pr-hdds-2501-jccjl-2716832651, networkLocation: /default-rack, certSerialId: null}, Type:RATIS, Factor:ONE, State:ALLOCATED]
2019-11-15 23:39:44,331 [grpc-default-executor-5] INFO  impl.RaftServerProxy (RaftServerProxy.java:addNew(89)) - 852bb6bc-fc53-4f9b-b145-e7434400ca8b: addNew group-B54E8B7E8167:[44c1a031-22df-4fb3-be71-2a7e67cf760d:192.168.69.89:40732, 852bb6bc-fc53-4f9b-b145-e7434400ca8b:192.168.69.89:35193, 4b590edd-7cfe-4917-88ed-6329a2b55bbe:192.168.69.89:40974] returns group-B54E8B7E8167:java.util.concurrent.CompletableFuture@4b2e3c34[Not completed]
2019-11-15 23:39:44,331 [grpc-default-executor-0] INFO  impl.RaftServerProxy (RaftServerProxy.java:addNew(89)) - 4b590edd-7cfe-4917-88ed-6329a2b55bbe: addNew group-B54E8B7E8167:[44c1a031-22df-4fb3-be71-2a7e67cf760d:192.168.69.89:40732, 852bb6bc-fc53-4f9b-b145-e7434400ca8b:192.168.69.89:35193, 4b590edd-7cfe-4917-88ed-6329a2b55bbe:192.168.69.89:40974] returns group-B54E8B7E8167:java.util.concurrent.CompletableFuture@2000f76a[Not completed]
2019-11-15 23:39:44,331 [grpc-default-executor-2] INFO  impl.RaftServerProxy (RaftServerProxy.java:addNew(89)) - 44c1a031-22df-4fb3-be71-2a7e67cf760d: addNew group-B54E8B7E8167:[44c1a031-22df-4fb3-be71-2a7e67cf760d:192.168.69.89:40732, 852bb6bc-fc53-4f9b-b145-e7434400ca8b:192.168.69.89:35193, 4b590edd-7cfe-4917-88ed-6329a2b55bbe:192.168.69.89:40974] returns group-B54E8B7E8167:java.util.concurrent.CompletableFuture@62de477b[Not completed]
2019-11-15 23:39:44,332 [pool-203-thread-1] INFO  impl.RaftServerImpl (RaftServerImpl.java:<init>(98)) - 852bb6bc-fc53-4f9b-b145-e7434400ca8b: new RaftServerImpl for group-B54E8B7E8167:[44c1a031-22df-4fb3-be71-2a7e67cf760d:192.168.69.89:40732, 852bb6bc-fc53-4f9b-b145-e7434400ca8b:192.168.69.89:35193, 4b590edd-7cfe-4917-88ed-6329a2b55bbe:192.168.69.89:40974] with ContainerStateMachine:uninitialized
2019-11-15 23:39:44,332 [pool-203-thread-1] INFO  server.RaftServerConfigKeys (ConfUtils.java:logGet(43)) - raft.server.rpc.timeout.min = 1s (custom)
2019-11-15 23:39:44,333 [pool-203-thread-1] INFO  server.RaftServerConfigKeys (ConfUtils.java:logGet(43)) - raft.server.rpc.timeout.max = 1200ms (custom)
2019-11-15 23:39:44,333 [pool-203-thread-1] INFO  server.RaftServerConfigKeys (ConfUtils.java:logGet(43)) - raft.server.rpcslowness.timeout = 120s (custom)
2019-11-15 23:39:44,333 [pool-203-thread-1] INFO  server.RaftServerConfigKeys (ConfUtils.java:logGet(43)) - raft.server.sleep.deviation.threshold = 300 (default)
2019-11-15 23:39:44,333 [pool-203-thread-1] INFO  server.RaftServerConfigKeys (ConfUtils.java:logGet(43)) - raft.server.log.appender.install.snapshot.enabled = false (custom)
2019-11-15 23:39:44,333 [pool-203-thread-1] INFO  impl.RaftServerImpl (ServerState.java:<init>(103)) - 852bb6bc-fc53-4f9b-b145-e7434400ca8b@group-B54E8B7E8167: ConfigurationManager, init=-1: [44c1a031-22df-4fb3-be71-2a7e67cf760d:192.168.69.89:40732, 852bb6bc-fc53-4f9b-b145-e7434400ca8b:192.168.69.89:35193, 4b590edd-7cfe-4917-88ed-6329a2b55bbe:192.168.69.89:40974], old=null, confs=<EMPTY_MAP>
2019-11-15 23:39:44,333 [pool-203-thread-1] INFO  server.RaftServerConfigKeys (ConfUtils.java:logGet(43)) - raft.server.storage.dir = [/workdir/hadoop-ozone/integration-test/target/test-dir/MiniOzoneClusterImpl-33986320-1065-4a8e-9f2e-ea3716de2538/datanode-5/data/ratis] (custom)
2019-11-15 23:39:44,333 [pool-183-thread-1] INFO  impl.RaftServerImpl (RaftServerImpl.java:<init>(98)) - 4b590edd-7cfe-4917-88ed-6329a2b55bbe: new RaftServerImpl for group-B54E8B7E8167:[44c1a031-22df-4fb3-be71-2a7e67cf760d:192.168.69.89:40732, 852bb6bc-fc53-4f9b-b145-e7434400ca8b:192.168.69.89:35193, 4b590edd-7cfe-4917-88ed-6329a2b55bbe:192.168.69.89:40974] with ContainerStateMachine:uninitialized
2019-11-15 23:39:44,334 [pool-203-thread-1] INFO  server.RaftServerConfigKeys (ConfUtils.java:logGet(43)) - raft.server.log.corruption.policy = EXCEPTION (default)
2019-11-15 23:39:44,334 [pool-183-thread-1] INFO  server.RaftServerConfigKeys (ConfUtils.java:logGet(43)) - raft.server.rpc.timeout.min = 1s (custom)
2019-11-15 23:39:44,334 [pool-203-thread-1] INFO  storage.RaftStorageDirectory (RaftStorageDirectory.java:analyzeStorage(246)) - The storage directory /workdir/hadoop-ozone/integration-test/target/test-dir/MiniOzoneClusterImpl-33986320-1065-4a8e-9f2e-ea3716de2538/datanode-5/data/ratis/d23b4505-6b21-4e5a-8d97-b54e8b7e8167 does not exist. Creating ...
2019-11-15 23:39:44,334 [pool-183-thread-1] INFO  server.RaftServerConfigKeys (ConfUtils.java:logGet(43)) - raft.server.rpc.timeout.max = 1200ms (custom)
2019-11-15 23:39:44,334 [pool-183-thread-1] INFO  server.RaftServerConfigKeys (ConfUtils.java:logGet(43)) - raft.server.rpcslowness.timeout = 120s (custom)
2019-11-15 23:39:44,334 [pool-183-thread-1] INFO  server.RaftServerConfigKeys (ConfUtils.java:logGet(43)) - raft.server.sleep.deviation.threshold = 300 (default)
2019-11-15 23:39:44,335 [pool-183-thread-1] INFO  server.RaftServerConfigKeys (ConfUtils.java:logGet(43)) - raft.server.log.appender.install.snapshot.enabled = false (custom)
2019-11-15 23:39:44,335 [pool-183-thread-1] INFO  impl.RaftServerImpl (ServerState.java:<init>(103)) - 4b590edd-7cfe-4917-88ed-6329a2b55bbe@group-B54E8B7E8167: ConfigurationManager, init=-1: [44c1a031-22df-4fb3-be71-2a7e67cf760d:192.168.69.89:40732, 852bb6bc-fc53-4f9b-b145-e7434400ca8b:192.168.69.89:35193, 4b590edd-7cfe-4917-88ed-6329a2b55bbe:192.168.69.89:40974], old=null, confs=<EMPTY_MAP>
2019-11-15 23:39:44,335 [pool-183-thread-1] INFO  server.RaftServerConfigKeys (ConfUtils.java:logGet(43)) - raft.server.storage.dir = [/workdir/hadoop-ozone/integration-test/target/test-dir/MiniOzoneClusterImpl-33986320-1065-4a8e-9f2e-ea3716de2538/datanode-3/data/ratis] (custom)
2019-11-15 23:39:44,335 [pool-193-thread-1] INFO  impl.RaftServerImpl (RaftServerImpl.java:<init>(98)) - 44c1a031-22df-4fb3-be71-2a7e67cf760d: new RaftServerImpl for group-B54E8B7E8167:[44c1a031-22df-4fb3-be71-2a7e67cf760d:192.168.69.89:40732, 852bb6bc-fc53-4f9b-b145-e7434400ca8b:192.168.69.89:35193, 4b590edd-7cfe-4917-88ed-6329a2b55bbe:192.168.69.89:40974] with ContainerStateMachine:uninitialized
2019-11-15 23:39:44,335 [pool-193-thread-1] INFO  server.RaftServerConfigKeys (ConfUtils.java:logGet(43)) - raft.server.rpc.timeout.min = 1s (custom)
2019-11-15 23:39:44,335 [pool-183-thread-1] INFO  server.RaftServerConfigKeys (ConfUtils.java:logGet(43)) - raft.server.log.corruption.policy = EXCEPTION (default)
2019-11-15 23:39:44,336 [pool-193-thread-1] INFO  server.RaftServerConfigKeys (ConfUtils.java:logGet(43)) - raft.server.rpc.timeout.max = 1200ms (custom)
2019-11-15 23:39:44,336 [pool-193-thread-1] INFO  server.RaftServerConfigKeys (ConfUtils.java:logGet(43)) - raft.server.rpcslowness.timeout = 120s (custom)
2019-11-15 23:39:44,336 [pool-183-thread-1] INFO  storage.RaftStorageDirectory (RaftStorageDirectory.java:analyzeStorage(246)) - The storage directory /workdir/hadoop-ozone/integration-test/target/test-dir/MiniOzoneClusterImpl-33986320-1065-4a8e-9f2e-ea3716de2538/datanode-3/data/ratis/d23b4505-6b21-4e5a-8d97-b54e8b7e8167 does not exist. Creating ...
2019-11-15 23:39:44,336 [pool-193-thread-1] INFO  server.RaftServerConfigKeys (ConfUtils.java:logGet(43)) - raft.server.sleep.deviation.threshold = 300 (default)
2019-11-15 23:39:44,336 [pool-193-thread-1] INFO  server.RaftServerConfigKeys (ConfUtils.java:logGet(43)) - raft.server.log.appender.install.snapshot.enabled = false (custom)
2019-11-15 23:39:44,336 [pool-193-thread-1] INFO  impl.RaftServerImpl (ServerState.java:<init>(103)) - 44c1a031-22df-4fb3-be71-2a7e67cf760d@group-B54E8B7E8167: ConfigurationManager, init=-1: [44c1a031-22df-4fb3-be71-2a7e67cf760d:192.168.69.89:40732, 852bb6bc-fc53-4f9b-b145-e7434400ca8b:192.168.69.89:35193, 4b590edd-7cfe-4917-88ed-6329a2b55bbe:192.168.69.89:40974], old=null, confs=<EMPTY_MAP>
2019-11-15 23:39:44,336 [pool-193-thread-1] INFO  server.RaftServerConfigKeys (ConfUtils.java:logGet(43)) - raft.server.storage.dir = [/workdir/hadoop-ozone/integration-test/target/test-dir/MiniOzoneClusterImpl-33986320-1065-4a8e-9f2e-ea3716de2538/datanode-4/data/ratis] (custom)
2019-11-15 23:39:44,337 [pool-193-thread-1] INFO  server.RaftServerConfigKeys (ConfUtils.java:logGet(43)) - raft.server.log.corruption.policy = EXCEPTION (default)
2019-11-15 23:39:44,337 [pool-193-thread-1] INFO  storage.RaftStorageDirectory (RaftStorageDirectory.java:analyzeStorage(246)) - The storage directory /workdir/hadoop-ozone/integration-test/target/test-dir/MiniOzoneClusterImpl-33986320-1065-4a8e-9f2e-ea3716de2538/datanode-4/data/ratis/d23b4505-6b21-4e5a-8d97-b54e8b7e8167 does not exist. Creating ...
2019-11-15 23:39:44,424 [pool-183-thread-1] INFO  storage.RaftStorageDirectory (RaftStorageDirectory.java:tryLock(328)) - Lock on /workdir/hadoop-ozone/integration-test/target/test-dir/MiniOzoneClusterImpl-33986320-1065-4a8e-9f2e-ea3716de2538/datanode-3/data/ratis/d23b4505-6b21-4e5a-8d97-b54e8b7e8167/in_use.lock acquired by nodename 14981@pr-hdds-2501-jccjl-2716832651
2019-11-15 23:39:44,424 [pool-193-thread-1] INFO  storage.RaftStorageDirectory (RaftStorageDirectory.java:tryLock(328)) - Lock on /workdir/hadoop-ozone/integration-test/target/test-dir/MiniOzoneClusterImpl-33986320-1065-4a8e-9f2e-ea3716de2538/datanode-4/data/ratis/d23b4505-6b21-4e5a-8d97-b54e8b7e8167/in_use.lock acquired by nodename 14981@pr-hdds-2501-jccjl-2716832651
2019-11-15 23:39:44,424 [pool-203-thread-1] INFO  storage.RaftStorageDirectory (RaftStorageDirectory.java:tryLock(328)) - Lock on /workdir/hadoop-ozone/integration-test/target/test-dir/MiniOzoneClusterImpl-33986320-1065-4a8e-9f2e-ea3716de2538/datanode-5/data/ratis/d23b4505-6b21-4e5a-8d97-b54e8b7e8167/in_use.lock acquired by nodename 14981@pr-hdds-2501-jccjl-2716832651
2019-11-15 23:39:44,450 [pool-203-thread-1] INFO  storage.RaftStorage (RaftStorage.java:format(84)) - Storage directory /workdir/hadoop-ozone/integration-test/target/test-dir/MiniOzoneClusterImpl-33986320-1065-4a8e-9f2e-ea3716de2538/datanode-5/data/ratis/d23b4505-6b21-4e5a-8d97-b54e8b7e8167 has been successfully formatted.
2019-11-15 23:39:44,450 [pool-183-thread-1] INFO  storage.RaftStorage (RaftStorage.java:format(84)) - Storage directory /workdir/hadoop-ozone/integration-test/target/test-dir/MiniOzoneClusterImpl-33986320-1065-4a8e-9f2e-ea3716de2538/datanode-3/data/ratis/d23b4505-6b21-4e5a-8d97-b54e8b7e8167 has been successfully formatted.
2019-11-15 23:39:44,450 [pool-203-thread-1] INFO  ratis.ContainerStateMachine (ContainerStateMachine.java:loadSnapshot(223)) - group-B54E8B7E8167: The snapshot info is null. Setting the last applied indexto:(t:0, i:~)
2019-11-15 23:39:44,450 [pool-183-thread-1] INFO  ratis.ContainerStateMachine (ContainerStateMachine.java:loadSnapshot(223)) - group-B54E8B7E8167: The snapshot info is null. Setting the last applied indexto:(t:0, i:~)
2019-11-15 23:39:44,450 [pool-193-thread-1] INFO  storage.RaftStorage (RaftStorage.java:format(84)) - Storage directory /workdir/hadoop-ozone/integration-test/target/test-dir/MiniOzoneClusterImpl-33986320-1065-4a8e-9f2e-ea3716de2538/datanode-4/data/ratis/d23b4505-6b21-4e5a-8d97-b54e8b7e8167 has been successfully formatted.
2019-11-15 23:39:44,450 [pool-183-thread-1] INFO  server.RaftServerConfigKeys (ConfUtils.java:logGet(43)) - raft.server.notification.no-leader.timeout = 120s (custom)
2019-11-15 23:39:44,451 [pool-193-thread-1] INFO  ratis.ContainerStateMachine (ContainerStateMachine.java:loadSnapshot(223)) - group-B54E8B7E8167: The snapshot info is null. Setting the last applied indexto:(t:0, i:~)
2019-11-15 23:39:44,450 [pool-203-thread-1] INFO  server.RaftServerConfigKeys (ConfUtils.java:logGet(43)) - raft.server.notification.no-leader.timeout = 120s (custom)
2019-11-15 23:39:44,451 [pool-193-thread-1] INFO  server.RaftServerConfigKeys (ConfUtils.java:logGet(43)) - raft.server.notification.no-leader.timeout = 120s (custom)
2019-11-15 23:39:44,451 [pool-183-thread-1] INFO  server.RaftServerConfigKeys (ConfUtils.java:logGet(43)) - raft.server.log.use.memory = false (default)
2019-11-15 23:39:44,451 [pool-193-thread-1] INFO  server.RaftServerConfigKeys (ConfUtils.java:logGet(43)) - raft.server.log.use.memory = false (default)
2019-11-15 23:39:44,451 [pool-203-thread-1] INFO  server.RaftServerConfigKeys (ConfUtils.java:logGet(43)) - raft.server.log.use.memory = false (default)
2019-11-15 23:39:44,451 [pool-193-thread-1] INFO  server.RaftServerConfigKeys (ConfUtils.java:logGet(43)) - raft.server.log.purge.gap = 1000000 (custom)
2019-11-15 23:39:44,451 [pool-183-thread-1] INFO  server.RaftServerConfigKeys (ConfUtils.java:logGet(43)) - raft.server.log.purge.gap = 1000000 (custom)
2019-11-15 23:39:44,452 [pool-193-thread-1] INFO  server.RaftServerConfigKeys (ConfUtils.java:logGet(43)) - raft.server.log.appender.buffer.byte-limit = 33554432 (custom)
2019-11-15 23:39:44,451 [pool-203-thread-1] INFO  server.RaftServerConfigKeys (ConfUtils.java:logGet(43)) - raft.server.log.purge.gap = 1000000 (custom)
2019-11-15 23:39:44,452 [pool-193-thread-1] INFO  server.RaftServerConfigKeys (ConfUtils.java:logGet(43)) - raft.server.log.segment.size.max = 1048576 (custom)
2019-11-15 23:39:44,452 [pool-183-thread-1] INFO  server.RaftServerConfigKeys (ConfUtils.java:logGet(43)) - raft.server.log.appender.buffer.byte-limit = 33554432 (custom)
2019-11-15 23:39:44,452 [pool-193-thread-1] INFO  server.RaftServerConfigKeys (ConfUtils.java:logGet(43)) - raft.server.log.segment.cache.num.max = 2 (custom)
2019-11-15 23:39:44,452 [pool-203-thread-1] INFO  server.RaftServerConfigKeys (ConfUtils.java:logGet(43)) - raft.server.log.appender.buffer.byte-limit = 33554432 (custom)
2019-11-15 23:39:44,452 [pool-193-thread-1] INFO  segmented.SegmentedRaftLogWorker (SegmentedRaftLogWorker.java:<init>(173)) - new 44c1a031-22df-4fb3-be71-2a7e67cf760d@group-B54E8B7E8167-SegmentedRaftLogWorker for RaftStorage:Storage Directory /workdir/hadoop-ozone/integration-test/target/test-dir/MiniOzoneClusterImpl-33986320-1065-4a8e-9f2e-ea3716de2538/datanode-4/data/ratis/d23b4505-6b21-4e5a-8d97-b54e8b7e8167
2019-11-15 23:39:44,452 [pool-183-thread-1] INFO  server.RaftServerConfigKeys (ConfUtils.java:logGet(43)) - raft.server.log.segment.size.max = 1048576 (custom)
2019-11-15 23:39:44,453 [pool-193-thread-1] INFO  server.RaftServerConfigKeys (ConfUtils.java:logGet(43)) - raft.server.log.queue.byte-limit = 2147483647 (custom)
2019-11-15 23:39:44,452 [pool-203-thread-1] INFO  server.RaftServerConfigKeys (ConfUtils.java:logGet(43)) - raft.server.log.segment.size.max = 1048576 (custom)
2019-11-15 23:39:44,453 [pool-193-thread-1] INFO  server.RaftServerConfigKeys (ConfUtils.java:logGet(43)) - raft.server.log.queue.element-limit = 1024 (custom)
2019-11-15 23:39:44,453 [pool-183-thread-1] INFO  server.RaftServerConfigKeys (ConfUtils.java:logGet(43)) - raft.server.log.segment.cache.num.max = 2 (custom)
2019-11-15 23:39:44,453 [pool-193-thread-1] INFO  server.RaftServerConfigKeys (ConfUtils.java:logGet(43)) - raft.server.log.segment.size.max = 1048576 (custom)
2019-11-15 23:39:44,453 [pool-203-thread-1] INFO  server.RaftServerConfigKeys (ConfUtils.java:logGet(43)) - raft.server.log.segment.cache.num.max = 2 (custom)
2019-11-15 23:39:44,453 [pool-193-thread-1] INFO  server.RaftServerConfigKeys (ConfUtils.java:logGet(43)) - raft.server.log.preallocated.size = 16384 (custom)
2019-11-15 23:39:44,454 [pool-193-thread-1] INFO  server.RaftServerConfigKeys (ConfUtils.java:logGet(43)) - raft.server.log.write.buffer.size = 33554432 (custom)
2019-11-15 23:39:44,453 [pool-183-thread-1] INFO  segmented.SegmentedRaftLogWorker (SegmentedRaftLogWorker.java:<init>(173)) - new 4b590edd-7cfe-4917-88ed-6329a2b55bbe@group-B54E8B7E8167-SegmentedRaftLogWorker for RaftStorage:Storage Directory /workdir/hadoop-ozone/integration-test/target/test-dir/MiniOzoneClusterImpl-33986320-1065-4a8e-9f2e-ea3716de2538/datanode-3/data/ratis/d23b4505-6b21-4e5a-8d97-b54e8b7e8167
2019-11-15 23:39:44,454 [pool-193-thread-1] INFO  server.RaftServerConfigKeys (ConfUtils.java:logGet(43)) - raft.server.log.force.sync.num = 128 (default)
2019-11-15 23:39:44,453 [pool-203-thread-1] INFO  segmented.SegmentedRaftLogWorker (SegmentedRaftLogWorker.java:<init>(173)) - new 852bb6bc-fc53-4f9b-b145-e7434400ca8b@group-B54E8B7E8167-SegmentedRaftLogWorker for RaftStorage:Storage Directory /workdir/hadoop-ozone/integration-test/target/test-dir/MiniOzoneClusterImpl-33986320-1065-4a8e-9f2e-ea3716de2538/datanode-5/data/ratis/d23b4505-6b21-4e5a-8d97-b54e8b7e8167
2019-11-15 23:39:44,454 [pool-193-thread-1] INFO  server.RaftServerConfigKeys (ConfUtils.java:logGet(43)) - raft.server.log.statemachine.data.sync = true (default)
2019-11-15 23:39:44,454 [pool-183-thread-1] INFO  server.RaftServerConfigKeys (ConfUtils.java:logGet(43)) - raft.server.log.queue.byte-limit = 2147483647 (custom)
2019-11-15 23:39:44,454 [pool-193-thread-1] INFO  server.RaftServerConfigKeys (ConfUtils.java:logGet(43)) - raft.server.log.statemachine.data.sync.timeout = 10s (default)
2019-11-15 23:39:44,454 [pool-203-thread-1] INFO  server.RaftServerConfigKeys (ConfUtils.java:logGet(43)) - raft.server.log.queue.byte-limit = 2147483647 (custom)
2019-11-15 23:39:44,454 [pool-193-thread-1] INFO  server.RaftServerConfigKeys (ConfUtils.java:logGet(43)) - raft.server.log.statemachine.data.sync.timeout.retry = -1 (default)
2019-11-15 23:39:44,454 [pool-183-thread-1] INFO  server.RaftServerConfigKeys (ConfUtils.java:logGet(43)) - raft.server.log.queue.element-limit = 1024 (custom)
2019-11-15 23:39:44,455 [pool-193-thread-1] INFO  server.RaftServerConfigKeys (ConfUtils.java:logGet(43)) - raft.server.log.statemachine.data.caching.enabled = true (custom)
2019-11-15 23:39:44,454 [pool-203-thread-1] INFO  server.RaftServerConfigKeys (ConfUtils.java:logGet(43)) - raft.server.log.queue.element-limit = 1024 (custom)
2019-11-15 23:39:44,455 [pool-183-thread-1] INFO  server.RaftServerConfigKeys (ConfUtils.java:logGet(43)) - raft.server.log.segment.size.max = 1048576 (custom)
2019-11-15 23:39:44,455 [pool-193-thread-1] INFO  segmented.SegmentedRaftLogWorker (SegmentedRaftLogWorker.java:lambda$new$0(128)) - 44c1a031-22df-4fb3-be71-2a7e67cf760d@group-B54E8B7E8167-SegmentedRaftLogWorker: flushIndex: setUnconditionally 0 -> -1
2019-11-15 23:39:44,455 [pool-203-thread-1] INFO  server.RaftServerConfigKeys (ConfUtils.java:logGet(43)) - raft.server.log.segment.size.max = 1048576 (custom)
2019-11-15 23:39:44,455 [pool-203-thread-1] INFO  server.RaftServerConfigKeys (ConfUtils.java:logGet(43)) - raft.server.log.preallocated.size = 16384 (custom)
2019-11-15 23:39:44,455 [pool-183-thread-1] INFO  server.RaftServerConfigKeys (ConfUtils.java:logGet(43)) - raft.server.log.preallocated.size = 16384 (custom)
2019-11-15 23:39:44,455 [pool-203-thread-1] INFO  server.RaftServerConfigKeys (ConfUtils.java:logGet(43)) - raft.server.log.write.buffer.size = 33554432 (custom)
2019-11-15 23:39:44,455 [pool-193-thread-1] INFO  server.RaftServerConfigKeys (ConfUtils.java:logGet(43)) - raft.server.snapshot.auto.trigger.enabled = true (custom)
2019-11-15 23:39:44,456 [pool-203-thread-1] INFO  server.RaftServerConfigKeys (ConfUtils.java:logGet(43)) - raft.server.log.force.sync.num = 128 (default)
2019-11-15 23:39:44,456 [pool-183-thread-1] INFO  server.RaftServerConfigKeys (ConfUtils.java:logGet(43)) - raft.server.log.write.buffer.size = 33554432 (custom)
2019-11-15 23:39:44,456 [pool-203-thread-1] INFO  server.RaftServerConfigKeys (ConfUtils.java:logGet(43)) - raft.server.log.statemachine.data.sync = true (default)
2019-11-15 23:39:44,456 [pool-193-thread-1] INFO  server.RaftServerConfigKeys (ConfUtils.java:logGet(43)) - raft.server.snapshot.auto.trigger.threshold = 10000 (custom)
2019-11-15 23:39:44,456 [pool-203-thread-1] INFO  server.RaftServerConfigKeys (ConfUtils.java:logGet(43)) - raft.server.log.statemachine.data.sync.timeout = 10s (default)
2019-11-15 23:39:44,456 [pool-203-thread-1] INFO  server.RaftServerConfigKeys (ConfUtils.java:logGet(43)) - raft.server.log.statemachine.data.sync.timeout.retry = -1 (default)
2019-11-15 23:39:44,456 [pool-183-thread-1] INFO  server.RaftServerConfigKeys (ConfUtils.java:logGet(43)) - raft.server.log.force.sync.num = 128 (default)
2019-11-15 23:39:44,457 [pool-203-thread-1] INFO  server.RaftServerConfigKeys (ConfUtils.java:logGet(43)) - raft.server.log.statemachine.data.caching.enabled = true (custom)
2019-11-15 23:39:44,456 [pool-193-thread-1] INFO  server.RaftServerConfigKeys (ConfUtils.java:logGet(43)) - raft.server.snapshot.retention.file.num = 5 (custom)
2019-11-15 23:39:44,457 [pool-183-thread-1] INFO  server.RaftServerConfigKeys (ConfUtils.java:logGet(43)) - raft.server.log.statemachine.data.sync = true (default)
2019-11-15 23:39:44,457 [pool-203-thread-1] INFO  segmented.SegmentedRaftLogWorker (SegmentedRaftLogWorker.java:lambda$new$0(128)) - 852bb6bc-fc53-4f9b-b145-e7434400ca8b@group-B54E8B7E8167-SegmentedRaftLogWorker: flushIndex: setUnconditionally 0 -> -1
2019-11-15 23:39:44,457 [pool-193-thread-1] INFO  server.RaftServerConfigKeys (ConfUtils.java:logGet(43)) - raft.server.retrycache.expirytime = 600000ms (custom)
2019-11-15 23:39:44,457 [pool-183-thread-1] INFO  server.RaftServerConfigKeys (ConfUtils.java:logGet(43)) - raft.server.log.statemachine.data.sync.timeout = 10s (default)
2019-11-15 23:39:44,457 [pool-203-thread-1] INFO  server.RaftServerConfigKeys (ConfUtils.java:logGet(43)) - raft.server.snapshot.auto.trigger.enabled = true (custom)
2019-11-15 23:39:44,457 [pool-193-thread-1] WARN  impl.MetricRegistriesImpl (MetricRegistriesImpl.java:lambda$create$1(61)) - First MetricRegistry has been created without registering reporters. You may need to call MetricRegistries.global().addReportRegistration(...) before.
2019-11-15 23:39:44,458 [pool-203-thread-1] INFO  server.RaftServerConfigKeys (ConfUtils.java:logGet(43)) - raft.server.snapshot.auto.trigger.threshold = 10000 (custom)
2019-11-15 23:39:44,458 [pool-203-thread-1] INFO  server.RaftServerConfigKeys (ConfUtils.java:logGet(43)) - raft.server.snapshot.retention.file.num = 5 (custom)
2019-11-15 23:39:44,457 [pool-183-thread-1] INFO  server.RaftServerConfigKeys (ConfUtils.java:logGet(43)) - raft.server.log.statemachine.data.sync.timeout.retry = -1 (default)
2019-11-15 23:39:44,458 [pool-203-thread-1] INFO  server.RaftServerConfigKeys (ConfUtils.java:logGet(43)) - raft.server.retrycache.expirytime = 600000ms (custom)
2019-11-15 23:39:44,458 [pool-193-thread-1] WARN  impl.MetricRegistriesImpl (MetricRegistriesImpl.java:lambda$create$1(61)) - First MetricRegistry has been created without registering reporters. You may need to call MetricRegistries.global().addReportRegistration(...) before.
2019-11-15 23:39:44,458 [pool-203-thread-1] WARN  impl.MetricRegistriesImpl (MetricRegistriesImpl.java:lambda$create$1(61)) - First MetricRegistry has been created without registering reporters. You may need to call MetricRegistries.global().addReportRegistration(...) before.
2019-11-15 23:39:44,458 [pool-183-thread-1] INFO  server.RaftServerConfigKeys (ConfUtils.java:logGet(43)) - raft.server.log.statemachine.data.caching.enabled = true (custom)
2019-11-15 23:39:44,458 [pool-203-thread-1] WARN  impl.MetricRegistriesImpl (MetricRegistriesImpl.java:lambda$create$1(61)) - First MetricRegistry has been created without registering reporters. You may need to call MetricRegistries.global().addReportRegistration(...) before.
2019-11-15 23:39:44,458 [pool-193-thread-1] INFO  impl.RaftServerImpl (RaftServerImpl.java:start(184)) - 44c1a031-22df-4fb3-be71-2a7e67cf760d@group-B54E8B7E8167: start as a follower, conf=-1: [44c1a031-22df-4fb3-be71-2a7e67cf760d:192.168.69.89:40732, 852bb6bc-fc53-4f9b-b145-e7434400ca8b:192.168.69.89:35193, 4b590edd-7cfe-4917-88ed-6329a2b55bbe:192.168.69.89:40974], old=null
2019-11-15 23:39:44,459 [pool-203-thread-1] INFO  impl.RaftServerImpl (RaftServerImpl.java:start(184)) - 852bb6bc-fc53-4f9b-b145-e7434400ca8b@group-B54E8B7E8167: start as a follower, conf=-1: [44c1a031-22df-4fb3-be71-2a7e67cf760d:192.168.69.89:40732, 852bb6bc-fc53-4f9b-b145-e7434400ca8b:192.168.69.89:35193, 4b590edd-7cfe-4917-88ed-6329a2b55bbe:192.168.69.89:40974], old=null
2019-11-15 23:39:44,459 [pool-183-thread-1] INFO  segmented.SegmentedRaftLogWorker (SegmentedRaftLogWorker.java:lambda$new$0(128)) - 4b590edd-7cfe-4917-88ed-6329a2b55bbe@group-B54E8B7E8167-SegmentedRaftLogWorker: flushIndex: setUnconditionally 0 -> -1
2019-11-15 23:39:44,459 [pool-203-thread-1] INFO  impl.RaftServerImpl (RaftServerImpl.java:setRole(173)) - 852bb6bc-fc53-4f9b-b145-e7434400ca8b@group-B54E8B7E8167: changes role from      null to FOLLOWER at term 0 for startAsFollower
2019-11-15 23:39:44,459 [pool-193-thread-1] INFO  impl.RaftServerImpl (RaftServerImpl.java:setRole(173)) - 44c1a031-22df-4fb3-be71-2a7e67cf760d@group-B54E8B7E8167: changes role from      null to FOLLOWER at term 0 for startAsFollower
2019-11-15 23:39:44,459 [pool-203-thread-1] INFO  impl.RoleInfo (RoleInfo.java:updateAndGet(143)) - 852bb6bc-fc53-4f9b-b145-e7434400ca8b: start FollowerState
2019-11-15 23:39:44,459 [pool-193-thread-1] INFO  impl.RoleInfo (RoleInfo.java:updateAndGet(143)) - 44c1a031-22df-4fb3-be71-2a7e67cf760d: start FollowerState
2019-11-15 23:39:44,459 [pool-183-thread-1] INFO  server.RaftServerConfigKeys (ConfUtils.java:logGet(43)) - raft.server.snapshot.auto.trigger.enabled = true (custom)
2019-11-15 23:39:44,460 [pool-183-thread-1] INFO  server.RaftServerConfigKeys (ConfUtils.java:logGet(43)) - raft.server.snapshot.auto.trigger.threshold = 10000 (custom)
2019-11-15 23:39:44,460 [pool-203-thread-1] INFO  util.JmxRegister (JmxRegister.java:tryRegister(44)) - Successfully registered JMX Bean with object name Ratis:service=RaftServer,group=group-B54E8B7E8167,id=852bb6bc-fc53-4f9b-b145-e7434400ca8b
2019-11-15 23:39:44,460 [pool-183-thread-1] INFO  server.RaftServerConfigKeys (ConfUtils.java:logGet(43)) - raft.server.snapshot.retention.file.num = 5 (custom)
2019-11-15 23:39:44,460 [pool-193-thread-1] INFO  util.JmxRegister (JmxRegister.java:tryRegister(44)) - Successfully registered JMX Bean with object name Ratis:service=RaftServer,group=group-B54E8B7E8167,id=44c1a031-22df-4fb3-be71-2a7e67cf760d
2019-11-15 23:39:44,460 [pool-203-thread-1] WARN  impl.MetricRegistriesImpl (MetricRegistriesImpl.java:lambda$create$1(61)) - First MetricRegistry has been created without registering reporters. You may need to call MetricRegistries.global().addReportRegistration(...) before.
2019-11-15 23:39:44,460 [pool-193-thread-1] WARN  impl.MetricRegistriesImpl (MetricRegistriesImpl.java:lambda$create$1(61)) - First MetricRegistry has been created without registering reporters. You may need to call MetricRegistries.global().addReportRegistration(...) before.
2019-11-15 23:39:44,460 [pool-183-thread-1] INFO  server.RaftServerConfigKeys (ConfUtils.java:logGet(43)) - raft.server.retrycache.expirytime = 600000ms (custom)
2019-11-15 23:39:44,461 [pool-183-thread-1] WARN  impl.MetricRegistriesImpl (MetricRegistriesImpl.java:lambda$create$1(61)) - First MetricRegistry has been created without registering reporters. You may need to call MetricRegistries.global().addReportRegistration(...) before.
2019-11-15 23:39:44,461 [pool-183-thread-1] WARN  impl.MetricRegistriesImpl (MetricRegistriesImpl.java:lambda$create$1(61)) - First MetricRegistry has been created without registering reporters. You may need to call MetricRegistries.global().addReportRegistration(...) before.
2019-11-15 23:39:44,461 [pool-183-thread-1] INFO  impl.RaftServerImpl (RaftServerImpl.java:start(184)) - 4b590edd-7cfe-4917-88ed-6329a2b55bbe@group-B54E8B7E8167: start as a follower, conf=-1: [44c1a031-22df-4fb3-be71-2a7e67cf760d:192.168.69.89:40732, 852bb6bc-fc53-4f9b-b145-e7434400ca8b:192.168.69.89:35193, 4b590edd-7cfe-4917-88ed-6329a2b55bbe:192.168.69.89:40974], old=null
2019-11-15 23:39:44,461 [pool-183-thread-1] INFO  impl.RaftServerImpl (RaftServerImpl.java:setRole(173)) - 4b590edd-7cfe-4917-88ed-6329a2b55bbe@group-B54E8B7E8167: changes role from      null to FOLLOWER at term 0 for startAsFollower
2019-11-15 23:39:44,461 [pool-183-thread-1] INFO  impl.RoleInfo (RoleInfo.java:updateAndGet(143)) - 4b590edd-7cfe-4917-88ed-6329a2b55bbe: start FollowerState
2019-11-15 23:39:44,462 [pool-183-thread-1] INFO  util.JmxRegister (JmxRegister.java:tryRegister(44)) - Successfully registered JMX Bean with object name Ratis:service=RaftServer,group=group-B54E8B7E8167,id=4b590edd-7cfe-4917-88ed-6329a2b55bbe
2019-11-15 23:39:44,462 [pool-183-thread-1] WARN  impl.MetricRegistriesImpl (MetricRegistriesImpl.java:lambda$create$1(61)) - First MetricRegistry has been created without registering reporters. You may need to call MetricRegistries.global().addReportRegistration(...) before.
2019-11-15 23:39:44,465 [RatisPipelineUtilsThread] INFO  pipeline.PipelineStateManager (PipelineStateManager.java:addPipeline(55)) - Created pipeline Pipeline[ Id: d23b4505-6b21-4e5a-8d97-b54e8b7e8167, Nodes: 44c1a031-22df-4fb3-be71-2a7e67cf760d{ip: 192.168.69.89, host: pr-hdds-2501-jccjl-2716832651, networkLocation: /default-rack, certSerialId: null}4b590edd-7cfe-4917-88ed-6329a2b55bbe{ip: 192.168.69.89, host: pr-hdds-2501-jccjl-2716832651, networkLocation: /default-rack, certSerialId: null}852bb6bc-fc53-4f9b-b145-e7434400ca8b{ip: 192.168.69.89, host: pr-hdds-2501-jccjl-2716832651, networkLocation: /default-rack, certSerialId: null}, Type:RATIS, Factor:THREE, State:ALLOCATED]
2019-11-15 23:39:44,465 [main] INFO  ozone.MiniOzoneClusterImpl (MiniOzoneClusterImpl.java:lambda$waitForClusterToBeReady$2(163)) - Waiting for 8 number of pipelines out of 8, to report a leader.
2019-11-15 23:39:44,924 [Thread-1620] INFO  impl.FollowerState (FollowerState.java:run(111)) - 5fa1608a-d503-4104-880b-6be568a6d1ca@group-01FDCBE52018-FollowerState: change to CANDIDATE, lastRpcTime:1017ms, electionTimeout:1017ms
2019-11-15 23:39:44,926 [Thread-1620] INFO  impl.RoleInfo (RoleInfo.java:shutdownFollowerState(121)) - 5fa1608a-d503-4104-880b-6be568a6d1ca: shutdown FollowerState
2019-11-15 23:39:44,926 [Thread-1620] INFO  impl.RaftServerImpl (RaftServerImpl.java:setRole(173)) - 5fa1608a-d503-4104-880b-6be568a6d1ca@group-01FDCBE52018: changes role from  FOLLOWER to CANDIDATE at term 0 for changeToCandidate
2019-11-15 23:39:44,926 [Thread-1620] INFO  impl.RoleInfo (RoleInfo.java:updateAndGet(143)) - 5fa1608a-d503-4104-880b-6be568a6d1ca: start LeaderElection
2019-11-15 23:39:44,959 [5fa1608a-d503-4104-880b-6be568a6d1ca@group-01FDCBE52018-LeaderElection34] INFO  impl.LeaderElection (LeaderElection.java:askForVotes(178)) - 5fa1608a-d503-4104-880b-6be568a6d1ca@group-01FDCBE52018-LeaderElection34: begin an election at term 1 for -1: [5fa1608a-d503-4104-880b-6be568a6d1ca:192.168.69.89:34320], old=null
2019-11-15 23:39:44,959 [5fa1608a-d503-4104-880b-6be568a6d1ca@group-01FDCBE52018-LeaderElection34] INFO  impl.RoleInfo (RoleInfo.java:shutdownLeaderElection(134)) - 5fa1608a-d503-4104-880b-6be568a6d1ca: shutdown LeaderElection
2019-11-15 23:39:44,959 [5fa1608a-d503-4104-880b-6be568a6d1ca@group-01FDCBE52018-LeaderElection34] INFO  impl.RaftServerImpl (RaftServerImpl.java:setRole(173)) - 5fa1608a-d503-4104-880b-6be568a6d1ca@group-01FDCBE52018: changes role from CANDIDATE to LEADER at term 1 for changeToLeader
2019-11-15 23:39:44,959 [5fa1608a-d503-4104-880b-6be568a6d1ca@group-01FDCBE52018-LeaderElection34] INFO  ratis.XceiverServerRatis (XceiverServerRatis.java:handleLeaderChangedNotification(697)) - Leader change notification received for group: group-01FDCBE52018 with new leaderId: 5fa1608a-d503-4104-880b-6be568a6d1ca
2019-11-15 23:39:44,960 [5fa1608a-d503-4104-880b-6be568a6d1ca@group-01FDCBE52018-LeaderElection34] INFO  impl.RaftServerImpl (ServerState.java:setLeader(255)) - 5fa1608a-d503-4104-880b-6be568a6d1ca@group-01FDCBE52018: change Leader from null to 5fa1608a-d503-4104-880b-6be568a6d1ca at term 1 for becomeLeader, leader elected after 1060ms
2019-11-15 23:39:44,960 [5fa1608a-d503-4104-880b-6be568a6d1ca@group-01FDCBE52018-LeaderElection34] INFO  server.RaftServerConfigKeys (ConfUtils.java:logGet(43)) - raft.server.staging.catchup.gap = 1000 (default)
2019-11-15 23:39:44,961 [5fa1608a-d503-4104-880b-6be568a6d1ca@group-01FDCBE52018-LeaderElection34] INFO  server.RaftServerConfigKeys (ConfUtils.java:logGet(43)) - raft.server.rpc.sleep.time = 25ms (default)
2019-11-15 23:39:44,962 [5fa1608a-d503-4104-880b-6be568a6d1ca@group-01FDCBE52018-LeaderElection34] INFO  server.RaftServerConfigKeys (ConfUtils.java:logGet(43)) - raft.server.write.element-limit = 4096 (default)
2019-11-15 23:39:44,962 [5fa1608a-d503-4104-880b-6be568a6d1ca@group-01FDCBE52018-LeaderElection34] INFO  server.RaftServerConfigKeys (ConfUtils.java:logGet(43)) - raft.server.watch.timeout = 10s (default)
2019-11-15 23:39:44,962 [5fa1608a-d503-4104-880b-6be568a6d1ca@group-01FDCBE52018-LeaderElection34] INFO  server.RaftServerConfigKeys (ConfUtils.java:logGet(43)) - raft.server.watch.timeout.denomination = 1s (default)
2019-11-15 23:39:44,962 [5fa1608a-d503-4104-880b-6be568a6d1ca@group-01FDCBE52018-LeaderElection34] INFO  server.RaftServerConfigKeys (ConfUtils.java:logGet(43)) - raft.server.watch.element-limit = 65536 (default)
2019-11-15 23:39:44,963 [EventQueue-PipelineReportForPipelineReportHandler] INFO  pipeline.PipelineStateManager (PipelineStateManager.java:openPipeline(134)) - Pipeline Pipeline[ Id: d192ff83-9931-4a34-80eb-01fdcbe52018, Nodes: 5fa1608a-d503-4104-880b-6be568a6d1ca{ip: 192.168.69.89, host: pr-hdds-2501-jccjl-2716832651, networkLocation: /default-rack, certSerialId: null}, Type:RATIS, Factor:ONE, State:OPEN] moved to OPEN state
2019-11-15 23:39:44,963 [5fa1608a-d503-4104-880b-6be568a6d1ca@group-01FDCBE52018-LeaderElection34] INFO  impl.RoleInfo (RoleInfo.java:updateAndGet(143)) - 5fa1608a-d503-4104-880b-6be568a6d1ca: start LeaderState
2019-11-15 23:39:44,963 [5fa1608a-d503-4104-880b-6be568a6d1ca@group-01FDCBE52018-LeaderElection34] INFO  segmented.SegmentedRaftLogWorker (SegmentedRaftLogWorker.java:startLogSegment(385)) - 5fa1608a-d503-4104-880b-6be568a6d1ca@group-01FDCBE52018-SegmentedRaftLogWorker: Starting segment from index:0
2019-11-15 23:39:44,964 [5fa1608a-d503-4104-880b-6be568a6d1ca@group-01FDCBE52018-LeaderElection34] INFO  impl.RaftServerImpl (ServerState.java:setRaftConf(356)) - 5fa1608a-d503-4104-880b-6be568a6d1ca@group-01FDCBE52018: set configuration 0: [5fa1608a-d503-4104-880b-6be568a6d1ca:192.168.69.89:34320], old=null at 0
2019-11-15 23:39:45,012 [5fa1608a-d503-4104-880b-6be568a6d1ca@group-01FDCBE52018-SegmentedRaftLogWorker] INFO  segmented.SegmentedRaftLogWorker (SegmentedRaftLogWorker.java:execute(576)) - 5fa1608a-d503-4104-880b-6be568a6d1ca@group-01FDCBE52018-SegmentedRaftLogWorker: created new log segment /workdir/hadoop-ozone/integration-test/target/test-dir/MiniOzoneClusterImpl-33986320-1065-4a8e-9f2e-ea3716de2538/datanode-0/data/ratis/d192ff83-9931-4a34-80eb-01fdcbe52018/current/log_inprogress_0
2019-11-15 23:39:45,041 [Thread-1623] INFO  impl.FollowerState (FollowerState.java:run(111)) - 5631d385-0b46-47bf-960c-236f816b46d3@group-7E91AA69B6E6-FollowerState: change to CANDIDATE, lastRpcTime:1065ms, electionTimeout:1065ms
2019-11-15 23:39:45,041 [Thread-1623] INFO  impl.RoleInfo (RoleInfo.java:shutdownFollowerState(121)) - 5631d385-0b46-47bf-960c-236f816b46d3: shutdown FollowerState
2019-11-15 23:39:45,041 [Thread-1623] INFO  impl.RaftServerImpl (RaftServerImpl.java:setRole(173)) - 5631d385-0b46-47bf-960c-236f816b46d3@group-7E91AA69B6E6: changes role from  FOLLOWER to CANDIDATE at term 0 for changeToCandidate
2019-11-15 23:39:45,041 [Thread-1623] INFO  impl.RoleInfo (RoleInfo.java:updateAndGet(143)) - 5631d385-0b46-47bf-960c-236f816b46d3: start LeaderElection
2019-11-15 23:39:45,067 [5631d385-0b46-47bf-960c-236f816b46d3@group-7E91AA69B6E6-LeaderElection35] INFO  impl.LeaderElection (LeaderElection.java:askForVotes(178)) - 5631d385-0b46-47bf-960c-236f816b46d3@group-7E91AA69B6E6-LeaderElection35: begin an election at term 1 for -1: [5631d385-0b46-47bf-960c-236f816b46d3:192.168.69.89:38050], old=null
2019-11-15 23:39:45,068 [5631d385-0b46-47bf-960c-236f816b46d3@group-7E91AA69B6E6-LeaderElection35] INFO  impl.RoleInfo (RoleInfo.java:shutdownLeaderElection(134)) - 5631d385-0b46-47bf-960c-236f816b46d3: shutdown LeaderElection
2019-11-15 23:39:45,068 [5631d385-0b46-47bf-960c-236f816b46d3@group-7E91AA69B6E6-LeaderElection35] INFO  impl.RaftServerImpl (RaftServerImpl.java:setRole(173)) - 5631d385-0b46-47bf-960c-236f816b46d3@group-7E91AA69B6E6: changes role from CANDIDATE to LEADER at term 1 for changeToLeader
2019-11-15 23:39:45,068 [5631d385-0b46-47bf-960c-236f816b46d3@group-7E91AA69B6E6-LeaderElection35] INFO  ratis.XceiverServerRatis (XceiverServerRatis.java:handleLeaderChangedNotification(697)) - Leader change notification received for group: group-7E91AA69B6E6 with new leaderId: 5631d385-0b46-47bf-960c-236f816b46d3
2019-11-15 23:39:45,068 [5631d385-0b46-47bf-960c-236f816b46d3@group-7E91AA69B6E6-LeaderElection35] INFO  impl.RaftServerImpl (ServerState.java:setLeader(255)) - 5631d385-0b46-47bf-960c-236f816b46d3@group-7E91AA69B6E6: change Leader from null to 5631d385-0b46-47bf-960c-236f816b46d3 at term 1 for becomeLeader, leader elected after 1097ms
2019-11-15 23:39:45,068 [5631d385-0b46-47bf-960c-236f816b46d3@group-7E91AA69B6E6-LeaderElection35] INFO  server.RaftServerConfigKeys (ConfUtils.java:logGet(43)) - raft.server.staging.catchup.gap = 1000 (default)
2019-11-15 23:39:45,069 [5631d385-0b46-47bf-960c-236f816b46d3@group-7E91AA69B6E6-LeaderElection35] INFO  server.RaftServerConfigKeys (ConfUtils.java:logGet(43)) - raft.server.rpc.sleep.time = 25ms (default)
2019-11-15 23:39:45,070 [5631d385-0b46-47bf-960c-236f816b46d3@group-7E91AA69B6E6-LeaderElection35] INFO  server.RaftServerConfigKeys (ConfUtils.java:logGet(43)) - raft.server.write.element-limit = 4096 (default)
2019-11-15 23:39:45,070 [5631d385-0b46-47bf-960c-236f816b46d3@group-7E91AA69B6E6-LeaderElection35] INFO  server.RaftServerConfigKeys (ConfUtils.java:logGet(43)) - raft.server.watch.timeout = 10s (default)
2019-11-15 23:39:45,070 [5631d385-0b46-47bf-960c-236f816b46d3@group-7E91AA69B6E6-LeaderElection35] INFO  server.RaftServerConfigKeys (ConfUtils.java:logGet(43)) - raft.server.watch.timeout.denomination = 1s (default)
2019-11-15 23:39:45,070 [5631d385-0b46-47bf-960c-236f816b46d3@group-7E91AA69B6E6-LeaderElection35] INFO  server.RaftServerConfigKeys (ConfUtils.java:logGet(43)) - raft.server.watch.element-limit = 65536 (default)
2019-11-15 23:39:45,070 [5631d385-0b46-47bf-960c-236f816b46d3@group-7E91AA69B6E6-LeaderElection35] INFO  impl.RoleInfo (RoleInfo.java:updateAndGet(143)) - 5631d385-0b46-47bf-960c-236f816b46d3: start LeaderState
2019-11-15 23:39:45,070 [5631d385-0b46-47bf-960c-236f816b46d3@group-7E91AA69B6E6-LeaderElection35] INFO  segmented.SegmentedRaftLogWorker (SegmentedRaftLogWorker.java:startLogSegment(385)) - 5631d385-0b46-47bf-960c-236f816b46d3@group-7E91AA69B6E6-SegmentedRaftLogWorker: Starting segment from index:0
2019-11-15 23:39:45,070 [EventQueue-PipelineReportForPipelineReportHandler] INFO  pipeline.PipelineStateManager (PipelineStateManager.java:openPipeline(134)) - Pipeline Pipeline[ Id: 1a2e13d0-154b-4671-b553-7e91aa69b6e6, Nodes: 5631d385-0b46-47bf-960c-236f816b46d3{ip: 192.168.69.89, host: pr-hdds-2501-jccjl-2716832651, networkLocation: /default-rack, certSerialId: null}, Type:RATIS, Factor:ONE, State:OPEN] moved to OPEN state
2019-11-15 23:39:45,071 [5631d385-0b46-47bf-960c-236f816b46d3@group-7E91AA69B6E6-LeaderElection35] INFO  impl.RaftServerImpl (ServerState.java:setRaftConf(356)) - 5631d385-0b46-47bf-960c-236f816b46d3@group-7E91AA69B6E6: set configuration 0: [5631d385-0b46-47bf-960c-236f816b46d3:192.168.69.89:38050], old=null at 0
2019-11-15 23:39:45,112 [5631d385-0b46-47bf-960c-236f816b46d3@group-7E91AA69B6E6-SegmentedRaftLogWorker] INFO  segmented.SegmentedRaftLogWorker (SegmentedRaftLogWorker.java:execute(576)) - 5631d385-0b46-47bf-960c-236f816b46d3@group-7E91AA69B6E6-SegmentedRaftLogWorker: created new log segment /workdir/hadoop-ozone/integration-test/target/test-dir/MiniOzoneClusterImpl-33986320-1065-4a8e-9f2e-ea3716de2538/datanode-1/data/ratis/1a2e13d0-154b-4671-b553-7e91aa69b6e6/current/log_inprogress_0
2019-11-15 23:39:45,152 [Thread-1626] INFO  impl.FollowerState (FollowerState.java:run(111)) - 08a53ee3-16fe-4887-981c-fcef61fe445a@group-1F9E5A469E23-FollowerState: change to CANDIDATE, lastRpcTime:1105ms, electionTimeout:1105ms
2019-11-15 23:39:45,152 [Thread-1626] INFO  impl.RoleInfo (RoleInfo.java:shutdownFollowerState(121)) - 08a53ee3-16fe-4887-981c-fcef61fe445a: shutdown FollowerState
2019-11-15 23:39:45,152 [Thread-1626] INFO  impl.RaftServerImpl (RaftServerImpl.java:setRole(173)) - 08a53ee3-16fe-4887-981c-fcef61fe445a@group-1F9E5A469E23: changes role from  FOLLOWER to CANDIDATE at term 0 for changeToCandidate
2019-11-15 23:39:45,152 [Thread-1626] INFO  impl.RoleInfo (RoleInfo.java:updateAndGet(143)) - 08a53ee3-16fe-4887-981c-fcef61fe445a: start LeaderElection
2019-11-15 23:39:45,181 [08a53ee3-16fe-4887-981c-fcef61fe445a@group-1F9E5A469E23-LeaderElection36] INFO  impl.LeaderElection (LeaderElection.java:askForVotes(178)) - 08a53ee3-16fe-4887-981c-fcef61fe445a@group-1F9E5A469E23-LeaderElection36: begin an election at term 1 for -1: [08a53ee3-16fe-4887-981c-fcef61fe445a:192.168.69.89:38583], old=null
2019-11-15 23:39:45,182 [08a53ee3-16fe-4887-981c-fcef61fe445a@group-1F9E5A469E23-LeaderElection36] INFO  impl.RoleInfo (RoleInfo.java:shutdownLeaderElection(134)) - 08a53ee3-16fe-4887-981c-fcef61fe445a: shutdown LeaderElection
2019-11-15 23:39:45,182 [08a53ee3-16fe-4887-981c-fcef61fe445a@group-1F9E5A469E23-LeaderElection36] INFO  impl.RaftServerImpl (RaftServerImpl.java:setRole(173)) - 08a53ee3-16fe-4887-981c-fcef61fe445a@group-1F9E5A469E23: changes role from CANDIDATE to LEADER at term 1 for changeToLeader
2019-11-15 23:39:45,182 [08a53ee3-16fe-4887-981c-fcef61fe445a@group-1F9E5A469E23-LeaderElection36] INFO  ratis.XceiverServerRatis (XceiverServerRatis.java:handleLeaderChangedNotification(697)) - Leader change notification received for group: group-1F9E5A469E23 with new leaderId: 08a53ee3-16fe-4887-981c-fcef61fe445a
2019-11-15 23:39:45,182 [08a53ee3-16fe-4887-981c-fcef61fe445a@group-1F9E5A469E23-LeaderElection36] INFO  impl.RaftServerImpl (ServerState.java:setLeader(255)) - 08a53ee3-16fe-4887-981c-fcef61fe445a@group-1F9E5A469E23: change Leader from null to 08a53ee3-16fe-4887-981c-fcef61fe445a at term 1 for becomeLeader, leader elected after 1139ms
2019-11-15 23:39:45,182 [08a53ee3-16fe-4887-981c-fcef61fe445a@group-1F9E5A469E23-LeaderElection36] INFO  server.RaftServerConfigKeys (ConfUtils.java:logGet(43)) - raft.server.staging.catchup.gap = 1000 (default)
2019-11-15 23:39:45,182 [08a53ee3-16fe-4887-981c-fcef61fe445a@group-1F9E5A469E23-LeaderElection36] INFO  server.RaftServerConfigKeys (ConfUtils.java:logGet(43)) - raft.server.rpc.sleep.time = 25ms (default)
2019-11-15 23:39:45,183 [08a53ee3-16fe-4887-981c-fcef61fe445a@group-1F9E5A469E23-LeaderElection36] INFO  server.RaftServerConfigKeys (ConfUtils.java:logGet(43)) - raft.server.write.element-limit = 4096 (default)
2019-11-15 23:39:45,184 [08a53ee3-16fe-4887-981c-fcef61fe445a@group-1F9E5A469E23-LeaderElection36] INFO  server.RaftServerConfigKeys (ConfUtils.java:logGet(43)) - raft.server.watch.timeout = 10s (default)
2019-11-15 23:39:45,184 [08a53ee3-16fe-4887-981c-fcef61fe445a@group-1F9E5A469E23-LeaderElection36] INFO  server.RaftServerConfigKeys (ConfUtils.java:logGet(43)) - raft.server.watch.timeout.denomination = 1s (default)
2019-11-15 23:39:45,184 [08a53ee3-16fe-4887-981c-fcef61fe445a@group-1F9E5A469E23-LeaderElection36] INFO  server.RaftServerConfigKeys (ConfUtils.java:logGet(43)) - raft.server.watch.element-limit = 65536 (default)
2019-11-15 23:39:45,184 [08a53ee3-16fe-4887-981c-fcef61fe445a@group-1F9E5A469E23-LeaderElection36] INFO  impl.RoleInfo (RoleInfo.java:updateAndGet(143)) - 08a53ee3-16fe-4887-981c-fcef61fe445a: start LeaderState
2019-11-15 23:39:45,184 [08a53ee3-16fe-4887-981c-fcef61fe445a@group-1F9E5A469E23-LeaderElection36] INFO  segmented.SegmentedRaftLogWorker (SegmentedRaftLogWorker.java:startLogSegment(385)) - 08a53ee3-16fe-4887-981c-fcef61fe445a@group-1F9E5A469E23-SegmentedRaftLogWorker: Starting segment from index:0
2019-11-15 23:39:45,184 [EventQueue-PipelineReportForPipelineReportHandler] INFO  pipeline.PipelineStateManager (PipelineStateManager.java:openPipeline(134)) - Pipeline Pipeline[ Id: 1c7faac5-af99-48b4-9616-1f9e5a469e23, Nodes: 08a53ee3-16fe-4887-981c-fcef61fe445a{ip: 192.168.69.89, host: pr-hdds-2501-jccjl-2716832651, networkLocation: /default-rack, certSerialId: null}, Type:RATIS, Factor:ONE, State:OPEN] moved to OPEN state
2019-11-15 23:39:45,184 [08a53ee3-16fe-4887-981c-fcef61fe445a@group-1F9E5A469E23-LeaderElection36] INFO  impl.RaftServerImpl (ServerState.java:setRaftConf(356)) - 08a53ee3-16fe-4887-981c-fcef61fe445a@group-1F9E5A469E23: set configuration 0: [08a53ee3-16fe-4887-981c-fcef61fe445a:192.168.69.89:38583], old=null at 0
2019-11-15 23:39:45,206 [Thread-1632] INFO  impl.FollowerState (FollowerState.java:run(111)) - 5631d385-0b46-47bf-960c-236f816b46d3@group-33F611AFDF60-FollowerState: change to CANDIDATE, lastRpcTime:1096ms, electionTimeout:1096ms
2019-11-15 23:39:45,206 [Thread-1632] INFO  impl.RoleInfo (RoleInfo.java:shutdownFollowerState(121)) - 5631d385-0b46-47bf-960c-236f816b46d3: shutdown FollowerState
2019-11-15 23:39:45,206 [Thread-1632] INFO  impl.RaftServerImpl (RaftServerImpl.java:setRole(173)) - 5631d385-0b46-47bf-960c-236f816b46d3@group-33F611AFDF60: changes role from  FOLLOWER to CANDIDATE at term 0 for changeToCandidate
2019-11-15 23:39:45,206 [Thread-1632] INFO  impl.RoleInfo (RoleInfo.java:updateAndGet(143)) - 5631d385-0b46-47bf-960c-236f816b46d3: start LeaderElection
2019-11-15 23:39:45,241 [08a53ee3-16fe-4887-981c-fcef61fe445a@group-1F9E5A469E23-SegmentedRaftLogWorker] INFO  segmented.SegmentedRaftLogWorker (SegmentedRaftLogWorker.java:execute(576)) - 08a53ee3-16fe-4887-981c-fcef61fe445a@group-1F9E5A469E23-SegmentedRaftLogWorker: created new log segment /workdir/hadoop-ozone/integration-test/target/test-dir/MiniOzoneClusterImpl-33986320-1065-4a8e-9f2e-ea3716de2538/datanode-2/data/ratis/1c7faac5-af99-48b4-9616-1f9e5a469e23/current/log_inprogress_0
2019-11-15 23:39:45,242 [5631d385-0b46-47bf-960c-236f816b46d3@group-33F611AFDF60-LeaderElection37] INFO  impl.LeaderElection (LeaderElection.java:askForVotes(178)) - 5631d385-0b46-47bf-960c-236f816b46d3@group-33F611AFDF60-LeaderElection37: begin an election at term 1 for -1: [08a53ee3-16fe-4887-981c-fcef61fe445a:192.168.69.89:38583, 5fa1608a-d503-4104-880b-6be568a6d1ca:192.168.69.89:34320, 5631d385-0b46-47bf-960c-236f816b46d3:192.168.69.89:38050], old=null
2019-11-15 23:39:45,249 [grpc-default-executor-0] INFO  impl.RaftServerImpl (RaftServerImpl.java:setRole(173)) - 08a53ee3-16fe-4887-981c-fcef61fe445a@group-33F611AFDF60: changes role from  FOLLOWER to FOLLOWER at term 1 for recognizeCandidate:5631d385-0b46-47bf-960c-236f816b46d3
2019-11-15 23:39:45,250 [grpc-default-executor-0] INFO  impl.RoleInfo (RoleInfo.java:shutdownFollowerState(121)) - 08a53ee3-16fe-4887-981c-fcef61fe445a: shutdown FollowerState
2019-11-15 23:39:45,250 [grpc-default-executor-0] INFO  impl.RoleInfo (RoleInfo.java:updateAndGet(143)) - 08a53ee3-16fe-4887-981c-fcef61fe445a: start FollowerState
2019-11-15 23:39:45,250 [Thread-1635] INFO  impl.FollowerState (FollowerState.java:run(120)) - 08a53ee3-16fe-4887-981c-fcef61fe445a@group-33F611AFDF60-FollowerState was interrupted: java.lang.InterruptedException: sleep interrupted
2019-11-15 23:39:45,252 [grpc-default-executor-2] INFO  impl.RaftServerImpl (RaftServerImpl.java:setRole(173)) - 5fa1608a-d503-4104-880b-6be568a6d1ca@group-33F611AFDF60: changes role from  FOLLOWER to FOLLOWER at term 1 for recognizeCandidate:5631d385-0b46-47bf-960c-236f816b46d3
2019-11-15 23:39:45,252 [grpc-default-executor-2] INFO  impl.RoleInfo (RoleInfo.java:shutdownFollowerState(121)) - 5fa1608a-d503-4104-880b-6be568a6d1ca: shutdown FollowerState
2019-11-15 23:39:45,252 [Thread-1629] INFO  impl.FollowerState (FollowerState.java:run(120)) - 5fa1608a-d503-4104-880b-6be568a6d1ca@group-33F611AFDF60-FollowerState was interrupted: java.lang.InterruptedException: sleep interrupted
2019-11-15 23:39:45,252 [grpc-default-executor-2] INFO  impl.RoleInfo (RoleInfo.java:updateAndGet(143)) - 5fa1608a-d503-4104-880b-6be568a6d1ca: start FollowerState
2019-11-15 23:39:45,278 [5631d385-0b46-47bf-960c-236f816b46d3@group-33F611AFDF60-LeaderElection37] INFO  impl.LeaderElection (LeaderElection.java:logAndReturn(56)) - 5631d385-0b46-47bf-960c-236f816b46d3@group-33F611AFDF60-LeaderElection37: Election PASSED; received 1 response(s) [5631d385-0b46-47bf-960c-236f816b46d3<-5fa1608a-d503-4104-880b-6be568a6d1ca#0:OK-t1] and 0 exception(s); 5631d385-0b46-47bf-960c-236f816b46d3@group-33F611AFDF60:t1, leader=null, voted=5631d385-0b46-47bf-960c-236f816b46d3, raftlog=5631d385-0b46-47bf-960c-236f816b46d3@group-33F611AFDF60-SegmentedRaftLog:OPENED:c-1,f-1,i0, conf=-1: [08a53ee3-16fe-4887-981c-fcef61fe445a:192.168.69.89:38583, 5fa1608a-d503-4104-880b-6be568a6d1ca:192.168.69.89:34320, 5631d385-0b46-47bf-960c-236f816b46d3:192.168.69.89:38050], old=null
2019-11-15 23:39:45,278 [5631d385-0b46-47bf-960c-236f816b46d3@group-33F611AFDF60-LeaderElection37] INFO  impl.RoleInfo (RoleInfo.java:shutdownLeaderElection(134)) - 5631d385-0b46-47bf-960c-236f816b46d3: shutdown LeaderElection
2019-11-15 23:39:45,278 [5631d385-0b46-47bf-960c-236f816b46d3@group-33F611AFDF60-LeaderElection37] INFO  impl.RaftServerImpl (RaftServerImpl.java:setRole(173)) - 5631d385-0b46-47bf-960c-236f816b46d3@group-33F611AFDF60: changes role from CANDIDATE to LEADER at term 1 for changeToLeader
2019-11-15 23:39:45,279 [5631d385-0b46-47bf-960c-236f816b46d3@group-33F611AFDF60-LeaderElection37] INFO  ratis.XceiverServerRatis (XceiverServerRatis.java:handleLeaderChangedNotification(697)) - Leader change notification received for group: group-33F611AFDF60 with new leaderId: 5631d385-0b46-47bf-960c-236f816b46d3
2019-11-15 23:39:45,279 [5631d385-0b46-47bf-960c-236f816b46d3@group-33F611AFDF60-LeaderElection37] INFO  impl.RaftServerImpl (ServerState.java:setLeader(255)) - 5631d385-0b46-47bf-960c-236f816b46d3@group-33F611AFDF60: change Leader from null to 5631d385-0b46-47bf-960c-236f816b46d3 at term 1 for becomeLeader, leader elected after 1178ms
2019-11-15 23:39:45,279 [Thread-1638] INFO  impl.FollowerState (FollowerState.java:run(111)) - 44c1a031-22df-4fb3-be71-2a7e67cf760d@group-19A9C40DCB8E-FollowerState: change to CANDIDATE, lastRpcTime:1090ms, electionTimeout:1090ms
2019-11-15 23:39:45,281 [5631d385-0b46-47bf-960c-236f816b46d3@group-33F611AFDF60-LeaderElection37] INFO  server.RaftServerConfigKeys (ConfUtils.java:logGet(43)) - raft.server.staging.catchup.gap = 1000 (default)
2019-11-15 23:39:45,281 [Thread-1638] INFO  impl.RoleInfo (RoleInfo.java:shutdownFollowerState(121)) - 44c1a031-22df-4fb3-be71-2a7e67cf760d: shutdown FollowerState
2019-11-15 23:39:45,281 [5631d385-0b46-47bf-960c-236f816b46d3@group-33F611AFDF60-LeaderElection37] INFO  server.RaftServerConfigKeys (ConfUtils.java:logGet(43)) - raft.server.rpc.sleep.time = 25ms (default)
2019-11-15 23:39:45,282 [Thread-1638] INFO  impl.RaftServerImpl (RaftServerImpl.java:setRole(173)) - 44c1a031-22df-4fb3-be71-2a7e67cf760d@group-19A9C40DCB8E: changes role from  FOLLOWER to CANDIDATE at term 0 for changeToCandidate
2019-11-15 23:39:45,282 [5631d385-0b46-47bf-960c-236f816b46d3@group-33F611AFDF60-LeaderElection37] INFO  server.RaftServerConfigKeys (ConfUtils.java:logGet(43)) - raft.server.write.element-limit = 4096 (default)
2019-11-15 23:39:45,282 [Thread-1638] INFO  impl.RoleInfo (RoleInfo.java:updateAndGet(143)) - 44c1a031-22df-4fb3-be71-2a7e67cf760d: start LeaderElection
2019-11-15 23:39:45,282 [5631d385-0b46-47bf-960c-236f816b46d3@group-33F611AFDF60-LeaderElection37] INFO  server.RaftServerConfigKeys (ConfUtils.java:logGet(43)) - raft.server.watch.timeout = 10s (default)
2019-11-15 23:39:45,282 [5631d385-0b46-47bf-960c-236f816b46d3@group-33F611AFDF60-LeaderElection37] INFO  server.RaftServerConfigKeys (ConfUtils.java:logGet(43)) - raft.server.watch.timeout.denomination = 1s (default)
2019-11-15 23:39:45,284 [5631d385-0b46-47bf-960c-236f816b46d3@group-33F611AFDF60-LeaderElection37] INFO  server.RaftServerConfigKeys (ConfUtils.java:logGet(43)) - raft.server.watch.element-limit = 65536 (default)
2019-11-15 23:39:45,287 [5631d385-0b46-47bf-960c-236f816b46d3@group-33F611AFDF60-LeaderElection37] INFO  server.RaftServerConfigKeys (ConfUtils.java:logGet(43)) - raft.server.log.appender.snapshot.chunk.size.max = 16MB (=16777216) (default)
2019-11-15 23:39:45,287 [EventQueue-PipelineReportForPipelineReportHandler] INFO  pipeline.PipelineStateManager (PipelineStateManager.java:openPipeline(134)) - Pipeline Pipeline[ Id: e54164b7-2b5b-41bb-b105-33f611afdf60, Nodes: 5631d385-0b46-47bf-960c-236f816b46d3{ip: 192.168.69.89, host: pr-hdds-2501-jccjl-2716832651, networkLocation: /default-rack, certSerialId: null}08a53ee3-16fe-4887-981c-fcef61fe445a{ip: 192.168.69.89, host: pr-hdds-2501-jccjl-2716832651, networkLocation: /default-rack, certSerialId: null}5fa1608a-d503-4104-880b-6be568a6d1ca{ip: 192.168.69.89, host: pr-hdds-2501-jccjl-2716832651, networkLocation: /default-rack, certSerialId: null}, Type:RATIS, Factor:THREE, State:OPEN] moved to OPEN state
2019-11-15 23:39:45,288 [5631d385-0b46-47bf-960c-236f816b46d3@group-33F611AFDF60-LeaderElection37] INFO  server.RaftServerConfigKeys (ConfUtils.java:logGet(43)) - raft.server.log.appender.buffer.byte-limit = 33554432 (custom)
2019-11-15 23:39:45,288 [5631d385-0b46-47bf-960c-236f816b46d3@group-33F611AFDF60-LeaderElection37] INFO  server.RaftServerConfigKeys (ConfUtils.java:logGet(43)) - raft.server.log.appender.buffer.element-limit = 1 (custom)
2019-11-15 23:39:45,288 [5631d385-0b46-47bf-960c-236f816b46d3@group-33F611AFDF60-LeaderElection37] INFO  grpc.GrpcConfigKeys$Server (ConfUtils.java:logGet(43)) - raft.grpc.server.leader.outstanding.appends.max = 128 (default)
2019-11-15 23:39:45,288 [5631d385-0b46-47bf-960c-236f816b46d3@group-33F611AFDF60-LeaderElection37] INFO  server.RaftServerConfigKeys (ConfUtils.java:logGet(43)) - raft.server.rpc.request.timeout = 3000ms (default)
2019-11-15 23:39:45,289 [5631d385-0b46-47bf-960c-236f816b46d3@group-33F611AFDF60-LeaderElection37] INFO  server.RaftServerConfigKeys (ConfUtils.java:logGet(43)) - raft.server.log.appender.install.snapshot.enabled = false (custom)
2019-11-15 23:39:45,289 [5631d385-0b46-47bf-960c-236f816b46d3@group-33F611AFDF60-LeaderElection37] WARN  impl.MetricRegistriesImpl (MetricRegistriesImpl.java:lambda$create$1(61)) - First MetricRegistry has been created without registering reporters. You may need to call MetricRegistries.global().addReportRegistration(...) before.
2019-11-15 23:39:45,289 [5631d385-0b46-47bf-960c-236f816b46d3@group-33F611AFDF60-LeaderElection37] INFO  server.RaftServerConfigKeys (ConfUtils.java:logGet(43)) - raft.server.log.appender.snapshot.chunk.size.max = 16MB (=16777216) (default)
2019-11-15 23:39:45,289 [5631d385-0b46-47bf-960c-236f816b46d3@group-33F611AFDF60-LeaderElection37] INFO  server.RaftServerConfigKeys (ConfUtils.java:logGet(43)) - raft.server.log.appender.buffer.byte-limit = 33554432 (custom)
2019-11-15 23:39:45,290 [5631d385-0b46-47bf-960c-236f816b46d3@group-33F611AFDF60-LeaderElection37] INFO  server.RaftServerConfigKeys (ConfUtils.java:logGet(43)) - raft.server.log.appender.buffer.element-limit = 1 (custom)
2019-11-15 23:39:45,290 [5631d385-0b46-47bf-960c-236f816b46d3@group-33F611AFDF60-LeaderElection37] INFO  grpc.GrpcConfigKeys$Server (ConfUtils.java:logGet(43)) - raft.grpc.server.leader.outstanding.appends.max = 128 (default)
2019-11-15 23:39:45,290 [5631d385-0b46-47bf-960c-236f816b46d3@group-33F611AFDF60-LeaderElection37] INFO  server.RaftServerConfigKeys (ConfUtils.java:logGet(43)) - raft.server.rpc.request.timeout = 3000ms (default)
2019-11-15 23:39:45,290 [5631d385-0b46-47bf-960c-236f816b46d3@group-33F611AFDF60-LeaderElection37] INFO  server.RaftServerConfigKeys (ConfUtils.java:logGet(43)) - raft.server.log.appender.install.snapshot.enabled = false (custom)
2019-11-15 23:39:45,290 [5631d385-0b46-47bf-960c-236f816b46d3@group-33F611AFDF60-LeaderElection37] INFO  impl.RoleInfo (RoleInfo.java:updateAndGet(143)) - 5631d385-0b46-47bf-960c-236f816b46d3: start LeaderState
2019-11-15 23:39:45,291 [5631d385-0b46-47bf-960c-236f816b46d3@group-33F611AFDF60-LeaderElection37] INFO  segmented.SegmentedRaftLogWorker (SegmentedRaftLogWorker.java:startLogSegment(385)) - 5631d385-0b46-47bf-960c-236f816b46d3@group-33F611AFDF60-SegmentedRaftLogWorker: Starting segment from index:0
2019-11-15 23:39:45,291 [5631d385-0b46-47bf-960c-236f816b46d3@group-33F611AFDF60-LeaderElection37] INFO  impl.RaftServerImpl (ServerState.java:setRaftConf(356)) - 5631d385-0b46-47bf-960c-236f816b46d3@group-33F611AFDF60: set configuration 0: [08a53ee3-16fe-4887-981c-fcef61fe445a:192.168.69.89:38583, 5fa1608a-d503-4104-880b-6be568a6d1ca:192.168.69.89:34320, 5631d385-0b46-47bf-960c-236f816b46d3:192.168.69.89:38050], old=null at 0
2019-11-15 23:39:45,327 [44c1a031-22df-4fb3-be71-2a7e67cf760d@group-19A9C40DCB8E-LeaderElection38] INFO  impl.LeaderElection (LeaderElection.java:askForVotes(178)) - 44c1a031-22df-4fb3-be71-2a7e67cf760d@group-19A9C40DCB8E-LeaderElection38: begin an election at term 1 for -1: [44c1a031-22df-4fb3-be71-2a7e67cf760d:192.168.69.89:40732], old=null
2019-11-15 23:39:45,329 [44c1a031-22df-4fb3-be71-2a7e67cf760d@group-19A9C40DCB8E-LeaderElection38] INFO  impl.RoleInfo (RoleInfo.java:shutdownLeaderElection(134)) - 44c1a031-22df-4fb3-be71-2a7e67cf760d: shutdown LeaderElection
2019-11-15 23:39:45,329 [44c1a031-22df-4fb3-be71-2a7e67cf760d@group-19A9C40DCB8E-LeaderElection38] INFO  impl.RaftServerImpl (RaftServerImpl.java:setRole(173)) - 44c1a031-22df-4fb3-be71-2a7e67cf760d@group-19A9C40DCB8E: changes role from CANDIDATE to LEADER at term 1 for changeToLeader
2019-11-15 23:39:45,329 [44c1a031-22df-4fb3-be71-2a7e67cf760d@group-19A9C40DCB8E-LeaderElection38] INFO  ratis.XceiverServerRatis (XceiverServerRatis.java:handleLeaderChangedNotification(697)) - Leader change notification received for group: group-19A9C40DCB8E with new leaderId: 44c1a031-22df-4fb3-be71-2a7e67cf760d
2019-11-15 23:39:45,329 [44c1a031-22df-4fb3-be71-2a7e67cf760d@group-19A9C40DCB8E-LeaderElection38] INFO  impl.RaftServerImpl (ServerState.java:setLeader(255)) - 44c1a031-22df-4fb3-be71-2a7e67cf760d@group-19A9C40DCB8E: change Leader from null to 44c1a031-22df-4fb3-be71-2a7e67cf760d at term 1 for becomeLeader, leader elected after 1144ms
2019-11-15 23:39:45,329 [44c1a031-22df-4fb3-be71-2a7e67cf760d@group-19A9C40DCB8E-LeaderElection38] INFO  server.RaftServerConfigKeys (ConfUtils.java:logGet(43)) - raft.server.staging.catchup.gap = 1000 (default)
2019-11-15 23:39:45,331 [44c1a031-22df-4fb3-be71-2a7e67cf760d@group-19A9C40DCB8E-LeaderElection38] INFO  server.RaftServerConfigKeys (ConfUtils.java:logGet(43)) - raft.server.rpc.sleep.time = 25ms (default)
2019-11-15 23:39:45,331 [grpc-default-executor-2] INFO  ratis.XceiverServerRatis (XceiverServerRatis.java:handleLeaderChangedNotification(697)) - Leader change notification received for group: group-33F611AFDF60 with new leaderId: 5631d385-0b46-47bf-960c-236f816b46d3
2019-11-15 23:39:45,332 [44c1a031-22df-4fb3-be71-2a7e67cf760d@group-19A9C40DCB8E-LeaderElection38] INFO  server.RaftServerConfigKeys (ConfUtils.java:logGet(43)) - raft.server.write.element-limit = 4096 (default)
2019-11-15 23:39:45,331 [grpc-default-executor-0] INFO  ratis.XceiverServerRatis (XceiverServerRatis.java:handleLeaderChangedNotification(697)) - Leader change notification received for group: group-33F611AFDF60 with new leaderId: 5631d385-0b46-47bf-960c-236f816b46d3
2019-11-15 23:39:45,332 [44c1a031-22df-4fb3-be71-2a7e67cf760d@group-19A9C40DCB8E-LeaderElection38] INFO  server.RaftServerConfigKeys (ConfUtils.java:logGet(43)) - raft.server.watch.timeout = 10s (default)
2019-11-15 23:39:45,332 [grpc-default-executor-2] INFO  impl.RaftServerImpl (ServerState.java:setLeader(255)) - 5fa1608a-d503-4104-880b-6be568a6d1ca@group-33F611AFDF60: change Leader from null to 5631d385-0b46-47bf-960c-236f816b46d3 at term 1 for appendEntries, leader elected after 1230ms
2019-11-15 23:39:45,332 [44c1a031-22df-4fb3-be71-2a7e67cf760d@group-19A9C40DCB8E-LeaderElection38] INFO  server.RaftServerConfigKeys (ConfUtils.java:logGet(43)) - raft.server.watch.timeout.denomination = 1s (default)
2019-11-15 23:39:45,332 [EventQueue-PipelineReportForPipelineReportHandler] INFO  pipeline.PipelineStateManager (PipelineStateManager.java:openPipeline(134)) - Pipeline Pipeline[ Id: a4f0bafc-cd4a-460d-9ec3-19a9c40dcb8e, Nodes: 44c1a031-22df-4fb3-be71-2a7e67cf760d{ip: 192.168.69.89, host: pr-hdds-2501-jccjl-2716832651, networkLocation: /default-rack, certSerialId: null}, Type:RATIS, Factor:ONE, State:OPEN] moved to OPEN state
2019-11-15 23:39:45,332 [grpc-default-executor-0] INFO  impl.RaftServerImpl (ServerState.java:setLeader(255)) - 08a53ee3-16fe-4887-981c-fcef61fe445a@group-33F611AFDF60: change Leader from null to 5631d385-0b46-47bf-960c-236f816b46d3 at term 1 for appendEntries, leader elected after 1230ms
2019-11-15 23:39:45,333 [44c1a031-22df-4fb3-be71-2a7e67cf760d@group-19A9C40DCB8E-LeaderElection38] INFO  server.RaftServerConfigKeys (ConfUtils.java:logGet(43)) - raft.server.watch.element-limit = 65536 (default)
2019-11-15 23:39:45,335 [44c1a031-22df-4fb3-be71-2a7e67cf760d@group-19A9C40DCB8E-LeaderElection38] INFO  impl.RoleInfo (RoleInfo.java:updateAndGet(143)) - 44c1a031-22df-4fb3-be71-2a7e67cf760d: start LeaderState
2019-11-15 23:39:45,337 [44c1a031-22df-4fb3-be71-2a7e67cf760d@group-19A9C40DCB8E-LeaderElection38] INFO  segmented.SegmentedRaftLogWorker (SegmentedRaftLogWorker.java:startLogSegment(385)) - 44c1a031-22df-4fb3-be71-2a7e67cf760d@group-19A9C40DCB8E-SegmentedRaftLogWorker: Starting segment from index:0
2019-11-15 23:39:45,338 [44c1a031-22df-4fb3-be71-2a7e67cf760d@group-19A9C40DCB8E-LeaderElection38] INFO  impl.RaftServerImpl (ServerState.java:setRaftConf(356)) - 44c1a031-22df-4fb3-be71-2a7e67cf760d@group-19A9C40DCB8E: set configuration 0: [44c1a031-22df-4fb3-be71-2a7e67cf760d:192.168.69.89:40732], old=null at 0
2019-11-15 23:39:45,338 [grpc-default-executor-2] INFO  impl.RaftServerImpl (ServerState.java:setRaftConf(356)) - 08a53ee3-16fe-4887-981c-fcef61fe445a@group-33F611AFDF60: set configuration 0: [08a53ee3-16fe-4887-981c-fcef61fe445a:192.168.69.89:38583, 5fa1608a-d503-4104-880b-6be568a6d1ca:192.168.69.89:34320, 5631d385-0b46-47bf-960c-236f816b46d3:192.168.69.89:38050], old=null at 0
2019-11-15 23:39:45,338 [grpc-default-executor-0] INFO  impl.RaftServerImpl (ServerState.java:setRaftConf(356)) - 5fa1608a-d503-4104-880b-6be568a6d1ca@group-33F611AFDF60: set configuration 0: [08a53ee3-16fe-4887-981c-fcef61fe445a:192.168.69.89:38583, 5fa1608a-d503-4104-880b-6be568a6d1ca:192.168.69.89:34320, 5631d385-0b46-47bf-960c-236f816b46d3:192.168.69.89:38050], old=null at 0
2019-11-15 23:39:45,339 [grpc-default-executor-2] INFO  segmented.SegmentedRaftLogWorker (SegmentedRaftLogWorker.java:startLogSegment(385)) - 08a53ee3-16fe-4887-981c-fcef61fe445a@group-33F611AFDF60-SegmentedRaftLogWorker: Starting segment from index:0
2019-11-15 23:39:45,339 [grpc-default-executor-0] INFO  segmented.SegmentedRaftLogWorker (SegmentedRaftLogWorker.java:startLogSegment(385)) - 5fa1608a-d503-4104-880b-6be568a6d1ca@group-33F611AFDF60-SegmentedRaftLogWorker: Starting segment from index:0
2019-11-15 23:39:45,351 [5631d385-0b46-47bf-960c-236f816b46d3@group-33F611AFDF60-SegmentedRaftLogWorker] INFO  segmented.SegmentedRaftLogWorker (SegmentedRaftLogWorker.java:execute(576)) - 5631d385-0b46-47bf-960c-236f816b46d3@group-33F611AFDF60-SegmentedRaftLogWorker: created new log segment /workdir/hadoop-ozone/integration-test/target/test-dir/MiniOzoneClusterImpl-33986320-1065-4a8e-9f2e-ea3716de2538/datanode-1/data/ratis/e54164b7-2b5b-41bb-b105-33f611afdf60/current/log_inprogress_0
2019-11-15 23:39:45,396 [44c1a031-22df-4fb3-be71-2a7e67cf760d@group-19A9C40DCB8E-SegmentedRaftLogWorker] INFO  segmented.SegmentedRaftLogWorker (SegmentedRaftLogWorker.java:execute(576)) - 44c1a031-22df-4fb3-be71-2a7e67cf760d@group-19A9C40DCB8E-SegmentedRaftLogWorker: created new log segment /workdir/hadoop-ozone/integration-test/target/test-dir/MiniOzoneClusterImpl-33986320-1065-4a8e-9f2e-ea3716de2538/datanode-4/data/ratis/a4f0bafc-cd4a-460d-9ec3-19a9c40dcb8e/current/log_inprogress_0
2019-11-15 23:39:45,413 [08a53ee3-16fe-4887-981c-fcef61fe445a@group-33F611AFDF60-SegmentedRaftLogWorker] INFO  segmented.SegmentedRaftLogWorker (SegmentedRaftLogWorker.java:execute(576)) - 08a53ee3-16fe-4887-981c-fcef61fe445a@group-33F611AFDF60-SegmentedRaftLogWorker: created new log segment /workdir/hadoop-ozone/integration-test/target/test-dir/MiniOzoneClusterImpl-33986320-1065-4a8e-9f2e-ea3716de2538/datanode-2/data/ratis/e54164b7-2b5b-41bb-b105-33f611afdf60/current/log_inprogress_0
2019-11-15 23:39:45,413 [5fa1608a-d503-4104-880b-6be568a6d1ca@group-33F611AFDF60-SegmentedRaftLogWorker] INFO  segmented.SegmentedRaftLogWorker (SegmentedRaftLogWorker.java:execute(576)) - 5fa1608a-d503-4104-880b-6be568a6d1ca@group-33F611AFDF60-SegmentedRaftLogWorker: created new log segment /workdir/hadoop-ozone/integration-test/target/test-dir/MiniOzoneClusterImpl-33986320-1065-4a8e-9f2e-ea3716de2538/datanode-0/data/ratis/e54164b7-2b5b-41bb-b105-33f611afdf60/current/log_inprogress_0
2019-11-15 23:39:45,437 [Thread-1641] INFO  impl.FollowerState (FollowerState.java:run(111)) - 4b590edd-7cfe-4917-88ed-6329a2b55bbe@group-48ADA4EF1F23-FollowerState: change to CANDIDATE, lastRpcTime:1187ms, electionTimeout:1187ms
2019-11-15 23:39:45,437 [Thread-1641] INFO  impl.RoleInfo (RoleInfo.java:shutdownFollowerState(121)) - 4b590edd-7cfe-4917-88ed-6329a2b55bbe: shutdown FollowerState
2019-11-15 23:39:45,437 [Thread-1641] INFO  impl.RaftServerImpl (RaftServerImpl.java:setRole(173)) - 4b590edd-7cfe-4917-88ed-6329a2b55bbe@group-48ADA4EF1F23: changes role from  FOLLOWER to CANDIDATE at term 0 for changeToCandidate
2019-11-15 23:39:45,437 [Thread-1641] INFO  impl.RoleInfo (RoleInfo.java:updateAndGet(143)) - 4b590edd-7cfe-4917-88ed-6329a2b55bbe: start LeaderElection
2019-11-15 23:39:45,464 [4b590edd-7cfe-4917-88ed-6329a2b55bbe@group-48ADA4EF1F23-LeaderElection39] INFO  impl.LeaderElection (LeaderElection.java:askForVotes(178)) - 4b590edd-7cfe-4917-88ed-6329a2b55bbe@group-48ADA4EF1F23-LeaderElection39: begin an election at term 1 for -1: [4b590edd-7cfe-4917-88ed-6329a2b55bbe:192.168.69.89:40974], old=null
2019-11-15 23:39:45,464 [4b590edd-7cfe-4917-88ed-6329a2b55bbe@group-48ADA4EF1F23-LeaderElection39] INFO  impl.RoleInfo (RoleInfo.java:shutdownLeaderElection(134)) - 4b590edd-7cfe-4917-88ed-6329a2b55bbe: shutdown LeaderElection
2019-11-15 23:39:45,464 [4b590edd-7cfe-4917-88ed-6329a2b55bbe@group-48ADA4EF1F23-LeaderElection39] INFO  impl.RaftServerImpl (RaftServerImpl.java:setRole(173)) - 4b590edd-7cfe-4917-88ed-6329a2b55bbe@group-48ADA4EF1F23: changes role from CANDIDATE to LEADER at term 1 for changeToLeader
2019-11-15 23:39:45,464 [4b590edd-7cfe-4917-88ed-6329a2b55bbe@group-48ADA4EF1F23-LeaderElection39] INFO  ratis.XceiverServerRatis (XceiverServerRatis.java:handleLeaderChangedNotification(697)) - Leader change notification received for group: group-48ADA4EF1F23 with new leaderId: 4b590edd-7cfe-4917-88ed-6329a2b55bbe
2019-11-15 23:39:45,464 [4b590edd-7cfe-4917-88ed-6329a2b55bbe@group-48ADA4EF1F23-LeaderElection39] INFO  impl.RaftServerImpl (ServerState.java:setLeader(255)) - 4b590edd-7cfe-4917-88ed-6329a2b55bbe@group-48ADA4EF1F23: change Leader from null to 4b590edd-7cfe-4917-88ed-6329a2b55bbe at term 1 for becomeLeader, leader elected after 1218ms
2019-11-15 23:39:45,464 [4b590edd-7cfe-4917-88ed-6329a2b55bbe@group-48ADA4EF1F23-LeaderElection39] INFO  server.RaftServerConfigKeys (ConfUtils.java:logGet(43)) - raft.server.staging.catchup.gap = 1000 (default)
2019-11-15 23:39:45,464 [4b590edd-7cfe-4917-88ed-6329a2b55bbe@group-48ADA4EF1F23-LeaderElection39] INFO  server.RaftServerConfigKeys (ConfUtils.java:logGet(43)) - raft.server.rpc.sleep.time = 25ms (default)
2019-11-15 23:39:45,466 [4b590edd-7cfe-4917-88ed-6329a2b55bbe@group-48ADA4EF1F23-LeaderElection39] INFO  server.RaftServerConfigKeys (ConfUtils.java:logGet(43)) - raft.server.write.element-limit = 4096 (default)
2019-11-15 23:39:45,466 [main] INFO  ozone.MiniOzoneClusterImpl (MiniOzoneClusterImpl.java:lambda$waitForClusterToBeReady$2(163)) - Waiting for 3 number of pipelines out of 8, to report a leader.
2019-11-15 23:39:45,466 [4b590edd-7cfe-4917-88ed-6329a2b55bbe@group-48ADA4EF1F23-LeaderElection39] INFO  server.RaftServerConfigKeys (ConfUtils.java:logGet(43)) - raft.server.watch.timeout = 10s (default)
2019-11-15 23:39:45,466 [4b590edd-7cfe-4917-88ed-6329a2b55bbe@group-48ADA4EF1F23-LeaderElection39] INFO  server.RaftServerConfigKeys (ConfUtils.java:logGet(43)) - raft.server.watch.timeout.denomination = 1s (default)
2019-11-15 23:39:45,467 [4b590edd-7cfe-4917-88ed-6329a2b55bbe@group-48ADA4EF1F23-LeaderElection39] INFO  server.RaftServerConfigKeys (ConfUtils.java:logGet(43)) - raft.server.watch.element-limit = 65536 (default)
2019-11-15 23:39:45,467 [EventQueue-PipelineReportForPipelineReportHandler] INFO  pipeline.PipelineStateManager (PipelineStateManager.java:openPipeline(134)) - Pipeline Pipeline[ Id: 5eaa48f6-dccb-4eb3-b07c-48ada4ef1f23, Nodes: 4b590edd-7cfe-4917-88ed-6329a2b55bbe{ip: 192.168.69.89, host: pr-hdds-2501-jccjl-2716832651, networkLocation: /default-rack, certSerialId: null}, Type:RATIS, Factor:ONE, State:OPEN] moved to OPEN state
2019-11-15 23:39:45,467 [4b590edd-7cfe-4917-88ed-6329a2b55bbe@group-48ADA4EF1F23-LeaderElection39] INFO  impl.RoleInfo (RoleInfo.java:updateAndGet(143)) - 4b590edd-7cfe-4917-88ed-6329a2b55bbe: start LeaderState
2019-11-15 23:39:45,467 [4b590edd-7cfe-4917-88ed-6329a2b55bbe@group-48ADA4EF1F23-LeaderElection39] INFO  segmented.SegmentedRaftLogWorker (SegmentedRaftLogWorker.java:startLogSegment(385)) - 4b590edd-7cfe-4917-88ed-6329a2b55bbe@group-48ADA4EF1F23-SegmentedRaftLogWorker: Starting segment from index:0
2019-11-15 23:39:45,468 [4b590edd-7cfe-4917-88ed-6329a2b55bbe@group-48ADA4EF1F23-LeaderElection39] INFO  impl.RaftServerImpl (ServerState.java:setRaftConf(356)) - 4b590edd-7cfe-4917-88ed-6329a2b55bbe@group-48ADA4EF1F23: set configuration 0: [4b590edd-7cfe-4917-88ed-6329a2b55bbe:192.168.69.89:40974], old=null at 0
2019-11-15 23:39:45,468 [Thread-1649] INFO  impl.FollowerState (FollowerState.java:run(111)) - 44c1a031-22df-4fb3-be71-2a7e67cf760d@group-B54E8B7E8167-FollowerState: change to CANDIDATE, lastRpcTime:1008ms, electionTimeout:1008ms
2019-11-15 23:39:45,468 [Thread-1649] INFO  impl.RoleInfo (RoleInfo.java:shutdownFollowerState(121)) - 44c1a031-22df-4fb3-be71-2a7e67cf760d: shutdown FollowerState
2019-11-15 23:39:45,468 [Thread-1649] INFO  impl.RaftServerImpl (RaftServerImpl.java:setRole(173)) - 44c1a031-22df-4fb3-be71-2a7e67cf760d@group-B54E8B7E8167: changes role from  FOLLOWER to CANDIDATE at term 0 for changeToCandidate
2019-11-15 23:39:45,468 [Thread-1649] INFO  impl.RoleInfo (RoleInfo.java:updateAndGet(143)) - 44c1a031-22df-4fb3-be71-2a7e67cf760d: start LeaderElection
2019-11-15 23:39:45,503 [Thread-1644] INFO  impl.FollowerState (FollowerState.java:run(111)) - 852bb6bc-fc53-4f9b-b145-e7434400ca8b@group-C873BBCA9A67-FollowerState: change to CANDIDATE, lastRpcTime:1183ms, electionTimeout:1176ms
2019-11-15 23:39:45,503 [Thread-1644] INFO  impl.RoleInfo (RoleInfo.java:shutdownFollowerState(121)) - 852bb6bc-fc53-4f9b-b145-e7434400ca8b: shutdown FollowerState
2019-11-15 23:39:45,503 [Thread-1644] INFO  impl.RaftServerImpl (RaftServerImpl.java:setRole(173)) - 852bb6bc-fc53-4f9b-b145-e7434400ca8b@group-C873BBCA9A67: changes role from  FOLLOWER to CANDIDATE at term 0 for changeToCandidate
2019-11-15 23:39:45,503 [Thread-1644] INFO  impl.RoleInfo (RoleInfo.java:updateAndGet(143)) - 852bb6bc-fc53-4f9b-b145-e7434400ca8b: start LeaderElection
2019-11-15 23:39:45,533 [4b590edd-7cfe-4917-88ed-6329a2b55bbe@group-48ADA4EF1F23-SegmentedRaftLogWorker] INFO  segmented.SegmentedRaftLogWorker (SegmentedRaftLogWorker.java:execute(576)) - 4b590edd-7cfe-4917-88ed-6329a2b55bbe@group-48ADA4EF1F23-SegmentedRaftLogWorker: created new log segment /workdir/hadoop-ozone/integration-test/target/test-dir/MiniOzoneClusterImpl-33986320-1065-4a8e-9f2e-ea3716de2538/datanode-3/data/ratis/5eaa48f6-dccb-4eb3-b07c-48ada4ef1f23/current/log_inprogress_0
2019-11-15 23:39:45,533 [44c1a031-22df-4fb3-be71-2a7e67cf760d@group-B54E8B7E8167-LeaderElection40] INFO  impl.LeaderElection (LeaderElection.java:askForVotes(178)) - 44c1a031-22df-4fb3-be71-2a7e67cf760d@group-B54E8B7E8167-LeaderElection40: begin an election at term 1 for -1: [44c1a031-22df-4fb3-be71-2a7e67cf760d:192.168.69.89:40732, 852bb6bc-fc53-4f9b-b145-e7434400ca8b:192.168.69.89:35193, 4b590edd-7cfe-4917-88ed-6329a2b55bbe:192.168.69.89:40974], old=null
2019-11-15 23:39:45,533 [852bb6bc-fc53-4f9b-b145-e7434400ca8b@group-C873BBCA9A67-LeaderElection41] INFO  impl.LeaderElection (LeaderElection.java:askForVotes(178)) - 852bb6bc-fc53-4f9b-b145-e7434400ca8b@group-C873BBCA9A67-LeaderElection41: begin an election at term 1 for -1: [852bb6bc-fc53-4f9b-b145-e7434400ca8b:192.168.69.89:35193], old=null
2019-11-15 23:39:45,533 [852bb6bc-fc53-4f9b-b145-e7434400ca8b@group-C873BBCA9A67-LeaderElection41] INFO  impl.RoleInfo (RoleInfo.java:shutdownLeaderElection(134)) - 852bb6bc-fc53-4f9b-b145-e7434400ca8b: shutdown LeaderElection
2019-11-15 23:39:45,533 [852bb6bc-fc53-4f9b-b145-e7434400ca8b@group-C873BBCA9A67-LeaderElection41] INFO  impl.RaftServerImpl (RaftServerImpl.java:setRole(173)) - 852bb6bc-fc53-4f9b-b145-e7434400ca8b@group-C873BBCA9A67: changes role from CANDIDATE to LEADER at term 1 for changeToLeader
2019-11-15 23:39:45,534 [852bb6bc-fc53-4f9b-b145-e7434400ca8b@group-C873BBCA9A67-LeaderElection41] INFO  ratis.XceiverServerRatis (XceiverServerRatis.java:handleLeaderChangedNotification(697)) - Leader change notification received for group: group-C873BBCA9A67 with new leaderId: 852bb6bc-fc53-4f9b-b145-e7434400ca8b
2019-11-15 23:39:45,534 [852bb6bc-fc53-4f9b-b145-e7434400ca8b@group-C873BBCA9A67-LeaderElection41] INFO  impl.RaftServerImpl (ServerState.java:setLeader(255)) - 852bb6bc-fc53-4f9b-b145-e7434400ca8b@group-C873BBCA9A67: change Leader from null to 852bb6bc-fc53-4f9b-b145-e7434400ca8b at term 1 for becomeLeader, leader elected after 1218ms
2019-11-15 23:39:45,534 [852bb6bc-fc53-4f9b-b145-e7434400ca8b@group-C873BBCA9A67-LeaderElection41] INFO  server.RaftServerConfigKeys (ConfUtils.java:logGet(43)) - raft.server.staging.catchup.gap = 1000 (default)
2019-11-15 23:39:45,536 [852bb6bc-fc53-4f9b-b145-e7434400ca8b@group-C873BBCA9A67-LeaderElection41] INFO  server.RaftServerConfigKeys (ConfUtils.java:logGet(43)) - raft.server.rpc.sleep.time = 25ms (default)
2019-11-15 23:39:45,536 [852bb6bc-fc53-4f9b-b145-e7434400ca8b@group-C873BBCA9A67-LeaderElection41] INFO  server.RaftServerConfigKeys (ConfUtils.java:logGet(43)) - raft.server.write.element-limit = 4096 (default)
2019-11-15 23:39:45,537 [852bb6bc-fc53-4f9b-b145-e7434400ca8b@group-C873BBCA9A67-LeaderElection41] INFO  server.RaftServerConfigKeys (ConfUtils.java:logGet(43)) - raft.server.watch.timeout = 10s (default)
2019-11-15 23:39:45,537 [852bb6bc-fc53-4f9b-b145-e7434400ca8b@group-C873BBCA9A67-LeaderElection41] INFO  server.RaftServerConfigKeys (ConfUtils.java:logGet(43)) - raft.server.watch.timeout.denomination = 1s (default)
2019-11-15 23:39:45,537 [EventQueue-PipelineReportForPipelineReportHandler] INFO  pipeline.PipelineStateManager (PipelineStateManager.java:openPipeline(134)) - Pipeline Pipeline[ Id: 67b86d0f-a0f5-4b94-9fdd-c873bbca9a67, Nodes: 852bb6bc-fc53-4f9b-b145-e7434400ca8b{ip: 192.168.69.89, host: pr-hdds-2501-jccjl-2716832651, networkLocation: /default-rack, certSerialId: null}, Type:RATIS, Factor:ONE, State:OPEN] moved to OPEN state
2019-11-15 23:39:45,537 [852bb6bc-fc53-4f9b-b145-e7434400ca8b@group-C873BBCA9A67-LeaderElection41] INFO  server.RaftServerConfigKeys (ConfUtils.java:logGet(43)) - raft.server.watch.element-limit = 65536 (default)
2019-11-15 23:39:45,537 [852bb6bc-fc53-4f9b-b145-e7434400ca8b@group-C873BBCA9A67-LeaderElection41] INFO  impl.RoleInfo (RoleInfo.java:updateAndGet(143)) - 852bb6bc-fc53-4f9b-b145-e7434400ca8b: start LeaderState
2019-11-15 23:39:45,538 [852bb6bc-fc53-4f9b-b145-e7434400ca8b@group-C873BBCA9A67-LeaderElection41] INFO  segmented.SegmentedRaftLogWorker (SegmentedRaftLogWorker.java:startLogSegment(385)) - 852bb6bc-fc53-4f9b-b145-e7434400ca8b@group-C873BBCA9A67-SegmentedRaftLogWorker: Starting segment from index:0
2019-11-15 23:39:45,538 [852bb6bc-fc53-4f9b-b145-e7434400ca8b@group-C873BBCA9A67-LeaderElection41] INFO  impl.RaftServerImpl (ServerState.java:setRaftConf(356)) - 852bb6bc-fc53-4f9b-b145-e7434400ca8b@group-C873BBCA9A67: set configuration 0: [852bb6bc-fc53-4f9b-b145-e7434400ca8b:192.168.69.89:35193], old=null at 0
2019-11-15 23:39:45,578 [grpc-default-executor-0] INFO  impl.RaftServerImpl (RaftServerImpl.java:setRole(173)) - 4b590edd-7cfe-4917-88ed-6329a2b55bbe@group-B54E8B7E8167: changes role from  FOLLOWER to FOLLOWER at term 1 for recognizeCandidate:44c1a031-22df-4fb3-be71-2a7e67cf760d
2019-11-15 23:39:45,578 [grpc-default-executor-0] INFO  impl.RoleInfo (RoleInfo.java:shutdownFollowerState(121)) - 4b590edd-7cfe-4917-88ed-6329a2b55bbe: shutdown FollowerState
2019-11-15 23:39:45,578 [Thread-1653] INFO  impl.FollowerState (FollowerState.java:run(120)) - 4b590edd-7cfe-4917-88ed-6329a2b55bbe@group-B54E8B7E8167-FollowerState was interrupted: java.lang.InterruptedException: sleep interrupted
2019-11-15 23:39:45,580 [grpc-default-executor-2] INFO  impl.RaftServerImpl (RaftServerImpl.java:setRole(173)) - 852bb6bc-fc53-4f9b-b145-e7434400ca8b@group-B54E8B7E8167: changes role from  FOLLOWER to FOLLOWER at term 1 for recognizeCandidate:44c1a031-22df-4fb3-be71-2a7e67cf760d
2019-11-15 23:39:45,593 [grpc-default-executor-2] INFO  impl.RoleInfo (RoleInfo.java:shutdownFollowerState(121)) - 852bb6bc-fc53-4f9b-b145-e7434400ca8b: shutdown FollowerState
2019-11-15 23:39:45,578 [grpc-default-executor-0] INFO  impl.RoleInfo (RoleInfo.java:updateAndGet(143)) - 4b590edd-7cfe-4917-88ed-6329a2b55bbe: start FollowerState
2019-11-15 23:39:45,593 [Thread-1648] INFO  impl.FollowerState (FollowerState.java:run(120)) - 852bb6bc-fc53-4f9b-b145-e7434400ca8b@group-B54E8B7E8167-FollowerState was interrupted: java.lang.InterruptedException: sleep interrupted
2019-11-15 23:39:45,593 [grpc-default-executor-2] INFO  impl.RoleInfo (RoleInfo.java:updateAndGet(143)) - 852bb6bc-fc53-4f9b-b145-e7434400ca8b: start FollowerState
2019-11-15 23:39:45,613 [852bb6bc-fc53-4f9b-b145-e7434400ca8b@group-C873BBCA9A67-SegmentedRaftLogWorker] INFO  segmented.SegmentedRaftLogWorker (SegmentedRaftLogWorker.java:execute(576)) - 852bb6bc-fc53-4f9b-b145-e7434400ca8b@group-C873BBCA9A67-SegmentedRaftLogWorker: created new log segment /workdir/hadoop-ozone/integration-test/target/test-dir/MiniOzoneClusterImpl-33986320-1065-4a8e-9f2e-ea3716de2538/datanode-5/data/ratis/67b86d0f-a0f5-4b94-9fdd-c873bbca9a67/current/log_inprogress_0
2019-11-15 23:39:45,636 [44c1a031-22df-4fb3-be71-2a7e67cf760d@group-B54E8B7E8167-LeaderElection40] INFO  impl.LeaderElection (LeaderElection.java:logAndReturn(56)) - 44c1a031-22df-4fb3-be71-2a7e67cf760d@group-B54E8B7E8167-LeaderElection40: Election PASSED; received 1 response(s) [44c1a031-22df-4fb3-be71-2a7e67cf760d<-852bb6bc-fc53-4f9b-b145-e7434400ca8b#0:OK-t1] and 0 exception(s); 44c1a031-22df-4fb3-be71-2a7e67cf760d@group-B54E8B7E8167:t1, leader=null, voted=44c1a031-22df-4fb3-be71-2a7e67cf760d, raftlog=44c1a031-22df-4fb3-be71-2a7e67cf760d@group-B54E8B7E8167-SegmentedRaftLog:OPENED:c-1,f-1,i0, conf=-1: [44c1a031-22df-4fb3-be71-2a7e67cf760d:192.168.69.89:40732, 852bb6bc-fc53-4f9b-b145-e7434400ca8b:192.168.69.89:35193, 4b590edd-7cfe-4917-88ed-6329a2b55bbe:192.168.69.89:40974], old=null
2019-11-15 23:39:45,636 [44c1a031-22df-4fb3-be71-2a7e67cf760d@group-B54E8B7E8167-LeaderElection40] INFO  impl.RoleInfo (RoleInfo.java:shutdownLeaderElection(134)) - 44c1a031-22df-4fb3-be71-2a7e67cf760d: shutdown LeaderElection
2019-11-15 23:39:45,636 [44c1a031-22df-4fb3-be71-2a7e67cf760d@group-B54E8B7E8167-LeaderElection40] INFO  impl.RaftServerImpl (RaftServerImpl.java:setRole(173)) - 44c1a031-22df-4fb3-be71-2a7e67cf760d@group-B54E8B7E8167: changes role from CANDIDATE to LEADER at term 1 for changeToLeader
2019-11-15 23:39:45,637 [44c1a031-22df-4fb3-be71-2a7e67cf760d@group-B54E8B7E8167-LeaderElection40] INFO  ratis.XceiverServerRatis (XceiverServerRatis.java:handleLeaderChangedNotification(697)) - Leader change notification received for group: group-B54E8B7E8167 with new leaderId: 44c1a031-22df-4fb3-be71-2a7e67cf760d
2019-11-15 23:39:45,637 [44c1a031-22df-4fb3-be71-2a7e67cf760d@group-B54E8B7E8167-LeaderElection40] INFO  impl.RaftServerImpl (ServerState.java:setLeader(255)) - 44c1a031-22df-4fb3-be71-2a7e67cf760d@group-B54E8B7E8167: change Leader from null to 44c1a031-22df-4fb3-be71-2a7e67cf760d at term 1 for becomeLeader, leader elected after 1185ms
2019-11-15 23:39:45,637 [44c1a031-22df-4fb3-be71-2a7e67cf760d@group-B54E8B7E8167-LeaderElection40] INFO  server.RaftServerConfigKeys (ConfUtils.java:logGet(43)) - raft.server.staging.catchup.gap = 1000 (default)
2019-11-15 23:39:45,637 [44c1a031-22df-4fb3-be71-2a7e67cf760d@group-B54E8B7E8167-LeaderElection40] INFO  server.RaftServerConfigKeys (ConfUtils.java:logGet(43)) - raft.server.rpc.sleep.time = 25ms (default)
2019-11-15 23:39:45,638 [44c1a031-22df-4fb3-be71-2a7e67cf760d@group-B54E8B7E8167-LeaderElection40] INFO  server.RaftServerConfigKeys (ConfUtils.java:logGet(43)) - raft.server.write.element-limit = 4096 (default)
2019-11-15 23:39:45,638 [44c1a031-22df-4fb3-be71-2a7e67cf760d@group-B54E8B7E8167-LeaderElection40] INFO  server.RaftServerConfigKeys (ConfUtils.java:logGet(43)) - raft.server.watch.timeout = 10s (default)
2019-11-15 23:39:45,638 [44c1a031-22df-4fb3-be71-2a7e67cf760d@group-B54E8B7E8167-LeaderElection40] INFO  server.RaftServerConfigKeys (ConfUtils.java:logGet(43)) - raft.server.watch.timeout.denomination = 1s (default)
2019-11-15 23:39:45,638 [44c1a031-22df-4fb3-be71-2a7e67cf760d@group-B54E8B7E8167-LeaderElection40] INFO  server.RaftServerConfigKeys (ConfUtils.java:logGet(43)) - raft.server.watch.element-limit = 65536 (default)
2019-11-15 23:39:45,638 [EventQueue-PipelineReportForPipelineReportHandler] INFO  pipeline.PipelineStateManager (PipelineStateManager.java:openPipeline(134)) - Pipeline Pipeline[ Id: d23b4505-6b21-4e5a-8d97-b54e8b7e8167, Nodes: 44c1a031-22df-4fb3-be71-2a7e67cf760d{ip: 192.168.69.89, host: pr-hdds-2501-jccjl-2716832651, networkLocation: /default-rack, certSerialId: null}4b590edd-7cfe-4917-88ed-6329a2b55bbe{ip: 192.168.69.89, host: pr-hdds-2501-jccjl-2716832651, networkLocation: /default-rack, certSerialId: null}852bb6bc-fc53-4f9b-b145-e7434400ca8b{ip: 192.168.69.89, host: pr-hdds-2501-jccjl-2716832651, networkLocation: /default-rack, certSerialId: null}, Type:RATIS, Factor:THREE, State:OPEN] moved to OPEN state
2019-11-15 23:39:45,640 [44c1a031-22df-4fb3-be71-2a7e67cf760d@group-B54E8B7E8167-LeaderElection40] INFO  server.RaftServerConfigKeys (ConfUtils.java:logGet(43)) - raft.server.log.appender.snapshot.chunk.size.max = 16MB (=16777216) (default)
2019-11-15 23:39:45,641 [44c1a031-22df-4fb3-be71-2a7e67cf760d@group-B54E8B7E8167-LeaderElection40] INFO  server.RaftServerConfigKeys (ConfUtils.java:logGet(43)) - raft.server.log.appender.buffer.byte-limit = 33554432 (custom)
2019-11-15 23:39:45,641 [44c1a031-22df-4fb3-be71-2a7e67cf760d@group-B54E8B7E8167-LeaderElection40] INFO  server.RaftServerConfigKeys (ConfUtils.java:logGet(43)) - raft.server.log.appender.buffer.element-limit = 1 (custom)
2019-11-15 23:39:45,641 [44c1a031-22df-4fb3-be71-2a7e67cf760d@group-B54E8B7E8167-LeaderElection40] INFO  grpc.GrpcConfigKeys$Server (ConfUtils.java:logGet(43)) - raft.grpc.server.leader.outstanding.appends.max = 128 (default)
2019-11-15 23:39:45,642 [44c1a031-22df-4fb3-be71-2a7e67cf760d@group-B54E8B7E8167-LeaderElection40] INFO  server.RaftServerConfigKeys (ConfUtils.java:logGet(43)) - raft.server.rpc.request.timeout = 3000ms (default)
2019-11-15 23:39:45,642 [44c1a031-22df-4fb3-be71-2a7e67cf760d@group-B54E8B7E8167-LeaderElection40] INFO  server.RaftServerConfigKeys (ConfUtils.java:logGet(43)) - raft.server.log.appender.install.snapshot.enabled = false (custom)
2019-11-15 23:39:45,642 [44c1a031-22df-4fb3-be71-2a7e67cf760d@group-B54E8B7E8167-LeaderElection40] WARN  impl.MetricRegistriesImpl (MetricRegistriesImpl.java:lambda$create$1(61)) - First MetricRegistry has been created without registering reporters. You may need to call MetricRegistries.global().addReportRegistration(...) before.
2019-11-15 23:39:45,642 [44c1a031-22df-4fb3-be71-2a7e67cf760d@group-B54E8B7E8167-LeaderElection40] INFO  server.RaftServerConfigKeys (ConfUtils.java:logGet(43)) - raft.server.log.appender.snapshot.chunk.size.max = 16MB (=16777216) (default)
2019-11-15 23:39:45,642 [44c1a031-22df-4fb3-be71-2a7e67cf760d@group-B54E8B7E8167-LeaderElection40] INFO  server.RaftServerConfigKeys (ConfUtils.java:logGet(43)) - raft.server.log.appender.buffer.byte-limit = 33554432 (custom)
2019-11-15 23:39:45,643 [44c1a031-22df-4fb3-be71-2a7e67cf760d@group-B54E8B7E8167-LeaderElection40] INFO  server.RaftServerConfigKeys (ConfUtils.java:logGet(43)) - raft.server.log.appender.buffer.element-limit = 1 (custom)
2019-11-15 23:39:45,643 [44c1a031-22df-4fb3-be71-2a7e67cf760d@group-B54E8B7E8167-LeaderElection40] INFO  grpc.GrpcConfigKeys$Server (ConfUtils.java:logGet(43)) - raft.grpc.server.leader.outstanding.appends.max = 128 (default)
2019-11-15 23:39:45,643 [44c1a031-22df-4fb3-be71-2a7e67cf760d@group-B54E8B7E8167-LeaderElection40] INFO  server.RaftServerConfigKeys (ConfUtils.java:logGet(43)) - raft.server.rpc.request.timeout = 3000ms (default)
2019-11-15 23:39:45,643 [44c1a031-22df-4fb3-be71-2a7e67cf760d@group-B54E8B7E8167-LeaderElection40] INFO  server.RaftServerConfigKeys (ConfUtils.java:logGet(43)) - raft.server.log.appender.install.snapshot.enabled = false (custom)
2019-11-15 23:39:45,644 [44c1a031-22df-4fb3-be71-2a7e67cf760d@group-B54E8B7E8167-LeaderElection40] INFO  impl.RoleInfo (RoleInfo.java:updateAndGet(143)) - 44c1a031-22df-4fb3-be71-2a7e67cf760d: start LeaderState
2019-11-15 23:39:45,644 [44c1a031-22df-4fb3-be71-2a7e67cf760d@group-B54E8B7E8167-LeaderElection40] INFO  segmented.SegmentedRaftLogWorker (SegmentedRaftLogWorker.java:startLogSegment(385)) - 44c1a031-22df-4fb3-be71-2a7e67cf760d@group-B54E8B7E8167-SegmentedRaftLogWorker: Starting segment from index:0
2019-11-15 23:39:45,645 [44c1a031-22df-4fb3-be71-2a7e67cf760d@group-B54E8B7E8167-LeaderElection40] INFO  impl.RaftServerImpl (ServerState.java:setRaftConf(356)) - 44c1a031-22df-4fb3-be71-2a7e67cf760d@group-B54E8B7E8167: set configuration 0: [44c1a031-22df-4fb3-be71-2a7e67cf760d:192.168.69.89:40732, 852bb6bc-fc53-4f9b-b145-e7434400ca8b:192.168.69.89:35193, 4b590edd-7cfe-4917-88ed-6329a2b55bbe:192.168.69.89:40974], old=null at 0
2019-11-15 23:39:45,647 [grpc-default-executor-0] INFO  ratis.XceiverServerRatis (XceiverServerRatis.java:handleLeaderChangedNotification(697)) - Leader change notification received for group: group-B54E8B7E8167 with new leaderId: 44c1a031-22df-4fb3-be71-2a7e67cf760d
2019-11-15 23:39:45,682 [grpc-default-executor-0] INFO  impl.RaftServerImpl (ServerState.java:setLeader(255)) - 4b590edd-7cfe-4917-88ed-6329a2b55bbe@group-B54E8B7E8167: change Leader from null to 44c1a031-22df-4fb3-be71-2a7e67cf760d at term 1 for appendEntries, leader elected after 1196ms
2019-11-15 23:39:45,687 [grpc-default-executor-0] INFO  ratis.XceiverServerRatis (XceiverServerRatis.java:handleLeaderChangedNotification(697)) - Leader change notification received for group: group-B54E8B7E8167 with new leaderId: 44c1a031-22df-4fb3-be71-2a7e67cf760d
2019-11-15 23:39:45,687 [grpc-default-executor-0] INFO  impl.RaftServerImpl (ServerState.java:setLeader(255)) - 852bb6bc-fc53-4f9b-b145-e7434400ca8b@group-B54E8B7E8167: change Leader from null to 44c1a031-22df-4fb3-be71-2a7e67cf760d at term 1 for appendEntries, leader elected after 1236ms
2019-11-15 23:39:45,689 [grpc-default-executor-0] INFO  impl.RaftServerImpl (ServerState.java:setRaftConf(356)) - 4b590edd-7cfe-4917-88ed-6329a2b55bbe@group-B54E8B7E8167: set configuration 0: [44c1a031-22df-4fb3-be71-2a7e67cf760d:192.168.69.89:40732, 852bb6bc-fc53-4f9b-b145-e7434400ca8b:192.168.69.89:35193, 4b590edd-7cfe-4917-88ed-6329a2b55bbe:192.168.69.89:40974], old=null at 0
2019-11-15 23:39:45,689 [grpc-default-executor-0] INFO  segmented.SegmentedRaftLogWorker (SegmentedRaftLogWorker.java:startLogSegment(385)) - 4b590edd-7cfe-4917-88ed-6329a2b55bbe@group-B54E8B7E8167-SegmentedRaftLogWorker: Starting segment from index:0
2019-11-15 23:39:45,689 [grpc-default-executor-0] INFO  impl.RaftServerImpl (ServerState.java:setRaftConf(356)) - 852bb6bc-fc53-4f9b-b145-e7434400ca8b@group-B54E8B7E8167: set configuration 0: [44c1a031-22df-4fb3-be71-2a7e67cf760d:192.168.69.89:40732, 852bb6bc-fc53-4f9b-b145-e7434400ca8b:192.168.69.89:35193, 4b590edd-7cfe-4917-88ed-6329a2b55bbe:192.168.69.89:40974], old=null at 0
2019-11-15 23:39:45,690 [grpc-default-executor-0] INFO  segmented.SegmentedRaftLogWorker (SegmentedRaftLogWorker.java:startLogSegment(385)) - 852bb6bc-fc53-4f9b-b145-e7434400ca8b@group-B54E8B7E8167-SegmentedRaftLogWorker: Starting segment from index:0
2019-11-15 23:39:45,706 [44c1a031-22df-4fb3-be71-2a7e67cf760d@group-B54E8B7E8167-SegmentedRaftLogWorker] INFO  segmented.SegmentedRaftLogWorker (SegmentedRaftLogWorker.java:execute(576)) - 44c1a031-22df-4fb3-be71-2a7e67cf760d@group-B54E8B7E8167-SegmentedRaftLogWorker: created new log segment /workdir/hadoop-ozone/integration-test/target/test-dir/MiniOzoneClusterImpl-33986320-1065-4a8e-9f2e-ea3716de2538/datanode-4/data/ratis/d23b4505-6b21-4e5a-8d97-b54e8b7e8167/current/log_inprogress_0
2019-11-15 23:39:45,740 [852bb6bc-fc53-4f9b-b145-e7434400ca8b@group-B54E8B7E8167-SegmentedRaftLogWorker] INFO  segmented.SegmentedRaftLogWorker (SegmentedRaftLogWorker.java:execute(576)) - 852bb6bc-fc53-4f9b-b145-e7434400ca8b@group-B54E8B7E8167-SegmentedRaftLogWorker: created new log segment /workdir/hadoop-ozone/integration-test/target/test-dir/MiniOzoneClusterImpl-33986320-1065-4a8e-9f2e-ea3716de2538/datanode-5/data/ratis/d23b4505-6b21-4e5a-8d97-b54e8b7e8167/current/log_inprogress_0
2019-11-15 23:39:45,740 [4b590edd-7cfe-4917-88ed-6329a2b55bbe@group-B54E8B7E8167-SegmentedRaftLogWorker] INFO  segmented.SegmentedRaftLogWorker (SegmentedRaftLogWorker.java:execute(576)) - 4b590edd-7cfe-4917-88ed-6329a2b55bbe@group-B54E8B7E8167-SegmentedRaftLogWorker: created new log segment /workdir/hadoop-ozone/integration-test/target/test-dir/MiniOzoneClusterImpl-33986320-1065-4a8e-9f2e-ea3716de2538/datanode-3/data/ratis/d23b4505-6b21-4e5a-8d97-b54e8b7e8167/current/log_inprogress_0
2019-11-15 23:39:46,469 [main] INFO  ozone.MiniOzoneClusterImpl (MiniOzoneClusterImpl.java:lambda$waitForClusterToBeReady$2(171)) - Cluster is ready. Got 6 of 6 DN Heartbeats.
2019-11-15 23:39:46,499 [main] INFO  rpc.RpcClient (RpcClient.java:createVolume(292)) - Creating Volume: datanodefailurehandlingtest, with jenkins1000 as owner.
2019-11-15 23:39:46,502 [IPC Server handler 2 on 42222] INFO  volume.OMVolumeCreateRequest (OMVolumeCreateRequest.java:validateAndUpdateCache(193)) - created volume:datanodefailurehandlingtest for user:jenkins1000
2019-11-15 23:39:46,528 [main] INFO  rpc.RpcClient (RpcClient.java:createBucket(431)) - Creating Bucket: datanodefailurehandlingtest/datanodefailurehandlingtest, with Versioning false and Storage Type set to DISK and Encryption set to false 
2019-11-15 23:39:46,866 [Thread-1618] INFO  container.ReplicationManager (ReplicationManager.java:start(162)) - Starting Replication Monitor Thread.
2019-11-15 23:39:46,867 [Thread-1618] INFO  pipeline.SCMPipelineManager (SCMPipelineManager.java:finalizeAndDestroyPipeline(315)) - destroying pipeline:Pipeline[ Id: 67b86d0f-a0f5-4b94-9fdd-c873bbca9a67, Nodes: 852bb6bc-fc53-4f9b-b145-e7434400ca8b{ip: 192.168.69.89, host: pr-hdds-2501-jccjl-2716832651, networkLocation: /default-rack, certSerialId: null}, Type:RATIS, Factor:ONE, State:OPEN]
2019-11-15 23:39:46,873 [Thread-1618] INFO  pipeline.PipelineStateManager (PipelineStateManager.java:finalizePipeline(121)) - Pipeline Pipeline[ Id: 67b86d0f-a0f5-4b94-9fdd-c873bbca9a67, Nodes: 852bb6bc-fc53-4f9b-b145-e7434400ca8b{ip: 192.168.69.89, host: pr-hdds-2501-jccjl-2716832651, networkLocation: /default-rack, certSerialId: null}, Type:RATIS, Factor:ONE, State:CLOSED] moved to CLOSED state
2019-11-15 23:39:46,873 [ReplicationMonitor] INFO  container.ReplicationManager (ReplicationManager.java:run(225)) - Replication Monitor Thread took 0 milliseconds for processing 1 containers.
2019-11-15 23:39:46,878 [grpc-default-executor-3] INFO  impl.RaftServerProxy (RaftServerProxy.java:remove(95)) - 852bb6bc-fc53-4f9b-b145-e7434400ca8b: remove    LEADER 852bb6bc-fc53-4f9b-b145-e7434400ca8b@group-C873BBCA9A67:t1, leader=852bb6bc-fc53-4f9b-b145-e7434400ca8b, voted=852bb6bc-fc53-4f9b-b145-e7434400ca8b, raftlog=852bb6bc-fc53-4f9b-b145-e7434400ca8b@group-C873BBCA9A67-SegmentedRaftLog:OPENED:c0,f0,i0, conf=0: [852bb6bc-fc53-4f9b-b145-e7434400ca8b:192.168.69.89:35193], old=null RUNNING
2019-11-15 23:39:46,878 [grpc-default-executor-3] INFO  impl.RaftServerImpl (RaftServerImpl.java:lambda$shutdown$3(250)) - 852bb6bc-fc53-4f9b-b145-e7434400ca8b@group-C873BBCA9A67: shutdown
2019-11-15 23:39:46,879 [grpc-default-executor-3] INFO  util.JmxRegister (JmxRegister.java:unregister(73)) - Successfully un-registered JMX Bean with object name Ratis:service=RaftServer,group=group-C873BBCA9A67,id=852bb6bc-fc53-4f9b-b145-e7434400ca8b
2019-11-15 23:39:46,879 [grpc-default-executor-3] INFO  impl.RoleInfo (RoleInfo.java:shutdownLeaderState(104)) - 852bb6bc-fc53-4f9b-b145-e7434400ca8b: shutdown LeaderState
2019-11-15 23:39:46,879 [grpc-default-executor-3] INFO  impl.PendingRequests (PendingRequests.java:sendNotLeaderResponses(206)) - 852bb6bc-fc53-4f9b-b145-e7434400ca8b@group-C873BBCA9A67-PendingRequests: sendNotLeaderResponses
2019-11-15 23:39:46,879 [grpc-default-executor-3] INFO  impl.StateMachineUpdater (StateMachineUpdater.java:stopAndJoin(136)) - 852bb6bc-fc53-4f9b-b145-e7434400ca8b@group-C873BBCA9A67-StateMachineUpdater: set stopIndex = 0
2019-11-15 23:39:46,880 [grpc-default-executor-3] INFO  impl.RaftServerImpl (ServerState.java:close(387)) - 852bb6bc-fc53-4f9b-b145-e7434400ca8b@group-C873BBCA9A67: closes. applyIndex: 0
2019-11-15 23:39:46,880 [852bb6bc-fc53-4f9b-b145-e7434400ca8b@group-C873BBCA9A67-SegmentedRaftLogWorker] INFO  segmented.SegmentedRaftLogWorker (SegmentedRaftLogWorker.java:run(316)) - 852bb6bc-fc53-4f9b-b145-e7434400ca8b@group-C873BBCA9A67-SegmentedRaftLogWorker was interrupted, exiting. There are 0 tasks remaining in the queue.
2019-11-15 23:39:46,882 [grpc-default-executor-3] INFO  segmented.SegmentedRaftLogWorker (SegmentedRaftLogWorker.java:close(224)) - 852bb6bc-fc53-4f9b-b145-e7434400ca8b@group-C873BBCA9A67-SegmentedRaftLogWorker close()
2019-11-15 23:39:46,888 [Thread-1618] INFO  pipeline.PipelineStateManager (PipelineStateManager.java:removePipeline(106)) - Pipeline Pipeline[ Id: 67b86d0f-a0f5-4b94-9fdd-c873bbca9a67, Nodes: 852bb6bc-fc53-4f9b-b145-e7434400ca8b{ip: 192.168.69.89, host: pr-hdds-2501-jccjl-2716832651, networkLocation: /default-rack, certSerialId: null}, Type:RATIS, Factor:ONE, State:CLOSED] removed from db
2019-11-15 23:39:46,890 [Thread-1618] INFO  pipeline.SCMPipelineManager (SCMPipelineManager.java:finalizeAndDestroyPipeline(315)) - destroying pipeline:Pipeline[ Id: d23b4505-6b21-4e5a-8d97-b54e8b7e8167, Nodes: 44c1a031-22df-4fb3-be71-2a7e67cf760d{ip: 192.168.69.89, host: pr-hdds-2501-jccjl-2716832651, networkLocation: /default-rack, certSerialId: null}4b590edd-7cfe-4917-88ed-6329a2b55bbe{ip: 192.168.69.89, host: pr-hdds-2501-jccjl-2716832651, networkLocation: /default-rack, certSerialId: null}852bb6bc-fc53-4f9b-b145-e7434400ca8b{ip: 192.168.69.89, host: pr-hdds-2501-jccjl-2716832651, networkLocation: /default-rack, certSerialId: null}, Type:RATIS, Factor:THREE, State:OPEN]
2019-11-15 23:39:46,897 [grpc-default-executor-3] INFO  impl.RaftServerProxy (RaftServerProxy.java:addNew(89)) - 852bb6bc-fc53-4f9b-b145-e7434400ca8b: addNew group-D4E1E2E35E07:[852bb6bc-fc53-4f9b-b145-e7434400ca8b:192.168.69.89:35193] returns group-D4E1E2E35E07:java.util.concurrent.CompletableFuture@6b998744[Not completed]
2019-11-15 23:39:46,899 [pool-203-thread-1] INFO  impl.RaftServerImpl (RaftServerImpl.java:<init>(98)) - 852bb6bc-fc53-4f9b-b145-e7434400ca8b: new RaftServerImpl for group-D4E1E2E35E07:[852bb6bc-fc53-4f9b-b145-e7434400ca8b:192.168.69.89:35193] with ContainerStateMachine:uninitialized
2019-11-15 23:39:46,900 [pool-203-thread-1] INFO  server.RaftServerConfigKeys (ConfUtils.java:logGet(43)) - raft.server.rpc.timeout.min = 1s (custom)
2019-11-15 23:39:46,900 [pool-203-thread-1] INFO  server.RaftServerConfigKeys (ConfUtils.java:logGet(43)) - raft.server.rpc.timeout.max = 1200ms (custom)
2019-11-15 23:39:46,901 [pool-203-thread-1] INFO  server.RaftServerConfigKeys (ConfUtils.java:logGet(43)) - raft.server.rpcslowness.timeout = 120s (custom)
2019-11-15 23:39:46,901 [pool-203-thread-1] INFO  server.RaftServerConfigKeys (ConfUtils.java:logGet(43)) - raft.server.sleep.deviation.threshold = 300 (default)
2019-11-15 23:39:46,901 [pool-203-thread-1] INFO  server.RaftServerConfigKeys (ConfUtils.java:logGet(43)) - raft.server.log.appender.install.snapshot.enabled = false (custom)
2019-11-15 23:39:46,901 [pool-203-thread-1] INFO  impl.RaftServerImpl (ServerState.java:<init>(103)) - 852bb6bc-fc53-4f9b-b145-e7434400ca8b@group-D4E1E2E35E07: ConfigurationManager, init=-1: [852bb6bc-fc53-4f9b-b145-e7434400ca8b:192.168.69.89:35193], old=null, confs=<EMPTY_MAP>
2019-11-15 23:39:46,901 [pool-203-thread-1] INFO  server.RaftServerConfigKeys (ConfUtils.java:logGet(43)) - raft.server.storage.dir = [/workdir/hadoop-ozone/integration-test/target/test-dir/MiniOzoneClusterImpl-33986320-1065-4a8e-9f2e-ea3716de2538/datanode-5/data/ratis] (custom)
2019-11-15 23:39:46,901 [pool-203-thread-1] INFO  server.RaftServerConfigKeys (ConfUtils.java:logGet(43)) - raft.server.log.corruption.policy = EXCEPTION (default)
2019-11-15 23:39:46,902 [pool-203-thread-1] INFO  storage.RaftStorageDirectory (RaftStorageDirectory.java:analyzeStorage(246)) - The storage directory /workdir/hadoop-ozone/integration-test/target/test-dir/MiniOzoneClusterImpl-33986320-1065-4a8e-9f2e-ea3716de2538/datanode-5/data/ratis/67326763-ce96-4138-a3c0-d4e1e2e35e07 does not exist. Creating ...
2019-11-15 23:39:46,917 [pool-203-thread-1] INFO  storage.RaftStorageDirectory (RaftStorageDirectory.java:tryLock(328)) - Lock on /workdir/hadoop-ozone/integration-test/target/test-dir/MiniOzoneClusterImpl-33986320-1065-4a8e-9f2e-ea3716de2538/datanode-5/data/ratis/67326763-ce96-4138-a3c0-d4e1e2e35e07/in_use.lock acquired by nodename 14981@pr-hdds-2501-jccjl-2716832651
2019-11-15 23:39:46,940 [pool-203-thread-1] INFO  storage.RaftStorage (RaftStorage.java:format(84)) - Storage directory /workdir/hadoop-ozone/integration-test/target/test-dir/MiniOzoneClusterImpl-33986320-1065-4a8e-9f2e-ea3716de2538/datanode-5/data/ratis/67326763-ce96-4138-a3c0-d4e1e2e35e07 has been successfully formatted.
2019-11-15 23:39:46,940 [pool-203-thread-1] INFO  ratis.ContainerStateMachine (ContainerStateMachine.java:loadSnapshot(223)) - group-D4E1E2E35E07: The snapshot info is null. Setting the last applied indexto:(t:0, i:~)
2019-11-15 23:39:46,940 [pool-203-thread-1] INFO  server.RaftServerConfigKeys (ConfUtils.java:logGet(43)) - raft.server.notification.no-leader.timeout = 120s (custom)
2019-11-15 23:39:46,941 [pool-203-thread-1] INFO  server.RaftServerConfigKeys (ConfUtils.java:logGet(43)) - raft.server.log.use.memory = false (default)
2019-11-15 23:39:46,941 [pool-203-thread-1] INFO  server.RaftServerConfigKeys (ConfUtils.java:logGet(43)) - raft.server.log.purge.gap = 1000000 (custom)
2019-11-15 23:39:46,941 [pool-203-thread-1] INFO  server.RaftServerConfigKeys (ConfUtils.java:logGet(43)) - raft.server.log.appender.buffer.byte-limit = 33554432 (custom)
2019-11-15 23:39:46,941 [pool-203-thread-1] INFO  server.RaftServerConfigKeys (ConfUtils.java:logGet(43)) - raft.server.log.segment.size.max = 1048576 (custom)
2019-11-15 23:39:46,941 [pool-203-thread-1] INFO  server.RaftServerConfigKeys (ConfUtils.java:logGet(43)) - raft.server.log.segment.cache.num.max = 2 (custom)
2019-11-15 23:39:46,941 [pool-203-thread-1] INFO  segmented.SegmentedRaftLogWorker (SegmentedRaftLogWorker.java:<init>(173)) - new 852bb6bc-fc53-4f9b-b145-e7434400ca8b@group-D4E1E2E35E07-SegmentedRaftLogWorker for RaftStorage:Storage Directory /workdir/hadoop-ozone/integration-test/target/test-dir/MiniOzoneClusterImpl-33986320-1065-4a8e-9f2e-ea3716de2538/datanode-5/data/ratis/67326763-ce96-4138-a3c0-d4e1e2e35e07
2019-11-15 23:39:46,941 [pool-203-thread-1] INFO  server.RaftServerConfigKeys (ConfUtils.java:logGet(43)) - raft.server.log.queue.byte-limit = 2147483647 (custom)
2019-11-15 23:39:46,941 [pool-203-thread-1] INFO  server.RaftServerConfigKeys (ConfUtils.java:logGet(43)) - raft.server.log.queue.element-limit = 1024 (custom)
2019-11-15 23:39:46,942 [pool-203-thread-1] INFO  server.RaftServerConfigKeys (ConfUtils.java:logGet(43)) - raft.server.log.segment.size.max = 1048576 (custom)
2019-11-15 23:39:46,942 [pool-203-thread-1] INFO  server.RaftServerConfigKeys (ConfUtils.java:logGet(43)) - raft.server.log.preallocated.size = 16384 (custom)
2019-11-15 23:39:46,942 [pool-203-thread-1] INFO  server.RaftServerConfigKeys (ConfUtils.java:logGet(43)) - raft.server.log.write.buffer.size = 33554432 (custom)
2019-11-15 23:39:46,942 [pool-203-thread-1] INFO  server.RaftServerConfigKeys (ConfUtils.java:logGet(43)) - raft.server.log.force.sync.num = 128 (default)
2019-11-15 23:39:46,942 [pool-203-thread-1] INFO  server.RaftServerConfigKeys (ConfUtils.java:logGet(43)) - raft.server.log.statemachine.data.sync = true (default)
2019-11-15 23:39:46,942 [pool-203-thread-1] INFO  server.RaftServerConfigKeys (ConfUtils.java:logGet(43)) - raft.server.log.statemachine.data.sync.timeout = 10s (default)
2019-11-15 23:39:46,942 [pool-203-thread-1] INFO  server.RaftServerConfigKeys (ConfUtils.java:logGet(43)) - raft.server.log.statemachine.data.sync.timeout.retry = -1 (default)
2019-11-15 23:39:46,942 [pool-203-thread-1] INFO  server.RaftServerConfigKeys (ConfUtils.java:logGet(43)) - raft.server.log.statemachine.data.caching.enabled = true (custom)
2019-11-15 23:39:46,952 [pool-203-thread-1] INFO  segmented.SegmentedRaftLogWorker (SegmentedRaftLogWorker.java:lambda$new$0(128)) - 852bb6bc-fc53-4f9b-b145-e7434400ca8b@group-D4E1E2E35E07-SegmentedRaftLogWorker: flushIndex: setUnconditionally 0 -> -1
2019-11-15 23:39:46,952 [pool-203-thread-1] INFO  server.RaftServerConfigKeys (ConfUtils.java:logGet(43)) - raft.server.snapshot.auto.trigger.enabled = true (custom)
2019-11-15 23:39:46,952 [pool-203-thread-1] INFO  server.RaftServerConfigKeys (ConfUtils.java:logGet(43)) - raft.server.snapshot.auto.trigger.threshold = 10000 (custom)
2019-11-15 23:39:46,952 [pool-203-thread-1] INFO  server.RaftServerConfigKeys (ConfUtils.java:logGet(43)) - raft.server.snapshot.retention.file.num = 5 (custom)
2019-11-15 23:39:46,953 [pool-203-thread-1] INFO  server.RaftServerConfigKeys (ConfUtils.java:logGet(43)) - raft.server.retrycache.expirytime = 600000ms (custom)
2019-11-15 23:39:46,953 [pool-203-thread-1] WARN  impl.MetricRegistriesImpl (MetricRegistriesImpl.java:lambda$create$1(61)) - First MetricRegistry has been created without registering reporters. You may need to call MetricRegistries.global().addReportRegistration(...) before.
2019-11-15 23:39:46,953 [pool-203-thread-1] WARN  impl.MetricRegistriesImpl (MetricRegistriesImpl.java:lambda$create$1(61)) - First MetricRegistry has been created without registering reporters. You may need to call MetricRegistries.global().addReportRegistration(...) before.
2019-11-15 23:39:46,953 [pool-203-thread-1] INFO  impl.RaftServerImpl (RaftServerImpl.java:start(184)) - 852bb6bc-fc53-4f9b-b145-e7434400ca8b@group-D4E1E2E35E07: start as a follower, conf=-1: [852bb6bc-fc53-4f9b-b145-e7434400ca8b:192.168.69.89:35193], old=null
2019-11-15 23:39:46,953 [pool-203-thread-1] INFO  impl.RaftServerImpl (RaftServerImpl.java:setRole(173)) - 852bb6bc-fc53-4f9b-b145-e7434400ca8b@group-D4E1E2E35E07: changes role from      null to FOLLOWER at term 0 for startAsFollower
2019-11-15 23:39:46,953 [pool-203-thread-1] INFO  impl.RoleInfo (RoleInfo.java:updateAndGet(143)) - 852bb6bc-fc53-4f9b-b145-e7434400ca8b: start FollowerState
2019-11-15 23:39:46,954 [pool-203-thread-1] INFO  util.JmxRegister (JmxRegister.java:tryRegister(44)) - Successfully registered JMX Bean with object name Ratis:service=RaftServer,group=group-D4E1E2E35E07,id=852bb6bc-fc53-4f9b-b145-e7434400ca8b
2019-11-15 23:39:46,954 [pool-203-thread-1] WARN  impl.MetricRegistriesImpl (MetricRegistriesImpl.java:lambda$create$1(61)) - First MetricRegistry has been created without registering reporters. You may need to call MetricRegistries.global().addReportRegistration(...) before.
2019-11-15 23:39:46,956 [RatisPipelineUtilsThread] INFO  pipeline.PipelineStateManager (PipelineStateManager.java:addPipeline(55)) - Created pipeline Pipeline[ Id: 67326763-ce96-4138-a3c0-d4e1e2e35e07, Nodes: 852bb6bc-fc53-4f9b-b145-e7434400ca8b{ip: 192.168.69.89, host: pr-hdds-2501-jccjl-2716832651, networkLocation: /default-rack, certSerialId: null}, Type:RATIS, Factor:ONE, State:ALLOCATED]
2019-11-15 23:39:46,957 [Thread-1618] INFO  pipeline.PipelineStateManager (PipelineStateManager.java:finalizePipeline(121)) - Pipeline Pipeline[ Id: d23b4505-6b21-4e5a-8d97-b54e8b7e8167, Nodes: 44c1a031-22df-4fb3-be71-2a7e67cf760d{ip: 192.168.69.89, host: pr-hdds-2501-jccjl-2716832651, networkLocation: /default-rack, certSerialId: null}4b590edd-7cfe-4917-88ed-6329a2b55bbe{ip: 192.168.69.89, host: pr-hdds-2501-jccjl-2716832651, networkLocation: /default-rack, certSerialId: null}852bb6bc-fc53-4f9b-b145-e7434400ca8b{ip: 192.168.69.89, host: pr-hdds-2501-jccjl-2716832651, networkLocation: /default-rack, certSerialId: null}, Type:RATIS, Factor:THREE, State:CLOSED] moved to CLOSED state
2019-11-15 23:39:46,958 [EventQueue-CloseContainerForCloseContainerEventHandler] INFO  container.CloseContainerEventHandler (CloseContainerEventHandler.java:onMessage(61)) - Close container Event triggered for container : #1
2019-11-15 23:39:46,961 [grpc-default-executor-0] INFO  impl.RaftServerProxy (RaftServerProxy.java:remove(95)) - 44c1a031-22df-4fb3-be71-2a7e67cf760d: remove    LEADER 44c1a031-22df-4fb3-be71-2a7e67cf760d@group-B54E8B7E8167:t1, leader=44c1a031-22df-4fb3-be71-2a7e67cf760d, voted=44c1a031-22df-4fb3-be71-2a7e67cf760d, raftlog=44c1a031-22df-4fb3-be71-2a7e67cf760d@group-B54E8B7E8167-SegmentedRaftLog:OPENED:c8,f8,i8, conf=0: [44c1a031-22df-4fb3-be71-2a7e67cf760d:192.168.69.89:40732, 852bb6bc-fc53-4f9b-b145-e7434400ca8b:192.168.69.89:35193, 4b590edd-7cfe-4917-88ed-6329a2b55bbe:192.168.69.89:40974], old=null RUNNING
2019-11-15 23:39:46,963 [grpc-default-executor-0] INFO  impl.RaftServerImpl (RaftServerImpl.java:lambda$shutdown$3(250)) - 44c1a031-22df-4fb3-be71-2a7e67cf760d@group-B54E8B7E8167: shutdown
2019-11-15 23:39:46,964 [grpc-default-executor-0] INFO  util.JmxRegister (JmxRegister.java:unregister(73)) - Successfully un-registered JMX Bean with object name Ratis:service=RaftServer,group=group-B54E8B7E8167,id=44c1a031-22df-4fb3-be71-2a7e67cf760d
2019-11-15 23:39:46,964 [grpc-default-executor-0] INFO  impl.RoleInfo (RoleInfo.java:shutdownLeaderState(104)) - 44c1a031-22df-4fb3-be71-2a7e67cf760d: shutdown LeaderState
2019-11-15 23:39:46,967 [grpc-default-executor-0] INFO  impl.PendingRequests (PendingRequests.java:sendNotLeaderResponses(206)) - 44c1a031-22df-4fb3-be71-2a7e67cf760d@group-B54E8B7E8167-PendingRequests: sendNotLeaderResponses
2019-11-15 23:39:46,967 [org.apache.ratis.server.impl.LogAppender$AppenderDaemon$$Lambda$457/1762899165@49055aa5] WARN  server.GrpcLogAppender (GrpcLogAppender.java:mayWait(151)) - 44c1a031-22df-4fb3-be71-2a7e67cf760d@group-B54E8B7E8167->852bb6bc-fc53-4f9b-b145-e7434400ca8b-GrpcLogAppender: Wait interrupted by java.lang.InterruptedException
2019-11-15 23:39:46,967 [org.apache.ratis.server.impl.LogAppender$AppenderDaemon$$Lambda$457/1762899165@c07dde1] WARN  server.GrpcLogAppender (GrpcLogAppender.java:mayWait(151)) - 44c1a031-22df-4fb3-be71-2a7e67cf760d@group-B54E8B7E8167->4b590edd-7cfe-4917-88ed-6329a2b55bbe-GrpcLogAppender: Wait interrupted by java.lang.InterruptedException
2019-11-15 23:39:46,981 [grpc-default-executor-5] INFO  server.GrpcServerProtocolService (GrpcServerProtocolService.java:onCompleted(113)) - 852bb6bc-fc53-4f9b-b145-e7434400ca8b: Completed APPEND_ENTRIES, lastRequest: 44c1a031-22df-4fb3-be71-2a7e67cf760d->852bb6bc-fc53-4f9b-b145-e7434400ca8b#10-t1, previous=(t:1, i:7), leaderCommit=4, initializing? false, entries: size=1, first=(t:1, i:8), METADATAENTRY(c4)
2019-11-15 23:39:46,981 [grpc-default-executor-3] INFO  server.GrpcServerProtocolService (GrpcServerProtocolService.java:onCompleted(113)) - 4b590edd-7cfe-4917-88ed-6329a2b55bbe: Completed APPEND_ENTRIES, lastRequest: 44c1a031-22df-4fb3-be71-2a7e67cf760d->4b590edd-7cfe-4917-88ed-6329a2b55bbe#10-t1, previous=(t:1, i:7), leaderCommit=4, initializing? false, entries: size=1, first=(t:1, i:8), METADATAENTRY(c4)
2019-11-15 23:39:46,982 [grpc-default-executor-0] INFO  impl.StateMachineUpdater (StateMachineUpdater.java:stopAndJoin(136)) - 44c1a031-22df-4fb3-be71-2a7e67cf760d@group-B54E8B7E8167-StateMachineUpdater: set stopIndex = 8
2019-11-15 23:39:46,982 [grpc-default-executor-2] INFO  server.GrpcLogAppender (GrpcLogAppender.java:onCompleted(308)) - 44c1a031-22df-4fb3-be71-2a7e67cf760d@group-B54E8B7E8167->852bb6bc-fc53-4f9b-b145-e7434400ca8b-AppendLogResponseHandler: follower responses appendEntries COMPLETED
2019-11-15 23:39:46,982 [44c1a031-22df-4fb3-be71-2a7e67cf760d@group-B54E8B7E8167-StateMachineUpdater] INFO  ratis.ContainerStateMachine (ContainerStateMachine.java:takeSnapshot(285)) - group-B54E8B7E8167: Taking a snapshot at:(t:1, i:1) file /workdir/hadoop-ozone/integration-test/target/test-dir/MiniOzoneClusterImpl-33986320-1065-4a8e-9f2e-ea3716de2538/datanode-4/data/ratis/d23b4505-6b21-4e5a-8d97-b54e8b7e8167/sm/snapshot.1_1
2019-11-15 23:39:46,982 [grpc-default-executor-3] INFO  server.GrpcLogAppender (GrpcLogAppender.java:onCompleted(308)) - 44c1a031-22df-4fb3-be71-2a7e67cf760d@group-B54E8B7E8167->4b590edd-7cfe-4917-88ed-6329a2b55bbe-AppendLogResponseHandler: follower responses appendEntries COMPLETED
2019-11-15 23:39:46,983 [grpc-default-executor-2] INFO  impl.FollowerInfo (FollowerInfo.java:lambda$new$0(51)) - 44c1a031-22df-4fb3-be71-2a7e67cf760d@group-B54E8B7E8167->852bb6bc-fc53-4f9b-b145-e7434400ca8b: nextIndex: updateUnconditionally 9 -> 8
2019-11-15 23:39:46,983 [grpc-default-executor-3] INFO  impl.FollowerInfo (FollowerInfo.java:lambda$new$0(51)) - 44c1a031-22df-4fb3-be71-2a7e67cf760d@group-B54E8B7E8167->4b590edd-7cfe-4917-88ed-6329a2b55bbe: nextIndex: updateUnconditionally 9 -> 8
2019-11-15 23:39:46,997 [44c1a031-22df-4fb3-be71-2a7e67cf760d@group-B54E8B7E8167-StateMachineUpdater] INFO  ratis.ContainerStateMachine (ContainerStateMachine.java:takeSnapshot(296)) - group-B54E8B7E8167: Finished taking a snapshot at:(t:1, i:1) file:/workdir/hadoop-ozone/integration-test/target/test-dir/MiniOzoneClusterImpl-33986320-1065-4a8e-9f2e-ea3716de2538/datanode-4/data/ratis/d23b4505-6b21-4e5a-8d97-b54e8b7e8167/sm/snapshot.1_1 time:16
2019-11-15 23:39:46,997 [44c1a031-22df-4fb3-be71-2a7e67cf760d@group-B54E8B7E8167-StateMachineUpdater] INFO  impl.StateMachineUpdater (StateMachineUpdater.java:takeSnapshot(269)) - 44c1a031-22df-4fb3-be71-2a7e67cf760d@group-B54E8B7E8167-StateMachineUpdater: Took a snapshot at index 1
2019-11-15 23:39:46,998 [44c1a031-22df-4fb3-be71-2a7e67cf760d@group-B54E8B7E8167-StateMachineUpdater] INFO  impl.StateMachineUpdater (StateMachineUpdater.java:lambda$new$0(84)) - 44c1a031-22df-4fb3-be71-2a7e67cf760d@group-B54E8B7E8167-StateMachineUpdater: snapshotIndex: updateIncreasingly -1 -> 1
2019-11-15 23:39:46,998 [44c1a031-22df-4fb3-be71-2a7e67cf760d@group-B54E8B7E8167-StateMachineUpdater] INFO  ratis.ContainerStateMachine (ContainerStateMachine.java:takeSnapshot(285)) - group-B54E8B7E8167: Taking a snapshot at:(t:1, i:3) file /workdir/hadoop-ozone/integration-test/target/test-dir/MiniOzoneClusterImpl-33986320-1065-4a8e-9f2e-ea3716de2538/datanode-4/data/ratis/d23b4505-6b21-4e5a-8d97-b54e8b7e8167/sm/snapshot.1_3
2019-11-15 23:39:47,021 [44c1a031-22df-4fb3-be71-2a7e67cf760d@group-B54E8B7E8167-StateMachineUpdater] INFO  ratis.ContainerStateMachine (ContainerStateMachine.java:takeSnapshot(296)) - group-B54E8B7E8167: Finished taking a snapshot at:(t:1, i:3) file:/workdir/hadoop-ozone/integration-test/target/test-dir/MiniOzoneClusterImpl-33986320-1065-4a8e-9f2e-ea3716de2538/datanode-4/data/ratis/d23b4505-6b21-4e5a-8d97-b54e8b7e8167/sm/snapshot.1_3 time:23
2019-11-15 23:39:47,021 [44c1a031-22df-4fb3-be71-2a7e67cf760d@group-B54E8B7E8167-StateMachineUpdater] INFO  impl.StateMachineUpdater (StateMachineUpdater.java:takeSnapshot(269)) - 44c1a031-22df-4fb3-be71-2a7e67cf760d@group-B54E8B7E8167-StateMachineUpdater: Took a snapshot at index 3
2019-11-15 23:39:47,022 [44c1a031-22df-4fb3-be71-2a7e67cf760d@group-B54E8B7E8167-StateMachineUpdater] INFO  impl.StateMachineUpdater (StateMachineUpdater.java:lambda$new$0(84)) - 44c1a031-22df-4fb3-be71-2a7e67cf760d@group-B54E8B7E8167-StateMachineUpdater: snapshotIndex: updateIncreasingly 1 -> 3
2019-11-15 23:39:47,022 [grpc-default-executor-0] INFO  impl.RaftServerImpl (ServerState.java:close(387)) - 44c1a031-22df-4fb3-be71-2a7e67cf760d@group-B54E8B7E8167: closes. applyIndex: 8
2019-11-15 23:39:47,022 [44c1a031-22df-4fb3-be71-2a7e67cf760d@group-B54E8B7E8167-SegmentedRaftLogWorker] INFO  segmented.SegmentedRaftLogWorker (SegmentedRaftLogWorker.java:run(316)) - 44c1a031-22df-4fb3-be71-2a7e67cf760d@group-B54E8B7E8167-SegmentedRaftLogWorker was interrupted, exiting. There are 0 tasks remaining in the queue.
2019-11-15 23:39:47,042 [grpc-default-executor-0] INFO  segmented.SegmentedRaftLogWorker (SegmentedRaftLogWorker.java:close(224)) - 44c1a031-22df-4fb3-be71-2a7e67cf760d@group-B54E8B7E8167-SegmentedRaftLogWorker close()
2019-11-15 23:39:47,158 [grpc-default-executor-0] INFO  interfaces.Container (KeyValueContainer.java:flushAndSyncDB(400)) - Container 1 is synced with bcsId 4.
2019-11-15 23:39:47,158 [grpc-default-executor-0] INFO  interfaces.Container (KeyValueContainer.java:flushAndSyncDB(400)) - Container 1 is synced with bcsId 4.
2019-11-15 23:39:47,185 [EventQueue-IncrementalContainerReportForIncrementalContainerReportHandler] INFO  container.IncrementalContainerReportHandler (AbstractContainerReportHandler.java:updateContainerState(171)) - Moving container #1 to QUASI_CLOSED state, datanode 44c1a031-22df-4fb3-be71-2a7e67cf760d{ip: 192.168.69.89, host: pr-hdds-2501-jccjl-2716832651, networkLocation: /default-rack, certSerialId: null} reported QUASI_CLOSED replica.
2019-11-15 23:39:47,192 [grpc-default-executor-0] INFO  impl.RaftServerProxy (RaftServerProxy.java:remove(95)) - 4b590edd-7cfe-4917-88ed-6329a2b55bbe: remove  FOLLOWER 4b590edd-7cfe-4917-88ed-6329a2b55bbe@group-B54E8B7E8167:t1, leader=44c1a031-22df-4fb3-be71-2a7e67cf760d, voted=44c1a031-22df-4fb3-be71-2a7e67cf760d, raftlog=4b590edd-7cfe-4917-88ed-6329a2b55bbe@group-B54E8B7E8167-SegmentedRaftLog:OPENED:c4,f8,i8, conf=0: [44c1a031-22df-4fb3-be71-2a7e67cf760d:192.168.69.89:40732, 852bb6bc-fc53-4f9b-b145-e7434400ca8b:192.168.69.89:35193, 4b590edd-7cfe-4917-88ed-6329a2b55bbe:192.168.69.89:40974], old=null RUNNING
2019-11-15 23:39:47,192 [grpc-default-executor-0] INFO  impl.RaftServerImpl (RaftServerImpl.java:lambda$shutdown$3(250)) - 4b590edd-7cfe-4917-88ed-6329a2b55bbe@group-B54E8B7E8167: shutdown
2019-11-15 23:39:47,192 [grpc-default-executor-0] INFO  util.JmxRegister (JmxRegister.java:unregister(73)) - Successfully un-registered JMX Bean with object name Ratis:service=RaftServer,group=group-B54E8B7E8167,id=4b590edd-7cfe-4917-88ed-6329a2b55bbe
2019-11-15 23:39:47,193 [grpc-default-executor-0] INFO  impl.RoleInfo (RoleInfo.java:shutdownFollowerState(121)) - 4b590edd-7cfe-4917-88ed-6329a2b55bbe: shutdown FollowerState
2019-11-15 23:39:47,193 [grpc-default-executor-0] INFO  impl.StateMachineUpdater (StateMachineUpdater.java:stopAndJoin(136)) - 4b590edd-7cfe-4917-88ed-6329a2b55bbe@group-B54E8B7E8167-StateMachineUpdater: set stopIndex = 4
2019-11-15 23:39:47,193 [4b590edd-7cfe-4917-88ed-6329a2b55bbe@group-B54E8B7E8167-StateMachineUpdater] INFO  ratis.ContainerStateMachine (ContainerStateMachine.java:takeSnapshot(285)) - group-B54E8B7E8167: Taking a snapshot at:(t:1, i:4) file /workdir/hadoop-ozone/integration-test/target/test-dir/MiniOzoneClusterImpl-33986320-1065-4a8e-9f2e-ea3716de2538/datanode-3/data/ratis/d23b4505-6b21-4e5a-8d97-b54e8b7e8167/sm/snapshot.1_4
2019-11-15 23:39:47,193 [Thread-1683] INFO  impl.FollowerState (FollowerState.java:run(120)) - 4b590edd-7cfe-4917-88ed-6329a2b55bbe@group-B54E8B7E8167-FollowerState was interrupted: java.lang.InterruptedException: sleep interrupted
2019-11-15 23:39:47,209 [4b590edd-7cfe-4917-88ed-6329a2b55bbe@group-B54E8B7E8167-StateMachineUpdater] INFO  ratis.ContainerStateMachine (ContainerStateMachine.java:takeSnapshot(296)) - group-B54E8B7E8167: Finished taking a snapshot at:(t:1, i:4) file:/workdir/hadoop-ozone/integration-test/target/test-dir/MiniOzoneClusterImpl-33986320-1065-4a8e-9f2e-ea3716de2538/datanode-3/data/ratis/d23b4505-6b21-4e5a-8d97-b54e8b7e8167/sm/snapshot.1_4 time:16
2019-11-15 23:39:47,209 [4b590edd-7cfe-4917-88ed-6329a2b55bbe@group-B54E8B7E8167-StateMachineUpdater] INFO  impl.StateMachineUpdater (StateMachineUpdater.java:takeSnapshot(269)) - 4b590edd-7cfe-4917-88ed-6329a2b55bbe@group-B54E8B7E8167-StateMachineUpdater: Took a snapshot at index 4
2019-11-15 23:39:47,209 [4b590edd-7cfe-4917-88ed-6329a2b55bbe@group-B54E8B7E8167-StateMachineUpdater] INFO  impl.StateMachineUpdater (StateMachineUpdater.java:lambda$new$0(84)) - 4b590edd-7cfe-4917-88ed-6329a2b55bbe@group-B54E8B7E8167-StateMachineUpdater: snapshotIndex: updateIncreasingly -1 -> 4
2019-11-15 23:39:47,210 [grpc-default-executor-0] INFO  impl.RaftServerImpl (ServerState.java:close(387)) - 4b590edd-7cfe-4917-88ed-6329a2b55bbe@group-B54E8B7E8167: closes. applyIndex: 4
2019-11-15 23:39:47,210 [4b590edd-7cfe-4917-88ed-6329a2b55bbe@group-B54E8B7E8167-SegmentedRaftLogWorker] INFO  segmented.SegmentedRaftLogWorker (SegmentedRaftLogWorker.java:run(316)) - 4b590edd-7cfe-4917-88ed-6329a2b55bbe@group-B54E8B7E8167-SegmentedRaftLogWorker was interrupted, exiting. There are 0 tasks remaining in the queue.
2019-11-15 23:39:47,210 [grpc-default-executor-0] INFO  segmented.SegmentedRaftLogWorker (SegmentedRaftLogWorker.java:close(224)) - 4b590edd-7cfe-4917-88ed-6329a2b55bbe@group-B54E8B7E8167-SegmentedRaftLogWorker close()
2019-11-15 23:39:47,252 [grpc-default-executor-0] INFO  interfaces.Container (KeyValueContainer.java:flushAndSyncDB(400)) - Container 1 is synced with bcsId 4.
2019-11-15 23:39:47,252 [grpc-default-executor-0] INFO  interfaces.Container (KeyValueContainer.java:flushAndSyncDB(400)) - Container 1 is synced with bcsId 4.
2019-11-15 23:39:47,282 [grpc-default-executor-0] INFO  impl.RaftServerProxy (RaftServerProxy.java:remove(95)) - 852bb6bc-fc53-4f9b-b145-e7434400ca8b: remove  FOLLOWER 852bb6bc-fc53-4f9b-b145-e7434400ca8b@group-B54E8B7E8167:t1, leader=44c1a031-22df-4fb3-be71-2a7e67cf760d, voted=44c1a031-22df-4fb3-be71-2a7e67cf760d, raftlog=852bb6bc-fc53-4f9b-b145-e7434400ca8b@group-B54E8B7E8167-SegmentedRaftLog:OPENED:c4,f8,i8, conf=0: [44c1a031-22df-4fb3-be71-2a7e67cf760d:192.168.69.89:40732, 852bb6bc-fc53-4f9b-b145-e7434400ca8b:192.168.69.89:35193, 4b590edd-7cfe-4917-88ed-6329a2b55bbe:192.168.69.89:40974], old=null RUNNING
2019-11-15 23:39:47,282 [grpc-default-executor-0] INFO  impl.RaftServerImpl (RaftServerImpl.java:lambda$shutdown$3(250)) - 852bb6bc-fc53-4f9b-b145-e7434400ca8b@group-B54E8B7E8167: shutdown
2019-11-15 23:39:47,282 [grpc-default-executor-0] INFO  util.JmxRegister (JmxRegister.java:unregister(73)) - Successfully un-registered JMX Bean with object name Ratis:service=RaftServer,group=group-B54E8B7E8167,id=852bb6bc-fc53-4f9b-b145-e7434400ca8b
2019-11-15 23:39:47,282 [grpc-default-executor-0] INFO  impl.RoleInfo (RoleInfo.java:shutdownFollowerState(121)) - 852bb6bc-fc53-4f9b-b145-e7434400ca8b: shutdown FollowerState
2019-11-15 23:39:47,283 [grpc-default-executor-0] INFO  impl.StateMachineUpdater (StateMachineUpdater.java:stopAndJoin(136)) - 852bb6bc-fc53-4f9b-b145-e7434400ca8b@group-B54E8B7E8167-StateMachineUpdater: set stopIndex = 4
2019-11-15 23:39:47,283 [852bb6bc-fc53-4f9b-b145-e7434400ca8b@group-B54E8B7E8167-StateMachineUpdater] INFO  ratis.ContainerStateMachine (ContainerStateMachine.java:takeSnapshot(285)) - group-B54E8B7E8167: Taking a snapshot at:(t:1, i:4) file /workdir/hadoop-ozone/integration-test/target/test-dir/MiniOzoneClusterImpl-33986320-1065-4a8e-9f2e-ea3716de2538/datanode-5/data/ratis/d23b4505-6b21-4e5a-8d97-b54e8b7e8167/sm/snapshot.1_4
2019-11-15 23:39:47,283 [Thread-1684] INFO  impl.FollowerState (FollowerState.java:run(120)) - 852bb6bc-fc53-4f9b-b145-e7434400ca8b@group-B54E8B7E8167-FollowerState was interrupted: java.lang.InterruptedException: sleep interrupted
2019-11-15 23:39:47,298 [852bb6bc-fc53-4f9b-b145-e7434400ca8b@group-B54E8B7E8167-StateMachineUpdater] INFO  ratis.ContainerStateMachine (ContainerStateMachine.java:takeSnapshot(296)) - group-B54E8B7E8167: Finished taking a snapshot at:(t:1, i:4) file:/workdir/hadoop-ozone/integration-test/target/test-dir/MiniOzoneClusterImpl-33986320-1065-4a8e-9f2e-ea3716de2538/datanode-5/data/ratis/d23b4505-6b21-4e5a-8d97-b54e8b7e8167/sm/snapshot.1_4 time:16
2019-11-15 23:39:47,298 [852bb6bc-fc53-4f9b-b145-e7434400ca8b@group-B54E8B7E8167-StateMachineUpdater] INFO  impl.StateMachineUpdater (StateMachineUpdater.java:takeSnapshot(269)) - 852bb6bc-fc53-4f9b-b145-e7434400ca8b@group-B54E8B7E8167-StateMachineUpdater: Took a snapshot at index 4
2019-11-15 23:39:47,299 [852bb6bc-fc53-4f9b-b145-e7434400ca8b@group-B54E8B7E8167-StateMachineUpdater] INFO  impl.StateMachineUpdater (StateMachineUpdater.java:lambda$new$0(84)) - 852bb6bc-fc53-4f9b-b145-e7434400ca8b@group-B54E8B7E8167-StateMachineUpdater: snapshotIndex: updateIncreasingly -1 -> 4
2019-11-15 23:39:47,299 [grpc-default-executor-0] INFO  impl.RaftServerImpl (ServerState.java:close(387)) - 852bb6bc-fc53-4f9b-b145-e7434400ca8b@group-B54E8B7E8167: closes. applyIndex: 4
2019-11-15 23:39:47,299 [852bb6bc-fc53-4f9b-b145-e7434400ca8b@group-B54E8B7E8167-SegmentedRaftLogWorker] INFO  segmented.SegmentedRaftLogWorker (SegmentedRaftLogWorker.java:run(316)) - 852bb6bc-fc53-4f9b-b145-e7434400ca8b@group-B54E8B7E8167-SegmentedRaftLogWorker was interrupted, exiting. There are 0 tasks remaining in the queue.
2019-11-15 23:39:47,299 [grpc-default-executor-0] INFO  segmented.SegmentedRaftLogWorker (SegmentedRaftLogWorker.java:close(224)) - 852bb6bc-fc53-4f9b-b145-e7434400ca8b@group-B54E8B7E8167-SegmentedRaftLogWorker close()
2019-11-15 23:39:47,378 [grpc-default-executor-0] INFO  interfaces.Container (KeyValueContainer.java:flushAndSyncDB(400)) - Container 1 is synced with bcsId 4.
2019-11-15 23:39:47,378 [grpc-default-executor-0] INFO  interfaces.Container (KeyValueContainer.java:flushAndSyncDB(400)) - Container 1 is synced with bcsId 4.
2019-11-15 23:39:47,406 [Thread-1618] INFO  pipeline.PipelineStateManager (PipelineStateManager.java:removePipeline(106)) - Pipeline Pipeline[ Id: d23b4505-6b21-4e5a-8d97-b54e8b7e8167, Nodes: 44c1a031-22df-4fb3-be71-2a7e67cf760d{ip: 192.168.69.89, host: pr-hdds-2501-jccjl-2716832651, networkLocation: /default-rack, certSerialId: null}4b590edd-7cfe-4917-88ed-6329a2b55bbe{ip: 192.168.69.89, host: pr-hdds-2501-jccjl-2716832651, networkLocation: /default-rack, certSerialId: null}852bb6bc-fc53-4f9b-b145-e7434400ca8b{ip: 192.168.69.89, host: pr-hdds-2501-jccjl-2716832651, networkLocation: /default-rack, certSerialId: null}, Type:RATIS, Factor:THREE, State:CLOSED] removed from db
2019-11-15 23:39:47,407 [Thread-1618] INFO  pipeline.SCMPipelineManager (SCMPipelineManager.java:finalizeAndDestroyPipeline(315)) - destroying pipeline:Pipeline[ Id: 5eaa48f6-dccb-4eb3-b07c-48ada4ef1f23, Nodes: 4b590edd-7cfe-4917-88ed-6329a2b55bbe{ip: 192.168.69.89, host: pr-hdds-2501-jccjl-2716832651, networkLocation: /default-rack, certSerialId: null}, Type:RATIS, Factor:ONE, State:OPEN]
2019-11-15 23:39:47,416 [grpc-default-executor-0] INFO  impl.RaftServerProxy (RaftServerProxy.java:addNew(89)) - 44c1a031-22df-4fb3-be71-2a7e67cf760d: addNew group-94433D77B95D:[44c1a031-22df-4fb3-be71-2a7e67cf760d:192.168.69.89:40732, 852bb6bc-fc53-4f9b-b145-e7434400ca8b:192.168.69.89:35193, 4b590edd-7cfe-4917-88ed-6329a2b55bbe:192.168.69.89:40974] returns group-94433D77B95D:java.util.concurrent.CompletableFuture@158f0c62[Not completed]
2019-11-15 23:39:47,418 [grpc-default-executor-5] INFO  impl.RaftServerProxy (RaftServerProxy.java:addNew(89)) - 852bb6bc-fc53-4f9b-b145-e7434400ca8b: addNew group-94433D77B95D:[44c1a031-22df-4fb3-be71-2a7e67cf760d:192.168.69.89:40732, 852bb6bc-fc53-4f9b-b145-e7434400ca8b:192.168.69.89:35193, 4b590edd-7cfe-4917-88ed-6329a2b55bbe:192.168.69.89:40974] returns group-94433D77B95D:java.util.concurrent.CompletableFuture@78add105[Not completed]
2019-11-15 23:39:47,418 [grpc-default-executor-3] INFO  impl.RaftServerProxy (RaftServerProxy.java:addNew(89)) - 4b590edd-7cfe-4917-88ed-6329a2b55bbe: addNew group-94433D77B95D:[44c1a031-22df-4fb3-be71-2a7e67cf760d:192.168.69.89:40732, 852bb6bc-fc53-4f9b-b145-e7434400ca8b:192.168.69.89:35193, 4b590edd-7cfe-4917-88ed-6329a2b55bbe:192.168.69.89:40974] returns group-94433D77B95D:java.util.concurrent.CompletableFuture@5bd9c18d[Not completed]
2019-11-15 23:39:47,418 [pool-193-thread-1] INFO  impl.RaftServerImpl (RaftServerImpl.java:<init>(98)) - 44c1a031-22df-4fb3-be71-2a7e67cf760d: new RaftServerImpl for group-94433D77B95D:[44c1a031-22df-4fb3-be71-2a7e67cf760d:192.168.69.89:40732, 852bb6bc-fc53-4f9b-b145-e7434400ca8b:192.168.69.89:35193, 4b590edd-7cfe-4917-88ed-6329a2b55bbe:192.168.69.89:40974] with ContainerStateMachine:uninitialized
2019-11-15 23:39:47,419 [pool-193-thread-1] INFO  server.RaftServerConfigKeys (ConfUtils.java:logGet(43)) - raft.server.rpc.timeout.min = 1s (custom)
2019-11-15 23:39:47,419 [pool-193-thread-1] INFO  server.RaftServerConfigKeys (ConfUtils.java:logGet(43)) - raft.server.rpc.timeout.max = 1200ms (custom)
2019-11-15 23:39:47,419 [pool-193-thread-1] INFO  server.RaftServerConfigKeys (ConfUtils.java:logGet(43)) - raft.server.rpcslowness.timeout = 120s (custom)
2019-11-15 23:39:47,419 [pool-193-thread-1] INFO  server.RaftServerConfigKeys (ConfUtils.java:logGet(43)) - raft.server.sleep.deviation.threshold = 300 (default)
2019-11-15 23:39:47,419 [pool-193-thread-1] INFO  server.RaftServerConfigKeys (ConfUtils.java:logGet(43)) - raft.server.log.appender.install.snapshot.enabled = false (custom)
2019-11-15 23:39:47,419 [pool-203-thread-1] INFO  impl.RaftServerImpl (RaftServerImpl.java:<init>(98)) - 852bb6bc-fc53-4f9b-b145-e7434400ca8b: new RaftServerImpl for group-94433D77B95D:[44c1a031-22df-4fb3-be71-2a7e67cf760d:192.168.69.89:40732, 852bb6bc-fc53-4f9b-b145-e7434400ca8b:192.168.69.89:35193, 4b590edd-7cfe-4917-88ed-6329a2b55bbe:192.168.69.89:40974] with ContainerStateMachine:uninitialized
2019-11-15 23:39:47,419 [pool-193-thread-1] INFO  impl.RaftServerImpl (ServerState.java:<init>(103)) - 44c1a031-22df-4fb3-be71-2a7e67cf760d@group-94433D77B95D: ConfigurationManager, init=-1: [44c1a031-22df-4fb3-be71-2a7e67cf760d:192.168.69.89:40732, 852bb6bc-fc53-4f9b-b145-e7434400ca8b:192.168.69.89:35193, 4b590edd-7cfe-4917-88ed-6329a2b55bbe:192.168.69.89:40974], old=null, confs=<EMPTY_MAP>
2019-11-15 23:39:47,419 [pool-203-thread-1] INFO  server.RaftServerConfigKeys (ConfUtils.java:logGet(43)) - raft.server.rpc.timeout.min = 1s (custom)
2019-11-15 23:39:47,419 [pool-193-thread-1] INFO  server.RaftServerConfigKeys (ConfUtils.java:logGet(43)) - raft.server.storage.dir = [/workdir/hadoop-ozone/integration-test/target/test-dir/MiniOzoneClusterImpl-33986320-1065-4a8e-9f2e-ea3716de2538/datanode-4/data/ratis] (custom)
2019-11-15 23:39:47,419 [pool-203-thread-1] INFO  server.RaftServerConfigKeys (ConfUtils.java:logGet(43)) - raft.server.rpc.timeout.max = 1200ms (custom)
2019-11-15 23:39:47,419 [pool-203-thread-1] INFO  server.RaftServerConfigKeys (ConfUtils.java:logGet(43)) - raft.server.rpcslowness.timeout = 120s (custom)
2019-11-15 23:39:47,420 [pool-183-thread-1] INFO  impl.RaftServerImpl (RaftServerImpl.java:<init>(98)) - 4b590edd-7cfe-4917-88ed-6329a2b55bbe: new RaftServerImpl for group-94433D77B95D:[44c1a031-22df-4fb3-be71-2a7e67cf760d:192.168.69.89:40732, 852bb6bc-fc53-4f9b-b145-e7434400ca8b:192.168.69.89:35193, 4b590edd-7cfe-4917-88ed-6329a2b55bbe:192.168.69.89:40974] with ContainerStateMachine:uninitialized
2019-11-15 23:39:47,420 [pool-193-thread-1] INFO  server.RaftServerConfigKeys (ConfUtils.java:logGet(43)) - raft.server.log.corruption.policy = EXCEPTION (default)
2019-11-15 23:39:47,420 [pool-183-thread-1] INFO  server.RaftServerConfigKeys (ConfUtils.java:logGet(43)) - raft.server.rpc.timeout.min = 1s (custom)
2019-11-15 23:39:47,420 [pool-203-thread-1] INFO  server.RaftServerConfigKeys (ConfUtils.java:logGet(43)) - raft.server.sleep.deviation.threshold = 300 (default)
2019-11-15 23:39:47,420 [pool-183-thread-1] INFO  server.RaftServerConfigKeys (ConfUtils.java:logGet(43)) - raft.server.rpc.timeout.max = 1200ms (custom)
2019-11-15 23:39:47,420 [pool-193-thread-1] INFO  storage.RaftStorageDirectory (RaftStorageDirectory.java:analyzeStorage(246)) - The storage directory /workdir/hadoop-ozone/integration-test/target/test-dir/MiniOzoneClusterImpl-33986320-1065-4a8e-9f2e-ea3716de2538/datanode-4/data/ratis/a3cfd715-b77e-4101-a067-94433d77b95d does not exist. Creating ...
2019-11-15 23:39:47,420 [pool-183-thread-1] INFO  server.RaftServerConfigKeys (ConfUtils.java:logGet(43)) - raft.server.rpcslowness.timeout = 120s (custom)
2019-11-15 23:39:47,420 [pool-203-thread-1] INFO  server.RaftServerConfigKeys (ConfUtils.java:logGet(43)) - raft.server.log.appender.install.snapshot.enabled = false (custom)
2019-11-15 23:39:47,420 [pool-183-thread-1] INFO  server.RaftServerConfigKeys (ConfUtils.java:logGet(43)) - raft.server.sleep.deviation.threshold = 300 (default)
2019-11-15 23:39:47,420 [pool-203-thread-1] INFO  impl.RaftServerImpl (ServerState.java:<init>(103)) - 852bb6bc-fc53-4f9b-b145-e7434400ca8b@group-94433D77B95D: ConfigurationManager, init=-1: [44c1a031-22df-4fb3-be71-2a7e67cf760d:192.168.69.89:40732, 852bb6bc-fc53-4f9b-b145-e7434400ca8b:192.168.69.89:35193, 4b590edd-7cfe-4917-88ed-6329a2b55bbe:192.168.69.89:40974], old=null, confs=<EMPTY_MAP>
2019-11-15 23:39:47,420 [pool-183-thread-1] INFO  server.RaftServerConfigKeys (ConfUtils.java:logGet(43)) - raft.server.log.appender.install.snapshot.enabled = false (custom)
2019-11-15 23:39:47,421 [pool-203-thread-1] INFO  server.RaftServerConfigKeys (ConfUtils.java:logGet(43)) - raft.server.storage.dir = [/workdir/hadoop-ozone/integration-test/target/test-dir/MiniOzoneClusterImpl-33986320-1065-4a8e-9f2e-ea3716de2538/datanode-5/data/ratis] (custom)
2019-11-15 23:39:47,421 [pool-183-thread-1] INFO  impl.RaftServerImpl (ServerState.java:<init>(103)) - 4b590edd-7cfe-4917-88ed-6329a2b55bbe@group-94433D77B95D: ConfigurationManager, init=-1: [44c1a031-22df-4fb3-be71-2a7e67cf760d:192.168.69.89:40732, 852bb6bc-fc53-4f9b-b145-e7434400ca8b:192.168.69.89:35193, 4b590edd-7cfe-4917-88ed-6329a2b55bbe:192.168.69.89:40974], old=null, confs=<EMPTY_MAP>
2019-11-15 23:39:47,421 [pool-203-thread-1] INFO  server.RaftServerConfigKeys (ConfUtils.java:logGet(43)) - raft.server.log.corruption.policy = EXCEPTION (default)
2019-11-15 23:39:47,421 [pool-183-thread-1] INFO  server.RaftServerConfigKeys (ConfUtils.java:logGet(43)) - raft.server.storage.dir = [/workdir/hadoop-ozone/integration-test/target/test-dir/MiniOzoneClusterImpl-33986320-1065-4a8e-9f2e-ea3716de2538/datanode-3/data/ratis] (custom)
2019-11-15 23:39:47,421 [pool-203-thread-1] INFO  storage.RaftStorageDirectory (RaftStorageDirectory.java:analyzeStorage(246)) - The storage directory /workdir/hadoop-ozone/integration-test/target/test-dir/MiniOzoneClusterImpl-33986320-1065-4a8e-9f2e-ea3716de2538/datanode-5/data/ratis/a3cfd715-b77e-4101-a067-94433d77b95d does not exist. Creating ...
2019-11-15 23:39:47,421 [pool-183-thread-1] INFO  server.RaftServerConfigKeys (ConfUtils.java:logGet(43)) - raft.server.log.corruption.policy = EXCEPTION (default)
2019-11-15 23:39:47,421 [pool-183-thread-1] INFO  storage.RaftStorageDirectory (RaftStorageDirectory.java:analyzeStorage(246)) - The storage directory /workdir/hadoop-ozone/integration-test/target/test-dir/MiniOzoneClusterImpl-33986320-1065-4a8e-9f2e-ea3716de2538/datanode-3/data/ratis/a3cfd715-b77e-4101-a067-94433d77b95d does not exist. Creating ...
2019-11-15 23:39:47,443 [pool-203-thread-1] INFO  storage.RaftStorageDirectory (RaftStorageDirectory.java:tryLock(328)) - Lock on /workdir/hadoop-ozone/integration-test/target/test-dir/MiniOzoneClusterImpl-33986320-1065-4a8e-9f2e-ea3716de2538/datanode-5/data/ratis/a3cfd715-b77e-4101-a067-94433d77b95d/in_use.lock acquired by nodename 14981@pr-hdds-2501-jccjl-2716832651
2019-11-15 23:39:47,443 [pool-183-thread-1] INFO  storage.RaftStorageDirectory (RaftStorageDirectory.java:tryLock(328)) - Lock on /workdir/hadoop-ozone/integration-test/target/test-dir/MiniOzoneClusterImpl-33986320-1065-4a8e-9f2e-ea3716de2538/datanode-3/data/ratis/a3cfd715-b77e-4101-a067-94433d77b95d/in_use.lock acquired by nodename 14981@pr-hdds-2501-jccjl-2716832651
2019-11-15 23:39:47,443 [pool-193-thread-1] INFO  storage.RaftStorageDirectory (RaftStorageDirectory.java:tryLock(328)) - Lock on /workdir/hadoop-ozone/integration-test/target/test-dir/MiniOzoneClusterImpl-33986320-1065-4a8e-9f2e-ea3716de2538/datanode-4/data/ratis/a3cfd715-b77e-4101-a067-94433d77b95d/in_use.lock acquired by nodename 14981@pr-hdds-2501-jccjl-2716832651
2019-11-15 23:39:47,466 [pool-203-thread-1] INFO  storage.RaftStorage (RaftStorage.java:format(84)) - Storage directory /workdir/hadoop-ozone/integration-test/target/test-dir/MiniOzoneClusterImpl-33986320-1065-4a8e-9f2e-ea3716de2538/datanode-5/data/ratis/a3cfd715-b77e-4101-a067-94433d77b95d has been successfully formatted.
2019-11-15 23:39:47,466 [pool-193-thread-1] INFO  storage.RaftStorage (RaftStorage.java:format(84)) - Storage directory /workdir/hadoop-ozone/integration-test/target/test-dir/MiniOzoneClusterImpl-33986320-1065-4a8e-9f2e-ea3716de2538/datanode-4/data/ratis/a3cfd715-b77e-4101-a067-94433d77b95d has been successfully formatted.
2019-11-15 23:39:47,466 [pool-183-thread-1] INFO  storage.RaftStorage (RaftStorage.java:format(84)) - Storage directory /workdir/hadoop-ozone/integration-test/target/test-dir/MiniOzoneClusterImpl-33986320-1065-4a8e-9f2e-ea3716de2538/datanode-3/data/ratis/a3cfd715-b77e-4101-a067-94433d77b95d has been successfully formatted.
2019-11-15 23:39:47,467 [pool-193-thread-1] INFO  ratis.ContainerStateMachine (ContainerStateMachine.java:loadSnapshot(223)) - group-94433D77B95D: The snapshot info is null. Setting the last applied indexto:(t:0, i:~)
2019-11-15 23:39:47,467 [pool-183-thread-1] INFO  ratis.ContainerStateMachine (ContainerStateMachine.java:loadSnapshot(223)) - group-94433D77B95D: The snapshot info is null. Setting the last applied indexto:(t:0, i:~)
2019-11-15 23:39:47,467 [pool-203-thread-1] INFO  ratis.ContainerStateMachine (ContainerStateMachine.java:loadSnapshot(223)) - group-94433D77B95D: The snapshot info is null. Setting the last applied indexto:(t:0, i:~)
2019-11-15 23:39:47,467 [pool-183-thread-1] INFO  server.RaftServerConfigKeys (ConfUtils.java:logGet(43)) - raft.server.notification.no-leader.timeout = 120s (custom)
2019-11-15 23:39:47,467 [pool-183-thread-1] INFO  server.RaftServerConfigKeys (ConfUtils.java:logGet(43)) - raft.server.log.use.memory = false (default)
2019-11-15 23:39:47,467 [pool-193-thread-1] INFO  server.RaftServerConfigKeys (ConfUtils.java:logGet(43)) - raft.server.notification.no-leader.timeout = 120s (custom)
2019-11-15 23:39:47,467 [pool-183-thread-1] INFO  server.RaftServerConfigKeys (ConfUtils.java:logGet(43)) - raft.server.log.purge.gap = 1000000 (custom)
2019-11-15 23:39:47,467 [pool-203-thread-1] INFO  server.RaftServerConfigKeys (ConfUtils.java:logGet(43)) - raft.server.notification.no-leader.timeout = 120s (custom)
2019-11-15 23:39:47,468 [pool-183-thread-1] INFO  server.RaftServerConfigKeys (ConfUtils.java:logGet(43)) - raft.server.log.appender.buffer.byte-limit = 33554432 (custom)
2019-11-15 23:39:47,467 [pool-193-thread-1] INFO  server.RaftServerConfigKeys (ConfUtils.java:logGet(43)) - raft.server.log.use.memory = false (default)
2019-11-15 23:39:47,468 [pool-183-thread-1] INFO  server.RaftServerConfigKeys (ConfUtils.java:logGet(43)) - raft.server.log.segment.size.max = 1048576 (custom)
2019-11-15 23:39:47,468 [pool-203-thread-1] INFO  server.RaftServerConfigKeys (ConfUtils.java:logGet(43)) - raft.server.log.use.memory = false (default)
2019-11-15 23:39:47,468 [pool-183-thread-1] INFO  server.RaftServerConfigKeys (ConfUtils.java:logGet(43)) - raft.server.log.segment.cache.num.max = 2 (custom)
2019-11-15 23:39:47,468 [pool-193-thread-1] INFO  server.RaftServerConfigKeys (ConfUtils.java:logGet(43)) - raft.server.log.purge.gap = 1000000 (custom)
2019-11-15 23:39:47,468 [pool-183-thread-1] INFO  segmented.SegmentedRaftLogWorker (SegmentedRaftLogWorker.java:<init>(173)) - new 4b590edd-7cfe-4917-88ed-6329a2b55bbe@group-94433D77B95D-SegmentedRaftLogWorker for RaftStorage:Storage Directory /workdir/hadoop-ozone/integration-test/target/test-dir/MiniOzoneClusterImpl-33986320-1065-4a8e-9f2e-ea3716de2538/datanode-3/data/ratis/a3cfd715-b77e-4101-a067-94433d77b95d
2019-11-15 23:39:47,468 [pool-203-thread-1] INFO  server.RaftServerConfigKeys (ConfUtils.java:logGet(43)) - raft.server.log.purge.gap = 1000000 (custom)
2019-11-15 23:39:47,469 [pool-183-thread-1] INFO  server.RaftServerConfigKeys (ConfUtils.java:logGet(43)) - raft.server.log.queue.byte-limit = 2147483647 (custom)
2019-11-15 23:39:47,468 [pool-193-thread-1] INFO  server.RaftServerConfigKeys (ConfUtils.java:logGet(43)) - raft.server.log.appender.buffer.byte-limit = 33554432 (custom)
2019-11-15 23:39:47,469 [pool-183-thread-1] INFO  server.RaftServerConfigKeys (ConfUtils.java:logGet(43)) - raft.server.log.queue.element-limit = 1024 (custom)
2019-11-15 23:39:47,469 [pool-203-thread-1] INFO  server.RaftServerConfigKeys (ConfUtils.java:logGet(43)) - raft.server.log.appender.buffer.byte-limit = 33554432 (custom)
2019-11-15 23:39:47,469 [pool-183-thread-1] INFO  server.RaftServerConfigKeys (ConfUtils.java:logGet(43)) - raft.server.log.segment.size.max = 1048576 (custom)
2019-11-15 23:39:47,469 [pool-193-thread-1] INFO  server.RaftServerConfigKeys (ConfUtils.java:logGet(43)) - raft.server.log.segment.size.max = 1048576 (custom)
2019-11-15 23:39:47,469 [pool-183-thread-1] INFO  server.RaftServerConfigKeys (ConfUtils.java:logGet(43)) - raft.server.log.preallocated.size = 16384 (custom)
2019-11-15 23:39:47,469 [pool-203-thread-1] INFO  server.RaftServerConfigKeys (ConfUtils.java:logGet(43)) - raft.server.log.segment.size.max = 1048576 (custom)
2019-11-15 23:39:47,469 [pool-183-thread-1] INFO  server.RaftServerConfigKeys (ConfUtils.java:logGet(43)) - raft.server.log.write.buffer.size = 33554432 (custom)
2019-11-15 23:39:47,469 [pool-193-thread-1] INFO  server.RaftServerConfigKeys (ConfUtils.java:logGet(43)) - raft.server.log.segment.cache.num.max = 2 (custom)
2019-11-15 23:39:47,470 [pool-183-thread-1] INFO  server.RaftServerConfigKeys (ConfUtils.java:logGet(43)) - raft.server.log.force.sync.num = 128 (default)
2019-11-15 23:39:47,470 [pool-203-thread-1] INFO  server.RaftServerConfigKeys (ConfUtils.java:logGet(43)) - raft.server.log.segment.cache.num.max = 2 (custom)
2019-11-15 23:39:47,470 [pool-183-thread-1] INFO  server.RaftServerConfigKeys (ConfUtils.java:logGet(43)) - raft.server.log.statemachine.data.sync = true (default)
2019-11-15 23:39:47,470 [pool-193-thread-1] INFO  segmented.SegmentedRaftLogWorker (SegmentedRaftLogWorker.java:<init>(173)) - new 44c1a031-22df-4fb3-be71-2a7e67cf760d@group-94433D77B95D-SegmentedRaftLogWorker for RaftStorage:Storage Directory /workdir/hadoop-ozone/integration-test/target/test-dir/MiniOzoneClusterImpl-33986320-1065-4a8e-9f2e-ea3716de2538/datanode-4/data/ratis/a3cfd715-b77e-4101-a067-94433d77b95d
2019-11-15 23:39:47,470 [pool-183-thread-1] INFO  server.RaftServerConfigKeys (ConfUtils.java:logGet(43)) - raft.server.log.statemachine.data.sync.timeout = 10s (default)
2019-11-15 23:39:47,470 [pool-203-thread-1] INFO  segmented.SegmentedRaftLogWorker (SegmentedRaftLogWorker.java:<init>(173)) - new 852bb6bc-fc53-4f9b-b145-e7434400ca8b@group-94433D77B95D-SegmentedRaftLogWorker for RaftStorage:Storage Directory /workdir/hadoop-ozone/integration-test/target/test-dir/MiniOzoneClusterImpl-33986320-1065-4a8e-9f2e-ea3716de2538/datanode-5/data/ratis/a3cfd715-b77e-4101-a067-94433d77b95d
2019-11-15 23:39:47,470 [pool-183-thread-1] INFO  server.RaftServerConfigKeys (ConfUtils.java:logGet(43)) - raft.server.log.statemachine.data.sync.timeout.retry = -1 (default)
2019-11-15 23:39:47,470 [pool-193-thread-1] INFO  server.RaftServerConfigKeys (ConfUtils.java:logGet(43)) - raft.server.log.queue.byte-limit = 2147483647 (custom)
2019-11-15 23:39:47,471 [pool-183-thread-1] INFO  server.RaftServerConfigKeys (ConfUtils.java:logGet(43)) - raft.server.log.statemachine.data.caching.enabled = true (custom)
2019-11-15 23:39:47,470 [pool-203-thread-1] INFO  server.RaftServerConfigKeys (ConfUtils.java:logGet(43)) - raft.server.log.queue.byte-limit = 2147483647 (custom)
2019-11-15 23:39:47,471 [pool-193-thread-1] INFO  server.RaftServerConfigKeys (ConfUtils.java:logGet(43)) - raft.server.log.queue.element-limit = 1024 (custom)
2019-11-15 23:39:47,471 [pool-203-thread-1] INFO  server.RaftServerConfigKeys (ConfUtils.java:logGet(43)) - raft.server.log.queue.element-limit = 1024 (custom)
2019-11-15 23:39:47,471 [pool-193-thread-1] INFO  server.RaftServerConfigKeys (ConfUtils.java:logGet(43)) - raft.server.log.segment.size.max = 1048576 (custom)
2019-11-15 23:39:47,471 [pool-183-thread-1] INFO  segmented.SegmentedRaftLogWorker (SegmentedRaftLogWorker.java:lambda$new$0(128)) - 4b590edd-7cfe-4917-88ed-6329a2b55bbe@group-94433D77B95D-SegmentedRaftLogWorker: flushIndex: setUnconditionally 0 -> -1
2019-11-15 23:39:47,471 [pool-193-thread-1] INFO  server.RaftServerConfigKeys (ConfUtils.java:logGet(43)) - raft.server.log.preallocated.size = 16384 (custom)
2019-11-15 23:39:47,471 [pool-203-thread-1] INFO  server.RaftServerConfigKeys (ConfUtils.java:logGet(43)) - raft.server.log.segment.size.max = 1048576 (custom)
2019-11-15 23:39:47,472 [pool-183-thread-1] INFO  server.RaftServerConfigKeys (ConfUtils.java:logGet(43)) - raft.server.snapshot.auto.trigger.enabled = true (custom)
2019-11-15 23:39:47,472 [pool-193-thread-1] INFO  server.RaftServerConfigKeys (ConfUtils.java:logGet(43)) - raft.server.log.write.buffer.size = 33554432 (custom)
2019-11-15 23:39:47,472 [pool-183-thread-1] INFO  server.RaftServerConfigKeys (ConfUtils.java:logGet(43)) - raft.server.snapshot.auto.trigger.threshold = 10000 (custom)
2019-11-15 23:39:47,472 [pool-203-thread-1] INFO  server.RaftServerConfigKeys (ConfUtils.java:logGet(43)) - raft.server.log.preallocated.size = 16384 (custom)
2019-11-15 23:39:47,472 [pool-183-thread-1] INFO  server.RaftServerConfigKeys (ConfUtils.java:logGet(43)) - raft.server.snapshot.retention.file.num = 5 (custom)
2019-11-15 23:39:47,472 [pool-193-thread-1] INFO  server.RaftServerConfigKeys (ConfUtils.java:logGet(43)) - raft.server.log.force.sync.num = 128 (default)
2019-11-15 23:39:47,472 [pool-183-thread-1] INFO  server.RaftServerConfigKeys (ConfUtils.java:logGet(43)) - raft.server.retrycache.expirytime = 600000ms (custom)
2019-11-15 23:39:47,472 [pool-203-thread-1] INFO  server.RaftServerConfigKeys (ConfUtils.java:logGet(43)) - raft.server.log.write.buffer.size = 33554432 (custom)
2019-11-15 23:39:47,472 [pool-193-thread-1] INFO  server.RaftServerConfigKeys (ConfUtils.java:logGet(43)) - raft.server.log.statemachine.data.sync = true (default)
2019-11-15 23:39:47,472 [pool-203-thread-1] INFO  server.RaftServerConfigKeys (ConfUtils.java:logGet(43)) - raft.server.log.force.sync.num = 128 (default)
2019-11-15 23:39:47,472 [pool-183-thread-1] WARN  impl.MetricRegistriesImpl (MetricRegistriesImpl.java:lambda$create$1(61)) - First MetricRegistry has been created without registering reporters. You may need to call MetricRegistries.global().addReportRegistration(...) before.
2019-11-15 23:39:47,473 [pool-203-thread-1] INFO  server.RaftServerConfigKeys (ConfUtils.java:logGet(43)) - raft.server.log.statemachine.data.sync = true (default)
2019-11-15 23:39:47,473 [pool-193-thread-1] INFO  server.RaftServerConfigKeys (ConfUtils.java:logGet(43)) - raft.server.log.statemachine.data.sync.timeout = 10s (default)
2019-11-15 23:39:47,473 [pool-203-thread-1] INFO  server.RaftServerConfigKeys (ConfUtils.java:logGet(43)) - raft.server.log.statemachine.data.sync.timeout = 10s (default)
2019-11-15 23:39:47,473 [pool-183-thread-1] WARN  impl.MetricRegistriesImpl (MetricRegistriesImpl.java:lambda$create$1(61)) - First MetricRegistry has been created without registering reporters. You may need to call MetricRegistries.global().addReportRegistration(...) before.
2019-11-15 23:39:47,473 [pool-203-thread-1] INFO  server.RaftServerConfigKeys (ConfUtils.java:logGet(43)) - raft.server.log.statemachine.data.sync.timeout.retry = -1 (default)
2019-11-15 23:39:47,473 [pool-183-thread-1] INFO  impl.RaftServerImpl (RaftServerImpl.java:start(184)) - 4b590edd-7cfe-4917-88ed-6329a2b55bbe@group-94433D77B95D: start as a follower, conf=-1: [44c1a031-22df-4fb3-be71-2a7e67cf760d:192.168.69.89:40732, 852bb6bc-fc53-4f9b-b145-e7434400ca8b:192.168.69.89:35193, 4b590edd-7cfe-4917-88ed-6329a2b55bbe:192.168.69.89:40974], old=null
2019-11-15 23:39:47,473 [pool-193-thread-1] INFO  server.RaftServerConfigKeys (ConfUtils.java:logGet(43)) - raft.server.log.statemachine.data.sync.timeout.retry = -1 (default)
2019-11-15 23:39:47,474 [pool-183-thread-1] INFO  impl.RaftServerImpl (RaftServerImpl.java:setRole(173)) - 4b590edd-7cfe-4917-88ed-6329a2b55bbe@group-94433D77B95D: changes role from      null to FOLLOWER at term 0 for startAsFollower
2019-11-15 23:39:47,473 [pool-203-thread-1] INFO  server.RaftServerConfigKeys (ConfUtils.java:logGet(43)) - raft.server.log.statemachine.data.caching.enabled = true (custom)
2019-11-15 23:39:47,474 [pool-183-thread-1] INFO  impl.RoleInfo (RoleInfo.java:updateAndGet(143)) - 4b590edd-7cfe-4917-88ed-6329a2b55bbe: start FollowerState
2019-11-15 23:39:47,474 [pool-193-thread-1] INFO  server.RaftServerConfigKeys (ConfUtils.java:logGet(43)) - raft.server.log.statemachine.data.caching.enabled = true (custom)
2019-11-15 23:39:47,474 [pool-203-thread-1] INFO  segmented.SegmentedRaftLogWorker (SegmentedRaftLogWorker.java:lambda$new$0(128)) - 852bb6bc-fc53-4f9b-b145-e7434400ca8b@group-94433D77B95D-SegmentedRaftLogWorker: flushIndex: setUnconditionally 0 -> -1
2019-11-15 23:39:47,474 [pool-193-thread-1] INFO  segmented.SegmentedRaftLogWorker (SegmentedRaftLogWorker.java:lambda$new$0(128)) - 44c1a031-22df-4fb3-be71-2a7e67cf760d@group-94433D77B95D-SegmentedRaftLogWorker: flushIndex: setUnconditionally 0 -> -1
2019-11-15 23:39:47,474 [pool-183-thread-1] INFO  util.JmxRegister (JmxRegister.java:tryRegister(44)) - Successfully registered JMX Bean with object name Ratis:service=RaftServer,group=group-94433D77B95D,id=4b590edd-7cfe-4917-88ed-6329a2b55bbe
2019-11-15 23:39:47,474 [pool-203-thread-1] INFO  server.RaftServerConfigKeys (ConfUtils.java:logGet(43)) - raft.server.snapshot.auto.trigger.enabled = true (custom)
2019-11-15 23:39:47,474 [pool-193-thread-1] INFO  server.RaftServerConfigKeys (ConfUtils.java:logGet(43)) - raft.server.snapshot.auto.trigger.enabled = true (custom)
2019-11-15 23:39:47,474 [pool-183-thread-1] WARN  impl.MetricRegistriesImpl (MetricRegistriesImpl.java:lambda$create$1(61)) - First MetricRegistry has been created without registering reporters. You may need to call MetricRegistries.global().addReportRegistration(...) before.
2019-11-15 23:39:47,475 [pool-193-thread-1] INFO  server.RaftServerConfigKeys (ConfUtils.java:logGet(43)) - raft.server.snapshot.auto.trigger.threshold = 10000 (custom)
2019-11-15 23:39:47,475 [pool-203-thread-1] INFO  server.RaftServerConfigKeys (ConfUtils.java:logGet(43)) - raft.server.snapshot.auto.trigger.threshold = 10000 (custom)
2019-11-15 23:39:47,475 [pool-193-thread-1] INFO  server.RaftServerConfigKeys (ConfUtils.java:logGet(43)) - raft.server.snapshot.retention.file.num = 5 (custom)
2019-11-15 23:39:47,475 [pool-203-thread-1] INFO  server.RaftServerConfigKeys (ConfUtils.java:logGet(43)) - raft.server.snapshot.retention.file.num = 5 (custom)
2019-11-15 23:39:47,475 [pool-193-thread-1] INFO  server.RaftServerConfigKeys (ConfUtils.java:logGet(43)) - raft.server.retrycache.expirytime = 600000ms (custom)
2019-11-15 23:39:47,475 [pool-203-thread-1] INFO  server.RaftServerConfigKeys (ConfUtils.java:logGet(43)) - raft.server.retrycache.expirytime = 600000ms (custom)
2019-11-15 23:39:47,475 [pool-193-thread-1] WARN  impl.MetricRegistriesImpl (MetricRegistriesImpl.java:lambda$create$1(61)) - First MetricRegistry has been created without registering reporters. You may need to call MetricRegistries.global().addReportRegistration(...) before.
2019-11-15 23:39:47,475 [pool-203-thread-1] WARN  impl.MetricRegistriesImpl (MetricRegistriesImpl.java:lambda$create$1(61)) - First MetricRegistry has been created without registering reporters. You may need to call MetricRegistries.global().addReportRegistration(...) before.
2019-11-15 23:39:47,475 [pool-193-thread-1] WARN  impl.MetricRegistriesImpl (MetricRegistriesImpl.java:lambda$create$1(61)) - First MetricRegistry has been created without registering reporters. You may need to call MetricRegistries.global().addReportRegistration(...) before.
2019-11-15 23:39:47,476 [pool-203-thread-1] WARN  impl.MetricRegistriesImpl (MetricRegistriesImpl.java:lambda$create$1(61)) - First MetricRegistry has been created without registering reporters. You may need to call MetricRegistries.global().addReportRegistration(...) before.
2019-11-15 23:39:47,476 [pool-193-thread-1] INFO  impl.RaftServerImpl (RaftServerImpl.java:start(184)) - 44c1a031-22df-4fb3-be71-2a7e67cf760d@group-94433D77B95D: start as a follower, conf=-1: [44c1a031-22df-4fb3-be71-2a7e67cf760d:192.168.69.89:40732, 852bb6bc-fc53-4f9b-b145-e7434400ca8b:192.168.69.89:35193, 4b590edd-7cfe-4917-88ed-6329a2b55bbe:192.168.69.89:40974], old=null
2019-11-15 23:39:47,476 [pool-203-thread-1] INFO  impl.RaftServerImpl (RaftServerImpl.java:start(184)) - 852bb6bc-fc53-4f9b-b145-e7434400ca8b@group-94433D77B95D: start as a follower, conf=-1: [44c1a031-22df-4fb3-be71-2a7e67cf760d:192.168.69.89:40732, 852bb6bc-fc53-4f9b-b145-e7434400ca8b:192.168.69.89:35193, 4b590edd-7cfe-4917-88ed-6329a2b55bbe:192.168.69.89:40974], old=null
2019-11-15 23:39:47,476 [pool-193-thread-1] INFO  impl.RaftServerImpl (RaftServerImpl.java:setRole(173)) - 44c1a031-22df-4fb3-be71-2a7e67cf760d@group-94433D77B95D: changes role from      null to FOLLOWER at term 0 for startAsFollower
2019-11-15 23:39:47,476 [pool-203-thread-1] INFO  impl.RaftServerImpl (RaftServerImpl.java:setRole(173)) - 852bb6bc-fc53-4f9b-b145-e7434400ca8b@group-94433D77B95D: changes role from      null to FOLLOWER at term 0 for startAsFollower
2019-11-15 23:39:47,476 [pool-193-thread-1] INFO  impl.RoleInfo (RoleInfo.java:updateAndGet(143)) - 44c1a031-22df-4fb3-be71-2a7e67cf760d: start FollowerState
2019-11-15 23:39:47,476 [pool-203-thread-1] INFO  impl.RoleInfo (RoleInfo.java:updateAndGet(143)) - 852bb6bc-fc53-4f9b-b145-e7434400ca8b: start FollowerState
2019-11-15 23:39:47,476 [pool-193-thread-1] INFO  util.JmxRegister (JmxRegister.java:tryRegister(44)) - Successfully registered JMX Bean with object name Ratis:service=RaftServer,group=group-94433D77B95D,id=44c1a031-22df-4fb3-be71-2a7e67cf760d
2019-11-15 23:39:47,477 [pool-193-thread-1] WARN  impl.MetricRegistriesImpl (MetricRegistriesImpl.java:lambda$create$1(61)) - First MetricRegistry has been created without registering reporters. You may need to call MetricRegistries.global().addReportRegistration(...) before.
2019-11-15 23:39:47,477 [pool-203-thread-1] INFO  util.JmxRegister (JmxRegister.java:tryRegister(44)) - Successfully registered JMX Bean with object name Ratis:service=RaftServer,group=group-94433D77B95D,id=852bb6bc-fc53-4f9b-b145-e7434400ca8b
2019-11-15 23:39:47,477 [pool-203-thread-1] WARN  impl.MetricRegistriesImpl (MetricRegistriesImpl.java:lambda$create$1(61)) - First MetricRegistry has been created without registering reporters. You may need to call MetricRegistries.global().addReportRegistration(...) before.
2019-11-15 23:39:47,479 [RatisPipelineUtilsThread] INFO  pipeline.PipelineStateManager (PipelineStateManager.java:addPipeline(55)) - Created pipeline Pipeline[ Id: a3cfd715-b77e-4101-a067-94433d77b95d, Nodes: 44c1a031-22df-4fb3-be71-2a7e67cf760d{ip: 192.168.69.89, host: pr-hdds-2501-jccjl-2716832651, networkLocation: /default-rack, certSerialId: null}4b590edd-7cfe-4917-88ed-6329a2b55bbe{ip: 192.168.69.89, host: pr-hdds-2501-jccjl-2716832651, networkLocation: /default-rack, certSerialId: null}852bb6bc-fc53-4f9b-b145-e7434400ca8b{ip: 192.168.69.89, host: pr-hdds-2501-jccjl-2716832651, networkLocation: /default-rack, certSerialId: null}, Type:RATIS, Factor:THREE, State:ALLOCATED]
2019-11-15 23:39:47,480 [Thread-1618] INFO  pipeline.PipelineStateManager (PipelineStateManager.java:finalizePipeline(121)) - Pipeline Pipeline[ Id: 5eaa48f6-dccb-4eb3-b07c-48ada4ef1f23, Nodes: 4b590edd-7cfe-4917-88ed-6329a2b55bbe{ip: 192.168.69.89, host: pr-hdds-2501-jccjl-2716832651, networkLocation: /default-rack, certSerialId: null}, Type:RATIS, Factor:ONE, State:CLOSED] moved to CLOSED state
2019-11-15 23:39:47,483 [grpc-default-executor-3] INFO  impl.RaftServerProxy (RaftServerProxy.java:remove(95)) - 4b590edd-7cfe-4917-88ed-6329a2b55bbe: remove    LEADER 4b590edd-7cfe-4917-88ed-6329a2b55bbe@group-48ADA4EF1F23:t1, leader=4b590edd-7cfe-4917-88ed-6329a2b55bbe, voted=4b590edd-7cfe-4917-88ed-6329a2b55bbe, raftlog=4b590edd-7cfe-4917-88ed-6329a2b55bbe@group-48ADA4EF1F23-SegmentedRaftLog:OPENED:c0,f0,i0, conf=0: [4b590edd-7cfe-4917-88ed-6329a2b55bbe:192.168.69.89:40974], old=null RUNNING
2019-11-15 23:39:47,485 [grpc-default-executor-3] INFO  impl.RaftServerImpl (RaftServerImpl.java:lambda$shutdown$3(250)) - 4b590edd-7cfe-4917-88ed-6329a2b55bbe@group-48ADA4EF1F23: shutdown
2019-11-15 23:39:47,485 [grpc-default-executor-3] INFO  util.JmxRegister (JmxRegister.java:unregister(73)) - Successfully un-registered JMX Bean with object name Ratis:service=RaftServer,group=group-48ADA4EF1F23,id=4b590edd-7cfe-4917-88ed-6329a2b55bbe
2019-11-15 23:39:47,485 [grpc-default-executor-3] INFO  impl.RoleInfo (RoleInfo.java:shutdownLeaderState(104)) - 4b590edd-7cfe-4917-88ed-6329a2b55bbe: shutdown LeaderState
2019-11-15 23:39:47,486 [grpc-default-executor-3] INFO  impl.PendingRequests (PendingRequests.java:sendNotLeaderResponses(206)) - 4b590edd-7cfe-4917-88ed-6329a2b55bbe@group-48ADA4EF1F23-PendingRequests: sendNotLeaderResponses
2019-11-15 23:39:47,486 [grpc-default-executor-3] INFO  impl.StateMachineUpdater (StateMachineUpdater.java:stopAndJoin(136)) - 4b590edd-7cfe-4917-88ed-6329a2b55bbe@group-48ADA4EF1F23-StateMachineUpdater: set stopIndex = 0
2019-11-15 23:39:47,486 [grpc-default-executor-3] INFO  impl.RaftServerImpl (ServerState.java:close(387)) - 4b590edd-7cfe-4917-88ed-6329a2b55bbe@group-48ADA4EF1F23: closes. applyIndex: 0
2019-11-15 23:39:47,487 [4b590edd-7cfe-4917-88ed-6329a2b55bbe@group-48ADA4EF1F23-SegmentedRaftLogWorker] INFO  segmented.SegmentedRaftLogWorker (SegmentedRaftLogWorker.java:run(316)) - 4b590edd-7cfe-4917-88ed-6329a2b55bbe@group-48ADA4EF1F23-SegmentedRaftLogWorker was interrupted, exiting. There are 0 tasks remaining in the queue.
2019-11-15 23:39:47,487 [grpc-default-executor-3] INFO  segmented.SegmentedRaftLogWorker (SegmentedRaftLogWorker.java:close(224)) - 4b590edd-7cfe-4917-88ed-6329a2b55bbe@group-48ADA4EF1F23-SegmentedRaftLogWorker close()
2019-11-15 23:39:47,491 [Thread-1618] INFO  pipeline.PipelineStateManager (PipelineStateManager.java:removePipeline(106)) - Pipeline Pipeline[ Id: 5eaa48f6-dccb-4eb3-b07c-48ada4ef1f23, Nodes: 4b590edd-7cfe-4917-88ed-6329a2b55bbe{ip: 192.168.69.89, host: pr-hdds-2501-jccjl-2716832651, networkLocation: /default-rack, certSerialId: null}, Type:RATIS, Factor:ONE, State:CLOSED] removed from db
2019-11-15 23:39:47,491 [Thread-1618] INFO  pipeline.SCMPipelineManager (SCMPipelineManager.java:finalizeAndDestroyPipeline(315)) - destroying pipeline:Pipeline[ Id: 1c7faac5-af99-48b4-9616-1f9e5a469e23, Nodes: 08a53ee3-16fe-4887-981c-fcef61fe445a{ip: 192.168.69.89, host: pr-hdds-2501-jccjl-2716832651, networkLocation: /default-rack, certSerialId: null}, Type:RATIS, Factor:ONE, State:OPEN]
2019-11-15 23:39:47,495 [grpc-default-executor-3] INFO  impl.RaftServerProxy (RaftServerProxy.java:addNew(89)) - 4b590edd-7cfe-4917-88ed-6329a2b55bbe: addNew group-A4B375475F5A:[4b590edd-7cfe-4917-88ed-6329a2b55bbe:192.168.69.89:40974] returns group-A4B375475F5A:java.util.concurrent.CompletableFuture@5e9079a3[Not completed]
2019-11-15 23:39:47,496 [pool-183-thread-1] INFO  impl.RaftServerImpl (RaftServerImpl.java:<init>(98)) - 4b590edd-7cfe-4917-88ed-6329a2b55bbe: new RaftServerImpl for group-A4B375475F5A:[4b590edd-7cfe-4917-88ed-6329a2b55bbe:192.168.69.89:40974] with ContainerStateMachine:uninitialized
2019-11-15 23:39:47,496 [pool-183-thread-1] INFO  server.RaftServerConfigKeys (ConfUtils.java:logGet(43)) - raft.server.rpc.timeout.min = 1s (custom)
2019-11-15 23:39:47,496 [pool-183-thread-1] INFO  server.RaftServerConfigKeys (ConfUtils.java:logGet(43)) - raft.server.rpc.timeout.max = 1200ms (custom)
2019-11-15 23:39:47,496 [pool-183-thread-1] INFO  server.RaftServerConfigKeys (ConfUtils.java:logGet(43)) - raft.server.rpcslowness.timeout = 120s (custom)
2019-11-15 23:39:47,496 [pool-183-thread-1] INFO  server.RaftServerConfigKeys (ConfUtils.java:logGet(43)) - raft.server.sleep.deviation.threshold = 300 (default)
2019-11-15 23:39:47,497 [pool-183-thread-1] INFO  server.RaftServerConfigKeys (ConfUtils.java:logGet(43)) - raft.server.log.appender.install.snapshot.enabled = false (custom)
2019-11-15 23:39:47,497 [pool-183-thread-1] INFO  impl.RaftServerImpl (ServerState.java:<init>(103)) - 4b590edd-7cfe-4917-88ed-6329a2b55bbe@group-A4B375475F5A: ConfigurationManager, init=-1: [4b590edd-7cfe-4917-88ed-6329a2b55bbe:192.168.69.89:40974], old=null, confs=<EMPTY_MAP>
2019-11-15 23:39:47,497 [pool-183-thread-1] INFO  server.RaftServerConfigKeys (ConfUtils.java:logGet(43)) - raft.server.storage.dir = [/workdir/hadoop-ozone/integration-test/target/test-dir/MiniOzoneClusterImpl-33986320-1065-4a8e-9f2e-ea3716de2538/datanode-3/data/ratis] (custom)
2019-11-15 23:39:47,497 [pool-183-thread-1] INFO  server.RaftServerConfigKeys (ConfUtils.java:logGet(43)) - raft.server.log.corruption.policy = EXCEPTION (default)
2019-11-15 23:39:47,497 [pool-183-thread-1] INFO  storage.RaftStorageDirectory (RaftStorageDirectory.java:analyzeStorage(246)) - The storage directory /workdir/hadoop-ozone/integration-test/target/test-dir/MiniOzoneClusterImpl-33986320-1065-4a8e-9f2e-ea3716de2538/datanode-3/data/ratis/41f8ee29-54c0-4a66-86c9-a4b375475f5a does not exist. Creating ...
2019-11-15 23:39:47,522 [pool-183-thread-1] INFO  storage.RaftStorageDirectory (RaftStorageDirectory.java:tryLock(328)) - Lock on /workdir/hadoop-ozone/integration-test/target/test-dir/MiniOzoneClusterImpl-33986320-1065-4a8e-9f2e-ea3716de2538/datanode-3/data/ratis/41f8ee29-54c0-4a66-86c9-a4b375475f5a/in_use.lock acquired by nodename 14981@pr-hdds-2501-jccjl-2716832651
2019-11-15 23:39:47,547 [pool-183-thread-1] INFO  storage.RaftStorage (RaftStorage.java:format(84)) - Storage directory /workdir/hadoop-ozone/integration-test/target/test-dir/MiniOzoneClusterImpl-33986320-1065-4a8e-9f2e-ea3716de2538/datanode-3/data/ratis/41f8ee29-54c0-4a66-86c9-a4b375475f5a has been successfully formatted.
2019-11-15 23:39:47,548 [pool-183-thread-1] INFO  ratis.ContainerStateMachine (ContainerStateMachine.java:loadSnapshot(223)) - group-A4B375475F5A: The snapshot info is null. Setting the last applied indexto:(t:0, i:~)
2019-11-15 23:39:47,548 [pool-183-thread-1] INFO  server.RaftServerConfigKeys (ConfUtils.java:logGet(43)) - raft.server.notification.no-leader.timeout = 120s (custom)
2019-11-15 23:39:47,548 [pool-183-thread-1] INFO  server.RaftServerConfigKeys (ConfUtils.java:logGet(43)) - raft.server.log.use.memory = false (default)
2019-11-15 23:39:47,548 [pool-183-thread-1] INFO  server.RaftServerConfigKeys (ConfUtils.java:logGet(43)) - raft.server.log.purge.gap = 1000000 (custom)
2019-11-15 23:39:47,548 [pool-183-thread-1] INFO  server.RaftServerConfigKeys (ConfUtils.java:logGet(43)) - raft.server.log.appender.buffer.byte-limit = 33554432 (custom)
2019-11-15 23:39:47,548 [pool-183-thread-1] INFO  server.RaftServerConfigKeys (ConfUtils.java:logGet(43)) - raft.server.log.segment.size.max = 1048576 (custom)
2019-11-15 23:39:47,548 [pool-183-thread-1] INFO  server.RaftServerConfigKeys (ConfUtils.java:logGet(43)) - raft.server.log.segment.cache.num.max = 2 (custom)
2019-11-15 23:39:47,548 [pool-183-thread-1] INFO  segmented.SegmentedRaftLogWorker (SegmentedRaftLogWorker.java:<init>(173)) - new 4b590edd-7cfe-4917-88ed-6329a2b55bbe@group-A4B375475F5A-SegmentedRaftLogWorker for RaftStorage:Storage Directory /workdir/hadoop-ozone/integration-test/target/test-dir/MiniOzoneClusterImpl-33986320-1065-4a8e-9f2e-ea3716de2538/datanode-3/data/ratis/41f8ee29-54c0-4a66-86c9-a4b375475f5a
2019-11-15 23:39:47,549 [pool-183-thread-1] INFO  server.RaftServerConfigKeys (ConfUtils.java:logGet(43)) - raft.server.log.queue.byte-limit = 2147483647 (custom)
2019-11-15 23:39:47,549 [pool-183-thread-1] INFO  server.RaftServerConfigKeys (ConfUtils.java:logGet(43)) - raft.server.log.queue.element-limit = 1024 (custom)
2019-11-15 23:39:47,549 [pool-183-thread-1] INFO  server.RaftServerConfigKeys (ConfUtils.java:logGet(43)) - raft.server.log.segment.size.max = 1048576 (custom)
2019-11-15 23:39:47,549 [pool-183-thread-1] INFO  server.RaftServerConfigKeys (ConfUtils.java:logGet(43)) - raft.server.log.preallocated.size = 16384 (custom)
2019-11-15 23:39:47,549 [pool-183-thread-1] INFO  server.RaftServerConfigKeys (ConfUtils.java:logGet(43)) - raft.server.log.write.buffer.size = 33554432 (custom)
2019-11-15 23:39:47,549 [pool-183-thread-1] INFO  server.RaftServerConfigKeys (ConfUtils.java:logGet(43)) - raft.server.log.force.sync.num = 128 (default)
2019-11-15 23:39:47,549 [pool-183-thread-1] INFO  server.RaftServerConfigKeys (ConfUtils.java:logGet(43)) - raft.server.log.statemachine.data.sync = true (default)
2019-11-15 23:39:47,549 [pool-183-thread-1] INFO  server.RaftServerConfigKeys (ConfUtils.java:logGet(43)) - raft.server.log.statemachine.data.sync.timeout = 10s (default)
2019-11-15 23:39:47,549 [pool-183-thread-1] INFO  server.RaftServerConfigKeys (ConfUtils.java:logGet(43)) - raft.server.log.statemachine.data.sync.timeout.retry = -1 (default)
2019-11-15 23:39:47,550 [pool-183-thread-1] INFO  server.RaftServerConfigKeys (ConfUtils.java:logGet(43)) - raft.server.log.statemachine.data.caching.enabled = true (custom)
2019-11-15 23:39:47,550 [pool-183-thread-1] INFO  segmented.SegmentedRaftLogWorker (SegmentedRaftLogWorker.java:lambda$new$0(128)) - 4b590edd-7cfe-4917-88ed-6329a2b55bbe@group-A4B375475F5A-SegmentedRaftLogWorker: flushIndex: setUnconditionally 0 -> -1
2019-11-15 23:39:47,550 [pool-183-thread-1] INFO  server.RaftServerConfigKeys (ConfUtils.java:logGet(43)) - raft.server.snapshot.auto.trigger.enabled = true (custom)
2019-11-15 23:39:47,550 [pool-183-thread-1] INFO  server.RaftServerConfigKeys (ConfUtils.java:logGet(43)) - raft.server.snapshot.auto.trigger.threshold = 10000 (custom)
2019-11-15 23:39:47,550 [pool-183-thread-1] INFO  server.RaftServerConfigKeys (ConfUtils.java:logGet(43)) - raft.server.snapshot.retention.file.num = 5 (custom)
2019-11-15 23:39:47,550 [pool-183-thread-1] INFO  server.RaftServerConfigKeys (ConfUtils.java:logGet(43)) - raft.server.retrycache.expirytime = 600000ms (custom)
2019-11-15 23:39:47,551 [pool-183-thread-1] WARN  impl.MetricRegistriesImpl (MetricRegistriesImpl.java:lambda$create$1(61)) - First MetricRegistry has been created without registering reporters. You may need to call MetricRegistries.global().addReportRegistration(...) before.
2019-11-15 23:39:47,551 [pool-183-thread-1] WARN  impl.MetricRegistriesImpl (MetricRegistriesImpl.java:lambda$create$1(61)) - First MetricRegistry has been created without registering reporters. You may need to call MetricRegistries.global().addReportRegistration(...) before.
2019-11-15 23:39:47,551 [pool-183-thread-1] INFO  impl.RaftServerImpl (RaftServerImpl.java:start(184)) - 4b590edd-7cfe-4917-88ed-6329a2b55bbe@group-A4B375475F5A: start as a follower, conf=-1: [4b590edd-7cfe-4917-88ed-6329a2b55bbe:192.168.69.89:40974], old=null
2019-11-15 23:39:47,551 [pool-183-thread-1] INFO  impl.RaftServerImpl (RaftServerImpl.java:setRole(173)) - 4b590edd-7cfe-4917-88ed-6329a2b55bbe@group-A4B375475F5A: changes role from      null to FOLLOWER at term 0 for startAsFollower
2019-11-15 23:39:47,551 [pool-183-thread-1] INFO  impl.RoleInfo (RoleInfo.java:updateAndGet(143)) - 4b590edd-7cfe-4917-88ed-6329a2b55bbe: start FollowerState
2019-11-15 23:39:47,552 [pool-183-thread-1] INFO  util.JmxRegister (JmxRegister.java:tryRegister(44)) - Successfully registered JMX Bean with object name Ratis:service=RaftServer,group=group-A4B375475F5A,id=4b590edd-7cfe-4917-88ed-6329a2b55bbe
2019-11-15 23:39:47,552 [pool-183-thread-1] WARN  impl.MetricRegistriesImpl (MetricRegistriesImpl.java:lambda$create$1(61)) - First MetricRegistry has been created without registering reporters. You may need to call MetricRegistries.global().addReportRegistration(...) before.
2019-11-15 23:39:47,554 [RatisPipelineUtilsThread] INFO  pipeline.PipelineStateManager (PipelineStateManager.java:addPipeline(55)) - Created pipeline Pipeline[ Id: 41f8ee29-54c0-4a66-86c9-a4b375475f5a, Nodes: 4b590edd-7cfe-4917-88ed-6329a2b55bbe{ip: 192.168.69.89, host: pr-hdds-2501-jccjl-2716832651, networkLocation: /default-rack, certSerialId: null}, Type:RATIS, Factor:ONE, State:ALLOCATED]
2019-11-15 23:39:47,554 [Thread-1618] INFO  pipeline.PipelineStateManager (PipelineStateManager.java:finalizePipeline(121)) - Pipeline Pipeline[ Id: 1c7faac5-af99-48b4-9616-1f9e5a469e23, Nodes: 08a53ee3-16fe-4887-981c-fcef61fe445a{ip: 192.168.69.89, host: pr-hdds-2501-jccjl-2716832651, networkLocation: /default-rack, certSerialId: null}, Type:RATIS, Factor:ONE, State:CLOSED] moved to CLOSED state
2019-11-15 23:39:47,558 [grpc-default-executor-3] INFO  impl.RaftServerProxy (RaftServerProxy.java:remove(95)) - 08a53ee3-16fe-4887-981c-fcef61fe445a: remove    LEADER 08a53ee3-16fe-4887-981c-fcef61fe445a@group-1F9E5A469E23:t1, leader=08a53ee3-16fe-4887-981c-fcef61fe445a, voted=08a53ee3-16fe-4887-981c-fcef61fe445a, raftlog=08a53ee3-16fe-4887-981c-fcef61fe445a@group-1F9E5A469E23-SegmentedRaftLog:OPENED:c0,f0,i0, conf=0: [08a53ee3-16fe-4887-981c-fcef61fe445a:192.168.69.89:38583], old=null RUNNING
2019-11-15 23:39:47,558 [grpc-default-executor-3] INFO  impl.RaftServerImpl (RaftServerImpl.java:lambda$shutdown$3(250)) - 08a53ee3-16fe-4887-981c-fcef61fe445a@group-1F9E5A469E23: shutdown
2019-11-15 23:39:47,558 [grpc-default-executor-3] INFO  util.JmxRegister (JmxRegister.java:unregister(73)) - Successfully un-registered JMX Bean with object name Ratis:service=RaftServer,group=group-1F9E5A469E23,id=08a53ee3-16fe-4887-981c-fcef61fe445a
2019-11-15 23:39:47,558 [grpc-default-executor-3] INFO  impl.RoleInfo (RoleInfo.java:shutdownLeaderState(104)) - 08a53ee3-16fe-4887-981c-fcef61fe445a: shutdown LeaderState
2019-11-15 23:39:47,559 [grpc-default-executor-3] INFO  impl.PendingRequests (PendingRequests.java:sendNotLeaderResponses(206)) - 08a53ee3-16fe-4887-981c-fcef61fe445a@group-1F9E5A469E23-PendingRequests: sendNotLeaderResponses
2019-11-15 23:39:47,559 [grpc-default-executor-3] INFO  impl.StateMachineUpdater (StateMachineUpdater.java:stopAndJoin(136)) - 08a53ee3-16fe-4887-981c-fcef61fe445a@group-1F9E5A469E23-StateMachineUpdater: set stopIndex = 0
2019-11-15 23:39:47,559 [grpc-default-executor-3] INFO  impl.RaftServerImpl (ServerState.java:close(387)) - 08a53ee3-16fe-4887-981c-fcef61fe445a@group-1F9E5A469E23: closes. applyIndex: 0
2019-11-15 23:39:47,559 [08a53ee3-16fe-4887-981c-fcef61fe445a@group-1F9E5A469E23-SegmentedRaftLogWorker] INFO  segmented.SegmentedRaftLogWorker (SegmentedRaftLogWorker.java:run(316)) - 08a53ee3-16fe-4887-981c-fcef61fe445a@group-1F9E5A469E23-SegmentedRaftLogWorker was interrupted, exiting. There are 0 tasks remaining in the queue.
2019-11-15 23:39:47,560 [grpc-default-executor-3] INFO  segmented.SegmentedRaftLogWorker (SegmentedRaftLogWorker.java:close(224)) - 08a53ee3-16fe-4887-981c-fcef61fe445a@group-1F9E5A469E23-SegmentedRaftLogWorker close()
2019-11-15 23:39:47,564 [Thread-1618] INFO  pipeline.PipelineStateManager (PipelineStateManager.java:removePipeline(106)) - Pipeline Pipeline[ Id: 1c7faac5-af99-48b4-9616-1f9e5a469e23, Nodes: 08a53ee3-16fe-4887-981c-fcef61fe445a{ip: 192.168.69.89, host: pr-hdds-2501-jccjl-2716832651, networkLocation: /default-rack, certSerialId: null}, Type:RATIS, Factor:ONE, State:CLOSED] removed from db
2019-11-15 23:39:47,564 [Thread-1618] INFO  pipeline.SCMPipelineManager (SCMPipelineManager.java:finalizeAndDestroyPipeline(315)) - destroying pipeline:Pipeline[ Id: e54164b7-2b5b-41bb-b105-33f611afdf60, Nodes: 5631d385-0b46-47bf-960c-236f816b46d3{ip: 192.168.69.89, host: pr-hdds-2501-jccjl-2716832651, networkLocation: /default-rack, certSerialId: null}08a53ee3-16fe-4887-981c-fcef61fe445a{ip: 192.168.69.89, host: pr-hdds-2501-jccjl-2716832651, networkLocation: /default-rack, certSerialId: null}5fa1608a-d503-4104-880b-6be568a6d1ca{ip: 192.168.69.89, host: pr-hdds-2501-jccjl-2716832651, networkLocation: /default-rack, certSerialId: null}, Type:RATIS, Factor:THREE, State:OPEN]
2019-11-15 23:39:47,567 [grpc-default-executor-3] INFO  impl.RaftServerProxy (RaftServerProxy.java:addNew(89)) - 08a53ee3-16fe-4887-981c-fcef61fe445a: addNew group-7BEC061A4DB5:[08a53ee3-16fe-4887-981c-fcef61fe445a:192.168.69.89:38583] returns group-7BEC061A4DB5:java.util.concurrent.CompletableFuture@4cfceaa6[Not completed]
2019-11-15 23:39:47,569 [pool-173-thread-1] INFO  impl.RaftServerImpl (RaftServerImpl.java:<init>(98)) - 08a53ee3-16fe-4887-981c-fcef61fe445a: new RaftServerImpl for group-7BEC061A4DB5:[08a53ee3-16fe-4887-981c-fcef61fe445a:192.168.69.89:38583] with ContainerStateMachine:uninitialized
2019-11-15 23:39:47,571 [pool-173-thread-1] INFO  server.RaftServerConfigKeys (ConfUtils.java:logGet(43)) - raft.server.rpc.timeout.min = 1s (custom)
2019-11-15 23:39:47,571 [pool-173-thread-1] INFO  server.RaftServerConfigKeys (ConfUtils.java:logGet(43)) - raft.server.rpc.timeout.max = 1200ms (custom)
2019-11-15 23:39:47,571 [pool-173-thread-1] INFO  server.RaftServerConfigKeys (ConfUtils.java:logGet(43)) - raft.server.rpcslowness.timeout = 120s (custom)
2019-11-15 23:39:47,571 [pool-173-thread-1] INFO  server.RaftServerConfigKeys (ConfUtils.java:logGet(43)) - raft.server.sleep.deviation.threshold = 300 (default)
2019-11-15 23:39:47,571 [pool-173-thread-1] INFO  server.RaftServerConfigKeys (ConfUtils.java:logGet(43)) - raft.server.log.appender.install.snapshot.enabled = false (custom)
2019-11-15 23:39:47,572 [pool-173-thread-1] INFO  impl.RaftServerImpl (ServerState.java:<init>(103)) - 08a53ee3-16fe-4887-981c-fcef61fe445a@group-7BEC061A4DB5: ConfigurationManager, init=-1: [08a53ee3-16fe-4887-981c-fcef61fe445a:192.168.69.89:38583], old=null, confs=<EMPTY_MAP>
2019-11-15 23:39:47,572 [pool-173-thread-1] INFO  server.RaftServerConfigKeys (ConfUtils.java:logGet(43)) - raft.server.storage.dir = [/workdir/hadoop-ozone/integration-test/target/test-dir/MiniOzoneClusterImpl-33986320-1065-4a8e-9f2e-ea3716de2538/datanode-2/data/ratis] (custom)
2019-11-15 23:39:47,572 [pool-173-thread-1] INFO  server.RaftServerConfigKeys (ConfUtils.java:logGet(43)) - raft.server.log.corruption.policy = EXCEPTION (default)
2019-11-15 23:39:47,572 [pool-173-thread-1] INFO  storage.RaftStorageDirectory (RaftStorageDirectory.java:analyzeStorage(246)) - The storage directory /workdir/hadoop-ozone/integration-test/target/test-dir/MiniOzoneClusterImpl-33986320-1065-4a8e-9f2e-ea3716de2538/datanode-2/data/ratis/6b6d7e21-c00e-4e73-87f0-7bec061a4db5 does not exist. Creating ...
2019-11-15 23:39:47,597 [pool-173-thread-1] INFO  storage.RaftStorageDirectory (RaftStorageDirectory.java:tryLock(328)) - Lock on /workdir/hadoop-ozone/integration-test/target/test-dir/MiniOzoneClusterImpl-33986320-1065-4a8e-9f2e-ea3716de2538/datanode-2/data/ratis/6b6d7e21-c00e-4e73-87f0-7bec061a4db5/in_use.lock acquired by nodename 14981@pr-hdds-2501-jccjl-2716832651
2019-11-15 23:39:47,610 [pool-173-thread-1] INFO  storage.RaftStorage (RaftStorage.java:format(84)) - Storage directory /workdir/hadoop-ozone/integration-test/target/test-dir/MiniOzoneClusterImpl-33986320-1065-4a8e-9f2e-ea3716de2538/datanode-2/data/ratis/6b6d7e21-c00e-4e73-87f0-7bec061a4db5 has been successfully formatted.
2019-11-15 23:39:47,610 [pool-173-thread-1] INFO  ratis.ContainerStateMachine (ContainerStateMachine.java:loadSnapshot(223)) - group-7BEC061A4DB5: The snapshot info is null. Setting the last applied indexto:(t:0, i:~)
2019-11-15 23:39:47,610 [pool-173-thread-1] INFO  server.RaftServerConfigKeys (ConfUtils.java:logGet(43)) - raft.server.notification.no-leader.timeout = 120s (custom)
2019-11-15 23:39:47,610 [pool-173-thread-1] INFO  server.RaftServerConfigKeys (ConfUtils.java:logGet(43)) - raft.server.log.use.memory = false (default)
2019-11-15 23:39:47,610 [pool-173-thread-1] INFO  server.RaftServerConfigKeys (ConfUtils.java:logGet(43)) - raft.server.log.purge.gap = 1000000 (custom)
2019-11-15 23:39:47,611 [pool-173-thread-1] INFO  server.RaftServerConfigKeys (ConfUtils.java:logGet(43)) - raft.server.log.appender.buffer.byte-limit = 33554432 (custom)
2019-11-15 23:39:47,611 [pool-173-thread-1] INFO  server.RaftServerConfigKeys (ConfUtils.java:logGet(43)) - raft.server.log.segment.size.max = 1048576 (custom)
2019-11-15 23:39:47,611 [pool-173-thread-1] INFO  server.RaftServerConfigKeys (ConfUtils.java:logGet(43)) - raft.server.log.segment.cache.num.max = 2 (custom)
2019-11-15 23:39:47,611 [pool-173-thread-1] INFO  segmented.SegmentedRaftLogWorker (SegmentedRaftLogWorker.java:<init>(173)) - new 08a53ee3-16fe-4887-981c-fcef61fe445a@group-7BEC061A4DB5-SegmentedRaftLogWorker for RaftStorage:Storage Directory /workdir/hadoop-ozone/integration-test/target/test-dir/MiniOzoneClusterImpl-33986320-1065-4a8e-9f2e-ea3716de2538/datanode-2/data/ratis/6b6d7e21-c00e-4e73-87f0-7bec061a4db5
2019-11-15 23:39:47,611 [pool-173-thread-1] INFO  server.RaftServerConfigKeys (ConfUtils.java:logGet(43)) - raft.server.log.queue.byte-limit = 2147483647 (custom)
2019-11-15 23:39:47,611 [pool-173-thread-1] INFO  server.RaftServerConfigKeys (ConfUtils.java:logGet(43)) - raft.server.log.queue.element-limit = 1024 (custom)
2019-11-15 23:39:47,611 [pool-173-thread-1] INFO  server.RaftServerConfigKeys (ConfUtils.java:logGet(43)) - raft.server.log.segment.size.max = 1048576 (custom)
2019-11-15 23:39:47,611 [pool-173-thread-1] INFO  server.RaftServerConfigKeys (ConfUtils.java:logGet(43)) - raft.server.log.preallocated.size = 16384 (custom)
2019-11-15 23:39:47,611 [pool-173-thread-1] INFO  server.RaftServerConfigKeys (ConfUtils.java:logGet(43)) - raft.server.log.write.buffer.size = 33554432 (custom)
2019-11-15 23:39:47,611 [pool-173-thread-1] INFO  server.RaftServerConfigKeys (ConfUtils.java:logGet(43)) - raft.server.log.force.sync.num = 128 (default)
2019-11-15 23:39:47,612 [pool-173-thread-1] INFO  server.RaftServerConfigKeys (ConfUtils.java:logGet(43)) - raft.server.log.statemachine.data.sync = true (default)
2019-11-15 23:39:47,612 [pool-173-thread-1] INFO  server.RaftServerConfigKeys (ConfUtils.java:logGet(43)) - raft.server.log.statemachine.data.sync.timeout = 10s (default)
2019-11-15 23:39:47,612 [pool-173-thread-1] INFO  server.RaftServerConfigKeys (ConfUtils.java:logGet(43)) - raft.server.log.statemachine.data.sync.timeout.retry = -1 (default)
2019-11-15 23:39:47,612 [pool-173-thread-1] INFO  server.RaftServerConfigKeys (ConfUtils.java:logGet(43)) - raft.server.log.statemachine.data.caching.enabled = true (custom)
2019-11-15 23:39:47,612 [pool-173-thread-1] INFO  segmented.SegmentedRaftLogWorker (SegmentedRaftLogWorker.java:lambda$new$0(128)) - 08a53ee3-16fe-4887-981c-fcef61fe445a@group-7BEC061A4DB5-SegmentedRaftLogWorker: flushIndex: setUnconditionally 0 -> -1
2019-11-15 23:39:47,612 [pool-173-thread-1] INFO  server.RaftServerConfigKeys (ConfUtils.java:logGet(43)) - raft.server.snapshot.auto.trigger.enabled = true (custom)
2019-11-15 23:39:47,613 [pool-173-thread-1] INFO  server.RaftServerConfigKeys (ConfUtils.java:logGet(43)) - raft.server.snapshot.auto.trigger.threshold = 10000 (custom)
2019-11-15 23:39:47,613 [pool-173-thread-1] INFO  server.RaftServerConfigKeys (ConfUtils.java:logGet(43)) - raft.server.snapshot.retention.file.num = 5 (custom)
2019-11-15 23:39:47,613 [pool-173-thread-1] INFO  server.RaftServerConfigKeys (ConfUtils.java:logGet(43)) - raft.server.retrycache.expirytime = 600000ms (custom)
2019-11-15 23:39:47,613 [pool-173-thread-1] WARN  impl.MetricRegistriesImpl (MetricRegistriesImpl.java:lambda$create$1(61)) - First MetricRegistry has been created without registering reporters. You may need to call MetricRegistries.global().addReportRegistration(...) before.
2019-11-15 23:39:47,613 [pool-173-thread-1] WARN  impl.MetricRegistriesImpl (MetricRegistriesImpl.java:lambda$create$1(61)) - First MetricRegistry has been created without registering reporters. You may need to call MetricRegistries.global().addReportRegistration(...) before.
2019-11-15 23:39:47,613 [pool-173-thread-1] INFO  impl.RaftServerImpl (RaftServerImpl.java:start(184)) - 08a53ee3-16fe-4887-981c-fcef61fe445a@group-7BEC061A4DB5: start as a follower, conf=-1: [08a53ee3-16fe-4887-981c-fcef61fe445a:192.168.69.89:38583], old=null
2019-11-15 23:39:47,613 [pool-173-thread-1] INFO  impl.RaftServerImpl (RaftServerImpl.java:setRole(173)) - 08a53ee3-16fe-4887-981c-fcef61fe445a@group-7BEC061A4DB5: changes role from      null to FOLLOWER at term 0 for startAsFollower
2019-11-15 23:39:47,613 [pool-173-thread-1] INFO  impl.RoleInfo (RoleInfo.java:updateAndGet(143)) - 08a53ee3-16fe-4887-981c-fcef61fe445a: start FollowerState
2019-11-15 23:39:47,614 [pool-173-thread-1] INFO  util.JmxRegister (JmxRegister.java:tryRegister(44)) - Successfully registered JMX Bean with object name Ratis:service=RaftServer,group=group-7BEC061A4DB5,id=08a53ee3-16fe-4887-981c-fcef61fe445a
2019-11-15 23:39:47,614 [pool-173-thread-1] WARN  impl.MetricRegistriesImpl (MetricRegistriesImpl.java:lambda$create$1(61)) - First MetricRegistry has been created without registering reporters. You may need to call MetricRegistries.global().addReportRegistration(...) before.
2019-11-15 23:39:47,616 [RatisPipelineUtilsThread] INFO  pipeline.PipelineStateManager (PipelineStateManager.java:addPipeline(55)) - Created pipeline Pipeline[ Id: 6b6d7e21-c00e-4e73-87f0-7bec061a4db5, Nodes: 08a53ee3-16fe-4887-981c-fcef61fe445a{ip: 192.168.69.89, host: pr-hdds-2501-jccjl-2716832651, networkLocation: /default-rack, certSerialId: null}, Type:RATIS, Factor:ONE, State:ALLOCATED]
2019-11-15 23:39:47,617 [Thread-1618] INFO  pipeline.PipelineStateManager (PipelineStateManager.java:finalizePipeline(121)) - Pipeline Pipeline[ Id: e54164b7-2b5b-41bb-b105-33f611afdf60, Nodes: 5631d385-0b46-47bf-960c-236f816b46d3{ip: 192.168.69.89, host: pr-hdds-2501-jccjl-2716832651, networkLocation: /default-rack, certSerialId: null}08a53ee3-16fe-4887-981c-fcef61fe445a{ip: 192.168.69.89, host: pr-hdds-2501-jccjl-2716832651, networkLocation: /default-rack, certSerialId: null}5fa1608a-d503-4104-880b-6be568a6d1ca{ip: 192.168.69.89, host: pr-hdds-2501-jccjl-2716832651, networkLocation: /default-rack, certSerialId: null}, Type:RATIS, Factor:THREE, State:CLOSED] moved to CLOSED state
2019-11-15 23:39:47,620 [grpc-default-executor-3] INFO  impl.RaftServerProxy (RaftServerProxy.java:remove(95)) - 5631d385-0b46-47bf-960c-236f816b46d3: remove    LEADER 5631d385-0b46-47bf-960c-236f816b46d3@group-33F611AFDF60:t1, leader=5631d385-0b46-47bf-960c-236f816b46d3, voted=5631d385-0b46-47bf-960c-236f816b46d3, raftlog=5631d385-0b46-47bf-960c-236f816b46d3@group-33F611AFDF60-SegmentedRaftLog:OPENED:c0,f0,i0, conf=0: [08a53ee3-16fe-4887-981c-fcef61fe445a:192.168.69.89:38583, 5fa1608a-d503-4104-880b-6be568a6d1ca:192.168.69.89:34320, 5631d385-0b46-47bf-960c-236f816b46d3:192.168.69.89:38050], old=null RUNNING
2019-11-15 23:39:47,620 [grpc-default-executor-3] INFO  impl.RaftServerImpl (RaftServerImpl.java:lambda$shutdown$3(250)) - 5631d385-0b46-47bf-960c-236f816b46d3@group-33F611AFDF60: shutdown
2019-11-15 23:39:47,621 [grpc-default-executor-3] INFO  util.JmxRegister (JmxRegister.java:unregister(73)) - Successfully un-registered JMX Bean with object name Ratis:service=RaftServer,group=group-33F611AFDF60,id=5631d385-0b46-47bf-960c-236f816b46d3
2019-11-15 23:39:47,621 [grpc-default-executor-3] INFO  impl.RoleInfo (RoleInfo.java:shutdownLeaderState(104)) - 5631d385-0b46-47bf-960c-236f816b46d3: shutdown LeaderState
2019-11-15 23:39:47,625 [grpc-default-executor-3] INFO  impl.PendingRequests (PendingRequests.java:sendNotLeaderResponses(206)) - 5631d385-0b46-47bf-960c-236f816b46d3@group-33F611AFDF60-PendingRequests: sendNotLeaderResponses
2019-11-15 23:39:47,625 [org.apache.ratis.server.impl.LogAppender$AppenderDaemon$$Lambda$457/1762899165@71682f59] WARN  server.GrpcLogAppender (GrpcLogAppender.java:mayWait(151)) - 5631d385-0b46-47bf-960c-236f816b46d3@group-33F611AFDF60->08a53ee3-16fe-4887-981c-fcef61fe445a-GrpcLogAppender: Wait interrupted by java.lang.InterruptedException
2019-11-15 23:39:47,627 [grpc-default-executor-3] INFO  impl.StateMachineUpdater (StateMachineUpdater.java:stopAndJoin(136)) - 5631d385-0b46-47bf-960c-236f816b46d3@group-33F611AFDF60-StateMachineUpdater: set stopIndex = 0
2019-11-15 23:39:47,625 [org.apache.ratis.server.impl.LogAppender$AppenderDaemon$$Lambda$457/1762899165@346abf10] WARN  server.GrpcLogAppender (GrpcLogAppender.java:mayWait(151)) - 5631d385-0b46-47bf-960c-236f816b46d3@group-33F611AFDF60->5fa1608a-d503-4104-880b-6be568a6d1ca-GrpcLogAppender: Wait interrupted by java.lang.InterruptedException
2019-11-15 23:39:47,627 [grpc-default-executor-5] INFO  server.GrpcServerProtocolService (GrpcServerProtocolService.java:onCompleted(113)) - 08a53ee3-16fe-4887-981c-fcef61fe445a: Completed APPEND_ENTRIES, lastRequest: 5631d385-0b46-47bf-960c-236f816b46d3->08a53ee3-16fe-4887-981c-fcef61fe445a#5-t1, previous=(t:1, i:0), leaderCommit=0, initializing? false, entries: <empty>
2019-11-15 23:39:47,627 [grpc-default-executor-3] INFO  impl.RaftServerImpl (ServerState.java:close(387)) - 5631d385-0b46-47bf-960c-236f816b46d3@group-33F611AFDF60: closes. applyIndex: 0
2019-11-15 23:39:47,627 [grpc-default-executor-5] INFO  server.GrpcServerProtocolService (GrpcServerProtocolService.java:onCompleted(113)) - 5fa1608a-d503-4104-880b-6be568a6d1ca: Completed APPEND_ENTRIES, lastRequest: 5631d385-0b46-47bf-960c-236f816b46d3->5fa1608a-d503-4104-880b-6be568a6d1ca#5-t1, previous=(t:1, i:0), leaderCommit=0, initializing? false, entries: <empty>
2019-11-15 23:39:47,628 [5631d385-0b46-47bf-960c-236f816b46d3@group-33F611AFDF60-SegmentedRaftLogWorker] INFO  segmented.SegmentedRaftLogWorker (SegmentedRaftLogWorker.java:run(316)) - 5631d385-0b46-47bf-960c-236f816b46d3@group-33F611AFDF60-SegmentedRaftLogWorker was interrupted, exiting. There are 0 tasks remaining in the queue.
2019-11-15 23:39:47,628 [grpc-default-executor-2] INFO  server.GrpcLogAppender (GrpcLogAppender.java:onCompleted(308)) - 5631d385-0b46-47bf-960c-236f816b46d3@group-33F611AFDF60->08a53ee3-16fe-4887-981c-fcef61fe445a-AppendLogResponseHandler: follower responses appendEntries COMPLETED
2019-11-15 23:39:47,628 [grpc-default-executor-0] INFO  server.GrpcLogAppender (GrpcLogAppender.java:onCompleted(308)) - 5631d385-0b46-47bf-960c-236f816b46d3@group-33F611AFDF60->5fa1608a-d503-4104-880b-6be568a6d1ca-AppendLogResponseHandler: follower responses appendEntries COMPLETED
2019-11-15 23:39:47,628 [grpc-default-executor-3] INFO  segmented.SegmentedRaftLogWorker (SegmentedRaftLogWorker.java:close(224)) - 5631d385-0b46-47bf-960c-236f816b46d3@group-33F611AFDF60-SegmentedRaftLogWorker close()
2019-11-15 23:39:47,628 [grpc-default-executor-2] INFO  impl.FollowerInfo (FollowerInfo.java:lambda$new$0(51)) - 5631d385-0b46-47bf-960c-236f816b46d3@group-33F611AFDF60->08a53ee3-16fe-4887-981c-fcef61fe445a: nextIndex: updateUnconditionally 1 -> 0
2019-11-15 23:39:47,630 [grpc-default-executor-0] INFO  impl.FollowerInfo (FollowerInfo.java:lambda$new$0(51)) - 5631d385-0b46-47bf-960c-236f816b46d3@group-33F611AFDF60->5fa1608a-d503-4104-880b-6be568a6d1ca: nextIndex: updateUnconditionally 1 -> 0
2019-11-15 23:39:47,634 [grpc-default-executor-3] INFO  impl.RaftServerProxy (RaftServerProxy.java:remove(95)) - 08a53ee3-16fe-4887-981c-fcef61fe445a: remove  FOLLOWER 08a53ee3-16fe-4887-981c-fcef61fe445a@group-33F611AFDF60:t1, leader=5631d385-0b46-47bf-960c-236f816b46d3, voted=5631d385-0b46-47bf-960c-236f816b46d3, raftlog=08a53ee3-16fe-4887-981c-fcef61fe445a@group-33F611AFDF60-SegmentedRaftLog:OPENED:c0,f0,i0, conf=0: [08a53ee3-16fe-4887-981c-fcef61fe445a:192.168.69.89:38583, 5fa1608a-d503-4104-880b-6be568a6d1ca:192.168.69.89:34320, 5631d385-0b46-47bf-960c-236f816b46d3:192.168.69.89:38050], old=null RUNNING
2019-11-15 23:39:47,635 [grpc-default-executor-3] INFO  impl.RaftServerImpl (RaftServerImpl.java:lambda$shutdown$3(250)) - 08a53ee3-16fe-4887-981c-fcef61fe445a@group-33F611AFDF60: shutdown
2019-11-15 23:39:47,635 [grpc-default-executor-3] INFO  util.JmxRegister (JmxRegister.java:unregister(73)) - Successfully un-registered JMX Bean with object name Ratis:service=RaftServer,group=group-33F611AFDF60,id=08a53ee3-16fe-4887-981c-fcef61fe445a
2019-11-15 23:39:47,635 [grpc-default-executor-3] INFO  impl.RoleInfo (RoleInfo.java:shutdownFollowerState(121)) - 08a53ee3-16fe-4887-981c-fcef61fe445a: shutdown FollowerState
2019-11-15 23:39:47,635 [grpc-default-executor-3] INFO  impl.StateMachineUpdater (StateMachineUpdater.java:stopAndJoin(136)) - 08a53ee3-16fe-4887-981c-fcef61fe445a@group-33F611AFDF60-StateMachineUpdater: set stopIndex = 0
2019-11-15 23:39:47,635 [Thread-1664] INFO  impl.FollowerState (FollowerState.java:run(120)) - 08a53ee3-16fe-4887-981c-fcef61fe445a@group-33F611AFDF60-FollowerState was interrupted: java.lang.InterruptedException: sleep interrupted
2019-11-15 23:39:47,637 [grpc-default-executor-3] INFO  impl.RaftServerImpl (ServerState.java:close(387)) - 08a53ee3-16fe-4887-981c-fcef61fe445a@group-33F611AFDF60: closes. applyIndex: 0
2019-11-15 23:39:47,637 [08a53ee3-16fe-4887-981c-fcef61fe445a@group-33F611AFDF60-SegmentedRaftLogWorker] INFO  segmented.SegmentedRaftLogWorker (SegmentedRaftLogWorker.java:run(316)) - 08a53ee3-16fe-4887-981c-fcef61fe445a@group-33F611AFDF60-SegmentedRaftLogWorker was interrupted, exiting. There are 0 tasks remaining in the queue.
2019-11-15 23:39:47,637 [grpc-default-executor-3] INFO  segmented.SegmentedRaftLogWorker (SegmentedRaftLogWorker.java:close(224)) - 08a53ee3-16fe-4887-981c-fcef61fe445a@group-33F611AFDF60-SegmentedRaftLogWorker close()
2019-11-15 23:39:47,643 [grpc-default-executor-3] INFO  impl.RaftServerProxy (RaftServerProxy.java:remove(95)) - 5fa1608a-d503-4104-880b-6be568a6d1ca: remove  FOLLOWER 5fa1608a-d503-4104-880b-6be568a6d1ca@group-33F611AFDF60:t1, leader=5631d385-0b46-47bf-960c-236f816b46d3, voted=5631d385-0b46-47bf-960c-236f816b46d3, raftlog=5fa1608a-d503-4104-880b-6be568a6d1ca@group-33F611AFDF60-SegmentedRaftLog:OPENED:c0,f0,i0, conf=0: [08a53ee3-16fe-4887-981c-fcef61fe445a:192.168.69.89:38583, 5fa1608a-d503-4104-880b-6be568a6d1ca:192.168.69.89:34320, 5631d385-0b46-47bf-960c-236f816b46d3:192.168.69.89:38050], old=null RUNNING
2019-11-15 23:39:47,644 [grpc-default-executor-3] INFO  impl.RaftServerImpl (RaftServerImpl.java:lambda$shutdown$3(250)) - 5fa1608a-d503-4104-880b-6be568a6d1ca@group-33F611AFDF60: shutdown
2019-11-15 23:39:47,644 [grpc-default-executor-3] INFO  util.JmxRegister (JmxRegister.java:unregister(73)) - Successfully un-registered JMX Bean with object name Ratis:service=RaftServer,group=group-33F611AFDF60,id=5fa1608a-d503-4104-880b-6be568a6d1ca
2019-11-15 23:39:47,644 [grpc-default-executor-3] INFO  impl.RoleInfo (RoleInfo.java:shutdownFollowerState(121)) - 5fa1608a-d503-4104-880b-6be568a6d1ca: shutdown FollowerState
2019-11-15 23:39:47,644 [grpc-default-executor-3] INFO  impl.StateMachineUpdater (StateMachineUpdater.java:stopAndJoin(136)) - 5fa1608a-d503-4104-880b-6be568a6d1ca@group-33F611AFDF60-StateMachineUpdater: set stopIndex = 0
2019-11-15 23:39:47,644 [Thread-1665] INFO  impl.FollowerState (FollowerState.java:run(120)) - 5fa1608a-d503-4104-880b-6be568a6d1ca@group-33F611AFDF60-FollowerState was interrupted: java.lang.InterruptedException: sleep interrupted
2019-11-15 23:39:47,646 [grpc-default-executor-3] INFO  impl.RaftServerImpl (ServerState.java:close(387)) - 5fa1608a-d503-4104-880b-6be568a6d1ca@group-33F611AFDF60: closes. applyIndex: 0
2019-11-15 23:39:47,646 [5fa1608a-d503-4104-880b-6be568a6d1ca@group-33F611AFDF60-SegmentedRaftLogWorker] INFO  segmented.SegmentedRaftLogWorker (SegmentedRaftLogWorker.java:run(316)) - 5fa1608a-d503-4104-880b-6be568a6d1ca@group-33F611AFDF60-SegmentedRaftLogWorker was interrupted, exiting. There are 0 tasks remaining in the queue.
2019-11-15 23:39:47,647 [grpc-default-executor-3] INFO  segmented.SegmentedRaftLogWorker (SegmentedRaftLogWorker.java:close(224)) - 5fa1608a-d503-4104-880b-6be568a6d1ca@group-33F611AFDF60-SegmentedRaftLogWorker close()
2019-11-15 23:39:47,650 [Thread-1618] INFO  pipeline.PipelineStateManager (PipelineStateManager.java:removePipeline(106)) - Pipeline Pipeline[ Id: e54164b7-2b5b-41bb-b105-33f611afdf60, Nodes: 5631d385-0b46-47bf-960c-236f816b46d3{ip: 192.168.69.89, host: pr-hdds-2501-jccjl-2716832651, networkLocation: /default-rack, certSerialId: null}08a53ee3-16fe-4887-981c-fcef61fe445a{ip: 192.168.69.89, host: pr-hdds-2501-jccjl-2716832651, networkLocation: /default-rack, certSerialId: null}5fa1608a-d503-4104-880b-6be568a6d1ca{ip: 192.168.69.89, host: pr-hdds-2501-jccjl-2716832651, networkLocation: /default-rack, certSerialId: null}, Type:RATIS, Factor:THREE, State:CLOSED] removed from db
2019-11-15 23:39:47,650 [Thread-1618] INFO  pipeline.SCMPipelineManager (SCMPipelineManager.java:finalizeAndDestroyPipeline(315)) - destroying pipeline:Pipeline[ Id: d192ff83-9931-4a34-80eb-01fdcbe52018, Nodes: 5fa1608a-d503-4104-880b-6be568a6d1ca{ip: 192.168.69.89, host: pr-hdds-2501-jccjl-2716832651, networkLocation: /default-rack, certSerialId: null}, Type:RATIS, Factor:ONE, State:OPEN]
2019-11-15 23:39:47,656 [grpc-default-executor-0] INFO  impl.RaftServerProxy (RaftServerProxy.java:addNew(89)) - 5631d385-0b46-47bf-960c-236f816b46d3: addNew group-49FCFB75375D:[08a53ee3-16fe-4887-981c-fcef61fe445a:192.168.69.89:38583, 5fa1608a-d503-4104-880b-6be568a6d1ca:192.168.69.89:34320, 5631d385-0b46-47bf-960c-236f816b46d3:192.168.69.89:38050] returns group-49FCFB75375D:java.util.concurrent.CompletableFuture@4dd427bc[Not completed]
2019-11-15 23:39:47,657 [grpc-default-executor-2] INFO  impl.RaftServerProxy (RaftServerProxy.java:addNew(89)) - 5fa1608a-d503-4104-880b-6be568a6d1ca: addNew group-49FCFB75375D:[08a53ee3-16fe-4887-981c-fcef61fe445a:192.168.69.89:38583, 5fa1608a-d503-4104-880b-6be568a6d1ca:192.168.69.89:34320, 5631d385-0b46-47bf-960c-236f816b46d3:192.168.69.89:38050] returns group-49FCFB75375D:java.util.concurrent.CompletableFuture@71ffc4d0[Not completed]
2019-11-15 23:39:47,657 [grpc-default-executor-3] INFO  impl.RaftServerProxy (RaftServerProxy.java:addNew(89)) - 08a53ee3-16fe-4887-981c-fcef61fe445a: addNew group-49FCFB75375D:[08a53ee3-16fe-4887-981c-fcef61fe445a:192.168.69.89:38583, 5fa1608a-d503-4104-880b-6be568a6d1ca:192.168.69.89:34320, 5631d385-0b46-47bf-960c-236f816b46d3:192.168.69.89:38050] returns group-49FCFB75375D:java.util.concurrent.CompletableFuture@258b16fc[Not completed]
2019-11-15 23:39:47,659 [pool-163-thread-1] INFO  impl.RaftServerImpl (RaftServerImpl.java:<init>(98)) - 5631d385-0b46-47bf-960c-236f816b46d3: new RaftServerImpl for group-49FCFB75375D:[08a53ee3-16fe-4887-981c-fcef61fe445a:192.168.69.89:38583, 5fa1608a-d503-4104-880b-6be568a6d1ca:192.168.69.89:34320, 5631d385-0b46-47bf-960c-236f816b46d3:192.168.69.89:38050] with ContainerStateMachine:uninitialized
2019-11-15 23:39:47,659 [pool-163-thread-1] INFO  server.RaftServerConfigKeys (ConfUtils.java:logGet(43)) - raft.server.rpc.timeout.min = 1s (custom)
2019-11-15 23:39:47,659 [pool-163-thread-1] INFO  server.RaftServerConfigKeys (ConfUtils.java:logGet(43)) - raft.server.rpc.timeout.max = 1200ms (custom)
2019-11-15 23:39:47,659 [pool-163-thread-1] INFO  server.RaftServerConfigKeys (ConfUtils.java:logGet(43)) - raft.server.rpcslowness.timeout = 120s (custom)
2019-11-15 23:39:47,659 [pool-163-thread-1] INFO  server.RaftServerConfigKeys (ConfUtils.java:logGet(43)) - raft.server.sleep.deviation.threshold = 300 (default)
2019-11-15 23:39:47,659 [pool-163-thread-1] INFO  server.RaftServerConfigKeys (ConfUtils.java:logGet(43)) - raft.server.log.appender.install.snapshot.enabled = false (custom)
2019-11-15 23:39:47,659 [pool-163-thread-1] INFO  impl.RaftServerImpl (ServerState.java:<init>(103)) - 5631d385-0b46-47bf-960c-236f816b46d3@group-49FCFB75375D: ConfigurationManager, init=-1: [08a53ee3-16fe-4887-981c-fcef61fe445a:192.168.69.89:38583, 5fa1608a-d503-4104-880b-6be568a6d1ca:192.168.69.89:34320, 5631d385-0b46-47bf-960c-236f816b46d3:192.168.69.89:38050], old=null, confs=<EMPTY_MAP>
2019-11-15 23:39:47,659 [pool-163-thread-1] INFO  server.RaftServerConfigKeys (ConfUtils.java:logGet(43)) - raft.server.storage.dir = [/workdir/hadoop-ozone/integration-test/target/test-dir/MiniOzoneClusterImpl-33986320-1065-4a8e-9f2e-ea3716de2538/datanode-1/data/ratis] (custom)
2019-11-15 23:39:47,659 [pool-153-thread-1] INFO  impl.RaftServerImpl (RaftServerImpl.java:<init>(98)) - 5fa1608a-d503-4104-880b-6be568a6d1ca: new RaftServerImpl for group-49FCFB75375D:[08a53ee3-16fe-4887-981c-fcef61fe445a:192.168.69.89:38583, 5fa1608a-d503-4104-880b-6be568a6d1ca:192.168.69.89:34320, 5631d385-0b46-47bf-960c-236f816b46d3:192.168.69.89:38050] with ContainerStateMachine:uninitialized
2019-11-15 23:39:47,660 [pool-163-thread-1] INFO  server.RaftServerConfigKeys (ConfUtils.java:logGet(43)) - raft.server.log.corruption.policy = EXCEPTION (default)
2019-11-15 23:39:47,660 [pool-153-thread-1] INFO  server.RaftServerConfigKeys (ConfUtils.java:logGet(43)) - raft.server.rpc.timeout.min = 1s (custom)
2019-11-15 23:39:47,660 [pool-163-thread-1] INFO  storage.RaftStorageDirectory (RaftStorageDirectory.java:analyzeStorage(246)) - The storage directory /workdir/hadoop-ozone/integration-test/target/test-dir/MiniOzoneClusterImpl-33986320-1065-4a8e-9f2e-ea3716de2538/datanode-1/data/ratis/87358e77-5ed5-4885-9abf-49fcfb75375d does not exist. Creating ...
2019-11-15 23:39:47,660 [pool-153-thread-1] INFO  server.RaftServerConfigKeys (ConfUtils.java:logGet(43)) - raft.server.rpc.timeout.max = 1200ms (custom)
2019-11-15 23:39:47,660 [pool-153-thread-1] INFO  server.RaftServerConfigKeys (ConfUtils.java:logGet(43)) - raft.server.rpcslowness.timeout = 120s (custom)
2019-11-15 23:39:47,660 [pool-173-thread-1] INFO  impl.RaftServerImpl (RaftServerImpl.java:<init>(98)) - 08a53ee3-16fe-4887-981c-fcef61fe445a: new RaftServerImpl for group-49FCFB75375D:[08a53ee3-16fe-4887-981c-fcef61fe445a:192.168.69.89:38583, 5fa1608a-d503-4104-880b-6be568a6d1ca:192.168.69.89:34320, 5631d385-0b46-47bf-960c-236f816b46d3:192.168.69.89:38050] with ContainerStateMachine:uninitialized
2019-11-15 23:39:47,660 [pool-153-thread-1] INFO  server.RaftServerConfigKeys (ConfUtils.java:logGet(43)) - raft.server.sleep.deviation.threshold = 300 (default)
2019-11-15 23:39:47,660 [pool-173-thread-1] INFO  server.RaftServerConfigKeys (ConfUtils.java:logGet(43)) - raft.server.rpc.timeout.min = 1s (custom)
2019-11-15 23:39:47,660 [pool-153-thread-1] INFO  server.RaftServerConfigKeys (ConfUtils.java:logGet(43)) - raft.server.log.appender.install.snapshot.enabled = false (custom)
2019-11-15 23:39:47,660 [pool-173-thread-1] INFO  server.RaftServerConfigKeys (ConfUtils.java:logGet(43)) - raft.server.rpc.timeout.max = 1200ms (custom)
2019-11-15 23:39:47,660 [pool-153-thread-1] INFO  impl.RaftServerImpl (ServerState.java:<init>(103)) - 5fa1608a-d503-4104-880b-6be568a6d1ca@group-49FCFB75375D: ConfigurationManager, init=-1: [08a53ee3-16fe-4887-981c-fcef61fe445a:192.168.69.89:38583, 5fa1608a-d503-4104-880b-6be568a6d1ca:192.168.69.89:34320, 5631d385-0b46-47bf-960c-236f816b46d3:192.168.69.89:38050], old=null, confs=<EMPTY_MAP>
2019-11-15 23:39:47,661 [pool-173-thread-1] INFO  server.RaftServerConfigKeys (ConfUtils.java:logGet(43)) - raft.server.rpcslowness.timeout = 120s (custom)
2019-11-15 23:39:47,661 [pool-153-thread-1] INFO  server.RaftServerConfigKeys (ConfUtils.java:logGet(43)) - raft.server.storage.dir = [/workdir/hadoop-ozone/integration-test/target/test-dir/MiniOzoneClusterImpl-33986320-1065-4a8e-9f2e-ea3716de2538/datanode-0/data/ratis] (custom)
2019-11-15 23:39:47,661 [pool-173-thread-1] INFO  server.RaftServerConfigKeys (ConfUtils.java:logGet(43)) - raft.server.sleep.deviation.threshold = 300 (default)
2019-11-15 23:39:47,661 [pool-173-thread-1] INFO  server.RaftServerConfigKeys (ConfUtils.java:logGet(43)) - raft.server.log.appender.install.snapshot.enabled = false (custom)
2019-11-15 23:39:47,661 [pool-153-thread-1] INFO  server.RaftServerConfigKeys (ConfUtils.java:logGet(43)) - raft.server.log.corruption.policy = EXCEPTION (default)
2019-11-15 23:39:47,661 [pool-173-thread-1] INFO  impl.RaftServerImpl (ServerState.java:<init>(103)) - 08a53ee3-16fe-4887-981c-fcef61fe445a@group-49FCFB75375D: ConfigurationManager, init=-1: [08a53ee3-16fe-4887-981c-fcef61fe445a:192.168.69.89:38583, 5fa1608a-d503-4104-880b-6be568a6d1ca:192.168.69.89:34320, 5631d385-0b46-47bf-960c-236f816b46d3:192.168.69.89:38050], old=null, confs=<EMPTY_MAP>
2019-11-15 23:39:47,661 [pool-153-thread-1] INFO  storage.RaftStorageDirectory (RaftStorageDirectory.java:analyzeStorage(246)) - The storage directory /workdir/hadoop-ozone/integration-test/target/test-dir/MiniOzoneClusterImpl-33986320-1065-4a8e-9f2e-ea3716de2538/datanode-0/data/ratis/87358e77-5ed5-4885-9abf-49fcfb75375d does not exist. Creating ...
2019-11-15 23:39:47,661 [pool-173-thread-1] INFO  server.RaftServerConfigKeys (ConfUtils.java:logGet(43)) - raft.server.storage.dir = [/workdir/hadoop-ozone/integration-test/target/test-dir/MiniOzoneClusterImpl-33986320-1065-4a8e-9f2e-ea3716de2538/datanode-2/data/ratis] (custom)
2019-11-15 23:39:47,662 [pool-173-thread-1] INFO  server.RaftServerConfigKeys (ConfUtils.java:logGet(43)) - raft.server.log.corruption.policy = EXCEPTION (default)
2019-11-15 23:39:47,662 [pool-173-thread-1] INFO  storage.RaftStorageDirectory (RaftStorageDirectory.java:analyzeStorage(246)) - The storage directory /workdir/hadoop-ozone/integration-test/target/test-dir/MiniOzoneClusterImpl-33986320-1065-4a8e-9f2e-ea3716de2538/datanode-2/data/ratis/87358e77-5ed5-4885-9abf-49fcfb75375d does not exist. Creating ...
2019-11-15 23:39:47,685 [pool-153-thread-1] INFO  storage.RaftStorageDirectory (RaftStorageDirectory.java:tryLock(328)) - Lock on /workdir/hadoop-ozone/integration-test/target/test-dir/MiniOzoneClusterImpl-33986320-1065-4a8e-9f2e-ea3716de2538/datanode-0/data/ratis/87358e77-5ed5-4885-9abf-49fcfb75375d/in_use.lock acquired by nodename 14981@pr-hdds-2501-jccjl-2716832651
2019-11-15 23:39:47,685 [pool-173-thread-1] INFO  storage.RaftStorageDirectory (RaftStorageDirectory.java:tryLock(328)) - Lock on /workdir/hadoop-ozone/integration-test/target/test-dir/MiniOzoneClusterImpl-33986320-1065-4a8e-9f2e-ea3716de2538/datanode-2/data/ratis/87358e77-5ed5-4885-9abf-49fcfb75375d/in_use.lock acquired by nodename 14981@pr-hdds-2501-jccjl-2716832651
2019-11-15 23:39:47,685 [pool-163-thread-1] INFO  storage.RaftStorageDirectory (RaftStorageDirectory.java:tryLock(328)) - Lock on /workdir/hadoop-ozone/integration-test/target/test-dir/MiniOzoneClusterImpl-33986320-1065-4a8e-9f2e-ea3716de2538/datanode-1/data/ratis/87358e77-5ed5-4885-9abf-49fcfb75375d/in_use.lock acquired by nodename 14981@pr-hdds-2501-jccjl-2716832651
2019-11-15 23:39:47,698 [pool-163-thread-1] INFO  storage.RaftStorage (RaftStorage.java:format(84)) - Storage directory /workdir/hadoop-ozone/integration-test/target/test-dir/MiniOzoneClusterImpl-33986320-1065-4a8e-9f2e-ea3716de2538/datanode-1/data/ratis/87358e77-5ed5-4885-9abf-49fcfb75375d has been successfully formatted.
2019-11-15 23:39:47,698 [pool-153-thread-1] INFO  storage.RaftStorage (RaftStorage.java:format(84)) - Storage directory /workdir/hadoop-ozone/integration-test/target/test-dir/MiniOzoneClusterImpl-33986320-1065-4a8e-9f2e-ea3716de2538/datanode-0/data/ratis/87358e77-5ed5-4885-9abf-49fcfb75375d has been successfully formatted.
2019-11-15 23:39:47,698 [pool-173-thread-1] INFO  storage.RaftStorage (RaftStorage.java:format(84)) - Storage directory /workdir/hadoop-ozone/integration-test/target/test-dir/MiniOzoneClusterImpl-33986320-1065-4a8e-9f2e-ea3716de2538/datanode-2/data/ratis/87358e77-5ed5-4885-9abf-49fcfb75375d has been successfully formatted.
2019-11-15 23:39:47,699 [pool-163-thread-1] INFO  ratis.ContainerStateMachine (ContainerStateMachine.java:loadSnapshot(223)) - group-49FCFB75375D: The snapshot info is null. Setting the last applied indexto:(t:0, i:~)
2019-11-15 23:39:47,699 [pool-153-thread-1] INFO  ratis.ContainerStateMachine (ContainerStateMachine.java:loadSnapshot(223)) - group-49FCFB75375D: The snapshot info is null. Setting the last applied indexto:(t:0, i:~)
2019-11-15 23:39:47,699 [pool-163-thread-1] INFO  server.RaftServerConfigKeys (ConfUtils.java:logGet(43)) - raft.server.notification.no-leader.timeout = 120s (custom)
2019-11-15 23:39:47,699 [pool-173-thread-1] INFO  ratis.ContainerStateMachine (ContainerStateMachine.java:loadSnapshot(223)) - group-49FCFB75375D: The snapshot info is null. Setting the last applied indexto:(t:0, i:~)
2019-11-15 23:39:47,699 [pool-163-thread-1] INFO  server.RaftServerConfigKeys (ConfUtils.java:logGet(43)) - raft.server.log.use.memory = false (default)
2019-11-15 23:39:47,699 [pool-153-thread-1] INFO  server.RaftServerConfigKeys (ConfUtils.java:logGet(43)) - raft.server.notification.no-leader.timeout = 120s (custom)
2019-11-15 23:39:47,699 [pool-163-thread-1] INFO  server.RaftServerConfigKeys (ConfUtils.java:logGet(43)) - raft.server.log.purge.gap = 1000000 (custom)
2019-11-15 23:39:47,699 [pool-173-thread-1] INFO  server.RaftServerConfigKeys (ConfUtils.java:logGet(43)) - raft.server.notification.no-leader.timeout = 120s (custom)
2019-11-15 23:39:47,699 [pool-163-thread-1] INFO  server.RaftServerConfigKeys (ConfUtils.java:logGet(43)) - raft.server.log.appender.buffer.byte-limit = 33554432 (custom)
2019-11-15 23:39:47,699 [pool-153-thread-1] INFO  server.RaftServerConfigKeys (ConfUtils.java:logGet(43)) - raft.server.log.use.memory = false (default)
2019-11-15 23:39:47,700 [pool-163-thread-1] INFO  server.RaftServerConfigKeys (ConfUtils.java:logGet(43)) - raft.server.log.segment.size.max = 1048576 (custom)
2019-11-15 23:39:47,699 [pool-173-thread-1] INFO  server.RaftServerConfigKeys (ConfUtils.java:logGet(43)) - raft.server.log.use.memory = false (default)
2019-11-15 23:39:47,700 [pool-163-thread-1] INFO  server.RaftServerConfigKeys (ConfUtils.java:logGet(43)) - raft.server.log.segment.cache.num.max = 2 (custom)
2019-11-15 23:39:47,700 [pool-153-thread-1] INFO  server.RaftServerConfigKeys (ConfUtils.java:logGet(43)) - raft.server.log.purge.gap = 1000000 (custom)
2019-11-15 23:39:47,700 [pool-163-thread-1] INFO  segmented.SegmentedRaftLogWorker (SegmentedRaftLogWorker.java:<init>(173)) - new 5631d385-0b46-47bf-960c-236f816b46d3@group-49FCFB75375D-SegmentedRaftLogWorker for RaftStorage:Storage Directory /workdir/hadoop-ozone/integration-test/target/test-dir/MiniOzoneClusterImpl-33986320-1065-4a8e-9f2e-ea3716de2538/datanode-1/data/ratis/87358e77-5ed5-4885-9abf-49fcfb75375d
2019-11-15 23:39:47,700 [pool-173-thread-1] INFO  server.RaftServerConfigKeys (ConfUtils.java:logGet(43)) - raft.server.log.purge.gap = 1000000 (custom)
2019-11-15 23:39:47,700 [pool-163-thread-1] INFO  server.RaftServerConfigKeys (ConfUtils.java:logGet(43)) - raft.server.log.queue.byte-limit = 2147483647 (custom)
2019-11-15 23:39:47,700 [pool-153-thread-1] INFO  server.RaftServerConfigKeys (ConfUtils.java:logGet(43)) - raft.server.log.appender.buffer.byte-limit = 33554432 (custom)
2019-11-15 23:39:47,700 [pool-163-thread-1] INFO  server.RaftServerConfigKeys (ConfUtils.java:logGet(43)) - raft.server.log.queue.element-limit = 1024 (custom)
2019-11-15 23:39:47,700 [pool-173-thread-1] INFO  server.RaftServerConfigKeys (ConfUtils.java:logGet(43)) - raft.server.log.appender.buffer.byte-limit = 33554432 (custom)
2019-11-15 23:39:47,700 [pool-163-thread-1] INFO  server.RaftServerConfigKeys (ConfUtils.java:logGet(43)) - raft.server.log.segment.size.max = 1048576 (custom)
2019-11-15 23:39:47,700 [pool-153-thread-1] INFO  server.RaftServerConfigKeys (ConfUtils.java:logGet(43)) - raft.server.log.segment.size.max = 1048576 (custom)
2019-11-15 23:39:47,701 [pool-163-thread-1] INFO  server.RaftServerConfigKeys (ConfUtils.java:logGet(43)) - raft.server.log.preallocated.size = 16384 (custom)
2019-11-15 23:39:47,701 [pool-173-thread-1] INFO  server.RaftServerConfigKeys (ConfUtils.java:logGet(43)) - raft.server.log.segment.size.max = 1048576 (custom)
2019-11-15 23:39:47,701 [pool-163-thread-1] INFO  server.RaftServerConfigKeys (ConfUtils.java:logGet(43)) - raft.server.log.write.buffer.size = 33554432 (custom)
2019-11-15 23:39:47,701 [pool-153-thread-1] INFO  server.RaftServerConfigKeys (ConfUtils.java:logGet(43)) - raft.server.log.segment.cache.num.max = 2 (custom)
2019-11-15 23:39:47,701 [pool-163-thread-1] INFO  server.RaftServerConfigKeys (ConfUtils.java:logGet(43)) - raft.server.log.force.sync.num = 128 (default)
2019-11-15 23:39:47,701 [pool-173-thread-1] INFO  server.RaftServerConfigKeys (ConfUtils.java:logGet(43)) - raft.server.log.segment.cache.num.max = 2 (custom)
2019-11-15 23:39:47,701 [pool-163-thread-1] INFO  server.RaftServerConfigKeys (ConfUtils.java:logGet(43)) - raft.server.log.statemachine.data.sync = true (default)
2019-11-15 23:39:47,701 [pool-163-thread-1] INFO  server.RaftServerConfigKeys (ConfUtils.java:logGet(43)) - raft.server.log.statemachine.data.sync.timeout = 10s (default)
2019-11-15 23:39:47,701 [pool-153-thread-1] INFO  segmented.SegmentedRaftLogWorker (SegmentedRaftLogWorker.java:<init>(173)) - new 5fa1608a-d503-4104-880b-6be568a6d1ca@group-49FCFB75375D-SegmentedRaftLogWorker for RaftStorage:Storage Directory /workdir/hadoop-ozone/integration-test/target/test-dir/MiniOzoneClusterImpl-33986320-1065-4a8e-9f2e-ea3716de2538/datanode-0/data/ratis/87358e77-5ed5-4885-9abf-49fcfb75375d
2019-11-15 23:39:47,701 [pool-163-thread-1] INFO  server.RaftServerConfigKeys (ConfUtils.java:logGet(43)) - raft.server.log.statemachine.data.sync.timeout.retry = -1 (default)
2019-11-15 23:39:47,701 [pool-173-thread-1] INFO  segmented.SegmentedRaftLogWorker (SegmentedRaftLogWorker.java:<init>(173)) - new 08a53ee3-16fe-4887-981c-fcef61fe445a@group-49FCFB75375D-SegmentedRaftLogWorker for RaftStorage:Storage Directory /workdir/hadoop-ozone/integration-test/target/test-dir/MiniOzoneClusterImpl-33986320-1065-4a8e-9f2e-ea3716de2538/datanode-2/data/ratis/87358e77-5ed5-4885-9abf-49fcfb75375d
2019-11-15 23:39:47,702 [pool-163-thread-1] INFO  server.RaftServerConfigKeys (ConfUtils.java:logGet(43)) - raft.server.log.statemachine.data.caching.enabled = true (custom)
2019-11-15 23:39:47,701 [pool-153-thread-1] INFO  server.RaftServerConfigKeys (ConfUtils.java:logGet(43)) - raft.server.log.queue.byte-limit = 2147483647 (custom)
2019-11-15 23:39:47,702 [pool-173-thread-1] INFO  server.RaftServerConfigKeys (ConfUtils.java:logGet(43)) - raft.server.log.queue.byte-limit = 2147483647 (custom)
2019-11-15 23:39:47,702 [pool-163-thread-1] INFO  segmented.SegmentedRaftLogWorker (SegmentedRaftLogWorker.java:lambda$new$0(128)) - 5631d385-0b46-47bf-960c-236f816b46d3@group-49FCFB75375D-SegmentedRaftLogWorker: flushIndex: setUnconditionally 0 -> -1
2019-11-15 23:39:47,702 [pool-153-thread-1] INFO  server.RaftServerConfigKeys (ConfUtils.java:logGet(43)) - raft.server.log.queue.element-limit = 1024 (custom)
2019-11-15 23:39:47,702 [pool-173-thread-1] INFO  server.RaftServerConfigKeys (ConfUtils.java:logGet(43)) - raft.server.log.queue.element-limit = 1024 (custom)
2019-11-15 23:39:47,702 [pool-153-thread-1] INFO  server.RaftServerConfigKeys (ConfUtils.java:logGet(43)) - raft.server.log.segment.size.max = 1048576 (custom)
2019-11-15 23:39:47,702 [pool-163-thread-1] INFO  server.RaftServerConfigKeys (ConfUtils.java:logGet(43)) - raft.server.snapshot.auto.trigger.enabled = true (custom)
2019-11-15 23:39:47,702 [pool-153-thread-1] INFO  server.RaftServerConfigKeys (ConfUtils.java:logGet(43)) - raft.server.log.preallocated.size = 16384 (custom)
2019-11-15 23:39:47,702 [pool-173-thread-1] INFO  server.RaftServerConfigKeys (ConfUtils.java:logGet(43)) - raft.server.log.segment.size.max = 1048576 (custom)
2019-11-15 23:39:47,702 [pool-153-thread-1] INFO  server.RaftServerConfigKeys (ConfUtils.java:logGet(43)) - raft.server.log.write.buffer.size = 33554432 (custom)
2019-11-15 23:39:47,702 [pool-163-thread-1] INFO  server.RaftServerConfigKeys (ConfUtils.java:logGet(43)) - raft.server.snapshot.auto.trigger.threshold = 10000 (custom)
2019-11-15 23:39:47,703 [pool-153-thread-1] INFO  server.RaftServerConfigKeys (ConfUtils.java:logGet(43)) - raft.server.log.force.sync.num = 128 (default)
2019-11-15 23:39:47,703 [pool-173-thread-1] INFO  server.RaftServerConfigKeys (ConfUtils.java:logGet(43)) - raft.server.log.preallocated.size = 16384 (custom)
2019-11-15 23:39:47,703 [pool-153-thread-1] INFO  server.RaftServerConfigKeys (ConfUtils.java:logGet(43)) - raft.server.log.statemachine.data.sync = true (default)
2019-11-15 23:39:47,703 [pool-163-thread-1] INFO  server.RaftServerConfigKeys (ConfUtils.java:logGet(43)) - raft.server.snapshot.retention.file.num = 5 (custom)
2019-11-15 23:39:47,703 [pool-153-thread-1] INFO  server.RaftServerConfigKeys (ConfUtils.java:logGet(43)) - raft.server.log.statemachine.data.sync.timeout = 10s (default)
2019-11-15 23:39:47,703 [pool-173-thread-1] INFO  server.RaftServerConfigKeys (ConfUtils.java:logGet(43)) - raft.server.log.write.buffer.size = 33554432 (custom)
2019-11-15 23:39:47,703 [pool-153-thread-1] INFO  server.RaftServerConfigKeys (ConfUtils.java:logGet(43)) - raft.server.log.statemachine.data.sync.timeout.retry = -1 (default)
2019-11-15 23:39:47,703 [pool-163-thread-1] INFO  server.RaftServerConfigKeys (ConfUtils.java:logGet(43)) - raft.server.retrycache.expirytime = 600000ms (custom)
2019-11-15 23:39:47,703 [pool-153-thread-1] INFO  server.RaftServerConfigKeys (ConfUtils.java:logGet(43)) - raft.server.log.statemachine.data.caching.enabled = true (custom)
2019-11-15 23:39:47,703 [pool-173-thread-1] INFO  server.RaftServerConfigKeys (ConfUtils.java:logGet(43)) - raft.server.log.force.sync.num = 128 (default)
2019-11-15 23:39:47,704 [pool-163-thread-1] WARN  impl.MetricRegistriesImpl (MetricRegistriesImpl.java:lambda$create$1(61)) - First MetricRegistry has been created without registering reporters. You may need to call MetricRegistries.global().addReportRegistration(...) before.
2019-11-15 23:39:47,704 [pool-153-thread-1] INFO  segmented.SegmentedRaftLogWorker (SegmentedRaftLogWorker.java:lambda$new$0(128)) - 5fa1608a-d503-4104-880b-6be568a6d1ca@group-49FCFB75375D-SegmentedRaftLogWorker: flushIndex: setUnconditionally 0 -> -1
2019-11-15 23:39:47,704 [pool-173-thread-1] INFO  server.RaftServerConfigKeys (ConfUtils.java:logGet(43)) - raft.server.log.statemachine.data.sync = true (default)
2019-11-15 23:39:47,704 [pool-163-thread-1] WARN  impl.MetricRegistriesImpl (MetricRegistriesImpl.java:lambda$create$1(61)) - First MetricRegistry has been created without registering reporters. You may need to call MetricRegistries.global().addReportRegistration(...) before.
2019-11-15 23:39:47,704 [pool-153-thread-1] INFO  server.RaftServerConfigKeys (ConfUtils.java:logGet(43)) - raft.server.snapshot.auto.trigger.enabled = true (custom)
2019-11-15 23:39:47,704 [pool-173-thread-1] INFO  server.RaftServerConfigKeys (ConfUtils.java:logGet(43)) - raft.server.log.statemachine.data.sync.timeout = 10s (default)
2019-11-15 23:39:47,704 [pool-153-thread-1] INFO  server.RaftServerConfigKeys (ConfUtils.java:logGet(43)) - raft.server.snapshot.auto.trigger.threshold = 10000 (custom)
2019-11-15 23:39:47,704 [pool-163-thread-1] INFO  impl.RaftServerImpl (RaftServerImpl.java:start(184)) - 5631d385-0b46-47bf-960c-236f816b46d3@group-49FCFB75375D: start as a follower, conf=-1: [08a53ee3-16fe-4887-981c-fcef61fe445a:192.168.69.89:38583, 5fa1608a-d503-4104-880b-6be568a6d1ca:192.168.69.89:34320, 5631d385-0b46-47bf-960c-236f816b46d3:192.168.69.89:38050], old=null
2019-11-15 23:39:47,704 [pool-153-thread-1] INFO  server.RaftServerConfigKeys (ConfUtils.java:logGet(43)) - raft.server.snapshot.retention.file.num = 5 (custom)
2019-11-15 23:39:47,704 [pool-173-thread-1] INFO  server.RaftServerConfigKeys (ConfUtils.java:logGet(43)) - raft.server.log.statemachine.data.sync.timeout.retry = -1 (default)
2019-11-15 23:39:47,705 [pool-153-thread-1] INFO  server.RaftServerConfigKeys (ConfUtils.java:logGet(43)) - raft.server.retrycache.expirytime = 600000ms (custom)
2019-11-15 23:39:47,704 [pool-163-thread-1] INFO  impl.RaftServerImpl (RaftServerImpl.java:setRole(173)) - 5631d385-0b46-47bf-960c-236f816b46d3@group-49FCFB75375D: changes role from      null to FOLLOWER at term 0 for startAsFollower
2019-11-15 23:39:47,705 [pool-173-thread-1] INFO  server.RaftServerConfigKeys (ConfUtils.java:logGet(43)) - raft.server.log.statemachine.data.caching.enabled = true (custom)
2019-11-15 23:39:47,705 [pool-163-thread-1] INFO  impl.RoleInfo (RoleInfo.java:updateAndGet(143)) - 5631d385-0b46-47bf-960c-236f816b46d3: start FollowerState
2019-11-15 23:39:47,705 [pool-153-thread-1] WARN  impl.MetricRegistriesImpl (MetricRegistriesImpl.java:lambda$create$1(61)) - First MetricRegistry has been created without registering reporters. You may need to call MetricRegistries.global().addReportRegistration(...) before.
2019-11-15 23:39:47,705 [pool-173-thread-1] INFO  segmented.SegmentedRaftLogWorker (SegmentedRaftLogWorker.java:lambda$new$0(128)) - 08a53ee3-16fe-4887-981c-fcef61fe445a@group-49FCFB75375D-SegmentedRaftLogWorker: flushIndex: setUnconditionally 0 -> -1
2019-11-15 23:39:47,705 [pool-163-thread-1] INFO  util.JmxRegister (JmxRegister.java:tryRegister(44)) - Successfully registered JMX Bean with object name Ratis:service=RaftServer,group=group-49FCFB75375D,id=5631d385-0b46-47bf-960c-236f816b46d3
2019-11-15 23:39:47,705 [pool-153-thread-1] WARN  impl.MetricRegistriesImpl (MetricRegistriesImpl.java:lambda$create$1(61)) - First MetricRegistry has been created without registering reporters. You may need to call MetricRegistries.global().addReportRegistration(...) before.
2019-11-15 23:39:47,705 [pool-173-thread-1] INFO  server.RaftServerConfigKeys (ConfUtils.java:logGet(43)) - raft.server.snapshot.auto.trigger.enabled = true (custom)
2019-11-15 23:39:47,705 [pool-163-thread-1] WARN  impl.MetricRegistriesImpl (MetricRegistriesImpl.java:lambda$create$1(61)) - First MetricRegistry has been created without registering reporters. You may need to call MetricRegistries.global().addReportRegistration(...) before.
2019-11-15 23:39:47,706 [pool-173-thread-1] INFO  server.RaftServerConfigKeys (ConfUtils.java:logGet(43)) - raft.server.snapshot.auto.trigger.threshold = 10000 (custom)
2019-11-15 23:39:47,705 [pool-153-thread-1] INFO  impl.RaftServerImpl (RaftServerImpl.java:start(184)) - 5fa1608a-d503-4104-880b-6be568a6d1ca@group-49FCFB75375D: start as a follower, conf=-1: [08a53ee3-16fe-4887-981c-fcef61fe445a:192.168.69.89:38583, 5fa1608a-d503-4104-880b-6be568a6d1ca:192.168.69.89:34320, 5631d385-0b46-47bf-960c-236f816b46d3:192.168.69.89:38050], old=null
2019-11-15 23:39:47,706 [pool-173-thread-1] INFO  server.RaftServerConfigKeys (ConfUtils.java:logGet(43)) - raft.server.snapshot.retention.file.num = 5 (custom)
2019-11-15 23:39:47,706 [pool-153-thread-1] INFO  impl.RaftServerImpl (RaftServerImpl.java:setRole(173)) - 5fa1608a-d503-4104-880b-6be568a6d1ca@group-49FCFB75375D: changes role from      null to FOLLOWER at term 0 for startAsFollower
2019-11-15 23:39:47,706 [pool-173-thread-1] INFO  server.RaftServerConfigKeys (ConfUtils.java:logGet(43)) - raft.server.retrycache.expirytime = 600000ms (custom)
2019-11-15 23:39:47,706 [pool-153-thread-1] INFO  impl.RoleInfo (RoleInfo.java:updateAndGet(143)) - 5fa1608a-d503-4104-880b-6be568a6d1ca: start FollowerState
2019-11-15 23:39:47,706 [pool-173-thread-1] WARN  impl.MetricRegistriesImpl (MetricRegistriesImpl.java:lambda$create$1(61)) - First MetricRegistry has been created without registering reporters. You may need to call MetricRegistries.global().addReportRegistration(...) before.
2019-11-15 23:39:47,707 [pool-173-thread-1] WARN  impl.MetricRegistriesImpl (MetricRegistriesImpl.java:lambda$create$1(61)) - First MetricRegistry has been created without registering reporters. You may need to call MetricRegistries.global().addReportRegistration(...) before.
2019-11-15 23:39:47,713 [pool-173-thread-1] INFO  impl.RaftServerImpl (RaftServerImpl.java:start(184)) - 08a53ee3-16fe-4887-981c-fcef61fe445a@group-49FCFB75375D: start as a follower, conf=-1: [08a53ee3-16fe-4887-981c-fcef61fe445a:192.168.69.89:38583, 5fa1608a-d503-4104-880b-6be568a6d1ca:192.168.69.89:34320, 5631d385-0b46-47bf-960c-236f816b46d3:192.168.69.89:38050], old=null
2019-11-15 23:39:47,713 [pool-153-thread-1] INFO  util.JmxRegister (JmxRegister.java:tryRegister(44)) - Successfully registered JMX Bean with object name Ratis:service=RaftServer,group=group-49FCFB75375D,id=5fa1608a-d503-4104-880b-6be568a6d1ca
2019-11-15 23:39:47,713 [pool-173-thread-1] INFO  impl.RaftServerImpl (RaftServerImpl.java:setRole(173)) - 08a53ee3-16fe-4887-981c-fcef61fe445a@group-49FCFB75375D: changes role from      null to FOLLOWER at term 0 for startAsFollower
2019-11-15 23:39:47,713 [pool-153-thread-1] WARN  impl.MetricRegistriesImpl (MetricRegistriesImpl.java:lambda$create$1(61)) - First MetricRegistry has been created without registering reporters. You may need to call MetricRegistries.global().addReportRegistration(...) before.
2019-11-15 23:39:47,713 [pool-173-thread-1] INFO  impl.RoleInfo (RoleInfo.java:updateAndGet(143)) - 08a53ee3-16fe-4887-981c-fcef61fe445a: start FollowerState
2019-11-15 23:39:47,719 [pool-173-thread-1] INFO  util.JmxRegister (JmxRegister.java:tryRegister(44)) - Successfully registered JMX Bean with object name Ratis:service=RaftServer,group=group-49FCFB75375D,id=08a53ee3-16fe-4887-981c-fcef61fe445a
2019-11-15 23:39:47,719 [pool-173-thread-1] WARN  impl.MetricRegistriesImpl (MetricRegistriesImpl.java:lambda$create$1(61)) - First MetricRegistry has been created without registering reporters. You may need to call MetricRegistries.global().addReportRegistration(...) before.
2019-11-15 23:39:47,721 [RatisPipelineUtilsThread] INFO  pipeline.PipelineStateManager (PipelineStateManager.java:addPipeline(55)) - Created pipeline Pipeline[ Id: 87358e77-5ed5-4885-9abf-49fcfb75375d, Nodes: 5631d385-0b46-47bf-960c-236f816b46d3{ip: 192.168.69.89, host: pr-hdds-2501-jccjl-2716832651, networkLocation: /default-rack, certSerialId: null}08a53ee3-16fe-4887-981c-fcef61fe445a{ip: 192.168.69.89, host: pr-hdds-2501-jccjl-2716832651, networkLocation: /default-rack, certSerialId: null}5fa1608a-d503-4104-880b-6be568a6d1ca{ip: 192.168.69.89, host: pr-hdds-2501-jccjl-2716832651, networkLocation: /default-rack, certSerialId: null}, Type:RATIS, Factor:THREE, State:ALLOCATED]
2019-11-15 23:39:47,722 [Thread-1618] INFO  pipeline.PipelineStateManager (PipelineStateManager.java:finalizePipeline(121)) - Pipeline Pipeline[ Id: d192ff83-9931-4a34-80eb-01fdcbe52018, Nodes: 5fa1608a-d503-4104-880b-6be568a6d1ca{ip: 192.168.69.89, host: pr-hdds-2501-jccjl-2716832651, networkLocation: /default-rack, certSerialId: null}, Type:RATIS, Factor:ONE, State:CLOSED] moved to CLOSED state
2019-11-15 23:39:47,725 [grpc-default-executor-3] INFO  impl.RaftServerProxy (RaftServerProxy.java:remove(95)) - 5fa1608a-d503-4104-880b-6be568a6d1ca: remove    LEADER 5fa1608a-d503-4104-880b-6be568a6d1ca@group-01FDCBE52018:t1, leader=5fa1608a-d503-4104-880b-6be568a6d1ca, voted=5fa1608a-d503-4104-880b-6be568a6d1ca, raftlog=5fa1608a-d503-4104-880b-6be568a6d1ca@group-01FDCBE52018-SegmentedRaftLog:OPENED:c0,f0,i0, conf=0: [5fa1608a-d503-4104-880b-6be568a6d1ca:192.168.69.89:34320], old=null RUNNING
2019-11-15 23:39:47,727 [grpc-default-executor-3] INFO  impl.RaftServerImpl (RaftServerImpl.java:lambda$shutdown$3(250)) - 5fa1608a-d503-4104-880b-6be568a6d1ca@group-01FDCBE52018: shutdown
2019-11-15 23:39:47,727 [grpc-default-executor-3] INFO  util.JmxRegister (JmxRegister.java:unregister(73)) - Successfully un-registered JMX Bean with object name Ratis:service=RaftServer,group=group-01FDCBE52018,id=5fa1608a-d503-4104-880b-6be568a6d1ca
2019-11-15 23:39:47,727 [grpc-default-executor-3] INFO  impl.RoleInfo (RoleInfo.java:shutdownLeaderState(104)) - 5fa1608a-d503-4104-880b-6be568a6d1ca: shutdown LeaderState
2019-11-15 23:39:47,727 [grpc-default-executor-3] INFO  impl.PendingRequests (PendingRequests.java:sendNotLeaderResponses(206)) - 5fa1608a-d503-4104-880b-6be568a6d1ca@group-01FDCBE52018-PendingRequests: sendNotLeaderResponses
2019-11-15 23:39:47,727 [grpc-default-executor-3] INFO  impl.StateMachineUpdater (StateMachineUpdater.java:stopAndJoin(136)) - 5fa1608a-d503-4104-880b-6be568a6d1ca@group-01FDCBE52018-StateMachineUpdater: set stopIndex = 0
2019-11-15 23:39:47,728 [grpc-default-executor-3] INFO  impl.RaftServerImpl (ServerState.java:close(387)) - 5fa1608a-d503-4104-880b-6be568a6d1ca@group-01FDCBE52018: closes. applyIndex: 0
2019-11-15 23:39:47,728 [5fa1608a-d503-4104-880b-6be568a6d1ca@group-01FDCBE52018-SegmentedRaftLogWorker] INFO  segmented.SegmentedRaftLogWorker (SegmentedRaftLogWorker.java:run(316)) - 5fa1608a-d503-4104-880b-6be568a6d1ca@group-01FDCBE52018-SegmentedRaftLogWorker was interrupted, exiting. There are 0 tasks remaining in the queue.
2019-11-15 23:39:47,728 [grpc-default-executor-3] INFO  segmented.SegmentedRaftLogWorker (SegmentedRaftLogWorker.java:close(224)) - 5fa1608a-d503-4104-880b-6be568a6d1ca@group-01FDCBE52018-SegmentedRaftLogWorker close()
2019-11-15 23:39:47,732 [Thread-1618] INFO  pipeline.PipelineStateManager (PipelineStateManager.java:removePipeline(106)) - Pipeline Pipeline[ Id: d192ff83-9931-4a34-80eb-01fdcbe52018, Nodes: 5fa1608a-d503-4104-880b-6be568a6d1ca{ip: 192.168.69.89, host: pr-hdds-2501-jccjl-2716832651, networkLocation: /default-rack, certSerialId: null}, Type:RATIS, Factor:ONE, State:CLOSED] removed from db
2019-11-15 23:39:47,735 [grpc-default-executor-3] INFO  impl.RaftServerProxy (RaftServerProxy.java:addNew(89)) - 5fa1608a-d503-4104-880b-6be568a6d1ca: addNew group-B3F28E994568:[5fa1608a-d503-4104-880b-6be568a6d1ca:192.168.69.89:34320] returns group-B3F28E994568:java.util.concurrent.CompletableFuture@697b3965[Not completed]
2019-11-15 23:39:47,736 [pool-153-thread-1] INFO  impl.RaftServerImpl (RaftServerImpl.java:<init>(98)) - 5fa1608a-d503-4104-880b-6be568a6d1ca: new RaftServerImpl for group-B3F28E994568:[5fa1608a-d503-4104-880b-6be568a6d1ca:192.168.69.89:34320] with ContainerStateMachine:uninitialized
2019-11-15 23:39:47,736 [pool-153-thread-1] INFO  server.RaftServerConfigKeys (ConfUtils.java:logGet(43)) - raft.server.rpc.timeout.min = 1s (custom)
2019-11-15 23:39:47,737 [pool-153-thread-1] INFO  server.RaftServerConfigKeys (ConfUtils.java:logGet(43)) - raft.server.rpc.timeout.max = 1200ms (custom)
2019-11-15 23:39:47,737 [pool-153-thread-1] INFO  server.RaftServerConfigKeys (ConfUtils.java:logGet(43)) - raft.server.rpcslowness.timeout = 120s (custom)
2019-11-15 23:39:47,737 [pool-153-thread-1] INFO  server.RaftServerConfigKeys (ConfUtils.java:logGet(43)) - raft.server.sleep.deviation.threshold = 300 (default)
2019-11-15 23:39:47,737 [pool-153-thread-1] INFO  server.RaftServerConfigKeys (ConfUtils.java:logGet(43)) - raft.server.log.appender.install.snapshot.enabled = false (custom)
2019-11-15 23:39:47,737 [pool-153-thread-1] INFO  impl.RaftServerImpl (ServerState.java:<init>(103)) - 5fa1608a-d503-4104-880b-6be568a6d1ca@group-B3F28E994568: ConfigurationManager, init=-1: [5fa1608a-d503-4104-880b-6be568a6d1ca:192.168.69.89:34320], old=null, confs=<EMPTY_MAP>
2019-11-15 23:39:47,737 [pool-153-thread-1] INFO  server.RaftServerConfigKeys (ConfUtils.java:logGet(43)) - raft.server.storage.dir = [/workdir/hadoop-ozone/integration-test/target/test-dir/MiniOzoneClusterImpl-33986320-1065-4a8e-9f2e-ea3716de2538/datanode-0/data/ratis] (custom)
2019-11-15 23:39:47,737 [pool-153-thread-1] INFO  server.RaftServerConfigKeys (ConfUtils.java:logGet(43)) - raft.server.log.corruption.policy = EXCEPTION (default)
2019-11-15 23:39:47,738 [pool-153-thread-1] INFO  storage.RaftStorageDirectory (RaftStorageDirectory.java:analyzeStorage(246)) - The storage directory /workdir/hadoop-ozone/integration-test/target/test-dir/MiniOzoneClusterImpl-33986320-1065-4a8e-9f2e-ea3716de2538/datanode-0/data/ratis/62218972-72eb-4208-9ed0-b3f28e994568 does not exist. Creating ...
2019-11-15 23:39:47,760 [pool-153-thread-1] INFO  storage.RaftStorageDirectory (RaftStorageDirectory.java:tryLock(328)) - Lock on /workdir/hadoop-ozone/integration-test/target/test-dir/MiniOzoneClusterImpl-33986320-1065-4a8e-9f2e-ea3716de2538/datanode-0/data/ratis/62218972-72eb-4208-9ed0-b3f28e994568/in_use.lock acquired by nodename 14981@pr-hdds-2501-jccjl-2716832651
2019-11-15 23:39:47,785 [pool-153-thread-1] INFO  storage.RaftStorage (RaftStorage.java:format(84)) - Storage directory /workdir/hadoop-ozone/integration-test/target/test-dir/MiniOzoneClusterImpl-33986320-1065-4a8e-9f2e-ea3716de2538/datanode-0/data/ratis/62218972-72eb-4208-9ed0-b3f28e994568 has been successfully formatted.
2019-11-15 23:39:47,785 [pool-153-thread-1] INFO  ratis.ContainerStateMachine (ContainerStateMachine.java:loadSnapshot(223)) - group-B3F28E994568: The snapshot info is null. Setting the last applied indexto:(t:0, i:~)
2019-11-15 23:39:47,785 [pool-153-thread-1] INFO  server.RaftServerConfigKeys (ConfUtils.java:logGet(43)) - raft.server.notification.no-leader.timeout = 120s (custom)
2019-11-15 23:39:47,786 [pool-153-thread-1] INFO  server.RaftServerConfigKeys (ConfUtils.java:logGet(43)) - raft.server.log.use.memory = false (default)
2019-11-15 23:39:47,786 [pool-153-thread-1] INFO  server.RaftServerConfigKeys (ConfUtils.java:logGet(43)) - raft.server.log.purge.gap = 1000000 (custom)
2019-11-15 23:39:47,786 [pool-153-thread-1] INFO  server.RaftServerConfigKeys (ConfUtils.java:logGet(43)) - raft.server.log.appender.buffer.byte-limit = 33554432 (custom)
2019-11-15 23:39:47,786 [pool-153-thread-1] INFO  server.RaftServerConfigKeys (ConfUtils.java:logGet(43)) - raft.server.log.segment.size.max = 1048576 (custom)
2019-11-15 23:39:47,786 [pool-153-thread-1] INFO  server.RaftServerConfigKeys (ConfUtils.java:logGet(43)) - raft.server.log.segment.cache.num.max = 2 (custom)
2019-11-15 23:39:47,786 [pool-153-thread-1] INFO  segmented.SegmentedRaftLogWorker (SegmentedRaftLogWorker.java:<init>(173)) - new 5fa1608a-d503-4104-880b-6be568a6d1ca@group-B3F28E994568-SegmentedRaftLogWorker for RaftStorage:Storage Directory /workdir/hadoop-ozone/integration-test/target/test-dir/MiniOzoneClusterImpl-33986320-1065-4a8e-9f2e-ea3716de2538/datanode-0/data/ratis/62218972-72eb-4208-9ed0-b3f28e994568
2019-11-15 23:39:47,786 [pool-153-thread-1] INFO  server.RaftServerConfigKeys (ConfUtils.java:logGet(43)) - raft.server.log.queue.byte-limit = 2147483647 (custom)
2019-11-15 23:39:47,786 [pool-153-thread-1] INFO  server.RaftServerConfigKeys (ConfUtils.java:logGet(43)) - raft.server.log.queue.element-limit = 1024 (custom)
2019-11-15 23:39:47,786 [pool-153-thread-1] INFO  server.RaftServerConfigKeys (ConfUtils.java:logGet(43)) - raft.server.log.segment.size.max = 1048576 (custom)
2019-11-15 23:39:47,786 [pool-153-thread-1] INFO  server.RaftServerConfigKeys (ConfUtils.java:logGet(43)) - raft.server.log.preallocated.size = 16384 (custom)
2019-11-15 23:39:47,787 [pool-153-thread-1] INFO  server.RaftServerConfigKeys (ConfUtils.java:logGet(43)) - raft.server.log.write.buffer.size = 33554432 (custom)
2019-11-15 23:39:47,787 [pool-153-thread-1] INFO  server.RaftServerConfigKeys (ConfUtils.java:logGet(43)) - raft.server.log.force.sync.num = 128 (default)
2019-11-15 23:39:47,787 [pool-153-thread-1] INFO  server.RaftServerConfigKeys (ConfUtils.java:logGet(43)) - raft.server.log.statemachine.data.sync = true (default)
2019-11-15 23:39:47,787 [pool-153-thread-1] INFO  server.RaftServerConfigKeys (ConfUtils.java:logGet(43)) - raft.server.log.statemachine.data.sync.timeout = 10s (default)
2019-11-15 23:39:47,787 [pool-153-thread-1] INFO  server.RaftServerConfigKeys (ConfUtils.java:logGet(43)) - raft.server.log.statemachine.data.sync.timeout.retry = -1 (default)
2019-11-15 23:39:47,787 [pool-153-thread-1] INFO  server.RaftServerConfigKeys (ConfUtils.java:logGet(43)) - raft.server.log.statemachine.data.caching.enabled = true (custom)
2019-11-15 23:39:47,787 [pool-153-thread-1] INFO  segmented.SegmentedRaftLogWorker (SegmentedRaftLogWorker.java:lambda$new$0(128)) - 5fa1608a-d503-4104-880b-6be568a6d1ca@group-B3F28E994568-SegmentedRaftLogWorker: flushIndex: setUnconditionally 0 -> -1
2019-11-15 23:39:47,788 [pool-153-thread-1] INFO  server.RaftServerConfigKeys (ConfUtils.java:logGet(43)) - raft.server.snapshot.auto.trigger.enabled = true (custom)
2019-11-15 23:39:47,788 [pool-153-thread-1] INFO  server.RaftServerConfigKeys (ConfUtils.java:logGet(43)) - raft.server.snapshot.auto.trigger.threshold = 10000 (custom)
2019-11-15 23:39:47,788 [pool-153-thread-1] INFO  server.RaftServerConfigKeys (ConfUtils.java:logGet(43)) - raft.server.snapshot.retention.file.num = 5 (custom)
2019-11-15 23:39:47,788 [pool-153-thread-1] INFO  server.RaftServerConfigKeys (ConfUtils.java:logGet(43)) - raft.server.retrycache.expirytime = 600000ms (custom)
2019-11-15 23:39:47,788 [pool-153-thread-1] WARN  impl.MetricRegistriesImpl (MetricRegistriesImpl.java:lambda$create$1(61)) - First MetricRegistry has been created without registering reporters. You may need to call MetricRegistries.global().addReportRegistration(...) before.
2019-11-15 23:39:47,788 [pool-153-thread-1] WARN  impl.MetricRegistriesImpl (MetricRegistriesImpl.java:lambda$create$1(61)) - First MetricRegistry has been created without registering reporters. You may need to call MetricRegistries.global().addReportRegistration(...) before.
2019-11-15 23:39:47,788 [pool-153-thread-1] INFO  impl.RaftServerImpl (RaftServerImpl.java:start(184)) - 5fa1608a-d503-4104-880b-6be568a6d1ca@group-B3F28E994568: start as a follower, conf=-1: [5fa1608a-d503-4104-880b-6be568a6d1ca:192.168.69.89:34320], old=null
2019-11-15 23:39:47,788 [pool-153-thread-1] INFO  impl.RaftServerImpl (RaftServerImpl.java:setRole(173)) - 5fa1608a-d503-4104-880b-6be568a6d1ca@group-B3F28E994568: changes role from      null to FOLLOWER at term 0 for startAsFollower
2019-11-15 23:39:47,789 [pool-153-thread-1] INFO  impl.RoleInfo (RoleInfo.java:updateAndGet(143)) - 5fa1608a-d503-4104-880b-6be568a6d1ca: start FollowerState
2019-11-15 23:39:47,789 [pool-153-thread-1] INFO  util.JmxRegister (JmxRegister.java:tryRegister(44)) - Successfully registered JMX Bean with object name Ratis:service=RaftServer,group=group-B3F28E994568,id=5fa1608a-d503-4104-880b-6be568a6d1ca
2019-11-15 23:39:47,789 [pool-153-thread-1] WARN  impl.MetricRegistriesImpl (MetricRegistriesImpl.java:lambda$create$1(61)) - First MetricRegistry has been created without registering reporters. You may need to call MetricRegistries.global().addReportRegistration(...) before.
2019-11-15 23:39:47,791 [RatisPipelineUtilsThread] INFO  pipeline.PipelineStateManager (PipelineStateManager.java:addPipeline(55)) - Created pipeline Pipeline[ Id: 62218972-72eb-4208-9ed0-b3f28e994568, Nodes: 5fa1608a-d503-4104-880b-6be568a6d1ca{ip: 192.168.69.89, host: pr-hdds-2501-jccjl-2716832651, networkLocation: /default-rack, certSerialId: null}, Type:RATIS, Factor:ONE, State:ALLOCATED]
2019-11-15 23:39:48,019 [main] WARN  io.KeyOutputStream (KeyOutputStream.java:handleException(274)) - Encountered exception java.io.IOException: Unexpected Storage Container Exception: java.util.concurrent.CompletionException: java.util.concurrent.CompletionException: org.apache.ratis.protocol.GroupMismatchException: 852bb6bc-fc53-4f9b-b145-e7434400ca8b: group-B54E8B7E8167 not found. on the pipeline Pipeline[ Id: d23b4505-6b21-4e5a-8d97-b54e8b7e8167, Nodes: 44c1a031-22df-4fb3-be71-2a7e67cf760d{ip: 192.168.69.89, host: pr-hdds-2501-jccjl-2716832651, networkLocation: /default-rack, certSerialId: null}4b590edd-7cfe-4917-88ed-6329a2b55bbe{ip: 192.168.69.89, host: pr-hdds-2501-jccjl-2716832651, networkLocation: /default-rack, certSerialId: null}852bb6bc-fc53-4f9b-b145-e7434400ca8b{ip: 192.168.69.89, host: pr-hdds-2501-jccjl-2716832651, networkLocation: /default-rack, certSerialId: null}, Type:RATIS, Factor:THREE, State:OPEN]. The last committed block length is 0, uncommitted data length is 2097152 retry count 0
2019-11-15 23:39:48,019 [main] INFO  io.BlockOutputStreamEntryPool (BlockOutputStreamEntryPool.java:allocateNewBlock(257)) - Allocating block with ExcludeList {datanodes = [], containerIds = [], pipelineIds = [PipelineID=d23b4505-6b21-4e5a-8d97-b54e8b7e8167]}
2019-11-15 23:39:48,022 [IPC Server handler 1 on 36359] WARN  block.BlockManagerImpl (BlockManagerImpl.java:allocateBlock(200)) - Pipeline creation failed for type:RATIS factor:THREE. Retrying get pipelines call once.
org.apache.hadoop.hdds.scm.pipeline.InsufficientDatanodesException: Cannot create pipeline of factor 3 using 0 nodes.
	at org.apache.hadoop.hdds.scm.pipeline.RatisPipelineProvider.create(RatisPipelineProvider.java:153)
	at org.apache.hadoop.hdds.scm.pipeline.PipelineFactory.create(PipelineFactory.java:58)
	at org.apache.hadoop.hdds.scm.pipeline.SCMPipelineManager.createPipeline(SCMPipelineManager.java:155)
	at org.apache.hadoop.hdds.scm.block.BlockManagerImpl.allocateBlock(BlockManagerImpl.java:198)
	at org.apache.hadoop.hdds.scm.server.SCMBlockProtocolServer.allocateBlock(SCMBlockProtocolServer.java:187)
	at org.apache.hadoop.hdds.scm.protocol.ScmBlockLocationProtocolServerSideTranslatorPB.allocateScmBlock(ScmBlockLocationProtocolServerSideTranslatorPB.java:159)
	at org.apache.hadoop.hdds.scm.protocol.ScmBlockLocationProtocolServerSideTranslatorPB.processMessage(ScmBlockLocationProtocolServerSideTranslatorPB.java:117)
	at org.apache.hadoop.hdds.server.OzoneProtocolMessageDispatcher.processRequest(OzoneProtocolMessageDispatcher.java:72)
	at org.apache.hadoop.hdds.scm.protocol.ScmBlockLocationProtocolServerSideTranslatorPB.send(ScmBlockLocationProtocolServerSideTranslatorPB.java:98)
	at org.apache.hadoop.hdds.protocol.proto.ScmBlockLocationProtocolProtos$ScmBlockLocationProtocolService$2.callBlockingMethod(ScmBlockLocationProtocolProtos.java:13157)
	at org.apache.hadoop.ipc.ProtobufRpcEngine$Server$ProtoBufRpcInvoker.call(ProtobufRpcEngine.java:524)
	at org.apache.hadoop.ipc.RPC$Server.call(RPC.java:1025)
	at org.apache.hadoop.ipc.Server$RpcCall.run(Server.java:876)
	at org.apache.hadoop.ipc.Server$RpcCall.run(Server.java:822)
	at java.security.AccessController.doPrivileged(Native Method)
	at javax.security.auth.Subject.doAs(Subject.java:422)
	at org.apache.hadoop.security.UserGroupInformation.doAs(UserGroupInformation.java:1730)
	at org.apache.hadoop.ipc.Server$Handler.run(Server.java:2682)
2019-11-15 23:39:48,023 [IPC Server handler 1 on 36359] INFO  block.BlockManagerImpl (BlockManagerImpl.java:allocateBlock(212)) - Could not find available pipeline of type:RATIS and factor:THREE even after retrying
2019-11-15 23:39:48,024 [IPC Server handler 1 on 36359] ERROR block.BlockManagerImpl (BlockManagerImpl.java:allocateBlock(236)) - Unable to allocate a block for the size: 4194304, type: RATIS, factor: THREE
2019-11-15 23:39:48,028 [main] ERROR io.BlockOutputStreamEntryPool (BlockOutputStreamEntryPool.java:allocateBlockIfNeeded(310)) - Try to allocate more blocks for write failed, already allocated 0 blocks for this write.
INTERNAL_ERROR org.apache.hadoop.ozone.om.exceptions.OMException: Allocated 0 blocks. Requested 1 blocks
	at org.apache.hadoop.ozone.om.protocolPB.OzoneManagerProtocolClientSideTranslatorPB.handleError(OzoneManagerProtocolClientSideTranslatorPB.java:761)
	at org.apache.hadoop.ozone.om.protocolPB.OzoneManagerProtocolClientSideTranslatorPB.allocateBlock(OzoneManagerProtocolClientSideTranslatorPB.java:793)
	at sun.reflect.NativeMethodAccessorImpl.invoke0(Native Method)
	at sun.reflect.NativeMethodAccessorImpl.invoke(NativeMethodAccessorImpl.java:62)
	at sun.reflect.DelegatingMethodAccessorImpl.invoke(DelegatingMethodAccessorImpl.java:43)
	at java.lang.reflect.Method.invoke(Method.java:498)
	at org.apache.hadoop.hdds.tracing.TraceAllMethod.invoke(TraceAllMethod.java:66)
	at com.sun.proxy.$Proxy36.allocateBlock(Unknown Source)
	at org.apache.hadoop.ozone.client.io.BlockOutputStreamEntryPool.allocateNewBlock(BlockOutputStreamEntryPool.java:259)
	at org.apache.hadoop.ozone.client.io.BlockOutputStreamEntryPool.allocateBlockIfNeeded(BlockOutputStreamEntryPool.java:307)
	at org.apache.hadoop.ozone.client.io.KeyOutputStream.handleWrite(KeyOutputStream.java:198)
	at org.apache.hadoop.ozone.client.io.KeyOutputStream.handleRetry(KeyOutputStream.java:375)
	at org.apache.hadoop.ozone.client.io.KeyOutputStream.handleException(KeyOutputStream.java:324)
	at org.apache.hadoop.ozone.client.io.KeyOutputStream.handleWrite(KeyOutputStream.java:228)
	at org.apache.hadoop.ozone.client.io.KeyOutputStream.write(KeyOutputStream.java:190)
	at org.apache.hadoop.ozone.client.io.OzoneOutputStream.write(OzoneOutputStream.java:49)
	at java.io.OutputStream.write(OutputStream.java:75)
	at org.apache.hadoop.ozone.client.rpc.TestMultiBlockWritesWithDnFailures.testMultiBlockWritesWithDnFailures(TestMultiBlockWritesWithDnFailures.java:123)
	at sun.reflect.NativeMethodAccessorImpl.invoke0(Native Method)
	at sun.reflect.NativeMethodAccessorImpl.invoke(NativeMethodAccessorImpl.java:62)
	at sun.reflect.DelegatingMethodAccessorImpl.invoke(DelegatingMethodAccessorImpl.java:43)
	at java.lang.reflect.Method.invoke(Method.java:498)
	at org.junit.runners.model.FrameworkMethod$1.runReflectiveCall(FrameworkMethod.java:47)
	at org.junit.internal.runners.model.ReflectiveCallable.run(ReflectiveCallable.java:12)
	at org.junit.runners.model.FrameworkMethod.invokeExplosively(FrameworkMethod.java:44)
	at org.junit.internal.runners.statements.InvokeMethod.evaluate(InvokeMethod.java:17)
	at org.junit.internal.runners.statements.RunAfters.evaluate(RunAfters.java:27)
	at org.junit.runners.ParentRunner.runLeaf(ParentRunner.java:271)
	at org.junit.runners.BlockJUnit4ClassRunner.runChild(BlockJUnit4ClassRunner.java:70)
	at org.junit.runners.BlockJUnit4ClassRunner.runChild(BlockJUnit4ClassRunner.java:50)
	at org.junit.runners.ParentRunner$3.run(ParentRunner.java:238)
	at org.junit.runners.ParentRunner$1.schedule(ParentRunner.java:63)
	at org.junit.runners.ParentRunner.runChildren(ParentRunner.java:236)
	at org.junit.runners.ParentRunner.access$000(ParentRunner.java:53)
	at org.junit.runners.ParentRunner$2.evaluate(ParentRunner.java:229)
	at org.junit.runners.ParentRunner.run(ParentRunner.java:309)
	at org.apache.maven.surefire.junit4.JUnit4Provider.execute(JUnit4Provider.java:365)
	at org.apache.maven.surefire.junit4.JUnit4Provider.executeWithRerun(JUnit4Provider.java:273)
	at org.apache.maven.surefire.junit4.JUnit4Provider.executeTestSet(JUnit4Provider.java:238)
	at org.apache.maven.surefire.junit4.JUnit4Provider.invoke(JUnit4Provider.java:159)
	at org.apache.maven.surefire.booter.ForkedBooter.invokeProviderInSameClassLoader(ForkedBooter.java:384)
	at org.apache.maven.surefire.booter.ForkedBooter.runSuitesInProcess(ForkedBooter.java:345)
	at org.apache.maven.surefire.booter.ForkedBooter.execute(ForkedBooter.java:126)
	at org.apache.maven.surefire.booter.ForkedBooter.main(ForkedBooter.java:418)
2019-11-15 23:39:48,029 [main] INFO  ozone.MiniOzoneClusterImpl (MiniOzoneClusterImpl.java:shutdown(352)) - Shutting down the Mini Ozone Cluster
2019-11-15 23:39:48,029 [main] INFO  ozone.MiniOzoneClusterImpl (MiniOzoneClusterImpl.java:stop(368)) - Stopping the Mini Ozone Cluster
2019-11-15 23:39:48,029 [main] INFO  ozone.MiniOzoneClusterImpl (MiniOzoneClusterImpl.java:stopOM(438)) - Stopping the OzoneManager
2019-11-15 23:39:48,029 [main] INFO  ipc.Server (Server.java:stop(3082)) - Stopping server on 42222
2019-11-15 23:39:48,034 [IPC Server listener on 42222] INFO  ipc.Server (Server.java:run(1185)) - Stopping IPC Server listener on 42222
2019-11-15 23:39:48,036 [IPC Server Responder] INFO  ipc.Server (Server.java:run(1319)) - Stopping IPC Server Responder
2019-11-15 23:39:48,034 [main] INFO  ratis.OzoneManagerDoubleBuffer (OzoneManagerDoubleBuffer.java:stop(261)) - Stopping OMDoubleBuffer flush thread
2019-11-15 23:39:48,040 [OMDoubleBufferFlushThread] INFO  ratis.OzoneManagerDoubleBuffer (OzoneManagerDoubleBuffer.java:flushTransactions(199)) - OMDoubleBuffer flush thread OMDoubleBufferFlushThread is interrupted and will exit. OMDoubleBufferFlushThread
2019-11-15 23:39:48,042 [main] INFO  utils.BackgroundService (BackgroundService.java:shutdown(151)) - Shutting down service KeyDeletingService
2019-11-15 23:39:48,054 [main] INFO  handler.ContextHandler (ContextHandler.java:doStop(910)) - Stopped o.e.j.w.WebAppContext@17e9bc9e{/,null,UNAVAILABLE}{/ozoneManager}
2019-11-15 23:39:48,055 [main] INFO  server.AbstractConnector (AbstractConnector.java:doStop(318)) - Stopped ServerConnector@36b9cb99{HTTP/1.1,[http/1.1]}{0.0.0.0:0}
2019-11-15 23:39:48,055 [main] INFO  handler.ContextHandler (ContextHandler.java:doStop(910)) - Stopped o.e.j.s.ServletContextHandler@3b95a6db{/static,file:///workdir/hadoop-ozone/integration-test/target/test-classes/webapps/static,UNAVAILABLE}
2019-11-15 23:39:48,055 [main] INFO  handler.ContextHandler (ContextHandler.java:doStop(910)) - Stopped o.e.j.s.ServletContextHandler@21b6c9c2{/logs,file:///workdir/hadoop-ozone/integration-test/target/log,UNAVAILABLE}
2019-11-15 23:39:48,057 [main] INFO  ozone.MiniOzoneClusterImpl (MiniOzoneClusterImpl.java:stopDatanodes(415)) - Stopping the HddsDatanodes
2019-11-15 23:39:48,105 [Thread-1728] INFO  impl.FollowerState (FollowerState.java:run(111)) - 852bb6bc-fc53-4f9b-b145-e7434400ca8b@group-D4E1E2E35E07-FollowerState: change to CANDIDATE, lastRpcTime:1151ms, electionTimeout:1151ms
2019-11-15 23:39:48,105 [Thread-1728] INFO  impl.RoleInfo (RoleInfo.java:shutdownFollowerState(121)) - 852bb6bc-fc53-4f9b-b145-e7434400ca8b: shutdown FollowerState
2019-11-15 23:39:48,105 [Thread-1728] INFO  impl.RaftServerImpl (RaftServerImpl.java:setRole(173)) - 852bb6bc-fc53-4f9b-b145-e7434400ca8b@group-D4E1E2E35E07: changes role from  FOLLOWER to CANDIDATE at term 0 for changeToCandidate
2019-11-15 23:39:48,105 [Thread-1728] INFO  impl.RoleInfo (RoleInfo.java:updateAndGet(143)) - 852bb6bc-fc53-4f9b-b145-e7434400ca8b: start LeaderElection
2019-11-15 23:39:48,129 [852bb6bc-fc53-4f9b-b145-e7434400ca8b@group-D4E1E2E35E07-LeaderElection42] INFO  impl.LeaderElection (LeaderElection.java:askForVotes(178)) - 852bb6bc-fc53-4f9b-b145-e7434400ca8b@group-D4E1E2E35E07-LeaderElection42: begin an election at term 1 for -1: [852bb6bc-fc53-4f9b-b145-e7434400ca8b:192.168.69.89:35193], old=null
2019-11-15 23:39:48,130 [852bb6bc-fc53-4f9b-b145-e7434400ca8b@group-D4E1E2E35E07-LeaderElection42] INFO  impl.RoleInfo (RoleInfo.java:shutdownLeaderElection(134)) - 852bb6bc-fc53-4f9b-b145-e7434400ca8b: shutdown LeaderElection
2019-11-15 23:39:48,130 [852bb6bc-fc53-4f9b-b145-e7434400ca8b@group-D4E1E2E35E07-LeaderElection42] INFO  impl.RaftServerImpl (RaftServerImpl.java:setRole(173)) - 852bb6bc-fc53-4f9b-b145-e7434400ca8b@group-D4E1E2E35E07: changes role from CANDIDATE to LEADER at term 1 for changeToLeader
2019-11-15 23:39:48,130 [852bb6bc-fc53-4f9b-b145-e7434400ca8b@group-D4E1E2E35E07-LeaderElection42] INFO  ratis.XceiverServerRatis (XceiverServerRatis.java:handleLeaderChangedNotification(697)) - Leader change notification received for group: group-D4E1E2E35E07 with new leaderId: 852bb6bc-fc53-4f9b-b145-e7434400ca8b
2019-11-15 23:39:48,130 [852bb6bc-fc53-4f9b-b145-e7434400ca8b@group-D4E1E2E35E07-LeaderElection42] INFO  impl.RaftServerImpl (ServerState.java:setLeader(255)) - 852bb6bc-fc53-4f9b-b145-e7434400ca8b@group-D4E1E2E35E07: change Leader from null to 852bb6bc-fc53-4f9b-b145-e7434400ca8b at term 1 for becomeLeader, leader elected after 1189ms
2019-11-15 23:39:48,130 [852bb6bc-fc53-4f9b-b145-e7434400ca8b@group-D4E1E2E35E07-LeaderElection42] INFO  server.RaftServerConfigKeys (ConfUtils.java:logGet(43)) - raft.server.staging.catchup.gap = 1000 (default)
2019-11-15 23:39:48,130 [852bb6bc-fc53-4f9b-b145-e7434400ca8b@group-D4E1E2E35E07-LeaderElection42] INFO  server.RaftServerConfigKeys (ConfUtils.java:logGet(43)) - raft.server.rpc.sleep.time = 25ms (default)
2019-11-15 23:39:48,130 [852bb6bc-fc53-4f9b-b145-e7434400ca8b@group-D4E1E2E35E07-LeaderElection42] INFO  server.RaftServerConfigKeys (ConfUtils.java:logGet(43)) - raft.server.write.element-limit = 4096 (default)
2019-11-15 23:39:48,130 [852bb6bc-fc53-4f9b-b145-e7434400ca8b@group-D4E1E2E35E07-LeaderElection42] INFO  server.RaftServerConfigKeys (ConfUtils.java:logGet(43)) - raft.server.watch.timeout = 10s (default)
2019-11-15 23:39:48,130 [852bb6bc-fc53-4f9b-b145-e7434400ca8b@group-D4E1E2E35E07-LeaderElection42] INFO  server.RaftServerConfigKeys (ConfUtils.java:logGet(43)) - raft.server.watch.timeout.denomination = 1s (default)
2019-11-15 23:39:48,131 [852bb6bc-fc53-4f9b-b145-e7434400ca8b@group-D4E1E2E35E07-LeaderElection42] INFO  server.RaftServerConfigKeys (ConfUtils.java:logGet(43)) - raft.server.watch.element-limit = 65536 (default)
2019-11-15 23:39:48,131 [852bb6bc-fc53-4f9b-b145-e7434400ca8b@group-D4E1E2E35E07-LeaderElection42] INFO  impl.RoleInfo (RoleInfo.java:updateAndGet(143)) - 852bb6bc-fc53-4f9b-b145-e7434400ca8b: start LeaderState
2019-11-15 23:39:48,131 [852bb6bc-fc53-4f9b-b145-e7434400ca8b@group-D4E1E2E35E07-LeaderElection42] INFO  segmented.SegmentedRaftLogWorker (SegmentedRaftLogWorker.java:startLogSegment(385)) - 852bb6bc-fc53-4f9b-b145-e7434400ca8b@group-D4E1E2E35E07-SegmentedRaftLogWorker: Starting segment from index:0
2019-11-15 23:39:48,131 [EventQueue-PipelineReportForPipelineReportHandler] INFO  pipeline.PipelineStateManager (PipelineStateManager.java:openPipeline(134)) - Pipeline Pipeline[ Id: 67326763-ce96-4138-a3c0-d4e1e2e35e07, Nodes: 852bb6bc-fc53-4f9b-b145-e7434400ca8b{ip: 192.168.69.89, host: pr-hdds-2501-jccjl-2716832651, networkLocation: /default-rack, certSerialId: null}, Type:RATIS, Factor:ONE, State:OPEN] moved to OPEN state
2019-11-15 23:39:48,131 [852bb6bc-fc53-4f9b-b145-e7434400ca8b@group-D4E1E2E35E07-LeaderElection42] INFO  impl.RaftServerImpl (ServerState.java:setRaftConf(356)) - 852bb6bc-fc53-4f9b-b145-e7434400ca8b@group-D4E1E2E35E07: set configuration 0: [852bb6bc-fc53-4f9b-b145-e7434400ca8b:192.168.69.89:35193], old=null at 0
2019-11-15 23:39:48,178 [852bb6bc-fc53-4f9b-b145-e7434400ca8b@group-D4E1E2E35E07-SegmentedRaftLogWorker] INFO  segmented.SegmentedRaftLogWorker (SegmentedRaftLogWorker.java:execute(576)) - 852bb6bc-fc53-4f9b-b145-e7434400ca8b@group-D4E1E2E35E07-SegmentedRaftLogWorker: created new log segment /workdir/hadoop-ozone/integration-test/target/test-dir/MiniOzoneClusterImpl-33986320-1065-4a8e-9f2e-ea3716de2538/datanode-5/data/ratis/67326763-ce96-4138-a3c0-d4e1e2e35e07/current/log_inprogress_0
2019-11-15 23:39:48,277 [Datanode State Machine Thread - 0] INFO  statemachine.DatanodeStateMachine (DatanodeStateMachine.java:lambda$startDaemon$0(355)) - Ozone container server started.
2019-11-15 23:39:48,279 [Datanode State Machine Thread - 0] INFO  statemachine.DatanodeStateMachine (DatanodeStateMachine.java:lambda$startDaemon$0(355)) - Ozone container server started.
2019-11-15 23:39:48,555 [Thread-1747] INFO  impl.FollowerState (FollowerState.java:run(111)) - 44c1a031-22df-4fb3-be71-2a7e67cf760d@group-94433D77B95D-FollowerState: change to CANDIDATE, lastRpcTime:1078ms, electionTimeout:1078ms
2019-11-15 23:39:48,555 [Thread-1747] INFO  impl.RoleInfo (RoleInfo.java:shutdownFollowerState(121)) - 44c1a031-22df-4fb3-be71-2a7e67cf760d: shutdown FollowerState
2019-11-15 23:39:48,555 [Thread-1747] INFO  impl.RaftServerImpl (RaftServerImpl.java:setRole(173)) - 44c1a031-22df-4fb3-be71-2a7e67cf760d@group-94433D77B95D: changes role from  FOLLOWER to CANDIDATE at term 0 for changeToCandidate
2019-11-15 23:39:48,555 [Thread-1747] INFO  impl.RoleInfo (RoleInfo.java:updateAndGet(143)) - 44c1a031-22df-4fb3-be71-2a7e67cf760d: start LeaderElection
2019-11-15 23:39:48,568 [Thread-1753] INFO  impl.FollowerState (FollowerState.java:run(111)) - 4b590edd-7cfe-4917-88ed-6329a2b55bbe@group-A4B375475F5A-FollowerState: change to CANDIDATE, lastRpcTime:1016ms, electionTimeout:1016ms
2019-11-15 23:39:48,568 [Thread-1753] INFO  impl.RoleInfo (RoleInfo.java:shutdownFollowerState(121)) - 4b590edd-7cfe-4917-88ed-6329a2b55bbe: shutdown FollowerState
2019-11-15 23:39:48,568 [Thread-1753] INFO  impl.RaftServerImpl (RaftServerImpl.java:setRole(173)) - 4b590edd-7cfe-4917-88ed-6329a2b55bbe@group-A4B375475F5A: changes role from  FOLLOWER to CANDIDATE at term 0 for changeToCandidate
2019-11-15 23:39:48,568 [Thread-1753] INFO  impl.RoleInfo (RoleInfo.java:updateAndGet(143)) - 4b590edd-7cfe-4917-88ed-6329a2b55bbe: start LeaderElection
2019-11-15 23:39:48,571 [Thread-1743] INFO  impl.FollowerState (FollowerState.java:run(111)) - 4b590edd-7cfe-4917-88ed-6329a2b55bbe@group-94433D77B95D-FollowerState: change to CANDIDATE, lastRpcTime:1097ms, electionTimeout:1096ms
2019-11-15 23:39:48,573 [Thread-1743] INFO  impl.RoleInfo (RoleInfo.java:shutdownFollowerState(121)) - 4b590edd-7cfe-4917-88ed-6329a2b55bbe: shutdown FollowerState
2019-11-15 23:39:48,573 [Thread-1743] INFO  impl.RaftServerImpl (RaftServerImpl.java:setRole(173)) - 4b590edd-7cfe-4917-88ed-6329a2b55bbe@group-94433D77B95D: changes role from  FOLLOWER to CANDIDATE at term 0 for changeToCandidate
2019-11-15 23:39:48,573 [Thread-1743] INFO  impl.RoleInfo (RoleInfo.java:updateAndGet(143)) - 4b590edd-7cfe-4917-88ed-6329a2b55bbe: start LeaderElection
2019-11-15 23:39:48,585 [44c1a031-22df-4fb3-be71-2a7e67cf760d@group-94433D77B95D-LeaderElection43] INFO  impl.LeaderElection (LeaderElection.java:askForVotes(178)) - 44c1a031-22df-4fb3-be71-2a7e67cf760d@group-94433D77B95D-LeaderElection43: begin an election at term 1 for -1: [44c1a031-22df-4fb3-be71-2a7e67cf760d:192.168.69.89:40732, 852bb6bc-fc53-4f9b-b145-e7434400ca8b:192.168.69.89:35193, 4b590edd-7cfe-4917-88ed-6329a2b55bbe:192.168.69.89:40974], old=null
2019-11-15 23:39:48,588 [Thread-1748] INFO  impl.FollowerState (FollowerState.java:run(111)) - 852bb6bc-fc53-4f9b-b145-e7434400ca8b@group-94433D77B95D-FollowerState: change to CANDIDATE, lastRpcTime:1111ms, electionTimeout:1111ms
2019-11-15 23:39:48,588 [Thread-1748] INFO  impl.RoleInfo (RoleInfo.java:shutdownFollowerState(121)) - 852bb6bc-fc53-4f9b-b145-e7434400ca8b: shutdown FollowerState
2019-11-15 23:39:48,588 [Thread-1748] INFO  impl.RaftServerImpl (RaftServerImpl.java:setRole(173)) - 852bb6bc-fc53-4f9b-b145-e7434400ca8b@group-94433D77B95D: changes role from  FOLLOWER to CANDIDATE at term 0 for changeToCandidate
2019-11-15 23:39:48,588 [Thread-1748] INFO  impl.RoleInfo (RoleInfo.java:updateAndGet(143)) - 852bb6bc-fc53-4f9b-b145-e7434400ca8b: start LeaderElection
2019-11-15 23:39:48,599 [4b590edd-7cfe-4917-88ed-6329a2b55bbe@group-A4B375475F5A-LeaderElection44] INFO  impl.LeaderElection (LeaderElection.java:askForVotes(178)) - 4b590edd-7cfe-4917-88ed-6329a2b55bbe@group-A4B375475F5A-LeaderElection44: begin an election at term 1 for -1: [4b590edd-7cfe-4917-88ed-6329a2b55bbe:192.168.69.89:40974], old=null
2019-11-15 23:39:48,599 [4b590edd-7cfe-4917-88ed-6329a2b55bbe@group-A4B375475F5A-LeaderElection44] INFO  impl.RoleInfo (RoleInfo.java:shutdownLeaderElection(134)) - 4b590edd-7cfe-4917-88ed-6329a2b55bbe: shutdown LeaderElection
2019-11-15 23:39:48,599 [4b590edd-7cfe-4917-88ed-6329a2b55bbe@group-94433D77B95D-LeaderElection45] INFO  impl.LeaderElection (LeaderElection.java:askForVotes(178)) - 4b590edd-7cfe-4917-88ed-6329a2b55bbe@group-94433D77B95D-LeaderElection45: begin an election at term 1 for -1: [44c1a031-22df-4fb3-be71-2a7e67cf760d:192.168.69.89:40732, 852bb6bc-fc53-4f9b-b145-e7434400ca8b:192.168.69.89:35193, 4b590edd-7cfe-4917-88ed-6329a2b55bbe:192.168.69.89:40974], old=null
2019-11-15 23:39:48,599 [4b590edd-7cfe-4917-88ed-6329a2b55bbe@group-A4B375475F5A-LeaderElection44] INFO  impl.RaftServerImpl (RaftServerImpl.java:setRole(173)) - 4b590edd-7cfe-4917-88ed-6329a2b55bbe@group-A4B375475F5A: changes role from CANDIDATE to LEADER at term 1 for changeToLeader
2019-11-15 23:39:48,599 [4b590edd-7cfe-4917-88ed-6329a2b55bbe@group-A4B375475F5A-LeaderElection44] INFO  ratis.XceiverServerRatis (XceiverServerRatis.java:handleLeaderChangedNotification(697)) - Leader change notification received for group: group-A4B375475F5A with new leaderId: 4b590edd-7cfe-4917-88ed-6329a2b55bbe
2019-11-15 23:39:48,599 [4b590edd-7cfe-4917-88ed-6329a2b55bbe@group-A4B375475F5A-LeaderElection44] INFO  impl.RaftServerImpl (ServerState.java:setLeader(255)) - 4b590edd-7cfe-4917-88ed-6329a2b55bbe@group-A4B375475F5A: change Leader from null to 4b590edd-7cfe-4917-88ed-6329a2b55bbe at term 1 for becomeLeader, leader elected after 1051ms
2019-11-15 23:39:48,599 [4b590edd-7cfe-4917-88ed-6329a2b55bbe@group-A4B375475F5A-LeaderElection44] INFO  server.RaftServerConfigKeys (ConfUtils.java:logGet(43)) - raft.server.staging.catchup.gap = 1000 (default)
2019-11-15 23:39:48,599 [4b590edd-7cfe-4917-88ed-6329a2b55bbe@group-A4B375475F5A-LeaderElection44] INFO  server.RaftServerConfigKeys (ConfUtils.java:logGet(43)) - raft.server.rpc.sleep.time = 25ms (default)
2019-11-15 23:39:48,600 [4b590edd-7cfe-4917-88ed-6329a2b55bbe@group-A4B375475F5A-LeaderElection44] INFO  server.RaftServerConfigKeys (ConfUtils.java:logGet(43)) - raft.server.write.element-limit = 4096 (default)
2019-11-15 23:39:48,600 [4b590edd-7cfe-4917-88ed-6329a2b55bbe@group-A4B375475F5A-LeaderElection44] INFO  server.RaftServerConfigKeys (ConfUtils.java:logGet(43)) - raft.server.watch.timeout = 10s (default)
2019-11-15 23:39:48,600 [4b590edd-7cfe-4917-88ed-6329a2b55bbe@group-A4B375475F5A-LeaderElection44] INFO  server.RaftServerConfigKeys (ConfUtils.java:logGet(43)) - raft.server.watch.timeout.denomination = 1s (default)
2019-11-15 23:39:48,600 [4b590edd-7cfe-4917-88ed-6329a2b55bbe@group-A4B375475F5A-LeaderElection44] INFO  server.RaftServerConfigKeys (ConfUtils.java:logGet(43)) - raft.server.watch.element-limit = 65536 (default)
2019-11-15 23:39:48,600 [4b590edd-7cfe-4917-88ed-6329a2b55bbe@group-A4B375475F5A-LeaderElection44] INFO  impl.RoleInfo (RoleInfo.java:updateAndGet(143)) - 4b590edd-7cfe-4917-88ed-6329a2b55bbe: start LeaderState
2019-11-15 23:39:48,600 [4b590edd-7cfe-4917-88ed-6329a2b55bbe@group-A4B375475F5A-LeaderElection44] INFO  segmented.SegmentedRaftLogWorker (SegmentedRaftLogWorker.java:startLogSegment(385)) - 4b590edd-7cfe-4917-88ed-6329a2b55bbe@group-A4B375475F5A-SegmentedRaftLogWorker: Starting segment from index:0
2019-11-15 23:39:48,601 [4b590edd-7cfe-4917-88ed-6329a2b55bbe@group-A4B375475F5A-LeaderElection44] INFO  impl.RaftServerImpl (ServerState.java:setRaftConf(356)) - 4b590edd-7cfe-4917-88ed-6329a2b55bbe@group-A4B375475F5A: set configuration 0: [4b590edd-7cfe-4917-88ed-6329a2b55bbe:192.168.69.89:40974], old=null at 0
2019-11-15 23:39:48,621 [852bb6bc-fc53-4f9b-b145-e7434400ca8b@group-94433D77B95D-LeaderElection46] INFO  impl.LeaderElection (LeaderElection.java:askForVotes(178)) - 852bb6bc-fc53-4f9b-b145-e7434400ca8b@group-94433D77B95D-LeaderElection46: begin an election at term 1 for -1: [44c1a031-22df-4fb3-be71-2a7e67cf760d:192.168.69.89:40732, 852bb6bc-fc53-4f9b-b145-e7434400ca8b:192.168.69.89:35193, 4b590edd-7cfe-4917-88ed-6329a2b55bbe:192.168.69.89:40974], old=null
2019-11-15 23:39:48,622 [44c1a031-22df-4fb3-be71-2a7e67cf760d@group-94433D77B95D-LeaderElection43] INFO  impl.LeaderElection (LeaderElection.java:logAndReturn(56)) - 44c1a031-22df-4fb3-be71-2a7e67cf760d@group-94433D77B95D-LeaderElection43: Election REJECTED; received 2 response(s) [44c1a031-22df-4fb3-be71-2a7e67cf760d<-852bb6bc-fc53-4f9b-b145-e7434400ca8b#0:FAIL-t1, 44c1a031-22df-4fb3-be71-2a7e67cf760d<-4b590edd-7cfe-4917-88ed-6329a2b55bbe#0:FAIL-t1] and 0 exception(s); 44c1a031-22df-4fb3-be71-2a7e67cf760d@group-94433D77B95D:t1, leader=null, voted=44c1a031-22df-4fb3-be71-2a7e67cf760d, raftlog=44c1a031-22df-4fb3-be71-2a7e67cf760d@group-94433D77B95D-SegmentedRaftLog:OPENED:c-1,f-1,i0, conf=-1: [44c1a031-22df-4fb3-be71-2a7e67cf760d:192.168.69.89:40732, 852bb6bc-fc53-4f9b-b145-e7434400ca8b:192.168.69.89:35193, 4b590edd-7cfe-4917-88ed-6329a2b55bbe:192.168.69.89:40974], old=null
2019-11-15 23:39:48,622 [44c1a031-22df-4fb3-be71-2a7e67cf760d@group-94433D77B95D-LeaderElection43] INFO  impl.RaftServerImpl (RaftServerImpl.java:setRole(173)) - 44c1a031-22df-4fb3-be71-2a7e67cf760d@group-94433D77B95D: changes role from CANDIDATE to FOLLOWER at term 1 for DISCOVERED_A_NEW_TERM
2019-11-15 23:39:48,623 [44c1a031-22df-4fb3-be71-2a7e67cf760d@group-94433D77B95D-LeaderElection43] INFO  impl.RoleInfo (RoleInfo.java:shutdownLeaderElection(134)) - 44c1a031-22df-4fb3-be71-2a7e67cf760d: shutdown LeaderElection
2019-11-15 23:39:48,623 [44c1a031-22df-4fb3-be71-2a7e67cf760d@group-94433D77B95D-LeaderElection43] INFO  impl.RoleInfo (RoleInfo.java:updateAndGet(143)) - 44c1a031-22df-4fb3-be71-2a7e67cf760d: start FollowerState
2019-11-15 23:39:48,623 [4b590edd-7cfe-4917-88ed-6329a2b55bbe@group-94433D77B95D-LeaderElection45] INFO  impl.LeaderElection (LeaderElection.java:logAndReturn(56)) - 4b590edd-7cfe-4917-88ed-6329a2b55bbe@group-94433D77B95D-LeaderElection45: Election REJECTED; received 2 response(s) [4b590edd-7cfe-4917-88ed-6329a2b55bbe<-44c1a031-22df-4fb3-be71-2a7e67cf760d#0:FAIL-t1, 4b590edd-7cfe-4917-88ed-6329a2b55bbe<-852bb6bc-fc53-4f9b-b145-e7434400ca8b#0:FAIL-t1] and 0 exception(s); 4b590edd-7cfe-4917-88ed-6329a2b55bbe@group-94433D77B95D:t1, leader=null, voted=4b590edd-7cfe-4917-88ed-6329a2b55bbe, raftlog=4b590edd-7cfe-4917-88ed-6329a2b55bbe@group-94433D77B95D-SegmentedRaftLog:OPENED:c-1,f-1,i0, conf=-1: [44c1a031-22df-4fb3-be71-2a7e67cf760d:192.168.69.89:40732, 852bb6bc-fc53-4f9b-b145-e7434400ca8b:192.168.69.89:35193, 4b590edd-7cfe-4917-88ed-6329a2b55bbe:192.168.69.89:40974], old=null
2019-11-15 23:39:48,636 [4b590edd-7cfe-4917-88ed-6329a2b55bbe@group-94433D77B95D-LeaderElection45] INFO  impl.RaftServerImpl (RaftServerImpl.java:setRole(173)) - 4b590edd-7cfe-4917-88ed-6329a2b55bbe@group-94433D77B95D: changes role from CANDIDATE to FOLLOWER at term 1 for DISCOVERED_A_NEW_TERM
2019-11-15 23:39:48,636 [4b590edd-7cfe-4917-88ed-6329a2b55bbe@group-94433D77B95D-LeaderElection45] INFO  impl.RoleInfo (RoleInfo.java:shutdownLeaderElection(134)) - 4b590edd-7cfe-4917-88ed-6329a2b55bbe: shutdown LeaderElection
2019-11-15 23:39:48,636 [4b590edd-7cfe-4917-88ed-6329a2b55bbe@group-94433D77B95D-LeaderElection45] INFO  impl.RoleInfo (RoleInfo.java:updateAndGet(143)) - 4b590edd-7cfe-4917-88ed-6329a2b55bbe: start FollowerState
2019-11-15 23:39:48,638 [852bb6bc-fc53-4f9b-b145-e7434400ca8b@group-94433D77B95D-LeaderElection46] INFO  impl.LeaderElection (LeaderElection.java:logAndReturn(56)) - 852bb6bc-fc53-4f9b-b145-e7434400ca8b@group-94433D77B95D-LeaderElection46: Election REJECTED; received 2 response(s) [852bb6bc-fc53-4f9b-b145-e7434400ca8b<-44c1a031-22df-4fb3-be71-2a7e67cf760d#0:FAIL-t1, 852bb6bc-fc53-4f9b-b145-e7434400ca8b<-4b590edd-7cfe-4917-88ed-6329a2b55bbe#0:FAIL-t1] and 0 exception(s); 852bb6bc-fc53-4f9b-b145-e7434400ca8b@group-94433D77B95D:t1, leader=null, voted=852bb6bc-fc53-4f9b-b145-e7434400ca8b, raftlog=852bb6bc-fc53-4f9b-b145-e7434400ca8b@group-94433D77B95D-SegmentedRaftLog:OPENED:c-1,f-1,i0, conf=-1: [44c1a031-22df-4fb3-be71-2a7e67cf760d:192.168.69.89:40732, 852bb6bc-fc53-4f9b-b145-e7434400ca8b:192.168.69.89:35193, 4b590edd-7cfe-4917-88ed-6329a2b55bbe:192.168.69.89:40974], old=null
2019-11-15 23:39:48,640 [852bb6bc-fc53-4f9b-b145-e7434400ca8b@group-94433D77B95D-LeaderElection46] INFO  impl.RaftServerImpl (RaftServerImpl.java:setRole(173)) - 852bb6bc-fc53-4f9b-b145-e7434400ca8b@group-94433D77B95D: changes role from CANDIDATE to FOLLOWER at term 1 for DISCOVERED_A_NEW_TERM
2019-11-15 23:39:48,640 [852bb6bc-fc53-4f9b-b145-e7434400ca8b@group-94433D77B95D-LeaderElection46] INFO  impl.RoleInfo (RoleInfo.java:shutdownLeaderElection(134)) - 852bb6bc-fc53-4f9b-b145-e7434400ca8b: shutdown LeaderElection
2019-11-15 23:39:48,641 [852bb6bc-fc53-4f9b-b145-e7434400ca8b@group-94433D77B95D-LeaderElection46] INFO  impl.RoleInfo (RoleInfo.java:updateAndGet(143)) - 852bb6bc-fc53-4f9b-b145-e7434400ca8b: start FollowerState
2019-11-15 23:39:48,658 [4b590edd-7cfe-4917-88ed-6329a2b55bbe@group-A4B375475F5A-SegmentedRaftLogWorker] INFO  segmented.SegmentedRaftLogWorker (SegmentedRaftLogWorker.java:execute(576)) - 4b590edd-7cfe-4917-88ed-6329a2b55bbe@group-A4B375475F5A-SegmentedRaftLogWorker: created new log segment /workdir/hadoop-ozone/integration-test/target/test-dir/MiniOzoneClusterImpl-33986320-1065-4a8e-9f2e-ea3716de2538/datanode-3/data/ratis/41f8ee29-54c0-4a66-86c9-a4b375475f5a/current/log_inprogress_0
2019-11-15 23:39:48,735 [Thread-1757] INFO  impl.FollowerState (FollowerState.java:run(111)) - 08a53ee3-16fe-4887-981c-fcef61fe445a@group-7BEC061A4DB5-FollowerState: change to CANDIDATE, lastRpcTime:1121ms, electionTimeout:1121ms
2019-11-15 23:39:48,735 [Thread-1757] INFO  impl.RoleInfo (RoleInfo.java:shutdownFollowerState(121)) - 08a53ee3-16fe-4887-981c-fcef61fe445a: shutdown FollowerState
2019-11-15 23:39:48,735 [Thread-1757] INFO  impl.RaftServerImpl (RaftServerImpl.java:setRole(173)) - 08a53ee3-16fe-4887-981c-fcef61fe445a@group-7BEC061A4DB5: changes role from  FOLLOWER to CANDIDATE at term 0 for changeToCandidate
2019-11-15 23:39:48,735 [Thread-1757] INFO  impl.RoleInfo (RoleInfo.java:updateAndGet(143)) - 08a53ee3-16fe-4887-981c-fcef61fe445a: start LeaderElection
2019-11-15 23:39:48,741 [Thread-1767] INFO  impl.FollowerState (FollowerState.java:run(111)) - 5fa1608a-d503-4104-880b-6be568a6d1ca@group-49FCFB75375D-FollowerState: change to CANDIDATE, lastRpcTime:1034ms, electionTimeout:1034ms
2019-11-15 23:39:48,741 [Thread-1767] INFO  impl.RoleInfo (RoleInfo.java:shutdownFollowerState(121)) - 5fa1608a-d503-4104-880b-6be568a6d1ca: shutdown FollowerState
2019-11-15 23:39:48,741 [Thread-1767] INFO  impl.RaftServerImpl (RaftServerImpl.java:setRole(173)) - 5fa1608a-d503-4104-880b-6be568a6d1ca@group-49FCFB75375D: changes role from  FOLLOWER to CANDIDATE at term 0 for changeToCandidate
2019-11-15 23:39:48,741 [Thread-1767] INFO  impl.RoleInfo (RoleInfo.java:updateAndGet(143)) - 5fa1608a-d503-4104-880b-6be568a6d1ca: start LeaderElection
2019-11-15 23:39:48,749 [Thread-1768] INFO  impl.FollowerState (FollowerState.java:run(111)) - 08a53ee3-16fe-4887-981c-fcef61fe445a@group-49FCFB75375D-FollowerState: change to CANDIDATE, lastRpcTime:1036ms, electionTimeout:1030ms
2019-11-15 23:39:48,749 [Thread-1768] INFO  impl.RoleInfo (RoleInfo.java:shutdownFollowerState(121)) - 08a53ee3-16fe-4887-981c-fcef61fe445a: shutdown FollowerState
2019-11-15 23:39:48,749 [Thread-1768] INFO  impl.RaftServerImpl (RaftServerImpl.java:setRole(173)) - 08a53ee3-16fe-4887-981c-fcef61fe445a@group-49FCFB75375D: changes role from  FOLLOWER to CANDIDATE at term 0 for changeToCandidate
2019-11-15 23:39:48,750 [Thread-1768] INFO  impl.RoleInfo (RoleInfo.java:updateAndGet(143)) - 08a53ee3-16fe-4887-981c-fcef61fe445a: start LeaderElection
2019-11-15 23:39:48,762 [Thread-1764] INFO  impl.FollowerState (FollowerState.java:run(111)) - 5631d385-0b46-47bf-960c-236f816b46d3@group-49FCFB75375D-FollowerState: change to CANDIDATE, lastRpcTime:1057ms, electionTimeout:1055ms
2019-11-15 23:39:48,762 [Thread-1764] INFO  impl.RoleInfo (RoleInfo.java:shutdownFollowerState(121)) - 5631d385-0b46-47bf-960c-236f816b46d3: shutdown FollowerState
2019-11-15 23:39:48,762 [Thread-1764] INFO  impl.RaftServerImpl (RaftServerImpl.java:setRole(173)) - 5631d385-0b46-47bf-960c-236f816b46d3@group-49FCFB75375D: changes role from  FOLLOWER to CANDIDATE at term 0 for changeToCandidate
2019-11-15 23:39:48,762 [Thread-1764] INFO  impl.RoleInfo (RoleInfo.java:updateAndGet(143)) - 5631d385-0b46-47bf-960c-236f816b46d3: start LeaderElection
2019-11-15 23:39:48,768 [08a53ee3-16fe-4887-981c-fcef61fe445a@group-7BEC061A4DB5-LeaderElection47] INFO  impl.LeaderElection (LeaderElection.java:askForVotes(178)) - 08a53ee3-16fe-4887-981c-fcef61fe445a@group-7BEC061A4DB5-LeaderElection47: begin an election at term 1 for -1: [08a53ee3-16fe-4887-981c-fcef61fe445a:192.168.69.89:38583], old=null
2019-11-15 23:39:48,768 [5fa1608a-d503-4104-880b-6be568a6d1ca@group-49FCFB75375D-LeaderElection48] INFO  impl.LeaderElection (LeaderElection.java:askForVotes(178)) - 5fa1608a-d503-4104-880b-6be568a6d1ca@group-49FCFB75375D-LeaderElection48: begin an election at term 1 for -1: [08a53ee3-16fe-4887-981c-fcef61fe445a:192.168.69.89:38583, 5fa1608a-d503-4104-880b-6be568a6d1ca:192.168.69.89:34320, 5631d385-0b46-47bf-960c-236f816b46d3:192.168.69.89:38050], old=null
2019-11-15 23:39:48,768 [08a53ee3-16fe-4887-981c-fcef61fe445a@group-7BEC061A4DB5-LeaderElection47] INFO  impl.RoleInfo (RoleInfo.java:shutdownLeaderElection(134)) - 08a53ee3-16fe-4887-981c-fcef61fe445a: shutdown LeaderElection
2019-11-15 23:39:48,768 [08a53ee3-16fe-4887-981c-fcef61fe445a@group-7BEC061A4DB5-LeaderElection47] INFO  impl.RaftServerImpl (RaftServerImpl.java:setRole(173)) - 08a53ee3-16fe-4887-981c-fcef61fe445a@group-7BEC061A4DB5: changes role from CANDIDATE to LEADER at term 1 for changeToLeader
2019-11-15 23:39:48,768 [08a53ee3-16fe-4887-981c-fcef61fe445a@group-7BEC061A4DB5-LeaderElection47] INFO  ratis.XceiverServerRatis (XceiverServerRatis.java:handleLeaderChangedNotification(697)) - Leader change notification received for group: group-7BEC061A4DB5 with new leaderId: 08a53ee3-16fe-4887-981c-fcef61fe445a
2019-11-15 23:39:48,768 [08a53ee3-16fe-4887-981c-fcef61fe445a@group-7BEC061A4DB5-LeaderElection47] INFO  impl.RaftServerImpl (ServerState.java:setLeader(255)) - 08a53ee3-16fe-4887-981c-fcef61fe445a@group-7BEC061A4DB5: change Leader from null to 08a53ee3-16fe-4887-981c-fcef61fe445a at term 1 for becomeLeader, leader elected after 1157ms
2019-11-15 23:39:48,768 [08a53ee3-16fe-4887-981c-fcef61fe445a@group-7BEC061A4DB5-LeaderElection47] INFO  server.RaftServerConfigKeys (ConfUtils.java:logGet(43)) - raft.server.staging.catchup.gap = 1000 (default)
2019-11-15 23:39:48,768 [08a53ee3-16fe-4887-981c-fcef61fe445a@group-7BEC061A4DB5-LeaderElection47] INFO  server.RaftServerConfigKeys (ConfUtils.java:logGet(43)) - raft.server.rpc.sleep.time = 25ms (default)
2019-11-15 23:39:48,769 [08a53ee3-16fe-4887-981c-fcef61fe445a@group-7BEC061A4DB5-LeaderElection47] INFO  server.RaftServerConfigKeys (ConfUtils.java:logGet(43)) - raft.server.write.element-limit = 4096 (default)
2019-11-15 23:39:48,769 [08a53ee3-16fe-4887-981c-fcef61fe445a@group-7BEC061A4DB5-LeaderElection47] INFO  server.RaftServerConfigKeys (ConfUtils.java:logGet(43)) - raft.server.watch.timeout = 10s (default)
2019-11-15 23:39:48,769 [08a53ee3-16fe-4887-981c-fcef61fe445a@group-7BEC061A4DB5-LeaderElection47] INFO  server.RaftServerConfigKeys (ConfUtils.java:logGet(43)) - raft.server.watch.timeout.denomination = 1s (default)
2019-11-15 23:39:48,769 [08a53ee3-16fe-4887-981c-fcef61fe445a@group-7BEC061A4DB5-LeaderElection47] INFO  server.RaftServerConfigKeys (ConfUtils.java:logGet(43)) - raft.server.watch.element-limit = 65536 (default)
2019-11-15 23:39:48,769 [EventQueue-PipelineReportForPipelineReportHandler] INFO  pipeline.PipelineStateManager (PipelineStateManager.java:openPipeline(134)) - Pipeline Pipeline[ Id: 6b6d7e21-c00e-4e73-87f0-7bec061a4db5, Nodes: 08a53ee3-16fe-4887-981c-fcef61fe445a{ip: 192.168.69.89, host: pr-hdds-2501-jccjl-2716832651, networkLocation: /default-rack, certSerialId: null}, Type:RATIS, Factor:ONE, State:OPEN] moved to OPEN state
2019-11-15 23:39:48,769 [08a53ee3-16fe-4887-981c-fcef61fe445a@group-7BEC061A4DB5-LeaderElection47] INFO  impl.RoleInfo (RoleInfo.java:updateAndGet(143)) - 08a53ee3-16fe-4887-981c-fcef61fe445a: start LeaderState
2019-11-15 23:39:48,770 [08a53ee3-16fe-4887-981c-fcef61fe445a@group-7BEC061A4DB5-LeaderElection47] INFO  segmented.SegmentedRaftLogWorker (SegmentedRaftLogWorker.java:startLogSegment(385)) - 08a53ee3-16fe-4887-981c-fcef61fe445a@group-7BEC061A4DB5-SegmentedRaftLogWorker: Starting segment from index:0
2019-11-15 23:39:48,770 [08a53ee3-16fe-4887-981c-fcef61fe445a@group-7BEC061A4DB5-LeaderElection47] INFO  impl.RaftServerImpl (ServerState.java:setRaftConf(356)) - 08a53ee3-16fe-4887-981c-fcef61fe445a@group-7BEC061A4DB5: set configuration 0: [08a53ee3-16fe-4887-981c-fcef61fe445a:192.168.69.89:38583], old=null at 0
2019-11-15 23:39:48,781 [08a53ee3-16fe-4887-981c-fcef61fe445a@group-49FCFB75375D-LeaderElection49] INFO  impl.LeaderElection (LeaderElection.java:askForVotes(178)) - 08a53ee3-16fe-4887-981c-fcef61fe445a@group-49FCFB75375D-LeaderElection49: begin an election at term 1 for -1: [08a53ee3-16fe-4887-981c-fcef61fe445a:192.168.69.89:38583, 5fa1608a-d503-4104-880b-6be568a6d1ca:192.168.69.89:34320, 5631d385-0b46-47bf-960c-236f816b46d3:192.168.69.89:38050], old=null
2019-11-15 23:39:48,815 [5631d385-0b46-47bf-960c-236f816b46d3@group-49FCFB75375D-LeaderElection50] INFO  impl.LeaderElection (LeaderElection.java:askForVotes(178)) - 5631d385-0b46-47bf-960c-236f816b46d3@group-49FCFB75375D-LeaderElection50: begin an election at term 1 for -1: [08a53ee3-16fe-4887-981c-fcef61fe445a:192.168.69.89:38583, 5fa1608a-d503-4104-880b-6be568a6d1ca:192.168.69.89:34320, 5631d385-0b46-47bf-960c-236f816b46d3:192.168.69.89:38050], old=null
2019-11-15 23:39:48,816 [5fa1608a-d503-4104-880b-6be568a6d1ca@group-49FCFB75375D-LeaderElection48] INFO  impl.LeaderElection (LeaderElection.java:logAndReturn(56)) - 5fa1608a-d503-4104-880b-6be568a6d1ca@group-49FCFB75375D-LeaderElection48: Election REJECTED; received 2 response(s) [5fa1608a-d503-4104-880b-6be568a6d1ca<-08a53ee3-16fe-4887-981c-fcef61fe445a#0:FAIL-t1, 5fa1608a-d503-4104-880b-6be568a6d1ca<-5631d385-0b46-47bf-960c-236f816b46d3#0:FAIL-t1] and 0 exception(s); 5fa1608a-d503-4104-880b-6be568a6d1ca@group-49FCFB75375D:t1, leader=null, voted=5fa1608a-d503-4104-880b-6be568a6d1ca, raftlog=5fa1608a-d503-4104-880b-6be568a6d1ca@group-49FCFB75375D-SegmentedRaftLog:OPENED:c-1,f-1,i0, conf=-1: [08a53ee3-16fe-4887-981c-fcef61fe445a:192.168.69.89:38583, 5fa1608a-d503-4104-880b-6be568a6d1ca:192.168.69.89:34320, 5631d385-0b46-47bf-960c-236f816b46d3:192.168.69.89:38050], old=null
2019-11-15 23:39:48,816 [5fa1608a-d503-4104-880b-6be568a6d1ca@group-49FCFB75375D-LeaderElection48] INFO  impl.RaftServerImpl (RaftServerImpl.java:setRole(173)) - 5fa1608a-d503-4104-880b-6be568a6d1ca@group-49FCFB75375D: changes role from CANDIDATE to FOLLOWER at term 1 for DISCOVERED_A_NEW_TERM
2019-11-15 23:39:48,817 [5fa1608a-d503-4104-880b-6be568a6d1ca@group-49FCFB75375D-LeaderElection48] INFO  impl.RoleInfo (RoleInfo.java:shutdownLeaderElection(134)) - 5fa1608a-d503-4104-880b-6be568a6d1ca: shutdown LeaderElection
2019-11-15 23:39:48,817 [5fa1608a-d503-4104-880b-6be568a6d1ca@group-49FCFB75375D-LeaderElection48] INFO  impl.RoleInfo (RoleInfo.java:updateAndGet(143)) - 5fa1608a-d503-4104-880b-6be568a6d1ca: start FollowerState
2019-11-15 23:39:48,918 [Thread-1773] INFO  impl.FollowerState (FollowerState.java:run(111)) - 5fa1608a-d503-4104-880b-6be568a6d1ca@group-B3F28E994568-FollowerState: change to CANDIDATE, lastRpcTime:1128ms, electionTimeout:1119ms
2019-11-15 23:39:48,920 [Thread-1773] INFO  impl.RoleInfo (RoleInfo.java:shutdownFollowerState(121)) - 5fa1608a-d503-4104-880b-6be568a6d1ca: shutdown FollowerState
2019-11-15 23:39:48,920 [08a53ee3-16fe-4887-981c-fcef61fe445a@group-7BEC061A4DB5-SegmentedRaftLogWorker] INFO  segmented.SegmentedRaftLogWorker (SegmentedRaftLogWorker.java:execute(576)) - 08a53ee3-16fe-4887-981c-fcef61fe445a@group-7BEC061A4DB5-SegmentedRaftLogWorker: created new log segment /workdir/hadoop-ozone/integration-test/target/test-dir/MiniOzoneClusterImpl-33986320-1065-4a8e-9f2e-ea3716de2538/datanode-2/data/ratis/6b6d7e21-c00e-4e73-87f0-7bec061a4db5/current/log_inprogress_0
2019-11-15 23:39:48,920 [Thread-1773] INFO  impl.RaftServerImpl (RaftServerImpl.java:setRole(173)) - 5fa1608a-d503-4104-880b-6be568a6d1ca@group-B3F28E994568: changes role from  FOLLOWER to CANDIDATE at term 0 for changeToCandidate
2019-11-15 23:39:48,920 [Thread-1773] INFO  impl.RoleInfo (RoleInfo.java:updateAndGet(143)) - 5fa1608a-d503-4104-880b-6be568a6d1ca: start LeaderElection
2019-11-15 23:39:48,944 [5fa1608a-d503-4104-880b-6be568a6d1ca@group-B3F28E994568-LeaderElection51] INFO  impl.LeaderElection (LeaderElection.java:askForVotes(178)) - 5fa1608a-d503-4104-880b-6be568a6d1ca@group-B3F28E994568-LeaderElection51: begin an election at term 1 for -1: [5fa1608a-d503-4104-880b-6be568a6d1ca:192.168.69.89:34320], old=null
2019-11-15 23:39:48,944 [5fa1608a-d503-4104-880b-6be568a6d1ca@group-B3F28E994568-LeaderElection51] INFO  impl.RoleInfo (RoleInfo.java:shutdownLeaderElection(134)) - 5fa1608a-d503-4104-880b-6be568a6d1ca: shutdown LeaderElection
2019-11-15 23:39:48,944 [5fa1608a-d503-4104-880b-6be568a6d1ca@group-B3F28E994568-LeaderElection51] INFO  impl.RaftServerImpl (RaftServerImpl.java:setRole(173)) - 5fa1608a-d503-4104-880b-6be568a6d1ca@group-B3F28E994568: changes role from CANDIDATE to LEADER at term 1 for changeToLeader
2019-11-15 23:39:48,945 [5fa1608a-d503-4104-880b-6be568a6d1ca@group-B3F28E994568-LeaderElection51] INFO  ratis.XceiverServerRatis (XceiverServerRatis.java:handleLeaderChangedNotification(697)) - Leader change notification received for group: group-B3F28E994568 with new leaderId: 5fa1608a-d503-4104-880b-6be568a6d1ca
2019-11-15 23:39:48,945 [5fa1608a-d503-4104-880b-6be568a6d1ca@group-B3F28E994568-LeaderElection51] INFO  impl.RaftServerImpl (ServerState.java:setLeader(255)) - 5fa1608a-d503-4104-880b-6be568a6d1ca@group-B3F28E994568: change Leader from null to 5fa1608a-d503-4104-880b-6be568a6d1ca at term 1 for becomeLeader, leader elected after 1159ms
2019-11-15 23:39:48,945 [5fa1608a-d503-4104-880b-6be568a6d1ca@group-B3F28E994568-LeaderElection51] INFO  server.RaftServerConfigKeys (ConfUtils.java:logGet(43)) - raft.server.staging.catchup.gap = 1000 (default)
2019-11-15 23:39:48,945 [5fa1608a-d503-4104-880b-6be568a6d1ca@group-B3F28E994568-LeaderElection51] INFO  server.RaftServerConfigKeys (ConfUtils.java:logGet(43)) - raft.server.rpc.sleep.time = 25ms (default)
2019-11-15 23:39:48,945 [5fa1608a-d503-4104-880b-6be568a6d1ca@group-B3F28E994568-LeaderElection51] INFO  server.RaftServerConfigKeys (ConfUtils.java:logGet(43)) - raft.server.write.element-limit = 4096 (default)
2019-11-15 23:39:48,945 [5fa1608a-d503-4104-880b-6be568a6d1ca@group-B3F28E994568-LeaderElection51] INFO  server.RaftServerConfigKeys (ConfUtils.java:logGet(43)) - raft.server.watch.timeout = 10s (default)
2019-11-15 23:39:48,946 [5fa1608a-d503-4104-880b-6be568a6d1ca@group-B3F28E994568-LeaderElection51] INFO  server.RaftServerConfigKeys (ConfUtils.java:logGet(43)) - raft.server.watch.timeout.denomination = 1s (default)
2019-11-15 23:39:48,946 [5fa1608a-d503-4104-880b-6be568a6d1ca@group-B3F28E994568-LeaderElection51] INFO  server.RaftServerConfigKeys (ConfUtils.java:logGet(43)) - raft.server.watch.element-limit = 65536 (default)
2019-11-15 23:39:48,946 [5fa1608a-d503-4104-880b-6be568a6d1ca@group-B3F28E994568-LeaderElection51] INFO  impl.RoleInfo (RoleInfo.java:updateAndGet(143)) - 5fa1608a-d503-4104-880b-6be568a6d1ca: start LeaderState
2019-11-15 23:39:48,946 [5fa1608a-d503-4104-880b-6be568a6d1ca@group-B3F28E994568-LeaderElection51] INFO  segmented.SegmentedRaftLogWorker (SegmentedRaftLogWorker.java:startLogSegment(385)) - 5fa1608a-d503-4104-880b-6be568a6d1ca@group-B3F28E994568-SegmentedRaftLogWorker: Starting segment from index:0
2019-11-15 23:39:48,947 [5fa1608a-d503-4104-880b-6be568a6d1ca@group-B3F28E994568-LeaderElection51] INFO  impl.RaftServerImpl (ServerState.java:setRaftConf(356)) - 5fa1608a-d503-4104-880b-6be568a6d1ca@group-B3F28E994568: set configuration 0: [5fa1608a-d503-4104-880b-6be568a6d1ca:192.168.69.89:34320], old=null at 0
2019-11-15 23:39:48,976 [5631d385-0b46-47bf-960c-236f816b46d3@group-49FCFB75375D-LeaderElection50] INFO  impl.LeaderElection (LeaderElection.java:logAndReturn(56)) - 5631d385-0b46-47bf-960c-236f816b46d3@group-49FCFB75375D-LeaderElection50: Election REJECTED; received 2 response(s) [5631d385-0b46-47bf-960c-236f816b46d3<-08a53ee3-16fe-4887-981c-fcef61fe445a#0:FAIL-t1, 5631d385-0b46-47bf-960c-236f816b46d3<-5fa1608a-d503-4104-880b-6be568a6d1ca#0:FAIL-t1] and 0 exception(s); 5631d385-0b46-47bf-960c-236f816b46d3@group-49FCFB75375D:t1, leader=null, voted=5631d385-0b46-47bf-960c-236f816b46d3, raftlog=5631d385-0b46-47bf-960c-236f816b46d3@group-49FCFB75375D-SegmentedRaftLog:OPENED:c-1,f-1,i0, conf=-1: [08a53ee3-16fe-4887-981c-fcef61fe445a:192.168.69.89:38583, 5fa1608a-d503-4104-880b-6be568a6d1ca:192.168.69.89:34320, 5631d385-0b46-47bf-960c-236f816b46d3:192.168.69.89:38050], old=null
2019-11-15 23:39:48,977 [5631d385-0b46-47bf-960c-236f816b46d3@group-49FCFB75375D-LeaderElection50] INFO  impl.RaftServerImpl (RaftServerImpl.java:setRole(173)) - 5631d385-0b46-47bf-960c-236f816b46d3@group-49FCFB75375D: changes role from CANDIDATE to FOLLOWER at term 1 for DISCOVERED_A_NEW_TERM
2019-11-15 23:39:48,977 [5631d385-0b46-47bf-960c-236f816b46d3@group-49FCFB75375D-LeaderElection50] INFO  impl.RoleInfo (RoleInfo.java:shutdownLeaderElection(134)) - 5631d385-0b46-47bf-960c-236f816b46d3: shutdown LeaderElection
2019-11-15 23:39:48,977 [5631d385-0b46-47bf-960c-236f816b46d3@group-49FCFB75375D-LeaderElection50] INFO  impl.RoleInfo (RoleInfo.java:updateAndGet(143)) - 5631d385-0b46-47bf-960c-236f816b46d3: start FollowerState
2019-11-15 23:39:49,042 [5fa1608a-d503-4104-880b-6be568a6d1ca@group-B3F28E994568-SegmentedRaftLogWorker] INFO  segmented.SegmentedRaftLogWorker (SegmentedRaftLogWorker.java:execute(576)) - 5fa1608a-d503-4104-880b-6be568a6d1ca@group-B3F28E994568-SegmentedRaftLogWorker: created new log segment /workdir/hadoop-ozone/integration-test/target/test-dir/MiniOzoneClusterImpl-33986320-1065-4a8e-9f2e-ea3716de2538/datanode-0/data/ratis/62218972-72eb-4208-9ed0-b3f28e994568/current/log_inprogress_0
2019-11-15 23:39:49,043 [EventQueue-PipelineReportForPipelineReportHandler] INFO  pipeline.PipelineStateManager (PipelineStateManager.java:openPipeline(134)) - Pipeline Pipeline[ Id: 62218972-72eb-4208-9ed0-b3f28e994568, Nodes: 5fa1608a-d503-4104-880b-6be568a6d1ca{ip: 192.168.69.89, host: pr-hdds-2501-jccjl-2716832651, networkLocation: /default-rack, certSerialId: null}, Type:RATIS, Factor:ONE, State:OPEN] moved to OPEN state
2019-11-15 23:39:49,043 [08a53ee3-16fe-4887-981c-fcef61fe445a@group-49FCFB75375D-LeaderElection49] INFO  impl.LeaderElection (LeaderElection.java:logAndReturn(56)) - 08a53ee3-16fe-4887-981c-fcef61fe445a@group-49FCFB75375D-LeaderElection49: Election REJECTED; received 2 response(s) [08a53ee3-16fe-4887-981c-fcef61fe445a<-5fa1608a-d503-4104-880b-6be568a6d1ca#0:FAIL-t1, 08a53ee3-16fe-4887-981c-fcef61fe445a<-5631d385-0b46-47bf-960c-236f816b46d3#0:FAIL-t1] and 0 exception(s); 08a53ee3-16fe-4887-981c-fcef61fe445a@group-49FCFB75375D:t1, leader=null, voted=08a53ee3-16fe-4887-981c-fcef61fe445a, raftlog=08a53ee3-16fe-4887-981c-fcef61fe445a@group-49FCFB75375D-SegmentedRaftLog:OPENED:c-1,f-1,i0, conf=-1: [08a53ee3-16fe-4887-981c-fcef61fe445a:192.168.69.89:38583, 5fa1608a-d503-4104-880b-6be568a6d1ca:192.168.69.89:34320, 5631d385-0b46-47bf-960c-236f816b46d3:192.168.69.89:38050], old=null
2019-11-15 23:39:49,044 [08a53ee3-16fe-4887-981c-fcef61fe445a@group-49FCFB75375D-LeaderElection49] INFO  impl.RaftServerImpl (RaftServerImpl.java:setRole(173)) - 08a53ee3-16fe-4887-981c-fcef61fe445a@group-49FCFB75375D: changes role from CANDIDATE to FOLLOWER at term 1 for DISCOVERED_A_NEW_TERM
2019-11-15 23:39:49,044 [08a53ee3-16fe-4887-981c-fcef61fe445a@group-49FCFB75375D-LeaderElection49] INFO  impl.RoleInfo (RoleInfo.java:shutdownLeaderElection(134)) - 08a53ee3-16fe-4887-981c-fcef61fe445a: shutdown LeaderElection
2019-11-15 23:39:49,044 [08a53ee3-16fe-4887-981c-fcef61fe445a@group-49FCFB75375D-LeaderElection49] INFO  impl.RoleInfo (RoleInfo.java:updateAndGet(143)) - 08a53ee3-16fe-4887-981c-fcef61fe445a: start FollowerState
2019-11-15 23:39:49,705 [Thread-1789] INFO  impl.FollowerState (FollowerState.java:run(111)) - 44c1a031-22df-4fb3-be71-2a7e67cf760d@group-94433D77B95D-FollowerState: change to CANDIDATE, lastRpcTime:1082ms, electionTimeout:1082ms
2019-11-15 23:39:49,708 [Thread-1789] INFO  impl.RoleInfo (RoleInfo.java:shutdownFollowerState(121)) - 44c1a031-22df-4fb3-be71-2a7e67cf760d: shutdown FollowerState
2019-11-15 23:39:49,708 [Thread-1789] INFO  impl.RaftServerImpl (RaftServerImpl.java:setRole(173)) - 44c1a031-22df-4fb3-be71-2a7e67cf760d@group-94433D77B95D: changes role from  FOLLOWER to CANDIDATE at term 1 for changeToCandidate
2019-11-15 23:39:49,708 [Thread-1789] INFO  impl.RoleInfo (RoleInfo.java:updateAndGet(143)) - 44c1a031-22df-4fb3-be71-2a7e67cf760d: start LeaderElection
2019-11-15 23:39:49,735 [44c1a031-22df-4fb3-be71-2a7e67cf760d@group-94433D77B95D-LeaderElection52] INFO  impl.LeaderElection (LeaderElection.java:askForVotes(178)) - 44c1a031-22df-4fb3-be71-2a7e67cf760d@group-94433D77B95D-LeaderElection52: begin an election at term 2 for -1: [44c1a031-22df-4fb3-be71-2a7e67cf760d:192.168.69.89:40732, 852bb6bc-fc53-4f9b-b145-e7434400ca8b:192.168.69.89:35193, 4b590edd-7cfe-4917-88ed-6329a2b55bbe:192.168.69.89:40974], old=null
2019-11-15 23:39:49,737 [grpc-default-executor-0] INFO  impl.RaftServerImpl (RaftServerImpl.java:setRole(173)) - 4b590edd-7cfe-4917-88ed-6329a2b55bbe@group-94433D77B95D: changes role from  FOLLOWER to FOLLOWER at term 2 for recognizeCandidate:44c1a031-22df-4fb3-be71-2a7e67cf760d
2019-11-15 23:39:49,737 [grpc-default-executor-3] INFO  impl.RaftServerImpl (RaftServerImpl.java:setRole(173)) - 852bb6bc-fc53-4f9b-b145-e7434400ca8b@group-94433D77B95D: changes role from  FOLLOWER to FOLLOWER at term 2 for recognizeCandidate:44c1a031-22df-4fb3-be71-2a7e67cf760d
2019-11-15 23:39:49,738 [grpc-default-executor-0] INFO  impl.RoleInfo (RoleInfo.java:shutdownFollowerState(121)) - 4b590edd-7cfe-4917-88ed-6329a2b55bbe: shutdown FollowerState
2019-11-15 23:39:49,738 [grpc-default-executor-3] INFO  impl.RoleInfo (RoleInfo.java:shutdownFollowerState(121)) - 852bb6bc-fc53-4f9b-b145-e7434400ca8b: shutdown FollowerState
2019-11-15 23:39:49,738 [grpc-default-executor-0] INFO  impl.RoleInfo (RoleInfo.java:updateAndGet(143)) - 4b590edd-7cfe-4917-88ed-6329a2b55bbe: start FollowerState
2019-11-15 23:39:49,738 [Thread-1790] INFO  impl.FollowerState (FollowerState.java:run(120)) - 4b590edd-7cfe-4917-88ed-6329a2b55bbe@group-94433D77B95D-FollowerState was interrupted: java.lang.InterruptedException: sleep interrupted
2019-11-15 23:39:49,738 [grpc-default-executor-3] INFO  impl.RoleInfo (RoleInfo.java:updateAndGet(143)) - 852bb6bc-fc53-4f9b-b145-e7434400ca8b: start FollowerState
2019-11-15 23:39:49,738 [Thread-1791] INFO  impl.FollowerState (FollowerState.java:run(120)) - 852bb6bc-fc53-4f9b-b145-e7434400ca8b@group-94433D77B95D-FollowerState was interrupted: java.lang.InterruptedException: sleep interrupted
2019-11-15 23:39:49,750 [44c1a031-22df-4fb3-be71-2a7e67cf760d@group-94433D77B95D-LeaderElection52] INFO  impl.LeaderElection (LeaderElection.java:logAndReturn(56)) - 44c1a031-22df-4fb3-be71-2a7e67cf760d@group-94433D77B95D-LeaderElection52: Election PASSED; received 1 response(s) [44c1a031-22df-4fb3-be71-2a7e67cf760d<-4b590edd-7cfe-4917-88ed-6329a2b55bbe#0:OK-t2] and 0 exception(s); 44c1a031-22df-4fb3-be71-2a7e67cf760d@group-94433D77B95D:t2, leader=null, voted=44c1a031-22df-4fb3-be71-2a7e67cf760d, raftlog=44c1a031-22df-4fb3-be71-2a7e67cf760d@group-94433D77B95D-SegmentedRaftLog:OPENED:c-1,f-1,i0, conf=-1: [44c1a031-22df-4fb3-be71-2a7e67cf760d:192.168.69.89:40732, 852bb6bc-fc53-4f9b-b145-e7434400ca8b:192.168.69.89:35193, 4b590edd-7cfe-4917-88ed-6329a2b55bbe:192.168.69.89:40974], old=null
2019-11-15 23:39:49,750 [44c1a031-22df-4fb3-be71-2a7e67cf760d@group-94433D77B95D-LeaderElection52] INFO  impl.RoleInfo (RoleInfo.java:shutdownLeaderElection(134)) - 44c1a031-22df-4fb3-be71-2a7e67cf760d: shutdown LeaderElection
2019-11-15 23:39:49,750 [44c1a031-22df-4fb3-be71-2a7e67cf760d@group-94433D77B95D-LeaderElection52] INFO  impl.RaftServerImpl (RaftServerImpl.java:setRole(173)) - 44c1a031-22df-4fb3-be71-2a7e67cf760d@group-94433D77B95D: changes role from CANDIDATE to LEADER at term 2 for changeToLeader
2019-11-15 23:39:49,750 [44c1a031-22df-4fb3-be71-2a7e67cf760d@group-94433D77B95D-LeaderElection52] INFO  ratis.XceiverServerRatis (XceiverServerRatis.java:handleLeaderChangedNotification(697)) - Leader change notification received for group: group-94433D77B95D with new leaderId: 44c1a031-22df-4fb3-be71-2a7e67cf760d
2019-11-15 23:39:49,750 [44c1a031-22df-4fb3-be71-2a7e67cf760d@group-94433D77B95D-LeaderElection52] INFO  impl.RaftServerImpl (ServerState.java:setLeader(255)) - 44c1a031-22df-4fb3-be71-2a7e67cf760d@group-94433D77B95D: change Leader from null to 44c1a031-22df-4fb3-be71-2a7e67cf760d at term 2 for becomeLeader, leader elected after 2283ms
2019-11-15 23:39:49,750 [44c1a031-22df-4fb3-be71-2a7e67cf760d@group-94433D77B95D-LeaderElection52] INFO  server.RaftServerConfigKeys (ConfUtils.java:logGet(43)) - raft.server.staging.catchup.gap = 1000 (default)
2019-11-15 23:39:49,750 [44c1a031-22df-4fb3-be71-2a7e67cf760d@group-94433D77B95D-LeaderElection52] INFO  server.RaftServerConfigKeys (ConfUtils.java:logGet(43)) - raft.server.rpc.sleep.time = 25ms (default)
2019-11-15 23:39:49,751 [44c1a031-22df-4fb3-be71-2a7e67cf760d@group-94433D77B95D-LeaderElection52] INFO  server.RaftServerConfigKeys (ConfUtils.java:logGet(43)) - raft.server.write.element-limit = 4096 (default)
2019-11-15 23:39:49,751 [44c1a031-22df-4fb3-be71-2a7e67cf760d@group-94433D77B95D-LeaderElection52] INFO  server.RaftServerConfigKeys (ConfUtils.java:logGet(43)) - raft.server.watch.timeout = 10s (default)
2019-11-15 23:39:49,751 [44c1a031-22df-4fb3-be71-2a7e67cf760d@group-94433D77B95D-LeaderElection52] INFO  server.RaftServerConfigKeys (ConfUtils.java:logGet(43)) - raft.server.watch.timeout.denomination = 1s (default)
2019-11-15 23:39:49,751 [44c1a031-22df-4fb3-be71-2a7e67cf760d@group-94433D77B95D-LeaderElection52] INFO  server.RaftServerConfigKeys (ConfUtils.java:logGet(43)) - raft.server.watch.element-limit = 65536 (default)
2019-11-15 23:39:49,751 [44c1a031-22df-4fb3-be71-2a7e67cf760d@group-94433D77B95D-LeaderElection52] INFO  server.RaftServerConfigKeys (ConfUtils.java:logGet(43)) - raft.server.log.appender.snapshot.chunk.size.max = 16MB (=16777216) (default)
2019-11-15 23:39:49,751 [EventQueue-PipelineReportForPipelineReportHandler] INFO  pipeline.PipelineStateManager (PipelineStateManager.java:openPipeline(134)) - Pipeline Pipeline[ Id: a3cfd715-b77e-4101-a067-94433d77b95d, Nodes: 44c1a031-22df-4fb3-be71-2a7e67cf760d{ip: 192.168.69.89, host: pr-hdds-2501-jccjl-2716832651, networkLocation: /default-rack, certSerialId: null}4b590edd-7cfe-4917-88ed-6329a2b55bbe{ip: 192.168.69.89, host: pr-hdds-2501-jccjl-2716832651, networkLocation: /default-rack, certSerialId: null}852bb6bc-fc53-4f9b-b145-e7434400ca8b{ip: 192.168.69.89, host: pr-hdds-2501-jccjl-2716832651, networkLocation: /default-rack, certSerialId: null}, Type:RATIS, Factor:THREE, State:OPEN] moved to OPEN state
2019-11-15 23:39:49,751 [44c1a031-22df-4fb3-be71-2a7e67cf760d@group-94433D77B95D-LeaderElection52] INFO  server.RaftServerConfigKeys (ConfUtils.java:logGet(43)) - raft.server.log.appender.buffer.byte-limit = 33554432 (custom)
2019-11-15 23:39:49,753 [44c1a031-22df-4fb3-be71-2a7e67cf760d@group-94433D77B95D-LeaderElection52] INFO  server.RaftServerConfigKeys (ConfUtils.java:logGet(43)) - raft.server.log.appender.buffer.element-limit = 1 (custom)
2019-11-15 23:39:49,753 [44c1a031-22df-4fb3-be71-2a7e67cf760d@group-94433D77B95D-LeaderElection52] INFO  grpc.GrpcConfigKeys$Server (ConfUtils.java:logGet(43)) - raft.grpc.server.leader.outstanding.appends.max = 128 (default)
2019-11-15 23:39:49,753 [44c1a031-22df-4fb3-be71-2a7e67cf760d@group-94433D77B95D-LeaderElection52] INFO  server.RaftServerConfigKeys (ConfUtils.java:logGet(43)) - raft.server.rpc.request.timeout = 3000ms (default)
2019-11-15 23:39:49,754 [44c1a031-22df-4fb3-be71-2a7e67cf760d@group-94433D77B95D-LeaderElection52] INFO  server.RaftServerConfigKeys (ConfUtils.java:logGet(43)) - raft.server.log.appender.install.snapshot.enabled = false (custom)
2019-11-15 23:39:49,754 [44c1a031-22df-4fb3-be71-2a7e67cf760d@group-94433D77B95D-LeaderElection52] WARN  impl.MetricRegistriesImpl (MetricRegistriesImpl.java:lambda$create$1(61)) - First MetricRegistry has been created without registering reporters. You may need to call MetricRegistries.global().addReportRegistration(...) before.
2019-11-15 23:39:49,754 [44c1a031-22df-4fb3-be71-2a7e67cf760d@group-94433D77B95D-LeaderElection52] INFO  server.RaftServerConfigKeys (ConfUtils.java:logGet(43)) - raft.server.log.appender.snapshot.chunk.size.max = 16MB (=16777216) (default)
2019-11-15 23:39:49,754 [44c1a031-22df-4fb3-be71-2a7e67cf760d@group-94433D77B95D-LeaderElection52] INFO  server.RaftServerConfigKeys (ConfUtils.java:logGet(43)) - raft.server.log.appender.buffer.byte-limit = 33554432 (custom)
2019-11-15 23:39:49,754 [44c1a031-22df-4fb3-be71-2a7e67cf760d@group-94433D77B95D-LeaderElection52] INFO  server.RaftServerConfigKeys (ConfUtils.java:logGet(43)) - raft.server.log.appender.buffer.element-limit = 1 (custom)
2019-11-15 23:39:49,754 [44c1a031-22df-4fb3-be71-2a7e67cf760d@group-94433D77B95D-LeaderElection52] INFO  grpc.GrpcConfigKeys$Server (ConfUtils.java:logGet(43)) - raft.grpc.server.leader.outstanding.appends.max = 128 (default)
2019-11-15 23:39:49,754 [44c1a031-22df-4fb3-be71-2a7e67cf760d@group-94433D77B95D-LeaderElection52] INFO  server.RaftServerConfigKeys (ConfUtils.java:logGet(43)) - raft.server.rpc.request.timeout = 3000ms (default)
2019-11-15 23:39:49,755 [44c1a031-22df-4fb3-be71-2a7e67cf760d@group-94433D77B95D-LeaderElection52] INFO  server.RaftServerConfigKeys (ConfUtils.java:logGet(43)) - raft.server.log.appender.install.snapshot.enabled = false (custom)
2019-11-15 23:39:49,755 [44c1a031-22df-4fb3-be71-2a7e67cf760d@group-94433D77B95D-LeaderElection52] INFO  impl.RoleInfo (RoleInfo.java:updateAndGet(143)) - 44c1a031-22df-4fb3-be71-2a7e67cf760d: start LeaderState
2019-11-15 23:39:49,755 [44c1a031-22df-4fb3-be71-2a7e67cf760d@group-94433D77B95D-LeaderElection52] INFO  segmented.SegmentedRaftLogWorker (SegmentedRaftLogWorker.java:startLogSegment(385)) - 44c1a031-22df-4fb3-be71-2a7e67cf760d@group-94433D77B95D-SegmentedRaftLogWorker: Starting segment from index:0
2019-11-15 23:39:49,756 [44c1a031-22df-4fb3-be71-2a7e67cf760d@group-94433D77B95D-LeaderElection52] INFO  impl.RaftServerImpl (ServerState.java:setRaftConf(356)) - 44c1a031-22df-4fb3-be71-2a7e67cf760d@group-94433D77B95D: set configuration 0: [44c1a031-22df-4fb3-be71-2a7e67cf760d:192.168.69.89:40732, 852bb6bc-fc53-4f9b-b145-e7434400ca8b:192.168.69.89:35193, 4b590edd-7cfe-4917-88ed-6329a2b55bbe:192.168.69.89:40974], old=null at 0
2019-11-15 23:39:49,756 [grpc-default-executor-3] INFO  ratis.XceiverServerRatis (XceiverServerRatis.java:handleLeaderChangedNotification(697)) - Leader change notification received for group: group-94433D77B95D with new leaderId: 44c1a031-22df-4fb3-be71-2a7e67cf760d
2019-11-15 23:39:49,763 [grpc-default-executor-0] INFO  ratis.XceiverServerRatis (XceiverServerRatis.java:handleLeaderChangedNotification(697)) - Leader change notification received for group: group-94433D77B95D with new leaderId: 44c1a031-22df-4fb3-be71-2a7e67cf760d
2019-11-15 23:39:49,763 [grpc-default-executor-3] INFO  impl.RaftServerImpl (ServerState.java:setLeader(255)) - 4b590edd-7cfe-4917-88ed-6329a2b55bbe@group-94433D77B95D: change Leader from null to 44c1a031-22df-4fb3-be71-2a7e67cf760d at term 2 for appendEntries, leader elected after 2289ms
2019-11-15 23:39:49,763 [grpc-default-executor-0] INFO  impl.RaftServerImpl (ServerState.java:setLeader(255)) - 852bb6bc-fc53-4f9b-b145-e7434400ca8b@group-94433D77B95D: change Leader from null to 44c1a031-22df-4fb3-be71-2a7e67cf760d at term 2 for appendEntries, leader elected after 2289ms
2019-11-15 23:39:49,765 [grpc-default-executor-0] INFO  impl.RaftServerImpl (ServerState.java:setRaftConf(356)) - 852bb6bc-fc53-4f9b-b145-e7434400ca8b@group-94433D77B95D: set configuration 0: [44c1a031-22df-4fb3-be71-2a7e67cf760d:192.168.69.89:40732, 852bb6bc-fc53-4f9b-b145-e7434400ca8b:192.168.69.89:35193, 4b590edd-7cfe-4917-88ed-6329a2b55bbe:192.168.69.89:40974], old=null at 0
2019-11-15 23:39:49,765 [grpc-default-executor-3] INFO  impl.RaftServerImpl (ServerState.java:setRaftConf(356)) - 4b590edd-7cfe-4917-88ed-6329a2b55bbe@group-94433D77B95D: set configuration 0: [44c1a031-22df-4fb3-be71-2a7e67cf760d:192.168.69.89:40732, 852bb6bc-fc53-4f9b-b145-e7434400ca8b:192.168.69.89:35193, 4b590edd-7cfe-4917-88ed-6329a2b55bbe:192.168.69.89:40974], old=null at 0
2019-11-15 23:39:49,765 [grpc-default-executor-0] INFO  segmented.SegmentedRaftLogWorker (SegmentedRaftLogWorker.java:startLogSegment(385)) - 852bb6bc-fc53-4f9b-b145-e7434400ca8b@group-94433D77B95D-SegmentedRaftLogWorker: Starting segment from index:0
2019-11-15 23:39:49,765 [grpc-default-executor-3] INFO  segmented.SegmentedRaftLogWorker (SegmentedRaftLogWorker.java:startLogSegment(385)) - 4b590edd-7cfe-4917-88ed-6329a2b55bbe@group-94433D77B95D-SegmentedRaftLogWorker: Starting segment from index:0
2019-11-15 23:39:49,855 [4b590edd-7cfe-4917-88ed-6329a2b55bbe@group-94433D77B95D-SegmentedRaftLogWorker] INFO  segmented.SegmentedRaftLogWorker (SegmentedRaftLogWorker.java:execute(576)) - 4b590edd-7cfe-4917-88ed-6329a2b55bbe@group-94433D77B95D-SegmentedRaftLogWorker: created new log segment /workdir/hadoop-ozone/integration-test/target/test-dir/MiniOzoneClusterImpl-33986320-1065-4a8e-9f2e-ea3716de2538/datanode-3/data/ratis/a3cfd715-b77e-4101-a067-94433d77b95d/current/log_inprogress_0
2019-11-15 23:39:49,855 [44c1a031-22df-4fb3-be71-2a7e67cf760d@group-94433D77B95D-SegmentedRaftLogWorker] INFO  segmented.SegmentedRaftLogWorker (SegmentedRaftLogWorker.java:execute(576)) - 44c1a031-22df-4fb3-be71-2a7e67cf760d@group-94433D77B95D-SegmentedRaftLogWorker: created new log segment /workdir/hadoop-ozone/integration-test/target/test-dir/MiniOzoneClusterImpl-33986320-1065-4a8e-9f2e-ea3716de2538/datanode-4/data/ratis/a3cfd715-b77e-4101-a067-94433d77b95d/current/log_inprogress_0
2019-11-15 23:39:49,855 [852bb6bc-fc53-4f9b-b145-e7434400ca8b@group-94433D77B95D-SegmentedRaftLogWorker] INFO  segmented.SegmentedRaftLogWorker (SegmentedRaftLogWorker.java:execute(576)) - 852bb6bc-fc53-4f9b-b145-e7434400ca8b@group-94433D77B95D-SegmentedRaftLogWorker: created new log segment /workdir/hadoop-ozone/integration-test/target/test-dir/MiniOzoneClusterImpl-33986320-1065-4a8e-9f2e-ea3716de2538/datanode-5/data/ratis/a3cfd715-b77e-4101-a067-94433d77b95d/current/log_inprogress_0
2019-11-15 23:39:49,984 [Thread-1803] INFO  impl.FollowerState (FollowerState.java:run(111)) - 5fa1608a-d503-4104-880b-6be568a6d1ca@group-49FCFB75375D-FollowerState: change to CANDIDATE, lastRpcTime:1167ms, electionTimeout:1167ms
2019-11-15 23:39:49,984 [Thread-1803] INFO  impl.RoleInfo (RoleInfo.java:shutdownFollowerState(121)) - 5fa1608a-d503-4104-880b-6be568a6d1ca: shutdown FollowerState
2019-11-15 23:39:49,985 [Thread-1803] INFO  impl.RaftServerImpl (RaftServerImpl.java:setRole(173)) - 5fa1608a-d503-4104-880b-6be568a6d1ca@group-49FCFB75375D: changes role from  FOLLOWER to CANDIDATE at term 1 for changeToCandidate
2019-11-15 23:39:49,985 [Thread-1803] INFO  impl.RoleInfo (RoleInfo.java:updateAndGet(143)) - 5fa1608a-d503-4104-880b-6be568a6d1ca: start LeaderElection
2019-11-15 23:39:50,009 [5fa1608a-d503-4104-880b-6be568a6d1ca@group-49FCFB75375D-LeaderElection53] INFO  impl.LeaderElection (LeaderElection.java:askForVotes(178)) - 5fa1608a-d503-4104-880b-6be568a6d1ca@group-49FCFB75375D-LeaderElection53: begin an election at term 2 for -1: [08a53ee3-16fe-4887-981c-fcef61fe445a:192.168.69.89:38583, 5fa1608a-d503-4104-880b-6be568a6d1ca:192.168.69.89:34320, 5631d385-0b46-47bf-960c-236f816b46d3:192.168.69.89:38050], old=null
2019-11-15 23:39:50,011 [grpc-default-executor-3] INFO  impl.RaftServerImpl (RaftServerImpl.java:setRole(173)) - 08a53ee3-16fe-4887-981c-fcef61fe445a@group-49FCFB75375D: changes role from  FOLLOWER to FOLLOWER at term 2 for recognizeCandidate:5fa1608a-d503-4104-880b-6be568a6d1ca
2019-11-15 23:39:50,011 [grpc-default-executor-0] INFO  impl.RaftServerImpl (RaftServerImpl.java:setRole(173)) - 5631d385-0b46-47bf-960c-236f816b46d3@group-49FCFB75375D: changes role from  FOLLOWER to FOLLOWER at term 2 for recognizeCandidate:5fa1608a-d503-4104-880b-6be568a6d1ca
2019-11-15 23:39:50,011 [grpc-default-executor-3] INFO  impl.RoleInfo (RoleInfo.java:shutdownFollowerState(121)) - 08a53ee3-16fe-4887-981c-fcef61fe445a: shutdown FollowerState
2019-11-15 23:39:50,011 [grpc-default-executor-0] INFO  impl.RoleInfo (RoleInfo.java:shutdownFollowerState(121)) - 5631d385-0b46-47bf-960c-236f816b46d3: shutdown FollowerState
2019-11-15 23:39:50,012 [Thread-1807] INFO  impl.FollowerState (FollowerState.java:run(120)) - 08a53ee3-16fe-4887-981c-fcef61fe445a@group-49FCFB75375D-FollowerState was interrupted: java.lang.InterruptedException: sleep interrupted
2019-11-15 23:39:50,012 [grpc-default-executor-3] INFO  impl.RoleInfo (RoleInfo.java:updateAndGet(143)) - 08a53ee3-16fe-4887-981c-fcef61fe445a: start FollowerState
2019-11-15 23:39:50,012 [Thread-1806] INFO  impl.FollowerState (FollowerState.java:run(120)) - 5631d385-0b46-47bf-960c-236f816b46d3@group-49FCFB75375D-FollowerState was interrupted: java.lang.InterruptedException: sleep interrupted
2019-11-15 23:39:50,012 [grpc-default-executor-0] INFO  impl.RoleInfo (RoleInfo.java:updateAndGet(143)) - 5631d385-0b46-47bf-960c-236f816b46d3: start FollowerState
2019-11-15 23:39:50,043 [5fa1608a-d503-4104-880b-6be568a6d1ca@group-49FCFB75375D-LeaderElection53] INFO  impl.LeaderElection (LeaderElection.java:logAndReturn(56)) - 5fa1608a-d503-4104-880b-6be568a6d1ca@group-49FCFB75375D-LeaderElection53: Election PASSED; received 1 response(s) [5fa1608a-d503-4104-880b-6be568a6d1ca<-5631d385-0b46-47bf-960c-236f816b46d3#0:OK-t2] and 0 exception(s); 5fa1608a-d503-4104-880b-6be568a6d1ca@group-49FCFB75375D:t2, leader=null, voted=5fa1608a-d503-4104-880b-6be568a6d1ca, raftlog=5fa1608a-d503-4104-880b-6be568a6d1ca@group-49FCFB75375D-SegmentedRaftLog:OPENED:c-1,f-1,i0, conf=-1: [08a53ee3-16fe-4887-981c-fcef61fe445a:192.168.69.89:38583, 5fa1608a-d503-4104-880b-6be568a6d1ca:192.168.69.89:34320, 5631d385-0b46-47bf-960c-236f816b46d3:192.168.69.89:38050], old=null
2019-11-15 23:39:50,044 [5fa1608a-d503-4104-880b-6be568a6d1ca@group-49FCFB75375D-LeaderElection53] INFO  impl.RoleInfo (RoleInfo.java:shutdownLeaderElection(134)) - 5fa1608a-d503-4104-880b-6be568a6d1ca: shutdown LeaderElection
2019-11-15 23:39:50,044 [5fa1608a-d503-4104-880b-6be568a6d1ca@group-49FCFB75375D-LeaderElection53] INFO  impl.RaftServerImpl (RaftServerImpl.java:setRole(173)) - 5fa1608a-d503-4104-880b-6be568a6d1ca@group-49FCFB75375D: changes role from CANDIDATE to LEADER at term 2 for changeToLeader
2019-11-15 23:39:50,044 [5fa1608a-d503-4104-880b-6be568a6d1ca@group-49FCFB75375D-LeaderElection53] INFO  ratis.XceiverServerRatis (XceiverServerRatis.java:handleLeaderChangedNotification(697)) - Leader change notification received for group: group-49FCFB75375D with new leaderId: 5fa1608a-d503-4104-880b-6be568a6d1ca
2019-11-15 23:39:50,044 [5fa1608a-d503-4104-880b-6be568a6d1ca@group-49FCFB75375D-LeaderElection53] INFO  impl.RaftServerImpl (ServerState.java:setLeader(255)) - 5fa1608a-d503-4104-880b-6be568a6d1ca@group-49FCFB75375D: change Leader from null to 5fa1608a-d503-4104-880b-6be568a6d1ca at term 2 for becomeLeader, leader elected after 2345ms
2019-11-15 23:39:50,044 [5fa1608a-d503-4104-880b-6be568a6d1ca@group-49FCFB75375D-LeaderElection53] INFO  server.RaftServerConfigKeys (ConfUtils.java:logGet(43)) - raft.server.staging.catchup.gap = 1000 (default)
2019-11-15 23:39:50,044 [5fa1608a-d503-4104-880b-6be568a6d1ca@group-49FCFB75375D-LeaderElection53] INFO  server.RaftServerConfigKeys (ConfUtils.java:logGet(43)) - raft.server.rpc.sleep.time = 25ms (default)
2019-11-15 23:39:50,045 [5fa1608a-d503-4104-880b-6be568a6d1ca@group-49FCFB75375D-LeaderElection53] INFO  server.RaftServerConfigKeys (ConfUtils.java:logGet(43)) - raft.server.write.element-limit = 4096 (default)
2019-11-15 23:39:50,045 [5fa1608a-d503-4104-880b-6be568a6d1ca@group-49FCFB75375D-LeaderElection53] INFO  server.RaftServerConfigKeys (ConfUtils.java:logGet(43)) - raft.server.watch.timeout = 10s (default)
2019-11-15 23:39:50,045 [5fa1608a-d503-4104-880b-6be568a6d1ca@group-49FCFB75375D-LeaderElection53] INFO  server.RaftServerConfigKeys (ConfUtils.java:logGet(43)) - raft.server.watch.timeout.denomination = 1s (default)
2019-11-15 23:39:50,045 [5fa1608a-d503-4104-880b-6be568a6d1ca@group-49FCFB75375D-LeaderElection53] INFO  server.RaftServerConfigKeys (ConfUtils.java:logGet(43)) - raft.server.watch.element-limit = 65536 (default)
2019-11-15 23:39:50,045 [EventQueue-PipelineReportForPipelineReportHandler] INFO  pipeline.PipelineStateManager (PipelineStateManager.java:openPipeline(134)) - Pipeline Pipeline[ Id: 87358e77-5ed5-4885-9abf-49fcfb75375d, Nodes: 5631d385-0b46-47bf-960c-236f816b46d3{ip: 192.168.69.89, host: pr-hdds-2501-jccjl-2716832651, networkLocation: /default-rack, certSerialId: null}08a53ee3-16fe-4887-981c-fcef61fe445a{ip: 192.168.69.89, host: pr-hdds-2501-jccjl-2716832651, networkLocation: /default-rack, certSerialId: null}5fa1608a-d503-4104-880b-6be568a6d1ca{ip: 192.168.69.89, host: pr-hdds-2501-jccjl-2716832651, networkLocation: /default-rack, certSerialId: null}, Type:RATIS, Factor:THREE, State:OPEN] moved to OPEN state
2019-11-15 23:39:50,045 [5fa1608a-d503-4104-880b-6be568a6d1ca@group-49FCFB75375D-LeaderElection53] INFO  server.RaftServerConfigKeys (ConfUtils.java:logGet(43)) - raft.server.log.appender.snapshot.chunk.size.max = 16MB (=16777216) (default)
2019-11-15 23:39:50,045 [5fa1608a-d503-4104-880b-6be568a6d1ca@group-49FCFB75375D-LeaderElection53] INFO  server.RaftServerConfigKeys (ConfUtils.java:logGet(43)) - raft.server.log.appender.buffer.byte-limit = 33554432 (custom)
2019-11-15 23:39:50,046 [5fa1608a-d503-4104-880b-6be568a6d1ca@group-49FCFB75375D-LeaderElection53] INFO  server.RaftServerConfigKeys (ConfUtils.java:logGet(43)) - raft.server.log.appender.buffer.element-limit = 1 (custom)
2019-11-15 23:39:50,046 [5fa1608a-d503-4104-880b-6be568a6d1ca@group-49FCFB75375D-LeaderElection53] INFO  grpc.GrpcConfigKeys$Server (ConfUtils.java:logGet(43)) - raft.grpc.server.leader.outstanding.appends.max = 128 (default)
2019-11-15 23:39:50,046 [5fa1608a-d503-4104-880b-6be568a6d1ca@group-49FCFB75375D-LeaderElection53] INFO  server.RaftServerConfigKeys (ConfUtils.java:logGet(43)) - raft.server.rpc.request.timeout = 3000ms (default)
2019-11-15 23:39:50,046 [5fa1608a-d503-4104-880b-6be568a6d1ca@group-49FCFB75375D-LeaderElection53] INFO  server.RaftServerConfigKeys (ConfUtils.java:logGet(43)) - raft.server.log.appender.install.snapshot.enabled = false (custom)
2019-11-15 23:39:50,046 [5fa1608a-d503-4104-880b-6be568a6d1ca@group-49FCFB75375D-LeaderElection53] WARN  impl.MetricRegistriesImpl (MetricRegistriesImpl.java:lambda$create$1(61)) - First MetricRegistry has been created without registering reporters. You may need to call MetricRegistries.global().addReportRegistration(...) before.
2019-11-15 23:39:50,046 [5fa1608a-d503-4104-880b-6be568a6d1ca@group-49FCFB75375D-LeaderElection53] INFO  server.RaftServerConfigKeys (ConfUtils.java:logGet(43)) - raft.server.log.appender.snapshot.chunk.size.max = 16MB (=16777216) (default)
2019-11-15 23:39:50,047 [5fa1608a-d503-4104-880b-6be568a6d1ca@group-49FCFB75375D-LeaderElection53] INFO  server.RaftServerConfigKeys (ConfUtils.java:logGet(43)) - raft.server.log.appender.buffer.byte-limit = 33554432 (custom)
2019-11-15 23:39:50,047 [5fa1608a-d503-4104-880b-6be568a6d1ca@group-49FCFB75375D-LeaderElection53] INFO  server.RaftServerConfigKeys (ConfUtils.java:logGet(43)) - raft.server.log.appender.buffer.element-limit = 1 (custom)
2019-11-15 23:39:50,047 [5fa1608a-d503-4104-880b-6be568a6d1ca@group-49FCFB75375D-LeaderElection53] INFO  grpc.GrpcConfigKeys$Server (ConfUtils.java:logGet(43)) - raft.grpc.server.leader.outstanding.appends.max = 128 (default)
2019-11-15 23:39:50,047 [5fa1608a-d503-4104-880b-6be568a6d1ca@group-49FCFB75375D-LeaderElection53] INFO  server.RaftServerConfigKeys (ConfUtils.java:logGet(43)) - raft.server.rpc.request.timeout = 3000ms (default)
2019-11-15 23:39:50,047 [5fa1608a-d503-4104-880b-6be568a6d1ca@group-49FCFB75375D-LeaderElection53] INFO  server.RaftServerConfigKeys (ConfUtils.java:logGet(43)) - raft.server.log.appender.install.snapshot.enabled = false (custom)
2019-11-15 23:39:50,047 [5fa1608a-d503-4104-880b-6be568a6d1ca@group-49FCFB75375D-LeaderElection53] INFO  impl.RoleInfo (RoleInfo.java:updateAndGet(143)) - 5fa1608a-d503-4104-880b-6be568a6d1ca: start LeaderState
2019-11-15 23:39:50,048 [5fa1608a-d503-4104-880b-6be568a6d1ca@group-49FCFB75375D-LeaderElection53] INFO  segmented.SegmentedRaftLogWorker (SegmentedRaftLogWorker.java:startLogSegment(385)) - 5fa1608a-d503-4104-880b-6be568a6d1ca@group-49FCFB75375D-SegmentedRaftLogWorker: Starting segment from index:0
2019-11-15 23:39:50,048 [5fa1608a-d503-4104-880b-6be568a6d1ca@group-49FCFB75375D-LeaderElection53] INFO  impl.RaftServerImpl (ServerState.java:setRaftConf(356)) - 5fa1608a-d503-4104-880b-6be568a6d1ca@group-49FCFB75375D: set configuration 0: [08a53ee3-16fe-4887-981c-fcef61fe445a:192.168.69.89:38583, 5fa1608a-d503-4104-880b-6be568a6d1ca:192.168.69.89:34320, 5631d385-0b46-47bf-960c-236f816b46d3:192.168.69.89:38050], old=null at 0
2019-11-15 23:39:50,091 [grpc-default-executor-0] INFO  ratis.XceiverServerRatis (XceiverServerRatis.java:handleLeaderChangedNotification(697)) - Leader change notification received for group: group-49FCFB75375D with new leaderId: 5fa1608a-d503-4104-880b-6be568a6d1ca
2019-11-15 23:39:50,092 [grpc-default-executor-0] INFO  impl.RaftServerImpl (ServerState.java:setLeader(255)) - 5631d385-0b46-47bf-960c-236f816b46d3@group-49FCFB75375D: change Leader from null to 5fa1608a-d503-4104-880b-6be568a6d1ca at term 2 for appendEntries, leader elected after 2392ms
2019-11-15 23:39:50,091 [grpc-default-executor-3] INFO  ratis.XceiverServerRatis (XceiverServerRatis.java:handleLeaderChangedNotification(697)) - Leader change notification received for group: group-49FCFB75375D with new leaderId: 5fa1608a-d503-4104-880b-6be568a6d1ca
2019-11-15 23:39:50,092 [grpc-default-executor-3] INFO  impl.RaftServerImpl (ServerState.java:setLeader(255)) - 08a53ee3-16fe-4887-981c-fcef61fe445a@group-49FCFB75375D: change Leader from null to 5fa1608a-d503-4104-880b-6be568a6d1ca at term 2 for appendEntries, leader elected after 2392ms
2019-11-15 23:39:50,094 [grpc-default-executor-3] INFO  impl.RaftServerImpl (ServerState.java:setRaftConf(356)) - 5631d385-0b46-47bf-960c-236f816b46d3@group-49FCFB75375D: set configuration 0: [08a53ee3-16fe-4887-981c-fcef61fe445a:192.168.69.89:38583, 5fa1608a-d503-4104-880b-6be568a6d1ca:192.168.69.89:34320, 5631d385-0b46-47bf-960c-236f816b46d3:192.168.69.89:38050], old=null at 0
2019-11-15 23:39:50,094 [grpc-default-executor-0] INFO  impl.RaftServerImpl (ServerState.java:setRaftConf(356)) - 08a53ee3-16fe-4887-981c-fcef61fe445a@group-49FCFB75375D: set configuration 0: [08a53ee3-16fe-4887-981c-fcef61fe445a:192.168.69.89:38583, 5fa1608a-d503-4104-880b-6be568a6d1ca:192.168.69.89:34320, 5631d385-0b46-47bf-960c-236f816b46d3:192.168.69.89:38050], old=null at 0
2019-11-15 23:39:50,094 [grpc-default-executor-3] INFO  segmented.SegmentedRaftLogWorker (SegmentedRaftLogWorker.java:startLogSegment(385)) - 5631d385-0b46-47bf-960c-236f816b46d3@group-49FCFB75375D-SegmentedRaftLogWorker: Starting segment from index:0
2019-11-15 23:39:50,094 [grpc-default-executor-0] INFO  segmented.SegmentedRaftLogWorker (SegmentedRaftLogWorker.java:startLogSegment(385)) - 08a53ee3-16fe-4887-981c-fcef61fe445a@group-49FCFB75375D-SegmentedRaftLogWorker: Starting segment from index:0
2019-11-15 23:39:50,112 [5fa1608a-d503-4104-880b-6be568a6d1ca@group-49FCFB75375D-SegmentedRaftLogWorker] INFO  segmented.SegmentedRaftLogWorker (SegmentedRaftLogWorker.java:execute(576)) - 5fa1608a-d503-4104-880b-6be568a6d1ca@group-49FCFB75375D-SegmentedRaftLogWorker: created new log segment /workdir/hadoop-ozone/integration-test/target/test-dir/MiniOzoneClusterImpl-33986320-1065-4a8e-9f2e-ea3716de2538/datanode-0/data/ratis/87358e77-5ed5-4885-9abf-49fcfb75375d/current/log_inprogress_0
2019-11-15 23:39:50,142 [5631d385-0b46-47bf-960c-236f816b46d3@group-49FCFB75375D-SegmentedRaftLogWorker] INFO  segmented.SegmentedRaftLogWorker (SegmentedRaftLogWorker.java:execute(576)) - 5631d385-0b46-47bf-960c-236f816b46d3@group-49FCFB75375D-SegmentedRaftLogWorker: created new log segment /workdir/hadoop-ozone/integration-test/target/test-dir/MiniOzoneClusterImpl-33986320-1065-4a8e-9f2e-ea3716de2538/datanode-1/data/ratis/87358e77-5ed5-4885-9abf-49fcfb75375d/current/log_inprogress_0
2019-11-15 23:39:50,142 [08a53ee3-16fe-4887-981c-fcef61fe445a@group-49FCFB75375D-SegmentedRaftLogWorker] INFO  segmented.SegmentedRaftLogWorker (SegmentedRaftLogWorker.java:execute(576)) - 08a53ee3-16fe-4887-981c-fcef61fe445a@group-49FCFB75375D-SegmentedRaftLogWorker: created new log segment /workdir/hadoop-ozone/integration-test/target/test-dir/MiniOzoneClusterImpl-33986320-1065-4a8e-9f2e-ea3716de2538/datanode-2/data/ratis/87358e77-5ed5-4885-9abf-49fcfb75375d/current/log_inprogress_0
2019-11-15 23:39:53,059 [ForkJoinPool.commonPool-worker-1] INFO  ozoneimpl.OzoneContainer (OzoneContainer.java:stop(244)) - Attempting to stop container services.
2019-11-15 23:39:53,059 [main] INFO  ozoneimpl.OzoneContainer (OzoneContainer.java:stop(244)) - Attempting to stop container services.
2019-11-15 23:39:53,061 [ForkJoinPool.commonPool-worker-1] INFO  impl.RaftServerProxy (RaftServerProxy.java:lambda$close$4(314)) - 5631d385-0b46-47bf-960c-236f816b46d3: close
2019-11-15 23:39:53,061 [main] INFO  impl.RaftServerProxy (RaftServerProxy.java:lambda$close$4(314)) - 4b590edd-7cfe-4917-88ed-6329a2b55bbe: close
2019-11-15 23:39:53,061 [ForkJoinPool.commonPool-worker-1] INFO  impl.RaftServerImpl (RaftServerImpl.java:lambda$shutdown$3(250)) - 5631d385-0b46-47bf-960c-236f816b46d3@group-7E91AA69B6E6: shutdown
2019-11-15 23:39:53,061 [main] INFO  impl.RaftServerImpl (RaftServerImpl.java:lambda$shutdown$3(250)) - 4b590edd-7cfe-4917-88ed-6329a2b55bbe@group-A4B375475F5A: shutdown
2019-11-15 23:39:53,062 [ForkJoinPool.commonPool-worker-1] INFO  util.JmxRegister (JmxRegister.java:unregister(73)) - Successfully un-registered JMX Bean with object name Ratis:service=RaftServer,group=group-7E91AA69B6E6,id=5631d385-0b46-47bf-960c-236f816b46d3
2019-11-15 23:39:53,062 [main] INFO  util.JmxRegister (JmxRegister.java:unregister(73)) - Successfully un-registered JMX Bean with object name Ratis:service=RaftServer,group=group-A4B375475F5A,id=4b590edd-7cfe-4917-88ed-6329a2b55bbe
2019-11-15 23:39:53,062 [ForkJoinPool.commonPool-worker-1] INFO  impl.RoleInfo (RoleInfo.java:shutdownLeaderState(104)) - 5631d385-0b46-47bf-960c-236f816b46d3: shutdown LeaderState
2019-11-15 23:39:53,063 [main] INFO  impl.RoleInfo (RoleInfo.java:shutdownLeaderState(104)) - 4b590edd-7cfe-4917-88ed-6329a2b55bbe: shutdown LeaderState
2019-11-15 23:39:53,063 [ForkJoinPool.commonPool-worker-1] INFO  impl.PendingRequests (PendingRequests.java:sendNotLeaderResponses(206)) - 5631d385-0b46-47bf-960c-236f816b46d3@group-7E91AA69B6E6-PendingRequests: sendNotLeaderResponses
2019-11-15 23:39:53,063 [main] INFO  impl.PendingRequests (PendingRequests.java:sendNotLeaderResponses(206)) - 4b590edd-7cfe-4917-88ed-6329a2b55bbe@group-A4B375475F5A-PendingRequests: sendNotLeaderResponses
2019-11-15 23:39:53,064 [main] INFO  impl.StateMachineUpdater (StateMachineUpdater.java:stopAndJoin(136)) - 4b590edd-7cfe-4917-88ed-6329a2b55bbe@group-A4B375475F5A-StateMachineUpdater: set stopIndex = 0
2019-11-15 23:39:53,064 [ForkJoinPool.commonPool-worker-1] INFO  impl.StateMachineUpdater (StateMachineUpdater.java:stopAndJoin(136)) - 5631d385-0b46-47bf-960c-236f816b46d3@group-7E91AA69B6E6-StateMachineUpdater: set stopIndex = 0
2019-11-15 23:39:53,064 [main] INFO  impl.RaftServerImpl (ServerState.java:close(387)) - 4b590edd-7cfe-4917-88ed-6329a2b55bbe@group-A4B375475F5A: closes. applyIndex: 0
2019-11-15 23:39:53,064 [ForkJoinPool.commonPool-worker-1] INFO  impl.RaftServerImpl (ServerState.java:close(387)) - 5631d385-0b46-47bf-960c-236f816b46d3@group-7E91AA69B6E6: closes. applyIndex: 0
2019-11-15 23:39:53,065 [4b590edd-7cfe-4917-88ed-6329a2b55bbe@group-A4B375475F5A-SegmentedRaftLogWorker] INFO  segmented.SegmentedRaftLogWorker (SegmentedRaftLogWorker.java:run(316)) - 4b590edd-7cfe-4917-88ed-6329a2b55bbe@group-A4B375475F5A-SegmentedRaftLogWorker was interrupted, exiting. There are 0 tasks remaining in the queue.
2019-11-15 23:39:53,065 [5631d385-0b46-47bf-960c-236f816b46d3@group-7E91AA69B6E6-SegmentedRaftLogWorker] INFO  segmented.SegmentedRaftLogWorker (SegmentedRaftLogWorker.java:run(316)) - 5631d385-0b46-47bf-960c-236f816b46d3@group-7E91AA69B6E6-SegmentedRaftLogWorker was interrupted, exiting. There are 0 tasks remaining in the queue.
2019-11-15 23:39:53,071 [main] INFO  segmented.SegmentedRaftLogWorker (SegmentedRaftLogWorker.java:close(224)) - 4b590edd-7cfe-4917-88ed-6329a2b55bbe@group-A4B375475F5A-SegmentedRaftLogWorker close()
2019-11-15 23:39:53,071 [ForkJoinPool.commonPool-worker-1] INFO  segmented.SegmentedRaftLogWorker (SegmentedRaftLogWorker.java:close(224)) - 5631d385-0b46-47bf-960c-236f816b46d3@group-7E91AA69B6E6-SegmentedRaftLogWorker close()
2019-11-15 23:39:53,074 [main] INFO  impl.RaftServerImpl (RaftServerImpl.java:lambda$shutdown$3(250)) - 4b590edd-7cfe-4917-88ed-6329a2b55bbe@group-94433D77B95D: shutdown
2019-11-15 23:39:53,075 [ForkJoinPool.commonPool-worker-1] INFO  impl.RaftServerImpl (RaftServerImpl.java:lambda$shutdown$3(250)) - 5631d385-0b46-47bf-960c-236f816b46d3@group-49FCFB75375D: shutdown
2019-11-15 23:39:53,076 [main] INFO  util.JmxRegister (JmxRegister.java:unregister(73)) - Successfully un-registered JMX Bean with object name Ratis:service=RaftServer,group=group-94433D77B95D,id=4b590edd-7cfe-4917-88ed-6329a2b55bbe
2019-11-15 23:39:53,076 [ForkJoinPool.commonPool-worker-1] INFO  util.JmxRegister (JmxRegister.java:unregister(73)) - Successfully un-registered JMX Bean with object name Ratis:service=RaftServer,group=group-49FCFB75375D,id=5631d385-0b46-47bf-960c-236f816b46d3
2019-11-15 23:39:53,076 [main] INFO  impl.RoleInfo (RoleInfo.java:shutdownFollowerState(121)) - 4b590edd-7cfe-4917-88ed-6329a2b55bbe: shutdown FollowerState
2019-11-15 23:39:53,076 [ForkJoinPool.commonPool-worker-1] INFO  impl.RoleInfo (RoleInfo.java:shutdownFollowerState(121)) - 5631d385-0b46-47bf-960c-236f816b46d3: shutdown FollowerState
2019-11-15 23:39:53,077 [main] INFO  impl.StateMachineUpdater (StateMachineUpdater.java:stopAndJoin(136)) - 4b590edd-7cfe-4917-88ed-6329a2b55bbe@group-94433D77B95D-StateMachineUpdater: set stopIndex = 0
2019-11-15 23:39:53,077 [Thread-1824] INFO  impl.FollowerState (FollowerState.java:run(120)) - 5631d385-0b46-47bf-960c-236f816b46d3@group-49FCFB75375D-FollowerState was interrupted: java.lang.InterruptedException: sleep interrupted
2019-11-15 23:39:53,077 [Thread-1811] INFO  impl.FollowerState (FollowerState.java:run(120)) - 4b590edd-7cfe-4917-88ed-6329a2b55bbe@group-94433D77B95D-FollowerState was interrupted: java.lang.InterruptedException: sleep interrupted
2019-11-15 23:39:53,077 [ForkJoinPool.commonPool-worker-1] INFO  impl.StateMachineUpdater (StateMachineUpdater.java:stopAndJoin(136)) - 5631d385-0b46-47bf-960c-236f816b46d3@group-49FCFB75375D-StateMachineUpdater: set stopIndex = 0
2019-11-15 23:39:53,085 [ForkJoinPool.commonPool-worker-1] INFO  impl.RaftServerImpl (ServerState.java:close(387)) - 5631d385-0b46-47bf-960c-236f816b46d3@group-49FCFB75375D: closes. applyIndex: 0
2019-11-15 23:39:53,077 [main] INFO  impl.RaftServerImpl (ServerState.java:close(387)) - 4b590edd-7cfe-4917-88ed-6329a2b55bbe@group-94433D77B95D: closes. applyIndex: 0
2019-11-15 23:39:53,086 [5631d385-0b46-47bf-960c-236f816b46d3@group-49FCFB75375D-SegmentedRaftLogWorker] INFO  segmented.SegmentedRaftLogWorker (SegmentedRaftLogWorker.java:run(316)) - 5631d385-0b46-47bf-960c-236f816b46d3@group-49FCFB75375D-SegmentedRaftLogWorker was interrupted, exiting. There are 0 tasks remaining in the queue.
2019-11-15 23:39:53,086 [4b590edd-7cfe-4917-88ed-6329a2b55bbe@group-94433D77B95D-SegmentedRaftLogWorker] INFO  segmented.SegmentedRaftLogWorker (SegmentedRaftLogWorker.java:run(316)) - 4b590edd-7cfe-4917-88ed-6329a2b55bbe@group-94433D77B95D-SegmentedRaftLogWorker was interrupted, exiting. There are 0 tasks remaining in the queue.
2019-11-15 23:39:53,089 [main] INFO  segmented.SegmentedRaftLogWorker (SegmentedRaftLogWorker.java:close(224)) - 4b590edd-7cfe-4917-88ed-6329a2b55bbe@group-94433D77B95D-SegmentedRaftLogWorker close()
2019-11-15 23:39:53,089 [ForkJoinPool.commonPool-worker-1] INFO  segmented.SegmentedRaftLogWorker (SegmentedRaftLogWorker.java:close(224)) - 5631d385-0b46-47bf-960c-236f816b46d3@group-49FCFB75375D-SegmentedRaftLogWorker close()
2019-11-15 23:39:53,092 [main] INFO  server.GrpcService (GrpcService.java:closeImpl(164)) - 4b590edd-7cfe-4917-88ed-6329a2b55bbe: shutdown server with port 40974 now
2019-11-15 23:39:53,094 [ForkJoinPool.commonPool-worker-1] INFO  server.GrpcService (GrpcService.java:closeImpl(164)) - 5631d385-0b46-47bf-960c-236f816b46d3: shutdown server with port 38050 now
2019-11-15 23:39:53,096 [main] INFO  server.GrpcService (GrpcService.java:closeImpl(172)) - 4b590edd-7cfe-4917-88ed-6329a2b55bbe: shutdown server with port 40974 successfully
2019-11-15 23:39:53,096 [grpc-default-executor-4] WARN  server.GrpcServerProtocolService (LogUtils.java:warn(134)) - 5631d385-0b46-47bf-960c-236f816b46d3: installSnapshot onError, lastRequest: 5fa1608a-d503-4104-880b-6be568a6d1ca->5631d385-0b46-47bf-960c-236f816b46d3#6-t2, previous=(t:2, i:0), leaderCommit=0, initializing? false, entries: <empty>: org.apache.ratis.thirdparty.io.grpc.StatusRuntimeException: CANCELLED: cancelled before receiving half close
2019-11-15 23:39:53,096 [grpc-default-executor-0] WARN  server.GrpcServerProtocolService (LogUtils.java:warn(134)) - 4b590edd-7cfe-4917-88ed-6329a2b55bbe: installSnapshot onError, lastRequest: 44c1a031-22df-4fb3-be71-2a7e67cf760d->4b590edd-7cfe-4917-88ed-6329a2b55bbe#7-t2, previous=(t:2, i:0), leaderCommit=0, initializing? false, entries: <empty>: org.apache.ratis.thirdparty.io.grpc.StatusRuntimeException: CANCELLED: cancelled before receiving half close
2019-11-15 23:39:53,096 [ForkJoinPool.commonPool-worker-1] INFO  server.GrpcService (GrpcService.java:closeImpl(172)) - 5631d385-0b46-47bf-960c-236f816b46d3: shutdown server with port 38050 successfully
2019-11-15 23:39:53,096 [grpc-default-executor-2] WARN  server.GrpcLogAppender (LogUtils.java:warn(134)) - 44c1a031-22df-4fb3-be71-2a7e67cf760d@group-94433D77B95D->4b590edd-7cfe-4917-88ed-6329a2b55bbe-AppendLogResponseHandler: Failed appendEntries: org.apache.ratis.thirdparty.io.grpc.StatusRuntimeException: CANCELLED: HTTP/2 error code: CANCEL
Received Rst Stream
2019-11-15 23:39:53,098 [grpc-default-executor-2] INFO  impl.FollowerInfo (FollowerInfo.java:lambda$new$0(51)) - 44c1a031-22df-4fb3-be71-2a7e67cf760d@group-94433D77B95D->4b590edd-7cfe-4917-88ed-6329a2b55bbe: nextIndex: updateUnconditionally 1 -> 0
2019-11-15 23:39:53,097 [grpc-default-executor-7] WARN  server.GrpcLogAppender (LogUtils.java:warn(134)) - 5fa1608a-d503-4104-880b-6be568a6d1ca@group-49FCFB75375D->5631d385-0b46-47bf-960c-236f816b46d3-AppendLogResponseHandler: Failed appendEntries: org.apache.ratis.thirdparty.io.grpc.StatusRuntimeException: CANCELLED: HTTP/2 error code: CANCEL
Received Rst Stream
2019-11-15 23:39:53,099 [grpc-default-executor-7] INFO  impl.FollowerInfo (FollowerInfo.java:lambda$new$0(51)) - 5fa1608a-d503-4104-880b-6be568a6d1ca@group-49FCFB75375D->5631d385-0b46-47bf-960c-236f816b46d3: nextIndex: updateUnconditionally 1 -> 0
2019-11-15 23:39:53,101 [refreshUsed-/workdir/hadoop-ozone/integration-test/target/test-dir/MiniOzoneClusterImpl-33986320-1065-4a8e-9f2e-ea3716de2538/datanode-1/data/containers] WARN  fs.CachingGetSpaceUsed (CachingGetSpaceUsed.java:run(183)) - Thread Interrupted waiting to refresh disk information: sleep interrupted
2019-11-15 23:39:53,104 [refreshUsed-/workdir/hadoop-ozone/integration-test/target/test-dir/MiniOzoneClusterImpl-33986320-1065-4a8e-9f2e-ea3716de2538/datanode-3/data/containers] WARN  fs.CachingGetSpaceUsed (CachingGetSpaceUsed.java:run(183)) - Thread Interrupted waiting to refresh disk information: sleep interrupted
2019-11-15 23:39:53,124 [main] INFO  utils.BackgroundService (BackgroundService.java:shutdown(151)) - Shutting down service BlockDeletingService
2019-11-15 23:39:53,124 [ForkJoinPool.commonPool-worker-1] INFO  utils.BackgroundService (BackgroundService.java:shutdown(151)) - Shutting down service BlockDeletingService
2019-11-15 23:39:53,129 [main] INFO  statemachine.DatanodeStateMachine (DatanodeStateMachine.java:stopDaemon(400)) - Ozone container server stopped.
2019-11-15 23:39:53,130 [ForkJoinPool.commonPool-worker-1] INFO  statemachine.DatanodeStateMachine (DatanodeStateMachine.java:stopDaemon(400)) - Ozone container server stopped.
2019-11-15 23:39:53,156 [ForkJoinPool.commonPool-worker-1] INFO  handler.ContextHandler (ContextHandler.java:doStop(910)) - Stopped o.e.j.w.WebAppContext@3a7e365{/,null,UNAVAILABLE}{/hddsDatanode}
2019-11-15 23:39:53,156 [main] INFO  handler.ContextHandler (ContextHandler.java:doStop(910)) - Stopped o.e.j.w.WebAppContext@35ef439e{/,null,UNAVAILABLE}{/hddsDatanode}
2019-11-15 23:39:53,157 [ForkJoinPool.commonPool-worker-1] INFO  server.AbstractConnector (AbstractConnector.java:doStop(318)) - Stopped ServerConnector@2ceee4b6{HTTP/1.1,[http/1.1]}{0.0.0.0:0}
2019-11-15 23:39:53,157 [main] INFO  server.AbstractConnector (AbstractConnector.java:doStop(318)) - Stopped ServerConnector@4997552e{HTTP/1.1,[http/1.1]}{0.0.0.0:0}
2019-11-15 23:39:53,158 [ForkJoinPool.commonPool-worker-1] INFO  handler.ContextHandler (ContextHandler.java:doStop(910)) - Stopped o.e.j.s.ServletContextHandler@30ec7d21{/static,jar:file:/home/user/.m2/repository/org/apache/hadoop/hadoop-hdds-container-service/0.5.0-SNAPSHOT/hadoop-hdds-container-service-0.5.0-SNAPSHOT.jar!/webapps/static,UNAVAILABLE}
2019-11-15 23:39:53,158 [main] INFO  handler.ContextHandler (ContextHandler.java:doStop(910)) - Stopped o.e.j.s.ServletContextHandler@3b4825f0{/static,jar:file:/home/user/.m2/repository/org/apache/hadoop/hadoop-hdds-container-service/0.5.0-SNAPSHOT/hadoop-hdds-container-service-0.5.0-SNAPSHOT.jar!/webapps/static,UNAVAILABLE}
2019-11-15 23:39:53,160 [ForkJoinPool.commonPool-worker-1] INFO  handler.ContextHandler (ContextHandler.java:doStop(910)) - Stopped o.e.j.s.ServletContextHandler@7112ce6{/logs,file:///workdir/hadoop-ozone/integration-test/target/log,UNAVAILABLE}
2019-11-15 23:39:53,160 [main] INFO  handler.ContextHandler (ContextHandler.java:doStop(910)) - Stopped o.e.j.s.ServletContextHandler@4dde8976{/logs,file:///workdir/hadoop-ozone/integration-test/target/log,UNAVAILABLE}
2019-11-15 23:39:53,169 [grpc-default-executor-7] WARN  server.GrpcLogAppender (LogUtils.java:warn(134)) - 5fa1608a-d503-4104-880b-6be568a6d1ca@group-49FCFB75375D->5631d385-0b46-47bf-960c-236f816b46d3-AppendLogResponseHandler: Failed appendEntries: org.apache.ratis.thirdparty.io.grpc.StatusRuntimeException: UNAVAILABLE: io exception
2019-11-15 23:39:53,169 [grpc-default-executor-7] INFO  impl.FollowerInfo (FollowerInfo.java:lambda$new$0(51)) - 5fa1608a-d503-4104-880b-6be568a6d1ca@group-49FCFB75375D->5631d385-0b46-47bf-960c-236f816b46d3: nextIndex: updateUnconditionally 0 -> 0
2019-11-15 23:39:53,382 [grpc-default-executor-4] WARN  server.GrpcLogAppender (LogUtils.java:warn(134)) - 44c1a031-22df-4fb3-be71-2a7e67cf760d@group-94433D77B95D->4b590edd-7cfe-4917-88ed-6329a2b55bbe-AppendLogResponseHandler: Failed appendEntries: org.apache.ratis.thirdparty.io.grpc.StatusRuntimeException: UNAVAILABLE: io exception
2019-11-15 23:39:53,383 [grpc-default-executor-4] INFO  impl.FollowerInfo (FollowerInfo.java:lambda$new$0(51)) - 44c1a031-22df-4fb3-be71-2a7e67cf760d@group-94433D77B95D->4b590edd-7cfe-4917-88ed-6329a2b55bbe: nextIndex: updateUnconditionally 0 -> 0
2019-11-15 23:39:53,669 [grpc-default-executor-4] WARN  server.GrpcLogAppender (LogUtils.java:warn(134)) - 5fa1608a-d503-4104-880b-6be568a6d1ca@group-49FCFB75375D->5631d385-0b46-47bf-960c-236f816b46d3-AppendLogResponseHandler: Failed appendEntries: org.apache.ratis.thirdparty.io.grpc.StatusRuntimeException: UNAVAILABLE: io exception
2019-11-15 23:39:53,669 [grpc-default-executor-4] INFO  impl.FollowerInfo (FollowerInfo.java:lambda$new$0(51)) - 5fa1608a-d503-4104-880b-6be568a6d1ca@group-49FCFB75375D->5631d385-0b46-47bf-960c-236f816b46d3: nextIndex: updateUnconditionally 0 -> 0
2019-11-15 23:39:53,769 [Datanode State Machine Thread - 0] INFO  statemachine.DatanodeStateMachine (DatanodeStateMachine.java:lambda$startDaemon$0(355)) - Ozone container server started.
2019-11-15 23:39:53,883 [grpc-default-executor-7] WARN  server.GrpcLogAppender (LogUtils.java:warn(134)) - 44c1a031-22df-4fb3-be71-2a7e67cf760d@group-94433D77B95D->4b590edd-7cfe-4917-88ed-6329a2b55bbe-AppendLogResponseHandler: Failed appendEntries: org.apache.ratis.thirdparty.io.grpc.StatusRuntimeException: UNAVAILABLE: io exception
2019-11-15 23:39:53,883 [grpc-default-executor-7] INFO  impl.FollowerInfo (FollowerInfo.java:lambda$new$0(51)) - 44c1a031-22df-4fb3-be71-2a7e67cf760d@group-94433D77B95D->4b590edd-7cfe-4917-88ed-6329a2b55bbe: nextIndex: updateUnconditionally 0 -> 0
2019-11-15 23:39:54,130 [Datanode State Machine Thread - 0] INFO  statemachine.DatanodeStateMachine (DatanodeStateMachine.java:lambda$startDaemon$0(355)) - Ozone container server started.
2019-11-15 23:39:54,169 [grpc-default-executor-4] WARN  server.GrpcLogAppender (LogUtils.java:warn(134)) - 5fa1608a-d503-4104-880b-6be568a6d1ca@group-49FCFB75375D->5631d385-0b46-47bf-960c-236f816b46d3-AppendLogResponseHandler: Failed appendEntries: org.apache.ratis.thirdparty.io.grpc.StatusRuntimeException: UNAVAILABLE: io exception
2019-11-15 23:39:54,170 [grpc-default-executor-4] INFO  impl.FollowerInfo (FollowerInfo.java:lambda$new$0(51)) - 5fa1608a-d503-4104-880b-6be568a6d1ca@group-49FCFB75375D->5631d385-0b46-47bf-960c-236f816b46d3: nextIndex: updateUnconditionally 0 -> 0
2019-11-15 23:39:54,383 [grpc-default-executor-4] WARN  server.GrpcLogAppender (LogUtils.java:warn(134)) - 44c1a031-22df-4fb3-be71-2a7e67cf760d@group-94433D77B95D->4b590edd-7cfe-4917-88ed-6329a2b55bbe-AppendLogResponseHandler: Failed appendEntries: org.apache.ratis.thirdparty.io.grpc.StatusRuntimeException: UNAVAILABLE: io exception
2019-11-15 23:39:54,384 [grpc-default-executor-4] INFO  impl.FollowerInfo (FollowerInfo.java:lambda$new$0(51)) - 44c1a031-22df-4fb3-be71-2a7e67cf760d@group-94433D77B95D->4b590edd-7cfe-4917-88ed-6329a2b55bbe: nextIndex: updateUnconditionally 0 -> 0
2019-11-15 23:39:54,670 [grpc-default-executor-4] WARN  server.GrpcLogAppender (LogUtils.java:warn(134)) - 5fa1608a-d503-4104-880b-6be568a6d1ca@group-49FCFB75375D->5631d385-0b46-47bf-960c-236f816b46d3-AppendLogResponseHandler: Failed appendEntries: org.apache.ratis.thirdparty.io.grpc.StatusRuntimeException: UNAVAILABLE: io exception
2019-11-15 23:39:54,670 [grpc-default-executor-4] INFO  impl.FollowerInfo (FollowerInfo.java:lambda$new$0(51)) - 5fa1608a-d503-4104-880b-6be568a6d1ca@group-49FCFB75375D->5631d385-0b46-47bf-960c-236f816b46d3: nextIndex: updateUnconditionally 0 -> 0
2019-11-15 23:39:54,884 [grpc-default-executor-4] WARN  server.GrpcLogAppender (LogUtils.java:warn(134)) - 44c1a031-22df-4fb3-be71-2a7e67cf760d@group-94433D77B95D->4b590edd-7cfe-4917-88ed-6329a2b55bbe-AppendLogResponseHandler: Failed appendEntries: org.apache.ratis.thirdparty.io.grpc.StatusRuntimeException: UNAVAILABLE: io exception
2019-11-15 23:39:54,884 [grpc-default-executor-4] INFO  impl.FollowerInfo (FollowerInfo.java:lambda$new$0(51)) - 44c1a031-22df-4fb3-be71-2a7e67cf760d@group-94433D77B95D->4b590edd-7cfe-4917-88ed-6329a2b55bbe: nextIndex: updateUnconditionally 0 -> 0
2019-11-15 23:39:55,170 [grpc-default-executor-0] WARN  server.GrpcLogAppender (LogUtils.java:warn(134)) - 5fa1608a-d503-4104-880b-6be568a6d1ca@group-49FCFB75375D->5631d385-0b46-47bf-960c-236f816b46d3-AppendLogResponseHandler: Failed appendEntries: org.apache.ratis.thirdparty.io.grpc.StatusRuntimeException: UNAVAILABLE: io exception
2019-11-15 23:39:55,171 [grpc-default-executor-0] INFO  impl.FollowerInfo (FollowerInfo.java:lambda$new$0(51)) - 5fa1608a-d503-4104-880b-6be568a6d1ca@group-49FCFB75375D->5631d385-0b46-47bf-960c-236f816b46d3: nextIndex: updateUnconditionally 0 -> 0
2019-11-15 23:39:55,385 [grpc-default-executor-4] WARN  server.GrpcLogAppender (LogUtils.java:warn(134)) - 44c1a031-22df-4fb3-be71-2a7e67cf760d@group-94433D77B95D->4b590edd-7cfe-4917-88ed-6329a2b55bbe-AppendLogResponseHandler: Failed appendEntries: org.apache.ratis.thirdparty.io.grpc.StatusRuntimeException: UNAVAILABLE: io exception
2019-11-15 23:39:55,386 [grpc-default-executor-4] INFO  impl.FollowerInfo (FollowerInfo.java:lambda$new$0(51)) - 44c1a031-22df-4fb3-be71-2a7e67cf760d@group-94433D77B95D->4b590edd-7cfe-4917-88ed-6329a2b55bbe: nextIndex: updateUnconditionally 0 -> 0
2019-11-15 23:39:55,672 [grpc-default-executor-0] WARN  server.GrpcLogAppender (LogUtils.java:warn(134)) - 5fa1608a-d503-4104-880b-6be568a6d1ca@group-49FCFB75375D->5631d385-0b46-47bf-960c-236f816b46d3-AppendLogResponseHandler: Failed appendEntries: org.apache.ratis.thirdparty.io.grpc.StatusRuntimeException: UNAVAILABLE: io exception
2019-11-15 23:39:55,672 [grpc-default-executor-0] INFO  impl.FollowerInfo (FollowerInfo.java:lambda$new$0(51)) - 5fa1608a-d503-4104-880b-6be568a6d1ca@group-49FCFB75375D->5631d385-0b46-47bf-960c-236f816b46d3: nextIndex: updateUnconditionally 0 -> 0
2019-11-15 23:39:55,886 [grpc-default-executor-0] WARN  server.GrpcLogAppender (LogUtils.java:warn(134)) - 44c1a031-22df-4fb3-be71-2a7e67cf760d@group-94433D77B95D->4b590edd-7cfe-4917-88ed-6329a2b55bbe-AppendLogResponseHandler: Failed appendEntries: org.apache.ratis.thirdparty.io.grpc.StatusRuntimeException: UNAVAILABLE: io exception
2019-11-15 23:39:55,886 [grpc-default-executor-0] INFO  impl.FollowerInfo (FollowerInfo.java:lambda$new$0(51)) - 44c1a031-22df-4fb3-be71-2a7e67cf760d@group-94433D77B95D->4b590edd-7cfe-4917-88ed-6329a2b55bbe: nextIndex: updateUnconditionally 0 -> 0
2019-11-15 23:39:56,172 [grpc-default-executor-0] WARN  server.GrpcLogAppender (LogUtils.java:warn(134)) - 5fa1608a-d503-4104-880b-6be568a6d1ca@group-49FCFB75375D->5631d385-0b46-47bf-960c-236f816b46d3-AppendLogResponseHandler: Failed appendEntries: org.apache.ratis.thirdparty.io.grpc.StatusRuntimeException: UNAVAILABLE: io exception
2019-11-15 23:39:56,172 [grpc-default-executor-0] INFO  impl.FollowerInfo (FollowerInfo.java:lambda$new$0(51)) - 5fa1608a-d503-4104-880b-6be568a6d1ca@group-49FCFB75375D->5631d385-0b46-47bf-960c-236f816b46d3: nextIndex: updateUnconditionally 0 -> 0
2019-11-15 23:39:56,387 [grpc-default-executor-0] WARN  server.GrpcLogAppender (LogUtils.java:warn(134)) - 44c1a031-22df-4fb3-be71-2a7e67cf760d@group-94433D77B95D->4b590edd-7cfe-4917-88ed-6329a2b55bbe-AppendLogResponseHandler: Failed appendEntries: org.apache.ratis.thirdparty.io.grpc.StatusRuntimeException: UNAVAILABLE: io exception
2019-11-15 23:39:56,387 [grpc-default-executor-0] INFO  impl.FollowerInfo (FollowerInfo.java:lambda$new$0(51)) - 44c1a031-22df-4fb3-be71-2a7e67cf760d@group-94433D77B95D->4b590edd-7cfe-4917-88ed-6329a2b55bbe: nextIndex: updateUnconditionally 0 -> 0
2019-11-15 23:39:56,674 [grpc-default-executor-7] WARN  server.GrpcLogAppender (LogUtils.java:warn(134)) - 5fa1608a-d503-4104-880b-6be568a6d1ca@group-49FCFB75375D->5631d385-0b46-47bf-960c-236f816b46d3-AppendLogResponseHandler: Failed appendEntries: org.apache.ratis.thirdparty.io.grpc.StatusRuntimeException: UNAVAILABLE: io exception
2019-11-15 23:39:56,674 [grpc-default-executor-7] INFO  impl.FollowerInfo (FollowerInfo.java:lambda$new$0(51)) - 5fa1608a-d503-4104-880b-6be568a6d1ca@group-49FCFB75375D->5631d385-0b46-47bf-960c-236f816b46d3: nextIndex: updateUnconditionally 0 -> 0
2019-11-15 23:39:56,890 [grpc-default-executor-7] WARN  server.GrpcLogAppender (LogUtils.java:warn(134)) - 44c1a031-22df-4fb3-be71-2a7e67cf760d@group-94433D77B95D->4b590edd-7cfe-4917-88ed-6329a2b55bbe-AppendLogResponseHandler: Failed appendEntries: org.apache.ratis.thirdparty.io.grpc.StatusRuntimeException: UNAVAILABLE: io exception
2019-11-15 23:39:56,891 [grpc-default-executor-7] INFO  impl.FollowerInfo (FollowerInfo.java:lambda$new$0(51)) - 44c1a031-22df-4fb3-be71-2a7e67cf760d@group-94433D77B95D->4b590edd-7cfe-4917-88ed-6329a2b55bbe: nextIndex: updateUnconditionally 0 -> 0
2019-11-15 23:39:57,174 [grpc-default-executor-0] WARN  server.GrpcLogAppender (LogUtils.java:warn(134)) - 5fa1608a-d503-4104-880b-6be568a6d1ca@group-49FCFB75375D->5631d385-0b46-47bf-960c-236f816b46d3-AppendLogResponseHandler: Failed appendEntries: org.apache.ratis.thirdparty.io.grpc.StatusRuntimeException: UNAVAILABLE: io exception
2019-11-15 23:39:57,175 [grpc-default-executor-0] INFO  impl.FollowerInfo (FollowerInfo.java:lambda$new$0(51)) - 5fa1608a-d503-4104-880b-6be568a6d1ca@group-49FCFB75375D->5631d385-0b46-47bf-960c-236f816b46d3: nextIndex: updateUnconditionally 0 -> 0
2019-11-15 23:39:57,388 [grpc-default-executor-0] WARN  server.GrpcLogAppender (LogUtils.java:warn(134)) - 44c1a031-22df-4fb3-be71-2a7e67cf760d@group-94433D77B95D->4b590edd-7cfe-4917-88ed-6329a2b55bbe-AppendLogResponseHandler: Failed appendEntries: org.apache.ratis.thirdparty.io.grpc.StatusRuntimeException: UNAVAILABLE: io exception
2019-11-15 23:39:57,389 [grpc-default-executor-0] INFO  impl.FollowerInfo (FollowerInfo.java:lambda$new$0(51)) - 44c1a031-22df-4fb3-be71-2a7e67cf760d@group-94433D77B95D->4b590edd-7cfe-4917-88ed-6329a2b55bbe: nextIndex: updateUnconditionally 0 -> 0
2019-11-15 23:39:57,676 [grpc-default-executor-0] WARN  server.GrpcLogAppender (LogUtils.java:warn(134)) - 5fa1608a-d503-4104-880b-6be568a6d1ca@group-49FCFB75375D->5631d385-0b46-47bf-960c-236f816b46d3-AppendLogResponseHandler: Failed appendEntries: org.apache.ratis.thirdparty.io.grpc.StatusRuntimeException: UNAVAILABLE: io exception
2019-11-15 23:39:57,677 [grpc-default-executor-0] INFO  impl.FollowerInfo (FollowerInfo.java:lambda$new$0(51)) - 5fa1608a-d503-4104-880b-6be568a6d1ca@group-49FCFB75375D->5631d385-0b46-47bf-960c-236f816b46d3: nextIndex: updateUnconditionally 0 -> 0
2019-11-15 23:39:57,891 [grpc-default-executor-0] WARN  server.GrpcLogAppender (LogUtils.java:warn(134)) - 44c1a031-22df-4fb3-be71-2a7e67cf760d@group-94433D77B95D->4b590edd-7cfe-4917-88ed-6329a2b55bbe-AppendLogResponseHandler: Failed appendEntries: org.apache.ratis.thirdparty.io.grpc.StatusRuntimeException: UNAVAILABLE: io exception
2019-11-15 23:39:57,891 [grpc-default-executor-0] INFO  impl.FollowerInfo (FollowerInfo.java:lambda$new$0(51)) - 44c1a031-22df-4fb3-be71-2a7e67cf760d@group-94433D77B95D->4b590edd-7cfe-4917-88ed-6329a2b55bbe: nextIndex: updateUnconditionally 0 -> 0
2019-11-15 23:39:58,163 [ForkJoinPool.commonPool-worker-1] INFO  ozoneimpl.OzoneContainer (OzoneContainer.java:stop(244)) - Attempting to stop container services.
2019-11-15 23:39:58,163 [main] INFO  ozoneimpl.OzoneContainer (OzoneContainer.java:stop(244)) - Attempting to stop container services.
2019-11-15 23:39:58,165 [ForkJoinPool.commonPool-worker-1] INFO  impl.RaftServerProxy (RaftServerProxy.java:lambda$close$4(314)) - 08a53ee3-16fe-4887-981c-fcef61fe445a: close
2019-11-15 23:39:58,165 [main] INFO  impl.RaftServerProxy (RaftServerProxy.java:lambda$close$4(314)) - 852bb6bc-fc53-4f9b-b145-e7434400ca8b: close
2019-11-15 23:39:58,166 [main] INFO  impl.RaftServerImpl (RaftServerImpl.java:lambda$shutdown$3(250)) - 852bb6bc-fc53-4f9b-b145-e7434400ca8b@group-D4E1E2E35E07: shutdown
2019-11-15 23:39:58,166 [ForkJoinPool.commonPool-worker-1] INFO  impl.RaftServerImpl (RaftServerImpl.java:lambda$shutdown$3(250)) - 08a53ee3-16fe-4887-981c-fcef61fe445a@group-7BEC061A4DB5: shutdown
2019-11-15 23:39:58,167 [main] INFO  util.JmxRegister (JmxRegister.java:unregister(73)) - Successfully un-registered JMX Bean with object name Ratis:service=RaftServer,group=group-D4E1E2E35E07,id=852bb6bc-fc53-4f9b-b145-e7434400ca8b
2019-11-15 23:39:58,167 [ForkJoinPool.commonPool-worker-1] INFO  util.JmxRegister (JmxRegister.java:unregister(73)) - Successfully un-registered JMX Bean with object name Ratis:service=RaftServer,group=group-7BEC061A4DB5,id=08a53ee3-16fe-4887-981c-fcef61fe445a
2019-11-15 23:39:58,167 [main] INFO  impl.RoleInfo (RoleInfo.java:shutdownLeaderState(104)) - 852bb6bc-fc53-4f9b-b145-e7434400ca8b: shutdown LeaderState
2019-11-15 23:39:58,167 [ForkJoinPool.commonPool-worker-1] INFO  impl.RoleInfo (RoleInfo.java:shutdownLeaderState(104)) - 08a53ee3-16fe-4887-981c-fcef61fe445a: shutdown LeaderState
2019-11-15 23:39:58,168 [main] INFO  impl.PendingRequests (PendingRequests.java:sendNotLeaderResponses(206)) - 852bb6bc-fc53-4f9b-b145-e7434400ca8b@group-D4E1E2E35E07-PendingRequests: sendNotLeaderResponses
2019-11-15 23:39:58,168 [ForkJoinPool.commonPool-worker-1] INFO  impl.PendingRequests (PendingRequests.java:sendNotLeaderResponses(206)) - 08a53ee3-16fe-4887-981c-fcef61fe445a@group-7BEC061A4DB5-PendingRequests: sendNotLeaderResponses
2019-11-15 23:39:58,169 [ForkJoinPool.commonPool-worker-1] INFO  impl.StateMachineUpdater (StateMachineUpdater.java:stopAndJoin(136)) - 08a53ee3-16fe-4887-981c-fcef61fe445a@group-7BEC061A4DB5-StateMachineUpdater: set stopIndex = 0
2019-11-15 23:39:58,169 [main] INFO  impl.StateMachineUpdater (StateMachineUpdater.java:stopAndJoin(136)) - 852bb6bc-fc53-4f9b-b145-e7434400ca8b@group-D4E1E2E35E07-StateMachineUpdater: set stopIndex = 0
2019-11-15 23:39:58,170 [main] INFO  impl.RaftServerImpl (ServerState.java:close(387)) - 852bb6bc-fc53-4f9b-b145-e7434400ca8b@group-D4E1E2E35E07: closes. applyIndex: 0
2019-11-15 23:39:58,170 [ForkJoinPool.commonPool-worker-1] INFO  impl.RaftServerImpl (ServerState.java:close(387)) - 08a53ee3-16fe-4887-981c-fcef61fe445a@group-7BEC061A4DB5: closes. applyIndex: 0
2019-11-15 23:39:58,170 [852bb6bc-fc53-4f9b-b145-e7434400ca8b@group-D4E1E2E35E07-SegmentedRaftLogWorker] INFO  segmented.SegmentedRaftLogWorker (SegmentedRaftLogWorker.java:run(316)) - 852bb6bc-fc53-4f9b-b145-e7434400ca8b@group-D4E1E2E35E07-SegmentedRaftLogWorker was interrupted, exiting. There are 0 tasks remaining in the queue.
2019-11-15 23:39:58,170 [08a53ee3-16fe-4887-981c-fcef61fe445a@group-7BEC061A4DB5-SegmentedRaftLogWorker] INFO  segmented.SegmentedRaftLogWorker (SegmentedRaftLogWorker.java:run(316)) - 08a53ee3-16fe-4887-981c-fcef61fe445a@group-7BEC061A4DB5-SegmentedRaftLogWorker was interrupted, exiting. There are 0 tasks remaining in the queue.
2019-11-15 23:39:58,174 [ForkJoinPool.commonPool-worker-1] INFO  segmented.SegmentedRaftLogWorker (SegmentedRaftLogWorker.java:close(224)) - 08a53ee3-16fe-4887-981c-fcef61fe445a@group-7BEC061A4DB5-SegmentedRaftLogWorker close()
2019-11-15 23:39:58,174 [main] INFO  segmented.SegmentedRaftLogWorker (SegmentedRaftLogWorker.java:close(224)) - 852bb6bc-fc53-4f9b-b145-e7434400ca8b@group-D4E1E2E35E07-SegmentedRaftLogWorker close()
2019-11-15 23:39:58,177 [ForkJoinPool.commonPool-worker-1] INFO  impl.RaftServerImpl (RaftServerImpl.java:lambda$shutdown$3(250)) - 08a53ee3-16fe-4887-981c-fcef61fe445a@group-49FCFB75375D: shutdown
2019-11-15 23:39:58,178 [main] INFO  impl.RaftServerImpl (RaftServerImpl.java:lambda$shutdown$3(250)) - 852bb6bc-fc53-4f9b-b145-e7434400ca8b@group-94433D77B95D: shutdown
2019-11-15 23:39:58,178 [ForkJoinPool.commonPool-worker-1] INFO  util.JmxRegister (JmxRegister.java:unregister(73)) - Successfully un-registered JMX Bean with object name Ratis:service=RaftServer,group=group-49FCFB75375D,id=08a53ee3-16fe-4887-981c-fcef61fe445a
2019-11-15 23:39:58,179 [main] INFO  util.JmxRegister (JmxRegister.java:unregister(73)) - Successfully un-registered JMX Bean with object name Ratis:service=RaftServer,group=group-94433D77B95D,id=852bb6bc-fc53-4f9b-b145-e7434400ca8b
2019-11-15 23:39:58,179 [ForkJoinPool.commonPool-worker-1] INFO  impl.RoleInfo (RoleInfo.java:shutdownFollowerState(121)) - 08a53ee3-16fe-4887-981c-fcef61fe445a: shutdown FollowerState
2019-11-15 23:39:58,179 [main] INFO  impl.RoleInfo (RoleInfo.java:shutdownFollowerState(121)) - 852bb6bc-fc53-4f9b-b145-e7434400ca8b: shutdown FollowerState
2019-11-15 23:39:58,180 [ForkJoinPool.commonPool-worker-1] INFO  impl.StateMachineUpdater (StateMachineUpdater.java:stopAndJoin(136)) - 08a53ee3-16fe-4887-981c-fcef61fe445a@group-49FCFB75375D-StateMachineUpdater: set stopIndex = 0
2019-11-15 23:39:58,180 [Thread-1823] INFO  impl.FollowerState (FollowerState.java:run(120)) - 08a53ee3-16fe-4887-981c-fcef61fe445a@group-49FCFB75375D-FollowerState was interrupted: java.lang.InterruptedException: sleep interrupted
2019-11-15 23:39:58,180 [main] INFO  impl.StateMachineUpdater (StateMachineUpdater.java:stopAndJoin(136)) - 852bb6bc-fc53-4f9b-b145-e7434400ca8b@group-94433D77B95D-StateMachineUpdater: set stopIndex = 0
2019-11-15 23:39:58,181 [main] INFO  impl.RaftServerImpl (ServerState.java:close(387)) - 852bb6bc-fc53-4f9b-b145-e7434400ca8b@group-94433D77B95D: closes. applyIndex: 0
2019-11-15 23:39:58,180 [Thread-1812] INFO  impl.FollowerState (FollowerState.java:run(120)) - 852bb6bc-fc53-4f9b-b145-e7434400ca8b@group-94433D77B95D-FollowerState was interrupted: java.lang.InterruptedException: sleep interrupted
2019-11-15 23:39:58,180 [ForkJoinPool.commonPool-worker-1] INFO  impl.RaftServerImpl (ServerState.java:close(387)) - 08a53ee3-16fe-4887-981c-fcef61fe445a@group-49FCFB75375D: closes. applyIndex: 0
2019-11-15 23:39:58,181 [852bb6bc-fc53-4f9b-b145-e7434400ca8b@group-94433D77B95D-SegmentedRaftLogWorker] INFO  segmented.SegmentedRaftLogWorker (SegmentedRaftLogWorker.java:run(316)) - 852bb6bc-fc53-4f9b-b145-e7434400ca8b@group-94433D77B95D-SegmentedRaftLogWorker was interrupted, exiting. There are 0 tasks remaining in the queue.
2019-11-15 23:39:58,182 [08a53ee3-16fe-4887-981c-fcef61fe445a@group-49FCFB75375D-SegmentedRaftLogWorker] INFO  segmented.SegmentedRaftLogWorker (SegmentedRaftLogWorker.java:run(316)) - 08a53ee3-16fe-4887-981c-fcef61fe445a@group-49FCFB75375D-SegmentedRaftLogWorker was interrupted, exiting. There are 0 tasks remaining in the queue.
2019-11-15 23:39:58,183 [main] INFO  segmented.SegmentedRaftLogWorker (SegmentedRaftLogWorker.java:close(224)) - 852bb6bc-fc53-4f9b-b145-e7434400ca8b@group-94433D77B95D-SegmentedRaftLogWorker close()
2019-11-15 23:39:58,183 [grpc-default-executor-7] WARN  server.GrpcLogAppender (LogUtils.java:warn(134)) - 5fa1608a-d503-4104-880b-6be568a6d1ca@group-49FCFB75375D->5631d385-0b46-47bf-960c-236f816b46d3-AppendLogResponseHandler: Failed appendEntries: org.apache.ratis.thirdparty.io.grpc.StatusRuntimeException: UNAVAILABLE: io exception
2019-11-15 23:39:58,187 [main] INFO  server.GrpcService (GrpcService.java:closeImpl(164)) - 852bb6bc-fc53-4f9b-b145-e7434400ca8b: shutdown server with port 35193 now
2019-11-15 23:39:58,184 [ForkJoinPool.commonPool-worker-1] INFO  segmented.SegmentedRaftLogWorker (SegmentedRaftLogWorker.java:close(224)) - 08a53ee3-16fe-4887-981c-fcef61fe445a@group-49FCFB75375D-SegmentedRaftLogWorker close()
2019-11-15 23:39:58,187 [grpc-default-executor-7] INFO  impl.FollowerInfo (FollowerInfo.java:lambda$new$0(51)) - 5fa1608a-d503-4104-880b-6be568a6d1ca@group-49FCFB75375D->5631d385-0b46-47bf-960c-236f816b46d3: nextIndex: updateUnconditionally 0 -> 0
2019-11-15 23:39:58,190 [ForkJoinPool.commonPool-worker-1] INFO  server.GrpcService (GrpcService.java:closeImpl(164)) - 08a53ee3-16fe-4887-981c-fcef61fe445a: shutdown server with port 38583 now
2019-11-15 23:39:58,191 [grpc-default-executor-0] WARN  server.GrpcServerProtocolService (LogUtils.java:warn(134)) - 852bb6bc-fc53-4f9b-b145-e7434400ca8b: installSnapshot onError, lastRequest: 44c1a031-22df-4fb3-be71-2a7e67cf760d->852bb6bc-fc53-4f9b-b145-e7434400ca8b#17-t2, previous=(t:2, i:0), leaderCommit=0, initializing? false, entries: <empty>: org.apache.ratis.thirdparty.io.grpc.StatusRuntimeException: CANCELLED: cancelled before receiving half close
2019-11-15 23:39:58,191 [main] INFO  server.GrpcService (GrpcService.java:closeImpl(172)) - 852bb6bc-fc53-4f9b-b145-e7434400ca8b: shutdown server with port 35193 successfully
2019-11-15 23:39:58,191 [grpc-default-executor-7] WARN  server.GrpcLogAppender (LogUtils.java:warn(134)) - 44c1a031-22df-4fb3-be71-2a7e67cf760d@group-94433D77B95D->852bb6bc-fc53-4f9b-b145-e7434400ca8b-AppendLogResponseHandler: Failed appendEntries: org.apache.ratis.thirdparty.io.grpc.StatusRuntimeException: CANCELLED: HTTP/2 error code: CANCEL
Received Rst Stream
2019-11-15 23:39:58,193 [ForkJoinPool.commonPool-worker-1] INFO  server.GrpcService (GrpcService.java:closeImpl(172)) - 08a53ee3-16fe-4887-981c-fcef61fe445a: shutdown server with port 38583 successfully
2019-11-15 23:39:58,193 [grpc-default-executor-6] WARN  server.GrpcLogAppender (LogUtils.java:warn(134)) - 5fa1608a-d503-4104-880b-6be568a6d1ca@group-49FCFB75375D->08a53ee3-16fe-4887-981c-fcef61fe445a-AppendLogResponseHandler: Failed appendEntries: org.apache.ratis.thirdparty.io.grpc.StatusRuntimeException: CANCELLED: HTTP/2 error code: CANCEL
Received Rst Stream
2019-11-15 23:39:58,192 [grpc-default-executor-2] WARN  server.GrpcServerProtocolService (LogUtils.java:warn(134)) - 08a53ee3-16fe-4887-981c-fcef61fe445a: installSnapshot onError, lastRequest: 5fa1608a-d503-4104-880b-6be568a6d1ca->08a53ee3-16fe-4887-981c-fcef61fe445a#16-t2, previous=(t:2, i:0), leaderCommit=0, initializing? false, entries: <empty>: org.apache.ratis.thirdparty.io.grpc.StatusRuntimeException: CANCELLED: cancelled before receiving half close
2019-11-15 23:39:58,193 [grpc-default-executor-7] INFO  impl.FollowerInfo (FollowerInfo.java:lambda$new$0(51)) - 44c1a031-22df-4fb3-be71-2a7e67cf760d@group-94433D77B95D->852bb6bc-fc53-4f9b-b145-e7434400ca8b: nextIndex: updateUnconditionally 1 -> 0
2019-11-15 23:39:58,200 [grpc-default-executor-6] INFO  impl.FollowerInfo (FollowerInfo.java:lambda$new$0(51)) - 5fa1608a-d503-4104-880b-6be568a6d1ca@group-49FCFB75375D->08a53ee3-16fe-4887-981c-fcef61fe445a: nextIndex: updateUnconditionally 1 -> 0
2019-11-15 23:39:58,202 [refreshUsed-/workdir/hadoop-ozone/integration-test/target/test-dir/MiniOzoneClusterImpl-33986320-1065-4a8e-9f2e-ea3716de2538/datanode-2/data/containers] WARN  fs.CachingGetSpaceUsed (CachingGetSpaceUsed.java:run(183)) - Thread Interrupted waiting to refresh disk information: sleep interrupted
2019-11-15 23:39:58,203 [refreshUsed-/workdir/hadoop-ozone/integration-test/target/test-dir/MiniOzoneClusterImpl-33986320-1065-4a8e-9f2e-ea3716de2538/datanode-5/data/containers] WARN  fs.CachingGetSpaceUsed (CachingGetSpaceUsed.java:run(183)) - Thread Interrupted waiting to refresh disk information: sleep interrupted
2019-11-15 23:39:58,217 [main] INFO  utils.BackgroundService (BackgroundService.java:shutdown(151)) - Shutting down service BlockDeletingService
2019-11-15 23:39:58,221 [main] INFO  statemachine.DatanodeStateMachine (DatanodeStateMachine.java:stopDaemon(400)) - Ozone container server stopped.
2019-11-15 23:39:58,223 [main] INFO  handler.ContextHandler (ContextHandler.java:doStop(910)) - Stopped o.e.j.w.WebAppContext@f2a1813{/,null,UNAVAILABLE}{/hddsDatanode}
2019-11-15 23:39:58,224 [ForkJoinPool.commonPool-worker-1] INFO  utils.BackgroundService (BackgroundService.java:shutdown(151)) - Shutting down service BlockDeletingService
2019-11-15 23:39:58,224 [main] INFO  server.AbstractConnector (AbstractConnector.java:doStop(318)) - Stopped ServerConnector@79f90a3a{HTTP/1.1,[http/1.1]}{0.0.0.0:0}
2019-11-15 23:39:58,226 [main] INFO  handler.ContextHandler (ContextHandler.java:doStop(910)) - Stopped o.e.j.s.ServletContextHandler@342e690b{/static,jar:file:/home/user/.m2/repository/org/apache/hadoop/hadoop-hdds-container-service/0.5.0-SNAPSHOT/hadoop-hdds-container-service-0.5.0-SNAPSHOT.jar!/webapps/static,UNAVAILABLE}
2019-11-15 23:39:58,226 [ForkJoinPool.commonPool-worker-1] INFO  statemachine.DatanodeStateMachine (DatanodeStateMachine.java:stopDaemon(400)) - Ozone container server stopped.
2019-11-15 23:39:58,226 [main] INFO  handler.ContextHandler (ContextHandler.java:doStop(910)) - Stopped o.e.j.s.ServletContextHandler@2fb25f4c{/logs,file:///workdir/hadoop-ozone/integration-test/target/log,UNAVAILABLE}
2019-11-15 23:39:58,229 [ForkJoinPool.commonPool-worker-1] INFO  handler.ContextHandler (ContextHandler.java:doStop(910)) - Stopped o.e.j.w.WebAppContext@6870c3c2{/,null,UNAVAILABLE}{/hddsDatanode}
2019-11-15 23:39:58,230 [ForkJoinPool.commonPool-worker-1] INFO  server.AbstractConnector (AbstractConnector.java:doStop(318)) - Stopped ServerConnector@fb0a08c{HTTP/1.1,[http/1.1]}{0.0.0.0:0}
2019-11-15 23:39:58,231 [ForkJoinPool.commonPool-worker-1] INFO  handler.ContextHandler (ContextHandler.java:doStop(910)) - Stopped o.e.j.s.ServletContextHandler@36e43829{/static,jar:file:/home/user/.m2/repository/org/apache/hadoop/hadoop-hdds-container-service/0.5.0-SNAPSHOT/hadoop-hdds-container-service-0.5.0-SNAPSHOT.jar!/webapps/static,UNAVAILABLE}
2019-11-15 23:39:58,232 [ForkJoinPool.commonPool-worker-1] INFO  handler.ContextHandler (ContextHandler.java:doStop(910)) - Stopped o.e.j.s.ServletContextHandler@6215366a{/logs,file:///workdir/hadoop-ozone/integration-test/target/log,UNAVAILABLE}
2019-11-15 23:39:58,390 [grpc-default-executor-6] WARN  server.GrpcLogAppender (LogUtils.java:warn(134)) - 44c1a031-22df-4fb3-be71-2a7e67cf760d@group-94433D77B95D->4b590edd-7cfe-4917-88ed-6329a2b55bbe-AppendLogResponseHandler: Failed appendEntries: org.apache.ratis.thirdparty.io.grpc.StatusRuntimeException: UNAVAILABLE: io exception
2019-11-15 23:39:58,391 [grpc-default-executor-6] INFO  impl.FollowerInfo (FollowerInfo.java:lambda$new$0(51)) - 44c1a031-22df-4fb3-be71-2a7e67cf760d@group-94433D77B95D->4b590edd-7cfe-4917-88ed-6329a2b55bbe: nextIndex: updateUnconditionally 0 -> 0
2019-11-15 23:39:58,409 [grpc-default-executor-6] WARN  server.GrpcLogAppender (LogUtils.java:warn(134)) - 44c1a031-22df-4fb3-be71-2a7e67cf760d@group-94433D77B95D->852bb6bc-fc53-4f9b-b145-e7434400ca8b-AppendLogResponseHandler: Failed appendEntries: org.apache.ratis.thirdparty.io.grpc.StatusRuntimeException: UNAVAILABLE: io exception
2019-11-15 23:39:58,409 [grpc-default-executor-6] INFO  impl.FollowerInfo (FollowerInfo.java:lambda$new$0(51)) - 44c1a031-22df-4fb3-be71-2a7e67cf760d@group-94433D77B95D->852bb6bc-fc53-4f9b-b145-e7434400ca8b: nextIndex: updateUnconditionally 0 -> 0
2019-11-15 23:39:58,681 [grpc-default-executor-7] WARN  server.GrpcLogAppender (LogUtils.java:warn(134)) - 5fa1608a-d503-4104-880b-6be568a6d1ca@group-49FCFB75375D->5631d385-0b46-47bf-960c-236f816b46d3-AppendLogResponseHandler: Failed appendEntries: org.apache.ratis.thirdparty.io.grpc.StatusRuntimeException: UNAVAILABLE: io exception
2019-11-15 23:39:58,681 [grpc-default-executor-7] INFO  impl.FollowerInfo (FollowerInfo.java:lambda$new$0(51)) - 5fa1608a-d503-4104-880b-6be568a6d1ca@group-49FCFB75375D->5631d385-0b46-47bf-960c-236f816b46d3: nextIndex: updateUnconditionally 0 -> 0
2019-11-15 23:39:58,692 [grpc-default-executor-7] WARN  server.GrpcLogAppender (LogUtils.java:warn(134)) - 5fa1608a-d503-4104-880b-6be568a6d1ca@group-49FCFB75375D->08a53ee3-16fe-4887-981c-fcef61fe445a-AppendLogResponseHandler: Failed appendEntries: org.apache.ratis.thirdparty.io.grpc.StatusRuntimeException: UNAVAILABLE: io exception
2019-11-15 23:39:58,692 [grpc-default-executor-7] INFO  impl.FollowerInfo (FollowerInfo.java:lambda$new$0(51)) - 5fa1608a-d503-4104-880b-6be568a6d1ca@group-49FCFB75375D->08a53ee3-16fe-4887-981c-fcef61fe445a: nextIndex: updateUnconditionally 0 -> 0
2019-11-15 23:39:58,750 [Datanode State Machine Thread - 0] INFO  statemachine.DatanodeStateMachine (DatanodeStateMachine.java:lambda$startDaemon$0(355)) - Ozone container server started.
2019-11-15 23:39:58,891 [grpc-default-executor-2] WARN  server.GrpcLogAppender (LogUtils.java:warn(134)) - 44c1a031-22df-4fb3-be71-2a7e67cf760d@group-94433D77B95D->4b590edd-7cfe-4917-88ed-6329a2b55bbe-AppendLogResponseHandler: Failed appendEntries: org.apache.ratis.thirdparty.io.grpc.StatusRuntimeException: UNAVAILABLE: io exception
2019-11-15 23:39:58,891 [grpc-default-executor-2] INFO  impl.FollowerInfo (FollowerInfo.java:lambda$new$0(51)) - 44c1a031-22df-4fb3-be71-2a7e67cf760d@group-94433D77B95D->4b590edd-7cfe-4917-88ed-6329a2b55bbe: nextIndex: updateUnconditionally 0 -> 0
2019-11-15 23:39:58,909 [grpc-default-executor-6] WARN  server.GrpcLogAppender (LogUtils.java:warn(134)) - 44c1a031-22df-4fb3-be71-2a7e67cf760d@group-94433D77B95D->852bb6bc-fc53-4f9b-b145-e7434400ca8b-AppendLogResponseHandler: Failed appendEntries: org.apache.ratis.thirdparty.io.grpc.StatusRuntimeException: UNAVAILABLE: io exception
2019-11-15 23:39:58,910 [grpc-default-executor-6] INFO  impl.FollowerInfo (FollowerInfo.java:lambda$new$0(51)) - 44c1a031-22df-4fb3-be71-2a7e67cf760d@group-94433D77B95D->852bb6bc-fc53-4f9b-b145-e7434400ca8b: nextIndex: updateUnconditionally 0 -> 0
2019-11-15 23:39:59,045 [Datanode State Machine Thread - 0] INFO  statemachine.DatanodeStateMachine (DatanodeStateMachine.java:lambda$startDaemon$0(355)) - Ozone container server started.
2019-11-15 23:39:59,181 [grpc-default-executor-7] WARN  server.GrpcLogAppender (LogUtils.java:warn(134)) - 5fa1608a-d503-4104-880b-6be568a6d1ca@group-49FCFB75375D->5631d385-0b46-47bf-960c-236f816b46d3-AppendLogResponseHandler: Failed appendEntries: org.apache.ratis.thirdparty.io.grpc.StatusRuntimeException: UNAVAILABLE: io exception
2019-11-15 23:39:59,181 [grpc-default-executor-7] INFO  impl.FollowerInfo (FollowerInfo.java:lambda$new$0(51)) - 5fa1608a-d503-4104-880b-6be568a6d1ca@group-49FCFB75375D->5631d385-0b46-47bf-960c-236f816b46d3: nextIndex: updateUnconditionally 0 -> 0
2019-11-15 23:39:59,193 [grpc-default-executor-2] WARN  server.GrpcLogAppender (LogUtils.java:warn(134)) - 5fa1608a-d503-4104-880b-6be568a6d1ca@group-49FCFB75375D->08a53ee3-16fe-4887-981c-fcef61fe445a-AppendLogResponseHandler: Failed appendEntries: org.apache.ratis.thirdparty.io.grpc.StatusRuntimeException: UNAVAILABLE: io exception
2019-11-15 23:39:59,193 [grpc-default-executor-2] INFO  impl.FollowerInfo (FollowerInfo.java:lambda$new$0(51)) - 5fa1608a-d503-4104-880b-6be568a6d1ca@group-49FCFB75375D->08a53ee3-16fe-4887-981c-fcef61fe445a: nextIndex: updateUnconditionally 0 -> 0
2019-11-15 23:39:59,392 [grpc-default-executor-6] WARN  server.GrpcLogAppender (LogUtils.java:warn(134)) - 44c1a031-22df-4fb3-be71-2a7e67cf760d@group-94433D77B95D->4b590edd-7cfe-4917-88ed-6329a2b55bbe-AppendLogResponseHandler: Failed appendEntries: org.apache.ratis.thirdparty.io.grpc.StatusRuntimeException: UNAVAILABLE: io exception
2019-11-15 23:39:59,392 [grpc-default-executor-6] INFO  impl.FollowerInfo (FollowerInfo.java:lambda$new$0(51)) - 44c1a031-22df-4fb3-be71-2a7e67cf760d@group-94433D77B95D->4b590edd-7cfe-4917-88ed-6329a2b55bbe: nextIndex: updateUnconditionally 0 -> 0
2019-11-15 23:39:59,411 [grpc-default-executor-2] WARN  server.GrpcLogAppender (LogUtils.java:warn(134)) - 44c1a031-22df-4fb3-be71-2a7e67cf760d@group-94433D77B95D->852bb6bc-fc53-4f9b-b145-e7434400ca8b-AppendLogResponseHandler: Failed appendEntries: org.apache.ratis.thirdparty.io.grpc.StatusRuntimeException: UNAVAILABLE: io exception
2019-11-15 23:39:59,411 [grpc-default-executor-2] INFO  impl.FollowerInfo (FollowerInfo.java:lambda$new$0(51)) - 44c1a031-22df-4fb3-be71-2a7e67cf760d@group-94433D77B95D->852bb6bc-fc53-4f9b-b145-e7434400ca8b: nextIndex: updateUnconditionally 0 -> 0
2019-11-15 23:39:59,682 [grpc-default-executor-2] WARN  server.GrpcLogAppender (LogUtils.java:warn(134)) - 5fa1608a-d503-4104-880b-6be568a6d1ca@group-49FCFB75375D->5631d385-0b46-47bf-960c-236f816b46d3-AppendLogResponseHandler: Failed appendEntries: org.apache.ratis.thirdparty.io.grpc.StatusRuntimeException: UNAVAILABLE: io exception
2019-11-15 23:39:59,683 [grpc-default-executor-2] INFO  impl.FollowerInfo (FollowerInfo.java:lambda$new$0(51)) - 5fa1608a-d503-4104-880b-6be568a6d1ca@group-49FCFB75375D->5631d385-0b46-47bf-960c-236f816b46d3: nextIndex: updateUnconditionally 0 -> 0
2019-11-15 23:39:59,693 [grpc-default-executor-7] WARN  server.GrpcLogAppender (LogUtils.java:warn(134)) - 5fa1608a-d503-4104-880b-6be568a6d1ca@group-49FCFB75375D->08a53ee3-16fe-4887-981c-fcef61fe445a-AppendLogResponseHandler: Failed appendEntries: org.apache.ratis.thirdparty.io.grpc.StatusRuntimeException: UNAVAILABLE: io exception
2019-11-15 23:39:59,694 [grpc-default-executor-7] INFO  impl.FollowerInfo (FollowerInfo.java:lambda$new$0(51)) - 5fa1608a-d503-4104-880b-6be568a6d1ca@group-49FCFB75375D->08a53ee3-16fe-4887-981c-fcef61fe445a: nextIndex: updateUnconditionally 0 -> 0
2019-11-15 23:39:59,892 [grpc-default-executor-6] WARN  server.GrpcLogAppender (LogUtils.java:warn(134)) - 44c1a031-22df-4fb3-be71-2a7e67cf760d@group-94433D77B95D->4b590edd-7cfe-4917-88ed-6329a2b55bbe-AppendLogResponseHandler: Failed appendEntries: org.apache.ratis.thirdparty.io.grpc.StatusRuntimeException: UNAVAILABLE: io exception
2019-11-15 23:39:59,893 [grpc-default-executor-6] INFO  impl.FollowerInfo (FollowerInfo.java:lambda$new$0(51)) - 44c1a031-22df-4fb3-be71-2a7e67cf760d@group-94433D77B95D->4b590edd-7cfe-4917-88ed-6329a2b55bbe: nextIndex: updateUnconditionally 0 -> 0
2019-11-15 23:39:59,911 [grpc-default-executor-6] WARN  server.GrpcLogAppender (LogUtils.java:warn(134)) - 44c1a031-22df-4fb3-be71-2a7e67cf760d@group-94433D77B95D->852bb6bc-fc53-4f9b-b145-e7434400ca8b-AppendLogResponseHandler: Failed appendEntries: org.apache.ratis.thirdparty.io.grpc.StatusRuntimeException: UNAVAILABLE: io exception
2019-11-15 23:39:59,911 [grpc-default-executor-6] INFO  impl.FollowerInfo (FollowerInfo.java:lambda$new$0(51)) - 44c1a031-22df-4fb3-be71-2a7e67cf760d@group-94433D77B95D->852bb6bc-fc53-4f9b-b145-e7434400ca8b: nextIndex: updateUnconditionally 0 -> 0
2019-11-15 23:40:00,184 [grpc-default-executor-6] WARN  server.GrpcLogAppender (LogUtils.java:warn(134)) - 5fa1608a-d503-4104-880b-6be568a6d1ca@group-49FCFB75375D->5631d385-0b46-47bf-960c-236f816b46d3-AppendLogResponseHandler: Failed appendEntries: org.apache.ratis.thirdparty.io.grpc.StatusRuntimeException: UNAVAILABLE: io exception
2019-11-15 23:40:00,185 [grpc-default-executor-6] INFO  impl.FollowerInfo (FollowerInfo.java:lambda$new$0(51)) - 5fa1608a-d503-4104-880b-6be568a6d1ca@group-49FCFB75375D->5631d385-0b46-47bf-960c-236f816b46d3: nextIndex: updateUnconditionally 0 -> 0
2019-11-15 23:40:00,194 [grpc-default-executor-7] WARN  server.GrpcLogAppender (LogUtils.java:warn(134)) - 5fa1608a-d503-4104-880b-6be568a6d1ca@group-49FCFB75375D->08a53ee3-16fe-4887-981c-fcef61fe445a-AppendLogResponseHandler: Failed appendEntries: org.apache.ratis.thirdparty.io.grpc.StatusRuntimeException: UNAVAILABLE: io exception
2019-11-15 23:40:00,194 [grpc-default-executor-7] INFO  impl.FollowerInfo (FollowerInfo.java:lambda$new$0(51)) - 5fa1608a-d503-4104-880b-6be568a6d1ca@group-49FCFB75375D->08a53ee3-16fe-4887-981c-fcef61fe445a: nextIndex: updateUnconditionally 0 -> 0
2019-11-15 23:40:00,393 [grpc-default-executor-2] WARN  server.GrpcLogAppender (LogUtils.java:warn(134)) - 44c1a031-22df-4fb3-be71-2a7e67cf760d@group-94433D77B95D->4b590edd-7cfe-4917-88ed-6329a2b55bbe-AppendLogResponseHandler: Failed appendEntries: org.apache.ratis.thirdparty.io.grpc.StatusRuntimeException: UNAVAILABLE: io exception
2019-11-15 23:40:00,393 [grpc-default-executor-2] INFO  impl.FollowerInfo (FollowerInfo.java:lambda$new$0(51)) - 44c1a031-22df-4fb3-be71-2a7e67cf760d@group-94433D77B95D->4b590edd-7cfe-4917-88ed-6329a2b55bbe: nextIndex: updateUnconditionally 0 -> 0
2019-11-15 23:40:00,412 [grpc-default-executor-6] WARN  server.GrpcLogAppender (LogUtils.java:warn(134)) - 44c1a031-22df-4fb3-be71-2a7e67cf760d@group-94433D77B95D->852bb6bc-fc53-4f9b-b145-e7434400ca8b-AppendLogResponseHandler: Failed appendEntries: org.apache.ratis.thirdparty.io.grpc.StatusRuntimeException: UNAVAILABLE: io exception
2019-11-15 23:40:00,413 [grpc-default-executor-6] INFO  impl.FollowerInfo (FollowerInfo.java:lambda$new$0(51)) - 44c1a031-22df-4fb3-be71-2a7e67cf760d@group-94433D77B95D->852bb6bc-fc53-4f9b-b145-e7434400ca8b: nextIndex: updateUnconditionally 0 -> 0
2019-11-15 23:40:00,688 [grpc-default-executor-6] WARN  server.GrpcLogAppender (LogUtils.java:warn(134)) - 5fa1608a-d503-4104-880b-6be568a6d1ca@group-49FCFB75375D->5631d385-0b46-47bf-960c-236f816b46d3-AppendLogResponseHandler: Failed appendEntries: org.apache.ratis.thirdparty.io.grpc.StatusRuntimeException: UNAVAILABLE: io exception
2019-11-15 23:40:00,689 [grpc-default-executor-6] INFO  impl.FollowerInfo (FollowerInfo.java:lambda$new$0(51)) - 5fa1608a-d503-4104-880b-6be568a6d1ca@group-49FCFB75375D->5631d385-0b46-47bf-960c-236f816b46d3: nextIndex: updateUnconditionally 0 -> 0
2019-11-15 23:40:00,695 [grpc-default-executor-7] WARN  server.GrpcLogAppender (LogUtils.java:warn(134)) - 5fa1608a-d503-4104-880b-6be568a6d1ca@group-49FCFB75375D->08a53ee3-16fe-4887-981c-fcef61fe445a-AppendLogResponseHandler: Failed appendEntries: org.apache.ratis.thirdparty.io.grpc.StatusRuntimeException: UNAVAILABLE: io exception
2019-11-15 23:40:00,695 [grpc-default-executor-7] INFO  impl.FollowerInfo (FollowerInfo.java:lambda$new$0(51)) - 5fa1608a-d503-4104-880b-6be568a6d1ca@group-49FCFB75375D->08a53ee3-16fe-4887-981c-fcef61fe445a: nextIndex: updateUnconditionally 0 -> 0
2019-11-15 23:40:00,894 [grpc-default-executor-2] WARN  server.GrpcLogAppender (LogUtils.java:warn(134)) - 44c1a031-22df-4fb3-be71-2a7e67cf760d@group-94433D77B95D->4b590edd-7cfe-4917-88ed-6329a2b55bbe-AppendLogResponseHandler: Failed appendEntries: org.apache.ratis.thirdparty.io.grpc.StatusRuntimeException: UNAVAILABLE: io exception
2019-11-15 23:40:00,894 [grpc-default-executor-2] INFO  impl.FollowerInfo (FollowerInfo.java:lambda$new$0(51)) - 44c1a031-22df-4fb3-be71-2a7e67cf760d@group-94433D77B95D->4b590edd-7cfe-4917-88ed-6329a2b55bbe: nextIndex: updateUnconditionally 0 -> 0
2019-11-15 23:40:00,912 [grpc-default-executor-6] WARN  server.GrpcLogAppender (LogUtils.java:warn(134)) - 44c1a031-22df-4fb3-be71-2a7e67cf760d@group-94433D77B95D->852bb6bc-fc53-4f9b-b145-e7434400ca8b-AppendLogResponseHandler: Failed appendEntries: org.apache.ratis.thirdparty.io.grpc.StatusRuntimeException: UNAVAILABLE: io exception
2019-11-15 23:40:00,913 [grpc-default-executor-6] INFO  impl.FollowerInfo (FollowerInfo.java:lambda$new$0(51)) - 44c1a031-22df-4fb3-be71-2a7e67cf760d@group-94433D77B95D->852bb6bc-fc53-4f9b-b145-e7434400ca8b: nextIndex: updateUnconditionally 0 -> 0
2019-11-15 23:40:01,187 [grpc-default-executor-7] WARN  server.GrpcLogAppender (LogUtils.java:warn(134)) - 5fa1608a-d503-4104-880b-6be568a6d1ca@group-49FCFB75375D->5631d385-0b46-47bf-960c-236f816b46d3-AppendLogResponseHandler: Failed appendEntries: org.apache.ratis.thirdparty.io.grpc.StatusRuntimeException: UNAVAILABLE: io exception
2019-11-15 23:40:01,187 [grpc-default-executor-7] INFO  impl.FollowerInfo (FollowerInfo.java:lambda$new$0(51)) - 5fa1608a-d503-4104-880b-6be568a6d1ca@group-49FCFB75375D->5631d385-0b46-47bf-960c-236f816b46d3: nextIndex: updateUnconditionally 0 -> 0
2019-11-15 23:40:01,196 [grpc-default-executor-7] WARN  server.GrpcLogAppender (LogUtils.java:warn(134)) - 5fa1608a-d503-4104-880b-6be568a6d1ca@group-49FCFB75375D->08a53ee3-16fe-4887-981c-fcef61fe445a-AppendLogResponseHandler: Failed appendEntries: org.apache.ratis.thirdparty.io.grpc.StatusRuntimeException: UNAVAILABLE: io exception
2019-11-15 23:40:01,196 [grpc-default-executor-7] INFO  impl.FollowerInfo (FollowerInfo.java:lambda$new$0(51)) - 5fa1608a-d503-4104-880b-6be568a6d1ca@group-49FCFB75375D->08a53ee3-16fe-4887-981c-fcef61fe445a: nextIndex: updateUnconditionally 0 -> 0
2019-11-15 23:40:01,395 [grpc-default-executor-2] WARN  server.GrpcLogAppender (LogUtils.java:warn(134)) - 44c1a031-22df-4fb3-be71-2a7e67cf760d@group-94433D77B95D->4b590edd-7cfe-4917-88ed-6329a2b55bbe-AppendLogResponseHandler: Failed appendEntries: org.apache.ratis.thirdparty.io.grpc.StatusRuntimeException: UNAVAILABLE: io exception
2019-11-15 23:40:01,395 [grpc-default-executor-2] INFO  impl.FollowerInfo (FollowerInfo.java:lambda$new$0(51)) - 44c1a031-22df-4fb3-be71-2a7e67cf760d@group-94433D77B95D->4b590edd-7cfe-4917-88ed-6329a2b55bbe: nextIndex: updateUnconditionally 0 -> 0
2019-11-15 23:40:01,413 [grpc-default-executor-2] WARN  server.GrpcLogAppender (LogUtils.java:warn(134)) - 44c1a031-22df-4fb3-be71-2a7e67cf760d@group-94433D77B95D->852bb6bc-fc53-4f9b-b145-e7434400ca8b-AppendLogResponseHandler: Failed appendEntries: org.apache.ratis.thirdparty.io.grpc.StatusRuntimeException: UNAVAILABLE: io exception
2019-11-15 23:40:01,413 [grpc-default-executor-2] INFO  impl.FollowerInfo (FollowerInfo.java:lambda$new$0(51)) - 44c1a031-22df-4fb3-be71-2a7e67cf760d@group-94433D77B95D->852bb6bc-fc53-4f9b-b145-e7434400ca8b: nextIndex: updateUnconditionally 0 -> 0
2019-11-15 23:40:01,687 [grpc-default-executor-7] WARN  server.GrpcLogAppender (LogUtils.java:warn(134)) - 5fa1608a-d503-4104-880b-6be568a6d1ca@group-49FCFB75375D->5631d385-0b46-47bf-960c-236f816b46d3-AppendLogResponseHandler: Failed appendEntries: org.apache.ratis.thirdparty.io.grpc.StatusRuntimeException: UNAVAILABLE: io exception
2019-11-15 23:40:01,688 [grpc-default-executor-7] INFO  impl.FollowerInfo (FollowerInfo.java:lambda$new$0(51)) - 5fa1608a-d503-4104-880b-6be568a6d1ca@group-49FCFB75375D->5631d385-0b46-47bf-960c-236f816b46d3: nextIndex: updateUnconditionally 0 -> 0
2019-11-15 23:40:01,696 [grpc-default-executor-6] WARN  server.GrpcLogAppender (LogUtils.java:warn(134)) - 5fa1608a-d503-4104-880b-6be568a6d1ca@group-49FCFB75375D->08a53ee3-16fe-4887-981c-fcef61fe445a-AppendLogResponseHandler: Failed appendEntries: org.apache.ratis.thirdparty.io.grpc.StatusRuntimeException: UNAVAILABLE: io exception
2019-11-15 23:40:01,697 [grpc-default-executor-6] INFO  impl.FollowerInfo (FollowerInfo.java:lambda$new$0(51)) - 5fa1608a-d503-4104-880b-6be568a6d1ca@group-49FCFB75375D->08a53ee3-16fe-4887-981c-fcef61fe445a: nextIndex: updateUnconditionally 0 -> 0
2019-11-15 23:40:01,895 [grpc-default-executor-2] WARN  server.GrpcLogAppender (LogUtils.java:warn(134)) - 44c1a031-22df-4fb3-be71-2a7e67cf760d@group-94433D77B95D->4b590edd-7cfe-4917-88ed-6329a2b55bbe-AppendLogResponseHandler: Failed appendEntries: org.apache.ratis.thirdparty.io.grpc.StatusRuntimeException: UNAVAILABLE: io exception
2019-11-15 23:40:01,896 [grpc-default-executor-2] INFO  impl.FollowerInfo (FollowerInfo.java:lambda$new$0(51)) - 44c1a031-22df-4fb3-be71-2a7e67cf760d@group-94433D77B95D->4b590edd-7cfe-4917-88ed-6329a2b55bbe: nextIndex: updateUnconditionally 0 -> 0
2019-11-15 23:40:01,913 [grpc-default-executor-7] WARN  server.GrpcLogAppender (LogUtils.java:warn(134)) - 44c1a031-22df-4fb3-be71-2a7e67cf760d@group-94433D77B95D->852bb6bc-fc53-4f9b-b145-e7434400ca8b-AppendLogResponseHandler: Failed appendEntries: org.apache.ratis.thirdparty.io.grpc.StatusRuntimeException: UNAVAILABLE: io exception
2019-11-15 23:40:01,914 [grpc-default-executor-7] INFO  impl.FollowerInfo (FollowerInfo.java:lambda$new$0(51)) - 44c1a031-22df-4fb3-be71-2a7e67cf760d@group-94433D77B95D->852bb6bc-fc53-4f9b-b145-e7434400ca8b: nextIndex: updateUnconditionally 0 -> 0
2019-11-15 23:40:02,188 [grpc-default-executor-7] WARN  server.GrpcLogAppender (LogUtils.java:warn(134)) - 5fa1608a-d503-4104-880b-6be568a6d1ca@group-49FCFB75375D->5631d385-0b46-47bf-960c-236f816b46d3-AppendLogResponseHandler: Failed appendEntries: org.apache.ratis.thirdparty.io.grpc.StatusRuntimeException: UNAVAILABLE: io exception
2019-11-15 23:40:02,188 [grpc-default-executor-7] INFO  impl.FollowerInfo (FollowerInfo.java:lambda$new$0(51)) - 5fa1608a-d503-4104-880b-6be568a6d1ca@group-49FCFB75375D->5631d385-0b46-47bf-960c-236f816b46d3: nextIndex: updateUnconditionally 0 -> 0
2019-11-15 23:40:02,197 [grpc-default-executor-7] WARN  server.GrpcLogAppender (LogUtils.java:warn(134)) - 5fa1608a-d503-4104-880b-6be568a6d1ca@group-49FCFB75375D->08a53ee3-16fe-4887-981c-fcef61fe445a-AppendLogResponseHandler: Failed appendEntries: org.apache.ratis.thirdparty.io.grpc.StatusRuntimeException: UNAVAILABLE: io exception
2019-11-15 23:40:02,197 [grpc-default-executor-7] INFO  impl.FollowerInfo (FollowerInfo.java:lambda$new$0(51)) - 5fa1608a-d503-4104-880b-6be568a6d1ca@group-49FCFB75375D->08a53ee3-16fe-4887-981c-fcef61fe445a: nextIndex: updateUnconditionally 0 -> 0
2019-11-15 23:40:02,397 [grpc-default-executor-7] WARN  server.GrpcLogAppender (LogUtils.java:warn(134)) - 44c1a031-22df-4fb3-be71-2a7e67cf760d@group-94433D77B95D->4b590edd-7cfe-4917-88ed-6329a2b55bbe-AppendLogResponseHandler: Failed appendEntries: org.apache.ratis.thirdparty.io.grpc.StatusRuntimeException: UNAVAILABLE: io exception
2019-11-15 23:40:02,397 [grpc-default-executor-7] INFO  impl.FollowerInfo (FollowerInfo.java:lambda$new$0(51)) - 44c1a031-22df-4fb3-be71-2a7e67cf760d@group-94433D77B95D->4b590edd-7cfe-4917-88ed-6329a2b55bbe: nextIndex: updateUnconditionally 0 -> 0
2019-11-15 23:40:02,414 [grpc-default-executor-7] WARN  server.GrpcLogAppender (LogUtils.java:warn(134)) - 44c1a031-22df-4fb3-be71-2a7e67cf760d@group-94433D77B95D->852bb6bc-fc53-4f9b-b145-e7434400ca8b-AppendLogResponseHandler: Failed appendEntries: org.apache.ratis.thirdparty.io.grpc.StatusRuntimeException: UNAVAILABLE: io exception
2019-11-15 23:40:02,414 [grpc-default-executor-7] INFO  impl.FollowerInfo (FollowerInfo.java:lambda$new$0(51)) - 44c1a031-22df-4fb3-be71-2a7e67cf760d@group-94433D77B95D->852bb6bc-fc53-4f9b-b145-e7434400ca8b: nextIndex: updateUnconditionally 0 -> 0
2019-11-15 23:40:02,688 [grpc-default-executor-7] WARN  server.GrpcLogAppender (LogUtils.java:warn(134)) - 5fa1608a-d503-4104-880b-6be568a6d1ca@group-49FCFB75375D->5631d385-0b46-47bf-960c-236f816b46d3-AppendLogResponseHandler: Failed appendEntries: org.apache.ratis.thirdparty.io.grpc.StatusRuntimeException: UNAVAILABLE: io exception
2019-11-15 23:40:02,689 [grpc-default-executor-7] INFO  impl.FollowerInfo (FollowerInfo.java:lambda$new$0(51)) - 5fa1608a-d503-4104-880b-6be568a6d1ca@group-49FCFB75375D->5631d385-0b46-47bf-960c-236f816b46d3: nextIndex: updateUnconditionally 0 -> 0
2019-11-15 23:40:02,698 [grpc-default-executor-7] WARN  server.GrpcLogAppender (LogUtils.java:warn(134)) - 5fa1608a-d503-4104-880b-6be568a6d1ca@group-49FCFB75375D->08a53ee3-16fe-4887-981c-fcef61fe445a-AppendLogResponseHandler: Failed appendEntries: org.apache.ratis.thirdparty.io.grpc.StatusRuntimeException: UNAVAILABLE: io exception
2019-11-15 23:40:02,698 [grpc-default-executor-7] INFO  impl.FollowerInfo (FollowerInfo.java:lambda$new$0(51)) - 5fa1608a-d503-4104-880b-6be568a6d1ca@group-49FCFB75375D->08a53ee3-16fe-4887-981c-fcef61fe445a: nextIndex: updateUnconditionally 0 -> 0
2019-11-15 23:40:02,898 [grpc-default-executor-7] WARN  server.GrpcLogAppender (LogUtils.java:warn(134)) - 44c1a031-22df-4fb3-be71-2a7e67cf760d@group-94433D77B95D->4b590edd-7cfe-4917-88ed-6329a2b55bbe-AppendLogResponseHandler: Failed appendEntries: org.apache.ratis.thirdparty.io.grpc.StatusRuntimeException: UNAVAILABLE: io exception
2019-11-15 23:40:02,899 [grpc-default-executor-7] INFO  impl.FollowerInfo (FollowerInfo.java:lambda$new$0(51)) - 44c1a031-22df-4fb3-be71-2a7e67cf760d@group-94433D77B95D->4b590edd-7cfe-4917-88ed-6329a2b55bbe: nextIndex: updateUnconditionally 0 -> 0
2019-11-15 23:40:02,914 [grpc-default-executor-7] WARN  server.GrpcLogAppender (LogUtils.java:warn(134)) - 44c1a031-22df-4fb3-be71-2a7e67cf760d@group-94433D77B95D->852bb6bc-fc53-4f9b-b145-e7434400ca8b-AppendLogResponseHandler: Failed appendEntries: org.apache.ratis.thirdparty.io.grpc.StatusRuntimeException: UNAVAILABLE: io exception
2019-11-15 23:40:02,914 [grpc-default-executor-7] INFO  impl.FollowerInfo (FollowerInfo.java:lambda$new$0(51)) - 44c1a031-22df-4fb3-be71-2a7e67cf760d@group-94433D77B95D->852bb6bc-fc53-4f9b-b145-e7434400ca8b: nextIndex: updateUnconditionally 0 -> 0
2019-11-15 23:40:03,190 [grpc-default-executor-6] WARN  server.GrpcLogAppender (LogUtils.java:warn(134)) - 5fa1608a-d503-4104-880b-6be568a6d1ca@group-49FCFB75375D->5631d385-0b46-47bf-960c-236f816b46d3-AppendLogResponseHandler: Failed appendEntries: org.apache.ratis.thirdparty.io.grpc.StatusRuntimeException: UNAVAILABLE: io exception
2019-11-15 23:40:03,191 [grpc-default-executor-6] INFO  impl.FollowerInfo (FollowerInfo.java:lambda$new$0(51)) - 5fa1608a-d503-4104-880b-6be568a6d1ca@group-49FCFB75375D->5631d385-0b46-47bf-960c-236f816b46d3: nextIndex: updateUnconditionally 0 -> 0
2019-11-15 23:40:03,198 [grpc-default-executor-2] WARN  server.GrpcLogAppender (LogUtils.java:warn(134)) - 5fa1608a-d503-4104-880b-6be568a6d1ca@group-49FCFB75375D->08a53ee3-16fe-4887-981c-fcef61fe445a-AppendLogResponseHandler: Failed appendEntries: org.apache.ratis.thirdparty.io.grpc.StatusRuntimeException: UNAVAILABLE: io exception
2019-11-15 23:40:03,199 [grpc-default-executor-2] INFO  impl.FollowerInfo (FollowerInfo.java:lambda$new$0(51)) - 5fa1608a-d503-4104-880b-6be568a6d1ca@group-49FCFB75375D->08a53ee3-16fe-4887-981c-fcef61fe445a: nextIndex: updateUnconditionally 0 -> 0
2019-11-15 23:40:03,231 [main] INFO  ozoneimpl.OzoneContainer (OzoneContainer.java:stop(244)) - Attempting to stop container services.
2019-11-15 23:40:03,232 [main] INFO  impl.RaftServerProxy (RaftServerProxy.java:lambda$close$4(314)) - 44c1a031-22df-4fb3-be71-2a7e67cf760d: close
2019-11-15 23:40:03,233 [main] INFO  impl.RaftServerImpl (RaftServerImpl.java:lambda$shutdown$3(250)) - 44c1a031-22df-4fb3-be71-2a7e67cf760d@group-19A9C40DCB8E: shutdown
2019-11-15 23:40:03,233 [main] INFO  util.JmxRegister (JmxRegister.java:unregister(73)) - Successfully un-registered JMX Bean with object name Ratis:service=RaftServer,group=group-19A9C40DCB8E,id=44c1a031-22df-4fb3-be71-2a7e67cf760d
2019-11-15 23:40:03,233 [main] INFO  impl.RoleInfo (RoleInfo.java:shutdownLeaderState(104)) - 44c1a031-22df-4fb3-be71-2a7e67cf760d: shutdown LeaderState
2019-11-15 23:40:03,233 [main] INFO  impl.PendingRequests (PendingRequests.java:sendNotLeaderResponses(206)) - 44c1a031-22df-4fb3-be71-2a7e67cf760d@group-19A9C40DCB8E-PendingRequests: sendNotLeaderResponses
2019-11-15 23:40:03,234 [ForkJoinPool.commonPool-worker-1] INFO  ozoneimpl.OzoneContainer (OzoneContainer.java:stop(244)) - Attempting to stop container services.
2019-11-15 23:40:03,234 [main] INFO  impl.StateMachineUpdater (StateMachineUpdater.java:stopAndJoin(136)) - 44c1a031-22df-4fb3-be71-2a7e67cf760d@group-19A9C40DCB8E-StateMachineUpdater: set stopIndex = 0
2019-11-15 23:40:03,234 [ForkJoinPool.commonPool-worker-1] INFO  impl.RaftServerProxy (RaftServerProxy.java:lambda$close$4(314)) - 5fa1608a-d503-4104-880b-6be568a6d1ca: close
2019-11-15 23:40:03,234 [ForkJoinPool.commonPool-worker-1] INFO  impl.RaftServerImpl (RaftServerImpl.java:lambda$shutdown$3(250)) - 5fa1608a-d503-4104-880b-6be568a6d1ca@group-B3F28E994568: shutdown
2019-11-15 23:40:03,235 [main] INFO  impl.RaftServerImpl (ServerState.java:close(387)) - 44c1a031-22df-4fb3-be71-2a7e67cf760d@group-19A9C40DCB8E: closes. applyIndex: 0
2019-11-15 23:40:03,235 [ForkJoinPool.commonPool-worker-1] INFO  util.JmxRegister (JmxRegister.java:unregister(73)) - Successfully un-registered JMX Bean with object name Ratis:service=RaftServer,group=group-B3F28E994568,id=5fa1608a-d503-4104-880b-6be568a6d1ca
2019-11-15 23:40:03,235 [ForkJoinPool.commonPool-worker-1] INFO  impl.RoleInfo (RoleInfo.java:shutdownLeaderState(104)) - 5fa1608a-d503-4104-880b-6be568a6d1ca: shutdown LeaderState
2019-11-15 23:40:03,235 [44c1a031-22df-4fb3-be71-2a7e67cf760d@group-19A9C40DCB8E-SegmentedRaftLogWorker] INFO  segmented.SegmentedRaftLogWorker (SegmentedRaftLogWorker.java:run(316)) - 44c1a031-22df-4fb3-be71-2a7e67cf760d@group-19A9C40DCB8E-SegmentedRaftLogWorker was interrupted, exiting. There are 0 tasks remaining in the queue.
2019-11-15 23:40:03,236 [ForkJoinPool.commonPool-worker-1] INFO  impl.PendingRequests (PendingRequests.java:sendNotLeaderResponses(206)) - 5fa1608a-d503-4104-880b-6be568a6d1ca@group-B3F28E994568-PendingRequests: sendNotLeaderResponses
2019-11-15 23:40:03,236 [main] INFO  segmented.SegmentedRaftLogWorker (SegmentedRaftLogWorker.java:close(224)) - 44c1a031-22df-4fb3-be71-2a7e67cf760d@group-19A9C40DCB8E-SegmentedRaftLogWorker close()
2019-11-15 23:40:03,236 [ForkJoinPool.commonPool-worker-1] INFO  impl.StateMachineUpdater (StateMachineUpdater.java:stopAndJoin(136)) - 5fa1608a-d503-4104-880b-6be568a6d1ca@group-B3F28E994568-StateMachineUpdater: set stopIndex = 0
2019-11-15 23:40:03,239 [main] INFO  impl.RaftServerImpl (RaftServerImpl.java:lambda$shutdown$3(250)) - 44c1a031-22df-4fb3-be71-2a7e67cf760d@group-94433D77B95D: shutdown
2019-11-15 23:40:03,239 [main] INFO  util.JmxRegister (JmxRegister.java:unregister(73)) - Successfully un-registered JMX Bean with object name Ratis:service=RaftServer,group=group-94433D77B95D,id=44c1a031-22df-4fb3-be71-2a7e67cf760d
2019-11-15 23:40:03,239 [main] INFO  impl.RoleInfo (RoleInfo.java:shutdownLeaderState(104)) - 44c1a031-22df-4fb3-be71-2a7e67cf760d: shutdown LeaderState
2019-11-15 23:40:03,239 [ForkJoinPool.commonPool-worker-1] INFO  impl.RaftServerImpl (ServerState.java:close(387)) - 5fa1608a-d503-4104-880b-6be568a6d1ca@group-B3F28E994568: closes. applyIndex: 0
2019-11-15 23:40:03,242 [org.apache.ratis.server.impl.LogAppender$AppenderDaemon$$Lambda$457/1762899165@359da0ab] WARN  server.GrpcLogAppender (GrpcLogAppender.java:mayWait(151)) - 44c1a031-22df-4fb3-be71-2a7e67cf760d@group-94433D77B95D->4b590edd-7cfe-4917-88ed-6329a2b55bbe-GrpcLogAppender: Wait interrupted by java.lang.InterruptedException
2019-11-15 23:40:03,241 [main] INFO  impl.PendingRequests (PendingRequests.java:sendNotLeaderResponses(206)) - 44c1a031-22df-4fb3-be71-2a7e67cf760d@group-94433D77B95D-PendingRequests: sendNotLeaderResponses
2019-11-15 23:40:03,242 [5fa1608a-d503-4104-880b-6be568a6d1ca@group-B3F28E994568-SegmentedRaftLogWorker] INFO  segmented.SegmentedRaftLogWorker (SegmentedRaftLogWorker.java:run(316)) - 5fa1608a-d503-4104-880b-6be568a6d1ca@group-B3F28E994568-SegmentedRaftLogWorker was interrupted, exiting. There are 0 tasks remaining in the queue.
2019-11-15 23:40:03,242 [org.apache.ratis.server.impl.LogAppender$AppenderDaemon$$Lambda$457/1762899165@709f20dc] WARN  server.GrpcLogAppender (GrpcLogAppender.java:mayWait(151)) - 44c1a031-22df-4fb3-be71-2a7e67cf760d@group-94433D77B95D->852bb6bc-fc53-4f9b-b145-e7434400ca8b-GrpcLogAppender: Wait interrupted by java.lang.InterruptedException
2019-11-15 23:40:03,243 [ForkJoinPool.commonPool-worker-1] INFO  segmented.SegmentedRaftLogWorker (SegmentedRaftLogWorker.java:close(224)) - 5fa1608a-d503-4104-880b-6be568a6d1ca@group-B3F28E994568-SegmentedRaftLogWorker close()
2019-11-15 23:40:03,242 [main] INFO  impl.StateMachineUpdater (StateMachineUpdater.java:stopAndJoin(136)) - 44c1a031-22df-4fb3-be71-2a7e67cf760d@group-94433D77B95D-StateMachineUpdater: set stopIndex = 0
2019-11-15 23:40:03,246 [main] INFO  impl.RaftServerImpl (ServerState.java:close(387)) - 44c1a031-22df-4fb3-be71-2a7e67cf760d@group-94433D77B95D: closes. applyIndex: 0
2019-11-15 23:40:03,246 [ForkJoinPool.commonPool-worker-1] INFO  impl.RaftServerImpl (RaftServerImpl.java:lambda$shutdown$3(250)) - 5fa1608a-d503-4104-880b-6be568a6d1ca@group-49FCFB75375D: shutdown
2019-11-15 23:40:03,246 [44c1a031-22df-4fb3-be71-2a7e67cf760d@group-94433D77B95D-SegmentedRaftLogWorker] INFO  segmented.SegmentedRaftLogWorker (SegmentedRaftLogWorker.java:run(316)) - 44c1a031-22df-4fb3-be71-2a7e67cf760d@group-94433D77B95D-SegmentedRaftLogWorker was interrupted, exiting. There are 0 tasks remaining in the queue.
2019-11-15 23:40:03,246 [ForkJoinPool.commonPool-worker-1] INFO  util.JmxRegister (JmxRegister.java:unregister(73)) - Successfully un-registered JMX Bean with object name Ratis:service=RaftServer,group=group-49FCFB75375D,id=5fa1608a-d503-4104-880b-6be568a6d1ca
2019-11-15 23:40:03,247 [main] INFO  segmented.SegmentedRaftLogWorker (SegmentedRaftLogWorker.java:close(224)) - 44c1a031-22df-4fb3-be71-2a7e67cf760d@group-94433D77B95D-SegmentedRaftLogWorker close()
2019-11-15 23:40:03,247 [ForkJoinPool.commonPool-worker-1] INFO  impl.RoleInfo (RoleInfo.java:shutdownLeaderState(104)) - 5fa1608a-d503-4104-880b-6be568a6d1ca: shutdown LeaderState
2019-11-15 23:40:03,249 [main] INFO  server.GrpcService (GrpcService.java:closeImpl(164)) - 44c1a031-22df-4fb3-be71-2a7e67cf760d: shutdown server with port 40732 now
2019-11-15 23:40:03,251 [org.apache.ratis.server.impl.LogAppender$AppenderDaemon$$Lambda$457/1762899165@a8f63cb] WARN  server.GrpcLogAppender (GrpcLogAppender.java:mayWait(151)) - 5fa1608a-d503-4104-880b-6be568a6d1ca@group-49FCFB75375D->5631d385-0b46-47bf-960c-236f816b46d3-GrpcLogAppender: Wait interrupted by java.lang.InterruptedException
2019-11-15 23:40:03,251 [ForkJoinPool.commonPool-worker-1] INFO  impl.PendingRequests (PendingRequests.java:sendNotLeaderResponses(206)) - 5fa1608a-d503-4104-880b-6be568a6d1ca@group-49FCFB75375D-PendingRequests: sendNotLeaderResponses
2019-11-15 23:40:03,251 [org.apache.ratis.server.impl.LogAppender$AppenderDaemon$$Lambda$457/1762899165@4f8de45e] WARN  server.GrpcLogAppender (GrpcLogAppender.java:mayWait(151)) - 5fa1608a-d503-4104-880b-6be568a6d1ca@group-49FCFB75375D->08a53ee3-16fe-4887-981c-fcef61fe445a-GrpcLogAppender: Wait interrupted by java.lang.InterruptedException
2019-11-15 23:40:03,252 [ForkJoinPool.commonPool-worker-1] INFO  impl.StateMachineUpdater (StateMachineUpdater.java:stopAndJoin(136)) - 5fa1608a-d503-4104-880b-6be568a6d1ca@group-49FCFB75375D-StateMachineUpdater: set stopIndex = 0
2019-11-15 23:40:03,251 [main] INFO  server.GrpcService (GrpcService.java:closeImpl(172)) - 44c1a031-22df-4fb3-be71-2a7e67cf760d: shutdown server with port 40732 successfully
2019-11-15 23:40:03,252 [ForkJoinPool.commonPool-worker-1] INFO  impl.RaftServerImpl (ServerState.java:close(387)) - 5fa1608a-d503-4104-880b-6be568a6d1ca@group-49FCFB75375D: closes. applyIndex: 0
2019-11-15 23:40:03,253 [5fa1608a-d503-4104-880b-6be568a6d1ca@group-49FCFB75375D-SegmentedRaftLogWorker] INFO  segmented.SegmentedRaftLogWorker (SegmentedRaftLogWorker.java:run(316)) - 5fa1608a-d503-4104-880b-6be568a6d1ca@group-49FCFB75375D-SegmentedRaftLogWorker was interrupted, exiting. There are 0 tasks remaining in the queue.
2019-11-15 23:40:03,254 [ForkJoinPool.commonPool-worker-1] INFO  segmented.SegmentedRaftLogWorker (SegmentedRaftLogWorker.java:close(224)) - 5fa1608a-d503-4104-880b-6be568a6d1ca@group-49FCFB75375D-SegmentedRaftLogWorker close()
2019-11-15 23:40:03,256 [ForkJoinPool.commonPool-worker-1] INFO  server.GrpcService (GrpcService.java:closeImpl(164)) - 5fa1608a-d503-4104-880b-6be568a6d1ca: shutdown server with port 34320 now
2019-11-15 23:40:03,257 [ForkJoinPool.commonPool-worker-1] INFO  server.GrpcService (GrpcService.java:closeImpl(172)) - 5fa1608a-d503-4104-880b-6be568a6d1ca: shutdown server with port 34320 successfully
2019-11-15 23:40:03,260 [refreshUsed-/workdir/hadoop-ozone/integration-test/target/test-dir/MiniOzoneClusterImpl-33986320-1065-4a8e-9f2e-ea3716de2538/datanode-0/data/containers] WARN  fs.CachingGetSpaceUsed (CachingGetSpaceUsed.java:run(183)) - Thread Interrupted waiting to refresh disk information: sleep interrupted
2019-11-15 23:40:03,264 [refreshUsed-/workdir/hadoop-ozone/integration-test/target/test-dir/MiniOzoneClusterImpl-33986320-1065-4a8e-9f2e-ea3716de2538/datanode-4/data/containers] WARN  fs.CachingGetSpaceUsed (CachingGetSpaceUsed.java:run(183)) - Thread Interrupted waiting to refresh disk information: sleep interrupted
2019-11-15 23:40:03,282 [ForkJoinPool.commonPool-worker-1] INFO  utils.BackgroundService (BackgroundService.java:shutdown(151)) - Shutting down service BlockDeletingService
2019-11-15 23:40:03,283 [main] INFO  utils.BackgroundService (BackgroundService.java:shutdown(151)) - Shutting down service BlockDeletingService
2019-11-15 23:40:03,285 [ForkJoinPool.commonPool-worker-1] INFO  statemachine.DatanodeStateMachine (DatanodeStateMachine.java:stopDaemon(400)) - Ozone container server stopped.
2019-11-15 23:40:03,288 [main] INFO  statemachine.DatanodeStateMachine (DatanodeStateMachine.java:stopDaemon(400)) - Ozone container server stopped.
2019-11-15 23:40:03,302 [ForkJoinPool.commonPool-worker-1] INFO  handler.ContextHandler (ContextHandler.java:doStop(910)) - Stopped o.e.j.w.WebAppContext@4a92c6a9{/,null,UNAVAILABLE}{/hddsDatanode}
2019-11-15 23:40:03,302 [main] INFO  handler.ContextHandler (ContextHandler.java:doStop(910)) - Stopped o.e.j.w.WebAppContext@5be052ca{/,null,UNAVAILABLE}{/hddsDatanode}
2019-11-15 23:40:03,302 [ForkJoinPool.commonPool-worker-1] INFO  server.AbstractConnector (AbstractConnector.java:doStop(318)) - Stopped ServerConnector@5c9934da{HTTP/1.1,[http/1.1]}{0.0.0.0:0}
2019-11-15 23:40:03,305 [main] INFO  server.AbstractConnector (AbstractConnector.java:doStop(318)) - Stopped ServerConnector@2007435e{HTTP/1.1,[http/1.1]}{0.0.0.0:0}
2019-11-15 23:40:03,305 [ForkJoinPool.commonPool-worker-1] INFO  handler.ContextHandler (ContextHandler.java:doStop(910)) - Stopped o.e.j.s.ServletContextHandler@7ec95456{/static,jar:file:/home/user/.m2/repository/org/apache/hadoop/hadoop-hdds-container-service/0.5.0-SNAPSHOT/hadoop-hdds-container-service-0.5.0-SNAPSHOT.jar!/webapps/static,UNAVAILABLE}
2019-11-15 23:40:03,305 [main] INFO  handler.ContextHandler (ContextHandler.java:doStop(910)) - Stopped o.e.j.s.ServletContextHandler@1b9d9a2b{/static,jar:file:/home/user/.m2/repository/org/apache/hadoop/hadoop-hdds-container-service/0.5.0-SNAPSHOT/hadoop-hdds-container-service-0.5.0-SNAPSHOT.jar!/webapps/static,UNAVAILABLE}
2019-11-15 23:40:03,306 [ForkJoinPool.commonPool-worker-1] INFO  handler.ContextHandler (ContextHandler.java:doStop(910)) - Stopped o.e.j.s.ServletContextHandler@1e1eeedd{/logs,file:///workdir/hadoop-ozone/integration-test/target/log,UNAVAILABLE}
2019-11-15 23:40:03,306 [main] INFO  handler.ContextHandler (ContextHandler.java:doStop(910)) - Stopped o.e.j.s.ServletContextHandler@25a7fedf{/logs,file:///workdir/hadoop-ozone/integration-test/target/log,UNAVAILABLE}
2019-11-15 23:40:03,308 [main] INFO  ozone.MiniOzoneClusterImpl (MiniOzoneClusterImpl.java:stopSCM(430)) - Stopping the StorageContainerManager
2019-11-15 23:40:03,308 [main] INFO  server.StorageContainerManager (StorageContainerManager.java:stop(804)) - Stopping Replication Manager Service.
2019-11-15 23:40:03,308 [main] INFO  container.ReplicationManager (ReplicationManager.java:stop(203)) - Stopping Replication Monitor Thread.
2019-11-15 23:40:03,308 [main] INFO  server.StorageContainerManager (StorageContainerManager.java:stop(811)) - Stopping Lease Manager of the command watchers
2019-11-15 23:40:03,308 [main] INFO  server.StorageContainerManager (StorageContainerManager.java:stop(818)) - Stopping datanode service RPC server
2019-11-15 23:40:03,309 [main] INFO  server.SCMDatanodeProtocolServer (SCMDatanodeProtocolServer.java:stop(346)) - Stopping the RPC server for DataNodes
2019-11-15 23:40:03,309 [main] INFO  ipc.Server (Server.java:stop(3082)) - Stopping server on 40267
2019-11-15 23:40:03,311 [IPC Server listener on 40267] INFO  ipc.Server (Server.java:run(1185)) - Stopping IPC Server listener on 40267
2019-11-15 23:40:03,311 [IPC Server Responder] INFO  ipc.Server (Server.java:run(1319)) - Stopping IPC Server Responder
2019-11-15 23:40:03,353 [SCM Heartbeat Processing Thread - 0] WARN  node.NodeStateManager (NodeStateManager.java:scheduleNextHealthCheck(646)) - Current Thread is interrupted, shutting down HB processing thread for Node Manager.
2019-11-15 23:40:03,354 [main] INFO  server.StorageContainerManager (StorageContainerManager.java:stop(826)) - Stopping block service RPC server
2019-11-15 23:40:03,354 [main] INFO  server.SCMBlockProtocolServer (SCMBlockProtocolServer.java:stop(155)) - Stopping the RPC server for Block Protocol
2019-11-15 23:40:03,354 [main] INFO  ipc.Server (Server.java:stop(3082)) - Stopping server on 36359
2019-11-15 23:40:03,356 [IPC Server listener on 36359] INFO  ipc.Server (Server.java:run(1185)) - Stopping IPC Server listener on 36359
2019-11-15 23:40:03,356 [main] INFO  server.StorageContainerManager (StorageContainerManager.java:stop(833)) - Stopping the StorageContainerLocationProtocol RPC server
2019-11-15 23:40:03,356 [IPC Server Responder] INFO  ipc.Server (Server.java:run(1319)) - Stopping IPC Server Responder
2019-11-15 23:40:03,357 [main] INFO  server.SCMClientProtocolServer (SCMClientProtocolServer.java:stop(169)) - Stopping the RPC server for Client Protocol
2019-11-15 23:40:03,357 [main] INFO  ipc.Server (Server.java:stop(3082)) - Stopping server on 42837
2019-11-15 23:40:03,359 [IPC Server listener on 42837] INFO  ipc.Server (Server.java:run(1185)) - Stopping IPC Server listener on 42837
2019-11-15 23:40:03,359 [main] INFO  server.StorageContainerManager (StorageContainerManager.java:stop(840)) - Stopping Storage Container Manager HTTP server.
2019-11-15 23:40:03,359 [IPC Server Responder] INFO  ipc.Server (Server.java:run(1319)) - Stopping IPC Server Responder
2019-11-15 23:40:03,361 [main] INFO  handler.ContextHandler (ContextHandler.java:doStop(910)) - Stopped o.e.j.w.WebAppContext@73a8e994{/,null,UNAVAILABLE}{/scm}
2019-11-15 23:40:03,362 [main] INFO  server.AbstractConnector (AbstractConnector.java:doStop(318)) - Stopped ServerConnector@1a1cc163{HTTP/1.1,[http/1.1]}{0.0.0.0:0}
2019-11-15 23:40:03,362 [main] INFO  handler.ContextHandler (ContextHandler.java:doStop(910)) - Stopped o.e.j.s.ServletContextHandler@24a2e565{/static,file:///workdir/hadoop-ozone/integration-test/target/test-classes/webapps/static,UNAVAILABLE}
2019-11-15 23:40:03,362 [main] INFO  handler.ContextHandler (ContextHandler.java:doStop(910)) - Stopped o.e.j.s.ServletContextHandler@7c1447b5{/logs,file:///workdir/hadoop-ozone/integration-test/target/log,UNAVAILABLE}
2019-11-15 23:40:03,363 [main] INFO  server.StorageContainerManager (StorageContainerManager.java:stop(851)) - Stopping Block Manager Service.
2019-11-15 23:40:03,364 [main] INFO  utils.BackgroundService (BackgroundService.java:shutdown(151)) - Shutting down service SCMBlockDeletingService
2019-11-15 23:40:03,364 [main] INFO  utils.BackgroundService (BackgroundService.java:shutdown(151)) - Shutting down service SCMBlockDeletingService
2019-11-15 23:40:03,364 [main] INFO  server.StorageContainerManager (StorageContainerManager.java:stop(873)) - Stopping SCM Event Queue.
2019-11-15 23:40:03,370 [main] INFO  impl.MetricsSystemImpl (MetricsSystemImpl.java:stop(210)) - Stopping HddsDatanode metrics system...
2019-11-15 23:40:03,381 [main] INFO  impl.MetricsSystemImpl (MetricsSystemImpl.java:stop(216)) - HddsDatanode metrics system stopped.
]]></system-out>
    <system-err><![CDATA[Nov 15, 2019 11:39:46 PM org.apache.ratis.thirdparty.io.grpc.netty.NettyServerHandler onStreamError
WARNING: Stream Error
org.apache.ratis.thirdparty.io.netty.handler.codec.http2.Http2Exception$StreamException: Received DATA frame for an unknown stream 3
	at org.apache.ratis.thirdparty.io.netty.handler.codec.http2.Http2Exception.streamError(Http2Exception.java:129)
	at org.apache.ratis.thirdparty.io.netty.handler.codec.http2.DefaultHttp2ConnectionDecoder$FrameReadListener.shouldIgnoreHeadersOrDataFrame(DefaultHttp2ConnectionDecoder.java:531)
	at org.apache.ratis.thirdparty.io.netty.handler.codec.http2.DefaultHttp2ConnectionDecoder$FrameReadListener.onDataRead(DefaultHttp2ConnectionDecoder.java:183)
	at org.apache.ratis.thirdparty.io.netty.handler.codec.http2.Http2InboundFrameLogger$1.onDataRead(Http2InboundFrameLogger.java:48)
	at org.apache.ratis.thirdparty.io.netty.handler.codec.http2.DefaultHttp2FrameReader.readDataFrame(DefaultHttp2FrameReader.java:421)
	at org.apache.ratis.thirdparty.io.netty.handler.codec.http2.DefaultHttp2FrameReader.processPayloadState(DefaultHttp2FrameReader.java:251)
	at org.apache.ratis.thirdparty.io.netty.handler.codec.http2.DefaultHttp2FrameReader.readFrame(DefaultHttp2FrameReader.java:160)
	at org.apache.ratis.thirdparty.io.netty.handler.codec.http2.Http2InboundFrameLogger.readFrame(Http2InboundFrameLogger.java:41)
	at org.apache.ratis.thirdparty.io.netty.handler.codec.http2.DefaultHttp2ConnectionDecoder.decodeFrame(DefaultHttp2ConnectionDecoder.java:118)
	at org.apache.ratis.thirdparty.io.netty.handler.codec.http2.Http2ConnectionHandler$FrameDecoder.decode(Http2ConnectionHandler.java:390)
	at org.apache.ratis.thirdparty.io.netty.handler.codec.http2.Http2ConnectionHandler.decode(Http2ConnectionHandler.java:450)
	at org.apache.ratis.thirdparty.io.netty.handler.codec.ByteToMessageDecoder.decodeRemovalReentryProtection(ByteToMessageDecoder.java:502)
	at org.apache.ratis.thirdparty.io.netty.handler.codec.ByteToMessageDecoder.callDecode(ByteToMessageDecoder.java:441)
	at org.apache.ratis.thirdparty.io.netty.handler.codec.ByteToMessageDecoder.channelRead(ByteToMessageDecoder.java:278)
	at org.apache.ratis.thirdparty.io.netty.channel.AbstractChannelHandlerContext.invokeChannelRead(AbstractChannelHandlerContext.java:362)
	at org.apache.ratis.thirdparty.io.netty.channel.AbstractChannelHandlerContext.invokeChannelRead(AbstractChannelHandlerContext.java:348)
	at org.apache.ratis.thirdparty.io.netty.channel.AbstractChannelHandlerContext.fireChannelRead(AbstractChannelHandlerContext.java:340)
	at org.apache.ratis.thirdparty.io.netty.channel.DefaultChannelPipeline$HeadContext.channelRead(DefaultChannelPipeline.java:1434)
	at org.apache.ratis.thirdparty.io.netty.channel.AbstractChannelHandlerContext.invokeChannelRead(AbstractChannelHandlerContext.java:362)
	at org.apache.ratis.thirdparty.io.netty.channel.AbstractChannelHandlerContext.invokeChannelRead(AbstractChannelHandlerContext.java:348)
	at org.apache.ratis.thirdparty.io.netty.channel.DefaultChannelPipeline.fireChannelRead(DefaultChannelPipeline.java:965)
	at org.apache.ratis.thirdparty.io.netty.channel.nio.AbstractNioByteChannel$NioByteUnsafe.read(AbstractNioByteChannel.java:163)
	at org.apache.ratis.thirdparty.io.netty.channel.nio.NioEventLoop.processSelectedKey(NioEventLoop.java:644)
	at org.apache.ratis.thirdparty.io.netty.channel.nio.NioEventLoop.processSelectedKeysOptimized(NioEventLoop.java:579)
	at org.apache.ratis.thirdparty.io.netty.channel.nio.NioEventLoop.processSelectedKeys(NioEventLoop.java:496)
	at org.apache.ratis.thirdparty.io.netty.channel.nio.NioEventLoop.run(NioEventLoop.java:458)
	at org.apache.ratis.thirdparty.io.netty.util.concurrent.SingleThreadEventExecutor$5.run(SingleThreadEventExecutor.java:897)
	at org.apache.ratis.thirdparty.io.netty.util.concurrent.FastThreadLocalRunnable.run(FastThreadLocalRunnable.java:30)
	at java.lang.Thread.run(Thread.java:748)

Nov 15, 2019 11:39:53 PM org.apache.ratis.thirdparty.io.grpc.internal.SerializingExecutor run
SEVERE: Exception while executing runnable org.apache.ratis.thirdparty.io.grpc.internal.ServerImpl$JumpToApplicationThreadServerStreamListener$1Closed@1eeaf662
org.apache.ratis.thirdparty.io.grpc.StatusRuntimeException: CANCELLED: call already cancelled
	at org.apache.ratis.thirdparty.io.grpc.Status.asRuntimeException(Status.java:517)
	at org.apache.ratis.thirdparty.io.grpc.stub.ServerCalls$ServerCallStreamObserverImpl.onCompleted(ServerCalls.java:356)
	at org.apache.ratis.grpc.server.GrpcServerProtocolService$ServerRequestStreamObserver.onError(GrpcServerProtocolService.java:121)
	at org.apache.ratis.thirdparty.io.grpc.stub.ServerCalls$StreamingServerCallHandler$StreamingServerCallListener.onCancel(ServerCalls.java:269)
	at org.apache.ratis.thirdparty.io.grpc.internal.ServerCallImpl$ServerStreamListenerImpl.closed(ServerCallImpl.java:293)
	at org.apache.ratis.thirdparty.io.grpc.internal.ServerImpl$JumpToApplicationThreadServerStreamListener$1Closed.runInContext(ServerImpl.java:741)
	at org.apache.ratis.thirdparty.io.grpc.internal.ContextRunnable.run(ContextRunnable.java:37)
	at org.apache.ratis.thirdparty.io.grpc.internal.SerializingExecutor.run(SerializingExecutor.java:123)
	at java.util.concurrent.ThreadPoolExecutor.runWorker(ThreadPoolExecutor.java:1149)
	at java.util.concurrent.ThreadPoolExecutor$Worker.run(ThreadPoolExecutor.java:624)
	at java.lang.Thread.run(Thread.java:748)

Nov 15, 2019 11:39:53 PM org.apache.ratis.thirdparty.io.grpc.internal.SerializingExecutor run
SEVERE: Exception while executing runnable org.apache.ratis.thirdparty.io.grpc.internal.ServerImpl$JumpToApplicationThreadServerStreamListener$1Closed@6f80360e
org.apache.ratis.thirdparty.io.grpc.StatusRuntimeException: CANCELLED: call already cancelled
	at org.apache.ratis.thirdparty.io.grpc.Status.asRuntimeException(Status.java:517)
	at org.apache.ratis.thirdparty.io.grpc.stub.ServerCalls$ServerCallStreamObserverImpl.onCompleted(ServerCalls.java:356)
	at org.apache.ratis.grpc.server.GrpcServerProtocolService$ServerRequestStreamObserver.onError(GrpcServerProtocolService.java:121)
	at org.apache.ratis.thirdparty.io.grpc.stub.ServerCalls$StreamingServerCallHandler$StreamingServerCallListener.onCancel(ServerCalls.java:269)
	at org.apache.ratis.thirdparty.io.grpc.internal.ServerCallImpl$ServerStreamListenerImpl.closed(ServerCallImpl.java:293)
	at org.apache.ratis.thirdparty.io.grpc.internal.ServerImpl$JumpToApplicationThreadServerStreamListener$1Closed.runInContext(ServerImpl.java:741)
	at org.apache.ratis.thirdparty.io.grpc.internal.ContextRunnable.run(ContextRunnable.java:37)
	at org.apache.ratis.thirdparty.io.grpc.internal.SerializingExecutor.run(SerializingExecutor.java:123)
	at java.util.concurrent.ThreadPoolExecutor.runWorker(ThreadPoolExecutor.java:1149)
	at java.util.concurrent.ThreadPoolExecutor$Worker.run(ThreadPoolExecutor.java:624)
	at java.lang.Thread.run(Thread.java:748)

Nov 15, 2019 11:39:58 PM org.apache.ratis.thirdparty.io.grpc.internal.SerializingExecutor run
SEVERE: Exception while executing runnable org.apache.ratis.thirdparty.io.grpc.internal.ServerImpl$JumpToApplicationThreadServerStreamListener$1Closed@4b6cacd
org.apache.ratis.thirdparty.io.grpc.StatusRuntimeException: CANCELLED: call already cancelled
	at org.apache.ratis.thirdparty.io.grpc.Status.asRuntimeException(Status.java:517)
	at org.apache.ratis.thirdparty.io.grpc.stub.ServerCalls$ServerCallStreamObserverImpl.onCompleted(ServerCalls.java:356)
	at org.apache.ratis.grpc.server.GrpcServerProtocolService$ServerRequestStreamObserver.onError(GrpcServerProtocolService.java:121)
	at org.apache.ratis.thirdparty.io.grpc.stub.ServerCalls$StreamingServerCallHandler$StreamingServerCallListener.onCancel(ServerCalls.java:269)
	at org.apache.ratis.thirdparty.io.grpc.internal.ServerCallImpl$ServerStreamListenerImpl.closed(ServerCallImpl.java:293)
	at org.apache.ratis.thirdparty.io.grpc.internal.ServerImpl$JumpToApplicationThreadServerStreamListener$1Closed.runInContext(ServerImpl.java:741)
	at org.apache.ratis.thirdparty.io.grpc.internal.ContextRunnable.run(ContextRunnable.java:37)
	at org.apache.ratis.thirdparty.io.grpc.internal.SerializingExecutor.run(SerializingExecutor.java:123)
	at java.util.concurrent.ThreadPoolExecutor.runWorker(ThreadPoolExecutor.java:1149)
	at java.util.concurrent.ThreadPoolExecutor$Worker.run(ThreadPoolExecutor.java:624)
	at java.lang.Thread.run(Thread.java:748)

Nov 15, 2019 11:39:58 PM org.apache.ratis.thirdparty.io.grpc.internal.SerializingExecutor run
SEVERE: Exception while executing runnable org.apache.ratis.thirdparty.io.grpc.internal.ServerImpl$JumpToApplicationThreadServerStreamListener$1Closed@7734b9ab
org.apache.ratis.thirdparty.io.grpc.StatusRuntimeException: CANCELLED: call already cancelled
	at org.apache.ratis.thirdparty.io.grpc.Status.asRuntimeException(Status.java:517)
	at org.apache.ratis.thirdparty.io.grpc.stub.ServerCalls$ServerCallStreamObserverImpl.onCompleted(ServerCalls.java:356)
	at org.apache.ratis.grpc.server.GrpcServerProtocolService$ServerRequestStreamObserver.onError(GrpcServerProtocolService.java:121)
	at org.apache.ratis.thirdparty.io.grpc.stub.ServerCalls$StreamingServerCallHandler$StreamingServerCallListener.onCancel(ServerCalls.java:269)
	at org.apache.ratis.thirdparty.io.grpc.internal.ServerCallImpl$ServerStreamListenerImpl.closed(ServerCallImpl.java:293)
	at org.apache.ratis.thirdparty.io.grpc.internal.ServerImpl$JumpToApplicationThreadServerStreamListener$1Closed.runInContext(ServerImpl.java:741)
	at org.apache.ratis.thirdparty.io.grpc.internal.ContextRunnable.run(ContextRunnable.java:37)
	at org.apache.ratis.thirdparty.io.grpc.internal.SerializingExecutor.run(SerializingExecutor.java:123)
	at java.util.concurrent.ThreadPoolExecutor.runWorker(ThreadPoolExecutor.java:1149)
	at java.util.concurrent.ThreadPoolExecutor$Worker.run(ThreadPoolExecutor.java:624)
	at java.lang.Thread.run(Thread.java:748)

]]></system-err>
  </testcase>
</testsuite>