<?xml version="1.0" encoding="UTF-8"?>
<testsuite xmlns:xsi="http://www.w3.org/2001/XMLSchema-instance" xsi:noNamespaceSchemaLocation="https://maven.apache.org/surefire/maven-surefire-plugin/xsd/surefire-test-report.xsd" name="org.apache.hadoop.ozone.freon.TestFreonWithPipelineDestroy" time="49.283" tests="1" errors="1" skipped="0" failures="0">
  <properties>
    <property name="awt.toolkit" value="sun.awt.X11.XToolkit"/>
    <property name="file.encoding.pkg" value="sun.io"/>
    <property name="java.specification.version" value="1.8"/>
    <property name="sun.cpu.isalist" value=""/>
    <property name="sun.jnu.encoding" value="ANSI_X3.4-1968"/>
    <property name="java.class.path" value="/workdir/hadoop-ozone/tools/target/test-classes:/workdir/hadoop-ozone/tools/target/classes:/home/user/.m2/repository/org/apache/hadoop/hadoop-ozone-ozone-manager/0.5.0-SNAPSHOT/hadoop-ozone-ozone-manager-0.5.0-SNAPSHOT.jar:/home/user/.m2/repository/org/apache/hadoop/hadoop-hdds-docs/0.5.0-SNAPSHOT/hadoop-hdds-docs-0.5.0-SNAPSHOT.jar:/home/user/.m2/repository/org/bouncycastle/bcprov-jdk15on/1.60/bcprov-jdk15on-1.60.jar:/home/user/.m2/repository/org/apache/hadoop/hadoop-ozone-common/0.5.0-SNAPSHOT/hadoop-ozone-common-0.5.0-SNAPSHOT.jar:/home/user/.m2/repository/org/apache/commons/commons-compress/1.4.1/commons-compress-1.4.1.jar:/home/user/.m2/repository/org/tukaani/xz/1.0/xz-1.0.jar:/home/user/.m2/repository/org/apache/hadoop/hadoop-hdfs-client/3.2.0/hadoop-hdfs-client-3.2.0.jar:/home/user/.m2/repository/com/fasterxml/jackson/core/jackson-annotations/2.9.9/jackson-annotations-2.9.9.jar:/home/user/.m2/repository/org/apache/hadoop/hadoop-hdds-common/0.5.0-SNAPSHOT/hadoop-hdds-common-0.5.0-SNAPSHOT.jar:/home/user/.m2/repository/org/apache/hadoop/hadoop-hdds-config/0.5.0-SNAPSHOT/hadoop-hdds-config-0.5.0-SNAPSHOT.jar:/home/user/.m2/repository/javax/annotation/javax.annotation-api/1.2/javax.annotation-api-1.2.jar:/home/user/.m2/repository/org/apache/ratis/ratis-server/0.5.0-d6d58d0-SNAPSHOT/ratis-server-0.5.0-d6d58d0-SNAPSHOT.jar:/home/user/.m2/repository/org/apache/ratis/ratis-thirdparty-misc/0.2.0/ratis-thirdparty-misc-0.2.0.jar:/home/user/.m2/repository/org/apache/ratis/ratis-proto/0.5.0-d6d58d0-SNAPSHOT/ratis-proto-0.5.0-d6d58d0-SNAPSHOT.jar:/home/user/.m2/repository/org/apache/ratis/ratis-common/0.5.0-d6d58d0-SNAPSHOT/ratis-common-0.5.0-d6d58d0-SNAPSHOT.jar:/home/user/.m2/repository/org/apache/ratis/ratis-client/0.5.0-d6d58d0-SNAPSHOT/ratis-client-0.5.0-d6d58d0-SNAPSHOT.jar:/home/user/.m2/repository/org/apache/ratis/ratis-metrics/0.5.0-d6d58d0-SNAPSHOT/ratis-metrics-0.5.0-d6d58d0-SNAPSHOT.jar:/home/user/.m2/repository/org/apache/ratis/ratis-netty/0.5.0-d6d58d0-SNAPSHOT/ratis-netty-0.5.0-d6d58d0-SNAPSHOT.jar:/home/user/.m2/repository/org/apache/ratis/ratis-grpc/0.5.0-d6d58d0-SNAPSHOT/ratis-grpc-0.5.0-d6d58d0-SNAPSHOT.jar:/home/user/.m2/repository/org/rocksdb/rocksdbjni/6.0.1/rocksdbjni-6.0.1.jar:/home/user/.m2/repository/org/apache/logging/log4j/log4j-api/2.11.0/log4j-api-2.11.0.jar:/home/user/.m2/repository/org/apache/logging/log4j/log4j-core/2.11.0/log4j-core-2.11.0.jar:/home/user/.m2/repository/com/lmax/disruptor/3.4.2/disruptor-3.4.2.jar:/home/user/.m2/repository/org/apache/commons/commons-pool2/2.6.0/commons-pool2-2.6.0.jar:/home/user/.m2/repository/org/bouncycastle/bcpkix-jdk15on/1.60/bcpkix-jdk15on-1.60.jar:/home/user/.m2/repository/commons-validator/commons-validator/1.6/commons-validator-1.6.jar:/home/user/.m2/repository/commons-digester/commons-digester/1.8.1/commons-digester-1.8.1.jar:/home/user/.m2/repository/io/jaegertracing/jaeger-client/0.34.0/jaeger-client-0.34.0.jar:/home/user/.m2/repository/io/jaegertracing/jaeger-thrift/0.34.0/jaeger-thrift-0.34.0.jar:/home/user/.m2/repository/org/apache/thrift/libthrift/0.12.0/libthrift-0.12.0.jar:/home/user/.m2/repository/com/squareup/okhttp3/okhttp/3.9.0/okhttp-3.9.0.jar:/home/user/.m2/repository/com/squareup/okio/okio/1.13.0/okio-1.13.0.jar:/home/user/.m2/repository/io/jaegertracing/jaeger-core/0.34.0/jaeger-core-0.34.0.jar:/home/user/.m2/repository/io/jaegertracing/jaeger-tracerresolver/0.34.0/jaeger-tracerresolver-0.34.0.jar:/home/user/.m2/repository/io/opentracing/contrib/opentracing-tracerresolver/0.1.5/opentracing-tracerresolver-0.1.5.jar:/home/user/.m2/repository/io/opentracing/opentracing-util/0.31.0/opentracing-util-0.31.0.jar:/home/user/.m2/repository/io/opentracing/opentracing-api/0.31.0/opentracing-api-0.31.0.jar:/home/user/.m2/repository/io/opentracing/opentracing-noop/0.31.0/opentracing-noop-0.31.0.jar:/home/user/.m2/repository/org/yaml/snakeyaml/1.16/snakeyaml-1.16.jar:/home/user/.m2/repository/org/apache/hadoop/hadoop-hdds-container-service/0.5.0-SNAPSHOT/hadoop-hdds-container-service-0.5.0-SNAPSHOT.jar:/home/user/.m2/repository/org/apache/hadoop/hadoop-hdds-client/0.5.0-SNAPSHOT/hadoop-hdds-client-0.5.0-SNAPSHOT.jar:/home/user/.m2/repository/org/apache/hadoop/hadoop-hdds-tools/0.5.0-SNAPSHOT/hadoop-hdds-tools-0.5.0-SNAPSHOT.jar:/home/user/.m2/repository/org/xerial/sqlite-jdbc/3.25.2/sqlite-jdbc-3.25.2.jar:/home/user/.m2/repository/org/apache/hadoop/hadoop-hdds-server-scm/0.5.0-SNAPSHOT/hadoop-hdds-server-scm-0.5.0-SNAPSHOT.jar:/home/user/.m2/repository/org/hamcrest/hamcrest-all/1.3/hamcrest-all-1.3.jar:/home/user/.m2/repository/info/picocli/picocli/3.9.6/picocli-3.9.6.jar:/home/user/.m2/repository/com/google/protobuf/protobuf-java/2.5.0/protobuf-java-2.5.0.jar:/home/user/.m2/repository/com/google/guava/guava/11.0.2/guava-11.0.2.jar:/home/user/.m2/repository/org/apache/hadoop/hadoop-ozone-client/0.5.0-SNAPSHOT/hadoop-ozone-client-0.5.0-SNAPSHOT.jar:/workdir/hadoop-ozone/ozonefs/target/classes:/home/user/.m2/repository/org/apache/httpcomponents/httpclient/4.5.2/httpclient-4.5.2.jar:/home/user/.m2/repository/org/apache/httpcomponents/httpcore/4.4.4/httpcore-4.4.4.jar:/home/user/.m2/repository/org/apache/hadoop/hadoop-hdds-server-framework/0.5.0-SNAPSHOT/hadoop-hdds-server-framework-0.5.0-SNAPSHOT.jar:/home/user/.m2/repository/org/apache/hadoop/hadoop-common/3.2.0/hadoop-common-3.2.0.jar:/home/user/.m2/repository/org/apache/hadoop/hadoop-annotations/3.2.0/hadoop-annotations-3.2.0.jar:/usr/lib/jvm/java-1.8.0-openjdk-1.8.0.222.b10-1.el7_7.x86_64/jre/../lib/tools.jar:/home/user/.m2/repository/commons-cli/commons-cli/1.2/commons-cli-1.2.jar:/home/user/.m2/repository/org/apache/commons/commons-math3/3.1.1/commons-math3-3.1.1.jar:/home/user/.m2/repository/commons-codec/commons-codec/1.11/commons-codec-1.11.jar:/home/user/.m2/repository/commons-io/commons-io/2.5/commons-io-2.5.jar:/home/user/.m2/repository/commons-net/commons-net/3.6/commons-net-3.6.jar:/home/user/.m2/repository/commons-collections/commons-collections/3.2.2/commons-collections-3.2.2.jar:/home/user/.m2/repository/javax/servlet/javax.servlet-api/3.1.0/javax.servlet-api-3.1.0.jar:/home/user/.m2/repository/org/eclipse/jetty/jetty-server/9.3.25.v20180904/jetty-server-9.3.25.v20180904.jar:/home/user/.m2/repository/org/eclipse/jetty/jetty-http/9.3.25.v20180904/jetty-http-9.3.25.v20180904.jar:/home/user/.m2/repository/org/eclipse/jetty/jetty-io/9.3.25.v20180904/jetty-io-9.3.25.v20180904.jar:/home/user/.m2/repository/org/eclipse/jetty/jetty-util/9.3.25.v20180904/jetty-util-9.3.25.v20180904.jar:/home/user/.m2/repository/org/eclipse/jetty/jetty-servlet/9.3.25.v20180904/jetty-servlet-9.3.25.v20180904.jar:/home/user/.m2/repository/org/eclipse/jetty/jetty-security/9.3.25.v20180904/jetty-security-9.3.25.v20180904.jar:/home/user/.m2/repository/org/eclipse/jetty/jetty-webapp/9.3.25.v20180904/jetty-webapp-9.3.25.v20180904.jar:/home/user/.m2/repository/org/eclipse/jetty/jetty-xml/9.3.25.v20180904/jetty-xml-9.3.25.v20180904.jar:/home/user/.m2/repository/javax/servlet/jsp/jsp-api/2.1/jsp-api-2.1.jar:/home/user/.m2/repository/com/sun/jersey/jersey-core/1.19/jersey-core-1.19.jar:/home/user/.m2/repository/javax/ws/rs/jsr311-api/1.1.1/jsr311-api-1.1.1.jar:/home/user/.m2/repository/com/sun/jersey/jersey-servlet/1.19/jersey-servlet-1.19.jar:/home/user/.m2/repository/com/sun/jersey/jersey-json/1.19/jersey-json-1.19.jar:/home/user/.m2/repository/org/codehaus/jettison/jettison/1.1/jettison-1.1.jar:/home/user/.m2/repository/com/sun/xml/bind/jaxb-impl/2.3.0.1/jaxb-impl-2.3.0.1.jar:/home/user/.m2/repository/org/codehaus/jackson/jackson-core-asl/1.9.13/jackson-core-asl-1.9.13.jar:/home/user/.m2/repository/org/codehaus/jackson/jackson-mapper-asl/1.9.13/jackson-mapper-asl-1.9.13.jar:/home/user/.m2/repository/org/codehaus/jackson/jackson-jaxrs/1.9.13/jackson-jaxrs-1.9.13.jar:/home/user/.m2/repository/org/codehaus/jackson/jackson-xc/1.9.13/jackson-xc-1.9.13.jar:/home/user/.m2/repository/com/sun/jersey/jersey-server/1.19/jersey-server-1.19.jar:/home/user/.m2/repository/commons-logging/commons-logging/1.1.3/commons-logging-1.1.3.jar:/home/user/.m2/repository/log4j/log4j/1.2.17/log4j-1.2.17.jar:/home/user/.m2/repository/commons-beanutils/commons-beanutils/1.9.4/commons-beanutils-1.9.4.jar:/home/user/.m2/repository/org/apache/commons/commons-configuration2/2.1.1/commons-configuration2-2.1.1.jar:/home/user/.m2/repository/org/apache/commons/commons-lang3/3.7/commons-lang3-3.7.jar:/home/user/.m2/repository/org/apache/commons/commons-text/1.4/commons-text-1.4.jar:/home/user/.m2/repository/org/slf4j/slf4j-api/1.7.25/slf4j-api-1.7.25.jar:/home/user/.m2/repository/org/slf4j/slf4j-log4j12/1.7.25/slf4j-log4j12-1.7.25.jar:/home/user/.m2/repository/org/apache/avro/avro/1.7.7/avro-1.7.7.jar:/home/user/.m2/repository/com/thoughtworks/paranamer/paranamer/2.3/paranamer-2.3.jar:/home/user/.m2/repository/org/xerial/snappy/snappy-java/1.0.5/snappy-java-1.0.5.jar:/home/user/.m2/repository/com/google/re2j/re2j/1.1/re2j-1.1.jar:/home/user/.m2/repository/com/google/code/gson/gson/2.2.4/gson-2.2.4.jar:/home/user/.m2/repository/org/apache/hadoop/hadoop-auth/3.2.0/hadoop-auth-3.2.0.jar:/home/user/.m2/repository/com/nimbusds/nimbus-jose-jwt/4.41.1/nimbus-jose-jwt-4.41.1.jar:/home/user/.m2/repository/com/github/stephenc/jcip/jcip-annotations/1.0-1/jcip-annotations-1.0-1.jar:/home/user/.m2/repository/net/minidev/json-smart/2.3/json-smart-2.3.jar:/home/user/.m2/repository/net/minidev/accessors-smart/1.2/accessors-smart-1.2.jar:/home/user/.m2/repository/org/apache/curator/curator-framework/2.12.0/curator-framework-2.12.0.jar:/home/user/.m2/repository/com/jcraft/jsch/0.1.54/jsch-0.1.54.jar:/home/user/.m2/repository/org/apache/curator/curator-client/2.12.0/curator-client-2.12.0.jar:/home/user/.m2/repository/org/apache/curator/curator-recipes/2.12.0/curator-recipes-2.12.0.jar:/home/user/.m2/repository/com/google/code/findbugs/jsr305/3.0.0/jsr305-3.0.0.jar:/home/user/.m2/repository/org/apache/htrace/htrace-core4/4.1.0-incubating/htrace-core4-4.1.0-incubating.jar:/home/user/.m2/repository/org/apache/zookeeper/zookeeper/3.4.13/zookeeper-3.4.13.jar:/home/user/.m2/repository/jline/jline/0.9.94/jline-0.9.94.jar:/home/user/.m2/repository/org/apache/yetus/audience-annotations/0.5.0/audience-annotations-0.5.0.jar:/home/user/.m2/repository/org/apache/kerby/kerb-simplekdc/1.0.1/kerb-simplekdc-1.0.1.jar:/home/user/.m2/repository/org/apache/kerby/kerb-client/1.0.1/kerb-client-1.0.1.jar:/home/user/.m2/repository/org/apache/kerby/kerby-config/1.0.1/kerby-config-1.0.1.jar:/home/user/.m2/repository/org/apache/kerby/kerb-core/1.0.1/kerb-core-1.0.1.jar:/home/user/.m2/repository/org/apache/kerby/kerby-pkix/1.0.1/kerby-pkix-1.0.1.jar:/home/user/.m2/repository/org/apache/kerby/kerby-asn1/1.0.1/kerby-asn1-1.0.1.jar:/home/user/.m2/repository/org/apache/kerby/kerby-util/1.0.1/kerby-util-1.0.1.jar:/home/user/.m2/repository/org/apache/kerby/kerb-common/1.0.1/kerb-common-1.0.1.jar:/home/user/.m2/repository/org/apache/kerby/kerb-crypto/1.0.1/kerb-crypto-1.0.1.jar:/home/user/.m2/repository/org/apache/kerby/kerb-util/1.0.1/kerb-util-1.0.1.jar:/home/user/.m2/repository/org/apache/kerby/token-provider/1.0.1/token-provider-1.0.1.jar:/home/user/.m2/repository/org/apache/kerby/kerb-admin/1.0.1/kerb-admin-1.0.1.jar:/home/user/.m2/repository/org/apache/kerby/kerb-server/1.0.1/kerb-server-1.0.1.jar:/home/user/.m2/repository/org/apache/kerby/kerb-identity/1.0.1/kerb-identity-1.0.1.jar:/home/user/.m2/repository/org/apache/kerby/kerby-xdr/1.0.1/kerby-xdr-1.0.1.jar:/home/user/.m2/repository/com/fasterxml/jackson/core/jackson-databind/2.9.9/jackson-databind-2.9.9.jar:/home/user/.m2/repository/com/fasterxml/jackson/core/jackson-core/2.9.9/jackson-core-2.9.9.jar:/home/user/.m2/repository/org/codehaus/woodstox/stax2-api/3.1.4/stax2-api-3.1.4.jar:/home/user/.m2/repository/com/fasterxml/woodstox/woodstox-core/5.0.3/woodstox-core-5.0.3.jar:/home/user/.m2/repository/dnsjava/dnsjava/2.1.7/dnsjava-2.1.7.jar:/home/user/.m2/repository/org/apache/hadoop/hadoop-hdfs/3.2.0/hadoop-hdfs-3.2.0.jar:/home/user/.m2/repository/org/eclipse/jetty/jetty-util-ajax/9.3.25.v20180904/jetty-util-ajax-9.3.25.v20180904.jar:/home/user/.m2/repository/commons-daemon/commons-daemon/1.0.13/commons-daemon-1.0.13.jar:/home/user/.m2/repository/io/netty/netty/3.10.5.Final/netty-3.10.5.Final.jar:/home/user/.m2/repository/io/netty/netty-all/4.0.52.Final/netty-all-4.0.52.Final.jar:/home/user/.m2/repository/org/fusesource/leveldbjni/leveldbjni-all/1.8/leveldbjni-all-1.8.jar:/home/user/.m2/repository/com/sun/xml/bind/jaxb-core/2.3.0.1/jaxb-core-2.3.0.1.jar:/home/user/.m2/repository/javax/xml/bind/jaxb-api/2.3.0/jaxb-api-2.3.0.jar:/home/user/.m2/repository/javax/activation/activation/1.1.1/activation-1.1.1.jar:/home/user/.m2/repository/org/openjdk/jmh/jmh-core/1.19/jmh-core-1.19.jar:/home/user/.m2/repository/net/sf/jopt-simple/jopt-simple/4.6/jopt-simple-4.6.jar:/home/user/.m2/repository/org/openjdk/jmh/jmh-generator-annprocess/1.19/jmh-generator-annprocess-1.19.jar:/home/user/.m2/repository/io/dropwizard/metrics/metrics-core/3.2.4/metrics-core-3.2.4.jar:/home/user/.m2/repository/com/amazonaws/aws-java-sdk-s3/1.11.615/aws-java-sdk-s3-1.11.615.jar:/home/user/.m2/repository/com/amazonaws/aws-java-sdk-kms/1.11.615/aws-java-sdk-kms-1.11.615.jar:/home/user/.m2/repository/com/amazonaws/aws-java-sdk-core/1.11.615/aws-java-sdk-core-1.11.615.jar:/home/user/.m2/repository/software/amazon/ion/ion-java/1.0.2/ion-java-1.0.2.jar:/home/user/.m2/repository/com/fasterxml/jackson/dataformat/jackson-dataformat-cbor/2.9.9/jackson-dataformat-cbor-2.9.9.jar:/home/user/.m2/repository/joda-time/joda-time/2.9.9/joda-time-2.9.9.jar:/home/user/.m2/repository/com/amazonaws/jmespath-java/1.11.615/jmespath-java-1.11.615.jar:/home/user/.m2/repository/com/github/spotbugs/spotbugs/3.1.12/spotbugs-3.1.12.jar:/home/user/.m2/repository/org/ow2/asm/asm/5.0.4/asm-5.0.4.jar:/home/user/.m2/repository/org/ow2/asm/asm-analysis/7.0/asm-analysis-7.0.jar:/home/user/.m2/repository/org/ow2/asm/asm-commons/7.0/asm-commons-7.0.jar:/home/user/.m2/repository/org/ow2/asm/asm-tree/7.0/asm-tree-7.0.jar:/home/user/.m2/repository/org/ow2/asm/asm-util/7.0/asm-util-7.0.jar:/home/user/.m2/repository/org/apache/bcel/bcel/6.3/bcel-6.3.jar:/home/user/.m2/repository/net/jcip/jcip-annotations/1.0/jcip-annotations-1.0.jar:/home/user/.m2/repository/org/dom4j/dom4j/2.1.1/dom4j-2.1.1.jar:/home/user/.m2/repository/jaxen/jaxen/1.1.6/jaxen-1.1.6.jar:/home/user/.m2/repository/commons-lang/commons-lang/2.6/commons-lang-2.6.jar:/home/user/.m2/repository/com/github/spotbugs/spotbugs-annotations/3.1.12/spotbugs-annotations-3.1.12.jar:/home/user/.m2/repository/junit/junit/4.11/junit-4.11.jar:/home/user/.m2/repository/org/hamcrest/hamcrest-core/1.3/hamcrest-core-1.3.jar:/home/user/.m2/repository/org/apache/hadoop/hadoop-common/3.2.0/hadoop-common-3.2.0-tests.jar:/workdir/hadoop-ozone/integration-test/target/test-classes:/home/user/.m2/repository/org/apache/hadoop/hadoop-ozone-s3gateway/0.5.0-SNAPSHOT/hadoop-ozone-s3gateway-0.5.0-SNAPSHOT.jar:/home/user/.m2/repository/org/jboss/weld/servlet/weld-servlet/2.4.7.Final/weld-servlet-2.4.7.Final.jar:/home/user/.m2/repository/org/glassfish/jersey/containers/jersey-container-servlet-core/2.27/jersey-container-servlet-core-2.27.jar:/home/user/.m2/repository/org/glassfish/hk2/external/javax.inject/2.5.0-b42/javax.inject-2.5.0-b42.jar:/home/user/.m2/repository/org/glassfish/jersey/core/jersey-common/2.27/jersey-common-2.27.jar:/home/user/.m2/repository/org/glassfish/hk2/osgi-resource-locator/1.0.1/osgi-resource-locator-1.0.1.jar:/home/user/.m2/repository/javax/ws/rs/javax.ws.rs-api/2.1/javax.ws.rs-api-2.1.jar:/home/user/.m2/repository/org/glassfish/jersey/ext/cdi/jersey-cdi1x/2.27/jersey-cdi1x-2.27.jar:/home/user/.m2/repository/org/glassfish/jersey/inject/jersey-hk2/2.27/jersey-hk2-2.27.jar:/home/user/.m2/repository/org/glassfish/hk2/hk2-locator/2.5.0-b42/hk2-locator-2.5.0-b42.jar:/home/user/.m2/repository/org/javassist/javassist/3.22.0-CR2/javassist-3.22.0-CR2.jar:/home/user/.m2/repository/org/glassfish/hk2/hk2-api/2.5.0/hk2-api-2.5.0.jar:/home/user/.m2/repository/org/glassfish/hk2/external/jakarta.inject/2.5.0/jakarta.inject-2.5.0.jar:/home/user/.m2/repository/org/glassfish/hk2/hk2-utils/2.5.0/hk2-utils-2.5.0.jar:/home/user/.m2/repository/jakarta/annotation/jakarta.annotation-api/1.3.4/jakarta.annotation-api-1.3.4.jar:/home/user/.m2/repository/org/glassfish/hk2/external/aopalliance-repackaged/2.5.0/aopalliance-repackaged-2.5.0.jar:/home/user/.m2/repository/com/fasterxml/jackson/dataformat/jackson-dataformat-xml/2.9.0/jackson-dataformat-xml-2.9.0.jar:/home/user/.m2/repository/com/fasterxml/jackson/module/jackson-module-jaxb-annotations/2.9.9/jackson-module-jaxb-annotations-2.9.9.jar:/home/user/.m2/repository/javax/enterprise/cdi-api/1.2/cdi-api-1.2.jar:/home/user/.m2/repository/javax/el/javax.el-api/3.0.0/javax.el-api-3.0.0.jar:/home/user/.m2/repository/javax/interceptor/javax.interceptor-api/1.2/javax.interceptor-api-1.2.jar:/home/user/.m2/repository/javax/inject/javax.inject/1/javax.inject-1.jar:/home/user/.m2/repository/org/apache/hadoop/hadoop-ozone-csi/0.5.0-SNAPSHOT/hadoop-ozone-csi-0.5.0-SNAPSHOT.jar:/home/user/.m2/repository/com/google/protobuf/protobuf-java-util/3.5.1/protobuf-java-util-3.5.1.jar:/home/user/.m2/repository/io/grpc/grpc-netty/1.17.1/grpc-netty-1.17.1.jar:/home/user/.m2/repository/io/grpc/grpc-core/1.17.1/grpc-core-1.17.1.jar:/home/user/.m2/repository/io/grpc/grpc-context/1.17.1/grpc-context-1.17.1.jar:/home/user/.m2/repository/com/google/errorprone/error_prone_annotations/2.2.0/error_prone_annotations-2.2.0.jar:/home/user/.m2/repository/org/codehaus/mojo/animal-sniffer-annotations/1.17/animal-sniffer-annotations-1.17.jar:/home/user/.m2/repository/io/opencensus/opencensus-api/0.17.0/opencensus-api-0.17.0.jar:/home/user/.m2/repository/io/opencensus/opencensus-contrib-grpc-metrics/0.17.0/opencensus-contrib-grpc-metrics-0.17.0.jar:/home/user/.m2/repository/io/netty/netty-codec-http2/4.1.30.Final/netty-codec-http2-4.1.30.Final.jar:/home/user/.m2/repository/io/netty/netty-codec-http/4.1.30.Final/netty-codec-http-4.1.30.Final.jar:/home/user/.m2/repository/io/netty/netty-codec/4.1.30.Final/netty-codec-4.1.30.Final.jar:/home/user/.m2/repository/io/netty/netty-handler/4.1.30.Final/netty-handler-4.1.30.Final.jar:/home/user/.m2/repository/io/netty/netty-handler-proxy/4.1.30.Final/netty-handler-proxy-4.1.30.Final.jar:/home/user/.m2/repository/io/netty/netty-codec-socks/4.1.30.Final/netty-codec-socks-4.1.30.Final.jar:/home/user/.m2/repository/io/netty/netty-transport-native-epoll/4.1.30.Final/netty-transport-native-epoll-4.1.30.Final.jar:/home/user/.m2/repository/io/netty/netty-common/4.1.30.Final/netty-common-4.1.30.Final.jar:/home/user/.m2/repository/io/netty/netty-buffer/4.1.30.Final/netty-buffer-4.1.30.Final.jar:/home/user/.m2/repository/io/netty/netty-transport/4.1.30.Final/netty-transport-4.1.30.Final.jar:/home/user/.m2/repository/io/netty/netty-resolver/4.1.30.Final/netty-resolver-4.1.30.Final.jar:/home/user/.m2/repository/io/netty/netty-transport-native-unix-common/4.1.30.Final/netty-transport-native-unix-common-4.1.30.Final.jar:/home/user/.m2/repository/io/grpc/grpc-protobuf/1.17.1/grpc-protobuf-1.17.1.jar:/home/user/.m2/repository/com/google/api/grpc/proto-google-common-protos/1.0.0/proto-google-common-protos-1.0.0.jar:/home/user/.m2/repository/io/grpc/grpc-protobuf-lite/1.17.1/grpc-protobuf-lite-1.17.1.jar:/home/user/.m2/repository/io/grpc/grpc-stub/1.17.1/grpc-stub-1.17.1.jar:/home/user/.m2/repository/org/apache/hadoop/hadoop-ozone-recon/0.5.0-SNAPSHOT/hadoop-ozone-recon-0.5.0-SNAPSHOT.jar:/home/user/.m2/repository/org/apache/hadoop/hadoop-ozone-reconcodegen/0.5.0-SNAPSHOT/hadoop-ozone-reconcodegen-0.5.0-SNAPSHOT.jar:/home/user/.m2/repository/com/google/inject/extensions/guice-multibindings/4.0/guice-multibindings-4.0.jar:/home/user/.m2/repository/com/google/inject/guice/4.0/guice-4.0.jar:/home/user/.m2/repository/aopalliance/aopalliance/1.0/aopalliance-1.0.jar:/home/user/.m2/repository/com/google/inject/extensions/guice-servlet/4.0/guice-servlet-4.0.jar:/home/user/.m2/repository/org/glassfish/jersey/containers/jersey-container-servlet/2.27/jersey-container-servlet-2.27.jar:/home/user/.m2/repository/org/glassfish/hk2/guice-bridge/2.5.0/guice-bridge-2.5.0.jar:/home/user/.m2/repository/org/glassfish/jersey/core/jersey-server/2.27/jersey-server-2.27.jar:/home/user/.m2/repository/org/glassfish/jersey/core/jersey-client/2.27/jersey-client-2.27.jar:/home/user/.m2/repository/org/glassfish/jersey/media/jersey-media-jaxb/2.27/jersey-media-jaxb-2.27.jar:/home/user/.m2/repository/javax/validation/validation-api/1.1.0.Final/validation-api-1.1.0.Final.jar:/home/user/.m2/repository/org/glassfish/jersey/media/jersey-media-json-jackson/2.27/jersey-media-json-jackson-2.27.jar:/home/user/.m2/repository/org/glassfish/jersey/ext/jersey-entity-filtering/2.27/jersey-entity-filtering-2.27.jar:/home/user/.m2/repository/com/google/inject/extensions/guice-assistedinject/4.0/guice-assistedinject-4.0.jar:/home/user/.m2/repository/org/jooq/jooq/3.11.10/jooq-3.11.10.jar:/home/user/.m2/repository/org/jooq/jooq-meta/3.11.10/jooq-meta-3.11.10.jar:/home/user/.m2/repository/org/jooq/jooq-codegen/3.11.10/jooq-codegen-3.11.10.jar:/home/user/.m2/repository/com/jolbox/bonecp/0.8.0.RELEASE/bonecp-0.8.0.RELEASE.jar:/home/user/.m2/repository/org/springframework/spring-jdbc/5.1.3.RELEASE/spring-jdbc-5.1.3.RELEASE.jar:/home/user/.m2/repository/org/springframework/spring-beans/5.1.3.RELEASE/spring-beans-5.1.3.RELEASE.jar:/home/user/.m2/repository/org/springframework/spring-core/5.1.3.RELEASE/spring-core-5.1.3.RELEASE.jar:/home/user/.m2/repository/org/springframework/spring-jcl/5.1.3.RELEASE/spring-jcl-5.1.3.RELEASE.jar:/home/user/.m2/repository/org/springframework/spring-tx/5.1.3.RELEASE/spring-tx-5.1.3.RELEASE.jar:/home/user/.m2/repository/org/mockito/mockito-core/2.15.0/mockito-core-2.15.0.jar:/home/user/.m2/repository/net/bytebuddy/byte-buddy/1.7.9/byte-buddy-1.7.9.jar:/home/user/.m2/repository/net/bytebuddy/byte-buddy-agent/1.7.9/byte-buddy-agent-1.7.9.jar:/home/user/.m2/repository/org/objenesis/objenesis/1.0/objenesis-1.0.jar:"/>
    <property name="java.vm.vendor" value="Oracle Corporation"/>
    <property name="sun.arch.data.model" value="64"/>
    <property name="test.build.dir" value="/workdir/hadoop-ozone/tools/target/test-dir"/>
    <property name="test.cache.data" value=""/>
    <property name="java.vendor.url" value="http://java.oracle.com/"/>
    <property name="user.timezone" value=""/>
    <property name="java.vm.specification.version" value="1.8"/>
    <property name="os.name" value="Linux"/>
    <property name="test.build.data" value="/workdir/hadoop-ozone/tools/target/test-dir"/>
    <property name="user.country" value="US"/>
    <property name="sun.java.launcher" value="SUN_STANDARD"/>
    <property name="sun.boot.library.path" value="/usr/lib/jvm/java-1.8.0-openjdk-1.8.0.222.b10-1.el7_7.x86_64/jre/lib/amd64"/>
    <property name="sun.java.command" value="/workdir/hadoop-ozone/tools/target/surefire/surefirebooter5090819352303547011.jar /workdir/hadoop-ozone/tools/target/surefire 2019-11-15T03-34-16_721-jvmRun1 surefire4968178162169044178tmp surefire_1027684283067514381487tmp"/>
    <property name="surefire.test.class.path" value="/workdir/hadoop-ozone/tools/target/test-classes:/workdir/hadoop-ozone/tools/target/classes:/home/user/.m2/repository/org/apache/hadoop/hadoop-ozone-ozone-manager/0.5.0-SNAPSHOT/hadoop-ozone-ozone-manager-0.5.0-SNAPSHOT.jar:/home/user/.m2/repository/org/apache/hadoop/hadoop-hdds-docs/0.5.0-SNAPSHOT/hadoop-hdds-docs-0.5.0-SNAPSHOT.jar:/home/user/.m2/repository/org/bouncycastle/bcprov-jdk15on/1.60/bcprov-jdk15on-1.60.jar:/home/user/.m2/repository/org/apache/hadoop/hadoop-ozone-common/0.5.0-SNAPSHOT/hadoop-ozone-common-0.5.0-SNAPSHOT.jar:/home/user/.m2/repository/org/apache/commons/commons-compress/1.4.1/commons-compress-1.4.1.jar:/home/user/.m2/repository/org/tukaani/xz/1.0/xz-1.0.jar:/home/user/.m2/repository/org/apache/hadoop/hadoop-hdfs-client/3.2.0/hadoop-hdfs-client-3.2.0.jar:/home/user/.m2/repository/com/fasterxml/jackson/core/jackson-annotations/2.9.9/jackson-annotations-2.9.9.jar:/home/user/.m2/repository/org/apache/hadoop/hadoop-hdds-common/0.5.0-SNAPSHOT/hadoop-hdds-common-0.5.0-SNAPSHOT.jar:/home/user/.m2/repository/org/apache/hadoop/hadoop-hdds-config/0.5.0-SNAPSHOT/hadoop-hdds-config-0.5.0-SNAPSHOT.jar:/home/user/.m2/repository/javax/annotation/javax.annotation-api/1.2/javax.annotation-api-1.2.jar:/home/user/.m2/repository/org/apache/ratis/ratis-server/0.5.0-d6d58d0-SNAPSHOT/ratis-server-0.5.0-d6d58d0-SNAPSHOT.jar:/home/user/.m2/repository/org/apache/ratis/ratis-thirdparty-misc/0.2.0/ratis-thirdparty-misc-0.2.0.jar:/home/user/.m2/repository/org/apache/ratis/ratis-proto/0.5.0-d6d58d0-SNAPSHOT/ratis-proto-0.5.0-d6d58d0-SNAPSHOT.jar:/home/user/.m2/repository/org/apache/ratis/ratis-common/0.5.0-d6d58d0-SNAPSHOT/ratis-common-0.5.0-d6d58d0-SNAPSHOT.jar:/home/user/.m2/repository/org/apache/ratis/ratis-client/0.5.0-d6d58d0-SNAPSHOT/ratis-client-0.5.0-d6d58d0-SNAPSHOT.jar:/home/user/.m2/repository/org/apache/ratis/ratis-metrics/0.5.0-d6d58d0-SNAPSHOT/ratis-metrics-0.5.0-d6d58d0-SNAPSHOT.jar:/home/user/.m2/repository/org/apache/ratis/ratis-netty/0.5.0-d6d58d0-SNAPSHOT/ratis-netty-0.5.0-d6d58d0-SNAPSHOT.jar:/home/user/.m2/repository/org/apache/ratis/ratis-grpc/0.5.0-d6d58d0-SNAPSHOT/ratis-grpc-0.5.0-d6d58d0-SNAPSHOT.jar:/home/user/.m2/repository/org/rocksdb/rocksdbjni/6.0.1/rocksdbjni-6.0.1.jar:/home/user/.m2/repository/org/apache/logging/log4j/log4j-api/2.11.0/log4j-api-2.11.0.jar:/home/user/.m2/repository/org/apache/logging/log4j/log4j-core/2.11.0/log4j-core-2.11.0.jar:/home/user/.m2/repository/com/lmax/disruptor/3.4.2/disruptor-3.4.2.jar:/home/user/.m2/repository/org/apache/commons/commons-pool2/2.6.0/commons-pool2-2.6.0.jar:/home/user/.m2/repository/org/bouncycastle/bcpkix-jdk15on/1.60/bcpkix-jdk15on-1.60.jar:/home/user/.m2/repository/commons-validator/commons-validator/1.6/commons-validator-1.6.jar:/home/user/.m2/repository/commons-digester/commons-digester/1.8.1/commons-digester-1.8.1.jar:/home/user/.m2/repository/io/jaegertracing/jaeger-client/0.34.0/jaeger-client-0.34.0.jar:/home/user/.m2/repository/io/jaegertracing/jaeger-thrift/0.34.0/jaeger-thrift-0.34.0.jar:/home/user/.m2/repository/org/apache/thrift/libthrift/0.12.0/libthrift-0.12.0.jar:/home/user/.m2/repository/com/squareup/okhttp3/okhttp/3.9.0/okhttp-3.9.0.jar:/home/user/.m2/repository/com/squareup/okio/okio/1.13.0/okio-1.13.0.jar:/home/user/.m2/repository/io/jaegertracing/jaeger-core/0.34.0/jaeger-core-0.34.0.jar:/home/user/.m2/repository/io/jaegertracing/jaeger-tracerresolver/0.34.0/jaeger-tracerresolver-0.34.0.jar:/home/user/.m2/repository/io/opentracing/contrib/opentracing-tracerresolver/0.1.5/opentracing-tracerresolver-0.1.5.jar:/home/user/.m2/repository/io/opentracing/opentracing-util/0.31.0/opentracing-util-0.31.0.jar:/home/user/.m2/repository/io/opentracing/opentracing-api/0.31.0/opentracing-api-0.31.0.jar:/home/user/.m2/repository/io/opentracing/opentracing-noop/0.31.0/opentracing-noop-0.31.0.jar:/home/user/.m2/repository/org/yaml/snakeyaml/1.16/snakeyaml-1.16.jar:/home/user/.m2/repository/org/apache/hadoop/hadoop-hdds-container-service/0.5.0-SNAPSHOT/hadoop-hdds-container-service-0.5.0-SNAPSHOT.jar:/home/user/.m2/repository/org/apache/hadoop/hadoop-hdds-client/0.5.0-SNAPSHOT/hadoop-hdds-client-0.5.0-SNAPSHOT.jar:/home/user/.m2/repository/org/apache/hadoop/hadoop-hdds-tools/0.5.0-SNAPSHOT/hadoop-hdds-tools-0.5.0-SNAPSHOT.jar:/home/user/.m2/repository/org/xerial/sqlite-jdbc/3.25.2/sqlite-jdbc-3.25.2.jar:/home/user/.m2/repository/org/apache/hadoop/hadoop-hdds-server-scm/0.5.0-SNAPSHOT/hadoop-hdds-server-scm-0.5.0-SNAPSHOT.jar:/home/user/.m2/repository/org/hamcrest/hamcrest-all/1.3/hamcrest-all-1.3.jar:/home/user/.m2/repository/info/picocli/picocli/3.9.6/picocli-3.9.6.jar:/home/user/.m2/repository/com/google/protobuf/protobuf-java/2.5.0/protobuf-java-2.5.0.jar:/home/user/.m2/repository/com/google/guava/guava/11.0.2/guava-11.0.2.jar:/home/user/.m2/repository/org/apache/hadoop/hadoop-ozone-client/0.5.0-SNAPSHOT/hadoop-ozone-client-0.5.0-SNAPSHOT.jar:/workdir/hadoop-ozone/ozonefs/target/classes:/home/user/.m2/repository/org/apache/httpcomponents/httpclient/4.5.2/httpclient-4.5.2.jar:/home/user/.m2/repository/org/apache/httpcomponents/httpcore/4.4.4/httpcore-4.4.4.jar:/home/user/.m2/repository/org/apache/hadoop/hadoop-hdds-server-framework/0.5.0-SNAPSHOT/hadoop-hdds-server-framework-0.5.0-SNAPSHOT.jar:/home/user/.m2/repository/org/apache/hadoop/hadoop-common/3.2.0/hadoop-common-3.2.0.jar:/home/user/.m2/repository/org/apache/hadoop/hadoop-annotations/3.2.0/hadoop-annotations-3.2.0.jar:/usr/lib/jvm/java-1.8.0-openjdk-1.8.0.222.b10-1.el7_7.x86_64/jre/../lib/tools.jar:/home/user/.m2/repository/commons-cli/commons-cli/1.2/commons-cli-1.2.jar:/home/user/.m2/repository/org/apache/commons/commons-math3/3.1.1/commons-math3-3.1.1.jar:/home/user/.m2/repository/commons-codec/commons-codec/1.11/commons-codec-1.11.jar:/home/user/.m2/repository/commons-io/commons-io/2.5/commons-io-2.5.jar:/home/user/.m2/repository/commons-net/commons-net/3.6/commons-net-3.6.jar:/home/user/.m2/repository/commons-collections/commons-collections/3.2.2/commons-collections-3.2.2.jar:/home/user/.m2/repository/javax/servlet/javax.servlet-api/3.1.0/javax.servlet-api-3.1.0.jar:/home/user/.m2/repository/org/eclipse/jetty/jetty-server/9.3.25.v20180904/jetty-server-9.3.25.v20180904.jar:/home/user/.m2/repository/org/eclipse/jetty/jetty-http/9.3.25.v20180904/jetty-http-9.3.25.v20180904.jar:/home/user/.m2/repository/org/eclipse/jetty/jetty-io/9.3.25.v20180904/jetty-io-9.3.25.v20180904.jar:/home/user/.m2/repository/org/eclipse/jetty/jetty-util/9.3.25.v20180904/jetty-util-9.3.25.v20180904.jar:/home/user/.m2/repository/org/eclipse/jetty/jetty-servlet/9.3.25.v20180904/jetty-servlet-9.3.25.v20180904.jar:/home/user/.m2/repository/org/eclipse/jetty/jetty-security/9.3.25.v20180904/jetty-security-9.3.25.v20180904.jar:/home/user/.m2/repository/org/eclipse/jetty/jetty-webapp/9.3.25.v20180904/jetty-webapp-9.3.25.v20180904.jar:/home/user/.m2/repository/org/eclipse/jetty/jetty-xml/9.3.25.v20180904/jetty-xml-9.3.25.v20180904.jar:/home/user/.m2/repository/javax/servlet/jsp/jsp-api/2.1/jsp-api-2.1.jar:/home/user/.m2/repository/com/sun/jersey/jersey-core/1.19/jersey-core-1.19.jar:/home/user/.m2/repository/javax/ws/rs/jsr311-api/1.1.1/jsr311-api-1.1.1.jar:/home/user/.m2/repository/com/sun/jersey/jersey-servlet/1.19/jersey-servlet-1.19.jar:/home/user/.m2/repository/com/sun/jersey/jersey-json/1.19/jersey-json-1.19.jar:/home/user/.m2/repository/org/codehaus/jettison/jettison/1.1/jettison-1.1.jar:/home/user/.m2/repository/com/sun/xml/bind/jaxb-impl/2.3.0.1/jaxb-impl-2.3.0.1.jar:/home/user/.m2/repository/org/codehaus/jackson/jackson-core-asl/1.9.13/jackson-core-asl-1.9.13.jar:/home/user/.m2/repository/org/codehaus/jackson/jackson-mapper-asl/1.9.13/jackson-mapper-asl-1.9.13.jar:/home/user/.m2/repository/org/codehaus/jackson/jackson-jaxrs/1.9.13/jackson-jaxrs-1.9.13.jar:/home/user/.m2/repository/org/codehaus/jackson/jackson-xc/1.9.13/jackson-xc-1.9.13.jar:/home/user/.m2/repository/com/sun/jersey/jersey-server/1.19/jersey-server-1.19.jar:/home/user/.m2/repository/commons-logging/commons-logging/1.1.3/commons-logging-1.1.3.jar:/home/user/.m2/repository/log4j/log4j/1.2.17/log4j-1.2.17.jar:/home/user/.m2/repository/commons-beanutils/commons-beanutils/1.9.4/commons-beanutils-1.9.4.jar:/home/user/.m2/repository/org/apache/commons/commons-configuration2/2.1.1/commons-configuration2-2.1.1.jar:/home/user/.m2/repository/org/apache/commons/commons-lang3/3.7/commons-lang3-3.7.jar:/home/user/.m2/repository/org/apache/commons/commons-text/1.4/commons-text-1.4.jar:/home/user/.m2/repository/org/slf4j/slf4j-api/1.7.25/slf4j-api-1.7.25.jar:/home/user/.m2/repository/org/slf4j/slf4j-log4j12/1.7.25/slf4j-log4j12-1.7.25.jar:/home/user/.m2/repository/org/apache/avro/avro/1.7.7/avro-1.7.7.jar:/home/user/.m2/repository/com/thoughtworks/paranamer/paranamer/2.3/paranamer-2.3.jar:/home/user/.m2/repository/org/xerial/snappy/snappy-java/1.0.5/snappy-java-1.0.5.jar:/home/user/.m2/repository/com/google/re2j/re2j/1.1/re2j-1.1.jar:/home/user/.m2/repository/com/google/code/gson/gson/2.2.4/gson-2.2.4.jar:/home/user/.m2/repository/org/apache/hadoop/hadoop-auth/3.2.0/hadoop-auth-3.2.0.jar:/home/user/.m2/repository/com/nimbusds/nimbus-jose-jwt/4.41.1/nimbus-jose-jwt-4.41.1.jar:/home/user/.m2/repository/com/github/stephenc/jcip/jcip-annotations/1.0-1/jcip-annotations-1.0-1.jar:/home/user/.m2/repository/net/minidev/json-smart/2.3/json-smart-2.3.jar:/home/user/.m2/repository/net/minidev/accessors-smart/1.2/accessors-smart-1.2.jar:/home/user/.m2/repository/org/apache/curator/curator-framework/2.12.0/curator-framework-2.12.0.jar:/home/user/.m2/repository/com/jcraft/jsch/0.1.54/jsch-0.1.54.jar:/home/user/.m2/repository/org/apache/curator/curator-client/2.12.0/curator-client-2.12.0.jar:/home/user/.m2/repository/org/apache/curator/curator-recipes/2.12.0/curator-recipes-2.12.0.jar:/home/user/.m2/repository/com/google/code/findbugs/jsr305/3.0.0/jsr305-3.0.0.jar:/home/user/.m2/repository/org/apache/htrace/htrace-core4/4.1.0-incubating/htrace-core4-4.1.0-incubating.jar:/home/user/.m2/repository/org/apache/zookeeper/zookeeper/3.4.13/zookeeper-3.4.13.jar:/home/user/.m2/repository/jline/jline/0.9.94/jline-0.9.94.jar:/home/user/.m2/repository/org/apache/yetus/audience-annotations/0.5.0/audience-annotations-0.5.0.jar:/home/user/.m2/repository/org/apache/kerby/kerb-simplekdc/1.0.1/kerb-simplekdc-1.0.1.jar:/home/user/.m2/repository/org/apache/kerby/kerb-client/1.0.1/kerb-client-1.0.1.jar:/home/user/.m2/repository/org/apache/kerby/kerby-config/1.0.1/kerby-config-1.0.1.jar:/home/user/.m2/repository/org/apache/kerby/kerb-core/1.0.1/kerb-core-1.0.1.jar:/home/user/.m2/repository/org/apache/kerby/kerby-pkix/1.0.1/kerby-pkix-1.0.1.jar:/home/user/.m2/repository/org/apache/kerby/kerby-asn1/1.0.1/kerby-asn1-1.0.1.jar:/home/user/.m2/repository/org/apache/kerby/kerby-util/1.0.1/kerby-util-1.0.1.jar:/home/user/.m2/repository/org/apache/kerby/kerb-common/1.0.1/kerb-common-1.0.1.jar:/home/user/.m2/repository/org/apache/kerby/kerb-crypto/1.0.1/kerb-crypto-1.0.1.jar:/home/user/.m2/repository/org/apache/kerby/kerb-util/1.0.1/kerb-util-1.0.1.jar:/home/user/.m2/repository/org/apache/kerby/token-provider/1.0.1/token-provider-1.0.1.jar:/home/user/.m2/repository/org/apache/kerby/kerb-admin/1.0.1/kerb-admin-1.0.1.jar:/home/user/.m2/repository/org/apache/kerby/kerb-server/1.0.1/kerb-server-1.0.1.jar:/home/user/.m2/repository/org/apache/kerby/kerb-identity/1.0.1/kerb-identity-1.0.1.jar:/home/user/.m2/repository/org/apache/kerby/kerby-xdr/1.0.1/kerby-xdr-1.0.1.jar:/home/user/.m2/repository/com/fasterxml/jackson/core/jackson-databind/2.9.9/jackson-databind-2.9.9.jar:/home/user/.m2/repository/com/fasterxml/jackson/core/jackson-core/2.9.9/jackson-core-2.9.9.jar:/home/user/.m2/repository/org/codehaus/woodstox/stax2-api/3.1.4/stax2-api-3.1.4.jar:/home/user/.m2/repository/com/fasterxml/woodstox/woodstox-core/5.0.3/woodstox-core-5.0.3.jar:/home/user/.m2/repository/dnsjava/dnsjava/2.1.7/dnsjava-2.1.7.jar:/home/user/.m2/repository/org/apache/hadoop/hadoop-hdfs/3.2.0/hadoop-hdfs-3.2.0.jar:/home/user/.m2/repository/org/eclipse/jetty/jetty-util-ajax/9.3.25.v20180904/jetty-util-ajax-9.3.25.v20180904.jar:/home/user/.m2/repository/commons-daemon/commons-daemon/1.0.13/commons-daemon-1.0.13.jar:/home/user/.m2/repository/io/netty/netty/3.10.5.Final/netty-3.10.5.Final.jar:/home/user/.m2/repository/io/netty/netty-all/4.0.52.Final/netty-all-4.0.52.Final.jar:/home/user/.m2/repository/org/fusesource/leveldbjni/leveldbjni-all/1.8/leveldbjni-all-1.8.jar:/home/user/.m2/repository/com/sun/xml/bind/jaxb-core/2.3.0.1/jaxb-core-2.3.0.1.jar:/home/user/.m2/repository/javax/xml/bind/jaxb-api/2.3.0/jaxb-api-2.3.0.jar:/home/user/.m2/repository/javax/activation/activation/1.1.1/activation-1.1.1.jar:/home/user/.m2/repository/org/openjdk/jmh/jmh-core/1.19/jmh-core-1.19.jar:/home/user/.m2/repository/net/sf/jopt-simple/jopt-simple/4.6/jopt-simple-4.6.jar:/home/user/.m2/repository/org/openjdk/jmh/jmh-generator-annprocess/1.19/jmh-generator-annprocess-1.19.jar:/home/user/.m2/repository/io/dropwizard/metrics/metrics-core/3.2.4/metrics-core-3.2.4.jar:/home/user/.m2/repository/com/amazonaws/aws-java-sdk-s3/1.11.615/aws-java-sdk-s3-1.11.615.jar:/home/user/.m2/repository/com/amazonaws/aws-java-sdk-kms/1.11.615/aws-java-sdk-kms-1.11.615.jar:/home/user/.m2/repository/com/amazonaws/aws-java-sdk-core/1.11.615/aws-java-sdk-core-1.11.615.jar:/home/user/.m2/repository/software/amazon/ion/ion-java/1.0.2/ion-java-1.0.2.jar:/home/user/.m2/repository/com/fasterxml/jackson/dataformat/jackson-dataformat-cbor/2.9.9/jackson-dataformat-cbor-2.9.9.jar:/home/user/.m2/repository/joda-time/joda-time/2.9.9/joda-time-2.9.9.jar:/home/user/.m2/repository/com/amazonaws/jmespath-java/1.11.615/jmespath-java-1.11.615.jar:/home/user/.m2/repository/com/github/spotbugs/spotbugs/3.1.12/spotbugs-3.1.12.jar:/home/user/.m2/repository/org/ow2/asm/asm/5.0.4/asm-5.0.4.jar:/home/user/.m2/repository/org/ow2/asm/asm-analysis/7.0/asm-analysis-7.0.jar:/home/user/.m2/repository/org/ow2/asm/asm-commons/7.0/asm-commons-7.0.jar:/home/user/.m2/repository/org/ow2/asm/asm-tree/7.0/asm-tree-7.0.jar:/home/user/.m2/repository/org/ow2/asm/asm-util/7.0/asm-util-7.0.jar:/home/user/.m2/repository/org/apache/bcel/bcel/6.3/bcel-6.3.jar:/home/user/.m2/repository/net/jcip/jcip-annotations/1.0/jcip-annotations-1.0.jar:/home/user/.m2/repository/org/dom4j/dom4j/2.1.1/dom4j-2.1.1.jar:/home/user/.m2/repository/jaxen/jaxen/1.1.6/jaxen-1.1.6.jar:/home/user/.m2/repository/commons-lang/commons-lang/2.6/commons-lang-2.6.jar:/home/user/.m2/repository/com/github/spotbugs/spotbugs-annotations/3.1.12/spotbugs-annotations-3.1.12.jar:/home/user/.m2/repository/junit/junit/4.11/junit-4.11.jar:/home/user/.m2/repository/org/hamcrest/hamcrest-core/1.3/hamcrest-core-1.3.jar:/home/user/.m2/repository/org/apache/hadoop/hadoop-common/3.2.0/hadoop-common-3.2.0-tests.jar:/workdir/hadoop-ozone/integration-test/target/test-classes:/home/user/.m2/repository/org/apache/hadoop/hadoop-ozone-s3gateway/0.5.0-SNAPSHOT/hadoop-ozone-s3gateway-0.5.0-SNAPSHOT.jar:/home/user/.m2/repository/org/jboss/weld/servlet/weld-servlet/2.4.7.Final/weld-servlet-2.4.7.Final.jar:/home/user/.m2/repository/org/glassfish/jersey/containers/jersey-container-servlet-core/2.27/jersey-container-servlet-core-2.27.jar:/home/user/.m2/repository/org/glassfish/hk2/external/javax.inject/2.5.0-b42/javax.inject-2.5.0-b42.jar:/home/user/.m2/repository/org/glassfish/jersey/core/jersey-common/2.27/jersey-common-2.27.jar:/home/user/.m2/repository/org/glassfish/hk2/osgi-resource-locator/1.0.1/osgi-resource-locator-1.0.1.jar:/home/user/.m2/repository/javax/ws/rs/javax.ws.rs-api/2.1/javax.ws.rs-api-2.1.jar:/home/user/.m2/repository/org/glassfish/jersey/ext/cdi/jersey-cdi1x/2.27/jersey-cdi1x-2.27.jar:/home/user/.m2/repository/org/glassfish/jersey/inject/jersey-hk2/2.27/jersey-hk2-2.27.jar:/home/user/.m2/repository/org/glassfish/hk2/hk2-locator/2.5.0-b42/hk2-locator-2.5.0-b42.jar:/home/user/.m2/repository/org/javassist/javassist/3.22.0-CR2/javassist-3.22.0-CR2.jar:/home/user/.m2/repository/org/glassfish/hk2/hk2-api/2.5.0/hk2-api-2.5.0.jar:/home/user/.m2/repository/org/glassfish/hk2/external/jakarta.inject/2.5.0/jakarta.inject-2.5.0.jar:/home/user/.m2/repository/org/glassfish/hk2/hk2-utils/2.5.0/hk2-utils-2.5.0.jar:/home/user/.m2/repository/jakarta/annotation/jakarta.annotation-api/1.3.4/jakarta.annotation-api-1.3.4.jar:/home/user/.m2/repository/org/glassfish/hk2/external/aopalliance-repackaged/2.5.0/aopalliance-repackaged-2.5.0.jar:/home/user/.m2/repository/com/fasterxml/jackson/dataformat/jackson-dataformat-xml/2.9.0/jackson-dataformat-xml-2.9.0.jar:/home/user/.m2/repository/com/fasterxml/jackson/module/jackson-module-jaxb-annotations/2.9.9/jackson-module-jaxb-annotations-2.9.9.jar:/home/user/.m2/repository/javax/enterprise/cdi-api/1.2/cdi-api-1.2.jar:/home/user/.m2/repository/javax/el/javax.el-api/3.0.0/javax.el-api-3.0.0.jar:/home/user/.m2/repository/javax/interceptor/javax.interceptor-api/1.2/javax.interceptor-api-1.2.jar:/home/user/.m2/repository/javax/inject/javax.inject/1/javax.inject-1.jar:/home/user/.m2/repository/org/apache/hadoop/hadoop-ozone-csi/0.5.0-SNAPSHOT/hadoop-ozone-csi-0.5.0-SNAPSHOT.jar:/home/user/.m2/repository/com/google/protobuf/protobuf-java-util/3.5.1/protobuf-java-util-3.5.1.jar:/home/user/.m2/repository/io/grpc/grpc-netty/1.17.1/grpc-netty-1.17.1.jar:/home/user/.m2/repository/io/grpc/grpc-core/1.17.1/grpc-core-1.17.1.jar:/home/user/.m2/repository/io/grpc/grpc-context/1.17.1/grpc-context-1.17.1.jar:/home/user/.m2/repository/com/google/errorprone/error_prone_annotations/2.2.0/error_prone_annotations-2.2.0.jar:/home/user/.m2/repository/org/codehaus/mojo/animal-sniffer-annotations/1.17/animal-sniffer-annotations-1.17.jar:/home/user/.m2/repository/io/opencensus/opencensus-api/0.17.0/opencensus-api-0.17.0.jar:/home/user/.m2/repository/io/opencensus/opencensus-contrib-grpc-metrics/0.17.0/opencensus-contrib-grpc-metrics-0.17.0.jar:/home/user/.m2/repository/io/netty/netty-codec-http2/4.1.30.Final/netty-codec-http2-4.1.30.Final.jar:/home/user/.m2/repository/io/netty/netty-codec-http/4.1.30.Final/netty-codec-http-4.1.30.Final.jar:/home/user/.m2/repository/io/netty/netty-codec/4.1.30.Final/netty-codec-4.1.30.Final.jar:/home/user/.m2/repository/io/netty/netty-handler/4.1.30.Final/netty-handler-4.1.30.Final.jar:/home/user/.m2/repository/io/netty/netty-handler-proxy/4.1.30.Final/netty-handler-proxy-4.1.30.Final.jar:/home/user/.m2/repository/io/netty/netty-codec-socks/4.1.30.Final/netty-codec-socks-4.1.30.Final.jar:/home/user/.m2/repository/io/netty/netty-transport-native-epoll/4.1.30.Final/netty-transport-native-epoll-4.1.30.Final.jar:/home/user/.m2/repository/io/netty/netty-common/4.1.30.Final/netty-common-4.1.30.Final.jar:/home/user/.m2/repository/io/netty/netty-buffer/4.1.30.Final/netty-buffer-4.1.30.Final.jar:/home/user/.m2/repository/io/netty/netty-transport/4.1.30.Final/netty-transport-4.1.30.Final.jar:/home/user/.m2/repository/io/netty/netty-resolver/4.1.30.Final/netty-resolver-4.1.30.Final.jar:/home/user/.m2/repository/io/netty/netty-transport-native-unix-common/4.1.30.Final/netty-transport-native-unix-common-4.1.30.Final.jar:/home/user/.m2/repository/io/grpc/grpc-protobuf/1.17.1/grpc-protobuf-1.17.1.jar:/home/user/.m2/repository/com/google/api/grpc/proto-google-common-protos/1.0.0/proto-google-common-protos-1.0.0.jar:/home/user/.m2/repository/io/grpc/grpc-protobuf-lite/1.17.1/grpc-protobuf-lite-1.17.1.jar:/home/user/.m2/repository/io/grpc/grpc-stub/1.17.1/grpc-stub-1.17.1.jar:/home/user/.m2/repository/org/apache/hadoop/hadoop-ozone-recon/0.5.0-SNAPSHOT/hadoop-ozone-recon-0.5.0-SNAPSHOT.jar:/home/user/.m2/repository/org/apache/hadoop/hadoop-ozone-reconcodegen/0.5.0-SNAPSHOT/hadoop-ozone-reconcodegen-0.5.0-SNAPSHOT.jar:/home/user/.m2/repository/com/google/inject/extensions/guice-multibindings/4.0/guice-multibindings-4.0.jar:/home/user/.m2/repository/com/google/inject/guice/4.0/guice-4.0.jar:/home/user/.m2/repository/aopalliance/aopalliance/1.0/aopalliance-1.0.jar:/home/user/.m2/repository/com/google/inject/extensions/guice-servlet/4.0/guice-servlet-4.0.jar:/home/user/.m2/repository/org/glassfish/jersey/containers/jersey-container-servlet/2.27/jersey-container-servlet-2.27.jar:/home/user/.m2/repository/org/glassfish/hk2/guice-bridge/2.5.0/guice-bridge-2.5.0.jar:/home/user/.m2/repository/org/glassfish/jersey/core/jersey-server/2.27/jersey-server-2.27.jar:/home/user/.m2/repository/org/glassfish/jersey/core/jersey-client/2.27/jersey-client-2.27.jar:/home/user/.m2/repository/org/glassfish/jersey/media/jersey-media-jaxb/2.27/jersey-media-jaxb-2.27.jar:/home/user/.m2/repository/javax/validation/validation-api/1.1.0.Final/validation-api-1.1.0.Final.jar:/home/user/.m2/repository/org/glassfish/jersey/media/jersey-media-json-jackson/2.27/jersey-media-json-jackson-2.27.jar:/home/user/.m2/repository/org/glassfish/jersey/ext/jersey-entity-filtering/2.27/jersey-entity-filtering-2.27.jar:/home/user/.m2/repository/com/google/inject/extensions/guice-assistedinject/4.0/guice-assistedinject-4.0.jar:/home/user/.m2/repository/org/jooq/jooq/3.11.10/jooq-3.11.10.jar:/home/user/.m2/repository/org/jooq/jooq-meta/3.11.10/jooq-meta-3.11.10.jar:/home/user/.m2/repository/org/jooq/jooq-codegen/3.11.10/jooq-codegen-3.11.10.jar:/home/user/.m2/repository/com/jolbox/bonecp/0.8.0.RELEASE/bonecp-0.8.0.RELEASE.jar:/home/user/.m2/repository/org/springframework/spring-jdbc/5.1.3.RELEASE/spring-jdbc-5.1.3.RELEASE.jar:/home/user/.m2/repository/org/springframework/spring-beans/5.1.3.RELEASE/spring-beans-5.1.3.RELEASE.jar:/home/user/.m2/repository/org/springframework/spring-core/5.1.3.RELEASE/spring-core-5.1.3.RELEASE.jar:/home/user/.m2/repository/org/springframework/spring-jcl/5.1.3.RELEASE/spring-jcl-5.1.3.RELEASE.jar:/home/user/.m2/repository/org/springframework/spring-tx/5.1.3.RELEASE/spring-tx-5.1.3.RELEASE.jar:/home/user/.m2/repository/org/mockito/mockito-core/2.15.0/mockito-core-2.15.0.jar:/home/user/.m2/repository/net/bytebuddy/byte-buddy/1.7.9/byte-buddy-1.7.9.jar:/home/user/.m2/repository/net/bytebuddy/byte-buddy-agent/1.7.9/byte-buddy-agent-1.7.9.jar:/home/user/.m2/repository/org/objenesis/objenesis/1.0/objenesis-1.0.jar:"/>
    <property name="sun.cpu.endian" value="little"/>
    <property name="user.home" value="/home/user"/>
    <property name="user.language" value="en"/>
    <property name="java.specification.vendor" value="Oracle Corporation"/>
    <property name="java.home" value="/usr/lib/jvm/java-1.8.0-openjdk-1.8.0.222.b10-1.el7_7.x86_64/jre"/>
    <property name="surefire.excludesFile" value="/tools/ozone-bad-unit-tests"/>
    <property name="java.security.krb5.conf" value="/workdir/hadoop-ozone/tools/target/test-classes/krb5.conf"/>
    <property name="basedir" value="/workdir/hadoop-ozone/tools"/>
    <property name="file.separator" value="/"/>
    <property name="line.separator" value="&#10;"/>
    <property name="java.vm.specification.vendor" value="Oracle Corporation"/>
    <property name="java.specification.name" value="Java Platform API Specification"/>
    <property name="java.awt.graphicsenv" value="sun.awt.X11GraphicsEnvironment"/>
    <property name="surefire.real.class.path" value="/workdir/hadoop-ozone/tools/target/surefire/surefirebooter5090819352303547011.jar"/>
    <property name="hadoop.log.dir" value="/workdir/hadoop-ozone/tools/target/log"/>
    <property name="sun.boot.class.path" value="/usr/lib/jvm/java-1.8.0-openjdk-1.8.0.222.b10-1.el7_7.x86_64/jre/lib/resources.jar:/usr/lib/jvm/java-1.8.0-openjdk-1.8.0.222.b10-1.el7_7.x86_64/jre/lib/rt.jar:/usr/lib/jvm/java-1.8.0-openjdk-1.8.0.222.b10-1.el7_7.x86_64/jre/lib/sunrsasign.jar:/usr/lib/jvm/java-1.8.0-openjdk-1.8.0.222.b10-1.el7_7.x86_64/jre/lib/jsse.jar:/usr/lib/jvm/java-1.8.0-openjdk-1.8.0.222.b10-1.el7_7.x86_64/jre/lib/jce.jar:/usr/lib/jvm/java-1.8.0-openjdk-1.8.0.222.b10-1.el7_7.x86_64/jre/lib/charsets.jar:/usr/lib/jvm/java-1.8.0-openjdk-1.8.0.222.b10-1.el7_7.x86_64/jre/lib/jfr.jar:/usr/lib/jvm/java-1.8.0-openjdk-1.8.0.222.b10-1.el7_7.x86_64/jre/classes"/>
    <property name="sun.management.compiler" value="HotSpot 64-Bit Tiered Compilers"/>
    <property name="java.runtime.version" value="1.8.0_222-b10"/>
    <property name="java.net.preferIPv4Stack" value="true"/>
    <property name="user.name" value="jenkins1000"/>
    <property name="path.separator" value=":"/>
    <property name="java.security.egd" value="file:///dev/urandom"/>
    <property name="os.version" value="3.10.0-957.12.2.el7.x86_64"/>
    <property name="java.endorsed.dirs" value="/usr/lib/jvm/java-1.8.0-openjdk-1.8.0.222.b10-1.el7_7.x86_64/jre/lib/endorsed"/>
    <property name="java.runtime.name" value="OpenJDK Runtime Environment"/>
    <property name="file.encoding" value="ANSI_X3.4-1968"/>
    <property name="java.vm.name" value="OpenJDK 64-Bit Server VM"/>
    <property name="test.build.webapps" value=""/>
    <property name="localRepository" value="/home/user/.m2/repository"/>
    <property name="java.vendor.url.bug" value="http://bugreport.sun.com/bugreport/"/>
    <property name="java.io.tmpdir" value="/tmp"/>
    <property name="require.test.libhadoop" value=""/>
    <property name="java.version" value="1.8.0_222"/>
    <property name="user.dir" value="/workdir/hadoop-ozone/tools"/>
    <property name="os.arch" value="amd64"/>
    <property name="java.vm.specification.name" value="Java Virtual Machine Specification"/>
    <property name="test.build.classes" value="/workdir/hadoop-ozone/tools/target/test-classes"/>
    <property name="java.awt.printerjob" value="sun.print.PSPrinterJob"/>
    <property name="sun.os.patch.level" value="unknown"/>
    <property name="hadoop.tmp.dir" value="/workdir/hadoop-ozone/tools/target/tmp"/>
    <property name="java.library.path" value="/usr/lib:/workdir/hadoop-ozone/tools/target/native/target/usr/local/lib:/workdir/hadoop-ozone/tools/../../hadoop-common-project/hadoop-common/target/native/target/usr/local/lib:/usr/java/packages/lib/amd64:/usr/lib64:/lib64:/lib:/usr/lib"/>
    <property name="java.vm.info" value="mixed mode"/>
    <property name="java.vendor" value="Oracle Corporation"/>
    <property name="java.vm.version" value="25.222-b10"/>
    <property name="java.ext.dirs" value="/usr/lib/jvm/java-1.8.0-openjdk-1.8.0.222.b10-1.el7_7.x86_64/jre/lib/ext:/usr/java/packages/lib/ext"/>
    <property name="sun.io.unicode.encoding" value="UnicodeLittle"/>
    <property name="java.class.version" value="52.0"/>
  </properties>
  <testcase name="testRestart" classname="org.apache.hadoop.ozone.freon.TestFreonWithPipelineDestroy" time="19.89">
    <error message="INTERNAL_ERROR org.apache.hadoop.ozone.om.exceptions.OMException: Allocated 0 blocks. Requested 5 blocks" type="java.lang.RuntimeException">java.lang.RuntimeException: INTERNAL_ERROR org.apache.hadoop.ozone.om.exceptions.OMException: Allocated 0 blocks. Requested 5 blocks
	at org.apache.hadoop.ozone.freon.RandomKeyGenerator.call(RandomKeyGenerator.java:341)
	at org.apache.hadoop.ozone.freon.TestFreonWithPipelineDestroy.startFreon(TestFreonWithPipelineDestroy.java:87)
	at org.apache.hadoop.ozone.freon.TestFreonWithPipelineDestroy.testRestart(TestFreonWithPipelineDestroy.java:74)
	at sun.reflect.NativeMethodAccessorImpl.invoke0(Native Method)
	at sun.reflect.NativeMethodAccessorImpl.invoke(NativeMethodAccessorImpl.java:62)
	at sun.reflect.DelegatingMethodAccessorImpl.invoke(DelegatingMethodAccessorImpl.java:43)
	at java.lang.reflect.Method.invoke(Method.java:498)
	at org.junit.runners.model.FrameworkMethod$1.runReflectiveCall(FrameworkMethod.java:47)
	at org.junit.internal.runners.model.ReflectiveCallable.run(ReflectiveCallable.java:12)
	at org.junit.runners.model.FrameworkMethod.invokeExplosively(FrameworkMethod.java:44)
	at org.junit.internal.runners.statements.InvokeMethod.evaluate(InvokeMethod.java:17)
	at org.junit.runners.ParentRunner.runLeaf(ParentRunner.java:271)
	at org.junit.runners.BlockJUnit4ClassRunner.runChild(BlockJUnit4ClassRunner.java:70)
	at org.junit.runners.BlockJUnit4ClassRunner.runChild(BlockJUnit4ClassRunner.java:50)
	at org.junit.runners.ParentRunner$3.run(ParentRunner.java:238)
	at org.junit.runners.ParentRunner$1.schedule(ParentRunner.java:63)
	at org.junit.runners.ParentRunner.runChildren(ParentRunner.java:236)
	at org.junit.runners.ParentRunner.access$000(ParentRunner.java:53)
	at org.junit.runners.ParentRunner$2.evaluate(ParentRunner.java:229)
	at org.junit.internal.runners.statements.RunBefores.evaluate(RunBefores.java:26)
	at org.junit.internal.runners.statements.RunAfters.evaluate(RunAfters.java:27)
	at org.junit.runners.ParentRunner.run(ParentRunner.java:309)
	at org.apache.maven.surefire.junit4.JUnit4Provider.execute(JUnit4Provider.java:365)
	at org.apache.maven.surefire.junit4.JUnit4Provider.executeWithRerun(JUnit4Provider.java:273)
	at org.apache.maven.surefire.junit4.JUnit4Provider.executeTestSet(JUnit4Provider.java:238)
	at org.apache.maven.surefire.junit4.JUnit4Provider.invoke(JUnit4Provider.java:159)
	at org.apache.maven.surefire.booter.ForkedBooter.invokeProviderInSameClassLoader(ForkedBooter.java:384)
	at org.apache.maven.surefire.booter.ForkedBooter.runSuitesInProcess(ForkedBooter.java:345)
	at org.apache.maven.surefire.booter.ForkedBooter.execute(ForkedBooter.java:126)
	at org.apache.maven.surefire.booter.ForkedBooter.main(ForkedBooter.java:418)
Caused by: INTERNAL_ERROR org.apache.hadoop.ozone.om.exceptions.OMException: Allocated 0 blocks. Requested 5 blocks
	at org.apache.hadoop.ozone.om.protocolPB.OzoneManagerProtocolClientSideTranslatorPB.handleError(OzoneManagerProtocolClientSideTranslatorPB.java:761)
	at org.apache.hadoop.ozone.om.protocolPB.OzoneManagerProtocolClientSideTranslatorPB.openKey(OzoneManagerProtocolClientSideTranslatorPB.java:752)
	at sun.reflect.NativeMethodAccessorImpl.invoke0(Native Method)
	at sun.reflect.NativeMethodAccessorImpl.invoke(NativeMethodAccessorImpl.java:62)
	at sun.reflect.DelegatingMethodAccessorImpl.invoke(DelegatingMethodAccessorImpl.java:43)
	at java.lang.reflect.Method.invoke(Method.java:498)
	at org.apache.hadoop.hdds.tracing.TraceAllMethod.invoke(TraceAllMethod.java:66)
	at com.sun.proxy.$Proxy37.openKey(Unknown Source)
	at org.apache.hadoop.ozone.client.rpc.RpcClient.createKey(RpcClient.java:633)
	at org.apache.hadoop.ozone.client.OzoneBucket.createKey(OzoneBucket.java:325)
	at org.apache.hadoop.ozone.freon.RandomKeyGenerator.createKey(RandomKeyGenerator.java:697)
	at org.apache.hadoop.ozone.freon.RandomKeyGenerator.access$1100(RandomKeyGenerator.java:88)
	at org.apache.hadoop.ozone.freon.RandomKeyGenerator$ObjectCreator.run(RandomKeyGenerator.java:615)
	at java.util.concurrent.Executors$RunnableAdapter.call(Executors.java:511)
	at java.util.concurrent.FutureTask.run(FutureTask.java:266)
	at java.util.concurrent.ThreadPoolExecutor.runWorker(ThreadPoolExecutor.java:1149)
	at java.util.concurrent.ThreadPoolExecutor$Worker.run(ThreadPoolExecutor.java:624)
	at java.lang.Thread.run(Thread.java:748)
</error>
    <system-out><![CDATA[2019-11-15 05:36:24,906 [main] WARN  server.ServerUtils (ServerUtils.java:getScmDbDir(145)) - ozone.scm.db.dirs is not configured. We recommend adding this setting. Falling back to ozone.metadata.dirs instead.
2019-11-15 05:36:25,037 [main] WARN  server.ServerUtils (ServerUtils.java:getScmDbDir(145)) - ozone.scm.db.dirs is not configured. We recommend adding this setting. Falling back to ozone.metadata.dirs instead.
2019-11-15 05:36:25,040 [main] WARN  server.ServerUtils (ServerUtils.java:getScmDbDir(145)) - ozone.scm.db.dirs is not configured. We recommend adding this setting. Falling back to ozone.metadata.dirs instead.
2019-11-15 05:36:25,081 [main] INFO  util.log (Log.java:initialized(192)) - Logging initialized @840ms
2019-11-15 05:36:25,209 [main] INFO  db.DBStoreBuilder (DBStoreBuilder.java:addTable(127)) - using custom profile for table: deletedBlocks
2019-11-15 05:36:25,209 [main] INFO  db.DBStoreBuilder (DBStoreBuilder.java:processTables(183)) - Using default column profile:DBProfile.DISK for Table:deletedBlocks
2019-11-15 05:36:25,210 [main] INFO  db.DBStoreBuilder (DBStoreBuilder.java:addTable(127)) - using custom profile for table: validCerts
2019-11-15 05:36:25,210 [main] INFO  db.DBStoreBuilder (DBStoreBuilder.java:processTables(183)) - Using default column profile:DBProfile.DISK for Table:validCerts
2019-11-15 05:36:25,211 [main] INFO  db.DBStoreBuilder (DBStoreBuilder.java:addTable(127)) - using custom profile for table: revokedCerts
2019-11-15 05:36:25,211 [main] INFO  db.DBStoreBuilder (DBStoreBuilder.java:processTables(183)) - Using default column profile:DBProfile.DISK for Table:revokedCerts
2019-11-15 05:36:25,226 [main] INFO  db.DBStoreBuilder (DBStoreBuilder.java:addTable(127)) - using custom profile for table: default
2019-11-15 05:36:25,226 [main] INFO  db.DBStoreBuilder (DBStoreBuilder.java:processTables(189)) - Using default column profile:DBProfile.DISK for Table:default
2019-11-15 05:36:25,227 [main] INFO  db.DBStoreBuilder (DBStoreBuilder.java:getDbProfile(220)) - Using default options. DBProfile.DISK
2019-11-15 05:36:25,631 [main] INFO  net.NodeSchemaLoader (NodeSchemaLoader.java:loadSchemaFromFile(125)) - Loading file from sun.misc.CompoundEnumeration@2b71e916
2019-11-15 05:36:25,634 [main] INFO  net.NodeSchemaLoader (NodeSchemaLoader.java:loadSchema(171)) - Loading network topology layer schema file
2019-11-15 05:36:25,696 [main] INFO  node.SCMNodeManager (SCMNodeManager.java:<init>(116)) - Entering startup safe mode.
2019-11-15 05:36:25,759 [main] INFO  algorithms.ContainerPlacementPolicyFactory (ContainerPlacementPolicyFactory.java:getPolicy(57)) - Create container placement policy of type org.apache.hadoop.hdds.scm.container.placement.algorithms.SCMContainerPlacementRandom
2019-11-15 05:36:25,772 [main] WARN  server.ServerUtils (ServerUtils.java:getScmDbDir(145)) - ozone.scm.db.dirs is not configured. We recommend adding this setting. Falling back to ozone.metadata.dirs instead.
2019-11-15 05:36:25,915 [main] INFO  pipeline.SCMPipelineManager (SCMPipelineManager.java:initializePipelineState(132)) - No pipeline exists in current db
2019-11-15 05:36:25,918 [main] WARN  server.ServerUtils (ServerUtils.java:getScmDbDir(145)) - ozone.scm.db.dirs is not configured. We recommend adding this setting. Falling back to ozone.metadata.dirs instead.
2019-11-15 05:36:26,094 [main] WARN  events.EventQueue (EventQueue.java:fireEvent(183)) - No event handler registered for event TypedEvent{payloadType=SafeModeStatus, name='SafeModeStatus'}
2019-11-15 05:36:26,463 [main] INFO  ipc.CallQueueManager (CallQueueManager.java:<init>(84)) - Using callQueue: class java.util.concurrent.LinkedBlockingQueue, queueCapacity: 2000, scheduler: class org.apache.hadoop.ipc.DefaultRpcScheduler, ipcBackoff: false.
2019-11-15 05:36:26,487 [Socket Reader #1 for port 33364] INFO  ipc.Server (Server.java:run(1074)) - Starting Socket Reader #1 for port 33364
2019-11-15 05:36:26,592 [main] INFO  ipc.CallQueueManager (CallQueueManager.java:<init>(84)) - Using callQueue: class java.util.concurrent.LinkedBlockingQueue, queueCapacity: 2000, scheduler: class org.apache.hadoop.ipc.DefaultRpcScheduler, ipcBackoff: false.
2019-11-15 05:36:26,593 [Socket Reader #1 for port 37651] INFO  ipc.Server (Server.java:run(1074)) - Starting Socket Reader #1 for port 37651
2019-11-15 05:36:26,600 [main] INFO  ipc.CallQueueManager (CallQueueManager.java:<init>(84)) - Using callQueue: class java.util.concurrent.LinkedBlockingQueue, queueCapacity: 2000, scheduler: class org.apache.hadoop.ipc.DefaultRpcScheduler, ipcBackoff: false.
2019-11-15 05:36:26,600 [Socket Reader #1 for port 38059] INFO  ipc.Server (Server.java:run(1074)) - Starting Socket Reader #1 for port 38059
2019-11-15 05:36:26,621 [main] INFO  hdfs.DFSUtil (DFSUtil.java:httpServerTemplateForNNAndJN(1641)) - Starting Web-server for scm at: http://0.0.0.0:0
2019-11-15 05:36:26,771 [main] INFO  server.AuthenticationFilter (AuthenticationFilter.java:constructSecretProvider(240)) - Unable to initialize FileSignerSecretProvider, falling back to use random secrets.
2019-11-15 05:36:26,786 [main] WARN  http.HttpRequestLog (HttpRequestLog.java:getRequestLog(97)) - Jetty request log can only be enabled using Log4j
2019-11-15 05:36:26,795 [main] INFO  http.HttpServer2 (HttpServer2.java:addGlobalFilter(975)) - Added global filter 'safety' (class=org.apache.hadoop.http.HttpServer2$QuotingInputFilter)
2019-11-15 05:36:26,797 [main] INFO  http.HttpServer2 (HttpServer2.java:addFilter(948)) - Added filter static_user_filter (class=org.apache.hadoop.http.lib.StaticUserWebFilter$StaticUserFilter) to context scm
2019-11-15 05:36:26,798 [main] INFO  http.HttpServer2 (HttpServer2.java:addFilter(958)) - Added filter static_user_filter (class=org.apache.hadoop.http.lib.StaticUserWebFilter$StaticUserFilter) to context logs
2019-11-15 05:36:26,798 [main] INFO  http.HttpServer2 (HttpServer2.java:addFilter(958)) - Added filter static_user_filter (class=org.apache.hadoop.http.lib.StaticUserWebFilter$StaticUserFilter) to context static
2019-11-15 05:36:26,823 [main] INFO  server.StorageContainerManager (StorageContainerManager.java:start(759)) - StorageContainerLocationProtocol RPC server is listening at /0.0.0.0:38059
2019-11-15 05:36:26,871 [main] WARN  impl.MetricsConfig (MetricsConfig.java:loadFirst(134)) - Cannot locate configuration: tried hadoop-metrics2-storagecontainermanager.properties,hadoop-metrics2.properties
2019-11-15 05:36:26,883 [main] INFO  impl.MetricsSystemImpl (MetricsSystemImpl.java:startTimer(374)) - Scheduled Metric snapshot period at 10 second(s).
2019-11-15 05:36:26,883 [main] INFO  impl.MetricsSystemImpl (MetricsSystemImpl.java:start(191)) - StorageContainerManager metrics system started
2019-11-15 05:36:27,108 [main] INFO  server.SCMClientProtocolServer (SCMClientProtocolServer.java:start(160)) - RPC server for Client  is listening at /0.0.0.0:38059
2019-11-15 05:36:27,109 [IPC Server listener on 38059] INFO  ipc.Server (Server.java:run(1153)) - IPC Server listener on 38059: starting
2019-11-15 05:36:27,109 [IPC Server Responder] INFO  ipc.Server (Server.java:run(1314)) - IPC Server Responder: starting
2019-11-15 05:36:27,112 [main] INFO  server.StorageContainerManager (StorageContainerManager.java:start(770)) - ScmBlockLocationProtocol RPC server is listening at /0.0.0.0:37651
2019-11-15 05:36:27,113 [main] INFO  server.SCMBlockProtocolServer (SCMBlockProtocolServer.java:start(146)) - RPC server for Block Protocol is listening at /0.0.0.0:37651
2019-11-15 05:36:27,113 [IPC Server Responder] INFO  ipc.Server (Server.java:run(1314)) - IPC Server Responder: starting
2019-11-15 05:36:27,113 [IPC Server listener on 37651] INFO  ipc.Server (Server.java:run(1153)) - IPC Server listener on 37651: starting
2019-11-15 05:36:27,115 [main] INFO  server.StorageContainerManager (StorageContainerManager.java:start(776)) - ScmDatanodeProtocl RPC server is listening at /0.0.0.0:33364
2019-11-15 05:36:27,115 [main] INFO  server.SCMDatanodeProtocolServer (SCMDatanodeProtocolServer.java:start(169)) - RPC server for DataNodes is listening at /0.0.0.0:33364
2019-11-15 05:36:27,116 [IPC Server Responder] INFO  ipc.Server (Server.java:run(1314)) - IPC Server Responder: starting
2019-11-15 05:36:27,116 [IPC Server listener on 33364] INFO  ipc.Server (Server.java:run(1153)) - IPC Server listener on 33364: starting
2019-11-15 05:36:27,120 [main] INFO  http.HttpServer2 (HttpServer2.java:bindListener(1191)) - Jetty bound to port 41849
2019-11-15 05:36:27,121 [main] INFO  server.Server (Server.java:doStart(351)) - jetty-9.3.25.v20180904, build timestamp: 2018-09-04T21:11:46Z, git hash: 3ce520221d0240229c862b122d2b06c12a625732
2019-11-15 05:36:27,154 [main] INFO  handler.ContextHandler (ContextHandler.java:doStart(781)) - Started o.e.j.s.ServletContextHandler@40dff0b7{/logs,file:///workdir/hadoop-ozone/tools/target/log,AVAILABLE}
2019-11-15 05:36:27,155 [main] INFO  handler.ContextHandler (ContextHandler.java:doStart(781)) - Started o.e.j.s.ServletContextHandler@2d36e77e{/static,jar:file:/home/user/.m2/repository/org/apache/hadoop/hadoop-hdds-server-scm/0.5.0-SNAPSHOT/hadoop-hdds-server-scm-0.5.0-SNAPSHOT.jar!/webapps/static,AVAILABLE}
2019-11-15 05:36:27,223 [main] INFO  handler.ContextHandler (ContextHandler.java:doStart(781)) - Started o.e.j.w.WebAppContext@10b892d5{/,file:///tmp/jetty-0.0.0.0-41849-scm-_-any-29184111870419727.dir/webapp/,AVAILABLE}{/scm}
2019-11-15 05:36:27,227 [main] INFO  server.AbstractConnector (AbstractConnector.java:doStart(278)) - Started ServerConnector@1b9ea3e3{HTTP/1.1,[http/1.1]}{0.0.0.0:41849}
2019-11-15 05:36:27,227 [main] INFO  server.Server (Server.java:doStart(419)) - Started @2987ms
2019-11-15 05:36:27,229 [main] INFO  impl.MetricsSinkAdapter (MetricsSinkAdapter.java:start(204)) - Sink prometheus started
2019-11-15 05:36:27,230 [main] INFO  impl.MetricsSystemImpl (MetricsSystemImpl.java:registerSink(301)) - Registered sink prometheus
2019-11-15 05:36:27,232 [main] INFO  server.BaseHttpServer (BaseHttpServer.java:updateConnectorAddress(215)) - HTTP server of SCM is listening at http://0.0.0.0:41849
2019-11-15 05:36:27,241 [org.apache.hadoop.util.JvmPauseMonitor$Monitor@34abdee4] INFO  util.JvmPauseMonitor (JvmPauseMonitor.java:run(188)) - Starting JVM pause monitor
2019-11-15 05:36:27,245 [main] WARN  server.ServerUtils (ServerUtils.java:getDBPath(222)) - ozone.om.db.dirs is not configured. We recommend adding this setting. Falling back to ozone.metadata.dirs instead.
2019-11-15 05:36:27,353 [main] INFO  ha.OMHANodeDetails (OMHANodeDetails.java:loadOMHAConfig(190)) - Configuration either no ozone.om.address set. Falling back to the default OM address /127.0.0.1:0
2019-11-15 05:36:27,354 [main] INFO  ha.OMHANodeDetails (OMHANodeDetails.java:getOMNodeDetails(220)) - OM Service ID is not set. Setting it to the default ID: omServiceIdDefault
2019-11-15 05:36:27,355 [main] WARN  server.ServerUtils (ServerUtils.java:getDBPath(222)) - ozone.om.db.dirs is not configured. We recommend adding this setting. Falling back to ozone.metadata.dirs instead.
2019-11-15 05:36:27,356 [main] WARN  server.ServerUtils (ServerUtils.java:getDBPath(222)) - ozone.om.db.dirs is not configured. We recommend adding this setting. Falling back to ozone.metadata.dirs instead.
2019-11-15 05:36:27,975 [main] WARN  server.ServerUtils (ServerUtils.java:getDBPath(222)) - ozone.om.db.dirs is not configured. We recommend adding this setting. Falling back to ozone.metadata.dirs instead.
2019-11-15 05:36:27,984 [main] INFO  db.DBStoreBuilder (DBStoreBuilder.java:addTable(127)) - using custom profile for table: userTable
2019-11-15 05:36:27,984 [main] INFO  db.DBStoreBuilder (DBStoreBuilder.java:processTables(183)) - Using default column profile:DBProfile.DISK for Table:userTable
2019-11-15 05:36:27,985 [main] INFO  db.DBStoreBuilder (DBStoreBuilder.java:addTable(127)) - using custom profile for table: volumeTable
2019-11-15 05:36:27,985 [main] INFO  db.DBStoreBuilder (DBStoreBuilder.java:processTables(183)) - Using default column profile:DBProfile.DISK for Table:volumeTable
2019-11-15 05:36:27,985 [main] INFO  db.DBStoreBuilder (DBStoreBuilder.java:addTable(127)) - using custom profile for table: bucketTable
2019-11-15 05:36:27,985 [main] INFO  db.DBStoreBuilder (DBStoreBuilder.java:processTables(183)) - Using default column profile:DBProfile.DISK for Table:bucketTable
2019-11-15 05:36:27,986 [main] INFO  db.DBStoreBuilder (DBStoreBuilder.java:addTable(127)) - using custom profile for table: keyTable
2019-11-15 05:36:27,986 [main] INFO  db.DBStoreBuilder (DBStoreBuilder.java:processTables(183)) - Using default column profile:DBProfile.DISK for Table:keyTable
2019-11-15 05:36:27,986 [main] INFO  db.DBStoreBuilder (DBStoreBuilder.java:addTable(127)) - using custom profile for table: deletedTable
2019-11-15 05:36:27,986 [main] INFO  db.DBStoreBuilder (DBStoreBuilder.java:processTables(183)) - Using default column profile:DBProfile.DISK for Table:deletedTable
2019-11-15 05:36:27,987 [main] INFO  db.DBStoreBuilder (DBStoreBuilder.java:addTable(127)) - using custom profile for table: openKeyTable
2019-11-15 05:36:27,987 [main] INFO  db.DBStoreBuilder (DBStoreBuilder.java:processTables(183)) - Using default column profile:DBProfile.DISK for Table:openKeyTable
2019-11-15 05:36:27,987 [main] INFO  db.DBStoreBuilder (DBStoreBuilder.java:addTable(127)) - using custom profile for table: s3Table
2019-11-15 05:36:27,987 [main] INFO  db.DBStoreBuilder (DBStoreBuilder.java:processTables(183)) - Using default column profile:DBProfile.DISK for Table:s3Table
2019-11-15 05:36:27,988 [main] INFO  db.DBStoreBuilder (DBStoreBuilder.java:addTable(127)) - using custom profile for table: multipartInfoTable
2019-11-15 05:36:27,988 [main] INFO  db.DBStoreBuilder (DBStoreBuilder.java:processTables(183)) - Using default column profile:DBProfile.DISK for Table:multipartInfoTable
2019-11-15 05:36:27,988 [main] INFO  db.DBStoreBuilder (DBStoreBuilder.java:addTable(127)) - using custom profile for table: dTokenTable
2019-11-15 05:36:27,988 [main] INFO  db.DBStoreBuilder (DBStoreBuilder.java:processTables(183)) - Using default column profile:DBProfile.DISK for Table:dTokenTable
2019-11-15 05:36:27,989 [main] INFO  db.DBStoreBuilder (DBStoreBuilder.java:addTable(127)) - using custom profile for table: s3SecretTable
2019-11-15 05:36:27,989 [main] INFO  db.DBStoreBuilder (DBStoreBuilder.java:processTables(183)) - Using default column profile:DBProfile.DISK for Table:s3SecretTable
2019-11-15 05:36:27,989 [main] INFO  db.DBStoreBuilder (DBStoreBuilder.java:addTable(127)) - using custom profile for table: prefixTable
2019-11-15 05:36:27,989 [main] INFO  db.DBStoreBuilder (DBStoreBuilder.java:processTables(183)) - Using default column profile:DBProfile.DISK for Table:prefixTable
2019-11-15 05:36:27,990 [main] INFO  db.DBStoreBuilder (DBStoreBuilder.java:addTable(127)) - using custom profile for table: default
2019-11-15 05:36:27,990 [main] INFO  db.DBStoreBuilder (DBStoreBuilder.java:processTables(189)) - Using default column profile:DBProfile.DISK for Table:default
2019-11-15 05:36:27,990 [main] INFO  db.DBStoreBuilder (DBStoreBuilder.java:getDbProfile(220)) - Using default options. DBProfile.DISK
2019-11-15 05:36:28,921 [main] INFO  ipc.CallQueueManager (CallQueueManager.java:<init>(84)) - Using callQueue: class java.util.concurrent.LinkedBlockingQueue, queueCapacity: 2000, scheduler: class org.apache.hadoop.ipc.DefaultRpcScheduler, ipcBackoff: false.
2019-11-15 05:36:28,922 [Socket Reader #1 for port 35954] INFO  ipc.Server (Server.java:run(1074)) - Starting Socket Reader #1 for port 35954
2019-11-15 05:36:28,949 [main] INFO  om.OzoneManager (OzoneManager.java:start(1077)) - OzoneManager RPC server is listening at localhost/127.0.0.1:35954
2019-11-15 05:36:28,949 [main] INFO  impl.MetricsSystemImpl (MetricsSystemImpl.java:init(158)) - OzoneManager metrics system started (again)
2019-11-15 05:36:28,957 [IPC Server Responder] INFO  ipc.Server (Server.java:run(1314)) - IPC Server Responder: starting
2019-11-15 05:36:28,957 [IPC Server listener on 35954] INFO  ipc.Server (Server.java:run(1153)) - IPC Server listener on 35954: starting
2019-11-15 05:36:28,964 [main] INFO  hdfs.DFSUtil (DFSUtil.java:httpServerTemplateForNNAndJN(1641)) - Starting Web-server for ozoneManager at: http://0.0.0.0:0
2019-11-15 05:36:28,967 [main] INFO  server.AuthenticationFilter (AuthenticationFilter.java:constructSecretProvider(240)) - Unable to initialize FileSignerSecretProvider, falling back to use random secrets.
2019-11-15 05:36:28,967 [main] WARN  http.HttpRequestLog (HttpRequestLog.java:getRequestLog(97)) - Jetty request log can only be enabled using Log4j
2019-11-15 05:36:28,970 [main] INFO  http.HttpServer2 (HttpServer2.java:addGlobalFilter(975)) - Added global filter 'safety' (class=org.apache.hadoop.http.HttpServer2$QuotingInputFilter)
2019-11-15 05:36:28,972 [main] INFO  http.HttpServer2 (HttpServer2.java:addFilter(948)) - Added filter static_user_filter (class=org.apache.hadoop.http.lib.StaticUserWebFilter$StaticUserFilter) to context ozoneManager
2019-11-15 05:36:28,972 [main] INFO  http.HttpServer2 (HttpServer2.java:addFilter(958)) - Added filter static_user_filter (class=org.apache.hadoop.http.lib.StaticUserWebFilter$StaticUserFilter) to context logs
2019-11-15 05:36:28,972 [main] INFO  http.HttpServer2 (HttpServer2.java:addFilter(958)) - Added filter static_user_filter (class=org.apache.hadoop.http.lib.StaticUserWebFilter$StaticUserFilter) to context static
2019-11-15 05:36:28,975 [main] INFO  http.HttpServer2 (HttpServer2.java:bindListener(1191)) - Jetty bound to port 43958
2019-11-15 05:36:28,976 [main] INFO  server.Server (Server.java:doStart(351)) - jetty-9.3.25.v20180904, build timestamp: 2018-09-04T21:11:46Z, git hash: 3ce520221d0240229c862b122d2b06c12a625732
2019-11-15 05:36:28,978 [main] INFO  handler.ContextHandler (ContextHandler.java:doStart(781)) - Started o.e.j.s.ServletContextHandler@4c0884e8{/logs,file:///workdir/hadoop-ozone/tools/target/log,AVAILABLE}
2019-11-15 05:36:28,979 [main] INFO  handler.ContextHandler (ContextHandler.java:doStart(781)) - Started o.e.j.s.ServletContextHandler@11841b15{/static,jar:file:/home/user/.m2/repository/org/apache/hadoop/hadoop-ozone-ozone-manager/0.5.0-SNAPSHOT/hadoop-ozone-ozone-manager-0.5.0-SNAPSHOT.jar!/webapps/static,AVAILABLE}
2019-11-15 05:36:29,044 [main] INFO  handler.ContextHandler (ContextHandler.java:doStart(781)) - Started o.e.j.w.WebAppContext@52fc5eb1{/,file:///tmp/jetty-0.0.0.0-43958-ozoneManager-_-any-1027616578089995318.dir/webapp/,AVAILABLE}{/ozoneManager}
2019-11-15 05:36:29,045 [main] INFO  server.AbstractConnector (AbstractConnector.java:doStart(278)) - Started ServerConnector@7a639ec5{HTTP/1.1,[http/1.1]}{0.0.0.0:43958}
2019-11-15 05:36:29,045 [main] INFO  server.Server (Server.java:doStart(419)) - Started @4805ms
2019-11-15 05:36:29,045 [main] WARN  impl.MetricsSystemImpl (MetricsSystemImpl.java:register(276)) - Sink prometheus already exists!
2019-11-15 05:36:29,047 [main] INFO  server.BaseHttpServer (BaseHttpServer.java:updateConnectorAddress(215)) - HTTP server of OZONEMANAGER is listening at http://0.0.0.0:43958
2019-11-15 05:36:29,328 [main] INFO  impl.MetricsSystemImpl (MetricsSystemImpl.java:init(158)) - HddsDatanode metrics system started (again)
2019-11-15 05:36:29,376 [main] INFO  ozone.HddsDatanodeService (HddsDatanodeService.java:start(186)) - HddsDatanodeService host:pr-hdds-2498-sbs7n-842119931 ip:192.168.69.70
2019-11-15 05:36:29,409 [main] INFO  volume.HddsVolume (HddsVolume.java:<init>(176)) - Creating Volume: /workdir/hadoop-ozone/tools/target/test-dir/MiniOzoneClusterImpl-52992b3b-5a88-4474-8d71-6c2c95d3246e/datanode-0/data/containers/hdds of  storage type : DISK and capacity : 1482555576320
2019-11-15 05:36:29,412 [main] INFO  volume.VolumeSet (VolumeSet.java:initializeVolumeSet(170)) - Added Volume : /workdir/hadoop-ozone/tools/target/test-dir/MiniOzoneClusterImpl-52992b3b-5a88-4474-8d71-6c2c95d3246e/datanode-0/data/containers/hdds to VolumeSet
2019-11-15 05:36:29,415 [main] INFO  volume.ThrottledAsyncChecker (ThrottledAsyncChecker.java:schedule(141)) - Scheduling a check for /workdir/hadoop-ozone/tools/target/test-dir/MiniOzoneClusterImpl-52992b3b-5a88-4474-8d71-6c2c95d3246e/datanode-0/data/containers/hdds
2019-11-15 05:36:29,435 [main] INFO  volume.HddsVolumeChecker (HddsVolumeChecker.java:checkAllVolumes(204)) - Scheduled health check for volume /workdir/hadoop-ozone/tools/target/test-dir/MiniOzoneClusterImpl-52992b3b-5a88-4474-8d71-6c2c95d3246e/datanode-0/data/containers/hdds
2019-11-15 05:36:29,566 [main] INFO  impl.RaftServerProxy (ConfUtils.java:logGet(43)) - raft.rpc.type = GRPC (default)
2019-11-15 05:36:29,632 [main] INFO  grpc.GrpcFactory (GrpcFactory.java:checkPooledByteBufAllocatorUseCacheForAllThreads(45)) - PERFORMANCE WARNING: useCacheForAllThreads is true that may cause Netty to create a lot garbage objects and, as a result, trigger GC.
	It is recommended to disable useCacheForAllThreads by setting -Dorg.apache.ratis.thirdparty.io.netty.allocator.useCacheForAllThreads=false in command line.
2019-11-15 05:36:29,638 [main] INFO  grpc.GrpcConfigKeys$Server (ConfUtils.java:logGet(43)) - raft.grpc.server.port = 0 (default)
2019-11-15 05:36:29,639 [main] INFO  server.GrpcService (ConfUtils.java:logGet(43)) - raft.grpc.message.size.max = 33570816 (custom)
2019-11-15 05:36:29,640 [main] INFO  server.RaftServerConfigKeys (ConfUtils.java:logGet(43)) - raft.server.log.appender.buffer.byte-limit = 33554432 (custom)
2019-11-15 05:36:29,641 [main] INFO  server.GrpcService (ConfUtils.java:logGet(43)) - raft.grpc.flow.control.window = 1MB (=1048576) (default)
2019-11-15 05:36:29,642 [main] INFO  server.RaftServerConfigKeys (ConfUtils.java:logGet(43)) - raft.server.rpc.request.timeout = 3000ms (default)
2019-11-15 05:36:29,818 [main] INFO  server.RaftServerConfigKeys (ConfUtils.java:logGet(43)) - raft.server.storage.dir = [/workdir/hadoop-ozone/tools/target/test-dir/MiniOzoneClusterImpl-52992b3b-5a88-4474-8d71-6c2c95d3246e/datanode-0/data/ratis] (custom)
2019-11-15 05:36:29,877 [main] INFO  hdfs.DFSUtil (DFSUtil.java:httpServerTemplateForNNAndJN(1641)) - Starting Web-server for hddsDatanode at: http://0.0.0.0:0
2019-11-15 05:36:29,880 [main] INFO  server.AuthenticationFilter (AuthenticationFilter.java:constructSecretProvider(240)) - Unable to initialize FileSignerSecretProvider, falling back to use random secrets.
2019-11-15 05:36:29,881 [main] WARN  http.HttpRequestLog (HttpRequestLog.java:getRequestLog(97)) - Jetty request log can only be enabled using Log4j
2019-11-15 05:36:29,883 [main] INFO  http.HttpServer2 (HttpServer2.java:addGlobalFilter(975)) - Added global filter 'safety' (class=org.apache.hadoop.http.HttpServer2$QuotingInputFilter)
2019-11-15 05:36:29,885 [main] INFO  http.HttpServer2 (HttpServer2.java:addFilter(948)) - Added filter static_user_filter (class=org.apache.hadoop.http.lib.StaticUserWebFilter$StaticUserFilter) to context hddsDatanode
2019-11-15 05:36:29,885 [main] INFO  http.HttpServer2 (HttpServer2.java:addFilter(958)) - Added filter static_user_filter (class=org.apache.hadoop.http.lib.StaticUserWebFilter$StaticUserFilter) to context logs
2019-11-15 05:36:29,885 [main] INFO  http.HttpServer2 (HttpServer2.java:addFilter(958)) - Added filter static_user_filter (class=org.apache.hadoop.http.lib.StaticUserWebFilter$StaticUserFilter) to context static
2019-11-15 05:36:29,887 [main] INFO  http.HttpServer2 (HttpServer2.java:bindListener(1191)) - Jetty bound to port 46334
2019-11-15 05:36:29,887 [main] INFO  server.Server (Server.java:doStart(351)) - jetty-9.3.25.v20180904, build timestamp: 2018-09-04T21:11:46Z, git hash: 3ce520221d0240229c862b122d2b06c12a625732
2019-11-15 05:36:29,891 [main] INFO  handler.ContextHandler (ContextHandler.java:doStart(781)) - Started o.e.j.s.ServletContextHandler@25d93198{/logs,file:///workdir/hadoop-ozone/tools/target/log,AVAILABLE}
2019-11-15 05:36:29,892 [main] INFO  handler.ContextHandler (ContextHandler.java:doStart(781)) - Started o.e.j.s.ServletContextHandler@f951a7f{/static,jar:file:/home/user/.m2/repository/org/apache/hadoop/hadoop-hdds-container-service/0.5.0-SNAPSHOT/hadoop-hdds-container-service-0.5.0-SNAPSHOT.jar!/webapps/static,AVAILABLE}
2019-11-15 05:36:29,944 [main] INFO  handler.ContextHandler (ContextHandler.java:doStart(781)) - Started o.e.j.w.WebAppContext@1292071f{/,file:///tmp/jetty-0.0.0.0-46334-hddsDatanode-_-any-1438920996702796285.dir/webapp/,AVAILABLE}{/hddsDatanode}
2019-11-15 05:36:29,945 [main] INFO  server.AbstractConnector (AbstractConnector.java:doStart(278)) - Started ServerConnector@35d5ac51{HTTP/1.1,[http/1.1]}{0.0.0.0:46334}
2019-11-15 05:36:29,946 [main] INFO  server.Server (Server.java:doStart(419)) - Started @5706ms
2019-11-15 05:36:29,947 [main] WARN  impl.MetricsSystemImpl (MetricsSystemImpl.java:register(276)) - Sink prometheus already exists!
2019-11-15 05:36:29,949 [main] INFO  server.BaseHttpServer (BaseHttpServer.java:updateConnectorAddress(215)) - HTTP server of HDDSDATANODE is listening at http://0.0.0.0:46334
2019-11-15 05:36:29,950 [main] INFO  impl.MetricsSystemImpl (MetricsSystemImpl.java:init(158)) - HddsDatanode metrics system started (again)
2019-11-15 05:36:29,955 [main] INFO  ozone.HddsDatanodeService (HddsDatanodeService.java:start(186)) - HddsDatanodeService host:pr-hdds-2498-sbs7n-842119931 ip:192.168.69.70
2019-11-15 05:36:29,957 [org.apache.hadoop.util.JvmPauseMonitor$Monitor@8350398] INFO  util.JvmPauseMonitor (JvmPauseMonitor.java:run(188)) - Starting JVM pause monitor
2019-11-15 05:36:29,967 [main] INFO  volume.HddsVolume (HddsVolume.java:<init>(176)) - Creating Volume: /workdir/hadoop-ozone/tools/target/test-dir/MiniOzoneClusterImpl-52992b3b-5a88-4474-8d71-6c2c95d3246e/datanode-1/data/containers/hdds of  storage type : DISK and capacity : 1482555576320
2019-11-15 05:36:29,968 [main] INFO  volume.VolumeSet (VolumeSet.java:initializeVolumeSet(170)) - Added Volume : /workdir/hadoop-ozone/tools/target/test-dir/MiniOzoneClusterImpl-52992b3b-5a88-4474-8d71-6c2c95d3246e/datanode-1/data/containers/hdds to VolumeSet
2019-11-15 05:36:29,968 [main] INFO  volume.ThrottledAsyncChecker (ThrottledAsyncChecker.java:schedule(141)) - Scheduling a check for /workdir/hadoop-ozone/tools/target/test-dir/MiniOzoneClusterImpl-52992b3b-5a88-4474-8d71-6c2c95d3246e/datanode-1/data/containers/hdds
2019-11-15 05:36:29,969 [main] INFO  volume.HddsVolumeChecker (HddsVolumeChecker.java:checkAllVolumes(204)) - Scheduled health check for volume /workdir/hadoop-ozone/tools/target/test-dir/MiniOzoneClusterImpl-52992b3b-5a88-4474-8d71-6c2c95d3246e/datanode-1/data/containers/hdds
2019-11-15 05:36:29,992 [main] INFO  impl.RaftServerProxy (ConfUtils.java:logGet(43)) - raft.rpc.type = GRPC (default)
2019-11-15 05:36:29,993 [main] INFO  grpc.GrpcFactory (GrpcFactory.java:checkPooledByteBufAllocatorUseCacheForAllThreads(45)) - PERFORMANCE WARNING: useCacheForAllThreads is true that may cause Netty to create a lot garbage objects and, as a result, trigger GC.
	It is recommended to disable useCacheForAllThreads by setting -Dorg.apache.ratis.thirdparty.io.netty.allocator.useCacheForAllThreads=false in command line.
2019-11-15 05:36:29,993 [main] INFO  grpc.GrpcConfigKeys$Server (ConfUtils.java:logGet(43)) - raft.grpc.server.port = 0 (default)
2019-11-15 05:36:29,994 [main] INFO  server.GrpcService (ConfUtils.java:logGet(43)) - raft.grpc.message.size.max = 33570816 (custom)
2019-11-15 05:36:29,994 [main] INFO  server.RaftServerConfigKeys (ConfUtils.java:logGet(43)) - raft.server.log.appender.buffer.byte-limit = 33554432 (custom)
2019-11-15 05:36:29,994 [main] INFO  server.GrpcService (ConfUtils.java:logGet(43)) - raft.grpc.flow.control.window = 1MB (=1048576) (default)
2019-11-15 05:36:29,995 [main] INFO  server.RaftServerConfigKeys (ConfUtils.java:logGet(43)) - raft.server.rpc.request.timeout = 3000ms (default)
2019-11-15 05:36:29,997 [main] INFO  server.RaftServerConfigKeys (ConfUtils.java:logGet(43)) - raft.server.storage.dir = [/workdir/hadoop-ozone/tools/target/test-dir/MiniOzoneClusterImpl-52992b3b-5a88-4474-8d71-6c2c95d3246e/datanode-1/data/ratis] (custom)
2019-11-15 05:36:29,999 [main] INFO  hdfs.DFSUtil (DFSUtil.java:httpServerTemplateForNNAndJN(1641)) - Starting Web-server for hddsDatanode at: http://0.0.0.0:0
2019-11-15 05:36:30,001 [main] INFO  server.AuthenticationFilter (AuthenticationFilter.java:constructSecretProvider(240)) - Unable to initialize FileSignerSecretProvider, falling back to use random secrets.
2019-11-15 05:36:30,001 [main] WARN  http.HttpRequestLog (HttpRequestLog.java:getRequestLog(97)) - Jetty request log can only be enabled using Log4j
2019-11-15 05:36:30,003 [main] INFO  http.HttpServer2 (HttpServer2.java:addGlobalFilter(975)) - Added global filter 'safety' (class=org.apache.hadoop.http.HttpServer2$QuotingInputFilter)
2019-11-15 05:36:30,004 [main] INFO  http.HttpServer2 (HttpServer2.java:addFilter(948)) - Added filter static_user_filter (class=org.apache.hadoop.http.lib.StaticUserWebFilter$StaticUserFilter) to context hddsDatanode
2019-11-15 05:36:30,004 [main] INFO  http.HttpServer2 (HttpServer2.java:addFilter(958)) - Added filter static_user_filter (class=org.apache.hadoop.http.lib.StaticUserWebFilter$StaticUserFilter) to context logs
2019-11-15 05:36:30,005 [main] INFO  http.HttpServer2 (HttpServer2.java:addFilter(958)) - Added filter static_user_filter (class=org.apache.hadoop.http.lib.StaticUserWebFilter$StaticUserFilter) to context static
2019-11-15 05:36:30,006 [main] INFO  http.HttpServer2 (HttpServer2.java:bindListener(1191)) - Jetty bound to port 45544
2019-11-15 05:36:30,006 [main] INFO  server.Server (Server.java:doStart(351)) - jetty-9.3.25.v20180904, build timestamp: 2018-09-04T21:11:46Z, git hash: 3ce520221d0240229c862b122d2b06c12a625732
2019-11-15 05:36:30,009 [main] INFO  handler.ContextHandler (ContextHandler.java:doStart(781)) - Started o.e.j.s.ServletContextHandler@587a1cfb{/logs,file:///workdir/hadoop-ozone/tools/target/log,AVAILABLE}
2019-11-15 05:36:30,010 [main] INFO  handler.ContextHandler (ContextHandler.java:doStart(781)) - Started o.e.j.s.ServletContextHandler@5e1d03d7{/static,jar:file:/home/user/.m2/repository/org/apache/hadoop/hadoop-hdds-container-service/0.5.0-SNAPSHOT/hadoop-hdds-container-service-0.5.0-SNAPSHOT.jar!/webapps/static,AVAILABLE}
2019-11-15 05:36:30,047 [main] INFO  handler.ContextHandler (ContextHandler.java:doStart(781)) - Started o.e.j.w.WebAppContext@66273da0{/,file:///tmp/jetty-0.0.0.0-45544-hddsDatanode-_-any-8797487037089723119.dir/webapp/,AVAILABLE}{/hddsDatanode}
2019-11-15 05:36:30,047 [main] INFO  server.AbstractConnector (AbstractConnector.java:doStart(278)) - Started ServerConnector@2127e66e{HTTP/1.1,[http/1.1]}{0.0.0.0:45544}
2019-11-15 05:36:30,048 [main] INFO  server.Server (Server.java:doStart(419)) - Started @5808ms
2019-11-15 05:36:30,048 [main] WARN  impl.MetricsSystemImpl (MetricsSystemImpl.java:register(276)) - Sink prometheus already exists!
2019-11-15 05:36:30,050 [main] INFO  server.BaseHttpServer (BaseHttpServer.java:updateConnectorAddress(215)) - HTTP server of HDDSDATANODE is listening at http://0.0.0.0:45544
2019-11-15 05:36:30,050 [main] INFO  impl.MetricsSystemImpl (MetricsSystemImpl.java:init(158)) - HddsDatanode metrics system started (again)
2019-11-15 05:36:30,054 [org.apache.hadoop.util.JvmPauseMonitor$Monitor@37e2acd0] INFO  util.JvmPauseMonitor (JvmPauseMonitor.java:run(188)) - Starting JVM pause monitor
2019-11-15 05:36:30,054 [main] INFO  ozone.HddsDatanodeService (HddsDatanodeService.java:start(186)) - HddsDatanodeService host:pr-hdds-2498-sbs7n-842119931 ip:192.168.69.70
2019-11-15 05:36:30,064 [main] INFO  volume.HddsVolume (HddsVolume.java:<init>(176)) - Creating Volume: /workdir/hadoop-ozone/tools/target/test-dir/MiniOzoneClusterImpl-52992b3b-5a88-4474-8d71-6c2c95d3246e/datanode-2/data/containers/hdds of  storage type : DISK and capacity : 1482555576320
2019-11-15 05:36:30,064 [main] INFO  volume.VolumeSet (VolumeSet.java:initializeVolumeSet(170)) - Added Volume : /workdir/hadoop-ozone/tools/target/test-dir/MiniOzoneClusterImpl-52992b3b-5a88-4474-8d71-6c2c95d3246e/datanode-2/data/containers/hdds to VolumeSet
2019-11-15 05:36:30,065 [main] INFO  volume.ThrottledAsyncChecker (ThrottledAsyncChecker.java:schedule(141)) - Scheduling a check for /workdir/hadoop-ozone/tools/target/test-dir/MiniOzoneClusterImpl-52992b3b-5a88-4474-8d71-6c2c95d3246e/datanode-2/data/containers/hdds
2019-11-15 05:36:30,065 [main] INFO  volume.HddsVolumeChecker (HddsVolumeChecker.java:checkAllVolumes(204)) - Scheduled health check for volume /workdir/hadoop-ozone/tools/target/test-dir/MiniOzoneClusterImpl-52992b3b-5a88-4474-8d71-6c2c95d3246e/datanode-2/data/containers/hdds
2019-11-15 05:36:30,078 [Datanode State Machine Thread - 0] INFO  datanode.InitDatanodeState (InitDatanodeState.java:persistContainerDatanodeDetails(140)) - DatanodeDetails is persisted to /workdir/hadoop-ozone/tools/target/test-dir/MiniOzoneClusterImpl-52992b3b-5a88-4474-8d71-6c2c95d3246e/datanode-0/meta/datanode.id
2019-11-15 05:36:30,082 [Datanode State Machine Thread - 0] INFO  datanode.InitDatanodeState (InitDatanodeState.java:persistContainerDatanodeDetails(140)) - DatanodeDetails is persisted to /workdir/hadoop-ozone/tools/target/test-dir/MiniOzoneClusterImpl-52992b3b-5a88-4474-8d71-6c2c95d3246e/datanode-1/meta/datanode.id
2019-11-15 05:36:30,087 [main] INFO  impl.RaftServerProxy (ConfUtils.java:logGet(43)) - raft.rpc.type = GRPC (default)
2019-11-15 05:36:30,087 [main] INFO  grpc.GrpcFactory (GrpcFactory.java:checkPooledByteBufAllocatorUseCacheForAllThreads(45)) - PERFORMANCE WARNING: useCacheForAllThreads is true that may cause Netty to create a lot garbage objects and, as a result, trigger GC.
	It is recommended to disable useCacheForAllThreads by setting -Dorg.apache.ratis.thirdparty.io.netty.allocator.useCacheForAllThreads=false in command line.
2019-11-15 05:36:30,087 [main] INFO  grpc.GrpcConfigKeys$Server (ConfUtils.java:logGet(43)) - raft.grpc.server.port = 0 (default)
2019-11-15 05:36:30,088 [main] INFO  server.GrpcService (ConfUtils.java:logGet(43)) - raft.grpc.message.size.max = 33570816 (custom)
2019-11-15 05:36:30,088 [main] INFO  server.RaftServerConfigKeys (ConfUtils.java:logGet(43)) - raft.server.log.appender.buffer.byte-limit = 33554432 (custom)
2019-11-15 05:36:30,088 [main] INFO  server.GrpcService (ConfUtils.java:logGet(43)) - raft.grpc.flow.control.window = 1MB (=1048576) (default)
2019-11-15 05:36:30,088 [main] INFO  server.RaftServerConfigKeys (ConfUtils.java:logGet(43)) - raft.server.rpc.request.timeout = 3000ms (default)
2019-11-15 05:36:30,089 [main] INFO  server.RaftServerConfigKeys (ConfUtils.java:logGet(43)) - raft.server.storage.dir = [/workdir/hadoop-ozone/tools/target/test-dir/MiniOzoneClusterImpl-52992b3b-5a88-4474-8d71-6c2c95d3246e/datanode-2/data/ratis] (custom)
2019-11-15 05:36:30,091 [main] INFO  hdfs.DFSUtil (DFSUtil.java:httpServerTemplateForNNAndJN(1641)) - Starting Web-server for hddsDatanode at: http://0.0.0.0:0
2019-11-15 05:36:30,093 [main] INFO  server.AuthenticationFilter (AuthenticationFilter.java:constructSecretProvider(240)) - Unable to initialize FileSignerSecretProvider, falling back to use random secrets.
2019-11-15 05:36:30,094 [main] WARN  http.HttpRequestLog (HttpRequestLog.java:getRequestLog(97)) - Jetty request log can only be enabled using Log4j
2019-11-15 05:36:30,096 [main] INFO  http.HttpServer2 (HttpServer2.java:addGlobalFilter(975)) - Added global filter 'safety' (class=org.apache.hadoop.http.HttpServer2$QuotingInputFilter)
2019-11-15 05:36:30,097 [main] INFO  http.HttpServer2 (HttpServer2.java:addFilter(948)) - Added filter static_user_filter (class=org.apache.hadoop.http.lib.StaticUserWebFilter$StaticUserFilter) to context hddsDatanode
2019-11-15 05:36:30,098 [main] INFO  http.HttpServer2 (HttpServer2.java:addFilter(958)) - Added filter static_user_filter (class=org.apache.hadoop.http.lib.StaticUserWebFilter$StaticUserFilter) to context logs
2019-11-15 05:36:30,098 [main] INFO  http.HttpServer2 (HttpServer2.java:addFilter(958)) - Added filter static_user_filter (class=org.apache.hadoop.http.lib.StaticUserWebFilter$StaticUserFilter) to context static
2019-11-15 05:36:30,099 [main] INFO  http.HttpServer2 (HttpServer2.java:bindListener(1191)) - Jetty bound to port 39035
2019-11-15 05:36:30,099 [main] INFO  server.Server (Server.java:doStart(351)) - jetty-9.3.25.v20180904, build timestamp: 2018-09-04T21:11:46Z, git hash: 3ce520221d0240229c862b122d2b06c12a625732
2019-11-15 05:36:30,102 [main] INFO  handler.ContextHandler (ContextHandler.java:doStart(781)) - Started o.e.j.s.ServletContextHandler@26c47874{/logs,file:///workdir/hadoop-ozone/tools/target/log,AVAILABLE}
2019-11-15 05:36:30,103 [main] INFO  handler.ContextHandler (ContextHandler.java:doStart(781)) - Started o.e.j.s.ServletContextHandler@2849434b{/static,jar:file:/home/user/.m2/repository/org/apache/hadoop/hadoop-hdds-container-service/0.5.0-SNAPSHOT/hadoop-hdds-container-service-0.5.0-SNAPSHOT.jar!/webapps/static,AVAILABLE}
2019-11-15 05:36:30,147 [main] INFO  handler.ContextHandler (ContextHandler.java:doStart(781)) - Started o.e.j.w.WebAppContext@117525fe{/,file:///tmp/jetty-0.0.0.0-39035-hddsDatanode-_-any-4178020158754425745.dir/webapp/,AVAILABLE}{/hddsDatanode}
2019-11-15 05:36:30,148 [main] INFO  server.AbstractConnector (AbstractConnector.java:doStart(278)) - Started ServerConnector@5f7989fa{HTTP/1.1,[http/1.1]}{0.0.0.0:39035}
2019-11-15 05:36:30,148 [main] INFO  server.Server (Server.java:doStart(419)) - Started @5908ms
2019-11-15 05:36:30,149 [main] WARN  impl.MetricsSystemImpl (MetricsSystemImpl.java:register(276)) - Sink prometheus already exists!
2019-11-15 05:36:30,150 [main] INFO  server.BaseHttpServer (BaseHttpServer.java:updateConnectorAddress(215)) - HTTP server of HDDSDATANODE is listening at http://0.0.0.0:39035
2019-11-15 05:36:30,152 [main] INFO  ozone.MiniOzoneClusterImpl (MiniOzoneClusterImpl.java:lambda$waitForClusterToBeReady$2(171)) - Waiting for cluster to be ready. Got 0 of 3 DN Heartbeats.
2019-11-15 05:36:30,154 [org.apache.hadoop.util.JvmPauseMonitor$Monitor@61563bae] INFO  util.JvmPauseMonitor (JvmPauseMonitor.java:run(188)) - Starting JVM pause monitor
2019-11-15 05:36:30,157 [Datanode State Machine Thread - 0] INFO  datanode.InitDatanodeState (InitDatanodeState.java:persistContainerDatanodeDetails(140)) - DatanodeDetails is persisted to /workdir/hadoop-ozone/tools/target/test-dir/MiniOzoneClusterImpl-52992b3b-5a88-4474-8d71-6c2c95d3246e/datanode-2/meta/datanode.id
2019-11-15 05:36:31,153 [main] INFO  ozone.MiniOzoneClusterImpl (MiniOzoneClusterImpl.java:lambda$waitForClusterToBeReady$2(171)) - Waiting for cluster to be ready. Got 0 of 3 DN Heartbeats.
2019-11-15 05:36:32,042 [Datanode State Machine Thread - 0] INFO  ozoneimpl.OzoneContainer (OzoneContainer.java:start(230)) - Attempting to start container services.
2019-11-15 05:36:32,045 [Datanode State Machine Thread - 0] INFO  ozoneimpl.OzoneContainer (OzoneContainer.java:startContainerScrub(194)) - Background container scanner has been disabled.
2019-11-15 05:36:32,046 [Datanode State Machine Thread - 0] INFO  ratis.XceiverServerRatis (XceiverServerRatis.java:start(421)) - Starting XceiverServerRatis ba3a32cc-462d-433b-80fb-e16a70a9f199 at port 0
2019-11-15 05:36:32,074 [Datanode State Machine Thread - 0] INFO  impl.RaftServerProxy (RaftServerProxy.java:lambda$start$3(299)) - ba3a32cc-462d-433b-80fb-e16a70a9f199: start RPC server
2019-11-15 05:36:32,084 [Datanode State Machine Thread - 0] INFO  ozoneimpl.OzoneContainer (OzoneContainer.java:start(230)) - Attempting to start container services.
2019-11-15 05:36:32,089 [Datanode State Machine Thread - 0] INFO  ozoneimpl.OzoneContainer (OzoneContainer.java:startContainerScrub(194)) - Background container scanner has been disabled.
2019-11-15 05:36:32,090 [Datanode State Machine Thread - 0] INFO  ratis.XceiverServerRatis (XceiverServerRatis.java:start(421)) - Starting XceiverServerRatis 83ab7eea-2486-4beb-94b4-d7f00fbd5fbc at port 0
2019-11-15 05:36:32,101 [Datanode State Machine Thread - 0] INFO  impl.RaftServerProxy (RaftServerProxy.java:lambda$start$3(299)) - 83ab7eea-2486-4beb-94b4-d7f00fbd5fbc: start RPC server
2019-11-15 05:36:32,154 [main] INFO  ozone.MiniOzoneClusterImpl (MiniOzoneClusterImpl.java:lambda$waitForClusterToBeReady$2(171)) - Waiting for cluster to be ready. Got 0 of 3 DN Heartbeats.
2019-11-15 05:36:32,185 [Datanode State Machine Thread - 0] INFO  ozoneimpl.OzoneContainer (OzoneContainer.java:start(230)) - Attempting to start container services.
2019-11-15 05:36:32,186 [Datanode State Machine Thread - 0] INFO  ozoneimpl.OzoneContainer (OzoneContainer.java:startContainerScrub(194)) - Background container scanner has been disabled.
2019-11-15 05:36:32,186 [Datanode State Machine Thread - 0] INFO  ratis.XceiverServerRatis (XceiverServerRatis.java:start(421)) - Starting XceiverServerRatis 3e233443-f0f1-4e61-b8a9-b47569f95910 at port 0
2019-11-15 05:36:32,200 [Datanode State Machine Thread - 0] INFO  impl.RaftServerProxy (RaftServerProxy.java:lambda$start$3(299)) - 3e233443-f0f1-4e61-b8a9-b47569f95910: start RPC server
2019-11-15 05:36:32,216 [Datanode State Machine Thread - 0] INFO  server.GrpcService (GrpcService.java:startImpl(158)) - 83ab7eea-2486-4beb-94b4-d7f00fbd5fbc: GrpcService started, listening on 0.0.0.0/0.0.0.0:38203
2019-11-15 05:36:32,216 [Datanode State Machine Thread - 0] INFO  server.GrpcService (GrpcService.java:startImpl(158)) - 3e233443-f0f1-4e61-b8a9-b47569f95910: GrpcService started, listening on 0.0.0.0/0.0.0.0:44304
2019-11-15 05:36:32,217 [Datanode State Machine Thread - 0] INFO  ratis.XceiverServerRatis (XceiverServerRatis.java:start(431)) - XceiverServerRatis 83ab7eea-2486-4beb-94b4-d7f00fbd5fbc is started using port 38203
2019-11-15 05:36:32,216 [Datanode State Machine Thread - 0] INFO  server.GrpcService (GrpcService.java:startImpl(158)) - ba3a32cc-462d-433b-80fb-e16a70a9f199: GrpcService started, listening on 0.0.0.0/0.0.0.0:46056
2019-11-15 05:36:32,217 [Datanode State Machine Thread - 0] INFO  ratis.XceiverServerRatis (XceiverServerRatis.java:start(431)) - XceiverServerRatis 3e233443-f0f1-4e61-b8a9-b47569f95910 is started using port 44304
2019-11-15 05:36:32,217 [Datanode State Machine Thread - 0] INFO  ratis.XceiverServerRatis (XceiverServerRatis.java:start(431)) - XceiverServerRatis ba3a32cc-462d-433b-80fb-e16a70a9f199 is started using port 46056
2019-11-15 05:36:32,222 [Datanode State Machine Thread - 0] INFO  server.XceiverServerGrpc (XceiverServerGrpc.java:start(145)) - XceiverServerGrpc 83ab7eea-2486-4beb-94b4-d7f00fbd5fbc is started using port 33323
2019-11-15 05:36:32,222 [Datanode State Machine Thread - 0] INFO  server.XceiverServerGrpc (XceiverServerGrpc.java:start(145)) - XceiverServerGrpc ba3a32cc-462d-433b-80fb-e16a70a9f199 is started using port 34424
2019-11-15 05:36:32,222 [Datanode State Machine Thread - 0] INFO  server.XceiverServerGrpc (XceiverServerGrpc.java:start(145)) - XceiverServerGrpc 3e233443-f0f1-4e61-b8a9-b47569f95910 is started using port 45063
2019-11-15 05:36:33,154 [main] INFO  ozone.MiniOzoneClusterImpl (MiniOzoneClusterImpl.java:lambda$waitForClusterToBeReady$2(171)) - Waiting for cluster to be ready. Got 0 of 3 DN Heartbeats.
2019-11-15 05:36:33,994 [IPC Server handler 19 on 33364] INFO  net.NetworkTopology (NetworkTopologyImpl.java:add(111)) - Added a new node: /default-rack/ba3a32cc-462d-433b-80fb-e16a70a9f199
2019-11-15 05:36:33,995 [IPC Server handler 19 on 33364] INFO  node.SCMNodeManager (SCMNodeManager.java:register(267)) - Registered Data node : ba3a32cc-462d-433b-80fb-e16a70a9f199{ip: 192.168.69.70, host: pr-hdds-2498-sbs7n-842119931, networkLocation: /default-rack, certSerialId: null}
2019-11-15 05:36:33,998 [EventQueue-NodeRegistrationContainerReportForDataNodeSafeModeRule] INFO  safemode.SCMSafeModeManager (DataNodeSafeModeRule.java:process(71)) - SCM in safe mode. 1 DataNodes registered, 1 required.
2019-11-15 05:36:33,998 [EventQueue-NodeRegistrationContainerReportForDataNodeSafeModeRule] INFO  safemode.SCMSafeModeManager (SCMSafeModeManager.java:validateSafeModeExitRules(177)) - ScmSafeModeManager, all rules are successfully validated
2019-11-15 05:36:33,998 [EventQueue-NodeRegistrationContainerReportForDataNodeSafeModeRule] INFO  safemode.SCMSafeModeManager (SCMSafeModeManager.java:exitSafeMode(193)) - SCM exiting safe mode.
2019-11-15 05:36:34,056 [IPC Server handler 17 on 33364] INFO  net.NetworkTopology (NetworkTopologyImpl.java:add(111)) - Added a new node: /default-rack/83ab7eea-2486-4beb-94b4-d7f00fbd5fbc
2019-11-15 05:36:34,057 [IPC Server handler 17 on 33364] INFO  node.SCMNodeManager (SCMNodeManager.java:register(267)) - Registered Data node : 83ab7eea-2486-4beb-94b4-d7f00fbd5fbc{ip: 192.168.69.70, host: pr-hdds-2498-sbs7n-842119931, networkLocation: /default-rack, certSerialId: null}
2019-11-15 05:36:34,156 [IPC Server handler 15 on 33364] INFO  net.NetworkTopology (NetworkTopologyImpl.java:add(111)) - Added a new node: /default-rack/3e233443-f0f1-4e61-b8a9-b47569f95910
2019-11-15 05:36:34,157 [IPC Server handler 15 on 33364] INFO  node.SCMNodeManager (SCMNodeManager.java:register(267)) - Registered Data node : 3e233443-f0f1-4e61-b8a9-b47569f95910{ip: 192.168.69.70, host: pr-hdds-2498-sbs7n-842119931, networkLocation: /default-rack, certSerialId: null}
2019-11-15 05:36:34,506 [grpc-default-executor-0] INFO  impl.RaftServerProxy (RaftServerProxy.java:addNew(89)) - ba3a32cc-462d-433b-80fb-e16a70a9f199: addNew group-59509AB9750B:[ba3a32cc-462d-433b-80fb-e16a70a9f199:192.168.69.70:46056] returns group-59509AB9750B:java.util.concurrent.CompletableFuture@6a4273da[Not completed]
2019-11-15 05:36:34,521 [pool-27-thread-1] INFO  impl.RaftServerImpl (RaftServerImpl.java:<init>(98)) - ba3a32cc-462d-433b-80fb-e16a70a9f199: new RaftServerImpl for group-59509AB9750B:[ba3a32cc-462d-433b-80fb-e16a70a9f199:192.168.69.70:46056] with ContainerStateMachine:uninitialized
2019-11-15 05:36:34,524 [pool-27-thread-1] INFO  server.RaftServerConfigKeys (ConfUtils.java:logGet(43)) - raft.server.rpc.timeout.min = 5s (custom)
2019-11-15 05:36:34,525 [pool-27-thread-1] INFO  server.RaftServerConfigKeys (ConfUtils.java:logGet(43)) - raft.server.rpc.timeout.max = 5200ms (custom)
2019-11-15 05:36:34,525 [pool-27-thread-1] INFO  server.RaftServerConfigKeys (ConfUtils.java:logGet(43)) - raft.server.rpcslowness.timeout = 120s (custom)
2019-11-15 05:36:34,526 [pool-27-thread-1] INFO  server.RaftServerConfigKeys (ConfUtils.java:logGet(43)) - raft.server.sleep.deviation.threshold = 300 (default)
2019-11-15 05:36:34,527 [pool-27-thread-1] INFO  server.RaftServerConfigKeys (ConfUtils.java:logGet(43)) - raft.server.log.appender.install.snapshot.enabled = false (custom)
2019-11-15 05:36:34,536 [pool-27-thread-1] INFO  impl.RaftServerImpl (ServerState.java:<init>(103)) - ba3a32cc-462d-433b-80fb-e16a70a9f199@group-59509AB9750B: ConfigurationManager, init=-1: [ba3a32cc-462d-433b-80fb-e16a70a9f199:192.168.69.70:46056], old=null, confs=<EMPTY_MAP>
2019-11-15 05:36:34,536 [pool-27-thread-1] INFO  server.RaftServerConfigKeys (ConfUtils.java:logGet(43)) - raft.server.storage.dir = [/workdir/hadoop-ozone/tools/target/test-dir/MiniOzoneClusterImpl-52992b3b-5a88-4474-8d71-6c2c95d3246e/datanode-0/data/ratis] (custom)
2019-11-15 05:36:34,544 [pool-27-thread-1] INFO  server.RaftServerConfigKeys (ConfUtils.java:logGet(43)) - raft.server.log.corruption.policy = EXCEPTION (default)
2019-11-15 05:36:34,546 [pool-27-thread-1] INFO  storage.RaftStorageDirectory (RaftStorageDirectory.java:analyzeStorage(246)) - The storage directory /workdir/hadoop-ozone/tools/target/test-dir/MiniOzoneClusterImpl-52992b3b-5a88-4474-8d71-6c2c95d3246e/datanode-0/data/ratis/894847ea-2e71-4419-8ddf-59509ab9750b does not exist. Creating ...
2019-11-15 05:36:34,578 [pool-27-thread-1] INFO  storage.RaftStorageDirectory (RaftStorageDirectory.java:tryLock(328)) - Lock on /workdir/hadoop-ozone/tools/target/test-dir/MiniOzoneClusterImpl-52992b3b-5a88-4474-8d71-6c2c95d3246e/datanode-0/data/ratis/894847ea-2e71-4419-8ddf-59509ab9750b/in_use.lock acquired by nodename 25890@pr-hdds-2498-sbs7n-842119931
2019-11-15 05:36:34,603 [pool-27-thread-1] INFO  storage.RaftStorage (RaftStorage.java:format(84)) - Storage directory /workdir/hadoop-ozone/tools/target/test-dir/MiniOzoneClusterImpl-52992b3b-5a88-4474-8d71-6c2c95d3246e/datanode-0/data/ratis/894847ea-2e71-4419-8ddf-59509ab9750b has been successfully formatted.
2019-11-15 05:36:34,606 [pool-27-thread-1] INFO  ratis.ContainerStateMachine (ContainerStateMachine.java:loadSnapshot(223)) - group-59509AB9750B: The snapshot info is null. Setting the last applied indexto:(t:0, i:~)
2019-11-15 05:36:34,606 [pool-27-thread-1] INFO  server.RaftServerConfigKeys (ConfUtils.java:logGet(43)) - raft.server.notification.no-leader.timeout = 120s (custom)
2019-11-15 05:36:34,609 [pool-27-thread-1] INFO  server.RaftServerConfigKeys (ConfUtils.java:logGet(43)) - raft.server.log.use.memory = false (default)
2019-11-15 05:36:34,615 [pool-27-thread-1] INFO  server.RaftServerConfigKeys (ConfUtils.java:logGet(43)) - raft.server.log.purge.gap = 1000000 (custom)
2019-11-15 05:36:34,616 [pool-27-thread-1] INFO  server.RaftServerConfigKeys (ConfUtils.java:logGet(43)) - raft.server.log.appender.buffer.byte-limit = 33554432 (custom)
2019-11-15 05:36:34,618 [pool-27-thread-1] INFO  server.RaftServerConfigKeys (ConfUtils.java:logGet(43)) - raft.server.log.segment.size.max = 1048576 (custom)
2019-11-15 05:36:34,628 [pool-27-thread-1] INFO  metrics.MetricRegistries (MetricRegistriesLoader.java:load(64)) - Loaded MetricRegistries class org.apache.ratis.metrics.impl.MetricRegistriesImpl
2019-11-15 05:36:34,633 [pool-27-thread-1] WARN  impl.MetricRegistriesImpl (MetricRegistriesImpl.java:lambda$create$1(61)) - First MetricRegistry has been created without registering reporters. You may need to call MetricRegistries.global().addReportRegistration(...) before.
2019-11-15 05:36:34,640 [pool-27-thread-1] INFO  server.RaftServerConfigKeys (ConfUtils.java:logGet(43)) - raft.server.log.segment.cache.num.max = 2 (custom)
2019-11-15 05:36:34,646 [pool-27-thread-1] INFO  segmented.SegmentedRaftLogWorker (SegmentedRaftLogWorker.java:<init>(173)) - new ba3a32cc-462d-433b-80fb-e16a70a9f199@group-59509AB9750B-SegmentedRaftLogWorker for RaftStorage:Storage Directory /workdir/hadoop-ozone/tools/target/test-dir/MiniOzoneClusterImpl-52992b3b-5a88-4474-8d71-6c2c95d3246e/datanode-0/data/ratis/894847ea-2e71-4419-8ddf-59509ab9750b
2019-11-15 05:36:34,646 [pool-27-thread-1] INFO  server.RaftServerConfigKeys (ConfUtils.java:logGet(43)) - raft.server.log.queue.byte-limit = 2147483647 (custom)
2019-11-15 05:36:34,647 [pool-27-thread-1] INFO  server.RaftServerConfigKeys (ConfUtils.java:logGet(43)) - raft.server.log.queue.element-limit = 1024 (custom)
2019-11-15 05:36:34,648 [pool-27-thread-1] INFO  server.RaftServerConfigKeys (ConfUtils.java:logGet(43)) - raft.server.log.segment.size.max = 1048576 (custom)
2019-11-15 05:36:34,649 [pool-27-thread-1] INFO  server.RaftServerConfigKeys (ConfUtils.java:logGet(43)) - raft.server.log.preallocated.size = 16384 (custom)
2019-11-15 05:36:34,649 [pool-27-thread-1] INFO  server.RaftServerConfigKeys (ConfUtils.java:logGet(43)) - raft.server.log.write.buffer.size = 33554432 (custom)
2019-11-15 05:36:34,650 [pool-27-thread-1] INFO  server.RaftServerConfigKeys (ConfUtils.java:logGet(43)) - raft.server.log.force.sync.num = 128 (default)
2019-11-15 05:36:34,651 [pool-27-thread-1] INFO  server.RaftServerConfigKeys (ConfUtils.java:logGet(43)) - raft.server.log.statemachine.data.sync = true (default)
2019-11-15 05:36:34,651 [pool-27-thread-1] INFO  server.RaftServerConfigKeys (ConfUtils.java:logGet(43)) - raft.server.log.statemachine.data.sync.timeout = 10s (default)
2019-11-15 05:36:34,651 [pool-27-thread-1] INFO  server.RaftServerConfigKeys (ConfUtils.java:logGet(43)) - raft.server.log.statemachine.data.sync.timeout.retry = -1 (default)
2019-11-15 05:36:34,665 [pool-27-thread-1] INFO  server.RaftServerConfigKeys (ConfUtils.java:logGet(43)) - raft.server.log.statemachine.data.caching.enabled = true (custom)
2019-11-15 05:36:34,669 [pool-27-thread-1] INFO  segmented.SegmentedRaftLogWorker (SegmentedRaftLogWorker.java:lambda$new$0(128)) - ba3a32cc-462d-433b-80fb-e16a70a9f199@group-59509AB9750B-SegmentedRaftLogWorker: flushIndex: setUnconditionally 0 -> -1
2019-11-15 05:36:34,674 [pool-27-thread-1] INFO  server.RaftServerConfigKeys (ConfUtils.java:logGet(43)) - raft.server.snapshot.auto.trigger.enabled = true (custom)
2019-11-15 05:36:34,674 [pool-27-thread-1] INFO  server.RaftServerConfigKeys (ConfUtils.java:logGet(43)) - raft.server.snapshot.auto.trigger.threshold = 10000 (custom)
2019-11-15 05:36:34,675 [pool-27-thread-1] INFO  server.RaftServerConfigKeys (ConfUtils.java:logGet(43)) - raft.server.snapshot.retention.file.num = 5 (custom)
2019-11-15 05:36:34,676 [pool-27-thread-1] INFO  server.RaftServerConfigKeys (ConfUtils.java:logGet(43)) - raft.server.retrycache.expirytime = 600000ms (custom)
2019-11-15 05:36:34,695 [pool-27-thread-1] WARN  impl.MetricRegistriesImpl (MetricRegistriesImpl.java:lambda$create$1(61)) - First MetricRegistry has been created without registering reporters. You may need to call MetricRegistries.global().addReportRegistration(...) before.
2019-11-15 05:36:34,697 [pool-27-thread-1] WARN  impl.MetricRegistriesImpl (MetricRegistriesImpl.java:lambda$create$1(61)) - First MetricRegistry has been created without registering reporters. You may need to call MetricRegistries.global().addReportRegistration(...) before.
2019-11-15 05:36:34,699 [pool-27-thread-1] INFO  impl.RaftServerImpl (RaftServerImpl.java:start(184)) - ba3a32cc-462d-433b-80fb-e16a70a9f199@group-59509AB9750B: start as a follower, conf=-1: [ba3a32cc-462d-433b-80fb-e16a70a9f199:192.168.69.70:46056], old=null
2019-11-15 05:36:34,700 [pool-27-thread-1] INFO  impl.RaftServerImpl (RaftServerImpl.java:setRole(173)) - ba3a32cc-462d-433b-80fb-e16a70a9f199@group-59509AB9750B: changes role from      null to FOLLOWER at term 0 for startAsFollower
2019-11-15 05:36:34,701 [pool-27-thread-1] INFO  impl.RoleInfo (RoleInfo.java:updateAndGet(143)) - ba3a32cc-462d-433b-80fb-e16a70a9f199: start FollowerState
2019-11-15 05:36:34,703 [pool-27-thread-1] INFO  util.JmxRegister (JmxRegister.java:tryRegister(44)) - Successfully registered JMX Bean with object name Ratis:service=RaftServer,group=group-59509AB9750B,id=ba3a32cc-462d-433b-80fb-e16a70a9f199
2019-11-15 05:36:34,704 [pool-27-thread-1] WARN  impl.MetricRegistriesImpl (MetricRegistriesImpl.java:lambda$create$1(61)) - First MetricRegistry has been created without registering reporters. You may need to call MetricRegistries.global().addReportRegistration(...) before.
2019-11-15 05:36:34,770 [RatisPipelineUtilsThread] INFO  pipeline.PipelineStateManager (PipelineStateManager.java:addPipeline(55)) - Created pipeline Pipeline[ Id: 894847ea-2e71-4419-8ddf-59509ab9750b, Nodes: ba3a32cc-462d-433b-80fb-e16a70a9f199{ip: 192.168.69.70, host: pr-hdds-2498-sbs7n-842119931, networkLocation: /default-rack, certSerialId: null}, Type:RATIS, Factor:ONE, State:ALLOCATED]
2019-11-15 05:36:34,788 [grpc-default-executor-0] INFO  impl.RaftServerProxy (RaftServerProxy.java:addNew(89)) - 3e233443-f0f1-4e61-b8a9-b47569f95910: addNew group-D20353F4B6D3:[3e233443-f0f1-4e61-b8a9-b47569f95910:192.168.69.70:44304] returns group-D20353F4B6D3:java.util.concurrent.CompletableFuture@74b0bf41[Not completed]
2019-11-15 05:36:34,813 [pool-47-thread-1] INFO  impl.RaftServerImpl (RaftServerImpl.java:<init>(98)) - 3e233443-f0f1-4e61-b8a9-b47569f95910: new RaftServerImpl for group-D20353F4B6D3:[3e233443-f0f1-4e61-b8a9-b47569f95910:192.168.69.70:44304] with ContainerStateMachine:uninitialized
2019-11-15 05:36:34,814 [pool-47-thread-1] INFO  server.RaftServerConfigKeys (ConfUtils.java:logGet(43)) - raft.server.rpc.timeout.min = 5s (custom)
2019-11-15 05:36:34,814 [pool-47-thread-1] INFO  server.RaftServerConfigKeys (ConfUtils.java:logGet(43)) - raft.server.rpc.timeout.max = 5200ms (custom)
2019-11-15 05:36:34,815 [pool-47-thread-1] INFO  server.RaftServerConfigKeys (ConfUtils.java:logGet(43)) - raft.server.rpcslowness.timeout = 120s (custom)
2019-11-15 05:36:34,815 [pool-47-thread-1] INFO  server.RaftServerConfigKeys (ConfUtils.java:logGet(43)) - raft.server.sleep.deviation.threshold = 300 (default)
2019-11-15 05:36:34,815 [pool-47-thread-1] INFO  server.RaftServerConfigKeys (ConfUtils.java:logGet(43)) - raft.server.log.appender.install.snapshot.enabled = false (custom)
2019-11-15 05:36:34,815 [pool-47-thread-1] INFO  impl.RaftServerImpl (ServerState.java:<init>(103)) - 3e233443-f0f1-4e61-b8a9-b47569f95910@group-D20353F4B6D3: ConfigurationManager, init=-1: [3e233443-f0f1-4e61-b8a9-b47569f95910:192.168.69.70:44304], old=null, confs=<EMPTY_MAP>
2019-11-15 05:36:34,816 [pool-47-thread-1] INFO  server.RaftServerConfigKeys (ConfUtils.java:logGet(43)) - raft.server.storage.dir = [/workdir/hadoop-ozone/tools/target/test-dir/MiniOzoneClusterImpl-52992b3b-5a88-4474-8d71-6c2c95d3246e/datanode-2/data/ratis] (custom)
2019-11-15 05:36:34,816 [pool-47-thread-1] INFO  server.RaftServerConfigKeys (ConfUtils.java:logGet(43)) - raft.server.log.corruption.policy = EXCEPTION (default)
2019-11-15 05:36:34,816 [pool-47-thread-1] INFO  storage.RaftStorageDirectory (RaftStorageDirectory.java:analyzeStorage(246)) - The storage directory /workdir/hadoop-ozone/tools/target/test-dir/MiniOzoneClusterImpl-52992b3b-5a88-4474-8d71-6c2c95d3246e/datanode-2/data/ratis/78387825-0a94-4906-b970-d20353f4b6d3 does not exist. Creating ...
2019-11-15 05:36:34,845 [pool-47-thread-1] INFO  storage.RaftStorageDirectory (RaftStorageDirectory.java:tryLock(328)) - Lock on /workdir/hadoop-ozone/tools/target/test-dir/MiniOzoneClusterImpl-52992b3b-5a88-4474-8d71-6c2c95d3246e/datanode-2/data/ratis/78387825-0a94-4906-b970-d20353f4b6d3/in_use.lock acquired by nodename 25890@pr-hdds-2498-sbs7n-842119931
2019-11-15 05:36:34,871 [pool-47-thread-1] INFO  storage.RaftStorage (RaftStorage.java:format(84)) - Storage directory /workdir/hadoop-ozone/tools/target/test-dir/MiniOzoneClusterImpl-52992b3b-5a88-4474-8d71-6c2c95d3246e/datanode-2/data/ratis/78387825-0a94-4906-b970-d20353f4b6d3 has been successfully formatted.
2019-11-15 05:36:34,872 [pool-47-thread-1] INFO  ratis.ContainerStateMachine (ContainerStateMachine.java:loadSnapshot(223)) - group-D20353F4B6D3: The snapshot info is null. Setting the last applied indexto:(t:0, i:~)
2019-11-15 05:36:34,873 [pool-47-thread-1] INFO  server.RaftServerConfigKeys (ConfUtils.java:logGet(43)) - raft.server.notification.no-leader.timeout = 120s (custom)
2019-11-15 05:36:34,873 [pool-47-thread-1] INFO  server.RaftServerConfigKeys (ConfUtils.java:logGet(43)) - raft.server.log.use.memory = false (default)
2019-11-15 05:36:34,873 [pool-47-thread-1] INFO  server.RaftServerConfigKeys (ConfUtils.java:logGet(43)) - raft.server.log.purge.gap = 1000000 (custom)
2019-11-15 05:36:34,873 [pool-47-thread-1] INFO  server.RaftServerConfigKeys (ConfUtils.java:logGet(43)) - raft.server.log.appender.buffer.byte-limit = 33554432 (custom)
2019-11-15 05:36:34,874 [pool-47-thread-1] INFO  server.RaftServerConfigKeys (ConfUtils.java:logGet(43)) - raft.server.log.segment.size.max = 1048576 (custom)
2019-11-15 05:36:34,874 [pool-47-thread-1] WARN  impl.MetricRegistriesImpl (MetricRegistriesImpl.java:lambda$create$1(61)) - First MetricRegistry has been created without registering reporters. You may need to call MetricRegistries.global().addReportRegistration(...) before.
2019-11-15 05:36:34,875 [pool-47-thread-1] INFO  server.RaftServerConfigKeys (ConfUtils.java:logGet(43)) - raft.server.log.segment.cache.num.max = 2 (custom)
2019-11-15 05:36:34,875 [pool-47-thread-1] INFO  segmented.SegmentedRaftLogWorker (SegmentedRaftLogWorker.java:<init>(173)) - new 3e233443-f0f1-4e61-b8a9-b47569f95910@group-D20353F4B6D3-SegmentedRaftLogWorker for RaftStorage:Storage Directory /workdir/hadoop-ozone/tools/target/test-dir/MiniOzoneClusterImpl-52992b3b-5a88-4474-8d71-6c2c95d3246e/datanode-2/data/ratis/78387825-0a94-4906-b970-d20353f4b6d3
2019-11-15 05:36:34,876 [pool-47-thread-1] INFO  server.RaftServerConfigKeys (ConfUtils.java:logGet(43)) - raft.server.log.queue.byte-limit = 2147483647 (custom)
2019-11-15 05:36:34,876 [pool-47-thread-1] INFO  server.RaftServerConfigKeys (ConfUtils.java:logGet(43)) - raft.server.log.queue.element-limit = 1024 (custom)
2019-11-15 05:36:34,876 [pool-47-thread-1] INFO  server.RaftServerConfigKeys (ConfUtils.java:logGet(43)) - raft.server.log.segment.size.max = 1048576 (custom)
2019-11-15 05:36:34,876 [pool-47-thread-1] INFO  server.RaftServerConfigKeys (ConfUtils.java:logGet(43)) - raft.server.log.preallocated.size = 16384 (custom)
2019-11-15 05:36:34,876 [pool-47-thread-1] INFO  server.RaftServerConfigKeys (ConfUtils.java:logGet(43)) - raft.server.log.write.buffer.size = 33554432 (custom)
2019-11-15 05:36:34,877 [pool-47-thread-1] INFO  server.RaftServerConfigKeys (ConfUtils.java:logGet(43)) - raft.server.log.force.sync.num = 128 (default)
2019-11-15 05:36:34,877 [pool-47-thread-1] INFO  server.RaftServerConfigKeys (ConfUtils.java:logGet(43)) - raft.server.log.statemachine.data.sync = true (default)
2019-11-15 05:36:34,877 [pool-47-thread-1] INFO  server.RaftServerConfigKeys (ConfUtils.java:logGet(43)) - raft.server.log.statemachine.data.sync.timeout = 10s (default)
2019-11-15 05:36:34,877 [pool-47-thread-1] INFO  server.RaftServerConfigKeys (ConfUtils.java:logGet(43)) - raft.server.log.statemachine.data.sync.timeout.retry = -1 (default)
2019-11-15 05:36:34,878 [pool-47-thread-1] INFO  server.RaftServerConfigKeys (ConfUtils.java:logGet(43)) - raft.server.log.statemachine.data.caching.enabled = true (custom)
2019-11-15 05:36:34,878 [pool-47-thread-1] INFO  segmented.SegmentedRaftLogWorker (SegmentedRaftLogWorker.java:lambda$new$0(128)) - 3e233443-f0f1-4e61-b8a9-b47569f95910@group-D20353F4B6D3-SegmentedRaftLogWorker: flushIndex: setUnconditionally 0 -> -1
2019-11-15 05:36:34,878 [pool-47-thread-1] INFO  server.RaftServerConfigKeys (ConfUtils.java:logGet(43)) - raft.server.snapshot.auto.trigger.enabled = true (custom)
2019-11-15 05:36:34,879 [pool-47-thread-1] INFO  server.RaftServerConfigKeys (ConfUtils.java:logGet(43)) - raft.server.snapshot.auto.trigger.threshold = 10000 (custom)
2019-11-15 05:36:34,879 [pool-47-thread-1] INFO  server.RaftServerConfigKeys (ConfUtils.java:logGet(43)) - raft.server.snapshot.retention.file.num = 5 (custom)
2019-11-15 05:36:34,879 [pool-47-thread-1] INFO  server.RaftServerConfigKeys (ConfUtils.java:logGet(43)) - raft.server.retrycache.expirytime = 600000ms (custom)
2019-11-15 05:36:34,879 [pool-47-thread-1] WARN  impl.MetricRegistriesImpl (MetricRegistriesImpl.java:lambda$create$1(61)) - First MetricRegistry has been created without registering reporters. You may need to call MetricRegistries.global().addReportRegistration(...) before.
2019-11-15 05:36:34,879 [pool-47-thread-1] WARN  impl.MetricRegistriesImpl (MetricRegistriesImpl.java:lambda$create$1(61)) - First MetricRegistry has been created without registering reporters. You may need to call MetricRegistries.global().addReportRegistration(...) before.
2019-11-15 05:36:34,880 [pool-47-thread-1] INFO  impl.RaftServerImpl (RaftServerImpl.java:start(184)) - 3e233443-f0f1-4e61-b8a9-b47569f95910@group-D20353F4B6D3: start as a follower, conf=-1: [3e233443-f0f1-4e61-b8a9-b47569f95910:192.168.69.70:44304], old=null
2019-11-15 05:36:34,880 [pool-47-thread-1] INFO  impl.RaftServerImpl (RaftServerImpl.java:setRole(173)) - 3e233443-f0f1-4e61-b8a9-b47569f95910@group-D20353F4B6D3: changes role from      null to FOLLOWER at term 0 for startAsFollower
2019-11-15 05:36:34,880 [pool-47-thread-1] INFO  impl.RoleInfo (RoleInfo.java:updateAndGet(143)) - 3e233443-f0f1-4e61-b8a9-b47569f95910: start FollowerState
2019-11-15 05:36:34,881 [pool-47-thread-1] INFO  util.JmxRegister (JmxRegister.java:tryRegister(44)) - Successfully registered JMX Bean with object name Ratis:service=RaftServer,group=group-D20353F4B6D3,id=3e233443-f0f1-4e61-b8a9-b47569f95910
2019-11-15 05:36:34,882 [pool-47-thread-1] WARN  impl.MetricRegistriesImpl (MetricRegistriesImpl.java:lambda$create$1(61)) - First MetricRegistry has been created without registering reporters. You may need to call MetricRegistries.global().addReportRegistration(...) before.
2019-11-15 05:36:34,893 [RatisPipelineUtilsThread] INFO  pipeline.PipelineStateManager (PipelineStateManager.java:addPipeline(55)) - Created pipeline Pipeline[ Id: 78387825-0a94-4906-b970-d20353f4b6d3, Nodes: 3e233443-f0f1-4e61-b8a9-b47569f95910{ip: 192.168.69.70, host: pr-hdds-2498-sbs7n-842119931, networkLocation: /default-rack, certSerialId: null}, Type:RATIS, Factor:ONE, State:ALLOCATED]
2019-11-15 05:36:34,912 [grpc-default-executor-0] INFO  impl.RaftServerProxy (RaftServerProxy.java:addNew(89)) - 83ab7eea-2486-4beb-94b4-d7f00fbd5fbc: addNew group-539D28787431:[83ab7eea-2486-4beb-94b4-d7f00fbd5fbc:192.168.69.70:38203] returns group-539D28787431:java.util.concurrent.CompletableFuture@48f31279[Not completed]
2019-11-15 05:36:34,927 [pool-37-thread-1] INFO  impl.RaftServerImpl (RaftServerImpl.java:<init>(98)) - 83ab7eea-2486-4beb-94b4-d7f00fbd5fbc: new RaftServerImpl for group-539D28787431:[83ab7eea-2486-4beb-94b4-d7f00fbd5fbc:192.168.69.70:38203] with ContainerStateMachine:uninitialized
2019-11-15 05:36:34,927 [pool-37-thread-1] INFO  server.RaftServerConfigKeys (ConfUtils.java:logGet(43)) - raft.server.rpc.timeout.min = 5s (custom)
2019-11-15 05:36:34,928 [pool-37-thread-1] INFO  server.RaftServerConfigKeys (ConfUtils.java:logGet(43)) - raft.server.rpc.timeout.max = 5200ms (custom)
2019-11-15 05:36:34,928 [pool-37-thread-1] INFO  server.RaftServerConfigKeys (ConfUtils.java:logGet(43)) - raft.server.rpcslowness.timeout = 120s (custom)
2019-11-15 05:36:34,928 [pool-37-thread-1] INFO  server.RaftServerConfigKeys (ConfUtils.java:logGet(43)) - raft.server.sleep.deviation.threshold = 300 (default)
2019-11-15 05:36:34,928 [pool-37-thread-1] INFO  server.RaftServerConfigKeys (ConfUtils.java:logGet(43)) - raft.server.log.appender.install.snapshot.enabled = false (custom)
2019-11-15 05:36:34,929 [pool-37-thread-1] INFO  impl.RaftServerImpl (ServerState.java:<init>(103)) - 83ab7eea-2486-4beb-94b4-d7f00fbd5fbc@group-539D28787431: ConfigurationManager, init=-1: [83ab7eea-2486-4beb-94b4-d7f00fbd5fbc:192.168.69.70:38203], old=null, confs=<EMPTY_MAP>
2019-11-15 05:36:34,929 [pool-37-thread-1] INFO  server.RaftServerConfigKeys (ConfUtils.java:logGet(43)) - raft.server.storage.dir = [/workdir/hadoop-ozone/tools/target/test-dir/MiniOzoneClusterImpl-52992b3b-5a88-4474-8d71-6c2c95d3246e/datanode-1/data/ratis] (custom)
2019-11-15 05:36:34,929 [pool-37-thread-1] INFO  server.RaftServerConfigKeys (ConfUtils.java:logGet(43)) - raft.server.log.corruption.policy = EXCEPTION (default)
2019-11-15 05:36:34,929 [pool-37-thread-1] INFO  storage.RaftStorageDirectory (RaftStorageDirectory.java:analyzeStorage(246)) - The storage directory /workdir/hadoop-ozone/tools/target/test-dir/MiniOzoneClusterImpl-52992b3b-5a88-4474-8d71-6c2c95d3246e/datanode-1/data/ratis/33da0f14-24cf-4c06-91b3-539d28787431 does not exist. Creating ...
2019-11-15 05:36:34,971 [pool-37-thread-1] INFO  storage.RaftStorageDirectory (RaftStorageDirectory.java:tryLock(328)) - Lock on /workdir/hadoop-ozone/tools/target/test-dir/MiniOzoneClusterImpl-52992b3b-5a88-4474-8d71-6c2c95d3246e/datanode-1/data/ratis/33da0f14-24cf-4c06-91b3-539d28787431/in_use.lock acquired by nodename 25890@pr-hdds-2498-sbs7n-842119931
2019-11-15 05:36:34,997 [pool-37-thread-1] INFO  storage.RaftStorage (RaftStorage.java:format(84)) - Storage directory /workdir/hadoop-ozone/tools/target/test-dir/MiniOzoneClusterImpl-52992b3b-5a88-4474-8d71-6c2c95d3246e/datanode-1/data/ratis/33da0f14-24cf-4c06-91b3-539d28787431 has been successfully formatted.
2019-11-15 05:36:34,997 [pool-37-thread-1] INFO  ratis.ContainerStateMachine (ContainerStateMachine.java:loadSnapshot(223)) - group-539D28787431: The snapshot info is null. Setting the last applied indexto:(t:0, i:~)
2019-11-15 05:36:34,997 [pool-37-thread-1] INFO  server.RaftServerConfigKeys (ConfUtils.java:logGet(43)) - raft.server.notification.no-leader.timeout = 120s (custom)
2019-11-15 05:36:34,997 [pool-37-thread-1] INFO  server.RaftServerConfigKeys (ConfUtils.java:logGet(43)) - raft.server.log.use.memory = false (default)
2019-11-15 05:36:34,998 [pool-37-thread-1] INFO  server.RaftServerConfigKeys (ConfUtils.java:logGet(43)) - raft.server.log.purge.gap = 1000000 (custom)
2019-11-15 05:36:34,998 [pool-37-thread-1] INFO  server.RaftServerConfigKeys (ConfUtils.java:logGet(43)) - raft.server.log.appender.buffer.byte-limit = 33554432 (custom)
2019-11-15 05:36:34,998 [pool-37-thread-1] INFO  server.RaftServerConfigKeys (ConfUtils.java:logGet(43)) - raft.server.log.segment.size.max = 1048576 (custom)
2019-11-15 05:36:34,998 [pool-37-thread-1] WARN  impl.MetricRegistriesImpl (MetricRegistriesImpl.java:lambda$create$1(61)) - First MetricRegistry has been created without registering reporters. You may need to call MetricRegistries.global().addReportRegistration(...) before.
2019-11-15 05:36:34,998 [pool-37-thread-1] INFO  server.RaftServerConfigKeys (ConfUtils.java:logGet(43)) - raft.server.log.segment.cache.num.max = 2 (custom)
2019-11-15 05:36:34,998 [pool-37-thread-1] INFO  segmented.SegmentedRaftLogWorker (SegmentedRaftLogWorker.java:<init>(173)) - new 83ab7eea-2486-4beb-94b4-d7f00fbd5fbc@group-539D28787431-SegmentedRaftLogWorker for RaftStorage:Storage Directory /workdir/hadoop-ozone/tools/target/test-dir/MiniOzoneClusterImpl-52992b3b-5a88-4474-8d71-6c2c95d3246e/datanode-1/data/ratis/33da0f14-24cf-4c06-91b3-539d28787431
2019-11-15 05:36:34,999 [pool-37-thread-1] INFO  server.RaftServerConfigKeys (ConfUtils.java:logGet(43)) - raft.server.log.queue.byte-limit = 2147483647 (custom)
2019-11-15 05:36:34,999 [pool-37-thread-1] INFO  server.RaftServerConfigKeys (ConfUtils.java:logGet(43)) - raft.server.log.queue.element-limit = 1024 (custom)
2019-11-15 05:36:34,999 [pool-37-thread-1] INFO  server.RaftServerConfigKeys (ConfUtils.java:logGet(43)) - raft.server.log.segment.size.max = 1048576 (custom)
2019-11-15 05:36:34,999 [pool-37-thread-1] INFO  server.RaftServerConfigKeys (ConfUtils.java:logGet(43)) - raft.server.log.preallocated.size = 16384 (custom)
2019-11-15 05:36:34,999 [pool-37-thread-1] INFO  server.RaftServerConfigKeys (ConfUtils.java:logGet(43)) - raft.server.log.write.buffer.size = 33554432 (custom)
2019-11-15 05:36:34,999 [pool-37-thread-1] INFO  server.RaftServerConfigKeys (ConfUtils.java:logGet(43)) - raft.server.log.force.sync.num = 128 (default)
2019-11-15 05:36:35,000 [pool-37-thread-1] INFO  server.RaftServerConfigKeys (ConfUtils.java:logGet(43)) - raft.server.log.statemachine.data.sync = true (default)
2019-11-15 05:36:35,000 [pool-37-thread-1] INFO  server.RaftServerConfigKeys (ConfUtils.java:logGet(43)) - raft.server.log.statemachine.data.sync.timeout = 10s (default)
2019-11-15 05:36:35,000 [pool-37-thread-1] INFO  server.RaftServerConfigKeys (ConfUtils.java:logGet(43)) - raft.server.log.statemachine.data.sync.timeout.retry = -1 (default)
2019-11-15 05:36:35,000 [pool-37-thread-1] INFO  server.RaftServerConfigKeys (ConfUtils.java:logGet(43)) - raft.server.log.statemachine.data.caching.enabled = true (custom)
2019-11-15 05:36:35,001 [pool-37-thread-1] INFO  segmented.SegmentedRaftLogWorker (SegmentedRaftLogWorker.java:lambda$new$0(128)) - 83ab7eea-2486-4beb-94b4-d7f00fbd5fbc@group-539D28787431-SegmentedRaftLogWorker: flushIndex: setUnconditionally 0 -> -1
2019-11-15 05:36:35,001 [pool-37-thread-1] INFO  server.RaftServerConfigKeys (ConfUtils.java:logGet(43)) - raft.server.snapshot.auto.trigger.enabled = true (custom)
2019-11-15 05:36:35,001 [pool-37-thread-1] INFO  server.RaftServerConfigKeys (ConfUtils.java:logGet(43)) - raft.server.snapshot.auto.trigger.threshold = 10000 (custom)
2019-11-15 05:36:35,002 [pool-37-thread-1] INFO  server.RaftServerConfigKeys (ConfUtils.java:logGet(43)) - raft.server.snapshot.retention.file.num = 5 (custom)
2019-11-15 05:36:35,002 [pool-37-thread-1] INFO  server.RaftServerConfigKeys (ConfUtils.java:logGet(43)) - raft.server.retrycache.expirytime = 600000ms (custom)
2019-11-15 05:36:35,002 [pool-37-thread-1] WARN  impl.MetricRegistriesImpl (MetricRegistriesImpl.java:lambda$create$1(61)) - First MetricRegistry has been created without registering reporters. You may need to call MetricRegistries.global().addReportRegistration(...) before.
2019-11-15 05:36:35,002 [pool-37-thread-1] WARN  impl.MetricRegistriesImpl (MetricRegistriesImpl.java:lambda$create$1(61)) - First MetricRegistry has been created without registering reporters. You may need to call MetricRegistries.global().addReportRegistration(...) before.
2019-11-15 05:36:35,003 [pool-37-thread-1] INFO  impl.RaftServerImpl (RaftServerImpl.java:start(184)) - 83ab7eea-2486-4beb-94b4-d7f00fbd5fbc@group-539D28787431: start as a follower, conf=-1: [83ab7eea-2486-4beb-94b4-d7f00fbd5fbc:192.168.69.70:38203], old=null
2019-11-15 05:36:35,003 [pool-37-thread-1] INFO  impl.RaftServerImpl (RaftServerImpl.java:setRole(173)) - 83ab7eea-2486-4beb-94b4-d7f00fbd5fbc@group-539D28787431: changes role from      null to FOLLOWER at term 0 for startAsFollower
2019-11-15 05:36:35,003 [pool-37-thread-1] INFO  impl.RoleInfo (RoleInfo.java:updateAndGet(143)) - 83ab7eea-2486-4beb-94b4-d7f00fbd5fbc: start FollowerState
2019-11-15 05:36:35,003 [pool-37-thread-1] INFO  util.JmxRegister (JmxRegister.java:tryRegister(44)) - Successfully registered JMX Bean with object name Ratis:service=RaftServer,group=group-539D28787431,id=83ab7eea-2486-4beb-94b4-d7f00fbd5fbc
2019-11-15 05:36:35,004 [pool-37-thread-1] WARN  impl.MetricRegistriesImpl (MetricRegistriesImpl.java:lambda$create$1(61)) - First MetricRegistry has been created without registering reporters. You may need to call MetricRegistries.global().addReportRegistration(...) before.
2019-11-15 05:36:35,013 [RatisPipelineUtilsThread] INFO  pipeline.PipelineStateManager (PipelineStateManager.java:addPipeline(55)) - Created pipeline Pipeline[ Id: 33da0f14-24cf-4c06-91b3-539d28787431, Nodes: 83ab7eea-2486-4beb-94b4-d7f00fbd5fbc{ip: 192.168.69.70, host: pr-hdds-2498-sbs7n-842119931, networkLocation: /default-rack, certSerialId: null}, Type:RATIS, Factor:ONE, State:ALLOCATED]
2019-11-15 05:36:35,043 [grpc-default-executor-1] INFO  impl.RaftServerProxy (RaftServerProxy.java:addNew(89)) - 3e233443-f0f1-4e61-b8a9-b47569f95910: addNew group-F40C22B92301:[3e233443-f0f1-4e61-b8a9-b47569f95910:192.168.69.70:44304, ba3a32cc-462d-433b-80fb-e16a70a9f199:192.168.69.70:46056, 83ab7eea-2486-4beb-94b4-d7f00fbd5fbc:192.168.69.70:38203] returns group-F40C22B92301:java.util.concurrent.CompletableFuture@529bb4bf[Not completed]
2019-11-15 05:36:35,043 [grpc-default-executor-2] INFO  impl.RaftServerProxy (RaftServerProxy.java:addNew(89)) - 83ab7eea-2486-4beb-94b4-d7f00fbd5fbc: addNew group-F40C22B92301:[3e233443-f0f1-4e61-b8a9-b47569f95910:192.168.69.70:44304, ba3a32cc-462d-433b-80fb-e16a70a9f199:192.168.69.70:46056, 83ab7eea-2486-4beb-94b4-d7f00fbd5fbc:192.168.69.70:38203] returns group-F40C22B92301:java.util.concurrent.CompletableFuture@469a9e15[Not completed]
2019-11-15 05:36:35,045 [grpc-default-executor-2] INFO  impl.RaftServerProxy (RaftServerProxy.java:addNew(89)) - ba3a32cc-462d-433b-80fb-e16a70a9f199: addNew group-F40C22B92301:[3e233443-f0f1-4e61-b8a9-b47569f95910:192.168.69.70:44304, ba3a32cc-462d-433b-80fb-e16a70a9f199:192.168.69.70:46056, 83ab7eea-2486-4beb-94b4-d7f00fbd5fbc:192.168.69.70:38203] returns group-F40C22B92301:java.util.concurrent.CompletableFuture@580a0c69[Not completed]
2019-11-15 05:36:35,047 [pool-37-thread-1] INFO  impl.RaftServerImpl (RaftServerImpl.java:<init>(98)) - 83ab7eea-2486-4beb-94b4-d7f00fbd5fbc: new RaftServerImpl for group-F40C22B92301:[3e233443-f0f1-4e61-b8a9-b47569f95910:192.168.69.70:44304, ba3a32cc-462d-433b-80fb-e16a70a9f199:192.168.69.70:46056, 83ab7eea-2486-4beb-94b4-d7f00fbd5fbc:192.168.69.70:38203] with ContainerStateMachine:uninitialized
2019-11-15 05:36:35,047 [pool-37-thread-1] INFO  server.RaftServerConfigKeys (ConfUtils.java:logGet(43)) - raft.server.rpc.timeout.min = 5s (custom)
2019-11-15 05:36:35,047 [pool-37-thread-1] INFO  server.RaftServerConfigKeys (ConfUtils.java:logGet(43)) - raft.server.rpc.timeout.max = 5200ms (custom)
2019-11-15 05:36:35,048 [pool-37-thread-1] INFO  server.RaftServerConfigKeys (ConfUtils.java:logGet(43)) - raft.server.rpcslowness.timeout = 120s (custom)
2019-11-15 05:36:35,048 [pool-37-thread-1] INFO  server.RaftServerConfigKeys (ConfUtils.java:logGet(43)) - raft.server.sleep.deviation.threshold = 300 (default)
2019-11-15 05:36:35,048 [pool-37-thread-1] INFO  server.RaftServerConfigKeys (ConfUtils.java:logGet(43)) - raft.server.log.appender.install.snapshot.enabled = false (custom)
2019-11-15 05:36:35,048 [pool-37-thread-1] INFO  impl.RaftServerImpl (ServerState.java:<init>(103)) - 83ab7eea-2486-4beb-94b4-d7f00fbd5fbc@group-F40C22B92301: ConfigurationManager, init=-1: [3e233443-f0f1-4e61-b8a9-b47569f95910:192.168.69.70:44304, ba3a32cc-462d-433b-80fb-e16a70a9f199:192.168.69.70:46056, 83ab7eea-2486-4beb-94b4-d7f00fbd5fbc:192.168.69.70:38203], old=null, confs=<EMPTY_MAP>
2019-11-15 05:36:35,048 [pool-27-thread-1] INFO  impl.RaftServerImpl (RaftServerImpl.java:<init>(98)) - ba3a32cc-462d-433b-80fb-e16a70a9f199: new RaftServerImpl for group-F40C22B92301:[3e233443-f0f1-4e61-b8a9-b47569f95910:192.168.69.70:44304, ba3a32cc-462d-433b-80fb-e16a70a9f199:192.168.69.70:46056, 83ab7eea-2486-4beb-94b4-d7f00fbd5fbc:192.168.69.70:38203] with ContainerStateMachine:uninitialized
2019-11-15 05:36:35,049 [pool-37-thread-1] INFO  server.RaftServerConfigKeys (ConfUtils.java:logGet(43)) - raft.server.storage.dir = [/workdir/hadoop-ozone/tools/target/test-dir/MiniOzoneClusterImpl-52992b3b-5a88-4474-8d71-6c2c95d3246e/datanode-1/data/ratis] (custom)
2019-11-15 05:36:35,049 [pool-27-thread-1] INFO  server.RaftServerConfigKeys (ConfUtils.java:logGet(43)) - raft.server.rpc.timeout.min = 5s (custom)
2019-11-15 05:36:35,049 [pool-27-thread-1] INFO  server.RaftServerConfigKeys (ConfUtils.java:logGet(43)) - raft.server.rpc.timeout.max = 5200ms (custom)
2019-11-15 05:36:35,050 [pool-37-thread-1] INFO  server.RaftServerConfigKeys (ConfUtils.java:logGet(43)) - raft.server.log.corruption.policy = EXCEPTION (default)
2019-11-15 05:36:35,050 [pool-27-thread-1] INFO  server.RaftServerConfigKeys (ConfUtils.java:logGet(43)) - raft.server.rpcslowness.timeout = 120s (custom)
2019-11-15 05:36:35,050 [pool-37-thread-1] INFO  storage.RaftStorageDirectory (RaftStorageDirectory.java:analyzeStorage(246)) - The storage directory /workdir/hadoop-ozone/tools/target/test-dir/MiniOzoneClusterImpl-52992b3b-5a88-4474-8d71-6c2c95d3246e/datanode-1/data/ratis/34110e8d-fcfd-4e7c-b8c8-f40c22b92301 does not exist. Creating ...
2019-11-15 05:36:35,050 [pool-27-thread-1] INFO  server.RaftServerConfigKeys (ConfUtils.java:logGet(43)) - raft.server.sleep.deviation.threshold = 300 (default)
2019-11-15 05:36:35,051 [pool-27-thread-1] INFO  server.RaftServerConfigKeys (ConfUtils.java:logGet(43)) - raft.server.log.appender.install.snapshot.enabled = false (custom)
2019-11-15 05:36:35,051 [pool-27-thread-1] INFO  impl.RaftServerImpl (ServerState.java:<init>(103)) - ba3a32cc-462d-433b-80fb-e16a70a9f199@group-F40C22B92301: ConfigurationManager, init=-1: [3e233443-f0f1-4e61-b8a9-b47569f95910:192.168.69.70:44304, ba3a32cc-462d-433b-80fb-e16a70a9f199:192.168.69.70:46056, 83ab7eea-2486-4beb-94b4-d7f00fbd5fbc:192.168.69.70:38203], old=null, confs=<EMPTY_MAP>
2019-11-15 05:36:35,051 [pool-27-thread-1] INFO  server.RaftServerConfigKeys (ConfUtils.java:logGet(43)) - raft.server.storage.dir = [/workdir/hadoop-ozone/tools/target/test-dir/MiniOzoneClusterImpl-52992b3b-5a88-4474-8d71-6c2c95d3246e/datanode-0/data/ratis] (custom)
2019-11-15 05:36:35,052 [pool-27-thread-1] INFO  server.RaftServerConfigKeys (ConfUtils.java:logGet(43)) - raft.server.log.corruption.policy = EXCEPTION (default)
2019-11-15 05:36:35,052 [pool-27-thread-1] INFO  storage.RaftStorageDirectory (RaftStorageDirectory.java:analyzeStorage(246)) - The storage directory /workdir/hadoop-ozone/tools/target/test-dir/MiniOzoneClusterImpl-52992b3b-5a88-4474-8d71-6c2c95d3246e/datanode-0/data/ratis/34110e8d-fcfd-4e7c-b8c8-f40c22b92301 does not exist. Creating ...
2019-11-15 05:36:35,053 [pool-47-thread-1] INFO  impl.RaftServerImpl (RaftServerImpl.java:<init>(98)) - 3e233443-f0f1-4e61-b8a9-b47569f95910: new RaftServerImpl for group-F40C22B92301:[3e233443-f0f1-4e61-b8a9-b47569f95910:192.168.69.70:44304, ba3a32cc-462d-433b-80fb-e16a70a9f199:192.168.69.70:46056, 83ab7eea-2486-4beb-94b4-d7f00fbd5fbc:192.168.69.70:38203] with ContainerStateMachine:uninitialized
2019-11-15 05:36:35,053 [pool-47-thread-1] INFO  server.RaftServerConfigKeys (ConfUtils.java:logGet(43)) - raft.server.rpc.timeout.min = 5s (custom)
2019-11-15 05:36:35,053 [pool-47-thread-1] INFO  server.RaftServerConfigKeys (ConfUtils.java:logGet(43)) - raft.server.rpc.timeout.max = 5200ms (custom)
2019-11-15 05:36:35,054 [pool-47-thread-1] INFO  server.RaftServerConfigKeys (ConfUtils.java:logGet(43)) - raft.server.rpcslowness.timeout = 120s (custom)
2019-11-15 05:36:35,054 [pool-47-thread-1] INFO  server.RaftServerConfigKeys (ConfUtils.java:logGet(43)) - raft.server.sleep.deviation.threshold = 300 (default)
2019-11-15 05:36:35,054 [pool-47-thread-1] INFO  server.RaftServerConfigKeys (ConfUtils.java:logGet(43)) - raft.server.log.appender.install.snapshot.enabled = false (custom)
2019-11-15 05:36:35,054 [pool-47-thread-1] INFO  impl.RaftServerImpl (ServerState.java:<init>(103)) - 3e233443-f0f1-4e61-b8a9-b47569f95910@group-F40C22B92301: ConfigurationManager, init=-1: [3e233443-f0f1-4e61-b8a9-b47569f95910:192.168.69.70:44304, ba3a32cc-462d-433b-80fb-e16a70a9f199:192.168.69.70:46056, 83ab7eea-2486-4beb-94b4-d7f00fbd5fbc:192.168.69.70:38203], old=null, confs=<EMPTY_MAP>
2019-11-15 05:36:35,055 [pool-47-thread-1] INFO  server.RaftServerConfigKeys (ConfUtils.java:logGet(43)) - raft.server.storage.dir = [/workdir/hadoop-ozone/tools/target/test-dir/MiniOzoneClusterImpl-52992b3b-5a88-4474-8d71-6c2c95d3246e/datanode-2/data/ratis] (custom)
2019-11-15 05:36:35,055 [pool-47-thread-1] INFO  server.RaftServerConfigKeys (ConfUtils.java:logGet(43)) - raft.server.log.corruption.policy = EXCEPTION (default)
2019-11-15 05:36:35,056 [pool-47-thread-1] INFO  storage.RaftStorageDirectory (RaftStorageDirectory.java:analyzeStorage(246)) - The storage directory /workdir/hadoop-ozone/tools/target/test-dir/MiniOzoneClusterImpl-52992b3b-5a88-4474-8d71-6c2c95d3246e/datanode-2/data/ratis/34110e8d-fcfd-4e7c-b8c8-f40c22b92301 does not exist. Creating ...
2019-11-15 05:36:35,081 [pool-47-thread-1] INFO  storage.RaftStorageDirectory (RaftStorageDirectory.java:tryLock(328)) - Lock on /workdir/hadoop-ozone/tools/target/test-dir/MiniOzoneClusterImpl-52992b3b-5a88-4474-8d71-6c2c95d3246e/datanode-2/data/ratis/34110e8d-fcfd-4e7c-b8c8-f40c22b92301/in_use.lock acquired by nodename 25890@pr-hdds-2498-sbs7n-842119931
2019-11-15 05:36:35,081 [pool-37-thread-1] INFO  storage.RaftStorageDirectory (RaftStorageDirectory.java:tryLock(328)) - Lock on /workdir/hadoop-ozone/tools/target/test-dir/MiniOzoneClusterImpl-52992b3b-5a88-4474-8d71-6c2c95d3246e/datanode-1/data/ratis/34110e8d-fcfd-4e7c-b8c8-f40c22b92301/in_use.lock acquired by nodename 25890@pr-hdds-2498-sbs7n-842119931
2019-11-15 05:36:35,081 [pool-27-thread-1] INFO  storage.RaftStorageDirectory (RaftStorageDirectory.java:tryLock(328)) - Lock on /workdir/hadoop-ozone/tools/target/test-dir/MiniOzoneClusterImpl-52992b3b-5a88-4474-8d71-6c2c95d3246e/datanode-0/data/ratis/34110e8d-fcfd-4e7c-b8c8-f40c22b92301/in_use.lock acquired by nodename 25890@pr-hdds-2498-sbs7n-842119931
2019-11-15 05:36:35,115 [pool-27-thread-1] INFO  storage.RaftStorage (RaftStorage.java:format(84)) - Storage directory /workdir/hadoop-ozone/tools/target/test-dir/MiniOzoneClusterImpl-52992b3b-5a88-4474-8d71-6c2c95d3246e/datanode-0/data/ratis/34110e8d-fcfd-4e7c-b8c8-f40c22b92301 has been successfully formatted.
2019-11-15 05:36:35,115 [pool-37-thread-1] INFO  storage.RaftStorage (RaftStorage.java:format(84)) - Storage directory /workdir/hadoop-ozone/tools/target/test-dir/MiniOzoneClusterImpl-52992b3b-5a88-4474-8d71-6c2c95d3246e/datanode-1/data/ratis/34110e8d-fcfd-4e7c-b8c8-f40c22b92301 has been successfully formatted.
2019-11-15 05:36:35,115 [pool-47-thread-1] INFO  storage.RaftStorage (RaftStorage.java:format(84)) - Storage directory /workdir/hadoop-ozone/tools/target/test-dir/MiniOzoneClusterImpl-52992b3b-5a88-4474-8d71-6c2c95d3246e/datanode-2/data/ratis/34110e8d-fcfd-4e7c-b8c8-f40c22b92301 has been successfully formatted.
2019-11-15 05:36:35,116 [pool-27-thread-1] INFO  ratis.ContainerStateMachine (ContainerStateMachine.java:loadSnapshot(223)) - group-F40C22B92301: The snapshot info is null. Setting the last applied indexto:(t:0, i:~)
2019-11-15 05:36:35,116 [pool-37-thread-1] INFO  ratis.ContainerStateMachine (ContainerStateMachine.java:loadSnapshot(223)) - group-F40C22B92301: The snapshot info is null. Setting the last applied indexto:(t:0, i:~)
2019-11-15 05:36:35,116 [pool-27-thread-1] INFO  server.RaftServerConfigKeys (ConfUtils.java:logGet(43)) - raft.server.notification.no-leader.timeout = 120s (custom)
2019-11-15 05:36:35,116 [pool-37-thread-1] INFO  server.RaftServerConfigKeys (ConfUtils.java:logGet(43)) - raft.server.notification.no-leader.timeout = 120s (custom)
2019-11-15 05:36:35,116 [pool-47-thread-1] INFO  ratis.ContainerStateMachine (ContainerStateMachine.java:loadSnapshot(223)) - group-F40C22B92301: The snapshot info is null. Setting the last applied indexto:(t:0, i:~)
2019-11-15 05:36:35,117 [pool-37-thread-1] INFO  server.RaftServerConfigKeys (ConfUtils.java:logGet(43)) - raft.server.log.use.memory = false (default)
2019-11-15 05:36:35,116 [pool-27-thread-1] INFO  server.RaftServerConfigKeys (ConfUtils.java:logGet(43)) - raft.server.log.use.memory = false (default)
2019-11-15 05:36:35,117 [pool-47-thread-1] INFO  server.RaftServerConfigKeys (ConfUtils.java:logGet(43)) - raft.server.notification.no-leader.timeout = 120s (custom)
2019-11-15 05:36:35,117 [pool-27-thread-1] INFO  server.RaftServerConfigKeys (ConfUtils.java:logGet(43)) - raft.server.log.purge.gap = 1000000 (custom)
2019-11-15 05:36:35,117 [pool-37-thread-1] INFO  server.RaftServerConfigKeys (ConfUtils.java:logGet(43)) - raft.server.log.purge.gap = 1000000 (custom)
2019-11-15 05:36:35,117 [pool-27-thread-1] INFO  server.RaftServerConfigKeys (ConfUtils.java:logGet(43)) - raft.server.log.appender.buffer.byte-limit = 33554432 (custom)
2019-11-15 05:36:35,117 [pool-47-thread-1] INFO  server.RaftServerConfigKeys (ConfUtils.java:logGet(43)) - raft.server.log.use.memory = false (default)
2019-11-15 05:36:35,118 [pool-27-thread-1] INFO  server.RaftServerConfigKeys (ConfUtils.java:logGet(43)) - raft.server.log.segment.size.max = 1048576 (custom)
2019-11-15 05:36:35,117 [pool-37-thread-1] INFO  server.RaftServerConfigKeys (ConfUtils.java:logGet(43)) - raft.server.log.appender.buffer.byte-limit = 33554432 (custom)
2019-11-15 05:36:35,118 [pool-27-thread-1] INFO  server.RaftServerConfigKeys (ConfUtils.java:logGet(43)) - raft.server.log.segment.cache.num.max = 2 (custom)
2019-11-15 05:36:35,118 [pool-47-thread-1] INFO  server.RaftServerConfigKeys (ConfUtils.java:logGet(43)) - raft.server.log.purge.gap = 1000000 (custom)
2019-11-15 05:36:35,118 [pool-27-thread-1] INFO  segmented.SegmentedRaftLogWorker (SegmentedRaftLogWorker.java:<init>(173)) - new ba3a32cc-462d-433b-80fb-e16a70a9f199@group-F40C22B92301-SegmentedRaftLogWorker for RaftStorage:Storage Directory /workdir/hadoop-ozone/tools/target/test-dir/MiniOzoneClusterImpl-52992b3b-5a88-4474-8d71-6c2c95d3246e/datanode-0/data/ratis/34110e8d-fcfd-4e7c-b8c8-f40c22b92301
2019-11-15 05:36:35,118 [pool-37-thread-1] INFO  server.RaftServerConfigKeys (ConfUtils.java:logGet(43)) - raft.server.log.segment.size.max = 1048576 (custom)
2019-11-15 05:36:35,118 [pool-27-thread-1] INFO  server.RaftServerConfigKeys (ConfUtils.java:logGet(43)) - raft.server.log.queue.byte-limit = 2147483647 (custom)
2019-11-15 05:36:35,119 [pool-37-thread-1] INFO  server.RaftServerConfigKeys (ConfUtils.java:logGet(43)) - raft.server.log.segment.cache.num.max = 2 (custom)
2019-11-15 05:36:35,118 [pool-47-thread-1] INFO  server.RaftServerConfigKeys (ConfUtils.java:logGet(43)) - raft.server.log.appender.buffer.byte-limit = 33554432 (custom)
2019-11-15 05:36:35,119 [pool-37-thread-1] INFO  segmented.SegmentedRaftLogWorker (SegmentedRaftLogWorker.java:<init>(173)) - new 83ab7eea-2486-4beb-94b4-d7f00fbd5fbc@group-F40C22B92301-SegmentedRaftLogWorker for RaftStorage:Storage Directory /workdir/hadoop-ozone/tools/target/test-dir/MiniOzoneClusterImpl-52992b3b-5a88-4474-8d71-6c2c95d3246e/datanode-1/data/ratis/34110e8d-fcfd-4e7c-b8c8-f40c22b92301
2019-11-15 05:36:35,119 [pool-27-thread-1] INFO  server.RaftServerConfigKeys (ConfUtils.java:logGet(43)) - raft.server.log.queue.element-limit = 1024 (custom)
2019-11-15 05:36:35,119 [pool-37-thread-1] INFO  server.RaftServerConfigKeys (ConfUtils.java:logGet(43)) - raft.server.log.queue.byte-limit = 2147483647 (custom)
2019-11-15 05:36:35,119 [pool-47-thread-1] INFO  server.RaftServerConfigKeys (ConfUtils.java:logGet(43)) - raft.server.log.segment.size.max = 1048576 (custom)
2019-11-15 05:36:35,119 [pool-37-thread-1] INFO  server.RaftServerConfigKeys (ConfUtils.java:logGet(43)) - raft.server.log.queue.element-limit = 1024 (custom)
2019-11-15 05:36:35,119 [pool-27-thread-1] INFO  server.RaftServerConfigKeys (ConfUtils.java:logGet(43)) - raft.server.log.segment.size.max = 1048576 (custom)
2019-11-15 05:36:35,120 [pool-37-thread-1] INFO  server.RaftServerConfigKeys (ConfUtils.java:logGet(43)) - raft.server.log.segment.size.max = 1048576 (custom)
2019-11-15 05:36:35,119 [pool-47-thread-1] INFO  server.RaftServerConfigKeys (ConfUtils.java:logGet(43)) - raft.server.log.segment.cache.num.max = 2 (custom)
2019-11-15 05:36:35,120 [pool-37-thread-1] INFO  server.RaftServerConfigKeys (ConfUtils.java:logGet(43)) - raft.server.log.preallocated.size = 16384 (custom)
2019-11-15 05:36:35,120 [pool-27-thread-1] INFO  server.RaftServerConfigKeys (ConfUtils.java:logGet(43)) - raft.server.log.preallocated.size = 16384 (custom)
2019-11-15 05:36:35,120 [pool-37-thread-1] INFO  server.RaftServerConfigKeys (ConfUtils.java:logGet(43)) - raft.server.log.write.buffer.size = 33554432 (custom)
2019-11-15 05:36:35,120 [pool-47-thread-1] INFO  segmented.SegmentedRaftLogWorker (SegmentedRaftLogWorker.java:<init>(173)) - new 3e233443-f0f1-4e61-b8a9-b47569f95910@group-F40C22B92301-SegmentedRaftLogWorker for RaftStorage:Storage Directory /workdir/hadoop-ozone/tools/target/test-dir/MiniOzoneClusterImpl-52992b3b-5a88-4474-8d71-6c2c95d3246e/datanode-2/data/ratis/34110e8d-fcfd-4e7c-b8c8-f40c22b92301
2019-11-15 05:36:35,120 [pool-37-thread-1] INFO  server.RaftServerConfigKeys (ConfUtils.java:logGet(43)) - raft.server.log.force.sync.num = 128 (default)
2019-11-15 05:36:35,120 [pool-27-thread-1] INFO  server.RaftServerConfigKeys (ConfUtils.java:logGet(43)) - raft.server.log.write.buffer.size = 33554432 (custom)
2019-11-15 05:36:35,121 [pool-37-thread-1] INFO  server.RaftServerConfigKeys (ConfUtils.java:logGet(43)) - raft.server.log.statemachine.data.sync = true (default)
2019-11-15 05:36:35,121 [pool-47-thread-1] INFO  server.RaftServerConfigKeys (ConfUtils.java:logGet(43)) - raft.server.log.queue.byte-limit = 2147483647 (custom)
2019-11-15 05:36:35,121 [pool-37-thread-1] INFO  server.RaftServerConfigKeys (ConfUtils.java:logGet(43)) - raft.server.log.statemachine.data.sync.timeout = 10s (default)
2019-11-15 05:36:35,121 [pool-27-thread-1] INFO  server.RaftServerConfigKeys (ConfUtils.java:logGet(43)) - raft.server.log.force.sync.num = 128 (default)
2019-11-15 05:36:35,121 [pool-37-thread-1] INFO  server.RaftServerConfigKeys (ConfUtils.java:logGet(43)) - raft.server.log.statemachine.data.sync.timeout.retry = -1 (default)
2019-11-15 05:36:35,121 [pool-47-thread-1] INFO  server.RaftServerConfigKeys (ConfUtils.java:logGet(43)) - raft.server.log.queue.element-limit = 1024 (custom)
2019-11-15 05:36:35,121 [pool-27-thread-1] INFO  server.RaftServerConfigKeys (ConfUtils.java:logGet(43)) - raft.server.log.statemachine.data.sync = true (default)
2019-11-15 05:36:35,122 [pool-37-thread-1] INFO  server.RaftServerConfigKeys (ConfUtils.java:logGet(43)) - raft.server.log.statemachine.data.caching.enabled = true (custom)
2019-11-15 05:36:35,122 [pool-47-thread-1] INFO  server.RaftServerConfigKeys (ConfUtils.java:logGet(43)) - raft.server.log.segment.size.max = 1048576 (custom)
2019-11-15 05:36:35,122 [pool-27-thread-1] INFO  server.RaftServerConfigKeys (ConfUtils.java:logGet(43)) - raft.server.log.statemachine.data.sync.timeout = 10s (default)
2019-11-15 05:36:35,122 [pool-47-thread-1] INFO  server.RaftServerConfigKeys (ConfUtils.java:logGet(43)) - raft.server.log.preallocated.size = 16384 (custom)
2019-11-15 05:36:35,122 [pool-37-thread-1] INFO  segmented.SegmentedRaftLogWorker (SegmentedRaftLogWorker.java:lambda$new$0(128)) - 83ab7eea-2486-4beb-94b4-d7f00fbd5fbc@group-F40C22B92301-SegmentedRaftLogWorker: flushIndex: setUnconditionally 0 -> -1
2019-11-15 05:36:35,122 [pool-27-thread-1] INFO  server.RaftServerConfigKeys (ConfUtils.java:logGet(43)) - raft.server.log.statemachine.data.sync.timeout.retry = -1 (default)
2019-11-15 05:36:35,122 [pool-47-thread-1] INFO  server.RaftServerConfigKeys (ConfUtils.java:logGet(43)) - raft.server.log.write.buffer.size = 33554432 (custom)
2019-11-15 05:36:35,123 [pool-37-thread-1] INFO  server.RaftServerConfigKeys (ConfUtils.java:logGet(43)) - raft.server.snapshot.auto.trigger.enabled = true (custom)
2019-11-15 05:36:35,123 [pool-27-thread-1] INFO  server.RaftServerConfigKeys (ConfUtils.java:logGet(43)) - raft.server.log.statemachine.data.caching.enabled = true (custom)
2019-11-15 05:36:35,123 [pool-47-thread-1] INFO  server.RaftServerConfigKeys (ConfUtils.java:logGet(43)) - raft.server.log.force.sync.num = 128 (default)
2019-11-15 05:36:35,123 [pool-37-thread-1] INFO  server.RaftServerConfigKeys (ConfUtils.java:logGet(43)) - raft.server.snapshot.auto.trigger.threshold = 10000 (custom)
2019-11-15 05:36:35,123 [pool-47-thread-1] INFO  server.RaftServerConfigKeys (ConfUtils.java:logGet(43)) - raft.server.log.statemachine.data.sync = true (default)
2019-11-15 05:36:35,123 [pool-27-thread-1] INFO  segmented.SegmentedRaftLogWorker (SegmentedRaftLogWorker.java:lambda$new$0(128)) - ba3a32cc-462d-433b-80fb-e16a70a9f199@group-F40C22B92301-SegmentedRaftLogWorker: flushIndex: setUnconditionally 0 -> -1
2019-11-15 05:36:35,123 [pool-37-thread-1] INFO  server.RaftServerConfigKeys (ConfUtils.java:logGet(43)) - raft.server.snapshot.retention.file.num = 5 (custom)
2019-11-15 05:36:35,123 [pool-47-thread-1] INFO  server.RaftServerConfigKeys (ConfUtils.java:logGet(43)) - raft.server.log.statemachine.data.sync.timeout = 10s (default)
2019-11-15 05:36:35,124 [pool-27-thread-1] INFO  server.RaftServerConfigKeys (ConfUtils.java:logGet(43)) - raft.server.snapshot.auto.trigger.enabled = true (custom)
2019-11-15 05:36:35,124 [pool-47-thread-1] INFO  server.RaftServerConfigKeys (ConfUtils.java:logGet(43)) - raft.server.log.statemachine.data.sync.timeout.retry = -1 (default)
2019-11-15 05:36:35,124 [pool-37-thread-1] INFO  server.RaftServerConfigKeys (ConfUtils.java:logGet(43)) - raft.server.retrycache.expirytime = 600000ms (custom)
2019-11-15 05:36:35,124 [pool-47-thread-1] INFO  server.RaftServerConfigKeys (ConfUtils.java:logGet(43)) - raft.server.log.statemachine.data.caching.enabled = true (custom)
2019-11-15 05:36:35,124 [pool-27-thread-1] INFO  server.RaftServerConfigKeys (ConfUtils.java:logGet(43)) - raft.server.snapshot.auto.trigger.threshold = 10000 (custom)
2019-11-15 05:36:35,124 [pool-37-thread-1] WARN  impl.MetricRegistriesImpl (MetricRegistriesImpl.java:lambda$create$1(61)) - First MetricRegistry has been created without registering reporters. You may need to call MetricRegistries.global().addReportRegistration(...) before.
2019-11-15 05:36:35,124 [pool-47-thread-1] INFO  segmented.SegmentedRaftLogWorker (SegmentedRaftLogWorker.java:lambda$new$0(128)) - 3e233443-f0f1-4e61-b8a9-b47569f95910@group-F40C22B92301-SegmentedRaftLogWorker: flushIndex: setUnconditionally 0 -> -1
2019-11-15 05:36:35,124 [pool-27-thread-1] INFO  server.RaftServerConfigKeys (ConfUtils.java:logGet(43)) - raft.server.snapshot.retention.file.num = 5 (custom)
2019-11-15 05:36:35,124 [pool-37-thread-1] WARN  impl.MetricRegistriesImpl (MetricRegistriesImpl.java:lambda$create$1(61)) - First MetricRegistry has been created without registering reporters. You may need to call MetricRegistries.global().addReportRegistration(...) before.
2019-11-15 05:36:35,125 [pool-27-thread-1] INFO  server.RaftServerConfigKeys (ConfUtils.java:logGet(43)) - raft.server.retrycache.expirytime = 600000ms (custom)
2019-11-15 05:36:35,125 [pool-47-thread-1] INFO  server.RaftServerConfigKeys (ConfUtils.java:logGet(43)) - raft.server.snapshot.auto.trigger.enabled = true (custom)
2019-11-15 05:36:35,125 [pool-27-thread-1] WARN  impl.MetricRegistriesImpl (MetricRegistriesImpl.java:lambda$create$1(61)) - First MetricRegistry has been created without registering reporters. You may need to call MetricRegistries.global().addReportRegistration(...) before.
2019-11-15 05:36:35,125 [pool-37-thread-1] INFO  impl.RaftServerImpl (RaftServerImpl.java:start(184)) - 83ab7eea-2486-4beb-94b4-d7f00fbd5fbc@group-F40C22B92301: start as a follower, conf=-1: [3e233443-f0f1-4e61-b8a9-b47569f95910:192.168.69.70:44304, ba3a32cc-462d-433b-80fb-e16a70a9f199:192.168.69.70:46056, 83ab7eea-2486-4beb-94b4-d7f00fbd5fbc:192.168.69.70:38203], old=null
2019-11-15 05:36:35,125 [pool-27-thread-1] WARN  impl.MetricRegistriesImpl (MetricRegistriesImpl.java:lambda$create$1(61)) - First MetricRegistry has been created without registering reporters. You may need to call MetricRegistries.global().addReportRegistration(...) before.
2019-11-15 05:36:35,125 [pool-47-thread-1] INFO  server.RaftServerConfigKeys (ConfUtils.java:logGet(43)) - raft.server.snapshot.auto.trigger.threshold = 10000 (custom)
2019-11-15 05:36:35,125 [pool-37-thread-1] INFO  impl.RaftServerImpl (RaftServerImpl.java:setRole(173)) - 83ab7eea-2486-4beb-94b4-d7f00fbd5fbc@group-F40C22B92301: changes role from      null to FOLLOWER at term 0 for startAsFollower
2019-11-15 05:36:35,126 [pool-27-thread-1] INFO  impl.RaftServerImpl (RaftServerImpl.java:start(184)) - ba3a32cc-462d-433b-80fb-e16a70a9f199@group-F40C22B92301: start as a follower, conf=-1: [3e233443-f0f1-4e61-b8a9-b47569f95910:192.168.69.70:44304, ba3a32cc-462d-433b-80fb-e16a70a9f199:192.168.69.70:46056, 83ab7eea-2486-4beb-94b4-d7f00fbd5fbc:192.168.69.70:38203], old=null
2019-11-15 05:36:35,126 [pool-47-thread-1] INFO  server.RaftServerConfigKeys (ConfUtils.java:logGet(43)) - raft.server.snapshot.retention.file.num = 5 (custom)
2019-11-15 05:36:35,126 [pool-27-thread-1] INFO  impl.RaftServerImpl (RaftServerImpl.java:setRole(173)) - ba3a32cc-462d-433b-80fb-e16a70a9f199@group-F40C22B92301: changes role from      null to FOLLOWER at term 0 for startAsFollower
2019-11-15 05:36:35,126 [pool-47-thread-1] INFO  server.RaftServerConfigKeys (ConfUtils.java:logGet(43)) - raft.server.retrycache.expirytime = 600000ms (custom)
2019-11-15 05:36:35,126 [pool-37-thread-1] INFO  impl.RoleInfo (RoleInfo.java:updateAndGet(143)) - 83ab7eea-2486-4beb-94b4-d7f00fbd5fbc: start FollowerState
2019-11-15 05:36:35,126 [pool-27-thread-1] INFO  impl.RoleInfo (RoleInfo.java:updateAndGet(143)) - ba3a32cc-462d-433b-80fb-e16a70a9f199: start FollowerState
2019-11-15 05:36:35,126 [pool-47-thread-1] WARN  impl.MetricRegistriesImpl (MetricRegistriesImpl.java:lambda$create$1(61)) - First MetricRegistry has been created without registering reporters. You may need to call MetricRegistries.global().addReportRegistration(...) before.
2019-11-15 05:36:35,126 [pool-47-thread-1] WARN  impl.MetricRegistriesImpl (MetricRegistriesImpl.java:lambda$create$1(61)) - First MetricRegistry has been created without registering reporters. You may need to call MetricRegistries.global().addReportRegistration(...) before.
2019-11-15 05:36:35,127 [pool-37-thread-1] INFO  util.JmxRegister (JmxRegister.java:tryRegister(44)) - Successfully registered JMX Bean with object name Ratis:service=RaftServer,group=group-F40C22B92301,id=83ab7eea-2486-4beb-94b4-d7f00fbd5fbc
2019-11-15 05:36:35,127 [pool-47-thread-1] INFO  impl.RaftServerImpl (RaftServerImpl.java:start(184)) - 3e233443-f0f1-4e61-b8a9-b47569f95910@group-F40C22B92301: start as a follower, conf=-1: [3e233443-f0f1-4e61-b8a9-b47569f95910:192.168.69.70:44304, ba3a32cc-462d-433b-80fb-e16a70a9f199:192.168.69.70:46056, 83ab7eea-2486-4beb-94b4-d7f00fbd5fbc:192.168.69.70:38203], old=null
2019-11-15 05:36:35,127 [pool-27-thread-1] INFO  util.JmxRegister (JmxRegister.java:tryRegister(44)) - Successfully registered JMX Bean with object name Ratis:service=RaftServer,group=group-F40C22B92301,id=ba3a32cc-462d-433b-80fb-e16a70a9f199
2019-11-15 05:36:35,127 [pool-37-thread-1] WARN  impl.MetricRegistriesImpl (MetricRegistriesImpl.java:lambda$create$1(61)) - First MetricRegistry has been created without registering reporters. You may need to call MetricRegistries.global().addReportRegistration(...) before.
2019-11-15 05:36:35,127 [pool-27-thread-1] WARN  impl.MetricRegistriesImpl (MetricRegistriesImpl.java:lambda$create$1(61)) - First MetricRegistry has been created without registering reporters. You may need to call MetricRegistries.global().addReportRegistration(...) before.
2019-11-15 05:36:35,127 [pool-47-thread-1] INFO  impl.RaftServerImpl (RaftServerImpl.java:setRole(173)) - 3e233443-f0f1-4e61-b8a9-b47569f95910@group-F40C22B92301: changes role from      null to FOLLOWER at term 0 for startAsFollower
2019-11-15 05:36:35,127 [pool-47-thread-1] INFO  impl.RoleInfo (RoleInfo.java:updateAndGet(143)) - 3e233443-f0f1-4e61-b8a9-b47569f95910: start FollowerState
2019-11-15 05:36:35,128 [pool-47-thread-1] INFO  util.JmxRegister (JmxRegister.java:tryRegister(44)) - Successfully registered JMX Bean with object name Ratis:service=RaftServer,group=group-F40C22B92301,id=3e233443-f0f1-4e61-b8a9-b47569f95910
2019-11-15 05:36:35,128 [pool-47-thread-1] WARN  impl.MetricRegistriesImpl (MetricRegistriesImpl.java:lambda$create$1(61)) - First MetricRegistry has been created without registering reporters. You may need to call MetricRegistries.global().addReportRegistration(...) before.
2019-11-15 05:36:35,149 [RatisPipelineUtilsThread] INFO  pipeline.PipelineStateManager (PipelineStateManager.java:addPipeline(55)) - Created pipeline Pipeline[ Id: 34110e8d-fcfd-4e7c-b8c8-f40c22b92301, Nodes: ba3a32cc-462d-433b-80fb-e16a70a9f199{ip: 192.168.69.70, host: pr-hdds-2498-sbs7n-842119931, networkLocation: /default-rack, certSerialId: null}3e233443-f0f1-4e61-b8a9-b47569f95910{ip: 192.168.69.70, host: pr-hdds-2498-sbs7n-842119931, networkLocation: /default-rack, certSerialId: null}83ab7eea-2486-4beb-94b4-d7f00fbd5fbc{ip: 192.168.69.70, host: pr-hdds-2498-sbs7n-842119931, networkLocation: /default-rack, certSerialId: null}, Type:RATIS, Factor:THREE, State:ALLOCATED]
2019-11-15 05:36:35,151 [main] INFO  ozone.MiniOzoneClusterImpl (MiniOzoneClusterImpl.java:lambda$waitForClusterToBeReady$2(163)) - Waiting for 4 number of pipelines out of 4, to report a leader.
2019-11-15 05:36:36,153 [main] INFO  ozone.MiniOzoneClusterImpl (MiniOzoneClusterImpl.java:lambda$waitForClusterToBeReady$2(163)) - Waiting for 4 number of pipelines out of 4, to report a leader.
2019-11-15 05:36:37,005 [Thread-178] INFO  container.ReplicationManager (ReplicationManager.java:start(162)) - Starting Replication Monitor Thread.
2019-11-15 05:36:37,008 [Thread-178] INFO  pipeline.SCMPipelineManager (SCMPipelineManager.java:finalizeAndDestroyPipeline(315)) - destroying pipeline:Pipeline[ Id: 33da0f14-24cf-4c06-91b3-539d28787431, Nodes: 83ab7eea-2486-4beb-94b4-d7f00fbd5fbc{ip: 192.168.69.70, host: pr-hdds-2498-sbs7n-842119931, networkLocation: /default-rack, certSerialId: null}, Type:RATIS, Factor:ONE, State:ALLOCATED]
2019-11-15 05:36:37,009 [ReplicationMonitor] INFO  container.ReplicationManager (ReplicationManager.java:run(225)) - Replication Monitor Thread took 1 milliseconds for processing 0 containers.
2019-11-15 05:36:37,010 [Thread-178] INFO  pipeline.PipelineStateManager (PipelineStateManager.java:finalizePipeline(121)) - Pipeline Pipeline[ Id: 33da0f14-24cf-4c06-91b3-539d28787431, Nodes: 83ab7eea-2486-4beb-94b4-d7f00fbd5fbc{ip: 192.168.69.70, host: pr-hdds-2498-sbs7n-842119931, networkLocation: /default-rack, certSerialId: null}, Type:RATIS, Factor:ONE, State:CLOSED] moved to CLOSED state
2019-11-15 05:36:37,034 [grpc-default-executor-1] INFO  impl.RaftServerProxy (RaftServerProxy.java:remove(95)) - 83ab7eea-2486-4beb-94b4-d7f00fbd5fbc: remove  FOLLOWER 83ab7eea-2486-4beb-94b4-d7f00fbd5fbc@group-539D28787431:t0, leader=null, voted=null, raftlog=83ab7eea-2486-4beb-94b4-d7f00fbd5fbc@group-539D28787431-SegmentedRaftLog:OPENED:c-1,f-1,i0, conf=-1: [83ab7eea-2486-4beb-94b4-d7f00fbd5fbc:192.168.69.70:38203], old=null RUNNING
2019-11-15 05:36:37,037 [grpc-default-executor-1] INFO  impl.RaftServerImpl (RaftServerImpl.java:lambda$shutdown$3(250)) - 83ab7eea-2486-4beb-94b4-d7f00fbd5fbc@group-539D28787431: shutdown
2019-11-15 05:36:37,038 [grpc-default-executor-1] INFO  util.JmxRegister (JmxRegister.java:unregister(73)) - Successfully un-registered JMX Bean with object name Ratis:service=RaftServer,group=group-539D28787431,id=83ab7eea-2486-4beb-94b4-d7f00fbd5fbc
2019-11-15 05:36:37,038 [grpc-default-executor-1] INFO  impl.RoleInfo (RoleInfo.java:shutdownFollowerState(121)) - 83ab7eea-2486-4beb-94b4-d7f00fbd5fbc: shutdown FollowerState
2019-11-15 05:36:37,038 [grpc-default-executor-1] INFO  impl.StateMachineUpdater (StateMachineUpdater.java:stopAndJoin(136)) - 83ab7eea-2486-4beb-94b4-d7f00fbd5fbc@group-539D28787431-StateMachineUpdater: set stopIndex = -1
2019-11-15 05:36:37,038 [Thread-186] INFO  impl.FollowerState (FollowerState.java:run(120)) - 83ab7eea-2486-4beb-94b4-d7f00fbd5fbc@group-539D28787431-FollowerState was interrupted: java.lang.InterruptedException: sleep interrupted
2019-11-15 05:36:37,040 [grpc-default-executor-1] INFO  impl.RaftServerImpl (ServerState.java:close(387)) - 83ab7eea-2486-4beb-94b4-d7f00fbd5fbc@group-539D28787431: closes. applyIndex: -1
2019-11-15 05:36:37,045 [83ab7eea-2486-4beb-94b4-d7f00fbd5fbc@group-539D28787431-SegmentedRaftLogWorker] INFO  segmented.SegmentedRaftLogWorker (SegmentedRaftLogWorker.java:run(316)) - 83ab7eea-2486-4beb-94b4-d7f00fbd5fbc@group-539D28787431-SegmentedRaftLogWorker was interrupted, exiting. There are 0 tasks remaining in the queue.
2019-11-15 05:36:37,047 [grpc-default-executor-1] INFO  segmented.SegmentedRaftLogWorker (SegmentedRaftLogWorker.java:close(224)) - 83ab7eea-2486-4beb-94b4-d7f00fbd5fbc@group-539D28787431-SegmentedRaftLogWorker close()
2019-11-15 05:36:37,061 [Thread-178] INFO  pipeline.PipelineStateManager (PipelineStateManager.java:removePipeline(106)) - Pipeline Pipeline[ Id: 33da0f14-24cf-4c06-91b3-539d28787431, Nodes: 83ab7eea-2486-4beb-94b4-d7f00fbd5fbc{ip: 192.168.69.70, host: pr-hdds-2498-sbs7n-842119931, networkLocation: /default-rack, certSerialId: null}, Type:RATIS, Factor:ONE, State:CLOSED] removed from db
2019-11-15 05:36:37,062 [Thread-178] INFO  pipeline.SCMPipelineManager (SCMPipelineManager.java:finalizeAndDestroyPipeline(315)) - destroying pipeline:Pipeline[ Id: 34110e8d-fcfd-4e7c-b8c8-f40c22b92301, Nodes: ba3a32cc-462d-433b-80fb-e16a70a9f199{ip: 192.168.69.70, host: pr-hdds-2498-sbs7n-842119931, networkLocation: /default-rack, certSerialId: null}3e233443-f0f1-4e61-b8a9-b47569f95910{ip: 192.168.69.70, host: pr-hdds-2498-sbs7n-842119931, networkLocation: /default-rack, certSerialId: null}83ab7eea-2486-4beb-94b4-d7f00fbd5fbc{ip: 192.168.69.70, host: pr-hdds-2498-sbs7n-842119931, networkLocation: /default-rack, certSerialId: null}, Type:RATIS, Factor:THREE, State:ALLOCATED]
2019-11-15 05:36:37,072 [grpc-default-executor-1] INFO  impl.RaftServerProxy (RaftServerProxy.java:addNew(89)) - 83ab7eea-2486-4beb-94b4-d7f00fbd5fbc: addNew group-A3AD7C11AAFA:[83ab7eea-2486-4beb-94b4-d7f00fbd5fbc:192.168.69.70:38203] returns group-A3AD7C11AAFA:java.util.concurrent.CompletableFuture@923d93e[Not completed]
2019-11-15 05:36:37,074 [pool-37-thread-1] INFO  impl.RaftServerImpl (RaftServerImpl.java:<init>(98)) - 83ab7eea-2486-4beb-94b4-d7f00fbd5fbc: new RaftServerImpl for group-A3AD7C11AAFA:[83ab7eea-2486-4beb-94b4-d7f00fbd5fbc:192.168.69.70:38203] with ContainerStateMachine:uninitialized
2019-11-15 05:36:37,074 [pool-37-thread-1] INFO  server.RaftServerConfigKeys (ConfUtils.java:logGet(43)) - raft.server.rpc.timeout.min = 5s (custom)
2019-11-15 05:36:37,074 [pool-37-thread-1] INFO  server.RaftServerConfigKeys (ConfUtils.java:logGet(43)) - raft.server.rpc.timeout.max = 5200ms (custom)
2019-11-15 05:36:37,075 [pool-37-thread-1] INFO  server.RaftServerConfigKeys (ConfUtils.java:logGet(43)) - raft.server.rpcslowness.timeout = 120s (custom)
2019-11-15 05:36:37,075 [pool-37-thread-1] INFO  server.RaftServerConfigKeys (ConfUtils.java:logGet(43)) - raft.server.sleep.deviation.threshold = 300 (default)
2019-11-15 05:36:37,075 [pool-37-thread-1] INFO  server.RaftServerConfigKeys (ConfUtils.java:logGet(43)) - raft.server.log.appender.install.snapshot.enabled = false (custom)
2019-11-15 05:36:37,075 [pool-37-thread-1] INFO  impl.RaftServerImpl (ServerState.java:<init>(103)) - 83ab7eea-2486-4beb-94b4-d7f00fbd5fbc@group-A3AD7C11AAFA: ConfigurationManager, init=-1: [83ab7eea-2486-4beb-94b4-d7f00fbd5fbc:192.168.69.70:38203], old=null, confs=<EMPTY_MAP>
2019-11-15 05:36:37,075 [pool-37-thread-1] INFO  server.RaftServerConfigKeys (ConfUtils.java:logGet(43)) - raft.server.storage.dir = [/workdir/hadoop-ozone/tools/target/test-dir/MiniOzoneClusterImpl-52992b3b-5a88-4474-8d71-6c2c95d3246e/datanode-1/data/ratis] (custom)
2019-11-15 05:36:37,076 [pool-37-thread-1] INFO  server.RaftServerConfigKeys (ConfUtils.java:logGet(43)) - raft.server.log.corruption.policy = EXCEPTION (default)
2019-11-15 05:36:37,076 [pool-37-thread-1] INFO  storage.RaftStorageDirectory (RaftStorageDirectory.java:analyzeStorage(246)) - The storage directory /workdir/hadoop-ozone/tools/target/test-dir/MiniOzoneClusterImpl-52992b3b-5a88-4474-8d71-6c2c95d3246e/datanode-1/data/ratis/ab8e33b6-0884-4ea7-bdbd-a3ad7c11aafa does not exist. Creating ...
2019-11-15 05:36:37,100 [pool-37-thread-1] INFO  storage.RaftStorageDirectory (RaftStorageDirectory.java:tryLock(328)) - Lock on /workdir/hadoop-ozone/tools/target/test-dir/MiniOzoneClusterImpl-52992b3b-5a88-4474-8d71-6c2c95d3246e/datanode-1/data/ratis/ab8e33b6-0884-4ea7-bdbd-a3ad7c11aafa/in_use.lock acquired by nodename 25890@pr-hdds-2498-sbs7n-842119931
2019-11-15 05:36:37,126 [pool-37-thread-1] INFO  storage.RaftStorage (RaftStorage.java:format(84)) - Storage directory /workdir/hadoop-ozone/tools/target/test-dir/MiniOzoneClusterImpl-52992b3b-5a88-4474-8d71-6c2c95d3246e/datanode-1/data/ratis/ab8e33b6-0884-4ea7-bdbd-a3ad7c11aafa has been successfully formatted.
2019-11-15 05:36:37,126 [pool-37-thread-1] INFO  ratis.ContainerStateMachine (ContainerStateMachine.java:loadSnapshot(223)) - group-A3AD7C11AAFA: The snapshot info is null. Setting the last applied indexto:(t:0, i:~)
2019-11-15 05:36:37,126 [pool-37-thread-1] INFO  server.RaftServerConfigKeys (ConfUtils.java:logGet(43)) - raft.server.notification.no-leader.timeout = 120s (custom)
2019-11-15 05:36:37,127 [pool-37-thread-1] INFO  server.RaftServerConfigKeys (ConfUtils.java:logGet(43)) - raft.server.log.use.memory = false (default)
2019-11-15 05:36:37,127 [pool-37-thread-1] INFO  server.RaftServerConfigKeys (ConfUtils.java:logGet(43)) - raft.server.log.purge.gap = 1000000 (custom)
2019-11-15 05:36:37,127 [pool-37-thread-1] INFO  server.RaftServerConfigKeys (ConfUtils.java:logGet(43)) - raft.server.log.appender.buffer.byte-limit = 33554432 (custom)
2019-11-15 05:36:37,127 [pool-37-thread-1] INFO  server.RaftServerConfigKeys (ConfUtils.java:logGet(43)) - raft.server.log.segment.size.max = 1048576 (custom)
2019-11-15 05:36:37,127 [pool-37-thread-1] INFO  server.RaftServerConfigKeys (ConfUtils.java:logGet(43)) - raft.server.log.segment.cache.num.max = 2 (custom)
2019-11-15 05:36:37,127 [pool-37-thread-1] INFO  segmented.SegmentedRaftLogWorker (SegmentedRaftLogWorker.java:<init>(173)) - new 83ab7eea-2486-4beb-94b4-d7f00fbd5fbc@group-A3AD7C11AAFA-SegmentedRaftLogWorker for RaftStorage:Storage Directory /workdir/hadoop-ozone/tools/target/test-dir/MiniOzoneClusterImpl-52992b3b-5a88-4474-8d71-6c2c95d3246e/datanode-1/data/ratis/ab8e33b6-0884-4ea7-bdbd-a3ad7c11aafa
2019-11-15 05:36:37,128 [pool-37-thread-1] INFO  server.RaftServerConfigKeys (ConfUtils.java:logGet(43)) - raft.server.log.queue.byte-limit = 2147483647 (custom)
2019-11-15 05:36:37,128 [pool-37-thread-1] INFO  server.RaftServerConfigKeys (ConfUtils.java:logGet(43)) - raft.server.log.queue.element-limit = 1024 (custom)
2019-11-15 05:36:37,128 [pool-37-thread-1] INFO  server.RaftServerConfigKeys (ConfUtils.java:logGet(43)) - raft.server.log.segment.size.max = 1048576 (custom)
2019-11-15 05:36:37,128 [pool-37-thread-1] INFO  server.RaftServerConfigKeys (ConfUtils.java:logGet(43)) - raft.server.log.preallocated.size = 16384 (custom)
2019-11-15 05:36:37,128 [pool-37-thread-1] INFO  server.RaftServerConfigKeys (ConfUtils.java:logGet(43)) - raft.server.log.write.buffer.size = 33554432 (custom)
2019-11-15 05:36:37,128 [pool-37-thread-1] INFO  server.RaftServerConfigKeys (ConfUtils.java:logGet(43)) - raft.server.log.force.sync.num = 128 (default)
2019-11-15 05:36:37,128 [pool-37-thread-1] INFO  server.RaftServerConfigKeys (ConfUtils.java:logGet(43)) - raft.server.log.statemachine.data.sync = true (default)
2019-11-15 05:36:37,129 [pool-37-thread-1] INFO  server.RaftServerConfigKeys (ConfUtils.java:logGet(43)) - raft.server.log.statemachine.data.sync.timeout = 10s (default)
2019-11-15 05:36:37,129 [pool-37-thread-1] INFO  server.RaftServerConfigKeys (ConfUtils.java:logGet(43)) - raft.server.log.statemachine.data.sync.timeout.retry = -1 (default)
2019-11-15 05:36:37,129 [pool-37-thread-1] INFO  server.RaftServerConfigKeys (ConfUtils.java:logGet(43)) - raft.server.log.statemachine.data.caching.enabled = true (custom)
2019-11-15 05:36:37,129 [pool-37-thread-1] INFO  segmented.SegmentedRaftLogWorker (SegmentedRaftLogWorker.java:lambda$new$0(128)) - 83ab7eea-2486-4beb-94b4-d7f00fbd5fbc@group-A3AD7C11AAFA-SegmentedRaftLogWorker: flushIndex: setUnconditionally 0 -> -1
2019-11-15 05:36:37,130 [pool-37-thread-1] INFO  server.RaftServerConfigKeys (ConfUtils.java:logGet(43)) - raft.server.snapshot.auto.trigger.enabled = true (custom)
2019-11-15 05:36:37,130 [pool-37-thread-1] INFO  server.RaftServerConfigKeys (ConfUtils.java:logGet(43)) - raft.server.snapshot.auto.trigger.threshold = 10000 (custom)
2019-11-15 05:36:37,130 [pool-37-thread-1] INFO  server.RaftServerConfigKeys (ConfUtils.java:logGet(43)) - raft.server.snapshot.retention.file.num = 5 (custom)
2019-11-15 05:36:37,130 [pool-37-thread-1] INFO  server.RaftServerConfigKeys (ConfUtils.java:logGet(43)) - raft.server.retrycache.expirytime = 600000ms (custom)
2019-11-15 05:36:37,130 [pool-37-thread-1] WARN  impl.MetricRegistriesImpl (MetricRegistriesImpl.java:lambda$create$1(61)) - First MetricRegistry has been created without registering reporters. You may need to call MetricRegistries.global().addReportRegistration(...) before.
2019-11-15 05:36:37,131 [pool-37-thread-1] WARN  impl.MetricRegistriesImpl (MetricRegistriesImpl.java:lambda$create$1(61)) - First MetricRegistry has been created without registering reporters. You may need to call MetricRegistries.global().addReportRegistration(...) before.
2019-11-15 05:36:37,131 [pool-37-thread-1] INFO  impl.RaftServerImpl (RaftServerImpl.java:start(184)) - 83ab7eea-2486-4beb-94b4-d7f00fbd5fbc@group-A3AD7C11AAFA: start as a follower, conf=-1: [83ab7eea-2486-4beb-94b4-d7f00fbd5fbc:192.168.69.70:38203], old=null
2019-11-15 05:36:37,131 [pool-37-thread-1] INFO  impl.RaftServerImpl (RaftServerImpl.java:setRole(173)) - 83ab7eea-2486-4beb-94b4-d7f00fbd5fbc@group-A3AD7C11AAFA: changes role from      null to FOLLOWER at term 0 for startAsFollower
2019-11-15 05:36:37,131 [pool-37-thread-1] INFO  impl.RoleInfo (RoleInfo.java:updateAndGet(143)) - 83ab7eea-2486-4beb-94b4-d7f00fbd5fbc: start FollowerState
2019-11-15 05:36:37,132 [pool-37-thread-1] INFO  util.JmxRegister (JmxRegister.java:tryRegister(44)) - Successfully registered JMX Bean with object name Ratis:service=RaftServer,group=group-A3AD7C11AAFA,id=83ab7eea-2486-4beb-94b4-d7f00fbd5fbc
2019-11-15 05:36:37,132 [pool-37-thread-1] WARN  impl.MetricRegistriesImpl (MetricRegistriesImpl.java:lambda$create$1(61)) - First MetricRegistry has been created without registering reporters. You may need to call MetricRegistries.global().addReportRegistration(...) before.
2019-11-15 05:36:37,139 [RatisPipelineUtilsThread] INFO  pipeline.PipelineStateManager (PipelineStateManager.java:addPipeline(55)) - Created pipeline Pipeline[ Id: ab8e33b6-0884-4ea7-bdbd-a3ad7c11aafa, Nodes: 83ab7eea-2486-4beb-94b4-d7f00fbd5fbc{ip: 192.168.69.70, host: pr-hdds-2498-sbs7n-842119931, networkLocation: /default-rack, certSerialId: null}, Type:RATIS, Factor:ONE, State:ALLOCATED]
2019-11-15 05:36:37,140 [Thread-178] INFO  pipeline.PipelineStateManager (PipelineStateManager.java:finalizePipeline(121)) - Pipeline Pipeline[ Id: 34110e8d-fcfd-4e7c-b8c8-f40c22b92301, Nodes: ba3a32cc-462d-433b-80fb-e16a70a9f199{ip: 192.168.69.70, host: pr-hdds-2498-sbs7n-842119931, networkLocation: /default-rack, certSerialId: null}3e233443-f0f1-4e61-b8a9-b47569f95910{ip: 192.168.69.70, host: pr-hdds-2498-sbs7n-842119931, networkLocation: /default-rack, certSerialId: null}83ab7eea-2486-4beb-94b4-d7f00fbd5fbc{ip: 192.168.69.70, host: pr-hdds-2498-sbs7n-842119931, networkLocation: /default-rack, certSerialId: null}, Type:RATIS, Factor:THREE, State:CLOSED] moved to CLOSED state
2019-11-15 05:36:37,150 [grpc-default-executor-1] INFO  impl.RaftServerProxy (RaftServerProxy.java:remove(95)) - ba3a32cc-462d-433b-80fb-e16a70a9f199: remove  FOLLOWER ba3a32cc-462d-433b-80fb-e16a70a9f199@group-F40C22B92301:t0, leader=null, voted=null, raftlog=ba3a32cc-462d-433b-80fb-e16a70a9f199@group-F40C22B92301-SegmentedRaftLog:OPENED:c-1,f-1,i0, conf=-1: [3e233443-f0f1-4e61-b8a9-b47569f95910:192.168.69.70:44304, ba3a32cc-462d-433b-80fb-e16a70a9f199:192.168.69.70:46056, 83ab7eea-2486-4beb-94b4-d7f00fbd5fbc:192.168.69.70:38203], old=null RUNNING
2019-11-15 05:36:37,150 [grpc-default-executor-1] INFO  impl.RaftServerImpl (RaftServerImpl.java:lambda$shutdown$3(250)) - ba3a32cc-462d-433b-80fb-e16a70a9f199@group-F40C22B92301: shutdown
2019-11-15 05:36:37,150 [grpc-default-executor-1] INFO  util.JmxRegister (JmxRegister.java:unregister(73)) - Successfully un-registered JMX Bean with object name Ratis:service=RaftServer,group=group-F40C22B92301,id=ba3a32cc-462d-433b-80fb-e16a70a9f199
2019-11-15 05:36:37,150 [grpc-default-executor-1] INFO  impl.RoleInfo (RoleInfo.java:shutdownFollowerState(121)) - ba3a32cc-462d-433b-80fb-e16a70a9f199: shutdown FollowerState
2019-11-15 05:36:37,151 [grpc-default-executor-1] INFO  impl.StateMachineUpdater (StateMachineUpdater.java:stopAndJoin(136)) - ba3a32cc-462d-433b-80fb-e16a70a9f199@group-F40C22B92301-StateMachineUpdater: set stopIndex = -1
2019-11-15 05:36:37,151 [Thread-192] INFO  impl.FollowerState (FollowerState.java:run(120)) - ba3a32cc-462d-433b-80fb-e16a70a9f199@group-F40C22B92301-FollowerState was interrupted: java.lang.InterruptedException: sleep interrupted
2019-11-15 05:36:37,152 [grpc-default-executor-1] INFO  impl.RaftServerImpl (ServerState.java:close(387)) - ba3a32cc-462d-433b-80fb-e16a70a9f199@group-F40C22B92301: closes. applyIndex: -1
2019-11-15 05:36:37,154 [main] INFO  ozone.MiniOzoneClusterImpl (MiniOzoneClusterImpl.java:lambda$waitForClusterToBeReady$2(163)) - Waiting for 3 number of pipelines out of 4, to report a leader.
2019-11-15 05:36:37,154 [ba3a32cc-462d-433b-80fb-e16a70a9f199@group-F40C22B92301-SegmentedRaftLogWorker] INFO  segmented.SegmentedRaftLogWorker (SegmentedRaftLogWorker.java:run(316)) - ba3a32cc-462d-433b-80fb-e16a70a9f199@group-F40C22B92301-SegmentedRaftLogWorker was interrupted, exiting. There are 0 tasks remaining in the queue.
2019-11-15 05:36:37,154 [grpc-default-executor-1] INFO  segmented.SegmentedRaftLogWorker (SegmentedRaftLogWorker.java:close(224)) - ba3a32cc-462d-433b-80fb-e16a70a9f199@group-F40C22B92301-SegmentedRaftLogWorker close()
2019-11-15 05:36:37,172 [grpc-default-executor-1] INFO  impl.RaftServerProxy (RaftServerProxy.java:remove(95)) - 3e233443-f0f1-4e61-b8a9-b47569f95910: remove  FOLLOWER 3e233443-f0f1-4e61-b8a9-b47569f95910@group-F40C22B92301:t0, leader=null, voted=null, raftlog=3e233443-f0f1-4e61-b8a9-b47569f95910@group-F40C22B92301-SegmentedRaftLog:OPENED:c-1,f-1,i0, conf=-1: [3e233443-f0f1-4e61-b8a9-b47569f95910:192.168.69.70:44304, ba3a32cc-462d-433b-80fb-e16a70a9f199:192.168.69.70:46056, 83ab7eea-2486-4beb-94b4-d7f00fbd5fbc:192.168.69.70:38203], old=null RUNNING
2019-11-15 05:36:37,172 [grpc-default-executor-1] INFO  impl.RaftServerImpl (RaftServerImpl.java:lambda$shutdown$3(250)) - 3e233443-f0f1-4e61-b8a9-b47569f95910@group-F40C22B92301: shutdown
2019-11-15 05:36:37,172 [grpc-default-executor-1] INFO  util.JmxRegister (JmxRegister.java:unregister(73)) - Successfully un-registered JMX Bean with object name Ratis:service=RaftServer,group=group-F40C22B92301,id=3e233443-f0f1-4e61-b8a9-b47569f95910
2019-11-15 05:36:37,172 [grpc-default-executor-1] INFO  impl.RoleInfo (RoleInfo.java:shutdownFollowerState(121)) - 3e233443-f0f1-4e61-b8a9-b47569f95910: shutdown FollowerState
2019-11-15 05:36:37,173 [grpc-default-executor-1] INFO  impl.StateMachineUpdater (StateMachineUpdater.java:stopAndJoin(136)) - 3e233443-f0f1-4e61-b8a9-b47569f95910@group-F40C22B92301-StateMachineUpdater: set stopIndex = -1
2019-11-15 05:36:37,173 [Thread-193] INFO  impl.FollowerState (FollowerState.java:run(120)) - 3e233443-f0f1-4e61-b8a9-b47569f95910@group-F40C22B92301-FollowerState was interrupted: java.lang.InterruptedException: sleep interrupted
2019-11-15 05:36:37,173 [grpc-default-executor-1] INFO  impl.RaftServerImpl (ServerState.java:close(387)) - 3e233443-f0f1-4e61-b8a9-b47569f95910@group-F40C22B92301: closes. applyIndex: -1
2019-11-15 05:36:37,174 [3e233443-f0f1-4e61-b8a9-b47569f95910@group-F40C22B92301-SegmentedRaftLogWorker] INFO  segmented.SegmentedRaftLogWorker (SegmentedRaftLogWorker.java:run(316)) - 3e233443-f0f1-4e61-b8a9-b47569f95910@group-F40C22B92301-SegmentedRaftLogWorker was interrupted, exiting. There are 0 tasks remaining in the queue.
2019-11-15 05:36:37,174 [grpc-default-executor-1] INFO  segmented.SegmentedRaftLogWorker (SegmentedRaftLogWorker.java:close(224)) - 3e233443-f0f1-4e61-b8a9-b47569f95910@group-F40C22B92301-SegmentedRaftLogWorker close()
2019-11-15 05:36:37,190 [grpc-default-executor-1] INFO  impl.RaftServerProxy (RaftServerProxy.java:remove(95)) - 83ab7eea-2486-4beb-94b4-d7f00fbd5fbc: remove  FOLLOWER 83ab7eea-2486-4beb-94b4-d7f00fbd5fbc@group-F40C22B92301:t0, leader=null, voted=null, raftlog=83ab7eea-2486-4beb-94b4-d7f00fbd5fbc@group-F40C22B92301-SegmentedRaftLog:OPENED:c-1,f-1,i0, conf=-1: [3e233443-f0f1-4e61-b8a9-b47569f95910:192.168.69.70:44304, ba3a32cc-462d-433b-80fb-e16a70a9f199:192.168.69.70:46056, 83ab7eea-2486-4beb-94b4-d7f00fbd5fbc:192.168.69.70:38203], old=null RUNNING
2019-11-15 05:36:37,191 [grpc-default-executor-1] INFO  impl.RaftServerImpl (RaftServerImpl.java:lambda$shutdown$3(250)) - 83ab7eea-2486-4beb-94b4-d7f00fbd5fbc@group-F40C22B92301: shutdown
2019-11-15 05:36:37,191 [grpc-default-executor-1] INFO  util.JmxRegister (JmxRegister.java:unregister(73)) - Successfully un-registered JMX Bean with object name Ratis:service=RaftServer,group=group-F40C22B92301,id=83ab7eea-2486-4beb-94b4-d7f00fbd5fbc
2019-11-15 05:36:37,191 [grpc-default-executor-1] INFO  impl.RoleInfo (RoleInfo.java:shutdownFollowerState(121)) - 83ab7eea-2486-4beb-94b4-d7f00fbd5fbc: shutdown FollowerState
2019-11-15 05:36:37,191 [grpc-default-executor-1] INFO  impl.StateMachineUpdater (StateMachineUpdater.java:stopAndJoin(136)) - 83ab7eea-2486-4beb-94b4-d7f00fbd5fbc@group-F40C22B92301-StateMachineUpdater: set stopIndex = -1
2019-11-15 05:36:37,191 [Thread-190] INFO  impl.FollowerState (FollowerState.java:run(120)) - 83ab7eea-2486-4beb-94b4-d7f00fbd5fbc@group-F40C22B92301-FollowerState was interrupted: java.lang.InterruptedException: sleep interrupted
2019-11-15 05:36:37,192 [grpc-default-executor-1] INFO  impl.RaftServerImpl (ServerState.java:close(387)) - 83ab7eea-2486-4beb-94b4-d7f00fbd5fbc@group-F40C22B92301: closes. applyIndex: -1
2019-11-15 05:36:37,193 [83ab7eea-2486-4beb-94b4-d7f00fbd5fbc@group-F40C22B92301-SegmentedRaftLogWorker] INFO  segmented.SegmentedRaftLogWorker (SegmentedRaftLogWorker.java:run(316)) - 83ab7eea-2486-4beb-94b4-d7f00fbd5fbc@group-F40C22B92301-SegmentedRaftLogWorker was interrupted, exiting. There are 0 tasks remaining in the queue.
2019-11-15 05:36:37,193 [grpc-default-executor-1] INFO  segmented.SegmentedRaftLogWorker (SegmentedRaftLogWorker.java:close(224)) - 83ab7eea-2486-4beb-94b4-d7f00fbd5fbc@group-F40C22B92301-SegmentedRaftLogWorker close()
2019-11-15 05:36:37,201 [Thread-178] INFO  pipeline.PipelineStateManager (PipelineStateManager.java:removePipeline(106)) - Pipeline Pipeline[ Id: 34110e8d-fcfd-4e7c-b8c8-f40c22b92301, Nodes: ba3a32cc-462d-433b-80fb-e16a70a9f199{ip: 192.168.69.70, host: pr-hdds-2498-sbs7n-842119931, networkLocation: /default-rack, certSerialId: null}3e233443-f0f1-4e61-b8a9-b47569f95910{ip: 192.168.69.70, host: pr-hdds-2498-sbs7n-842119931, networkLocation: /default-rack, certSerialId: null}83ab7eea-2486-4beb-94b4-d7f00fbd5fbc{ip: 192.168.69.70, host: pr-hdds-2498-sbs7n-842119931, networkLocation: /default-rack, certSerialId: null}, Type:RATIS, Factor:THREE, State:CLOSED] removed from db
2019-11-15 05:36:37,201 [Thread-178] INFO  pipeline.SCMPipelineManager (SCMPipelineManager.java:finalizeAndDestroyPipeline(315)) - destroying pipeline:Pipeline[ Id: 894847ea-2e71-4419-8ddf-59509ab9750b, Nodes: ba3a32cc-462d-433b-80fb-e16a70a9f199{ip: 192.168.69.70, host: pr-hdds-2498-sbs7n-842119931, networkLocation: /default-rack, certSerialId: null}, Type:RATIS, Factor:ONE, State:ALLOCATED]
2019-11-15 05:36:37,214 [grpc-default-executor-1] INFO  impl.RaftServerProxy (RaftServerProxy.java:addNew(89)) - 83ab7eea-2486-4beb-94b4-d7f00fbd5fbc: addNew group-40EEC83E8EC4:[3e233443-f0f1-4e61-b8a9-b47569f95910:192.168.69.70:44304, ba3a32cc-462d-433b-80fb-e16a70a9f199:192.168.69.70:46056, 83ab7eea-2486-4beb-94b4-d7f00fbd5fbc:192.168.69.70:38203] returns group-40EEC83E8EC4:java.util.concurrent.CompletableFuture@4e8782de[Not completed]
2019-11-15 05:36:37,217 [grpc-default-executor-2] INFO  impl.RaftServerProxy (RaftServerProxy.java:addNew(89)) - ba3a32cc-462d-433b-80fb-e16a70a9f199: addNew group-40EEC83E8EC4:[3e233443-f0f1-4e61-b8a9-b47569f95910:192.168.69.70:44304, ba3a32cc-462d-433b-80fb-e16a70a9f199:192.168.69.70:46056, 83ab7eea-2486-4beb-94b4-d7f00fbd5fbc:192.168.69.70:38203] returns group-40EEC83E8EC4:java.util.concurrent.CompletableFuture@20293652[Not completed]
2019-11-15 05:36:37,217 [grpc-default-executor-2] INFO  impl.RaftServerProxy (RaftServerProxy.java:addNew(89)) - 3e233443-f0f1-4e61-b8a9-b47569f95910: addNew group-40EEC83E8EC4:[3e233443-f0f1-4e61-b8a9-b47569f95910:192.168.69.70:44304, ba3a32cc-462d-433b-80fb-e16a70a9f199:192.168.69.70:46056, 83ab7eea-2486-4beb-94b4-d7f00fbd5fbc:192.168.69.70:38203] returns group-40EEC83E8EC4:java.util.concurrent.CompletableFuture@63b7f7ed[Not completed]
2019-11-15 05:36:37,218 [pool-37-thread-1] INFO  impl.RaftServerImpl (RaftServerImpl.java:<init>(98)) - 83ab7eea-2486-4beb-94b4-d7f00fbd5fbc: new RaftServerImpl for group-40EEC83E8EC4:[3e233443-f0f1-4e61-b8a9-b47569f95910:192.168.69.70:44304, ba3a32cc-462d-433b-80fb-e16a70a9f199:192.168.69.70:46056, 83ab7eea-2486-4beb-94b4-d7f00fbd5fbc:192.168.69.70:38203] with ContainerStateMachine:uninitialized
2019-11-15 05:36:37,218 [pool-37-thread-1] INFO  server.RaftServerConfigKeys (ConfUtils.java:logGet(43)) - raft.server.rpc.timeout.min = 5s (custom)
2019-11-15 05:36:37,218 [pool-37-thread-1] INFO  server.RaftServerConfigKeys (ConfUtils.java:logGet(43)) - raft.server.rpc.timeout.max = 5200ms (custom)
2019-11-15 05:36:37,218 [pool-37-thread-1] INFO  server.RaftServerConfigKeys (ConfUtils.java:logGet(43)) - raft.server.rpcslowness.timeout = 120s (custom)
2019-11-15 05:36:37,218 [pool-37-thread-1] INFO  server.RaftServerConfigKeys (ConfUtils.java:logGet(43)) - raft.server.sleep.deviation.threshold = 300 (default)
2019-11-15 05:36:37,218 [pool-37-thread-1] INFO  server.RaftServerConfigKeys (ConfUtils.java:logGet(43)) - raft.server.log.appender.install.snapshot.enabled = false (custom)
2019-11-15 05:36:37,218 [pool-37-thread-1] INFO  impl.RaftServerImpl (ServerState.java:<init>(103)) - 83ab7eea-2486-4beb-94b4-d7f00fbd5fbc@group-40EEC83E8EC4: ConfigurationManager, init=-1: [3e233443-f0f1-4e61-b8a9-b47569f95910:192.168.69.70:44304, ba3a32cc-462d-433b-80fb-e16a70a9f199:192.168.69.70:46056, 83ab7eea-2486-4beb-94b4-d7f00fbd5fbc:192.168.69.70:38203], old=null, confs=<EMPTY_MAP>
2019-11-15 05:36:37,219 [pool-37-thread-1] INFO  server.RaftServerConfigKeys (ConfUtils.java:logGet(43)) - raft.server.storage.dir = [/workdir/hadoop-ozone/tools/target/test-dir/MiniOzoneClusterImpl-52992b3b-5a88-4474-8d71-6c2c95d3246e/datanode-1/data/ratis] (custom)
2019-11-15 05:36:37,219 [pool-37-thread-1] INFO  server.RaftServerConfigKeys (ConfUtils.java:logGet(43)) - raft.server.log.corruption.policy = EXCEPTION (default)
2019-11-15 05:36:37,219 [pool-27-thread-1] INFO  impl.RaftServerImpl (RaftServerImpl.java:<init>(98)) - ba3a32cc-462d-433b-80fb-e16a70a9f199: new RaftServerImpl for group-40EEC83E8EC4:[3e233443-f0f1-4e61-b8a9-b47569f95910:192.168.69.70:44304, ba3a32cc-462d-433b-80fb-e16a70a9f199:192.168.69.70:46056, 83ab7eea-2486-4beb-94b4-d7f00fbd5fbc:192.168.69.70:38203] with ContainerStateMachine:uninitialized
2019-11-15 05:36:37,219 [pool-37-thread-1] INFO  storage.RaftStorageDirectory (RaftStorageDirectory.java:analyzeStorage(246)) - The storage directory /workdir/hadoop-ozone/tools/target/test-dir/MiniOzoneClusterImpl-52992b3b-5a88-4474-8d71-6c2c95d3246e/datanode-1/data/ratis/2d6dc430-2452-4d74-9ad2-40eec83e8ec4 does not exist. Creating ...
2019-11-15 05:36:37,219 [pool-27-thread-1] INFO  server.RaftServerConfigKeys (ConfUtils.java:logGet(43)) - raft.server.rpc.timeout.min = 5s (custom)
2019-11-15 05:36:37,219 [pool-27-thread-1] INFO  server.RaftServerConfigKeys (ConfUtils.java:logGet(43)) - raft.server.rpc.timeout.max = 5200ms (custom)
2019-11-15 05:36:37,220 [pool-47-thread-1] INFO  impl.RaftServerImpl (RaftServerImpl.java:<init>(98)) - 3e233443-f0f1-4e61-b8a9-b47569f95910: new RaftServerImpl for group-40EEC83E8EC4:[3e233443-f0f1-4e61-b8a9-b47569f95910:192.168.69.70:44304, ba3a32cc-462d-433b-80fb-e16a70a9f199:192.168.69.70:46056, 83ab7eea-2486-4beb-94b4-d7f00fbd5fbc:192.168.69.70:38203] with ContainerStateMachine:uninitialized
2019-11-15 05:36:37,220 [pool-27-thread-1] INFO  server.RaftServerConfigKeys (ConfUtils.java:logGet(43)) - raft.server.rpcslowness.timeout = 120s (custom)
2019-11-15 05:36:37,220 [pool-47-thread-1] INFO  server.RaftServerConfigKeys (ConfUtils.java:logGet(43)) - raft.server.rpc.timeout.min = 5s (custom)
2019-11-15 05:36:37,220 [pool-27-thread-1] INFO  server.RaftServerConfigKeys (ConfUtils.java:logGet(43)) - raft.server.sleep.deviation.threshold = 300 (default)
2019-11-15 05:36:37,220 [pool-47-thread-1] INFO  server.RaftServerConfigKeys (ConfUtils.java:logGet(43)) - raft.server.rpc.timeout.max = 5200ms (custom)
2019-11-15 05:36:37,220 [pool-27-thread-1] INFO  server.RaftServerConfigKeys (ConfUtils.java:logGet(43)) - raft.server.log.appender.install.snapshot.enabled = false (custom)
2019-11-15 05:36:37,220 [pool-47-thread-1] INFO  server.RaftServerConfigKeys (ConfUtils.java:logGet(43)) - raft.server.rpcslowness.timeout = 120s (custom)
2019-11-15 05:36:37,220 [pool-27-thread-1] INFO  impl.RaftServerImpl (ServerState.java:<init>(103)) - ba3a32cc-462d-433b-80fb-e16a70a9f199@group-40EEC83E8EC4: ConfigurationManager, init=-1: [3e233443-f0f1-4e61-b8a9-b47569f95910:192.168.69.70:44304, ba3a32cc-462d-433b-80fb-e16a70a9f199:192.168.69.70:46056, 83ab7eea-2486-4beb-94b4-d7f00fbd5fbc:192.168.69.70:38203], old=null, confs=<EMPTY_MAP>
2019-11-15 05:36:37,220 [pool-47-thread-1] INFO  server.RaftServerConfigKeys (ConfUtils.java:logGet(43)) - raft.server.sleep.deviation.threshold = 300 (default)
2019-11-15 05:36:37,221 [pool-47-thread-1] INFO  server.RaftServerConfigKeys (ConfUtils.java:logGet(43)) - raft.server.log.appender.install.snapshot.enabled = false (custom)
2019-11-15 05:36:37,221 [pool-27-thread-1] INFO  server.RaftServerConfigKeys (ConfUtils.java:logGet(43)) - raft.server.storage.dir = [/workdir/hadoop-ozone/tools/target/test-dir/MiniOzoneClusterImpl-52992b3b-5a88-4474-8d71-6c2c95d3246e/datanode-0/data/ratis] (custom)
2019-11-15 05:36:37,221 [pool-47-thread-1] INFO  impl.RaftServerImpl (ServerState.java:<init>(103)) - 3e233443-f0f1-4e61-b8a9-b47569f95910@group-40EEC83E8EC4: ConfigurationManager, init=-1: [3e233443-f0f1-4e61-b8a9-b47569f95910:192.168.69.70:44304, ba3a32cc-462d-433b-80fb-e16a70a9f199:192.168.69.70:46056, 83ab7eea-2486-4beb-94b4-d7f00fbd5fbc:192.168.69.70:38203], old=null, confs=<EMPTY_MAP>
2019-11-15 05:36:37,221 [pool-47-thread-1] INFO  server.RaftServerConfigKeys (ConfUtils.java:logGet(43)) - raft.server.storage.dir = [/workdir/hadoop-ozone/tools/target/test-dir/MiniOzoneClusterImpl-52992b3b-5a88-4474-8d71-6c2c95d3246e/datanode-2/data/ratis] (custom)
2019-11-15 05:36:37,221 [pool-27-thread-1] INFO  server.RaftServerConfigKeys (ConfUtils.java:logGet(43)) - raft.server.log.corruption.policy = EXCEPTION (default)
2019-11-15 05:36:37,221 [pool-47-thread-1] INFO  server.RaftServerConfigKeys (ConfUtils.java:logGet(43)) - raft.server.log.corruption.policy = EXCEPTION (default)
2019-11-15 05:36:37,221 [pool-27-thread-1] INFO  storage.RaftStorageDirectory (RaftStorageDirectory.java:analyzeStorage(246)) - The storage directory /workdir/hadoop-ozone/tools/target/test-dir/MiniOzoneClusterImpl-52992b3b-5a88-4474-8d71-6c2c95d3246e/datanode-0/data/ratis/2d6dc430-2452-4d74-9ad2-40eec83e8ec4 does not exist. Creating ...
2019-11-15 05:36:37,222 [pool-47-thread-1] INFO  storage.RaftStorageDirectory (RaftStorageDirectory.java:analyzeStorage(246)) - The storage directory /workdir/hadoop-ozone/tools/target/test-dir/MiniOzoneClusterImpl-52992b3b-5a88-4474-8d71-6c2c95d3246e/datanode-2/data/ratis/2d6dc430-2452-4d74-9ad2-40eec83e8ec4 does not exist. Creating ...
2019-11-15 05:36:37,243 [pool-37-thread-1] INFO  storage.RaftStorageDirectory (RaftStorageDirectory.java:tryLock(328)) - Lock on /workdir/hadoop-ozone/tools/target/test-dir/MiniOzoneClusterImpl-52992b3b-5a88-4474-8d71-6c2c95d3246e/datanode-1/data/ratis/2d6dc430-2452-4d74-9ad2-40eec83e8ec4/in_use.lock acquired by nodename 25890@pr-hdds-2498-sbs7n-842119931
2019-11-15 05:36:37,243 [pool-27-thread-1] INFO  storage.RaftStorageDirectory (RaftStorageDirectory.java:tryLock(328)) - Lock on /workdir/hadoop-ozone/tools/target/test-dir/MiniOzoneClusterImpl-52992b3b-5a88-4474-8d71-6c2c95d3246e/datanode-0/data/ratis/2d6dc430-2452-4d74-9ad2-40eec83e8ec4/in_use.lock acquired by nodename 25890@pr-hdds-2498-sbs7n-842119931
2019-11-15 05:36:37,243 [pool-47-thread-1] INFO  storage.RaftStorageDirectory (RaftStorageDirectory.java:tryLock(328)) - Lock on /workdir/hadoop-ozone/tools/target/test-dir/MiniOzoneClusterImpl-52992b3b-5a88-4474-8d71-6c2c95d3246e/datanode-2/data/ratis/2d6dc430-2452-4d74-9ad2-40eec83e8ec4/in_use.lock acquired by nodename 25890@pr-hdds-2498-sbs7n-842119931
2019-11-15 05:36:37,269 [pool-37-thread-1] INFO  storage.RaftStorage (RaftStorage.java:format(84)) - Storage directory /workdir/hadoop-ozone/tools/target/test-dir/MiniOzoneClusterImpl-52992b3b-5a88-4474-8d71-6c2c95d3246e/datanode-1/data/ratis/2d6dc430-2452-4d74-9ad2-40eec83e8ec4 has been successfully formatted.
2019-11-15 05:36:37,269 [pool-47-thread-1] INFO  storage.RaftStorage (RaftStorage.java:format(84)) - Storage directory /workdir/hadoop-ozone/tools/target/test-dir/MiniOzoneClusterImpl-52992b3b-5a88-4474-8d71-6c2c95d3246e/datanode-2/data/ratis/2d6dc430-2452-4d74-9ad2-40eec83e8ec4 has been successfully formatted.
2019-11-15 05:36:37,269 [pool-27-thread-1] INFO  storage.RaftStorage (RaftStorage.java:format(84)) - Storage directory /workdir/hadoop-ozone/tools/target/test-dir/MiniOzoneClusterImpl-52992b3b-5a88-4474-8d71-6c2c95d3246e/datanode-0/data/ratis/2d6dc430-2452-4d74-9ad2-40eec83e8ec4 has been successfully formatted.
2019-11-15 05:36:37,269 [pool-37-thread-1] INFO  ratis.ContainerStateMachine (ContainerStateMachine.java:loadSnapshot(223)) - group-40EEC83E8EC4: The snapshot info is null. Setting the last applied indexto:(t:0, i:~)
2019-11-15 05:36:37,270 [pool-47-thread-1] INFO  ratis.ContainerStateMachine (ContainerStateMachine.java:loadSnapshot(223)) - group-40EEC83E8EC4: The snapshot info is null. Setting the last applied indexto:(t:0, i:~)
2019-11-15 05:36:37,270 [pool-27-thread-1] INFO  ratis.ContainerStateMachine (ContainerStateMachine.java:loadSnapshot(223)) - group-40EEC83E8EC4: The snapshot info is null. Setting the last applied indexto:(t:0, i:~)
2019-11-15 05:36:37,270 [pool-37-thread-1] INFO  server.RaftServerConfigKeys (ConfUtils.java:logGet(43)) - raft.server.notification.no-leader.timeout = 120s (custom)
2019-11-15 05:36:37,270 [pool-27-thread-1] INFO  server.RaftServerConfigKeys (ConfUtils.java:logGet(43)) - raft.server.notification.no-leader.timeout = 120s (custom)
2019-11-15 05:36:37,270 [pool-47-thread-1] INFO  server.RaftServerConfigKeys (ConfUtils.java:logGet(43)) - raft.server.notification.no-leader.timeout = 120s (custom)
2019-11-15 05:36:37,270 [pool-27-thread-1] INFO  server.RaftServerConfigKeys (ConfUtils.java:logGet(43)) - raft.server.log.use.memory = false (default)
2019-11-15 05:36:37,270 [pool-37-thread-1] INFO  server.RaftServerConfigKeys (ConfUtils.java:logGet(43)) - raft.server.log.use.memory = false (default)
2019-11-15 05:36:37,271 [pool-27-thread-1] INFO  server.RaftServerConfigKeys (ConfUtils.java:logGet(43)) - raft.server.log.purge.gap = 1000000 (custom)
2019-11-15 05:36:37,270 [pool-47-thread-1] INFO  server.RaftServerConfigKeys (ConfUtils.java:logGet(43)) - raft.server.log.use.memory = false (default)
2019-11-15 05:36:37,271 [pool-27-thread-1] INFO  server.RaftServerConfigKeys (ConfUtils.java:logGet(43)) - raft.server.log.appender.buffer.byte-limit = 33554432 (custom)
2019-11-15 05:36:37,271 [pool-37-thread-1] INFO  server.RaftServerConfigKeys (ConfUtils.java:logGet(43)) - raft.server.log.purge.gap = 1000000 (custom)
2019-11-15 05:36:37,271 [pool-27-thread-1] INFO  server.RaftServerConfigKeys (ConfUtils.java:logGet(43)) - raft.server.log.segment.size.max = 1048576 (custom)
2019-11-15 05:36:37,271 [pool-47-thread-1] INFO  server.RaftServerConfigKeys (ConfUtils.java:logGet(43)) - raft.server.log.purge.gap = 1000000 (custom)
2019-11-15 05:36:37,272 [pool-27-thread-1] INFO  server.RaftServerConfigKeys (ConfUtils.java:logGet(43)) - raft.server.log.segment.cache.num.max = 2 (custom)
2019-11-15 05:36:37,272 [pool-27-thread-1] INFO  segmented.SegmentedRaftLogWorker (SegmentedRaftLogWorker.java:<init>(173)) - new ba3a32cc-462d-433b-80fb-e16a70a9f199@group-40EEC83E8EC4-SegmentedRaftLogWorker for RaftStorage:Storage Directory /workdir/hadoop-ozone/tools/target/test-dir/MiniOzoneClusterImpl-52992b3b-5a88-4474-8d71-6c2c95d3246e/datanode-0/data/ratis/2d6dc430-2452-4d74-9ad2-40eec83e8ec4
2019-11-15 05:36:37,271 [pool-37-thread-1] INFO  server.RaftServerConfigKeys (ConfUtils.java:logGet(43)) - raft.server.log.appender.buffer.byte-limit = 33554432 (custom)
2019-11-15 05:36:37,272 [pool-27-thread-1] INFO  server.RaftServerConfigKeys (ConfUtils.java:logGet(43)) - raft.server.log.queue.byte-limit = 2147483647 (custom)
2019-11-15 05:36:37,272 [pool-47-thread-1] INFO  server.RaftServerConfigKeys (ConfUtils.java:logGet(43)) - raft.server.log.appender.buffer.byte-limit = 33554432 (custom)
2019-11-15 05:36:37,272 [pool-27-thread-1] INFO  server.RaftServerConfigKeys (ConfUtils.java:logGet(43)) - raft.server.log.queue.element-limit = 1024 (custom)
2019-11-15 05:36:37,272 [pool-37-thread-1] INFO  server.RaftServerConfigKeys (ConfUtils.java:logGet(43)) - raft.server.log.segment.size.max = 1048576 (custom)
2019-11-15 05:36:37,273 [pool-27-thread-1] INFO  server.RaftServerConfigKeys (ConfUtils.java:logGet(43)) - raft.server.log.segment.size.max = 1048576 (custom)
2019-11-15 05:36:37,272 [pool-47-thread-1] INFO  server.RaftServerConfigKeys (ConfUtils.java:logGet(43)) - raft.server.log.segment.size.max = 1048576 (custom)
2019-11-15 05:36:37,273 [pool-27-thread-1] INFO  server.RaftServerConfigKeys (ConfUtils.java:logGet(43)) - raft.server.log.preallocated.size = 16384 (custom)
2019-11-15 05:36:37,273 [pool-37-thread-1] INFO  server.RaftServerConfigKeys (ConfUtils.java:logGet(43)) - raft.server.log.segment.cache.num.max = 2 (custom)
2019-11-15 05:36:37,273 [pool-27-thread-1] INFO  server.RaftServerConfigKeys (ConfUtils.java:logGet(43)) - raft.server.log.write.buffer.size = 33554432 (custom)
2019-11-15 05:36:37,273 [pool-47-thread-1] INFO  server.RaftServerConfigKeys (ConfUtils.java:logGet(43)) - raft.server.log.segment.cache.num.max = 2 (custom)
2019-11-15 05:36:37,273 [pool-27-thread-1] INFO  server.RaftServerConfigKeys (ConfUtils.java:logGet(43)) - raft.server.log.force.sync.num = 128 (default)
2019-11-15 05:36:37,273 [pool-37-thread-1] INFO  segmented.SegmentedRaftLogWorker (SegmentedRaftLogWorker.java:<init>(173)) - new 83ab7eea-2486-4beb-94b4-d7f00fbd5fbc@group-40EEC83E8EC4-SegmentedRaftLogWorker for RaftStorage:Storage Directory /workdir/hadoop-ozone/tools/target/test-dir/MiniOzoneClusterImpl-52992b3b-5a88-4474-8d71-6c2c95d3246e/datanode-1/data/ratis/2d6dc430-2452-4d74-9ad2-40eec83e8ec4
2019-11-15 05:36:37,274 [pool-27-thread-1] INFO  server.RaftServerConfigKeys (ConfUtils.java:logGet(43)) - raft.server.log.statemachine.data.sync = true (default)
2019-11-15 05:36:37,274 [pool-47-thread-1] INFO  segmented.SegmentedRaftLogWorker (SegmentedRaftLogWorker.java:<init>(173)) - new 3e233443-f0f1-4e61-b8a9-b47569f95910@group-40EEC83E8EC4-SegmentedRaftLogWorker for RaftStorage:Storage Directory /workdir/hadoop-ozone/tools/target/test-dir/MiniOzoneClusterImpl-52992b3b-5a88-4474-8d71-6c2c95d3246e/datanode-2/data/ratis/2d6dc430-2452-4d74-9ad2-40eec83e8ec4
2019-11-15 05:36:37,274 [pool-27-thread-1] INFO  server.RaftServerConfigKeys (ConfUtils.java:logGet(43)) - raft.server.log.statemachine.data.sync.timeout = 10s (default)
2019-11-15 05:36:37,274 [pool-37-thread-1] INFO  server.RaftServerConfigKeys (ConfUtils.java:logGet(43)) - raft.server.log.queue.byte-limit = 2147483647 (custom)
2019-11-15 05:36:37,274 [pool-27-thread-1] INFO  server.RaftServerConfigKeys (ConfUtils.java:logGet(43)) - raft.server.log.statemachine.data.sync.timeout.retry = -1 (default)
2019-11-15 05:36:37,274 [pool-47-thread-1] INFO  server.RaftServerConfigKeys (ConfUtils.java:logGet(43)) - raft.server.log.queue.byte-limit = 2147483647 (custom)
2019-11-15 05:36:37,275 [pool-27-thread-1] INFO  server.RaftServerConfigKeys (ConfUtils.java:logGet(43)) - raft.server.log.statemachine.data.caching.enabled = true (custom)
2019-11-15 05:36:37,274 [pool-37-thread-1] INFO  server.RaftServerConfigKeys (ConfUtils.java:logGet(43)) - raft.server.log.queue.element-limit = 1024 (custom)
2019-11-15 05:36:37,275 [pool-47-thread-1] INFO  server.RaftServerConfigKeys (ConfUtils.java:logGet(43)) - raft.server.log.queue.element-limit = 1024 (custom)
2019-11-15 05:36:37,275 [pool-37-thread-1] INFO  server.RaftServerConfigKeys (ConfUtils.java:logGet(43)) - raft.server.log.segment.size.max = 1048576 (custom)
2019-11-15 05:36:37,275 [pool-47-thread-1] INFO  server.RaftServerConfigKeys (ConfUtils.java:logGet(43)) - raft.server.log.segment.size.max = 1048576 (custom)
2019-11-15 05:36:37,275 [pool-27-thread-1] INFO  segmented.SegmentedRaftLogWorker (SegmentedRaftLogWorker.java:lambda$new$0(128)) - ba3a32cc-462d-433b-80fb-e16a70a9f199@group-40EEC83E8EC4-SegmentedRaftLogWorker: flushIndex: setUnconditionally 0 -> -1
2019-11-15 05:36:37,275 [pool-47-thread-1] INFO  server.RaftServerConfigKeys (ConfUtils.java:logGet(43)) - raft.server.log.preallocated.size = 16384 (custom)
2019-11-15 05:36:37,275 [pool-37-thread-1] INFO  server.RaftServerConfigKeys (ConfUtils.java:logGet(43)) - raft.server.log.preallocated.size = 16384 (custom)
2019-11-15 05:36:37,276 [pool-47-thread-1] INFO  server.RaftServerConfigKeys (ConfUtils.java:logGet(43)) - raft.server.log.write.buffer.size = 33554432 (custom)
2019-11-15 05:36:37,276 [pool-37-thread-1] INFO  server.RaftServerConfigKeys (ConfUtils.java:logGet(43)) - raft.server.log.write.buffer.size = 33554432 (custom)
2019-11-15 05:36:37,276 [pool-27-thread-1] INFO  server.RaftServerConfigKeys (ConfUtils.java:logGet(43)) - raft.server.snapshot.auto.trigger.enabled = true (custom)
2019-11-15 05:36:37,276 [pool-37-thread-1] INFO  server.RaftServerConfigKeys (ConfUtils.java:logGet(43)) - raft.server.log.force.sync.num = 128 (default)
2019-11-15 05:36:37,276 [pool-47-thread-1] INFO  server.RaftServerConfigKeys (ConfUtils.java:logGet(43)) - raft.server.log.force.sync.num = 128 (default)
2019-11-15 05:36:37,276 [pool-37-thread-1] INFO  server.RaftServerConfigKeys (ConfUtils.java:logGet(43)) - raft.server.log.statemachine.data.sync = true (default)
2019-11-15 05:36:37,276 [pool-27-thread-1] INFO  server.RaftServerConfigKeys (ConfUtils.java:logGet(43)) - raft.server.snapshot.auto.trigger.threshold = 10000 (custom)
2019-11-15 05:36:37,277 [pool-37-thread-1] INFO  server.RaftServerConfigKeys (ConfUtils.java:logGet(43)) - raft.server.log.statemachine.data.sync.timeout = 10s (default)
2019-11-15 05:36:37,277 [pool-47-thread-1] INFO  server.RaftServerConfigKeys (ConfUtils.java:logGet(43)) - raft.server.log.statemachine.data.sync = true (default)
2019-11-15 05:36:37,277 [pool-37-thread-1] INFO  server.RaftServerConfigKeys (ConfUtils.java:logGet(43)) - raft.server.log.statemachine.data.sync.timeout.retry = -1 (default)
2019-11-15 05:36:37,277 [pool-27-thread-1] INFO  server.RaftServerConfigKeys (ConfUtils.java:logGet(43)) - raft.server.snapshot.retention.file.num = 5 (custom)
2019-11-15 05:36:37,277 [pool-47-thread-1] INFO  server.RaftServerConfigKeys (ConfUtils.java:logGet(43)) - raft.server.log.statemachine.data.sync.timeout = 10s (default)
2019-11-15 05:36:37,278 [pool-27-thread-1] INFO  server.RaftServerConfigKeys (ConfUtils.java:logGet(43)) - raft.server.retrycache.expirytime = 600000ms (custom)
2019-11-15 05:36:37,278 [pool-37-thread-1] INFO  server.RaftServerConfigKeys (ConfUtils.java:logGet(43)) - raft.server.log.statemachine.data.caching.enabled = true (custom)
2019-11-15 05:36:37,278 [pool-27-thread-1] WARN  impl.MetricRegistriesImpl (MetricRegistriesImpl.java:lambda$create$1(61)) - First MetricRegistry has been created without registering reporters. You may need to call MetricRegistries.global().addReportRegistration(...) before.
2019-11-15 05:36:37,278 [pool-47-thread-1] INFO  server.RaftServerConfigKeys (ConfUtils.java:logGet(43)) - raft.server.log.statemachine.data.sync.timeout.retry = -1 (default)
2019-11-15 05:36:37,278 [pool-37-thread-1] INFO  segmented.SegmentedRaftLogWorker (SegmentedRaftLogWorker.java:lambda$new$0(128)) - 83ab7eea-2486-4beb-94b4-d7f00fbd5fbc@group-40EEC83E8EC4-SegmentedRaftLogWorker: flushIndex: setUnconditionally 0 -> -1
2019-11-15 05:36:37,278 [pool-27-thread-1] WARN  impl.MetricRegistriesImpl (MetricRegistriesImpl.java:lambda$create$1(61)) - First MetricRegistry has been created without registering reporters. You may need to call MetricRegistries.global().addReportRegistration(...) before.
2019-11-15 05:36:37,278 [pool-47-thread-1] INFO  server.RaftServerConfigKeys (ConfUtils.java:logGet(43)) - raft.server.log.statemachine.data.caching.enabled = true (custom)
2019-11-15 05:36:37,279 [pool-37-thread-1] INFO  server.RaftServerConfigKeys (ConfUtils.java:logGet(43)) - raft.server.snapshot.auto.trigger.enabled = true (custom)
2019-11-15 05:36:37,279 [pool-27-thread-1] INFO  impl.RaftServerImpl (RaftServerImpl.java:start(184)) - ba3a32cc-462d-433b-80fb-e16a70a9f199@group-40EEC83E8EC4: start as a follower, conf=-1: [3e233443-f0f1-4e61-b8a9-b47569f95910:192.168.69.70:44304, ba3a32cc-462d-433b-80fb-e16a70a9f199:192.168.69.70:46056, 83ab7eea-2486-4beb-94b4-d7f00fbd5fbc:192.168.69.70:38203], old=null
2019-11-15 05:36:37,279 [pool-47-thread-1] INFO  segmented.SegmentedRaftLogWorker (SegmentedRaftLogWorker.java:lambda$new$0(128)) - 3e233443-f0f1-4e61-b8a9-b47569f95910@group-40EEC83E8EC4-SegmentedRaftLogWorker: flushIndex: setUnconditionally 0 -> -1
2019-11-15 05:36:37,279 [pool-37-thread-1] INFO  server.RaftServerConfigKeys (ConfUtils.java:logGet(43)) - raft.server.snapshot.auto.trigger.threshold = 10000 (custom)
2019-11-15 05:36:37,279 [pool-27-thread-1] INFO  impl.RaftServerImpl (RaftServerImpl.java:setRole(173)) - ba3a32cc-462d-433b-80fb-e16a70a9f199@group-40EEC83E8EC4: changes role from      null to FOLLOWER at term 0 for startAsFollower
2019-11-15 05:36:37,279 [pool-47-thread-1] INFO  server.RaftServerConfigKeys (ConfUtils.java:logGet(43)) - raft.server.snapshot.auto.trigger.enabled = true (custom)
2019-11-15 05:36:37,280 [pool-27-thread-1] INFO  impl.RoleInfo (RoleInfo.java:updateAndGet(143)) - ba3a32cc-462d-433b-80fb-e16a70a9f199: start FollowerState
2019-11-15 05:36:37,279 [pool-37-thread-1] INFO  server.RaftServerConfigKeys (ConfUtils.java:logGet(43)) - raft.server.snapshot.retention.file.num = 5 (custom)
2019-11-15 05:36:37,280 [pool-47-thread-1] INFO  server.RaftServerConfigKeys (ConfUtils.java:logGet(43)) - raft.server.snapshot.auto.trigger.threshold = 10000 (custom)
2019-11-15 05:36:37,280 [pool-37-thread-1] INFO  server.RaftServerConfigKeys (ConfUtils.java:logGet(43)) - raft.server.retrycache.expirytime = 600000ms (custom)
2019-11-15 05:36:37,280 [pool-47-thread-1] INFO  server.RaftServerConfigKeys (ConfUtils.java:logGet(43)) - raft.server.snapshot.retention.file.num = 5 (custom)
2019-11-15 05:36:37,280 [pool-37-thread-1] WARN  impl.MetricRegistriesImpl (MetricRegistriesImpl.java:lambda$create$1(61)) - First MetricRegistry has been created without registering reporters. You may need to call MetricRegistries.global().addReportRegistration(...) before.
2019-11-15 05:36:37,280 [pool-47-thread-1] INFO  server.RaftServerConfigKeys (ConfUtils.java:logGet(43)) - raft.server.retrycache.expirytime = 600000ms (custom)
2019-11-15 05:36:37,280 [pool-27-thread-1] INFO  util.JmxRegister (JmxRegister.java:tryRegister(44)) - Successfully registered JMX Bean with object name Ratis:service=RaftServer,group=group-40EEC83E8EC4,id=ba3a32cc-462d-433b-80fb-e16a70a9f199
2019-11-15 05:36:37,280 [pool-47-thread-1] WARN  impl.MetricRegistriesImpl (MetricRegistriesImpl.java:lambda$create$1(61)) - First MetricRegistry has been created without registering reporters. You may need to call MetricRegistries.global().addReportRegistration(...) before.
2019-11-15 05:36:37,280 [pool-37-thread-1] WARN  impl.MetricRegistriesImpl (MetricRegistriesImpl.java:lambda$create$1(61)) - First MetricRegistry has been created without registering reporters. You may need to call MetricRegistries.global().addReportRegistration(...) before.
2019-11-15 05:36:37,281 [pool-47-thread-1] WARN  impl.MetricRegistriesImpl (MetricRegistriesImpl.java:lambda$create$1(61)) - First MetricRegistry has been created without registering reporters. You may need to call MetricRegistries.global().addReportRegistration(...) before.
2019-11-15 05:36:37,281 [pool-27-thread-1] WARN  impl.MetricRegistriesImpl (MetricRegistriesImpl.java:lambda$create$1(61)) - First MetricRegistry has been created without registering reporters. You may need to call MetricRegistries.global().addReportRegistration(...) before.
2019-11-15 05:36:37,281 [pool-37-thread-1] INFO  impl.RaftServerImpl (RaftServerImpl.java:start(184)) - 83ab7eea-2486-4beb-94b4-d7f00fbd5fbc@group-40EEC83E8EC4: start as a follower, conf=-1: [3e233443-f0f1-4e61-b8a9-b47569f95910:192.168.69.70:44304, ba3a32cc-462d-433b-80fb-e16a70a9f199:192.168.69.70:46056, 83ab7eea-2486-4beb-94b4-d7f00fbd5fbc:192.168.69.70:38203], old=null
2019-11-15 05:36:37,281 [pool-47-thread-1] INFO  impl.RaftServerImpl (RaftServerImpl.java:start(184)) - 3e233443-f0f1-4e61-b8a9-b47569f95910@group-40EEC83E8EC4: start as a follower, conf=-1: [3e233443-f0f1-4e61-b8a9-b47569f95910:192.168.69.70:44304, ba3a32cc-462d-433b-80fb-e16a70a9f199:192.168.69.70:46056, 83ab7eea-2486-4beb-94b4-d7f00fbd5fbc:192.168.69.70:38203], old=null
2019-11-15 05:36:37,281 [pool-37-thread-1] INFO  impl.RaftServerImpl (RaftServerImpl.java:setRole(173)) - 83ab7eea-2486-4beb-94b4-d7f00fbd5fbc@group-40EEC83E8EC4: changes role from      null to FOLLOWER at term 0 for startAsFollower
2019-11-15 05:36:37,281 [pool-47-thread-1] INFO  impl.RaftServerImpl (RaftServerImpl.java:setRole(173)) - 3e233443-f0f1-4e61-b8a9-b47569f95910@group-40EEC83E8EC4: changes role from      null to FOLLOWER at term 0 for startAsFollower
2019-11-15 05:36:37,282 [pool-37-thread-1] INFO  impl.RoleInfo (RoleInfo.java:updateAndGet(143)) - 83ab7eea-2486-4beb-94b4-d7f00fbd5fbc: start FollowerState
2019-11-15 05:36:37,282 [pool-47-thread-1] INFO  impl.RoleInfo (RoleInfo.java:updateAndGet(143)) - 3e233443-f0f1-4e61-b8a9-b47569f95910: start FollowerState
2019-11-15 05:36:37,282 [pool-37-thread-1] INFO  util.JmxRegister (JmxRegister.java:tryRegister(44)) - Successfully registered JMX Bean with object name Ratis:service=RaftServer,group=group-40EEC83E8EC4,id=83ab7eea-2486-4beb-94b4-d7f00fbd5fbc
2019-11-15 05:36:37,282 [pool-37-thread-1] WARN  impl.MetricRegistriesImpl (MetricRegistriesImpl.java:lambda$create$1(61)) - First MetricRegistry has been created without registering reporters. You may need to call MetricRegistries.global().addReportRegistration(...) before.
2019-11-15 05:36:37,282 [pool-47-thread-1] INFO  util.JmxRegister (JmxRegister.java:tryRegister(44)) - Successfully registered JMX Bean with object name Ratis:service=RaftServer,group=group-40EEC83E8EC4,id=3e233443-f0f1-4e61-b8a9-b47569f95910
2019-11-15 05:36:37,282 [pool-47-thread-1] WARN  impl.MetricRegistriesImpl (MetricRegistriesImpl.java:lambda$create$1(61)) - First MetricRegistry has been created without registering reporters. You may need to call MetricRegistries.global().addReportRegistration(...) before.
2019-11-15 05:36:37,295 [RatisPipelineUtilsThread] INFO  pipeline.PipelineStateManager (PipelineStateManager.java:addPipeline(55)) - Created pipeline Pipeline[ Id: 2d6dc430-2452-4d74-9ad2-40eec83e8ec4, Nodes: ba3a32cc-462d-433b-80fb-e16a70a9f199{ip: 192.168.69.70, host: pr-hdds-2498-sbs7n-842119931, networkLocation: /default-rack, certSerialId: null}3e233443-f0f1-4e61-b8a9-b47569f95910{ip: 192.168.69.70, host: pr-hdds-2498-sbs7n-842119931, networkLocation: /default-rack, certSerialId: null}83ab7eea-2486-4beb-94b4-d7f00fbd5fbc{ip: 192.168.69.70, host: pr-hdds-2498-sbs7n-842119931, networkLocation: /default-rack, certSerialId: null}, Type:RATIS, Factor:THREE, State:ALLOCATED]
2019-11-15 05:36:37,296 [Thread-178] INFO  pipeline.PipelineStateManager (PipelineStateManager.java:finalizePipeline(121)) - Pipeline Pipeline[ Id: 894847ea-2e71-4419-8ddf-59509ab9750b, Nodes: ba3a32cc-462d-433b-80fb-e16a70a9f199{ip: 192.168.69.70, host: pr-hdds-2498-sbs7n-842119931, networkLocation: /default-rack, certSerialId: null}, Type:RATIS, Factor:ONE, State:CLOSED] moved to CLOSED state
2019-11-15 05:36:37,305 [grpc-default-executor-2] INFO  impl.RaftServerProxy (RaftServerProxy.java:remove(95)) - ba3a32cc-462d-433b-80fb-e16a70a9f199: remove  FOLLOWER ba3a32cc-462d-433b-80fb-e16a70a9f199@group-59509AB9750B:t0, leader=null, voted=null, raftlog=ba3a32cc-462d-433b-80fb-e16a70a9f199@group-59509AB9750B-SegmentedRaftLog:OPENED:c-1,f-1,i0, conf=-1: [ba3a32cc-462d-433b-80fb-e16a70a9f199:192.168.69.70:46056], old=null RUNNING
2019-11-15 05:36:37,305 [grpc-default-executor-2] INFO  impl.RaftServerImpl (RaftServerImpl.java:lambda$shutdown$3(250)) - ba3a32cc-462d-433b-80fb-e16a70a9f199@group-59509AB9750B: shutdown
2019-11-15 05:36:37,306 [grpc-default-executor-2] INFO  util.JmxRegister (JmxRegister.java:unregister(73)) - Successfully un-registered JMX Bean with object name Ratis:service=RaftServer,group=group-59509AB9750B,id=ba3a32cc-462d-433b-80fb-e16a70a9f199
2019-11-15 05:36:37,306 [grpc-default-executor-2] INFO  impl.RoleInfo (RoleInfo.java:shutdownFollowerState(121)) - ba3a32cc-462d-433b-80fb-e16a70a9f199: shutdown FollowerState
2019-11-15 05:36:37,306 [grpc-default-executor-2] INFO  impl.StateMachineUpdater (StateMachineUpdater.java:stopAndJoin(136)) - ba3a32cc-462d-433b-80fb-e16a70a9f199@group-59509AB9750B-StateMachineUpdater: set stopIndex = -1
2019-11-15 05:36:37,306 [Thread-180] INFO  impl.FollowerState (FollowerState.java:run(120)) - ba3a32cc-462d-433b-80fb-e16a70a9f199@group-59509AB9750B-FollowerState was interrupted: java.lang.InterruptedException: sleep interrupted
2019-11-15 05:36:37,307 [grpc-default-executor-2] INFO  impl.RaftServerImpl (ServerState.java:close(387)) - ba3a32cc-462d-433b-80fb-e16a70a9f199@group-59509AB9750B: closes. applyIndex: -1
2019-11-15 05:36:37,308 [ba3a32cc-462d-433b-80fb-e16a70a9f199@group-59509AB9750B-SegmentedRaftLogWorker] INFO  segmented.SegmentedRaftLogWorker (SegmentedRaftLogWorker.java:run(316)) - ba3a32cc-462d-433b-80fb-e16a70a9f199@group-59509AB9750B-SegmentedRaftLogWorker was interrupted, exiting. There are 0 tasks remaining in the queue.
2019-11-15 05:36:37,308 [grpc-default-executor-2] INFO  segmented.SegmentedRaftLogWorker (SegmentedRaftLogWorker.java:close(224)) - ba3a32cc-462d-433b-80fb-e16a70a9f199@group-59509AB9750B-SegmentedRaftLogWorker close()
2019-11-15 05:36:37,314 [Thread-178] INFO  pipeline.PipelineStateManager (PipelineStateManager.java:removePipeline(106)) - Pipeline Pipeline[ Id: 894847ea-2e71-4419-8ddf-59509ab9750b, Nodes: ba3a32cc-462d-433b-80fb-e16a70a9f199{ip: 192.168.69.70, host: pr-hdds-2498-sbs7n-842119931, networkLocation: /default-rack, certSerialId: null}, Type:RATIS, Factor:ONE, State:CLOSED] removed from db
2019-11-15 05:36:37,314 [Thread-178] INFO  pipeline.SCMPipelineManager (SCMPipelineManager.java:finalizeAndDestroyPipeline(315)) - destroying pipeline:Pipeline[ Id: 78387825-0a94-4906-b970-d20353f4b6d3, Nodes: 3e233443-f0f1-4e61-b8a9-b47569f95910{ip: 192.168.69.70, host: pr-hdds-2498-sbs7n-842119931, networkLocation: /default-rack, certSerialId: null}, Type:RATIS, Factor:ONE, State:ALLOCATED]
2019-11-15 05:36:37,323 [grpc-default-executor-2] INFO  impl.RaftServerProxy (RaftServerProxy.java:addNew(89)) - ba3a32cc-462d-433b-80fb-e16a70a9f199: addNew group-7C75D173CCE0:[ba3a32cc-462d-433b-80fb-e16a70a9f199:192.168.69.70:46056] returns group-7C75D173CCE0:java.util.concurrent.CompletableFuture@3a4771c4[Not completed]
2019-11-15 05:36:37,325 [pool-27-thread-1] INFO  impl.RaftServerImpl (RaftServerImpl.java:<init>(98)) - ba3a32cc-462d-433b-80fb-e16a70a9f199: new RaftServerImpl for group-7C75D173CCE0:[ba3a32cc-462d-433b-80fb-e16a70a9f199:192.168.69.70:46056] with ContainerStateMachine:uninitialized
2019-11-15 05:36:37,325 [pool-27-thread-1] INFO  server.RaftServerConfigKeys (ConfUtils.java:logGet(43)) - raft.server.rpc.timeout.min = 5s (custom)
2019-11-15 05:36:37,325 [pool-27-thread-1] INFO  server.RaftServerConfigKeys (ConfUtils.java:logGet(43)) - raft.server.rpc.timeout.max = 5200ms (custom)
2019-11-15 05:36:37,325 [pool-27-thread-1] INFO  server.RaftServerConfigKeys (ConfUtils.java:logGet(43)) - raft.server.rpcslowness.timeout = 120s (custom)
2019-11-15 05:36:37,326 [pool-27-thread-1] INFO  server.RaftServerConfigKeys (ConfUtils.java:logGet(43)) - raft.server.sleep.deviation.threshold = 300 (default)
2019-11-15 05:36:37,326 [pool-27-thread-1] INFO  server.RaftServerConfigKeys (ConfUtils.java:logGet(43)) - raft.server.log.appender.install.snapshot.enabled = false (custom)
2019-11-15 05:36:37,326 [pool-27-thread-1] INFO  impl.RaftServerImpl (ServerState.java:<init>(103)) - ba3a32cc-462d-433b-80fb-e16a70a9f199@group-7C75D173CCE0: ConfigurationManager, init=-1: [ba3a32cc-462d-433b-80fb-e16a70a9f199:192.168.69.70:46056], old=null, confs=<EMPTY_MAP>
2019-11-15 05:36:37,326 [pool-27-thread-1] INFO  server.RaftServerConfigKeys (ConfUtils.java:logGet(43)) - raft.server.storage.dir = [/workdir/hadoop-ozone/tools/target/test-dir/MiniOzoneClusterImpl-52992b3b-5a88-4474-8d71-6c2c95d3246e/datanode-0/data/ratis] (custom)
2019-11-15 05:36:37,326 [pool-27-thread-1] INFO  server.RaftServerConfigKeys (ConfUtils.java:logGet(43)) - raft.server.log.corruption.policy = EXCEPTION (default)
2019-11-15 05:36:37,327 [pool-27-thread-1] INFO  storage.RaftStorageDirectory (RaftStorageDirectory.java:analyzeStorage(246)) - The storage directory /workdir/hadoop-ozone/tools/target/test-dir/MiniOzoneClusterImpl-52992b3b-5a88-4474-8d71-6c2c95d3246e/datanode-0/data/ratis/1e39541e-58d9-48d7-b1a0-7c75d173cce0 does not exist. Creating ...
2019-11-15 05:36:37,353 [pool-27-thread-1] INFO  storage.RaftStorageDirectory (RaftStorageDirectory.java:tryLock(328)) - Lock on /workdir/hadoop-ozone/tools/target/test-dir/MiniOzoneClusterImpl-52992b3b-5a88-4474-8d71-6c2c95d3246e/datanode-0/data/ratis/1e39541e-58d9-48d7-b1a0-7c75d173cce0/in_use.lock acquired by nodename 25890@pr-hdds-2498-sbs7n-842119931
2019-11-15 05:36:37,370 [pool-27-thread-1] INFO  storage.RaftStorage (RaftStorage.java:format(84)) - Storage directory /workdir/hadoop-ozone/tools/target/test-dir/MiniOzoneClusterImpl-52992b3b-5a88-4474-8d71-6c2c95d3246e/datanode-0/data/ratis/1e39541e-58d9-48d7-b1a0-7c75d173cce0 has been successfully formatted.
2019-11-15 05:36:37,371 [pool-27-thread-1] INFO  ratis.ContainerStateMachine (ContainerStateMachine.java:loadSnapshot(223)) - group-7C75D173CCE0: The snapshot info is null. Setting the last applied indexto:(t:0, i:~)
2019-11-15 05:36:37,371 [pool-27-thread-1] INFO  server.RaftServerConfigKeys (ConfUtils.java:logGet(43)) - raft.server.notification.no-leader.timeout = 120s (custom)
2019-11-15 05:36:37,371 [pool-27-thread-1] INFO  server.RaftServerConfigKeys (ConfUtils.java:logGet(43)) - raft.server.log.use.memory = false (default)
2019-11-15 05:36:37,371 [pool-27-thread-1] INFO  server.RaftServerConfigKeys (ConfUtils.java:logGet(43)) - raft.server.log.purge.gap = 1000000 (custom)
2019-11-15 05:36:37,371 [pool-27-thread-1] INFO  server.RaftServerConfigKeys (ConfUtils.java:logGet(43)) - raft.server.log.appender.buffer.byte-limit = 33554432 (custom)
2019-11-15 05:36:37,372 [pool-27-thread-1] INFO  server.RaftServerConfigKeys (ConfUtils.java:logGet(43)) - raft.server.log.segment.size.max = 1048576 (custom)
2019-11-15 05:36:37,372 [pool-27-thread-1] INFO  server.RaftServerConfigKeys (ConfUtils.java:logGet(43)) - raft.server.log.segment.cache.num.max = 2 (custom)
2019-11-15 05:36:37,372 [pool-27-thread-1] INFO  segmented.SegmentedRaftLogWorker (SegmentedRaftLogWorker.java:<init>(173)) - new ba3a32cc-462d-433b-80fb-e16a70a9f199@group-7C75D173CCE0-SegmentedRaftLogWorker for RaftStorage:Storage Directory /workdir/hadoop-ozone/tools/target/test-dir/MiniOzoneClusterImpl-52992b3b-5a88-4474-8d71-6c2c95d3246e/datanode-0/data/ratis/1e39541e-58d9-48d7-b1a0-7c75d173cce0
2019-11-15 05:36:37,372 [pool-27-thread-1] INFO  server.RaftServerConfigKeys (ConfUtils.java:logGet(43)) - raft.server.log.queue.byte-limit = 2147483647 (custom)
2019-11-15 05:36:37,372 [pool-27-thread-1] INFO  server.RaftServerConfigKeys (ConfUtils.java:logGet(43)) - raft.server.log.queue.element-limit = 1024 (custom)
2019-11-15 05:36:37,372 [pool-27-thread-1] INFO  server.RaftServerConfigKeys (ConfUtils.java:logGet(43)) - raft.server.log.segment.size.max = 1048576 (custom)
2019-11-15 05:36:37,372 [pool-27-thread-1] INFO  server.RaftServerConfigKeys (ConfUtils.java:logGet(43)) - raft.server.log.preallocated.size = 16384 (custom)
2019-11-15 05:36:37,373 [pool-27-thread-1] INFO  server.RaftServerConfigKeys (ConfUtils.java:logGet(43)) - raft.server.log.write.buffer.size = 33554432 (custom)
2019-11-15 05:36:37,373 [pool-27-thread-1] INFO  server.RaftServerConfigKeys (ConfUtils.java:logGet(43)) - raft.server.log.force.sync.num = 128 (default)
2019-11-15 05:36:37,373 [pool-27-thread-1] INFO  server.RaftServerConfigKeys (ConfUtils.java:logGet(43)) - raft.server.log.statemachine.data.sync = true (default)
2019-11-15 05:36:37,373 [pool-27-thread-1] INFO  server.RaftServerConfigKeys (ConfUtils.java:logGet(43)) - raft.server.log.statemachine.data.sync.timeout = 10s (default)
2019-11-15 05:36:37,373 [pool-27-thread-1] INFO  server.RaftServerConfigKeys (ConfUtils.java:logGet(43)) - raft.server.log.statemachine.data.sync.timeout.retry = -1 (default)
2019-11-15 05:36:37,374 [pool-27-thread-1] INFO  server.RaftServerConfigKeys (ConfUtils.java:logGet(43)) - raft.server.log.statemachine.data.caching.enabled = true (custom)
2019-11-15 05:36:37,374 [pool-27-thread-1] INFO  segmented.SegmentedRaftLogWorker (SegmentedRaftLogWorker.java:lambda$new$0(128)) - ba3a32cc-462d-433b-80fb-e16a70a9f199@group-7C75D173CCE0-SegmentedRaftLogWorker: flushIndex: setUnconditionally 0 -> -1
2019-11-15 05:36:37,374 [pool-27-thread-1] INFO  server.RaftServerConfigKeys (ConfUtils.java:logGet(43)) - raft.server.snapshot.auto.trigger.enabled = true (custom)
2019-11-15 05:36:37,374 [pool-27-thread-1] INFO  server.RaftServerConfigKeys (ConfUtils.java:logGet(43)) - raft.server.snapshot.auto.trigger.threshold = 10000 (custom)
2019-11-15 05:36:37,375 [pool-27-thread-1] INFO  server.RaftServerConfigKeys (ConfUtils.java:logGet(43)) - raft.server.snapshot.retention.file.num = 5 (custom)
2019-11-15 05:36:37,375 [pool-27-thread-1] INFO  server.RaftServerConfigKeys (ConfUtils.java:logGet(43)) - raft.server.retrycache.expirytime = 600000ms (custom)
2019-11-15 05:36:37,375 [pool-27-thread-1] WARN  impl.MetricRegistriesImpl (MetricRegistriesImpl.java:lambda$create$1(61)) - First MetricRegistry has been created without registering reporters. You may need to call MetricRegistries.global().addReportRegistration(...) before.
2019-11-15 05:36:37,375 [pool-27-thread-1] WARN  impl.MetricRegistriesImpl (MetricRegistriesImpl.java:lambda$create$1(61)) - First MetricRegistry has been created without registering reporters. You may need to call MetricRegistries.global().addReportRegistration(...) before.
2019-11-15 05:36:37,375 [pool-27-thread-1] INFO  impl.RaftServerImpl (RaftServerImpl.java:start(184)) - ba3a32cc-462d-433b-80fb-e16a70a9f199@group-7C75D173CCE0: start as a follower, conf=-1: [ba3a32cc-462d-433b-80fb-e16a70a9f199:192.168.69.70:46056], old=null
2019-11-15 05:36:37,375 [pool-27-thread-1] INFO  impl.RaftServerImpl (RaftServerImpl.java:setRole(173)) - ba3a32cc-462d-433b-80fb-e16a70a9f199@group-7C75D173CCE0: changes role from      null to FOLLOWER at term 0 for startAsFollower
2019-11-15 05:36:37,376 [pool-27-thread-1] INFO  impl.RoleInfo (RoleInfo.java:updateAndGet(143)) - ba3a32cc-462d-433b-80fb-e16a70a9f199: start FollowerState
2019-11-15 05:36:37,376 [pool-27-thread-1] INFO  util.JmxRegister (JmxRegister.java:tryRegister(44)) - Successfully registered JMX Bean with object name Ratis:service=RaftServer,group=group-7C75D173CCE0,id=ba3a32cc-462d-433b-80fb-e16a70a9f199
2019-11-15 05:36:37,376 [pool-27-thread-1] WARN  impl.MetricRegistriesImpl (MetricRegistriesImpl.java:lambda$create$1(61)) - First MetricRegistry has been created without registering reporters. You may need to call MetricRegistries.global().addReportRegistration(...) before.
2019-11-15 05:36:37,382 [RatisPipelineUtilsThread] INFO  pipeline.PipelineStateManager (PipelineStateManager.java:addPipeline(55)) - Created pipeline Pipeline[ Id: 1e39541e-58d9-48d7-b1a0-7c75d173cce0, Nodes: ba3a32cc-462d-433b-80fb-e16a70a9f199{ip: 192.168.69.70, host: pr-hdds-2498-sbs7n-842119931, networkLocation: /default-rack, certSerialId: null}, Type:RATIS, Factor:ONE, State:ALLOCATED]
2019-11-15 05:36:37,385 [Thread-178] INFO  pipeline.PipelineStateManager (PipelineStateManager.java:finalizePipeline(121)) - Pipeline Pipeline[ Id: 78387825-0a94-4906-b970-d20353f4b6d3, Nodes: 3e233443-f0f1-4e61-b8a9-b47569f95910{ip: 192.168.69.70, host: pr-hdds-2498-sbs7n-842119931, networkLocation: /default-rack, certSerialId: null}, Type:RATIS, Factor:ONE, State:CLOSED] moved to CLOSED state
2019-11-15 05:36:37,398 [grpc-default-executor-2] INFO  impl.RaftServerProxy (RaftServerProxy.java:remove(95)) - 3e233443-f0f1-4e61-b8a9-b47569f95910: remove  FOLLOWER 3e233443-f0f1-4e61-b8a9-b47569f95910@group-D20353F4B6D3:t0, leader=null, voted=null, raftlog=3e233443-f0f1-4e61-b8a9-b47569f95910@group-D20353F4B6D3-SegmentedRaftLog:OPENED:c-1,f-1,i0, conf=-1: [3e233443-f0f1-4e61-b8a9-b47569f95910:192.168.69.70:44304], old=null RUNNING
2019-11-15 05:36:37,398 [grpc-default-executor-2] INFO  impl.RaftServerImpl (RaftServerImpl.java:lambda$shutdown$3(250)) - 3e233443-f0f1-4e61-b8a9-b47569f95910@group-D20353F4B6D3: shutdown
2019-11-15 05:36:37,398 [grpc-default-executor-2] INFO  util.JmxRegister (JmxRegister.java:unregister(73)) - Successfully un-registered JMX Bean with object name Ratis:service=RaftServer,group=group-D20353F4B6D3,id=3e233443-f0f1-4e61-b8a9-b47569f95910
2019-11-15 05:36:37,399 [grpc-default-executor-2] INFO  impl.RoleInfo (RoleInfo.java:shutdownFollowerState(121)) - 3e233443-f0f1-4e61-b8a9-b47569f95910: shutdown FollowerState
2019-11-15 05:36:37,399 [grpc-default-executor-2] INFO  impl.StateMachineUpdater (StateMachineUpdater.java:stopAndJoin(136)) - 3e233443-f0f1-4e61-b8a9-b47569f95910@group-D20353F4B6D3-StateMachineUpdater: set stopIndex = -1
2019-11-15 05:36:37,399 [Thread-183] INFO  impl.FollowerState (FollowerState.java:run(120)) - 3e233443-f0f1-4e61-b8a9-b47569f95910@group-D20353F4B6D3-FollowerState was interrupted: java.lang.InterruptedException: sleep interrupted
2019-11-15 05:36:37,400 [grpc-default-executor-2] INFO  impl.RaftServerImpl (ServerState.java:close(387)) - 3e233443-f0f1-4e61-b8a9-b47569f95910@group-D20353F4B6D3: closes. applyIndex: -1
2019-11-15 05:36:37,401 [3e233443-f0f1-4e61-b8a9-b47569f95910@group-D20353F4B6D3-SegmentedRaftLogWorker] INFO  segmented.SegmentedRaftLogWorker (SegmentedRaftLogWorker.java:run(316)) - 3e233443-f0f1-4e61-b8a9-b47569f95910@group-D20353F4B6D3-SegmentedRaftLogWorker was interrupted, exiting. There are 0 tasks remaining in the queue.
2019-11-15 05:36:37,401 [grpc-default-executor-2] INFO  segmented.SegmentedRaftLogWorker (SegmentedRaftLogWorker.java:close(224)) - 3e233443-f0f1-4e61-b8a9-b47569f95910@group-D20353F4B6D3-SegmentedRaftLogWorker close()
2019-11-15 05:36:37,408 [Thread-178] INFO  pipeline.PipelineStateManager (PipelineStateManager.java:removePipeline(106)) - Pipeline Pipeline[ Id: 78387825-0a94-4906-b970-d20353f4b6d3, Nodes: 3e233443-f0f1-4e61-b8a9-b47569f95910{ip: 192.168.69.70, host: pr-hdds-2498-sbs7n-842119931, networkLocation: /default-rack, certSerialId: null}, Type:RATIS, Factor:ONE, State:CLOSED] removed from db
2019-11-15 05:36:37,415 [grpc-default-executor-2] INFO  impl.RaftServerProxy (RaftServerProxy.java:addNew(89)) - 3e233443-f0f1-4e61-b8a9-b47569f95910: addNew group-EB14276757BF:[3e233443-f0f1-4e61-b8a9-b47569f95910:192.168.69.70:44304] returns group-EB14276757BF:java.util.concurrent.CompletableFuture@6a666220[Not completed]
2019-11-15 05:36:37,417 [pool-47-thread-1] INFO  impl.RaftServerImpl (RaftServerImpl.java:<init>(98)) - 3e233443-f0f1-4e61-b8a9-b47569f95910: new RaftServerImpl for group-EB14276757BF:[3e233443-f0f1-4e61-b8a9-b47569f95910:192.168.69.70:44304] with ContainerStateMachine:uninitialized
2019-11-15 05:36:37,417 [pool-47-thread-1] INFO  server.RaftServerConfigKeys (ConfUtils.java:logGet(43)) - raft.server.rpc.timeout.min = 5s (custom)
2019-11-15 05:36:37,418 [pool-47-thread-1] INFO  server.RaftServerConfigKeys (ConfUtils.java:logGet(43)) - raft.server.rpc.timeout.max = 5200ms (custom)
2019-11-15 05:36:37,418 [pool-47-thread-1] INFO  server.RaftServerConfigKeys (ConfUtils.java:logGet(43)) - raft.server.rpcslowness.timeout = 120s (custom)
2019-11-15 05:36:37,418 [pool-47-thread-1] INFO  server.RaftServerConfigKeys (ConfUtils.java:logGet(43)) - raft.server.sleep.deviation.threshold = 300 (default)
2019-11-15 05:36:37,418 [pool-47-thread-1] INFO  server.RaftServerConfigKeys (ConfUtils.java:logGet(43)) - raft.server.log.appender.install.snapshot.enabled = false (custom)
2019-11-15 05:36:37,418 [pool-47-thread-1] INFO  impl.RaftServerImpl (ServerState.java:<init>(103)) - 3e233443-f0f1-4e61-b8a9-b47569f95910@group-EB14276757BF: ConfigurationManager, init=-1: [3e233443-f0f1-4e61-b8a9-b47569f95910:192.168.69.70:44304], old=null, confs=<EMPTY_MAP>
2019-11-15 05:36:37,418 [pool-47-thread-1] INFO  server.RaftServerConfigKeys (ConfUtils.java:logGet(43)) - raft.server.storage.dir = [/workdir/hadoop-ozone/tools/target/test-dir/MiniOzoneClusterImpl-52992b3b-5a88-4474-8d71-6c2c95d3246e/datanode-2/data/ratis] (custom)
2019-11-15 05:36:37,419 [pool-47-thread-1] INFO  server.RaftServerConfigKeys (ConfUtils.java:logGet(43)) - raft.server.log.corruption.policy = EXCEPTION (default)
2019-11-15 05:36:37,419 [pool-47-thread-1] INFO  storage.RaftStorageDirectory (RaftStorageDirectory.java:analyzeStorage(246)) - The storage directory /workdir/hadoop-ozone/tools/target/test-dir/MiniOzoneClusterImpl-52992b3b-5a88-4474-8d71-6c2c95d3246e/datanode-2/data/ratis/d7e39b40-642a-4c50-afb9-eb14276757bf does not exist. Creating ...
2019-11-15 05:36:37,446 [pool-47-thread-1] INFO  storage.RaftStorageDirectory (RaftStorageDirectory.java:tryLock(328)) - Lock on /workdir/hadoop-ozone/tools/target/test-dir/MiniOzoneClusterImpl-52992b3b-5a88-4474-8d71-6c2c95d3246e/datanode-2/data/ratis/d7e39b40-642a-4c50-afb9-eb14276757bf/in_use.lock acquired by nodename 25890@pr-hdds-2498-sbs7n-842119931
2019-11-15 05:36:37,471 [pool-47-thread-1] INFO  storage.RaftStorage (RaftStorage.java:format(84)) - Storage directory /workdir/hadoop-ozone/tools/target/test-dir/MiniOzoneClusterImpl-52992b3b-5a88-4474-8d71-6c2c95d3246e/datanode-2/data/ratis/d7e39b40-642a-4c50-afb9-eb14276757bf has been successfully formatted.
2019-11-15 05:36:37,472 [pool-47-thread-1] INFO  ratis.ContainerStateMachine (ContainerStateMachine.java:loadSnapshot(223)) - group-EB14276757BF: The snapshot info is null. Setting the last applied indexto:(t:0, i:~)
2019-11-15 05:36:37,472 [pool-47-thread-1] INFO  server.RaftServerConfigKeys (ConfUtils.java:logGet(43)) - raft.server.notification.no-leader.timeout = 120s (custom)
2019-11-15 05:36:37,472 [pool-47-thread-1] INFO  server.RaftServerConfigKeys (ConfUtils.java:logGet(43)) - raft.server.log.use.memory = false (default)
2019-11-15 05:36:37,472 [pool-47-thread-1] INFO  server.RaftServerConfigKeys (ConfUtils.java:logGet(43)) - raft.server.log.purge.gap = 1000000 (custom)
2019-11-15 05:36:37,473 [pool-47-thread-1] INFO  server.RaftServerConfigKeys (ConfUtils.java:logGet(43)) - raft.server.log.appender.buffer.byte-limit = 33554432 (custom)
2019-11-15 05:36:37,473 [pool-47-thread-1] INFO  server.RaftServerConfigKeys (ConfUtils.java:logGet(43)) - raft.server.log.segment.size.max = 1048576 (custom)
2019-11-15 05:36:37,473 [pool-47-thread-1] INFO  server.RaftServerConfigKeys (ConfUtils.java:logGet(43)) - raft.server.log.segment.cache.num.max = 2 (custom)
2019-11-15 05:36:37,473 [pool-47-thread-1] INFO  segmented.SegmentedRaftLogWorker (SegmentedRaftLogWorker.java:<init>(173)) - new 3e233443-f0f1-4e61-b8a9-b47569f95910@group-EB14276757BF-SegmentedRaftLogWorker for RaftStorage:Storage Directory /workdir/hadoop-ozone/tools/target/test-dir/MiniOzoneClusterImpl-52992b3b-5a88-4474-8d71-6c2c95d3246e/datanode-2/data/ratis/d7e39b40-642a-4c50-afb9-eb14276757bf
2019-11-15 05:36:37,473 [pool-47-thread-1] INFO  server.RaftServerConfigKeys (ConfUtils.java:logGet(43)) - raft.server.log.queue.byte-limit = 2147483647 (custom)
2019-11-15 05:36:37,474 [pool-47-thread-1] INFO  server.RaftServerConfigKeys (ConfUtils.java:logGet(43)) - raft.server.log.queue.element-limit = 1024 (custom)
2019-11-15 05:36:37,474 [pool-47-thread-1] INFO  server.RaftServerConfigKeys (ConfUtils.java:logGet(43)) - raft.server.log.segment.size.max = 1048576 (custom)
2019-11-15 05:36:37,474 [pool-47-thread-1] INFO  server.RaftServerConfigKeys (ConfUtils.java:logGet(43)) - raft.server.log.preallocated.size = 16384 (custom)
2019-11-15 05:36:37,474 [pool-47-thread-1] INFO  server.RaftServerConfigKeys (ConfUtils.java:logGet(43)) - raft.server.log.write.buffer.size = 33554432 (custom)
2019-11-15 05:36:37,474 [pool-47-thread-1] INFO  server.RaftServerConfigKeys (ConfUtils.java:logGet(43)) - raft.server.log.force.sync.num = 128 (default)
2019-11-15 05:36:37,474 [pool-47-thread-1] INFO  server.RaftServerConfigKeys (ConfUtils.java:logGet(43)) - raft.server.log.statemachine.data.sync = true (default)
2019-11-15 05:36:37,475 [pool-47-thread-1] INFO  server.RaftServerConfigKeys (ConfUtils.java:logGet(43)) - raft.server.log.statemachine.data.sync.timeout = 10s (default)
2019-11-15 05:36:37,475 [pool-47-thread-1] INFO  server.RaftServerConfigKeys (ConfUtils.java:logGet(43)) - raft.server.log.statemachine.data.sync.timeout.retry = -1 (default)
2019-11-15 05:36:37,475 [pool-47-thread-1] INFO  server.RaftServerConfigKeys (ConfUtils.java:logGet(43)) - raft.server.log.statemachine.data.caching.enabled = true (custom)
2019-11-15 05:36:37,475 [pool-47-thread-1] INFO  segmented.SegmentedRaftLogWorker (SegmentedRaftLogWorker.java:lambda$new$0(128)) - 3e233443-f0f1-4e61-b8a9-b47569f95910@group-EB14276757BF-SegmentedRaftLogWorker: flushIndex: setUnconditionally 0 -> -1
2019-11-15 05:36:37,476 [pool-47-thread-1] INFO  server.RaftServerConfigKeys (ConfUtils.java:logGet(43)) - raft.server.snapshot.auto.trigger.enabled = true (custom)
2019-11-15 05:36:37,476 [pool-47-thread-1] INFO  server.RaftServerConfigKeys (ConfUtils.java:logGet(43)) - raft.server.snapshot.auto.trigger.threshold = 10000 (custom)
2019-11-15 05:36:37,476 [pool-47-thread-1] INFO  server.RaftServerConfigKeys (ConfUtils.java:logGet(43)) - raft.server.snapshot.retention.file.num = 5 (custom)
2019-11-15 05:36:37,476 [pool-47-thread-1] INFO  server.RaftServerConfigKeys (ConfUtils.java:logGet(43)) - raft.server.retrycache.expirytime = 600000ms (custom)
2019-11-15 05:36:37,477 [pool-47-thread-1] WARN  impl.MetricRegistriesImpl (MetricRegistriesImpl.java:lambda$create$1(61)) - First MetricRegistry has been created without registering reporters. You may need to call MetricRegistries.global().addReportRegistration(...) before.
2019-11-15 05:36:37,477 [pool-47-thread-1] WARN  impl.MetricRegistriesImpl (MetricRegistriesImpl.java:lambda$create$1(61)) - First MetricRegistry has been created without registering reporters. You may need to call MetricRegistries.global().addReportRegistration(...) before.
2019-11-15 05:36:37,477 [pool-47-thread-1] INFO  impl.RaftServerImpl (RaftServerImpl.java:start(184)) - 3e233443-f0f1-4e61-b8a9-b47569f95910@group-EB14276757BF: start as a follower, conf=-1: [3e233443-f0f1-4e61-b8a9-b47569f95910:192.168.69.70:44304], old=null
2019-11-15 05:36:37,477 [pool-47-thread-1] INFO  impl.RaftServerImpl (RaftServerImpl.java:setRole(173)) - 3e233443-f0f1-4e61-b8a9-b47569f95910@group-EB14276757BF: changes role from      null to FOLLOWER at term 0 for startAsFollower
2019-11-15 05:36:37,478 [pool-47-thread-1] INFO  impl.RoleInfo (RoleInfo.java:updateAndGet(143)) - 3e233443-f0f1-4e61-b8a9-b47569f95910: start FollowerState
2019-11-15 05:36:37,478 [pool-47-thread-1] INFO  util.JmxRegister (JmxRegister.java:tryRegister(44)) - Successfully registered JMX Bean with object name Ratis:service=RaftServer,group=group-EB14276757BF,id=3e233443-f0f1-4e61-b8a9-b47569f95910
2019-11-15 05:36:37,478 [pool-47-thread-1] WARN  impl.MetricRegistriesImpl (MetricRegistriesImpl.java:lambda$create$1(61)) - First MetricRegistry has been created without registering reporters. You may need to call MetricRegistries.global().addReportRegistration(...) before.
2019-11-15 05:36:37,485 [RatisPipelineUtilsThread] INFO  pipeline.PipelineStateManager (PipelineStateManager.java:addPipeline(55)) - Created pipeline Pipeline[ Id: d7e39b40-642a-4c50-afb9-eb14276757bf, Nodes: 3e233443-f0f1-4e61-b8a9-b47569f95910{ip: 192.168.69.70, host: pr-hdds-2498-sbs7n-842119931, networkLocation: /default-rack, certSerialId: null}, Type:RATIS, Factor:ONE, State:ALLOCATED]
2019-11-15 05:36:38,154 [main] INFO  ozone.MiniOzoneClusterImpl (MiniOzoneClusterImpl.java:lambda$waitForClusterToBeReady$2(163)) - Waiting for 4 number of pipelines out of 4, to report a leader.
2019-11-15 05:36:39,155 [main] INFO  ozone.MiniOzoneClusterImpl (MiniOzoneClusterImpl.java:lambda$waitForClusterToBeReady$2(163)) - Waiting for 4 number of pipelines out of 4, to report a leader.
2019-11-15 05:36:40,156 [main] INFO  ozone.MiniOzoneClusterImpl (MiniOzoneClusterImpl.java:lambda$waitForClusterToBeReady$2(163)) - Waiting for 4 number of pipelines out of 4, to report a leader.
2019-11-15 05:36:41,157 [main] INFO  ozone.MiniOzoneClusterImpl (MiniOzoneClusterImpl.java:lambda$waitForClusterToBeReady$2(163)) - Waiting for 4 number of pipelines out of 4, to report a leader.
2019-11-15 05:36:42,157 [main] INFO  ozone.MiniOzoneClusterImpl (MiniOzoneClusterImpl.java:lambda$waitForClusterToBeReady$2(163)) - Waiting for 4 number of pipelines out of 4, to report a leader.
2019-11-15 05:36:42,303 [Thread-211] INFO  impl.FollowerState (FollowerState.java:run(111)) - 3e233443-f0f1-4e61-b8a9-b47569f95910@group-40EEC83E8EC4-FollowerState: change to CANDIDATE, lastRpcTime:5021ms, electionTimeout:5021ms
2019-11-15 05:36:42,306 [Thread-211] INFO  impl.RoleInfo (RoleInfo.java:shutdownFollowerState(121)) - 3e233443-f0f1-4e61-b8a9-b47569f95910: shutdown FollowerState
2019-11-15 05:36:42,306 [Thread-211] INFO  impl.RaftServerImpl (RaftServerImpl.java:setRole(173)) - 3e233443-f0f1-4e61-b8a9-b47569f95910@group-40EEC83E8EC4: changes role from  FOLLOWER to CANDIDATE at term 0 for changeToCandidate
2019-11-15 05:36:42,312 [Thread-211] INFO  impl.RoleInfo (RoleInfo.java:updateAndGet(143)) - 3e233443-f0f1-4e61-b8a9-b47569f95910: start LeaderElection
2019-11-15 05:36:42,313 [Thread-200] INFO  impl.FollowerState (FollowerState.java:run(111)) - 83ab7eea-2486-4beb-94b4-d7f00fbd5fbc@group-A3AD7C11AAFA-FollowerState: change to CANDIDATE, lastRpcTime:5181ms, electionTimeout:5181ms
2019-11-15 05:36:42,314 [Thread-200] INFO  impl.RoleInfo (RoleInfo.java:shutdownFollowerState(121)) - 83ab7eea-2486-4beb-94b4-d7f00fbd5fbc: shutdown FollowerState
2019-11-15 05:36:42,315 [Thread-200] INFO  impl.RaftServerImpl (RaftServerImpl.java:setRole(173)) - 83ab7eea-2486-4beb-94b4-d7f00fbd5fbc@group-A3AD7C11AAFA: changes role from  FOLLOWER to CANDIDATE at term 0 for changeToCandidate
2019-11-15 05:36:42,315 [Thread-200] INFO  impl.RoleInfo (RoleInfo.java:updateAndGet(143)) - 83ab7eea-2486-4beb-94b4-d7f00fbd5fbc: start LeaderElection
2019-11-15 05:36:42,335 [Thread-206] INFO  impl.FollowerState (FollowerState.java:run(111)) - ba3a32cc-462d-433b-80fb-e16a70a9f199@group-40EEC83E8EC4-FollowerState: change to CANDIDATE, lastRpcTime:5055ms, electionTimeout:5055ms
2019-11-15 05:36:42,335 [Thread-206] INFO  impl.RoleInfo (RoleInfo.java:shutdownFollowerState(121)) - ba3a32cc-462d-433b-80fb-e16a70a9f199: shutdown FollowerState
2019-11-15 05:36:42,335 [Thread-206] INFO  impl.RaftServerImpl (RaftServerImpl.java:setRole(173)) - ba3a32cc-462d-433b-80fb-e16a70a9f199@group-40EEC83E8EC4: changes role from  FOLLOWER to CANDIDATE at term 0 for changeToCandidate
2019-11-15 05:36:42,336 [Thread-206] INFO  impl.RoleInfo (RoleInfo.java:updateAndGet(143)) - ba3a32cc-462d-433b-80fb-e16a70a9f199: start LeaderElection
2019-11-15 05:36:42,349 [83ab7eea-2486-4beb-94b4-d7f00fbd5fbc@group-A3AD7C11AAFA-LeaderElection2] INFO  impl.LeaderElection (LeaderElection.java:askForVotes(178)) - 83ab7eea-2486-4beb-94b4-d7f00fbd5fbc@group-A3AD7C11AAFA-LeaderElection2: begin an election at term 1 for -1: [83ab7eea-2486-4beb-94b4-d7f00fbd5fbc:192.168.69.70:38203], old=null
2019-11-15 05:36:42,349 [3e233443-f0f1-4e61-b8a9-b47569f95910@group-40EEC83E8EC4-LeaderElection1] INFO  impl.LeaderElection (LeaderElection.java:askForVotes(178)) - 3e233443-f0f1-4e61-b8a9-b47569f95910@group-40EEC83E8EC4-LeaderElection1: begin an election at term 1 for -1: [3e233443-f0f1-4e61-b8a9-b47569f95910:192.168.69.70:44304, ba3a32cc-462d-433b-80fb-e16a70a9f199:192.168.69.70:46056, 83ab7eea-2486-4beb-94b4-d7f00fbd5fbc:192.168.69.70:38203], old=null
2019-11-15 05:36:42,354 [83ab7eea-2486-4beb-94b4-d7f00fbd5fbc@group-A3AD7C11AAFA-LeaderElection2] INFO  impl.RoleInfo (RoleInfo.java:shutdownLeaderElection(134)) - 83ab7eea-2486-4beb-94b4-d7f00fbd5fbc: shutdown LeaderElection
2019-11-15 05:36:42,355 [83ab7eea-2486-4beb-94b4-d7f00fbd5fbc@group-A3AD7C11AAFA-LeaderElection2] INFO  impl.RaftServerImpl (RaftServerImpl.java:setRole(173)) - 83ab7eea-2486-4beb-94b4-d7f00fbd5fbc@group-A3AD7C11AAFA: changes role from CANDIDATE to LEADER at term 1 for changeToLeader
2019-11-15 05:36:42,355 [83ab7eea-2486-4beb-94b4-d7f00fbd5fbc@group-A3AD7C11AAFA-LeaderElection2] INFO  ratis.XceiverServerRatis (XceiverServerRatis.java:handleLeaderChangedNotification(697)) - Leader change notification received for group: group-A3AD7C11AAFA with new leaderId: 83ab7eea-2486-4beb-94b4-d7f00fbd5fbc
2019-11-15 05:36:42,361 [83ab7eea-2486-4beb-94b4-d7f00fbd5fbc@group-A3AD7C11AAFA-LeaderElection2] INFO  impl.RaftServerImpl (ServerState.java:setLeader(255)) - 83ab7eea-2486-4beb-94b4-d7f00fbd5fbc@group-A3AD7C11AAFA: change Leader from null to 83ab7eea-2486-4beb-94b4-d7f00fbd5fbc at term 1 for becomeLeader, leader elected after 5228ms
2019-11-15 05:36:42,366 [ba3a32cc-462d-433b-80fb-e16a70a9f199@group-40EEC83E8EC4-LeaderElection3] INFO  impl.LeaderElection (LeaderElection.java:askForVotes(178)) - ba3a32cc-462d-433b-80fb-e16a70a9f199@group-40EEC83E8EC4-LeaderElection3: begin an election at term 1 for -1: [3e233443-f0f1-4e61-b8a9-b47569f95910:192.168.69.70:44304, ba3a32cc-462d-433b-80fb-e16a70a9f199:192.168.69.70:46056, 83ab7eea-2486-4beb-94b4-d7f00fbd5fbc:192.168.69.70:38203], old=null
2019-11-15 05:36:42,368 [83ab7eea-2486-4beb-94b4-d7f00fbd5fbc@group-A3AD7C11AAFA-LeaderElection2] INFO  server.RaftServerConfigKeys (ConfUtils.java:logGet(43)) - raft.server.staging.catchup.gap = 1000 (default)
2019-11-15 05:36:42,369 [83ab7eea-2486-4beb-94b4-d7f00fbd5fbc@group-A3AD7C11AAFA-LeaderElection2] INFO  server.RaftServerConfigKeys (ConfUtils.java:logGet(43)) - raft.server.rpc.sleep.time = 25ms (default)
2019-11-15 05:36:42,378 [83ab7eea-2486-4beb-94b4-d7f00fbd5fbc@group-A3AD7C11AAFA-LeaderElection2] INFO  server.RaftServerConfigKeys (ConfUtils.java:logGet(43)) - raft.server.write.element-limit = 4096 (default)
2019-11-15 05:36:42,385 [83ab7eea-2486-4beb-94b4-d7f00fbd5fbc@group-A3AD7C11AAFA-LeaderElection2] INFO  server.RaftServerConfigKeys (ConfUtils.java:logGet(43)) - raft.server.watch.timeout = 10s (default)
2019-11-15 05:36:42,385 [83ab7eea-2486-4beb-94b4-d7f00fbd5fbc@group-A3AD7C11AAFA-LeaderElection2] INFO  server.RaftServerConfigKeys (ConfUtils.java:logGet(43)) - raft.server.watch.timeout.denomination = 1s (default)
2019-11-15 05:36:42,386 [EventQueue-PipelineReportForPipelineReportHandler] INFO  pipeline.PipelineStateManager (PipelineStateManager.java:openPipeline(134)) - Pipeline Pipeline[ Id: ab8e33b6-0884-4ea7-bdbd-a3ad7c11aafa, Nodes: 83ab7eea-2486-4beb-94b4-d7f00fbd5fbc{ip: 192.168.69.70, host: pr-hdds-2498-sbs7n-842119931, networkLocation: /default-rack, certSerialId: null}, Type:RATIS, Factor:ONE, State:OPEN] moved to OPEN state
2019-11-15 05:36:42,387 [83ab7eea-2486-4beb-94b4-d7f00fbd5fbc@group-A3AD7C11AAFA-LeaderElection2] INFO  server.RaftServerConfigKeys (ConfUtils.java:logGet(43)) - raft.server.watch.element-limit = 65536 (default)
2019-11-15 05:36:42,391 [grpc-default-executor-0] INFO  impl.RaftServerImpl (RaftServerImpl.java:setRole(173)) - 83ab7eea-2486-4beb-94b4-d7f00fbd5fbc@group-40EEC83E8EC4: changes role from  FOLLOWER to FOLLOWER at term 1 for recognizeCandidate:ba3a32cc-462d-433b-80fb-e16a70a9f199
2019-11-15 05:36:42,391 [grpc-default-executor-0] INFO  impl.RoleInfo (RoleInfo.java:shutdownFollowerState(121)) - 83ab7eea-2486-4beb-94b4-d7f00fbd5fbc: shutdown FollowerState
2019-11-15 05:36:42,391 [grpc-default-executor-0] INFO  impl.RoleInfo (RoleInfo.java:updateAndGet(143)) - 83ab7eea-2486-4beb-94b4-d7f00fbd5fbc: start FollowerState
2019-11-15 05:36:42,391 [Thread-209] INFO  impl.FollowerState (FollowerState.java:run(120)) - 83ab7eea-2486-4beb-94b4-d7f00fbd5fbc@group-40EEC83E8EC4-FollowerState was interrupted: java.lang.InterruptedException: sleep interrupted
2019-11-15 05:36:42,404 [83ab7eea-2486-4beb-94b4-d7f00fbd5fbc@group-A3AD7C11AAFA-LeaderElection2] INFO  impl.RoleInfo (RoleInfo.java:updateAndGet(143)) - 83ab7eea-2486-4beb-94b4-d7f00fbd5fbc: start LeaderState
2019-11-15 05:36:42,422 [83ab7eea-2486-4beb-94b4-d7f00fbd5fbc@group-A3AD7C11AAFA-LeaderElection2] INFO  segmented.SegmentedRaftLogWorker (SegmentedRaftLogWorker.java:startLogSegment(385)) - 83ab7eea-2486-4beb-94b4-d7f00fbd5fbc@group-A3AD7C11AAFA-SegmentedRaftLogWorker: Starting segment from index:0
2019-11-15 05:36:42,429 [ba3a32cc-462d-433b-80fb-e16a70a9f199@group-40EEC83E8EC4-LeaderElection3] INFO  impl.LeaderElection (LeaderElection.java:logAndReturn(56)) - ba3a32cc-462d-433b-80fb-e16a70a9f199@group-40EEC83E8EC4-LeaderElection3: Election PASSED; received 2 response(s) [ba3a32cc-462d-433b-80fb-e16a70a9f199<-3e233443-f0f1-4e61-b8a9-b47569f95910#0:FAIL-t1, ba3a32cc-462d-433b-80fb-e16a70a9f199<-83ab7eea-2486-4beb-94b4-d7f00fbd5fbc#0:OK-t1] and 0 exception(s); ba3a32cc-462d-433b-80fb-e16a70a9f199@group-40EEC83E8EC4:t1, leader=null, voted=ba3a32cc-462d-433b-80fb-e16a70a9f199, raftlog=ba3a32cc-462d-433b-80fb-e16a70a9f199@group-40EEC83E8EC4-SegmentedRaftLog:OPENED:c-1,f-1,i0, conf=-1: [3e233443-f0f1-4e61-b8a9-b47569f95910:192.168.69.70:44304, ba3a32cc-462d-433b-80fb-e16a70a9f199:192.168.69.70:46056, 83ab7eea-2486-4beb-94b4-d7f00fbd5fbc:192.168.69.70:38203], old=null
2019-11-15 05:36:42,429 [3e233443-f0f1-4e61-b8a9-b47569f95910@group-40EEC83E8EC4-LeaderElection1] INFO  impl.LeaderElection (LeaderElection.java:logAndReturn(56)) - 3e233443-f0f1-4e61-b8a9-b47569f95910@group-40EEC83E8EC4-LeaderElection1: Election REJECTED; received 2 response(s) [3e233443-f0f1-4e61-b8a9-b47569f95910<-ba3a32cc-462d-433b-80fb-e16a70a9f199#0:FAIL-t1, 3e233443-f0f1-4e61-b8a9-b47569f95910<-83ab7eea-2486-4beb-94b4-d7f00fbd5fbc#0:FAIL-t1] and 0 exception(s); 3e233443-f0f1-4e61-b8a9-b47569f95910@group-40EEC83E8EC4:t1, leader=null, voted=3e233443-f0f1-4e61-b8a9-b47569f95910, raftlog=3e233443-f0f1-4e61-b8a9-b47569f95910@group-40EEC83E8EC4-SegmentedRaftLog:OPENED:c-1,f-1,i0, conf=-1: [3e233443-f0f1-4e61-b8a9-b47569f95910:192.168.69.70:44304, ba3a32cc-462d-433b-80fb-e16a70a9f199:192.168.69.70:46056, 83ab7eea-2486-4beb-94b4-d7f00fbd5fbc:192.168.69.70:38203], old=null
2019-11-15 05:36:42,429 [ba3a32cc-462d-433b-80fb-e16a70a9f199@group-40EEC83E8EC4-LeaderElection3] INFO  impl.RoleInfo (RoleInfo.java:shutdownLeaderElection(134)) - ba3a32cc-462d-433b-80fb-e16a70a9f199: shutdown LeaderElection
2019-11-15 05:36:42,430 [ba3a32cc-462d-433b-80fb-e16a70a9f199@group-40EEC83E8EC4-LeaderElection3] INFO  impl.RaftServerImpl (RaftServerImpl.java:setRole(173)) - ba3a32cc-462d-433b-80fb-e16a70a9f199@group-40EEC83E8EC4: changes role from CANDIDATE to LEADER at term 1 for changeToLeader
2019-11-15 05:36:42,431 [3e233443-f0f1-4e61-b8a9-b47569f95910@group-40EEC83E8EC4-LeaderElection1] INFO  impl.RaftServerImpl (RaftServerImpl.java:setRole(173)) - 3e233443-f0f1-4e61-b8a9-b47569f95910@group-40EEC83E8EC4: changes role from CANDIDATE to FOLLOWER at term 1 for DISCOVERED_A_NEW_TERM
2019-11-15 05:36:42,431 [ba3a32cc-462d-433b-80fb-e16a70a9f199@group-40EEC83E8EC4-LeaderElection3] INFO  ratis.XceiverServerRatis (XceiverServerRatis.java:handleLeaderChangedNotification(697)) - Leader change notification received for group: group-40EEC83E8EC4 with new leaderId: ba3a32cc-462d-433b-80fb-e16a70a9f199
2019-11-15 05:36:42,434 [3e233443-f0f1-4e61-b8a9-b47569f95910@group-40EEC83E8EC4-LeaderElection1] INFO  impl.RoleInfo (RoleInfo.java:shutdownLeaderElection(134)) - 3e233443-f0f1-4e61-b8a9-b47569f95910: shutdown LeaderElection
2019-11-15 05:36:42,435 [ba3a32cc-462d-433b-80fb-e16a70a9f199@group-40EEC83E8EC4-LeaderElection3] INFO  impl.RaftServerImpl (ServerState.java:setLeader(255)) - ba3a32cc-462d-433b-80fb-e16a70a9f199@group-40EEC83E8EC4: change Leader from null to ba3a32cc-462d-433b-80fb-e16a70a9f199 at term 1 for becomeLeader, leader elected after 5161ms
2019-11-15 05:36:42,435 [3e233443-f0f1-4e61-b8a9-b47569f95910@group-40EEC83E8EC4-LeaderElection1] INFO  impl.RoleInfo (RoleInfo.java:updateAndGet(143)) - 3e233443-f0f1-4e61-b8a9-b47569f95910: start FollowerState
2019-11-15 05:36:42,435 [ba3a32cc-462d-433b-80fb-e16a70a9f199@group-40EEC83E8EC4-LeaderElection3] INFO  server.RaftServerConfigKeys (ConfUtils.java:logGet(43)) - raft.server.staging.catchup.gap = 1000 (default)
2019-11-15 05:36:42,435 [ba3a32cc-462d-433b-80fb-e16a70a9f199@group-40EEC83E8EC4-LeaderElection3] INFO  server.RaftServerConfigKeys (ConfUtils.java:logGet(43)) - raft.server.rpc.sleep.time = 25ms (default)
2019-11-15 05:36:42,437 [ba3a32cc-462d-433b-80fb-e16a70a9f199@group-40EEC83E8EC4-LeaderElection3] INFO  server.RaftServerConfigKeys (ConfUtils.java:logGet(43)) - raft.server.write.element-limit = 4096 (default)
2019-11-15 05:36:42,437 [ba3a32cc-462d-433b-80fb-e16a70a9f199@group-40EEC83E8EC4-LeaderElection3] INFO  server.RaftServerConfigKeys (ConfUtils.java:logGet(43)) - raft.server.watch.timeout = 10s (default)
2019-11-15 05:36:42,438 [ba3a32cc-462d-433b-80fb-e16a70a9f199@group-40EEC83E8EC4-LeaderElection3] INFO  server.RaftServerConfigKeys (ConfUtils.java:logGet(43)) - raft.server.watch.timeout.denomination = 1s (default)
2019-11-15 05:36:42,438 [ba3a32cc-462d-433b-80fb-e16a70a9f199@group-40EEC83E8EC4-LeaderElection3] INFO  server.RaftServerConfigKeys (ConfUtils.java:logGet(43)) - raft.server.watch.element-limit = 65536 (default)
2019-11-15 05:36:42,438 [EventQueue-PipelineReportForPipelineReportHandler] INFO  pipeline.PipelineStateManager (PipelineStateManager.java:openPipeline(134)) - Pipeline Pipeline[ Id: 2d6dc430-2452-4d74-9ad2-40eec83e8ec4, Nodes: ba3a32cc-462d-433b-80fb-e16a70a9f199{ip: 192.168.69.70, host: pr-hdds-2498-sbs7n-842119931, networkLocation: /default-rack, certSerialId: null}3e233443-f0f1-4e61-b8a9-b47569f95910{ip: 192.168.69.70, host: pr-hdds-2498-sbs7n-842119931, networkLocation: /default-rack, certSerialId: null}83ab7eea-2486-4beb-94b4-d7f00fbd5fbc{ip: 192.168.69.70, host: pr-hdds-2498-sbs7n-842119931, networkLocation: /default-rack, certSerialId: null}, Type:RATIS, Factor:THREE, State:OPEN] moved to OPEN state
2019-11-15 05:36:42,441 [83ab7eea-2486-4beb-94b4-d7f00fbd5fbc@group-A3AD7C11AAFA-LeaderElection2] INFO  impl.RaftServerImpl (ServerState.java:setRaftConf(356)) - 83ab7eea-2486-4beb-94b4-d7f00fbd5fbc@group-A3AD7C11AAFA: set configuration 0: [83ab7eea-2486-4beb-94b4-d7f00fbd5fbc:192.168.69.70:38203], old=null at 0
2019-11-15 05:36:42,442 [ba3a32cc-462d-433b-80fb-e16a70a9f199@group-40EEC83E8EC4-LeaderElection3] INFO  server.RaftServerConfigKeys (ConfUtils.java:logGet(43)) - raft.server.log.appender.snapshot.chunk.size.max = 16MB (=16777216) (default)
2019-11-15 05:36:42,443 [ba3a32cc-462d-433b-80fb-e16a70a9f199@group-40EEC83E8EC4-LeaderElection3] INFO  server.RaftServerConfigKeys (ConfUtils.java:logGet(43)) - raft.server.log.appender.buffer.byte-limit = 33554432 (custom)
2019-11-15 05:36:42,444 [ba3a32cc-462d-433b-80fb-e16a70a9f199@group-40EEC83E8EC4-LeaderElection3] INFO  server.RaftServerConfigKeys (ConfUtils.java:logGet(43)) - raft.server.log.appender.buffer.element-limit = 1 (custom)
2019-11-15 05:36:42,449 [ba3a32cc-462d-433b-80fb-e16a70a9f199@group-40EEC83E8EC4-LeaderElection3] INFO  grpc.GrpcConfigKeys$Server (ConfUtils.java:logGet(43)) - raft.grpc.server.leader.outstanding.appends.max = 128 (default)
2019-11-15 05:36:42,449 [ba3a32cc-462d-433b-80fb-e16a70a9f199@group-40EEC83E8EC4-LeaderElection3] INFO  server.RaftServerConfigKeys (ConfUtils.java:logGet(43)) - raft.server.rpc.request.timeout = 3000ms (default)
2019-11-15 05:36:42,450 [ba3a32cc-462d-433b-80fb-e16a70a9f199@group-40EEC83E8EC4-LeaderElection3] INFO  server.RaftServerConfigKeys (ConfUtils.java:logGet(43)) - raft.server.log.appender.install.snapshot.enabled = false (custom)
2019-11-15 05:36:42,451 [ba3a32cc-462d-433b-80fb-e16a70a9f199@group-40EEC83E8EC4-LeaderElection3] WARN  impl.MetricRegistriesImpl (MetricRegistriesImpl.java:lambda$create$1(61)) - First MetricRegistry has been created without registering reporters. You may need to call MetricRegistries.global().addReportRegistration(...) before.
2019-11-15 05:36:42,452 [ba3a32cc-462d-433b-80fb-e16a70a9f199@group-40EEC83E8EC4-LeaderElection3] INFO  server.RaftServerConfigKeys (ConfUtils.java:logGet(43)) - raft.server.log.appender.snapshot.chunk.size.max = 16MB (=16777216) (default)
2019-11-15 05:36:42,453 [ba3a32cc-462d-433b-80fb-e16a70a9f199@group-40EEC83E8EC4-LeaderElection3] INFO  server.RaftServerConfigKeys (ConfUtils.java:logGet(43)) - raft.server.log.appender.buffer.byte-limit = 33554432 (custom)
2019-11-15 05:36:42,453 [ba3a32cc-462d-433b-80fb-e16a70a9f199@group-40EEC83E8EC4-LeaderElection3] INFO  server.RaftServerConfigKeys (ConfUtils.java:logGet(43)) - raft.server.log.appender.buffer.element-limit = 1 (custom)
2019-11-15 05:36:42,453 [ba3a32cc-462d-433b-80fb-e16a70a9f199@group-40EEC83E8EC4-LeaderElection3] INFO  grpc.GrpcConfigKeys$Server (ConfUtils.java:logGet(43)) - raft.grpc.server.leader.outstanding.appends.max = 128 (default)
2019-11-15 05:36:42,453 [ba3a32cc-462d-433b-80fb-e16a70a9f199@group-40EEC83E8EC4-LeaderElection3] INFO  server.RaftServerConfigKeys (ConfUtils.java:logGet(43)) - raft.server.rpc.request.timeout = 3000ms (default)
2019-11-15 05:36:42,453 [ba3a32cc-462d-433b-80fb-e16a70a9f199@group-40EEC83E8EC4-LeaderElection3] INFO  server.RaftServerConfigKeys (ConfUtils.java:logGet(43)) - raft.server.log.appender.install.snapshot.enabled = false (custom)
2019-11-15 05:36:42,457 [ba3a32cc-462d-433b-80fb-e16a70a9f199@group-40EEC83E8EC4-LeaderElection3] INFO  impl.RoleInfo (RoleInfo.java:updateAndGet(143)) - ba3a32cc-462d-433b-80fb-e16a70a9f199: start LeaderState
2019-11-15 05:36:42,458 [ba3a32cc-462d-433b-80fb-e16a70a9f199@group-40EEC83E8EC4-LeaderElection3] INFO  segmented.SegmentedRaftLogWorker (SegmentedRaftLogWorker.java:startLogSegment(385)) - ba3a32cc-462d-433b-80fb-e16a70a9f199@group-40EEC83E8EC4-SegmentedRaftLogWorker: Starting segment from index:0
2019-11-15 05:36:42,459 [ba3a32cc-462d-433b-80fb-e16a70a9f199@group-40EEC83E8EC4-LeaderElection3] INFO  impl.RaftServerImpl (ServerState.java:setRaftConf(356)) - ba3a32cc-462d-433b-80fb-e16a70a9f199@group-40EEC83E8EC4: set configuration 0: [3e233443-f0f1-4e61-b8a9-b47569f95910:192.168.69.70:44304, ba3a32cc-462d-433b-80fb-e16a70a9f199:192.168.69.70:46056, 83ab7eea-2486-4beb-94b4-d7f00fbd5fbc:192.168.69.70:38203], old=null at 0
2019-11-15 05:36:42,465 [Thread-216] INFO  impl.FollowerState (FollowerState.java:run(111)) - ba3a32cc-462d-433b-80fb-e16a70a9f199@group-7C75D173CCE0-FollowerState: change to CANDIDATE, lastRpcTime:5089ms, electionTimeout:5089ms
2019-11-15 05:36:42,465 [Thread-216] INFO  impl.RoleInfo (RoleInfo.java:shutdownFollowerState(121)) - ba3a32cc-462d-433b-80fb-e16a70a9f199: shutdown FollowerState
2019-11-15 05:36:42,466 [Thread-216] INFO  impl.RaftServerImpl (RaftServerImpl.java:setRole(173)) - ba3a32cc-462d-433b-80fb-e16a70a9f199@group-7C75D173CCE0: changes role from  FOLLOWER to CANDIDATE at term 0 for changeToCandidate
2019-11-15 05:36:42,466 [Thread-216] INFO  impl.RoleInfo (RoleInfo.java:updateAndGet(143)) - ba3a32cc-462d-433b-80fb-e16a70a9f199: start LeaderElection
2019-11-15 05:36:42,485 [grpc-default-executor-0] INFO  ratis.XceiverServerRatis (XceiverServerRatis.java:handleLeaderChangedNotification(697)) - Leader change notification received for group: group-40EEC83E8EC4 with new leaderId: ba3a32cc-462d-433b-80fb-e16a70a9f199
2019-11-15 05:36:42,485 [grpc-default-executor-1] INFO  ratis.XceiverServerRatis (XceiverServerRatis.java:handleLeaderChangedNotification(697)) - Leader change notification received for group: group-40EEC83E8EC4 with new leaderId: ba3a32cc-462d-433b-80fb-e16a70a9f199
2019-11-15 05:36:42,486 [grpc-default-executor-0] INFO  impl.RaftServerImpl (ServerState.java:setLeader(255)) - 3e233443-f0f1-4e61-b8a9-b47569f95910@group-40EEC83E8EC4: change Leader from null to ba3a32cc-462d-433b-80fb-e16a70a9f199 at term 1 for appendEntries, leader elected after 5215ms
2019-11-15 05:36:42,486 [grpc-default-executor-1] INFO  impl.RaftServerImpl (ServerState.java:setLeader(255)) - 83ab7eea-2486-4beb-94b4-d7f00fbd5fbc@group-40EEC83E8EC4: change Leader from null to ba3a32cc-462d-433b-80fb-e16a70a9f199 at term 1 for appendEntries, leader elected after 5215ms
2019-11-15 05:36:42,492 [ba3a32cc-462d-433b-80fb-e16a70a9f199@group-7C75D173CCE0-LeaderElection4] INFO  impl.LeaderElection (LeaderElection.java:askForVotes(178)) - ba3a32cc-462d-433b-80fb-e16a70a9f199@group-7C75D173CCE0-LeaderElection4: begin an election at term 1 for -1: [ba3a32cc-462d-433b-80fb-e16a70a9f199:192.168.69.70:46056], old=null
2019-11-15 05:36:42,492 [ba3a32cc-462d-433b-80fb-e16a70a9f199@group-7C75D173CCE0-LeaderElection4] INFO  impl.RoleInfo (RoleInfo.java:shutdownLeaderElection(134)) - ba3a32cc-462d-433b-80fb-e16a70a9f199: shutdown LeaderElection
2019-11-15 05:36:42,492 [ba3a32cc-462d-433b-80fb-e16a70a9f199@group-7C75D173CCE0-LeaderElection4] INFO  impl.RaftServerImpl (RaftServerImpl.java:setRole(173)) - ba3a32cc-462d-433b-80fb-e16a70a9f199@group-7C75D173CCE0: changes role from CANDIDATE to LEADER at term 1 for changeToLeader
2019-11-15 05:36:42,492 [ba3a32cc-462d-433b-80fb-e16a70a9f199@group-7C75D173CCE0-LeaderElection4] INFO  ratis.XceiverServerRatis (XceiverServerRatis.java:handleLeaderChangedNotification(697)) - Leader change notification received for group: group-7C75D173CCE0 with new leaderId: ba3a32cc-462d-433b-80fb-e16a70a9f199
2019-11-15 05:36:42,493 [ba3a32cc-462d-433b-80fb-e16a70a9f199@group-7C75D173CCE0-LeaderElection4] INFO  impl.RaftServerImpl (ServerState.java:setLeader(255)) - ba3a32cc-462d-433b-80fb-e16a70a9f199@group-7C75D173CCE0: change Leader from null to ba3a32cc-462d-433b-80fb-e16a70a9f199 at term 1 for becomeLeader, leader elected after 5121ms
2019-11-15 05:36:42,493 [ba3a32cc-462d-433b-80fb-e16a70a9f199@group-7C75D173CCE0-LeaderElection4] INFO  server.RaftServerConfigKeys (ConfUtils.java:logGet(43)) - raft.server.staging.catchup.gap = 1000 (default)
2019-11-15 05:36:42,493 [ba3a32cc-462d-433b-80fb-e16a70a9f199@group-7C75D173CCE0-LeaderElection4] INFO  server.RaftServerConfigKeys (ConfUtils.java:logGet(43)) - raft.server.rpc.sleep.time = 25ms (default)
2019-11-15 05:36:42,494 [ba3a32cc-462d-433b-80fb-e16a70a9f199@group-7C75D173CCE0-LeaderElection4] INFO  server.RaftServerConfigKeys (ConfUtils.java:logGet(43)) - raft.server.write.element-limit = 4096 (default)
2019-11-15 05:36:42,495 [ba3a32cc-462d-433b-80fb-e16a70a9f199@group-7C75D173CCE0-LeaderElection4] INFO  server.RaftServerConfigKeys (ConfUtils.java:logGet(43)) - raft.server.watch.timeout = 10s (default)
2019-11-15 05:36:42,495 [ba3a32cc-462d-433b-80fb-e16a70a9f199@group-7C75D173CCE0-LeaderElection4] INFO  server.RaftServerConfigKeys (ConfUtils.java:logGet(43)) - raft.server.watch.timeout.denomination = 1s (default)
2019-11-15 05:36:42,495 [ba3a32cc-462d-433b-80fb-e16a70a9f199@group-7C75D173CCE0-LeaderElection4] INFO  server.RaftServerConfigKeys (ConfUtils.java:logGet(43)) - raft.server.watch.element-limit = 65536 (default)
2019-11-15 05:36:42,496 [ba3a32cc-462d-433b-80fb-e16a70a9f199@group-7C75D173CCE0-LeaderElection4] INFO  impl.RoleInfo (RoleInfo.java:updateAndGet(143)) - ba3a32cc-462d-433b-80fb-e16a70a9f199: start LeaderState
2019-11-15 05:36:42,496 [EventQueue-PipelineReportForPipelineReportHandler] INFO  pipeline.PipelineStateManager (PipelineStateManager.java:openPipeline(134)) - Pipeline Pipeline[ Id: 1e39541e-58d9-48d7-b1a0-7c75d173cce0, Nodes: ba3a32cc-462d-433b-80fb-e16a70a9f199{ip: 192.168.69.70, host: pr-hdds-2498-sbs7n-842119931, networkLocation: /default-rack, certSerialId: null}, Type:RATIS, Factor:ONE, State:OPEN] moved to OPEN state
2019-11-15 05:36:42,496 [ba3a32cc-462d-433b-80fb-e16a70a9f199@group-7C75D173CCE0-LeaderElection4] INFO  segmented.SegmentedRaftLogWorker (SegmentedRaftLogWorker.java:startLogSegment(385)) - ba3a32cc-462d-433b-80fb-e16a70a9f199@group-7C75D173CCE0-SegmentedRaftLogWorker: Starting segment from index:0
2019-11-15 05:36:42,497 [ba3a32cc-462d-433b-80fb-e16a70a9f199@group-7C75D173CCE0-LeaderElection4] INFO  impl.RaftServerImpl (ServerState.java:setRaftConf(356)) - ba3a32cc-462d-433b-80fb-e16a70a9f199@group-7C75D173CCE0: set configuration 0: [ba3a32cc-462d-433b-80fb-e16a70a9f199:192.168.69.70:46056], old=null at 0
2019-11-15 05:36:42,512 [grpc-default-executor-1] INFO  impl.RaftServerImpl (ServerState.java:setRaftConf(356)) - 83ab7eea-2486-4beb-94b4-d7f00fbd5fbc@group-40EEC83E8EC4: set configuration 0: [3e233443-f0f1-4e61-b8a9-b47569f95910:192.168.69.70:44304, ba3a32cc-462d-433b-80fb-e16a70a9f199:192.168.69.70:46056, 83ab7eea-2486-4beb-94b4-d7f00fbd5fbc:192.168.69.70:38203], old=null at 0
2019-11-15 05:36:42,512 [grpc-default-executor-0] INFO  impl.RaftServerImpl (ServerState.java:setRaftConf(356)) - 3e233443-f0f1-4e61-b8a9-b47569f95910@group-40EEC83E8EC4: set configuration 0: [3e233443-f0f1-4e61-b8a9-b47569f95910:192.168.69.70:44304, ba3a32cc-462d-433b-80fb-e16a70a9f199:192.168.69.70:46056, 83ab7eea-2486-4beb-94b4-d7f00fbd5fbc:192.168.69.70:38203], old=null at 0
2019-11-15 05:36:42,512 [grpc-default-executor-1] INFO  segmented.SegmentedRaftLogWorker (SegmentedRaftLogWorker.java:startLogSegment(385)) - 83ab7eea-2486-4beb-94b4-d7f00fbd5fbc@group-40EEC83E8EC4-SegmentedRaftLogWorker: Starting segment from index:0
2019-11-15 05:36:42,512 [grpc-default-executor-0] INFO  segmented.SegmentedRaftLogWorker (SegmentedRaftLogWorker.java:startLogSegment(385)) - 3e233443-f0f1-4e61-b8a9-b47569f95910@group-40EEC83E8EC4-SegmentedRaftLogWorker: Starting segment from index:0
2019-11-15 05:36:42,603 [Thread-220] INFO  impl.FollowerState (FollowerState.java:run(111)) - 3e233443-f0f1-4e61-b8a9-b47569f95910@group-EB14276757BF-FollowerState: change to CANDIDATE, lastRpcTime:5125ms, electionTimeout:5125ms
2019-11-15 05:36:42,603 [Thread-220] INFO  impl.RoleInfo (RoleInfo.java:shutdownFollowerState(121)) - 3e233443-f0f1-4e61-b8a9-b47569f95910: shutdown FollowerState
2019-11-15 05:36:42,604 [Thread-220] INFO  impl.RaftServerImpl (RaftServerImpl.java:setRole(173)) - 3e233443-f0f1-4e61-b8a9-b47569f95910@group-EB14276757BF: changes role from  FOLLOWER to CANDIDATE at term 0 for changeToCandidate
2019-11-15 05:36:42,604 [Thread-220] INFO  impl.RoleInfo (RoleInfo.java:updateAndGet(143)) - 3e233443-f0f1-4e61-b8a9-b47569f95910: start LeaderElection
2019-11-15 05:36:42,651 [3e233443-f0f1-4e61-b8a9-b47569f95910@group-40EEC83E8EC4-SegmentedRaftLogWorker] INFO  segmented.SegmentedRaftLogWorker (SegmentedRaftLogWorker.java:execute(576)) - 3e233443-f0f1-4e61-b8a9-b47569f95910@group-40EEC83E8EC4-SegmentedRaftLogWorker: created new log segment /workdir/hadoop-ozone/tools/target/test-dir/MiniOzoneClusterImpl-52992b3b-5a88-4474-8d71-6c2c95d3246e/datanode-2/data/ratis/2d6dc430-2452-4d74-9ad2-40eec83e8ec4/current/log_inprogress_0
2019-11-15 05:36:42,651 [ba3a32cc-462d-433b-80fb-e16a70a9f199@group-7C75D173CCE0-SegmentedRaftLogWorker] INFO  segmented.SegmentedRaftLogWorker (SegmentedRaftLogWorker.java:execute(576)) - ba3a32cc-462d-433b-80fb-e16a70a9f199@group-7C75D173CCE0-SegmentedRaftLogWorker: created new log segment /workdir/hadoop-ozone/tools/target/test-dir/MiniOzoneClusterImpl-52992b3b-5a88-4474-8d71-6c2c95d3246e/datanode-0/data/ratis/1e39541e-58d9-48d7-b1a0-7c75d173cce0/current/log_inprogress_0
2019-11-15 05:36:42,651 [ba3a32cc-462d-433b-80fb-e16a70a9f199@group-40EEC83E8EC4-SegmentedRaftLogWorker] INFO  segmented.SegmentedRaftLogWorker (SegmentedRaftLogWorker.java:execute(576)) - ba3a32cc-462d-433b-80fb-e16a70a9f199@group-40EEC83E8EC4-SegmentedRaftLogWorker: created new log segment /workdir/hadoop-ozone/tools/target/test-dir/MiniOzoneClusterImpl-52992b3b-5a88-4474-8d71-6c2c95d3246e/datanode-0/data/ratis/2d6dc430-2452-4d74-9ad2-40eec83e8ec4/current/log_inprogress_0
2019-11-15 05:36:42,651 [83ab7eea-2486-4beb-94b4-d7f00fbd5fbc@group-40EEC83E8EC4-SegmentedRaftLogWorker] INFO  segmented.SegmentedRaftLogWorker (SegmentedRaftLogWorker.java:execute(576)) - 83ab7eea-2486-4beb-94b4-d7f00fbd5fbc@group-40EEC83E8EC4-SegmentedRaftLogWorker: created new log segment /workdir/hadoop-ozone/tools/target/test-dir/MiniOzoneClusterImpl-52992b3b-5a88-4474-8d71-6c2c95d3246e/datanode-1/data/ratis/2d6dc430-2452-4d74-9ad2-40eec83e8ec4/current/log_inprogress_0
2019-11-15 05:36:42,651 [3e233443-f0f1-4e61-b8a9-b47569f95910@group-EB14276757BF-LeaderElection5] INFO  impl.LeaderElection (LeaderElection.java:askForVotes(178)) - 3e233443-f0f1-4e61-b8a9-b47569f95910@group-EB14276757BF-LeaderElection5: begin an election at term 1 for -1: [3e233443-f0f1-4e61-b8a9-b47569f95910:192.168.69.70:44304], old=null
2019-11-15 05:36:42,651 [83ab7eea-2486-4beb-94b4-d7f00fbd5fbc@group-A3AD7C11AAFA-SegmentedRaftLogWorker] INFO  segmented.SegmentedRaftLogWorker (SegmentedRaftLogWorker.java:execute(576)) - 83ab7eea-2486-4beb-94b4-d7f00fbd5fbc@group-A3AD7C11AAFA-SegmentedRaftLogWorker: created new log segment /workdir/hadoop-ozone/tools/target/test-dir/MiniOzoneClusterImpl-52992b3b-5a88-4474-8d71-6c2c95d3246e/datanode-1/data/ratis/ab8e33b6-0884-4ea7-bdbd-a3ad7c11aafa/current/log_inprogress_0
2019-11-15 05:36:42,652 [3e233443-f0f1-4e61-b8a9-b47569f95910@group-EB14276757BF-LeaderElection5] INFO  impl.RoleInfo (RoleInfo.java:shutdownLeaderElection(134)) - 3e233443-f0f1-4e61-b8a9-b47569f95910: shutdown LeaderElection
2019-11-15 05:36:42,652 [3e233443-f0f1-4e61-b8a9-b47569f95910@group-EB14276757BF-LeaderElection5] INFO  impl.RaftServerImpl (RaftServerImpl.java:setRole(173)) - 3e233443-f0f1-4e61-b8a9-b47569f95910@group-EB14276757BF: changes role from CANDIDATE to LEADER at term 1 for changeToLeader
2019-11-15 05:36:42,652 [3e233443-f0f1-4e61-b8a9-b47569f95910@group-EB14276757BF-LeaderElection5] INFO  ratis.XceiverServerRatis (XceiverServerRatis.java:handleLeaderChangedNotification(697)) - Leader change notification received for group: group-EB14276757BF with new leaderId: 3e233443-f0f1-4e61-b8a9-b47569f95910
2019-11-15 05:36:42,653 [3e233443-f0f1-4e61-b8a9-b47569f95910@group-EB14276757BF-LeaderElection5] INFO  impl.RaftServerImpl (ServerState.java:setLeader(255)) - 3e233443-f0f1-4e61-b8a9-b47569f95910@group-EB14276757BF: change Leader from null to 3e233443-f0f1-4e61-b8a9-b47569f95910 at term 1 for becomeLeader, leader elected after 5180ms
2019-11-15 05:36:42,653 [3e233443-f0f1-4e61-b8a9-b47569f95910@group-EB14276757BF-LeaderElection5] INFO  server.RaftServerConfigKeys (ConfUtils.java:logGet(43)) - raft.server.staging.catchup.gap = 1000 (default)
2019-11-15 05:36:42,653 [3e233443-f0f1-4e61-b8a9-b47569f95910@group-EB14276757BF-LeaderElection5] INFO  server.RaftServerConfigKeys (ConfUtils.java:logGet(43)) - raft.server.rpc.sleep.time = 25ms (default)
2019-11-15 05:36:42,654 [3e233443-f0f1-4e61-b8a9-b47569f95910@group-EB14276757BF-LeaderElection5] INFO  server.RaftServerConfigKeys (ConfUtils.java:logGet(43)) - raft.server.write.element-limit = 4096 (default)
2019-11-15 05:36:42,654 [3e233443-f0f1-4e61-b8a9-b47569f95910@group-EB14276757BF-LeaderElection5] INFO  server.RaftServerConfigKeys (ConfUtils.java:logGet(43)) - raft.server.watch.timeout = 10s (default)
2019-11-15 05:36:42,655 [3e233443-f0f1-4e61-b8a9-b47569f95910@group-EB14276757BF-LeaderElection5] INFO  server.RaftServerConfigKeys (ConfUtils.java:logGet(43)) - raft.server.watch.timeout.denomination = 1s (default)
2019-11-15 05:36:42,655 [3e233443-f0f1-4e61-b8a9-b47569f95910@group-EB14276757BF-LeaderElection5] INFO  server.RaftServerConfigKeys (ConfUtils.java:logGet(43)) - raft.server.watch.element-limit = 65536 (default)
2019-11-15 05:36:42,655 [3e233443-f0f1-4e61-b8a9-b47569f95910@group-EB14276757BF-LeaderElection5] INFO  impl.RoleInfo (RoleInfo.java:updateAndGet(143)) - 3e233443-f0f1-4e61-b8a9-b47569f95910: start LeaderState
2019-11-15 05:36:42,656 [EventQueue-PipelineReportForPipelineReportHandler] INFO  pipeline.PipelineStateManager (PipelineStateManager.java:openPipeline(134)) - Pipeline Pipeline[ Id: d7e39b40-642a-4c50-afb9-eb14276757bf, Nodes: 3e233443-f0f1-4e61-b8a9-b47569f95910{ip: 192.168.69.70, host: pr-hdds-2498-sbs7n-842119931, networkLocation: /default-rack, certSerialId: null}, Type:RATIS, Factor:ONE, State:OPEN] moved to OPEN state
2019-11-15 05:36:42,656 [3e233443-f0f1-4e61-b8a9-b47569f95910@group-EB14276757BF-LeaderElection5] INFO  segmented.SegmentedRaftLogWorker (SegmentedRaftLogWorker.java:startLogSegment(385)) - 3e233443-f0f1-4e61-b8a9-b47569f95910@group-EB14276757BF-SegmentedRaftLogWorker: Starting segment from index:0
2019-11-15 05:36:42,656 [3e233443-f0f1-4e61-b8a9-b47569f95910@group-EB14276757BF-LeaderElection5] INFO  impl.RaftServerImpl (ServerState.java:setRaftConf(356)) - 3e233443-f0f1-4e61-b8a9-b47569f95910@group-EB14276757BF: set configuration 0: [3e233443-f0f1-4e61-b8a9-b47569f95910:192.168.69.70:44304], old=null at 0
2019-11-15 05:36:42,718 [3e233443-f0f1-4e61-b8a9-b47569f95910@group-EB14276757BF-SegmentedRaftLogWorker] INFO  segmented.SegmentedRaftLogWorker (SegmentedRaftLogWorker.java:execute(576)) - 3e233443-f0f1-4e61-b8a9-b47569f95910@group-EB14276757BF-SegmentedRaftLogWorker: created new log segment /workdir/hadoop-ozone/tools/target/test-dir/MiniOzoneClusterImpl-52992b3b-5a88-4474-8d71-6c2c95d3246e/datanode-2/data/ratis/d7e39b40-642a-4c50-afb9-eb14276757bf/current/log_inprogress_0
2019-11-15 05:36:43,158 [main] INFO  ozone.MiniOzoneClusterImpl (MiniOzoneClusterImpl.java:lambda$waitForClusterToBeReady$2(171)) - Cluster is ready. Got 3 of 3 DN Heartbeats.
2019-11-15 05:36:44,020 [main] INFO  freon.RandomKeyGenerator (RandomKeyGenerator.java:call(283)) - Number of Threads: 10
2019-11-15 05:36:44,021 [main] INFO  freon.RandomKeyGenerator (RandomKeyGenerator.java:call(288)) - Number of Volumes: 1.
2019-11-15 05:36:44,021 [main] INFO  freon.RandomKeyGenerator (RandomKeyGenerator.java:call(289)) - Number of Buckets per Volume: 1.
2019-11-15 05:36:44,021 [main] INFO  freon.RandomKeyGenerator (RandomKeyGenerator.java:call(290)) - Number of Keys per Bucket: 1.
2019-11-15 05:36:44,021 [main] INFO  freon.RandomKeyGenerator (RandomKeyGenerator.java:call(291)) - Key size: 20971520 bytes
2019-11-15 05:36:44,021 [main] INFO  freon.RandomKeyGenerator (RandomKeyGenerator.java:call(292)) - Buffer size: 4096 bytes
2019-11-15 05:36:44,022 [main] INFO  freon.RandomKeyGenerator (RandomKeyGenerator.java:call(293)) - validateWrites : true
2019-11-15 05:36:44,025 [main] INFO  freon.RandomKeyGenerator (RandomKeyGenerator.java:call(307)) - Data validation is enabled.
2019-11-15 05:36:44,027 [main] INFO  freon.RandomKeyGenerator (RandomKeyGenerator.java:call(313)) - Starting progress bar Thread.

 0.00% |?                                                                                                    |  0/1 Time: 0:00:002019-11-15 05:36:44,051 [pool-53-thread-1] INFO  rpc.RpcClient (RpcClient.java:createVolume(292)) - Creating Volume: vol-0-71105, with jenkins1000 as owner.
2019-11-15 05:36:44,088 [IPC Server handler 1 on 35954] INFO  volume.OMVolumeCreateRequest (OMVolumeCreateRequest.java:validateAndUpdateCache(193)) - created volume:vol-0-71105 for user:jenkins1000
2019-11-15 05:36:44,138 [pool-53-thread-2] INFO  rpc.RpcClient (RpcClient.java:createBucket(431)) - Creating Bucket: vol-0-71105/bucket-0-73389, with Versioning false and Storage Type set to DISK and Encryption set to false 
2019-11-15 05:36:44,332 [pool-53-thread-3] INFO  impl.MetricsSystemImpl (MetricsSystemImpl.java:init(158)) - XceiverClientMetrics metrics system started (again)
 0.00% |?                                                                                                    |  0/1 Time: 0:00:01 0.00% |?                                                                                                    |  0/1 Time: 0:00:02 100.00% |?????????????????????????????????????????????????????????????????????????????????????????????????????|  1/1 Time: 0:00:03
2019-11-15 05:36:51,994 [main] INFO  pipeline.SCMPipelineManager (SCMPipelineManager.java:finalizeAndDestroyPipeline(315)) - destroying pipeline:Pipeline[ Id: 2d6dc430-2452-4d74-9ad2-40eec83e8ec4, Nodes: ba3a32cc-462d-433b-80fb-e16a70a9f199{ip: 192.168.69.70, host: pr-hdds-2498-sbs7n-842119931, networkLocation: /default-rack, certSerialId: null}3e233443-f0f1-4e61-b8a9-b47569f95910{ip: 192.168.69.70, host: pr-hdds-2498-sbs7n-842119931, networkLocation: /default-rack, certSerialId: null}83ab7eea-2486-4beb-94b4-d7f00fbd5fbc{ip: 192.168.69.70, host: pr-hdds-2498-sbs7n-842119931, networkLocation: /default-rack, certSerialId: null}, Type:RATIS, Factor:THREE, State:OPEN]
2019-11-15 05:36:51,995 [main] INFO  pipeline.PipelineStateManager (PipelineStateManager.java:finalizePipeline(121)) - Pipeline Pipeline[ Id: 2d6dc430-2452-4d74-9ad2-40eec83e8ec4, Nodes: ba3a32cc-462d-433b-80fb-e16a70a9f199{ip: 192.168.69.70, host: pr-hdds-2498-sbs7n-842119931, networkLocation: /default-rack, certSerialId: null}3e233443-f0f1-4e61-b8a9-b47569f95910{ip: 192.168.69.70, host: pr-hdds-2498-sbs7n-842119931, networkLocation: /default-rack, certSerialId: null}83ab7eea-2486-4beb-94b4-d7f00fbd5fbc{ip: 192.168.69.70, host: pr-hdds-2498-sbs7n-842119931, networkLocation: /default-rack, certSerialId: null}, Type:RATIS, Factor:THREE, State:CLOSED] moved to CLOSED state
2019-11-15 05:36:51,995 [EventQueue-CloseContainerForCloseContainerEventHandler] INFO  container.CloseContainerEventHandler (CloseContainerEventHandler.java:onMessage(61)) - Close container Event triggered for container : #1
2019-11-15 05:36:52,002 [EventQueue-CloseContainerForCloseContainerEventHandler] INFO  container.CloseContainerEventHandler (CloseContainerEventHandler.java:onMessage(61)) - Close container Event triggered for container : #2
2019-11-15 05:36:52,003 [grpc-default-executor-1] INFO  impl.RaftServerProxy (RaftServerProxy.java:remove(95)) - ba3a32cc-462d-433b-80fb-e16a70a9f199: remove    LEADER ba3a32cc-462d-433b-80fb-e16a70a9f199@group-40EEC83E8EC4:t1, leader=ba3a32cc-462d-433b-80fb-e16a70a9f199, voted=ba3a32cc-462d-433b-80fb-e16a70a9f199, raftlog=ba3a32cc-462d-433b-80fb-e16a70a9f199@group-40EEC83E8EC4-SegmentedRaftLog:OPENED:c78,f78,i78, conf=0: [3e233443-f0f1-4e61-b8a9-b47569f95910:192.168.69.70:44304, ba3a32cc-462d-433b-80fb-e16a70a9f199:192.168.69.70:46056, 83ab7eea-2486-4beb-94b4-d7f00fbd5fbc:192.168.69.70:38203], old=null RUNNING
2019-11-15 05:36:52,004 [grpc-default-executor-1] INFO  impl.RaftServerImpl (RaftServerImpl.java:lambda$shutdown$3(250)) - ba3a32cc-462d-433b-80fb-e16a70a9f199@group-40EEC83E8EC4: shutdown
2019-11-15 05:36:52,005 [grpc-default-executor-1] INFO  util.JmxRegister (JmxRegister.java:unregister(73)) - Successfully un-registered JMX Bean with object name Ratis:service=RaftServer,group=group-40EEC83E8EC4,id=ba3a32cc-462d-433b-80fb-e16a70a9f199
2019-11-15 05:36:52,005 [grpc-default-executor-1] INFO  impl.RoleInfo (RoleInfo.java:shutdownLeaderState(104)) - ba3a32cc-462d-433b-80fb-e16a70a9f199: shutdown LeaderState
2019-11-15 05:36:52,007 [org.apache.ratis.server.impl.LogAppender$AppenderDaemon$$Lambda$402/12643637@1a1d5dc8] WARN  server.GrpcLogAppender (GrpcLogAppender.java:mayWait(151)) - ba3a32cc-462d-433b-80fb-e16a70a9f199@group-40EEC83E8EC4->83ab7eea-2486-4beb-94b4-d7f00fbd5fbc-GrpcLogAppender: Wait interrupted by java.lang.InterruptedException
2019-11-15 05:36:52,008 [grpc-default-executor-1] INFO  impl.PendingRequests (PendingRequests.java:sendNotLeaderResponses(206)) - ba3a32cc-462d-433b-80fb-e16a70a9f199@group-40EEC83E8EC4-PendingRequests: sendNotLeaderResponses
2019-11-15 05:36:52,007 [org.apache.ratis.server.impl.LogAppender$AppenderDaemon$$Lambda$402/12643637@5192c074] WARN  server.GrpcLogAppender (GrpcLogAppender.java:mayWait(151)) - ba3a32cc-462d-433b-80fb-e16a70a9f199@group-40EEC83E8EC4->3e233443-f0f1-4e61-b8a9-b47569f95910-GrpcLogAppender: Wait interrupted by java.lang.InterruptedException
2019-11-15 05:36:52,009 [EventQueue-CloseContainerForCloseContainerEventHandler] INFO  container.CloseContainerEventHandler (CloseContainerEventHandler.java:onMessage(61)) - Close container Event triggered for container : #3
2019-11-15 05:36:52,011 [grpc-default-executor-1] INFO  impl.StateMachineUpdater (StateMachineUpdater.java:stopAndJoin(136)) - ba3a32cc-462d-433b-80fb-e16a70a9f199@group-40EEC83E8EC4-StateMachineUpdater: set stopIndex = 78
2019-11-15 05:36:52,011 [grpc-default-executor-2] INFO  server.GrpcServerProtocolService (GrpcServerProtocolService.java:onCompleted(113)) - 83ab7eea-2486-4beb-94b4-d7f00fbd5fbc: Completed APPEND_ENTRIES, lastRequest: ba3a32cc-462d-433b-80fb-e16a70a9f199->83ab7eea-2486-4beb-94b4-d7f00fbd5fbc#81-t1, previous=(t:1, i:78), leaderCommit=78, initializing? false, entries: <empty>
2019-11-15 05:36:52,016 [grpc-default-executor-3] INFO  server.GrpcServerProtocolService (GrpcServerProtocolService.java:onCompleted(113)) - 3e233443-f0f1-4e61-b8a9-b47569f95910: Completed APPEND_ENTRIES, lastRequest: ba3a32cc-462d-433b-80fb-e16a70a9f199->3e233443-f0f1-4e61-b8a9-b47569f95910#81-t1, previous=(t:1, i:78), leaderCommit=78, initializing? false, entries: <empty>
2019-11-15 05:36:52,017 [ba3a32cc-462d-433b-80fb-e16a70a9f199@group-40EEC83E8EC4-StateMachineUpdater] INFO  ratis.ContainerStateMachine (ContainerStateMachine.java:takeSnapshot(285)) - group-40EEC83E8EC4: Taking a snapshot at:(t:1, i:76) file /workdir/hadoop-ozone/tools/target/test-dir/MiniOzoneClusterImpl-52992b3b-5a88-4474-8d71-6c2c95d3246e/datanode-0/data/ratis/2d6dc430-2452-4d74-9ad2-40eec83e8ec4/sm/snapshot.1_76
2019-11-15 05:36:52,018 [grpc-default-executor-0] INFO  server.GrpcLogAppender (GrpcLogAppender.java:onCompleted(308)) - ba3a32cc-462d-433b-80fb-e16a70a9f199@group-40EEC83E8EC4->83ab7eea-2486-4beb-94b4-d7f00fbd5fbc-AppendLogResponseHandler: follower responses appendEntries COMPLETED
2019-11-15 05:36:52,018 [grpc-default-executor-3] INFO  server.GrpcLogAppender (GrpcLogAppender.java:onCompleted(308)) - ba3a32cc-462d-433b-80fb-e16a70a9f199@group-40EEC83E8EC4->3e233443-f0f1-4e61-b8a9-b47569f95910-AppendLogResponseHandler: follower responses appendEntries COMPLETED
2019-11-15 05:36:52,022 [grpc-default-executor-0] INFO  impl.FollowerInfo (FollowerInfo.java:lambda$new$0(51)) - ba3a32cc-462d-433b-80fb-e16a70a9f199@group-40EEC83E8EC4->83ab7eea-2486-4beb-94b4-d7f00fbd5fbc: nextIndex: updateUnconditionally 79 -> 78
2019-11-15 05:36:52,022 [grpc-default-executor-3] INFO  impl.FollowerInfo (FollowerInfo.java:lambda$new$0(51)) - ba3a32cc-462d-433b-80fb-e16a70a9f199@group-40EEC83E8EC4->3e233443-f0f1-4e61-b8a9-b47569f95910: nextIndex: updateUnconditionally 79 -> 78
2019-11-15 05:36:52,060 [ba3a32cc-462d-433b-80fb-e16a70a9f199@group-40EEC83E8EC4-StateMachineUpdater] INFO  ratis.ContainerStateMachine (ContainerStateMachine.java:takeSnapshot(296)) - group-40EEC83E8EC4: Finished taking a snapshot at:(t:1, i:76) file:/workdir/hadoop-ozone/tools/target/test-dir/MiniOzoneClusterImpl-52992b3b-5a88-4474-8d71-6c2c95d3246e/datanode-0/data/ratis/2d6dc430-2452-4d74-9ad2-40eec83e8ec4/sm/snapshot.1_76 time:48
2019-11-15 05:36:52,061 [ba3a32cc-462d-433b-80fb-e16a70a9f199@group-40EEC83E8EC4-StateMachineUpdater] INFO  impl.StateMachineUpdater (StateMachineUpdater.java:takeSnapshot(269)) - ba3a32cc-462d-433b-80fb-e16a70a9f199@group-40EEC83E8EC4-StateMachineUpdater: Took a snapshot at index 76
2019-11-15 05:36:52,062 [ba3a32cc-462d-433b-80fb-e16a70a9f199@group-40EEC83E8EC4-StateMachineUpdater] INFO  impl.StateMachineUpdater (StateMachineUpdater.java:lambda$new$0(84)) - ba3a32cc-462d-433b-80fb-e16a70a9f199@group-40EEC83E8EC4-StateMachineUpdater: snapshotIndex: updateIncreasingly -1 -> 76
2019-11-15 05:36:52,066 [ba3a32cc-462d-433b-80fb-e16a70a9f199@group-40EEC83E8EC4-StateMachineUpdater] INFO  ratis.ContainerStateMachine (ContainerStateMachine.java:takeSnapshot(285)) - group-40EEC83E8EC4: Taking a snapshot at:(t:1, i:76) file /workdir/hadoop-ozone/tools/target/test-dir/MiniOzoneClusterImpl-52992b3b-5a88-4474-8d71-6c2c95d3246e/datanode-0/data/ratis/2d6dc430-2452-4d74-9ad2-40eec83e8ec4/sm/snapshot.1_76
2019-11-15 05:36:52,089 [ba3a32cc-462d-433b-80fb-e16a70a9f199@group-40EEC83E8EC4-StateMachineUpdater] INFO  ratis.ContainerStateMachine (ContainerStateMachine.java:takeSnapshot(296)) - group-40EEC83E8EC4: Finished taking a snapshot at:(t:1, i:76) file:/workdir/hadoop-ozone/tools/target/test-dir/MiniOzoneClusterImpl-52992b3b-5a88-4474-8d71-6c2c95d3246e/datanode-0/data/ratis/2d6dc430-2452-4d74-9ad2-40eec83e8ec4/sm/snapshot.1_76 time:22
2019-11-15 05:36:52,089 [ba3a32cc-462d-433b-80fb-e16a70a9f199@group-40EEC83E8EC4-StateMachineUpdater] INFO  impl.StateMachineUpdater (StateMachineUpdater.java:takeSnapshot(269)) - ba3a32cc-462d-433b-80fb-e16a70a9f199@group-40EEC83E8EC4-StateMachineUpdater: Took a snapshot at index 76
2019-11-15 05:36:52,089 [ba3a32cc-462d-433b-80fb-e16a70a9f199@group-40EEC83E8EC4-StateMachineUpdater] INFO  impl.StateMachineUpdater (StateMachineUpdater.java:lambda$new$0(84)) - ba3a32cc-462d-433b-80fb-e16a70a9f199@group-40EEC83E8EC4-StateMachineUpdater: snapshotIndex: updateIncreasingly 76 -> 76
2019-11-15 05:36:52,089 [grpc-default-executor-1] INFO  impl.RaftServerImpl (ServerState.java:close(387)) - ba3a32cc-462d-433b-80fb-e16a70a9f199@group-40EEC83E8EC4: closes. applyIndex: 78
2019-11-15 05:36:52,091 [ba3a32cc-462d-433b-80fb-e16a70a9f199@group-40EEC83E8EC4-SegmentedRaftLogWorker] INFO  segmented.SegmentedRaftLogWorker (SegmentedRaftLogWorker.java:run(316)) - ba3a32cc-462d-433b-80fb-e16a70a9f199@group-40EEC83E8EC4-SegmentedRaftLogWorker was interrupted, exiting. There are 0 tasks remaining in the queue.
2019-11-15 05:36:52,092 [grpc-default-executor-1] INFO  segmented.SegmentedRaftLogWorker (SegmentedRaftLogWorker.java:close(224)) - ba3a32cc-462d-433b-80fb-e16a70a9f199@group-40EEC83E8EC4-SegmentedRaftLogWorker close()
2019-11-15 05:36:52,136 [grpc-default-executor-1] INFO  interfaces.Container (KeyValueContainer.java:flushAndSyncDB(400)) - Container 1 is synced with bcsId 60.
2019-11-15 05:36:52,136 [grpc-default-executor-1] INFO  interfaces.Container (KeyValueContainer.java:flushAndSyncDB(400)) - Container 1 is synced with bcsId 60.
2019-11-15 05:36:52,166 [EventQueue-IncrementalContainerReportForIncrementalContainerReportHandler] INFO  container.IncrementalContainerReportHandler (AbstractContainerReportHandler.java:updateContainerState(171)) - Moving container #1 to QUASI_CLOSED state, datanode ba3a32cc-462d-433b-80fb-e16a70a9f199{ip: 192.168.69.70, host: pr-hdds-2498-sbs7n-842119931, networkLocation: /default-rack, certSerialId: null} reported QUASI_CLOSED replica.
2019-11-15 05:36:52,216 [grpc-default-executor-1] INFO  interfaces.Container (KeyValueContainer.java:flushAndSyncDB(400)) - Container 2 is synced with bcsId 76.
2019-11-15 05:36:52,216 [grpc-default-executor-1] INFO  interfaces.Container (KeyValueContainer.java:flushAndSyncDB(400)) - Container 2 is synced with bcsId 76.
2019-11-15 05:36:52,243 [EventQueue-IncrementalContainerReportForIncrementalContainerReportHandler] INFO  container.IncrementalContainerReportHandler (AbstractContainerReportHandler.java:updateContainerState(171)) - Moving container #2 to QUASI_CLOSED state, datanode ba3a32cc-462d-433b-80fb-e16a70a9f199{ip: 192.168.69.70, host: pr-hdds-2498-sbs7n-842119931, networkLocation: /default-rack, certSerialId: null} reported QUASI_CLOSED replica.
2019-11-15 05:36:52,284 [grpc-default-executor-1] INFO  interfaces.Container (KeyValueContainer.java:flushAndSyncDB(400)) - Container 3 is synced with bcsId 42.
2019-11-15 05:36:52,284 [grpc-default-executor-1] INFO  interfaces.Container (KeyValueContainer.java:flushAndSyncDB(400)) - Container 3 is synced with bcsId 42.
2019-11-15 05:36:52,312 [EventQueue-IncrementalContainerReportForIncrementalContainerReportHandler] INFO  container.IncrementalContainerReportHandler (AbstractContainerReportHandler.java:updateContainerState(171)) - Moving container #3 to QUASI_CLOSED state, datanode ba3a32cc-462d-433b-80fb-e16a70a9f199{ip: 192.168.69.70, host: pr-hdds-2498-sbs7n-842119931, networkLocation: /default-rack, certSerialId: null} reported QUASI_CLOSED replica.
2019-11-15 05:36:52,319 [grpc-default-executor-1] INFO  impl.RaftServerProxy (RaftServerProxy.java:remove(95)) - 3e233443-f0f1-4e61-b8a9-b47569f95910: remove  FOLLOWER 3e233443-f0f1-4e61-b8a9-b47569f95910@group-40EEC83E8EC4:t1, leader=ba3a32cc-462d-433b-80fb-e16a70a9f199, voted=3e233443-f0f1-4e61-b8a9-b47569f95910, raftlog=3e233443-f0f1-4e61-b8a9-b47569f95910@group-40EEC83E8EC4-SegmentedRaftLog:OPENED:c78,f78,i78, conf=0: [3e233443-f0f1-4e61-b8a9-b47569f95910:192.168.69.70:44304, ba3a32cc-462d-433b-80fb-e16a70a9f199:192.168.69.70:46056, 83ab7eea-2486-4beb-94b4-d7f00fbd5fbc:192.168.69.70:38203], old=null RUNNING
2019-11-15 05:36:52,319 [grpc-default-executor-1] INFO  impl.RaftServerImpl (RaftServerImpl.java:lambda$shutdown$3(250)) - 3e233443-f0f1-4e61-b8a9-b47569f95910@group-40EEC83E8EC4: shutdown
2019-11-15 05:36:52,319 [grpc-default-executor-1] INFO  util.JmxRegister (JmxRegister.java:unregister(73)) - Successfully un-registered JMX Bean with object name Ratis:service=RaftServer,group=group-40EEC83E8EC4,id=3e233443-f0f1-4e61-b8a9-b47569f95910
2019-11-15 05:36:52,319 [grpc-default-executor-1] INFO  impl.RoleInfo (RoleInfo.java:shutdownFollowerState(121)) - 3e233443-f0f1-4e61-b8a9-b47569f95910: shutdown FollowerState
2019-11-15 05:36:52,320 [grpc-default-executor-1] INFO  impl.StateMachineUpdater (StateMachineUpdater.java:stopAndJoin(136)) - 3e233443-f0f1-4e61-b8a9-b47569f95910@group-40EEC83E8EC4-StateMachineUpdater: set stopIndex = 78
2019-11-15 05:36:52,320 [Thread-231] INFO  impl.FollowerState (FollowerState.java:run(120)) - 3e233443-f0f1-4e61-b8a9-b47569f95910@group-40EEC83E8EC4-FollowerState was interrupted: java.lang.InterruptedException: sleep interrupted
2019-11-15 05:36:52,320 [3e233443-f0f1-4e61-b8a9-b47569f95910@group-40EEC83E8EC4-StateMachineUpdater] INFO  ratis.ContainerStateMachine (ContainerStateMachine.java:takeSnapshot(285)) - group-40EEC83E8EC4: Taking a snapshot at:(t:1, i:76) file /workdir/hadoop-ozone/tools/target/test-dir/MiniOzoneClusterImpl-52992b3b-5a88-4474-8d71-6c2c95d3246e/datanode-2/data/ratis/2d6dc430-2452-4d74-9ad2-40eec83e8ec4/sm/snapshot.1_76
2019-11-15 05:36:52,343 [3e233443-f0f1-4e61-b8a9-b47569f95910@group-40EEC83E8EC4-StateMachineUpdater] INFO  ratis.ContainerStateMachine (ContainerStateMachine.java:takeSnapshot(296)) - group-40EEC83E8EC4: Finished taking a snapshot at:(t:1, i:76) file:/workdir/hadoop-ozone/tools/target/test-dir/MiniOzoneClusterImpl-52992b3b-5a88-4474-8d71-6c2c95d3246e/datanode-2/data/ratis/2d6dc430-2452-4d74-9ad2-40eec83e8ec4/sm/snapshot.1_76 time:24
2019-11-15 05:36:52,344 [3e233443-f0f1-4e61-b8a9-b47569f95910@group-40EEC83E8EC4-StateMachineUpdater] INFO  impl.StateMachineUpdater (StateMachineUpdater.java:takeSnapshot(269)) - 3e233443-f0f1-4e61-b8a9-b47569f95910@group-40EEC83E8EC4-StateMachineUpdater: Took a snapshot at index 76
2019-11-15 05:36:52,344 [3e233443-f0f1-4e61-b8a9-b47569f95910@group-40EEC83E8EC4-StateMachineUpdater] INFO  impl.StateMachineUpdater (StateMachineUpdater.java:lambda$new$0(84)) - 3e233443-f0f1-4e61-b8a9-b47569f95910@group-40EEC83E8EC4-StateMachineUpdater: snapshotIndex: updateIncreasingly -1 -> 76
2019-11-15 05:36:52,344 [3e233443-f0f1-4e61-b8a9-b47569f95910@group-40EEC83E8EC4-StateMachineUpdater] INFO  ratis.ContainerStateMachine (ContainerStateMachine.java:takeSnapshot(285)) - group-40EEC83E8EC4: Taking a snapshot at:(t:1, i:76) file /workdir/hadoop-ozone/tools/target/test-dir/MiniOzoneClusterImpl-52992b3b-5a88-4474-8d71-6c2c95d3246e/datanode-2/data/ratis/2d6dc430-2452-4d74-9ad2-40eec83e8ec4/sm/snapshot.1_76
2019-11-15 05:36:52,369 [3e233443-f0f1-4e61-b8a9-b47569f95910@group-40EEC83E8EC4-StateMachineUpdater] INFO  ratis.ContainerStateMachine (ContainerStateMachine.java:takeSnapshot(296)) - group-40EEC83E8EC4: Finished taking a snapshot at:(t:1, i:76) file:/workdir/hadoop-ozone/tools/target/test-dir/MiniOzoneClusterImpl-52992b3b-5a88-4474-8d71-6c2c95d3246e/datanode-2/data/ratis/2d6dc430-2452-4d74-9ad2-40eec83e8ec4/sm/snapshot.1_76 time:24
2019-11-15 05:36:52,369 [3e233443-f0f1-4e61-b8a9-b47569f95910@group-40EEC83E8EC4-StateMachineUpdater] INFO  impl.StateMachineUpdater (StateMachineUpdater.java:takeSnapshot(269)) - 3e233443-f0f1-4e61-b8a9-b47569f95910@group-40EEC83E8EC4-StateMachineUpdater: Took a snapshot at index 76
2019-11-15 05:36:52,369 [3e233443-f0f1-4e61-b8a9-b47569f95910@group-40EEC83E8EC4-StateMachineUpdater] INFO  impl.StateMachineUpdater (StateMachineUpdater.java:lambda$new$0(84)) - 3e233443-f0f1-4e61-b8a9-b47569f95910@group-40EEC83E8EC4-StateMachineUpdater: snapshotIndex: updateIncreasingly 76 -> 76
2019-11-15 05:36:52,370 [grpc-default-executor-1] INFO  impl.RaftServerImpl (ServerState.java:close(387)) - 3e233443-f0f1-4e61-b8a9-b47569f95910@group-40EEC83E8EC4: closes. applyIndex: 78
2019-11-15 05:36:52,370 [3e233443-f0f1-4e61-b8a9-b47569f95910@group-40EEC83E8EC4-SegmentedRaftLogWorker] INFO  segmented.SegmentedRaftLogWorker (SegmentedRaftLogWorker.java:run(316)) - 3e233443-f0f1-4e61-b8a9-b47569f95910@group-40EEC83E8EC4-SegmentedRaftLogWorker was interrupted, exiting. There are 0 tasks remaining in the queue.
2019-11-15 05:36:52,371 [grpc-default-executor-1] INFO  segmented.SegmentedRaftLogWorker (SegmentedRaftLogWorker.java:close(224)) - 3e233443-f0f1-4e61-b8a9-b47569f95910@group-40EEC83E8EC4-SegmentedRaftLogWorker close()
2019-11-15 05:36:52,420 [grpc-default-executor-1] INFO  interfaces.Container (KeyValueContainer.java:flushAndSyncDB(400)) - Container 1 is synced with bcsId 60.
2019-11-15 05:36:52,420 [grpc-default-executor-1] INFO  interfaces.Container (KeyValueContainer.java:flushAndSyncDB(400)) - Container 1 is synced with bcsId 60.
2019-11-15 05:36:52,487 [grpc-default-executor-1] INFO  interfaces.Container (KeyValueContainer.java:flushAndSyncDB(400)) - Container 2 is synced with bcsId 76.
2019-11-15 05:36:52,488 [grpc-default-executor-1] INFO  interfaces.Container (KeyValueContainer.java:flushAndSyncDB(400)) - Container 2 is synced with bcsId 76.
2019-11-15 05:36:52,555 [grpc-default-executor-1] INFO  interfaces.Container (KeyValueContainer.java:flushAndSyncDB(400)) - Container 3 is synced with bcsId 42.
2019-11-15 05:36:52,556 [grpc-default-executor-1] INFO  interfaces.Container (KeyValueContainer.java:flushAndSyncDB(400)) - Container 3 is synced with bcsId 42.
2019-11-15 05:36:52,592 [grpc-default-executor-1] INFO  impl.RaftServerProxy (RaftServerProxy.java:remove(95)) - 83ab7eea-2486-4beb-94b4-d7f00fbd5fbc: remove  FOLLOWER 83ab7eea-2486-4beb-94b4-d7f00fbd5fbc@group-40EEC83E8EC4:t1, leader=ba3a32cc-462d-433b-80fb-e16a70a9f199, voted=ba3a32cc-462d-433b-80fb-e16a70a9f199, raftlog=83ab7eea-2486-4beb-94b4-d7f00fbd5fbc@group-40EEC83E8EC4-SegmentedRaftLog:OPENED:c78,f78,i78, conf=0: [3e233443-f0f1-4e61-b8a9-b47569f95910:192.168.69.70:44304, ba3a32cc-462d-433b-80fb-e16a70a9f199:192.168.69.70:46056, 83ab7eea-2486-4beb-94b4-d7f00fbd5fbc:192.168.69.70:38203], old=null RUNNING
2019-11-15 05:36:52,592 [grpc-default-executor-1] INFO  impl.RaftServerImpl (RaftServerImpl.java:lambda$shutdown$3(250)) - 83ab7eea-2486-4beb-94b4-d7f00fbd5fbc@group-40EEC83E8EC4: shutdown
2019-11-15 05:36:52,592 [grpc-default-executor-1] INFO  util.JmxRegister (JmxRegister.java:unregister(73)) - Successfully un-registered JMX Bean with object name Ratis:service=RaftServer,group=group-40EEC83E8EC4,id=83ab7eea-2486-4beb-94b4-d7f00fbd5fbc
2019-11-15 05:36:52,593 [grpc-default-executor-1] INFO  impl.RoleInfo (RoleInfo.java:shutdownFollowerState(121)) - 83ab7eea-2486-4beb-94b4-d7f00fbd5fbc: shutdown FollowerState
2019-11-15 05:36:52,593 [grpc-default-executor-1] INFO  impl.StateMachineUpdater (StateMachineUpdater.java:stopAndJoin(136)) - 83ab7eea-2486-4beb-94b4-d7f00fbd5fbc@group-40EEC83E8EC4-StateMachineUpdater: set stopIndex = 78
2019-11-15 05:36:52,593 [83ab7eea-2486-4beb-94b4-d7f00fbd5fbc@group-40EEC83E8EC4-StateMachineUpdater] INFO  ratis.ContainerStateMachine (ContainerStateMachine.java:takeSnapshot(285)) - group-40EEC83E8EC4: Taking a snapshot at:(t:1, i:76) file /workdir/hadoop-ozone/tools/target/test-dir/MiniOzoneClusterImpl-52992b3b-5a88-4474-8d71-6c2c95d3246e/datanode-1/data/ratis/2d6dc430-2452-4d74-9ad2-40eec83e8ec4/sm/snapshot.1_76
2019-11-15 05:36:52,593 [Thread-230] INFO  impl.FollowerState (FollowerState.java:run(120)) - 83ab7eea-2486-4beb-94b4-d7f00fbd5fbc@group-40EEC83E8EC4-FollowerState was interrupted: java.lang.InterruptedException: sleep interrupted
2019-11-15 05:36:52,623 [83ab7eea-2486-4beb-94b4-d7f00fbd5fbc@group-40EEC83E8EC4-StateMachineUpdater] INFO  ratis.ContainerStateMachine (ContainerStateMachine.java:takeSnapshot(296)) - group-40EEC83E8EC4: Finished taking a snapshot at:(t:1, i:76) file:/workdir/hadoop-ozone/tools/target/test-dir/MiniOzoneClusterImpl-52992b3b-5a88-4474-8d71-6c2c95d3246e/datanode-1/data/ratis/2d6dc430-2452-4d74-9ad2-40eec83e8ec4/sm/snapshot.1_76 time:30
2019-11-15 05:36:52,623 [83ab7eea-2486-4beb-94b4-d7f00fbd5fbc@group-40EEC83E8EC4-StateMachineUpdater] INFO  impl.StateMachineUpdater (StateMachineUpdater.java:takeSnapshot(269)) - 83ab7eea-2486-4beb-94b4-d7f00fbd5fbc@group-40EEC83E8EC4-StateMachineUpdater: Took a snapshot at index 76
2019-11-15 05:36:52,623 [83ab7eea-2486-4beb-94b4-d7f00fbd5fbc@group-40EEC83E8EC4-StateMachineUpdater] INFO  impl.StateMachineUpdater (StateMachineUpdater.java:lambda$new$0(84)) - 83ab7eea-2486-4beb-94b4-d7f00fbd5fbc@group-40EEC83E8EC4-StateMachineUpdater: snapshotIndex: updateIncreasingly -1 -> 76
2019-11-15 05:36:52,623 [83ab7eea-2486-4beb-94b4-d7f00fbd5fbc@group-40EEC83E8EC4-StateMachineUpdater] INFO  ratis.ContainerStateMachine (ContainerStateMachine.java:takeSnapshot(285)) - group-40EEC83E8EC4: Taking a snapshot at:(t:1, i:76) file /workdir/hadoop-ozone/tools/target/test-dir/MiniOzoneClusterImpl-52992b3b-5a88-4474-8d71-6c2c95d3246e/datanode-1/data/ratis/2d6dc430-2452-4d74-9ad2-40eec83e8ec4/sm/snapshot.1_76
2019-11-15 05:36:52,648 [83ab7eea-2486-4beb-94b4-d7f00fbd5fbc@group-40EEC83E8EC4-StateMachineUpdater] INFO  ratis.ContainerStateMachine (ContainerStateMachine.java:takeSnapshot(296)) - group-40EEC83E8EC4: Finished taking a snapshot at:(t:1, i:76) file:/workdir/hadoop-ozone/tools/target/test-dir/MiniOzoneClusterImpl-52992b3b-5a88-4474-8d71-6c2c95d3246e/datanode-1/data/ratis/2d6dc430-2452-4d74-9ad2-40eec83e8ec4/sm/snapshot.1_76 time:25
2019-11-15 05:36:52,648 [83ab7eea-2486-4beb-94b4-d7f00fbd5fbc@group-40EEC83E8EC4-StateMachineUpdater] INFO  impl.StateMachineUpdater (StateMachineUpdater.java:takeSnapshot(269)) - 83ab7eea-2486-4beb-94b4-d7f00fbd5fbc@group-40EEC83E8EC4-StateMachineUpdater: Took a snapshot at index 76
2019-11-15 05:36:52,648 [83ab7eea-2486-4beb-94b4-d7f00fbd5fbc@group-40EEC83E8EC4-StateMachineUpdater] INFO  impl.StateMachineUpdater (StateMachineUpdater.java:lambda$new$0(84)) - 83ab7eea-2486-4beb-94b4-d7f00fbd5fbc@group-40EEC83E8EC4-StateMachineUpdater: snapshotIndex: updateIncreasingly 76 -> 76
2019-11-15 05:36:52,649 [grpc-default-executor-1] INFO  impl.RaftServerImpl (ServerState.java:close(387)) - 83ab7eea-2486-4beb-94b4-d7f00fbd5fbc@group-40EEC83E8EC4: closes. applyIndex: 78
2019-11-15 05:36:52,649 [83ab7eea-2486-4beb-94b4-d7f00fbd5fbc@group-40EEC83E8EC4-SegmentedRaftLogWorker] INFO  segmented.SegmentedRaftLogWorker (SegmentedRaftLogWorker.java:run(316)) - 83ab7eea-2486-4beb-94b4-d7f00fbd5fbc@group-40EEC83E8EC4-SegmentedRaftLogWorker was interrupted, exiting. There are 0 tasks remaining in the queue.
2019-11-15 05:36:52,650 [grpc-default-executor-1] INFO  segmented.SegmentedRaftLogWorker (SegmentedRaftLogWorker.java:close(224)) - 83ab7eea-2486-4beb-94b4-d7f00fbd5fbc@group-40EEC83E8EC4-SegmentedRaftLogWorker close()
2019-11-15 05:36:52,699 [grpc-default-executor-1] INFO  interfaces.Container (KeyValueContainer.java:flushAndSyncDB(400)) - Container 1 is synced with bcsId 60.
2019-11-15 05:36:52,699 [grpc-default-executor-1] INFO  interfaces.Container (KeyValueContainer.java:flushAndSyncDB(400)) - Container 1 is synced with bcsId 60.
2019-11-15 05:36:52,767 [grpc-default-executor-1] INFO  interfaces.Container (KeyValueContainer.java:flushAndSyncDB(400)) - Container 2 is synced with bcsId 76.
2019-11-15 05:36:52,767 [grpc-default-executor-1] INFO  interfaces.Container (KeyValueContainer.java:flushAndSyncDB(400)) - Container 2 is synced with bcsId 76.
2019-11-15 05:36:52,868 [grpc-default-executor-1] INFO  interfaces.Container (KeyValueContainer.java:flushAndSyncDB(400)) - Container 3 is synced with bcsId 42.
2019-11-15 05:36:52,869 [grpc-default-executor-1] INFO  interfaces.Container (KeyValueContainer.java:flushAndSyncDB(400)) - Container 3 is synced with bcsId 42.
2019-11-15 05:36:52,898 [main] INFO  pipeline.PipelineStateManager (PipelineStateManager.java:removePipeline(106)) - Pipeline Pipeline[ Id: 2d6dc430-2452-4d74-9ad2-40eec83e8ec4, Nodes: ba3a32cc-462d-433b-80fb-e16a70a9f199{ip: 192.168.69.70, host: pr-hdds-2498-sbs7n-842119931, networkLocation: /default-rack, certSerialId: null}3e233443-f0f1-4e61-b8a9-b47569f95910{ip: 192.168.69.70, host: pr-hdds-2498-sbs7n-842119931, networkLocation: /default-rack, certSerialId: null}83ab7eea-2486-4beb-94b4-d7f00fbd5fbc{ip: 192.168.69.70, host: pr-hdds-2498-sbs7n-842119931, networkLocation: /default-rack, certSerialId: null}, Type:RATIS, Factor:THREE, State:CLOSED] removed from db
2019-11-15 05:36:52,919 [grpc-default-executor-3] INFO  impl.RaftServerProxy (RaftServerProxy.java:addNew(89)) - 3e233443-f0f1-4e61-b8a9-b47569f95910: addNew group-6CDA6259DECC:[3e233443-f0f1-4e61-b8a9-b47569f95910:192.168.69.70:44304, ba3a32cc-462d-433b-80fb-e16a70a9f199:192.168.69.70:46056, 83ab7eea-2486-4beb-94b4-d7f00fbd5fbc:192.168.69.70:38203] returns group-6CDA6259DECC:java.util.concurrent.CompletableFuture@35a7bf0a[Not completed]
2019-11-15 05:36:52,919 [grpc-default-executor-0] INFO  impl.RaftServerProxy (RaftServerProxy.java:addNew(89)) - 83ab7eea-2486-4beb-94b4-d7f00fbd5fbc: addNew group-6CDA6259DECC:[3e233443-f0f1-4e61-b8a9-b47569f95910:192.168.69.70:44304, ba3a32cc-462d-433b-80fb-e16a70a9f199:192.168.69.70:46056, 83ab7eea-2486-4beb-94b4-d7f00fbd5fbc:192.168.69.70:38203] returns group-6CDA6259DECC:java.util.concurrent.CompletableFuture@51be6701[Not completed]
2019-11-15 05:36:52,921 [grpc-default-executor-0] INFO  impl.RaftServerProxy (RaftServerProxy.java:addNew(89)) - ba3a32cc-462d-433b-80fb-e16a70a9f199: addNew group-6CDA6259DECC:[3e233443-f0f1-4e61-b8a9-b47569f95910:192.168.69.70:44304, ba3a32cc-462d-433b-80fb-e16a70a9f199:192.168.69.70:46056, 83ab7eea-2486-4beb-94b4-d7f00fbd5fbc:192.168.69.70:38203] returns group-6CDA6259DECC:java.util.concurrent.CompletableFuture@b47929f[Not completed]
2019-11-15 05:36:52,924 [pool-47-thread-1] INFO  impl.RaftServerImpl (RaftServerImpl.java:<init>(98)) - 3e233443-f0f1-4e61-b8a9-b47569f95910: new RaftServerImpl for group-6CDA6259DECC:[3e233443-f0f1-4e61-b8a9-b47569f95910:192.168.69.70:44304, ba3a32cc-462d-433b-80fb-e16a70a9f199:192.168.69.70:46056, 83ab7eea-2486-4beb-94b4-d7f00fbd5fbc:192.168.69.70:38203] with ContainerStateMachine:uninitialized
2019-11-15 05:36:52,924 [pool-47-thread-1] INFO  server.RaftServerConfigKeys (ConfUtils.java:logGet(43)) - raft.server.rpc.timeout.min = 5s (custom)
2019-11-15 05:36:52,925 [pool-47-thread-1] INFO  server.RaftServerConfigKeys (ConfUtils.java:logGet(43)) - raft.server.rpc.timeout.max = 5200ms (custom)
2019-11-15 05:36:52,925 [pool-47-thread-1] INFO  server.RaftServerConfigKeys (ConfUtils.java:logGet(43)) - raft.server.rpcslowness.timeout = 120s (custom)
2019-11-15 05:36:52,925 [pool-47-thread-1] INFO  server.RaftServerConfigKeys (ConfUtils.java:logGet(43)) - raft.server.sleep.deviation.threshold = 300 (default)
2019-11-15 05:36:52,925 [pool-47-thread-1] INFO  server.RaftServerConfigKeys (ConfUtils.java:logGet(43)) - raft.server.log.appender.install.snapshot.enabled = false (custom)
2019-11-15 05:36:52,925 [pool-47-thread-1] INFO  impl.RaftServerImpl (ServerState.java:<init>(103)) - 3e233443-f0f1-4e61-b8a9-b47569f95910@group-6CDA6259DECC: ConfigurationManager, init=-1: [3e233443-f0f1-4e61-b8a9-b47569f95910:192.168.69.70:44304, ba3a32cc-462d-433b-80fb-e16a70a9f199:192.168.69.70:46056, 83ab7eea-2486-4beb-94b4-d7f00fbd5fbc:192.168.69.70:38203], old=null, confs=<EMPTY_MAP>
2019-11-15 05:36:52,925 [pool-27-thread-1] INFO  impl.RaftServerImpl (RaftServerImpl.java:<init>(98)) - ba3a32cc-462d-433b-80fb-e16a70a9f199: new RaftServerImpl for group-6CDA6259DECC:[3e233443-f0f1-4e61-b8a9-b47569f95910:192.168.69.70:44304, ba3a32cc-462d-433b-80fb-e16a70a9f199:192.168.69.70:46056, 83ab7eea-2486-4beb-94b4-d7f00fbd5fbc:192.168.69.70:38203] with ContainerStateMachine:uninitialized
2019-11-15 05:36:52,926 [pool-47-thread-1] INFO  server.RaftServerConfigKeys (ConfUtils.java:logGet(43)) - raft.server.storage.dir = [/workdir/hadoop-ozone/tools/target/test-dir/MiniOzoneClusterImpl-52992b3b-5a88-4474-8d71-6c2c95d3246e/datanode-2/data/ratis] (custom)
2019-11-15 05:36:52,926 [pool-27-thread-1] INFO  server.RaftServerConfigKeys (ConfUtils.java:logGet(43)) - raft.server.rpc.timeout.min = 5s (custom)
2019-11-15 05:36:52,926 [pool-27-thread-1] INFO  server.RaftServerConfigKeys (ConfUtils.java:logGet(43)) - raft.server.rpc.timeout.max = 5200ms (custom)
2019-11-15 05:36:52,926 [pool-47-thread-1] INFO  server.RaftServerConfigKeys (ConfUtils.java:logGet(43)) - raft.server.log.corruption.policy = EXCEPTION (default)
2019-11-15 05:36:52,926 [pool-27-thread-1] INFO  server.RaftServerConfigKeys (ConfUtils.java:logGet(43)) - raft.server.rpcslowness.timeout = 120s (custom)
2019-11-15 05:36:52,926 [pool-27-thread-1] INFO  server.RaftServerConfigKeys (ConfUtils.java:logGet(43)) - raft.server.sleep.deviation.threshold = 300 (default)
2019-11-15 05:36:52,926 [pool-47-thread-1] INFO  storage.RaftStorageDirectory (RaftStorageDirectory.java:analyzeStorage(246)) - The storage directory /workdir/hadoop-ozone/tools/target/test-dir/MiniOzoneClusterImpl-52992b3b-5a88-4474-8d71-6c2c95d3246e/datanode-2/data/ratis/65d9b625-e5ca-4c33-bd26-6cda6259decc does not exist. Creating ...
2019-11-15 05:36:52,927 [pool-27-thread-1] INFO  server.RaftServerConfigKeys (ConfUtils.java:logGet(43)) - raft.server.log.appender.install.snapshot.enabled = false (custom)
2019-11-15 05:36:52,927 [pool-27-thread-1] INFO  impl.RaftServerImpl (ServerState.java:<init>(103)) - ba3a32cc-462d-433b-80fb-e16a70a9f199@group-6CDA6259DECC: ConfigurationManager, init=-1: [3e233443-f0f1-4e61-b8a9-b47569f95910:192.168.69.70:44304, ba3a32cc-462d-433b-80fb-e16a70a9f199:192.168.69.70:46056, 83ab7eea-2486-4beb-94b4-d7f00fbd5fbc:192.168.69.70:38203], old=null, confs=<EMPTY_MAP>
2019-11-15 05:36:52,927 [pool-27-thread-1] INFO  server.RaftServerConfigKeys (ConfUtils.java:logGet(43)) - raft.server.storage.dir = [/workdir/hadoop-ozone/tools/target/test-dir/MiniOzoneClusterImpl-52992b3b-5a88-4474-8d71-6c2c95d3246e/datanode-0/data/ratis] (custom)
2019-11-15 05:36:52,927 [pool-27-thread-1] INFO  server.RaftServerConfigKeys (ConfUtils.java:logGet(43)) - raft.server.log.corruption.policy = EXCEPTION (default)
2019-11-15 05:36:52,928 [pool-37-thread-1] INFO  impl.RaftServerImpl (RaftServerImpl.java:<init>(98)) - 83ab7eea-2486-4beb-94b4-d7f00fbd5fbc: new RaftServerImpl for group-6CDA6259DECC:[3e233443-f0f1-4e61-b8a9-b47569f95910:192.168.69.70:44304, ba3a32cc-462d-433b-80fb-e16a70a9f199:192.168.69.70:46056, 83ab7eea-2486-4beb-94b4-d7f00fbd5fbc:192.168.69.70:38203] with ContainerStateMachine:uninitialized
2019-11-15 05:36:52,928 [pool-27-thread-1] INFO  storage.RaftStorageDirectory (RaftStorageDirectory.java:analyzeStorage(246)) - The storage directory /workdir/hadoop-ozone/tools/target/test-dir/MiniOzoneClusterImpl-52992b3b-5a88-4474-8d71-6c2c95d3246e/datanode-0/data/ratis/65d9b625-e5ca-4c33-bd26-6cda6259decc does not exist. Creating ...
2019-11-15 05:36:52,928 [pool-37-thread-1] INFO  server.RaftServerConfigKeys (ConfUtils.java:logGet(43)) - raft.server.rpc.timeout.min = 5s (custom)
2019-11-15 05:36:52,928 [pool-37-thread-1] INFO  server.RaftServerConfigKeys (ConfUtils.java:logGet(43)) - raft.server.rpc.timeout.max = 5200ms (custom)
2019-11-15 05:36:52,928 [pool-37-thread-1] INFO  server.RaftServerConfigKeys (ConfUtils.java:logGet(43)) - raft.server.rpcslowness.timeout = 120s (custom)
2019-11-15 05:36:52,928 [pool-37-thread-1] INFO  server.RaftServerConfigKeys (ConfUtils.java:logGet(43)) - raft.server.sleep.deviation.threshold = 300 (default)
2019-11-15 05:36:52,929 [pool-37-thread-1] INFO  server.RaftServerConfigKeys (ConfUtils.java:logGet(43)) - raft.server.log.appender.install.snapshot.enabled = false (custom)
2019-11-15 05:36:52,929 [pool-37-thread-1] INFO  impl.RaftServerImpl (ServerState.java:<init>(103)) - 83ab7eea-2486-4beb-94b4-d7f00fbd5fbc@group-6CDA6259DECC: ConfigurationManager, init=-1: [3e233443-f0f1-4e61-b8a9-b47569f95910:192.168.69.70:44304, ba3a32cc-462d-433b-80fb-e16a70a9f199:192.168.69.70:46056, 83ab7eea-2486-4beb-94b4-d7f00fbd5fbc:192.168.69.70:38203], old=null, confs=<EMPTY_MAP>
2019-11-15 05:36:52,929 [pool-37-thread-1] INFO  server.RaftServerConfigKeys (ConfUtils.java:logGet(43)) - raft.server.storage.dir = [/workdir/hadoop-ozone/tools/target/test-dir/MiniOzoneClusterImpl-52992b3b-5a88-4474-8d71-6c2c95d3246e/datanode-1/data/ratis] (custom)
2019-11-15 05:36:52,930 [pool-37-thread-1] INFO  server.RaftServerConfigKeys (ConfUtils.java:logGet(43)) - raft.server.log.corruption.policy = EXCEPTION (default)
2019-11-15 05:36:52,930 [pool-37-thread-1] INFO  storage.RaftStorageDirectory (RaftStorageDirectory.java:analyzeStorage(246)) - The storage directory /workdir/hadoop-ozone/tools/target/test-dir/MiniOzoneClusterImpl-52992b3b-5a88-4474-8d71-6c2c95d3246e/datanode-1/data/ratis/65d9b625-e5ca-4c33-bd26-6cda6259decc does not exist. Creating ...
2019-11-15 05:36:52,953 [pool-27-thread-1] INFO  storage.RaftStorageDirectory (RaftStorageDirectory.java:tryLock(328)) - Lock on /workdir/hadoop-ozone/tools/target/test-dir/MiniOzoneClusterImpl-52992b3b-5a88-4474-8d71-6c2c95d3246e/datanode-0/data/ratis/65d9b625-e5ca-4c33-bd26-6cda6259decc/in_use.lock acquired by nodename 25890@pr-hdds-2498-sbs7n-842119931
2019-11-15 05:36:52,953 [pool-47-thread-1] INFO  storage.RaftStorageDirectory (RaftStorageDirectory.java:tryLock(328)) - Lock on /workdir/hadoop-ozone/tools/target/test-dir/MiniOzoneClusterImpl-52992b3b-5a88-4474-8d71-6c2c95d3246e/datanode-2/data/ratis/65d9b625-e5ca-4c33-bd26-6cda6259decc/in_use.lock acquired by nodename 25890@pr-hdds-2498-sbs7n-842119931
2019-11-15 05:36:52,953 [pool-37-thread-1] INFO  storage.RaftStorageDirectory (RaftStorageDirectory.java:tryLock(328)) - Lock on /workdir/hadoop-ozone/tools/target/test-dir/MiniOzoneClusterImpl-52992b3b-5a88-4474-8d71-6c2c95d3246e/datanode-1/data/ratis/65d9b625-e5ca-4c33-bd26-6cda6259decc/in_use.lock acquired by nodename 25890@pr-hdds-2498-sbs7n-842119931
2019-11-15 05:36:52,979 [pool-47-thread-1] INFO  storage.RaftStorage (RaftStorage.java:format(84)) - Storage directory /workdir/hadoop-ozone/tools/target/test-dir/MiniOzoneClusterImpl-52992b3b-5a88-4474-8d71-6c2c95d3246e/datanode-2/data/ratis/65d9b625-e5ca-4c33-bd26-6cda6259decc has been successfully formatted.
2019-11-15 05:36:52,979 [pool-27-thread-1] INFO  storage.RaftStorage (RaftStorage.java:format(84)) - Storage directory /workdir/hadoop-ozone/tools/target/test-dir/MiniOzoneClusterImpl-52992b3b-5a88-4474-8d71-6c2c95d3246e/datanode-0/data/ratis/65d9b625-e5ca-4c33-bd26-6cda6259decc has been successfully formatted.
2019-11-15 05:36:52,979 [pool-37-thread-1] INFO  storage.RaftStorage (RaftStorage.java:format(84)) - Storage directory /workdir/hadoop-ozone/tools/target/test-dir/MiniOzoneClusterImpl-52992b3b-5a88-4474-8d71-6c2c95d3246e/datanode-1/data/ratis/65d9b625-e5ca-4c33-bd26-6cda6259decc has been successfully formatted.
2019-11-15 05:36:52,979 [pool-27-thread-1] INFO  ratis.ContainerStateMachine (ContainerStateMachine.java:loadSnapshot(223)) - group-6CDA6259DECC: The snapshot info is null. Setting the last applied indexto:(t:0, i:~)
2019-11-15 05:36:52,979 [pool-47-thread-1] INFO  ratis.ContainerStateMachine (ContainerStateMachine.java:loadSnapshot(223)) - group-6CDA6259DECC: The snapshot info is null. Setting the last applied indexto:(t:0, i:~)
2019-11-15 05:36:52,980 [pool-27-thread-1] INFO  server.RaftServerConfigKeys (ConfUtils.java:logGet(43)) - raft.server.notification.no-leader.timeout = 120s (custom)
2019-11-15 05:36:52,980 [pool-37-thread-1] INFO  ratis.ContainerStateMachine (ContainerStateMachine.java:loadSnapshot(223)) - group-6CDA6259DECC: The snapshot info is null. Setting the last applied indexto:(t:0, i:~)
2019-11-15 05:36:52,980 [pool-27-thread-1] INFO  server.RaftServerConfigKeys (ConfUtils.java:logGet(43)) - raft.server.log.use.memory = false (default)
2019-11-15 05:36:52,980 [pool-47-thread-1] INFO  server.RaftServerConfigKeys (ConfUtils.java:logGet(43)) - raft.server.notification.no-leader.timeout = 120s (custom)
2019-11-15 05:36:52,980 [pool-27-thread-1] INFO  server.RaftServerConfigKeys (ConfUtils.java:logGet(43)) - raft.server.log.purge.gap = 1000000 (custom)
2019-11-15 05:36:52,980 [pool-37-thread-1] INFO  server.RaftServerConfigKeys (ConfUtils.java:logGet(43)) - raft.server.notification.no-leader.timeout = 120s (custom)
2019-11-15 05:36:52,980 [pool-27-thread-1] INFO  server.RaftServerConfigKeys (ConfUtils.java:logGet(43)) - raft.server.log.appender.buffer.byte-limit = 33554432 (custom)
2019-11-15 05:36:52,980 [pool-47-thread-1] INFO  server.RaftServerConfigKeys (ConfUtils.java:logGet(43)) - raft.server.log.use.memory = false (default)
2019-11-15 05:36:52,981 [pool-27-thread-1] INFO  server.RaftServerConfigKeys (ConfUtils.java:logGet(43)) - raft.server.log.segment.size.max = 1048576 (custom)
2019-11-15 05:36:52,981 [pool-37-thread-1] INFO  server.RaftServerConfigKeys (ConfUtils.java:logGet(43)) - raft.server.log.use.memory = false (default)
2019-11-15 05:36:52,981 [pool-27-thread-1] INFO  server.RaftServerConfigKeys (ConfUtils.java:logGet(43)) - raft.server.log.segment.cache.num.max = 2 (custom)
2019-11-15 05:36:52,981 [pool-47-thread-1] INFO  server.RaftServerConfigKeys (ConfUtils.java:logGet(43)) - raft.server.log.purge.gap = 1000000 (custom)
2019-11-15 05:36:52,981 [pool-27-thread-1] INFO  segmented.SegmentedRaftLogWorker (SegmentedRaftLogWorker.java:<init>(173)) - new ba3a32cc-462d-433b-80fb-e16a70a9f199@group-6CDA6259DECC-SegmentedRaftLogWorker for RaftStorage:Storage Directory /workdir/hadoop-ozone/tools/target/test-dir/MiniOzoneClusterImpl-52992b3b-5a88-4474-8d71-6c2c95d3246e/datanode-0/data/ratis/65d9b625-e5ca-4c33-bd26-6cda6259decc
2019-11-15 05:36:52,981 [pool-37-thread-1] INFO  server.RaftServerConfigKeys (ConfUtils.java:logGet(43)) - raft.server.log.purge.gap = 1000000 (custom)
2019-11-15 05:36:52,981 [pool-27-thread-1] INFO  server.RaftServerConfigKeys (ConfUtils.java:logGet(43)) - raft.server.log.queue.byte-limit = 2147483647 (custom)
2019-11-15 05:36:52,981 [pool-47-thread-1] INFO  server.RaftServerConfigKeys (ConfUtils.java:logGet(43)) - raft.server.log.appender.buffer.byte-limit = 33554432 (custom)
2019-11-15 05:36:52,982 [pool-27-thread-1] INFO  server.RaftServerConfigKeys (ConfUtils.java:logGet(43)) - raft.server.log.queue.element-limit = 1024 (custom)
2019-11-15 05:36:52,982 [pool-37-thread-1] INFO  server.RaftServerConfigKeys (ConfUtils.java:logGet(43)) - raft.server.log.appender.buffer.byte-limit = 33554432 (custom)
2019-11-15 05:36:52,982 [pool-27-thread-1] INFO  server.RaftServerConfigKeys (ConfUtils.java:logGet(43)) - raft.server.log.segment.size.max = 1048576 (custom)
2019-11-15 05:36:52,982 [pool-47-thread-1] INFO  server.RaftServerConfigKeys (ConfUtils.java:logGet(43)) - raft.server.log.segment.size.max = 1048576 (custom)
2019-11-15 05:36:52,982 [pool-27-thread-1] INFO  server.RaftServerConfigKeys (ConfUtils.java:logGet(43)) - raft.server.log.preallocated.size = 16384 (custom)
2019-11-15 05:36:52,982 [pool-37-thread-1] INFO  server.RaftServerConfigKeys (ConfUtils.java:logGet(43)) - raft.server.log.segment.size.max = 1048576 (custom)
2019-11-15 05:36:52,982 [pool-27-thread-1] INFO  server.RaftServerConfigKeys (ConfUtils.java:logGet(43)) - raft.server.log.write.buffer.size = 33554432 (custom)
2019-11-15 05:36:52,982 [pool-47-thread-1] INFO  server.RaftServerConfigKeys (ConfUtils.java:logGet(43)) - raft.server.log.segment.cache.num.max = 2 (custom)
2019-11-15 05:36:52,983 [pool-27-thread-1] INFO  server.RaftServerConfigKeys (ConfUtils.java:logGet(43)) - raft.server.log.force.sync.num = 128 (default)
2019-11-15 05:36:52,983 [pool-37-thread-1] INFO  server.RaftServerConfigKeys (ConfUtils.java:logGet(43)) - raft.server.log.segment.cache.num.max = 2 (custom)
2019-11-15 05:36:52,983 [pool-27-thread-1] INFO  server.RaftServerConfigKeys (ConfUtils.java:logGet(43)) - raft.server.log.statemachine.data.sync = true (default)
2019-11-15 05:36:52,983 [pool-47-thread-1] INFO  segmented.SegmentedRaftLogWorker (SegmentedRaftLogWorker.java:<init>(173)) - new 3e233443-f0f1-4e61-b8a9-b47569f95910@group-6CDA6259DECC-SegmentedRaftLogWorker for RaftStorage:Storage Directory /workdir/hadoop-ozone/tools/target/test-dir/MiniOzoneClusterImpl-52992b3b-5a88-4474-8d71-6c2c95d3246e/datanode-2/data/ratis/65d9b625-e5ca-4c33-bd26-6cda6259decc
2019-11-15 05:36:52,984 [pool-27-thread-1] INFO  server.RaftServerConfigKeys (ConfUtils.java:logGet(43)) - raft.server.log.statemachine.data.sync.timeout = 10s (default)
2019-11-15 05:36:52,983 [pool-37-thread-1] INFO  segmented.SegmentedRaftLogWorker (SegmentedRaftLogWorker.java:<init>(173)) - new 83ab7eea-2486-4beb-94b4-d7f00fbd5fbc@group-6CDA6259DECC-SegmentedRaftLogWorker for RaftStorage:Storage Directory /workdir/hadoop-ozone/tools/target/test-dir/MiniOzoneClusterImpl-52992b3b-5a88-4474-8d71-6c2c95d3246e/datanode-1/data/ratis/65d9b625-e5ca-4c33-bd26-6cda6259decc
2019-11-15 05:36:52,985 [pool-27-thread-1] INFO  server.RaftServerConfigKeys (ConfUtils.java:logGet(43)) - raft.server.log.statemachine.data.sync.timeout.retry = -1 (default)
2019-11-15 05:36:52,984 [pool-47-thread-1] INFO  server.RaftServerConfigKeys (ConfUtils.java:logGet(43)) - raft.server.log.queue.byte-limit = 2147483647 (custom)
2019-11-15 05:36:52,985 [pool-27-thread-1] INFO  server.RaftServerConfigKeys (ConfUtils.java:logGet(43)) - raft.server.log.statemachine.data.caching.enabled = true (custom)
2019-11-15 05:36:52,985 [pool-37-thread-1] INFO  server.RaftServerConfigKeys (ConfUtils.java:logGet(43)) - raft.server.log.queue.byte-limit = 2147483647 (custom)
2019-11-15 05:36:52,985 [pool-47-thread-1] INFO  server.RaftServerConfigKeys (ConfUtils.java:logGet(43)) - raft.server.log.queue.element-limit = 1024 (custom)
2019-11-15 05:36:52,985 [pool-27-thread-1] INFO  segmented.SegmentedRaftLogWorker (SegmentedRaftLogWorker.java:lambda$new$0(128)) - ba3a32cc-462d-433b-80fb-e16a70a9f199@group-6CDA6259DECC-SegmentedRaftLogWorker: flushIndex: setUnconditionally 0 -> -1
2019-11-15 05:36:52,985 [pool-37-thread-1] INFO  server.RaftServerConfigKeys (ConfUtils.java:logGet(43)) - raft.server.log.queue.element-limit = 1024 (custom)
2019-11-15 05:36:52,985 [pool-47-thread-1] INFO  server.RaftServerConfigKeys (ConfUtils.java:logGet(43)) - raft.server.log.segment.size.max = 1048576 (custom)
2019-11-15 05:36:52,986 [pool-37-thread-1] INFO  server.RaftServerConfigKeys (ConfUtils.java:logGet(43)) - raft.server.log.segment.size.max = 1048576 (custom)
2019-11-15 05:36:52,986 [pool-47-thread-1] INFO  server.RaftServerConfigKeys (ConfUtils.java:logGet(43)) - raft.server.log.preallocated.size = 16384 (custom)
2019-11-15 05:36:52,986 [pool-27-thread-1] INFO  server.RaftServerConfigKeys (ConfUtils.java:logGet(43)) - raft.server.snapshot.auto.trigger.enabled = true (custom)
2019-11-15 05:36:52,986 [pool-47-thread-1] INFO  server.RaftServerConfigKeys (ConfUtils.java:logGet(43)) - raft.server.log.write.buffer.size = 33554432 (custom)
2019-11-15 05:36:52,986 [pool-37-thread-1] INFO  server.RaftServerConfigKeys (ConfUtils.java:logGet(43)) - raft.server.log.preallocated.size = 16384 (custom)
2019-11-15 05:36:52,986 [pool-47-thread-1] INFO  server.RaftServerConfigKeys (ConfUtils.java:logGet(43)) - raft.server.log.force.sync.num = 128 (default)
2019-11-15 05:36:52,986 [pool-27-thread-1] INFO  server.RaftServerConfigKeys (ConfUtils.java:logGet(43)) - raft.server.snapshot.auto.trigger.threshold = 10000 (custom)
2019-11-15 05:36:52,986 [pool-47-thread-1] INFO  server.RaftServerConfigKeys (ConfUtils.java:logGet(43)) - raft.server.log.statemachine.data.sync = true (default)
2019-11-15 05:36:52,986 [pool-37-thread-1] INFO  server.RaftServerConfigKeys (ConfUtils.java:logGet(43)) - raft.server.log.write.buffer.size = 33554432 (custom)
2019-11-15 05:36:52,987 [pool-47-thread-1] INFO  server.RaftServerConfigKeys (ConfUtils.java:logGet(43)) - raft.server.log.statemachine.data.sync.timeout = 10s (default)
2019-11-15 05:36:52,986 [pool-27-thread-1] INFO  server.RaftServerConfigKeys (ConfUtils.java:logGet(43)) - raft.server.snapshot.retention.file.num = 5 (custom)
2019-11-15 05:36:52,987 [pool-47-thread-1] INFO  server.RaftServerConfigKeys (ConfUtils.java:logGet(43)) - raft.server.log.statemachine.data.sync.timeout.retry = -1 (default)
2019-11-15 05:36:52,987 [pool-37-thread-1] INFO  server.RaftServerConfigKeys (ConfUtils.java:logGet(43)) - raft.server.log.force.sync.num = 128 (default)
2019-11-15 05:36:52,987 [pool-27-thread-1] INFO  server.RaftServerConfigKeys (ConfUtils.java:logGet(43)) - raft.server.retrycache.expirytime = 600000ms (custom)
2019-11-15 05:36:52,987 [pool-47-thread-1] INFO  server.RaftServerConfigKeys (ConfUtils.java:logGet(43)) - raft.server.log.statemachine.data.caching.enabled = true (custom)
2019-11-15 05:36:52,987 [pool-37-thread-1] INFO  server.RaftServerConfigKeys (ConfUtils.java:logGet(43)) - raft.server.log.statemachine.data.sync = true (default)
2019-11-15 05:36:52,987 [pool-27-thread-1] WARN  impl.MetricRegistriesImpl (MetricRegistriesImpl.java:lambda$create$1(61)) - First MetricRegistry has been created without registering reporters. You may need to call MetricRegistries.global().addReportRegistration(...) before.
2019-11-15 05:36:52,987 [pool-47-thread-1] INFO  segmented.SegmentedRaftLogWorker (SegmentedRaftLogWorker.java:lambda$new$0(128)) - 3e233443-f0f1-4e61-b8a9-b47569f95910@group-6CDA6259DECC-SegmentedRaftLogWorker: flushIndex: setUnconditionally 0 -> -1
2019-11-15 05:36:52,987 [pool-37-thread-1] INFO  server.RaftServerConfigKeys (ConfUtils.java:logGet(43)) - raft.server.log.statemachine.data.sync.timeout = 10s (default)
2019-11-15 05:36:52,988 [pool-27-thread-1] WARN  impl.MetricRegistriesImpl (MetricRegistriesImpl.java:lambda$create$1(61)) - First MetricRegistry has been created without registering reporters. You may need to call MetricRegistries.global().addReportRegistration(...) before.
2019-11-15 05:36:52,988 [pool-47-thread-1] INFO  server.RaftServerConfigKeys (ConfUtils.java:logGet(43)) - raft.server.snapshot.auto.trigger.enabled = true (custom)
2019-11-15 05:36:52,988 [pool-37-thread-1] INFO  server.RaftServerConfigKeys (ConfUtils.java:logGet(43)) - raft.server.log.statemachine.data.sync.timeout.retry = -1 (default)
2019-11-15 05:36:52,988 [pool-47-thread-1] INFO  server.RaftServerConfigKeys (ConfUtils.java:logGet(43)) - raft.server.snapshot.auto.trigger.threshold = 10000 (custom)
2019-11-15 05:36:52,988 [pool-27-thread-1] INFO  impl.RaftServerImpl (RaftServerImpl.java:start(184)) - ba3a32cc-462d-433b-80fb-e16a70a9f199@group-6CDA6259DECC: start as a follower, conf=-1: [3e233443-f0f1-4e61-b8a9-b47569f95910:192.168.69.70:44304, ba3a32cc-462d-433b-80fb-e16a70a9f199:192.168.69.70:46056, 83ab7eea-2486-4beb-94b4-d7f00fbd5fbc:192.168.69.70:38203], old=null
2019-11-15 05:36:52,988 [pool-47-thread-1] INFO  server.RaftServerConfigKeys (ConfUtils.java:logGet(43)) - raft.server.snapshot.retention.file.num = 5 (custom)
2019-11-15 05:36:52,988 [pool-37-thread-1] INFO  server.RaftServerConfigKeys (ConfUtils.java:logGet(43)) - raft.server.log.statemachine.data.caching.enabled = true (custom)
2019-11-15 05:36:52,988 [pool-47-thread-1] INFO  server.RaftServerConfigKeys (ConfUtils.java:logGet(43)) - raft.server.retrycache.expirytime = 600000ms (custom)
2019-11-15 05:36:52,988 [pool-27-thread-1] INFO  impl.RaftServerImpl (RaftServerImpl.java:setRole(173)) - ba3a32cc-462d-433b-80fb-e16a70a9f199@group-6CDA6259DECC: changes role from      null to FOLLOWER at term 0 for startAsFollower
2019-11-15 05:36:52,989 [pool-47-thread-1] WARN  impl.MetricRegistriesImpl (MetricRegistriesImpl.java:lambda$create$1(61)) - First MetricRegistry has been created without registering reporters. You may need to call MetricRegistries.global().addReportRegistration(...) before.
2019-11-15 05:36:52,989 [pool-27-thread-1] INFO  impl.RoleInfo (RoleInfo.java:updateAndGet(143)) - ba3a32cc-462d-433b-80fb-e16a70a9f199: start FollowerState
2019-11-15 05:36:52,989 [pool-37-thread-1] INFO  segmented.SegmentedRaftLogWorker (SegmentedRaftLogWorker.java:lambda$new$0(128)) - 83ab7eea-2486-4beb-94b4-d7f00fbd5fbc@group-6CDA6259DECC-SegmentedRaftLogWorker: flushIndex: setUnconditionally 0 -> -1
2019-11-15 05:36:52,989 [pool-47-thread-1] WARN  impl.MetricRegistriesImpl (MetricRegistriesImpl.java:lambda$create$1(61)) - First MetricRegistry has been created without registering reporters. You may need to call MetricRegistries.global().addReportRegistration(...) before.
2019-11-15 05:36:52,989 [pool-37-thread-1] INFO  server.RaftServerConfigKeys (ConfUtils.java:logGet(43)) - raft.server.snapshot.auto.trigger.enabled = true (custom)
2019-11-15 05:36:52,989 [pool-37-thread-1] INFO  server.RaftServerConfigKeys (ConfUtils.java:logGet(43)) - raft.server.snapshot.auto.trigger.threshold = 10000 (custom)
2019-11-15 05:36:52,989 [pool-47-thread-1] INFO  impl.RaftServerImpl (RaftServerImpl.java:start(184)) - 3e233443-f0f1-4e61-b8a9-b47569f95910@group-6CDA6259DECC: start as a follower, conf=-1: [3e233443-f0f1-4e61-b8a9-b47569f95910:192.168.69.70:44304, ba3a32cc-462d-433b-80fb-e16a70a9f199:192.168.69.70:46056, 83ab7eea-2486-4beb-94b4-d7f00fbd5fbc:192.168.69.70:38203], old=null
2019-11-15 05:36:52,989 [pool-27-thread-1] INFO  util.JmxRegister (JmxRegister.java:tryRegister(44)) - Successfully registered JMX Bean with object name Ratis:service=RaftServer,group=group-6CDA6259DECC,id=ba3a32cc-462d-433b-80fb-e16a70a9f199
2019-11-15 05:36:52,989 [pool-37-thread-1] INFO  server.RaftServerConfigKeys (ConfUtils.java:logGet(43)) - raft.server.snapshot.retention.file.num = 5 (custom)
2019-11-15 05:36:52,989 [pool-27-thread-1] WARN  impl.MetricRegistriesImpl (MetricRegistriesImpl.java:lambda$create$1(61)) - First MetricRegistry has been created without registering reporters. You may need to call MetricRegistries.global().addReportRegistration(...) before.
2019-11-15 05:36:52,989 [pool-47-thread-1] INFO  impl.RaftServerImpl (RaftServerImpl.java:setRole(173)) - 3e233443-f0f1-4e61-b8a9-b47569f95910@group-6CDA6259DECC: changes role from      null to FOLLOWER at term 0 for startAsFollower
2019-11-15 05:36:52,990 [pool-37-thread-1] INFO  server.RaftServerConfigKeys (ConfUtils.java:logGet(43)) - raft.server.retrycache.expirytime = 600000ms (custom)
2019-11-15 05:36:52,990 [pool-47-thread-1] INFO  impl.RoleInfo (RoleInfo.java:updateAndGet(143)) - 3e233443-f0f1-4e61-b8a9-b47569f95910: start FollowerState
2019-11-15 05:36:52,990 [pool-37-thread-1] WARN  impl.MetricRegistriesImpl (MetricRegistriesImpl.java:lambda$create$1(61)) - First MetricRegistry has been created without registering reporters. You may need to call MetricRegistries.global().addReportRegistration(...) before.
2019-11-15 05:36:52,990 [pool-37-thread-1] WARN  impl.MetricRegistriesImpl (MetricRegistriesImpl.java:lambda$create$1(61)) - First MetricRegistry has been created without registering reporters. You may need to call MetricRegistries.global().addReportRegistration(...) before.
2019-11-15 05:36:52,990 [pool-47-thread-1] INFO  util.JmxRegister (JmxRegister.java:tryRegister(44)) - Successfully registered JMX Bean with object name Ratis:service=RaftServer,group=group-6CDA6259DECC,id=3e233443-f0f1-4e61-b8a9-b47569f95910
2019-11-15 05:36:52,990 [pool-37-thread-1] INFO  impl.RaftServerImpl (RaftServerImpl.java:start(184)) - 83ab7eea-2486-4beb-94b4-d7f00fbd5fbc@group-6CDA6259DECC: start as a follower, conf=-1: [3e233443-f0f1-4e61-b8a9-b47569f95910:192.168.69.70:44304, ba3a32cc-462d-433b-80fb-e16a70a9f199:192.168.69.70:46056, 83ab7eea-2486-4beb-94b4-d7f00fbd5fbc:192.168.69.70:38203], old=null
2019-11-15 05:36:52,990 [pool-47-thread-1] WARN  impl.MetricRegistriesImpl (MetricRegistriesImpl.java:lambda$create$1(61)) - First MetricRegistry has been created without registering reporters. You may need to call MetricRegistries.global().addReportRegistration(...) before.
2019-11-15 05:36:52,990 [pool-37-thread-1] INFO  impl.RaftServerImpl (RaftServerImpl.java:setRole(173)) - 83ab7eea-2486-4beb-94b4-d7f00fbd5fbc@group-6CDA6259DECC: changes role from      null to FOLLOWER at term 0 for startAsFollower
2019-11-15 05:36:52,991 [pool-37-thread-1] INFO  impl.RoleInfo (RoleInfo.java:updateAndGet(143)) - 83ab7eea-2486-4beb-94b4-d7f00fbd5fbc: start FollowerState
2019-11-15 05:36:52,992 [pool-37-thread-1] INFO  util.JmxRegister (JmxRegister.java:tryRegister(44)) - Successfully registered JMX Bean with object name Ratis:service=RaftServer,group=group-6CDA6259DECC,id=83ab7eea-2486-4beb-94b4-d7f00fbd5fbc
2019-11-15 05:36:52,992 [pool-37-thread-1] WARN  impl.MetricRegistriesImpl (MetricRegistriesImpl.java:lambda$create$1(61)) - First MetricRegistry has been created without registering reporters. You may need to call MetricRegistries.global().addReportRegistration(...) before.
2019-11-15 05:36:52,997 [RatisPipelineUtilsThread] INFO  pipeline.PipelineStateManager (PipelineStateManager.java:addPipeline(55)) - Created pipeline Pipeline[ Id: 65d9b625-e5ca-4c33-bd26-6cda6259decc, Nodes: ba3a32cc-462d-433b-80fb-e16a70a9f199{ip: 192.168.69.70, host: pr-hdds-2498-sbs7n-842119931, networkLocation: /default-rack, certSerialId: null}3e233443-f0f1-4e61-b8a9-b47569f95910{ip: 192.168.69.70, host: pr-hdds-2498-sbs7n-842119931, networkLocation: /default-rack, certSerialId: null}83ab7eea-2486-4beb-94b4-d7f00fbd5fbc{ip: 192.168.69.70, host: pr-hdds-2498-sbs7n-842119931, networkLocation: /default-rack, certSerialId: null}, Type:RATIS, Factor:THREE, State:ALLOCATED]
2019-11-15 05:36:53,030 [main] INFO  freon.RandomKeyGenerator (RandomKeyGenerator.java:call(283)) - Number of Threads: 10
2019-11-15 05:36:53,030 [main] INFO  freon.RandomKeyGenerator (RandomKeyGenerator.java:call(288)) - Number of Volumes: 1.
2019-11-15 05:36:53,030 [main] INFO  freon.RandomKeyGenerator (RandomKeyGenerator.java:call(289)) - Number of Buckets per Volume: 1.
2019-11-15 05:36:53,030 [main] INFO  freon.RandomKeyGenerator (RandomKeyGenerator.java:call(290)) - Number of Keys per Bucket: 1.
2019-11-15 05:36:53,030 [main] INFO  freon.RandomKeyGenerator (RandomKeyGenerator.java:call(291)) - Key size: 20971520 bytes
2019-11-15 05:36:53,031 [main] INFO  freon.RandomKeyGenerator (RandomKeyGenerator.java:call(292)) - Buffer size: 4096 bytes
2019-11-15 05:36:53,031 [main] INFO  freon.RandomKeyGenerator (RandomKeyGenerator.java:call(293)) - validateWrites : true
2019-11-15 05:36:53,032 [main] INFO  freon.RandomKeyGenerator (RandomKeyGenerator.java:call(307)) - Data validation is enabled.
2019-11-15 05:36:53,032 [main] INFO  freon.RandomKeyGenerator (RandomKeyGenerator.java:call(313)) - Starting progress bar Thread.

2019-11-15 05:36:53,032 [pool-59-thread-1] INFO  rpc.RpcClient (RpcClient.java:createVolume(292)) - Creating Volume: vol-0-52343, with jenkins1000 as owner.
 0.00% |?                                                                                                    |  0/1 Time: 0:00:002019-11-15 05:36:53,036 [IPC Server handler 1 on 35954] INFO  volume.OMVolumeCreateRequest (OMVolumeCreateRequest.java:validateAndUpdateCache(193)) - created volume:vol-0-52343 for user:jenkins1000
2019-11-15 05:36:53,082 [pool-59-thread-2] INFO  rpc.RpcClient (RpcClient.java:createBucket(431)) - Creating Bucket: vol-0-52343/bucket-0-39938, with Versioning false and Storage Type set to DISK and Encryption set to false 
2019-11-15 05:36:53,117 [IPC Server handler 12 on 37651] WARN  block.BlockManagerImpl (BlockManagerImpl.java:allocateBlock(200)) - Pipeline creation failed for type:RATIS factor:THREE. Retrying get pipelines call once.
org.apache.hadoop.hdds.scm.pipeline.InsufficientDatanodesException: Cannot create pipeline of factor 3 using 0 nodes.
	at org.apache.hadoop.hdds.scm.pipeline.RatisPipelineProvider.create(RatisPipelineProvider.java:153)
	at org.apache.hadoop.hdds.scm.pipeline.PipelineFactory.create(PipelineFactory.java:58)
	at org.apache.hadoop.hdds.scm.pipeline.SCMPipelineManager.createPipeline(SCMPipelineManager.java:155)
	at org.apache.hadoop.hdds.scm.block.BlockManagerImpl.allocateBlock(BlockManagerImpl.java:198)
	at org.apache.hadoop.hdds.scm.server.SCMBlockProtocolServer.allocateBlock(SCMBlockProtocolServer.java:187)
	at org.apache.hadoop.hdds.scm.protocol.ScmBlockLocationProtocolServerSideTranslatorPB.allocateScmBlock(ScmBlockLocationProtocolServerSideTranslatorPB.java:159)
	at org.apache.hadoop.hdds.scm.protocol.ScmBlockLocationProtocolServerSideTranslatorPB.processMessage(ScmBlockLocationProtocolServerSideTranslatorPB.java:117)
	at org.apache.hadoop.hdds.server.OzoneProtocolMessageDispatcher.processRequest(OzoneProtocolMessageDispatcher.java:72)
	at org.apache.hadoop.hdds.scm.protocol.ScmBlockLocationProtocolServerSideTranslatorPB.send(ScmBlockLocationProtocolServerSideTranslatorPB.java:98)
	at org.apache.hadoop.hdds.protocol.proto.ScmBlockLocationProtocolProtos$ScmBlockLocationProtocolService$2.callBlockingMethod(ScmBlockLocationProtocolProtos.java:13157)
	at org.apache.hadoop.ipc.ProtobufRpcEngine$Server$ProtoBufRpcInvoker.call(ProtobufRpcEngine.java:524)
	at org.apache.hadoop.ipc.RPC$Server.call(RPC.java:1025)
	at org.apache.hadoop.ipc.Server$RpcCall.run(Server.java:876)
	at org.apache.hadoop.ipc.Server$RpcCall.run(Server.java:822)
	at java.security.AccessController.doPrivileged(Native Method)
	at javax.security.auth.Subject.doAs(Subject.java:422)
	at org.apache.hadoop.security.UserGroupInformation.doAs(UserGroupInformation.java:1730)
	at org.apache.hadoop.ipc.Server$Handler.run(Server.java:2682)
2019-11-15 05:36:53,118 [IPC Server handler 12 on 37651] INFO  block.BlockManagerImpl (BlockManagerImpl.java:allocateBlock(212)) - Could not find available pipeline of type:RATIS and factor:THREE even after retrying
2019-11-15 05:36:53,119 [IPC Server handler 12 on 37651] ERROR block.BlockManagerImpl (BlockManagerImpl.java:allocateBlock(236)) - Unable to allocate a block for the size: 4194304, type: RATIS, factor: THREE
2019-11-15 05:36:53,120 [IPC Server handler 12 on 37651] WARN  block.BlockManagerImpl (BlockManagerImpl.java:allocateBlock(200)) - Pipeline creation failed for type:RATIS factor:THREE. Retrying get pipelines call once.
org.apache.hadoop.hdds.scm.pipeline.InsufficientDatanodesException: Cannot create pipeline of factor 3 using 0 nodes.
	at org.apache.hadoop.hdds.scm.pipeline.RatisPipelineProvider.create(RatisPipelineProvider.java:153)
	at org.apache.hadoop.hdds.scm.pipeline.PipelineFactory.create(PipelineFactory.java:58)
	at org.apache.hadoop.hdds.scm.pipeline.SCMPipelineManager.createPipeline(SCMPipelineManager.java:155)
	at org.apache.hadoop.hdds.scm.block.BlockManagerImpl.allocateBlock(BlockManagerImpl.java:198)
	at org.apache.hadoop.hdds.scm.server.SCMBlockProtocolServer.allocateBlock(SCMBlockProtocolServer.java:187)
	at org.apache.hadoop.hdds.scm.protocol.ScmBlockLocationProtocolServerSideTranslatorPB.allocateScmBlock(ScmBlockLocationProtocolServerSideTranslatorPB.java:159)
	at org.apache.hadoop.hdds.scm.protocol.ScmBlockLocationProtocolServerSideTranslatorPB.processMessage(ScmBlockLocationProtocolServerSideTranslatorPB.java:117)
	at org.apache.hadoop.hdds.server.OzoneProtocolMessageDispatcher.processRequest(OzoneProtocolMessageDispatcher.java:72)
	at org.apache.hadoop.hdds.scm.protocol.ScmBlockLocationProtocolServerSideTranslatorPB.send(ScmBlockLocationProtocolServerSideTranslatorPB.java:98)
	at org.apache.hadoop.hdds.protocol.proto.ScmBlockLocationProtocolProtos$ScmBlockLocationProtocolService$2.callBlockingMethod(ScmBlockLocationProtocolProtos.java:13157)
	at org.apache.hadoop.ipc.ProtobufRpcEngine$Server$ProtoBufRpcInvoker.call(ProtobufRpcEngine.java:524)
	at org.apache.hadoop.ipc.RPC$Server.call(RPC.java:1025)
	at org.apache.hadoop.ipc.Server$RpcCall.run(Server.java:876)
	at org.apache.hadoop.ipc.Server$RpcCall.run(Server.java:822)
	at java.security.AccessController.doPrivileged(Native Method)
	at javax.security.auth.Subject.doAs(Subject.java:422)
	at org.apache.hadoop.security.UserGroupInformation.doAs(UserGroupInformation.java:1730)
	at org.apache.hadoop.ipc.Server$Handler.run(Server.java:2682)
2019-11-15 05:36:53,120 [IPC Server handler 12 on 37651] INFO  block.BlockManagerImpl (BlockManagerImpl.java:allocateBlock(212)) - Could not find available pipeline of type:RATIS and factor:THREE even after retrying
2019-11-15 05:36:53,120 [IPC Server handler 12 on 37651] ERROR block.BlockManagerImpl (BlockManagerImpl.java:allocateBlock(236)) - Unable to allocate a block for the size: 4194304, type: RATIS, factor: THREE
2019-11-15 05:36:53,121 [IPC Server handler 12 on 37651] WARN  block.BlockManagerImpl (BlockManagerImpl.java:allocateBlock(200)) - Pipeline creation failed for type:RATIS factor:THREE. Retrying get pipelines call once.
org.apache.hadoop.hdds.scm.pipeline.InsufficientDatanodesException: Cannot create pipeline of factor 3 using 0 nodes.
	at org.apache.hadoop.hdds.scm.pipeline.RatisPipelineProvider.create(RatisPipelineProvider.java:153)
	at org.apache.hadoop.hdds.scm.pipeline.PipelineFactory.create(PipelineFactory.java:58)
	at org.apache.hadoop.hdds.scm.pipeline.SCMPipelineManager.createPipeline(SCMPipelineManager.java:155)
	at org.apache.hadoop.hdds.scm.block.BlockManagerImpl.allocateBlock(BlockManagerImpl.java:198)
	at org.apache.hadoop.hdds.scm.server.SCMBlockProtocolServer.allocateBlock(SCMBlockProtocolServer.java:187)
	at org.apache.hadoop.hdds.scm.protocol.ScmBlockLocationProtocolServerSideTranslatorPB.allocateScmBlock(ScmBlockLocationProtocolServerSideTranslatorPB.java:159)
	at org.apache.hadoop.hdds.scm.protocol.ScmBlockLocationProtocolServerSideTranslatorPB.processMessage(ScmBlockLocationProtocolServerSideTranslatorPB.java:117)
	at org.apache.hadoop.hdds.server.OzoneProtocolMessageDispatcher.processRequest(OzoneProtocolMessageDispatcher.java:72)
	at org.apache.hadoop.hdds.scm.protocol.ScmBlockLocationProtocolServerSideTranslatorPB.send(ScmBlockLocationProtocolServerSideTranslatorPB.java:98)
	at org.apache.hadoop.hdds.protocol.proto.ScmBlockLocationProtocolProtos$ScmBlockLocationProtocolService$2.callBlockingMethod(ScmBlockLocationProtocolProtos.java:13157)
	at org.apache.hadoop.ipc.ProtobufRpcEngine$Server$ProtoBufRpcInvoker.call(ProtobufRpcEngine.java:524)
	at org.apache.hadoop.ipc.RPC$Server.call(RPC.java:1025)
	at org.apache.hadoop.ipc.Server$RpcCall.run(Server.java:876)
	at org.apache.hadoop.ipc.Server$RpcCall.run(Server.java:822)
	at java.security.AccessController.doPrivileged(Native Method)
	at javax.security.auth.Subject.doAs(Subject.java:422)
	at org.apache.hadoop.security.UserGroupInformation.doAs(UserGroupInformation.java:1730)
	at org.apache.hadoop.ipc.Server$Handler.run(Server.java:2682)
2019-11-15 05:36:53,121 [IPC Server handler 12 on 37651] INFO  block.BlockManagerImpl (BlockManagerImpl.java:allocateBlock(212)) - Could not find available pipeline of type:RATIS and factor:THREE even after retrying
2019-11-15 05:36:53,121 [IPC Server handler 12 on 37651] ERROR block.BlockManagerImpl (BlockManagerImpl.java:allocateBlock(236)) - Unable to allocate a block for the size: 4194304, type: RATIS, factor: THREE
2019-11-15 05:36:53,122 [IPC Server handler 12 on 37651] WARN  block.BlockManagerImpl (BlockManagerImpl.java:allocateBlock(200)) - Pipeline creation failed for type:RATIS factor:THREE. Retrying get pipelines call once.
org.apache.hadoop.hdds.scm.pipeline.InsufficientDatanodesException: Cannot create pipeline of factor 3 using 0 nodes.
	at org.apache.hadoop.hdds.scm.pipeline.RatisPipelineProvider.create(RatisPipelineProvider.java:153)
	at org.apache.hadoop.hdds.scm.pipeline.PipelineFactory.create(PipelineFactory.java:58)
	at org.apache.hadoop.hdds.scm.pipeline.SCMPipelineManager.createPipeline(SCMPipelineManager.java:155)
	at org.apache.hadoop.hdds.scm.block.BlockManagerImpl.allocateBlock(BlockManagerImpl.java:198)
	at org.apache.hadoop.hdds.scm.server.SCMBlockProtocolServer.allocateBlock(SCMBlockProtocolServer.java:187)
	at org.apache.hadoop.hdds.scm.protocol.ScmBlockLocationProtocolServerSideTranslatorPB.allocateScmBlock(ScmBlockLocationProtocolServerSideTranslatorPB.java:159)
	at org.apache.hadoop.hdds.scm.protocol.ScmBlockLocationProtocolServerSideTranslatorPB.processMessage(ScmBlockLocationProtocolServerSideTranslatorPB.java:117)
	at org.apache.hadoop.hdds.server.OzoneProtocolMessageDispatcher.processRequest(OzoneProtocolMessageDispatcher.java:72)
	at org.apache.hadoop.hdds.scm.protocol.ScmBlockLocationProtocolServerSideTranslatorPB.send(ScmBlockLocationProtocolServerSideTranslatorPB.java:98)
	at org.apache.hadoop.hdds.protocol.proto.ScmBlockLocationProtocolProtos$ScmBlockLocationProtocolService$2.callBlockingMethod(ScmBlockLocationProtocolProtos.java:13157)
	at org.apache.hadoop.ipc.ProtobufRpcEngine$Server$ProtoBufRpcInvoker.call(ProtobufRpcEngine.java:524)
	at org.apache.hadoop.ipc.RPC$Server.call(RPC.java:1025)
	at org.apache.hadoop.ipc.Server$RpcCall.run(Server.java:876)
	at org.apache.hadoop.ipc.Server$RpcCall.run(Server.java:822)
	at java.security.AccessController.doPrivileged(Native Method)
	at javax.security.auth.Subject.doAs(Subject.java:422)
	at org.apache.hadoop.security.UserGroupInformation.doAs(UserGroupInformation.java:1730)
	at org.apache.hadoop.ipc.Server$Handler.run(Server.java:2682)
2019-11-15 05:36:53,122 [IPC Server handler 12 on 37651] INFO  block.BlockManagerImpl (BlockManagerImpl.java:allocateBlock(212)) - Could not find available pipeline of type:RATIS and factor:THREE even after retrying
2019-11-15 05:36:53,122 [IPC Server handler 12 on 37651] ERROR block.BlockManagerImpl (BlockManagerImpl.java:allocateBlock(236)) - Unable to allocate a block for the size: 4194304, type: RATIS, factor: THREE
2019-11-15 05:36:53,122 [IPC Server handler 12 on 37651] WARN  block.BlockManagerImpl (BlockManagerImpl.java:allocateBlock(200)) - Pipeline creation failed for type:RATIS factor:THREE. Retrying get pipelines call once.
org.apache.hadoop.hdds.scm.pipeline.InsufficientDatanodesException: Cannot create pipeline of factor 3 using 0 nodes.
	at org.apache.hadoop.hdds.scm.pipeline.RatisPipelineProvider.create(RatisPipelineProvider.java:153)
	at org.apache.hadoop.hdds.scm.pipeline.PipelineFactory.create(PipelineFactory.java:58)
	at org.apache.hadoop.hdds.scm.pipeline.SCMPipelineManager.createPipeline(SCMPipelineManager.java:155)
	at org.apache.hadoop.hdds.scm.block.BlockManagerImpl.allocateBlock(BlockManagerImpl.java:198)
	at org.apache.hadoop.hdds.scm.server.SCMBlockProtocolServer.allocateBlock(SCMBlockProtocolServer.java:187)
	at org.apache.hadoop.hdds.scm.protocol.ScmBlockLocationProtocolServerSideTranslatorPB.allocateScmBlock(ScmBlockLocationProtocolServerSideTranslatorPB.java:159)
	at org.apache.hadoop.hdds.scm.protocol.ScmBlockLocationProtocolServerSideTranslatorPB.processMessage(ScmBlockLocationProtocolServerSideTranslatorPB.java:117)
	at org.apache.hadoop.hdds.server.OzoneProtocolMessageDispatcher.processRequest(OzoneProtocolMessageDispatcher.java:72)
	at org.apache.hadoop.hdds.scm.protocol.ScmBlockLocationProtocolServerSideTranslatorPB.send(ScmBlockLocationProtocolServerSideTranslatorPB.java:98)
	at org.apache.hadoop.hdds.protocol.proto.ScmBlockLocationProtocolProtos$ScmBlockLocationProtocolService$2.callBlockingMethod(ScmBlockLocationProtocolProtos.java:13157)
	at org.apache.hadoop.ipc.ProtobufRpcEngine$Server$ProtoBufRpcInvoker.call(ProtobufRpcEngine.java:524)
	at org.apache.hadoop.ipc.RPC$Server.call(RPC.java:1025)
	at org.apache.hadoop.ipc.Server$RpcCall.run(Server.java:876)
	at org.apache.hadoop.ipc.Server$RpcCall.run(Server.java:822)
	at java.security.AccessController.doPrivileged(Native Method)
	at javax.security.auth.Subject.doAs(Subject.java:422)
	at org.apache.hadoop.security.UserGroupInformation.doAs(UserGroupInformation.java:1730)
	at org.apache.hadoop.ipc.Server$Handler.run(Server.java:2682)
2019-11-15 05:36:53,123 [IPC Server handler 12 on 37651] INFO  block.BlockManagerImpl (BlockManagerImpl.java:allocateBlock(212)) - Could not find available pipeline of type:RATIS and factor:THREE even after retrying
2019-11-15 05:36:53,123 [IPC Server handler 12 on 37651] ERROR block.BlockManagerImpl (BlockManagerImpl.java:allocateBlock(236)) - Unable to allocate a block for the size: 4194304, type: RATIS, factor: THREE
2019-11-15 05:36:53,127 [pool-59-thread-3] ERROR freon.RandomKeyGenerator (RandomKeyGenerator.java:createKey(735)) - Exception while adding key: key-0-99734 in bucket: bucket-0-39938 of volume: vol-0-52343.
INTERNAL_ERROR org.apache.hadoop.ozone.om.exceptions.OMException: Allocated 0 blocks. Requested 5 blocks
	at org.apache.hadoop.ozone.om.protocolPB.OzoneManagerProtocolClientSideTranslatorPB.handleError(OzoneManagerProtocolClientSideTranslatorPB.java:761)
	at org.apache.hadoop.ozone.om.protocolPB.OzoneManagerProtocolClientSideTranslatorPB.openKey(OzoneManagerProtocolClientSideTranslatorPB.java:752)
	at sun.reflect.NativeMethodAccessorImpl.invoke0(Native Method)
	at sun.reflect.NativeMethodAccessorImpl.invoke(NativeMethodAccessorImpl.java:62)
	at sun.reflect.DelegatingMethodAccessorImpl.invoke(DelegatingMethodAccessorImpl.java:43)
	at java.lang.reflect.Method.invoke(Method.java:498)
	at org.apache.hadoop.hdds.tracing.TraceAllMethod.invoke(TraceAllMethod.java:66)
	at com.sun.proxy.$Proxy37.openKey(Unknown Source)
	at org.apache.hadoop.ozone.client.rpc.RpcClient.createKey(RpcClient.java:633)
	at org.apache.hadoop.ozone.client.OzoneBucket.createKey(OzoneBucket.java:325)
	at org.apache.hadoop.ozone.freon.RandomKeyGenerator.createKey(RandomKeyGenerator.java:697)
	at org.apache.hadoop.ozone.freon.RandomKeyGenerator.access$1100(RandomKeyGenerator.java:88)
	at org.apache.hadoop.ozone.freon.RandomKeyGenerator$ObjectCreator.run(RandomKeyGenerator.java:615)
	at java.util.concurrent.Executors$RunnableAdapter.call(Executors.java:511)
	at java.util.concurrent.FutureTask.run(FutureTask.java:266)
	at java.util.concurrent.ThreadPoolExecutor.runWorker(ThreadPoolExecutor.java:1149)
	at java.util.concurrent.ThreadPoolExecutor$Worker.run(ThreadPoolExecutor.java:624)
	at java.lang.Thread.run(Thread.java:748)
 0.00% |?                                                                                                    |  0/1 Time: 0:00:01 0.00% |?                                                                                                    |  0/1 Time: 0:00:02 0.00% |?                                                                                                    |  0/1 Time: 0:00:03 0.00% |?                                                                                                    |  0/1 Time: 0:00:042019-11-15 05:36:58,010 [Thread-487] INFO  impl.FollowerState (FollowerState.java:run(111)) - 83ab7eea-2486-4beb-94b4-d7f00fbd5fbc@group-6CDA6259DECC-FollowerState: change to CANDIDATE, lastRpcTime:5019ms, electionTimeout:5018ms
2019-11-15 05:36:58,011 [Thread-487] INFO  impl.RoleInfo (RoleInfo.java:shutdownFollowerState(121)) - 83ab7eea-2486-4beb-94b4-d7f00fbd5fbc: shutdown FollowerState
2019-11-15 05:36:58,011 [Thread-487] INFO  impl.RaftServerImpl (RaftServerImpl.java:setRole(173)) - 83ab7eea-2486-4beb-94b4-d7f00fbd5fbc@group-6CDA6259DECC: changes role from  FOLLOWER to CANDIDATE at term 0 for changeToCandidate
2019-11-15 05:36:58,011 [Thread-487] INFO  impl.RoleInfo (RoleInfo.java:updateAndGet(143)) - 83ab7eea-2486-4beb-94b4-d7f00fbd5fbc: start LeaderElection
 100.00% |?????????????????????????????????????????????????????????????????????????????????????????????????????|  1/1 Time: 0:00:05
2019-11-15 05:36:58,038 [83ab7eea-2486-4beb-94b4-d7f00fbd5fbc@group-6CDA6259DECC-LeaderElection6] INFO  impl.LeaderElection (LeaderElection.java:askForVotes(178)) - 83ab7eea-2486-4beb-94b4-d7f00fbd5fbc@group-6CDA6259DECC-LeaderElection6: begin an election at term 1 for -1: [3e233443-f0f1-4e61-b8a9-b47569f95910:192.168.69.70:44304, ba3a32cc-462d-433b-80fb-e16a70a9f199:192.168.69.70:46056, 83ab7eea-2486-4beb-94b4-d7f00fbd5fbc:192.168.69.70:38203], old=null
2019-11-15 05:36:58,050 [grpc-default-executor-0] INFO  impl.RaftServerImpl (RaftServerImpl.java:setRole(173)) - 3e233443-f0f1-4e61-b8a9-b47569f95910@group-6CDA6259DECC: changes role from  FOLLOWER to FOLLOWER at term 1 for recognizeCandidate:83ab7eea-2486-4beb-94b4-d7f00fbd5fbc
2019-11-15 05:36:58,050 [grpc-default-executor-3] INFO  impl.RaftServerImpl (RaftServerImpl.java:setRole(173)) - ba3a32cc-462d-433b-80fb-e16a70a9f199@group-6CDA6259DECC: changes role from  FOLLOWER to FOLLOWER at term 1 for recognizeCandidate:83ab7eea-2486-4beb-94b4-d7f00fbd5fbc
2019-11-15 05:36:58,051 [grpc-default-executor-0] INFO  impl.RoleInfo (RoleInfo.java:shutdownFollowerState(121)) - 3e233443-f0f1-4e61-b8a9-b47569f95910: shutdown FollowerState
2019-11-15 05:36:58,051 [grpc-default-executor-3] INFO  impl.RoleInfo (RoleInfo.java:shutdownFollowerState(121)) - ba3a32cc-462d-433b-80fb-e16a70a9f199: shutdown FollowerState
2019-11-15 05:36:58,051 [Thread-485] INFO  impl.FollowerState (FollowerState.java:run(120)) - 3e233443-f0f1-4e61-b8a9-b47569f95910@group-6CDA6259DECC-FollowerState was interrupted: java.lang.InterruptedException: sleep interrupted
2019-11-15 05:36:58,051 [grpc-default-executor-3] INFO  impl.RoleInfo (RoleInfo.java:updateAndGet(143)) - ba3a32cc-462d-433b-80fb-e16a70a9f199: start FollowerState
2019-11-15 05:36:58,051 [grpc-default-executor-0] INFO  impl.RoleInfo (RoleInfo.java:updateAndGet(143)) - 3e233443-f0f1-4e61-b8a9-b47569f95910: start FollowerState
2019-11-15 05:36:58,051 [Thread-483] INFO  impl.FollowerState (FollowerState.java:run(120)) - ba3a32cc-462d-433b-80fb-e16a70a9f199@group-6CDA6259DECC-FollowerState was interrupted: java.lang.InterruptedException: sleep interrupted
2019-11-15 05:36:58,079 [83ab7eea-2486-4beb-94b4-d7f00fbd5fbc@group-6CDA6259DECC-LeaderElection6] INFO  impl.LeaderElection (LeaderElection.java:logAndReturn(56)) - 83ab7eea-2486-4beb-94b4-d7f00fbd5fbc@group-6CDA6259DECC-LeaderElection6: Election PASSED; received 1 response(s) [83ab7eea-2486-4beb-94b4-d7f00fbd5fbc<-ba3a32cc-462d-433b-80fb-e16a70a9f199#0:OK-t1] and 0 exception(s); 83ab7eea-2486-4beb-94b4-d7f00fbd5fbc@group-6CDA6259DECC:t1, leader=null, voted=83ab7eea-2486-4beb-94b4-d7f00fbd5fbc, raftlog=83ab7eea-2486-4beb-94b4-d7f00fbd5fbc@group-6CDA6259DECC-SegmentedRaftLog:OPENED:c-1,f-1,i0, conf=-1: [3e233443-f0f1-4e61-b8a9-b47569f95910:192.168.69.70:44304, ba3a32cc-462d-433b-80fb-e16a70a9f199:192.168.69.70:46056, 83ab7eea-2486-4beb-94b4-d7f00fbd5fbc:192.168.69.70:38203], old=null
2019-11-15 05:36:58,079 [83ab7eea-2486-4beb-94b4-d7f00fbd5fbc@group-6CDA6259DECC-LeaderElection6] INFO  impl.RoleInfo (RoleInfo.java:shutdownLeaderElection(134)) - 83ab7eea-2486-4beb-94b4-d7f00fbd5fbc: shutdown LeaderElection
2019-11-15 05:36:58,080 [83ab7eea-2486-4beb-94b4-d7f00fbd5fbc@group-6CDA6259DECC-LeaderElection6] INFO  impl.RaftServerImpl (RaftServerImpl.java:setRole(173)) - 83ab7eea-2486-4beb-94b4-d7f00fbd5fbc@group-6CDA6259DECC: changes role from CANDIDATE to LEADER at term 1 for changeToLeader
2019-11-15 05:36:58,080 [83ab7eea-2486-4beb-94b4-d7f00fbd5fbc@group-6CDA6259DECC-LeaderElection6] INFO  ratis.XceiverServerRatis (XceiverServerRatis.java:handleLeaderChangedNotification(697)) - Leader change notification received for group: group-6CDA6259DECC with new leaderId: 83ab7eea-2486-4beb-94b4-d7f00fbd5fbc
2019-11-15 05:36:58,081 [83ab7eea-2486-4beb-94b4-d7f00fbd5fbc@group-6CDA6259DECC-LeaderElection6] INFO  impl.RaftServerImpl (ServerState.java:setLeader(255)) - 83ab7eea-2486-4beb-94b4-d7f00fbd5fbc@group-6CDA6259DECC: change Leader from null to 83ab7eea-2486-4beb-94b4-d7f00fbd5fbc at term 1 for becomeLeader, leader elected after 5100ms
2019-11-15 05:36:58,081 [83ab7eea-2486-4beb-94b4-d7f00fbd5fbc@group-6CDA6259DECC-LeaderElection6] INFO  server.RaftServerConfigKeys (ConfUtils.java:logGet(43)) - raft.server.staging.catchup.gap = 1000 (default)
2019-11-15 05:36:58,081 [83ab7eea-2486-4beb-94b4-d7f00fbd5fbc@group-6CDA6259DECC-LeaderElection6] INFO  server.RaftServerConfigKeys (ConfUtils.java:logGet(43)) - raft.server.rpc.sleep.time = 25ms (default)
2019-11-15 05:36:58,082 [83ab7eea-2486-4beb-94b4-d7f00fbd5fbc@group-6CDA6259DECC-LeaderElection6] INFO  server.RaftServerConfigKeys (ConfUtils.java:logGet(43)) - raft.server.write.element-limit = 4096 (default)
2019-11-15 05:36:58,082 [83ab7eea-2486-4beb-94b4-d7f00fbd5fbc@group-6CDA6259DECC-LeaderElection6] INFO  server.RaftServerConfigKeys (ConfUtils.java:logGet(43)) - raft.server.watch.timeout = 10s (default)
2019-11-15 05:36:58,082 [83ab7eea-2486-4beb-94b4-d7f00fbd5fbc@group-6CDA6259DECC-LeaderElection6] INFO  server.RaftServerConfigKeys (ConfUtils.java:logGet(43)) - raft.server.watch.timeout.denomination = 1s (default)
2019-11-15 05:36:58,082 [83ab7eea-2486-4beb-94b4-d7f00fbd5fbc@group-6CDA6259DECC-LeaderElection6] INFO  server.RaftServerConfigKeys (ConfUtils.java:logGet(43)) - raft.server.watch.element-limit = 65536 (default)
2019-11-15 05:36:58,083 [EventQueue-PipelineReportForPipelineReportHandler] INFO  pipeline.PipelineStateManager (PipelineStateManager.java:openPipeline(134)) - Pipeline Pipeline[ Id: 65d9b625-e5ca-4c33-bd26-6cda6259decc, Nodes: ba3a32cc-462d-433b-80fb-e16a70a9f199{ip: 192.168.69.70, host: pr-hdds-2498-sbs7n-842119931, networkLocation: /default-rack, certSerialId: null}3e233443-f0f1-4e61-b8a9-b47569f95910{ip: 192.168.69.70, host: pr-hdds-2498-sbs7n-842119931, networkLocation: /default-rack, certSerialId: null}83ab7eea-2486-4beb-94b4-d7f00fbd5fbc{ip: 192.168.69.70, host: pr-hdds-2498-sbs7n-842119931, networkLocation: /default-rack, certSerialId: null}, Type:RATIS, Factor:THREE, State:OPEN] moved to OPEN state
2019-11-15 05:36:58,083 [83ab7eea-2486-4beb-94b4-d7f00fbd5fbc@group-6CDA6259DECC-LeaderElection6] INFO  server.RaftServerConfigKeys (ConfUtils.java:logGet(43)) - raft.server.log.appender.snapshot.chunk.size.max = 16MB (=16777216) (default)
2019-11-15 05:36:58,084 [83ab7eea-2486-4beb-94b4-d7f00fbd5fbc@group-6CDA6259DECC-LeaderElection6] INFO  server.RaftServerConfigKeys (ConfUtils.java:logGet(43)) - raft.server.log.appender.buffer.byte-limit = 33554432 (custom)
2019-11-15 05:36:58,084 [83ab7eea-2486-4beb-94b4-d7f00fbd5fbc@group-6CDA6259DECC-LeaderElection6] INFO  server.RaftServerConfigKeys (ConfUtils.java:logGet(43)) - raft.server.log.appender.buffer.element-limit = 1 (custom)
2019-11-15 05:36:58,084 [83ab7eea-2486-4beb-94b4-d7f00fbd5fbc@group-6CDA6259DECC-LeaderElection6] INFO  grpc.GrpcConfigKeys$Server (ConfUtils.java:logGet(43)) - raft.grpc.server.leader.outstanding.appends.max = 128 (default)
2019-11-15 05:36:58,085 [83ab7eea-2486-4beb-94b4-d7f00fbd5fbc@group-6CDA6259DECC-LeaderElection6] INFO  server.RaftServerConfigKeys (ConfUtils.java:logGet(43)) - raft.server.rpc.request.timeout = 3000ms (default)
2019-11-15 05:36:58,085 [83ab7eea-2486-4beb-94b4-d7f00fbd5fbc@group-6CDA6259DECC-LeaderElection6] INFO  server.RaftServerConfigKeys (ConfUtils.java:logGet(43)) - raft.server.log.appender.install.snapshot.enabled = false (custom)
2019-11-15 05:36:58,085 [83ab7eea-2486-4beb-94b4-d7f00fbd5fbc@group-6CDA6259DECC-LeaderElection6] WARN  impl.MetricRegistriesImpl (MetricRegistriesImpl.java:lambda$create$1(61)) - First MetricRegistry has been created without registering reporters. You may need to call MetricRegistries.global().addReportRegistration(...) before.
2019-11-15 05:36:58,086 [83ab7eea-2486-4beb-94b4-d7f00fbd5fbc@group-6CDA6259DECC-LeaderElection6] INFO  server.RaftServerConfigKeys (ConfUtils.java:logGet(43)) - raft.server.log.appender.snapshot.chunk.size.max = 16MB (=16777216) (default)
2019-11-15 05:36:58,086 [83ab7eea-2486-4beb-94b4-d7f00fbd5fbc@group-6CDA6259DECC-LeaderElection6] INFO  server.RaftServerConfigKeys (ConfUtils.java:logGet(43)) - raft.server.log.appender.buffer.byte-limit = 33554432 (custom)
2019-11-15 05:36:58,086 [83ab7eea-2486-4beb-94b4-d7f00fbd5fbc@group-6CDA6259DECC-LeaderElection6] INFO  server.RaftServerConfigKeys (ConfUtils.java:logGet(43)) - raft.server.log.appender.buffer.element-limit = 1 (custom)
2019-11-15 05:36:58,086 [83ab7eea-2486-4beb-94b4-d7f00fbd5fbc@group-6CDA6259DECC-LeaderElection6] INFO  grpc.GrpcConfigKeys$Server (ConfUtils.java:logGet(43)) - raft.grpc.server.leader.outstanding.appends.max = 128 (default)
2019-11-15 05:36:58,087 [83ab7eea-2486-4beb-94b4-d7f00fbd5fbc@group-6CDA6259DECC-LeaderElection6] INFO  server.RaftServerConfigKeys (ConfUtils.java:logGet(43)) - raft.server.rpc.request.timeout = 3000ms (default)
2019-11-15 05:36:58,087 [83ab7eea-2486-4beb-94b4-d7f00fbd5fbc@group-6CDA6259DECC-LeaderElection6] INFO  server.RaftServerConfigKeys (ConfUtils.java:logGet(43)) - raft.server.log.appender.install.snapshot.enabled = false (custom)
2019-11-15 05:36:58,087 [83ab7eea-2486-4beb-94b4-d7f00fbd5fbc@group-6CDA6259DECC-LeaderElection6] INFO  impl.RoleInfo (RoleInfo.java:updateAndGet(143)) - 83ab7eea-2486-4beb-94b4-d7f00fbd5fbc: start LeaderState
2019-11-15 05:36:58,088 [83ab7eea-2486-4beb-94b4-d7f00fbd5fbc@group-6CDA6259DECC-LeaderElection6] INFO  segmented.SegmentedRaftLogWorker (SegmentedRaftLogWorker.java:startLogSegment(385)) - 83ab7eea-2486-4beb-94b4-d7f00fbd5fbc@group-6CDA6259DECC-SegmentedRaftLogWorker: Starting segment from index:0
2019-11-15 05:36:58,089 [83ab7eea-2486-4beb-94b4-d7f00fbd5fbc@group-6CDA6259DECC-LeaderElection6] INFO  impl.RaftServerImpl (ServerState.java:setRaftConf(356)) - 83ab7eea-2486-4beb-94b4-d7f00fbd5fbc@group-6CDA6259DECC: set configuration 0: [3e233443-f0f1-4e61-b8a9-b47569f95910:192.168.69.70:44304, ba3a32cc-462d-433b-80fb-e16a70a9f199:192.168.69.70:46056, 83ab7eea-2486-4beb-94b4-d7f00fbd5fbc:192.168.69.70:38203], old=null at 0
2019-11-15 05:36:58,119 [grpc-default-executor-0] INFO  ratis.XceiverServerRatis (XceiverServerRatis.java:handleLeaderChangedNotification(697)) - Leader change notification received for group: group-6CDA6259DECC with new leaderId: 83ab7eea-2486-4beb-94b4-d7f00fbd5fbc
2019-11-15 05:36:58,119 [grpc-default-executor-3] INFO  ratis.XceiverServerRatis (XceiverServerRatis.java:handleLeaderChangedNotification(697)) - Leader change notification received for group: group-6CDA6259DECC with new leaderId: 83ab7eea-2486-4beb-94b4-d7f00fbd5fbc
2019-11-15 05:36:58,120 [grpc-default-executor-0] INFO  impl.RaftServerImpl (ServerState.java:setLeader(255)) - 3e233443-f0f1-4e61-b8a9-b47569f95910@group-6CDA6259DECC: change Leader from null to 83ab7eea-2486-4beb-94b4-d7f00fbd5fbc at term 1 for appendEntries, leader elected after 5139ms
2019-11-15 05:36:58,120 [grpc-default-executor-3] INFO  impl.RaftServerImpl (ServerState.java:setLeader(255)) - ba3a32cc-462d-433b-80fb-e16a70a9f199@group-6CDA6259DECC: change Leader from null to 83ab7eea-2486-4beb-94b4-d7f00fbd5fbc at term 1 for appendEntries, leader elected after 5139ms
2019-11-15 05:36:58,124 [grpc-default-executor-3] INFO  impl.RaftServerImpl (ServerState.java:setRaftConf(356)) - ba3a32cc-462d-433b-80fb-e16a70a9f199@group-6CDA6259DECC: set configuration 0: [3e233443-f0f1-4e61-b8a9-b47569f95910:192.168.69.70:44304, ba3a32cc-462d-433b-80fb-e16a70a9f199:192.168.69.70:46056, 83ab7eea-2486-4beb-94b4-d7f00fbd5fbc:192.168.69.70:38203], old=null at 0
2019-11-15 05:36:58,124 [grpc-default-executor-0] INFO  impl.RaftServerImpl (ServerState.java:setRaftConf(356)) - 3e233443-f0f1-4e61-b8a9-b47569f95910@group-6CDA6259DECC: set configuration 0: [3e233443-f0f1-4e61-b8a9-b47569f95910:192.168.69.70:44304, ba3a32cc-462d-433b-80fb-e16a70a9f199:192.168.69.70:46056, 83ab7eea-2486-4beb-94b4-d7f00fbd5fbc:192.168.69.70:38203], old=null at 0
2019-11-15 05:36:58,125 [grpc-default-executor-3] INFO  segmented.SegmentedRaftLogWorker (SegmentedRaftLogWorker.java:startLogSegment(385)) - ba3a32cc-462d-433b-80fb-e16a70a9f199@group-6CDA6259DECC-SegmentedRaftLogWorker: Starting segment from index:0
2019-11-15 05:36:58,125 [grpc-default-executor-0] INFO  segmented.SegmentedRaftLogWorker (SegmentedRaftLogWorker.java:startLogSegment(385)) - 3e233443-f0f1-4e61-b8a9-b47569f95910@group-6CDA6259DECC-SegmentedRaftLogWorker: Starting segment from index:0
2019-11-15 05:36:58,140 [83ab7eea-2486-4beb-94b4-d7f00fbd5fbc@group-6CDA6259DECC-SegmentedRaftLogWorker] INFO  segmented.SegmentedRaftLogWorker (SegmentedRaftLogWorker.java:execute(576)) - 83ab7eea-2486-4beb-94b4-d7f00fbd5fbc@group-6CDA6259DECC-SegmentedRaftLogWorker: created new log segment /workdir/hadoop-ozone/tools/target/test-dir/MiniOzoneClusterImpl-52992b3b-5a88-4474-8d71-6c2c95d3246e/datanode-1/data/ratis/65d9b625-e5ca-4c33-bd26-6cda6259decc/current/log_inprogress_0
2019-11-15 05:36:58,163 [ba3a32cc-462d-433b-80fb-e16a70a9f199@group-6CDA6259DECC-SegmentedRaftLogWorker] INFO  segmented.SegmentedRaftLogWorker (SegmentedRaftLogWorker.java:execute(576)) - ba3a32cc-462d-433b-80fb-e16a70a9f199@group-6CDA6259DECC-SegmentedRaftLogWorker: created new log segment /workdir/hadoop-ozone/tools/target/test-dir/MiniOzoneClusterImpl-52992b3b-5a88-4474-8d71-6c2c95d3246e/datanode-0/data/ratis/65d9b625-e5ca-4c33-bd26-6cda6259decc/current/log_inprogress_0
2019-11-15 05:36:58,175 [3e233443-f0f1-4e61-b8a9-b47569f95910@group-6CDA6259DECC-SegmentedRaftLogWorker] INFO  segmented.SegmentedRaftLogWorker (SegmentedRaftLogWorker.java:execute(576)) - 3e233443-f0f1-4e61-b8a9-b47569f95910@group-6CDA6259DECC-SegmentedRaftLogWorker: created new log segment /workdir/hadoop-ozone/tools/target/test-dir/MiniOzoneClusterImpl-52992b3b-5a88-4474-8d71-6c2c95d3246e/datanode-2/data/ratis/65d9b625-e5ca-4c33-bd26-6cda6259decc/current/log_inprogress_0
]]></system-out>
    <system-err><![CDATA[ERROR StatusLogger No Log4j 2 configuration file found. Using default configuration (logging only errors to the console), or user programmatically provided configurations. Set system property 'log4j2.debug' to show Log4j 2 internal initialization logging. See https://logging.apache.org/log4j/2.x/manual/configuration.html for instructions on how to configure Log4j 2
]]></system-err>
  </testcase>
</testsuite>