<?xml version="1.0" encoding="UTF-8"?>
<testsuite xmlns:xsi="http://www.w3.org/2001/XMLSchema-instance" xsi:noNamespaceSchemaLocation="https://maven.apache.org/surefire/maven-surefire-plugin/xsd/surefire-test-report.xsd" name="org.apache.hadoop.ozone.freon.TestFreonWithPipelineDestroy" time="49.026" tests="1" errors="1" skipped="0" failures="0">
  <properties>
    <property name="awt.toolkit" value="sun.awt.X11.XToolkit"/>
    <property name="file.encoding.pkg" value="sun.io"/>
    <property name="java.specification.version" value="1.8"/>
    <property name="sun.cpu.isalist" value=""/>
    <property name="sun.jnu.encoding" value="ANSI_X3.4-1968"/>
    <property name="java.class.path" value="/workdir/hadoop-ozone/tools/target/test-classes:/workdir/hadoop-ozone/tools/target/classes:/home/user/.m2/repository/org/apache/hadoop/hadoop-ozone-ozone-manager/0.5.0-SNAPSHOT/hadoop-ozone-ozone-manager-0.5.0-SNAPSHOT.jar:/home/user/.m2/repository/org/apache/hadoop/hadoop-hdds-docs/0.5.0-SNAPSHOT/hadoop-hdds-docs-0.5.0-SNAPSHOT.jar:/home/user/.m2/repository/org/bouncycastle/bcprov-jdk15on/1.60/bcprov-jdk15on-1.60.jar:/home/user/.m2/repository/org/apache/hadoop/hadoop-ozone-common/0.5.0-SNAPSHOT/hadoop-ozone-common-0.5.0-SNAPSHOT.jar:/home/user/.m2/repository/org/apache/commons/commons-compress/1.4.1/commons-compress-1.4.1.jar:/home/user/.m2/repository/org/tukaani/xz/1.0/xz-1.0.jar:/home/user/.m2/repository/org/apache/hadoop/hadoop-hdfs-client/3.2.0/hadoop-hdfs-client-3.2.0.jar:/home/user/.m2/repository/com/fasterxml/jackson/core/jackson-annotations/2.9.9/jackson-annotations-2.9.9.jar:/home/user/.m2/repository/org/apache/hadoop/hadoop-hdds-common/0.5.0-SNAPSHOT/hadoop-hdds-common-0.5.0-SNAPSHOT.jar:/home/user/.m2/repository/org/apache/hadoop/hadoop-hdds-config/0.5.0-SNAPSHOT/hadoop-hdds-config-0.5.0-SNAPSHOT.jar:/home/user/.m2/repository/javax/annotation/javax.annotation-api/1.2/javax.annotation-api-1.2.jar:/home/user/.m2/repository/org/apache/ratis/ratis-server/0.5.0-d6d58d0-SNAPSHOT/ratis-server-0.5.0-d6d58d0-SNAPSHOT.jar:/home/user/.m2/repository/org/apache/ratis/ratis-thirdparty-misc/0.2.0/ratis-thirdparty-misc-0.2.0.jar:/home/user/.m2/repository/org/apache/ratis/ratis-proto/0.5.0-d6d58d0-SNAPSHOT/ratis-proto-0.5.0-d6d58d0-SNAPSHOT.jar:/home/user/.m2/repository/org/apache/ratis/ratis-common/0.5.0-d6d58d0-SNAPSHOT/ratis-common-0.5.0-d6d58d0-SNAPSHOT.jar:/home/user/.m2/repository/org/apache/ratis/ratis-client/0.5.0-d6d58d0-SNAPSHOT/ratis-client-0.5.0-d6d58d0-SNAPSHOT.jar:/home/user/.m2/repository/org/apache/ratis/ratis-metrics/0.5.0-d6d58d0-SNAPSHOT/ratis-metrics-0.5.0-d6d58d0-SNAPSHOT.jar:/home/user/.m2/repository/org/apache/ratis/ratis-netty/0.5.0-d6d58d0-SNAPSHOT/ratis-netty-0.5.0-d6d58d0-SNAPSHOT.jar:/home/user/.m2/repository/org/apache/ratis/ratis-grpc/0.5.0-d6d58d0-SNAPSHOT/ratis-grpc-0.5.0-d6d58d0-SNAPSHOT.jar:/home/user/.m2/repository/org/rocksdb/rocksdbjni/6.0.1/rocksdbjni-6.0.1.jar:/home/user/.m2/repository/org/apache/logging/log4j/log4j-api/2.11.0/log4j-api-2.11.0.jar:/home/user/.m2/repository/org/apache/logging/log4j/log4j-core/2.11.0/log4j-core-2.11.0.jar:/home/user/.m2/repository/com/lmax/disruptor/3.4.2/disruptor-3.4.2.jar:/home/user/.m2/repository/org/apache/commons/commons-pool2/2.6.0/commons-pool2-2.6.0.jar:/home/user/.m2/repository/org/bouncycastle/bcpkix-jdk15on/1.60/bcpkix-jdk15on-1.60.jar:/home/user/.m2/repository/commons-validator/commons-validator/1.6/commons-validator-1.6.jar:/home/user/.m2/repository/commons-digester/commons-digester/1.8.1/commons-digester-1.8.1.jar:/home/user/.m2/repository/io/jaegertracing/jaeger-client/0.34.0/jaeger-client-0.34.0.jar:/home/user/.m2/repository/io/jaegertracing/jaeger-thrift/0.34.0/jaeger-thrift-0.34.0.jar:/home/user/.m2/repository/org/apache/thrift/libthrift/0.12.0/libthrift-0.12.0.jar:/home/user/.m2/repository/com/squareup/okhttp3/okhttp/3.9.0/okhttp-3.9.0.jar:/home/user/.m2/repository/com/squareup/okio/okio/1.13.0/okio-1.13.0.jar:/home/user/.m2/repository/io/jaegertracing/jaeger-core/0.34.0/jaeger-core-0.34.0.jar:/home/user/.m2/repository/io/jaegertracing/jaeger-tracerresolver/0.34.0/jaeger-tracerresolver-0.34.0.jar:/home/user/.m2/repository/io/opentracing/contrib/opentracing-tracerresolver/0.1.5/opentracing-tracerresolver-0.1.5.jar:/home/user/.m2/repository/io/opentracing/opentracing-util/0.31.0/opentracing-util-0.31.0.jar:/home/user/.m2/repository/io/opentracing/opentracing-api/0.31.0/opentracing-api-0.31.0.jar:/home/user/.m2/repository/io/opentracing/opentracing-noop/0.31.0/opentracing-noop-0.31.0.jar:/home/user/.m2/repository/org/yaml/snakeyaml/1.16/snakeyaml-1.16.jar:/home/user/.m2/repository/org/apache/hadoop/hadoop-hdds-container-service/0.5.0-SNAPSHOT/hadoop-hdds-container-service-0.5.0-SNAPSHOT.jar:/home/user/.m2/repository/org/apache/hadoop/hadoop-hdds-client/0.5.0-SNAPSHOT/hadoop-hdds-client-0.5.0-SNAPSHOT.jar:/home/user/.m2/repository/org/apache/hadoop/hadoop-hdds-tools/0.5.0-SNAPSHOT/hadoop-hdds-tools-0.5.0-SNAPSHOT.jar:/home/user/.m2/repository/org/xerial/sqlite-jdbc/3.25.2/sqlite-jdbc-3.25.2.jar:/home/user/.m2/repository/org/apache/hadoop/hadoop-hdds-server-scm/0.5.0-SNAPSHOT/hadoop-hdds-server-scm-0.5.0-SNAPSHOT.jar:/home/user/.m2/repository/org/hamcrest/hamcrest-all/1.3/hamcrest-all-1.3.jar:/home/user/.m2/repository/info/picocli/picocli/3.9.6/picocli-3.9.6.jar:/home/user/.m2/repository/com/google/protobuf/protobuf-java/2.5.0/protobuf-java-2.5.0.jar:/home/user/.m2/repository/com/google/guava/guava/11.0.2/guava-11.0.2.jar:/home/user/.m2/repository/org/apache/hadoop/hadoop-ozone-client/0.5.0-SNAPSHOT/hadoop-ozone-client-0.5.0-SNAPSHOT.jar:/workdir/hadoop-ozone/ozonefs/target/classes:/home/user/.m2/repository/org/apache/httpcomponents/httpclient/4.5.2/httpclient-4.5.2.jar:/home/user/.m2/repository/org/apache/httpcomponents/httpcore/4.4.4/httpcore-4.4.4.jar:/home/user/.m2/repository/org/apache/hadoop/hadoop-hdds-server-framework/0.5.0-SNAPSHOT/hadoop-hdds-server-framework-0.5.0-SNAPSHOT.jar:/home/user/.m2/repository/org/apache/hadoop/hadoop-common/3.2.0/hadoop-common-3.2.0.jar:/home/user/.m2/repository/org/apache/hadoop/hadoop-annotations/3.2.0/hadoop-annotations-3.2.0.jar:/usr/lib/jvm/java-1.8.0-openjdk-1.8.0.222.b10-1.el7_7.x86_64/jre/../lib/tools.jar:/home/user/.m2/repository/commons-cli/commons-cli/1.2/commons-cli-1.2.jar:/home/user/.m2/repository/org/apache/commons/commons-math3/3.1.1/commons-math3-3.1.1.jar:/home/user/.m2/repository/commons-codec/commons-codec/1.11/commons-codec-1.11.jar:/home/user/.m2/repository/commons-io/commons-io/2.5/commons-io-2.5.jar:/home/user/.m2/repository/commons-net/commons-net/3.6/commons-net-3.6.jar:/home/user/.m2/repository/commons-collections/commons-collections/3.2.2/commons-collections-3.2.2.jar:/home/user/.m2/repository/javax/servlet/javax.servlet-api/3.1.0/javax.servlet-api-3.1.0.jar:/home/user/.m2/repository/org/eclipse/jetty/jetty-server/9.3.25.v20180904/jetty-server-9.3.25.v20180904.jar:/home/user/.m2/repository/org/eclipse/jetty/jetty-http/9.3.25.v20180904/jetty-http-9.3.25.v20180904.jar:/home/user/.m2/repository/org/eclipse/jetty/jetty-io/9.3.25.v20180904/jetty-io-9.3.25.v20180904.jar:/home/user/.m2/repository/org/eclipse/jetty/jetty-util/9.3.25.v20180904/jetty-util-9.3.25.v20180904.jar:/home/user/.m2/repository/org/eclipse/jetty/jetty-servlet/9.3.25.v20180904/jetty-servlet-9.3.25.v20180904.jar:/home/user/.m2/repository/org/eclipse/jetty/jetty-security/9.3.25.v20180904/jetty-security-9.3.25.v20180904.jar:/home/user/.m2/repository/org/eclipse/jetty/jetty-webapp/9.3.25.v20180904/jetty-webapp-9.3.25.v20180904.jar:/home/user/.m2/repository/org/eclipse/jetty/jetty-xml/9.3.25.v20180904/jetty-xml-9.3.25.v20180904.jar:/home/user/.m2/repository/javax/servlet/jsp/jsp-api/2.1/jsp-api-2.1.jar:/home/user/.m2/repository/com/sun/jersey/jersey-core/1.19/jersey-core-1.19.jar:/home/user/.m2/repository/javax/ws/rs/jsr311-api/1.1.1/jsr311-api-1.1.1.jar:/home/user/.m2/repository/com/sun/jersey/jersey-servlet/1.19/jersey-servlet-1.19.jar:/home/user/.m2/repository/com/sun/jersey/jersey-json/1.19/jersey-json-1.19.jar:/home/user/.m2/repository/org/codehaus/jettison/jettison/1.1/jettison-1.1.jar:/home/user/.m2/repository/com/sun/xml/bind/jaxb-impl/2.3.0.1/jaxb-impl-2.3.0.1.jar:/home/user/.m2/repository/org/codehaus/jackson/jackson-core-asl/1.9.13/jackson-core-asl-1.9.13.jar:/home/user/.m2/repository/org/codehaus/jackson/jackson-mapper-asl/1.9.13/jackson-mapper-asl-1.9.13.jar:/home/user/.m2/repository/org/codehaus/jackson/jackson-jaxrs/1.9.13/jackson-jaxrs-1.9.13.jar:/home/user/.m2/repository/org/codehaus/jackson/jackson-xc/1.9.13/jackson-xc-1.9.13.jar:/home/user/.m2/repository/com/sun/jersey/jersey-server/1.19/jersey-server-1.19.jar:/home/user/.m2/repository/commons-logging/commons-logging/1.1.3/commons-logging-1.1.3.jar:/home/user/.m2/repository/log4j/log4j/1.2.17/log4j-1.2.17.jar:/home/user/.m2/repository/commons-beanutils/commons-beanutils/1.9.4/commons-beanutils-1.9.4.jar:/home/user/.m2/repository/org/apache/commons/commons-configuration2/2.1.1/commons-configuration2-2.1.1.jar:/home/user/.m2/repository/org/apache/commons/commons-lang3/3.7/commons-lang3-3.7.jar:/home/user/.m2/repository/org/apache/commons/commons-text/1.4/commons-text-1.4.jar:/home/user/.m2/repository/org/slf4j/slf4j-api/1.7.25/slf4j-api-1.7.25.jar:/home/user/.m2/repository/org/slf4j/slf4j-log4j12/1.7.25/slf4j-log4j12-1.7.25.jar:/home/user/.m2/repository/org/apache/avro/avro/1.7.7/avro-1.7.7.jar:/home/user/.m2/repository/com/thoughtworks/paranamer/paranamer/2.3/paranamer-2.3.jar:/home/user/.m2/repository/org/xerial/snappy/snappy-java/1.0.5/snappy-java-1.0.5.jar:/home/user/.m2/repository/com/google/re2j/re2j/1.1/re2j-1.1.jar:/home/user/.m2/repository/com/google/code/gson/gson/2.2.4/gson-2.2.4.jar:/home/user/.m2/repository/org/apache/hadoop/hadoop-auth/3.2.0/hadoop-auth-3.2.0.jar:/home/user/.m2/repository/com/nimbusds/nimbus-jose-jwt/4.41.1/nimbus-jose-jwt-4.41.1.jar:/home/user/.m2/repository/com/github/stephenc/jcip/jcip-annotations/1.0-1/jcip-annotations-1.0-1.jar:/home/user/.m2/repository/net/minidev/json-smart/2.3/json-smart-2.3.jar:/home/user/.m2/repository/net/minidev/accessors-smart/1.2/accessors-smart-1.2.jar:/home/user/.m2/repository/org/apache/curator/curator-framework/2.12.0/curator-framework-2.12.0.jar:/home/user/.m2/repository/com/jcraft/jsch/0.1.54/jsch-0.1.54.jar:/home/user/.m2/repository/org/apache/curator/curator-client/2.12.0/curator-client-2.12.0.jar:/home/user/.m2/repository/org/apache/curator/curator-recipes/2.12.0/curator-recipes-2.12.0.jar:/home/user/.m2/repository/com/google/code/findbugs/jsr305/3.0.0/jsr305-3.0.0.jar:/home/user/.m2/repository/org/apache/htrace/htrace-core4/4.1.0-incubating/htrace-core4-4.1.0-incubating.jar:/home/user/.m2/repository/org/apache/zookeeper/zookeeper/3.4.13/zookeeper-3.4.13.jar:/home/user/.m2/repository/jline/jline/0.9.94/jline-0.9.94.jar:/home/user/.m2/repository/org/apache/yetus/audience-annotations/0.5.0/audience-annotations-0.5.0.jar:/home/user/.m2/repository/org/apache/kerby/kerb-simplekdc/1.0.1/kerb-simplekdc-1.0.1.jar:/home/user/.m2/repository/org/apache/kerby/kerb-client/1.0.1/kerb-client-1.0.1.jar:/home/user/.m2/repository/org/apache/kerby/kerby-config/1.0.1/kerby-config-1.0.1.jar:/home/user/.m2/repository/org/apache/kerby/kerb-core/1.0.1/kerb-core-1.0.1.jar:/home/user/.m2/repository/org/apache/kerby/kerby-pkix/1.0.1/kerby-pkix-1.0.1.jar:/home/user/.m2/repository/org/apache/kerby/kerby-asn1/1.0.1/kerby-asn1-1.0.1.jar:/home/user/.m2/repository/org/apache/kerby/kerby-util/1.0.1/kerby-util-1.0.1.jar:/home/user/.m2/repository/org/apache/kerby/kerb-common/1.0.1/kerb-common-1.0.1.jar:/home/user/.m2/repository/org/apache/kerby/kerb-crypto/1.0.1/kerb-crypto-1.0.1.jar:/home/user/.m2/repository/org/apache/kerby/kerb-util/1.0.1/kerb-util-1.0.1.jar:/home/user/.m2/repository/org/apache/kerby/token-provider/1.0.1/token-provider-1.0.1.jar:/home/user/.m2/repository/org/apache/kerby/kerb-admin/1.0.1/kerb-admin-1.0.1.jar:/home/user/.m2/repository/org/apache/kerby/kerb-server/1.0.1/kerb-server-1.0.1.jar:/home/user/.m2/repository/org/apache/kerby/kerb-identity/1.0.1/kerb-identity-1.0.1.jar:/home/user/.m2/repository/org/apache/kerby/kerby-xdr/1.0.1/kerby-xdr-1.0.1.jar:/home/user/.m2/repository/com/fasterxml/jackson/core/jackson-databind/2.9.9/jackson-databind-2.9.9.jar:/home/user/.m2/repository/com/fasterxml/jackson/core/jackson-core/2.9.9/jackson-core-2.9.9.jar:/home/user/.m2/repository/org/codehaus/woodstox/stax2-api/3.1.4/stax2-api-3.1.4.jar:/home/user/.m2/repository/com/fasterxml/woodstox/woodstox-core/5.0.3/woodstox-core-5.0.3.jar:/home/user/.m2/repository/dnsjava/dnsjava/2.1.7/dnsjava-2.1.7.jar:/home/user/.m2/repository/org/apache/hadoop/hadoop-hdfs/3.2.0/hadoop-hdfs-3.2.0.jar:/home/user/.m2/repository/org/eclipse/jetty/jetty-util-ajax/9.3.25.v20180904/jetty-util-ajax-9.3.25.v20180904.jar:/home/user/.m2/repository/commons-daemon/commons-daemon/1.0.13/commons-daemon-1.0.13.jar:/home/user/.m2/repository/io/netty/netty/3.10.5.Final/netty-3.10.5.Final.jar:/home/user/.m2/repository/io/netty/netty-all/4.0.52.Final/netty-all-4.0.52.Final.jar:/home/user/.m2/repository/org/fusesource/leveldbjni/leveldbjni-all/1.8/leveldbjni-all-1.8.jar:/home/user/.m2/repository/com/sun/xml/bind/jaxb-core/2.3.0.1/jaxb-core-2.3.0.1.jar:/home/user/.m2/repository/javax/xml/bind/jaxb-api/2.3.0/jaxb-api-2.3.0.jar:/home/user/.m2/repository/javax/activation/activation/1.1.1/activation-1.1.1.jar:/home/user/.m2/repository/org/openjdk/jmh/jmh-core/1.19/jmh-core-1.19.jar:/home/user/.m2/repository/net/sf/jopt-simple/jopt-simple/4.6/jopt-simple-4.6.jar:/home/user/.m2/repository/org/openjdk/jmh/jmh-generator-annprocess/1.19/jmh-generator-annprocess-1.19.jar:/home/user/.m2/repository/io/dropwizard/metrics/metrics-core/3.2.4/metrics-core-3.2.4.jar:/home/user/.m2/repository/com/amazonaws/aws-java-sdk-s3/1.11.615/aws-java-sdk-s3-1.11.615.jar:/home/user/.m2/repository/com/amazonaws/aws-java-sdk-kms/1.11.615/aws-java-sdk-kms-1.11.615.jar:/home/user/.m2/repository/com/amazonaws/aws-java-sdk-core/1.11.615/aws-java-sdk-core-1.11.615.jar:/home/user/.m2/repository/software/amazon/ion/ion-java/1.0.2/ion-java-1.0.2.jar:/home/user/.m2/repository/com/fasterxml/jackson/dataformat/jackson-dataformat-cbor/2.9.9/jackson-dataformat-cbor-2.9.9.jar:/home/user/.m2/repository/joda-time/joda-time/2.9.9/joda-time-2.9.9.jar:/home/user/.m2/repository/com/amazonaws/jmespath-java/1.11.615/jmespath-java-1.11.615.jar:/home/user/.m2/repository/com/github/spotbugs/spotbugs/3.1.12/spotbugs-3.1.12.jar:/home/user/.m2/repository/org/ow2/asm/asm/5.0.4/asm-5.0.4.jar:/home/user/.m2/repository/org/ow2/asm/asm-analysis/7.0/asm-analysis-7.0.jar:/home/user/.m2/repository/org/ow2/asm/asm-commons/7.0/asm-commons-7.0.jar:/home/user/.m2/repository/org/ow2/asm/asm-tree/7.0/asm-tree-7.0.jar:/home/user/.m2/repository/org/ow2/asm/asm-util/7.0/asm-util-7.0.jar:/home/user/.m2/repository/org/apache/bcel/bcel/6.3/bcel-6.3.jar:/home/user/.m2/repository/net/jcip/jcip-annotations/1.0/jcip-annotations-1.0.jar:/home/user/.m2/repository/org/dom4j/dom4j/2.1.1/dom4j-2.1.1.jar:/home/user/.m2/repository/jaxen/jaxen/1.1.6/jaxen-1.1.6.jar:/home/user/.m2/repository/commons-lang/commons-lang/2.6/commons-lang-2.6.jar:/home/user/.m2/repository/com/github/spotbugs/spotbugs-annotations/3.1.12/spotbugs-annotations-3.1.12.jar:/home/user/.m2/repository/junit/junit/4.11/junit-4.11.jar:/home/user/.m2/repository/org/hamcrest/hamcrest-core/1.3/hamcrest-core-1.3.jar:/home/user/.m2/repository/org/apache/hadoop/hadoop-common/3.2.0/hadoop-common-3.2.0-tests.jar:/workdir/hadoop-ozone/integration-test/target/test-classes:/home/user/.m2/repository/org/apache/hadoop/hadoop-ozone-s3gateway/0.5.0-SNAPSHOT/hadoop-ozone-s3gateway-0.5.0-SNAPSHOT.jar:/home/user/.m2/repository/org/jboss/weld/servlet/weld-servlet/2.4.7.Final/weld-servlet-2.4.7.Final.jar:/home/user/.m2/repository/org/glassfish/jersey/containers/jersey-container-servlet-core/2.27/jersey-container-servlet-core-2.27.jar:/home/user/.m2/repository/org/glassfish/hk2/external/javax.inject/2.5.0-b42/javax.inject-2.5.0-b42.jar:/home/user/.m2/repository/org/glassfish/jersey/core/jersey-common/2.27/jersey-common-2.27.jar:/home/user/.m2/repository/org/glassfish/hk2/osgi-resource-locator/1.0.1/osgi-resource-locator-1.0.1.jar:/home/user/.m2/repository/javax/ws/rs/javax.ws.rs-api/2.1/javax.ws.rs-api-2.1.jar:/home/user/.m2/repository/org/glassfish/jersey/ext/cdi/jersey-cdi1x/2.27/jersey-cdi1x-2.27.jar:/home/user/.m2/repository/org/glassfish/jersey/inject/jersey-hk2/2.27/jersey-hk2-2.27.jar:/home/user/.m2/repository/org/glassfish/hk2/hk2-locator/2.5.0-b42/hk2-locator-2.5.0-b42.jar:/home/user/.m2/repository/org/javassist/javassist/3.22.0-CR2/javassist-3.22.0-CR2.jar:/home/user/.m2/repository/org/glassfish/hk2/hk2-api/2.5.0/hk2-api-2.5.0.jar:/home/user/.m2/repository/org/glassfish/hk2/external/jakarta.inject/2.5.0/jakarta.inject-2.5.0.jar:/home/user/.m2/repository/org/glassfish/hk2/hk2-utils/2.5.0/hk2-utils-2.5.0.jar:/home/user/.m2/repository/jakarta/annotation/jakarta.annotation-api/1.3.4/jakarta.annotation-api-1.3.4.jar:/home/user/.m2/repository/org/glassfish/hk2/external/aopalliance-repackaged/2.5.0/aopalliance-repackaged-2.5.0.jar:/home/user/.m2/repository/com/fasterxml/jackson/dataformat/jackson-dataformat-xml/2.9.0/jackson-dataformat-xml-2.9.0.jar:/home/user/.m2/repository/com/fasterxml/jackson/module/jackson-module-jaxb-annotations/2.9.9/jackson-module-jaxb-annotations-2.9.9.jar:/home/user/.m2/repository/javax/enterprise/cdi-api/1.2/cdi-api-1.2.jar:/home/user/.m2/repository/javax/el/javax.el-api/3.0.0/javax.el-api-3.0.0.jar:/home/user/.m2/repository/javax/interceptor/javax.interceptor-api/1.2/javax.interceptor-api-1.2.jar:/home/user/.m2/repository/javax/inject/javax.inject/1/javax.inject-1.jar:/home/user/.m2/repository/org/apache/hadoop/hadoop-ozone-csi/0.5.0-SNAPSHOT/hadoop-ozone-csi-0.5.0-SNAPSHOT.jar:/home/user/.m2/repository/com/google/protobuf/protobuf-java-util/3.5.1/protobuf-java-util-3.5.1.jar:/home/user/.m2/repository/io/grpc/grpc-netty/1.17.1/grpc-netty-1.17.1.jar:/home/user/.m2/repository/io/grpc/grpc-core/1.17.1/grpc-core-1.17.1.jar:/home/user/.m2/repository/io/grpc/grpc-context/1.17.1/grpc-context-1.17.1.jar:/home/user/.m2/repository/com/google/errorprone/error_prone_annotations/2.2.0/error_prone_annotations-2.2.0.jar:/home/user/.m2/repository/org/codehaus/mojo/animal-sniffer-annotations/1.17/animal-sniffer-annotations-1.17.jar:/home/user/.m2/repository/io/opencensus/opencensus-api/0.17.0/opencensus-api-0.17.0.jar:/home/user/.m2/repository/io/opencensus/opencensus-contrib-grpc-metrics/0.17.0/opencensus-contrib-grpc-metrics-0.17.0.jar:/home/user/.m2/repository/io/netty/netty-codec-http2/4.1.30.Final/netty-codec-http2-4.1.30.Final.jar:/home/user/.m2/repository/io/netty/netty-codec-http/4.1.30.Final/netty-codec-http-4.1.30.Final.jar:/home/user/.m2/repository/io/netty/netty-codec/4.1.30.Final/netty-codec-4.1.30.Final.jar:/home/user/.m2/repository/io/netty/netty-handler/4.1.30.Final/netty-handler-4.1.30.Final.jar:/home/user/.m2/repository/io/netty/netty-handler-proxy/4.1.30.Final/netty-handler-proxy-4.1.30.Final.jar:/home/user/.m2/repository/io/netty/netty-codec-socks/4.1.30.Final/netty-codec-socks-4.1.30.Final.jar:/home/user/.m2/repository/io/netty/netty-transport-native-epoll/4.1.30.Final/netty-transport-native-epoll-4.1.30.Final.jar:/home/user/.m2/repository/io/netty/netty-common/4.1.30.Final/netty-common-4.1.30.Final.jar:/home/user/.m2/repository/io/netty/netty-buffer/4.1.30.Final/netty-buffer-4.1.30.Final.jar:/home/user/.m2/repository/io/netty/netty-transport/4.1.30.Final/netty-transport-4.1.30.Final.jar:/home/user/.m2/repository/io/netty/netty-resolver/4.1.30.Final/netty-resolver-4.1.30.Final.jar:/home/user/.m2/repository/io/netty/netty-transport-native-unix-common/4.1.30.Final/netty-transport-native-unix-common-4.1.30.Final.jar:/home/user/.m2/repository/io/grpc/grpc-protobuf/1.17.1/grpc-protobuf-1.17.1.jar:/home/user/.m2/repository/com/google/api/grpc/proto-google-common-protos/1.0.0/proto-google-common-protos-1.0.0.jar:/home/user/.m2/repository/io/grpc/grpc-protobuf-lite/1.17.1/grpc-protobuf-lite-1.17.1.jar:/home/user/.m2/repository/io/grpc/grpc-stub/1.17.1/grpc-stub-1.17.1.jar:/home/user/.m2/repository/org/apache/hadoop/hadoop-ozone-recon/0.5.0-SNAPSHOT/hadoop-ozone-recon-0.5.0-SNAPSHOT.jar:/home/user/.m2/repository/org/apache/hadoop/hadoop-ozone-reconcodegen/0.5.0-SNAPSHOT/hadoop-ozone-reconcodegen-0.5.0-SNAPSHOT.jar:/home/user/.m2/repository/com/google/inject/extensions/guice-multibindings/4.0/guice-multibindings-4.0.jar:/home/user/.m2/repository/com/google/inject/guice/4.0/guice-4.0.jar:/home/user/.m2/repository/aopalliance/aopalliance/1.0/aopalliance-1.0.jar:/home/user/.m2/repository/com/google/inject/extensions/guice-servlet/4.0/guice-servlet-4.0.jar:/home/user/.m2/repository/org/glassfish/jersey/containers/jersey-container-servlet/2.27/jersey-container-servlet-2.27.jar:/home/user/.m2/repository/org/glassfish/hk2/guice-bridge/2.5.0/guice-bridge-2.5.0.jar:/home/user/.m2/repository/org/glassfish/jersey/core/jersey-server/2.27/jersey-server-2.27.jar:/home/user/.m2/repository/org/glassfish/jersey/core/jersey-client/2.27/jersey-client-2.27.jar:/home/user/.m2/repository/org/glassfish/jersey/media/jersey-media-jaxb/2.27/jersey-media-jaxb-2.27.jar:/home/user/.m2/repository/javax/validation/validation-api/1.1.0.Final/validation-api-1.1.0.Final.jar:/home/user/.m2/repository/org/glassfish/jersey/media/jersey-media-json-jackson/2.27/jersey-media-json-jackson-2.27.jar:/home/user/.m2/repository/org/glassfish/jersey/ext/jersey-entity-filtering/2.27/jersey-entity-filtering-2.27.jar:/home/user/.m2/repository/com/google/inject/extensions/guice-assistedinject/4.0/guice-assistedinject-4.0.jar:/home/user/.m2/repository/org/jooq/jooq/3.11.10/jooq-3.11.10.jar:/home/user/.m2/repository/org/jooq/jooq-meta/3.11.10/jooq-meta-3.11.10.jar:/home/user/.m2/repository/org/jooq/jooq-codegen/3.11.10/jooq-codegen-3.11.10.jar:/home/user/.m2/repository/com/jolbox/bonecp/0.8.0.RELEASE/bonecp-0.8.0.RELEASE.jar:/home/user/.m2/repository/org/springframework/spring-jdbc/5.1.3.RELEASE/spring-jdbc-5.1.3.RELEASE.jar:/home/user/.m2/repository/org/springframework/spring-beans/5.1.3.RELEASE/spring-beans-5.1.3.RELEASE.jar:/home/user/.m2/repository/org/springframework/spring-core/5.1.3.RELEASE/spring-core-5.1.3.RELEASE.jar:/home/user/.m2/repository/org/springframework/spring-jcl/5.1.3.RELEASE/spring-jcl-5.1.3.RELEASE.jar:/home/user/.m2/repository/org/springframework/spring-tx/5.1.3.RELEASE/spring-tx-5.1.3.RELEASE.jar:/home/user/.m2/repository/org/mockito/mockito-core/2.15.0/mockito-core-2.15.0.jar:/home/user/.m2/repository/net/bytebuddy/byte-buddy/1.7.9/byte-buddy-1.7.9.jar:/home/user/.m2/repository/net/bytebuddy/byte-buddy-agent/1.7.9/byte-buddy-agent-1.7.9.jar:/home/user/.m2/repository/org/objenesis/objenesis/1.0/objenesis-1.0.jar:"/>
    <property name="java.vm.vendor" value="Oracle Corporation"/>
    <property name="sun.arch.data.model" value="64"/>
    <property name="test.build.dir" value="/workdir/hadoop-ozone/tools/target/test-dir"/>
    <property name="test.cache.data" value=""/>
    <property name="java.vendor.url" value="http://java.oracle.com/"/>
    <property name="user.timezone" value=""/>
    <property name="java.vm.specification.version" value="1.8"/>
    <property name="os.name" value="Linux"/>
    <property name="test.build.data" value="/workdir/hadoop-ozone/tools/target/test-dir"/>
    <property name="user.country" value="US"/>
    <property name="sun.java.launcher" value="SUN_STANDARD"/>
    <property name="sun.boot.library.path" value="/usr/lib/jvm/java-1.8.0-openjdk-1.8.0.222.b10-1.el7_7.x86_64/jre/lib/amd64"/>
    <property name="sun.java.command" value="/workdir/hadoop-ozone/tools/target/surefire/surefirebooter768026035039916198.jar /workdir/hadoop-ozone/tools/target/surefire 2019-11-14T03-13-26_644-jvmRun1 surefire5990243178336920021tmp surefire_98527797915560769973tmp"/>
    <property name="surefire.test.class.path" value="/workdir/hadoop-ozone/tools/target/test-classes:/workdir/hadoop-ozone/tools/target/classes:/home/user/.m2/repository/org/apache/hadoop/hadoop-ozone-ozone-manager/0.5.0-SNAPSHOT/hadoop-ozone-ozone-manager-0.5.0-SNAPSHOT.jar:/home/user/.m2/repository/org/apache/hadoop/hadoop-hdds-docs/0.5.0-SNAPSHOT/hadoop-hdds-docs-0.5.0-SNAPSHOT.jar:/home/user/.m2/repository/org/bouncycastle/bcprov-jdk15on/1.60/bcprov-jdk15on-1.60.jar:/home/user/.m2/repository/org/apache/hadoop/hadoop-ozone-common/0.5.0-SNAPSHOT/hadoop-ozone-common-0.5.0-SNAPSHOT.jar:/home/user/.m2/repository/org/apache/commons/commons-compress/1.4.1/commons-compress-1.4.1.jar:/home/user/.m2/repository/org/tukaani/xz/1.0/xz-1.0.jar:/home/user/.m2/repository/org/apache/hadoop/hadoop-hdfs-client/3.2.0/hadoop-hdfs-client-3.2.0.jar:/home/user/.m2/repository/com/fasterxml/jackson/core/jackson-annotations/2.9.9/jackson-annotations-2.9.9.jar:/home/user/.m2/repository/org/apache/hadoop/hadoop-hdds-common/0.5.0-SNAPSHOT/hadoop-hdds-common-0.5.0-SNAPSHOT.jar:/home/user/.m2/repository/org/apache/hadoop/hadoop-hdds-config/0.5.0-SNAPSHOT/hadoop-hdds-config-0.5.0-SNAPSHOT.jar:/home/user/.m2/repository/javax/annotation/javax.annotation-api/1.2/javax.annotation-api-1.2.jar:/home/user/.m2/repository/org/apache/ratis/ratis-server/0.5.0-d6d58d0-SNAPSHOT/ratis-server-0.5.0-d6d58d0-SNAPSHOT.jar:/home/user/.m2/repository/org/apache/ratis/ratis-thirdparty-misc/0.2.0/ratis-thirdparty-misc-0.2.0.jar:/home/user/.m2/repository/org/apache/ratis/ratis-proto/0.5.0-d6d58d0-SNAPSHOT/ratis-proto-0.5.0-d6d58d0-SNAPSHOT.jar:/home/user/.m2/repository/org/apache/ratis/ratis-common/0.5.0-d6d58d0-SNAPSHOT/ratis-common-0.5.0-d6d58d0-SNAPSHOT.jar:/home/user/.m2/repository/org/apache/ratis/ratis-client/0.5.0-d6d58d0-SNAPSHOT/ratis-client-0.5.0-d6d58d0-SNAPSHOT.jar:/home/user/.m2/repository/org/apache/ratis/ratis-metrics/0.5.0-d6d58d0-SNAPSHOT/ratis-metrics-0.5.0-d6d58d0-SNAPSHOT.jar:/home/user/.m2/repository/org/apache/ratis/ratis-netty/0.5.0-d6d58d0-SNAPSHOT/ratis-netty-0.5.0-d6d58d0-SNAPSHOT.jar:/home/user/.m2/repository/org/apache/ratis/ratis-grpc/0.5.0-d6d58d0-SNAPSHOT/ratis-grpc-0.5.0-d6d58d0-SNAPSHOT.jar:/home/user/.m2/repository/org/rocksdb/rocksdbjni/6.0.1/rocksdbjni-6.0.1.jar:/home/user/.m2/repository/org/apache/logging/log4j/log4j-api/2.11.0/log4j-api-2.11.0.jar:/home/user/.m2/repository/org/apache/logging/log4j/log4j-core/2.11.0/log4j-core-2.11.0.jar:/home/user/.m2/repository/com/lmax/disruptor/3.4.2/disruptor-3.4.2.jar:/home/user/.m2/repository/org/apache/commons/commons-pool2/2.6.0/commons-pool2-2.6.0.jar:/home/user/.m2/repository/org/bouncycastle/bcpkix-jdk15on/1.60/bcpkix-jdk15on-1.60.jar:/home/user/.m2/repository/commons-validator/commons-validator/1.6/commons-validator-1.6.jar:/home/user/.m2/repository/commons-digester/commons-digester/1.8.1/commons-digester-1.8.1.jar:/home/user/.m2/repository/io/jaegertracing/jaeger-client/0.34.0/jaeger-client-0.34.0.jar:/home/user/.m2/repository/io/jaegertracing/jaeger-thrift/0.34.0/jaeger-thrift-0.34.0.jar:/home/user/.m2/repository/org/apache/thrift/libthrift/0.12.0/libthrift-0.12.0.jar:/home/user/.m2/repository/com/squareup/okhttp3/okhttp/3.9.0/okhttp-3.9.0.jar:/home/user/.m2/repository/com/squareup/okio/okio/1.13.0/okio-1.13.0.jar:/home/user/.m2/repository/io/jaegertracing/jaeger-core/0.34.0/jaeger-core-0.34.0.jar:/home/user/.m2/repository/io/jaegertracing/jaeger-tracerresolver/0.34.0/jaeger-tracerresolver-0.34.0.jar:/home/user/.m2/repository/io/opentracing/contrib/opentracing-tracerresolver/0.1.5/opentracing-tracerresolver-0.1.5.jar:/home/user/.m2/repository/io/opentracing/opentracing-util/0.31.0/opentracing-util-0.31.0.jar:/home/user/.m2/repository/io/opentracing/opentracing-api/0.31.0/opentracing-api-0.31.0.jar:/home/user/.m2/repository/io/opentracing/opentracing-noop/0.31.0/opentracing-noop-0.31.0.jar:/home/user/.m2/repository/org/yaml/snakeyaml/1.16/snakeyaml-1.16.jar:/home/user/.m2/repository/org/apache/hadoop/hadoop-hdds-container-service/0.5.0-SNAPSHOT/hadoop-hdds-container-service-0.5.0-SNAPSHOT.jar:/home/user/.m2/repository/org/apache/hadoop/hadoop-hdds-client/0.5.0-SNAPSHOT/hadoop-hdds-client-0.5.0-SNAPSHOT.jar:/home/user/.m2/repository/org/apache/hadoop/hadoop-hdds-tools/0.5.0-SNAPSHOT/hadoop-hdds-tools-0.5.0-SNAPSHOT.jar:/home/user/.m2/repository/org/xerial/sqlite-jdbc/3.25.2/sqlite-jdbc-3.25.2.jar:/home/user/.m2/repository/org/apache/hadoop/hadoop-hdds-server-scm/0.5.0-SNAPSHOT/hadoop-hdds-server-scm-0.5.0-SNAPSHOT.jar:/home/user/.m2/repository/org/hamcrest/hamcrest-all/1.3/hamcrest-all-1.3.jar:/home/user/.m2/repository/info/picocli/picocli/3.9.6/picocli-3.9.6.jar:/home/user/.m2/repository/com/google/protobuf/protobuf-java/2.5.0/protobuf-java-2.5.0.jar:/home/user/.m2/repository/com/google/guava/guava/11.0.2/guava-11.0.2.jar:/home/user/.m2/repository/org/apache/hadoop/hadoop-ozone-client/0.5.0-SNAPSHOT/hadoop-ozone-client-0.5.0-SNAPSHOT.jar:/workdir/hadoop-ozone/ozonefs/target/classes:/home/user/.m2/repository/org/apache/httpcomponents/httpclient/4.5.2/httpclient-4.5.2.jar:/home/user/.m2/repository/org/apache/httpcomponents/httpcore/4.4.4/httpcore-4.4.4.jar:/home/user/.m2/repository/org/apache/hadoop/hadoop-hdds-server-framework/0.5.0-SNAPSHOT/hadoop-hdds-server-framework-0.5.0-SNAPSHOT.jar:/home/user/.m2/repository/org/apache/hadoop/hadoop-common/3.2.0/hadoop-common-3.2.0.jar:/home/user/.m2/repository/org/apache/hadoop/hadoop-annotations/3.2.0/hadoop-annotations-3.2.0.jar:/usr/lib/jvm/java-1.8.0-openjdk-1.8.0.222.b10-1.el7_7.x86_64/jre/../lib/tools.jar:/home/user/.m2/repository/commons-cli/commons-cli/1.2/commons-cli-1.2.jar:/home/user/.m2/repository/org/apache/commons/commons-math3/3.1.1/commons-math3-3.1.1.jar:/home/user/.m2/repository/commons-codec/commons-codec/1.11/commons-codec-1.11.jar:/home/user/.m2/repository/commons-io/commons-io/2.5/commons-io-2.5.jar:/home/user/.m2/repository/commons-net/commons-net/3.6/commons-net-3.6.jar:/home/user/.m2/repository/commons-collections/commons-collections/3.2.2/commons-collections-3.2.2.jar:/home/user/.m2/repository/javax/servlet/javax.servlet-api/3.1.0/javax.servlet-api-3.1.0.jar:/home/user/.m2/repository/org/eclipse/jetty/jetty-server/9.3.25.v20180904/jetty-server-9.3.25.v20180904.jar:/home/user/.m2/repository/org/eclipse/jetty/jetty-http/9.3.25.v20180904/jetty-http-9.3.25.v20180904.jar:/home/user/.m2/repository/org/eclipse/jetty/jetty-io/9.3.25.v20180904/jetty-io-9.3.25.v20180904.jar:/home/user/.m2/repository/org/eclipse/jetty/jetty-util/9.3.25.v20180904/jetty-util-9.3.25.v20180904.jar:/home/user/.m2/repository/org/eclipse/jetty/jetty-servlet/9.3.25.v20180904/jetty-servlet-9.3.25.v20180904.jar:/home/user/.m2/repository/org/eclipse/jetty/jetty-security/9.3.25.v20180904/jetty-security-9.3.25.v20180904.jar:/home/user/.m2/repository/org/eclipse/jetty/jetty-webapp/9.3.25.v20180904/jetty-webapp-9.3.25.v20180904.jar:/home/user/.m2/repository/org/eclipse/jetty/jetty-xml/9.3.25.v20180904/jetty-xml-9.3.25.v20180904.jar:/home/user/.m2/repository/javax/servlet/jsp/jsp-api/2.1/jsp-api-2.1.jar:/home/user/.m2/repository/com/sun/jersey/jersey-core/1.19/jersey-core-1.19.jar:/home/user/.m2/repository/javax/ws/rs/jsr311-api/1.1.1/jsr311-api-1.1.1.jar:/home/user/.m2/repository/com/sun/jersey/jersey-servlet/1.19/jersey-servlet-1.19.jar:/home/user/.m2/repository/com/sun/jersey/jersey-json/1.19/jersey-json-1.19.jar:/home/user/.m2/repository/org/codehaus/jettison/jettison/1.1/jettison-1.1.jar:/home/user/.m2/repository/com/sun/xml/bind/jaxb-impl/2.3.0.1/jaxb-impl-2.3.0.1.jar:/home/user/.m2/repository/org/codehaus/jackson/jackson-core-asl/1.9.13/jackson-core-asl-1.9.13.jar:/home/user/.m2/repository/org/codehaus/jackson/jackson-mapper-asl/1.9.13/jackson-mapper-asl-1.9.13.jar:/home/user/.m2/repository/org/codehaus/jackson/jackson-jaxrs/1.9.13/jackson-jaxrs-1.9.13.jar:/home/user/.m2/repository/org/codehaus/jackson/jackson-xc/1.9.13/jackson-xc-1.9.13.jar:/home/user/.m2/repository/com/sun/jersey/jersey-server/1.19/jersey-server-1.19.jar:/home/user/.m2/repository/commons-logging/commons-logging/1.1.3/commons-logging-1.1.3.jar:/home/user/.m2/repository/log4j/log4j/1.2.17/log4j-1.2.17.jar:/home/user/.m2/repository/commons-beanutils/commons-beanutils/1.9.4/commons-beanutils-1.9.4.jar:/home/user/.m2/repository/org/apache/commons/commons-configuration2/2.1.1/commons-configuration2-2.1.1.jar:/home/user/.m2/repository/org/apache/commons/commons-lang3/3.7/commons-lang3-3.7.jar:/home/user/.m2/repository/org/apache/commons/commons-text/1.4/commons-text-1.4.jar:/home/user/.m2/repository/org/slf4j/slf4j-api/1.7.25/slf4j-api-1.7.25.jar:/home/user/.m2/repository/org/slf4j/slf4j-log4j12/1.7.25/slf4j-log4j12-1.7.25.jar:/home/user/.m2/repository/org/apache/avro/avro/1.7.7/avro-1.7.7.jar:/home/user/.m2/repository/com/thoughtworks/paranamer/paranamer/2.3/paranamer-2.3.jar:/home/user/.m2/repository/org/xerial/snappy/snappy-java/1.0.5/snappy-java-1.0.5.jar:/home/user/.m2/repository/com/google/re2j/re2j/1.1/re2j-1.1.jar:/home/user/.m2/repository/com/google/code/gson/gson/2.2.4/gson-2.2.4.jar:/home/user/.m2/repository/org/apache/hadoop/hadoop-auth/3.2.0/hadoop-auth-3.2.0.jar:/home/user/.m2/repository/com/nimbusds/nimbus-jose-jwt/4.41.1/nimbus-jose-jwt-4.41.1.jar:/home/user/.m2/repository/com/github/stephenc/jcip/jcip-annotations/1.0-1/jcip-annotations-1.0-1.jar:/home/user/.m2/repository/net/minidev/json-smart/2.3/json-smart-2.3.jar:/home/user/.m2/repository/net/minidev/accessors-smart/1.2/accessors-smart-1.2.jar:/home/user/.m2/repository/org/apache/curator/curator-framework/2.12.0/curator-framework-2.12.0.jar:/home/user/.m2/repository/com/jcraft/jsch/0.1.54/jsch-0.1.54.jar:/home/user/.m2/repository/org/apache/curator/curator-client/2.12.0/curator-client-2.12.0.jar:/home/user/.m2/repository/org/apache/curator/curator-recipes/2.12.0/curator-recipes-2.12.0.jar:/home/user/.m2/repository/com/google/code/findbugs/jsr305/3.0.0/jsr305-3.0.0.jar:/home/user/.m2/repository/org/apache/htrace/htrace-core4/4.1.0-incubating/htrace-core4-4.1.0-incubating.jar:/home/user/.m2/repository/org/apache/zookeeper/zookeeper/3.4.13/zookeeper-3.4.13.jar:/home/user/.m2/repository/jline/jline/0.9.94/jline-0.9.94.jar:/home/user/.m2/repository/org/apache/yetus/audience-annotations/0.5.0/audience-annotations-0.5.0.jar:/home/user/.m2/repository/org/apache/kerby/kerb-simplekdc/1.0.1/kerb-simplekdc-1.0.1.jar:/home/user/.m2/repository/org/apache/kerby/kerb-client/1.0.1/kerb-client-1.0.1.jar:/home/user/.m2/repository/org/apache/kerby/kerby-config/1.0.1/kerby-config-1.0.1.jar:/home/user/.m2/repository/org/apache/kerby/kerb-core/1.0.1/kerb-core-1.0.1.jar:/home/user/.m2/repository/org/apache/kerby/kerby-pkix/1.0.1/kerby-pkix-1.0.1.jar:/home/user/.m2/repository/org/apache/kerby/kerby-asn1/1.0.1/kerby-asn1-1.0.1.jar:/home/user/.m2/repository/org/apache/kerby/kerby-util/1.0.1/kerby-util-1.0.1.jar:/home/user/.m2/repository/org/apache/kerby/kerb-common/1.0.1/kerb-common-1.0.1.jar:/home/user/.m2/repository/org/apache/kerby/kerb-crypto/1.0.1/kerb-crypto-1.0.1.jar:/home/user/.m2/repository/org/apache/kerby/kerb-util/1.0.1/kerb-util-1.0.1.jar:/home/user/.m2/repository/org/apache/kerby/token-provider/1.0.1/token-provider-1.0.1.jar:/home/user/.m2/repository/org/apache/kerby/kerb-admin/1.0.1/kerb-admin-1.0.1.jar:/home/user/.m2/repository/org/apache/kerby/kerb-server/1.0.1/kerb-server-1.0.1.jar:/home/user/.m2/repository/org/apache/kerby/kerb-identity/1.0.1/kerb-identity-1.0.1.jar:/home/user/.m2/repository/org/apache/kerby/kerby-xdr/1.0.1/kerby-xdr-1.0.1.jar:/home/user/.m2/repository/com/fasterxml/jackson/core/jackson-databind/2.9.9/jackson-databind-2.9.9.jar:/home/user/.m2/repository/com/fasterxml/jackson/core/jackson-core/2.9.9/jackson-core-2.9.9.jar:/home/user/.m2/repository/org/codehaus/woodstox/stax2-api/3.1.4/stax2-api-3.1.4.jar:/home/user/.m2/repository/com/fasterxml/woodstox/woodstox-core/5.0.3/woodstox-core-5.0.3.jar:/home/user/.m2/repository/dnsjava/dnsjava/2.1.7/dnsjava-2.1.7.jar:/home/user/.m2/repository/org/apache/hadoop/hadoop-hdfs/3.2.0/hadoop-hdfs-3.2.0.jar:/home/user/.m2/repository/org/eclipse/jetty/jetty-util-ajax/9.3.25.v20180904/jetty-util-ajax-9.3.25.v20180904.jar:/home/user/.m2/repository/commons-daemon/commons-daemon/1.0.13/commons-daemon-1.0.13.jar:/home/user/.m2/repository/io/netty/netty/3.10.5.Final/netty-3.10.5.Final.jar:/home/user/.m2/repository/io/netty/netty-all/4.0.52.Final/netty-all-4.0.52.Final.jar:/home/user/.m2/repository/org/fusesource/leveldbjni/leveldbjni-all/1.8/leveldbjni-all-1.8.jar:/home/user/.m2/repository/com/sun/xml/bind/jaxb-core/2.3.0.1/jaxb-core-2.3.0.1.jar:/home/user/.m2/repository/javax/xml/bind/jaxb-api/2.3.0/jaxb-api-2.3.0.jar:/home/user/.m2/repository/javax/activation/activation/1.1.1/activation-1.1.1.jar:/home/user/.m2/repository/org/openjdk/jmh/jmh-core/1.19/jmh-core-1.19.jar:/home/user/.m2/repository/net/sf/jopt-simple/jopt-simple/4.6/jopt-simple-4.6.jar:/home/user/.m2/repository/org/openjdk/jmh/jmh-generator-annprocess/1.19/jmh-generator-annprocess-1.19.jar:/home/user/.m2/repository/io/dropwizard/metrics/metrics-core/3.2.4/metrics-core-3.2.4.jar:/home/user/.m2/repository/com/amazonaws/aws-java-sdk-s3/1.11.615/aws-java-sdk-s3-1.11.615.jar:/home/user/.m2/repository/com/amazonaws/aws-java-sdk-kms/1.11.615/aws-java-sdk-kms-1.11.615.jar:/home/user/.m2/repository/com/amazonaws/aws-java-sdk-core/1.11.615/aws-java-sdk-core-1.11.615.jar:/home/user/.m2/repository/software/amazon/ion/ion-java/1.0.2/ion-java-1.0.2.jar:/home/user/.m2/repository/com/fasterxml/jackson/dataformat/jackson-dataformat-cbor/2.9.9/jackson-dataformat-cbor-2.9.9.jar:/home/user/.m2/repository/joda-time/joda-time/2.9.9/joda-time-2.9.9.jar:/home/user/.m2/repository/com/amazonaws/jmespath-java/1.11.615/jmespath-java-1.11.615.jar:/home/user/.m2/repository/com/github/spotbugs/spotbugs/3.1.12/spotbugs-3.1.12.jar:/home/user/.m2/repository/org/ow2/asm/asm/5.0.4/asm-5.0.4.jar:/home/user/.m2/repository/org/ow2/asm/asm-analysis/7.0/asm-analysis-7.0.jar:/home/user/.m2/repository/org/ow2/asm/asm-commons/7.0/asm-commons-7.0.jar:/home/user/.m2/repository/org/ow2/asm/asm-tree/7.0/asm-tree-7.0.jar:/home/user/.m2/repository/org/ow2/asm/asm-util/7.0/asm-util-7.0.jar:/home/user/.m2/repository/org/apache/bcel/bcel/6.3/bcel-6.3.jar:/home/user/.m2/repository/net/jcip/jcip-annotations/1.0/jcip-annotations-1.0.jar:/home/user/.m2/repository/org/dom4j/dom4j/2.1.1/dom4j-2.1.1.jar:/home/user/.m2/repository/jaxen/jaxen/1.1.6/jaxen-1.1.6.jar:/home/user/.m2/repository/commons-lang/commons-lang/2.6/commons-lang-2.6.jar:/home/user/.m2/repository/com/github/spotbugs/spotbugs-annotations/3.1.12/spotbugs-annotations-3.1.12.jar:/home/user/.m2/repository/junit/junit/4.11/junit-4.11.jar:/home/user/.m2/repository/org/hamcrest/hamcrest-core/1.3/hamcrest-core-1.3.jar:/home/user/.m2/repository/org/apache/hadoop/hadoop-common/3.2.0/hadoop-common-3.2.0-tests.jar:/workdir/hadoop-ozone/integration-test/target/test-classes:/home/user/.m2/repository/org/apache/hadoop/hadoop-ozone-s3gateway/0.5.0-SNAPSHOT/hadoop-ozone-s3gateway-0.5.0-SNAPSHOT.jar:/home/user/.m2/repository/org/jboss/weld/servlet/weld-servlet/2.4.7.Final/weld-servlet-2.4.7.Final.jar:/home/user/.m2/repository/org/glassfish/jersey/containers/jersey-container-servlet-core/2.27/jersey-container-servlet-core-2.27.jar:/home/user/.m2/repository/org/glassfish/hk2/external/javax.inject/2.5.0-b42/javax.inject-2.5.0-b42.jar:/home/user/.m2/repository/org/glassfish/jersey/core/jersey-common/2.27/jersey-common-2.27.jar:/home/user/.m2/repository/org/glassfish/hk2/osgi-resource-locator/1.0.1/osgi-resource-locator-1.0.1.jar:/home/user/.m2/repository/javax/ws/rs/javax.ws.rs-api/2.1/javax.ws.rs-api-2.1.jar:/home/user/.m2/repository/org/glassfish/jersey/ext/cdi/jersey-cdi1x/2.27/jersey-cdi1x-2.27.jar:/home/user/.m2/repository/org/glassfish/jersey/inject/jersey-hk2/2.27/jersey-hk2-2.27.jar:/home/user/.m2/repository/org/glassfish/hk2/hk2-locator/2.5.0-b42/hk2-locator-2.5.0-b42.jar:/home/user/.m2/repository/org/javassist/javassist/3.22.0-CR2/javassist-3.22.0-CR2.jar:/home/user/.m2/repository/org/glassfish/hk2/hk2-api/2.5.0/hk2-api-2.5.0.jar:/home/user/.m2/repository/org/glassfish/hk2/external/jakarta.inject/2.5.0/jakarta.inject-2.5.0.jar:/home/user/.m2/repository/org/glassfish/hk2/hk2-utils/2.5.0/hk2-utils-2.5.0.jar:/home/user/.m2/repository/jakarta/annotation/jakarta.annotation-api/1.3.4/jakarta.annotation-api-1.3.4.jar:/home/user/.m2/repository/org/glassfish/hk2/external/aopalliance-repackaged/2.5.0/aopalliance-repackaged-2.5.0.jar:/home/user/.m2/repository/com/fasterxml/jackson/dataformat/jackson-dataformat-xml/2.9.0/jackson-dataformat-xml-2.9.0.jar:/home/user/.m2/repository/com/fasterxml/jackson/module/jackson-module-jaxb-annotations/2.9.9/jackson-module-jaxb-annotations-2.9.9.jar:/home/user/.m2/repository/javax/enterprise/cdi-api/1.2/cdi-api-1.2.jar:/home/user/.m2/repository/javax/el/javax.el-api/3.0.0/javax.el-api-3.0.0.jar:/home/user/.m2/repository/javax/interceptor/javax.interceptor-api/1.2/javax.interceptor-api-1.2.jar:/home/user/.m2/repository/javax/inject/javax.inject/1/javax.inject-1.jar:/home/user/.m2/repository/org/apache/hadoop/hadoop-ozone-csi/0.5.0-SNAPSHOT/hadoop-ozone-csi-0.5.0-SNAPSHOT.jar:/home/user/.m2/repository/com/google/protobuf/protobuf-java-util/3.5.1/protobuf-java-util-3.5.1.jar:/home/user/.m2/repository/io/grpc/grpc-netty/1.17.1/grpc-netty-1.17.1.jar:/home/user/.m2/repository/io/grpc/grpc-core/1.17.1/grpc-core-1.17.1.jar:/home/user/.m2/repository/io/grpc/grpc-context/1.17.1/grpc-context-1.17.1.jar:/home/user/.m2/repository/com/google/errorprone/error_prone_annotations/2.2.0/error_prone_annotations-2.2.0.jar:/home/user/.m2/repository/org/codehaus/mojo/animal-sniffer-annotations/1.17/animal-sniffer-annotations-1.17.jar:/home/user/.m2/repository/io/opencensus/opencensus-api/0.17.0/opencensus-api-0.17.0.jar:/home/user/.m2/repository/io/opencensus/opencensus-contrib-grpc-metrics/0.17.0/opencensus-contrib-grpc-metrics-0.17.0.jar:/home/user/.m2/repository/io/netty/netty-codec-http2/4.1.30.Final/netty-codec-http2-4.1.30.Final.jar:/home/user/.m2/repository/io/netty/netty-codec-http/4.1.30.Final/netty-codec-http-4.1.30.Final.jar:/home/user/.m2/repository/io/netty/netty-codec/4.1.30.Final/netty-codec-4.1.30.Final.jar:/home/user/.m2/repository/io/netty/netty-handler/4.1.30.Final/netty-handler-4.1.30.Final.jar:/home/user/.m2/repository/io/netty/netty-handler-proxy/4.1.30.Final/netty-handler-proxy-4.1.30.Final.jar:/home/user/.m2/repository/io/netty/netty-codec-socks/4.1.30.Final/netty-codec-socks-4.1.30.Final.jar:/home/user/.m2/repository/io/netty/netty-transport-native-epoll/4.1.30.Final/netty-transport-native-epoll-4.1.30.Final.jar:/home/user/.m2/repository/io/netty/netty-common/4.1.30.Final/netty-common-4.1.30.Final.jar:/home/user/.m2/repository/io/netty/netty-buffer/4.1.30.Final/netty-buffer-4.1.30.Final.jar:/home/user/.m2/repository/io/netty/netty-transport/4.1.30.Final/netty-transport-4.1.30.Final.jar:/home/user/.m2/repository/io/netty/netty-resolver/4.1.30.Final/netty-resolver-4.1.30.Final.jar:/home/user/.m2/repository/io/netty/netty-transport-native-unix-common/4.1.30.Final/netty-transport-native-unix-common-4.1.30.Final.jar:/home/user/.m2/repository/io/grpc/grpc-protobuf/1.17.1/grpc-protobuf-1.17.1.jar:/home/user/.m2/repository/com/google/api/grpc/proto-google-common-protos/1.0.0/proto-google-common-protos-1.0.0.jar:/home/user/.m2/repository/io/grpc/grpc-protobuf-lite/1.17.1/grpc-protobuf-lite-1.17.1.jar:/home/user/.m2/repository/io/grpc/grpc-stub/1.17.1/grpc-stub-1.17.1.jar:/home/user/.m2/repository/org/apache/hadoop/hadoop-ozone-recon/0.5.0-SNAPSHOT/hadoop-ozone-recon-0.5.0-SNAPSHOT.jar:/home/user/.m2/repository/org/apache/hadoop/hadoop-ozone-reconcodegen/0.5.0-SNAPSHOT/hadoop-ozone-reconcodegen-0.5.0-SNAPSHOT.jar:/home/user/.m2/repository/com/google/inject/extensions/guice-multibindings/4.0/guice-multibindings-4.0.jar:/home/user/.m2/repository/com/google/inject/guice/4.0/guice-4.0.jar:/home/user/.m2/repository/aopalliance/aopalliance/1.0/aopalliance-1.0.jar:/home/user/.m2/repository/com/google/inject/extensions/guice-servlet/4.0/guice-servlet-4.0.jar:/home/user/.m2/repository/org/glassfish/jersey/containers/jersey-container-servlet/2.27/jersey-container-servlet-2.27.jar:/home/user/.m2/repository/org/glassfish/hk2/guice-bridge/2.5.0/guice-bridge-2.5.0.jar:/home/user/.m2/repository/org/glassfish/jersey/core/jersey-server/2.27/jersey-server-2.27.jar:/home/user/.m2/repository/org/glassfish/jersey/core/jersey-client/2.27/jersey-client-2.27.jar:/home/user/.m2/repository/org/glassfish/jersey/media/jersey-media-jaxb/2.27/jersey-media-jaxb-2.27.jar:/home/user/.m2/repository/javax/validation/validation-api/1.1.0.Final/validation-api-1.1.0.Final.jar:/home/user/.m2/repository/org/glassfish/jersey/media/jersey-media-json-jackson/2.27/jersey-media-json-jackson-2.27.jar:/home/user/.m2/repository/org/glassfish/jersey/ext/jersey-entity-filtering/2.27/jersey-entity-filtering-2.27.jar:/home/user/.m2/repository/com/google/inject/extensions/guice-assistedinject/4.0/guice-assistedinject-4.0.jar:/home/user/.m2/repository/org/jooq/jooq/3.11.10/jooq-3.11.10.jar:/home/user/.m2/repository/org/jooq/jooq-meta/3.11.10/jooq-meta-3.11.10.jar:/home/user/.m2/repository/org/jooq/jooq-codegen/3.11.10/jooq-codegen-3.11.10.jar:/home/user/.m2/repository/com/jolbox/bonecp/0.8.0.RELEASE/bonecp-0.8.0.RELEASE.jar:/home/user/.m2/repository/org/springframework/spring-jdbc/5.1.3.RELEASE/spring-jdbc-5.1.3.RELEASE.jar:/home/user/.m2/repository/org/springframework/spring-beans/5.1.3.RELEASE/spring-beans-5.1.3.RELEASE.jar:/home/user/.m2/repository/org/springframework/spring-core/5.1.3.RELEASE/spring-core-5.1.3.RELEASE.jar:/home/user/.m2/repository/org/springframework/spring-jcl/5.1.3.RELEASE/spring-jcl-5.1.3.RELEASE.jar:/home/user/.m2/repository/org/springframework/spring-tx/5.1.3.RELEASE/spring-tx-5.1.3.RELEASE.jar:/home/user/.m2/repository/org/mockito/mockito-core/2.15.0/mockito-core-2.15.0.jar:/home/user/.m2/repository/net/bytebuddy/byte-buddy/1.7.9/byte-buddy-1.7.9.jar:/home/user/.m2/repository/net/bytebuddy/byte-buddy-agent/1.7.9/byte-buddy-agent-1.7.9.jar:/home/user/.m2/repository/org/objenesis/objenesis/1.0/objenesis-1.0.jar:"/>
    <property name="sun.cpu.endian" value="little"/>
    <property name="user.home" value="/home/user"/>
    <property name="user.language" value="en"/>
    <property name="java.specification.vendor" value="Oracle Corporation"/>
    <property name="java.home" value="/usr/lib/jvm/java-1.8.0-openjdk-1.8.0.222.b10-1.el7_7.x86_64/jre"/>
    <property name="surefire.excludesFile" value="/tools/ozone-bad-unit-tests"/>
    <property name="java.security.krb5.conf" value="/workdir/hadoop-ozone/tools/target/test-classes/krb5.conf"/>
    <property name="basedir" value="/workdir/hadoop-ozone/tools"/>
    <property name="file.separator" value="/"/>
    <property name="line.separator" value="&#10;"/>
    <property name="java.vm.specification.vendor" value="Oracle Corporation"/>
    <property name="java.specification.name" value="Java Platform API Specification"/>
    <property name="java.awt.graphicsenv" value="sun.awt.X11GraphicsEnvironment"/>
    <property name="surefire.real.class.path" value="/workdir/hadoop-ozone/tools/target/surefire/surefirebooter768026035039916198.jar"/>
    <property name="hadoop.log.dir" value="/workdir/hadoop-ozone/tools/target/log"/>
    <property name="sun.boot.class.path" value="/usr/lib/jvm/java-1.8.0-openjdk-1.8.0.222.b10-1.el7_7.x86_64/jre/lib/resources.jar:/usr/lib/jvm/java-1.8.0-openjdk-1.8.0.222.b10-1.el7_7.x86_64/jre/lib/rt.jar:/usr/lib/jvm/java-1.8.0-openjdk-1.8.0.222.b10-1.el7_7.x86_64/jre/lib/sunrsasign.jar:/usr/lib/jvm/java-1.8.0-openjdk-1.8.0.222.b10-1.el7_7.x86_64/jre/lib/jsse.jar:/usr/lib/jvm/java-1.8.0-openjdk-1.8.0.222.b10-1.el7_7.x86_64/jre/lib/jce.jar:/usr/lib/jvm/java-1.8.0-openjdk-1.8.0.222.b10-1.el7_7.x86_64/jre/lib/charsets.jar:/usr/lib/jvm/java-1.8.0-openjdk-1.8.0.222.b10-1.el7_7.x86_64/jre/lib/jfr.jar:/usr/lib/jvm/java-1.8.0-openjdk-1.8.0.222.b10-1.el7_7.x86_64/jre/classes"/>
    <property name="sun.management.compiler" value="HotSpot 64-Bit Tiered Compilers"/>
    <property name="java.runtime.version" value="1.8.0_222-b10"/>
    <property name="java.net.preferIPv4Stack" value="true"/>
    <property name="user.name" value="jenkins1000"/>
    <property name="path.separator" value=":"/>
    <property name="java.security.egd" value="file:///dev/urandom"/>
    <property name="os.version" value="3.10.0-957.12.2.el7.x86_64"/>
    <property name="java.endorsed.dirs" value="/usr/lib/jvm/java-1.8.0-openjdk-1.8.0.222.b10-1.el7_7.x86_64/jre/lib/endorsed"/>
    <property name="java.runtime.name" value="OpenJDK Runtime Environment"/>
    <property name="file.encoding" value="ANSI_X3.4-1968"/>
    <property name="java.vm.name" value="OpenJDK 64-Bit Server VM"/>
    <property name="test.build.webapps" value=""/>
    <property name="localRepository" value="/home/user/.m2/repository"/>
    <property name="java.vendor.url.bug" value="http://bugreport.sun.com/bugreport/"/>
    <property name="java.io.tmpdir" value="/tmp"/>
    <property name="require.test.libhadoop" value=""/>
    <property name="java.version" value="1.8.0_222"/>
    <property name="user.dir" value="/workdir/hadoop-ozone/tools"/>
    <property name="os.arch" value="amd64"/>
    <property name="java.vm.specification.name" value="Java Virtual Machine Specification"/>
    <property name="test.build.classes" value="/workdir/hadoop-ozone/tools/target/test-classes"/>
    <property name="java.awt.printerjob" value="sun.print.PSPrinterJob"/>
    <property name="sun.os.patch.level" value="unknown"/>
    <property name="hadoop.tmp.dir" value="/workdir/hadoop-ozone/tools/target/tmp"/>
    <property name="java.library.path" value="/usr/lib:/workdir/hadoop-ozone/tools/target/native/target/usr/local/lib:/workdir/hadoop-ozone/tools/../../hadoop-common-project/hadoop-common/target/native/target/usr/local/lib:/usr/java/packages/lib/amd64:/usr/lib64:/lib64:/lib:/usr/lib"/>
    <property name="java.vm.info" value="mixed mode"/>
    <property name="java.vendor" value="Oracle Corporation"/>
    <property name="java.vm.version" value="25.222-b10"/>
    <property name="java.ext.dirs" value="/usr/lib/jvm/java-1.8.0-openjdk-1.8.0.222.b10-1.el7_7.x86_64/jre/lib/ext:/usr/java/packages/lib/ext"/>
    <property name="sun.io.unicode.encoding" value="UnicodeLittle"/>
    <property name="java.class.version" value="52.0"/>
  </properties>
  <testcase name="testRestart" classname="org.apache.hadoop.ozone.freon.TestFreonWithPipelineDestroy" time="19.726">
    <error message="INTERNAL_ERROR org.apache.hadoop.ozone.om.exceptions.OMException: Allocated 0 blocks. Requested 5 blocks" type="java.lang.RuntimeException">java.lang.RuntimeException: INTERNAL_ERROR org.apache.hadoop.ozone.om.exceptions.OMException: Allocated 0 blocks. Requested 5 blocks
	at org.apache.hadoop.ozone.freon.RandomKeyGenerator.call(RandomKeyGenerator.java:341)
	at org.apache.hadoop.ozone.freon.TestFreonWithPipelineDestroy.startFreon(TestFreonWithPipelineDestroy.java:87)
	at org.apache.hadoop.ozone.freon.TestFreonWithPipelineDestroy.testRestart(TestFreonWithPipelineDestroy.java:74)
	at sun.reflect.NativeMethodAccessorImpl.invoke0(Native Method)
	at sun.reflect.NativeMethodAccessorImpl.invoke(NativeMethodAccessorImpl.java:62)
	at sun.reflect.DelegatingMethodAccessorImpl.invoke(DelegatingMethodAccessorImpl.java:43)
	at java.lang.reflect.Method.invoke(Method.java:498)
	at org.junit.runners.model.FrameworkMethod$1.runReflectiveCall(FrameworkMethod.java:47)
	at org.junit.internal.runners.model.ReflectiveCallable.run(ReflectiveCallable.java:12)
	at org.junit.runners.model.FrameworkMethod.invokeExplosively(FrameworkMethod.java:44)
	at org.junit.internal.runners.statements.InvokeMethod.evaluate(InvokeMethod.java:17)
	at org.junit.runners.ParentRunner.runLeaf(ParentRunner.java:271)
	at org.junit.runners.BlockJUnit4ClassRunner.runChild(BlockJUnit4ClassRunner.java:70)
	at org.junit.runners.BlockJUnit4ClassRunner.runChild(BlockJUnit4ClassRunner.java:50)
	at org.junit.runners.ParentRunner$3.run(ParentRunner.java:238)
	at org.junit.runners.ParentRunner$1.schedule(ParentRunner.java:63)
	at org.junit.runners.ParentRunner.runChildren(ParentRunner.java:236)
	at org.junit.runners.ParentRunner.access$000(ParentRunner.java:53)
	at org.junit.runners.ParentRunner$2.evaluate(ParentRunner.java:229)
	at org.junit.internal.runners.statements.RunBefores.evaluate(RunBefores.java:26)
	at org.junit.internal.runners.statements.RunAfters.evaluate(RunAfters.java:27)
	at org.junit.runners.ParentRunner.run(ParentRunner.java:309)
	at org.apache.maven.surefire.junit4.JUnit4Provider.execute(JUnit4Provider.java:365)
	at org.apache.maven.surefire.junit4.JUnit4Provider.executeWithRerun(JUnit4Provider.java:273)
	at org.apache.maven.surefire.junit4.JUnit4Provider.executeTestSet(JUnit4Provider.java:238)
	at org.apache.maven.surefire.junit4.JUnit4Provider.invoke(JUnit4Provider.java:159)
	at org.apache.maven.surefire.booter.ForkedBooter.invokeProviderInSameClassLoader(ForkedBooter.java:384)
	at org.apache.maven.surefire.booter.ForkedBooter.runSuitesInProcess(ForkedBooter.java:345)
	at org.apache.maven.surefire.booter.ForkedBooter.execute(ForkedBooter.java:126)
	at org.apache.maven.surefire.booter.ForkedBooter.main(ForkedBooter.java:418)
Caused by: INTERNAL_ERROR org.apache.hadoop.ozone.om.exceptions.OMException: Allocated 0 blocks. Requested 5 blocks
	at org.apache.hadoop.ozone.om.protocolPB.OzoneManagerProtocolClientSideTranslatorPB.handleError(OzoneManagerProtocolClientSideTranslatorPB.java:761)
	at org.apache.hadoop.ozone.om.protocolPB.OzoneManagerProtocolClientSideTranslatorPB.openKey(OzoneManagerProtocolClientSideTranslatorPB.java:752)
	at sun.reflect.NativeMethodAccessorImpl.invoke0(Native Method)
	at sun.reflect.NativeMethodAccessorImpl.invoke(NativeMethodAccessorImpl.java:62)
	at sun.reflect.DelegatingMethodAccessorImpl.invoke(DelegatingMethodAccessorImpl.java:43)
	at java.lang.reflect.Method.invoke(Method.java:498)
	at org.apache.hadoop.hdds.tracing.TraceAllMethod.invoke(TraceAllMethod.java:66)
	at com.sun.proxy.$Proxy37.openKey(Unknown Source)
	at org.apache.hadoop.ozone.client.rpc.RpcClient.createKey(RpcClient.java:633)
	at org.apache.hadoop.ozone.client.OzoneBucket.createKey(OzoneBucket.java:325)
	at org.apache.hadoop.ozone.freon.RandomKeyGenerator.createKey(RandomKeyGenerator.java:697)
	at org.apache.hadoop.ozone.freon.RandomKeyGenerator.access$1100(RandomKeyGenerator.java:88)
	at org.apache.hadoop.ozone.freon.RandomKeyGenerator$ObjectCreator.run(RandomKeyGenerator.java:615)
	at java.util.concurrent.Executors$RunnableAdapter.call(Executors.java:511)
	at java.util.concurrent.FutureTask.run(FutureTask.java:266)
	at java.util.concurrent.ThreadPoolExecutor.runWorker(ThreadPoolExecutor.java:1149)
	at java.util.concurrent.ThreadPoolExecutor$Worker.run(ThreadPoolExecutor.java:624)
	at java.lang.Thread.run(Thread.java:748)
</error>
    <system-out><![CDATA[2019-11-14 05:02:25,306 [main] WARN  server.ServerUtils (ServerUtils.java:getScmDbDir(145)) - ozone.scm.db.dirs is not configured. We recommend adding this setting. Falling back to ozone.metadata.dirs instead.
2019-11-14 05:02:25,462 [main] WARN  server.ServerUtils (ServerUtils.java:getScmDbDir(145)) - ozone.scm.db.dirs is not configured. We recommend adding this setting. Falling back to ozone.metadata.dirs instead.
2019-11-14 05:02:25,466 [main] WARN  server.ServerUtils (ServerUtils.java:getScmDbDir(145)) - ozone.scm.db.dirs is not configured. We recommend adding this setting. Falling back to ozone.metadata.dirs instead.
2019-11-14 05:02:25,496 [main] INFO  util.log (Log.java:initialized(192)) - Logging initialized @916ms
2019-11-14 05:02:25,594 [main] INFO  db.DBStoreBuilder (DBStoreBuilder.java:addTable(127)) - using custom profile for table: deletedBlocks
2019-11-14 05:02:25,594 [main] INFO  db.DBStoreBuilder (DBStoreBuilder.java:processTables(183)) - Using default column profile:DBProfile.DISK for Table:deletedBlocks
2019-11-14 05:02:25,595 [main] INFO  db.DBStoreBuilder (DBStoreBuilder.java:addTable(127)) - using custom profile for table: validCerts
2019-11-14 05:02:25,595 [main] INFO  db.DBStoreBuilder (DBStoreBuilder.java:processTables(183)) - Using default column profile:DBProfile.DISK for Table:validCerts
2019-11-14 05:02:25,596 [main] INFO  db.DBStoreBuilder (DBStoreBuilder.java:addTable(127)) - using custom profile for table: revokedCerts
2019-11-14 05:02:25,596 [main] INFO  db.DBStoreBuilder (DBStoreBuilder.java:processTables(183)) - Using default column profile:DBProfile.DISK for Table:revokedCerts
2019-11-14 05:02:25,617 [main] INFO  db.DBStoreBuilder (DBStoreBuilder.java:addTable(127)) - using custom profile for table: default
2019-11-14 05:02:25,617 [main] INFO  db.DBStoreBuilder (DBStoreBuilder.java:processTables(189)) - Using default column profile:DBProfile.DISK for Table:default
2019-11-14 05:02:25,619 [main] INFO  db.DBStoreBuilder (DBStoreBuilder.java:getDbProfile(220)) - Using default options. DBProfile.DISK
2019-11-14 05:02:25,788 [main] INFO  net.NodeSchemaLoader (NodeSchemaLoader.java:loadSchemaFromFile(125)) - Loading file from sun.misc.CompoundEnumeration@5e0e82ae
2019-11-14 05:02:25,790 [main] INFO  net.NodeSchemaLoader (NodeSchemaLoader.java:loadSchema(171)) - Loading network topology layer schema file
2019-11-14 05:02:25,851 [main] INFO  node.SCMNodeManager (SCMNodeManager.java:<init>(116)) - Entering startup safe mode.
2019-11-14 05:02:25,914 [main] INFO  algorithms.ContainerPlacementPolicyFactory (ContainerPlacementPolicyFactory.java:getPolicy(57)) - Create container placement policy of type org.apache.hadoop.hdds.scm.container.placement.algorithms.SCMContainerPlacementRandom
2019-11-14 05:02:25,927 [main] WARN  server.ServerUtils (ServerUtils.java:getScmDbDir(145)) - ozone.scm.db.dirs is not configured. We recommend adding this setting. Falling back to ozone.metadata.dirs instead.
2019-11-14 05:02:25,957 [main] INFO  pipeline.SCMPipelineManager (SCMPipelineManager.java:initializePipelineState(132)) - No pipeline exists in current db
2019-11-14 05:02:25,959 [main] WARN  server.ServerUtils (ServerUtils.java:getScmDbDir(145)) - ozone.scm.db.dirs is not configured. We recommend adding this setting. Falling back to ozone.metadata.dirs instead.
2019-11-14 05:02:26,055 [main] WARN  events.EventQueue (EventQueue.java:fireEvent(183)) - No event handler registered for event TypedEvent{payloadType=SafeModeStatus, name='SafeModeStatus'}
2019-11-14 05:02:26,421 [main] INFO  ipc.CallQueueManager (CallQueueManager.java:<init>(84)) - Using callQueue: class java.util.concurrent.LinkedBlockingQueue, queueCapacity: 2000, scheduler: class org.apache.hadoop.ipc.DefaultRpcScheduler, ipcBackoff: false.
2019-11-14 05:02:26,452 [Socket Reader #1 for port 36863] INFO  ipc.Server (Server.java:run(1074)) - Starting Socket Reader #1 for port 36863
2019-11-14 05:02:26,599 [main] INFO  ipc.CallQueueManager (CallQueueManager.java:<init>(84)) - Using callQueue: class java.util.concurrent.LinkedBlockingQueue, queueCapacity: 2000, scheduler: class org.apache.hadoop.ipc.DefaultRpcScheduler, ipcBackoff: false.
2019-11-14 05:02:26,601 [Socket Reader #1 for port 40762] INFO  ipc.Server (Server.java:run(1074)) - Starting Socket Reader #1 for port 40762
2019-11-14 05:02:26,612 [main] INFO  ipc.CallQueueManager (CallQueueManager.java:<init>(84)) - Using callQueue: class java.util.concurrent.LinkedBlockingQueue, queueCapacity: 2000, scheduler: class org.apache.hadoop.ipc.DefaultRpcScheduler, ipcBackoff: false.
2019-11-14 05:02:26,613 [Socket Reader #1 for port 41428] INFO  ipc.Server (Server.java:run(1074)) - Starting Socket Reader #1 for port 41428
2019-11-14 05:02:26,641 [main] INFO  hdfs.DFSUtil (DFSUtil.java:httpServerTemplateForNNAndJN(1641)) - Starting Web-server for scm at: http://0.0.0.0:0
2019-11-14 05:02:26,790 [main] INFO  server.AuthenticationFilter (AuthenticationFilter.java:constructSecretProvider(240)) - Unable to initialize FileSignerSecretProvider, falling back to use random secrets.
2019-11-14 05:02:26,806 [main] WARN  http.HttpRequestLog (HttpRequestLog.java:getRequestLog(97)) - Jetty request log can only be enabled using Log4j
2019-11-14 05:02:26,815 [main] INFO  http.HttpServer2 (HttpServer2.java:addGlobalFilter(975)) - Added global filter 'safety' (class=org.apache.hadoop.http.HttpServer2$QuotingInputFilter)
2019-11-14 05:02:26,817 [main] INFO  http.HttpServer2 (HttpServer2.java:addFilter(948)) - Added filter static_user_filter (class=org.apache.hadoop.http.lib.StaticUserWebFilter$StaticUserFilter) to context scm
2019-11-14 05:02:26,818 [main] INFO  http.HttpServer2 (HttpServer2.java:addFilter(958)) - Added filter static_user_filter (class=org.apache.hadoop.http.lib.StaticUserWebFilter$StaticUserFilter) to context static
2019-11-14 05:02:26,818 [main] INFO  http.HttpServer2 (HttpServer2.java:addFilter(958)) - Added filter static_user_filter (class=org.apache.hadoop.http.lib.StaticUserWebFilter$StaticUserFilter) to context logs
2019-11-14 05:02:26,845 [main] INFO  server.StorageContainerManager (StorageContainerManager.java:start(766)) - StorageContainerLocationProtocol RPC server is listening at /0.0.0.0:41428
2019-11-14 05:02:26,927 [main] WARN  impl.MetricsConfig (MetricsConfig.java:loadFirst(134)) - Cannot locate configuration: tried hadoop-metrics2-storagecontainermanager.properties,hadoop-metrics2.properties
2019-11-14 05:02:26,945 [main] INFO  impl.MetricsSystemImpl (MetricsSystemImpl.java:startTimer(374)) - Scheduled Metric snapshot period at 10 second(s).
2019-11-14 05:02:26,945 [main] INFO  impl.MetricsSystemImpl (MetricsSystemImpl.java:start(191)) - StorageContainerManager metrics system started
2019-11-14 05:02:27,209 [main] INFO  server.SCMClientProtocolServer (SCMClientProtocolServer.java:start(160)) - RPC server for Client  is listening at /0.0.0.0:41428
2019-11-14 05:02:27,210 [IPC Server Responder] INFO  ipc.Server (Server.java:run(1314)) - IPC Server Responder: starting
2019-11-14 05:02:27,210 [IPC Server listener on 41428] INFO  ipc.Server (Server.java:run(1153)) - IPC Server listener on 41428: starting
2019-11-14 05:02:27,213 [main] INFO  server.StorageContainerManager (StorageContainerManager.java:start(776)) - ScmBlockLocationProtocol RPC server is listening at /0.0.0.0:40762
2019-11-14 05:02:27,214 [main] INFO  server.SCMBlockProtocolServer (SCMBlockProtocolServer.java:start(146)) - RPC server for Block Protocol is listening at /0.0.0.0:40762
2019-11-14 05:02:27,214 [IPC Server Responder] INFO  ipc.Server (Server.java:run(1314)) - IPC Server Responder: starting
2019-11-14 05:02:27,214 [IPC Server listener on 40762] INFO  ipc.Server (Server.java:run(1153)) - IPC Server listener on 40762: starting
2019-11-14 05:02:27,217 [main] INFO  server.StorageContainerManager (StorageContainerManager.java:start(780)) - ScmDatanodeProtocl RPC server is listening at /0.0.0.0:36863
2019-11-14 05:02:27,217 [main] INFO  server.SCMDatanodeProtocolServer (SCMDatanodeProtocolServer.java:start(169)) - RPC server for DataNodes is listening at /0.0.0.0:36863
2019-11-14 05:02:27,218 [IPC Server Responder] INFO  ipc.Server (Server.java:run(1314)) - IPC Server Responder: starting
2019-11-14 05:02:27,218 [IPC Server listener on 36863] INFO  ipc.Server (Server.java:run(1153)) - IPC Server listener on 36863: starting
2019-11-14 05:02:27,222 [main] INFO  http.HttpServer2 (HttpServer2.java:bindListener(1191)) - Jetty bound to port 38978
2019-11-14 05:02:27,223 [main] INFO  server.Server (Server.java:doStart(351)) - jetty-9.3.25.v20180904, build timestamp: 2018-09-04T21:11:46Z, git hash: 3ce520221d0240229c862b122d2b06c12a625732
2019-11-14 05:02:27,255 [main] INFO  handler.ContextHandler (ContextHandler.java:doStart(781)) - Started o.e.j.s.ServletContextHandler@56e8b606{/logs,file:///workdir/hadoop-ozone/tools/target/log,AVAILABLE}
2019-11-14 05:02:27,256 [main] INFO  handler.ContextHandler (ContextHandler.java:doStart(781)) - Started o.e.j.s.ServletContextHandler@40dff0b7{/static,jar:file:/home/user/.m2/repository/org/apache/hadoop/hadoop-hdds-server-scm/0.5.0-SNAPSHOT/hadoop-hdds-server-scm-0.5.0-SNAPSHOT.jar!/webapps/static,AVAILABLE}
2019-11-14 05:02:27,327 [main] INFO  handler.ContextHandler (ContextHandler.java:doStart(781)) - Started o.e.j.w.WebAppContext@5aceec94{/,file:///tmp/jetty-0.0.0.0-38978-scm-_-any-7597648492266208853.dir/webapp/,AVAILABLE}{/scm}
2019-11-14 05:02:27,331 [main] INFO  server.AbstractConnector (AbstractConnector.java:doStart(278)) - Started ServerConnector@733c423e{HTTP/1.1,[http/1.1]}{0.0.0.0:38978}
2019-11-14 05:02:27,332 [main] INFO  server.Server (Server.java:doStart(419)) - Started @2752ms
2019-11-14 05:02:27,334 [main] INFO  impl.MetricsSinkAdapter (MetricsSinkAdapter.java:start(204)) - Sink prometheus started
2019-11-14 05:02:27,334 [main] INFO  impl.MetricsSystemImpl (MetricsSystemImpl.java:registerSink(301)) - Registered sink prometheus
2019-11-14 05:02:27,337 [main] INFO  server.BaseHttpServer (BaseHttpServer.java:updateConnectorAddress(215)) - HTTP server of SCM is listening at http://0.0.0.0:38978
2019-11-14 05:02:27,345 [org.apache.hadoop.util.JvmPauseMonitor$Monitor@1b5bc39d] INFO  util.JvmPauseMonitor (JvmPauseMonitor.java:run(188)) - Starting JVM pause monitor
2019-11-14 05:02:27,348 [main] WARN  server.ServerUtils (ServerUtils.java:getDBPath(222)) - ozone.om.db.dirs is not configured. We recommend adding this setting. Falling back to ozone.metadata.dirs instead.
2019-11-14 05:02:27,456 [main] INFO  ha.OMHANodeDetails (OMHANodeDetails.java:loadOMHAConfig(190)) - Configuration either no ozone.om.address set. Falling back to the default OM address /127.0.0.1:0
2019-11-14 05:02:27,457 [main] INFO  ha.OMHANodeDetails (OMHANodeDetails.java:getOMNodeDetails(220)) - OM Service ID is not set. Setting it to the default ID: omServiceIdDefault
2019-11-14 05:02:27,458 [main] WARN  server.ServerUtils (ServerUtils.java:getDBPath(222)) - ozone.om.db.dirs is not configured. We recommend adding this setting. Falling back to ozone.metadata.dirs instead.
2019-11-14 05:02:27,459 [main] WARN  server.ServerUtils (ServerUtils.java:getDBPath(222)) - ozone.om.db.dirs is not configured. We recommend adding this setting. Falling back to ozone.metadata.dirs instead.
2019-11-14 05:02:28,047 [main] WARN  server.ServerUtils (ServerUtils.java:getDBPath(222)) - ozone.om.db.dirs is not configured. We recommend adding this setting. Falling back to ozone.metadata.dirs instead.
2019-11-14 05:02:28,056 [main] INFO  db.DBStoreBuilder (DBStoreBuilder.java:addTable(127)) - using custom profile for table: userTable
2019-11-14 05:02:28,056 [main] INFO  db.DBStoreBuilder (DBStoreBuilder.java:processTables(183)) - Using default column profile:DBProfile.DISK for Table:userTable
2019-11-14 05:02:28,056 [main] INFO  db.DBStoreBuilder (DBStoreBuilder.java:addTable(127)) - using custom profile for table: volumeTable
2019-11-14 05:02:28,056 [main] INFO  db.DBStoreBuilder (DBStoreBuilder.java:processTables(183)) - Using default column profile:DBProfile.DISK for Table:volumeTable
2019-11-14 05:02:28,057 [main] INFO  db.DBStoreBuilder (DBStoreBuilder.java:addTable(127)) - using custom profile for table: bucketTable
2019-11-14 05:02:28,057 [main] INFO  db.DBStoreBuilder (DBStoreBuilder.java:processTables(183)) - Using default column profile:DBProfile.DISK for Table:bucketTable
2019-11-14 05:02:28,057 [main] INFO  db.DBStoreBuilder (DBStoreBuilder.java:addTable(127)) - using custom profile for table: keyTable
2019-11-14 05:02:28,057 [main] INFO  db.DBStoreBuilder (DBStoreBuilder.java:processTables(183)) - Using default column profile:DBProfile.DISK for Table:keyTable
2019-11-14 05:02:28,058 [main] INFO  db.DBStoreBuilder (DBStoreBuilder.java:addTable(127)) - using custom profile for table: deletedTable
2019-11-14 05:02:28,058 [main] INFO  db.DBStoreBuilder (DBStoreBuilder.java:processTables(183)) - Using default column profile:DBProfile.DISK for Table:deletedTable
2019-11-14 05:02:28,058 [main] INFO  db.DBStoreBuilder (DBStoreBuilder.java:addTable(127)) - using custom profile for table: openKeyTable
2019-11-14 05:02:28,058 [main] INFO  db.DBStoreBuilder (DBStoreBuilder.java:processTables(183)) - Using default column profile:DBProfile.DISK for Table:openKeyTable
2019-11-14 05:02:28,059 [main] INFO  db.DBStoreBuilder (DBStoreBuilder.java:addTable(127)) - using custom profile for table: s3Table
2019-11-14 05:02:28,059 [main] INFO  db.DBStoreBuilder (DBStoreBuilder.java:processTables(183)) - Using default column profile:DBProfile.DISK for Table:s3Table
2019-11-14 05:02:28,059 [main] INFO  db.DBStoreBuilder (DBStoreBuilder.java:addTable(127)) - using custom profile for table: multipartInfoTable
2019-11-14 05:02:28,059 [main] INFO  db.DBStoreBuilder (DBStoreBuilder.java:processTables(183)) - Using default column profile:DBProfile.DISK for Table:multipartInfoTable
2019-11-14 05:02:28,059 [main] INFO  db.DBStoreBuilder (DBStoreBuilder.java:addTable(127)) - using custom profile for table: dTokenTable
2019-11-14 05:02:28,060 [main] INFO  db.DBStoreBuilder (DBStoreBuilder.java:processTables(183)) - Using default column profile:DBProfile.DISK for Table:dTokenTable
2019-11-14 05:02:28,060 [main] INFO  db.DBStoreBuilder (DBStoreBuilder.java:addTable(127)) - using custom profile for table: s3SecretTable
2019-11-14 05:02:28,060 [main] INFO  db.DBStoreBuilder (DBStoreBuilder.java:processTables(183)) - Using default column profile:DBProfile.DISK for Table:s3SecretTable
2019-11-14 05:02:28,060 [main] INFO  db.DBStoreBuilder (DBStoreBuilder.java:addTable(127)) - using custom profile for table: prefixTable
2019-11-14 05:02:28,061 [main] INFO  db.DBStoreBuilder (DBStoreBuilder.java:processTables(183)) - Using default column profile:DBProfile.DISK for Table:prefixTable
2019-11-14 05:02:28,061 [main] INFO  db.DBStoreBuilder (DBStoreBuilder.java:addTable(127)) - using custom profile for table: default
2019-11-14 05:02:28,061 [main] INFO  db.DBStoreBuilder (DBStoreBuilder.java:processTables(189)) - Using default column profile:DBProfile.DISK for Table:default
2019-11-14 05:02:28,061 [main] INFO  db.DBStoreBuilder (DBStoreBuilder.java:getDbProfile(220)) - Using default options. DBProfile.DISK
2019-11-14 05:02:28,678 [main] INFO  ipc.CallQueueManager (CallQueueManager.java:<init>(84)) - Using callQueue: class java.util.concurrent.LinkedBlockingQueue, queueCapacity: 2000, scheduler: class org.apache.hadoop.ipc.DefaultRpcScheduler, ipcBackoff: false.
2019-11-14 05:02:28,680 [Socket Reader #1 for port 45187] INFO  ipc.Server (Server.java:run(1074)) - Starting Socket Reader #1 for port 45187
2019-11-14 05:02:28,715 [main] INFO  om.OzoneManager (OzoneManager.java:start(1077)) - OzoneManager RPC server is listening at localhost/127.0.0.1:45187
2019-11-14 05:02:28,715 [main] INFO  impl.MetricsSystemImpl (MetricsSystemImpl.java:init(158)) - OzoneManager metrics system started (again)
2019-11-14 05:02:28,725 [IPC Server Responder] INFO  ipc.Server (Server.java:run(1314)) - IPC Server Responder: starting
2019-11-14 05:02:28,725 [IPC Server listener on 45187] INFO  ipc.Server (Server.java:run(1153)) - IPC Server listener on 45187: starting
2019-11-14 05:02:28,732 [main] INFO  hdfs.DFSUtil (DFSUtil.java:httpServerTemplateForNNAndJN(1641)) - Starting Web-server for ozoneManager at: http://0.0.0.0:0
2019-11-14 05:02:28,735 [main] INFO  server.AuthenticationFilter (AuthenticationFilter.java:constructSecretProvider(240)) - Unable to initialize FileSignerSecretProvider, falling back to use random secrets.
2019-11-14 05:02:28,736 [main] WARN  http.HttpRequestLog (HttpRequestLog.java:getRequestLog(97)) - Jetty request log can only be enabled using Log4j
2019-11-14 05:02:28,739 [main] INFO  http.HttpServer2 (HttpServer2.java:addGlobalFilter(975)) - Added global filter 'safety' (class=org.apache.hadoop.http.HttpServer2$QuotingInputFilter)
2019-11-14 05:02:28,740 [main] INFO  http.HttpServer2 (HttpServer2.java:addFilter(948)) - Added filter static_user_filter (class=org.apache.hadoop.http.lib.StaticUserWebFilter$StaticUserFilter) to context ozoneManager
2019-11-14 05:02:28,740 [main] INFO  http.HttpServer2 (HttpServer2.java:addFilter(958)) - Added filter static_user_filter (class=org.apache.hadoop.http.lib.StaticUserWebFilter$StaticUserFilter) to context static
2019-11-14 05:02:28,741 [main] INFO  http.HttpServer2 (HttpServer2.java:addFilter(958)) - Added filter static_user_filter (class=org.apache.hadoop.http.lib.StaticUserWebFilter$StaticUserFilter) to context logs
2019-11-14 05:02:28,744 [main] INFO  http.HttpServer2 (HttpServer2.java:bindListener(1191)) - Jetty bound to port 43609
2019-11-14 05:02:28,744 [main] INFO  server.Server (Server.java:doStart(351)) - jetty-9.3.25.v20180904, build timestamp: 2018-09-04T21:11:46Z, git hash: 3ce520221d0240229c862b122d2b06c12a625732
2019-11-14 05:02:28,747 [main] INFO  handler.ContextHandler (ContextHandler.java:doStart(781)) - Started o.e.j.s.ServletContextHandler@340b7ef6{/logs,file:///workdir/hadoop-ozone/tools/target/log,AVAILABLE}
2019-11-14 05:02:28,748 [main] INFO  handler.ContextHandler (ContextHandler.java:doStart(781)) - Started o.e.j.s.ServletContextHandler@6050462a{/static,jar:file:/home/user/.m2/repository/org/apache/hadoop/hadoop-ozone-ozone-manager/0.5.0-SNAPSHOT/hadoop-ozone-ozone-manager-0.5.0-SNAPSHOT.jar!/webapps/static,AVAILABLE}
2019-11-14 05:02:28,813 [main] INFO  handler.ContextHandler (ContextHandler.java:doStart(781)) - Started o.e.j.w.WebAppContext@425d5d46{/,file:///tmp/jetty-0.0.0.0-43609-ozoneManager-_-any-2278228999870292689.dir/webapp/,AVAILABLE}{/ozoneManager}
2019-11-14 05:02:28,814 [main] INFO  server.AbstractConnector (AbstractConnector.java:doStart(278)) - Started ServerConnector@198ef2ce{HTTP/1.1,[http/1.1]}{0.0.0.0:43609}
2019-11-14 05:02:28,815 [main] INFO  server.Server (Server.java:doStart(419)) - Started @4235ms
2019-11-14 05:02:28,815 [main] WARN  impl.MetricsSystemImpl (MetricsSystemImpl.java:register(276)) - Sink prometheus already exists!
2019-11-14 05:02:28,816 [main] INFO  server.BaseHttpServer (BaseHttpServer.java:updateConnectorAddress(215)) - HTTP server of OZONEMANAGER is listening at http://0.0.0.0:43609
2019-11-14 05:02:29,117 [main] INFO  impl.MetricsSystemImpl (MetricsSystemImpl.java:init(158)) - HddsDatanode metrics system started (again)
2019-11-14 05:02:29,163 [main] INFO  ozone.HddsDatanodeService (HddsDatanodeService.java:start(186)) - HddsDatanodeService host:trunk-nightly-20191114-k5n9k-339518648 ip:192.168.157.206
2019-11-14 05:02:29,198 [main] INFO  volume.HddsVolume (HddsVolume.java:<init>(176)) - Creating Volume: /workdir/hadoop-ozone/tools/target/test-dir/MiniOzoneClusterImpl-100cec03-9053-448d-9d5d-862c867472e5/datanode-0/data/containers/hdds of  storage type : DISK and capacity : 1482555576320
2019-11-14 05:02:29,200 [main] INFO  volume.VolumeSet (VolumeSet.java:initializeVolumeSet(170)) - Added Volume : /workdir/hadoop-ozone/tools/target/test-dir/MiniOzoneClusterImpl-100cec03-9053-448d-9d5d-862c867472e5/datanode-0/data/containers/hdds to VolumeSet
2019-11-14 05:02:29,203 [main] INFO  volume.ThrottledAsyncChecker (ThrottledAsyncChecker.java:schedule(141)) - Scheduling a check for /workdir/hadoop-ozone/tools/target/test-dir/MiniOzoneClusterImpl-100cec03-9053-448d-9d5d-862c867472e5/datanode-0/data/containers/hdds
2019-11-14 05:02:29,220 [main] INFO  volume.HddsVolumeChecker (HddsVolumeChecker.java:checkAllVolumes(204)) - Scheduled health check for volume /workdir/hadoop-ozone/tools/target/test-dir/MiniOzoneClusterImpl-100cec03-9053-448d-9d5d-862c867472e5/datanode-0/data/containers/hdds
2019-11-14 05:02:29,329 [main] INFO  impl.RaftServerProxy (ConfUtils.java:logGet(43)) - raft.rpc.type = GRPC (default)
2019-11-14 05:02:29,388 [main] INFO  grpc.GrpcFactory (GrpcFactory.java:checkPooledByteBufAllocatorUseCacheForAllThreads(45)) - PERFORMANCE WARNING: useCacheForAllThreads is true that may cause Netty to create a lot garbage objects and, as a result, trigger GC.
	It is recommended to disable useCacheForAllThreads by setting -Dorg.apache.ratis.thirdparty.io.netty.allocator.useCacheForAllThreads=false in command line.
2019-11-14 05:02:29,393 [main] INFO  grpc.GrpcConfigKeys$Server (ConfUtils.java:logGet(43)) - raft.grpc.server.port = 0 (default)
2019-11-14 05:02:29,394 [main] INFO  server.GrpcService (ConfUtils.java:logGet(43)) - raft.grpc.message.size.max = 33570816 (custom)
2019-11-14 05:02:29,395 [main] INFO  server.RaftServerConfigKeys (ConfUtils.java:logGet(43)) - raft.server.log.appender.buffer.byte-limit = 33554432 (custom)
2019-11-14 05:02:29,396 [main] INFO  server.GrpcService (ConfUtils.java:logGet(43)) - raft.grpc.flow.control.window = 1MB (=1048576) (default)
2019-11-14 05:02:29,397 [main] INFO  server.RaftServerConfigKeys (ConfUtils.java:logGet(43)) - raft.server.rpc.request.timeout = 3000ms (default)
2019-11-14 05:02:29,541 [main] INFO  server.RaftServerConfigKeys (ConfUtils.java:logGet(43)) - raft.server.storage.dir = [/workdir/hadoop-ozone/tools/target/test-dir/MiniOzoneClusterImpl-100cec03-9053-448d-9d5d-862c867472e5/datanode-0/data/ratis] (custom)
2019-11-14 05:02:29,587 [main] INFO  hdfs.DFSUtil (DFSUtil.java:httpServerTemplateForNNAndJN(1641)) - Starting Web-server for hddsDatanode at: http://0.0.0.0:0
2019-11-14 05:02:29,590 [main] INFO  server.AuthenticationFilter (AuthenticationFilter.java:constructSecretProvider(240)) - Unable to initialize FileSignerSecretProvider, falling back to use random secrets.
2019-11-14 05:02:29,591 [main] WARN  http.HttpRequestLog (HttpRequestLog.java:getRequestLog(97)) - Jetty request log can only be enabled using Log4j
2019-11-14 05:02:29,594 [main] INFO  http.HttpServer2 (HttpServer2.java:addGlobalFilter(975)) - Added global filter 'safety' (class=org.apache.hadoop.http.HttpServer2$QuotingInputFilter)
2019-11-14 05:02:29,596 [main] INFO  http.HttpServer2 (HttpServer2.java:addFilter(948)) - Added filter static_user_filter (class=org.apache.hadoop.http.lib.StaticUserWebFilter$StaticUserFilter) to context hddsDatanode
2019-11-14 05:02:29,596 [main] INFO  http.HttpServer2 (HttpServer2.java:addFilter(958)) - Added filter static_user_filter (class=org.apache.hadoop.http.lib.StaticUserWebFilter$StaticUserFilter) to context static
2019-11-14 05:02:29,596 [main] INFO  http.HttpServer2 (HttpServer2.java:addFilter(958)) - Added filter static_user_filter (class=org.apache.hadoop.http.lib.StaticUserWebFilter$StaticUserFilter) to context logs
2019-11-14 05:02:29,598 [main] INFO  http.HttpServer2 (HttpServer2.java:bindListener(1191)) - Jetty bound to port 45688
2019-11-14 05:02:29,598 [main] INFO  server.Server (Server.java:doStart(351)) - jetty-9.3.25.v20180904, build timestamp: 2018-09-04T21:11:46Z, git hash: 3ce520221d0240229c862b122d2b06c12a625732
2019-11-14 05:02:29,603 [main] INFO  handler.ContextHandler (ContextHandler.java:doStart(781)) - Started o.e.j.s.ServletContextHandler@1bc0d349{/logs,file:///workdir/hadoop-ozone/tools/target/log,AVAILABLE}
2019-11-14 05:02:29,603 [main] INFO  handler.ContextHandler (ContextHandler.java:doStart(781)) - Started o.e.j.s.ServletContextHandler@5292ceca{/static,jar:file:/home/user/.m2/repository/org/apache/hadoop/hadoop-hdds-container-service/0.5.0-SNAPSHOT/hadoop-hdds-container-service-0.5.0-SNAPSHOT.jar!/webapps/static,AVAILABLE}
2019-11-14 05:02:29,649 [main] INFO  handler.ContextHandler (ContextHandler.java:doStart(781)) - Started o.e.j.w.WebAppContext@62db3891{/,file:///tmp/jetty-0.0.0.0-45688-hddsDatanode-_-any-6977401194311095615.dir/webapp/,AVAILABLE}{/hddsDatanode}
2019-11-14 05:02:29,650 [main] INFO  server.AbstractConnector (AbstractConnector.java:doStart(278)) - Started ServerConnector@61cd1c71{HTTP/1.1,[http/1.1]}{0.0.0.0:45688}
2019-11-14 05:02:29,650 [main] INFO  server.Server (Server.java:doStart(419)) - Started @5071ms
2019-11-14 05:02:29,651 [main] WARN  impl.MetricsSystemImpl (MetricsSystemImpl.java:register(276)) - Sink prometheus already exists!
2019-11-14 05:02:29,652 [main] INFO  server.BaseHttpServer (BaseHttpServer.java:updateConnectorAddress(215)) - HTTP server of HDDSDATANODE is listening at http://0.0.0.0:45688
2019-11-14 05:02:29,653 [main] INFO  impl.MetricsSystemImpl (MetricsSystemImpl.java:init(158)) - HddsDatanode metrics system started (again)
2019-11-14 05:02:29,657 [main] INFO  ozone.HddsDatanodeService (HddsDatanodeService.java:start(186)) - HddsDatanodeService host:trunk-nightly-20191114-k5n9k-339518648 ip:192.168.157.206
2019-11-14 05:02:29,660 [org.apache.hadoop.util.JvmPauseMonitor$Monitor@1f9eb832] INFO  util.JvmPauseMonitor (JvmPauseMonitor.java:run(188)) - Starting JVM pause monitor
2019-11-14 05:02:29,667 [main] INFO  volume.HddsVolume (HddsVolume.java:<init>(176)) - Creating Volume: /workdir/hadoop-ozone/tools/target/test-dir/MiniOzoneClusterImpl-100cec03-9053-448d-9d5d-862c867472e5/datanode-1/data/containers/hdds of  storage type : DISK and capacity : 1482555576320
2019-11-14 05:02:29,667 [main] INFO  volume.VolumeSet (VolumeSet.java:initializeVolumeSet(170)) - Added Volume : /workdir/hadoop-ozone/tools/target/test-dir/MiniOzoneClusterImpl-100cec03-9053-448d-9d5d-862c867472e5/datanode-1/data/containers/hdds to VolumeSet
2019-11-14 05:02:29,668 [main] INFO  volume.ThrottledAsyncChecker (ThrottledAsyncChecker.java:schedule(141)) - Scheduling a check for /workdir/hadoop-ozone/tools/target/test-dir/MiniOzoneClusterImpl-100cec03-9053-448d-9d5d-862c867472e5/datanode-1/data/containers/hdds
2019-11-14 05:02:29,669 [main] INFO  volume.HddsVolumeChecker (HddsVolumeChecker.java:checkAllVolumes(204)) - Scheduled health check for volume /workdir/hadoop-ozone/tools/target/test-dir/MiniOzoneClusterImpl-100cec03-9053-448d-9d5d-862c867472e5/datanode-1/data/containers/hdds
2019-11-14 05:02:29,685 [main] INFO  impl.RaftServerProxy (ConfUtils.java:logGet(43)) - raft.rpc.type = GRPC (default)
2019-11-14 05:02:29,686 [main] INFO  grpc.GrpcFactory (GrpcFactory.java:checkPooledByteBufAllocatorUseCacheForAllThreads(45)) - PERFORMANCE WARNING: useCacheForAllThreads is true that may cause Netty to create a lot garbage objects and, as a result, trigger GC.
	It is recommended to disable useCacheForAllThreads by setting -Dorg.apache.ratis.thirdparty.io.netty.allocator.useCacheForAllThreads=false in command line.
2019-11-14 05:02:29,686 [main] INFO  grpc.GrpcConfigKeys$Server (ConfUtils.java:logGet(43)) - raft.grpc.server.port = 0 (default)
2019-11-14 05:02:29,686 [main] INFO  server.GrpcService (ConfUtils.java:logGet(43)) - raft.grpc.message.size.max = 33570816 (custom)
2019-11-14 05:02:29,686 [main] INFO  server.RaftServerConfigKeys (ConfUtils.java:logGet(43)) - raft.server.log.appender.buffer.byte-limit = 33554432 (custom)
2019-11-14 05:02:29,687 [main] INFO  server.GrpcService (ConfUtils.java:logGet(43)) - raft.grpc.flow.control.window = 1MB (=1048576) (default)
2019-11-14 05:02:29,687 [main] INFO  server.RaftServerConfigKeys (ConfUtils.java:logGet(43)) - raft.server.rpc.request.timeout = 3000ms (default)
2019-11-14 05:02:29,688 [main] INFO  server.RaftServerConfigKeys (ConfUtils.java:logGet(43)) - raft.server.storage.dir = [/workdir/hadoop-ozone/tools/target/test-dir/MiniOzoneClusterImpl-100cec03-9053-448d-9d5d-862c867472e5/datanode-1/data/ratis] (custom)
2019-11-14 05:02:29,689 [main] INFO  hdfs.DFSUtil (DFSUtil.java:httpServerTemplateForNNAndJN(1641)) - Starting Web-server for hddsDatanode at: http://0.0.0.0:0
2019-11-14 05:02:29,691 [main] INFO  server.AuthenticationFilter (AuthenticationFilter.java:constructSecretProvider(240)) - Unable to initialize FileSignerSecretProvider, falling back to use random secrets.
2019-11-14 05:02:29,691 [main] WARN  http.HttpRequestLog (HttpRequestLog.java:getRequestLog(97)) - Jetty request log can only be enabled using Log4j
2019-11-14 05:02:29,693 [main] INFO  http.HttpServer2 (HttpServer2.java:addGlobalFilter(975)) - Added global filter 'safety' (class=org.apache.hadoop.http.HttpServer2$QuotingInputFilter)
2019-11-14 05:02:29,694 [main] INFO  http.HttpServer2 (HttpServer2.java:addFilter(948)) - Added filter static_user_filter (class=org.apache.hadoop.http.lib.StaticUserWebFilter$StaticUserFilter) to context hddsDatanode
2019-11-14 05:02:29,694 [main] INFO  http.HttpServer2 (HttpServer2.java:addFilter(958)) - Added filter static_user_filter (class=org.apache.hadoop.http.lib.StaticUserWebFilter$StaticUserFilter) to context logs
2019-11-14 05:02:29,694 [main] INFO  http.HttpServer2 (HttpServer2.java:addFilter(958)) - Added filter static_user_filter (class=org.apache.hadoop.http.lib.StaticUserWebFilter$StaticUserFilter) to context static
2019-11-14 05:02:29,695 [main] INFO  http.HttpServer2 (HttpServer2.java:bindListener(1191)) - Jetty bound to port 37584
2019-11-14 05:02:29,695 [main] INFO  server.Server (Server.java:doStart(351)) - jetty-9.3.25.v20180904, build timestamp: 2018-09-04T21:11:46Z, git hash: 3ce520221d0240229c862b122d2b06c12a625732
2019-11-14 05:02:29,699 [main] INFO  handler.ContextHandler (ContextHandler.java:doStart(781)) - Started o.e.j.s.ServletContextHandler@277bf091{/logs,file:///workdir/hadoop-ozone/tools/target/log,AVAILABLE}
2019-11-14 05:02:29,700 [main] INFO  handler.ContextHandler (ContextHandler.java:doStart(781)) - Started o.e.j.s.ServletContextHandler@6a094db2{/static,jar:file:/home/user/.m2/repository/org/apache/hadoop/hadoop-hdds-container-service/0.5.0-SNAPSHOT/hadoop-hdds-container-service-0.5.0-SNAPSHOT.jar!/webapps/static,AVAILABLE}
2019-11-14 05:02:29,731 [main] INFO  handler.ContextHandler (ContextHandler.java:doStart(781)) - Started o.e.j.w.WebAppContext@508a65bf{/,file:///tmp/jetty-0.0.0.0-37584-hddsDatanode-_-any-3996023491939898013.dir/webapp/,AVAILABLE}{/hddsDatanode}
2019-11-14 05:02:29,731 [main] INFO  server.AbstractConnector (AbstractConnector.java:doStart(278)) - Started ServerConnector@17f2dd85{HTTP/1.1,[http/1.1]}{0.0.0.0:37584}
2019-11-14 05:02:29,732 [main] INFO  server.Server (Server.java:doStart(419)) - Started @5153ms
2019-11-14 05:02:29,733 [main] WARN  impl.MetricsSystemImpl (MetricsSystemImpl.java:register(276)) - Sink prometheus already exists!
2019-11-14 05:02:29,734 [main] INFO  server.BaseHttpServer (BaseHttpServer.java:updateConnectorAddress(215)) - HTTP server of HDDSDATANODE is listening at http://0.0.0.0:37584
2019-11-14 05:02:29,735 [main] INFO  impl.MetricsSystemImpl (MetricsSystemImpl.java:init(158)) - HddsDatanode metrics system started (again)
2019-11-14 05:02:29,738 [org.apache.hadoop.util.JvmPauseMonitor$Monitor@a793880] INFO  util.JvmPauseMonitor (JvmPauseMonitor.java:run(188)) - Starting JVM pause monitor
2019-11-14 05:02:29,739 [main] INFO  ozone.HddsDatanodeService (HddsDatanodeService.java:start(186)) - HddsDatanodeService host:trunk-nightly-20191114-k5n9k-339518648 ip:192.168.157.206
2019-11-14 05:02:29,748 [main] INFO  volume.HddsVolume (HddsVolume.java:<init>(176)) - Creating Volume: /workdir/hadoop-ozone/tools/target/test-dir/MiniOzoneClusterImpl-100cec03-9053-448d-9d5d-862c867472e5/datanode-2/data/containers/hdds of  storage type : DISK and capacity : 1482555576320
2019-11-14 05:02:29,748 [main] INFO  volume.VolumeSet (VolumeSet.java:initializeVolumeSet(170)) - Added Volume : /workdir/hadoop-ozone/tools/target/test-dir/MiniOzoneClusterImpl-100cec03-9053-448d-9d5d-862c867472e5/datanode-2/data/containers/hdds to VolumeSet
2019-11-14 05:02:29,749 [main] INFO  volume.ThrottledAsyncChecker (ThrottledAsyncChecker.java:schedule(141)) - Scheduling a check for /workdir/hadoop-ozone/tools/target/test-dir/MiniOzoneClusterImpl-100cec03-9053-448d-9d5d-862c867472e5/datanode-2/data/containers/hdds
2019-11-14 05:02:29,749 [main] INFO  volume.HddsVolumeChecker (HddsVolumeChecker.java:checkAllVolumes(204)) - Scheduled health check for volume /workdir/hadoop-ozone/tools/target/test-dir/MiniOzoneClusterImpl-100cec03-9053-448d-9d5d-862c867472e5/datanode-2/data/containers/hdds
2019-11-14 05:02:29,768 [main] INFO  impl.RaftServerProxy (ConfUtils.java:logGet(43)) - raft.rpc.type = GRPC (default)
2019-11-14 05:02:29,769 [main] INFO  grpc.GrpcFactory (GrpcFactory.java:checkPooledByteBufAllocatorUseCacheForAllThreads(45)) - PERFORMANCE WARNING: useCacheForAllThreads is true that may cause Netty to create a lot garbage objects and, as a result, trigger GC.
	It is recommended to disable useCacheForAllThreads by setting -Dorg.apache.ratis.thirdparty.io.netty.allocator.useCacheForAllThreads=false in command line.
2019-11-14 05:02:29,769 [main] INFO  grpc.GrpcConfigKeys$Server (ConfUtils.java:logGet(43)) - raft.grpc.server.port = 0 (default)
2019-11-14 05:02:29,769 [main] INFO  server.GrpcService (ConfUtils.java:logGet(43)) - raft.grpc.message.size.max = 33570816 (custom)
2019-11-14 05:02:29,770 [main] INFO  server.RaftServerConfigKeys (ConfUtils.java:logGet(43)) - raft.server.log.appender.buffer.byte-limit = 33554432 (custom)
2019-11-14 05:02:29,770 [main] INFO  server.GrpcService (ConfUtils.java:logGet(43)) - raft.grpc.flow.control.window = 1MB (=1048576) (default)
2019-11-14 05:02:29,770 [main] INFO  server.RaftServerConfigKeys (ConfUtils.java:logGet(43)) - raft.server.rpc.request.timeout = 3000ms (default)
2019-11-14 05:02:29,771 [main] INFO  server.RaftServerConfigKeys (ConfUtils.java:logGet(43)) - raft.server.storage.dir = [/workdir/hadoop-ozone/tools/target/test-dir/MiniOzoneClusterImpl-100cec03-9053-448d-9d5d-862c867472e5/datanode-2/data/ratis] (custom)
2019-11-14 05:02:29,773 [main] INFO  hdfs.DFSUtil (DFSUtil.java:httpServerTemplateForNNAndJN(1641)) - Starting Web-server for hddsDatanode at: http://0.0.0.0:0
2019-11-14 05:02:29,775 [main] INFO  server.AuthenticationFilter (AuthenticationFilter.java:constructSecretProvider(240)) - Unable to initialize FileSignerSecretProvider, falling back to use random secrets.
2019-11-14 05:02:29,776 [main] WARN  http.HttpRequestLog (HttpRequestLog.java:getRequestLog(97)) - Jetty request log can only be enabled using Log4j
2019-11-14 05:02:29,778 [main] INFO  http.HttpServer2 (HttpServer2.java:addGlobalFilter(975)) - Added global filter 'safety' (class=org.apache.hadoop.http.HttpServer2$QuotingInputFilter)
2019-11-14 05:02:29,779 [main] INFO  http.HttpServer2 (HttpServer2.java:addFilter(948)) - Added filter static_user_filter (class=org.apache.hadoop.http.lib.StaticUserWebFilter$StaticUserFilter) to context hddsDatanode
2019-11-14 05:02:29,779 [main] INFO  http.HttpServer2 (HttpServer2.java:addFilter(958)) - Added filter static_user_filter (class=org.apache.hadoop.http.lib.StaticUserWebFilter$StaticUserFilter) to context logs
2019-11-14 05:02:29,779 [main] INFO  http.HttpServer2 (HttpServer2.java:addFilter(958)) - Added filter static_user_filter (class=org.apache.hadoop.http.lib.StaticUserWebFilter$StaticUserFilter) to context static
2019-11-14 05:02:29,780 [main] INFO  http.HttpServer2 (HttpServer2.java:bindListener(1191)) - Jetty bound to port 34110
2019-11-14 05:02:29,780 [main] INFO  server.Server (Server.java:doStart(351)) - jetty-9.3.25.v20180904, build timestamp: 2018-09-04T21:11:46Z, git hash: 3ce520221d0240229c862b122d2b06c12a625732
2019-11-14 05:02:29,783 [main] INFO  handler.ContextHandler (ContextHandler.java:doStart(781)) - Started o.e.j.s.ServletContextHandler@767a014e{/logs,file:///workdir/hadoop-ozone/tools/target/log,AVAILABLE}
2019-11-14 05:02:29,783 [Datanode State Machine Thread - 0] INFO  datanode.InitDatanodeState (InitDatanodeState.java:persistContainerDatanodeDetails(140)) - DatanodeDetails is persisted to /workdir/hadoop-ozone/tools/target/test-dir/MiniOzoneClusterImpl-100cec03-9053-448d-9d5d-862c867472e5/datanode-0/meta/datanode.id
2019-11-14 05:02:29,783 [main] INFO  handler.ContextHandler (ContextHandler.java:doStart(781)) - Started o.e.j.s.ServletContextHandler@3968bc60{/static,jar:file:/home/user/.m2/repository/org/apache/hadoop/hadoop-hdds-container-service/0.5.0-SNAPSHOT/hadoop-hdds-container-service-0.5.0-SNAPSHOT.jar!/webapps/static,AVAILABLE}
2019-11-14 05:02:29,787 [Datanode State Machine Thread - 0] INFO  datanode.InitDatanodeState (InitDatanodeState.java:persistContainerDatanodeDetails(140)) - DatanodeDetails is persisted to /workdir/hadoop-ozone/tools/target/test-dir/MiniOzoneClusterImpl-100cec03-9053-448d-9d5d-862c867472e5/datanode-1/meta/datanode.id
2019-11-14 05:02:29,820 [main] INFO  handler.ContextHandler (ContextHandler.java:doStart(781)) - Started o.e.j.w.WebAppContext@6edcad64{/,file:///tmp/jetty-0.0.0.0-34110-hddsDatanode-_-any-8847028601825044585.dir/webapp/,AVAILABLE}{/hddsDatanode}
2019-11-14 05:02:29,821 [main] INFO  server.AbstractConnector (AbstractConnector.java:doStart(278)) - Started ServerConnector@4c6007fb{HTTP/1.1,[http/1.1]}{0.0.0.0:34110}
2019-11-14 05:02:29,821 [main] INFO  server.Server (Server.java:doStart(419)) - Started @5242ms
2019-11-14 05:02:29,822 [main] WARN  impl.MetricsSystemImpl (MetricsSystemImpl.java:register(276)) - Sink prometheus already exists!
2019-11-14 05:02:29,823 [main] INFO  server.BaseHttpServer (BaseHttpServer.java:updateConnectorAddress(215)) - HTTP server of HDDSDATANODE is listening at http://0.0.0.0:34110
2019-11-14 05:02:29,825 [main] INFO  ozone.MiniOzoneClusterImpl (MiniOzoneClusterImpl.java:lambda$waitForClusterToBeReady$2(171)) - Waiting for cluster to be ready. Got 0 of 3 DN Heartbeats.
2019-11-14 05:02:29,827 [org.apache.hadoop.util.JvmPauseMonitor$Monitor@133c6f09] INFO  util.JvmPauseMonitor (JvmPauseMonitor.java:run(188)) - Starting JVM pause monitor
2019-11-14 05:02:29,830 [Datanode State Machine Thread - 0] INFO  datanode.InitDatanodeState (InitDatanodeState.java:persistContainerDatanodeDetails(140)) - DatanodeDetails is persisted to /workdir/hadoop-ozone/tools/target/test-dir/MiniOzoneClusterImpl-100cec03-9053-448d-9d5d-862c867472e5/datanode-2/meta/datanode.id
2019-11-14 05:02:30,826 [main] INFO  ozone.MiniOzoneClusterImpl (MiniOzoneClusterImpl.java:lambda$waitForClusterToBeReady$2(171)) - Waiting for cluster to be ready. Got 0 of 3 DN Heartbeats.
2019-11-14 05:02:31,764 [Datanode State Machine Thread - 0] INFO  ozoneimpl.OzoneContainer (OzoneContainer.java:start(230)) - Attempting to start container services.
2019-11-14 05:02:31,764 [Datanode State Machine Thread - 0] INFO  ozoneimpl.OzoneContainer (OzoneContainer.java:start(230)) - Attempting to start container services.
2019-11-14 05:02:31,768 [Datanode State Machine Thread - 0] INFO  ozoneimpl.OzoneContainer (OzoneContainer.java:startContainerScrub(194)) - Background container scanner has been disabled.
2019-11-14 05:02:31,768 [Datanode State Machine Thread - 0] INFO  ozoneimpl.OzoneContainer (OzoneContainer.java:startContainerScrub(194)) - Background container scanner has been disabled.
2019-11-14 05:02:31,768 [Datanode State Machine Thread - 0] INFO  ratis.XceiverServerRatis (XceiverServerRatis.java:start(421)) - Starting XceiverServerRatis 4d6b5caf-4e9b-416c-b427-49c0e702c9ae at port 0
2019-11-14 05:02:31,769 [Datanode State Machine Thread - 0] INFO  ratis.XceiverServerRatis (XceiverServerRatis.java:start(421)) - Starting XceiverServerRatis 3afe92fd-7288-4d6b-955e-7c4ea0258921 at port 0
2019-11-14 05:02:31,812 [Datanode State Machine Thread - 0] INFO  impl.RaftServerProxy (RaftServerProxy.java:lambda$start$3(299)) - 3afe92fd-7288-4d6b-955e-7c4ea0258921: start RPC server
2019-11-14 05:02:31,812 [Datanode State Machine Thread - 0] INFO  impl.RaftServerProxy (RaftServerProxy.java:lambda$start$3(299)) - 4d6b5caf-4e9b-416c-b427-49c0e702c9ae: start RPC server
2019-11-14 05:02:31,826 [main] INFO  ozone.MiniOzoneClusterImpl (MiniOzoneClusterImpl.java:lambda$waitForClusterToBeReady$2(171)) - Waiting for cluster to be ready. Got 0 of 3 DN Heartbeats.
2019-11-14 05:02:31,851 [Datanode State Machine Thread - 0] INFO  ozoneimpl.OzoneContainer (OzoneContainer.java:start(230)) - Attempting to start container services.
2019-11-14 05:02:31,858 [Datanode State Machine Thread - 0] INFO  ozoneimpl.OzoneContainer (OzoneContainer.java:startContainerScrub(194)) - Background container scanner has been disabled.
2019-11-14 05:02:31,858 [Datanode State Machine Thread - 0] INFO  ratis.XceiverServerRatis (XceiverServerRatis.java:start(421)) - Starting XceiverServerRatis 530753ab-4ab5-4995-8706-b83783b9fb77 at port 0
2019-11-14 05:02:31,868 [Datanode State Machine Thread - 0] INFO  impl.RaftServerProxy (RaftServerProxy.java:lambda$start$3(299)) - 530753ab-4ab5-4995-8706-b83783b9fb77: start RPC server
2019-11-14 05:02:31,958 [Datanode State Machine Thread - 0] INFO  server.GrpcService (GrpcService.java:startImpl(158)) - 3afe92fd-7288-4d6b-955e-7c4ea0258921: GrpcService started, listening on 0.0.0.0/0.0.0.0:33058
2019-11-14 05:02:31,958 [Datanode State Machine Thread - 0] INFO  server.GrpcService (GrpcService.java:startImpl(158)) - 4d6b5caf-4e9b-416c-b427-49c0e702c9ae: GrpcService started, listening on 0.0.0.0/0.0.0.0:42088
2019-11-14 05:02:31,958 [Datanode State Machine Thread - 0] INFO  server.GrpcService (GrpcService.java:startImpl(158)) - 530753ab-4ab5-4995-8706-b83783b9fb77: GrpcService started, listening on 0.0.0.0/0.0.0.0:42733
2019-11-14 05:02:31,959 [Datanode State Machine Thread - 0] INFO  ratis.XceiverServerRatis (XceiverServerRatis.java:start(431)) - XceiverServerRatis 4d6b5caf-4e9b-416c-b427-49c0e702c9ae is started using port 42088
2019-11-14 05:02:31,959 [Datanode State Machine Thread - 0] INFO  ratis.XceiverServerRatis (XceiverServerRatis.java:start(431)) - XceiverServerRatis 3afe92fd-7288-4d6b-955e-7c4ea0258921 is started using port 33058
2019-11-14 05:02:31,960 [Datanode State Machine Thread - 0] INFO  ratis.XceiverServerRatis (XceiverServerRatis.java:start(431)) - XceiverServerRatis 530753ab-4ab5-4995-8706-b83783b9fb77 is started using port 42733
2019-11-14 05:02:31,965 [Datanode State Machine Thread - 0] INFO  server.XceiverServerGrpc (XceiverServerGrpc.java:start(145)) - XceiverServerGrpc 4d6b5caf-4e9b-416c-b427-49c0e702c9ae is started using port 40128
2019-11-14 05:02:31,965 [Datanode State Machine Thread - 0] INFO  server.XceiverServerGrpc (XceiverServerGrpc.java:start(145)) - XceiverServerGrpc 3afe92fd-7288-4d6b-955e-7c4ea0258921 is started using port 35956
2019-11-14 05:02:31,966 [Datanode State Machine Thread - 0] INFO  server.XceiverServerGrpc (XceiverServerGrpc.java:start(145)) - XceiverServerGrpc 530753ab-4ab5-4995-8706-b83783b9fb77 is started using port 45256
2019-11-14 05:02:32,827 [main] INFO  ozone.MiniOzoneClusterImpl (MiniOzoneClusterImpl.java:lambda$waitForClusterToBeReady$2(171)) - Waiting for cluster to be ready. Got 0 of 3 DN Heartbeats.
2019-11-14 05:02:33,702 [IPC Server handler 0 on 36863] INFO  net.NetworkTopology (NetworkTopologyImpl.java:add(111)) - Added a new node: /default-rack/3afe92fd-7288-4d6b-955e-7c4ea0258921
2019-11-14 05:02:33,703 [IPC Server handler 0 on 36863] INFO  node.SCMNodeManager (SCMNodeManager.java:register(267)) - Registered Data node : 3afe92fd-7288-4d6b-955e-7c4ea0258921{ip: 192.168.157.206, host: trunk-nightly-20191114-k5n9k-339518648, networkLocation: /default-rack, certSerialId: null}
2019-11-14 05:02:33,706 [EventQueue-NodeRegistrationContainerReportForDataNodeSafeModeRule] INFO  safemode.SCMSafeModeManager (DataNodeSafeModeRule.java:process(71)) - SCM in safe mode. 1 DataNodes registered, 1 required.
2019-11-14 05:02:33,707 [EventQueue-NodeRegistrationContainerReportForDataNodeSafeModeRule] INFO  safemode.SCMSafeModeManager (SCMSafeModeManager.java:validateSafeModeExitRules(177)) - ScmSafeModeManager, all rules are successfully validated
2019-11-14 05:02:33,707 [EventQueue-NodeRegistrationContainerReportForDataNodeSafeModeRule] INFO  safemode.SCMSafeModeManager (SCMSafeModeManager.java:exitSafeMode(193)) - SCM exiting safe mode.
2019-11-14 05:02:33,740 [IPC Server handler 2 on 36863] INFO  net.NetworkTopology (NetworkTopologyImpl.java:add(111)) - Added a new node: /default-rack/4d6b5caf-4e9b-416c-b427-49c0e702c9ae
2019-11-14 05:02:33,741 [IPC Server handler 2 on 36863] INFO  node.SCMNodeManager (SCMNodeManager.java:register(267)) - Registered Data node : 4d6b5caf-4e9b-416c-b427-49c0e702c9ae{ip: 192.168.157.206, host: trunk-nightly-20191114-k5n9k-339518648, networkLocation: /default-rack, certSerialId: null}
2019-11-14 05:02:33,830 [IPC Server handler 1 on 36863] INFO  net.NetworkTopology (NetworkTopologyImpl.java:add(111)) - Added a new node: /default-rack/530753ab-4ab5-4995-8706-b83783b9fb77
2019-11-14 05:02:33,830 [IPC Server handler 1 on 36863] INFO  node.SCMNodeManager (SCMNodeManager.java:register(267)) - Registered Data node : 530753ab-4ab5-4995-8706-b83783b9fb77{ip: 192.168.157.206, host: trunk-nightly-20191114-k5n9k-339518648, networkLocation: /default-rack, certSerialId: null}
2019-11-14 05:02:34,272 [grpc-default-executor-0] INFO  impl.RaftServerProxy (RaftServerProxy.java:addNew(89)) - 3afe92fd-7288-4d6b-955e-7c4ea0258921: addNew group-23DD96D343F9:[3afe92fd-7288-4d6b-955e-7c4ea0258921:192.168.157.206:33058] returns group-23DD96D343F9:java.util.concurrent.CompletableFuture@6beba24a[Not completed]
2019-11-14 05:02:34,294 [pool-27-thread-1] INFO  impl.RaftServerImpl (RaftServerImpl.java:<init>(98)) - 3afe92fd-7288-4d6b-955e-7c4ea0258921: new RaftServerImpl for group-23DD96D343F9:[3afe92fd-7288-4d6b-955e-7c4ea0258921:192.168.157.206:33058] with ContainerStateMachine:uninitialized
2019-11-14 05:02:34,297 [pool-27-thread-1] INFO  server.RaftServerConfigKeys (ConfUtils.java:logGet(43)) - raft.server.rpc.timeout.min = 5s (custom)
2019-11-14 05:02:34,298 [pool-27-thread-1] INFO  server.RaftServerConfigKeys (ConfUtils.java:logGet(43)) - raft.server.rpc.timeout.max = 5200ms (custom)
2019-11-14 05:02:34,298 [pool-27-thread-1] INFO  server.RaftServerConfigKeys (ConfUtils.java:logGet(43)) - raft.server.rpcslowness.timeout = 120s (custom)
2019-11-14 05:02:34,300 [pool-27-thread-1] INFO  server.RaftServerConfigKeys (ConfUtils.java:logGet(43)) - raft.server.sleep.deviation.threshold = 300 (default)
2019-11-14 05:02:34,301 [pool-27-thread-1] INFO  server.RaftServerConfigKeys (ConfUtils.java:logGet(43)) - raft.server.log.appender.install.snapshot.enabled = false (custom)
2019-11-14 05:02:34,311 [pool-27-thread-1] INFO  impl.RaftServerImpl (ServerState.java:<init>(103)) - 3afe92fd-7288-4d6b-955e-7c4ea0258921@group-23DD96D343F9: ConfigurationManager, init=-1: [3afe92fd-7288-4d6b-955e-7c4ea0258921:192.168.157.206:33058], old=null, confs=<EMPTY_MAP>
2019-11-14 05:02:34,312 [pool-27-thread-1] INFO  server.RaftServerConfigKeys (ConfUtils.java:logGet(43)) - raft.server.storage.dir = [/workdir/hadoop-ozone/tools/target/test-dir/MiniOzoneClusterImpl-100cec03-9053-448d-9d5d-862c867472e5/datanode-0/data/ratis] (custom)
2019-11-14 05:02:34,320 [pool-27-thread-1] INFO  server.RaftServerConfigKeys (ConfUtils.java:logGet(43)) - raft.server.log.corruption.policy = EXCEPTION (default)
2019-11-14 05:02:34,323 [pool-27-thread-1] INFO  storage.RaftStorageDirectory (RaftStorageDirectory.java:analyzeStorage(246)) - The storage directory /workdir/hadoop-ozone/tools/target/test-dir/MiniOzoneClusterImpl-100cec03-9053-448d-9d5d-862c867472e5/datanode-0/data/ratis/05a719ec-aca4-4c4b-9277-23dd96d343f9 does not exist. Creating ...
2019-11-14 05:02:34,353 [pool-27-thread-1] INFO  storage.RaftStorageDirectory (RaftStorageDirectory.java:tryLock(328)) - Lock on /workdir/hadoop-ozone/tools/target/test-dir/MiniOzoneClusterImpl-100cec03-9053-448d-9d5d-862c867472e5/datanode-0/data/ratis/05a719ec-aca4-4c4b-9277-23dd96d343f9/in_use.lock acquired by nodename 30844@trunk-nightly-20191114-k5n9k-339518648
2019-11-14 05:02:34,397 [pool-27-thread-1] INFO  storage.RaftStorage (RaftStorage.java:format(84)) - Storage directory /workdir/hadoop-ozone/tools/target/test-dir/MiniOzoneClusterImpl-100cec03-9053-448d-9d5d-862c867472e5/datanode-0/data/ratis/05a719ec-aca4-4c4b-9277-23dd96d343f9 has been successfully formatted.
2019-11-14 05:02:34,400 [pool-27-thread-1] INFO  ratis.ContainerStateMachine (ContainerStateMachine.java:loadSnapshot(223)) - group-23DD96D343F9: The snapshot info is null. Setting the last applied indexto:(t:0, i:~)
2019-11-14 05:02:34,400 [pool-27-thread-1] INFO  server.RaftServerConfigKeys (ConfUtils.java:logGet(43)) - raft.server.notification.no-leader.timeout = 120s (custom)
2019-11-14 05:02:34,403 [pool-27-thread-1] INFO  server.RaftServerConfigKeys (ConfUtils.java:logGet(43)) - raft.server.log.use.memory = false (default)
2019-11-14 05:02:34,411 [pool-27-thread-1] INFO  server.RaftServerConfigKeys (ConfUtils.java:logGet(43)) - raft.server.log.purge.gap = 1000000 (custom)
2019-11-14 05:02:34,411 [pool-27-thread-1] INFO  server.RaftServerConfigKeys (ConfUtils.java:logGet(43)) - raft.server.log.appender.buffer.byte-limit = 33554432 (custom)
2019-11-14 05:02:34,414 [pool-27-thread-1] INFO  server.RaftServerConfigKeys (ConfUtils.java:logGet(43)) - raft.server.log.segment.size.max = 1048576 (custom)
2019-11-14 05:02:34,424 [pool-27-thread-1] INFO  metrics.MetricRegistries (MetricRegistriesLoader.java:load(64)) - Loaded MetricRegistries class org.apache.ratis.metrics.impl.MetricRegistriesImpl
2019-11-14 05:02:34,429 [pool-27-thread-1] WARN  impl.MetricRegistriesImpl (MetricRegistriesImpl.java:lambda$create$1(61)) - First MetricRegistry has been created without registering reporters. You may need to call MetricRegistries.global().addReportRegistration(...) before.
2019-11-14 05:02:34,436 [pool-27-thread-1] INFO  server.RaftServerConfigKeys (ConfUtils.java:logGet(43)) - raft.server.log.segment.cache.num.max = 2 (custom)
2019-11-14 05:02:34,442 [pool-27-thread-1] INFO  segmented.SegmentedRaftLogWorker (SegmentedRaftLogWorker.java:<init>(173)) - new 3afe92fd-7288-4d6b-955e-7c4ea0258921@group-23DD96D343F9-SegmentedRaftLogWorker for RaftStorage:Storage Directory /workdir/hadoop-ozone/tools/target/test-dir/MiniOzoneClusterImpl-100cec03-9053-448d-9d5d-862c867472e5/datanode-0/data/ratis/05a719ec-aca4-4c4b-9277-23dd96d343f9
2019-11-14 05:02:34,443 [pool-27-thread-1] INFO  server.RaftServerConfigKeys (ConfUtils.java:logGet(43)) - raft.server.log.queue.byte-limit = 2147483647 (custom)
2019-11-14 05:02:34,444 [pool-27-thread-1] INFO  server.RaftServerConfigKeys (ConfUtils.java:logGet(43)) - raft.server.log.queue.element-limit = 1024 (custom)
2019-11-14 05:02:34,445 [pool-27-thread-1] INFO  server.RaftServerConfigKeys (ConfUtils.java:logGet(43)) - raft.server.log.segment.size.max = 1048576 (custom)
2019-11-14 05:02:34,446 [pool-27-thread-1] INFO  server.RaftServerConfigKeys (ConfUtils.java:logGet(43)) - raft.server.log.preallocated.size = 16384 (custom)
2019-11-14 05:02:34,446 [pool-27-thread-1] INFO  server.RaftServerConfigKeys (ConfUtils.java:logGet(43)) - raft.server.log.write.buffer.size = 33554432 (custom)
2019-11-14 05:02:34,447 [pool-27-thread-1] INFO  server.RaftServerConfigKeys (ConfUtils.java:logGet(43)) - raft.server.log.force.sync.num = 128 (default)
2019-11-14 05:02:34,448 [pool-27-thread-1] INFO  server.RaftServerConfigKeys (ConfUtils.java:logGet(43)) - raft.server.log.statemachine.data.sync = true (default)
2019-11-14 05:02:34,448 [pool-27-thread-1] INFO  server.RaftServerConfigKeys (ConfUtils.java:logGet(43)) - raft.server.log.statemachine.data.sync.timeout = 10s (default)
2019-11-14 05:02:34,449 [pool-27-thread-1] INFO  server.RaftServerConfigKeys (ConfUtils.java:logGet(43)) - raft.server.log.statemachine.data.sync.timeout.retry = -1 (default)
2019-11-14 05:02:34,462 [pool-27-thread-1] INFO  server.RaftServerConfigKeys (ConfUtils.java:logGet(43)) - raft.server.log.statemachine.data.caching.enabled = true (custom)
2019-11-14 05:02:34,467 [pool-27-thread-1] INFO  segmented.SegmentedRaftLogWorker (SegmentedRaftLogWorker.java:lambda$new$0(128)) - 3afe92fd-7288-4d6b-955e-7c4ea0258921@group-23DD96D343F9-SegmentedRaftLogWorker: flushIndex: setUnconditionally 0 -> -1
2019-11-14 05:02:34,471 [pool-27-thread-1] INFO  server.RaftServerConfigKeys (ConfUtils.java:logGet(43)) - raft.server.snapshot.auto.trigger.enabled = true (custom)
2019-11-14 05:02:34,472 [pool-27-thread-1] INFO  server.RaftServerConfigKeys (ConfUtils.java:logGet(43)) - raft.server.snapshot.auto.trigger.threshold = 10000 (custom)
2019-11-14 05:02:34,473 [pool-27-thread-1] INFO  server.RaftServerConfigKeys (ConfUtils.java:logGet(43)) - raft.server.snapshot.retention.file.num = 5 (custom)
2019-11-14 05:02:34,474 [pool-27-thread-1] INFO  server.RaftServerConfigKeys (ConfUtils.java:logGet(43)) - raft.server.retrycache.expirytime = 600000ms (custom)
2019-11-14 05:02:34,493 [pool-27-thread-1] WARN  impl.MetricRegistriesImpl (MetricRegistriesImpl.java:lambda$create$1(61)) - First MetricRegistry has been created without registering reporters. You may need to call MetricRegistries.global().addReportRegistration(...) before.
2019-11-14 05:02:34,495 [pool-27-thread-1] WARN  impl.MetricRegistriesImpl (MetricRegistriesImpl.java:lambda$create$1(61)) - First MetricRegistry has been created without registering reporters. You may need to call MetricRegistries.global().addReportRegistration(...) before.
2019-11-14 05:02:34,497 [pool-27-thread-1] INFO  impl.RaftServerImpl (RaftServerImpl.java:start(184)) - 3afe92fd-7288-4d6b-955e-7c4ea0258921@group-23DD96D343F9: start as a follower, conf=-1: [3afe92fd-7288-4d6b-955e-7c4ea0258921:192.168.157.206:33058], old=null
2019-11-14 05:02:34,498 [pool-27-thread-1] INFO  impl.RaftServerImpl (RaftServerImpl.java:setRole(173)) - 3afe92fd-7288-4d6b-955e-7c4ea0258921@group-23DD96D343F9: changes role from      null to FOLLOWER at term 0 for startAsFollower
2019-11-14 05:02:34,499 [pool-27-thread-1] INFO  impl.RoleInfo (RoleInfo.java:updateAndGet(143)) - 3afe92fd-7288-4d6b-955e-7c4ea0258921: start FollowerState
2019-11-14 05:02:34,501 [pool-27-thread-1] INFO  util.JmxRegister (JmxRegister.java:tryRegister(44)) - Successfully registered JMX Bean with object name Ratis:service=RaftServer,group=group-23DD96D343F9,id=3afe92fd-7288-4d6b-955e-7c4ea0258921
2019-11-14 05:02:34,503 [pool-27-thread-1] WARN  impl.MetricRegistriesImpl (MetricRegistriesImpl.java:lambda$create$1(61)) - First MetricRegistry has been created without registering reporters. You may need to call MetricRegistries.global().addReportRegistration(...) before.
2019-11-14 05:02:34,567 [RatisPipelineUtilsThread] INFO  pipeline.PipelineStateManager (PipelineStateManager.java:addPipeline(55)) - Created pipeline Pipeline[ Id: 05a719ec-aca4-4c4b-9277-23dd96d343f9, Nodes: 3afe92fd-7288-4d6b-955e-7c4ea0258921{ip: 192.168.157.206, host: trunk-nightly-20191114-k5n9k-339518648, networkLocation: /default-rack, certSerialId: null}, Type:RATIS, Factor:ONE, State:ALLOCATED]
2019-11-14 05:02:34,586 [grpc-default-executor-0] INFO  impl.RaftServerProxy (RaftServerProxy.java:addNew(89)) - 530753ab-4ab5-4995-8706-b83783b9fb77: addNew group-2D361D822925:[530753ab-4ab5-4995-8706-b83783b9fb77:192.168.157.206:42733] returns group-2D361D822925:java.util.concurrent.CompletableFuture@5ed1d7ea[Not completed]
2019-11-14 05:02:34,608 [pool-47-thread-1] INFO  impl.RaftServerImpl (RaftServerImpl.java:<init>(98)) - 530753ab-4ab5-4995-8706-b83783b9fb77: new RaftServerImpl for group-2D361D822925:[530753ab-4ab5-4995-8706-b83783b9fb77:192.168.157.206:42733] with ContainerStateMachine:uninitialized
2019-11-14 05:02:34,610 [pool-47-thread-1] INFO  server.RaftServerConfigKeys (ConfUtils.java:logGet(43)) - raft.server.rpc.timeout.min = 5s (custom)
2019-11-14 05:02:34,610 [pool-47-thread-1] INFO  server.RaftServerConfigKeys (ConfUtils.java:logGet(43)) - raft.server.rpc.timeout.max = 5200ms (custom)
2019-11-14 05:02:34,610 [pool-47-thread-1] INFO  server.RaftServerConfigKeys (ConfUtils.java:logGet(43)) - raft.server.rpcslowness.timeout = 120s (custom)
2019-11-14 05:02:34,610 [pool-47-thread-1] INFO  server.RaftServerConfigKeys (ConfUtils.java:logGet(43)) - raft.server.sleep.deviation.threshold = 300 (default)
2019-11-14 05:02:34,610 [pool-47-thread-1] INFO  server.RaftServerConfigKeys (ConfUtils.java:logGet(43)) - raft.server.log.appender.install.snapshot.enabled = false (custom)
2019-11-14 05:02:34,611 [pool-47-thread-1] INFO  impl.RaftServerImpl (ServerState.java:<init>(103)) - 530753ab-4ab5-4995-8706-b83783b9fb77@group-2D361D822925: ConfigurationManager, init=-1: [530753ab-4ab5-4995-8706-b83783b9fb77:192.168.157.206:42733], old=null, confs=<EMPTY_MAP>
2019-11-14 05:02:34,611 [pool-47-thread-1] INFO  server.RaftServerConfigKeys (ConfUtils.java:logGet(43)) - raft.server.storage.dir = [/workdir/hadoop-ozone/tools/target/test-dir/MiniOzoneClusterImpl-100cec03-9053-448d-9d5d-862c867472e5/datanode-2/data/ratis] (custom)
2019-11-14 05:02:34,611 [pool-47-thread-1] INFO  server.RaftServerConfigKeys (ConfUtils.java:logGet(43)) - raft.server.log.corruption.policy = EXCEPTION (default)
2019-11-14 05:02:34,612 [pool-47-thread-1] INFO  storage.RaftStorageDirectory (RaftStorageDirectory.java:analyzeStorage(246)) - The storage directory /workdir/hadoop-ozone/tools/target/test-dir/MiniOzoneClusterImpl-100cec03-9053-448d-9d5d-862c867472e5/datanode-2/data/ratis/eaab6ed9-4da4-45c0-a5cc-2d361d822925 does not exist. Creating ...
2019-11-14 05:02:34,639 [pool-47-thread-1] INFO  storage.RaftStorageDirectory (RaftStorageDirectory.java:tryLock(328)) - Lock on /workdir/hadoop-ozone/tools/target/test-dir/MiniOzoneClusterImpl-100cec03-9053-448d-9d5d-862c867472e5/datanode-2/data/ratis/eaab6ed9-4da4-45c0-a5cc-2d361d822925/in_use.lock acquired by nodename 30844@trunk-nightly-20191114-k5n9k-339518648
2019-11-14 05:02:34,664 [pool-47-thread-1] INFO  storage.RaftStorage (RaftStorage.java:format(84)) - Storage directory /workdir/hadoop-ozone/tools/target/test-dir/MiniOzoneClusterImpl-100cec03-9053-448d-9d5d-862c867472e5/datanode-2/data/ratis/eaab6ed9-4da4-45c0-a5cc-2d361d822925 has been successfully formatted.
2019-11-14 05:02:34,665 [pool-47-thread-1] INFO  ratis.ContainerStateMachine (ContainerStateMachine.java:loadSnapshot(223)) - group-2D361D822925: The snapshot info is null. Setting the last applied indexto:(t:0, i:~)
2019-11-14 05:02:34,666 [pool-47-thread-1] INFO  server.RaftServerConfigKeys (ConfUtils.java:logGet(43)) - raft.server.notification.no-leader.timeout = 120s (custom)
2019-11-14 05:02:34,667 [pool-47-thread-1] INFO  server.RaftServerConfigKeys (ConfUtils.java:logGet(43)) - raft.server.log.use.memory = false (default)
2019-11-14 05:02:34,667 [pool-47-thread-1] INFO  server.RaftServerConfigKeys (ConfUtils.java:logGet(43)) - raft.server.log.purge.gap = 1000000 (custom)
2019-11-14 05:02:34,667 [pool-47-thread-1] INFO  server.RaftServerConfigKeys (ConfUtils.java:logGet(43)) - raft.server.log.appender.buffer.byte-limit = 33554432 (custom)
2019-11-14 05:02:34,667 [pool-47-thread-1] INFO  server.RaftServerConfigKeys (ConfUtils.java:logGet(43)) - raft.server.log.segment.size.max = 1048576 (custom)
2019-11-14 05:02:34,668 [pool-47-thread-1] WARN  impl.MetricRegistriesImpl (MetricRegistriesImpl.java:lambda$create$1(61)) - First MetricRegistry has been created without registering reporters. You may need to call MetricRegistries.global().addReportRegistration(...) before.
2019-11-14 05:02:34,669 [pool-47-thread-1] INFO  server.RaftServerConfigKeys (ConfUtils.java:logGet(43)) - raft.server.log.segment.cache.num.max = 2 (custom)
2019-11-14 05:02:34,669 [pool-47-thread-1] INFO  segmented.SegmentedRaftLogWorker (SegmentedRaftLogWorker.java:<init>(173)) - new 530753ab-4ab5-4995-8706-b83783b9fb77@group-2D361D822925-SegmentedRaftLogWorker for RaftStorage:Storage Directory /workdir/hadoop-ozone/tools/target/test-dir/MiniOzoneClusterImpl-100cec03-9053-448d-9d5d-862c867472e5/datanode-2/data/ratis/eaab6ed9-4da4-45c0-a5cc-2d361d822925
2019-11-14 05:02:34,670 [pool-47-thread-1] INFO  server.RaftServerConfigKeys (ConfUtils.java:logGet(43)) - raft.server.log.queue.byte-limit = 2147483647 (custom)
2019-11-14 05:02:34,670 [pool-47-thread-1] INFO  server.RaftServerConfigKeys (ConfUtils.java:logGet(43)) - raft.server.log.queue.element-limit = 1024 (custom)
2019-11-14 05:02:34,670 [pool-47-thread-1] INFO  server.RaftServerConfigKeys (ConfUtils.java:logGet(43)) - raft.server.log.segment.size.max = 1048576 (custom)
2019-11-14 05:02:34,670 [pool-47-thread-1] INFO  server.RaftServerConfigKeys (ConfUtils.java:logGet(43)) - raft.server.log.preallocated.size = 16384 (custom)
2019-11-14 05:02:34,671 [pool-47-thread-1] INFO  server.RaftServerConfigKeys (ConfUtils.java:logGet(43)) - raft.server.log.write.buffer.size = 33554432 (custom)
2019-11-14 05:02:34,671 [pool-47-thread-1] INFO  server.RaftServerConfigKeys (ConfUtils.java:logGet(43)) - raft.server.log.force.sync.num = 128 (default)
2019-11-14 05:02:34,671 [pool-47-thread-1] INFO  server.RaftServerConfigKeys (ConfUtils.java:logGet(43)) - raft.server.log.statemachine.data.sync = true (default)
2019-11-14 05:02:34,672 [pool-47-thread-1] INFO  server.RaftServerConfigKeys (ConfUtils.java:logGet(43)) - raft.server.log.statemachine.data.sync.timeout = 10s (default)
2019-11-14 05:02:34,672 [pool-47-thread-1] INFO  server.RaftServerConfigKeys (ConfUtils.java:logGet(43)) - raft.server.log.statemachine.data.sync.timeout.retry = -1 (default)
2019-11-14 05:02:34,672 [pool-47-thread-1] INFO  server.RaftServerConfigKeys (ConfUtils.java:logGet(43)) - raft.server.log.statemachine.data.caching.enabled = true (custom)
2019-11-14 05:02:34,673 [pool-47-thread-1] INFO  segmented.SegmentedRaftLogWorker (SegmentedRaftLogWorker.java:lambda$new$0(128)) - 530753ab-4ab5-4995-8706-b83783b9fb77@group-2D361D822925-SegmentedRaftLogWorker: flushIndex: setUnconditionally 0 -> -1
2019-11-14 05:02:34,673 [pool-47-thread-1] INFO  server.RaftServerConfigKeys (ConfUtils.java:logGet(43)) - raft.server.snapshot.auto.trigger.enabled = true (custom)
2019-11-14 05:02:34,674 [pool-47-thread-1] INFO  server.RaftServerConfigKeys (ConfUtils.java:logGet(43)) - raft.server.snapshot.auto.trigger.threshold = 10000 (custom)
2019-11-14 05:02:34,674 [pool-47-thread-1] INFO  server.RaftServerConfigKeys (ConfUtils.java:logGet(43)) - raft.server.snapshot.retention.file.num = 5 (custom)
2019-11-14 05:02:34,674 [pool-47-thread-1] INFO  server.RaftServerConfigKeys (ConfUtils.java:logGet(43)) - raft.server.retrycache.expirytime = 600000ms (custom)
2019-11-14 05:02:34,675 [pool-47-thread-1] WARN  impl.MetricRegistriesImpl (MetricRegistriesImpl.java:lambda$create$1(61)) - First MetricRegistry has been created without registering reporters. You may need to call MetricRegistries.global().addReportRegistration(...) before.
2019-11-14 05:02:34,675 [pool-47-thread-1] WARN  impl.MetricRegistriesImpl (MetricRegistriesImpl.java:lambda$create$1(61)) - First MetricRegistry has been created without registering reporters. You may need to call MetricRegistries.global().addReportRegistration(...) before.
2019-11-14 05:02:34,675 [pool-47-thread-1] INFO  impl.RaftServerImpl (RaftServerImpl.java:start(184)) - 530753ab-4ab5-4995-8706-b83783b9fb77@group-2D361D822925: start as a follower, conf=-1: [530753ab-4ab5-4995-8706-b83783b9fb77:192.168.157.206:42733], old=null
2019-11-14 05:02:34,675 [pool-47-thread-1] INFO  impl.RaftServerImpl (RaftServerImpl.java:setRole(173)) - 530753ab-4ab5-4995-8706-b83783b9fb77@group-2D361D822925: changes role from      null to FOLLOWER at term 0 for startAsFollower
2019-11-14 05:02:34,676 [pool-47-thread-1] INFO  impl.RoleInfo (RoleInfo.java:updateAndGet(143)) - 530753ab-4ab5-4995-8706-b83783b9fb77: start FollowerState
2019-11-14 05:02:34,677 [pool-47-thread-1] INFO  util.JmxRegister (JmxRegister.java:tryRegister(44)) - Successfully registered JMX Bean with object name Ratis:service=RaftServer,group=group-2D361D822925,id=530753ab-4ab5-4995-8706-b83783b9fb77
2019-11-14 05:02:34,678 [pool-47-thread-1] WARN  impl.MetricRegistriesImpl (MetricRegistriesImpl.java:lambda$create$1(61)) - First MetricRegistry has been created without registering reporters. You may need to call MetricRegistries.global().addReportRegistration(...) before.
2019-11-14 05:02:34,690 [RatisPipelineUtilsThread] INFO  pipeline.PipelineStateManager (PipelineStateManager.java:addPipeline(55)) - Created pipeline Pipeline[ Id: eaab6ed9-4da4-45c0-a5cc-2d361d822925, Nodes: 530753ab-4ab5-4995-8706-b83783b9fb77{ip: 192.168.157.206, host: trunk-nightly-20191114-k5n9k-339518648, networkLocation: /default-rack, certSerialId: null}, Type:RATIS, Factor:ONE, State:ALLOCATED]
2019-11-14 05:02:34,710 [grpc-default-executor-0] INFO  impl.RaftServerProxy (RaftServerProxy.java:addNew(89)) - 4d6b5caf-4e9b-416c-b427-49c0e702c9ae: addNew group-83B0D730E215:[4d6b5caf-4e9b-416c-b427-49c0e702c9ae:192.168.157.206:42088] returns group-83B0D730E215:java.util.concurrent.CompletableFuture@1f4e3d0c[Not completed]
2019-11-14 05:02:34,728 [pool-37-thread-1] INFO  impl.RaftServerImpl (RaftServerImpl.java:<init>(98)) - 4d6b5caf-4e9b-416c-b427-49c0e702c9ae: new RaftServerImpl for group-83B0D730E215:[4d6b5caf-4e9b-416c-b427-49c0e702c9ae:192.168.157.206:42088] with ContainerStateMachine:uninitialized
2019-11-14 05:02:34,729 [pool-37-thread-1] INFO  server.RaftServerConfigKeys (ConfUtils.java:logGet(43)) - raft.server.rpc.timeout.min = 5s (custom)
2019-11-14 05:02:34,729 [pool-37-thread-1] INFO  server.RaftServerConfigKeys (ConfUtils.java:logGet(43)) - raft.server.rpc.timeout.max = 5200ms (custom)
2019-11-14 05:02:34,729 [pool-37-thread-1] INFO  server.RaftServerConfigKeys (ConfUtils.java:logGet(43)) - raft.server.rpcslowness.timeout = 120s (custom)
2019-11-14 05:02:34,730 [pool-37-thread-1] INFO  server.RaftServerConfigKeys (ConfUtils.java:logGet(43)) - raft.server.sleep.deviation.threshold = 300 (default)
2019-11-14 05:02:34,730 [pool-37-thread-1] INFO  server.RaftServerConfigKeys (ConfUtils.java:logGet(43)) - raft.server.log.appender.install.snapshot.enabled = false (custom)
2019-11-14 05:02:34,730 [pool-37-thread-1] INFO  impl.RaftServerImpl (ServerState.java:<init>(103)) - 4d6b5caf-4e9b-416c-b427-49c0e702c9ae@group-83B0D730E215: ConfigurationManager, init=-1: [4d6b5caf-4e9b-416c-b427-49c0e702c9ae:192.168.157.206:42088], old=null, confs=<EMPTY_MAP>
2019-11-14 05:02:34,730 [pool-37-thread-1] INFO  server.RaftServerConfigKeys (ConfUtils.java:logGet(43)) - raft.server.storage.dir = [/workdir/hadoop-ozone/tools/target/test-dir/MiniOzoneClusterImpl-100cec03-9053-448d-9d5d-862c867472e5/datanode-1/data/ratis] (custom)
2019-11-14 05:02:34,731 [pool-37-thread-1] INFO  server.RaftServerConfigKeys (ConfUtils.java:logGet(43)) - raft.server.log.corruption.policy = EXCEPTION (default)
2019-11-14 05:02:34,731 [pool-37-thread-1] INFO  storage.RaftStorageDirectory (RaftStorageDirectory.java:analyzeStorage(246)) - The storage directory /workdir/hadoop-ozone/tools/target/test-dir/MiniOzoneClusterImpl-100cec03-9053-448d-9d5d-862c867472e5/datanode-1/data/ratis/ebf0d35b-01f4-4e05-82ae-83b0d730e215 does not exist. Creating ...
2019-11-14 05:02:34,756 [pool-37-thread-1] INFO  storage.RaftStorageDirectory (RaftStorageDirectory.java:tryLock(328)) - Lock on /workdir/hadoop-ozone/tools/target/test-dir/MiniOzoneClusterImpl-100cec03-9053-448d-9d5d-862c867472e5/datanode-1/data/ratis/ebf0d35b-01f4-4e05-82ae-83b0d730e215/in_use.lock acquired by nodename 30844@trunk-nightly-20191114-k5n9k-339518648
2019-11-14 05:02:34,782 [pool-37-thread-1] INFO  storage.RaftStorage (RaftStorage.java:format(84)) - Storage directory /workdir/hadoop-ozone/tools/target/test-dir/MiniOzoneClusterImpl-100cec03-9053-448d-9d5d-862c867472e5/datanode-1/data/ratis/ebf0d35b-01f4-4e05-82ae-83b0d730e215 has been successfully formatted.
2019-11-14 05:02:34,782 [pool-37-thread-1] INFO  ratis.ContainerStateMachine (ContainerStateMachine.java:loadSnapshot(223)) - group-83B0D730E215: The snapshot info is null. Setting the last applied indexto:(t:0, i:~)
2019-11-14 05:02:34,782 [pool-37-thread-1] INFO  server.RaftServerConfigKeys (ConfUtils.java:logGet(43)) - raft.server.notification.no-leader.timeout = 120s (custom)
2019-11-14 05:02:34,783 [pool-37-thread-1] INFO  server.RaftServerConfigKeys (ConfUtils.java:logGet(43)) - raft.server.log.use.memory = false (default)
2019-11-14 05:02:34,783 [pool-37-thread-1] INFO  server.RaftServerConfigKeys (ConfUtils.java:logGet(43)) - raft.server.log.purge.gap = 1000000 (custom)
2019-11-14 05:02:34,783 [pool-37-thread-1] INFO  server.RaftServerConfigKeys (ConfUtils.java:logGet(43)) - raft.server.log.appender.buffer.byte-limit = 33554432 (custom)
2019-11-14 05:02:34,783 [pool-37-thread-1] INFO  server.RaftServerConfigKeys (ConfUtils.java:logGet(43)) - raft.server.log.segment.size.max = 1048576 (custom)
2019-11-14 05:02:34,783 [pool-37-thread-1] WARN  impl.MetricRegistriesImpl (MetricRegistriesImpl.java:lambda$create$1(61)) - First MetricRegistry has been created without registering reporters. You may need to call MetricRegistries.global().addReportRegistration(...) before.
2019-11-14 05:02:34,784 [pool-37-thread-1] INFO  server.RaftServerConfigKeys (ConfUtils.java:logGet(43)) - raft.server.log.segment.cache.num.max = 2 (custom)
2019-11-14 05:02:34,784 [pool-37-thread-1] INFO  segmented.SegmentedRaftLogWorker (SegmentedRaftLogWorker.java:<init>(173)) - new 4d6b5caf-4e9b-416c-b427-49c0e702c9ae@group-83B0D730E215-SegmentedRaftLogWorker for RaftStorage:Storage Directory /workdir/hadoop-ozone/tools/target/test-dir/MiniOzoneClusterImpl-100cec03-9053-448d-9d5d-862c867472e5/datanode-1/data/ratis/ebf0d35b-01f4-4e05-82ae-83b0d730e215
2019-11-14 05:02:34,784 [pool-37-thread-1] INFO  server.RaftServerConfigKeys (ConfUtils.java:logGet(43)) - raft.server.log.queue.byte-limit = 2147483647 (custom)
2019-11-14 05:02:34,784 [pool-37-thread-1] INFO  server.RaftServerConfigKeys (ConfUtils.java:logGet(43)) - raft.server.log.queue.element-limit = 1024 (custom)
2019-11-14 05:02:34,785 [pool-37-thread-1] INFO  server.RaftServerConfigKeys (ConfUtils.java:logGet(43)) - raft.server.log.segment.size.max = 1048576 (custom)
2019-11-14 05:02:34,785 [pool-37-thread-1] INFO  server.RaftServerConfigKeys (ConfUtils.java:logGet(43)) - raft.server.log.preallocated.size = 16384 (custom)
2019-11-14 05:02:34,785 [pool-37-thread-1] INFO  server.RaftServerConfigKeys (ConfUtils.java:logGet(43)) - raft.server.log.write.buffer.size = 33554432 (custom)
2019-11-14 05:02:34,785 [pool-37-thread-1] INFO  server.RaftServerConfigKeys (ConfUtils.java:logGet(43)) - raft.server.log.force.sync.num = 128 (default)
2019-11-14 05:02:34,785 [pool-37-thread-1] INFO  server.RaftServerConfigKeys (ConfUtils.java:logGet(43)) - raft.server.log.statemachine.data.sync = true (default)
2019-11-14 05:02:34,786 [pool-37-thread-1] INFO  server.RaftServerConfigKeys (ConfUtils.java:logGet(43)) - raft.server.log.statemachine.data.sync.timeout = 10s (default)
2019-11-14 05:02:34,786 [pool-37-thread-1] INFO  server.RaftServerConfigKeys (ConfUtils.java:logGet(43)) - raft.server.log.statemachine.data.sync.timeout.retry = -1 (default)
2019-11-14 05:02:34,786 [pool-37-thread-1] INFO  server.RaftServerConfigKeys (ConfUtils.java:logGet(43)) - raft.server.log.statemachine.data.caching.enabled = true (custom)
2019-11-14 05:02:34,787 [pool-37-thread-1] INFO  segmented.SegmentedRaftLogWorker (SegmentedRaftLogWorker.java:lambda$new$0(128)) - 4d6b5caf-4e9b-416c-b427-49c0e702c9ae@group-83B0D730E215-SegmentedRaftLogWorker: flushIndex: setUnconditionally 0 -> -1
2019-11-14 05:02:34,787 [pool-37-thread-1] INFO  server.RaftServerConfigKeys (ConfUtils.java:logGet(43)) - raft.server.snapshot.auto.trigger.enabled = true (custom)
2019-11-14 05:02:34,788 [pool-37-thread-1] INFO  server.RaftServerConfigKeys (ConfUtils.java:logGet(43)) - raft.server.snapshot.auto.trigger.threshold = 10000 (custom)
2019-11-14 05:02:34,788 [pool-37-thread-1] INFO  server.RaftServerConfigKeys (ConfUtils.java:logGet(43)) - raft.server.snapshot.retention.file.num = 5 (custom)
2019-11-14 05:02:34,788 [pool-37-thread-1] INFO  server.RaftServerConfigKeys (ConfUtils.java:logGet(43)) - raft.server.retrycache.expirytime = 600000ms (custom)
2019-11-14 05:02:34,788 [pool-37-thread-1] WARN  impl.MetricRegistriesImpl (MetricRegistriesImpl.java:lambda$create$1(61)) - First MetricRegistry has been created without registering reporters. You may need to call MetricRegistries.global().addReportRegistration(...) before.
2019-11-14 05:02:34,789 [pool-37-thread-1] WARN  impl.MetricRegistriesImpl (MetricRegistriesImpl.java:lambda$create$1(61)) - First MetricRegistry has been created without registering reporters. You may need to call MetricRegistries.global().addReportRegistration(...) before.
2019-11-14 05:02:34,789 [pool-37-thread-1] INFO  impl.RaftServerImpl (RaftServerImpl.java:start(184)) - 4d6b5caf-4e9b-416c-b427-49c0e702c9ae@group-83B0D730E215: start as a follower, conf=-1: [4d6b5caf-4e9b-416c-b427-49c0e702c9ae:192.168.157.206:42088], old=null
2019-11-14 05:02:34,789 [pool-37-thread-1] INFO  impl.RaftServerImpl (RaftServerImpl.java:setRole(173)) - 4d6b5caf-4e9b-416c-b427-49c0e702c9ae@group-83B0D730E215: changes role from      null to FOLLOWER at term 0 for startAsFollower
2019-11-14 05:02:34,790 [pool-37-thread-1] INFO  impl.RoleInfo (RoleInfo.java:updateAndGet(143)) - 4d6b5caf-4e9b-416c-b427-49c0e702c9ae: start FollowerState
2019-11-14 05:02:34,790 [pool-37-thread-1] INFO  util.JmxRegister (JmxRegister.java:tryRegister(44)) - Successfully registered JMX Bean with object name Ratis:service=RaftServer,group=group-83B0D730E215,id=4d6b5caf-4e9b-416c-b427-49c0e702c9ae
2019-11-14 05:02:34,790 [pool-37-thread-1] WARN  impl.MetricRegistriesImpl (MetricRegistriesImpl.java:lambda$create$1(61)) - First MetricRegistry has been created without registering reporters. You may need to call MetricRegistries.global().addReportRegistration(...) before.
2019-11-14 05:02:34,801 [RatisPipelineUtilsThread] INFO  pipeline.PipelineStateManager (PipelineStateManager.java:addPipeline(55)) - Created pipeline Pipeline[ Id: ebf0d35b-01f4-4e05-82ae-83b0d730e215, Nodes: 4d6b5caf-4e9b-416c-b427-49c0e702c9ae{ip: 192.168.157.206, host: trunk-nightly-20191114-k5n9k-339518648, networkLocation: /default-rack, certSerialId: null}, Type:RATIS, Factor:ONE, State:ALLOCATED]
2019-11-14 05:02:34,834 [grpc-default-executor-1] INFO  impl.RaftServerProxy (RaftServerProxy.java:addNew(89)) - 530753ab-4ab5-4995-8706-b83783b9fb77: addNew group-E0A990868752:[3afe92fd-7288-4d6b-955e-7c4ea0258921:192.168.157.206:33058, 530753ab-4ab5-4995-8706-b83783b9fb77:192.168.157.206:42733, 4d6b5caf-4e9b-416c-b427-49c0e702c9ae:192.168.157.206:42088] returns group-E0A990868752:java.util.concurrent.CompletableFuture@2c2609e0[Not completed]
2019-11-14 05:02:34,835 [grpc-default-executor-2] INFO  impl.RaftServerProxy (RaftServerProxy.java:addNew(89)) - 3afe92fd-7288-4d6b-955e-7c4ea0258921: addNew group-E0A990868752:[3afe92fd-7288-4d6b-955e-7c4ea0258921:192.168.157.206:33058, 530753ab-4ab5-4995-8706-b83783b9fb77:192.168.157.206:42733, 4d6b5caf-4e9b-416c-b427-49c0e702c9ae:192.168.157.206:42088] returns group-E0A990868752:java.util.concurrent.CompletableFuture@14930c67[Not completed]
2019-11-14 05:02:34,836 [pool-47-thread-1] INFO  impl.RaftServerImpl (RaftServerImpl.java:<init>(98)) - 530753ab-4ab5-4995-8706-b83783b9fb77: new RaftServerImpl for group-E0A990868752:[3afe92fd-7288-4d6b-955e-7c4ea0258921:192.168.157.206:33058, 530753ab-4ab5-4995-8706-b83783b9fb77:192.168.157.206:42733, 4d6b5caf-4e9b-416c-b427-49c0e702c9ae:192.168.157.206:42088] with ContainerStateMachine:uninitialized
2019-11-14 05:02:34,837 [pool-47-thread-1] INFO  server.RaftServerConfigKeys (ConfUtils.java:logGet(43)) - raft.server.rpc.timeout.min = 5s (custom)
2019-11-14 05:02:34,837 [pool-47-thread-1] INFO  server.RaftServerConfigKeys (ConfUtils.java:logGet(43)) - raft.server.rpc.timeout.max = 5200ms (custom)
2019-11-14 05:02:34,838 [pool-47-thread-1] INFO  server.RaftServerConfigKeys (ConfUtils.java:logGet(43)) - raft.server.rpcslowness.timeout = 120s (custom)
2019-11-14 05:02:34,839 [pool-47-thread-1] INFO  server.RaftServerConfigKeys (ConfUtils.java:logGet(43)) - raft.server.sleep.deviation.threshold = 300 (default)
2019-11-14 05:02:34,839 [pool-47-thread-1] INFO  server.RaftServerConfigKeys (ConfUtils.java:logGet(43)) - raft.server.log.appender.install.snapshot.enabled = false (custom)
2019-11-14 05:02:34,839 [pool-47-thread-1] INFO  impl.RaftServerImpl (ServerState.java:<init>(103)) - 530753ab-4ab5-4995-8706-b83783b9fb77@group-E0A990868752: ConfigurationManager, init=-1: [3afe92fd-7288-4d6b-955e-7c4ea0258921:192.168.157.206:33058, 530753ab-4ab5-4995-8706-b83783b9fb77:192.168.157.206:42733, 4d6b5caf-4e9b-416c-b427-49c0e702c9ae:192.168.157.206:42088], old=null, confs=<EMPTY_MAP>
2019-11-14 05:02:34,840 [pool-27-thread-1] INFO  impl.RaftServerImpl (RaftServerImpl.java:<init>(98)) - 3afe92fd-7288-4d6b-955e-7c4ea0258921: new RaftServerImpl for group-E0A990868752:[3afe92fd-7288-4d6b-955e-7c4ea0258921:192.168.157.206:33058, 530753ab-4ab5-4995-8706-b83783b9fb77:192.168.157.206:42733, 4d6b5caf-4e9b-416c-b427-49c0e702c9ae:192.168.157.206:42088] with ContainerStateMachine:uninitialized
2019-11-14 05:02:34,840 [pool-47-thread-1] INFO  server.RaftServerConfigKeys (ConfUtils.java:logGet(43)) - raft.server.storage.dir = [/workdir/hadoop-ozone/tools/target/test-dir/MiniOzoneClusterImpl-100cec03-9053-448d-9d5d-862c867472e5/datanode-2/data/ratis] (custom)
2019-11-14 05:02:34,841 [pool-27-thread-1] INFO  server.RaftServerConfigKeys (ConfUtils.java:logGet(43)) - raft.server.rpc.timeout.min = 5s (custom)
2019-11-14 05:02:34,841 [pool-27-thread-1] INFO  server.RaftServerConfigKeys (ConfUtils.java:logGet(43)) - raft.server.rpc.timeout.max = 5200ms (custom)
2019-11-14 05:02:34,841 [pool-47-thread-1] INFO  server.RaftServerConfigKeys (ConfUtils.java:logGet(43)) - raft.server.log.corruption.policy = EXCEPTION (default)
2019-11-14 05:02:34,841 [pool-27-thread-1] INFO  server.RaftServerConfigKeys (ConfUtils.java:logGet(43)) - raft.server.rpcslowness.timeout = 120s (custom)
2019-11-14 05:02:34,841 [grpc-default-executor-2] INFO  impl.RaftServerProxy (RaftServerProxy.java:addNew(89)) - 4d6b5caf-4e9b-416c-b427-49c0e702c9ae: addNew group-E0A990868752:[3afe92fd-7288-4d6b-955e-7c4ea0258921:192.168.157.206:33058, 530753ab-4ab5-4995-8706-b83783b9fb77:192.168.157.206:42733, 4d6b5caf-4e9b-416c-b427-49c0e702c9ae:192.168.157.206:42088] returns group-E0A990868752:java.util.concurrent.CompletableFuture@51918091[Not completed]
2019-11-14 05:02:34,841 [pool-27-thread-1] INFO  server.RaftServerConfigKeys (ConfUtils.java:logGet(43)) - raft.server.sleep.deviation.threshold = 300 (default)
2019-11-14 05:02:34,841 [pool-47-thread-1] INFO  storage.RaftStorageDirectory (RaftStorageDirectory.java:analyzeStorage(246)) - The storage directory /workdir/hadoop-ozone/tools/target/test-dir/MiniOzoneClusterImpl-100cec03-9053-448d-9d5d-862c867472e5/datanode-2/data/ratis/d262695d-8d33-428b-b008-e0a990868752 does not exist. Creating ...
2019-11-14 05:02:34,842 [pool-27-thread-1] INFO  server.RaftServerConfigKeys (ConfUtils.java:logGet(43)) - raft.server.log.appender.install.snapshot.enabled = false (custom)
2019-11-14 05:02:34,842 [pool-27-thread-1] INFO  impl.RaftServerImpl (ServerState.java:<init>(103)) - 3afe92fd-7288-4d6b-955e-7c4ea0258921@group-E0A990868752: ConfigurationManager, init=-1: [3afe92fd-7288-4d6b-955e-7c4ea0258921:192.168.157.206:33058, 530753ab-4ab5-4995-8706-b83783b9fb77:192.168.157.206:42733, 4d6b5caf-4e9b-416c-b427-49c0e702c9ae:192.168.157.206:42088], old=null, confs=<EMPTY_MAP>
2019-11-14 05:02:34,842 [pool-27-thread-1] INFO  server.RaftServerConfigKeys (ConfUtils.java:logGet(43)) - raft.server.storage.dir = [/workdir/hadoop-ozone/tools/target/test-dir/MiniOzoneClusterImpl-100cec03-9053-448d-9d5d-862c867472e5/datanode-0/data/ratis] (custom)
2019-11-14 05:02:34,843 [pool-27-thread-1] INFO  server.RaftServerConfigKeys (ConfUtils.java:logGet(43)) - raft.server.log.corruption.policy = EXCEPTION (default)
2019-11-14 05:02:34,843 [pool-27-thread-1] INFO  storage.RaftStorageDirectory (RaftStorageDirectory.java:analyzeStorage(246)) - The storage directory /workdir/hadoop-ozone/tools/target/test-dir/MiniOzoneClusterImpl-100cec03-9053-448d-9d5d-862c867472e5/datanode-0/data/ratis/d262695d-8d33-428b-b008-e0a990868752 does not exist. Creating ...
2019-11-14 05:02:34,843 [pool-37-thread-1] INFO  impl.RaftServerImpl (RaftServerImpl.java:<init>(98)) - 4d6b5caf-4e9b-416c-b427-49c0e702c9ae: new RaftServerImpl for group-E0A990868752:[3afe92fd-7288-4d6b-955e-7c4ea0258921:192.168.157.206:33058, 530753ab-4ab5-4995-8706-b83783b9fb77:192.168.157.206:42733, 4d6b5caf-4e9b-416c-b427-49c0e702c9ae:192.168.157.206:42088] with ContainerStateMachine:uninitialized
2019-11-14 05:02:34,843 [pool-37-thread-1] INFO  server.RaftServerConfigKeys (ConfUtils.java:logGet(43)) - raft.server.rpc.timeout.min = 5s (custom)
2019-11-14 05:02:34,844 [pool-37-thread-1] INFO  server.RaftServerConfigKeys (ConfUtils.java:logGet(43)) - raft.server.rpc.timeout.max = 5200ms (custom)
2019-11-14 05:02:34,844 [pool-37-thread-1] INFO  server.RaftServerConfigKeys (ConfUtils.java:logGet(43)) - raft.server.rpcslowness.timeout = 120s (custom)
2019-11-14 05:02:34,844 [pool-37-thread-1] INFO  server.RaftServerConfigKeys (ConfUtils.java:logGet(43)) - raft.server.sleep.deviation.threshold = 300 (default)
2019-11-14 05:02:34,844 [pool-37-thread-1] INFO  server.RaftServerConfigKeys (ConfUtils.java:logGet(43)) - raft.server.log.appender.install.snapshot.enabled = false (custom)
2019-11-14 05:02:34,844 [pool-37-thread-1] INFO  impl.RaftServerImpl (ServerState.java:<init>(103)) - 4d6b5caf-4e9b-416c-b427-49c0e702c9ae@group-E0A990868752: ConfigurationManager, init=-1: [3afe92fd-7288-4d6b-955e-7c4ea0258921:192.168.157.206:33058, 530753ab-4ab5-4995-8706-b83783b9fb77:192.168.157.206:42733, 4d6b5caf-4e9b-416c-b427-49c0e702c9ae:192.168.157.206:42088], old=null, confs=<EMPTY_MAP>
2019-11-14 05:02:34,845 [pool-37-thread-1] INFO  server.RaftServerConfigKeys (ConfUtils.java:logGet(43)) - raft.server.storage.dir = [/workdir/hadoop-ozone/tools/target/test-dir/MiniOzoneClusterImpl-100cec03-9053-448d-9d5d-862c867472e5/datanode-1/data/ratis] (custom)
2019-11-14 05:02:34,845 [pool-37-thread-1] INFO  server.RaftServerConfigKeys (ConfUtils.java:logGet(43)) - raft.server.log.corruption.policy = EXCEPTION (default)
2019-11-14 05:02:34,845 [pool-37-thread-1] INFO  storage.RaftStorageDirectory (RaftStorageDirectory.java:analyzeStorage(246)) - The storage directory /workdir/hadoop-ozone/tools/target/test-dir/MiniOzoneClusterImpl-100cec03-9053-448d-9d5d-862c867472e5/datanode-1/data/ratis/d262695d-8d33-428b-b008-e0a990868752 does not exist. Creating ...
2019-11-14 05:02:34,865 [pool-37-thread-1] INFO  storage.RaftStorageDirectory (RaftStorageDirectory.java:tryLock(328)) - Lock on /workdir/hadoop-ozone/tools/target/test-dir/MiniOzoneClusterImpl-100cec03-9053-448d-9d5d-862c867472e5/datanode-1/data/ratis/d262695d-8d33-428b-b008-e0a990868752/in_use.lock acquired by nodename 30844@trunk-nightly-20191114-k5n9k-339518648
2019-11-14 05:02:34,866 [pool-27-thread-1] INFO  storage.RaftStorageDirectory (RaftStorageDirectory.java:tryLock(328)) - Lock on /workdir/hadoop-ozone/tools/target/test-dir/MiniOzoneClusterImpl-100cec03-9053-448d-9d5d-862c867472e5/datanode-0/data/ratis/d262695d-8d33-428b-b008-e0a990868752/in_use.lock acquired by nodename 30844@trunk-nightly-20191114-k5n9k-339518648
2019-11-14 05:02:34,866 [pool-47-thread-1] INFO  storage.RaftStorageDirectory (RaftStorageDirectory.java:tryLock(328)) - Lock on /workdir/hadoop-ozone/tools/target/test-dir/MiniOzoneClusterImpl-100cec03-9053-448d-9d5d-862c867472e5/datanode-2/data/ratis/d262695d-8d33-428b-b008-e0a990868752/in_use.lock acquired by nodename 30844@trunk-nightly-20191114-k5n9k-339518648
2019-11-14 05:02:34,891 [pool-47-thread-1] INFO  storage.RaftStorage (RaftStorage.java:format(84)) - Storage directory /workdir/hadoop-ozone/tools/target/test-dir/MiniOzoneClusterImpl-100cec03-9053-448d-9d5d-862c867472e5/datanode-2/data/ratis/d262695d-8d33-428b-b008-e0a990868752 has been successfully formatted.
2019-11-14 05:02:34,891 [pool-37-thread-1] INFO  storage.RaftStorage (RaftStorage.java:format(84)) - Storage directory /workdir/hadoop-ozone/tools/target/test-dir/MiniOzoneClusterImpl-100cec03-9053-448d-9d5d-862c867472e5/datanode-1/data/ratis/d262695d-8d33-428b-b008-e0a990868752 has been successfully formatted.
2019-11-14 05:02:34,891 [pool-27-thread-1] INFO  storage.RaftStorage (RaftStorage.java:format(84)) - Storage directory /workdir/hadoop-ozone/tools/target/test-dir/MiniOzoneClusterImpl-100cec03-9053-448d-9d5d-862c867472e5/datanode-0/data/ratis/d262695d-8d33-428b-b008-e0a990868752 has been successfully formatted.
2019-11-14 05:02:34,892 [pool-47-thread-1] INFO  ratis.ContainerStateMachine (ContainerStateMachine.java:loadSnapshot(223)) - group-E0A990868752: The snapshot info is null. Setting the last applied indexto:(t:0, i:~)
2019-11-14 05:02:34,892 [pool-37-thread-1] INFO  ratis.ContainerStateMachine (ContainerStateMachine.java:loadSnapshot(223)) - group-E0A990868752: The snapshot info is null. Setting the last applied indexto:(t:0, i:~)
2019-11-14 05:02:34,892 [pool-47-thread-1] INFO  server.RaftServerConfigKeys (ConfUtils.java:logGet(43)) - raft.server.notification.no-leader.timeout = 120s (custom)
2019-11-14 05:02:34,892 [pool-27-thread-1] INFO  ratis.ContainerStateMachine (ContainerStateMachine.java:loadSnapshot(223)) - group-E0A990868752: The snapshot info is null. Setting the last applied indexto:(t:0, i:~)
2019-11-14 05:02:34,892 [pool-47-thread-1] INFO  server.RaftServerConfigKeys (ConfUtils.java:logGet(43)) - raft.server.log.use.memory = false (default)
2019-11-14 05:02:34,892 [pool-37-thread-1] INFO  server.RaftServerConfigKeys (ConfUtils.java:logGet(43)) - raft.server.notification.no-leader.timeout = 120s (custom)
2019-11-14 05:02:34,893 [pool-47-thread-1] INFO  server.RaftServerConfigKeys (ConfUtils.java:logGet(43)) - raft.server.log.purge.gap = 1000000 (custom)
2019-11-14 05:02:34,893 [pool-27-thread-1] INFO  server.RaftServerConfigKeys (ConfUtils.java:logGet(43)) - raft.server.notification.no-leader.timeout = 120s (custom)
2019-11-14 05:02:34,893 [pool-47-thread-1] INFO  server.RaftServerConfigKeys (ConfUtils.java:logGet(43)) - raft.server.log.appender.buffer.byte-limit = 33554432 (custom)
2019-11-14 05:02:34,893 [pool-37-thread-1] INFO  server.RaftServerConfigKeys (ConfUtils.java:logGet(43)) - raft.server.log.use.memory = false (default)
2019-11-14 05:02:34,893 [pool-47-thread-1] INFO  server.RaftServerConfigKeys (ConfUtils.java:logGet(43)) - raft.server.log.segment.size.max = 1048576 (custom)
2019-11-14 05:02:34,893 [pool-27-thread-1] INFO  server.RaftServerConfigKeys (ConfUtils.java:logGet(43)) - raft.server.log.use.memory = false (default)
2019-11-14 05:02:34,894 [pool-47-thread-1] INFO  server.RaftServerConfigKeys (ConfUtils.java:logGet(43)) - raft.server.log.segment.cache.num.max = 2 (custom)
2019-11-14 05:02:34,894 [pool-37-thread-1] INFO  server.RaftServerConfigKeys (ConfUtils.java:logGet(43)) - raft.server.log.purge.gap = 1000000 (custom)
2019-11-14 05:02:34,894 [pool-47-thread-1] INFO  segmented.SegmentedRaftLogWorker (SegmentedRaftLogWorker.java:<init>(173)) - new 530753ab-4ab5-4995-8706-b83783b9fb77@group-E0A990868752-SegmentedRaftLogWorker for RaftStorage:Storage Directory /workdir/hadoop-ozone/tools/target/test-dir/MiniOzoneClusterImpl-100cec03-9053-448d-9d5d-862c867472e5/datanode-2/data/ratis/d262695d-8d33-428b-b008-e0a990868752
2019-11-14 05:02:34,894 [pool-27-thread-1] INFO  server.RaftServerConfigKeys (ConfUtils.java:logGet(43)) - raft.server.log.purge.gap = 1000000 (custom)
2019-11-14 05:02:34,894 [pool-47-thread-1] INFO  server.RaftServerConfigKeys (ConfUtils.java:logGet(43)) - raft.server.log.queue.byte-limit = 2147483647 (custom)
2019-11-14 05:02:34,894 [pool-37-thread-1] INFO  server.RaftServerConfigKeys (ConfUtils.java:logGet(43)) - raft.server.log.appender.buffer.byte-limit = 33554432 (custom)
2019-11-14 05:02:34,895 [pool-47-thread-1] INFO  server.RaftServerConfigKeys (ConfUtils.java:logGet(43)) - raft.server.log.queue.element-limit = 1024 (custom)
2019-11-14 05:02:34,894 [pool-27-thread-1] INFO  server.RaftServerConfigKeys (ConfUtils.java:logGet(43)) - raft.server.log.appender.buffer.byte-limit = 33554432 (custom)
2019-11-14 05:02:34,895 [pool-47-thread-1] INFO  server.RaftServerConfigKeys (ConfUtils.java:logGet(43)) - raft.server.log.segment.size.max = 1048576 (custom)
2019-11-14 05:02:34,895 [pool-37-thread-1] INFO  server.RaftServerConfigKeys (ConfUtils.java:logGet(43)) - raft.server.log.segment.size.max = 1048576 (custom)
2019-11-14 05:02:34,895 [pool-47-thread-1] INFO  server.RaftServerConfigKeys (ConfUtils.java:logGet(43)) - raft.server.log.preallocated.size = 16384 (custom)
2019-11-14 05:02:34,895 [pool-27-thread-1] INFO  server.RaftServerConfigKeys (ConfUtils.java:logGet(43)) - raft.server.log.segment.size.max = 1048576 (custom)
2019-11-14 05:02:34,896 [pool-47-thread-1] INFO  server.RaftServerConfigKeys (ConfUtils.java:logGet(43)) - raft.server.log.write.buffer.size = 33554432 (custom)
2019-11-14 05:02:34,895 [pool-37-thread-1] INFO  server.RaftServerConfigKeys (ConfUtils.java:logGet(43)) - raft.server.log.segment.cache.num.max = 2 (custom)
2019-11-14 05:02:34,896 [pool-47-thread-1] INFO  server.RaftServerConfigKeys (ConfUtils.java:logGet(43)) - raft.server.log.force.sync.num = 128 (default)
2019-11-14 05:02:34,896 [pool-27-thread-1] INFO  server.RaftServerConfigKeys (ConfUtils.java:logGet(43)) - raft.server.log.segment.cache.num.max = 2 (custom)
2019-11-14 05:02:34,896 [pool-47-thread-1] INFO  server.RaftServerConfigKeys (ConfUtils.java:logGet(43)) - raft.server.log.statemachine.data.sync = true (default)
2019-11-14 05:02:34,896 [pool-37-thread-1] INFO  segmented.SegmentedRaftLogWorker (SegmentedRaftLogWorker.java:<init>(173)) - new 4d6b5caf-4e9b-416c-b427-49c0e702c9ae@group-E0A990868752-SegmentedRaftLogWorker for RaftStorage:Storage Directory /workdir/hadoop-ozone/tools/target/test-dir/MiniOzoneClusterImpl-100cec03-9053-448d-9d5d-862c867472e5/datanode-1/data/ratis/d262695d-8d33-428b-b008-e0a990868752
2019-11-14 05:02:34,897 [pool-47-thread-1] INFO  server.RaftServerConfigKeys (ConfUtils.java:logGet(43)) - raft.server.log.statemachine.data.sync.timeout = 10s (default)
2019-11-14 05:02:34,897 [pool-27-thread-1] INFO  segmented.SegmentedRaftLogWorker (SegmentedRaftLogWorker.java:<init>(173)) - new 3afe92fd-7288-4d6b-955e-7c4ea0258921@group-E0A990868752-SegmentedRaftLogWorker for RaftStorage:Storage Directory /workdir/hadoop-ozone/tools/target/test-dir/MiniOzoneClusterImpl-100cec03-9053-448d-9d5d-862c867472e5/datanode-0/data/ratis/d262695d-8d33-428b-b008-e0a990868752
2019-11-14 05:02:34,897 [pool-47-thread-1] INFO  server.RaftServerConfigKeys (ConfUtils.java:logGet(43)) - raft.server.log.statemachine.data.sync.timeout.retry = -1 (default)
2019-11-14 05:02:34,897 [pool-37-thread-1] INFO  server.RaftServerConfigKeys (ConfUtils.java:logGet(43)) - raft.server.log.queue.byte-limit = 2147483647 (custom)
2019-11-14 05:02:34,897 [pool-27-thread-1] INFO  server.RaftServerConfigKeys (ConfUtils.java:logGet(43)) - raft.server.log.queue.byte-limit = 2147483647 (custom)
2019-11-14 05:02:34,898 [pool-47-thread-1] INFO  server.RaftServerConfigKeys (ConfUtils.java:logGet(43)) - raft.server.log.statemachine.data.caching.enabled = true (custom)
2019-11-14 05:02:34,898 [pool-37-thread-1] INFO  server.RaftServerConfigKeys (ConfUtils.java:logGet(43)) - raft.server.log.queue.element-limit = 1024 (custom)
2019-11-14 05:02:34,898 [pool-27-thread-1] INFO  server.RaftServerConfigKeys (ConfUtils.java:logGet(43)) - raft.server.log.queue.element-limit = 1024 (custom)
2019-11-14 05:02:34,898 [pool-47-thread-1] INFO  segmented.SegmentedRaftLogWorker (SegmentedRaftLogWorker.java:lambda$new$0(128)) - 530753ab-4ab5-4995-8706-b83783b9fb77@group-E0A990868752-SegmentedRaftLogWorker: flushIndex: setUnconditionally 0 -> -1
2019-11-14 05:02:34,898 [pool-37-thread-1] INFO  server.RaftServerConfigKeys (ConfUtils.java:logGet(43)) - raft.server.log.segment.size.max = 1048576 (custom)
2019-11-14 05:02:34,898 [pool-27-thread-1] INFO  server.RaftServerConfigKeys (ConfUtils.java:logGet(43)) - raft.server.log.segment.size.max = 1048576 (custom)
2019-11-14 05:02:34,899 [pool-47-thread-1] INFO  server.RaftServerConfigKeys (ConfUtils.java:logGet(43)) - raft.server.snapshot.auto.trigger.enabled = true (custom)
2019-11-14 05:02:34,899 [pool-37-thread-1] INFO  server.RaftServerConfigKeys (ConfUtils.java:logGet(43)) - raft.server.log.preallocated.size = 16384 (custom)
2019-11-14 05:02:34,899 [pool-47-thread-1] INFO  server.RaftServerConfigKeys (ConfUtils.java:logGet(43)) - raft.server.snapshot.auto.trigger.threshold = 10000 (custom)
2019-11-14 05:02:34,899 [pool-27-thread-1] INFO  server.RaftServerConfigKeys (ConfUtils.java:logGet(43)) - raft.server.log.preallocated.size = 16384 (custom)
2019-11-14 05:02:34,899 [pool-47-thread-1] INFO  server.RaftServerConfigKeys (ConfUtils.java:logGet(43)) - raft.server.snapshot.retention.file.num = 5 (custom)
2019-11-14 05:02:34,899 [pool-37-thread-1] INFO  server.RaftServerConfigKeys (ConfUtils.java:logGet(43)) - raft.server.log.write.buffer.size = 33554432 (custom)
2019-11-14 05:02:34,900 [pool-27-thread-1] INFO  server.RaftServerConfigKeys (ConfUtils.java:logGet(43)) - raft.server.log.write.buffer.size = 33554432 (custom)
2019-11-14 05:02:34,900 [pool-37-thread-1] INFO  server.RaftServerConfigKeys (ConfUtils.java:logGet(43)) - raft.server.log.force.sync.num = 128 (default)
2019-11-14 05:02:34,900 [pool-47-thread-1] INFO  server.RaftServerConfigKeys (ConfUtils.java:logGet(43)) - raft.server.retrycache.expirytime = 600000ms (custom)
2019-11-14 05:02:34,900 [pool-37-thread-1] INFO  server.RaftServerConfigKeys (ConfUtils.java:logGet(43)) - raft.server.log.statemachine.data.sync = true (default)
2019-11-14 05:02:34,900 [pool-27-thread-1] INFO  server.RaftServerConfigKeys (ConfUtils.java:logGet(43)) - raft.server.log.force.sync.num = 128 (default)
2019-11-14 05:02:34,901 [pool-37-thread-1] INFO  server.RaftServerConfigKeys (ConfUtils.java:logGet(43)) - raft.server.log.statemachine.data.sync.timeout = 10s (default)
2019-11-14 05:02:34,900 [pool-47-thread-1] WARN  impl.MetricRegistriesImpl (MetricRegistriesImpl.java:lambda$create$1(61)) - First MetricRegistry has been created without registering reporters. You may need to call MetricRegistries.global().addReportRegistration(...) before.
2019-11-14 05:02:34,901 [pool-37-thread-1] INFO  server.RaftServerConfigKeys (ConfUtils.java:logGet(43)) - raft.server.log.statemachine.data.sync.timeout.retry = -1 (default)
2019-11-14 05:02:34,901 [pool-27-thread-1] INFO  server.RaftServerConfigKeys (ConfUtils.java:logGet(43)) - raft.server.log.statemachine.data.sync = true (default)
2019-11-14 05:02:34,901 [pool-37-thread-1] INFO  server.RaftServerConfigKeys (ConfUtils.java:logGet(43)) - raft.server.log.statemachine.data.caching.enabled = true (custom)
2019-11-14 05:02:34,901 [pool-47-thread-1] WARN  impl.MetricRegistriesImpl (MetricRegistriesImpl.java:lambda$create$1(61)) - First MetricRegistry has been created without registering reporters. You may need to call MetricRegistries.global().addReportRegistration(...) before.
2019-11-14 05:02:34,901 [pool-27-thread-1] INFO  server.RaftServerConfigKeys (ConfUtils.java:logGet(43)) - raft.server.log.statemachine.data.sync.timeout = 10s (default)
2019-11-14 05:02:34,902 [pool-47-thread-1] INFO  impl.RaftServerImpl (RaftServerImpl.java:start(184)) - 530753ab-4ab5-4995-8706-b83783b9fb77@group-E0A990868752: start as a follower, conf=-1: [3afe92fd-7288-4d6b-955e-7c4ea0258921:192.168.157.206:33058, 530753ab-4ab5-4995-8706-b83783b9fb77:192.168.157.206:42733, 4d6b5caf-4e9b-416c-b427-49c0e702c9ae:192.168.157.206:42088], old=null
2019-11-14 05:02:34,902 [pool-37-thread-1] INFO  segmented.SegmentedRaftLogWorker (SegmentedRaftLogWorker.java:lambda$new$0(128)) - 4d6b5caf-4e9b-416c-b427-49c0e702c9ae@group-E0A990868752-SegmentedRaftLogWorker: flushIndex: setUnconditionally 0 -> -1
2019-11-14 05:02:34,902 [pool-47-thread-1] INFO  impl.RaftServerImpl (RaftServerImpl.java:setRole(173)) - 530753ab-4ab5-4995-8706-b83783b9fb77@group-E0A990868752: changes role from      null to FOLLOWER at term 0 for startAsFollower
2019-11-14 05:02:34,902 [pool-27-thread-1] INFO  server.RaftServerConfigKeys (ConfUtils.java:logGet(43)) - raft.server.log.statemachine.data.sync.timeout.retry = -1 (default)
2019-11-14 05:02:34,903 [pool-37-thread-1] INFO  server.RaftServerConfigKeys (ConfUtils.java:logGet(43)) - raft.server.snapshot.auto.trigger.enabled = true (custom)
2019-11-14 05:02:34,903 [pool-47-thread-1] INFO  impl.RoleInfo (RoleInfo.java:updateAndGet(143)) - 530753ab-4ab5-4995-8706-b83783b9fb77: start FollowerState
2019-11-14 05:02:34,903 [pool-37-thread-1] INFO  server.RaftServerConfigKeys (ConfUtils.java:logGet(43)) - raft.server.snapshot.auto.trigger.threshold = 10000 (custom)
2019-11-14 05:02:34,903 [pool-27-thread-1] INFO  server.RaftServerConfigKeys (ConfUtils.java:logGet(43)) - raft.server.log.statemachine.data.caching.enabled = true (custom)
2019-11-14 05:02:34,903 [pool-37-thread-1] INFO  server.RaftServerConfigKeys (ConfUtils.java:logGet(43)) - raft.server.snapshot.retention.file.num = 5 (custom)
2019-11-14 05:02:34,903 [pool-47-thread-1] INFO  util.JmxRegister (JmxRegister.java:tryRegister(44)) - Successfully registered JMX Bean with object name Ratis:service=RaftServer,group=group-E0A990868752,id=530753ab-4ab5-4995-8706-b83783b9fb77
2019-11-14 05:02:34,903 [pool-37-thread-1] INFO  server.RaftServerConfigKeys (ConfUtils.java:logGet(43)) - raft.server.retrycache.expirytime = 600000ms (custom)
2019-11-14 05:02:34,904 [pool-27-thread-1] INFO  segmented.SegmentedRaftLogWorker (SegmentedRaftLogWorker.java:lambda$new$0(128)) - 3afe92fd-7288-4d6b-955e-7c4ea0258921@group-E0A990868752-SegmentedRaftLogWorker: flushIndex: setUnconditionally 0 -> -1
2019-11-14 05:02:34,904 [pool-47-thread-1] WARN  impl.MetricRegistriesImpl (MetricRegistriesImpl.java:lambda$create$1(61)) - First MetricRegistry has been created without registering reporters. You may need to call MetricRegistries.global().addReportRegistration(...) before.
2019-11-14 05:02:34,904 [pool-37-thread-1] WARN  impl.MetricRegistriesImpl (MetricRegistriesImpl.java:lambda$create$1(61)) - First MetricRegistry has been created without registering reporters. You may need to call MetricRegistries.global().addReportRegistration(...) before.
2019-11-14 05:02:34,904 [pool-27-thread-1] INFO  server.RaftServerConfigKeys (ConfUtils.java:logGet(43)) - raft.server.snapshot.auto.trigger.enabled = true (custom)
2019-11-14 05:02:34,904 [pool-37-thread-1] WARN  impl.MetricRegistriesImpl (MetricRegistriesImpl.java:lambda$create$1(61)) - First MetricRegistry has been created without registering reporters. You may need to call MetricRegistries.global().addReportRegistration(...) before.
2019-11-14 05:02:34,904 [pool-27-thread-1] INFO  server.RaftServerConfigKeys (ConfUtils.java:logGet(43)) - raft.server.snapshot.auto.trigger.threshold = 10000 (custom)
2019-11-14 05:02:34,905 [pool-37-thread-1] INFO  impl.RaftServerImpl (RaftServerImpl.java:start(184)) - 4d6b5caf-4e9b-416c-b427-49c0e702c9ae@group-E0A990868752: start as a follower, conf=-1: [3afe92fd-7288-4d6b-955e-7c4ea0258921:192.168.157.206:33058, 530753ab-4ab5-4995-8706-b83783b9fb77:192.168.157.206:42733, 4d6b5caf-4e9b-416c-b427-49c0e702c9ae:192.168.157.206:42088], old=null
2019-11-14 05:02:34,905 [pool-27-thread-1] INFO  server.RaftServerConfigKeys (ConfUtils.java:logGet(43)) - raft.server.snapshot.retention.file.num = 5 (custom)
2019-11-14 05:02:34,905 [pool-37-thread-1] INFO  impl.RaftServerImpl (RaftServerImpl.java:setRole(173)) - 4d6b5caf-4e9b-416c-b427-49c0e702c9ae@group-E0A990868752: changes role from      null to FOLLOWER at term 0 for startAsFollower
2019-11-14 05:02:34,905 [pool-27-thread-1] INFO  server.RaftServerConfigKeys (ConfUtils.java:logGet(43)) - raft.server.retrycache.expirytime = 600000ms (custom)
2019-11-14 05:02:34,905 [pool-37-thread-1] INFO  impl.RoleInfo (RoleInfo.java:updateAndGet(143)) - 4d6b5caf-4e9b-416c-b427-49c0e702c9ae: start FollowerState
2019-11-14 05:02:34,906 [pool-27-thread-1] WARN  impl.MetricRegistriesImpl (MetricRegistriesImpl.java:lambda$create$1(61)) - First MetricRegistry has been created without registering reporters. You may need to call MetricRegistries.global().addReportRegistration(...) before.
2019-11-14 05:02:34,906 [pool-27-thread-1] WARN  impl.MetricRegistriesImpl (MetricRegistriesImpl.java:lambda$create$1(61)) - First MetricRegistry has been created without registering reporters. You may need to call MetricRegistries.global().addReportRegistration(...) before.
2019-11-14 05:02:34,908 [pool-27-thread-1] INFO  impl.RaftServerImpl (RaftServerImpl.java:start(184)) - 3afe92fd-7288-4d6b-955e-7c4ea0258921@group-E0A990868752: start as a follower, conf=-1: [3afe92fd-7288-4d6b-955e-7c4ea0258921:192.168.157.206:33058, 530753ab-4ab5-4995-8706-b83783b9fb77:192.168.157.206:42733, 4d6b5caf-4e9b-416c-b427-49c0e702c9ae:192.168.157.206:42088], old=null
2019-11-14 05:02:34,908 [pool-37-thread-1] INFO  util.JmxRegister (JmxRegister.java:tryRegister(44)) - Successfully registered JMX Bean with object name Ratis:service=RaftServer,group=group-E0A990868752,id=4d6b5caf-4e9b-416c-b427-49c0e702c9ae
2019-11-14 05:02:34,908 [pool-27-thread-1] INFO  impl.RaftServerImpl (RaftServerImpl.java:setRole(173)) - 3afe92fd-7288-4d6b-955e-7c4ea0258921@group-E0A990868752: changes role from      null to FOLLOWER at term 0 for startAsFollower
2019-11-14 05:02:34,909 [pool-37-thread-1] WARN  impl.MetricRegistriesImpl (MetricRegistriesImpl.java:lambda$create$1(61)) - First MetricRegistry has been created without registering reporters. You may need to call MetricRegistries.global().addReportRegistration(...) before.
2019-11-14 05:02:34,909 [pool-27-thread-1] INFO  impl.RoleInfo (RoleInfo.java:updateAndGet(143)) - 3afe92fd-7288-4d6b-955e-7c4ea0258921: start FollowerState
2019-11-14 05:02:34,911 [pool-27-thread-1] INFO  util.JmxRegister (JmxRegister.java:tryRegister(44)) - Successfully registered JMX Bean with object name Ratis:service=RaftServer,group=group-E0A990868752,id=3afe92fd-7288-4d6b-955e-7c4ea0258921
2019-11-14 05:02:34,912 [pool-27-thread-1] WARN  impl.MetricRegistriesImpl (MetricRegistriesImpl.java:lambda$create$1(61)) - First MetricRegistry has been created without registering reporters. You may need to call MetricRegistries.global().addReportRegistration(...) before.
2019-11-14 05:02:34,930 [RatisPipelineUtilsThread] INFO  pipeline.PipelineStateManager (PipelineStateManager.java:addPipeline(55)) - Created pipeline Pipeline[ Id: d262695d-8d33-428b-b008-e0a990868752, Nodes: 530753ab-4ab5-4995-8706-b83783b9fb77{ip: 192.168.157.206, host: trunk-nightly-20191114-k5n9k-339518648, networkLocation: /default-rack, certSerialId: null}3afe92fd-7288-4d6b-955e-7c4ea0258921{ip: 192.168.157.206, host: trunk-nightly-20191114-k5n9k-339518648, networkLocation: /default-rack, certSerialId: null}4d6b5caf-4e9b-416c-b427-49c0e702c9ae{ip: 192.168.157.206, host: trunk-nightly-20191114-k5n9k-339518648, networkLocation: /default-rack, certSerialId: null}, Type:RATIS, Factor:THREE, State:ALLOCATED]
2019-11-14 05:02:34,932 [main] INFO  ozone.MiniOzoneClusterImpl (MiniOzoneClusterImpl.java:lambda$waitForClusterToBeReady$2(163)) - Waiting for 4 number of pipelines out of 4, to report a leader.
2019-11-14 05:02:35,933 [main] INFO  ozone.MiniOzoneClusterImpl (MiniOzoneClusterImpl.java:lambda$waitForClusterToBeReady$2(163)) - Waiting for 4 number of pipelines out of 4, to report a leader.
2019-11-14 05:02:36,714 [Thread-178] INFO  container.ReplicationManager (ReplicationManager.java:start(162)) - Starting Replication Monitor Thread.
2019-11-14 05:02:36,717 [Thread-178] INFO  pipeline.SCMPipelineManager (SCMPipelineManager.java:finalizeAndDestroyPipeline(315)) - destroying pipeline:Pipeline[ Id: ebf0d35b-01f4-4e05-82ae-83b0d730e215, Nodes: 4d6b5caf-4e9b-416c-b427-49c0e702c9ae{ip: 192.168.157.206, host: trunk-nightly-20191114-k5n9k-339518648, networkLocation: /default-rack, certSerialId: null}, Type:RATIS, Factor:ONE, State:ALLOCATED]
2019-11-14 05:02:36,718 [ReplicationMonitor] INFO  container.ReplicationManager (ReplicationManager.java:run(225)) - Replication Monitor Thread took 2 milliseconds for processing 0 containers.
2019-11-14 05:02:36,719 [Thread-178] INFO  pipeline.PipelineStateManager (PipelineStateManager.java:finalizePipeline(121)) - Pipeline Pipeline[ Id: ebf0d35b-01f4-4e05-82ae-83b0d730e215, Nodes: 4d6b5caf-4e9b-416c-b427-49c0e702c9ae{ip: 192.168.157.206, host: trunk-nightly-20191114-k5n9k-339518648, networkLocation: /default-rack, certSerialId: null}, Type:RATIS, Factor:ONE, State:CLOSED] moved to CLOSED state
2019-11-14 05:02:36,750 [grpc-default-executor-2] INFO  impl.RaftServerProxy (RaftServerProxy.java:remove(95)) - 4d6b5caf-4e9b-416c-b427-49c0e702c9ae: remove  FOLLOWER 4d6b5caf-4e9b-416c-b427-49c0e702c9ae@group-83B0D730E215:t0, leader=null, voted=null, raftlog=4d6b5caf-4e9b-416c-b427-49c0e702c9ae@group-83B0D730E215-SegmentedRaftLog:OPENED:c-1,f-1,i0, conf=-1: [4d6b5caf-4e9b-416c-b427-49c0e702c9ae:192.168.157.206:42088], old=null RUNNING
2019-11-14 05:02:36,754 [grpc-default-executor-2] INFO  impl.RaftServerImpl (RaftServerImpl.java:lambda$shutdown$3(250)) - 4d6b5caf-4e9b-416c-b427-49c0e702c9ae@group-83B0D730E215: shutdown
2019-11-14 05:02:36,755 [grpc-default-executor-2] INFO  util.JmxRegister (JmxRegister.java:unregister(73)) - Successfully un-registered JMX Bean with object name Ratis:service=RaftServer,group=group-83B0D730E215,id=4d6b5caf-4e9b-416c-b427-49c0e702c9ae
2019-11-14 05:02:36,755 [grpc-default-executor-2] INFO  impl.RoleInfo (RoleInfo.java:shutdownFollowerState(121)) - 4d6b5caf-4e9b-416c-b427-49c0e702c9ae: shutdown FollowerState
2019-11-14 05:02:36,755 [grpc-default-executor-2] INFO  impl.StateMachineUpdater (StateMachineUpdater.java:stopAndJoin(136)) - 4d6b5caf-4e9b-416c-b427-49c0e702c9ae@group-83B0D730E215-StateMachineUpdater: set stopIndex = -1
2019-11-14 05:02:36,755 [Thread-186] INFO  impl.FollowerState (FollowerState.java:run(120)) - 4d6b5caf-4e9b-416c-b427-49c0e702c9ae@group-83B0D730E215-FollowerState was interrupted: java.lang.InterruptedException: sleep interrupted
2019-11-14 05:02:36,758 [grpc-default-executor-2] INFO  impl.RaftServerImpl (ServerState.java:close(387)) - 4d6b5caf-4e9b-416c-b427-49c0e702c9ae@group-83B0D730E215: closes. applyIndex: -1
2019-11-14 05:02:36,763 [4d6b5caf-4e9b-416c-b427-49c0e702c9ae@group-83B0D730E215-SegmentedRaftLogWorker] INFO  segmented.SegmentedRaftLogWorker (SegmentedRaftLogWorker.java:run(316)) - 4d6b5caf-4e9b-416c-b427-49c0e702c9ae@group-83B0D730E215-SegmentedRaftLogWorker was interrupted, exiting. There are 0 tasks remaining in the queue.
2019-11-14 05:02:36,764 [grpc-default-executor-2] INFO  segmented.SegmentedRaftLogWorker (SegmentedRaftLogWorker.java:close(224)) - 4d6b5caf-4e9b-416c-b427-49c0e702c9ae@group-83B0D730E215-SegmentedRaftLogWorker close()
2019-11-14 05:02:36,783 [Thread-178] INFO  pipeline.PipelineStateManager (PipelineStateManager.java:removePipeline(106)) - Pipeline Pipeline[ Id: ebf0d35b-01f4-4e05-82ae-83b0d730e215, Nodes: 4d6b5caf-4e9b-416c-b427-49c0e702c9ae{ip: 192.168.157.206, host: trunk-nightly-20191114-k5n9k-339518648, networkLocation: /default-rack, certSerialId: null}, Type:RATIS, Factor:ONE, State:CLOSED] removed from db
2019-11-14 05:02:36,784 [Thread-178] INFO  pipeline.SCMPipelineManager (SCMPipelineManager.java:finalizeAndDestroyPipeline(315)) - destroying pipeline:Pipeline[ Id: d262695d-8d33-428b-b008-e0a990868752, Nodes: 530753ab-4ab5-4995-8706-b83783b9fb77{ip: 192.168.157.206, host: trunk-nightly-20191114-k5n9k-339518648, networkLocation: /default-rack, certSerialId: null}3afe92fd-7288-4d6b-955e-7c4ea0258921{ip: 192.168.157.206, host: trunk-nightly-20191114-k5n9k-339518648, networkLocation: /default-rack, certSerialId: null}4d6b5caf-4e9b-416c-b427-49c0e702c9ae{ip: 192.168.157.206, host: trunk-nightly-20191114-k5n9k-339518648, networkLocation: /default-rack, certSerialId: null}, Type:RATIS, Factor:THREE, State:ALLOCATED]
2019-11-14 05:02:36,798 [grpc-default-executor-2] INFO  impl.RaftServerProxy (RaftServerProxy.java:addNew(89)) - 4d6b5caf-4e9b-416c-b427-49c0e702c9ae: addNew group-86A15386CE3D:[4d6b5caf-4e9b-416c-b427-49c0e702c9ae:192.168.157.206:42088] returns group-86A15386CE3D:java.util.concurrent.CompletableFuture@2dc393fb[Not completed]
2019-11-14 05:02:36,800 [pool-37-thread-1] INFO  impl.RaftServerImpl (RaftServerImpl.java:<init>(98)) - 4d6b5caf-4e9b-416c-b427-49c0e702c9ae: new RaftServerImpl for group-86A15386CE3D:[4d6b5caf-4e9b-416c-b427-49c0e702c9ae:192.168.157.206:42088] with ContainerStateMachine:uninitialized
2019-11-14 05:02:36,801 [pool-37-thread-1] INFO  server.RaftServerConfigKeys (ConfUtils.java:logGet(43)) - raft.server.rpc.timeout.min = 5s (custom)
2019-11-14 05:02:36,801 [pool-37-thread-1] INFO  server.RaftServerConfigKeys (ConfUtils.java:logGet(43)) - raft.server.rpc.timeout.max = 5200ms (custom)
2019-11-14 05:02:36,802 [pool-37-thread-1] INFO  server.RaftServerConfigKeys (ConfUtils.java:logGet(43)) - raft.server.rpcslowness.timeout = 120s (custom)
2019-11-14 05:02:36,802 [pool-37-thread-1] INFO  server.RaftServerConfigKeys (ConfUtils.java:logGet(43)) - raft.server.sleep.deviation.threshold = 300 (default)
2019-11-14 05:02:36,802 [pool-37-thread-1] INFO  server.RaftServerConfigKeys (ConfUtils.java:logGet(43)) - raft.server.log.appender.install.snapshot.enabled = false (custom)
2019-11-14 05:02:36,802 [pool-37-thread-1] INFO  impl.RaftServerImpl (ServerState.java:<init>(103)) - 4d6b5caf-4e9b-416c-b427-49c0e702c9ae@group-86A15386CE3D: ConfigurationManager, init=-1: [4d6b5caf-4e9b-416c-b427-49c0e702c9ae:192.168.157.206:42088], old=null, confs=<EMPTY_MAP>
2019-11-14 05:02:36,802 [pool-37-thread-1] INFO  server.RaftServerConfigKeys (ConfUtils.java:logGet(43)) - raft.server.storage.dir = [/workdir/hadoop-ozone/tools/target/test-dir/MiniOzoneClusterImpl-100cec03-9053-448d-9d5d-862c867472e5/datanode-1/data/ratis] (custom)
2019-11-14 05:02:36,803 [pool-37-thread-1] INFO  server.RaftServerConfigKeys (ConfUtils.java:logGet(43)) - raft.server.log.corruption.policy = EXCEPTION (default)
2019-11-14 05:02:36,803 [pool-37-thread-1] INFO  storage.RaftStorageDirectory (RaftStorageDirectory.java:analyzeStorage(246)) - The storage directory /workdir/hadoop-ozone/tools/target/test-dir/MiniOzoneClusterImpl-100cec03-9053-448d-9d5d-862c867472e5/datanode-1/data/ratis/895b0615-6845-4e26-846a-86a15386ce3d does not exist. Creating ...
2019-11-14 05:02:36,833 [pool-37-thread-1] INFO  storage.RaftStorageDirectory (RaftStorageDirectory.java:tryLock(328)) - Lock on /workdir/hadoop-ozone/tools/target/test-dir/MiniOzoneClusterImpl-100cec03-9053-448d-9d5d-862c867472e5/datanode-1/data/ratis/895b0615-6845-4e26-846a-86a15386ce3d/in_use.lock acquired by nodename 30844@trunk-nightly-20191114-k5n9k-339518648
2019-11-14 05:02:36,867 [pool-37-thread-1] INFO  storage.RaftStorage (RaftStorage.java:format(84)) - Storage directory /workdir/hadoop-ozone/tools/target/test-dir/MiniOzoneClusterImpl-100cec03-9053-448d-9d5d-862c867472e5/datanode-1/data/ratis/895b0615-6845-4e26-846a-86a15386ce3d has been successfully formatted.
2019-11-14 05:02:36,868 [pool-37-thread-1] INFO  ratis.ContainerStateMachine (ContainerStateMachine.java:loadSnapshot(223)) - group-86A15386CE3D: The snapshot info is null. Setting the last applied indexto:(t:0, i:~)
2019-11-14 05:02:36,868 [pool-37-thread-1] INFO  server.RaftServerConfigKeys (ConfUtils.java:logGet(43)) - raft.server.notification.no-leader.timeout = 120s (custom)
2019-11-14 05:02:36,868 [pool-37-thread-1] INFO  server.RaftServerConfigKeys (ConfUtils.java:logGet(43)) - raft.server.log.use.memory = false (default)
2019-11-14 05:02:36,868 [pool-37-thread-1] INFO  server.RaftServerConfigKeys (ConfUtils.java:logGet(43)) - raft.server.log.purge.gap = 1000000 (custom)
2019-11-14 05:02:36,869 [pool-37-thread-1] INFO  server.RaftServerConfigKeys (ConfUtils.java:logGet(43)) - raft.server.log.appender.buffer.byte-limit = 33554432 (custom)
2019-11-14 05:02:36,869 [pool-37-thread-1] INFO  server.RaftServerConfigKeys (ConfUtils.java:logGet(43)) - raft.server.log.segment.size.max = 1048576 (custom)
2019-11-14 05:02:36,869 [pool-37-thread-1] INFO  server.RaftServerConfigKeys (ConfUtils.java:logGet(43)) - raft.server.log.segment.cache.num.max = 2 (custom)
2019-11-14 05:02:36,869 [pool-37-thread-1] INFO  segmented.SegmentedRaftLogWorker (SegmentedRaftLogWorker.java:<init>(173)) - new 4d6b5caf-4e9b-416c-b427-49c0e702c9ae@group-86A15386CE3D-SegmentedRaftLogWorker for RaftStorage:Storage Directory /workdir/hadoop-ozone/tools/target/test-dir/MiniOzoneClusterImpl-100cec03-9053-448d-9d5d-862c867472e5/datanode-1/data/ratis/895b0615-6845-4e26-846a-86a15386ce3d
2019-11-14 05:02:36,869 [pool-37-thread-1] INFO  server.RaftServerConfigKeys (ConfUtils.java:logGet(43)) - raft.server.log.queue.byte-limit = 2147483647 (custom)
2019-11-14 05:02:36,870 [pool-37-thread-1] INFO  server.RaftServerConfigKeys (ConfUtils.java:logGet(43)) - raft.server.log.queue.element-limit = 1024 (custom)
2019-11-14 05:02:36,870 [pool-37-thread-1] INFO  server.RaftServerConfigKeys (ConfUtils.java:logGet(43)) - raft.server.log.segment.size.max = 1048576 (custom)
2019-11-14 05:02:36,870 [pool-37-thread-1] INFO  server.RaftServerConfigKeys (ConfUtils.java:logGet(43)) - raft.server.log.preallocated.size = 16384 (custom)
2019-11-14 05:02:36,870 [pool-37-thread-1] INFO  server.RaftServerConfigKeys (ConfUtils.java:logGet(43)) - raft.server.log.write.buffer.size = 33554432 (custom)
2019-11-14 05:02:36,870 [pool-37-thread-1] INFO  server.RaftServerConfigKeys (ConfUtils.java:logGet(43)) - raft.server.log.force.sync.num = 128 (default)
2019-11-14 05:02:36,871 [pool-37-thread-1] INFO  server.RaftServerConfigKeys (ConfUtils.java:logGet(43)) - raft.server.log.statemachine.data.sync = true (default)
2019-11-14 05:02:36,871 [pool-37-thread-1] INFO  server.RaftServerConfigKeys (ConfUtils.java:logGet(43)) - raft.server.log.statemachine.data.sync.timeout = 10s (default)
2019-11-14 05:02:36,871 [pool-37-thread-1] INFO  server.RaftServerConfigKeys (ConfUtils.java:logGet(43)) - raft.server.log.statemachine.data.sync.timeout.retry = -1 (default)
2019-11-14 05:02:36,871 [pool-37-thread-1] INFO  server.RaftServerConfigKeys (ConfUtils.java:logGet(43)) - raft.server.log.statemachine.data.caching.enabled = true (custom)
2019-11-14 05:02:36,872 [pool-37-thread-1] INFO  segmented.SegmentedRaftLogWorker (SegmentedRaftLogWorker.java:lambda$new$0(128)) - 4d6b5caf-4e9b-416c-b427-49c0e702c9ae@group-86A15386CE3D-SegmentedRaftLogWorker: flushIndex: setUnconditionally 0 -> -1
2019-11-14 05:02:36,872 [pool-37-thread-1] INFO  server.RaftServerConfigKeys (ConfUtils.java:logGet(43)) - raft.server.snapshot.auto.trigger.enabled = true (custom)
2019-11-14 05:02:36,872 [pool-37-thread-1] INFO  server.RaftServerConfigKeys (ConfUtils.java:logGet(43)) - raft.server.snapshot.auto.trigger.threshold = 10000 (custom)
2019-11-14 05:02:36,873 [pool-37-thread-1] INFO  server.RaftServerConfigKeys (ConfUtils.java:logGet(43)) - raft.server.snapshot.retention.file.num = 5 (custom)
2019-11-14 05:02:36,873 [pool-37-thread-1] INFO  server.RaftServerConfigKeys (ConfUtils.java:logGet(43)) - raft.server.retrycache.expirytime = 600000ms (custom)
2019-11-14 05:02:36,873 [pool-37-thread-1] WARN  impl.MetricRegistriesImpl (MetricRegistriesImpl.java:lambda$create$1(61)) - First MetricRegistry has been created without registering reporters. You may need to call MetricRegistries.global().addReportRegistration(...) before.
2019-11-14 05:02:36,874 [pool-37-thread-1] WARN  impl.MetricRegistriesImpl (MetricRegistriesImpl.java:lambda$create$1(61)) - First MetricRegistry has been created without registering reporters. You may need to call MetricRegistries.global().addReportRegistration(...) before.
2019-11-14 05:02:36,874 [pool-37-thread-1] INFO  impl.RaftServerImpl (RaftServerImpl.java:start(184)) - 4d6b5caf-4e9b-416c-b427-49c0e702c9ae@group-86A15386CE3D: start as a follower, conf=-1: [4d6b5caf-4e9b-416c-b427-49c0e702c9ae:192.168.157.206:42088], old=null
2019-11-14 05:02:36,874 [pool-37-thread-1] INFO  impl.RaftServerImpl (RaftServerImpl.java:setRole(173)) - 4d6b5caf-4e9b-416c-b427-49c0e702c9ae@group-86A15386CE3D: changes role from      null to FOLLOWER at term 0 for startAsFollower
2019-11-14 05:02:36,874 [pool-37-thread-1] INFO  impl.RoleInfo (RoleInfo.java:updateAndGet(143)) - 4d6b5caf-4e9b-416c-b427-49c0e702c9ae: start FollowerState
2019-11-14 05:02:36,875 [pool-37-thread-1] INFO  util.JmxRegister (JmxRegister.java:tryRegister(44)) - Successfully registered JMX Bean with object name Ratis:service=RaftServer,group=group-86A15386CE3D,id=4d6b5caf-4e9b-416c-b427-49c0e702c9ae
2019-11-14 05:02:36,875 [pool-37-thread-1] WARN  impl.MetricRegistriesImpl (MetricRegistriesImpl.java:lambda$create$1(61)) - First MetricRegistry has been created without registering reporters. You may need to call MetricRegistries.global().addReportRegistration(...) before.
2019-11-14 05:02:36,884 [RatisPipelineUtilsThread] INFO  pipeline.PipelineStateManager (PipelineStateManager.java:addPipeline(55)) - Created pipeline Pipeline[ Id: 895b0615-6845-4e26-846a-86a15386ce3d, Nodes: 4d6b5caf-4e9b-416c-b427-49c0e702c9ae{ip: 192.168.157.206, host: trunk-nightly-20191114-k5n9k-339518648, networkLocation: /default-rack, certSerialId: null}, Type:RATIS, Factor:ONE, State:ALLOCATED]
2019-11-14 05:02:36,885 [Thread-178] INFO  pipeline.PipelineStateManager (PipelineStateManager.java:finalizePipeline(121)) - Pipeline Pipeline[ Id: d262695d-8d33-428b-b008-e0a990868752, Nodes: 530753ab-4ab5-4995-8706-b83783b9fb77{ip: 192.168.157.206, host: trunk-nightly-20191114-k5n9k-339518648, networkLocation: /default-rack, certSerialId: null}3afe92fd-7288-4d6b-955e-7c4ea0258921{ip: 192.168.157.206, host: trunk-nightly-20191114-k5n9k-339518648, networkLocation: /default-rack, certSerialId: null}4d6b5caf-4e9b-416c-b427-49c0e702c9ae{ip: 192.168.157.206, host: trunk-nightly-20191114-k5n9k-339518648, networkLocation: /default-rack, certSerialId: null}, Type:RATIS, Factor:THREE, State:CLOSED] moved to CLOSED state
2019-11-14 05:02:36,898 [grpc-default-executor-2] INFO  impl.RaftServerProxy (RaftServerProxy.java:remove(95)) - 530753ab-4ab5-4995-8706-b83783b9fb77: remove  FOLLOWER 530753ab-4ab5-4995-8706-b83783b9fb77@group-E0A990868752:t0, leader=null, voted=null, raftlog=530753ab-4ab5-4995-8706-b83783b9fb77@group-E0A990868752-SegmentedRaftLog:OPENED:c-1,f-1,i0, conf=-1: [3afe92fd-7288-4d6b-955e-7c4ea0258921:192.168.157.206:33058, 530753ab-4ab5-4995-8706-b83783b9fb77:192.168.157.206:42733, 4d6b5caf-4e9b-416c-b427-49c0e702c9ae:192.168.157.206:42088], old=null RUNNING
2019-11-14 05:02:36,898 [grpc-default-executor-2] INFO  impl.RaftServerImpl (RaftServerImpl.java:lambda$shutdown$3(250)) - 530753ab-4ab5-4995-8706-b83783b9fb77@group-E0A990868752: shutdown
2019-11-14 05:02:36,898 [grpc-default-executor-2] INFO  util.JmxRegister (JmxRegister.java:unregister(73)) - Successfully un-registered JMX Bean with object name Ratis:service=RaftServer,group=group-E0A990868752,id=530753ab-4ab5-4995-8706-b83783b9fb77
2019-11-14 05:02:36,898 [grpc-default-executor-2] INFO  impl.RoleInfo (RoleInfo.java:shutdownFollowerState(121)) - 530753ab-4ab5-4995-8706-b83783b9fb77: shutdown FollowerState
2019-11-14 05:02:36,899 [grpc-default-executor-2] INFO  impl.StateMachineUpdater (StateMachineUpdater.java:stopAndJoin(136)) - 530753ab-4ab5-4995-8706-b83783b9fb77@group-E0A990868752-StateMachineUpdater: set stopIndex = -1
2019-11-14 05:02:36,899 [Thread-189] INFO  impl.FollowerState (FollowerState.java:run(120)) - 530753ab-4ab5-4995-8706-b83783b9fb77@group-E0A990868752-FollowerState was interrupted: java.lang.InterruptedException: sleep interrupted
2019-11-14 05:02:36,902 [grpc-default-executor-2] INFO  impl.RaftServerImpl (ServerState.java:close(387)) - 530753ab-4ab5-4995-8706-b83783b9fb77@group-E0A990868752: closes. applyIndex: -1
2019-11-14 05:02:36,902 [530753ab-4ab5-4995-8706-b83783b9fb77@group-E0A990868752-SegmentedRaftLogWorker] INFO  segmented.SegmentedRaftLogWorker (SegmentedRaftLogWorker.java:run(316)) - 530753ab-4ab5-4995-8706-b83783b9fb77@group-E0A990868752-SegmentedRaftLogWorker was interrupted, exiting. There are 0 tasks remaining in the queue.
2019-11-14 05:02:36,902 [grpc-default-executor-2] INFO  segmented.SegmentedRaftLogWorker (SegmentedRaftLogWorker.java:close(224)) - 530753ab-4ab5-4995-8706-b83783b9fb77@group-E0A990868752-SegmentedRaftLogWorker close()
2019-11-14 05:02:36,924 [grpc-default-executor-2] INFO  impl.RaftServerProxy (RaftServerProxy.java:remove(95)) - 3afe92fd-7288-4d6b-955e-7c4ea0258921: remove  FOLLOWER 3afe92fd-7288-4d6b-955e-7c4ea0258921@group-E0A990868752:t0, leader=null, voted=null, raftlog=3afe92fd-7288-4d6b-955e-7c4ea0258921@group-E0A990868752-SegmentedRaftLog:OPENED:c-1,f-1,i0, conf=-1: [3afe92fd-7288-4d6b-955e-7c4ea0258921:192.168.157.206:33058, 530753ab-4ab5-4995-8706-b83783b9fb77:192.168.157.206:42733, 4d6b5caf-4e9b-416c-b427-49c0e702c9ae:192.168.157.206:42088], old=null RUNNING
2019-11-14 05:02:36,924 [grpc-default-executor-2] INFO  impl.RaftServerImpl (RaftServerImpl.java:lambda$shutdown$3(250)) - 3afe92fd-7288-4d6b-955e-7c4ea0258921@group-E0A990868752: shutdown
2019-11-14 05:02:36,925 [grpc-default-executor-2] INFO  util.JmxRegister (JmxRegister.java:unregister(73)) - Successfully un-registered JMX Bean with object name Ratis:service=RaftServer,group=group-E0A990868752,id=3afe92fd-7288-4d6b-955e-7c4ea0258921
2019-11-14 05:02:36,925 [grpc-default-executor-2] INFO  impl.RoleInfo (RoleInfo.java:shutdownFollowerState(121)) - 3afe92fd-7288-4d6b-955e-7c4ea0258921: shutdown FollowerState
2019-11-14 05:02:36,925 [grpc-default-executor-2] INFO  impl.StateMachineUpdater (StateMachineUpdater.java:stopAndJoin(136)) - 3afe92fd-7288-4d6b-955e-7c4ea0258921@group-E0A990868752-StateMachineUpdater: set stopIndex = -1
2019-11-14 05:02:36,925 [Thread-194] INFO  impl.FollowerState (FollowerState.java:run(120)) - 3afe92fd-7288-4d6b-955e-7c4ea0258921@group-E0A990868752-FollowerState was interrupted: java.lang.InterruptedException: sleep interrupted
2019-11-14 05:02:36,926 [grpc-default-executor-2] INFO  impl.RaftServerImpl (ServerState.java:close(387)) - 3afe92fd-7288-4d6b-955e-7c4ea0258921@group-E0A990868752: closes. applyIndex: -1
2019-11-14 05:02:36,927 [3afe92fd-7288-4d6b-955e-7c4ea0258921@group-E0A990868752-SegmentedRaftLogWorker] INFO  segmented.SegmentedRaftLogWorker (SegmentedRaftLogWorker.java:run(316)) - 3afe92fd-7288-4d6b-955e-7c4ea0258921@group-E0A990868752-SegmentedRaftLogWorker was interrupted, exiting. There are 0 tasks remaining in the queue.
2019-11-14 05:02:36,928 [grpc-default-executor-2] INFO  segmented.SegmentedRaftLogWorker (SegmentedRaftLogWorker.java:close(224)) - 3afe92fd-7288-4d6b-955e-7c4ea0258921@group-E0A990868752-SegmentedRaftLogWorker close()
2019-11-14 05:02:36,934 [main] INFO  ozone.MiniOzoneClusterImpl (MiniOzoneClusterImpl.java:lambda$waitForClusterToBeReady$2(163)) - Waiting for 3 number of pipelines out of 4, to report a leader.
2019-11-14 05:02:36,949 [grpc-default-executor-2] INFO  impl.RaftServerProxy (RaftServerProxy.java:remove(95)) - 4d6b5caf-4e9b-416c-b427-49c0e702c9ae: remove  FOLLOWER 4d6b5caf-4e9b-416c-b427-49c0e702c9ae@group-E0A990868752:t0, leader=null, voted=null, raftlog=4d6b5caf-4e9b-416c-b427-49c0e702c9ae@group-E0A990868752-SegmentedRaftLog:OPENED:c-1,f-1,i0, conf=-1: [3afe92fd-7288-4d6b-955e-7c4ea0258921:192.168.157.206:33058, 530753ab-4ab5-4995-8706-b83783b9fb77:192.168.157.206:42733, 4d6b5caf-4e9b-416c-b427-49c0e702c9ae:192.168.157.206:42088], old=null RUNNING
2019-11-14 05:02:36,949 [grpc-default-executor-2] INFO  impl.RaftServerImpl (RaftServerImpl.java:lambda$shutdown$3(250)) - 4d6b5caf-4e9b-416c-b427-49c0e702c9ae@group-E0A990868752: shutdown
2019-11-14 05:02:36,950 [grpc-default-executor-2] INFO  util.JmxRegister (JmxRegister.java:unregister(73)) - Successfully un-registered JMX Bean with object name Ratis:service=RaftServer,group=group-E0A990868752,id=4d6b5caf-4e9b-416c-b427-49c0e702c9ae
2019-11-14 05:02:36,950 [grpc-default-executor-2] INFO  impl.RoleInfo (RoleInfo.java:shutdownFollowerState(121)) - 4d6b5caf-4e9b-416c-b427-49c0e702c9ae: shutdown FollowerState
2019-11-14 05:02:36,950 [grpc-default-executor-2] INFO  impl.StateMachineUpdater (StateMachineUpdater.java:stopAndJoin(136)) - 4d6b5caf-4e9b-416c-b427-49c0e702c9ae@group-E0A990868752-StateMachineUpdater: set stopIndex = -1
2019-11-14 05:02:36,950 [Thread-193] INFO  impl.FollowerState (FollowerState.java:run(120)) - 4d6b5caf-4e9b-416c-b427-49c0e702c9ae@group-E0A990868752-FollowerState was interrupted: java.lang.InterruptedException: sleep interrupted
2019-11-14 05:02:36,951 [grpc-default-executor-2] INFO  impl.RaftServerImpl (ServerState.java:close(387)) - 4d6b5caf-4e9b-416c-b427-49c0e702c9ae@group-E0A990868752: closes. applyIndex: -1
2019-11-14 05:02:36,953 [4d6b5caf-4e9b-416c-b427-49c0e702c9ae@group-E0A990868752-SegmentedRaftLogWorker] INFO  segmented.SegmentedRaftLogWorker (SegmentedRaftLogWorker.java:run(316)) - 4d6b5caf-4e9b-416c-b427-49c0e702c9ae@group-E0A990868752-SegmentedRaftLogWorker was interrupted, exiting. There are 0 tasks remaining in the queue.
2019-11-14 05:02:36,953 [grpc-default-executor-2] INFO  segmented.SegmentedRaftLogWorker (SegmentedRaftLogWorker.java:close(224)) - 4d6b5caf-4e9b-416c-b427-49c0e702c9ae@group-E0A990868752-SegmentedRaftLogWorker close()
2019-11-14 05:02:36,963 [Thread-178] INFO  pipeline.PipelineStateManager (PipelineStateManager.java:removePipeline(106)) - Pipeline Pipeline[ Id: d262695d-8d33-428b-b008-e0a990868752, Nodes: 530753ab-4ab5-4995-8706-b83783b9fb77{ip: 192.168.157.206, host: trunk-nightly-20191114-k5n9k-339518648, networkLocation: /default-rack, certSerialId: null}3afe92fd-7288-4d6b-955e-7c4ea0258921{ip: 192.168.157.206, host: trunk-nightly-20191114-k5n9k-339518648, networkLocation: /default-rack, certSerialId: null}4d6b5caf-4e9b-416c-b427-49c0e702c9ae{ip: 192.168.157.206, host: trunk-nightly-20191114-k5n9k-339518648, networkLocation: /default-rack, certSerialId: null}, Type:RATIS, Factor:THREE, State:CLOSED] removed from db
2019-11-14 05:02:36,964 [Thread-178] INFO  pipeline.SCMPipelineManager (SCMPipelineManager.java:finalizeAndDestroyPipeline(315)) - destroying pipeline:Pipeline[ Id: 05a719ec-aca4-4c4b-9277-23dd96d343f9, Nodes: 3afe92fd-7288-4d6b-955e-7c4ea0258921{ip: 192.168.157.206, host: trunk-nightly-20191114-k5n9k-339518648, networkLocation: /default-rack, certSerialId: null}, Type:RATIS, Factor:ONE, State:ALLOCATED]
2019-11-14 05:02:37,007 [grpc-default-executor-1] INFO  impl.RaftServerProxy (RaftServerProxy.java:addNew(89)) - 4d6b5caf-4e9b-416c-b427-49c0e702c9ae: addNew group-9F1231201A7C:[3afe92fd-7288-4d6b-955e-7c4ea0258921:192.168.157.206:33058, 530753ab-4ab5-4995-8706-b83783b9fb77:192.168.157.206:42733, 4d6b5caf-4e9b-416c-b427-49c0e702c9ae:192.168.157.206:42088] returns group-9F1231201A7C:java.util.concurrent.CompletableFuture@3cbba756[Not completed]
2019-11-14 05:02:37,013 [grpc-default-executor-1] INFO  impl.RaftServerProxy (RaftServerProxy.java:addNew(89)) - 530753ab-4ab5-4995-8706-b83783b9fb77: addNew group-9F1231201A7C:[3afe92fd-7288-4d6b-955e-7c4ea0258921:192.168.157.206:33058, 530753ab-4ab5-4995-8706-b83783b9fb77:192.168.157.206:42733, 4d6b5caf-4e9b-416c-b427-49c0e702c9ae:192.168.157.206:42088] returns group-9F1231201A7C:java.util.concurrent.CompletableFuture@5807a8aa[Not completed]
2019-11-14 05:02:37,019 [grpc-default-executor-0] INFO  impl.RaftServerProxy (RaftServerProxy.java:addNew(89)) - 3afe92fd-7288-4d6b-955e-7c4ea0258921: addNew group-9F1231201A7C:[3afe92fd-7288-4d6b-955e-7c4ea0258921:192.168.157.206:33058, 530753ab-4ab5-4995-8706-b83783b9fb77:192.168.157.206:42733, 4d6b5caf-4e9b-416c-b427-49c0e702c9ae:192.168.157.206:42088] returns group-9F1231201A7C:java.util.concurrent.CompletableFuture@685387d9[Not completed]
2019-11-14 05:02:37,023 [pool-27-thread-1] INFO  impl.RaftServerImpl (RaftServerImpl.java:<init>(98)) - 3afe92fd-7288-4d6b-955e-7c4ea0258921: new RaftServerImpl for group-9F1231201A7C:[3afe92fd-7288-4d6b-955e-7c4ea0258921:192.168.157.206:33058, 530753ab-4ab5-4995-8706-b83783b9fb77:192.168.157.206:42733, 4d6b5caf-4e9b-416c-b427-49c0e702c9ae:192.168.157.206:42088] with ContainerStateMachine:uninitialized
2019-11-14 05:02:37,023 [pool-27-thread-1] INFO  server.RaftServerConfigKeys (ConfUtils.java:logGet(43)) - raft.server.rpc.timeout.min = 5s (custom)
2019-11-14 05:02:37,023 [pool-27-thread-1] INFO  server.RaftServerConfigKeys (ConfUtils.java:logGet(43)) - raft.server.rpc.timeout.max = 5200ms (custom)
2019-11-14 05:02:37,024 [pool-27-thread-1] INFO  server.RaftServerConfigKeys (ConfUtils.java:logGet(43)) - raft.server.rpcslowness.timeout = 120s (custom)
2019-11-14 05:02:37,024 [pool-27-thread-1] INFO  server.RaftServerConfigKeys (ConfUtils.java:logGet(43)) - raft.server.sleep.deviation.threshold = 300 (default)
2019-11-14 05:02:37,024 [pool-27-thread-1] INFO  server.RaftServerConfigKeys (ConfUtils.java:logGet(43)) - raft.server.log.appender.install.snapshot.enabled = false (custom)
2019-11-14 05:02:37,024 [pool-27-thread-1] INFO  impl.RaftServerImpl (ServerState.java:<init>(103)) - 3afe92fd-7288-4d6b-955e-7c4ea0258921@group-9F1231201A7C: ConfigurationManager, init=-1: [3afe92fd-7288-4d6b-955e-7c4ea0258921:192.168.157.206:33058, 530753ab-4ab5-4995-8706-b83783b9fb77:192.168.157.206:42733, 4d6b5caf-4e9b-416c-b427-49c0e702c9ae:192.168.157.206:42088], old=null, confs=<EMPTY_MAP>
2019-11-14 05:02:37,024 [pool-47-thread-1] INFO  impl.RaftServerImpl (RaftServerImpl.java:<init>(98)) - 530753ab-4ab5-4995-8706-b83783b9fb77: new RaftServerImpl for group-9F1231201A7C:[3afe92fd-7288-4d6b-955e-7c4ea0258921:192.168.157.206:33058, 530753ab-4ab5-4995-8706-b83783b9fb77:192.168.157.206:42733, 4d6b5caf-4e9b-416c-b427-49c0e702c9ae:192.168.157.206:42088] with ContainerStateMachine:uninitialized
2019-11-14 05:02:37,024 [pool-27-thread-1] INFO  server.RaftServerConfigKeys (ConfUtils.java:logGet(43)) - raft.server.storage.dir = [/workdir/hadoop-ozone/tools/target/test-dir/MiniOzoneClusterImpl-100cec03-9053-448d-9d5d-862c867472e5/datanode-0/data/ratis] (custom)
2019-11-14 05:02:37,025 [pool-47-thread-1] INFO  server.RaftServerConfigKeys (ConfUtils.java:logGet(43)) - raft.server.rpc.timeout.min = 5s (custom)
2019-11-14 05:02:37,025 [pool-47-thread-1] INFO  server.RaftServerConfigKeys (ConfUtils.java:logGet(43)) - raft.server.rpc.timeout.max = 5200ms (custom)
2019-11-14 05:02:37,025 [pool-27-thread-1] INFO  server.RaftServerConfigKeys (ConfUtils.java:logGet(43)) - raft.server.log.corruption.policy = EXCEPTION (default)
2019-11-14 05:02:37,025 [pool-47-thread-1] INFO  server.RaftServerConfigKeys (ConfUtils.java:logGet(43)) - raft.server.rpcslowness.timeout = 120s (custom)
2019-11-14 05:02:37,025 [pool-27-thread-1] INFO  storage.RaftStorageDirectory (RaftStorageDirectory.java:analyzeStorage(246)) - The storage directory /workdir/hadoop-ozone/tools/target/test-dir/MiniOzoneClusterImpl-100cec03-9053-448d-9d5d-862c867472e5/datanode-0/data/ratis/45ae1583-67eb-44e6-9397-9f1231201a7c does not exist. Creating ...
2019-11-14 05:02:37,025 [pool-47-thread-1] INFO  server.RaftServerConfigKeys (ConfUtils.java:logGet(43)) - raft.server.sleep.deviation.threshold = 300 (default)
2019-11-14 05:02:37,026 [pool-47-thread-1] INFO  server.RaftServerConfigKeys (ConfUtils.java:logGet(43)) - raft.server.log.appender.install.snapshot.enabled = false (custom)
2019-11-14 05:02:37,026 [pool-47-thread-1] INFO  impl.RaftServerImpl (ServerState.java:<init>(103)) - 530753ab-4ab5-4995-8706-b83783b9fb77@group-9F1231201A7C: ConfigurationManager, init=-1: [3afe92fd-7288-4d6b-955e-7c4ea0258921:192.168.157.206:33058, 530753ab-4ab5-4995-8706-b83783b9fb77:192.168.157.206:42733, 4d6b5caf-4e9b-416c-b427-49c0e702c9ae:192.168.157.206:42088], old=null, confs=<EMPTY_MAP>
2019-11-14 05:02:37,026 [pool-37-thread-1] INFO  impl.RaftServerImpl (RaftServerImpl.java:<init>(98)) - 4d6b5caf-4e9b-416c-b427-49c0e702c9ae: new RaftServerImpl for group-9F1231201A7C:[3afe92fd-7288-4d6b-955e-7c4ea0258921:192.168.157.206:33058, 530753ab-4ab5-4995-8706-b83783b9fb77:192.168.157.206:42733, 4d6b5caf-4e9b-416c-b427-49c0e702c9ae:192.168.157.206:42088] with ContainerStateMachine:uninitialized
2019-11-14 05:02:37,026 [pool-47-thread-1] INFO  server.RaftServerConfigKeys (ConfUtils.java:logGet(43)) - raft.server.storage.dir = [/workdir/hadoop-ozone/tools/target/test-dir/MiniOzoneClusterImpl-100cec03-9053-448d-9d5d-862c867472e5/datanode-2/data/ratis] (custom)
2019-11-14 05:02:37,026 [pool-37-thread-1] INFO  server.RaftServerConfigKeys (ConfUtils.java:logGet(43)) - raft.server.rpc.timeout.min = 5s (custom)
2019-11-14 05:02:37,027 [pool-37-thread-1] INFO  server.RaftServerConfigKeys (ConfUtils.java:logGet(43)) - raft.server.rpc.timeout.max = 5200ms (custom)
2019-11-14 05:02:37,027 [pool-47-thread-1] INFO  server.RaftServerConfigKeys (ConfUtils.java:logGet(43)) - raft.server.log.corruption.policy = EXCEPTION (default)
2019-11-14 05:02:37,027 [pool-37-thread-1] INFO  server.RaftServerConfigKeys (ConfUtils.java:logGet(43)) - raft.server.rpcslowness.timeout = 120s (custom)
2019-11-14 05:02:37,027 [pool-47-thread-1] INFO  storage.RaftStorageDirectory (RaftStorageDirectory.java:analyzeStorage(246)) - The storage directory /workdir/hadoop-ozone/tools/target/test-dir/MiniOzoneClusterImpl-100cec03-9053-448d-9d5d-862c867472e5/datanode-2/data/ratis/45ae1583-67eb-44e6-9397-9f1231201a7c does not exist. Creating ...
2019-11-14 05:02:37,027 [pool-37-thread-1] INFO  server.RaftServerConfigKeys (ConfUtils.java:logGet(43)) - raft.server.sleep.deviation.threshold = 300 (default)
2019-11-14 05:02:37,027 [pool-37-thread-1] INFO  server.RaftServerConfigKeys (ConfUtils.java:logGet(43)) - raft.server.log.appender.install.snapshot.enabled = false (custom)
2019-11-14 05:02:37,027 [pool-37-thread-1] INFO  impl.RaftServerImpl (ServerState.java:<init>(103)) - 4d6b5caf-4e9b-416c-b427-49c0e702c9ae@group-9F1231201A7C: ConfigurationManager, init=-1: [3afe92fd-7288-4d6b-955e-7c4ea0258921:192.168.157.206:33058, 530753ab-4ab5-4995-8706-b83783b9fb77:192.168.157.206:42733, 4d6b5caf-4e9b-416c-b427-49c0e702c9ae:192.168.157.206:42088], old=null, confs=<EMPTY_MAP>
2019-11-14 05:02:37,028 [pool-37-thread-1] INFO  server.RaftServerConfigKeys (ConfUtils.java:logGet(43)) - raft.server.storage.dir = [/workdir/hadoop-ozone/tools/target/test-dir/MiniOzoneClusterImpl-100cec03-9053-448d-9d5d-862c867472e5/datanode-1/data/ratis] (custom)
2019-11-14 05:02:37,028 [pool-37-thread-1] INFO  server.RaftServerConfigKeys (ConfUtils.java:logGet(43)) - raft.server.log.corruption.policy = EXCEPTION (default)
2019-11-14 05:02:37,028 [pool-37-thread-1] INFO  storage.RaftStorageDirectory (RaftStorageDirectory.java:analyzeStorage(246)) - The storage directory /workdir/hadoop-ozone/tools/target/test-dir/MiniOzoneClusterImpl-100cec03-9053-448d-9d5d-862c867472e5/datanode-1/data/ratis/45ae1583-67eb-44e6-9397-9f1231201a7c does not exist. Creating ...
2019-11-14 05:02:37,051 [pool-47-thread-1] INFO  storage.RaftStorageDirectory (RaftStorageDirectory.java:tryLock(328)) - Lock on /workdir/hadoop-ozone/tools/target/test-dir/MiniOzoneClusterImpl-100cec03-9053-448d-9d5d-862c867472e5/datanode-2/data/ratis/45ae1583-67eb-44e6-9397-9f1231201a7c/in_use.lock acquired by nodename 30844@trunk-nightly-20191114-k5n9k-339518648
2019-11-14 05:02:37,051 [pool-27-thread-1] INFO  storage.RaftStorageDirectory (RaftStorageDirectory.java:tryLock(328)) - Lock on /workdir/hadoop-ozone/tools/target/test-dir/MiniOzoneClusterImpl-100cec03-9053-448d-9d5d-862c867472e5/datanode-0/data/ratis/45ae1583-67eb-44e6-9397-9f1231201a7c/in_use.lock acquired by nodename 30844@trunk-nightly-20191114-k5n9k-339518648
2019-11-14 05:02:37,051 [pool-37-thread-1] INFO  storage.RaftStorageDirectory (RaftStorageDirectory.java:tryLock(328)) - Lock on /workdir/hadoop-ozone/tools/target/test-dir/MiniOzoneClusterImpl-100cec03-9053-448d-9d5d-862c867472e5/datanode-1/data/ratis/45ae1583-67eb-44e6-9397-9f1231201a7c/in_use.lock acquired by nodename 30844@trunk-nightly-20191114-k5n9k-339518648
2019-11-14 05:02:37,069 [pool-27-thread-1] INFO  storage.RaftStorage (RaftStorage.java:format(84)) - Storage directory /workdir/hadoop-ozone/tools/target/test-dir/MiniOzoneClusterImpl-100cec03-9053-448d-9d5d-862c867472e5/datanode-0/data/ratis/45ae1583-67eb-44e6-9397-9f1231201a7c has been successfully formatted.
2019-11-14 05:02:37,069 [pool-37-thread-1] INFO  storage.RaftStorage (RaftStorage.java:format(84)) - Storage directory /workdir/hadoop-ozone/tools/target/test-dir/MiniOzoneClusterImpl-100cec03-9053-448d-9d5d-862c867472e5/datanode-1/data/ratis/45ae1583-67eb-44e6-9397-9f1231201a7c has been successfully formatted.
2019-11-14 05:02:37,069 [pool-47-thread-1] INFO  storage.RaftStorage (RaftStorage.java:format(84)) - Storage directory /workdir/hadoop-ozone/tools/target/test-dir/MiniOzoneClusterImpl-100cec03-9053-448d-9d5d-862c867472e5/datanode-2/data/ratis/45ae1583-67eb-44e6-9397-9f1231201a7c has been successfully formatted.
2019-11-14 05:02:37,069 [pool-27-thread-1] INFO  ratis.ContainerStateMachine (ContainerStateMachine.java:loadSnapshot(223)) - group-9F1231201A7C: The snapshot info is null. Setting the last applied indexto:(t:0, i:~)
2019-11-14 05:02:37,069 [pool-37-thread-1] INFO  ratis.ContainerStateMachine (ContainerStateMachine.java:loadSnapshot(223)) - group-9F1231201A7C: The snapshot info is null. Setting the last applied indexto:(t:0, i:~)
2019-11-14 05:02:37,069 [pool-27-thread-1] INFO  server.RaftServerConfigKeys (ConfUtils.java:logGet(43)) - raft.server.notification.no-leader.timeout = 120s (custom)
2019-11-14 05:02:37,069 [pool-47-thread-1] INFO  ratis.ContainerStateMachine (ContainerStateMachine.java:loadSnapshot(223)) - group-9F1231201A7C: The snapshot info is null. Setting the last applied indexto:(t:0, i:~)
2019-11-14 05:02:37,070 [pool-27-thread-1] INFO  server.RaftServerConfigKeys (ConfUtils.java:logGet(43)) - raft.server.log.use.memory = false (default)
2019-11-14 05:02:37,069 [pool-37-thread-1] INFO  server.RaftServerConfigKeys (ConfUtils.java:logGet(43)) - raft.server.notification.no-leader.timeout = 120s (custom)
2019-11-14 05:02:37,070 [pool-27-thread-1] INFO  server.RaftServerConfigKeys (ConfUtils.java:logGet(43)) - raft.server.log.purge.gap = 1000000 (custom)
2019-11-14 05:02:37,070 [pool-47-thread-1] INFO  server.RaftServerConfigKeys (ConfUtils.java:logGet(43)) - raft.server.notification.no-leader.timeout = 120s (custom)
2019-11-14 05:02:37,070 [pool-27-thread-1] INFO  server.RaftServerConfigKeys (ConfUtils.java:logGet(43)) - raft.server.log.appender.buffer.byte-limit = 33554432 (custom)
2019-11-14 05:02:37,070 [pool-37-thread-1] INFO  server.RaftServerConfigKeys (ConfUtils.java:logGet(43)) - raft.server.log.use.memory = false (default)
2019-11-14 05:02:37,071 [pool-27-thread-1] INFO  server.RaftServerConfigKeys (ConfUtils.java:logGet(43)) - raft.server.log.segment.size.max = 1048576 (custom)
2019-11-14 05:02:37,070 [pool-47-thread-1] INFO  server.RaftServerConfigKeys (ConfUtils.java:logGet(43)) - raft.server.log.use.memory = false (default)
2019-11-14 05:02:37,071 [pool-27-thread-1] INFO  server.RaftServerConfigKeys (ConfUtils.java:logGet(43)) - raft.server.log.segment.cache.num.max = 2 (custom)
2019-11-14 05:02:37,071 [pool-37-thread-1] INFO  server.RaftServerConfigKeys (ConfUtils.java:logGet(43)) - raft.server.log.purge.gap = 1000000 (custom)
2019-11-14 05:02:37,071 [pool-27-thread-1] INFO  segmented.SegmentedRaftLogWorker (SegmentedRaftLogWorker.java:<init>(173)) - new 3afe92fd-7288-4d6b-955e-7c4ea0258921@group-9F1231201A7C-SegmentedRaftLogWorker for RaftStorage:Storage Directory /workdir/hadoop-ozone/tools/target/test-dir/MiniOzoneClusterImpl-100cec03-9053-448d-9d5d-862c867472e5/datanode-0/data/ratis/45ae1583-67eb-44e6-9397-9f1231201a7c
2019-11-14 05:02:37,071 [pool-47-thread-1] INFO  server.RaftServerConfigKeys (ConfUtils.java:logGet(43)) - raft.server.log.purge.gap = 1000000 (custom)
2019-11-14 05:02:37,071 [pool-27-thread-1] INFO  server.RaftServerConfigKeys (ConfUtils.java:logGet(43)) - raft.server.log.queue.byte-limit = 2147483647 (custom)
2019-11-14 05:02:37,071 [pool-37-thread-1] INFO  server.RaftServerConfigKeys (ConfUtils.java:logGet(43)) - raft.server.log.appender.buffer.byte-limit = 33554432 (custom)
2019-11-14 05:02:37,072 [pool-27-thread-1] INFO  server.RaftServerConfigKeys (ConfUtils.java:logGet(43)) - raft.server.log.queue.element-limit = 1024 (custom)
2019-11-14 05:02:37,071 [pool-47-thread-1] INFO  server.RaftServerConfigKeys (ConfUtils.java:logGet(43)) - raft.server.log.appender.buffer.byte-limit = 33554432 (custom)
2019-11-14 05:02:37,072 [pool-27-thread-1] INFO  server.RaftServerConfigKeys (ConfUtils.java:logGet(43)) - raft.server.log.segment.size.max = 1048576 (custom)
2019-11-14 05:02:37,072 [pool-37-thread-1] INFO  server.RaftServerConfigKeys (ConfUtils.java:logGet(43)) - raft.server.log.segment.size.max = 1048576 (custom)
2019-11-14 05:02:37,072 [pool-27-thread-1] INFO  server.RaftServerConfigKeys (ConfUtils.java:logGet(43)) - raft.server.log.preallocated.size = 16384 (custom)
2019-11-14 05:02:37,072 [pool-47-thread-1] INFO  server.RaftServerConfigKeys (ConfUtils.java:logGet(43)) - raft.server.log.segment.size.max = 1048576 (custom)
2019-11-14 05:02:37,072 [pool-27-thread-1] INFO  server.RaftServerConfigKeys (ConfUtils.java:logGet(43)) - raft.server.log.write.buffer.size = 33554432 (custom)
2019-11-14 05:02:37,072 [pool-37-thread-1] INFO  server.RaftServerConfigKeys (ConfUtils.java:logGet(43)) - raft.server.log.segment.cache.num.max = 2 (custom)
2019-11-14 05:02:37,073 [pool-27-thread-1] INFO  server.RaftServerConfigKeys (ConfUtils.java:logGet(43)) - raft.server.log.force.sync.num = 128 (default)
2019-11-14 05:02:37,073 [pool-47-thread-1] INFO  server.RaftServerConfigKeys (ConfUtils.java:logGet(43)) - raft.server.log.segment.cache.num.max = 2 (custom)
2019-11-14 05:02:37,073 [pool-27-thread-1] INFO  server.RaftServerConfigKeys (ConfUtils.java:logGet(43)) - raft.server.log.statemachine.data.sync = true (default)
2019-11-14 05:02:37,073 [pool-37-thread-1] INFO  segmented.SegmentedRaftLogWorker (SegmentedRaftLogWorker.java:<init>(173)) - new 4d6b5caf-4e9b-416c-b427-49c0e702c9ae@group-9F1231201A7C-SegmentedRaftLogWorker for RaftStorage:Storage Directory /workdir/hadoop-ozone/tools/target/test-dir/MiniOzoneClusterImpl-100cec03-9053-448d-9d5d-862c867472e5/datanode-1/data/ratis/45ae1583-67eb-44e6-9397-9f1231201a7c
2019-11-14 05:02:37,073 [pool-27-thread-1] INFO  server.RaftServerConfigKeys (ConfUtils.java:logGet(43)) - raft.server.log.statemachine.data.sync.timeout = 10s (default)
2019-11-14 05:02:37,073 [pool-47-thread-1] INFO  segmented.SegmentedRaftLogWorker (SegmentedRaftLogWorker.java:<init>(173)) - new 530753ab-4ab5-4995-8706-b83783b9fb77@group-9F1231201A7C-SegmentedRaftLogWorker for RaftStorage:Storage Directory /workdir/hadoop-ozone/tools/target/test-dir/MiniOzoneClusterImpl-100cec03-9053-448d-9d5d-862c867472e5/datanode-2/data/ratis/45ae1583-67eb-44e6-9397-9f1231201a7c
2019-11-14 05:02:37,074 [pool-27-thread-1] INFO  server.RaftServerConfigKeys (ConfUtils.java:logGet(43)) - raft.server.log.statemachine.data.sync.timeout.retry = -1 (default)
2019-11-14 05:02:37,073 [pool-37-thread-1] INFO  server.RaftServerConfigKeys (ConfUtils.java:logGet(43)) - raft.server.log.queue.byte-limit = 2147483647 (custom)
2019-11-14 05:02:37,074 [pool-47-thread-1] INFO  server.RaftServerConfigKeys (ConfUtils.java:logGet(43)) - raft.server.log.queue.byte-limit = 2147483647 (custom)
2019-11-14 05:02:37,074 [pool-37-thread-1] INFO  server.RaftServerConfigKeys (ConfUtils.java:logGet(43)) - raft.server.log.queue.element-limit = 1024 (custom)
2019-11-14 05:02:37,074 [pool-27-thread-1] INFO  server.RaftServerConfigKeys (ConfUtils.java:logGet(43)) - raft.server.log.statemachine.data.caching.enabled = true (custom)
2019-11-14 05:02:37,074 [pool-37-thread-1] INFO  server.RaftServerConfigKeys (ConfUtils.java:logGet(43)) - raft.server.log.segment.size.max = 1048576 (custom)
2019-11-14 05:02:37,074 [pool-47-thread-1] INFO  server.RaftServerConfigKeys (ConfUtils.java:logGet(43)) - raft.server.log.queue.element-limit = 1024 (custom)
2019-11-14 05:02:37,075 [pool-37-thread-1] INFO  server.RaftServerConfigKeys (ConfUtils.java:logGet(43)) - raft.server.log.preallocated.size = 16384 (custom)
2019-11-14 05:02:37,075 [pool-47-thread-1] INFO  server.RaftServerConfigKeys (ConfUtils.java:logGet(43)) - raft.server.log.segment.size.max = 1048576 (custom)
2019-11-14 05:02:37,075 [pool-27-thread-1] INFO  segmented.SegmentedRaftLogWorker (SegmentedRaftLogWorker.java:lambda$new$0(128)) - 3afe92fd-7288-4d6b-955e-7c4ea0258921@group-9F1231201A7C-SegmentedRaftLogWorker: flushIndex: setUnconditionally 0 -> -1
2019-11-14 05:02:37,075 [pool-47-thread-1] INFO  server.RaftServerConfigKeys (ConfUtils.java:logGet(43)) - raft.server.log.preallocated.size = 16384 (custom)
2019-11-14 05:02:37,075 [pool-37-thread-1] INFO  server.RaftServerConfigKeys (ConfUtils.java:logGet(43)) - raft.server.log.write.buffer.size = 33554432 (custom)
2019-11-14 05:02:37,075 [pool-27-thread-1] INFO  server.RaftServerConfigKeys (ConfUtils.java:logGet(43)) - raft.server.snapshot.auto.trigger.enabled = true (custom)
2019-11-14 05:02:37,075 [pool-47-thread-1] INFO  server.RaftServerConfigKeys (ConfUtils.java:logGet(43)) - raft.server.log.write.buffer.size = 33554432 (custom)
2019-11-14 05:02:37,076 [pool-27-thread-1] INFO  server.RaftServerConfigKeys (ConfUtils.java:logGet(43)) - raft.server.snapshot.auto.trigger.threshold = 10000 (custom)
2019-11-14 05:02:37,075 [pool-37-thread-1] INFO  server.RaftServerConfigKeys (ConfUtils.java:logGet(43)) - raft.server.log.force.sync.num = 128 (default)
2019-11-14 05:02:37,076 [pool-27-thread-1] INFO  server.RaftServerConfigKeys (ConfUtils.java:logGet(43)) - raft.server.snapshot.retention.file.num = 5 (custom)
2019-11-14 05:02:37,076 [pool-47-thread-1] INFO  server.RaftServerConfigKeys (ConfUtils.java:logGet(43)) - raft.server.log.force.sync.num = 128 (default)
2019-11-14 05:02:37,076 [pool-37-thread-1] INFO  server.RaftServerConfigKeys (ConfUtils.java:logGet(43)) - raft.server.log.statemachine.data.sync = true (default)
2019-11-14 05:02:37,076 [pool-47-thread-1] INFO  server.RaftServerConfigKeys (ConfUtils.java:logGet(43)) - raft.server.log.statemachine.data.sync = true (default)
2019-11-14 05:02:37,076 [pool-27-thread-1] INFO  server.RaftServerConfigKeys (ConfUtils.java:logGet(43)) - raft.server.retrycache.expirytime = 600000ms (custom)
2019-11-14 05:02:37,077 [pool-47-thread-1] INFO  server.RaftServerConfigKeys (ConfUtils.java:logGet(43)) - raft.server.log.statemachine.data.sync.timeout = 10s (default)
2019-11-14 05:02:37,076 [pool-37-thread-1] INFO  server.RaftServerConfigKeys (ConfUtils.java:logGet(43)) - raft.server.log.statemachine.data.sync.timeout = 10s (default)
2019-11-14 05:02:37,077 [pool-47-thread-1] INFO  server.RaftServerConfigKeys (ConfUtils.java:logGet(43)) - raft.server.log.statemachine.data.sync.timeout.retry = -1 (default)
2019-11-14 05:02:37,077 [pool-27-thread-1] WARN  impl.MetricRegistriesImpl (MetricRegistriesImpl.java:lambda$create$1(61)) - First MetricRegistry has been created without registering reporters. You may need to call MetricRegistries.global().addReportRegistration(...) before.
2019-11-14 05:02:37,077 [pool-47-thread-1] INFO  server.RaftServerConfigKeys (ConfUtils.java:logGet(43)) - raft.server.log.statemachine.data.caching.enabled = true (custom)
2019-11-14 05:02:37,077 [pool-37-thread-1] INFO  server.RaftServerConfigKeys (ConfUtils.java:logGet(43)) - raft.server.log.statemachine.data.sync.timeout.retry = -1 (default)
2019-11-14 05:02:37,077 [pool-27-thread-1] WARN  impl.MetricRegistriesImpl (MetricRegistriesImpl.java:lambda$create$1(61)) - First MetricRegistry has been created without registering reporters. You may need to call MetricRegistries.global().addReportRegistration(...) before.
2019-11-14 05:02:37,078 [pool-47-thread-1] INFO  segmented.SegmentedRaftLogWorker (SegmentedRaftLogWorker.java:lambda$new$0(128)) - 530753ab-4ab5-4995-8706-b83783b9fb77@group-9F1231201A7C-SegmentedRaftLogWorker: flushIndex: setUnconditionally 0 -> -1
2019-11-14 05:02:37,078 [pool-37-thread-1] INFO  server.RaftServerConfigKeys (ConfUtils.java:logGet(43)) - raft.server.log.statemachine.data.caching.enabled = true (custom)
2019-11-14 05:02:37,078 [pool-27-thread-1] INFO  impl.RaftServerImpl (RaftServerImpl.java:start(184)) - 3afe92fd-7288-4d6b-955e-7c4ea0258921@group-9F1231201A7C: start as a follower, conf=-1: [3afe92fd-7288-4d6b-955e-7c4ea0258921:192.168.157.206:33058, 530753ab-4ab5-4995-8706-b83783b9fb77:192.168.157.206:42733, 4d6b5caf-4e9b-416c-b427-49c0e702c9ae:192.168.157.206:42088], old=null
2019-11-14 05:02:37,078 [pool-47-thread-1] INFO  server.RaftServerConfigKeys (ConfUtils.java:logGet(43)) - raft.server.snapshot.auto.trigger.enabled = true (custom)
2019-11-14 05:02:37,078 [pool-37-thread-1] INFO  segmented.SegmentedRaftLogWorker (SegmentedRaftLogWorker.java:lambda$new$0(128)) - 4d6b5caf-4e9b-416c-b427-49c0e702c9ae@group-9F1231201A7C-SegmentedRaftLogWorker: flushIndex: setUnconditionally 0 -> -1
2019-11-14 05:02:37,078 [pool-27-thread-1] INFO  impl.RaftServerImpl (RaftServerImpl.java:setRole(173)) - 3afe92fd-7288-4d6b-955e-7c4ea0258921@group-9F1231201A7C: changes role from      null to FOLLOWER at term 0 for startAsFollower
2019-11-14 05:02:37,078 [pool-47-thread-1] INFO  server.RaftServerConfigKeys (ConfUtils.java:logGet(43)) - raft.server.snapshot.auto.trigger.threshold = 10000 (custom)
2019-11-14 05:02:37,079 [pool-27-thread-1] INFO  impl.RoleInfo (RoleInfo.java:updateAndGet(143)) - 3afe92fd-7288-4d6b-955e-7c4ea0258921: start FollowerState
2019-11-14 05:02:37,078 [pool-37-thread-1] INFO  server.RaftServerConfigKeys (ConfUtils.java:logGet(43)) - raft.server.snapshot.auto.trigger.enabled = true (custom)
2019-11-14 05:02:37,079 [pool-47-thread-1] INFO  server.RaftServerConfigKeys (ConfUtils.java:logGet(43)) - raft.server.snapshot.retention.file.num = 5 (custom)
2019-11-14 05:02:37,079 [pool-37-thread-1] INFO  server.RaftServerConfigKeys (ConfUtils.java:logGet(43)) - raft.server.snapshot.auto.trigger.threshold = 10000 (custom)
2019-11-14 05:02:37,079 [pool-47-thread-1] INFO  server.RaftServerConfigKeys (ConfUtils.java:logGet(43)) - raft.server.retrycache.expirytime = 600000ms (custom)
2019-11-14 05:02:37,079 [pool-37-thread-1] INFO  server.RaftServerConfigKeys (ConfUtils.java:logGet(43)) - raft.server.snapshot.retention.file.num = 5 (custom)
2019-11-14 05:02:37,079 [pool-27-thread-1] INFO  util.JmxRegister (JmxRegister.java:tryRegister(44)) - Successfully registered JMX Bean with object name Ratis:service=RaftServer,group=group-9F1231201A7C,id=3afe92fd-7288-4d6b-955e-7c4ea0258921
2019-11-14 05:02:37,079 [pool-47-thread-1] WARN  impl.MetricRegistriesImpl (MetricRegistriesImpl.java:lambda$create$1(61)) - First MetricRegistry has been created without registering reporters. You may need to call MetricRegistries.global().addReportRegistration(...) before.
2019-11-14 05:02:37,080 [pool-27-thread-1] WARN  impl.MetricRegistriesImpl (MetricRegistriesImpl.java:lambda$create$1(61)) - First MetricRegistry has been created without registering reporters. You may need to call MetricRegistries.global().addReportRegistration(...) before.
2019-11-14 05:02:37,080 [pool-37-thread-1] INFO  server.RaftServerConfigKeys (ConfUtils.java:logGet(43)) - raft.server.retrycache.expirytime = 600000ms (custom)
2019-11-14 05:02:37,080 [pool-47-thread-1] WARN  impl.MetricRegistriesImpl (MetricRegistriesImpl.java:lambda$create$1(61)) - First MetricRegistry has been created without registering reporters. You may need to call MetricRegistries.global().addReportRegistration(...) before.
2019-11-14 05:02:37,080 [pool-37-thread-1] WARN  impl.MetricRegistriesImpl (MetricRegistriesImpl.java:lambda$create$1(61)) - First MetricRegistry has been created without registering reporters. You may need to call MetricRegistries.global().addReportRegistration(...) before.
2019-11-14 05:02:37,080 [pool-37-thread-1] WARN  impl.MetricRegistriesImpl (MetricRegistriesImpl.java:lambda$create$1(61)) - First MetricRegistry has been created without registering reporters. You may need to call MetricRegistries.global().addReportRegistration(...) before.
2019-11-14 05:02:37,080 [pool-47-thread-1] INFO  impl.RaftServerImpl (RaftServerImpl.java:start(184)) - 530753ab-4ab5-4995-8706-b83783b9fb77@group-9F1231201A7C: start as a follower, conf=-1: [3afe92fd-7288-4d6b-955e-7c4ea0258921:192.168.157.206:33058, 530753ab-4ab5-4995-8706-b83783b9fb77:192.168.157.206:42733, 4d6b5caf-4e9b-416c-b427-49c0e702c9ae:192.168.157.206:42088], old=null
2019-11-14 05:02:37,081 [pool-47-thread-1] INFO  impl.RaftServerImpl (RaftServerImpl.java:setRole(173)) - 530753ab-4ab5-4995-8706-b83783b9fb77@group-9F1231201A7C: changes role from      null to FOLLOWER at term 0 for startAsFollower
2019-11-14 05:02:37,081 [pool-37-thread-1] INFO  impl.RaftServerImpl (RaftServerImpl.java:start(184)) - 4d6b5caf-4e9b-416c-b427-49c0e702c9ae@group-9F1231201A7C: start as a follower, conf=-1: [3afe92fd-7288-4d6b-955e-7c4ea0258921:192.168.157.206:33058, 530753ab-4ab5-4995-8706-b83783b9fb77:192.168.157.206:42733, 4d6b5caf-4e9b-416c-b427-49c0e702c9ae:192.168.157.206:42088], old=null
2019-11-14 05:02:37,081 [pool-47-thread-1] INFO  impl.RoleInfo (RoleInfo.java:updateAndGet(143)) - 530753ab-4ab5-4995-8706-b83783b9fb77: start FollowerState
2019-11-14 05:02:37,081 [pool-37-thread-1] INFO  impl.RaftServerImpl (RaftServerImpl.java:setRole(173)) - 4d6b5caf-4e9b-416c-b427-49c0e702c9ae@group-9F1231201A7C: changes role from      null to FOLLOWER at term 0 for startAsFollower
2019-11-14 05:02:37,081 [pool-37-thread-1] INFO  impl.RoleInfo (RoleInfo.java:updateAndGet(143)) - 4d6b5caf-4e9b-416c-b427-49c0e702c9ae: start FollowerState
2019-11-14 05:02:37,081 [pool-47-thread-1] INFO  util.JmxRegister (JmxRegister.java:tryRegister(44)) - Successfully registered JMX Bean with object name Ratis:service=RaftServer,group=group-9F1231201A7C,id=530753ab-4ab5-4995-8706-b83783b9fb77
2019-11-14 05:02:37,081 [pool-47-thread-1] WARN  impl.MetricRegistriesImpl (MetricRegistriesImpl.java:lambda$create$1(61)) - First MetricRegistry has been created without registering reporters. You may need to call MetricRegistries.global().addReportRegistration(...) before.
2019-11-14 05:02:37,082 [pool-37-thread-1] INFO  util.JmxRegister (JmxRegister.java:tryRegister(44)) - Successfully registered JMX Bean with object name Ratis:service=RaftServer,group=group-9F1231201A7C,id=4d6b5caf-4e9b-416c-b427-49c0e702c9ae
2019-11-14 05:02:37,082 [pool-37-thread-1] WARN  impl.MetricRegistriesImpl (MetricRegistriesImpl.java:lambda$create$1(61)) - First MetricRegistry has been created without registering reporters. You may need to call MetricRegistries.global().addReportRegistration(...) before.
2019-11-14 05:02:37,094 [RatisPipelineUtilsThread] INFO  pipeline.PipelineStateManager (PipelineStateManager.java:addPipeline(55)) - Created pipeline Pipeline[ Id: 45ae1583-67eb-44e6-9397-9f1231201a7c, Nodes: 530753ab-4ab5-4995-8706-b83783b9fb77{ip: 192.168.157.206, host: trunk-nightly-20191114-k5n9k-339518648, networkLocation: /default-rack, certSerialId: null}3afe92fd-7288-4d6b-955e-7c4ea0258921{ip: 192.168.157.206, host: trunk-nightly-20191114-k5n9k-339518648, networkLocation: /default-rack, certSerialId: null}4d6b5caf-4e9b-416c-b427-49c0e702c9ae{ip: 192.168.157.206, host: trunk-nightly-20191114-k5n9k-339518648, networkLocation: /default-rack, certSerialId: null}, Type:RATIS, Factor:THREE, State:ALLOCATED]
2019-11-14 05:02:37,095 [Thread-178] INFO  pipeline.PipelineStateManager (PipelineStateManager.java:finalizePipeline(121)) - Pipeline Pipeline[ Id: 05a719ec-aca4-4c4b-9277-23dd96d343f9, Nodes: 3afe92fd-7288-4d6b-955e-7c4ea0258921{ip: 192.168.157.206, host: trunk-nightly-20191114-k5n9k-339518648, networkLocation: /default-rack, certSerialId: null}, Type:RATIS, Factor:ONE, State:CLOSED] moved to CLOSED state
2019-11-14 05:02:37,109 [grpc-default-executor-0] INFO  impl.RaftServerProxy (RaftServerProxy.java:remove(95)) - 3afe92fd-7288-4d6b-955e-7c4ea0258921: remove  FOLLOWER 3afe92fd-7288-4d6b-955e-7c4ea0258921@group-23DD96D343F9:t0, leader=null, voted=null, raftlog=3afe92fd-7288-4d6b-955e-7c4ea0258921@group-23DD96D343F9-SegmentedRaftLog:OPENED:c-1,f-1,i0, conf=-1: [3afe92fd-7288-4d6b-955e-7c4ea0258921:192.168.157.206:33058], old=null RUNNING
2019-11-14 05:02:37,110 [grpc-default-executor-0] INFO  impl.RaftServerImpl (RaftServerImpl.java:lambda$shutdown$3(250)) - 3afe92fd-7288-4d6b-955e-7c4ea0258921@group-23DD96D343F9: shutdown
2019-11-14 05:02:37,110 [grpc-default-executor-0] INFO  util.JmxRegister (JmxRegister.java:unregister(73)) - Successfully un-registered JMX Bean with object name Ratis:service=RaftServer,group=group-23DD96D343F9,id=3afe92fd-7288-4d6b-955e-7c4ea0258921
2019-11-14 05:02:37,110 [grpc-default-executor-0] INFO  impl.RoleInfo (RoleInfo.java:shutdownFollowerState(121)) - 3afe92fd-7288-4d6b-955e-7c4ea0258921: shutdown FollowerState
2019-11-14 05:02:37,110 [grpc-default-executor-0] INFO  impl.StateMachineUpdater (StateMachineUpdater.java:stopAndJoin(136)) - 3afe92fd-7288-4d6b-955e-7c4ea0258921@group-23DD96D343F9-StateMachineUpdater: set stopIndex = -1
2019-11-14 05:02:37,113 [Thread-180] INFO  impl.FollowerState (FollowerState.java:run(120)) - 3afe92fd-7288-4d6b-955e-7c4ea0258921@group-23DD96D343F9-FollowerState was interrupted: java.lang.InterruptedException: sleep interrupted
2019-11-14 05:02:37,114 [grpc-default-executor-0] INFO  impl.RaftServerImpl (ServerState.java:close(387)) - 3afe92fd-7288-4d6b-955e-7c4ea0258921@group-23DD96D343F9: closes. applyIndex: -1
2019-11-14 05:02:37,115 [3afe92fd-7288-4d6b-955e-7c4ea0258921@group-23DD96D343F9-SegmentedRaftLogWorker] INFO  segmented.SegmentedRaftLogWorker (SegmentedRaftLogWorker.java:run(316)) - 3afe92fd-7288-4d6b-955e-7c4ea0258921@group-23DD96D343F9-SegmentedRaftLogWorker was interrupted, exiting. There are 0 tasks remaining in the queue.
2019-11-14 05:02:37,115 [grpc-default-executor-0] INFO  segmented.SegmentedRaftLogWorker (SegmentedRaftLogWorker.java:close(224)) - 3afe92fd-7288-4d6b-955e-7c4ea0258921@group-23DD96D343F9-SegmentedRaftLogWorker close()
2019-11-14 05:02:37,122 [Thread-178] INFO  pipeline.PipelineStateManager (PipelineStateManager.java:removePipeline(106)) - Pipeline Pipeline[ Id: 05a719ec-aca4-4c4b-9277-23dd96d343f9, Nodes: 3afe92fd-7288-4d6b-955e-7c4ea0258921{ip: 192.168.157.206, host: trunk-nightly-20191114-k5n9k-339518648, networkLocation: /default-rack, certSerialId: null}, Type:RATIS, Factor:ONE, State:CLOSED] removed from db
2019-11-14 05:02:37,122 [Thread-178] INFO  pipeline.SCMPipelineManager (SCMPipelineManager.java:finalizeAndDestroyPipeline(315)) - destroying pipeline:Pipeline[ Id: eaab6ed9-4da4-45c0-a5cc-2d361d822925, Nodes: 530753ab-4ab5-4995-8706-b83783b9fb77{ip: 192.168.157.206, host: trunk-nightly-20191114-k5n9k-339518648, networkLocation: /default-rack, certSerialId: null}, Type:RATIS, Factor:ONE, State:ALLOCATED]
2019-11-14 05:02:37,134 [grpc-default-executor-0] INFO  impl.RaftServerProxy (RaftServerProxy.java:addNew(89)) - 3afe92fd-7288-4d6b-955e-7c4ea0258921: addNew group-9AC89B3C550E:[3afe92fd-7288-4d6b-955e-7c4ea0258921:192.168.157.206:33058] returns group-9AC89B3C550E:java.util.concurrent.CompletableFuture@160aba52[Not completed]
2019-11-14 05:02:37,136 [pool-27-thread-1] INFO  impl.RaftServerImpl (RaftServerImpl.java:<init>(98)) - 3afe92fd-7288-4d6b-955e-7c4ea0258921: new RaftServerImpl for group-9AC89B3C550E:[3afe92fd-7288-4d6b-955e-7c4ea0258921:192.168.157.206:33058] with ContainerStateMachine:uninitialized
2019-11-14 05:02:37,136 [pool-27-thread-1] INFO  server.RaftServerConfigKeys (ConfUtils.java:logGet(43)) - raft.server.rpc.timeout.min = 5s (custom)
2019-11-14 05:02:37,136 [pool-27-thread-1] INFO  server.RaftServerConfigKeys (ConfUtils.java:logGet(43)) - raft.server.rpc.timeout.max = 5200ms (custom)
2019-11-14 05:02:37,136 [pool-27-thread-1] INFO  server.RaftServerConfigKeys (ConfUtils.java:logGet(43)) - raft.server.rpcslowness.timeout = 120s (custom)
2019-11-14 05:02:37,136 [pool-27-thread-1] INFO  server.RaftServerConfigKeys (ConfUtils.java:logGet(43)) - raft.server.sleep.deviation.threshold = 300 (default)
2019-11-14 05:02:37,136 [pool-27-thread-1] INFO  server.RaftServerConfigKeys (ConfUtils.java:logGet(43)) - raft.server.log.appender.install.snapshot.enabled = false (custom)
2019-11-14 05:02:37,136 [pool-27-thread-1] INFO  impl.RaftServerImpl (ServerState.java:<init>(103)) - 3afe92fd-7288-4d6b-955e-7c4ea0258921@group-9AC89B3C550E: ConfigurationManager, init=-1: [3afe92fd-7288-4d6b-955e-7c4ea0258921:192.168.157.206:33058], old=null, confs=<EMPTY_MAP>
2019-11-14 05:02:37,137 [pool-27-thread-1] INFO  server.RaftServerConfigKeys (ConfUtils.java:logGet(43)) - raft.server.storage.dir = [/workdir/hadoop-ozone/tools/target/test-dir/MiniOzoneClusterImpl-100cec03-9053-448d-9d5d-862c867472e5/datanode-0/data/ratis] (custom)
2019-11-14 05:02:37,137 [pool-27-thread-1] INFO  server.RaftServerConfigKeys (ConfUtils.java:logGet(43)) - raft.server.log.corruption.policy = EXCEPTION (default)
2019-11-14 05:02:37,137 [pool-27-thread-1] INFO  storage.RaftStorageDirectory (RaftStorageDirectory.java:analyzeStorage(246)) - The storage directory /workdir/hadoop-ozone/tools/target/test-dir/MiniOzoneClusterImpl-100cec03-9053-448d-9d5d-862c867472e5/datanode-0/data/ratis/bb3a28ab-4e6e-4617-939d-9ac89b3c550e does not exist. Creating ...
2019-11-14 05:02:37,161 [pool-27-thread-1] INFO  storage.RaftStorageDirectory (RaftStorageDirectory.java:tryLock(328)) - Lock on /workdir/hadoop-ozone/tools/target/test-dir/MiniOzoneClusterImpl-100cec03-9053-448d-9d5d-862c867472e5/datanode-0/data/ratis/bb3a28ab-4e6e-4617-939d-9ac89b3c550e/in_use.lock acquired by nodename 30844@trunk-nightly-20191114-k5n9k-339518648
2019-11-14 05:02:37,186 [pool-27-thread-1] INFO  storage.RaftStorage (RaftStorage.java:format(84)) - Storage directory /workdir/hadoop-ozone/tools/target/test-dir/MiniOzoneClusterImpl-100cec03-9053-448d-9d5d-862c867472e5/datanode-0/data/ratis/bb3a28ab-4e6e-4617-939d-9ac89b3c550e has been successfully formatted.
2019-11-14 05:02:37,187 [pool-27-thread-1] INFO  ratis.ContainerStateMachine (ContainerStateMachine.java:loadSnapshot(223)) - group-9AC89B3C550E: The snapshot info is null. Setting the last applied indexto:(t:0, i:~)
2019-11-14 05:02:37,187 [pool-27-thread-1] INFO  server.RaftServerConfigKeys (ConfUtils.java:logGet(43)) - raft.server.notification.no-leader.timeout = 120s (custom)
2019-11-14 05:02:37,187 [pool-27-thread-1] INFO  server.RaftServerConfigKeys (ConfUtils.java:logGet(43)) - raft.server.log.use.memory = false (default)
2019-11-14 05:02:37,187 [pool-27-thread-1] INFO  server.RaftServerConfigKeys (ConfUtils.java:logGet(43)) - raft.server.log.purge.gap = 1000000 (custom)
2019-11-14 05:02:37,187 [pool-27-thread-1] INFO  server.RaftServerConfigKeys (ConfUtils.java:logGet(43)) - raft.server.log.appender.buffer.byte-limit = 33554432 (custom)
2019-11-14 05:02:37,188 [pool-27-thread-1] INFO  server.RaftServerConfigKeys (ConfUtils.java:logGet(43)) - raft.server.log.segment.size.max = 1048576 (custom)
2019-11-14 05:02:37,188 [pool-27-thread-1] INFO  server.RaftServerConfigKeys (ConfUtils.java:logGet(43)) - raft.server.log.segment.cache.num.max = 2 (custom)
2019-11-14 05:02:37,188 [pool-27-thread-1] INFO  segmented.SegmentedRaftLogWorker (SegmentedRaftLogWorker.java:<init>(173)) - new 3afe92fd-7288-4d6b-955e-7c4ea0258921@group-9AC89B3C550E-SegmentedRaftLogWorker for RaftStorage:Storage Directory /workdir/hadoop-ozone/tools/target/test-dir/MiniOzoneClusterImpl-100cec03-9053-448d-9d5d-862c867472e5/datanode-0/data/ratis/bb3a28ab-4e6e-4617-939d-9ac89b3c550e
2019-11-14 05:02:37,188 [pool-27-thread-1] INFO  server.RaftServerConfigKeys (ConfUtils.java:logGet(43)) - raft.server.log.queue.byte-limit = 2147483647 (custom)
2019-11-14 05:02:37,193 [pool-27-thread-1] INFO  server.RaftServerConfigKeys (ConfUtils.java:logGet(43)) - raft.server.log.queue.element-limit = 1024 (custom)
2019-11-14 05:02:37,194 [pool-27-thread-1] INFO  server.RaftServerConfigKeys (ConfUtils.java:logGet(43)) - raft.server.log.segment.size.max = 1048576 (custom)
2019-11-14 05:02:37,194 [pool-27-thread-1] INFO  server.RaftServerConfigKeys (ConfUtils.java:logGet(43)) - raft.server.log.preallocated.size = 16384 (custom)
2019-11-14 05:02:37,194 [pool-27-thread-1] INFO  server.RaftServerConfigKeys (ConfUtils.java:logGet(43)) - raft.server.log.write.buffer.size = 33554432 (custom)
2019-11-14 05:02:37,194 [pool-27-thread-1] INFO  server.RaftServerConfigKeys (ConfUtils.java:logGet(43)) - raft.server.log.force.sync.num = 128 (default)
2019-11-14 05:02:37,194 [pool-27-thread-1] INFO  server.RaftServerConfigKeys (ConfUtils.java:logGet(43)) - raft.server.log.statemachine.data.sync = true (default)
2019-11-14 05:02:37,195 [pool-27-thread-1] INFO  server.RaftServerConfigKeys (ConfUtils.java:logGet(43)) - raft.server.log.statemachine.data.sync.timeout = 10s (default)
2019-11-14 05:02:37,195 [pool-27-thread-1] INFO  server.RaftServerConfigKeys (ConfUtils.java:logGet(43)) - raft.server.log.statemachine.data.sync.timeout.retry = -1 (default)
2019-11-14 05:02:37,195 [pool-27-thread-1] INFO  server.RaftServerConfigKeys (ConfUtils.java:logGet(43)) - raft.server.log.statemachine.data.caching.enabled = true (custom)
2019-11-14 05:02:37,196 [pool-27-thread-1] INFO  segmented.SegmentedRaftLogWorker (SegmentedRaftLogWorker.java:lambda$new$0(128)) - 3afe92fd-7288-4d6b-955e-7c4ea0258921@group-9AC89B3C550E-SegmentedRaftLogWorker: flushIndex: setUnconditionally 0 -> -1
2019-11-14 05:02:37,196 [pool-27-thread-1] INFO  server.RaftServerConfigKeys (ConfUtils.java:logGet(43)) - raft.server.snapshot.auto.trigger.enabled = true (custom)
2019-11-14 05:02:37,196 [pool-27-thread-1] INFO  server.RaftServerConfigKeys (ConfUtils.java:logGet(43)) - raft.server.snapshot.auto.trigger.threshold = 10000 (custom)
2019-11-14 05:02:37,197 [pool-27-thread-1] INFO  server.RaftServerConfigKeys (ConfUtils.java:logGet(43)) - raft.server.snapshot.retention.file.num = 5 (custom)
2019-11-14 05:02:37,197 [pool-27-thread-1] INFO  server.RaftServerConfigKeys (ConfUtils.java:logGet(43)) - raft.server.retrycache.expirytime = 600000ms (custom)
2019-11-14 05:02:37,197 [pool-27-thread-1] WARN  impl.MetricRegistriesImpl (MetricRegistriesImpl.java:lambda$create$1(61)) - First MetricRegistry has been created without registering reporters. You may need to call MetricRegistries.global().addReportRegistration(...) before.
2019-11-14 05:02:37,197 [pool-27-thread-1] WARN  impl.MetricRegistriesImpl (MetricRegistriesImpl.java:lambda$create$1(61)) - First MetricRegistry has been created without registering reporters. You may need to call MetricRegistries.global().addReportRegistration(...) before.
2019-11-14 05:02:37,198 [pool-27-thread-1] INFO  impl.RaftServerImpl (RaftServerImpl.java:start(184)) - 3afe92fd-7288-4d6b-955e-7c4ea0258921@group-9AC89B3C550E: start as a follower, conf=-1: [3afe92fd-7288-4d6b-955e-7c4ea0258921:192.168.157.206:33058], old=null
2019-11-14 05:02:37,198 [pool-27-thread-1] INFO  impl.RaftServerImpl (RaftServerImpl.java:setRole(173)) - 3afe92fd-7288-4d6b-955e-7c4ea0258921@group-9AC89B3C550E: changes role from      null to FOLLOWER at term 0 for startAsFollower
2019-11-14 05:02:37,198 [pool-27-thread-1] INFO  impl.RoleInfo (RoleInfo.java:updateAndGet(143)) - 3afe92fd-7288-4d6b-955e-7c4ea0258921: start FollowerState
2019-11-14 05:02:37,199 [pool-27-thread-1] INFO  util.JmxRegister (JmxRegister.java:tryRegister(44)) - Successfully registered JMX Bean with object name Ratis:service=RaftServer,group=group-9AC89B3C550E,id=3afe92fd-7288-4d6b-955e-7c4ea0258921
2019-11-14 05:02:37,199 [pool-27-thread-1] WARN  impl.MetricRegistriesImpl (MetricRegistriesImpl.java:lambda$create$1(61)) - First MetricRegistry has been created without registering reporters. You may need to call MetricRegistries.global().addReportRegistration(...) before.
2019-11-14 05:02:37,205 [RatisPipelineUtilsThread] INFO  pipeline.PipelineStateManager (PipelineStateManager.java:addPipeline(55)) - Created pipeline Pipeline[ Id: bb3a28ab-4e6e-4617-939d-9ac89b3c550e, Nodes: 3afe92fd-7288-4d6b-955e-7c4ea0258921{ip: 192.168.157.206, host: trunk-nightly-20191114-k5n9k-339518648, networkLocation: /default-rack, certSerialId: null}, Type:RATIS, Factor:ONE, State:ALLOCATED]
2019-11-14 05:02:37,206 [Thread-178] INFO  pipeline.PipelineStateManager (PipelineStateManager.java:finalizePipeline(121)) - Pipeline Pipeline[ Id: eaab6ed9-4da4-45c0-a5cc-2d361d822925, Nodes: 530753ab-4ab5-4995-8706-b83783b9fb77{ip: 192.168.157.206, host: trunk-nightly-20191114-k5n9k-339518648, networkLocation: /default-rack, certSerialId: null}, Type:RATIS, Factor:ONE, State:CLOSED] moved to CLOSED state
2019-11-14 05:02:37,221 [grpc-default-executor-0] INFO  impl.RaftServerProxy (RaftServerProxy.java:remove(95)) - 530753ab-4ab5-4995-8706-b83783b9fb77: remove  FOLLOWER 530753ab-4ab5-4995-8706-b83783b9fb77@group-2D361D822925:t0, leader=null, voted=null, raftlog=530753ab-4ab5-4995-8706-b83783b9fb77@group-2D361D822925-SegmentedRaftLog:OPENED:c-1,f-1,i0, conf=-1: [530753ab-4ab5-4995-8706-b83783b9fb77:192.168.157.206:42733], old=null RUNNING
2019-11-14 05:02:37,221 [grpc-default-executor-0] INFO  impl.RaftServerImpl (RaftServerImpl.java:lambda$shutdown$3(250)) - 530753ab-4ab5-4995-8706-b83783b9fb77@group-2D361D822925: shutdown
2019-11-14 05:02:37,221 [grpc-default-executor-0] INFO  util.JmxRegister (JmxRegister.java:unregister(73)) - Successfully un-registered JMX Bean with object name Ratis:service=RaftServer,group=group-2D361D822925,id=530753ab-4ab5-4995-8706-b83783b9fb77
2019-11-14 05:02:37,221 [grpc-default-executor-0] INFO  impl.RoleInfo (RoleInfo.java:shutdownFollowerState(121)) - 530753ab-4ab5-4995-8706-b83783b9fb77: shutdown FollowerState
2019-11-14 05:02:37,222 [grpc-default-executor-0] INFO  impl.StateMachineUpdater (StateMachineUpdater.java:stopAndJoin(136)) - 530753ab-4ab5-4995-8706-b83783b9fb77@group-2D361D822925-StateMachineUpdater: set stopIndex = -1
2019-11-14 05:02:37,222 [Thread-183] INFO  impl.FollowerState (FollowerState.java:run(120)) - 530753ab-4ab5-4995-8706-b83783b9fb77@group-2D361D822925-FollowerState was interrupted: java.lang.InterruptedException: sleep interrupted
2019-11-14 05:02:37,224 [grpc-default-executor-0] INFO  impl.RaftServerImpl (ServerState.java:close(387)) - 530753ab-4ab5-4995-8706-b83783b9fb77@group-2D361D822925: closes. applyIndex: -1
2019-11-14 05:02:37,224 [530753ab-4ab5-4995-8706-b83783b9fb77@group-2D361D822925-SegmentedRaftLogWorker] INFO  segmented.SegmentedRaftLogWorker (SegmentedRaftLogWorker.java:run(316)) - 530753ab-4ab5-4995-8706-b83783b9fb77@group-2D361D822925-SegmentedRaftLogWorker was interrupted, exiting. There are 0 tasks remaining in the queue.
2019-11-14 05:02:37,224 [grpc-default-executor-0] INFO  segmented.SegmentedRaftLogWorker (SegmentedRaftLogWorker.java:close(224)) - 530753ab-4ab5-4995-8706-b83783b9fb77@group-2D361D822925-SegmentedRaftLogWorker close()
2019-11-14 05:02:37,231 [Thread-178] INFO  pipeline.PipelineStateManager (PipelineStateManager.java:removePipeline(106)) - Pipeline Pipeline[ Id: eaab6ed9-4da4-45c0-a5cc-2d361d822925, Nodes: 530753ab-4ab5-4995-8706-b83783b9fb77{ip: 192.168.157.206, host: trunk-nightly-20191114-k5n9k-339518648, networkLocation: /default-rack, certSerialId: null}, Type:RATIS, Factor:ONE, State:CLOSED] removed from db
2019-11-14 05:02:37,242 [grpc-default-executor-0] INFO  impl.RaftServerProxy (RaftServerProxy.java:addNew(89)) - 530753ab-4ab5-4995-8706-b83783b9fb77: addNew group-A7056D135208:[530753ab-4ab5-4995-8706-b83783b9fb77:192.168.157.206:42733] returns group-A7056D135208:java.util.concurrent.CompletableFuture@11f3cf32[Not completed]
2019-11-14 05:02:37,244 [pool-47-thread-1] INFO  impl.RaftServerImpl (RaftServerImpl.java:<init>(98)) - 530753ab-4ab5-4995-8706-b83783b9fb77: new RaftServerImpl for group-A7056D135208:[530753ab-4ab5-4995-8706-b83783b9fb77:192.168.157.206:42733] with ContainerStateMachine:uninitialized
2019-11-14 05:02:37,244 [pool-47-thread-1] INFO  server.RaftServerConfigKeys (ConfUtils.java:logGet(43)) - raft.server.rpc.timeout.min = 5s (custom)
2019-11-14 05:02:37,244 [pool-47-thread-1] INFO  server.RaftServerConfigKeys (ConfUtils.java:logGet(43)) - raft.server.rpc.timeout.max = 5200ms (custom)
2019-11-14 05:02:37,245 [pool-47-thread-1] INFO  server.RaftServerConfigKeys (ConfUtils.java:logGet(43)) - raft.server.rpcslowness.timeout = 120s (custom)
2019-11-14 05:02:37,245 [pool-47-thread-1] INFO  server.RaftServerConfigKeys (ConfUtils.java:logGet(43)) - raft.server.sleep.deviation.threshold = 300 (default)
2019-11-14 05:02:37,245 [pool-47-thread-1] INFO  server.RaftServerConfigKeys (ConfUtils.java:logGet(43)) - raft.server.log.appender.install.snapshot.enabled = false (custom)
2019-11-14 05:02:37,245 [pool-47-thread-1] INFO  impl.RaftServerImpl (ServerState.java:<init>(103)) - 530753ab-4ab5-4995-8706-b83783b9fb77@group-A7056D135208: ConfigurationManager, init=-1: [530753ab-4ab5-4995-8706-b83783b9fb77:192.168.157.206:42733], old=null, confs=<EMPTY_MAP>
2019-11-14 05:02:37,245 [pool-47-thread-1] INFO  server.RaftServerConfigKeys (ConfUtils.java:logGet(43)) - raft.server.storage.dir = [/workdir/hadoop-ozone/tools/target/test-dir/MiniOzoneClusterImpl-100cec03-9053-448d-9d5d-862c867472e5/datanode-2/data/ratis] (custom)
2019-11-14 05:02:37,246 [pool-47-thread-1] INFO  server.RaftServerConfigKeys (ConfUtils.java:logGet(43)) - raft.server.log.corruption.policy = EXCEPTION (default)
2019-11-14 05:02:37,246 [pool-47-thread-1] INFO  storage.RaftStorageDirectory (RaftStorageDirectory.java:analyzeStorage(246)) - The storage directory /workdir/hadoop-ozone/tools/target/test-dir/MiniOzoneClusterImpl-100cec03-9053-448d-9d5d-862c867472e5/datanode-2/data/ratis/782a7a5b-9504-4af5-a109-a7056d135208 does not exist. Creating ...
2019-11-14 05:02:37,270 [pool-47-thread-1] INFO  storage.RaftStorageDirectory (RaftStorageDirectory.java:tryLock(328)) - Lock on /workdir/hadoop-ozone/tools/target/test-dir/MiniOzoneClusterImpl-100cec03-9053-448d-9d5d-862c867472e5/datanode-2/data/ratis/782a7a5b-9504-4af5-a109-a7056d135208/in_use.lock acquired by nodename 30844@trunk-nightly-20191114-k5n9k-339518648
2019-11-14 05:02:37,295 [pool-47-thread-1] INFO  storage.RaftStorage (RaftStorage.java:format(84)) - Storage directory /workdir/hadoop-ozone/tools/target/test-dir/MiniOzoneClusterImpl-100cec03-9053-448d-9d5d-862c867472e5/datanode-2/data/ratis/782a7a5b-9504-4af5-a109-a7056d135208 has been successfully formatted.
2019-11-14 05:02:37,296 [pool-47-thread-1] INFO  ratis.ContainerStateMachine (ContainerStateMachine.java:loadSnapshot(223)) - group-A7056D135208: The snapshot info is null. Setting the last applied indexto:(t:0, i:~)
2019-11-14 05:02:37,296 [pool-47-thread-1] INFO  server.RaftServerConfigKeys (ConfUtils.java:logGet(43)) - raft.server.notification.no-leader.timeout = 120s (custom)
2019-11-14 05:02:37,296 [pool-47-thread-1] INFO  server.RaftServerConfigKeys (ConfUtils.java:logGet(43)) - raft.server.log.use.memory = false (default)
2019-11-14 05:02:37,296 [pool-47-thread-1] INFO  server.RaftServerConfigKeys (ConfUtils.java:logGet(43)) - raft.server.log.purge.gap = 1000000 (custom)
2019-11-14 05:02:37,297 [pool-47-thread-1] INFO  server.RaftServerConfigKeys (ConfUtils.java:logGet(43)) - raft.server.log.appender.buffer.byte-limit = 33554432 (custom)
2019-11-14 05:02:37,297 [pool-47-thread-1] INFO  server.RaftServerConfigKeys (ConfUtils.java:logGet(43)) - raft.server.log.segment.size.max = 1048576 (custom)
2019-11-14 05:02:37,297 [pool-47-thread-1] INFO  server.RaftServerConfigKeys (ConfUtils.java:logGet(43)) - raft.server.log.segment.cache.num.max = 2 (custom)
2019-11-14 05:02:37,297 [pool-47-thread-1] INFO  segmented.SegmentedRaftLogWorker (SegmentedRaftLogWorker.java:<init>(173)) - new 530753ab-4ab5-4995-8706-b83783b9fb77@group-A7056D135208-SegmentedRaftLogWorker for RaftStorage:Storage Directory /workdir/hadoop-ozone/tools/target/test-dir/MiniOzoneClusterImpl-100cec03-9053-448d-9d5d-862c867472e5/datanode-2/data/ratis/782a7a5b-9504-4af5-a109-a7056d135208
2019-11-14 05:02:37,297 [pool-47-thread-1] INFO  server.RaftServerConfigKeys (ConfUtils.java:logGet(43)) - raft.server.log.queue.byte-limit = 2147483647 (custom)
2019-11-14 05:02:37,297 [pool-47-thread-1] INFO  server.RaftServerConfigKeys (ConfUtils.java:logGet(43)) - raft.server.log.queue.element-limit = 1024 (custom)
2019-11-14 05:02:37,298 [pool-47-thread-1] INFO  server.RaftServerConfigKeys (ConfUtils.java:logGet(43)) - raft.server.log.segment.size.max = 1048576 (custom)
2019-11-14 05:02:37,298 [pool-47-thread-1] INFO  server.RaftServerConfigKeys (ConfUtils.java:logGet(43)) - raft.server.log.preallocated.size = 16384 (custom)
2019-11-14 05:02:37,298 [pool-47-thread-1] INFO  server.RaftServerConfigKeys (ConfUtils.java:logGet(43)) - raft.server.log.write.buffer.size = 33554432 (custom)
2019-11-14 05:02:37,298 [pool-47-thread-1] INFO  server.RaftServerConfigKeys (ConfUtils.java:logGet(43)) - raft.server.log.force.sync.num = 128 (default)
2019-11-14 05:02:37,298 [pool-47-thread-1] INFO  server.RaftServerConfigKeys (ConfUtils.java:logGet(43)) - raft.server.log.statemachine.data.sync = true (default)
2019-11-14 05:02:37,299 [pool-47-thread-1] INFO  server.RaftServerConfigKeys (ConfUtils.java:logGet(43)) - raft.server.log.statemachine.data.sync.timeout = 10s (default)
2019-11-14 05:02:37,299 [pool-47-thread-1] INFO  server.RaftServerConfigKeys (ConfUtils.java:logGet(43)) - raft.server.log.statemachine.data.sync.timeout.retry = -1 (default)
2019-11-14 05:02:37,299 [pool-47-thread-1] INFO  server.RaftServerConfigKeys (ConfUtils.java:logGet(43)) - raft.server.log.statemachine.data.caching.enabled = true (custom)
2019-11-14 05:02:37,299 [pool-47-thread-1] INFO  segmented.SegmentedRaftLogWorker (SegmentedRaftLogWorker.java:lambda$new$0(128)) - 530753ab-4ab5-4995-8706-b83783b9fb77@group-A7056D135208-SegmentedRaftLogWorker: flushIndex: setUnconditionally 0 -> -1
2019-11-14 05:02:37,300 [pool-47-thread-1] INFO  server.RaftServerConfigKeys (ConfUtils.java:logGet(43)) - raft.server.snapshot.auto.trigger.enabled = true (custom)
2019-11-14 05:02:37,300 [pool-47-thread-1] INFO  server.RaftServerConfigKeys (ConfUtils.java:logGet(43)) - raft.server.snapshot.auto.trigger.threshold = 10000 (custom)
2019-11-14 05:02:37,300 [pool-47-thread-1] INFO  server.RaftServerConfigKeys (ConfUtils.java:logGet(43)) - raft.server.snapshot.retention.file.num = 5 (custom)
2019-11-14 05:02:37,300 [pool-47-thread-1] INFO  server.RaftServerConfigKeys (ConfUtils.java:logGet(43)) - raft.server.retrycache.expirytime = 600000ms (custom)
2019-11-14 05:02:37,301 [pool-47-thread-1] WARN  impl.MetricRegistriesImpl (MetricRegistriesImpl.java:lambda$create$1(61)) - First MetricRegistry has been created without registering reporters. You may need to call MetricRegistries.global().addReportRegistration(...) before.
2019-11-14 05:02:37,301 [pool-47-thread-1] WARN  impl.MetricRegistriesImpl (MetricRegistriesImpl.java:lambda$create$1(61)) - First MetricRegistry has been created without registering reporters. You may need to call MetricRegistries.global().addReportRegistration(...) before.
2019-11-14 05:02:37,301 [pool-47-thread-1] INFO  impl.RaftServerImpl (RaftServerImpl.java:start(184)) - 530753ab-4ab5-4995-8706-b83783b9fb77@group-A7056D135208: start as a follower, conf=-1: [530753ab-4ab5-4995-8706-b83783b9fb77:192.168.157.206:42733], old=null
2019-11-14 05:02:37,301 [pool-47-thread-1] INFO  impl.RaftServerImpl (RaftServerImpl.java:setRole(173)) - 530753ab-4ab5-4995-8706-b83783b9fb77@group-A7056D135208: changes role from      null to FOLLOWER at term 0 for startAsFollower
2019-11-14 05:02:37,301 [pool-47-thread-1] INFO  impl.RoleInfo (RoleInfo.java:updateAndGet(143)) - 530753ab-4ab5-4995-8706-b83783b9fb77: start FollowerState
2019-11-14 05:02:37,302 [pool-47-thread-1] INFO  util.JmxRegister (JmxRegister.java:tryRegister(44)) - Successfully registered JMX Bean with object name Ratis:service=RaftServer,group=group-A7056D135208,id=530753ab-4ab5-4995-8706-b83783b9fb77
2019-11-14 05:02:37,302 [pool-47-thread-1] WARN  impl.MetricRegistriesImpl (MetricRegistriesImpl.java:lambda$create$1(61)) - First MetricRegistry has been created without registering reporters. You may need to call MetricRegistries.global().addReportRegistration(...) before.
2019-11-14 05:02:37,308 [RatisPipelineUtilsThread] INFO  pipeline.PipelineStateManager (PipelineStateManager.java:addPipeline(55)) - Created pipeline Pipeline[ Id: 782a7a5b-9504-4af5-a109-a7056d135208, Nodes: 530753ab-4ab5-4995-8706-b83783b9fb77{ip: 192.168.157.206, host: trunk-nightly-20191114-k5n9k-339518648, networkLocation: /default-rack, certSerialId: null}, Type:RATIS, Factor:ONE, State:ALLOCATED]
2019-11-14 05:02:37,934 [main] INFO  ozone.MiniOzoneClusterImpl (MiniOzoneClusterImpl.java:lambda$waitForClusterToBeReady$2(163)) - Waiting for 4 number of pipelines out of 4, to report a leader.
2019-11-14 05:02:38,935 [main] INFO  ozone.MiniOzoneClusterImpl (MiniOzoneClusterImpl.java:lambda$waitForClusterToBeReady$2(163)) - Waiting for 4 number of pipelines out of 4, to report a leader.
2019-11-14 05:02:39,935 [main] INFO  ozone.MiniOzoneClusterImpl (MiniOzoneClusterImpl.java:lambda$waitForClusterToBeReady$2(163)) - Waiting for 4 number of pipelines out of 4, to report a leader.
2019-11-14 05:02:40,936 [main] INFO  ozone.MiniOzoneClusterImpl (MiniOzoneClusterImpl.java:lambda$waitForClusterToBeReady$2(163)) - Waiting for 4 number of pipelines out of 4, to report a leader.
2019-11-14 05:02:41,882 [Thread-200] INFO  impl.FollowerState (FollowerState.java:run(111)) - 4d6b5caf-4e9b-416c-b427-49c0e702c9ae@group-86A15386CE3D-FollowerState: change to CANDIDATE, lastRpcTime:5007ms, electionTimeout:5007ms
2019-11-14 05:02:41,884 [Thread-200] INFO  impl.RoleInfo (RoleInfo.java:shutdownFollowerState(121)) - 4d6b5caf-4e9b-416c-b427-49c0e702c9ae: shutdown FollowerState
2019-11-14 05:02:41,885 [Thread-200] INFO  impl.RaftServerImpl (RaftServerImpl.java:setRole(173)) - 4d6b5caf-4e9b-416c-b427-49c0e702c9ae@group-86A15386CE3D: changes role from  FOLLOWER to CANDIDATE at term 0 for changeToCandidate
2019-11-14 05:02:41,890 [Thread-200] INFO  impl.RoleInfo (RoleInfo.java:updateAndGet(143)) - 4d6b5caf-4e9b-416c-b427-49c0e702c9ae: start LeaderElection
2019-11-14 05:02:41,909 [4d6b5caf-4e9b-416c-b427-49c0e702c9ae@group-86A15386CE3D-LeaderElection1] INFO  impl.LeaderElection (LeaderElection.java:askForVotes(178)) - 4d6b5caf-4e9b-416c-b427-49c0e702c9ae@group-86A15386CE3D-LeaderElection1: begin an election at term 1 for -1: [4d6b5caf-4e9b-416c-b427-49c0e702c9ae:192.168.157.206:42088], old=null
2019-11-14 05:02:41,911 [4d6b5caf-4e9b-416c-b427-49c0e702c9ae@group-86A15386CE3D-LeaderElection1] INFO  impl.RoleInfo (RoleInfo.java:shutdownLeaderElection(134)) - 4d6b5caf-4e9b-416c-b427-49c0e702c9ae: shutdown LeaderElection
2019-11-14 05:02:41,912 [4d6b5caf-4e9b-416c-b427-49c0e702c9ae@group-86A15386CE3D-LeaderElection1] INFO  impl.RaftServerImpl (RaftServerImpl.java:setRole(173)) - 4d6b5caf-4e9b-416c-b427-49c0e702c9ae@group-86A15386CE3D: changes role from CANDIDATE to LEADER at term 1 for changeToLeader
2019-11-14 05:02:41,912 [4d6b5caf-4e9b-416c-b427-49c0e702c9ae@group-86A15386CE3D-LeaderElection1] INFO  ratis.XceiverServerRatis (XceiverServerRatis.java:handleLeaderChangedNotification(697)) - Leader change notification received for group: group-86A15386CE3D with new leaderId: 4d6b5caf-4e9b-416c-b427-49c0e702c9ae
2019-11-14 05:02:41,917 [4d6b5caf-4e9b-416c-b427-49c0e702c9ae@group-86A15386CE3D-LeaderElection1] INFO  impl.RaftServerImpl (ServerState.java:setLeader(255)) - 4d6b5caf-4e9b-416c-b427-49c0e702c9ae@group-86A15386CE3D: change Leader from null to 4d6b5caf-4e9b-416c-b427-49c0e702c9ae at term 1 for becomeLeader, leader elected after 5044ms
2019-11-14 05:02:41,923 [4d6b5caf-4e9b-416c-b427-49c0e702c9ae@group-86A15386CE3D-LeaderElection1] INFO  server.RaftServerConfigKeys (ConfUtils.java:logGet(43)) - raft.server.staging.catchup.gap = 1000 (default)
2019-11-14 05:02:41,923 [4d6b5caf-4e9b-416c-b427-49c0e702c9ae@group-86A15386CE3D-LeaderElection1] INFO  server.RaftServerConfigKeys (ConfUtils.java:logGet(43)) - raft.server.rpc.sleep.time = 25ms (default)
2019-11-14 05:02:41,928 [4d6b5caf-4e9b-416c-b427-49c0e702c9ae@group-86A15386CE3D-LeaderElection1] INFO  server.RaftServerConfigKeys (ConfUtils.java:logGet(43)) - raft.server.write.element-limit = 4096 (default)
2019-11-14 05:02:41,932 [4d6b5caf-4e9b-416c-b427-49c0e702c9ae@group-86A15386CE3D-LeaderElection1] INFO  server.RaftServerConfigKeys (ConfUtils.java:logGet(43)) - raft.server.watch.timeout = 10s (default)
2019-11-14 05:02:41,932 [4d6b5caf-4e9b-416c-b427-49c0e702c9ae@group-86A15386CE3D-LeaderElection1] INFO  server.RaftServerConfigKeys (ConfUtils.java:logGet(43)) - raft.server.watch.timeout.denomination = 1s (default)
2019-11-14 05:02:41,933 [4d6b5caf-4e9b-416c-b427-49c0e702c9ae@group-86A15386CE3D-LeaderElection1] INFO  server.RaftServerConfigKeys (ConfUtils.java:logGet(43)) - raft.server.watch.element-limit = 65536 (default)
2019-11-14 05:02:41,937 [main] INFO  ozone.MiniOzoneClusterImpl (MiniOzoneClusterImpl.java:lambda$waitForClusterToBeReady$2(163)) - Waiting for 4 number of pipelines out of 4, to report a leader.
2019-11-14 05:02:41,938 [EventQueue-PipelineReportForPipelineReportHandler] INFO  pipeline.PipelineStateManager (PipelineStateManager.java:openPipeline(134)) - Pipeline Pipeline[ Id: 895b0615-6845-4e26-846a-86a15386ce3d, Nodes: 4d6b5caf-4e9b-416c-b427-49c0e702c9ae{ip: 192.168.157.206, host: trunk-nightly-20191114-k5n9k-339518648, networkLocation: /default-rack, certSerialId: null}, Type:RATIS, Factor:ONE, State:OPEN] moved to OPEN state
2019-11-14 05:02:41,943 [4d6b5caf-4e9b-416c-b427-49c0e702c9ae@group-86A15386CE3D-LeaderElection1] INFO  impl.RoleInfo (RoleInfo.java:updateAndGet(143)) - 4d6b5caf-4e9b-416c-b427-49c0e702c9ae: start LeaderState
2019-11-14 05:02:41,962 [4d6b5caf-4e9b-416c-b427-49c0e702c9ae@group-86A15386CE3D-LeaderElection1] INFO  segmented.SegmentedRaftLogWorker (SegmentedRaftLogWorker.java:startLogSegment(385)) - 4d6b5caf-4e9b-416c-b427-49c0e702c9ae@group-86A15386CE3D-SegmentedRaftLogWorker: Starting segment from index:0
2019-11-14 05:02:41,973 [4d6b5caf-4e9b-416c-b427-49c0e702c9ae@group-86A15386CE3D-LeaderElection1] INFO  impl.RaftServerImpl (ServerState.java:setRaftConf(356)) - 4d6b5caf-4e9b-416c-b427-49c0e702c9ae@group-86A15386CE3D: set configuration 0: [4d6b5caf-4e9b-416c-b427-49c0e702c9ae:192.168.157.206:42088], old=null at 0
2019-11-14 05:02:42,098 [Thread-206] INFO  impl.FollowerState (FollowerState.java:run(111)) - 3afe92fd-7288-4d6b-955e-7c4ea0258921@group-9F1231201A7C-FollowerState: change to CANDIDATE, lastRpcTime:5019ms, electionTimeout:5019ms
2019-11-14 05:02:42,098 [Thread-206] INFO  impl.RoleInfo (RoleInfo.java:shutdownFollowerState(121)) - 3afe92fd-7288-4d6b-955e-7c4ea0258921: shutdown FollowerState
2019-11-14 05:02:42,099 [Thread-206] INFO  impl.RaftServerImpl (RaftServerImpl.java:setRole(173)) - 3afe92fd-7288-4d6b-955e-7c4ea0258921@group-9F1231201A7C: changes role from  FOLLOWER to CANDIDATE at term 0 for changeToCandidate
2019-11-14 05:02:42,099 [Thread-206] INFO  impl.RoleInfo (RoleInfo.java:updateAndGet(143)) - 3afe92fd-7288-4d6b-955e-7c4ea0258921: start LeaderElection
2019-11-14 05:02:42,105 [Thread-210] INFO  impl.FollowerState (FollowerState.java:run(111)) - 530753ab-4ab5-4995-8706-b83783b9fb77@group-9F1231201A7C-FollowerState: change to CANDIDATE, lastRpcTime:5024ms, electionTimeout:5024ms
2019-11-14 05:02:42,105 [Thread-210] INFO  impl.RoleInfo (RoleInfo.java:shutdownFollowerState(121)) - 530753ab-4ab5-4995-8706-b83783b9fb77: shutdown FollowerState
2019-11-14 05:02:42,106 [Thread-210] INFO  impl.RaftServerImpl (RaftServerImpl.java:setRole(173)) - 530753ab-4ab5-4995-8706-b83783b9fb77@group-9F1231201A7C: changes role from  FOLLOWER to CANDIDATE at term 0 for changeToCandidate
2019-11-14 05:02:42,106 [Thread-210] INFO  impl.RoleInfo (RoleInfo.java:updateAndGet(143)) - 530753ab-4ab5-4995-8706-b83783b9fb77: start LeaderElection
2019-11-14 05:02:42,128 [3afe92fd-7288-4d6b-955e-7c4ea0258921@group-9F1231201A7C-LeaderElection2] INFO  impl.LeaderElection (LeaderElection.java:askForVotes(178)) - 3afe92fd-7288-4d6b-955e-7c4ea0258921@group-9F1231201A7C-LeaderElection2: begin an election at term 1 for -1: [3afe92fd-7288-4d6b-955e-7c4ea0258921:192.168.157.206:33058, 530753ab-4ab5-4995-8706-b83783b9fb77:192.168.157.206:42733, 4d6b5caf-4e9b-416c-b427-49c0e702c9ae:192.168.157.206:42088], old=null
2019-11-14 05:02:42,152 [4d6b5caf-4e9b-416c-b427-49c0e702c9ae@group-86A15386CE3D-SegmentedRaftLogWorker] INFO  segmented.SegmentedRaftLogWorker (SegmentedRaftLogWorker.java:execute(576)) - 4d6b5caf-4e9b-416c-b427-49c0e702c9ae@group-86A15386CE3D-SegmentedRaftLogWorker: created new log segment /workdir/hadoop-ozone/tools/target/test-dir/MiniOzoneClusterImpl-100cec03-9053-448d-9d5d-862c867472e5/datanode-1/data/ratis/895b0615-6845-4e26-846a-86a15386ce3d/current/log_inprogress_0
2019-11-14 05:02:42,152 [530753ab-4ab5-4995-8706-b83783b9fb77@group-9F1231201A7C-LeaderElection3] INFO  impl.LeaderElection (LeaderElection.java:askForVotes(178)) - 530753ab-4ab5-4995-8706-b83783b9fb77@group-9F1231201A7C-LeaderElection3: begin an election at term 1 for -1: [3afe92fd-7288-4d6b-955e-7c4ea0258921:192.168.157.206:33058, 530753ab-4ab5-4995-8706-b83783b9fb77:192.168.157.206:42733, 4d6b5caf-4e9b-416c-b427-49c0e702c9ae:192.168.157.206:42088], old=null
2019-11-14 05:02:42,154 [grpc-default-executor-1] INFO  impl.RaftServerImpl (RaftServerImpl.java:setRole(173)) - 4d6b5caf-4e9b-416c-b427-49c0e702c9ae@group-9F1231201A7C: changes role from  FOLLOWER to FOLLOWER at term 1 for recognizeCandidate:3afe92fd-7288-4d6b-955e-7c4ea0258921
2019-11-14 05:02:42,156 [grpc-default-executor-1] INFO  impl.RoleInfo (RoleInfo.java:shutdownFollowerState(121)) - 4d6b5caf-4e9b-416c-b427-49c0e702c9ae: shutdown FollowerState
2019-11-14 05:02:42,156 [Thread-211] INFO  impl.FollowerState (FollowerState.java:run(120)) - 4d6b5caf-4e9b-416c-b427-49c0e702c9ae@group-9F1231201A7C-FollowerState was interrupted: java.lang.InterruptedException: sleep interrupted
2019-11-14 05:02:42,156 [grpc-default-executor-1] INFO  impl.RoleInfo (RoleInfo.java:updateAndGet(143)) - 4d6b5caf-4e9b-416c-b427-49c0e702c9ae: start FollowerState
2019-11-14 05:02:42,178 [3afe92fd-7288-4d6b-955e-7c4ea0258921@group-9F1231201A7C-LeaderElection2] INFO  impl.LeaderElection (LeaderElection.java:logAndReturn(56)) - 3afe92fd-7288-4d6b-955e-7c4ea0258921@group-9F1231201A7C-LeaderElection2: Election PASSED; received 2 response(s) [3afe92fd-7288-4d6b-955e-7c4ea0258921<-530753ab-4ab5-4995-8706-b83783b9fb77#0:FAIL-t1, 3afe92fd-7288-4d6b-955e-7c4ea0258921<-4d6b5caf-4e9b-416c-b427-49c0e702c9ae#0:OK-t1] and 0 exception(s); 3afe92fd-7288-4d6b-955e-7c4ea0258921@group-9F1231201A7C:t1, leader=null, voted=3afe92fd-7288-4d6b-955e-7c4ea0258921, raftlog=3afe92fd-7288-4d6b-955e-7c4ea0258921@group-9F1231201A7C-SegmentedRaftLog:OPENED:c-1,f-1,i0, conf=-1: [3afe92fd-7288-4d6b-955e-7c4ea0258921:192.168.157.206:33058, 530753ab-4ab5-4995-8706-b83783b9fb77:192.168.157.206:42733, 4d6b5caf-4e9b-416c-b427-49c0e702c9ae:192.168.157.206:42088], old=null
2019-11-14 05:02:42,178 [530753ab-4ab5-4995-8706-b83783b9fb77@group-9F1231201A7C-LeaderElection3] INFO  impl.LeaderElection (LeaderElection.java:logAndReturn(56)) - 530753ab-4ab5-4995-8706-b83783b9fb77@group-9F1231201A7C-LeaderElection3: Election REJECTED; received 2 response(s) [530753ab-4ab5-4995-8706-b83783b9fb77<-3afe92fd-7288-4d6b-955e-7c4ea0258921#0:FAIL-t1, 530753ab-4ab5-4995-8706-b83783b9fb77<-4d6b5caf-4e9b-416c-b427-49c0e702c9ae#0:FAIL-t1] and 0 exception(s); 530753ab-4ab5-4995-8706-b83783b9fb77@group-9F1231201A7C:t1, leader=null, voted=530753ab-4ab5-4995-8706-b83783b9fb77, raftlog=530753ab-4ab5-4995-8706-b83783b9fb77@group-9F1231201A7C-SegmentedRaftLog:OPENED:c-1,f-1,i0, conf=-1: [3afe92fd-7288-4d6b-955e-7c4ea0258921:192.168.157.206:33058, 530753ab-4ab5-4995-8706-b83783b9fb77:192.168.157.206:42733, 4d6b5caf-4e9b-416c-b427-49c0e702c9ae:192.168.157.206:42088], old=null
2019-11-14 05:02:42,178 [3afe92fd-7288-4d6b-955e-7c4ea0258921@group-9F1231201A7C-LeaderElection2] INFO  impl.RoleInfo (RoleInfo.java:shutdownLeaderElection(134)) - 3afe92fd-7288-4d6b-955e-7c4ea0258921: shutdown LeaderElection
2019-11-14 05:02:42,180 [3afe92fd-7288-4d6b-955e-7c4ea0258921@group-9F1231201A7C-LeaderElection2] INFO  impl.RaftServerImpl (RaftServerImpl.java:setRole(173)) - 3afe92fd-7288-4d6b-955e-7c4ea0258921@group-9F1231201A7C: changes role from CANDIDATE to LEADER at term 1 for changeToLeader
2019-11-14 05:02:42,180 [530753ab-4ab5-4995-8706-b83783b9fb77@group-9F1231201A7C-LeaderElection3] INFO  impl.RaftServerImpl (RaftServerImpl.java:setRole(173)) - 530753ab-4ab5-4995-8706-b83783b9fb77@group-9F1231201A7C: changes role from CANDIDATE to FOLLOWER at term 1 for DISCOVERED_A_NEW_TERM
2019-11-14 05:02:42,183 [530753ab-4ab5-4995-8706-b83783b9fb77@group-9F1231201A7C-LeaderElection3] INFO  impl.RoleInfo (RoleInfo.java:shutdownLeaderElection(134)) - 530753ab-4ab5-4995-8706-b83783b9fb77: shutdown LeaderElection
2019-11-14 05:02:42,182 [3afe92fd-7288-4d6b-955e-7c4ea0258921@group-9F1231201A7C-LeaderElection2] INFO  ratis.XceiverServerRatis (XceiverServerRatis.java:handleLeaderChangedNotification(697)) - Leader change notification received for group: group-9F1231201A7C with new leaderId: 3afe92fd-7288-4d6b-955e-7c4ea0258921
2019-11-14 05:02:42,184 [530753ab-4ab5-4995-8706-b83783b9fb77@group-9F1231201A7C-LeaderElection3] INFO  impl.RoleInfo (RoleInfo.java:updateAndGet(143)) - 530753ab-4ab5-4995-8706-b83783b9fb77: start FollowerState
2019-11-14 05:02:42,185 [3afe92fd-7288-4d6b-955e-7c4ea0258921@group-9F1231201A7C-LeaderElection2] INFO  impl.RaftServerImpl (ServerState.java:setLeader(255)) - 3afe92fd-7288-4d6b-955e-7c4ea0258921@group-9F1231201A7C: change Leader from null to 3afe92fd-7288-4d6b-955e-7c4ea0258921 at term 1 for becomeLeader, leader elected after 5112ms
2019-11-14 05:02:42,185 [3afe92fd-7288-4d6b-955e-7c4ea0258921@group-9F1231201A7C-LeaderElection2] INFO  server.RaftServerConfigKeys (ConfUtils.java:logGet(43)) - raft.server.staging.catchup.gap = 1000 (default)
2019-11-14 05:02:42,186 [3afe92fd-7288-4d6b-955e-7c4ea0258921@group-9F1231201A7C-LeaderElection2] INFO  server.RaftServerConfigKeys (ConfUtils.java:logGet(43)) - raft.server.rpc.sleep.time = 25ms (default)
2019-11-14 05:02:42,186 [3afe92fd-7288-4d6b-955e-7c4ea0258921@group-9F1231201A7C-LeaderElection2] INFO  server.RaftServerConfigKeys (ConfUtils.java:logGet(43)) - raft.server.write.element-limit = 4096 (default)
2019-11-14 05:02:42,186 [3afe92fd-7288-4d6b-955e-7c4ea0258921@group-9F1231201A7C-LeaderElection2] INFO  server.RaftServerConfigKeys (ConfUtils.java:logGet(43)) - raft.server.watch.timeout = 10s (default)
2019-11-14 05:02:42,186 [3afe92fd-7288-4d6b-955e-7c4ea0258921@group-9F1231201A7C-LeaderElection2] INFO  server.RaftServerConfigKeys (ConfUtils.java:logGet(43)) - raft.server.watch.timeout.denomination = 1s (default)
2019-11-14 05:02:42,187 [3afe92fd-7288-4d6b-955e-7c4ea0258921@group-9F1231201A7C-LeaderElection2] INFO  server.RaftServerConfigKeys (ConfUtils.java:logGet(43)) - raft.server.watch.element-limit = 65536 (default)
2019-11-14 05:02:42,188 [EventQueue-PipelineReportForPipelineReportHandler] INFO  pipeline.PipelineStateManager (PipelineStateManager.java:openPipeline(134)) - Pipeline Pipeline[ Id: 45ae1583-67eb-44e6-9397-9f1231201a7c, Nodes: 530753ab-4ab5-4995-8706-b83783b9fb77{ip: 192.168.157.206, host: trunk-nightly-20191114-k5n9k-339518648, networkLocation: /default-rack, certSerialId: null}3afe92fd-7288-4d6b-955e-7c4ea0258921{ip: 192.168.157.206, host: trunk-nightly-20191114-k5n9k-339518648, networkLocation: /default-rack, certSerialId: null}4d6b5caf-4e9b-416c-b427-49c0e702c9ae{ip: 192.168.157.206, host: trunk-nightly-20191114-k5n9k-339518648, networkLocation: /default-rack, certSerialId: null}, Type:RATIS, Factor:THREE, State:OPEN] moved to OPEN state
2019-11-14 05:02:42,190 [3afe92fd-7288-4d6b-955e-7c4ea0258921@group-9F1231201A7C-LeaderElection2] INFO  server.RaftServerConfigKeys (ConfUtils.java:logGet(43)) - raft.server.log.appender.snapshot.chunk.size.max = 16MB (=16777216) (default)
2019-11-14 05:02:42,190 [3afe92fd-7288-4d6b-955e-7c4ea0258921@group-9F1231201A7C-LeaderElection2] INFO  server.RaftServerConfigKeys (ConfUtils.java:logGet(43)) - raft.server.log.appender.buffer.byte-limit = 33554432 (custom)
2019-11-14 05:02:42,191 [3afe92fd-7288-4d6b-955e-7c4ea0258921@group-9F1231201A7C-LeaderElection2] INFO  server.RaftServerConfigKeys (ConfUtils.java:logGet(43)) - raft.server.log.appender.buffer.element-limit = 1 (custom)
2019-11-14 05:02:42,195 [3afe92fd-7288-4d6b-955e-7c4ea0258921@group-9F1231201A7C-LeaderElection2] INFO  grpc.GrpcConfigKeys$Server (ConfUtils.java:logGet(43)) - raft.grpc.server.leader.outstanding.appends.max = 128 (default)
2019-11-14 05:02:42,195 [3afe92fd-7288-4d6b-955e-7c4ea0258921@group-9F1231201A7C-LeaderElection2] INFO  server.RaftServerConfigKeys (ConfUtils.java:logGet(43)) - raft.server.rpc.request.timeout = 3000ms (default)
2019-11-14 05:02:42,195 [3afe92fd-7288-4d6b-955e-7c4ea0258921@group-9F1231201A7C-LeaderElection2] INFO  server.RaftServerConfigKeys (ConfUtils.java:logGet(43)) - raft.server.log.appender.install.snapshot.enabled = false (custom)
2019-11-14 05:02:42,196 [3afe92fd-7288-4d6b-955e-7c4ea0258921@group-9F1231201A7C-LeaderElection2] WARN  impl.MetricRegistriesImpl (MetricRegistriesImpl.java:lambda$create$1(61)) - First MetricRegistry has been created without registering reporters. You may need to call MetricRegistries.global().addReportRegistration(...) before.
2019-11-14 05:02:42,197 [3afe92fd-7288-4d6b-955e-7c4ea0258921@group-9F1231201A7C-LeaderElection2] INFO  server.RaftServerConfigKeys (ConfUtils.java:logGet(43)) - raft.server.log.appender.snapshot.chunk.size.max = 16MB (=16777216) (default)
2019-11-14 05:02:42,197 [3afe92fd-7288-4d6b-955e-7c4ea0258921@group-9F1231201A7C-LeaderElection2] INFO  server.RaftServerConfigKeys (ConfUtils.java:logGet(43)) - raft.server.log.appender.buffer.byte-limit = 33554432 (custom)
2019-11-14 05:02:42,198 [3afe92fd-7288-4d6b-955e-7c4ea0258921@group-9F1231201A7C-LeaderElection2] INFO  server.RaftServerConfigKeys (ConfUtils.java:logGet(43)) - raft.server.log.appender.buffer.element-limit = 1 (custom)
2019-11-14 05:02:42,198 [3afe92fd-7288-4d6b-955e-7c4ea0258921@group-9F1231201A7C-LeaderElection2] INFO  grpc.GrpcConfigKeys$Server (ConfUtils.java:logGet(43)) - raft.grpc.server.leader.outstanding.appends.max = 128 (default)
2019-11-14 05:02:42,198 [3afe92fd-7288-4d6b-955e-7c4ea0258921@group-9F1231201A7C-LeaderElection2] INFO  server.RaftServerConfigKeys (ConfUtils.java:logGet(43)) - raft.server.rpc.request.timeout = 3000ms (default)
2019-11-14 05:02:42,198 [3afe92fd-7288-4d6b-955e-7c4ea0258921@group-9F1231201A7C-LeaderElection2] INFO  server.RaftServerConfigKeys (ConfUtils.java:logGet(43)) - raft.server.log.appender.install.snapshot.enabled = false (custom)
2019-11-14 05:02:42,202 [3afe92fd-7288-4d6b-955e-7c4ea0258921@group-9F1231201A7C-LeaderElection2] INFO  impl.RoleInfo (RoleInfo.java:updateAndGet(143)) - 3afe92fd-7288-4d6b-955e-7c4ea0258921: start LeaderState
2019-11-14 05:02:42,202 [3afe92fd-7288-4d6b-955e-7c4ea0258921@group-9F1231201A7C-LeaderElection2] INFO  segmented.SegmentedRaftLogWorker (SegmentedRaftLogWorker.java:startLogSegment(385)) - 3afe92fd-7288-4d6b-955e-7c4ea0258921@group-9F1231201A7C-SegmentedRaftLogWorker: Starting segment from index:0
2019-11-14 05:02:42,203 [3afe92fd-7288-4d6b-955e-7c4ea0258921@group-9F1231201A7C-LeaderElection2] INFO  impl.RaftServerImpl (ServerState.java:setRaftConf(356)) - 3afe92fd-7288-4d6b-955e-7c4ea0258921@group-9F1231201A7C: set configuration 0: [3afe92fd-7288-4d6b-955e-7c4ea0258921:192.168.157.206:33058, 530753ab-4ab5-4995-8706-b83783b9fb77:192.168.157.206:42733, 4d6b5caf-4e9b-416c-b427-49c0e702c9ae:192.168.157.206:42088], old=null at 0
2019-11-14 05:02:42,239 [Thread-216] INFO  impl.FollowerState (FollowerState.java:run(111)) - 3afe92fd-7288-4d6b-955e-7c4ea0258921@group-9AC89B3C550E-FollowerState: change to CANDIDATE, lastRpcTime:5041ms, electionTimeout:5033ms
2019-11-14 05:02:42,240 [Thread-216] INFO  impl.RoleInfo (RoleInfo.java:shutdownFollowerState(121)) - 3afe92fd-7288-4d6b-955e-7c4ea0258921: shutdown FollowerState
2019-11-14 05:02:42,240 [Thread-216] INFO  impl.RaftServerImpl (RaftServerImpl.java:setRole(173)) - 3afe92fd-7288-4d6b-955e-7c4ea0258921@group-9AC89B3C550E: changes role from  FOLLOWER to CANDIDATE at term 0 for changeToCandidate
2019-11-14 05:02:42,240 [Thread-216] INFO  impl.RoleInfo (RoleInfo.java:updateAndGet(143)) - 3afe92fd-7288-4d6b-955e-7c4ea0258921: start LeaderElection
2019-11-14 05:02:42,265 [3afe92fd-7288-4d6b-955e-7c4ea0258921@group-9F1231201A7C-SegmentedRaftLogWorker] INFO  segmented.SegmentedRaftLogWorker (SegmentedRaftLogWorker.java:execute(576)) - 3afe92fd-7288-4d6b-955e-7c4ea0258921@group-9F1231201A7C-SegmentedRaftLogWorker: created new log segment /workdir/hadoop-ozone/tools/target/test-dir/MiniOzoneClusterImpl-100cec03-9053-448d-9d5d-862c867472e5/datanode-0/data/ratis/45ae1583-67eb-44e6-9397-9f1231201a7c/current/log_inprogress_0
2019-11-14 05:02:42,266 [3afe92fd-7288-4d6b-955e-7c4ea0258921@group-9AC89B3C550E-LeaderElection4] INFO  impl.LeaderElection (LeaderElection.java:askForVotes(178)) - 3afe92fd-7288-4d6b-955e-7c4ea0258921@group-9AC89B3C550E-LeaderElection4: begin an election at term 1 for -1: [3afe92fd-7288-4d6b-955e-7c4ea0258921:192.168.157.206:33058], old=null
2019-11-14 05:02:42,266 [3afe92fd-7288-4d6b-955e-7c4ea0258921@group-9AC89B3C550E-LeaderElection4] INFO  impl.RoleInfo (RoleInfo.java:shutdownLeaderElection(134)) - 3afe92fd-7288-4d6b-955e-7c4ea0258921: shutdown LeaderElection
2019-11-14 05:02:42,266 [3afe92fd-7288-4d6b-955e-7c4ea0258921@group-9AC89B3C550E-LeaderElection4] INFO  impl.RaftServerImpl (RaftServerImpl.java:setRole(173)) - 3afe92fd-7288-4d6b-955e-7c4ea0258921@group-9AC89B3C550E: changes role from CANDIDATE to LEADER at term 1 for changeToLeader
2019-11-14 05:02:42,266 [3afe92fd-7288-4d6b-955e-7c4ea0258921@group-9AC89B3C550E-LeaderElection4] INFO  ratis.XceiverServerRatis (XceiverServerRatis.java:handleLeaderChangedNotification(697)) - Leader change notification received for group: group-9AC89B3C550E with new leaderId: 3afe92fd-7288-4d6b-955e-7c4ea0258921
2019-11-14 05:02:42,266 [3afe92fd-7288-4d6b-955e-7c4ea0258921@group-9AC89B3C550E-LeaderElection4] INFO  impl.RaftServerImpl (ServerState.java:setLeader(255)) - 3afe92fd-7288-4d6b-955e-7c4ea0258921@group-9AC89B3C550E: change Leader from null to 3afe92fd-7288-4d6b-955e-7c4ea0258921 at term 1 for becomeLeader, leader elected after 5079ms
2019-11-14 05:02:42,267 [3afe92fd-7288-4d6b-955e-7c4ea0258921@group-9AC89B3C550E-LeaderElection4] INFO  server.RaftServerConfigKeys (ConfUtils.java:logGet(43)) - raft.server.staging.catchup.gap = 1000 (default)
2019-11-14 05:02:42,267 [3afe92fd-7288-4d6b-955e-7c4ea0258921@group-9AC89B3C550E-LeaderElection4] INFO  server.RaftServerConfigKeys (ConfUtils.java:logGet(43)) - raft.server.rpc.sleep.time = 25ms (default)
2019-11-14 05:02:42,267 [3afe92fd-7288-4d6b-955e-7c4ea0258921@group-9AC89B3C550E-LeaderElection4] INFO  server.RaftServerConfigKeys (ConfUtils.java:logGet(43)) - raft.server.write.element-limit = 4096 (default)
2019-11-14 05:02:42,268 [3afe92fd-7288-4d6b-955e-7c4ea0258921@group-9AC89B3C550E-LeaderElection4] INFO  server.RaftServerConfigKeys (ConfUtils.java:logGet(43)) - raft.server.watch.timeout = 10s (default)
2019-11-14 05:02:42,268 [3afe92fd-7288-4d6b-955e-7c4ea0258921@group-9AC89B3C550E-LeaderElection4] INFO  server.RaftServerConfigKeys (ConfUtils.java:logGet(43)) - raft.server.watch.timeout.denomination = 1s (default)
2019-11-14 05:02:42,269 [3afe92fd-7288-4d6b-955e-7c4ea0258921@group-9AC89B3C550E-LeaderElection4] INFO  server.RaftServerConfigKeys (ConfUtils.java:logGet(43)) - raft.server.watch.element-limit = 65536 (default)
2019-11-14 05:02:42,269 [3afe92fd-7288-4d6b-955e-7c4ea0258921@group-9AC89B3C550E-LeaderElection4] INFO  impl.RoleInfo (RoleInfo.java:updateAndGet(143)) - 3afe92fd-7288-4d6b-955e-7c4ea0258921: start LeaderState
2019-11-14 05:02:42,270 [EventQueue-PipelineReportForPipelineReportHandler] INFO  pipeline.PipelineStateManager (PipelineStateManager.java:openPipeline(134)) - Pipeline Pipeline[ Id: bb3a28ab-4e6e-4617-939d-9ac89b3c550e, Nodes: 3afe92fd-7288-4d6b-955e-7c4ea0258921{ip: 192.168.157.206, host: trunk-nightly-20191114-k5n9k-339518648, networkLocation: /default-rack, certSerialId: null}, Type:RATIS, Factor:ONE, State:OPEN] moved to OPEN state
2019-11-14 05:02:42,270 [3afe92fd-7288-4d6b-955e-7c4ea0258921@group-9AC89B3C550E-LeaderElection4] INFO  segmented.SegmentedRaftLogWorker (SegmentedRaftLogWorker.java:startLogSegment(385)) - 3afe92fd-7288-4d6b-955e-7c4ea0258921@group-9AC89B3C550E-SegmentedRaftLogWorker: Starting segment from index:0
2019-11-14 05:02:42,271 [3afe92fd-7288-4d6b-955e-7c4ea0258921@group-9AC89B3C550E-LeaderElection4] INFO  impl.RaftServerImpl (ServerState.java:setRaftConf(356)) - 3afe92fd-7288-4d6b-955e-7c4ea0258921@group-9AC89B3C550E: set configuration 0: [3afe92fd-7288-4d6b-955e-7c4ea0258921:192.168.157.206:33058], old=null at 0
2019-11-14 05:02:42,314 [grpc-default-executor-0] INFO  ratis.XceiverServerRatis (XceiverServerRatis.java:handleLeaderChangedNotification(697)) - Leader change notification received for group: group-9F1231201A7C with new leaderId: 3afe92fd-7288-4d6b-955e-7c4ea0258921
2019-11-14 05:02:42,314 [grpc-default-executor-2] INFO  ratis.XceiverServerRatis (XceiverServerRatis.java:handleLeaderChangedNotification(697)) - Leader change notification received for group: group-9F1231201A7C with new leaderId: 3afe92fd-7288-4d6b-955e-7c4ea0258921
2019-11-14 05:02:42,315 [grpc-default-executor-0] INFO  impl.RaftServerImpl (ServerState.java:setLeader(255)) - 4d6b5caf-4e9b-416c-b427-49c0e702c9ae@group-9F1231201A7C: change Leader from null to 3afe92fd-7288-4d6b-955e-7c4ea0258921 at term 1 for appendEntries, leader elected after 5244ms
2019-11-14 05:02:42,316 [grpc-default-executor-2] INFO  impl.RaftServerImpl (ServerState.java:setLeader(255)) - 530753ab-4ab5-4995-8706-b83783b9fb77@group-9F1231201A7C: change Leader from null to 3afe92fd-7288-4d6b-955e-7c4ea0258921 at term 1 for appendEntries, leader elected after 5244ms
2019-11-14 05:02:42,336 [3afe92fd-7288-4d6b-955e-7c4ea0258921@group-9AC89B3C550E-SegmentedRaftLogWorker] INFO  segmented.SegmentedRaftLogWorker (SegmentedRaftLogWorker.java:execute(576)) - 3afe92fd-7288-4d6b-955e-7c4ea0258921@group-9AC89B3C550E-SegmentedRaftLogWorker: created new log segment /workdir/hadoop-ozone/tools/target/test-dir/MiniOzoneClusterImpl-100cec03-9053-448d-9d5d-862c867472e5/datanode-0/data/ratis/bb3a28ab-4e6e-4617-939d-9ac89b3c550e/current/log_inprogress_0
2019-11-14 05:02:42,361 [grpc-default-executor-0] INFO  impl.RaftServerImpl (ServerState.java:setRaftConf(356)) - 530753ab-4ab5-4995-8706-b83783b9fb77@group-9F1231201A7C: set configuration 0: [3afe92fd-7288-4d6b-955e-7c4ea0258921:192.168.157.206:33058, 530753ab-4ab5-4995-8706-b83783b9fb77:192.168.157.206:42733, 4d6b5caf-4e9b-416c-b427-49c0e702c9ae:192.168.157.206:42088], old=null at 0
2019-11-14 05:02:42,361 [grpc-default-executor-2] INFO  impl.RaftServerImpl (ServerState.java:setRaftConf(356)) - 4d6b5caf-4e9b-416c-b427-49c0e702c9ae@group-9F1231201A7C: set configuration 0: [3afe92fd-7288-4d6b-955e-7c4ea0258921:192.168.157.206:33058, 530753ab-4ab5-4995-8706-b83783b9fb77:192.168.157.206:42733, 4d6b5caf-4e9b-416c-b427-49c0e702c9ae:192.168.157.206:42088], old=null at 0
2019-11-14 05:02:42,362 [grpc-default-executor-0] INFO  segmented.SegmentedRaftLogWorker (SegmentedRaftLogWorker.java:startLogSegment(385)) - 530753ab-4ab5-4995-8706-b83783b9fb77@group-9F1231201A7C-SegmentedRaftLogWorker: Starting segment from index:0
2019-11-14 05:02:42,362 [grpc-default-executor-2] INFO  segmented.SegmentedRaftLogWorker (SegmentedRaftLogWorker.java:startLogSegment(385)) - 4d6b5caf-4e9b-416c-b427-49c0e702c9ae@group-9F1231201A7C-SegmentedRaftLogWorker: Starting segment from index:0
2019-11-14 05:02:42,422 [4d6b5caf-4e9b-416c-b427-49c0e702c9ae@group-9F1231201A7C-SegmentedRaftLogWorker] INFO  segmented.SegmentedRaftLogWorker (SegmentedRaftLogWorker.java:execute(576)) - 4d6b5caf-4e9b-416c-b427-49c0e702c9ae@group-9F1231201A7C-SegmentedRaftLogWorker: created new log segment /workdir/hadoop-ozone/tools/target/test-dir/MiniOzoneClusterImpl-100cec03-9053-448d-9d5d-862c867472e5/datanode-1/data/ratis/45ae1583-67eb-44e6-9397-9f1231201a7c/current/log_inprogress_0
2019-11-14 05:02:42,422 [530753ab-4ab5-4995-8706-b83783b9fb77@group-9F1231201A7C-SegmentedRaftLogWorker] INFO  segmented.SegmentedRaftLogWorker (SegmentedRaftLogWorker.java:execute(576)) - 530753ab-4ab5-4995-8706-b83783b9fb77@group-9F1231201A7C-SegmentedRaftLogWorker: created new log segment /workdir/hadoop-ozone/tools/target/test-dir/MiniOzoneClusterImpl-100cec03-9053-448d-9d5d-862c867472e5/datanode-2/data/ratis/45ae1583-67eb-44e6-9397-9f1231201a7c/current/log_inprogress_0
2019-11-14 05:02:42,468 [Thread-220] INFO  impl.FollowerState (FollowerState.java:run(111)) - 530753ab-4ab5-4995-8706-b83783b9fb77@group-A7056D135208-FollowerState: change to CANDIDATE, lastRpcTime:5166ms, electionTimeout:5166ms
2019-11-14 05:02:42,468 [Thread-220] INFO  impl.RoleInfo (RoleInfo.java:shutdownFollowerState(121)) - 530753ab-4ab5-4995-8706-b83783b9fb77: shutdown FollowerState
2019-11-14 05:02:42,469 [Thread-220] INFO  impl.RaftServerImpl (RaftServerImpl.java:setRole(173)) - 530753ab-4ab5-4995-8706-b83783b9fb77@group-A7056D135208: changes role from  FOLLOWER to CANDIDATE at term 0 for changeToCandidate
2019-11-14 05:02:42,469 [Thread-220] INFO  impl.RoleInfo (RoleInfo.java:updateAndGet(143)) - 530753ab-4ab5-4995-8706-b83783b9fb77: start LeaderElection
2019-11-14 05:02:42,494 [530753ab-4ab5-4995-8706-b83783b9fb77@group-A7056D135208-LeaderElection5] INFO  impl.LeaderElection (LeaderElection.java:askForVotes(178)) - 530753ab-4ab5-4995-8706-b83783b9fb77@group-A7056D135208-LeaderElection5: begin an election at term 1 for -1: [530753ab-4ab5-4995-8706-b83783b9fb77:192.168.157.206:42733], old=null
2019-11-14 05:02:42,494 [530753ab-4ab5-4995-8706-b83783b9fb77@group-A7056D135208-LeaderElection5] INFO  impl.RoleInfo (RoleInfo.java:shutdownLeaderElection(134)) - 530753ab-4ab5-4995-8706-b83783b9fb77: shutdown LeaderElection
2019-11-14 05:02:42,495 [530753ab-4ab5-4995-8706-b83783b9fb77@group-A7056D135208-LeaderElection5] INFO  impl.RaftServerImpl (RaftServerImpl.java:setRole(173)) - 530753ab-4ab5-4995-8706-b83783b9fb77@group-A7056D135208: changes role from CANDIDATE to LEADER at term 1 for changeToLeader
2019-11-14 05:02:42,495 [530753ab-4ab5-4995-8706-b83783b9fb77@group-A7056D135208-LeaderElection5] INFO  ratis.XceiverServerRatis (XceiverServerRatis.java:handleLeaderChangedNotification(697)) - Leader change notification received for group: group-A7056D135208 with new leaderId: 530753ab-4ab5-4995-8706-b83783b9fb77
2019-11-14 05:02:42,496 [530753ab-4ab5-4995-8706-b83783b9fb77@group-A7056D135208-LeaderElection5] INFO  impl.RaftServerImpl (ServerState.java:setLeader(255)) - 530753ab-4ab5-4995-8706-b83783b9fb77@group-A7056D135208: change Leader from null to 530753ab-4ab5-4995-8706-b83783b9fb77 at term 1 for becomeLeader, leader elected after 5198ms
2019-11-14 05:02:42,496 [530753ab-4ab5-4995-8706-b83783b9fb77@group-A7056D135208-LeaderElection5] INFO  server.RaftServerConfigKeys (ConfUtils.java:logGet(43)) - raft.server.staging.catchup.gap = 1000 (default)
2019-11-14 05:02:42,496 [530753ab-4ab5-4995-8706-b83783b9fb77@group-A7056D135208-LeaderElection5] INFO  server.RaftServerConfigKeys (ConfUtils.java:logGet(43)) - raft.server.rpc.sleep.time = 25ms (default)
2019-11-14 05:02:42,496 [530753ab-4ab5-4995-8706-b83783b9fb77@group-A7056D135208-LeaderElection5] INFO  server.RaftServerConfigKeys (ConfUtils.java:logGet(43)) - raft.server.write.element-limit = 4096 (default)
2019-11-14 05:02:42,496 [530753ab-4ab5-4995-8706-b83783b9fb77@group-A7056D135208-LeaderElection5] INFO  server.RaftServerConfigKeys (ConfUtils.java:logGet(43)) - raft.server.watch.timeout = 10s (default)
2019-11-14 05:02:42,497 [530753ab-4ab5-4995-8706-b83783b9fb77@group-A7056D135208-LeaderElection5] INFO  server.RaftServerConfigKeys (ConfUtils.java:logGet(43)) - raft.server.watch.timeout.denomination = 1s (default)
2019-11-14 05:02:42,497 [530753ab-4ab5-4995-8706-b83783b9fb77@group-A7056D135208-LeaderElection5] INFO  server.RaftServerConfigKeys (ConfUtils.java:logGet(43)) - raft.server.watch.element-limit = 65536 (default)
2019-11-14 05:02:42,498 [530753ab-4ab5-4995-8706-b83783b9fb77@group-A7056D135208-LeaderElection5] INFO  impl.RoleInfo (RoleInfo.java:updateAndGet(143)) - 530753ab-4ab5-4995-8706-b83783b9fb77: start LeaderState
2019-11-14 05:02:42,498 [530753ab-4ab5-4995-8706-b83783b9fb77@group-A7056D135208-LeaderElection5] INFO  segmented.SegmentedRaftLogWorker (SegmentedRaftLogWorker.java:startLogSegment(385)) - 530753ab-4ab5-4995-8706-b83783b9fb77@group-A7056D135208-SegmentedRaftLogWorker: Starting segment from index:0
2019-11-14 05:02:42,499 [EventQueue-PipelineReportForPipelineReportHandler] INFO  pipeline.PipelineStateManager (PipelineStateManager.java:openPipeline(134)) - Pipeline Pipeline[ Id: 782a7a5b-9504-4af5-a109-a7056d135208, Nodes: 530753ab-4ab5-4995-8706-b83783b9fb77{ip: 192.168.157.206, host: trunk-nightly-20191114-k5n9k-339518648, networkLocation: /default-rack, certSerialId: null}, Type:RATIS, Factor:ONE, State:OPEN] moved to OPEN state
2019-11-14 05:02:42,499 [530753ab-4ab5-4995-8706-b83783b9fb77@group-A7056D135208-LeaderElection5] INFO  impl.RaftServerImpl (ServerState.java:setRaftConf(356)) - 530753ab-4ab5-4995-8706-b83783b9fb77@group-A7056D135208: set configuration 0: [530753ab-4ab5-4995-8706-b83783b9fb77:192.168.157.206:42733], old=null at 0
2019-11-14 05:02:42,575 [530753ab-4ab5-4995-8706-b83783b9fb77@group-A7056D135208-SegmentedRaftLogWorker] INFO  segmented.SegmentedRaftLogWorker (SegmentedRaftLogWorker.java:execute(576)) - 530753ab-4ab5-4995-8706-b83783b9fb77@group-A7056D135208-SegmentedRaftLogWorker: created new log segment /workdir/hadoop-ozone/tools/target/test-dir/MiniOzoneClusterImpl-100cec03-9053-448d-9d5d-862c867472e5/datanode-2/data/ratis/782a7a5b-9504-4af5-a109-a7056d135208/current/log_inprogress_0
2019-11-14 05:02:42,938 [main] INFO  ozone.MiniOzoneClusterImpl (MiniOzoneClusterImpl.java:lambda$waitForClusterToBeReady$2(171)) - Cluster is ready. Got 3 of 3 DN Heartbeats.
2019-11-14 05:02:43,909 [main] INFO  freon.RandomKeyGenerator (RandomKeyGenerator.java:call(283)) - Number of Threads: 10
2019-11-14 05:02:43,910 [main] INFO  freon.RandomKeyGenerator (RandomKeyGenerator.java:call(288)) - Number of Volumes: 1.
2019-11-14 05:02:43,911 [main] INFO  freon.RandomKeyGenerator (RandomKeyGenerator.java:call(289)) - Number of Buckets per Volume: 1.
2019-11-14 05:02:43,911 [main] INFO  freon.RandomKeyGenerator (RandomKeyGenerator.java:call(290)) - Number of Keys per Bucket: 1.
2019-11-14 05:02:43,911 [main] INFO  freon.RandomKeyGenerator (RandomKeyGenerator.java:call(291)) - Key size: 20971520 bytes
2019-11-14 05:02:43,911 [main] INFO  freon.RandomKeyGenerator (RandomKeyGenerator.java:call(292)) - Buffer size: 4096 bytes
2019-11-14 05:02:43,911 [main] INFO  freon.RandomKeyGenerator (RandomKeyGenerator.java:call(293)) - validateWrites : true
2019-11-14 05:02:43,915 [main] INFO  freon.RandomKeyGenerator (RandomKeyGenerator.java:call(307)) - Data validation is enabled.
2019-11-14 05:02:43,917 [main] INFO  freon.RandomKeyGenerator (RandomKeyGenerator.java:call(313)) - Starting progress bar Thread.

 0.00% |?                                                                                                    |  0/1 Time: 0:00:002019-11-14 05:02:43,945 [pool-53-thread-1] INFO  rpc.RpcClient (RpcClient.java:createVolume(292)) - Creating Volume: vol-0-97479, with jenkins1000 as owner.
2019-11-14 05:02:43,998 [IPC Server handler 1 on 45187] INFO  volume.OMVolumeCreateRequest (OMVolumeCreateRequest.java:validateAndUpdateCache(193)) - created volume:vol-0-97479 for user:jenkins1000
2019-11-14 05:02:44,027 [pool-53-thread-2] INFO  rpc.RpcClient (RpcClient.java:createBucket(431)) - Creating Bucket: vol-0-97479/bucket-0-31217, with Versioning false and Storage Type set to DISK and Encryption set to false 
2019-11-14 05:02:44,211 [pool-53-thread-3] INFO  impl.MetricsSystemImpl (MetricsSystemImpl.java:init(158)) - XceiverClientMetrics metrics system started (again)
 0.00% |?                                                                                                    |  0/1 Time: 0:00:01 0.00% |?                                                                                                    |  0/1 Time: 0:00:02 100.00% |?????????????????????????????????????????????????????????????????????????????????????????????????????|  1/1 Time: 0:00:03
2019-11-14 05:02:51,902 [main] INFO  pipeline.SCMPipelineManager (SCMPipelineManager.java:finalizeAndDestroyPipeline(315)) - destroying pipeline:Pipeline[ Id: 45ae1583-67eb-44e6-9397-9f1231201a7c, Nodes: 530753ab-4ab5-4995-8706-b83783b9fb77{ip: 192.168.157.206, host: trunk-nightly-20191114-k5n9k-339518648, networkLocation: /default-rack, certSerialId: null}3afe92fd-7288-4d6b-955e-7c4ea0258921{ip: 192.168.157.206, host: trunk-nightly-20191114-k5n9k-339518648, networkLocation: /default-rack, certSerialId: null}4d6b5caf-4e9b-416c-b427-49c0e702c9ae{ip: 192.168.157.206, host: trunk-nightly-20191114-k5n9k-339518648, networkLocation: /default-rack, certSerialId: null}, Type:RATIS, Factor:THREE, State:OPEN]
2019-11-14 05:02:51,903 [main] INFO  pipeline.PipelineStateManager (PipelineStateManager.java:finalizePipeline(121)) - Pipeline Pipeline[ Id: 45ae1583-67eb-44e6-9397-9f1231201a7c, Nodes: 530753ab-4ab5-4995-8706-b83783b9fb77{ip: 192.168.157.206, host: trunk-nightly-20191114-k5n9k-339518648, networkLocation: /default-rack, certSerialId: null}3afe92fd-7288-4d6b-955e-7c4ea0258921{ip: 192.168.157.206, host: trunk-nightly-20191114-k5n9k-339518648, networkLocation: /default-rack, certSerialId: null}4d6b5caf-4e9b-416c-b427-49c0e702c9ae{ip: 192.168.157.206, host: trunk-nightly-20191114-k5n9k-339518648, networkLocation: /default-rack, certSerialId: null}, Type:RATIS, Factor:THREE, State:CLOSED] moved to CLOSED state
2019-11-14 05:02:51,904 [EventQueue-CloseContainerForCloseContainerEventHandler] INFO  container.CloseContainerEventHandler (CloseContainerEventHandler.java:onMessage(61)) - Close container Event triggered for container : #1
2019-11-14 05:02:51,911 [EventQueue-CloseContainerForCloseContainerEventHandler] INFO  container.CloseContainerEventHandler (CloseContainerEventHandler.java:onMessage(61)) - Close container Event triggered for container : #2
2019-11-14 05:02:51,917 [grpc-default-executor-1] INFO  impl.RaftServerProxy (RaftServerProxy.java:remove(95)) - 530753ab-4ab5-4995-8706-b83783b9fb77: remove  FOLLOWER 530753ab-4ab5-4995-8706-b83783b9fb77@group-9F1231201A7C:t1, leader=3afe92fd-7288-4d6b-955e-7c4ea0258921, voted=530753ab-4ab5-4995-8706-b83783b9fb77, raftlog=530753ab-4ab5-4995-8706-b83783b9fb77@group-9F1231201A7C-SegmentedRaftLog:OPENED:c78,f78,i78, conf=0: [3afe92fd-7288-4d6b-955e-7c4ea0258921:192.168.157.206:33058, 530753ab-4ab5-4995-8706-b83783b9fb77:192.168.157.206:42733, 4d6b5caf-4e9b-416c-b427-49c0e702c9ae:192.168.157.206:42088], old=null RUNNING
2019-11-14 05:02:51,918 [EventQueue-CloseContainerForCloseContainerEventHandler] INFO  container.CloseContainerEventHandler (CloseContainerEventHandler.java:onMessage(61)) - Close container Event triggered for container : #3
2019-11-14 05:02:51,918 [grpc-default-executor-1] INFO  impl.RaftServerImpl (RaftServerImpl.java:lambda$shutdown$3(250)) - 530753ab-4ab5-4995-8706-b83783b9fb77@group-9F1231201A7C: shutdown
2019-11-14 05:02:51,919 [grpc-default-executor-1] INFO  util.JmxRegister (JmxRegister.java:unregister(73)) - Successfully un-registered JMX Bean with object name Ratis:service=RaftServer,group=group-9F1231201A7C,id=530753ab-4ab5-4995-8706-b83783b9fb77
2019-11-14 05:02:51,919 [grpc-default-executor-1] INFO  impl.RoleInfo (RoleInfo.java:shutdownFollowerState(121)) - 530753ab-4ab5-4995-8706-b83783b9fb77: shutdown FollowerState
2019-11-14 05:02:51,920 [Thread-231] INFO  impl.FollowerState (FollowerState.java:run(120)) - 530753ab-4ab5-4995-8706-b83783b9fb77@group-9F1231201A7C-FollowerState was interrupted: java.lang.InterruptedException: sleep interrupted
2019-11-14 05:02:51,921 [530753ab-4ab5-4995-8706-b83783b9fb77@group-9F1231201A7C-StateMachineUpdater] INFO  ratis.ContainerStateMachine (ContainerStateMachine.java:takeSnapshot(285)) - group-9F1231201A7C: Taking a snapshot at:(t:1, i:76) file /workdir/hadoop-ozone/tools/target/test-dir/MiniOzoneClusterImpl-100cec03-9053-448d-9d5d-862c867472e5/datanode-2/data/ratis/45ae1583-67eb-44e6-9397-9f1231201a7c/sm/snapshot.1_76
2019-11-14 05:02:51,920 [grpc-default-executor-1] INFO  impl.StateMachineUpdater (StateMachineUpdater.java:stopAndJoin(136)) - 530753ab-4ab5-4995-8706-b83783b9fb77@group-9F1231201A7C-StateMachineUpdater: set stopIndex = 78
2019-11-14 05:02:51,970 [530753ab-4ab5-4995-8706-b83783b9fb77@group-9F1231201A7C-StateMachineUpdater] INFO  ratis.ContainerStateMachine (ContainerStateMachine.java:takeSnapshot(296)) - group-9F1231201A7C: Finished taking a snapshot at:(t:1, i:76) file:/workdir/hadoop-ozone/tools/target/test-dir/MiniOzoneClusterImpl-100cec03-9053-448d-9d5d-862c867472e5/datanode-2/data/ratis/45ae1583-67eb-44e6-9397-9f1231201a7c/sm/snapshot.1_76 time:49
2019-11-14 05:02:51,971 [530753ab-4ab5-4995-8706-b83783b9fb77@group-9F1231201A7C-StateMachineUpdater] INFO  impl.StateMachineUpdater (StateMachineUpdater.java:takeSnapshot(269)) - 530753ab-4ab5-4995-8706-b83783b9fb77@group-9F1231201A7C-StateMachineUpdater: Took a snapshot at index 76
2019-11-14 05:02:51,972 [530753ab-4ab5-4995-8706-b83783b9fb77@group-9F1231201A7C-StateMachineUpdater] INFO  impl.StateMachineUpdater (StateMachineUpdater.java:lambda$new$0(84)) - 530753ab-4ab5-4995-8706-b83783b9fb77@group-9F1231201A7C-StateMachineUpdater: snapshotIndex: updateIncreasingly -1 -> 76
2019-11-14 05:02:51,976 [530753ab-4ab5-4995-8706-b83783b9fb77@group-9F1231201A7C-StateMachineUpdater] INFO  ratis.ContainerStateMachine (ContainerStateMachine.java:takeSnapshot(285)) - group-9F1231201A7C: Taking a snapshot at:(t:1, i:76) file /workdir/hadoop-ozone/tools/target/test-dir/MiniOzoneClusterImpl-100cec03-9053-448d-9d5d-862c867472e5/datanode-2/data/ratis/45ae1583-67eb-44e6-9397-9f1231201a7c/sm/snapshot.1_76
2019-11-14 05:02:51,989 [530753ab-4ab5-4995-8706-b83783b9fb77@group-9F1231201A7C-StateMachineUpdater] INFO  ratis.ContainerStateMachine (ContainerStateMachine.java:takeSnapshot(296)) - group-9F1231201A7C: Finished taking a snapshot at:(t:1, i:76) file:/workdir/hadoop-ozone/tools/target/test-dir/MiniOzoneClusterImpl-100cec03-9053-448d-9d5d-862c867472e5/datanode-2/data/ratis/45ae1583-67eb-44e6-9397-9f1231201a7c/sm/snapshot.1_76 time:13
2019-11-14 05:02:51,990 [530753ab-4ab5-4995-8706-b83783b9fb77@group-9F1231201A7C-StateMachineUpdater] INFO  impl.StateMachineUpdater (StateMachineUpdater.java:takeSnapshot(269)) - 530753ab-4ab5-4995-8706-b83783b9fb77@group-9F1231201A7C-StateMachineUpdater: Took a snapshot at index 76
2019-11-14 05:02:51,990 [530753ab-4ab5-4995-8706-b83783b9fb77@group-9F1231201A7C-StateMachineUpdater] INFO  impl.StateMachineUpdater (StateMachineUpdater.java:lambda$new$0(84)) - 530753ab-4ab5-4995-8706-b83783b9fb77@group-9F1231201A7C-StateMachineUpdater: snapshotIndex: updateIncreasingly 76 -> 76
2019-11-14 05:02:51,990 [grpc-default-executor-1] INFO  impl.RaftServerImpl (ServerState.java:close(387)) - 530753ab-4ab5-4995-8706-b83783b9fb77@group-9F1231201A7C: closes. applyIndex: 78
2019-11-14 05:02:51,991 [530753ab-4ab5-4995-8706-b83783b9fb77@group-9F1231201A7C-SegmentedRaftLogWorker] INFO  segmented.SegmentedRaftLogWorker (SegmentedRaftLogWorker.java:run(316)) - 530753ab-4ab5-4995-8706-b83783b9fb77@group-9F1231201A7C-SegmentedRaftLogWorker was interrupted, exiting. There are 0 tasks remaining in the queue.
2019-11-14 05:02:51,993 [grpc-default-executor-1] INFO  segmented.SegmentedRaftLogWorker (SegmentedRaftLogWorker.java:close(224)) - 530753ab-4ab5-4995-8706-b83783b9fb77@group-9F1231201A7C-SegmentedRaftLogWorker close()
2019-11-14 05:02:52,026 [grpc-default-executor-1] INFO  interfaces.Container (KeyValueContainer.java:flushAndSyncDB(400)) - Container 1 is synced with bcsId 60.
2019-11-14 05:02:52,027 [grpc-default-executor-1] INFO  interfaces.Container (KeyValueContainer.java:flushAndSyncDB(400)) - Container 1 is synced with bcsId 60.
2019-11-14 05:02:52,050 [EventQueue-IncrementalContainerReportForIncrementalContainerReportHandler] INFO  container.IncrementalContainerReportHandler (AbstractContainerReportHandler.java:updateContainerState(171)) - Moving container #1 to QUASI_CLOSED state, datanode 530753ab-4ab5-4995-8706-b83783b9fb77{ip: 192.168.157.206, host: trunk-nightly-20191114-k5n9k-339518648, networkLocation: /default-rack, certSerialId: null} reported QUASI_CLOSED replica.
2019-11-14 05:02:52,074 [grpc-default-executor-1] INFO  interfaces.Container (KeyValueContainer.java:flushAndSyncDB(400)) - Container 2 is synced with bcsId 76.
2019-11-14 05:02:52,074 [grpc-default-executor-1] INFO  interfaces.Container (KeyValueContainer.java:flushAndSyncDB(400)) - Container 2 is synced with bcsId 76.
2019-11-14 05:02:52,093 [EventQueue-IncrementalContainerReportForIncrementalContainerReportHandler] INFO  container.IncrementalContainerReportHandler (AbstractContainerReportHandler.java:updateContainerState(171)) - Moving container #2 to QUASI_CLOSED state, datanode 530753ab-4ab5-4995-8706-b83783b9fb77{ip: 192.168.157.206, host: trunk-nightly-20191114-k5n9k-339518648, networkLocation: /default-rack, certSerialId: null} reported QUASI_CLOSED replica.
2019-11-14 05:02:52,122 [grpc-default-executor-1] INFO  interfaces.Container (KeyValueContainer.java:flushAndSyncDB(400)) - Container 3 is synced with bcsId 42.
2019-11-14 05:02:52,122 [grpc-default-executor-1] INFO  interfaces.Container (KeyValueContainer.java:flushAndSyncDB(400)) - Container 3 is synced with bcsId 42.
2019-11-14 05:02:52,129 [EventQueue-IncrementalContainerReportForIncrementalContainerReportHandler] INFO  container.IncrementalContainerReportHandler (AbstractContainerReportHandler.java:updateContainerState(171)) - Moving container #3 to QUASI_CLOSED state, datanode 530753ab-4ab5-4995-8706-b83783b9fb77{ip: 192.168.157.206, host: trunk-nightly-20191114-k5n9k-339518648, networkLocation: /default-rack, certSerialId: null} reported QUASI_CLOSED replica.
2019-11-14 05:02:52,141 [grpc-default-executor-1] INFO  impl.RaftServerProxy (RaftServerProxy.java:remove(95)) - 3afe92fd-7288-4d6b-955e-7c4ea0258921: remove    LEADER 3afe92fd-7288-4d6b-955e-7c4ea0258921@group-9F1231201A7C:t1, leader=3afe92fd-7288-4d6b-955e-7c4ea0258921, voted=3afe92fd-7288-4d6b-955e-7c4ea0258921, raftlog=3afe92fd-7288-4d6b-955e-7c4ea0258921@group-9F1231201A7C-SegmentedRaftLog:OPENED:c78,f78,i78, conf=0: [3afe92fd-7288-4d6b-955e-7c4ea0258921:192.168.157.206:33058, 530753ab-4ab5-4995-8706-b83783b9fb77:192.168.157.206:42733, 4d6b5caf-4e9b-416c-b427-49c0e702c9ae:192.168.157.206:42088], old=null RUNNING
2019-11-14 05:02:52,142 [grpc-default-executor-1] INFO  impl.RaftServerImpl (RaftServerImpl.java:lambda$shutdown$3(250)) - 3afe92fd-7288-4d6b-955e-7c4ea0258921@group-9F1231201A7C: shutdown
2019-11-14 05:02:52,142 [grpc-default-executor-1] INFO  util.JmxRegister (JmxRegister.java:unregister(73)) - Successfully un-registered JMX Bean with object name Ratis:service=RaftServer,group=group-9F1231201A7C,id=3afe92fd-7288-4d6b-955e-7c4ea0258921
2019-11-14 05:02:52,142 [grpc-default-executor-1] INFO  impl.RoleInfo (RoleInfo.java:shutdownLeaderState(104)) - 3afe92fd-7288-4d6b-955e-7c4ea0258921: shutdown LeaderState
2019-11-14 05:02:52,145 [grpc-default-executor-1] INFO  impl.PendingRequests (PendingRequests.java:sendNotLeaderResponses(206)) - 3afe92fd-7288-4d6b-955e-7c4ea0258921@group-9F1231201A7C-PendingRequests: sendNotLeaderResponses
2019-11-14 05:02:52,145 [org.apache.ratis.server.impl.LogAppender$AppenderDaemon$$Lambda$422/2109905349@24c0e0dd] WARN  server.GrpcLogAppender (GrpcLogAppender.java:mayWait(151)) - 3afe92fd-7288-4d6b-955e-7c4ea0258921@group-9F1231201A7C->4d6b5caf-4e9b-416c-b427-49c0e702c9ae-GrpcLogAppender: Wait interrupted by java.lang.InterruptedException
2019-11-14 05:02:52,145 [org.apache.ratis.server.impl.LogAppender$AppenderDaemon$$Lambda$422/2109905349@69abfd7c] WARN  server.GrpcLogAppender (GrpcLogAppender.java:mayWait(151)) - 3afe92fd-7288-4d6b-955e-7c4ea0258921@group-9F1231201A7C->530753ab-4ab5-4995-8706-b83783b9fb77-GrpcLogAppender: Wait interrupted by java.lang.InterruptedException
2019-11-14 05:02:52,152 [grpc-default-executor-1] INFO  impl.StateMachineUpdater (StateMachineUpdater.java:stopAndJoin(136)) - 3afe92fd-7288-4d6b-955e-7c4ea0258921@group-9F1231201A7C-StateMachineUpdater: set stopIndex = 78
2019-11-14 05:02:52,152 [3afe92fd-7288-4d6b-955e-7c4ea0258921@group-9F1231201A7C-StateMachineUpdater] INFO  ratis.ContainerStateMachine (ContainerStateMachine.java:takeSnapshot(285)) - group-9F1231201A7C: Taking a snapshot at:(t:1, i:76) file /workdir/hadoop-ozone/tools/target/test-dir/MiniOzoneClusterImpl-100cec03-9053-448d-9d5d-862c867472e5/datanode-0/data/ratis/45ae1583-67eb-44e6-9397-9f1231201a7c/sm/snapshot.1_76
2019-11-14 05:02:52,152 [grpc-default-executor-2] INFO  server.GrpcServerProtocolService (GrpcServerProtocolService.java:onCompleted(113)) - 530753ab-4ab5-4995-8706-b83783b9fb77: Completed APPEND_ENTRIES, lastRequest: 3afe92fd-7288-4d6b-955e-7c4ea0258921->530753ab-4ab5-4995-8706-b83783b9fb77#81-t1, previous=(t:1, i:78), leaderCommit=78, initializing? false, entries: <empty>
2019-11-14 05:02:52,155 [grpc-default-executor-0] INFO  server.GrpcServerProtocolService (GrpcServerProtocolService.java:onCompleted(113)) - 4d6b5caf-4e9b-416c-b427-49c0e702c9ae: Completed APPEND_ENTRIES, lastRequest: 3afe92fd-7288-4d6b-955e-7c4ea0258921->4d6b5caf-4e9b-416c-b427-49c0e702c9ae#81-t1, previous=(t:1, i:78), leaderCommit=78, initializing? false, entries: <empty>
2019-11-14 05:02:52,157 [grpc-default-executor-0] INFO  server.GrpcLogAppender (GrpcLogAppender.java:onCompleted(308)) - 3afe92fd-7288-4d6b-955e-7c4ea0258921@group-9F1231201A7C->530753ab-4ab5-4995-8706-b83783b9fb77-AppendLogResponseHandler: follower responses appendEntries COMPLETED
2019-11-14 05:02:52,157 [grpc-default-executor-2] INFO  server.GrpcLogAppender (GrpcLogAppender.java:onCompleted(308)) - 3afe92fd-7288-4d6b-955e-7c4ea0258921@group-9F1231201A7C->4d6b5caf-4e9b-416c-b427-49c0e702c9ae-AppendLogResponseHandler: follower responses appendEntries COMPLETED
2019-11-14 05:02:52,160 [3afe92fd-7288-4d6b-955e-7c4ea0258921@group-9F1231201A7C-StateMachineUpdater] INFO  ratis.ContainerStateMachine (ContainerStateMachine.java:takeSnapshot(296)) - group-9F1231201A7C: Finished taking a snapshot at:(t:1, i:76) file:/workdir/hadoop-ozone/tools/target/test-dir/MiniOzoneClusterImpl-100cec03-9053-448d-9d5d-862c867472e5/datanode-0/data/ratis/45ae1583-67eb-44e6-9397-9f1231201a7c/sm/snapshot.1_76 time:8
2019-11-14 05:02:52,160 [3afe92fd-7288-4d6b-955e-7c4ea0258921@group-9F1231201A7C-StateMachineUpdater] INFO  impl.StateMachineUpdater (StateMachineUpdater.java:takeSnapshot(269)) - 3afe92fd-7288-4d6b-955e-7c4ea0258921@group-9F1231201A7C-StateMachineUpdater: Took a snapshot at index 76
2019-11-14 05:02:52,161 [3afe92fd-7288-4d6b-955e-7c4ea0258921@group-9F1231201A7C-StateMachineUpdater] INFO  impl.StateMachineUpdater (StateMachineUpdater.java:lambda$new$0(84)) - 3afe92fd-7288-4d6b-955e-7c4ea0258921@group-9F1231201A7C-StateMachineUpdater: snapshotIndex: updateIncreasingly -1 -> 76
2019-11-14 05:02:52,161 [3afe92fd-7288-4d6b-955e-7c4ea0258921@group-9F1231201A7C-StateMachineUpdater] INFO  ratis.ContainerStateMachine (ContainerStateMachine.java:takeSnapshot(285)) - group-9F1231201A7C: Taking a snapshot at:(t:1, i:76) file /workdir/hadoop-ozone/tools/target/test-dir/MiniOzoneClusterImpl-100cec03-9053-448d-9d5d-862c867472e5/datanode-0/data/ratis/45ae1583-67eb-44e6-9397-9f1231201a7c/sm/snapshot.1_76
2019-11-14 05:02:52,163 [grpc-default-executor-2] INFO  impl.FollowerInfo (FollowerInfo.java:lambda$new$0(51)) - 3afe92fd-7288-4d6b-955e-7c4ea0258921@group-9F1231201A7C->4d6b5caf-4e9b-416c-b427-49c0e702c9ae: nextIndex: updateUnconditionally 79 -> 78
2019-11-14 05:02:52,163 [grpc-default-executor-0] INFO  impl.FollowerInfo (FollowerInfo.java:lambda$new$0(51)) - 3afe92fd-7288-4d6b-955e-7c4ea0258921@group-9F1231201A7C->530753ab-4ab5-4995-8706-b83783b9fb77: nextIndex: updateUnconditionally 79 -> 78
2019-11-14 05:02:52,165 [3afe92fd-7288-4d6b-955e-7c4ea0258921@group-9F1231201A7C-StateMachineUpdater] INFO  ratis.ContainerStateMachine (ContainerStateMachine.java:takeSnapshot(296)) - group-9F1231201A7C: Finished taking a snapshot at:(t:1, i:76) file:/workdir/hadoop-ozone/tools/target/test-dir/MiniOzoneClusterImpl-100cec03-9053-448d-9d5d-862c867472e5/datanode-0/data/ratis/45ae1583-67eb-44e6-9397-9f1231201a7c/sm/snapshot.1_76 time:4
2019-11-14 05:02:52,165 [3afe92fd-7288-4d6b-955e-7c4ea0258921@group-9F1231201A7C-StateMachineUpdater] INFO  impl.StateMachineUpdater (StateMachineUpdater.java:takeSnapshot(269)) - 3afe92fd-7288-4d6b-955e-7c4ea0258921@group-9F1231201A7C-StateMachineUpdater: Took a snapshot at index 76
2019-11-14 05:02:52,165 [3afe92fd-7288-4d6b-955e-7c4ea0258921@group-9F1231201A7C-StateMachineUpdater] INFO  impl.StateMachineUpdater (StateMachineUpdater.java:lambda$new$0(84)) - 3afe92fd-7288-4d6b-955e-7c4ea0258921@group-9F1231201A7C-StateMachineUpdater: snapshotIndex: updateIncreasingly 76 -> 76
2019-11-14 05:02:52,166 [grpc-default-executor-1] INFO  impl.RaftServerImpl (ServerState.java:close(387)) - 3afe92fd-7288-4d6b-955e-7c4ea0258921@group-9F1231201A7C: closes. applyIndex: 78
2019-11-14 05:02:52,166 [3afe92fd-7288-4d6b-955e-7c4ea0258921@group-9F1231201A7C-SegmentedRaftLogWorker] INFO  segmented.SegmentedRaftLogWorker (SegmentedRaftLogWorker.java:run(316)) - 3afe92fd-7288-4d6b-955e-7c4ea0258921@group-9F1231201A7C-SegmentedRaftLogWorker was interrupted, exiting. There are 0 tasks remaining in the queue.
2019-11-14 05:02:52,167 [grpc-default-executor-1] INFO  segmented.SegmentedRaftLogWorker (SegmentedRaftLogWorker.java:close(224)) - 3afe92fd-7288-4d6b-955e-7c4ea0258921@group-9F1231201A7C-SegmentedRaftLogWorker close()
2019-11-14 05:02:52,179 [grpc-default-executor-1] INFO  interfaces.Container (KeyValueContainer.java:flushAndSyncDB(400)) - Container 1 is synced with bcsId 60.
2019-11-14 05:02:52,179 [grpc-default-executor-1] INFO  interfaces.Container (KeyValueContainer.java:flushAndSyncDB(400)) - Container 1 is synced with bcsId 60.
2019-11-14 05:02:52,251 [grpc-default-executor-1] INFO  interfaces.Container (KeyValueContainer.java:flushAndSyncDB(400)) - Container 2 is synced with bcsId 76.
2019-11-14 05:02:52,251 [grpc-default-executor-1] INFO  interfaces.Container (KeyValueContainer.java:flushAndSyncDB(400)) - Container 2 is synced with bcsId 76.
2019-11-14 05:02:52,295 [grpc-default-executor-1] INFO  interfaces.Container (KeyValueContainer.java:flushAndSyncDB(400)) - Container 3 is synced with bcsId 42.
2019-11-14 05:02:52,295 [grpc-default-executor-1] INFO  interfaces.Container (KeyValueContainer.java:flushAndSyncDB(400)) - Container 3 is synced with bcsId 42.
2019-11-14 05:02:52,322 [grpc-default-executor-1] INFO  impl.RaftServerProxy (RaftServerProxy.java:remove(95)) - 4d6b5caf-4e9b-416c-b427-49c0e702c9ae: remove  FOLLOWER 4d6b5caf-4e9b-416c-b427-49c0e702c9ae@group-9F1231201A7C:t1, leader=3afe92fd-7288-4d6b-955e-7c4ea0258921, voted=3afe92fd-7288-4d6b-955e-7c4ea0258921, raftlog=4d6b5caf-4e9b-416c-b427-49c0e702c9ae@group-9F1231201A7C-SegmentedRaftLog:OPENED:c78,f78,i78, conf=0: [3afe92fd-7288-4d6b-955e-7c4ea0258921:192.168.157.206:33058, 530753ab-4ab5-4995-8706-b83783b9fb77:192.168.157.206:42733, 4d6b5caf-4e9b-416c-b427-49c0e702c9ae:192.168.157.206:42088], old=null RUNNING
2019-11-14 05:02:52,322 [grpc-default-executor-1] INFO  impl.RaftServerImpl (RaftServerImpl.java:lambda$shutdown$3(250)) - 4d6b5caf-4e9b-416c-b427-49c0e702c9ae@group-9F1231201A7C: shutdown
2019-11-14 05:02:52,323 [grpc-default-executor-1] INFO  util.JmxRegister (JmxRegister.java:unregister(73)) - Successfully un-registered JMX Bean with object name Ratis:service=RaftServer,group=group-9F1231201A7C,id=4d6b5caf-4e9b-416c-b427-49c0e702c9ae
2019-11-14 05:02:52,323 [grpc-default-executor-1] INFO  impl.RoleInfo (RoleInfo.java:shutdownFollowerState(121)) - 4d6b5caf-4e9b-416c-b427-49c0e702c9ae: shutdown FollowerState
2019-11-14 05:02:52,323 [grpc-default-executor-1] INFO  impl.StateMachineUpdater (StateMachineUpdater.java:stopAndJoin(136)) - 4d6b5caf-4e9b-416c-b427-49c0e702c9ae@group-9F1231201A7C-StateMachineUpdater: set stopIndex = 78
2019-11-14 05:02:52,323 [Thread-229] INFO  impl.FollowerState (FollowerState.java:run(120)) - 4d6b5caf-4e9b-416c-b427-49c0e702c9ae@group-9F1231201A7C-FollowerState was interrupted: java.lang.InterruptedException: sleep interrupted
2019-11-14 05:02:52,323 [4d6b5caf-4e9b-416c-b427-49c0e702c9ae@group-9F1231201A7C-StateMachineUpdater] INFO  ratis.ContainerStateMachine (ContainerStateMachine.java:takeSnapshot(285)) - group-9F1231201A7C: Taking a snapshot at:(t:1, i:76) file /workdir/hadoop-ozone/tools/target/test-dir/MiniOzoneClusterImpl-100cec03-9053-448d-9d5d-862c867472e5/datanode-1/data/ratis/45ae1583-67eb-44e6-9397-9f1231201a7c/sm/snapshot.1_76
2019-11-14 05:02:52,349 [4d6b5caf-4e9b-416c-b427-49c0e702c9ae@group-9F1231201A7C-StateMachineUpdater] INFO  ratis.ContainerStateMachine (ContainerStateMachine.java:takeSnapshot(296)) - group-9F1231201A7C: Finished taking a snapshot at:(t:1, i:76) file:/workdir/hadoop-ozone/tools/target/test-dir/MiniOzoneClusterImpl-100cec03-9053-448d-9d5d-862c867472e5/datanode-1/data/ratis/45ae1583-67eb-44e6-9397-9f1231201a7c/sm/snapshot.1_76 time:25
2019-11-14 05:02:52,349 [4d6b5caf-4e9b-416c-b427-49c0e702c9ae@group-9F1231201A7C-StateMachineUpdater] INFO  impl.StateMachineUpdater (StateMachineUpdater.java:takeSnapshot(269)) - 4d6b5caf-4e9b-416c-b427-49c0e702c9ae@group-9F1231201A7C-StateMachineUpdater: Took a snapshot at index 76
2019-11-14 05:02:52,349 [4d6b5caf-4e9b-416c-b427-49c0e702c9ae@group-9F1231201A7C-StateMachineUpdater] INFO  impl.StateMachineUpdater (StateMachineUpdater.java:lambda$new$0(84)) - 4d6b5caf-4e9b-416c-b427-49c0e702c9ae@group-9F1231201A7C-StateMachineUpdater: snapshotIndex: updateIncreasingly -1 -> 76
2019-11-14 05:02:52,349 [4d6b5caf-4e9b-416c-b427-49c0e702c9ae@group-9F1231201A7C-StateMachineUpdater] INFO  ratis.ContainerStateMachine (ContainerStateMachine.java:takeSnapshot(285)) - group-9F1231201A7C: Taking a snapshot at:(t:1, i:76) file /workdir/hadoop-ozone/tools/target/test-dir/MiniOzoneClusterImpl-100cec03-9053-448d-9d5d-862c867472e5/datanode-1/data/ratis/45ae1583-67eb-44e6-9397-9f1231201a7c/sm/snapshot.1_76
2019-11-14 05:02:52,372 [4d6b5caf-4e9b-416c-b427-49c0e702c9ae@group-9F1231201A7C-StateMachineUpdater] INFO  ratis.ContainerStateMachine (ContainerStateMachine.java:takeSnapshot(296)) - group-9F1231201A7C: Finished taking a snapshot at:(t:1, i:76) file:/workdir/hadoop-ozone/tools/target/test-dir/MiniOzoneClusterImpl-100cec03-9053-448d-9d5d-862c867472e5/datanode-1/data/ratis/45ae1583-67eb-44e6-9397-9f1231201a7c/sm/snapshot.1_76 time:23
2019-11-14 05:02:52,373 [4d6b5caf-4e9b-416c-b427-49c0e702c9ae@group-9F1231201A7C-StateMachineUpdater] INFO  impl.StateMachineUpdater (StateMachineUpdater.java:takeSnapshot(269)) - 4d6b5caf-4e9b-416c-b427-49c0e702c9ae@group-9F1231201A7C-StateMachineUpdater: Took a snapshot at index 76
2019-11-14 05:02:52,373 [4d6b5caf-4e9b-416c-b427-49c0e702c9ae@group-9F1231201A7C-StateMachineUpdater] INFO  impl.StateMachineUpdater (StateMachineUpdater.java:lambda$new$0(84)) - 4d6b5caf-4e9b-416c-b427-49c0e702c9ae@group-9F1231201A7C-StateMachineUpdater: snapshotIndex: updateIncreasingly 76 -> 76
2019-11-14 05:02:52,373 [grpc-default-executor-1] INFO  impl.RaftServerImpl (ServerState.java:close(387)) - 4d6b5caf-4e9b-416c-b427-49c0e702c9ae@group-9F1231201A7C: closes. applyIndex: 78
2019-11-14 05:02:52,374 [4d6b5caf-4e9b-416c-b427-49c0e702c9ae@group-9F1231201A7C-SegmentedRaftLogWorker] INFO  segmented.SegmentedRaftLogWorker (SegmentedRaftLogWorker.java:run(316)) - 4d6b5caf-4e9b-416c-b427-49c0e702c9ae@group-9F1231201A7C-SegmentedRaftLogWorker was interrupted, exiting. There are 0 tasks remaining in the queue.
2019-11-14 05:02:52,375 [grpc-default-executor-1] INFO  segmented.SegmentedRaftLogWorker (SegmentedRaftLogWorker.java:close(224)) - 4d6b5caf-4e9b-416c-b427-49c0e702c9ae@group-9F1231201A7C-SegmentedRaftLogWorker close()
2019-11-14 05:02:52,406 [grpc-default-executor-1] INFO  interfaces.Container (KeyValueContainer.java:flushAndSyncDB(400)) - Container 1 is synced with bcsId 60.
2019-11-14 05:02:52,407 [grpc-default-executor-1] INFO  interfaces.Container (KeyValueContainer.java:flushAndSyncDB(400)) - Container 1 is synced with bcsId 60.
2019-11-14 05:02:52,451 [grpc-default-executor-1] INFO  interfaces.Container (KeyValueContainer.java:flushAndSyncDB(400)) - Container 2 is synced with bcsId 76.
2019-11-14 05:02:52,451 [grpc-default-executor-1] INFO  interfaces.Container (KeyValueContainer.java:flushAndSyncDB(400)) - Container 2 is synced with bcsId 76.
2019-11-14 05:02:52,500 [grpc-default-executor-1] INFO  interfaces.Container (KeyValueContainer.java:flushAndSyncDB(400)) - Container 3 is synced with bcsId 42.
2019-11-14 05:02:52,500 [grpc-default-executor-1] INFO  interfaces.Container (KeyValueContainer.java:flushAndSyncDB(400)) - Container 3 is synced with bcsId 42.
2019-11-14 05:02:52,519 [main] INFO  pipeline.PipelineStateManager (PipelineStateManager.java:removePipeline(106)) - Pipeline Pipeline[ Id: 45ae1583-67eb-44e6-9397-9f1231201a7c, Nodes: 530753ab-4ab5-4995-8706-b83783b9fb77{ip: 192.168.157.206, host: trunk-nightly-20191114-k5n9k-339518648, networkLocation: /default-rack, certSerialId: null}3afe92fd-7288-4d6b-955e-7c4ea0258921{ip: 192.168.157.206, host: trunk-nightly-20191114-k5n9k-339518648, networkLocation: /default-rack, certSerialId: null}4d6b5caf-4e9b-416c-b427-49c0e702c9ae{ip: 192.168.157.206, host: trunk-nightly-20191114-k5n9k-339518648, networkLocation: /default-rack, certSerialId: null}, Type:RATIS, Factor:THREE, State:CLOSED] removed from db
2019-11-14 05:02:52,532 [grpc-default-executor-0] INFO  impl.RaftServerProxy (RaftServerProxy.java:addNew(89)) - 530753ab-4ab5-4995-8706-b83783b9fb77: addNew group-ECDDCCD587E0:[3afe92fd-7288-4d6b-955e-7c4ea0258921:192.168.157.206:33058, 530753ab-4ab5-4995-8706-b83783b9fb77:192.168.157.206:42733, 4d6b5caf-4e9b-416c-b427-49c0e702c9ae:192.168.157.206:42088] returns group-ECDDCCD587E0:java.util.concurrent.CompletableFuture@55869784[Not completed]
2019-11-14 05:02:52,533 [grpc-default-executor-2] INFO  impl.RaftServerProxy (RaftServerProxy.java:addNew(89)) - 4d6b5caf-4e9b-416c-b427-49c0e702c9ae: addNew group-ECDDCCD587E0:[3afe92fd-7288-4d6b-955e-7c4ea0258921:192.168.157.206:33058, 530753ab-4ab5-4995-8706-b83783b9fb77:192.168.157.206:42733, 4d6b5caf-4e9b-416c-b427-49c0e702c9ae:192.168.157.206:42088] returns group-ECDDCCD587E0:java.util.concurrent.CompletableFuture@2dfef94e[Not completed]
2019-11-14 05:02:52,534 [grpc-default-executor-1] INFO  impl.RaftServerProxy (RaftServerProxy.java:addNew(89)) - 3afe92fd-7288-4d6b-955e-7c4ea0258921: addNew group-ECDDCCD587E0:[3afe92fd-7288-4d6b-955e-7c4ea0258921:192.168.157.206:33058, 530753ab-4ab5-4995-8706-b83783b9fb77:192.168.157.206:42733, 4d6b5caf-4e9b-416c-b427-49c0e702c9ae:192.168.157.206:42088] returns group-ECDDCCD587E0:java.util.concurrent.CompletableFuture@3173fcca[Not completed]
2019-11-14 05:02:52,538 [pool-37-thread-1] INFO  impl.RaftServerImpl (RaftServerImpl.java:<init>(98)) - 4d6b5caf-4e9b-416c-b427-49c0e702c9ae: new RaftServerImpl for group-ECDDCCD587E0:[3afe92fd-7288-4d6b-955e-7c4ea0258921:192.168.157.206:33058, 530753ab-4ab5-4995-8706-b83783b9fb77:192.168.157.206:42733, 4d6b5caf-4e9b-416c-b427-49c0e702c9ae:192.168.157.206:42088] with ContainerStateMachine:uninitialized
2019-11-14 05:02:52,538 [pool-37-thread-1] INFO  server.RaftServerConfigKeys (ConfUtils.java:logGet(43)) - raft.server.rpc.timeout.min = 5s (custom)
2019-11-14 05:02:52,538 [pool-37-thread-1] INFO  server.RaftServerConfigKeys (ConfUtils.java:logGet(43)) - raft.server.rpc.timeout.max = 5200ms (custom)
2019-11-14 05:02:52,538 [pool-37-thread-1] INFO  server.RaftServerConfigKeys (ConfUtils.java:logGet(43)) - raft.server.rpcslowness.timeout = 120s (custom)
2019-11-14 05:02:52,538 [pool-37-thread-1] INFO  server.RaftServerConfigKeys (ConfUtils.java:logGet(43)) - raft.server.sleep.deviation.threshold = 300 (default)
2019-11-14 05:02:52,539 [pool-37-thread-1] INFO  server.RaftServerConfigKeys (ConfUtils.java:logGet(43)) - raft.server.log.appender.install.snapshot.enabled = false (custom)
2019-11-14 05:02:52,539 [pool-37-thread-1] INFO  impl.RaftServerImpl (ServerState.java:<init>(103)) - 4d6b5caf-4e9b-416c-b427-49c0e702c9ae@group-ECDDCCD587E0: ConfigurationManager, init=-1: [3afe92fd-7288-4d6b-955e-7c4ea0258921:192.168.157.206:33058, 530753ab-4ab5-4995-8706-b83783b9fb77:192.168.157.206:42733, 4d6b5caf-4e9b-416c-b427-49c0e702c9ae:192.168.157.206:42088], old=null, confs=<EMPTY_MAP>
2019-11-14 05:02:52,539 [pool-37-thread-1] INFO  server.RaftServerConfigKeys (ConfUtils.java:logGet(43)) - raft.server.storage.dir = [/workdir/hadoop-ozone/tools/target/test-dir/MiniOzoneClusterImpl-100cec03-9053-448d-9d5d-862c867472e5/datanode-1/data/ratis] (custom)
2019-11-14 05:02:52,540 [pool-27-thread-1] INFO  impl.RaftServerImpl (RaftServerImpl.java:<init>(98)) - 3afe92fd-7288-4d6b-955e-7c4ea0258921: new RaftServerImpl for group-ECDDCCD587E0:[3afe92fd-7288-4d6b-955e-7c4ea0258921:192.168.157.206:33058, 530753ab-4ab5-4995-8706-b83783b9fb77:192.168.157.206:42733, 4d6b5caf-4e9b-416c-b427-49c0e702c9ae:192.168.157.206:42088] with ContainerStateMachine:uninitialized
2019-11-14 05:02:52,540 [pool-37-thread-1] INFO  server.RaftServerConfigKeys (ConfUtils.java:logGet(43)) - raft.server.log.corruption.policy = EXCEPTION (default)
2019-11-14 05:02:52,540 [pool-27-thread-1] INFO  server.RaftServerConfigKeys (ConfUtils.java:logGet(43)) - raft.server.rpc.timeout.min = 5s (custom)
2019-11-14 05:02:52,540 [pool-37-thread-1] INFO  storage.RaftStorageDirectory (RaftStorageDirectory.java:analyzeStorage(246)) - The storage directory /workdir/hadoop-ozone/tools/target/test-dir/MiniOzoneClusterImpl-100cec03-9053-448d-9d5d-862c867472e5/datanode-1/data/ratis/119dbc92-26df-40f0-b869-ecddccd587e0 does not exist. Creating ...
2019-11-14 05:02:52,540 [pool-27-thread-1] INFO  server.RaftServerConfigKeys (ConfUtils.java:logGet(43)) - raft.server.rpc.timeout.max = 5200ms (custom)
2019-11-14 05:02:52,541 [pool-27-thread-1] INFO  server.RaftServerConfigKeys (ConfUtils.java:logGet(43)) - raft.server.rpcslowness.timeout = 120s (custom)
2019-11-14 05:02:52,541 [pool-27-thread-1] INFO  server.RaftServerConfigKeys (ConfUtils.java:logGet(43)) - raft.server.sleep.deviation.threshold = 300 (default)
2019-11-14 05:02:52,541 [pool-27-thread-1] INFO  server.RaftServerConfigKeys (ConfUtils.java:logGet(43)) - raft.server.log.appender.install.snapshot.enabled = false (custom)
2019-11-14 05:02:52,541 [pool-27-thread-1] INFO  impl.RaftServerImpl (ServerState.java:<init>(103)) - 3afe92fd-7288-4d6b-955e-7c4ea0258921@group-ECDDCCD587E0: ConfigurationManager, init=-1: [3afe92fd-7288-4d6b-955e-7c4ea0258921:192.168.157.206:33058, 530753ab-4ab5-4995-8706-b83783b9fb77:192.168.157.206:42733, 4d6b5caf-4e9b-416c-b427-49c0e702c9ae:192.168.157.206:42088], old=null, confs=<EMPTY_MAP>
2019-11-14 05:02:52,542 [pool-27-thread-1] INFO  server.RaftServerConfigKeys (ConfUtils.java:logGet(43)) - raft.server.storage.dir = [/workdir/hadoop-ozone/tools/target/test-dir/MiniOzoneClusterImpl-100cec03-9053-448d-9d5d-862c867472e5/datanode-0/data/ratis] (custom)
2019-11-14 05:02:52,542 [pool-47-thread-1] INFO  impl.RaftServerImpl (RaftServerImpl.java:<init>(98)) - 530753ab-4ab5-4995-8706-b83783b9fb77: new RaftServerImpl for group-ECDDCCD587E0:[3afe92fd-7288-4d6b-955e-7c4ea0258921:192.168.157.206:33058, 530753ab-4ab5-4995-8706-b83783b9fb77:192.168.157.206:42733, 4d6b5caf-4e9b-416c-b427-49c0e702c9ae:192.168.157.206:42088] with ContainerStateMachine:uninitialized
2019-11-14 05:02:52,542 [pool-27-thread-1] INFO  server.RaftServerConfigKeys (ConfUtils.java:logGet(43)) - raft.server.log.corruption.policy = EXCEPTION (default)
2019-11-14 05:02:52,542 [pool-47-thread-1] INFO  server.RaftServerConfigKeys (ConfUtils.java:logGet(43)) - raft.server.rpc.timeout.min = 5s (custom)
2019-11-14 05:02:52,542 [pool-27-thread-1] INFO  storage.RaftStorageDirectory (RaftStorageDirectory.java:analyzeStorage(246)) - The storage directory /workdir/hadoop-ozone/tools/target/test-dir/MiniOzoneClusterImpl-100cec03-9053-448d-9d5d-862c867472e5/datanode-0/data/ratis/119dbc92-26df-40f0-b869-ecddccd587e0 does not exist. Creating ...
2019-11-14 05:02:52,542 [pool-47-thread-1] INFO  server.RaftServerConfigKeys (ConfUtils.java:logGet(43)) - raft.server.rpc.timeout.max = 5200ms (custom)
2019-11-14 05:02:52,543 [pool-47-thread-1] INFO  server.RaftServerConfigKeys (ConfUtils.java:logGet(43)) - raft.server.rpcslowness.timeout = 120s (custom)
2019-11-14 05:02:52,543 [pool-47-thread-1] INFO  server.RaftServerConfigKeys (ConfUtils.java:logGet(43)) - raft.server.sleep.deviation.threshold = 300 (default)
2019-11-14 05:02:52,543 [pool-47-thread-1] INFO  server.RaftServerConfigKeys (ConfUtils.java:logGet(43)) - raft.server.log.appender.install.snapshot.enabled = false (custom)
2019-11-14 05:02:52,543 [pool-47-thread-1] INFO  impl.RaftServerImpl (ServerState.java:<init>(103)) - 530753ab-4ab5-4995-8706-b83783b9fb77@group-ECDDCCD587E0: ConfigurationManager, init=-1: [3afe92fd-7288-4d6b-955e-7c4ea0258921:192.168.157.206:33058, 530753ab-4ab5-4995-8706-b83783b9fb77:192.168.157.206:42733, 4d6b5caf-4e9b-416c-b427-49c0e702c9ae:192.168.157.206:42088], old=null, confs=<EMPTY_MAP>
2019-11-14 05:02:52,543 [pool-47-thread-1] INFO  server.RaftServerConfigKeys (ConfUtils.java:logGet(43)) - raft.server.storage.dir = [/workdir/hadoop-ozone/tools/target/test-dir/MiniOzoneClusterImpl-100cec03-9053-448d-9d5d-862c867472e5/datanode-2/data/ratis] (custom)
2019-11-14 05:02:52,544 [pool-47-thread-1] INFO  server.RaftServerConfigKeys (ConfUtils.java:logGet(43)) - raft.server.log.corruption.policy = EXCEPTION (default)
2019-11-14 05:02:52,544 [pool-47-thread-1] INFO  storage.RaftStorageDirectory (RaftStorageDirectory.java:analyzeStorage(246)) - The storage directory /workdir/hadoop-ozone/tools/target/test-dir/MiniOzoneClusterImpl-100cec03-9053-448d-9d5d-862c867472e5/datanode-2/data/ratis/119dbc92-26df-40f0-b869-ecddccd587e0 does not exist. Creating ...
2019-11-14 05:02:52,565 [pool-47-thread-1] INFO  storage.RaftStorageDirectory (RaftStorageDirectory.java:tryLock(328)) - Lock on /workdir/hadoop-ozone/tools/target/test-dir/MiniOzoneClusterImpl-100cec03-9053-448d-9d5d-862c867472e5/datanode-2/data/ratis/119dbc92-26df-40f0-b869-ecddccd587e0/in_use.lock acquired by nodename 30844@trunk-nightly-20191114-k5n9k-339518648
2019-11-14 05:02:52,565 [pool-37-thread-1] INFO  storage.RaftStorageDirectory (RaftStorageDirectory.java:tryLock(328)) - Lock on /workdir/hadoop-ozone/tools/target/test-dir/MiniOzoneClusterImpl-100cec03-9053-448d-9d5d-862c867472e5/datanode-1/data/ratis/119dbc92-26df-40f0-b869-ecddccd587e0/in_use.lock acquired by nodename 30844@trunk-nightly-20191114-k5n9k-339518648
2019-11-14 05:02:52,565 [pool-27-thread-1] INFO  storage.RaftStorageDirectory (RaftStorageDirectory.java:tryLock(328)) - Lock on /workdir/hadoop-ozone/tools/target/test-dir/MiniOzoneClusterImpl-100cec03-9053-448d-9d5d-862c867472e5/datanode-0/data/ratis/119dbc92-26df-40f0-b869-ecddccd587e0/in_use.lock acquired by nodename 30844@trunk-nightly-20191114-k5n9k-339518648
2019-11-14 05:02:52,589 [pool-47-thread-1] INFO  storage.RaftStorage (RaftStorage.java:format(84)) - Storage directory /workdir/hadoop-ozone/tools/target/test-dir/MiniOzoneClusterImpl-100cec03-9053-448d-9d5d-862c867472e5/datanode-2/data/ratis/119dbc92-26df-40f0-b869-ecddccd587e0 has been successfully formatted.
2019-11-14 05:02:52,589 [pool-37-thread-1] INFO  storage.RaftStorage (RaftStorage.java:format(84)) - Storage directory /workdir/hadoop-ozone/tools/target/test-dir/MiniOzoneClusterImpl-100cec03-9053-448d-9d5d-862c867472e5/datanode-1/data/ratis/119dbc92-26df-40f0-b869-ecddccd587e0 has been successfully formatted.
2019-11-14 05:02:52,589 [pool-27-thread-1] INFO  storage.RaftStorage (RaftStorage.java:format(84)) - Storage directory /workdir/hadoop-ozone/tools/target/test-dir/MiniOzoneClusterImpl-100cec03-9053-448d-9d5d-862c867472e5/datanode-0/data/ratis/119dbc92-26df-40f0-b869-ecddccd587e0 has been successfully formatted.
2019-11-14 05:02:52,589 [pool-37-thread-1] INFO  ratis.ContainerStateMachine (ContainerStateMachine.java:loadSnapshot(223)) - group-ECDDCCD587E0: The snapshot info is null. Setting the last applied indexto:(t:0, i:~)
2019-11-14 05:02:52,589 [pool-47-thread-1] INFO  ratis.ContainerStateMachine (ContainerStateMachine.java:loadSnapshot(223)) - group-ECDDCCD587E0: The snapshot info is null. Setting the last applied indexto:(t:0, i:~)
2019-11-14 05:02:52,590 [pool-37-thread-1] INFO  server.RaftServerConfigKeys (ConfUtils.java:logGet(43)) - raft.server.notification.no-leader.timeout = 120s (custom)
2019-11-14 05:02:52,590 [pool-27-thread-1] INFO  ratis.ContainerStateMachine (ContainerStateMachine.java:loadSnapshot(223)) - group-ECDDCCD587E0: The snapshot info is null. Setting the last applied indexto:(t:0, i:~)
2019-11-14 05:02:52,590 [pool-37-thread-1] INFO  server.RaftServerConfigKeys (ConfUtils.java:logGet(43)) - raft.server.log.use.memory = false (default)
2019-11-14 05:02:52,590 [pool-47-thread-1] INFO  server.RaftServerConfigKeys (ConfUtils.java:logGet(43)) - raft.server.notification.no-leader.timeout = 120s (custom)
2019-11-14 05:02:52,590 [pool-37-thread-1] INFO  server.RaftServerConfigKeys (ConfUtils.java:logGet(43)) - raft.server.log.purge.gap = 1000000 (custom)
2019-11-14 05:02:52,590 [pool-27-thread-1] INFO  server.RaftServerConfigKeys (ConfUtils.java:logGet(43)) - raft.server.notification.no-leader.timeout = 120s (custom)
2019-11-14 05:02:52,591 [pool-37-thread-1] INFO  server.RaftServerConfigKeys (ConfUtils.java:logGet(43)) - raft.server.log.appender.buffer.byte-limit = 33554432 (custom)
2019-11-14 05:02:52,591 [pool-47-thread-1] INFO  server.RaftServerConfigKeys (ConfUtils.java:logGet(43)) - raft.server.log.use.memory = false (default)
2019-11-14 05:02:52,591 [pool-37-thread-1] INFO  server.RaftServerConfigKeys (ConfUtils.java:logGet(43)) - raft.server.log.segment.size.max = 1048576 (custom)
2019-11-14 05:02:52,591 [pool-27-thread-1] INFO  server.RaftServerConfigKeys (ConfUtils.java:logGet(43)) - raft.server.log.use.memory = false (default)
2019-11-14 05:02:52,591 [pool-37-thread-1] INFO  server.RaftServerConfigKeys (ConfUtils.java:logGet(43)) - raft.server.log.segment.cache.num.max = 2 (custom)
2019-11-14 05:02:52,591 [pool-47-thread-1] INFO  server.RaftServerConfigKeys (ConfUtils.java:logGet(43)) - raft.server.log.purge.gap = 1000000 (custom)
2019-11-14 05:02:52,592 [pool-37-thread-1] INFO  segmented.SegmentedRaftLogWorker (SegmentedRaftLogWorker.java:<init>(173)) - new 4d6b5caf-4e9b-416c-b427-49c0e702c9ae@group-ECDDCCD587E0-SegmentedRaftLogWorker for RaftStorage:Storage Directory /workdir/hadoop-ozone/tools/target/test-dir/MiniOzoneClusterImpl-100cec03-9053-448d-9d5d-862c867472e5/datanode-1/data/ratis/119dbc92-26df-40f0-b869-ecddccd587e0
2019-11-14 05:02:52,592 [pool-27-thread-1] INFO  server.RaftServerConfigKeys (ConfUtils.java:logGet(43)) - raft.server.log.purge.gap = 1000000 (custom)
2019-11-14 05:02:52,592 [pool-37-thread-1] INFO  server.RaftServerConfigKeys (ConfUtils.java:logGet(43)) - raft.server.log.queue.byte-limit = 2147483647 (custom)
2019-11-14 05:02:52,592 [pool-47-thread-1] INFO  server.RaftServerConfigKeys (ConfUtils.java:logGet(43)) - raft.server.log.appender.buffer.byte-limit = 33554432 (custom)
2019-11-14 05:02:52,592 [pool-37-thread-1] INFO  server.RaftServerConfigKeys (ConfUtils.java:logGet(43)) - raft.server.log.queue.element-limit = 1024 (custom)
2019-11-14 05:02:52,592 [pool-27-thread-1] INFO  server.RaftServerConfigKeys (ConfUtils.java:logGet(43)) - raft.server.log.appender.buffer.byte-limit = 33554432 (custom)
2019-11-14 05:02:52,593 [pool-37-thread-1] INFO  server.RaftServerConfigKeys (ConfUtils.java:logGet(43)) - raft.server.log.segment.size.max = 1048576 (custom)
2019-11-14 05:02:52,593 [pool-47-thread-1] INFO  server.RaftServerConfigKeys (ConfUtils.java:logGet(43)) - raft.server.log.segment.size.max = 1048576 (custom)
2019-11-14 05:02:52,593 [pool-37-thread-1] INFO  server.RaftServerConfigKeys (ConfUtils.java:logGet(43)) - raft.server.log.preallocated.size = 16384 (custom)
2019-11-14 05:02:52,593 [pool-27-thread-1] INFO  server.RaftServerConfigKeys (ConfUtils.java:logGet(43)) - raft.server.log.segment.size.max = 1048576 (custom)
2019-11-14 05:02:52,594 [pool-37-thread-1] INFO  server.RaftServerConfigKeys (ConfUtils.java:logGet(43)) - raft.server.log.write.buffer.size = 33554432 (custom)
2019-11-14 05:02:52,593 [pool-47-thread-1] INFO  server.RaftServerConfigKeys (ConfUtils.java:logGet(43)) - raft.server.log.segment.cache.num.max = 2 (custom)
2019-11-14 05:02:52,594 [pool-37-thread-1] INFO  server.RaftServerConfigKeys (ConfUtils.java:logGet(43)) - raft.server.log.force.sync.num = 128 (default)
2019-11-14 05:02:52,594 [pool-27-thread-1] INFO  server.RaftServerConfigKeys (ConfUtils.java:logGet(43)) - raft.server.log.segment.cache.num.max = 2 (custom)
2019-11-14 05:02:52,594 [pool-37-thread-1] INFO  server.RaftServerConfigKeys (ConfUtils.java:logGet(43)) - raft.server.log.statemachine.data.sync = true (default)
2019-11-14 05:02:52,594 [pool-47-thread-1] INFO  segmented.SegmentedRaftLogWorker (SegmentedRaftLogWorker.java:<init>(173)) - new 530753ab-4ab5-4995-8706-b83783b9fb77@group-ECDDCCD587E0-SegmentedRaftLogWorker for RaftStorage:Storage Directory /workdir/hadoop-ozone/tools/target/test-dir/MiniOzoneClusterImpl-100cec03-9053-448d-9d5d-862c867472e5/datanode-2/data/ratis/119dbc92-26df-40f0-b869-ecddccd587e0
2019-11-14 05:02:52,595 [pool-37-thread-1] INFO  server.RaftServerConfigKeys (ConfUtils.java:logGet(43)) - raft.server.log.statemachine.data.sync.timeout = 10s (default)
2019-11-14 05:02:52,594 [pool-27-thread-1] INFO  segmented.SegmentedRaftLogWorker (SegmentedRaftLogWorker.java:<init>(173)) - new 3afe92fd-7288-4d6b-955e-7c4ea0258921@group-ECDDCCD587E0-SegmentedRaftLogWorker for RaftStorage:Storage Directory /workdir/hadoop-ozone/tools/target/test-dir/MiniOzoneClusterImpl-100cec03-9053-448d-9d5d-862c867472e5/datanode-0/data/ratis/119dbc92-26df-40f0-b869-ecddccd587e0
2019-11-14 05:02:52,595 [pool-37-thread-1] INFO  server.RaftServerConfigKeys (ConfUtils.java:logGet(43)) - raft.server.log.statemachine.data.sync.timeout.retry = -1 (default)
2019-11-14 05:02:52,595 [pool-47-thread-1] INFO  server.RaftServerConfigKeys (ConfUtils.java:logGet(43)) - raft.server.log.queue.byte-limit = 2147483647 (custom)
2019-11-14 05:02:52,595 [pool-27-thread-1] INFO  server.RaftServerConfigKeys (ConfUtils.java:logGet(43)) - raft.server.log.queue.byte-limit = 2147483647 (custom)
2019-11-14 05:02:52,596 [pool-47-thread-1] INFO  server.RaftServerConfigKeys (ConfUtils.java:logGet(43)) - raft.server.log.queue.element-limit = 1024 (custom)
2019-11-14 05:02:52,595 [pool-37-thread-1] INFO  server.RaftServerConfigKeys (ConfUtils.java:logGet(43)) - raft.server.log.statemachine.data.caching.enabled = true (custom)
2019-11-14 05:02:52,596 [pool-47-thread-1] INFO  server.RaftServerConfigKeys (ConfUtils.java:logGet(43)) - raft.server.log.segment.size.max = 1048576 (custom)
2019-11-14 05:02:52,596 [pool-27-thread-1] INFO  server.RaftServerConfigKeys (ConfUtils.java:logGet(43)) - raft.server.log.queue.element-limit = 1024 (custom)
2019-11-14 05:02:52,596 [pool-37-thread-1] INFO  segmented.SegmentedRaftLogWorker (SegmentedRaftLogWorker.java:lambda$new$0(128)) - 4d6b5caf-4e9b-416c-b427-49c0e702c9ae@group-ECDDCCD587E0-SegmentedRaftLogWorker: flushIndex: setUnconditionally 0 -> -1
2019-11-14 05:02:52,596 [pool-47-thread-1] INFO  server.RaftServerConfigKeys (ConfUtils.java:logGet(43)) - raft.server.log.preallocated.size = 16384 (custom)
2019-11-14 05:02:52,596 [pool-27-thread-1] INFO  server.RaftServerConfigKeys (ConfUtils.java:logGet(43)) - raft.server.log.segment.size.max = 1048576 (custom)
2019-11-14 05:02:52,597 [pool-47-thread-1] INFO  server.RaftServerConfigKeys (ConfUtils.java:logGet(43)) - raft.server.log.write.buffer.size = 33554432 (custom)
2019-11-14 05:02:52,597 [pool-37-thread-1] INFO  server.RaftServerConfigKeys (ConfUtils.java:logGet(43)) - raft.server.snapshot.auto.trigger.enabled = true (custom)
2019-11-14 05:02:52,597 [pool-47-thread-1] INFO  server.RaftServerConfigKeys (ConfUtils.java:logGet(43)) - raft.server.log.force.sync.num = 128 (default)
2019-11-14 05:02:52,597 [pool-27-thread-1] INFO  server.RaftServerConfigKeys (ConfUtils.java:logGet(43)) - raft.server.log.preallocated.size = 16384 (custom)
2019-11-14 05:02:52,598 [pool-47-thread-1] INFO  server.RaftServerConfigKeys (ConfUtils.java:logGet(43)) - raft.server.log.statemachine.data.sync = true (default)
2019-11-14 05:02:52,597 [pool-37-thread-1] INFO  server.RaftServerConfigKeys (ConfUtils.java:logGet(43)) - raft.server.snapshot.auto.trigger.threshold = 10000 (custom)
2019-11-14 05:02:52,598 [pool-47-thread-1] INFO  server.RaftServerConfigKeys (ConfUtils.java:logGet(43)) - raft.server.log.statemachine.data.sync.timeout = 10s (default)
2019-11-14 05:02:52,598 [pool-27-thread-1] INFO  server.RaftServerConfigKeys (ConfUtils.java:logGet(43)) - raft.server.log.write.buffer.size = 33554432 (custom)
2019-11-14 05:02:52,598 [pool-47-thread-1] INFO  server.RaftServerConfigKeys (ConfUtils.java:logGet(43)) - raft.server.log.statemachine.data.sync.timeout.retry = -1 (default)
2019-11-14 05:02:52,598 [pool-37-thread-1] INFO  server.RaftServerConfigKeys (ConfUtils.java:logGet(43)) - raft.server.snapshot.retention.file.num = 5 (custom)
2019-11-14 05:02:52,599 [pool-47-thread-1] INFO  server.RaftServerConfigKeys (ConfUtils.java:logGet(43)) - raft.server.log.statemachine.data.caching.enabled = true (custom)
2019-11-14 05:02:52,599 [pool-27-thread-1] INFO  server.RaftServerConfigKeys (ConfUtils.java:logGet(43)) - raft.server.log.force.sync.num = 128 (default)
2019-11-14 05:02:52,599 [pool-37-thread-1] INFO  server.RaftServerConfigKeys (ConfUtils.java:logGet(43)) - raft.server.retrycache.expirytime = 600000ms (custom)
2019-11-14 05:02:52,599 [pool-47-thread-1] INFO  segmented.SegmentedRaftLogWorker (SegmentedRaftLogWorker.java:lambda$new$0(128)) - 530753ab-4ab5-4995-8706-b83783b9fb77@group-ECDDCCD587E0-SegmentedRaftLogWorker: flushIndex: setUnconditionally 0 -> -1
2019-11-14 05:02:52,599 [pool-27-thread-1] INFO  server.RaftServerConfigKeys (ConfUtils.java:logGet(43)) - raft.server.log.statemachine.data.sync = true (default)
2019-11-14 05:02:52,600 [pool-37-thread-1] WARN  impl.MetricRegistriesImpl (MetricRegistriesImpl.java:lambda$create$1(61)) - First MetricRegistry has been created without registering reporters. You may need to call MetricRegistries.global().addReportRegistration(...) before.
2019-11-14 05:02:52,600 [pool-27-thread-1] INFO  server.RaftServerConfigKeys (ConfUtils.java:logGet(43)) - raft.server.log.statemachine.data.sync.timeout = 10s (default)
2019-11-14 05:02:52,600 [pool-47-thread-1] INFO  server.RaftServerConfigKeys (ConfUtils.java:logGet(43)) - raft.server.snapshot.auto.trigger.enabled = true (custom)
2019-11-14 05:02:52,600 [pool-27-thread-1] INFO  server.RaftServerConfigKeys (ConfUtils.java:logGet(43)) - raft.server.log.statemachine.data.sync.timeout.retry = -1 (default)
2019-11-14 05:02:52,600 [pool-37-thread-1] WARN  impl.MetricRegistriesImpl (MetricRegistriesImpl.java:lambda$create$1(61)) - First MetricRegistry has been created without registering reporters. You may need to call MetricRegistries.global().addReportRegistration(...) before.
2019-11-14 05:02:52,601 [pool-27-thread-1] INFO  server.RaftServerConfigKeys (ConfUtils.java:logGet(43)) - raft.server.log.statemachine.data.caching.enabled = true (custom)
2019-11-14 05:02:52,600 [pool-47-thread-1] INFO  server.RaftServerConfigKeys (ConfUtils.java:logGet(43)) - raft.server.snapshot.auto.trigger.threshold = 10000 (custom)
2019-11-14 05:02:52,601 [pool-37-thread-1] INFO  impl.RaftServerImpl (RaftServerImpl.java:start(184)) - 4d6b5caf-4e9b-416c-b427-49c0e702c9ae@group-ECDDCCD587E0: start as a follower, conf=-1: [3afe92fd-7288-4d6b-955e-7c4ea0258921:192.168.157.206:33058, 530753ab-4ab5-4995-8706-b83783b9fb77:192.168.157.206:42733, 4d6b5caf-4e9b-416c-b427-49c0e702c9ae:192.168.157.206:42088], old=null
2019-11-14 05:02:52,601 [pool-27-thread-1] INFO  segmented.SegmentedRaftLogWorker (SegmentedRaftLogWorker.java:lambda$new$0(128)) - 3afe92fd-7288-4d6b-955e-7c4ea0258921@group-ECDDCCD587E0-SegmentedRaftLogWorker: flushIndex: setUnconditionally 0 -> -1
2019-11-14 05:02:52,601 [pool-47-thread-1] INFO  server.RaftServerConfigKeys (ConfUtils.java:logGet(43)) - raft.server.snapshot.retention.file.num = 5 (custom)
2019-11-14 05:02:52,601 [pool-37-thread-1] INFO  impl.RaftServerImpl (RaftServerImpl.java:setRole(173)) - 4d6b5caf-4e9b-416c-b427-49c0e702c9ae@group-ECDDCCD587E0: changes role from      null to FOLLOWER at term 0 for startAsFollower
2019-11-14 05:02:52,601 [pool-27-thread-1] INFO  server.RaftServerConfigKeys (ConfUtils.java:logGet(43)) - raft.server.snapshot.auto.trigger.enabled = true (custom)
2019-11-14 05:02:52,602 [pool-37-thread-1] INFO  impl.RoleInfo (RoleInfo.java:updateAndGet(143)) - 4d6b5caf-4e9b-416c-b427-49c0e702c9ae: start FollowerState
2019-11-14 05:02:52,602 [pool-47-thread-1] INFO  server.RaftServerConfigKeys (ConfUtils.java:logGet(43)) - raft.server.retrycache.expirytime = 600000ms (custom)
2019-11-14 05:02:52,602 [pool-27-thread-1] INFO  server.RaftServerConfigKeys (ConfUtils.java:logGet(43)) - raft.server.snapshot.auto.trigger.threshold = 10000 (custom)
2019-11-14 05:02:52,602 [pool-47-thread-1] WARN  impl.MetricRegistriesImpl (MetricRegistriesImpl.java:lambda$create$1(61)) - First MetricRegistry has been created without registering reporters. You may need to call MetricRegistries.global().addReportRegistration(...) before.
2019-11-14 05:02:52,602 [pool-37-thread-1] INFO  util.JmxRegister (JmxRegister.java:tryRegister(44)) - Successfully registered JMX Bean with object name Ratis:service=RaftServer,group=group-ECDDCCD587E0,id=4d6b5caf-4e9b-416c-b427-49c0e702c9ae
2019-11-14 05:02:52,602 [pool-27-thread-1] INFO  server.RaftServerConfigKeys (ConfUtils.java:logGet(43)) - raft.server.snapshot.retention.file.num = 5 (custom)
2019-11-14 05:02:52,604 [pool-37-thread-1] WARN  impl.MetricRegistriesImpl (MetricRegistriesImpl.java:lambda$create$1(61)) - First MetricRegistry has been created without registering reporters. You may need to call MetricRegistries.global().addReportRegistration(...) before.
2019-11-14 05:02:52,602 [pool-47-thread-1] WARN  impl.MetricRegistriesImpl (MetricRegistriesImpl.java:lambda$create$1(61)) - First MetricRegistry has been created without registering reporters. You may need to call MetricRegistries.global().addReportRegistration(...) before.
2019-11-14 05:02:52,604 [pool-27-thread-1] INFO  server.RaftServerConfigKeys (ConfUtils.java:logGet(43)) - raft.server.retrycache.expirytime = 600000ms (custom)
2019-11-14 05:02:52,604 [pool-47-thread-1] INFO  impl.RaftServerImpl (RaftServerImpl.java:start(184)) - 530753ab-4ab5-4995-8706-b83783b9fb77@group-ECDDCCD587E0: start as a follower, conf=-1: [3afe92fd-7288-4d6b-955e-7c4ea0258921:192.168.157.206:33058, 530753ab-4ab5-4995-8706-b83783b9fb77:192.168.157.206:42733, 4d6b5caf-4e9b-416c-b427-49c0e702c9ae:192.168.157.206:42088], old=null
2019-11-14 05:02:52,604 [pool-27-thread-1] WARN  impl.MetricRegistriesImpl (MetricRegistriesImpl.java:lambda$create$1(61)) - First MetricRegistry has been created without registering reporters. You may need to call MetricRegistries.global().addReportRegistration(...) before.
2019-11-14 05:02:52,604 [pool-47-thread-1] INFO  impl.RaftServerImpl (RaftServerImpl.java:setRole(173)) - 530753ab-4ab5-4995-8706-b83783b9fb77@group-ECDDCCD587E0: changes role from      null to FOLLOWER at term 0 for startAsFollower
2019-11-14 05:02:52,605 [pool-27-thread-1] WARN  impl.MetricRegistriesImpl (MetricRegistriesImpl.java:lambda$create$1(61)) - First MetricRegistry has been created without registering reporters. You may need to call MetricRegistries.global().addReportRegistration(...) before.
2019-11-14 05:02:52,605 [pool-47-thread-1] INFO  impl.RoleInfo (RoleInfo.java:updateAndGet(143)) - 530753ab-4ab5-4995-8706-b83783b9fb77: start FollowerState
2019-11-14 05:02:52,605 [pool-27-thread-1] INFO  impl.RaftServerImpl (RaftServerImpl.java:start(184)) - 3afe92fd-7288-4d6b-955e-7c4ea0258921@group-ECDDCCD587E0: start as a follower, conf=-1: [3afe92fd-7288-4d6b-955e-7c4ea0258921:192.168.157.206:33058, 530753ab-4ab5-4995-8706-b83783b9fb77:192.168.157.206:42733, 4d6b5caf-4e9b-416c-b427-49c0e702c9ae:192.168.157.206:42088], old=null
2019-11-14 05:02:52,606 [pool-27-thread-1] INFO  impl.RaftServerImpl (RaftServerImpl.java:setRole(173)) - 3afe92fd-7288-4d6b-955e-7c4ea0258921@group-ECDDCCD587E0: changes role from      null to FOLLOWER at term 0 for startAsFollower
2019-11-14 05:02:52,606 [pool-47-thread-1] INFO  util.JmxRegister (JmxRegister.java:tryRegister(44)) - Successfully registered JMX Bean with object name Ratis:service=RaftServer,group=group-ECDDCCD587E0,id=530753ab-4ab5-4995-8706-b83783b9fb77
2019-11-14 05:02:52,606 [pool-27-thread-1] INFO  impl.RoleInfo (RoleInfo.java:updateAndGet(143)) - 3afe92fd-7288-4d6b-955e-7c4ea0258921: start FollowerState
2019-11-14 05:02:52,607 [pool-47-thread-1] WARN  impl.MetricRegistriesImpl (MetricRegistriesImpl.java:lambda$create$1(61)) - First MetricRegistry has been created without registering reporters. You may need to call MetricRegistries.global().addReportRegistration(...) before.
2019-11-14 05:02:52,607 [pool-27-thread-1] INFO  util.JmxRegister (JmxRegister.java:tryRegister(44)) - Successfully registered JMX Bean with object name Ratis:service=RaftServer,group=group-ECDDCCD587E0,id=3afe92fd-7288-4d6b-955e-7c4ea0258921
2019-11-14 05:02:52,607 [pool-27-thread-1] WARN  impl.MetricRegistriesImpl (MetricRegistriesImpl.java:lambda$create$1(61)) - First MetricRegistry has been created without registering reporters. You may need to call MetricRegistries.global().addReportRegistration(...) before.
2019-11-14 05:02:52,613 [RatisPipelineUtilsThread] INFO  pipeline.PipelineStateManager (PipelineStateManager.java:addPipeline(55)) - Created pipeline Pipeline[ Id: 119dbc92-26df-40f0-b869-ecddccd587e0, Nodes: 530753ab-4ab5-4995-8706-b83783b9fb77{ip: 192.168.157.206, host: trunk-nightly-20191114-k5n9k-339518648, networkLocation: /default-rack, certSerialId: null}3afe92fd-7288-4d6b-955e-7c4ea0258921{ip: 192.168.157.206, host: trunk-nightly-20191114-k5n9k-339518648, networkLocation: /default-rack, certSerialId: null}4d6b5caf-4e9b-416c-b427-49c0e702c9ae{ip: 192.168.157.206, host: trunk-nightly-20191114-k5n9k-339518648, networkLocation: /default-rack, certSerialId: null}, Type:RATIS, Factor:THREE, State:ALLOCATED]
2019-11-14 05:02:52,643 [main] INFO  freon.RandomKeyGenerator (RandomKeyGenerator.java:call(283)) - Number of Threads: 10
2019-11-14 05:02:52,644 [main] INFO  freon.RandomKeyGenerator (RandomKeyGenerator.java:call(288)) - Number of Volumes: 1.
2019-11-14 05:02:52,644 [main] INFO  freon.RandomKeyGenerator (RandomKeyGenerator.java:call(289)) - Number of Buckets per Volume: 1.
2019-11-14 05:02:52,644 [main] INFO  freon.RandomKeyGenerator (RandomKeyGenerator.java:call(290)) - Number of Keys per Bucket: 1.
2019-11-14 05:02:52,644 [main] INFO  freon.RandomKeyGenerator (RandomKeyGenerator.java:call(291)) - Key size: 20971520 bytes
2019-11-14 05:02:52,644 [main] INFO  freon.RandomKeyGenerator (RandomKeyGenerator.java:call(292)) - Buffer size: 4096 bytes
2019-11-14 05:02:52,644 [main] INFO  freon.RandomKeyGenerator (RandomKeyGenerator.java:call(293)) - validateWrites : true
2019-11-14 05:02:52,645 [main] INFO  freon.RandomKeyGenerator (RandomKeyGenerator.java:call(307)) - Data validation is enabled.
2019-11-14 05:02:52,645 [pool-59-thread-1] INFO  rpc.RpcClient (RpcClient.java:createVolume(292)) - Creating Volume: vol-0-27238, with jenkins1000 as owner.
2019-11-14 05:02:52,646 [main] INFO  freon.RandomKeyGenerator (RandomKeyGenerator.java:call(313)) - Starting progress bar Thread.

 0.00% |?                                                                                                    |  0/1 Time: 0:00:002019-11-14 05:02:52,650 [IPC Server handler 7 on 45187] INFO  volume.OMVolumeCreateRequest (OMVolumeCreateRequest.java:validateAndUpdateCache(193)) - created volume:vol-0-27238 for user:jenkins1000
2019-11-14 05:02:52,675 [pool-59-thread-2] INFO  rpc.RpcClient (RpcClient.java:createBucket(431)) - Creating Bucket: vol-0-27238/bucket-0-46286, with Versioning false and Storage Type set to DISK and Encryption set to false 
2019-11-14 05:02:52,701 [IPC Server handler 0 on 40762] WARN  block.BlockManagerImpl (BlockManagerImpl.java:allocateBlock(200)) - Pipeline creation failed for type:RATIS factor:THREE. Retrying get pipelines call once.
org.apache.hadoop.hdds.scm.pipeline.InsufficientDatanodesException: Cannot create pipeline of factor 3 using 0 nodes.
	at org.apache.hadoop.hdds.scm.pipeline.RatisPipelineProvider.create(RatisPipelineProvider.java:153)
	at org.apache.hadoop.hdds.scm.pipeline.PipelineFactory.create(PipelineFactory.java:58)
	at org.apache.hadoop.hdds.scm.pipeline.SCMPipelineManager.createPipeline(SCMPipelineManager.java:155)
	at org.apache.hadoop.hdds.scm.block.BlockManagerImpl.allocateBlock(BlockManagerImpl.java:198)
	at org.apache.hadoop.hdds.scm.server.SCMBlockProtocolServer.allocateBlock(SCMBlockProtocolServer.java:187)
	at org.apache.hadoop.hdds.scm.protocol.ScmBlockLocationProtocolServerSideTranslatorPB.allocateScmBlock(ScmBlockLocationProtocolServerSideTranslatorPB.java:159)
	at org.apache.hadoop.hdds.scm.protocol.ScmBlockLocationProtocolServerSideTranslatorPB.processMessage(ScmBlockLocationProtocolServerSideTranslatorPB.java:117)
	at org.apache.hadoop.hdds.server.OzoneProtocolMessageDispatcher.processRequest(OzoneProtocolMessageDispatcher.java:72)
	at org.apache.hadoop.hdds.scm.protocol.ScmBlockLocationProtocolServerSideTranslatorPB.send(ScmBlockLocationProtocolServerSideTranslatorPB.java:98)
	at org.apache.hadoop.hdds.protocol.proto.ScmBlockLocationProtocolProtos$ScmBlockLocationProtocolService$2.callBlockingMethod(ScmBlockLocationProtocolProtos.java:13157)
	at org.apache.hadoop.ipc.ProtobufRpcEngine$Server$ProtoBufRpcInvoker.call(ProtobufRpcEngine.java:524)
	at org.apache.hadoop.ipc.RPC$Server.call(RPC.java:1025)
	at org.apache.hadoop.ipc.Server$RpcCall.run(Server.java:876)
	at org.apache.hadoop.ipc.Server$RpcCall.run(Server.java:822)
	at java.security.AccessController.doPrivileged(Native Method)
	at javax.security.auth.Subject.doAs(Subject.java:422)
	at org.apache.hadoop.security.UserGroupInformation.doAs(UserGroupInformation.java:1730)
	at org.apache.hadoop.ipc.Server$Handler.run(Server.java:2682)
2019-11-14 05:02:52,704 [IPC Server handler 0 on 40762] INFO  block.BlockManagerImpl (BlockManagerImpl.java:allocateBlock(212)) - Could not find available pipeline of type:RATIS and factor:THREE even after retrying
2019-11-14 05:02:52,704 [IPC Server handler 0 on 40762] ERROR block.BlockManagerImpl (BlockManagerImpl.java:allocateBlock(236)) - Unable to allocate a block for the size: 4194304, type: RATIS, factor: THREE
2019-11-14 05:02:52,705 [IPC Server handler 0 on 40762] WARN  block.BlockManagerImpl (BlockManagerImpl.java:allocateBlock(200)) - Pipeline creation failed for type:RATIS factor:THREE. Retrying get pipelines call once.
org.apache.hadoop.hdds.scm.pipeline.InsufficientDatanodesException: Cannot create pipeline of factor 3 using 0 nodes.
	at org.apache.hadoop.hdds.scm.pipeline.RatisPipelineProvider.create(RatisPipelineProvider.java:153)
	at org.apache.hadoop.hdds.scm.pipeline.PipelineFactory.create(PipelineFactory.java:58)
	at org.apache.hadoop.hdds.scm.pipeline.SCMPipelineManager.createPipeline(SCMPipelineManager.java:155)
	at org.apache.hadoop.hdds.scm.block.BlockManagerImpl.allocateBlock(BlockManagerImpl.java:198)
	at org.apache.hadoop.hdds.scm.server.SCMBlockProtocolServer.allocateBlock(SCMBlockProtocolServer.java:187)
	at org.apache.hadoop.hdds.scm.protocol.ScmBlockLocationProtocolServerSideTranslatorPB.allocateScmBlock(ScmBlockLocationProtocolServerSideTranslatorPB.java:159)
	at org.apache.hadoop.hdds.scm.protocol.ScmBlockLocationProtocolServerSideTranslatorPB.processMessage(ScmBlockLocationProtocolServerSideTranslatorPB.java:117)
	at org.apache.hadoop.hdds.server.OzoneProtocolMessageDispatcher.processRequest(OzoneProtocolMessageDispatcher.java:72)
	at org.apache.hadoop.hdds.scm.protocol.ScmBlockLocationProtocolServerSideTranslatorPB.send(ScmBlockLocationProtocolServerSideTranslatorPB.java:98)
	at org.apache.hadoop.hdds.protocol.proto.ScmBlockLocationProtocolProtos$ScmBlockLocationProtocolService$2.callBlockingMethod(ScmBlockLocationProtocolProtos.java:13157)
	at org.apache.hadoop.ipc.ProtobufRpcEngine$Server$ProtoBufRpcInvoker.call(ProtobufRpcEngine.java:524)
	at org.apache.hadoop.ipc.RPC$Server.call(RPC.java:1025)
	at org.apache.hadoop.ipc.Server$RpcCall.run(Server.java:876)
	at org.apache.hadoop.ipc.Server$RpcCall.run(Server.java:822)
	at java.security.AccessController.doPrivileged(Native Method)
	at javax.security.auth.Subject.doAs(Subject.java:422)
	at org.apache.hadoop.security.UserGroupInformation.doAs(UserGroupInformation.java:1730)
	at org.apache.hadoop.ipc.Server$Handler.run(Server.java:2682)
2019-11-14 05:02:52,706 [IPC Server handler 0 on 40762] INFO  block.BlockManagerImpl (BlockManagerImpl.java:allocateBlock(212)) - Could not find available pipeline of type:RATIS and factor:THREE even after retrying
2019-11-14 05:02:52,706 [IPC Server handler 0 on 40762] ERROR block.BlockManagerImpl (BlockManagerImpl.java:allocateBlock(236)) - Unable to allocate a block for the size: 4194304, type: RATIS, factor: THREE
2019-11-14 05:02:52,711 [IPC Server handler 0 on 40762] WARN  block.BlockManagerImpl (BlockManagerImpl.java:allocateBlock(200)) - Pipeline creation failed for type:RATIS factor:THREE. Retrying get pipelines call once.
org.apache.hadoop.hdds.scm.pipeline.InsufficientDatanodesException: Cannot create pipeline of factor 3 using 0 nodes.
	at org.apache.hadoop.hdds.scm.pipeline.RatisPipelineProvider.create(RatisPipelineProvider.java:153)
	at org.apache.hadoop.hdds.scm.pipeline.PipelineFactory.create(PipelineFactory.java:58)
	at org.apache.hadoop.hdds.scm.pipeline.SCMPipelineManager.createPipeline(SCMPipelineManager.java:155)
	at org.apache.hadoop.hdds.scm.block.BlockManagerImpl.allocateBlock(BlockManagerImpl.java:198)
	at org.apache.hadoop.hdds.scm.server.SCMBlockProtocolServer.allocateBlock(SCMBlockProtocolServer.java:187)
	at org.apache.hadoop.hdds.scm.protocol.ScmBlockLocationProtocolServerSideTranslatorPB.allocateScmBlock(ScmBlockLocationProtocolServerSideTranslatorPB.java:159)
	at org.apache.hadoop.hdds.scm.protocol.ScmBlockLocationProtocolServerSideTranslatorPB.processMessage(ScmBlockLocationProtocolServerSideTranslatorPB.java:117)
	at org.apache.hadoop.hdds.server.OzoneProtocolMessageDispatcher.processRequest(OzoneProtocolMessageDispatcher.java:72)
	at org.apache.hadoop.hdds.scm.protocol.ScmBlockLocationProtocolServerSideTranslatorPB.send(ScmBlockLocationProtocolServerSideTranslatorPB.java:98)
	at org.apache.hadoop.hdds.protocol.proto.ScmBlockLocationProtocolProtos$ScmBlockLocationProtocolService$2.callBlockingMethod(ScmBlockLocationProtocolProtos.java:13157)
	at org.apache.hadoop.ipc.ProtobufRpcEngine$Server$ProtoBufRpcInvoker.call(ProtobufRpcEngine.java:524)
	at org.apache.hadoop.ipc.RPC$Server.call(RPC.java:1025)
	at org.apache.hadoop.ipc.Server$RpcCall.run(Server.java:876)
	at org.apache.hadoop.ipc.Server$RpcCall.run(Server.java:822)
	at java.security.AccessController.doPrivileged(Native Method)
	at javax.security.auth.Subject.doAs(Subject.java:422)
	at org.apache.hadoop.security.UserGroupInformation.doAs(UserGroupInformation.java:1730)
	at org.apache.hadoop.ipc.Server$Handler.run(Server.java:2682)
2019-11-14 05:02:52,712 [IPC Server handler 0 on 40762] INFO  block.BlockManagerImpl (BlockManagerImpl.java:allocateBlock(212)) - Could not find available pipeline of type:RATIS and factor:THREE even after retrying
2019-11-14 05:02:52,712 [IPC Server handler 0 on 40762] ERROR block.BlockManagerImpl (BlockManagerImpl.java:allocateBlock(236)) - Unable to allocate a block for the size: 4194304, type: RATIS, factor: THREE
2019-11-14 05:02:52,714 [IPC Server handler 0 on 40762] WARN  block.BlockManagerImpl (BlockManagerImpl.java:allocateBlock(200)) - Pipeline creation failed for type:RATIS factor:THREE. Retrying get pipelines call once.
org.apache.hadoop.hdds.scm.pipeline.InsufficientDatanodesException: Cannot create pipeline of factor 3 using 0 nodes.
	at org.apache.hadoop.hdds.scm.pipeline.RatisPipelineProvider.create(RatisPipelineProvider.java:153)
	at org.apache.hadoop.hdds.scm.pipeline.PipelineFactory.create(PipelineFactory.java:58)
	at org.apache.hadoop.hdds.scm.pipeline.SCMPipelineManager.createPipeline(SCMPipelineManager.java:155)
	at org.apache.hadoop.hdds.scm.block.BlockManagerImpl.allocateBlock(BlockManagerImpl.java:198)
	at org.apache.hadoop.hdds.scm.server.SCMBlockProtocolServer.allocateBlock(SCMBlockProtocolServer.java:187)
	at org.apache.hadoop.hdds.scm.protocol.ScmBlockLocationProtocolServerSideTranslatorPB.allocateScmBlock(ScmBlockLocationProtocolServerSideTranslatorPB.java:159)
	at org.apache.hadoop.hdds.scm.protocol.ScmBlockLocationProtocolServerSideTranslatorPB.processMessage(ScmBlockLocationProtocolServerSideTranslatorPB.java:117)
	at org.apache.hadoop.hdds.server.OzoneProtocolMessageDispatcher.processRequest(OzoneProtocolMessageDispatcher.java:72)
	at org.apache.hadoop.hdds.scm.protocol.ScmBlockLocationProtocolServerSideTranslatorPB.send(ScmBlockLocationProtocolServerSideTranslatorPB.java:98)
	at org.apache.hadoop.hdds.protocol.proto.ScmBlockLocationProtocolProtos$ScmBlockLocationProtocolService$2.callBlockingMethod(ScmBlockLocationProtocolProtos.java:13157)
	at org.apache.hadoop.ipc.ProtobufRpcEngine$Server$ProtoBufRpcInvoker.call(ProtobufRpcEngine.java:524)
	at org.apache.hadoop.ipc.RPC$Server.call(RPC.java:1025)
	at org.apache.hadoop.ipc.Server$RpcCall.run(Server.java:876)
	at org.apache.hadoop.ipc.Server$RpcCall.run(Server.java:822)
	at java.security.AccessController.doPrivileged(Native Method)
	at javax.security.auth.Subject.doAs(Subject.java:422)
	at org.apache.hadoop.security.UserGroupInformation.doAs(UserGroupInformation.java:1730)
	at org.apache.hadoop.ipc.Server$Handler.run(Server.java:2682)
2019-11-14 05:02:52,714 [IPC Server handler 0 on 40762] INFO  block.BlockManagerImpl (BlockManagerImpl.java:allocateBlock(212)) - Could not find available pipeline of type:RATIS and factor:THREE even after retrying
2019-11-14 05:02:52,715 [IPC Server handler 0 on 40762] ERROR block.BlockManagerImpl (BlockManagerImpl.java:allocateBlock(236)) - Unable to allocate a block for the size: 4194304, type: RATIS, factor: THREE
2019-11-14 05:02:52,716 [IPC Server handler 0 on 40762] WARN  block.BlockManagerImpl (BlockManagerImpl.java:allocateBlock(200)) - Pipeline creation failed for type:RATIS factor:THREE. Retrying get pipelines call once.
org.apache.hadoop.hdds.scm.pipeline.InsufficientDatanodesException: Cannot create pipeline of factor 3 using 0 nodes.
	at org.apache.hadoop.hdds.scm.pipeline.RatisPipelineProvider.create(RatisPipelineProvider.java:153)
	at org.apache.hadoop.hdds.scm.pipeline.PipelineFactory.create(PipelineFactory.java:58)
	at org.apache.hadoop.hdds.scm.pipeline.SCMPipelineManager.createPipeline(SCMPipelineManager.java:155)
	at org.apache.hadoop.hdds.scm.block.BlockManagerImpl.allocateBlock(BlockManagerImpl.java:198)
	at org.apache.hadoop.hdds.scm.server.SCMBlockProtocolServer.allocateBlock(SCMBlockProtocolServer.java:187)
	at org.apache.hadoop.hdds.scm.protocol.ScmBlockLocationProtocolServerSideTranslatorPB.allocateScmBlock(ScmBlockLocationProtocolServerSideTranslatorPB.java:159)
	at org.apache.hadoop.hdds.scm.protocol.ScmBlockLocationProtocolServerSideTranslatorPB.processMessage(ScmBlockLocationProtocolServerSideTranslatorPB.java:117)
	at org.apache.hadoop.hdds.server.OzoneProtocolMessageDispatcher.processRequest(OzoneProtocolMessageDispatcher.java:72)
	at org.apache.hadoop.hdds.scm.protocol.ScmBlockLocationProtocolServerSideTranslatorPB.send(ScmBlockLocationProtocolServerSideTranslatorPB.java:98)
	at org.apache.hadoop.hdds.protocol.proto.ScmBlockLocationProtocolProtos$ScmBlockLocationProtocolService$2.callBlockingMethod(ScmBlockLocationProtocolProtos.java:13157)
	at org.apache.hadoop.ipc.ProtobufRpcEngine$Server$ProtoBufRpcInvoker.call(ProtobufRpcEngine.java:524)
	at org.apache.hadoop.ipc.RPC$Server.call(RPC.java:1025)
	at org.apache.hadoop.ipc.Server$RpcCall.run(Server.java:876)
	at org.apache.hadoop.ipc.Server$RpcCall.run(Server.java:822)
	at java.security.AccessController.doPrivileged(Native Method)
	at javax.security.auth.Subject.doAs(Subject.java:422)
	at org.apache.hadoop.security.UserGroupInformation.doAs(UserGroupInformation.java:1730)
	at org.apache.hadoop.ipc.Server$Handler.run(Server.java:2682)
2019-11-14 05:02:52,716 [IPC Server handler 0 on 40762] INFO  block.BlockManagerImpl (BlockManagerImpl.java:allocateBlock(212)) - Could not find available pipeline of type:RATIS and factor:THREE even after retrying
2019-11-14 05:02:52,717 [IPC Server handler 0 on 40762] ERROR block.BlockManagerImpl (BlockManagerImpl.java:allocateBlock(236)) - Unable to allocate a block for the size: 4194304, type: RATIS, factor: THREE
2019-11-14 05:02:52,722 [pool-59-thread-3] ERROR freon.RandomKeyGenerator (RandomKeyGenerator.java:createKey(735)) - Exception while adding key: key-0-40133 in bucket: bucket-0-46286 of volume: vol-0-27238.
INTERNAL_ERROR org.apache.hadoop.ozone.om.exceptions.OMException: Allocated 0 blocks. Requested 5 blocks
	at org.apache.hadoop.ozone.om.protocolPB.OzoneManagerProtocolClientSideTranslatorPB.handleError(OzoneManagerProtocolClientSideTranslatorPB.java:761)
	at org.apache.hadoop.ozone.om.protocolPB.OzoneManagerProtocolClientSideTranslatorPB.openKey(OzoneManagerProtocolClientSideTranslatorPB.java:752)
	at sun.reflect.NativeMethodAccessorImpl.invoke0(Native Method)
	at sun.reflect.NativeMethodAccessorImpl.invoke(NativeMethodAccessorImpl.java:62)
	at sun.reflect.DelegatingMethodAccessorImpl.invoke(DelegatingMethodAccessorImpl.java:43)
	at java.lang.reflect.Method.invoke(Method.java:498)
	at org.apache.hadoop.hdds.tracing.TraceAllMethod.invoke(TraceAllMethod.java:66)
	at com.sun.proxy.$Proxy37.openKey(Unknown Source)
	at org.apache.hadoop.ozone.client.rpc.RpcClient.createKey(RpcClient.java:633)
	at org.apache.hadoop.ozone.client.OzoneBucket.createKey(OzoneBucket.java:325)
	at org.apache.hadoop.ozone.freon.RandomKeyGenerator.createKey(RandomKeyGenerator.java:697)
	at org.apache.hadoop.ozone.freon.RandomKeyGenerator.access$1100(RandomKeyGenerator.java:88)
	at org.apache.hadoop.ozone.freon.RandomKeyGenerator$ObjectCreator.run(RandomKeyGenerator.java:615)
	at java.util.concurrent.Executors$RunnableAdapter.call(Executors.java:511)
	at java.util.concurrent.FutureTask.run(FutureTask.java:266)
	at java.util.concurrent.ThreadPoolExecutor.runWorker(ThreadPoolExecutor.java:1149)
	at java.util.concurrent.ThreadPoolExecutor$Worker.run(ThreadPoolExecutor.java:624)
	at java.lang.Thread.run(Thread.java:748)
 0.00% |?                                                                                                    |  0/1 Time: 0:00:01 0.00% |?                                                                                                    |  0/1 Time: 0:00:02 0.00% |?                                                                                                    |  0/1 Time: 0:00:03 0.00% |?                                                                                                    |  0/1 Time: 0:00:042019-11-14 05:02:57,605 [Thread-487] INFO  impl.FollowerState (FollowerState.java:run(111)) - 4d6b5caf-4e9b-416c-b427-49c0e702c9ae@group-ECDDCCD587E0-FollowerState: change to CANDIDATE, lastRpcTime:5002ms, electionTimeout:5002ms
2019-11-14 05:02:57,605 [Thread-487] INFO  impl.RoleInfo (RoleInfo.java:shutdownFollowerState(121)) - 4d6b5caf-4e9b-416c-b427-49c0e702c9ae: shutdown FollowerState
2019-11-14 05:02:57,606 [Thread-487] INFO  impl.RaftServerImpl (RaftServerImpl.java:setRole(173)) - 4d6b5caf-4e9b-416c-b427-49c0e702c9ae@group-ECDDCCD587E0: changes role from  FOLLOWER to CANDIDATE at term 0 for changeToCandidate
2019-11-14 05:02:57,606 [Thread-487] INFO  impl.RoleInfo (RoleInfo.java:updateAndGet(143)) - 4d6b5caf-4e9b-416c-b427-49c0e702c9ae: start LeaderElection
2019-11-14 05:02:57,633 [4d6b5caf-4e9b-416c-b427-49c0e702c9ae@group-ECDDCCD587E0-LeaderElection6] INFO  impl.LeaderElection (LeaderElection.java:askForVotes(178)) - 4d6b5caf-4e9b-416c-b427-49c0e702c9ae@group-ECDDCCD587E0-LeaderElection6: begin an election at term 1 for -1: [3afe92fd-7288-4d6b-955e-7c4ea0258921:192.168.157.206:33058, 530753ab-4ab5-4995-8706-b83783b9fb77:192.168.157.206:42733, 4d6b5caf-4e9b-416c-b427-49c0e702c9ae:192.168.157.206:42088], old=null
2019-11-14 05:02:57,646 [Thread-491] INFO  impl.FollowerState (FollowerState.java:run(111)) - 3afe92fd-7288-4d6b-955e-7c4ea0258921@group-ECDDCCD587E0-FollowerState: change to CANDIDATE, lastRpcTime:5039ms, electionTimeout:5038ms
2019-11-14 05:02:57,646 [Thread-491] INFO  impl.RoleInfo (RoleInfo.java:shutdownFollowerState(121)) - 3afe92fd-7288-4d6b-955e-7c4ea0258921: shutdown FollowerState
2019-11-14 05:02:57,646 [Thread-491] INFO  impl.RaftServerImpl (RaftServerImpl.java:setRole(173)) - 3afe92fd-7288-4d6b-955e-7c4ea0258921@group-ECDDCCD587E0: changes role from  FOLLOWER to CANDIDATE at term 0 for changeToCandidate
2019-11-14 05:02:57,646 [Thread-491] INFO  impl.RoleInfo (RoleInfo.java:updateAndGet(143)) - 3afe92fd-7288-4d6b-955e-7c4ea0258921: start LeaderElection
 0.00% |?                                                                                                    |  0/1 Time: 0:00:052019-11-14 05:02:57,654 [grpc-default-executor-1] INFO  impl.RaftServerImpl (RaftServerImpl.java:setRole(173)) - 530753ab-4ab5-4995-8706-b83783b9fb77@group-ECDDCCD587E0: changes role from  FOLLOWER to FOLLOWER at term 1 for recognizeCandidate:4d6b5caf-4e9b-416c-b427-49c0e702c9ae
2019-11-14 05:02:57,654 [grpc-default-executor-1] INFO  impl.RoleInfo (RoleInfo.java:shutdownFollowerState(121)) - 530753ab-4ab5-4995-8706-b83783b9fb77: shutdown FollowerState
2019-11-14 05:02:57,654 [grpc-default-executor-1] INFO  impl.RoleInfo (RoleInfo.java:updateAndGet(143)) - 530753ab-4ab5-4995-8706-b83783b9fb77: start FollowerState
2019-11-14 05:02:57,654 [Thread-490] INFO  impl.FollowerState (FollowerState.java:run(120)) - 530753ab-4ab5-4995-8706-b83783b9fb77@group-ECDDCCD587E0-FollowerState was interrupted: java.lang.InterruptedException: sleep interrupted
2019-11-14 05:02:57,669 [3afe92fd-7288-4d6b-955e-7c4ea0258921@group-ECDDCCD587E0-LeaderElection7] INFO  impl.LeaderElection (LeaderElection.java:askForVotes(178)) - 3afe92fd-7288-4d6b-955e-7c4ea0258921@group-ECDDCCD587E0-LeaderElection7: begin an election at term 1 for -1: [3afe92fd-7288-4d6b-955e-7c4ea0258921:192.168.157.206:33058, 530753ab-4ab5-4995-8706-b83783b9fb77:192.168.157.206:42733, 4d6b5caf-4e9b-416c-b427-49c0e702c9ae:192.168.157.206:42088], old=null
2019-11-14 05:02:57,674 [4d6b5caf-4e9b-416c-b427-49c0e702c9ae@group-ECDDCCD587E0-LeaderElection6] INFO  impl.LeaderElection (LeaderElection.java:logAndReturn(56)) - 4d6b5caf-4e9b-416c-b427-49c0e702c9ae@group-ECDDCCD587E0-LeaderElection6: Election PASSED; received 1 response(s) [4d6b5caf-4e9b-416c-b427-49c0e702c9ae<-530753ab-4ab5-4995-8706-b83783b9fb77#0:OK-t1] and 0 exception(s); 4d6b5caf-4e9b-416c-b427-49c0e702c9ae@group-ECDDCCD587E0:t1, leader=null, voted=4d6b5caf-4e9b-416c-b427-49c0e702c9ae, raftlog=4d6b5caf-4e9b-416c-b427-49c0e702c9ae@group-ECDDCCD587E0-SegmentedRaftLog:OPENED:c-1,f-1,i0, conf=-1: [3afe92fd-7288-4d6b-955e-7c4ea0258921:192.168.157.206:33058, 530753ab-4ab5-4995-8706-b83783b9fb77:192.168.157.206:42733, 4d6b5caf-4e9b-416c-b427-49c0e702c9ae:192.168.157.206:42088], old=null
2019-11-14 05:02:57,675 [4d6b5caf-4e9b-416c-b427-49c0e702c9ae@group-ECDDCCD587E0-LeaderElection6] INFO  impl.RoleInfo (RoleInfo.java:shutdownLeaderElection(134)) - 4d6b5caf-4e9b-416c-b427-49c0e702c9ae: shutdown LeaderElection
2019-11-14 05:02:57,676 [4d6b5caf-4e9b-416c-b427-49c0e702c9ae@group-ECDDCCD587E0-LeaderElection6] INFO  impl.RaftServerImpl (RaftServerImpl.java:setRole(173)) - 4d6b5caf-4e9b-416c-b427-49c0e702c9ae@group-ECDDCCD587E0: changes role from CANDIDATE to LEADER at term 1 for changeToLeader
2019-11-14 05:02:57,676 [4d6b5caf-4e9b-416c-b427-49c0e702c9ae@group-ECDDCCD587E0-LeaderElection6] INFO  ratis.XceiverServerRatis (XceiverServerRatis.java:handleLeaderChangedNotification(697)) - Leader change notification received for group: group-ECDDCCD587E0 with new leaderId: 4d6b5caf-4e9b-416c-b427-49c0e702c9ae
2019-11-14 05:02:57,677 [4d6b5caf-4e9b-416c-b427-49c0e702c9ae@group-ECDDCCD587E0-LeaderElection6] INFO  impl.RaftServerImpl (ServerState.java:setLeader(255)) - 4d6b5caf-4e9b-416c-b427-49c0e702c9ae@group-ECDDCCD587E0: change Leader from null to 4d6b5caf-4e9b-416c-b427-49c0e702c9ae at term 1 for becomeLeader, leader elected after 5086ms
2019-11-14 05:02:57,678 [4d6b5caf-4e9b-416c-b427-49c0e702c9ae@group-ECDDCCD587E0-LeaderElection6] INFO  server.RaftServerConfigKeys (ConfUtils.java:logGet(43)) - raft.server.staging.catchup.gap = 1000 (default)
2019-11-14 05:02:57,678 [4d6b5caf-4e9b-416c-b427-49c0e702c9ae@group-ECDDCCD587E0-LeaderElection6] INFO  server.RaftServerConfigKeys (ConfUtils.java:logGet(43)) - raft.server.rpc.sleep.time = 25ms (default)
2019-11-14 05:02:57,679 [4d6b5caf-4e9b-416c-b427-49c0e702c9ae@group-ECDDCCD587E0-LeaderElection6] INFO  server.RaftServerConfigKeys (ConfUtils.java:logGet(43)) - raft.server.write.element-limit = 4096 (default)
2019-11-14 05:02:57,679 [4d6b5caf-4e9b-416c-b427-49c0e702c9ae@group-ECDDCCD587E0-LeaderElection6] INFO  server.RaftServerConfigKeys (ConfUtils.java:logGet(43)) - raft.server.watch.timeout = 10s (default)
2019-11-14 05:02:57,680 [4d6b5caf-4e9b-416c-b427-49c0e702c9ae@group-ECDDCCD587E0-LeaderElection6] INFO  server.RaftServerConfigKeys (ConfUtils.java:logGet(43)) - raft.server.watch.timeout.denomination = 1s (default)
2019-11-14 05:02:57,680 [4d6b5caf-4e9b-416c-b427-49c0e702c9ae@group-ECDDCCD587E0-LeaderElection6] INFO  server.RaftServerConfigKeys (ConfUtils.java:logGet(43)) - raft.server.watch.element-limit = 65536 (default)
2019-11-14 05:02:57,680 [EventQueue-PipelineReportForPipelineReportHandler] INFO  pipeline.PipelineStateManager (PipelineStateManager.java:openPipeline(134)) - Pipeline Pipeline[ Id: 119dbc92-26df-40f0-b869-ecddccd587e0, Nodes: 530753ab-4ab5-4995-8706-b83783b9fb77{ip: 192.168.157.206, host: trunk-nightly-20191114-k5n9k-339518648, networkLocation: /default-rack, certSerialId: null}3afe92fd-7288-4d6b-955e-7c4ea0258921{ip: 192.168.157.206, host: trunk-nightly-20191114-k5n9k-339518648, networkLocation: /default-rack, certSerialId: null}4d6b5caf-4e9b-416c-b427-49c0e702c9ae{ip: 192.168.157.206, host: trunk-nightly-20191114-k5n9k-339518648, networkLocation: /default-rack, certSerialId: null}, Type:RATIS, Factor:THREE, State:OPEN] moved to OPEN state
2019-11-14 05:02:57,682 [4d6b5caf-4e9b-416c-b427-49c0e702c9ae@group-ECDDCCD587E0-LeaderElection6] INFO  server.RaftServerConfigKeys (ConfUtils.java:logGet(43)) - raft.server.log.appender.snapshot.chunk.size.max = 16MB (=16777216) (default)
2019-11-14 05:02:57,682 [4d6b5caf-4e9b-416c-b427-49c0e702c9ae@group-ECDDCCD587E0-LeaderElection6] INFO  server.RaftServerConfigKeys (ConfUtils.java:logGet(43)) - raft.server.log.appender.buffer.byte-limit = 33554432 (custom)
2019-11-14 05:02:57,683 [4d6b5caf-4e9b-416c-b427-49c0e702c9ae@group-ECDDCCD587E0-LeaderElection6] INFO  server.RaftServerConfigKeys (ConfUtils.java:logGet(43)) - raft.server.log.appender.buffer.element-limit = 1 (custom)
2019-11-14 05:02:57,684 [4d6b5caf-4e9b-416c-b427-49c0e702c9ae@group-ECDDCCD587E0-LeaderElection6] INFO  grpc.GrpcConfigKeys$Server (ConfUtils.java:logGet(43)) - raft.grpc.server.leader.outstanding.appends.max = 128 (default)
2019-11-14 05:02:57,685 [4d6b5caf-4e9b-416c-b427-49c0e702c9ae@group-ECDDCCD587E0-LeaderElection6] INFO  server.RaftServerConfigKeys (ConfUtils.java:logGet(43)) - raft.server.rpc.request.timeout = 3000ms (default)
2019-11-14 05:02:57,685 [4d6b5caf-4e9b-416c-b427-49c0e702c9ae@group-ECDDCCD587E0-LeaderElection6] INFO  server.RaftServerConfigKeys (ConfUtils.java:logGet(43)) - raft.server.log.appender.install.snapshot.enabled = false (custom)
2019-11-14 05:02:57,686 [4d6b5caf-4e9b-416c-b427-49c0e702c9ae@group-ECDDCCD587E0-LeaderElection6] WARN  impl.MetricRegistriesImpl (MetricRegistriesImpl.java:lambda$create$1(61)) - First MetricRegistry has been created without registering reporters. You may need to call MetricRegistries.global().addReportRegistration(...) before.
2019-11-14 05:02:57,686 [4d6b5caf-4e9b-416c-b427-49c0e702c9ae@group-ECDDCCD587E0-LeaderElection6] INFO  server.RaftServerConfigKeys (ConfUtils.java:logGet(43)) - raft.server.log.appender.snapshot.chunk.size.max = 16MB (=16777216) (default)
2019-11-14 05:02:57,686 [4d6b5caf-4e9b-416c-b427-49c0e702c9ae@group-ECDDCCD587E0-LeaderElection6] INFO  server.RaftServerConfigKeys (ConfUtils.java:logGet(43)) - raft.server.log.appender.buffer.byte-limit = 33554432 (custom)
2019-11-14 05:02:57,687 [4d6b5caf-4e9b-416c-b427-49c0e702c9ae@group-ECDDCCD587E0-LeaderElection6] INFO  server.RaftServerConfigKeys (ConfUtils.java:logGet(43)) - raft.server.log.appender.buffer.element-limit = 1 (custom)
2019-11-14 05:02:57,687 [4d6b5caf-4e9b-416c-b427-49c0e702c9ae@group-ECDDCCD587E0-LeaderElection6] INFO  grpc.GrpcConfigKeys$Server (ConfUtils.java:logGet(43)) - raft.grpc.server.leader.outstanding.appends.max = 128 (default)
2019-11-14 05:02:57,687 [4d6b5caf-4e9b-416c-b427-49c0e702c9ae@group-ECDDCCD587E0-LeaderElection6] INFO  server.RaftServerConfigKeys (ConfUtils.java:logGet(43)) - raft.server.rpc.request.timeout = 3000ms (default)
2019-11-14 05:02:57,687 [4d6b5caf-4e9b-416c-b427-49c0e702c9ae@group-ECDDCCD587E0-LeaderElection6] INFO  server.RaftServerConfigKeys (ConfUtils.java:logGet(43)) - raft.server.log.appender.install.snapshot.enabled = false (custom)
2019-11-14 05:02:57,688 [4d6b5caf-4e9b-416c-b427-49c0e702c9ae@group-ECDDCCD587E0-LeaderElection6] INFO  impl.RoleInfo (RoleInfo.java:updateAndGet(143)) - 4d6b5caf-4e9b-416c-b427-49c0e702c9ae: start LeaderState
2019-11-14 05:02:57,689 [4d6b5caf-4e9b-416c-b427-49c0e702c9ae@group-ECDDCCD587E0-LeaderElection6] INFO  segmented.SegmentedRaftLogWorker (SegmentedRaftLogWorker.java:startLogSegment(385)) - 4d6b5caf-4e9b-416c-b427-49c0e702c9ae@group-ECDDCCD587E0-SegmentedRaftLogWorker: Starting segment from index:0
2019-11-14 05:02:57,691 [4d6b5caf-4e9b-416c-b427-49c0e702c9ae@group-ECDDCCD587E0-LeaderElection6] INFO  impl.RaftServerImpl (ServerState.java:setRaftConf(356)) - 4d6b5caf-4e9b-416c-b427-49c0e702c9ae@group-ECDDCCD587E0: set configuration 0: [3afe92fd-7288-4d6b-955e-7c4ea0258921:192.168.157.206:33058, 530753ab-4ab5-4995-8706-b83783b9fb77:192.168.157.206:42733, 4d6b5caf-4e9b-416c-b427-49c0e702c9ae:192.168.157.206:42088], old=null at 0
2019-11-14 05:02:57,729 [grpc-default-executor-1] INFO  impl.RaftServerImpl (RaftServerImpl.java:requestVote(776)) - 4d6b5caf-4e9b-416c-b427-49c0e702c9ae@group-ECDDCCD587E0-   LEADER: Withhold vote from candidate 3afe92fd-7288-4d6b-955e-7c4ea0258921 with term 1. State: leader=4d6b5caf-4e9b-416c-b427-49c0e702c9ae, term=1, lastRpcElapsed=null
2019-11-14 05:02:57,734 [3afe92fd-7288-4d6b-955e-7c4ea0258921@group-ECDDCCD587E0-LeaderElection7] INFO  impl.LeaderElection (LeaderElection.java:logAndReturn(56)) - 3afe92fd-7288-4d6b-955e-7c4ea0258921@group-ECDDCCD587E0-LeaderElection7: Election REJECTED; received 2 response(s) [3afe92fd-7288-4d6b-955e-7c4ea0258921<-530753ab-4ab5-4995-8706-b83783b9fb77#0:FAIL-t1, 3afe92fd-7288-4d6b-955e-7c4ea0258921<-4d6b5caf-4e9b-416c-b427-49c0e702c9ae#0:FAIL-t1] and 0 exception(s); 3afe92fd-7288-4d6b-955e-7c4ea0258921@group-ECDDCCD587E0:t1, leader=null, voted=3afe92fd-7288-4d6b-955e-7c4ea0258921, raftlog=3afe92fd-7288-4d6b-955e-7c4ea0258921@group-ECDDCCD587E0-SegmentedRaftLog:OPENED:c-1,f-1,i0, conf=-1: [3afe92fd-7288-4d6b-955e-7c4ea0258921:192.168.157.206:33058, 530753ab-4ab5-4995-8706-b83783b9fb77:192.168.157.206:42733, 4d6b5caf-4e9b-416c-b427-49c0e702c9ae:192.168.157.206:42088], old=null
2019-11-14 05:02:57,735 [grpc-default-executor-1] INFO  impl.RaftServerImpl (RaftServerImpl.java:setRole(173)) - 3afe92fd-7288-4d6b-955e-7c4ea0258921@group-ECDDCCD587E0: changes role from CANDIDATE to FOLLOWER at term 1 for appendEntries
2019-11-14 05:02:57,736 [grpc-default-executor-1] INFO  impl.RoleInfo (RoleInfo.java:shutdownLeaderElection(134)) - 3afe92fd-7288-4d6b-955e-7c4ea0258921: shutdown LeaderElection
2019-11-14 05:02:57,736 [grpc-default-executor-1] INFO  impl.RoleInfo (RoleInfo.java:updateAndGet(143)) - 3afe92fd-7288-4d6b-955e-7c4ea0258921: start FollowerState
2019-11-14 05:02:57,738 [grpc-default-executor-2] INFO  ratis.XceiverServerRatis (XceiverServerRatis.java:handleLeaderChangedNotification(697)) - Leader change notification received for group: group-ECDDCCD587E0 with new leaderId: 4d6b5caf-4e9b-416c-b427-49c0e702c9ae
2019-11-14 05:02:57,741 [grpc-default-executor-1] INFO  ratis.XceiverServerRatis (XceiverServerRatis.java:handleLeaderChangedNotification(697)) - Leader change notification received for group: group-ECDDCCD587E0 with new leaderId: 4d6b5caf-4e9b-416c-b427-49c0e702c9ae
2019-11-14 05:02:57,742 [grpc-default-executor-2] INFO  impl.RaftServerImpl (ServerState.java:setLeader(255)) - 530753ab-4ab5-4995-8706-b83783b9fb77@group-ECDDCCD587E0: change Leader from null to 4d6b5caf-4e9b-416c-b427-49c0e702c9ae at term 1 for appendEntries, leader elected after 5147ms
2019-11-14 05:02:57,743 [grpc-default-executor-1] INFO  impl.RaftServerImpl (ServerState.java:setLeader(255)) - 3afe92fd-7288-4d6b-955e-7c4ea0258921@group-ECDDCCD587E0: change Leader from null to 4d6b5caf-4e9b-416c-b427-49c0e702c9ae at term 1 for appendEntries, leader elected after 5146ms
2019-11-14 05:02:57,748 [grpc-default-executor-1] INFO  impl.RaftServerImpl (ServerState.java:setRaftConf(356)) - 3afe92fd-7288-4d6b-955e-7c4ea0258921@group-ECDDCCD587E0: set configuration 0: [3afe92fd-7288-4d6b-955e-7c4ea0258921:192.168.157.206:33058, 530753ab-4ab5-4995-8706-b83783b9fb77:192.168.157.206:42733, 4d6b5caf-4e9b-416c-b427-49c0e702c9ae:192.168.157.206:42088], old=null at 0
2019-11-14 05:02:57,748 [grpc-default-executor-2] INFO  impl.RaftServerImpl (ServerState.java:setRaftConf(356)) - 530753ab-4ab5-4995-8706-b83783b9fb77@group-ECDDCCD587E0: set configuration 0: [3afe92fd-7288-4d6b-955e-7c4ea0258921:192.168.157.206:33058, 530753ab-4ab5-4995-8706-b83783b9fb77:192.168.157.206:42733, 4d6b5caf-4e9b-416c-b427-49c0e702c9ae:192.168.157.206:42088], old=null at 0
2019-11-14 05:02:57,748 [grpc-default-executor-1] INFO  segmented.SegmentedRaftLogWorker (SegmentedRaftLogWorker.java:startLogSegment(385)) - 3afe92fd-7288-4d6b-955e-7c4ea0258921@group-ECDDCCD587E0-SegmentedRaftLogWorker: Starting segment from index:0
2019-11-14 05:02:57,749 [grpc-default-executor-2] INFO  segmented.SegmentedRaftLogWorker (SegmentedRaftLogWorker.java:startLogSegment(385)) - 530753ab-4ab5-4995-8706-b83783b9fb77@group-ECDDCCD587E0-SegmentedRaftLogWorker: Starting segment from index:0
2019-11-14 05:02:57,752 [4d6b5caf-4e9b-416c-b427-49c0e702c9ae@group-ECDDCCD587E0-SegmentedRaftLogWorker] INFO  segmented.SegmentedRaftLogWorker (SegmentedRaftLogWorker.java:execute(576)) - 4d6b5caf-4e9b-416c-b427-49c0e702c9ae@group-ECDDCCD587E0-SegmentedRaftLogWorker: created new log segment /workdir/hadoop-ozone/tools/target/test-dir/MiniOzoneClusterImpl-100cec03-9053-448d-9d5d-862c867472e5/datanode-1/data/ratis/119dbc92-26df-40f0-b869-ecddccd587e0/current/log_inprogress_0
2019-11-14 05:02:57,812 [530753ab-4ab5-4995-8706-b83783b9fb77@group-ECDDCCD587E0-SegmentedRaftLogWorker] INFO  segmented.SegmentedRaftLogWorker (SegmentedRaftLogWorker.java:execute(576)) - 530753ab-4ab5-4995-8706-b83783b9fb77@group-ECDDCCD587E0-SegmentedRaftLogWorker: created new log segment /workdir/hadoop-ozone/tools/target/test-dir/MiniOzoneClusterImpl-100cec03-9053-448d-9d5d-862c867472e5/datanode-2/data/ratis/119dbc92-26df-40f0-b869-ecddccd587e0/current/log_inprogress_0
2019-11-14 05:02:57,812 [3afe92fd-7288-4d6b-955e-7c4ea0258921@group-ECDDCCD587E0-SegmentedRaftLogWorker] INFO  segmented.SegmentedRaftLogWorker (SegmentedRaftLogWorker.java:execute(576)) - 3afe92fd-7288-4d6b-955e-7c4ea0258921@group-ECDDCCD587E0-SegmentedRaftLogWorker: created new log segment /workdir/hadoop-ozone/tools/target/test-dir/MiniOzoneClusterImpl-100cec03-9053-448d-9d5d-862c867472e5/datanode-0/data/ratis/119dbc92-26df-40f0-b869-ecddccd587e0/current/log_inprogress_0
 100.00% |?????????????????????????????????????????????????????????????????????????????????????????????????????|  1/1 Time: 0:00:06
]]></system-out>
    <system-err><![CDATA[ERROR StatusLogger No Log4j 2 configuration file found. Using default configuration (logging only errors to the console), or user programmatically provided configurations. Set system property 'log4j2.debug' to show Log4j 2 internal initialization logging. See https://logging.apache.org/log4j/2.x/manual/configuration.html for instructions on how to configure Log4j 2
]]></system-err>
  </testcase>
</testsuite>