<?xml version="1.0" encoding="UTF-8"?>
<testsuite xmlns:xsi="http://www.w3.org/2001/XMLSchema-instance" xsi:noNamespaceSchemaLocation="https://maven.apache.org/surefire/maven-surefire-plugin/xsd/surefire-test-report.xsd" name="org.apache.hadoop.ozone.freon.TestFreonWithPipelineDestroy" time="49.481" tests="1" errors="1" skipped="0" failures="0">
  <properties>
    <property name="awt.toolkit" value="sun.awt.X11.XToolkit"/>
    <property name="file.encoding.pkg" value="sun.io"/>
    <property name="java.specification.version" value="1.8"/>
    <property name="sun.cpu.isalist" value=""/>
    <property name="sun.jnu.encoding" value="ANSI_X3.4-1968"/>
    <property name="java.class.path" value="/workdir/hadoop-ozone/tools/target/test-classes:/workdir/hadoop-ozone/tools/target/classes:/home/user/.m2/repository/org/apache/hadoop/hadoop-ozone-ozone-manager/0.5.0-SNAPSHOT/hadoop-ozone-ozone-manager-0.5.0-SNAPSHOT.jar:/home/user/.m2/repository/org/apache/hadoop/hadoop-hdds-docs/0.5.0-SNAPSHOT/hadoop-hdds-docs-0.5.0-SNAPSHOT.jar:/home/user/.m2/repository/org/bouncycastle/bcprov-jdk15on/1.60/bcprov-jdk15on-1.60.jar:/home/user/.m2/repository/org/apache/hadoop/hadoop-ozone-common/0.5.0-SNAPSHOT/hadoop-ozone-common-0.5.0-SNAPSHOT.jar:/home/user/.m2/repository/org/apache/commons/commons-compress/1.4.1/commons-compress-1.4.1.jar:/home/user/.m2/repository/org/tukaani/xz/1.0/xz-1.0.jar:/home/user/.m2/repository/org/apache/hadoop/hadoop-hdfs-client/3.2.0/hadoop-hdfs-client-3.2.0.jar:/home/user/.m2/repository/com/fasterxml/jackson/core/jackson-annotations/2.9.9/jackson-annotations-2.9.9.jar:/home/user/.m2/repository/org/apache/hadoop/hadoop-hdds-common/0.5.0-SNAPSHOT/hadoop-hdds-common-0.5.0-SNAPSHOT.jar:/home/user/.m2/repository/org/apache/hadoop/hadoop-hdds-config/0.5.0-SNAPSHOT/hadoop-hdds-config-0.5.0-SNAPSHOT.jar:/home/user/.m2/repository/javax/annotation/javax.annotation-api/1.2/javax.annotation-api-1.2.jar:/home/user/.m2/repository/org/apache/ratis/ratis-server/0.5.0-d6d58d0-SNAPSHOT/ratis-server-0.5.0-d6d58d0-SNAPSHOT.jar:/home/user/.m2/repository/org/apache/ratis/ratis-thirdparty-misc/0.2.0/ratis-thirdparty-misc-0.2.0.jar:/home/user/.m2/repository/org/apache/ratis/ratis-proto/0.5.0-d6d58d0-SNAPSHOT/ratis-proto-0.5.0-d6d58d0-SNAPSHOT.jar:/home/user/.m2/repository/org/apache/ratis/ratis-common/0.5.0-d6d58d0-SNAPSHOT/ratis-common-0.5.0-d6d58d0-SNAPSHOT.jar:/home/user/.m2/repository/org/apache/ratis/ratis-client/0.5.0-d6d58d0-SNAPSHOT/ratis-client-0.5.0-d6d58d0-SNAPSHOT.jar:/home/user/.m2/repository/org/apache/ratis/ratis-metrics/0.5.0-d6d58d0-SNAPSHOT/ratis-metrics-0.5.0-d6d58d0-SNAPSHOT.jar:/home/user/.m2/repository/org/apache/ratis/ratis-netty/0.5.0-d6d58d0-SNAPSHOT/ratis-netty-0.5.0-d6d58d0-SNAPSHOT.jar:/home/user/.m2/repository/org/apache/ratis/ratis-grpc/0.5.0-d6d58d0-SNAPSHOT/ratis-grpc-0.5.0-d6d58d0-SNAPSHOT.jar:/home/user/.m2/repository/org/rocksdb/rocksdbjni/6.0.1/rocksdbjni-6.0.1.jar:/home/user/.m2/repository/org/apache/logging/log4j/log4j-api/2.11.0/log4j-api-2.11.0.jar:/home/user/.m2/repository/org/apache/logging/log4j/log4j-core/2.11.0/log4j-core-2.11.0.jar:/home/user/.m2/repository/com/lmax/disruptor/3.4.2/disruptor-3.4.2.jar:/home/user/.m2/repository/org/apache/commons/commons-pool2/2.6.0/commons-pool2-2.6.0.jar:/home/user/.m2/repository/org/bouncycastle/bcpkix-jdk15on/1.60/bcpkix-jdk15on-1.60.jar:/home/user/.m2/repository/commons-validator/commons-validator/1.6/commons-validator-1.6.jar:/home/user/.m2/repository/commons-digester/commons-digester/1.8.1/commons-digester-1.8.1.jar:/home/user/.m2/repository/io/jaegertracing/jaeger-client/0.34.0/jaeger-client-0.34.0.jar:/home/user/.m2/repository/io/jaegertracing/jaeger-thrift/0.34.0/jaeger-thrift-0.34.0.jar:/home/user/.m2/repository/org/apache/thrift/libthrift/0.12.0/libthrift-0.12.0.jar:/home/user/.m2/repository/com/squareup/okhttp3/okhttp/3.9.0/okhttp-3.9.0.jar:/home/user/.m2/repository/com/squareup/okio/okio/1.13.0/okio-1.13.0.jar:/home/user/.m2/repository/io/jaegertracing/jaeger-core/0.34.0/jaeger-core-0.34.0.jar:/home/user/.m2/repository/io/jaegertracing/jaeger-tracerresolver/0.34.0/jaeger-tracerresolver-0.34.0.jar:/home/user/.m2/repository/io/opentracing/contrib/opentracing-tracerresolver/0.1.5/opentracing-tracerresolver-0.1.5.jar:/home/user/.m2/repository/io/opentracing/opentracing-util/0.31.0/opentracing-util-0.31.0.jar:/home/user/.m2/repository/io/opentracing/opentracing-api/0.31.0/opentracing-api-0.31.0.jar:/home/user/.m2/repository/io/opentracing/opentracing-noop/0.31.0/opentracing-noop-0.31.0.jar:/home/user/.m2/repository/org/yaml/snakeyaml/1.16/snakeyaml-1.16.jar:/home/user/.m2/repository/org/apache/hadoop/hadoop-hdds-container-service/0.5.0-SNAPSHOT/hadoop-hdds-container-service-0.5.0-SNAPSHOT.jar:/home/user/.m2/repository/org/apache/hadoop/hadoop-hdds-client/0.5.0-SNAPSHOT/hadoop-hdds-client-0.5.0-SNAPSHOT.jar:/home/user/.m2/repository/org/apache/hadoop/hadoop-hdds-tools/0.5.0-SNAPSHOT/hadoop-hdds-tools-0.5.0-SNAPSHOT.jar:/home/user/.m2/repository/org/xerial/sqlite-jdbc/3.25.2/sqlite-jdbc-3.25.2.jar:/home/user/.m2/repository/org/apache/hadoop/hadoop-hdds-server-scm/0.5.0-SNAPSHOT/hadoop-hdds-server-scm-0.5.0-SNAPSHOT.jar:/home/user/.m2/repository/org/hamcrest/hamcrest-all/1.3/hamcrest-all-1.3.jar:/home/user/.m2/repository/info/picocli/picocli/3.9.6/picocli-3.9.6.jar:/home/user/.m2/repository/com/google/protobuf/protobuf-java/2.5.0/protobuf-java-2.5.0.jar:/home/user/.m2/repository/com/google/guava/guava/11.0.2/guava-11.0.2.jar:/home/user/.m2/repository/org/apache/hadoop/hadoop-ozone-client/0.5.0-SNAPSHOT/hadoop-ozone-client-0.5.0-SNAPSHOT.jar:/workdir/hadoop-ozone/ozonefs/target/classes:/home/user/.m2/repository/org/apache/httpcomponents/httpclient/4.5.2/httpclient-4.5.2.jar:/home/user/.m2/repository/org/apache/httpcomponents/httpcore/4.4.4/httpcore-4.4.4.jar:/home/user/.m2/repository/org/apache/hadoop/hadoop-hdds-server-framework/0.5.0-SNAPSHOT/hadoop-hdds-server-framework-0.5.0-SNAPSHOT.jar:/home/user/.m2/repository/org/apache/hadoop/hadoop-common/3.2.0/hadoop-common-3.2.0.jar:/home/user/.m2/repository/org/apache/hadoop/hadoop-annotations/3.2.0/hadoop-annotations-3.2.0.jar:/usr/lib/jvm/java-1.8.0-openjdk-1.8.0.222.b10-1.el7_7.x86_64/jre/../lib/tools.jar:/home/user/.m2/repository/commons-cli/commons-cli/1.2/commons-cli-1.2.jar:/home/user/.m2/repository/org/apache/commons/commons-math3/3.1.1/commons-math3-3.1.1.jar:/home/user/.m2/repository/commons-codec/commons-codec/1.11/commons-codec-1.11.jar:/home/user/.m2/repository/commons-io/commons-io/2.5/commons-io-2.5.jar:/home/user/.m2/repository/commons-net/commons-net/3.6/commons-net-3.6.jar:/home/user/.m2/repository/commons-collections/commons-collections/3.2.2/commons-collections-3.2.2.jar:/home/user/.m2/repository/javax/servlet/javax.servlet-api/3.1.0/javax.servlet-api-3.1.0.jar:/home/user/.m2/repository/org/eclipse/jetty/jetty-server/9.3.25.v20180904/jetty-server-9.3.25.v20180904.jar:/home/user/.m2/repository/org/eclipse/jetty/jetty-http/9.3.25.v20180904/jetty-http-9.3.25.v20180904.jar:/home/user/.m2/repository/org/eclipse/jetty/jetty-io/9.3.25.v20180904/jetty-io-9.3.25.v20180904.jar:/home/user/.m2/repository/org/eclipse/jetty/jetty-util/9.3.25.v20180904/jetty-util-9.3.25.v20180904.jar:/home/user/.m2/repository/org/eclipse/jetty/jetty-servlet/9.3.25.v20180904/jetty-servlet-9.3.25.v20180904.jar:/home/user/.m2/repository/org/eclipse/jetty/jetty-security/9.3.25.v20180904/jetty-security-9.3.25.v20180904.jar:/home/user/.m2/repository/org/eclipse/jetty/jetty-webapp/9.3.25.v20180904/jetty-webapp-9.3.25.v20180904.jar:/home/user/.m2/repository/org/eclipse/jetty/jetty-xml/9.3.25.v20180904/jetty-xml-9.3.25.v20180904.jar:/home/user/.m2/repository/javax/servlet/jsp/jsp-api/2.1/jsp-api-2.1.jar:/home/user/.m2/repository/com/sun/jersey/jersey-core/1.19/jersey-core-1.19.jar:/home/user/.m2/repository/javax/ws/rs/jsr311-api/1.1.1/jsr311-api-1.1.1.jar:/home/user/.m2/repository/com/sun/jersey/jersey-servlet/1.19/jersey-servlet-1.19.jar:/home/user/.m2/repository/com/sun/jersey/jersey-json/1.19/jersey-json-1.19.jar:/home/user/.m2/repository/org/codehaus/jettison/jettison/1.1/jettison-1.1.jar:/home/user/.m2/repository/com/sun/xml/bind/jaxb-impl/2.3.0.1/jaxb-impl-2.3.0.1.jar:/home/user/.m2/repository/org/codehaus/jackson/jackson-core-asl/1.9.13/jackson-core-asl-1.9.13.jar:/home/user/.m2/repository/org/codehaus/jackson/jackson-mapper-asl/1.9.13/jackson-mapper-asl-1.9.13.jar:/home/user/.m2/repository/org/codehaus/jackson/jackson-jaxrs/1.9.13/jackson-jaxrs-1.9.13.jar:/home/user/.m2/repository/org/codehaus/jackson/jackson-xc/1.9.13/jackson-xc-1.9.13.jar:/home/user/.m2/repository/com/sun/jersey/jersey-server/1.19/jersey-server-1.19.jar:/home/user/.m2/repository/commons-logging/commons-logging/1.1.3/commons-logging-1.1.3.jar:/home/user/.m2/repository/log4j/log4j/1.2.17/log4j-1.2.17.jar:/home/user/.m2/repository/commons-beanutils/commons-beanutils/1.9.4/commons-beanutils-1.9.4.jar:/home/user/.m2/repository/org/apache/commons/commons-configuration2/2.1.1/commons-configuration2-2.1.1.jar:/home/user/.m2/repository/org/apache/commons/commons-lang3/3.7/commons-lang3-3.7.jar:/home/user/.m2/repository/org/apache/commons/commons-text/1.4/commons-text-1.4.jar:/home/user/.m2/repository/org/slf4j/slf4j-api/1.7.25/slf4j-api-1.7.25.jar:/home/user/.m2/repository/org/slf4j/slf4j-log4j12/1.7.25/slf4j-log4j12-1.7.25.jar:/home/user/.m2/repository/org/apache/avro/avro/1.7.7/avro-1.7.7.jar:/home/user/.m2/repository/com/thoughtworks/paranamer/paranamer/2.3/paranamer-2.3.jar:/home/user/.m2/repository/org/xerial/snappy/snappy-java/1.0.5/snappy-java-1.0.5.jar:/home/user/.m2/repository/com/google/re2j/re2j/1.1/re2j-1.1.jar:/home/user/.m2/repository/com/google/code/gson/gson/2.2.4/gson-2.2.4.jar:/home/user/.m2/repository/org/apache/hadoop/hadoop-auth/3.2.0/hadoop-auth-3.2.0.jar:/home/user/.m2/repository/com/nimbusds/nimbus-jose-jwt/4.41.1/nimbus-jose-jwt-4.41.1.jar:/home/user/.m2/repository/com/github/stephenc/jcip/jcip-annotations/1.0-1/jcip-annotations-1.0-1.jar:/home/user/.m2/repository/net/minidev/json-smart/2.3/json-smart-2.3.jar:/home/user/.m2/repository/net/minidev/accessors-smart/1.2/accessors-smart-1.2.jar:/home/user/.m2/repository/org/apache/curator/curator-framework/2.12.0/curator-framework-2.12.0.jar:/home/user/.m2/repository/com/jcraft/jsch/0.1.54/jsch-0.1.54.jar:/home/user/.m2/repository/org/apache/curator/curator-client/2.12.0/curator-client-2.12.0.jar:/home/user/.m2/repository/org/apache/curator/curator-recipes/2.12.0/curator-recipes-2.12.0.jar:/home/user/.m2/repository/com/google/code/findbugs/jsr305/3.0.0/jsr305-3.0.0.jar:/home/user/.m2/repository/org/apache/htrace/htrace-core4/4.1.0-incubating/htrace-core4-4.1.0-incubating.jar:/home/user/.m2/repository/org/apache/zookeeper/zookeeper/3.4.13/zookeeper-3.4.13.jar:/home/user/.m2/repository/jline/jline/0.9.94/jline-0.9.94.jar:/home/user/.m2/repository/org/apache/yetus/audience-annotations/0.5.0/audience-annotations-0.5.0.jar:/home/user/.m2/repository/org/apache/kerby/kerb-simplekdc/1.0.1/kerb-simplekdc-1.0.1.jar:/home/user/.m2/repository/org/apache/kerby/kerb-client/1.0.1/kerb-client-1.0.1.jar:/home/user/.m2/repository/org/apache/kerby/kerby-config/1.0.1/kerby-config-1.0.1.jar:/home/user/.m2/repository/org/apache/kerby/kerb-core/1.0.1/kerb-core-1.0.1.jar:/home/user/.m2/repository/org/apache/kerby/kerby-pkix/1.0.1/kerby-pkix-1.0.1.jar:/home/user/.m2/repository/org/apache/kerby/kerby-asn1/1.0.1/kerby-asn1-1.0.1.jar:/home/user/.m2/repository/org/apache/kerby/kerby-util/1.0.1/kerby-util-1.0.1.jar:/home/user/.m2/repository/org/apache/kerby/kerb-common/1.0.1/kerb-common-1.0.1.jar:/home/user/.m2/repository/org/apache/kerby/kerb-crypto/1.0.1/kerb-crypto-1.0.1.jar:/home/user/.m2/repository/org/apache/kerby/kerb-util/1.0.1/kerb-util-1.0.1.jar:/home/user/.m2/repository/org/apache/kerby/token-provider/1.0.1/token-provider-1.0.1.jar:/home/user/.m2/repository/org/apache/kerby/kerb-admin/1.0.1/kerb-admin-1.0.1.jar:/home/user/.m2/repository/org/apache/kerby/kerb-server/1.0.1/kerb-server-1.0.1.jar:/home/user/.m2/repository/org/apache/kerby/kerb-identity/1.0.1/kerb-identity-1.0.1.jar:/home/user/.m2/repository/org/apache/kerby/kerby-xdr/1.0.1/kerby-xdr-1.0.1.jar:/home/user/.m2/repository/com/fasterxml/jackson/core/jackson-databind/2.9.9/jackson-databind-2.9.9.jar:/home/user/.m2/repository/com/fasterxml/jackson/core/jackson-core/2.9.9/jackson-core-2.9.9.jar:/home/user/.m2/repository/org/codehaus/woodstox/stax2-api/3.1.4/stax2-api-3.1.4.jar:/home/user/.m2/repository/com/fasterxml/woodstox/woodstox-core/5.0.3/woodstox-core-5.0.3.jar:/home/user/.m2/repository/dnsjava/dnsjava/2.1.7/dnsjava-2.1.7.jar:/home/user/.m2/repository/org/apache/hadoop/hadoop-hdfs/3.2.0/hadoop-hdfs-3.2.0.jar:/home/user/.m2/repository/org/eclipse/jetty/jetty-util-ajax/9.3.25.v20180904/jetty-util-ajax-9.3.25.v20180904.jar:/home/user/.m2/repository/commons-daemon/commons-daemon/1.0.13/commons-daemon-1.0.13.jar:/home/user/.m2/repository/io/netty/netty/3.10.5.Final/netty-3.10.5.Final.jar:/home/user/.m2/repository/io/netty/netty-all/4.0.52.Final/netty-all-4.0.52.Final.jar:/home/user/.m2/repository/org/fusesource/leveldbjni/leveldbjni-all/1.8/leveldbjni-all-1.8.jar:/home/user/.m2/repository/com/sun/xml/bind/jaxb-core/2.3.0.1/jaxb-core-2.3.0.1.jar:/home/user/.m2/repository/javax/xml/bind/jaxb-api/2.3.0/jaxb-api-2.3.0.jar:/home/user/.m2/repository/javax/activation/activation/1.1.1/activation-1.1.1.jar:/home/user/.m2/repository/org/openjdk/jmh/jmh-core/1.19/jmh-core-1.19.jar:/home/user/.m2/repository/net/sf/jopt-simple/jopt-simple/4.6/jopt-simple-4.6.jar:/home/user/.m2/repository/org/openjdk/jmh/jmh-generator-annprocess/1.19/jmh-generator-annprocess-1.19.jar:/home/user/.m2/repository/io/dropwizard/metrics/metrics-core/3.2.4/metrics-core-3.2.4.jar:/home/user/.m2/repository/com/amazonaws/aws-java-sdk-s3/1.11.615/aws-java-sdk-s3-1.11.615.jar:/home/user/.m2/repository/com/amazonaws/aws-java-sdk-kms/1.11.615/aws-java-sdk-kms-1.11.615.jar:/home/user/.m2/repository/com/amazonaws/aws-java-sdk-core/1.11.615/aws-java-sdk-core-1.11.615.jar:/home/user/.m2/repository/software/amazon/ion/ion-java/1.0.2/ion-java-1.0.2.jar:/home/user/.m2/repository/com/fasterxml/jackson/dataformat/jackson-dataformat-cbor/2.9.9/jackson-dataformat-cbor-2.9.9.jar:/home/user/.m2/repository/joda-time/joda-time/2.9.9/joda-time-2.9.9.jar:/home/user/.m2/repository/com/amazonaws/jmespath-java/1.11.615/jmespath-java-1.11.615.jar:/home/user/.m2/repository/com/github/spotbugs/spotbugs/3.1.12/spotbugs-3.1.12.jar:/home/user/.m2/repository/org/ow2/asm/asm/5.0.4/asm-5.0.4.jar:/home/user/.m2/repository/org/ow2/asm/asm-analysis/7.0/asm-analysis-7.0.jar:/home/user/.m2/repository/org/ow2/asm/asm-commons/7.0/asm-commons-7.0.jar:/home/user/.m2/repository/org/ow2/asm/asm-tree/7.0/asm-tree-7.0.jar:/home/user/.m2/repository/org/ow2/asm/asm-util/7.0/asm-util-7.0.jar:/home/user/.m2/repository/org/apache/bcel/bcel/6.3/bcel-6.3.jar:/home/user/.m2/repository/net/jcip/jcip-annotations/1.0/jcip-annotations-1.0.jar:/home/user/.m2/repository/org/dom4j/dom4j/2.1.1/dom4j-2.1.1.jar:/home/user/.m2/repository/jaxen/jaxen/1.1.6/jaxen-1.1.6.jar:/home/user/.m2/repository/commons-lang/commons-lang/2.6/commons-lang-2.6.jar:/home/user/.m2/repository/com/github/spotbugs/spotbugs-annotations/3.1.12/spotbugs-annotations-3.1.12.jar:/home/user/.m2/repository/junit/junit/4.11/junit-4.11.jar:/home/user/.m2/repository/org/hamcrest/hamcrest-core/1.3/hamcrest-core-1.3.jar:/home/user/.m2/repository/org/apache/hadoop/hadoop-common/3.2.0/hadoop-common-3.2.0-tests.jar:/workdir/hadoop-ozone/integration-test/target/test-classes:/home/user/.m2/repository/org/apache/hadoop/hadoop-ozone-s3gateway/0.5.0-SNAPSHOT/hadoop-ozone-s3gateway-0.5.0-SNAPSHOT.jar:/home/user/.m2/repository/org/jboss/weld/servlet/weld-servlet/2.4.7.Final/weld-servlet-2.4.7.Final.jar:/home/user/.m2/repository/org/glassfish/jersey/containers/jersey-container-servlet-core/2.27/jersey-container-servlet-core-2.27.jar:/home/user/.m2/repository/org/glassfish/hk2/external/javax.inject/2.5.0-b42/javax.inject-2.5.0-b42.jar:/home/user/.m2/repository/org/glassfish/jersey/core/jersey-common/2.27/jersey-common-2.27.jar:/home/user/.m2/repository/org/glassfish/hk2/osgi-resource-locator/1.0.1/osgi-resource-locator-1.0.1.jar:/home/user/.m2/repository/javax/ws/rs/javax.ws.rs-api/2.1/javax.ws.rs-api-2.1.jar:/home/user/.m2/repository/org/glassfish/jersey/ext/cdi/jersey-cdi1x/2.27/jersey-cdi1x-2.27.jar:/home/user/.m2/repository/org/glassfish/jersey/inject/jersey-hk2/2.27/jersey-hk2-2.27.jar:/home/user/.m2/repository/org/glassfish/hk2/hk2-locator/2.5.0-b42/hk2-locator-2.5.0-b42.jar:/home/user/.m2/repository/org/javassist/javassist/3.22.0-CR2/javassist-3.22.0-CR2.jar:/home/user/.m2/repository/org/glassfish/hk2/hk2-api/2.5.0/hk2-api-2.5.0.jar:/home/user/.m2/repository/org/glassfish/hk2/external/jakarta.inject/2.5.0/jakarta.inject-2.5.0.jar:/home/user/.m2/repository/org/glassfish/hk2/hk2-utils/2.5.0/hk2-utils-2.5.0.jar:/home/user/.m2/repository/jakarta/annotation/jakarta.annotation-api/1.3.4/jakarta.annotation-api-1.3.4.jar:/home/user/.m2/repository/org/glassfish/hk2/external/aopalliance-repackaged/2.5.0/aopalliance-repackaged-2.5.0.jar:/home/user/.m2/repository/com/fasterxml/jackson/dataformat/jackson-dataformat-xml/2.9.0/jackson-dataformat-xml-2.9.0.jar:/home/user/.m2/repository/com/fasterxml/jackson/module/jackson-module-jaxb-annotations/2.9.9/jackson-module-jaxb-annotations-2.9.9.jar:/home/user/.m2/repository/javax/enterprise/cdi-api/1.2/cdi-api-1.2.jar:/home/user/.m2/repository/javax/el/javax.el-api/3.0.0/javax.el-api-3.0.0.jar:/home/user/.m2/repository/javax/interceptor/javax.interceptor-api/1.2/javax.interceptor-api-1.2.jar:/home/user/.m2/repository/javax/inject/javax.inject/1/javax.inject-1.jar:/home/user/.m2/repository/org/apache/hadoop/hadoop-ozone-csi/0.5.0-SNAPSHOT/hadoop-ozone-csi-0.5.0-SNAPSHOT.jar:/home/user/.m2/repository/com/google/protobuf/protobuf-java-util/3.5.1/protobuf-java-util-3.5.1.jar:/home/user/.m2/repository/io/grpc/grpc-netty/1.17.1/grpc-netty-1.17.1.jar:/home/user/.m2/repository/io/grpc/grpc-core/1.17.1/grpc-core-1.17.1.jar:/home/user/.m2/repository/io/grpc/grpc-context/1.17.1/grpc-context-1.17.1.jar:/home/user/.m2/repository/com/google/errorprone/error_prone_annotations/2.2.0/error_prone_annotations-2.2.0.jar:/home/user/.m2/repository/org/codehaus/mojo/animal-sniffer-annotations/1.17/animal-sniffer-annotations-1.17.jar:/home/user/.m2/repository/io/opencensus/opencensus-api/0.17.0/opencensus-api-0.17.0.jar:/home/user/.m2/repository/io/opencensus/opencensus-contrib-grpc-metrics/0.17.0/opencensus-contrib-grpc-metrics-0.17.0.jar:/home/user/.m2/repository/io/netty/netty-codec-http2/4.1.30.Final/netty-codec-http2-4.1.30.Final.jar:/home/user/.m2/repository/io/netty/netty-codec-http/4.1.30.Final/netty-codec-http-4.1.30.Final.jar:/home/user/.m2/repository/io/netty/netty-codec/4.1.30.Final/netty-codec-4.1.30.Final.jar:/home/user/.m2/repository/io/netty/netty-handler/4.1.30.Final/netty-handler-4.1.30.Final.jar:/home/user/.m2/repository/io/netty/netty-handler-proxy/4.1.30.Final/netty-handler-proxy-4.1.30.Final.jar:/home/user/.m2/repository/io/netty/netty-codec-socks/4.1.30.Final/netty-codec-socks-4.1.30.Final.jar:/home/user/.m2/repository/io/netty/netty-transport-native-epoll/4.1.30.Final/netty-transport-native-epoll-4.1.30.Final.jar:/home/user/.m2/repository/io/netty/netty-common/4.1.30.Final/netty-common-4.1.30.Final.jar:/home/user/.m2/repository/io/netty/netty-buffer/4.1.30.Final/netty-buffer-4.1.30.Final.jar:/home/user/.m2/repository/io/netty/netty-transport/4.1.30.Final/netty-transport-4.1.30.Final.jar:/home/user/.m2/repository/io/netty/netty-resolver/4.1.30.Final/netty-resolver-4.1.30.Final.jar:/home/user/.m2/repository/io/netty/netty-transport-native-unix-common/4.1.30.Final/netty-transport-native-unix-common-4.1.30.Final.jar:/home/user/.m2/repository/io/grpc/grpc-protobuf/1.17.1/grpc-protobuf-1.17.1.jar:/home/user/.m2/repository/com/google/api/grpc/proto-google-common-protos/1.0.0/proto-google-common-protos-1.0.0.jar:/home/user/.m2/repository/io/grpc/grpc-protobuf-lite/1.17.1/grpc-protobuf-lite-1.17.1.jar:/home/user/.m2/repository/io/grpc/grpc-stub/1.17.1/grpc-stub-1.17.1.jar:/home/user/.m2/repository/org/apache/hadoop/hadoop-ozone-recon/0.5.0-SNAPSHOT/hadoop-ozone-recon-0.5.0-SNAPSHOT.jar:/home/user/.m2/repository/org/apache/hadoop/hadoop-ozone-reconcodegen/0.5.0-SNAPSHOT/hadoop-ozone-reconcodegen-0.5.0-SNAPSHOT.jar:/home/user/.m2/repository/com/google/inject/extensions/guice-multibindings/4.0/guice-multibindings-4.0.jar:/home/user/.m2/repository/com/google/inject/guice/4.0/guice-4.0.jar:/home/user/.m2/repository/aopalliance/aopalliance/1.0/aopalliance-1.0.jar:/home/user/.m2/repository/com/google/inject/extensions/guice-servlet/4.0/guice-servlet-4.0.jar:/home/user/.m2/repository/org/glassfish/jersey/containers/jersey-container-servlet/2.27/jersey-container-servlet-2.27.jar:/home/user/.m2/repository/org/glassfish/hk2/guice-bridge/2.5.0/guice-bridge-2.5.0.jar:/home/user/.m2/repository/org/glassfish/jersey/core/jersey-server/2.27/jersey-server-2.27.jar:/home/user/.m2/repository/org/glassfish/jersey/core/jersey-client/2.27/jersey-client-2.27.jar:/home/user/.m2/repository/org/glassfish/jersey/media/jersey-media-jaxb/2.27/jersey-media-jaxb-2.27.jar:/home/user/.m2/repository/javax/validation/validation-api/1.1.0.Final/validation-api-1.1.0.Final.jar:/home/user/.m2/repository/org/glassfish/jersey/media/jersey-media-json-jackson/2.27/jersey-media-json-jackson-2.27.jar:/home/user/.m2/repository/org/glassfish/jersey/ext/jersey-entity-filtering/2.27/jersey-entity-filtering-2.27.jar:/home/user/.m2/repository/com/google/inject/extensions/guice-assistedinject/4.0/guice-assistedinject-4.0.jar:/home/user/.m2/repository/org/jooq/jooq/3.11.10/jooq-3.11.10.jar:/home/user/.m2/repository/org/jooq/jooq-meta/3.11.10/jooq-meta-3.11.10.jar:/home/user/.m2/repository/org/jooq/jooq-codegen/3.11.10/jooq-codegen-3.11.10.jar:/home/user/.m2/repository/com/jolbox/bonecp/0.8.0.RELEASE/bonecp-0.8.0.RELEASE.jar:/home/user/.m2/repository/org/springframework/spring-jdbc/5.1.3.RELEASE/spring-jdbc-5.1.3.RELEASE.jar:/home/user/.m2/repository/org/springframework/spring-beans/5.1.3.RELEASE/spring-beans-5.1.3.RELEASE.jar:/home/user/.m2/repository/org/springframework/spring-core/5.1.3.RELEASE/spring-core-5.1.3.RELEASE.jar:/home/user/.m2/repository/org/springframework/spring-jcl/5.1.3.RELEASE/spring-jcl-5.1.3.RELEASE.jar:/home/user/.m2/repository/org/springframework/spring-tx/5.1.3.RELEASE/spring-tx-5.1.3.RELEASE.jar:/home/user/.m2/repository/org/mockito/mockito-core/2.15.0/mockito-core-2.15.0.jar:/home/user/.m2/repository/net/bytebuddy/byte-buddy/1.7.9/byte-buddy-1.7.9.jar:/home/user/.m2/repository/net/bytebuddy/byte-buddy-agent/1.7.9/byte-buddy-agent-1.7.9.jar:/home/user/.m2/repository/org/objenesis/objenesis/1.0/objenesis-1.0.jar:"/>
    <property name="java.vm.vendor" value="Oracle Corporation"/>
    <property name="sun.arch.data.model" value="64"/>
    <property name="test.build.dir" value="/workdir/hadoop-ozone/tools/target/test-dir"/>
    <property name="test.cache.data" value=""/>
    <property name="java.vendor.url" value="http://java.oracle.com/"/>
    <property name="user.timezone" value=""/>
    <property name="java.vm.specification.version" value="1.8"/>
    <property name="os.name" value="Linux"/>
    <property name="test.build.data" value="/workdir/hadoop-ozone/tools/target/test-dir"/>
    <property name="user.country" value="US"/>
    <property name="sun.java.launcher" value="SUN_STANDARD"/>
    <property name="sun.boot.library.path" value="/usr/lib/jvm/java-1.8.0-openjdk-1.8.0.222.b10-1.el7_7.x86_64/jre/lib/amd64"/>
    <property name="sun.java.command" value="/workdir/hadoop-ozone/tools/target/surefire/surefirebooter3028933947645315027.jar /workdir/hadoop-ozone/tools/target/surefire 2019-11-15T00-24-20_914-jvmRun1 surefire1532910318251043651tmp surefire_1026182071101220574285tmp"/>
    <property name="surefire.test.class.path" value="/workdir/hadoop-ozone/tools/target/test-classes:/workdir/hadoop-ozone/tools/target/classes:/home/user/.m2/repository/org/apache/hadoop/hadoop-ozone-ozone-manager/0.5.0-SNAPSHOT/hadoop-ozone-ozone-manager-0.5.0-SNAPSHOT.jar:/home/user/.m2/repository/org/apache/hadoop/hadoop-hdds-docs/0.5.0-SNAPSHOT/hadoop-hdds-docs-0.5.0-SNAPSHOT.jar:/home/user/.m2/repository/org/bouncycastle/bcprov-jdk15on/1.60/bcprov-jdk15on-1.60.jar:/home/user/.m2/repository/org/apache/hadoop/hadoop-ozone-common/0.5.0-SNAPSHOT/hadoop-ozone-common-0.5.0-SNAPSHOT.jar:/home/user/.m2/repository/org/apache/commons/commons-compress/1.4.1/commons-compress-1.4.1.jar:/home/user/.m2/repository/org/tukaani/xz/1.0/xz-1.0.jar:/home/user/.m2/repository/org/apache/hadoop/hadoop-hdfs-client/3.2.0/hadoop-hdfs-client-3.2.0.jar:/home/user/.m2/repository/com/fasterxml/jackson/core/jackson-annotations/2.9.9/jackson-annotations-2.9.9.jar:/home/user/.m2/repository/org/apache/hadoop/hadoop-hdds-common/0.5.0-SNAPSHOT/hadoop-hdds-common-0.5.0-SNAPSHOT.jar:/home/user/.m2/repository/org/apache/hadoop/hadoop-hdds-config/0.5.0-SNAPSHOT/hadoop-hdds-config-0.5.0-SNAPSHOT.jar:/home/user/.m2/repository/javax/annotation/javax.annotation-api/1.2/javax.annotation-api-1.2.jar:/home/user/.m2/repository/org/apache/ratis/ratis-server/0.5.0-d6d58d0-SNAPSHOT/ratis-server-0.5.0-d6d58d0-SNAPSHOT.jar:/home/user/.m2/repository/org/apache/ratis/ratis-thirdparty-misc/0.2.0/ratis-thirdparty-misc-0.2.0.jar:/home/user/.m2/repository/org/apache/ratis/ratis-proto/0.5.0-d6d58d0-SNAPSHOT/ratis-proto-0.5.0-d6d58d0-SNAPSHOT.jar:/home/user/.m2/repository/org/apache/ratis/ratis-common/0.5.0-d6d58d0-SNAPSHOT/ratis-common-0.5.0-d6d58d0-SNAPSHOT.jar:/home/user/.m2/repository/org/apache/ratis/ratis-client/0.5.0-d6d58d0-SNAPSHOT/ratis-client-0.5.0-d6d58d0-SNAPSHOT.jar:/home/user/.m2/repository/org/apache/ratis/ratis-metrics/0.5.0-d6d58d0-SNAPSHOT/ratis-metrics-0.5.0-d6d58d0-SNAPSHOT.jar:/home/user/.m2/repository/org/apache/ratis/ratis-netty/0.5.0-d6d58d0-SNAPSHOT/ratis-netty-0.5.0-d6d58d0-SNAPSHOT.jar:/home/user/.m2/repository/org/apache/ratis/ratis-grpc/0.5.0-d6d58d0-SNAPSHOT/ratis-grpc-0.5.0-d6d58d0-SNAPSHOT.jar:/home/user/.m2/repository/org/rocksdb/rocksdbjni/6.0.1/rocksdbjni-6.0.1.jar:/home/user/.m2/repository/org/apache/logging/log4j/log4j-api/2.11.0/log4j-api-2.11.0.jar:/home/user/.m2/repository/org/apache/logging/log4j/log4j-core/2.11.0/log4j-core-2.11.0.jar:/home/user/.m2/repository/com/lmax/disruptor/3.4.2/disruptor-3.4.2.jar:/home/user/.m2/repository/org/apache/commons/commons-pool2/2.6.0/commons-pool2-2.6.0.jar:/home/user/.m2/repository/org/bouncycastle/bcpkix-jdk15on/1.60/bcpkix-jdk15on-1.60.jar:/home/user/.m2/repository/commons-validator/commons-validator/1.6/commons-validator-1.6.jar:/home/user/.m2/repository/commons-digester/commons-digester/1.8.1/commons-digester-1.8.1.jar:/home/user/.m2/repository/io/jaegertracing/jaeger-client/0.34.0/jaeger-client-0.34.0.jar:/home/user/.m2/repository/io/jaegertracing/jaeger-thrift/0.34.0/jaeger-thrift-0.34.0.jar:/home/user/.m2/repository/org/apache/thrift/libthrift/0.12.0/libthrift-0.12.0.jar:/home/user/.m2/repository/com/squareup/okhttp3/okhttp/3.9.0/okhttp-3.9.0.jar:/home/user/.m2/repository/com/squareup/okio/okio/1.13.0/okio-1.13.0.jar:/home/user/.m2/repository/io/jaegertracing/jaeger-core/0.34.0/jaeger-core-0.34.0.jar:/home/user/.m2/repository/io/jaegertracing/jaeger-tracerresolver/0.34.0/jaeger-tracerresolver-0.34.0.jar:/home/user/.m2/repository/io/opentracing/contrib/opentracing-tracerresolver/0.1.5/opentracing-tracerresolver-0.1.5.jar:/home/user/.m2/repository/io/opentracing/opentracing-util/0.31.0/opentracing-util-0.31.0.jar:/home/user/.m2/repository/io/opentracing/opentracing-api/0.31.0/opentracing-api-0.31.0.jar:/home/user/.m2/repository/io/opentracing/opentracing-noop/0.31.0/opentracing-noop-0.31.0.jar:/home/user/.m2/repository/org/yaml/snakeyaml/1.16/snakeyaml-1.16.jar:/home/user/.m2/repository/org/apache/hadoop/hadoop-hdds-container-service/0.5.0-SNAPSHOT/hadoop-hdds-container-service-0.5.0-SNAPSHOT.jar:/home/user/.m2/repository/org/apache/hadoop/hadoop-hdds-client/0.5.0-SNAPSHOT/hadoop-hdds-client-0.5.0-SNAPSHOT.jar:/home/user/.m2/repository/org/apache/hadoop/hadoop-hdds-tools/0.5.0-SNAPSHOT/hadoop-hdds-tools-0.5.0-SNAPSHOT.jar:/home/user/.m2/repository/org/xerial/sqlite-jdbc/3.25.2/sqlite-jdbc-3.25.2.jar:/home/user/.m2/repository/org/apache/hadoop/hadoop-hdds-server-scm/0.5.0-SNAPSHOT/hadoop-hdds-server-scm-0.5.0-SNAPSHOT.jar:/home/user/.m2/repository/org/hamcrest/hamcrest-all/1.3/hamcrest-all-1.3.jar:/home/user/.m2/repository/info/picocli/picocli/3.9.6/picocli-3.9.6.jar:/home/user/.m2/repository/com/google/protobuf/protobuf-java/2.5.0/protobuf-java-2.5.0.jar:/home/user/.m2/repository/com/google/guava/guava/11.0.2/guava-11.0.2.jar:/home/user/.m2/repository/org/apache/hadoop/hadoop-ozone-client/0.5.0-SNAPSHOT/hadoop-ozone-client-0.5.0-SNAPSHOT.jar:/workdir/hadoop-ozone/ozonefs/target/classes:/home/user/.m2/repository/org/apache/httpcomponents/httpclient/4.5.2/httpclient-4.5.2.jar:/home/user/.m2/repository/org/apache/httpcomponents/httpcore/4.4.4/httpcore-4.4.4.jar:/home/user/.m2/repository/org/apache/hadoop/hadoop-hdds-server-framework/0.5.0-SNAPSHOT/hadoop-hdds-server-framework-0.5.0-SNAPSHOT.jar:/home/user/.m2/repository/org/apache/hadoop/hadoop-common/3.2.0/hadoop-common-3.2.0.jar:/home/user/.m2/repository/org/apache/hadoop/hadoop-annotations/3.2.0/hadoop-annotations-3.2.0.jar:/usr/lib/jvm/java-1.8.0-openjdk-1.8.0.222.b10-1.el7_7.x86_64/jre/../lib/tools.jar:/home/user/.m2/repository/commons-cli/commons-cli/1.2/commons-cli-1.2.jar:/home/user/.m2/repository/org/apache/commons/commons-math3/3.1.1/commons-math3-3.1.1.jar:/home/user/.m2/repository/commons-codec/commons-codec/1.11/commons-codec-1.11.jar:/home/user/.m2/repository/commons-io/commons-io/2.5/commons-io-2.5.jar:/home/user/.m2/repository/commons-net/commons-net/3.6/commons-net-3.6.jar:/home/user/.m2/repository/commons-collections/commons-collections/3.2.2/commons-collections-3.2.2.jar:/home/user/.m2/repository/javax/servlet/javax.servlet-api/3.1.0/javax.servlet-api-3.1.0.jar:/home/user/.m2/repository/org/eclipse/jetty/jetty-server/9.3.25.v20180904/jetty-server-9.3.25.v20180904.jar:/home/user/.m2/repository/org/eclipse/jetty/jetty-http/9.3.25.v20180904/jetty-http-9.3.25.v20180904.jar:/home/user/.m2/repository/org/eclipse/jetty/jetty-io/9.3.25.v20180904/jetty-io-9.3.25.v20180904.jar:/home/user/.m2/repository/org/eclipse/jetty/jetty-util/9.3.25.v20180904/jetty-util-9.3.25.v20180904.jar:/home/user/.m2/repository/org/eclipse/jetty/jetty-servlet/9.3.25.v20180904/jetty-servlet-9.3.25.v20180904.jar:/home/user/.m2/repository/org/eclipse/jetty/jetty-security/9.3.25.v20180904/jetty-security-9.3.25.v20180904.jar:/home/user/.m2/repository/org/eclipse/jetty/jetty-webapp/9.3.25.v20180904/jetty-webapp-9.3.25.v20180904.jar:/home/user/.m2/repository/org/eclipse/jetty/jetty-xml/9.3.25.v20180904/jetty-xml-9.3.25.v20180904.jar:/home/user/.m2/repository/javax/servlet/jsp/jsp-api/2.1/jsp-api-2.1.jar:/home/user/.m2/repository/com/sun/jersey/jersey-core/1.19/jersey-core-1.19.jar:/home/user/.m2/repository/javax/ws/rs/jsr311-api/1.1.1/jsr311-api-1.1.1.jar:/home/user/.m2/repository/com/sun/jersey/jersey-servlet/1.19/jersey-servlet-1.19.jar:/home/user/.m2/repository/com/sun/jersey/jersey-json/1.19/jersey-json-1.19.jar:/home/user/.m2/repository/org/codehaus/jettison/jettison/1.1/jettison-1.1.jar:/home/user/.m2/repository/com/sun/xml/bind/jaxb-impl/2.3.0.1/jaxb-impl-2.3.0.1.jar:/home/user/.m2/repository/org/codehaus/jackson/jackson-core-asl/1.9.13/jackson-core-asl-1.9.13.jar:/home/user/.m2/repository/org/codehaus/jackson/jackson-mapper-asl/1.9.13/jackson-mapper-asl-1.9.13.jar:/home/user/.m2/repository/org/codehaus/jackson/jackson-jaxrs/1.9.13/jackson-jaxrs-1.9.13.jar:/home/user/.m2/repository/org/codehaus/jackson/jackson-xc/1.9.13/jackson-xc-1.9.13.jar:/home/user/.m2/repository/com/sun/jersey/jersey-server/1.19/jersey-server-1.19.jar:/home/user/.m2/repository/commons-logging/commons-logging/1.1.3/commons-logging-1.1.3.jar:/home/user/.m2/repository/log4j/log4j/1.2.17/log4j-1.2.17.jar:/home/user/.m2/repository/commons-beanutils/commons-beanutils/1.9.4/commons-beanutils-1.9.4.jar:/home/user/.m2/repository/org/apache/commons/commons-configuration2/2.1.1/commons-configuration2-2.1.1.jar:/home/user/.m2/repository/org/apache/commons/commons-lang3/3.7/commons-lang3-3.7.jar:/home/user/.m2/repository/org/apache/commons/commons-text/1.4/commons-text-1.4.jar:/home/user/.m2/repository/org/slf4j/slf4j-api/1.7.25/slf4j-api-1.7.25.jar:/home/user/.m2/repository/org/slf4j/slf4j-log4j12/1.7.25/slf4j-log4j12-1.7.25.jar:/home/user/.m2/repository/org/apache/avro/avro/1.7.7/avro-1.7.7.jar:/home/user/.m2/repository/com/thoughtworks/paranamer/paranamer/2.3/paranamer-2.3.jar:/home/user/.m2/repository/org/xerial/snappy/snappy-java/1.0.5/snappy-java-1.0.5.jar:/home/user/.m2/repository/com/google/re2j/re2j/1.1/re2j-1.1.jar:/home/user/.m2/repository/com/google/code/gson/gson/2.2.4/gson-2.2.4.jar:/home/user/.m2/repository/org/apache/hadoop/hadoop-auth/3.2.0/hadoop-auth-3.2.0.jar:/home/user/.m2/repository/com/nimbusds/nimbus-jose-jwt/4.41.1/nimbus-jose-jwt-4.41.1.jar:/home/user/.m2/repository/com/github/stephenc/jcip/jcip-annotations/1.0-1/jcip-annotations-1.0-1.jar:/home/user/.m2/repository/net/minidev/json-smart/2.3/json-smart-2.3.jar:/home/user/.m2/repository/net/minidev/accessors-smart/1.2/accessors-smart-1.2.jar:/home/user/.m2/repository/org/apache/curator/curator-framework/2.12.0/curator-framework-2.12.0.jar:/home/user/.m2/repository/com/jcraft/jsch/0.1.54/jsch-0.1.54.jar:/home/user/.m2/repository/org/apache/curator/curator-client/2.12.0/curator-client-2.12.0.jar:/home/user/.m2/repository/org/apache/curator/curator-recipes/2.12.0/curator-recipes-2.12.0.jar:/home/user/.m2/repository/com/google/code/findbugs/jsr305/3.0.0/jsr305-3.0.0.jar:/home/user/.m2/repository/org/apache/htrace/htrace-core4/4.1.0-incubating/htrace-core4-4.1.0-incubating.jar:/home/user/.m2/repository/org/apache/zookeeper/zookeeper/3.4.13/zookeeper-3.4.13.jar:/home/user/.m2/repository/jline/jline/0.9.94/jline-0.9.94.jar:/home/user/.m2/repository/org/apache/yetus/audience-annotations/0.5.0/audience-annotations-0.5.0.jar:/home/user/.m2/repository/org/apache/kerby/kerb-simplekdc/1.0.1/kerb-simplekdc-1.0.1.jar:/home/user/.m2/repository/org/apache/kerby/kerb-client/1.0.1/kerb-client-1.0.1.jar:/home/user/.m2/repository/org/apache/kerby/kerby-config/1.0.1/kerby-config-1.0.1.jar:/home/user/.m2/repository/org/apache/kerby/kerb-core/1.0.1/kerb-core-1.0.1.jar:/home/user/.m2/repository/org/apache/kerby/kerby-pkix/1.0.1/kerby-pkix-1.0.1.jar:/home/user/.m2/repository/org/apache/kerby/kerby-asn1/1.0.1/kerby-asn1-1.0.1.jar:/home/user/.m2/repository/org/apache/kerby/kerby-util/1.0.1/kerby-util-1.0.1.jar:/home/user/.m2/repository/org/apache/kerby/kerb-common/1.0.1/kerb-common-1.0.1.jar:/home/user/.m2/repository/org/apache/kerby/kerb-crypto/1.0.1/kerb-crypto-1.0.1.jar:/home/user/.m2/repository/org/apache/kerby/kerb-util/1.0.1/kerb-util-1.0.1.jar:/home/user/.m2/repository/org/apache/kerby/token-provider/1.0.1/token-provider-1.0.1.jar:/home/user/.m2/repository/org/apache/kerby/kerb-admin/1.0.1/kerb-admin-1.0.1.jar:/home/user/.m2/repository/org/apache/kerby/kerb-server/1.0.1/kerb-server-1.0.1.jar:/home/user/.m2/repository/org/apache/kerby/kerb-identity/1.0.1/kerb-identity-1.0.1.jar:/home/user/.m2/repository/org/apache/kerby/kerby-xdr/1.0.1/kerby-xdr-1.0.1.jar:/home/user/.m2/repository/com/fasterxml/jackson/core/jackson-databind/2.9.9/jackson-databind-2.9.9.jar:/home/user/.m2/repository/com/fasterxml/jackson/core/jackson-core/2.9.9/jackson-core-2.9.9.jar:/home/user/.m2/repository/org/codehaus/woodstox/stax2-api/3.1.4/stax2-api-3.1.4.jar:/home/user/.m2/repository/com/fasterxml/woodstox/woodstox-core/5.0.3/woodstox-core-5.0.3.jar:/home/user/.m2/repository/dnsjava/dnsjava/2.1.7/dnsjava-2.1.7.jar:/home/user/.m2/repository/org/apache/hadoop/hadoop-hdfs/3.2.0/hadoop-hdfs-3.2.0.jar:/home/user/.m2/repository/org/eclipse/jetty/jetty-util-ajax/9.3.25.v20180904/jetty-util-ajax-9.3.25.v20180904.jar:/home/user/.m2/repository/commons-daemon/commons-daemon/1.0.13/commons-daemon-1.0.13.jar:/home/user/.m2/repository/io/netty/netty/3.10.5.Final/netty-3.10.5.Final.jar:/home/user/.m2/repository/io/netty/netty-all/4.0.52.Final/netty-all-4.0.52.Final.jar:/home/user/.m2/repository/org/fusesource/leveldbjni/leveldbjni-all/1.8/leveldbjni-all-1.8.jar:/home/user/.m2/repository/com/sun/xml/bind/jaxb-core/2.3.0.1/jaxb-core-2.3.0.1.jar:/home/user/.m2/repository/javax/xml/bind/jaxb-api/2.3.0/jaxb-api-2.3.0.jar:/home/user/.m2/repository/javax/activation/activation/1.1.1/activation-1.1.1.jar:/home/user/.m2/repository/org/openjdk/jmh/jmh-core/1.19/jmh-core-1.19.jar:/home/user/.m2/repository/net/sf/jopt-simple/jopt-simple/4.6/jopt-simple-4.6.jar:/home/user/.m2/repository/org/openjdk/jmh/jmh-generator-annprocess/1.19/jmh-generator-annprocess-1.19.jar:/home/user/.m2/repository/io/dropwizard/metrics/metrics-core/3.2.4/metrics-core-3.2.4.jar:/home/user/.m2/repository/com/amazonaws/aws-java-sdk-s3/1.11.615/aws-java-sdk-s3-1.11.615.jar:/home/user/.m2/repository/com/amazonaws/aws-java-sdk-kms/1.11.615/aws-java-sdk-kms-1.11.615.jar:/home/user/.m2/repository/com/amazonaws/aws-java-sdk-core/1.11.615/aws-java-sdk-core-1.11.615.jar:/home/user/.m2/repository/software/amazon/ion/ion-java/1.0.2/ion-java-1.0.2.jar:/home/user/.m2/repository/com/fasterxml/jackson/dataformat/jackson-dataformat-cbor/2.9.9/jackson-dataformat-cbor-2.9.9.jar:/home/user/.m2/repository/joda-time/joda-time/2.9.9/joda-time-2.9.9.jar:/home/user/.m2/repository/com/amazonaws/jmespath-java/1.11.615/jmespath-java-1.11.615.jar:/home/user/.m2/repository/com/github/spotbugs/spotbugs/3.1.12/spotbugs-3.1.12.jar:/home/user/.m2/repository/org/ow2/asm/asm/5.0.4/asm-5.0.4.jar:/home/user/.m2/repository/org/ow2/asm/asm-analysis/7.0/asm-analysis-7.0.jar:/home/user/.m2/repository/org/ow2/asm/asm-commons/7.0/asm-commons-7.0.jar:/home/user/.m2/repository/org/ow2/asm/asm-tree/7.0/asm-tree-7.0.jar:/home/user/.m2/repository/org/ow2/asm/asm-util/7.0/asm-util-7.0.jar:/home/user/.m2/repository/org/apache/bcel/bcel/6.3/bcel-6.3.jar:/home/user/.m2/repository/net/jcip/jcip-annotations/1.0/jcip-annotations-1.0.jar:/home/user/.m2/repository/org/dom4j/dom4j/2.1.1/dom4j-2.1.1.jar:/home/user/.m2/repository/jaxen/jaxen/1.1.6/jaxen-1.1.6.jar:/home/user/.m2/repository/commons-lang/commons-lang/2.6/commons-lang-2.6.jar:/home/user/.m2/repository/com/github/spotbugs/spotbugs-annotations/3.1.12/spotbugs-annotations-3.1.12.jar:/home/user/.m2/repository/junit/junit/4.11/junit-4.11.jar:/home/user/.m2/repository/org/hamcrest/hamcrest-core/1.3/hamcrest-core-1.3.jar:/home/user/.m2/repository/org/apache/hadoop/hadoop-common/3.2.0/hadoop-common-3.2.0-tests.jar:/workdir/hadoop-ozone/integration-test/target/test-classes:/home/user/.m2/repository/org/apache/hadoop/hadoop-ozone-s3gateway/0.5.0-SNAPSHOT/hadoop-ozone-s3gateway-0.5.0-SNAPSHOT.jar:/home/user/.m2/repository/org/jboss/weld/servlet/weld-servlet/2.4.7.Final/weld-servlet-2.4.7.Final.jar:/home/user/.m2/repository/org/glassfish/jersey/containers/jersey-container-servlet-core/2.27/jersey-container-servlet-core-2.27.jar:/home/user/.m2/repository/org/glassfish/hk2/external/javax.inject/2.5.0-b42/javax.inject-2.5.0-b42.jar:/home/user/.m2/repository/org/glassfish/jersey/core/jersey-common/2.27/jersey-common-2.27.jar:/home/user/.m2/repository/org/glassfish/hk2/osgi-resource-locator/1.0.1/osgi-resource-locator-1.0.1.jar:/home/user/.m2/repository/javax/ws/rs/javax.ws.rs-api/2.1/javax.ws.rs-api-2.1.jar:/home/user/.m2/repository/org/glassfish/jersey/ext/cdi/jersey-cdi1x/2.27/jersey-cdi1x-2.27.jar:/home/user/.m2/repository/org/glassfish/jersey/inject/jersey-hk2/2.27/jersey-hk2-2.27.jar:/home/user/.m2/repository/org/glassfish/hk2/hk2-locator/2.5.0-b42/hk2-locator-2.5.0-b42.jar:/home/user/.m2/repository/org/javassist/javassist/3.22.0-CR2/javassist-3.22.0-CR2.jar:/home/user/.m2/repository/org/glassfish/hk2/hk2-api/2.5.0/hk2-api-2.5.0.jar:/home/user/.m2/repository/org/glassfish/hk2/external/jakarta.inject/2.5.0/jakarta.inject-2.5.0.jar:/home/user/.m2/repository/org/glassfish/hk2/hk2-utils/2.5.0/hk2-utils-2.5.0.jar:/home/user/.m2/repository/jakarta/annotation/jakarta.annotation-api/1.3.4/jakarta.annotation-api-1.3.4.jar:/home/user/.m2/repository/org/glassfish/hk2/external/aopalliance-repackaged/2.5.0/aopalliance-repackaged-2.5.0.jar:/home/user/.m2/repository/com/fasterxml/jackson/dataformat/jackson-dataformat-xml/2.9.0/jackson-dataformat-xml-2.9.0.jar:/home/user/.m2/repository/com/fasterxml/jackson/module/jackson-module-jaxb-annotations/2.9.9/jackson-module-jaxb-annotations-2.9.9.jar:/home/user/.m2/repository/javax/enterprise/cdi-api/1.2/cdi-api-1.2.jar:/home/user/.m2/repository/javax/el/javax.el-api/3.0.0/javax.el-api-3.0.0.jar:/home/user/.m2/repository/javax/interceptor/javax.interceptor-api/1.2/javax.interceptor-api-1.2.jar:/home/user/.m2/repository/javax/inject/javax.inject/1/javax.inject-1.jar:/home/user/.m2/repository/org/apache/hadoop/hadoop-ozone-csi/0.5.0-SNAPSHOT/hadoop-ozone-csi-0.5.0-SNAPSHOT.jar:/home/user/.m2/repository/com/google/protobuf/protobuf-java-util/3.5.1/protobuf-java-util-3.5.1.jar:/home/user/.m2/repository/io/grpc/grpc-netty/1.17.1/grpc-netty-1.17.1.jar:/home/user/.m2/repository/io/grpc/grpc-core/1.17.1/grpc-core-1.17.1.jar:/home/user/.m2/repository/io/grpc/grpc-context/1.17.1/grpc-context-1.17.1.jar:/home/user/.m2/repository/com/google/errorprone/error_prone_annotations/2.2.0/error_prone_annotations-2.2.0.jar:/home/user/.m2/repository/org/codehaus/mojo/animal-sniffer-annotations/1.17/animal-sniffer-annotations-1.17.jar:/home/user/.m2/repository/io/opencensus/opencensus-api/0.17.0/opencensus-api-0.17.0.jar:/home/user/.m2/repository/io/opencensus/opencensus-contrib-grpc-metrics/0.17.0/opencensus-contrib-grpc-metrics-0.17.0.jar:/home/user/.m2/repository/io/netty/netty-codec-http2/4.1.30.Final/netty-codec-http2-4.1.30.Final.jar:/home/user/.m2/repository/io/netty/netty-codec-http/4.1.30.Final/netty-codec-http-4.1.30.Final.jar:/home/user/.m2/repository/io/netty/netty-codec/4.1.30.Final/netty-codec-4.1.30.Final.jar:/home/user/.m2/repository/io/netty/netty-handler/4.1.30.Final/netty-handler-4.1.30.Final.jar:/home/user/.m2/repository/io/netty/netty-handler-proxy/4.1.30.Final/netty-handler-proxy-4.1.30.Final.jar:/home/user/.m2/repository/io/netty/netty-codec-socks/4.1.30.Final/netty-codec-socks-4.1.30.Final.jar:/home/user/.m2/repository/io/netty/netty-transport-native-epoll/4.1.30.Final/netty-transport-native-epoll-4.1.30.Final.jar:/home/user/.m2/repository/io/netty/netty-common/4.1.30.Final/netty-common-4.1.30.Final.jar:/home/user/.m2/repository/io/netty/netty-buffer/4.1.30.Final/netty-buffer-4.1.30.Final.jar:/home/user/.m2/repository/io/netty/netty-transport/4.1.30.Final/netty-transport-4.1.30.Final.jar:/home/user/.m2/repository/io/netty/netty-resolver/4.1.30.Final/netty-resolver-4.1.30.Final.jar:/home/user/.m2/repository/io/netty/netty-transport-native-unix-common/4.1.30.Final/netty-transport-native-unix-common-4.1.30.Final.jar:/home/user/.m2/repository/io/grpc/grpc-protobuf/1.17.1/grpc-protobuf-1.17.1.jar:/home/user/.m2/repository/com/google/api/grpc/proto-google-common-protos/1.0.0/proto-google-common-protos-1.0.0.jar:/home/user/.m2/repository/io/grpc/grpc-protobuf-lite/1.17.1/grpc-protobuf-lite-1.17.1.jar:/home/user/.m2/repository/io/grpc/grpc-stub/1.17.1/grpc-stub-1.17.1.jar:/home/user/.m2/repository/org/apache/hadoop/hadoop-ozone-recon/0.5.0-SNAPSHOT/hadoop-ozone-recon-0.5.0-SNAPSHOT.jar:/home/user/.m2/repository/org/apache/hadoop/hadoop-ozone-reconcodegen/0.5.0-SNAPSHOT/hadoop-ozone-reconcodegen-0.5.0-SNAPSHOT.jar:/home/user/.m2/repository/com/google/inject/extensions/guice-multibindings/4.0/guice-multibindings-4.0.jar:/home/user/.m2/repository/com/google/inject/guice/4.0/guice-4.0.jar:/home/user/.m2/repository/aopalliance/aopalliance/1.0/aopalliance-1.0.jar:/home/user/.m2/repository/com/google/inject/extensions/guice-servlet/4.0/guice-servlet-4.0.jar:/home/user/.m2/repository/org/glassfish/jersey/containers/jersey-container-servlet/2.27/jersey-container-servlet-2.27.jar:/home/user/.m2/repository/org/glassfish/hk2/guice-bridge/2.5.0/guice-bridge-2.5.0.jar:/home/user/.m2/repository/org/glassfish/jersey/core/jersey-server/2.27/jersey-server-2.27.jar:/home/user/.m2/repository/org/glassfish/jersey/core/jersey-client/2.27/jersey-client-2.27.jar:/home/user/.m2/repository/org/glassfish/jersey/media/jersey-media-jaxb/2.27/jersey-media-jaxb-2.27.jar:/home/user/.m2/repository/javax/validation/validation-api/1.1.0.Final/validation-api-1.1.0.Final.jar:/home/user/.m2/repository/org/glassfish/jersey/media/jersey-media-json-jackson/2.27/jersey-media-json-jackson-2.27.jar:/home/user/.m2/repository/org/glassfish/jersey/ext/jersey-entity-filtering/2.27/jersey-entity-filtering-2.27.jar:/home/user/.m2/repository/com/google/inject/extensions/guice-assistedinject/4.0/guice-assistedinject-4.0.jar:/home/user/.m2/repository/org/jooq/jooq/3.11.10/jooq-3.11.10.jar:/home/user/.m2/repository/org/jooq/jooq-meta/3.11.10/jooq-meta-3.11.10.jar:/home/user/.m2/repository/org/jooq/jooq-codegen/3.11.10/jooq-codegen-3.11.10.jar:/home/user/.m2/repository/com/jolbox/bonecp/0.8.0.RELEASE/bonecp-0.8.0.RELEASE.jar:/home/user/.m2/repository/org/springframework/spring-jdbc/5.1.3.RELEASE/spring-jdbc-5.1.3.RELEASE.jar:/home/user/.m2/repository/org/springframework/spring-beans/5.1.3.RELEASE/spring-beans-5.1.3.RELEASE.jar:/home/user/.m2/repository/org/springframework/spring-core/5.1.3.RELEASE/spring-core-5.1.3.RELEASE.jar:/home/user/.m2/repository/org/springframework/spring-jcl/5.1.3.RELEASE/spring-jcl-5.1.3.RELEASE.jar:/home/user/.m2/repository/org/springframework/spring-tx/5.1.3.RELEASE/spring-tx-5.1.3.RELEASE.jar:/home/user/.m2/repository/org/mockito/mockito-core/2.15.0/mockito-core-2.15.0.jar:/home/user/.m2/repository/net/bytebuddy/byte-buddy/1.7.9/byte-buddy-1.7.9.jar:/home/user/.m2/repository/net/bytebuddy/byte-buddy-agent/1.7.9/byte-buddy-agent-1.7.9.jar:/home/user/.m2/repository/org/objenesis/objenesis/1.0/objenesis-1.0.jar:"/>
    <property name="sun.cpu.endian" value="little"/>
    <property name="user.home" value="/home/user"/>
    <property name="user.language" value="en"/>
    <property name="java.specification.vendor" value="Oracle Corporation"/>
    <property name="java.home" value="/usr/lib/jvm/java-1.8.0-openjdk-1.8.0.222.b10-1.el7_7.x86_64/jre"/>
    <property name="surefire.excludesFile" value="/tools/ozone-bad-unit-tests"/>
    <property name="java.security.krb5.conf" value="/workdir/hadoop-ozone/tools/target/test-classes/krb5.conf"/>
    <property name="basedir" value="/workdir/hadoop-ozone/tools"/>
    <property name="file.separator" value="/"/>
    <property name="line.separator" value="&#10;"/>
    <property name="java.vm.specification.vendor" value="Oracle Corporation"/>
    <property name="java.specification.name" value="Java Platform API Specification"/>
    <property name="java.awt.graphicsenv" value="sun.awt.X11GraphicsEnvironment"/>
    <property name="surefire.real.class.path" value="/workdir/hadoop-ozone/tools/target/surefire/surefirebooter3028933947645315027.jar"/>
    <property name="hadoop.log.dir" value="/workdir/hadoop-ozone/tools/target/log"/>
    <property name="sun.boot.class.path" value="/usr/lib/jvm/java-1.8.0-openjdk-1.8.0.222.b10-1.el7_7.x86_64/jre/lib/resources.jar:/usr/lib/jvm/java-1.8.0-openjdk-1.8.0.222.b10-1.el7_7.x86_64/jre/lib/rt.jar:/usr/lib/jvm/java-1.8.0-openjdk-1.8.0.222.b10-1.el7_7.x86_64/jre/lib/sunrsasign.jar:/usr/lib/jvm/java-1.8.0-openjdk-1.8.0.222.b10-1.el7_7.x86_64/jre/lib/jsse.jar:/usr/lib/jvm/java-1.8.0-openjdk-1.8.0.222.b10-1.el7_7.x86_64/jre/lib/jce.jar:/usr/lib/jvm/java-1.8.0-openjdk-1.8.0.222.b10-1.el7_7.x86_64/jre/lib/charsets.jar:/usr/lib/jvm/java-1.8.0-openjdk-1.8.0.222.b10-1.el7_7.x86_64/jre/lib/jfr.jar:/usr/lib/jvm/java-1.8.0-openjdk-1.8.0.222.b10-1.el7_7.x86_64/jre/classes"/>
    <property name="sun.management.compiler" value="HotSpot 64-Bit Tiered Compilers"/>
    <property name="java.runtime.version" value="1.8.0_222-b10"/>
    <property name="java.net.preferIPv4Stack" value="true"/>
    <property name="user.name" value="jenkins1000"/>
    <property name="path.separator" value=":"/>
    <property name="java.security.egd" value="file:///dev/urandom"/>
    <property name="os.version" value="3.10.0-957.12.2.el7.x86_64"/>
    <property name="java.endorsed.dirs" value="/usr/lib/jvm/java-1.8.0-openjdk-1.8.0.222.b10-1.el7_7.x86_64/jre/lib/endorsed"/>
    <property name="java.runtime.name" value="OpenJDK Runtime Environment"/>
    <property name="file.encoding" value="ANSI_X3.4-1968"/>
    <property name="java.vm.name" value="OpenJDK 64-Bit Server VM"/>
    <property name="test.build.webapps" value=""/>
    <property name="localRepository" value="/home/user/.m2/repository"/>
    <property name="java.vendor.url.bug" value="http://bugreport.sun.com/bugreport/"/>
    <property name="java.io.tmpdir" value="/tmp"/>
    <property name="require.test.libhadoop" value=""/>
    <property name="java.version" value="1.8.0_222"/>
    <property name="user.dir" value="/workdir/hadoop-ozone/tools"/>
    <property name="os.arch" value="amd64"/>
    <property name="java.vm.specification.name" value="Java Virtual Machine Specification"/>
    <property name="test.build.classes" value="/workdir/hadoop-ozone/tools/target/test-classes"/>
    <property name="java.awt.printerjob" value="sun.print.PSPrinterJob"/>
    <property name="sun.os.patch.level" value="unknown"/>
    <property name="hadoop.tmp.dir" value="/workdir/hadoop-ozone/tools/target/tmp"/>
    <property name="java.library.path" value="/usr/lib:/workdir/hadoop-ozone/tools/target/native/target/usr/local/lib:/workdir/hadoop-ozone/tools/../../hadoop-common-project/hadoop-common/target/native/target/usr/local/lib:/usr/java/packages/lib/amd64:/usr/lib64:/lib64:/lib:/usr/lib"/>
    <property name="java.vm.info" value="mixed mode"/>
    <property name="java.vendor" value="Oracle Corporation"/>
    <property name="java.vm.version" value="25.222-b10"/>
    <property name="java.ext.dirs" value="/usr/lib/jvm/java-1.8.0-openjdk-1.8.0.222.b10-1.el7_7.x86_64/jre/lib/ext:/usr/java/packages/lib/ext"/>
    <property name="sun.io.unicode.encoding" value="UnicodeLittle"/>
    <property name="java.class.version" value="52.0"/>
  </properties>
  <testcase name="testRestart" classname="org.apache.hadoop.ozone.freon.TestFreonWithPipelineDestroy" time="20.155">
    <error message="INTERNAL_ERROR org.apache.hadoop.ozone.om.exceptions.OMException: Allocated 0 blocks. Requested 5 blocks" type="java.lang.RuntimeException">java.lang.RuntimeException: INTERNAL_ERROR org.apache.hadoop.ozone.om.exceptions.OMException: Allocated 0 blocks. Requested 5 blocks
	at org.apache.hadoop.ozone.freon.RandomKeyGenerator.call(RandomKeyGenerator.java:341)
	at org.apache.hadoop.ozone.freon.TestFreonWithPipelineDestroy.startFreon(TestFreonWithPipelineDestroy.java:87)
	at org.apache.hadoop.ozone.freon.TestFreonWithPipelineDestroy.testRestart(TestFreonWithPipelineDestroy.java:74)
	at sun.reflect.NativeMethodAccessorImpl.invoke0(Native Method)
	at sun.reflect.NativeMethodAccessorImpl.invoke(NativeMethodAccessorImpl.java:62)
	at sun.reflect.DelegatingMethodAccessorImpl.invoke(DelegatingMethodAccessorImpl.java:43)
	at java.lang.reflect.Method.invoke(Method.java:498)
	at org.junit.runners.model.FrameworkMethod$1.runReflectiveCall(FrameworkMethod.java:47)
	at org.junit.internal.runners.model.ReflectiveCallable.run(ReflectiveCallable.java:12)
	at org.junit.runners.model.FrameworkMethod.invokeExplosively(FrameworkMethod.java:44)
	at org.junit.internal.runners.statements.InvokeMethod.evaluate(InvokeMethod.java:17)
	at org.junit.runners.ParentRunner.runLeaf(ParentRunner.java:271)
	at org.junit.runners.BlockJUnit4ClassRunner.runChild(BlockJUnit4ClassRunner.java:70)
	at org.junit.runners.BlockJUnit4ClassRunner.runChild(BlockJUnit4ClassRunner.java:50)
	at org.junit.runners.ParentRunner$3.run(ParentRunner.java:238)
	at org.junit.runners.ParentRunner$1.schedule(ParentRunner.java:63)
	at org.junit.runners.ParentRunner.runChildren(ParentRunner.java:236)
	at org.junit.runners.ParentRunner.access$000(ParentRunner.java:53)
	at org.junit.runners.ParentRunner$2.evaluate(ParentRunner.java:229)
	at org.junit.internal.runners.statements.RunBefores.evaluate(RunBefores.java:26)
	at org.junit.internal.runners.statements.RunAfters.evaluate(RunAfters.java:27)
	at org.junit.runners.ParentRunner.run(ParentRunner.java:309)
	at org.apache.maven.surefire.junit4.JUnit4Provider.execute(JUnit4Provider.java:365)
	at org.apache.maven.surefire.junit4.JUnit4Provider.executeWithRerun(JUnit4Provider.java:273)
	at org.apache.maven.surefire.junit4.JUnit4Provider.executeTestSet(JUnit4Provider.java:238)
	at org.apache.maven.surefire.junit4.JUnit4Provider.invoke(JUnit4Provider.java:159)
	at org.apache.maven.surefire.booter.ForkedBooter.invokeProviderInSameClassLoader(ForkedBooter.java:384)
	at org.apache.maven.surefire.booter.ForkedBooter.runSuitesInProcess(ForkedBooter.java:345)
	at org.apache.maven.surefire.booter.ForkedBooter.execute(ForkedBooter.java:126)
	at org.apache.maven.surefire.booter.ForkedBooter.main(ForkedBooter.java:418)
Caused by: INTERNAL_ERROR org.apache.hadoop.ozone.om.exceptions.OMException: Allocated 0 blocks. Requested 5 blocks
	at org.apache.hadoop.ozone.om.protocolPB.OzoneManagerProtocolClientSideTranslatorPB.handleError(OzoneManagerProtocolClientSideTranslatorPB.java:761)
	at org.apache.hadoop.ozone.om.protocolPB.OzoneManagerProtocolClientSideTranslatorPB.openKey(OzoneManagerProtocolClientSideTranslatorPB.java:752)
	at sun.reflect.NativeMethodAccessorImpl.invoke0(Native Method)
	at sun.reflect.NativeMethodAccessorImpl.invoke(NativeMethodAccessorImpl.java:62)
	at sun.reflect.DelegatingMethodAccessorImpl.invoke(DelegatingMethodAccessorImpl.java:43)
	at java.lang.reflect.Method.invoke(Method.java:498)
	at org.apache.hadoop.hdds.tracing.TraceAllMethod.invoke(TraceAllMethod.java:66)
	at com.sun.proxy.$Proxy37.openKey(Unknown Source)
	at org.apache.hadoop.ozone.client.rpc.RpcClient.createKey(RpcClient.java:634)
	at org.apache.hadoop.ozone.client.OzoneBucket.createKey(OzoneBucket.java:325)
	at org.apache.hadoop.ozone.freon.RandomKeyGenerator.createKey(RandomKeyGenerator.java:697)
	at org.apache.hadoop.ozone.freon.RandomKeyGenerator.access$1100(RandomKeyGenerator.java:88)
	at org.apache.hadoop.ozone.freon.RandomKeyGenerator$ObjectCreator.run(RandomKeyGenerator.java:615)
	at java.util.concurrent.Executors$RunnableAdapter.call(Executors.java:511)
	at java.util.concurrent.FutureTask.run(FutureTask.java:266)
	at java.util.concurrent.ThreadPoolExecutor.runWorker(ThreadPoolExecutor.java:1149)
	at java.util.concurrent.ThreadPoolExecutor$Worker.run(ThreadPoolExecutor.java:624)
	at java.lang.Thread.run(Thread.java:748)
</error>
    <system-out><![CDATA[2019-11-15 02:17:34,204 [main] WARN  server.ServerUtils (ServerUtils.java:getScmDbDir(145)) - ozone.scm.db.dirs is not configured. We recommend adding this setting. Falling back to ozone.metadata.dirs instead.
2019-11-15 02:17:34,354 [main] WARN  server.ServerUtils (ServerUtils.java:getScmDbDir(145)) - ozone.scm.db.dirs is not configured. We recommend adding this setting. Falling back to ozone.metadata.dirs instead.
2019-11-15 02:17:34,357 [main] WARN  server.ServerUtils (ServerUtils.java:getScmDbDir(145)) - ozone.scm.db.dirs is not configured. We recommend adding this setting. Falling back to ozone.metadata.dirs instead.
2019-11-15 02:17:34,387 [main] INFO  util.log (Log.java:initialized(192)) - Logging initialized @926ms
2019-11-15 02:17:34,484 [main] INFO  db.DBStoreBuilder (DBStoreBuilder.java:addTable(127)) - using custom profile for table: deletedBlocks
2019-11-15 02:17:34,484 [main] INFO  db.DBStoreBuilder (DBStoreBuilder.java:processTables(183)) - Using default column profile:DBProfile.DISK for Table:deletedBlocks
2019-11-15 02:17:34,485 [main] INFO  db.DBStoreBuilder (DBStoreBuilder.java:addTable(127)) - using custom profile for table: validCerts
2019-11-15 02:17:34,485 [main] INFO  db.DBStoreBuilder (DBStoreBuilder.java:processTables(183)) - Using default column profile:DBProfile.DISK for Table:validCerts
2019-11-15 02:17:34,486 [main] INFO  db.DBStoreBuilder (DBStoreBuilder.java:addTable(127)) - using custom profile for table: revokedCerts
2019-11-15 02:17:34,487 [main] INFO  db.DBStoreBuilder (DBStoreBuilder.java:processTables(183)) - Using default column profile:DBProfile.DISK for Table:revokedCerts
2019-11-15 02:17:34,507 [main] INFO  db.DBStoreBuilder (DBStoreBuilder.java:addTable(127)) - using custom profile for table: default
2019-11-15 02:17:34,508 [main] INFO  db.DBStoreBuilder (DBStoreBuilder.java:processTables(189)) - Using default column profile:DBProfile.DISK for Table:default
2019-11-15 02:17:34,510 [main] INFO  db.DBStoreBuilder (DBStoreBuilder.java:getDbProfile(220)) - Using default options. DBProfile.DISK
2019-11-15 02:17:34,940 [main] INFO  net.NodeSchemaLoader (NodeSchemaLoader.java:loadSchemaFromFile(125)) - Loading file from sun.misc.CompoundEnumeration@618b19ad
2019-11-15 02:17:34,942 [main] INFO  net.NodeSchemaLoader (NodeSchemaLoader.java:loadSchema(171)) - Loading network topology layer schema file
2019-11-15 02:17:35,005 [main] INFO  node.SCMNodeManager (SCMNodeManager.java:<init>(116)) - Entering startup safe mode.
2019-11-15 02:17:35,069 [main] INFO  algorithms.ContainerPlacementPolicyFactory (ContainerPlacementPolicyFactory.java:getPolicy(57)) - Create container placement policy of type org.apache.hadoop.hdds.scm.container.placement.algorithms.SCMContainerPlacementRandom
2019-11-15 02:17:35,082 [main] WARN  server.ServerUtils (ServerUtils.java:getScmDbDir(145)) - ozone.scm.db.dirs is not configured. We recommend adding this setting. Falling back to ozone.metadata.dirs instead.
2019-11-15 02:17:35,215 [main] INFO  pipeline.SCMPipelineManager (SCMPipelineManager.java:initializePipelineState(132)) - No pipeline exists in current db
2019-11-15 02:17:35,219 [main] WARN  server.ServerUtils (ServerUtils.java:getScmDbDir(145)) - ozone.scm.db.dirs is not configured. We recommend adding this setting. Falling back to ozone.metadata.dirs instead.
2019-11-15 02:17:35,376 [main] WARN  events.EventQueue (EventQueue.java:fireEvent(183)) - No event handler registered for event TypedEvent{payloadType=SafeModeStatus, name='SafeModeStatus'}
2019-11-15 02:17:35,735 [main] INFO  ipc.CallQueueManager (CallQueueManager.java:<init>(84)) - Using callQueue: class java.util.concurrent.LinkedBlockingQueue, queueCapacity: 2000, scheduler: class org.apache.hadoop.ipc.DefaultRpcScheduler, ipcBackoff: false.
2019-11-15 02:17:35,760 [Socket Reader #1 for port 42358] INFO  ipc.Server (Server.java:run(1074)) - Starting Socket Reader #1 for port 42358
2019-11-15 02:17:35,904 [main] INFO  ipc.CallQueueManager (CallQueueManager.java:<init>(84)) - Using callQueue: class java.util.concurrent.LinkedBlockingQueue, queueCapacity: 2000, scheduler: class org.apache.hadoop.ipc.DefaultRpcScheduler, ipcBackoff: false.
2019-11-15 02:17:35,905 [Socket Reader #1 for port 46623] INFO  ipc.Server (Server.java:run(1074)) - Starting Socket Reader #1 for port 46623
2019-11-15 02:17:35,917 [main] INFO  ipc.CallQueueManager (CallQueueManager.java:<init>(84)) - Using callQueue: class java.util.concurrent.LinkedBlockingQueue, queueCapacity: 2000, scheduler: class org.apache.hadoop.ipc.DefaultRpcScheduler, ipcBackoff: false.
2019-11-15 02:17:35,918 [Socket Reader #1 for port 45842] INFO  ipc.Server (Server.java:run(1074)) - Starting Socket Reader #1 for port 45842
2019-11-15 02:17:35,948 [main] INFO  hdfs.DFSUtil (DFSUtil.java:httpServerTemplateForNNAndJN(1641)) - Starting Web-server for scm at: http://0.0.0.0:0
2019-11-15 02:17:36,083 [main] INFO  server.AuthenticationFilter (AuthenticationFilter.java:constructSecretProvider(240)) - Unable to initialize FileSignerSecretProvider, falling back to use random secrets.
2019-11-15 02:17:36,099 [main] WARN  http.HttpRequestLog (HttpRequestLog.java:getRequestLog(97)) - Jetty request log can only be enabled using Log4j
2019-11-15 02:17:36,108 [main] INFO  http.HttpServer2 (HttpServer2.java:addGlobalFilter(975)) - Added global filter 'safety' (class=org.apache.hadoop.http.HttpServer2$QuotingInputFilter)
2019-11-15 02:17:36,111 [main] INFO  http.HttpServer2 (HttpServer2.java:addFilter(948)) - Added filter static_user_filter (class=org.apache.hadoop.http.lib.StaticUserWebFilter$StaticUserFilter) to context scm
2019-11-15 02:17:36,112 [main] INFO  http.HttpServer2 (HttpServer2.java:addFilter(958)) - Added filter static_user_filter (class=org.apache.hadoop.http.lib.StaticUserWebFilter$StaticUserFilter) to context static
2019-11-15 02:17:36,112 [main] INFO  http.HttpServer2 (HttpServer2.java:addFilter(958)) - Added filter static_user_filter (class=org.apache.hadoop.http.lib.StaticUserWebFilter$StaticUserFilter) to context logs
2019-11-15 02:17:36,140 [main] INFO  server.StorageContainerManager (StorageContainerManager.java:start(764)) - StorageContainerLocationProtocol RPC server is listening at /0.0.0.0:45842
2019-11-15 02:17:36,193 [main] WARN  impl.MetricsConfig (MetricsConfig.java:loadFirst(134)) - Cannot locate configuration: tried hadoop-metrics2-storagecontainermanager.properties,hadoop-metrics2.properties
2019-11-15 02:17:36,206 [main] INFO  impl.MetricsSystemImpl (MetricsSystemImpl.java:startTimer(374)) - Scheduled Metric snapshot period at 10 second(s).
2019-11-15 02:17:36,206 [main] INFO  impl.MetricsSystemImpl (MetricsSystemImpl.java:start(191)) - StorageContainerManager metrics system started
2019-11-15 02:17:36,416 [main] INFO  server.SCMClientProtocolServer (SCMClientProtocolServer.java:start(159)) - RPC server for Client  is listening at /0.0.0.0:45842
2019-11-15 02:17:36,417 [IPC Server Responder] INFO  ipc.Server (Server.java:run(1314)) - IPC Server Responder: starting
2019-11-15 02:17:36,417 [IPC Server listener on 45842] INFO  ipc.Server (Server.java:run(1153)) - IPC Server listener on 45842: starting
2019-11-15 02:17:36,420 [main] INFO  server.StorageContainerManager (StorageContainerManager.java:start(774)) - ScmBlockLocationProtocol RPC server is listening at /0.0.0.0:46623
2019-11-15 02:17:36,420 [main] INFO  server.SCMBlockProtocolServer (SCMBlockProtocolServer.java:start(146)) - RPC server for Block Protocol is listening at /0.0.0.0:46623
2019-11-15 02:17:36,421 [IPC Server Responder] INFO  ipc.Server (Server.java:run(1314)) - IPC Server Responder: starting
2019-11-15 02:17:36,421 [IPC Server listener on 46623] INFO  ipc.Server (Server.java:run(1153)) - IPC Server listener on 46623: starting
2019-11-15 02:17:36,423 [main] INFO  server.StorageContainerManager (StorageContainerManager.java:start(778)) - ScmDatanodeProtocl RPC server is listening at /0.0.0.0:42358
2019-11-15 02:17:36,424 [main] INFO  server.SCMDatanodeProtocolServer (SCMDatanodeProtocolServer.java:start(169)) - RPC server for DataNodes is listening at /0.0.0.0:42358
2019-11-15 02:17:36,424 [IPC Server Responder] INFO  ipc.Server (Server.java:run(1314)) - IPC Server Responder: starting
2019-11-15 02:17:36,425 [IPC Server listener on 42358] INFO  ipc.Server (Server.java:run(1153)) - IPC Server listener on 42358: starting
2019-11-15 02:17:36,428 [main] INFO  http.HttpServer2 (HttpServer2.java:bindListener(1191)) - Jetty bound to port 41415
2019-11-15 02:17:36,430 [main] INFO  server.Server (Server.java:doStart(351)) - jetty-9.3.25.v20180904, build timestamp: 2018-09-04T21:11:46Z, git hash: 3ce520221d0240229c862b122d2b06c12a625732
2019-11-15 02:17:36,463 [main] INFO  handler.ContextHandler (ContextHandler.java:doStart(781)) - Started o.e.j.s.ServletContextHandler@293a5f75{/logs,file:///workdir/hadoop-ozone/tools/target/log,AVAILABLE}
2019-11-15 02:17:36,464 [main] INFO  handler.ContextHandler (ContextHandler.java:doStart(781)) - Started o.e.j.s.ServletContextHandler@2dd29a59{/static,jar:file:/home/user/.m2/repository/org/apache/hadoop/hadoop-hdds-server-scm/0.5.0-SNAPSHOT/hadoop-hdds-server-scm-0.5.0-SNAPSHOT.jar!/webapps/static,AVAILABLE}
2019-11-15 02:17:36,558 [main] INFO  handler.ContextHandler (ContextHandler.java:doStart(781)) - Started o.e.j.w.WebAppContext@6815c5f2{/,file:///tmp/jetty-0.0.0.0-41415-scm-_-any-8518744122892237801.dir/webapp/,AVAILABLE}{/scm}
2019-11-15 02:17:36,563 [main] INFO  server.AbstractConnector (AbstractConnector.java:doStart(278)) - Started ServerConnector@7689ddef{HTTP/1.1,[http/1.1]}{0.0.0.0:41415}
2019-11-15 02:17:36,564 [main] INFO  server.Server (Server.java:doStart(419)) - Started @3103ms
2019-11-15 02:17:36,566 [main] INFO  impl.MetricsSinkAdapter (MetricsSinkAdapter.java:start(204)) - Sink prometheus started
2019-11-15 02:17:36,566 [main] INFO  impl.MetricsSystemImpl (MetricsSystemImpl.java:registerSink(301)) - Registered sink prometheus
2019-11-15 02:17:36,568 [main] INFO  server.BaseHttpServer (BaseHttpServer.java:updateConnectorAddress(215)) - HTTP server of SCM is listening at http://0.0.0.0:41415
2019-11-15 02:17:36,575 [org.apache.hadoop.util.JvmPauseMonitor$Monitor@27eb3298] INFO  util.JvmPauseMonitor (JvmPauseMonitor.java:run(188)) - Starting JVM pause monitor
2019-11-15 02:17:36,579 [main] WARN  server.ServerUtils (ServerUtils.java:getDBPath(222)) - ozone.om.db.dirs is not configured. We recommend adding this setting. Falling back to ozone.metadata.dirs instead.
2019-11-15 02:17:36,700 [main] INFO  ha.OMHANodeDetails (OMHANodeDetails.java:loadOMHAConfig(190)) - Configuration either no ozone.om.address set. Falling back to the default OM address /127.0.0.1:0
2019-11-15 02:17:36,701 [main] INFO  ha.OMHANodeDetails (OMHANodeDetails.java:getOMNodeDetails(220)) - OM Service ID is not set. Setting it to the default ID: omServiceIdDefault
2019-11-15 02:17:36,702 [main] WARN  server.ServerUtils (ServerUtils.java:getDBPath(222)) - ozone.om.db.dirs is not configured. We recommend adding this setting. Falling back to ozone.metadata.dirs instead.
2019-11-15 02:17:36,703 [main] WARN  server.ServerUtils (ServerUtils.java:getDBPath(222)) - ozone.om.db.dirs is not configured. We recommend adding this setting. Falling back to ozone.metadata.dirs instead.
2019-11-15 02:17:37,375 [main] WARN  server.ServerUtils (ServerUtils.java:getDBPath(222)) - ozone.om.db.dirs is not configured. We recommend adding this setting. Falling back to ozone.metadata.dirs instead.
2019-11-15 02:17:37,385 [main] INFO  db.DBStoreBuilder (DBStoreBuilder.java:addTable(127)) - using custom profile for table: userTable
2019-11-15 02:17:37,385 [main] INFO  db.DBStoreBuilder (DBStoreBuilder.java:processTables(183)) - Using default column profile:DBProfile.DISK for Table:userTable
2019-11-15 02:17:37,386 [main] INFO  db.DBStoreBuilder (DBStoreBuilder.java:addTable(127)) - using custom profile for table: volumeTable
2019-11-15 02:17:37,386 [main] INFO  db.DBStoreBuilder (DBStoreBuilder.java:processTables(183)) - Using default column profile:DBProfile.DISK for Table:volumeTable
2019-11-15 02:17:37,386 [main] INFO  db.DBStoreBuilder (DBStoreBuilder.java:addTable(127)) - using custom profile for table: bucketTable
2019-11-15 02:17:37,386 [main] INFO  db.DBStoreBuilder (DBStoreBuilder.java:processTables(183)) - Using default column profile:DBProfile.DISK for Table:bucketTable
2019-11-15 02:17:37,387 [main] INFO  db.DBStoreBuilder (DBStoreBuilder.java:addTable(127)) - using custom profile for table: keyTable
2019-11-15 02:17:37,387 [main] INFO  db.DBStoreBuilder (DBStoreBuilder.java:processTables(183)) - Using default column profile:DBProfile.DISK for Table:keyTable
2019-11-15 02:17:37,387 [main] INFO  db.DBStoreBuilder (DBStoreBuilder.java:addTable(127)) - using custom profile for table: deletedTable
2019-11-15 02:17:37,387 [main] INFO  db.DBStoreBuilder (DBStoreBuilder.java:processTables(183)) - Using default column profile:DBProfile.DISK for Table:deletedTable
2019-11-15 02:17:37,388 [main] INFO  db.DBStoreBuilder (DBStoreBuilder.java:addTable(127)) - using custom profile for table: openKeyTable
2019-11-15 02:17:37,389 [main] INFO  db.DBStoreBuilder (DBStoreBuilder.java:processTables(183)) - Using default column profile:DBProfile.DISK for Table:openKeyTable
2019-11-15 02:17:37,389 [main] INFO  db.DBStoreBuilder (DBStoreBuilder.java:addTable(127)) - using custom profile for table: s3Table
2019-11-15 02:17:37,389 [main] INFO  db.DBStoreBuilder (DBStoreBuilder.java:processTables(183)) - Using default column profile:DBProfile.DISK for Table:s3Table
2019-11-15 02:17:37,390 [main] INFO  db.DBStoreBuilder (DBStoreBuilder.java:addTable(127)) - using custom profile for table: multipartInfoTable
2019-11-15 02:17:37,390 [main] INFO  db.DBStoreBuilder (DBStoreBuilder.java:processTables(183)) - Using default column profile:DBProfile.DISK for Table:multipartInfoTable
2019-11-15 02:17:37,391 [main] INFO  db.DBStoreBuilder (DBStoreBuilder.java:addTable(127)) - using custom profile for table: dTokenTable
2019-11-15 02:17:37,391 [main] INFO  db.DBStoreBuilder (DBStoreBuilder.java:processTables(183)) - Using default column profile:DBProfile.DISK for Table:dTokenTable
2019-11-15 02:17:37,392 [main] INFO  db.DBStoreBuilder (DBStoreBuilder.java:addTable(127)) - using custom profile for table: s3SecretTable
2019-11-15 02:17:37,392 [main] INFO  db.DBStoreBuilder (DBStoreBuilder.java:processTables(183)) - Using default column profile:DBProfile.DISK for Table:s3SecretTable
2019-11-15 02:17:37,392 [main] INFO  db.DBStoreBuilder (DBStoreBuilder.java:addTable(127)) - using custom profile for table: prefixTable
2019-11-15 02:17:37,393 [main] INFO  db.DBStoreBuilder (DBStoreBuilder.java:processTables(183)) - Using default column profile:DBProfile.DISK for Table:prefixTable
2019-11-15 02:17:37,393 [main] INFO  db.DBStoreBuilder (DBStoreBuilder.java:addTable(127)) - using custom profile for table: default
2019-11-15 02:17:37,394 [main] INFO  db.DBStoreBuilder (DBStoreBuilder.java:processTables(189)) - Using default column profile:DBProfile.DISK for Table:default
2019-11-15 02:17:37,394 [main] INFO  db.DBStoreBuilder (DBStoreBuilder.java:getDbProfile(220)) - Using default options. DBProfile.DISK
2019-11-15 02:17:38,243 [main] INFO  ipc.CallQueueManager (CallQueueManager.java:<init>(84)) - Using callQueue: class java.util.concurrent.LinkedBlockingQueue, queueCapacity: 2000, scheduler: class org.apache.hadoop.ipc.DefaultRpcScheduler, ipcBackoff: false.
2019-11-15 02:17:38,245 [Socket Reader #1 for port 33704] INFO  ipc.Server (Server.java:run(1074)) - Starting Socket Reader #1 for port 33704
2019-11-15 02:17:38,268 [main] INFO  om.OzoneManager (OzoneManager.java:start(1077)) - OzoneManager RPC server is listening at localhost/127.0.0.1:33704
2019-11-15 02:17:38,268 [main] INFO  impl.MetricsSystemImpl (MetricsSystemImpl.java:init(158)) - OzoneManager metrics system started (again)
2019-11-15 02:17:38,276 [IPC Server Responder] INFO  ipc.Server (Server.java:run(1314)) - IPC Server Responder: starting
2019-11-15 02:17:38,277 [IPC Server listener on 33704] INFO  ipc.Server (Server.java:run(1153)) - IPC Server listener on 33704: starting
2019-11-15 02:17:38,285 [main] INFO  hdfs.DFSUtil (DFSUtil.java:httpServerTemplateForNNAndJN(1641)) - Starting Web-server for ozoneManager at: http://0.0.0.0:0
2019-11-15 02:17:38,288 [main] INFO  server.AuthenticationFilter (AuthenticationFilter.java:constructSecretProvider(240)) - Unable to initialize FileSignerSecretProvider, falling back to use random secrets.
2019-11-15 02:17:38,289 [main] WARN  http.HttpRequestLog (HttpRequestLog.java:getRequestLog(97)) - Jetty request log can only be enabled using Log4j
2019-11-15 02:17:38,292 [main] INFO  http.HttpServer2 (HttpServer2.java:addGlobalFilter(975)) - Added global filter 'safety' (class=org.apache.hadoop.http.HttpServer2$QuotingInputFilter)
2019-11-15 02:17:38,293 [main] INFO  http.HttpServer2 (HttpServer2.java:addFilter(948)) - Added filter static_user_filter (class=org.apache.hadoop.http.lib.StaticUserWebFilter$StaticUserFilter) to context ozoneManager
2019-11-15 02:17:38,294 [main] INFO  http.HttpServer2 (HttpServer2.java:addFilter(958)) - Added filter static_user_filter (class=org.apache.hadoop.http.lib.StaticUserWebFilter$StaticUserFilter) to context static
2019-11-15 02:17:38,294 [main] INFO  http.HttpServer2 (HttpServer2.java:addFilter(958)) - Added filter static_user_filter (class=org.apache.hadoop.http.lib.StaticUserWebFilter$StaticUserFilter) to context logs
2019-11-15 02:17:38,297 [main] INFO  http.HttpServer2 (HttpServer2.java:bindListener(1191)) - Jetty bound to port 37360
2019-11-15 02:17:38,298 [main] INFO  server.Server (Server.java:doStart(351)) - jetty-9.3.25.v20180904, build timestamp: 2018-09-04T21:11:46Z, git hash: 3ce520221d0240229c862b122d2b06c12a625732
2019-11-15 02:17:38,301 [main] INFO  handler.ContextHandler (ContextHandler.java:doStart(781)) - Started o.e.j.s.ServletContextHandler@7b208b45{/logs,file:///workdir/hadoop-ozone/tools/target/log,AVAILABLE}
2019-11-15 02:17:38,302 [main] INFO  handler.ContextHandler (ContextHandler.java:doStart(781)) - Started o.e.j.s.ServletContextHandler@34523d46{/static,jar:file:/home/user/.m2/repository/org/apache/hadoop/hadoop-ozone-ozone-manager/0.5.0-SNAPSHOT/hadoop-ozone-ozone-manager-0.5.0-SNAPSHOT.jar!/webapps/static,AVAILABLE}
2019-11-15 02:17:38,367 [main] INFO  handler.ContextHandler (ContextHandler.java:doStart(781)) - Started o.e.j.w.WebAppContext@2a49fe{/,file:///tmp/jetty-0.0.0.0-37360-ozoneManager-_-any-9206952199030481238.dir/webapp/,AVAILABLE}{/ozoneManager}
2019-11-15 02:17:38,368 [main] INFO  server.AbstractConnector (AbstractConnector.java:doStart(278)) - Started ServerConnector@66596a88{HTTP/1.1,[http/1.1]}{0.0.0.0:37360}
2019-11-15 02:17:38,369 [main] INFO  server.Server (Server.java:doStart(419)) - Started @4908ms
2019-11-15 02:17:38,369 [main] WARN  impl.MetricsSystemImpl (MetricsSystemImpl.java:register(276)) - Sink prometheus already exists!
2019-11-15 02:17:38,370 [main] INFO  server.BaseHttpServer (BaseHttpServer.java:updateConnectorAddress(215)) - HTTP server of OZONEMANAGER is listening at http://0.0.0.0:37360
2019-11-15 02:17:38,651 [main] INFO  impl.MetricsSystemImpl (MetricsSystemImpl.java:init(158)) - HddsDatanode metrics system started (again)
2019-11-15 02:17:38,717 [main] INFO  ozone.HddsDatanodeService (HddsDatanodeService.java:start(186)) - HddsDatanodeService host:pr-hdds-2477-8qshl-3676723835 ip:192.168.69.113
2019-11-15 02:17:38,764 [main] INFO  volume.HddsVolume (HddsVolume.java:<init>(176)) - Creating Volume: /workdir/hadoop-ozone/tools/target/test-dir/MiniOzoneClusterImpl-1de3cd11-ff9a-425d-8a8b-b41796d542b5/datanode-0/data/containers/hdds of  storage type : DISK and capacity : 1482555576320
2019-11-15 02:17:38,766 [main] INFO  volume.VolumeSet (VolumeSet.java:initializeVolumeSet(170)) - Added Volume : /workdir/hadoop-ozone/tools/target/test-dir/MiniOzoneClusterImpl-1de3cd11-ff9a-425d-8a8b-b41796d542b5/datanode-0/data/containers/hdds to VolumeSet
2019-11-15 02:17:38,770 [main] INFO  volume.ThrottledAsyncChecker (ThrottledAsyncChecker.java:schedule(141)) - Scheduling a check for /workdir/hadoop-ozone/tools/target/test-dir/MiniOzoneClusterImpl-1de3cd11-ff9a-425d-8a8b-b41796d542b5/datanode-0/data/containers/hdds
2019-11-15 02:17:38,790 [main] INFO  volume.HddsVolumeChecker (HddsVolumeChecker.java:checkAllVolumes(204)) - Scheduled health check for volume /workdir/hadoop-ozone/tools/target/test-dir/MiniOzoneClusterImpl-1de3cd11-ff9a-425d-8a8b-b41796d542b5/datanode-0/data/containers/hdds
2019-11-15 02:17:38,911 [main] INFO  impl.RaftServerProxy (ConfUtils.java:logGet(43)) - raft.rpc.type = GRPC (default)
2019-11-15 02:17:38,978 [main] INFO  grpc.GrpcFactory (GrpcFactory.java:checkPooledByteBufAllocatorUseCacheForAllThreads(45)) - PERFORMANCE WARNING: useCacheForAllThreads is true that may cause Netty to create a lot garbage objects and, as a result, trigger GC.
	It is recommended to disable useCacheForAllThreads by setting -Dorg.apache.ratis.thirdparty.io.netty.allocator.useCacheForAllThreads=false in command line.
2019-11-15 02:17:38,983 [main] INFO  grpc.GrpcConfigKeys$Server (ConfUtils.java:logGet(43)) - raft.grpc.server.port = 0 (default)
2019-11-15 02:17:38,984 [main] INFO  server.GrpcService (ConfUtils.java:logGet(43)) - raft.grpc.message.size.max = 33570816 (custom)
2019-11-15 02:17:38,986 [main] INFO  server.RaftServerConfigKeys (ConfUtils.java:logGet(43)) - raft.server.log.appender.buffer.byte-limit = 33554432 (custom)
2019-11-15 02:17:38,987 [main] INFO  server.GrpcService (ConfUtils.java:logGet(43)) - raft.grpc.flow.control.window = 1MB (=1048576) (default)
2019-11-15 02:17:38,988 [main] INFO  server.RaftServerConfigKeys (ConfUtils.java:logGet(43)) - raft.server.rpc.request.timeout = 3000ms (default)
2019-11-15 02:17:39,173 [main] INFO  server.RaftServerConfigKeys (ConfUtils.java:logGet(43)) - raft.server.storage.dir = [/workdir/hadoop-ozone/tools/target/test-dir/MiniOzoneClusterImpl-1de3cd11-ff9a-425d-8a8b-b41796d542b5/datanode-0/data/ratis] (custom)
2019-11-15 02:17:39,219 [main] INFO  hdfs.DFSUtil (DFSUtil.java:httpServerTemplateForNNAndJN(1641)) - Starting Web-server for hddsDatanode at: http://0.0.0.0:0
2019-11-15 02:17:39,222 [main] INFO  server.AuthenticationFilter (AuthenticationFilter.java:constructSecretProvider(240)) - Unable to initialize FileSignerSecretProvider, falling back to use random secrets.
2019-11-15 02:17:39,223 [main] WARN  http.HttpRequestLog (HttpRequestLog.java:getRequestLog(97)) - Jetty request log can only be enabled using Log4j
2019-11-15 02:17:39,225 [main] INFO  http.HttpServer2 (HttpServer2.java:addGlobalFilter(975)) - Added global filter 'safety' (class=org.apache.hadoop.http.HttpServer2$QuotingInputFilter)
2019-11-15 02:17:39,226 [main] INFO  http.HttpServer2 (HttpServer2.java:addFilter(948)) - Added filter static_user_filter (class=org.apache.hadoop.http.lib.StaticUserWebFilter$StaticUserFilter) to context hddsDatanode
2019-11-15 02:17:39,226 [main] INFO  http.HttpServer2 (HttpServer2.java:addFilter(958)) - Added filter static_user_filter (class=org.apache.hadoop.http.lib.StaticUserWebFilter$StaticUserFilter) to context static
2019-11-15 02:17:39,226 [main] INFO  http.HttpServer2 (HttpServer2.java:addFilter(958)) - Added filter static_user_filter (class=org.apache.hadoop.http.lib.StaticUserWebFilter$StaticUserFilter) to context logs
2019-11-15 02:17:39,227 [main] INFO  http.HttpServer2 (HttpServer2.java:bindListener(1191)) - Jetty bound to port 44290
2019-11-15 02:17:39,228 [main] INFO  server.Server (Server.java:doStart(351)) - jetty-9.3.25.v20180904, build timestamp: 2018-09-04T21:11:46Z, git hash: 3ce520221d0240229c862b122d2b06c12a625732
2019-11-15 02:17:39,231 [main] INFO  handler.ContextHandler (ContextHandler.java:doStart(781)) - Started o.e.j.s.ServletContextHandler@673919a7{/logs,file:///workdir/hadoop-ozone/tools/target/log,AVAILABLE}
2019-11-15 02:17:39,231 [main] INFO  handler.ContextHandler (ContextHandler.java:doStart(781)) - Started o.e.j.s.ServletContextHandler@2436ea2f{/static,jar:file:/home/user/.m2/repository/org/apache/hadoop/hadoop-hdds-container-service/0.5.0-SNAPSHOT/hadoop-hdds-container-service-0.5.0-SNAPSHOT.jar!/webapps/static,AVAILABLE}
2019-11-15 02:17:39,271 [main] INFO  handler.ContextHandler (ContextHandler.java:doStart(781)) - Started o.e.j.w.WebAppContext@60783105{/,file:///tmp/jetty-0.0.0.0-44290-hddsDatanode-_-any-1803186036130674235.dir/webapp/,AVAILABLE}{/hddsDatanode}
2019-11-15 02:17:39,272 [main] INFO  server.AbstractConnector (AbstractConnector.java:doStart(278)) - Started ServerConnector@1292071f{HTTP/1.1,[http/1.1]}{0.0.0.0:44290}
2019-11-15 02:17:39,273 [main] INFO  server.Server (Server.java:doStart(419)) - Started @5813ms
2019-11-15 02:17:39,273 [main] WARN  impl.MetricsSystemImpl (MetricsSystemImpl.java:register(276)) - Sink prometheus already exists!
2019-11-15 02:17:39,276 [main] INFO  server.BaseHttpServer (BaseHttpServer.java:updateConnectorAddress(215)) - HTTP server of HDDSDATANODE is listening at http://0.0.0.0:44290
2019-11-15 02:17:39,277 [main] INFO  impl.MetricsSystemImpl (MetricsSystemImpl.java:init(158)) - HddsDatanode metrics system started (again)
2019-11-15 02:17:39,281 [main] INFO  ozone.HddsDatanodeService (HddsDatanodeService.java:start(186)) - HddsDatanodeService host:pr-hdds-2477-8qshl-3676723835 ip:192.168.69.113
2019-11-15 02:17:39,284 [org.apache.hadoop.util.JvmPauseMonitor$Monitor@5f7da5a2] INFO  util.JvmPauseMonitor (JvmPauseMonitor.java:run(188)) - Starting JVM pause monitor
2019-11-15 02:17:39,291 [main] INFO  volume.HddsVolume (HddsVolume.java:<init>(176)) - Creating Volume: /workdir/hadoop-ozone/tools/target/test-dir/MiniOzoneClusterImpl-1de3cd11-ff9a-425d-8a8b-b41796d542b5/datanode-1/data/containers/hdds of  storage type : DISK and capacity : 1482555576320
2019-11-15 02:17:39,291 [main] INFO  volume.VolumeSet (VolumeSet.java:initializeVolumeSet(170)) - Added Volume : /workdir/hadoop-ozone/tools/target/test-dir/MiniOzoneClusterImpl-1de3cd11-ff9a-425d-8a8b-b41796d542b5/datanode-1/data/containers/hdds to VolumeSet
2019-11-15 02:17:39,292 [main] INFO  volume.ThrottledAsyncChecker (ThrottledAsyncChecker.java:schedule(141)) - Scheduling a check for /workdir/hadoop-ozone/tools/target/test-dir/MiniOzoneClusterImpl-1de3cd11-ff9a-425d-8a8b-b41796d542b5/datanode-1/data/containers/hdds
2019-11-15 02:17:39,292 [main] INFO  volume.HddsVolumeChecker (HddsVolumeChecker.java:checkAllVolumes(204)) - Scheduled health check for volume /workdir/hadoop-ozone/tools/target/test-dir/MiniOzoneClusterImpl-1de3cd11-ff9a-425d-8a8b-b41796d542b5/datanode-1/data/containers/hdds
2019-11-15 02:17:39,308 [main] INFO  impl.RaftServerProxy (ConfUtils.java:logGet(43)) - raft.rpc.type = GRPC (default)
2019-11-15 02:17:39,308 [main] INFO  grpc.GrpcFactory (GrpcFactory.java:checkPooledByteBufAllocatorUseCacheForAllThreads(45)) - PERFORMANCE WARNING: useCacheForAllThreads is true that may cause Netty to create a lot garbage objects and, as a result, trigger GC.
	It is recommended to disable useCacheForAllThreads by setting -Dorg.apache.ratis.thirdparty.io.netty.allocator.useCacheForAllThreads=false in command line.
2019-11-15 02:17:39,308 [main] INFO  grpc.GrpcConfigKeys$Server (ConfUtils.java:logGet(43)) - raft.grpc.server.port = 0 (default)
2019-11-15 02:17:39,309 [main] INFO  server.GrpcService (ConfUtils.java:logGet(43)) - raft.grpc.message.size.max = 33570816 (custom)
2019-11-15 02:17:39,309 [main] INFO  server.RaftServerConfigKeys (ConfUtils.java:logGet(43)) - raft.server.log.appender.buffer.byte-limit = 33554432 (custom)
2019-11-15 02:17:39,309 [main] INFO  server.GrpcService (ConfUtils.java:logGet(43)) - raft.grpc.flow.control.window = 1MB (=1048576) (default)
2019-11-15 02:17:39,309 [main] INFO  server.RaftServerConfigKeys (ConfUtils.java:logGet(43)) - raft.server.rpc.request.timeout = 3000ms (default)
2019-11-15 02:17:39,310 [main] INFO  server.RaftServerConfigKeys (ConfUtils.java:logGet(43)) - raft.server.storage.dir = [/workdir/hadoop-ozone/tools/target/test-dir/MiniOzoneClusterImpl-1de3cd11-ff9a-425d-8a8b-b41796d542b5/datanode-1/data/ratis] (custom)
2019-11-15 02:17:39,312 [main] INFO  hdfs.DFSUtil (DFSUtil.java:httpServerTemplateForNNAndJN(1641)) - Starting Web-server for hddsDatanode at: http://0.0.0.0:0
2019-11-15 02:17:39,314 [main] INFO  server.AuthenticationFilter (AuthenticationFilter.java:constructSecretProvider(240)) - Unable to initialize FileSignerSecretProvider, falling back to use random secrets.
2019-11-15 02:17:39,315 [main] WARN  http.HttpRequestLog (HttpRequestLog.java:getRequestLog(97)) - Jetty request log can only be enabled using Log4j
2019-11-15 02:17:39,317 [main] INFO  http.HttpServer2 (HttpServer2.java:addGlobalFilter(975)) - Added global filter 'safety' (class=org.apache.hadoop.http.HttpServer2$QuotingInputFilter)
2019-11-15 02:17:39,317 [main] INFO  http.HttpServer2 (HttpServer2.java:addFilter(948)) - Added filter static_user_filter (class=org.apache.hadoop.http.lib.StaticUserWebFilter$StaticUserFilter) to context hddsDatanode
2019-11-15 02:17:39,318 [main] INFO  http.HttpServer2 (HttpServer2.java:addFilter(958)) - Added filter static_user_filter (class=org.apache.hadoop.http.lib.StaticUserWebFilter$StaticUserFilter) to context static
2019-11-15 02:17:39,318 [main] INFO  http.HttpServer2 (HttpServer2.java:addFilter(958)) - Added filter static_user_filter (class=org.apache.hadoop.http.lib.StaticUserWebFilter$StaticUserFilter) to context logs
2019-11-15 02:17:39,319 [main] INFO  http.HttpServer2 (HttpServer2.java:bindListener(1191)) - Jetty bound to port 40617
2019-11-15 02:17:39,319 [main] INFO  server.Server (Server.java:doStart(351)) - jetty-9.3.25.v20180904, build timestamp: 2018-09-04T21:11:46Z, git hash: 3ce520221d0240229c862b122d2b06c12a625732
2019-11-15 02:17:39,324 [main] INFO  handler.ContextHandler (ContextHandler.java:doStart(781)) - Started o.e.j.s.ServletContextHandler@3374b5bc{/logs,file:///workdir/hadoop-ozone/tools/target/log,AVAILABLE}
2019-11-15 02:17:39,325 [main] INFO  handler.ContextHandler (ContextHandler.java:doStart(781)) - Started o.e.j.s.ServletContextHandler@587a1cfb{/static,jar:file:/home/user/.m2/repository/org/apache/hadoop/hadoop-hdds-container-service/0.5.0-SNAPSHOT/hadoop-hdds-container-service-0.5.0-SNAPSHOT.jar!/webapps/static,AVAILABLE}
2019-11-15 02:17:39,362 [main] INFO  handler.ContextHandler (ContextHandler.java:doStart(781)) - Started o.e.j.w.WebAppContext@38d17d80{/,file:///tmp/jetty-0.0.0.0-40617-hddsDatanode-_-any-3336774093980639470.dir/webapp/,AVAILABLE}{/hddsDatanode}
2019-11-15 02:17:39,362 [main] INFO  server.AbstractConnector (AbstractConnector.java:doStart(278)) - Started ServerConnector@6ede46f6{HTTP/1.1,[http/1.1]}{0.0.0.0:40617}
2019-11-15 02:17:39,363 [main] INFO  server.Server (Server.java:doStart(419)) - Started @5903ms
2019-11-15 02:17:39,364 [main] WARN  impl.MetricsSystemImpl (MetricsSystemImpl.java:register(276)) - Sink prometheus already exists!
2019-11-15 02:17:39,366 [main] INFO  server.BaseHttpServer (BaseHttpServer.java:updateConnectorAddress(215)) - HTTP server of HDDSDATANODE is listening at http://0.0.0.0:40617
2019-11-15 02:17:39,366 [main] INFO  impl.MetricsSystemImpl (MetricsSystemImpl.java:init(158)) - HddsDatanode metrics system started (again)
2019-11-15 02:17:39,369 [main] INFO  ozone.HddsDatanodeService (HddsDatanodeService.java:start(186)) - HddsDatanodeService host:pr-hdds-2477-8qshl-3676723835 ip:192.168.69.113
2019-11-15 02:17:39,369 [org.apache.hadoop.util.JvmPauseMonitor$Monitor@2c5c95f7] INFO  util.JvmPauseMonitor (JvmPauseMonitor.java:run(188)) - Starting JVM pause monitor
2019-11-15 02:17:39,379 [main] INFO  volume.HddsVolume (HddsVolume.java:<init>(176)) - Creating Volume: /workdir/hadoop-ozone/tools/target/test-dir/MiniOzoneClusterImpl-1de3cd11-ff9a-425d-8a8b-b41796d542b5/datanode-2/data/containers/hdds of  storage type : DISK and capacity : 1482555576320
2019-11-15 02:17:39,379 [main] INFO  volume.VolumeSet (VolumeSet.java:initializeVolumeSet(170)) - Added Volume : /workdir/hadoop-ozone/tools/target/test-dir/MiniOzoneClusterImpl-1de3cd11-ff9a-425d-8a8b-b41796d542b5/datanode-2/data/containers/hdds to VolumeSet
2019-11-15 02:17:39,379 [main] INFO  volume.ThrottledAsyncChecker (ThrottledAsyncChecker.java:schedule(141)) - Scheduling a check for /workdir/hadoop-ozone/tools/target/test-dir/MiniOzoneClusterImpl-1de3cd11-ff9a-425d-8a8b-b41796d542b5/datanode-2/data/containers/hdds
2019-11-15 02:17:39,380 [main] INFO  volume.HddsVolumeChecker (HddsVolumeChecker.java:checkAllVolumes(204)) - Scheduled health check for volume /workdir/hadoop-ozone/tools/target/test-dir/MiniOzoneClusterImpl-1de3cd11-ff9a-425d-8a8b-b41796d542b5/datanode-2/data/containers/hdds
2019-11-15 02:17:39,396 [main] INFO  impl.RaftServerProxy (ConfUtils.java:logGet(43)) - raft.rpc.type = GRPC (default)
2019-11-15 02:17:39,396 [main] INFO  grpc.GrpcFactory (GrpcFactory.java:checkPooledByteBufAllocatorUseCacheForAllThreads(45)) - PERFORMANCE WARNING: useCacheForAllThreads is true that may cause Netty to create a lot garbage objects and, as a result, trigger GC.
	It is recommended to disable useCacheForAllThreads by setting -Dorg.apache.ratis.thirdparty.io.netty.allocator.useCacheForAllThreads=false in command line.
2019-11-15 02:17:39,396 [main] INFO  grpc.GrpcConfigKeys$Server (ConfUtils.java:logGet(43)) - raft.grpc.server.port = 0 (default)
2019-11-15 02:17:39,396 [Datanode State Machine Thread - 0] INFO  datanode.InitDatanodeState (InitDatanodeState.java:persistContainerDatanodeDetails(140)) - DatanodeDetails is persisted to /workdir/hadoop-ozone/tools/target/test-dir/MiniOzoneClusterImpl-1de3cd11-ff9a-425d-8a8b-b41796d542b5/datanode-0/meta/datanode.id
2019-11-15 02:17:39,397 [main] INFO  server.GrpcService (ConfUtils.java:logGet(43)) - raft.grpc.message.size.max = 33570816 (custom)
2019-11-15 02:17:39,398 [main] INFO  server.RaftServerConfigKeys (ConfUtils.java:logGet(43)) - raft.server.log.appender.buffer.byte-limit = 33554432 (custom)
2019-11-15 02:17:39,399 [main] INFO  server.GrpcService (ConfUtils.java:logGet(43)) - raft.grpc.flow.control.window = 1MB (=1048576) (default)
2019-11-15 02:17:39,399 [main] INFO  server.RaftServerConfigKeys (ConfUtils.java:logGet(43)) - raft.server.rpc.request.timeout = 3000ms (default)
2019-11-15 02:17:39,400 [main] INFO  server.RaftServerConfigKeys (ConfUtils.java:logGet(43)) - raft.server.storage.dir = [/workdir/hadoop-ozone/tools/target/test-dir/MiniOzoneClusterImpl-1de3cd11-ff9a-425d-8a8b-b41796d542b5/datanode-2/data/ratis] (custom)
2019-11-15 02:17:39,401 [Datanode State Machine Thread - 0] INFO  datanode.InitDatanodeState (InitDatanodeState.java:persistContainerDatanodeDetails(140)) - DatanodeDetails is persisted to /workdir/hadoop-ozone/tools/target/test-dir/MiniOzoneClusterImpl-1de3cd11-ff9a-425d-8a8b-b41796d542b5/datanode-1/meta/datanode.id
2019-11-15 02:17:39,403 [main] INFO  hdfs.DFSUtil (DFSUtil.java:httpServerTemplateForNNAndJN(1641)) - Starting Web-server for hddsDatanode at: http://0.0.0.0:0
2019-11-15 02:17:39,404 [main] INFO  server.AuthenticationFilter (AuthenticationFilter.java:constructSecretProvider(240)) - Unable to initialize FileSignerSecretProvider, falling back to use random secrets.
2019-11-15 02:17:39,405 [main] WARN  http.HttpRequestLog (HttpRequestLog.java:getRequestLog(97)) - Jetty request log can only be enabled using Log4j
2019-11-15 02:17:39,406 [main] INFO  http.HttpServer2 (HttpServer2.java:addGlobalFilter(975)) - Added global filter 'safety' (class=org.apache.hadoop.http.HttpServer2$QuotingInputFilter)
2019-11-15 02:17:39,407 [main] INFO  http.HttpServer2 (HttpServer2.java:addFilter(948)) - Added filter static_user_filter (class=org.apache.hadoop.http.lib.StaticUserWebFilter$StaticUserFilter) to context hddsDatanode
2019-11-15 02:17:39,407 [main] INFO  http.HttpServer2 (HttpServer2.java:addFilter(958)) - Added filter static_user_filter (class=org.apache.hadoop.http.lib.StaticUserWebFilter$StaticUserFilter) to context static
2019-11-15 02:17:39,407 [main] INFO  http.HttpServer2 (HttpServer2.java:addFilter(958)) - Added filter static_user_filter (class=org.apache.hadoop.http.lib.StaticUserWebFilter$StaticUserFilter) to context logs
2019-11-15 02:17:39,408 [main] INFO  http.HttpServer2 (HttpServer2.java:bindListener(1191)) - Jetty bound to port 40105
2019-11-15 02:17:39,408 [main] INFO  server.Server (Server.java:doStart(351)) - jetty-9.3.25.v20180904, build timestamp: 2018-09-04T21:11:46Z, git hash: 3ce520221d0240229c862b122d2b06c12a625732
2019-11-15 02:17:39,411 [main] INFO  handler.ContextHandler (ContextHandler.java:doStart(781)) - Started o.e.j.s.ServletContextHandler@63c12e52{/logs,file:///workdir/hadoop-ozone/tools/target/log,AVAILABLE}
2019-11-15 02:17:39,411 [main] INFO  handler.ContextHandler (ContextHandler.java:doStart(781)) - Started o.e.j.s.ServletContextHandler@26c47874{/static,jar:file:/home/user/.m2/repository/org/apache/hadoop/hadoop-hdds-container-service/0.5.0-SNAPSHOT/hadoop-hdds-container-service-0.5.0-SNAPSHOT.jar!/webapps/static,AVAILABLE}
2019-11-15 02:17:39,443 [main] INFO  handler.ContextHandler (ContextHandler.java:doStart(781)) - Started o.e.j.w.WebAppContext@646c0a67{/,file:///tmp/jetty-0.0.0.0-40105-hddsDatanode-_-any-2221512702048627858.dir/webapp/,AVAILABLE}{/hddsDatanode}
2019-11-15 02:17:39,443 [main] INFO  server.AbstractConnector (AbstractConnector.java:doStart(278)) - Started ServerConnector@3804a9a8{HTTP/1.1,[http/1.1]}{0.0.0.0:40105}
2019-11-15 02:17:39,444 [main] INFO  server.Server (Server.java:doStart(419)) - Started @5984ms
2019-11-15 02:17:39,445 [main] WARN  impl.MetricsSystemImpl (MetricsSystemImpl.java:register(276)) - Sink prometheus already exists!
2019-11-15 02:17:39,446 [main] INFO  server.BaseHttpServer (BaseHttpServer.java:updateConnectorAddress(215)) - HTTP server of HDDSDATANODE is listening at http://0.0.0.0:40105
2019-11-15 02:17:39,448 [main] INFO  ozone.MiniOzoneClusterImpl (MiniOzoneClusterImpl.java:lambda$waitForClusterToBeReady$2(171)) - Waiting for cluster to be ready. Got 0 of 3 DN Heartbeats.
2019-11-15 02:17:39,449 [org.apache.hadoop.util.JvmPauseMonitor$Monitor@2ee1ef52] INFO  util.JvmPauseMonitor (JvmPauseMonitor.java:run(188)) - Starting JVM pause monitor
2019-11-15 02:17:39,452 [Datanode State Machine Thread - 0] INFO  datanode.InitDatanodeState (InitDatanodeState.java:persistContainerDatanodeDetails(140)) - DatanodeDetails is persisted to /workdir/hadoop-ozone/tools/target/test-dir/MiniOzoneClusterImpl-1de3cd11-ff9a-425d-8a8b-b41796d542b5/datanode-2/meta/datanode.id
2019-11-15 02:17:40,448 [main] INFO  ozone.MiniOzoneClusterImpl (MiniOzoneClusterImpl.java:lambda$waitForClusterToBeReady$2(171)) - Waiting for cluster to be ready. Got 0 of 3 DN Heartbeats.
2019-11-15 02:17:41,368 [Datanode State Machine Thread - 0] INFO  ozoneimpl.OzoneContainer (OzoneContainer.java:start(230)) - Attempting to start container services.
2019-11-15 02:17:41,372 [Datanode State Machine Thread - 0] INFO  ozoneimpl.OzoneContainer (OzoneContainer.java:startContainerScrub(194)) - Background container scanner has been disabled.
2019-11-15 02:17:41,372 [Datanode State Machine Thread - 0] INFO  ratis.XceiverServerRatis (XceiverServerRatis.java:start(421)) - Starting XceiverServerRatis fa884e0b-679d-4560-bd4e-65c026c5920b at port 0
2019-11-15 02:17:41,396 [Datanode State Machine Thread - 0] INFO  impl.RaftServerProxy (RaftServerProxy.java:lambda$start$3(299)) - fa884e0b-679d-4560-bd4e-65c026c5920b: start RPC server
2019-11-15 02:17:41,397 [Datanode State Machine Thread - 0] INFO  ozoneimpl.OzoneContainer (OzoneContainer.java:start(230)) - Attempting to start container services.
2019-11-15 02:17:41,401 [Datanode State Machine Thread - 0] INFO  ozoneimpl.OzoneContainer (OzoneContainer.java:startContainerScrub(194)) - Background container scanner has been disabled.
2019-11-15 02:17:41,401 [Datanode State Machine Thread - 0] INFO  ratis.XceiverServerRatis (XceiverServerRatis.java:start(421)) - Starting XceiverServerRatis 6a3df7f3-90dc-4440-87a5-375a0f4c51e8 at port 0
2019-11-15 02:17:41,409 [Datanode State Machine Thread - 0] INFO  impl.RaftServerProxy (RaftServerProxy.java:lambda$start$3(299)) - 6a3df7f3-90dc-4440-87a5-375a0f4c51e8: start RPC server
2019-11-15 02:17:41,449 [main] INFO  ozone.MiniOzoneClusterImpl (MiniOzoneClusterImpl.java:lambda$waitForClusterToBeReady$2(171)) - Waiting for cluster to be ready. Got 0 of 3 DN Heartbeats.
2019-11-15 02:17:41,476 [Datanode State Machine Thread - 0] INFO  ozoneimpl.OzoneContainer (OzoneContainer.java:start(230)) - Attempting to start container services.
2019-11-15 02:17:41,477 [Datanode State Machine Thread - 0] INFO  ozoneimpl.OzoneContainer (OzoneContainer.java:startContainerScrub(194)) - Background container scanner has been disabled.
2019-11-15 02:17:41,478 [Datanode State Machine Thread - 0] INFO  ratis.XceiverServerRatis (XceiverServerRatis.java:start(421)) - Starting XceiverServerRatis b71ff034-751e-4244-b2a3-64b67b10595d at port 0
2019-11-15 02:17:41,490 [Datanode State Machine Thread - 0] INFO  impl.RaftServerProxy (RaftServerProxy.java:lambda$start$3(299)) - b71ff034-751e-4244-b2a3-64b67b10595d: start RPC server
2019-11-15 02:17:41,522 [Datanode State Machine Thread - 0] INFO  server.GrpcService (GrpcService.java:startImpl(158)) - fa884e0b-679d-4560-bd4e-65c026c5920b: GrpcService started, listening on 0.0.0.0/0.0.0.0:42878
2019-11-15 02:17:41,522 [Datanode State Machine Thread - 0] INFO  server.GrpcService (GrpcService.java:startImpl(158)) - b71ff034-751e-4244-b2a3-64b67b10595d: GrpcService started, listening on 0.0.0.0/0.0.0.0:46256
2019-11-15 02:17:41,522 [Datanode State Machine Thread - 0] INFO  server.GrpcService (GrpcService.java:startImpl(158)) - 6a3df7f3-90dc-4440-87a5-375a0f4c51e8: GrpcService started, listening on 0.0.0.0/0.0.0.0:39999
2019-11-15 02:17:41,523 [Datanode State Machine Thread - 0] INFO  ratis.XceiverServerRatis (XceiverServerRatis.java:start(431)) - XceiverServerRatis b71ff034-751e-4244-b2a3-64b67b10595d is started using port 46256
2019-11-15 02:17:41,523 [Datanode State Machine Thread - 0] INFO  ratis.XceiverServerRatis (XceiverServerRatis.java:start(431)) - XceiverServerRatis fa884e0b-679d-4560-bd4e-65c026c5920b is started using port 42878
2019-11-15 02:17:41,523 [Datanode State Machine Thread - 0] INFO  ratis.XceiverServerRatis (XceiverServerRatis.java:start(431)) - XceiverServerRatis 6a3df7f3-90dc-4440-87a5-375a0f4c51e8 is started using port 39999
2019-11-15 02:17:41,528 [Datanode State Machine Thread - 0] INFO  server.XceiverServerGrpc (XceiverServerGrpc.java:start(145)) - XceiverServerGrpc 6a3df7f3-90dc-4440-87a5-375a0f4c51e8 is started using port 44636
2019-11-15 02:17:41,528 [Datanode State Machine Thread - 0] INFO  server.XceiverServerGrpc (XceiverServerGrpc.java:start(145)) - XceiverServerGrpc fa884e0b-679d-4560-bd4e-65c026c5920b is started using port 43947
2019-11-15 02:17:41,528 [Datanode State Machine Thread - 0] INFO  server.XceiverServerGrpc (XceiverServerGrpc.java:start(145)) - XceiverServerGrpc b71ff034-751e-4244-b2a3-64b67b10595d is started using port 37988
2019-11-15 02:17:42,450 [main] INFO  ozone.MiniOzoneClusterImpl (MiniOzoneClusterImpl.java:lambda$waitForClusterToBeReady$2(171)) - Waiting for cluster to be ready. Got 0 of 3 DN Heartbeats.
2019-11-15 02:17:43,324 [IPC Server handler 19 on 42358] INFO  net.NetworkTopology (NetworkTopologyImpl.java:add(111)) - Added a new node: /default-rack/fa884e0b-679d-4560-bd4e-65c026c5920b
2019-11-15 02:17:43,324 [IPC Server handler 19 on 42358] INFO  node.SCMNodeManager (SCMNodeManager.java:register(267)) - Registered Data node : fa884e0b-679d-4560-bd4e-65c026c5920b{ip: 192.168.69.113, host: pr-hdds-2477-8qshl-3676723835, networkLocation: /default-rack, certSerialId: null}
2019-11-15 02:17:43,329 [EventQueue-NodeRegistrationContainerReportForDataNodeSafeModeRule] INFO  safemode.SCMSafeModeManager (DataNodeSafeModeRule.java:process(71)) - SCM in safe mode. 1 DataNodes registered, 1 required.
2019-11-15 02:17:43,329 [EventQueue-NodeRegistrationContainerReportForDataNodeSafeModeRule] INFO  safemode.SCMSafeModeManager (SCMSafeModeManager.java:validateSafeModeExitRules(177)) - ScmSafeModeManager, all rules are successfully validated
2019-11-15 02:17:43,329 [EventQueue-NodeRegistrationContainerReportForDataNodeSafeModeRule] INFO  safemode.SCMSafeModeManager (SCMSafeModeManager.java:exitSafeMode(193)) - SCM exiting safe mode.
2019-11-15 02:17:43,373 [IPC Server handler 17 on 42358] INFO  net.NetworkTopology (NetworkTopologyImpl.java:add(111)) - Added a new node: /default-rack/6a3df7f3-90dc-4440-87a5-375a0f4c51e8
2019-11-15 02:17:43,373 [IPC Server handler 17 on 42358] INFO  node.SCMNodeManager (SCMNodeManager.java:register(267)) - Registered Data node : 6a3df7f3-90dc-4440-87a5-375a0f4c51e8{ip: 192.168.69.113, host: pr-hdds-2477-8qshl-3676723835, networkLocation: /default-rack, certSerialId: null}
2019-11-15 02:17:43,453 [IPC Server handler 11 on 42358] INFO  net.NetworkTopology (NetworkTopologyImpl.java:add(111)) - Added a new node: /default-rack/b71ff034-751e-4244-b2a3-64b67b10595d
2019-11-15 02:17:43,454 [IPC Server handler 11 on 42358] INFO  node.SCMNodeManager (SCMNodeManager.java:register(267)) - Registered Data node : b71ff034-751e-4244-b2a3-64b67b10595d{ip: 192.168.69.113, host: pr-hdds-2477-8qshl-3676723835, networkLocation: /default-rack, certSerialId: null}
2019-11-15 02:17:43,895 [grpc-default-executor-0] INFO  impl.RaftServerProxy (RaftServerProxy.java:addNew(89)) - fa884e0b-679d-4560-bd4e-65c026c5920b: addNew group-603CBA02AAE6:[fa884e0b-679d-4560-bd4e-65c026c5920b:192.168.69.113:42878] returns group-603CBA02AAE6:java.util.concurrent.CompletableFuture@78c8ec7e[Not completed]
2019-11-15 02:17:43,915 [pool-27-thread-1] INFO  impl.RaftServerImpl (RaftServerImpl.java:<init>(98)) - fa884e0b-679d-4560-bd4e-65c026c5920b: new RaftServerImpl for group-603CBA02AAE6:[fa884e0b-679d-4560-bd4e-65c026c5920b:192.168.69.113:42878] with ContainerStateMachine:uninitialized
2019-11-15 02:17:43,917 [pool-27-thread-1] INFO  server.RaftServerConfigKeys (ConfUtils.java:logGet(43)) - raft.server.rpc.timeout.min = 5s (custom)
2019-11-15 02:17:43,918 [pool-27-thread-1] INFO  server.RaftServerConfigKeys (ConfUtils.java:logGet(43)) - raft.server.rpc.timeout.max = 5200ms (custom)
2019-11-15 02:17:43,919 [pool-27-thread-1] INFO  server.RaftServerConfigKeys (ConfUtils.java:logGet(43)) - raft.server.rpcslowness.timeout = 120s (custom)
2019-11-15 02:17:43,920 [pool-27-thread-1] INFO  server.RaftServerConfigKeys (ConfUtils.java:logGet(43)) - raft.server.sleep.deviation.threshold = 300 (default)
2019-11-15 02:17:43,921 [pool-27-thread-1] INFO  server.RaftServerConfigKeys (ConfUtils.java:logGet(43)) - raft.server.log.appender.install.snapshot.enabled = false (custom)
2019-11-15 02:17:43,930 [pool-27-thread-1] INFO  impl.RaftServerImpl (ServerState.java:<init>(103)) - fa884e0b-679d-4560-bd4e-65c026c5920b@group-603CBA02AAE6: ConfigurationManager, init=-1: [fa884e0b-679d-4560-bd4e-65c026c5920b:192.168.69.113:42878], old=null, confs=<EMPTY_MAP>
2019-11-15 02:17:43,930 [pool-27-thread-1] INFO  server.RaftServerConfigKeys (ConfUtils.java:logGet(43)) - raft.server.storage.dir = [/workdir/hadoop-ozone/tools/target/test-dir/MiniOzoneClusterImpl-1de3cd11-ff9a-425d-8a8b-b41796d542b5/datanode-0/data/ratis] (custom)
2019-11-15 02:17:43,937 [pool-27-thread-1] INFO  server.RaftServerConfigKeys (ConfUtils.java:logGet(43)) - raft.server.log.corruption.policy = EXCEPTION (default)
2019-11-15 02:17:43,939 [pool-27-thread-1] INFO  storage.RaftStorageDirectory (RaftStorageDirectory.java:analyzeStorage(246)) - The storage directory /workdir/hadoop-ozone/tools/target/test-dir/MiniOzoneClusterImpl-1de3cd11-ff9a-425d-8a8b-b41796d542b5/datanode-0/data/ratis/c40a3df1-9915-4584-a463-603cba02aae6 does not exist. Creating ...
2019-11-15 02:17:43,957 [pool-27-thread-1] INFO  storage.RaftStorageDirectory (RaftStorageDirectory.java:tryLock(328)) - Lock on /workdir/hadoop-ozone/tools/target/test-dir/MiniOzoneClusterImpl-1de3cd11-ff9a-425d-8a8b-b41796d542b5/datanode-0/data/ratis/c40a3df1-9915-4584-a463-603cba02aae6/in_use.lock acquired by nodename 2672@pr-hdds-2477-8qshl-3676723835
2019-11-15 02:17:43,972 [pool-27-thread-1] INFO  storage.RaftStorage (RaftStorage.java:format(84)) - Storage directory /workdir/hadoop-ozone/tools/target/test-dir/MiniOzoneClusterImpl-1de3cd11-ff9a-425d-8a8b-b41796d542b5/datanode-0/data/ratis/c40a3df1-9915-4584-a463-603cba02aae6 has been successfully formatted.
2019-11-15 02:17:43,975 [pool-27-thread-1] INFO  ratis.ContainerStateMachine (ContainerStateMachine.java:loadSnapshot(223)) - group-603CBA02AAE6: The snapshot info is null. Setting the last applied indexto:(t:0, i:~)
2019-11-15 02:17:43,975 [pool-27-thread-1] INFO  server.RaftServerConfigKeys (ConfUtils.java:logGet(43)) - raft.server.notification.no-leader.timeout = 120s (custom)
2019-11-15 02:17:43,977 [pool-27-thread-1] INFO  server.RaftServerConfigKeys (ConfUtils.java:logGet(43)) - raft.server.log.use.memory = false (default)
2019-11-15 02:17:43,983 [pool-27-thread-1] INFO  server.RaftServerConfigKeys (ConfUtils.java:logGet(43)) - raft.server.log.purge.gap = 1000000 (custom)
2019-11-15 02:17:43,983 [pool-27-thread-1] INFO  server.RaftServerConfigKeys (ConfUtils.java:logGet(43)) - raft.server.log.appender.buffer.byte-limit = 33554432 (custom)
2019-11-15 02:17:43,985 [pool-27-thread-1] INFO  server.RaftServerConfigKeys (ConfUtils.java:logGet(43)) - raft.server.log.segment.size.max = 1048576 (custom)
2019-11-15 02:17:43,990 [pool-27-thread-1] INFO  metrics.MetricRegistries (MetricRegistriesLoader.java:load(64)) - Loaded MetricRegistries class org.apache.ratis.metrics.impl.MetricRegistriesImpl
2019-11-15 02:17:43,995 [pool-27-thread-1] WARN  impl.MetricRegistriesImpl (MetricRegistriesImpl.java:lambda$create$1(61)) - First MetricRegistry has been created without registering reporters. You may need to call MetricRegistries.global().addReportRegistration(...) before.
2019-11-15 02:17:44,000 [pool-27-thread-1] INFO  server.RaftServerConfigKeys (ConfUtils.java:logGet(43)) - raft.server.log.segment.cache.num.max = 2 (custom)
2019-11-15 02:17:44,005 [pool-27-thread-1] INFO  segmented.SegmentedRaftLogWorker (SegmentedRaftLogWorker.java:<init>(173)) - new fa884e0b-679d-4560-bd4e-65c026c5920b@group-603CBA02AAE6-SegmentedRaftLogWorker for RaftStorage:Storage Directory /workdir/hadoop-ozone/tools/target/test-dir/MiniOzoneClusterImpl-1de3cd11-ff9a-425d-8a8b-b41796d542b5/datanode-0/data/ratis/c40a3df1-9915-4584-a463-603cba02aae6
2019-11-15 02:17:44,006 [pool-27-thread-1] INFO  server.RaftServerConfigKeys (ConfUtils.java:logGet(43)) - raft.server.log.queue.byte-limit = 2147483647 (custom)
2019-11-15 02:17:44,006 [pool-27-thread-1] INFO  server.RaftServerConfigKeys (ConfUtils.java:logGet(43)) - raft.server.log.queue.element-limit = 1024 (custom)
2019-11-15 02:17:44,007 [pool-27-thread-1] INFO  server.RaftServerConfigKeys (ConfUtils.java:logGet(43)) - raft.server.log.segment.size.max = 1048576 (custom)
2019-11-15 02:17:44,008 [pool-27-thread-1] INFO  server.RaftServerConfigKeys (ConfUtils.java:logGet(43)) - raft.server.log.preallocated.size = 16384 (custom)
2019-11-15 02:17:44,008 [pool-27-thread-1] INFO  server.RaftServerConfigKeys (ConfUtils.java:logGet(43)) - raft.server.log.write.buffer.size = 33554432 (custom)
2019-11-15 02:17:44,009 [pool-27-thread-1] INFO  server.RaftServerConfigKeys (ConfUtils.java:logGet(43)) - raft.server.log.force.sync.num = 128 (default)
2019-11-15 02:17:44,010 [pool-27-thread-1] INFO  server.RaftServerConfigKeys (ConfUtils.java:logGet(43)) - raft.server.log.statemachine.data.sync = true (default)
2019-11-15 02:17:44,010 [pool-27-thread-1] INFO  server.RaftServerConfigKeys (ConfUtils.java:logGet(43)) - raft.server.log.statemachine.data.sync.timeout = 10s (default)
2019-11-15 02:17:44,011 [pool-27-thread-1] INFO  server.RaftServerConfigKeys (ConfUtils.java:logGet(43)) - raft.server.log.statemachine.data.sync.timeout.retry = -1 (default)
2019-11-15 02:17:44,024 [pool-27-thread-1] INFO  server.RaftServerConfigKeys (ConfUtils.java:logGet(43)) - raft.server.log.statemachine.data.caching.enabled = true (custom)
2019-11-15 02:17:44,028 [pool-27-thread-1] INFO  segmented.SegmentedRaftLogWorker (SegmentedRaftLogWorker.java:lambda$new$0(128)) - fa884e0b-679d-4560-bd4e-65c026c5920b@group-603CBA02AAE6-SegmentedRaftLogWorker: flushIndex: setUnconditionally 0 -> -1
2019-11-15 02:17:44,032 [pool-27-thread-1] INFO  server.RaftServerConfigKeys (ConfUtils.java:logGet(43)) - raft.server.snapshot.auto.trigger.enabled = true (custom)
2019-11-15 02:17:44,033 [pool-27-thread-1] INFO  server.RaftServerConfigKeys (ConfUtils.java:logGet(43)) - raft.server.snapshot.auto.trigger.threshold = 10000 (custom)
2019-11-15 02:17:44,034 [pool-27-thread-1] INFO  server.RaftServerConfigKeys (ConfUtils.java:logGet(43)) - raft.server.snapshot.retention.file.num = 5 (custom)
2019-11-15 02:17:44,034 [pool-27-thread-1] INFO  server.RaftServerConfigKeys (ConfUtils.java:logGet(43)) - raft.server.retrycache.expirytime = 600000ms (custom)
2019-11-15 02:17:44,052 [pool-27-thread-1] WARN  impl.MetricRegistriesImpl (MetricRegistriesImpl.java:lambda$create$1(61)) - First MetricRegistry has been created without registering reporters. You may need to call MetricRegistries.global().addReportRegistration(...) before.
2019-11-15 02:17:44,054 [pool-27-thread-1] WARN  impl.MetricRegistriesImpl (MetricRegistriesImpl.java:lambda$create$1(61)) - First MetricRegistry has been created without registering reporters. You may need to call MetricRegistries.global().addReportRegistration(...) before.
2019-11-15 02:17:44,056 [pool-27-thread-1] INFO  impl.RaftServerImpl (RaftServerImpl.java:start(184)) - fa884e0b-679d-4560-bd4e-65c026c5920b@group-603CBA02AAE6: start as a follower, conf=-1: [fa884e0b-679d-4560-bd4e-65c026c5920b:192.168.69.113:42878], old=null
2019-11-15 02:17:44,057 [pool-27-thread-1] INFO  impl.RaftServerImpl (RaftServerImpl.java:setRole(173)) - fa884e0b-679d-4560-bd4e-65c026c5920b@group-603CBA02AAE6: changes role from      null to FOLLOWER at term 0 for startAsFollower
2019-11-15 02:17:44,058 [pool-27-thread-1] INFO  impl.RoleInfo (RoleInfo.java:updateAndGet(143)) - fa884e0b-679d-4560-bd4e-65c026c5920b: start FollowerState
2019-11-15 02:17:44,059 [pool-27-thread-1] INFO  util.JmxRegister (JmxRegister.java:tryRegister(44)) - Successfully registered JMX Bean with object name Ratis:service=RaftServer,group=group-603CBA02AAE6,id=fa884e0b-679d-4560-bd4e-65c026c5920b
2019-11-15 02:17:44,061 [pool-27-thread-1] WARN  impl.MetricRegistriesImpl (MetricRegistriesImpl.java:lambda$create$1(61)) - First MetricRegistry has been created without registering reporters. You may need to call MetricRegistries.global().addReportRegistration(...) before.
2019-11-15 02:17:44,127 [RatisPipelineUtilsThread] INFO  pipeline.PipelineStateManager (PipelineStateManager.java:addPipeline(55)) - Created pipeline Pipeline[ Id: c40a3df1-9915-4584-a463-603cba02aae6, Nodes: fa884e0b-679d-4560-bd4e-65c026c5920b{ip: 192.168.69.113, host: pr-hdds-2477-8qshl-3676723835, networkLocation: /default-rack, certSerialId: null}, Type:RATIS, Factor:ONE, State:ALLOCATED]
2019-11-15 02:17:44,152 [grpc-default-executor-0] INFO  impl.RaftServerProxy (RaftServerProxy.java:addNew(89)) - 6a3df7f3-90dc-4440-87a5-375a0f4c51e8: addNew group-136BA72AD6EC:[6a3df7f3-90dc-4440-87a5-375a0f4c51e8:192.168.69.113:39999] returns group-136BA72AD6EC:java.util.concurrent.CompletableFuture@5d4f72e1[Not completed]
2019-11-15 02:17:44,179 [pool-37-thread-1] INFO  impl.RaftServerImpl (RaftServerImpl.java:<init>(98)) - 6a3df7f3-90dc-4440-87a5-375a0f4c51e8: new RaftServerImpl for group-136BA72AD6EC:[6a3df7f3-90dc-4440-87a5-375a0f4c51e8:192.168.69.113:39999] with ContainerStateMachine:uninitialized
2019-11-15 02:17:44,181 [pool-37-thread-1] INFO  server.RaftServerConfigKeys (ConfUtils.java:logGet(43)) - raft.server.rpc.timeout.min = 5s (custom)
2019-11-15 02:17:44,181 [pool-37-thread-1] INFO  server.RaftServerConfigKeys (ConfUtils.java:logGet(43)) - raft.server.rpc.timeout.max = 5200ms (custom)
2019-11-15 02:17:44,181 [pool-37-thread-1] INFO  server.RaftServerConfigKeys (ConfUtils.java:logGet(43)) - raft.server.rpcslowness.timeout = 120s (custom)
2019-11-15 02:17:44,181 [pool-37-thread-1] INFO  server.RaftServerConfigKeys (ConfUtils.java:logGet(43)) - raft.server.sleep.deviation.threshold = 300 (default)
2019-11-15 02:17:44,181 [pool-37-thread-1] INFO  server.RaftServerConfigKeys (ConfUtils.java:logGet(43)) - raft.server.log.appender.install.snapshot.enabled = false (custom)
2019-11-15 02:17:44,182 [pool-37-thread-1] INFO  impl.RaftServerImpl (ServerState.java:<init>(103)) - 6a3df7f3-90dc-4440-87a5-375a0f4c51e8@group-136BA72AD6EC: ConfigurationManager, init=-1: [6a3df7f3-90dc-4440-87a5-375a0f4c51e8:192.168.69.113:39999], old=null, confs=<EMPTY_MAP>
2019-11-15 02:17:44,182 [pool-37-thread-1] INFO  server.RaftServerConfigKeys (ConfUtils.java:logGet(43)) - raft.server.storage.dir = [/workdir/hadoop-ozone/tools/target/test-dir/MiniOzoneClusterImpl-1de3cd11-ff9a-425d-8a8b-b41796d542b5/datanode-1/data/ratis] (custom)
2019-11-15 02:17:44,182 [pool-37-thread-1] INFO  server.RaftServerConfigKeys (ConfUtils.java:logGet(43)) - raft.server.log.corruption.policy = EXCEPTION (default)
2019-11-15 02:17:44,183 [pool-37-thread-1] INFO  storage.RaftStorageDirectory (RaftStorageDirectory.java:analyzeStorage(246)) - The storage directory /workdir/hadoop-ozone/tools/target/test-dir/MiniOzoneClusterImpl-1de3cd11-ff9a-425d-8a8b-b41796d542b5/datanode-1/data/ratis/5d3ea1d1-47e2-4d45-a151-136ba72ad6ec does not exist. Creating ...
2019-11-15 02:17:44,207 [pool-37-thread-1] INFO  storage.RaftStorageDirectory (RaftStorageDirectory.java:tryLock(328)) - Lock on /workdir/hadoop-ozone/tools/target/test-dir/MiniOzoneClusterImpl-1de3cd11-ff9a-425d-8a8b-b41796d542b5/datanode-1/data/ratis/5d3ea1d1-47e2-4d45-a151-136ba72ad6ec/in_use.lock acquired by nodename 2672@pr-hdds-2477-8qshl-3676723835
2019-11-15 02:17:44,221 [pool-37-thread-1] INFO  storage.RaftStorage (RaftStorage.java:format(84)) - Storage directory /workdir/hadoop-ozone/tools/target/test-dir/MiniOzoneClusterImpl-1de3cd11-ff9a-425d-8a8b-b41796d542b5/datanode-1/data/ratis/5d3ea1d1-47e2-4d45-a151-136ba72ad6ec has been successfully formatted.
2019-11-15 02:17:44,223 [pool-37-thread-1] INFO  ratis.ContainerStateMachine (ContainerStateMachine.java:loadSnapshot(223)) - group-136BA72AD6EC: The snapshot info is null. Setting the last applied indexto:(t:0, i:~)
2019-11-15 02:17:44,223 [pool-37-thread-1] INFO  server.RaftServerConfigKeys (ConfUtils.java:logGet(43)) - raft.server.notification.no-leader.timeout = 120s (custom)
2019-11-15 02:17:44,224 [pool-37-thread-1] INFO  server.RaftServerConfigKeys (ConfUtils.java:logGet(43)) - raft.server.log.use.memory = false (default)
2019-11-15 02:17:44,224 [pool-37-thread-1] INFO  server.RaftServerConfigKeys (ConfUtils.java:logGet(43)) - raft.server.log.purge.gap = 1000000 (custom)
2019-11-15 02:17:44,224 [pool-37-thread-1] INFO  server.RaftServerConfigKeys (ConfUtils.java:logGet(43)) - raft.server.log.appender.buffer.byte-limit = 33554432 (custom)
2019-11-15 02:17:44,224 [pool-37-thread-1] INFO  server.RaftServerConfigKeys (ConfUtils.java:logGet(43)) - raft.server.log.segment.size.max = 1048576 (custom)
2019-11-15 02:17:44,224 [pool-37-thread-1] WARN  impl.MetricRegistriesImpl (MetricRegistriesImpl.java:lambda$create$1(61)) - First MetricRegistry has been created without registering reporters. You may need to call MetricRegistries.global().addReportRegistration(...) before.
2019-11-15 02:17:44,225 [pool-37-thread-1] INFO  server.RaftServerConfigKeys (ConfUtils.java:logGet(43)) - raft.server.log.segment.cache.num.max = 2 (custom)
2019-11-15 02:17:44,226 [pool-37-thread-1] INFO  segmented.SegmentedRaftLogWorker (SegmentedRaftLogWorker.java:<init>(173)) - new 6a3df7f3-90dc-4440-87a5-375a0f4c51e8@group-136BA72AD6EC-SegmentedRaftLogWorker for RaftStorage:Storage Directory /workdir/hadoop-ozone/tools/target/test-dir/MiniOzoneClusterImpl-1de3cd11-ff9a-425d-8a8b-b41796d542b5/datanode-1/data/ratis/5d3ea1d1-47e2-4d45-a151-136ba72ad6ec
2019-11-15 02:17:44,226 [pool-37-thread-1] INFO  server.RaftServerConfigKeys (ConfUtils.java:logGet(43)) - raft.server.log.queue.byte-limit = 2147483647 (custom)
2019-11-15 02:17:44,226 [pool-37-thread-1] INFO  server.RaftServerConfigKeys (ConfUtils.java:logGet(43)) - raft.server.log.queue.element-limit = 1024 (custom)
2019-11-15 02:17:44,227 [pool-37-thread-1] INFO  server.RaftServerConfigKeys (ConfUtils.java:logGet(43)) - raft.server.log.segment.size.max = 1048576 (custom)
2019-11-15 02:17:44,227 [pool-37-thread-1] INFO  server.RaftServerConfigKeys (ConfUtils.java:logGet(43)) - raft.server.log.preallocated.size = 16384 (custom)
2019-11-15 02:17:44,227 [pool-37-thread-1] INFO  server.RaftServerConfigKeys (ConfUtils.java:logGet(43)) - raft.server.log.write.buffer.size = 33554432 (custom)
2019-11-15 02:17:44,227 [pool-37-thread-1] INFO  server.RaftServerConfigKeys (ConfUtils.java:logGet(43)) - raft.server.log.force.sync.num = 128 (default)
2019-11-15 02:17:44,227 [pool-37-thread-1] INFO  server.RaftServerConfigKeys (ConfUtils.java:logGet(43)) - raft.server.log.statemachine.data.sync = true (default)
2019-11-15 02:17:44,227 [pool-37-thread-1] INFO  server.RaftServerConfigKeys (ConfUtils.java:logGet(43)) - raft.server.log.statemachine.data.sync.timeout = 10s (default)
2019-11-15 02:17:44,228 [pool-37-thread-1] INFO  server.RaftServerConfigKeys (ConfUtils.java:logGet(43)) - raft.server.log.statemachine.data.sync.timeout.retry = -1 (default)
2019-11-15 02:17:44,228 [pool-37-thread-1] INFO  server.RaftServerConfigKeys (ConfUtils.java:logGet(43)) - raft.server.log.statemachine.data.caching.enabled = true (custom)
2019-11-15 02:17:44,228 [pool-37-thread-1] INFO  segmented.SegmentedRaftLogWorker (SegmentedRaftLogWorker.java:lambda$new$0(128)) - 6a3df7f3-90dc-4440-87a5-375a0f4c51e8@group-136BA72AD6EC-SegmentedRaftLogWorker: flushIndex: setUnconditionally 0 -> -1
2019-11-15 02:17:44,229 [pool-37-thread-1] INFO  server.RaftServerConfigKeys (ConfUtils.java:logGet(43)) - raft.server.snapshot.auto.trigger.enabled = true (custom)
2019-11-15 02:17:44,229 [pool-37-thread-1] INFO  server.RaftServerConfigKeys (ConfUtils.java:logGet(43)) - raft.server.snapshot.auto.trigger.threshold = 10000 (custom)
2019-11-15 02:17:44,229 [pool-37-thread-1] INFO  server.RaftServerConfigKeys (ConfUtils.java:logGet(43)) - raft.server.snapshot.retention.file.num = 5 (custom)
2019-11-15 02:17:44,229 [pool-37-thread-1] INFO  server.RaftServerConfigKeys (ConfUtils.java:logGet(43)) - raft.server.retrycache.expirytime = 600000ms (custom)
2019-11-15 02:17:44,230 [pool-37-thread-1] WARN  impl.MetricRegistriesImpl (MetricRegistriesImpl.java:lambda$create$1(61)) - First MetricRegistry has been created without registering reporters. You may need to call MetricRegistries.global().addReportRegistration(...) before.
2019-11-15 02:17:44,230 [pool-37-thread-1] WARN  impl.MetricRegistriesImpl (MetricRegistriesImpl.java:lambda$create$1(61)) - First MetricRegistry has been created without registering reporters. You may need to call MetricRegistries.global().addReportRegistration(...) before.
2019-11-15 02:17:44,230 [pool-37-thread-1] INFO  impl.RaftServerImpl (RaftServerImpl.java:start(184)) - 6a3df7f3-90dc-4440-87a5-375a0f4c51e8@group-136BA72AD6EC: start as a follower, conf=-1: [6a3df7f3-90dc-4440-87a5-375a0f4c51e8:192.168.69.113:39999], old=null
2019-11-15 02:17:44,230 [pool-37-thread-1] INFO  impl.RaftServerImpl (RaftServerImpl.java:setRole(173)) - 6a3df7f3-90dc-4440-87a5-375a0f4c51e8@group-136BA72AD6EC: changes role from      null to FOLLOWER at term 0 for startAsFollower
2019-11-15 02:17:44,231 [pool-37-thread-1] INFO  impl.RoleInfo (RoleInfo.java:updateAndGet(143)) - 6a3df7f3-90dc-4440-87a5-375a0f4c51e8: start FollowerState
2019-11-15 02:17:44,232 [pool-37-thread-1] INFO  util.JmxRegister (JmxRegister.java:tryRegister(44)) - Successfully registered JMX Bean with object name Ratis:service=RaftServer,group=group-136BA72AD6EC,id=6a3df7f3-90dc-4440-87a5-375a0f4c51e8
2019-11-15 02:17:44,232 [pool-37-thread-1] WARN  impl.MetricRegistriesImpl (MetricRegistriesImpl.java:lambda$create$1(61)) - First MetricRegistry has been created without registering reporters. You may need to call MetricRegistries.global().addReportRegistration(...) before.
2019-11-15 02:17:44,243 [RatisPipelineUtilsThread] INFO  pipeline.PipelineStateManager (PipelineStateManager.java:addPipeline(55)) - Created pipeline Pipeline[ Id: 5d3ea1d1-47e2-4d45-a151-136ba72ad6ec, Nodes: 6a3df7f3-90dc-4440-87a5-375a0f4c51e8{ip: 192.168.69.113, host: pr-hdds-2477-8qshl-3676723835, networkLocation: /default-rack, certSerialId: null}, Type:RATIS, Factor:ONE, State:ALLOCATED]
2019-11-15 02:17:44,258 [grpc-default-executor-0] INFO  impl.RaftServerProxy (RaftServerProxy.java:addNew(89)) - b71ff034-751e-4244-b2a3-64b67b10595d: addNew group-ED3205885B2D:[b71ff034-751e-4244-b2a3-64b67b10595d:192.168.69.113:46256] returns group-ED3205885B2D:java.util.concurrent.CompletableFuture@9a6921c[Not completed]
2019-11-15 02:17:44,269 [pool-47-thread-1] INFO  impl.RaftServerImpl (RaftServerImpl.java:<init>(98)) - b71ff034-751e-4244-b2a3-64b67b10595d: new RaftServerImpl for group-ED3205885B2D:[b71ff034-751e-4244-b2a3-64b67b10595d:192.168.69.113:46256] with ContainerStateMachine:uninitialized
2019-11-15 02:17:44,270 [pool-47-thread-1] INFO  server.RaftServerConfigKeys (ConfUtils.java:logGet(43)) - raft.server.rpc.timeout.min = 5s (custom)
2019-11-15 02:17:44,270 [pool-47-thread-1] INFO  server.RaftServerConfigKeys (ConfUtils.java:logGet(43)) - raft.server.rpc.timeout.max = 5200ms (custom)
2019-11-15 02:17:44,270 [pool-47-thread-1] INFO  server.RaftServerConfigKeys (ConfUtils.java:logGet(43)) - raft.server.rpcslowness.timeout = 120s (custom)
2019-11-15 02:17:44,270 [pool-47-thread-1] INFO  server.RaftServerConfigKeys (ConfUtils.java:logGet(43)) - raft.server.sleep.deviation.threshold = 300 (default)
2019-11-15 02:17:44,270 [pool-47-thread-1] INFO  server.RaftServerConfigKeys (ConfUtils.java:logGet(43)) - raft.server.log.appender.install.snapshot.enabled = false (custom)
2019-11-15 02:17:44,271 [pool-47-thread-1] INFO  impl.RaftServerImpl (ServerState.java:<init>(103)) - b71ff034-751e-4244-b2a3-64b67b10595d@group-ED3205885B2D: ConfigurationManager, init=-1: [b71ff034-751e-4244-b2a3-64b67b10595d:192.168.69.113:46256], old=null, confs=<EMPTY_MAP>
2019-11-15 02:17:44,271 [pool-47-thread-1] INFO  server.RaftServerConfigKeys (ConfUtils.java:logGet(43)) - raft.server.storage.dir = [/workdir/hadoop-ozone/tools/target/test-dir/MiniOzoneClusterImpl-1de3cd11-ff9a-425d-8a8b-b41796d542b5/datanode-2/data/ratis] (custom)
2019-11-15 02:17:44,271 [pool-47-thread-1] INFO  server.RaftServerConfigKeys (ConfUtils.java:logGet(43)) - raft.server.log.corruption.policy = EXCEPTION (default)
2019-11-15 02:17:44,271 [pool-47-thread-1] INFO  storage.RaftStorageDirectory (RaftStorageDirectory.java:analyzeStorage(246)) - The storage directory /workdir/hadoop-ozone/tools/target/test-dir/MiniOzoneClusterImpl-1de3cd11-ff9a-425d-8a8b-b41796d542b5/datanode-2/data/ratis/c00abba1-3296-4d12-af14-ed3205885b2d does not exist. Creating ...
2019-11-15 02:17:44,294 [pool-47-thread-1] INFO  storage.RaftStorageDirectory (RaftStorageDirectory.java:tryLock(328)) - Lock on /workdir/hadoop-ozone/tools/target/test-dir/MiniOzoneClusterImpl-1de3cd11-ff9a-425d-8a8b-b41796d542b5/datanode-2/data/ratis/c00abba1-3296-4d12-af14-ed3205885b2d/in_use.lock acquired by nodename 2672@pr-hdds-2477-8qshl-3676723835
2019-11-15 02:17:44,317 [pool-47-thread-1] INFO  storage.RaftStorage (RaftStorage.java:format(84)) - Storage directory /workdir/hadoop-ozone/tools/target/test-dir/MiniOzoneClusterImpl-1de3cd11-ff9a-425d-8a8b-b41796d542b5/datanode-2/data/ratis/c00abba1-3296-4d12-af14-ed3205885b2d has been successfully formatted.
2019-11-15 02:17:44,317 [pool-47-thread-1] INFO  ratis.ContainerStateMachine (ContainerStateMachine.java:loadSnapshot(223)) - group-ED3205885B2D: The snapshot info is null. Setting the last applied indexto:(t:0, i:~)
2019-11-15 02:17:44,317 [pool-47-thread-1] INFO  server.RaftServerConfigKeys (ConfUtils.java:logGet(43)) - raft.server.notification.no-leader.timeout = 120s (custom)
2019-11-15 02:17:44,317 [pool-47-thread-1] INFO  server.RaftServerConfigKeys (ConfUtils.java:logGet(43)) - raft.server.log.use.memory = false (default)
2019-11-15 02:17:44,318 [pool-47-thread-1] INFO  server.RaftServerConfigKeys (ConfUtils.java:logGet(43)) - raft.server.log.purge.gap = 1000000 (custom)
2019-11-15 02:17:44,318 [pool-47-thread-1] INFO  server.RaftServerConfigKeys (ConfUtils.java:logGet(43)) - raft.server.log.appender.buffer.byte-limit = 33554432 (custom)
2019-11-15 02:17:44,318 [pool-47-thread-1] INFO  server.RaftServerConfigKeys (ConfUtils.java:logGet(43)) - raft.server.log.segment.size.max = 1048576 (custom)
2019-11-15 02:17:44,318 [pool-47-thread-1] WARN  impl.MetricRegistriesImpl (MetricRegistriesImpl.java:lambda$create$1(61)) - First MetricRegistry has been created without registering reporters. You may need to call MetricRegistries.global().addReportRegistration(...) before.
2019-11-15 02:17:44,318 [pool-47-thread-1] INFO  server.RaftServerConfigKeys (ConfUtils.java:logGet(43)) - raft.server.log.segment.cache.num.max = 2 (custom)
2019-11-15 02:17:44,318 [pool-47-thread-1] INFO  segmented.SegmentedRaftLogWorker (SegmentedRaftLogWorker.java:<init>(173)) - new b71ff034-751e-4244-b2a3-64b67b10595d@group-ED3205885B2D-SegmentedRaftLogWorker for RaftStorage:Storage Directory /workdir/hadoop-ozone/tools/target/test-dir/MiniOzoneClusterImpl-1de3cd11-ff9a-425d-8a8b-b41796d542b5/datanode-2/data/ratis/c00abba1-3296-4d12-af14-ed3205885b2d
2019-11-15 02:17:44,318 [pool-47-thread-1] INFO  server.RaftServerConfigKeys (ConfUtils.java:logGet(43)) - raft.server.log.queue.byte-limit = 2147483647 (custom)
2019-11-15 02:17:44,318 [pool-47-thread-1] INFO  server.RaftServerConfigKeys (ConfUtils.java:logGet(43)) - raft.server.log.queue.element-limit = 1024 (custom)
2019-11-15 02:17:44,319 [pool-47-thread-1] INFO  server.RaftServerConfigKeys (ConfUtils.java:logGet(43)) - raft.server.log.segment.size.max = 1048576 (custom)
2019-11-15 02:17:44,319 [pool-47-thread-1] INFO  server.RaftServerConfigKeys (ConfUtils.java:logGet(43)) - raft.server.log.preallocated.size = 16384 (custom)
2019-11-15 02:17:44,319 [pool-47-thread-1] INFO  server.RaftServerConfigKeys (ConfUtils.java:logGet(43)) - raft.server.log.write.buffer.size = 33554432 (custom)
2019-11-15 02:17:44,319 [pool-47-thread-1] INFO  server.RaftServerConfigKeys (ConfUtils.java:logGet(43)) - raft.server.log.force.sync.num = 128 (default)
2019-11-15 02:17:44,319 [pool-47-thread-1] INFO  server.RaftServerConfigKeys (ConfUtils.java:logGet(43)) - raft.server.log.statemachine.data.sync = true (default)
2019-11-15 02:17:44,319 [pool-47-thread-1] INFO  server.RaftServerConfigKeys (ConfUtils.java:logGet(43)) - raft.server.log.statemachine.data.sync.timeout = 10s (default)
2019-11-15 02:17:44,319 [pool-47-thread-1] INFO  server.RaftServerConfigKeys (ConfUtils.java:logGet(43)) - raft.server.log.statemachine.data.sync.timeout.retry = -1 (default)
2019-11-15 02:17:44,320 [pool-47-thread-1] INFO  server.RaftServerConfigKeys (ConfUtils.java:logGet(43)) - raft.server.log.statemachine.data.caching.enabled = true (custom)
2019-11-15 02:17:44,320 [pool-47-thread-1] INFO  segmented.SegmentedRaftLogWorker (SegmentedRaftLogWorker.java:lambda$new$0(128)) - b71ff034-751e-4244-b2a3-64b67b10595d@group-ED3205885B2D-SegmentedRaftLogWorker: flushIndex: setUnconditionally 0 -> -1
2019-11-15 02:17:44,320 [pool-47-thread-1] INFO  server.RaftServerConfigKeys (ConfUtils.java:logGet(43)) - raft.server.snapshot.auto.trigger.enabled = true (custom)
2019-11-15 02:17:44,320 [pool-47-thread-1] INFO  server.RaftServerConfigKeys (ConfUtils.java:logGet(43)) - raft.server.snapshot.auto.trigger.threshold = 10000 (custom)
2019-11-15 02:17:44,320 [pool-47-thread-1] INFO  server.RaftServerConfigKeys (ConfUtils.java:logGet(43)) - raft.server.snapshot.retention.file.num = 5 (custom)
2019-11-15 02:17:44,321 [pool-47-thread-1] INFO  server.RaftServerConfigKeys (ConfUtils.java:logGet(43)) - raft.server.retrycache.expirytime = 600000ms (custom)
2019-11-15 02:17:44,321 [pool-47-thread-1] WARN  impl.MetricRegistriesImpl (MetricRegistriesImpl.java:lambda$create$1(61)) - First MetricRegistry has been created without registering reporters. You may need to call MetricRegistries.global().addReportRegistration(...) before.
2019-11-15 02:17:44,321 [pool-47-thread-1] WARN  impl.MetricRegistriesImpl (MetricRegistriesImpl.java:lambda$create$1(61)) - First MetricRegistry has been created without registering reporters. You may need to call MetricRegistries.global().addReportRegistration(...) before.
2019-11-15 02:17:44,321 [pool-47-thread-1] INFO  impl.RaftServerImpl (RaftServerImpl.java:start(184)) - b71ff034-751e-4244-b2a3-64b67b10595d@group-ED3205885B2D: start as a follower, conf=-1: [b71ff034-751e-4244-b2a3-64b67b10595d:192.168.69.113:46256], old=null
2019-11-15 02:17:44,321 [pool-47-thread-1] INFO  impl.RaftServerImpl (RaftServerImpl.java:setRole(173)) - b71ff034-751e-4244-b2a3-64b67b10595d@group-ED3205885B2D: changes role from      null to FOLLOWER at term 0 for startAsFollower
2019-11-15 02:17:44,321 [pool-47-thread-1] INFO  impl.RoleInfo (RoleInfo.java:updateAndGet(143)) - b71ff034-751e-4244-b2a3-64b67b10595d: start FollowerState
2019-11-15 02:17:44,322 [pool-47-thread-1] INFO  util.JmxRegister (JmxRegister.java:tryRegister(44)) - Successfully registered JMX Bean with object name Ratis:service=RaftServer,group=group-ED3205885B2D,id=b71ff034-751e-4244-b2a3-64b67b10595d
2019-11-15 02:17:44,322 [pool-47-thread-1] WARN  impl.MetricRegistriesImpl (MetricRegistriesImpl.java:lambda$create$1(61)) - First MetricRegistry has been created without registering reporters. You may need to call MetricRegistries.global().addReportRegistration(...) before.
2019-11-15 02:17:44,332 [RatisPipelineUtilsThread] INFO  pipeline.PipelineStateManager (PipelineStateManager.java:addPipeline(55)) - Created pipeline Pipeline[ Id: c00abba1-3296-4d12-af14-ed3205885b2d, Nodes: b71ff034-751e-4244-b2a3-64b67b10595d{ip: 192.168.69.113, host: pr-hdds-2477-8qshl-3676723835, networkLocation: /default-rack, certSerialId: null}, Type:RATIS, Factor:ONE, State:ALLOCATED]
2019-11-15 02:17:44,359 [grpc-default-executor-2] INFO  impl.RaftServerProxy (RaftServerProxy.java:addNew(89)) - 6a3df7f3-90dc-4440-87a5-375a0f4c51e8: addNew group-42CE6A8588E7:[fa884e0b-679d-4560-bd4e-65c026c5920b:192.168.69.113:42878, b71ff034-751e-4244-b2a3-64b67b10595d:192.168.69.113:46256, 6a3df7f3-90dc-4440-87a5-375a0f4c51e8:192.168.69.113:39999] returns group-42CE6A8588E7:java.util.concurrent.CompletableFuture@4584e5d3[Not completed]
2019-11-15 02:17:44,363 [grpc-default-executor-2] INFO  impl.RaftServerProxy (RaftServerProxy.java:addNew(89)) - b71ff034-751e-4244-b2a3-64b67b10595d: addNew group-42CE6A8588E7:[fa884e0b-679d-4560-bd4e-65c026c5920b:192.168.69.113:42878, b71ff034-751e-4244-b2a3-64b67b10595d:192.168.69.113:46256, 6a3df7f3-90dc-4440-87a5-375a0f4c51e8:192.168.69.113:39999] returns group-42CE6A8588E7:java.util.concurrent.CompletableFuture@2b24fc22[Not completed]
2019-11-15 02:17:44,363 [pool-37-thread-1] INFO  impl.RaftServerImpl (RaftServerImpl.java:<init>(98)) - 6a3df7f3-90dc-4440-87a5-375a0f4c51e8: new RaftServerImpl for group-42CE6A8588E7:[fa884e0b-679d-4560-bd4e-65c026c5920b:192.168.69.113:42878, b71ff034-751e-4244-b2a3-64b67b10595d:192.168.69.113:46256, 6a3df7f3-90dc-4440-87a5-375a0f4c51e8:192.168.69.113:39999] with ContainerStateMachine:uninitialized
2019-11-15 02:17:44,364 [pool-37-thread-1] INFO  server.RaftServerConfigKeys (ConfUtils.java:logGet(43)) - raft.server.rpc.timeout.min = 5s (custom)
2019-11-15 02:17:44,364 [pool-37-thread-1] INFO  server.RaftServerConfigKeys (ConfUtils.java:logGet(43)) - raft.server.rpc.timeout.max = 5200ms (custom)
2019-11-15 02:17:44,364 [pool-37-thread-1] INFO  server.RaftServerConfigKeys (ConfUtils.java:logGet(43)) - raft.server.rpcslowness.timeout = 120s (custom)
2019-11-15 02:17:44,364 [pool-37-thread-1] INFO  server.RaftServerConfigKeys (ConfUtils.java:logGet(43)) - raft.server.sleep.deviation.threshold = 300 (default)
2019-11-15 02:17:44,364 [pool-37-thread-1] INFO  server.RaftServerConfigKeys (ConfUtils.java:logGet(43)) - raft.server.log.appender.install.snapshot.enabled = false (custom)
2019-11-15 02:17:44,365 [pool-37-thread-1] INFO  impl.RaftServerImpl (ServerState.java:<init>(103)) - 6a3df7f3-90dc-4440-87a5-375a0f4c51e8@group-42CE6A8588E7: ConfigurationManager, init=-1: [fa884e0b-679d-4560-bd4e-65c026c5920b:192.168.69.113:42878, b71ff034-751e-4244-b2a3-64b67b10595d:192.168.69.113:46256, 6a3df7f3-90dc-4440-87a5-375a0f4c51e8:192.168.69.113:39999], old=null, confs=<EMPTY_MAP>
2019-11-15 02:17:44,366 [pool-37-thread-1] INFO  server.RaftServerConfigKeys (ConfUtils.java:logGet(43)) - raft.server.storage.dir = [/workdir/hadoop-ozone/tools/target/test-dir/MiniOzoneClusterImpl-1de3cd11-ff9a-425d-8a8b-b41796d542b5/datanode-1/data/ratis] (custom)
2019-11-15 02:17:44,366 [pool-47-thread-1] INFO  impl.RaftServerImpl (RaftServerImpl.java:<init>(98)) - b71ff034-751e-4244-b2a3-64b67b10595d: new RaftServerImpl for group-42CE6A8588E7:[fa884e0b-679d-4560-bd4e-65c026c5920b:192.168.69.113:42878, b71ff034-751e-4244-b2a3-64b67b10595d:192.168.69.113:46256, 6a3df7f3-90dc-4440-87a5-375a0f4c51e8:192.168.69.113:39999] with ContainerStateMachine:uninitialized
2019-11-15 02:17:44,366 [pool-37-thread-1] INFO  server.RaftServerConfigKeys (ConfUtils.java:logGet(43)) - raft.server.log.corruption.policy = EXCEPTION (default)
2019-11-15 02:17:44,366 [pool-47-thread-1] INFO  server.RaftServerConfigKeys (ConfUtils.java:logGet(43)) - raft.server.rpc.timeout.min = 5s (custom)
2019-11-15 02:17:44,367 [pool-37-thread-1] INFO  storage.RaftStorageDirectory (RaftStorageDirectory.java:analyzeStorage(246)) - The storage directory /workdir/hadoop-ozone/tools/target/test-dir/MiniOzoneClusterImpl-1de3cd11-ff9a-425d-8a8b-b41796d542b5/datanode-1/data/ratis/756a130a-9aac-49ee-967b-42ce6a8588e7 does not exist. Creating ...
2019-11-15 02:17:44,367 [pool-47-thread-1] INFO  server.RaftServerConfigKeys (ConfUtils.java:logGet(43)) - raft.server.rpc.timeout.max = 5200ms (custom)
2019-11-15 02:17:44,368 [pool-47-thread-1] INFO  server.RaftServerConfigKeys (ConfUtils.java:logGet(43)) - raft.server.rpcslowness.timeout = 120s (custom)
2019-11-15 02:17:44,368 [pool-47-thread-1] INFO  server.RaftServerConfigKeys (ConfUtils.java:logGet(43)) - raft.server.sleep.deviation.threshold = 300 (default)
2019-11-15 02:17:44,368 [pool-47-thread-1] INFO  server.RaftServerConfigKeys (ConfUtils.java:logGet(43)) - raft.server.log.appender.install.snapshot.enabled = false (custom)
2019-11-15 02:17:44,368 [pool-47-thread-1] INFO  impl.RaftServerImpl (ServerState.java:<init>(103)) - b71ff034-751e-4244-b2a3-64b67b10595d@group-42CE6A8588E7: ConfigurationManager, init=-1: [fa884e0b-679d-4560-bd4e-65c026c5920b:192.168.69.113:42878, b71ff034-751e-4244-b2a3-64b67b10595d:192.168.69.113:46256, 6a3df7f3-90dc-4440-87a5-375a0f4c51e8:192.168.69.113:39999], old=null, confs=<EMPTY_MAP>
2019-11-15 02:17:44,368 [grpc-default-executor-2] INFO  impl.RaftServerProxy (RaftServerProxy.java:addNew(89)) - fa884e0b-679d-4560-bd4e-65c026c5920b: addNew group-42CE6A8588E7:[fa884e0b-679d-4560-bd4e-65c026c5920b:192.168.69.113:42878, b71ff034-751e-4244-b2a3-64b67b10595d:192.168.69.113:46256, 6a3df7f3-90dc-4440-87a5-375a0f4c51e8:192.168.69.113:39999] returns group-42CE6A8588E7:java.util.concurrent.CompletableFuture@314c12e3[Not completed]
2019-11-15 02:17:44,369 [pool-47-thread-1] INFO  server.RaftServerConfigKeys (ConfUtils.java:logGet(43)) - raft.server.storage.dir = [/workdir/hadoop-ozone/tools/target/test-dir/MiniOzoneClusterImpl-1de3cd11-ff9a-425d-8a8b-b41796d542b5/datanode-2/data/ratis] (custom)
2019-11-15 02:17:44,369 [pool-47-thread-1] INFO  server.RaftServerConfigKeys (ConfUtils.java:logGet(43)) - raft.server.log.corruption.policy = EXCEPTION (default)
2019-11-15 02:17:44,369 [pool-47-thread-1] INFO  storage.RaftStorageDirectory (RaftStorageDirectory.java:analyzeStorage(246)) - The storage directory /workdir/hadoop-ozone/tools/target/test-dir/MiniOzoneClusterImpl-1de3cd11-ff9a-425d-8a8b-b41796d542b5/datanode-2/data/ratis/756a130a-9aac-49ee-967b-42ce6a8588e7 does not exist. Creating ...
2019-11-15 02:17:44,370 [pool-27-thread-1] INFO  impl.RaftServerImpl (RaftServerImpl.java:<init>(98)) - fa884e0b-679d-4560-bd4e-65c026c5920b: new RaftServerImpl for group-42CE6A8588E7:[fa884e0b-679d-4560-bd4e-65c026c5920b:192.168.69.113:42878, b71ff034-751e-4244-b2a3-64b67b10595d:192.168.69.113:46256, 6a3df7f3-90dc-4440-87a5-375a0f4c51e8:192.168.69.113:39999] with ContainerStateMachine:uninitialized
2019-11-15 02:17:44,370 [pool-27-thread-1] INFO  server.RaftServerConfigKeys (ConfUtils.java:logGet(43)) - raft.server.rpc.timeout.min = 5s (custom)
2019-11-15 02:17:44,370 [pool-27-thread-1] INFO  server.RaftServerConfigKeys (ConfUtils.java:logGet(43)) - raft.server.rpc.timeout.max = 5200ms (custom)
2019-11-15 02:17:44,370 [pool-27-thread-1] INFO  server.RaftServerConfigKeys (ConfUtils.java:logGet(43)) - raft.server.rpcslowness.timeout = 120s (custom)
2019-11-15 02:17:44,371 [pool-27-thread-1] INFO  server.RaftServerConfigKeys (ConfUtils.java:logGet(43)) - raft.server.sleep.deviation.threshold = 300 (default)
2019-11-15 02:17:44,371 [pool-27-thread-1] INFO  server.RaftServerConfigKeys (ConfUtils.java:logGet(43)) - raft.server.log.appender.install.snapshot.enabled = false (custom)
2019-11-15 02:17:44,371 [pool-27-thread-1] INFO  impl.RaftServerImpl (ServerState.java:<init>(103)) - fa884e0b-679d-4560-bd4e-65c026c5920b@group-42CE6A8588E7: ConfigurationManager, init=-1: [fa884e0b-679d-4560-bd4e-65c026c5920b:192.168.69.113:42878, b71ff034-751e-4244-b2a3-64b67b10595d:192.168.69.113:46256, 6a3df7f3-90dc-4440-87a5-375a0f4c51e8:192.168.69.113:39999], old=null, confs=<EMPTY_MAP>
2019-11-15 02:17:44,371 [pool-27-thread-1] INFO  server.RaftServerConfigKeys (ConfUtils.java:logGet(43)) - raft.server.storage.dir = [/workdir/hadoop-ozone/tools/target/test-dir/MiniOzoneClusterImpl-1de3cd11-ff9a-425d-8a8b-b41796d542b5/datanode-0/data/ratis] (custom)
2019-11-15 02:17:44,371 [pool-27-thread-1] INFO  server.RaftServerConfigKeys (ConfUtils.java:logGet(43)) - raft.server.log.corruption.policy = EXCEPTION (default)
2019-11-15 02:17:44,372 [pool-27-thread-1] INFO  storage.RaftStorageDirectory (RaftStorageDirectory.java:analyzeStorage(246)) - The storage directory /workdir/hadoop-ozone/tools/target/test-dir/MiniOzoneClusterImpl-1de3cd11-ff9a-425d-8a8b-b41796d542b5/datanode-0/data/ratis/756a130a-9aac-49ee-967b-42ce6a8588e7 does not exist. Creating ...
2019-11-15 02:17:44,384 [pool-37-thread-1] INFO  storage.RaftStorageDirectory (RaftStorageDirectory.java:tryLock(328)) - Lock on /workdir/hadoop-ozone/tools/target/test-dir/MiniOzoneClusterImpl-1de3cd11-ff9a-425d-8a8b-b41796d542b5/datanode-1/data/ratis/756a130a-9aac-49ee-967b-42ce6a8588e7/in_use.lock acquired by nodename 2672@pr-hdds-2477-8qshl-3676723835
2019-11-15 02:17:44,384 [pool-47-thread-1] INFO  storage.RaftStorageDirectory (RaftStorageDirectory.java:tryLock(328)) - Lock on /workdir/hadoop-ozone/tools/target/test-dir/MiniOzoneClusterImpl-1de3cd11-ff9a-425d-8a8b-b41796d542b5/datanode-2/data/ratis/756a130a-9aac-49ee-967b-42ce6a8588e7/in_use.lock acquired by nodename 2672@pr-hdds-2477-8qshl-3676723835
2019-11-15 02:17:44,384 [pool-27-thread-1] INFO  storage.RaftStorageDirectory (RaftStorageDirectory.java:tryLock(328)) - Lock on /workdir/hadoop-ozone/tools/target/test-dir/MiniOzoneClusterImpl-1de3cd11-ff9a-425d-8a8b-b41796d542b5/datanode-0/data/ratis/756a130a-9aac-49ee-967b-42ce6a8588e7/in_use.lock acquired by nodename 2672@pr-hdds-2477-8qshl-3676723835
2019-11-15 02:17:44,408 [pool-37-thread-1] INFO  storage.RaftStorage (RaftStorage.java:format(84)) - Storage directory /workdir/hadoop-ozone/tools/target/test-dir/MiniOzoneClusterImpl-1de3cd11-ff9a-425d-8a8b-b41796d542b5/datanode-1/data/ratis/756a130a-9aac-49ee-967b-42ce6a8588e7 has been successfully formatted.
2019-11-15 02:17:44,408 [pool-47-thread-1] INFO  storage.RaftStorage (RaftStorage.java:format(84)) - Storage directory /workdir/hadoop-ozone/tools/target/test-dir/MiniOzoneClusterImpl-1de3cd11-ff9a-425d-8a8b-b41796d542b5/datanode-2/data/ratis/756a130a-9aac-49ee-967b-42ce6a8588e7 has been successfully formatted.
2019-11-15 02:17:44,408 [pool-37-thread-1] INFO  ratis.ContainerStateMachine (ContainerStateMachine.java:loadSnapshot(223)) - group-42CE6A8588E7: The snapshot info is null. Setting the last applied indexto:(t:0, i:~)
2019-11-15 02:17:44,408 [pool-27-thread-1] INFO  storage.RaftStorage (RaftStorage.java:format(84)) - Storage directory /workdir/hadoop-ozone/tools/target/test-dir/MiniOzoneClusterImpl-1de3cd11-ff9a-425d-8a8b-b41796d542b5/datanode-0/data/ratis/756a130a-9aac-49ee-967b-42ce6a8588e7 has been successfully formatted.
2019-11-15 02:17:44,408 [pool-47-thread-1] INFO  ratis.ContainerStateMachine (ContainerStateMachine.java:loadSnapshot(223)) - group-42CE6A8588E7: The snapshot info is null. Setting the last applied indexto:(t:0, i:~)
2019-11-15 02:17:44,408 [pool-37-thread-1] INFO  server.RaftServerConfigKeys (ConfUtils.java:logGet(43)) - raft.server.notification.no-leader.timeout = 120s (custom)
2019-11-15 02:17:44,408 [pool-47-thread-1] INFO  server.RaftServerConfigKeys (ConfUtils.java:logGet(43)) - raft.server.notification.no-leader.timeout = 120s (custom)
2019-11-15 02:17:44,409 [pool-27-thread-1] INFO  ratis.ContainerStateMachine (ContainerStateMachine.java:loadSnapshot(223)) - group-42CE6A8588E7: The snapshot info is null. Setting the last applied indexto:(t:0, i:~)
2019-11-15 02:17:44,409 [pool-37-thread-1] INFO  server.RaftServerConfigKeys (ConfUtils.java:logGet(43)) - raft.server.log.use.memory = false (default)
2019-11-15 02:17:44,409 [pool-27-thread-1] INFO  server.RaftServerConfigKeys (ConfUtils.java:logGet(43)) - raft.server.notification.no-leader.timeout = 120s (custom)
2019-11-15 02:17:44,409 [pool-47-thread-1] INFO  server.RaftServerConfigKeys (ConfUtils.java:logGet(43)) - raft.server.log.use.memory = false (default)
2019-11-15 02:17:44,409 [pool-27-thread-1] INFO  server.RaftServerConfigKeys (ConfUtils.java:logGet(43)) - raft.server.log.use.memory = false (default)
2019-11-15 02:17:44,409 [pool-37-thread-1] INFO  server.RaftServerConfigKeys (ConfUtils.java:logGet(43)) - raft.server.log.purge.gap = 1000000 (custom)
2019-11-15 02:17:44,410 [pool-27-thread-1] INFO  server.RaftServerConfigKeys (ConfUtils.java:logGet(43)) - raft.server.log.purge.gap = 1000000 (custom)
2019-11-15 02:17:44,409 [pool-47-thread-1] INFO  server.RaftServerConfigKeys (ConfUtils.java:logGet(43)) - raft.server.log.purge.gap = 1000000 (custom)
2019-11-15 02:17:44,410 [pool-27-thread-1] INFO  server.RaftServerConfigKeys (ConfUtils.java:logGet(43)) - raft.server.log.appender.buffer.byte-limit = 33554432 (custom)
2019-11-15 02:17:44,410 [pool-37-thread-1] INFO  server.RaftServerConfigKeys (ConfUtils.java:logGet(43)) - raft.server.log.appender.buffer.byte-limit = 33554432 (custom)
2019-11-15 02:17:44,410 [pool-27-thread-1] INFO  server.RaftServerConfigKeys (ConfUtils.java:logGet(43)) - raft.server.log.segment.size.max = 1048576 (custom)
2019-11-15 02:17:44,410 [pool-47-thread-1] INFO  server.RaftServerConfigKeys (ConfUtils.java:logGet(43)) - raft.server.log.appender.buffer.byte-limit = 33554432 (custom)
2019-11-15 02:17:44,410 [pool-27-thread-1] INFO  server.RaftServerConfigKeys (ConfUtils.java:logGet(43)) - raft.server.log.segment.cache.num.max = 2 (custom)
2019-11-15 02:17:44,410 [pool-37-thread-1] INFO  server.RaftServerConfigKeys (ConfUtils.java:logGet(43)) - raft.server.log.segment.size.max = 1048576 (custom)
2019-11-15 02:17:44,411 [pool-27-thread-1] INFO  segmented.SegmentedRaftLogWorker (SegmentedRaftLogWorker.java:<init>(173)) - new fa884e0b-679d-4560-bd4e-65c026c5920b@group-42CE6A8588E7-SegmentedRaftLogWorker for RaftStorage:Storage Directory /workdir/hadoop-ozone/tools/target/test-dir/MiniOzoneClusterImpl-1de3cd11-ff9a-425d-8a8b-b41796d542b5/datanode-0/data/ratis/756a130a-9aac-49ee-967b-42ce6a8588e7
2019-11-15 02:17:44,411 [pool-47-thread-1] INFO  server.RaftServerConfigKeys (ConfUtils.java:logGet(43)) - raft.server.log.segment.size.max = 1048576 (custom)
2019-11-15 02:17:44,411 [pool-27-thread-1] INFO  server.RaftServerConfigKeys (ConfUtils.java:logGet(43)) - raft.server.log.queue.byte-limit = 2147483647 (custom)
2019-11-15 02:17:44,411 [pool-37-thread-1] INFO  server.RaftServerConfigKeys (ConfUtils.java:logGet(43)) - raft.server.log.segment.cache.num.max = 2 (custom)
2019-11-15 02:17:44,411 [pool-27-thread-1] INFO  server.RaftServerConfigKeys (ConfUtils.java:logGet(43)) - raft.server.log.queue.element-limit = 1024 (custom)
2019-11-15 02:17:44,411 [pool-47-thread-1] INFO  server.RaftServerConfigKeys (ConfUtils.java:logGet(43)) - raft.server.log.segment.cache.num.max = 2 (custom)
2019-11-15 02:17:44,412 [pool-27-thread-1] INFO  server.RaftServerConfigKeys (ConfUtils.java:logGet(43)) - raft.server.log.segment.size.max = 1048576 (custom)
2019-11-15 02:17:44,411 [pool-37-thread-1] INFO  segmented.SegmentedRaftLogWorker (SegmentedRaftLogWorker.java:<init>(173)) - new 6a3df7f3-90dc-4440-87a5-375a0f4c51e8@group-42CE6A8588E7-SegmentedRaftLogWorker for RaftStorage:Storage Directory /workdir/hadoop-ozone/tools/target/test-dir/MiniOzoneClusterImpl-1de3cd11-ff9a-425d-8a8b-b41796d542b5/datanode-1/data/ratis/756a130a-9aac-49ee-967b-42ce6a8588e7
2019-11-15 02:17:44,412 [pool-27-thread-1] INFO  server.RaftServerConfigKeys (ConfUtils.java:logGet(43)) - raft.server.log.preallocated.size = 16384 (custom)
2019-11-15 02:17:44,412 [pool-47-thread-1] INFO  segmented.SegmentedRaftLogWorker (SegmentedRaftLogWorker.java:<init>(173)) - new b71ff034-751e-4244-b2a3-64b67b10595d@group-42CE6A8588E7-SegmentedRaftLogWorker for RaftStorage:Storage Directory /workdir/hadoop-ozone/tools/target/test-dir/MiniOzoneClusterImpl-1de3cd11-ff9a-425d-8a8b-b41796d542b5/datanode-2/data/ratis/756a130a-9aac-49ee-967b-42ce6a8588e7
2019-11-15 02:17:44,412 [pool-27-thread-1] INFO  server.RaftServerConfigKeys (ConfUtils.java:logGet(43)) - raft.server.log.write.buffer.size = 33554432 (custom)
2019-11-15 02:17:44,412 [pool-37-thread-1] INFO  server.RaftServerConfigKeys (ConfUtils.java:logGet(43)) - raft.server.log.queue.byte-limit = 2147483647 (custom)
2019-11-15 02:17:44,413 [pool-27-thread-1] INFO  server.RaftServerConfigKeys (ConfUtils.java:logGet(43)) - raft.server.log.force.sync.num = 128 (default)
2019-11-15 02:17:44,412 [pool-47-thread-1] INFO  server.RaftServerConfigKeys (ConfUtils.java:logGet(43)) - raft.server.log.queue.byte-limit = 2147483647 (custom)
2019-11-15 02:17:44,413 [pool-27-thread-1] INFO  server.RaftServerConfigKeys (ConfUtils.java:logGet(43)) - raft.server.log.statemachine.data.sync = true (default)
2019-11-15 02:17:44,413 [pool-37-thread-1] INFO  server.RaftServerConfigKeys (ConfUtils.java:logGet(43)) - raft.server.log.queue.element-limit = 1024 (custom)
2019-11-15 02:17:44,413 [pool-27-thread-1] INFO  server.RaftServerConfigKeys (ConfUtils.java:logGet(43)) - raft.server.log.statemachine.data.sync.timeout = 10s (default)
2019-11-15 02:17:44,413 [pool-37-thread-1] INFO  server.RaftServerConfigKeys (ConfUtils.java:logGet(43)) - raft.server.log.segment.size.max = 1048576 (custom)
2019-11-15 02:17:44,413 [pool-47-thread-1] INFO  server.RaftServerConfigKeys (ConfUtils.java:logGet(43)) - raft.server.log.queue.element-limit = 1024 (custom)
2019-11-15 02:17:44,414 [pool-37-thread-1] INFO  server.RaftServerConfigKeys (ConfUtils.java:logGet(43)) - raft.server.log.preallocated.size = 16384 (custom)
2019-11-15 02:17:44,413 [pool-27-thread-1] INFO  server.RaftServerConfigKeys (ConfUtils.java:logGet(43)) - raft.server.log.statemachine.data.sync.timeout.retry = -1 (default)
2019-11-15 02:17:44,414 [pool-37-thread-1] INFO  server.RaftServerConfigKeys (ConfUtils.java:logGet(43)) - raft.server.log.write.buffer.size = 33554432 (custom)
2019-11-15 02:17:44,414 [pool-47-thread-1] INFO  server.RaftServerConfigKeys (ConfUtils.java:logGet(43)) - raft.server.log.segment.size.max = 1048576 (custom)
2019-11-15 02:17:44,414 [pool-27-thread-1] INFO  server.RaftServerConfigKeys (ConfUtils.java:logGet(43)) - raft.server.log.statemachine.data.caching.enabled = true (custom)
2019-11-15 02:17:44,414 [pool-37-thread-1] INFO  server.RaftServerConfigKeys (ConfUtils.java:logGet(43)) - raft.server.log.force.sync.num = 128 (default)
2019-11-15 02:17:44,414 [pool-47-thread-1] INFO  server.RaftServerConfigKeys (ConfUtils.java:logGet(43)) - raft.server.log.preallocated.size = 16384 (custom)
2019-11-15 02:17:44,415 [pool-37-thread-1] INFO  server.RaftServerConfigKeys (ConfUtils.java:logGet(43)) - raft.server.log.statemachine.data.sync = true (default)
2019-11-15 02:17:44,415 [pool-47-thread-1] INFO  server.RaftServerConfigKeys (ConfUtils.java:logGet(43)) - raft.server.log.write.buffer.size = 33554432 (custom)
2019-11-15 02:17:44,415 [pool-37-thread-1] INFO  server.RaftServerConfigKeys (ConfUtils.java:logGet(43)) - raft.server.log.statemachine.data.sync.timeout = 10s (default)
2019-11-15 02:17:44,415 [pool-27-thread-1] INFO  segmented.SegmentedRaftLogWorker (SegmentedRaftLogWorker.java:lambda$new$0(128)) - fa884e0b-679d-4560-bd4e-65c026c5920b@group-42CE6A8588E7-SegmentedRaftLogWorker: flushIndex: setUnconditionally 0 -> -1
2019-11-15 02:17:44,415 [pool-37-thread-1] INFO  server.RaftServerConfigKeys (ConfUtils.java:logGet(43)) - raft.server.log.statemachine.data.sync.timeout.retry = -1 (default)
2019-11-15 02:17:44,415 [pool-47-thread-1] INFO  server.RaftServerConfigKeys (ConfUtils.java:logGet(43)) - raft.server.log.force.sync.num = 128 (default)
2019-11-15 02:17:44,416 [pool-37-thread-1] INFO  server.RaftServerConfigKeys (ConfUtils.java:logGet(43)) - raft.server.log.statemachine.data.caching.enabled = true (custom)
2019-11-15 02:17:44,416 [pool-47-thread-1] INFO  server.RaftServerConfigKeys (ConfUtils.java:logGet(43)) - raft.server.log.statemachine.data.sync = true (default)
2019-11-15 02:17:44,416 [pool-27-thread-1] INFO  server.RaftServerConfigKeys (ConfUtils.java:logGet(43)) - raft.server.snapshot.auto.trigger.enabled = true (custom)
2019-11-15 02:17:44,416 [pool-37-thread-1] INFO  segmented.SegmentedRaftLogWorker (SegmentedRaftLogWorker.java:lambda$new$0(128)) - 6a3df7f3-90dc-4440-87a5-375a0f4c51e8@group-42CE6A8588E7-SegmentedRaftLogWorker: flushIndex: setUnconditionally 0 -> -1
2019-11-15 02:17:44,416 [pool-47-thread-1] INFO  server.RaftServerConfigKeys (ConfUtils.java:logGet(43)) - raft.server.log.statemachine.data.sync.timeout = 10s (default)
2019-11-15 02:17:44,416 [pool-27-thread-1] INFO  server.RaftServerConfigKeys (ConfUtils.java:logGet(43)) - raft.server.snapshot.auto.trigger.threshold = 10000 (custom)
2019-11-15 02:17:44,416 [pool-47-thread-1] INFO  server.RaftServerConfigKeys (ConfUtils.java:logGet(43)) - raft.server.log.statemachine.data.sync.timeout.retry = -1 (default)
2019-11-15 02:17:44,416 [pool-37-thread-1] INFO  server.RaftServerConfigKeys (ConfUtils.java:logGet(43)) - raft.server.snapshot.auto.trigger.enabled = true (custom)
2019-11-15 02:17:44,417 [pool-27-thread-1] INFO  server.RaftServerConfigKeys (ConfUtils.java:logGet(43)) - raft.server.snapshot.retention.file.num = 5 (custom)
2019-11-15 02:17:44,417 [pool-47-thread-1] INFO  server.RaftServerConfigKeys (ConfUtils.java:logGet(43)) - raft.server.log.statemachine.data.caching.enabled = true (custom)
2019-11-15 02:17:44,417 [pool-37-thread-1] INFO  server.RaftServerConfigKeys (ConfUtils.java:logGet(43)) - raft.server.snapshot.auto.trigger.threshold = 10000 (custom)
2019-11-15 02:17:44,417 [pool-27-thread-1] INFO  server.RaftServerConfigKeys (ConfUtils.java:logGet(43)) - raft.server.retrycache.expirytime = 600000ms (custom)
2019-11-15 02:17:44,417 [pool-37-thread-1] INFO  server.RaftServerConfigKeys (ConfUtils.java:logGet(43)) - raft.server.snapshot.retention.file.num = 5 (custom)
2019-11-15 02:17:44,417 [pool-47-thread-1] INFO  segmented.SegmentedRaftLogWorker (SegmentedRaftLogWorker.java:lambda$new$0(128)) - b71ff034-751e-4244-b2a3-64b67b10595d@group-42CE6A8588E7-SegmentedRaftLogWorker: flushIndex: setUnconditionally 0 -> -1
2019-11-15 02:17:44,418 [pool-37-thread-1] INFO  server.RaftServerConfigKeys (ConfUtils.java:logGet(43)) - raft.server.retrycache.expirytime = 600000ms (custom)
2019-11-15 02:17:44,417 [pool-27-thread-1] WARN  impl.MetricRegistriesImpl (MetricRegistriesImpl.java:lambda$create$1(61)) - First MetricRegistry has been created without registering reporters. You may need to call MetricRegistries.global().addReportRegistration(...) before.
2019-11-15 02:17:44,418 [pool-47-thread-1] INFO  server.RaftServerConfigKeys (ConfUtils.java:logGet(43)) - raft.server.snapshot.auto.trigger.enabled = true (custom)
2019-11-15 02:17:44,418 [pool-37-thread-1] WARN  impl.MetricRegistriesImpl (MetricRegistriesImpl.java:lambda$create$1(61)) - First MetricRegistry has been created without registering reporters. You may need to call MetricRegistries.global().addReportRegistration(...) before.
2019-11-15 02:17:44,418 [pool-47-thread-1] INFO  server.RaftServerConfigKeys (ConfUtils.java:logGet(43)) - raft.server.snapshot.auto.trigger.threshold = 10000 (custom)
2019-11-15 02:17:44,418 [pool-27-thread-1] WARN  impl.MetricRegistriesImpl (MetricRegistriesImpl.java:lambda$create$1(61)) - First MetricRegistry has been created without registering reporters. You may need to call MetricRegistries.global().addReportRegistration(...) before.
2019-11-15 02:17:44,418 [pool-47-thread-1] INFO  server.RaftServerConfigKeys (ConfUtils.java:logGet(43)) - raft.server.snapshot.retention.file.num = 5 (custom)
2019-11-15 02:17:44,418 [pool-37-thread-1] WARN  impl.MetricRegistriesImpl (MetricRegistriesImpl.java:lambda$create$1(61)) - First MetricRegistry has been created without registering reporters. You may need to call MetricRegistries.global().addReportRegistration(...) before.
2019-11-15 02:17:44,419 [pool-27-thread-1] INFO  impl.RaftServerImpl (RaftServerImpl.java:start(184)) - fa884e0b-679d-4560-bd4e-65c026c5920b@group-42CE6A8588E7: start as a follower, conf=-1: [fa884e0b-679d-4560-bd4e-65c026c5920b:192.168.69.113:42878, b71ff034-751e-4244-b2a3-64b67b10595d:192.168.69.113:46256, 6a3df7f3-90dc-4440-87a5-375a0f4c51e8:192.168.69.113:39999], old=null
2019-11-15 02:17:44,419 [pool-37-thread-1] INFO  impl.RaftServerImpl (RaftServerImpl.java:start(184)) - 6a3df7f3-90dc-4440-87a5-375a0f4c51e8@group-42CE6A8588E7: start as a follower, conf=-1: [fa884e0b-679d-4560-bd4e-65c026c5920b:192.168.69.113:42878, b71ff034-751e-4244-b2a3-64b67b10595d:192.168.69.113:46256, 6a3df7f3-90dc-4440-87a5-375a0f4c51e8:192.168.69.113:39999], old=null
2019-11-15 02:17:44,419 [pool-47-thread-1] INFO  server.RaftServerConfigKeys (ConfUtils.java:logGet(43)) - raft.server.retrycache.expirytime = 600000ms (custom)
2019-11-15 02:17:44,419 [pool-37-thread-1] INFO  impl.RaftServerImpl (RaftServerImpl.java:setRole(173)) - 6a3df7f3-90dc-4440-87a5-375a0f4c51e8@group-42CE6A8588E7: changes role from      null to FOLLOWER at term 0 for startAsFollower
2019-11-15 02:17:44,419 [pool-47-thread-1] WARN  impl.MetricRegistriesImpl (MetricRegistriesImpl.java:lambda$create$1(61)) - First MetricRegistry has been created without registering reporters. You may need to call MetricRegistries.global().addReportRegistration(...) before.
2019-11-15 02:17:44,419 [pool-27-thread-1] INFO  impl.RaftServerImpl (RaftServerImpl.java:setRole(173)) - fa884e0b-679d-4560-bd4e-65c026c5920b@group-42CE6A8588E7: changes role from      null to FOLLOWER at term 0 for startAsFollower
2019-11-15 02:17:44,419 [pool-47-thread-1] WARN  impl.MetricRegistriesImpl (MetricRegistriesImpl.java:lambda$create$1(61)) - First MetricRegistry has been created without registering reporters. You may need to call MetricRegistries.global().addReportRegistration(...) before.
2019-11-15 02:17:44,419 [pool-37-thread-1] INFO  impl.RoleInfo (RoleInfo.java:updateAndGet(143)) - 6a3df7f3-90dc-4440-87a5-375a0f4c51e8: start FollowerState
2019-11-15 02:17:44,420 [pool-27-thread-1] INFO  impl.RoleInfo (RoleInfo.java:updateAndGet(143)) - fa884e0b-679d-4560-bd4e-65c026c5920b: start FollowerState
2019-11-15 02:17:44,420 [pool-47-thread-1] INFO  impl.RaftServerImpl (RaftServerImpl.java:start(184)) - b71ff034-751e-4244-b2a3-64b67b10595d@group-42CE6A8588E7: start as a follower, conf=-1: [fa884e0b-679d-4560-bd4e-65c026c5920b:192.168.69.113:42878, b71ff034-751e-4244-b2a3-64b67b10595d:192.168.69.113:46256, 6a3df7f3-90dc-4440-87a5-375a0f4c51e8:192.168.69.113:39999], old=null
2019-11-15 02:17:44,420 [pool-37-thread-1] INFO  util.JmxRegister (JmxRegister.java:tryRegister(44)) - Successfully registered JMX Bean with object name Ratis:service=RaftServer,group=group-42CE6A8588E7,id=6a3df7f3-90dc-4440-87a5-375a0f4c51e8
2019-11-15 02:17:44,420 [pool-47-thread-1] INFO  impl.RaftServerImpl (RaftServerImpl.java:setRole(173)) - b71ff034-751e-4244-b2a3-64b67b10595d@group-42CE6A8588E7: changes role from      null to FOLLOWER at term 0 for startAsFollower
2019-11-15 02:17:44,420 [pool-37-thread-1] WARN  impl.MetricRegistriesImpl (MetricRegistriesImpl.java:lambda$create$1(61)) - First MetricRegistry has been created without registering reporters. You may need to call MetricRegistries.global().addReportRegistration(...) before.
2019-11-15 02:17:44,420 [pool-27-thread-1] INFO  util.JmxRegister (JmxRegister.java:tryRegister(44)) - Successfully registered JMX Bean with object name Ratis:service=RaftServer,group=group-42CE6A8588E7,id=fa884e0b-679d-4560-bd4e-65c026c5920b
2019-11-15 02:17:44,421 [pool-47-thread-1] INFO  impl.RoleInfo (RoleInfo.java:updateAndGet(143)) - b71ff034-751e-4244-b2a3-64b67b10595d: start FollowerState
2019-11-15 02:17:44,421 [pool-27-thread-1] WARN  impl.MetricRegistriesImpl (MetricRegistriesImpl.java:lambda$create$1(61)) - First MetricRegistry has been created without registering reporters. You may need to call MetricRegistries.global().addReportRegistration(...) before.
2019-11-15 02:17:44,421 [pool-47-thread-1] INFO  util.JmxRegister (JmxRegister.java:tryRegister(44)) - Successfully registered JMX Bean with object name Ratis:service=RaftServer,group=group-42CE6A8588E7,id=b71ff034-751e-4244-b2a3-64b67b10595d
2019-11-15 02:17:44,422 [pool-47-thread-1] WARN  impl.MetricRegistriesImpl (MetricRegistriesImpl.java:lambda$create$1(61)) - First MetricRegistry has been created without registering reporters. You may need to call MetricRegistries.global().addReportRegistration(...) before.
2019-11-15 02:17:44,442 [RatisPipelineUtilsThread] INFO  pipeline.PipelineStateManager (PipelineStateManager.java:addPipeline(55)) - Created pipeline Pipeline[ Id: 756a130a-9aac-49ee-967b-42ce6a8588e7, Nodes: 6a3df7f3-90dc-4440-87a5-375a0f4c51e8{ip: 192.168.69.113, host: pr-hdds-2477-8qshl-3676723835, networkLocation: /default-rack, certSerialId: null}b71ff034-751e-4244-b2a3-64b67b10595d{ip: 192.168.69.113, host: pr-hdds-2477-8qshl-3676723835, networkLocation: /default-rack, certSerialId: null}fa884e0b-679d-4560-bd4e-65c026c5920b{ip: 192.168.69.113, host: pr-hdds-2477-8qshl-3676723835, networkLocation: /default-rack, certSerialId: null}, Type:RATIS, Factor:THREE, State:ALLOCATED]
2019-11-15 02:17:44,444 [main] INFO  ozone.MiniOzoneClusterImpl (MiniOzoneClusterImpl.java:lambda$waitForClusterToBeReady$2(163)) - Waiting for 4 number of pipelines out of 4, to report a leader.
2019-11-15 02:17:45,445 [main] INFO  ozone.MiniOzoneClusterImpl (MiniOzoneClusterImpl.java:lambda$waitForClusterToBeReady$2(163)) - Waiting for 4 number of pipelines out of 4, to report a leader.
2019-11-15 02:17:46,340 [Thread-178] INFO  container.ReplicationManager (ReplicationManager.java:start(162)) - Starting Replication Monitor Thread.
2019-11-15 02:17:46,347 [ReplicationMonitor] INFO  container.ReplicationManager (ReplicationManager.java:run(225)) - Replication Monitor Thread took 1 milliseconds for processing 0 containers.
2019-11-15 02:17:46,347 [Thread-178] INFO  pipeline.SCMPipelineManager (SCMPipelineManager.java:finalizeAndDestroyPipeline(315)) - destroying pipeline:Pipeline[ Id: c40a3df1-9915-4584-a463-603cba02aae6, Nodes: fa884e0b-679d-4560-bd4e-65c026c5920b{ip: 192.168.69.113, host: pr-hdds-2477-8qshl-3676723835, networkLocation: /default-rack, certSerialId: null}, Type:RATIS, Factor:ONE, State:ALLOCATED]
2019-11-15 02:17:46,349 [Thread-178] INFO  pipeline.PipelineStateManager (PipelineStateManager.java:finalizePipeline(121)) - Pipeline Pipeline[ Id: c40a3df1-9915-4584-a463-603cba02aae6, Nodes: fa884e0b-679d-4560-bd4e-65c026c5920b{ip: 192.168.69.113, host: pr-hdds-2477-8qshl-3676723835, networkLocation: /default-rack, certSerialId: null}, Type:RATIS, Factor:ONE, State:CLOSED] moved to CLOSED state
2019-11-15 02:17:46,381 [grpc-default-executor-1] INFO  impl.RaftServerProxy (RaftServerProxy.java:remove(95)) - fa884e0b-679d-4560-bd4e-65c026c5920b: remove  FOLLOWER fa884e0b-679d-4560-bd4e-65c026c5920b@group-603CBA02AAE6:t0, leader=null, voted=null, raftlog=fa884e0b-679d-4560-bd4e-65c026c5920b@group-603CBA02AAE6-SegmentedRaftLog:OPENED:c-1,f-1,i0, conf=-1: [fa884e0b-679d-4560-bd4e-65c026c5920b:192.168.69.113:42878], old=null RUNNING
2019-11-15 02:17:46,385 [grpc-default-executor-1] INFO  impl.RaftServerImpl (RaftServerImpl.java:lambda$shutdown$3(250)) - fa884e0b-679d-4560-bd4e-65c026c5920b@group-603CBA02AAE6: shutdown
2019-11-15 02:17:46,386 [grpc-default-executor-1] INFO  util.JmxRegister (JmxRegister.java:unregister(73)) - Successfully un-registered JMX Bean with object name Ratis:service=RaftServer,group=group-603CBA02AAE6,id=fa884e0b-679d-4560-bd4e-65c026c5920b
2019-11-15 02:17:46,386 [grpc-default-executor-1] INFO  impl.RoleInfo (RoleInfo.java:shutdownFollowerState(121)) - fa884e0b-679d-4560-bd4e-65c026c5920b: shutdown FollowerState
2019-11-15 02:17:46,386 [grpc-default-executor-1] INFO  impl.StateMachineUpdater (StateMachineUpdater.java:stopAndJoin(136)) - fa884e0b-679d-4560-bd4e-65c026c5920b@group-603CBA02AAE6-StateMachineUpdater: set stopIndex = -1
2019-11-15 02:17:46,386 [Thread-180] INFO  impl.FollowerState (FollowerState.java:run(120)) - fa884e0b-679d-4560-bd4e-65c026c5920b@group-603CBA02AAE6-FollowerState was interrupted: java.lang.InterruptedException: sleep interrupted
2019-11-15 02:17:46,388 [grpc-default-executor-1] INFO  impl.RaftServerImpl (ServerState.java:close(387)) - fa884e0b-679d-4560-bd4e-65c026c5920b@group-603CBA02AAE6: closes. applyIndex: -1
2019-11-15 02:17:46,393 [fa884e0b-679d-4560-bd4e-65c026c5920b@group-603CBA02AAE6-SegmentedRaftLogWorker] INFO  segmented.SegmentedRaftLogWorker (SegmentedRaftLogWorker.java:run(316)) - fa884e0b-679d-4560-bd4e-65c026c5920b@group-603CBA02AAE6-SegmentedRaftLogWorker was interrupted, exiting. There are 0 tasks remaining in the queue.
2019-11-15 02:17:46,395 [grpc-default-executor-1] INFO  segmented.SegmentedRaftLogWorker (SegmentedRaftLogWorker.java:close(224)) - fa884e0b-679d-4560-bd4e-65c026c5920b@group-603CBA02AAE6-SegmentedRaftLogWorker close()
2019-11-15 02:17:46,413 [Thread-178] INFO  pipeline.PipelineStateManager (PipelineStateManager.java:removePipeline(106)) - Pipeline Pipeline[ Id: c40a3df1-9915-4584-a463-603cba02aae6, Nodes: fa884e0b-679d-4560-bd4e-65c026c5920b{ip: 192.168.69.113, host: pr-hdds-2477-8qshl-3676723835, networkLocation: /default-rack, certSerialId: null}, Type:RATIS, Factor:ONE, State:CLOSED] removed from db
2019-11-15 02:17:46,414 [Thread-178] INFO  pipeline.SCMPipelineManager (SCMPipelineManager.java:finalizeAndDestroyPipeline(315)) - destroying pipeline:Pipeline[ Id: 5d3ea1d1-47e2-4d45-a151-136ba72ad6ec, Nodes: 6a3df7f3-90dc-4440-87a5-375a0f4c51e8{ip: 192.168.69.113, host: pr-hdds-2477-8qshl-3676723835, networkLocation: /default-rack, certSerialId: null}, Type:RATIS, Factor:ONE, State:ALLOCATED]
2019-11-15 02:17:46,428 [grpc-default-executor-1] INFO  impl.RaftServerProxy (RaftServerProxy.java:addNew(89)) - fa884e0b-679d-4560-bd4e-65c026c5920b: addNew group-81FD587BD63E:[fa884e0b-679d-4560-bd4e-65c026c5920b:192.168.69.113:42878] returns group-81FD587BD63E:java.util.concurrent.CompletableFuture@92eea6c[Not completed]
2019-11-15 02:17:46,430 [pool-27-thread-1] INFO  impl.RaftServerImpl (RaftServerImpl.java:<init>(98)) - fa884e0b-679d-4560-bd4e-65c026c5920b: new RaftServerImpl for group-81FD587BD63E:[fa884e0b-679d-4560-bd4e-65c026c5920b:192.168.69.113:42878] with ContainerStateMachine:uninitialized
2019-11-15 02:17:46,430 [pool-27-thread-1] INFO  server.RaftServerConfigKeys (ConfUtils.java:logGet(43)) - raft.server.rpc.timeout.min = 5s (custom)
2019-11-15 02:17:46,431 [pool-27-thread-1] INFO  server.RaftServerConfigKeys (ConfUtils.java:logGet(43)) - raft.server.rpc.timeout.max = 5200ms (custom)
2019-11-15 02:17:46,431 [pool-27-thread-1] INFO  server.RaftServerConfigKeys (ConfUtils.java:logGet(43)) - raft.server.rpcslowness.timeout = 120s (custom)
2019-11-15 02:17:46,431 [pool-27-thread-1] INFO  server.RaftServerConfigKeys (ConfUtils.java:logGet(43)) - raft.server.sleep.deviation.threshold = 300 (default)
2019-11-15 02:17:46,431 [pool-27-thread-1] INFO  server.RaftServerConfigKeys (ConfUtils.java:logGet(43)) - raft.server.log.appender.install.snapshot.enabled = false (custom)
2019-11-15 02:17:46,431 [pool-27-thread-1] INFO  impl.RaftServerImpl (ServerState.java:<init>(103)) - fa884e0b-679d-4560-bd4e-65c026c5920b@group-81FD587BD63E: ConfigurationManager, init=-1: [fa884e0b-679d-4560-bd4e-65c026c5920b:192.168.69.113:42878], old=null, confs=<EMPTY_MAP>
2019-11-15 02:17:46,432 [pool-27-thread-1] INFO  server.RaftServerConfigKeys (ConfUtils.java:logGet(43)) - raft.server.storage.dir = [/workdir/hadoop-ozone/tools/target/test-dir/MiniOzoneClusterImpl-1de3cd11-ff9a-425d-8a8b-b41796d542b5/datanode-0/data/ratis] (custom)
2019-11-15 02:17:46,432 [pool-27-thread-1] INFO  server.RaftServerConfigKeys (ConfUtils.java:logGet(43)) - raft.server.log.corruption.policy = EXCEPTION (default)
2019-11-15 02:17:46,432 [pool-27-thread-1] INFO  storage.RaftStorageDirectory (RaftStorageDirectory.java:analyzeStorage(246)) - The storage directory /workdir/hadoop-ozone/tools/target/test-dir/MiniOzoneClusterImpl-1de3cd11-ff9a-425d-8a8b-b41796d542b5/datanode-0/data/ratis/15ed76eb-1aa5-4cbb-acc7-81fd587bd63e does not exist. Creating ...
2019-11-15 02:17:46,456 [pool-27-thread-1] INFO  storage.RaftStorageDirectory (RaftStorageDirectory.java:tryLock(328)) - Lock on /workdir/hadoop-ozone/tools/target/test-dir/MiniOzoneClusterImpl-1de3cd11-ff9a-425d-8a8b-b41796d542b5/datanode-0/data/ratis/15ed76eb-1aa5-4cbb-acc7-81fd587bd63e/in_use.lock acquired by nodename 2672@pr-hdds-2477-8qshl-3676723835
2019-11-15 02:17:46,480 [pool-27-thread-1] INFO  storage.RaftStorage (RaftStorage.java:format(84)) - Storage directory /workdir/hadoop-ozone/tools/target/test-dir/MiniOzoneClusterImpl-1de3cd11-ff9a-425d-8a8b-b41796d542b5/datanode-0/data/ratis/15ed76eb-1aa5-4cbb-acc7-81fd587bd63e has been successfully formatted.
2019-11-15 02:17:46,481 [pool-27-thread-1] INFO  ratis.ContainerStateMachine (ContainerStateMachine.java:loadSnapshot(223)) - group-81FD587BD63E: The snapshot info is null. Setting the last applied indexto:(t:0, i:~)
2019-11-15 02:17:46,481 [pool-27-thread-1] INFO  server.RaftServerConfigKeys (ConfUtils.java:logGet(43)) - raft.server.notification.no-leader.timeout = 120s (custom)
2019-11-15 02:17:46,481 [pool-27-thread-1] INFO  server.RaftServerConfigKeys (ConfUtils.java:logGet(43)) - raft.server.log.use.memory = false (default)
2019-11-15 02:17:46,482 [pool-27-thread-1] INFO  server.RaftServerConfigKeys (ConfUtils.java:logGet(43)) - raft.server.log.purge.gap = 1000000 (custom)
2019-11-15 02:17:46,482 [pool-27-thread-1] INFO  server.RaftServerConfigKeys (ConfUtils.java:logGet(43)) - raft.server.log.appender.buffer.byte-limit = 33554432 (custom)
2019-11-15 02:17:46,482 [pool-27-thread-1] INFO  server.RaftServerConfigKeys (ConfUtils.java:logGet(43)) - raft.server.log.segment.size.max = 1048576 (custom)
2019-11-15 02:17:46,482 [pool-27-thread-1] INFO  server.RaftServerConfigKeys (ConfUtils.java:logGet(43)) - raft.server.log.segment.cache.num.max = 2 (custom)
2019-11-15 02:17:46,482 [pool-27-thread-1] INFO  segmented.SegmentedRaftLogWorker (SegmentedRaftLogWorker.java:<init>(173)) - new fa884e0b-679d-4560-bd4e-65c026c5920b@group-81FD587BD63E-SegmentedRaftLogWorker for RaftStorage:Storage Directory /workdir/hadoop-ozone/tools/target/test-dir/MiniOzoneClusterImpl-1de3cd11-ff9a-425d-8a8b-b41796d542b5/datanode-0/data/ratis/15ed76eb-1aa5-4cbb-acc7-81fd587bd63e
2019-11-15 02:17:46,483 [pool-27-thread-1] INFO  server.RaftServerConfigKeys (ConfUtils.java:logGet(43)) - raft.server.log.queue.byte-limit = 2147483647 (custom)
2019-11-15 02:17:46,483 [pool-27-thread-1] INFO  server.RaftServerConfigKeys (ConfUtils.java:logGet(43)) - raft.server.log.queue.element-limit = 1024 (custom)
2019-11-15 02:17:46,483 [pool-27-thread-1] INFO  server.RaftServerConfigKeys (ConfUtils.java:logGet(43)) - raft.server.log.segment.size.max = 1048576 (custom)
2019-11-15 02:17:46,483 [pool-27-thread-1] INFO  server.RaftServerConfigKeys (ConfUtils.java:logGet(43)) - raft.server.log.preallocated.size = 16384 (custom)
2019-11-15 02:17:46,483 [pool-27-thread-1] INFO  server.RaftServerConfigKeys (ConfUtils.java:logGet(43)) - raft.server.log.write.buffer.size = 33554432 (custom)
2019-11-15 02:17:46,483 [pool-27-thread-1] INFO  server.RaftServerConfigKeys (ConfUtils.java:logGet(43)) - raft.server.log.force.sync.num = 128 (default)
2019-11-15 02:17:46,484 [pool-27-thread-1] INFO  server.RaftServerConfigKeys (ConfUtils.java:logGet(43)) - raft.server.log.statemachine.data.sync = true (default)
2019-11-15 02:17:46,484 [pool-27-thread-1] INFO  server.RaftServerConfigKeys (ConfUtils.java:logGet(43)) - raft.server.log.statemachine.data.sync.timeout = 10s (default)
2019-11-15 02:17:46,484 [pool-27-thread-1] INFO  server.RaftServerConfigKeys (ConfUtils.java:logGet(43)) - raft.server.log.statemachine.data.sync.timeout.retry = -1 (default)
2019-11-15 02:17:46,485 [pool-27-thread-1] INFO  server.RaftServerConfigKeys (ConfUtils.java:logGet(43)) - raft.server.log.statemachine.data.caching.enabled = true (custom)
2019-11-15 02:17:46,485 [pool-27-thread-1] INFO  segmented.SegmentedRaftLogWorker (SegmentedRaftLogWorker.java:lambda$new$0(128)) - fa884e0b-679d-4560-bd4e-65c026c5920b@group-81FD587BD63E-SegmentedRaftLogWorker: flushIndex: setUnconditionally 0 -> -1
2019-11-15 02:17:46,485 [pool-27-thread-1] INFO  server.RaftServerConfigKeys (ConfUtils.java:logGet(43)) - raft.server.snapshot.auto.trigger.enabled = true (custom)
2019-11-15 02:17:46,486 [pool-27-thread-1] INFO  server.RaftServerConfigKeys (ConfUtils.java:logGet(43)) - raft.server.snapshot.auto.trigger.threshold = 10000 (custom)
2019-11-15 02:17:46,486 [pool-27-thread-1] INFO  server.RaftServerConfigKeys (ConfUtils.java:logGet(43)) - raft.server.snapshot.retention.file.num = 5 (custom)
2019-11-15 02:17:46,486 [pool-27-thread-1] INFO  server.RaftServerConfigKeys (ConfUtils.java:logGet(43)) - raft.server.retrycache.expirytime = 600000ms (custom)
2019-11-15 02:17:46,486 [pool-27-thread-1] WARN  impl.MetricRegistriesImpl (MetricRegistriesImpl.java:lambda$create$1(61)) - First MetricRegistry has been created without registering reporters. You may need to call MetricRegistries.global().addReportRegistration(...) before.
2019-11-15 02:17:46,487 [pool-27-thread-1] WARN  impl.MetricRegistriesImpl (MetricRegistriesImpl.java:lambda$create$1(61)) - First MetricRegistry has been created without registering reporters. You may need to call MetricRegistries.global().addReportRegistration(...) before.
2019-11-15 02:17:46,487 [pool-27-thread-1] INFO  impl.RaftServerImpl (RaftServerImpl.java:start(184)) - fa884e0b-679d-4560-bd4e-65c026c5920b@group-81FD587BD63E: start as a follower, conf=-1: [fa884e0b-679d-4560-bd4e-65c026c5920b:192.168.69.113:42878], old=null
2019-11-15 02:17:46,487 [pool-27-thread-1] INFO  impl.RaftServerImpl (RaftServerImpl.java:setRole(173)) - fa884e0b-679d-4560-bd4e-65c026c5920b@group-81FD587BD63E: changes role from      null to FOLLOWER at term 0 for startAsFollower
2019-11-15 02:17:46,488 [pool-27-thread-1] INFO  impl.RoleInfo (RoleInfo.java:updateAndGet(143)) - fa884e0b-679d-4560-bd4e-65c026c5920b: start FollowerState
2019-11-15 02:17:46,488 [pool-27-thread-1] INFO  util.JmxRegister (JmxRegister.java:tryRegister(44)) - Successfully registered JMX Bean with object name Ratis:service=RaftServer,group=group-81FD587BD63E,id=fa884e0b-679d-4560-bd4e-65c026c5920b
2019-11-15 02:17:46,488 [pool-27-thread-1] WARN  impl.MetricRegistriesImpl (MetricRegistriesImpl.java:lambda$create$1(61)) - First MetricRegistry has been created without registering reporters. You may need to call MetricRegistries.global().addReportRegistration(...) before.
2019-11-15 02:17:46,498 [RatisPipelineUtilsThread] INFO  pipeline.PipelineStateManager (PipelineStateManager.java:addPipeline(55)) - Created pipeline Pipeline[ Id: 15ed76eb-1aa5-4cbb-acc7-81fd587bd63e, Nodes: fa884e0b-679d-4560-bd4e-65c026c5920b{ip: 192.168.69.113, host: pr-hdds-2477-8qshl-3676723835, networkLocation: /default-rack, certSerialId: null}, Type:RATIS, Factor:ONE, State:ALLOCATED]
2019-11-15 02:17:46,501 [Thread-178] INFO  pipeline.PipelineStateManager (PipelineStateManager.java:finalizePipeline(121)) - Pipeline Pipeline[ Id: 5d3ea1d1-47e2-4d45-a151-136ba72ad6ec, Nodes: 6a3df7f3-90dc-4440-87a5-375a0f4c51e8{ip: 192.168.69.113, host: pr-hdds-2477-8qshl-3676723835, networkLocation: /default-rack, certSerialId: null}, Type:RATIS, Factor:ONE, State:CLOSED] moved to CLOSED state
2019-11-15 02:17:46,501 [main] INFO  ozone.MiniOzoneClusterImpl (MiniOzoneClusterImpl.java:lambda$waitForClusterToBeReady$2(163)) - Waiting for 3 number of pipelines out of 4, to report a leader.
2019-11-15 02:17:46,514 [grpc-default-executor-1] INFO  impl.RaftServerProxy (RaftServerProxy.java:remove(95)) - 6a3df7f3-90dc-4440-87a5-375a0f4c51e8: remove  FOLLOWER 6a3df7f3-90dc-4440-87a5-375a0f4c51e8@group-136BA72AD6EC:t0, leader=null, voted=null, raftlog=6a3df7f3-90dc-4440-87a5-375a0f4c51e8@group-136BA72AD6EC-SegmentedRaftLog:OPENED:c-1,f-1,i0, conf=-1: [6a3df7f3-90dc-4440-87a5-375a0f4c51e8:192.168.69.113:39999], old=null RUNNING
2019-11-15 02:17:46,514 [grpc-default-executor-1] INFO  impl.RaftServerImpl (RaftServerImpl.java:lambda$shutdown$3(250)) - 6a3df7f3-90dc-4440-87a5-375a0f4c51e8@group-136BA72AD6EC: shutdown
2019-11-15 02:17:46,515 [grpc-default-executor-1] INFO  util.JmxRegister (JmxRegister.java:unregister(73)) - Successfully un-registered JMX Bean with object name Ratis:service=RaftServer,group=group-136BA72AD6EC,id=6a3df7f3-90dc-4440-87a5-375a0f4c51e8
2019-11-15 02:17:46,515 [grpc-default-executor-1] INFO  impl.RoleInfo (RoleInfo.java:shutdownFollowerState(121)) - 6a3df7f3-90dc-4440-87a5-375a0f4c51e8: shutdown FollowerState
2019-11-15 02:17:46,515 [grpc-default-executor-1] INFO  impl.StateMachineUpdater (StateMachineUpdater.java:stopAndJoin(136)) - 6a3df7f3-90dc-4440-87a5-375a0f4c51e8@group-136BA72AD6EC-StateMachineUpdater: set stopIndex = -1
2019-11-15 02:17:46,515 [Thread-183] INFO  impl.FollowerState (FollowerState.java:run(120)) - 6a3df7f3-90dc-4440-87a5-375a0f4c51e8@group-136BA72AD6EC-FollowerState was interrupted: java.lang.InterruptedException: sleep interrupted
2019-11-15 02:17:46,517 [grpc-default-executor-1] INFO  impl.RaftServerImpl (ServerState.java:close(387)) - 6a3df7f3-90dc-4440-87a5-375a0f4c51e8@group-136BA72AD6EC: closes. applyIndex: -1
2019-11-15 02:17:46,518 [6a3df7f3-90dc-4440-87a5-375a0f4c51e8@group-136BA72AD6EC-SegmentedRaftLogWorker] INFO  segmented.SegmentedRaftLogWorker (SegmentedRaftLogWorker.java:run(316)) - 6a3df7f3-90dc-4440-87a5-375a0f4c51e8@group-136BA72AD6EC-SegmentedRaftLogWorker was interrupted, exiting. There are 0 tasks remaining in the queue.
2019-11-15 02:17:46,518 [grpc-default-executor-1] INFO  segmented.SegmentedRaftLogWorker (SegmentedRaftLogWorker.java:close(224)) - 6a3df7f3-90dc-4440-87a5-375a0f4c51e8@group-136BA72AD6EC-SegmentedRaftLogWorker close()
2019-11-15 02:17:46,528 [Thread-178] INFO  pipeline.PipelineStateManager (PipelineStateManager.java:removePipeline(106)) - Pipeline Pipeline[ Id: 5d3ea1d1-47e2-4d45-a151-136ba72ad6ec, Nodes: 6a3df7f3-90dc-4440-87a5-375a0f4c51e8{ip: 192.168.69.113, host: pr-hdds-2477-8qshl-3676723835, networkLocation: /default-rack, certSerialId: null}, Type:RATIS, Factor:ONE, State:CLOSED] removed from db
2019-11-15 02:17:46,529 [Thread-178] INFO  pipeline.SCMPipelineManager (SCMPipelineManager.java:finalizeAndDestroyPipeline(315)) - destroying pipeline:Pipeline[ Id: 756a130a-9aac-49ee-967b-42ce6a8588e7, Nodes: 6a3df7f3-90dc-4440-87a5-375a0f4c51e8{ip: 192.168.69.113, host: pr-hdds-2477-8qshl-3676723835, networkLocation: /default-rack, certSerialId: null}b71ff034-751e-4244-b2a3-64b67b10595d{ip: 192.168.69.113, host: pr-hdds-2477-8qshl-3676723835, networkLocation: /default-rack, certSerialId: null}fa884e0b-679d-4560-bd4e-65c026c5920b{ip: 192.168.69.113, host: pr-hdds-2477-8qshl-3676723835, networkLocation: /default-rack, certSerialId: null}, Type:RATIS, Factor:THREE, State:ALLOCATED]
2019-11-15 02:17:46,541 [grpc-default-executor-1] INFO  impl.RaftServerProxy (RaftServerProxy.java:addNew(89)) - 6a3df7f3-90dc-4440-87a5-375a0f4c51e8: addNew group-D9F9BDD1E96D:[6a3df7f3-90dc-4440-87a5-375a0f4c51e8:192.168.69.113:39999] returns group-D9F9BDD1E96D:java.util.concurrent.CompletableFuture@643ae121[Not completed]
2019-11-15 02:17:46,543 [pool-37-thread-1] INFO  impl.RaftServerImpl (RaftServerImpl.java:<init>(98)) - 6a3df7f3-90dc-4440-87a5-375a0f4c51e8: new RaftServerImpl for group-D9F9BDD1E96D:[6a3df7f3-90dc-4440-87a5-375a0f4c51e8:192.168.69.113:39999] with ContainerStateMachine:uninitialized
2019-11-15 02:17:46,544 [pool-37-thread-1] INFO  server.RaftServerConfigKeys (ConfUtils.java:logGet(43)) - raft.server.rpc.timeout.min = 5s (custom)
2019-11-15 02:17:46,544 [pool-37-thread-1] INFO  server.RaftServerConfigKeys (ConfUtils.java:logGet(43)) - raft.server.rpc.timeout.max = 5200ms (custom)
2019-11-15 02:17:46,545 [pool-37-thread-1] INFO  server.RaftServerConfigKeys (ConfUtils.java:logGet(43)) - raft.server.rpcslowness.timeout = 120s (custom)
2019-11-15 02:17:46,545 [pool-37-thread-1] INFO  server.RaftServerConfigKeys (ConfUtils.java:logGet(43)) - raft.server.sleep.deviation.threshold = 300 (default)
2019-11-15 02:17:46,545 [pool-37-thread-1] INFO  server.RaftServerConfigKeys (ConfUtils.java:logGet(43)) - raft.server.log.appender.install.snapshot.enabled = false (custom)
2019-11-15 02:17:46,545 [pool-37-thread-1] INFO  impl.RaftServerImpl (ServerState.java:<init>(103)) - 6a3df7f3-90dc-4440-87a5-375a0f4c51e8@group-D9F9BDD1E96D: ConfigurationManager, init=-1: [6a3df7f3-90dc-4440-87a5-375a0f4c51e8:192.168.69.113:39999], old=null, confs=<EMPTY_MAP>
2019-11-15 02:17:46,545 [pool-37-thread-1] INFO  server.RaftServerConfigKeys (ConfUtils.java:logGet(43)) - raft.server.storage.dir = [/workdir/hadoop-ozone/tools/target/test-dir/MiniOzoneClusterImpl-1de3cd11-ff9a-425d-8a8b-b41796d542b5/datanode-1/data/ratis] (custom)
2019-11-15 02:17:46,546 [pool-37-thread-1] INFO  server.RaftServerConfigKeys (ConfUtils.java:logGet(43)) - raft.server.log.corruption.policy = EXCEPTION (default)
2019-11-15 02:17:46,546 [pool-37-thread-1] INFO  storage.RaftStorageDirectory (RaftStorageDirectory.java:analyzeStorage(246)) - The storage directory /workdir/hadoop-ozone/tools/target/test-dir/MiniOzoneClusterImpl-1de3cd11-ff9a-425d-8a8b-b41796d542b5/datanode-1/data/ratis/c39c8c5b-86f7-4d74-a1ed-d9f9bdd1e96d does not exist. Creating ...
2019-11-15 02:17:46,569 [pool-37-thread-1] INFO  storage.RaftStorageDirectory (RaftStorageDirectory.java:tryLock(328)) - Lock on /workdir/hadoop-ozone/tools/target/test-dir/MiniOzoneClusterImpl-1de3cd11-ff9a-425d-8a8b-b41796d542b5/datanode-1/data/ratis/c39c8c5b-86f7-4d74-a1ed-d9f9bdd1e96d/in_use.lock acquired by nodename 2672@pr-hdds-2477-8qshl-3676723835
2019-11-15 02:17:46,592 [pool-37-thread-1] INFO  storage.RaftStorage (RaftStorage.java:format(84)) - Storage directory /workdir/hadoop-ozone/tools/target/test-dir/MiniOzoneClusterImpl-1de3cd11-ff9a-425d-8a8b-b41796d542b5/datanode-1/data/ratis/c39c8c5b-86f7-4d74-a1ed-d9f9bdd1e96d has been successfully formatted.
2019-11-15 02:17:46,593 [pool-37-thread-1] INFO  ratis.ContainerStateMachine (ContainerStateMachine.java:loadSnapshot(223)) - group-D9F9BDD1E96D: The snapshot info is null. Setting the last applied indexto:(t:0, i:~)
2019-11-15 02:17:46,593 [pool-37-thread-1] INFO  server.RaftServerConfigKeys (ConfUtils.java:logGet(43)) - raft.server.notification.no-leader.timeout = 120s (custom)
2019-11-15 02:17:46,593 [pool-37-thread-1] INFO  server.RaftServerConfigKeys (ConfUtils.java:logGet(43)) - raft.server.log.use.memory = false (default)
2019-11-15 02:17:46,593 [pool-37-thread-1] INFO  server.RaftServerConfigKeys (ConfUtils.java:logGet(43)) - raft.server.log.purge.gap = 1000000 (custom)
2019-11-15 02:17:46,594 [pool-37-thread-1] INFO  server.RaftServerConfigKeys (ConfUtils.java:logGet(43)) - raft.server.log.appender.buffer.byte-limit = 33554432 (custom)
2019-11-15 02:17:46,594 [pool-37-thread-1] INFO  server.RaftServerConfigKeys (ConfUtils.java:logGet(43)) - raft.server.log.segment.size.max = 1048576 (custom)
2019-11-15 02:17:46,594 [pool-37-thread-1] INFO  server.RaftServerConfigKeys (ConfUtils.java:logGet(43)) - raft.server.log.segment.cache.num.max = 2 (custom)
2019-11-15 02:17:46,594 [pool-37-thread-1] INFO  segmented.SegmentedRaftLogWorker (SegmentedRaftLogWorker.java:<init>(173)) - new 6a3df7f3-90dc-4440-87a5-375a0f4c51e8@group-D9F9BDD1E96D-SegmentedRaftLogWorker for RaftStorage:Storage Directory /workdir/hadoop-ozone/tools/target/test-dir/MiniOzoneClusterImpl-1de3cd11-ff9a-425d-8a8b-b41796d542b5/datanode-1/data/ratis/c39c8c5b-86f7-4d74-a1ed-d9f9bdd1e96d
2019-11-15 02:17:46,594 [pool-37-thread-1] INFO  server.RaftServerConfigKeys (ConfUtils.java:logGet(43)) - raft.server.log.queue.byte-limit = 2147483647 (custom)
2019-11-15 02:17:46,594 [pool-37-thread-1] INFO  server.RaftServerConfigKeys (ConfUtils.java:logGet(43)) - raft.server.log.queue.element-limit = 1024 (custom)
2019-11-15 02:17:46,595 [pool-37-thread-1] INFO  server.RaftServerConfigKeys (ConfUtils.java:logGet(43)) - raft.server.log.segment.size.max = 1048576 (custom)
2019-11-15 02:17:46,595 [pool-37-thread-1] INFO  server.RaftServerConfigKeys (ConfUtils.java:logGet(43)) - raft.server.log.preallocated.size = 16384 (custom)
2019-11-15 02:17:46,595 [pool-37-thread-1] INFO  server.RaftServerConfigKeys (ConfUtils.java:logGet(43)) - raft.server.log.write.buffer.size = 33554432 (custom)
2019-11-15 02:17:46,595 [pool-37-thread-1] INFO  server.RaftServerConfigKeys (ConfUtils.java:logGet(43)) - raft.server.log.force.sync.num = 128 (default)
2019-11-15 02:17:46,595 [pool-37-thread-1] INFO  server.RaftServerConfigKeys (ConfUtils.java:logGet(43)) - raft.server.log.statemachine.data.sync = true (default)
2019-11-15 02:17:46,595 [pool-37-thread-1] INFO  server.RaftServerConfigKeys (ConfUtils.java:logGet(43)) - raft.server.log.statemachine.data.sync.timeout = 10s (default)
2019-11-15 02:17:46,596 [pool-37-thread-1] INFO  server.RaftServerConfigKeys (ConfUtils.java:logGet(43)) - raft.server.log.statemachine.data.sync.timeout.retry = -1 (default)
2019-11-15 02:17:46,596 [pool-37-thread-1] INFO  server.RaftServerConfigKeys (ConfUtils.java:logGet(43)) - raft.server.log.statemachine.data.caching.enabled = true (custom)
2019-11-15 02:17:46,596 [pool-37-thread-1] INFO  segmented.SegmentedRaftLogWorker (SegmentedRaftLogWorker.java:lambda$new$0(128)) - 6a3df7f3-90dc-4440-87a5-375a0f4c51e8@group-D9F9BDD1E96D-SegmentedRaftLogWorker: flushIndex: setUnconditionally 0 -> -1
2019-11-15 02:17:46,597 [pool-37-thread-1] INFO  server.RaftServerConfigKeys (ConfUtils.java:logGet(43)) - raft.server.snapshot.auto.trigger.enabled = true (custom)
2019-11-15 02:17:46,597 [pool-37-thread-1] INFO  server.RaftServerConfigKeys (ConfUtils.java:logGet(43)) - raft.server.snapshot.auto.trigger.threshold = 10000 (custom)
2019-11-15 02:17:46,597 [pool-37-thread-1] INFO  server.RaftServerConfigKeys (ConfUtils.java:logGet(43)) - raft.server.snapshot.retention.file.num = 5 (custom)
2019-11-15 02:17:46,597 [pool-37-thread-1] INFO  server.RaftServerConfigKeys (ConfUtils.java:logGet(43)) - raft.server.retrycache.expirytime = 600000ms (custom)
2019-11-15 02:17:46,598 [pool-37-thread-1] WARN  impl.MetricRegistriesImpl (MetricRegistriesImpl.java:lambda$create$1(61)) - First MetricRegistry has been created without registering reporters. You may need to call MetricRegistries.global().addReportRegistration(...) before.
2019-11-15 02:17:46,598 [pool-37-thread-1] WARN  impl.MetricRegistriesImpl (MetricRegistriesImpl.java:lambda$create$1(61)) - First MetricRegistry has been created without registering reporters. You may need to call MetricRegistries.global().addReportRegistration(...) before.
2019-11-15 02:17:46,598 [pool-37-thread-1] INFO  impl.RaftServerImpl (RaftServerImpl.java:start(184)) - 6a3df7f3-90dc-4440-87a5-375a0f4c51e8@group-D9F9BDD1E96D: start as a follower, conf=-1: [6a3df7f3-90dc-4440-87a5-375a0f4c51e8:192.168.69.113:39999], old=null
2019-11-15 02:17:46,598 [pool-37-thread-1] INFO  impl.RaftServerImpl (RaftServerImpl.java:setRole(173)) - 6a3df7f3-90dc-4440-87a5-375a0f4c51e8@group-D9F9BDD1E96D: changes role from      null to FOLLOWER at term 0 for startAsFollower
2019-11-15 02:17:46,599 [pool-37-thread-1] INFO  impl.RoleInfo (RoleInfo.java:updateAndGet(143)) - 6a3df7f3-90dc-4440-87a5-375a0f4c51e8: start FollowerState
2019-11-15 02:17:46,599 [pool-37-thread-1] INFO  util.JmxRegister (JmxRegister.java:tryRegister(44)) - Successfully registered JMX Bean with object name Ratis:service=RaftServer,group=group-D9F9BDD1E96D,id=6a3df7f3-90dc-4440-87a5-375a0f4c51e8
2019-11-15 02:17:46,599 [pool-37-thread-1] WARN  impl.MetricRegistriesImpl (MetricRegistriesImpl.java:lambda$create$1(61)) - First MetricRegistry has been created without registering reporters. You may need to call MetricRegistries.global().addReportRegistration(...) before.
2019-11-15 02:17:46,607 [RatisPipelineUtilsThread] INFO  pipeline.PipelineStateManager (PipelineStateManager.java:addPipeline(55)) - Created pipeline Pipeline[ Id: c39c8c5b-86f7-4d74-a1ed-d9f9bdd1e96d, Nodes: 6a3df7f3-90dc-4440-87a5-375a0f4c51e8{ip: 192.168.69.113, host: pr-hdds-2477-8qshl-3676723835, networkLocation: /default-rack, certSerialId: null}, Type:RATIS, Factor:ONE, State:ALLOCATED]
2019-11-15 02:17:46,609 [Thread-178] INFO  pipeline.PipelineStateManager (PipelineStateManager.java:finalizePipeline(121)) - Pipeline Pipeline[ Id: 756a130a-9aac-49ee-967b-42ce6a8588e7, Nodes: 6a3df7f3-90dc-4440-87a5-375a0f4c51e8{ip: 192.168.69.113, host: pr-hdds-2477-8qshl-3676723835, networkLocation: /default-rack, certSerialId: null}b71ff034-751e-4244-b2a3-64b67b10595d{ip: 192.168.69.113, host: pr-hdds-2477-8qshl-3676723835, networkLocation: /default-rack, certSerialId: null}fa884e0b-679d-4560-bd4e-65c026c5920b{ip: 192.168.69.113, host: pr-hdds-2477-8qshl-3676723835, networkLocation: /default-rack, certSerialId: null}, Type:RATIS, Factor:THREE, State:CLOSED] moved to CLOSED state
2019-11-15 02:17:46,621 [grpc-default-executor-1] INFO  impl.RaftServerProxy (RaftServerProxy.java:remove(95)) - 6a3df7f3-90dc-4440-87a5-375a0f4c51e8: remove  FOLLOWER 6a3df7f3-90dc-4440-87a5-375a0f4c51e8@group-42CE6A8588E7:t0, leader=null, voted=null, raftlog=6a3df7f3-90dc-4440-87a5-375a0f4c51e8@group-42CE6A8588E7-SegmentedRaftLog:OPENED:c-1,f-1,i0, conf=-1: [fa884e0b-679d-4560-bd4e-65c026c5920b:192.168.69.113:42878, b71ff034-751e-4244-b2a3-64b67b10595d:192.168.69.113:46256, 6a3df7f3-90dc-4440-87a5-375a0f4c51e8:192.168.69.113:39999], old=null RUNNING
2019-11-15 02:17:46,621 [grpc-default-executor-1] INFO  impl.RaftServerImpl (RaftServerImpl.java:lambda$shutdown$3(250)) - 6a3df7f3-90dc-4440-87a5-375a0f4c51e8@group-42CE6A8588E7: shutdown
2019-11-15 02:17:46,621 [grpc-default-executor-1] INFO  util.JmxRegister (JmxRegister.java:unregister(73)) - Successfully un-registered JMX Bean with object name Ratis:service=RaftServer,group=group-42CE6A8588E7,id=6a3df7f3-90dc-4440-87a5-375a0f4c51e8
2019-11-15 02:17:46,621 [grpc-default-executor-1] INFO  impl.RoleInfo (RoleInfo.java:shutdownFollowerState(121)) - 6a3df7f3-90dc-4440-87a5-375a0f4c51e8: shutdown FollowerState
2019-11-15 02:17:46,621 [grpc-default-executor-1] INFO  impl.StateMachineUpdater (StateMachineUpdater.java:stopAndJoin(136)) - 6a3df7f3-90dc-4440-87a5-375a0f4c51e8@group-42CE6A8588E7-StateMachineUpdater: set stopIndex = -1
2019-11-15 02:17:46,622 [Thread-191] INFO  impl.FollowerState (FollowerState.java:run(120)) - 6a3df7f3-90dc-4440-87a5-375a0f4c51e8@group-42CE6A8588E7-FollowerState was interrupted: java.lang.InterruptedException: sleep interrupted
2019-11-15 02:17:46,622 [grpc-default-executor-1] INFO  impl.RaftServerImpl (ServerState.java:close(387)) - 6a3df7f3-90dc-4440-87a5-375a0f4c51e8@group-42CE6A8588E7: closes. applyIndex: -1
2019-11-15 02:17:46,623 [6a3df7f3-90dc-4440-87a5-375a0f4c51e8@group-42CE6A8588E7-SegmentedRaftLogWorker] INFO  segmented.SegmentedRaftLogWorker (SegmentedRaftLogWorker.java:run(316)) - 6a3df7f3-90dc-4440-87a5-375a0f4c51e8@group-42CE6A8588E7-SegmentedRaftLogWorker was interrupted, exiting. There are 0 tasks remaining in the queue.
2019-11-15 02:17:46,624 [grpc-default-executor-1] INFO  segmented.SegmentedRaftLogWorker (SegmentedRaftLogWorker.java:close(224)) - 6a3df7f3-90dc-4440-87a5-375a0f4c51e8@group-42CE6A8588E7-SegmentedRaftLogWorker close()
2019-11-15 02:17:46,643 [grpc-default-executor-1] INFO  impl.RaftServerProxy (RaftServerProxy.java:remove(95)) - b71ff034-751e-4244-b2a3-64b67b10595d: remove  FOLLOWER b71ff034-751e-4244-b2a3-64b67b10595d@group-42CE6A8588E7:t0, leader=null, voted=null, raftlog=b71ff034-751e-4244-b2a3-64b67b10595d@group-42CE6A8588E7-SegmentedRaftLog:OPENED:c-1,f-1,i0, conf=-1: [fa884e0b-679d-4560-bd4e-65c026c5920b:192.168.69.113:42878, b71ff034-751e-4244-b2a3-64b67b10595d:192.168.69.113:46256, 6a3df7f3-90dc-4440-87a5-375a0f4c51e8:192.168.69.113:39999], old=null RUNNING
2019-11-15 02:17:46,643 [grpc-default-executor-1] INFO  impl.RaftServerImpl (RaftServerImpl.java:lambda$shutdown$3(250)) - b71ff034-751e-4244-b2a3-64b67b10595d@group-42CE6A8588E7: shutdown
2019-11-15 02:17:46,643 [grpc-default-executor-1] INFO  util.JmxRegister (JmxRegister.java:unregister(73)) - Successfully un-registered JMX Bean with object name Ratis:service=RaftServer,group=group-42CE6A8588E7,id=b71ff034-751e-4244-b2a3-64b67b10595d
2019-11-15 02:17:46,644 [grpc-default-executor-1] INFO  impl.RoleInfo (RoleInfo.java:shutdownFollowerState(121)) - b71ff034-751e-4244-b2a3-64b67b10595d: shutdown FollowerState
2019-11-15 02:17:46,644 [grpc-default-executor-1] INFO  impl.StateMachineUpdater (StateMachineUpdater.java:stopAndJoin(136)) - b71ff034-751e-4244-b2a3-64b67b10595d@group-42CE6A8588E7-StateMachineUpdater: set stopIndex = -1
2019-11-15 02:17:46,644 [Thread-193] INFO  impl.FollowerState (FollowerState.java:run(120)) - b71ff034-751e-4244-b2a3-64b67b10595d@group-42CE6A8588E7-FollowerState was interrupted: java.lang.InterruptedException: sleep interrupted
2019-11-15 02:17:46,645 [grpc-default-executor-1] INFO  impl.RaftServerImpl (ServerState.java:close(387)) - b71ff034-751e-4244-b2a3-64b67b10595d@group-42CE6A8588E7: closes. applyIndex: -1
2019-11-15 02:17:46,646 [b71ff034-751e-4244-b2a3-64b67b10595d@group-42CE6A8588E7-SegmentedRaftLogWorker] INFO  segmented.SegmentedRaftLogWorker (SegmentedRaftLogWorker.java:run(316)) - b71ff034-751e-4244-b2a3-64b67b10595d@group-42CE6A8588E7-SegmentedRaftLogWorker was interrupted, exiting. There are 0 tasks remaining in the queue.
2019-11-15 02:17:46,646 [grpc-default-executor-1] INFO  segmented.SegmentedRaftLogWorker (SegmentedRaftLogWorker.java:close(224)) - b71ff034-751e-4244-b2a3-64b67b10595d@group-42CE6A8588E7-SegmentedRaftLogWorker close()
2019-11-15 02:17:46,667 [grpc-default-executor-1] INFO  impl.RaftServerProxy (RaftServerProxy.java:remove(95)) - fa884e0b-679d-4560-bd4e-65c026c5920b: remove  FOLLOWER fa884e0b-679d-4560-bd4e-65c026c5920b@group-42CE6A8588E7:t0, leader=null, voted=null, raftlog=fa884e0b-679d-4560-bd4e-65c026c5920b@group-42CE6A8588E7-SegmentedRaftLog:OPENED:c-1,f-1,i0, conf=-1: [fa884e0b-679d-4560-bd4e-65c026c5920b:192.168.69.113:42878, b71ff034-751e-4244-b2a3-64b67b10595d:192.168.69.113:46256, 6a3df7f3-90dc-4440-87a5-375a0f4c51e8:192.168.69.113:39999], old=null RUNNING
2019-11-15 02:17:46,667 [grpc-default-executor-1] INFO  impl.RaftServerImpl (RaftServerImpl.java:lambda$shutdown$3(250)) - fa884e0b-679d-4560-bd4e-65c026c5920b@group-42CE6A8588E7: shutdown
2019-11-15 02:17:46,667 [grpc-default-executor-1] INFO  util.JmxRegister (JmxRegister.java:unregister(73)) - Successfully un-registered JMX Bean with object name Ratis:service=RaftServer,group=group-42CE6A8588E7,id=fa884e0b-679d-4560-bd4e-65c026c5920b
2019-11-15 02:17:46,667 [grpc-default-executor-1] INFO  impl.RoleInfo (RoleInfo.java:shutdownFollowerState(121)) - fa884e0b-679d-4560-bd4e-65c026c5920b: shutdown FollowerState
2019-11-15 02:17:46,668 [grpc-default-executor-1] INFO  impl.StateMachineUpdater (StateMachineUpdater.java:stopAndJoin(136)) - fa884e0b-679d-4560-bd4e-65c026c5920b@group-42CE6A8588E7-StateMachineUpdater: set stopIndex = -1
2019-11-15 02:17:46,668 [Thread-192] INFO  impl.FollowerState (FollowerState.java:run(120)) - fa884e0b-679d-4560-bd4e-65c026c5920b@group-42CE6A8588E7-FollowerState was interrupted: java.lang.InterruptedException: sleep interrupted
2019-11-15 02:17:46,669 [grpc-default-executor-1] INFO  impl.RaftServerImpl (ServerState.java:close(387)) - fa884e0b-679d-4560-bd4e-65c026c5920b@group-42CE6A8588E7: closes. applyIndex: -1
2019-11-15 02:17:46,670 [fa884e0b-679d-4560-bd4e-65c026c5920b@group-42CE6A8588E7-SegmentedRaftLogWorker] INFO  segmented.SegmentedRaftLogWorker (SegmentedRaftLogWorker.java:run(316)) - fa884e0b-679d-4560-bd4e-65c026c5920b@group-42CE6A8588E7-SegmentedRaftLogWorker was interrupted, exiting. There are 0 tasks remaining in the queue.
2019-11-15 02:17:46,670 [grpc-default-executor-1] INFO  segmented.SegmentedRaftLogWorker (SegmentedRaftLogWorker.java:close(224)) - fa884e0b-679d-4560-bd4e-65c026c5920b@group-42CE6A8588E7-SegmentedRaftLogWorker close()
2019-11-15 02:17:46,678 [Thread-178] INFO  pipeline.PipelineStateManager (PipelineStateManager.java:removePipeline(106)) - Pipeline Pipeline[ Id: 756a130a-9aac-49ee-967b-42ce6a8588e7, Nodes: 6a3df7f3-90dc-4440-87a5-375a0f4c51e8{ip: 192.168.69.113, host: pr-hdds-2477-8qshl-3676723835, networkLocation: /default-rack, certSerialId: null}b71ff034-751e-4244-b2a3-64b67b10595d{ip: 192.168.69.113, host: pr-hdds-2477-8qshl-3676723835, networkLocation: /default-rack, certSerialId: null}fa884e0b-679d-4560-bd4e-65c026c5920b{ip: 192.168.69.113, host: pr-hdds-2477-8qshl-3676723835, networkLocation: /default-rack, certSerialId: null}, Type:RATIS, Factor:THREE, State:CLOSED] removed from db
2019-11-15 02:17:46,678 [Thread-178] INFO  pipeline.SCMPipelineManager (SCMPipelineManager.java:finalizeAndDestroyPipeline(315)) - destroying pipeline:Pipeline[ Id: c00abba1-3296-4d12-af14-ed3205885b2d, Nodes: b71ff034-751e-4244-b2a3-64b67b10595d{ip: 192.168.69.113, host: pr-hdds-2477-8qshl-3676723835, networkLocation: /default-rack, certSerialId: null}, Type:RATIS, Factor:ONE, State:ALLOCATED]
2019-11-15 02:17:46,695 [grpc-default-executor-0] INFO  impl.RaftServerProxy (RaftServerProxy.java:addNew(89)) - fa884e0b-679d-4560-bd4e-65c026c5920b: addNew group-F8DBE72AEE52:[fa884e0b-679d-4560-bd4e-65c026c5920b:192.168.69.113:42878, b71ff034-751e-4244-b2a3-64b67b10595d:192.168.69.113:46256, 6a3df7f3-90dc-4440-87a5-375a0f4c51e8:192.168.69.113:39999] returns group-F8DBE72AEE52:java.util.concurrent.CompletableFuture@51557c22[Not completed]
2019-11-15 02:17:46,696 [grpc-default-executor-1] INFO  impl.RaftServerProxy (RaftServerProxy.java:addNew(89)) - b71ff034-751e-4244-b2a3-64b67b10595d: addNew group-F8DBE72AEE52:[fa884e0b-679d-4560-bd4e-65c026c5920b:192.168.69.113:42878, b71ff034-751e-4244-b2a3-64b67b10595d:192.168.69.113:46256, 6a3df7f3-90dc-4440-87a5-375a0f4c51e8:192.168.69.113:39999] returns group-F8DBE72AEE52:java.util.concurrent.CompletableFuture@6f5ea378[Not completed]
2019-11-15 02:17:46,697 [grpc-default-executor-2] INFO  impl.RaftServerProxy (RaftServerProxy.java:addNew(89)) - 6a3df7f3-90dc-4440-87a5-375a0f4c51e8: addNew group-F8DBE72AEE52:[fa884e0b-679d-4560-bd4e-65c026c5920b:192.168.69.113:42878, b71ff034-751e-4244-b2a3-64b67b10595d:192.168.69.113:46256, 6a3df7f3-90dc-4440-87a5-375a0f4c51e8:192.168.69.113:39999] returns group-F8DBE72AEE52:java.util.concurrent.CompletableFuture@60a98c48[Not completed]
2019-11-15 02:17:46,698 [pool-27-thread-1] INFO  impl.RaftServerImpl (RaftServerImpl.java:<init>(98)) - fa884e0b-679d-4560-bd4e-65c026c5920b: new RaftServerImpl for group-F8DBE72AEE52:[fa884e0b-679d-4560-bd4e-65c026c5920b:192.168.69.113:42878, b71ff034-751e-4244-b2a3-64b67b10595d:192.168.69.113:46256, 6a3df7f3-90dc-4440-87a5-375a0f4c51e8:192.168.69.113:39999] with ContainerStateMachine:uninitialized
2019-11-15 02:17:46,699 [pool-27-thread-1] INFO  server.RaftServerConfigKeys (ConfUtils.java:logGet(43)) - raft.server.rpc.timeout.min = 5s (custom)
2019-11-15 02:17:46,699 [pool-27-thread-1] INFO  server.RaftServerConfigKeys (ConfUtils.java:logGet(43)) - raft.server.rpc.timeout.max = 5200ms (custom)
2019-11-15 02:17:46,699 [pool-27-thread-1] INFO  server.RaftServerConfigKeys (ConfUtils.java:logGet(43)) - raft.server.rpcslowness.timeout = 120s (custom)
2019-11-15 02:17:46,699 [pool-27-thread-1] INFO  server.RaftServerConfigKeys (ConfUtils.java:logGet(43)) - raft.server.sleep.deviation.threshold = 300 (default)
2019-11-15 02:17:46,699 [pool-27-thread-1] INFO  server.RaftServerConfigKeys (ConfUtils.java:logGet(43)) - raft.server.log.appender.install.snapshot.enabled = false (custom)
2019-11-15 02:17:46,699 [pool-27-thread-1] INFO  impl.RaftServerImpl (ServerState.java:<init>(103)) - fa884e0b-679d-4560-bd4e-65c026c5920b@group-F8DBE72AEE52: ConfigurationManager, init=-1: [fa884e0b-679d-4560-bd4e-65c026c5920b:192.168.69.113:42878, b71ff034-751e-4244-b2a3-64b67b10595d:192.168.69.113:46256, 6a3df7f3-90dc-4440-87a5-375a0f4c51e8:192.168.69.113:39999], old=null, confs=<EMPTY_MAP>
2019-11-15 02:17:46,699 [pool-27-thread-1] INFO  server.RaftServerConfigKeys (ConfUtils.java:logGet(43)) - raft.server.storage.dir = [/workdir/hadoop-ozone/tools/target/test-dir/MiniOzoneClusterImpl-1de3cd11-ff9a-425d-8a8b-b41796d542b5/datanode-0/data/ratis] (custom)
2019-11-15 02:17:46,700 [pool-37-thread-1] INFO  impl.RaftServerImpl (RaftServerImpl.java:<init>(98)) - 6a3df7f3-90dc-4440-87a5-375a0f4c51e8: new RaftServerImpl for group-F8DBE72AEE52:[fa884e0b-679d-4560-bd4e-65c026c5920b:192.168.69.113:42878, b71ff034-751e-4244-b2a3-64b67b10595d:192.168.69.113:46256, 6a3df7f3-90dc-4440-87a5-375a0f4c51e8:192.168.69.113:39999] with ContainerStateMachine:uninitialized
2019-11-15 02:17:46,700 [pool-27-thread-1] INFO  server.RaftServerConfigKeys (ConfUtils.java:logGet(43)) - raft.server.log.corruption.policy = EXCEPTION (default)
2019-11-15 02:17:46,700 [pool-37-thread-1] INFO  server.RaftServerConfigKeys (ConfUtils.java:logGet(43)) - raft.server.rpc.timeout.min = 5s (custom)
2019-11-15 02:17:46,700 [pool-27-thread-1] INFO  storage.RaftStorageDirectory (RaftStorageDirectory.java:analyzeStorage(246)) - The storage directory /workdir/hadoop-ozone/tools/target/test-dir/MiniOzoneClusterImpl-1de3cd11-ff9a-425d-8a8b-b41796d542b5/datanode-0/data/ratis/3b9d9847-5cb9-481d-b3bf-f8dbe72aee52 does not exist. Creating ...
2019-11-15 02:17:46,700 [pool-37-thread-1] INFO  server.RaftServerConfigKeys (ConfUtils.java:logGet(43)) - raft.server.rpc.timeout.max = 5200ms (custom)
2019-11-15 02:17:46,700 [pool-37-thread-1] INFO  server.RaftServerConfigKeys (ConfUtils.java:logGet(43)) - raft.server.rpcslowness.timeout = 120s (custom)
2019-11-15 02:17:46,700 [pool-37-thread-1] INFO  server.RaftServerConfigKeys (ConfUtils.java:logGet(43)) - raft.server.sleep.deviation.threshold = 300 (default)
2019-11-15 02:17:46,700 [pool-37-thread-1] INFO  server.RaftServerConfigKeys (ConfUtils.java:logGet(43)) - raft.server.log.appender.install.snapshot.enabled = false (custom)
2019-11-15 02:17:46,701 [pool-37-thread-1] INFO  impl.RaftServerImpl (ServerState.java:<init>(103)) - 6a3df7f3-90dc-4440-87a5-375a0f4c51e8@group-F8DBE72AEE52: ConfigurationManager, init=-1: [fa884e0b-679d-4560-bd4e-65c026c5920b:192.168.69.113:42878, b71ff034-751e-4244-b2a3-64b67b10595d:192.168.69.113:46256, 6a3df7f3-90dc-4440-87a5-375a0f4c51e8:192.168.69.113:39999], old=null, confs=<EMPTY_MAP>
2019-11-15 02:17:46,701 [pool-37-thread-1] INFO  server.RaftServerConfigKeys (ConfUtils.java:logGet(43)) - raft.server.storage.dir = [/workdir/hadoop-ozone/tools/target/test-dir/MiniOzoneClusterImpl-1de3cd11-ff9a-425d-8a8b-b41796d542b5/datanode-1/data/ratis] (custom)
2019-11-15 02:17:46,701 [pool-47-thread-1] INFO  impl.RaftServerImpl (RaftServerImpl.java:<init>(98)) - b71ff034-751e-4244-b2a3-64b67b10595d: new RaftServerImpl for group-F8DBE72AEE52:[fa884e0b-679d-4560-bd4e-65c026c5920b:192.168.69.113:42878, b71ff034-751e-4244-b2a3-64b67b10595d:192.168.69.113:46256, 6a3df7f3-90dc-4440-87a5-375a0f4c51e8:192.168.69.113:39999] with ContainerStateMachine:uninitialized
2019-11-15 02:17:46,701 [pool-37-thread-1] INFO  server.RaftServerConfigKeys (ConfUtils.java:logGet(43)) - raft.server.log.corruption.policy = EXCEPTION (default)
2019-11-15 02:17:46,701 [pool-47-thread-1] INFO  server.RaftServerConfigKeys (ConfUtils.java:logGet(43)) - raft.server.rpc.timeout.min = 5s (custom)
2019-11-15 02:17:46,702 [pool-37-thread-1] INFO  storage.RaftStorageDirectory (RaftStorageDirectory.java:analyzeStorage(246)) - The storage directory /workdir/hadoop-ozone/tools/target/test-dir/MiniOzoneClusterImpl-1de3cd11-ff9a-425d-8a8b-b41796d542b5/datanode-1/data/ratis/3b9d9847-5cb9-481d-b3bf-f8dbe72aee52 does not exist. Creating ...
2019-11-15 02:17:46,702 [pool-47-thread-1] INFO  server.RaftServerConfigKeys (ConfUtils.java:logGet(43)) - raft.server.rpc.timeout.max = 5200ms (custom)
2019-11-15 02:17:46,702 [pool-47-thread-1] INFO  server.RaftServerConfigKeys (ConfUtils.java:logGet(43)) - raft.server.rpcslowness.timeout = 120s (custom)
2019-11-15 02:17:46,702 [pool-47-thread-1] INFO  server.RaftServerConfigKeys (ConfUtils.java:logGet(43)) - raft.server.sleep.deviation.threshold = 300 (default)
2019-11-15 02:17:46,702 [pool-47-thread-1] INFO  server.RaftServerConfigKeys (ConfUtils.java:logGet(43)) - raft.server.log.appender.install.snapshot.enabled = false (custom)
2019-11-15 02:17:46,702 [pool-47-thread-1] INFO  impl.RaftServerImpl (ServerState.java:<init>(103)) - b71ff034-751e-4244-b2a3-64b67b10595d@group-F8DBE72AEE52: ConfigurationManager, init=-1: [fa884e0b-679d-4560-bd4e-65c026c5920b:192.168.69.113:42878, b71ff034-751e-4244-b2a3-64b67b10595d:192.168.69.113:46256, 6a3df7f3-90dc-4440-87a5-375a0f4c51e8:192.168.69.113:39999], old=null, confs=<EMPTY_MAP>
2019-11-15 02:17:46,703 [pool-47-thread-1] INFO  server.RaftServerConfigKeys (ConfUtils.java:logGet(43)) - raft.server.storage.dir = [/workdir/hadoop-ozone/tools/target/test-dir/MiniOzoneClusterImpl-1de3cd11-ff9a-425d-8a8b-b41796d542b5/datanode-2/data/ratis] (custom)
2019-11-15 02:17:46,703 [pool-47-thread-1] INFO  server.RaftServerConfigKeys (ConfUtils.java:logGet(43)) - raft.server.log.corruption.policy = EXCEPTION (default)
2019-11-15 02:17:46,703 [pool-47-thread-1] INFO  storage.RaftStorageDirectory (RaftStorageDirectory.java:analyzeStorage(246)) - The storage directory /workdir/hadoop-ozone/tools/target/test-dir/MiniOzoneClusterImpl-1de3cd11-ff9a-425d-8a8b-b41796d542b5/datanode-2/data/ratis/3b9d9847-5cb9-481d-b3bf-f8dbe72aee52 does not exist. Creating ...
2019-11-15 02:17:46,714 [pool-37-thread-1] INFO  storage.RaftStorageDirectory (RaftStorageDirectory.java:tryLock(328)) - Lock on /workdir/hadoop-ozone/tools/target/test-dir/MiniOzoneClusterImpl-1de3cd11-ff9a-425d-8a8b-b41796d542b5/datanode-1/data/ratis/3b9d9847-5cb9-481d-b3bf-f8dbe72aee52/in_use.lock acquired by nodename 2672@pr-hdds-2477-8qshl-3676723835
2019-11-15 02:17:46,714 [pool-47-thread-1] INFO  storage.RaftStorageDirectory (RaftStorageDirectory.java:tryLock(328)) - Lock on /workdir/hadoop-ozone/tools/target/test-dir/MiniOzoneClusterImpl-1de3cd11-ff9a-425d-8a8b-b41796d542b5/datanode-2/data/ratis/3b9d9847-5cb9-481d-b3bf-f8dbe72aee52/in_use.lock acquired by nodename 2672@pr-hdds-2477-8qshl-3676723835
2019-11-15 02:17:46,714 [pool-27-thread-1] INFO  storage.RaftStorageDirectory (RaftStorageDirectory.java:tryLock(328)) - Lock on /workdir/hadoop-ozone/tools/target/test-dir/MiniOzoneClusterImpl-1de3cd11-ff9a-425d-8a8b-b41796d542b5/datanode-0/data/ratis/3b9d9847-5cb9-481d-b3bf-f8dbe72aee52/in_use.lock acquired by nodename 2672@pr-hdds-2477-8qshl-3676723835
2019-11-15 02:17:46,736 [pool-47-thread-1] INFO  storage.RaftStorage (RaftStorage.java:format(84)) - Storage directory /workdir/hadoop-ozone/tools/target/test-dir/MiniOzoneClusterImpl-1de3cd11-ff9a-425d-8a8b-b41796d542b5/datanode-2/data/ratis/3b9d9847-5cb9-481d-b3bf-f8dbe72aee52 has been successfully formatted.
2019-11-15 02:17:46,736 [pool-37-thread-1] INFO  storage.RaftStorage (RaftStorage.java:format(84)) - Storage directory /workdir/hadoop-ozone/tools/target/test-dir/MiniOzoneClusterImpl-1de3cd11-ff9a-425d-8a8b-b41796d542b5/datanode-1/data/ratis/3b9d9847-5cb9-481d-b3bf-f8dbe72aee52 has been successfully formatted.
2019-11-15 02:17:46,736 [pool-47-thread-1] INFO  ratis.ContainerStateMachine (ContainerStateMachine.java:loadSnapshot(223)) - group-F8DBE72AEE52: The snapshot info is null. Setting the last applied indexto:(t:0, i:~)
2019-11-15 02:17:46,736 [pool-27-thread-1] INFO  storage.RaftStorage (RaftStorage.java:format(84)) - Storage directory /workdir/hadoop-ozone/tools/target/test-dir/MiniOzoneClusterImpl-1de3cd11-ff9a-425d-8a8b-b41796d542b5/datanode-0/data/ratis/3b9d9847-5cb9-481d-b3bf-f8dbe72aee52 has been successfully formatted.
2019-11-15 02:17:46,736 [pool-37-thread-1] INFO  ratis.ContainerStateMachine (ContainerStateMachine.java:loadSnapshot(223)) - group-F8DBE72AEE52: The snapshot info is null. Setting the last applied indexto:(t:0, i:~)
2019-11-15 02:17:46,736 [pool-47-thread-1] INFO  server.RaftServerConfigKeys (ConfUtils.java:logGet(43)) - raft.server.notification.no-leader.timeout = 120s (custom)
2019-11-15 02:17:46,736 [pool-37-thread-1] INFO  server.RaftServerConfigKeys (ConfUtils.java:logGet(43)) - raft.server.notification.no-leader.timeout = 120s (custom)
2019-11-15 02:17:46,736 [pool-27-thread-1] INFO  ratis.ContainerStateMachine (ContainerStateMachine.java:loadSnapshot(223)) - group-F8DBE72AEE52: The snapshot info is null. Setting the last applied indexto:(t:0, i:~)
2019-11-15 02:17:46,737 [pool-37-thread-1] INFO  server.RaftServerConfigKeys (ConfUtils.java:logGet(43)) - raft.server.log.use.memory = false (default)
2019-11-15 02:17:46,737 [pool-47-thread-1] INFO  server.RaftServerConfigKeys (ConfUtils.java:logGet(43)) - raft.server.log.use.memory = false (default)
2019-11-15 02:17:46,737 [pool-37-thread-1] INFO  server.RaftServerConfigKeys (ConfUtils.java:logGet(43)) - raft.server.log.purge.gap = 1000000 (custom)
2019-11-15 02:17:46,737 [pool-27-thread-1] INFO  server.RaftServerConfigKeys (ConfUtils.java:logGet(43)) - raft.server.notification.no-leader.timeout = 120s (custom)
2019-11-15 02:17:46,737 [pool-37-thread-1] INFO  server.RaftServerConfigKeys (ConfUtils.java:logGet(43)) - raft.server.log.appender.buffer.byte-limit = 33554432 (custom)
2019-11-15 02:17:46,737 [pool-47-thread-1] INFO  server.RaftServerConfigKeys (ConfUtils.java:logGet(43)) - raft.server.log.purge.gap = 1000000 (custom)
2019-11-15 02:17:46,738 [pool-37-thread-1] INFO  server.RaftServerConfigKeys (ConfUtils.java:logGet(43)) - raft.server.log.segment.size.max = 1048576 (custom)
2019-11-15 02:17:46,737 [pool-27-thread-1] INFO  server.RaftServerConfigKeys (ConfUtils.java:logGet(43)) - raft.server.log.use.memory = false (default)
2019-11-15 02:17:46,738 [pool-37-thread-1] INFO  server.RaftServerConfigKeys (ConfUtils.java:logGet(43)) - raft.server.log.segment.cache.num.max = 2 (custom)
2019-11-15 02:17:46,738 [pool-47-thread-1] INFO  server.RaftServerConfigKeys (ConfUtils.java:logGet(43)) - raft.server.log.appender.buffer.byte-limit = 33554432 (custom)
2019-11-15 02:17:46,738 [pool-37-thread-1] INFO  segmented.SegmentedRaftLogWorker (SegmentedRaftLogWorker.java:<init>(173)) - new 6a3df7f3-90dc-4440-87a5-375a0f4c51e8@group-F8DBE72AEE52-SegmentedRaftLogWorker for RaftStorage:Storage Directory /workdir/hadoop-ozone/tools/target/test-dir/MiniOzoneClusterImpl-1de3cd11-ff9a-425d-8a8b-b41796d542b5/datanode-1/data/ratis/3b9d9847-5cb9-481d-b3bf-f8dbe72aee52
2019-11-15 02:17:46,738 [pool-27-thread-1] INFO  server.RaftServerConfigKeys (ConfUtils.java:logGet(43)) - raft.server.log.purge.gap = 1000000 (custom)
2019-11-15 02:17:46,738 [pool-37-thread-1] INFO  server.RaftServerConfigKeys (ConfUtils.java:logGet(43)) - raft.server.log.queue.byte-limit = 2147483647 (custom)
2019-11-15 02:17:46,738 [pool-47-thread-1] INFO  server.RaftServerConfigKeys (ConfUtils.java:logGet(43)) - raft.server.log.segment.size.max = 1048576 (custom)
2019-11-15 02:17:46,739 [pool-37-thread-1] INFO  server.RaftServerConfigKeys (ConfUtils.java:logGet(43)) - raft.server.log.queue.element-limit = 1024 (custom)
2019-11-15 02:17:46,739 [pool-27-thread-1] INFO  server.RaftServerConfigKeys (ConfUtils.java:logGet(43)) - raft.server.log.appender.buffer.byte-limit = 33554432 (custom)
2019-11-15 02:17:46,739 [pool-37-thread-1] INFO  server.RaftServerConfigKeys (ConfUtils.java:logGet(43)) - raft.server.log.segment.size.max = 1048576 (custom)
2019-11-15 02:17:46,739 [pool-47-thread-1] INFO  server.RaftServerConfigKeys (ConfUtils.java:logGet(43)) - raft.server.log.segment.cache.num.max = 2 (custom)
2019-11-15 02:17:46,739 [pool-37-thread-1] INFO  server.RaftServerConfigKeys (ConfUtils.java:logGet(43)) - raft.server.log.preallocated.size = 16384 (custom)
2019-11-15 02:17:46,739 [pool-27-thread-1] INFO  server.RaftServerConfigKeys (ConfUtils.java:logGet(43)) - raft.server.log.segment.size.max = 1048576 (custom)
2019-11-15 02:17:46,740 [pool-37-thread-1] INFO  server.RaftServerConfigKeys (ConfUtils.java:logGet(43)) - raft.server.log.write.buffer.size = 33554432 (custom)
2019-11-15 02:17:46,739 [pool-47-thread-1] INFO  segmented.SegmentedRaftLogWorker (SegmentedRaftLogWorker.java:<init>(173)) - new b71ff034-751e-4244-b2a3-64b67b10595d@group-F8DBE72AEE52-SegmentedRaftLogWorker for RaftStorage:Storage Directory /workdir/hadoop-ozone/tools/target/test-dir/MiniOzoneClusterImpl-1de3cd11-ff9a-425d-8a8b-b41796d542b5/datanode-2/data/ratis/3b9d9847-5cb9-481d-b3bf-f8dbe72aee52
2019-11-15 02:17:46,740 [pool-37-thread-1] INFO  server.RaftServerConfigKeys (ConfUtils.java:logGet(43)) - raft.server.log.force.sync.num = 128 (default)
2019-11-15 02:17:46,740 [pool-27-thread-1] INFO  server.RaftServerConfigKeys (ConfUtils.java:logGet(43)) - raft.server.log.segment.cache.num.max = 2 (custom)
2019-11-15 02:17:46,740 [pool-37-thread-1] INFO  server.RaftServerConfigKeys (ConfUtils.java:logGet(43)) - raft.server.log.statemachine.data.sync = true (default)
2019-11-15 02:17:46,740 [pool-47-thread-1] INFO  server.RaftServerConfigKeys (ConfUtils.java:logGet(43)) - raft.server.log.queue.byte-limit = 2147483647 (custom)
2019-11-15 02:17:46,740 [pool-37-thread-1] INFO  server.RaftServerConfigKeys (ConfUtils.java:logGet(43)) - raft.server.log.statemachine.data.sync.timeout = 10s (default)
2019-11-15 02:17:46,740 [pool-27-thread-1] INFO  segmented.SegmentedRaftLogWorker (SegmentedRaftLogWorker.java:<init>(173)) - new fa884e0b-679d-4560-bd4e-65c026c5920b@group-F8DBE72AEE52-SegmentedRaftLogWorker for RaftStorage:Storage Directory /workdir/hadoop-ozone/tools/target/test-dir/MiniOzoneClusterImpl-1de3cd11-ff9a-425d-8a8b-b41796d542b5/datanode-0/data/ratis/3b9d9847-5cb9-481d-b3bf-f8dbe72aee52
2019-11-15 02:17:46,741 [pool-37-thread-1] INFO  server.RaftServerConfigKeys (ConfUtils.java:logGet(43)) - raft.server.log.statemachine.data.sync.timeout.retry = -1 (default)
2019-11-15 02:17:46,740 [pool-47-thread-1] INFO  server.RaftServerConfigKeys (ConfUtils.java:logGet(43)) - raft.server.log.queue.element-limit = 1024 (custom)
2019-11-15 02:17:46,741 [pool-27-thread-1] INFO  server.RaftServerConfigKeys (ConfUtils.java:logGet(43)) - raft.server.log.queue.byte-limit = 2147483647 (custom)
2019-11-15 02:17:46,741 [pool-37-thread-1] INFO  server.RaftServerConfigKeys (ConfUtils.java:logGet(43)) - raft.server.log.statemachine.data.caching.enabled = true (custom)
2019-11-15 02:17:46,741 [pool-47-thread-1] INFO  server.RaftServerConfigKeys (ConfUtils.java:logGet(43)) - raft.server.log.segment.size.max = 1048576 (custom)
2019-11-15 02:17:46,741 [pool-27-thread-1] INFO  server.RaftServerConfigKeys (ConfUtils.java:logGet(43)) - raft.server.log.queue.element-limit = 1024 (custom)
2019-11-15 02:17:46,741 [pool-47-thread-1] INFO  server.RaftServerConfigKeys (ConfUtils.java:logGet(43)) - raft.server.log.preallocated.size = 16384 (custom)
2019-11-15 02:17:46,741 [pool-37-thread-1] INFO  segmented.SegmentedRaftLogWorker (SegmentedRaftLogWorker.java:lambda$new$0(128)) - 6a3df7f3-90dc-4440-87a5-375a0f4c51e8@group-F8DBE72AEE52-SegmentedRaftLogWorker: flushIndex: setUnconditionally 0 -> -1
2019-11-15 02:17:46,741 [pool-27-thread-1] INFO  server.RaftServerConfigKeys (ConfUtils.java:logGet(43)) - raft.server.log.segment.size.max = 1048576 (custom)
2019-11-15 02:17:46,741 [pool-47-thread-1] INFO  server.RaftServerConfigKeys (ConfUtils.java:logGet(43)) - raft.server.log.write.buffer.size = 33554432 (custom)
2019-11-15 02:17:46,742 [pool-37-thread-1] INFO  server.RaftServerConfigKeys (ConfUtils.java:logGet(43)) - raft.server.snapshot.auto.trigger.enabled = true (custom)
2019-11-15 02:17:46,742 [pool-27-thread-1] INFO  server.RaftServerConfigKeys (ConfUtils.java:logGet(43)) - raft.server.log.preallocated.size = 16384 (custom)
2019-11-15 02:17:46,742 [pool-37-thread-1] INFO  server.RaftServerConfigKeys (ConfUtils.java:logGet(43)) - raft.server.snapshot.auto.trigger.threshold = 10000 (custom)
2019-11-15 02:17:46,742 [pool-47-thread-1] INFO  server.RaftServerConfigKeys (ConfUtils.java:logGet(43)) - raft.server.log.force.sync.num = 128 (default)
2019-11-15 02:17:46,742 [pool-37-thread-1] INFO  server.RaftServerConfigKeys (ConfUtils.java:logGet(43)) - raft.server.snapshot.retention.file.num = 5 (custom)
2019-11-15 02:17:46,742 [pool-27-thread-1] INFO  server.RaftServerConfigKeys (ConfUtils.java:logGet(43)) - raft.server.log.write.buffer.size = 33554432 (custom)
2019-11-15 02:17:46,743 [pool-37-thread-1] INFO  server.RaftServerConfigKeys (ConfUtils.java:logGet(43)) - raft.server.retrycache.expirytime = 600000ms (custom)
2019-11-15 02:17:46,742 [pool-47-thread-1] INFO  server.RaftServerConfigKeys (ConfUtils.java:logGet(43)) - raft.server.log.statemachine.data.sync = true (default)
2019-11-15 02:17:46,743 [pool-27-thread-1] INFO  server.RaftServerConfigKeys (ConfUtils.java:logGet(43)) - raft.server.log.force.sync.num = 128 (default)
2019-11-15 02:17:46,743 [pool-47-thread-1] INFO  server.RaftServerConfigKeys (ConfUtils.java:logGet(43)) - raft.server.log.statemachine.data.sync.timeout = 10s (default)
2019-11-15 02:17:46,743 [pool-37-thread-1] WARN  impl.MetricRegistriesImpl (MetricRegistriesImpl.java:lambda$create$1(61)) - First MetricRegistry has been created without registering reporters. You may need to call MetricRegistries.global().addReportRegistration(...) before.
2019-11-15 02:17:46,743 [pool-47-thread-1] INFO  server.RaftServerConfigKeys (ConfUtils.java:logGet(43)) - raft.server.log.statemachine.data.sync.timeout.retry = -1 (default)
2019-11-15 02:17:46,743 [pool-27-thread-1] INFO  server.RaftServerConfigKeys (ConfUtils.java:logGet(43)) - raft.server.log.statemachine.data.sync = true (default)
2019-11-15 02:17:46,743 [pool-37-thread-1] WARN  impl.MetricRegistriesImpl (MetricRegistriesImpl.java:lambda$create$1(61)) - First MetricRegistry has been created without registering reporters. You may need to call MetricRegistries.global().addReportRegistration(...) before.
2019-11-15 02:17:46,743 [pool-27-thread-1] INFO  server.RaftServerConfigKeys (ConfUtils.java:logGet(43)) - raft.server.log.statemachine.data.sync.timeout = 10s (default)
2019-11-15 02:17:46,743 [pool-47-thread-1] INFO  server.RaftServerConfigKeys (ConfUtils.java:logGet(43)) - raft.server.log.statemachine.data.caching.enabled = true (custom)
2019-11-15 02:17:46,744 [pool-37-thread-1] INFO  impl.RaftServerImpl (RaftServerImpl.java:start(184)) - 6a3df7f3-90dc-4440-87a5-375a0f4c51e8@group-F8DBE72AEE52: start as a follower, conf=-1: [fa884e0b-679d-4560-bd4e-65c026c5920b:192.168.69.113:42878, b71ff034-751e-4244-b2a3-64b67b10595d:192.168.69.113:46256, 6a3df7f3-90dc-4440-87a5-375a0f4c51e8:192.168.69.113:39999], old=null
2019-11-15 02:17:46,744 [pool-27-thread-1] INFO  server.RaftServerConfigKeys (ConfUtils.java:logGet(43)) - raft.server.log.statemachine.data.sync.timeout.retry = -1 (default)
2019-11-15 02:17:46,744 [pool-47-thread-1] INFO  segmented.SegmentedRaftLogWorker (SegmentedRaftLogWorker.java:lambda$new$0(128)) - b71ff034-751e-4244-b2a3-64b67b10595d@group-F8DBE72AEE52-SegmentedRaftLogWorker: flushIndex: setUnconditionally 0 -> -1
2019-11-15 02:17:46,744 [pool-37-thread-1] INFO  impl.RaftServerImpl (RaftServerImpl.java:setRole(173)) - 6a3df7f3-90dc-4440-87a5-375a0f4c51e8@group-F8DBE72AEE52: changes role from      null to FOLLOWER at term 0 for startAsFollower
2019-11-15 02:17:46,744 [pool-27-thread-1] INFO  server.RaftServerConfigKeys (ConfUtils.java:logGet(43)) - raft.server.log.statemachine.data.caching.enabled = true (custom)
2019-11-15 02:17:46,744 [pool-47-thread-1] INFO  server.RaftServerConfigKeys (ConfUtils.java:logGet(43)) - raft.server.snapshot.auto.trigger.enabled = true (custom)
2019-11-15 02:17:46,744 [pool-37-thread-1] INFO  impl.RoleInfo (RoleInfo.java:updateAndGet(143)) - 6a3df7f3-90dc-4440-87a5-375a0f4c51e8: start FollowerState
2019-11-15 02:17:46,745 [pool-27-thread-1] INFO  segmented.SegmentedRaftLogWorker (SegmentedRaftLogWorker.java:lambda$new$0(128)) - fa884e0b-679d-4560-bd4e-65c026c5920b@group-F8DBE72AEE52-SegmentedRaftLogWorker: flushIndex: setUnconditionally 0 -> -1
2019-11-15 02:17:46,745 [pool-47-thread-1] INFO  server.RaftServerConfigKeys (ConfUtils.java:logGet(43)) - raft.server.snapshot.auto.trigger.threshold = 10000 (custom)
2019-11-15 02:17:46,745 [pool-47-thread-1] INFO  server.RaftServerConfigKeys (ConfUtils.java:logGet(43)) - raft.server.snapshot.retention.file.num = 5 (custom)
2019-11-15 02:17:46,745 [pool-27-thread-1] INFO  server.RaftServerConfigKeys (ConfUtils.java:logGet(43)) - raft.server.snapshot.auto.trigger.enabled = true (custom)
2019-11-15 02:17:46,745 [pool-47-thread-1] INFO  server.RaftServerConfigKeys (ConfUtils.java:logGet(43)) - raft.server.retrycache.expirytime = 600000ms (custom)
2019-11-15 02:17:46,745 [pool-37-thread-1] INFO  util.JmxRegister (JmxRegister.java:tryRegister(44)) - Successfully registered JMX Bean with object name Ratis:service=RaftServer,group=group-F8DBE72AEE52,id=6a3df7f3-90dc-4440-87a5-375a0f4c51e8
2019-11-15 02:17:46,745 [pool-47-thread-1] WARN  impl.MetricRegistriesImpl (MetricRegistriesImpl.java:lambda$create$1(61)) - First MetricRegistry has been created without registering reporters. You may need to call MetricRegistries.global().addReportRegistration(...) before.
2019-11-15 02:17:46,745 [pool-27-thread-1] INFO  server.RaftServerConfigKeys (ConfUtils.java:logGet(43)) - raft.server.snapshot.auto.trigger.threshold = 10000 (custom)
2019-11-15 02:17:46,746 [pool-47-thread-1] WARN  impl.MetricRegistriesImpl (MetricRegistriesImpl.java:lambda$create$1(61)) - First MetricRegistry has been created without registering reporters. You may need to call MetricRegistries.global().addReportRegistration(...) before.
2019-11-15 02:17:46,745 [pool-37-thread-1] WARN  impl.MetricRegistriesImpl (MetricRegistriesImpl.java:lambda$create$1(61)) - First MetricRegistry has been created without registering reporters. You may need to call MetricRegistries.global().addReportRegistration(...) before.
2019-11-15 02:17:46,746 [pool-47-thread-1] INFO  impl.RaftServerImpl (RaftServerImpl.java:start(184)) - b71ff034-751e-4244-b2a3-64b67b10595d@group-F8DBE72AEE52: start as a follower, conf=-1: [fa884e0b-679d-4560-bd4e-65c026c5920b:192.168.69.113:42878, b71ff034-751e-4244-b2a3-64b67b10595d:192.168.69.113:46256, 6a3df7f3-90dc-4440-87a5-375a0f4c51e8:192.168.69.113:39999], old=null
2019-11-15 02:17:46,746 [pool-27-thread-1] INFO  server.RaftServerConfigKeys (ConfUtils.java:logGet(43)) - raft.server.snapshot.retention.file.num = 5 (custom)
2019-11-15 02:17:46,746 [pool-47-thread-1] INFO  impl.RaftServerImpl (RaftServerImpl.java:setRole(173)) - b71ff034-751e-4244-b2a3-64b67b10595d@group-F8DBE72AEE52: changes role from      null to FOLLOWER at term 0 for startAsFollower
2019-11-15 02:17:46,746 [pool-27-thread-1] INFO  server.RaftServerConfigKeys (ConfUtils.java:logGet(43)) - raft.server.retrycache.expirytime = 600000ms (custom)
2019-11-15 02:17:46,746 [pool-47-thread-1] INFO  impl.RoleInfo (RoleInfo.java:updateAndGet(143)) - b71ff034-751e-4244-b2a3-64b67b10595d: start FollowerState
2019-11-15 02:17:46,746 [pool-27-thread-1] WARN  impl.MetricRegistriesImpl (MetricRegistriesImpl.java:lambda$create$1(61)) - First MetricRegistry has been created without registering reporters. You may need to call MetricRegistries.global().addReportRegistration(...) before.
2019-11-15 02:17:46,747 [pool-27-thread-1] WARN  impl.MetricRegistriesImpl (MetricRegistriesImpl.java:lambda$create$1(61)) - First MetricRegistry has been created without registering reporters. You may need to call MetricRegistries.global().addReportRegistration(...) before.
2019-11-15 02:17:46,747 [pool-47-thread-1] INFO  util.JmxRegister (JmxRegister.java:tryRegister(44)) - Successfully registered JMX Bean with object name Ratis:service=RaftServer,group=group-F8DBE72AEE52,id=b71ff034-751e-4244-b2a3-64b67b10595d
2019-11-15 02:17:46,747 [pool-27-thread-1] INFO  impl.RaftServerImpl (RaftServerImpl.java:start(184)) - fa884e0b-679d-4560-bd4e-65c026c5920b@group-F8DBE72AEE52: start as a follower, conf=-1: [fa884e0b-679d-4560-bd4e-65c026c5920b:192.168.69.113:42878, b71ff034-751e-4244-b2a3-64b67b10595d:192.168.69.113:46256, 6a3df7f3-90dc-4440-87a5-375a0f4c51e8:192.168.69.113:39999], old=null
2019-11-15 02:17:46,747 [pool-47-thread-1] WARN  impl.MetricRegistriesImpl (MetricRegistriesImpl.java:lambda$create$1(61)) - First MetricRegistry has been created without registering reporters. You may need to call MetricRegistries.global().addReportRegistration(...) before.
2019-11-15 02:17:46,747 [pool-27-thread-1] INFO  impl.RaftServerImpl (RaftServerImpl.java:setRole(173)) - fa884e0b-679d-4560-bd4e-65c026c5920b@group-F8DBE72AEE52: changes role from      null to FOLLOWER at term 0 for startAsFollower
2019-11-15 02:17:46,747 [pool-27-thread-1] INFO  impl.RoleInfo (RoleInfo.java:updateAndGet(143)) - fa884e0b-679d-4560-bd4e-65c026c5920b: start FollowerState
2019-11-15 02:17:46,748 [pool-27-thread-1] INFO  util.JmxRegister (JmxRegister.java:tryRegister(44)) - Successfully registered JMX Bean with object name Ratis:service=RaftServer,group=group-F8DBE72AEE52,id=fa884e0b-679d-4560-bd4e-65c026c5920b
2019-11-15 02:17:46,748 [pool-27-thread-1] WARN  impl.MetricRegistriesImpl (MetricRegistriesImpl.java:lambda$create$1(61)) - First MetricRegistry has been created without registering reporters. You may need to call MetricRegistries.global().addReportRegistration(...) before.
2019-11-15 02:17:46,758 [RatisPipelineUtilsThread] INFO  pipeline.PipelineStateManager (PipelineStateManager.java:addPipeline(55)) - Created pipeline Pipeline[ Id: 3b9d9847-5cb9-481d-b3bf-f8dbe72aee52, Nodes: 6a3df7f3-90dc-4440-87a5-375a0f4c51e8{ip: 192.168.69.113, host: pr-hdds-2477-8qshl-3676723835, networkLocation: /default-rack, certSerialId: null}b71ff034-751e-4244-b2a3-64b67b10595d{ip: 192.168.69.113, host: pr-hdds-2477-8qshl-3676723835, networkLocation: /default-rack, certSerialId: null}fa884e0b-679d-4560-bd4e-65c026c5920b{ip: 192.168.69.113, host: pr-hdds-2477-8qshl-3676723835, networkLocation: /default-rack, certSerialId: null}, Type:RATIS, Factor:THREE, State:ALLOCATED]
2019-11-15 02:17:46,759 [Thread-178] INFO  pipeline.PipelineStateManager (PipelineStateManager.java:finalizePipeline(121)) - Pipeline Pipeline[ Id: c00abba1-3296-4d12-af14-ed3205885b2d, Nodes: b71ff034-751e-4244-b2a3-64b67b10595d{ip: 192.168.69.113, host: pr-hdds-2477-8qshl-3676723835, networkLocation: /default-rack, certSerialId: null}, Type:RATIS, Factor:ONE, State:CLOSED] moved to CLOSED state
2019-11-15 02:17:46,771 [grpc-default-executor-2] INFO  impl.RaftServerProxy (RaftServerProxy.java:remove(95)) - b71ff034-751e-4244-b2a3-64b67b10595d: remove  FOLLOWER b71ff034-751e-4244-b2a3-64b67b10595d@group-ED3205885B2D:t0, leader=null, voted=null, raftlog=b71ff034-751e-4244-b2a3-64b67b10595d@group-ED3205885B2D-SegmentedRaftLog:OPENED:c-1,f-1,i0, conf=-1: [b71ff034-751e-4244-b2a3-64b67b10595d:192.168.69.113:46256], old=null RUNNING
2019-11-15 02:17:46,772 [grpc-default-executor-2] INFO  impl.RaftServerImpl (RaftServerImpl.java:lambda$shutdown$3(250)) - b71ff034-751e-4244-b2a3-64b67b10595d@group-ED3205885B2D: shutdown
2019-11-15 02:17:46,772 [grpc-default-executor-2] INFO  util.JmxRegister (JmxRegister.java:unregister(73)) - Successfully un-registered JMX Bean with object name Ratis:service=RaftServer,group=group-ED3205885B2D,id=b71ff034-751e-4244-b2a3-64b67b10595d
2019-11-15 02:17:46,772 [grpc-default-executor-2] INFO  impl.RoleInfo (RoleInfo.java:shutdownFollowerState(121)) - b71ff034-751e-4244-b2a3-64b67b10595d: shutdown FollowerState
2019-11-15 02:17:46,772 [grpc-default-executor-2] INFO  impl.StateMachineUpdater (StateMachineUpdater.java:stopAndJoin(136)) - b71ff034-751e-4244-b2a3-64b67b10595d@group-ED3205885B2D-StateMachineUpdater: set stopIndex = -1
2019-11-15 02:17:46,773 [Thread-186] INFO  impl.FollowerState (FollowerState.java:run(120)) - b71ff034-751e-4244-b2a3-64b67b10595d@group-ED3205885B2D-FollowerState was interrupted: java.lang.InterruptedException: sleep interrupted
2019-11-15 02:17:46,774 [grpc-default-executor-2] INFO  impl.RaftServerImpl (ServerState.java:close(387)) - b71ff034-751e-4244-b2a3-64b67b10595d@group-ED3205885B2D: closes. applyIndex: -1
2019-11-15 02:17:46,775 [b71ff034-751e-4244-b2a3-64b67b10595d@group-ED3205885B2D-SegmentedRaftLogWorker] INFO  segmented.SegmentedRaftLogWorker (SegmentedRaftLogWorker.java:run(316)) - b71ff034-751e-4244-b2a3-64b67b10595d@group-ED3205885B2D-SegmentedRaftLogWorker was interrupted, exiting. There are 0 tasks remaining in the queue.
2019-11-15 02:17:46,775 [grpc-default-executor-2] INFO  segmented.SegmentedRaftLogWorker (SegmentedRaftLogWorker.java:close(224)) - b71ff034-751e-4244-b2a3-64b67b10595d@group-ED3205885B2D-SegmentedRaftLogWorker close()
2019-11-15 02:17:46,780 [Thread-178] INFO  pipeline.PipelineStateManager (PipelineStateManager.java:removePipeline(106)) - Pipeline Pipeline[ Id: c00abba1-3296-4d12-af14-ed3205885b2d, Nodes: b71ff034-751e-4244-b2a3-64b67b10595d{ip: 192.168.69.113, host: pr-hdds-2477-8qshl-3676723835, networkLocation: /default-rack, certSerialId: null}, Type:RATIS, Factor:ONE, State:CLOSED] removed from db
2019-11-15 02:17:46,788 [grpc-default-executor-2] INFO  impl.RaftServerProxy (RaftServerProxy.java:addNew(89)) - b71ff034-751e-4244-b2a3-64b67b10595d: addNew group-235EC3A89811:[b71ff034-751e-4244-b2a3-64b67b10595d:192.168.69.113:46256] returns group-235EC3A89811:java.util.concurrent.CompletableFuture@48008ecc[Not completed]
2019-11-15 02:17:46,789 [pool-47-thread-1] INFO  impl.RaftServerImpl (RaftServerImpl.java:<init>(98)) - b71ff034-751e-4244-b2a3-64b67b10595d: new RaftServerImpl for group-235EC3A89811:[b71ff034-751e-4244-b2a3-64b67b10595d:192.168.69.113:46256] with ContainerStateMachine:uninitialized
2019-11-15 02:17:46,790 [pool-47-thread-1] INFO  server.RaftServerConfigKeys (ConfUtils.java:logGet(43)) - raft.server.rpc.timeout.min = 5s (custom)
2019-11-15 02:17:46,790 [pool-47-thread-1] INFO  server.RaftServerConfigKeys (ConfUtils.java:logGet(43)) - raft.server.rpc.timeout.max = 5200ms (custom)
2019-11-15 02:17:46,790 [pool-47-thread-1] INFO  server.RaftServerConfigKeys (ConfUtils.java:logGet(43)) - raft.server.rpcslowness.timeout = 120s (custom)
2019-11-15 02:17:46,790 [pool-47-thread-1] INFO  server.RaftServerConfigKeys (ConfUtils.java:logGet(43)) - raft.server.sleep.deviation.threshold = 300 (default)
2019-11-15 02:17:46,790 [pool-47-thread-1] INFO  server.RaftServerConfigKeys (ConfUtils.java:logGet(43)) - raft.server.log.appender.install.snapshot.enabled = false (custom)
2019-11-15 02:17:46,790 [pool-47-thread-1] INFO  impl.RaftServerImpl (ServerState.java:<init>(103)) - b71ff034-751e-4244-b2a3-64b67b10595d@group-235EC3A89811: ConfigurationManager, init=-1: [b71ff034-751e-4244-b2a3-64b67b10595d:192.168.69.113:46256], old=null, confs=<EMPTY_MAP>
2019-11-15 02:17:46,790 [pool-47-thread-1] INFO  server.RaftServerConfigKeys (ConfUtils.java:logGet(43)) - raft.server.storage.dir = [/workdir/hadoop-ozone/tools/target/test-dir/MiniOzoneClusterImpl-1de3cd11-ff9a-425d-8a8b-b41796d542b5/datanode-2/data/ratis] (custom)
2019-11-15 02:17:46,790 [pool-47-thread-1] INFO  server.RaftServerConfigKeys (ConfUtils.java:logGet(43)) - raft.server.log.corruption.policy = EXCEPTION (default)
2019-11-15 02:17:46,791 [pool-47-thread-1] INFO  storage.RaftStorageDirectory (RaftStorageDirectory.java:analyzeStorage(246)) - The storage directory /workdir/hadoop-ozone/tools/target/test-dir/MiniOzoneClusterImpl-1de3cd11-ff9a-425d-8a8b-b41796d542b5/datanode-2/data/ratis/f9ac7130-6bf3-47f0-9ea6-235ec3a89811 does not exist. Creating ...
2019-11-15 02:17:46,814 [pool-47-thread-1] INFO  storage.RaftStorageDirectory (RaftStorageDirectory.java:tryLock(328)) - Lock on /workdir/hadoop-ozone/tools/target/test-dir/MiniOzoneClusterImpl-1de3cd11-ff9a-425d-8a8b-b41796d542b5/datanode-2/data/ratis/f9ac7130-6bf3-47f0-9ea6-235ec3a89811/in_use.lock acquired by nodename 2672@pr-hdds-2477-8qshl-3676723835
2019-11-15 02:17:46,837 [pool-47-thread-1] INFO  storage.RaftStorage (RaftStorage.java:format(84)) - Storage directory /workdir/hadoop-ozone/tools/target/test-dir/MiniOzoneClusterImpl-1de3cd11-ff9a-425d-8a8b-b41796d542b5/datanode-2/data/ratis/f9ac7130-6bf3-47f0-9ea6-235ec3a89811 has been successfully formatted.
2019-11-15 02:17:46,838 [pool-47-thread-1] INFO  ratis.ContainerStateMachine (ContainerStateMachine.java:loadSnapshot(223)) - group-235EC3A89811: The snapshot info is null. Setting the last applied indexto:(t:0, i:~)
2019-11-15 02:17:46,838 [pool-47-thread-1] INFO  server.RaftServerConfigKeys (ConfUtils.java:logGet(43)) - raft.server.notification.no-leader.timeout = 120s (custom)
2019-11-15 02:17:46,838 [pool-47-thread-1] INFO  server.RaftServerConfigKeys (ConfUtils.java:logGet(43)) - raft.server.log.use.memory = false (default)
2019-11-15 02:17:46,838 [pool-47-thread-1] INFO  server.RaftServerConfigKeys (ConfUtils.java:logGet(43)) - raft.server.log.purge.gap = 1000000 (custom)
2019-11-15 02:17:46,838 [pool-47-thread-1] INFO  server.RaftServerConfigKeys (ConfUtils.java:logGet(43)) - raft.server.log.appender.buffer.byte-limit = 33554432 (custom)
2019-11-15 02:17:46,838 [pool-47-thread-1] INFO  server.RaftServerConfigKeys (ConfUtils.java:logGet(43)) - raft.server.log.segment.size.max = 1048576 (custom)
2019-11-15 02:17:46,839 [pool-47-thread-1] INFO  server.RaftServerConfigKeys (ConfUtils.java:logGet(43)) - raft.server.log.segment.cache.num.max = 2 (custom)
2019-11-15 02:17:46,839 [pool-47-thread-1] INFO  segmented.SegmentedRaftLogWorker (SegmentedRaftLogWorker.java:<init>(173)) - new b71ff034-751e-4244-b2a3-64b67b10595d@group-235EC3A89811-SegmentedRaftLogWorker for RaftStorage:Storage Directory /workdir/hadoop-ozone/tools/target/test-dir/MiniOzoneClusterImpl-1de3cd11-ff9a-425d-8a8b-b41796d542b5/datanode-2/data/ratis/f9ac7130-6bf3-47f0-9ea6-235ec3a89811
2019-11-15 02:17:46,839 [pool-47-thread-1] INFO  server.RaftServerConfigKeys (ConfUtils.java:logGet(43)) - raft.server.log.queue.byte-limit = 2147483647 (custom)
2019-11-15 02:17:46,839 [pool-47-thread-1] INFO  server.RaftServerConfigKeys (ConfUtils.java:logGet(43)) - raft.server.log.queue.element-limit = 1024 (custom)
2019-11-15 02:17:46,839 [pool-47-thread-1] INFO  server.RaftServerConfigKeys (ConfUtils.java:logGet(43)) - raft.server.log.segment.size.max = 1048576 (custom)
2019-11-15 02:17:46,839 [pool-47-thread-1] INFO  server.RaftServerConfigKeys (ConfUtils.java:logGet(43)) - raft.server.log.preallocated.size = 16384 (custom)
2019-11-15 02:17:46,839 [pool-47-thread-1] INFO  server.RaftServerConfigKeys (ConfUtils.java:logGet(43)) - raft.server.log.write.buffer.size = 33554432 (custom)
2019-11-15 02:17:46,839 [pool-47-thread-1] INFO  server.RaftServerConfigKeys (ConfUtils.java:logGet(43)) - raft.server.log.force.sync.num = 128 (default)
2019-11-15 02:17:46,839 [pool-47-thread-1] INFO  server.RaftServerConfigKeys (ConfUtils.java:logGet(43)) - raft.server.log.statemachine.data.sync = true (default)
2019-11-15 02:17:46,839 [pool-47-thread-1] INFO  server.RaftServerConfigKeys (ConfUtils.java:logGet(43)) - raft.server.log.statemachine.data.sync.timeout = 10s (default)
2019-11-15 02:17:46,839 [pool-47-thread-1] INFO  server.RaftServerConfigKeys (ConfUtils.java:logGet(43)) - raft.server.log.statemachine.data.sync.timeout.retry = -1 (default)
2019-11-15 02:17:46,840 [pool-47-thread-1] INFO  server.RaftServerConfigKeys (ConfUtils.java:logGet(43)) - raft.server.log.statemachine.data.caching.enabled = true (custom)
2019-11-15 02:17:46,840 [pool-47-thread-1] INFO  segmented.SegmentedRaftLogWorker (SegmentedRaftLogWorker.java:lambda$new$0(128)) - b71ff034-751e-4244-b2a3-64b67b10595d@group-235EC3A89811-SegmentedRaftLogWorker: flushIndex: setUnconditionally 0 -> -1
2019-11-15 02:17:46,840 [pool-47-thread-1] INFO  server.RaftServerConfigKeys (ConfUtils.java:logGet(43)) - raft.server.snapshot.auto.trigger.enabled = true (custom)
2019-11-15 02:17:46,840 [pool-47-thread-1] INFO  server.RaftServerConfigKeys (ConfUtils.java:logGet(43)) - raft.server.snapshot.auto.trigger.threshold = 10000 (custom)
2019-11-15 02:17:46,840 [pool-47-thread-1] INFO  server.RaftServerConfigKeys (ConfUtils.java:logGet(43)) - raft.server.snapshot.retention.file.num = 5 (custom)
2019-11-15 02:17:46,841 [pool-47-thread-1] INFO  server.RaftServerConfigKeys (ConfUtils.java:logGet(43)) - raft.server.retrycache.expirytime = 600000ms (custom)
2019-11-15 02:17:46,841 [pool-47-thread-1] WARN  impl.MetricRegistriesImpl (MetricRegistriesImpl.java:lambda$create$1(61)) - First MetricRegistry has been created without registering reporters. You may need to call MetricRegistries.global().addReportRegistration(...) before.
2019-11-15 02:17:46,841 [pool-47-thread-1] WARN  impl.MetricRegistriesImpl (MetricRegistriesImpl.java:lambda$create$1(61)) - First MetricRegistry has been created without registering reporters. You may need to call MetricRegistries.global().addReportRegistration(...) before.
2019-11-15 02:17:46,841 [pool-47-thread-1] INFO  impl.RaftServerImpl (RaftServerImpl.java:start(184)) - b71ff034-751e-4244-b2a3-64b67b10595d@group-235EC3A89811: start as a follower, conf=-1: [b71ff034-751e-4244-b2a3-64b67b10595d:192.168.69.113:46256], old=null
2019-11-15 02:17:46,841 [pool-47-thread-1] INFO  impl.RaftServerImpl (RaftServerImpl.java:setRole(173)) - b71ff034-751e-4244-b2a3-64b67b10595d@group-235EC3A89811: changes role from      null to FOLLOWER at term 0 for startAsFollower
2019-11-15 02:17:46,841 [pool-47-thread-1] INFO  impl.RoleInfo (RoleInfo.java:updateAndGet(143)) - b71ff034-751e-4244-b2a3-64b67b10595d: start FollowerState
2019-11-15 02:17:46,842 [pool-47-thread-1] INFO  util.JmxRegister (JmxRegister.java:tryRegister(44)) - Successfully registered JMX Bean with object name Ratis:service=RaftServer,group=group-235EC3A89811,id=b71ff034-751e-4244-b2a3-64b67b10595d
2019-11-15 02:17:46,842 [pool-47-thread-1] WARN  impl.MetricRegistriesImpl (MetricRegistriesImpl.java:lambda$create$1(61)) - First MetricRegistry has been created without registering reporters. You may need to call MetricRegistries.global().addReportRegistration(...) before.
2019-11-15 02:17:46,848 [RatisPipelineUtilsThread] INFO  pipeline.PipelineStateManager (PipelineStateManager.java:addPipeline(55)) - Created pipeline Pipeline[ Id: f9ac7130-6bf3-47f0-9ea6-235ec3a89811, Nodes: b71ff034-751e-4244-b2a3-64b67b10595d{ip: 192.168.69.113, host: pr-hdds-2477-8qshl-3676723835, networkLocation: /default-rack, certSerialId: null}, Type:RATIS, Factor:ONE, State:ALLOCATED]
2019-11-15 02:17:47,502 [main] INFO  ozone.MiniOzoneClusterImpl (MiniOzoneClusterImpl.java:lambda$waitForClusterToBeReady$2(163)) - Waiting for 4 number of pipelines out of 4, to report a leader.
2019-11-15 02:17:48,503 [main] INFO  ozone.MiniOzoneClusterImpl (MiniOzoneClusterImpl.java:lambda$waitForClusterToBeReady$2(163)) - Waiting for 4 number of pipelines out of 4, to report a leader.
2019-11-15 02:17:49,504 [main] INFO  ozone.MiniOzoneClusterImpl (MiniOzoneClusterImpl.java:lambda$waitForClusterToBeReady$2(163)) - Waiting for 4 number of pipelines out of 4, to report a leader.
2019-11-15 02:17:50,504 [main] INFO  ozone.MiniOzoneClusterImpl (MiniOzoneClusterImpl.java:lambda$waitForClusterToBeReady$2(163)) - Waiting for 4 number of pipelines out of 4, to report a leader.
2019-11-15 02:17:51,495 [Thread-200] INFO  impl.FollowerState (FollowerState.java:run(111)) - fa884e0b-679d-4560-bd4e-65c026c5920b@group-81FD587BD63E-FollowerState: change to CANDIDATE, lastRpcTime:5007ms, electionTimeout:5007ms
2019-11-15 02:17:51,497 [Thread-200] INFO  impl.RoleInfo (RoleInfo.java:shutdownFollowerState(121)) - fa884e0b-679d-4560-bd4e-65c026c5920b: shutdown FollowerState
2019-11-15 02:17:51,497 [Thread-200] INFO  impl.RaftServerImpl (RaftServerImpl.java:setRole(173)) - fa884e0b-679d-4560-bd4e-65c026c5920b@group-81FD587BD63E: changes role from  FOLLOWER to CANDIDATE at term 0 for changeToCandidate
2019-11-15 02:17:51,502 [Thread-200] INFO  impl.RoleInfo (RoleInfo.java:updateAndGet(143)) - fa884e0b-679d-4560-bd4e-65c026c5920b: start LeaderElection
2019-11-15 02:17:51,505 [main] INFO  ozone.MiniOzoneClusterImpl (MiniOzoneClusterImpl.java:lambda$waitForClusterToBeReady$2(163)) - Waiting for 4 number of pipelines out of 4, to report a leader.
2019-11-15 02:17:51,527 [fa884e0b-679d-4560-bd4e-65c026c5920b@group-81FD587BD63E-LeaderElection1] INFO  impl.LeaderElection (LeaderElection.java:askForVotes(178)) - fa884e0b-679d-4560-bd4e-65c026c5920b@group-81FD587BD63E-LeaderElection1: begin an election at term 1 for -1: [fa884e0b-679d-4560-bd4e-65c026c5920b:192.168.69.113:42878], old=null
2019-11-15 02:17:51,529 [fa884e0b-679d-4560-bd4e-65c026c5920b@group-81FD587BD63E-LeaderElection1] INFO  impl.RoleInfo (RoleInfo.java:shutdownLeaderElection(134)) - fa884e0b-679d-4560-bd4e-65c026c5920b: shutdown LeaderElection
2019-11-15 02:17:51,530 [fa884e0b-679d-4560-bd4e-65c026c5920b@group-81FD587BD63E-LeaderElection1] INFO  impl.RaftServerImpl (RaftServerImpl.java:setRole(173)) - fa884e0b-679d-4560-bd4e-65c026c5920b@group-81FD587BD63E: changes role from CANDIDATE to LEADER at term 1 for changeToLeader
2019-11-15 02:17:51,531 [fa884e0b-679d-4560-bd4e-65c026c5920b@group-81FD587BD63E-LeaderElection1] INFO  ratis.XceiverServerRatis (XceiverServerRatis.java:handleLeaderChangedNotification(697)) - Leader change notification received for group: group-81FD587BD63E with new leaderId: fa884e0b-679d-4560-bd4e-65c026c5920b
2019-11-15 02:17:51,535 [fa884e0b-679d-4560-bd4e-65c026c5920b@group-81FD587BD63E-LeaderElection1] INFO  impl.RaftServerImpl (ServerState.java:setLeader(255)) - fa884e0b-679d-4560-bd4e-65c026c5920b@group-81FD587BD63E: change Leader from null to fa884e0b-679d-4560-bd4e-65c026c5920b at term 1 for becomeLeader, leader elected after 5049ms
2019-11-15 02:17:51,540 [fa884e0b-679d-4560-bd4e-65c026c5920b@group-81FD587BD63E-LeaderElection1] INFO  server.RaftServerConfigKeys (ConfUtils.java:logGet(43)) - raft.server.staging.catchup.gap = 1000 (default)
2019-11-15 02:17:51,541 [fa884e0b-679d-4560-bd4e-65c026c5920b@group-81FD587BD63E-LeaderElection1] INFO  server.RaftServerConfigKeys (ConfUtils.java:logGet(43)) - raft.server.rpc.sleep.time = 25ms (default)
2019-11-15 02:17:51,545 [fa884e0b-679d-4560-bd4e-65c026c5920b@group-81FD587BD63E-LeaderElection1] INFO  server.RaftServerConfigKeys (ConfUtils.java:logGet(43)) - raft.server.write.element-limit = 4096 (default)
2019-11-15 02:17:51,548 [fa884e0b-679d-4560-bd4e-65c026c5920b@group-81FD587BD63E-LeaderElection1] INFO  server.RaftServerConfigKeys (ConfUtils.java:logGet(43)) - raft.server.watch.timeout = 10s (default)
2019-11-15 02:17:51,548 [fa884e0b-679d-4560-bd4e-65c026c5920b@group-81FD587BD63E-LeaderElection1] INFO  server.RaftServerConfigKeys (ConfUtils.java:logGet(43)) - raft.server.watch.timeout.denomination = 1s (default)
2019-11-15 02:17:51,549 [fa884e0b-679d-4560-bd4e-65c026c5920b@group-81FD587BD63E-LeaderElection1] INFO  server.RaftServerConfigKeys (ConfUtils.java:logGet(43)) - raft.server.watch.element-limit = 65536 (default)
2019-11-15 02:17:51,558 [fa884e0b-679d-4560-bd4e-65c026c5920b@group-81FD587BD63E-LeaderElection1] INFO  impl.RoleInfo (RoleInfo.java:updateAndGet(143)) - fa884e0b-679d-4560-bd4e-65c026c5920b: start LeaderState
2019-11-15 02:17:51,558 [EventQueue-PipelineReportForPipelineReportHandler] INFO  pipeline.PipelineStateManager (PipelineStateManager.java:openPipeline(134)) - Pipeline Pipeline[ Id: 15ed76eb-1aa5-4cbb-acc7-81fd587bd63e, Nodes: fa884e0b-679d-4560-bd4e-65c026c5920b{ip: 192.168.69.113, host: pr-hdds-2477-8qshl-3676723835, networkLocation: /default-rack, certSerialId: null}, Type:RATIS, Factor:ONE, State:OPEN] moved to OPEN state
2019-11-15 02:17:51,577 [fa884e0b-679d-4560-bd4e-65c026c5920b@group-81FD587BD63E-LeaderElection1] INFO  segmented.SegmentedRaftLogWorker (SegmentedRaftLogWorker.java:startLogSegment(385)) - fa884e0b-679d-4560-bd4e-65c026c5920b@group-81FD587BD63E-SegmentedRaftLogWorker: Starting segment from index:0
2019-11-15 02:17:51,591 [fa884e0b-679d-4560-bd4e-65c026c5920b@group-81FD587BD63E-LeaderElection1] INFO  impl.RaftServerImpl (ServerState.java:setRaftConf(356)) - fa884e0b-679d-4560-bd4e-65c026c5920b@group-81FD587BD63E: set configuration 0: [fa884e0b-679d-4560-bd4e-65c026c5920b:192.168.69.113:42878], old=null at 0
2019-11-15 02:17:51,726 [Thread-204] INFO  impl.FollowerState (FollowerState.java:run(111)) - 6a3df7f3-90dc-4440-87a5-375a0f4c51e8@group-D9F9BDD1E96D-FollowerState: change to CANDIDATE, lastRpcTime:5127ms, electionTimeout:5127ms
2019-11-15 02:17:51,727 [Thread-204] INFO  impl.RoleInfo (RoleInfo.java:shutdownFollowerState(121)) - 6a3df7f3-90dc-4440-87a5-375a0f4c51e8: shutdown FollowerState
2019-11-15 02:17:51,727 [Thread-204] INFO  impl.RaftServerImpl (RaftServerImpl.java:setRole(173)) - 6a3df7f3-90dc-4440-87a5-375a0f4c51e8@group-D9F9BDD1E96D: changes role from  FOLLOWER to CANDIDATE at term 0 for changeToCandidate
2019-11-15 02:17:51,727 [Thread-204] INFO  impl.RoleInfo (RoleInfo.java:updateAndGet(143)) - 6a3df7f3-90dc-4440-87a5-375a0f4c51e8: start LeaderElection
2019-11-15 02:17:51,755 [fa884e0b-679d-4560-bd4e-65c026c5920b@group-81FD587BD63E-SegmentedRaftLogWorker] INFO  segmented.SegmentedRaftLogWorker (SegmentedRaftLogWorker.java:execute(576)) - fa884e0b-679d-4560-bd4e-65c026c5920b@group-81FD587BD63E-SegmentedRaftLogWorker: created new log segment /workdir/hadoop-ozone/tools/target/test-dir/MiniOzoneClusterImpl-1de3cd11-ff9a-425d-8a8b-b41796d542b5/datanode-0/data/ratis/15ed76eb-1aa5-4cbb-acc7-81fd587bd63e/current/log_inprogress_0
2019-11-15 02:17:51,755 [6a3df7f3-90dc-4440-87a5-375a0f4c51e8@group-D9F9BDD1E96D-LeaderElection2] INFO  impl.LeaderElection (LeaderElection.java:askForVotes(178)) - 6a3df7f3-90dc-4440-87a5-375a0f4c51e8@group-D9F9BDD1E96D-LeaderElection2: begin an election at term 1 for -1: [6a3df7f3-90dc-4440-87a5-375a0f4c51e8:192.168.69.113:39999], old=null
2019-11-15 02:17:51,758 [6a3df7f3-90dc-4440-87a5-375a0f4c51e8@group-D9F9BDD1E96D-LeaderElection2] INFO  impl.RoleInfo (RoleInfo.java:shutdownLeaderElection(134)) - 6a3df7f3-90dc-4440-87a5-375a0f4c51e8: shutdown LeaderElection
2019-11-15 02:17:51,758 [6a3df7f3-90dc-4440-87a5-375a0f4c51e8@group-D9F9BDD1E96D-LeaderElection2] INFO  impl.RaftServerImpl (RaftServerImpl.java:setRole(173)) - 6a3df7f3-90dc-4440-87a5-375a0f4c51e8@group-D9F9BDD1E96D: changes role from CANDIDATE to LEADER at term 1 for changeToLeader
2019-11-15 02:17:51,758 [6a3df7f3-90dc-4440-87a5-375a0f4c51e8@group-D9F9BDD1E96D-LeaderElection2] INFO  ratis.XceiverServerRatis (XceiverServerRatis.java:handleLeaderChangedNotification(697)) - Leader change notification received for group: group-D9F9BDD1E96D with new leaderId: 6a3df7f3-90dc-4440-87a5-375a0f4c51e8
2019-11-15 02:17:51,759 [6a3df7f3-90dc-4440-87a5-375a0f4c51e8@group-D9F9BDD1E96D-LeaderElection2] INFO  impl.RaftServerImpl (ServerState.java:setLeader(255)) - 6a3df7f3-90dc-4440-87a5-375a0f4c51e8@group-D9F9BDD1E96D: change Leader from null to 6a3df7f3-90dc-4440-87a5-375a0f4c51e8 at term 1 for becomeLeader, leader elected after 5165ms
2019-11-15 02:17:51,760 [6a3df7f3-90dc-4440-87a5-375a0f4c51e8@group-D9F9BDD1E96D-LeaderElection2] INFO  server.RaftServerConfigKeys (ConfUtils.java:logGet(43)) - raft.server.staging.catchup.gap = 1000 (default)
2019-11-15 02:17:51,760 [6a3df7f3-90dc-4440-87a5-375a0f4c51e8@group-D9F9BDD1E96D-LeaderElection2] INFO  server.RaftServerConfigKeys (ConfUtils.java:logGet(43)) - raft.server.rpc.sleep.time = 25ms (default)
2019-11-15 02:17:51,761 [6a3df7f3-90dc-4440-87a5-375a0f4c51e8@group-D9F9BDD1E96D-LeaderElection2] INFO  server.RaftServerConfigKeys (ConfUtils.java:logGet(43)) - raft.server.write.element-limit = 4096 (default)
2019-11-15 02:17:51,761 [6a3df7f3-90dc-4440-87a5-375a0f4c51e8@group-D9F9BDD1E96D-LeaderElection2] INFO  server.RaftServerConfigKeys (ConfUtils.java:logGet(43)) - raft.server.watch.timeout = 10s (default)
2019-11-15 02:17:51,761 [6a3df7f3-90dc-4440-87a5-375a0f4c51e8@group-D9F9BDD1E96D-LeaderElection2] INFO  server.RaftServerConfigKeys (ConfUtils.java:logGet(43)) - raft.server.watch.timeout.denomination = 1s (default)
2019-11-15 02:17:51,761 [6a3df7f3-90dc-4440-87a5-375a0f4c51e8@group-D9F9BDD1E96D-LeaderElection2] INFO  server.RaftServerConfigKeys (ConfUtils.java:logGet(43)) - raft.server.watch.element-limit = 65536 (default)
2019-11-15 02:17:51,762 [6a3df7f3-90dc-4440-87a5-375a0f4c51e8@group-D9F9BDD1E96D-LeaderElection2] INFO  impl.RoleInfo (RoleInfo.java:updateAndGet(143)) - 6a3df7f3-90dc-4440-87a5-375a0f4c51e8: start LeaderState
2019-11-15 02:17:51,762 [EventQueue-PipelineReportForPipelineReportHandler] INFO  pipeline.PipelineStateManager (PipelineStateManager.java:openPipeline(134)) - Pipeline Pipeline[ Id: c39c8c5b-86f7-4d74-a1ed-d9f9bdd1e96d, Nodes: 6a3df7f3-90dc-4440-87a5-375a0f4c51e8{ip: 192.168.69.113, host: pr-hdds-2477-8qshl-3676723835, networkLocation: /default-rack, certSerialId: null}, Type:RATIS, Factor:ONE, State:OPEN] moved to OPEN state
2019-11-15 02:17:51,762 [6a3df7f3-90dc-4440-87a5-375a0f4c51e8@group-D9F9BDD1E96D-LeaderElection2] INFO  segmented.SegmentedRaftLogWorker (SegmentedRaftLogWorker.java:startLogSegment(385)) - 6a3df7f3-90dc-4440-87a5-375a0f4c51e8@group-D9F9BDD1E96D-SegmentedRaftLogWorker: Starting segment from index:0
2019-11-15 02:17:51,763 [6a3df7f3-90dc-4440-87a5-375a0f4c51e8@group-D9F9BDD1E96D-LeaderElection2] INFO  impl.RaftServerImpl (ServerState.java:setRaftConf(356)) - 6a3df7f3-90dc-4440-87a5-375a0f4c51e8@group-D9F9BDD1E96D: set configuration 0: [6a3df7f3-90dc-4440-87a5-375a0f4c51e8:192.168.69.113:39999], old=null at 0
2019-11-15 02:17:51,813 [6a3df7f3-90dc-4440-87a5-375a0f4c51e8@group-D9F9BDD1E96D-SegmentedRaftLogWorker] INFO  segmented.SegmentedRaftLogWorker (SegmentedRaftLogWorker.java:execute(576)) - 6a3df7f3-90dc-4440-87a5-375a0f4c51e8@group-D9F9BDD1E96D-SegmentedRaftLogWorker: created new log segment /workdir/hadoop-ozone/tools/target/test-dir/MiniOzoneClusterImpl-1de3cd11-ff9a-425d-8a8b-b41796d542b5/datanode-1/data/ratis/c39c8c5b-86f7-4d74-a1ed-d9f9bdd1e96d/current/log_inprogress_0
2019-11-15 02:17:51,835 [Thread-210] INFO  impl.FollowerState (FollowerState.java:run(111)) - 6a3df7f3-90dc-4440-87a5-375a0f4c51e8@group-F8DBE72AEE52-FollowerState: change to CANDIDATE, lastRpcTime:5090ms, electionTimeout:5090ms
2019-11-15 02:17:51,836 [Thread-210] INFO  impl.RoleInfo (RoleInfo.java:shutdownFollowerState(121)) - 6a3df7f3-90dc-4440-87a5-375a0f4c51e8: shutdown FollowerState
2019-11-15 02:17:51,836 [Thread-210] INFO  impl.RaftServerImpl (RaftServerImpl.java:setRole(173)) - 6a3df7f3-90dc-4440-87a5-375a0f4c51e8@group-F8DBE72AEE52: changes role from  FOLLOWER to CANDIDATE at term 0 for changeToCandidate
2019-11-15 02:17:51,836 [Thread-210] INFO  impl.RoleInfo (RoleInfo.java:updateAndGet(143)) - 6a3df7f3-90dc-4440-87a5-375a0f4c51e8: start LeaderElection
2019-11-15 02:17:51,869 [6a3df7f3-90dc-4440-87a5-375a0f4c51e8@group-F8DBE72AEE52-LeaderElection3] INFO  impl.LeaderElection (LeaderElection.java:askForVotes(178)) - 6a3df7f3-90dc-4440-87a5-375a0f4c51e8@group-F8DBE72AEE52-LeaderElection3: begin an election at term 1 for -1: [fa884e0b-679d-4560-bd4e-65c026c5920b:192.168.69.113:42878, b71ff034-751e-4244-b2a3-64b67b10595d:192.168.69.113:46256, 6a3df7f3-90dc-4440-87a5-375a0f4c51e8:192.168.69.113:39999], old=null
2019-11-15 02:17:51,893 [grpc-default-executor-2] INFO  impl.RaftServerImpl (RaftServerImpl.java:setRole(173)) - b71ff034-751e-4244-b2a3-64b67b10595d@group-F8DBE72AEE52: changes role from  FOLLOWER to FOLLOWER at term 1 for recognizeCandidate:6a3df7f3-90dc-4440-87a5-375a0f4c51e8
2019-11-15 02:17:51,893 [grpc-default-executor-1] INFO  impl.RaftServerImpl (RaftServerImpl.java:setRole(173)) - fa884e0b-679d-4560-bd4e-65c026c5920b@group-F8DBE72AEE52: changes role from  FOLLOWER to FOLLOWER at term 1 for recognizeCandidate:6a3df7f3-90dc-4440-87a5-375a0f4c51e8
2019-11-15 02:17:51,893 [grpc-default-executor-2] INFO  impl.RoleInfo (RoleInfo.java:shutdownFollowerState(121)) - b71ff034-751e-4244-b2a3-64b67b10595d: shutdown FollowerState
2019-11-15 02:17:51,893 [grpc-default-executor-1] INFO  impl.RoleInfo (RoleInfo.java:shutdownFollowerState(121)) - fa884e0b-679d-4560-bd4e-65c026c5920b: shutdown FollowerState
2019-11-15 02:17:51,894 [grpc-default-executor-2] INFO  impl.RoleInfo (RoleInfo.java:updateAndGet(143)) - b71ff034-751e-4244-b2a3-64b67b10595d: start FollowerState
2019-11-15 02:17:51,894 [Thread-214] INFO  impl.FollowerState (FollowerState.java:run(120)) - b71ff034-751e-4244-b2a3-64b67b10595d@group-F8DBE72AEE52-FollowerState was interrupted: java.lang.InterruptedException: sleep interrupted
2019-11-15 02:17:51,894 [Thread-215] INFO  impl.FollowerState (FollowerState.java:run(120)) - fa884e0b-679d-4560-bd4e-65c026c5920b@group-F8DBE72AEE52-FollowerState was interrupted: java.lang.InterruptedException: sleep interrupted
2019-11-15 02:17:51,894 [grpc-default-executor-1] INFO  impl.RoleInfo (RoleInfo.java:updateAndGet(143)) - fa884e0b-679d-4560-bd4e-65c026c5920b: start FollowerState
2019-11-15 02:17:51,918 [Thread-220] INFO  impl.FollowerState (FollowerState.java:run(111)) - b71ff034-751e-4244-b2a3-64b67b10595d@group-235EC3A89811-FollowerState: change to CANDIDATE, lastRpcTime:5076ms, electionTimeout:5076ms
2019-11-15 02:17:51,918 [Thread-220] INFO  impl.RoleInfo (RoleInfo.java:shutdownFollowerState(121)) - b71ff034-751e-4244-b2a3-64b67b10595d: shutdown FollowerState
2019-11-15 02:17:51,918 [Thread-220] INFO  impl.RaftServerImpl (RaftServerImpl.java:setRole(173)) - b71ff034-751e-4244-b2a3-64b67b10595d@group-235EC3A89811: changes role from  FOLLOWER to CANDIDATE at term 0 for changeToCandidate
2019-11-15 02:17:51,918 [Thread-220] INFO  impl.RoleInfo (RoleInfo.java:updateAndGet(143)) - b71ff034-751e-4244-b2a3-64b67b10595d: start LeaderElection
2019-11-15 02:17:51,929 [6a3df7f3-90dc-4440-87a5-375a0f4c51e8@group-F8DBE72AEE52-LeaderElection3] INFO  impl.LeaderElection (LeaderElection.java:logAndReturn(56)) - 6a3df7f3-90dc-4440-87a5-375a0f4c51e8@group-F8DBE72AEE52-LeaderElection3: Election PASSED; received 1 response(s) [6a3df7f3-90dc-4440-87a5-375a0f4c51e8<-fa884e0b-679d-4560-bd4e-65c026c5920b#0:OK-t1] and 0 exception(s); 6a3df7f3-90dc-4440-87a5-375a0f4c51e8@group-F8DBE72AEE52:t1, leader=null, voted=6a3df7f3-90dc-4440-87a5-375a0f4c51e8, raftlog=6a3df7f3-90dc-4440-87a5-375a0f4c51e8@group-F8DBE72AEE52-SegmentedRaftLog:OPENED:c-1,f-1,i0, conf=-1: [fa884e0b-679d-4560-bd4e-65c026c5920b:192.168.69.113:42878, b71ff034-751e-4244-b2a3-64b67b10595d:192.168.69.113:46256, 6a3df7f3-90dc-4440-87a5-375a0f4c51e8:192.168.69.113:39999], old=null
2019-11-15 02:17:51,929 [6a3df7f3-90dc-4440-87a5-375a0f4c51e8@group-F8DBE72AEE52-LeaderElection3] INFO  impl.RoleInfo (RoleInfo.java:shutdownLeaderElection(134)) - 6a3df7f3-90dc-4440-87a5-375a0f4c51e8: shutdown LeaderElection
2019-11-15 02:17:51,929 [6a3df7f3-90dc-4440-87a5-375a0f4c51e8@group-F8DBE72AEE52-LeaderElection3] INFO  impl.RaftServerImpl (RaftServerImpl.java:setRole(173)) - 6a3df7f3-90dc-4440-87a5-375a0f4c51e8@group-F8DBE72AEE52: changes role from CANDIDATE to LEADER at term 1 for changeToLeader
2019-11-15 02:17:51,930 [6a3df7f3-90dc-4440-87a5-375a0f4c51e8@group-F8DBE72AEE52-LeaderElection3] INFO  ratis.XceiverServerRatis (XceiverServerRatis.java:handleLeaderChangedNotification(697)) - Leader change notification received for group: group-F8DBE72AEE52 with new leaderId: 6a3df7f3-90dc-4440-87a5-375a0f4c51e8
2019-11-15 02:17:51,930 [6a3df7f3-90dc-4440-87a5-375a0f4c51e8@group-F8DBE72AEE52-LeaderElection3] INFO  impl.RaftServerImpl (ServerState.java:setLeader(255)) - 6a3df7f3-90dc-4440-87a5-375a0f4c51e8@group-F8DBE72AEE52: change Leader from null to 6a3df7f3-90dc-4440-87a5-375a0f4c51e8 at term 1 for becomeLeader, leader elected after 5193ms
2019-11-15 02:17:51,931 [6a3df7f3-90dc-4440-87a5-375a0f4c51e8@group-F8DBE72AEE52-LeaderElection3] INFO  server.RaftServerConfigKeys (ConfUtils.java:logGet(43)) - raft.server.staging.catchup.gap = 1000 (default)
2019-11-15 02:17:51,931 [6a3df7f3-90dc-4440-87a5-375a0f4c51e8@group-F8DBE72AEE52-LeaderElection3] INFO  server.RaftServerConfigKeys (ConfUtils.java:logGet(43)) - raft.server.rpc.sleep.time = 25ms (default)
2019-11-15 02:17:51,932 [6a3df7f3-90dc-4440-87a5-375a0f4c51e8@group-F8DBE72AEE52-LeaderElection3] INFO  server.RaftServerConfigKeys (ConfUtils.java:logGet(43)) - raft.server.write.element-limit = 4096 (default)
2019-11-15 02:17:51,932 [6a3df7f3-90dc-4440-87a5-375a0f4c51e8@group-F8DBE72AEE52-LeaderElection3] INFO  server.RaftServerConfigKeys (ConfUtils.java:logGet(43)) - raft.server.watch.timeout = 10s (default)
2019-11-15 02:17:51,932 [6a3df7f3-90dc-4440-87a5-375a0f4c51e8@group-F8DBE72AEE52-LeaderElection3] INFO  server.RaftServerConfigKeys (ConfUtils.java:logGet(43)) - raft.server.watch.timeout.denomination = 1s (default)
2019-11-15 02:17:51,932 [6a3df7f3-90dc-4440-87a5-375a0f4c51e8@group-F8DBE72AEE52-LeaderElection3] INFO  server.RaftServerConfigKeys (ConfUtils.java:logGet(43)) - raft.server.watch.element-limit = 65536 (default)
2019-11-15 02:17:51,932 [EventQueue-PipelineReportForPipelineReportHandler] INFO  pipeline.PipelineStateManager (PipelineStateManager.java:openPipeline(134)) - Pipeline Pipeline[ Id: 3b9d9847-5cb9-481d-b3bf-f8dbe72aee52, Nodes: 6a3df7f3-90dc-4440-87a5-375a0f4c51e8{ip: 192.168.69.113, host: pr-hdds-2477-8qshl-3676723835, networkLocation: /default-rack, certSerialId: null}b71ff034-751e-4244-b2a3-64b67b10595d{ip: 192.168.69.113, host: pr-hdds-2477-8qshl-3676723835, networkLocation: /default-rack, certSerialId: null}fa884e0b-679d-4560-bd4e-65c026c5920b{ip: 192.168.69.113, host: pr-hdds-2477-8qshl-3676723835, networkLocation: /default-rack, certSerialId: null}, Type:RATIS, Factor:THREE, State:OPEN] moved to OPEN state
2019-11-15 02:17:51,936 [6a3df7f3-90dc-4440-87a5-375a0f4c51e8@group-F8DBE72AEE52-LeaderElection3] INFO  server.RaftServerConfigKeys (ConfUtils.java:logGet(43)) - raft.server.log.appender.snapshot.chunk.size.max = 16MB (=16777216) (default)
2019-11-15 02:17:51,936 [6a3df7f3-90dc-4440-87a5-375a0f4c51e8@group-F8DBE72AEE52-LeaderElection3] INFO  server.RaftServerConfigKeys (ConfUtils.java:logGet(43)) - raft.server.log.appender.buffer.byte-limit = 33554432 (custom)
2019-11-15 02:17:51,937 [6a3df7f3-90dc-4440-87a5-375a0f4c51e8@group-F8DBE72AEE52-LeaderElection3] INFO  server.RaftServerConfigKeys (ConfUtils.java:logGet(43)) - raft.server.log.appender.buffer.element-limit = 1 (custom)
2019-11-15 02:17:51,941 [6a3df7f3-90dc-4440-87a5-375a0f4c51e8@group-F8DBE72AEE52-LeaderElection3] INFO  grpc.GrpcConfigKeys$Server (ConfUtils.java:logGet(43)) - raft.grpc.server.leader.outstanding.appends.max = 128 (default)
2019-11-15 02:17:51,942 [6a3df7f3-90dc-4440-87a5-375a0f4c51e8@group-F8DBE72AEE52-LeaderElection3] INFO  server.RaftServerConfigKeys (ConfUtils.java:logGet(43)) - raft.server.rpc.request.timeout = 3000ms (default)
2019-11-15 02:17:51,942 [6a3df7f3-90dc-4440-87a5-375a0f4c51e8@group-F8DBE72AEE52-LeaderElection3] INFO  server.RaftServerConfigKeys (ConfUtils.java:logGet(43)) - raft.server.log.appender.install.snapshot.enabled = false (custom)
2019-11-15 02:17:51,943 [6a3df7f3-90dc-4440-87a5-375a0f4c51e8@group-F8DBE72AEE52-LeaderElection3] WARN  impl.MetricRegistriesImpl (MetricRegistriesImpl.java:lambda$create$1(61)) - First MetricRegistry has been created without registering reporters. You may need to call MetricRegistries.global().addReportRegistration(...) before.
2019-11-15 02:17:51,945 [6a3df7f3-90dc-4440-87a5-375a0f4c51e8@group-F8DBE72AEE52-LeaderElection3] INFO  server.RaftServerConfigKeys (ConfUtils.java:logGet(43)) - raft.server.log.appender.snapshot.chunk.size.max = 16MB (=16777216) (default)
2019-11-15 02:17:51,945 [6a3df7f3-90dc-4440-87a5-375a0f4c51e8@group-F8DBE72AEE52-LeaderElection3] INFO  server.RaftServerConfigKeys (ConfUtils.java:logGet(43)) - raft.server.log.appender.buffer.byte-limit = 33554432 (custom)
2019-11-15 02:17:51,945 [6a3df7f3-90dc-4440-87a5-375a0f4c51e8@group-F8DBE72AEE52-LeaderElection3] INFO  server.RaftServerConfigKeys (ConfUtils.java:logGet(43)) - raft.server.log.appender.buffer.element-limit = 1 (custom)
2019-11-15 02:17:51,945 [b71ff034-751e-4244-b2a3-64b67b10595d@group-235EC3A89811-LeaderElection4] INFO  impl.LeaderElection (LeaderElection.java:askForVotes(178)) - b71ff034-751e-4244-b2a3-64b67b10595d@group-235EC3A89811-LeaderElection4: begin an election at term 1 for -1: [b71ff034-751e-4244-b2a3-64b67b10595d:192.168.69.113:46256], old=null
2019-11-15 02:17:51,946 [6a3df7f3-90dc-4440-87a5-375a0f4c51e8@group-F8DBE72AEE52-LeaderElection3] INFO  grpc.GrpcConfigKeys$Server (ConfUtils.java:logGet(43)) - raft.grpc.server.leader.outstanding.appends.max = 128 (default)
2019-11-15 02:17:51,946 [b71ff034-751e-4244-b2a3-64b67b10595d@group-235EC3A89811-LeaderElection4] INFO  impl.RoleInfo (RoleInfo.java:shutdownLeaderElection(134)) - b71ff034-751e-4244-b2a3-64b67b10595d: shutdown LeaderElection
2019-11-15 02:17:51,946 [6a3df7f3-90dc-4440-87a5-375a0f4c51e8@group-F8DBE72AEE52-LeaderElection3] INFO  server.RaftServerConfigKeys (ConfUtils.java:logGet(43)) - raft.server.rpc.request.timeout = 3000ms (default)
2019-11-15 02:17:51,946 [b71ff034-751e-4244-b2a3-64b67b10595d@group-235EC3A89811-LeaderElection4] INFO  impl.RaftServerImpl (RaftServerImpl.java:setRole(173)) - b71ff034-751e-4244-b2a3-64b67b10595d@group-235EC3A89811: changes role from CANDIDATE to LEADER at term 1 for changeToLeader
2019-11-15 02:17:51,946 [6a3df7f3-90dc-4440-87a5-375a0f4c51e8@group-F8DBE72AEE52-LeaderElection3] INFO  server.RaftServerConfigKeys (ConfUtils.java:logGet(43)) - raft.server.log.appender.install.snapshot.enabled = false (custom)
2019-11-15 02:17:51,946 [b71ff034-751e-4244-b2a3-64b67b10595d@group-235EC3A89811-LeaderElection4] INFO  ratis.XceiverServerRatis (XceiverServerRatis.java:handleLeaderChangedNotification(697)) - Leader change notification received for group: group-235EC3A89811 with new leaderId: b71ff034-751e-4244-b2a3-64b67b10595d
2019-11-15 02:17:51,947 [b71ff034-751e-4244-b2a3-64b67b10595d@group-235EC3A89811-LeaderElection4] INFO  impl.RaftServerImpl (ServerState.java:setLeader(255)) - b71ff034-751e-4244-b2a3-64b67b10595d@group-235EC3A89811: change Leader from null to b71ff034-751e-4244-b2a3-64b67b10595d at term 1 for becomeLeader, leader elected after 5108ms
2019-11-15 02:17:51,947 [b71ff034-751e-4244-b2a3-64b67b10595d@group-235EC3A89811-LeaderElection4] INFO  server.RaftServerConfigKeys (ConfUtils.java:logGet(43)) - raft.server.staging.catchup.gap = 1000 (default)
2019-11-15 02:17:51,948 [b71ff034-751e-4244-b2a3-64b67b10595d@group-235EC3A89811-LeaderElection4] INFO  server.RaftServerConfigKeys (ConfUtils.java:logGet(43)) - raft.server.rpc.sleep.time = 25ms (default)
2019-11-15 02:17:51,948 [b71ff034-751e-4244-b2a3-64b67b10595d@group-235EC3A89811-LeaderElection4] INFO  server.RaftServerConfigKeys (ConfUtils.java:logGet(43)) - raft.server.write.element-limit = 4096 (default)
2019-11-15 02:17:51,949 [b71ff034-751e-4244-b2a3-64b67b10595d@group-235EC3A89811-LeaderElection4] INFO  server.RaftServerConfigKeys (ConfUtils.java:logGet(43)) - raft.server.watch.timeout = 10s (default)
2019-11-15 02:17:51,949 [b71ff034-751e-4244-b2a3-64b67b10595d@group-235EC3A89811-LeaderElection4] INFO  server.RaftServerConfigKeys (ConfUtils.java:logGet(43)) - raft.server.watch.timeout.denomination = 1s (default)
2019-11-15 02:17:51,949 [b71ff034-751e-4244-b2a3-64b67b10595d@group-235EC3A89811-LeaderElection4] INFO  server.RaftServerConfigKeys (ConfUtils.java:logGet(43)) - raft.server.watch.element-limit = 65536 (default)
2019-11-15 02:17:51,949 [b71ff034-751e-4244-b2a3-64b67b10595d@group-235EC3A89811-LeaderElection4] INFO  impl.RoleInfo (RoleInfo.java:updateAndGet(143)) - b71ff034-751e-4244-b2a3-64b67b10595d: start LeaderState
2019-11-15 02:17:51,949 [EventQueue-PipelineReportForPipelineReportHandler] INFO  pipeline.PipelineStateManager (PipelineStateManager.java:openPipeline(134)) - Pipeline Pipeline[ Id: f9ac7130-6bf3-47f0-9ea6-235ec3a89811, Nodes: b71ff034-751e-4244-b2a3-64b67b10595d{ip: 192.168.69.113, host: pr-hdds-2477-8qshl-3676723835, networkLocation: /default-rack, certSerialId: null}, Type:RATIS, Factor:ONE, State:OPEN] moved to OPEN state
2019-11-15 02:17:51,950 [b71ff034-751e-4244-b2a3-64b67b10595d@group-235EC3A89811-LeaderElection4] INFO  segmented.SegmentedRaftLogWorker (SegmentedRaftLogWorker.java:startLogSegment(385)) - b71ff034-751e-4244-b2a3-64b67b10595d@group-235EC3A89811-SegmentedRaftLogWorker: Starting segment from index:0
2019-11-15 02:17:51,950 [b71ff034-751e-4244-b2a3-64b67b10595d@group-235EC3A89811-LeaderElection4] INFO  impl.RaftServerImpl (ServerState.java:setRaftConf(356)) - b71ff034-751e-4244-b2a3-64b67b10595d@group-235EC3A89811: set configuration 0: [b71ff034-751e-4244-b2a3-64b67b10595d:192.168.69.113:46256], old=null at 0
2019-11-15 02:17:51,986 [6a3df7f3-90dc-4440-87a5-375a0f4c51e8@group-F8DBE72AEE52-LeaderElection3] INFO  impl.RoleInfo (RoleInfo.java:updateAndGet(143)) - 6a3df7f3-90dc-4440-87a5-375a0f4c51e8: start LeaderState
2019-11-15 02:17:51,987 [6a3df7f3-90dc-4440-87a5-375a0f4c51e8@group-F8DBE72AEE52-LeaderElection3] INFO  segmented.SegmentedRaftLogWorker (SegmentedRaftLogWorker.java:startLogSegment(385)) - 6a3df7f3-90dc-4440-87a5-375a0f4c51e8@group-F8DBE72AEE52-SegmentedRaftLogWorker: Starting segment from index:0
2019-11-15 02:17:51,988 [6a3df7f3-90dc-4440-87a5-375a0f4c51e8@group-F8DBE72AEE52-LeaderElection3] INFO  impl.RaftServerImpl (ServerState.java:setRaftConf(356)) - 6a3df7f3-90dc-4440-87a5-375a0f4c51e8@group-F8DBE72AEE52: set configuration 0: [fa884e0b-679d-4560-bd4e-65c026c5920b:192.168.69.113:42878, b71ff034-751e-4244-b2a3-64b67b10595d:192.168.69.113:46256, 6a3df7f3-90dc-4440-87a5-375a0f4c51e8:192.168.69.113:39999], old=null at 0
2019-11-15 02:17:52,025 [b71ff034-751e-4244-b2a3-64b67b10595d@group-235EC3A89811-SegmentedRaftLogWorker] INFO  segmented.SegmentedRaftLogWorker (SegmentedRaftLogWorker.java:execute(576)) - b71ff034-751e-4244-b2a3-64b67b10595d@group-235EC3A89811-SegmentedRaftLogWorker: created new log segment /workdir/hadoop-ozone/tools/target/test-dir/MiniOzoneClusterImpl-1de3cd11-ff9a-425d-8a8b-b41796d542b5/datanode-2/data/ratis/f9ac7130-6bf3-47f0-9ea6-235ec3a89811/current/log_inprogress_0
2019-11-15 02:17:52,053 [grpc-default-executor-1] INFO  ratis.XceiverServerRatis (XceiverServerRatis.java:handleLeaderChangedNotification(697)) - Leader change notification received for group: group-F8DBE72AEE52 with new leaderId: 6a3df7f3-90dc-4440-87a5-375a0f4c51e8
2019-11-15 02:17:52,053 [grpc-default-executor-2] INFO  ratis.XceiverServerRatis (XceiverServerRatis.java:handleLeaderChangedNotification(697)) - Leader change notification received for group: group-F8DBE72AEE52 with new leaderId: 6a3df7f3-90dc-4440-87a5-375a0f4c51e8
2019-11-15 02:17:52,053 [grpc-default-executor-1] INFO  impl.RaftServerImpl (ServerState.java:setLeader(255)) - b71ff034-751e-4244-b2a3-64b67b10595d@group-F8DBE72AEE52: change Leader from null to 6a3df7f3-90dc-4440-87a5-375a0f4c51e8 at term 1 for appendEntries, leader elected after 5316ms
2019-11-15 02:17:52,053 [grpc-default-executor-2] INFO  impl.RaftServerImpl (ServerState.java:setLeader(255)) - fa884e0b-679d-4560-bd4e-65c026c5920b@group-F8DBE72AEE52: change Leader from null to 6a3df7f3-90dc-4440-87a5-375a0f4c51e8 at term 1 for appendEntries, leader elected after 5315ms
2019-11-15 02:17:52,054 [6a3df7f3-90dc-4440-87a5-375a0f4c51e8@group-F8DBE72AEE52-SegmentedRaftLogWorker] INFO  segmented.SegmentedRaftLogWorker (SegmentedRaftLogWorker.java:execute(576)) - 6a3df7f3-90dc-4440-87a5-375a0f4c51e8@group-F8DBE72AEE52-SegmentedRaftLogWorker: created new log segment /workdir/hadoop-ozone/tools/target/test-dir/MiniOzoneClusterImpl-1de3cd11-ff9a-425d-8a8b-b41796d542b5/datanode-1/data/ratis/3b9d9847-5cb9-481d-b3bf-f8dbe72aee52/current/log_inprogress_0
2019-11-15 02:17:52,086 [grpc-default-executor-2] INFO  impl.RaftServerImpl (ServerState.java:setRaftConf(356)) - b71ff034-751e-4244-b2a3-64b67b10595d@group-F8DBE72AEE52: set configuration 0: [fa884e0b-679d-4560-bd4e-65c026c5920b:192.168.69.113:42878, b71ff034-751e-4244-b2a3-64b67b10595d:192.168.69.113:46256, 6a3df7f3-90dc-4440-87a5-375a0f4c51e8:192.168.69.113:39999], old=null at 0
2019-11-15 02:17:52,086 [grpc-default-executor-1] INFO  impl.RaftServerImpl (ServerState.java:setRaftConf(356)) - fa884e0b-679d-4560-bd4e-65c026c5920b@group-F8DBE72AEE52: set configuration 0: [fa884e0b-679d-4560-bd4e-65c026c5920b:192.168.69.113:42878, b71ff034-751e-4244-b2a3-64b67b10595d:192.168.69.113:46256, 6a3df7f3-90dc-4440-87a5-375a0f4c51e8:192.168.69.113:39999], old=null at 0
2019-11-15 02:17:52,086 [grpc-default-executor-2] INFO  segmented.SegmentedRaftLogWorker (SegmentedRaftLogWorker.java:startLogSegment(385)) - b71ff034-751e-4244-b2a3-64b67b10595d@group-F8DBE72AEE52-SegmentedRaftLogWorker: Starting segment from index:0
2019-11-15 02:17:52,086 [grpc-default-executor-1] INFO  segmented.SegmentedRaftLogWorker (SegmentedRaftLogWorker.java:startLogSegment(385)) - fa884e0b-679d-4560-bd4e-65c026c5920b@group-F8DBE72AEE52-SegmentedRaftLogWorker: Starting segment from index:0
2019-11-15 02:17:52,146 [fa884e0b-679d-4560-bd4e-65c026c5920b@group-F8DBE72AEE52-SegmentedRaftLogWorker] INFO  segmented.SegmentedRaftLogWorker (SegmentedRaftLogWorker.java:execute(576)) - fa884e0b-679d-4560-bd4e-65c026c5920b@group-F8DBE72AEE52-SegmentedRaftLogWorker: created new log segment /workdir/hadoop-ozone/tools/target/test-dir/MiniOzoneClusterImpl-1de3cd11-ff9a-425d-8a8b-b41796d542b5/datanode-0/data/ratis/3b9d9847-5cb9-481d-b3bf-f8dbe72aee52/current/log_inprogress_0
2019-11-15 02:17:52,146 [b71ff034-751e-4244-b2a3-64b67b10595d@group-F8DBE72AEE52-SegmentedRaftLogWorker] INFO  segmented.SegmentedRaftLogWorker (SegmentedRaftLogWorker.java:execute(576)) - b71ff034-751e-4244-b2a3-64b67b10595d@group-F8DBE72AEE52-SegmentedRaftLogWorker: created new log segment /workdir/hadoop-ozone/tools/target/test-dir/MiniOzoneClusterImpl-1de3cd11-ff9a-425d-8a8b-b41796d542b5/datanode-2/data/ratis/3b9d9847-5cb9-481d-b3bf-f8dbe72aee52/current/log_inprogress_0
2019-11-15 02:17:52,506 [main] INFO  ozone.MiniOzoneClusterImpl (MiniOzoneClusterImpl.java:lambda$waitForClusterToBeReady$2(171)) - Cluster is ready. Got 3 of 3 DN Heartbeats.
2019-11-15 02:17:53,445 [main] INFO  freon.RandomKeyGenerator (RandomKeyGenerator.java:call(283)) - Number of Threads: 10
2019-11-15 02:17:53,446 [main] INFO  freon.RandomKeyGenerator (RandomKeyGenerator.java:call(288)) - Number of Volumes: 1.
2019-11-15 02:17:53,446 [main] INFO  freon.RandomKeyGenerator (RandomKeyGenerator.java:call(289)) - Number of Buckets per Volume: 1.
2019-11-15 02:17:53,446 [main] INFO  freon.RandomKeyGenerator (RandomKeyGenerator.java:call(290)) - Number of Keys per Bucket: 1.
2019-11-15 02:17:53,447 [main] INFO  freon.RandomKeyGenerator (RandomKeyGenerator.java:call(291)) - Key size: 20971520 bytes
2019-11-15 02:17:53,447 [main] INFO  freon.RandomKeyGenerator (RandomKeyGenerator.java:call(292)) - Buffer size: 4096 bytes
2019-11-15 02:17:53,447 [main] INFO  freon.RandomKeyGenerator (RandomKeyGenerator.java:call(293)) - validateWrites : true
2019-11-15 02:17:53,451 [main] INFO  freon.RandomKeyGenerator (RandomKeyGenerator.java:call(307)) - Data validation is enabled.
2019-11-15 02:17:53,452 [main] INFO  freon.RandomKeyGenerator (RandomKeyGenerator.java:call(313)) - Starting progress bar Thread.

 0.00% |?                                                                                                    |  0/1 Time: 0:00:002019-11-15 02:17:53,486 [pool-53-thread-1] INFO  rpc.RpcClient (RpcClient.java:createVolume(292)) - Creating Volume: vol-0-83514, with jenkins1000 as owner.
2019-11-15 02:17:53,553 [IPC Server handler 5 on 33704] INFO  volume.OMVolumeCreateRequest (OMVolumeCreateRequest.java:validateAndUpdateCache(193)) - created volume:vol-0-83514 for user:jenkins1000
2019-11-15 02:17:53,616 [pool-53-thread-2] INFO  rpc.RpcClient (RpcClient.java:createBucket(431)) - Creating Bucket: vol-0-83514/bucket-0-89390, with Versioning false and Storage Type set to DISK and Encryption set to false 
2019-11-15 02:17:53,816 [pool-53-thread-3] INFO  impl.MetricsSystemImpl (MetricsSystemImpl.java:init(158)) - XceiverClientMetrics metrics system started (again)
 0.00% |?                                                                                                    |  0/1 Time: 0:00:01 0.00% |?                                                                                                    |  0/1 Time: 0:00:02 100.00% |?????????????????????????????????????????????????????????????????????????????????????????????????????|  1/1 Time: 0:00:03
2019-11-15 02:18:01,597 [main] INFO  pipeline.SCMPipelineManager (SCMPipelineManager.java:finalizeAndDestroyPipeline(315)) - destroying pipeline:Pipeline[ Id: 3b9d9847-5cb9-481d-b3bf-f8dbe72aee52, Nodes: 6a3df7f3-90dc-4440-87a5-375a0f4c51e8{ip: 192.168.69.113, host: pr-hdds-2477-8qshl-3676723835, networkLocation: /default-rack, certSerialId: null}b71ff034-751e-4244-b2a3-64b67b10595d{ip: 192.168.69.113, host: pr-hdds-2477-8qshl-3676723835, networkLocation: /default-rack, certSerialId: null}fa884e0b-679d-4560-bd4e-65c026c5920b{ip: 192.168.69.113, host: pr-hdds-2477-8qshl-3676723835, networkLocation: /default-rack, certSerialId: null}, Type:RATIS, Factor:THREE, State:OPEN]
2019-11-15 02:18:01,598 [main] INFO  pipeline.PipelineStateManager (PipelineStateManager.java:finalizePipeline(121)) - Pipeline Pipeline[ Id: 3b9d9847-5cb9-481d-b3bf-f8dbe72aee52, Nodes: 6a3df7f3-90dc-4440-87a5-375a0f4c51e8{ip: 192.168.69.113, host: pr-hdds-2477-8qshl-3676723835, networkLocation: /default-rack, certSerialId: null}b71ff034-751e-4244-b2a3-64b67b10595d{ip: 192.168.69.113, host: pr-hdds-2477-8qshl-3676723835, networkLocation: /default-rack, certSerialId: null}fa884e0b-679d-4560-bd4e-65c026c5920b{ip: 192.168.69.113, host: pr-hdds-2477-8qshl-3676723835, networkLocation: /default-rack, certSerialId: null}, Type:RATIS, Factor:THREE, State:CLOSED] moved to CLOSED state
2019-11-15 02:18:01,598 [EventQueue-CloseContainerForCloseContainerEventHandler] INFO  container.CloseContainerEventHandler (CloseContainerEventHandler.java:onMessage(61)) - Close container Event triggered for container : #1
2019-11-15 02:18:01,603 [EventQueue-CloseContainerForCloseContainerEventHandler] INFO  container.CloseContainerEventHandler (CloseContainerEventHandler.java:onMessage(61)) - Close container Event triggered for container : #2
2019-11-15 02:18:01,604 [EventQueue-CloseContainerForCloseContainerEventHandler] INFO  container.CloseContainerEventHandler (CloseContainerEventHandler.java:onMessage(61)) - Close container Event triggered for container : #3
2019-11-15 02:18:01,607 [grpc-default-executor-0] INFO  impl.RaftServerProxy (RaftServerProxy.java:remove(95)) - 6a3df7f3-90dc-4440-87a5-375a0f4c51e8: remove    LEADER 6a3df7f3-90dc-4440-87a5-375a0f4c51e8@group-F8DBE72AEE52:t1, leader=6a3df7f3-90dc-4440-87a5-375a0f4c51e8, voted=6a3df7f3-90dc-4440-87a5-375a0f4c51e8, raftlog=6a3df7f3-90dc-4440-87a5-375a0f4c51e8@group-F8DBE72AEE52-SegmentedRaftLog:OPENED:c77,f77,i77, conf=0: [fa884e0b-679d-4560-bd4e-65c026c5920b:192.168.69.113:42878, b71ff034-751e-4244-b2a3-64b67b10595d:192.168.69.113:46256, 6a3df7f3-90dc-4440-87a5-375a0f4c51e8:192.168.69.113:39999], old=null RUNNING
2019-11-15 02:18:01,608 [grpc-default-executor-0] INFO  impl.RaftServerImpl (RaftServerImpl.java:lambda$shutdown$3(250)) - 6a3df7f3-90dc-4440-87a5-375a0f4c51e8@group-F8DBE72AEE52: shutdown
2019-11-15 02:18:01,609 [grpc-default-executor-0] INFO  util.JmxRegister (JmxRegister.java:unregister(73)) - Successfully un-registered JMX Bean with object name Ratis:service=RaftServer,group=group-F8DBE72AEE52,id=6a3df7f3-90dc-4440-87a5-375a0f4c51e8
2019-11-15 02:18:01,609 [grpc-default-executor-0] INFO  impl.RoleInfo (RoleInfo.java:shutdownLeaderState(104)) - 6a3df7f3-90dc-4440-87a5-375a0f4c51e8: shutdown LeaderState
2019-11-15 02:18:01,611 [org.apache.ratis.server.impl.LogAppender$AppenderDaemon$$Lambda$418/1060814355@3376e54b] WARN  server.GrpcLogAppender (GrpcLogAppender.java:mayWait(151)) - 6a3df7f3-90dc-4440-87a5-375a0f4c51e8@group-F8DBE72AEE52->fa884e0b-679d-4560-bd4e-65c026c5920b-GrpcLogAppender: Wait interrupted by java.lang.InterruptedException
2019-11-15 02:18:01,611 [org.apache.ratis.server.impl.LogAppender$AppenderDaemon$$Lambda$418/1060814355@547bf7f0] WARN  server.GrpcLogAppender (GrpcLogAppender.java:mayWait(151)) - 6a3df7f3-90dc-4440-87a5-375a0f4c51e8@group-F8DBE72AEE52->b71ff034-751e-4244-b2a3-64b67b10595d-GrpcLogAppender: Wait interrupted by java.lang.InterruptedException
2019-11-15 02:18:01,612 [grpc-default-executor-0] INFO  impl.PendingRequests (PendingRequests.java:sendNotLeaderResponses(206)) - 6a3df7f3-90dc-4440-87a5-375a0f4c51e8@group-F8DBE72AEE52-PendingRequests: sendNotLeaderResponses
2019-11-15 02:18:01,615 [grpc-default-executor-3] INFO  server.GrpcServerProtocolService (GrpcServerProtocolService.java:onCompleted(113)) - fa884e0b-679d-4560-bd4e-65c026c5920b: Completed APPEND_ENTRIES, lastRequest: 6a3df7f3-90dc-4440-87a5-375a0f4c51e8->fa884e0b-679d-4560-bd4e-65c026c5920b#80-t1, previous=(t:1, i:77), leaderCommit=77, initializing? false, entries: <empty>
2019-11-15 02:18:01,615 [grpc-default-executor-2] INFO  server.GrpcServerProtocolService (GrpcServerProtocolService.java:onCompleted(113)) - b71ff034-751e-4244-b2a3-64b67b10595d: Completed APPEND_ENTRIES, lastRequest: 6a3df7f3-90dc-4440-87a5-375a0f4c51e8->b71ff034-751e-4244-b2a3-64b67b10595d#80-t1, previous=(t:1, i:77), leaderCommit=77, initializing? false, entries: <empty>
2019-11-15 02:18:01,616 [grpc-default-executor-0] INFO  impl.StateMachineUpdater (StateMachineUpdater.java:stopAndJoin(136)) - 6a3df7f3-90dc-4440-87a5-375a0f4c51e8@group-F8DBE72AEE52-StateMachineUpdater: set stopIndex = 77
2019-11-15 02:18:01,616 [6a3df7f3-90dc-4440-87a5-375a0f4c51e8@group-F8DBE72AEE52-StateMachineUpdater] INFO  ratis.ContainerStateMachine (ContainerStateMachine.java:takeSnapshot(285)) - group-F8DBE72AEE52: Taking a snapshot at:(t:1, i:75) file /workdir/hadoop-ozone/tools/target/test-dir/MiniOzoneClusterImpl-1de3cd11-ff9a-425d-8a8b-b41796d542b5/datanode-1/data/ratis/3b9d9847-5cb9-481d-b3bf-f8dbe72aee52/sm/snapshot.1_75
2019-11-15 02:18:01,617 [grpc-default-executor-2] INFO  server.GrpcLogAppender (GrpcLogAppender.java:onCompleted(308)) - 6a3df7f3-90dc-4440-87a5-375a0f4c51e8@group-F8DBE72AEE52->fa884e0b-679d-4560-bd4e-65c026c5920b-AppendLogResponseHandler: follower responses appendEntries COMPLETED
2019-11-15 02:18:01,618 [grpc-default-executor-1] INFO  server.GrpcLogAppender (GrpcLogAppender.java:onCompleted(308)) - 6a3df7f3-90dc-4440-87a5-375a0f4c51e8@group-F8DBE72AEE52->b71ff034-751e-4244-b2a3-64b67b10595d-AppendLogResponseHandler: follower responses appendEntries COMPLETED
2019-11-15 02:18:01,622 [grpc-default-executor-2] INFO  impl.FollowerInfo (FollowerInfo.java:lambda$new$0(51)) - 6a3df7f3-90dc-4440-87a5-375a0f4c51e8@group-F8DBE72AEE52->fa884e0b-679d-4560-bd4e-65c026c5920b: nextIndex: updateUnconditionally 78 -> 77
2019-11-15 02:18:01,622 [grpc-default-executor-1] INFO  impl.FollowerInfo (FollowerInfo.java:lambda$new$0(51)) - 6a3df7f3-90dc-4440-87a5-375a0f4c51e8@group-F8DBE72AEE52->b71ff034-751e-4244-b2a3-64b67b10595d: nextIndex: updateUnconditionally 78 -> 77
2019-11-15 02:18:01,655 [6a3df7f3-90dc-4440-87a5-375a0f4c51e8@group-F8DBE72AEE52-StateMachineUpdater] INFO  ratis.ContainerStateMachine (ContainerStateMachine.java:takeSnapshot(296)) - group-F8DBE72AEE52: Finished taking a snapshot at:(t:1, i:75) file:/workdir/hadoop-ozone/tools/target/test-dir/MiniOzoneClusterImpl-1de3cd11-ff9a-425d-8a8b-b41796d542b5/datanode-1/data/ratis/3b9d9847-5cb9-481d-b3bf-f8dbe72aee52/sm/snapshot.1_75 time:38
2019-11-15 02:18:01,657 [6a3df7f3-90dc-4440-87a5-375a0f4c51e8@group-F8DBE72AEE52-StateMachineUpdater] INFO  impl.StateMachineUpdater (StateMachineUpdater.java:takeSnapshot(269)) - 6a3df7f3-90dc-4440-87a5-375a0f4c51e8@group-F8DBE72AEE52-StateMachineUpdater: Took a snapshot at index 75
2019-11-15 02:18:01,657 [6a3df7f3-90dc-4440-87a5-375a0f4c51e8@group-F8DBE72AEE52-StateMachineUpdater] INFO  impl.StateMachineUpdater (StateMachineUpdater.java:lambda$new$0(84)) - 6a3df7f3-90dc-4440-87a5-375a0f4c51e8@group-F8DBE72AEE52-StateMachineUpdater: snapshotIndex: updateIncreasingly -1 -> 75
2019-11-15 02:18:01,663 [6a3df7f3-90dc-4440-87a5-375a0f4c51e8@group-F8DBE72AEE52-StateMachineUpdater] INFO  ratis.ContainerStateMachine (ContainerStateMachine.java:takeSnapshot(285)) - group-F8DBE72AEE52: Taking a snapshot at:(t:1, i:75) file /workdir/hadoop-ozone/tools/target/test-dir/MiniOzoneClusterImpl-1de3cd11-ff9a-425d-8a8b-b41796d542b5/datanode-1/data/ratis/3b9d9847-5cb9-481d-b3bf-f8dbe72aee52/sm/snapshot.1_75
2019-11-15 02:18:01,686 [6a3df7f3-90dc-4440-87a5-375a0f4c51e8@group-F8DBE72AEE52-StateMachineUpdater] INFO  ratis.ContainerStateMachine (ContainerStateMachine.java:takeSnapshot(296)) - group-F8DBE72AEE52: Finished taking a snapshot at:(t:1, i:75) file:/workdir/hadoop-ozone/tools/target/test-dir/MiniOzoneClusterImpl-1de3cd11-ff9a-425d-8a8b-b41796d542b5/datanode-1/data/ratis/3b9d9847-5cb9-481d-b3bf-f8dbe72aee52/sm/snapshot.1_75 time:22
2019-11-15 02:18:01,686 [6a3df7f3-90dc-4440-87a5-375a0f4c51e8@group-F8DBE72AEE52-StateMachineUpdater] INFO  impl.StateMachineUpdater (StateMachineUpdater.java:takeSnapshot(269)) - 6a3df7f3-90dc-4440-87a5-375a0f4c51e8@group-F8DBE72AEE52-StateMachineUpdater: Took a snapshot at index 75
2019-11-15 02:18:01,686 [6a3df7f3-90dc-4440-87a5-375a0f4c51e8@group-F8DBE72AEE52-StateMachineUpdater] INFO  impl.StateMachineUpdater (StateMachineUpdater.java:lambda$new$0(84)) - 6a3df7f3-90dc-4440-87a5-375a0f4c51e8@group-F8DBE72AEE52-StateMachineUpdater: snapshotIndex: updateIncreasingly 75 -> 75
2019-11-15 02:18:01,687 [grpc-default-executor-0] INFO  impl.RaftServerImpl (ServerState.java:close(387)) - 6a3df7f3-90dc-4440-87a5-375a0f4c51e8@group-F8DBE72AEE52: closes. applyIndex: 77
2019-11-15 02:18:01,687 [6a3df7f3-90dc-4440-87a5-375a0f4c51e8@group-F8DBE72AEE52-SegmentedRaftLogWorker] INFO  segmented.SegmentedRaftLogWorker (SegmentedRaftLogWorker.java:run(316)) - 6a3df7f3-90dc-4440-87a5-375a0f4c51e8@group-F8DBE72AEE52-SegmentedRaftLogWorker was interrupted, exiting. There are 0 tasks remaining in the queue.
2019-11-15 02:18:01,689 [grpc-default-executor-0] INFO  segmented.SegmentedRaftLogWorker (SegmentedRaftLogWorker.java:close(224)) - 6a3df7f3-90dc-4440-87a5-375a0f4c51e8@group-F8DBE72AEE52-SegmentedRaftLogWorker close()
2019-11-15 02:18:01,731 [grpc-default-executor-0] INFO  interfaces.Container (KeyValueContainer.java:flushAndSyncDB(400)) - Container 1 is synced with bcsId 60.
2019-11-15 02:18:01,731 [grpc-default-executor-0] INFO  interfaces.Container (KeyValueContainer.java:flushAndSyncDB(400)) - Container 1 is synced with bcsId 60.
2019-11-15 02:18:01,761 [EventQueue-IncrementalContainerReportForIncrementalContainerReportHandler] INFO  container.IncrementalContainerReportHandler (AbstractContainerReportHandler.java:updateContainerState(171)) - Moving container #1 to QUASI_CLOSED state, datanode 6a3df7f3-90dc-4440-87a5-375a0f4c51e8{ip: 192.168.69.113, host: pr-hdds-2477-8qshl-3676723835, networkLocation: /default-rack, certSerialId: null} reported QUASI_CLOSED replica.
2019-11-15 02:18:01,816 [grpc-default-executor-0] INFO  interfaces.Container (KeyValueContainer.java:flushAndSyncDB(400)) - Container 2 is synced with bcsId 75.
2019-11-15 02:18:01,817 [grpc-default-executor-0] INFO  interfaces.Container (KeyValueContainer.java:flushAndSyncDB(400)) - Container 2 is synced with bcsId 75.
2019-11-15 02:18:01,843 [EventQueue-IncrementalContainerReportForIncrementalContainerReportHandler] INFO  container.IncrementalContainerReportHandler (AbstractContainerReportHandler.java:updateContainerState(171)) - Moving container #2 to QUASI_CLOSED state, datanode 6a3df7f3-90dc-4440-87a5-375a0f4c51e8{ip: 192.168.69.113, host: pr-hdds-2477-8qshl-3676723835, networkLocation: /default-rack, certSerialId: null} reported QUASI_CLOSED replica.
2019-11-15 02:18:01,884 [grpc-default-executor-0] INFO  interfaces.Container (KeyValueContainer.java:flushAndSyncDB(400)) - Container 3 is synced with bcsId 42.
2019-11-15 02:18:01,884 [grpc-default-executor-0] INFO  interfaces.Container (KeyValueContainer.java:flushAndSyncDB(400)) - Container 3 is synced with bcsId 42.
2019-11-15 02:18:01,912 [EventQueue-IncrementalContainerReportForIncrementalContainerReportHandler] INFO  container.IncrementalContainerReportHandler (AbstractContainerReportHandler.java:updateContainerState(171)) - Moving container #3 to QUASI_CLOSED state, datanode 6a3df7f3-90dc-4440-87a5-375a0f4c51e8{ip: 192.168.69.113, host: pr-hdds-2477-8qshl-3676723835, networkLocation: /default-rack, certSerialId: null} reported QUASI_CLOSED replica.
2019-11-15 02:18:01,921 [grpc-default-executor-0] INFO  impl.RaftServerProxy (RaftServerProxy.java:remove(95)) - b71ff034-751e-4244-b2a3-64b67b10595d: remove  FOLLOWER b71ff034-751e-4244-b2a3-64b67b10595d@group-F8DBE72AEE52:t1, leader=6a3df7f3-90dc-4440-87a5-375a0f4c51e8, voted=6a3df7f3-90dc-4440-87a5-375a0f4c51e8, raftlog=b71ff034-751e-4244-b2a3-64b67b10595d@group-F8DBE72AEE52-SegmentedRaftLog:OPENED:c77,f77,i77, conf=0: [fa884e0b-679d-4560-bd4e-65c026c5920b:192.168.69.113:42878, b71ff034-751e-4244-b2a3-64b67b10595d:192.168.69.113:46256, 6a3df7f3-90dc-4440-87a5-375a0f4c51e8:192.168.69.113:39999], old=null RUNNING
2019-11-15 02:18:01,921 [grpc-default-executor-0] INFO  impl.RaftServerImpl (RaftServerImpl.java:lambda$shutdown$3(250)) - b71ff034-751e-4244-b2a3-64b67b10595d@group-F8DBE72AEE52: shutdown
2019-11-15 02:18:01,921 [grpc-default-executor-0] INFO  util.JmxRegister (JmxRegister.java:unregister(73)) - Successfully un-registered JMX Bean with object name Ratis:service=RaftServer,group=group-F8DBE72AEE52,id=b71ff034-751e-4244-b2a3-64b67b10595d
2019-11-15 02:18:01,922 [grpc-default-executor-0] INFO  impl.RoleInfo (RoleInfo.java:shutdownFollowerState(121)) - b71ff034-751e-4244-b2a3-64b67b10595d: shutdown FollowerState
2019-11-15 02:18:01,922 [grpc-default-executor-0] INFO  impl.StateMachineUpdater (StateMachineUpdater.java:stopAndJoin(136)) - b71ff034-751e-4244-b2a3-64b67b10595d@group-F8DBE72AEE52-StateMachineUpdater: set stopIndex = 77
2019-11-15 02:18:01,922 [b71ff034-751e-4244-b2a3-64b67b10595d@group-F8DBE72AEE52-StateMachineUpdater] INFO  ratis.ContainerStateMachine (ContainerStateMachine.java:takeSnapshot(285)) - group-F8DBE72AEE52: Taking a snapshot at:(t:1, i:75) file /workdir/hadoop-ozone/tools/target/test-dir/MiniOzoneClusterImpl-1de3cd11-ff9a-425d-8a8b-b41796d542b5/datanode-2/data/ratis/3b9d9847-5cb9-481d-b3bf-f8dbe72aee52/sm/snapshot.1_75
2019-11-15 02:18:01,922 [Thread-229] INFO  impl.FollowerState (FollowerState.java:run(120)) - b71ff034-751e-4244-b2a3-64b67b10595d@group-F8DBE72AEE52-FollowerState was interrupted: java.lang.InterruptedException: sleep interrupted
2019-11-15 02:18:01,952 [b71ff034-751e-4244-b2a3-64b67b10595d@group-F8DBE72AEE52-StateMachineUpdater] INFO  ratis.ContainerStateMachine (ContainerStateMachine.java:takeSnapshot(296)) - group-F8DBE72AEE52: Finished taking a snapshot at:(t:1, i:75) file:/workdir/hadoop-ozone/tools/target/test-dir/MiniOzoneClusterImpl-1de3cd11-ff9a-425d-8a8b-b41796d542b5/datanode-2/data/ratis/3b9d9847-5cb9-481d-b3bf-f8dbe72aee52/sm/snapshot.1_75 time:30
2019-11-15 02:18:01,952 [b71ff034-751e-4244-b2a3-64b67b10595d@group-F8DBE72AEE52-StateMachineUpdater] INFO  impl.StateMachineUpdater (StateMachineUpdater.java:takeSnapshot(269)) - b71ff034-751e-4244-b2a3-64b67b10595d@group-F8DBE72AEE52-StateMachineUpdater: Took a snapshot at index 75
2019-11-15 02:18:01,952 [b71ff034-751e-4244-b2a3-64b67b10595d@group-F8DBE72AEE52-StateMachineUpdater] INFO  impl.StateMachineUpdater (StateMachineUpdater.java:lambda$new$0(84)) - b71ff034-751e-4244-b2a3-64b67b10595d@group-F8DBE72AEE52-StateMachineUpdater: snapshotIndex: updateIncreasingly -1 -> 75
2019-11-15 02:18:01,952 [b71ff034-751e-4244-b2a3-64b67b10595d@group-F8DBE72AEE52-StateMachineUpdater] INFO  ratis.ContainerStateMachine (ContainerStateMachine.java:takeSnapshot(285)) - group-F8DBE72AEE52: Taking a snapshot at:(t:1, i:75) file /workdir/hadoop-ozone/tools/target/test-dir/MiniOzoneClusterImpl-1de3cd11-ff9a-425d-8a8b-b41796d542b5/datanode-2/data/ratis/3b9d9847-5cb9-481d-b3bf-f8dbe72aee52/sm/snapshot.1_75
2019-11-15 02:18:01,977 [b71ff034-751e-4244-b2a3-64b67b10595d@group-F8DBE72AEE52-StateMachineUpdater] INFO  ratis.ContainerStateMachine (ContainerStateMachine.java:takeSnapshot(296)) - group-F8DBE72AEE52: Finished taking a snapshot at:(t:1, i:75) file:/workdir/hadoop-ozone/tools/target/test-dir/MiniOzoneClusterImpl-1de3cd11-ff9a-425d-8a8b-b41796d542b5/datanode-2/data/ratis/3b9d9847-5cb9-481d-b3bf-f8dbe72aee52/sm/snapshot.1_75 time:24
2019-11-15 02:18:01,977 [b71ff034-751e-4244-b2a3-64b67b10595d@group-F8DBE72AEE52-StateMachineUpdater] INFO  impl.StateMachineUpdater (StateMachineUpdater.java:takeSnapshot(269)) - b71ff034-751e-4244-b2a3-64b67b10595d@group-F8DBE72AEE52-StateMachineUpdater: Took a snapshot at index 75
2019-11-15 02:18:01,977 [b71ff034-751e-4244-b2a3-64b67b10595d@group-F8DBE72AEE52-StateMachineUpdater] INFO  impl.StateMachineUpdater (StateMachineUpdater.java:lambda$new$0(84)) - b71ff034-751e-4244-b2a3-64b67b10595d@group-F8DBE72AEE52-StateMachineUpdater: snapshotIndex: updateIncreasingly 75 -> 75
2019-11-15 02:18:01,978 [grpc-default-executor-0] INFO  impl.RaftServerImpl (ServerState.java:close(387)) - b71ff034-751e-4244-b2a3-64b67b10595d@group-F8DBE72AEE52: closes. applyIndex: 77
2019-11-15 02:18:01,979 [b71ff034-751e-4244-b2a3-64b67b10595d@group-F8DBE72AEE52-SegmentedRaftLogWorker] INFO  segmented.SegmentedRaftLogWorker (SegmentedRaftLogWorker.java:run(316)) - b71ff034-751e-4244-b2a3-64b67b10595d@group-F8DBE72AEE52-SegmentedRaftLogWorker was interrupted, exiting. There are 0 tasks remaining in the queue.
2019-11-15 02:18:01,980 [grpc-default-executor-0] INFO  segmented.SegmentedRaftLogWorker (SegmentedRaftLogWorker.java:close(224)) - b71ff034-751e-4244-b2a3-64b67b10595d@group-F8DBE72AEE52-SegmentedRaftLogWorker close()
2019-11-15 02:18:02,028 [grpc-default-executor-0] INFO  interfaces.Container (KeyValueContainer.java:flushAndSyncDB(400)) - Container 1 is synced with bcsId 60.
2019-11-15 02:18:02,028 [grpc-default-executor-0] INFO  interfaces.Container (KeyValueContainer.java:flushAndSyncDB(400)) - Container 1 is synced with bcsId 60.
2019-11-15 02:18:02,096 [grpc-default-executor-0] INFO  interfaces.Container (KeyValueContainer.java:flushAndSyncDB(400)) - Container 2 is synced with bcsId 75.
2019-11-15 02:18:02,096 [grpc-default-executor-0] INFO  interfaces.Container (KeyValueContainer.java:flushAndSyncDB(400)) - Container 2 is synced with bcsId 75.
2019-11-15 02:18:02,163 [grpc-default-executor-0] INFO  interfaces.Container (KeyValueContainer.java:flushAndSyncDB(400)) - Container 3 is synced with bcsId 42.
2019-11-15 02:18:02,164 [grpc-default-executor-0] INFO  interfaces.Container (KeyValueContainer.java:flushAndSyncDB(400)) - Container 3 is synced with bcsId 42.
2019-11-15 02:18:02,203 [grpc-default-executor-0] INFO  impl.RaftServerProxy (RaftServerProxy.java:remove(95)) - fa884e0b-679d-4560-bd4e-65c026c5920b: remove  FOLLOWER fa884e0b-679d-4560-bd4e-65c026c5920b@group-F8DBE72AEE52:t1, leader=6a3df7f3-90dc-4440-87a5-375a0f4c51e8, voted=6a3df7f3-90dc-4440-87a5-375a0f4c51e8, raftlog=fa884e0b-679d-4560-bd4e-65c026c5920b@group-F8DBE72AEE52-SegmentedRaftLog:OPENED:c77,f77,i77, conf=0: [fa884e0b-679d-4560-bd4e-65c026c5920b:192.168.69.113:42878, b71ff034-751e-4244-b2a3-64b67b10595d:192.168.69.113:46256, 6a3df7f3-90dc-4440-87a5-375a0f4c51e8:192.168.69.113:39999], old=null RUNNING
2019-11-15 02:18:02,204 [grpc-default-executor-0] INFO  impl.RaftServerImpl (RaftServerImpl.java:lambda$shutdown$3(250)) - fa884e0b-679d-4560-bd4e-65c026c5920b@group-F8DBE72AEE52: shutdown
2019-11-15 02:18:02,204 [grpc-default-executor-0] INFO  util.JmxRegister (JmxRegister.java:unregister(73)) - Successfully un-registered JMX Bean with object name Ratis:service=RaftServer,group=group-F8DBE72AEE52,id=fa884e0b-679d-4560-bd4e-65c026c5920b
2019-11-15 02:18:02,204 [grpc-default-executor-0] INFO  impl.RoleInfo (RoleInfo.java:shutdownFollowerState(121)) - fa884e0b-679d-4560-bd4e-65c026c5920b: shutdown FollowerState
2019-11-15 02:18:02,205 [grpc-default-executor-0] INFO  impl.StateMachineUpdater (StateMachineUpdater.java:stopAndJoin(136)) - fa884e0b-679d-4560-bd4e-65c026c5920b@group-F8DBE72AEE52-StateMachineUpdater: set stopIndex = 77
2019-11-15 02:18:02,205 [Thread-230] INFO  impl.FollowerState (FollowerState.java:run(120)) - fa884e0b-679d-4560-bd4e-65c026c5920b@group-F8DBE72AEE52-FollowerState was interrupted: java.lang.InterruptedException: sleep interrupted
2019-11-15 02:18:02,205 [fa884e0b-679d-4560-bd4e-65c026c5920b@group-F8DBE72AEE52-StateMachineUpdater] INFO  ratis.ContainerStateMachine (ContainerStateMachine.java:takeSnapshot(285)) - group-F8DBE72AEE52: Taking a snapshot at:(t:1, i:75) file /workdir/hadoop-ozone/tools/target/test-dir/MiniOzoneClusterImpl-1de3cd11-ff9a-425d-8a8b-b41796d542b5/datanode-0/data/ratis/3b9d9847-5cb9-481d-b3bf-f8dbe72aee52/sm/snapshot.1_75
2019-11-15 02:18:02,231 [fa884e0b-679d-4560-bd4e-65c026c5920b@group-F8DBE72AEE52-StateMachineUpdater] INFO  ratis.ContainerStateMachine (ContainerStateMachine.java:takeSnapshot(296)) - group-F8DBE72AEE52: Finished taking a snapshot at:(t:1, i:75) file:/workdir/hadoop-ozone/tools/target/test-dir/MiniOzoneClusterImpl-1de3cd11-ff9a-425d-8a8b-b41796d542b5/datanode-0/data/ratis/3b9d9847-5cb9-481d-b3bf-f8dbe72aee52/sm/snapshot.1_75 time:26
2019-11-15 02:18:02,231 [fa884e0b-679d-4560-bd4e-65c026c5920b@group-F8DBE72AEE52-StateMachineUpdater] INFO  impl.StateMachineUpdater (StateMachineUpdater.java:takeSnapshot(269)) - fa884e0b-679d-4560-bd4e-65c026c5920b@group-F8DBE72AEE52-StateMachineUpdater: Took a snapshot at index 75
2019-11-15 02:18:02,232 [fa884e0b-679d-4560-bd4e-65c026c5920b@group-F8DBE72AEE52-StateMachineUpdater] INFO  impl.StateMachineUpdater (StateMachineUpdater.java:lambda$new$0(84)) - fa884e0b-679d-4560-bd4e-65c026c5920b@group-F8DBE72AEE52-StateMachineUpdater: snapshotIndex: updateIncreasingly -1 -> 75
2019-11-15 02:18:02,232 [fa884e0b-679d-4560-bd4e-65c026c5920b@group-F8DBE72AEE52-StateMachineUpdater] INFO  ratis.ContainerStateMachine (ContainerStateMachine.java:takeSnapshot(285)) - group-F8DBE72AEE52: Taking a snapshot at:(t:1, i:75) file /workdir/hadoop-ozone/tools/target/test-dir/MiniOzoneClusterImpl-1de3cd11-ff9a-425d-8a8b-b41796d542b5/datanode-0/data/ratis/3b9d9847-5cb9-481d-b3bf-f8dbe72aee52/sm/snapshot.1_75
2019-11-15 02:18:02,248 [fa884e0b-679d-4560-bd4e-65c026c5920b@group-F8DBE72AEE52-StateMachineUpdater] INFO  ratis.ContainerStateMachine (ContainerStateMachine.java:takeSnapshot(296)) - group-F8DBE72AEE52: Finished taking a snapshot at:(t:1, i:75) file:/workdir/hadoop-ozone/tools/target/test-dir/MiniOzoneClusterImpl-1de3cd11-ff9a-425d-8a8b-b41796d542b5/datanode-0/data/ratis/3b9d9847-5cb9-481d-b3bf-f8dbe72aee52/sm/snapshot.1_75 time:15
2019-11-15 02:18:02,248 [fa884e0b-679d-4560-bd4e-65c026c5920b@group-F8DBE72AEE52-StateMachineUpdater] INFO  impl.StateMachineUpdater (StateMachineUpdater.java:takeSnapshot(269)) - fa884e0b-679d-4560-bd4e-65c026c5920b@group-F8DBE72AEE52-StateMachineUpdater: Took a snapshot at index 75
2019-11-15 02:18:02,248 [fa884e0b-679d-4560-bd4e-65c026c5920b@group-F8DBE72AEE52-StateMachineUpdater] INFO  impl.StateMachineUpdater (StateMachineUpdater.java:lambda$new$0(84)) - fa884e0b-679d-4560-bd4e-65c026c5920b@group-F8DBE72AEE52-StateMachineUpdater: snapshotIndex: updateIncreasingly 75 -> 75
2019-11-15 02:18:02,249 [grpc-default-executor-0] INFO  impl.RaftServerImpl (ServerState.java:close(387)) - fa884e0b-679d-4560-bd4e-65c026c5920b@group-F8DBE72AEE52: closes. applyIndex: 77
2019-11-15 02:18:02,250 [fa884e0b-679d-4560-bd4e-65c026c5920b@group-F8DBE72AEE52-SegmentedRaftLogWorker] INFO  segmented.SegmentedRaftLogWorker (SegmentedRaftLogWorker.java:run(316)) - fa884e0b-679d-4560-bd4e-65c026c5920b@group-F8DBE72AEE52-SegmentedRaftLogWorker was interrupted, exiting. There are 0 tasks remaining in the queue.
2019-11-15 02:18:02,251 [grpc-default-executor-0] INFO  segmented.SegmentedRaftLogWorker (SegmentedRaftLogWorker.java:close(224)) - fa884e0b-679d-4560-bd4e-65c026c5920b@group-F8DBE72AEE52-SegmentedRaftLogWorker close()
2019-11-15 02:18:02,299 [grpc-default-executor-0] INFO  interfaces.Container (KeyValueContainer.java:flushAndSyncDB(400)) - Container 1 is synced with bcsId 60.
2019-11-15 02:18:02,299 [grpc-default-executor-0] INFO  interfaces.Container (KeyValueContainer.java:flushAndSyncDB(400)) - Container 1 is synced with bcsId 60.
2019-11-15 02:18:02,367 [grpc-default-executor-0] INFO  interfaces.Container (KeyValueContainer.java:flushAndSyncDB(400)) - Container 2 is synced with bcsId 75.
2019-11-15 02:18:02,367 [grpc-default-executor-0] INFO  interfaces.Container (KeyValueContainer.java:flushAndSyncDB(400)) - Container 2 is synced with bcsId 75.
2019-11-15 02:18:02,485 [grpc-default-executor-0] INFO  interfaces.Container (KeyValueContainer.java:flushAndSyncDB(400)) - Container 3 is synced with bcsId 42.
2019-11-15 02:18:02,485 [grpc-default-executor-0] INFO  interfaces.Container (KeyValueContainer.java:flushAndSyncDB(400)) - Container 3 is synced with bcsId 42.
2019-11-15 02:18:02,516 [main] INFO  pipeline.PipelineStateManager (PipelineStateManager.java:removePipeline(106)) - Pipeline Pipeline[ Id: 3b9d9847-5cb9-481d-b3bf-f8dbe72aee52, Nodes: 6a3df7f3-90dc-4440-87a5-375a0f4c51e8{ip: 192.168.69.113, host: pr-hdds-2477-8qshl-3676723835, networkLocation: /default-rack, certSerialId: null}b71ff034-751e-4244-b2a3-64b67b10595d{ip: 192.168.69.113, host: pr-hdds-2477-8qshl-3676723835, networkLocation: /default-rack, certSerialId: null}fa884e0b-679d-4560-bd4e-65c026c5920b{ip: 192.168.69.113, host: pr-hdds-2477-8qshl-3676723835, networkLocation: /default-rack, certSerialId: null}, Type:RATIS, Factor:THREE, State:CLOSED] removed from db
2019-11-15 02:18:02,530 [grpc-default-executor-0] INFO  impl.RaftServerProxy (RaftServerProxy.java:addNew(89)) - fa884e0b-679d-4560-bd4e-65c026c5920b: addNew group-08430AE9F134:[fa884e0b-679d-4560-bd4e-65c026c5920b:192.168.69.113:42878, b71ff034-751e-4244-b2a3-64b67b10595d:192.168.69.113:46256, 6a3df7f3-90dc-4440-87a5-375a0f4c51e8:192.168.69.113:39999] returns group-08430AE9F134:java.util.concurrent.CompletableFuture@609349ed[Not completed]
2019-11-15 02:18:02,531 [grpc-default-executor-1] INFO  impl.RaftServerProxy (RaftServerProxy.java:addNew(89)) - 6a3df7f3-90dc-4440-87a5-375a0f4c51e8: addNew group-08430AE9F134:[fa884e0b-679d-4560-bd4e-65c026c5920b:192.168.69.113:42878, b71ff034-751e-4244-b2a3-64b67b10595d:192.168.69.113:46256, 6a3df7f3-90dc-4440-87a5-375a0f4c51e8:192.168.69.113:39999] returns group-08430AE9F134:java.util.concurrent.CompletableFuture@20a29e1d[Not completed]
2019-11-15 02:18:02,535 [grpc-default-executor-2] INFO  impl.RaftServerProxy (RaftServerProxy.java:addNew(89)) - b71ff034-751e-4244-b2a3-64b67b10595d: addNew group-08430AE9F134:[fa884e0b-679d-4560-bd4e-65c026c5920b:192.168.69.113:42878, b71ff034-751e-4244-b2a3-64b67b10595d:192.168.69.113:46256, 6a3df7f3-90dc-4440-87a5-375a0f4c51e8:192.168.69.113:39999] returns group-08430AE9F134:java.util.concurrent.CompletableFuture@314b3cbd[Not completed]
2019-11-15 02:18:02,538 [pool-27-thread-1] INFO  impl.RaftServerImpl (RaftServerImpl.java:<init>(98)) - fa884e0b-679d-4560-bd4e-65c026c5920b: new RaftServerImpl for group-08430AE9F134:[fa884e0b-679d-4560-bd4e-65c026c5920b:192.168.69.113:42878, b71ff034-751e-4244-b2a3-64b67b10595d:192.168.69.113:46256, 6a3df7f3-90dc-4440-87a5-375a0f4c51e8:192.168.69.113:39999] with ContainerStateMachine:uninitialized
2019-11-15 02:18:02,538 [pool-27-thread-1] INFO  server.RaftServerConfigKeys (ConfUtils.java:logGet(43)) - raft.server.rpc.timeout.min = 5s (custom)
2019-11-15 02:18:02,538 [pool-27-thread-1] INFO  server.RaftServerConfigKeys (ConfUtils.java:logGet(43)) - raft.server.rpc.timeout.max = 5200ms (custom)
2019-11-15 02:18:02,538 [pool-27-thread-1] INFO  server.RaftServerConfigKeys (ConfUtils.java:logGet(43)) - raft.server.rpcslowness.timeout = 120s (custom)
2019-11-15 02:18:02,538 [pool-27-thread-1] INFO  server.RaftServerConfigKeys (ConfUtils.java:logGet(43)) - raft.server.sleep.deviation.threshold = 300 (default)
2019-11-15 02:18:02,538 [pool-27-thread-1] INFO  server.RaftServerConfigKeys (ConfUtils.java:logGet(43)) - raft.server.log.appender.install.snapshot.enabled = false (custom)
2019-11-15 02:18:02,538 [pool-27-thread-1] INFO  impl.RaftServerImpl (ServerState.java:<init>(103)) - fa884e0b-679d-4560-bd4e-65c026c5920b@group-08430AE9F134: ConfigurationManager, init=-1: [fa884e0b-679d-4560-bd4e-65c026c5920b:192.168.69.113:42878, b71ff034-751e-4244-b2a3-64b67b10595d:192.168.69.113:46256, 6a3df7f3-90dc-4440-87a5-375a0f4c51e8:192.168.69.113:39999], old=null, confs=<EMPTY_MAP>
2019-11-15 02:18:02,539 [pool-27-thread-1] INFO  server.RaftServerConfigKeys (ConfUtils.java:logGet(43)) - raft.server.storage.dir = [/workdir/hadoop-ozone/tools/target/test-dir/MiniOzoneClusterImpl-1de3cd11-ff9a-425d-8a8b-b41796d542b5/datanode-0/data/ratis] (custom)
2019-11-15 02:18:02,539 [pool-27-thread-1] INFO  server.RaftServerConfigKeys (ConfUtils.java:logGet(43)) - raft.server.log.corruption.policy = EXCEPTION (default)
2019-11-15 02:18:02,539 [pool-47-thread-1] INFO  impl.RaftServerImpl (RaftServerImpl.java:<init>(98)) - b71ff034-751e-4244-b2a3-64b67b10595d: new RaftServerImpl for group-08430AE9F134:[fa884e0b-679d-4560-bd4e-65c026c5920b:192.168.69.113:42878, b71ff034-751e-4244-b2a3-64b67b10595d:192.168.69.113:46256, 6a3df7f3-90dc-4440-87a5-375a0f4c51e8:192.168.69.113:39999] with ContainerStateMachine:uninitialized
2019-11-15 02:18:02,539 [pool-27-thread-1] INFO  storage.RaftStorageDirectory (RaftStorageDirectory.java:analyzeStorage(246)) - The storage directory /workdir/hadoop-ozone/tools/target/test-dir/MiniOzoneClusterImpl-1de3cd11-ff9a-425d-8a8b-b41796d542b5/datanode-0/data/ratis/dffb177f-d159-4adb-b6ea-08430ae9f134 does not exist. Creating ...
2019-11-15 02:18:02,539 [pool-47-thread-1] INFO  server.RaftServerConfigKeys (ConfUtils.java:logGet(43)) - raft.server.rpc.timeout.min = 5s (custom)
2019-11-15 02:18:02,540 [pool-47-thread-1] INFO  server.RaftServerConfigKeys (ConfUtils.java:logGet(43)) - raft.server.rpc.timeout.max = 5200ms (custom)
2019-11-15 02:18:02,540 [pool-47-thread-1] INFO  server.RaftServerConfigKeys (ConfUtils.java:logGet(43)) - raft.server.rpcslowness.timeout = 120s (custom)
2019-11-15 02:18:02,540 [pool-47-thread-1] INFO  server.RaftServerConfigKeys (ConfUtils.java:logGet(43)) - raft.server.sleep.deviation.threshold = 300 (default)
2019-11-15 02:18:02,540 [pool-47-thread-1] INFO  server.RaftServerConfigKeys (ConfUtils.java:logGet(43)) - raft.server.log.appender.install.snapshot.enabled = false (custom)
2019-11-15 02:18:02,540 [pool-47-thread-1] INFO  impl.RaftServerImpl (ServerState.java:<init>(103)) - b71ff034-751e-4244-b2a3-64b67b10595d@group-08430AE9F134: ConfigurationManager, init=-1: [fa884e0b-679d-4560-bd4e-65c026c5920b:192.168.69.113:42878, b71ff034-751e-4244-b2a3-64b67b10595d:192.168.69.113:46256, 6a3df7f3-90dc-4440-87a5-375a0f4c51e8:192.168.69.113:39999], old=null, confs=<EMPTY_MAP>
2019-11-15 02:18:02,541 [pool-47-thread-1] INFO  server.RaftServerConfigKeys (ConfUtils.java:logGet(43)) - raft.server.storage.dir = [/workdir/hadoop-ozone/tools/target/test-dir/MiniOzoneClusterImpl-1de3cd11-ff9a-425d-8a8b-b41796d542b5/datanode-2/data/ratis] (custom)
2019-11-15 02:18:02,541 [pool-37-thread-1] INFO  impl.RaftServerImpl (RaftServerImpl.java:<init>(98)) - 6a3df7f3-90dc-4440-87a5-375a0f4c51e8: new RaftServerImpl for group-08430AE9F134:[fa884e0b-679d-4560-bd4e-65c026c5920b:192.168.69.113:42878, b71ff034-751e-4244-b2a3-64b67b10595d:192.168.69.113:46256, 6a3df7f3-90dc-4440-87a5-375a0f4c51e8:192.168.69.113:39999] with ContainerStateMachine:uninitialized
2019-11-15 02:18:02,541 [pool-47-thread-1] INFO  server.RaftServerConfigKeys (ConfUtils.java:logGet(43)) - raft.server.log.corruption.policy = EXCEPTION (default)
2019-11-15 02:18:02,541 [pool-37-thread-1] INFO  server.RaftServerConfigKeys (ConfUtils.java:logGet(43)) - raft.server.rpc.timeout.min = 5s (custom)
2019-11-15 02:18:02,541 [pool-47-thread-1] INFO  storage.RaftStorageDirectory (RaftStorageDirectory.java:analyzeStorage(246)) - The storage directory /workdir/hadoop-ozone/tools/target/test-dir/MiniOzoneClusterImpl-1de3cd11-ff9a-425d-8a8b-b41796d542b5/datanode-2/data/ratis/dffb177f-d159-4adb-b6ea-08430ae9f134 does not exist. Creating ...
2019-11-15 02:18:02,542 [pool-37-thread-1] INFO  server.RaftServerConfigKeys (ConfUtils.java:logGet(43)) - raft.server.rpc.timeout.max = 5200ms (custom)
2019-11-15 02:18:02,542 [pool-37-thread-1] INFO  server.RaftServerConfigKeys (ConfUtils.java:logGet(43)) - raft.server.rpcslowness.timeout = 120s (custom)
2019-11-15 02:18:02,542 [pool-37-thread-1] INFO  server.RaftServerConfigKeys (ConfUtils.java:logGet(43)) - raft.server.sleep.deviation.threshold = 300 (default)
2019-11-15 02:18:02,542 [pool-37-thread-1] INFO  server.RaftServerConfigKeys (ConfUtils.java:logGet(43)) - raft.server.log.appender.install.snapshot.enabled = false (custom)
2019-11-15 02:18:02,542 [pool-37-thread-1] INFO  impl.RaftServerImpl (ServerState.java:<init>(103)) - 6a3df7f3-90dc-4440-87a5-375a0f4c51e8@group-08430AE9F134: ConfigurationManager, init=-1: [fa884e0b-679d-4560-bd4e-65c026c5920b:192.168.69.113:42878, b71ff034-751e-4244-b2a3-64b67b10595d:192.168.69.113:46256, 6a3df7f3-90dc-4440-87a5-375a0f4c51e8:192.168.69.113:39999], old=null, confs=<EMPTY_MAP>
2019-11-15 02:18:02,543 [pool-37-thread-1] INFO  server.RaftServerConfigKeys (ConfUtils.java:logGet(43)) - raft.server.storage.dir = [/workdir/hadoop-ozone/tools/target/test-dir/MiniOzoneClusterImpl-1de3cd11-ff9a-425d-8a8b-b41796d542b5/datanode-1/data/ratis] (custom)
2019-11-15 02:18:02,543 [pool-37-thread-1] INFO  server.RaftServerConfigKeys (ConfUtils.java:logGet(43)) - raft.server.log.corruption.policy = EXCEPTION (default)
2019-11-15 02:18:02,543 [pool-37-thread-1] INFO  storage.RaftStorageDirectory (RaftStorageDirectory.java:analyzeStorage(246)) - The storage directory /workdir/hadoop-ozone/tools/target/test-dir/MiniOzoneClusterImpl-1de3cd11-ff9a-425d-8a8b-b41796d542b5/datanode-1/data/ratis/dffb177f-d159-4adb-b6ea-08430ae9f134 does not exist. Creating ...
2019-11-15 02:18:02,569 [pool-47-thread-1] INFO  storage.RaftStorageDirectory (RaftStorageDirectory.java:tryLock(328)) - Lock on /workdir/hadoop-ozone/tools/target/test-dir/MiniOzoneClusterImpl-1de3cd11-ff9a-425d-8a8b-b41796d542b5/datanode-2/data/ratis/dffb177f-d159-4adb-b6ea-08430ae9f134/in_use.lock acquired by nodename 2672@pr-hdds-2477-8qshl-3676723835
2019-11-15 02:18:02,569 [pool-27-thread-1] INFO  storage.RaftStorageDirectory (RaftStorageDirectory.java:tryLock(328)) - Lock on /workdir/hadoop-ozone/tools/target/test-dir/MiniOzoneClusterImpl-1de3cd11-ff9a-425d-8a8b-b41796d542b5/datanode-0/data/ratis/dffb177f-d159-4adb-b6ea-08430ae9f134/in_use.lock acquired by nodename 2672@pr-hdds-2477-8qshl-3676723835
2019-11-15 02:18:02,569 [pool-37-thread-1] INFO  storage.RaftStorageDirectory (RaftStorageDirectory.java:tryLock(328)) - Lock on /workdir/hadoop-ozone/tools/target/test-dir/MiniOzoneClusterImpl-1de3cd11-ff9a-425d-8a8b-b41796d542b5/datanode-1/data/ratis/dffb177f-d159-4adb-b6ea-08430ae9f134/in_use.lock acquired by nodename 2672@pr-hdds-2477-8qshl-3676723835
2019-11-15 02:18:02,595 [pool-47-thread-1] INFO  storage.RaftStorage (RaftStorage.java:format(84)) - Storage directory /workdir/hadoop-ozone/tools/target/test-dir/MiniOzoneClusterImpl-1de3cd11-ff9a-425d-8a8b-b41796d542b5/datanode-2/data/ratis/dffb177f-d159-4adb-b6ea-08430ae9f134 has been successfully formatted.
2019-11-15 02:18:02,595 [pool-37-thread-1] INFO  storage.RaftStorage (RaftStorage.java:format(84)) - Storage directory /workdir/hadoop-ozone/tools/target/test-dir/MiniOzoneClusterImpl-1de3cd11-ff9a-425d-8a8b-b41796d542b5/datanode-1/data/ratis/dffb177f-d159-4adb-b6ea-08430ae9f134 has been successfully formatted.
2019-11-15 02:18:02,595 [pool-47-thread-1] INFO  ratis.ContainerStateMachine (ContainerStateMachine.java:loadSnapshot(223)) - group-08430AE9F134: The snapshot info is null. Setting the last applied indexto:(t:0, i:~)
2019-11-15 02:18:02,595 [pool-27-thread-1] INFO  storage.RaftStorage (RaftStorage.java:format(84)) - Storage directory /workdir/hadoop-ozone/tools/target/test-dir/MiniOzoneClusterImpl-1de3cd11-ff9a-425d-8a8b-b41796d542b5/datanode-0/data/ratis/dffb177f-d159-4adb-b6ea-08430ae9f134 has been successfully formatted.
2019-11-15 02:18:02,595 [pool-37-thread-1] INFO  ratis.ContainerStateMachine (ContainerStateMachine.java:loadSnapshot(223)) - group-08430AE9F134: The snapshot info is null. Setting the last applied indexto:(t:0, i:~)
2019-11-15 02:18:02,595 [pool-47-thread-1] INFO  server.RaftServerConfigKeys (ConfUtils.java:logGet(43)) - raft.server.notification.no-leader.timeout = 120s (custom)
2019-11-15 02:18:02,596 [pool-37-thread-1] INFO  server.RaftServerConfigKeys (ConfUtils.java:logGet(43)) - raft.server.notification.no-leader.timeout = 120s (custom)
2019-11-15 02:18:02,596 [pool-27-thread-1] INFO  ratis.ContainerStateMachine (ContainerStateMachine.java:loadSnapshot(223)) - group-08430AE9F134: The snapshot info is null. Setting the last applied indexto:(t:0, i:~)
2019-11-15 02:18:02,596 [pool-37-thread-1] INFO  server.RaftServerConfigKeys (ConfUtils.java:logGet(43)) - raft.server.log.use.memory = false (default)
2019-11-15 02:18:02,596 [pool-47-thread-1] INFO  server.RaftServerConfigKeys (ConfUtils.java:logGet(43)) - raft.server.log.use.memory = false (default)
2019-11-15 02:18:02,596 [pool-37-thread-1] INFO  server.RaftServerConfigKeys (ConfUtils.java:logGet(43)) - raft.server.log.purge.gap = 1000000 (custom)
2019-11-15 02:18:02,596 [pool-27-thread-1] INFO  server.RaftServerConfigKeys (ConfUtils.java:logGet(43)) - raft.server.notification.no-leader.timeout = 120s (custom)
2019-11-15 02:18:02,597 [pool-37-thread-1] INFO  server.RaftServerConfigKeys (ConfUtils.java:logGet(43)) - raft.server.log.appender.buffer.byte-limit = 33554432 (custom)
2019-11-15 02:18:02,597 [pool-47-thread-1] INFO  server.RaftServerConfigKeys (ConfUtils.java:logGet(43)) - raft.server.log.purge.gap = 1000000 (custom)
2019-11-15 02:18:02,597 [pool-37-thread-1] INFO  server.RaftServerConfigKeys (ConfUtils.java:logGet(43)) - raft.server.log.segment.size.max = 1048576 (custom)
2019-11-15 02:18:02,597 [pool-27-thread-1] INFO  server.RaftServerConfigKeys (ConfUtils.java:logGet(43)) - raft.server.log.use.memory = false (default)
2019-11-15 02:18:02,597 [pool-37-thread-1] INFO  server.RaftServerConfigKeys (ConfUtils.java:logGet(43)) - raft.server.log.segment.cache.num.max = 2 (custom)
2019-11-15 02:18:02,597 [pool-47-thread-1] INFO  server.RaftServerConfigKeys (ConfUtils.java:logGet(43)) - raft.server.log.appender.buffer.byte-limit = 33554432 (custom)
2019-11-15 02:18:02,598 [pool-37-thread-1] INFO  segmented.SegmentedRaftLogWorker (SegmentedRaftLogWorker.java:<init>(173)) - new 6a3df7f3-90dc-4440-87a5-375a0f4c51e8@group-08430AE9F134-SegmentedRaftLogWorker for RaftStorage:Storage Directory /workdir/hadoop-ozone/tools/target/test-dir/MiniOzoneClusterImpl-1de3cd11-ff9a-425d-8a8b-b41796d542b5/datanode-1/data/ratis/dffb177f-d159-4adb-b6ea-08430ae9f134
2019-11-15 02:18:02,598 [pool-27-thread-1] INFO  server.RaftServerConfigKeys (ConfUtils.java:logGet(43)) - raft.server.log.purge.gap = 1000000 (custom)
2019-11-15 02:18:02,598 [pool-37-thread-1] INFO  server.RaftServerConfigKeys (ConfUtils.java:logGet(43)) - raft.server.log.queue.byte-limit = 2147483647 (custom)
2019-11-15 02:18:02,598 [pool-47-thread-1] INFO  server.RaftServerConfigKeys (ConfUtils.java:logGet(43)) - raft.server.log.segment.size.max = 1048576 (custom)
2019-11-15 02:18:02,598 [pool-37-thread-1] INFO  server.RaftServerConfigKeys (ConfUtils.java:logGet(43)) - raft.server.log.queue.element-limit = 1024 (custom)
2019-11-15 02:18:02,598 [pool-27-thread-1] INFO  server.RaftServerConfigKeys (ConfUtils.java:logGet(43)) - raft.server.log.appender.buffer.byte-limit = 33554432 (custom)
2019-11-15 02:18:02,599 [pool-37-thread-1] INFO  server.RaftServerConfigKeys (ConfUtils.java:logGet(43)) - raft.server.log.segment.size.max = 1048576 (custom)
2019-11-15 02:18:02,599 [pool-47-thread-1] INFO  server.RaftServerConfigKeys (ConfUtils.java:logGet(43)) - raft.server.log.segment.cache.num.max = 2 (custom)
2019-11-15 02:18:02,599 [pool-37-thread-1] INFO  server.RaftServerConfigKeys (ConfUtils.java:logGet(43)) - raft.server.log.preallocated.size = 16384 (custom)
2019-11-15 02:18:02,599 [pool-27-thread-1] INFO  server.RaftServerConfigKeys (ConfUtils.java:logGet(43)) - raft.server.log.segment.size.max = 1048576 (custom)
2019-11-15 02:18:02,599 [pool-37-thread-1] INFO  server.RaftServerConfigKeys (ConfUtils.java:logGet(43)) - raft.server.log.write.buffer.size = 33554432 (custom)
2019-11-15 02:18:02,599 [pool-47-thread-1] INFO  segmented.SegmentedRaftLogWorker (SegmentedRaftLogWorker.java:<init>(173)) - new b71ff034-751e-4244-b2a3-64b67b10595d@group-08430AE9F134-SegmentedRaftLogWorker for RaftStorage:Storage Directory /workdir/hadoop-ozone/tools/target/test-dir/MiniOzoneClusterImpl-1de3cd11-ff9a-425d-8a8b-b41796d542b5/datanode-2/data/ratis/dffb177f-d159-4adb-b6ea-08430ae9f134
2019-11-15 02:18:02,600 [pool-37-thread-1] INFO  server.RaftServerConfigKeys (ConfUtils.java:logGet(43)) - raft.server.log.force.sync.num = 128 (default)
2019-11-15 02:18:02,599 [pool-27-thread-1] INFO  server.RaftServerConfigKeys (ConfUtils.java:logGet(43)) - raft.server.log.segment.cache.num.max = 2 (custom)
2019-11-15 02:18:02,600 [pool-37-thread-1] INFO  server.RaftServerConfigKeys (ConfUtils.java:logGet(43)) - raft.server.log.statemachine.data.sync = true (default)
2019-11-15 02:18:02,600 [pool-47-thread-1] INFO  server.RaftServerConfigKeys (ConfUtils.java:logGet(43)) - raft.server.log.queue.byte-limit = 2147483647 (custom)
2019-11-15 02:18:02,600 [pool-37-thread-1] INFO  server.RaftServerConfigKeys (ConfUtils.java:logGet(43)) - raft.server.log.statemachine.data.sync.timeout = 10s (default)
2019-11-15 02:18:02,600 [pool-27-thread-1] INFO  segmented.SegmentedRaftLogWorker (SegmentedRaftLogWorker.java:<init>(173)) - new fa884e0b-679d-4560-bd4e-65c026c5920b@group-08430AE9F134-SegmentedRaftLogWorker for RaftStorage:Storage Directory /workdir/hadoop-ozone/tools/target/test-dir/MiniOzoneClusterImpl-1de3cd11-ff9a-425d-8a8b-b41796d542b5/datanode-0/data/ratis/dffb177f-d159-4adb-b6ea-08430ae9f134
2019-11-15 02:18:02,600 [pool-37-thread-1] INFO  server.RaftServerConfigKeys (ConfUtils.java:logGet(43)) - raft.server.log.statemachine.data.sync.timeout.retry = -1 (default)
2019-11-15 02:18:02,600 [pool-47-thread-1] INFO  server.RaftServerConfigKeys (ConfUtils.java:logGet(43)) - raft.server.log.queue.element-limit = 1024 (custom)
2019-11-15 02:18:02,601 [pool-27-thread-1] INFO  server.RaftServerConfigKeys (ConfUtils.java:logGet(43)) - raft.server.log.queue.byte-limit = 2147483647 (custom)
2019-11-15 02:18:02,601 [pool-47-thread-1] INFO  server.RaftServerConfigKeys (ConfUtils.java:logGet(43)) - raft.server.log.segment.size.max = 1048576 (custom)
2019-11-15 02:18:02,601 [pool-37-thread-1] INFO  server.RaftServerConfigKeys (ConfUtils.java:logGet(43)) - raft.server.log.statemachine.data.caching.enabled = true (custom)
2019-11-15 02:18:02,601 [pool-47-thread-1] INFO  server.RaftServerConfigKeys (ConfUtils.java:logGet(43)) - raft.server.log.preallocated.size = 16384 (custom)
2019-11-15 02:18:02,601 [pool-27-thread-1] INFO  server.RaftServerConfigKeys (ConfUtils.java:logGet(43)) - raft.server.log.queue.element-limit = 1024 (custom)
2019-11-15 02:18:02,602 [pool-37-thread-1] INFO  segmented.SegmentedRaftLogWorker (SegmentedRaftLogWorker.java:lambda$new$0(128)) - 6a3df7f3-90dc-4440-87a5-375a0f4c51e8@group-08430AE9F134-SegmentedRaftLogWorker: flushIndex: setUnconditionally 0 -> -1
2019-11-15 02:18:02,601 [pool-47-thread-1] INFO  server.RaftServerConfigKeys (ConfUtils.java:logGet(43)) - raft.server.log.write.buffer.size = 33554432 (custom)
2019-11-15 02:18:02,602 [pool-27-thread-1] INFO  server.RaftServerConfigKeys (ConfUtils.java:logGet(43)) - raft.server.log.segment.size.max = 1048576 (custom)
2019-11-15 02:18:02,602 [pool-47-thread-1] INFO  server.RaftServerConfigKeys (ConfUtils.java:logGet(43)) - raft.server.log.force.sync.num = 128 (default)
2019-11-15 02:18:02,602 [pool-37-thread-1] INFO  server.RaftServerConfigKeys (ConfUtils.java:logGet(43)) - raft.server.snapshot.auto.trigger.enabled = true (custom)
2019-11-15 02:18:02,602 [pool-47-thread-1] INFO  server.RaftServerConfigKeys (ConfUtils.java:logGet(43)) - raft.server.log.statemachine.data.sync = true (default)
2019-11-15 02:18:02,602 [pool-27-thread-1] INFO  server.RaftServerConfigKeys (ConfUtils.java:logGet(43)) - raft.server.log.preallocated.size = 16384 (custom)
2019-11-15 02:18:02,602 [pool-47-thread-1] INFO  server.RaftServerConfigKeys (ConfUtils.java:logGet(43)) - raft.server.log.statemachine.data.sync.timeout = 10s (default)
2019-11-15 02:18:02,602 [pool-37-thread-1] INFO  server.RaftServerConfigKeys (ConfUtils.java:logGet(43)) - raft.server.snapshot.auto.trigger.threshold = 10000 (custom)
2019-11-15 02:18:02,603 [pool-47-thread-1] INFO  server.RaftServerConfigKeys (ConfUtils.java:logGet(43)) - raft.server.log.statemachine.data.sync.timeout.retry = -1 (default)
2019-11-15 02:18:02,603 [pool-27-thread-1] INFO  server.RaftServerConfigKeys (ConfUtils.java:logGet(43)) - raft.server.log.write.buffer.size = 33554432 (custom)
2019-11-15 02:18:02,603 [pool-37-thread-1] INFO  server.RaftServerConfigKeys (ConfUtils.java:logGet(43)) - raft.server.snapshot.retention.file.num = 5 (custom)
2019-11-15 02:18:02,603 [pool-27-thread-1] INFO  server.RaftServerConfigKeys (ConfUtils.java:logGet(43)) - raft.server.log.force.sync.num = 128 (default)
2019-11-15 02:18:02,603 [pool-47-thread-1] INFO  server.RaftServerConfigKeys (ConfUtils.java:logGet(43)) - raft.server.log.statemachine.data.caching.enabled = true (custom)
2019-11-15 02:18:02,604 [pool-27-thread-1] INFO  server.RaftServerConfigKeys (ConfUtils.java:logGet(43)) - raft.server.log.statemachine.data.sync = true (default)
2019-11-15 02:18:02,604 [pool-37-thread-1] INFO  server.RaftServerConfigKeys (ConfUtils.java:logGet(43)) - raft.server.retrycache.expirytime = 600000ms (custom)
2019-11-15 02:18:02,604 [pool-47-thread-1] INFO  segmented.SegmentedRaftLogWorker (SegmentedRaftLogWorker.java:lambda$new$0(128)) - b71ff034-751e-4244-b2a3-64b67b10595d@group-08430AE9F134-SegmentedRaftLogWorker: flushIndex: setUnconditionally 0 -> -1
2019-11-15 02:18:02,604 [pool-27-thread-1] INFO  server.RaftServerConfigKeys (ConfUtils.java:logGet(43)) - raft.server.log.statemachine.data.sync.timeout = 10s (default)
2019-11-15 02:18:02,604 [pool-37-thread-1] WARN  impl.MetricRegistriesImpl (MetricRegistriesImpl.java:lambda$create$1(61)) - First MetricRegistry has been created without registering reporters. You may need to call MetricRegistries.global().addReportRegistration(...) before.
2019-11-15 02:18:02,605 [pool-47-thread-1] INFO  server.RaftServerConfigKeys (ConfUtils.java:logGet(43)) - raft.server.snapshot.auto.trigger.enabled = true (custom)
2019-11-15 02:18:02,605 [pool-27-thread-1] INFO  server.RaftServerConfigKeys (ConfUtils.java:logGet(43)) - raft.server.log.statemachine.data.sync.timeout.retry = -1 (default)
2019-11-15 02:18:02,605 [pool-47-thread-1] INFO  server.RaftServerConfigKeys (ConfUtils.java:logGet(43)) - raft.server.snapshot.auto.trigger.threshold = 10000 (custom)
2019-11-15 02:18:02,605 [pool-37-thread-1] WARN  impl.MetricRegistriesImpl (MetricRegistriesImpl.java:lambda$create$1(61)) - First MetricRegistry has been created without registering reporters. You may need to call MetricRegistries.global().addReportRegistration(...) before.
2019-11-15 02:18:02,605 [pool-47-thread-1] INFO  server.RaftServerConfigKeys (ConfUtils.java:logGet(43)) - raft.server.snapshot.retention.file.num = 5 (custom)
2019-11-15 02:18:02,606 [pool-37-thread-1] INFO  impl.RaftServerImpl (RaftServerImpl.java:start(184)) - 6a3df7f3-90dc-4440-87a5-375a0f4c51e8@group-08430AE9F134: start as a follower, conf=-1: [fa884e0b-679d-4560-bd4e-65c026c5920b:192.168.69.113:42878, b71ff034-751e-4244-b2a3-64b67b10595d:192.168.69.113:46256, 6a3df7f3-90dc-4440-87a5-375a0f4c51e8:192.168.69.113:39999], old=null
2019-11-15 02:18:02,605 [pool-27-thread-1] INFO  server.RaftServerConfigKeys (ConfUtils.java:logGet(43)) - raft.server.log.statemachine.data.caching.enabled = true (custom)
2019-11-15 02:18:02,606 [pool-37-thread-1] INFO  impl.RaftServerImpl (RaftServerImpl.java:setRole(173)) - 6a3df7f3-90dc-4440-87a5-375a0f4c51e8@group-08430AE9F134: changes role from      null to FOLLOWER at term 0 for startAsFollower
2019-11-15 02:18:02,606 [pool-47-thread-1] INFO  server.RaftServerConfigKeys (ConfUtils.java:logGet(43)) - raft.server.retrycache.expirytime = 600000ms (custom)
2019-11-15 02:18:02,606 [pool-27-thread-1] INFO  segmented.SegmentedRaftLogWorker (SegmentedRaftLogWorker.java:lambda$new$0(128)) - fa884e0b-679d-4560-bd4e-65c026c5920b@group-08430AE9F134-SegmentedRaftLogWorker: flushIndex: setUnconditionally 0 -> -1
2019-11-15 02:18:02,606 [pool-37-thread-1] INFO  impl.RoleInfo (RoleInfo.java:updateAndGet(143)) - 6a3df7f3-90dc-4440-87a5-375a0f4c51e8: start FollowerState
2019-11-15 02:18:02,606 [pool-47-thread-1] WARN  impl.MetricRegistriesImpl (MetricRegistriesImpl.java:lambda$create$1(61)) - First MetricRegistry has been created without registering reporters. You may need to call MetricRegistries.global().addReportRegistration(...) before.
2019-11-15 02:18:02,607 [pool-27-thread-1] INFO  server.RaftServerConfigKeys (ConfUtils.java:logGet(43)) - raft.server.snapshot.auto.trigger.enabled = true (custom)
2019-11-15 02:18:02,607 [pool-47-thread-1] WARN  impl.MetricRegistriesImpl (MetricRegistriesImpl.java:lambda$create$1(61)) - First MetricRegistry has been created without registering reporters. You may need to call MetricRegistries.global().addReportRegistration(...) before.
2019-11-15 02:18:02,607 [pool-37-thread-1] INFO  util.JmxRegister (JmxRegister.java:tryRegister(44)) - Successfully registered JMX Bean with object name Ratis:service=RaftServer,group=group-08430AE9F134,id=6a3df7f3-90dc-4440-87a5-375a0f4c51e8
2019-11-15 02:18:02,607 [pool-27-thread-1] INFO  server.RaftServerConfigKeys (ConfUtils.java:logGet(43)) - raft.server.snapshot.auto.trigger.threshold = 10000 (custom)
2019-11-15 02:18:02,607 [pool-37-thread-1] WARN  impl.MetricRegistriesImpl (MetricRegistriesImpl.java:lambda$create$1(61)) - First MetricRegistry has been created without registering reporters. You may need to call MetricRegistries.global().addReportRegistration(...) before.
2019-11-15 02:18:02,607 [pool-47-thread-1] INFO  impl.RaftServerImpl (RaftServerImpl.java:start(184)) - b71ff034-751e-4244-b2a3-64b67b10595d@group-08430AE9F134: start as a follower, conf=-1: [fa884e0b-679d-4560-bd4e-65c026c5920b:192.168.69.113:42878, b71ff034-751e-4244-b2a3-64b67b10595d:192.168.69.113:46256, 6a3df7f3-90dc-4440-87a5-375a0f4c51e8:192.168.69.113:39999], old=null
2019-11-15 02:18:02,608 [pool-27-thread-1] INFO  server.RaftServerConfigKeys (ConfUtils.java:logGet(43)) - raft.server.snapshot.retention.file.num = 5 (custom)
2019-11-15 02:18:02,608 [pool-47-thread-1] INFO  impl.RaftServerImpl (RaftServerImpl.java:setRole(173)) - b71ff034-751e-4244-b2a3-64b67b10595d@group-08430AE9F134: changes role from      null to FOLLOWER at term 0 for startAsFollower
2019-11-15 02:18:02,608 [pool-27-thread-1] INFO  server.RaftServerConfigKeys (ConfUtils.java:logGet(43)) - raft.server.retrycache.expirytime = 600000ms (custom)
2019-11-15 02:18:02,608 [pool-47-thread-1] INFO  impl.RoleInfo (RoleInfo.java:updateAndGet(143)) - b71ff034-751e-4244-b2a3-64b67b10595d: start FollowerState
2019-11-15 02:18:02,608 [pool-27-thread-1] WARN  impl.MetricRegistriesImpl (MetricRegistriesImpl.java:lambda$create$1(61)) - First MetricRegistry has been created without registering reporters. You may need to call MetricRegistries.global().addReportRegistration(...) before.
2019-11-15 02:18:02,609 [pool-27-thread-1] WARN  impl.MetricRegistriesImpl (MetricRegistriesImpl.java:lambda$create$1(61)) - First MetricRegistry has been created without registering reporters. You may need to call MetricRegistries.global().addReportRegistration(...) before.
2019-11-15 02:18:02,609 [pool-47-thread-1] INFO  util.JmxRegister (JmxRegister.java:tryRegister(44)) - Successfully registered JMX Bean with object name Ratis:service=RaftServer,group=group-08430AE9F134,id=b71ff034-751e-4244-b2a3-64b67b10595d
2019-11-15 02:18:02,609 [pool-27-thread-1] INFO  impl.RaftServerImpl (RaftServerImpl.java:start(184)) - fa884e0b-679d-4560-bd4e-65c026c5920b@group-08430AE9F134: start as a follower, conf=-1: [fa884e0b-679d-4560-bd4e-65c026c5920b:192.168.69.113:42878, b71ff034-751e-4244-b2a3-64b67b10595d:192.168.69.113:46256, 6a3df7f3-90dc-4440-87a5-375a0f4c51e8:192.168.69.113:39999], old=null
2019-11-15 02:18:02,609 [pool-47-thread-1] WARN  impl.MetricRegistriesImpl (MetricRegistriesImpl.java:lambda$create$1(61)) - First MetricRegistry has been created without registering reporters. You may need to call MetricRegistries.global().addReportRegistration(...) before.
2019-11-15 02:18:02,611 [pool-27-thread-1] INFO  impl.RaftServerImpl (RaftServerImpl.java:setRole(173)) - fa884e0b-679d-4560-bd4e-65c026c5920b@group-08430AE9F134: changes role from      null to FOLLOWER at term 0 for startAsFollower
2019-11-15 02:18:02,611 [pool-27-thread-1] INFO  impl.RoleInfo (RoleInfo.java:updateAndGet(143)) - fa884e0b-679d-4560-bd4e-65c026c5920b: start FollowerState
2019-11-15 02:18:02,612 [pool-27-thread-1] INFO  util.JmxRegister (JmxRegister.java:tryRegister(44)) - Successfully registered JMX Bean with object name Ratis:service=RaftServer,group=group-08430AE9F134,id=fa884e0b-679d-4560-bd4e-65c026c5920b
2019-11-15 02:18:02,612 [pool-27-thread-1] WARN  impl.MetricRegistriesImpl (MetricRegistriesImpl.java:lambda$create$1(61)) - First MetricRegistry has been created without registering reporters. You may need to call MetricRegistries.global().addReportRegistration(...) before.
2019-11-15 02:18:02,617 [RatisPipelineUtilsThread] INFO  pipeline.PipelineStateManager (PipelineStateManager.java:addPipeline(55)) - Created pipeline Pipeline[ Id: dffb177f-d159-4adb-b6ea-08430ae9f134, Nodes: 6a3df7f3-90dc-4440-87a5-375a0f4c51e8{ip: 192.168.69.113, host: pr-hdds-2477-8qshl-3676723835, networkLocation: /default-rack, certSerialId: null}b71ff034-751e-4244-b2a3-64b67b10595d{ip: 192.168.69.113, host: pr-hdds-2477-8qshl-3676723835, networkLocation: /default-rack, certSerialId: null}fa884e0b-679d-4560-bd4e-65c026c5920b{ip: 192.168.69.113, host: pr-hdds-2477-8qshl-3676723835, networkLocation: /default-rack, certSerialId: null}, Type:RATIS, Factor:THREE, State:ALLOCATED]
2019-11-15 02:18:02,646 [main] INFO  freon.RandomKeyGenerator (RandomKeyGenerator.java:call(283)) - Number of Threads: 10
2019-11-15 02:18:02,646 [main] INFO  freon.RandomKeyGenerator (RandomKeyGenerator.java:call(288)) - Number of Volumes: 1.
2019-11-15 02:18:02,646 [main] INFO  freon.RandomKeyGenerator (RandomKeyGenerator.java:call(289)) - Number of Buckets per Volume: 1.
2019-11-15 02:18:02,646 [main] INFO  freon.RandomKeyGenerator (RandomKeyGenerator.java:call(290)) - Number of Keys per Bucket: 1.
2019-11-15 02:18:02,647 [main] INFO  freon.RandomKeyGenerator (RandomKeyGenerator.java:call(291)) - Key size: 20971520 bytes
2019-11-15 02:18:02,647 [main] INFO  freon.RandomKeyGenerator (RandomKeyGenerator.java:call(292)) - Buffer size: 4096 bytes
2019-11-15 02:18:02,647 [main] INFO  freon.RandomKeyGenerator (RandomKeyGenerator.java:call(293)) - validateWrites : true
2019-11-15 02:18:02,648 [main] INFO  freon.RandomKeyGenerator (RandomKeyGenerator.java:call(307)) - Data validation is enabled.
2019-11-15 02:18:02,648 [main] INFO  freon.RandomKeyGenerator (RandomKeyGenerator.java:call(313)) - Starting progress bar Thread.

 0.00% |?                                                                                                    |  0/1 Time: 0:00:002019-11-15 02:18:02,649 [pool-59-thread-1] INFO  rpc.RpcClient (RpcClient.java:createVolume(292)) - Creating Volume: vol-0-88421, with jenkins1000 as owner.
2019-11-15 02:18:02,655 [IPC Server handler 3 on 33704] INFO  volume.OMVolumeCreateRequest (OMVolumeCreateRequest.java:validateAndUpdateCache(193)) - created volume:vol-0-88421 for user:jenkins1000
2019-11-15 02:18:02,699 [pool-59-thread-2] INFO  rpc.RpcClient (RpcClient.java:createBucket(431)) - Creating Bucket: vol-0-88421/bucket-0-65697, with Versioning false and Storage Type set to DISK and Encryption set to false 
2019-11-15 02:18:02,744 [IPC Server handler 8 on 46623] WARN  block.BlockManagerImpl (BlockManagerImpl.java:allocateBlock(200)) - Pipeline creation failed for type:RATIS factor:THREE. Retrying get pipelines call once.
org.apache.hadoop.hdds.scm.pipeline.InsufficientDatanodesException: Cannot create pipeline of factor 3 using 0 nodes.
	at org.apache.hadoop.hdds.scm.pipeline.RatisPipelineProvider.create(RatisPipelineProvider.java:153)
	at org.apache.hadoop.hdds.scm.pipeline.PipelineFactory.create(PipelineFactory.java:58)
	at org.apache.hadoop.hdds.scm.pipeline.SCMPipelineManager.createPipeline(SCMPipelineManager.java:155)
	at org.apache.hadoop.hdds.scm.block.BlockManagerImpl.allocateBlock(BlockManagerImpl.java:198)
	at org.apache.hadoop.hdds.scm.server.SCMBlockProtocolServer.allocateBlock(SCMBlockProtocolServer.java:187)
	at org.apache.hadoop.hdds.scm.protocol.ScmBlockLocationProtocolServerSideTranslatorPB.allocateScmBlock(ScmBlockLocationProtocolServerSideTranslatorPB.java:159)
	at org.apache.hadoop.hdds.scm.protocol.ScmBlockLocationProtocolServerSideTranslatorPB.processMessage(ScmBlockLocationProtocolServerSideTranslatorPB.java:117)
	at org.apache.hadoop.hdds.server.OzoneProtocolMessageDispatcher.processRequest(OzoneProtocolMessageDispatcher.java:72)
	at org.apache.hadoop.hdds.scm.protocol.ScmBlockLocationProtocolServerSideTranslatorPB.send(ScmBlockLocationProtocolServerSideTranslatorPB.java:98)
	at org.apache.hadoop.hdds.protocol.proto.ScmBlockLocationProtocolProtos$ScmBlockLocationProtocolService$2.callBlockingMethod(ScmBlockLocationProtocolProtos.java:13157)
	at org.apache.hadoop.ipc.ProtobufRpcEngine$Server$ProtoBufRpcInvoker.call(ProtobufRpcEngine.java:524)
	at org.apache.hadoop.ipc.RPC$Server.call(RPC.java:1025)
	at org.apache.hadoop.ipc.Server$RpcCall.run(Server.java:876)
	at org.apache.hadoop.ipc.Server$RpcCall.run(Server.java:822)
	at java.security.AccessController.doPrivileged(Native Method)
	at javax.security.auth.Subject.doAs(Subject.java:422)
	at org.apache.hadoop.security.UserGroupInformation.doAs(UserGroupInformation.java:1730)
	at org.apache.hadoop.ipc.Server$Handler.run(Server.java:2682)
2019-11-15 02:18:02,747 [IPC Server handler 8 on 46623] INFO  block.BlockManagerImpl (BlockManagerImpl.java:allocateBlock(212)) - Could not find available pipeline of type:RATIS and factor:THREE even after retrying
2019-11-15 02:18:02,747 [IPC Server handler 8 on 46623] ERROR block.BlockManagerImpl (BlockManagerImpl.java:allocateBlock(236)) - Unable to allocate a block for the size: 4194304, type: RATIS, factor: THREE
2019-11-15 02:18:02,753 [IPC Server handler 8 on 46623] WARN  block.BlockManagerImpl (BlockManagerImpl.java:allocateBlock(200)) - Pipeline creation failed for type:RATIS factor:THREE. Retrying get pipelines call once.
org.apache.hadoop.hdds.scm.pipeline.InsufficientDatanodesException: Cannot create pipeline of factor 3 using 0 nodes.
	at org.apache.hadoop.hdds.scm.pipeline.RatisPipelineProvider.create(RatisPipelineProvider.java:153)
	at org.apache.hadoop.hdds.scm.pipeline.PipelineFactory.create(PipelineFactory.java:58)
	at org.apache.hadoop.hdds.scm.pipeline.SCMPipelineManager.createPipeline(SCMPipelineManager.java:155)
	at org.apache.hadoop.hdds.scm.block.BlockManagerImpl.allocateBlock(BlockManagerImpl.java:198)
	at org.apache.hadoop.hdds.scm.server.SCMBlockProtocolServer.allocateBlock(SCMBlockProtocolServer.java:187)
	at org.apache.hadoop.hdds.scm.protocol.ScmBlockLocationProtocolServerSideTranslatorPB.allocateScmBlock(ScmBlockLocationProtocolServerSideTranslatorPB.java:159)
	at org.apache.hadoop.hdds.scm.protocol.ScmBlockLocationProtocolServerSideTranslatorPB.processMessage(ScmBlockLocationProtocolServerSideTranslatorPB.java:117)
	at org.apache.hadoop.hdds.server.OzoneProtocolMessageDispatcher.processRequest(OzoneProtocolMessageDispatcher.java:72)
	at org.apache.hadoop.hdds.scm.protocol.ScmBlockLocationProtocolServerSideTranslatorPB.send(ScmBlockLocationProtocolServerSideTranslatorPB.java:98)
	at org.apache.hadoop.hdds.protocol.proto.ScmBlockLocationProtocolProtos$ScmBlockLocationProtocolService$2.callBlockingMethod(ScmBlockLocationProtocolProtos.java:13157)
	at org.apache.hadoop.ipc.ProtobufRpcEngine$Server$ProtoBufRpcInvoker.call(ProtobufRpcEngine.java:524)
	at org.apache.hadoop.ipc.RPC$Server.call(RPC.java:1025)
	at org.apache.hadoop.ipc.Server$RpcCall.run(Server.java:876)
	at org.apache.hadoop.ipc.Server$RpcCall.run(Server.java:822)
	at java.security.AccessController.doPrivileged(Native Method)
	at javax.security.auth.Subject.doAs(Subject.java:422)
	at org.apache.hadoop.security.UserGroupInformation.doAs(UserGroupInformation.java:1730)
	at org.apache.hadoop.ipc.Server$Handler.run(Server.java:2682)
2019-11-15 02:18:02,753 [IPC Server handler 8 on 46623] INFO  block.BlockManagerImpl (BlockManagerImpl.java:allocateBlock(212)) - Could not find available pipeline of type:RATIS and factor:THREE even after retrying
2019-11-15 02:18:02,754 [IPC Server handler 8 on 46623] ERROR block.BlockManagerImpl (BlockManagerImpl.java:allocateBlock(236)) - Unable to allocate a block for the size: 4194304, type: RATIS, factor: THREE
2019-11-15 02:18:02,755 [IPC Server handler 8 on 46623] WARN  block.BlockManagerImpl (BlockManagerImpl.java:allocateBlock(200)) - Pipeline creation failed for type:RATIS factor:THREE. Retrying get pipelines call once.
org.apache.hadoop.hdds.scm.pipeline.InsufficientDatanodesException: Cannot create pipeline of factor 3 using 0 nodes.
	at org.apache.hadoop.hdds.scm.pipeline.RatisPipelineProvider.create(RatisPipelineProvider.java:153)
	at org.apache.hadoop.hdds.scm.pipeline.PipelineFactory.create(PipelineFactory.java:58)
	at org.apache.hadoop.hdds.scm.pipeline.SCMPipelineManager.createPipeline(SCMPipelineManager.java:155)
	at org.apache.hadoop.hdds.scm.block.BlockManagerImpl.allocateBlock(BlockManagerImpl.java:198)
	at org.apache.hadoop.hdds.scm.server.SCMBlockProtocolServer.allocateBlock(SCMBlockProtocolServer.java:187)
	at org.apache.hadoop.hdds.scm.protocol.ScmBlockLocationProtocolServerSideTranslatorPB.allocateScmBlock(ScmBlockLocationProtocolServerSideTranslatorPB.java:159)
	at org.apache.hadoop.hdds.scm.protocol.ScmBlockLocationProtocolServerSideTranslatorPB.processMessage(ScmBlockLocationProtocolServerSideTranslatorPB.java:117)
	at org.apache.hadoop.hdds.server.OzoneProtocolMessageDispatcher.processRequest(OzoneProtocolMessageDispatcher.java:72)
	at org.apache.hadoop.hdds.scm.protocol.ScmBlockLocationProtocolServerSideTranslatorPB.send(ScmBlockLocationProtocolServerSideTranslatorPB.java:98)
	at org.apache.hadoop.hdds.protocol.proto.ScmBlockLocationProtocolProtos$ScmBlockLocationProtocolService$2.callBlockingMethod(ScmBlockLocationProtocolProtos.java:13157)
	at org.apache.hadoop.ipc.ProtobufRpcEngine$Server$ProtoBufRpcInvoker.call(ProtobufRpcEngine.java:524)
	at org.apache.hadoop.ipc.RPC$Server.call(RPC.java:1025)
	at org.apache.hadoop.ipc.Server$RpcCall.run(Server.java:876)
	at org.apache.hadoop.ipc.Server$RpcCall.run(Server.java:822)
	at java.security.AccessController.doPrivileged(Native Method)
	at javax.security.auth.Subject.doAs(Subject.java:422)
	at org.apache.hadoop.security.UserGroupInformation.doAs(UserGroupInformation.java:1730)
	at org.apache.hadoop.ipc.Server$Handler.run(Server.java:2682)
2019-11-15 02:18:02,755 [IPC Server handler 8 on 46623] INFO  block.BlockManagerImpl (BlockManagerImpl.java:allocateBlock(212)) - Could not find available pipeline of type:RATIS and factor:THREE even after retrying
2019-11-15 02:18:02,756 [IPC Server handler 8 on 46623] ERROR block.BlockManagerImpl (BlockManagerImpl.java:allocateBlock(236)) - Unable to allocate a block for the size: 4194304, type: RATIS, factor: THREE
2019-11-15 02:18:02,757 [IPC Server handler 8 on 46623] WARN  block.BlockManagerImpl (BlockManagerImpl.java:allocateBlock(200)) - Pipeline creation failed for type:RATIS factor:THREE. Retrying get pipelines call once.
org.apache.hadoop.hdds.scm.pipeline.InsufficientDatanodesException: Cannot create pipeline of factor 3 using 0 nodes.
	at org.apache.hadoop.hdds.scm.pipeline.RatisPipelineProvider.create(RatisPipelineProvider.java:153)
	at org.apache.hadoop.hdds.scm.pipeline.PipelineFactory.create(PipelineFactory.java:58)
	at org.apache.hadoop.hdds.scm.pipeline.SCMPipelineManager.createPipeline(SCMPipelineManager.java:155)
	at org.apache.hadoop.hdds.scm.block.BlockManagerImpl.allocateBlock(BlockManagerImpl.java:198)
	at org.apache.hadoop.hdds.scm.server.SCMBlockProtocolServer.allocateBlock(SCMBlockProtocolServer.java:187)
	at org.apache.hadoop.hdds.scm.protocol.ScmBlockLocationProtocolServerSideTranslatorPB.allocateScmBlock(ScmBlockLocationProtocolServerSideTranslatorPB.java:159)
	at org.apache.hadoop.hdds.scm.protocol.ScmBlockLocationProtocolServerSideTranslatorPB.processMessage(ScmBlockLocationProtocolServerSideTranslatorPB.java:117)
	at org.apache.hadoop.hdds.server.OzoneProtocolMessageDispatcher.processRequest(OzoneProtocolMessageDispatcher.java:72)
	at org.apache.hadoop.hdds.scm.protocol.ScmBlockLocationProtocolServerSideTranslatorPB.send(ScmBlockLocationProtocolServerSideTranslatorPB.java:98)
	at org.apache.hadoop.hdds.protocol.proto.ScmBlockLocationProtocolProtos$ScmBlockLocationProtocolService$2.callBlockingMethod(ScmBlockLocationProtocolProtos.java:13157)
	at org.apache.hadoop.ipc.ProtobufRpcEngine$Server$ProtoBufRpcInvoker.call(ProtobufRpcEngine.java:524)
	at org.apache.hadoop.ipc.RPC$Server.call(RPC.java:1025)
	at org.apache.hadoop.ipc.Server$RpcCall.run(Server.java:876)
	at org.apache.hadoop.ipc.Server$RpcCall.run(Server.java:822)
	at java.security.AccessController.doPrivileged(Native Method)
	at javax.security.auth.Subject.doAs(Subject.java:422)
	at org.apache.hadoop.security.UserGroupInformation.doAs(UserGroupInformation.java:1730)
	at org.apache.hadoop.ipc.Server$Handler.run(Server.java:2682)
2019-11-15 02:18:02,758 [IPC Server handler 8 on 46623] INFO  block.BlockManagerImpl (BlockManagerImpl.java:allocateBlock(212)) - Could not find available pipeline of type:RATIS and factor:THREE even after retrying
2019-11-15 02:18:02,758 [IPC Server handler 8 on 46623] ERROR block.BlockManagerImpl (BlockManagerImpl.java:allocateBlock(236)) - Unable to allocate a block for the size: 4194304, type: RATIS, factor: THREE
2019-11-15 02:18:02,758 [IPC Server handler 8 on 46623] WARN  block.BlockManagerImpl (BlockManagerImpl.java:allocateBlock(200)) - Pipeline creation failed for type:RATIS factor:THREE. Retrying get pipelines call once.
org.apache.hadoop.hdds.scm.pipeline.InsufficientDatanodesException: Cannot create pipeline of factor 3 using 0 nodes.
	at org.apache.hadoop.hdds.scm.pipeline.RatisPipelineProvider.create(RatisPipelineProvider.java:153)
	at org.apache.hadoop.hdds.scm.pipeline.PipelineFactory.create(PipelineFactory.java:58)
	at org.apache.hadoop.hdds.scm.pipeline.SCMPipelineManager.createPipeline(SCMPipelineManager.java:155)
	at org.apache.hadoop.hdds.scm.block.BlockManagerImpl.allocateBlock(BlockManagerImpl.java:198)
	at org.apache.hadoop.hdds.scm.server.SCMBlockProtocolServer.allocateBlock(SCMBlockProtocolServer.java:187)
	at org.apache.hadoop.hdds.scm.protocol.ScmBlockLocationProtocolServerSideTranslatorPB.allocateScmBlock(ScmBlockLocationProtocolServerSideTranslatorPB.java:159)
	at org.apache.hadoop.hdds.scm.protocol.ScmBlockLocationProtocolServerSideTranslatorPB.processMessage(ScmBlockLocationProtocolServerSideTranslatorPB.java:117)
	at org.apache.hadoop.hdds.server.OzoneProtocolMessageDispatcher.processRequest(OzoneProtocolMessageDispatcher.java:72)
	at org.apache.hadoop.hdds.scm.protocol.ScmBlockLocationProtocolServerSideTranslatorPB.send(ScmBlockLocationProtocolServerSideTranslatorPB.java:98)
	at org.apache.hadoop.hdds.protocol.proto.ScmBlockLocationProtocolProtos$ScmBlockLocationProtocolService$2.callBlockingMethod(ScmBlockLocationProtocolProtos.java:13157)
	at org.apache.hadoop.ipc.ProtobufRpcEngine$Server$ProtoBufRpcInvoker.call(ProtobufRpcEngine.java:524)
	at org.apache.hadoop.ipc.RPC$Server.call(RPC.java:1025)
	at org.apache.hadoop.ipc.Server$RpcCall.run(Server.java:876)
	at org.apache.hadoop.ipc.Server$RpcCall.run(Server.java:822)
	at java.security.AccessController.doPrivileged(Native Method)
	at javax.security.auth.Subject.doAs(Subject.java:422)
	at org.apache.hadoop.security.UserGroupInformation.doAs(UserGroupInformation.java:1730)
	at org.apache.hadoop.ipc.Server$Handler.run(Server.java:2682)
2019-11-15 02:18:02,759 [IPC Server handler 8 on 46623] INFO  block.BlockManagerImpl (BlockManagerImpl.java:allocateBlock(212)) - Could not find available pipeline of type:RATIS and factor:THREE even after retrying
2019-11-15 02:18:02,759 [IPC Server handler 8 on 46623] ERROR block.BlockManagerImpl (BlockManagerImpl.java:allocateBlock(236)) - Unable to allocate a block for the size: 4194304, type: RATIS, factor: THREE
2019-11-15 02:18:02,764 [pool-59-thread-6] ERROR freon.RandomKeyGenerator (RandomKeyGenerator.java:createKey(735)) - Exception while adding key: key-0-44668 in bucket: bucket-0-65697 of volume: vol-0-88421.
INTERNAL_ERROR org.apache.hadoop.ozone.om.exceptions.OMException: Allocated 0 blocks. Requested 5 blocks
	at org.apache.hadoop.ozone.om.protocolPB.OzoneManagerProtocolClientSideTranslatorPB.handleError(OzoneManagerProtocolClientSideTranslatorPB.java:761)
	at org.apache.hadoop.ozone.om.protocolPB.OzoneManagerProtocolClientSideTranslatorPB.openKey(OzoneManagerProtocolClientSideTranslatorPB.java:752)
	at sun.reflect.NativeMethodAccessorImpl.invoke0(Native Method)
	at sun.reflect.NativeMethodAccessorImpl.invoke(NativeMethodAccessorImpl.java:62)
	at sun.reflect.DelegatingMethodAccessorImpl.invoke(DelegatingMethodAccessorImpl.java:43)
	at java.lang.reflect.Method.invoke(Method.java:498)
	at org.apache.hadoop.hdds.tracing.TraceAllMethod.invoke(TraceAllMethod.java:66)
	at com.sun.proxy.$Proxy37.openKey(Unknown Source)
	at org.apache.hadoop.ozone.client.rpc.RpcClient.createKey(RpcClient.java:634)
	at org.apache.hadoop.ozone.client.OzoneBucket.createKey(OzoneBucket.java:325)
	at org.apache.hadoop.ozone.freon.RandomKeyGenerator.createKey(RandomKeyGenerator.java:697)
	at org.apache.hadoop.ozone.freon.RandomKeyGenerator.access$1100(RandomKeyGenerator.java:88)
	at org.apache.hadoop.ozone.freon.RandomKeyGenerator$ObjectCreator.run(RandomKeyGenerator.java:615)
	at java.util.concurrent.Executors$RunnableAdapter.call(Executors.java:511)
	at java.util.concurrent.FutureTask.run(FutureTask.java:266)
	at java.util.concurrent.ThreadPoolExecutor.runWorker(ThreadPoolExecutor.java:1149)
	at java.util.concurrent.ThreadPoolExecutor$Worker.run(ThreadPoolExecutor.java:624)
	at java.lang.Thread.run(Thread.java:748)
 0.00% |?                                                                                                    |  0/1 Time: 0:00:01 0.00% |?                                                                                                    |  0/1 Time: 0:00:02 0.00% |?                                                                                                    |  0/1 Time: 0:00:03 0.00% |?                                                                                                    |  0/1 Time: 0:00:042019-11-15 02:18:07,629 [Thread-480] INFO  impl.FollowerState (FollowerState.java:run(111)) - 6a3df7f3-90dc-4440-87a5-375a0f4c51e8@group-08430AE9F134-FollowerState: change to CANDIDATE, lastRpcTime:5022ms, electionTimeout:5022ms
2019-11-15 02:18:07,630 [Thread-480] INFO  impl.RoleInfo (RoleInfo.java:shutdownFollowerState(121)) - 6a3df7f3-90dc-4440-87a5-375a0f4c51e8: shutdown FollowerState
2019-11-15 02:18:07,630 [Thread-480] INFO  impl.RaftServerImpl (RaftServerImpl.java:setRole(173)) - 6a3df7f3-90dc-4440-87a5-375a0f4c51e8@group-08430AE9F134: changes role from  FOLLOWER to CANDIDATE at term 0 for changeToCandidate
2019-11-15 02:18:07,630 [Thread-480] INFO  impl.RoleInfo (RoleInfo.java:updateAndGet(143)) - 6a3df7f3-90dc-4440-87a5-375a0f4c51e8: start LeaderElection
2019-11-15 02:18:07,649 [6a3df7f3-90dc-4440-87a5-375a0f4c51e8@group-08430AE9F134-LeaderElection5] INFO  impl.LeaderElection (LeaderElection.java:askForVotes(178)) - 6a3df7f3-90dc-4440-87a5-375a0f4c51e8@group-08430AE9F134-LeaderElection5: begin an election at term 1 for -1: [fa884e0b-679d-4560-bd4e-65c026c5920b:192.168.69.113:42878, b71ff034-751e-4244-b2a3-64b67b10595d:192.168.69.113:46256, 6a3df7f3-90dc-4440-87a5-375a0f4c51e8:192.168.69.113:39999], old=null
 100.00% |?????????????????????????????????????????????????????????????????????????????????????????????????????|  1/1 Time: 0:00:05
2019-11-15 02:18:07,664 [grpc-default-executor-2] INFO  impl.RaftServerImpl (RaftServerImpl.java:setRole(173)) - fa884e0b-679d-4560-bd4e-65c026c5920b@group-08430AE9F134: changes role from  FOLLOWER to FOLLOWER at term 1 for recognizeCandidate:6a3df7f3-90dc-4440-87a5-375a0f4c51e8
2019-11-15 02:18:07,664 [grpc-default-executor-1] INFO  impl.RaftServerImpl (RaftServerImpl.java:setRole(173)) - b71ff034-751e-4244-b2a3-64b67b10595d@group-08430AE9F134: changes role from  FOLLOWER to FOLLOWER at term 1 for recognizeCandidate:6a3df7f3-90dc-4440-87a5-375a0f4c51e8
2019-11-15 02:18:07,665 [grpc-default-executor-2] INFO  impl.RoleInfo (RoleInfo.java:shutdownFollowerState(121)) - fa884e0b-679d-4560-bd4e-65c026c5920b: shutdown FollowerState
2019-11-15 02:18:07,665 [grpc-default-executor-1] INFO  impl.RoleInfo (RoleInfo.java:shutdownFollowerState(121)) - b71ff034-751e-4244-b2a3-64b67b10595d: shutdown FollowerState
2019-11-15 02:18:07,665 [Thread-484] INFO  impl.FollowerState (FollowerState.java:run(120)) - fa884e0b-679d-4560-bd4e-65c026c5920b@group-08430AE9F134-FollowerState was interrupted: java.lang.InterruptedException: sleep interrupted
2019-11-15 02:18:07,665 [grpc-default-executor-1] INFO  impl.RoleInfo (RoleInfo.java:updateAndGet(143)) - b71ff034-751e-4244-b2a3-64b67b10595d: start FollowerState
2019-11-15 02:18:07,665 [grpc-default-executor-2] INFO  impl.RoleInfo (RoleInfo.java:updateAndGet(143)) - fa884e0b-679d-4560-bd4e-65c026c5920b: start FollowerState
2019-11-15 02:18:07,666 [Thread-483] INFO  impl.FollowerState (FollowerState.java:run(120)) - b71ff034-751e-4244-b2a3-64b67b10595d@group-08430AE9F134-FollowerState was interrupted: java.lang.InterruptedException: sleep interrupted
2019-11-15 02:18:07,685 [6a3df7f3-90dc-4440-87a5-375a0f4c51e8@group-08430AE9F134-LeaderElection5] INFO  impl.LeaderElection (LeaderElection.java:logAndReturn(56)) - 6a3df7f3-90dc-4440-87a5-375a0f4c51e8@group-08430AE9F134-LeaderElection5: Election PASSED; received 1 response(s) [6a3df7f3-90dc-4440-87a5-375a0f4c51e8<-b71ff034-751e-4244-b2a3-64b67b10595d#0:OK-t1] and 0 exception(s); 6a3df7f3-90dc-4440-87a5-375a0f4c51e8@group-08430AE9F134:t1, leader=null, voted=6a3df7f3-90dc-4440-87a5-375a0f4c51e8, raftlog=6a3df7f3-90dc-4440-87a5-375a0f4c51e8@group-08430AE9F134-SegmentedRaftLog:OPENED:c-1,f-1,i0, conf=-1: [fa884e0b-679d-4560-bd4e-65c026c5920b:192.168.69.113:42878, b71ff034-751e-4244-b2a3-64b67b10595d:192.168.69.113:46256, 6a3df7f3-90dc-4440-87a5-375a0f4c51e8:192.168.69.113:39999], old=null
2019-11-15 02:18:07,685 [6a3df7f3-90dc-4440-87a5-375a0f4c51e8@group-08430AE9F134-LeaderElection5] INFO  impl.RoleInfo (RoleInfo.java:shutdownLeaderElection(134)) - 6a3df7f3-90dc-4440-87a5-375a0f4c51e8: shutdown LeaderElection
2019-11-15 02:18:07,690 [6a3df7f3-90dc-4440-87a5-375a0f4c51e8@group-08430AE9F134-LeaderElection5] INFO  impl.RaftServerImpl (RaftServerImpl.java:setRole(173)) - 6a3df7f3-90dc-4440-87a5-375a0f4c51e8@group-08430AE9F134: changes role from CANDIDATE to LEADER at term 1 for changeToLeader
2019-11-15 02:18:07,690 [6a3df7f3-90dc-4440-87a5-375a0f4c51e8@group-08430AE9F134-LeaderElection5] INFO  ratis.XceiverServerRatis (XceiverServerRatis.java:handleLeaderChangedNotification(697)) - Leader change notification received for group: group-08430AE9F134 with new leaderId: 6a3df7f3-90dc-4440-87a5-375a0f4c51e8
2019-11-15 02:18:07,690 [6a3df7f3-90dc-4440-87a5-375a0f4c51e8@group-08430AE9F134-LeaderElection5] INFO  impl.RaftServerImpl (ServerState.java:setLeader(255)) - 6a3df7f3-90dc-4440-87a5-375a0f4c51e8@group-08430AE9F134: change Leader from null to 6a3df7f3-90dc-4440-87a5-375a0f4c51e8 at term 1 for becomeLeader, leader elected after 5094ms
2019-11-15 02:18:07,690 [6a3df7f3-90dc-4440-87a5-375a0f4c51e8@group-08430AE9F134-LeaderElection5] INFO  server.RaftServerConfigKeys (ConfUtils.java:logGet(43)) - raft.server.staging.catchup.gap = 1000 (default)
2019-11-15 02:18:07,691 [6a3df7f3-90dc-4440-87a5-375a0f4c51e8@group-08430AE9F134-LeaderElection5] INFO  server.RaftServerConfigKeys (ConfUtils.java:logGet(43)) - raft.server.rpc.sleep.time = 25ms (default)
2019-11-15 02:18:07,691 [6a3df7f3-90dc-4440-87a5-375a0f4c51e8@group-08430AE9F134-LeaderElection5] INFO  server.RaftServerConfigKeys (ConfUtils.java:logGet(43)) - raft.server.write.element-limit = 4096 (default)
2019-11-15 02:18:07,691 [6a3df7f3-90dc-4440-87a5-375a0f4c51e8@group-08430AE9F134-LeaderElection5] INFO  server.RaftServerConfigKeys (ConfUtils.java:logGet(43)) - raft.server.watch.timeout = 10s (default)
2019-11-15 02:18:07,691 [6a3df7f3-90dc-4440-87a5-375a0f4c51e8@group-08430AE9F134-LeaderElection5] INFO  server.RaftServerConfigKeys (ConfUtils.java:logGet(43)) - raft.server.watch.timeout.denomination = 1s (default)
2019-11-15 02:18:07,691 [6a3df7f3-90dc-4440-87a5-375a0f4c51e8@group-08430AE9F134-LeaderElection5] INFO  server.RaftServerConfigKeys (ConfUtils.java:logGet(43)) - raft.server.watch.element-limit = 65536 (default)
2019-11-15 02:18:07,692 [6a3df7f3-90dc-4440-87a5-375a0f4c51e8@group-08430AE9F134-LeaderElection5] INFO  server.RaftServerConfigKeys (ConfUtils.java:logGet(43)) - raft.server.log.appender.snapshot.chunk.size.max = 16MB (=16777216) (default)
2019-11-15 02:18:07,692 [6a3df7f3-90dc-4440-87a5-375a0f4c51e8@group-08430AE9F134-LeaderElection5] INFO  server.RaftServerConfigKeys (ConfUtils.java:logGet(43)) - raft.server.log.appender.buffer.byte-limit = 33554432 (custom)
2019-11-15 02:18:07,692 [6a3df7f3-90dc-4440-87a5-375a0f4c51e8@group-08430AE9F134-LeaderElection5] INFO  server.RaftServerConfigKeys (ConfUtils.java:logGet(43)) - raft.server.log.appender.buffer.element-limit = 1 (custom)
2019-11-15 02:18:07,693 [EventQueue-PipelineReportForPipelineReportHandler] INFO  pipeline.PipelineStateManager (PipelineStateManager.java:openPipeline(134)) - Pipeline Pipeline[ Id: dffb177f-d159-4adb-b6ea-08430ae9f134, Nodes: 6a3df7f3-90dc-4440-87a5-375a0f4c51e8{ip: 192.168.69.113, host: pr-hdds-2477-8qshl-3676723835, networkLocation: /default-rack, certSerialId: null}b71ff034-751e-4244-b2a3-64b67b10595d{ip: 192.168.69.113, host: pr-hdds-2477-8qshl-3676723835, networkLocation: /default-rack, certSerialId: null}fa884e0b-679d-4560-bd4e-65c026c5920b{ip: 192.168.69.113, host: pr-hdds-2477-8qshl-3676723835, networkLocation: /default-rack, certSerialId: null}, Type:RATIS, Factor:THREE, State:OPEN] moved to OPEN state
2019-11-15 02:18:07,694 [6a3df7f3-90dc-4440-87a5-375a0f4c51e8@group-08430AE9F134-LeaderElection5] INFO  grpc.GrpcConfigKeys$Server (ConfUtils.java:logGet(43)) - raft.grpc.server.leader.outstanding.appends.max = 128 (default)
2019-11-15 02:18:07,695 [6a3df7f3-90dc-4440-87a5-375a0f4c51e8@group-08430AE9F134-LeaderElection5] INFO  server.RaftServerConfigKeys (ConfUtils.java:logGet(43)) - raft.server.rpc.request.timeout = 3000ms (default)
2019-11-15 02:18:07,695 [6a3df7f3-90dc-4440-87a5-375a0f4c51e8@group-08430AE9F134-LeaderElection5] INFO  server.RaftServerConfigKeys (ConfUtils.java:logGet(43)) - raft.server.log.appender.install.snapshot.enabled = false (custom)
2019-11-15 02:18:07,695 [6a3df7f3-90dc-4440-87a5-375a0f4c51e8@group-08430AE9F134-LeaderElection5] WARN  impl.MetricRegistriesImpl (MetricRegistriesImpl.java:lambda$create$1(61)) - First MetricRegistry has been created without registering reporters. You may need to call MetricRegistries.global().addReportRegistration(...) before.
2019-11-15 02:18:07,696 [6a3df7f3-90dc-4440-87a5-375a0f4c51e8@group-08430AE9F134-LeaderElection5] INFO  server.RaftServerConfigKeys (ConfUtils.java:logGet(43)) - raft.server.log.appender.snapshot.chunk.size.max = 16MB (=16777216) (default)
2019-11-15 02:18:07,696 [6a3df7f3-90dc-4440-87a5-375a0f4c51e8@group-08430AE9F134-LeaderElection5] INFO  server.RaftServerConfigKeys (ConfUtils.java:logGet(43)) - raft.server.log.appender.buffer.byte-limit = 33554432 (custom)
2019-11-15 02:18:07,696 [6a3df7f3-90dc-4440-87a5-375a0f4c51e8@group-08430AE9F134-LeaderElection5] INFO  server.RaftServerConfigKeys (ConfUtils.java:logGet(43)) - raft.server.log.appender.buffer.element-limit = 1 (custom)
2019-11-15 02:18:07,696 [6a3df7f3-90dc-4440-87a5-375a0f4c51e8@group-08430AE9F134-LeaderElection5] INFO  grpc.GrpcConfigKeys$Server (ConfUtils.java:logGet(43)) - raft.grpc.server.leader.outstanding.appends.max = 128 (default)
2019-11-15 02:18:07,696 [6a3df7f3-90dc-4440-87a5-375a0f4c51e8@group-08430AE9F134-LeaderElection5] INFO  server.RaftServerConfigKeys (ConfUtils.java:logGet(43)) - raft.server.rpc.request.timeout = 3000ms (default)
2019-11-15 02:18:07,696 [6a3df7f3-90dc-4440-87a5-375a0f4c51e8@group-08430AE9F134-LeaderElection5] INFO  server.RaftServerConfigKeys (ConfUtils.java:logGet(43)) - raft.server.log.appender.install.snapshot.enabled = false (custom)
2019-11-15 02:18:07,697 [6a3df7f3-90dc-4440-87a5-375a0f4c51e8@group-08430AE9F134-LeaderElection5] INFO  impl.RoleInfo (RoleInfo.java:updateAndGet(143)) - 6a3df7f3-90dc-4440-87a5-375a0f4c51e8: start LeaderState
2019-11-15 02:18:07,697 [6a3df7f3-90dc-4440-87a5-375a0f4c51e8@group-08430AE9F134-LeaderElection5] INFO  segmented.SegmentedRaftLogWorker (SegmentedRaftLogWorker.java:startLogSegment(385)) - 6a3df7f3-90dc-4440-87a5-375a0f4c51e8@group-08430AE9F134-SegmentedRaftLogWorker: Starting segment from index:0
2019-11-15 02:18:07,699 [6a3df7f3-90dc-4440-87a5-375a0f4c51e8@group-08430AE9F134-LeaderElection5] INFO  impl.RaftServerImpl (ServerState.java:setRaftConf(356)) - 6a3df7f3-90dc-4440-87a5-375a0f4c51e8@group-08430AE9F134: set configuration 0: [fa884e0b-679d-4560-bd4e-65c026c5920b:192.168.69.113:42878, b71ff034-751e-4244-b2a3-64b67b10595d:192.168.69.113:46256, 6a3df7f3-90dc-4440-87a5-375a0f4c51e8:192.168.69.113:39999], old=null at 0
2019-11-15 02:18:07,700 [grpc-default-executor-2] INFO  ratis.XceiverServerRatis (XceiverServerRatis.java:handleLeaderChangedNotification(697)) - Leader change notification received for group: group-08430AE9F134 with new leaderId: 6a3df7f3-90dc-4440-87a5-375a0f4c51e8
2019-11-15 02:18:07,729 [grpc-default-executor-1] INFO  ratis.XceiverServerRatis (XceiverServerRatis.java:handleLeaderChangedNotification(697)) - Leader change notification received for group: group-08430AE9F134 with new leaderId: 6a3df7f3-90dc-4440-87a5-375a0f4c51e8
2019-11-15 02:18:07,729 [grpc-default-executor-2] INFO  impl.RaftServerImpl (ServerState.java:setLeader(255)) - fa884e0b-679d-4560-bd4e-65c026c5920b@group-08430AE9F134: change Leader from null to 6a3df7f3-90dc-4440-87a5-375a0f4c51e8 at term 1 for appendEntries, leader elected after 5104ms
2019-11-15 02:18:07,729 [grpc-default-executor-1] INFO  impl.RaftServerImpl (ServerState.java:setLeader(255)) - b71ff034-751e-4244-b2a3-64b67b10595d@group-08430AE9F134: change Leader from null to 6a3df7f3-90dc-4440-87a5-375a0f4c51e8 at term 1 for appendEntries, leader elected after 5133ms
2019-11-15 02:18:07,734 [grpc-default-executor-1] INFO  impl.RaftServerImpl (ServerState.java:setRaftConf(356)) - b71ff034-751e-4244-b2a3-64b67b10595d@group-08430AE9F134: set configuration 0: [fa884e0b-679d-4560-bd4e-65c026c5920b:192.168.69.113:42878, b71ff034-751e-4244-b2a3-64b67b10595d:192.168.69.113:46256, 6a3df7f3-90dc-4440-87a5-375a0f4c51e8:192.168.69.113:39999], old=null at 0
2019-11-15 02:18:07,734 [grpc-default-executor-2] INFO  impl.RaftServerImpl (ServerState.java:setRaftConf(356)) - fa884e0b-679d-4560-bd4e-65c026c5920b@group-08430AE9F134: set configuration 0: [fa884e0b-679d-4560-bd4e-65c026c5920b:192.168.69.113:42878, b71ff034-751e-4244-b2a3-64b67b10595d:192.168.69.113:46256, 6a3df7f3-90dc-4440-87a5-375a0f4c51e8:192.168.69.113:39999], old=null at 0
2019-11-15 02:18:07,735 [grpc-default-executor-1] INFO  segmented.SegmentedRaftLogWorker (SegmentedRaftLogWorker.java:startLogSegment(385)) - b71ff034-751e-4244-b2a3-64b67b10595d@group-08430AE9F134-SegmentedRaftLogWorker: Starting segment from index:0
2019-11-15 02:18:07,735 [grpc-default-executor-2] INFO  segmented.SegmentedRaftLogWorker (SegmentedRaftLogWorker.java:startLogSegment(385)) - fa884e0b-679d-4560-bd4e-65c026c5920b@group-08430AE9F134-SegmentedRaftLogWorker: Starting segment from index:0
2019-11-15 02:18:07,752 [6a3df7f3-90dc-4440-87a5-375a0f4c51e8@group-08430AE9F134-SegmentedRaftLogWorker] INFO  segmented.SegmentedRaftLogWorker (SegmentedRaftLogWorker.java:execute(576)) - 6a3df7f3-90dc-4440-87a5-375a0f4c51e8@group-08430AE9F134-SegmentedRaftLogWorker: created new log segment /workdir/hadoop-ozone/tools/target/test-dir/MiniOzoneClusterImpl-1de3cd11-ff9a-425d-8a8b-b41796d542b5/datanode-1/data/ratis/dffb177f-d159-4adb-b6ea-08430ae9f134/current/log_inprogress_0
2019-11-15 02:18:07,776 [b71ff034-751e-4244-b2a3-64b67b10595d@group-08430AE9F134-SegmentedRaftLogWorker] INFO  segmented.SegmentedRaftLogWorker (SegmentedRaftLogWorker.java:execute(576)) - b71ff034-751e-4244-b2a3-64b67b10595d@group-08430AE9F134-SegmentedRaftLogWorker: created new log segment /workdir/hadoop-ozone/tools/target/test-dir/MiniOzoneClusterImpl-1de3cd11-ff9a-425d-8a8b-b41796d542b5/datanode-2/data/ratis/dffb177f-d159-4adb-b6ea-08430ae9f134/current/log_inprogress_0
2019-11-15 02:18:07,797 [fa884e0b-679d-4560-bd4e-65c026c5920b@group-08430AE9F134-SegmentedRaftLogWorker] INFO  segmented.SegmentedRaftLogWorker (SegmentedRaftLogWorker.java:execute(576)) - fa884e0b-679d-4560-bd4e-65c026c5920b@group-08430AE9F134-SegmentedRaftLogWorker: created new log segment /workdir/hadoop-ozone/tools/target/test-dir/MiniOzoneClusterImpl-1de3cd11-ff9a-425d-8a8b-b41796d542b5/datanode-0/data/ratis/dffb177f-d159-4adb-b6ea-08430ae9f134/current/log_inprogress_0
]]></system-out>
    <system-err><![CDATA[ERROR StatusLogger No Log4j 2 configuration file found. Using default configuration (logging only errors to the console), or user programmatically provided configurations. Set system property 'log4j2.debug' to show Log4j 2 internal initialization logging. See https://logging.apache.org/log4j/2.x/manual/configuration.html for instructions on how to configure Log4j 2
]]></system-err>
  </testcase>
</testsuite>