<?xml version="1.0" encoding="UTF-8"?>
<testsuite xmlns:xsi="http://www.w3.org/2001/XMLSchema-instance" xsi:noNamespaceSchemaLocation="https://maven.apache.org/surefire/maven-surefire-plugin/xsd/surefire-test-report.xsd" name="org.apache.hadoop.fs.ozone.TestOzoneFileSystem" time="436.24" tests="8" errors="1" skipped="0" failures="1">
  <properties>
    <property name="awt.toolkit" value="sun.awt.X11.XToolkit"/>
    <property name="file.encoding.pkg" value="sun.io"/>
    <property name="java.specification.version" value="1.8"/>
    <property name="sun.cpu.isalist" value=""/>
    <property name="sun.jnu.encoding" value="ANSI_X3.4-1968"/>
    <property name="java.class.path" value="/workdir/hadoop-ozone/ozonefs/target/test-classes:/workdir/hadoop-ozone/ozonefs/target/classes:/home/user/.m2/repository/org/apache/hadoop/hadoop-common/3.2.0/hadoop-common-3.2.0.jar:/home/user/.m2/repository/org/apache/hadoop/hadoop-annotations/3.2.0/hadoop-annotations-3.2.0.jar:/usr/lib/jvm/java-1.8.0-openjdk-1.8.0.222.b10-1.el7_7.x86_64/jre/../lib/tools.jar:/home/user/.m2/repository/com/google/guava/guava/11.0.2/guava-11.0.2.jar:/home/user/.m2/repository/commons-cli/commons-cli/1.2/commons-cli-1.2.jar:/home/user/.m2/repository/org/apache/commons/commons-math3/3.1.1/commons-math3-3.1.1.jar:/home/user/.m2/repository/commons-codec/commons-codec/1.11/commons-codec-1.11.jar:/home/user/.m2/repository/commons-io/commons-io/2.5/commons-io-2.5.jar:/home/user/.m2/repository/commons-net/commons-net/3.6/commons-net-3.6.jar:/home/user/.m2/repository/commons-collections/commons-collections/3.2.2/commons-collections-3.2.2.jar:/home/user/.m2/repository/javax/servlet/javax.servlet-api/3.1.0/javax.servlet-api-3.1.0.jar:/home/user/.m2/repository/org/eclipse/jetty/jetty-server/9.3.25.v20180904/jetty-server-9.3.25.v20180904.jar:/home/user/.m2/repository/org/eclipse/jetty/jetty-http/9.3.25.v20180904/jetty-http-9.3.25.v20180904.jar:/home/user/.m2/repository/org/eclipse/jetty/jetty-io/9.3.25.v20180904/jetty-io-9.3.25.v20180904.jar:/home/user/.m2/repository/org/eclipse/jetty/jetty-util/9.3.25.v20180904/jetty-util-9.3.25.v20180904.jar:/home/user/.m2/repository/org/eclipse/jetty/jetty-servlet/9.3.25.v20180904/jetty-servlet-9.3.25.v20180904.jar:/home/user/.m2/repository/org/eclipse/jetty/jetty-security/9.3.25.v20180904/jetty-security-9.3.25.v20180904.jar:/home/user/.m2/repository/org/eclipse/jetty/jetty-webapp/9.3.25.v20180904/jetty-webapp-9.3.25.v20180904.jar:/home/user/.m2/repository/org/eclipse/jetty/jetty-xml/9.3.25.v20180904/jetty-xml-9.3.25.v20180904.jar:/home/user/.m2/repository/javax/servlet/jsp/jsp-api/2.1/jsp-api-2.1.jar:/home/user/.m2/repository/com/sun/jersey/jersey-core/1.19/jersey-core-1.19.jar:/home/user/.m2/repository/javax/ws/rs/jsr311-api/1.1.1/jsr311-api-1.1.1.jar:/home/user/.m2/repository/com/sun/jersey/jersey-servlet/1.19/jersey-servlet-1.19.jar:/home/user/.m2/repository/com/sun/jersey/jersey-json/1.19/jersey-json-1.19.jar:/home/user/.m2/repository/org/codehaus/jettison/jettison/1.1/jettison-1.1.jar:/home/user/.m2/repository/com/sun/xml/bind/jaxb-impl/2.3.0.1/jaxb-impl-2.3.0.1.jar:/home/user/.m2/repository/org/codehaus/jackson/jackson-core-asl/1.9.13/jackson-core-asl-1.9.13.jar:/home/user/.m2/repository/org/codehaus/jackson/jackson-mapper-asl/1.9.13/jackson-mapper-asl-1.9.13.jar:/home/user/.m2/repository/org/codehaus/jackson/jackson-jaxrs/1.9.13/jackson-jaxrs-1.9.13.jar:/home/user/.m2/repository/org/codehaus/jackson/jackson-xc/1.9.13/jackson-xc-1.9.13.jar:/home/user/.m2/repository/com/sun/jersey/jersey-server/1.19/jersey-server-1.19.jar:/home/user/.m2/repository/commons-logging/commons-logging/1.1.3/commons-logging-1.1.3.jar:/home/user/.m2/repository/log4j/log4j/1.2.17/log4j-1.2.17.jar:/home/user/.m2/repository/commons-beanutils/commons-beanutils/1.9.4/commons-beanutils-1.9.4.jar:/home/user/.m2/repository/org/apache/commons/commons-configuration2/2.1.1/commons-configuration2-2.1.1.jar:/home/user/.m2/repository/org/apache/commons/commons-lang3/3.7/commons-lang3-3.7.jar:/home/user/.m2/repository/org/apache/commons/commons-text/1.4/commons-text-1.4.jar:/home/user/.m2/repository/org/slf4j/slf4j-api/1.7.25/slf4j-api-1.7.25.jar:/home/user/.m2/repository/org/slf4j/slf4j-log4j12/1.7.25/slf4j-log4j12-1.7.25.jar:/home/user/.m2/repository/org/apache/avro/avro/1.7.7/avro-1.7.7.jar:/home/user/.m2/repository/com/thoughtworks/paranamer/paranamer/2.3/paranamer-2.3.jar:/home/user/.m2/repository/org/xerial/snappy/snappy-java/1.0.5/snappy-java-1.0.5.jar:/home/user/.m2/repository/com/google/re2j/re2j/1.1/re2j-1.1.jar:/home/user/.m2/repository/com/google/protobuf/protobuf-java/2.5.0/protobuf-java-2.5.0.jar:/home/user/.m2/repository/com/google/code/gson/gson/2.2.4/gson-2.2.4.jar:/home/user/.m2/repository/org/apache/hadoop/hadoop-auth/3.2.0/hadoop-auth-3.2.0.jar:/home/user/.m2/repository/com/nimbusds/nimbus-jose-jwt/4.41.1/nimbus-jose-jwt-4.41.1.jar:/home/user/.m2/repository/com/github/stephenc/jcip/jcip-annotations/1.0-1/jcip-annotations-1.0-1.jar:/home/user/.m2/repository/net/minidev/json-smart/2.3/json-smart-2.3.jar:/home/user/.m2/repository/net/minidev/accessors-smart/1.2/accessors-smart-1.2.jar:/home/user/.m2/repository/org/apache/curator/curator-framework/2.12.0/curator-framework-2.12.0.jar:/home/user/.m2/repository/com/jcraft/jsch/0.1.54/jsch-0.1.54.jar:/home/user/.m2/repository/org/apache/curator/curator-client/2.12.0/curator-client-2.12.0.jar:/home/user/.m2/repository/org/apache/curator/curator-recipes/2.12.0/curator-recipes-2.12.0.jar:/home/user/.m2/repository/com/google/code/findbugs/jsr305/3.0.0/jsr305-3.0.0.jar:/home/user/.m2/repository/org/apache/htrace/htrace-core4/4.1.0-incubating/htrace-core4-4.1.0-incubating.jar:/home/user/.m2/repository/org/apache/zookeeper/zookeeper/3.4.13/zookeeper-3.4.13.jar:/home/user/.m2/repository/jline/jline/0.9.94/jline-0.9.94.jar:/home/user/.m2/repository/org/apache/yetus/audience-annotations/0.5.0/audience-annotations-0.5.0.jar:/home/user/.m2/repository/org/apache/commons/commons-compress/1.4.1/commons-compress-1.4.1.jar:/home/user/.m2/repository/org/tukaani/xz/1.0/xz-1.0.jar:/home/user/.m2/repository/org/apache/kerby/kerb-simplekdc/1.0.1/kerb-simplekdc-1.0.1.jar:/home/user/.m2/repository/org/apache/kerby/kerb-client/1.0.1/kerb-client-1.0.1.jar:/home/user/.m2/repository/org/apache/kerby/kerby-config/1.0.1/kerby-config-1.0.1.jar:/home/user/.m2/repository/org/apache/kerby/kerb-core/1.0.1/kerb-core-1.0.1.jar:/home/user/.m2/repository/org/apache/kerby/kerby-pkix/1.0.1/kerby-pkix-1.0.1.jar:/home/user/.m2/repository/org/apache/kerby/kerby-asn1/1.0.1/kerby-asn1-1.0.1.jar:/home/user/.m2/repository/org/apache/kerby/kerby-util/1.0.1/kerby-util-1.0.1.jar:/home/user/.m2/repository/org/apache/kerby/kerb-common/1.0.1/kerb-common-1.0.1.jar:/home/user/.m2/repository/org/apache/kerby/kerb-crypto/1.0.1/kerb-crypto-1.0.1.jar:/home/user/.m2/repository/org/apache/kerby/kerb-util/1.0.1/kerb-util-1.0.1.jar:/home/user/.m2/repository/org/apache/kerby/token-provider/1.0.1/token-provider-1.0.1.jar:/home/user/.m2/repository/org/apache/kerby/kerb-admin/1.0.1/kerb-admin-1.0.1.jar:/home/user/.m2/repository/org/apache/kerby/kerb-server/1.0.1/kerb-server-1.0.1.jar:/home/user/.m2/repository/org/apache/kerby/kerb-identity/1.0.1/kerb-identity-1.0.1.jar:/home/user/.m2/repository/org/apache/kerby/kerby-xdr/1.0.1/kerby-xdr-1.0.1.jar:/home/user/.m2/repository/com/fasterxml/jackson/core/jackson-databind/2.9.9/jackson-databind-2.9.9.jar:/home/user/.m2/repository/com/fasterxml/jackson/core/jackson-annotations/2.9.9/jackson-annotations-2.9.9.jar:/home/user/.m2/repository/com/fasterxml/jackson/core/jackson-core/2.9.9/jackson-core-2.9.9.jar:/home/user/.m2/repository/org/codehaus/woodstox/stax2-api/3.1.4/stax2-api-3.1.4.jar:/home/user/.m2/repository/com/fasterxml/woodstox/woodstox-core/5.0.3/woodstox-core-5.0.3.jar:/home/user/.m2/repository/dnsjava/dnsjava/2.1.7/dnsjava-2.1.7.jar:/home/user/.m2/repository/org/apache/hadoop/hadoop-hdfs/3.2.0/hadoop-hdfs-3.2.0.jar:/home/user/.m2/repository/org/eclipse/jetty/jetty-util-ajax/9.3.25.v20180904/jetty-util-ajax-9.3.25.v20180904.jar:/home/user/.m2/repository/commons-daemon/commons-daemon/1.0.13/commons-daemon-1.0.13.jar:/home/user/.m2/repository/io/netty/netty/3.10.5.Final/netty-3.10.5.Final.jar:/home/user/.m2/repository/io/netty/netty-all/4.0.52.Final/netty-all-4.0.52.Final.jar:/home/user/.m2/repository/org/fusesource/leveldbjni/leveldbjni-all/1.8/leveldbjni-all-1.8.jar:/home/user/.m2/repository/org/apache/hadoop/hadoop-hdds-common/0.5.0-SNAPSHOT/hadoop-hdds-common-0.5.0-SNAPSHOT.jar:/home/user/.m2/repository/org/apache/hadoop/hadoop-hdds-config/0.5.0-SNAPSHOT/hadoop-hdds-config-0.5.0-SNAPSHOT.jar:/home/user/.m2/repository/javax/annotation/javax.annotation-api/1.2/javax.annotation-api-1.2.jar:/home/user/.m2/repository/org/apache/ratis/ratis-server/0.5.0-d6d58d0-SNAPSHOT/ratis-server-0.5.0-d6d58d0-SNAPSHOT.jar:/home/user/.m2/repository/org/apache/ratis/ratis-thirdparty-misc/0.2.0/ratis-thirdparty-misc-0.2.0.jar:/home/user/.m2/repository/org/apache/ratis/ratis-proto/0.5.0-d6d58d0-SNAPSHOT/ratis-proto-0.5.0-d6d58d0-SNAPSHOT.jar:/home/user/.m2/repository/org/apache/ratis/ratis-common/0.5.0-d6d58d0-SNAPSHOT/ratis-common-0.5.0-d6d58d0-SNAPSHOT.jar:/home/user/.m2/repository/org/apache/ratis/ratis-client/0.5.0-d6d58d0-SNAPSHOT/ratis-client-0.5.0-d6d58d0-SNAPSHOT.jar:/home/user/.m2/repository/org/apache/ratis/ratis-metrics/0.5.0-d6d58d0-SNAPSHOT/ratis-metrics-0.5.0-d6d58d0-SNAPSHOT.jar:/home/user/.m2/repository/org/apache/ratis/ratis-netty/0.5.0-d6d58d0-SNAPSHOT/ratis-netty-0.5.0-d6d58d0-SNAPSHOT.jar:/home/user/.m2/repository/org/apache/ratis/ratis-grpc/0.5.0-d6d58d0-SNAPSHOT/ratis-grpc-0.5.0-d6d58d0-SNAPSHOT.jar:/home/user/.m2/repository/org/rocksdb/rocksdbjni/6.0.1/rocksdbjni-6.0.1.jar:/home/user/.m2/repository/org/apache/logging/log4j/log4j-api/2.11.0/log4j-api-2.11.0.jar:/home/user/.m2/repository/org/apache/logging/log4j/log4j-core/2.11.0/log4j-core-2.11.0.jar:/home/user/.m2/repository/com/lmax/disruptor/3.4.2/disruptor-3.4.2.jar:/home/user/.m2/repository/org/apache/commons/commons-pool2/2.6.0/commons-pool2-2.6.0.jar:/home/user/.m2/repository/org/bouncycastle/bcpkix-jdk15on/1.60/bcpkix-jdk15on-1.60.jar:/home/user/.m2/repository/commons-validator/commons-validator/1.6/commons-validator-1.6.jar:/home/user/.m2/repository/commons-digester/commons-digester/1.8.1/commons-digester-1.8.1.jar:/home/user/.m2/repository/io/jaegertracing/jaeger-client/0.34.0/jaeger-client-0.34.0.jar:/home/user/.m2/repository/io/jaegertracing/jaeger-thrift/0.34.0/jaeger-thrift-0.34.0.jar:/home/user/.m2/repository/org/apache/thrift/libthrift/0.12.0/libthrift-0.12.0.jar:/home/user/.m2/repository/com/squareup/okhttp3/okhttp/3.9.0/okhttp-3.9.0.jar:/home/user/.m2/repository/com/squareup/okio/okio/1.13.0/okio-1.13.0.jar:/home/user/.m2/repository/io/jaegertracing/jaeger-core/0.34.0/jaeger-core-0.34.0.jar:/home/user/.m2/repository/io/jaegertracing/jaeger-tracerresolver/0.34.0/jaeger-tracerresolver-0.34.0.jar:/home/user/.m2/repository/io/opentracing/contrib/opentracing-tracerresolver/0.1.5/opentracing-tracerresolver-0.1.5.jar:/home/user/.m2/repository/io/opentracing/opentracing-util/0.31.0/opentracing-util-0.31.0.jar:/home/user/.m2/repository/io/opentracing/opentracing-api/0.31.0/opentracing-api-0.31.0.jar:/home/user/.m2/repository/io/opentracing/opentracing-noop/0.31.0/opentracing-noop-0.31.0.jar:/home/user/.m2/repository/org/yaml/snakeyaml/1.16/snakeyaml-1.16.jar:/home/user/.m2/repository/org/apache/hadoop/hadoop-hdfs-client/3.2.0/hadoop-hdfs-client-3.2.0.jar:/home/user/.m2/repository/info/picocli/picocli/3.9.6/picocli-3.9.6.jar:/home/user/.m2/repository/org/apache/hadoop/hadoop-hdds-server-scm/0.5.0-SNAPSHOT/hadoop-hdds-server-scm-0.5.0-SNAPSHOT.jar:/home/user/.m2/repository/org/apache/hadoop/hadoop-hdds-docs/0.5.0-SNAPSHOT/hadoop-hdds-docs-0.5.0-SNAPSHOT.jar:/home/user/.m2/repository/io/dropwizard/metrics/metrics-core/3.2.4/metrics-core-3.2.4.jar:/home/user/.m2/repository/org/hamcrest/hamcrest-all/1.3/hamcrest-all-1.3.jar:/home/user/.m2/repository/org/bouncycastle/bcprov-jdk15on/1.60/bcprov-jdk15on-1.60.jar:/home/user/.m2/repository/org/apache/hadoop/hadoop-hdds-server-framework/0.5.0-SNAPSHOT/hadoop-hdds-server-framework-0.5.0-SNAPSHOT.jar:/home/user/.m2/repository/org/apache/hadoop/hadoop-ozone-ozone-manager/0.5.0-SNAPSHOT/hadoop-ozone-ozone-manager-0.5.0-SNAPSHOT.jar:/home/user/.m2/repository/org/apache/hadoop/hadoop-hdds-container-service/0.5.0-SNAPSHOT/hadoop-hdds-container-service-0.5.0-SNAPSHOT.jar:/home/user/.m2/repository/org/apache/hadoop/hadoop-hdds-client/0.5.0-SNAPSHOT/hadoop-hdds-client-0.5.0-SNAPSHOT.jar:/home/user/.m2/repository/org/apache/hadoop/hadoop-ozone-common/0.5.0-SNAPSHOT/hadoop-ozone-common-0.5.0-SNAPSHOT.jar:/home/user/.m2/repository/org/apache/hadoop/hadoop-hdds-tools/0.5.0-SNAPSHOT/hadoop-hdds-tools-0.5.0-SNAPSHOT.jar:/home/user/.m2/repository/org/xerial/sqlite-jdbc/3.25.2/sqlite-jdbc-3.25.2.jar:/home/user/.m2/repository/org/apache/httpcomponents/httpclient/4.5.2/httpclient-4.5.2.jar:/home/user/.m2/repository/org/apache/httpcomponents/httpcore/4.4.4/httpcore-4.4.4.jar:/home/user/.m2/repository/com/github/spotbugs/spotbugs/3.1.12/spotbugs-3.1.12.jar:/home/user/.m2/repository/org/ow2/asm/asm/5.0.4/asm-5.0.4.jar:/home/user/.m2/repository/org/ow2/asm/asm-analysis/7.0/asm-analysis-7.0.jar:/home/user/.m2/repository/org/ow2/asm/asm-commons/7.0/asm-commons-7.0.jar:/home/user/.m2/repository/org/ow2/asm/asm-tree/7.0/asm-tree-7.0.jar:/home/user/.m2/repository/org/ow2/asm/asm-util/7.0/asm-util-7.0.jar:/home/user/.m2/repository/org/apache/bcel/bcel/6.3/bcel-6.3.jar:/home/user/.m2/repository/net/jcip/jcip-annotations/1.0/jcip-annotations-1.0.jar:/home/user/.m2/repository/org/dom4j/dom4j/2.1.1/dom4j-2.1.1.jar:/home/user/.m2/repository/jaxen/jaxen/1.1.6/jaxen-1.1.6.jar:/home/user/.m2/repository/commons-lang/commons-lang/2.6/commons-lang-2.6.jar:/home/user/.m2/repository/com/github/spotbugs/spotbugs-annotations/3.1.12/spotbugs-annotations-3.1.12.jar:/home/user/.m2/repository/org/apache/hadoop/hadoop-common/3.2.0/hadoop-common-3.2.0-tests.jar:/home/user/.m2/repository/org/apache/hadoop/hadoop-ozone-client/0.5.0-SNAPSHOT/hadoop-ozone-client-0.5.0-SNAPSHOT.jar:/home/user/.m2/repository/org/apache/hadoop/hadoop-hdfs/3.2.0/hadoop-hdfs-3.2.0-tests.jar:/workdir/hadoop-ozone/integration-test/target/test-classes:/home/user/.m2/repository/org/apache/hadoop/hadoop-ozone-s3gateway/0.5.0-SNAPSHOT/hadoop-ozone-s3gateway-0.5.0-SNAPSHOT.jar:/home/user/.m2/repository/org/jboss/weld/servlet/weld-servlet/2.4.7.Final/weld-servlet-2.4.7.Final.jar:/home/user/.m2/repository/org/glassfish/jersey/containers/jersey-container-servlet-core/2.27/jersey-container-servlet-core-2.27.jar:/home/user/.m2/repository/org/glassfish/hk2/external/javax.inject/2.5.0-b42/javax.inject-2.5.0-b42.jar:/home/user/.m2/repository/org/glassfish/jersey/core/jersey-common/2.27/jersey-common-2.27.jar:/home/user/.m2/repository/org/glassfish/hk2/osgi-resource-locator/1.0.1/osgi-resource-locator-1.0.1.jar:/home/user/.m2/repository/javax/ws/rs/javax.ws.rs-api/2.1/javax.ws.rs-api-2.1.jar:/home/user/.m2/repository/org/glassfish/jersey/ext/cdi/jersey-cdi1x/2.27/jersey-cdi1x-2.27.jar:/home/user/.m2/repository/org/glassfish/jersey/inject/jersey-hk2/2.27/jersey-hk2-2.27.jar:/home/user/.m2/repository/org/glassfish/hk2/hk2-locator/2.5.0-b42/hk2-locator-2.5.0-b42.jar:/home/user/.m2/repository/org/javassist/javassist/3.22.0-CR2/javassist-3.22.0-CR2.jar:/home/user/.m2/repository/org/glassfish/hk2/hk2-api/2.5.0/hk2-api-2.5.0.jar:/home/user/.m2/repository/org/glassfish/hk2/external/jakarta.inject/2.5.0/jakarta.inject-2.5.0.jar:/home/user/.m2/repository/org/glassfish/hk2/hk2-utils/2.5.0/hk2-utils-2.5.0.jar:/home/user/.m2/repository/jakarta/annotation/jakarta.annotation-api/1.3.4/jakarta.annotation-api-1.3.4.jar:/home/user/.m2/repository/org/glassfish/hk2/external/aopalliance-repackaged/2.5.0/aopalliance-repackaged-2.5.0.jar:/home/user/.m2/repository/com/fasterxml/jackson/dataformat/jackson-dataformat-xml/2.9.0/jackson-dataformat-xml-2.9.0.jar:/home/user/.m2/repository/com/fasterxml/jackson/module/jackson-module-jaxb-annotations/2.9.9/jackson-module-jaxb-annotations-2.9.9.jar:/home/user/.m2/repository/javax/enterprise/cdi-api/1.2/cdi-api-1.2.jar:/home/user/.m2/repository/javax/el/javax.el-api/3.0.0/javax.el-api-3.0.0.jar:/home/user/.m2/repository/javax/interceptor/javax.interceptor-api/1.2/javax.interceptor-api-1.2.jar:/home/user/.m2/repository/javax/inject/javax.inject/1/javax.inject-1.jar:/home/user/.m2/repository/com/sun/xml/bind/jaxb-core/2.3.0.1/jaxb-core-2.3.0.1.jar:/home/user/.m2/repository/javax/xml/bind/jaxb-api/2.3.0/jaxb-api-2.3.0.jar:/home/user/.m2/repository/javax/activation/activation/1.1.1/activation-1.1.1.jar:/home/user/.m2/repository/org/apache/hadoop/hadoop-ozone-csi/0.5.0-SNAPSHOT/hadoop-ozone-csi-0.5.0-SNAPSHOT.jar:/home/user/.m2/repository/com/google/protobuf/protobuf-java-util/3.5.1/protobuf-java-util-3.5.1.jar:/home/user/.m2/repository/io/grpc/grpc-netty/1.17.1/grpc-netty-1.17.1.jar:/home/user/.m2/repository/io/grpc/grpc-core/1.17.1/grpc-core-1.17.1.jar:/home/user/.m2/repository/io/grpc/grpc-context/1.17.1/grpc-context-1.17.1.jar:/home/user/.m2/repository/com/google/errorprone/error_prone_annotations/2.2.0/error_prone_annotations-2.2.0.jar:/home/user/.m2/repository/org/codehaus/mojo/animal-sniffer-annotations/1.17/animal-sniffer-annotations-1.17.jar:/home/user/.m2/repository/io/opencensus/opencensus-api/0.17.0/opencensus-api-0.17.0.jar:/home/user/.m2/repository/io/opencensus/opencensus-contrib-grpc-metrics/0.17.0/opencensus-contrib-grpc-metrics-0.17.0.jar:/home/user/.m2/repository/io/netty/netty-codec-http2/4.1.30.Final/netty-codec-http2-4.1.30.Final.jar:/home/user/.m2/repository/io/netty/netty-codec-http/4.1.30.Final/netty-codec-http-4.1.30.Final.jar:/home/user/.m2/repository/io/netty/netty-codec/4.1.30.Final/netty-codec-4.1.30.Final.jar:/home/user/.m2/repository/io/netty/netty-handler/4.1.30.Final/netty-handler-4.1.30.Final.jar:/home/user/.m2/repository/io/netty/netty-handler-proxy/4.1.30.Final/netty-handler-proxy-4.1.30.Final.jar:/home/user/.m2/repository/io/netty/netty-codec-socks/4.1.30.Final/netty-codec-socks-4.1.30.Final.jar:/home/user/.m2/repository/io/netty/netty-transport-native-epoll/4.1.30.Final/netty-transport-native-epoll-4.1.30.Final.jar:/home/user/.m2/repository/io/netty/netty-common/4.1.30.Final/netty-common-4.1.30.Final.jar:/home/user/.m2/repository/io/netty/netty-buffer/4.1.30.Final/netty-buffer-4.1.30.Final.jar:/home/user/.m2/repository/io/netty/netty-transport/4.1.30.Final/netty-transport-4.1.30.Final.jar:/home/user/.m2/repository/io/netty/netty-resolver/4.1.30.Final/netty-resolver-4.1.30.Final.jar:/home/user/.m2/repository/io/netty/netty-transport-native-unix-common/4.1.30.Final/netty-transport-native-unix-common-4.1.30.Final.jar:/home/user/.m2/repository/io/grpc/grpc-protobuf/1.17.1/grpc-protobuf-1.17.1.jar:/home/user/.m2/repository/com/google/api/grpc/proto-google-common-protos/1.0.0/proto-google-common-protos-1.0.0.jar:/home/user/.m2/repository/io/grpc/grpc-protobuf-lite/1.17.1/grpc-protobuf-lite-1.17.1.jar:/home/user/.m2/repository/io/grpc/grpc-stub/1.17.1/grpc-stub-1.17.1.jar:/home/user/.m2/repository/org/apache/hadoop/hadoop-ozone-recon/0.5.0-SNAPSHOT/hadoop-ozone-recon-0.5.0-SNAPSHOT.jar:/home/user/.m2/repository/org/apache/hadoop/hadoop-ozone-reconcodegen/0.5.0-SNAPSHOT/hadoop-ozone-reconcodegen-0.5.0-SNAPSHOT.jar:/home/user/.m2/repository/com/google/inject/extensions/guice-multibindings/4.0/guice-multibindings-4.0.jar:/home/user/.m2/repository/com/google/inject/guice/4.0/guice-4.0.jar:/home/user/.m2/repository/aopalliance/aopalliance/1.0/aopalliance-1.0.jar:/home/user/.m2/repository/org/glassfish/jersey/containers/jersey-container-servlet/2.27/jersey-container-servlet-2.27.jar:/home/user/.m2/repository/org/glassfish/hk2/guice-bridge/2.5.0/guice-bridge-2.5.0.jar:/home/user/.m2/repository/org/glassfish/jersey/core/jersey-server/2.27/jersey-server-2.27.jar:/home/user/.m2/repository/org/glassfish/jersey/core/jersey-client/2.27/jersey-client-2.27.jar:/home/user/.m2/repository/org/glassfish/jersey/media/jersey-media-jaxb/2.27/jersey-media-jaxb-2.27.jar:/home/user/.m2/repository/javax/validation/validation-api/1.1.0.Final/validation-api-1.1.0.Final.jar:/home/user/.m2/repository/org/glassfish/jersey/media/jersey-media-json-jackson/2.27/jersey-media-json-jackson-2.27.jar:/home/user/.m2/repository/org/glassfish/jersey/ext/jersey-entity-filtering/2.27/jersey-entity-filtering-2.27.jar:/home/user/.m2/repository/com/google/inject/extensions/guice-assistedinject/4.0/guice-assistedinject-4.0.jar:/home/user/.m2/repository/org/jooq/jooq/3.11.10/jooq-3.11.10.jar:/home/user/.m2/repository/org/jooq/jooq-meta/3.11.10/jooq-meta-3.11.10.jar:/home/user/.m2/repository/org/jooq/jooq-codegen/3.11.10/jooq-codegen-3.11.10.jar:/home/user/.m2/repository/com/jolbox/bonecp/0.8.0.RELEASE/bonecp-0.8.0.RELEASE.jar:/home/user/.m2/repository/org/springframework/spring-jdbc/5.1.3.RELEASE/spring-jdbc-5.1.3.RELEASE.jar:/home/user/.m2/repository/org/springframework/spring-beans/5.1.3.RELEASE/spring-beans-5.1.3.RELEASE.jar:/home/user/.m2/repository/org/springframework/spring-core/5.1.3.RELEASE/spring-core-5.1.3.RELEASE.jar:/home/user/.m2/repository/org/springframework/spring-jcl/5.1.3.RELEASE/spring-jcl-5.1.3.RELEASE.jar:/home/user/.m2/repository/org/springframework/spring-tx/5.1.3.RELEASE/spring-tx-5.1.3.RELEASE.jar:/home/user/.m2/repository/org/mockito/mockito-all/1.10.19/mockito-all-1.10.19.jar:/home/user/.m2/repository/junit/junit/4.11/junit-4.11.jar:/home/user/.m2/repository/org/hamcrest/hamcrest-core/1.3/hamcrest-core-1.3.jar:/home/user/.m2/repository/org/apache/hadoop/hadoop-distcp/3.2.0/hadoop-distcp-3.2.0.jar:/home/user/.m2/repository/org/apache/hadoop/hadoop-distcp/3.2.0/hadoop-distcp-3.2.0-tests.jar:/home/user/.m2/repository/org/apache/hadoop/hadoop-mapreduce-client-jobclient/3.2.0/hadoop-mapreduce-client-jobclient-3.2.0.jar:/home/user/.m2/repository/org/apache/hadoop/hadoop-mapreduce-client-common/3.2.0/hadoop-mapreduce-client-common-3.2.0.jar:/home/user/.m2/repository/org/apache/hadoop/hadoop-yarn-common/3.2.0/hadoop-yarn-common-3.2.0.jar:/home/user/.m2/repository/org/apache/hadoop/hadoop-yarn-api/3.2.0/hadoop-yarn-api-3.2.0.jar:/home/user/.m2/repository/com/sun/jersey/jersey-client/1.19/jersey-client-1.19.jar:/home/user/.m2/repository/com/sun/jersey/contribs/jersey-guice/1.19/jersey-guice-1.19.jar:/home/user/.m2/repository/com/fasterxml/jackson/jaxrs/jackson-jaxrs-json-provider/2.9.9/jackson-jaxrs-json-provider-2.9.9.jar:/home/user/.m2/repository/com/fasterxml/jackson/jaxrs/jackson-jaxrs-base/2.9.9/jackson-jaxrs-base-2.9.9.jar:/home/user/.m2/repository/org/apache/hadoop/hadoop-yarn-client/3.2.0/hadoop-yarn-client-3.2.0.jar:/home/user/.m2/repository/org/apache/hadoop/hadoop-mapreduce-client-core/3.2.0/hadoop-mapreduce-client-core-3.2.0.jar:/home/user/.m2/repository/com/google/inject/extensions/guice-servlet/4.0/guice-servlet-4.0.jar:/home/user/.m2/repository/org/powermock/powermock-module-junit4/1.6.5/powermock-module-junit4-1.6.5.jar:/home/user/.m2/repository/org/powermock/powermock-module-junit4-common/1.6.5/powermock-module-junit4-common-1.6.5.jar:/home/user/.m2/repository/org/powermock/powermock-core/1.6.5/powermock-core-1.6.5.jar:/home/user/.m2/repository/org/powermock/powermock-reflect/1.6.5/powermock-reflect-1.6.5.jar:/home/user/.m2/repository/org/powermock/powermock-api-mockito/1.6.5/powermock-api-mockito-1.6.5.jar:/home/user/.m2/repository/org/mockito/mockito-core/1.10.19/mockito-core-1.10.19.jar:/home/user/.m2/repository/org/objenesis/objenesis/1.0/objenesis-1.0.jar:/home/user/.m2/repository/org/powermock/powermock-api-mockito-common/1.6.5/powermock-api-mockito-common-1.6.5.jar:/home/user/.m2/repository/org/powermock/powermock-api-support/1.6.5/powermock-api-support-1.6.5.jar:"/>
    <property name="java.vm.vendor" value="Oracle Corporation"/>
    <property name="sun.arch.data.model" value="64"/>
    <property name="test.build.dir" value="/workdir/hadoop-ozone/ozonefs/target/test-dir"/>
    <property name="test.cache.data" value=""/>
    <property name="java.vendor.url" value="http://java.oracle.com/"/>
    <property name="user.timezone" value=""/>
    <property name="java.vm.specification.version" value="1.8"/>
    <property name="os.name" value="Linux"/>
    <property name="test.build.data" value="/workdir/hadoop-ozone/ozonefs/target/test-dir"/>
    <property name="user.country" value="US"/>
    <property name="sun.java.launcher" value="SUN_STANDARD"/>
    <property name="sun.boot.library.path" value="/usr/lib/jvm/java-1.8.0-openjdk-1.8.0.222.b10-1.el7_7.x86_64/jre/lib/amd64"/>
    <property name="sun.java.command" value="/workdir/hadoop-ozone/ozonefs/target/surefire/surefirebooter5348857948378805615.jar /workdir/hadoop-ozone/ozonefs/target/surefire 2019-11-05T15-43-04_191-jvmRun1 surefire1779707550422771477tmp surefire_971098594752045496557tmp"/>
    <property name="surefire.test.class.path" value="/workdir/hadoop-ozone/ozonefs/target/test-classes:/workdir/hadoop-ozone/ozonefs/target/classes:/home/user/.m2/repository/org/apache/hadoop/hadoop-common/3.2.0/hadoop-common-3.2.0.jar:/home/user/.m2/repository/org/apache/hadoop/hadoop-annotations/3.2.0/hadoop-annotations-3.2.0.jar:/usr/lib/jvm/java-1.8.0-openjdk-1.8.0.222.b10-1.el7_7.x86_64/jre/../lib/tools.jar:/home/user/.m2/repository/com/google/guava/guava/11.0.2/guava-11.0.2.jar:/home/user/.m2/repository/commons-cli/commons-cli/1.2/commons-cli-1.2.jar:/home/user/.m2/repository/org/apache/commons/commons-math3/3.1.1/commons-math3-3.1.1.jar:/home/user/.m2/repository/commons-codec/commons-codec/1.11/commons-codec-1.11.jar:/home/user/.m2/repository/commons-io/commons-io/2.5/commons-io-2.5.jar:/home/user/.m2/repository/commons-net/commons-net/3.6/commons-net-3.6.jar:/home/user/.m2/repository/commons-collections/commons-collections/3.2.2/commons-collections-3.2.2.jar:/home/user/.m2/repository/javax/servlet/javax.servlet-api/3.1.0/javax.servlet-api-3.1.0.jar:/home/user/.m2/repository/org/eclipse/jetty/jetty-server/9.3.25.v20180904/jetty-server-9.3.25.v20180904.jar:/home/user/.m2/repository/org/eclipse/jetty/jetty-http/9.3.25.v20180904/jetty-http-9.3.25.v20180904.jar:/home/user/.m2/repository/org/eclipse/jetty/jetty-io/9.3.25.v20180904/jetty-io-9.3.25.v20180904.jar:/home/user/.m2/repository/org/eclipse/jetty/jetty-util/9.3.25.v20180904/jetty-util-9.3.25.v20180904.jar:/home/user/.m2/repository/org/eclipse/jetty/jetty-servlet/9.3.25.v20180904/jetty-servlet-9.3.25.v20180904.jar:/home/user/.m2/repository/org/eclipse/jetty/jetty-security/9.3.25.v20180904/jetty-security-9.3.25.v20180904.jar:/home/user/.m2/repository/org/eclipse/jetty/jetty-webapp/9.3.25.v20180904/jetty-webapp-9.3.25.v20180904.jar:/home/user/.m2/repository/org/eclipse/jetty/jetty-xml/9.3.25.v20180904/jetty-xml-9.3.25.v20180904.jar:/home/user/.m2/repository/javax/servlet/jsp/jsp-api/2.1/jsp-api-2.1.jar:/home/user/.m2/repository/com/sun/jersey/jersey-core/1.19/jersey-core-1.19.jar:/home/user/.m2/repository/javax/ws/rs/jsr311-api/1.1.1/jsr311-api-1.1.1.jar:/home/user/.m2/repository/com/sun/jersey/jersey-servlet/1.19/jersey-servlet-1.19.jar:/home/user/.m2/repository/com/sun/jersey/jersey-json/1.19/jersey-json-1.19.jar:/home/user/.m2/repository/org/codehaus/jettison/jettison/1.1/jettison-1.1.jar:/home/user/.m2/repository/com/sun/xml/bind/jaxb-impl/2.3.0.1/jaxb-impl-2.3.0.1.jar:/home/user/.m2/repository/org/codehaus/jackson/jackson-core-asl/1.9.13/jackson-core-asl-1.9.13.jar:/home/user/.m2/repository/org/codehaus/jackson/jackson-mapper-asl/1.9.13/jackson-mapper-asl-1.9.13.jar:/home/user/.m2/repository/org/codehaus/jackson/jackson-jaxrs/1.9.13/jackson-jaxrs-1.9.13.jar:/home/user/.m2/repository/org/codehaus/jackson/jackson-xc/1.9.13/jackson-xc-1.9.13.jar:/home/user/.m2/repository/com/sun/jersey/jersey-server/1.19/jersey-server-1.19.jar:/home/user/.m2/repository/commons-logging/commons-logging/1.1.3/commons-logging-1.1.3.jar:/home/user/.m2/repository/log4j/log4j/1.2.17/log4j-1.2.17.jar:/home/user/.m2/repository/commons-beanutils/commons-beanutils/1.9.4/commons-beanutils-1.9.4.jar:/home/user/.m2/repository/org/apache/commons/commons-configuration2/2.1.1/commons-configuration2-2.1.1.jar:/home/user/.m2/repository/org/apache/commons/commons-lang3/3.7/commons-lang3-3.7.jar:/home/user/.m2/repository/org/apache/commons/commons-text/1.4/commons-text-1.4.jar:/home/user/.m2/repository/org/slf4j/slf4j-api/1.7.25/slf4j-api-1.7.25.jar:/home/user/.m2/repository/org/slf4j/slf4j-log4j12/1.7.25/slf4j-log4j12-1.7.25.jar:/home/user/.m2/repository/org/apache/avro/avro/1.7.7/avro-1.7.7.jar:/home/user/.m2/repository/com/thoughtworks/paranamer/paranamer/2.3/paranamer-2.3.jar:/home/user/.m2/repository/org/xerial/snappy/snappy-java/1.0.5/snappy-java-1.0.5.jar:/home/user/.m2/repository/com/google/re2j/re2j/1.1/re2j-1.1.jar:/home/user/.m2/repository/com/google/protobuf/protobuf-java/2.5.0/protobuf-java-2.5.0.jar:/home/user/.m2/repository/com/google/code/gson/gson/2.2.4/gson-2.2.4.jar:/home/user/.m2/repository/org/apache/hadoop/hadoop-auth/3.2.0/hadoop-auth-3.2.0.jar:/home/user/.m2/repository/com/nimbusds/nimbus-jose-jwt/4.41.1/nimbus-jose-jwt-4.41.1.jar:/home/user/.m2/repository/com/github/stephenc/jcip/jcip-annotations/1.0-1/jcip-annotations-1.0-1.jar:/home/user/.m2/repository/net/minidev/json-smart/2.3/json-smart-2.3.jar:/home/user/.m2/repository/net/minidev/accessors-smart/1.2/accessors-smart-1.2.jar:/home/user/.m2/repository/org/apache/curator/curator-framework/2.12.0/curator-framework-2.12.0.jar:/home/user/.m2/repository/com/jcraft/jsch/0.1.54/jsch-0.1.54.jar:/home/user/.m2/repository/org/apache/curator/curator-client/2.12.0/curator-client-2.12.0.jar:/home/user/.m2/repository/org/apache/curator/curator-recipes/2.12.0/curator-recipes-2.12.0.jar:/home/user/.m2/repository/com/google/code/findbugs/jsr305/3.0.0/jsr305-3.0.0.jar:/home/user/.m2/repository/org/apache/htrace/htrace-core4/4.1.0-incubating/htrace-core4-4.1.0-incubating.jar:/home/user/.m2/repository/org/apache/zookeeper/zookeeper/3.4.13/zookeeper-3.4.13.jar:/home/user/.m2/repository/jline/jline/0.9.94/jline-0.9.94.jar:/home/user/.m2/repository/org/apache/yetus/audience-annotations/0.5.0/audience-annotations-0.5.0.jar:/home/user/.m2/repository/org/apache/commons/commons-compress/1.4.1/commons-compress-1.4.1.jar:/home/user/.m2/repository/org/tukaani/xz/1.0/xz-1.0.jar:/home/user/.m2/repository/org/apache/kerby/kerb-simplekdc/1.0.1/kerb-simplekdc-1.0.1.jar:/home/user/.m2/repository/org/apache/kerby/kerb-client/1.0.1/kerb-client-1.0.1.jar:/home/user/.m2/repository/org/apache/kerby/kerby-config/1.0.1/kerby-config-1.0.1.jar:/home/user/.m2/repository/org/apache/kerby/kerb-core/1.0.1/kerb-core-1.0.1.jar:/home/user/.m2/repository/org/apache/kerby/kerby-pkix/1.0.1/kerby-pkix-1.0.1.jar:/home/user/.m2/repository/org/apache/kerby/kerby-asn1/1.0.1/kerby-asn1-1.0.1.jar:/home/user/.m2/repository/org/apache/kerby/kerby-util/1.0.1/kerby-util-1.0.1.jar:/home/user/.m2/repository/org/apache/kerby/kerb-common/1.0.1/kerb-common-1.0.1.jar:/home/user/.m2/repository/org/apache/kerby/kerb-crypto/1.0.1/kerb-crypto-1.0.1.jar:/home/user/.m2/repository/org/apache/kerby/kerb-util/1.0.1/kerb-util-1.0.1.jar:/home/user/.m2/repository/org/apache/kerby/token-provider/1.0.1/token-provider-1.0.1.jar:/home/user/.m2/repository/org/apache/kerby/kerb-admin/1.0.1/kerb-admin-1.0.1.jar:/home/user/.m2/repository/org/apache/kerby/kerb-server/1.0.1/kerb-server-1.0.1.jar:/home/user/.m2/repository/org/apache/kerby/kerb-identity/1.0.1/kerb-identity-1.0.1.jar:/home/user/.m2/repository/org/apache/kerby/kerby-xdr/1.0.1/kerby-xdr-1.0.1.jar:/home/user/.m2/repository/com/fasterxml/jackson/core/jackson-databind/2.9.9/jackson-databind-2.9.9.jar:/home/user/.m2/repository/com/fasterxml/jackson/core/jackson-annotations/2.9.9/jackson-annotations-2.9.9.jar:/home/user/.m2/repository/com/fasterxml/jackson/core/jackson-core/2.9.9/jackson-core-2.9.9.jar:/home/user/.m2/repository/org/codehaus/woodstox/stax2-api/3.1.4/stax2-api-3.1.4.jar:/home/user/.m2/repository/com/fasterxml/woodstox/woodstox-core/5.0.3/woodstox-core-5.0.3.jar:/home/user/.m2/repository/dnsjava/dnsjava/2.1.7/dnsjava-2.1.7.jar:/home/user/.m2/repository/org/apache/hadoop/hadoop-hdfs/3.2.0/hadoop-hdfs-3.2.0.jar:/home/user/.m2/repository/org/eclipse/jetty/jetty-util-ajax/9.3.25.v20180904/jetty-util-ajax-9.3.25.v20180904.jar:/home/user/.m2/repository/commons-daemon/commons-daemon/1.0.13/commons-daemon-1.0.13.jar:/home/user/.m2/repository/io/netty/netty/3.10.5.Final/netty-3.10.5.Final.jar:/home/user/.m2/repository/io/netty/netty-all/4.0.52.Final/netty-all-4.0.52.Final.jar:/home/user/.m2/repository/org/fusesource/leveldbjni/leveldbjni-all/1.8/leveldbjni-all-1.8.jar:/home/user/.m2/repository/org/apache/hadoop/hadoop-hdds-common/0.5.0-SNAPSHOT/hadoop-hdds-common-0.5.0-SNAPSHOT.jar:/home/user/.m2/repository/org/apache/hadoop/hadoop-hdds-config/0.5.0-SNAPSHOT/hadoop-hdds-config-0.5.0-SNAPSHOT.jar:/home/user/.m2/repository/javax/annotation/javax.annotation-api/1.2/javax.annotation-api-1.2.jar:/home/user/.m2/repository/org/apache/ratis/ratis-server/0.5.0-d6d58d0-SNAPSHOT/ratis-server-0.5.0-d6d58d0-SNAPSHOT.jar:/home/user/.m2/repository/org/apache/ratis/ratis-thirdparty-misc/0.2.0/ratis-thirdparty-misc-0.2.0.jar:/home/user/.m2/repository/org/apache/ratis/ratis-proto/0.5.0-d6d58d0-SNAPSHOT/ratis-proto-0.5.0-d6d58d0-SNAPSHOT.jar:/home/user/.m2/repository/org/apache/ratis/ratis-common/0.5.0-d6d58d0-SNAPSHOT/ratis-common-0.5.0-d6d58d0-SNAPSHOT.jar:/home/user/.m2/repository/org/apache/ratis/ratis-client/0.5.0-d6d58d0-SNAPSHOT/ratis-client-0.5.0-d6d58d0-SNAPSHOT.jar:/home/user/.m2/repository/org/apache/ratis/ratis-metrics/0.5.0-d6d58d0-SNAPSHOT/ratis-metrics-0.5.0-d6d58d0-SNAPSHOT.jar:/home/user/.m2/repository/org/apache/ratis/ratis-netty/0.5.0-d6d58d0-SNAPSHOT/ratis-netty-0.5.0-d6d58d0-SNAPSHOT.jar:/home/user/.m2/repository/org/apache/ratis/ratis-grpc/0.5.0-d6d58d0-SNAPSHOT/ratis-grpc-0.5.0-d6d58d0-SNAPSHOT.jar:/home/user/.m2/repository/org/rocksdb/rocksdbjni/6.0.1/rocksdbjni-6.0.1.jar:/home/user/.m2/repository/org/apache/logging/log4j/log4j-api/2.11.0/log4j-api-2.11.0.jar:/home/user/.m2/repository/org/apache/logging/log4j/log4j-core/2.11.0/log4j-core-2.11.0.jar:/home/user/.m2/repository/com/lmax/disruptor/3.4.2/disruptor-3.4.2.jar:/home/user/.m2/repository/org/apache/commons/commons-pool2/2.6.0/commons-pool2-2.6.0.jar:/home/user/.m2/repository/org/bouncycastle/bcpkix-jdk15on/1.60/bcpkix-jdk15on-1.60.jar:/home/user/.m2/repository/commons-validator/commons-validator/1.6/commons-validator-1.6.jar:/home/user/.m2/repository/commons-digester/commons-digester/1.8.1/commons-digester-1.8.1.jar:/home/user/.m2/repository/io/jaegertracing/jaeger-client/0.34.0/jaeger-client-0.34.0.jar:/home/user/.m2/repository/io/jaegertracing/jaeger-thrift/0.34.0/jaeger-thrift-0.34.0.jar:/home/user/.m2/repository/org/apache/thrift/libthrift/0.12.0/libthrift-0.12.0.jar:/home/user/.m2/repository/com/squareup/okhttp3/okhttp/3.9.0/okhttp-3.9.0.jar:/home/user/.m2/repository/com/squareup/okio/okio/1.13.0/okio-1.13.0.jar:/home/user/.m2/repository/io/jaegertracing/jaeger-core/0.34.0/jaeger-core-0.34.0.jar:/home/user/.m2/repository/io/jaegertracing/jaeger-tracerresolver/0.34.0/jaeger-tracerresolver-0.34.0.jar:/home/user/.m2/repository/io/opentracing/contrib/opentracing-tracerresolver/0.1.5/opentracing-tracerresolver-0.1.5.jar:/home/user/.m2/repository/io/opentracing/opentracing-util/0.31.0/opentracing-util-0.31.0.jar:/home/user/.m2/repository/io/opentracing/opentracing-api/0.31.0/opentracing-api-0.31.0.jar:/home/user/.m2/repository/io/opentracing/opentracing-noop/0.31.0/opentracing-noop-0.31.0.jar:/home/user/.m2/repository/org/yaml/snakeyaml/1.16/snakeyaml-1.16.jar:/home/user/.m2/repository/org/apache/hadoop/hadoop-hdfs-client/3.2.0/hadoop-hdfs-client-3.2.0.jar:/home/user/.m2/repository/info/picocli/picocli/3.9.6/picocli-3.9.6.jar:/home/user/.m2/repository/org/apache/hadoop/hadoop-hdds-server-scm/0.5.0-SNAPSHOT/hadoop-hdds-server-scm-0.5.0-SNAPSHOT.jar:/home/user/.m2/repository/org/apache/hadoop/hadoop-hdds-docs/0.5.0-SNAPSHOT/hadoop-hdds-docs-0.5.0-SNAPSHOT.jar:/home/user/.m2/repository/io/dropwizard/metrics/metrics-core/3.2.4/metrics-core-3.2.4.jar:/home/user/.m2/repository/org/hamcrest/hamcrest-all/1.3/hamcrest-all-1.3.jar:/home/user/.m2/repository/org/bouncycastle/bcprov-jdk15on/1.60/bcprov-jdk15on-1.60.jar:/home/user/.m2/repository/org/apache/hadoop/hadoop-hdds-server-framework/0.5.0-SNAPSHOT/hadoop-hdds-server-framework-0.5.0-SNAPSHOT.jar:/home/user/.m2/repository/org/apache/hadoop/hadoop-ozone-ozone-manager/0.5.0-SNAPSHOT/hadoop-ozone-ozone-manager-0.5.0-SNAPSHOT.jar:/home/user/.m2/repository/org/apache/hadoop/hadoop-hdds-container-service/0.5.0-SNAPSHOT/hadoop-hdds-container-service-0.5.0-SNAPSHOT.jar:/home/user/.m2/repository/org/apache/hadoop/hadoop-hdds-client/0.5.0-SNAPSHOT/hadoop-hdds-client-0.5.0-SNAPSHOT.jar:/home/user/.m2/repository/org/apache/hadoop/hadoop-ozone-common/0.5.0-SNAPSHOT/hadoop-ozone-common-0.5.0-SNAPSHOT.jar:/home/user/.m2/repository/org/apache/hadoop/hadoop-hdds-tools/0.5.0-SNAPSHOT/hadoop-hdds-tools-0.5.0-SNAPSHOT.jar:/home/user/.m2/repository/org/xerial/sqlite-jdbc/3.25.2/sqlite-jdbc-3.25.2.jar:/home/user/.m2/repository/org/apache/httpcomponents/httpclient/4.5.2/httpclient-4.5.2.jar:/home/user/.m2/repository/org/apache/httpcomponents/httpcore/4.4.4/httpcore-4.4.4.jar:/home/user/.m2/repository/com/github/spotbugs/spotbugs/3.1.12/spotbugs-3.1.12.jar:/home/user/.m2/repository/org/ow2/asm/asm/5.0.4/asm-5.0.4.jar:/home/user/.m2/repository/org/ow2/asm/asm-analysis/7.0/asm-analysis-7.0.jar:/home/user/.m2/repository/org/ow2/asm/asm-commons/7.0/asm-commons-7.0.jar:/home/user/.m2/repository/org/ow2/asm/asm-tree/7.0/asm-tree-7.0.jar:/home/user/.m2/repository/org/ow2/asm/asm-util/7.0/asm-util-7.0.jar:/home/user/.m2/repository/org/apache/bcel/bcel/6.3/bcel-6.3.jar:/home/user/.m2/repository/net/jcip/jcip-annotations/1.0/jcip-annotations-1.0.jar:/home/user/.m2/repository/org/dom4j/dom4j/2.1.1/dom4j-2.1.1.jar:/home/user/.m2/repository/jaxen/jaxen/1.1.6/jaxen-1.1.6.jar:/home/user/.m2/repository/commons-lang/commons-lang/2.6/commons-lang-2.6.jar:/home/user/.m2/repository/com/github/spotbugs/spotbugs-annotations/3.1.12/spotbugs-annotations-3.1.12.jar:/home/user/.m2/repository/org/apache/hadoop/hadoop-common/3.2.0/hadoop-common-3.2.0-tests.jar:/home/user/.m2/repository/org/apache/hadoop/hadoop-ozone-client/0.5.0-SNAPSHOT/hadoop-ozone-client-0.5.0-SNAPSHOT.jar:/home/user/.m2/repository/org/apache/hadoop/hadoop-hdfs/3.2.0/hadoop-hdfs-3.2.0-tests.jar:/workdir/hadoop-ozone/integration-test/target/test-classes:/home/user/.m2/repository/org/apache/hadoop/hadoop-ozone-s3gateway/0.5.0-SNAPSHOT/hadoop-ozone-s3gateway-0.5.0-SNAPSHOT.jar:/home/user/.m2/repository/org/jboss/weld/servlet/weld-servlet/2.4.7.Final/weld-servlet-2.4.7.Final.jar:/home/user/.m2/repository/org/glassfish/jersey/containers/jersey-container-servlet-core/2.27/jersey-container-servlet-core-2.27.jar:/home/user/.m2/repository/org/glassfish/hk2/external/javax.inject/2.5.0-b42/javax.inject-2.5.0-b42.jar:/home/user/.m2/repository/org/glassfish/jersey/core/jersey-common/2.27/jersey-common-2.27.jar:/home/user/.m2/repository/org/glassfish/hk2/osgi-resource-locator/1.0.1/osgi-resource-locator-1.0.1.jar:/home/user/.m2/repository/javax/ws/rs/javax.ws.rs-api/2.1/javax.ws.rs-api-2.1.jar:/home/user/.m2/repository/org/glassfish/jersey/ext/cdi/jersey-cdi1x/2.27/jersey-cdi1x-2.27.jar:/home/user/.m2/repository/org/glassfish/jersey/inject/jersey-hk2/2.27/jersey-hk2-2.27.jar:/home/user/.m2/repository/org/glassfish/hk2/hk2-locator/2.5.0-b42/hk2-locator-2.5.0-b42.jar:/home/user/.m2/repository/org/javassist/javassist/3.22.0-CR2/javassist-3.22.0-CR2.jar:/home/user/.m2/repository/org/glassfish/hk2/hk2-api/2.5.0/hk2-api-2.5.0.jar:/home/user/.m2/repository/org/glassfish/hk2/external/jakarta.inject/2.5.0/jakarta.inject-2.5.0.jar:/home/user/.m2/repository/org/glassfish/hk2/hk2-utils/2.5.0/hk2-utils-2.5.0.jar:/home/user/.m2/repository/jakarta/annotation/jakarta.annotation-api/1.3.4/jakarta.annotation-api-1.3.4.jar:/home/user/.m2/repository/org/glassfish/hk2/external/aopalliance-repackaged/2.5.0/aopalliance-repackaged-2.5.0.jar:/home/user/.m2/repository/com/fasterxml/jackson/dataformat/jackson-dataformat-xml/2.9.0/jackson-dataformat-xml-2.9.0.jar:/home/user/.m2/repository/com/fasterxml/jackson/module/jackson-module-jaxb-annotations/2.9.9/jackson-module-jaxb-annotations-2.9.9.jar:/home/user/.m2/repository/javax/enterprise/cdi-api/1.2/cdi-api-1.2.jar:/home/user/.m2/repository/javax/el/javax.el-api/3.0.0/javax.el-api-3.0.0.jar:/home/user/.m2/repository/javax/interceptor/javax.interceptor-api/1.2/javax.interceptor-api-1.2.jar:/home/user/.m2/repository/javax/inject/javax.inject/1/javax.inject-1.jar:/home/user/.m2/repository/com/sun/xml/bind/jaxb-core/2.3.0.1/jaxb-core-2.3.0.1.jar:/home/user/.m2/repository/javax/xml/bind/jaxb-api/2.3.0/jaxb-api-2.3.0.jar:/home/user/.m2/repository/javax/activation/activation/1.1.1/activation-1.1.1.jar:/home/user/.m2/repository/org/apache/hadoop/hadoop-ozone-csi/0.5.0-SNAPSHOT/hadoop-ozone-csi-0.5.0-SNAPSHOT.jar:/home/user/.m2/repository/com/google/protobuf/protobuf-java-util/3.5.1/protobuf-java-util-3.5.1.jar:/home/user/.m2/repository/io/grpc/grpc-netty/1.17.1/grpc-netty-1.17.1.jar:/home/user/.m2/repository/io/grpc/grpc-core/1.17.1/grpc-core-1.17.1.jar:/home/user/.m2/repository/io/grpc/grpc-context/1.17.1/grpc-context-1.17.1.jar:/home/user/.m2/repository/com/google/errorprone/error_prone_annotations/2.2.0/error_prone_annotations-2.2.0.jar:/home/user/.m2/repository/org/codehaus/mojo/animal-sniffer-annotations/1.17/animal-sniffer-annotations-1.17.jar:/home/user/.m2/repository/io/opencensus/opencensus-api/0.17.0/opencensus-api-0.17.0.jar:/home/user/.m2/repository/io/opencensus/opencensus-contrib-grpc-metrics/0.17.0/opencensus-contrib-grpc-metrics-0.17.0.jar:/home/user/.m2/repository/io/netty/netty-codec-http2/4.1.30.Final/netty-codec-http2-4.1.30.Final.jar:/home/user/.m2/repository/io/netty/netty-codec-http/4.1.30.Final/netty-codec-http-4.1.30.Final.jar:/home/user/.m2/repository/io/netty/netty-codec/4.1.30.Final/netty-codec-4.1.30.Final.jar:/home/user/.m2/repository/io/netty/netty-handler/4.1.30.Final/netty-handler-4.1.30.Final.jar:/home/user/.m2/repository/io/netty/netty-handler-proxy/4.1.30.Final/netty-handler-proxy-4.1.30.Final.jar:/home/user/.m2/repository/io/netty/netty-codec-socks/4.1.30.Final/netty-codec-socks-4.1.30.Final.jar:/home/user/.m2/repository/io/netty/netty-transport-native-epoll/4.1.30.Final/netty-transport-native-epoll-4.1.30.Final.jar:/home/user/.m2/repository/io/netty/netty-common/4.1.30.Final/netty-common-4.1.30.Final.jar:/home/user/.m2/repository/io/netty/netty-buffer/4.1.30.Final/netty-buffer-4.1.30.Final.jar:/home/user/.m2/repository/io/netty/netty-transport/4.1.30.Final/netty-transport-4.1.30.Final.jar:/home/user/.m2/repository/io/netty/netty-resolver/4.1.30.Final/netty-resolver-4.1.30.Final.jar:/home/user/.m2/repository/io/netty/netty-transport-native-unix-common/4.1.30.Final/netty-transport-native-unix-common-4.1.30.Final.jar:/home/user/.m2/repository/io/grpc/grpc-protobuf/1.17.1/grpc-protobuf-1.17.1.jar:/home/user/.m2/repository/com/google/api/grpc/proto-google-common-protos/1.0.0/proto-google-common-protos-1.0.0.jar:/home/user/.m2/repository/io/grpc/grpc-protobuf-lite/1.17.1/grpc-protobuf-lite-1.17.1.jar:/home/user/.m2/repository/io/grpc/grpc-stub/1.17.1/grpc-stub-1.17.1.jar:/home/user/.m2/repository/org/apache/hadoop/hadoop-ozone-recon/0.5.0-SNAPSHOT/hadoop-ozone-recon-0.5.0-SNAPSHOT.jar:/home/user/.m2/repository/org/apache/hadoop/hadoop-ozone-reconcodegen/0.5.0-SNAPSHOT/hadoop-ozone-reconcodegen-0.5.0-SNAPSHOT.jar:/home/user/.m2/repository/com/google/inject/extensions/guice-multibindings/4.0/guice-multibindings-4.0.jar:/home/user/.m2/repository/com/google/inject/guice/4.0/guice-4.0.jar:/home/user/.m2/repository/aopalliance/aopalliance/1.0/aopalliance-1.0.jar:/home/user/.m2/repository/org/glassfish/jersey/containers/jersey-container-servlet/2.27/jersey-container-servlet-2.27.jar:/home/user/.m2/repository/org/glassfish/hk2/guice-bridge/2.5.0/guice-bridge-2.5.0.jar:/home/user/.m2/repository/org/glassfish/jersey/core/jersey-server/2.27/jersey-server-2.27.jar:/home/user/.m2/repository/org/glassfish/jersey/core/jersey-client/2.27/jersey-client-2.27.jar:/home/user/.m2/repository/org/glassfish/jersey/media/jersey-media-jaxb/2.27/jersey-media-jaxb-2.27.jar:/home/user/.m2/repository/javax/validation/validation-api/1.1.0.Final/validation-api-1.1.0.Final.jar:/home/user/.m2/repository/org/glassfish/jersey/media/jersey-media-json-jackson/2.27/jersey-media-json-jackson-2.27.jar:/home/user/.m2/repository/org/glassfish/jersey/ext/jersey-entity-filtering/2.27/jersey-entity-filtering-2.27.jar:/home/user/.m2/repository/com/google/inject/extensions/guice-assistedinject/4.0/guice-assistedinject-4.0.jar:/home/user/.m2/repository/org/jooq/jooq/3.11.10/jooq-3.11.10.jar:/home/user/.m2/repository/org/jooq/jooq-meta/3.11.10/jooq-meta-3.11.10.jar:/home/user/.m2/repository/org/jooq/jooq-codegen/3.11.10/jooq-codegen-3.11.10.jar:/home/user/.m2/repository/com/jolbox/bonecp/0.8.0.RELEASE/bonecp-0.8.0.RELEASE.jar:/home/user/.m2/repository/org/springframework/spring-jdbc/5.1.3.RELEASE/spring-jdbc-5.1.3.RELEASE.jar:/home/user/.m2/repository/org/springframework/spring-beans/5.1.3.RELEASE/spring-beans-5.1.3.RELEASE.jar:/home/user/.m2/repository/org/springframework/spring-core/5.1.3.RELEASE/spring-core-5.1.3.RELEASE.jar:/home/user/.m2/repository/org/springframework/spring-jcl/5.1.3.RELEASE/spring-jcl-5.1.3.RELEASE.jar:/home/user/.m2/repository/org/springframework/spring-tx/5.1.3.RELEASE/spring-tx-5.1.3.RELEASE.jar:/home/user/.m2/repository/org/mockito/mockito-all/1.10.19/mockito-all-1.10.19.jar:/home/user/.m2/repository/junit/junit/4.11/junit-4.11.jar:/home/user/.m2/repository/org/hamcrest/hamcrest-core/1.3/hamcrest-core-1.3.jar:/home/user/.m2/repository/org/apache/hadoop/hadoop-distcp/3.2.0/hadoop-distcp-3.2.0.jar:/home/user/.m2/repository/org/apache/hadoop/hadoop-distcp/3.2.0/hadoop-distcp-3.2.0-tests.jar:/home/user/.m2/repository/org/apache/hadoop/hadoop-mapreduce-client-jobclient/3.2.0/hadoop-mapreduce-client-jobclient-3.2.0.jar:/home/user/.m2/repository/org/apache/hadoop/hadoop-mapreduce-client-common/3.2.0/hadoop-mapreduce-client-common-3.2.0.jar:/home/user/.m2/repository/org/apache/hadoop/hadoop-yarn-common/3.2.0/hadoop-yarn-common-3.2.0.jar:/home/user/.m2/repository/org/apache/hadoop/hadoop-yarn-api/3.2.0/hadoop-yarn-api-3.2.0.jar:/home/user/.m2/repository/com/sun/jersey/jersey-client/1.19/jersey-client-1.19.jar:/home/user/.m2/repository/com/sun/jersey/contribs/jersey-guice/1.19/jersey-guice-1.19.jar:/home/user/.m2/repository/com/fasterxml/jackson/jaxrs/jackson-jaxrs-json-provider/2.9.9/jackson-jaxrs-json-provider-2.9.9.jar:/home/user/.m2/repository/com/fasterxml/jackson/jaxrs/jackson-jaxrs-base/2.9.9/jackson-jaxrs-base-2.9.9.jar:/home/user/.m2/repository/org/apache/hadoop/hadoop-yarn-client/3.2.0/hadoop-yarn-client-3.2.0.jar:/home/user/.m2/repository/org/apache/hadoop/hadoop-mapreduce-client-core/3.2.0/hadoop-mapreduce-client-core-3.2.0.jar:/home/user/.m2/repository/com/google/inject/extensions/guice-servlet/4.0/guice-servlet-4.0.jar:/home/user/.m2/repository/org/powermock/powermock-module-junit4/1.6.5/powermock-module-junit4-1.6.5.jar:/home/user/.m2/repository/org/powermock/powermock-module-junit4-common/1.6.5/powermock-module-junit4-common-1.6.5.jar:/home/user/.m2/repository/org/powermock/powermock-core/1.6.5/powermock-core-1.6.5.jar:/home/user/.m2/repository/org/powermock/powermock-reflect/1.6.5/powermock-reflect-1.6.5.jar:/home/user/.m2/repository/org/powermock/powermock-api-mockito/1.6.5/powermock-api-mockito-1.6.5.jar:/home/user/.m2/repository/org/mockito/mockito-core/1.10.19/mockito-core-1.10.19.jar:/home/user/.m2/repository/org/objenesis/objenesis/1.0/objenesis-1.0.jar:/home/user/.m2/repository/org/powermock/powermock-api-mockito-common/1.6.5/powermock-api-mockito-common-1.6.5.jar:/home/user/.m2/repository/org/powermock/powermock-api-support/1.6.5/powermock-api-support-1.6.5.jar:"/>
    <property name="sun.cpu.endian" value="little"/>
    <property name="user.home" value="/home/user"/>
    <property name="user.language" value="en"/>
    <property name="java.specification.vendor" value="Oracle Corporation"/>
    <property name="java.home" value="/usr/lib/jvm/java-1.8.0-openjdk-1.8.0.222.b10-1.el7_7.x86_64/jre"/>
    <property name="surefire.excludesFile" value="/tools/ozone-bad-unit-tests"/>
    <property name="java.security.krb5.conf" value="/workdir/hadoop-ozone/ozonefs/target/test-classes/krb5.conf"/>
    <property name="basedir" value="/workdir/hadoop-ozone/ozonefs"/>
    <property name="file.separator" value="/"/>
    <property name="line.separator" value="&#10;"/>
    <property name="java.vm.specification.vendor" value="Oracle Corporation"/>
    <property name="java.specification.name" value="Java Platform API Specification"/>
    <property name="java.awt.graphicsenv" value="sun.awt.X11GraphicsEnvironment"/>
    <property name="surefire.real.class.path" value="/workdir/hadoop-ozone/ozonefs/target/surefire/surefirebooter5348857948378805615.jar"/>
    <property name="hadoop.log.dir" value="/workdir/hadoop-ozone/ozonefs/target/log"/>
    <property name="sun.boot.class.path" value="/usr/lib/jvm/java-1.8.0-openjdk-1.8.0.222.b10-1.el7_7.x86_64/jre/lib/resources.jar:/usr/lib/jvm/java-1.8.0-openjdk-1.8.0.222.b10-1.el7_7.x86_64/jre/lib/rt.jar:/usr/lib/jvm/java-1.8.0-openjdk-1.8.0.222.b10-1.el7_7.x86_64/jre/lib/sunrsasign.jar:/usr/lib/jvm/java-1.8.0-openjdk-1.8.0.222.b10-1.el7_7.x86_64/jre/lib/jsse.jar:/usr/lib/jvm/java-1.8.0-openjdk-1.8.0.222.b10-1.el7_7.x86_64/jre/lib/jce.jar:/usr/lib/jvm/java-1.8.0-openjdk-1.8.0.222.b10-1.el7_7.x86_64/jre/lib/charsets.jar:/usr/lib/jvm/java-1.8.0-openjdk-1.8.0.222.b10-1.el7_7.x86_64/jre/lib/jfr.jar:/usr/lib/jvm/java-1.8.0-openjdk-1.8.0.222.b10-1.el7_7.x86_64/jre/classes"/>
    <property name="sun.management.compiler" value="HotSpot 64-Bit Tiered Compilers"/>
    <property name="java.runtime.version" value="1.8.0_222-b10"/>
    <property name="java.net.preferIPv4Stack" value="true"/>
    <property name="user.name" value="jenkins1000"/>
    <property name="path.separator" value=":"/>
    <property name="java.security.egd" value="file:///dev/urandom"/>
    <property name="os.version" value="3.10.0-957.12.2.el7.x86_64"/>
    <property name="java.endorsed.dirs" value="/usr/lib/jvm/java-1.8.0-openjdk-1.8.0.222.b10-1.el7_7.x86_64/jre/lib/endorsed"/>
    <property name="java.runtime.name" value="OpenJDK Runtime Environment"/>
    <property name="file.encoding" value="ANSI_X3.4-1968"/>
    <property name="java.vm.name" value="OpenJDK 64-Bit Server VM"/>
    <property name="test.build.webapps" value=""/>
    <property name="localRepository" value="/home/user/.m2/repository"/>
    <property name="java.vendor.url.bug" value="http://bugreport.sun.com/bugreport/"/>
    <property name="java.io.tmpdir" value="/tmp"/>
    <property name="require.test.libhadoop" value=""/>
    <property name="java.version" value="1.8.0_222"/>
    <property name="user.dir" value="/workdir/hadoop-ozone/ozonefs"/>
    <property name="os.arch" value="amd64"/>
    <property name="java.vm.specification.name" value="Java Virtual Machine Specification"/>
    <property name="test.build.classes" value="/workdir/hadoop-ozone/ozonefs/target/test-classes"/>
    <property name="java.awt.printerjob" value="sun.print.PSPrinterJob"/>
    <property name="sun.os.patch.level" value="unknown"/>
    <property name="hadoop.tmp.dir" value="/workdir/hadoop-ozone/ozonefs/target/tmp"/>
    <property name="java.library.path" value="/usr/lib:/workdir/hadoop-ozone/ozonefs/target/native/target/usr/local/lib:/workdir/hadoop-ozone/ozonefs/../../hadoop-common-project/hadoop-common/target/native/target/usr/local/lib:/usr/java/packages/lib/amd64:/usr/lib64:/lib64:/lib:/usr/lib"/>
    <property name="java.vm.info" value="mixed mode"/>
    <property name="java.vendor" value="Oracle Corporation"/>
    <property name="java.vm.version" value="25.222-b10"/>
    <property name="java.ext.dirs" value="/usr/lib/jvm/java-1.8.0-openjdk-1.8.0.222.b10-1.el7_7.x86_64/jre/lib/ext:/usr/java/packages/lib/ext"/>
    <property name="sun.io.unicode.encoding" value="UnicodeLittle"/>
    <property name="java.class.version" value="52.0"/>
  </properties>
  <testcase name="testOzoneFsServiceLoader" classname="org.apache.hadoop.fs.ozone.TestOzoneFileSystem" time="21.653"/>
  <testcase name="testListStatusOnRoot" classname="org.apache.hadoop.fs.ozone.TestOzoneFileSystem" time="16.717"/>
  <testcase name="testListStatusOnSubDirs" classname="org.apache.hadoop.fs.ozone.TestOzoneFileSystem" time="16.777"/>
  <testcase name="testListStatus" classname="org.apache.hadoop.fs.ozone.TestOzoneFileSystem" time="16.661"/>
  <testcase name="testCreateDoesNotAddParentDirKeys" classname="org.apache.hadoop.fs.ozone.TestOzoneFileSystem" time="16.755"/>
  <testcase name="testDeleteCreatesFakeParentDir" classname="org.apache.hadoop.fs.ozone.TestOzoneFileSystem" time="16.72"/>
  <testcase name="testNonExplicitlyCreatedPathExistsAfterItsLeafsWereRemoved" classname="org.apache.hadoop.fs.ozone.TestOzoneFileSystem" time="16.3">
    <failure message="Statuses array is not empty expected:&lt;0&gt; but was:&lt;1&gt;" type="java.lang.AssertionError"><![CDATA[java.lang.AssertionError: Statuses array is not empty expected:<0> but was:<1>
	at org.junit.Assert.fail(Assert.java:88)
	at org.junit.Assert.failNotEquals(Assert.java:743)
	at org.junit.Assert.assertEquals(Assert.java:118)
	at org.junit.Assert.assertEquals(Assert.java:555)
	at org.apache.hadoop.fs.ozone.TestOzoneFileSystem.testNonExplicitlyCreatedPathExistsAfterItsLeafsWereRemoved(TestOzoneFileSystem.java:286)
	at sun.reflect.NativeMethodAccessorImpl.invoke0(Native Method)
	at sun.reflect.NativeMethodAccessorImpl.invoke(NativeMethodAccessorImpl.java:62)
	at sun.reflect.DelegatingMethodAccessorImpl.invoke(DelegatingMethodAccessorImpl.java:43)
	at java.lang.reflect.Method.invoke(Method.java:498)
	at org.junit.runners.model.FrameworkMethod$1.runReflectiveCall(FrameworkMethod.java:47)
	at org.junit.internal.runners.model.ReflectiveCallable.run(ReflectiveCallable.java:12)
	at org.junit.runners.model.FrameworkMethod.invokeExplosively(FrameworkMethod.java:44)
	at org.junit.internal.runners.statements.InvokeMethod.evaluate(InvokeMethod.java:17)
	at org.junit.internal.runners.statements.RunBefores.evaluate(RunBefores.java:26)
	at org.junit.internal.runners.statements.RunAfters.evaluate(RunAfters.java:27)
	at org.junit.internal.runners.statements.FailOnTimeout$StatementThread.run(FailOnTimeout.java:74)
]]></failure>
    <system-out><![CDATA[2019-11-05 17:59:16,802 [Thread-1306] WARN  server.ServerUtils (ServerUtils.java:getScmDbDir(145)) - ozone.scm.db.dirs is not configured. We recommend adding this setting. Falling back to ozone.metadata.dirs instead.
2019-11-05 17:59:16,816 [Thread-1306] WARN  server.ServerUtils (ServerUtils.java:getScmDbDir(145)) - ozone.scm.db.dirs is not configured. We recommend adding this setting. Falling back to ozone.metadata.dirs instead.
2019-11-05 17:59:16,816 [Thread-1306] WARN  server.ServerUtils (ServerUtils.java:getScmDbDir(145)) - ozone.scm.db.dirs is not configured. We recommend adding this setting. Falling back to ozone.metadata.dirs instead.
2019-11-05 17:59:16,817 [Thread-1306] INFO  db.DBStoreBuilder (DBStoreBuilder.java:addTable(127)) - using custom profile for table: deletedBlocks
2019-11-05 17:59:16,817 [Thread-1306] INFO  db.DBStoreBuilder (DBStoreBuilder.java:processTables(183)) - Using default column profile:DBProfile.DISK for Table:deletedBlocks
2019-11-05 17:59:16,817 [Thread-1306] INFO  db.DBStoreBuilder (DBStoreBuilder.java:addTable(127)) - using custom profile for table: validCerts
2019-11-05 17:59:16,817 [Thread-1306] INFO  db.DBStoreBuilder (DBStoreBuilder.java:processTables(183)) - Using default column profile:DBProfile.DISK for Table:validCerts
2019-11-05 17:59:16,817 [Thread-1306] INFO  db.DBStoreBuilder (DBStoreBuilder.java:addTable(127)) - using custom profile for table: revokedCerts
2019-11-05 17:59:16,817 [Thread-1306] INFO  db.DBStoreBuilder (DBStoreBuilder.java:processTables(183)) - Using default column profile:DBProfile.DISK for Table:revokedCerts
2019-11-05 17:59:16,818 [Thread-1306] INFO  db.DBStoreBuilder (DBStoreBuilder.java:addTable(127)) - using custom profile for table: default
2019-11-05 17:59:16,818 [Thread-1306] INFO  db.DBStoreBuilder (DBStoreBuilder.java:processTables(189)) - Using default column profile:DBProfile.DISK for Table:default
2019-11-05 17:59:16,818 [Thread-1306] INFO  db.DBStoreBuilder (DBStoreBuilder.java:getDbProfile(220)) - Using default options. DBProfile.DISK
2019-11-05 17:59:16,911 [Thread-1306] INFO  net.NodeSchemaLoader (NodeSchemaLoader.java:loadSchemaFromFile(125)) - Loading file from sun.misc.CompoundEnumeration@309fff60
2019-11-05 17:59:16,911 [Thread-1306] INFO  net.NodeSchemaLoader (NodeSchemaLoader.java:loadSchema(171)) - Loading network topology layer schema file
2019-11-05 17:59:16,915 [Thread-1306] WARN  server.ServerUtils (ServerUtils.java:sanitizeUserArgs(70)) - ozone.scm.stale.node.interval value = 300000 is larger than max = 100000 based on the key value of ozone.scm.heartbeat.thread.interval, reset to the max value 100000.
2019-11-05 17:59:16,915 [Thread-1306] WARN  server.ServerUtils (ServerUtils.java:sanitizeUserArgs(70)) - ozone.scm.stale.node.interval value = 300000 is larger than max = 100000 based on the key value of ozone.scm.heartbeat.thread.interval, reset to the max value 100000.
2019-11-05 17:59:16,916 [Thread-1306] INFO  node.SCMNodeManager (SCMNodeManager.java:<init>(116)) - Entering startup safe mode.
2019-11-05 17:59:16,916 [Thread-1306] INFO  algorithms.ContainerPlacementPolicyFactory (ContainerPlacementPolicyFactory.java:getPolicy(57)) - Create container placement policy of type org.apache.hadoop.hdds.scm.container.placement.algorithms.SCMContainerPlacementRandom
2019-11-05 17:59:16,916 [Thread-1306] WARN  server.ServerUtils (ServerUtils.java:getScmDbDir(145)) - ozone.scm.db.dirs is not configured. We recommend adding this setting. Falling back to ozone.metadata.dirs instead.
2019-11-05 17:59:16,935 [Thread-1306] INFO  pipeline.SCMPipelineManager (SCMPipelineManager.java:initializePipelineState(132)) - No pipeline exists in current db
2019-11-05 17:59:16,936 [Thread-1306] WARN  server.ServerUtils (ServerUtils.java:getScmDbDir(145)) - ozone.scm.db.dirs is not configured. We recommend adding this setting. Falling back to ozone.metadata.dirs instead.
2019-11-05 17:59:16,955 [Thread-1306] WARN  events.EventQueue (EventQueue.java:fireEvent(183)) - No event handler registered for event TypedEvent{payloadType=SafeModeStatus, name='SafeModeStatus'}
2019-11-05 17:59:16,955 [Thread-1306] INFO  ipc.CallQueueManager (CallQueueManager.java:<init>(84)) - Using callQueue: class java.util.concurrent.LinkedBlockingQueue, queueCapacity: 2000, scheduler: class org.apache.hadoop.ipc.DefaultRpcScheduler, ipcBackoff: false.
2019-11-05 17:59:16,956 [Socket Reader #1 for port 37501] INFO  ipc.Server (Server.java:run(1074)) - Starting Socket Reader #1 for port 37501
2019-11-05 17:59:16,957 [Thread-1306] INFO  ipc.CallQueueManager (CallQueueManager.java:<init>(84)) - Using callQueue: class java.util.concurrent.LinkedBlockingQueue, queueCapacity: 2000, scheduler: class org.apache.hadoop.ipc.DefaultRpcScheduler, ipcBackoff: false.
2019-11-05 17:59:16,958 [Socket Reader #1 for port 40518] INFO  ipc.Server (Server.java:run(1074)) - Starting Socket Reader #1 for port 40518
2019-11-05 17:59:16,959 [Thread-1306] INFO  ipc.CallQueueManager (CallQueueManager.java:<init>(84)) - Using callQueue: class java.util.concurrent.LinkedBlockingQueue, queueCapacity: 2000, scheduler: class org.apache.hadoop.ipc.DefaultRpcScheduler, ipcBackoff: false.
2019-11-05 17:59:16,959 [Socket Reader #1 for port 40716] INFO  ipc.Server (Server.java:run(1074)) - Starting Socket Reader #1 for port 40716
2019-11-05 17:59:16,961 [Thread-1306] INFO  hdfs.DFSUtil (DFSUtil.java:httpServerTemplateForNNAndJN(1641)) - Starting Web-server for scm at: http://0.0.0.0:0
2019-11-05 17:59:16,963 [Thread-1306] INFO  server.AuthenticationFilter (AuthenticationFilter.java:constructSecretProvider(240)) - Unable to initialize FileSignerSecretProvider, falling back to use random secrets.
2019-11-05 17:59:16,963 [Thread-1306] WARN  http.HttpRequestLog (HttpRequestLog.java:getRequestLog(97)) - Jetty request log can only be enabled using Log4j
2019-11-05 17:59:16,965 [Thread-1306] INFO  http.HttpServer2 (HttpServer2.java:addGlobalFilter(975)) - Added global filter 'safety' (class=org.apache.hadoop.http.HttpServer2$QuotingInputFilter)
2019-11-05 17:59:16,966 [Thread-1306] INFO  http.HttpServer2 (HttpServer2.java:addFilter(948)) - Added filter static_user_filter (class=org.apache.hadoop.http.lib.StaticUserWebFilter$StaticUserFilter) to context scm
2019-11-05 17:59:16,966 [Thread-1306] INFO  http.HttpServer2 (HttpServer2.java:addFilter(958)) - Added filter static_user_filter (class=org.apache.hadoop.http.lib.StaticUserWebFilter$StaticUserFilter) to context static
2019-11-05 17:59:16,966 [Thread-1306] INFO  http.HttpServer2 (HttpServer2.java:addFilter(958)) - Added filter static_user_filter (class=org.apache.hadoop.http.lib.StaticUserWebFilter$StaticUserFilter) to context logs
2019-11-05 17:59:16,967 [Thread-1306] INFO  server.StorageContainerManager (StorageContainerManager.java:start(764)) - StorageContainerLocationProtocol RPC server is listening at /0.0.0.0:40716
2019-11-05 17:59:16,969 [Thread-1306] WARN  impl.MetricsConfig (MetricsConfig.java:loadFirst(134)) - Cannot locate configuration: tried hadoop-metrics2-storagecontainermanager.properties,hadoop-metrics2.properties
2019-11-05 17:59:16,969 [Thread-1306] INFO  impl.MetricsSystemImpl (MetricsSystemImpl.java:startTimer(374)) - Scheduled Metric snapshot period at 10 second(s).
2019-11-05 17:59:16,969 [Thread-1306] INFO  impl.MetricsSystemImpl (MetricsSystemImpl.java:start(191)) - StorageContainerManager metrics system started
2019-11-05 17:59:17,022 [Thread-1306] WARN  impl.MetricsSystemImpl (MetricsSystemImpl.java:register(276)) - Sink prometheus already exists!
2019-11-05 17:59:17,030 [Thread-1306] INFO  server.SCMClientProtocolServer (SCMClientProtocolServer.java:start(159)) - RPC server for Client  is listening at /0.0.0.0:40716
2019-11-05 17:59:17,030 [IPC Server Responder] INFO  ipc.Server (Server.java:run(1314)) - IPC Server Responder: starting
2019-11-05 17:59:17,031 [IPC Server listener on 40716] INFO  ipc.Server (Server.java:run(1153)) - IPC Server listener on 40716: starting
2019-11-05 17:59:17,034 [Thread-1306] INFO  server.StorageContainerManager (StorageContainerManager.java:start(774)) - ScmBlockLocationProtocol RPC server is listening at /0.0.0.0:40518
2019-11-05 17:59:17,034 [Thread-1306] INFO  server.SCMBlockProtocolServer (SCMBlockProtocolServer.java:start(146)) - RPC server for Block Protocol is listening at /0.0.0.0:40518
2019-11-05 17:59:17,034 [IPC Server Responder] INFO  ipc.Server (Server.java:run(1314)) - IPC Server Responder: starting
2019-11-05 17:59:17,035 [IPC Server listener on 40518] INFO  ipc.Server (Server.java:run(1153)) - IPC Server listener on 40518: starting
2019-11-05 17:59:17,037 [Thread-1306] INFO  server.StorageContainerManager (StorageContainerManager.java:start(778)) - ScmDatanodeProtocl RPC server is listening at /0.0.0.0:37501
2019-11-05 17:59:17,037 [Thread-1306] INFO  server.SCMDatanodeProtocolServer (SCMDatanodeProtocolServer.java:start(169)) - RPC server for DataNodes is listening at /0.0.0.0:37501
2019-11-05 17:59:17,038 [IPC Server Responder] INFO  ipc.Server (Server.java:run(1314)) - IPC Server Responder: starting
2019-11-05 17:59:17,038 [IPC Server listener on 37501] INFO  ipc.Server (Server.java:run(1153)) - IPC Server listener on 37501: starting
2019-11-05 17:59:17,041 [Thread-1306] INFO  http.HttpServer2 (HttpServer2.java:bindListener(1191)) - Jetty bound to port 41073
2019-11-05 17:59:17,041 [Thread-1306] INFO  server.Server (Server.java:doStart(351)) - jetty-9.3.25.v20180904, build timestamp: 2018-09-04T21:11:46Z, git hash: 3ce520221d0240229c862b122d2b06c12a625732
2019-11-05 17:59:17,043 [Thread-1306] INFO  handler.ContextHandler (ContextHandler.java:doStart(781)) - Started o.e.j.s.ServletContextHandler@67875f7e{/logs,file:///workdir/hadoop-ozone/ozonefs/target/log,AVAILABLE}
2019-11-05 17:59:17,044 [Thread-1306] INFO  handler.ContextHandler (ContextHandler.java:doStart(781)) - Started o.e.j.s.ServletContextHandler@7d8df2ad{/static,jar:file:/home/user/.m2/repository/org/apache/hadoop/hadoop-hdds-server-scm/0.5.0-SNAPSHOT/hadoop-hdds-server-scm-0.5.0-SNAPSHOT.jar!/webapps/static,AVAILABLE}
2019-11-05 17:59:17,087 [Thread-1306] INFO  handler.ContextHandler (ContextHandler.java:doStart(781)) - Started o.e.j.w.WebAppContext@701d2b67{/,file:///tmp/jetty-0.0.0.0-41073-scm-_-any-5609574848733529975.dir/webapp/,AVAILABLE}{/scm}
2019-11-05 17:59:17,087 [Thread-1306] INFO  server.AbstractConnector (AbstractConnector.java:doStart(278)) - Started ServerConnector@18e65d3c{HTTP/1.1,[http/1.1]}{0.0.0.0:41073}
2019-11-05 17:59:17,088 [Thread-1306] INFO  server.Server (Server.java:doStart(419)) - Started @105994ms
2019-11-05 17:59:17,088 [Thread-1306] WARN  impl.MetricsSystemImpl (MetricsSystemImpl.java:register(276)) - Sink prometheus already exists!
2019-11-05 17:59:17,090 [Thread-1306] INFO  server.BaseHttpServer (BaseHttpServer.java:updateConnectorAddress(215)) - HTTP server of SCM is listening at http://0.0.0.0:41073
2019-11-05 17:59:17,090 [Thread-1306] WARN  server.ServerUtils (ServerUtils.java:getDBPath(222)) - ozone.om.db.dirs is not configured. We recommend adding this setting. Falling back to ozone.metadata.dirs instead.
2019-11-05 17:59:17,091 [org.apache.hadoop.util.JvmPauseMonitor$Monitor@82193a1] INFO  util.JvmPauseMonitor (JvmPauseMonitor.java:run(188)) - Starting JVM pause monitor
2019-11-05 17:59:17,105 [Thread-1306] INFO  ha.OMHANodeDetails (OMHANodeDetails.java:loadOMHAConfig(190)) - Configuration either no ozone.om.address set. Falling back to the default OM address /127.0.0.1:0
2019-11-05 17:59:17,106 [Thread-1306] INFO  ha.OMHANodeDetails (OMHANodeDetails.java:getOMNodeDetails(220)) - OM Service ID is not set. Setting it to the default ID: omServiceIdDefault
2019-11-05 17:59:17,106 [Thread-1306] WARN  server.ServerUtils (ServerUtils.java:getDBPath(222)) - ozone.om.db.dirs is not configured. We recommend adding this setting. Falling back to ozone.metadata.dirs instead.
2019-11-05 17:59:17,107 [Thread-1306] WARN  server.ServerUtils (ServerUtils.java:getDBPath(222)) - ozone.om.db.dirs is not configured. We recommend adding this setting. Falling back to ozone.metadata.dirs instead.
2019-11-05 17:59:17,113 [Thread-1306] WARN  server.ServerUtils (ServerUtils.java:getDBPath(222)) - ozone.om.db.dirs is not configured. We recommend adding this setting. Falling back to ozone.metadata.dirs instead.
2019-11-05 17:59:17,113 [Thread-1306] INFO  db.DBStoreBuilder (DBStoreBuilder.java:addTable(127)) - using custom profile for table: userTable
2019-11-05 17:59:17,114 [Thread-1306] INFO  db.DBStoreBuilder (DBStoreBuilder.java:processTables(183)) - Using default column profile:DBProfile.DISK for Table:userTable
2019-11-05 17:59:17,114 [Thread-1306] INFO  db.DBStoreBuilder (DBStoreBuilder.java:addTable(127)) - using custom profile for table: volumeTable
2019-11-05 17:59:17,114 [Thread-1306] INFO  db.DBStoreBuilder (DBStoreBuilder.java:processTables(183)) - Using default column profile:DBProfile.DISK for Table:volumeTable
2019-11-05 17:59:17,114 [Thread-1306] INFO  db.DBStoreBuilder (DBStoreBuilder.java:addTable(127)) - using custom profile for table: bucketTable
2019-11-05 17:59:17,114 [Thread-1306] INFO  db.DBStoreBuilder (DBStoreBuilder.java:processTables(183)) - Using default column profile:DBProfile.DISK for Table:bucketTable
2019-11-05 17:59:17,114 [Thread-1306] INFO  db.DBStoreBuilder (DBStoreBuilder.java:addTable(127)) - using custom profile for table: keyTable
2019-11-05 17:59:17,114 [Thread-1306] INFO  db.DBStoreBuilder (DBStoreBuilder.java:processTables(183)) - Using default column profile:DBProfile.DISK for Table:keyTable
2019-11-05 17:59:17,115 [Thread-1306] INFO  db.DBStoreBuilder (DBStoreBuilder.java:addTable(127)) - using custom profile for table: deletedTable
2019-11-05 17:59:17,115 [Thread-1306] INFO  db.DBStoreBuilder (DBStoreBuilder.java:processTables(183)) - Using default column profile:DBProfile.DISK for Table:deletedTable
2019-11-05 17:59:17,115 [Thread-1306] INFO  db.DBStoreBuilder (DBStoreBuilder.java:addTable(127)) - using custom profile for table: openKeyTable
2019-11-05 17:59:17,115 [Thread-1306] INFO  db.DBStoreBuilder (DBStoreBuilder.java:processTables(183)) - Using default column profile:DBProfile.DISK for Table:openKeyTable
2019-11-05 17:59:17,115 [Thread-1306] INFO  db.DBStoreBuilder (DBStoreBuilder.java:addTable(127)) - using custom profile for table: s3Table
2019-11-05 17:59:17,115 [Thread-1306] INFO  db.DBStoreBuilder (DBStoreBuilder.java:processTables(183)) - Using default column profile:DBProfile.DISK for Table:s3Table
2019-11-05 17:59:17,116 [Thread-1306] INFO  db.DBStoreBuilder (DBStoreBuilder.java:addTable(127)) - using custom profile for table: multipartInfoTable
2019-11-05 17:59:17,116 [Thread-1306] INFO  db.DBStoreBuilder (DBStoreBuilder.java:processTables(183)) - Using default column profile:DBProfile.DISK for Table:multipartInfoTable
2019-11-05 17:59:17,116 [Thread-1306] INFO  db.DBStoreBuilder (DBStoreBuilder.java:addTable(127)) - using custom profile for table: dTokenTable
2019-11-05 17:59:17,116 [Thread-1306] INFO  db.DBStoreBuilder (DBStoreBuilder.java:processTables(183)) - Using default column profile:DBProfile.DISK for Table:dTokenTable
2019-11-05 17:59:17,116 [Thread-1306] INFO  db.DBStoreBuilder (DBStoreBuilder.java:addTable(127)) - using custom profile for table: s3SecretTable
2019-11-05 17:59:17,116 [Thread-1306] INFO  db.DBStoreBuilder (DBStoreBuilder.java:processTables(183)) - Using default column profile:DBProfile.DISK for Table:s3SecretTable
2019-11-05 17:59:17,116 [Thread-1306] INFO  db.DBStoreBuilder (DBStoreBuilder.java:addTable(127)) - using custom profile for table: prefixTable
2019-11-05 17:59:17,117 [Thread-1306] INFO  db.DBStoreBuilder (DBStoreBuilder.java:processTables(183)) - Using default column profile:DBProfile.DISK for Table:prefixTable
2019-11-05 17:59:17,117 [Thread-1306] INFO  db.DBStoreBuilder (DBStoreBuilder.java:addTable(127)) - using custom profile for table: default
2019-11-05 17:59:17,117 [Thread-1306] INFO  db.DBStoreBuilder (DBStoreBuilder.java:processTables(189)) - Using default column profile:DBProfile.DISK for Table:default
2019-11-05 17:59:17,117 [Thread-1306] INFO  db.DBStoreBuilder (DBStoreBuilder.java:getDbProfile(220)) - Using default options. DBProfile.DISK
2019-11-05 17:59:17,309 [Thread-1306] INFO  ipc.CallQueueManager (CallQueueManager.java:<init>(84)) - Using callQueue: class java.util.concurrent.LinkedBlockingQueue, queueCapacity: 2000, scheduler: class org.apache.hadoop.ipc.DefaultRpcScheduler, ipcBackoff: false.
2019-11-05 17:59:17,310 [Socket Reader #1 for port 40264] INFO  ipc.Server (Server.java:run(1074)) - Starting Socket Reader #1 for port 40264
2019-11-05 17:59:17,327 [Thread-1306] INFO  om.OzoneManager (OzoneManager.java:start(1076)) - OzoneManager RPC server is listening at localhost/127.0.0.1:40264
2019-11-05 17:59:17,327 [Thread-1306] INFO  impl.MetricsSystemImpl (MetricsSystemImpl.java:init(158)) - OzoneManager metrics system started (again)
2019-11-05 17:59:17,328 [IPC Server Responder] INFO  ipc.Server (Server.java:run(1314)) - IPC Server Responder: starting
2019-11-05 17:59:17,329 [IPC Server listener on 40264] INFO  ipc.Server (Server.java:run(1153)) - IPC Server listener on 40264: starting
2019-11-05 17:59:17,333 [Thread-1306] INFO  hdfs.DFSUtil (DFSUtil.java:httpServerTemplateForNNAndJN(1641)) - Starting Web-server for ozoneManager at: http://0.0.0.0:0
2019-11-05 17:59:17,336 [Thread-1306] INFO  server.AuthenticationFilter (AuthenticationFilter.java:constructSecretProvider(240)) - Unable to initialize FileSignerSecretProvider, falling back to use random secrets.
2019-11-05 17:59:17,336 [Thread-1306] WARN  http.HttpRequestLog (HttpRequestLog.java:getRequestLog(97)) - Jetty request log can only be enabled using Log4j
2019-11-05 17:59:17,339 [Thread-1306] INFO  http.HttpServer2 (HttpServer2.java:addGlobalFilter(975)) - Added global filter 'safety' (class=org.apache.hadoop.http.HttpServer2$QuotingInputFilter)
2019-11-05 17:59:17,340 [Thread-1306] INFO  http.HttpServer2 (HttpServer2.java:addFilter(948)) - Added filter static_user_filter (class=org.apache.hadoop.http.lib.StaticUserWebFilter$StaticUserFilter) to context ozoneManager
2019-11-05 17:59:17,340 [Thread-1306] INFO  http.HttpServer2 (HttpServer2.java:addFilter(958)) - Added filter static_user_filter (class=org.apache.hadoop.http.lib.StaticUserWebFilter$StaticUserFilter) to context logs
2019-11-05 17:59:17,340 [Thread-1306] INFO  http.HttpServer2 (HttpServer2.java:addFilter(958)) - Added filter static_user_filter (class=org.apache.hadoop.http.lib.StaticUserWebFilter$StaticUserFilter) to context static
2019-11-05 17:59:17,342 [Thread-1306] INFO  http.HttpServer2 (HttpServer2.java:bindListener(1191)) - Jetty bound to port 34763
2019-11-05 17:59:17,342 [Thread-1306] INFO  server.Server (Server.java:doStart(351)) - jetty-9.3.25.v20180904, build timestamp: 2018-09-04T21:11:46Z, git hash: 3ce520221d0240229c862b122d2b06c12a625732
2019-11-05 17:59:17,344 [Thread-1306] INFO  handler.ContextHandler (ContextHandler.java:doStart(781)) - Started o.e.j.s.ServletContextHandler@a1b724{/logs,file:///workdir/hadoop-ozone/ozonefs/target/log,AVAILABLE}
2019-11-05 17:59:17,345 [Thread-1306] INFO  handler.ContextHandler (ContextHandler.java:doStart(781)) - Started o.e.j.s.ServletContextHandler@2f7e84b{/static,jar:file:/home/user/.m2/repository/org/apache/hadoop/hadoop-ozone-ozone-manager/0.5.0-SNAPSHOT/hadoop-ozone-ozone-manager-0.5.0-SNAPSHOT.jar!/webapps/static,AVAILABLE}
2019-11-05 17:59:17,407 [Thread-1306] INFO  handler.ContextHandler (ContextHandler.java:doStart(781)) - Started o.e.j.w.WebAppContext@6c22c736{/,file:///tmp/jetty-0.0.0.0-34763-ozoneManager-_-any-3626732660956506832.dir/webapp/,AVAILABLE}{/ozoneManager}
2019-11-05 17:59:17,408 [Thread-1306] INFO  server.AbstractConnector (AbstractConnector.java:doStart(278)) - Started ServerConnector@6b940f07{HTTP/1.1,[http/1.1]}{0.0.0.0:34763}
2019-11-05 17:59:17,409 [Thread-1306] INFO  server.Server (Server.java:doStart(419)) - Started @106314ms
2019-11-05 17:59:17,409 [Thread-1306] WARN  impl.MetricsSystemImpl (MetricsSystemImpl.java:register(276)) - Sink prometheus already exists!
2019-11-05 17:59:17,410 [Thread-1306] INFO  server.BaseHttpServer (BaseHttpServer.java:updateConnectorAddress(215)) - HTTP server of OZONEMANAGER is listening at http://0.0.0.0:34763
2019-11-05 17:59:17,418 [Thread-1306] INFO  impl.MetricsSystemImpl (MetricsSystemImpl.java:init(158)) - HddsDatanode metrics system started (again)
2019-11-05 17:59:17,420 [Thread-1306] INFO  ozone.HddsDatanodeService (HddsDatanodeService.java:start(183)) - HddsDatanodeService host:pr-hdds-1987-wwl9f-3612113445 ip:192.168.34.20
2019-11-05 17:59:17,427 [Thread-1306] INFO  volume.HddsVolume (HddsVolume.java:<init>(176)) - Creating Volume: /workdir/hadoop-ozone/ozonefs/target/test-dir/MiniOzoneClusterImpl-248ee3ec-1f9e-44c8-bd04-ec056a7a619d/datanode-0/data/containers/hdds of  storage type : DISK and capacity : 1482555576320
2019-11-05 17:59:17,427 [Thread-1306] INFO  volume.VolumeSet (VolumeSet.java:initializeVolumeSet(170)) - Added Volume : /workdir/hadoop-ozone/ozonefs/target/test-dir/MiniOzoneClusterImpl-248ee3ec-1f9e-44c8-bd04-ec056a7a619d/datanode-0/data/containers/hdds to VolumeSet
2019-11-05 17:59:17,427 [Thread-1306] INFO  volume.ThrottledAsyncChecker (ThrottledAsyncChecker.java:schedule(141)) - Scheduling a check for /workdir/hadoop-ozone/ozonefs/target/test-dir/MiniOzoneClusterImpl-248ee3ec-1f9e-44c8-bd04-ec056a7a619d/datanode-0/data/containers/hdds
2019-11-05 17:59:17,428 [Thread-1306] INFO  volume.HddsVolumeChecker (HddsVolumeChecker.java:checkAllVolumes(204)) - Scheduled health check for volume /workdir/hadoop-ozone/ozonefs/target/test-dir/MiniOzoneClusterImpl-248ee3ec-1f9e-44c8-bd04-ec056a7a619d/datanode-0/data/containers/hdds
2019-11-05 17:59:17,444 [Thread-1306] INFO  impl.RaftServerProxy (ConfUtils.java:logGet(43)) - raft.rpc.type = GRPC (default)
2019-11-05 17:59:17,445 [Thread-1306] INFO  grpc.GrpcFactory (GrpcFactory.java:checkPooledByteBufAllocatorUseCacheForAllThreads(45)) - PERFORMANCE WARNING: useCacheForAllThreads is true that may cause Netty to create a lot garbage objects and, as a result, trigger GC.
	It is recommended to disable useCacheForAllThreads by setting -Dorg.apache.ratis.thirdparty.io.netty.allocator.useCacheForAllThreads=false in command line.
2019-11-05 17:59:17,445 [Thread-1306] INFO  grpc.GrpcConfigKeys$Server (ConfUtils.java:logGet(43)) - raft.grpc.server.port = 0 (default)
2019-11-05 17:59:17,445 [Thread-1306] INFO  server.GrpcService (ConfUtils.java:logGet(43)) - raft.grpc.message.size.max = 33570816 (custom)
2019-11-05 17:59:17,445 [Thread-1306] INFO  server.RaftServerConfigKeys (ConfUtils.java:logGet(43)) - raft.server.log.appender.buffer.byte-limit = 33554432 (custom)
2019-11-05 17:59:17,445 [Thread-1306] INFO  server.GrpcService (ConfUtils.java:logGet(43)) - raft.grpc.flow.control.window = 1MB (=1048576) (default)
2019-11-05 17:59:17,445 [Thread-1306] INFO  server.RaftServerConfigKeys (ConfUtils.java:logGet(43)) - raft.server.rpc.request.timeout = 3000ms (default)
2019-11-05 17:59:17,446 [Thread-1306] INFO  server.RaftServerConfigKeys (ConfUtils.java:logGet(43)) - raft.server.storage.dir = [/workdir/hadoop-ozone/ozonefs/target/test-dir/MiniOzoneClusterImpl-248ee3ec-1f9e-44c8-bd04-ec056a7a619d/datanode-0/data/ratis] (custom)
2019-11-05 17:59:17,447 [Thread-1306] INFO  hdfs.DFSUtil (DFSUtil.java:httpServerTemplateForNNAndJN(1641)) - Starting Web-server for hddsDatanode at: http://0.0.0.0:0
2019-11-05 17:59:17,449 [Thread-1306] INFO  server.AuthenticationFilter (AuthenticationFilter.java:constructSecretProvider(240)) - Unable to initialize FileSignerSecretProvider, falling back to use random secrets.
2019-11-05 17:59:17,449 [Thread-1306] WARN  http.HttpRequestLog (HttpRequestLog.java:getRequestLog(97)) - Jetty request log can only be enabled using Log4j
2019-11-05 17:59:17,450 [Thread-1306] INFO  http.HttpServer2 (HttpServer2.java:addGlobalFilter(975)) - Added global filter 'safety' (class=org.apache.hadoop.http.HttpServer2$QuotingInputFilter)
2019-11-05 17:59:17,451 [Thread-1306] INFO  http.HttpServer2 (HttpServer2.java:addFilter(948)) - Added filter static_user_filter (class=org.apache.hadoop.http.lib.StaticUserWebFilter$StaticUserFilter) to context hddsDatanode
2019-11-05 17:59:17,451 [Thread-1306] INFO  http.HttpServer2 (HttpServer2.java:addFilter(958)) - Added filter static_user_filter (class=org.apache.hadoop.http.lib.StaticUserWebFilter$StaticUserFilter) to context static
2019-11-05 17:59:17,451 [Thread-1306] INFO  http.HttpServer2 (HttpServer2.java:addFilter(958)) - Added filter static_user_filter (class=org.apache.hadoop.http.lib.StaticUserWebFilter$StaticUserFilter) to context logs
2019-11-05 17:59:17,452 [Thread-1306] INFO  http.HttpServer2 (HttpServer2.java:bindListener(1191)) - Jetty bound to port 40986
2019-11-05 17:59:17,452 [Thread-1306] INFO  server.Server (Server.java:doStart(351)) - jetty-9.3.25.v20180904, build timestamp: 2018-09-04T21:11:46Z, git hash: 3ce520221d0240229c862b122d2b06c12a625732
2019-11-05 17:59:17,453 [Thread-1306] INFO  handler.ContextHandler (ContextHandler.java:doStart(781)) - Started o.e.j.s.ServletContextHandler@5c2ea3dd{/logs,file:///workdir/hadoop-ozone/ozonefs/target/log,AVAILABLE}
2019-11-05 17:59:17,454 [Thread-1306] INFO  handler.ContextHandler (ContextHandler.java:doStart(781)) - Started o.e.j.s.ServletContextHandler@f682fea{/static,jar:file:/home/user/.m2/repository/org/apache/hadoop/hadoop-hdds-container-service/0.5.0-SNAPSHOT/hadoop-hdds-container-service-0.5.0-SNAPSHOT.jar!/webapps/static,AVAILABLE}
2019-11-05 17:59:17,479 [Thread-1306] INFO  handler.ContextHandler (ContextHandler.java:doStart(781)) - Started o.e.j.w.WebAppContext@1d826ee0{/,file:///tmp/jetty-0.0.0.0-40986-hddsDatanode-_-any-2681812577765566470.dir/webapp/,AVAILABLE}{/hddsDatanode}
2019-11-05 17:59:17,480 [Thread-1306] INFO  server.AbstractConnector (AbstractConnector.java:doStart(278)) - Started ServerConnector@79f0a9e6{HTTP/1.1,[http/1.1]}{0.0.0.0:40986}
2019-11-05 17:59:17,481 [Thread-1306] INFO  server.Server (Server.java:doStart(419)) - Started @106386ms
2019-11-05 17:59:17,481 [Thread-1306] WARN  impl.MetricsSystemImpl (MetricsSystemImpl.java:register(276)) - Sink prometheus already exists!
2019-11-05 17:59:17,482 [Thread-1306] INFO  server.BaseHttpServer (BaseHttpServer.java:updateConnectorAddress(215)) - HTTP server of HDDSDATANODE is listening at http://0.0.0.0:40986
2019-11-05 17:59:17,482 [Thread-1306] INFO  impl.MetricsSystemImpl (MetricsSystemImpl.java:init(158)) - HddsDatanode metrics system started (again)
2019-11-05 17:59:17,484 [org.apache.hadoop.util.JvmPauseMonitor$Monitor@15899df8] INFO  util.JvmPauseMonitor (JvmPauseMonitor.java:run(188)) - Starting JVM pause monitor
2019-11-05 17:59:17,484 [Thread-1306] INFO  ozone.HddsDatanodeService (HddsDatanodeService.java:start(183)) - HddsDatanodeService host:pr-hdds-1987-wwl9f-3612113445 ip:192.168.34.20
2019-11-05 17:59:17,486 [Datanode State Machine Thread - 0] INFO  datanode.InitDatanodeState (InitDatanodeState.java:persistContainerDatanodeDetails(140)) - DatanodeDetails is persisted to /workdir/hadoop-ozone/ozonefs/target/test-dir/MiniOzoneClusterImpl-248ee3ec-1f9e-44c8-bd04-ec056a7a619d/datanode-0/meta/datanode.id
2019-11-05 17:59:17,490 [Thread-1306] INFO  volume.HddsVolume (HddsVolume.java:<init>(176)) - Creating Volume: /workdir/hadoop-ozone/ozonefs/target/test-dir/MiniOzoneClusterImpl-248ee3ec-1f9e-44c8-bd04-ec056a7a619d/datanode-1/data/containers/hdds of  storage type : DISK and capacity : 1482555576320
2019-11-05 17:59:17,491 [Thread-1306] INFO  volume.VolumeSet (VolumeSet.java:initializeVolumeSet(170)) - Added Volume : /workdir/hadoop-ozone/ozonefs/target/test-dir/MiniOzoneClusterImpl-248ee3ec-1f9e-44c8-bd04-ec056a7a619d/datanode-1/data/containers/hdds to VolumeSet
2019-11-05 17:59:17,491 [Thread-1306] INFO  volume.ThrottledAsyncChecker (ThrottledAsyncChecker.java:schedule(141)) - Scheduling a check for /workdir/hadoop-ozone/ozonefs/target/test-dir/MiniOzoneClusterImpl-248ee3ec-1f9e-44c8-bd04-ec056a7a619d/datanode-1/data/containers/hdds
2019-11-05 17:59:17,491 [Thread-1306] INFO  volume.HddsVolumeChecker (HddsVolumeChecker.java:checkAllVolumes(204)) - Scheduled health check for volume /workdir/hadoop-ozone/ozonefs/target/test-dir/MiniOzoneClusterImpl-248ee3ec-1f9e-44c8-bd04-ec056a7a619d/datanode-1/data/containers/hdds
2019-11-05 17:59:17,507 [Thread-1306] INFO  impl.RaftServerProxy (ConfUtils.java:logGet(43)) - raft.rpc.type = GRPC (default)
2019-11-05 17:59:17,507 [Thread-1306] INFO  grpc.GrpcFactory (GrpcFactory.java:checkPooledByteBufAllocatorUseCacheForAllThreads(45)) - PERFORMANCE WARNING: useCacheForAllThreads is true that may cause Netty to create a lot garbage objects and, as a result, trigger GC.
	It is recommended to disable useCacheForAllThreads by setting -Dorg.apache.ratis.thirdparty.io.netty.allocator.useCacheForAllThreads=false in command line.
2019-11-05 17:59:17,507 [Thread-1306] INFO  grpc.GrpcConfigKeys$Server (ConfUtils.java:logGet(43)) - raft.grpc.server.port = 0 (default)
2019-11-05 17:59:17,507 [Thread-1306] INFO  server.GrpcService (ConfUtils.java:logGet(43)) - raft.grpc.message.size.max = 33570816 (custom)
2019-11-05 17:59:17,507 [Thread-1306] INFO  server.RaftServerConfigKeys (ConfUtils.java:logGet(43)) - raft.server.log.appender.buffer.byte-limit = 33554432 (custom)
2019-11-05 17:59:17,507 [Thread-1306] INFO  server.GrpcService (ConfUtils.java:logGet(43)) - raft.grpc.flow.control.window = 1MB (=1048576) (default)
2019-11-05 17:59:17,507 [Thread-1306] INFO  server.RaftServerConfigKeys (ConfUtils.java:logGet(43)) - raft.server.rpc.request.timeout = 3000ms (default)
2019-11-05 17:59:17,508 [Thread-1306] INFO  server.RaftServerConfigKeys (ConfUtils.java:logGet(43)) - raft.server.storage.dir = [/workdir/hadoop-ozone/ozonefs/target/test-dir/MiniOzoneClusterImpl-248ee3ec-1f9e-44c8-bd04-ec056a7a619d/datanode-1/data/ratis] (custom)
2019-11-05 17:59:17,509 [Thread-1306] INFO  hdfs.DFSUtil (DFSUtil.java:httpServerTemplateForNNAndJN(1641)) - Starting Web-server for hddsDatanode at: http://0.0.0.0:0
2019-11-05 17:59:17,511 [Thread-1306] INFO  server.AuthenticationFilter (AuthenticationFilter.java:constructSecretProvider(240)) - Unable to initialize FileSignerSecretProvider, falling back to use random secrets.
2019-11-05 17:59:17,511 [Thread-1306] WARN  http.HttpRequestLog (HttpRequestLog.java:getRequestLog(97)) - Jetty request log can only be enabled using Log4j
2019-11-05 17:59:17,513 [Thread-1306] INFO  http.HttpServer2 (HttpServer2.java:addGlobalFilter(975)) - Added global filter 'safety' (class=org.apache.hadoop.http.HttpServer2$QuotingInputFilter)
2019-11-05 17:59:17,514 [Thread-1306] INFO  http.HttpServer2 (HttpServer2.java:addFilter(948)) - Added filter static_user_filter (class=org.apache.hadoop.http.lib.StaticUserWebFilter$StaticUserFilter) to context hddsDatanode
2019-11-05 17:59:17,514 [Thread-1306] INFO  http.HttpServer2 (HttpServer2.java:addFilter(958)) - Added filter static_user_filter (class=org.apache.hadoop.http.lib.StaticUserWebFilter$StaticUserFilter) to context logs
2019-11-05 17:59:17,514 [Thread-1306] INFO  http.HttpServer2 (HttpServer2.java:addFilter(958)) - Added filter static_user_filter (class=org.apache.hadoop.http.lib.StaticUserWebFilter$StaticUserFilter) to context static
2019-11-05 17:59:17,514 [Thread-1306] INFO  http.HttpServer2 (HttpServer2.java:bindListener(1191)) - Jetty bound to port 39587
2019-11-05 17:59:17,514 [Thread-1306] INFO  server.Server (Server.java:doStart(351)) - jetty-9.3.25.v20180904, build timestamp: 2018-09-04T21:11:46Z, git hash: 3ce520221d0240229c862b122d2b06c12a625732
2019-11-05 17:59:17,516 [Thread-1306] INFO  handler.ContextHandler (ContextHandler.java:doStart(781)) - Started o.e.j.s.ServletContextHandler@2f950d51{/logs,file:///workdir/hadoop-ozone/ozonefs/target/log,AVAILABLE}
2019-11-05 17:59:17,516 [Thread-1306] INFO  handler.ContextHandler (ContextHandler.java:doStart(781)) - Started o.e.j.s.ServletContextHandler@14ba7dc5{/static,jar:file:/home/user/.m2/repository/org/apache/hadoop/hadoop-hdds-container-service/0.5.0-SNAPSHOT/hadoop-hdds-container-service-0.5.0-SNAPSHOT.jar!/webapps/static,AVAILABLE}
2019-11-05 17:59:17,545 [Thread-1306] INFO  handler.ContextHandler (ContextHandler.java:doStart(781)) - Started o.e.j.w.WebAppContext@2ba56c5f{/,file:///tmp/jetty-0.0.0.0-39587-hddsDatanode-_-any-5483284975645742980.dir/webapp/,AVAILABLE}{/hddsDatanode}
2019-11-05 17:59:17,545 [Thread-1306] INFO  server.AbstractConnector (AbstractConnector.java:doStart(278)) - Started ServerConnector@1de0984c{HTTP/1.1,[http/1.1]}{0.0.0.0:39587}
2019-11-05 17:59:17,546 [Thread-1306] INFO  server.Server (Server.java:doStart(419)) - Started @106452ms
2019-11-05 17:59:17,547 [Thread-1306] WARN  impl.MetricsSystemImpl (MetricsSystemImpl.java:register(276)) - Sink prometheus already exists!
2019-11-05 17:59:17,548 [Thread-1306] INFO  server.BaseHttpServer (BaseHttpServer.java:updateConnectorAddress(215)) - HTTP server of HDDSDATANODE is listening at http://0.0.0.0:39587
2019-11-05 17:59:17,548 [Thread-1306] INFO  impl.MetricsSystemImpl (MetricsSystemImpl.java:init(158)) - HddsDatanode metrics system started (again)
2019-11-05 17:59:17,551 [org.apache.hadoop.util.JvmPauseMonitor$Monitor@13ade890] INFO  util.JvmPauseMonitor (JvmPauseMonitor.java:run(188)) - Starting JVM pause monitor
2019-11-05 17:59:17,552 [Thread-1306] INFO  ozone.HddsDatanodeService (HddsDatanodeService.java:start(183)) - HddsDatanodeService host:pr-hdds-1987-wwl9f-3612113445 ip:192.168.34.20
2019-11-05 17:59:17,553 [Datanode State Machine Thread - 0] INFO  datanode.InitDatanodeState (InitDatanodeState.java:persistContainerDatanodeDetails(140)) - DatanodeDetails is persisted to /workdir/hadoop-ozone/ozonefs/target/test-dir/MiniOzoneClusterImpl-248ee3ec-1f9e-44c8-bd04-ec056a7a619d/datanode-1/meta/datanode.id
2019-11-05 17:59:17,560 [Thread-1306] INFO  volume.HddsVolume (HddsVolume.java:<init>(176)) - Creating Volume: /workdir/hadoop-ozone/ozonefs/target/test-dir/MiniOzoneClusterImpl-248ee3ec-1f9e-44c8-bd04-ec056a7a619d/datanode-2/data/containers/hdds of  storage type : DISK and capacity : 1482555576320
2019-11-05 17:59:17,560 [Thread-1306] INFO  volume.VolumeSet (VolumeSet.java:initializeVolumeSet(170)) - Added Volume : /workdir/hadoop-ozone/ozonefs/target/test-dir/MiniOzoneClusterImpl-248ee3ec-1f9e-44c8-bd04-ec056a7a619d/datanode-2/data/containers/hdds to VolumeSet
2019-11-05 17:59:17,560 [Thread-1306] INFO  volume.ThrottledAsyncChecker (ThrottledAsyncChecker.java:schedule(141)) - Scheduling a check for /workdir/hadoop-ozone/ozonefs/target/test-dir/MiniOzoneClusterImpl-248ee3ec-1f9e-44c8-bd04-ec056a7a619d/datanode-2/data/containers/hdds
2019-11-05 17:59:17,561 [Thread-1306] INFO  volume.HddsVolumeChecker (HddsVolumeChecker.java:checkAllVolumes(204)) - Scheduled health check for volume /workdir/hadoop-ozone/ozonefs/target/test-dir/MiniOzoneClusterImpl-248ee3ec-1f9e-44c8-bd04-ec056a7a619d/datanode-2/data/containers/hdds
2019-11-05 17:59:17,584 [Thread-1306] INFO  impl.RaftServerProxy (ConfUtils.java:logGet(43)) - raft.rpc.type = GRPC (default)
2019-11-05 17:59:17,584 [Thread-1306] INFO  grpc.GrpcFactory (GrpcFactory.java:checkPooledByteBufAllocatorUseCacheForAllThreads(45)) - PERFORMANCE WARNING: useCacheForAllThreads is true that may cause Netty to create a lot garbage objects and, as a result, trigger GC.
	It is recommended to disable useCacheForAllThreads by setting -Dorg.apache.ratis.thirdparty.io.netty.allocator.useCacheForAllThreads=false in command line.
2019-11-05 17:59:17,584 [Thread-1306] INFO  grpc.GrpcConfigKeys$Server (ConfUtils.java:logGet(43)) - raft.grpc.server.port = 0 (default)
2019-11-05 17:59:17,584 [Thread-1306] INFO  server.GrpcService (ConfUtils.java:logGet(43)) - raft.grpc.message.size.max = 33570816 (custom)
2019-11-05 17:59:17,585 [Thread-1306] INFO  server.RaftServerConfigKeys (ConfUtils.java:logGet(43)) - raft.server.log.appender.buffer.byte-limit = 33554432 (custom)
2019-11-05 17:59:17,585 [Thread-1306] INFO  server.GrpcService (ConfUtils.java:logGet(43)) - raft.grpc.flow.control.window = 1MB (=1048576) (default)
2019-11-05 17:59:17,585 [Thread-1306] INFO  server.RaftServerConfigKeys (ConfUtils.java:logGet(43)) - raft.server.rpc.request.timeout = 3000ms (default)
2019-11-05 17:59:17,585 [Thread-1306] INFO  server.RaftServerConfigKeys (ConfUtils.java:logGet(43)) - raft.server.storage.dir = [/workdir/hadoop-ozone/ozonefs/target/test-dir/MiniOzoneClusterImpl-248ee3ec-1f9e-44c8-bd04-ec056a7a619d/datanode-2/data/ratis] (custom)
2019-11-05 17:59:17,587 [Thread-1306] INFO  hdfs.DFSUtil (DFSUtil.java:httpServerTemplateForNNAndJN(1641)) - Starting Web-server for hddsDatanode at: http://0.0.0.0:0
2019-11-05 17:59:17,589 [Thread-1306] INFO  server.AuthenticationFilter (AuthenticationFilter.java:constructSecretProvider(240)) - Unable to initialize FileSignerSecretProvider, falling back to use random secrets.
2019-11-05 17:59:17,589 [Thread-1306] WARN  http.HttpRequestLog (HttpRequestLog.java:getRequestLog(97)) - Jetty request log can only be enabled using Log4j
2019-11-05 17:59:17,591 [Thread-1306] INFO  http.HttpServer2 (HttpServer2.java:addGlobalFilter(975)) - Added global filter 'safety' (class=org.apache.hadoop.http.HttpServer2$QuotingInputFilter)
2019-11-05 17:59:17,592 [Thread-1306] INFO  http.HttpServer2 (HttpServer2.java:addFilter(948)) - Added filter static_user_filter (class=org.apache.hadoop.http.lib.StaticUserWebFilter$StaticUserFilter) to context hddsDatanode
2019-11-05 17:59:17,592 [Thread-1306] INFO  http.HttpServer2 (HttpServer2.java:addFilter(958)) - Added filter static_user_filter (class=org.apache.hadoop.http.lib.StaticUserWebFilter$StaticUserFilter) to context logs
2019-11-05 17:59:17,592 [Thread-1306] INFO  http.HttpServer2 (HttpServer2.java:addFilter(958)) - Added filter static_user_filter (class=org.apache.hadoop.http.lib.StaticUserWebFilter$StaticUserFilter) to context static
2019-11-05 17:59:17,592 [Thread-1306] INFO  http.HttpServer2 (HttpServer2.java:bindListener(1191)) - Jetty bound to port 46342
2019-11-05 17:59:17,593 [Thread-1306] INFO  server.Server (Server.java:doStart(351)) - jetty-9.3.25.v20180904, build timestamp: 2018-09-04T21:11:46Z, git hash: 3ce520221d0240229c862b122d2b06c12a625732
2019-11-05 17:59:17,594 [Thread-1306] INFO  handler.ContextHandler (ContextHandler.java:doStart(781)) - Started o.e.j.s.ServletContextHandler@74d931fb{/logs,file:///workdir/hadoop-ozone/ozonefs/target/log,AVAILABLE}
2019-11-05 17:59:17,595 [Thread-1306] INFO  handler.ContextHandler (ContextHandler.java:doStart(781)) - Started o.e.j.s.ServletContextHandler@6dd94726{/static,jar:file:/home/user/.m2/repository/org/apache/hadoop/hadoop-hdds-container-service/0.5.0-SNAPSHOT/hadoop-hdds-container-service-0.5.0-SNAPSHOT.jar!/webapps/static,AVAILABLE}
2019-11-05 17:59:17,625 [Thread-1306] INFO  handler.ContextHandler (ContextHandler.java:doStart(781)) - Started o.e.j.w.WebAppContext@70514d79{/,file:///tmp/jetty-0.0.0.0-46342-hddsDatanode-_-any-5198106695746241856.dir/webapp/,AVAILABLE}{/hddsDatanode}
2019-11-05 17:59:17,625 [Thread-1306] INFO  server.AbstractConnector (AbstractConnector.java:doStart(278)) - Started ServerConnector@7016f155{HTTP/1.1,[http/1.1]}{0.0.0.0:46342}
2019-11-05 17:59:17,626 [Thread-1306] INFO  server.Server (Server.java:doStart(419)) - Started @106532ms
2019-11-05 17:59:17,627 [Thread-1306] WARN  impl.MetricsSystemImpl (MetricsSystemImpl.java:register(276)) - Sink prometheus already exists!
2019-11-05 17:59:17,628 [Thread-1306] INFO  server.BaseHttpServer (BaseHttpServer.java:updateConnectorAddress(215)) - HTTP server of HDDSDATANODE is listening at http://0.0.0.0:46342
2019-11-05 17:59:17,628 [Thread-1306] INFO  ozone.MiniOzoneClusterImpl (MiniOzoneClusterImpl.java:lambda$waitForClusterToBeReady$0(147)) - Waiting for cluster to be ready. Got 0 of 3 DN Heartbeats.
2019-11-05 17:59:17,629 [org.apache.hadoop.util.JvmPauseMonitor$Monitor@331b64e1] INFO  util.JvmPauseMonitor (JvmPauseMonitor.java:run(188)) - Starting JVM pause monitor
2019-11-05 17:59:17,631 [Datanode State Machine Thread - 0] INFO  datanode.InitDatanodeState (InitDatanodeState.java:persistContainerDatanodeDetails(140)) - DatanodeDetails is persisted to /workdir/hadoop-ozone/ozonefs/target/test-dir/MiniOzoneClusterImpl-248ee3ec-1f9e-44c8-bd04-ec056a7a619d/datanode-2/meta/datanode.id
2019-11-05 17:59:18,628 [Thread-1306] INFO  ozone.MiniOzoneClusterImpl (MiniOzoneClusterImpl.java:lambda$waitForClusterToBeReady$0(147)) - Waiting for cluster to be ready. Got 0 of 3 DN Heartbeats.
2019-11-05 17:59:19,507 [Datanode State Machine Thread - 0] INFO  ozoneimpl.OzoneContainer (OzoneContainer.java:start(213)) - Attempting to start container services.
2019-11-05 17:59:19,508 [Datanode State Machine Thread - 0] INFO  ozoneimpl.OzoneContainer (OzoneContainer.java:startContainerScrub(177)) - Background container scanner has been disabled.
2019-11-05 17:59:19,508 [Datanode State Machine Thread - 0] INFO  ratis.XceiverServerRatis (XceiverServerRatis.java:start(418)) - Starting XceiverServerRatis d3d6cb51-be4c-4760-aacb-ed619a32a271 at port 0
2019-11-05 17:59:19,515 [Datanode State Machine Thread - 0] INFO  impl.RaftServerProxy (RaftServerProxy.java:lambda$start$3(299)) - d3d6cb51-be4c-4760-aacb-ed619a32a271: start RPC server
2019-11-05 17:59:19,519 [Datanode State Machine Thread - 0] INFO  server.GrpcService (GrpcService.java:startImpl(158)) - d3d6cb51-be4c-4760-aacb-ed619a32a271: GrpcService started, listening on 0.0.0.0/0.0.0.0:42778
2019-11-05 17:59:19,520 [Datanode State Machine Thread - 0] INFO  ratis.XceiverServerRatis (XceiverServerRatis.java:start(428)) - XceiverServerRatis d3d6cb51-be4c-4760-aacb-ed619a32a271 is started using port 42778
2019-11-05 17:59:19,520 [Datanode State Machine Thread - 0] INFO  server.XceiverServerGrpc (XceiverServerGrpc.java:start(149)) - XceiverServerGrpc d3d6cb51-be4c-4760-aacb-ed619a32a271 is started using port 34753
2019-11-05 17:59:19,567 [Datanode State Machine Thread - 0] INFO  ozoneimpl.OzoneContainer (OzoneContainer.java:start(213)) - Attempting to start container services.
2019-11-05 17:59:19,567 [Datanode State Machine Thread - 0] INFO  ozoneimpl.OzoneContainer (OzoneContainer.java:startContainerScrub(177)) - Background container scanner has been disabled.
2019-11-05 17:59:19,567 [Datanode State Machine Thread - 0] INFO  ratis.XceiverServerRatis (XceiverServerRatis.java:start(418)) - Starting XceiverServerRatis 43091c99-a44c-440a-ab41-05a01ed9538f at port 0
2019-11-05 17:59:19,573 [Datanode State Machine Thread - 0] INFO  impl.RaftServerProxy (RaftServerProxy.java:lambda$start$3(299)) - 43091c99-a44c-440a-ab41-05a01ed9538f: start RPC server
2019-11-05 17:59:19,575 [Datanode State Machine Thread - 0] INFO  server.GrpcService (GrpcService.java:startImpl(158)) - 43091c99-a44c-440a-ab41-05a01ed9538f: GrpcService started, listening on 0.0.0.0/0.0.0.0:34078
2019-11-05 17:59:19,576 [Datanode State Machine Thread - 0] INFO  ratis.XceiverServerRatis (XceiverServerRatis.java:start(428)) - XceiverServerRatis 43091c99-a44c-440a-ab41-05a01ed9538f is started using port 34078
2019-11-05 17:59:19,577 [Datanode State Machine Thread - 0] INFO  server.XceiverServerGrpc (XceiverServerGrpc.java:start(149)) - XceiverServerGrpc 43091c99-a44c-440a-ab41-05a01ed9538f is started using port 34585
2019-11-05 17:59:19,629 [Thread-1306] INFO  ozone.MiniOzoneClusterImpl (MiniOzoneClusterImpl.java:lambda$waitForClusterToBeReady$0(147)) - Waiting for cluster to be ready. Got 0 of 3 DN Heartbeats.
2019-11-05 17:59:19,643 [Datanode State Machine Thread - 0] INFO  ozoneimpl.OzoneContainer (OzoneContainer.java:start(213)) - Attempting to start container services.
2019-11-05 17:59:19,643 [Datanode State Machine Thread - 0] INFO  ozoneimpl.OzoneContainer (OzoneContainer.java:startContainerScrub(177)) - Background container scanner has been disabled.
2019-11-05 17:59:19,644 [Datanode State Machine Thread - 0] INFO  ratis.XceiverServerRatis (XceiverServerRatis.java:start(418)) - Starting XceiverServerRatis 5c0a4bab-1351-4859-8e93-b1f6c1cbe601 at port 0
2019-11-05 17:59:19,650 [Datanode State Machine Thread - 0] INFO  impl.RaftServerProxy (RaftServerProxy.java:lambda$start$3(299)) - 5c0a4bab-1351-4859-8e93-b1f6c1cbe601: start RPC server
2019-11-05 17:59:19,656 [Datanode State Machine Thread - 0] INFO  server.GrpcService (GrpcService.java:startImpl(158)) - 5c0a4bab-1351-4859-8e93-b1f6c1cbe601: GrpcService started, listening on 0.0.0.0/0.0.0.0:38739
2019-11-05 17:59:19,657 [Datanode State Machine Thread - 0] INFO  ratis.XceiverServerRatis (XceiverServerRatis.java:start(428)) - XceiverServerRatis 5c0a4bab-1351-4859-8e93-b1f6c1cbe601 is started using port 38739
2019-11-05 17:59:19,657 [Datanode State Machine Thread - 0] INFO  server.XceiverServerGrpc (XceiverServerGrpc.java:start(149)) - XceiverServerGrpc 5c0a4bab-1351-4859-8e93-b1f6c1cbe601 is started using port 41302
2019-11-05 17:59:20,629 [Thread-1306] INFO  ozone.MiniOzoneClusterImpl (MiniOzoneClusterImpl.java:lambda$waitForClusterToBeReady$0(147)) - Waiting for cluster to be ready. Got 0 of 3 DN Heartbeats.
2019-11-05 17:59:21,488 [IPC Server handler 0 on 37501] INFO  net.NetworkTopology (NetworkTopologyImpl.java:add(111)) - Added a new node: /default-rack/d3d6cb51-be4c-4760-aacb-ed619a32a271
2019-11-05 17:59:21,488 [IPC Server handler 0 on 37501] INFO  node.SCMNodeManager (SCMNodeManager.java:register(267)) - Registered Data node : d3d6cb51-be4c-4760-aacb-ed619a32a271{ip: 192.168.34.20, host: pr-hdds-1987-wwl9f-3612113445, networkLocation: /default-rack, certSerialId: null}
2019-11-05 17:59:21,489 [EventQueue-NodeRegistrationContainerReportForDataNodeSafeModeRule] INFO  safemode.SCMSafeModeManager (DataNodeSafeModeRule.java:process(71)) - SCM in safe mode. 1 DataNodes registered, 1 required.
2019-11-05 17:59:21,490 [EventQueue-NodeRegistrationContainerReportForDataNodeSafeModeRule] INFO  safemode.SCMSafeModeManager (SCMSafeModeManager.java:validateSafeModeExitRules(177)) - ScmSafeModeManager, all rules are successfully validated
2019-11-05 17:59:21,490 [EventQueue-NodeRegistrationContainerReportForDataNodeSafeModeRule] INFO  safemode.SCMSafeModeManager (SCMSafeModeManager.java:exitSafeMode(193)) - SCM exiting safe mode.
2019-11-05 17:59:21,502 [grpc-default-executor-0] INFO  impl.RaftServerProxy (RaftServerProxy.java:addNew(89)) - d3d6cb51-be4c-4760-aacb-ed619a32a271: addNew group-F6C18D37B2A3:[d3d6cb51-be4c-4760-aacb-ed619a32a271:192.168.34.20:42778] returns group-F6C18D37B2A3:java.util.concurrent.CompletableFuture@4c2e497f[Not completed]
2019-11-05 17:59:21,504 [pool-327-thread-1] INFO  impl.RaftServerImpl (RaftServerImpl.java:<init>(98)) - d3d6cb51-be4c-4760-aacb-ed619a32a271: new RaftServerImpl for group-F6C18D37B2A3:[d3d6cb51-be4c-4760-aacb-ed619a32a271:192.168.34.20:42778] with ContainerStateMachine:uninitialized
2019-11-05 17:59:21,504 [pool-327-thread-1] INFO  server.RaftServerConfigKeys (ConfUtils.java:logGet(43)) - raft.server.rpc.timeout.min = 5s (custom)
2019-11-05 17:59:21,505 [pool-327-thread-1] INFO  server.RaftServerConfigKeys (ConfUtils.java:logGet(43)) - raft.server.rpc.timeout.max = 5200ms (custom)
2019-11-05 17:59:21,505 [pool-327-thread-1] INFO  server.RaftServerConfigKeys (ConfUtils.java:logGet(43)) - raft.server.rpcslowness.timeout = 120s (custom)
2019-11-05 17:59:21,505 [pool-327-thread-1] INFO  server.RaftServerConfigKeys (ConfUtils.java:logGet(43)) - raft.server.sleep.deviation.threshold = 300 (default)
2019-11-05 17:59:21,505 [pool-327-thread-1] INFO  server.RaftServerConfigKeys (ConfUtils.java:logGet(43)) - raft.server.log.appender.install.snapshot.enabled = false (custom)
2019-11-05 17:59:21,505 [pool-327-thread-1] INFO  impl.RaftServerImpl (ServerState.java:<init>(103)) - d3d6cb51-be4c-4760-aacb-ed619a32a271@group-F6C18D37B2A3: ConfigurationManager, init=-1: [d3d6cb51-be4c-4760-aacb-ed619a32a271:192.168.34.20:42778], old=null, confs=<EMPTY_MAP>
2019-11-05 17:59:21,505 [pool-327-thread-1] INFO  server.RaftServerConfigKeys (ConfUtils.java:logGet(43)) - raft.server.storage.dir = [/workdir/hadoop-ozone/ozonefs/target/test-dir/MiniOzoneClusterImpl-248ee3ec-1f9e-44c8-bd04-ec056a7a619d/datanode-0/data/ratis] (custom)
2019-11-05 17:59:21,506 [pool-327-thread-1] INFO  server.RaftServerConfigKeys (ConfUtils.java:logGet(43)) - raft.server.log.corruption.policy = EXCEPTION (default)
2019-11-05 17:59:21,506 [pool-327-thread-1] INFO  storage.RaftStorageDirectory (RaftStorageDirectory.java:analyzeStorage(246)) - The storage directory /workdir/hadoop-ozone/ozonefs/target/test-dir/MiniOzoneClusterImpl-248ee3ec-1f9e-44c8-bd04-ec056a7a619d/datanode-0/data/ratis/80d82bb8-a21f-4eab-873d-f6c18d37b2a3 does not exist. Creating ...
2019-11-05 17:59:21,520 [pool-327-thread-1] INFO  storage.RaftStorageDirectory (RaftStorageDirectory.java:tryLock(328)) - Lock on /workdir/hadoop-ozone/ozonefs/target/test-dir/MiniOzoneClusterImpl-248ee3ec-1f9e-44c8-bd04-ec056a7a619d/datanode-0/data/ratis/80d82bb8-a21f-4eab-873d-f6c18d37b2a3/in_use.lock acquired by nodename 12775@pr-hdds-1987-wwl9f-3612113445
2019-11-05 17:59:21,533 [pool-327-thread-1] INFO  storage.RaftStorage (RaftStorage.java:format(84)) - Storage directory /workdir/hadoop-ozone/ozonefs/target/test-dir/MiniOzoneClusterImpl-248ee3ec-1f9e-44c8-bd04-ec056a7a619d/datanode-0/data/ratis/80d82bb8-a21f-4eab-873d-f6c18d37b2a3 has been successfully formatted.
2019-11-05 17:59:21,533 [pool-327-thread-1] INFO  ratis.ContainerStateMachine (ContainerStateMachine.java:loadSnapshot(231)) - group-F6C18D37B2A3: The snapshot info is null. Setting the last applied indexto:(t:0, i:~)
2019-11-05 17:59:21,533 [pool-327-thread-1] INFO  server.RaftServerConfigKeys (ConfUtils.java:logGet(43)) - raft.server.notification.no-leader.timeout = 120s (custom)
2019-11-05 17:59:21,534 [pool-327-thread-1] INFO  server.RaftServerConfigKeys (ConfUtils.java:logGet(43)) - raft.server.log.use.memory = false (default)
2019-11-05 17:59:21,534 [pool-327-thread-1] INFO  server.RaftServerConfigKeys (ConfUtils.java:logGet(43)) - raft.server.log.purge.gap = 1000000 (custom)
2019-11-05 17:59:21,534 [pool-327-thread-1] INFO  server.RaftServerConfigKeys (ConfUtils.java:logGet(43)) - raft.server.log.appender.buffer.byte-limit = 33554432 (custom)
2019-11-05 17:59:21,534 [pool-327-thread-1] INFO  server.RaftServerConfigKeys (ConfUtils.java:logGet(43)) - raft.server.log.segment.size.max = 1048576 (custom)
2019-11-05 17:59:21,535 [pool-327-thread-1] WARN  impl.MetricRegistriesImpl (MetricRegistriesImpl.java:lambda$create$1(61)) - First MetricRegistry has been created without registering reporters. You may need to call MetricRegistries.global().addReportRegistration(...) before.
2019-11-05 17:59:21,535 [pool-327-thread-1] INFO  server.RaftServerConfigKeys (ConfUtils.java:logGet(43)) - raft.server.log.segment.cache.num.max = 2 (custom)
2019-11-05 17:59:21,535 [pool-327-thread-1] INFO  segmented.SegmentedRaftLogWorker (SegmentedRaftLogWorker.java:<init>(173)) - new d3d6cb51-be4c-4760-aacb-ed619a32a271@group-F6C18D37B2A3-SegmentedRaftLogWorker for RaftStorage:Storage Directory /workdir/hadoop-ozone/ozonefs/target/test-dir/MiniOzoneClusterImpl-248ee3ec-1f9e-44c8-bd04-ec056a7a619d/datanode-0/data/ratis/80d82bb8-a21f-4eab-873d-f6c18d37b2a3
2019-11-05 17:59:21,535 [pool-327-thread-1] INFO  server.RaftServerConfigKeys (ConfUtils.java:logGet(43)) - raft.server.log.queue.byte-limit = 2147483647 (custom)
2019-11-05 17:59:21,535 [pool-327-thread-1] INFO  server.RaftServerConfigKeys (ConfUtils.java:logGet(43)) - raft.server.log.queue.element-limit = 1024 (custom)
2019-11-05 17:59:21,536 [pool-327-thread-1] INFO  server.RaftServerConfigKeys (ConfUtils.java:logGet(43)) - raft.server.log.segment.size.max = 1048576 (custom)
2019-11-05 17:59:21,536 [pool-327-thread-1] INFO  server.RaftServerConfigKeys (ConfUtils.java:logGet(43)) - raft.server.log.preallocated.size = 16384 (custom)
2019-11-05 17:59:21,536 [pool-327-thread-1] INFO  server.RaftServerConfigKeys (ConfUtils.java:logGet(43)) - raft.server.log.write.buffer.size = 33554432 (custom)
2019-11-05 17:59:21,536 [pool-327-thread-1] INFO  server.RaftServerConfigKeys (ConfUtils.java:logGet(43)) - raft.server.log.force.sync.num = 128 (default)
2019-11-05 17:59:21,536 [pool-327-thread-1] INFO  server.RaftServerConfigKeys (ConfUtils.java:logGet(43)) - raft.server.log.statemachine.data.sync = true (default)
2019-11-05 17:59:21,537 [pool-327-thread-1] INFO  server.RaftServerConfigKeys (ConfUtils.java:logGet(43)) - raft.server.log.statemachine.data.sync.timeout = 10s (default)
2019-11-05 17:59:21,537 [pool-327-thread-1] INFO  server.RaftServerConfigKeys (ConfUtils.java:logGet(43)) - raft.server.log.statemachine.data.sync.timeout.retry = -1 (default)
2019-11-05 17:59:21,537 [pool-327-thread-1] INFO  server.RaftServerConfigKeys (ConfUtils.java:logGet(43)) - raft.server.log.statemachine.data.caching.enabled = true (custom)
2019-11-05 17:59:21,538 [pool-327-thread-1] INFO  segmented.SegmentedRaftLogWorker (SegmentedRaftLogWorker.java:lambda$new$0(128)) - d3d6cb51-be4c-4760-aacb-ed619a32a271@group-F6C18D37B2A3-SegmentedRaftLogWorker: flushIndex: setUnconditionally 0 -> -1
2019-11-05 17:59:21,538 [pool-327-thread-1] INFO  server.RaftServerConfigKeys (ConfUtils.java:logGet(43)) - raft.server.snapshot.auto.trigger.enabled = true (custom)
2019-11-05 17:59:21,538 [pool-327-thread-1] INFO  server.RaftServerConfigKeys (ConfUtils.java:logGet(43)) - raft.server.snapshot.auto.trigger.threshold = 10000 (custom)
2019-11-05 17:59:21,539 [pool-327-thread-1] INFO  server.RaftServerConfigKeys (ConfUtils.java:logGet(43)) - raft.server.snapshot.retention.file.num = 5 (custom)
2019-11-05 17:59:21,539 [pool-327-thread-1] INFO  server.RaftServerConfigKeys (ConfUtils.java:logGet(43)) - raft.server.retrycache.expirytime = 600000ms (custom)
2019-11-05 17:59:21,539 [pool-327-thread-1] WARN  impl.MetricRegistriesImpl (MetricRegistriesImpl.java:lambda$create$1(61)) - First MetricRegistry has been created without registering reporters. You may need to call MetricRegistries.global().addReportRegistration(...) before.
2019-11-05 17:59:21,540 [pool-327-thread-1] WARN  impl.MetricRegistriesImpl (MetricRegistriesImpl.java:lambda$create$1(61)) - First MetricRegistry has been created without registering reporters. You may need to call MetricRegistries.global().addReportRegistration(...) before.
2019-11-05 17:59:21,540 [pool-327-thread-1] INFO  impl.RaftServerImpl (RaftServerImpl.java:start(184)) - d3d6cb51-be4c-4760-aacb-ed619a32a271@group-F6C18D37B2A3: start as a follower, conf=-1: [d3d6cb51-be4c-4760-aacb-ed619a32a271:192.168.34.20:42778], old=null
2019-11-05 17:59:21,540 [pool-327-thread-1] INFO  impl.RaftServerImpl (RaftServerImpl.java:setRole(173)) - d3d6cb51-be4c-4760-aacb-ed619a32a271@group-F6C18D37B2A3: changes role from      null to FOLLOWER at term 0 for startAsFollower
2019-11-05 17:59:21,540 [pool-327-thread-1] INFO  impl.RoleInfo (RoleInfo.java:updateAndGet(143)) - d3d6cb51-be4c-4760-aacb-ed619a32a271: start FollowerState
2019-11-05 17:59:21,541 [pool-327-thread-1] INFO  util.JmxRegister (JmxRegister.java:tryRegister(44)) - Successfully registered JMX Bean with object name Ratis:service=RaftServer,group=group-F6C18D37B2A3,id=d3d6cb51-be4c-4760-aacb-ed619a32a271
2019-11-05 17:59:21,541 [pool-327-thread-1] WARN  impl.MetricRegistriesImpl (MetricRegistriesImpl.java:lambda$create$1(61)) - First MetricRegistry has been created without registering reporters. You may need to call MetricRegistries.global().addReportRegistration(...) before.
2019-11-05 17:59:21,545 [RatisPipelineUtilsThread] INFO  pipeline.PipelineStateManager (PipelineStateManager.java:addPipeline(56)) - Created pipeline Pipeline[ Id: 80d82bb8-a21f-4eab-873d-f6c18d37b2a3, Nodes: d3d6cb51-be4c-4760-aacb-ed619a32a271{ip: 192.168.34.20, host: pr-hdds-1987-wwl9f-3612113445, networkLocation: /default-rack, certSerialId: null}, Type:RATIS, Factor:ONE, State:OPEN]
2019-11-05 17:59:21,552 [IPC Server handler 1 on 37501] INFO  net.NetworkTopology (NetworkTopologyImpl.java:add(111)) - Added a new node: /default-rack/43091c99-a44c-440a-ab41-05a01ed9538f
2019-11-05 17:59:21,552 [IPC Server handler 1 on 37501] INFO  node.SCMNodeManager (SCMNodeManager.java:register(267)) - Registered Data node : 43091c99-a44c-440a-ab41-05a01ed9538f{ip: 192.168.34.20, host: pr-hdds-1987-wwl9f-3612113445, networkLocation: /default-rack, certSerialId: null}
2019-11-05 17:59:21,563 [grpc-default-executor-0] INFO  impl.RaftServerProxy (RaftServerProxy.java:addNew(89)) - 43091c99-a44c-440a-ab41-05a01ed9538f: addNew group-2957DC14B0E6:[43091c99-a44c-440a-ab41-05a01ed9538f:192.168.34.20:34078] returns group-2957DC14B0E6:java.util.concurrent.CompletableFuture@125a70b5[Not completed]
2019-11-05 17:59:21,565 [pool-337-thread-1] INFO  impl.RaftServerImpl (RaftServerImpl.java:<init>(98)) - 43091c99-a44c-440a-ab41-05a01ed9538f: new RaftServerImpl for group-2957DC14B0E6:[43091c99-a44c-440a-ab41-05a01ed9538f:192.168.34.20:34078] with ContainerStateMachine:uninitialized
2019-11-05 17:59:21,565 [pool-337-thread-1] INFO  server.RaftServerConfigKeys (ConfUtils.java:logGet(43)) - raft.server.rpc.timeout.min = 5s (custom)
2019-11-05 17:59:21,565 [pool-337-thread-1] INFO  server.RaftServerConfigKeys (ConfUtils.java:logGet(43)) - raft.server.rpc.timeout.max = 5200ms (custom)
2019-11-05 17:59:21,565 [pool-337-thread-1] INFO  server.RaftServerConfigKeys (ConfUtils.java:logGet(43)) - raft.server.rpcslowness.timeout = 120s (custom)
2019-11-05 17:59:21,565 [pool-337-thread-1] INFO  server.RaftServerConfigKeys (ConfUtils.java:logGet(43)) - raft.server.sleep.deviation.threshold = 300 (default)
2019-11-05 17:59:21,565 [pool-337-thread-1] INFO  server.RaftServerConfigKeys (ConfUtils.java:logGet(43)) - raft.server.log.appender.install.snapshot.enabled = false (custom)
2019-11-05 17:59:21,566 [pool-337-thread-1] INFO  impl.RaftServerImpl (ServerState.java:<init>(103)) - 43091c99-a44c-440a-ab41-05a01ed9538f@group-2957DC14B0E6: ConfigurationManager, init=-1: [43091c99-a44c-440a-ab41-05a01ed9538f:192.168.34.20:34078], old=null, confs=<EMPTY_MAP>
2019-11-05 17:59:21,566 [pool-337-thread-1] INFO  server.RaftServerConfigKeys (ConfUtils.java:logGet(43)) - raft.server.storage.dir = [/workdir/hadoop-ozone/ozonefs/target/test-dir/MiniOzoneClusterImpl-248ee3ec-1f9e-44c8-bd04-ec056a7a619d/datanode-1/data/ratis] (custom)
2019-11-05 17:59:21,566 [pool-337-thread-1] INFO  server.RaftServerConfigKeys (ConfUtils.java:logGet(43)) - raft.server.log.corruption.policy = EXCEPTION (default)
2019-11-05 17:59:21,566 [pool-337-thread-1] INFO  storage.RaftStorageDirectory (RaftStorageDirectory.java:analyzeStorage(246)) - The storage directory /workdir/hadoop-ozone/ozonefs/target/test-dir/MiniOzoneClusterImpl-248ee3ec-1f9e-44c8-bd04-ec056a7a619d/datanode-1/data/ratis/e9cbeb1b-3dd6-42ab-8e8b-2957dc14b0e6 does not exist. Creating ...
2019-11-05 17:59:21,579 [pool-337-thread-1] INFO  storage.RaftStorageDirectory (RaftStorageDirectory.java:tryLock(328)) - Lock on /workdir/hadoop-ozone/ozonefs/target/test-dir/MiniOzoneClusterImpl-248ee3ec-1f9e-44c8-bd04-ec056a7a619d/datanode-1/data/ratis/e9cbeb1b-3dd6-42ab-8e8b-2957dc14b0e6/in_use.lock acquired by nodename 12775@pr-hdds-1987-wwl9f-3612113445
2019-11-05 17:59:21,592 [pool-337-thread-1] INFO  storage.RaftStorage (RaftStorage.java:format(84)) - Storage directory /workdir/hadoop-ozone/ozonefs/target/test-dir/MiniOzoneClusterImpl-248ee3ec-1f9e-44c8-bd04-ec056a7a619d/datanode-1/data/ratis/e9cbeb1b-3dd6-42ab-8e8b-2957dc14b0e6 has been successfully formatted.
2019-11-05 17:59:21,592 [pool-337-thread-1] INFO  ratis.ContainerStateMachine (ContainerStateMachine.java:loadSnapshot(231)) - group-2957DC14B0E6: The snapshot info is null. Setting the last applied indexto:(t:0, i:~)
2019-11-05 17:59:21,592 [pool-337-thread-1] INFO  server.RaftServerConfigKeys (ConfUtils.java:logGet(43)) - raft.server.notification.no-leader.timeout = 120s (custom)
2019-11-05 17:59:21,592 [pool-337-thread-1] INFO  server.RaftServerConfigKeys (ConfUtils.java:logGet(43)) - raft.server.log.use.memory = false (default)
2019-11-05 17:59:21,592 [pool-337-thread-1] INFO  server.RaftServerConfigKeys (ConfUtils.java:logGet(43)) - raft.server.log.purge.gap = 1000000 (custom)
2019-11-05 17:59:21,592 [pool-337-thread-1] INFO  server.RaftServerConfigKeys (ConfUtils.java:logGet(43)) - raft.server.log.appender.buffer.byte-limit = 33554432 (custom)
2019-11-05 17:59:21,593 [pool-337-thread-1] INFO  server.RaftServerConfigKeys (ConfUtils.java:logGet(43)) - raft.server.log.segment.size.max = 1048576 (custom)
2019-11-05 17:59:21,593 [pool-337-thread-1] WARN  impl.MetricRegistriesImpl (MetricRegistriesImpl.java:lambda$create$1(61)) - First MetricRegistry has been created without registering reporters. You may need to call MetricRegistries.global().addReportRegistration(...) before.
2019-11-05 17:59:21,593 [pool-337-thread-1] INFO  server.RaftServerConfigKeys (ConfUtils.java:logGet(43)) - raft.server.log.segment.cache.num.max = 2 (custom)
2019-11-05 17:59:21,593 [pool-337-thread-1] INFO  segmented.SegmentedRaftLogWorker (SegmentedRaftLogWorker.java:<init>(173)) - new 43091c99-a44c-440a-ab41-05a01ed9538f@group-2957DC14B0E6-SegmentedRaftLogWorker for RaftStorage:Storage Directory /workdir/hadoop-ozone/ozonefs/target/test-dir/MiniOzoneClusterImpl-248ee3ec-1f9e-44c8-bd04-ec056a7a619d/datanode-1/data/ratis/e9cbeb1b-3dd6-42ab-8e8b-2957dc14b0e6
2019-11-05 17:59:21,593 [pool-337-thread-1] INFO  server.RaftServerConfigKeys (ConfUtils.java:logGet(43)) - raft.server.log.queue.byte-limit = 2147483647 (custom)
2019-11-05 17:59:21,593 [pool-337-thread-1] INFO  server.RaftServerConfigKeys (ConfUtils.java:logGet(43)) - raft.server.log.queue.element-limit = 1024 (custom)
2019-11-05 17:59:21,593 [pool-337-thread-1] INFO  server.RaftServerConfigKeys (ConfUtils.java:logGet(43)) - raft.server.log.segment.size.max = 1048576 (custom)
2019-11-05 17:59:21,593 [pool-337-thread-1] INFO  server.RaftServerConfigKeys (ConfUtils.java:logGet(43)) - raft.server.log.preallocated.size = 16384 (custom)
2019-11-05 17:59:21,593 [pool-337-thread-1] INFO  server.RaftServerConfigKeys (ConfUtils.java:logGet(43)) - raft.server.log.write.buffer.size = 33554432 (custom)
2019-11-05 17:59:21,593 [pool-337-thread-1] INFO  server.RaftServerConfigKeys (ConfUtils.java:logGet(43)) - raft.server.log.force.sync.num = 128 (default)
2019-11-05 17:59:21,593 [pool-337-thread-1] INFO  server.RaftServerConfigKeys (ConfUtils.java:logGet(43)) - raft.server.log.statemachine.data.sync = true (default)
2019-11-05 17:59:21,594 [pool-337-thread-1] INFO  server.RaftServerConfigKeys (ConfUtils.java:logGet(43)) - raft.server.log.statemachine.data.sync.timeout = 10s (default)
2019-11-05 17:59:21,594 [pool-337-thread-1] INFO  server.RaftServerConfigKeys (ConfUtils.java:logGet(43)) - raft.server.log.statemachine.data.sync.timeout.retry = -1 (default)
2019-11-05 17:59:21,594 [pool-337-thread-1] INFO  server.RaftServerConfigKeys (ConfUtils.java:logGet(43)) - raft.server.log.statemachine.data.caching.enabled = true (custom)
2019-11-05 17:59:21,594 [pool-337-thread-1] INFO  segmented.SegmentedRaftLogWorker (SegmentedRaftLogWorker.java:lambda$new$0(128)) - 43091c99-a44c-440a-ab41-05a01ed9538f@group-2957DC14B0E6-SegmentedRaftLogWorker: flushIndex: setUnconditionally 0 -> -1
2019-11-05 17:59:21,594 [pool-337-thread-1] INFO  server.RaftServerConfigKeys (ConfUtils.java:logGet(43)) - raft.server.snapshot.auto.trigger.enabled = true (custom)
2019-11-05 17:59:21,594 [pool-337-thread-1] INFO  server.RaftServerConfigKeys (ConfUtils.java:logGet(43)) - raft.server.snapshot.auto.trigger.threshold = 10000 (custom)
2019-11-05 17:59:21,595 [pool-337-thread-1] INFO  server.RaftServerConfigKeys (ConfUtils.java:logGet(43)) - raft.server.snapshot.retention.file.num = 5 (custom)
2019-11-05 17:59:21,595 [pool-337-thread-1] INFO  server.RaftServerConfigKeys (ConfUtils.java:logGet(43)) - raft.server.retrycache.expirytime = 600000ms (custom)
2019-11-05 17:59:21,595 [pool-337-thread-1] WARN  impl.MetricRegistriesImpl (MetricRegistriesImpl.java:lambda$create$1(61)) - First MetricRegistry has been created without registering reporters. You may need to call MetricRegistries.global().addReportRegistration(...) before.
2019-11-05 17:59:21,595 [pool-337-thread-1] WARN  impl.MetricRegistriesImpl (MetricRegistriesImpl.java:lambda$create$1(61)) - First MetricRegistry has been created without registering reporters. You may need to call MetricRegistries.global().addReportRegistration(...) before.
2019-11-05 17:59:21,595 [pool-337-thread-1] INFO  impl.RaftServerImpl (RaftServerImpl.java:start(184)) - 43091c99-a44c-440a-ab41-05a01ed9538f@group-2957DC14B0E6: start as a follower, conf=-1: [43091c99-a44c-440a-ab41-05a01ed9538f:192.168.34.20:34078], old=null
2019-11-05 17:59:21,595 [pool-337-thread-1] INFO  impl.RaftServerImpl (RaftServerImpl.java:setRole(173)) - 43091c99-a44c-440a-ab41-05a01ed9538f@group-2957DC14B0E6: changes role from      null to FOLLOWER at term 0 for startAsFollower
2019-11-05 17:59:21,595 [pool-337-thread-1] INFO  impl.RoleInfo (RoleInfo.java:updateAndGet(143)) - 43091c99-a44c-440a-ab41-05a01ed9538f: start FollowerState
2019-11-05 17:59:21,596 [pool-337-thread-1] INFO  util.JmxRegister (JmxRegister.java:tryRegister(44)) - Successfully registered JMX Bean with object name Ratis:service=RaftServer,group=group-2957DC14B0E6,id=43091c99-a44c-440a-ab41-05a01ed9538f
2019-11-05 17:59:21,596 [pool-337-thread-1] WARN  impl.MetricRegistriesImpl (MetricRegistriesImpl.java:lambda$create$1(61)) - First MetricRegistry has been created without registering reporters. You may need to call MetricRegistries.global().addReportRegistration(...) before.
2019-11-05 17:59:21,600 [RatisPipelineUtilsThread] INFO  pipeline.PipelineStateManager (PipelineStateManager.java:addPipeline(56)) - Created pipeline Pipeline[ Id: e9cbeb1b-3dd6-42ab-8e8b-2957dc14b0e6, Nodes: 43091c99-a44c-440a-ab41-05a01ed9538f{ip: 192.168.34.20, host: pr-hdds-1987-wwl9f-3612113445, networkLocation: /default-rack, certSerialId: null}, Type:RATIS, Factor:ONE, State:OPEN]
2019-11-05 17:59:21,630 [Thread-1306] INFO  ozone.MiniOzoneClusterImpl (MiniOzoneClusterImpl.java:lambda$waitForClusterToBeReady$0(147)) - Waiting for cluster to be ready. Got 2 of 3 DN Heartbeats.
2019-11-05 17:59:21,630 [IPC Server handler 2 on 37501] INFO  net.NetworkTopology (NetworkTopologyImpl.java:add(111)) - Added a new node: /default-rack/5c0a4bab-1351-4859-8e93-b1f6c1cbe601
2019-11-05 17:59:21,630 [IPC Server handler 2 on 37501] INFO  node.SCMNodeManager (SCMNodeManager.java:register(267)) - Registered Data node : 5c0a4bab-1351-4859-8e93-b1f6c1cbe601{ip: 192.168.34.20, host: pr-hdds-1987-wwl9f-3612113445, networkLocation: /default-rack, certSerialId: null}
2019-11-05 17:59:21,639 [grpc-default-executor-0] INFO  impl.RaftServerProxy (RaftServerProxy.java:addNew(89)) - 5c0a4bab-1351-4859-8e93-b1f6c1cbe601: addNew group-6C65FB3832FB:[5c0a4bab-1351-4859-8e93-b1f6c1cbe601:192.168.34.20:38739] returns group-6C65FB3832FB:java.util.concurrent.CompletableFuture@48c0e7c0[Not completed]
2019-11-05 17:59:21,640 [pool-347-thread-1] INFO  impl.RaftServerImpl (RaftServerImpl.java:<init>(98)) - 5c0a4bab-1351-4859-8e93-b1f6c1cbe601: new RaftServerImpl for group-6C65FB3832FB:[5c0a4bab-1351-4859-8e93-b1f6c1cbe601:192.168.34.20:38739] with ContainerStateMachine:uninitialized
2019-11-05 17:59:21,641 [pool-347-thread-1] INFO  server.RaftServerConfigKeys (ConfUtils.java:logGet(43)) - raft.server.rpc.timeout.min = 5s (custom)
2019-11-05 17:59:21,641 [pool-347-thread-1] INFO  server.RaftServerConfigKeys (ConfUtils.java:logGet(43)) - raft.server.rpc.timeout.max = 5200ms (custom)
2019-11-05 17:59:21,641 [pool-347-thread-1] INFO  server.RaftServerConfigKeys (ConfUtils.java:logGet(43)) - raft.server.rpcslowness.timeout = 120s (custom)
2019-11-05 17:59:21,641 [pool-347-thread-1] INFO  server.RaftServerConfigKeys (ConfUtils.java:logGet(43)) - raft.server.sleep.deviation.threshold = 300 (default)
2019-11-05 17:59:21,641 [pool-347-thread-1] INFO  server.RaftServerConfigKeys (ConfUtils.java:logGet(43)) - raft.server.log.appender.install.snapshot.enabled = false (custom)
2019-11-05 17:59:21,641 [pool-347-thread-1] INFO  impl.RaftServerImpl (ServerState.java:<init>(103)) - 5c0a4bab-1351-4859-8e93-b1f6c1cbe601@group-6C65FB3832FB: ConfigurationManager, init=-1: [5c0a4bab-1351-4859-8e93-b1f6c1cbe601:192.168.34.20:38739], old=null, confs=<EMPTY_MAP>
2019-11-05 17:59:21,641 [pool-347-thread-1] INFO  server.RaftServerConfigKeys (ConfUtils.java:logGet(43)) - raft.server.storage.dir = [/workdir/hadoop-ozone/ozonefs/target/test-dir/MiniOzoneClusterImpl-248ee3ec-1f9e-44c8-bd04-ec056a7a619d/datanode-2/data/ratis] (custom)
2019-11-05 17:59:21,641 [pool-347-thread-1] INFO  server.RaftServerConfigKeys (ConfUtils.java:logGet(43)) - raft.server.log.corruption.policy = EXCEPTION (default)
2019-11-05 17:59:21,642 [pool-347-thread-1] INFO  storage.RaftStorageDirectory (RaftStorageDirectory.java:analyzeStorage(246)) - The storage directory /workdir/hadoop-ozone/ozonefs/target/test-dir/MiniOzoneClusterImpl-248ee3ec-1f9e-44c8-bd04-ec056a7a619d/datanode-2/data/ratis/0f43a073-d030-49f6-96da-6c65fb3832fb does not exist. Creating ...
2019-11-05 17:59:21,655 [pool-347-thread-1] INFO  storage.RaftStorageDirectory (RaftStorageDirectory.java:tryLock(328)) - Lock on /workdir/hadoop-ozone/ozonefs/target/test-dir/MiniOzoneClusterImpl-248ee3ec-1f9e-44c8-bd04-ec056a7a619d/datanode-2/data/ratis/0f43a073-d030-49f6-96da-6c65fb3832fb/in_use.lock acquired by nodename 12775@pr-hdds-1987-wwl9f-3612113445
2019-11-05 17:59:21,667 [pool-347-thread-1] INFO  storage.RaftStorage (RaftStorage.java:format(84)) - Storage directory /workdir/hadoop-ozone/ozonefs/target/test-dir/MiniOzoneClusterImpl-248ee3ec-1f9e-44c8-bd04-ec056a7a619d/datanode-2/data/ratis/0f43a073-d030-49f6-96da-6c65fb3832fb has been successfully formatted.
2019-11-05 17:59:21,668 [pool-347-thread-1] INFO  ratis.ContainerStateMachine (ContainerStateMachine.java:loadSnapshot(231)) - group-6C65FB3832FB: The snapshot info is null. Setting the last applied indexto:(t:0, i:~)
2019-11-05 17:59:21,668 [pool-347-thread-1] INFO  server.RaftServerConfigKeys (ConfUtils.java:logGet(43)) - raft.server.notification.no-leader.timeout = 120s (custom)
2019-11-05 17:59:21,668 [pool-347-thread-1] INFO  server.RaftServerConfigKeys (ConfUtils.java:logGet(43)) - raft.server.log.use.memory = false (default)
2019-11-05 17:59:21,668 [pool-347-thread-1] INFO  server.RaftServerConfigKeys (ConfUtils.java:logGet(43)) - raft.server.log.purge.gap = 1000000 (custom)
2019-11-05 17:59:21,668 [pool-347-thread-1] INFO  server.RaftServerConfigKeys (ConfUtils.java:logGet(43)) - raft.server.log.appender.buffer.byte-limit = 33554432 (custom)
2019-11-05 17:59:21,668 [pool-347-thread-1] INFO  server.RaftServerConfigKeys (ConfUtils.java:logGet(43)) - raft.server.log.segment.size.max = 1048576 (custom)
2019-11-05 17:59:21,668 [pool-347-thread-1] WARN  impl.MetricRegistriesImpl (MetricRegistriesImpl.java:lambda$create$1(61)) - First MetricRegistry has been created without registering reporters. You may need to call MetricRegistries.global().addReportRegistration(...) before.
2019-11-05 17:59:21,668 [pool-347-thread-1] INFO  server.RaftServerConfigKeys (ConfUtils.java:logGet(43)) - raft.server.log.segment.cache.num.max = 2 (custom)
2019-11-05 17:59:21,668 [pool-347-thread-1] INFO  segmented.SegmentedRaftLogWorker (SegmentedRaftLogWorker.java:<init>(173)) - new 5c0a4bab-1351-4859-8e93-b1f6c1cbe601@group-6C65FB3832FB-SegmentedRaftLogWorker for RaftStorage:Storage Directory /workdir/hadoop-ozone/ozonefs/target/test-dir/MiniOzoneClusterImpl-248ee3ec-1f9e-44c8-bd04-ec056a7a619d/datanode-2/data/ratis/0f43a073-d030-49f6-96da-6c65fb3832fb
2019-11-05 17:59:21,669 [pool-347-thread-1] INFO  server.RaftServerConfigKeys (ConfUtils.java:logGet(43)) - raft.server.log.queue.byte-limit = 2147483647 (custom)
2019-11-05 17:59:21,669 [pool-347-thread-1] INFO  server.RaftServerConfigKeys (ConfUtils.java:logGet(43)) - raft.server.log.queue.element-limit = 1024 (custom)
2019-11-05 17:59:21,669 [pool-347-thread-1] INFO  server.RaftServerConfigKeys (ConfUtils.java:logGet(43)) - raft.server.log.segment.size.max = 1048576 (custom)
2019-11-05 17:59:21,669 [pool-347-thread-1] INFO  server.RaftServerConfigKeys (ConfUtils.java:logGet(43)) - raft.server.log.preallocated.size = 16384 (custom)
2019-11-05 17:59:21,669 [pool-347-thread-1] INFO  server.RaftServerConfigKeys (ConfUtils.java:logGet(43)) - raft.server.log.write.buffer.size = 33554432 (custom)
2019-11-05 17:59:21,669 [pool-347-thread-1] INFO  server.RaftServerConfigKeys (ConfUtils.java:logGet(43)) - raft.server.log.force.sync.num = 128 (default)
2019-11-05 17:59:21,669 [pool-347-thread-1] INFO  server.RaftServerConfigKeys (ConfUtils.java:logGet(43)) - raft.server.log.statemachine.data.sync = true (default)
2019-11-05 17:59:21,669 [pool-347-thread-1] INFO  server.RaftServerConfigKeys (ConfUtils.java:logGet(43)) - raft.server.log.statemachine.data.sync.timeout = 10s (default)
2019-11-05 17:59:21,669 [pool-347-thread-1] INFO  server.RaftServerConfigKeys (ConfUtils.java:logGet(43)) - raft.server.log.statemachine.data.sync.timeout.retry = -1 (default)
2019-11-05 17:59:21,669 [pool-347-thread-1] INFO  server.RaftServerConfigKeys (ConfUtils.java:logGet(43)) - raft.server.log.statemachine.data.caching.enabled = true (custom)
2019-11-05 17:59:21,670 [pool-347-thread-1] INFO  segmented.SegmentedRaftLogWorker (SegmentedRaftLogWorker.java:lambda$new$0(128)) - 5c0a4bab-1351-4859-8e93-b1f6c1cbe601@group-6C65FB3832FB-SegmentedRaftLogWorker: flushIndex: setUnconditionally 0 -> -1
2019-11-05 17:59:21,670 [pool-347-thread-1] INFO  server.RaftServerConfigKeys (ConfUtils.java:logGet(43)) - raft.server.snapshot.auto.trigger.enabled = true (custom)
2019-11-05 17:59:21,670 [pool-347-thread-1] INFO  server.RaftServerConfigKeys (ConfUtils.java:logGet(43)) - raft.server.snapshot.auto.trigger.threshold = 10000 (custom)
2019-11-05 17:59:21,670 [pool-347-thread-1] INFO  server.RaftServerConfigKeys (ConfUtils.java:logGet(43)) - raft.server.snapshot.retention.file.num = 5 (custom)
2019-11-05 17:59:21,670 [pool-347-thread-1] INFO  server.RaftServerConfigKeys (ConfUtils.java:logGet(43)) - raft.server.retrycache.expirytime = 600000ms (custom)
2019-11-05 17:59:21,670 [pool-347-thread-1] WARN  impl.MetricRegistriesImpl (MetricRegistriesImpl.java:lambda$create$1(61)) - First MetricRegistry has been created without registering reporters. You may need to call MetricRegistries.global().addReportRegistration(...) before.
2019-11-05 17:59:21,671 [pool-347-thread-1] WARN  impl.MetricRegistriesImpl (MetricRegistriesImpl.java:lambda$create$1(61)) - First MetricRegistry has been created without registering reporters. You may need to call MetricRegistries.global().addReportRegistration(...) before.
2019-11-05 17:59:21,671 [pool-347-thread-1] INFO  impl.RaftServerImpl (RaftServerImpl.java:start(184)) - 5c0a4bab-1351-4859-8e93-b1f6c1cbe601@group-6C65FB3832FB: start as a follower, conf=-1: [5c0a4bab-1351-4859-8e93-b1f6c1cbe601:192.168.34.20:38739], old=null
2019-11-05 17:59:21,671 [pool-347-thread-1] INFO  impl.RaftServerImpl (RaftServerImpl.java:setRole(173)) - 5c0a4bab-1351-4859-8e93-b1f6c1cbe601@group-6C65FB3832FB: changes role from      null to FOLLOWER at term 0 for startAsFollower
2019-11-05 17:59:21,671 [pool-347-thread-1] INFO  impl.RoleInfo (RoleInfo.java:updateAndGet(143)) - 5c0a4bab-1351-4859-8e93-b1f6c1cbe601: start FollowerState
2019-11-05 17:59:21,671 [pool-347-thread-1] INFO  util.JmxRegister (JmxRegister.java:tryRegister(44)) - Successfully registered JMX Bean with object name Ratis:service=RaftServer,group=group-6C65FB3832FB,id=5c0a4bab-1351-4859-8e93-b1f6c1cbe601
2019-11-05 17:59:21,671 [pool-347-thread-1] WARN  impl.MetricRegistriesImpl (MetricRegistriesImpl.java:lambda$create$1(61)) - First MetricRegistry has been created without registering reporters. You may need to call MetricRegistries.global().addReportRegistration(...) before.
2019-11-05 17:59:21,675 [RatisPipelineUtilsThread] INFO  pipeline.PipelineStateManager (PipelineStateManager.java:addPipeline(56)) - Created pipeline Pipeline[ Id: 0f43a073-d030-49f6-96da-6c65fb3832fb, Nodes: 5c0a4bab-1351-4859-8e93-b1f6c1cbe601{ip: 192.168.34.20, host: pr-hdds-1987-wwl9f-3612113445, networkLocation: /default-rack, certSerialId: null}, Type:RATIS, Factor:ONE, State:OPEN]
2019-11-05 17:59:21,694 [grpc-default-executor-0] INFO  impl.RaftServerProxy (RaftServerProxy.java:addNew(89)) - d3d6cb51-be4c-4760-aacb-ed619a32a271: addNew group-913BA7F75B93:[d3d6cb51-be4c-4760-aacb-ed619a32a271:192.168.34.20:42778, 43091c99-a44c-440a-ab41-05a01ed9538f:192.168.34.20:34078, 5c0a4bab-1351-4859-8e93-b1f6c1cbe601:192.168.34.20:38739] returns group-913BA7F75B93:java.util.concurrent.CompletableFuture@64d9c4d6[Not completed]
2019-11-05 17:59:21,695 [grpc-default-executor-2] INFO  impl.RaftServerProxy (RaftServerProxy.java:addNew(89)) - 5c0a4bab-1351-4859-8e93-b1f6c1cbe601: addNew group-913BA7F75B93:[d3d6cb51-be4c-4760-aacb-ed619a32a271:192.168.34.20:42778, 43091c99-a44c-440a-ab41-05a01ed9538f:192.168.34.20:34078, 5c0a4bab-1351-4859-8e93-b1f6c1cbe601:192.168.34.20:38739] returns group-913BA7F75B93:java.util.concurrent.CompletableFuture@51e97a3e[Not completed]
2019-11-05 17:59:21,697 [grpc-default-executor-1] INFO  impl.RaftServerProxy (RaftServerProxy.java:addNew(89)) - 43091c99-a44c-440a-ab41-05a01ed9538f: addNew group-913BA7F75B93:[d3d6cb51-be4c-4760-aacb-ed619a32a271:192.168.34.20:42778, 43091c99-a44c-440a-ab41-05a01ed9538f:192.168.34.20:34078, 5c0a4bab-1351-4859-8e93-b1f6c1cbe601:192.168.34.20:38739] returns group-913BA7F75B93:java.util.concurrent.CompletableFuture@31135475[Not completed]
2019-11-05 17:59:21,698 [pool-327-thread-1] INFO  impl.RaftServerImpl (RaftServerImpl.java:<init>(98)) - d3d6cb51-be4c-4760-aacb-ed619a32a271: new RaftServerImpl for group-913BA7F75B93:[d3d6cb51-be4c-4760-aacb-ed619a32a271:192.168.34.20:42778, 43091c99-a44c-440a-ab41-05a01ed9538f:192.168.34.20:34078, 5c0a4bab-1351-4859-8e93-b1f6c1cbe601:192.168.34.20:38739] with ContainerStateMachine:uninitialized
2019-11-05 17:59:21,698 [pool-327-thread-1] INFO  server.RaftServerConfigKeys (ConfUtils.java:logGet(43)) - raft.server.rpc.timeout.min = 5s (custom)
2019-11-05 17:59:21,698 [pool-327-thread-1] INFO  server.RaftServerConfigKeys (ConfUtils.java:logGet(43)) - raft.server.rpc.timeout.max = 5200ms (custom)
2019-11-05 17:59:21,698 [pool-327-thread-1] INFO  server.RaftServerConfigKeys (ConfUtils.java:logGet(43)) - raft.server.rpcslowness.timeout = 120s (custom)
2019-11-05 17:59:21,698 [pool-337-thread-1] INFO  impl.RaftServerImpl (RaftServerImpl.java:<init>(98)) - 43091c99-a44c-440a-ab41-05a01ed9538f: new RaftServerImpl for group-913BA7F75B93:[d3d6cb51-be4c-4760-aacb-ed619a32a271:192.168.34.20:42778, 43091c99-a44c-440a-ab41-05a01ed9538f:192.168.34.20:34078, 5c0a4bab-1351-4859-8e93-b1f6c1cbe601:192.168.34.20:38739] with ContainerStateMachine:uninitialized
2019-11-05 17:59:21,698 [pool-327-thread-1] INFO  server.RaftServerConfigKeys (ConfUtils.java:logGet(43)) - raft.server.sleep.deviation.threshold = 300 (default)
2019-11-05 17:59:21,698 [pool-337-thread-1] INFO  server.RaftServerConfigKeys (ConfUtils.java:logGet(43)) - raft.server.rpc.timeout.min = 5s (custom)
2019-11-05 17:59:21,699 [pool-327-thread-1] INFO  server.RaftServerConfigKeys (ConfUtils.java:logGet(43)) - raft.server.log.appender.install.snapshot.enabled = false (custom)
2019-11-05 17:59:21,699 [pool-337-thread-1] INFO  server.RaftServerConfigKeys (ConfUtils.java:logGet(43)) - raft.server.rpc.timeout.max = 5200ms (custom)
2019-11-05 17:59:21,699 [pool-327-thread-1] INFO  impl.RaftServerImpl (ServerState.java:<init>(103)) - d3d6cb51-be4c-4760-aacb-ed619a32a271@group-913BA7F75B93: ConfigurationManager, init=-1: [d3d6cb51-be4c-4760-aacb-ed619a32a271:192.168.34.20:42778, 43091c99-a44c-440a-ab41-05a01ed9538f:192.168.34.20:34078, 5c0a4bab-1351-4859-8e93-b1f6c1cbe601:192.168.34.20:38739], old=null, confs=<EMPTY_MAP>
2019-11-05 17:59:21,699 [pool-337-thread-1] INFO  server.RaftServerConfigKeys (ConfUtils.java:logGet(43)) - raft.server.rpcslowness.timeout = 120s (custom)
2019-11-05 17:59:21,699 [pool-347-thread-1] INFO  impl.RaftServerImpl (RaftServerImpl.java:<init>(98)) - 5c0a4bab-1351-4859-8e93-b1f6c1cbe601: new RaftServerImpl for group-913BA7F75B93:[d3d6cb51-be4c-4760-aacb-ed619a32a271:192.168.34.20:42778, 43091c99-a44c-440a-ab41-05a01ed9538f:192.168.34.20:34078, 5c0a4bab-1351-4859-8e93-b1f6c1cbe601:192.168.34.20:38739] with ContainerStateMachine:uninitialized
2019-11-05 17:59:21,699 [pool-337-thread-1] INFO  server.RaftServerConfigKeys (ConfUtils.java:logGet(43)) - raft.server.sleep.deviation.threshold = 300 (default)
2019-11-05 17:59:21,699 [pool-327-thread-1] INFO  server.RaftServerConfigKeys (ConfUtils.java:logGet(43)) - raft.server.storage.dir = [/workdir/hadoop-ozone/ozonefs/target/test-dir/MiniOzoneClusterImpl-248ee3ec-1f9e-44c8-bd04-ec056a7a619d/datanode-0/data/ratis] (custom)
2019-11-05 17:59:21,699 [pool-337-thread-1] INFO  server.RaftServerConfigKeys (ConfUtils.java:logGet(43)) - raft.server.log.appender.install.snapshot.enabled = false (custom)
2019-11-05 17:59:21,699 [pool-347-thread-1] INFO  server.RaftServerConfigKeys (ConfUtils.java:logGet(43)) - raft.server.rpc.timeout.min = 5s (custom)
2019-11-05 17:59:21,700 [pool-337-thread-1] INFO  impl.RaftServerImpl (ServerState.java:<init>(103)) - 43091c99-a44c-440a-ab41-05a01ed9538f@group-913BA7F75B93: ConfigurationManager, init=-1: [d3d6cb51-be4c-4760-aacb-ed619a32a271:192.168.34.20:42778, 43091c99-a44c-440a-ab41-05a01ed9538f:192.168.34.20:34078, 5c0a4bab-1351-4859-8e93-b1f6c1cbe601:192.168.34.20:38739], old=null, confs=<EMPTY_MAP>
2019-11-05 17:59:21,700 [pool-347-thread-1] INFO  server.RaftServerConfigKeys (ConfUtils.java:logGet(43)) - raft.server.rpc.timeout.max = 5200ms (custom)
2019-11-05 17:59:21,700 [pool-327-thread-1] INFO  server.RaftServerConfigKeys (ConfUtils.java:logGet(43)) - raft.server.log.corruption.policy = EXCEPTION (default)
2019-11-05 17:59:21,700 [pool-337-thread-1] INFO  server.RaftServerConfigKeys (ConfUtils.java:logGet(43)) - raft.server.storage.dir = [/workdir/hadoop-ozone/ozonefs/target/test-dir/MiniOzoneClusterImpl-248ee3ec-1f9e-44c8-bd04-ec056a7a619d/datanode-1/data/ratis] (custom)
2019-11-05 17:59:21,700 [pool-347-thread-1] INFO  server.RaftServerConfigKeys (ConfUtils.java:logGet(43)) - raft.server.rpcslowness.timeout = 120s (custom)
2019-11-05 17:59:21,700 [pool-327-thread-1] INFO  storage.RaftStorageDirectory (RaftStorageDirectory.java:analyzeStorage(246)) - The storage directory /workdir/hadoop-ozone/ozonefs/target/test-dir/MiniOzoneClusterImpl-248ee3ec-1f9e-44c8-bd04-ec056a7a619d/datanode-0/data/ratis/b9517a86-5f38-4114-8190-913ba7f75b93 does not exist. Creating ...
2019-11-05 17:59:21,700 [pool-347-thread-1] INFO  server.RaftServerConfigKeys (ConfUtils.java:logGet(43)) - raft.server.sleep.deviation.threshold = 300 (default)
2019-11-05 17:59:21,700 [pool-337-thread-1] INFO  server.RaftServerConfigKeys (ConfUtils.java:logGet(43)) - raft.server.log.corruption.policy = EXCEPTION (default)
2019-11-05 17:59:21,700 [pool-347-thread-1] INFO  server.RaftServerConfigKeys (ConfUtils.java:logGet(43)) - raft.server.log.appender.install.snapshot.enabled = false (custom)
2019-11-05 17:59:21,701 [pool-337-thread-1] INFO  storage.RaftStorageDirectory (RaftStorageDirectory.java:analyzeStorage(246)) - The storage directory /workdir/hadoop-ozone/ozonefs/target/test-dir/MiniOzoneClusterImpl-248ee3ec-1f9e-44c8-bd04-ec056a7a619d/datanode-1/data/ratis/b9517a86-5f38-4114-8190-913ba7f75b93 does not exist. Creating ...
2019-11-05 17:59:21,701 [pool-347-thread-1] INFO  impl.RaftServerImpl (ServerState.java:<init>(103)) - 5c0a4bab-1351-4859-8e93-b1f6c1cbe601@group-913BA7F75B93: ConfigurationManager, init=-1: [d3d6cb51-be4c-4760-aacb-ed619a32a271:192.168.34.20:42778, 43091c99-a44c-440a-ab41-05a01ed9538f:192.168.34.20:34078, 5c0a4bab-1351-4859-8e93-b1f6c1cbe601:192.168.34.20:38739], old=null, confs=<EMPTY_MAP>
2019-11-05 17:59:21,701 [pool-347-thread-1] INFO  server.RaftServerConfigKeys (ConfUtils.java:logGet(43)) - raft.server.storage.dir = [/workdir/hadoop-ozone/ozonefs/target/test-dir/MiniOzoneClusterImpl-248ee3ec-1f9e-44c8-bd04-ec056a7a619d/datanode-2/data/ratis] (custom)
2019-11-05 17:59:21,701 [pool-347-thread-1] INFO  server.RaftServerConfigKeys (ConfUtils.java:logGet(43)) - raft.server.log.corruption.policy = EXCEPTION (default)
2019-11-05 17:59:21,701 [pool-347-thread-1] INFO  storage.RaftStorageDirectory (RaftStorageDirectory.java:analyzeStorage(246)) - The storage directory /workdir/hadoop-ozone/ozonefs/target/test-dir/MiniOzoneClusterImpl-248ee3ec-1f9e-44c8-bd04-ec056a7a619d/datanode-2/data/ratis/b9517a86-5f38-4114-8190-913ba7f75b93 does not exist. Creating ...
2019-11-05 17:59:21,725 [pool-347-thread-1] INFO  storage.RaftStorageDirectory (RaftStorageDirectory.java:tryLock(328)) - Lock on /workdir/hadoop-ozone/ozonefs/target/test-dir/MiniOzoneClusterImpl-248ee3ec-1f9e-44c8-bd04-ec056a7a619d/datanode-2/data/ratis/b9517a86-5f38-4114-8190-913ba7f75b93/in_use.lock acquired by nodename 12775@pr-hdds-1987-wwl9f-3612113445
2019-11-05 17:59:21,725 [pool-337-thread-1] INFO  storage.RaftStorageDirectory (RaftStorageDirectory.java:tryLock(328)) - Lock on /workdir/hadoop-ozone/ozonefs/target/test-dir/MiniOzoneClusterImpl-248ee3ec-1f9e-44c8-bd04-ec056a7a619d/datanode-1/data/ratis/b9517a86-5f38-4114-8190-913ba7f75b93/in_use.lock acquired by nodename 12775@pr-hdds-1987-wwl9f-3612113445
2019-11-05 17:59:21,725 [pool-327-thread-1] INFO  storage.RaftStorageDirectory (RaftStorageDirectory.java:tryLock(328)) - Lock on /workdir/hadoop-ozone/ozonefs/target/test-dir/MiniOzoneClusterImpl-248ee3ec-1f9e-44c8-bd04-ec056a7a619d/datanode-0/data/ratis/b9517a86-5f38-4114-8190-913ba7f75b93/in_use.lock acquired by nodename 12775@pr-hdds-1987-wwl9f-3612113445
2019-11-05 17:59:21,750 [pool-337-thread-1] INFO  storage.RaftStorage (RaftStorage.java:format(84)) - Storage directory /workdir/hadoop-ozone/ozonefs/target/test-dir/MiniOzoneClusterImpl-248ee3ec-1f9e-44c8-bd04-ec056a7a619d/datanode-1/data/ratis/b9517a86-5f38-4114-8190-913ba7f75b93 has been successfully formatted.
2019-11-05 17:59:21,750 [pool-327-thread-1] INFO  storage.RaftStorage (RaftStorage.java:format(84)) - Storage directory /workdir/hadoop-ozone/ozonefs/target/test-dir/MiniOzoneClusterImpl-248ee3ec-1f9e-44c8-bd04-ec056a7a619d/datanode-0/data/ratis/b9517a86-5f38-4114-8190-913ba7f75b93 has been successfully formatted.
2019-11-05 17:59:21,750 [pool-347-thread-1] INFO  storage.RaftStorage (RaftStorage.java:format(84)) - Storage directory /workdir/hadoop-ozone/ozonefs/target/test-dir/MiniOzoneClusterImpl-248ee3ec-1f9e-44c8-bd04-ec056a7a619d/datanode-2/data/ratis/b9517a86-5f38-4114-8190-913ba7f75b93 has been successfully formatted.
2019-11-05 17:59:21,751 [pool-327-thread-1] INFO  ratis.ContainerStateMachine (ContainerStateMachine.java:loadSnapshot(231)) - group-913BA7F75B93: The snapshot info is null. Setting the last applied indexto:(t:0, i:~)
2019-11-05 17:59:21,751 [pool-337-thread-1] INFO  ratis.ContainerStateMachine (ContainerStateMachine.java:loadSnapshot(231)) - group-913BA7F75B93: The snapshot info is null. Setting the last applied indexto:(t:0, i:~)
2019-11-05 17:59:21,751 [pool-347-thread-1] INFO  ratis.ContainerStateMachine (ContainerStateMachine.java:loadSnapshot(231)) - group-913BA7F75B93: The snapshot info is null. Setting the last applied indexto:(t:0, i:~)
2019-11-05 17:59:21,751 [pool-337-thread-1] INFO  server.RaftServerConfigKeys (ConfUtils.java:logGet(43)) - raft.server.notification.no-leader.timeout = 120s (custom)
2019-11-05 17:59:21,751 [pool-327-thread-1] INFO  server.RaftServerConfigKeys (ConfUtils.java:logGet(43)) - raft.server.notification.no-leader.timeout = 120s (custom)
2019-11-05 17:59:21,751 [pool-337-thread-1] INFO  server.RaftServerConfigKeys (ConfUtils.java:logGet(43)) - raft.server.log.use.memory = false (default)
2019-11-05 17:59:21,751 [pool-347-thread-1] INFO  server.RaftServerConfigKeys (ConfUtils.java:logGet(43)) - raft.server.notification.no-leader.timeout = 120s (custom)
2019-11-05 17:59:21,752 [pool-337-thread-1] INFO  server.RaftServerConfigKeys (ConfUtils.java:logGet(43)) - raft.server.log.purge.gap = 1000000 (custom)
2019-11-05 17:59:21,751 [pool-327-thread-1] INFO  server.RaftServerConfigKeys (ConfUtils.java:logGet(43)) - raft.server.log.use.memory = false (default)
2019-11-05 17:59:21,752 [pool-337-thread-1] INFO  server.RaftServerConfigKeys (ConfUtils.java:logGet(43)) - raft.server.log.appender.buffer.byte-limit = 33554432 (custom)
2019-11-05 17:59:21,752 [pool-337-thread-1] INFO  server.RaftServerConfigKeys (ConfUtils.java:logGet(43)) - raft.server.log.segment.size.max = 1048576 (custom)
2019-11-05 17:59:21,752 [pool-347-thread-1] INFO  server.RaftServerConfigKeys (ConfUtils.java:logGet(43)) - raft.server.log.use.memory = false (default)
2019-11-05 17:59:21,752 [pool-337-thread-1] INFO  server.RaftServerConfigKeys (ConfUtils.java:logGet(43)) - raft.server.log.segment.cache.num.max = 2 (custom)
2019-11-05 17:59:21,753 [pool-337-thread-1] INFO  segmented.SegmentedRaftLogWorker (SegmentedRaftLogWorker.java:<init>(173)) - new 43091c99-a44c-440a-ab41-05a01ed9538f@group-913BA7F75B93-SegmentedRaftLogWorker for RaftStorage:Storage Directory /workdir/hadoop-ozone/ozonefs/target/test-dir/MiniOzoneClusterImpl-248ee3ec-1f9e-44c8-bd04-ec056a7a619d/datanode-1/data/ratis/b9517a86-5f38-4114-8190-913ba7f75b93
2019-11-05 17:59:21,752 [pool-327-thread-1] INFO  server.RaftServerConfigKeys (ConfUtils.java:logGet(43)) - raft.server.log.purge.gap = 1000000 (custom)
2019-11-05 17:59:21,753 [pool-337-thread-1] INFO  server.RaftServerConfigKeys (ConfUtils.java:logGet(43)) - raft.server.log.queue.byte-limit = 2147483647 (custom)
2019-11-05 17:59:21,752 [pool-347-thread-1] INFO  server.RaftServerConfigKeys (ConfUtils.java:logGet(43)) - raft.server.log.purge.gap = 1000000 (custom)
2019-11-05 17:59:21,753 [pool-337-thread-1] INFO  server.RaftServerConfigKeys (ConfUtils.java:logGet(43)) - raft.server.log.queue.element-limit = 1024 (custom)
2019-11-05 17:59:21,753 [pool-327-thread-1] INFO  server.RaftServerConfigKeys (ConfUtils.java:logGet(43)) - raft.server.log.appender.buffer.byte-limit = 33554432 (custom)
2019-11-05 17:59:21,753 [pool-337-thread-1] INFO  server.RaftServerConfigKeys (ConfUtils.java:logGet(43)) - raft.server.log.segment.size.max = 1048576 (custom)
2019-11-05 17:59:21,753 [pool-347-thread-1] INFO  server.RaftServerConfigKeys (ConfUtils.java:logGet(43)) - raft.server.log.appender.buffer.byte-limit = 33554432 (custom)
2019-11-05 17:59:21,753 [pool-337-thread-1] INFO  server.RaftServerConfigKeys (ConfUtils.java:logGet(43)) - raft.server.log.preallocated.size = 16384 (custom)
2019-11-05 17:59:21,753 [pool-327-thread-1] INFO  server.RaftServerConfigKeys (ConfUtils.java:logGet(43)) - raft.server.log.segment.size.max = 1048576 (custom)
2019-11-05 17:59:21,754 [pool-337-thread-1] INFO  server.RaftServerConfigKeys (ConfUtils.java:logGet(43)) - raft.server.log.write.buffer.size = 33554432 (custom)
2019-11-05 17:59:21,754 [pool-337-thread-1] INFO  server.RaftServerConfigKeys (ConfUtils.java:logGet(43)) - raft.server.log.force.sync.num = 128 (default)
2019-11-05 17:59:21,754 [pool-347-thread-1] INFO  server.RaftServerConfigKeys (ConfUtils.java:logGet(43)) - raft.server.log.segment.size.max = 1048576 (custom)
2019-11-05 17:59:21,754 [pool-337-thread-1] INFO  server.RaftServerConfigKeys (ConfUtils.java:logGet(43)) - raft.server.log.statemachine.data.sync = true (default)
2019-11-05 17:59:21,754 [pool-327-thread-1] INFO  server.RaftServerConfigKeys (ConfUtils.java:logGet(43)) - raft.server.log.segment.cache.num.max = 2 (custom)
2019-11-05 17:59:21,754 [pool-337-thread-1] INFO  server.RaftServerConfigKeys (ConfUtils.java:logGet(43)) - raft.server.log.statemachine.data.sync.timeout = 10s (default)
2019-11-05 17:59:21,754 [pool-347-thread-1] INFO  server.RaftServerConfigKeys (ConfUtils.java:logGet(43)) - raft.server.log.segment.cache.num.max = 2 (custom)
2019-11-05 17:59:21,755 [pool-337-thread-1] INFO  server.RaftServerConfigKeys (ConfUtils.java:logGet(43)) - raft.server.log.statemachine.data.sync.timeout.retry = -1 (default)
2019-11-05 17:59:21,755 [pool-327-thread-1] INFO  segmented.SegmentedRaftLogWorker (SegmentedRaftLogWorker.java:<init>(173)) - new d3d6cb51-be4c-4760-aacb-ed619a32a271@group-913BA7F75B93-SegmentedRaftLogWorker for RaftStorage:Storage Directory /workdir/hadoop-ozone/ozonefs/target/test-dir/MiniOzoneClusterImpl-248ee3ec-1f9e-44c8-bd04-ec056a7a619d/datanode-0/data/ratis/b9517a86-5f38-4114-8190-913ba7f75b93
2019-11-05 17:59:21,755 [pool-337-thread-1] INFO  server.RaftServerConfigKeys (ConfUtils.java:logGet(43)) - raft.server.log.statemachine.data.caching.enabled = true (custom)
2019-11-05 17:59:21,755 [pool-347-thread-1] INFO  segmented.SegmentedRaftLogWorker (SegmentedRaftLogWorker.java:<init>(173)) - new 5c0a4bab-1351-4859-8e93-b1f6c1cbe601@group-913BA7F75B93-SegmentedRaftLogWorker for RaftStorage:Storage Directory /workdir/hadoop-ozone/ozonefs/target/test-dir/MiniOzoneClusterImpl-248ee3ec-1f9e-44c8-bd04-ec056a7a619d/datanode-2/data/ratis/b9517a86-5f38-4114-8190-913ba7f75b93
2019-11-05 17:59:21,755 [pool-347-thread-1] INFO  server.RaftServerConfigKeys (ConfUtils.java:logGet(43)) - raft.server.log.queue.byte-limit = 2147483647 (custom)
2019-11-05 17:59:21,755 [pool-327-thread-1] INFO  server.RaftServerConfigKeys (ConfUtils.java:logGet(43)) - raft.server.log.queue.byte-limit = 2147483647 (custom)
2019-11-05 17:59:21,756 [pool-347-thread-1] INFO  server.RaftServerConfigKeys (ConfUtils.java:logGet(43)) - raft.server.log.queue.element-limit = 1024 (custom)
2019-11-05 17:59:21,755 [pool-337-thread-1] INFO  segmented.SegmentedRaftLogWorker (SegmentedRaftLogWorker.java:lambda$new$0(128)) - 43091c99-a44c-440a-ab41-05a01ed9538f@group-913BA7F75B93-SegmentedRaftLogWorker: flushIndex: setUnconditionally 0 -> -1
2019-11-05 17:59:21,756 [pool-347-thread-1] INFO  server.RaftServerConfigKeys (ConfUtils.java:logGet(43)) - raft.server.log.segment.size.max = 1048576 (custom)
2019-11-05 17:59:21,756 [pool-327-thread-1] INFO  server.RaftServerConfigKeys (ConfUtils.java:logGet(43)) - raft.server.log.queue.element-limit = 1024 (custom)
2019-11-05 17:59:21,756 [pool-337-thread-1] INFO  server.RaftServerConfigKeys (ConfUtils.java:logGet(43)) - raft.server.snapshot.auto.trigger.enabled = true (custom)
2019-11-05 17:59:21,756 [pool-347-thread-1] INFO  server.RaftServerConfigKeys (ConfUtils.java:logGet(43)) - raft.server.log.preallocated.size = 16384 (custom)
2019-11-05 17:59:21,757 [pool-337-thread-1] INFO  server.RaftServerConfigKeys (ConfUtils.java:logGet(43)) - raft.server.snapshot.auto.trigger.threshold = 10000 (custom)
2019-11-05 17:59:21,756 [pool-327-thread-1] INFO  server.RaftServerConfigKeys (ConfUtils.java:logGet(43)) - raft.server.log.segment.size.max = 1048576 (custom)
2019-11-05 17:59:21,757 [pool-337-thread-1] INFO  server.RaftServerConfigKeys (ConfUtils.java:logGet(43)) - raft.server.snapshot.retention.file.num = 5 (custom)
2019-11-05 17:59:21,757 [pool-347-thread-1] INFO  server.RaftServerConfigKeys (ConfUtils.java:logGet(43)) - raft.server.log.write.buffer.size = 33554432 (custom)
2019-11-05 17:59:21,757 [pool-337-thread-1] INFO  server.RaftServerConfigKeys (ConfUtils.java:logGet(43)) - raft.server.retrycache.expirytime = 600000ms (custom)
2019-11-05 17:59:21,757 [pool-327-thread-1] INFO  server.RaftServerConfigKeys (ConfUtils.java:logGet(43)) - raft.server.log.preallocated.size = 16384 (custom)
2019-11-05 17:59:21,757 [pool-337-thread-1] WARN  impl.MetricRegistriesImpl (MetricRegistriesImpl.java:lambda$create$1(61)) - First MetricRegistry has been created without registering reporters. You may need to call MetricRegistries.global().addReportRegistration(...) before.
2019-11-05 17:59:21,757 [pool-347-thread-1] INFO  server.RaftServerConfigKeys (ConfUtils.java:logGet(43)) - raft.server.log.force.sync.num = 128 (default)
2019-11-05 17:59:21,758 [pool-337-thread-1] WARN  impl.MetricRegistriesImpl (MetricRegistriesImpl.java:lambda$create$1(61)) - First MetricRegistry has been created without registering reporters. You may need to call MetricRegistries.global().addReportRegistration(...) before.
2019-11-05 17:59:21,757 [pool-327-thread-1] INFO  server.RaftServerConfigKeys (ConfUtils.java:logGet(43)) - raft.server.log.write.buffer.size = 33554432 (custom)
2019-11-05 17:59:21,758 [pool-337-thread-1] INFO  impl.RaftServerImpl (RaftServerImpl.java:start(184)) - 43091c99-a44c-440a-ab41-05a01ed9538f@group-913BA7F75B93: start as a follower, conf=-1: [d3d6cb51-be4c-4760-aacb-ed619a32a271:192.168.34.20:42778, 43091c99-a44c-440a-ab41-05a01ed9538f:192.168.34.20:34078, 5c0a4bab-1351-4859-8e93-b1f6c1cbe601:192.168.34.20:38739], old=null
2019-11-05 17:59:21,758 [pool-347-thread-1] INFO  server.RaftServerConfigKeys (ConfUtils.java:logGet(43)) - raft.server.log.statemachine.data.sync = true (default)
2019-11-05 17:59:21,758 [pool-337-thread-1] INFO  impl.RaftServerImpl (RaftServerImpl.java:setRole(173)) - 43091c99-a44c-440a-ab41-05a01ed9538f@group-913BA7F75B93: changes role from      null to FOLLOWER at term 0 for startAsFollower
2019-11-05 17:59:21,758 [pool-327-thread-1] INFO  server.RaftServerConfigKeys (ConfUtils.java:logGet(43)) - raft.server.log.force.sync.num = 128 (default)
2019-11-05 17:59:21,759 [pool-337-thread-1] INFO  impl.RoleInfo (RoleInfo.java:updateAndGet(143)) - 43091c99-a44c-440a-ab41-05a01ed9538f: start FollowerState
2019-11-05 17:59:21,758 [pool-347-thread-1] INFO  server.RaftServerConfigKeys (ConfUtils.java:logGet(43)) - raft.server.log.statemachine.data.sync.timeout = 10s (default)
2019-11-05 17:59:21,759 [pool-327-thread-1] INFO  server.RaftServerConfigKeys (ConfUtils.java:logGet(43)) - raft.server.log.statemachine.data.sync = true (default)
2019-11-05 17:59:21,759 [pool-337-thread-1] INFO  util.JmxRegister (JmxRegister.java:tryRegister(44)) - Successfully registered JMX Bean with object name Ratis:service=RaftServer,group=group-913BA7F75B93,id=43091c99-a44c-440a-ab41-05a01ed9538f
2019-11-05 17:59:21,759 [pool-347-thread-1] INFO  server.RaftServerConfigKeys (ConfUtils.java:logGet(43)) - raft.server.log.statemachine.data.sync.timeout.retry = -1 (default)
2019-11-05 17:59:21,759 [pool-337-thread-1] WARN  impl.MetricRegistriesImpl (MetricRegistriesImpl.java:lambda$create$1(61)) - First MetricRegistry has been created without registering reporters. You may need to call MetricRegistries.global().addReportRegistration(...) before.
2019-11-05 17:59:21,759 [pool-327-thread-1] INFO  server.RaftServerConfigKeys (ConfUtils.java:logGet(43)) - raft.server.log.statemachine.data.sync.timeout = 10s (default)
2019-11-05 17:59:21,759 [pool-347-thread-1] INFO  server.RaftServerConfigKeys (ConfUtils.java:logGet(43)) - raft.server.log.statemachine.data.caching.enabled = true (custom)
2019-11-05 17:59:21,760 [pool-327-thread-1] INFO  server.RaftServerConfigKeys (ConfUtils.java:logGet(43)) - raft.server.log.statemachine.data.sync.timeout.retry = -1 (default)
2019-11-05 17:59:21,760 [pool-347-thread-1] INFO  segmented.SegmentedRaftLogWorker (SegmentedRaftLogWorker.java:lambda$new$0(128)) - 5c0a4bab-1351-4859-8e93-b1f6c1cbe601@group-913BA7F75B93-SegmentedRaftLogWorker: flushIndex: setUnconditionally 0 -> -1
2019-11-05 17:59:21,760 [pool-327-thread-1] INFO  server.RaftServerConfigKeys (ConfUtils.java:logGet(43)) - raft.server.log.statemachine.data.caching.enabled = true (custom)
2019-11-05 17:59:21,760 [pool-347-thread-1] INFO  server.RaftServerConfigKeys (ConfUtils.java:logGet(43)) - raft.server.snapshot.auto.trigger.enabled = true (custom)
2019-11-05 17:59:21,761 [pool-347-thread-1] INFO  server.RaftServerConfigKeys (ConfUtils.java:logGet(43)) - raft.server.snapshot.auto.trigger.threshold = 10000 (custom)
2019-11-05 17:59:21,761 [pool-327-thread-1] INFO  segmented.SegmentedRaftLogWorker (SegmentedRaftLogWorker.java:lambda$new$0(128)) - d3d6cb51-be4c-4760-aacb-ed619a32a271@group-913BA7F75B93-SegmentedRaftLogWorker: flushIndex: setUnconditionally 0 -> -1
2019-11-05 17:59:21,761 [pool-347-thread-1] INFO  server.RaftServerConfigKeys (ConfUtils.java:logGet(43)) - raft.server.snapshot.retention.file.num = 5 (custom)
2019-11-05 17:59:21,761 [pool-347-thread-1] INFO  server.RaftServerConfigKeys (ConfUtils.java:logGet(43)) - raft.server.retrycache.expirytime = 600000ms (custom)
2019-11-05 17:59:21,761 [pool-327-thread-1] INFO  server.RaftServerConfigKeys (ConfUtils.java:logGet(43)) - raft.server.snapshot.auto.trigger.enabled = true (custom)
2019-11-05 17:59:21,761 [pool-347-thread-1] WARN  impl.MetricRegistriesImpl (MetricRegistriesImpl.java:lambda$create$1(61)) - First MetricRegistry has been created without registering reporters. You may need to call MetricRegistries.global().addReportRegistration(...) before.
2019-11-05 17:59:21,761 [pool-327-thread-1] INFO  server.RaftServerConfigKeys (ConfUtils.java:logGet(43)) - raft.server.snapshot.auto.trigger.threshold = 10000 (custom)
2019-11-05 17:59:21,762 [pool-347-thread-1] WARN  impl.MetricRegistriesImpl (MetricRegistriesImpl.java:lambda$create$1(61)) - First MetricRegistry has been created without registering reporters. You may need to call MetricRegistries.global().addReportRegistration(...) before.
2019-11-05 17:59:21,762 [pool-327-thread-1] INFO  server.RaftServerConfigKeys (ConfUtils.java:logGet(43)) - raft.server.snapshot.retention.file.num = 5 (custom)
2019-11-05 17:59:21,762 [pool-347-thread-1] INFO  impl.RaftServerImpl (RaftServerImpl.java:start(184)) - 5c0a4bab-1351-4859-8e93-b1f6c1cbe601@group-913BA7F75B93: start as a follower, conf=-1: [d3d6cb51-be4c-4760-aacb-ed619a32a271:192.168.34.20:42778, 43091c99-a44c-440a-ab41-05a01ed9538f:192.168.34.20:34078, 5c0a4bab-1351-4859-8e93-b1f6c1cbe601:192.168.34.20:38739], old=null
2019-11-05 17:59:21,762 [pool-327-thread-1] INFO  server.RaftServerConfigKeys (ConfUtils.java:logGet(43)) - raft.server.retrycache.expirytime = 600000ms (custom)
2019-11-05 17:59:21,762 [pool-347-thread-1] INFO  impl.RaftServerImpl (RaftServerImpl.java:setRole(173)) - 5c0a4bab-1351-4859-8e93-b1f6c1cbe601@group-913BA7F75B93: changes role from      null to FOLLOWER at term 0 for startAsFollower
2019-11-05 17:59:21,762 [pool-327-thread-1] WARN  impl.MetricRegistriesImpl (MetricRegistriesImpl.java:lambda$create$1(61)) - First MetricRegistry has been created without registering reporters. You may need to call MetricRegistries.global().addReportRegistration(...) before.
2019-11-05 17:59:21,762 [pool-347-thread-1] INFO  impl.RoleInfo (RoleInfo.java:updateAndGet(143)) - 5c0a4bab-1351-4859-8e93-b1f6c1cbe601: start FollowerState
2019-11-05 17:59:21,762 [pool-327-thread-1] WARN  impl.MetricRegistriesImpl (MetricRegistriesImpl.java:lambda$create$1(61)) - First MetricRegistry has been created without registering reporters. You may need to call MetricRegistries.global().addReportRegistration(...) before.
2019-11-05 17:59:21,763 [pool-327-thread-1] INFO  impl.RaftServerImpl (RaftServerImpl.java:start(184)) - d3d6cb51-be4c-4760-aacb-ed619a32a271@group-913BA7F75B93: start as a follower, conf=-1: [d3d6cb51-be4c-4760-aacb-ed619a32a271:192.168.34.20:42778, 43091c99-a44c-440a-ab41-05a01ed9538f:192.168.34.20:34078, 5c0a4bab-1351-4859-8e93-b1f6c1cbe601:192.168.34.20:38739], old=null
2019-11-05 17:59:21,763 [pool-347-thread-1] INFO  util.JmxRegister (JmxRegister.java:tryRegister(44)) - Successfully registered JMX Bean with object name Ratis:service=RaftServer,group=group-913BA7F75B93,id=5c0a4bab-1351-4859-8e93-b1f6c1cbe601
2019-11-05 17:59:21,763 [pool-327-thread-1] INFO  impl.RaftServerImpl (RaftServerImpl.java:setRole(173)) - d3d6cb51-be4c-4760-aacb-ed619a32a271@group-913BA7F75B93: changes role from      null to FOLLOWER at term 0 for startAsFollower
2019-11-05 17:59:21,763 [pool-347-thread-1] WARN  impl.MetricRegistriesImpl (MetricRegistriesImpl.java:lambda$create$1(61)) - First MetricRegistry has been created without registering reporters. You may need to call MetricRegistries.global().addReportRegistration(...) before.
2019-11-05 17:59:21,763 [pool-327-thread-1] INFO  impl.RoleInfo (RoleInfo.java:updateAndGet(143)) - d3d6cb51-be4c-4760-aacb-ed619a32a271: start FollowerState
2019-11-05 17:59:21,764 [pool-327-thread-1] INFO  util.JmxRegister (JmxRegister.java:tryRegister(44)) - Successfully registered JMX Bean with object name Ratis:service=RaftServer,group=group-913BA7F75B93,id=d3d6cb51-be4c-4760-aacb-ed619a32a271
2019-11-05 17:59:21,764 [pool-327-thread-1] WARN  impl.MetricRegistriesImpl (MetricRegistriesImpl.java:lambda$create$1(61)) - First MetricRegistry has been created without registering reporters. You may need to call MetricRegistries.global().addReportRegistration(...) before.
2019-11-05 17:59:21,768 [RatisPipelineUtilsThread] INFO  pipeline.PipelineStateManager (PipelineStateManager.java:addPipeline(56)) - Created pipeline Pipeline[ Id: b9517a86-5f38-4114-8190-913ba7f75b93, Nodes: 43091c99-a44c-440a-ab41-05a01ed9538f{ip: 192.168.34.20, host: pr-hdds-1987-wwl9f-3612113445, networkLocation: /default-rack, certSerialId: null}d3d6cb51-be4c-4760-aacb-ed619a32a271{ip: 192.168.34.20, host: pr-hdds-1987-wwl9f-3612113445, networkLocation: /default-rack, certSerialId: null}5c0a4bab-1351-4859-8e93-b1f6c1cbe601{ip: 192.168.34.20, host: pr-hdds-1987-wwl9f-3612113445, networkLocation: /default-rack, certSerialId: null}, Type:RATIS, Factor:THREE, State:OPEN]
2019-11-05 17:59:22,630 [Thread-1306] INFO  ozone.MiniOzoneClusterImpl (MiniOzoneClusterImpl.java:lambda$waitForClusterToBeReady$0(147)) - Cluster is ready. Got 3 of 3 DN Heartbeats.
2019-11-05 17:59:22,672 [Thread-1306] INFO  rpc.RpcClient (RpcClient.java:createVolume(291)) - Creating Volume: volume11039, with user88632 as owner.
2019-11-05 17:59:22,675 [IPC Server handler 1 on 40264] INFO  volume.OMVolumeCreateRequest (OMVolumeCreateRequest.java:validateAndUpdateCache(193)) - created volume:volume11039 for user:user88632
2019-11-05 17:59:22,696 [Thread-1306] INFO  rpc.RpcClient (RpcClient.java:createBucket(430)) - Creating Bucket: volume11039/bucket74051, with Versioning false and Storage Type set to DISK and Encryption set to false 
17:59:22.794 [IPC Server handler 13 on 40264] ERROR OMAudit - user=jenkins1000 | ip=127.0.0.1 | op=GET_FILE_STATUS {volume=volume11039, bucket=bucket74051, key=target/leaf, dataSize=0, replicationType=null, replicationFactor=null, keyLocationInfo=null} | ret=FAILURE
org.apache.hadoop.ozone.om.exceptions.OMException: Unable to get file status: volume: volume11039 bucket: bucket74051 key: target/leaf
	at org.apache.hadoop.ozone.om.KeyManagerImpl.getFileStatus(KeyManagerImpl.java:1784) ~[hadoop-ozone-ozone-manager-0.5.0-SNAPSHOT.jar:?]
	at org.apache.hadoop.ozone.om.OzoneManager.getFileStatus(OzoneManager.java:2762) ~[hadoop-ozone-ozone-manager-0.5.0-SNAPSHOT.jar:?]
	at org.apache.hadoop.ozone.protocolPB.OzoneManagerRequestHandler.getOzoneFileStatus(OzoneManagerRequestHandler.java:1053) ~[hadoop-ozone-ozone-manager-0.5.0-SNAPSHOT.jar:?]
	at org.apache.hadoop.ozone.protocolPB.OzoneManagerRequestHandler.handle(OzoneManagerRequestHandler.java:340) ~[hadoop-ozone-ozone-manager-0.5.0-SNAPSHOT.jar:?]
	at org.apache.hadoop.ozone.protocolPB.OzoneManagerProtocolServerSideTranslatorPB.submitRequestDirectlyToOM(OzoneManagerProtocolServerSideTranslatorPB.java:208) ~[hadoop-ozone-ozone-manager-0.5.0-SNAPSHOT.jar:?]
	at org.apache.hadoop.ozone.protocolPB.OzoneManagerProtocolServerSideTranslatorPB.processRequest(OzoneManagerProtocolServerSideTranslatorPB.java:132) ~[hadoop-ozone-ozone-manager-0.5.0-SNAPSHOT.jar:?]
	at org.apache.hadoop.hdds.server.OzoneProtocolMessageDispatcher.processRequest(OzoneProtocolMessageDispatcher.java:72) [hadoop-hdds-server-framework-0.5.0-SNAPSHOT.jar:?]
	at org.apache.hadoop.ozone.protocolPB.OzoneManagerProtocolServerSideTranslatorPB.submitRequest(OzoneManagerProtocolServerSideTranslatorPB.java:100) [hadoop-ozone-ozone-manager-0.5.0-SNAPSHOT.jar:?]
	at org.apache.hadoop.ozone.protocol.proto.OzoneManagerProtocolProtos$OzoneManagerService$2.callBlockingMethod(OzoneManagerProtocolProtos.java) [hadoop-ozone-common-0.5.0-SNAPSHOT.jar:?]
	at org.apache.hadoop.ipc.ProtobufRpcEngine$Server$ProtoBufRpcInvoker.call(ProtobufRpcEngine.java:524) [hadoop-common-3.2.0.jar:?]
	at org.apache.hadoop.ipc.RPC$Server.call(RPC.java:1025) [hadoop-common-3.2.0.jar:?]
	at org.apache.hadoop.ipc.Server$RpcCall.run(Server.java:876) [hadoop-common-3.2.0.jar:?]
	at org.apache.hadoop.ipc.Server$RpcCall.run(Server.java:822) [hadoop-common-3.2.0.jar:?]
	at java.security.AccessController.doPrivileged(Native Method) [?:1.8.0_222]
	at javax.security.auth.Subject.doAs(Subject.java:422) [?:1.8.0_222]
	at org.apache.hadoop.security.UserGroupInformation.doAs(UserGroupInformation.java:1730) [hadoop-common-3.2.0.jar:?]
	at org.apache.hadoop.ipc.Server$Handler.run(Server.java:2682) [hadoop-common-3.2.0.jar:?]
17:59:22.828 [IPC Server handler 19 on 40264] ERROR OMAudit - user=jenkins1000 | ip=127.0.0.1 | op=GET_FILE_STATUS {volume=volume11039, bucket=bucket74051, key=source/interimPath, dataSize=0, replicationType=null, replicationFactor=null, keyLocationInfo=null} | ret=FAILURE
org.apache.hadoop.ozone.om.exceptions.OMException: Unable to get file status: volume: volume11039 bucket: bucket74051 key: source/interimPath
	at org.apache.hadoop.ozone.om.KeyManagerImpl.getFileStatus(KeyManagerImpl.java:1784) ~[hadoop-ozone-ozone-manager-0.5.0-SNAPSHOT.jar:?]
	at org.apache.hadoop.ozone.om.OzoneManager.getFileStatus(OzoneManager.java:2762) ~[hadoop-ozone-ozone-manager-0.5.0-SNAPSHOT.jar:?]
	at org.apache.hadoop.ozone.protocolPB.OzoneManagerRequestHandler.getOzoneFileStatus(OzoneManagerRequestHandler.java:1053) ~[hadoop-ozone-ozone-manager-0.5.0-SNAPSHOT.jar:?]
	at org.apache.hadoop.ozone.protocolPB.OzoneManagerRequestHandler.handle(OzoneManagerRequestHandler.java:340) ~[hadoop-ozone-ozone-manager-0.5.0-SNAPSHOT.jar:?]
	at org.apache.hadoop.ozone.protocolPB.OzoneManagerProtocolServerSideTranslatorPB.submitRequestDirectlyToOM(OzoneManagerProtocolServerSideTranslatorPB.java:208) ~[hadoop-ozone-ozone-manager-0.5.0-SNAPSHOT.jar:?]
	at org.apache.hadoop.ozone.protocolPB.OzoneManagerProtocolServerSideTranslatorPB.processRequest(OzoneManagerProtocolServerSideTranslatorPB.java:132) ~[hadoop-ozone-ozone-manager-0.5.0-SNAPSHOT.jar:?]
	at org.apache.hadoop.hdds.server.OzoneProtocolMessageDispatcher.processRequest(OzoneProtocolMessageDispatcher.java:72) [hadoop-hdds-server-framework-0.5.0-SNAPSHOT.jar:?]
	at org.apache.hadoop.ozone.protocolPB.OzoneManagerProtocolServerSideTranslatorPB.submitRequest(OzoneManagerProtocolServerSideTranslatorPB.java:100) [hadoop-ozone-ozone-manager-0.5.0-SNAPSHOT.jar:?]
	at org.apache.hadoop.ozone.protocol.proto.OzoneManagerProtocolProtos$OzoneManagerService$2.callBlockingMethod(OzoneManagerProtocolProtos.java) [hadoop-ozone-common-0.5.0-SNAPSHOT.jar:?]
	at org.apache.hadoop.ipc.ProtobufRpcEngine$Server$ProtoBufRpcInvoker.call(ProtobufRpcEngine.java:524) [hadoop-common-3.2.0.jar:?]
	at org.apache.hadoop.ipc.RPC$Server.call(RPC.java:1025) [hadoop-common-3.2.0.jar:?]
	at org.apache.hadoop.ipc.Server$RpcCall.run(Server.java:876) [hadoop-common-3.2.0.jar:?]
	at org.apache.hadoop.ipc.Server$RpcCall.run(Server.java:822) [hadoop-common-3.2.0.jar:?]
	at java.security.AccessController.doPrivileged(Native Method) [?:1.8.0_222]
	at javax.security.auth.Subject.doAs(Subject.java:422) [?:1.8.0_222]
	at org.apache.hadoop.security.UserGroupInformation.doAs(UserGroupInformation.java:1730) [hadoop-common-3.2.0.jar:?]
	at org.apache.hadoop.ipc.Server$Handler.run(Server.java:2682) [hadoop-common-3.2.0.jar:?]
2019-11-05 17:59:22,846 [Thread-1306] INFO  ozone.MiniOzoneClusterImpl (MiniOzoneClusterImpl.java:shutdown(314)) - Shutting down the Mini Ozone Cluster
2019-11-05 17:59:22,846 [Thread-1306] INFO  ozone.MiniOzoneClusterImpl (MiniOzoneClusterImpl.java:stop(330)) - Stopping the Mini Ozone Cluster
2019-11-05 17:59:22,846 [Thread-1306] INFO  ozone.MiniOzoneClusterImpl (MiniOzoneClusterImpl.java:stopOM(400)) - Stopping the OzoneManager
2019-11-05 17:59:22,846 [Thread-1306] INFO  ipc.Server (Server.java:stop(3082)) - Stopping server on 40264
2019-11-05 17:59:22,849 [IPC Server listener on 40264] INFO  ipc.Server (Server.java:run(1185)) - Stopping IPC Server listener on 40264
2019-11-05 17:59:22,849 [IPC Server Responder] INFO  ipc.Server (Server.java:run(1319)) - Stopping IPC Server Responder
2019-11-05 17:59:22,849 [Thread-1306] INFO  ratis.OzoneManagerDoubleBuffer (OzoneManagerDoubleBuffer.java:stop(261)) - Stopping OMDoubleBuffer flush thread
2019-11-05 17:59:22,850 [OMDoubleBufferFlushThread] INFO  ratis.OzoneManagerDoubleBuffer (OzoneManagerDoubleBuffer.java:flushTransactions(199)) - OMDoubleBuffer flush thread OMDoubleBufferFlushThread is interrupted and will exit. OMDoubleBufferFlushThread
2019-11-05 17:59:22,851 [Thread-1306] INFO  utils.BackgroundService (BackgroundService.java:shutdown(151)) - Shutting down service KeyDeletingService
2019-11-05 17:59:22,852 [Thread-1306] INFO  handler.ContextHandler (ContextHandler.java:doStop(910)) - Stopped o.e.j.w.WebAppContext@6c22c736{/,null,UNAVAILABLE}{/ozoneManager}
2019-11-05 17:59:22,852 [Thread-1306] INFO  server.AbstractConnector (AbstractConnector.java:doStop(318)) - Stopped ServerConnector@6b940f07{HTTP/1.1,[http/1.1]}{0.0.0.0:0}
2019-11-05 17:59:22,853 [Thread-1306] INFO  handler.ContextHandler (ContextHandler.java:doStop(910)) - Stopped o.e.j.s.ServletContextHandler@2f7e84b{/static,jar:file:/home/user/.m2/repository/org/apache/hadoop/hadoop-ozone-ozone-manager/0.5.0-SNAPSHOT/hadoop-ozone-ozone-manager-0.5.0-SNAPSHOT.jar!/webapps/static,UNAVAILABLE}
2019-11-05 17:59:22,853 [Thread-1306] INFO  handler.ContextHandler (ContextHandler.java:doStop(910)) - Stopped o.e.j.s.ServletContextHandler@a1b724{/logs,file:///workdir/hadoop-ozone/ozonefs/target/log,UNAVAILABLE}
2019-11-05 17:59:22,855 [Thread-1306] INFO  ozone.MiniOzoneClusterImpl (MiniOzoneClusterImpl.java:stopDatanodes(377)) - Stopping the HddsDatanodes
2019-11-05 17:59:23,484 [Datanode State Machine Thread - 0] INFO  statemachine.DatanodeStateMachine (DatanodeStateMachine.java:lambda$startDaemon$0(350)) - Ozone container server started.
2019-11-05 17:59:23,551 [Datanode State Machine Thread - 0] INFO  statemachine.DatanodeStateMachine (DatanodeStateMachine.java:lambda$startDaemon$0(350)) - Ozone container server started.
2019-11-05 17:59:24,492 [Thread-1478] INFO  container.ReplicationManager (ReplicationManager.java:start(162)) - Starting Replication Monitor Thread.
2019-11-05 17:59:24,494 [ReplicationMonitor] INFO  container.ReplicationManager (ReplicationManager.java:run(225)) - Replication Monitor Thread took 0 milliseconds for processing 0 containers.
2019-11-05 17:59:26,570 [Thread-1480] INFO  impl.FollowerState (FollowerState.java:run(111)) - d3d6cb51-be4c-4760-aacb-ed619a32a271@group-F6C18D37B2A3-FollowerState: change to CANDIDATE, lastRpcTime:5029ms, electionTimeout:5029ms
2019-11-05 17:59:26,570 [Thread-1480] INFO  impl.RoleInfo (RoleInfo.java:shutdownFollowerState(121)) - d3d6cb51-be4c-4760-aacb-ed619a32a271: shutdown FollowerState
2019-11-05 17:59:26,571 [Thread-1480] INFO  impl.RaftServerImpl (RaftServerImpl.java:setRole(173)) - d3d6cb51-be4c-4760-aacb-ed619a32a271@group-F6C18D37B2A3: changes role from  FOLLOWER to CANDIDATE at term 0 for changeToCandidate
2019-11-05 17:59:26,571 [Thread-1480] INFO  impl.RoleInfo (RoleInfo.java:updateAndGet(143)) - d3d6cb51-be4c-4760-aacb-ed619a32a271: start LeaderElection
2019-11-05 17:59:26,587 [d3d6cb51-be4c-4760-aacb-ed619a32a271@group-F6C18D37B2A3-LeaderElection31] INFO  impl.LeaderElection (LeaderElection.java:askForVotes(178)) - d3d6cb51-be4c-4760-aacb-ed619a32a271@group-F6C18D37B2A3-LeaderElection31: begin an election at term 1 for -1: [d3d6cb51-be4c-4760-aacb-ed619a32a271:192.168.34.20:42778], old=null
2019-11-05 17:59:26,587 [d3d6cb51-be4c-4760-aacb-ed619a32a271@group-F6C18D37B2A3-LeaderElection31] INFO  impl.RoleInfo (RoleInfo.java:shutdownLeaderElection(134)) - d3d6cb51-be4c-4760-aacb-ed619a32a271: shutdown LeaderElection
2019-11-05 17:59:26,588 [d3d6cb51-be4c-4760-aacb-ed619a32a271@group-F6C18D37B2A3-LeaderElection31] INFO  impl.RaftServerImpl (RaftServerImpl.java:setRole(173)) - d3d6cb51-be4c-4760-aacb-ed619a32a271@group-F6C18D37B2A3: changes role from CANDIDATE to LEADER at term 1 for changeToLeader
2019-11-05 17:59:26,588 [d3d6cb51-be4c-4760-aacb-ed619a32a271@group-F6C18D37B2A3-LeaderElection31] INFO  impl.RaftServerImpl (ServerState.java:setLeader(255)) - d3d6cb51-be4c-4760-aacb-ed619a32a271@group-F6C18D37B2A3: change Leader from null to d3d6cb51-be4c-4760-aacb-ed619a32a271 at term 1 for becomeLeader, leader elected after 5054ms
2019-11-05 17:59:26,588 [d3d6cb51-be4c-4760-aacb-ed619a32a271@group-F6C18D37B2A3-LeaderElection31] INFO  server.RaftServerConfigKeys (ConfUtils.java:logGet(43)) - raft.server.staging.catchup.gap = 1000 (default)
2019-11-05 17:59:26,588 [d3d6cb51-be4c-4760-aacb-ed619a32a271@group-F6C18D37B2A3-LeaderElection31] INFO  server.RaftServerConfigKeys (ConfUtils.java:logGet(43)) - raft.server.rpc.sleep.time = 25ms (default)
2019-11-05 17:59:26,589 [d3d6cb51-be4c-4760-aacb-ed619a32a271@group-F6C18D37B2A3-LeaderElection31] INFO  server.RaftServerConfigKeys (ConfUtils.java:logGet(43)) - raft.server.write.element-limit = 4096 (default)
2019-11-05 17:59:26,589 [d3d6cb51-be4c-4760-aacb-ed619a32a271@group-F6C18D37B2A3-LeaderElection31] INFO  server.RaftServerConfigKeys (ConfUtils.java:logGet(43)) - raft.server.watch.timeout = 10s (default)
2019-11-05 17:59:26,589 [d3d6cb51-be4c-4760-aacb-ed619a32a271@group-F6C18D37B2A3-LeaderElection31] INFO  server.RaftServerConfigKeys (ConfUtils.java:logGet(43)) - raft.server.watch.timeout.denomination = 1s (default)
2019-11-05 17:59:26,589 [d3d6cb51-be4c-4760-aacb-ed619a32a271@group-F6C18D37B2A3-LeaderElection31] INFO  server.RaftServerConfigKeys (ConfUtils.java:logGet(43)) - raft.server.watch.element-limit = 65536 (default)
2019-11-05 17:59:26,590 [d3d6cb51-be4c-4760-aacb-ed619a32a271@group-F6C18D37B2A3-LeaderElection31] INFO  impl.RoleInfo (RoleInfo.java:updateAndGet(143)) - d3d6cb51-be4c-4760-aacb-ed619a32a271: start LeaderState
2019-11-05 17:59:26,590 [d3d6cb51-be4c-4760-aacb-ed619a32a271@group-F6C18D37B2A3-LeaderElection31] INFO  segmented.SegmentedRaftLogWorker (SegmentedRaftLogWorker.java:startLogSegment(385)) - d3d6cb51-be4c-4760-aacb-ed619a32a271@group-F6C18D37B2A3-SegmentedRaftLogWorker: Starting segment from index:0
2019-11-05 17:59:26,591 [d3d6cb51-be4c-4760-aacb-ed619a32a271@group-F6C18D37B2A3-LeaderElection31] INFO  impl.RaftServerImpl (ServerState.java:setRaftConf(356)) - d3d6cb51-be4c-4760-aacb-ed619a32a271@group-F6C18D37B2A3: set configuration 0: [d3d6cb51-be4c-4760-aacb-ed619a32a271:192.168.34.20:42778], old=null at 0
2019-11-05 17:59:26,643 [d3d6cb51-be4c-4760-aacb-ed619a32a271@group-F6C18D37B2A3-SegmentedRaftLogWorker] INFO  segmented.SegmentedRaftLogWorker (SegmentedRaftLogWorker.java:execute(576)) - d3d6cb51-be4c-4760-aacb-ed619a32a271@group-F6C18D37B2A3-SegmentedRaftLogWorker: created new log segment /workdir/hadoop-ozone/ozonefs/target/test-dir/MiniOzoneClusterImpl-248ee3ec-1f9e-44c8-bd04-ec056a7a619d/datanode-0/data/ratis/80d82bb8-a21f-4eab-873d-f6c18d37b2a3/current/log_inprogress_0
2019-11-05 17:59:26,706 [Thread-1483] INFO  impl.FollowerState (FollowerState.java:run(111)) - 43091c99-a44c-440a-ab41-05a01ed9538f@group-2957DC14B0E6-FollowerState: change to CANDIDATE, lastRpcTime:5110ms, electionTimeout:5110ms
2019-11-05 17:59:26,706 [Thread-1483] INFO  impl.RoleInfo (RoleInfo.java:shutdownFollowerState(121)) - 43091c99-a44c-440a-ab41-05a01ed9538f: shutdown FollowerState
2019-11-05 17:59:26,706 [Thread-1483] INFO  impl.RaftServerImpl (RaftServerImpl.java:setRole(173)) - 43091c99-a44c-440a-ab41-05a01ed9538f@group-2957DC14B0E6: changes role from  FOLLOWER to CANDIDATE at term 0 for changeToCandidate
2019-11-05 17:59:26,706 [Thread-1483] INFO  impl.RoleInfo (RoleInfo.java:updateAndGet(143)) - 43091c99-a44c-440a-ab41-05a01ed9538f: start LeaderElection
2019-11-05 17:59:26,722 [43091c99-a44c-440a-ab41-05a01ed9538f@group-2957DC14B0E6-LeaderElection32] INFO  impl.LeaderElection (LeaderElection.java:askForVotes(178)) - 43091c99-a44c-440a-ab41-05a01ed9538f@group-2957DC14B0E6-LeaderElection32: begin an election at term 1 for -1: [43091c99-a44c-440a-ab41-05a01ed9538f:192.168.34.20:34078], old=null
2019-11-05 17:59:26,723 [43091c99-a44c-440a-ab41-05a01ed9538f@group-2957DC14B0E6-LeaderElection32] INFO  impl.RoleInfo (RoleInfo.java:shutdownLeaderElection(134)) - 43091c99-a44c-440a-ab41-05a01ed9538f: shutdown LeaderElection
2019-11-05 17:59:26,723 [43091c99-a44c-440a-ab41-05a01ed9538f@group-2957DC14B0E6-LeaderElection32] INFO  impl.RaftServerImpl (RaftServerImpl.java:setRole(173)) - 43091c99-a44c-440a-ab41-05a01ed9538f@group-2957DC14B0E6: changes role from CANDIDATE to LEADER at term 1 for changeToLeader
2019-11-05 17:59:26,723 [43091c99-a44c-440a-ab41-05a01ed9538f@group-2957DC14B0E6-LeaderElection32] INFO  impl.RaftServerImpl (ServerState.java:setLeader(255)) - 43091c99-a44c-440a-ab41-05a01ed9538f@group-2957DC14B0E6: change Leader from null to 43091c99-a44c-440a-ab41-05a01ed9538f at term 1 for becomeLeader, leader elected after 5130ms
2019-11-05 17:59:26,723 [43091c99-a44c-440a-ab41-05a01ed9538f@group-2957DC14B0E6-LeaderElection32] INFO  server.RaftServerConfigKeys (ConfUtils.java:logGet(43)) - raft.server.staging.catchup.gap = 1000 (default)
2019-11-05 17:59:26,723 [43091c99-a44c-440a-ab41-05a01ed9538f@group-2957DC14B0E6-LeaderElection32] INFO  server.RaftServerConfigKeys (ConfUtils.java:logGet(43)) - raft.server.rpc.sleep.time = 25ms (default)
2019-11-05 17:59:26,724 [43091c99-a44c-440a-ab41-05a01ed9538f@group-2957DC14B0E6-LeaderElection32] INFO  server.RaftServerConfigKeys (ConfUtils.java:logGet(43)) - raft.server.write.element-limit = 4096 (default)
2019-11-05 17:59:26,724 [43091c99-a44c-440a-ab41-05a01ed9538f@group-2957DC14B0E6-LeaderElection32] INFO  server.RaftServerConfigKeys (ConfUtils.java:logGet(43)) - raft.server.watch.timeout = 10s (default)
2019-11-05 17:59:26,724 [43091c99-a44c-440a-ab41-05a01ed9538f@group-2957DC14B0E6-LeaderElection32] INFO  server.RaftServerConfigKeys (ConfUtils.java:logGet(43)) - raft.server.watch.timeout.denomination = 1s (default)
2019-11-05 17:59:26,724 [43091c99-a44c-440a-ab41-05a01ed9538f@group-2957DC14B0E6-LeaderElection32] INFO  server.RaftServerConfigKeys (ConfUtils.java:logGet(43)) - raft.server.watch.element-limit = 65536 (default)
2019-11-05 17:59:26,724 [43091c99-a44c-440a-ab41-05a01ed9538f@group-2957DC14B0E6-LeaderElection32] INFO  impl.RoleInfo (RoleInfo.java:updateAndGet(143)) - 43091c99-a44c-440a-ab41-05a01ed9538f: start LeaderState
2019-11-05 17:59:26,725 [43091c99-a44c-440a-ab41-05a01ed9538f@group-2957DC14B0E6-LeaderElection32] INFO  segmented.SegmentedRaftLogWorker (SegmentedRaftLogWorker.java:startLogSegment(385)) - 43091c99-a44c-440a-ab41-05a01ed9538f@group-2957DC14B0E6-SegmentedRaftLogWorker: Starting segment from index:0
2019-11-05 17:59:26,725 [43091c99-a44c-440a-ab41-05a01ed9538f@group-2957DC14B0E6-LeaderElection32] INFO  impl.RaftServerImpl (ServerState.java:setRaftConf(356)) - 43091c99-a44c-440a-ab41-05a01ed9538f@group-2957DC14B0E6: set configuration 0: [43091c99-a44c-440a-ab41-05a01ed9538f:192.168.34.20:34078], old=null at 0
2019-11-05 17:59:26,760 [43091c99-a44c-440a-ab41-05a01ed9538f@group-2957DC14B0E6-SegmentedRaftLogWorker] INFO  segmented.SegmentedRaftLogWorker (SegmentedRaftLogWorker.java:execute(576)) - 43091c99-a44c-440a-ab41-05a01ed9538f@group-2957DC14B0E6-SegmentedRaftLogWorker: created new log segment /workdir/hadoop-ozone/ozonefs/target/test-dir/MiniOzoneClusterImpl-248ee3ec-1f9e-44c8-bd04-ec056a7a619d/datanode-1/data/ratis/e9cbeb1b-3dd6-42ab-8e8b-2957dc14b0e6/current/log_inprogress_0
2019-11-05 17:59:26,794 [Thread-1493] INFO  impl.FollowerState (FollowerState.java:run(111)) - 5c0a4bab-1351-4859-8e93-b1f6c1cbe601@group-913BA7F75B93-FollowerState: change to CANDIDATE, lastRpcTime:5031ms, electionTimeout:5031ms
2019-11-05 17:59:26,794 [Thread-1493] INFO  impl.RoleInfo (RoleInfo.java:shutdownFollowerState(121)) - 5c0a4bab-1351-4859-8e93-b1f6c1cbe601: shutdown FollowerState
2019-11-05 17:59:26,794 [Thread-1493] INFO  impl.RaftServerImpl (RaftServerImpl.java:setRole(173)) - 5c0a4bab-1351-4859-8e93-b1f6c1cbe601@group-913BA7F75B93: changes role from  FOLLOWER to CANDIDATE at term 0 for changeToCandidate
2019-11-05 17:59:26,794 [Thread-1493] INFO  impl.RoleInfo (RoleInfo.java:updateAndGet(143)) - 5c0a4bab-1351-4859-8e93-b1f6c1cbe601: start LeaderElection
2019-11-05 17:59:26,822 [Thread-1486] INFO  impl.FollowerState (FollowerState.java:run(111)) - 5c0a4bab-1351-4859-8e93-b1f6c1cbe601@group-6C65FB3832FB-FollowerState: change to CANDIDATE, lastRpcTime:5150ms, electionTimeout:5150ms
2019-11-05 17:59:26,822 [Thread-1486] INFO  impl.RoleInfo (RoleInfo.java:shutdownFollowerState(121)) - 5c0a4bab-1351-4859-8e93-b1f6c1cbe601: shutdown FollowerState
2019-11-05 17:59:26,822 [5c0a4bab-1351-4859-8e93-b1f6c1cbe601@group-913BA7F75B93-LeaderElection33] INFO  impl.LeaderElection (LeaderElection.java:askForVotes(178)) - 5c0a4bab-1351-4859-8e93-b1f6c1cbe601@group-913BA7F75B93-LeaderElection33: begin an election at term 1 for -1: [d3d6cb51-be4c-4760-aacb-ed619a32a271:192.168.34.20:42778, 43091c99-a44c-440a-ab41-05a01ed9538f:192.168.34.20:34078, 5c0a4bab-1351-4859-8e93-b1f6c1cbe601:192.168.34.20:38739], old=null
2019-11-05 17:59:26,822 [Thread-1486] INFO  impl.RaftServerImpl (RaftServerImpl.java:setRole(173)) - 5c0a4bab-1351-4859-8e93-b1f6c1cbe601@group-6C65FB3832FB: changes role from  FOLLOWER to CANDIDATE at term 0 for changeToCandidate
2019-11-05 17:59:26,822 [Thread-1486] INFO  impl.RoleInfo (RoleInfo.java:updateAndGet(143)) - 5c0a4bab-1351-4859-8e93-b1f6c1cbe601: start LeaderElection
2019-11-05 17:59:26,836 [Thread-1489] INFO  impl.FollowerState (FollowerState.java:run(111)) - 43091c99-a44c-440a-ab41-05a01ed9538f@group-913BA7F75B93-FollowerState: change to CANDIDATE, lastRpcTime:5077ms, electionTimeout:5076ms
2019-11-05 17:59:26,836 [Thread-1489] INFO  impl.RoleInfo (RoleInfo.java:shutdownFollowerState(121)) - 43091c99-a44c-440a-ab41-05a01ed9538f: shutdown FollowerState
2019-11-05 17:59:26,837 [grpc-default-executor-2] INFO  impl.RaftServerImpl (RaftServerImpl.java:setRole(173)) - d3d6cb51-be4c-4760-aacb-ed619a32a271@group-913BA7F75B93: changes role from  FOLLOWER to FOLLOWER at term 1 for recognizeCandidate:5c0a4bab-1351-4859-8e93-b1f6c1cbe601
2019-11-05 17:59:26,837 [Thread-1489] INFO  impl.RaftServerImpl (RaftServerImpl.java:setRole(173)) - 43091c99-a44c-440a-ab41-05a01ed9538f@group-913BA7F75B93: changes role from  FOLLOWER to CANDIDATE at term 0 for changeToCandidate
2019-11-05 17:59:26,837 [grpc-default-executor-2] INFO  impl.RoleInfo (RoleInfo.java:shutdownFollowerState(121)) - d3d6cb51-be4c-4760-aacb-ed619a32a271: shutdown FollowerState
2019-11-05 17:59:26,837 [Thread-1489] INFO  impl.RoleInfo (RoleInfo.java:updateAndGet(143)) - 43091c99-a44c-440a-ab41-05a01ed9538f: start LeaderElection
2019-11-05 17:59:26,837 [Thread-1494] INFO  impl.FollowerState (FollowerState.java:run(120)) - d3d6cb51-be4c-4760-aacb-ed619a32a271@group-913BA7F75B93-FollowerState was interrupted: java.lang.InterruptedException: sleep interrupted
2019-11-05 17:59:26,837 [grpc-default-executor-2] INFO  impl.RoleInfo (RoleInfo.java:updateAndGet(143)) - d3d6cb51-be4c-4760-aacb-ed619a32a271: start FollowerState
2019-11-05 17:59:26,838 [grpc-default-executor-1] INFO  impl.RaftServerImpl (RaftServerImpl.java:setRole(173)) - 43091c99-a44c-440a-ab41-05a01ed9538f@group-913BA7F75B93: changes role from CANDIDATE to FOLLOWER at term 1 for recognizeCandidate:5c0a4bab-1351-4859-8e93-b1f6c1cbe601
2019-11-05 17:59:26,838 [grpc-default-executor-1] INFO  impl.RoleInfo (RoleInfo.java:shutdownLeaderElection(134)) - 43091c99-a44c-440a-ab41-05a01ed9538f: shutdown LeaderElection
2019-11-05 17:59:26,839 [grpc-default-executor-1] INFO  impl.RoleInfo (RoleInfo.java:updateAndGet(143)) - 43091c99-a44c-440a-ab41-05a01ed9538f: start FollowerState
2019-11-05 17:59:26,844 [5c0a4bab-1351-4859-8e93-b1f6c1cbe601@group-6C65FB3832FB-LeaderElection34] INFO  impl.LeaderElection (LeaderElection.java:askForVotes(178)) - 5c0a4bab-1351-4859-8e93-b1f6c1cbe601@group-6C65FB3832FB-LeaderElection34: begin an election at term 1 for -1: [5c0a4bab-1351-4859-8e93-b1f6c1cbe601:192.168.34.20:38739], old=null
2019-11-05 17:59:26,844 [5c0a4bab-1351-4859-8e93-b1f6c1cbe601@group-6C65FB3832FB-LeaderElection34] INFO  impl.RoleInfo (RoleInfo.java:shutdownLeaderElection(134)) - 5c0a4bab-1351-4859-8e93-b1f6c1cbe601: shutdown LeaderElection
2019-11-05 17:59:26,845 [5c0a4bab-1351-4859-8e93-b1f6c1cbe601@group-6C65FB3832FB-LeaderElection34] INFO  impl.RaftServerImpl (RaftServerImpl.java:setRole(173)) - 5c0a4bab-1351-4859-8e93-b1f6c1cbe601@group-6C65FB3832FB: changes role from CANDIDATE to LEADER at term 1 for changeToLeader
2019-11-05 17:59:26,845 [5c0a4bab-1351-4859-8e93-b1f6c1cbe601@group-6C65FB3832FB-LeaderElection34] INFO  impl.RaftServerImpl (ServerState.java:setLeader(255)) - 5c0a4bab-1351-4859-8e93-b1f6c1cbe601@group-6C65FB3832FB: change Leader from null to 5c0a4bab-1351-4859-8e93-b1f6c1cbe601 at term 1 for becomeLeader, leader elected after 5177ms
2019-11-05 17:59:26,845 [5c0a4bab-1351-4859-8e93-b1f6c1cbe601@group-6C65FB3832FB-LeaderElection34] INFO  server.RaftServerConfigKeys (ConfUtils.java:logGet(43)) - raft.server.staging.catchup.gap = 1000 (default)
2019-11-05 17:59:26,845 [5c0a4bab-1351-4859-8e93-b1f6c1cbe601@group-6C65FB3832FB-LeaderElection34] INFO  server.RaftServerConfigKeys (ConfUtils.java:logGet(43)) - raft.server.rpc.sleep.time = 25ms (default)
2019-11-05 17:59:26,845 [5c0a4bab-1351-4859-8e93-b1f6c1cbe601@group-6C65FB3832FB-LeaderElection34] INFO  server.RaftServerConfigKeys (ConfUtils.java:logGet(43)) - raft.server.write.element-limit = 4096 (default)
2019-11-05 17:59:26,845 [5c0a4bab-1351-4859-8e93-b1f6c1cbe601@group-6C65FB3832FB-LeaderElection34] INFO  server.RaftServerConfigKeys (ConfUtils.java:logGet(43)) - raft.server.watch.timeout = 10s (default)
2019-11-05 17:59:26,845 [5c0a4bab-1351-4859-8e93-b1f6c1cbe601@group-6C65FB3832FB-LeaderElection34] INFO  server.RaftServerConfigKeys (ConfUtils.java:logGet(43)) - raft.server.watch.timeout.denomination = 1s (default)
2019-11-05 17:59:26,845 [5c0a4bab-1351-4859-8e93-b1f6c1cbe601@group-6C65FB3832FB-LeaderElection34] INFO  server.RaftServerConfigKeys (ConfUtils.java:logGet(43)) - raft.server.watch.element-limit = 65536 (default)
2019-11-05 17:59:26,846 [5c0a4bab-1351-4859-8e93-b1f6c1cbe601@group-6C65FB3832FB-LeaderElection34] INFO  impl.RoleInfo (RoleInfo.java:updateAndGet(143)) - 5c0a4bab-1351-4859-8e93-b1f6c1cbe601: start LeaderState
2019-11-05 17:59:26,846 [5c0a4bab-1351-4859-8e93-b1f6c1cbe601@group-913BA7F75B93-LeaderElection33] INFO  impl.LeaderElection (LeaderElection.java:logAndReturn(56)) - 5c0a4bab-1351-4859-8e93-b1f6c1cbe601@group-913BA7F75B93-LeaderElection33: Election PASSED; received 1 response(s) [5c0a4bab-1351-4859-8e93-b1f6c1cbe601<-d3d6cb51-be4c-4760-aacb-ed619a32a271#0:OK-t1] and 0 exception(s); 5c0a4bab-1351-4859-8e93-b1f6c1cbe601@group-913BA7F75B93:t1, leader=null, voted=5c0a4bab-1351-4859-8e93-b1f6c1cbe601, raftlog=5c0a4bab-1351-4859-8e93-b1f6c1cbe601@group-913BA7F75B93-SegmentedRaftLog:OPENED:c-1,f-1,i0, conf=-1: [d3d6cb51-be4c-4760-aacb-ed619a32a271:192.168.34.20:42778, 43091c99-a44c-440a-ab41-05a01ed9538f:192.168.34.20:34078, 5c0a4bab-1351-4859-8e93-b1f6c1cbe601:192.168.34.20:38739], old=null
2019-11-05 17:59:26,846 [5c0a4bab-1351-4859-8e93-b1f6c1cbe601@group-913BA7F75B93-LeaderElection33] INFO  impl.RoleInfo (RoleInfo.java:shutdownLeaderElection(134)) - 5c0a4bab-1351-4859-8e93-b1f6c1cbe601: shutdown LeaderElection
2019-11-05 17:59:26,846 [5c0a4bab-1351-4859-8e93-b1f6c1cbe601@group-6C65FB3832FB-LeaderElection34] INFO  segmented.SegmentedRaftLogWorker (SegmentedRaftLogWorker.java:startLogSegment(385)) - 5c0a4bab-1351-4859-8e93-b1f6c1cbe601@group-6C65FB3832FB-SegmentedRaftLogWorker: Starting segment from index:0
2019-11-05 17:59:26,846 [5c0a4bab-1351-4859-8e93-b1f6c1cbe601@group-913BA7F75B93-LeaderElection33] INFO  impl.RaftServerImpl (RaftServerImpl.java:setRole(173)) - 5c0a4bab-1351-4859-8e93-b1f6c1cbe601@group-913BA7F75B93: changes role from CANDIDATE to LEADER at term 1 for changeToLeader
2019-11-05 17:59:26,847 [5c0a4bab-1351-4859-8e93-b1f6c1cbe601@group-913BA7F75B93-LeaderElection33] INFO  impl.RaftServerImpl (ServerState.java:setLeader(255)) - 5c0a4bab-1351-4859-8e93-b1f6c1cbe601@group-913BA7F75B93: change Leader from null to 5c0a4bab-1351-4859-8e93-b1f6c1cbe601 at term 1 for becomeLeader, leader elected after 5095ms
2019-11-05 17:59:26,847 [5c0a4bab-1351-4859-8e93-b1f6c1cbe601@group-913BA7F75B93-LeaderElection33] INFO  server.RaftServerConfigKeys (ConfUtils.java:logGet(43)) - raft.server.staging.catchup.gap = 1000 (default)
2019-11-05 17:59:26,847 [5c0a4bab-1351-4859-8e93-b1f6c1cbe601@group-6C65FB3832FB-LeaderElection34] INFO  impl.RaftServerImpl (ServerState.java:setRaftConf(356)) - 5c0a4bab-1351-4859-8e93-b1f6c1cbe601@group-6C65FB3832FB: set configuration 0: [5c0a4bab-1351-4859-8e93-b1f6c1cbe601:192.168.34.20:38739], old=null at 0
2019-11-05 17:59:26,847 [5c0a4bab-1351-4859-8e93-b1f6c1cbe601@group-913BA7F75B93-LeaderElection33] INFO  server.RaftServerConfigKeys (ConfUtils.java:logGet(43)) - raft.server.rpc.sleep.time = 25ms (default)
2019-11-05 17:59:26,848 [5c0a4bab-1351-4859-8e93-b1f6c1cbe601@group-913BA7F75B93-LeaderElection33] INFO  server.RaftServerConfigKeys (ConfUtils.java:logGet(43)) - raft.server.write.element-limit = 4096 (default)
2019-11-05 17:59:26,848 [5c0a4bab-1351-4859-8e93-b1f6c1cbe601@group-913BA7F75B93-LeaderElection33] INFO  server.RaftServerConfigKeys (ConfUtils.java:logGet(43)) - raft.server.watch.timeout = 10s (default)
2019-11-05 17:59:26,848 [5c0a4bab-1351-4859-8e93-b1f6c1cbe601@group-913BA7F75B93-LeaderElection33] INFO  server.RaftServerConfigKeys (ConfUtils.java:logGet(43)) - raft.server.watch.timeout.denomination = 1s (default)
2019-11-05 17:59:26,848 [5c0a4bab-1351-4859-8e93-b1f6c1cbe601@group-913BA7F75B93-LeaderElection33] INFO  server.RaftServerConfigKeys (ConfUtils.java:logGet(43)) - raft.server.watch.element-limit = 65536 (default)
2019-11-05 17:59:26,848 [5c0a4bab-1351-4859-8e93-b1f6c1cbe601@group-913BA7F75B93-LeaderElection33] INFO  server.RaftServerConfigKeys (ConfUtils.java:logGet(43)) - raft.server.log.appender.snapshot.chunk.size.max = 16MB (=16777216) (default)
2019-11-05 17:59:26,848 [5c0a4bab-1351-4859-8e93-b1f6c1cbe601@group-913BA7F75B93-LeaderElection33] INFO  server.RaftServerConfigKeys (ConfUtils.java:logGet(43)) - raft.server.log.appender.buffer.byte-limit = 33554432 (custom)
2019-11-05 17:59:26,849 [5c0a4bab-1351-4859-8e93-b1f6c1cbe601@group-913BA7F75B93-LeaderElection33] INFO  server.RaftServerConfigKeys (ConfUtils.java:logGet(43)) - raft.server.log.appender.buffer.element-limit = 1 (custom)
2019-11-05 17:59:26,849 [5c0a4bab-1351-4859-8e93-b1f6c1cbe601@group-913BA7F75B93-LeaderElection33] INFO  grpc.GrpcConfigKeys$Server (ConfUtils.java:logGet(43)) - raft.grpc.server.leader.outstanding.appends.max = 128 (default)
2019-11-05 17:59:26,849 [5c0a4bab-1351-4859-8e93-b1f6c1cbe601@group-913BA7F75B93-LeaderElection33] INFO  server.RaftServerConfigKeys (ConfUtils.java:logGet(43)) - raft.server.rpc.request.timeout = 3000ms (default)
2019-11-05 17:59:26,849 [5c0a4bab-1351-4859-8e93-b1f6c1cbe601@group-913BA7F75B93-LeaderElection33] INFO  server.RaftServerConfigKeys (ConfUtils.java:logGet(43)) - raft.server.log.appender.install.snapshot.enabled = false (custom)
2019-11-05 17:59:26,849 [5c0a4bab-1351-4859-8e93-b1f6c1cbe601@group-913BA7F75B93-LeaderElection33] WARN  impl.MetricRegistriesImpl (MetricRegistriesImpl.java:lambda$create$1(61)) - First MetricRegistry has been created without registering reporters. You may need to call MetricRegistries.global().addReportRegistration(...) before.
2019-11-05 17:59:26,849 [5c0a4bab-1351-4859-8e93-b1f6c1cbe601@group-913BA7F75B93-LeaderElection33] INFO  server.RaftServerConfigKeys (ConfUtils.java:logGet(43)) - raft.server.log.appender.snapshot.chunk.size.max = 16MB (=16777216) (default)
2019-11-05 17:59:26,850 [5c0a4bab-1351-4859-8e93-b1f6c1cbe601@group-913BA7F75B93-LeaderElection33] INFO  server.RaftServerConfigKeys (ConfUtils.java:logGet(43)) - raft.server.log.appender.buffer.byte-limit = 33554432 (custom)
2019-11-05 17:59:26,850 [5c0a4bab-1351-4859-8e93-b1f6c1cbe601@group-913BA7F75B93-LeaderElection33] INFO  server.RaftServerConfigKeys (ConfUtils.java:logGet(43)) - raft.server.log.appender.buffer.element-limit = 1 (custom)
2019-11-05 17:59:26,850 [5c0a4bab-1351-4859-8e93-b1f6c1cbe601@group-913BA7F75B93-LeaderElection33] INFO  grpc.GrpcConfigKeys$Server (ConfUtils.java:logGet(43)) - raft.grpc.server.leader.outstanding.appends.max = 128 (default)
2019-11-05 17:59:26,850 [5c0a4bab-1351-4859-8e93-b1f6c1cbe601@group-913BA7F75B93-LeaderElection33] INFO  server.RaftServerConfigKeys (ConfUtils.java:logGet(43)) - raft.server.rpc.request.timeout = 3000ms (default)
2019-11-05 17:59:26,850 [5c0a4bab-1351-4859-8e93-b1f6c1cbe601@group-913BA7F75B93-LeaderElection33] INFO  server.RaftServerConfigKeys (ConfUtils.java:logGet(43)) - raft.server.log.appender.install.snapshot.enabled = false (custom)
2019-11-05 17:59:26,850 [5c0a4bab-1351-4859-8e93-b1f6c1cbe601@group-913BA7F75B93-LeaderElection33] INFO  impl.RoleInfo (RoleInfo.java:updateAndGet(143)) - 5c0a4bab-1351-4859-8e93-b1f6c1cbe601: start LeaderState
2019-11-05 17:59:26,851 [5c0a4bab-1351-4859-8e93-b1f6c1cbe601@group-913BA7F75B93-LeaderElection33] INFO  segmented.SegmentedRaftLogWorker (SegmentedRaftLogWorker.java:startLogSegment(385)) - 5c0a4bab-1351-4859-8e93-b1f6c1cbe601@group-913BA7F75B93-SegmentedRaftLogWorker: Starting segment from index:0
2019-11-05 17:59:26,851 [5c0a4bab-1351-4859-8e93-b1f6c1cbe601@group-913BA7F75B93-LeaderElection33] INFO  impl.RaftServerImpl (ServerState.java:setRaftConf(356)) - 5c0a4bab-1351-4859-8e93-b1f6c1cbe601@group-913BA7F75B93: set configuration 0: [d3d6cb51-be4c-4760-aacb-ed619a32a271:192.168.34.20:42778, 43091c99-a44c-440a-ab41-05a01ed9538f:192.168.34.20:34078, 5c0a4bab-1351-4859-8e93-b1f6c1cbe601:192.168.34.20:38739], old=null at 0
2019-11-05 17:59:26,876 [43091c99-a44c-440a-ab41-05a01ed9538f@group-913BA7F75B93-LeaderElection35] INFO  impl.LeaderElection (LeaderElection.java:askForVotes(178)) - 43091c99-a44c-440a-ab41-05a01ed9538f@group-913BA7F75B93-LeaderElection35: begin an election at term 2 for -1: [d3d6cb51-be4c-4760-aacb-ed619a32a271:192.168.34.20:42778, 43091c99-a44c-440a-ab41-05a01ed9538f:192.168.34.20:34078, 5c0a4bab-1351-4859-8e93-b1f6c1cbe601:192.168.34.20:38739], old=null
2019-11-05 17:59:26,876 [43091c99-a44c-440a-ab41-05a01ed9538f@group-913BA7F75B93-LeaderElection35] INFO  impl.LeaderElection (LeaderElection.java:logAndReturn(56)) - 43091c99-a44c-440a-ab41-05a01ed9538f@group-913BA7F75B93-LeaderElection35: Election REJECTED; received 0 response(s) [] and 0 exception(s); 43091c99-a44c-440a-ab41-05a01ed9538f@group-913BA7F75B93:t2, leader=null, voted=43091c99-a44c-440a-ab41-05a01ed9538f, raftlog=43091c99-a44c-440a-ab41-05a01ed9538f@group-913BA7F75B93-SegmentedRaftLog:OPENED:c-1,f-1,i0, conf=-1: [d3d6cb51-be4c-4760-aacb-ed619a32a271:192.168.34.20:42778, 43091c99-a44c-440a-ab41-05a01ed9538f:192.168.34.20:34078, 5c0a4bab-1351-4859-8e93-b1f6c1cbe601:192.168.34.20:38739], old=null
2019-11-05 17:59:26,878 [grpc-default-executor-0] INFO  impl.RaftServerImpl (ServerState.java:setLeader(255)) - d3d6cb51-be4c-4760-aacb-ed619a32a271@group-913BA7F75B93: change Leader from null to 5c0a4bab-1351-4859-8e93-b1f6c1cbe601 at term 1 for appendEntries, leader elected after 5127ms
2019-11-05 17:59:26,880 [Thread-1513] INFO  impl.RaftServerImpl (ServerState.java:setLeader(255)) - 5c0a4bab-1351-4859-8e93-b1f6c1cbe601@group-913BA7F75B93: change Leader from 5c0a4bab-1351-4859-8e93-b1f6c1cbe601 to null at term 2 for updateCurrentTerm
2019-11-05 17:59:26,881 [Thread-1513] INFO  impl.RaftServerImpl (RaftServerImpl.java:setRole(173)) - 5c0a4bab-1351-4859-8e93-b1f6c1cbe601@group-913BA7F75B93: changes role from    LEADER to FOLLOWER at term 2 for stepDown
2019-11-05 17:59:26,881 [Thread-1513] INFO  impl.RoleInfo (RoleInfo.java:shutdownLeaderState(104)) - 5c0a4bab-1351-4859-8e93-b1f6c1cbe601: shutdown LeaderState
2019-11-05 17:59:26,883 [org.apache.ratis.server.impl.LogAppender$AppenderDaemon$$Lambda$451/1973164967@76e91dd] WARN  server.GrpcLogAppender (GrpcLogAppender.java:mayWait(151)) - 5c0a4bab-1351-4859-8e93-b1f6c1cbe601@group-913BA7F75B93->43091c99-a44c-440a-ab41-05a01ed9538f-GrpcLogAppender: Wait interrupted by java.lang.InterruptedException
2019-11-05 17:59:26,883 [Thread-1513] INFO  impl.PendingRequests (PendingRequests.java:sendNotLeaderResponses(206)) - 5c0a4bab-1351-4859-8e93-b1f6c1cbe601@group-913BA7F75B93-PendingRequests: sendNotLeaderResponses
2019-11-05 17:59:26,883 [org.apache.ratis.server.impl.LogAppender$AppenderDaemon$$Lambda$451/1973164967@426c07f4] WARN  server.GrpcLogAppender (GrpcLogAppender.java:mayWait(151)) - 5c0a4bab-1351-4859-8e93-b1f6c1cbe601@group-913BA7F75B93->d3d6cb51-be4c-4760-aacb-ed619a32a271-GrpcLogAppender: Wait interrupted by java.lang.InterruptedException
2019-11-05 17:59:26,883 [Thread-1513] INFO  impl.RoleInfo (RoleInfo.java:updateAndGet(143)) - 5c0a4bab-1351-4859-8e93-b1f6c1cbe601: start FollowerState
2019-11-05 17:59:26,883 [grpc-default-executor-3] INFO  server.GrpcServerProtocolService (GrpcServerProtocolService.java:onCompleted(113)) - 43091c99-a44c-440a-ab41-05a01ed9538f: Completed APPEND_ENTRIES, lastRequest: 5c0a4bab-1351-4859-8e93-b1f6c1cbe601->43091c99-a44c-440a-ab41-05a01ed9538f#0-t1, previous=(t:0, i:0), leaderCommit=-1, initializing? false, entries: <empty>
2019-11-05 17:59:26,884 [grpc-default-executor-0] INFO  impl.RaftServerImpl (ServerState.java:setLeader(255)) - d3d6cb51-be4c-4760-aacb-ed619a32a271@group-913BA7F75B93: change Leader from 5c0a4bab-1351-4859-8e93-b1f6c1cbe601 to null at term 2 for updateCurrentTerm
2019-11-05 17:59:26,884 [grpc-default-executor-2] INFO  server.GrpcServerProtocolService (GrpcServerProtocolService.java:onCompleted(113)) - d3d6cb51-be4c-4760-aacb-ed619a32a271: Completed APPEND_ENTRIES, lastRequest: 5c0a4bab-1351-4859-8e93-b1f6c1cbe601->d3d6cb51-be4c-4760-aacb-ed619a32a271#0-t1, previous=(t:0, i:0), leaderCommit=-1, initializing? false, entries: <empty>
2019-11-05 17:59:26,884 [grpc-default-executor-0] INFO  impl.RaftServerImpl (RaftServerImpl.java:setRole(173)) - d3d6cb51-be4c-4760-aacb-ed619a32a271@group-913BA7F75B93: changes role from  FOLLOWER to FOLLOWER at term 2 for recognizeCandidate:43091c99-a44c-440a-ab41-05a01ed9538f
2019-11-05 17:59:26,886 [grpc-default-executor-2] INFO  server.GrpcLogAppender (GrpcLogAppender.java:onCompleted(308)) - 5c0a4bab-1351-4859-8e93-b1f6c1cbe601@group-913BA7F75B93->43091c99-a44c-440a-ab41-05a01ed9538f-AppendLogResponseHandler: follower responses appendEntries COMPLETED
2019-11-05 17:59:26,886 [grpc-default-executor-0] INFO  impl.RoleInfo (RoleInfo.java:shutdownFollowerState(121)) - d3d6cb51-be4c-4760-aacb-ed619a32a271: shutdown FollowerState
2019-11-05 17:59:26,888 [Thread-1510] INFO  impl.FollowerState (FollowerState.java:run(120)) - d3d6cb51-be4c-4760-aacb-ed619a32a271@group-913BA7F75B93-FollowerState was interrupted: java.lang.InterruptedException: sleep interrupted
2019-11-05 17:59:26,888 [grpc-default-executor-0] INFO  impl.RoleInfo (RoleInfo.java:updateAndGet(143)) - d3d6cb51-be4c-4760-aacb-ed619a32a271: start FollowerState
2019-11-05 17:59:26,888 [5c0a4bab-1351-4859-8e93-b1f6c1cbe601@group-6C65FB3832FB-SegmentedRaftLogWorker] INFO  segmented.SegmentedRaftLogWorker (SegmentedRaftLogWorker.java:execute(576)) - 5c0a4bab-1351-4859-8e93-b1f6c1cbe601@group-6C65FB3832FB-SegmentedRaftLogWorker: created new log segment /workdir/hadoop-ozone/ozonefs/target/test-dir/MiniOzoneClusterImpl-248ee3ec-1f9e-44c8-bd04-ec056a7a619d/datanode-2/data/ratis/0f43a073-d030-49f6-96da-6c65fb3832fb/current/log_inprogress_0
2019-11-05 17:59:26,889 [grpc-default-executor-2] INFO  impl.FollowerInfo (FollowerInfo.java:lambda$new$0(51)) - 5c0a4bab-1351-4859-8e93-b1f6c1cbe601@group-913BA7F75B93->43091c99-a44c-440a-ab41-05a01ed9538f: nextIndex: updateUnconditionally 0 -> 0
2019-11-05 17:59:26,888 [5c0a4bab-1351-4859-8e93-b1f6c1cbe601@group-913BA7F75B93-SegmentedRaftLogWorker] INFO  segmented.SegmentedRaftLogWorker (SegmentedRaftLogWorker.java:execute(576)) - 5c0a4bab-1351-4859-8e93-b1f6c1cbe601@group-913BA7F75B93-SegmentedRaftLogWorker: created new log segment /workdir/hadoop-ozone/ozonefs/target/test-dir/MiniOzoneClusterImpl-248ee3ec-1f9e-44c8-bd04-ec056a7a619d/datanode-2/data/ratis/b9517a86-5f38-4114-8190-913ba7f75b93/current/log_inprogress_0
2019-11-05 17:59:26,889 [grpc-default-executor-3] INFO  impl.RaftServerImpl (RaftServerImpl.java:setRole(173)) - 5c0a4bab-1351-4859-8e93-b1f6c1cbe601@group-913BA7F75B93: changes role from  FOLLOWER to FOLLOWER at term 2 for recognizeCandidate:43091c99-a44c-440a-ab41-05a01ed9538f
2019-11-05 17:59:26,888 [grpc-default-executor-4] INFO  server.GrpcLogAppender (GrpcLogAppender.java:onCompleted(308)) - 5c0a4bab-1351-4859-8e93-b1f6c1cbe601@group-913BA7F75B93->d3d6cb51-be4c-4760-aacb-ed619a32a271-AppendLogResponseHandler: follower responses appendEntries COMPLETED
2019-11-05 17:59:26,890 [grpc-default-executor-3] INFO  impl.RoleInfo (RoleInfo.java:shutdownFollowerState(121)) - 5c0a4bab-1351-4859-8e93-b1f6c1cbe601: shutdown FollowerState
2019-11-05 17:59:26,891 [Thread-1520] INFO  impl.FollowerState (FollowerState.java:run(120)) - 5c0a4bab-1351-4859-8e93-b1f6c1cbe601@group-913BA7F75B93-FollowerState was interrupted: java.lang.InterruptedException: sleep interrupted
2019-11-05 17:59:26,891 [grpc-default-executor-3] INFO  impl.RoleInfo (RoleInfo.java:updateAndGet(143)) - 5c0a4bab-1351-4859-8e93-b1f6c1cbe601: start FollowerState
2019-11-05 17:59:26,892 [grpc-default-executor-4] INFO  impl.FollowerInfo (FollowerInfo.java:lambda$new$0(51)) - 5c0a4bab-1351-4859-8e93-b1f6c1cbe601@group-913BA7F75B93->d3d6cb51-be4c-4760-aacb-ed619a32a271: nextIndex: updateUnconditionally 1 -> 0
2019-11-05 17:59:27,855 [Thread-1306] INFO  ozoneimpl.OzoneContainer (OzoneContainer.java:stop(227)) - Attempting to stop container services.
2019-11-05 17:59:27,856 [ForkJoinPool.commonPool-worker-0] INFO  ozoneimpl.OzoneContainer (OzoneContainer.java:stop(227)) - Attempting to stop container services.
2019-11-05 17:59:27,856 [Thread-1306] INFO  impl.RaftServerProxy (RaftServerProxy.java:lambda$close$4(314)) - 43091c99-a44c-440a-ab41-05a01ed9538f: close
2019-11-05 17:59:27,856 [ForkJoinPool.commonPool-worker-0] INFO  impl.RaftServerProxy (RaftServerProxy.java:lambda$close$4(314)) - d3d6cb51-be4c-4760-aacb-ed619a32a271: close
2019-11-05 17:59:27,857 [ForkJoinPool.commonPool-worker-0] INFO  impl.RaftServerImpl (RaftServerImpl.java:lambda$shutdown$3(250)) - d3d6cb51-be4c-4760-aacb-ed619a32a271@group-913BA7F75B93: shutdown
2019-11-05 17:59:27,857 [Thread-1306] INFO  impl.RaftServerImpl (RaftServerImpl.java:lambda$shutdown$3(250)) - 43091c99-a44c-440a-ab41-05a01ed9538f@group-2957DC14B0E6: shutdown
2019-11-05 17:59:27,857 [ForkJoinPool.commonPool-worker-0] INFO  util.JmxRegister (JmxRegister.java:unregister(73)) - Successfully un-registered JMX Bean with object name Ratis:service=RaftServer,group=group-913BA7F75B93,id=d3d6cb51-be4c-4760-aacb-ed619a32a271
2019-11-05 17:59:27,857 [Thread-1306] INFO  util.JmxRegister (JmxRegister.java:unregister(73)) - Successfully un-registered JMX Bean with object name Ratis:service=RaftServer,group=group-2957DC14B0E6,id=43091c99-a44c-440a-ab41-05a01ed9538f
2019-11-05 17:59:27,857 [ForkJoinPool.commonPool-worker-0] INFO  impl.RoleInfo (RoleInfo.java:shutdownFollowerState(121)) - d3d6cb51-be4c-4760-aacb-ed619a32a271: shutdown FollowerState
2019-11-05 17:59:27,857 [Thread-1306] INFO  impl.RoleInfo (RoleInfo.java:shutdownLeaderState(104)) - 43091c99-a44c-440a-ab41-05a01ed9538f: shutdown LeaderState
2019-11-05 17:59:27,858 [Thread-1521] INFO  impl.FollowerState (FollowerState.java:run(120)) - d3d6cb51-be4c-4760-aacb-ed619a32a271@group-913BA7F75B93-FollowerState was interrupted: java.lang.InterruptedException: sleep interrupted
2019-11-05 17:59:27,858 [ForkJoinPool.commonPool-worker-0] INFO  impl.StateMachineUpdater (StateMachineUpdater.java:stopAndJoin(136)) - d3d6cb51-be4c-4760-aacb-ed619a32a271@group-913BA7F75B93-StateMachineUpdater: set stopIndex = -1
2019-11-05 17:59:27,859 [ForkJoinPool.commonPool-worker-0] INFO  impl.RaftServerImpl (ServerState.java:close(387)) - d3d6cb51-be4c-4760-aacb-ed619a32a271@group-913BA7F75B93: closes. applyIndex: -1
2019-11-05 17:59:27,858 [Thread-1306] INFO  impl.PendingRequests (PendingRequests.java:sendNotLeaderResponses(206)) - 43091c99-a44c-440a-ab41-05a01ed9538f@group-2957DC14B0E6-PendingRequests: sendNotLeaderResponses
2019-11-05 17:59:27,859 [d3d6cb51-be4c-4760-aacb-ed619a32a271@group-913BA7F75B93-SegmentedRaftLogWorker] INFO  segmented.SegmentedRaftLogWorker (SegmentedRaftLogWorker.java:run(316)) - d3d6cb51-be4c-4760-aacb-ed619a32a271@group-913BA7F75B93-SegmentedRaftLogWorker was interrupted, exiting. There are 0 tasks remaining in the queue.
2019-11-05 17:59:27,860 [Thread-1306] INFO  impl.StateMachineUpdater (StateMachineUpdater.java:stopAndJoin(136)) - 43091c99-a44c-440a-ab41-05a01ed9538f@group-2957DC14B0E6-StateMachineUpdater: set stopIndex = 0
2019-11-05 17:59:27,860 [ForkJoinPool.commonPool-worker-0] INFO  segmented.SegmentedRaftLogWorker (SegmentedRaftLogWorker.java:close(224)) - d3d6cb51-be4c-4760-aacb-ed619a32a271@group-913BA7F75B93-SegmentedRaftLogWorker close()
2019-11-05 17:59:27,860 [Thread-1306] INFO  impl.RaftServerImpl (ServerState.java:close(387)) - 43091c99-a44c-440a-ab41-05a01ed9538f@group-2957DC14B0E6: closes. applyIndex: 0
2019-11-05 17:59:27,861 [ForkJoinPool.commonPool-worker-0] INFO  impl.RaftServerImpl (RaftServerImpl.java:lambda$shutdown$3(250)) - d3d6cb51-be4c-4760-aacb-ed619a32a271@group-F6C18D37B2A3: shutdown
2019-11-05 17:59:27,862 [43091c99-a44c-440a-ab41-05a01ed9538f@group-2957DC14B0E6-SegmentedRaftLogWorker] INFO  segmented.SegmentedRaftLogWorker (SegmentedRaftLogWorker.java:run(316)) - 43091c99-a44c-440a-ab41-05a01ed9538f@group-2957DC14B0E6-SegmentedRaftLogWorker was interrupted, exiting. There are 0 tasks remaining in the queue.
2019-11-05 17:59:27,862 [ForkJoinPool.commonPool-worker-0] INFO  util.JmxRegister (JmxRegister.java:unregister(73)) - Successfully un-registered JMX Bean with object name Ratis:service=RaftServer,group=group-F6C18D37B2A3,id=d3d6cb51-be4c-4760-aacb-ed619a32a271
2019-11-05 17:59:27,863 [Thread-1306] INFO  segmented.SegmentedRaftLogWorker (SegmentedRaftLogWorker.java:close(224)) - 43091c99-a44c-440a-ab41-05a01ed9538f@group-2957DC14B0E6-SegmentedRaftLogWorker close()
2019-11-05 17:59:27,863 [ForkJoinPool.commonPool-worker-0] INFO  impl.RoleInfo (RoleInfo.java:shutdownLeaderState(104)) - d3d6cb51-be4c-4760-aacb-ed619a32a271: shutdown LeaderState
2019-11-05 17:59:27,864 [Thread-1306] INFO  impl.RaftServerImpl (RaftServerImpl.java:lambda$shutdown$3(250)) - 43091c99-a44c-440a-ab41-05a01ed9538f@group-913BA7F75B93: shutdown
2019-11-05 17:59:27,864 [ForkJoinPool.commonPool-worker-0] INFO  impl.PendingRequests (PendingRequests.java:sendNotLeaderResponses(206)) - d3d6cb51-be4c-4760-aacb-ed619a32a271@group-F6C18D37B2A3-PendingRequests: sendNotLeaderResponses
2019-11-05 17:59:27,864 [Thread-1306] INFO  util.JmxRegister (JmxRegister.java:unregister(73)) - Successfully un-registered JMX Bean with object name Ratis:service=RaftServer,group=group-913BA7F75B93,id=43091c99-a44c-440a-ab41-05a01ed9538f
2019-11-05 17:59:27,865 [ForkJoinPool.commonPool-worker-0] INFO  impl.StateMachineUpdater (StateMachineUpdater.java:stopAndJoin(136)) - d3d6cb51-be4c-4760-aacb-ed619a32a271@group-F6C18D37B2A3-StateMachineUpdater: set stopIndex = 0
2019-11-05 17:59:27,865 [Thread-1306] INFO  impl.RoleInfo (RoleInfo.java:shutdownFollowerState(121)) - 43091c99-a44c-440a-ab41-05a01ed9538f: shutdown FollowerState
2019-11-05 17:59:27,865 [ForkJoinPool.commonPool-worker-0] INFO  impl.RaftServerImpl (ServerState.java:close(387)) - d3d6cb51-be4c-4760-aacb-ed619a32a271@group-F6C18D37B2A3: closes. applyIndex: 0
2019-11-05 17:59:27,865 [Thread-1511] INFO  impl.FollowerState (FollowerState.java:run(120)) - 43091c99-a44c-440a-ab41-05a01ed9538f@group-913BA7F75B93-FollowerState was interrupted: java.lang.InterruptedException: sleep interrupted
2019-11-05 17:59:27,865 [Thread-1306] INFO  impl.StateMachineUpdater (StateMachineUpdater.java:stopAndJoin(136)) - 43091c99-a44c-440a-ab41-05a01ed9538f@group-913BA7F75B93-StateMachineUpdater: set stopIndex = -1
2019-11-05 17:59:27,866 [d3d6cb51-be4c-4760-aacb-ed619a32a271@group-F6C18D37B2A3-SegmentedRaftLogWorker] INFO  segmented.SegmentedRaftLogWorker (SegmentedRaftLogWorker.java:run(316)) - d3d6cb51-be4c-4760-aacb-ed619a32a271@group-F6C18D37B2A3-SegmentedRaftLogWorker was interrupted, exiting. There are 0 tasks remaining in the queue.
2019-11-05 17:59:27,866 [Thread-1306] INFO  impl.RaftServerImpl (ServerState.java:close(387)) - 43091c99-a44c-440a-ab41-05a01ed9538f@group-913BA7F75B93: closes. applyIndex: -1
2019-11-05 17:59:27,867 [ForkJoinPool.commonPool-worker-0] INFO  segmented.SegmentedRaftLogWorker (SegmentedRaftLogWorker.java:close(224)) - d3d6cb51-be4c-4760-aacb-ed619a32a271@group-F6C18D37B2A3-SegmentedRaftLogWorker close()
2019-11-05 17:59:27,867 [43091c99-a44c-440a-ab41-05a01ed9538f@group-913BA7F75B93-SegmentedRaftLogWorker] INFO  segmented.SegmentedRaftLogWorker (SegmentedRaftLogWorker.java:run(316)) - 43091c99-a44c-440a-ab41-05a01ed9538f@group-913BA7F75B93-SegmentedRaftLogWorker was interrupted, exiting. There are 0 tasks remaining in the queue.
2019-11-05 17:59:27,869 [ForkJoinPool.commonPool-worker-0] INFO  server.GrpcService (GrpcService.java:closeImpl(164)) - d3d6cb51-be4c-4760-aacb-ed619a32a271: shutdown server with port 42778 now
2019-11-05 17:59:27,869 [Thread-1306] INFO  segmented.SegmentedRaftLogWorker (SegmentedRaftLogWorker.java:close(224)) - 43091c99-a44c-440a-ab41-05a01ed9538f@group-913BA7F75B93-SegmentedRaftLogWorker close()
2019-11-05 17:59:27,870 [Thread-1306] INFO  server.GrpcService (GrpcService.java:closeImpl(164)) - 43091c99-a44c-440a-ab41-05a01ed9538f: shutdown server with port 34078 now
2019-11-05 17:59:27,871 [ForkJoinPool.commonPool-worker-0] INFO  server.GrpcService (GrpcService.java:closeImpl(172)) - d3d6cb51-be4c-4760-aacb-ed619a32a271: shutdown server with port 42778 successfully
2019-11-05 17:59:27,873 [Thread-1306] INFO  server.GrpcService (GrpcService.java:closeImpl(172)) - 43091c99-a44c-440a-ab41-05a01ed9538f: shutdown server with port 34078 successfully
2019-11-05 17:59:27,875 [refreshUsed-/workdir/hadoop-ozone/ozonefs/target/test-dir/MiniOzoneClusterImpl-248ee3ec-1f9e-44c8-bd04-ec056a7a619d/datanode-1/data/containers] WARN  fs.CachingGetSpaceUsed (CachingGetSpaceUsed.java:run(183)) - Thread Interrupted waiting to refresh disk information: sleep interrupted
2019-11-05 17:59:27,880 [refreshUsed-/workdir/hadoop-ozone/ozonefs/target/test-dir/MiniOzoneClusterImpl-248ee3ec-1f9e-44c8-bd04-ec056a7a619d/datanode-0/data/containers] WARN  fs.CachingGetSpaceUsed (CachingGetSpaceUsed.java:run(183)) - Thread Interrupted waiting to refresh disk information: sleep interrupted
2019-11-05 17:59:27,907 [ForkJoinPool.commonPool-worker-0] INFO  utils.BackgroundService (BackgroundService.java:shutdown(151)) - Shutting down service BlockDeletingService
2019-11-05 17:59:27,912 [ForkJoinPool.commonPool-worker-0] INFO  statemachine.DatanodeStateMachine (DatanodeStateMachine.java:stopDaemon(395)) - Ozone container server stopped.
2019-11-05 17:59:27,915 [ForkJoinPool.commonPool-worker-0] INFO  handler.ContextHandler (ContextHandler.java:doStop(910)) - Stopped o.e.j.w.WebAppContext@1d826ee0{/,null,UNAVAILABLE}{/hddsDatanode}
2019-11-05 17:59:27,916 [ForkJoinPool.commonPool-worker-0] INFO  server.AbstractConnector (AbstractConnector.java:doStop(318)) - Stopped ServerConnector@79f0a9e6{HTTP/1.1,[http/1.1]}{0.0.0.0:0}
2019-11-05 17:59:27,918 [ForkJoinPool.commonPool-worker-0] INFO  handler.ContextHandler (ContextHandler.java:doStop(910)) - Stopped o.e.j.s.ServletContextHandler@f682fea{/static,jar:file:/home/user/.m2/repository/org/apache/hadoop/hadoop-hdds-container-service/0.5.0-SNAPSHOT/hadoop-hdds-container-service-0.5.0-SNAPSHOT.jar!/webapps/static,UNAVAILABLE}
2019-11-05 17:59:27,919 [ForkJoinPool.commonPool-worker-0] INFO  handler.ContextHandler (ContextHandler.java:doStop(910)) - Stopped o.e.j.s.ServletContextHandler@5c2ea3dd{/logs,file:///workdir/hadoop-ozone/ozonefs/target/log,UNAVAILABLE}
2019-11-05 17:59:27,919 [Thread-1306] INFO  utils.BackgroundService (BackgroundService.java:shutdown(151)) - Shutting down service BlockDeletingService
2019-11-05 17:59:27,926 [Thread-1306] INFO  statemachine.DatanodeStateMachine (DatanodeStateMachine.java:stopDaemon(395)) - Ozone container server stopped.
2019-11-05 17:59:27,927 [Thread-1306] INFO  handler.ContextHandler (ContextHandler.java:doStop(910)) - Stopped o.e.j.w.WebAppContext@2ba56c5f{/,null,UNAVAILABLE}{/hddsDatanode}
2019-11-05 17:59:27,927 [Thread-1306] INFO  server.AbstractConnector (AbstractConnector.java:doStop(318)) - Stopped ServerConnector@1de0984c{HTTP/1.1,[http/1.1]}{0.0.0.0:0}
2019-11-05 17:59:27,928 [Thread-1306] INFO  handler.ContextHandler (ContextHandler.java:doStop(910)) - Stopped o.e.j.s.ServletContextHandler@14ba7dc5{/static,jar:file:/home/user/.m2/repository/org/apache/hadoop/hadoop-hdds-container-service/0.5.0-SNAPSHOT/hadoop-hdds-container-service-0.5.0-SNAPSHOT.jar!/webapps/static,UNAVAILABLE}
2019-11-05 17:59:27,928 [Thread-1306] INFO  handler.ContextHandler (ContextHandler.java:doStop(910)) - Stopped o.e.j.s.ServletContextHandler@2f950d51{/logs,file:///workdir/hadoop-ozone/ozonefs/target/log,UNAVAILABLE}
2019-11-05 17:59:28,629 [Datanode State Machine Thread - 0] INFO  statemachine.DatanodeStateMachine (DatanodeStateMachine.java:lambda$startDaemon$0(350)) - Ozone container server started.
2019-11-05 17:59:31,915 [Thread-1522] INFO  impl.FollowerState (FollowerState.java:run(111)) - 5c0a4bab-1351-4859-8e93-b1f6c1cbe601@group-913BA7F75B93-FollowerState: change to CANDIDATE, lastRpcTime:5024ms, electionTimeout:5023ms
2019-11-05 17:59:31,916 [Thread-1522] INFO  impl.RoleInfo (RoleInfo.java:shutdownFollowerState(121)) - 5c0a4bab-1351-4859-8e93-b1f6c1cbe601: shutdown FollowerState
2019-11-05 17:59:31,916 [Thread-1522] INFO  impl.RaftServerImpl (RaftServerImpl.java:setRole(173)) - 5c0a4bab-1351-4859-8e93-b1f6c1cbe601@group-913BA7F75B93: changes role from  FOLLOWER to CANDIDATE at term 2 for changeToCandidate
2019-11-05 17:59:31,916 [Thread-1522] INFO  impl.RoleInfo (RoleInfo.java:updateAndGet(143)) - 5c0a4bab-1351-4859-8e93-b1f6c1cbe601: start LeaderElection
2019-11-05 17:59:31,923 [5c0a4bab-1351-4859-8e93-b1f6c1cbe601@group-913BA7F75B93-LeaderElection36] INFO  impl.LeaderElection (LeaderElection.java:askForVotes(178)) - 5c0a4bab-1351-4859-8e93-b1f6c1cbe601@group-913BA7F75B93-LeaderElection36: begin an election at term 3 for 0: [d3d6cb51-be4c-4760-aacb-ed619a32a271:192.168.34.20:42778, 43091c99-a44c-440a-ab41-05a01ed9538f:192.168.34.20:34078, 5c0a4bab-1351-4859-8e93-b1f6c1cbe601:192.168.34.20:38739], old=null
2019-11-05 17:59:31,938 [5c0a4bab-1351-4859-8e93-b1f6c1cbe601@group-913BA7F75B93-LeaderElection36] INFO  impl.LeaderElection (LogUtils.java:infoOrTrace(149)) - 5c0a4bab-1351-4859-8e93-b1f6c1cbe601@group-913BA7F75B93-LeaderElection36 got exception when requesting votes: {}
java.util.concurrent.ExecutionException: org.apache.ratis.thirdparty.io.grpc.StatusRuntimeException: UNAVAILABLE: io exception
	at java.util.concurrent.FutureTask.report(FutureTask.java:122)
	at java.util.concurrent.FutureTask.get(FutureTask.java:192)
	at org.apache.ratis.server.impl.LeaderElection.waitForResults(LeaderElection.java:259)
	at org.apache.ratis.server.impl.LeaderElection.askForVotes(LeaderElection.java:197)
	at org.apache.ratis.server.impl.LeaderElection.run(LeaderElection.java:133)
	at java.lang.Thread.run(Thread.java:748)
Caused by: org.apache.ratis.thirdparty.io.grpc.StatusRuntimeException: UNAVAILABLE: io exception
	at org.apache.ratis.thirdparty.io.grpc.stub.ClientCalls.toStatusRuntimeException(ClientCalls.java:233)
	at org.apache.ratis.thirdparty.io.grpc.stub.ClientCalls.getUnchecked(ClientCalls.java:214)
	at org.apache.ratis.thirdparty.io.grpc.stub.ClientCalls.blockingUnaryCall(ClientCalls.java:139)
	at org.apache.ratis.proto.grpc.RaftServerProtocolServiceGrpc$RaftServerProtocolServiceBlockingStub.requestVote(RaftServerProtocolServiceGrpc.java:265)
	at org.apache.ratis.grpc.server.GrpcServerProtocolClient.requestVote(GrpcServerProtocolClient.java:99)
	at org.apache.ratis.grpc.server.GrpcService.requestVote(GrpcService.java:204)
	at org.apache.ratis.server.impl.LeaderElection.lambda$submitRequests$1(LeaderElection.java:234)
	at java.util.concurrent.FutureTask.run(FutureTask.java:266)
	at java.util.concurrent.Executors$RunnableAdapter.call(Executors.java:511)
	at java.util.concurrent.FutureTask.run(FutureTask.java:266)
	at java.util.concurrent.ThreadPoolExecutor.runWorker(ThreadPoolExecutor.java:1149)
	at java.util.concurrent.ThreadPoolExecutor$Worker.run(ThreadPoolExecutor.java:624)
	... 1 more
Caused by: org.apache.ratis.thirdparty.io.netty.channel.AbstractChannel$AnnotatedConnectException: Connection refused: /192.168.34.20:42778
	at sun.nio.ch.SocketChannelImpl.checkConnect(Native Method)
	at sun.nio.ch.SocketChannelImpl.finishConnect(SocketChannelImpl.java:717)
	at org.apache.ratis.thirdparty.io.netty.channel.socket.nio.NioSocketChannel.doFinishConnect(NioSocketChannel.java:327)
	at org.apache.ratis.thirdparty.io.netty.channel.nio.AbstractNioChannel$AbstractNioUnsafe.finishConnect(AbstractNioChannel.java:340)
	at org.apache.ratis.thirdparty.io.netty.channel.nio.NioEventLoop.processSelectedKey(NioEventLoop.java:632)
	at org.apache.ratis.thirdparty.io.netty.channel.nio.NioEventLoop.processSelectedKeysOptimized(NioEventLoop.java:579)
	at org.apache.ratis.thirdparty.io.netty.channel.nio.NioEventLoop.processSelectedKeys(NioEventLoop.java:496)
	at org.apache.ratis.thirdparty.io.netty.channel.nio.NioEventLoop.run(NioEventLoop.java:458)
	at org.apache.ratis.thirdparty.io.netty.util.concurrent.SingleThreadEventExecutor$5.run(SingleThreadEventExecutor.java:897)
	at org.apache.ratis.thirdparty.io.netty.util.concurrent.FastThreadLocalRunnable.run(FastThreadLocalRunnable.java:30)
	... 1 more
Caused by: java.net.ConnectException: Connection refused
	... 11 more
2019-11-05 17:59:31,939 [5c0a4bab-1351-4859-8e93-b1f6c1cbe601@group-913BA7F75B93-LeaderElection36] INFO  impl.LeaderElection (LogUtils.java:infoOrTrace(149)) - 5c0a4bab-1351-4859-8e93-b1f6c1cbe601@group-913BA7F75B93-LeaderElection36 got exception when requesting votes: {}
java.util.concurrent.ExecutionException: org.apache.ratis.thirdparty.io.grpc.StatusRuntimeException: UNAVAILABLE: io exception
	at java.util.concurrent.FutureTask.report(FutureTask.java:122)
	at java.util.concurrent.FutureTask.get(FutureTask.java:192)
	at org.apache.ratis.server.impl.LeaderElection.waitForResults(LeaderElection.java:259)
	at org.apache.ratis.server.impl.LeaderElection.askForVotes(LeaderElection.java:197)
	at org.apache.ratis.server.impl.LeaderElection.run(LeaderElection.java:133)
	at java.lang.Thread.run(Thread.java:748)
Caused by: org.apache.ratis.thirdparty.io.grpc.StatusRuntimeException: UNAVAILABLE: io exception
	at org.apache.ratis.thirdparty.io.grpc.stub.ClientCalls.toStatusRuntimeException(ClientCalls.java:233)
	at org.apache.ratis.thirdparty.io.grpc.stub.ClientCalls.getUnchecked(ClientCalls.java:214)
	at org.apache.ratis.thirdparty.io.grpc.stub.ClientCalls.blockingUnaryCall(ClientCalls.java:139)
	at org.apache.ratis.proto.grpc.RaftServerProtocolServiceGrpc$RaftServerProtocolServiceBlockingStub.requestVote(RaftServerProtocolServiceGrpc.java:265)
	at org.apache.ratis.grpc.server.GrpcServerProtocolClient.requestVote(GrpcServerProtocolClient.java:99)
	at org.apache.ratis.grpc.server.GrpcService.requestVote(GrpcService.java:204)
	at org.apache.ratis.server.impl.LeaderElection.lambda$submitRequests$1(LeaderElection.java:234)
	at java.util.concurrent.FutureTask.run(FutureTask.java:266)
	at java.util.concurrent.Executors$RunnableAdapter.call(Executors.java:511)
	at java.util.concurrent.FutureTask.run(FutureTask.java:266)
	at java.util.concurrent.ThreadPoolExecutor.runWorker(ThreadPoolExecutor.java:1149)
	at java.util.concurrent.ThreadPoolExecutor$Worker.run(ThreadPoolExecutor.java:624)
	... 1 more
Caused by: org.apache.ratis.thirdparty.io.netty.channel.AbstractChannel$AnnotatedConnectException: Connection refused: /192.168.34.20:34078
	at sun.nio.ch.SocketChannelImpl.checkConnect(Native Method)
	at sun.nio.ch.SocketChannelImpl.finishConnect(SocketChannelImpl.java:717)
	at org.apache.ratis.thirdparty.io.netty.channel.socket.nio.NioSocketChannel.doFinishConnect(NioSocketChannel.java:327)
	at org.apache.ratis.thirdparty.io.netty.channel.nio.AbstractNioChannel$AbstractNioUnsafe.finishConnect(AbstractNioChannel.java:340)
	at org.apache.ratis.thirdparty.io.netty.channel.nio.NioEventLoop.processSelectedKey(NioEventLoop.java:632)
	at org.apache.ratis.thirdparty.io.netty.channel.nio.NioEventLoop.processSelectedKeysOptimized(NioEventLoop.java:579)
	at org.apache.ratis.thirdparty.io.netty.channel.nio.NioEventLoop.processSelectedKeys(NioEventLoop.java:496)
	at org.apache.ratis.thirdparty.io.netty.channel.nio.NioEventLoop.run(NioEventLoop.java:458)
	at org.apache.ratis.thirdparty.io.netty.util.concurrent.SingleThreadEventExecutor$5.run(SingleThreadEventExecutor.java:897)
	at org.apache.ratis.thirdparty.io.netty.util.concurrent.FastThreadLocalRunnable.run(FastThreadLocalRunnable.java:30)
	... 1 more
Caused by: java.net.ConnectException: Connection refused
	... 11 more
2019-11-05 17:59:31,941 [5c0a4bab-1351-4859-8e93-b1f6c1cbe601@group-913BA7F75B93-LeaderElection36] INFO  impl.LeaderElection (LeaderElection.java:logAndReturn(56)) - 5c0a4bab-1351-4859-8e93-b1f6c1cbe601@group-913BA7F75B93-LeaderElection36: Election REJECTED; received 0 response(s) [] and 2 exception(s); 5c0a4bab-1351-4859-8e93-b1f6c1cbe601@group-913BA7F75B93:t3, leader=null, voted=5c0a4bab-1351-4859-8e93-b1f6c1cbe601, raftlog=5c0a4bab-1351-4859-8e93-b1f6c1cbe601@group-913BA7F75B93-SegmentedRaftLog:OPENED:c-1,f0,i0, conf=0: [d3d6cb51-be4c-4760-aacb-ed619a32a271:192.168.34.20:42778, 43091c99-a44c-440a-ab41-05a01ed9538f:192.168.34.20:34078, 5c0a4bab-1351-4859-8e93-b1f6c1cbe601:192.168.34.20:38739], old=null
2019-11-05 17:59:31,941 [5c0a4bab-1351-4859-8e93-b1f6c1cbe601@group-913BA7F75B93-LeaderElection36] INFO  impl.LeaderElection (LogUtils.java:infoOrTrace(149)) -   Exception 0: {}
java.util.concurrent.ExecutionException: org.apache.ratis.thirdparty.io.grpc.StatusRuntimeException: UNAVAILABLE: io exception
	at java.util.concurrent.FutureTask.report(FutureTask.java:122)
	at java.util.concurrent.FutureTask.get(FutureTask.java:192)
	at org.apache.ratis.server.impl.LeaderElection.waitForResults(LeaderElection.java:259)
	at org.apache.ratis.server.impl.LeaderElection.askForVotes(LeaderElection.java:197)
	at org.apache.ratis.server.impl.LeaderElection.run(LeaderElection.java:133)
	at java.lang.Thread.run(Thread.java:748)
Caused by: org.apache.ratis.thirdparty.io.grpc.StatusRuntimeException: UNAVAILABLE: io exception
	at org.apache.ratis.thirdparty.io.grpc.stub.ClientCalls.toStatusRuntimeException(ClientCalls.java:233)
	at org.apache.ratis.thirdparty.io.grpc.stub.ClientCalls.getUnchecked(ClientCalls.java:214)
	at org.apache.ratis.thirdparty.io.grpc.stub.ClientCalls.blockingUnaryCall(ClientCalls.java:139)
	at org.apache.ratis.proto.grpc.RaftServerProtocolServiceGrpc$RaftServerProtocolServiceBlockingStub.requestVote(RaftServerProtocolServiceGrpc.java:265)
	at org.apache.ratis.grpc.server.GrpcServerProtocolClient.requestVote(GrpcServerProtocolClient.java:99)
	at org.apache.ratis.grpc.server.GrpcService.requestVote(GrpcService.java:204)
	at org.apache.ratis.server.impl.LeaderElection.lambda$submitRequests$1(LeaderElection.java:234)
	at java.util.concurrent.FutureTask.run(FutureTask.java:266)
	at java.util.concurrent.Executors$RunnableAdapter.call(Executors.java:511)
	at java.util.concurrent.FutureTask.run(FutureTask.java:266)
	at java.util.concurrent.ThreadPoolExecutor.runWorker(ThreadPoolExecutor.java:1149)
	at java.util.concurrent.ThreadPoolExecutor$Worker.run(ThreadPoolExecutor.java:624)
	... 1 more
Caused by: org.apache.ratis.thirdparty.io.netty.channel.AbstractChannel$AnnotatedConnectException: Connection refused: /192.168.34.20:42778
	at sun.nio.ch.SocketChannelImpl.checkConnect(Native Method)
	at sun.nio.ch.SocketChannelImpl.finishConnect(SocketChannelImpl.java:717)
	at org.apache.ratis.thirdparty.io.netty.channel.socket.nio.NioSocketChannel.doFinishConnect(NioSocketChannel.java:327)
	at org.apache.ratis.thirdparty.io.netty.channel.nio.AbstractNioChannel$AbstractNioUnsafe.finishConnect(AbstractNioChannel.java:340)
	at org.apache.ratis.thirdparty.io.netty.channel.nio.NioEventLoop.processSelectedKey(NioEventLoop.java:632)
	at org.apache.ratis.thirdparty.io.netty.channel.nio.NioEventLoop.processSelectedKeysOptimized(NioEventLoop.java:579)
	at org.apache.ratis.thirdparty.io.netty.channel.nio.NioEventLoop.processSelectedKeys(NioEventLoop.java:496)
	at org.apache.ratis.thirdparty.io.netty.channel.nio.NioEventLoop.run(NioEventLoop.java:458)
	at org.apache.ratis.thirdparty.io.netty.util.concurrent.SingleThreadEventExecutor$5.run(SingleThreadEventExecutor.java:897)
	at org.apache.ratis.thirdparty.io.netty.util.concurrent.FastThreadLocalRunnable.run(FastThreadLocalRunnable.java:30)
	... 1 more
Caused by: java.net.ConnectException: Connection refused
	... 11 more
2019-11-05 17:59:31,941 [5c0a4bab-1351-4859-8e93-b1f6c1cbe601@group-913BA7F75B93-LeaderElection36] INFO  impl.LeaderElection (LogUtils.java:infoOrTrace(149)) -   Exception 1: {}
java.util.concurrent.ExecutionException: org.apache.ratis.thirdparty.io.grpc.StatusRuntimeException: UNAVAILABLE: io exception
	at java.util.concurrent.FutureTask.report(FutureTask.java:122)
	at java.util.concurrent.FutureTask.get(FutureTask.java:192)
	at org.apache.ratis.server.impl.LeaderElection.waitForResults(LeaderElection.java:259)
	at org.apache.ratis.server.impl.LeaderElection.askForVotes(LeaderElection.java:197)
	at org.apache.ratis.server.impl.LeaderElection.run(LeaderElection.java:133)
	at java.lang.Thread.run(Thread.java:748)
Caused by: org.apache.ratis.thirdparty.io.grpc.StatusRuntimeException: UNAVAILABLE: io exception
	at org.apache.ratis.thirdparty.io.grpc.stub.ClientCalls.toStatusRuntimeException(ClientCalls.java:233)
	at org.apache.ratis.thirdparty.io.grpc.stub.ClientCalls.getUnchecked(ClientCalls.java:214)
	at org.apache.ratis.thirdparty.io.grpc.stub.ClientCalls.blockingUnaryCall(ClientCalls.java:139)
	at org.apache.ratis.proto.grpc.RaftServerProtocolServiceGrpc$RaftServerProtocolServiceBlockingStub.requestVote(RaftServerProtocolServiceGrpc.java:265)
	at org.apache.ratis.grpc.server.GrpcServerProtocolClient.requestVote(GrpcServerProtocolClient.java:99)
	at org.apache.ratis.grpc.server.GrpcService.requestVote(GrpcService.java:204)
	at org.apache.ratis.server.impl.LeaderElection.lambda$submitRequests$1(LeaderElection.java:234)
	at java.util.concurrent.FutureTask.run(FutureTask.java:266)
	at java.util.concurrent.Executors$RunnableAdapter.call(Executors.java:511)
	at java.util.concurrent.FutureTask.run(FutureTask.java:266)
	at java.util.concurrent.ThreadPoolExecutor.runWorker(ThreadPoolExecutor.java:1149)
	at java.util.concurrent.ThreadPoolExecutor$Worker.run(ThreadPoolExecutor.java:624)
	... 1 more
Caused by: org.apache.ratis.thirdparty.io.netty.channel.AbstractChannel$AnnotatedConnectException: Connection refused: /192.168.34.20:34078
	at sun.nio.ch.SocketChannelImpl.checkConnect(Native Method)
	at sun.nio.ch.SocketChannelImpl.finishConnect(SocketChannelImpl.java:717)
	at org.apache.ratis.thirdparty.io.netty.channel.socket.nio.NioSocketChannel.doFinishConnect(NioSocketChannel.java:327)
	at org.apache.ratis.thirdparty.io.netty.channel.nio.AbstractNioChannel$AbstractNioUnsafe.finishConnect(AbstractNioChannel.java:340)
	at org.apache.ratis.thirdparty.io.netty.channel.nio.NioEventLoop.processSelectedKey(NioEventLoop.java:632)
	at org.apache.ratis.thirdparty.io.netty.channel.nio.NioEventLoop.processSelectedKeysOptimized(NioEventLoop.java:579)
	at org.apache.ratis.thirdparty.io.netty.channel.nio.NioEventLoop.processSelectedKeys(NioEventLoop.java:496)
	at org.apache.ratis.thirdparty.io.netty.channel.nio.NioEventLoop.run(NioEventLoop.java:458)
	at org.apache.ratis.thirdparty.io.netty.util.concurrent.SingleThreadEventExecutor$5.run(SingleThreadEventExecutor.java:897)
	at org.apache.ratis.thirdparty.io.netty.util.concurrent.FastThreadLocalRunnable.run(FastThreadLocalRunnable.java:30)
	... 1 more
Caused by: java.net.ConnectException: Connection refused
	... 11 more
2019-11-05 17:59:31,942 [5c0a4bab-1351-4859-8e93-b1f6c1cbe601@group-913BA7F75B93-LeaderElection36] INFO  impl.RaftServerImpl (RaftServerImpl.java:setRole(173)) - 5c0a4bab-1351-4859-8e93-b1f6c1cbe601@group-913BA7F75B93: changes role from CANDIDATE to FOLLOWER at term 3 for DISCOVERED_A_NEW_TERM
2019-11-05 17:59:31,942 [5c0a4bab-1351-4859-8e93-b1f6c1cbe601@group-913BA7F75B93-LeaderElection36] INFO  impl.RoleInfo (RoleInfo.java:shutdownLeaderElection(134)) - 5c0a4bab-1351-4859-8e93-b1f6c1cbe601: shutdown LeaderElection
2019-11-05 17:59:31,942 [5c0a4bab-1351-4859-8e93-b1f6c1cbe601@group-913BA7F75B93-LeaderElection36] INFO  impl.RoleInfo (RoleInfo.java:updateAndGet(143)) - 5c0a4bab-1351-4859-8e93-b1f6c1cbe601: start FollowerState
2019-11-05 17:59:32,928 [ForkJoinPool.commonPool-worker-0] INFO  ozoneimpl.OzoneContainer (OzoneContainer.java:stop(227)) - Attempting to stop container services.
2019-11-05 17:59:32,932 [ForkJoinPool.commonPool-worker-0] INFO  impl.RaftServerProxy (RaftServerProxy.java:lambda$close$4(314)) - 5c0a4bab-1351-4859-8e93-b1f6c1cbe601: close
2019-11-05 17:59:32,933 [ForkJoinPool.commonPool-worker-0] INFO  impl.RaftServerImpl (RaftServerImpl.java:lambda$shutdown$3(250)) - 5c0a4bab-1351-4859-8e93-b1f6c1cbe601@group-913BA7F75B93: shutdown
2019-11-05 17:59:32,934 [ForkJoinPool.commonPool-worker-0] INFO  util.JmxRegister (JmxRegister.java:unregister(73)) - Successfully un-registered JMX Bean with object name Ratis:service=RaftServer,group=group-913BA7F75B93,id=5c0a4bab-1351-4859-8e93-b1f6c1cbe601
2019-11-05 17:59:32,934 [ForkJoinPool.commonPool-worker-0] INFO  impl.RoleInfo (RoleInfo.java:shutdownFollowerState(121)) - 5c0a4bab-1351-4859-8e93-b1f6c1cbe601: shutdown FollowerState
2019-11-05 17:59:32,934 [ForkJoinPool.commonPool-worker-0] INFO  impl.StateMachineUpdater (StateMachineUpdater.java:stopAndJoin(136)) - 5c0a4bab-1351-4859-8e93-b1f6c1cbe601@group-913BA7F75B93-StateMachineUpdater: set stopIndex = -1
2019-11-05 17:59:32,934 [Thread-1526] INFO  impl.FollowerState (FollowerState.java:run(120)) - 5c0a4bab-1351-4859-8e93-b1f6c1cbe601@group-913BA7F75B93-FollowerState was interrupted: java.lang.InterruptedException: sleep interrupted
2019-11-05 17:59:32,935 [ForkJoinPool.commonPool-worker-0] INFO  impl.RaftServerImpl (ServerState.java:close(387)) - 5c0a4bab-1351-4859-8e93-b1f6c1cbe601@group-913BA7F75B93: closes. applyIndex: -1
2019-11-05 17:59:32,936 [5c0a4bab-1351-4859-8e93-b1f6c1cbe601@group-913BA7F75B93-SegmentedRaftLogWorker] INFO  segmented.SegmentedRaftLogWorker (SegmentedRaftLogWorker.java:run(316)) - 5c0a4bab-1351-4859-8e93-b1f6c1cbe601@group-913BA7F75B93-SegmentedRaftLogWorker was interrupted, exiting. There are 0 tasks remaining in the queue.
2019-11-05 17:59:32,937 [ForkJoinPool.commonPool-worker-0] INFO  segmented.SegmentedRaftLogWorker (SegmentedRaftLogWorker.java:close(224)) - 5c0a4bab-1351-4859-8e93-b1f6c1cbe601@group-913BA7F75B93-SegmentedRaftLogWorker close()
2019-11-05 17:59:32,939 [ForkJoinPool.commonPool-worker-0] INFO  impl.RaftServerImpl (RaftServerImpl.java:lambda$shutdown$3(250)) - 5c0a4bab-1351-4859-8e93-b1f6c1cbe601@group-6C65FB3832FB: shutdown
2019-11-05 17:59:32,939 [ForkJoinPool.commonPool-worker-0] INFO  util.JmxRegister (JmxRegister.java:unregister(73)) - Successfully un-registered JMX Bean with object name Ratis:service=RaftServer,group=group-6C65FB3832FB,id=5c0a4bab-1351-4859-8e93-b1f6c1cbe601
2019-11-05 17:59:32,939 [ForkJoinPool.commonPool-worker-0] INFO  impl.RoleInfo (RoleInfo.java:shutdownLeaderState(104)) - 5c0a4bab-1351-4859-8e93-b1f6c1cbe601: shutdown LeaderState
2019-11-05 17:59:32,940 [ForkJoinPool.commonPool-worker-0] INFO  impl.PendingRequests (PendingRequests.java:sendNotLeaderResponses(206)) - 5c0a4bab-1351-4859-8e93-b1f6c1cbe601@group-6C65FB3832FB-PendingRequests: sendNotLeaderResponses
2019-11-05 17:59:32,941 [ForkJoinPool.commonPool-worker-0] INFO  impl.StateMachineUpdater (StateMachineUpdater.java:stopAndJoin(136)) - 5c0a4bab-1351-4859-8e93-b1f6c1cbe601@group-6C65FB3832FB-StateMachineUpdater: set stopIndex = 0
2019-11-05 17:59:32,942 [ForkJoinPool.commonPool-worker-0] INFO  impl.RaftServerImpl (ServerState.java:close(387)) - 5c0a4bab-1351-4859-8e93-b1f6c1cbe601@group-6C65FB3832FB: closes. applyIndex: 0
2019-11-05 17:59:32,942 [5c0a4bab-1351-4859-8e93-b1f6c1cbe601@group-6C65FB3832FB-SegmentedRaftLogWorker] INFO  segmented.SegmentedRaftLogWorker (SegmentedRaftLogWorker.java:run(316)) - 5c0a4bab-1351-4859-8e93-b1f6c1cbe601@group-6C65FB3832FB-SegmentedRaftLogWorker was interrupted, exiting. There are 0 tasks remaining in the queue.
2019-11-05 17:59:32,943 [ForkJoinPool.commonPool-worker-0] INFO  segmented.SegmentedRaftLogWorker (SegmentedRaftLogWorker.java:close(224)) - 5c0a4bab-1351-4859-8e93-b1f6c1cbe601@group-6C65FB3832FB-SegmentedRaftLogWorker close()
2019-11-05 17:59:32,944 [ForkJoinPool.commonPool-worker-0] INFO  server.GrpcService (GrpcService.java:closeImpl(164)) - 5c0a4bab-1351-4859-8e93-b1f6c1cbe601: shutdown server with port 38739 now
2019-11-05 17:59:32,947 [ForkJoinPool.commonPool-worker-0] INFO  server.GrpcService (GrpcService.java:closeImpl(172)) - 5c0a4bab-1351-4859-8e93-b1f6c1cbe601: shutdown server with port 38739 successfully
2019-11-05 17:59:32,954 [refreshUsed-/workdir/hadoop-ozone/ozonefs/target/test-dir/MiniOzoneClusterImpl-248ee3ec-1f9e-44c8-bd04-ec056a7a619d/datanode-2/data/containers] WARN  fs.CachingGetSpaceUsed (CachingGetSpaceUsed.java:run(183)) - Thread Interrupted waiting to refresh disk information: sleep interrupted
2019-11-05 17:59:32,977 [ForkJoinPool.commonPool-worker-0] INFO  utils.BackgroundService (BackgroundService.java:shutdown(151)) - Shutting down service BlockDeletingService
2019-11-05 17:59:32,979 [ForkJoinPool.commonPool-worker-0] INFO  statemachine.DatanodeStateMachine (DatanodeStateMachine.java:stopDaemon(395)) - Ozone container server stopped.
2019-11-05 17:59:32,982 [ForkJoinPool.commonPool-worker-0] INFO  handler.ContextHandler (ContextHandler.java:doStop(910)) - Stopped o.e.j.w.WebAppContext@70514d79{/,null,UNAVAILABLE}{/hddsDatanode}
2019-11-05 17:59:32,982 [ForkJoinPool.commonPool-worker-0] INFO  server.AbstractConnector (AbstractConnector.java:doStop(318)) - Stopped ServerConnector@7016f155{HTTP/1.1,[http/1.1]}{0.0.0.0:0}
2019-11-05 17:59:32,983 [ForkJoinPool.commonPool-worker-0] INFO  handler.ContextHandler (ContextHandler.java:doStop(910)) - Stopped o.e.j.s.ServletContextHandler@6dd94726{/static,jar:file:/home/user/.m2/repository/org/apache/hadoop/hadoop-hdds-container-service/0.5.0-SNAPSHOT/hadoop-hdds-container-service-0.5.0-SNAPSHOT.jar!/webapps/static,UNAVAILABLE}
2019-11-05 17:59:32,984 [ForkJoinPool.commonPool-worker-0] INFO  handler.ContextHandler (ContextHandler.java:doStop(910)) - Stopped o.e.j.s.ServletContextHandler@74d931fb{/logs,file:///workdir/hadoop-ozone/ozonefs/target/log,UNAVAILABLE}
2019-11-05 17:59:32,985 [Thread-1306] INFO  ozone.MiniOzoneClusterImpl (MiniOzoneClusterImpl.java:stopSCM(392)) - Stopping the StorageContainerManager
2019-11-05 17:59:32,985 [Thread-1306] INFO  server.StorageContainerManager (StorageContainerManager.java:stop(802)) - Stopping Replication Manager Service.
2019-11-05 17:59:32,985 [Thread-1306] INFO  container.ReplicationManager (ReplicationManager.java:stop(203)) - Stopping Replication Monitor Thread.
2019-11-05 17:59:32,985 [Thread-1306] INFO  server.StorageContainerManager (StorageContainerManager.java:stop(809)) - Stopping Lease Manager of the command watchers
2019-11-05 17:59:32,985 [Thread-1306] INFO  server.StorageContainerManager (StorageContainerManager.java:stop(816)) - Stopping datanode service RPC server
2019-11-05 17:59:32,985 [Thread-1306] INFO  server.SCMDatanodeProtocolServer (SCMDatanodeProtocolServer.java:stop(346)) - Stopping the RPC server for DataNodes
2019-11-05 17:59:32,985 [Thread-1306] INFO  ipc.Server (Server.java:stop(3082)) - Stopping server on 37501
2019-11-05 17:59:32,987 [IPC Server listener on 37501] INFO  ipc.Server (Server.java:run(1185)) - Stopping IPC Server listener on 37501
2019-11-05 17:59:32,988 [IPC Server Responder] INFO  ipc.Server (Server.java:run(1319)) - Stopping IPC Server Responder
2019-11-05 17:59:33,042 [SCM Heartbeat Processing Thread - 0] WARN  node.NodeStateManager (NodeStateManager.java:scheduleNextHealthCheck(646)) - Current Thread is interrupted, shutting down HB processing thread for Node Manager.
2019-11-05 17:59:33,043 [Thread-1306] INFO  server.StorageContainerManager (StorageContainerManager.java:stop(824)) - Stopping block service RPC server
2019-11-05 17:59:33,043 [Thread-1306] INFO  server.SCMBlockProtocolServer (SCMBlockProtocolServer.java:stop(155)) - Stopping the RPC server for Block Protocol
2019-11-05 17:59:33,043 [Thread-1306] INFO  ipc.Server (Server.java:stop(3082)) - Stopping server on 40518
2019-11-05 17:59:33,045 [IPC Server listener on 40518] INFO  ipc.Server (Server.java:run(1185)) - Stopping IPC Server listener on 40518
2019-11-05 17:59:33,045 [Thread-1306] INFO  server.StorageContainerManager (StorageContainerManager.java:stop(831)) - Stopping the StorageContainerLocationProtocol RPC server
2019-11-05 17:59:33,045 [IPC Server Responder] INFO  ipc.Server (Server.java:run(1319)) - Stopping IPC Server Responder
2019-11-05 17:59:33,046 [Thread-1306] INFO  server.SCMClientProtocolServer (SCMClientProtocolServer.java:stop(168)) - Stopping the RPC server for Client Protocol
2019-11-05 17:59:33,047 [Thread-1306] INFO  ipc.Server (Server.java:stop(3082)) - Stopping server on 40716
2019-11-05 17:59:33,048 [IPC Server listener on 40716] INFO  ipc.Server (Server.java:run(1185)) - Stopping IPC Server listener on 40716
2019-11-05 17:59:33,048 [Thread-1306] INFO  server.StorageContainerManager (StorageContainerManager.java:stop(838)) - Stopping Storage Container Manager HTTP server.
2019-11-05 17:59:33,050 [IPC Server Responder] INFO  ipc.Server (Server.java:run(1319)) - Stopping IPC Server Responder
2019-11-05 17:59:33,051 [Thread-1306] INFO  handler.ContextHandler (ContextHandler.java:doStop(910)) - Stopped o.e.j.w.WebAppContext@701d2b67{/,null,UNAVAILABLE}{/scm}
2019-11-05 17:59:33,051 [Thread-1306] INFO  server.AbstractConnector (AbstractConnector.java:doStop(318)) - Stopped ServerConnector@18e65d3c{HTTP/1.1,[http/1.1]}{0.0.0.0:0}
2019-11-05 17:59:33,052 [Thread-1306] INFO  handler.ContextHandler (ContextHandler.java:doStop(910)) - Stopped o.e.j.s.ServletContextHandler@7d8df2ad{/static,jar:file:/home/user/.m2/repository/org/apache/hadoop/hadoop-hdds-server-scm/0.5.0-SNAPSHOT/hadoop-hdds-server-scm-0.5.0-SNAPSHOT.jar!/webapps/static,UNAVAILABLE}
2019-11-05 17:59:33,052 [Thread-1306] INFO  handler.ContextHandler (ContextHandler.java:doStop(910)) - Stopped o.e.j.s.ServletContextHandler@67875f7e{/logs,file:///workdir/hadoop-ozone/ozonefs/target/log,UNAVAILABLE}
2019-11-05 17:59:33,053 [Thread-1306] INFO  server.StorageContainerManager (StorageContainerManager.java:stop(849)) - Stopping Block Manager Service.
2019-11-05 17:59:33,053 [Thread-1306] INFO  utils.BackgroundService (BackgroundService.java:shutdown(151)) - Shutting down service SCMBlockDeletingService
2019-11-05 17:59:33,054 [Thread-1306] INFO  utils.BackgroundService (BackgroundService.java:shutdown(151)) - Shutting down service SCMBlockDeletingService
2019-11-05 17:59:33,054 [Thread-1306] INFO  server.StorageContainerManager (StorageContainerManager.java:stop(871)) - Stopping SCM Event Queue.
2019-11-05 17:59:33,059 [Thread-1306] INFO  impl.MetricsSystemImpl (MetricsSystemImpl.java:stop(210)) - Stopping HddsDatanode metrics system...
2019-11-05 17:59:33,065 [Thread-1306] INFO  impl.MetricsSystemImpl (MetricsSystemImpl.java:stop(216)) - HddsDatanode metrics system stopped.
]]></system-out>
  </testcase>
  <testcase name="testListStatusOnLargeDirectory" classname="org.apache.hadoop.fs.ozone.TestOzoneFileSystem" time="314.581">
    <error message="test timed out after 300000 milliseconds" type="java.lang.Exception">java.lang.Exception: test timed out after 300000 milliseconds
	at java.lang.Object.wait(Native Method)
	at java.lang.Object.wait(Object.java:502)
	at org.apache.hadoop.util.concurrent.AsyncGet$Util.wait(AsyncGet.java:59)
	at org.apache.hadoop.ipc.Client.getRpcResponse(Client.java:1499)
	at org.apache.hadoop.ipc.Client.call(Client.java:1457)
	at org.apache.hadoop.ipc.Client.call(Client.java:1367)
	at org.apache.hadoop.ipc.ProtobufRpcEngine$Invoker.invoke(ProtobufRpcEngine.java:228)
	at org.apache.hadoop.ipc.ProtobufRpcEngine$Invoker.invoke(ProtobufRpcEngine.java:116)
	at com.sun.proxy.$Proxy37.submitRequest(Unknown Source)
	at sun.reflect.GeneratedMethodAccessor19.invoke(Unknown Source)
	at sun.reflect.DelegatingMethodAccessorImpl.invoke(DelegatingMethodAccessorImpl.java:43)
	at java.lang.reflect.Method.invoke(Method.java:498)
	at org.apache.hadoop.io.retry.RetryInvocationHandler.invokeMethod(RetryInvocationHandler.java:422)
	at org.apache.hadoop.io.retry.RetryInvocationHandler$Call.invokeMethod(RetryInvocationHandler.java:165)
	at org.apache.hadoop.io.retry.RetryInvocationHandler$Call.invoke(RetryInvocationHandler.java:157)
	at org.apache.hadoop.io.retry.RetryInvocationHandler$Call.invokeOnce(RetryInvocationHandler.java:95)
	at org.apache.hadoop.io.retry.RetryInvocationHandler.invoke(RetryInvocationHandler.java:359)
	at com.sun.proxy.$Proxy37.submitRequest(Unknown Source)
	at org.apache.hadoop.ozone.om.protocolPB.OzoneManagerProtocolClientSideTranslatorPB.submitRequest(OzoneManagerProtocolClientSideTranslatorPB.java:358)
	at org.apache.hadoop.ozone.om.protocolPB.OzoneManagerProtocolClientSideTranslatorPB.listStatus(OzoneManagerProtocolClientSideTranslatorPB.java:1586)
	at sun.reflect.GeneratedMethodAccessor154.invoke(Unknown Source)
	at sun.reflect.DelegatingMethodAccessorImpl.invoke(DelegatingMethodAccessorImpl.java:43)
	at java.lang.reflect.Method.invoke(Method.java:498)
	at org.apache.hadoop.hdds.tracing.TraceAllMethod.invoke(TraceAllMethod.java:66)
	at com.sun.proxy.$Proxy38.listStatus(Unknown Source)
	at org.apache.hadoop.ozone.client.rpc.RpcClient.listStatus(RpcClient.java:1040)
	at org.apache.hadoop.ozone.client.OzoneBucket.listStatus(OzoneBucket.java:555)
	at org.apache.hadoop.fs.ozone.BasicOzoneClientAdapterImpl.listStatus(BasicOzoneClientAdapterImpl.java:308)
	at org.apache.hadoop.fs.ozone.BasicOzoneFileSystem.listStatus(BasicOzoneFileSystem.java:533)
	at org.apache.hadoop.fs.ozone.TestOzoneFileSystem.testListStatusOnLargeDirectory(TestOzoneFileSystem.java:219)
	at sun.reflect.NativeMethodAccessorImpl.invoke0(Native Method)
	at sun.reflect.NativeMethodAccessorImpl.invoke(NativeMethodAccessorImpl.java:62)
	at sun.reflect.DelegatingMethodAccessorImpl.invoke(DelegatingMethodAccessorImpl.java:43)
	at java.lang.reflect.Method.invoke(Method.java:498)
	at org.junit.runners.model.FrameworkMethod$1.runReflectiveCall(FrameworkMethod.java:47)
	at org.junit.internal.runners.model.ReflectiveCallable.run(ReflectiveCallable.java:12)
	at org.junit.runners.model.FrameworkMethod.invokeExplosively(FrameworkMethod.java:44)
	at org.junit.internal.runners.statements.InvokeMethod.evaluate(InvokeMethod.java:17)
	at org.junit.internal.runners.statements.RunBefores.evaluate(RunBefores.java:26)
	at org.junit.internal.runners.statements.RunAfters.evaluate(RunAfters.java:27)
	at org.junit.internal.runners.statements.FailOnTimeout$StatementThread.run(FailOnTimeout.java:74)
</error>
    <system-out><![CDATA[2019-11-05 17:59:33,106 [Thread-1527] WARN  server.ServerUtils (ServerUtils.java:getScmDbDir(145)) - ozone.scm.db.dirs is not configured. We recommend adding this setting. Falling back to ozone.metadata.dirs instead.
2019-11-05 17:59:33,122 [Thread-1527] WARN  server.ServerUtils (ServerUtils.java:getScmDbDir(145)) - ozone.scm.db.dirs is not configured. We recommend adding this setting. Falling back to ozone.metadata.dirs instead.
2019-11-05 17:59:33,122 [Thread-1527] WARN  server.ServerUtils (ServerUtils.java:getScmDbDir(145)) - ozone.scm.db.dirs is not configured. We recommend adding this setting. Falling back to ozone.metadata.dirs instead.
2019-11-05 17:59:33,123 [Thread-1527] INFO  db.DBStoreBuilder (DBStoreBuilder.java:addTable(127)) - using custom profile for table: deletedBlocks
2019-11-05 17:59:33,123 [Thread-1527] INFO  db.DBStoreBuilder (DBStoreBuilder.java:processTables(183)) - Using default column profile:DBProfile.DISK for Table:deletedBlocks
2019-11-05 17:59:33,123 [Thread-1527] INFO  db.DBStoreBuilder (DBStoreBuilder.java:addTable(127)) - using custom profile for table: validCerts
2019-11-05 17:59:33,123 [Thread-1527] INFO  db.DBStoreBuilder (DBStoreBuilder.java:processTables(183)) - Using default column profile:DBProfile.DISK for Table:validCerts
2019-11-05 17:59:33,123 [Thread-1527] INFO  db.DBStoreBuilder (DBStoreBuilder.java:addTable(127)) - using custom profile for table: revokedCerts
2019-11-05 17:59:33,123 [Thread-1527] INFO  db.DBStoreBuilder (DBStoreBuilder.java:processTables(183)) - Using default column profile:DBProfile.DISK for Table:revokedCerts
2019-11-05 17:59:33,123 [Thread-1527] INFO  db.DBStoreBuilder (DBStoreBuilder.java:addTable(127)) - using custom profile for table: default
2019-11-05 17:59:33,123 [Thread-1527] INFO  db.DBStoreBuilder (DBStoreBuilder.java:processTables(189)) - Using default column profile:DBProfile.DISK for Table:default
2019-11-05 17:59:33,124 [Thread-1527] INFO  db.DBStoreBuilder (DBStoreBuilder.java:getDbProfile(220)) - Using default options. DBProfile.DISK
2019-11-05 17:59:33,338 [Thread-1527] INFO  net.NodeSchemaLoader (NodeSchemaLoader.java:loadSchemaFromFile(125)) - Loading file from sun.misc.CompoundEnumeration@2b201f56
2019-11-05 17:59:33,338 [Thread-1527] INFO  net.NodeSchemaLoader (NodeSchemaLoader.java:loadSchema(171)) - Loading network topology layer schema file
2019-11-05 17:59:33,342 [Thread-1527] WARN  server.ServerUtils (ServerUtils.java:sanitizeUserArgs(70)) - ozone.scm.stale.node.interval value = 300000 is larger than max = 100000 based on the key value of ozone.scm.heartbeat.thread.interval, reset to the max value 100000.
2019-11-05 17:59:33,342 [Thread-1527] WARN  server.ServerUtils (ServerUtils.java:sanitizeUserArgs(70)) - ozone.scm.stale.node.interval value = 300000 is larger than max = 100000 based on the key value of ozone.scm.heartbeat.thread.interval, reset to the max value 100000.
2019-11-05 17:59:33,342 [Thread-1527] INFO  node.SCMNodeManager (SCMNodeManager.java:<init>(116)) - Entering startup safe mode.
2019-11-05 17:59:33,343 [Thread-1527] INFO  algorithms.ContainerPlacementPolicyFactory (ContainerPlacementPolicyFactory.java:getPolicy(57)) - Create container placement policy of type org.apache.hadoop.hdds.scm.container.placement.algorithms.SCMContainerPlacementRandom
2019-11-05 17:59:33,343 [Thread-1527] WARN  server.ServerUtils (ServerUtils.java:getScmDbDir(145)) - ozone.scm.db.dirs is not configured. We recommend adding this setting. Falling back to ozone.metadata.dirs instead.
2019-11-05 17:59:33,399 [Thread-1527] INFO  pipeline.SCMPipelineManager (SCMPipelineManager.java:initializePipelineState(132)) - No pipeline exists in current db
2019-11-05 17:59:33,399 [Thread-1527] WARN  server.ServerUtils (ServerUtils.java:getScmDbDir(145)) - ozone.scm.db.dirs is not configured. We recommend adding this setting. Falling back to ozone.metadata.dirs instead.
2019-11-05 17:59:33,450 [Thread-1527] WARN  events.EventQueue (EventQueue.java:fireEvent(183)) - No event handler registered for event TypedEvent{payloadType=SafeModeStatus, name='SafeModeStatus'}
2019-11-05 17:59:33,450 [Thread-1527] INFO  ipc.CallQueueManager (CallQueueManager.java:<init>(84)) - Using callQueue: class java.util.concurrent.LinkedBlockingQueue, queueCapacity: 2000, scheduler: class org.apache.hadoop.ipc.DefaultRpcScheduler, ipcBackoff: false.
2019-11-05 17:59:33,451 [Socket Reader #1 for port 43702] INFO  ipc.Server (Server.java:run(1074)) - Starting Socket Reader #1 for port 43702
2019-11-05 17:59:33,453 [Thread-1527] INFO  ipc.CallQueueManager (CallQueueManager.java:<init>(84)) - Using callQueue: class java.util.concurrent.LinkedBlockingQueue, queueCapacity: 2000, scheduler: class org.apache.hadoop.ipc.DefaultRpcScheduler, ipcBackoff: false.
2019-11-05 17:59:33,453 [Socket Reader #1 for port 44064] INFO  ipc.Server (Server.java:run(1074)) - Starting Socket Reader #1 for port 44064
2019-11-05 17:59:33,454 [Thread-1527] INFO  ipc.CallQueueManager (CallQueueManager.java:<init>(84)) - Using callQueue: class java.util.concurrent.LinkedBlockingQueue, queueCapacity: 2000, scheduler: class org.apache.hadoop.ipc.DefaultRpcScheduler, ipcBackoff: false.
2019-11-05 17:59:33,455 [Socket Reader #1 for port 37505] INFO  ipc.Server (Server.java:run(1074)) - Starting Socket Reader #1 for port 37505
2019-11-05 17:59:33,457 [Thread-1527] INFO  hdfs.DFSUtil (DFSUtil.java:httpServerTemplateForNNAndJN(1641)) - Starting Web-server for scm at: http://0.0.0.0:0
2019-11-05 17:59:33,460 [Thread-1527] INFO  server.AuthenticationFilter (AuthenticationFilter.java:constructSecretProvider(240)) - Unable to initialize FileSignerSecretProvider, falling back to use random secrets.
2019-11-05 17:59:33,460 [Thread-1527] WARN  http.HttpRequestLog (HttpRequestLog.java:getRequestLog(97)) - Jetty request log can only be enabled using Log4j
2019-11-05 17:59:33,463 [Thread-1527] INFO  http.HttpServer2 (HttpServer2.java:addGlobalFilter(975)) - Added global filter 'safety' (class=org.apache.hadoop.http.HttpServer2$QuotingInputFilter)
2019-11-05 17:59:33,463 [Thread-1527] INFO  http.HttpServer2 (HttpServer2.java:addFilter(948)) - Added filter static_user_filter (class=org.apache.hadoop.http.lib.StaticUserWebFilter$StaticUserFilter) to context scm
2019-11-05 17:59:33,463 [Thread-1527] INFO  http.HttpServer2 (HttpServer2.java:addFilter(958)) - Added filter static_user_filter (class=org.apache.hadoop.http.lib.StaticUserWebFilter$StaticUserFilter) to context logs
2019-11-05 17:59:33,464 [Thread-1527] INFO  http.HttpServer2 (HttpServer2.java:addFilter(958)) - Added filter static_user_filter (class=org.apache.hadoop.http.lib.StaticUserWebFilter$StaticUserFilter) to context static
2019-11-05 17:59:33,466 [Thread-1527] INFO  server.StorageContainerManager (StorageContainerManager.java:start(764)) - StorageContainerLocationProtocol RPC server is listening at /0.0.0.0:37505
2019-11-05 17:59:33,468 [Thread-1527] WARN  impl.MetricsConfig (MetricsConfig.java:loadFirst(134)) - Cannot locate configuration: tried hadoop-metrics2-storagecontainermanager.properties,hadoop-metrics2.properties
2019-11-05 17:59:33,469 [Thread-1527] INFO  impl.MetricsSystemImpl (MetricsSystemImpl.java:startTimer(374)) - Scheduled Metric snapshot period at 10 second(s).
2019-11-05 17:59:33,469 [Thread-1527] INFO  impl.MetricsSystemImpl (MetricsSystemImpl.java:start(191)) - StorageContainerManager metrics system started
2019-11-05 17:59:33,549 [Thread-1527] WARN  impl.MetricsSystemImpl (MetricsSystemImpl.java:register(276)) - Sink prometheus already exists!
2019-11-05 17:59:33,560 [Thread-1527] INFO  server.SCMClientProtocolServer (SCMClientProtocolServer.java:start(159)) - RPC server for Client  is listening at /0.0.0.0:37505
2019-11-05 17:59:33,560 [IPC Server Responder] INFO  ipc.Server (Server.java:run(1314)) - IPC Server Responder: starting
2019-11-05 17:59:33,560 [IPC Server listener on 37505] INFO  ipc.Server (Server.java:run(1153)) - IPC Server listener on 37505: starting
2019-11-05 17:59:33,563 [Thread-1527] INFO  server.StorageContainerManager (StorageContainerManager.java:start(774)) - ScmBlockLocationProtocol RPC server is listening at /0.0.0.0:44064
2019-11-05 17:59:33,564 [Thread-1527] INFO  server.SCMBlockProtocolServer (SCMBlockProtocolServer.java:start(146)) - RPC server for Block Protocol is listening at /0.0.0.0:44064
2019-11-05 17:59:33,564 [IPC Server Responder] INFO  ipc.Server (Server.java:run(1314)) - IPC Server Responder: starting
2019-11-05 17:59:33,564 [IPC Server listener on 44064] INFO  ipc.Server (Server.java:run(1153)) - IPC Server listener on 44064: starting
2019-11-05 17:59:33,567 [Thread-1527] INFO  server.StorageContainerManager (StorageContainerManager.java:start(778)) - ScmDatanodeProtocl RPC server is listening at /0.0.0.0:43702
2019-11-05 17:59:33,567 [Thread-1527] INFO  server.SCMDatanodeProtocolServer (SCMDatanodeProtocolServer.java:start(169)) - RPC server for DataNodes is listening at /0.0.0.0:43702
2019-11-05 17:59:33,568 [IPC Server Responder] INFO  ipc.Server (Server.java:run(1314)) - IPC Server Responder: starting
2019-11-05 17:59:33,568 [IPC Server listener on 43702] INFO  ipc.Server (Server.java:run(1153)) - IPC Server listener on 43702: starting
2019-11-05 17:59:33,570 [Thread-1527] INFO  http.HttpServer2 (HttpServer2.java:bindListener(1191)) - Jetty bound to port 46024
2019-11-05 17:59:33,571 [Thread-1527] INFO  server.Server (Server.java:doStart(351)) - jetty-9.3.25.v20180904, build timestamp: 2018-09-04T21:11:46Z, git hash: 3ce520221d0240229c862b122d2b06c12a625732
2019-11-05 17:59:33,572 [Thread-1527] INFO  handler.ContextHandler (ContextHandler.java:doStart(781)) - Started o.e.j.s.ServletContextHandler@1010c930{/logs,file:///workdir/hadoop-ozone/ozonefs/target/log,AVAILABLE}
2019-11-05 17:59:33,573 [Thread-1527] INFO  handler.ContextHandler (ContextHandler.java:doStart(781)) - Started o.e.j.s.ServletContextHandler@3ddf6cdc{/static,jar:file:/home/user/.m2/repository/org/apache/hadoop/hadoop-hdds-server-scm/0.5.0-SNAPSHOT/hadoop-hdds-server-scm-0.5.0-SNAPSHOT.jar!/webapps/static,AVAILABLE}
2019-11-05 17:59:33,614 [Thread-1527] INFO  handler.ContextHandler (ContextHandler.java:doStart(781)) - Started o.e.j.w.WebAppContext@1abd0779{/,file:///tmp/jetty-0.0.0.0-46024-scm-_-any-1498282628805549657.dir/webapp/,AVAILABLE}{/scm}
2019-11-05 17:59:33,614 [Thread-1527] INFO  server.AbstractConnector (AbstractConnector.java:doStart(278)) - Started ServerConnector@6faa3667{HTTP/1.1,[http/1.1]}{0.0.0.0:46024}
2019-11-05 17:59:33,615 [Thread-1527] INFO  server.Server (Server.java:doStart(419)) - Started @122520ms
2019-11-05 17:59:33,615 [Thread-1527] WARN  impl.MetricsSystemImpl (MetricsSystemImpl.java:register(276)) - Sink prometheus already exists!
2019-11-05 17:59:33,616 [Thread-1527] INFO  server.BaseHttpServer (BaseHttpServer.java:updateConnectorAddress(215)) - HTTP server of SCM is listening at http://0.0.0.0:46024
2019-11-05 17:59:33,616 [Thread-1527] WARN  server.ServerUtils (ServerUtils.java:getDBPath(222)) - ozone.om.db.dirs is not configured. We recommend adding this setting. Falling back to ozone.metadata.dirs instead.
2019-11-05 17:59:33,617 [org.apache.hadoop.util.JvmPauseMonitor$Monitor@6e2674c] INFO  util.JvmPauseMonitor (JvmPauseMonitor.java:run(188)) - Starting JVM pause monitor
2019-11-05 17:59:33,630 [Thread-1527] INFO  ha.OMHANodeDetails (OMHANodeDetails.java:loadOMHAConfig(190)) - Configuration either no ozone.om.address set. Falling back to the default OM address /127.0.0.1:0
2019-11-05 17:59:33,630 [Thread-1527] INFO  ha.OMHANodeDetails (OMHANodeDetails.java:getOMNodeDetails(220)) - OM Service ID is not set. Setting it to the default ID: omServiceIdDefault
2019-11-05 17:59:33,631 [Thread-1527] WARN  server.ServerUtils (ServerUtils.java:getDBPath(222)) - ozone.om.db.dirs is not configured. We recommend adding this setting. Falling back to ozone.metadata.dirs instead.
2019-11-05 17:59:33,631 [Thread-1527] WARN  server.ServerUtils (ServerUtils.java:getDBPath(222)) - ozone.om.db.dirs is not configured. We recommend adding this setting. Falling back to ozone.metadata.dirs instead.
2019-11-05 17:59:33,638 [Thread-1527] WARN  server.ServerUtils (ServerUtils.java:getDBPath(222)) - ozone.om.db.dirs is not configured. We recommend adding this setting. Falling back to ozone.metadata.dirs instead.
2019-11-05 17:59:33,639 [Thread-1527] INFO  db.DBStoreBuilder (DBStoreBuilder.java:addTable(127)) - using custom profile for table: userTable
2019-11-05 17:59:33,639 [Thread-1527] INFO  db.DBStoreBuilder (DBStoreBuilder.java:processTables(183)) - Using default column profile:DBProfile.DISK for Table:userTable
2019-11-05 17:59:33,639 [Thread-1527] INFO  db.DBStoreBuilder (DBStoreBuilder.java:addTable(127)) - using custom profile for table: volumeTable
2019-11-05 17:59:33,639 [Thread-1527] INFO  db.DBStoreBuilder (DBStoreBuilder.java:processTables(183)) - Using default column profile:DBProfile.DISK for Table:volumeTable
2019-11-05 17:59:33,639 [Thread-1527] INFO  db.DBStoreBuilder (DBStoreBuilder.java:addTable(127)) - using custom profile for table: bucketTable
2019-11-05 17:59:33,639 [Thread-1527] INFO  db.DBStoreBuilder (DBStoreBuilder.java:processTables(183)) - Using default column profile:DBProfile.DISK for Table:bucketTable
2019-11-05 17:59:33,640 [Thread-1527] INFO  db.DBStoreBuilder (DBStoreBuilder.java:addTable(127)) - using custom profile for table: keyTable
2019-11-05 17:59:33,640 [Thread-1527] INFO  db.DBStoreBuilder (DBStoreBuilder.java:processTables(183)) - Using default column profile:DBProfile.DISK for Table:keyTable
2019-11-05 17:59:33,640 [Thread-1527] INFO  db.DBStoreBuilder (DBStoreBuilder.java:addTable(127)) - using custom profile for table: deletedTable
2019-11-05 17:59:33,640 [Thread-1527] INFO  db.DBStoreBuilder (DBStoreBuilder.java:processTables(183)) - Using default column profile:DBProfile.DISK for Table:deletedTable
2019-11-05 17:59:33,640 [Thread-1527] INFO  db.DBStoreBuilder (DBStoreBuilder.java:addTable(127)) - using custom profile for table: openKeyTable
2019-11-05 17:59:33,640 [Thread-1527] INFO  db.DBStoreBuilder (DBStoreBuilder.java:processTables(183)) - Using default column profile:DBProfile.DISK for Table:openKeyTable
2019-11-05 17:59:33,640 [Thread-1527] INFO  db.DBStoreBuilder (DBStoreBuilder.java:addTable(127)) - using custom profile for table: s3Table
2019-11-05 17:59:33,640 [Thread-1527] INFO  db.DBStoreBuilder (DBStoreBuilder.java:processTables(183)) - Using default column profile:DBProfile.DISK for Table:s3Table
2019-11-05 17:59:33,640 [Thread-1527] INFO  db.DBStoreBuilder (DBStoreBuilder.java:addTable(127)) - using custom profile for table: multipartInfoTable
2019-11-05 17:59:33,640 [Thread-1527] INFO  db.DBStoreBuilder (DBStoreBuilder.java:processTables(183)) - Using default column profile:DBProfile.DISK for Table:multipartInfoTable
2019-11-05 17:59:33,641 [Thread-1527] INFO  db.DBStoreBuilder (DBStoreBuilder.java:addTable(127)) - using custom profile for table: dTokenTable
2019-11-05 17:59:33,641 [Thread-1527] INFO  db.DBStoreBuilder (DBStoreBuilder.java:processTables(183)) - Using default column profile:DBProfile.DISK for Table:dTokenTable
2019-11-05 17:59:33,641 [Thread-1527] INFO  db.DBStoreBuilder (DBStoreBuilder.java:addTable(127)) - using custom profile for table: s3SecretTable
2019-11-05 17:59:33,641 [Thread-1527] INFO  db.DBStoreBuilder (DBStoreBuilder.java:processTables(183)) - Using default column profile:DBProfile.DISK for Table:s3SecretTable
2019-11-05 17:59:33,641 [Thread-1527] INFO  db.DBStoreBuilder (DBStoreBuilder.java:addTable(127)) - using custom profile for table: prefixTable
2019-11-05 17:59:33,641 [Thread-1527] INFO  db.DBStoreBuilder (DBStoreBuilder.java:processTables(183)) - Using default column profile:DBProfile.DISK for Table:prefixTable
2019-11-05 17:59:33,641 [Thread-1527] INFO  db.DBStoreBuilder (DBStoreBuilder.java:addTable(127)) - using custom profile for table: default
2019-11-05 17:59:33,641 [Thread-1527] INFO  db.DBStoreBuilder (DBStoreBuilder.java:processTables(189)) - Using default column profile:DBProfile.DISK for Table:default
2019-11-05 17:59:33,641 [Thread-1527] INFO  db.DBStoreBuilder (DBStoreBuilder.java:getDbProfile(220)) - Using default options. DBProfile.DISK
2019-11-05 17:59:34,091 [Thread-1527] INFO  ipc.CallQueueManager (CallQueueManager.java:<init>(84)) - Using callQueue: class java.util.concurrent.LinkedBlockingQueue, queueCapacity: 2000, scheduler: class org.apache.hadoop.ipc.DefaultRpcScheduler, ipcBackoff: false.
2019-11-05 17:59:34,092 [Socket Reader #1 for port 43422] INFO  ipc.Server (Server.java:run(1074)) - Starting Socket Reader #1 for port 43422
2019-11-05 17:59:34,116 [Thread-1527] INFO  om.OzoneManager (OzoneManager.java:start(1076)) - OzoneManager RPC server is listening at localhost/127.0.0.1:43422
2019-11-05 17:59:34,117 [Thread-1527] INFO  impl.MetricsSystemImpl (MetricsSystemImpl.java:init(158)) - OzoneManager metrics system started (again)
2019-11-05 17:59:34,118 [IPC Server Responder] INFO  ipc.Server (Server.java:run(1314)) - IPC Server Responder: starting
2019-11-05 17:59:34,119 [IPC Server listener on 43422] INFO  ipc.Server (Server.java:run(1153)) - IPC Server listener on 43422: starting
2019-11-05 17:59:34,123 [Thread-1527] INFO  hdfs.DFSUtil (DFSUtil.java:httpServerTemplateForNNAndJN(1641)) - Starting Web-server for ozoneManager at: http://0.0.0.0:0
2019-11-05 17:59:34,125 [Thread-1527] INFO  server.AuthenticationFilter (AuthenticationFilter.java:constructSecretProvider(240)) - Unable to initialize FileSignerSecretProvider, falling back to use random secrets.
2019-11-05 17:59:34,125 [Thread-1527] WARN  http.HttpRequestLog (HttpRequestLog.java:getRequestLog(97)) - Jetty request log can only be enabled using Log4j
2019-11-05 17:59:34,127 [Thread-1527] INFO  http.HttpServer2 (HttpServer2.java:addGlobalFilter(975)) - Added global filter 'safety' (class=org.apache.hadoop.http.HttpServer2$QuotingInputFilter)
2019-11-05 17:59:34,128 [Thread-1527] INFO  http.HttpServer2 (HttpServer2.java:addFilter(948)) - Added filter static_user_filter (class=org.apache.hadoop.http.lib.StaticUserWebFilter$StaticUserFilter) to context ozoneManager
2019-11-05 17:59:34,128 [Thread-1527] INFO  http.HttpServer2 (HttpServer2.java:addFilter(958)) - Added filter static_user_filter (class=org.apache.hadoop.http.lib.StaticUserWebFilter$StaticUserFilter) to context logs
2019-11-05 17:59:34,129 [Thread-1527] INFO  http.HttpServer2 (HttpServer2.java:addFilter(958)) - Added filter static_user_filter (class=org.apache.hadoop.http.lib.StaticUserWebFilter$StaticUserFilter) to context static
2019-11-05 17:59:34,129 [Thread-1527] INFO  http.HttpServer2 (HttpServer2.java:bindListener(1191)) - Jetty bound to port 35416
2019-11-05 17:59:34,129 [Thread-1527] INFO  server.Server (Server.java:doStart(351)) - jetty-9.3.25.v20180904, build timestamp: 2018-09-04T21:11:46Z, git hash: 3ce520221d0240229c862b122d2b06c12a625732
2019-11-05 17:59:34,131 [Thread-1527] INFO  handler.ContextHandler (ContextHandler.java:doStart(781)) - Started o.e.j.s.ServletContextHandler@5cd97bb4{/logs,file:///workdir/hadoop-ozone/ozonefs/target/log,AVAILABLE}
2019-11-05 17:59:34,131 [Thread-1527] INFO  handler.ContextHandler (ContextHandler.java:doStart(781)) - Started o.e.j.s.ServletContextHandler@60125e1c{/static,jar:file:/home/user/.m2/repository/org/apache/hadoop/hadoop-ozone-ozone-manager/0.5.0-SNAPSHOT/hadoop-ozone-ozone-manager-0.5.0-SNAPSHOT.jar!/webapps/static,AVAILABLE}
2019-11-05 17:59:34,177 [Thread-1527] INFO  handler.ContextHandler (ContextHandler.java:doStart(781)) - Started o.e.j.w.WebAppContext@258541d7{/,file:///tmp/jetty-0.0.0.0-35416-ozoneManager-_-any-5415044992845945838.dir/webapp/,AVAILABLE}{/ozoneManager}
2019-11-05 17:59:34,178 [Thread-1527] INFO  server.AbstractConnector (AbstractConnector.java:doStart(278)) - Started ServerConnector@1f5170e8{HTTP/1.1,[http/1.1]}{0.0.0.0:35416}
2019-11-05 17:59:34,178 [Thread-1527] INFO  server.Server (Server.java:doStart(419)) - Started @123083ms
2019-11-05 17:59:34,178 [Thread-1527] WARN  impl.MetricsSystemImpl (MetricsSystemImpl.java:register(276)) - Sink prometheus already exists!
2019-11-05 17:59:34,179 [Thread-1527] INFO  server.BaseHttpServer (BaseHttpServer.java:updateConnectorAddress(215)) - HTTP server of OZONEMANAGER is listening at http://0.0.0.0:35416
2019-11-05 17:59:34,188 [Thread-1527] INFO  impl.MetricsSystemImpl (MetricsSystemImpl.java:init(158)) - HddsDatanode metrics system started (again)
2019-11-05 17:59:34,190 [Thread-1527] INFO  ozone.HddsDatanodeService (HddsDatanodeService.java:start(183)) - HddsDatanodeService host:pr-hdds-1987-wwl9f-3612113445 ip:192.168.34.20
2019-11-05 17:59:34,196 [Thread-1527] INFO  volume.HddsVolume (HddsVolume.java:<init>(176)) - Creating Volume: /workdir/hadoop-ozone/ozonefs/target/test-dir/MiniOzoneClusterImpl-9778f43b-98ea-4b5e-871d-5b012366ef9d/datanode-0/data/containers/hdds of  storage type : DISK and capacity : 1482555576320
2019-11-05 17:59:34,197 [Thread-1527] INFO  volume.VolumeSet (VolumeSet.java:initializeVolumeSet(170)) - Added Volume : /workdir/hadoop-ozone/ozonefs/target/test-dir/MiniOzoneClusterImpl-9778f43b-98ea-4b5e-871d-5b012366ef9d/datanode-0/data/containers/hdds to VolumeSet
2019-11-05 17:59:34,197 [Thread-1527] INFO  volume.ThrottledAsyncChecker (ThrottledAsyncChecker.java:schedule(141)) - Scheduling a check for /workdir/hadoop-ozone/ozonefs/target/test-dir/MiniOzoneClusterImpl-9778f43b-98ea-4b5e-871d-5b012366ef9d/datanode-0/data/containers/hdds
2019-11-05 17:59:34,197 [Thread-1527] INFO  volume.HddsVolumeChecker (HddsVolumeChecker.java:checkAllVolumes(204)) - Scheduled health check for volume /workdir/hadoop-ozone/ozonefs/target/test-dir/MiniOzoneClusterImpl-9778f43b-98ea-4b5e-871d-5b012366ef9d/datanode-0/data/containers/hdds
2019-11-05 17:59:34,217 [Thread-1527] INFO  impl.RaftServerProxy (ConfUtils.java:logGet(43)) - raft.rpc.type = GRPC (default)
2019-11-05 17:59:34,218 [Thread-1527] INFO  grpc.GrpcFactory (GrpcFactory.java:checkPooledByteBufAllocatorUseCacheForAllThreads(45)) - PERFORMANCE WARNING: useCacheForAllThreads is true that may cause Netty to create a lot garbage objects and, as a result, trigger GC.
	It is recommended to disable useCacheForAllThreads by setting -Dorg.apache.ratis.thirdparty.io.netty.allocator.useCacheForAllThreads=false in command line.
2019-11-05 17:59:34,218 [Thread-1527] INFO  grpc.GrpcConfigKeys$Server (ConfUtils.java:logGet(43)) - raft.grpc.server.port = 0 (default)
2019-11-05 17:59:34,218 [Thread-1527] INFO  server.GrpcService (ConfUtils.java:logGet(43)) - raft.grpc.message.size.max = 33570816 (custom)
2019-11-05 17:59:34,218 [Thread-1527] INFO  server.RaftServerConfigKeys (ConfUtils.java:logGet(43)) - raft.server.log.appender.buffer.byte-limit = 33554432 (custom)
2019-11-05 17:59:34,218 [Thread-1527] INFO  server.GrpcService (ConfUtils.java:logGet(43)) - raft.grpc.flow.control.window = 1MB (=1048576) (default)
2019-11-05 17:59:34,218 [Thread-1527] INFO  server.RaftServerConfigKeys (ConfUtils.java:logGet(43)) - raft.server.rpc.request.timeout = 3000ms (default)
2019-11-05 17:59:34,219 [Thread-1527] INFO  server.RaftServerConfigKeys (ConfUtils.java:logGet(43)) - raft.server.storage.dir = [/workdir/hadoop-ozone/ozonefs/target/test-dir/MiniOzoneClusterImpl-9778f43b-98ea-4b5e-871d-5b012366ef9d/datanode-0/data/ratis] (custom)
2019-11-05 17:59:34,221 [Thread-1527] INFO  hdfs.DFSUtil (DFSUtil.java:httpServerTemplateForNNAndJN(1641)) - Starting Web-server for hddsDatanode at: http://0.0.0.0:0
2019-11-05 17:59:34,222 [Thread-1527] INFO  server.AuthenticationFilter (AuthenticationFilter.java:constructSecretProvider(240)) - Unable to initialize FileSignerSecretProvider, falling back to use random secrets.
2019-11-05 17:59:34,222 [Thread-1527] WARN  http.HttpRequestLog (HttpRequestLog.java:getRequestLog(97)) - Jetty request log can only be enabled using Log4j
2019-11-05 17:59:34,225 [Thread-1527] INFO  http.HttpServer2 (HttpServer2.java:addGlobalFilter(975)) - Added global filter 'safety' (class=org.apache.hadoop.http.HttpServer2$QuotingInputFilter)
2019-11-05 17:59:34,225 [Thread-1527] INFO  http.HttpServer2 (HttpServer2.java:addFilter(948)) - Added filter static_user_filter (class=org.apache.hadoop.http.lib.StaticUserWebFilter$StaticUserFilter) to context hddsDatanode
2019-11-05 17:59:34,226 [Thread-1527] INFO  http.HttpServer2 (HttpServer2.java:addFilter(958)) - Added filter static_user_filter (class=org.apache.hadoop.http.lib.StaticUserWebFilter$StaticUserFilter) to context logs
2019-11-05 17:59:34,226 [Thread-1527] INFO  http.HttpServer2 (HttpServer2.java:addFilter(958)) - Added filter static_user_filter (class=org.apache.hadoop.http.lib.StaticUserWebFilter$StaticUserFilter) to context static
2019-11-05 17:59:34,226 [Thread-1527] INFO  http.HttpServer2 (HttpServer2.java:bindListener(1191)) - Jetty bound to port 46567
2019-11-05 17:59:34,226 [Thread-1527] INFO  server.Server (Server.java:doStart(351)) - jetty-9.3.25.v20180904, build timestamp: 2018-09-04T21:11:46Z, git hash: 3ce520221d0240229c862b122d2b06c12a625732
2019-11-05 17:59:34,228 [Thread-1527] INFO  handler.ContextHandler (ContextHandler.java:doStart(781)) - Started o.e.j.s.ServletContextHandler@3e596ec1{/logs,file:///workdir/hadoop-ozone/ozonefs/target/log,AVAILABLE}
2019-11-05 17:59:34,228 [Thread-1527] INFO  handler.ContextHandler (ContextHandler.java:doStart(781)) - Started o.e.j.s.ServletContextHandler@7a505cf8{/static,jar:file:/home/user/.m2/repository/org/apache/hadoop/hadoop-hdds-container-service/0.5.0-SNAPSHOT/hadoop-hdds-container-service-0.5.0-SNAPSHOT.jar!/webapps/static,AVAILABLE}
2019-11-05 17:59:34,257 [Thread-1527] INFO  handler.ContextHandler (ContextHandler.java:doStart(781)) - Started o.e.j.w.WebAppContext@1bf6c7b1{/,file:///tmp/jetty-0.0.0.0-46567-hddsDatanode-_-any-2964235446062506738.dir/webapp/,AVAILABLE}{/hddsDatanode}
2019-11-05 17:59:34,257 [Thread-1527] INFO  server.AbstractConnector (AbstractConnector.java:doStart(278)) - Started ServerConnector@2a21ff92{HTTP/1.1,[http/1.1]}{0.0.0.0:46567}
2019-11-05 17:59:34,258 [Thread-1527] INFO  server.Server (Server.java:doStart(419)) - Started @123164ms
2019-11-05 17:59:34,258 [Thread-1527] WARN  impl.MetricsSystemImpl (MetricsSystemImpl.java:register(276)) - Sink prometheus already exists!
2019-11-05 17:59:34,259 [Thread-1527] INFO  server.BaseHttpServer (BaseHttpServer.java:updateConnectorAddress(215)) - HTTP server of HDDSDATANODE is listening at http://0.0.0.0:46567
2019-11-05 17:59:34,260 [Thread-1527] INFO  impl.MetricsSystemImpl (MetricsSystemImpl.java:init(158)) - HddsDatanode metrics system started (again)
2019-11-05 17:59:34,262 [org.apache.hadoop.util.JvmPauseMonitor$Monitor@456b127f] INFO  util.JvmPauseMonitor (JvmPauseMonitor.java:run(188)) - Starting JVM pause monitor
2019-11-05 17:59:34,263 [Thread-1527] INFO  ozone.HddsDatanodeService (HddsDatanodeService.java:start(183)) - HddsDatanodeService host:pr-hdds-1987-wwl9f-3612113445 ip:192.168.34.20
2019-11-05 17:59:34,264 [Datanode State Machine Thread - 0] INFO  datanode.InitDatanodeState (InitDatanodeState.java:persistContainerDatanodeDetails(140)) - DatanodeDetails is persisted to /workdir/hadoop-ozone/ozonefs/target/test-dir/MiniOzoneClusterImpl-9778f43b-98ea-4b5e-871d-5b012366ef9d/datanode-0/meta/datanode.id
2019-11-05 17:59:34,270 [Thread-1527] INFO  volume.HddsVolume (HddsVolume.java:<init>(176)) - Creating Volume: /workdir/hadoop-ozone/ozonefs/target/test-dir/MiniOzoneClusterImpl-9778f43b-98ea-4b5e-871d-5b012366ef9d/datanode-1/data/containers/hdds of  storage type : DISK and capacity : 1482555576320
2019-11-05 17:59:34,270 [Thread-1527] INFO  volume.VolumeSet (VolumeSet.java:initializeVolumeSet(170)) - Added Volume : /workdir/hadoop-ozone/ozonefs/target/test-dir/MiniOzoneClusterImpl-9778f43b-98ea-4b5e-871d-5b012366ef9d/datanode-1/data/containers/hdds to VolumeSet
2019-11-05 17:59:34,270 [Thread-1527] INFO  volume.ThrottledAsyncChecker (ThrottledAsyncChecker.java:schedule(141)) - Scheduling a check for /workdir/hadoop-ozone/ozonefs/target/test-dir/MiniOzoneClusterImpl-9778f43b-98ea-4b5e-871d-5b012366ef9d/datanode-1/data/containers/hdds
2019-11-05 17:59:34,271 [Thread-1527] INFO  volume.HddsVolumeChecker (HddsVolumeChecker.java:checkAllVolumes(204)) - Scheduled health check for volume /workdir/hadoop-ozone/ozonefs/target/test-dir/MiniOzoneClusterImpl-9778f43b-98ea-4b5e-871d-5b012366ef9d/datanode-1/data/containers/hdds
2019-11-05 17:59:34,299 [Thread-1527] INFO  impl.RaftServerProxy (ConfUtils.java:logGet(43)) - raft.rpc.type = GRPC (default)
2019-11-05 17:59:34,299 [Thread-1527] INFO  grpc.GrpcFactory (GrpcFactory.java:checkPooledByteBufAllocatorUseCacheForAllThreads(45)) - PERFORMANCE WARNING: useCacheForAllThreads is true that may cause Netty to create a lot garbage objects and, as a result, trigger GC.
	It is recommended to disable useCacheForAllThreads by setting -Dorg.apache.ratis.thirdparty.io.netty.allocator.useCacheForAllThreads=false in command line.
2019-11-05 17:59:34,299 [Thread-1527] INFO  grpc.GrpcConfigKeys$Server (ConfUtils.java:logGet(43)) - raft.grpc.server.port = 0 (default)
2019-11-05 17:59:34,300 [Thread-1527] INFO  server.GrpcService (ConfUtils.java:logGet(43)) - raft.grpc.message.size.max = 33570816 (custom)
2019-11-05 17:59:34,300 [Thread-1527] INFO  server.RaftServerConfigKeys (ConfUtils.java:logGet(43)) - raft.server.log.appender.buffer.byte-limit = 33554432 (custom)
2019-11-05 17:59:34,300 [Thread-1527] INFO  server.GrpcService (ConfUtils.java:logGet(43)) - raft.grpc.flow.control.window = 1MB (=1048576) (default)
2019-11-05 17:59:34,300 [Thread-1527] INFO  server.RaftServerConfigKeys (ConfUtils.java:logGet(43)) - raft.server.rpc.request.timeout = 3000ms (default)
2019-11-05 17:59:34,301 [Thread-1527] INFO  server.RaftServerConfigKeys (ConfUtils.java:logGet(43)) - raft.server.storage.dir = [/workdir/hadoop-ozone/ozonefs/target/test-dir/MiniOzoneClusterImpl-9778f43b-98ea-4b5e-871d-5b012366ef9d/datanode-1/data/ratis] (custom)
2019-11-05 17:59:34,303 [Thread-1527] INFO  hdfs.DFSUtil (DFSUtil.java:httpServerTemplateForNNAndJN(1641)) - Starting Web-server for hddsDatanode at: http://0.0.0.0:0
2019-11-05 17:59:34,305 [Thread-1527] INFO  server.AuthenticationFilter (AuthenticationFilter.java:constructSecretProvider(240)) - Unable to initialize FileSignerSecretProvider, falling back to use random secrets.
2019-11-05 17:59:34,306 [Thread-1527] WARN  http.HttpRequestLog (HttpRequestLog.java:getRequestLog(97)) - Jetty request log can only be enabled using Log4j
2019-11-05 17:59:34,308 [Thread-1527] INFO  http.HttpServer2 (HttpServer2.java:addGlobalFilter(975)) - Added global filter 'safety' (class=org.apache.hadoop.http.HttpServer2$QuotingInputFilter)
2019-11-05 17:59:34,309 [Thread-1527] INFO  http.HttpServer2 (HttpServer2.java:addFilter(948)) - Added filter static_user_filter (class=org.apache.hadoop.http.lib.StaticUserWebFilter$StaticUserFilter) to context hddsDatanode
2019-11-05 17:59:34,309 [Thread-1527] INFO  http.HttpServer2 (HttpServer2.java:addFilter(958)) - Added filter static_user_filter (class=org.apache.hadoop.http.lib.StaticUserWebFilter$StaticUserFilter) to context static
2019-11-05 17:59:34,309 [Thread-1527] INFO  http.HttpServer2 (HttpServer2.java:addFilter(958)) - Added filter static_user_filter (class=org.apache.hadoop.http.lib.StaticUserWebFilter$StaticUserFilter) to context logs
2019-11-05 17:59:34,309 [Thread-1527] INFO  http.HttpServer2 (HttpServer2.java:bindListener(1191)) - Jetty bound to port 41329
2019-11-05 17:59:34,310 [Thread-1527] INFO  server.Server (Server.java:doStart(351)) - jetty-9.3.25.v20180904, build timestamp: 2018-09-04T21:11:46Z, git hash: 3ce520221d0240229c862b122d2b06c12a625732
2019-11-05 17:59:34,311 [Thread-1527] INFO  handler.ContextHandler (ContextHandler.java:doStart(781)) - Started o.e.j.s.ServletContextHandler@53e4d16c{/logs,file:///workdir/hadoop-ozone/ozonefs/target/log,AVAILABLE}
2019-11-05 17:59:34,311 [Thread-1527] INFO  handler.ContextHandler (ContextHandler.java:doStart(781)) - Started o.e.j.s.ServletContextHandler@720b3e5a{/static,jar:file:/home/user/.m2/repository/org/apache/hadoop/hadoop-hdds-container-service/0.5.0-SNAPSHOT/hadoop-hdds-container-service-0.5.0-SNAPSHOT.jar!/webapps/static,AVAILABLE}
2019-11-05 17:59:34,337 [Thread-1527] INFO  handler.ContextHandler (ContextHandler.java:doStart(781)) - Started o.e.j.w.WebAppContext@42f383ad{/,file:///tmp/jetty-0.0.0.0-41329-hddsDatanode-_-any-4564980908702085828.dir/webapp/,AVAILABLE}{/hddsDatanode}
2019-11-05 17:59:34,337 [Thread-1527] INFO  server.AbstractConnector (AbstractConnector.java:doStart(278)) - Started ServerConnector@456c9b15{HTTP/1.1,[http/1.1]}{0.0.0.0:41329}
2019-11-05 17:59:34,338 [Thread-1527] INFO  server.Server (Server.java:doStart(419)) - Started @123243ms
2019-11-05 17:59:34,338 [Thread-1527] WARN  impl.MetricsSystemImpl (MetricsSystemImpl.java:register(276)) - Sink prometheus already exists!
2019-11-05 17:59:34,339 [Thread-1527] INFO  server.BaseHttpServer (BaseHttpServer.java:updateConnectorAddress(215)) - HTTP server of HDDSDATANODE is listening at http://0.0.0.0:41329
2019-11-05 17:59:34,339 [Thread-1527] INFO  impl.MetricsSystemImpl (MetricsSystemImpl.java:init(158)) - HddsDatanode metrics system started (again)
2019-11-05 17:59:34,341 [org.apache.hadoop.util.JvmPauseMonitor$Monitor@60383f76] INFO  util.JvmPauseMonitor (JvmPauseMonitor.java:run(188)) - Starting JVM pause monitor
2019-11-05 17:59:34,342 [Thread-1527] INFO  ozone.HddsDatanodeService (HddsDatanodeService.java:start(183)) - HddsDatanodeService host:pr-hdds-1987-wwl9f-3612113445 ip:192.168.34.20
2019-11-05 17:59:34,343 [Datanode State Machine Thread - 0] INFO  datanode.InitDatanodeState (InitDatanodeState.java:persistContainerDatanodeDetails(140)) - DatanodeDetails is persisted to /workdir/hadoop-ozone/ozonefs/target/test-dir/MiniOzoneClusterImpl-9778f43b-98ea-4b5e-871d-5b012366ef9d/datanode-1/meta/datanode.id
2019-11-05 17:59:34,348 [Thread-1527] INFO  volume.HddsVolume (HddsVolume.java:<init>(176)) - Creating Volume: /workdir/hadoop-ozone/ozonefs/target/test-dir/MiniOzoneClusterImpl-9778f43b-98ea-4b5e-871d-5b012366ef9d/datanode-2/data/containers/hdds of  storage type : DISK and capacity : 1482555576320
2019-11-05 17:59:34,349 [Thread-1527] INFO  volume.VolumeSet (VolumeSet.java:initializeVolumeSet(170)) - Added Volume : /workdir/hadoop-ozone/ozonefs/target/test-dir/MiniOzoneClusterImpl-9778f43b-98ea-4b5e-871d-5b012366ef9d/datanode-2/data/containers/hdds to VolumeSet
2019-11-05 17:59:34,349 [Thread-1527] INFO  volume.ThrottledAsyncChecker (ThrottledAsyncChecker.java:schedule(141)) - Scheduling a check for /workdir/hadoop-ozone/ozonefs/target/test-dir/MiniOzoneClusterImpl-9778f43b-98ea-4b5e-871d-5b012366ef9d/datanode-2/data/containers/hdds
2019-11-05 17:59:34,349 [Thread-1527] INFO  volume.HddsVolumeChecker (HddsVolumeChecker.java:checkAllVolumes(204)) - Scheduled health check for volume /workdir/hadoop-ozone/ozonefs/target/test-dir/MiniOzoneClusterImpl-9778f43b-98ea-4b5e-871d-5b012366ef9d/datanode-2/data/containers/hdds
2019-11-05 17:59:34,375 [Thread-1527] INFO  impl.RaftServerProxy (ConfUtils.java:logGet(43)) - raft.rpc.type = GRPC (default)
2019-11-05 17:59:34,375 [Thread-1527] INFO  grpc.GrpcFactory (GrpcFactory.java:checkPooledByteBufAllocatorUseCacheForAllThreads(45)) - PERFORMANCE WARNING: useCacheForAllThreads is true that may cause Netty to create a lot garbage objects and, as a result, trigger GC.
	It is recommended to disable useCacheForAllThreads by setting -Dorg.apache.ratis.thirdparty.io.netty.allocator.useCacheForAllThreads=false in command line.
2019-11-05 17:59:34,375 [Thread-1527] INFO  grpc.GrpcConfigKeys$Server (ConfUtils.java:logGet(43)) - raft.grpc.server.port = 0 (default)
2019-11-05 17:59:34,375 [Thread-1527] INFO  server.GrpcService (ConfUtils.java:logGet(43)) - raft.grpc.message.size.max = 33570816 (custom)
2019-11-05 17:59:34,376 [Thread-1527] INFO  server.RaftServerConfigKeys (ConfUtils.java:logGet(43)) - raft.server.log.appender.buffer.byte-limit = 33554432 (custom)
2019-11-05 17:59:34,376 [Thread-1527] INFO  server.GrpcService (ConfUtils.java:logGet(43)) - raft.grpc.flow.control.window = 1MB (=1048576) (default)
2019-11-05 17:59:34,376 [Thread-1527] INFO  server.RaftServerConfigKeys (ConfUtils.java:logGet(43)) - raft.server.rpc.request.timeout = 3000ms (default)
2019-11-05 17:59:34,377 [Thread-1527] INFO  server.RaftServerConfigKeys (ConfUtils.java:logGet(43)) - raft.server.storage.dir = [/workdir/hadoop-ozone/ozonefs/target/test-dir/MiniOzoneClusterImpl-9778f43b-98ea-4b5e-871d-5b012366ef9d/datanode-2/data/ratis] (custom)
2019-11-05 17:59:34,379 [Thread-1527] INFO  hdfs.DFSUtil (DFSUtil.java:httpServerTemplateForNNAndJN(1641)) - Starting Web-server for hddsDatanode at: http://0.0.0.0:0
2019-11-05 17:59:34,381 [Thread-1527] INFO  server.AuthenticationFilter (AuthenticationFilter.java:constructSecretProvider(240)) - Unable to initialize FileSignerSecretProvider, falling back to use random secrets.
2019-11-05 17:59:34,382 [Thread-1527] WARN  http.HttpRequestLog (HttpRequestLog.java:getRequestLog(97)) - Jetty request log can only be enabled using Log4j
2019-11-05 17:59:34,384 [Thread-1527] INFO  http.HttpServer2 (HttpServer2.java:addGlobalFilter(975)) - Added global filter 'safety' (class=org.apache.hadoop.http.HttpServer2$QuotingInputFilter)
2019-11-05 17:59:34,385 [Thread-1527] INFO  http.HttpServer2 (HttpServer2.java:addFilter(948)) - Added filter static_user_filter (class=org.apache.hadoop.http.lib.StaticUserWebFilter$StaticUserFilter) to context hddsDatanode
2019-11-05 17:59:34,385 [Thread-1527] INFO  http.HttpServer2 (HttpServer2.java:addFilter(958)) - Added filter static_user_filter (class=org.apache.hadoop.http.lib.StaticUserWebFilter$StaticUserFilter) to context static
2019-11-05 17:59:34,385 [Thread-1527] INFO  http.HttpServer2 (HttpServer2.java:addFilter(958)) - Added filter static_user_filter (class=org.apache.hadoop.http.lib.StaticUserWebFilter$StaticUserFilter) to context logs
2019-11-05 17:59:34,386 [Thread-1527] INFO  http.HttpServer2 (HttpServer2.java:bindListener(1191)) - Jetty bound to port 43930
2019-11-05 17:59:34,386 [Thread-1527] INFO  server.Server (Server.java:doStart(351)) - jetty-9.3.25.v20180904, build timestamp: 2018-09-04T21:11:46Z, git hash: 3ce520221d0240229c862b122d2b06c12a625732
2019-11-05 17:59:34,388 [Thread-1527] INFO  handler.ContextHandler (ContextHandler.java:doStart(781)) - Started o.e.j.s.ServletContextHandler@72f97027{/logs,file:///workdir/hadoop-ozone/ozonefs/target/log,AVAILABLE}
2019-11-05 17:59:34,388 [Thread-1527] INFO  handler.ContextHandler (ContextHandler.java:doStart(781)) - Started o.e.j.s.ServletContextHandler@3d8b1396{/static,jar:file:/home/user/.m2/repository/org/apache/hadoop/hadoop-hdds-container-service/0.5.0-SNAPSHOT/hadoop-hdds-container-service-0.5.0-SNAPSHOT.jar!/webapps/static,AVAILABLE}
2019-11-05 17:59:34,417 [Thread-1527] INFO  handler.ContextHandler (ContextHandler.java:doStart(781)) - Started o.e.j.w.WebAppContext@5196d789{/,file:///tmp/jetty-0.0.0.0-43930-hddsDatanode-_-any-7267398512369668048.dir/webapp/,AVAILABLE}{/hddsDatanode}
2019-11-05 17:59:34,418 [Thread-1527] INFO  server.AbstractConnector (AbstractConnector.java:doStart(278)) - Started ServerConnector@3af2276d{HTTP/1.1,[http/1.1]}{0.0.0.0:43930}
2019-11-05 17:59:34,419 [Thread-1527] INFO  server.Server (Server.java:doStart(419)) - Started @123324ms
2019-11-05 17:59:34,419 [Thread-1527] WARN  impl.MetricsSystemImpl (MetricsSystemImpl.java:register(276)) - Sink prometheus already exists!
2019-11-05 17:59:34,420 [Thread-1527] INFO  server.BaseHttpServer (BaseHttpServer.java:updateConnectorAddress(215)) - HTTP server of HDDSDATANODE is listening at http://0.0.0.0:43930
2019-11-05 17:59:34,420 [Thread-1527] INFO  ozone.MiniOzoneClusterImpl (MiniOzoneClusterImpl.java:lambda$waitForClusterToBeReady$0(147)) - Waiting for cluster to be ready. Got 0 of 3 DN Heartbeats.
2019-11-05 17:59:34,421 [org.apache.hadoop.util.JvmPauseMonitor$Monitor@35aaced7] INFO  util.JvmPauseMonitor (JvmPauseMonitor.java:run(188)) - Starting JVM pause monitor
2019-11-05 17:59:34,422 [Datanode State Machine Thread - 0] INFO  datanode.InitDatanodeState (InitDatanodeState.java:persistContainerDatanodeDetails(140)) - DatanodeDetails is persisted to /workdir/hadoop-ozone/ozonefs/target/test-dir/MiniOzoneClusterImpl-9778f43b-98ea-4b5e-871d-5b012366ef9d/datanode-2/meta/datanode.id
2019-11-05 17:59:35,420 [Thread-1527] INFO  ozone.MiniOzoneClusterImpl (MiniOzoneClusterImpl.java:lambda$waitForClusterToBeReady$0(147)) - Waiting for cluster to be ready. Got 0 of 3 DN Heartbeats.
2019-11-05 17:59:36,294 [Datanode State Machine Thread - 0] INFO  ozoneimpl.OzoneContainer (OzoneContainer.java:start(213)) - Attempting to start container services.
2019-11-05 17:59:36,295 [Datanode State Machine Thread - 0] INFO  ozoneimpl.OzoneContainer (OzoneContainer.java:startContainerScrub(177)) - Background container scanner has been disabled.
2019-11-05 17:59:36,295 [Datanode State Machine Thread - 0] INFO  ratis.XceiverServerRatis (XceiverServerRatis.java:start(418)) - Starting XceiverServerRatis e1680d33-177b-4bb4-917e-90597657b2e0 at port 0
2019-11-05 17:59:36,304 [Datanode State Machine Thread - 0] INFO  impl.RaftServerProxy (RaftServerProxy.java:lambda$start$3(299)) - e1680d33-177b-4bb4-917e-90597657b2e0: start RPC server
2019-11-05 17:59:36,307 [Datanode State Machine Thread - 0] INFO  server.GrpcService (GrpcService.java:startImpl(158)) - e1680d33-177b-4bb4-917e-90597657b2e0: GrpcService started, listening on 0.0.0.0/0.0.0.0:43081
2019-11-05 17:59:36,307 [Datanode State Machine Thread - 0] INFO  ratis.XceiverServerRatis (XceiverServerRatis.java:start(428)) - XceiverServerRatis e1680d33-177b-4bb4-917e-90597657b2e0 is started using port 43081
2019-11-05 17:59:36,307 [Datanode State Machine Thread - 0] INFO  server.XceiverServerGrpc (XceiverServerGrpc.java:start(149)) - XceiverServerGrpc e1680d33-177b-4bb4-917e-90597657b2e0 is started using port 36025
2019-11-05 17:59:36,358 [Datanode State Machine Thread - 0] INFO  ozoneimpl.OzoneContainer (OzoneContainer.java:start(213)) - Attempting to start container services.
2019-11-05 17:59:36,359 [Datanode State Machine Thread - 0] INFO  ozoneimpl.OzoneContainer (OzoneContainer.java:startContainerScrub(177)) - Background container scanner has been disabled.
2019-11-05 17:59:36,359 [Datanode State Machine Thread - 0] INFO  ratis.XceiverServerRatis (XceiverServerRatis.java:start(418)) - Starting XceiverServerRatis 02f37fe2-fe34-4fe4-ac70-a7c31e6a188f at port 0
2019-11-05 17:59:36,367 [Datanode State Machine Thread - 0] INFO  impl.RaftServerProxy (RaftServerProxy.java:lambda$start$3(299)) - 02f37fe2-fe34-4fe4-ac70-a7c31e6a188f: start RPC server
2019-11-05 17:59:36,369 [Datanode State Machine Thread - 0] INFO  server.GrpcService (GrpcService.java:startImpl(158)) - 02f37fe2-fe34-4fe4-ac70-a7c31e6a188f: GrpcService started, listening on 0.0.0.0/0.0.0.0:33800
2019-11-05 17:59:36,369 [Datanode State Machine Thread - 0] INFO  ratis.XceiverServerRatis (XceiverServerRatis.java:start(428)) - XceiverServerRatis 02f37fe2-fe34-4fe4-ac70-a7c31e6a188f is started using port 33800
2019-11-05 17:59:36,369 [Datanode State Machine Thread - 0] INFO  server.XceiverServerGrpc (XceiverServerGrpc.java:start(149)) - XceiverServerGrpc 02f37fe2-fe34-4fe4-ac70-a7c31e6a188f is started using port 38308
2019-11-05 17:59:36,421 [Thread-1527] INFO  ozone.MiniOzoneClusterImpl (MiniOzoneClusterImpl.java:lambda$waitForClusterToBeReady$0(147)) - Waiting for cluster to be ready. Got 0 of 3 DN Heartbeats.
2019-11-05 17:59:36,428 [Datanode State Machine Thread - 0] INFO  ozoneimpl.OzoneContainer (OzoneContainer.java:start(213)) - Attempting to start container services.
2019-11-05 17:59:36,428 [Datanode State Machine Thread - 0] INFO  ozoneimpl.OzoneContainer (OzoneContainer.java:startContainerScrub(177)) - Background container scanner has been disabled.
2019-11-05 17:59:36,428 [Datanode State Machine Thread - 0] INFO  ratis.XceiverServerRatis (XceiverServerRatis.java:start(418)) - Starting XceiverServerRatis ea459e14-13c3-43be-966a-4b2c38b3bcf1 at port 0
2019-11-05 17:59:36,437 [Datanode State Machine Thread - 0] INFO  impl.RaftServerProxy (RaftServerProxy.java:lambda$start$3(299)) - ea459e14-13c3-43be-966a-4b2c38b3bcf1: start RPC server
2019-11-05 17:59:36,438 [Datanode State Machine Thread - 0] INFO  server.GrpcService (GrpcService.java:startImpl(158)) - ea459e14-13c3-43be-966a-4b2c38b3bcf1: GrpcService started, listening on 0.0.0.0/0.0.0.0:35904
2019-11-05 17:59:36,438 [Datanode State Machine Thread - 0] INFO  ratis.XceiverServerRatis (XceiverServerRatis.java:start(428)) - XceiverServerRatis ea459e14-13c3-43be-966a-4b2c38b3bcf1 is started using port 35904
2019-11-05 17:59:36,439 [Datanode State Machine Thread - 0] INFO  server.XceiverServerGrpc (XceiverServerGrpc.java:start(149)) - XceiverServerGrpc ea459e14-13c3-43be-966a-4b2c38b3bcf1 is started using port 41979
2019-11-05 17:59:37,421 [Thread-1527] INFO  ozone.MiniOzoneClusterImpl (MiniOzoneClusterImpl.java:lambda$waitForClusterToBeReady$0(147)) - Waiting for cluster to be ready. Got 0 of 3 DN Heartbeats.
2019-11-05 17:59:38,271 [IPC Server handler 0 on 43702] INFO  net.NetworkTopology (NetworkTopologyImpl.java:add(111)) - Added a new node: /default-rack/e1680d33-177b-4bb4-917e-90597657b2e0
2019-11-05 17:59:38,273 [IPC Server handler 0 on 43702] INFO  node.SCMNodeManager (SCMNodeManager.java:register(267)) - Registered Data node : e1680d33-177b-4bb4-917e-90597657b2e0{ip: 192.168.34.20, host: pr-hdds-1987-wwl9f-3612113445, networkLocation: /default-rack, certSerialId: null}
2019-11-05 17:59:38,274 [EventQueue-NodeRegistrationContainerReportForDataNodeSafeModeRule] INFO  safemode.SCMSafeModeManager (DataNodeSafeModeRule.java:process(71)) - SCM in safe mode. 1 DataNodes registered, 1 required.
2019-11-05 17:59:38,275 [EventQueue-NodeRegistrationContainerReportForDataNodeSafeModeRule] INFO  safemode.SCMSafeModeManager (SCMSafeModeManager.java:validateSafeModeExitRules(177)) - ScmSafeModeManager, all rules are successfully validated
2019-11-05 17:59:38,275 [EventQueue-NodeRegistrationContainerReportForDataNodeSafeModeRule] INFO  safemode.SCMSafeModeManager (SCMSafeModeManager.java:exitSafeMode(193)) - SCM exiting safe mode.
2019-11-05 17:59:38,295 [grpc-default-executor-0] INFO  impl.RaftServerProxy (RaftServerProxy.java:addNew(89)) - e1680d33-177b-4bb4-917e-90597657b2e0: addNew group-47CC94F5E9F2:[e1680d33-177b-4bb4-917e-90597657b2e0:192.168.34.20:43081] returns group-47CC94F5E9F2:java.util.concurrent.CompletableFuture@3ed9eace[Not completed]
2019-11-05 17:59:38,297 [pool-377-thread-1] INFO  impl.RaftServerImpl (RaftServerImpl.java:<init>(98)) - e1680d33-177b-4bb4-917e-90597657b2e0: new RaftServerImpl for group-47CC94F5E9F2:[e1680d33-177b-4bb4-917e-90597657b2e0:192.168.34.20:43081] with ContainerStateMachine:uninitialized
2019-11-05 17:59:38,298 [pool-377-thread-1] INFO  server.RaftServerConfigKeys (ConfUtils.java:logGet(43)) - raft.server.rpc.timeout.min = 5s (custom)
2019-11-05 17:59:38,298 [pool-377-thread-1] INFO  server.RaftServerConfigKeys (ConfUtils.java:logGet(43)) - raft.server.rpc.timeout.max = 5200ms (custom)
2019-11-05 17:59:38,298 [pool-377-thread-1] INFO  server.RaftServerConfigKeys (ConfUtils.java:logGet(43)) - raft.server.rpcslowness.timeout = 120s (custom)
2019-11-05 17:59:38,298 [pool-377-thread-1] INFO  server.RaftServerConfigKeys (ConfUtils.java:logGet(43)) - raft.server.sleep.deviation.threshold = 300 (default)
2019-11-05 17:59:38,298 [pool-377-thread-1] INFO  server.RaftServerConfigKeys (ConfUtils.java:logGet(43)) - raft.server.log.appender.install.snapshot.enabled = false (custom)
2019-11-05 17:59:38,298 [pool-377-thread-1] INFO  impl.RaftServerImpl (ServerState.java:<init>(103)) - e1680d33-177b-4bb4-917e-90597657b2e0@group-47CC94F5E9F2: ConfigurationManager, init=-1: [e1680d33-177b-4bb4-917e-90597657b2e0:192.168.34.20:43081], old=null, confs=<EMPTY_MAP>
2019-11-05 17:59:38,298 [pool-377-thread-1] INFO  server.RaftServerConfigKeys (ConfUtils.java:logGet(43)) - raft.server.storage.dir = [/workdir/hadoop-ozone/ozonefs/target/test-dir/MiniOzoneClusterImpl-9778f43b-98ea-4b5e-871d-5b012366ef9d/datanode-0/data/ratis] (custom)
2019-11-05 17:59:38,299 [pool-377-thread-1] INFO  server.RaftServerConfigKeys (ConfUtils.java:logGet(43)) - raft.server.log.corruption.policy = EXCEPTION (default)
2019-11-05 17:59:38,299 [pool-377-thread-1] INFO  storage.RaftStorageDirectory (RaftStorageDirectory.java:analyzeStorage(246)) - The storage directory /workdir/hadoop-ozone/ozonefs/target/test-dir/MiniOzoneClusterImpl-9778f43b-98ea-4b5e-871d-5b012366ef9d/datanode-0/data/ratis/73436fd1-9dc7-4729-99b6-47cc94f5e9f2 does not exist. Creating ...
2019-11-05 17:59:38,312 [pool-377-thread-1] INFO  storage.RaftStorageDirectory (RaftStorageDirectory.java:tryLock(328)) - Lock on /workdir/hadoop-ozone/ozonefs/target/test-dir/MiniOzoneClusterImpl-9778f43b-98ea-4b5e-871d-5b012366ef9d/datanode-0/data/ratis/73436fd1-9dc7-4729-99b6-47cc94f5e9f2/in_use.lock acquired by nodename 12775@pr-hdds-1987-wwl9f-3612113445
2019-11-05 17:59:38,325 [pool-377-thread-1] INFO  storage.RaftStorage (RaftStorage.java:format(84)) - Storage directory /workdir/hadoop-ozone/ozonefs/target/test-dir/MiniOzoneClusterImpl-9778f43b-98ea-4b5e-871d-5b012366ef9d/datanode-0/data/ratis/73436fd1-9dc7-4729-99b6-47cc94f5e9f2 has been successfully formatted.
2019-11-05 17:59:38,325 [pool-377-thread-1] INFO  ratis.ContainerStateMachine (ContainerStateMachine.java:loadSnapshot(231)) - group-47CC94F5E9F2: The snapshot info is null. Setting the last applied indexto:(t:0, i:~)
2019-11-05 17:59:38,325 [pool-377-thread-1] INFO  server.RaftServerConfigKeys (ConfUtils.java:logGet(43)) - raft.server.notification.no-leader.timeout = 120s (custom)
2019-11-05 17:59:38,325 [pool-377-thread-1] INFO  server.RaftServerConfigKeys (ConfUtils.java:logGet(43)) - raft.server.log.use.memory = false (default)
2019-11-05 17:59:38,325 [pool-377-thread-1] INFO  server.RaftServerConfigKeys (ConfUtils.java:logGet(43)) - raft.server.log.purge.gap = 1000000 (custom)
2019-11-05 17:59:38,325 [pool-377-thread-1] INFO  server.RaftServerConfigKeys (ConfUtils.java:logGet(43)) - raft.server.log.appender.buffer.byte-limit = 33554432 (custom)
2019-11-05 17:59:38,326 [pool-377-thread-1] INFO  server.RaftServerConfigKeys (ConfUtils.java:logGet(43)) - raft.server.log.segment.size.max = 1048576 (custom)
2019-11-05 17:59:38,326 [pool-377-thread-1] WARN  impl.MetricRegistriesImpl (MetricRegistriesImpl.java:lambda$create$1(61)) - First MetricRegistry has been created without registering reporters. You may need to call MetricRegistries.global().addReportRegistration(...) before.
2019-11-05 17:59:38,326 [pool-377-thread-1] INFO  server.RaftServerConfigKeys (ConfUtils.java:logGet(43)) - raft.server.log.segment.cache.num.max = 2 (custom)
2019-11-05 17:59:38,326 [pool-377-thread-1] INFO  segmented.SegmentedRaftLogWorker (SegmentedRaftLogWorker.java:<init>(173)) - new e1680d33-177b-4bb4-917e-90597657b2e0@group-47CC94F5E9F2-SegmentedRaftLogWorker for RaftStorage:Storage Directory /workdir/hadoop-ozone/ozonefs/target/test-dir/MiniOzoneClusterImpl-9778f43b-98ea-4b5e-871d-5b012366ef9d/datanode-0/data/ratis/73436fd1-9dc7-4729-99b6-47cc94f5e9f2
2019-11-05 17:59:38,326 [pool-377-thread-1] INFO  server.RaftServerConfigKeys (ConfUtils.java:logGet(43)) - raft.server.log.queue.byte-limit = 2147483647 (custom)
2019-11-05 17:59:38,326 [pool-377-thread-1] INFO  server.RaftServerConfigKeys (ConfUtils.java:logGet(43)) - raft.server.log.queue.element-limit = 1024 (custom)
2019-11-05 17:59:38,326 [pool-377-thread-1] INFO  server.RaftServerConfigKeys (ConfUtils.java:logGet(43)) - raft.server.log.segment.size.max = 1048576 (custom)
2019-11-05 17:59:38,326 [pool-377-thread-1] INFO  server.RaftServerConfigKeys (ConfUtils.java:logGet(43)) - raft.server.log.preallocated.size = 16384 (custom)
2019-11-05 17:59:38,326 [pool-377-thread-1] INFO  server.RaftServerConfigKeys (ConfUtils.java:logGet(43)) - raft.server.log.write.buffer.size = 33554432 (custom)
2019-11-05 17:59:38,326 [pool-377-thread-1] INFO  server.RaftServerConfigKeys (ConfUtils.java:logGet(43)) - raft.server.log.force.sync.num = 128 (default)
2019-11-05 17:59:38,327 [pool-377-thread-1] INFO  server.RaftServerConfigKeys (ConfUtils.java:logGet(43)) - raft.server.log.statemachine.data.sync = true (default)
2019-11-05 17:59:38,327 [pool-377-thread-1] INFO  server.RaftServerConfigKeys (ConfUtils.java:logGet(43)) - raft.server.log.statemachine.data.sync.timeout = 10s (default)
2019-11-05 17:59:38,327 [pool-377-thread-1] INFO  server.RaftServerConfigKeys (ConfUtils.java:logGet(43)) - raft.server.log.statemachine.data.sync.timeout.retry = -1 (default)
2019-11-05 17:59:38,327 [pool-377-thread-1] INFO  server.RaftServerConfigKeys (ConfUtils.java:logGet(43)) - raft.server.log.statemachine.data.caching.enabled = true (custom)
2019-11-05 17:59:38,327 [pool-377-thread-1] INFO  segmented.SegmentedRaftLogWorker (SegmentedRaftLogWorker.java:lambda$new$0(128)) - e1680d33-177b-4bb4-917e-90597657b2e0@group-47CC94F5E9F2-SegmentedRaftLogWorker: flushIndex: setUnconditionally 0 -> -1
2019-11-05 17:59:38,328 [pool-377-thread-1] INFO  server.RaftServerConfigKeys (ConfUtils.java:logGet(43)) - raft.server.snapshot.auto.trigger.enabled = true (custom)
2019-11-05 17:59:38,328 [pool-377-thread-1] INFO  server.RaftServerConfigKeys (ConfUtils.java:logGet(43)) - raft.server.snapshot.auto.trigger.threshold = 10000 (custom)
2019-11-05 17:59:38,328 [pool-377-thread-1] INFO  server.RaftServerConfigKeys (ConfUtils.java:logGet(43)) - raft.server.snapshot.retention.file.num = 5 (custom)
2019-11-05 17:59:38,328 [pool-377-thread-1] INFO  server.RaftServerConfigKeys (ConfUtils.java:logGet(43)) - raft.server.retrycache.expirytime = 600000ms (custom)
2019-11-05 17:59:38,328 [pool-377-thread-1] WARN  impl.MetricRegistriesImpl (MetricRegistriesImpl.java:lambda$create$1(61)) - First MetricRegistry has been created without registering reporters. You may need to call MetricRegistries.global().addReportRegistration(...) before.
2019-11-05 17:59:38,328 [pool-377-thread-1] WARN  impl.MetricRegistriesImpl (MetricRegistriesImpl.java:lambda$create$1(61)) - First MetricRegistry has been created without registering reporters. You may need to call MetricRegistries.global().addReportRegistration(...) before.
2019-11-05 17:59:38,328 [pool-377-thread-1] INFO  impl.RaftServerImpl (RaftServerImpl.java:start(184)) - e1680d33-177b-4bb4-917e-90597657b2e0@group-47CC94F5E9F2: start as a follower, conf=-1: [e1680d33-177b-4bb4-917e-90597657b2e0:192.168.34.20:43081], old=null
2019-11-05 17:59:38,329 [pool-377-thread-1] INFO  impl.RaftServerImpl (RaftServerImpl.java:setRole(173)) - e1680d33-177b-4bb4-917e-90597657b2e0@group-47CC94F5E9F2: changes role from      null to FOLLOWER at term 0 for startAsFollower
2019-11-05 17:59:38,329 [pool-377-thread-1] INFO  impl.RoleInfo (RoleInfo.java:updateAndGet(143)) - e1680d33-177b-4bb4-917e-90597657b2e0: start FollowerState
2019-11-05 17:59:38,329 [pool-377-thread-1] INFO  util.JmxRegister (JmxRegister.java:tryRegister(44)) - Successfully registered JMX Bean with object name Ratis:service=RaftServer,group=group-47CC94F5E9F2,id=e1680d33-177b-4bb4-917e-90597657b2e0
2019-11-05 17:59:38,329 [pool-377-thread-1] WARN  impl.MetricRegistriesImpl (MetricRegistriesImpl.java:lambda$create$1(61)) - First MetricRegistry has been created without registering reporters. You may need to call MetricRegistries.global().addReportRegistration(...) before.
2019-11-05 17:59:38,334 [RatisPipelineUtilsThread] INFO  pipeline.PipelineStateManager (PipelineStateManager.java:addPipeline(56)) - Created pipeline Pipeline[ Id: 73436fd1-9dc7-4729-99b6-47cc94f5e9f2, Nodes: e1680d33-177b-4bb4-917e-90597657b2e0{ip: 192.168.34.20, host: pr-hdds-1987-wwl9f-3612113445, networkLocation: /default-rack, certSerialId: null}, Type:RATIS, Factor:ONE, State:OPEN]
2019-11-05 17:59:38,344 [IPC Server handler 2 on 43702] INFO  net.NetworkTopology (NetworkTopologyImpl.java:add(111)) - Added a new node: /default-rack/02f37fe2-fe34-4fe4-ac70-a7c31e6a188f
2019-11-05 17:59:38,344 [IPC Server handler 2 on 43702] INFO  node.SCMNodeManager (SCMNodeManager.java:register(267)) - Registered Data node : 02f37fe2-fe34-4fe4-ac70-a7c31e6a188f{ip: 192.168.34.20, host: pr-hdds-1987-wwl9f-3612113445, networkLocation: /default-rack, certSerialId: null}
2019-11-05 17:59:38,354 [grpc-default-executor-0] INFO  impl.RaftServerProxy (RaftServerProxy.java:addNew(89)) - 02f37fe2-fe34-4fe4-ac70-a7c31e6a188f: addNew group-DD39B51649EE:[02f37fe2-fe34-4fe4-ac70-a7c31e6a188f:192.168.34.20:33800] returns group-DD39B51649EE:java.util.concurrent.CompletableFuture@2f880524[Not completed]
2019-11-05 17:59:38,356 [pool-387-thread-1] INFO  impl.RaftServerImpl (RaftServerImpl.java:<init>(98)) - 02f37fe2-fe34-4fe4-ac70-a7c31e6a188f: new RaftServerImpl for group-DD39B51649EE:[02f37fe2-fe34-4fe4-ac70-a7c31e6a188f:192.168.34.20:33800] with ContainerStateMachine:uninitialized
2019-11-05 17:59:38,356 [pool-387-thread-1] INFO  server.RaftServerConfigKeys (ConfUtils.java:logGet(43)) - raft.server.rpc.timeout.min = 5s (custom)
2019-11-05 17:59:38,356 [pool-387-thread-1] INFO  server.RaftServerConfigKeys (ConfUtils.java:logGet(43)) - raft.server.rpc.timeout.max = 5200ms (custom)
2019-11-05 17:59:38,356 [pool-387-thread-1] INFO  server.RaftServerConfigKeys (ConfUtils.java:logGet(43)) - raft.server.rpcslowness.timeout = 120s (custom)
2019-11-05 17:59:38,356 [pool-387-thread-1] INFO  server.RaftServerConfigKeys (ConfUtils.java:logGet(43)) - raft.server.sleep.deviation.threshold = 300 (default)
2019-11-05 17:59:38,356 [pool-387-thread-1] INFO  server.RaftServerConfigKeys (ConfUtils.java:logGet(43)) - raft.server.log.appender.install.snapshot.enabled = false (custom)
2019-11-05 17:59:38,357 [pool-387-thread-1] INFO  impl.RaftServerImpl (ServerState.java:<init>(103)) - 02f37fe2-fe34-4fe4-ac70-a7c31e6a188f@group-DD39B51649EE: ConfigurationManager, init=-1: [02f37fe2-fe34-4fe4-ac70-a7c31e6a188f:192.168.34.20:33800], old=null, confs=<EMPTY_MAP>
2019-11-05 17:59:38,357 [pool-387-thread-1] INFO  server.RaftServerConfigKeys (ConfUtils.java:logGet(43)) - raft.server.storage.dir = [/workdir/hadoop-ozone/ozonefs/target/test-dir/MiniOzoneClusterImpl-9778f43b-98ea-4b5e-871d-5b012366ef9d/datanode-1/data/ratis] (custom)
2019-11-05 17:59:38,357 [pool-387-thread-1] INFO  server.RaftServerConfigKeys (ConfUtils.java:logGet(43)) - raft.server.log.corruption.policy = EXCEPTION (default)
2019-11-05 17:59:38,358 [pool-387-thread-1] INFO  storage.RaftStorageDirectory (RaftStorageDirectory.java:analyzeStorage(246)) - The storage directory /workdir/hadoop-ozone/ozonefs/target/test-dir/MiniOzoneClusterImpl-9778f43b-98ea-4b5e-871d-5b012366ef9d/datanode-1/data/ratis/262e73f3-dbdd-4b32-a62b-dd39b51649ee does not exist. Creating ...
2019-11-05 17:59:38,370 [pool-387-thread-1] INFO  storage.RaftStorageDirectory (RaftStorageDirectory.java:tryLock(328)) - Lock on /workdir/hadoop-ozone/ozonefs/target/test-dir/MiniOzoneClusterImpl-9778f43b-98ea-4b5e-871d-5b012366ef9d/datanode-1/data/ratis/262e73f3-dbdd-4b32-a62b-dd39b51649ee/in_use.lock acquired by nodename 12775@pr-hdds-1987-wwl9f-3612113445
2019-11-05 17:59:38,383 [pool-387-thread-1] INFO  storage.RaftStorage (RaftStorage.java:format(84)) - Storage directory /workdir/hadoop-ozone/ozonefs/target/test-dir/MiniOzoneClusterImpl-9778f43b-98ea-4b5e-871d-5b012366ef9d/datanode-1/data/ratis/262e73f3-dbdd-4b32-a62b-dd39b51649ee has been successfully formatted.
2019-11-05 17:59:38,384 [pool-387-thread-1] INFO  ratis.ContainerStateMachine (ContainerStateMachine.java:loadSnapshot(231)) - group-DD39B51649EE: The snapshot info is null. Setting the last applied indexto:(t:0, i:~)
2019-11-05 17:59:38,384 [pool-387-thread-1] INFO  server.RaftServerConfigKeys (ConfUtils.java:logGet(43)) - raft.server.notification.no-leader.timeout = 120s (custom)
2019-11-05 17:59:38,384 [pool-387-thread-1] INFO  server.RaftServerConfigKeys (ConfUtils.java:logGet(43)) - raft.server.log.use.memory = false (default)
2019-11-05 17:59:38,385 [pool-387-thread-1] INFO  server.RaftServerConfigKeys (ConfUtils.java:logGet(43)) - raft.server.log.purge.gap = 1000000 (custom)
2019-11-05 17:59:38,385 [pool-387-thread-1] INFO  server.RaftServerConfigKeys (ConfUtils.java:logGet(43)) - raft.server.log.appender.buffer.byte-limit = 33554432 (custom)
2019-11-05 17:59:38,385 [pool-387-thread-1] INFO  server.RaftServerConfigKeys (ConfUtils.java:logGet(43)) - raft.server.log.segment.size.max = 1048576 (custom)
2019-11-05 17:59:38,385 [pool-387-thread-1] WARN  impl.MetricRegistriesImpl (MetricRegistriesImpl.java:lambda$create$1(61)) - First MetricRegistry has been created without registering reporters. You may need to call MetricRegistries.global().addReportRegistration(...) before.
2019-11-05 17:59:38,385 [pool-387-thread-1] INFO  server.RaftServerConfigKeys (ConfUtils.java:logGet(43)) - raft.server.log.segment.cache.num.max = 2 (custom)
2019-11-05 17:59:38,385 [pool-387-thread-1] INFO  segmented.SegmentedRaftLogWorker (SegmentedRaftLogWorker.java:<init>(173)) - new 02f37fe2-fe34-4fe4-ac70-a7c31e6a188f@group-DD39B51649EE-SegmentedRaftLogWorker for RaftStorage:Storage Directory /workdir/hadoop-ozone/ozonefs/target/test-dir/MiniOzoneClusterImpl-9778f43b-98ea-4b5e-871d-5b012366ef9d/datanode-1/data/ratis/262e73f3-dbdd-4b32-a62b-dd39b51649ee
2019-11-05 17:59:38,386 [pool-387-thread-1] INFO  server.RaftServerConfigKeys (ConfUtils.java:logGet(43)) - raft.server.log.queue.byte-limit = 2147483647 (custom)
2019-11-05 17:59:38,386 [pool-387-thread-1] INFO  server.RaftServerConfigKeys (ConfUtils.java:logGet(43)) - raft.server.log.queue.element-limit = 1024 (custom)
2019-11-05 17:59:38,386 [pool-387-thread-1] INFO  server.RaftServerConfigKeys (ConfUtils.java:logGet(43)) - raft.server.log.segment.size.max = 1048576 (custom)
2019-11-05 17:59:38,386 [pool-387-thread-1] INFO  server.RaftServerConfigKeys (ConfUtils.java:logGet(43)) - raft.server.log.preallocated.size = 16384 (custom)
2019-11-05 17:59:38,386 [pool-387-thread-1] INFO  server.RaftServerConfigKeys (ConfUtils.java:logGet(43)) - raft.server.log.write.buffer.size = 33554432 (custom)
2019-11-05 17:59:38,386 [pool-387-thread-1] INFO  server.RaftServerConfigKeys (ConfUtils.java:logGet(43)) - raft.server.log.force.sync.num = 128 (default)
2019-11-05 17:59:38,386 [pool-387-thread-1] INFO  server.RaftServerConfigKeys (ConfUtils.java:logGet(43)) - raft.server.log.statemachine.data.sync = true (default)
2019-11-05 17:59:38,387 [pool-387-thread-1] INFO  server.RaftServerConfigKeys (ConfUtils.java:logGet(43)) - raft.server.log.statemachine.data.sync.timeout = 10s (default)
2019-11-05 17:59:38,387 [pool-387-thread-1] INFO  server.RaftServerConfigKeys (ConfUtils.java:logGet(43)) - raft.server.log.statemachine.data.sync.timeout.retry = -1 (default)
2019-11-05 17:59:38,387 [pool-387-thread-1] INFO  server.RaftServerConfigKeys (ConfUtils.java:logGet(43)) - raft.server.log.statemachine.data.caching.enabled = true (custom)
2019-11-05 17:59:38,387 [pool-387-thread-1] INFO  segmented.SegmentedRaftLogWorker (SegmentedRaftLogWorker.java:lambda$new$0(128)) - 02f37fe2-fe34-4fe4-ac70-a7c31e6a188f@group-DD39B51649EE-SegmentedRaftLogWorker: flushIndex: setUnconditionally 0 -> -1
2019-11-05 17:59:38,388 [pool-387-thread-1] INFO  server.RaftServerConfigKeys (ConfUtils.java:logGet(43)) - raft.server.snapshot.auto.trigger.enabled = true (custom)
2019-11-05 17:59:38,388 [pool-387-thread-1] INFO  server.RaftServerConfigKeys (ConfUtils.java:logGet(43)) - raft.server.snapshot.auto.trigger.threshold = 10000 (custom)
2019-11-05 17:59:38,388 [pool-387-thread-1] INFO  server.RaftServerConfigKeys (ConfUtils.java:logGet(43)) - raft.server.snapshot.retention.file.num = 5 (custom)
2019-11-05 17:59:38,388 [pool-387-thread-1] INFO  server.RaftServerConfigKeys (ConfUtils.java:logGet(43)) - raft.server.retrycache.expirytime = 600000ms (custom)
2019-11-05 17:59:38,388 [pool-387-thread-1] WARN  impl.MetricRegistriesImpl (MetricRegistriesImpl.java:lambda$create$1(61)) - First MetricRegistry has been created without registering reporters. You may need to call MetricRegistries.global().addReportRegistration(...) before.
2019-11-05 17:59:38,389 [pool-387-thread-1] WARN  impl.MetricRegistriesImpl (MetricRegistriesImpl.java:lambda$create$1(61)) - First MetricRegistry has been created without registering reporters. You may need to call MetricRegistries.global().addReportRegistration(...) before.
2019-11-05 17:59:38,389 [pool-387-thread-1] INFO  impl.RaftServerImpl (RaftServerImpl.java:start(184)) - 02f37fe2-fe34-4fe4-ac70-a7c31e6a188f@group-DD39B51649EE: start as a follower, conf=-1: [02f37fe2-fe34-4fe4-ac70-a7c31e6a188f:192.168.34.20:33800], old=null
2019-11-05 17:59:38,389 [pool-387-thread-1] INFO  impl.RaftServerImpl (RaftServerImpl.java:setRole(173)) - 02f37fe2-fe34-4fe4-ac70-a7c31e6a188f@group-DD39B51649EE: changes role from      null to FOLLOWER at term 0 for startAsFollower
2019-11-05 17:59:38,389 [pool-387-thread-1] INFO  impl.RoleInfo (RoleInfo.java:updateAndGet(143)) - 02f37fe2-fe34-4fe4-ac70-a7c31e6a188f: start FollowerState
2019-11-05 17:59:38,390 [pool-387-thread-1] INFO  util.JmxRegister (JmxRegister.java:tryRegister(44)) - Successfully registered JMX Bean with object name Ratis:service=RaftServer,group=group-DD39B51649EE,id=02f37fe2-fe34-4fe4-ac70-a7c31e6a188f
2019-11-05 17:59:38,390 [pool-387-thread-1] WARN  impl.MetricRegistriesImpl (MetricRegistriesImpl.java:lambda$create$1(61)) - First MetricRegistry has been created without registering reporters. You may need to call MetricRegistries.global().addReportRegistration(...) before.
2019-11-05 17:59:38,394 [RatisPipelineUtilsThread] INFO  pipeline.PipelineStateManager (PipelineStateManager.java:addPipeline(56)) - Created pipeline Pipeline[ Id: 262e73f3-dbdd-4b32-a62b-dd39b51649ee, Nodes: 02f37fe2-fe34-4fe4-ac70-a7c31e6a188f{ip: 192.168.34.20, host: pr-hdds-1987-wwl9f-3612113445, networkLocation: /default-rack, certSerialId: null}, Type:RATIS, Factor:ONE, State:OPEN]
2019-11-05 17:59:38,422 [Thread-1527] INFO  ozone.MiniOzoneClusterImpl (MiniOzoneClusterImpl.java:lambda$waitForClusterToBeReady$0(147)) - Waiting for cluster to be ready. Got 2 of 3 DN Heartbeats.
2019-11-05 17:59:38,423 [IPC Server handler 1 on 43702] INFO  net.NetworkTopology (NetworkTopologyImpl.java:add(111)) - Added a new node: /default-rack/ea459e14-13c3-43be-966a-4b2c38b3bcf1
2019-11-05 17:59:38,423 [IPC Server handler 1 on 43702] INFO  node.SCMNodeManager (SCMNodeManager.java:register(267)) - Registered Data node : ea459e14-13c3-43be-966a-4b2c38b3bcf1{ip: 192.168.34.20, host: pr-hdds-1987-wwl9f-3612113445, networkLocation: /default-rack, certSerialId: null}
2019-11-05 17:59:38,432 [grpc-default-executor-0] INFO  impl.RaftServerProxy (RaftServerProxy.java:addNew(89)) - ea459e14-13c3-43be-966a-4b2c38b3bcf1: addNew group-B8443A85C292:[ea459e14-13c3-43be-966a-4b2c38b3bcf1:192.168.34.20:35904] returns group-B8443A85C292:java.util.concurrent.CompletableFuture@5b4261ba[Not completed]
2019-11-05 17:59:38,434 [pool-397-thread-1] INFO  impl.RaftServerImpl (RaftServerImpl.java:<init>(98)) - ea459e14-13c3-43be-966a-4b2c38b3bcf1: new RaftServerImpl for group-B8443A85C292:[ea459e14-13c3-43be-966a-4b2c38b3bcf1:192.168.34.20:35904] with ContainerStateMachine:uninitialized
2019-11-05 17:59:38,434 [pool-397-thread-1] INFO  server.RaftServerConfigKeys (ConfUtils.java:logGet(43)) - raft.server.rpc.timeout.min = 5s (custom)
2019-11-05 17:59:38,434 [pool-397-thread-1] INFO  server.RaftServerConfigKeys (ConfUtils.java:logGet(43)) - raft.server.rpc.timeout.max = 5200ms (custom)
2019-11-05 17:59:38,434 [pool-397-thread-1] INFO  server.RaftServerConfigKeys (ConfUtils.java:logGet(43)) - raft.server.rpcslowness.timeout = 120s (custom)
2019-11-05 17:59:38,435 [pool-397-thread-1] INFO  server.RaftServerConfigKeys (ConfUtils.java:logGet(43)) - raft.server.sleep.deviation.threshold = 300 (default)
2019-11-05 17:59:38,435 [pool-397-thread-1] INFO  server.RaftServerConfigKeys (ConfUtils.java:logGet(43)) - raft.server.log.appender.install.snapshot.enabled = false (custom)
2019-11-05 17:59:38,435 [pool-397-thread-1] INFO  impl.RaftServerImpl (ServerState.java:<init>(103)) - ea459e14-13c3-43be-966a-4b2c38b3bcf1@group-B8443A85C292: ConfigurationManager, init=-1: [ea459e14-13c3-43be-966a-4b2c38b3bcf1:192.168.34.20:35904], old=null, confs=<EMPTY_MAP>
2019-11-05 17:59:38,435 [pool-397-thread-1] INFO  server.RaftServerConfigKeys (ConfUtils.java:logGet(43)) - raft.server.storage.dir = [/workdir/hadoop-ozone/ozonefs/target/test-dir/MiniOzoneClusterImpl-9778f43b-98ea-4b5e-871d-5b012366ef9d/datanode-2/data/ratis] (custom)
2019-11-05 17:59:38,435 [pool-397-thread-1] INFO  server.RaftServerConfigKeys (ConfUtils.java:logGet(43)) - raft.server.log.corruption.policy = EXCEPTION (default)
2019-11-05 17:59:38,436 [pool-397-thread-1] INFO  storage.RaftStorageDirectory (RaftStorageDirectory.java:analyzeStorage(246)) - The storage directory /workdir/hadoop-ozone/ozonefs/target/test-dir/MiniOzoneClusterImpl-9778f43b-98ea-4b5e-871d-5b012366ef9d/datanode-2/data/ratis/fe3dfd70-9f6f-4ed6-8051-b8443a85c292 does not exist. Creating ...
2019-11-05 17:59:38,448 [pool-397-thread-1] INFO  storage.RaftStorageDirectory (RaftStorageDirectory.java:tryLock(328)) - Lock on /workdir/hadoop-ozone/ozonefs/target/test-dir/MiniOzoneClusterImpl-9778f43b-98ea-4b5e-871d-5b012366ef9d/datanode-2/data/ratis/fe3dfd70-9f6f-4ed6-8051-b8443a85c292/in_use.lock acquired by nodename 12775@pr-hdds-1987-wwl9f-3612113445
2019-11-05 17:59:38,461 [pool-397-thread-1] INFO  storage.RaftStorage (RaftStorage.java:format(84)) - Storage directory /workdir/hadoop-ozone/ozonefs/target/test-dir/MiniOzoneClusterImpl-9778f43b-98ea-4b5e-871d-5b012366ef9d/datanode-2/data/ratis/fe3dfd70-9f6f-4ed6-8051-b8443a85c292 has been successfully formatted.
2019-11-05 17:59:38,462 [pool-397-thread-1] INFO  ratis.ContainerStateMachine (ContainerStateMachine.java:loadSnapshot(231)) - group-B8443A85C292: The snapshot info is null. Setting the last applied indexto:(t:0, i:~)
2019-11-05 17:59:38,462 [pool-397-thread-1] INFO  server.RaftServerConfigKeys (ConfUtils.java:logGet(43)) - raft.server.notification.no-leader.timeout = 120s (custom)
2019-11-05 17:59:38,462 [pool-397-thread-1] INFO  server.RaftServerConfigKeys (ConfUtils.java:logGet(43)) - raft.server.log.use.memory = false (default)
2019-11-05 17:59:38,462 [pool-397-thread-1] INFO  server.RaftServerConfigKeys (ConfUtils.java:logGet(43)) - raft.server.log.purge.gap = 1000000 (custom)
2019-11-05 17:59:38,462 [pool-397-thread-1] INFO  server.RaftServerConfigKeys (ConfUtils.java:logGet(43)) - raft.server.log.appender.buffer.byte-limit = 33554432 (custom)
2019-11-05 17:59:38,462 [pool-397-thread-1] INFO  server.RaftServerConfigKeys (ConfUtils.java:logGet(43)) - raft.server.log.segment.size.max = 1048576 (custom)
2019-11-05 17:59:38,462 [pool-397-thread-1] WARN  impl.MetricRegistriesImpl (MetricRegistriesImpl.java:lambda$create$1(61)) - First MetricRegistry has been created without registering reporters. You may need to call MetricRegistries.global().addReportRegistration(...) before.
2019-11-05 17:59:38,463 [pool-397-thread-1] INFO  server.RaftServerConfigKeys (ConfUtils.java:logGet(43)) - raft.server.log.segment.cache.num.max = 2 (custom)
2019-11-05 17:59:38,463 [pool-397-thread-1] INFO  segmented.SegmentedRaftLogWorker (SegmentedRaftLogWorker.java:<init>(173)) - new ea459e14-13c3-43be-966a-4b2c38b3bcf1@group-B8443A85C292-SegmentedRaftLogWorker for RaftStorage:Storage Directory /workdir/hadoop-ozone/ozonefs/target/test-dir/MiniOzoneClusterImpl-9778f43b-98ea-4b5e-871d-5b012366ef9d/datanode-2/data/ratis/fe3dfd70-9f6f-4ed6-8051-b8443a85c292
2019-11-05 17:59:38,463 [pool-397-thread-1] INFO  server.RaftServerConfigKeys (ConfUtils.java:logGet(43)) - raft.server.log.queue.byte-limit = 2147483647 (custom)
2019-11-05 17:59:38,463 [pool-397-thread-1] INFO  server.RaftServerConfigKeys (ConfUtils.java:logGet(43)) - raft.server.log.queue.element-limit = 1024 (custom)
2019-11-05 17:59:38,463 [pool-397-thread-1] INFO  server.RaftServerConfigKeys (ConfUtils.java:logGet(43)) - raft.server.log.segment.size.max = 1048576 (custom)
2019-11-05 17:59:38,463 [pool-397-thread-1] INFO  server.RaftServerConfigKeys (ConfUtils.java:logGet(43)) - raft.server.log.preallocated.size = 16384 (custom)
2019-11-05 17:59:38,463 [pool-397-thread-1] INFO  server.RaftServerConfigKeys (ConfUtils.java:logGet(43)) - raft.server.log.write.buffer.size = 33554432 (custom)
2019-11-05 17:59:38,463 [pool-397-thread-1] INFO  server.RaftServerConfigKeys (ConfUtils.java:logGet(43)) - raft.server.log.force.sync.num = 128 (default)
2019-11-05 17:59:38,464 [pool-397-thread-1] INFO  server.RaftServerConfigKeys (ConfUtils.java:logGet(43)) - raft.server.log.statemachine.data.sync = true (default)
2019-11-05 17:59:38,464 [pool-397-thread-1] INFO  server.RaftServerConfigKeys (ConfUtils.java:logGet(43)) - raft.server.log.statemachine.data.sync.timeout = 10s (default)
2019-11-05 17:59:38,464 [pool-397-thread-1] INFO  server.RaftServerConfigKeys (ConfUtils.java:logGet(43)) - raft.server.log.statemachine.data.sync.timeout.retry = -1 (default)
2019-11-05 17:59:38,464 [pool-397-thread-1] INFO  server.RaftServerConfigKeys (ConfUtils.java:logGet(43)) - raft.server.log.statemachine.data.caching.enabled = true (custom)
2019-11-05 17:59:38,464 [pool-397-thread-1] INFO  segmented.SegmentedRaftLogWorker (SegmentedRaftLogWorker.java:lambda$new$0(128)) - ea459e14-13c3-43be-966a-4b2c38b3bcf1@group-B8443A85C292-SegmentedRaftLogWorker: flushIndex: setUnconditionally 0 -> -1
2019-11-05 17:59:38,465 [pool-397-thread-1] INFO  server.RaftServerConfigKeys (ConfUtils.java:logGet(43)) - raft.server.snapshot.auto.trigger.enabled = true (custom)
2019-11-05 17:59:38,465 [pool-397-thread-1] INFO  server.RaftServerConfigKeys (ConfUtils.java:logGet(43)) - raft.server.snapshot.auto.trigger.threshold = 10000 (custom)
2019-11-05 17:59:38,465 [pool-397-thread-1] INFO  server.RaftServerConfigKeys (ConfUtils.java:logGet(43)) - raft.server.snapshot.retention.file.num = 5 (custom)
2019-11-05 17:59:38,465 [pool-397-thread-1] INFO  server.RaftServerConfigKeys (ConfUtils.java:logGet(43)) - raft.server.retrycache.expirytime = 600000ms (custom)
2019-11-05 17:59:38,465 [pool-397-thread-1] WARN  impl.MetricRegistriesImpl (MetricRegistriesImpl.java:lambda$create$1(61)) - First MetricRegistry has been created without registering reporters. You may need to call MetricRegistries.global().addReportRegistration(...) before.
2019-11-05 17:59:38,466 [pool-397-thread-1] WARN  impl.MetricRegistriesImpl (MetricRegistriesImpl.java:lambda$create$1(61)) - First MetricRegistry has been created without registering reporters. You may need to call MetricRegistries.global().addReportRegistration(...) before.
2019-11-05 17:59:38,466 [pool-397-thread-1] INFO  impl.RaftServerImpl (RaftServerImpl.java:start(184)) - ea459e14-13c3-43be-966a-4b2c38b3bcf1@group-B8443A85C292: start as a follower, conf=-1: [ea459e14-13c3-43be-966a-4b2c38b3bcf1:192.168.34.20:35904], old=null
2019-11-05 17:59:38,466 [pool-397-thread-1] INFO  impl.RaftServerImpl (RaftServerImpl.java:setRole(173)) - ea459e14-13c3-43be-966a-4b2c38b3bcf1@group-B8443A85C292: changes role from      null to FOLLOWER at term 0 for startAsFollower
2019-11-05 17:59:38,466 [pool-397-thread-1] INFO  impl.RoleInfo (RoleInfo.java:updateAndGet(143)) - ea459e14-13c3-43be-966a-4b2c38b3bcf1: start FollowerState
2019-11-05 17:59:38,466 [pool-397-thread-1] INFO  util.JmxRegister (JmxRegister.java:tryRegister(44)) - Successfully registered JMX Bean with object name Ratis:service=RaftServer,group=group-B8443A85C292,id=ea459e14-13c3-43be-966a-4b2c38b3bcf1
2019-11-05 17:59:38,467 [pool-397-thread-1] WARN  impl.MetricRegistriesImpl (MetricRegistriesImpl.java:lambda$create$1(61)) - First MetricRegistry has been created without registering reporters. You may need to call MetricRegistries.global().addReportRegistration(...) before.
2019-11-05 17:59:38,470 [RatisPipelineUtilsThread] INFO  pipeline.PipelineStateManager (PipelineStateManager.java:addPipeline(56)) - Created pipeline Pipeline[ Id: fe3dfd70-9f6f-4ed6-8051-b8443a85c292, Nodes: ea459e14-13c3-43be-966a-4b2c38b3bcf1{ip: 192.168.34.20, host: pr-hdds-1987-wwl9f-3612113445, networkLocation: /default-rack, certSerialId: null}, Type:RATIS, Factor:ONE, State:OPEN]
2019-11-05 17:59:38,481 [grpc-default-executor-2] INFO  impl.RaftServerProxy (RaftServerProxy.java:addNew(89)) - ea459e14-13c3-43be-966a-4b2c38b3bcf1: addNew group-74B84A2E5E5D:[ea459e14-13c3-43be-966a-4b2c38b3bcf1:192.168.34.20:35904, e1680d33-177b-4bb4-917e-90597657b2e0:192.168.34.20:43081, 02f37fe2-fe34-4fe4-ac70-a7c31e6a188f:192.168.34.20:33800] returns group-74B84A2E5E5D:java.util.concurrent.CompletableFuture@20cc6ac4[Not completed]
2019-11-05 17:59:38,483 [pool-397-thread-1] INFO  impl.RaftServerImpl (RaftServerImpl.java:<init>(98)) - ea459e14-13c3-43be-966a-4b2c38b3bcf1: new RaftServerImpl for group-74B84A2E5E5D:[ea459e14-13c3-43be-966a-4b2c38b3bcf1:192.168.34.20:35904, e1680d33-177b-4bb4-917e-90597657b2e0:192.168.34.20:43081, 02f37fe2-fe34-4fe4-ac70-a7c31e6a188f:192.168.34.20:33800] with ContainerStateMachine:uninitialized
2019-11-05 17:59:38,483 [pool-397-thread-1] INFO  server.RaftServerConfigKeys (ConfUtils.java:logGet(43)) - raft.server.rpc.timeout.min = 5s (custom)
2019-11-05 17:59:38,484 [pool-397-thread-1] INFO  server.RaftServerConfigKeys (ConfUtils.java:logGet(43)) - raft.server.rpc.timeout.max = 5200ms (custom)
2019-11-05 17:59:38,484 [pool-397-thread-1] INFO  server.RaftServerConfigKeys (ConfUtils.java:logGet(43)) - raft.server.rpcslowness.timeout = 120s (custom)
2019-11-05 17:59:38,484 [pool-397-thread-1] INFO  server.RaftServerConfigKeys (ConfUtils.java:logGet(43)) - raft.server.sleep.deviation.threshold = 300 (default)
2019-11-05 17:59:38,484 [pool-397-thread-1] INFO  server.RaftServerConfigKeys (ConfUtils.java:logGet(43)) - raft.server.log.appender.install.snapshot.enabled = false (custom)
2019-11-05 17:59:38,484 [pool-397-thread-1] INFO  impl.RaftServerImpl (ServerState.java:<init>(103)) - ea459e14-13c3-43be-966a-4b2c38b3bcf1@group-74B84A2E5E5D: ConfigurationManager, init=-1: [ea459e14-13c3-43be-966a-4b2c38b3bcf1:192.168.34.20:35904, e1680d33-177b-4bb4-917e-90597657b2e0:192.168.34.20:43081, 02f37fe2-fe34-4fe4-ac70-a7c31e6a188f:192.168.34.20:33800], old=null, confs=<EMPTY_MAP>
2019-11-05 17:59:38,484 [pool-397-thread-1] INFO  server.RaftServerConfigKeys (ConfUtils.java:logGet(43)) - raft.server.storage.dir = [/workdir/hadoop-ozone/ozonefs/target/test-dir/MiniOzoneClusterImpl-9778f43b-98ea-4b5e-871d-5b012366ef9d/datanode-2/data/ratis] (custom)
2019-11-05 17:59:38,484 [grpc-default-executor-2] INFO  impl.RaftServerProxy (RaftServerProxy.java:addNew(89)) - 02f37fe2-fe34-4fe4-ac70-a7c31e6a188f: addNew group-74B84A2E5E5D:[ea459e14-13c3-43be-966a-4b2c38b3bcf1:192.168.34.20:35904, e1680d33-177b-4bb4-917e-90597657b2e0:192.168.34.20:43081, 02f37fe2-fe34-4fe4-ac70-a7c31e6a188f:192.168.34.20:33800] returns group-74B84A2E5E5D:java.util.concurrent.CompletableFuture@65cee0b9[Not completed]
2019-11-05 17:59:38,485 [pool-397-thread-1] INFO  server.RaftServerConfigKeys (ConfUtils.java:logGet(43)) - raft.server.log.corruption.policy = EXCEPTION (default)
2019-11-05 17:59:38,485 [pool-397-thread-1] INFO  storage.RaftStorageDirectory (RaftStorageDirectory.java:analyzeStorage(246)) - The storage directory /workdir/hadoop-ozone/ozonefs/target/test-dir/MiniOzoneClusterImpl-9778f43b-98ea-4b5e-871d-5b012366ef9d/datanode-2/data/ratis/74b9e038-e348-42c1-864e-74b84a2e5e5d does not exist. Creating ...
2019-11-05 17:59:38,486 [pool-387-thread-1] INFO  impl.RaftServerImpl (RaftServerImpl.java:<init>(98)) - 02f37fe2-fe34-4fe4-ac70-a7c31e6a188f: new RaftServerImpl for group-74B84A2E5E5D:[ea459e14-13c3-43be-966a-4b2c38b3bcf1:192.168.34.20:35904, e1680d33-177b-4bb4-917e-90597657b2e0:192.168.34.20:43081, 02f37fe2-fe34-4fe4-ac70-a7c31e6a188f:192.168.34.20:33800] with ContainerStateMachine:uninitialized
2019-11-05 17:59:38,486 [pool-387-thread-1] INFO  server.RaftServerConfigKeys (ConfUtils.java:logGet(43)) - raft.server.rpc.timeout.min = 5s (custom)
2019-11-05 17:59:38,486 [pool-387-thread-1] INFO  server.RaftServerConfigKeys (ConfUtils.java:logGet(43)) - raft.server.rpc.timeout.max = 5200ms (custom)
2019-11-05 17:59:38,486 [pool-387-thread-1] INFO  server.RaftServerConfigKeys (ConfUtils.java:logGet(43)) - raft.server.rpcslowness.timeout = 120s (custom)
2019-11-05 17:59:38,486 [pool-387-thread-1] INFO  server.RaftServerConfigKeys (ConfUtils.java:logGet(43)) - raft.server.sleep.deviation.threshold = 300 (default)
2019-11-05 17:59:38,486 [pool-387-thread-1] INFO  server.RaftServerConfigKeys (ConfUtils.java:logGet(43)) - raft.server.log.appender.install.snapshot.enabled = false (custom)
2019-11-05 17:59:38,486 [pool-387-thread-1] INFO  impl.RaftServerImpl (ServerState.java:<init>(103)) - 02f37fe2-fe34-4fe4-ac70-a7c31e6a188f@group-74B84A2E5E5D: ConfigurationManager, init=-1: [ea459e14-13c3-43be-966a-4b2c38b3bcf1:192.168.34.20:35904, e1680d33-177b-4bb4-917e-90597657b2e0:192.168.34.20:43081, 02f37fe2-fe34-4fe4-ac70-a7c31e6a188f:192.168.34.20:33800], old=null, confs=<EMPTY_MAP>
2019-11-05 17:59:38,486 [pool-387-thread-1] INFO  server.RaftServerConfigKeys (ConfUtils.java:logGet(43)) - raft.server.storage.dir = [/workdir/hadoop-ozone/ozonefs/target/test-dir/MiniOzoneClusterImpl-9778f43b-98ea-4b5e-871d-5b012366ef9d/datanode-1/data/ratis] (custom)
2019-11-05 17:59:38,487 [pool-387-thread-1] INFO  server.RaftServerConfigKeys (ConfUtils.java:logGet(43)) - raft.server.log.corruption.policy = EXCEPTION (default)
2019-11-05 17:59:38,487 [pool-387-thread-1] INFO  storage.RaftStorageDirectory (RaftStorageDirectory.java:analyzeStorage(246)) - The storage directory /workdir/hadoop-ozone/ozonefs/target/test-dir/MiniOzoneClusterImpl-9778f43b-98ea-4b5e-871d-5b012366ef9d/datanode-1/data/ratis/74b9e038-e348-42c1-864e-74b84a2e5e5d does not exist. Creating ...
2019-11-05 17:59:38,499 [pool-397-thread-1] INFO  storage.RaftStorageDirectory (RaftStorageDirectory.java:tryLock(328)) - Lock on /workdir/hadoop-ozone/ozonefs/target/test-dir/MiniOzoneClusterImpl-9778f43b-98ea-4b5e-871d-5b012366ef9d/datanode-2/data/ratis/74b9e038-e348-42c1-864e-74b84a2e5e5d/in_use.lock acquired by nodename 12775@pr-hdds-1987-wwl9f-3612113445
2019-11-05 17:59:38,499 [pool-387-thread-1] INFO  storage.RaftStorageDirectory (RaftStorageDirectory.java:tryLock(328)) - Lock on /workdir/hadoop-ozone/ozonefs/target/test-dir/MiniOzoneClusterImpl-9778f43b-98ea-4b5e-871d-5b012366ef9d/datanode-1/data/ratis/74b9e038-e348-42c1-864e-74b84a2e5e5d/in_use.lock acquired by nodename 12775@pr-hdds-1987-wwl9f-3612113445
2019-11-05 17:59:38,500 [grpc-default-executor-2] INFO  impl.RaftServerProxy (RaftServerProxy.java:addNew(89)) - e1680d33-177b-4bb4-917e-90597657b2e0: addNew group-74B84A2E5E5D:[ea459e14-13c3-43be-966a-4b2c38b3bcf1:192.168.34.20:35904, e1680d33-177b-4bb4-917e-90597657b2e0:192.168.34.20:43081, 02f37fe2-fe34-4fe4-ac70-a7c31e6a188f:192.168.34.20:33800] returns group-74B84A2E5E5D:java.util.concurrent.CompletableFuture@6ffd7415[Not completed]
2019-11-05 17:59:38,500 [pool-377-thread-1] INFO  impl.RaftServerImpl (RaftServerImpl.java:<init>(98)) - e1680d33-177b-4bb4-917e-90597657b2e0: new RaftServerImpl for group-74B84A2E5E5D:[ea459e14-13c3-43be-966a-4b2c38b3bcf1:192.168.34.20:35904, e1680d33-177b-4bb4-917e-90597657b2e0:192.168.34.20:43081, 02f37fe2-fe34-4fe4-ac70-a7c31e6a188f:192.168.34.20:33800] with ContainerStateMachine:uninitialized
2019-11-05 17:59:38,501 [pool-377-thread-1] INFO  server.RaftServerConfigKeys (ConfUtils.java:logGet(43)) - raft.server.rpc.timeout.min = 5s (custom)
2019-11-05 17:59:38,501 [pool-377-thread-1] INFO  server.RaftServerConfigKeys (ConfUtils.java:logGet(43)) - raft.server.rpc.timeout.max = 5200ms (custom)
2019-11-05 17:59:38,501 [pool-377-thread-1] INFO  server.RaftServerConfigKeys (ConfUtils.java:logGet(43)) - raft.server.rpcslowness.timeout = 120s (custom)
2019-11-05 17:59:38,501 [pool-377-thread-1] INFO  server.RaftServerConfigKeys (ConfUtils.java:logGet(43)) - raft.server.sleep.deviation.threshold = 300 (default)
2019-11-05 17:59:38,501 [pool-377-thread-1] INFO  server.RaftServerConfigKeys (ConfUtils.java:logGet(43)) - raft.server.log.appender.install.snapshot.enabled = false (custom)
2019-11-05 17:59:38,501 [pool-377-thread-1] INFO  impl.RaftServerImpl (ServerState.java:<init>(103)) - e1680d33-177b-4bb4-917e-90597657b2e0@group-74B84A2E5E5D: ConfigurationManager, init=-1: [ea459e14-13c3-43be-966a-4b2c38b3bcf1:192.168.34.20:35904, e1680d33-177b-4bb4-917e-90597657b2e0:192.168.34.20:43081, 02f37fe2-fe34-4fe4-ac70-a7c31e6a188f:192.168.34.20:33800], old=null, confs=<EMPTY_MAP>
2019-11-05 17:59:38,501 [pool-377-thread-1] INFO  server.RaftServerConfigKeys (ConfUtils.java:logGet(43)) - raft.server.storage.dir = [/workdir/hadoop-ozone/ozonefs/target/test-dir/MiniOzoneClusterImpl-9778f43b-98ea-4b5e-871d-5b012366ef9d/datanode-0/data/ratis] (custom)
2019-11-05 17:59:38,501 [pool-377-thread-1] INFO  server.RaftServerConfigKeys (ConfUtils.java:logGet(43)) - raft.server.log.corruption.policy = EXCEPTION (default)
2019-11-05 17:59:38,501 [pool-377-thread-1] INFO  storage.RaftStorageDirectory (RaftStorageDirectory.java:analyzeStorage(246)) - The storage directory /workdir/hadoop-ozone/ozonefs/target/test-dir/MiniOzoneClusterImpl-9778f43b-98ea-4b5e-871d-5b012366ef9d/datanode-0/data/ratis/74b9e038-e348-42c1-864e-74b84a2e5e5d does not exist. Creating ...
2019-11-05 17:59:38,524 [pool-377-thread-1] INFO  storage.RaftStorageDirectory (RaftStorageDirectory.java:tryLock(328)) - Lock on /workdir/hadoop-ozone/ozonefs/target/test-dir/MiniOzoneClusterImpl-9778f43b-98ea-4b5e-871d-5b012366ef9d/datanode-0/data/ratis/74b9e038-e348-42c1-864e-74b84a2e5e5d/in_use.lock acquired by nodename 12775@pr-hdds-1987-wwl9f-3612113445
2019-11-05 17:59:38,524 [pool-397-thread-1] INFO  storage.RaftStorage (RaftStorage.java:format(84)) - Storage directory /workdir/hadoop-ozone/ozonefs/target/test-dir/MiniOzoneClusterImpl-9778f43b-98ea-4b5e-871d-5b012366ef9d/datanode-2/data/ratis/74b9e038-e348-42c1-864e-74b84a2e5e5d has been successfully formatted.
2019-11-05 17:59:38,524 [pool-387-thread-1] INFO  storage.RaftStorage (RaftStorage.java:format(84)) - Storage directory /workdir/hadoop-ozone/ozonefs/target/test-dir/MiniOzoneClusterImpl-9778f43b-98ea-4b5e-871d-5b012366ef9d/datanode-1/data/ratis/74b9e038-e348-42c1-864e-74b84a2e5e5d has been successfully formatted.
2019-11-05 17:59:38,525 [pool-397-thread-1] INFO  ratis.ContainerStateMachine (ContainerStateMachine.java:loadSnapshot(231)) - group-74B84A2E5E5D: The snapshot info is null. Setting the last applied indexto:(t:0, i:~)
2019-11-05 17:59:38,525 [pool-387-thread-1] INFO  ratis.ContainerStateMachine (ContainerStateMachine.java:loadSnapshot(231)) - group-74B84A2E5E5D: The snapshot info is null. Setting the last applied indexto:(t:0, i:~)
2019-11-05 17:59:38,525 [pool-397-thread-1] INFO  server.RaftServerConfigKeys (ConfUtils.java:logGet(43)) - raft.server.notification.no-leader.timeout = 120s (custom)
2019-11-05 17:59:38,525 [pool-387-thread-1] INFO  server.RaftServerConfigKeys (ConfUtils.java:logGet(43)) - raft.server.notification.no-leader.timeout = 120s (custom)
2019-11-05 17:59:38,525 [pool-397-thread-1] INFO  server.RaftServerConfigKeys (ConfUtils.java:logGet(43)) - raft.server.log.use.memory = false (default)
2019-11-05 17:59:38,525 [pool-387-thread-1] INFO  server.RaftServerConfigKeys (ConfUtils.java:logGet(43)) - raft.server.log.use.memory = false (default)
2019-11-05 17:59:38,526 [pool-397-thread-1] INFO  server.RaftServerConfigKeys (ConfUtils.java:logGet(43)) - raft.server.log.purge.gap = 1000000 (custom)
2019-11-05 17:59:38,526 [pool-387-thread-1] INFO  server.RaftServerConfigKeys (ConfUtils.java:logGet(43)) - raft.server.log.purge.gap = 1000000 (custom)
2019-11-05 17:59:38,526 [pool-397-thread-1] INFO  server.RaftServerConfigKeys (ConfUtils.java:logGet(43)) - raft.server.log.appender.buffer.byte-limit = 33554432 (custom)
2019-11-05 17:59:38,526 [pool-387-thread-1] INFO  server.RaftServerConfigKeys (ConfUtils.java:logGet(43)) - raft.server.log.appender.buffer.byte-limit = 33554432 (custom)
2019-11-05 17:59:38,526 [pool-397-thread-1] INFO  server.RaftServerConfigKeys (ConfUtils.java:logGet(43)) - raft.server.log.segment.size.max = 1048576 (custom)
2019-11-05 17:59:38,526 [pool-387-thread-1] INFO  server.RaftServerConfigKeys (ConfUtils.java:logGet(43)) - raft.server.log.segment.size.max = 1048576 (custom)
2019-11-05 17:59:38,526 [pool-397-thread-1] INFO  server.RaftServerConfigKeys (ConfUtils.java:logGet(43)) - raft.server.log.segment.cache.num.max = 2 (custom)
2019-11-05 17:59:38,526 [pool-387-thread-1] INFO  server.RaftServerConfigKeys (ConfUtils.java:logGet(43)) - raft.server.log.segment.cache.num.max = 2 (custom)
2019-11-05 17:59:38,527 [pool-397-thread-1] INFO  segmented.SegmentedRaftLogWorker (SegmentedRaftLogWorker.java:<init>(173)) - new ea459e14-13c3-43be-966a-4b2c38b3bcf1@group-74B84A2E5E5D-SegmentedRaftLogWorker for RaftStorage:Storage Directory /workdir/hadoop-ozone/ozonefs/target/test-dir/MiniOzoneClusterImpl-9778f43b-98ea-4b5e-871d-5b012366ef9d/datanode-2/data/ratis/74b9e038-e348-42c1-864e-74b84a2e5e5d
2019-11-05 17:59:38,527 [pool-387-thread-1] INFO  segmented.SegmentedRaftLogWorker (SegmentedRaftLogWorker.java:<init>(173)) - new 02f37fe2-fe34-4fe4-ac70-a7c31e6a188f@group-74B84A2E5E5D-SegmentedRaftLogWorker for RaftStorage:Storage Directory /workdir/hadoop-ozone/ozonefs/target/test-dir/MiniOzoneClusterImpl-9778f43b-98ea-4b5e-871d-5b012366ef9d/datanode-1/data/ratis/74b9e038-e348-42c1-864e-74b84a2e5e5d
2019-11-05 17:59:38,527 [pool-397-thread-1] INFO  server.RaftServerConfigKeys (ConfUtils.java:logGet(43)) - raft.server.log.queue.byte-limit = 2147483647 (custom)
2019-11-05 17:59:38,527 [pool-387-thread-1] INFO  server.RaftServerConfigKeys (ConfUtils.java:logGet(43)) - raft.server.log.queue.byte-limit = 2147483647 (custom)
2019-11-05 17:59:38,527 [pool-397-thread-1] INFO  server.RaftServerConfigKeys (ConfUtils.java:logGet(43)) - raft.server.log.queue.element-limit = 1024 (custom)
2019-11-05 17:59:38,527 [pool-387-thread-1] INFO  server.RaftServerConfigKeys (ConfUtils.java:logGet(43)) - raft.server.log.queue.element-limit = 1024 (custom)
2019-11-05 17:59:38,527 [pool-397-thread-1] INFO  server.RaftServerConfigKeys (ConfUtils.java:logGet(43)) - raft.server.log.segment.size.max = 1048576 (custom)
2019-11-05 17:59:38,527 [pool-387-thread-1] INFO  server.RaftServerConfigKeys (ConfUtils.java:logGet(43)) - raft.server.log.segment.size.max = 1048576 (custom)
2019-11-05 17:59:38,528 [pool-397-thread-1] INFO  server.RaftServerConfigKeys (ConfUtils.java:logGet(43)) - raft.server.log.preallocated.size = 16384 (custom)
2019-11-05 17:59:38,528 [pool-387-thread-1] INFO  server.RaftServerConfigKeys (ConfUtils.java:logGet(43)) - raft.server.log.preallocated.size = 16384 (custom)
2019-11-05 17:59:38,528 [pool-397-thread-1] INFO  server.RaftServerConfigKeys (ConfUtils.java:logGet(43)) - raft.server.log.write.buffer.size = 33554432 (custom)
2019-11-05 17:59:38,528 [pool-387-thread-1] INFO  server.RaftServerConfigKeys (ConfUtils.java:logGet(43)) - raft.server.log.write.buffer.size = 33554432 (custom)
2019-11-05 17:59:38,528 [pool-397-thread-1] INFO  server.RaftServerConfigKeys (ConfUtils.java:logGet(43)) - raft.server.log.force.sync.num = 128 (default)
2019-11-05 17:59:38,528 [pool-387-thread-1] INFO  server.RaftServerConfigKeys (ConfUtils.java:logGet(43)) - raft.server.log.force.sync.num = 128 (default)
2019-11-05 17:59:38,528 [pool-397-thread-1] INFO  server.RaftServerConfigKeys (ConfUtils.java:logGet(43)) - raft.server.log.statemachine.data.sync = true (default)
2019-11-05 17:59:38,528 [pool-387-thread-1] INFO  server.RaftServerConfigKeys (ConfUtils.java:logGet(43)) - raft.server.log.statemachine.data.sync = true (default)
2019-11-05 17:59:38,528 [pool-397-thread-1] INFO  server.RaftServerConfigKeys (ConfUtils.java:logGet(43)) - raft.server.log.statemachine.data.sync.timeout = 10s (default)
2019-11-05 17:59:38,529 [pool-387-thread-1] INFO  server.RaftServerConfigKeys (ConfUtils.java:logGet(43)) - raft.server.log.statemachine.data.sync.timeout = 10s (default)
2019-11-05 17:59:38,529 [pool-397-thread-1] INFO  server.RaftServerConfigKeys (ConfUtils.java:logGet(43)) - raft.server.log.statemachine.data.sync.timeout.retry = -1 (default)
2019-11-05 17:59:38,529 [pool-387-thread-1] INFO  server.RaftServerConfigKeys (ConfUtils.java:logGet(43)) - raft.server.log.statemachine.data.sync.timeout.retry = -1 (default)
2019-11-05 17:59:38,529 [pool-397-thread-1] INFO  server.RaftServerConfigKeys (ConfUtils.java:logGet(43)) - raft.server.log.statemachine.data.caching.enabled = true (custom)
2019-11-05 17:59:38,529 [pool-387-thread-1] INFO  server.RaftServerConfigKeys (ConfUtils.java:logGet(43)) - raft.server.log.statemachine.data.caching.enabled = true (custom)
2019-11-05 17:59:38,529 [pool-397-thread-1] INFO  segmented.SegmentedRaftLogWorker (SegmentedRaftLogWorker.java:lambda$new$0(128)) - ea459e14-13c3-43be-966a-4b2c38b3bcf1@group-74B84A2E5E5D-SegmentedRaftLogWorker: flushIndex: setUnconditionally 0 -> -1
2019-11-05 17:59:38,529 [pool-387-thread-1] INFO  segmented.SegmentedRaftLogWorker (SegmentedRaftLogWorker.java:lambda$new$0(128)) - 02f37fe2-fe34-4fe4-ac70-a7c31e6a188f@group-74B84A2E5E5D-SegmentedRaftLogWorker: flushIndex: setUnconditionally 0 -> -1
2019-11-05 17:59:38,530 [pool-397-thread-1] INFO  server.RaftServerConfigKeys (ConfUtils.java:logGet(43)) - raft.server.snapshot.auto.trigger.enabled = true (custom)
2019-11-05 17:59:38,530 [pool-387-thread-1] INFO  server.RaftServerConfigKeys (ConfUtils.java:logGet(43)) - raft.server.snapshot.auto.trigger.enabled = true (custom)
2019-11-05 17:59:38,530 [pool-397-thread-1] INFO  server.RaftServerConfigKeys (ConfUtils.java:logGet(43)) - raft.server.snapshot.auto.trigger.threshold = 10000 (custom)
2019-11-05 17:59:38,530 [pool-387-thread-1] INFO  server.RaftServerConfigKeys (ConfUtils.java:logGet(43)) - raft.server.snapshot.auto.trigger.threshold = 10000 (custom)
2019-11-05 17:59:38,530 [pool-397-thread-1] INFO  server.RaftServerConfigKeys (ConfUtils.java:logGet(43)) - raft.server.snapshot.retention.file.num = 5 (custom)
2019-11-05 17:59:38,530 [pool-387-thread-1] INFO  server.RaftServerConfigKeys (ConfUtils.java:logGet(43)) - raft.server.snapshot.retention.file.num = 5 (custom)
2019-11-05 17:59:38,530 [pool-397-thread-1] INFO  server.RaftServerConfigKeys (ConfUtils.java:logGet(43)) - raft.server.retrycache.expirytime = 600000ms (custom)
2019-11-05 17:59:38,530 [pool-387-thread-1] INFO  server.RaftServerConfigKeys (ConfUtils.java:logGet(43)) - raft.server.retrycache.expirytime = 600000ms (custom)
2019-11-05 17:59:38,531 [pool-387-thread-1] WARN  impl.MetricRegistriesImpl (MetricRegistriesImpl.java:lambda$create$1(61)) - First MetricRegistry has been created without registering reporters. You may need to call MetricRegistries.global().addReportRegistration(...) before.
2019-11-05 17:59:38,531 [pool-397-thread-1] WARN  impl.MetricRegistriesImpl (MetricRegistriesImpl.java:lambda$create$1(61)) - First MetricRegistry has been created without registering reporters. You may need to call MetricRegistries.global().addReportRegistration(...) before.
2019-11-05 17:59:38,531 [pool-387-thread-1] WARN  impl.MetricRegistriesImpl (MetricRegistriesImpl.java:lambda$create$1(61)) - First MetricRegistry has been created without registering reporters. You may need to call MetricRegistries.global().addReportRegistration(...) before.
2019-11-05 17:59:38,531 [pool-397-thread-1] WARN  impl.MetricRegistriesImpl (MetricRegistriesImpl.java:lambda$create$1(61)) - First MetricRegistry has been created without registering reporters. You may need to call MetricRegistries.global().addReportRegistration(...) before.
2019-11-05 17:59:38,531 [pool-387-thread-1] INFO  impl.RaftServerImpl (RaftServerImpl.java:start(184)) - 02f37fe2-fe34-4fe4-ac70-a7c31e6a188f@group-74B84A2E5E5D: start as a follower, conf=-1: [ea459e14-13c3-43be-966a-4b2c38b3bcf1:192.168.34.20:35904, e1680d33-177b-4bb4-917e-90597657b2e0:192.168.34.20:43081, 02f37fe2-fe34-4fe4-ac70-a7c31e6a188f:192.168.34.20:33800], old=null
2019-11-05 17:59:38,531 [pool-397-thread-1] INFO  impl.RaftServerImpl (RaftServerImpl.java:start(184)) - ea459e14-13c3-43be-966a-4b2c38b3bcf1@group-74B84A2E5E5D: start as a follower, conf=-1: [ea459e14-13c3-43be-966a-4b2c38b3bcf1:192.168.34.20:35904, e1680d33-177b-4bb4-917e-90597657b2e0:192.168.34.20:43081, 02f37fe2-fe34-4fe4-ac70-a7c31e6a188f:192.168.34.20:33800], old=null
2019-11-05 17:59:38,531 [pool-387-thread-1] INFO  impl.RaftServerImpl (RaftServerImpl.java:setRole(173)) - 02f37fe2-fe34-4fe4-ac70-a7c31e6a188f@group-74B84A2E5E5D: changes role from      null to FOLLOWER at term 0 for startAsFollower
2019-11-05 17:59:38,531 [pool-397-thread-1] INFO  impl.RaftServerImpl (RaftServerImpl.java:setRole(173)) - ea459e14-13c3-43be-966a-4b2c38b3bcf1@group-74B84A2E5E5D: changes role from      null to FOLLOWER at term 0 for startAsFollower
2019-11-05 17:59:38,531 [pool-387-thread-1] INFO  impl.RoleInfo (RoleInfo.java:updateAndGet(143)) - 02f37fe2-fe34-4fe4-ac70-a7c31e6a188f: start FollowerState
2019-11-05 17:59:38,532 [pool-397-thread-1] INFO  impl.RoleInfo (RoleInfo.java:updateAndGet(143)) - ea459e14-13c3-43be-966a-4b2c38b3bcf1: start FollowerState
2019-11-05 17:59:38,532 [pool-387-thread-1] INFO  util.JmxRegister (JmxRegister.java:tryRegister(44)) - Successfully registered JMX Bean with object name Ratis:service=RaftServer,group=group-74B84A2E5E5D,id=02f37fe2-fe34-4fe4-ac70-a7c31e6a188f
2019-11-05 17:59:38,532 [pool-387-thread-1] WARN  impl.MetricRegistriesImpl (MetricRegistriesImpl.java:lambda$create$1(61)) - First MetricRegistry has been created without registering reporters. You may need to call MetricRegistries.global().addReportRegistration(...) before.
2019-11-05 17:59:38,532 [pool-397-thread-1] INFO  util.JmxRegister (JmxRegister.java:tryRegister(44)) - Successfully registered JMX Bean with object name Ratis:service=RaftServer,group=group-74B84A2E5E5D,id=ea459e14-13c3-43be-966a-4b2c38b3bcf1
2019-11-05 17:59:38,532 [pool-397-thread-1] WARN  impl.MetricRegistriesImpl (MetricRegistriesImpl.java:lambda$create$1(61)) - First MetricRegistry has been created without registering reporters. You may need to call MetricRegistries.global().addReportRegistration(...) before.
2019-11-05 17:59:38,538 [pool-377-thread-1] INFO  storage.RaftStorage (RaftStorage.java:format(84)) - Storage directory /workdir/hadoop-ozone/ozonefs/target/test-dir/MiniOzoneClusterImpl-9778f43b-98ea-4b5e-871d-5b012366ef9d/datanode-0/data/ratis/74b9e038-e348-42c1-864e-74b84a2e5e5d has been successfully formatted.
2019-11-05 17:59:38,538 [pool-377-thread-1] INFO  ratis.ContainerStateMachine (ContainerStateMachine.java:loadSnapshot(231)) - group-74B84A2E5E5D: The snapshot info is null. Setting the last applied indexto:(t:0, i:~)
2019-11-05 17:59:38,538 [pool-377-thread-1] INFO  server.RaftServerConfigKeys (ConfUtils.java:logGet(43)) - raft.server.notification.no-leader.timeout = 120s (custom)
2019-11-05 17:59:38,538 [pool-377-thread-1] INFO  server.RaftServerConfigKeys (ConfUtils.java:logGet(43)) - raft.server.log.use.memory = false (default)
2019-11-05 17:59:38,538 [pool-377-thread-1] INFO  server.RaftServerConfigKeys (ConfUtils.java:logGet(43)) - raft.server.log.purge.gap = 1000000 (custom)
2019-11-05 17:59:38,538 [pool-377-thread-1] INFO  server.RaftServerConfigKeys (ConfUtils.java:logGet(43)) - raft.server.log.appender.buffer.byte-limit = 33554432 (custom)
2019-11-05 17:59:38,538 [pool-377-thread-1] INFO  server.RaftServerConfigKeys (ConfUtils.java:logGet(43)) - raft.server.log.segment.size.max = 1048576 (custom)
2019-11-05 17:59:38,538 [pool-377-thread-1] INFO  server.RaftServerConfigKeys (ConfUtils.java:logGet(43)) - raft.server.log.segment.cache.num.max = 2 (custom)
2019-11-05 17:59:38,539 [pool-377-thread-1] INFO  segmented.SegmentedRaftLogWorker (SegmentedRaftLogWorker.java:<init>(173)) - new e1680d33-177b-4bb4-917e-90597657b2e0@group-74B84A2E5E5D-SegmentedRaftLogWorker for RaftStorage:Storage Directory /workdir/hadoop-ozone/ozonefs/target/test-dir/MiniOzoneClusterImpl-9778f43b-98ea-4b5e-871d-5b012366ef9d/datanode-0/data/ratis/74b9e038-e348-42c1-864e-74b84a2e5e5d
2019-11-05 17:59:38,539 [pool-377-thread-1] INFO  server.RaftServerConfigKeys (ConfUtils.java:logGet(43)) - raft.server.log.queue.byte-limit = 2147483647 (custom)
2019-11-05 17:59:38,539 [pool-377-thread-1] INFO  server.RaftServerConfigKeys (ConfUtils.java:logGet(43)) - raft.server.log.queue.element-limit = 1024 (custom)
2019-11-05 17:59:38,539 [pool-377-thread-1] INFO  server.RaftServerConfigKeys (ConfUtils.java:logGet(43)) - raft.server.log.segment.size.max = 1048576 (custom)
2019-11-05 17:59:38,539 [pool-377-thread-1] INFO  server.RaftServerConfigKeys (ConfUtils.java:logGet(43)) - raft.server.log.preallocated.size = 16384 (custom)
2019-11-05 17:59:38,539 [pool-377-thread-1] INFO  server.RaftServerConfigKeys (ConfUtils.java:logGet(43)) - raft.server.log.write.buffer.size = 33554432 (custom)
2019-11-05 17:59:38,539 [pool-377-thread-1] INFO  server.RaftServerConfigKeys (ConfUtils.java:logGet(43)) - raft.server.log.force.sync.num = 128 (default)
2019-11-05 17:59:38,539 [pool-377-thread-1] INFO  server.RaftServerConfigKeys (ConfUtils.java:logGet(43)) - raft.server.log.statemachine.data.sync = true (default)
2019-11-05 17:59:38,539 [pool-377-thread-1] INFO  server.RaftServerConfigKeys (ConfUtils.java:logGet(43)) - raft.server.log.statemachine.data.sync.timeout = 10s (default)
2019-11-05 17:59:38,539 [pool-377-thread-1] INFO  server.RaftServerConfigKeys (ConfUtils.java:logGet(43)) - raft.server.log.statemachine.data.sync.timeout.retry = -1 (default)
2019-11-05 17:59:38,539 [pool-377-thread-1] INFO  server.RaftServerConfigKeys (ConfUtils.java:logGet(43)) - raft.server.log.statemachine.data.caching.enabled = true (custom)
2019-11-05 17:59:38,540 [pool-377-thread-1] INFO  segmented.SegmentedRaftLogWorker (SegmentedRaftLogWorker.java:lambda$new$0(128)) - e1680d33-177b-4bb4-917e-90597657b2e0@group-74B84A2E5E5D-SegmentedRaftLogWorker: flushIndex: setUnconditionally 0 -> -1
2019-11-05 17:59:38,540 [pool-377-thread-1] INFO  server.RaftServerConfigKeys (ConfUtils.java:logGet(43)) - raft.server.snapshot.auto.trigger.enabled = true (custom)
2019-11-05 17:59:38,540 [pool-377-thread-1] INFO  server.RaftServerConfigKeys (ConfUtils.java:logGet(43)) - raft.server.snapshot.auto.trigger.threshold = 10000 (custom)
2019-11-05 17:59:38,540 [pool-377-thread-1] INFO  server.RaftServerConfigKeys (ConfUtils.java:logGet(43)) - raft.server.snapshot.retention.file.num = 5 (custom)
2019-11-05 17:59:38,540 [pool-377-thread-1] INFO  server.RaftServerConfigKeys (ConfUtils.java:logGet(43)) - raft.server.retrycache.expirytime = 600000ms (custom)
2019-11-05 17:59:38,540 [pool-377-thread-1] WARN  impl.MetricRegistriesImpl (MetricRegistriesImpl.java:lambda$create$1(61)) - First MetricRegistry has been created without registering reporters. You may need to call MetricRegistries.global().addReportRegistration(...) before.
2019-11-05 17:59:38,540 [pool-377-thread-1] WARN  impl.MetricRegistriesImpl (MetricRegistriesImpl.java:lambda$create$1(61)) - First MetricRegistry has been created without registering reporters. You may need to call MetricRegistries.global().addReportRegistration(...) before.
2019-11-05 17:59:38,541 [pool-377-thread-1] INFO  impl.RaftServerImpl (RaftServerImpl.java:start(184)) - e1680d33-177b-4bb4-917e-90597657b2e0@group-74B84A2E5E5D: start as a follower, conf=-1: [ea459e14-13c3-43be-966a-4b2c38b3bcf1:192.168.34.20:35904, e1680d33-177b-4bb4-917e-90597657b2e0:192.168.34.20:43081, 02f37fe2-fe34-4fe4-ac70-a7c31e6a188f:192.168.34.20:33800], old=null
2019-11-05 17:59:38,541 [pool-377-thread-1] INFO  impl.RaftServerImpl (RaftServerImpl.java:setRole(173)) - e1680d33-177b-4bb4-917e-90597657b2e0@group-74B84A2E5E5D: changes role from      null to FOLLOWER at term 0 for startAsFollower
2019-11-05 17:59:38,541 [pool-377-thread-1] INFO  impl.RoleInfo (RoleInfo.java:updateAndGet(143)) - e1680d33-177b-4bb4-917e-90597657b2e0: start FollowerState
2019-11-05 17:59:38,541 [pool-377-thread-1] INFO  util.JmxRegister (JmxRegister.java:tryRegister(44)) - Successfully registered JMX Bean with object name Ratis:service=RaftServer,group=group-74B84A2E5E5D,id=e1680d33-177b-4bb4-917e-90597657b2e0
2019-11-05 17:59:38,541 [pool-377-thread-1] WARN  impl.MetricRegistriesImpl (MetricRegistriesImpl.java:lambda$create$1(61)) - First MetricRegistry has been created without registering reporters. You may need to call MetricRegistries.global().addReportRegistration(...) before.
2019-11-05 17:59:38,544 [RatisPipelineUtilsThread] INFO  pipeline.PipelineStateManager (PipelineStateManager.java:addPipeline(56)) - Created pipeline Pipeline[ Id: 74b9e038-e348-42c1-864e-74b84a2e5e5d, Nodes: e1680d33-177b-4bb4-917e-90597657b2e0{ip: 192.168.34.20, host: pr-hdds-1987-wwl9f-3612113445, networkLocation: /default-rack, certSerialId: null}02f37fe2-fe34-4fe4-ac70-a7c31e6a188f{ip: 192.168.34.20, host: pr-hdds-1987-wwl9f-3612113445, networkLocation: /default-rack, certSerialId: null}ea459e14-13c3-43be-966a-4b2c38b3bcf1{ip: 192.168.34.20, host: pr-hdds-1987-wwl9f-3612113445, networkLocation: /default-rack, certSerialId: null}, Type:RATIS, Factor:THREE, State:OPEN]
2019-11-05 17:59:39,422 [Thread-1527] INFO  ozone.MiniOzoneClusterImpl (MiniOzoneClusterImpl.java:lambda$waitForClusterToBeReady$0(147)) - Cluster is ready. Got 3 of 3 DN Heartbeats.
2019-11-05 17:59:39,463 [Thread-1527] INFO  rpc.RpcClient (RpcClient.java:createVolume(291)) - Creating Volume: volume81410, with user66183 as owner.
2019-11-05 17:59:39,466 [IPC Server handler 2 on 43422] INFO  volume.OMVolumeCreateRequest (OMVolumeCreateRequest.java:validateAndUpdateCache(193)) - created volume:volume81410 for user:user66183
2019-11-05 17:59:39,507 [Thread-1527] INFO  rpc.RpcClient (RpcClient.java:createBucket(430)) - Creating Bucket: volume81410/bucket71142, with Versioning false and Storage Type set to DISK and Encryption set to false 
2019-11-05 17:59:41,277 [Thread-1699] INFO  container.ReplicationManager (ReplicationManager.java:start(162)) - Starting Replication Monitor Thread.
2019-11-05 17:59:41,279 [ReplicationMonitor] INFO  container.ReplicationManager (ReplicationManager.java:run(225)) - Replication Monitor Thread took 0 milliseconds for processing 0 containers.
2019-11-05 17:59:43,387 [Thread-1701] INFO  impl.FollowerState (FollowerState.java:run(111)) - e1680d33-177b-4bb4-917e-90597657b2e0@group-47CC94F5E9F2-FollowerState: change to CANDIDATE, lastRpcTime:5058ms, electionTimeout:5058ms
2019-11-05 17:59:43,389 [Thread-1701] INFO  impl.RoleInfo (RoleInfo.java:shutdownFollowerState(121)) - e1680d33-177b-4bb4-917e-90597657b2e0: shutdown FollowerState
2019-11-05 17:59:43,389 [Thread-1701] INFO  impl.RaftServerImpl (RaftServerImpl.java:setRole(173)) - e1680d33-177b-4bb4-917e-90597657b2e0@group-47CC94F5E9F2: changes role from  FOLLOWER to CANDIDATE at term 0 for changeToCandidate
2019-11-05 17:59:43,389 [Thread-1701] INFO  impl.RoleInfo (RoleInfo.java:updateAndGet(143)) - e1680d33-177b-4bb4-917e-90597657b2e0: start LeaderElection
2019-11-05 17:59:43,417 [e1680d33-177b-4bb4-917e-90597657b2e0@group-47CC94F5E9F2-LeaderElection37] INFO  impl.LeaderElection (LeaderElection.java:askForVotes(178)) - e1680d33-177b-4bb4-917e-90597657b2e0@group-47CC94F5E9F2-LeaderElection37: begin an election at term 1 for -1: [e1680d33-177b-4bb4-917e-90597657b2e0:192.168.34.20:43081], old=null
2019-11-05 17:59:43,417 [e1680d33-177b-4bb4-917e-90597657b2e0@group-47CC94F5E9F2-LeaderElection37] INFO  impl.RoleInfo (RoleInfo.java:shutdownLeaderElection(134)) - e1680d33-177b-4bb4-917e-90597657b2e0: shutdown LeaderElection
2019-11-05 17:59:43,418 [e1680d33-177b-4bb4-917e-90597657b2e0@group-47CC94F5E9F2-LeaderElection37] INFO  impl.RaftServerImpl (RaftServerImpl.java:setRole(173)) - e1680d33-177b-4bb4-917e-90597657b2e0@group-47CC94F5E9F2: changes role from CANDIDATE to LEADER at term 1 for changeToLeader
2019-11-05 17:59:43,418 [e1680d33-177b-4bb4-917e-90597657b2e0@group-47CC94F5E9F2-LeaderElection37] INFO  impl.RaftServerImpl (ServerState.java:setLeader(255)) - e1680d33-177b-4bb4-917e-90597657b2e0@group-47CC94F5E9F2: change Leader from null to e1680d33-177b-4bb4-917e-90597657b2e0 at term 1 for becomeLeader, leader elected after 5092ms
2019-11-05 17:59:43,418 [e1680d33-177b-4bb4-917e-90597657b2e0@group-47CC94F5E9F2-LeaderElection37] INFO  server.RaftServerConfigKeys (ConfUtils.java:logGet(43)) - raft.server.staging.catchup.gap = 1000 (default)
2019-11-05 17:59:43,418 [e1680d33-177b-4bb4-917e-90597657b2e0@group-47CC94F5E9F2-LeaderElection37] INFO  server.RaftServerConfigKeys (ConfUtils.java:logGet(43)) - raft.server.rpc.sleep.time = 25ms (default)
2019-11-05 17:59:43,418 [e1680d33-177b-4bb4-917e-90597657b2e0@group-47CC94F5E9F2-LeaderElection37] INFO  server.RaftServerConfigKeys (ConfUtils.java:logGet(43)) - raft.server.write.element-limit = 4096 (default)
2019-11-05 17:59:43,419 [e1680d33-177b-4bb4-917e-90597657b2e0@group-47CC94F5E9F2-LeaderElection37] INFO  server.RaftServerConfigKeys (ConfUtils.java:logGet(43)) - raft.server.watch.timeout = 10s (default)
2019-11-05 17:59:43,419 [e1680d33-177b-4bb4-917e-90597657b2e0@group-47CC94F5E9F2-LeaderElection37] INFO  server.RaftServerConfigKeys (ConfUtils.java:logGet(43)) - raft.server.watch.timeout.denomination = 1s (default)
2019-11-05 17:59:43,419 [e1680d33-177b-4bb4-917e-90597657b2e0@group-47CC94F5E9F2-LeaderElection37] INFO  server.RaftServerConfigKeys (ConfUtils.java:logGet(43)) - raft.server.watch.element-limit = 65536 (default)
2019-11-05 17:59:43,419 [e1680d33-177b-4bb4-917e-90597657b2e0@group-47CC94F5E9F2-LeaderElection37] INFO  impl.RoleInfo (RoleInfo.java:updateAndGet(143)) - e1680d33-177b-4bb4-917e-90597657b2e0: start LeaderState
2019-11-05 17:59:43,419 [e1680d33-177b-4bb4-917e-90597657b2e0@group-47CC94F5E9F2-LeaderElection37] INFO  segmented.SegmentedRaftLogWorker (SegmentedRaftLogWorker.java:startLogSegment(385)) - e1680d33-177b-4bb4-917e-90597657b2e0@group-47CC94F5E9F2-SegmentedRaftLogWorker: Starting segment from index:0
2019-11-05 17:59:43,420 [e1680d33-177b-4bb4-917e-90597657b2e0@group-47CC94F5E9F2-LeaderElection37] INFO  impl.RaftServerImpl (ServerState.java:setRaftConf(356)) - e1680d33-177b-4bb4-917e-90597657b2e0@group-47CC94F5E9F2: set configuration 0: [e1680d33-177b-4bb4-917e-90597657b2e0:192.168.34.20:43081], old=null at 0
2019-11-05 17:59:43,446 [e1680d33-177b-4bb4-917e-90597657b2e0@group-47CC94F5E9F2-SegmentedRaftLogWorker] INFO  segmented.SegmentedRaftLogWorker (SegmentedRaftLogWorker.java:execute(576)) - e1680d33-177b-4bb4-917e-90597657b2e0@group-47CC94F5E9F2-SegmentedRaftLogWorker: created new log segment /workdir/hadoop-ozone/ozonefs/target/test-dir/MiniOzoneClusterImpl-9778f43b-98ea-4b5e-871d-5b012366ef9d/datanode-0/data/ratis/73436fd1-9dc7-4729-99b6-47cc94f5e9f2/current/log_inprogress_0
2019-11-05 17:59:43,488 [Thread-1707] INFO  impl.FollowerState (FollowerState.java:run(111)) - ea459e14-13c3-43be-966a-4b2c38b3bcf1@group-B8443A85C292-FollowerState: change to CANDIDATE, lastRpcTime:5021ms, electionTimeout:5021ms
2019-11-05 17:59:43,488 [Thread-1707] INFO  impl.RoleInfo (RoleInfo.java:shutdownFollowerState(121)) - ea459e14-13c3-43be-966a-4b2c38b3bcf1: shutdown FollowerState
2019-11-05 17:59:43,488 [Thread-1707] INFO  impl.RaftServerImpl (RaftServerImpl.java:setRole(173)) - ea459e14-13c3-43be-966a-4b2c38b3bcf1@group-B8443A85C292: changes role from  FOLLOWER to CANDIDATE at term 0 for changeToCandidate
2019-11-05 17:59:43,488 [Thread-1707] INFO  impl.RoleInfo (RoleInfo.java:updateAndGet(143)) - ea459e14-13c3-43be-966a-4b2c38b3bcf1: start LeaderElection
2019-11-05 17:59:43,494 [ea459e14-13c3-43be-966a-4b2c38b3bcf1@group-B8443A85C292-LeaderElection38] INFO  impl.LeaderElection (LeaderElection.java:askForVotes(178)) - ea459e14-13c3-43be-966a-4b2c38b3bcf1@group-B8443A85C292-LeaderElection38: begin an election at term 1 for -1: [ea459e14-13c3-43be-966a-4b2c38b3bcf1:192.168.34.20:35904], old=null
2019-11-05 17:59:43,494 [ea459e14-13c3-43be-966a-4b2c38b3bcf1@group-B8443A85C292-LeaderElection38] INFO  impl.RoleInfo (RoleInfo.java:shutdownLeaderElection(134)) - ea459e14-13c3-43be-966a-4b2c38b3bcf1: shutdown LeaderElection
2019-11-05 17:59:43,494 [ea459e14-13c3-43be-966a-4b2c38b3bcf1@group-B8443A85C292-LeaderElection38] INFO  impl.RaftServerImpl (RaftServerImpl.java:setRole(173)) - ea459e14-13c3-43be-966a-4b2c38b3bcf1@group-B8443A85C292: changes role from CANDIDATE to LEADER at term 1 for changeToLeader
2019-11-05 17:59:43,494 [ea459e14-13c3-43be-966a-4b2c38b3bcf1@group-B8443A85C292-LeaderElection38] INFO  impl.RaftServerImpl (ServerState.java:setLeader(255)) - ea459e14-13c3-43be-966a-4b2c38b3bcf1@group-B8443A85C292: change Leader from null to ea459e14-13c3-43be-966a-4b2c38b3bcf1 at term 1 for becomeLeader, leader elected after 5032ms
2019-11-05 17:59:43,495 [ea459e14-13c3-43be-966a-4b2c38b3bcf1@group-B8443A85C292-LeaderElection38] INFO  server.RaftServerConfigKeys (ConfUtils.java:logGet(43)) - raft.server.staging.catchup.gap = 1000 (default)
2019-11-05 17:59:43,495 [ea459e14-13c3-43be-966a-4b2c38b3bcf1@group-B8443A85C292-LeaderElection38] INFO  server.RaftServerConfigKeys (ConfUtils.java:logGet(43)) - raft.server.rpc.sleep.time = 25ms (default)
2019-11-05 17:59:43,495 [ea459e14-13c3-43be-966a-4b2c38b3bcf1@group-B8443A85C292-LeaderElection38] INFO  server.RaftServerConfigKeys (ConfUtils.java:logGet(43)) - raft.server.write.element-limit = 4096 (default)
2019-11-05 17:59:43,495 [ea459e14-13c3-43be-966a-4b2c38b3bcf1@group-B8443A85C292-LeaderElection38] INFO  server.RaftServerConfigKeys (ConfUtils.java:logGet(43)) - raft.server.watch.timeout = 10s (default)
2019-11-05 17:59:43,495 [ea459e14-13c3-43be-966a-4b2c38b3bcf1@group-B8443A85C292-LeaderElection38] INFO  server.RaftServerConfigKeys (ConfUtils.java:logGet(43)) - raft.server.watch.timeout.denomination = 1s (default)
2019-11-05 17:59:43,495 [ea459e14-13c3-43be-966a-4b2c38b3bcf1@group-B8443A85C292-LeaderElection38] INFO  server.RaftServerConfigKeys (ConfUtils.java:logGet(43)) - raft.server.watch.element-limit = 65536 (default)
2019-11-05 17:59:43,495 [ea459e14-13c3-43be-966a-4b2c38b3bcf1@group-B8443A85C292-LeaderElection38] INFO  impl.RoleInfo (RoleInfo.java:updateAndGet(143)) - ea459e14-13c3-43be-966a-4b2c38b3bcf1: start LeaderState
2019-11-05 17:59:43,495 [ea459e14-13c3-43be-966a-4b2c38b3bcf1@group-B8443A85C292-LeaderElection38] INFO  segmented.SegmentedRaftLogWorker (SegmentedRaftLogWorker.java:startLogSegment(385)) - ea459e14-13c3-43be-966a-4b2c38b3bcf1@group-B8443A85C292-SegmentedRaftLogWorker: Starting segment from index:0
2019-11-05 17:59:43,496 [ea459e14-13c3-43be-966a-4b2c38b3bcf1@group-B8443A85C292-LeaderElection38] INFO  impl.RaftServerImpl (ServerState.java:setRaftConf(356)) - ea459e14-13c3-43be-966a-4b2c38b3bcf1@group-B8443A85C292: set configuration 0: [ea459e14-13c3-43be-966a-4b2c38b3bcf1:192.168.34.20:35904], old=null at 0
2019-11-05 17:59:43,522 [ea459e14-13c3-43be-966a-4b2c38b3bcf1@group-B8443A85C292-SegmentedRaftLogWorker] INFO  segmented.SegmentedRaftLogWorker (SegmentedRaftLogWorker.java:execute(576)) - ea459e14-13c3-43be-966a-4b2c38b3bcf1@group-B8443A85C292-SegmentedRaftLogWorker: created new log segment /workdir/hadoop-ozone/ozonefs/target/test-dir/MiniOzoneClusterImpl-9778f43b-98ea-4b5e-871d-5b012366ef9d/datanode-2/data/ratis/fe3dfd70-9f6f-4ed6-8051-b8443a85c292/current/log_inprogress_0
2019-11-05 17:59:43,571 [Thread-1704] INFO  impl.FollowerState (FollowerState.java:run(111)) - 02f37fe2-fe34-4fe4-ac70-a7c31e6a188f@group-DD39B51649EE-FollowerState: change to CANDIDATE, lastRpcTime:5181ms, electionTimeout:5181ms
2019-11-05 17:59:43,571 [Thread-1704] INFO  impl.RoleInfo (RoleInfo.java:shutdownFollowerState(121)) - 02f37fe2-fe34-4fe4-ac70-a7c31e6a188f: shutdown FollowerState
2019-11-05 17:59:43,571 [Thread-1704] INFO  impl.RaftServerImpl (RaftServerImpl.java:setRole(173)) - 02f37fe2-fe34-4fe4-ac70-a7c31e6a188f@group-DD39B51649EE: changes role from  FOLLOWER to CANDIDATE at term 0 for changeToCandidate
2019-11-05 17:59:43,571 [Thread-1704] INFO  impl.RoleInfo (RoleInfo.java:updateAndGet(143)) - 02f37fe2-fe34-4fe4-ac70-a7c31e6a188f: start LeaderElection
2019-11-05 17:59:43,585 [Thread-1712] INFO  impl.FollowerState (FollowerState.java:run(111)) - ea459e14-13c3-43be-966a-4b2c38b3bcf1@group-74B84A2E5E5D-FollowerState: change to CANDIDATE, lastRpcTime:5053ms, electionTimeout:5053ms
2019-11-05 17:59:43,585 [Thread-1712] INFO  impl.RoleInfo (RoleInfo.java:shutdownFollowerState(121)) - ea459e14-13c3-43be-966a-4b2c38b3bcf1: shutdown FollowerState
2019-11-05 17:59:43,585 [Thread-1712] INFO  impl.RaftServerImpl (RaftServerImpl.java:setRole(173)) - ea459e14-13c3-43be-966a-4b2c38b3bcf1@group-74B84A2E5E5D: changes role from  FOLLOWER to CANDIDATE at term 0 for changeToCandidate
2019-11-05 17:59:43,586 [Thread-1712] INFO  impl.RoleInfo (RoleInfo.java:updateAndGet(143)) - ea459e14-13c3-43be-966a-4b2c38b3bcf1: start LeaderElection
2019-11-05 17:59:43,589 [02f37fe2-fe34-4fe4-ac70-a7c31e6a188f@group-DD39B51649EE-LeaderElection39] INFO  impl.LeaderElection (LeaderElection.java:askForVotes(178)) - 02f37fe2-fe34-4fe4-ac70-a7c31e6a188f@group-DD39B51649EE-LeaderElection39: begin an election at term 1 for -1: [02f37fe2-fe34-4fe4-ac70-a7c31e6a188f:192.168.34.20:33800], old=null
2019-11-05 17:59:43,589 [02f37fe2-fe34-4fe4-ac70-a7c31e6a188f@group-DD39B51649EE-LeaderElection39] INFO  impl.RoleInfo (RoleInfo.java:shutdownLeaderElection(134)) - 02f37fe2-fe34-4fe4-ac70-a7c31e6a188f: shutdown LeaderElection
2019-11-05 17:59:43,589 [02f37fe2-fe34-4fe4-ac70-a7c31e6a188f@group-DD39B51649EE-LeaderElection39] INFO  impl.RaftServerImpl (RaftServerImpl.java:setRole(173)) - 02f37fe2-fe34-4fe4-ac70-a7c31e6a188f@group-DD39B51649EE: changes role from CANDIDATE to LEADER at term 1 for changeToLeader
2019-11-05 17:59:43,589 [02f37fe2-fe34-4fe4-ac70-a7c31e6a188f@group-DD39B51649EE-LeaderElection39] INFO  impl.RaftServerImpl (ServerState.java:setLeader(255)) - 02f37fe2-fe34-4fe4-ac70-a7c31e6a188f@group-DD39B51649EE: change Leader from null to 02f37fe2-fe34-4fe4-ac70-a7c31e6a188f at term 1 for becomeLeader, leader elected after 5205ms
2019-11-05 17:59:43,590 [02f37fe2-fe34-4fe4-ac70-a7c31e6a188f@group-DD39B51649EE-LeaderElection39] INFO  server.RaftServerConfigKeys (ConfUtils.java:logGet(43)) - raft.server.staging.catchup.gap = 1000 (default)
2019-11-05 17:59:43,590 [02f37fe2-fe34-4fe4-ac70-a7c31e6a188f@group-DD39B51649EE-LeaderElection39] INFO  server.RaftServerConfigKeys (ConfUtils.java:logGet(43)) - raft.server.rpc.sleep.time = 25ms (default)
2019-11-05 17:59:43,590 [02f37fe2-fe34-4fe4-ac70-a7c31e6a188f@group-DD39B51649EE-LeaderElection39] INFO  server.RaftServerConfigKeys (ConfUtils.java:logGet(43)) - raft.server.write.element-limit = 4096 (default)
2019-11-05 17:59:43,590 [02f37fe2-fe34-4fe4-ac70-a7c31e6a188f@group-DD39B51649EE-LeaderElection39] INFO  server.RaftServerConfigKeys (ConfUtils.java:logGet(43)) - raft.server.watch.timeout = 10s (default)
2019-11-05 17:59:43,590 [02f37fe2-fe34-4fe4-ac70-a7c31e6a188f@group-DD39B51649EE-LeaderElection39] INFO  server.RaftServerConfigKeys (ConfUtils.java:logGet(43)) - raft.server.watch.timeout.denomination = 1s (default)
2019-11-05 17:59:43,590 [02f37fe2-fe34-4fe4-ac70-a7c31e6a188f@group-DD39B51649EE-LeaderElection39] INFO  server.RaftServerConfigKeys (ConfUtils.java:logGet(43)) - raft.server.watch.element-limit = 65536 (default)
2019-11-05 17:59:43,591 [02f37fe2-fe34-4fe4-ac70-a7c31e6a188f@group-DD39B51649EE-LeaderElection39] INFO  impl.RoleInfo (RoleInfo.java:updateAndGet(143)) - 02f37fe2-fe34-4fe4-ac70-a7c31e6a188f: start LeaderState
2019-11-05 17:59:43,591 [02f37fe2-fe34-4fe4-ac70-a7c31e6a188f@group-DD39B51649EE-LeaderElection39] INFO  segmented.SegmentedRaftLogWorker (SegmentedRaftLogWorker.java:startLogSegment(385)) - 02f37fe2-fe34-4fe4-ac70-a7c31e6a188f@group-DD39B51649EE-SegmentedRaftLogWorker: Starting segment from index:0
2019-11-05 17:59:43,592 [02f37fe2-fe34-4fe4-ac70-a7c31e6a188f@group-DD39B51649EE-LeaderElection39] INFO  impl.RaftServerImpl (ServerState.java:setRaftConf(356)) - 02f37fe2-fe34-4fe4-ac70-a7c31e6a188f@group-DD39B51649EE: set configuration 0: [02f37fe2-fe34-4fe4-ac70-a7c31e6a188f:192.168.34.20:33800], old=null at 0
2019-11-05 17:59:43,614 [ea459e14-13c3-43be-966a-4b2c38b3bcf1@group-74B84A2E5E5D-LeaderElection40] INFO  impl.LeaderElection (LeaderElection.java:askForVotes(178)) - ea459e14-13c3-43be-966a-4b2c38b3bcf1@group-74B84A2E5E5D-LeaderElection40: begin an election at term 1 for -1: [ea459e14-13c3-43be-966a-4b2c38b3bcf1:192.168.34.20:35904, e1680d33-177b-4bb4-917e-90597657b2e0:192.168.34.20:43081, 02f37fe2-fe34-4fe4-ac70-a7c31e6a188f:192.168.34.20:33800], old=null
2019-11-05 17:59:43,625 [Thread-1716] INFO  impl.FollowerState (FollowerState.java:run(111)) - e1680d33-177b-4bb4-917e-90597657b2e0@group-74B84A2E5E5D-FollowerState: change to CANDIDATE, lastRpcTime:5084ms, electionTimeout:5081ms
2019-11-05 17:59:43,625 [Thread-1716] INFO  impl.RoleInfo (RoleInfo.java:shutdownFollowerState(121)) - e1680d33-177b-4bb4-917e-90597657b2e0: shutdown FollowerState
2019-11-05 17:59:43,625 [Thread-1716] INFO  impl.RaftServerImpl (RaftServerImpl.java:setRole(173)) - e1680d33-177b-4bb4-917e-90597657b2e0@group-74B84A2E5E5D: changes role from  FOLLOWER to CANDIDATE at term 0 for changeToCandidate
2019-11-05 17:59:43,626 [Thread-1716] INFO  impl.RoleInfo (RoleInfo.java:updateAndGet(143)) - e1680d33-177b-4bb4-917e-90597657b2e0: start LeaderElection
2019-11-05 17:59:43,638 [grpc-default-executor-1] INFO  impl.RaftServerImpl (RaftServerImpl.java:setRole(173)) - 02f37fe2-fe34-4fe4-ac70-a7c31e6a188f@group-74B84A2E5E5D: changes role from  FOLLOWER to FOLLOWER at term 1 for recognizeCandidate:ea459e14-13c3-43be-966a-4b2c38b3bcf1
2019-11-05 17:59:43,639 [grpc-default-executor-1] INFO  impl.RoleInfo (RoleInfo.java:shutdownFollowerState(121)) - 02f37fe2-fe34-4fe4-ac70-a7c31e6a188f: shutdown FollowerState
2019-11-05 17:59:43,639 [grpc-default-executor-1] INFO  impl.RoleInfo (RoleInfo.java:updateAndGet(143)) - 02f37fe2-fe34-4fe4-ac70-a7c31e6a188f: start FollowerState
2019-11-05 17:59:43,639 [Thread-1711] INFO  impl.FollowerState (FollowerState.java:run(120)) - 02f37fe2-fe34-4fe4-ac70-a7c31e6a188f@group-74B84A2E5E5D-FollowerState was interrupted: java.lang.InterruptedException: sleep interrupted
2019-11-05 17:59:43,640 [02f37fe2-fe34-4fe4-ac70-a7c31e6a188f@group-DD39B51649EE-SegmentedRaftLogWorker] INFO  segmented.SegmentedRaftLogWorker (SegmentedRaftLogWorker.java:execute(576)) - 02f37fe2-fe34-4fe4-ac70-a7c31e6a188f@group-DD39B51649EE-SegmentedRaftLogWorker: created new log segment /workdir/hadoop-ozone/ozonefs/target/test-dir/MiniOzoneClusterImpl-9778f43b-98ea-4b5e-871d-5b012366ef9d/datanode-1/data/ratis/262e73f3-dbdd-4b32-a62b-dd39b51649ee/current/log_inprogress_0
2019-11-05 17:59:43,654 [e1680d33-177b-4bb4-917e-90597657b2e0@group-74B84A2E5E5D-LeaderElection41] INFO  impl.LeaderElection (LeaderElection.java:askForVotes(178)) - e1680d33-177b-4bb4-917e-90597657b2e0@group-74B84A2E5E5D-LeaderElection41: begin an election at term 1 for -1: [ea459e14-13c3-43be-966a-4b2c38b3bcf1:192.168.34.20:35904, e1680d33-177b-4bb4-917e-90597657b2e0:192.168.34.20:43081, 02f37fe2-fe34-4fe4-ac70-a7c31e6a188f:192.168.34.20:33800], old=null
2019-11-05 17:59:43,657 [ea459e14-13c3-43be-966a-4b2c38b3bcf1@group-74B84A2E5E5D-LeaderElection40] INFO  impl.LeaderElection (LeaderElection.java:logAndReturn(56)) - ea459e14-13c3-43be-966a-4b2c38b3bcf1@group-74B84A2E5E5D-LeaderElection40: Election PASSED; received 2 response(s) [ea459e14-13c3-43be-966a-4b2c38b3bcf1<-e1680d33-177b-4bb4-917e-90597657b2e0#0:FAIL-t1, ea459e14-13c3-43be-966a-4b2c38b3bcf1<-02f37fe2-fe34-4fe4-ac70-a7c31e6a188f#0:OK-t1] and 0 exception(s); ea459e14-13c3-43be-966a-4b2c38b3bcf1@group-74B84A2E5E5D:t1, leader=null, voted=ea459e14-13c3-43be-966a-4b2c38b3bcf1, raftlog=ea459e14-13c3-43be-966a-4b2c38b3bcf1@group-74B84A2E5E5D-SegmentedRaftLog:OPENED:c-1,f-1,i0, conf=-1: [ea459e14-13c3-43be-966a-4b2c38b3bcf1:192.168.34.20:35904, e1680d33-177b-4bb4-917e-90597657b2e0:192.168.34.20:43081, 02f37fe2-fe34-4fe4-ac70-a7c31e6a188f:192.168.34.20:33800], old=null
2019-11-05 17:59:43,658 [ea459e14-13c3-43be-966a-4b2c38b3bcf1@group-74B84A2E5E5D-LeaderElection40] INFO  impl.RoleInfo (RoleInfo.java:shutdownLeaderElection(134)) - ea459e14-13c3-43be-966a-4b2c38b3bcf1: shutdown LeaderElection
2019-11-05 17:59:43,658 [ea459e14-13c3-43be-966a-4b2c38b3bcf1@group-74B84A2E5E5D-LeaderElection40] INFO  impl.RaftServerImpl (RaftServerImpl.java:setRole(173)) - ea459e14-13c3-43be-966a-4b2c38b3bcf1@group-74B84A2E5E5D: changes role from CANDIDATE to LEADER at term 1 for changeToLeader
2019-11-05 17:59:43,658 [ea459e14-13c3-43be-966a-4b2c38b3bcf1@group-74B84A2E5E5D-LeaderElection40] INFO  impl.RaftServerImpl (ServerState.java:setLeader(255)) - ea459e14-13c3-43be-966a-4b2c38b3bcf1@group-74B84A2E5E5D: change Leader from null to ea459e14-13c3-43be-966a-4b2c38b3bcf1 at term 1 for becomeLeader, leader elected after 5132ms
2019-11-05 17:59:43,658 [ea459e14-13c3-43be-966a-4b2c38b3bcf1@group-74B84A2E5E5D-LeaderElection40] INFO  server.RaftServerConfigKeys (ConfUtils.java:logGet(43)) - raft.server.staging.catchup.gap = 1000 (default)
2019-11-05 17:59:43,658 [ea459e14-13c3-43be-966a-4b2c38b3bcf1@group-74B84A2E5E5D-LeaderElection40] INFO  server.RaftServerConfigKeys (ConfUtils.java:logGet(43)) - raft.server.rpc.sleep.time = 25ms (default)
2019-11-05 17:59:43,658 [ea459e14-13c3-43be-966a-4b2c38b3bcf1@group-74B84A2E5E5D-LeaderElection40] INFO  server.RaftServerConfigKeys (ConfUtils.java:logGet(43)) - raft.server.write.element-limit = 4096 (default)
2019-11-05 17:59:43,659 [ea459e14-13c3-43be-966a-4b2c38b3bcf1@group-74B84A2E5E5D-LeaderElection40] INFO  server.RaftServerConfigKeys (ConfUtils.java:logGet(43)) - raft.server.watch.timeout = 10s (default)
2019-11-05 17:59:43,659 [ea459e14-13c3-43be-966a-4b2c38b3bcf1@group-74B84A2E5E5D-LeaderElection40] INFO  server.RaftServerConfigKeys (ConfUtils.java:logGet(43)) - raft.server.watch.timeout.denomination = 1s (default)
2019-11-05 17:59:43,659 [ea459e14-13c3-43be-966a-4b2c38b3bcf1@group-74B84A2E5E5D-LeaderElection40] INFO  server.RaftServerConfigKeys (ConfUtils.java:logGet(43)) - raft.server.watch.element-limit = 65536 (default)
2019-11-05 17:59:43,659 [ea459e14-13c3-43be-966a-4b2c38b3bcf1@group-74B84A2E5E5D-LeaderElection40] INFO  server.RaftServerConfigKeys (ConfUtils.java:logGet(43)) - raft.server.log.appender.snapshot.chunk.size.max = 16MB (=16777216) (default)
2019-11-05 17:59:43,661 [ea459e14-13c3-43be-966a-4b2c38b3bcf1@group-74B84A2E5E5D-LeaderElection40] INFO  server.RaftServerConfigKeys (ConfUtils.java:logGet(43)) - raft.server.log.appender.buffer.byte-limit = 33554432 (custom)
2019-11-05 17:59:43,662 [ea459e14-13c3-43be-966a-4b2c38b3bcf1@group-74B84A2E5E5D-LeaderElection40] INFO  server.RaftServerConfigKeys (ConfUtils.java:logGet(43)) - raft.server.log.appender.buffer.element-limit = 1 (custom)
2019-11-05 17:59:43,662 [ea459e14-13c3-43be-966a-4b2c38b3bcf1@group-74B84A2E5E5D-LeaderElection40] INFO  grpc.GrpcConfigKeys$Server (ConfUtils.java:logGet(43)) - raft.grpc.server.leader.outstanding.appends.max = 128 (default)
2019-11-05 17:59:43,663 [ea459e14-13c3-43be-966a-4b2c38b3bcf1@group-74B84A2E5E5D-LeaderElection40] INFO  server.RaftServerConfigKeys (ConfUtils.java:logGet(43)) - raft.server.rpc.request.timeout = 3000ms (default)
2019-11-05 17:59:43,663 [ea459e14-13c3-43be-966a-4b2c38b3bcf1@group-74B84A2E5E5D-LeaderElection40] INFO  server.RaftServerConfigKeys (ConfUtils.java:logGet(43)) - raft.server.log.appender.install.snapshot.enabled = false (custom)
2019-11-05 17:59:43,663 [ea459e14-13c3-43be-966a-4b2c38b3bcf1@group-74B84A2E5E5D-LeaderElection40] WARN  impl.MetricRegistriesImpl (MetricRegistriesImpl.java:lambda$create$1(61)) - First MetricRegistry has been created without registering reporters. You may need to call MetricRegistries.global().addReportRegistration(...) before.
2019-11-05 17:59:43,665 [ea459e14-13c3-43be-966a-4b2c38b3bcf1@group-74B84A2E5E5D-LeaderElection40] INFO  server.RaftServerConfigKeys (ConfUtils.java:logGet(43)) - raft.server.log.appender.snapshot.chunk.size.max = 16MB (=16777216) (default)
2019-11-05 17:59:43,665 [ea459e14-13c3-43be-966a-4b2c38b3bcf1@group-74B84A2E5E5D-LeaderElection40] INFO  server.RaftServerConfigKeys (ConfUtils.java:logGet(43)) - raft.server.log.appender.buffer.byte-limit = 33554432 (custom)
2019-11-05 17:59:43,665 [ea459e14-13c3-43be-966a-4b2c38b3bcf1@group-74B84A2E5E5D-LeaderElection40] INFO  server.RaftServerConfigKeys (ConfUtils.java:logGet(43)) - raft.server.log.appender.buffer.element-limit = 1 (custom)
2019-11-05 17:59:43,665 [ea459e14-13c3-43be-966a-4b2c38b3bcf1@group-74B84A2E5E5D-LeaderElection40] INFO  grpc.GrpcConfigKeys$Server (ConfUtils.java:logGet(43)) - raft.grpc.server.leader.outstanding.appends.max = 128 (default)
2019-11-05 17:59:43,665 [ea459e14-13c3-43be-966a-4b2c38b3bcf1@group-74B84A2E5E5D-LeaderElection40] INFO  server.RaftServerConfigKeys (ConfUtils.java:logGet(43)) - raft.server.rpc.request.timeout = 3000ms (default)
2019-11-05 17:59:43,665 [ea459e14-13c3-43be-966a-4b2c38b3bcf1@group-74B84A2E5E5D-LeaderElection40] INFO  server.RaftServerConfigKeys (ConfUtils.java:logGet(43)) - raft.server.log.appender.install.snapshot.enabled = false (custom)
2019-11-05 17:59:43,665 [ea459e14-13c3-43be-966a-4b2c38b3bcf1@group-74B84A2E5E5D-LeaderElection40] INFO  impl.RoleInfo (RoleInfo.java:updateAndGet(143)) - ea459e14-13c3-43be-966a-4b2c38b3bcf1: start LeaderState
2019-11-05 17:59:43,666 [ea459e14-13c3-43be-966a-4b2c38b3bcf1@group-74B84A2E5E5D-LeaderElection40] INFO  segmented.SegmentedRaftLogWorker (SegmentedRaftLogWorker.java:startLogSegment(385)) - ea459e14-13c3-43be-966a-4b2c38b3bcf1@group-74B84A2E5E5D-SegmentedRaftLogWorker: Starting segment from index:0
2019-11-05 17:59:43,666 [ea459e14-13c3-43be-966a-4b2c38b3bcf1@group-74B84A2E5E5D-LeaderElection40] INFO  impl.RaftServerImpl (ServerState.java:setRaftConf(356)) - ea459e14-13c3-43be-966a-4b2c38b3bcf1@group-74B84A2E5E5D: set configuration 0: [ea459e14-13c3-43be-966a-4b2c38b3bcf1:192.168.34.20:35904, e1680d33-177b-4bb4-917e-90597657b2e0:192.168.34.20:43081, 02f37fe2-fe34-4fe4-ac70-a7c31e6a188f:192.168.34.20:33800], old=null at 0
2019-11-05 17:59:43,668 [grpc-default-executor-3] INFO  impl.RaftServerImpl (RaftServerImpl.java:requestVote(776)) - ea459e14-13c3-43be-966a-4b2c38b3bcf1@group-74B84A2E5E5D-   LEADER: Withhold vote from candidate e1680d33-177b-4bb4-917e-90597657b2e0 with term 1. State: leader=ea459e14-13c3-43be-966a-4b2c38b3bcf1, term=1, lastRpcElapsed=null
2019-11-05 17:59:43,702 [grpc-default-executor-2] INFO  impl.RaftServerImpl (RaftServerImpl.java:setRole(173)) - e1680d33-177b-4bb4-917e-90597657b2e0@group-74B84A2E5E5D: changes role from CANDIDATE to FOLLOWER at term 1 for appendEntries
2019-11-05 17:59:43,702 [grpc-default-executor-3] INFO  impl.RaftServerImpl (ServerState.java:setLeader(255)) - 02f37fe2-fe34-4fe4-ac70-a7c31e6a188f@group-74B84A2E5E5D: change Leader from null to ea459e14-13c3-43be-966a-4b2c38b3bcf1 at term 1 for appendEntries, leader elected after 5177ms
2019-11-05 17:59:43,703 [e1680d33-177b-4bb4-917e-90597657b2e0@group-74B84A2E5E5D-LeaderElection41] INFO  impl.LeaderElection (LeaderElection.java:logAndReturn(56)) - e1680d33-177b-4bb4-917e-90597657b2e0@group-74B84A2E5E5D-LeaderElection41: Election REJECTED; received 2 response(s) [e1680d33-177b-4bb4-917e-90597657b2e0<-ea459e14-13c3-43be-966a-4b2c38b3bcf1#0:FAIL-t1, e1680d33-177b-4bb4-917e-90597657b2e0<-02f37fe2-fe34-4fe4-ac70-a7c31e6a188f#0:FAIL-t1] and 0 exception(s); e1680d33-177b-4bb4-917e-90597657b2e0@group-74B84A2E5E5D:t1, leader=null, voted=e1680d33-177b-4bb4-917e-90597657b2e0, raftlog=e1680d33-177b-4bb4-917e-90597657b2e0@group-74B84A2E5E5D-SegmentedRaftLog:OPENED:c-1,f-1,i0, conf=-1: [ea459e14-13c3-43be-966a-4b2c38b3bcf1:192.168.34.20:35904, e1680d33-177b-4bb4-917e-90597657b2e0:192.168.34.20:43081, 02f37fe2-fe34-4fe4-ac70-a7c31e6a188f:192.168.34.20:33800], old=null
2019-11-05 17:59:43,703 [grpc-default-executor-2] INFO  impl.RoleInfo (RoleInfo.java:shutdownLeaderElection(134)) - e1680d33-177b-4bb4-917e-90597657b2e0: shutdown LeaderElection
2019-11-05 17:59:43,703 [grpc-default-executor-2] INFO  impl.RoleInfo (RoleInfo.java:updateAndGet(143)) - e1680d33-177b-4bb4-917e-90597657b2e0: start FollowerState
2019-11-05 17:59:43,704 [grpc-default-executor-2] INFO  impl.RaftServerImpl (ServerState.java:setLeader(255)) - e1680d33-177b-4bb4-917e-90597657b2e0@group-74B84A2E5E5D: change Leader from null to ea459e14-13c3-43be-966a-4b2c38b3bcf1 at term 1 for appendEntries, leader elected after 5165ms
2019-11-05 17:59:43,706 [grpc-default-executor-2] INFO  impl.RaftServerImpl (ServerState.java:setRaftConf(356)) - 02f37fe2-fe34-4fe4-ac70-a7c31e6a188f@group-74B84A2E5E5D: set configuration 0: [ea459e14-13c3-43be-966a-4b2c38b3bcf1:192.168.34.20:35904, e1680d33-177b-4bb4-917e-90597657b2e0:192.168.34.20:43081, 02f37fe2-fe34-4fe4-ac70-a7c31e6a188f:192.168.34.20:33800], old=null at 0
2019-11-05 17:59:43,707 [grpc-default-executor-3] INFO  impl.RaftServerImpl (ServerState.java:setRaftConf(356)) - e1680d33-177b-4bb4-917e-90597657b2e0@group-74B84A2E5E5D: set configuration 0: [ea459e14-13c3-43be-966a-4b2c38b3bcf1:192.168.34.20:35904, e1680d33-177b-4bb4-917e-90597657b2e0:192.168.34.20:43081, 02f37fe2-fe34-4fe4-ac70-a7c31e6a188f:192.168.34.20:33800], old=null at 0
2019-11-05 17:59:43,708 [grpc-default-executor-2] INFO  segmented.SegmentedRaftLogWorker (SegmentedRaftLogWorker.java:startLogSegment(385)) - 02f37fe2-fe34-4fe4-ac70-a7c31e6a188f@group-74B84A2E5E5D-SegmentedRaftLogWorker: Starting segment from index:0
2019-11-05 17:59:43,708 [ea459e14-13c3-43be-966a-4b2c38b3bcf1@group-74B84A2E5E5D-SegmentedRaftLogWorker] INFO  segmented.SegmentedRaftLogWorker (SegmentedRaftLogWorker.java:execute(576)) - ea459e14-13c3-43be-966a-4b2c38b3bcf1@group-74B84A2E5E5D-SegmentedRaftLogWorker: created new log segment /workdir/hadoop-ozone/ozonefs/target/test-dir/MiniOzoneClusterImpl-9778f43b-98ea-4b5e-871d-5b012366ef9d/datanode-2/data/ratis/74b9e038-e348-42c1-864e-74b84a2e5e5d/current/log_inprogress_0
2019-11-05 17:59:43,708 [grpc-default-executor-3] INFO  segmented.SegmentedRaftLogWorker (SegmentedRaftLogWorker.java:startLogSegment(385)) - e1680d33-177b-4bb4-917e-90597657b2e0@group-74B84A2E5E5D-SegmentedRaftLogWorker: Starting segment from index:0
2019-11-05 17:59:43,742 [e1680d33-177b-4bb4-917e-90597657b2e0@group-74B84A2E5E5D-SegmentedRaftLogWorker] INFO  segmented.SegmentedRaftLogWorker (SegmentedRaftLogWorker.java:execute(576)) - e1680d33-177b-4bb4-917e-90597657b2e0@group-74B84A2E5E5D-SegmentedRaftLogWorker: created new log segment /workdir/hadoop-ozone/ozonefs/target/test-dir/MiniOzoneClusterImpl-9778f43b-98ea-4b5e-871d-5b012366ef9d/datanode-0/data/ratis/74b9e038-e348-42c1-864e-74b84a2e5e5d/current/log_inprogress_0
2019-11-05 17:59:43,745 [02f37fe2-fe34-4fe4-ac70-a7c31e6a188f@group-74B84A2E5E5D-SegmentedRaftLogWorker] INFO  segmented.SegmentedRaftLogWorker (SegmentedRaftLogWorker.java:execute(576)) - 02f37fe2-fe34-4fe4-ac70-a7c31e6a188f@group-74B84A2E5E5D-SegmentedRaftLogWorker: created new log segment /workdir/hadoop-ozone/ozonefs/target/test-dir/MiniOzoneClusterImpl-9778f43b-98ea-4b5e-871d-5b012366ef9d/datanode-1/data/ratis/74b9e038-e348-42c1-864e-74b84a2e5e5d/current/log_inprogress_0
2019-11-05 18:00:56,642 [Thread-1740] WARN  util.JavaUtils (JavaUtils.java:sleep(246)) - Unexpected long sleep: sleep(5088ms) actually took 6420ms which is over the threshold 300ms
2019-11-05 18:00:56,642 [Thread-1732] WARN  util.JavaUtils (JavaUtils.java:sleep(246)) - Unexpected long sleep: sleep(5006ms) actually took 6927ms which is over the threshold 300ms
2019-11-05 18:00:56,649 [org.apache.hadoop.util.JvmPauseMonitor$Monitor@35aaced7] INFO  util.JvmPauseMonitor (JvmPauseMonitor.java:run(205)) - Detected pause in JVM or host machine (eg GC): pause of approximately 4694ms
GC pool 'PS MarkSweep' had collection(s): count=1 time=4636ms
GC pool 'PS Scavenge' had collection(s): count=1 time=136ms
2019-11-05 18:00:56,650 [org.apache.hadoop.util.JvmPauseMonitor$Monitor@6e2674c] INFO  util.JvmPauseMonitor (JvmPauseMonitor.java:run(205)) - Detected pause in JVM or host machine (eg GC): pause of approximately 4693ms
GC pool 'PS MarkSweep' had collection(s): count=1 time=4636ms
GC pool 'PS Scavenge' had collection(s): count=1 time=136ms
2019-11-05 18:00:56,649 [org.apache.hadoop.util.JvmPauseMonitor$Monitor@60383f76] INFO  util.JvmPauseMonitor (JvmPauseMonitor.java:run(205)) - Detected pause in JVM or host machine (eg GC): pause of approximately 4693ms
GC pool 'PS MarkSweep' had collection(s): count=1 time=4636ms
GC pool 'PS Scavenge' had collection(s): count=1 time=136ms
2019-11-05 18:00:56,649 [org.apache.hadoop.util.JvmPauseMonitor$Monitor@456b127f] INFO  util.JvmPauseMonitor (JvmPauseMonitor.java:run(205)) - Detected pause in JVM or host machine (eg GC): pause of approximately 4565ms
GC pool 'PS MarkSweep' had collection(s): count=1 time=4636ms
GC pool 'PS Scavenge' had collection(s): count=1 time=136ms
2019-11-05 18:01:00,574 [org.apache.hadoop.util.JvmPauseMonitor$Monitor@60383f76] INFO  util.JvmPauseMonitor (JvmPauseMonitor.java:run(205)) - Detected pause in JVM or host machine (eg GC): pause of approximately 2423ms
GC pool 'PS MarkSweep' had collection(s): count=1 time=2654ms
2019-11-05 18:01:00,574 [org.apache.hadoop.util.JvmPauseMonitor$Monitor@6e2674c] INFO  util.JvmPauseMonitor (JvmPauseMonitor.java:run(205)) - Detected pause in JVM or host machine (eg GC): pause of approximately 2424ms
GC pool 'PS MarkSweep' had collection(s): count=1 time=2654ms
2019-11-05 18:01:00,574 [org.apache.hadoop.util.JvmPauseMonitor$Monitor@456b127f] INFO  util.JvmPauseMonitor (JvmPauseMonitor.java:run(205)) - Detected pause in JVM or host machine (eg GC): pause of approximately 2423ms
GC pool 'PS MarkSweep' had collection(s): count=1 time=2654ms
2019-11-05 18:01:00,574 [org.apache.hadoop.util.JvmPauseMonitor$Monitor@35aaced7] INFO  util.JvmPauseMonitor (JvmPauseMonitor.java:run(205)) - Detected pause in JVM or host machine (eg GC): pause of approximately 2424ms
GC pool 'PS MarkSweep' had collection(s): count=1 time=2654ms
2019-11-05 18:01:04,711 [Thread-1740] WARN  util.JavaUtils (JavaUtils.java:sleep(246)) - Unexpected long sleep: sleep(5198ms) actually took 8063ms which is over the threshold 300ms
2019-11-05 18:01:04,711 [Thread-1732] WARN  util.JavaUtils (JavaUtils.java:sleep(246)) - Unexpected long sleep: sleep(5169ms) actually took 8063ms which is over the threshold 300ms
2019-11-05 18:01:04,711 [org.apache.hadoop.util.JvmPauseMonitor$Monitor@60383f76] INFO  util.JvmPauseMonitor (JvmPauseMonitor.java:run(205)) - Detected pause in JVM or host machine (eg GC): pause of approximately 3136ms
GC pool 'PS MarkSweep' had collection(s): count=1 time=3271ms
2019-11-05 18:01:04,711 [org.apache.hadoop.util.JvmPauseMonitor$Monitor@456b127f] INFO  util.JvmPauseMonitor (JvmPauseMonitor.java:run(205)) - Detected pause in JVM or host machine (eg GC): pause of approximately 3135ms
GC pool 'PS MarkSweep' had collection(s): count=1 time=3271ms
2019-11-05 18:01:04,711 [org.apache.hadoop.util.JvmPauseMonitor$Monitor@35aaced7] INFO  util.JvmPauseMonitor (JvmPauseMonitor.java:run(205)) - Detected pause in JVM or host machine (eg GC): pause of approximately 3135ms
GC pool 'PS MarkSweep' had collection(s): count=1 time=3271ms
2019-11-05 18:01:04,711 [org.apache.hadoop.util.JvmPauseMonitor$Monitor@6e2674c] INFO  util.JvmPauseMonitor (JvmPauseMonitor.java:run(205)) - Detected pause in JVM or host machine (eg GC): pause of approximately 3135ms
GC pool 'PS MarkSweep' had collection(s): count=1 time=3271ms
2019-11-05 18:01:08,938 [org.apache.hadoop.util.JvmPauseMonitor$Monitor@6e2674c] INFO  util.JvmPauseMonitor (JvmPauseMonitor.java:run(205)) - Detected pause in JVM or host machine (eg GC): pause of approximately 2726ms
GC pool 'PS MarkSweep' had collection(s): count=1 time=3131ms
2019-11-05 18:01:08,938 [org.apache.hadoop.util.JvmPauseMonitor$Monitor@35aaced7] INFO  util.JvmPauseMonitor (JvmPauseMonitor.java:run(205)) - Detected pause in JVM or host machine (eg GC): pause of approximately 2726ms
GC pool 'PS MarkSweep' had collection(s): count=1 time=3131ms
2019-11-05 18:01:08,938 [org.apache.hadoop.util.JvmPauseMonitor$Monitor@60383f76] INFO  util.JvmPauseMonitor (JvmPauseMonitor.java:run(205)) - Detected pause in JVM or host machine (eg GC): pause of approximately 2726ms
GC pool 'PS MarkSweep' had collection(s): count=1 time=3131ms
2019-11-05 18:01:08,938 [org.apache.hadoop.util.JvmPauseMonitor$Monitor@456b127f] INFO  util.JvmPauseMonitor (JvmPauseMonitor.java:run(205)) - Detected pause in JVM or host machine (eg GC): pause of approximately 2726ms
GC pool 'PS MarkSweep' had collection(s): count=1 time=3131ms
2019-11-05 18:01:13,288 [org.apache.hadoop.util.JvmPauseMonitor$Monitor@60383f76] INFO  util.JvmPauseMonitor (JvmPauseMonitor.java:run(205)) - Detected pause in JVM or host machine (eg GC): pause of approximately 3349ms
GC pool 'PS MarkSweep' had collection(s): count=1 time=3480ms
2019-11-05 18:01:13,288 [org.apache.hadoop.util.JvmPauseMonitor$Monitor@6e2674c] INFO  util.JvmPauseMonitor (JvmPauseMonitor.java:run(205)) - Detected pause in JVM or host machine (eg GC): pause of approximately 3349ms
GC pool 'PS MarkSweep' had collection(s): count=1 time=3480ms
2019-11-05 18:01:13,288 [org.apache.hadoop.util.JvmPauseMonitor$Monitor@35aaced7] INFO  util.JvmPauseMonitor (JvmPauseMonitor.java:run(205)) - Detected pause in JVM or host machine (eg GC): pause of approximately 3349ms
GC pool 'PS MarkSweep' had collection(s): count=1 time=3480ms
2019-11-05 18:01:13,288 [org.apache.hadoop.util.JvmPauseMonitor$Monitor@456b127f] INFO  util.JvmPauseMonitor (JvmPauseMonitor.java:run(205)) - Detected pause in JVM or host machine (eg GC): pause of approximately 3349ms
GC pool 'PS MarkSweep' had collection(s): count=1 time=3480ms
2019-11-05 18:01:13,292 [Thread-1732] WARN  util.JavaUtils (JavaUtils.java:sleep(246)) - Unexpected long sleep: sleep(5185ms) actually took 8580ms which is over the threshold 300ms
2019-11-05 18:01:17,206 [Thread-1740] WARN  util.JavaUtils (JavaUtils.java:sleep(246)) - Unexpected long sleep: sleep(5058ms) actually took 7439ms which is over the threshold 300ms
2019-11-05 18:01:17,208 [org.apache.hadoop.util.JvmPauseMonitor$Monitor@456b127f] INFO  util.JvmPauseMonitor (JvmPauseMonitor.java:run(205)) - Detected pause in JVM or host machine (eg GC): pause of approximately 2918ms
GC pool 'PS MarkSweep' had collection(s): count=1 time=3057ms
2019-11-05 18:01:17,208 [org.apache.hadoop.util.JvmPauseMonitor$Monitor@35aaced7] INFO  util.JvmPauseMonitor (JvmPauseMonitor.java:run(205)) - Detected pause in JVM or host machine (eg GC): pause of approximately 2918ms
GC pool 'PS MarkSweep' had collection(s): count=1 time=3057ms
2019-11-05 18:01:17,208 [org.apache.hadoop.util.JvmPauseMonitor$Monitor@6e2674c] INFO  util.JvmPauseMonitor (JvmPauseMonitor.java:run(205)) - Detected pause in JVM or host machine (eg GC): pause of approximately 2918ms
GC pool 'PS MarkSweep' had collection(s): count=1 time=3057ms
2019-11-05 18:01:17,208 [org.apache.hadoop.util.JvmPauseMonitor$Monitor@60383f76] INFO  util.JvmPauseMonitor (JvmPauseMonitor.java:run(205)) - Detected pause in JVM or host machine (eg GC): pause of approximately 2919ms
GC pool 'PS MarkSweep' had collection(s): count=1 time=3057ms
2019-11-05 18:01:20,351 [Thread-1732] WARN  util.JavaUtils (JavaUtils.java:sleep(246)) - Unexpected long sleep: sleep(5174ms) actually took 7059ms which is over the threshold 300ms
2019-11-05 18:01:20,351 [org.apache.hadoop.util.JvmPauseMonitor$Monitor@456b127f] INFO  util.JvmPauseMonitor (JvmPauseMonitor.java:run(205)) - Detected pause in JVM or host machine (eg GC): pause of approximately 2143ms
GC pool 'PS MarkSweep' had collection(s): count=1 time=2497ms
2019-11-05 18:01:20,351 [org.apache.hadoop.util.JvmPauseMonitor$Monitor@35aaced7] INFO  util.JvmPauseMonitor (JvmPauseMonitor.java:run(205)) - Detected pause in JVM or host machine (eg GC): pause of approximately 2143ms
GC pool 'PS MarkSweep' had collection(s): count=1 time=2497ms
2019-11-05 18:01:20,351 [org.apache.hadoop.util.JvmPauseMonitor$Monitor@6e2674c] INFO  util.JvmPauseMonitor (JvmPauseMonitor.java:run(205)) - Detected pause in JVM or host machine (eg GC): pause of approximately 2142ms
GC pool 'PS MarkSweep' had collection(s): count=1 time=2497ms
2019-11-05 18:01:20,351 [org.apache.hadoop.util.JvmPauseMonitor$Monitor@60383f76] INFO  util.JvmPauseMonitor (JvmPauseMonitor.java:run(205)) - Detected pause in JVM or host machine (eg GC): pause of approximately 2142ms
GC pool 'PS MarkSweep' had collection(s): count=1 time=2497ms
2019-11-05 18:01:25,258 [Thread-1740] WARN  util.JavaUtils (JavaUtils.java:sleep(246)) - Unexpected long sleep: sleep(5030ms) actually took 8051ms which is over the threshold 300ms
2019-11-05 18:01:25,260 [org.apache.hadoop.util.JvmPauseMonitor$Monitor@6e2674c] INFO  util.JvmPauseMonitor (JvmPauseMonitor.java:run(205)) - Detected pause in JVM or host machine (eg GC): pause of approximately 3907ms
GC pool 'PS MarkSweep' had collection(s): count=1 time=4036ms
2019-11-05 18:01:25,260 [org.apache.hadoop.util.JvmPauseMonitor$Monitor@60383f76] INFO  util.JvmPauseMonitor (JvmPauseMonitor.java:run(205)) - Detected pause in JVM or host machine (eg GC): pause of approximately 3907ms
GC pool 'PS MarkSweep' had collection(s): count=1 time=4036ms
2019-11-05 18:01:25,261 [org.apache.hadoop.util.JvmPauseMonitor$Monitor@35aaced7] INFO  util.JvmPauseMonitor (JvmPauseMonitor.java:run(205)) - Detected pause in JVM or host machine (eg GC): pause of approximately 3908ms
GC pool 'PS MarkSweep' had collection(s): count=1 time=4036ms
2019-11-05 18:01:25,261 [org.apache.hadoop.util.JvmPauseMonitor$Monitor@456b127f] INFO  util.JvmPauseMonitor (JvmPauseMonitor.java:run(205)) - Detected pause in JVM or host machine (eg GC): pause of approximately 3908ms
GC pool 'PS MarkSweep' had collection(s): count=1 time=4036ms
2019-11-05 18:01:28,963 [org.apache.hadoop.util.JvmPauseMonitor$Monitor@35aaced7] INFO  util.JvmPauseMonitor (JvmPauseMonitor.java:run(205)) - Detected pause in JVM or host machine (eg GC): pause of approximately 2702ms
GC pool 'PS MarkSweep' had collection(s): count=1 time=2968ms
2019-11-05 18:01:28,963 [org.apache.hadoop.util.JvmPauseMonitor$Monitor@456b127f] INFO  util.JvmPauseMonitor (JvmPauseMonitor.java:run(205)) - Detected pause in JVM or host machine (eg GC): pause of approximately 2701ms
GC pool 'PS MarkSweep' had collection(s): count=1 time=2968ms
2019-11-05 18:01:28,964 [org.apache.hadoop.util.JvmPauseMonitor$Monitor@60383f76] INFO  util.JvmPauseMonitor (JvmPauseMonitor.java:run(205)) - Detected pause in JVM or host machine (eg GC): pause of approximately 2703ms
GC pool 'PS MarkSweep' had collection(s): count=1 time=2968ms
2019-11-05 18:01:28,964 [org.apache.hadoop.util.JvmPauseMonitor$Monitor@6e2674c] INFO  util.JvmPauseMonitor (JvmPauseMonitor.java:run(205)) - Detected pause in JVM or host machine (eg GC): pause of approximately 2703ms
GC pool 'PS MarkSweep' had collection(s): count=1 time=2968ms
2019-11-05 18:01:32,426 [Thread-1732] WARN  util.JavaUtils (JavaUtils.java:sleep(246)) - Unexpected long sleep: sleep(5093ms) actually took 7038ms which is over the threshold 300ms
2019-11-05 18:01:32,426 [Thread-1740] WARN  util.JavaUtils (JavaUtils.java:sleep(246)) - Unexpected long sleep: sleep(5155ms) actually took 7166ms which is over the threshold 300ms
2019-11-05 18:01:32,429 [org.apache.hadoop.util.JvmPauseMonitor$Monitor@60383f76] INFO  util.JvmPauseMonitor (JvmPauseMonitor.java:run(205)) - Detected pause in JVM or host machine (eg GC): pause of approximately 2964ms
GC pool 'PS MarkSweep' had collection(s): count=1 time=3013ms
2019-11-05 18:01:32,429 [org.apache.hadoop.util.JvmPauseMonitor$Monitor@456b127f] INFO  util.JvmPauseMonitor (JvmPauseMonitor.java:run(205)) - Detected pause in JVM or host machine (eg GC): pause of approximately 2965ms
GC pool 'PS MarkSweep' had collection(s): count=1 time=3013ms
2019-11-05 18:01:32,429 [org.apache.hadoop.util.JvmPauseMonitor$Monitor@35aaced7] INFO  util.JvmPauseMonitor (JvmPauseMonitor.java:run(205)) - Detected pause in JVM or host machine (eg GC): pause of approximately 2965ms
GC pool 'PS MarkSweep' had collection(s): count=1 time=3013ms
2019-11-05 18:01:32,429 [org.apache.hadoop.util.JvmPauseMonitor$Monitor@6e2674c] INFO  util.JvmPauseMonitor (JvmPauseMonitor.java:run(205)) - Detected pause in JVM or host machine (eg GC): pause of approximately 2964ms
GC pool 'PS MarkSweep' had collection(s): count=1 time=3013ms
2019-11-05 18:01:35,395 [org.apache.hadoop.util.JvmPauseMonitor$Monitor@456b127f] INFO  util.JvmPauseMonitor (JvmPauseMonitor.java:run(205)) - Detected pause in JVM or host machine (eg GC): pause of approximately 2465ms
GC pool 'PS MarkSweep' had collection(s): count=1 time=2532ms
2019-11-05 18:01:35,395 [org.apache.hadoop.util.JvmPauseMonitor$Monitor@6e2674c] INFO  util.JvmPauseMonitor (JvmPauseMonitor.java:run(205)) - Detected pause in JVM or host machine (eg GC): pause of approximately 2465ms
GC pool 'PS MarkSweep' had collection(s): count=1 time=2532ms
2019-11-05 18:01:35,395 [org.apache.hadoop.util.JvmPauseMonitor$Monitor@60383f76] INFO  util.JvmPauseMonitor (JvmPauseMonitor.java:run(205)) - Detected pause in JVM or host machine (eg GC): pause of approximately 2465ms
GC pool 'PS MarkSweep' had collection(s): count=1 time=2532ms
2019-11-05 18:01:35,395 [org.apache.hadoop.util.JvmPauseMonitor$Monitor@35aaced7] INFO  util.JvmPauseMonitor (JvmPauseMonitor.java:run(205)) - Detected pause in JVM or host machine (eg GC): pause of approximately 2465ms
GC pool 'PS MarkSweep' had collection(s): count=1 time=2532ms
2019-11-05 18:01:39,720 [Thread-1740] WARN  util.JavaUtils (JavaUtils.java:sleep(246)) - Unexpected long sleep: sleep(5183ms) actually took 7293ms which is over the threshold 300ms
2019-11-05 18:01:39,720 [Thread-1732] WARN  util.JavaUtils (JavaUtils.java:sleep(246)) - Unexpected long sleep: sleep(5125ms) actually took 7293ms which is over the threshold 300ms
2019-11-05 18:01:39,722 [org.apache.hadoop.util.JvmPauseMonitor$Monitor@60383f76] INFO  util.JvmPauseMonitor (JvmPauseMonitor.java:run(205)) - Detected pause in JVM or host machine (eg GC): pause of approximately 3326ms
GC pool 'PS MarkSweep' had collection(s): count=1 time=3774ms
2019-11-05 18:01:39,722 [org.apache.hadoop.util.JvmPauseMonitor$Monitor@35aaced7] INFO  util.JvmPauseMonitor (JvmPauseMonitor.java:run(205)) - Detected pause in JVM or host machine (eg GC): pause of approximately 3326ms
GC pool 'PS MarkSweep' had collection(s): count=1 time=3774ms
2019-11-05 18:01:39,722 [org.apache.hadoop.util.JvmPauseMonitor$Monitor@6e2674c] INFO  util.JvmPauseMonitor (JvmPauseMonitor.java:run(205)) - Detected pause in JVM or host machine (eg GC): pause of approximately 3326ms
GC pool 'PS MarkSweep' had collection(s): count=1 time=3774ms
2019-11-05 18:01:39,722 [org.apache.hadoop.util.JvmPauseMonitor$Monitor@456b127f] INFO  util.JvmPauseMonitor (JvmPauseMonitor.java:run(205)) - Detected pause in JVM or host machine (eg GC): pause of approximately 3326ms
GC pool 'PS MarkSweep' had collection(s): count=1 time=3774ms
2019-11-05 18:01:43,454 [org.apache.hadoop.util.JvmPauseMonitor$Monitor@35aaced7] INFO  util.JvmPauseMonitor (JvmPauseMonitor.java:run(205)) - Detected pause in JVM or host machine (eg GC): pause of approximately 3231ms
GC pool 'PS MarkSweep' had collection(s): count=1 time=3341ms
2019-11-05 18:01:43,454 [org.apache.hadoop.util.JvmPauseMonitor$Monitor@6e2674c] INFO  util.JvmPauseMonitor (JvmPauseMonitor.java:run(205)) - Detected pause in JVM or host machine (eg GC): pause of approximately 3231ms
GC pool 'PS MarkSweep' had collection(s): count=1 time=3341ms
2019-11-05 18:01:43,454 [org.apache.hadoop.util.JvmPauseMonitor$Monitor@60383f76] INFO  util.JvmPauseMonitor (JvmPauseMonitor.java:run(205)) - Detected pause in JVM or host machine (eg GC): pause of approximately 3231ms
GC pool 'PS MarkSweep' had collection(s): count=1 time=3341ms
2019-11-05 18:01:43,454 [org.apache.hadoop.util.JvmPauseMonitor$Monitor@456b127f] INFO  util.JvmPauseMonitor (JvmPauseMonitor.java:run(205)) - Detected pause in JVM or host machine (eg GC): pause of approximately 3231ms
GC pool 'PS MarkSweep' had collection(s): count=1 time=3341ms
2019-11-05 18:01:46,783 [Thread-1732] WARN  util.JavaUtils (JavaUtils.java:sleep(246)) - Unexpected long sleep: sleep(5123ms) actually took 7062ms which is over the threshold 300ms
2019-11-05 18:01:46,783 [Thread-1740] WARN  util.JavaUtils (JavaUtils.java:sleep(246)) - Unexpected long sleep: sleep(5154ms) actually took 7062ms which is over the threshold 300ms
2019-11-05 18:01:46,784 [org.apache.hadoop.util.JvmPauseMonitor$Monitor@60383f76] INFO  util.JvmPauseMonitor (JvmPauseMonitor.java:run(205)) - Detected pause in JVM or host machine (eg GC): pause of approximately 2830ms
GC pool 'PS MarkSweep' had collection(s): count=1 time=2988ms
2019-11-05 18:01:46,784 [org.apache.hadoop.util.JvmPauseMonitor$Monitor@35aaced7] INFO  util.JvmPauseMonitor (JvmPauseMonitor.java:run(205)) - Detected pause in JVM or host machine (eg GC): pause of approximately 2830ms
GC pool 'PS MarkSweep' had collection(s): count=1 time=2988ms
2019-11-05 18:01:46,784 [org.apache.hadoop.util.JvmPauseMonitor$Monitor@456b127f] INFO  util.JvmPauseMonitor (JvmPauseMonitor.java:run(205)) - Detected pause in JVM or host machine (eg GC): pause of approximately 2830ms
GC pool 'PS MarkSweep' had collection(s): count=1 time=2988ms
2019-11-05 18:01:46,784 [org.apache.hadoop.util.JvmPauseMonitor$Monitor@6e2674c] INFO  util.JvmPauseMonitor (JvmPauseMonitor.java:run(205)) - Detected pause in JVM or host machine (eg GC): pause of approximately 2830ms
GC pool 'PS MarkSweep' had collection(s): count=1 time=2988ms
2019-11-05 18:01:49,816 [org.apache.hadoop.util.JvmPauseMonitor$Monitor@456b127f] INFO  util.JvmPauseMonitor (JvmPauseMonitor.java:run(205)) - Detected pause in JVM or host machine (eg GC): pause of approximately 2530ms
GC pool 'PS MarkSweep' had collection(s): count=1 time=2614ms
2019-11-05 18:01:49,816 [org.apache.hadoop.util.JvmPauseMonitor$Monitor@6e2674c] INFO  util.JvmPauseMonitor (JvmPauseMonitor.java:run(205)) - Detected pause in JVM or host machine (eg GC): pause of approximately 2530ms
GC pool 'PS MarkSweep' had collection(s): count=1 time=2614ms
2019-11-05 18:01:49,816 [org.apache.hadoop.util.JvmPauseMonitor$Monitor@35aaced7] INFO  util.JvmPauseMonitor (JvmPauseMonitor.java:run(205)) - Detected pause in JVM or host machine (eg GC): pause of approximately 2530ms
GC pool 'PS MarkSweep' had collection(s): count=1 time=2614ms
2019-11-05 18:01:49,816 [org.apache.hadoop.util.JvmPauseMonitor$Monitor@60383f76] INFO  util.JvmPauseMonitor (JvmPauseMonitor.java:run(205)) - Detected pause in JVM or host machine (eg GC): pause of approximately 2531ms
GC pool 'PS MarkSweep' had collection(s): count=1 time=2614ms
2019-11-05 18:01:53,340 [Thread-1732] WARN  util.JavaUtils (JavaUtils.java:sleep(246)) - Unexpected long sleep: sleep(5024ms) actually took 6556ms which is over the threshold 300ms
2019-11-05 18:01:53,340 [Thread-1740] WARN  util.JavaUtils (JavaUtils.java:sleep(246)) - Unexpected long sleep: sleep(5012ms) actually took 6556ms which is over the threshold 300ms
2019-11-05 18:01:53,343 [org.apache.hadoop.util.JvmPauseMonitor$Monitor@60383f76] INFO  util.JvmPauseMonitor (JvmPauseMonitor.java:run(205)) - Detected pause in JVM or host machine (eg GC): pause of approximately 3025ms
GC pool 'PS MarkSweep' had collection(s): count=1 time=3225ms
2019-11-05 18:01:53,343 [org.apache.hadoop.util.JvmPauseMonitor$Monitor@6e2674c] INFO  util.JvmPauseMonitor (JvmPauseMonitor.java:run(205)) - Detected pause in JVM or host machine (eg GC): pause of approximately 3026ms
GC pool 'PS MarkSweep' had collection(s): count=1 time=3225ms
2019-11-05 18:01:53,343 [org.apache.hadoop.util.JvmPauseMonitor$Monitor@35aaced7] INFO  util.JvmPauseMonitor (JvmPauseMonitor.java:run(205)) - Detected pause in JVM or host machine (eg GC): pause of approximately 3026ms
GC pool 'PS MarkSweep' had collection(s): count=1 time=3225ms
2019-11-05 18:01:53,343 [org.apache.hadoop.util.JvmPauseMonitor$Monitor@456b127f] INFO  util.JvmPauseMonitor (JvmPauseMonitor.java:run(205)) - Detected pause in JVM or host machine (eg GC): pause of approximately 3026ms
GC pool 'PS MarkSweep' had collection(s): count=1 time=3225ms
2019-11-05 18:01:56,793 [org.apache.hadoop.util.JvmPauseMonitor$Monitor@6e2674c] INFO  util.JvmPauseMonitor (JvmPauseMonitor.java:run(205)) - Detected pause in JVM or host machine (eg GC): pause of approximately 2950ms
GC pool 'PS MarkSweep' had collection(s): count=1 time=3105ms
2019-11-05 18:01:56,793 [org.apache.hadoop.util.JvmPauseMonitor$Monitor@456b127f] INFO  util.JvmPauseMonitor (JvmPauseMonitor.java:run(205)) - Detected pause in JVM or host machine (eg GC): pause of approximately 2950ms
GC pool 'PS MarkSweep' had collection(s): count=1 time=3105ms
2019-11-05 18:01:56,793 [org.apache.hadoop.util.JvmPauseMonitor$Monitor@60383f76] INFO  util.JvmPauseMonitor (JvmPauseMonitor.java:run(205)) - Detected pause in JVM or host machine (eg GC): pause of approximately 2950ms
GC pool 'PS MarkSweep' had collection(s): count=1 time=3105ms
2019-11-05 18:01:56,793 [org.apache.hadoop.util.JvmPauseMonitor$Monitor@35aaced7] INFO  util.JvmPauseMonitor (JvmPauseMonitor.java:run(205)) - Detected pause in JVM or host machine (eg GC): pause of approximately 2950ms
GC pool 'PS MarkSweep' had collection(s): count=1 time=3105ms
2019-11-05 18:02:00,908 [Thread-1732] WARN  util.JavaUtils (JavaUtils.java:sleep(246)) - Unexpected long sleep: sleep(5135ms) actually took 7567ms which is over the threshold 300ms
2019-11-05 18:02:00,908 [Thread-1740] WARN  util.JavaUtils (JavaUtils.java:sleep(246)) - Unexpected long sleep: sleep(5019ms) actually took 7567ms which is over the threshold 300ms
2019-11-05 18:02:00,910 [org.apache.hadoop.util.JvmPauseMonitor$Monitor@60383f76] INFO  util.JvmPauseMonitor (JvmPauseMonitor.java:run(205)) - Detected pause in JVM or host machine (eg GC): pause of approximately 3615ms
GC pool 'PS MarkSweep' had collection(s): count=1 time=3858ms
2019-11-05 18:02:00,910 [org.apache.hadoop.util.JvmPauseMonitor$Monitor@6e2674c] INFO  util.JvmPauseMonitor (JvmPauseMonitor.java:run(205)) - Detected pause in JVM or host machine (eg GC): pause of approximately 3616ms
GC pool 'PS MarkSweep' had collection(s): count=1 time=3858ms
2019-11-05 18:02:00,910 [org.apache.hadoop.util.JvmPauseMonitor$Monitor@35aaced7] INFO  util.JvmPauseMonitor (JvmPauseMonitor.java:run(205)) - Detected pause in JVM or host machine (eg GC): pause of approximately 3615ms
GC pool 'PS MarkSweep' had collection(s): count=1 time=3858ms
2019-11-05 18:02:00,910 [org.apache.hadoop.util.JvmPauseMonitor$Monitor@456b127f] INFO  util.JvmPauseMonitor (JvmPauseMonitor.java:run(205)) - Detected pause in JVM or host machine (eg GC): pause of approximately 3615ms
GC pool 'PS MarkSweep' had collection(s): count=1 time=3858ms
2019-11-05 18:02:04,544 [org.apache.hadoop.util.JvmPauseMonitor$Monitor@456b127f] INFO  util.JvmPauseMonitor (JvmPauseMonitor.java:run(205)) - Detected pause in JVM or host machine (eg GC): pause of approximately 3132ms
GC pool 'PS MarkSweep' had collection(s): count=1 time=3351ms
2019-11-05 18:02:04,544 [org.apache.hadoop.util.JvmPauseMonitor$Monitor@60383f76] INFO  util.JvmPauseMonitor (JvmPauseMonitor.java:run(205)) - Detected pause in JVM or host machine (eg GC): pause of approximately 3132ms
GC pool 'PS MarkSweep' had collection(s): count=1 time=3351ms
2019-11-05 18:02:04,544 [org.apache.hadoop.util.JvmPauseMonitor$Monitor@6e2674c] INFO  util.JvmPauseMonitor (JvmPauseMonitor.java:run(205)) - Detected pause in JVM or host machine (eg GC): pause of approximately 3132ms
GC pool 'PS MarkSweep' had collection(s): count=1 time=3351ms
2019-11-05 18:02:04,544 [org.apache.hadoop.util.JvmPauseMonitor$Monitor@35aaced7] INFO  util.JvmPauseMonitor (JvmPauseMonitor.java:run(205)) - Detected pause in JVM or host machine (eg GC): pause of approximately 3132ms
GC pool 'PS MarkSweep' had collection(s): count=1 time=3351ms
2019-11-05 18:02:09,263 [Thread-1740] WARN  util.JavaUtils (JavaUtils.java:sleep(246)) - Unexpected long sleep: sleep(5033ms) actually took 8353ms which is over the threshold 300ms
2019-11-05 18:02:09,263 [Thread-1732] WARN  util.JavaUtils (JavaUtils.java:sleep(246)) - Unexpected long sleep: sleep(5188ms) actually took 8353ms which is over the threshold 300ms
2019-11-05 18:02:09,266 [org.apache.hadoop.util.JvmPauseMonitor$Monitor@35aaced7] INFO  util.JvmPauseMonitor (JvmPauseMonitor.java:run(205)) - Detected pause in JVM or host machine (eg GC): pause of approximately 4220ms
GC pool 'PS MarkSweep' had collection(s): count=1 time=4441ms
2019-11-05 18:02:09,266 [org.apache.hadoop.util.JvmPauseMonitor$Monitor@6e2674c] INFO  util.JvmPauseMonitor (JvmPauseMonitor.java:run(205)) - Detected pause in JVM or host machine (eg GC): pause of approximately 4220ms
GC pool 'PS MarkSweep' had collection(s): count=1 time=4441ms
2019-11-05 18:02:09,266 [org.apache.hadoop.util.JvmPauseMonitor$Monitor@456b127f] INFO  util.JvmPauseMonitor (JvmPauseMonitor.java:run(205)) - Detected pause in JVM or host machine (eg GC): pause of approximately 4221ms
GC pool 'PS MarkSweep' had collection(s): count=1 time=4441ms
2019-11-05 18:02:09,266 [org.apache.hadoop.util.JvmPauseMonitor$Monitor@60383f76] INFO  util.JvmPauseMonitor (JvmPauseMonitor.java:run(205)) - Detected pause in JVM or host machine (eg GC): pause of approximately 4221ms
GC pool 'PS MarkSweep' had collection(s): count=1 time=4441ms
2019-11-05 18:02:12,414 [org.apache.hadoop.util.JvmPauseMonitor$Monitor@35aaced7] INFO  util.JvmPauseMonitor (JvmPauseMonitor.java:run(205)) - Detected pause in JVM or host machine (eg GC): pause of approximately 2647ms
GC pool 'PS MarkSweep' had collection(s): count=1 time=2873ms
2019-11-05 18:02:12,414 [org.apache.hadoop.util.JvmPauseMonitor$Monitor@60383f76] INFO  util.JvmPauseMonitor (JvmPauseMonitor.java:run(205)) - Detected pause in JVM or host machine (eg GC): pause of approximately 2643ms
GC pool 'PS MarkSweep' had collection(s): count=1 time=2873ms
2019-11-05 18:02:12,414 [org.apache.hadoop.util.JvmPauseMonitor$Monitor@456b127f] INFO  util.JvmPauseMonitor (JvmPauseMonitor.java:run(205)) - Detected pause in JVM or host machine (eg GC): pause of approximately 2644ms
GC pool 'PS MarkSweep' had collection(s): count=1 time=2873ms
2019-11-05 18:02:12,414 [org.apache.hadoop.util.JvmPauseMonitor$Monitor@6e2674c] INFO  util.JvmPauseMonitor (JvmPauseMonitor.java:run(205)) - Detected pause in JVM or host machine (eg GC): pause of approximately 2646ms
GC pool 'PS MarkSweep' had collection(s): count=1 time=2873ms
2019-11-05 18:02:15,802 [Thread-1732] WARN  util.JavaUtils (JavaUtils.java:sleep(246)) - Unexpected long sleep: sleep(5091ms) actually took 6538ms which is over the threshold 300ms
2019-11-05 18:02:15,802 [Thread-1740] WARN  util.JavaUtils (JavaUtils.java:sleep(246)) - Unexpected long sleep: sleep(5098ms) actually took 6538ms which is over the threshold 300ms
2019-11-05 18:02:15,805 [org.apache.hadoop.util.JvmPauseMonitor$Monitor@6e2674c] INFO  util.JvmPauseMonitor (JvmPauseMonitor.java:run(205)) - Detected pause in JVM or host machine (eg GC): pause of approximately 2889ms
GC pool 'PS MarkSweep' had collection(s): count=1 time=3246ms
2019-11-05 18:02:15,805 [org.apache.hadoop.util.JvmPauseMonitor$Monitor@456b127f] INFO  util.JvmPauseMonitor (JvmPauseMonitor.java:run(205)) - Detected pause in JVM or host machine (eg GC): pause of approximately 2889ms
GC pool 'PS MarkSweep' had collection(s): count=1 time=3246ms
2019-11-05 18:02:15,805 [org.apache.hadoop.util.JvmPauseMonitor$Monitor@35aaced7] INFO  util.JvmPauseMonitor (JvmPauseMonitor.java:run(205)) - Detected pause in JVM or host machine (eg GC): pause of approximately 2890ms
GC pool 'PS MarkSweep' had collection(s): count=1 time=3246ms
2019-11-05 18:02:15,805 [org.apache.hadoop.util.JvmPauseMonitor$Monitor@60383f76] INFO  util.JvmPauseMonitor (JvmPauseMonitor.java:run(205)) - Detected pause in JVM or host machine (eg GC): pause of approximately 2890ms
GC pool 'PS MarkSweep' had collection(s): count=1 time=3246ms
2019-11-05 18:02:18,837 [org.apache.hadoop.util.JvmPauseMonitor$Monitor@456b127f] INFO  util.JvmPauseMonitor (JvmPauseMonitor.java:run(205)) - Detected pause in JVM or host machine (eg GC): pause of approximately 2531ms
GC pool 'PS MarkSweep' had collection(s): count=1 time=2829ms
2019-11-05 18:02:18,837 [org.apache.hadoop.util.JvmPauseMonitor$Monitor@6e2674c] INFO  util.JvmPauseMonitor (JvmPauseMonitor.java:run(205)) - Detected pause in JVM or host machine (eg GC): pause of approximately 2531ms
GC pool 'PS MarkSweep' had collection(s): count=1 time=2829ms
2019-11-05 18:02:18,837 [org.apache.hadoop.util.JvmPauseMonitor$Monitor@35aaced7] INFO  util.JvmPauseMonitor (JvmPauseMonitor.java:run(205)) - Detected pause in JVM or host machine (eg GC): pause of approximately 2531ms
GC pool 'PS MarkSweep' had collection(s): count=1 time=2829ms
2019-11-05 18:02:18,837 [org.apache.hadoop.util.JvmPauseMonitor$Monitor@60383f76] INFO  util.JvmPauseMonitor (JvmPauseMonitor.java:run(205)) - Detected pause in JVM or host machine (eg GC): pause of approximately 2531ms
GC pool 'PS MarkSweep' had collection(s): count=1 time=2829ms
2019-11-05 18:02:21,817 [Thread-1732] WARN  util.JavaUtils (JavaUtils.java:sleep(246)) - Unexpected long sleep: sleep(5088ms) actually took 6015ms which is over the threshold 300ms
2019-11-05 18:02:21,817 [Thread-1740] WARN  util.JavaUtils (JavaUtils.java:sleep(246)) - Unexpected long sleep: sleep(5045ms) actually took 6015ms which is over the threshold 300ms
2019-11-05 18:02:21,821 [org.apache.hadoop.util.JvmPauseMonitor$Monitor@60383f76] INFO  util.JvmPauseMonitor (JvmPauseMonitor.java:run(205)) - Detected pause in JVM or host machine (eg GC): pause of approximately 2483ms
GC pool 'PS MarkSweep' had collection(s): count=1 time=2833ms
2019-11-05 18:02:21,821 [org.apache.hadoop.util.JvmPauseMonitor$Monitor@6e2674c] INFO  util.JvmPauseMonitor (JvmPauseMonitor.java:run(205)) - Detected pause in JVM or host machine (eg GC): pause of approximately 2483ms
GC pool 'PS MarkSweep' had collection(s): count=1 time=2833ms
2019-11-05 18:02:21,821 [org.apache.hadoop.util.JvmPauseMonitor$Monitor@35aaced7] INFO  util.JvmPauseMonitor (JvmPauseMonitor.java:run(205)) - Detected pause in JVM or host machine (eg GC): pause of approximately 2483ms
GC pool 'PS MarkSweep' had collection(s): count=1 time=2833ms
2019-11-05 18:02:21,821 [org.apache.hadoop.util.JvmPauseMonitor$Monitor@456b127f] INFO  util.JvmPauseMonitor (JvmPauseMonitor.java:run(205)) - Detected pause in JVM or host machine (eg GC): pause of approximately 2484ms
GC pool 'PS MarkSweep' had collection(s): count=1 time=2833ms
2019-11-05 18:02:26,602 [org.apache.hadoop.util.JvmPauseMonitor$Monitor@60383f76] INFO  util.JvmPauseMonitor (JvmPauseMonitor.java:run(205)) - Detected pause in JVM or host machine (eg GC): pause of approximately 4280ms
GC pool 'PS MarkSweep' had collection(s): count=1 time=4602ms
2019-11-05 18:02:26,602 [org.apache.hadoop.util.JvmPauseMonitor$Monitor@456b127f] INFO  util.JvmPauseMonitor (JvmPauseMonitor.java:run(205)) - Detected pause in JVM or host machine (eg GC): pause of approximately 4280ms
GC pool 'PS MarkSweep' had collection(s): count=1 time=4602ms
2019-11-05 18:02:26,602 [org.apache.hadoop.util.JvmPauseMonitor$Monitor@35aaced7] INFO  util.JvmPauseMonitor (JvmPauseMonitor.java:run(205)) - Detected pause in JVM or host machine (eg GC): pause of approximately 4280ms
GC pool 'PS MarkSweep' had collection(s): count=1 time=4602ms
2019-11-05 18:02:26,602 [org.apache.hadoop.util.JvmPauseMonitor$Monitor@6e2674c] INFO  util.JvmPauseMonitor (JvmPauseMonitor.java:run(205)) - Detected pause in JVM or host machine (eg GC): pause of approximately 4280ms
GC pool 'PS MarkSweep' had collection(s): count=1 time=4602ms
2019-11-05 18:02:30,813 [org.apache.hadoop.util.JvmPauseMonitor$Monitor@60383f76] INFO  util.JvmPauseMonitor (JvmPauseMonitor.java:run(205)) - Detected pause in JVM or host machine (eg GC): pause of approximately 3709ms
GC pool 'PS MarkSweep' had collection(s): count=1 time=4045ms
2019-11-05 18:02:30,813 [Thread-1740] WARN  util.JavaUtils (JavaUtils.java:sleep(246)) - Unexpected long sleep: sleep(5149ms) actually took 8994ms which is over the threshold 300ms
2019-11-05 18:02:30,813 [Thread-1732] WARN  util.JavaUtils (JavaUtils.java:sleep(246)) - Unexpected long sleep: sleep(5071ms) actually took 8995ms which is over the threshold 300ms
2019-11-05 18:02:30,813 [org.apache.hadoop.util.JvmPauseMonitor$Monitor@35aaced7] INFO  util.JvmPauseMonitor (JvmPauseMonitor.java:run(205)) - Detected pause in JVM or host machine (eg GC): pause of approximately 3709ms
GC pool 'PS MarkSweep' had collection(s): count=1 time=4045ms
2019-11-05 18:02:30,813 [org.apache.hadoop.util.JvmPauseMonitor$Monitor@6e2674c] INFO  util.JvmPauseMonitor (JvmPauseMonitor.java:run(205)) - Detected pause in JVM or host machine (eg GC): pause of approximately 3709ms
GC pool 'PS MarkSweep' had collection(s): count=1 time=4045ms
2019-11-05 18:02:30,813 [org.apache.hadoop.util.JvmPauseMonitor$Monitor@456b127f] INFO  util.JvmPauseMonitor (JvmPauseMonitor.java:run(205)) - Detected pause in JVM or host machine (eg GC): pause of approximately 3709ms
GC pool 'PS MarkSweep' had collection(s): count=1 time=4045ms
2019-11-05 18:02:34,103 [org.apache.hadoop.util.JvmPauseMonitor$Monitor@6e2674c] INFO  util.JvmPauseMonitor (JvmPauseMonitor.java:run(205)) - Detected pause in JVM or host machine (eg GC): pause of approximately 2789ms
GC pool 'PS MarkSweep' had collection(s): count=1 time=3154ms
2019-11-05 18:02:34,103 [org.apache.hadoop.util.JvmPauseMonitor$Monitor@456b127f] INFO  util.JvmPauseMonitor (JvmPauseMonitor.java:run(205)) - Detected pause in JVM or host machine (eg GC): pause of approximately 2789ms
GC pool 'PS MarkSweep' had collection(s): count=1 time=3154ms
2019-11-05 18:02:34,103 [org.apache.hadoop.util.JvmPauseMonitor$Monitor@35aaced7] INFO  util.JvmPauseMonitor (JvmPauseMonitor.java:run(205)) - Detected pause in JVM or host machine (eg GC): pause of approximately 2789ms
GC pool 'PS MarkSweep' had collection(s): count=1 time=3154ms
2019-11-05 18:02:34,103 [org.apache.hadoop.util.JvmPauseMonitor$Monitor@60383f76] INFO  util.JvmPauseMonitor (JvmPauseMonitor.java:run(205)) - Detected pause in JVM or host machine (eg GC): pause of approximately 2789ms
GC pool 'PS MarkSweep' had collection(s): count=1 time=3154ms
2019-11-05 18:02:37,009 [Thread-1740] WARN  util.JavaUtils (JavaUtils.java:sleep(246)) - Unexpected long sleep: sleep(5165ms) actually took 6194ms which is over the threshold 300ms
2019-11-05 18:02:37,009 [Thread-1732] WARN  util.JavaUtils (JavaUtils.java:sleep(246)) - Unexpected long sleep: sleep(5073ms) actually took 6195ms which is over the threshold 300ms
2019-11-05 18:02:37,013 [org.apache.hadoop.util.JvmPauseMonitor$Monitor@60383f76] INFO  util.JvmPauseMonitor (JvmPauseMonitor.java:run(205)) - Detected pause in JVM or host machine (eg GC): pause of approximately 2409ms
GC pool 'PS MarkSweep' had collection(s): count=1 time=2762ms
2019-11-05 18:02:37,013 [org.apache.hadoop.util.JvmPauseMonitor$Monitor@456b127f] INFO  util.JvmPauseMonitor (JvmPauseMonitor.java:run(205)) - Detected pause in JVM or host machine (eg GC): pause of approximately 2409ms
GC pool 'PS MarkSweep' had collection(s): count=1 time=2762ms
2019-11-05 18:02:37,013 [org.apache.hadoop.util.JvmPauseMonitor$Monitor@6e2674c] INFO  util.JvmPauseMonitor (JvmPauseMonitor.java:run(205)) - Detected pause in JVM or host machine (eg GC): pause of approximately 2409ms
GC pool 'PS MarkSweep' had collection(s): count=1 time=2762ms
2019-11-05 18:02:37,013 [org.apache.hadoop.util.JvmPauseMonitor$Monitor@35aaced7] INFO  util.JvmPauseMonitor (JvmPauseMonitor.java:run(205)) - Detected pause in JVM or host machine (eg GC): pause of approximately 2409ms
GC pool 'PS MarkSweep' had collection(s): count=1 time=2762ms
2019-11-05 18:02:39,823 [org.apache.hadoop.util.JvmPauseMonitor$Monitor@35aaced7] INFO  util.JvmPauseMonitor (JvmPauseMonitor.java:run(205)) - Detected pause in JVM or host machine (eg GC): pause of approximately 2309ms
GC pool 'PS MarkSweep' had collection(s): count=1 time=2716ms
2019-11-05 18:02:39,823 [org.apache.hadoop.util.JvmPauseMonitor$Monitor@60383f76] INFO  util.JvmPauseMonitor (JvmPauseMonitor.java:run(205)) - Detected pause in JVM or host machine (eg GC): pause of approximately 2309ms
GC pool 'PS MarkSweep' had collection(s): count=1 time=2716ms
2019-11-05 18:02:39,823 [org.apache.hadoop.util.JvmPauseMonitor$Monitor@6e2674c] INFO  util.JvmPauseMonitor (JvmPauseMonitor.java:run(205)) - Detected pause in JVM or host machine (eg GC): pause of approximately 2309ms
GC pool 'PS MarkSweep' had collection(s): count=1 time=2716ms
2019-11-05 18:02:39,823 [org.apache.hadoop.util.JvmPauseMonitor$Monitor@456b127f] INFO  util.JvmPauseMonitor (JvmPauseMonitor.java:run(205)) - Detected pause in JVM or host machine (eg GC): pause of approximately 2309ms
GC pool 'PS MarkSweep' had collection(s): count=1 time=2716ms
2019-11-05 18:02:42,820 [Thread-1740] WARN  util.JavaUtils (JavaUtils.java:sleep(246)) - Unexpected long sleep: sleep(5061ms) actually took 5810ms which is over the threshold 300ms
2019-11-05 18:02:42,820 [Thread-1732] WARN  util.JavaUtils (JavaUtils.java:sleep(246)) - Unexpected long sleep: sleep(5075ms) actually took 5810ms which is over the threshold 300ms
2019-11-05 18:02:42,823 [org.apache.hadoop.util.JvmPauseMonitor$Monitor@456b127f] INFO  util.JvmPauseMonitor (JvmPauseMonitor.java:run(205)) - Detected pause in JVM or host machine (eg GC): pause of approximately 2499ms
GC pool 'PS MarkSweep' had collection(s): count=1 time=2887ms
2019-11-05 18:02:42,823 [org.apache.hadoop.util.JvmPauseMonitor$Monitor@60383f76] INFO  util.JvmPauseMonitor (JvmPauseMonitor.java:run(205)) - Detected pause in JVM or host machine (eg GC): pause of approximately 2499ms
GC pool 'PS MarkSweep' had collection(s): count=1 time=2887ms
2019-11-05 18:02:42,823 [org.apache.hadoop.util.JvmPauseMonitor$Monitor@35aaced7] INFO  util.JvmPauseMonitor (JvmPauseMonitor.java:run(205)) - Detected pause in JVM or host machine (eg GC): pause of approximately 2499ms
GC pool 'PS MarkSweep' had collection(s): count=1 time=2887ms
2019-11-05 18:02:42,823 [org.apache.hadoop.util.JvmPauseMonitor$Monitor@6e2674c] INFO  util.JvmPauseMonitor (JvmPauseMonitor.java:run(205)) - Detected pause in JVM or host machine (eg GC): pause of approximately 2499ms
GC pool 'PS MarkSweep' had collection(s): count=1 time=2887ms
2019-11-05 18:02:45,371 [org.apache.hadoop.util.JvmPauseMonitor$Monitor@6e2674c] INFO  util.JvmPauseMonitor (JvmPauseMonitor.java:run(205)) - Detected pause in JVM or host machine (eg GC): pause of approximately 2047ms
GC pool 'PS MarkSweep' had collection(s): count=1 time=2467ms
2019-11-05 18:02:45,372 [org.apache.hadoop.util.JvmPauseMonitor$Monitor@456b127f] INFO  util.JvmPauseMonitor (JvmPauseMonitor.java:run(205)) - Detected pause in JVM or host machine (eg GC): pause of approximately 2047ms
GC pool 'PS MarkSweep' had collection(s): count=1 time=2467ms
2019-11-05 18:02:45,371 [org.apache.hadoop.util.JvmPauseMonitor$Monitor@35aaced7] INFO  util.JvmPauseMonitor (JvmPauseMonitor.java:run(205)) - Detected pause in JVM or host machine (eg GC): pause of approximately 2047ms
GC pool 'PS MarkSweep' had collection(s): count=1 time=2467ms
2019-11-05 18:02:45,371 [org.apache.hadoop.util.JvmPauseMonitor$Monitor@60383f76] INFO  util.JvmPauseMonitor (JvmPauseMonitor.java:run(205)) - Detected pause in JVM or host machine (eg GC): pause of approximately 2047ms
GC pool 'PS MarkSweep' had collection(s): count=1 time=2467ms
2019-11-05 18:02:47,942 [org.apache.hadoop.util.JvmPauseMonitor$Monitor@60383f76] INFO  util.JvmPauseMonitor (JvmPauseMonitor.java:run(205)) - Detected pause in JVM or host machine (eg GC): pause of approximately 2070ms
GC pool 'PS MarkSweep' had collection(s): count=1 time=2494ms
2019-11-05 18:02:47,943 [org.apache.hadoop.util.JvmPauseMonitor$Monitor@456b127f] INFO  util.JvmPauseMonitor (JvmPauseMonitor.java:run(205)) - Detected pause in JVM or host machine (eg GC): pause of approximately 2070ms
GC pool 'PS MarkSweep' had collection(s): count=1 time=2494ms
2019-11-05 18:02:47,942 [org.apache.hadoop.util.JvmPauseMonitor$Monitor@35aaced7] INFO  util.JvmPauseMonitor (JvmPauseMonitor.java:run(205)) - Detected pause in JVM or host machine (eg GC): pause of approximately 2070ms
GC pool 'PS MarkSweep' had collection(s): count=1 time=2494ms
2019-11-05 18:02:47,943 [org.apache.hadoop.util.JvmPauseMonitor$Monitor@6e2674c] INFO  util.JvmPauseMonitor (JvmPauseMonitor.java:run(205)) - Detected pause in JVM or host machine (eg GC): pause of approximately 2070ms
GC pool 'PS MarkSweep' had collection(s): count=1 time=2494ms
2019-11-05 18:02:50,424 [org.apache.hadoop.util.JvmPauseMonitor$Monitor@6e2674c] INFO  util.JvmPauseMonitor (JvmPauseMonitor.java:run(205)) - Detected pause in JVM or host machine (eg GC): pause of approximately 1980ms
GC pool 'PS MarkSweep' had collection(s): count=1 time=2424ms
2019-11-05 18:02:50,424 [org.apache.hadoop.util.JvmPauseMonitor$Monitor@35aaced7] INFO  util.JvmPauseMonitor (JvmPauseMonitor.java:run(205)) - Detected pause in JVM or host machine (eg GC): pause of approximately 1980ms
GC pool 'PS MarkSweep' had collection(s): count=1 time=2424ms
2019-11-05 18:02:50,424 [org.apache.hadoop.util.JvmPauseMonitor$Monitor@456b127f] INFO  util.JvmPauseMonitor (JvmPauseMonitor.java:run(205)) - Detected pause in JVM or host machine (eg GC): pause of approximately 1980ms
GC pool 'PS MarkSweep' had collection(s): count=1 time=2424ms
2019-11-05 18:02:50,424 [org.apache.hadoop.util.JvmPauseMonitor$Monitor@60383f76] INFO  util.JvmPauseMonitor (JvmPauseMonitor.java:run(205)) - Detected pause in JVM or host machine (eg GC): pause of approximately 1980ms
GC pool 'PS MarkSweep' had collection(s): count=1 time=2424ms
2019-11-05 18:02:53,528 [Thread-1740] WARN  util.JavaUtils (JavaUtils.java:sleep(246)) - Unexpected long sleep: sleep(5019ms) actually took 5587ms which is over the threshold 300ms
2019-11-05 18:02:53,528 [Thread-1732] WARN  util.JavaUtils (JavaUtils.java:sleep(246)) - Unexpected long sleep: sleep(5125ms) actually took 5587ms which is over the threshold 300ms
2019-11-05 18:02:53,530 [org.apache.hadoop.util.JvmPauseMonitor$Monitor@456b127f] INFO  util.JvmPauseMonitor (JvmPauseMonitor.java:run(205)) - Detected pause in JVM or host machine (eg GC): pause of approximately 2605ms
GC pool 'PS MarkSweep' had collection(s): count=1 time=3024ms
2019-11-05 18:02:53,530 [org.apache.hadoop.util.JvmPauseMonitor$Monitor@6e2674c] INFO  util.JvmPauseMonitor (JvmPauseMonitor.java:run(205)) - Detected pause in JVM or host machine (eg GC): pause of approximately 2606ms
GC pool 'PS MarkSweep' had collection(s): count=1 time=3024ms
2019-11-05 18:02:53,530 [org.apache.hadoop.util.JvmPauseMonitor$Monitor@35aaced7] INFO  util.JvmPauseMonitor (JvmPauseMonitor.java:run(205)) - Detected pause in JVM or host machine (eg GC): pause of approximately 2605ms
GC pool 'PS MarkSweep' had collection(s): count=1 time=3024ms
2019-11-05 18:02:53,530 [org.apache.hadoop.util.JvmPauseMonitor$Monitor@60383f76] INFO  util.JvmPauseMonitor (JvmPauseMonitor.java:run(205)) - Detected pause in JVM or host machine (eg GC): pause of approximately 2605ms
GC pool 'PS MarkSweep' had collection(s): count=1 time=3024ms
2019-11-05 18:02:56,630 [org.apache.hadoop.util.JvmPauseMonitor$Monitor@35aaced7] INFO  util.JvmPauseMonitor (JvmPauseMonitor.java:run(205)) - Detected pause in JVM or host machine (eg GC): pause of approximately 2599ms
GC pool 'PS MarkSweep' had collection(s): count=1 time=3042ms
2019-11-05 18:02:56,630 [org.apache.hadoop.util.JvmPauseMonitor$Monitor@456b127f] INFO  util.JvmPauseMonitor (JvmPauseMonitor.java:run(205)) - Detected pause in JVM or host machine (eg GC): pause of approximately 2600ms
GC pool 'PS MarkSweep' had collection(s): count=1 time=3042ms
2019-11-05 18:02:56,630 [org.apache.hadoop.util.JvmPauseMonitor$Monitor@6e2674c] INFO  util.JvmPauseMonitor (JvmPauseMonitor.java:run(205)) - Detected pause in JVM or host machine (eg GC): pause of approximately 2600ms
GC pool 'PS MarkSweep' had collection(s): count=1 time=3042ms
2019-11-05 18:02:56,630 [org.apache.hadoop.util.JvmPauseMonitor$Monitor@60383f76] INFO  util.JvmPauseMonitor (JvmPauseMonitor.java:run(205)) - Detected pause in JVM or host machine (eg GC): pause of approximately 2599ms
GC pool 'PS MarkSweep' had collection(s): count=1 time=3042ms
2019-11-05 18:02:59,081 [Thread-1740] WARN  util.JavaUtils (JavaUtils.java:sleep(246)) - Unexpected long sleep: sleep(5174ms) actually took 5552ms which is over the threshold 300ms
2019-11-05 18:02:59,081 [Thread-1732] WARN  util.JavaUtils (JavaUtils.java:sleep(246)) - Unexpected long sleep: sleep(5068ms) actually took 5552ms which is over the threshold 300ms
2019-11-05 18:02:59,083 [org.apache.hadoop.util.JvmPauseMonitor$Monitor@456b127f] INFO  util.JvmPauseMonitor (JvmPauseMonitor.java:run(205)) - Detected pause in JVM or host machine (eg GC): pause of approximately 1951ms
GC pool 'PS MarkSweep' had collection(s): count=1 time=2396ms
2019-11-05 18:02:59,083 [org.apache.hadoop.util.JvmPauseMonitor$Monitor@35aaced7] INFO  util.JvmPauseMonitor (JvmPauseMonitor.java:run(205)) - Detected pause in JVM or host machine (eg GC): pause of approximately 1951ms
GC pool 'PS MarkSweep' had collection(s): count=1 time=2396ms
2019-11-05 18:02:59,083 [org.apache.hadoop.util.JvmPauseMonitor$Monitor@6e2674c] INFO  util.JvmPauseMonitor (JvmPauseMonitor.java:run(205)) - Detected pause in JVM or host machine (eg GC): pause of approximately 1951ms
GC pool 'PS MarkSweep' had collection(s): count=1 time=2396ms
2019-11-05 18:02:59,083 [org.apache.hadoop.util.JvmPauseMonitor$Monitor@60383f76] INFO  util.JvmPauseMonitor (JvmPauseMonitor.java:run(205)) - Detected pause in JVM or host machine (eg GC): pause of approximately 1951ms
GC pool 'PS MarkSweep' had collection(s): count=1 time=2396ms
2019-11-05 18:03:01,442 [org.apache.hadoop.util.JvmPauseMonitor$Monitor@456b127f] INFO  util.JvmPauseMonitor (JvmPauseMonitor.java:run(205)) - Detected pause in JVM or host machine (eg GC): pause of approximately 1859ms
GC pool 'PS MarkSweep' had collection(s): count=1 time=2303ms
2019-11-05 18:03:01,442 [org.apache.hadoop.util.JvmPauseMonitor$Monitor@35aaced7] INFO  util.JvmPauseMonitor (JvmPauseMonitor.java:run(205)) - Detected pause in JVM or host machine (eg GC): pause of approximately 1859ms
GC pool 'PS MarkSweep' had collection(s): count=1 time=2303ms
2019-11-05 18:03:01,442 [org.apache.hadoop.util.JvmPauseMonitor$Monitor@6e2674c] INFO  util.JvmPauseMonitor (JvmPauseMonitor.java:run(205)) - Detected pause in JVM or host machine (eg GC): pause of approximately 1859ms
GC pool 'PS MarkSweep' had collection(s): count=1 time=2303ms
2019-11-05 18:03:01,442 [org.apache.hadoop.util.JvmPauseMonitor$Monitor@60383f76] INFO  util.JvmPauseMonitor (JvmPauseMonitor.java:run(205)) - Detected pause in JVM or host machine (eg GC): pause of approximately 1858ms
GC pool 'PS MarkSweep' had collection(s): count=1 time=2303ms
2019-11-05 18:03:03,829 [org.apache.hadoop.util.JvmPauseMonitor$Monitor@60383f76] INFO  util.JvmPauseMonitor (JvmPauseMonitor.java:run(205)) - Detected pause in JVM or host machine (eg GC): pause of approximately 1885ms
GC pool 'PS MarkSweep' had collection(s): count=1 time=2333ms
2019-11-05 18:03:03,829 [org.apache.hadoop.util.JvmPauseMonitor$Monitor@456b127f] INFO  util.JvmPauseMonitor (JvmPauseMonitor.java:run(205)) - Detected pause in JVM or host machine (eg GC): pause of approximately 1886ms
GC pool 'PS MarkSweep' had collection(s): count=1 time=2333ms
2019-11-05 18:03:03,829 [org.apache.hadoop.util.JvmPauseMonitor$Monitor@6e2674c] INFO  util.JvmPauseMonitor (JvmPauseMonitor.java:run(205)) - Detected pause in JVM or host machine (eg GC): pause of approximately 1885ms
GC pool 'PS MarkSweep' had collection(s): count=1 time=2333ms
2019-11-05 18:03:03,829 [org.apache.hadoop.util.JvmPauseMonitor$Monitor@35aaced7] INFO  util.JvmPauseMonitor (JvmPauseMonitor.java:run(205)) - Detected pause in JVM or host machine (eg GC): pause of approximately 1886ms
GC pool 'PS MarkSweep' had collection(s): count=1 time=2333ms
2019-11-05 18:03:06,278 [org.apache.hadoop.util.JvmPauseMonitor$Monitor@6e2674c] INFO  util.JvmPauseMonitor (JvmPauseMonitor.java:run(205)) - Detected pause in JVM or host machine (eg GC): pause of approximately 1948ms
GC pool 'PS MarkSweep' had collection(s): count=1 time=2416ms
2019-11-05 18:03:06,278 [Thread-1740] WARN  util.JavaUtils (JavaUtils.java:sleep(246)) - Unexpected long sleep: sleep(5120ms) actually took 7196ms which is over the threshold 300ms
2019-11-05 18:03:06,278 [Thread-1732] WARN  util.JavaUtils (JavaUtils.java:sleep(246)) - Unexpected long sleep: sleep(5019ms) actually took 7196ms which is over the threshold 300ms
2019-11-05 18:03:06,278 [org.apache.hadoop.util.JvmPauseMonitor$Monitor@35aaced7] INFO  util.JvmPauseMonitor (JvmPauseMonitor.java:run(205)) - Detected pause in JVM or host machine (eg GC): pause of approximately 1948ms
GC pool 'PS MarkSweep' had collection(s): count=1 time=2416ms
2019-11-05 18:03:06,278 [org.apache.hadoop.util.JvmPauseMonitor$Monitor@456b127f] INFO  util.JvmPauseMonitor (JvmPauseMonitor.java:run(205)) - Detected pause in JVM or host machine (eg GC): pause of approximately 1948ms
GC pool 'PS MarkSweep' had collection(s): count=1 time=2416ms
2019-11-05 18:03:06,278 [org.apache.hadoop.util.JvmPauseMonitor$Monitor@60383f76] INFO  util.JvmPauseMonitor (JvmPauseMonitor.java:run(205)) - Detected pause in JVM or host machine (eg GC): pause of approximately 1948ms
GC pool 'PS MarkSweep' had collection(s): count=1 time=2416ms
2019-11-05 18:03:08,733 [org.apache.hadoop.util.JvmPauseMonitor$Monitor@60383f76] INFO  util.JvmPauseMonitor (JvmPauseMonitor.java:run(205)) - Detected pause in JVM or host machine (eg GC): pause of approximately 1954ms
GC pool 'PS MarkSweep' had collection(s): count=1 time=2409ms
2019-11-05 18:03:08,733 [org.apache.hadoop.util.JvmPauseMonitor$Monitor@6e2674c] INFO  util.JvmPauseMonitor (JvmPauseMonitor.java:run(205)) - Detected pause in JVM or host machine (eg GC): pause of approximately 1954ms
GC pool 'PS MarkSweep' had collection(s): count=1 time=2409ms
2019-11-05 18:03:08,733 [org.apache.hadoop.util.JvmPauseMonitor$Monitor@35aaced7] INFO  util.JvmPauseMonitor (JvmPauseMonitor.java:run(205)) - Detected pause in JVM or host machine (eg GC): pause of approximately 1954ms
GC pool 'PS MarkSweep' had collection(s): count=1 time=2409ms
2019-11-05 18:03:08,733 [org.apache.hadoop.util.JvmPauseMonitor$Monitor@456b127f] INFO  util.JvmPauseMonitor (JvmPauseMonitor.java:run(205)) - Detected pause in JVM or host machine (eg GC): pause of approximately 1954ms
GC pool 'PS MarkSweep' had collection(s): count=1 time=2409ms
2019-11-05 18:03:12,157 [Thread-1732] WARN  util.JavaUtils (JavaUtils.java:sleep(246)) - Unexpected long sleep: sleep(5174ms) actually took 5878ms which is over the threshold 300ms
2019-11-05 18:03:12,157 [Thread-1740] WARN  util.JavaUtils (JavaUtils.java:sleep(246)) - Unexpected long sleep: sleep(5139ms) actually took 5878ms which is over the threshold 300ms
2019-11-05 18:03:12,159 [org.apache.hadoop.util.JvmPauseMonitor$Monitor@60383f76] INFO  util.JvmPauseMonitor (JvmPauseMonitor.java:run(205)) - Detected pause in JVM or host machine (eg GC): pause of approximately 2925ms
GC pool 'PS MarkSweep' had collection(s): count=1 time=3385ms
2019-11-05 18:03:12,159 [org.apache.hadoop.util.JvmPauseMonitor$Monitor@6e2674c] INFO  util.JvmPauseMonitor (JvmPauseMonitor.java:run(205)) - Detected pause in JVM or host machine (eg GC): pause of approximately 2925ms
GC pool 'PS MarkSweep' had collection(s): count=1 time=3385ms
2019-11-05 18:03:12,159 [org.apache.hadoop.util.JvmPauseMonitor$Monitor@35aaced7] INFO  util.JvmPauseMonitor (JvmPauseMonitor.java:run(205)) - Detected pause in JVM or host machine (eg GC): pause of approximately 2925ms
GC pool 'PS MarkSweep' had collection(s): count=1 time=3385ms
2019-11-05 18:03:12,159 [org.apache.hadoop.util.JvmPauseMonitor$Monitor@456b127f] INFO  util.JvmPauseMonitor (JvmPauseMonitor.java:run(205)) - Detected pause in JVM or host machine (eg GC): pause of approximately 2925ms
GC pool 'PS MarkSweep' had collection(s): count=1 time=3385ms
2019-11-05 18:03:15,186 [org.apache.hadoop.util.JvmPauseMonitor$Monitor@60383f76] INFO  util.JvmPauseMonitor (JvmPauseMonitor.java:run(205)) - Detected pause in JVM or host machine (eg GC): pause of approximately 2527ms
GC pool 'PS MarkSweep' had collection(s): count=1 time=3000ms
2019-11-05 18:03:15,186 [org.apache.hadoop.util.JvmPauseMonitor$Monitor@35aaced7] INFO  util.JvmPauseMonitor (JvmPauseMonitor.java:run(205)) - Detected pause in JVM or host machine (eg GC): pause of approximately 2527ms
GC pool 'PS MarkSweep' had collection(s): count=1 time=3000ms
2019-11-05 18:03:15,186 [org.apache.hadoop.util.JvmPauseMonitor$Monitor@6e2674c] INFO  util.JvmPauseMonitor (JvmPauseMonitor.java:run(205)) - Detected pause in JVM or host machine (eg GC): pause of approximately 2527ms
GC pool 'PS MarkSweep' had collection(s): count=1 time=3000ms
2019-11-05 18:03:15,186 [org.apache.hadoop.util.JvmPauseMonitor$Monitor@456b127f] INFO  util.JvmPauseMonitor (JvmPauseMonitor.java:run(205)) - Detected pause in JVM or host machine (eg GC): pause of approximately 2527ms
GC pool 'PS MarkSweep' had collection(s): count=1 time=3000ms
2019-11-05 18:03:18,188 [Thread-1740] WARN  util.JavaUtils (JavaUtils.java:sleep(246)) - Unexpected long sleep: sleep(5132ms) actually took 6030ms which is over the threshold 300ms
2019-11-05 18:03:18,188 [Thread-1732] WARN  util.JavaUtils (JavaUtils.java:sleep(246)) - Unexpected long sleep: sleep(5023ms) actually took 6030ms which is over the threshold 300ms
2019-11-05 18:03:18,189 [org.apache.hadoop.util.JvmPauseMonitor$Monitor@456b127f] INFO  util.JvmPauseMonitor (JvmPauseMonitor.java:run(205)) - Detected pause in JVM or host machine (eg GC): pause of approximately 2502ms
GC pool 'PS MarkSweep' had collection(s): count=1 time=2976ms
2019-11-05 18:03:18,189 [org.apache.hadoop.util.JvmPauseMonitor$Monitor@6e2674c] INFO  util.JvmPauseMonitor (JvmPauseMonitor.java:run(205)) - Detected pause in JVM or host machine (eg GC): pause of approximately 2502ms
GC pool 'PS MarkSweep' had collection(s): count=1 time=2976ms
2019-11-05 18:03:18,190 [org.apache.hadoop.util.JvmPauseMonitor$Monitor@60383f76] INFO  util.JvmPauseMonitor (JvmPauseMonitor.java:run(205)) - Detected pause in JVM or host machine (eg GC): pause of approximately 2502ms
GC pool 'PS MarkSweep' had collection(s): count=1 time=2976ms
2019-11-05 18:03:18,190 [org.apache.hadoop.util.JvmPauseMonitor$Monitor@35aaced7] INFO  util.JvmPauseMonitor (JvmPauseMonitor.java:run(205)) - Detected pause in JVM or host machine (eg GC): pause of approximately 2502ms
GC pool 'PS MarkSweep' had collection(s): count=1 time=2976ms
2019-11-05 18:03:20,536 [org.apache.hadoop.util.JvmPauseMonitor$Monitor@60383f76] INFO  util.JvmPauseMonitor (JvmPauseMonitor.java:run(205)) - Detected pause in JVM or host machine (eg GC): pause of approximately 1846ms
GC pool 'PS MarkSweep' had collection(s): count=1 time=2323ms
2019-11-05 18:03:20,536 [org.apache.hadoop.util.JvmPauseMonitor$Monitor@6e2674c] INFO  util.JvmPauseMonitor (JvmPauseMonitor.java:run(205)) - Detected pause in JVM or host machine (eg GC): pause of approximately 1846ms
GC pool 'PS MarkSweep' had collection(s): count=1 time=2323ms
2019-11-05 18:03:20,536 [org.apache.hadoop.util.JvmPauseMonitor$Monitor@35aaced7] INFO  util.JvmPauseMonitor (JvmPauseMonitor.java:run(205)) - Detected pause in JVM or host machine (eg GC): pause of approximately 1846ms
GC pool 'PS MarkSweep' had collection(s): count=1 time=2323ms
2019-11-05 18:03:20,537 [org.apache.hadoop.util.JvmPauseMonitor$Monitor@456b127f] INFO  util.JvmPauseMonitor (JvmPauseMonitor.java:run(205)) - Detected pause in JVM or host machine (eg GC): pause of approximately 1846ms
GC pool 'PS MarkSweep' had collection(s): count=1 time=2323ms
2019-11-05 18:03:23,468 [Thread-1740] INFO  impl.FollowerState (FollowerState.java:run(111)) - e1680d33-177b-4bb4-917e-90597657b2e0@group-74B84A2E5E5D-FollowerState: change to CANDIDATE, lastRpcTime:5277ms, electionTimeout:5193ms
2019-11-05 18:03:23,468 [Thread-1732] INFO  impl.FollowerState (FollowerState.java:run(111)) - 02f37fe2-fe34-4fe4-ac70-a7c31e6a188f@group-74B84A2E5E5D-FollowerState: change to CANDIDATE, lastRpcTime:5278ms, electionTimeout:5179ms
2019-11-05 18:03:23,468 [Thread-1740] INFO  impl.RoleInfo (RoleInfo.java:shutdownFollowerState(121)) - e1680d33-177b-4bb4-917e-90597657b2e0: shutdown FollowerState
2019-11-05 18:03:23,468 [Thread-1732] INFO  impl.RoleInfo (RoleInfo.java:shutdownFollowerState(121)) - 02f37fe2-fe34-4fe4-ac70-a7c31e6a188f: shutdown FollowerState
2019-11-05 18:03:23,469 [Thread-1740] INFO  impl.RaftServerImpl (RaftServerImpl.java:setRole(173)) - e1680d33-177b-4bb4-917e-90597657b2e0@group-74B84A2E5E5D: changes role from  FOLLOWER to CANDIDATE at term 1 for changeToCandidate
2019-11-05 18:03:23,469 [Thread-1732] INFO  impl.RaftServerImpl (RaftServerImpl.java:setRole(173)) - 02f37fe2-fe34-4fe4-ac70-a7c31e6a188f@group-74B84A2E5E5D: changes role from  FOLLOWER to CANDIDATE at term 1 for changeToCandidate
2019-11-05 18:03:23,469 [Thread-1740] INFO  impl.RoleInfo (RoleInfo.java:updateAndGet(143)) - e1680d33-177b-4bb4-917e-90597657b2e0: start LeaderElection
2019-11-05 18:03:23,469 [Thread-1732] INFO  impl.RoleInfo (RoleInfo.java:updateAndGet(143)) - 02f37fe2-fe34-4fe4-ac70-a7c31e6a188f: start LeaderElection
2019-11-05 18:03:23,471 [org.apache.hadoop.util.JvmPauseMonitor$Monitor@60383f76] INFO  util.JvmPauseMonitor (JvmPauseMonitor.java:run(205)) - Detected pause in JVM or host machine (eg GC): pause of approximately 2434ms
GC pool 'PS MarkSweep' had collection(s): count=1 time=2912ms
2019-11-05 18:03:23,471 [org.apache.hadoop.util.JvmPauseMonitor$Monitor@35aaced7] INFO  util.JvmPauseMonitor (JvmPauseMonitor.java:run(205)) - Detected pause in JVM or host machine (eg GC): pause of approximately 2434ms
GC pool 'PS MarkSweep' had collection(s): count=1 time=2912ms
2019-11-05 18:03:23,471 [org.apache.hadoop.util.JvmPauseMonitor$Monitor@6e2674c] INFO  util.JvmPauseMonitor (JvmPauseMonitor.java:run(205)) - Detected pause in JVM or host machine (eg GC): pause of approximately 2434ms
GC pool 'PS MarkSweep' had collection(s): count=1 time=2912ms
2019-11-05 18:03:23,471 [org.apache.hadoop.util.JvmPauseMonitor$Monitor@456b127f] INFO  util.JvmPauseMonitor (JvmPauseMonitor.java:run(205)) - Detected pause in JVM or host machine (eg GC): pause of approximately 2434ms
GC pool 'PS MarkSweep' had collection(s): count=1 time=2912ms
2019-11-05 18:03:23,473 [e1680d33-177b-4bb4-917e-90597657b2e0@group-74B84A2E5E5D-LeaderElection42] INFO  impl.RaftServerImpl (ServerState.java:setLeader(255)) - e1680d33-177b-4bb4-917e-90597657b2e0@group-74B84A2E5E5D: change Leader from ea459e14-13c3-43be-966a-4b2c38b3bcf1 to null at term 1 for initElection
2019-11-05 18:03:23,473 [02f37fe2-fe34-4fe4-ac70-a7c31e6a188f@group-74B84A2E5E5D-LeaderElection43] INFO  impl.RaftServerImpl (ServerState.java:setLeader(255)) - 02f37fe2-fe34-4fe4-ac70-a7c31e6a188f@group-74B84A2E5E5D: change Leader from ea459e14-13c3-43be-966a-4b2c38b3bcf1 to null at term 1 for initElection
2019-11-05 18:03:23,489 [e1680d33-177b-4bb4-917e-90597657b2e0@group-74B84A2E5E5D-LeaderElection42] INFO  impl.LeaderElection (LeaderElection.java:askForVotes(178)) - e1680d33-177b-4bb4-917e-90597657b2e0@group-74B84A2E5E5D-LeaderElection42: begin an election at term 2 for 0: [ea459e14-13c3-43be-966a-4b2c38b3bcf1:192.168.34.20:35904, e1680d33-177b-4bb4-917e-90597657b2e0:192.168.34.20:43081, 02f37fe2-fe34-4fe4-ac70-a7c31e6a188f:192.168.34.20:33800], old=null
2019-11-05 18:03:23,489 [02f37fe2-fe34-4fe4-ac70-a7c31e6a188f@group-74B84A2E5E5D-LeaderElection43] INFO  impl.LeaderElection (LeaderElection.java:askForVotes(178)) - 02f37fe2-fe34-4fe4-ac70-a7c31e6a188f@group-74B84A2E5E5D-LeaderElection43: begin an election at term 2 for 0: [ea459e14-13c3-43be-966a-4b2c38b3bcf1:192.168.34.20:35904, e1680d33-177b-4bb4-917e-90597657b2e0:192.168.34.20:43081, 02f37fe2-fe34-4fe4-ac70-a7c31e6a188f:192.168.34.20:33800], old=null
2019-11-05 18:03:23,490 [Thread-1735] INFO  impl.RaftServerImpl (ServerState.java:setLeader(255)) - ea459e14-13c3-43be-966a-4b2c38b3bcf1@group-74B84A2E5E5D: change Leader from ea459e14-13c3-43be-966a-4b2c38b3bcf1 to null at term 2 for updateCurrentTerm
2019-11-05 18:03:23,490 [Thread-1735] INFO  impl.RaftServerImpl (RaftServerImpl.java:setRole(173)) - ea459e14-13c3-43be-966a-4b2c38b3bcf1@group-74B84A2E5E5D: changes role from    LEADER to FOLLOWER at term 2 for stepDown
2019-11-05 18:03:23,490 [Thread-1735] INFO  impl.RoleInfo (RoleInfo.java:shutdownLeaderState(104)) - ea459e14-13c3-43be-966a-4b2c38b3bcf1: shutdown LeaderState
2019-11-05 18:03:23,493 [org.apache.ratis.server.impl.LogAppender$AppenderDaemon$$Lambda$451/1973164967@12817f13] WARN  server.GrpcLogAppender (GrpcLogAppender.java:mayWait(151)) - ea459e14-13c3-43be-966a-4b2c38b3bcf1@group-74B84A2E5E5D->02f37fe2-fe34-4fe4-ac70-a7c31e6a188f-GrpcLogAppender: Wait interrupted by java.lang.InterruptedException
2019-11-05 18:03:23,493 [org.apache.ratis.server.impl.LogAppender$AppenderDaemon$$Lambda$451/1973164967@5783eb87] WARN  server.GrpcLogAppender (GrpcLogAppender.java:mayWait(151)) - ea459e14-13c3-43be-966a-4b2c38b3bcf1@group-74B84A2E5E5D->e1680d33-177b-4bb4-917e-90597657b2e0-GrpcLogAppender: Wait interrupted by java.lang.InterruptedException
2019-11-05 18:03:23,493 [Thread-1735] INFO  impl.PendingRequests (PendingRequests.java:sendNotLeaderResponses(206)) - ea459e14-13c3-43be-966a-4b2c38b3bcf1@group-74B84A2E5E5D-PendingRequests: sendNotLeaderResponses
2019-11-05 18:03:23,493 [Thread-1735] INFO  impl.RoleInfo (RoleInfo.java:updateAndGet(143)) - ea459e14-13c3-43be-966a-4b2c38b3bcf1: start FollowerState
2019-11-05 18:03:23,494 [grpc-default-executor-4] INFO  server.GrpcServerProtocolService (GrpcServerProtocolService.java:onCompleted(113)) - 02f37fe2-fe34-4fe4-ac70-a7c31e6a188f: Completed APPEND_ENTRIES, lastRequest: ea459e14-13c3-43be-966a-4b2c38b3bcf1->02f37fe2-fe34-4fe4-ac70-a7c31e6a188f#70-t1, previous=(t:1, i:0), leaderCommit=0, initializing? false, entries: <empty>
2019-11-05 18:03:23,495 [grpc-default-executor-5] INFO  server.GrpcServerProtocolService (GrpcServerProtocolService.java:onCompleted(113)) - e1680d33-177b-4bb4-917e-90597657b2e0: Completed APPEND_ENTRIES, lastRequest: ea459e14-13c3-43be-966a-4b2c38b3bcf1->e1680d33-177b-4bb4-917e-90597657b2e0#70-t1, previous=(t:1, i:0), leaderCommit=0, initializing? false, entries: <empty>
2019-11-05 18:03:23,498 [grpc-default-executor-5] INFO  server.GrpcLogAppender (GrpcLogAppender.java:onCompleted(308)) - ea459e14-13c3-43be-966a-4b2c38b3bcf1@group-74B84A2E5E5D->02f37fe2-fe34-4fe4-ac70-a7c31e6a188f-AppendLogResponseHandler: follower responses appendEntries COMPLETED
2019-11-05 18:03:23,500 [grpc-default-executor-2] INFO  server.GrpcLogAppender (GrpcLogAppender.java:onCompleted(308)) - ea459e14-13c3-43be-966a-4b2c38b3bcf1@group-74B84A2E5E5D->e1680d33-177b-4bb4-917e-90597657b2e0-AppendLogResponseHandler: follower responses appendEntries COMPLETED
2019-11-05 18:03:23,501 [grpc-default-executor-5] INFO  impl.FollowerInfo (FollowerInfo.java:lambda$new$0(51)) - ea459e14-13c3-43be-966a-4b2c38b3bcf1@group-74B84A2E5E5D->02f37fe2-fe34-4fe4-ac70-a7c31e6a188f: nextIndex: updateUnconditionally 1 -> 0
2019-11-05 18:03:23,501 [grpc-default-executor-2] INFO  impl.FollowerInfo (FollowerInfo.java:lambda$new$0(51)) - ea459e14-13c3-43be-966a-4b2c38b3bcf1@group-74B84A2E5E5D->e1680d33-177b-4bb4-917e-90597657b2e0: nextIndex: updateUnconditionally 1 -> 0
2019-11-05 18:03:23,508 [grpc-default-executor-2] INFO  impl.RaftServerImpl (RaftServerImpl.java:setRole(173)) - ea459e14-13c3-43be-966a-4b2c38b3bcf1@group-74B84A2E5E5D: changes role from  FOLLOWER to FOLLOWER at term 2 for recognizeCandidate:02f37fe2-fe34-4fe4-ac70-a7c31e6a188f
2019-11-05 18:03:23,508 [grpc-default-executor-2] INFO  impl.RoleInfo (RoleInfo.java:shutdownFollowerState(121)) - ea459e14-13c3-43be-966a-4b2c38b3bcf1: shutdown FollowerState
2019-11-05 18:03:23,508 [grpc-default-executor-2] INFO  impl.RoleInfo (RoleInfo.java:updateAndGet(143)) - ea459e14-13c3-43be-966a-4b2c38b3bcf1: start FollowerState
2019-11-05 18:03:23,508 [Thread-1896] INFO  impl.FollowerState (FollowerState.java:run(120)) - ea459e14-13c3-43be-966a-4b2c38b3bcf1@group-74B84A2E5E5D-FollowerState was interrupted: java.lang.InterruptedException: sleep interrupted
2019-11-05 18:03:26,562 [org.apache.hadoop.util.JvmPauseMonitor$Monitor@456b127f] INFO  util.JvmPauseMonitor (JvmPauseMonitor.java:run(205)) - Detected pause in JVM or host machine (eg GC): pause of approximately 2590ms
GC pool 'PS MarkSweep' had collection(s): count=1 time=3049ms
2019-11-05 18:03:26,562 [org.apache.hadoop.util.JvmPauseMonitor$Monitor@35aaced7] INFO  util.JvmPauseMonitor (JvmPauseMonitor.java:run(205)) - Detected pause in JVM or host machine (eg GC): pause of approximately 2590ms
GC pool 'PS MarkSweep' had collection(s): count=1 time=3049ms
2019-11-05 18:03:26,562 [org.apache.hadoop.util.JvmPauseMonitor$Monitor@60383f76] INFO  util.JvmPauseMonitor (JvmPauseMonitor.java:run(205)) - Detected pause in JVM or host machine (eg GC): pause of approximately 2590ms
GC pool 'PS MarkSweep' had collection(s): count=1 time=3049ms
2019-11-05 18:03:26,562 [org.apache.hadoop.util.JvmPauseMonitor$Monitor@6e2674c] INFO  util.JvmPauseMonitor (JvmPauseMonitor.java:run(205)) - Detected pause in JVM or host machine (eg GC): pause of approximately 2590ms
GC pool 'PS MarkSweep' had collection(s): count=1 time=3049ms
2019-11-05 18:03:26,563 [e1680d33-177b-4bb4-917e-90597657b2e0@group-74B84A2E5E5D-LeaderElection42] INFO  impl.LeaderElection (LogUtils.java:infoOrTrace(149)) - e1680d33-177b-4bb4-917e-90597657b2e0@group-74B84A2E5E5D-LeaderElection42 got exception when requesting votes: {}
java.util.concurrent.ExecutionException: org.apache.ratis.thirdparty.io.grpc.StatusRuntimeException: DEADLINE_EXCEEDED: deadline exceeded after 2997027936ns
	at java.util.concurrent.FutureTask.report(FutureTask.java:122)
	at java.util.concurrent.FutureTask.get(FutureTask.java:192)
	at org.apache.ratis.server.impl.LeaderElection.waitForResults(LeaderElection.java:259)
	at org.apache.ratis.server.impl.LeaderElection.askForVotes(LeaderElection.java:197)
	at org.apache.ratis.server.impl.LeaderElection.run(LeaderElection.java:133)
	at java.lang.Thread.run(Thread.java:748)
Caused by: org.apache.ratis.thirdparty.io.grpc.StatusRuntimeException: DEADLINE_EXCEEDED: deadline exceeded after 2997027936ns
	at org.apache.ratis.thirdparty.io.grpc.stub.ClientCalls.toStatusRuntimeException(ClientCalls.java:233)
	at org.apache.ratis.thirdparty.io.grpc.stub.ClientCalls.getUnchecked(ClientCalls.java:214)
	at org.apache.ratis.thirdparty.io.grpc.stub.ClientCalls.blockingUnaryCall(ClientCalls.java:139)
	at org.apache.ratis.proto.grpc.RaftServerProtocolServiceGrpc$RaftServerProtocolServiceBlockingStub.requestVote(RaftServerProtocolServiceGrpc.java:265)
	at org.apache.ratis.grpc.server.GrpcServerProtocolClient.requestVote(GrpcServerProtocolClient.java:99)
	at org.apache.ratis.grpc.server.GrpcService.requestVote(GrpcService.java:204)
	at org.apache.ratis.server.impl.LeaderElection.lambda$submitRequests$1(LeaderElection.java:234)
	at java.util.concurrent.FutureTask.run(FutureTask.java:266)
	at java.util.concurrent.Executors$RunnableAdapter.call(Executors.java:511)
	at java.util.concurrent.FutureTask.run(FutureTask.java:266)
	at java.util.concurrent.ThreadPoolExecutor.runWorker(ThreadPoolExecutor.java:1149)
	at java.util.concurrent.ThreadPoolExecutor$Worker.run(ThreadPoolExecutor.java:624)
	... 1 more
2019-11-05 18:03:26,563 [02f37fe2-fe34-4fe4-ac70-a7c31e6a188f@group-74B84A2E5E5D-LeaderElection43] INFO  impl.LeaderElection (LogUtils.java:infoOrTrace(149)) - 02f37fe2-fe34-4fe4-ac70-a7c31e6a188f@group-74B84A2E5E5D-LeaderElection43 got exception when requesting votes: {}
java.util.concurrent.ExecutionException: org.apache.ratis.thirdparty.io.grpc.StatusRuntimeException: DEADLINE_EXCEEDED: deadline exceeded after 2999763520ns
	at java.util.concurrent.FutureTask.report(FutureTask.java:122)
	at java.util.concurrent.FutureTask.get(FutureTask.java:192)
	at org.apache.ratis.server.impl.LeaderElection.waitForResults(LeaderElection.java:259)
	at org.apache.ratis.server.impl.LeaderElection.askForVotes(LeaderElection.java:197)
	at org.apache.ratis.server.impl.LeaderElection.run(LeaderElection.java:133)
	at java.lang.Thread.run(Thread.java:748)
Caused by: org.apache.ratis.thirdparty.io.grpc.StatusRuntimeException: DEADLINE_EXCEEDED: deadline exceeded after 2999763520ns
	at org.apache.ratis.thirdparty.io.grpc.stub.ClientCalls.toStatusRuntimeException(ClientCalls.java:233)
	at org.apache.ratis.thirdparty.io.grpc.stub.ClientCalls.getUnchecked(ClientCalls.java:214)
	at org.apache.ratis.thirdparty.io.grpc.stub.ClientCalls.blockingUnaryCall(ClientCalls.java:139)
	at org.apache.ratis.proto.grpc.RaftServerProtocolServiceGrpc$RaftServerProtocolServiceBlockingStub.requestVote(RaftServerProtocolServiceGrpc.java:265)
	at org.apache.ratis.grpc.server.GrpcServerProtocolClient.requestVote(GrpcServerProtocolClient.java:99)
	at org.apache.ratis.grpc.server.GrpcService.requestVote(GrpcService.java:204)
	at org.apache.ratis.server.impl.LeaderElection.lambda$submitRequests$1(LeaderElection.java:234)
	at java.util.concurrent.FutureTask.run(FutureTask.java:266)
	at java.util.concurrent.Executors$RunnableAdapter.call(Executors.java:511)
	at java.util.concurrent.FutureTask.run(FutureTask.java:266)
	at java.util.concurrent.ThreadPoolExecutor.runWorker(ThreadPoolExecutor.java:1149)
	at java.util.concurrent.ThreadPoolExecutor$Worker.run(ThreadPoolExecutor.java:624)
	... 1 more
2019-11-05 18:03:26,564 [e1680d33-177b-4bb4-917e-90597657b2e0@group-74B84A2E5E5D-LeaderElection42] INFO  impl.LeaderElection (LeaderElection.java:logAndReturn(56)) - e1680d33-177b-4bb4-917e-90597657b2e0@group-74B84A2E5E5D-LeaderElection42: Election REJECTED; received 1 response(s) [e1680d33-177b-4bb4-917e-90597657b2e0<-02f37fe2-fe34-4fe4-ac70-a7c31e6a188f#0:FAIL-t2] and 1 exception(s); e1680d33-177b-4bb4-917e-90597657b2e0@group-74B84A2E5E5D:t2, leader=null, voted=e1680d33-177b-4bb4-917e-90597657b2e0, raftlog=e1680d33-177b-4bb4-917e-90597657b2e0@group-74B84A2E5E5D-SegmentedRaftLog:OPENED:c0,f0,i0, conf=0: [ea459e14-13c3-43be-966a-4b2c38b3bcf1:192.168.34.20:35904, e1680d33-177b-4bb4-917e-90597657b2e0:192.168.34.20:43081, 02f37fe2-fe34-4fe4-ac70-a7c31e6a188f:192.168.34.20:33800], old=null
2019-11-05 18:03:26,566 [02f37fe2-fe34-4fe4-ac70-a7c31e6a188f@group-74B84A2E5E5D-LeaderElection43] INFO  impl.LeaderElection (LeaderElection.java:logAndReturn(56)) - 02f37fe2-fe34-4fe4-ac70-a7c31e6a188f@group-74B84A2E5E5D-LeaderElection43: Election REJECTED; received 1 response(s) [02f37fe2-fe34-4fe4-ac70-a7c31e6a188f<-e1680d33-177b-4bb4-917e-90597657b2e0#0:FAIL-t2] and 1 exception(s); 02f37fe2-fe34-4fe4-ac70-a7c31e6a188f@group-74B84A2E5E5D:t2, leader=null, voted=02f37fe2-fe34-4fe4-ac70-a7c31e6a188f, raftlog=02f37fe2-fe34-4fe4-ac70-a7c31e6a188f@group-74B84A2E5E5D-SegmentedRaftLog:OPENED:c0,f0,i0, conf=0: [ea459e14-13c3-43be-966a-4b2c38b3bcf1:192.168.34.20:35904, e1680d33-177b-4bb4-917e-90597657b2e0:192.168.34.20:43081, 02f37fe2-fe34-4fe4-ac70-a7c31e6a188f:192.168.34.20:33800], old=null
2019-11-05 18:03:26,566 [e1680d33-177b-4bb4-917e-90597657b2e0@group-74B84A2E5E5D-LeaderElection42] INFO  impl.LeaderElection (LogUtils.java:infoOrTrace(149)) -   Exception 0: {}
java.util.concurrent.ExecutionException: org.apache.ratis.thirdparty.io.grpc.StatusRuntimeException: DEADLINE_EXCEEDED: deadline exceeded after 2997027936ns
	at java.util.concurrent.FutureTask.report(FutureTask.java:122)
	at java.util.concurrent.FutureTask.get(FutureTask.java:192)
	at org.apache.ratis.server.impl.LeaderElection.waitForResults(LeaderElection.java:259)
	at org.apache.ratis.server.impl.LeaderElection.askForVotes(LeaderElection.java:197)
	at org.apache.ratis.server.impl.LeaderElection.run(LeaderElection.java:133)
	at java.lang.Thread.run(Thread.java:748)
Caused by: org.apache.ratis.thirdparty.io.grpc.StatusRuntimeException: DEADLINE_EXCEEDED: deadline exceeded after 2997027936ns
	at org.apache.ratis.thirdparty.io.grpc.stub.ClientCalls.toStatusRuntimeException(ClientCalls.java:233)
	at org.apache.ratis.thirdparty.io.grpc.stub.ClientCalls.getUnchecked(ClientCalls.java:214)
	at org.apache.ratis.thirdparty.io.grpc.stub.ClientCalls.blockingUnaryCall(ClientCalls.java:139)
	at org.apache.ratis.proto.grpc.RaftServerProtocolServiceGrpc$RaftServerProtocolServiceBlockingStub.requestVote(RaftServerProtocolServiceGrpc.java:265)
	at org.apache.ratis.grpc.server.GrpcServerProtocolClient.requestVote(GrpcServerProtocolClient.java:99)
	at org.apache.ratis.grpc.server.GrpcService.requestVote(GrpcService.java:204)
	at org.apache.ratis.server.impl.LeaderElection.lambda$submitRequests$1(LeaderElection.java:234)
	at java.util.concurrent.FutureTask.run(FutureTask.java:266)
	at java.util.concurrent.Executors$RunnableAdapter.call(Executors.java:511)
	at java.util.concurrent.FutureTask.run(FutureTask.java:266)
	at java.util.concurrent.ThreadPoolExecutor.runWorker(ThreadPoolExecutor.java:1149)
	at java.util.concurrent.ThreadPoolExecutor$Worker.run(ThreadPoolExecutor.java:624)
	... 1 more
2019-11-05 18:03:26,566 [02f37fe2-fe34-4fe4-ac70-a7c31e6a188f@group-74B84A2E5E5D-LeaderElection43] INFO  impl.LeaderElection (LogUtils.java:infoOrTrace(149)) -   Exception 0: {}
java.util.concurrent.ExecutionException: org.apache.ratis.thirdparty.io.grpc.StatusRuntimeException: DEADLINE_EXCEEDED: deadline exceeded after 2999763520ns
	at java.util.concurrent.FutureTask.report(FutureTask.java:122)
	at java.util.concurrent.FutureTask.get(FutureTask.java:192)
	at org.apache.ratis.server.impl.LeaderElection.waitForResults(LeaderElection.java:259)
	at org.apache.ratis.server.impl.LeaderElection.askForVotes(LeaderElection.java:197)
	at org.apache.ratis.server.impl.LeaderElection.run(LeaderElection.java:133)
	at java.lang.Thread.run(Thread.java:748)
Caused by: org.apache.ratis.thirdparty.io.grpc.StatusRuntimeException: DEADLINE_EXCEEDED: deadline exceeded after 2999763520ns
	at org.apache.ratis.thirdparty.io.grpc.stub.ClientCalls.toStatusRuntimeException(ClientCalls.java:233)
	at org.apache.ratis.thirdparty.io.grpc.stub.ClientCalls.getUnchecked(ClientCalls.java:214)
	at org.apache.ratis.thirdparty.io.grpc.stub.ClientCalls.blockingUnaryCall(ClientCalls.java:139)
	at org.apache.ratis.proto.grpc.RaftServerProtocolServiceGrpc$RaftServerProtocolServiceBlockingStub.requestVote(RaftServerProtocolServiceGrpc.java:265)
	at org.apache.ratis.grpc.server.GrpcServerProtocolClient.requestVote(GrpcServerProtocolClient.java:99)
	at org.apache.ratis.grpc.server.GrpcService.requestVote(GrpcService.java:204)
	at org.apache.ratis.server.impl.LeaderElection.lambda$submitRequests$1(LeaderElection.java:234)
	at java.util.concurrent.FutureTask.run(FutureTask.java:266)
	at java.util.concurrent.Executors$RunnableAdapter.call(Executors.java:511)
	at java.util.concurrent.FutureTask.run(FutureTask.java:266)
	at java.util.concurrent.ThreadPoolExecutor.runWorker(ThreadPoolExecutor.java:1149)
	at java.util.concurrent.ThreadPoolExecutor$Worker.run(ThreadPoolExecutor.java:624)
	... 1 more
2019-11-05 18:03:26,568 [e1680d33-177b-4bb4-917e-90597657b2e0@group-74B84A2E5E5D-LeaderElection42] INFO  impl.RaftServerImpl (RaftServerImpl.java:setRole(173)) - e1680d33-177b-4bb4-917e-90597657b2e0@group-74B84A2E5E5D: changes role from CANDIDATE to FOLLOWER at term 2 for DISCOVERED_A_NEW_TERM
2019-11-05 18:03:26,568 [02f37fe2-fe34-4fe4-ac70-a7c31e6a188f@group-74B84A2E5E5D-LeaderElection43] INFO  impl.RaftServerImpl (RaftServerImpl.java:setRole(173)) - 02f37fe2-fe34-4fe4-ac70-a7c31e6a188f@group-74B84A2E5E5D: changes role from CANDIDATE to FOLLOWER at term 2 for DISCOVERED_A_NEW_TERM
2019-11-05 18:03:26,568 [e1680d33-177b-4bb4-917e-90597657b2e0@group-74B84A2E5E5D-LeaderElection42] INFO  impl.RoleInfo (RoleInfo.java:shutdownLeaderElection(134)) - e1680d33-177b-4bb4-917e-90597657b2e0: shutdown LeaderElection
2019-11-05 18:03:26,568 [02f37fe2-fe34-4fe4-ac70-a7c31e6a188f@group-74B84A2E5E5D-LeaderElection43] INFO  impl.RoleInfo (RoleInfo.java:shutdownLeaderElection(134)) - 02f37fe2-fe34-4fe4-ac70-a7c31e6a188f: shutdown LeaderElection
2019-11-05 18:03:26,568 [e1680d33-177b-4bb4-917e-90597657b2e0@group-74B84A2E5E5D-LeaderElection42] INFO  impl.RoleInfo (RoleInfo.java:updateAndGet(143)) - e1680d33-177b-4bb4-917e-90597657b2e0: start FollowerState
2019-11-05 18:03:26,568 [02f37fe2-fe34-4fe4-ac70-a7c31e6a188f@group-74B84A2E5E5D-LeaderElection43] INFO  impl.RoleInfo (RoleInfo.java:updateAndGet(143)) - 02f37fe2-fe34-4fe4-ac70-a7c31e6a188f: start FollowerState
2019-11-05 18:03:30,815 [Thread-1897] WARN  util.JavaUtils (JavaUtils.java:sleep(246)) - Unexpected long sleep: sleep(5105ms) actually took 7306ms which is over the threshold 300ms
2019-11-05 18:03:30,817 [org.apache.hadoop.util.JvmPauseMonitor$Monitor@6e2674c] INFO  util.JvmPauseMonitor (JvmPauseMonitor.java:run(205)) - Detected pause in JVM or host machine (eg GC): pause of approximately 3754ms
GC pool 'PS MarkSweep' had collection(s): count=1 time=4231ms
2019-11-05 18:03:30,817 [org.apache.hadoop.util.JvmPauseMonitor$Monitor@456b127f] INFO  util.JvmPauseMonitor (JvmPauseMonitor.java:run(205)) - Detected pause in JVM or host machine (eg GC): pause of approximately 3754ms
GC pool 'PS MarkSweep' had collection(s): count=1 time=4231ms
2019-11-05 18:03:30,817 [org.apache.hadoop.util.JvmPauseMonitor$Monitor@35aaced7] INFO  util.JvmPauseMonitor (JvmPauseMonitor.java:run(205)) - Detected pause in JVM or host machine (eg GC): pause of approximately 3754ms
GC pool 'PS MarkSweep' had collection(s): count=1 time=4231ms
2019-11-05 18:03:30,817 [org.apache.hadoop.util.JvmPauseMonitor$Monitor@60383f76] INFO  util.JvmPauseMonitor (JvmPauseMonitor.java:run(205)) - Detected pause in JVM or host machine (eg GC): pause of approximately 3754ms
GC pool 'PS MarkSweep' had collection(s): count=1 time=4231ms
2019-11-05 18:03:33,750 [Thread-1898] WARN  util.JavaUtils (JavaUtils.java:sleep(246)) - Unexpected long sleep: sleep(5179ms) actually took 7181ms which is over the threshold 300ms
2019-11-05 18:03:33,751 [org.apache.hadoop.util.JvmPauseMonitor$Monitor@6e2674c] INFO  util.JvmPauseMonitor (JvmPauseMonitor.java:run(205)) - Detected pause in JVM or host machine (eg GC): pause of approximately 2433ms
GC pool 'PS MarkSweep' had collection(s): count=1 time=2910ms
2019-11-05 18:03:33,750 [org.apache.hadoop.util.JvmPauseMonitor$Monitor@35aaced7] INFO  util.JvmPauseMonitor (JvmPauseMonitor.java:run(205)) - Detected pause in JVM or host machine (eg GC): pause of approximately 2432ms
GC pool 'PS MarkSweep' had collection(s): count=1 time=2910ms
2019-11-05 18:03:33,750 [org.apache.hadoop.util.JvmPauseMonitor$Monitor@456b127f] INFO  util.JvmPauseMonitor (JvmPauseMonitor.java:run(205)) - Detected pause in JVM or host machine (eg GC): pause of approximately 2433ms
GC pool 'PS MarkSweep' had collection(s): count=1 time=2910ms
2019-11-05 18:03:33,750 [org.apache.hadoop.util.JvmPauseMonitor$Monitor@60383f76] INFO  util.JvmPauseMonitor (JvmPauseMonitor.java:run(205)) - Detected pause in JVM or host machine (eg GC): pause of approximately 2432ms
GC pool 'PS MarkSweep' had collection(s): count=1 time=2910ms
2019-11-05 18:03:33,750 [Thread-1899] WARN  util.JavaUtils (JavaUtils.java:sleep(246)) - Unexpected long sleep: sleep(5073ms) actually took 7181ms which is over the threshold 300ms
2019-11-05 18:03:36,937 [Thread-1897] WARN  util.JavaUtils (JavaUtils.java:sleep(246)) - Unexpected long sleep: sleep(5144ms) actually took 6121ms which is over the threshold 300ms
2019-11-05 18:03:36,938 [org.apache.hadoop.util.JvmPauseMonitor$Monitor@35aaced7] INFO  util.JvmPauseMonitor (JvmPauseMonitor.java:run(205)) - Detected pause in JVM or host machine (eg GC): pause of approximately 2687ms
GC pool 'PS MarkSweep' had collection(s): count=1 time=3163ms
2019-11-05 18:03:36,938 [org.apache.hadoop.util.JvmPauseMonitor$Monitor@456b127f] INFO  util.JvmPauseMonitor (JvmPauseMonitor.java:run(205)) - Detected pause in JVM or host machine (eg GC): pause of approximately 2686ms
GC pool 'PS MarkSweep' had collection(s): count=1 time=3163ms
2019-11-05 18:03:36,938 [org.apache.hadoop.util.JvmPauseMonitor$Monitor@60383f76] INFO  util.JvmPauseMonitor (JvmPauseMonitor.java:run(205)) - Detected pause in JVM or host machine (eg GC): pause of approximately 2686ms
GC pool 'PS MarkSweep' had collection(s): count=1 time=3163ms
2019-11-05 18:03:36,938 [org.apache.hadoop.util.JvmPauseMonitor$Monitor@6e2674c] INFO  util.JvmPauseMonitor (JvmPauseMonitor.java:run(205)) - Detected pause in JVM or host machine (eg GC): pause of approximately 2687ms
GC pool 'PS MarkSweep' had collection(s): count=1 time=3163ms
2019-11-05 18:03:39,566 [Thread-1898] WARN  util.JavaUtils (JavaUtils.java:sleep(246)) - Unexpected long sleep: sleep(5196ms) actually took 5814ms which is over the threshold 300ms
2019-11-05 18:03:39,566 [Thread-1899] WARN  util.JavaUtils (JavaUtils.java:sleep(246)) - Unexpected long sleep: sleep(5140ms) actually took 5814ms which is over the threshold 300ms
2019-11-05 18:03:39,567 [org.apache.hadoop.util.JvmPauseMonitor$Monitor@456b127f] INFO  util.JvmPauseMonitor (JvmPauseMonitor.java:run(205)) - Detected pause in JVM or host machine (eg GC): pause of approximately 2128ms
GC pool 'PS MarkSweep' had collection(s): count=1 time=2605ms
2019-11-05 18:03:39,567 [org.apache.hadoop.util.JvmPauseMonitor$Monitor@6e2674c] INFO  util.JvmPauseMonitor (JvmPauseMonitor.java:run(205)) - Detected pause in JVM or host machine (eg GC): pause of approximately 2128ms
GC pool 'PS MarkSweep' had collection(s): count=1 time=2605ms
2019-11-05 18:03:39,567 [org.apache.hadoop.util.JvmPauseMonitor$Monitor@60383f76] INFO  util.JvmPauseMonitor (JvmPauseMonitor.java:run(205)) - Detected pause in JVM or host machine (eg GC): pause of approximately 2128ms
GC pool 'PS MarkSweep' had collection(s): count=1 time=2605ms
2019-11-05 18:03:39,567 [org.apache.hadoop.util.JvmPauseMonitor$Monitor@35aaced7] INFO  util.JvmPauseMonitor (JvmPauseMonitor.java:run(205)) - Detected pause in JVM or host machine (eg GC): pause of approximately 2129ms
GC pool 'PS MarkSweep' had collection(s): count=1 time=2605ms
2019-11-05 18:03:42,223 [Thread-1897] INFO  impl.FollowerState (FollowerState.java:run(111)) - ea459e14-13c3-43be-966a-4b2c38b3bcf1@group-74B84A2E5E5D-FollowerState: change to CANDIDATE, lastRpcTime:18714ms, electionTimeout:5148ms
2019-11-05 18:03:42,224 [Thread-1897] INFO  impl.RoleInfo (RoleInfo.java:shutdownFollowerState(121)) - ea459e14-13c3-43be-966a-4b2c38b3bcf1: shutdown FollowerState
2019-11-05 18:03:42,224 [Thread-1897] INFO  impl.RaftServerImpl (RaftServerImpl.java:setRole(173)) - ea459e14-13c3-43be-966a-4b2c38b3bcf1@group-74B84A2E5E5D: changes role from  FOLLOWER to CANDIDATE at term 2 for changeToCandidate
2019-11-05 18:03:42,225 [Thread-1897] INFO  impl.RoleInfo (RoleInfo.java:updateAndGet(143)) - ea459e14-13c3-43be-966a-4b2c38b3bcf1: start LeaderElection
2019-11-05 18:03:42,227 [org.apache.hadoop.util.JvmPauseMonitor$Monitor@6e2674c] INFO  util.JvmPauseMonitor (JvmPauseMonitor.java:run(205)) - Detected pause in JVM or host machine (eg GC): pause of approximately 2159ms
GC pool 'PS MarkSweep' had collection(s): count=1 time=2632ms
2019-11-05 18:03:42,227 [org.apache.hadoop.util.JvmPauseMonitor$Monitor@60383f76] INFO  util.JvmPauseMonitor (JvmPauseMonitor.java:run(205)) - Detected pause in JVM or host machine (eg GC): pause of approximately 2158ms
GC pool 'PS MarkSweep' had collection(s): count=1 time=2632ms
2019-11-05 18:03:42,227 [org.apache.hadoop.util.JvmPauseMonitor$Monitor@35aaced7] INFO  util.JvmPauseMonitor (JvmPauseMonitor.java:run(205)) - Detected pause in JVM or host machine (eg GC): pause of approximately 2158ms
GC pool 'PS MarkSweep' had collection(s): count=1 time=2632ms
2019-11-05 18:03:42,227 [org.apache.hadoop.util.JvmPauseMonitor$Monitor@456b127f] INFO  util.JvmPauseMonitor (JvmPauseMonitor.java:run(205)) - Detected pause in JVM or host machine (eg GC): pause of approximately 2159ms
GC pool 'PS MarkSweep' had collection(s): count=1 time=2632ms
2019-11-05 18:03:42,242 [ea459e14-13c3-43be-966a-4b2c38b3bcf1@group-74B84A2E5E5D-LeaderElection44] INFO  impl.LeaderElection (LeaderElection.java:askForVotes(178)) - ea459e14-13c3-43be-966a-4b2c38b3bcf1@group-74B84A2E5E5D-LeaderElection44: begin an election at term 3 for 0: [ea459e14-13c3-43be-966a-4b2c38b3bcf1:192.168.34.20:35904, e1680d33-177b-4bb4-917e-90597657b2e0:192.168.34.20:43081, 02f37fe2-fe34-4fe4-ac70-a7c31e6a188f:192.168.34.20:33800], old=null
2019-11-05 18:03:45,225 [Thread-1899] WARN  util.JavaUtils (JavaUtils.java:sleep(246)) - Unexpected long sleep: sleep(5146ms) actually took 5659ms which is over the threshold 300ms
2019-11-05 18:03:45,228 [org.apache.hadoop.util.JvmPauseMonitor$Monitor@60383f76] INFO  util.JvmPauseMonitor (JvmPauseMonitor.java:run(205)) - Detected pause in JVM or host machine (eg GC): pause of approximately 2501ms
GC pool 'PS MarkSweep' had collection(s): count=1 time=2980ms
2019-11-05 18:03:45,228 [org.apache.hadoop.util.JvmPauseMonitor$Monitor@35aaced7] INFO  util.JvmPauseMonitor (JvmPauseMonitor.java:run(205)) - Detected pause in JVM or host machine (eg GC): pause of approximately 2501ms
GC pool 'PS MarkSweep' had collection(s): count=1 time=2980ms
2019-11-05 18:03:45,228 [org.apache.hadoop.util.JvmPauseMonitor$Monitor@6e2674c] INFO  util.JvmPauseMonitor (JvmPauseMonitor.java:run(205)) - Detected pause in JVM or host machine (eg GC): pause of approximately 2501ms
GC pool 'PS MarkSweep' had collection(s): count=1 time=2980ms
2019-11-05 18:03:45,228 [org.apache.hadoop.util.JvmPauseMonitor$Monitor@456b127f] INFO  util.JvmPauseMonitor (JvmPauseMonitor.java:run(205)) - Detected pause in JVM or host machine (eg GC): pause of approximately 2501ms
GC pool 'PS MarkSweep' had collection(s): count=1 time=2980ms
2019-11-05 18:03:45,225 [Thread-1898] WARN  util.JavaUtils (JavaUtils.java:sleep(246)) - Unexpected long sleep: sleep(5049ms) actually took 5659ms which is over the threshold 300ms
2019-11-05 18:03:45,234 [grpc-default-executor-4] INFO  impl.RaftServerImpl (RaftServerImpl.java:setRole(173)) - 02f37fe2-fe34-4fe4-ac70-a7c31e6a188f@group-74B84A2E5E5D: changes role from  FOLLOWER to FOLLOWER at term 3 for recognizeCandidate:ea459e14-13c3-43be-966a-4b2c38b3bcf1
2019-11-05 18:03:45,234 [grpc-default-executor-2] INFO  impl.RaftServerImpl (RaftServerImpl.java:setRole(173)) - e1680d33-177b-4bb4-917e-90597657b2e0@group-74B84A2E5E5D: changes role from  FOLLOWER to FOLLOWER at term 3 for recognizeCandidate:ea459e14-13c3-43be-966a-4b2c38b3bcf1
2019-11-05 18:03:45,234 [grpc-default-executor-4] INFO  impl.RoleInfo (RoleInfo.java:shutdownFollowerState(121)) - 02f37fe2-fe34-4fe4-ac70-a7c31e6a188f: shutdown FollowerState
2019-11-05 18:03:45,235 [grpc-default-executor-2] INFO  impl.RoleInfo (RoleInfo.java:shutdownFollowerState(121)) - e1680d33-177b-4bb4-917e-90597657b2e0: shutdown FollowerState
2019-11-05 18:03:45,235 [Thread-1899] INFO  impl.FollowerState (FollowerState.java:run(120)) - 02f37fe2-fe34-4fe4-ac70-a7c31e6a188f@group-74B84A2E5E5D-FollowerState was interrupted: java.lang.InterruptedException: sleep interrupted
2019-11-05 18:03:45,235 [grpc-default-executor-4] INFO  impl.RoleInfo (RoleInfo.java:updateAndGet(143)) - 02f37fe2-fe34-4fe4-ac70-a7c31e6a188f: start FollowerState
2019-11-05 18:03:45,235 [grpc-default-executor-2] INFO  impl.RoleInfo (RoleInfo.java:updateAndGet(143)) - e1680d33-177b-4bb4-917e-90597657b2e0: start FollowerState
2019-11-05 18:03:45,235 [Thread-1898] INFO  impl.FollowerState (FollowerState.java:run(120)) - e1680d33-177b-4bb4-917e-90597657b2e0@group-74B84A2E5E5D-FollowerState was interrupted: java.lang.InterruptedException: sleep interrupted
2019-11-05 18:03:45,245 [ea459e14-13c3-43be-966a-4b2c38b3bcf1@group-74B84A2E5E5D-LeaderElection44] INFO  impl.LeaderElection (LogUtils.java:infoOrTrace(149)) - ea459e14-13c3-43be-966a-4b2c38b3bcf1@group-74B84A2E5E5D-LeaderElection44 got exception when requesting votes: {}
java.util.concurrent.ExecutionException: org.apache.ratis.thirdparty.io.grpc.StatusRuntimeException: DEADLINE_EXCEEDED: deadline exceeded after 15475320ns
	at java.util.concurrent.FutureTask.report(FutureTask.java:122)
	at java.util.concurrent.FutureTask.get(FutureTask.java:192)
	at org.apache.ratis.server.impl.LeaderElection.waitForResults(LeaderElection.java:259)
	at org.apache.ratis.server.impl.LeaderElection.askForVotes(LeaderElection.java:197)
	at org.apache.ratis.server.impl.LeaderElection.run(LeaderElection.java:133)
	at java.lang.Thread.run(Thread.java:748)
Caused by: org.apache.ratis.thirdparty.io.grpc.StatusRuntimeException: DEADLINE_EXCEEDED: deadline exceeded after 15475320ns
	at org.apache.ratis.thirdparty.io.grpc.stub.ClientCalls.toStatusRuntimeException(ClientCalls.java:233)
	at org.apache.ratis.thirdparty.io.grpc.stub.ClientCalls.getUnchecked(ClientCalls.java:214)
	at org.apache.ratis.thirdparty.io.grpc.stub.ClientCalls.blockingUnaryCall(ClientCalls.java:139)
	at org.apache.ratis.proto.grpc.RaftServerProtocolServiceGrpc$RaftServerProtocolServiceBlockingStub.requestVote(RaftServerProtocolServiceGrpc.java:265)
	at org.apache.ratis.grpc.server.GrpcServerProtocolClient.requestVote(GrpcServerProtocolClient.java:99)
	at org.apache.ratis.grpc.server.GrpcService.requestVote(GrpcService.java:204)
	at org.apache.ratis.server.impl.LeaderElection.lambda$submitRequests$1(LeaderElection.java:234)
	at java.util.concurrent.FutureTask.run(FutureTask.java:266)
	at java.util.concurrent.Executors$RunnableAdapter.call(Executors.java:511)
	at java.util.concurrent.FutureTask.run(FutureTask.java:266)
	at java.util.concurrent.ThreadPoolExecutor.runWorker(ThreadPoolExecutor.java:1149)
	at java.util.concurrent.ThreadPoolExecutor$Worker.run(ThreadPoolExecutor.java:624)
	... 1 more
2019-11-05 18:03:45,246 [ea459e14-13c3-43be-966a-4b2c38b3bcf1@group-74B84A2E5E5D-LeaderElection44] INFO  impl.LeaderElection (LogUtils.java:infoOrTrace(149)) - ea459e14-13c3-43be-966a-4b2c38b3bcf1@group-74B84A2E5E5D-LeaderElection44 got exception when requesting votes: {}
java.util.concurrent.ExecutionException: org.apache.ratis.thirdparty.io.grpc.StatusRuntimeException: DEADLINE_EXCEEDED: deadline exceeded after 15423144ns
	at java.util.concurrent.FutureTask.report(FutureTask.java:122)
	at java.util.concurrent.FutureTask.get(FutureTask.java:192)
	at org.apache.ratis.server.impl.LeaderElection.waitForResults(LeaderElection.java:259)
	at org.apache.ratis.server.impl.LeaderElection.askForVotes(LeaderElection.java:197)
	at org.apache.ratis.server.impl.LeaderElection.run(LeaderElection.java:133)
	at java.lang.Thread.run(Thread.java:748)
Caused by: org.apache.ratis.thirdparty.io.grpc.StatusRuntimeException: DEADLINE_EXCEEDED: deadline exceeded after 15423144ns
	at org.apache.ratis.thirdparty.io.grpc.stub.ClientCalls.toStatusRuntimeException(ClientCalls.java:233)
	at org.apache.ratis.thirdparty.io.grpc.stub.ClientCalls.getUnchecked(ClientCalls.java:214)
	at org.apache.ratis.thirdparty.io.grpc.stub.ClientCalls.blockingUnaryCall(ClientCalls.java:139)
	at org.apache.ratis.proto.grpc.RaftServerProtocolServiceGrpc$RaftServerProtocolServiceBlockingStub.requestVote(RaftServerProtocolServiceGrpc.java:265)
	at org.apache.ratis.grpc.server.GrpcServerProtocolClient.requestVote(GrpcServerProtocolClient.java:99)
	at org.apache.ratis.grpc.server.GrpcService.requestVote(GrpcService.java:204)
	at org.apache.ratis.server.impl.LeaderElection.lambda$submitRequests$1(LeaderElection.java:234)
	at java.util.concurrent.FutureTask.run(FutureTask.java:266)
	at java.util.concurrent.Executors$RunnableAdapter.call(Executors.java:511)
	at java.util.concurrent.FutureTask.run(FutureTask.java:266)
	at java.util.concurrent.ThreadPoolExecutor.runWorker(ThreadPoolExecutor.java:1149)
	at java.util.concurrent.ThreadPoolExecutor$Worker.run(ThreadPoolExecutor.java:624)
	... 1 more
2019-11-05 18:03:48,512 [ea459e14-13c3-43be-966a-4b2c38b3bcf1@group-74B84A2E5E5D-LeaderElection44] INFO  impl.LeaderElection (LeaderElection.java:logAndReturn(56)) - ea459e14-13c3-43be-966a-4b2c38b3bcf1@group-74B84A2E5E5D-LeaderElection44: Election REJECTED; received 0 response(s) [] and 2 exception(s); ea459e14-13c3-43be-966a-4b2c38b3bcf1@group-74B84A2E5E5D:t3, leader=null, voted=ea459e14-13c3-43be-966a-4b2c38b3bcf1, raftlog=ea459e14-13c3-43be-966a-4b2c38b3bcf1@group-74B84A2E5E5D-SegmentedRaftLog:OPENED:c0,f0,i0, conf=0: [ea459e14-13c3-43be-966a-4b2c38b3bcf1:192.168.34.20:35904, e1680d33-177b-4bb4-917e-90597657b2e0:192.168.34.20:43081, 02f37fe2-fe34-4fe4-ac70-a7c31e6a188f:192.168.34.20:33800], old=null
2019-11-05 18:03:48,512 [ea459e14-13c3-43be-966a-4b2c38b3bcf1@group-74B84A2E5E5D-LeaderElection44] INFO  impl.LeaderElection (LogUtils.java:infoOrTrace(149)) -   Exception 0: {}
java.util.concurrent.ExecutionException: org.apache.ratis.thirdparty.io.grpc.StatusRuntimeException: DEADLINE_EXCEEDED: deadline exceeded after 15475320ns
	at java.util.concurrent.FutureTask.report(FutureTask.java:122)
	at java.util.concurrent.FutureTask.get(FutureTask.java:192)
	at org.apache.ratis.server.impl.LeaderElection.waitForResults(LeaderElection.java:259)
	at org.apache.ratis.server.impl.LeaderElection.askForVotes(LeaderElection.java:197)
	at org.apache.ratis.server.impl.LeaderElection.run(LeaderElection.java:133)
	at java.lang.Thread.run(Thread.java:748)
Caused by: org.apache.ratis.thirdparty.io.grpc.StatusRuntimeException: DEADLINE_EXCEEDED: deadline exceeded after 15475320ns
	at org.apache.ratis.thirdparty.io.grpc.stub.ClientCalls.toStatusRuntimeException(ClientCalls.java:233)
	at org.apache.ratis.thirdparty.io.grpc.stub.ClientCalls.getUnchecked(ClientCalls.java:214)
	at org.apache.ratis.thirdparty.io.grpc.stub.ClientCalls.blockingUnaryCall(ClientCalls.java:139)
	at org.apache.ratis.proto.grpc.RaftServerProtocolServiceGrpc$RaftServerProtocolServiceBlockingStub.requestVote(RaftServerProtocolServiceGrpc.java:265)
	at org.apache.ratis.grpc.server.GrpcServerProtocolClient.requestVote(GrpcServerProtocolClient.java:99)
	at org.apache.ratis.grpc.server.GrpcService.requestVote(GrpcService.java:204)
	at org.apache.ratis.server.impl.LeaderElection.lambda$submitRequests$1(LeaderElection.java:234)
	at java.util.concurrent.FutureTask.run(FutureTask.java:266)
	at java.util.concurrent.Executors$RunnableAdapter.call(Executors.java:511)
	at java.util.concurrent.FutureTask.run(FutureTask.java:266)
	at java.util.concurrent.ThreadPoolExecutor.runWorker(ThreadPoolExecutor.java:1149)
	at java.util.concurrent.ThreadPoolExecutor$Worker.run(ThreadPoolExecutor.java:624)
	... 1 more
2019-11-05 18:03:48,512 [ea459e14-13c3-43be-966a-4b2c38b3bcf1@group-74B84A2E5E5D-LeaderElection44] INFO  impl.LeaderElection (LogUtils.java:infoOrTrace(149)) -   Exception 1: {}
java.util.concurrent.ExecutionException: org.apache.ratis.thirdparty.io.grpc.StatusRuntimeException: DEADLINE_EXCEEDED: deadline exceeded after 15423144ns
	at java.util.concurrent.FutureTask.report(FutureTask.java:122)
	at java.util.concurrent.FutureTask.get(FutureTask.java:192)
	at org.apache.ratis.server.impl.LeaderElection.waitForResults(LeaderElection.java:259)
	at org.apache.ratis.server.impl.LeaderElection.askForVotes(LeaderElection.java:197)
	at org.apache.ratis.server.impl.LeaderElection.run(LeaderElection.java:133)
	at java.lang.Thread.run(Thread.java:748)
Caused by: org.apache.ratis.thirdparty.io.grpc.StatusRuntimeException: DEADLINE_EXCEEDED: deadline exceeded after 15423144ns
	at org.apache.ratis.thirdparty.io.grpc.stub.ClientCalls.toStatusRuntimeException(ClientCalls.java:233)
	at org.apache.ratis.thirdparty.io.grpc.stub.ClientCalls.getUnchecked(ClientCalls.java:214)
	at org.apache.ratis.thirdparty.io.grpc.stub.ClientCalls.blockingUnaryCall(ClientCalls.java:139)
	at org.apache.ratis.proto.grpc.RaftServerProtocolServiceGrpc$RaftServerProtocolServiceBlockingStub.requestVote(RaftServerProtocolServiceGrpc.java:265)
	at org.apache.ratis.grpc.server.GrpcServerProtocolClient.requestVote(GrpcServerProtocolClient.java:99)
	at org.apache.ratis.grpc.server.GrpcService.requestVote(GrpcService.java:204)
	at org.apache.ratis.server.impl.LeaderElection.lambda$submitRequests$1(LeaderElection.java:234)
	at java.util.concurrent.FutureTask.run(FutureTask.java:266)
	at java.util.concurrent.Executors$RunnableAdapter.call(Executors.java:511)
	at java.util.concurrent.FutureTask.run(FutureTask.java:266)
	at java.util.concurrent.ThreadPoolExecutor.runWorker(ThreadPoolExecutor.java:1149)
	at java.util.concurrent.ThreadPoolExecutor$Worker.run(ThreadPoolExecutor.java:624)
	... 1 more
2019-11-05 18:03:48,512 [org.apache.hadoop.util.JvmPauseMonitor$Monitor@60383f76] INFO  util.JvmPauseMonitor (JvmPauseMonitor.java:run(205)) - Detected pause in JVM or host machine (eg GC): pause of approximately 2783ms
GC pool 'PS MarkSweep' had collection(s): count=1 time=3262ms
2019-11-05 18:03:48,512 [org.apache.hadoop.util.JvmPauseMonitor$Monitor@6e2674c] INFO  util.JvmPauseMonitor (JvmPauseMonitor.java:run(205)) - Detected pause in JVM or host machine (eg GC): pause of approximately 2783ms
GC pool 'PS MarkSweep' had collection(s): count=1 time=3262ms
2019-11-05 18:03:48,512 [org.apache.hadoop.util.JvmPauseMonitor$Monitor@35aaced7] INFO  util.JvmPauseMonitor (JvmPauseMonitor.java:run(205)) - Detected pause in JVM or host machine (eg GC): pause of approximately 2783ms
GC pool 'PS MarkSweep' had collection(s): count=1 time=3262ms
2019-11-05 18:03:48,512 [org.apache.hadoop.util.JvmPauseMonitor$Monitor@456b127f] INFO  util.JvmPauseMonitor (JvmPauseMonitor.java:run(205)) - Detected pause in JVM or host machine (eg GC): pause of approximately 2783ms
GC pool 'PS MarkSweep' had collection(s): count=1 time=3262ms
2019-11-05 18:03:48,514 [ea459e14-13c3-43be-966a-4b2c38b3bcf1@group-74B84A2E5E5D-LeaderElection44] INFO  impl.RaftServerImpl (RaftServerImpl.java:setRole(173)) - ea459e14-13c3-43be-966a-4b2c38b3bcf1@group-74B84A2E5E5D: changes role from CANDIDATE to FOLLOWER at term 3 for DISCOVERED_A_NEW_TERM
2019-11-05 18:03:48,514 [ea459e14-13c3-43be-966a-4b2c38b3bcf1@group-74B84A2E5E5D-LeaderElection44] INFO  impl.RoleInfo (RoleInfo.java:shutdownLeaderElection(134)) - ea459e14-13c3-43be-966a-4b2c38b3bcf1: shutdown LeaderElection
2019-11-05 18:03:48,514 [ea459e14-13c3-43be-966a-4b2c38b3bcf1@group-74B84A2E5E5D-LeaderElection44] INFO  impl.RoleInfo (RoleInfo.java:updateAndGet(143)) - ea459e14-13c3-43be-966a-4b2c38b3bcf1: start FollowerState
2019-11-05 18:03:51,384 [Thread-1907] WARN  util.JavaUtils (JavaUtils.java:sleep(246)) - Unexpected long sleep: sleep(5180ms) actually took 6145ms which is over the threshold 300ms
2019-11-05 18:03:51,384 [Thread-1906] WARN  util.JavaUtils (JavaUtils.java:sleep(246)) - Unexpected long sleep: sleep(5021ms) actually took 6147ms which is over the threshold 300ms
2019-11-05 18:03:51,385 [org.apache.hadoop.util.JvmPauseMonitor$Monitor@60383f76] INFO  util.JvmPauseMonitor (JvmPauseMonitor.java:run(205)) - Detected pause in JVM or host machine (eg GC): pause of approximately 2371ms
GC pool 'PS MarkSweep' had collection(s): count=1 time=2852ms
2019-11-05 18:03:51,385 [org.apache.hadoop.util.JvmPauseMonitor$Monitor@35aaced7] INFO  util.JvmPauseMonitor (JvmPauseMonitor.java:run(205)) - Detected pause in JVM or host machine (eg GC): pause of approximately 2371ms
GC pool 'PS MarkSweep' had collection(s): count=1 time=2852ms
2019-11-05 18:03:51,385 [org.apache.hadoop.util.JvmPauseMonitor$Monitor@6e2674c] INFO  util.JvmPauseMonitor (JvmPauseMonitor.java:run(205)) - Detected pause in JVM or host machine (eg GC): pause of approximately 2371ms
GC pool 'PS MarkSweep' had collection(s): count=1 time=2852ms
2019-11-05 18:03:51,385 [org.apache.hadoop.util.JvmPauseMonitor$Monitor@456b127f] INFO  util.JvmPauseMonitor (JvmPauseMonitor.java:run(205)) - Detected pause in JVM or host machine (eg GC): pause of approximately 2371ms
GC pool 'PS MarkSweep' had collection(s): count=1 time=2852ms
2019-11-05 18:03:54,163 [Thread-1908] WARN  util.JavaUtils (JavaUtils.java:sleep(246)) - Unexpected long sleep: sleep(5015ms) actually took 5647ms which is over the threshold 300ms
2019-11-05 18:03:54,165 [org.apache.hadoop.util.JvmPauseMonitor$Monitor@35aaced7] INFO  util.JvmPauseMonitor (JvmPauseMonitor.java:run(205)) - Detected pause in JVM or host machine (eg GC): pause of approximately 2279ms
GC pool 'PS MarkSweep' had collection(s): count=1 time=2763ms
2019-11-05 18:03:54,165 [org.apache.hadoop.util.JvmPauseMonitor$Monitor@6e2674c] INFO  util.JvmPauseMonitor (JvmPauseMonitor.java:run(205)) - Detected pause in JVM or host machine (eg GC): pause of approximately 2279ms
GC pool 'PS MarkSweep' had collection(s): count=1 time=2763ms
2019-11-05 18:03:54,165 [org.apache.hadoop.util.JvmPauseMonitor$Monitor@456b127f] INFO  util.JvmPauseMonitor (JvmPauseMonitor.java:run(205)) - Detected pause in JVM or host machine (eg GC): pause of approximately 2279ms
GC pool 'PS MarkSweep' had collection(s): count=1 time=2763ms
2019-11-05 18:03:54,165 [org.apache.hadoop.util.JvmPauseMonitor$Monitor@60383f76] INFO  util.JvmPauseMonitor (JvmPauseMonitor.java:run(205)) - Detected pause in JVM or host machine (eg GC): pause of approximately 2280ms
GC pool 'PS MarkSweep' had collection(s): count=1 time=2763ms
2019-11-05 18:03:57,191 [Thread-1907] WARN  util.JavaUtils (JavaUtils.java:sleep(246)) - Unexpected long sleep: sleep(5034ms) actually took 5807ms which is over the threshold 300ms
2019-11-05 18:03:57,191 [Thread-1906] WARN  util.JavaUtils (JavaUtils.java:sleep(246)) - Unexpected long sleep: sleep(5112ms) actually took 5807ms which is over the threshold 300ms
2019-11-05 18:03:57,193 [org.apache.hadoop.util.JvmPauseMonitor$Monitor@60383f76] INFO  util.JvmPauseMonitor (JvmPauseMonitor.java:run(205)) - Detected pause in JVM or host machine (eg GC): pause of approximately 2527ms
GC pool 'PS MarkSweep' had collection(s): count=1 time=3012ms
2019-11-05 18:03:57,193 [org.apache.hadoop.util.JvmPauseMonitor$Monitor@35aaced7] INFO  util.JvmPauseMonitor (JvmPauseMonitor.java:run(205)) - Detected pause in JVM or host machine (eg GC): pause of approximately 2527ms
GC pool 'PS MarkSweep' had collection(s): count=1 time=3012ms
2019-11-05 18:03:57,193 [org.apache.hadoop.util.JvmPauseMonitor$Monitor@6e2674c] INFO  util.JvmPauseMonitor (JvmPauseMonitor.java:run(205)) - Detected pause in JVM or host machine (eg GC): pause of approximately 2527ms
GC pool 'PS MarkSweep' had collection(s): count=1 time=3012ms
2019-11-05 18:03:57,193 [org.apache.hadoop.util.JvmPauseMonitor$Monitor@456b127f] INFO  util.JvmPauseMonitor (JvmPauseMonitor.java:run(205)) - Detected pause in JVM or host machine (eg GC): pause of approximately 2527ms
GC pool 'PS MarkSweep' had collection(s): count=1 time=3012ms
2019-11-05 18:04:00,717 [Thread-1908] WARN  util.JavaUtils (JavaUtils.java:sleep(246)) - Unexpected long sleep: sleep(5134ms) actually took 6553ms which is over the threshold 300ms
2019-11-05 18:04:00,719 [org.apache.hadoop.util.JvmPauseMonitor$Monitor@35aaced7] INFO  util.JvmPauseMonitor (JvmPauseMonitor.java:run(205)) - Detected pause in JVM or host machine (eg GC): pause of approximately 3025ms
GC pool 'PS MarkSweep' had collection(s): count=1 time=3511ms
2019-11-05 18:04:00,719 [org.apache.hadoop.util.JvmPauseMonitor$Monitor@6e2674c] INFO  util.JvmPauseMonitor (JvmPauseMonitor.java:run(205)) - Detected pause in JVM or host machine (eg GC): pause of approximately 3025ms
GC pool 'PS MarkSweep' had collection(s): count=1 time=3511ms
2019-11-05 18:04:00,719 [org.apache.hadoop.util.JvmPauseMonitor$Monitor@60383f76] INFO  util.JvmPauseMonitor (JvmPauseMonitor.java:run(205)) - Detected pause in JVM or host machine (eg GC): pause of approximately 3025ms
GC pool 'PS MarkSweep' had collection(s): count=1 time=3511ms
2019-11-05 18:04:00,719 [org.apache.hadoop.util.JvmPauseMonitor$Monitor@456b127f] INFO  util.JvmPauseMonitor (JvmPauseMonitor.java:run(205)) - Detected pause in JVM or host machine (eg GC): pause of approximately 3025ms
GC pool 'PS MarkSweep' had collection(s): count=1 time=3511ms
2019-11-05 18:04:03,705 [Thread-1906] WARN  util.JavaUtils (JavaUtils.java:sleep(246)) - Unexpected long sleep: sleep(5055ms) actually took 6513ms which is over the threshold 300ms
2019-11-05 18:04:03,705 [Thread-1907] WARN  util.JavaUtils (JavaUtils.java:sleep(246)) - Unexpected long sleep: sleep(5005ms) actually took 6513ms which is over the threshold 300ms
2019-11-05 18:04:03,711 [org.apache.hadoop.util.JvmPauseMonitor$Monitor@60383f76] INFO  util.JvmPauseMonitor (JvmPauseMonitor.java:run(205)) - Detected pause in JVM or host machine (eg GC): pause of approximately 2491ms
GC pool 'PS MarkSweep' had collection(s): count=1 time=2978ms
2019-11-05 18:04:03,711 [org.apache.hadoop.util.JvmPauseMonitor$Monitor@6e2674c] INFO  util.JvmPauseMonitor (JvmPauseMonitor.java:run(205)) - Detected pause in JVM or host machine (eg GC): pause of approximately 2491ms
GC pool 'PS MarkSweep' had collection(s): count=1 time=2978ms
2019-11-05 18:04:03,711 [org.apache.hadoop.util.JvmPauseMonitor$Monitor@456b127f] INFO  util.JvmPauseMonitor (JvmPauseMonitor.java:run(205)) - Detected pause in JVM or host machine (eg GC): pause of approximately 2491ms
GC pool 'PS MarkSweep' had collection(s): count=1 time=2978ms
2019-11-05 18:04:03,711 [org.apache.hadoop.util.JvmPauseMonitor$Monitor@35aaced7] INFO  util.JvmPauseMonitor (JvmPauseMonitor.java:run(205)) - Detected pause in JVM or host machine (eg GC): pause of approximately 2492ms
GC pool 'PS MarkSweep' had collection(s): count=1 time=2978ms
2019-11-05 18:04:06,291 [Thread-1908] WARN  util.JavaUtils (JavaUtils.java:sleep(246)) - Unexpected long sleep: sleep(5124ms) actually took 5572ms which is over the threshold 300ms
2019-11-05 18:04:06,292 [org.apache.hadoop.util.JvmPauseMonitor$Monitor@456b127f] INFO  util.JvmPauseMonitor (JvmPauseMonitor.java:run(205)) - Detected pause in JVM or host machine (eg GC): pause of approximately 2080ms
GC pool 'PS MarkSweep' had collection(s): count=1 time=2567ms
2019-11-05 18:04:06,292 [org.apache.hadoop.util.JvmPauseMonitor$Monitor@60383f76] INFO  util.JvmPauseMonitor (JvmPauseMonitor.java:run(205)) - Detected pause in JVM or host machine (eg GC): pause of approximately 2081ms
GC pool 'PS MarkSweep' had collection(s): count=1 time=2567ms
2019-11-05 18:04:06,292 [org.apache.hadoop.util.JvmPauseMonitor$Monitor@6e2674c] INFO  util.JvmPauseMonitor (JvmPauseMonitor.java:run(205)) - Detected pause in JVM or host machine (eg GC): pause of approximately 2080ms
GC pool 'PS MarkSweep' had collection(s): count=1 time=2567ms
2019-11-05 18:04:06,292 [org.apache.hadoop.util.JvmPauseMonitor$Monitor@35aaced7] INFO  util.JvmPauseMonitor (JvmPauseMonitor.java:run(205)) - Detected pause in JVM or host machine (eg GC): pause of approximately 2080ms
GC pool 'PS MarkSweep' had collection(s): count=1 time=2567ms
2019-11-05 18:04:09,475 [Thread-1906] WARN  util.JavaUtils (JavaUtils.java:sleep(246)) - Unexpected long sleep: sleep(5085ms) actually took 5769ms which is over the threshold 300ms
2019-11-05 18:04:09,475 [Thread-1907] WARN  util.JavaUtils (JavaUtils.java:sleep(246)) - Unexpected long sleep: sleep(5045ms) actually took 5769ms which is over the threshold 300ms
2019-11-05 18:04:09,477 [org.apache.hadoop.util.JvmPauseMonitor$Monitor@6e2674c] INFO  util.JvmPauseMonitor (JvmPauseMonitor.java:run(205)) - Detected pause in JVM or host machine (eg GC): pause of approximately 2684ms
GC pool 'PS MarkSweep' had collection(s): count=1 time=3169ms
2019-11-05 18:04:09,477 [org.apache.hadoop.util.JvmPauseMonitor$Monitor@35aaced7] INFO  util.JvmPauseMonitor (JvmPauseMonitor.java:run(205)) - Detected pause in JVM or host machine (eg GC): pause of approximately 2684ms
GC pool 'PS MarkSweep' had collection(s): count=1 time=3169ms
2019-11-05 18:04:09,477 [org.apache.hadoop.util.JvmPauseMonitor$Monitor@456b127f] INFO  util.JvmPauseMonitor (JvmPauseMonitor.java:run(205)) - Detected pause in JVM or host machine (eg GC): pause of approximately 2684ms
GC pool 'PS MarkSweep' had collection(s): count=1 time=3169ms
2019-11-05 18:04:09,477 [org.apache.hadoop.util.JvmPauseMonitor$Monitor@60383f76] INFO  util.JvmPauseMonitor (JvmPauseMonitor.java:run(205)) - Detected pause in JVM or host machine (eg GC): pause of approximately 2684ms
GC pool 'PS MarkSweep' had collection(s): count=1 time=3169ms
2019-11-05 18:04:12,702 [Thread-1908] WARN  util.JavaUtils (JavaUtils.java:sleep(246)) - Unexpected long sleep: sleep(5198ms) actually took 6410ms which is over the threshold 300ms
2019-11-05 18:04:12,703 [org.apache.hadoop.util.JvmPauseMonitor$Monitor@456b127f] INFO  util.JvmPauseMonitor (JvmPauseMonitor.java:run(205)) - Detected pause in JVM or host machine (eg GC): pause of approximately 2725ms
GC pool 'PS MarkSweep' had collection(s): count=1 time=3217ms
2019-11-05 18:04:12,703 [org.apache.hadoop.util.JvmPauseMonitor$Monitor@6e2674c] INFO  util.JvmPauseMonitor (JvmPauseMonitor.java:run(205)) - Detected pause in JVM or host machine (eg GC): pause of approximately 2726ms
GC pool 'PS MarkSweep' had collection(s): count=1 time=3217ms
2019-11-05 18:04:12,703 [org.apache.hadoop.util.JvmPauseMonitor$Monitor@35aaced7] INFO  util.JvmPauseMonitor (JvmPauseMonitor.java:run(205)) - Detected pause in JVM or host machine (eg GC): pause of approximately 2725ms
GC pool 'PS MarkSweep' had collection(s): count=1 time=3217ms
2019-11-05 18:04:12,703 [org.apache.hadoop.util.JvmPauseMonitor$Monitor@60383f76] INFO  util.JvmPauseMonitor (JvmPauseMonitor.java:run(205)) - Detected pause in JVM or host machine (eg GC): pause of approximately 2725ms
GC pool 'PS MarkSweep' had collection(s): count=1 time=3217ms
2019-11-05 18:04:15,322 [Thread-1907] WARN  util.JavaUtils (JavaUtils.java:sleep(246)) - Unexpected long sleep: sleep(5159ms) actually took 5846ms which is over the threshold 300ms
2019-11-05 18:04:15,322 [Thread-1906] WARN  util.JavaUtils (JavaUtils.java:sleep(246)) - Unexpected long sleep: sleep(5103ms) actually took 5846ms which is over the threshold 300ms
2019-11-05 18:04:15,324 [org.apache.hadoop.util.JvmPauseMonitor$Monitor@60383f76] INFO  util.JvmPauseMonitor (JvmPauseMonitor.java:run(205)) - Detected pause in JVM or host machine (eg GC): pause of approximately 2120ms
GC pool 'PS MarkSweep' had collection(s): count=1 time=2610ms
2019-11-05 18:04:15,324 [org.apache.hadoop.util.JvmPauseMonitor$Monitor@35aaced7] INFO  util.JvmPauseMonitor (JvmPauseMonitor.java:run(205)) - Detected pause in JVM or host machine (eg GC): pause of approximately 2120ms
GC pool 'PS MarkSweep' had collection(s): count=1 time=2610ms
2019-11-05 18:04:15,324 [org.apache.hadoop.util.JvmPauseMonitor$Monitor@456b127f] INFO  util.JvmPauseMonitor (JvmPauseMonitor.java:run(205)) - Detected pause in JVM or host machine (eg GC): pause of approximately 2120ms
GC pool 'PS MarkSweep' had collection(s): count=1 time=2610ms
2019-11-05 18:04:15,324 [org.apache.hadoop.util.JvmPauseMonitor$Monitor@6e2674c] INFO  util.JvmPauseMonitor (JvmPauseMonitor.java:run(205)) - Detected pause in JVM or host machine (eg GC): pause of approximately 2120ms
GC pool 'PS MarkSweep' had collection(s): count=1 time=2610ms
2019-11-05 18:04:18,343 [Thread-1908] WARN  util.JavaUtils (JavaUtils.java:sleep(246)) - Unexpected long sleep: sleep(5068ms) actually took 5640ms which is over the threshold 300ms
2019-11-05 18:04:18,344 [org.apache.hadoop.util.JvmPauseMonitor$Monitor@6e2674c] INFO  util.JvmPauseMonitor (JvmPauseMonitor.java:run(205)) - Detected pause in JVM or host machine (eg GC): pause of approximately 2519ms
GC pool 'PS MarkSweep' had collection(s): count=1 time=3007ms
2019-11-05 18:04:18,344 [org.apache.hadoop.util.JvmPauseMonitor$Monitor@456b127f] INFO  util.JvmPauseMonitor (JvmPauseMonitor.java:run(205)) - Detected pause in JVM or host machine (eg GC): pause of approximately 2519ms
GC pool 'PS MarkSweep' had collection(s): count=1 time=3007ms
2019-11-05 18:04:18,344 [org.apache.hadoop.util.JvmPauseMonitor$Monitor@35aaced7] INFO  util.JvmPauseMonitor (JvmPauseMonitor.java:run(205)) - Detected pause in JVM or host machine (eg GC): pause of approximately 2520ms
GC pool 'PS MarkSweep' had collection(s): count=1 time=3007ms
2019-11-05 18:04:18,344 [org.apache.hadoop.util.JvmPauseMonitor$Monitor@60383f76] INFO  util.JvmPauseMonitor (JvmPauseMonitor.java:run(205)) - Detected pause in JVM or host machine (eg GC): pause of approximately 2520ms
GC pool 'PS MarkSweep' had collection(s): count=1 time=3007ms
2019-11-05 18:04:21,710 [Thread-1907] WARN  util.JavaUtils (JavaUtils.java:sleep(246)) - Unexpected long sleep: sleep(5039ms) actually took 6387ms which is over the threshold 300ms
2019-11-05 18:04:21,710 [Thread-1906] WARN  util.JavaUtils (JavaUtils.java:sleep(246)) - Unexpected long sleep: sleep(5105ms) actually took 6386ms which is over the threshold 300ms
2019-11-05 18:04:21,712 [org.apache.hadoop.util.JvmPauseMonitor$Monitor@60383f76] INFO  util.JvmPauseMonitor (JvmPauseMonitor.java:run(205)) - Detected pause in JVM or host machine (eg GC): pause of approximately 2866ms
GC pool 'PS MarkSweep' had collection(s): count=1 time=3362ms
2019-11-05 18:04:21,712 [org.apache.hadoop.util.JvmPauseMonitor$Monitor@35aaced7] INFO  util.JvmPauseMonitor (JvmPauseMonitor.java:run(205)) - Detected pause in JVM or host machine (eg GC): pause of approximately 2866ms
GC pool 'PS MarkSweep' had collection(s): count=1 time=3362ms
2019-11-05 18:04:21,712 [org.apache.hadoop.util.JvmPauseMonitor$Monitor@456b127f] INFO  util.JvmPauseMonitor (JvmPauseMonitor.java:run(205)) - Detected pause in JVM or host machine (eg GC): pause of approximately 2867ms
GC pool 'PS MarkSweep' had collection(s): count=1 time=3362ms
2019-11-05 18:04:21,712 [org.apache.hadoop.util.JvmPauseMonitor$Monitor@6e2674c] INFO  util.JvmPauseMonitor (JvmPauseMonitor.java:run(205)) - Detected pause in JVM or host machine (eg GC): pause of approximately 2867ms
GC pool 'PS MarkSweep' had collection(s): count=1 time=3362ms
2019-11-05 18:04:24,952 [Thread-1908] WARN  util.JavaUtils (JavaUtils.java:sleep(246)) - Unexpected long sleep: sleep(5159ms) actually took 6608ms which is over the threshold 300ms
2019-11-05 18:04:24,953 [org.apache.hadoop.util.JvmPauseMonitor$Monitor@6e2674c] INFO  util.JvmPauseMonitor (JvmPauseMonitor.java:run(205)) - Detected pause in JVM or host machine (eg GC): pause of approximately 2740ms
GC pool 'PS MarkSweep' had collection(s): count=1 time=3231ms
2019-11-05 18:04:24,953 [org.apache.hadoop.util.JvmPauseMonitor$Monitor@456b127f] INFO  util.JvmPauseMonitor (JvmPauseMonitor.java:run(205)) - Detected pause in JVM or host machine (eg GC): pause of approximately 2741ms
GC pool 'PS MarkSweep' had collection(s): count=1 time=3231ms
2019-11-05 18:04:24,953 [org.apache.hadoop.util.JvmPauseMonitor$Monitor@35aaced7] INFO  util.JvmPauseMonitor (JvmPauseMonitor.java:run(205)) - Detected pause in JVM or host machine (eg GC): pause of approximately 2741ms
GC pool 'PS MarkSweep' had collection(s): count=1 time=3231ms
2019-11-05 18:04:24,953 [org.apache.hadoop.util.JvmPauseMonitor$Monitor@60383f76] INFO  util.JvmPauseMonitor (JvmPauseMonitor.java:run(205)) - Detected pause in JVM or host machine (eg GC): pause of approximately 2741ms
GC pool 'PS MarkSweep' had collection(s): count=1 time=3231ms
2019-11-05 18:04:27,339 [Thread-1907] WARN  util.JavaUtils (JavaUtils.java:sleep(246)) - Unexpected long sleep: sleep(5023ms) actually took 5629ms which is over the threshold 300ms
2019-11-05 18:04:27,339 [Thread-1906] WARN  util.JavaUtils (JavaUtils.java:sleep(246)) - Unexpected long sleep: sleep(5108ms) actually took 5629ms which is over the threshold 300ms
2019-11-05 18:04:27,341 [org.apache.hadoop.util.JvmPauseMonitor$Monitor@35aaced7] INFO  util.JvmPauseMonitor (JvmPauseMonitor.java:run(205)) - Detected pause in JVM or host machine (eg GC): pause of approximately 1887ms
GC pool 'PS MarkSweep' had collection(s): count=1 time=2383ms
2019-11-05 18:04:27,341 [org.apache.hadoop.util.JvmPauseMonitor$Monitor@6e2674c] INFO  util.JvmPauseMonitor (JvmPauseMonitor.java:run(205)) - Detected pause in JVM or host machine (eg GC): pause of approximately 1887ms
GC pool 'PS MarkSweep' had collection(s): count=1 time=2383ms
2019-11-05 18:04:27,341 [org.apache.hadoop.util.JvmPauseMonitor$Monitor@60383f76] INFO  util.JvmPauseMonitor (JvmPauseMonitor.java:run(205)) - Detected pause in JVM or host machine (eg GC): pause of approximately 1887ms
GC pool 'PS MarkSweep' had collection(s): count=1 time=2383ms
2019-11-05 18:04:27,341 [org.apache.hadoop.util.JvmPauseMonitor$Monitor@456b127f] INFO  util.JvmPauseMonitor (JvmPauseMonitor.java:run(205)) - Detected pause in JVM or host machine (eg GC): pause of approximately 1887ms
GC pool 'PS MarkSweep' had collection(s): count=1 time=2383ms
2019-11-05 18:04:30,316 [Thread-1908] INFO  impl.FollowerState (FollowerState.java:run(111)) - ea459e14-13c3-43be-966a-4b2c38b3bcf1@group-74B84A2E5E5D-FollowerState: change to CANDIDATE, lastRpcTime:41801ms, electionTimeout:5170ms
2019-11-05 18:04:30,316 [Thread-1908] INFO  impl.RoleInfo (RoleInfo.java:shutdownFollowerState(121)) - ea459e14-13c3-43be-966a-4b2c38b3bcf1: shutdown FollowerState
2019-11-05 18:04:30,316 [Thread-1908] INFO  impl.RaftServerImpl (RaftServerImpl.java:setRole(173)) - ea459e14-13c3-43be-966a-4b2c38b3bcf1@group-74B84A2E5E5D: changes role from  FOLLOWER to CANDIDATE at term 3 for changeToCandidate
2019-11-05 18:04:30,316 [Thread-1908] INFO  impl.RoleInfo (RoleInfo.java:updateAndGet(143)) - ea459e14-13c3-43be-966a-4b2c38b3bcf1: start LeaderElection
2019-11-05 18:04:30,318 [org.apache.hadoop.util.JvmPauseMonitor$Monitor@456b127f] INFO  util.JvmPauseMonitor (JvmPauseMonitor.java:run(205)) - Detected pause in JVM or host machine (eg GC): pause of approximately 2477ms
GC pool 'PS MarkSweep' had collection(s): count=1 time=2972ms
2019-11-05 18:04:30,318 [org.apache.hadoop.util.JvmPauseMonitor$Monitor@60383f76] INFO  util.JvmPauseMonitor (JvmPauseMonitor.java:run(205)) - Detected pause in JVM or host machine (eg GC): pause of approximately 2477ms
GC pool 'PS MarkSweep' had collection(s): count=1 time=2972ms
2019-11-05 18:04:30,318 [org.apache.hadoop.util.JvmPauseMonitor$Monitor@35aaced7] INFO  util.JvmPauseMonitor (JvmPauseMonitor.java:run(205)) - Detected pause in JVM or host machine (eg GC): pause of approximately 2477ms
GC pool 'PS MarkSweep' had collection(s): count=1 time=2972ms
2019-11-05 18:04:30,318 [org.apache.hadoop.util.JvmPauseMonitor$Monitor@6e2674c] INFO  util.JvmPauseMonitor (JvmPauseMonitor.java:run(205)) - Detected pause in JVM or host machine (eg GC): pause of approximately 2477ms
GC pool 'PS MarkSweep' had collection(s): count=1 time=2972ms
2019-11-05 18:04:33,681 [Thread-1907] WARN  util.JavaUtils (JavaUtils.java:sleep(246)) - Unexpected long sleep: sleep(5197ms) actually took 6341ms which is over the threshold 300ms
2019-11-05 18:04:37,475 [org.apache.hadoop.util.JvmPauseMonitor$Monitor@35aaced7] INFO  util.JvmPauseMonitor (JvmPauseMonitor.java:run(205)) - Detected pause in JVM or host machine (eg GC): pause of approximately 6655ms
GC pool 'PS MarkSweep' had collection(s): count=2 time=7148ms
2019-11-05 18:04:37,475 [org.apache.hadoop.util.JvmPauseMonitor$Monitor@456b127f] INFO  util.JvmPauseMonitor (JvmPauseMonitor.java:run(205)) - Detected pause in JVM or host machine (eg GC): pause of approximately 6655ms
GC pool 'PS MarkSweep' had collection(s): count=2 time=7148ms
2019-11-05 18:04:37,475 [ea459e14-13c3-43be-966a-4b2c38b3bcf1@group-74B84A2E5E5D-LeaderElection45] INFO  impl.LeaderElection (LeaderElection.java:askForVotes(178)) - ea459e14-13c3-43be-966a-4b2c38b3bcf1@group-74B84A2E5E5D-LeaderElection45: begin an election at term 4 for 0: [ea459e14-13c3-43be-966a-4b2c38b3bcf1:192.168.34.20:35904, e1680d33-177b-4bb4-917e-90597657b2e0:192.168.34.20:43081, 02f37fe2-fe34-4fe4-ac70-a7c31e6a188f:192.168.34.20:33800], old=null
2019-11-05 18:04:37,475 [org.apache.hadoop.util.JvmPauseMonitor$Monitor@60383f76] INFO  util.JvmPauseMonitor (JvmPauseMonitor.java:run(205)) - Detected pause in JVM or host machine (eg GC): pause of approximately 6655ms
GC pool 'PS MarkSweep' had collection(s): count=2 time=7148ms
2019-11-05 18:04:33,681 [Thread-1906] WARN  util.JavaUtils (JavaUtils.java:sleep(246)) - Unexpected long sleep: sleep(5004ms) actually took 6341ms which is over the threshold 300ms
2019-11-05 18:04:41,084 [org.apache.hadoop.util.JvmPauseMonitor$Monitor@6e2674c] INFO  util.JvmPauseMonitor (JvmPauseMonitor.java:run(205)) - Detected pause in JVM or host machine (eg GC): pause of approximately 6655ms
GC pool 'PS MarkSweep' had collection(s): count=2 time=7148ms
2019-11-05 18:04:44,585 [org.apache.hadoop.util.JvmPauseMonitor$Monitor@6e2674c] INFO  util.JvmPauseMonitor (JvmPauseMonitor.java:run(205)) - Detected pause in JVM or host machine (eg GC): pause of approximately 3001ms
GC pool 'PS MarkSweep' had collection(s): count=2 time=7101ms
2019-11-05 18:04:44,586 [org.apache.hadoop.util.JvmPauseMonitor$Monitor@456b127f] INFO  util.JvmPauseMonitor (JvmPauseMonitor.java:run(205)) - Detected pause in JVM or host machine (eg GC): pause of approximately 3003ms
GC pool 'PS MarkSweep' had collection(s): count=2 time=7101ms
2019-11-05 18:04:44,585 [org.apache.hadoop.util.JvmPauseMonitor$Monitor@60383f76] INFO  util.JvmPauseMonitor (JvmPauseMonitor.java:run(205)) - Detected pause in JVM or host machine (eg GC): pause of approximately 3002ms
GC pool 'PS MarkSweep' had collection(s): count=2 time=7101ms
2019-11-05 18:04:44,585 [org.apache.hadoop.util.JvmPauseMonitor$Monitor@35aaced7] INFO  util.JvmPauseMonitor (JvmPauseMonitor.java:run(205)) - Detected pause in JVM or host machine (eg GC): pause of approximately 3003ms
GC pool 'PS MarkSweep' had collection(s): count=2 time=7101ms
2019-11-05 18:04:44,590 [ReplicationMonitor] INFO  container.ReplicationManager (ReplicationManager.java:run(225)) - Replication Monitor Thread took 0 milliseconds for processing 0 containers.
2019-11-05 18:04:47,659 [Thread-1906] WARN  util.JavaUtils (JavaUtils.java:sleep(246)) - Unexpected long sleep: sleep(5142ms) actually took 6576ms which is over the threshold 300ms
2019-11-05 18:04:47,659 [Thread-1907] WARN  util.JavaUtils (JavaUtils.java:sleep(246)) - Unexpected long sleep: sleep(5130ms) actually took 6577ms which is over the threshold 300ms
2019-11-05 18:04:47,660 [org.apache.hadoop.util.JvmPauseMonitor$Monitor@60383f76] INFO  util.JvmPauseMonitor (JvmPauseMonitor.java:run(205)) - Detected pause in JVM or host machine (eg GC): pause of approximately 2571ms
GC pool 'PS MarkSweep' had collection(s): count=1 time=3068ms
2019-11-05 18:04:47,660 [org.apache.hadoop.util.JvmPauseMonitor$Monitor@35aaced7] INFO  util.JvmPauseMonitor (JvmPauseMonitor.java:run(205)) - Detected pause in JVM or host machine (eg GC): pause of approximately 2571ms
GC pool 'PS MarkSweep' had collection(s): count=1 time=3068ms
2019-11-05 18:04:47,660 [org.apache.hadoop.util.JvmPauseMonitor$Monitor@6e2674c] INFO  util.JvmPauseMonitor (JvmPauseMonitor.java:run(205)) - Detected pause in JVM or host machine (eg GC): pause of approximately 2574ms
GC pool 'PS MarkSweep' had collection(s): count=1 time=3068ms
2019-11-05 18:04:47,660 [org.apache.hadoop.util.JvmPauseMonitor$Monitor@456b127f] INFO  util.JvmPauseMonitor (JvmPauseMonitor.java:run(205)) - Detected pause in JVM or host machine (eg GC): pause of approximately 2574ms
GC pool 'PS MarkSweep' had collection(s): count=1 time=3068ms
]]></system-out>
  </testcase>
</testsuite>