<?xml version="1.0" encoding="UTF-8"?>
<testsuite xmlns:xsi="http://www.w3.org/2001/XMLSchema-instance" xsi:noNamespaceSchemaLocation="https://maven.apache.org/surefire/maven-surefire-plugin/xsd/surefire-test-report.xsd" name="org.apache.hadoop.ozone.client.rpc.TestFailureHandlingByClient" time="327.198" tests="5" errors="0" skipped="0" failures="1">
  <properties>
    <property name="awt.toolkit" value="sun.awt.X11.XToolkit"/>
    <property name="file.encoding.pkg" value="sun.io"/>
    <property name="java.specification.version" value="1.8"/>
    <property name="sun.cpu.isalist" value=""/>
    <property name="sun.jnu.encoding" value="ANSI_X3.4-1968"/>
    <property name="java.class.path" value="/workdir/hadoop-ozone/integration-test/target/test-classes:/workdir/hadoop-ozone/integration-test/target/classes:/home/user/.m2/repository/org/apache/hadoop/hadoop-ozone-common/0.5.0-SNAPSHOT/hadoop-ozone-common-0.5.0-SNAPSHOT.jar:/home/user/.m2/repository/org/apache/commons/commons-compress/1.4.1/commons-compress-1.4.1.jar:/home/user/.m2/repository/org/tukaani/xz/1.0/xz-1.0.jar:/home/user/.m2/repository/org/apache/hadoop/hadoop-common/3.2.0/hadoop-common-3.2.0.jar:/home/user/.m2/repository/org/apache/hadoop/hadoop-hdfs/3.2.0/hadoop-hdfs-3.2.0.jar:/home/user/.m2/repository/org/apache/hadoop/hadoop-hdfs-client/3.2.0/hadoop-hdfs-client-3.2.0.jar:/home/user/.m2/repository/com/fasterxml/jackson/core/jackson-annotations/2.9.9/jackson-annotations-2.9.9.jar:/home/user/.m2/repository/org/apache/hadoop/hadoop-hdds-common/0.5.0-SNAPSHOT/hadoop-hdds-common-0.5.0-SNAPSHOT.jar:/home/user/.m2/repository/javax/annotation/javax.annotation-api/1.2/javax.annotation-api-1.2.jar:/home/user/.m2/repository/org/apache/ratis/ratis-server/0.5.0-3f446aa-SNAPSHOT/ratis-server-0.5.0-3f446aa-SNAPSHOT.jar:/home/user/.m2/repository/org/apache/ratis/ratis-thirdparty-misc/0.2.0/ratis-thirdparty-misc-0.2.0.jar:/home/user/.m2/repository/org/apache/ratis/ratis-proto/0.5.0-3f446aa-SNAPSHOT/ratis-proto-0.5.0-3f446aa-SNAPSHOT.jar:/home/user/.m2/repository/org/apache/ratis/ratis-common/0.5.0-3f446aa-SNAPSHOT/ratis-common-0.5.0-3f446aa-SNAPSHOT.jar:/home/user/.m2/repository/org/apache/ratis/ratis-client/0.5.0-3f446aa-SNAPSHOT/ratis-client-0.5.0-3f446aa-SNAPSHOT.jar:/home/user/.m2/repository/org/apache/ratis/ratis-metrics/0.5.0-3f446aa-SNAPSHOT/ratis-metrics-0.5.0-3f446aa-SNAPSHOT.jar:/home/user/.m2/repository/com/github/joshelser/dropwizard-metrics-hadoop-metrics2-reporter/0.1.2/dropwizard-metrics-hadoop-metrics2-reporter-0.1.2.jar:/home/user/.m2/repository/io/dropwizard/metrics/metrics-jvm/3.2.5/metrics-jvm-3.2.5.jar:/home/user/.m2/repository/io/dropwizard/metrics/metrics-ganglia/3.2.5/metrics-ganglia-3.2.5.jar:/home/user/.m2/repository/info/ganglia/gmetric4j/gmetric4j/1.0.7/gmetric4j-1.0.7.jar:/home/user/.m2/repository/org/apache/ratis/ratis-netty/0.5.0-3f446aa-SNAPSHOT/ratis-netty-0.5.0-3f446aa-SNAPSHOT.jar:/home/user/.m2/repository/org/apache/ratis/ratis-grpc/0.5.0-3f446aa-SNAPSHOT/ratis-grpc-0.5.0-3f446aa-SNAPSHOT.jar:/home/user/.m2/repository/org/rocksdb/rocksdbjni/6.0.1/rocksdbjni-6.0.1.jar:/home/user/.m2/repository/org/apache/logging/log4j/log4j-api/2.11.0/log4j-api-2.11.0.jar:/home/user/.m2/repository/org/apache/logging/log4j/log4j-core/2.11.0/log4j-core-2.11.0.jar:/home/user/.m2/repository/com/lmax/disruptor/3.4.2/disruptor-3.4.2.jar:/home/user/.m2/repository/org/apache/commons/commons-pool2/2.6.0/commons-pool2-2.6.0.jar:/home/user/.m2/repository/org/bouncycastle/bcpkix-jdk15on/1.60/bcpkix-jdk15on-1.60.jar:/home/user/.m2/repository/commons-validator/commons-validator/1.6/commons-validator-1.6.jar:/home/user/.m2/repository/commons-digester/commons-digester/1.8.1/commons-digester-1.8.1.jar:/home/user/.m2/repository/io/jaegertracing/jaeger-client/0.34.0/jaeger-client-0.34.0.jar:/home/user/.m2/repository/io/jaegertracing/jaeger-thrift/0.34.0/jaeger-thrift-0.34.0.jar:/home/user/.m2/repository/org/apache/thrift/libthrift/0.12.0/libthrift-0.12.0.jar:/home/user/.m2/repository/com/squareup/okhttp3/okhttp/3.9.0/okhttp-3.9.0.jar:/home/user/.m2/repository/com/squareup/okio/okio/1.13.0/okio-1.13.0.jar:/home/user/.m2/repository/io/jaegertracing/jaeger-core/0.34.0/jaeger-core-0.34.0.jar:/home/user/.m2/repository/io/jaegertracing/jaeger-tracerresolver/0.34.0/jaeger-tracerresolver-0.34.0.jar:/home/user/.m2/repository/io/opentracing/contrib/opentracing-tracerresolver/0.1.5/opentracing-tracerresolver-0.1.5.jar:/home/user/.m2/repository/io/opentracing/opentracing-util/0.31.0/opentracing-util-0.31.0.jar:/home/user/.m2/repository/io/opentracing/opentracing-api/0.31.0/opentracing-api-0.31.0.jar:/home/user/.m2/repository/io/opentracing/opentracing-noop/0.31.0/opentracing-noop-0.31.0.jar:/home/user/.m2/repository/org/apache/hadoop/hadoop-hdds-server-framework/0.5.0-SNAPSHOT/hadoop-hdds-server-framework-0.5.0-SNAPSHOT.jar:/home/user/.m2/repository/org/apache/hadoop/hadoop-hdds-container-service/0.5.0-SNAPSHOT/hadoop-hdds-container-service-0.5.0-SNAPSHOT.jar:/home/user/.m2/repository/org/apache/hadoop/hadoop-hdds-client/0.5.0-SNAPSHOT/hadoop-hdds-client-0.5.0-SNAPSHOT.jar:/home/user/.m2/repository/org/apache/hadoop/hadoop-hdds-tools/0.5.0-SNAPSHOT/hadoop-hdds-tools-0.5.0-SNAPSHOT.jar:/home/user/.m2/repository/org/apache/hadoop/hadoop-hdds-server-scm/0.5.0-SNAPSHOT/hadoop-hdds-server-scm-0.5.0-SNAPSHOT.jar:/home/user/.m2/repository/org/apache/hadoop/hadoop-hdds-docs/0.5.0-SNAPSHOT/hadoop-hdds-docs-0.5.0-SNAPSHOT.jar:/home/user/.m2/repository/io/dropwizard/metrics/metrics-core/3.2.4/metrics-core-3.2.4.jar:/home/user/.m2/repository/org/hamcrest/hamcrest-all/1.3/hamcrest-all-1.3.jar:/home/user/.m2/repository/org/bouncycastle/bcprov-jdk15on/1.60/bcprov-jdk15on-1.60.jar:/home/user/.m2/repository/info/picocli/picocli/3.9.6/picocli-3.9.6.jar:/home/user/.m2/repository/com/google/protobuf/protobuf-java/2.5.0/protobuf-java-2.5.0.jar:/home/user/.m2/repository/com/google/guava/guava/11.0.2/guava-11.0.2.jar:/home/user/.m2/repository/org/apache/hadoop/hadoop-ozone-ozone-manager/0.5.0-SNAPSHOT/hadoop-ozone-ozone-manager-0.5.0-SNAPSHOT.jar:/home/user/.m2/repository/org/apache/hadoop/hadoop-minikdc/3.2.0/hadoop-minikdc-3.2.0.jar:/home/user/.m2/repository/commons-io/commons-io/2.5/commons-io-2.5.jar:/home/user/.m2/repository/org/apache/kerby/kerb-simplekdc/1.0.1/kerb-simplekdc-1.0.1.jar:/home/user/.m2/repository/org/apache/kerby/kerb-client/1.0.1/kerb-client-1.0.1.jar:/home/user/.m2/repository/org/apache/kerby/kerby-config/1.0.1/kerby-config-1.0.1.jar:/home/user/.m2/repository/org/apache/kerby/kerb-core/1.0.1/kerb-core-1.0.1.jar:/home/user/.m2/repository/org/apache/kerby/kerby-pkix/1.0.1/kerby-pkix-1.0.1.jar:/home/user/.m2/repository/org/apache/kerby/kerby-asn1/1.0.1/kerby-asn1-1.0.1.jar:/home/user/.m2/repository/org/apache/kerby/kerby-util/1.0.1/kerby-util-1.0.1.jar:/home/user/.m2/repository/org/apache/kerby/kerb-common/1.0.1/kerb-common-1.0.1.jar:/home/user/.m2/repository/org/apache/kerby/kerb-crypto/1.0.1/kerb-crypto-1.0.1.jar:/home/user/.m2/repository/org/apache/kerby/kerb-util/1.0.1/kerb-util-1.0.1.jar:/home/user/.m2/repository/org/apache/kerby/token-provider/1.0.1/token-provider-1.0.1.jar:/home/user/.m2/repository/org/apache/kerby/kerb-admin/1.0.1/kerb-admin-1.0.1.jar:/home/user/.m2/repository/org/apache/kerby/kerb-server/1.0.1/kerb-server-1.0.1.jar:/home/user/.m2/repository/org/apache/kerby/kerb-identity/1.0.1/kerb-identity-1.0.1.jar:/home/user/.m2/repository/org/apache/kerby/kerby-xdr/1.0.1/kerby-xdr-1.0.1.jar:/home/user/.m2/repository/org/slf4j/slf4j-log4j12/1.7.25/slf4j-log4j12-1.7.25.jar:/home/user/.m2/repository/org/apache/hadoop/hadoop-ozone-s3gateway/0.5.0-SNAPSHOT/hadoop-ozone-s3gateway-0.5.0-SNAPSHOT.jar:/home/user/.m2/repository/org/jboss/weld/servlet/weld-servlet/2.4.7.Final/weld-servlet-2.4.7.Final.jar:/home/user/.m2/repository/org/glassfish/jersey/containers/jersey-container-servlet-core/2.27/jersey-container-servlet-core-2.27.jar:/home/user/.m2/repository/org/glassfish/hk2/external/javax.inject/2.5.0-b42/javax.inject-2.5.0-b42.jar:/home/user/.m2/repository/org/glassfish/jersey/core/jersey-common/2.27/jersey-common-2.27.jar:/home/user/.m2/repository/org/glassfish/hk2/osgi-resource-locator/1.0.1/osgi-resource-locator-1.0.1.jar:/home/user/.m2/repository/javax/ws/rs/javax.ws.rs-api/2.1/javax.ws.rs-api-2.1.jar:/home/user/.m2/repository/org/glassfish/jersey/ext/cdi/jersey-cdi1x/2.27/jersey-cdi1x-2.27.jar:/home/user/.m2/repository/org/glassfish/jersey/inject/jersey-hk2/2.27/jersey-hk2-2.27.jar:/home/user/.m2/repository/org/glassfish/hk2/hk2-locator/2.5.0-b42/hk2-locator-2.5.0-b42.jar:/home/user/.m2/repository/org/javassist/javassist/3.22.0-CR2/javassist-3.22.0-CR2.jar:/home/user/.m2/repository/org/glassfish/hk2/hk2-api/2.5.0/hk2-api-2.5.0.jar:/home/user/.m2/repository/org/glassfish/hk2/external/jakarta.inject/2.5.0/jakarta.inject-2.5.0.jar:/home/user/.m2/repository/org/glassfish/hk2/hk2-utils/2.5.0/hk2-utils-2.5.0.jar:/home/user/.m2/repository/jakarta/annotation/jakarta.annotation-api/1.3.4/jakarta.annotation-api-1.3.4.jar:/home/user/.m2/repository/org/glassfish/hk2/external/aopalliance-repackaged/2.5.0/aopalliance-repackaged-2.5.0.jar:/home/user/.m2/repository/com/fasterxml/jackson/dataformat/jackson-dataformat-xml/2.9.0/jackson-dataformat-xml-2.9.0.jar:/home/user/.m2/repository/com/fasterxml/jackson/core/jackson-core/2.9.9/jackson-core-2.9.9.jar:/home/user/.m2/repository/com/fasterxml/jackson/module/jackson-module-jaxb-annotations/2.9.9/jackson-module-jaxb-annotations-2.9.9.jar:/home/user/.m2/repository/javax/enterprise/cdi-api/1.2/cdi-api-1.2.jar:/home/user/.m2/repository/javax/el/javax.el-api/3.0.0/javax.el-api-3.0.0.jar:/home/user/.m2/repository/javax/interceptor/javax.interceptor-api/1.2/javax.interceptor-api-1.2.jar:/home/user/.m2/repository/javax/inject/javax.inject/1/javax.inject-1.jar:/home/user/.m2/repository/com/sun/xml/bind/jaxb-impl/2.3.0.1/jaxb-impl-2.3.0.1.jar:/home/user/.m2/repository/com/sun/xml/bind/jaxb-core/2.3.0.1/jaxb-core-2.3.0.1.jar:/home/user/.m2/repository/javax/xml/bind/jaxb-api/2.3.0/jaxb-api-2.3.0.jar:/home/user/.m2/repository/javax/activation/activation/1.1.1/activation-1.1.1.jar:/home/user/.m2/repository/org/apache/hadoop/hadoop-ozone-csi/0.5.0-SNAPSHOT/hadoop-ozone-csi-0.5.0-SNAPSHOT.jar:/home/user/.m2/repository/com/google/protobuf/protobuf-java-util/3.5.1/protobuf-java-util-3.5.1.jar:/home/user/.m2/repository/org/apache/hadoop/hadoop-hdds-config/0.5.0-SNAPSHOT/hadoop-hdds-config-0.5.0-SNAPSHOT.jar:/home/user/.m2/repository/io/grpc/grpc-netty/1.17.1/grpc-netty-1.17.1.jar:/home/user/.m2/repository/io/grpc/grpc-core/1.17.1/grpc-core-1.17.1.jar:/home/user/.m2/repository/io/grpc/grpc-context/1.17.1/grpc-context-1.17.1.jar:/home/user/.m2/repository/com/google/errorprone/error_prone_annotations/2.2.0/error_prone_annotations-2.2.0.jar:/home/user/.m2/repository/org/codehaus/mojo/animal-sniffer-annotations/1.17/animal-sniffer-annotations-1.17.jar:/home/user/.m2/repository/io/opencensus/opencensus-api/0.17.0/opencensus-api-0.17.0.jar:/home/user/.m2/repository/io/opencensus/opencensus-contrib-grpc-metrics/0.17.0/opencensus-contrib-grpc-metrics-0.17.0.jar:/home/user/.m2/repository/io/netty/netty-codec-http2/4.1.30.Final/netty-codec-http2-4.1.30.Final.jar:/home/user/.m2/repository/io/netty/netty-codec-http/4.1.30.Final/netty-codec-http-4.1.30.Final.jar:/home/user/.m2/repository/io/netty/netty-codec/4.1.30.Final/netty-codec-4.1.30.Final.jar:/home/user/.m2/repository/io/netty/netty-handler/4.1.30.Final/netty-handler-4.1.30.Final.jar:/home/user/.m2/repository/io/netty/netty-handler-proxy/4.1.30.Final/netty-handler-proxy-4.1.30.Final.jar:/home/user/.m2/repository/io/netty/netty-codec-socks/4.1.30.Final/netty-codec-socks-4.1.30.Final.jar:/home/user/.m2/repository/io/netty/netty-transport-native-epoll/4.1.30.Final/netty-transport-native-epoll-4.1.30.Final.jar:/home/user/.m2/repository/io/netty/netty-common/4.1.30.Final/netty-common-4.1.30.Final.jar:/home/user/.m2/repository/io/netty/netty-buffer/4.1.30.Final/netty-buffer-4.1.30.Final.jar:/home/user/.m2/repository/io/netty/netty-transport/4.1.30.Final/netty-transport-4.1.30.Final.jar:/home/user/.m2/repository/io/netty/netty-resolver/4.1.30.Final/netty-resolver-4.1.30.Final.jar:/home/user/.m2/repository/io/netty/netty-transport-native-unix-common/4.1.30.Final/netty-transport-native-unix-common-4.1.30.Final.jar:/home/user/.m2/repository/io/grpc/grpc-protobuf/1.17.1/grpc-protobuf-1.17.1.jar:/home/user/.m2/repository/com/google/api/grpc/proto-google-common-protos/1.0.0/proto-google-common-protos-1.0.0.jar:/home/user/.m2/repository/io/grpc/grpc-protobuf-lite/1.17.1/grpc-protobuf-lite-1.17.1.jar:/home/user/.m2/repository/io/grpc/grpc-stub/1.17.1/grpc-stub-1.17.1.jar:/home/user/.m2/repository/org/apache/hadoop/hadoop-ozone-recon/0.5.0-SNAPSHOT/hadoop-ozone-recon-0.5.0-SNAPSHOT.jar:/home/user/.m2/repository/org/apache/hadoop/hadoop-ozone-reconcodegen/0.5.0-SNAPSHOT/hadoop-ozone-reconcodegen-0.5.0-SNAPSHOT.jar:/home/user/.m2/repository/com/google/inject/extensions/guice-multibindings/4.0/guice-multibindings-4.0.jar:/home/user/.m2/repository/com/google/inject/guice/4.0/guice-4.0.jar:/home/user/.m2/repository/aopalliance/aopalliance/1.0/aopalliance-1.0.jar:/home/user/.m2/repository/com/google/inject/extensions/guice-servlet/4.0/guice-servlet-4.0.jar:/home/user/.m2/repository/org/glassfish/jersey/containers/jersey-container-servlet/2.27/jersey-container-servlet-2.27.jar:/home/user/.m2/repository/org/glassfish/hk2/guice-bridge/2.5.0/guice-bridge-2.5.0.jar:/home/user/.m2/repository/org/glassfish/jersey/core/jersey-server/2.27/jersey-server-2.27.jar:/home/user/.m2/repository/org/glassfish/jersey/core/jersey-client/2.27/jersey-client-2.27.jar:/home/user/.m2/repository/org/glassfish/jersey/media/jersey-media-jaxb/2.27/jersey-media-jaxb-2.27.jar:/home/user/.m2/repository/javax/validation/validation-api/1.1.0.Final/validation-api-1.1.0.Final.jar:/home/user/.m2/repository/org/glassfish/jersey/media/jersey-media-json-jackson/2.27/jersey-media-json-jackson-2.27.jar:/home/user/.m2/repository/org/glassfish/jersey/ext/jersey-entity-filtering/2.27/jersey-entity-filtering-2.27.jar:/home/user/.m2/repository/com/google/inject/extensions/guice-assistedinject/4.0/guice-assistedinject-4.0.jar:/home/user/.m2/repository/org/jooq/jooq/3.11.10/jooq-3.11.10.jar:/home/user/.m2/repository/org/jooq/jooq-meta/3.11.10/jooq-meta-3.11.10.jar:/home/user/.m2/repository/org/jooq/jooq-codegen/3.11.10/jooq-codegen-3.11.10.jar:/home/user/.m2/repository/com/jolbox/bonecp/0.8.0.RELEASE/bonecp-0.8.0.RELEASE.jar:/home/user/.m2/repository/org/xerial/sqlite-jdbc/3.25.2/sqlite-jdbc-3.25.2.jar:/home/user/.m2/repository/org/springframework/spring-jdbc/5.1.3.RELEASE/spring-jdbc-5.1.3.RELEASE.jar:/home/user/.m2/repository/org/springframework/spring-beans/5.1.3.RELEASE/spring-beans-5.1.3.RELEASE.jar:/home/user/.m2/repository/org/springframework/spring-core/5.1.3.RELEASE/spring-core-5.1.3.RELEASE.jar:/home/user/.m2/repository/org/springframework/spring-jcl/5.1.3.RELEASE/spring-jcl-5.1.3.RELEASE.jar:/home/user/.m2/repository/org/springframework/spring-tx/5.1.3.RELEASE/spring-tx-5.1.3.RELEASE.jar:/home/user/.m2/repository/org/apache/hadoop/hadoop-ozone-client/0.5.0-SNAPSHOT/hadoop-ozone-client-0.5.0-SNAPSHOT.jar:/home/user/.m2/repository/commons-lang/commons-lang/2.6/commons-lang-2.6.jar:/home/user/.m2/repository/org/apache/hadoop/hadoop-ozone-ozone-manager/0.5.0-SNAPSHOT/hadoop-ozone-ozone-manager-0.5.0-SNAPSHOT-tests.jar:/home/user/.m2/repository/junit/junit/4.11/junit-4.11.jar:/home/user/.m2/repository/org/hamcrest/hamcrest-core/1.3/hamcrest-core-1.3.jar:/home/user/.m2/repository/org/openjdk/jmh/jmh-core/1.19/jmh-core-1.19.jar:/home/user/.m2/repository/net/sf/jopt-simple/jopt-simple/4.6/jopt-simple-4.6.jar:/home/user/.m2/repository/org/apache/commons/commons-math3/3.1.1/commons-math3-3.1.1.jar:/home/user/.m2/repository/org/openjdk/jmh/jmh-generator-annprocess/1.19/jmh-generator-annprocess-1.19.jar:/home/user/.m2/repository/org/mockito/mockito-all/1.8.5/mockito-all-1.8.5.jar:/home/user/.m2/repository/org/apache/hadoop/hadoop-kms/3.2.0/hadoop-kms-3.2.0.jar:/home/user/.m2/repository/org/apache/hadoop/hadoop-auth/3.2.0/hadoop-auth-3.2.0.jar:/home/user/.m2/repository/com/nimbusds/nimbus-jose-jwt/4.41.1/nimbus-jose-jwt-4.41.1.jar:/home/user/.m2/repository/com/github/stephenc/jcip/jcip-annotations/1.0-1/jcip-annotations-1.0-1.jar:/home/user/.m2/repository/net/minidev/json-smart/2.3/json-smart-2.3.jar:/home/user/.m2/repository/net/minidev/accessors-smart/1.2/accessors-smart-1.2.jar:/home/user/.m2/repository/org/ow2/asm/asm/5.0.4/asm-5.0.4.jar:/home/user/.m2/repository/org/apache/curator/curator-framework/2.12.0/curator-framework-2.12.0.jar:/home/user/.m2/repository/com/sun/jersey/jersey-core/1.19/jersey-core-1.19.jar:/home/user/.m2/repository/javax/ws/rs/jsr311-api/1.1.1/jsr311-api-1.1.1.jar:/home/user/.m2/repository/com/sun/jersey/jersey-server/1.19/jersey-server-1.19.jar:/home/user/.m2/repository/javax/servlet/javax.servlet-api/3.1.0/javax.servlet-api-3.1.0.jar:/home/user/.m2/repository/org/eclipse/jetty/jetty-server/9.3.25.v20180904/jetty-server-9.3.25.v20180904.jar:/home/user/.m2/repository/org/eclipse/jetty/jetty-http/9.3.25.v20180904/jetty-http-9.3.25.v20180904.jar:/home/user/.m2/repository/org/eclipse/jetty/jetty-io/9.3.25.v20180904/jetty-io-9.3.25.v20180904.jar:/home/user/.m2/repository/org/eclipse/jetty/jetty-webapp/9.3.25.v20180904/jetty-webapp-9.3.25.v20180904.jar:/home/user/.m2/repository/org/eclipse/jetty/jetty-xml/9.3.25.v20180904/jetty-xml-9.3.25.v20180904.jar:/home/user/.m2/repository/log4j/log4j/1.2.17/log4j-1.2.17.jar:/home/user/.m2/repository/org/slf4j/slf4j-api/1.7.25/slf4j-api-1.7.25.jar:/home/user/.m2/repository/org/slf4j/jul-to-slf4j/1.7.25/jul-to-slf4j-1.7.25.jar:/home/user/.m2/repository/org/eclipse/jetty/jetty-util/9.3.25.v20180904/jetty-util-9.3.25.v20180904.jar:/home/user/.m2/repository/com/fasterxml/jackson/core/jackson-databind/2.9.9/jackson-databind-2.9.9.jar:/home/user/.m2/repository/org/apache/hadoop/hadoop-kms/3.2.0/hadoop-kms-3.2.0-tests.jar:/home/user/.m2/repository/org/apache/hadoop/hadoop-hdds-server-scm/0.5.0-SNAPSHOT/hadoop-hdds-server-scm-0.5.0-SNAPSHOT-tests.jar:/home/user/.m2/repository/org/apache/hadoop/hadoop-hdds-container-service/0.5.0-SNAPSHOT/hadoop-hdds-container-service-0.5.0-SNAPSHOT-tests.jar:/home/user/.m2/repository/org/yaml/snakeyaml/1.16/snakeyaml-1.16.jar:/home/user/.m2/repository/org/apache/hadoop/hadoop-common/3.2.0/hadoop-common-3.2.0-tests.jar:/home/user/.m2/repository/org/apache/hadoop/hadoop-annotations/3.2.0/hadoop-annotations-3.2.0.jar:/usr/lib/jvm/java-1.8.0-openjdk-1.8.0.222.b10-1.el7_7.x86_64/jre/../lib/tools.jar:/home/user/.m2/repository/commons-cli/commons-cli/1.2/commons-cli-1.2.jar:/home/user/.m2/repository/org/apache/httpcomponents/httpclient/4.5.2/httpclient-4.5.2.jar:/home/user/.m2/repository/org/apache/httpcomponents/httpcore/4.4.4/httpcore-4.4.4.jar:/home/user/.m2/repository/commons-codec/commons-codec/1.11/commons-codec-1.11.jar:/home/user/.m2/repository/commons-net/commons-net/3.6/commons-net-3.6.jar:/home/user/.m2/repository/commons-collections/commons-collections/3.2.2/commons-collections-3.2.2.jar:/home/user/.m2/repository/org/eclipse/jetty/jetty-servlet/9.3.25.v20180904/jetty-servlet-9.3.25.v20180904.jar:/home/user/.m2/repository/org/eclipse/jetty/jetty-security/9.3.25.v20180904/jetty-security-9.3.25.v20180904.jar:/home/user/.m2/repository/javax/servlet/jsp/jsp-api/2.1/jsp-api-2.1.jar:/home/user/.m2/repository/com/sun/jersey/jersey-servlet/1.19/jersey-servlet-1.19.jar:/home/user/.m2/repository/com/sun/jersey/jersey-json/1.19/jersey-json-1.19.jar:/home/user/.m2/repository/org/codehaus/jettison/jettison/1.1/jettison-1.1.jar:/home/user/.m2/repository/org/codehaus/jackson/jackson-core-asl/1.9.13/jackson-core-asl-1.9.13.jar:/home/user/.m2/repository/org/codehaus/jackson/jackson-mapper-asl/1.9.13/jackson-mapper-asl-1.9.13.jar:/home/user/.m2/repository/org/codehaus/jackson/jackson-jaxrs/1.9.13/jackson-jaxrs-1.9.13.jar:/home/user/.m2/repository/org/codehaus/jackson/jackson-xc/1.9.13/jackson-xc-1.9.13.jar:/home/user/.m2/repository/commons-logging/commons-logging/1.1.3/commons-logging-1.1.3.jar:/home/user/.m2/repository/commons-beanutils/commons-beanutils/1.9.4/commons-beanutils-1.9.4.jar:/home/user/.m2/repository/org/apache/commons/commons-configuration2/2.1.1/commons-configuration2-2.1.1.jar:/home/user/.m2/repository/org/apache/commons/commons-lang3/3.7/commons-lang3-3.7.jar:/home/user/.m2/repository/org/apache/commons/commons-text/1.4/commons-text-1.4.jar:/home/user/.m2/repository/org/apache/avro/avro/1.7.7/avro-1.7.7.jar:/home/user/.m2/repository/com/thoughtworks/paranamer/paranamer/2.3/paranamer-2.3.jar:/home/user/.m2/repository/org/xerial/snappy/snappy-java/1.0.5/snappy-java-1.0.5.jar:/home/user/.m2/repository/com/google/re2j/re2j/1.1/re2j-1.1.jar:/home/user/.m2/repository/com/google/code/gson/gson/2.2.4/gson-2.2.4.jar:/home/user/.m2/repository/com/jcraft/jsch/0.1.54/jsch-0.1.54.jar:/home/user/.m2/repository/org/apache/curator/curator-client/2.12.0/curator-client-2.12.0.jar:/home/user/.m2/repository/org/apache/curator/curator-recipes/2.12.0/curator-recipes-2.12.0.jar:/home/user/.m2/repository/com/google/code/findbugs/jsr305/3.0.0/jsr305-3.0.0.jar:/home/user/.m2/repository/org/apache/htrace/htrace-core4/4.1.0-incubating/htrace-core4-4.1.0-incubating.jar:/home/user/.m2/repository/org/apache/zookeeper/zookeeper/3.4.13/zookeeper-3.4.13.jar:/home/user/.m2/repository/jline/jline/0.9.94/jline-0.9.94.jar:/home/user/.m2/repository/org/apache/yetus/audience-annotations/0.5.0/audience-annotations-0.5.0.jar:/home/user/.m2/repository/org/codehaus/woodstox/stax2-api/3.1.4/stax2-api-3.1.4.jar:/home/user/.m2/repository/com/fasterxml/woodstox/woodstox-core/5.0.3/woodstox-core-5.0.3.jar:/home/user/.m2/repository/dnsjava/dnsjava/2.1.7/dnsjava-2.1.7.jar:/home/user/.m2/repository/org/apache/hadoop/hadoop-hdfs/3.2.0/hadoop-hdfs-3.2.0-tests.jar:/home/user/.m2/repository/org/eclipse/jetty/jetty-util-ajax/9.3.25.v20180904/jetty-util-ajax-9.3.25.v20180904.jar:/home/user/.m2/repository/commons-daemon/commons-daemon/1.0.13/commons-daemon-1.0.13.jar:/home/user/.m2/repository/io/netty/netty/3.10.5.Final/netty-3.10.5.Final.jar:/home/user/.m2/repository/io/netty/netty-all/4.0.52.Final/netty-all-4.0.52.Final.jar:/home/user/.m2/repository/org/fusesource/leveldbjni/leveldbjni-all/1.8/leveldbjni-all-1.8.jar:"/>
    <property name="java.vm.vendor" value="Oracle Corporation"/>
    <property name="sun.arch.data.model" value="64"/>
    <property name="test.build.dir" value="/workdir/hadoop-ozone/integration-test/target/test-dir"/>
    <property name="test.cache.data" value=""/>
    <property name="java.vendor.url" value="http://java.oracle.com/"/>
    <property name="user.timezone" value=""/>
    <property name="java.vm.specification.version" value="1.8"/>
    <property name="os.name" value="Linux"/>
    <property name="test.build.data" value="/workdir/hadoop-ozone/integration-test/target/test-dir"/>
    <property name="user.country" value="US"/>
    <property name="sun.java.launcher" value="SUN_STANDARD"/>
    <property name="sun.boot.library.path" value="/usr/lib/jvm/java-1.8.0-openjdk-1.8.0.222.b10-1.el7_7.x86_64/jre/lib/amd64"/>
    <property name="sun.java.command" value="/workdir/hadoop-ozone/integration-test/target/surefire/surefirebooter8916668732051050602.jar /workdir/hadoop-ozone/integration-test/target/surefire 2019-10-25T10-19-10_089-jvmRun1 surefire4327190011864868979tmp surefire_352477168486622382228tmp"/>
    <property name="surefire.test.class.path" value="/workdir/hadoop-ozone/integration-test/target/test-classes:/workdir/hadoop-ozone/integration-test/target/classes:/home/user/.m2/repository/org/apache/hadoop/hadoop-ozone-common/0.5.0-SNAPSHOT/hadoop-ozone-common-0.5.0-SNAPSHOT.jar:/home/user/.m2/repository/org/apache/commons/commons-compress/1.4.1/commons-compress-1.4.1.jar:/home/user/.m2/repository/org/tukaani/xz/1.0/xz-1.0.jar:/home/user/.m2/repository/org/apache/hadoop/hadoop-common/3.2.0/hadoop-common-3.2.0.jar:/home/user/.m2/repository/org/apache/hadoop/hadoop-hdfs/3.2.0/hadoop-hdfs-3.2.0.jar:/home/user/.m2/repository/org/apache/hadoop/hadoop-hdfs-client/3.2.0/hadoop-hdfs-client-3.2.0.jar:/home/user/.m2/repository/com/fasterxml/jackson/core/jackson-annotations/2.9.9/jackson-annotations-2.9.9.jar:/home/user/.m2/repository/org/apache/hadoop/hadoop-hdds-common/0.5.0-SNAPSHOT/hadoop-hdds-common-0.5.0-SNAPSHOT.jar:/home/user/.m2/repository/javax/annotation/javax.annotation-api/1.2/javax.annotation-api-1.2.jar:/home/user/.m2/repository/org/apache/ratis/ratis-server/0.5.0-3f446aa-SNAPSHOT/ratis-server-0.5.0-3f446aa-SNAPSHOT.jar:/home/user/.m2/repository/org/apache/ratis/ratis-thirdparty-misc/0.2.0/ratis-thirdparty-misc-0.2.0.jar:/home/user/.m2/repository/org/apache/ratis/ratis-proto/0.5.0-3f446aa-SNAPSHOT/ratis-proto-0.5.0-3f446aa-SNAPSHOT.jar:/home/user/.m2/repository/org/apache/ratis/ratis-common/0.5.0-3f446aa-SNAPSHOT/ratis-common-0.5.0-3f446aa-SNAPSHOT.jar:/home/user/.m2/repository/org/apache/ratis/ratis-client/0.5.0-3f446aa-SNAPSHOT/ratis-client-0.5.0-3f446aa-SNAPSHOT.jar:/home/user/.m2/repository/org/apache/ratis/ratis-metrics/0.5.0-3f446aa-SNAPSHOT/ratis-metrics-0.5.0-3f446aa-SNAPSHOT.jar:/home/user/.m2/repository/com/github/joshelser/dropwizard-metrics-hadoop-metrics2-reporter/0.1.2/dropwizard-metrics-hadoop-metrics2-reporter-0.1.2.jar:/home/user/.m2/repository/io/dropwizard/metrics/metrics-jvm/3.2.5/metrics-jvm-3.2.5.jar:/home/user/.m2/repository/io/dropwizard/metrics/metrics-ganglia/3.2.5/metrics-ganglia-3.2.5.jar:/home/user/.m2/repository/info/ganglia/gmetric4j/gmetric4j/1.0.7/gmetric4j-1.0.7.jar:/home/user/.m2/repository/org/apache/ratis/ratis-netty/0.5.0-3f446aa-SNAPSHOT/ratis-netty-0.5.0-3f446aa-SNAPSHOT.jar:/home/user/.m2/repository/org/apache/ratis/ratis-grpc/0.5.0-3f446aa-SNAPSHOT/ratis-grpc-0.5.0-3f446aa-SNAPSHOT.jar:/home/user/.m2/repository/org/rocksdb/rocksdbjni/6.0.1/rocksdbjni-6.0.1.jar:/home/user/.m2/repository/org/apache/logging/log4j/log4j-api/2.11.0/log4j-api-2.11.0.jar:/home/user/.m2/repository/org/apache/logging/log4j/log4j-core/2.11.0/log4j-core-2.11.0.jar:/home/user/.m2/repository/com/lmax/disruptor/3.4.2/disruptor-3.4.2.jar:/home/user/.m2/repository/org/apache/commons/commons-pool2/2.6.0/commons-pool2-2.6.0.jar:/home/user/.m2/repository/org/bouncycastle/bcpkix-jdk15on/1.60/bcpkix-jdk15on-1.60.jar:/home/user/.m2/repository/commons-validator/commons-validator/1.6/commons-validator-1.6.jar:/home/user/.m2/repository/commons-digester/commons-digester/1.8.1/commons-digester-1.8.1.jar:/home/user/.m2/repository/io/jaegertracing/jaeger-client/0.34.0/jaeger-client-0.34.0.jar:/home/user/.m2/repository/io/jaegertracing/jaeger-thrift/0.34.0/jaeger-thrift-0.34.0.jar:/home/user/.m2/repository/org/apache/thrift/libthrift/0.12.0/libthrift-0.12.0.jar:/home/user/.m2/repository/com/squareup/okhttp3/okhttp/3.9.0/okhttp-3.9.0.jar:/home/user/.m2/repository/com/squareup/okio/okio/1.13.0/okio-1.13.0.jar:/home/user/.m2/repository/io/jaegertracing/jaeger-core/0.34.0/jaeger-core-0.34.0.jar:/home/user/.m2/repository/io/jaegertracing/jaeger-tracerresolver/0.34.0/jaeger-tracerresolver-0.34.0.jar:/home/user/.m2/repository/io/opentracing/contrib/opentracing-tracerresolver/0.1.5/opentracing-tracerresolver-0.1.5.jar:/home/user/.m2/repository/io/opentracing/opentracing-util/0.31.0/opentracing-util-0.31.0.jar:/home/user/.m2/repository/io/opentracing/opentracing-api/0.31.0/opentracing-api-0.31.0.jar:/home/user/.m2/repository/io/opentracing/opentracing-noop/0.31.0/opentracing-noop-0.31.0.jar:/home/user/.m2/repository/org/apache/hadoop/hadoop-hdds-server-framework/0.5.0-SNAPSHOT/hadoop-hdds-server-framework-0.5.0-SNAPSHOT.jar:/home/user/.m2/repository/org/apache/hadoop/hadoop-hdds-container-service/0.5.0-SNAPSHOT/hadoop-hdds-container-service-0.5.0-SNAPSHOT.jar:/home/user/.m2/repository/org/apache/hadoop/hadoop-hdds-client/0.5.0-SNAPSHOT/hadoop-hdds-client-0.5.0-SNAPSHOT.jar:/home/user/.m2/repository/org/apache/hadoop/hadoop-hdds-tools/0.5.0-SNAPSHOT/hadoop-hdds-tools-0.5.0-SNAPSHOT.jar:/home/user/.m2/repository/org/apache/hadoop/hadoop-hdds-server-scm/0.5.0-SNAPSHOT/hadoop-hdds-server-scm-0.5.0-SNAPSHOT.jar:/home/user/.m2/repository/org/apache/hadoop/hadoop-hdds-docs/0.5.0-SNAPSHOT/hadoop-hdds-docs-0.5.0-SNAPSHOT.jar:/home/user/.m2/repository/io/dropwizard/metrics/metrics-core/3.2.4/metrics-core-3.2.4.jar:/home/user/.m2/repository/org/hamcrest/hamcrest-all/1.3/hamcrest-all-1.3.jar:/home/user/.m2/repository/org/bouncycastle/bcprov-jdk15on/1.60/bcprov-jdk15on-1.60.jar:/home/user/.m2/repository/info/picocli/picocli/3.9.6/picocli-3.9.6.jar:/home/user/.m2/repository/com/google/protobuf/protobuf-java/2.5.0/protobuf-java-2.5.0.jar:/home/user/.m2/repository/com/google/guava/guava/11.0.2/guava-11.0.2.jar:/home/user/.m2/repository/org/apache/hadoop/hadoop-ozone-ozone-manager/0.5.0-SNAPSHOT/hadoop-ozone-ozone-manager-0.5.0-SNAPSHOT.jar:/home/user/.m2/repository/org/apache/hadoop/hadoop-minikdc/3.2.0/hadoop-minikdc-3.2.0.jar:/home/user/.m2/repository/commons-io/commons-io/2.5/commons-io-2.5.jar:/home/user/.m2/repository/org/apache/kerby/kerb-simplekdc/1.0.1/kerb-simplekdc-1.0.1.jar:/home/user/.m2/repository/org/apache/kerby/kerb-client/1.0.1/kerb-client-1.0.1.jar:/home/user/.m2/repository/org/apache/kerby/kerby-config/1.0.1/kerby-config-1.0.1.jar:/home/user/.m2/repository/org/apache/kerby/kerb-core/1.0.1/kerb-core-1.0.1.jar:/home/user/.m2/repository/org/apache/kerby/kerby-pkix/1.0.1/kerby-pkix-1.0.1.jar:/home/user/.m2/repository/org/apache/kerby/kerby-asn1/1.0.1/kerby-asn1-1.0.1.jar:/home/user/.m2/repository/org/apache/kerby/kerby-util/1.0.1/kerby-util-1.0.1.jar:/home/user/.m2/repository/org/apache/kerby/kerb-common/1.0.1/kerb-common-1.0.1.jar:/home/user/.m2/repository/org/apache/kerby/kerb-crypto/1.0.1/kerb-crypto-1.0.1.jar:/home/user/.m2/repository/org/apache/kerby/kerb-util/1.0.1/kerb-util-1.0.1.jar:/home/user/.m2/repository/org/apache/kerby/token-provider/1.0.1/token-provider-1.0.1.jar:/home/user/.m2/repository/org/apache/kerby/kerb-admin/1.0.1/kerb-admin-1.0.1.jar:/home/user/.m2/repository/org/apache/kerby/kerb-server/1.0.1/kerb-server-1.0.1.jar:/home/user/.m2/repository/org/apache/kerby/kerb-identity/1.0.1/kerb-identity-1.0.1.jar:/home/user/.m2/repository/org/apache/kerby/kerby-xdr/1.0.1/kerby-xdr-1.0.1.jar:/home/user/.m2/repository/org/slf4j/slf4j-log4j12/1.7.25/slf4j-log4j12-1.7.25.jar:/home/user/.m2/repository/org/apache/hadoop/hadoop-ozone-s3gateway/0.5.0-SNAPSHOT/hadoop-ozone-s3gateway-0.5.0-SNAPSHOT.jar:/home/user/.m2/repository/org/jboss/weld/servlet/weld-servlet/2.4.7.Final/weld-servlet-2.4.7.Final.jar:/home/user/.m2/repository/org/glassfish/jersey/containers/jersey-container-servlet-core/2.27/jersey-container-servlet-core-2.27.jar:/home/user/.m2/repository/org/glassfish/hk2/external/javax.inject/2.5.0-b42/javax.inject-2.5.0-b42.jar:/home/user/.m2/repository/org/glassfish/jersey/core/jersey-common/2.27/jersey-common-2.27.jar:/home/user/.m2/repository/org/glassfish/hk2/osgi-resource-locator/1.0.1/osgi-resource-locator-1.0.1.jar:/home/user/.m2/repository/javax/ws/rs/javax.ws.rs-api/2.1/javax.ws.rs-api-2.1.jar:/home/user/.m2/repository/org/glassfish/jersey/ext/cdi/jersey-cdi1x/2.27/jersey-cdi1x-2.27.jar:/home/user/.m2/repository/org/glassfish/jersey/inject/jersey-hk2/2.27/jersey-hk2-2.27.jar:/home/user/.m2/repository/org/glassfish/hk2/hk2-locator/2.5.0-b42/hk2-locator-2.5.0-b42.jar:/home/user/.m2/repository/org/javassist/javassist/3.22.0-CR2/javassist-3.22.0-CR2.jar:/home/user/.m2/repository/org/glassfish/hk2/hk2-api/2.5.0/hk2-api-2.5.0.jar:/home/user/.m2/repository/org/glassfish/hk2/external/jakarta.inject/2.5.0/jakarta.inject-2.5.0.jar:/home/user/.m2/repository/org/glassfish/hk2/hk2-utils/2.5.0/hk2-utils-2.5.0.jar:/home/user/.m2/repository/jakarta/annotation/jakarta.annotation-api/1.3.4/jakarta.annotation-api-1.3.4.jar:/home/user/.m2/repository/org/glassfish/hk2/external/aopalliance-repackaged/2.5.0/aopalliance-repackaged-2.5.0.jar:/home/user/.m2/repository/com/fasterxml/jackson/dataformat/jackson-dataformat-xml/2.9.0/jackson-dataformat-xml-2.9.0.jar:/home/user/.m2/repository/com/fasterxml/jackson/core/jackson-core/2.9.9/jackson-core-2.9.9.jar:/home/user/.m2/repository/com/fasterxml/jackson/module/jackson-module-jaxb-annotations/2.9.9/jackson-module-jaxb-annotations-2.9.9.jar:/home/user/.m2/repository/javax/enterprise/cdi-api/1.2/cdi-api-1.2.jar:/home/user/.m2/repository/javax/el/javax.el-api/3.0.0/javax.el-api-3.0.0.jar:/home/user/.m2/repository/javax/interceptor/javax.interceptor-api/1.2/javax.interceptor-api-1.2.jar:/home/user/.m2/repository/javax/inject/javax.inject/1/javax.inject-1.jar:/home/user/.m2/repository/com/sun/xml/bind/jaxb-impl/2.3.0.1/jaxb-impl-2.3.0.1.jar:/home/user/.m2/repository/com/sun/xml/bind/jaxb-core/2.3.0.1/jaxb-core-2.3.0.1.jar:/home/user/.m2/repository/javax/xml/bind/jaxb-api/2.3.0/jaxb-api-2.3.0.jar:/home/user/.m2/repository/javax/activation/activation/1.1.1/activation-1.1.1.jar:/home/user/.m2/repository/org/apache/hadoop/hadoop-ozone-csi/0.5.0-SNAPSHOT/hadoop-ozone-csi-0.5.0-SNAPSHOT.jar:/home/user/.m2/repository/com/google/protobuf/protobuf-java-util/3.5.1/protobuf-java-util-3.5.1.jar:/home/user/.m2/repository/org/apache/hadoop/hadoop-hdds-config/0.5.0-SNAPSHOT/hadoop-hdds-config-0.5.0-SNAPSHOT.jar:/home/user/.m2/repository/io/grpc/grpc-netty/1.17.1/grpc-netty-1.17.1.jar:/home/user/.m2/repository/io/grpc/grpc-core/1.17.1/grpc-core-1.17.1.jar:/home/user/.m2/repository/io/grpc/grpc-context/1.17.1/grpc-context-1.17.1.jar:/home/user/.m2/repository/com/google/errorprone/error_prone_annotations/2.2.0/error_prone_annotations-2.2.0.jar:/home/user/.m2/repository/org/codehaus/mojo/animal-sniffer-annotations/1.17/animal-sniffer-annotations-1.17.jar:/home/user/.m2/repository/io/opencensus/opencensus-api/0.17.0/opencensus-api-0.17.0.jar:/home/user/.m2/repository/io/opencensus/opencensus-contrib-grpc-metrics/0.17.0/opencensus-contrib-grpc-metrics-0.17.0.jar:/home/user/.m2/repository/io/netty/netty-codec-http2/4.1.30.Final/netty-codec-http2-4.1.30.Final.jar:/home/user/.m2/repository/io/netty/netty-codec-http/4.1.30.Final/netty-codec-http-4.1.30.Final.jar:/home/user/.m2/repository/io/netty/netty-codec/4.1.30.Final/netty-codec-4.1.30.Final.jar:/home/user/.m2/repository/io/netty/netty-handler/4.1.30.Final/netty-handler-4.1.30.Final.jar:/home/user/.m2/repository/io/netty/netty-handler-proxy/4.1.30.Final/netty-handler-proxy-4.1.30.Final.jar:/home/user/.m2/repository/io/netty/netty-codec-socks/4.1.30.Final/netty-codec-socks-4.1.30.Final.jar:/home/user/.m2/repository/io/netty/netty-transport-native-epoll/4.1.30.Final/netty-transport-native-epoll-4.1.30.Final.jar:/home/user/.m2/repository/io/netty/netty-common/4.1.30.Final/netty-common-4.1.30.Final.jar:/home/user/.m2/repository/io/netty/netty-buffer/4.1.30.Final/netty-buffer-4.1.30.Final.jar:/home/user/.m2/repository/io/netty/netty-transport/4.1.30.Final/netty-transport-4.1.30.Final.jar:/home/user/.m2/repository/io/netty/netty-resolver/4.1.30.Final/netty-resolver-4.1.30.Final.jar:/home/user/.m2/repository/io/netty/netty-transport-native-unix-common/4.1.30.Final/netty-transport-native-unix-common-4.1.30.Final.jar:/home/user/.m2/repository/io/grpc/grpc-protobuf/1.17.1/grpc-protobuf-1.17.1.jar:/home/user/.m2/repository/com/google/api/grpc/proto-google-common-protos/1.0.0/proto-google-common-protos-1.0.0.jar:/home/user/.m2/repository/io/grpc/grpc-protobuf-lite/1.17.1/grpc-protobuf-lite-1.17.1.jar:/home/user/.m2/repository/io/grpc/grpc-stub/1.17.1/grpc-stub-1.17.1.jar:/home/user/.m2/repository/org/apache/hadoop/hadoop-ozone-recon/0.5.0-SNAPSHOT/hadoop-ozone-recon-0.5.0-SNAPSHOT.jar:/home/user/.m2/repository/org/apache/hadoop/hadoop-ozone-reconcodegen/0.5.0-SNAPSHOT/hadoop-ozone-reconcodegen-0.5.0-SNAPSHOT.jar:/home/user/.m2/repository/com/google/inject/extensions/guice-multibindings/4.0/guice-multibindings-4.0.jar:/home/user/.m2/repository/com/google/inject/guice/4.0/guice-4.0.jar:/home/user/.m2/repository/aopalliance/aopalliance/1.0/aopalliance-1.0.jar:/home/user/.m2/repository/com/google/inject/extensions/guice-servlet/4.0/guice-servlet-4.0.jar:/home/user/.m2/repository/org/glassfish/jersey/containers/jersey-container-servlet/2.27/jersey-container-servlet-2.27.jar:/home/user/.m2/repository/org/glassfish/hk2/guice-bridge/2.5.0/guice-bridge-2.5.0.jar:/home/user/.m2/repository/org/glassfish/jersey/core/jersey-server/2.27/jersey-server-2.27.jar:/home/user/.m2/repository/org/glassfish/jersey/core/jersey-client/2.27/jersey-client-2.27.jar:/home/user/.m2/repository/org/glassfish/jersey/media/jersey-media-jaxb/2.27/jersey-media-jaxb-2.27.jar:/home/user/.m2/repository/javax/validation/validation-api/1.1.0.Final/validation-api-1.1.0.Final.jar:/home/user/.m2/repository/org/glassfish/jersey/media/jersey-media-json-jackson/2.27/jersey-media-json-jackson-2.27.jar:/home/user/.m2/repository/org/glassfish/jersey/ext/jersey-entity-filtering/2.27/jersey-entity-filtering-2.27.jar:/home/user/.m2/repository/com/google/inject/extensions/guice-assistedinject/4.0/guice-assistedinject-4.0.jar:/home/user/.m2/repository/org/jooq/jooq/3.11.10/jooq-3.11.10.jar:/home/user/.m2/repository/org/jooq/jooq-meta/3.11.10/jooq-meta-3.11.10.jar:/home/user/.m2/repository/org/jooq/jooq-codegen/3.11.10/jooq-codegen-3.11.10.jar:/home/user/.m2/repository/com/jolbox/bonecp/0.8.0.RELEASE/bonecp-0.8.0.RELEASE.jar:/home/user/.m2/repository/org/xerial/sqlite-jdbc/3.25.2/sqlite-jdbc-3.25.2.jar:/home/user/.m2/repository/org/springframework/spring-jdbc/5.1.3.RELEASE/spring-jdbc-5.1.3.RELEASE.jar:/home/user/.m2/repository/org/springframework/spring-beans/5.1.3.RELEASE/spring-beans-5.1.3.RELEASE.jar:/home/user/.m2/repository/org/springframework/spring-core/5.1.3.RELEASE/spring-core-5.1.3.RELEASE.jar:/home/user/.m2/repository/org/springframework/spring-jcl/5.1.3.RELEASE/spring-jcl-5.1.3.RELEASE.jar:/home/user/.m2/repository/org/springframework/spring-tx/5.1.3.RELEASE/spring-tx-5.1.3.RELEASE.jar:/home/user/.m2/repository/org/apache/hadoop/hadoop-ozone-client/0.5.0-SNAPSHOT/hadoop-ozone-client-0.5.0-SNAPSHOT.jar:/home/user/.m2/repository/commons-lang/commons-lang/2.6/commons-lang-2.6.jar:/home/user/.m2/repository/org/apache/hadoop/hadoop-ozone-ozone-manager/0.5.0-SNAPSHOT/hadoop-ozone-ozone-manager-0.5.0-SNAPSHOT-tests.jar:/home/user/.m2/repository/junit/junit/4.11/junit-4.11.jar:/home/user/.m2/repository/org/hamcrest/hamcrest-core/1.3/hamcrest-core-1.3.jar:/home/user/.m2/repository/org/openjdk/jmh/jmh-core/1.19/jmh-core-1.19.jar:/home/user/.m2/repository/net/sf/jopt-simple/jopt-simple/4.6/jopt-simple-4.6.jar:/home/user/.m2/repository/org/apache/commons/commons-math3/3.1.1/commons-math3-3.1.1.jar:/home/user/.m2/repository/org/openjdk/jmh/jmh-generator-annprocess/1.19/jmh-generator-annprocess-1.19.jar:/home/user/.m2/repository/org/mockito/mockito-all/1.8.5/mockito-all-1.8.5.jar:/home/user/.m2/repository/org/apache/hadoop/hadoop-kms/3.2.0/hadoop-kms-3.2.0.jar:/home/user/.m2/repository/org/apache/hadoop/hadoop-auth/3.2.0/hadoop-auth-3.2.0.jar:/home/user/.m2/repository/com/nimbusds/nimbus-jose-jwt/4.41.1/nimbus-jose-jwt-4.41.1.jar:/home/user/.m2/repository/com/github/stephenc/jcip/jcip-annotations/1.0-1/jcip-annotations-1.0-1.jar:/home/user/.m2/repository/net/minidev/json-smart/2.3/json-smart-2.3.jar:/home/user/.m2/repository/net/minidev/accessors-smart/1.2/accessors-smart-1.2.jar:/home/user/.m2/repository/org/ow2/asm/asm/5.0.4/asm-5.0.4.jar:/home/user/.m2/repository/org/apache/curator/curator-framework/2.12.0/curator-framework-2.12.0.jar:/home/user/.m2/repository/com/sun/jersey/jersey-core/1.19/jersey-core-1.19.jar:/home/user/.m2/repository/javax/ws/rs/jsr311-api/1.1.1/jsr311-api-1.1.1.jar:/home/user/.m2/repository/com/sun/jersey/jersey-server/1.19/jersey-server-1.19.jar:/home/user/.m2/repository/javax/servlet/javax.servlet-api/3.1.0/javax.servlet-api-3.1.0.jar:/home/user/.m2/repository/org/eclipse/jetty/jetty-server/9.3.25.v20180904/jetty-server-9.3.25.v20180904.jar:/home/user/.m2/repository/org/eclipse/jetty/jetty-http/9.3.25.v20180904/jetty-http-9.3.25.v20180904.jar:/home/user/.m2/repository/org/eclipse/jetty/jetty-io/9.3.25.v20180904/jetty-io-9.3.25.v20180904.jar:/home/user/.m2/repository/org/eclipse/jetty/jetty-webapp/9.3.25.v20180904/jetty-webapp-9.3.25.v20180904.jar:/home/user/.m2/repository/org/eclipse/jetty/jetty-xml/9.3.25.v20180904/jetty-xml-9.3.25.v20180904.jar:/home/user/.m2/repository/log4j/log4j/1.2.17/log4j-1.2.17.jar:/home/user/.m2/repository/org/slf4j/slf4j-api/1.7.25/slf4j-api-1.7.25.jar:/home/user/.m2/repository/org/slf4j/jul-to-slf4j/1.7.25/jul-to-slf4j-1.7.25.jar:/home/user/.m2/repository/org/eclipse/jetty/jetty-util/9.3.25.v20180904/jetty-util-9.3.25.v20180904.jar:/home/user/.m2/repository/com/fasterxml/jackson/core/jackson-databind/2.9.9/jackson-databind-2.9.9.jar:/home/user/.m2/repository/org/apache/hadoop/hadoop-kms/3.2.0/hadoop-kms-3.2.0-tests.jar:/home/user/.m2/repository/org/apache/hadoop/hadoop-hdds-server-scm/0.5.0-SNAPSHOT/hadoop-hdds-server-scm-0.5.0-SNAPSHOT-tests.jar:/home/user/.m2/repository/org/apache/hadoop/hadoop-hdds-container-service/0.5.0-SNAPSHOT/hadoop-hdds-container-service-0.5.0-SNAPSHOT-tests.jar:/home/user/.m2/repository/org/yaml/snakeyaml/1.16/snakeyaml-1.16.jar:/home/user/.m2/repository/org/apache/hadoop/hadoop-common/3.2.0/hadoop-common-3.2.0-tests.jar:/home/user/.m2/repository/org/apache/hadoop/hadoop-annotations/3.2.0/hadoop-annotations-3.2.0.jar:/usr/lib/jvm/java-1.8.0-openjdk-1.8.0.222.b10-1.el7_7.x86_64/jre/../lib/tools.jar:/home/user/.m2/repository/commons-cli/commons-cli/1.2/commons-cli-1.2.jar:/home/user/.m2/repository/org/apache/httpcomponents/httpclient/4.5.2/httpclient-4.5.2.jar:/home/user/.m2/repository/org/apache/httpcomponents/httpcore/4.4.4/httpcore-4.4.4.jar:/home/user/.m2/repository/commons-codec/commons-codec/1.11/commons-codec-1.11.jar:/home/user/.m2/repository/commons-net/commons-net/3.6/commons-net-3.6.jar:/home/user/.m2/repository/commons-collections/commons-collections/3.2.2/commons-collections-3.2.2.jar:/home/user/.m2/repository/org/eclipse/jetty/jetty-servlet/9.3.25.v20180904/jetty-servlet-9.3.25.v20180904.jar:/home/user/.m2/repository/org/eclipse/jetty/jetty-security/9.3.25.v20180904/jetty-security-9.3.25.v20180904.jar:/home/user/.m2/repository/javax/servlet/jsp/jsp-api/2.1/jsp-api-2.1.jar:/home/user/.m2/repository/com/sun/jersey/jersey-servlet/1.19/jersey-servlet-1.19.jar:/home/user/.m2/repository/com/sun/jersey/jersey-json/1.19/jersey-json-1.19.jar:/home/user/.m2/repository/org/codehaus/jettison/jettison/1.1/jettison-1.1.jar:/home/user/.m2/repository/org/codehaus/jackson/jackson-core-asl/1.9.13/jackson-core-asl-1.9.13.jar:/home/user/.m2/repository/org/codehaus/jackson/jackson-mapper-asl/1.9.13/jackson-mapper-asl-1.9.13.jar:/home/user/.m2/repository/org/codehaus/jackson/jackson-jaxrs/1.9.13/jackson-jaxrs-1.9.13.jar:/home/user/.m2/repository/org/codehaus/jackson/jackson-xc/1.9.13/jackson-xc-1.9.13.jar:/home/user/.m2/repository/commons-logging/commons-logging/1.1.3/commons-logging-1.1.3.jar:/home/user/.m2/repository/commons-beanutils/commons-beanutils/1.9.4/commons-beanutils-1.9.4.jar:/home/user/.m2/repository/org/apache/commons/commons-configuration2/2.1.1/commons-configuration2-2.1.1.jar:/home/user/.m2/repository/org/apache/commons/commons-lang3/3.7/commons-lang3-3.7.jar:/home/user/.m2/repository/org/apache/commons/commons-text/1.4/commons-text-1.4.jar:/home/user/.m2/repository/org/apache/avro/avro/1.7.7/avro-1.7.7.jar:/home/user/.m2/repository/com/thoughtworks/paranamer/paranamer/2.3/paranamer-2.3.jar:/home/user/.m2/repository/org/xerial/snappy/snappy-java/1.0.5/snappy-java-1.0.5.jar:/home/user/.m2/repository/com/google/re2j/re2j/1.1/re2j-1.1.jar:/home/user/.m2/repository/com/google/code/gson/gson/2.2.4/gson-2.2.4.jar:/home/user/.m2/repository/com/jcraft/jsch/0.1.54/jsch-0.1.54.jar:/home/user/.m2/repository/org/apache/curator/curator-client/2.12.0/curator-client-2.12.0.jar:/home/user/.m2/repository/org/apache/curator/curator-recipes/2.12.0/curator-recipes-2.12.0.jar:/home/user/.m2/repository/com/google/code/findbugs/jsr305/3.0.0/jsr305-3.0.0.jar:/home/user/.m2/repository/org/apache/htrace/htrace-core4/4.1.0-incubating/htrace-core4-4.1.0-incubating.jar:/home/user/.m2/repository/org/apache/zookeeper/zookeeper/3.4.13/zookeeper-3.4.13.jar:/home/user/.m2/repository/jline/jline/0.9.94/jline-0.9.94.jar:/home/user/.m2/repository/org/apache/yetus/audience-annotations/0.5.0/audience-annotations-0.5.0.jar:/home/user/.m2/repository/org/codehaus/woodstox/stax2-api/3.1.4/stax2-api-3.1.4.jar:/home/user/.m2/repository/com/fasterxml/woodstox/woodstox-core/5.0.3/woodstox-core-5.0.3.jar:/home/user/.m2/repository/dnsjava/dnsjava/2.1.7/dnsjava-2.1.7.jar:/home/user/.m2/repository/org/apache/hadoop/hadoop-hdfs/3.2.0/hadoop-hdfs-3.2.0-tests.jar:/home/user/.m2/repository/org/eclipse/jetty/jetty-util-ajax/9.3.25.v20180904/jetty-util-ajax-9.3.25.v20180904.jar:/home/user/.m2/repository/commons-daemon/commons-daemon/1.0.13/commons-daemon-1.0.13.jar:/home/user/.m2/repository/io/netty/netty/3.10.5.Final/netty-3.10.5.Final.jar:/home/user/.m2/repository/io/netty/netty-all/4.0.52.Final/netty-all-4.0.52.Final.jar:/home/user/.m2/repository/org/fusesource/leveldbjni/leveldbjni-all/1.8/leveldbjni-all-1.8.jar:"/>
    <property name="sun.cpu.endian" value="little"/>
    <property name="user.home" value="/home/user"/>
    <property name="user.language" value="en"/>
    <property name="java.specification.vendor" value="Oracle Corporation"/>
    <property name="java.home" value="/usr/lib/jvm/java-1.8.0-openjdk-1.8.0.222.b10-1.el7_7.x86_64/jre"/>
    <property name="surefire.excludesFile" value="/tools/ozone-bad-unit-tests"/>
    <property name="java.security.krb5.conf" value="/workdir/hadoop-ozone/integration-test/target/test-classes/krb5.conf"/>
    <property name="basedir" value="/workdir/hadoop-ozone/integration-test"/>
    <property name="file.separator" value="/"/>
    <property name="line.separator" value="&#10;"/>
    <property name="java.vm.specification.vendor" value="Oracle Corporation"/>
    <property name="java.specification.name" value="Java Platform API Specification"/>
    <property name="java.awt.graphicsenv" value="sun.awt.X11GraphicsEnvironment"/>
    <property name="surefire.real.class.path" value="/workdir/hadoop-ozone/integration-test/target/surefire/surefirebooter8916668732051050602.jar"/>
    <property name="hadoop.log.dir" value="/workdir/hadoop-ozone/integration-test/target/log"/>
    <property name="sun.boot.class.path" value="/usr/lib/jvm/java-1.8.0-openjdk-1.8.0.222.b10-1.el7_7.x86_64/jre/lib/resources.jar:/usr/lib/jvm/java-1.8.0-openjdk-1.8.0.222.b10-1.el7_7.x86_64/jre/lib/rt.jar:/usr/lib/jvm/java-1.8.0-openjdk-1.8.0.222.b10-1.el7_7.x86_64/jre/lib/sunrsasign.jar:/usr/lib/jvm/java-1.8.0-openjdk-1.8.0.222.b10-1.el7_7.x86_64/jre/lib/jsse.jar:/usr/lib/jvm/java-1.8.0-openjdk-1.8.0.222.b10-1.el7_7.x86_64/jre/lib/jce.jar:/usr/lib/jvm/java-1.8.0-openjdk-1.8.0.222.b10-1.el7_7.x86_64/jre/lib/charsets.jar:/usr/lib/jvm/java-1.8.0-openjdk-1.8.0.222.b10-1.el7_7.x86_64/jre/lib/jfr.jar:/usr/lib/jvm/java-1.8.0-openjdk-1.8.0.222.b10-1.el7_7.x86_64/jre/classes"/>
    <property name="sun.management.compiler" value="HotSpot 64-Bit Tiered Compilers"/>
    <property name="java.runtime.version" value="1.8.0_222-b10"/>
    <property name="java.net.preferIPv4Stack" value="true"/>
    <property name="user.name" value="jenkins1000"/>
    <property name="path.separator" value=":"/>
    <property name="java.security.egd" value="file:///dev/urandom"/>
    <property name="os.version" value="3.10.0-957.12.2.el7.x86_64"/>
    <property name="java.endorsed.dirs" value="/usr/lib/jvm/java-1.8.0-openjdk-1.8.0.222.b10-1.el7_7.x86_64/jre/lib/endorsed"/>
    <property name="java.runtime.name" value="OpenJDK Runtime Environment"/>
    <property name="file.encoding" value="ANSI_X3.4-1968"/>
    <property name="java.vm.name" value="OpenJDK 64-Bit Server VM"/>
    <property name="test.build.webapps" value=""/>
    <property name="localRepository" value="/home/user/.m2/repository"/>
    <property name="java.vendor.url.bug" value="http://bugreport.sun.com/bugreport/"/>
    <property name="java.io.tmpdir" value="/tmp"/>
    <property name="require.test.libhadoop" value=""/>
    <property name="java.version" value="1.8.0_222"/>
    <property name="user.dir" value="/workdir/hadoop-ozone/integration-test"/>
    <property name="os.arch" value="amd64"/>
    <property name="java.vm.specification.name" value="Java Virtual Machine Specification"/>
    <property name="test.build.classes" value="/workdir/hadoop-ozone/integration-test/target/test-classes"/>
    <property name="java.awt.printerjob" value="sun.print.PSPrinterJob"/>
    <property name="sun.os.patch.level" value="unknown"/>
    <property name="hadoop.tmp.dir" value="/workdir/hadoop-ozone/integration-test/target/tmp"/>
    <property name="java.library.path" value="/usr/lib:/workdir/hadoop-ozone/integration-test/target/native/target/usr/local/lib:/workdir/hadoop-ozone/integration-test/../../hadoop-common-project/hadoop-common/target/native/target/usr/local/lib:/usr/java/packages/lib/amd64:/usr/lib64:/lib64:/lib:/usr/lib"/>
    <property name="java.vm.info" value="mixed mode"/>
    <property name="java.vendor" value="Oracle Corporation"/>
    <property name="java.vm.version" value="25.222-b10"/>
    <property name="java.ext.dirs" value="/usr/lib/jvm/java-1.8.0-openjdk-1.8.0.222.b10-1.el7_7.x86_64/jre/lib/ext:/usr/java/packages/lib/ext"/>
    <property name="sun.io.unicode.encoding" value="UnicodeLittle"/>
    <property name="java.class.version" value="52.0"/>
  </properties>
  <testcase name="testPipelineExclusionWithPipelineFailure" classname="org.apache.hadoop.ozone.client.rpc.TestFailureHandlingByClient" time="79.424"/>
  <testcase name="testContainerExclusionWithClosedContainerException" classname="org.apache.hadoop.ozone.client.rpc.TestFailureHandlingByClient" time="43.807">
    <failure type="java.lang.AssertionError">java.lang.AssertionError
	at org.junit.Assert.fail(Assert.java:86)
	at org.junit.Assert.assertTrue(Assert.java:41)
	at org.junit.Assert.assertTrue(Assert.java:52)
	at org.apache.hadoop.ozone.client.rpc.TestFailureHandlingByClient.testContainerExclusionWithClosedContainerException(TestFailureHandlingByClient.java:260)
	at sun.reflect.NativeMethodAccessorImpl.invoke0(Native Method)
	at sun.reflect.NativeMethodAccessorImpl.invoke(NativeMethodAccessorImpl.java:62)
	at sun.reflect.DelegatingMethodAccessorImpl.invoke(DelegatingMethodAccessorImpl.java:43)
	at java.lang.reflect.Method.invoke(Method.java:498)
	at org.junit.runners.model.FrameworkMethod$1.runReflectiveCall(FrameworkMethod.java:47)
	at org.junit.internal.runners.model.ReflectiveCallable.run(ReflectiveCallable.java:12)
	at org.junit.runners.model.FrameworkMethod.invokeExplosively(FrameworkMethod.java:44)
	at org.junit.internal.runners.statements.InvokeMethod.evaluate(InvokeMethod.java:17)
	at org.junit.internal.runners.statements.RunAfters.evaluate(RunAfters.java:27)
	at org.junit.runners.ParentRunner.runLeaf(ParentRunner.java:271)
	at org.junit.runners.BlockJUnit4ClassRunner.runChild(BlockJUnit4ClassRunner.java:70)
	at org.junit.runners.BlockJUnit4ClassRunner.runChild(BlockJUnit4ClassRunner.java:50)
	at org.junit.runners.ParentRunner$3.run(ParentRunner.java:238)
	at org.junit.runners.ParentRunner$1.schedule(ParentRunner.java:63)
	at org.junit.runners.ParentRunner.runChildren(ParentRunner.java:236)
	at org.junit.runners.ParentRunner.access$000(ParentRunner.java:53)
	at org.junit.runners.ParentRunner$2.evaluate(ParentRunner.java:229)
	at org.junit.runners.ParentRunner.run(ParentRunner.java:309)
	at org.apache.maven.surefire.junit4.JUnit4Provider.execute(JUnit4Provider.java:365)
	at org.apache.maven.surefire.junit4.JUnit4Provider.executeWithRerun(JUnit4Provider.java:273)
	at org.apache.maven.surefire.junit4.JUnit4Provider.executeTestSet(JUnit4Provider.java:238)
	at org.apache.maven.surefire.junit4.JUnit4Provider.invoke(JUnit4Provider.java:159)
	at org.apache.maven.surefire.booter.ForkedBooter.invokeProviderInSameClassLoader(ForkedBooter.java:384)
	at org.apache.maven.surefire.booter.ForkedBooter.runSuitesInProcess(ForkedBooter.java:345)
	at org.apache.maven.surefire.booter.ForkedBooter.execute(ForkedBooter.java:126)
	at org.apache.maven.surefire.booter.ForkedBooter.main(ForkedBooter.java:418)
</failure>
    <system-out><![CDATA[2019-10-25 11:07:31,450 [main] WARN  server.ServerUtils (ServerUtils.java:getScmDbDir(145)) - ozone.scm.db.dirs is not configured. We recommend adding this setting. Falling back to ozone.metadata.dirs instead.
2019-10-25 11:07:31,466 [main] WARN  server.ServerUtils (ServerUtils.java:getScmDbDir(145)) - ozone.scm.db.dirs is not configured. We recommend adding this setting. Falling back to ozone.metadata.dirs instead.
2019-10-25 11:07:31,466 [main] WARN  server.ServerUtils (ServerUtils.java:getScmDbDir(145)) - ozone.scm.db.dirs is not configured. We recommend adding this setting. Falling back to ozone.metadata.dirs instead.
2019-10-25 11:07:31,467 [main] INFO  db.DBStoreBuilder (DBStoreBuilder.java:addTable(117)) - using custom profile for table: deletedBlocks
2019-10-25 11:07:31,467 [main] INFO  db.DBStoreBuilder (DBStoreBuilder.java:processTables(168)) - Using default column profile:DBProfile.DISK for Table:deletedBlocks
2019-10-25 11:07:31,467 [main] INFO  db.DBStoreBuilder (DBStoreBuilder.java:addTable(117)) - using custom profile for table: validCerts
2019-10-25 11:07:31,467 [main] INFO  db.DBStoreBuilder (DBStoreBuilder.java:processTables(168)) - Using default column profile:DBProfile.DISK for Table:validCerts
2019-10-25 11:07:31,467 [main] INFO  db.DBStoreBuilder (DBStoreBuilder.java:addTable(117)) - using custom profile for table: revokedCerts
2019-10-25 11:07:31,468 [main] INFO  db.DBStoreBuilder (DBStoreBuilder.java:processTables(168)) - Using default column profile:DBProfile.DISK for Table:revokedCerts
2019-10-25 11:07:31,468 [main] INFO  db.DBStoreBuilder (DBStoreBuilder.java:addTable(117)) - using custom profile for table: default
2019-10-25 11:07:31,468 [main] INFO  db.DBStoreBuilder (DBStoreBuilder.java:processTables(174)) - Using default column profile:DBProfile.DISK for Table:default
2019-10-25 11:07:31,468 [main] INFO  db.DBStoreBuilder (DBStoreBuilder.java:getDbProfile(205)) - Using default options. DBProfile.DISK
2019-10-25 11:07:31,607 [main] INFO  net.NodeSchemaLoader (NodeSchemaLoader.java:loadSchemaFromFile(125)) - Loading file from sun.misc.CompoundEnumeration@27df95e
2019-10-25 11:07:31,607 [main] INFO  net.NodeSchemaLoader (NodeSchemaLoader.java:loadSchema(171)) - Loading network topology layer schema file
2019-10-25 11:07:31,612 [main] INFO  node.SCMNodeManager (SCMNodeManager.java:<init>(116)) - Entering startup safe mode.
2019-10-25 11:07:31,614 [main] INFO  algorithms.ContainerPlacementPolicyFactory (ContainerPlacementPolicyFactory.java:getPolicy(57)) - Create container placement policy of type org.apache.hadoop.hdds.scm.container.placement.algorithms.SCMContainerPlacementRandom
2019-10-25 11:07:31,614 [main] WARN  server.ServerUtils (ServerUtils.java:getScmDbDir(145)) - ozone.scm.db.dirs is not configured. We recommend adding this setting. Falling back to ozone.metadata.dirs instead.
2019-10-25 11:07:31,647 [main] INFO  pipeline.SCMPipelineManager (SCMPipelineManager.java:initializePipelineState(132)) - No pipeline exists in current db
2019-10-25 11:07:31,647 [main] WARN  server.ServerUtils (ServerUtils.java:getScmDbDir(145)) - ozone.scm.db.dirs is not configured. We recommend adding this setting. Falling back to ozone.metadata.dirs instead.
2019-10-25 11:07:31,691 [main] WARN  events.EventQueue (EventQueue.java:fireEvent(183)) - No event handler registered for event TypedEvent{payloadType=SafeModeStatus, name='SafeModeStatus'}
2019-10-25 11:07:31,692 [main] INFO  ipc.CallQueueManager (CallQueueManager.java:<init>(84)) - Using callQueue: class java.util.concurrent.LinkedBlockingQueue, queueCapacity: 2000, scheduler: class org.apache.hadoop.ipc.DefaultRpcScheduler, ipcBackoff: false.
2019-10-25 11:07:31,693 [Socket Reader #1 for port 45850] INFO  ipc.Server (Server.java:run(1074)) - Starting Socket Reader #1 for port 45850
2019-10-25 11:07:31,695 [main] INFO  ipc.CallQueueManager (CallQueueManager.java:<init>(84)) - Using callQueue: class java.util.concurrent.LinkedBlockingQueue, queueCapacity: 2000, scheduler: class org.apache.hadoop.ipc.DefaultRpcScheduler, ipcBackoff: false.
2019-10-25 11:07:31,696 [Socket Reader #1 for port 37651] INFO  ipc.Server (Server.java:run(1074)) - Starting Socket Reader #1 for port 37651
2019-10-25 11:07:31,698 [main] INFO  ipc.CallQueueManager (CallQueueManager.java:<init>(84)) - Using callQueue: class java.util.concurrent.LinkedBlockingQueue, queueCapacity: 2000, scheduler: class org.apache.hadoop.ipc.DefaultRpcScheduler, ipcBackoff: false.
2019-10-25 11:07:31,698 [Socket Reader #1 for port 36911] INFO  ipc.Server (Server.java:run(1074)) - Starting Socket Reader #1 for port 36911
2019-10-25 11:07:31,702 [main] INFO  hdfs.DFSUtil (DFSUtil.java:httpServerTemplateForNNAndJN(1641)) - Starting Web-server for scm at: http://0.0.0.0:0
2019-10-25 11:07:31,705 [main] INFO  server.AuthenticationFilter (AuthenticationFilter.java:constructSecretProvider(240)) - Unable to initialize FileSignerSecretProvider, falling back to use random secrets.
2019-10-25 11:07:31,706 [main] WARN  http.HttpRequestLog (HttpRequestLog.java:getRequestLog(97)) - Jetty request log can only be enabled using Log4j
2019-10-25 11:07:31,708 [main] INFO  http.HttpServer2 (HttpServer2.java:addGlobalFilter(975)) - Added global filter 'safety' (class=org.apache.hadoop.http.HttpServer2$QuotingInputFilter)
2019-10-25 11:07:31,709 [main] INFO  http.HttpServer2 (HttpServer2.java:addFilter(948)) - Added filter static_user_filter (class=org.apache.hadoop.http.lib.StaticUserWebFilter$StaticUserFilter) to context scm
2019-10-25 11:07:31,709 [main] INFO  http.HttpServer2 (HttpServer2.java:addFilter(958)) - Added filter static_user_filter (class=org.apache.hadoop.http.lib.StaticUserWebFilter$StaticUserFilter) to context static
2019-10-25 11:07:31,710 [main] INFO  http.HttpServer2 (HttpServer2.java:addFilter(958)) - Added filter static_user_filter (class=org.apache.hadoop.http.lib.StaticUserWebFilter$StaticUserFilter) to context logs
2019-10-25 11:07:31,713 [main] INFO  server.StorageContainerManager (StorageContainerManager.java:start(772)) - StorageContainerLocationProtocol RPC server is listening at /0.0.0.0:36911
2019-10-25 11:07:31,715 [main] WARN  impl.MetricsConfig (MetricsConfig.java:loadFirst(134)) - Cannot locate configuration: tried hadoop-metrics2-storagecontainermanager.properties,hadoop-metrics2.properties
2019-10-25 11:07:31,717 [main] INFO  impl.MetricsSystemImpl (MetricsSystemImpl.java:startTimer(374)) - Scheduled Metric snapshot period at 10 second(s).
2019-10-25 11:07:31,717 [main] INFO  impl.MetricsSystemImpl (MetricsSystemImpl.java:start(191)) - StorageContainerManager metrics system started
2019-10-25 11:07:31,781 [main] WARN  impl.MetricsSystemImpl (MetricsSystemImpl.java:register(276)) - Sink prometheus already exists!
2019-10-25 11:07:31,790 [main] INFO  server.SCMClientProtocolServer (SCMClientProtocolServer.java:start(159)) - RPC server for Client  is listening at /0.0.0.0:36911
2019-10-25 11:07:31,791 [IPC Server Responder] INFO  ipc.Server (Server.java:run(1314)) - IPC Server Responder: starting
2019-10-25 11:07:31,791 [IPC Server listener on 36911] INFO  ipc.Server (Server.java:run(1153)) - IPC Server listener on 36911: starting
2019-10-25 11:07:31,795 [main] INFO  server.StorageContainerManager (StorageContainerManager.java:start(782)) - ScmBlockLocationProtocol RPC server is listening at /0.0.0.0:37651
2019-10-25 11:07:31,796 [main] INFO  server.SCMBlockProtocolServer (SCMBlockProtocolServer.java:start(146)) - RPC server for Block Protocol is listening at /0.0.0.0:37651
2019-10-25 11:07:31,796 [IPC Server Responder] INFO  ipc.Server (Server.java:run(1314)) - IPC Server Responder: starting
2019-10-25 11:07:31,796 [IPC Server listener on 37651] INFO  ipc.Server (Server.java:run(1153)) - IPC Server listener on 37651: starting
2019-10-25 11:07:31,800 [main] INFO  server.StorageContainerManager (StorageContainerManager.java:start(786)) - ScmDatanodeProtocl RPC server is listening at /0.0.0.0:45850
2019-10-25 11:07:31,800 [main] INFO  server.SCMDatanodeProtocolServer (SCMDatanodeProtocolServer.java:start(169)) - RPC server for DataNodes is listening at /0.0.0.0:45850
2019-10-25 11:07:31,800 [IPC Server Responder] INFO  ipc.Server (Server.java:run(1314)) - IPC Server Responder: starting
2019-10-25 11:07:31,800 [IPC Server listener on 45850] INFO  ipc.Server (Server.java:run(1153)) - IPC Server listener on 45850: starting
2019-10-25 11:07:31,805 [main] INFO  http.HttpServer2 (HttpServer2.java:bindListener(1191)) - Jetty bound to port 36119
2019-10-25 11:07:31,805 [main] INFO  server.Server (Server.java:doStart(351)) - jetty-9.3.25.v20180904, build timestamp: 2018-09-04T21:11:46Z, git hash: 3ce520221d0240229c862b122d2b06c12a625732
2019-10-25 11:07:31,807 [main] INFO  handler.ContextHandler (ContextHandler.java:doStart(781)) - Started o.e.j.s.ServletContextHandler@4a8a0099{/logs,file:///workdir/hadoop-ozone/integration-test/target/log,AVAILABLE}
2019-10-25 11:07:31,807 [main] INFO  handler.ContextHandler (ContextHandler.java:doStart(781)) - Started o.e.j.s.ServletContextHandler@49e4c2d5{/static,file:///workdir/hadoop-ozone/integration-test/target/test-classes/webapps/static,AVAILABLE}
2019-10-25 11:07:31,811 [main] INFO  handler.ContextHandler (ContextHandler.java:doStart(781)) - Started o.e.j.w.WebAppContext@33a55bd8{/,file:///workdir/hadoop-ozone/integration-test/target/test-classes/webapps/scm/,AVAILABLE}{/scm}
2019-10-25 11:07:31,812 [main] INFO  server.AbstractConnector (AbstractConnector.java:doStart(278)) - Started ServerConnector@73a8e994{HTTP/1.1,[http/1.1]}{0.0.0.0:36119}
2019-10-25 11:07:31,812 [main] INFO  server.Server (Server.java:doStart(419)) - Started @80192ms
2019-10-25 11:07:31,813 [main] WARN  impl.MetricsSystemImpl (MetricsSystemImpl.java:register(276)) - Sink prometheus already exists!
2019-10-25 11:07:31,815 [main] INFO  server.BaseHttpServer (BaseHttpServer.java:updateConnectorAddress(215)) - HTTP server of SCM is listening at http://0.0.0.0:36119
2019-10-25 11:07:31,815 [main] WARN  server.ServerUtils (ServerUtils.java:getDBPath(222)) - ozone.om.db.dirs is not configured. We recommend adding this setting. Falling back to ozone.metadata.dirs instead.
2019-10-25 11:07:31,816 [org.apache.hadoop.util.JvmPauseMonitor$Monitor@5b5ac798] INFO  util.JvmPauseMonitor (JvmPauseMonitor.java:run(188)) - Starting JVM pause monitor
2019-10-25 11:07:31,828 [main] INFO  ha.OMHANodeDetails (OMHANodeDetails.java:loadOMHAConfig(190)) - Configuration either no ozone.om.address set. Falling back to the default OM address /127.0.0.1:0
2019-10-25 11:07:31,828 [main] INFO  ha.OMHANodeDetails (OMHANodeDetails.java:getOMNodeDetails(220)) - OM Service ID is not set. Setting it to the default ID: omServiceIdDefault
2019-10-25 11:07:31,829 [main] WARN  server.ServerUtils (ServerUtils.java:getDBPath(222)) - ozone.om.db.dirs is not configured. We recommend adding this setting. Falling back to ozone.metadata.dirs instead.
2019-10-25 11:07:31,829 [main] WARN  server.ServerUtils (ServerUtils.java:getDBPath(222)) - ozone.om.db.dirs is not configured. We recommend adding this setting. Falling back to ozone.metadata.dirs instead.
2019-10-25 11:07:31,836 [main] WARN  server.ServerUtils (ServerUtils.java:getDBPath(222)) - ozone.om.db.dirs is not configured. We recommend adding this setting. Falling back to ozone.metadata.dirs instead.
2019-10-25 11:07:31,836 [main] INFO  db.DBStoreBuilder (DBStoreBuilder.java:addTable(117)) - using custom profile for table: userTable
2019-10-25 11:07:31,836 [main] INFO  db.DBStoreBuilder (DBStoreBuilder.java:processTables(168)) - Using default column profile:DBProfile.DISK for Table:userTable
2019-10-25 11:07:31,837 [main] INFO  db.DBStoreBuilder (DBStoreBuilder.java:addTable(117)) - using custom profile for table: volumeTable
2019-10-25 11:07:31,837 [main] INFO  db.DBStoreBuilder (DBStoreBuilder.java:processTables(168)) - Using default column profile:DBProfile.DISK for Table:volumeTable
2019-10-25 11:07:31,837 [main] INFO  db.DBStoreBuilder (DBStoreBuilder.java:addTable(117)) - using custom profile for table: bucketTable
2019-10-25 11:07:31,837 [main] INFO  db.DBStoreBuilder (DBStoreBuilder.java:processTables(168)) - Using default column profile:DBProfile.DISK for Table:bucketTable
2019-10-25 11:07:31,837 [main] INFO  db.DBStoreBuilder (DBStoreBuilder.java:addTable(117)) - using custom profile for table: keyTable
2019-10-25 11:07:31,837 [main] INFO  db.DBStoreBuilder (DBStoreBuilder.java:processTables(168)) - Using default column profile:DBProfile.DISK for Table:keyTable
2019-10-25 11:07:31,837 [main] INFO  db.DBStoreBuilder (DBStoreBuilder.java:addTable(117)) - using custom profile for table: deletedTable
2019-10-25 11:07:31,838 [main] INFO  db.DBStoreBuilder (DBStoreBuilder.java:processTables(168)) - Using default column profile:DBProfile.DISK for Table:deletedTable
2019-10-25 11:07:31,838 [main] INFO  db.DBStoreBuilder (DBStoreBuilder.java:addTable(117)) - using custom profile for table: openKeyTable
2019-10-25 11:07:31,838 [main] INFO  db.DBStoreBuilder (DBStoreBuilder.java:processTables(168)) - Using default column profile:DBProfile.DISK for Table:openKeyTable
2019-10-25 11:07:31,838 [main] INFO  db.DBStoreBuilder (DBStoreBuilder.java:addTable(117)) - using custom profile for table: s3Table
2019-10-25 11:07:31,838 [main] INFO  db.DBStoreBuilder (DBStoreBuilder.java:processTables(168)) - Using default column profile:DBProfile.DISK for Table:s3Table
2019-10-25 11:07:31,838 [main] INFO  db.DBStoreBuilder (DBStoreBuilder.java:addTable(117)) - using custom profile for table: multipartInfoTable
2019-10-25 11:07:31,838 [main] INFO  db.DBStoreBuilder (DBStoreBuilder.java:processTables(168)) - Using default column profile:DBProfile.DISK for Table:multipartInfoTable
2019-10-25 11:07:31,838 [main] INFO  db.DBStoreBuilder (DBStoreBuilder.java:addTable(117)) - using custom profile for table: dTokenTable
2019-10-25 11:07:31,839 [main] INFO  db.DBStoreBuilder (DBStoreBuilder.java:processTables(168)) - Using default column profile:DBProfile.DISK for Table:dTokenTable
2019-10-25 11:07:31,839 [main] INFO  db.DBStoreBuilder (DBStoreBuilder.java:addTable(117)) - using custom profile for table: s3SecretTable
2019-10-25 11:07:31,839 [main] INFO  db.DBStoreBuilder (DBStoreBuilder.java:processTables(168)) - Using default column profile:DBProfile.DISK for Table:s3SecretTable
2019-10-25 11:07:31,839 [main] INFO  db.DBStoreBuilder (DBStoreBuilder.java:addTable(117)) - using custom profile for table: prefixTable
2019-10-25 11:07:31,839 [main] INFO  db.DBStoreBuilder (DBStoreBuilder.java:processTables(168)) - Using default column profile:DBProfile.DISK for Table:prefixTable
2019-10-25 11:07:31,839 [main] INFO  db.DBStoreBuilder (DBStoreBuilder.java:addTable(117)) - using custom profile for table: default
2019-10-25 11:07:31,839 [main] INFO  db.DBStoreBuilder (DBStoreBuilder.java:processTables(174)) - Using default column profile:DBProfile.DISK for Table:default
2019-10-25 11:07:31,839 [main] INFO  db.DBStoreBuilder (DBStoreBuilder.java:getDbProfile(205)) - Using default options. DBProfile.DISK
2019-10-25 11:07:32,070 [main] INFO  ipc.CallQueueManager (CallQueueManager.java:<init>(84)) - Using callQueue: class java.util.concurrent.LinkedBlockingQueue, queueCapacity: 2000, scheduler: class org.apache.hadoop.ipc.DefaultRpcScheduler, ipcBackoff: false.
2019-10-25 11:07:32,071 [Socket Reader #1 for port 44161] INFO  ipc.Server (Server.java:run(1074)) - Starting Socket Reader #1 for port 44161
2019-10-25 11:07:32,088 [main] INFO  om.OzoneManager (OzoneManager.java:start(1074)) - OzoneManager RPC server is listening at localhost/127.0.0.1:44161
2019-10-25 11:07:32,088 [main] INFO  impl.MetricsSystemImpl (MetricsSystemImpl.java:init(158)) - OzoneManager metrics system started (again)
2019-10-25 11:07:32,089 [IPC Server Responder] INFO  ipc.Server (Server.java:run(1314)) - IPC Server Responder: starting
2019-10-25 11:07:32,090 [IPC Server listener on 44161] INFO  ipc.Server (Server.java:run(1153)) - IPC Server listener on 44161: starting
2019-10-25 11:07:32,094 [main] INFO  hdfs.DFSUtil (DFSUtil.java:httpServerTemplateForNNAndJN(1641)) - Starting Web-server for ozoneManager at: http://0.0.0.0:0
2019-10-25 11:07:32,096 [main] INFO  server.AuthenticationFilter (AuthenticationFilter.java:constructSecretProvider(240)) - Unable to initialize FileSignerSecretProvider, falling back to use random secrets.
2019-10-25 11:07:32,096 [main] WARN  http.HttpRequestLog (HttpRequestLog.java:getRequestLog(97)) - Jetty request log can only be enabled using Log4j
2019-10-25 11:07:32,098 [main] INFO  http.HttpServer2 (HttpServer2.java:addGlobalFilter(975)) - Added global filter 'safety' (class=org.apache.hadoop.http.HttpServer2$QuotingInputFilter)
2019-10-25 11:07:32,099 [main] INFO  http.HttpServer2 (HttpServer2.java:addFilter(948)) - Added filter static_user_filter (class=org.apache.hadoop.http.lib.StaticUserWebFilter$StaticUserFilter) to context ozoneManager
2019-10-25 11:07:32,099 [main] INFO  http.HttpServer2 (HttpServer2.java:addFilter(958)) - Added filter static_user_filter (class=org.apache.hadoop.http.lib.StaticUserWebFilter$StaticUserFilter) to context logs
2019-10-25 11:07:32,099 [main] INFO  http.HttpServer2 (HttpServer2.java:addFilter(958)) - Added filter static_user_filter (class=org.apache.hadoop.http.lib.StaticUserWebFilter$StaticUserFilter) to context static
2019-10-25 11:07:32,100 [main] INFO  http.HttpServer2 (HttpServer2.java:bindListener(1191)) - Jetty bound to port 36241
2019-10-25 11:07:32,100 [main] INFO  server.Server (Server.java:doStart(351)) - jetty-9.3.25.v20180904, build timestamp: 2018-09-04T21:11:46Z, git hash: 3ce520221d0240229c862b122d2b06c12a625732
2019-10-25 11:07:32,102 [main] INFO  handler.ContextHandler (ContextHandler.java:doStart(781)) - Started o.e.j.s.ServletContextHandler@12a2585b{/logs,file:///workdir/hadoop-ozone/integration-test/target/log,AVAILABLE}
2019-10-25 11:07:32,102 [main] INFO  handler.ContextHandler (ContextHandler.java:doStart(781)) - Started o.e.j.s.ServletContextHandler@309cedb6{/static,file:///workdir/hadoop-ozone/integration-test/target/test-classes/webapps/static,AVAILABLE}
2019-10-25 11:07:32,107 [main] INFO  handler.ContextHandler (ContextHandler.java:doStart(781)) - Started o.e.j.w.WebAppContext@2dd8ff1d{/,file:///workdir/hadoop-ozone/integration-test/target/test-classes/webapps/ozoneManager/,AVAILABLE}{/ozoneManager}
2019-10-25 11:07:32,108 [main] INFO  server.AbstractConnector (AbstractConnector.java:doStart(278)) - Started ServerConnector@17e9bc9e{HTTP/1.1,[http/1.1]}{0.0.0.0:36241}
2019-10-25 11:07:32,108 [main] INFO  server.Server (Server.java:doStart(419)) - Started @80488ms
2019-10-25 11:07:32,108 [main] WARN  impl.MetricsSystemImpl (MetricsSystemImpl.java:register(276)) - Sink prometheus already exists!
2019-10-25 11:07:32,109 [main] INFO  server.BaseHttpServer (BaseHttpServer.java:updateConnectorAddress(215)) - HTTP server of OZONEMANAGER is listening at http://0.0.0.0:36241
2019-10-25 11:07:32,142 [main] INFO  impl.MetricsSystemImpl (MetricsSystemImpl.java:init(158)) - HddsDatanode metrics system started (again)
2019-10-25 11:07:32,145 [main] INFO  ozone.HddsDatanodeService (HddsDatanodeService.java:start(184)) - HddsDatanodeService host:pr-hdds-2359-lls5b-3453883328 ip:192.168.157.233
2019-10-25 11:07:32,152 [main] INFO  volume.HddsVolume (HddsVolume.java:<init>(176)) - Creating Volume: /workdir/hadoop-ozone/integration-test/target/test-dir/MiniOzoneClusterImpl-0a85d326-9d58-4237-89dd-96557ce3dac1/datanode-0/data/containers/hdds of  storage type : DISK and capacity : 1482555576320
2019-10-25 11:07:32,153 [main] INFO  volume.VolumeSet (VolumeSet.java:initializeVolumeSet(170)) - Added Volume : /workdir/hadoop-ozone/integration-test/target/test-dir/MiniOzoneClusterImpl-0a85d326-9d58-4237-89dd-96557ce3dac1/datanode-0/data/containers/hdds to VolumeSet
2019-10-25 11:07:32,153 [main] INFO  volume.ThrottledAsyncChecker (ThrottledAsyncChecker.java:schedule(141)) - Scheduling a check for /workdir/hadoop-ozone/integration-test/target/test-dir/MiniOzoneClusterImpl-0a85d326-9d58-4237-89dd-96557ce3dac1/datanode-0/data/containers/hdds
2019-10-25 11:07:32,154 [main] INFO  volume.HddsVolumeChecker (HddsVolumeChecker.java:checkAllVolumes(204)) - Scheduled health check for volume /workdir/hadoop-ozone/integration-test/target/test-dir/MiniOzoneClusterImpl-0a85d326-9d58-4237-89dd-96557ce3dac1/datanode-0/data/containers/hdds
2019-10-25 11:07:32,170 [main] INFO  impl.RaftServerProxy (ConfUtils.java:logGet(43)) - raft.rpc.type = GRPC (default)
2019-10-25 11:07:32,170 [main] INFO  grpc.GrpcFactory (GrpcFactory.java:checkPooledByteBufAllocatorUseCacheForAllThreads(45)) - PERFORMANCE WARNING: useCacheForAllThreads is true that may cause Netty to create a lot garbage objects and, as a result, trigger GC.
	It is recommended to disable useCacheForAllThreads by setting -Dorg.apache.ratis.thirdparty.io.netty.allocator.useCacheForAllThreads=false in command line.
2019-10-25 11:07:32,170 [main] INFO  grpc.GrpcConfigKeys$Server (ConfUtils.java:logGet(43)) - raft.grpc.server.port = 0 (default)
2019-10-25 11:07:32,171 [main] INFO  server.GrpcService (ConfUtils.java:logGet(43)) - raft.grpc.message.size.max = 33570816 (custom)
2019-10-25 11:07:32,171 [main] INFO  server.RaftServerConfigKeys (ConfUtils.java:logGet(43)) - raft.server.log.appender.buffer.byte-limit = 33554432 (custom)
2019-10-25 11:07:32,171 [main] INFO  server.GrpcService (ConfUtils.java:logGet(43)) - raft.grpc.flow.control.window = 1MB (=1048576) (default)
2019-10-25 11:07:32,171 [main] INFO  server.RaftServerConfigKeys (ConfUtils.java:logGet(43)) - raft.server.rpc.request.timeout = 3000ms (default)
2019-10-25 11:07:32,172 [main] INFO  server.RaftServerConfigKeys (ConfUtils.java:logGet(43)) - raft.server.storage.dir = [/workdir/hadoop-ozone/integration-test/target/test-dir/MiniOzoneClusterImpl-0a85d326-9d58-4237-89dd-96557ce3dac1/datanode-0/data/ratis] (custom)
2019-10-25 11:07:32,174 [main] INFO  hdfs.DFSUtil (DFSUtil.java:httpServerTemplateForNNAndJN(1641)) - Starting Web-server for hddsDatanode at: http://0.0.0.0:0
2019-10-25 11:07:32,176 [main] INFO  server.AuthenticationFilter (AuthenticationFilter.java:constructSecretProvider(240)) - Unable to initialize FileSignerSecretProvider, falling back to use random secrets.
2019-10-25 11:07:32,176 [main] WARN  http.HttpRequestLog (HttpRequestLog.java:getRequestLog(97)) - Jetty request log can only be enabled using Log4j
2019-10-25 11:07:32,178 [main] INFO  http.HttpServer2 (HttpServer2.java:addGlobalFilter(975)) - Added global filter 'safety' (class=org.apache.hadoop.http.HttpServer2$QuotingInputFilter)
2019-10-25 11:07:32,178 [main] INFO  http.HttpServer2 (HttpServer2.java:addFilter(948)) - Added filter static_user_filter (class=org.apache.hadoop.http.lib.StaticUserWebFilter$StaticUserFilter) to context hddsDatanode
2019-10-25 11:07:32,179 [main] INFO  http.HttpServer2 (HttpServer2.java:addFilter(958)) - Added filter static_user_filter (class=org.apache.hadoop.http.lib.StaticUserWebFilter$StaticUserFilter) to context logs
2019-10-25 11:07:32,179 [main] INFO  http.HttpServer2 (HttpServer2.java:addFilter(958)) - Added filter static_user_filter (class=org.apache.hadoop.http.lib.StaticUserWebFilter$StaticUserFilter) to context static
2019-10-25 11:07:32,179 [main] INFO  http.HttpServer2 (HttpServer2.java:bindListener(1191)) - Jetty bound to port 38344
2019-10-25 11:07:32,180 [main] INFO  server.Server (Server.java:doStart(351)) - jetty-9.3.25.v20180904, build timestamp: 2018-09-04T21:11:46Z, git hash: 3ce520221d0240229c862b122d2b06c12a625732
2019-10-25 11:07:32,181 [main] INFO  handler.ContextHandler (ContextHandler.java:doStart(781)) - Started o.e.j.s.ServletContextHandler@748a654a{/logs,file:///workdir/hadoop-ozone/integration-test/target/log,AVAILABLE}
2019-10-25 11:07:32,182 [main] INFO  handler.ContextHandler (ContextHandler.java:doStart(781)) - Started o.e.j.s.ServletContextHandler@76544c0a{/static,jar:file:/home/user/.m2/repository/org/apache/hadoop/hadoop-hdds-container-service/0.5.0-SNAPSHOT/hadoop-hdds-container-service-0.5.0-SNAPSHOT.jar!/webapps/static,AVAILABLE}
2019-10-25 11:07:32,215 [main] INFO  handler.ContextHandler (ContextHandler.java:doStart(781)) - Started o.e.j.w.WebAppContext@383caf89{/,file:///tmp/jetty-0.0.0.0-38344-hddsDatanode-_-any-6339696457389632514.dir/webapp/,AVAILABLE}{/hddsDatanode}
2019-10-25 11:07:32,216 [main] INFO  server.AbstractConnector (AbstractConnector.java:doStart(278)) - Started ServerConnector@64c781a9{HTTP/1.1,[http/1.1]}{0.0.0.0:38344}
2019-10-25 11:07:32,217 [main] INFO  server.Server (Server.java:doStart(419)) - Started @80597ms
2019-10-25 11:07:32,217 [main] WARN  impl.MetricsSystemImpl (MetricsSystemImpl.java:register(276)) - Sink prometheus already exists!
2019-10-25 11:07:32,218 [main] INFO  server.BaseHttpServer (BaseHttpServer.java:updateConnectorAddress(215)) - HTTP server of HDDSDATANODE is listening at http://0.0.0.0:38344
2019-10-25 11:07:32,218 [main] INFO  impl.MetricsSystemImpl (MetricsSystemImpl.java:init(158)) - HddsDatanode metrics system started (again)
2019-10-25 11:07:32,221 [main] INFO  ozone.HddsDatanodeService (HddsDatanodeService.java:start(184)) - HddsDatanodeService host:pr-hdds-2359-lls5b-3453883328 ip:192.168.157.233
2019-10-25 11:07:32,221 [org.apache.hadoop.util.JvmPauseMonitor$Monitor@7bb63f3c] INFO  util.JvmPauseMonitor (JvmPauseMonitor.java:run(188)) - Starting JVM pause monitor
2019-10-25 11:07:32,224 [Datanode State Machine Thread - 0] INFO  datanode.InitDatanodeState (InitDatanodeState.java:persistContainerDatanodeDetails(140)) - DatanodeDetails is persisted to /workdir/hadoop-ozone/integration-test/target/test-dir/MiniOzoneClusterImpl-0a85d326-9d58-4237-89dd-96557ce3dac1/datanode-0/meta/datanode.id
2019-10-25 11:07:32,229 [main] INFO  volume.HddsVolume (HddsVolume.java:<init>(176)) - Creating Volume: /workdir/hadoop-ozone/integration-test/target/test-dir/MiniOzoneClusterImpl-0a85d326-9d58-4237-89dd-96557ce3dac1/datanode-1/data/containers/hdds of  storage type : DISK and capacity : 1482555576320
2019-10-25 11:07:32,229 [main] INFO  volume.VolumeSet (VolumeSet.java:initializeVolumeSet(170)) - Added Volume : /workdir/hadoop-ozone/integration-test/target/test-dir/MiniOzoneClusterImpl-0a85d326-9d58-4237-89dd-96557ce3dac1/datanode-1/data/containers/hdds to VolumeSet
2019-10-25 11:07:32,229 [main] INFO  volume.ThrottledAsyncChecker (ThrottledAsyncChecker.java:schedule(141)) - Scheduling a check for /workdir/hadoop-ozone/integration-test/target/test-dir/MiniOzoneClusterImpl-0a85d326-9d58-4237-89dd-96557ce3dac1/datanode-1/data/containers/hdds
2019-10-25 11:07:32,230 [main] INFO  volume.HddsVolumeChecker (HddsVolumeChecker.java:checkAllVolumes(204)) - Scheduled health check for volume /workdir/hadoop-ozone/integration-test/target/test-dir/MiniOzoneClusterImpl-0a85d326-9d58-4237-89dd-96557ce3dac1/datanode-1/data/containers/hdds
2019-10-25 11:07:32,244 [main] INFO  impl.RaftServerProxy (ConfUtils.java:logGet(43)) - raft.rpc.type = GRPC (default)
2019-10-25 11:07:32,244 [main] INFO  grpc.GrpcFactory (GrpcFactory.java:checkPooledByteBufAllocatorUseCacheForAllThreads(45)) - PERFORMANCE WARNING: useCacheForAllThreads is true that may cause Netty to create a lot garbage objects and, as a result, trigger GC.
	It is recommended to disable useCacheForAllThreads by setting -Dorg.apache.ratis.thirdparty.io.netty.allocator.useCacheForAllThreads=false in command line.
2019-10-25 11:07:32,244 [main] INFO  grpc.GrpcConfigKeys$Server (ConfUtils.java:logGet(43)) - raft.grpc.server.port = 0 (default)
2019-10-25 11:07:32,245 [main] INFO  server.GrpcService (ConfUtils.java:logGet(43)) - raft.grpc.message.size.max = 33570816 (custom)
2019-10-25 11:07:32,245 [main] INFO  server.RaftServerConfigKeys (ConfUtils.java:logGet(43)) - raft.server.log.appender.buffer.byte-limit = 33554432 (custom)
2019-10-25 11:07:32,245 [main] INFO  server.GrpcService (ConfUtils.java:logGet(43)) - raft.grpc.flow.control.window = 1MB (=1048576) (default)
2019-10-25 11:07:32,245 [main] INFO  server.RaftServerConfigKeys (ConfUtils.java:logGet(43)) - raft.server.rpc.request.timeout = 3000ms (default)
2019-10-25 11:07:32,245 [main] INFO  server.RaftServerConfigKeys (ConfUtils.java:logGet(43)) - raft.server.storage.dir = [/workdir/hadoop-ozone/integration-test/target/test-dir/MiniOzoneClusterImpl-0a85d326-9d58-4237-89dd-96557ce3dac1/datanode-1/data/ratis] (custom)
2019-10-25 11:07:32,247 [main] INFO  hdfs.DFSUtil (DFSUtil.java:httpServerTemplateForNNAndJN(1641)) - Starting Web-server for hddsDatanode at: http://0.0.0.0:0
2019-10-25 11:07:32,248 [main] INFO  server.AuthenticationFilter (AuthenticationFilter.java:constructSecretProvider(240)) - Unable to initialize FileSignerSecretProvider, falling back to use random secrets.
2019-10-25 11:07:32,249 [main] WARN  http.HttpRequestLog (HttpRequestLog.java:getRequestLog(97)) - Jetty request log can only be enabled using Log4j
2019-10-25 11:07:32,250 [main] INFO  http.HttpServer2 (HttpServer2.java:addGlobalFilter(975)) - Added global filter 'safety' (class=org.apache.hadoop.http.HttpServer2$QuotingInputFilter)
2019-10-25 11:07:32,250 [main] INFO  http.HttpServer2 (HttpServer2.java:addFilter(948)) - Added filter static_user_filter (class=org.apache.hadoop.http.lib.StaticUserWebFilter$StaticUserFilter) to context hddsDatanode
2019-10-25 11:07:32,251 [main] INFO  http.HttpServer2 (HttpServer2.java:addFilter(958)) - Added filter static_user_filter (class=org.apache.hadoop.http.lib.StaticUserWebFilter$StaticUserFilter) to context static
2019-10-25 11:07:32,251 [main] INFO  http.HttpServer2 (HttpServer2.java:addFilter(958)) - Added filter static_user_filter (class=org.apache.hadoop.http.lib.StaticUserWebFilter$StaticUserFilter) to context logs
2019-10-25 11:07:32,251 [main] INFO  http.HttpServer2 (HttpServer2.java:bindListener(1191)) - Jetty bound to port 38640
2019-10-25 11:07:32,252 [main] INFO  server.Server (Server.java:doStart(351)) - jetty-9.3.25.v20180904, build timestamp: 2018-09-04T21:11:46Z, git hash: 3ce520221d0240229c862b122d2b06c12a625732
2019-10-25 11:07:32,253 [main] INFO  handler.ContextHandler (ContextHandler.java:doStart(781)) - Started o.e.j.s.ServletContextHandler@70025b99{/logs,file:///workdir/hadoop-ozone/integration-test/target/log,AVAILABLE}
2019-10-25 11:07:32,254 [main] INFO  handler.ContextHandler (ContextHandler.java:doStart(781)) - Started o.e.j.s.ServletContextHandler@7134b8a7{/static,jar:file:/home/user/.m2/repository/org/apache/hadoop/hadoop-hdds-container-service/0.5.0-SNAPSHOT/hadoop-hdds-container-service-0.5.0-SNAPSHOT.jar!/webapps/static,AVAILABLE}
2019-10-25 11:07:32,283 [main] INFO  handler.ContextHandler (ContextHandler.java:doStart(781)) - Started o.e.j.w.WebAppContext@6968bcec{/,file:///tmp/jetty-0.0.0.0-38640-hddsDatanode-_-any-4147327920516354295.dir/webapp/,AVAILABLE}{/hddsDatanode}
2019-10-25 11:07:32,284 [main] INFO  server.AbstractConnector (AbstractConnector.java:doStart(278)) - Started ServerConnector@5568c66f{HTTP/1.1,[http/1.1]}{0.0.0.0:38640}
2019-10-25 11:07:32,285 [main] INFO  server.Server (Server.java:doStart(419)) - Started @80665ms
2019-10-25 11:07:32,285 [main] WARN  impl.MetricsSystemImpl (MetricsSystemImpl.java:register(276)) - Sink prometheus already exists!
2019-10-25 11:07:32,286 [main] INFO  server.BaseHttpServer (BaseHttpServer.java:updateConnectorAddress(215)) - HTTP server of HDDSDATANODE is listening at http://0.0.0.0:38640
2019-10-25 11:07:32,286 [main] INFO  impl.MetricsSystemImpl (MetricsSystemImpl.java:init(158)) - HddsDatanode metrics system started (again)
2019-10-25 11:07:32,289 [main] INFO  ozone.HddsDatanodeService (HddsDatanodeService.java:start(184)) - HddsDatanodeService host:pr-hdds-2359-lls5b-3453883328 ip:192.168.157.233
2019-10-25 11:07:32,289 [org.apache.hadoop.util.JvmPauseMonitor$Monitor@175c9ed0] INFO  util.JvmPauseMonitor (JvmPauseMonitor.java:run(188)) - Starting JVM pause monitor
2019-10-25 11:07:32,291 [Datanode State Machine Thread - 0] INFO  datanode.InitDatanodeState (InitDatanodeState.java:persistContainerDatanodeDetails(140)) - DatanodeDetails is persisted to /workdir/hadoop-ozone/integration-test/target/test-dir/MiniOzoneClusterImpl-0a85d326-9d58-4237-89dd-96557ce3dac1/datanode-1/meta/datanode.id
2019-10-25 11:07:32,295 [main] INFO  volume.HddsVolume (HddsVolume.java:<init>(176)) - Creating Volume: /workdir/hadoop-ozone/integration-test/target/test-dir/MiniOzoneClusterImpl-0a85d326-9d58-4237-89dd-96557ce3dac1/datanode-2/data/containers/hdds of  storage type : DISK and capacity : 1482555576320
2019-10-25 11:07:32,295 [main] INFO  volume.VolumeSet (VolumeSet.java:initializeVolumeSet(170)) - Added Volume : /workdir/hadoop-ozone/integration-test/target/test-dir/MiniOzoneClusterImpl-0a85d326-9d58-4237-89dd-96557ce3dac1/datanode-2/data/containers/hdds to VolumeSet
2019-10-25 11:07:32,295 [main] INFO  volume.ThrottledAsyncChecker (ThrottledAsyncChecker.java:schedule(141)) - Scheduling a check for /workdir/hadoop-ozone/integration-test/target/test-dir/MiniOzoneClusterImpl-0a85d326-9d58-4237-89dd-96557ce3dac1/datanode-2/data/containers/hdds
2019-10-25 11:07:32,296 [main] INFO  volume.HddsVolumeChecker (HddsVolumeChecker.java:checkAllVolumes(204)) - Scheduled health check for volume /workdir/hadoop-ozone/integration-test/target/test-dir/MiniOzoneClusterImpl-0a85d326-9d58-4237-89dd-96557ce3dac1/datanode-2/data/containers/hdds
2019-10-25 11:07:32,308 [main] INFO  impl.RaftServerProxy (ConfUtils.java:logGet(43)) - raft.rpc.type = GRPC (default)
2019-10-25 11:07:32,308 [main] INFO  grpc.GrpcFactory (GrpcFactory.java:checkPooledByteBufAllocatorUseCacheForAllThreads(45)) - PERFORMANCE WARNING: useCacheForAllThreads is true that may cause Netty to create a lot garbage objects and, as a result, trigger GC.
	It is recommended to disable useCacheForAllThreads by setting -Dorg.apache.ratis.thirdparty.io.netty.allocator.useCacheForAllThreads=false in command line.
2019-10-25 11:07:32,308 [main] INFO  grpc.GrpcConfigKeys$Server (ConfUtils.java:logGet(43)) - raft.grpc.server.port = 0 (default)
2019-10-25 11:07:32,308 [main] INFO  server.GrpcService (ConfUtils.java:logGet(43)) - raft.grpc.message.size.max = 33570816 (custom)
2019-10-25 11:07:32,308 [main] INFO  server.RaftServerConfigKeys (ConfUtils.java:logGet(43)) - raft.server.log.appender.buffer.byte-limit = 33554432 (custom)
2019-10-25 11:07:32,308 [main] INFO  server.GrpcService (ConfUtils.java:logGet(43)) - raft.grpc.flow.control.window = 1MB (=1048576) (default)
2019-10-25 11:07:32,308 [main] INFO  server.RaftServerConfigKeys (ConfUtils.java:logGet(43)) - raft.server.rpc.request.timeout = 3000ms (default)
2019-10-25 11:07:32,309 [main] INFO  server.RaftServerConfigKeys (ConfUtils.java:logGet(43)) - raft.server.storage.dir = [/workdir/hadoop-ozone/integration-test/target/test-dir/MiniOzoneClusterImpl-0a85d326-9d58-4237-89dd-96557ce3dac1/datanode-2/data/ratis] (custom)
2019-10-25 11:07:32,311 [main] INFO  hdfs.DFSUtil (DFSUtil.java:httpServerTemplateForNNAndJN(1641)) - Starting Web-server for hddsDatanode at: http://0.0.0.0:0
2019-10-25 11:07:32,312 [main] INFO  server.AuthenticationFilter (AuthenticationFilter.java:constructSecretProvider(240)) - Unable to initialize FileSignerSecretProvider, falling back to use random secrets.
2019-10-25 11:07:32,313 [main] WARN  http.HttpRequestLog (HttpRequestLog.java:getRequestLog(97)) - Jetty request log can only be enabled using Log4j
2019-10-25 11:07:32,314 [main] INFO  http.HttpServer2 (HttpServer2.java:addGlobalFilter(975)) - Added global filter 'safety' (class=org.apache.hadoop.http.HttpServer2$QuotingInputFilter)
2019-10-25 11:07:32,314 [main] INFO  http.HttpServer2 (HttpServer2.java:addFilter(948)) - Added filter static_user_filter (class=org.apache.hadoop.http.lib.StaticUserWebFilter$StaticUserFilter) to context hddsDatanode
2019-10-25 11:07:32,314 [main] INFO  http.HttpServer2 (HttpServer2.java:addFilter(958)) - Added filter static_user_filter (class=org.apache.hadoop.http.lib.StaticUserWebFilter$StaticUserFilter) to context static
2019-10-25 11:07:32,314 [main] INFO  http.HttpServer2 (HttpServer2.java:addFilter(958)) - Added filter static_user_filter (class=org.apache.hadoop.http.lib.StaticUserWebFilter$StaticUserFilter) to context logs
2019-10-25 11:07:32,315 [main] INFO  http.HttpServer2 (HttpServer2.java:bindListener(1191)) - Jetty bound to port 41364
2019-10-25 11:07:32,315 [main] INFO  server.Server (Server.java:doStart(351)) - jetty-9.3.25.v20180904, build timestamp: 2018-09-04T21:11:46Z, git hash: 3ce520221d0240229c862b122d2b06c12a625732
2019-10-25 11:07:32,317 [main] INFO  handler.ContextHandler (ContextHandler.java:doStart(781)) - Started o.e.j.s.ServletContextHandler@152c4495{/logs,file:///workdir/hadoop-ozone/integration-test/target/log,AVAILABLE}
2019-10-25 11:07:32,318 [main] INFO  handler.ContextHandler (ContextHandler.java:doStart(781)) - Started o.e.j.s.ServletContextHandler@7dcb42a9{/static,jar:file:/home/user/.m2/repository/org/apache/hadoop/hadoop-hdds-container-service/0.5.0-SNAPSHOT/hadoop-hdds-container-service-0.5.0-SNAPSHOT.jar!/webapps/static,AVAILABLE}
2019-10-25 11:07:32,342 [main] INFO  handler.ContextHandler (ContextHandler.java:doStart(781)) - Started o.e.j.w.WebAppContext@4debbf0{/,file:///tmp/jetty-0.0.0.0-41364-hddsDatanode-_-any-2757572233633615121.dir/webapp/,AVAILABLE}{/hddsDatanode}
2019-10-25 11:07:32,343 [main] INFO  server.AbstractConnector (AbstractConnector.java:doStart(278)) - Started ServerConnector@6a5e167a{HTTP/1.1,[http/1.1]}{0.0.0.0:41364}
2019-10-25 11:07:32,343 [main] INFO  server.Server (Server.java:doStart(419)) - Started @80723ms
2019-10-25 11:07:32,344 [main] WARN  impl.MetricsSystemImpl (MetricsSystemImpl.java:register(276)) - Sink prometheus already exists!
2019-10-25 11:07:32,344 [main] INFO  server.BaseHttpServer (BaseHttpServer.java:updateConnectorAddress(215)) - HTTP server of HDDSDATANODE is listening at http://0.0.0.0:41364
2019-10-25 11:07:32,345 [main] INFO  impl.MetricsSystemImpl (MetricsSystemImpl.java:init(158)) - HddsDatanode metrics system started (again)
2019-10-25 11:07:32,347 [main] INFO  ozone.HddsDatanodeService (HddsDatanodeService.java:start(184)) - HddsDatanodeService host:pr-hdds-2359-lls5b-3453883328 ip:192.168.157.233
2019-10-25 11:07:32,348 [org.apache.hadoop.util.JvmPauseMonitor$Monitor@6046c4c1] INFO  util.JvmPauseMonitor (JvmPauseMonitor.java:run(188)) - Starting JVM pause monitor
2019-10-25 11:07:32,350 [Datanode State Machine Thread - 0] INFO  datanode.InitDatanodeState (InitDatanodeState.java:persistContainerDatanodeDetails(140)) - DatanodeDetails is persisted to /workdir/hadoop-ozone/integration-test/target/test-dir/MiniOzoneClusterImpl-0a85d326-9d58-4237-89dd-96557ce3dac1/datanode-2/meta/datanode.id
2019-10-25 11:07:32,354 [main] INFO  volume.HddsVolume (HddsVolume.java:<init>(176)) - Creating Volume: /workdir/hadoop-ozone/integration-test/target/test-dir/MiniOzoneClusterImpl-0a85d326-9d58-4237-89dd-96557ce3dac1/datanode-3/data/containers/hdds of  storage type : DISK and capacity : 1482555576320
2019-10-25 11:07:32,354 [main] INFO  volume.VolumeSet (VolumeSet.java:initializeVolumeSet(170)) - Added Volume : /workdir/hadoop-ozone/integration-test/target/test-dir/MiniOzoneClusterImpl-0a85d326-9d58-4237-89dd-96557ce3dac1/datanode-3/data/containers/hdds to VolumeSet
2019-10-25 11:07:32,354 [main] INFO  volume.ThrottledAsyncChecker (ThrottledAsyncChecker.java:schedule(141)) - Scheduling a check for /workdir/hadoop-ozone/integration-test/target/test-dir/MiniOzoneClusterImpl-0a85d326-9d58-4237-89dd-96557ce3dac1/datanode-3/data/containers/hdds
2019-10-25 11:07:32,355 [main] INFO  volume.HddsVolumeChecker (HddsVolumeChecker.java:checkAllVolumes(204)) - Scheduled health check for volume /workdir/hadoop-ozone/integration-test/target/test-dir/MiniOzoneClusterImpl-0a85d326-9d58-4237-89dd-96557ce3dac1/datanode-3/data/containers/hdds
2019-10-25 11:07:32,366 [main] INFO  impl.RaftServerProxy (ConfUtils.java:logGet(43)) - raft.rpc.type = GRPC (default)
2019-10-25 11:07:32,366 [main] INFO  grpc.GrpcFactory (GrpcFactory.java:checkPooledByteBufAllocatorUseCacheForAllThreads(45)) - PERFORMANCE WARNING: useCacheForAllThreads is true that may cause Netty to create a lot garbage objects and, as a result, trigger GC.
	It is recommended to disable useCacheForAllThreads by setting -Dorg.apache.ratis.thirdparty.io.netty.allocator.useCacheForAllThreads=false in command line.
2019-10-25 11:07:32,366 [main] INFO  grpc.GrpcConfigKeys$Server (ConfUtils.java:logGet(43)) - raft.grpc.server.port = 0 (default)
2019-10-25 11:07:32,366 [main] INFO  server.GrpcService (ConfUtils.java:logGet(43)) - raft.grpc.message.size.max = 33570816 (custom)
2019-10-25 11:07:32,366 [main] INFO  server.RaftServerConfigKeys (ConfUtils.java:logGet(43)) - raft.server.log.appender.buffer.byte-limit = 33554432 (custom)
2019-10-25 11:07:32,367 [main] INFO  server.GrpcService (ConfUtils.java:logGet(43)) - raft.grpc.flow.control.window = 1MB (=1048576) (default)
2019-10-25 11:07:32,367 [main] INFO  server.RaftServerConfigKeys (ConfUtils.java:logGet(43)) - raft.server.rpc.request.timeout = 3000ms (default)
2019-10-25 11:07:32,367 [main] INFO  server.RaftServerConfigKeys (ConfUtils.java:logGet(43)) - raft.server.storage.dir = [/workdir/hadoop-ozone/integration-test/target/test-dir/MiniOzoneClusterImpl-0a85d326-9d58-4237-89dd-96557ce3dac1/datanode-3/data/ratis] (custom)
2019-10-25 11:07:32,368 [main] INFO  hdfs.DFSUtil (DFSUtil.java:httpServerTemplateForNNAndJN(1641)) - Starting Web-server for hddsDatanode at: http://0.0.0.0:0
2019-10-25 11:07:32,369 [main] INFO  server.AuthenticationFilter (AuthenticationFilter.java:constructSecretProvider(240)) - Unable to initialize FileSignerSecretProvider, falling back to use random secrets.
2019-10-25 11:07:32,370 [main] WARN  http.HttpRequestLog (HttpRequestLog.java:getRequestLog(97)) - Jetty request log can only be enabled using Log4j
2019-10-25 11:07:32,371 [main] INFO  http.HttpServer2 (HttpServer2.java:addGlobalFilter(975)) - Added global filter 'safety' (class=org.apache.hadoop.http.HttpServer2$QuotingInputFilter)
2019-10-25 11:07:32,371 [main] INFO  http.HttpServer2 (HttpServer2.java:addFilter(948)) - Added filter static_user_filter (class=org.apache.hadoop.http.lib.StaticUserWebFilter$StaticUserFilter) to context hddsDatanode
2019-10-25 11:07:32,371 [main] INFO  http.HttpServer2 (HttpServer2.java:addFilter(958)) - Added filter static_user_filter (class=org.apache.hadoop.http.lib.StaticUserWebFilter$StaticUserFilter) to context static
2019-10-25 11:07:32,371 [main] INFO  http.HttpServer2 (HttpServer2.java:addFilter(958)) - Added filter static_user_filter (class=org.apache.hadoop.http.lib.StaticUserWebFilter$StaticUserFilter) to context logs
2019-10-25 11:07:32,372 [main] INFO  http.HttpServer2 (HttpServer2.java:bindListener(1191)) - Jetty bound to port 42993
2019-10-25 11:07:32,372 [main] INFO  server.Server (Server.java:doStart(351)) - jetty-9.3.25.v20180904, build timestamp: 2018-09-04T21:11:46Z, git hash: 3ce520221d0240229c862b122d2b06c12a625732
2019-10-25 11:07:32,374 [main] INFO  handler.ContextHandler (ContextHandler.java:doStart(781)) - Started o.e.j.s.ServletContextHandler@40ac6b76{/logs,file:///workdir/hadoop-ozone/integration-test/target/log,AVAILABLE}
2019-10-25 11:07:32,374 [main] INFO  handler.ContextHandler (ContextHandler.java:doStart(781)) - Started o.e.j.s.ServletContextHandler@f0020b1{/static,jar:file:/home/user/.m2/repository/org/apache/hadoop/hadoop-hdds-container-service/0.5.0-SNAPSHOT/hadoop-hdds-container-service-0.5.0-SNAPSHOT.jar!/webapps/static,AVAILABLE}
2019-10-25 11:07:32,399 [main] INFO  handler.ContextHandler (ContextHandler.java:doStart(781)) - Started o.e.j.w.WebAppContext@46046c06{/,file:///tmp/jetty-0.0.0.0-42993-hddsDatanode-_-any-4201537500719369284.dir/webapp/,AVAILABLE}{/hddsDatanode}
2019-10-25 11:07:32,399 [main] INFO  server.AbstractConnector (AbstractConnector.java:doStart(278)) - Started ServerConnector@93824eb{HTTP/1.1,[http/1.1]}{0.0.0.0:42993}
2019-10-25 11:07:32,401 [main] INFO  server.Server (Server.java:doStart(419)) - Started @80781ms
2019-10-25 11:07:32,401 [main] WARN  impl.MetricsSystemImpl (MetricsSystemImpl.java:register(276)) - Sink prometheus already exists!
2019-10-25 11:07:32,401 [main] INFO  server.BaseHttpServer (BaseHttpServer.java:updateConnectorAddress(215)) - HTTP server of HDDSDATANODE is listening at http://0.0.0.0:42993
2019-10-25 11:07:32,402 [main] INFO  impl.MetricsSystemImpl (MetricsSystemImpl.java:init(158)) - HddsDatanode metrics system started (again)
2019-10-25 11:07:32,404 [main] INFO  ozone.HddsDatanodeService (HddsDatanodeService.java:start(184)) - HddsDatanodeService host:pr-hdds-2359-lls5b-3453883328 ip:192.168.157.233
2019-10-25 11:07:32,405 [org.apache.hadoop.util.JvmPauseMonitor$Monitor@5952d008] INFO  util.JvmPauseMonitor (JvmPauseMonitor.java:run(188)) - Starting JVM pause monitor
2019-10-25 11:07:32,407 [Datanode State Machine Thread - 0] INFO  datanode.InitDatanodeState (InitDatanodeState.java:persistContainerDatanodeDetails(140)) - DatanodeDetails is persisted to /workdir/hadoop-ozone/integration-test/target/test-dir/MiniOzoneClusterImpl-0a85d326-9d58-4237-89dd-96557ce3dac1/datanode-3/meta/datanode.id
2019-10-25 11:07:32,412 [main] INFO  volume.HddsVolume (HddsVolume.java:<init>(176)) - Creating Volume: /workdir/hadoop-ozone/integration-test/target/test-dir/MiniOzoneClusterImpl-0a85d326-9d58-4237-89dd-96557ce3dac1/datanode-4/data/containers/hdds of  storage type : DISK and capacity : 1482555576320
2019-10-25 11:07:32,412 [main] INFO  volume.VolumeSet (VolumeSet.java:initializeVolumeSet(170)) - Added Volume : /workdir/hadoop-ozone/integration-test/target/test-dir/MiniOzoneClusterImpl-0a85d326-9d58-4237-89dd-96557ce3dac1/datanode-4/data/containers/hdds to VolumeSet
2019-10-25 11:07:32,412 [main] INFO  volume.ThrottledAsyncChecker (ThrottledAsyncChecker.java:schedule(141)) - Scheduling a check for /workdir/hadoop-ozone/integration-test/target/test-dir/MiniOzoneClusterImpl-0a85d326-9d58-4237-89dd-96557ce3dac1/datanode-4/data/containers/hdds
2019-10-25 11:07:32,413 [main] INFO  volume.HddsVolumeChecker (HddsVolumeChecker.java:checkAllVolumes(204)) - Scheduled health check for volume /workdir/hadoop-ozone/integration-test/target/test-dir/MiniOzoneClusterImpl-0a85d326-9d58-4237-89dd-96557ce3dac1/datanode-4/data/containers/hdds
2019-10-25 11:07:32,424 [main] INFO  impl.RaftServerProxy (ConfUtils.java:logGet(43)) - raft.rpc.type = GRPC (default)
2019-10-25 11:07:32,424 [main] INFO  grpc.GrpcFactory (GrpcFactory.java:checkPooledByteBufAllocatorUseCacheForAllThreads(45)) - PERFORMANCE WARNING: useCacheForAllThreads is true that may cause Netty to create a lot garbage objects and, as a result, trigger GC.
	It is recommended to disable useCacheForAllThreads by setting -Dorg.apache.ratis.thirdparty.io.netty.allocator.useCacheForAllThreads=false in command line.
2019-10-25 11:07:32,424 [main] INFO  grpc.GrpcConfigKeys$Server (ConfUtils.java:logGet(43)) - raft.grpc.server.port = 0 (default)
2019-10-25 11:07:32,425 [main] INFO  server.GrpcService (ConfUtils.java:logGet(43)) - raft.grpc.message.size.max = 33570816 (custom)
2019-10-25 11:07:32,425 [main] INFO  server.RaftServerConfigKeys (ConfUtils.java:logGet(43)) - raft.server.log.appender.buffer.byte-limit = 33554432 (custom)
2019-10-25 11:07:32,425 [main] INFO  server.GrpcService (ConfUtils.java:logGet(43)) - raft.grpc.flow.control.window = 1MB (=1048576) (default)
2019-10-25 11:07:32,425 [main] INFO  server.RaftServerConfigKeys (ConfUtils.java:logGet(43)) - raft.server.rpc.request.timeout = 3000ms (default)
2019-10-25 11:07:32,425 [main] INFO  server.RaftServerConfigKeys (ConfUtils.java:logGet(43)) - raft.server.storage.dir = [/workdir/hadoop-ozone/integration-test/target/test-dir/MiniOzoneClusterImpl-0a85d326-9d58-4237-89dd-96557ce3dac1/datanode-4/data/ratis] (custom)
2019-10-25 11:07:32,426 [main] INFO  hdfs.DFSUtil (DFSUtil.java:httpServerTemplateForNNAndJN(1641)) - Starting Web-server for hddsDatanode at: http://0.0.0.0:0
2019-10-25 11:07:32,427 [main] INFO  server.AuthenticationFilter (AuthenticationFilter.java:constructSecretProvider(240)) - Unable to initialize FileSignerSecretProvider, falling back to use random secrets.
2019-10-25 11:07:32,428 [main] WARN  http.HttpRequestLog (HttpRequestLog.java:getRequestLog(97)) - Jetty request log can only be enabled using Log4j
2019-10-25 11:07:32,429 [main] INFO  http.HttpServer2 (HttpServer2.java:addGlobalFilter(975)) - Added global filter 'safety' (class=org.apache.hadoop.http.HttpServer2$QuotingInputFilter)
2019-10-25 11:07:32,429 [main] INFO  http.HttpServer2 (HttpServer2.java:addFilter(948)) - Added filter static_user_filter (class=org.apache.hadoop.http.lib.StaticUserWebFilter$StaticUserFilter) to context hddsDatanode
2019-10-25 11:07:32,429 [main] INFO  http.HttpServer2 (HttpServer2.java:addFilter(958)) - Added filter static_user_filter (class=org.apache.hadoop.http.lib.StaticUserWebFilter$StaticUserFilter) to context logs
2019-10-25 11:07:32,429 [main] INFO  http.HttpServer2 (HttpServer2.java:addFilter(958)) - Added filter static_user_filter (class=org.apache.hadoop.http.lib.StaticUserWebFilter$StaticUserFilter) to context static
2019-10-25 11:07:32,430 [main] INFO  http.HttpServer2 (HttpServer2.java:bindListener(1191)) - Jetty bound to port 39291
2019-10-25 11:07:32,430 [main] INFO  server.Server (Server.java:doStart(351)) - jetty-9.3.25.v20180904, build timestamp: 2018-09-04T21:11:46Z, git hash: 3ce520221d0240229c862b122d2b06c12a625732
2019-10-25 11:07:32,432 [main] INFO  handler.ContextHandler (ContextHandler.java:doStart(781)) - Started o.e.j.s.ServletContextHandler@d919544{/logs,file:///workdir/hadoop-ozone/integration-test/target/log,AVAILABLE}
2019-10-25 11:07:32,432 [main] INFO  handler.ContextHandler (ContextHandler.java:doStart(781)) - Started o.e.j.s.ServletContextHandler@79696332{/static,jar:file:/home/user/.m2/repository/org/apache/hadoop/hadoop-hdds-container-service/0.5.0-SNAPSHOT/hadoop-hdds-container-service-0.5.0-SNAPSHOT.jar!/webapps/static,AVAILABLE}
2019-10-25 11:07:32,457 [main] INFO  handler.ContextHandler (ContextHandler.java:doStart(781)) - Started o.e.j.w.WebAppContext@ebda593{/,file:///tmp/jetty-0.0.0.0-39291-hddsDatanode-_-any-3481325327887968423.dir/webapp/,AVAILABLE}{/hddsDatanode}
2019-10-25 11:07:32,457 [main] INFO  server.AbstractConnector (AbstractConnector.java:doStart(278)) - Started ServerConnector@5792c08c{HTTP/1.1,[http/1.1]}{0.0.0.0:39291}
2019-10-25 11:07:32,458 [main] INFO  server.Server (Server.java:doStart(419)) - Started @80837ms
2019-10-25 11:07:32,458 [main] WARN  impl.MetricsSystemImpl (MetricsSystemImpl.java:register(276)) - Sink prometheus already exists!
2019-10-25 11:07:32,459 [main] INFO  server.BaseHttpServer (BaseHttpServer.java:updateConnectorAddress(215)) - HTTP server of HDDSDATANODE is listening at http://0.0.0.0:39291
2019-10-25 11:07:32,459 [main] INFO  impl.MetricsSystemImpl (MetricsSystemImpl.java:init(158)) - HddsDatanode metrics system started (again)
2019-10-25 11:07:32,463 [org.apache.hadoop.util.JvmPauseMonitor$Monitor@1ef55101] INFO  util.JvmPauseMonitor (JvmPauseMonitor.java:run(188)) - Starting JVM pause monitor
2019-10-25 11:07:32,463 [main] INFO  ozone.HddsDatanodeService (HddsDatanodeService.java:start(184)) - HddsDatanodeService host:pr-hdds-2359-lls5b-3453883328 ip:192.168.157.233
2019-10-25 11:07:32,464 [Datanode State Machine Thread - 0] INFO  datanode.InitDatanodeState (InitDatanodeState.java:persistContainerDatanodeDetails(140)) - DatanodeDetails is persisted to /workdir/hadoop-ozone/integration-test/target/test-dir/MiniOzoneClusterImpl-0a85d326-9d58-4237-89dd-96557ce3dac1/datanode-4/meta/datanode.id
2019-10-25 11:07:32,470 [main] INFO  volume.HddsVolume (HddsVolume.java:<init>(176)) - Creating Volume: /workdir/hadoop-ozone/integration-test/target/test-dir/MiniOzoneClusterImpl-0a85d326-9d58-4237-89dd-96557ce3dac1/datanode-5/data/containers/hdds of  storage type : DISK and capacity : 1482555576320
2019-10-25 11:07:32,471 [main] INFO  volume.VolumeSet (VolumeSet.java:initializeVolumeSet(170)) - Added Volume : /workdir/hadoop-ozone/integration-test/target/test-dir/MiniOzoneClusterImpl-0a85d326-9d58-4237-89dd-96557ce3dac1/datanode-5/data/containers/hdds to VolumeSet
2019-10-25 11:07:32,471 [main] INFO  volume.ThrottledAsyncChecker (ThrottledAsyncChecker.java:schedule(141)) - Scheduling a check for /workdir/hadoop-ozone/integration-test/target/test-dir/MiniOzoneClusterImpl-0a85d326-9d58-4237-89dd-96557ce3dac1/datanode-5/data/containers/hdds
2019-10-25 11:07:32,471 [main] INFO  volume.HddsVolumeChecker (HddsVolumeChecker.java:checkAllVolumes(204)) - Scheduled health check for volume /workdir/hadoop-ozone/integration-test/target/test-dir/MiniOzoneClusterImpl-0a85d326-9d58-4237-89dd-96557ce3dac1/datanode-5/data/containers/hdds
2019-10-25 11:07:32,483 [main] INFO  impl.RaftServerProxy (ConfUtils.java:logGet(43)) - raft.rpc.type = GRPC (default)
2019-10-25 11:07:32,483 [main] INFO  grpc.GrpcFactory (GrpcFactory.java:checkPooledByteBufAllocatorUseCacheForAllThreads(45)) - PERFORMANCE WARNING: useCacheForAllThreads is true that may cause Netty to create a lot garbage objects and, as a result, trigger GC.
	It is recommended to disable useCacheForAllThreads by setting -Dorg.apache.ratis.thirdparty.io.netty.allocator.useCacheForAllThreads=false in command line.
2019-10-25 11:07:32,483 [main] INFO  grpc.GrpcConfigKeys$Server (ConfUtils.java:logGet(43)) - raft.grpc.server.port = 0 (default)
2019-10-25 11:07:32,483 [main] INFO  server.GrpcService (ConfUtils.java:logGet(43)) - raft.grpc.message.size.max = 33570816 (custom)
2019-10-25 11:07:32,483 [main] INFO  server.RaftServerConfigKeys (ConfUtils.java:logGet(43)) - raft.server.log.appender.buffer.byte-limit = 33554432 (custom)
2019-10-25 11:07:32,483 [main] INFO  server.GrpcService (ConfUtils.java:logGet(43)) - raft.grpc.flow.control.window = 1MB (=1048576) (default)
2019-10-25 11:07:32,484 [main] INFO  server.RaftServerConfigKeys (ConfUtils.java:logGet(43)) - raft.server.rpc.request.timeout = 3000ms (default)
2019-10-25 11:07:32,484 [main] INFO  server.RaftServerConfigKeys (ConfUtils.java:logGet(43)) - raft.server.storage.dir = [/workdir/hadoop-ozone/integration-test/target/test-dir/MiniOzoneClusterImpl-0a85d326-9d58-4237-89dd-96557ce3dac1/datanode-5/data/ratis] (custom)
2019-10-25 11:07:32,486 [main] INFO  hdfs.DFSUtil (DFSUtil.java:httpServerTemplateForNNAndJN(1641)) - Starting Web-server for hddsDatanode at: http://0.0.0.0:0
2019-10-25 11:07:32,487 [main] INFO  server.AuthenticationFilter (AuthenticationFilter.java:constructSecretProvider(240)) - Unable to initialize FileSignerSecretProvider, falling back to use random secrets.
2019-10-25 11:07:32,487 [main] WARN  http.HttpRequestLog (HttpRequestLog.java:getRequestLog(97)) - Jetty request log can only be enabled using Log4j
2019-10-25 11:07:32,488 [main] INFO  http.HttpServer2 (HttpServer2.java:addGlobalFilter(975)) - Added global filter 'safety' (class=org.apache.hadoop.http.HttpServer2$QuotingInputFilter)
2019-10-25 11:07:32,489 [main] INFO  http.HttpServer2 (HttpServer2.java:addFilter(948)) - Added filter static_user_filter (class=org.apache.hadoop.http.lib.StaticUserWebFilter$StaticUserFilter) to context hddsDatanode
2019-10-25 11:07:32,489 [main] INFO  http.HttpServer2 (HttpServer2.java:addFilter(958)) - Added filter static_user_filter (class=org.apache.hadoop.http.lib.StaticUserWebFilter$StaticUserFilter) to context logs
2019-10-25 11:07:32,489 [main] INFO  http.HttpServer2 (HttpServer2.java:addFilter(958)) - Added filter static_user_filter (class=org.apache.hadoop.http.lib.StaticUserWebFilter$StaticUserFilter) to context static
2019-10-25 11:07:32,490 [main] INFO  http.HttpServer2 (HttpServer2.java:bindListener(1191)) - Jetty bound to port 46072
2019-10-25 11:07:32,490 [main] INFO  server.Server (Server.java:doStart(351)) - jetty-9.3.25.v20180904, build timestamp: 2018-09-04T21:11:46Z, git hash: 3ce520221d0240229c862b122d2b06c12a625732
2019-10-25 11:07:32,491 [main] INFO  handler.ContextHandler (ContextHandler.java:doStart(781)) - Started o.e.j.s.ServletContextHandler@de81be1{/logs,file:///workdir/hadoop-ozone/integration-test/target/log,AVAILABLE}
2019-10-25 11:07:32,492 [main] INFO  handler.ContextHandler (ContextHandler.java:doStart(781)) - Started o.e.j.s.ServletContextHandler@4519f676{/static,jar:file:/home/user/.m2/repository/org/apache/hadoop/hadoop-hdds-container-service/0.5.0-SNAPSHOT/hadoop-hdds-container-service-0.5.0-SNAPSHOT.jar!/webapps/static,AVAILABLE}
2019-10-25 11:07:32,516 [main] INFO  handler.ContextHandler (ContextHandler.java:doStart(781)) - Started o.e.j.w.WebAppContext@79f90a3a{/,file:///tmp/jetty-0.0.0.0-46072-hddsDatanode-_-any-691638266535211652.dir/webapp/,AVAILABLE}{/hddsDatanode}
2019-10-25 11:07:32,516 [main] INFO  server.AbstractConnector (AbstractConnector.java:doStart(278)) - Started ServerConnector@22bdb1d0{HTTP/1.1,[http/1.1]}{0.0.0.0:46072}
2019-10-25 11:07:32,517 [main] INFO  server.Server (Server.java:doStart(419)) - Started @80897ms
2019-10-25 11:07:32,517 [main] WARN  impl.MetricsSystemImpl (MetricsSystemImpl.java:register(276)) - Sink prometheus already exists!
2019-10-25 11:07:32,518 [main] INFO  server.BaseHttpServer (BaseHttpServer.java:updateConnectorAddress(215)) - HTTP server of HDDSDATANODE is listening at http://0.0.0.0:46072
2019-10-25 11:07:32,518 [main] INFO  impl.MetricsSystemImpl (MetricsSystemImpl.java:init(158)) - HddsDatanode metrics system started (again)
2019-10-25 11:07:32,522 [main] INFO  ozone.HddsDatanodeService (HddsDatanodeService.java:start(184)) - HddsDatanodeService host:pr-hdds-2359-lls5b-3453883328 ip:192.168.157.233
2019-10-25 11:07:32,522 [org.apache.hadoop.util.JvmPauseMonitor$Monitor@60e44a6e] INFO  util.JvmPauseMonitor (JvmPauseMonitor.java:run(188)) - Starting JVM pause monitor
2019-10-25 11:07:32,525 [Datanode State Machine Thread - 0] INFO  datanode.InitDatanodeState (InitDatanodeState.java:persistContainerDatanodeDetails(140)) - DatanodeDetails is persisted to /workdir/hadoop-ozone/integration-test/target/test-dir/MiniOzoneClusterImpl-0a85d326-9d58-4237-89dd-96557ce3dac1/datanode-5/meta/datanode.id
2019-10-25 11:07:32,528 [main] INFO  volume.HddsVolume (HddsVolume.java:<init>(176)) - Creating Volume: /workdir/hadoop-ozone/integration-test/target/test-dir/MiniOzoneClusterImpl-0a85d326-9d58-4237-89dd-96557ce3dac1/datanode-6/data/containers/hdds of  storage type : DISK and capacity : 1482555576320
2019-10-25 11:07:32,529 [main] INFO  volume.VolumeSet (VolumeSet.java:initializeVolumeSet(170)) - Added Volume : /workdir/hadoop-ozone/integration-test/target/test-dir/MiniOzoneClusterImpl-0a85d326-9d58-4237-89dd-96557ce3dac1/datanode-6/data/containers/hdds to VolumeSet
2019-10-25 11:07:32,529 [main] INFO  volume.ThrottledAsyncChecker (ThrottledAsyncChecker.java:schedule(141)) - Scheduling a check for /workdir/hadoop-ozone/integration-test/target/test-dir/MiniOzoneClusterImpl-0a85d326-9d58-4237-89dd-96557ce3dac1/datanode-6/data/containers/hdds
2019-10-25 11:07:32,529 [main] INFO  volume.HddsVolumeChecker (HddsVolumeChecker.java:checkAllVolumes(204)) - Scheduled health check for volume /workdir/hadoop-ozone/integration-test/target/test-dir/MiniOzoneClusterImpl-0a85d326-9d58-4237-89dd-96557ce3dac1/datanode-6/data/containers/hdds
2019-10-25 11:07:32,540 [main] INFO  impl.RaftServerProxy (ConfUtils.java:logGet(43)) - raft.rpc.type = GRPC (default)
2019-10-25 11:07:32,540 [main] INFO  grpc.GrpcFactory (GrpcFactory.java:checkPooledByteBufAllocatorUseCacheForAllThreads(45)) - PERFORMANCE WARNING: useCacheForAllThreads is true that may cause Netty to create a lot garbage objects and, as a result, trigger GC.
	It is recommended to disable useCacheForAllThreads by setting -Dorg.apache.ratis.thirdparty.io.netty.allocator.useCacheForAllThreads=false in command line.
2019-10-25 11:07:32,540 [main] INFO  grpc.GrpcConfigKeys$Server (ConfUtils.java:logGet(43)) - raft.grpc.server.port = 0 (default)
2019-10-25 11:07:32,540 [main] INFO  server.GrpcService (ConfUtils.java:logGet(43)) - raft.grpc.message.size.max = 33570816 (custom)
2019-10-25 11:07:32,541 [main] INFO  server.RaftServerConfigKeys (ConfUtils.java:logGet(43)) - raft.server.log.appender.buffer.byte-limit = 33554432 (custom)
2019-10-25 11:07:32,541 [main] INFO  server.GrpcService (ConfUtils.java:logGet(43)) - raft.grpc.flow.control.window = 1MB (=1048576) (default)
2019-10-25 11:07:32,541 [main] INFO  server.RaftServerConfigKeys (ConfUtils.java:logGet(43)) - raft.server.rpc.request.timeout = 3000ms (default)
2019-10-25 11:07:32,541 [main] INFO  server.RaftServerConfigKeys (ConfUtils.java:logGet(43)) - raft.server.storage.dir = [/workdir/hadoop-ozone/integration-test/target/test-dir/MiniOzoneClusterImpl-0a85d326-9d58-4237-89dd-96557ce3dac1/datanode-6/data/ratis] (custom)
2019-10-25 11:07:32,542 [main] INFO  hdfs.DFSUtil (DFSUtil.java:httpServerTemplateForNNAndJN(1641)) - Starting Web-server for hddsDatanode at: http://0.0.0.0:0
2019-10-25 11:07:32,543 [main] INFO  server.AuthenticationFilter (AuthenticationFilter.java:constructSecretProvider(240)) - Unable to initialize FileSignerSecretProvider, falling back to use random secrets.
2019-10-25 11:07:32,544 [main] WARN  http.HttpRequestLog (HttpRequestLog.java:getRequestLog(97)) - Jetty request log can only be enabled using Log4j
2019-10-25 11:07:32,545 [main] INFO  http.HttpServer2 (HttpServer2.java:addGlobalFilter(975)) - Added global filter 'safety' (class=org.apache.hadoop.http.HttpServer2$QuotingInputFilter)
2019-10-25 11:07:32,545 [main] INFO  http.HttpServer2 (HttpServer2.java:addFilter(948)) - Added filter static_user_filter (class=org.apache.hadoop.http.lib.StaticUserWebFilter$StaticUserFilter) to context hddsDatanode
2019-10-25 11:07:32,545 [main] INFO  http.HttpServer2 (HttpServer2.java:addFilter(958)) - Added filter static_user_filter (class=org.apache.hadoop.http.lib.StaticUserWebFilter$StaticUserFilter) to context static
2019-10-25 11:07:32,545 [main] INFO  http.HttpServer2 (HttpServer2.java:addFilter(958)) - Added filter static_user_filter (class=org.apache.hadoop.http.lib.StaticUserWebFilter$StaticUserFilter) to context logs
2019-10-25 11:07:32,546 [main] INFO  http.HttpServer2 (HttpServer2.java:bindListener(1191)) - Jetty bound to port 39264
2019-10-25 11:07:32,546 [main] INFO  server.Server (Server.java:doStart(351)) - jetty-9.3.25.v20180904, build timestamp: 2018-09-04T21:11:46Z, git hash: 3ce520221d0240229c862b122d2b06c12a625732
2019-10-25 11:07:32,547 [main] INFO  handler.ContextHandler (ContextHandler.java:doStart(781)) - Started o.e.j.s.ServletContextHandler@7a3269f5{/logs,file:///workdir/hadoop-ozone/integration-test/target/log,AVAILABLE}
2019-10-25 11:07:32,548 [main] INFO  handler.ContextHandler (ContextHandler.java:doStart(781)) - Started o.e.j.s.ServletContextHandler@55fdf7f9{/static,jar:file:/home/user/.m2/repository/org/apache/hadoop/hadoop-hdds-container-service/0.5.0-SNAPSHOT/hadoop-hdds-container-service-0.5.0-SNAPSHOT.jar!/webapps/static,AVAILABLE}
2019-10-25 11:07:32,572 [main] INFO  handler.ContextHandler (ContextHandler.java:doStart(781)) - Started o.e.j.w.WebAppContext@516592b1{/,file:///tmp/jetty-0.0.0.0-39264-hddsDatanode-_-any-3672625325125046530.dir/webapp/,AVAILABLE}{/hddsDatanode}
2019-10-25 11:07:32,573 [main] INFO  server.AbstractConnector (AbstractConnector.java:doStart(278)) - Started ServerConnector@4cffcc61{HTTP/1.1,[http/1.1]}{0.0.0.0:39264}
2019-10-25 11:07:32,577 [main] INFO  server.Server (Server.java:doStart(419)) - Started @80957ms
2019-10-25 11:07:32,577 [main] WARN  impl.MetricsSystemImpl (MetricsSystemImpl.java:register(276)) - Sink prometheus already exists!
2019-10-25 11:07:32,578 [main] INFO  server.BaseHttpServer (BaseHttpServer.java:updateConnectorAddress(215)) - HTTP server of HDDSDATANODE is listening at http://0.0.0.0:39264
2019-10-25 11:07:32,578 [main] INFO  impl.MetricsSystemImpl (MetricsSystemImpl.java:init(158)) - HddsDatanode metrics system started (again)
2019-10-25 11:07:32,582 [main] INFO  ozone.HddsDatanodeService (HddsDatanodeService.java:start(184)) - HddsDatanodeService host:pr-hdds-2359-lls5b-3453883328 ip:192.168.157.233
2019-10-25 11:07:32,582 [org.apache.hadoop.util.JvmPauseMonitor$Monitor@3f3352ea] INFO  util.JvmPauseMonitor (JvmPauseMonitor.java:run(188)) - Starting JVM pause monitor
2019-10-25 11:07:32,584 [Datanode State Machine Thread - 0] INFO  datanode.InitDatanodeState (InitDatanodeState.java:persistContainerDatanodeDetails(140)) - DatanodeDetails is persisted to /workdir/hadoop-ozone/integration-test/target/test-dir/MiniOzoneClusterImpl-0a85d326-9d58-4237-89dd-96557ce3dac1/datanode-6/meta/datanode.id
2019-10-25 11:07:32,589 [main] INFO  volume.HddsVolume (HddsVolume.java:<init>(176)) - Creating Volume: /workdir/hadoop-ozone/integration-test/target/test-dir/MiniOzoneClusterImpl-0a85d326-9d58-4237-89dd-96557ce3dac1/datanode-7/data/containers/hdds of  storage type : DISK and capacity : 1482555576320
2019-10-25 11:07:32,589 [main] INFO  volume.VolumeSet (VolumeSet.java:initializeVolumeSet(170)) - Added Volume : /workdir/hadoop-ozone/integration-test/target/test-dir/MiniOzoneClusterImpl-0a85d326-9d58-4237-89dd-96557ce3dac1/datanode-7/data/containers/hdds to VolumeSet
2019-10-25 11:07:32,589 [main] INFO  volume.ThrottledAsyncChecker (ThrottledAsyncChecker.java:schedule(141)) - Scheduling a check for /workdir/hadoop-ozone/integration-test/target/test-dir/MiniOzoneClusterImpl-0a85d326-9d58-4237-89dd-96557ce3dac1/datanode-7/data/containers/hdds
2019-10-25 11:07:32,590 [main] INFO  volume.HddsVolumeChecker (HddsVolumeChecker.java:checkAllVolumes(204)) - Scheduled health check for volume /workdir/hadoop-ozone/integration-test/target/test-dir/MiniOzoneClusterImpl-0a85d326-9d58-4237-89dd-96557ce3dac1/datanode-7/data/containers/hdds
2019-10-25 11:07:32,601 [main] INFO  impl.RaftServerProxy (ConfUtils.java:logGet(43)) - raft.rpc.type = GRPC (default)
2019-10-25 11:07:32,601 [main] INFO  grpc.GrpcFactory (GrpcFactory.java:checkPooledByteBufAllocatorUseCacheForAllThreads(45)) - PERFORMANCE WARNING: useCacheForAllThreads is true that may cause Netty to create a lot garbage objects and, as a result, trigger GC.
	It is recommended to disable useCacheForAllThreads by setting -Dorg.apache.ratis.thirdparty.io.netty.allocator.useCacheForAllThreads=false in command line.
2019-10-25 11:07:32,602 [main] INFO  grpc.GrpcConfigKeys$Server (ConfUtils.java:logGet(43)) - raft.grpc.server.port = 0 (default)
2019-10-25 11:07:32,602 [main] INFO  server.GrpcService (ConfUtils.java:logGet(43)) - raft.grpc.message.size.max = 33570816 (custom)
2019-10-25 11:07:32,602 [main] INFO  server.RaftServerConfigKeys (ConfUtils.java:logGet(43)) - raft.server.log.appender.buffer.byte-limit = 33554432 (custom)
2019-10-25 11:07:32,602 [main] INFO  server.GrpcService (ConfUtils.java:logGet(43)) - raft.grpc.flow.control.window = 1MB (=1048576) (default)
2019-10-25 11:07:32,602 [main] INFO  server.RaftServerConfigKeys (ConfUtils.java:logGet(43)) - raft.server.rpc.request.timeout = 3000ms (default)
2019-10-25 11:07:32,602 [main] INFO  server.RaftServerConfigKeys (ConfUtils.java:logGet(43)) - raft.server.storage.dir = [/workdir/hadoop-ozone/integration-test/target/test-dir/MiniOzoneClusterImpl-0a85d326-9d58-4237-89dd-96557ce3dac1/datanode-7/data/ratis] (custom)
2019-10-25 11:07:32,604 [main] INFO  hdfs.DFSUtil (DFSUtil.java:httpServerTemplateForNNAndJN(1641)) - Starting Web-server for hddsDatanode at: http://0.0.0.0:0
2019-10-25 11:07:32,608 [main] INFO  server.AuthenticationFilter (AuthenticationFilter.java:constructSecretProvider(240)) - Unable to initialize FileSignerSecretProvider, falling back to use random secrets.
2019-10-25 11:07:32,609 [main] WARN  http.HttpRequestLog (HttpRequestLog.java:getRequestLog(97)) - Jetty request log can only be enabled using Log4j
2019-10-25 11:07:32,610 [main] INFO  http.HttpServer2 (HttpServer2.java:addGlobalFilter(975)) - Added global filter 'safety' (class=org.apache.hadoop.http.HttpServer2$QuotingInputFilter)
2019-10-25 11:07:32,610 [main] INFO  http.HttpServer2 (HttpServer2.java:addFilter(948)) - Added filter static_user_filter (class=org.apache.hadoop.http.lib.StaticUserWebFilter$StaticUserFilter) to context hddsDatanode
2019-10-25 11:07:32,610 [main] INFO  http.HttpServer2 (HttpServer2.java:addFilter(958)) - Added filter static_user_filter (class=org.apache.hadoop.http.lib.StaticUserWebFilter$StaticUserFilter) to context static
2019-10-25 11:07:32,611 [main] INFO  http.HttpServer2 (HttpServer2.java:addFilter(958)) - Added filter static_user_filter (class=org.apache.hadoop.http.lib.StaticUserWebFilter$StaticUserFilter) to context logs
2019-10-25 11:07:32,611 [main] INFO  http.HttpServer2 (HttpServer2.java:bindListener(1191)) - Jetty bound to port 46597
2019-10-25 11:07:32,611 [main] INFO  server.Server (Server.java:doStart(351)) - jetty-9.3.25.v20180904, build timestamp: 2018-09-04T21:11:46Z, git hash: 3ce520221d0240229c862b122d2b06c12a625732
2019-10-25 11:07:32,613 [main] INFO  handler.ContextHandler (ContextHandler.java:doStart(781)) - Started o.e.j.s.ServletContextHandler@42d6c12d{/logs,file:///workdir/hadoop-ozone/integration-test/target/log,AVAILABLE}
2019-10-25 11:07:32,613 [main] INFO  handler.ContextHandler (ContextHandler.java:doStart(781)) - Started o.e.j.s.ServletContextHandler@7a2ab862{/static,jar:file:/home/user/.m2/repository/org/apache/hadoop/hadoop-hdds-container-service/0.5.0-SNAPSHOT/hadoop-hdds-container-service-0.5.0-SNAPSHOT.jar!/webapps/static,AVAILABLE}
2019-10-25 11:07:32,642 [main] INFO  handler.ContextHandler (ContextHandler.java:doStart(781)) - Started o.e.j.w.WebAppContext@629984eb{/,file:///tmp/jetty-0.0.0.0-46597-hddsDatanode-_-any-4914548122474602360.dir/webapp/,AVAILABLE}{/hddsDatanode}
2019-10-25 11:07:32,643 [main] INFO  server.AbstractConnector (AbstractConnector.java:doStart(278)) - Started ServerConnector@7b1e5e55{HTTP/1.1,[http/1.1]}{0.0.0.0:46597}
2019-10-25 11:07:32,644 [main] INFO  server.Server (Server.java:doStart(419)) - Started @81024ms
2019-10-25 11:07:32,644 [main] WARN  impl.MetricsSystemImpl (MetricsSystemImpl.java:register(276)) - Sink prometheus already exists!
2019-10-25 11:07:32,645 [main] INFO  server.BaseHttpServer (BaseHttpServer.java:updateConnectorAddress(215)) - HTTP server of HDDSDATANODE is listening at http://0.0.0.0:46597
2019-10-25 11:07:32,645 [main] INFO  impl.MetricsSystemImpl (MetricsSystemImpl.java:init(158)) - HddsDatanode metrics system started (again)
2019-10-25 11:07:32,649 [main] INFO  ozone.HddsDatanodeService (HddsDatanodeService.java:start(184)) - HddsDatanodeService host:pr-hdds-2359-lls5b-3453883328 ip:192.168.157.233
2019-10-25 11:07:32,649 [org.apache.hadoop.util.JvmPauseMonitor$Monitor@39fc18da] INFO  util.JvmPauseMonitor (JvmPauseMonitor.java:run(188)) - Starting JVM pause monitor
2019-10-25 11:07:32,651 [Datanode State Machine Thread - 0] INFO  datanode.InitDatanodeState (InitDatanodeState.java:persistContainerDatanodeDetails(140)) - DatanodeDetails is persisted to /workdir/hadoop-ozone/integration-test/target/test-dir/MiniOzoneClusterImpl-0a85d326-9d58-4237-89dd-96557ce3dac1/datanode-7/meta/datanode.id
2019-10-25 11:07:32,662 [main] INFO  volume.HddsVolume (HddsVolume.java:<init>(176)) - Creating Volume: /workdir/hadoop-ozone/integration-test/target/test-dir/MiniOzoneClusterImpl-0a85d326-9d58-4237-89dd-96557ce3dac1/datanode-8/data/containers/hdds of  storage type : DISK and capacity : 1482555576320
2019-10-25 11:07:32,662 [main] INFO  volume.VolumeSet (VolumeSet.java:initializeVolumeSet(170)) - Added Volume : /workdir/hadoop-ozone/integration-test/target/test-dir/MiniOzoneClusterImpl-0a85d326-9d58-4237-89dd-96557ce3dac1/datanode-8/data/containers/hdds to VolumeSet
2019-10-25 11:07:32,662 [main] INFO  volume.ThrottledAsyncChecker (ThrottledAsyncChecker.java:schedule(141)) - Scheduling a check for /workdir/hadoop-ozone/integration-test/target/test-dir/MiniOzoneClusterImpl-0a85d326-9d58-4237-89dd-96557ce3dac1/datanode-8/data/containers/hdds
2019-10-25 11:07:32,663 [main] INFO  volume.HddsVolumeChecker (HddsVolumeChecker.java:checkAllVolumes(204)) - Scheduled health check for volume /workdir/hadoop-ozone/integration-test/target/test-dir/MiniOzoneClusterImpl-0a85d326-9d58-4237-89dd-96557ce3dac1/datanode-8/data/containers/hdds
2019-10-25 11:07:32,674 [main] INFO  impl.RaftServerProxy (ConfUtils.java:logGet(43)) - raft.rpc.type = GRPC (default)
2019-10-25 11:07:32,674 [main] INFO  grpc.GrpcFactory (GrpcFactory.java:checkPooledByteBufAllocatorUseCacheForAllThreads(45)) - PERFORMANCE WARNING: useCacheForAllThreads is true that may cause Netty to create a lot garbage objects and, as a result, trigger GC.
	It is recommended to disable useCacheForAllThreads by setting -Dorg.apache.ratis.thirdparty.io.netty.allocator.useCacheForAllThreads=false in command line.
2019-10-25 11:07:32,674 [main] INFO  grpc.GrpcConfigKeys$Server (ConfUtils.java:logGet(43)) - raft.grpc.server.port = 0 (default)
2019-10-25 11:07:32,675 [main] INFO  server.GrpcService (ConfUtils.java:logGet(43)) - raft.grpc.message.size.max = 33570816 (custom)
2019-10-25 11:07:32,675 [main] INFO  server.RaftServerConfigKeys (ConfUtils.java:logGet(43)) - raft.server.log.appender.buffer.byte-limit = 33554432 (custom)
2019-10-25 11:07:32,675 [main] INFO  server.GrpcService (ConfUtils.java:logGet(43)) - raft.grpc.flow.control.window = 1MB (=1048576) (default)
2019-10-25 11:07:32,675 [main] INFO  server.RaftServerConfigKeys (ConfUtils.java:logGet(43)) - raft.server.rpc.request.timeout = 3000ms (default)
2019-10-25 11:07:32,675 [main] INFO  server.RaftServerConfigKeys (ConfUtils.java:logGet(43)) - raft.server.storage.dir = [/workdir/hadoop-ozone/integration-test/target/test-dir/MiniOzoneClusterImpl-0a85d326-9d58-4237-89dd-96557ce3dac1/datanode-8/data/ratis] (custom)
2019-10-25 11:07:32,677 [main] INFO  hdfs.DFSUtil (DFSUtil.java:httpServerTemplateForNNAndJN(1641)) - Starting Web-server for hddsDatanode at: http://0.0.0.0:0
2019-10-25 11:07:32,678 [main] INFO  server.AuthenticationFilter (AuthenticationFilter.java:constructSecretProvider(240)) - Unable to initialize FileSignerSecretProvider, falling back to use random secrets.
2019-10-25 11:07:32,678 [main] WARN  http.HttpRequestLog (HttpRequestLog.java:getRequestLog(97)) - Jetty request log can only be enabled using Log4j
2019-10-25 11:07:32,679 [main] INFO  http.HttpServer2 (HttpServer2.java:addGlobalFilter(975)) - Added global filter 'safety' (class=org.apache.hadoop.http.HttpServer2$QuotingInputFilter)
2019-10-25 11:07:32,679 [main] INFO  http.HttpServer2 (HttpServer2.java:addFilter(948)) - Added filter static_user_filter (class=org.apache.hadoop.http.lib.StaticUserWebFilter$StaticUserFilter) to context hddsDatanode
2019-10-25 11:07:32,679 [main] INFO  http.HttpServer2 (HttpServer2.java:addFilter(958)) - Added filter static_user_filter (class=org.apache.hadoop.http.lib.StaticUserWebFilter$StaticUserFilter) to context logs
2019-10-25 11:07:32,680 [main] INFO  http.HttpServer2 (HttpServer2.java:addFilter(958)) - Added filter static_user_filter (class=org.apache.hadoop.http.lib.StaticUserWebFilter$StaticUserFilter) to context static
2019-10-25 11:07:32,680 [main] INFO  http.HttpServer2 (HttpServer2.java:bindListener(1191)) - Jetty bound to port 40269
2019-10-25 11:07:32,680 [main] INFO  server.Server (Server.java:doStart(351)) - jetty-9.3.25.v20180904, build timestamp: 2018-09-04T21:11:46Z, git hash: 3ce520221d0240229c862b122d2b06c12a625732
2019-10-25 11:07:32,682 [main] INFO  handler.ContextHandler (ContextHandler.java:doStart(781)) - Started o.e.j.s.ServletContextHandler@74024f3{/logs,file:///workdir/hadoop-ozone/integration-test/target/log,AVAILABLE}
2019-10-25 11:07:32,682 [main] INFO  handler.ContextHandler (ContextHandler.java:doStart(781)) - Started o.e.j.s.ServletContextHandler@ef718de{/static,jar:file:/home/user/.m2/repository/org/apache/hadoop/hadoop-hdds-container-service/0.5.0-SNAPSHOT/hadoop-hdds-container-service-0.5.0-SNAPSHOT.jar!/webapps/static,AVAILABLE}
2019-10-25 11:07:32,707 [main] INFO  handler.ContextHandler (ContextHandler.java:doStart(781)) - Started o.e.j.w.WebAppContext@86d6bf7{/,file:///tmp/jetty-0.0.0.0-40269-hddsDatanode-_-any-9125427181076948164.dir/webapp/,AVAILABLE}{/hddsDatanode}
2019-10-25 11:07:32,707 [main] INFO  server.AbstractConnector (AbstractConnector.java:doStart(278)) - Started ServerConnector@2fbe26da{HTTP/1.1,[http/1.1]}{0.0.0.0:40269}
2019-10-25 11:07:32,709 [main] INFO  server.Server (Server.java:doStart(419)) - Started @81089ms
2019-10-25 11:07:32,709 [main] WARN  impl.MetricsSystemImpl (MetricsSystemImpl.java:register(276)) - Sink prometheus already exists!
2019-10-25 11:07:32,710 [main] INFO  server.BaseHttpServer (BaseHttpServer.java:updateConnectorAddress(215)) - HTTP server of HDDSDATANODE is listening at http://0.0.0.0:40269
2019-10-25 11:07:32,710 [main] INFO  impl.MetricsSystemImpl (MetricsSystemImpl.java:init(158)) - HddsDatanode metrics system started (again)
2019-10-25 11:07:32,714 [org.apache.hadoop.util.JvmPauseMonitor$Monitor@2802c1db] INFO  util.JvmPauseMonitor (JvmPauseMonitor.java:run(188)) - Starting JVM pause monitor
2019-10-25 11:07:32,714 [main] INFO  ozone.HddsDatanodeService (HddsDatanodeService.java:start(184)) - HddsDatanodeService host:pr-hdds-2359-lls5b-3453883328 ip:192.168.157.233
2019-10-25 11:07:32,716 [Datanode State Machine Thread - 0] INFO  datanode.InitDatanodeState (InitDatanodeState.java:persistContainerDatanodeDetails(140)) - DatanodeDetails is persisted to /workdir/hadoop-ozone/integration-test/target/test-dir/MiniOzoneClusterImpl-0a85d326-9d58-4237-89dd-96557ce3dac1/datanode-8/meta/datanode.id
2019-10-25 11:07:32,721 [main] INFO  volume.HddsVolume (HddsVolume.java:<init>(176)) - Creating Volume: /workdir/hadoop-ozone/integration-test/target/test-dir/MiniOzoneClusterImpl-0a85d326-9d58-4237-89dd-96557ce3dac1/datanode-9/data/containers/hdds of  storage type : DISK and capacity : 1482555576320
2019-10-25 11:07:32,721 [main] INFO  volume.VolumeSet (VolumeSet.java:initializeVolumeSet(170)) - Added Volume : /workdir/hadoop-ozone/integration-test/target/test-dir/MiniOzoneClusterImpl-0a85d326-9d58-4237-89dd-96557ce3dac1/datanode-9/data/containers/hdds to VolumeSet
2019-10-25 11:07:32,721 [main] INFO  volume.ThrottledAsyncChecker (ThrottledAsyncChecker.java:schedule(141)) - Scheduling a check for /workdir/hadoop-ozone/integration-test/target/test-dir/MiniOzoneClusterImpl-0a85d326-9d58-4237-89dd-96557ce3dac1/datanode-9/data/containers/hdds
2019-10-25 11:07:32,722 [main] INFO  volume.HddsVolumeChecker (HddsVolumeChecker.java:checkAllVolumes(204)) - Scheduled health check for volume /workdir/hadoop-ozone/integration-test/target/test-dir/MiniOzoneClusterImpl-0a85d326-9d58-4237-89dd-96557ce3dac1/datanode-9/data/containers/hdds
2019-10-25 11:07:32,733 [main] INFO  impl.RaftServerProxy (ConfUtils.java:logGet(43)) - raft.rpc.type = GRPC (default)
2019-10-25 11:07:32,734 [main] INFO  grpc.GrpcFactory (GrpcFactory.java:checkPooledByteBufAllocatorUseCacheForAllThreads(45)) - PERFORMANCE WARNING: useCacheForAllThreads is true that may cause Netty to create a lot garbage objects and, as a result, trigger GC.
	It is recommended to disable useCacheForAllThreads by setting -Dorg.apache.ratis.thirdparty.io.netty.allocator.useCacheForAllThreads=false in command line.
2019-10-25 11:07:32,734 [main] INFO  grpc.GrpcConfigKeys$Server (ConfUtils.java:logGet(43)) - raft.grpc.server.port = 0 (default)
2019-10-25 11:07:32,734 [main] INFO  server.GrpcService (ConfUtils.java:logGet(43)) - raft.grpc.message.size.max = 33570816 (custom)
2019-10-25 11:07:32,734 [main] INFO  server.RaftServerConfigKeys (ConfUtils.java:logGet(43)) - raft.server.log.appender.buffer.byte-limit = 33554432 (custom)
2019-10-25 11:07:32,734 [main] INFO  server.GrpcService (ConfUtils.java:logGet(43)) - raft.grpc.flow.control.window = 1MB (=1048576) (default)
2019-10-25 11:07:32,734 [main] INFO  server.RaftServerConfigKeys (ConfUtils.java:logGet(43)) - raft.server.rpc.request.timeout = 3000ms (default)
2019-10-25 11:07:32,735 [main] INFO  server.RaftServerConfigKeys (ConfUtils.java:logGet(43)) - raft.server.storage.dir = [/workdir/hadoop-ozone/integration-test/target/test-dir/MiniOzoneClusterImpl-0a85d326-9d58-4237-89dd-96557ce3dac1/datanode-9/data/ratis] (custom)
2019-10-25 11:07:32,736 [main] INFO  hdfs.DFSUtil (DFSUtil.java:httpServerTemplateForNNAndJN(1641)) - Starting Web-server for hddsDatanode at: http://0.0.0.0:0
2019-10-25 11:07:32,737 [main] INFO  server.AuthenticationFilter (AuthenticationFilter.java:constructSecretProvider(240)) - Unable to initialize FileSignerSecretProvider, falling back to use random secrets.
2019-10-25 11:07:32,737 [main] WARN  http.HttpRequestLog (HttpRequestLog.java:getRequestLog(97)) - Jetty request log can only be enabled using Log4j
2019-10-25 11:07:32,738 [main] INFO  http.HttpServer2 (HttpServer2.java:addGlobalFilter(975)) - Added global filter 'safety' (class=org.apache.hadoop.http.HttpServer2$QuotingInputFilter)
2019-10-25 11:07:32,739 [main] INFO  http.HttpServer2 (HttpServer2.java:addFilter(948)) - Added filter static_user_filter (class=org.apache.hadoop.http.lib.StaticUserWebFilter$StaticUserFilter) to context hddsDatanode
2019-10-25 11:07:32,739 [main] INFO  http.HttpServer2 (HttpServer2.java:addFilter(958)) - Added filter static_user_filter (class=org.apache.hadoop.http.lib.StaticUserWebFilter$StaticUserFilter) to context static
2019-10-25 11:07:32,739 [main] INFO  http.HttpServer2 (HttpServer2.java:addFilter(958)) - Added filter static_user_filter (class=org.apache.hadoop.http.lib.StaticUserWebFilter$StaticUserFilter) to context logs
2019-10-25 11:07:32,740 [main] INFO  http.HttpServer2 (HttpServer2.java:bindListener(1191)) - Jetty bound to port 40736
2019-10-25 11:07:32,740 [main] INFO  server.Server (Server.java:doStart(351)) - jetty-9.3.25.v20180904, build timestamp: 2018-09-04T21:11:46Z, git hash: 3ce520221d0240229c862b122d2b06c12a625732
2019-10-25 11:07:32,741 [main] INFO  handler.ContextHandler (ContextHandler.java:doStart(781)) - Started o.e.j.s.ServletContextHandler@e09f1b6{/logs,file:///workdir/hadoop-ozone/integration-test/target/log,AVAILABLE}
2019-10-25 11:07:32,742 [main] INFO  handler.ContextHandler (ContextHandler.java:doStart(781)) - Started o.e.j.s.ServletContextHandler@11b32a14{/static,jar:file:/home/user/.m2/repository/org/apache/hadoop/hadoop-hdds-container-service/0.5.0-SNAPSHOT/hadoop-hdds-container-service-0.5.0-SNAPSHOT.jar!/webapps/static,AVAILABLE}
2019-10-25 11:07:32,767 [main] INFO  handler.ContextHandler (ContextHandler.java:doStart(781)) - Started o.e.j.w.WebAppContext@164642a4{/,file:///tmp/jetty-0.0.0.0-40736-hddsDatanode-_-any-4754137393474264279.dir/webapp/,AVAILABLE}{/hddsDatanode}
2019-10-25 11:07:32,767 [main] INFO  server.AbstractConnector (AbstractConnector.java:doStart(278)) - Started ServerConnector@75cf0de5{HTTP/1.1,[http/1.1]}{0.0.0.0:40736}
2019-10-25 11:07:32,769 [main] INFO  server.Server (Server.java:doStart(419)) - Started @81149ms
2019-10-25 11:07:32,769 [main] WARN  impl.MetricsSystemImpl (MetricsSystemImpl.java:register(276)) - Sink prometheus already exists!
2019-10-25 11:07:32,769 [main] INFO  server.BaseHttpServer (BaseHttpServer.java:updateConnectorAddress(215)) - HTTP server of HDDSDATANODE is listening at http://0.0.0.0:40736
2019-10-25 11:07:32,770 [main] INFO  ozone.MiniOzoneClusterImpl (MiniOzoneClusterImpl.java:lambda$waitForClusterToBeReady$0(147)) - Waiting for cluster to be ready. Got 0 of 10 DN Heartbeats.
2019-10-25 11:07:32,771 [org.apache.hadoop.util.JvmPauseMonitor$Monitor@214c9800] INFO  util.JvmPauseMonitor (JvmPauseMonitor.java:run(188)) - Starting JVM pause monitor
2019-10-25 11:07:32,772 [Datanode State Machine Thread - 0] INFO  datanode.InitDatanodeState (InitDatanodeState.java:persistContainerDatanodeDetails(140)) - DatanodeDetails is persisted to /workdir/hadoop-ozone/integration-test/target/test-dir/MiniOzoneClusterImpl-0a85d326-9d58-4237-89dd-96557ce3dac1/datanode-9/meta/datanode.id
2019-10-25 11:07:33,770 [main] INFO  ozone.MiniOzoneClusterImpl (MiniOzoneClusterImpl.java:lambda$waitForClusterToBeReady$0(147)) - Waiting for cluster to be ready. Got 0 of 10 DN Heartbeats.
2019-10-25 11:07:34,264 [Datanode State Machine Thread - 0] INFO  ozoneimpl.OzoneContainer (OzoneContainer.java:start(213)) - Attempting to start container services.
2019-10-25 11:07:34,264 [Datanode State Machine Thread - 0] INFO  ozoneimpl.OzoneContainer (OzoneContainer.java:startContainerScrub(177)) - Background container scanner has been disabled.
2019-10-25 11:07:34,264 [Datanode State Machine Thread - 0] INFO  ratis.XceiverServerRatis (XceiverServerRatis.java:start(418)) - Starting XceiverServerRatis d6e16d1d-13ec-4d5e-a095-b06e50bc05c8 at port 0
2019-10-25 11:07:34,274 [Datanode State Machine Thread - 0] INFO  impl.RaftServerProxy (RaftServerProxy.java:lambda$start$3(299)) - d6e16d1d-13ec-4d5e-a095-b06e50bc05c8: start RPC server
2019-10-25 11:07:34,277 [Datanode State Machine Thread - 0] INFO  server.GrpcService (GrpcService.java:startImpl(158)) - d6e16d1d-13ec-4d5e-a095-b06e50bc05c8: GrpcService started, listening on 0.0.0.0/0.0.0.0:44794
2019-10-25 11:07:34,277 [Datanode State Machine Thread - 0] INFO  ratis.XceiverServerRatis (XceiverServerRatis.java:start(428)) - XceiverServerRatis d6e16d1d-13ec-4d5e-a095-b06e50bc05c8 is started using port 44794
2019-10-25 11:07:34,278 [Datanode State Machine Thread - 0] INFO  server.XceiverServerGrpc (XceiverServerGrpc.java:start(149)) - XceiverServerGrpc d6e16d1d-13ec-4d5e-a095-b06e50bc05c8 is started using port 38724
2019-10-25 11:07:34,304 [Datanode State Machine Thread - 0] INFO  ozoneimpl.OzoneContainer (OzoneContainer.java:start(213)) - Attempting to start container services.
2019-10-25 11:07:34,304 [Datanode State Machine Thread - 0] INFO  ozoneimpl.OzoneContainer (OzoneContainer.java:startContainerScrub(177)) - Background container scanner has been disabled.
2019-10-25 11:07:34,304 [Datanode State Machine Thread - 0] INFO  ratis.XceiverServerRatis (XceiverServerRatis.java:start(418)) - Starting XceiverServerRatis fd698530-c54c-4f87-b269-002f8f3935cd at port 0
2019-10-25 11:07:34,314 [Datanode State Machine Thread - 0] INFO  impl.RaftServerProxy (RaftServerProxy.java:lambda$start$3(299)) - fd698530-c54c-4f87-b269-002f8f3935cd: start RPC server
2019-10-25 11:07:34,315 [Datanode State Machine Thread - 0] INFO  server.GrpcService (GrpcService.java:startImpl(158)) - fd698530-c54c-4f87-b269-002f8f3935cd: GrpcService started, listening on 0.0.0.0/0.0.0.0:41166
2019-10-25 11:07:34,315 [Datanode State Machine Thread - 0] INFO  ratis.XceiverServerRatis (XceiverServerRatis.java:start(428)) - XceiverServerRatis fd698530-c54c-4f87-b269-002f8f3935cd is started using port 41166
2019-10-25 11:07:34,316 [Datanode State Machine Thread - 0] INFO  server.XceiverServerGrpc (XceiverServerGrpc.java:start(149)) - XceiverServerGrpc fd698530-c54c-4f87-b269-002f8f3935cd is started using port 41899
2019-10-25 11:07:34,361 [Datanode State Machine Thread - 0] INFO  ozoneimpl.OzoneContainer (OzoneContainer.java:start(213)) - Attempting to start container services.
2019-10-25 11:07:34,362 [Datanode State Machine Thread - 0] INFO  ozoneimpl.OzoneContainer (OzoneContainer.java:startContainerScrub(177)) - Background container scanner has been disabled.
2019-10-25 11:07:34,362 [Datanode State Machine Thread - 0] INFO  ratis.XceiverServerRatis (XceiverServerRatis.java:start(418)) - Starting XceiverServerRatis e8f52f97-4cbf-4021-bc09-65b78a9dc21b at port 0
2019-10-25 11:07:34,370 [Datanode State Machine Thread - 0] INFO  impl.RaftServerProxy (RaftServerProxy.java:lambda$start$3(299)) - e8f52f97-4cbf-4021-bc09-65b78a9dc21b: start RPC server
2019-10-25 11:07:34,373 [Datanode State Machine Thread - 0] INFO  server.GrpcService (GrpcService.java:startImpl(158)) - e8f52f97-4cbf-4021-bc09-65b78a9dc21b: GrpcService started, listening on 0.0.0.0/0.0.0.0:35183
2019-10-25 11:07:34,373 [Datanode State Machine Thread - 0] INFO  ratis.XceiverServerRatis (XceiverServerRatis.java:start(428)) - XceiverServerRatis e8f52f97-4cbf-4021-bc09-65b78a9dc21b is started using port 35183
2019-10-25 11:07:34,373 [Datanode State Machine Thread - 0] INFO  server.XceiverServerGrpc (XceiverServerGrpc.java:start(149)) - XceiverServerGrpc e8f52f97-4cbf-4021-bc09-65b78a9dc21b is started using port 44122
2019-10-25 11:07:34,419 [Datanode State Machine Thread - 0] INFO  ozoneimpl.OzoneContainer (OzoneContainer.java:start(213)) - Attempting to start container services.
2019-10-25 11:07:34,419 [Datanode State Machine Thread - 0] INFO  ozoneimpl.OzoneContainer (OzoneContainer.java:startContainerScrub(177)) - Background container scanner has been disabled.
2019-10-25 11:07:34,419 [Datanode State Machine Thread - 0] INFO  ratis.XceiverServerRatis (XceiverServerRatis.java:start(418)) - Starting XceiverServerRatis f5dc0a75-b584-4700-be7c-7942c0d8117c at port 0
2019-10-25 11:07:34,428 [Datanode State Machine Thread - 0] INFO  impl.RaftServerProxy (RaftServerProxy.java:lambda$start$3(299)) - f5dc0a75-b584-4700-be7c-7942c0d8117c: start RPC server
2019-10-25 11:07:34,428 [Datanode State Machine Thread - 0] INFO  server.GrpcService (GrpcService.java:startImpl(158)) - f5dc0a75-b584-4700-be7c-7942c0d8117c: GrpcService started, listening on 0.0.0.0/0.0.0.0:38534
2019-10-25 11:07:34,429 [Datanode State Machine Thread - 0] INFO  ratis.XceiverServerRatis (XceiverServerRatis.java:start(428)) - XceiverServerRatis f5dc0a75-b584-4700-be7c-7942c0d8117c is started using port 38534
2019-10-25 11:07:34,429 [Datanode State Machine Thread - 0] INFO  server.XceiverServerGrpc (XceiverServerGrpc.java:start(149)) - XceiverServerGrpc f5dc0a75-b584-4700-be7c-7942c0d8117c is started using port 33252
2019-10-25 11:07:34,478 [Datanode State Machine Thread - 0] INFO  ozoneimpl.OzoneContainer (OzoneContainer.java:start(213)) - Attempting to start container services.
2019-10-25 11:07:34,478 [Datanode State Machine Thread - 0] INFO  ozoneimpl.OzoneContainer (OzoneContainer.java:startContainerScrub(177)) - Background container scanner has been disabled.
2019-10-25 11:07:34,478 [Datanode State Machine Thread - 0] INFO  ratis.XceiverServerRatis (XceiverServerRatis.java:start(418)) - Starting XceiverServerRatis 8a2c850d-503a-4b6a-9325-357a6554e10c at port 0
2019-10-25 11:07:34,485 [Datanode State Machine Thread - 0] INFO  impl.RaftServerProxy (RaftServerProxy.java:lambda$start$3(299)) - 8a2c850d-503a-4b6a-9325-357a6554e10c: start RPC server
2019-10-25 11:07:34,486 [Datanode State Machine Thread - 0] INFO  server.GrpcService (GrpcService.java:startImpl(158)) - 8a2c850d-503a-4b6a-9325-357a6554e10c: GrpcService started, listening on 0.0.0.0/0.0.0.0:39046
2019-10-25 11:07:34,486 [Datanode State Machine Thread - 0] INFO  ratis.XceiverServerRatis (XceiverServerRatis.java:start(428)) - XceiverServerRatis 8a2c850d-503a-4b6a-9325-357a6554e10c is started using port 39046
2019-10-25 11:07:34,490 [Datanode State Machine Thread - 0] INFO  server.XceiverServerGrpc (XceiverServerGrpc.java:start(149)) - XceiverServerGrpc 8a2c850d-503a-4b6a-9325-357a6554e10c is started using port 38884
2019-10-25 11:07:34,535 [Datanode State Machine Thread - 0] INFO  ozoneimpl.OzoneContainer (OzoneContainer.java:start(213)) - Attempting to start container services.
2019-10-25 11:07:34,535 [Datanode State Machine Thread - 0] INFO  ozoneimpl.OzoneContainer (OzoneContainer.java:startContainerScrub(177)) - Background container scanner has been disabled.
2019-10-25 11:07:34,535 [Datanode State Machine Thread - 0] INFO  ratis.XceiverServerRatis (XceiverServerRatis.java:start(418)) - Starting XceiverServerRatis 7fad1e98-7a6b-4998-a30c-ec1ab88068bc at port 0
2019-10-25 11:07:34,542 [Datanode State Machine Thread - 0] INFO  impl.RaftServerProxy (RaftServerProxy.java:lambda$start$3(299)) - 7fad1e98-7a6b-4998-a30c-ec1ab88068bc: start RPC server
2019-10-25 11:07:34,543 [Datanode State Machine Thread - 0] INFO  server.GrpcService (GrpcService.java:startImpl(158)) - 7fad1e98-7a6b-4998-a30c-ec1ab88068bc: GrpcService started, listening on 0.0.0.0/0.0.0.0:35716
2019-10-25 11:07:34,543 [Datanode State Machine Thread - 0] INFO  ratis.XceiverServerRatis (XceiverServerRatis.java:start(428)) - XceiverServerRatis 7fad1e98-7a6b-4998-a30c-ec1ab88068bc is started using port 35716
2019-10-25 11:07:34,544 [Datanode State Machine Thread - 0] INFO  server.XceiverServerGrpc (XceiverServerGrpc.java:start(149)) - XceiverServerGrpc 7fad1e98-7a6b-4998-a30c-ec1ab88068bc is started using port 38020
2019-10-25 11:07:34,597 [Datanode State Machine Thread - 0] INFO  ozoneimpl.OzoneContainer (OzoneContainer.java:start(213)) - Attempting to start container services.
2019-10-25 11:07:34,599 [Datanode State Machine Thread - 0] INFO  ozoneimpl.OzoneContainer (OzoneContainer.java:startContainerScrub(177)) - Background container scanner has been disabled.
2019-10-25 11:07:34,599 [Datanode State Machine Thread - 0] INFO  ratis.XceiverServerRatis (XceiverServerRatis.java:start(418)) - Starting XceiverServerRatis bdb27072-dd00-4d3b-a7da-41600e490ca3 at port 0
2019-10-25 11:07:34,607 [Datanode State Machine Thread - 0] INFO  impl.RaftServerProxy (RaftServerProxy.java:lambda$start$3(299)) - bdb27072-dd00-4d3b-a7da-41600e490ca3: start RPC server
2019-10-25 11:07:34,608 [Datanode State Machine Thread - 0] INFO  server.GrpcService (GrpcService.java:startImpl(158)) - bdb27072-dd00-4d3b-a7da-41600e490ca3: GrpcService started, listening on 0.0.0.0/0.0.0.0:42906
2019-10-25 11:07:34,608 [Datanode State Machine Thread - 0] INFO  ratis.XceiverServerRatis (XceiverServerRatis.java:start(428)) - XceiverServerRatis bdb27072-dd00-4d3b-a7da-41600e490ca3 is started using port 42906
2019-10-25 11:07:34,611 [Datanode State Machine Thread - 0] INFO  server.XceiverServerGrpc (XceiverServerGrpc.java:start(149)) - XceiverServerGrpc bdb27072-dd00-4d3b-a7da-41600e490ca3 is started using port 37855
2019-10-25 11:07:34,665 [Datanode State Machine Thread - 0] INFO  ozoneimpl.OzoneContainer (OzoneContainer.java:start(213)) - Attempting to start container services.
2019-10-25 11:07:34,666 [Datanode State Machine Thread - 0] INFO  ozoneimpl.OzoneContainer (OzoneContainer.java:startContainerScrub(177)) - Background container scanner has been disabled.
2019-10-25 11:07:34,666 [Datanode State Machine Thread - 0] INFO  ratis.XceiverServerRatis (XceiverServerRatis.java:start(418)) - Starting XceiverServerRatis 4ec993a1-c88d-4e26-9851-97b3046e33ae at port 0
2019-10-25 11:07:34,673 [Datanode State Machine Thread - 0] INFO  impl.RaftServerProxy (RaftServerProxy.java:lambda$start$3(299)) - 4ec993a1-c88d-4e26-9851-97b3046e33ae: start RPC server
2019-10-25 11:07:34,674 [Datanode State Machine Thread - 0] INFO  server.GrpcService (GrpcService.java:startImpl(158)) - 4ec993a1-c88d-4e26-9851-97b3046e33ae: GrpcService started, listening on 0.0.0.0/0.0.0.0:41510
2019-10-25 11:07:34,674 [Datanode State Machine Thread - 0] INFO  ratis.XceiverServerRatis (XceiverServerRatis.java:start(428)) - XceiverServerRatis 4ec993a1-c88d-4e26-9851-97b3046e33ae is started using port 41510
2019-10-25 11:07:34,684 [Datanode State Machine Thread - 0] INFO  server.XceiverServerGrpc (XceiverServerGrpc.java:start(149)) - XceiverServerGrpc 4ec993a1-c88d-4e26-9851-97b3046e33ae is started using port 43943
2019-10-25 11:07:34,731 [Datanode State Machine Thread - 0] INFO  ozoneimpl.OzoneContainer (OzoneContainer.java:start(213)) - Attempting to start container services.
2019-10-25 11:07:34,732 [Datanode State Machine Thread - 0] INFO  ozoneimpl.OzoneContainer (OzoneContainer.java:startContainerScrub(177)) - Background container scanner has been disabled.
2019-10-25 11:07:34,732 [Datanode State Machine Thread - 0] INFO  ratis.XceiverServerRatis (XceiverServerRatis.java:start(418)) - Starting XceiverServerRatis ee32d20a-9ada-4130-97b0-6f12b38b3dc6 at port 0
2019-10-25 11:07:34,739 [Datanode State Machine Thread - 0] INFO  impl.RaftServerProxy (RaftServerProxy.java:lambda$start$3(299)) - ee32d20a-9ada-4130-97b0-6f12b38b3dc6: start RPC server
2019-10-25 11:07:34,740 [Datanode State Machine Thread - 0] INFO  server.GrpcService (GrpcService.java:startImpl(158)) - ee32d20a-9ada-4130-97b0-6f12b38b3dc6: GrpcService started, listening on 0.0.0.0/0.0.0.0:41846
2019-10-25 11:07:34,740 [Datanode State Machine Thread - 0] INFO  ratis.XceiverServerRatis (XceiverServerRatis.java:start(428)) - XceiverServerRatis ee32d20a-9ada-4130-97b0-6f12b38b3dc6 is started using port 41846
2019-10-25 11:07:34,741 [Datanode State Machine Thread - 0] INFO  server.XceiverServerGrpc (XceiverServerGrpc.java:start(149)) - XceiverServerGrpc ee32d20a-9ada-4130-97b0-6f12b38b3dc6 is started using port 35596
2019-10-25 11:07:34,771 [main] INFO  ozone.MiniOzoneClusterImpl (MiniOzoneClusterImpl.java:lambda$waitForClusterToBeReady$0(147)) - Waiting for cluster to be ready. Got 0 of 10 DN Heartbeats.
2019-10-25 11:07:34,786 [Datanode State Machine Thread - 0] INFO  ozoneimpl.OzoneContainer (OzoneContainer.java:start(213)) - Attempting to start container services.
2019-10-25 11:07:34,786 [Datanode State Machine Thread - 0] INFO  ozoneimpl.OzoneContainer (OzoneContainer.java:startContainerScrub(177)) - Background container scanner has been disabled.
2019-10-25 11:07:34,786 [Datanode State Machine Thread - 0] INFO  ratis.XceiverServerRatis (XceiverServerRatis.java:start(418)) - Starting XceiverServerRatis f6cfa8a2-85ff-4bb9-a246-101c53d2d47b at port 0
2019-10-25 11:07:34,795 [Datanode State Machine Thread - 0] INFO  impl.RaftServerProxy (RaftServerProxy.java:lambda$start$3(299)) - f6cfa8a2-85ff-4bb9-a246-101c53d2d47b: start RPC server
2019-10-25 11:07:34,796 [Datanode State Machine Thread - 0] INFO  server.GrpcService (GrpcService.java:startImpl(158)) - f6cfa8a2-85ff-4bb9-a246-101c53d2d47b: GrpcService started, listening on 0.0.0.0/0.0.0.0:44618
2019-10-25 11:07:34,796 [Datanode State Machine Thread - 0] INFO  ratis.XceiverServerRatis (XceiverServerRatis.java:start(428)) - XceiverServerRatis f6cfa8a2-85ff-4bb9-a246-101c53d2d47b is started using port 44618
2019-10-25 11:07:34,808 [Datanode State Machine Thread - 0] INFO  server.XceiverServerGrpc (XceiverServerGrpc.java:start(149)) - XceiverServerGrpc f6cfa8a2-85ff-4bb9-a246-101c53d2d47b is started using port 45775
2019-10-25 11:07:35,772 [main] INFO  ozone.MiniOzoneClusterImpl (MiniOzoneClusterImpl.java:lambda$waitForClusterToBeReady$0(147)) - Waiting for cluster to be ready. Got 0 of 10 DN Heartbeats.
2019-10-25 11:07:36,230 [IPC Server handler 0 on 45850] INFO  net.NetworkTopology (NetworkTopologyImpl.java:add(111)) - Added a new node: /rack1/d6e16d1d-13ec-4d5e-a095-b06e50bc05c8
2019-10-25 11:07:36,234 [IPC Server handler 0 on 45850] INFO  node.SCMNodeManager (SCMNodeManager.java:register(268)) - Registered Data node : d6e16d1d-13ec-4d5e-a095-b06e50bc05c8{ip: 192.168.157.233, host: pr-hdds-2359-lls5b-3453883328, networkLocation: /rack1, certSerialId: null}
2019-10-25 11:07:36,235 [EventQueue-NodeRegistrationContainerReportForDataNodeSafeModeRule] INFO  safemode.SCMSafeModeManager (DataNodeSafeModeRule.java:process(71)) - SCM in safe mode. 1 DataNodes registered, 1 required.
2019-10-25 11:07:36,238 [EventQueue-NodeRegistrationContainerReportForDataNodeSafeModeRule] INFO  safemode.SCMSafeModeManager (SCMSafeModeManager.java:validateSafeModeExitRules(177)) - ScmSafeModeManager, all rules are successfully validated
2019-10-25 11:07:36,238 [EventQueue-NodeRegistrationContainerReportForDataNodeSafeModeRule] INFO  safemode.SCMSafeModeManager (SCMSafeModeManager.java:exitSafeMode(193)) - SCM exiting safe mode.
2019-10-25 11:07:36,253 [grpc-default-executor-5] INFO  impl.RaftServerProxy (RaftServerProxy.java:addNew(89)) - d6e16d1d-13ec-4d5e-a095-b06e50bc05c8: addNew group-82B9CC752E8C:[d6e16d1d-13ec-4d5e-a095-b06e50bc05c8:192.168.157.233:44794] returns group-82B9CC752E8C:java.util.concurrent.CompletableFuture@1ae1db85[Not completed]
2019-10-25 11:07:36,259 [pool-150-thread-1] INFO  impl.RaftServerImpl (RaftServerImpl.java:<init>(104)) - d6e16d1d-13ec-4d5e-a095-b06e50bc05c8: new RaftServerImpl for group-82B9CC752E8C:[d6e16d1d-13ec-4d5e-a095-b06e50bc05c8:192.168.157.233:44794] with ContainerStateMachine:uninitialized
2019-10-25 11:07:36,260 [pool-150-thread-1] INFO  server.RaftServerConfigKeys (ConfUtils.java:logGet(43)) - raft.server.rpc.timeout.min = 1s (custom)
2019-10-25 11:07:36,260 [pool-150-thread-1] INFO  server.RaftServerConfigKeys (ConfUtils.java:logGet(43)) - raft.server.rpc.timeout.max = 1200ms (custom)
2019-10-25 11:07:36,260 [pool-150-thread-1] INFO  server.RaftServerConfigKeys (ConfUtils.java:logGet(43)) - raft.server.rpcslowness.timeout = 120s (custom)
2019-10-25 11:07:36,260 [pool-150-thread-1] INFO  server.RaftServerConfigKeys (ConfUtils.java:logGet(43)) - raft.server.sleep.deviation.threshold = 300 (default)
2019-10-25 11:07:36,260 [pool-150-thread-1] INFO  server.RaftServerConfigKeys (ConfUtils.java:logGet(43)) - raft.server.log.appender.install.snapshot.enabled = false (custom)
2019-10-25 11:07:36,261 [pool-150-thread-1] INFO  impl.RaftServerImpl (ServerState.java:<init>(103)) - d6e16d1d-13ec-4d5e-a095-b06e50bc05c8@group-82B9CC752E8C: ConfigurationManager, init=-1: [d6e16d1d-13ec-4d5e-a095-b06e50bc05c8:192.168.157.233:44794], old=null, confs=<EMPTY_MAP>
2019-10-25 11:07:36,261 [pool-150-thread-1] INFO  server.RaftServerConfigKeys (ConfUtils.java:logGet(43)) - raft.server.storage.dir = [/workdir/hadoop-ozone/integration-test/target/test-dir/MiniOzoneClusterImpl-0a85d326-9d58-4237-89dd-96557ce3dac1/datanode-0/data/ratis] (custom)
2019-10-25 11:07:36,262 [pool-150-thread-1] INFO  server.RaftServerConfigKeys (ConfUtils.java:logGet(43)) - raft.server.log.corruption.policy = EXCEPTION (default)
2019-10-25 11:07:36,262 [pool-150-thread-1] INFO  storage.RaftStorageDirectory (RaftStorageDirectory.java:analyzeStorage(246)) - The storage directory /workdir/hadoop-ozone/integration-test/target/test-dir/MiniOzoneClusterImpl-0a85d326-9d58-4237-89dd-96557ce3dac1/datanode-0/data/ratis/8d1b5a3a-5fb7-4787-a0f7-82b9cc752e8c does not exist. Creating ...
2019-10-25 11:07:36,275 [pool-150-thread-1] INFO  storage.RaftStorageDirectory (RaftStorageDirectory.java:tryLock(328)) - Lock on /workdir/hadoop-ozone/integration-test/target/test-dir/MiniOzoneClusterImpl-0a85d326-9d58-4237-89dd-96557ce3dac1/datanode-0/data/ratis/8d1b5a3a-5fb7-4787-a0f7-82b9cc752e8c/in_use.lock acquired by nodename 23771@pr-hdds-2359-lls5b-3453883328
2019-10-25 11:07:36,289 [pool-150-thread-1] INFO  storage.RaftStorage (RaftStorage.java:format(84)) - Storage directory /workdir/hadoop-ozone/integration-test/target/test-dir/MiniOzoneClusterImpl-0a85d326-9d58-4237-89dd-96557ce3dac1/datanode-0/data/ratis/8d1b5a3a-5fb7-4787-a0f7-82b9cc752e8c has been successfully formatted.
2019-10-25 11:07:36,289 [pool-150-thread-1] INFO  ratis.ContainerStateMachine (ContainerStateMachine.java:loadSnapshot(231)) - group-82B9CC752E8C: The snapshot info is null. Setting the last applied indexto:(t:0, i:~)
2019-10-25 11:07:36,289 [pool-150-thread-1] INFO  server.RaftServerConfigKeys (ConfUtils.java:logGet(43)) - raft.server.notification.no-leader.timeout = 120s (custom)
2019-10-25 11:07:36,289 [pool-150-thread-1] INFO  server.RaftServerConfigKeys (ConfUtils.java:logGet(43)) - raft.server.log.use.memory = false (default)
2019-10-25 11:07:36,290 [pool-150-thread-1] INFO  server.RaftServerConfigKeys (ConfUtils.java:logGet(43)) - raft.server.log.purge.gap = 1000000 (custom)
2019-10-25 11:07:36,290 [IPC Server handler 1 on 45850] INFO  net.NetworkTopology (NetworkTopologyImpl.java:add(111)) - Added a new node: /rack1/fd698530-c54c-4f87-b269-002f8f3935cd
2019-10-25 11:07:36,290 [pool-150-thread-1] INFO  server.RaftServerConfigKeys (ConfUtils.java:logGet(43)) - raft.server.log.appender.buffer.byte-limit = 33554432 (custom)
2019-10-25 11:07:36,290 [IPC Server handler 1 on 45850] INFO  node.SCMNodeManager (SCMNodeManager.java:register(268)) - Registered Data node : fd698530-c54c-4f87-b269-002f8f3935cd{ip: 192.168.157.233, host: pr-hdds-2359-lls5b-3453883328, networkLocation: /rack1, certSerialId: null}
2019-10-25 11:07:36,290 [pool-150-thread-1] INFO  server.RaftServerConfigKeys (ConfUtils.java:logGet(43)) - raft.server.log.segment.size.max = 1048576 (custom)
2019-10-25 11:07:36,293 [pool-150-thread-1] INFO  server.RaftServerConfigKeys (ConfUtils.java:logGet(43)) - raft.server.log.segment.cache.num.max = 2 (custom)
2019-10-25 11:07:36,294 [pool-150-thread-1] INFO  segmented.SegmentedRaftLogWorker (SegmentedRaftLogWorker.java:<init>(173)) - new d6e16d1d-13ec-4d5e-a095-b06e50bc05c8@group-82B9CC752E8C-SegmentedRaftLogWorker for RaftStorage:Storage Directory /workdir/hadoop-ozone/integration-test/target/test-dir/MiniOzoneClusterImpl-0a85d326-9d58-4237-89dd-96557ce3dac1/datanode-0/data/ratis/8d1b5a3a-5fb7-4787-a0f7-82b9cc752e8c
2019-10-25 11:07:36,294 [pool-150-thread-1] INFO  server.RaftServerConfigKeys (ConfUtils.java:logGet(43)) - raft.server.log.queue.byte-limit = 2147483647 (custom)
2019-10-25 11:07:36,294 [pool-150-thread-1] INFO  server.RaftServerConfigKeys (ConfUtils.java:logGet(43)) - raft.server.log.queue.element-limit = 1024 (custom)
2019-10-25 11:07:36,294 [pool-150-thread-1] INFO  server.RaftServerConfigKeys (ConfUtils.java:logGet(43)) - raft.server.log.segment.size.max = 1048576 (custom)
2019-10-25 11:07:36,294 [pool-150-thread-1] INFO  server.RaftServerConfigKeys (ConfUtils.java:logGet(43)) - raft.server.log.preallocated.size = 16384 (custom)
2019-10-25 11:07:36,294 [pool-150-thread-1] INFO  server.RaftServerConfigKeys (ConfUtils.java:logGet(43)) - raft.server.log.write.buffer.size = 33554432 (custom)
2019-10-25 11:07:36,294 [pool-150-thread-1] INFO  server.RaftServerConfigKeys (ConfUtils.java:logGet(43)) - raft.server.log.force.sync.num = 128 (default)
2019-10-25 11:07:36,295 [pool-150-thread-1] INFO  server.RaftServerConfigKeys (ConfUtils.java:logGet(43)) - raft.server.log.statemachine.data.sync = true (default)
2019-10-25 11:07:36,295 [pool-150-thread-1] INFO  server.RaftServerConfigKeys (ConfUtils.java:logGet(43)) - raft.server.log.statemachine.data.sync.timeout = 10s (default)
2019-10-25 11:07:36,295 [pool-150-thread-1] INFO  server.RaftServerConfigKeys (ConfUtils.java:logGet(43)) - raft.server.log.statemachine.data.sync.timeout.retry = -1 (default)
2019-10-25 11:07:36,296 [pool-150-thread-1] INFO  server.RaftServerConfigKeys (ConfUtils.java:logGet(43)) - raft.server.log.statemachine.data.caching.enabled = true (custom)
2019-10-25 11:07:36,296 [pool-150-thread-1] INFO  segmented.SegmentedRaftLogWorker (SegmentedRaftLogWorker.java:lambda$new$0(128)) - d6e16d1d-13ec-4d5e-a095-b06e50bc05c8@group-82B9CC752E8C-SegmentedRaftLogWorker: flushIndex: setUnconditionally 0 -> -1
2019-10-25 11:07:36,296 [pool-150-thread-1] INFO  server.RaftServerConfigKeys (ConfUtils.java:logGet(43)) - raft.server.snapshot.auto.trigger.enabled = true (custom)
2019-10-25 11:07:36,297 [pool-150-thread-1] INFO  server.RaftServerConfigKeys (ConfUtils.java:logGet(43)) - raft.server.snapshot.auto.trigger.threshold = 10000 (custom)
2019-10-25 11:07:36,297 [pool-150-thread-1] INFO  server.RaftServerConfigKeys (ConfUtils.java:logGet(43)) - raft.server.snapshot.retention.file.num = 5 (custom)
2019-10-25 11:07:36,297 [pool-150-thread-1] INFO  server.RaftServerConfigKeys (ConfUtils.java:logGet(43)) - raft.server.retrycache.expirytime = 600000ms (custom)
2019-10-25 11:07:36,301 [pool-150-thread-1] INFO  impl.RaftServerImpl (RaftServerImpl.java:start(195)) - d6e16d1d-13ec-4d5e-a095-b06e50bc05c8@group-82B9CC752E8C: start as a follower, conf=-1: [d6e16d1d-13ec-4d5e-a095-b06e50bc05c8:192.168.157.233:44794], old=null
2019-10-25 11:07:36,301 [pool-150-thread-1] INFO  impl.RaftServerImpl (RaftServerImpl.java:setRole(184)) - d6e16d1d-13ec-4d5e-a095-b06e50bc05c8@group-82B9CC752E8C: changes role from      null to FOLLOWER at term 0 for startAsFollower
2019-10-25 11:07:36,301 [pool-150-thread-1] INFO  impl.RoleInfo (RoleInfo.java:updateAndGet(143)) - d6e16d1d-13ec-4d5e-a095-b06e50bc05c8: start FollowerState
2019-10-25 11:07:36,321 [pool-150-thread-1] INFO  util.JmxRegister (JmxRegister.java:tryRegister(44)) - Successfully registered JMX Bean with object name Ratis:service=RaftServer,group=group-82B9CC752E8C,id=d6e16d1d-13ec-4d5e-a095-b06e50bc05c8
2019-10-25 11:07:36,335 [RatisPipelineUtilsThread] INFO  pipeline.PipelineStateManager (PipelineStateManager.java:addPipeline(56)) - Created pipeline Pipeline[ Id: 8d1b5a3a-5fb7-4787-a0f7-82b9cc752e8c, Nodes: d6e16d1d-13ec-4d5e-a095-b06e50bc05c8{ip: 192.168.157.233, host: pr-hdds-2359-lls5b-3453883328, networkLocation: /rack1, certSerialId: null}, Type:RATIS, Factor:ONE, State:OPEN]
2019-10-25 11:07:36,343 [grpc-default-executor-5] INFO  impl.RaftServerProxy (RaftServerProxy.java:addNew(89)) - fd698530-c54c-4f87-b269-002f8f3935cd: addNew group-CA09DB774987:[fd698530-c54c-4f87-b269-002f8f3935cd:192.168.157.233:41166] returns group-CA09DB774987:java.util.concurrent.CompletableFuture@9ee1be5[Not completed]
2019-10-25 11:07:36,345 [pool-160-thread-1] INFO  impl.RaftServerImpl (RaftServerImpl.java:<init>(104)) - fd698530-c54c-4f87-b269-002f8f3935cd: new RaftServerImpl for group-CA09DB774987:[fd698530-c54c-4f87-b269-002f8f3935cd:192.168.157.233:41166] with ContainerStateMachine:uninitialized
2019-10-25 11:07:36,345 [pool-160-thread-1] INFO  server.RaftServerConfigKeys (ConfUtils.java:logGet(43)) - raft.server.rpc.timeout.min = 1s (custom)
2019-10-25 11:07:36,345 [pool-160-thread-1] INFO  server.RaftServerConfigKeys (ConfUtils.java:logGet(43)) - raft.server.rpc.timeout.max = 1200ms (custom)
2019-10-25 11:07:36,345 [pool-160-thread-1] INFO  server.RaftServerConfigKeys (ConfUtils.java:logGet(43)) - raft.server.rpcslowness.timeout = 120s (custom)
2019-10-25 11:07:36,345 [pool-160-thread-1] INFO  server.RaftServerConfigKeys (ConfUtils.java:logGet(43)) - raft.server.sleep.deviation.threshold = 300 (default)
2019-10-25 11:07:36,345 [pool-160-thread-1] INFO  server.RaftServerConfigKeys (ConfUtils.java:logGet(43)) - raft.server.log.appender.install.snapshot.enabled = false (custom)
2019-10-25 11:07:36,345 [pool-160-thread-1] INFO  impl.RaftServerImpl (ServerState.java:<init>(103)) - fd698530-c54c-4f87-b269-002f8f3935cd@group-CA09DB774987: ConfigurationManager, init=-1: [fd698530-c54c-4f87-b269-002f8f3935cd:192.168.157.233:41166], old=null, confs=<EMPTY_MAP>
2019-10-25 11:07:36,345 [pool-160-thread-1] INFO  server.RaftServerConfigKeys (ConfUtils.java:logGet(43)) - raft.server.storage.dir = [/workdir/hadoop-ozone/integration-test/target/test-dir/MiniOzoneClusterImpl-0a85d326-9d58-4237-89dd-96557ce3dac1/datanode-1/data/ratis] (custom)
2019-10-25 11:07:36,346 [pool-160-thread-1] INFO  server.RaftServerConfigKeys (ConfUtils.java:logGet(43)) - raft.server.log.corruption.policy = EXCEPTION (default)
2019-10-25 11:07:36,346 [pool-160-thread-1] INFO  storage.RaftStorageDirectory (RaftStorageDirectory.java:analyzeStorage(246)) - The storage directory /workdir/hadoop-ozone/integration-test/target/test-dir/MiniOzoneClusterImpl-0a85d326-9d58-4237-89dd-96557ce3dac1/datanode-1/data/ratis/60aab155-d378-40cd-b974-ca09db774987 does not exist. Creating ...
2019-10-25 11:07:36,349 [IPC Server handler 4 on 45850] INFO  net.NetworkTopology (NetworkTopologyImpl.java:add(111)) - Added a new node: /rack1/e8f52f97-4cbf-4021-bc09-65b78a9dc21b
2019-10-25 11:07:36,349 [IPC Server handler 4 on 45850] INFO  node.SCMNodeManager (SCMNodeManager.java:register(268)) - Registered Data node : e8f52f97-4cbf-4021-bc09-65b78a9dc21b{ip: 192.168.157.233, host: pr-hdds-2359-lls5b-3453883328, networkLocation: /rack1, certSerialId: null}
2019-10-25 11:07:36,358 [pool-160-thread-1] INFO  storage.RaftStorageDirectory (RaftStorageDirectory.java:tryLock(328)) - Lock on /workdir/hadoop-ozone/integration-test/target/test-dir/MiniOzoneClusterImpl-0a85d326-9d58-4237-89dd-96557ce3dac1/datanode-1/data/ratis/60aab155-d378-40cd-b974-ca09db774987/in_use.lock acquired by nodename 23771@pr-hdds-2359-lls5b-3453883328
2019-10-25 11:07:36,358 [Thread-3590] INFO  impl.FollowerState (FollowerState.java:run(108)) - d6e16d1d-13ec-4d5e-a095-b06e50bc05c8@group-82B9CC752E8C-FollowerState: change to CANDIDATE, lastRpcTime:57ms, electionTimeout:57ms
2019-10-25 11:07:36,359 [Thread-3590] INFO  impl.RoleInfo (RoleInfo.java:shutdownFollowerState(121)) - d6e16d1d-13ec-4d5e-a095-b06e50bc05c8: shutdown FollowerState
2019-10-25 11:07:36,359 [Thread-3590] INFO  impl.RaftServerImpl (RaftServerImpl.java:setRole(184)) - d6e16d1d-13ec-4d5e-a095-b06e50bc05c8@group-82B9CC752E8C: changes role from  FOLLOWER to CANDIDATE at term 0 for changeToCandidate
2019-10-25 11:07:36,359 [Thread-3590] INFO  impl.RoleInfo (RoleInfo.java:updateAndGet(143)) - d6e16d1d-13ec-4d5e-a095-b06e50bc05c8: start LeaderElection
2019-10-25 11:07:36,375 [pool-160-thread-1] INFO  storage.RaftStorage (RaftStorage.java:format(84)) - Storage directory /workdir/hadoop-ozone/integration-test/target/test-dir/MiniOzoneClusterImpl-0a85d326-9d58-4237-89dd-96557ce3dac1/datanode-1/data/ratis/60aab155-d378-40cd-b974-ca09db774987 has been successfully formatted.
2019-10-25 11:07:36,375 [pool-160-thread-1] INFO  ratis.ContainerStateMachine (ContainerStateMachine.java:loadSnapshot(231)) - group-CA09DB774987: The snapshot info is null. Setting the last applied indexto:(t:0, i:~)
2019-10-25 11:07:36,375 [pool-160-thread-1] INFO  server.RaftServerConfigKeys (ConfUtils.java:logGet(43)) - raft.server.notification.no-leader.timeout = 120s (custom)
2019-10-25 11:07:36,375 [pool-160-thread-1] INFO  server.RaftServerConfigKeys (ConfUtils.java:logGet(43)) - raft.server.log.use.memory = false (default)
2019-10-25 11:07:36,376 [pool-160-thread-1] INFO  server.RaftServerConfigKeys (ConfUtils.java:logGet(43)) - raft.server.log.purge.gap = 1000000 (custom)
2019-10-25 11:07:36,376 [pool-160-thread-1] INFO  server.RaftServerConfigKeys (ConfUtils.java:logGet(43)) - raft.server.log.appender.buffer.byte-limit = 33554432 (custom)
2019-10-25 11:07:36,376 [pool-160-thread-1] INFO  server.RaftServerConfigKeys (ConfUtils.java:logGet(43)) - raft.server.log.segment.size.max = 1048576 (custom)
2019-10-25 11:07:36,378 [pool-160-thread-1] INFO  server.RaftServerConfigKeys (ConfUtils.java:logGet(43)) - raft.server.log.segment.cache.num.max = 2 (custom)
2019-10-25 11:07:36,378 [pool-160-thread-1] INFO  segmented.SegmentedRaftLogWorker (SegmentedRaftLogWorker.java:<init>(173)) - new fd698530-c54c-4f87-b269-002f8f3935cd@group-CA09DB774987-SegmentedRaftLogWorker for RaftStorage:Storage Directory /workdir/hadoop-ozone/integration-test/target/test-dir/MiniOzoneClusterImpl-0a85d326-9d58-4237-89dd-96557ce3dac1/datanode-1/data/ratis/60aab155-d378-40cd-b974-ca09db774987
2019-10-25 11:07:36,378 [pool-160-thread-1] INFO  server.RaftServerConfigKeys (ConfUtils.java:logGet(43)) - raft.server.log.queue.byte-limit = 2147483647 (custom)
2019-10-25 11:07:36,378 [pool-160-thread-1] INFO  server.RaftServerConfigKeys (ConfUtils.java:logGet(43)) - raft.server.log.queue.element-limit = 1024 (custom)
2019-10-25 11:07:36,378 [pool-160-thread-1] INFO  server.RaftServerConfigKeys (ConfUtils.java:logGet(43)) - raft.server.log.segment.size.max = 1048576 (custom)
2019-10-25 11:07:36,378 [pool-160-thread-1] INFO  server.RaftServerConfigKeys (ConfUtils.java:logGet(43)) - raft.server.log.preallocated.size = 16384 (custom)
2019-10-25 11:07:36,378 [pool-160-thread-1] INFO  server.RaftServerConfigKeys (ConfUtils.java:logGet(43)) - raft.server.log.write.buffer.size = 33554432 (custom)
2019-10-25 11:07:36,378 [pool-160-thread-1] INFO  server.RaftServerConfigKeys (ConfUtils.java:logGet(43)) - raft.server.log.force.sync.num = 128 (default)
2019-10-25 11:07:36,378 [pool-160-thread-1] INFO  server.RaftServerConfigKeys (ConfUtils.java:logGet(43)) - raft.server.log.statemachine.data.sync = true (default)
2019-10-25 11:07:36,378 [pool-160-thread-1] INFO  server.RaftServerConfigKeys (ConfUtils.java:logGet(43)) - raft.server.log.statemachine.data.sync.timeout = 10s (default)
2019-10-25 11:07:36,379 [pool-160-thread-1] INFO  server.RaftServerConfigKeys (ConfUtils.java:logGet(43)) - raft.server.log.statemachine.data.sync.timeout.retry = -1 (default)
2019-10-25 11:07:36,379 [pool-160-thread-1] INFO  server.RaftServerConfigKeys (ConfUtils.java:logGet(43)) - raft.server.log.statemachine.data.caching.enabled = true (custom)
2019-10-25 11:07:36,379 [pool-160-thread-1] INFO  segmented.SegmentedRaftLogWorker (SegmentedRaftLogWorker.java:lambda$new$0(128)) - fd698530-c54c-4f87-b269-002f8f3935cd@group-CA09DB774987-SegmentedRaftLogWorker: flushIndex: setUnconditionally 0 -> -1
2019-10-25 11:07:36,379 [pool-160-thread-1] INFO  server.RaftServerConfigKeys (ConfUtils.java:logGet(43)) - raft.server.snapshot.auto.trigger.enabled = true (custom)
2019-10-25 11:07:36,379 [pool-160-thread-1] INFO  server.RaftServerConfigKeys (ConfUtils.java:logGet(43)) - raft.server.snapshot.auto.trigger.threshold = 10000 (custom)
2019-10-25 11:07:36,379 [pool-160-thread-1] INFO  server.RaftServerConfigKeys (ConfUtils.java:logGet(43)) - raft.server.snapshot.retention.file.num = 5 (custom)
2019-10-25 11:07:36,380 [pool-160-thread-1] INFO  server.RaftServerConfigKeys (ConfUtils.java:logGet(43)) - raft.server.retrycache.expirytime = 600000ms (custom)
2019-10-25 11:07:36,383 [pool-160-thread-1] INFO  impl.RaftServerImpl (RaftServerImpl.java:start(195)) - fd698530-c54c-4f87-b269-002f8f3935cd@group-CA09DB774987: start as a follower, conf=-1: [fd698530-c54c-4f87-b269-002f8f3935cd:192.168.157.233:41166], old=null
2019-10-25 11:07:36,383 [pool-160-thread-1] INFO  impl.RaftServerImpl (RaftServerImpl.java:setRole(184)) - fd698530-c54c-4f87-b269-002f8f3935cd@group-CA09DB774987: changes role from      null to FOLLOWER at term 0 for startAsFollower
2019-10-25 11:07:36,383 [pool-160-thread-1] INFO  impl.RoleInfo (RoleInfo.java:updateAndGet(143)) - fd698530-c54c-4f87-b269-002f8f3935cd: start FollowerState
2019-10-25 11:07:36,383 [pool-160-thread-1] INFO  util.JmxRegister (JmxRegister.java:tryRegister(44)) - Successfully registered JMX Bean with object name Ratis:service=RaftServer,group=group-CA09DB774987,id=fd698530-c54c-4f87-b269-002f8f3935cd
2019-10-25 11:07:36,387 [RatisPipelineUtilsThread] INFO  pipeline.PipelineStateManager (PipelineStateManager.java:addPipeline(56)) - Created pipeline Pipeline[ Id: 60aab155-d378-40cd-b974-ca09db774987, Nodes: fd698530-c54c-4f87-b269-002f8f3935cd{ip: 192.168.157.233, host: pr-hdds-2359-lls5b-3453883328, networkLocation: /rack1, certSerialId: null}, Type:RATIS, Factor:ONE, State:OPEN]
2019-10-25 11:07:36,387 [d6e16d1d-13ec-4d5e-a095-b06e50bc05c8@group-82B9CC752E8C-LeaderElection417] INFO  impl.LeaderElection (LeaderElection.java:askForVotes(178)) - d6e16d1d-13ec-4d5e-a095-b06e50bc05c8@group-82B9CC752E8C-LeaderElection417: begin an election at term 1 for -1: [d6e16d1d-13ec-4d5e-a095-b06e50bc05c8:192.168.157.233:44794], old=null
2019-10-25 11:07:36,388 [d6e16d1d-13ec-4d5e-a095-b06e50bc05c8@group-82B9CC752E8C-LeaderElection417] INFO  impl.RoleInfo (RoleInfo.java:shutdownLeaderElection(134)) - d6e16d1d-13ec-4d5e-a095-b06e50bc05c8: shutdown LeaderElection
2019-10-25 11:07:36,388 [d6e16d1d-13ec-4d5e-a095-b06e50bc05c8@group-82B9CC752E8C-LeaderElection417] INFO  impl.RaftServerImpl (RaftServerImpl.java:setRole(184)) - d6e16d1d-13ec-4d5e-a095-b06e50bc05c8@group-82B9CC752E8C: changes role from CANDIDATE to LEADER at term 1 for changeToLeader
2019-10-25 11:07:36,390 [d6e16d1d-13ec-4d5e-a095-b06e50bc05c8@group-82B9CC752E8C-LeaderElection417] INFO  impl.RaftServerImpl (ServerState.java:setLeader(256)) - d6e16d1d-13ec-4d5e-a095-b06e50bc05c8@group-82B9CC752E8C: change Leader from null to d6e16d1d-13ec-4d5e-a095-b06e50bc05c8 at term 1 for becomeLeader, leader elected after 98ms
2019-10-25 11:07:36,390 [d6e16d1d-13ec-4d5e-a095-b06e50bc05c8@group-82B9CC752E8C-LeaderElection417] INFO  server.RaftServerConfigKeys (ConfUtils.java:logGet(43)) - raft.server.staging.catchup.gap = 1000 (default)
2019-10-25 11:07:36,390 [d6e16d1d-13ec-4d5e-a095-b06e50bc05c8@group-82B9CC752E8C-LeaderElection417] INFO  server.RaftServerConfigKeys (ConfUtils.java:logGet(43)) - raft.server.rpc.sleep.time = 25ms (default)
2019-10-25 11:07:36,390 [d6e16d1d-13ec-4d5e-a095-b06e50bc05c8@group-82B9CC752E8C-LeaderElection417] INFO  server.RaftServerConfigKeys (ConfUtils.java:logGet(43)) - raft.server.write.element-limit = 4096 (default)
2019-10-25 11:07:36,390 [d6e16d1d-13ec-4d5e-a095-b06e50bc05c8@group-82B9CC752E8C-LeaderElection417] INFO  server.RaftServerConfigKeys (ConfUtils.java:logGet(43)) - raft.server.watch.timeout = 10s (default)
2019-10-25 11:07:36,390 [d6e16d1d-13ec-4d5e-a095-b06e50bc05c8@group-82B9CC752E8C-LeaderElection417] INFO  server.RaftServerConfigKeys (ConfUtils.java:logGet(43)) - raft.server.watch.timeout.denomination = 1s (default)
2019-10-25 11:07:36,391 [d6e16d1d-13ec-4d5e-a095-b06e50bc05c8@group-82B9CC752E8C-LeaderElection417] INFO  server.RaftServerConfigKeys (ConfUtils.java:logGet(43)) - raft.server.watch.element-limit = 65536 (default)
2019-10-25 11:07:36,393 [d6e16d1d-13ec-4d5e-a095-b06e50bc05c8@group-82B9CC752E8C-LeaderElection417] INFO  impl.RoleInfo (RoleInfo.java:updateAndGet(143)) - d6e16d1d-13ec-4d5e-a095-b06e50bc05c8: start LeaderState
2019-10-25 11:07:36,394 [d6e16d1d-13ec-4d5e-a095-b06e50bc05c8@group-82B9CC752E8C-LeaderElection417] INFO  segmented.SegmentedRaftLogWorker (SegmentedRaftLogWorker.java:startLogSegment(385)) - d6e16d1d-13ec-4d5e-a095-b06e50bc05c8@group-82B9CC752E8C-SegmentedRaftLogWorker: Starting segment from index:0
2019-10-25 11:07:36,398 [grpc-default-executor-5] INFO  impl.RaftServerProxy (RaftServerProxy.java:addNew(89)) - e8f52f97-4cbf-4021-bc09-65b78a9dc21b: addNew group-016290E7A11E:[e8f52f97-4cbf-4021-bc09-65b78a9dc21b:192.168.157.233:35183] returns group-016290E7A11E:java.util.concurrent.CompletableFuture@6103fd7[Not completed]
2019-10-25 11:07:36,398 [d6e16d1d-13ec-4d5e-a095-b06e50bc05c8@group-82B9CC752E8C-LeaderElection417] INFO  impl.RaftServerImpl (ServerState.java:setRaftConf(357)) - d6e16d1d-13ec-4d5e-a095-b06e50bc05c8@group-82B9CC752E8C: set configuration 0: [d6e16d1d-13ec-4d5e-a095-b06e50bc05c8:192.168.157.233:44794], old=null at 0
2019-10-25 11:07:36,442 [IPC Server handler 5 on 45850] INFO  net.NetworkTopology (NetworkTopologyImpl.java:add(111)) - Added a new node: /rack1/f5dc0a75-b584-4700-be7c-7942c0d8117c
2019-10-25 11:07:36,442 [IPC Server handler 5 on 45850] INFO  node.SCMNodeManager (SCMNodeManager.java:register(268)) - Registered Data node : f5dc0a75-b584-4700-be7c-7942c0d8117c{ip: 192.168.157.233, host: pr-hdds-2359-lls5b-3453883328, networkLocation: /rack1, certSerialId: null}
2019-10-25 11:07:36,443 [pool-170-thread-1] INFO  impl.RaftServerImpl (RaftServerImpl.java:<init>(104)) - e8f52f97-4cbf-4021-bc09-65b78a9dc21b: new RaftServerImpl for group-016290E7A11E:[e8f52f97-4cbf-4021-bc09-65b78a9dc21b:192.168.157.233:35183] with ContainerStateMachine:uninitialized
2019-10-25 11:07:36,443 [pool-170-thread-1] INFO  server.RaftServerConfigKeys (ConfUtils.java:logGet(43)) - raft.server.rpc.timeout.min = 1s (custom)
2019-10-25 11:07:36,443 [pool-170-thread-1] INFO  server.RaftServerConfigKeys (ConfUtils.java:logGet(43)) - raft.server.rpc.timeout.max = 1200ms (custom)
2019-10-25 11:07:36,443 [pool-170-thread-1] INFO  server.RaftServerConfigKeys (ConfUtils.java:logGet(43)) - raft.server.rpcslowness.timeout = 120s (custom)
2019-10-25 11:07:36,443 [pool-170-thread-1] INFO  server.RaftServerConfigKeys (ConfUtils.java:logGet(43)) - raft.server.sleep.deviation.threshold = 300 (default)
2019-10-25 11:07:36,444 [pool-170-thread-1] INFO  server.RaftServerConfigKeys (ConfUtils.java:logGet(43)) - raft.server.log.appender.install.snapshot.enabled = false (custom)
2019-10-25 11:07:36,444 [pool-170-thread-1] INFO  impl.RaftServerImpl (ServerState.java:<init>(103)) - e8f52f97-4cbf-4021-bc09-65b78a9dc21b@group-016290E7A11E: ConfigurationManager, init=-1: [e8f52f97-4cbf-4021-bc09-65b78a9dc21b:192.168.157.233:35183], old=null, confs=<EMPTY_MAP>
2019-10-25 11:07:36,444 [pool-170-thread-1] INFO  server.RaftServerConfigKeys (ConfUtils.java:logGet(43)) - raft.server.storage.dir = [/workdir/hadoop-ozone/integration-test/target/test-dir/MiniOzoneClusterImpl-0a85d326-9d58-4237-89dd-96557ce3dac1/datanode-2/data/ratis] (custom)
2019-10-25 11:07:36,444 [pool-170-thread-1] INFO  server.RaftServerConfigKeys (ConfUtils.java:logGet(43)) - raft.server.log.corruption.policy = EXCEPTION (default)
2019-10-25 11:07:36,444 [pool-170-thread-1] INFO  storage.RaftStorageDirectory (RaftStorageDirectory.java:analyzeStorage(246)) - The storage directory /workdir/hadoop-ozone/integration-test/target/test-dir/MiniOzoneClusterImpl-0a85d326-9d58-4237-89dd-96557ce3dac1/datanode-2/data/ratis/32a63d4a-e6e1-4222-bc93-016290e7a11e does not exist. Creating ...
2019-10-25 11:07:36,451 [pool-170-thread-1] INFO  storage.RaftStorageDirectory (RaftStorageDirectory.java:tryLock(328)) - Lock on /workdir/hadoop-ozone/integration-test/target/test-dir/MiniOzoneClusterImpl-0a85d326-9d58-4237-89dd-96557ce3dac1/datanode-2/data/ratis/32a63d4a-e6e1-4222-bc93-016290e7a11e/in_use.lock acquired by nodename 23771@pr-hdds-2359-lls5b-3453883328
2019-10-25 11:07:36,451 [d6e16d1d-13ec-4d5e-a095-b06e50bc05c8@group-82B9CC752E8C-SegmentedRaftLogWorker] INFO  segmented.SegmentedRaftLogWorker (SegmentedRaftLogWorker.java:execute(576)) - d6e16d1d-13ec-4d5e-a095-b06e50bc05c8@group-82B9CC752E8C-SegmentedRaftLogWorker: created new log segment /workdir/hadoop-ozone/integration-test/target/test-dir/MiniOzoneClusterImpl-0a85d326-9d58-4237-89dd-96557ce3dac1/datanode-0/data/ratis/8d1b5a3a-5fb7-4787-a0f7-82b9cc752e8c/current/log_inprogress_0
2019-10-25 11:07:36,463 [IPC Server handler 6 on 45850] INFO  net.NetworkTopology (NetworkTopologyImpl.java:add(111)) - Added a new node: /rack1/8a2c850d-503a-4b6a-9325-357a6554e10c
2019-10-25 11:07:36,464 [IPC Server handler 6 on 45850] INFO  node.SCMNodeManager (SCMNodeManager.java:register(268)) - Registered Data node : 8a2c850d-503a-4b6a-9325-357a6554e10c{ip: 192.168.157.233, host: pr-hdds-2359-lls5b-3453883328, networkLocation: /rack1, certSerialId: null}
2019-10-25 11:07:36,464 [pool-170-thread-1] INFO  storage.RaftStorage (RaftStorage.java:format(84)) - Storage directory /workdir/hadoop-ozone/integration-test/target/test-dir/MiniOzoneClusterImpl-0a85d326-9d58-4237-89dd-96557ce3dac1/datanode-2/data/ratis/32a63d4a-e6e1-4222-bc93-016290e7a11e has been successfully formatted.
2019-10-25 11:07:36,465 [pool-170-thread-1] INFO  ratis.ContainerStateMachine (ContainerStateMachine.java:loadSnapshot(231)) - group-016290E7A11E: The snapshot info is null. Setting the last applied indexto:(t:0, i:~)
2019-10-25 11:07:36,465 [pool-170-thread-1] INFO  server.RaftServerConfigKeys (ConfUtils.java:logGet(43)) - raft.server.notification.no-leader.timeout = 120s (custom)
2019-10-25 11:07:36,465 [pool-170-thread-1] INFO  server.RaftServerConfigKeys (ConfUtils.java:logGet(43)) - raft.server.log.use.memory = false (default)
2019-10-25 11:07:36,466 [pool-170-thread-1] INFO  server.RaftServerConfigKeys (ConfUtils.java:logGet(43)) - raft.server.log.purge.gap = 1000000 (custom)
2019-10-25 11:07:36,466 [pool-170-thread-1] INFO  server.RaftServerConfigKeys (ConfUtils.java:logGet(43)) - raft.server.log.appender.buffer.byte-limit = 33554432 (custom)
2019-10-25 11:07:36,466 [pool-170-thread-1] INFO  server.RaftServerConfigKeys (ConfUtils.java:logGet(43)) - raft.server.log.segment.size.max = 1048576 (custom)
2019-10-25 11:07:36,469 [pool-170-thread-1] INFO  server.RaftServerConfigKeys (ConfUtils.java:logGet(43)) - raft.server.log.segment.cache.num.max = 2 (custom)
2019-10-25 11:07:36,469 [pool-170-thread-1] INFO  segmented.SegmentedRaftLogWorker (SegmentedRaftLogWorker.java:<init>(173)) - new e8f52f97-4cbf-4021-bc09-65b78a9dc21b@group-016290E7A11E-SegmentedRaftLogWorker for RaftStorage:Storage Directory /workdir/hadoop-ozone/integration-test/target/test-dir/MiniOzoneClusterImpl-0a85d326-9d58-4237-89dd-96557ce3dac1/datanode-2/data/ratis/32a63d4a-e6e1-4222-bc93-016290e7a11e
2019-10-25 11:07:36,469 [pool-170-thread-1] INFO  server.RaftServerConfigKeys (ConfUtils.java:logGet(43)) - raft.server.log.queue.byte-limit = 2147483647 (custom)
2019-10-25 11:07:36,469 [pool-170-thread-1] INFO  server.RaftServerConfigKeys (ConfUtils.java:logGet(43)) - raft.server.log.queue.element-limit = 1024 (custom)
2019-10-25 11:07:36,469 [pool-170-thread-1] INFO  server.RaftServerConfigKeys (ConfUtils.java:logGet(43)) - raft.server.log.segment.size.max = 1048576 (custom)
2019-10-25 11:07:36,470 [pool-170-thread-1] INFO  server.RaftServerConfigKeys (ConfUtils.java:logGet(43)) - raft.server.log.preallocated.size = 16384 (custom)
2019-10-25 11:07:36,470 [pool-170-thread-1] INFO  server.RaftServerConfigKeys (ConfUtils.java:logGet(43)) - raft.server.log.write.buffer.size = 33554432 (custom)
2019-10-25 11:07:36,470 [pool-170-thread-1] INFO  server.RaftServerConfigKeys (ConfUtils.java:logGet(43)) - raft.server.log.force.sync.num = 128 (default)
2019-10-25 11:07:36,470 [pool-170-thread-1] INFO  server.RaftServerConfigKeys (ConfUtils.java:logGet(43)) - raft.server.log.statemachine.data.sync = true (default)
2019-10-25 11:07:36,470 [pool-170-thread-1] INFO  server.RaftServerConfigKeys (ConfUtils.java:logGet(43)) - raft.server.log.statemachine.data.sync.timeout = 10s (default)
2019-10-25 11:07:36,470 [pool-170-thread-1] INFO  server.RaftServerConfigKeys (ConfUtils.java:logGet(43)) - raft.server.log.statemachine.data.sync.timeout.retry = -1 (default)
2019-10-25 11:07:36,471 [pool-170-thread-1] INFO  server.RaftServerConfigKeys (ConfUtils.java:logGet(43)) - raft.server.log.statemachine.data.caching.enabled = true (custom)
2019-10-25 11:07:36,471 [pool-170-thread-1] INFO  segmented.SegmentedRaftLogWorker (SegmentedRaftLogWorker.java:lambda$new$0(128)) - e8f52f97-4cbf-4021-bc09-65b78a9dc21b@group-016290E7A11E-SegmentedRaftLogWorker: flushIndex: setUnconditionally 0 -> -1
2019-10-25 11:07:36,471 [pool-170-thread-1] INFO  server.RaftServerConfigKeys (ConfUtils.java:logGet(43)) - raft.server.snapshot.auto.trigger.enabled = true (custom)
2019-10-25 11:07:36,472 [pool-170-thread-1] INFO  server.RaftServerConfigKeys (ConfUtils.java:logGet(43)) - raft.server.snapshot.auto.trigger.threshold = 10000 (custom)
2019-10-25 11:07:36,472 [pool-170-thread-1] INFO  server.RaftServerConfigKeys (ConfUtils.java:logGet(43)) - raft.server.snapshot.retention.file.num = 5 (custom)
2019-10-25 11:07:36,472 [pool-170-thread-1] INFO  server.RaftServerConfigKeys (ConfUtils.java:logGet(43)) - raft.server.retrycache.expirytime = 600000ms (custom)
2019-10-25 11:07:36,477 [pool-170-thread-1] INFO  impl.RaftServerImpl (RaftServerImpl.java:start(195)) - e8f52f97-4cbf-4021-bc09-65b78a9dc21b@group-016290E7A11E: start as a follower, conf=-1: [e8f52f97-4cbf-4021-bc09-65b78a9dc21b:192.168.157.233:35183], old=null
2019-10-25 11:07:36,477 [pool-170-thread-1] INFO  impl.RaftServerImpl (RaftServerImpl.java:setRole(184)) - e8f52f97-4cbf-4021-bc09-65b78a9dc21b@group-016290E7A11E: changes role from      null to FOLLOWER at term 0 for startAsFollower
2019-10-25 11:07:36,477 [pool-170-thread-1] INFO  impl.RoleInfo (RoleInfo.java:updateAndGet(143)) - e8f52f97-4cbf-4021-bc09-65b78a9dc21b: start FollowerState
2019-10-25 11:07:36,478 [pool-170-thread-1] INFO  util.JmxRegister (JmxRegister.java:tryRegister(44)) - Successfully registered JMX Bean with object name Ratis:service=RaftServer,group=group-016290E7A11E,id=e8f52f97-4cbf-4021-bc09-65b78a9dc21b
2019-10-25 11:07:36,483 [RatisPipelineUtilsThread] INFO  pipeline.PipelineStateManager (PipelineStateManager.java:addPipeline(56)) - Created pipeline Pipeline[ Id: 32a63d4a-e6e1-4222-bc93-016290e7a11e, Nodes: e8f52f97-4cbf-4021-bc09-65b78a9dc21b{ip: 192.168.157.233, host: pr-hdds-2359-lls5b-3453883328, networkLocation: /rack1, certSerialId: null}, Type:RATIS, Factor:ONE, State:OPEN]
2019-10-25 11:07:36,494 [grpc-default-executor-5] INFO  impl.RaftServerProxy (RaftServerProxy.java:addNew(89)) - 8a2c850d-503a-4b6a-9325-357a6554e10c: addNew group-9107D82F7BDD:[8a2c850d-503a-4b6a-9325-357a6554e10c:192.168.157.233:39046] returns group-9107D82F7BDD:java.util.concurrent.CompletableFuture@1784eaf7[Not completed]
2019-10-25 11:07:36,496 [pool-190-thread-1] INFO  impl.RaftServerImpl (RaftServerImpl.java:<init>(104)) - 8a2c850d-503a-4b6a-9325-357a6554e10c: new RaftServerImpl for group-9107D82F7BDD:[8a2c850d-503a-4b6a-9325-357a6554e10c:192.168.157.233:39046] with ContainerStateMachine:uninitialized
2019-10-25 11:07:36,496 [pool-190-thread-1] INFO  server.RaftServerConfigKeys (ConfUtils.java:logGet(43)) - raft.server.rpc.timeout.min = 1s (custom)
2019-10-25 11:07:36,496 [pool-190-thread-1] INFO  server.RaftServerConfigKeys (ConfUtils.java:logGet(43)) - raft.server.rpc.timeout.max = 1200ms (custom)
2019-10-25 11:07:36,497 [pool-190-thread-1] INFO  server.RaftServerConfigKeys (ConfUtils.java:logGet(43)) - raft.server.rpcslowness.timeout = 120s (custom)
2019-10-25 11:07:36,497 [pool-190-thread-1] INFO  server.RaftServerConfigKeys (ConfUtils.java:logGet(43)) - raft.server.sleep.deviation.threshold = 300 (default)
2019-10-25 11:07:36,497 [pool-190-thread-1] INFO  server.RaftServerConfigKeys (ConfUtils.java:logGet(43)) - raft.server.log.appender.install.snapshot.enabled = false (custom)
2019-10-25 11:07:36,497 [pool-190-thread-1] INFO  impl.RaftServerImpl (ServerState.java:<init>(103)) - 8a2c850d-503a-4b6a-9325-357a6554e10c@group-9107D82F7BDD: ConfigurationManager, init=-1: [8a2c850d-503a-4b6a-9325-357a6554e10c:192.168.157.233:39046], old=null, confs=<EMPTY_MAP>
2019-10-25 11:07:36,497 [pool-190-thread-1] INFO  server.RaftServerConfigKeys (ConfUtils.java:logGet(43)) - raft.server.storage.dir = [/workdir/hadoop-ozone/integration-test/target/test-dir/MiniOzoneClusterImpl-0a85d326-9d58-4237-89dd-96557ce3dac1/datanode-4/data/ratis] (custom)
2019-10-25 11:07:36,497 [pool-190-thread-1] INFO  server.RaftServerConfigKeys (ConfUtils.java:logGet(43)) - raft.server.log.corruption.policy = EXCEPTION (default)
2019-10-25 11:07:36,498 [pool-190-thread-1] INFO  storage.RaftStorageDirectory (RaftStorageDirectory.java:analyzeStorage(246)) - The storage directory /workdir/hadoop-ozone/integration-test/target/test-dir/MiniOzoneClusterImpl-0a85d326-9d58-4237-89dd-96557ce3dac1/datanode-4/data/ratis/8c31b6bb-1b91-4400-83f3-9107d82f7bdd does not exist. Creating ...
2019-10-25 11:07:36,511 [pool-190-thread-1] INFO  storage.RaftStorageDirectory (RaftStorageDirectory.java:tryLock(328)) - Lock on /workdir/hadoop-ozone/integration-test/target/test-dir/MiniOzoneClusterImpl-0a85d326-9d58-4237-89dd-96557ce3dac1/datanode-4/data/ratis/8c31b6bb-1b91-4400-83f3-9107d82f7bdd/in_use.lock acquired by nodename 23771@pr-hdds-2359-lls5b-3453883328
2019-10-25 11:07:36,514 [pool-190-thread-1] INFO  storage.RaftStorage (RaftStorage.java:format(84)) - Storage directory /workdir/hadoop-ozone/integration-test/target/test-dir/MiniOzoneClusterImpl-0a85d326-9d58-4237-89dd-96557ce3dac1/datanode-4/data/ratis/8c31b6bb-1b91-4400-83f3-9107d82f7bdd has been successfully formatted.
2019-10-25 11:07:36,514 [pool-190-thread-1] INFO  ratis.ContainerStateMachine (ContainerStateMachine.java:loadSnapshot(231)) - group-9107D82F7BDD: The snapshot info is null. Setting the last applied indexto:(t:0, i:~)
2019-10-25 11:07:36,515 [pool-190-thread-1] INFO  server.RaftServerConfigKeys (ConfUtils.java:logGet(43)) - raft.server.notification.no-leader.timeout = 120s (custom)
2019-10-25 11:07:36,515 [pool-190-thread-1] INFO  server.RaftServerConfigKeys (ConfUtils.java:logGet(43)) - raft.server.log.use.memory = false (default)
2019-10-25 11:07:36,515 [pool-190-thread-1] INFO  server.RaftServerConfigKeys (ConfUtils.java:logGet(43)) - raft.server.log.purge.gap = 1000000 (custom)
2019-10-25 11:07:36,515 [pool-190-thread-1] INFO  server.RaftServerConfigKeys (ConfUtils.java:logGet(43)) - raft.server.log.appender.buffer.byte-limit = 33554432 (custom)
2019-10-25 11:07:36,515 [pool-190-thread-1] INFO  server.RaftServerConfigKeys (ConfUtils.java:logGet(43)) - raft.server.log.segment.size.max = 1048576 (custom)
2019-10-25 11:07:36,517 [pool-190-thread-1] INFO  server.RaftServerConfigKeys (ConfUtils.java:logGet(43)) - raft.server.log.segment.cache.num.max = 2 (custom)
2019-10-25 11:07:36,517 [pool-190-thread-1] INFO  segmented.SegmentedRaftLogWorker (SegmentedRaftLogWorker.java:<init>(173)) - new 8a2c850d-503a-4b6a-9325-357a6554e10c@group-9107D82F7BDD-SegmentedRaftLogWorker for RaftStorage:Storage Directory /workdir/hadoop-ozone/integration-test/target/test-dir/MiniOzoneClusterImpl-0a85d326-9d58-4237-89dd-96557ce3dac1/datanode-4/data/ratis/8c31b6bb-1b91-4400-83f3-9107d82f7bdd
2019-10-25 11:07:36,518 [pool-190-thread-1] INFO  server.RaftServerConfigKeys (ConfUtils.java:logGet(43)) - raft.server.log.queue.byte-limit = 2147483647 (custom)
2019-10-25 11:07:36,518 [pool-190-thread-1] INFO  server.RaftServerConfigKeys (ConfUtils.java:logGet(43)) - raft.server.log.queue.element-limit = 1024 (custom)
2019-10-25 11:07:36,518 [pool-190-thread-1] INFO  server.RaftServerConfigKeys (ConfUtils.java:logGet(43)) - raft.server.log.segment.size.max = 1048576 (custom)
2019-10-25 11:07:36,518 [pool-190-thread-1] INFO  server.RaftServerConfigKeys (ConfUtils.java:logGet(43)) - raft.server.log.preallocated.size = 16384 (custom)
2019-10-25 11:07:36,518 [pool-190-thread-1] INFO  server.RaftServerConfigKeys (ConfUtils.java:logGet(43)) - raft.server.log.write.buffer.size = 33554432 (custom)
2019-10-25 11:07:36,518 [pool-190-thread-1] INFO  server.RaftServerConfigKeys (ConfUtils.java:logGet(43)) - raft.server.log.force.sync.num = 128 (default)
2019-10-25 11:07:36,518 [pool-190-thread-1] INFO  server.RaftServerConfigKeys (ConfUtils.java:logGet(43)) - raft.server.log.statemachine.data.sync = true (default)
2019-10-25 11:07:36,518 [pool-190-thread-1] INFO  server.RaftServerConfigKeys (ConfUtils.java:logGet(43)) - raft.server.log.statemachine.data.sync.timeout = 10s (default)
2019-10-25 11:07:36,519 [pool-190-thread-1] INFO  server.RaftServerConfigKeys (ConfUtils.java:logGet(43)) - raft.server.log.statemachine.data.sync.timeout.retry = -1 (default)
2019-10-25 11:07:36,519 [pool-190-thread-1] INFO  server.RaftServerConfigKeys (ConfUtils.java:logGet(43)) - raft.server.log.statemachine.data.caching.enabled = true (custom)
2019-10-25 11:07:36,519 [pool-190-thread-1] INFO  segmented.SegmentedRaftLogWorker (SegmentedRaftLogWorker.java:lambda$new$0(128)) - 8a2c850d-503a-4b6a-9325-357a6554e10c@group-9107D82F7BDD-SegmentedRaftLogWorker: flushIndex: setUnconditionally 0 -> -1
2019-10-25 11:07:36,520 [pool-190-thread-1] INFO  server.RaftServerConfigKeys (ConfUtils.java:logGet(43)) - raft.server.snapshot.auto.trigger.enabled = true (custom)
2019-10-25 11:07:36,520 [pool-190-thread-1] INFO  server.RaftServerConfigKeys (ConfUtils.java:logGet(43)) - raft.server.snapshot.auto.trigger.threshold = 10000 (custom)
2019-10-25 11:07:36,520 [pool-190-thread-1] INFO  server.RaftServerConfigKeys (ConfUtils.java:logGet(43)) - raft.server.snapshot.retention.file.num = 5 (custom)
2019-10-25 11:07:36,520 [pool-190-thread-1] INFO  server.RaftServerConfigKeys (ConfUtils.java:logGet(43)) - raft.server.retrycache.expirytime = 600000ms (custom)
2019-10-25 11:07:36,523 [IPC Server handler 7 on 45850] INFO  net.NetworkTopology (NetworkTopologyImpl.java:add(111)) - Added a new node: /rack1/7fad1e98-7a6b-4998-a30c-ec1ab88068bc
2019-10-25 11:07:36,523 [IPC Server handler 7 on 45850] INFO  node.SCMNodeManager (SCMNodeManager.java:register(268)) - Registered Data node : 7fad1e98-7a6b-4998-a30c-ec1ab88068bc{ip: 192.168.157.233, host: pr-hdds-2359-lls5b-3453883328, networkLocation: /rack1, certSerialId: null}
2019-10-25 11:07:36,524 [pool-190-thread-1] INFO  impl.RaftServerImpl (RaftServerImpl.java:start(195)) - 8a2c850d-503a-4b6a-9325-357a6554e10c@group-9107D82F7BDD: start as a follower, conf=-1: [8a2c850d-503a-4b6a-9325-357a6554e10c:192.168.157.233:39046], old=null
2019-10-25 11:07:36,525 [pool-190-thread-1] INFO  impl.RaftServerImpl (RaftServerImpl.java:setRole(184)) - 8a2c850d-503a-4b6a-9325-357a6554e10c@group-9107D82F7BDD: changes role from      null to FOLLOWER at term 0 for startAsFollower
2019-10-25 11:07:36,525 [pool-190-thread-1] INFO  impl.RoleInfo (RoleInfo.java:updateAndGet(143)) - 8a2c850d-503a-4b6a-9325-357a6554e10c: start FollowerState
2019-10-25 11:07:36,525 [pool-190-thread-1] INFO  util.JmxRegister (JmxRegister.java:tryRegister(44)) - Successfully registered JMX Bean with object name Ratis:service=RaftServer,group=group-9107D82F7BDD,id=8a2c850d-503a-4b6a-9325-357a6554e10c
2019-10-25 11:07:36,530 [RatisPipelineUtilsThread] INFO  pipeline.PipelineStateManager (PipelineStateManager.java:addPipeline(56)) - Created pipeline Pipeline[ Id: 8c31b6bb-1b91-4400-83f3-9107d82f7bdd, Nodes: 8a2c850d-503a-4b6a-9325-357a6554e10c{ip: 192.168.157.233, host: pr-hdds-2359-lls5b-3453883328, networkLocation: /rack1, certSerialId: null}, Type:RATIS, Factor:ONE, State:OPEN]
2019-10-25 11:07:36,539 [grpc-default-executor-5] INFO  impl.RaftServerProxy (RaftServerProxy.java:addNew(89)) - f5dc0a75-b584-4700-be7c-7942c0d8117c: addNew group-F49912238874:[f5dc0a75-b584-4700-be7c-7942c0d8117c:192.168.157.233:38534] returns group-F49912238874:java.util.concurrent.CompletableFuture@3dce49b6[Not completed]
2019-10-25 11:07:36,541 [pool-180-thread-1] INFO  impl.RaftServerImpl (RaftServerImpl.java:<init>(104)) - f5dc0a75-b584-4700-be7c-7942c0d8117c: new RaftServerImpl for group-F49912238874:[f5dc0a75-b584-4700-be7c-7942c0d8117c:192.168.157.233:38534] with ContainerStateMachine:uninitialized
2019-10-25 11:07:36,541 [pool-180-thread-1] INFO  server.RaftServerConfigKeys (ConfUtils.java:logGet(43)) - raft.server.rpc.timeout.min = 1s (custom)
2019-10-25 11:07:36,541 [pool-180-thread-1] INFO  server.RaftServerConfigKeys (ConfUtils.java:logGet(43)) - raft.server.rpc.timeout.max = 1200ms (custom)
2019-10-25 11:07:36,541 [pool-180-thread-1] INFO  server.RaftServerConfigKeys (ConfUtils.java:logGet(43)) - raft.server.rpcslowness.timeout = 120s (custom)
2019-10-25 11:07:36,541 [pool-180-thread-1] INFO  server.RaftServerConfigKeys (ConfUtils.java:logGet(43)) - raft.server.sleep.deviation.threshold = 300 (default)
2019-10-25 11:07:36,541 [pool-180-thread-1] INFO  server.RaftServerConfigKeys (ConfUtils.java:logGet(43)) - raft.server.log.appender.install.snapshot.enabled = false (custom)
2019-10-25 11:07:36,541 [pool-180-thread-1] INFO  impl.RaftServerImpl (ServerState.java:<init>(103)) - f5dc0a75-b584-4700-be7c-7942c0d8117c@group-F49912238874: ConfigurationManager, init=-1: [f5dc0a75-b584-4700-be7c-7942c0d8117c:192.168.157.233:38534], old=null, confs=<EMPTY_MAP>
2019-10-25 11:07:36,541 [pool-180-thread-1] INFO  server.RaftServerConfigKeys (ConfUtils.java:logGet(43)) - raft.server.storage.dir = [/workdir/hadoop-ozone/integration-test/target/test-dir/MiniOzoneClusterImpl-0a85d326-9d58-4237-89dd-96557ce3dac1/datanode-3/data/ratis] (custom)
2019-10-25 11:07:36,542 [pool-180-thread-1] INFO  server.RaftServerConfigKeys (ConfUtils.java:logGet(43)) - raft.server.log.corruption.policy = EXCEPTION (default)
2019-10-25 11:07:36,542 [pool-180-thread-1] INFO  storage.RaftStorageDirectory (RaftStorageDirectory.java:analyzeStorage(246)) - The storage directory /workdir/hadoop-ozone/integration-test/target/test-dir/MiniOzoneClusterImpl-0a85d326-9d58-4237-89dd-96557ce3dac1/datanode-3/data/ratis/432322be-fe4e-4e8b-afb1-f49912238874 does not exist. Creating ...
2019-10-25 11:07:36,569 [pool-180-thread-1] INFO  storage.RaftStorageDirectory (RaftStorageDirectory.java:tryLock(328)) - Lock on /workdir/hadoop-ozone/integration-test/target/test-dir/MiniOzoneClusterImpl-0a85d326-9d58-4237-89dd-96557ce3dac1/datanode-3/data/ratis/432322be-fe4e-4e8b-afb1-f49912238874/in_use.lock acquired by nodename 23771@pr-hdds-2359-lls5b-3453883328
2019-10-25 11:07:36,575 [Thread-3594] INFO  impl.FollowerState (FollowerState.java:run(108)) - fd698530-c54c-4f87-b269-002f8f3935cd@group-CA09DB774987-FollowerState: change to CANDIDATE, lastRpcTime:192ms, electionTimeout:192ms
2019-10-25 11:07:36,576 [Thread-3594] INFO  impl.RoleInfo (RoleInfo.java:shutdownFollowerState(121)) - fd698530-c54c-4f87-b269-002f8f3935cd: shutdown FollowerState
2019-10-25 11:07:36,576 [Thread-3594] INFO  impl.RaftServerImpl (RaftServerImpl.java:setRole(184)) - fd698530-c54c-4f87-b269-002f8f3935cd@group-CA09DB774987: changes role from  FOLLOWER to CANDIDATE at term 0 for changeToCandidate
2019-10-25 11:07:36,576 [Thread-3594] INFO  impl.RoleInfo (RoleInfo.java:updateAndGet(143)) - fd698530-c54c-4f87-b269-002f8f3935cd: start LeaderElection
2019-10-25 11:07:36,582 [pool-180-thread-1] INFO  storage.RaftStorage (RaftStorage.java:format(84)) - Storage directory /workdir/hadoop-ozone/integration-test/target/test-dir/MiniOzoneClusterImpl-0a85d326-9d58-4237-89dd-96557ce3dac1/datanode-3/data/ratis/432322be-fe4e-4e8b-afb1-f49912238874 has been successfully formatted.
2019-10-25 11:07:36,582 [pool-180-thread-1] INFO  ratis.ContainerStateMachine (ContainerStateMachine.java:loadSnapshot(231)) - group-F49912238874: The snapshot info is null. Setting the last applied indexto:(t:0, i:~)
2019-10-25 11:07:36,582 [pool-180-thread-1] INFO  server.RaftServerConfigKeys (ConfUtils.java:logGet(43)) - raft.server.notification.no-leader.timeout = 120s (custom)
2019-10-25 11:07:36,582 [pool-180-thread-1] INFO  server.RaftServerConfigKeys (ConfUtils.java:logGet(43)) - raft.server.log.use.memory = false (default)
2019-10-25 11:07:36,582 [pool-180-thread-1] INFO  server.RaftServerConfigKeys (ConfUtils.java:logGet(43)) - raft.server.log.purge.gap = 1000000 (custom)
2019-10-25 11:07:36,582 [pool-180-thread-1] INFO  server.RaftServerConfigKeys (ConfUtils.java:logGet(43)) - raft.server.log.appender.buffer.byte-limit = 33554432 (custom)
2019-10-25 11:07:36,582 [pool-180-thread-1] INFO  server.RaftServerConfigKeys (ConfUtils.java:logGet(43)) - raft.server.log.segment.size.max = 1048576 (custom)
2019-10-25 11:07:36,584 [fd698530-c54c-4f87-b269-002f8f3935cd@group-CA09DB774987-LeaderElection418] INFO  impl.LeaderElection (LeaderElection.java:askForVotes(178)) - fd698530-c54c-4f87-b269-002f8f3935cd@group-CA09DB774987-LeaderElection418: begin an election at term 1 for -1: [fd698530-c54c-4f87-b269-002f8f3935cd:192.168.157.233:41166], old=null
2019-10-25 11:07:36,584 [fd698530-c54c-4f87-b269-002f8f3935cd@group-CA09DB774987-LeaderElection418] INFO  impl.RoleInfo (RoleInfo.java:shutdownLeaderElection(134)) - fd698530-c54c-4f87-b269-002f8f3935cd: shutdown LeaderElection
2019-10-25 11:07:36,584 [fd698530-c54c-4f87-b269-002f8f3935cd@group-CA09DB774987-LeaderElection418] INFO  impl.RaftServerImpl (RaftServerImpl.java:setRole(184)) - fd698530-c54c-4f87-b269-002f8f3935cd@group-CA09DB774987: changes role from CANDIDATE to LEADER at term 1 for changeToLeader
2019-10-25 11:07:36,585 [fd698530-c54c-4f87-b269-002f8f3935cd@group-CA09DB774987-LeaderElection418] INFO  impl.RaftServerImpl (ServerState.java:setLeader(256)) - fd698530-c54c-4f87-b269-002f8f3935cd@group-CA09DB774987: change Leader from null to fd698530-c54c-4f87-b269-002f8f3935cd at term 1 for becomeLeader, leader elected after 209ms
2019-10-25 11:07:36,585 [fd698530-c54c-4f87-b269-002f8f3935cd@group-CA09DB774987-LeaderElection418] INFO  server.RaftServerConfigKeys (ConfUtils.java:logGet(43)) - raft.server.staging.catchup.gap = 1000 (default)
2019-10-25 11:07:36,585 [pool-180-thread-1] INFO  server.RaftServerConfigKeys (ConfUtils.java:logGet(43)) - raft.server.log.segment.cache.num.max = 2 (custom)
2019-10-25 11:07:36,585 [fd698530-c54c-4f87-b269-002f8f3935cd@group-CA09DB774987-LeaderElection418] INFO  server.RaftServerConfigKeys (ConfUtils.java:logGet(43)) - raft.server.rpc.sleep.time = 25ms (default)
2019-10-25 11:07:36,585 [pool-180-thread-1] INFO  segmented.SegmentedRaftLogWorker (SegmentedRaftLogWorker.java:<init>(173)) - new f5dc0a75-b584-4700-be7c-7942c0d8117c@group-F49912238874-SegmentedRaftLogWorker for RaftStorage:Storage Directory /workdir/hadoop-ozone/integration-test/target/test-dir/MiniOzoneClusterImpl-0a85d326-9d58-4237-89dd-96557ce3dac1/datanode-3/data/ratis/432322be-fe4e-4e8b-afb1-f49912238874
2019-10-25 11:07:36,585 [IPC Server handler 9 on 45850] INFO  net.NetworkTopology (NetworkTopologyImpl.java:add(111)) - Added a new node: /rack1/bdb27072-dd00-4d3b-a7da-41600e490ca3
2019-10-25 11:07:36,585 [fd698530-c54c-4f87-b269-002f8f3935cd@group-CA09DB774987-LeaderElection418] INFO  server.RaftServerConfigKeys (ConfUtils.java:logGet(43)) - raft.server.write.element-limit = 4096 (default)
2019-10-25 11:07:36,585 [pool-180-thread-1] INFO  server.RaftServerConfigKeys (ConfUtils.java:logGet(43)) - raft.server.log.queue.byte-limit = 2147483647 (custom)
2019-10-25 11:07:36,586 [fd698530-c54c-4f87-b269-002f8f3935cd@group-CA09DB774987-LeaderElection418] INFO  server.RaftServerConfigKeys (ConfUtils.java:logGet(43)) - raft.server.watch.timeout = 10s (default)
2019-10-25 11:07:36,585 [IPC Server handler 9 on 45850] INFO  node.SCMNodeManager (SCMNodeManager.java:register(268)) - Registered Data node : bdb27072-dd00-4d3b-a7da-41600e490ca3{ip: 192.168.157.233, host: pr-hdds-2359-lls5b-3453883328, networkLocation: /rack1, certSerialId: null}
2019-10-25 11:07:36,586 [fd698530-c54c-4f87-b269-002f8f3935cd@group-CA09DB774987-LeaderElection418] INFO  server.RaftServerConfigKeys (ConfUtils.java:logGet(43)) - raft.server.watch.timeout.denomination = 1s (default)
2019-10-25 11:07:36,586 [pool-180-thread-1] INFO  server.RaftServerConfigKeys (ConfUtils.java:logGet(43)) - raft.server.log.queue.element-limit = 1024 (custom)
2019-10-25 11:07:36,586 [fd698530-c54c-4f87-b269-002f8f3935cd@group-CA09DB774987-LeaderElection418] INFO  server.RaftServerConfigKeys (ConfUtils.java:logGet(43)) - raft.server.watch.element-limit = 65536 (default)
2019-10-25 11:07:36,586 [pool-180-thread-1] INFO  server.RaftServerConfigKeys (ConfUtils.java:logGet(43)) - raft.server.log.segment.size.max = 1048576 (custom)
2019-10-25 11:07:36,587 [pool-180-thread-1] INFO  server.RaftServerConfigKeys (ConfUtils.java:logGet(43)) - raft.server.log.preallocated.size = 16384 (custom)
2019-10-25 11:07:36,587 [pool-180-thread-1] INFO  server.RaftServerConfigKeys (ConfUtils.java:logGet(43)) - raft.server.log.write.buffer.size = 33554432 (custom)
2019-10-25 11:07:36,587 [pool-180-thread-1] INFO  server.RaftServerConfigKeys (ConfUtils.java:logGet(43)) - raft.server.log.force.sync.num = 128 (default)
2019-10-25 11:07:36,587 [pool-180-thread-1] INFO  server.RaftServerConfigKeys (ConfUtils.java:logGet(43)) - raft.server.log.statemachine.data.sync = true (default)
2019-10-25 11:07:36,587 [pool-180-thread-1] INFO  server.RaftServerConfigKeys (ConfUtils.java:logGet(43)) - raft.server.log.statemachine.data.sync.timeout = 10s (default)
2019-10-25 11:07:36,587 [pool-180-thread-1] INFO  server.RaftServerConfigKeys (ConfUtils.java:logGet(43)) - raft.server.log.statemachine.data.sync.timeout.retry = -1 (default)
2019-10-25 11:07:36,588 [pool-180-thread-1] INFO  server.RaftServerConfigKeys (ConfUtils.java:logGet(43)) - raft.server.log.statemachine.data.caching.enabled = true (custom)
2019-10-25 11:07:36,588 [pool-180-thread-1] INFO  segmented.SegmentedRaftLogWorker (SegmentedRaftLogWorker.java:lambda$new$0(128)) - f5dc0a75-b584-4700-be7c-7942c0d8117c@group-F49912238874-SegmentedRaftLogWorker: flushIndex: setUnconditionally 0 -> -1
2019-10-25 11:07:36,589 [pool-180-thread-1] INFO  server.RaftServerConfigKeys (ConfUtils.java:logGet(43)) - raft.server.snapshot.auto.trigger.enabled = true (custom)
2019-10-25 11:07:36,589 [pool-180-thread-1] INFO  server.RaftServerConfigKeys (ConfUtils.java:logGet(43)) - raft.server.snapshot.auto.trigger.threshold = 10000 (custom)
2019-10-25 11:07:36,589 [pool-180-thread-1] INFO  server.RaftServerConfigKeys (ConfUtils.java:logGet(43)) - raft.server.snapshot.retention.file.num = 5 (custom)
2019-10-25 11:07:36,589 [pool-180-thread-1] INFO  server.RaftServerConfigKeys (ConfUtils.java:logGet(43)) - raft.server.retrycache.expirytime = 600000ms (custom)
2019-10-25 11:07:36,590 [fd698530-c54c-4f87-b269-002f8f3935cd@group-CA09DB774987-LeaderElection418] INFO  impl.RoleInfo (RoleInfo.java:updateAndGet(143)) - fd698530-c54c-4f87-b269-002f8f3935cd: start LeaderState
2019-10-25 11:07:36,590 [fd698530-c54c-4f87-b269-002f8f3935cd@group-CA09DB774987-LeaderElection418] INFO  segmented.SegmentedRaftLogWorker (SegmentedRaftLogWorker.java:startLogSegment(385)) - fd698530-c54c-4f87-b269-002f8f3935cd@group-CA09DB774987-SegmentedRaftLogWorker: Starting segment from index:0
2019-10-25 11:07:36,591 [fd698530-c54c-4f87-b269-002f8f3935cd@group-CA09DB774987-LeaderElection418] INFO  impl.RaftServerImpl (ServerState.java:setRaftConf(357)) - fd698530-c54c-4f87-b269-002f8f3935cd@group-CA09DB774987: set configuration 0: [fd698530-c54c-4f87-b269-002f8f3935cd:192.168.157.233:41166], old=null at 0
2019-10-25 11:07:36,593 [Thread-3598] INFO  impl.FollowerState (FollowerState.java:run(108)) - e8f52f97-4cbf-4021-bc09-65b78a9dc21b@group-016290E7A11E-FollowerState: change to CANDIDATE, lastRpcTime:115ms, electionTimeout:115ms
2019-10-25 11:07:36,593 [pool-180-thread-1] INFO  impl.RaftServerImpl (RaftServerImpl.java:start(195)) - f5dc0a75-b584-4700-be7c-7942c0d8117c@group-F49912238874: start as a follower, conf=-1: [f5dc0a75-b584-4700-be7c-7942c0d8117c:192.168.157.233:38534], old=null
2019-10-25 11:07:36,593 [Thread-3598] INFO  impl.RoleInfo (RoleInfo.java:shutdownFollowerState(121)) - e8f52f97-4cbf-4021-bc09-65b78a9dc21b: shutdown FollowerState
2019-10-25 11:07:36,593 [pool-180-thread-1] INFO  impl.RaftServerImpl (RaftServerImpl.java:setRole(184)) - f5dc0a75-b584-4700-be7c-7942c0d8117c@group-F49912238874: changes role from      null to FOLLOWER at term 0 for startAsFollower
2019-10-25 11:07:36,593 [Thread-3598] INFO  impl.RaftServerImpl (RaftServerImpl.java:setRole(184)) - e8f52f97-4cbf-4021-bc09-65b78a9dc21b@group-016290E7A11E: changes role from  FOLLOWER to CANDIDATE at term 0 for changeToCandidate
2019-10-25 11:07:36,593 [pool-180-thread-1] INFO  impl.RoleInfo (RoleInfo.java:updateAndGet(143)) - f5dc0a75-b584-4700-be7c-7942c0d8117c: start FollowerState
2019-10-25 11:07:36,593 [Thread-3598] INFO  impl.RoleInfo (RoleInfo.java:updateAndGet(143)) - e8f52f97-4cbf-4021-bc09-65b78a9dc21b: start LeaderElection
2019-10-25 11:07:36,594 [pool-180-thread-1] INFO  util.JmxRegister (JmxRegister.java:tryRegister(44)) - Successfully registered JMX Bean with object name Ratis:service=RaftServer,group=group-F49912238874,id=f5dc0a75-b584-4700-be7c-7942c0d8117c
2019-10-25 11:07:36,630 [Thread-3606] INFO  impl.FollowerState (FollowerState.java:run(108)) - f5dc0a75-b584-4700-be7c-7942c0d8117c@group-F49912238874-FollowerState: change to CANDIDATE, lastRpcTime:36ms, electionTimeout:8ms
2019-10-25 11:07:36,630 [Thread-3601] INFO  impl.FollowerState (FollowerState.java:run(108)) - 8a2c850d-503a-4b6a-9325-357a6554e10c@group-9107D82F7BDD-FollowerState: change to CANDIDATE, lastRpcTime:105ms, electionTimeout:69ms
2019-10-25 11:07:36,630 [Thread-3606] INFO  impl.RoleInfo (RoleInfo.java:shutdownFollowerState(121)) - f5dc0a75-b584-4700-be7c-7942c0d8117c: shutdown FollowerState
2019-10-25 11:07:36,630 [Thread-3606] INFO  impl.RaftServerImpl (RaftServerImpl.java:setRole(184)) - f5dc0a75-b584-4700-be7c-7942c0d8117c@group-F49912238874: changes role from  FOLLOWER to CANDIDATE at term 0 for changeToCandidate
2019-10-25 11:07:36,630 [Thread-3601] INFO  impl.RoleInfo (RoleInfo.java:shutdownFollowerState(121)) - 8a2c850d-503a-4b6a-9325-357a6554e10c: shutdown FollowerState
2019-10-25 11:07:36,630 [Thread-3606] INFO  impl.RoleInfo (RoleInfo.java:updateAndGet(143)) - f5dc0a75-b584-4700-be7c-7942c0d8117c: start LeaderElection
2019-10-25 11:07:36,630 [Thread-3601] INFO  impl.RaftServerImpl (RaftServerImpl.java:setRole(184)) - 8a2c850d-503a-4b6a-9325-357a6554e10c@group-9107D82F7BDD: changes role from  FOLLOWER to CANDIDATE at term 0 for changeToCandidate
2019-10-25 11:07:36,631 [Thread-3601] INFO  impl.RoleInfo (RoleInfo.java:updateAndGet(143)) - 8a2c850d-503a-4b6a-9325-357a6554e10c: start LeaderElection
2019-10-25 11:07:36,642 [RatisPipelineUtilsThread] INFO  pipeline.PipelineStateManager (PipelineStateManager.java:addPipeline(56)) - Created pipeline Pipeline[ Id: 432322be-fe4e-4e8b-afb1-f49912238874, Nodes: f5dc0a75-b584-4700-be7c-7942c0d8117c{ip: 192.168.157.233, host: pr-hdds-2359-lls5b-3453883328, networkLocation: /rack1, certSerialId: null}, Type:RATIS, Factor:ONE, State:OPEN]
2019-10-25 11:07:36,643 [fd698530-c54c-4f87-b269-002f8f3935cd@group-CA09DB774987-SegmentedRaftLogWorker] INFO  segmented.SegmentedRaftLogWorker (SegmentedRaftLogWorker.java:execute(576)) - fd698530-c54c-4f87-b269-002f8f3935cd@group-CA09DB774987-SegmentedRaftLogWorker: created new log segment /workdir/hadoop-ozone/integration-test/target/test-dir/MiniOzoneClusterImpl-0a85d326-9d58-4237-89dd-96557ce3dac1/datanode-1/data/ratis/60aab155-d378-40cd-b974-ca09db774987/current/log_inprogress_0
2019-10-25 11:07:36,643 [8a2c850d-503a-4b6a-9325-357a6554e10c@group-9107D82F7BDD-LeaderElection421] INFO  impl.LeaderElection (LeaderElection.java:askForVotes(178)) - 8a2c850d-503a-4b6a-9325-357a6554e10c@group-9107D82F7BDD-LeaderElection421: begin an election at term 1 for -1: [8a2c850d-503a-4b6a-9325-357a6554e10c:192.168.157.233:39046], old=null
2019-10-25 11:07:36,643 [e8f52f97-4cbf-4021-bc09-65b78a9dc21b@group-016290E7A11E-LeaderElection419] INFO  impl.LeaderElection (LeaderElection.java:askForVotes(178)) - e8f52f97-4cbf-4021-bc09-65b78a9dc21b@group-016290E7A11E-LeaderElection419: begin an election at term 1 for -1: [e8f52f97-4cbf-4021-bc09-65b78a9dc21b:192.168.157.233:35183], old=null
2019-10-25 11:07:36,643 [f5dc0a75-b584-4700-be7c-7942c0d8117c@group-F49912238874-LeaderElection420] INFO  impl.LeaderElection (LeaderElection.java:askForVotes(178)) - f5dc0a75-b584-4700-be7c-7942c0d8117c@group-F49912238874-LeaderElection420: begin an election at term 1 for -1: [f5dc0a75-b584-4700-be7c-7942c0d8117c:192.168.157.233:38534], old=null
2019-10-25 11:07:36,643 [8a2c850d-503a-4b6a-9325-357a6554e10c@group-9107D82F7BDD-LeaderElection421] INFO  impl.RoleInfo (RoleInfo.java:shutdownLeaderElection(134)) - 8a2c850d-503a-4b6a-9325-357a6554e10c: shutdown LeaderElection
2019-10-25 11:07:36,644 [f5dc0a75-b584-4700-be7c-7942c0d8117c@group-F49912238874-LeaderElection420] INFO  impl.RoleInfo (RoleInfo.java:shutdownLeaderElection(134)) - f5dc0a75-b584-4700-be7c-7942c0d8117c: shutdown LeaderElection
2019-10-25 11:07:36,644 [e8f52f97-4cbf-4021-bc09-65b78a9dc21b@group-016290E7A11E-LeaderElection419] INFO  impl.RoleInfo (RoleInfo.java:shutdownLeaderElection(134)) - e8f52f97-4cbf-4021-bc09-65b78a9dc21b: shutdown LeaderElection
2019-10-25 11:07:36,644 [f5dc0a75-b584-4700-be7c-7942c0d8117c@group-F49912238874-LeaderElection420] INFO  impl.RaftServerImpl (RaftServerImpl.java:setRole(184)) - f5dc0a75-b584-4700-be7c-7942c0d8117c@group-F49912238874: changes role from CANDIDATE to LEADER at term 1 for changeToLeader
2019-10-25 11:07:36,644 [8a2c850d-503a-4b6a-9325-357a6554e10c@group-9107D82F7BDD-LeaderElection421] INFO  impl.RaftServerImpl (RaftServerImpl.java:setRole(184)) - 8a2c850d-503a-4b6a-9325-357a6554e10c@group-9107D82F7BDD: changes role from CANDIDATE to LEADER at term 1 for changeToLeader
2019-10-25 11:07:36,644 [f5dc0a75-b584-4700-be7c-7942c0d8117c@group-F49912238874-LeaderElection420] INFO  impl.RaftServerImpl (ServerState.java:setLeader(256)) - f5dc0a75-b584-4700-be7c-7942c0d8117c@group-F49912238874: change Leader from null to f5dc0a75-b584-4700-be7c-7942c0d8117c at term 1 for becomeLeader, leader elected after 62ms
2019-10-25 11:07:36,644 [e8f52f97-4cbf-4021-bc09-65b78a9dc21b@group-016290E7A11E-LeaderElection419] INFO  impl.RaftServerImpl (RaftServerImpl.java:setRole(184)) - e8f52f97-4cbf-4021-bc09-65b78a9dc21b@group-016290E7A11E: changes role from CANDIDATE to LEADER at term 1 for changeToLeader
2019-10-25 11:07:36,644 [f5dc0a75-b584-4700-be7c-7942c0d8117c@group-F49912238874-LeaderElection420] INFO  server.RaftServerConfigKeys (ConfUtils.java:logGet(43)) - raft.server.staging.catchup.gap = 1000 (default)
2019-10-25 11:07:36,644 [8a2c850d-503a-4b6a-9325-357a6554e10c@group-9107D82F7BDD-LeaderElection421] INFO  impl.RaftServerImpl (ServerState.java:setLeader(256)) - 8a2c850d-503a-4b6a-9325-357a6554e10c@group-9107D82F7BDD: change Leader from null to 8a2c850d-503a-4b6a-9325-357a6554e10c at term 1 for becomeLeader, leader elected after 129ms
2019-10-25 11:07:36,645 [f5dc0a75-b584-4700-be7c-7942c0d8117c@group-F49912238874-LeaderElection420] INFO  server.RaftServerConfigKeys (ConfUtils.java:logGet(43)) - raft.server.rpc.sleep.time = 25ms (default)
2019-10-25 11:07:36,644 [e8f52f97-4cbf-4021-bc09-65b78a9dc21b@group-016290E7A11E-LeaderElection419] INFO  impl.RaftServerImpl (ServerState.java:setLeader(256)) - e8f52f97-4cbf-4021-bc09-65b78a9dc21b@group-016290E7A11E: change Leader from null to e8f52f97-4cbf-4021-bc09-65b78a9dc21b at term 1 for becomeLeader, leader elected after 179ms
2019-10-25 11:07:36,645 [f5dc0a75-b584-4700-be7c-7942c0d8117c@group-F49912238874-LeaderElection420] INFO  server.RaftServerConfigKeys (ConfUtils.java:logGet(43)) - raft.server.write.element-limit = 4096 (default)
2019-10-25 11:07:36,645 [8a2c850d-503a-4b6a-9325-357a6554e10c@group-9107D82F7BDD-LeaderElection421] INFO  server.RaftServerConfigKeys (ConfUtils.java:logGet(43)) - raft.server.staging.catchup.gap = 1000 (default)
2019-10-25 11:07:36,645 [f5dc0a75-b584-4700-be7c-7942c0d8117c@group-F49912238874-LeaderElection420] INFO  server.RaftServerConfigKeys (ConfUtils.java:logGet(43)) - raft.server.watch.timeout = 10s (default)
2019-10-25 11:07:36,645 [e8f52f97-4cbf-4021-bc09-65b78a9dc21b@group-016290E7A11E-LeaderElection419] INFO  server.RaftServerConfigKeys (ConfUtils.java:logGet(43)) - raft.server.staging.catchup.gap = 1000 (default)
2019-10-25 11:07:36,645 [f5dc0a75-b584-4700-be7c-7942c0d8117c@group-F49912238874-LeaderElection420] INFO  server.RaftServerConfigKeys (ConfUtils.java:logGet(43)) - raft.server.watch.timeout.denomination = 1s (default)
2019-10-25 11:07:36,645 [8a2c850d-503a-4b6a-9325-357a6554e10c@group-9107D82F7BDD-LeaderElection421] INFO  server.RaftServerConfigKeys (ConfUtils.java:logGet(43)) - raft.server.rpc.sleep.time = 25ms (default)
2019-10-25 11:07:36,646 [f5dc0a75-b584-4700-be7c-7942c0d8117c@group-F49912238874-LeaderElection420] INFO  server.RaftServerConfigKeys (ConfUtils.java:logGet(43)) - raft.server.watch.element-limit = 65536 (default)
2019-10-25 11:07:36,645 [e8f52f97-4cbf-4021-bc09-65b78a9dc21b@group-016290E7A11E-LeaderElection419] INFO  server.RaftServerConfigKeys (ConfUtils.java:logGet(43)) - raft.server.rpc.sleep.time = 25ms (default)
2019-10-25 11:07:36,646 [8a2c850d-503a-4b6a-9325-357a6554e10c@group-9107D82F7BDD-LeaderElection421] INFO  server.RaftServerConfigKeys (ConfUtils.java:logGet(43)) - raft.server.write.element-limit = 4096 (default)
2019-10-25 11:07:36,646 [e8f52f97-4cbf-4021-bc09-65b78a9dc21b@group-016290E7A11E-LeaderElection419] INFO  server.RaftServerConfigKeys (ConfUtils.java:logGet(43)) - raft.server.write.element-limit = 4096 (default)
2019-10-25 11:07:36,646 [8a2c850d-503a-4b6a-9325-357a6554e10c@group-9107D82F7BDD-LeaderElection421] INFO  server.RaftServerConfigKeys (ConfUtils.java:logGet(43)) - raft.server.watch.timeout = 10s (default)
2019-10-25 11:07:36,646 [e8f52f97-4cbf-4021-bc09-65b78a9dc21b@group-016290E7A11E-LeaderElection419] INFO  server.RaftServerConfigKeys (ConfUtils.java:logGet(43)) - raft.server.watch.timeout = 10s (default)
2019-10-25 11:07:36,646 [8a2c850d-503a-4b6a-9325-357a6554e10c@group-9107D82F7BDD-LeaderElection421] INFO  server.RaftServerConfigKeys (ConfUtils.java:logGet(43)) - raft.server.watch.timeout.denomination = 1s (default)
2019-10-25 11:07:36,647 [e8f52f97-4cbf-4021-bc09-65b78a9dc21b@group-016290E7A11E-LeaderElection419] INFO  server.RaftServerConfigKeys (ConfUtils.java:logGet(43)) - raft.server.watch.timeout.denomination = 1s (default)
2019-10-25 11:07:36,647 [8a2c850d-503a-4b6a-9325-357a6554e10c@group-9107D82F7BDD-LeaderElection421] INFO  server.RaftServerConfigKeys (ConfUtils.java:logGet(43)) - raft.server.watch.element-limit = 65536 (default)
2019-10-25 11:07:36,647 [e8f52f97-4cbf-4021-bc09-65b78a9dc21b@group-016290E7A11E-LeaderElection419] INFO  server.RaftServerConfigKeys (ConfUtils.java:logGet(43)) - raft.server.watch.element-limit = 65536 (default)
2019-10-25 11:07:36,649 [grpc-default-executor-5] INFO  impl.RaftServerProxy (RaftServerProxy.java:addNew(89)) - bdb27072-dd00-4d3b-a7da-41600e490ca3: addNew group-BA20A1D5CAC7:[bdb27072-dd00-4d3b-a7da-41600e490ca3:192.168.157.233:42906] returns group-BA20A1D5CAC7:java.util.concurrent.CompletableFuture@77d00e9b[Not completed]
2019-10-25 11:07:36,651 [f5dc0a75-b584-4700-be7c-7942c0d8117c@group-F49912238874-LeaderElection420] INFO  impl.RoleInfo (RoleInfo.java:updateAndGet(143)) - f5dc0a75-b584-4700-be7c-7942c0d8117c: start LeaderState
2019-10-25 11:07:36,651 [f5dc0a75-b584-4700-be7c-7942c0d8117c@group-F49912238874-LeaderElection420] INFO  segmented.SegmentedRaftLogWorker (SegmentedRaftLogWorker.java:startLogSegment(385)) - f5dc0a75-b584-4700-be7c-7942c0d8117c@group-F49912238874-SegmentedRaftLogWorker: Starting segment from index:0
2019-10-25 11:07:36,652 [IPC Server handler 10 on 45850] INFO  net.NetworkTopology (NetworkTopologyImpl.java:add(111)) - Added a new node: /rack1/4ec993a1-c88d-4e26-9851-97b3046e33ae
2019-10-25 11:07:36,652 [pool-210-thread-1] INFO  impl.RaftServerImpl (RaftServerImpl.java:<init>(104)) - bdb27072-dd00-4d3b-a7da-41600e490ca3: new RaftServerImpl for group-BA20A1D5CAC7:[bdb27072-dd00-4d3b-a7da-41600e490ca3:192.168.157.233:42906] with ContainerStateMachine:uninitialized
2019-10-25 11:07:36,652 [IPC Server handler 10 on 45850] INFO  node.SCMNodeManager (SCMNodeManager.java:register(268)) - Registered Data node : 4ec993a1-c88d-4e26-9851-97b3046e33ae{ip: 192.168.157.233, host: pr-hdds-2359-lls5b-3453883328, networkLocation: /rack1, certSerialId: null}
2019-10-25 11:07:36,652 [f5dc0a75-b584-4700-be7c-7942c0d8117c@group-F49912238874-LeaderElection420] INFO  impl.RaftServerImpl (ServerState.java:setRaftConf(357)) - f5dc0a75-b584-4700-be7c-7942c0d8117c@group-F49912238874: set configuration 0: [f5dc0a75-b584-4700-be7c-7942c0d8117c:192.168.157.233:38534], old=null at 0
2019-10-25 11:07:36,652 [pool-210-thread-1] INFO  server.RaftServerConfigKeys (ConfUtils.java:logGet(43)) - raft.server.rpc.timeout.min = 1s (custom)
2019-10-25 11:07:36,653 [pool-210-thread-1] INFO  server.RaftServerConfigKeys (ConfUtils.java:logGet(43)) - raft.server.rpc.timeout.max = 1200ms (custom)
2019-10-25 11:07:36,653 [pool-210-thread-1] INFO  server.RaftServerConfigKeys (ConfUtils.java:logGet(43)) - raft.server.rpcslowness.timeout = 120s (custom)
2019-10-25 11:07:36,653 [pool-210-thread-1] INFO  server.RaftServerConfigKeys (ConfUtils.java:logGet(43)) - raft.server.sleep.deviation.threshold = 300 (default)
2019-10-25 11:07:36,653 [pool-210-thread-1] INFO  server.RaftServerConfigKeys (ConfUtils.java:logGet(43)) - raft.server.log.appender.install.snapshot.enabled = false (custom)
2019-10-25 11:07:36,653 [pool-210-thread-1] INFO  impl.RaftServerImpl (ServerState.java:<init>(103)) - bdb27072-dd00-4d3b-a7da-41600e490ca3@group-BA20A1D5CAC7: ConfigurationManager, init=-1: [bdb27072-dd00-4d3b-a7da-41600e490ca3:192.168.157.233:42906], old=null, confs=<EMPTY_MAP>
2019-10-25 11:07:36,653 [pool-210-thread-1] INFO  server.RaftServerConfigKeys (ConfUtils.java:logGet(43)) - raft.server.storage.dir = [/workdir/hadoop-ozone/integration-test/target/test-dir/MiniOzoneClusterImpl-0a85d326-9d58-4237-89dd-96557ce3dac1/datanode-6/data/ratis] (custom)
2019-10-25 11:07:36,654 [pool-210-thread-1] INFO  server.RaftServerConfigKeys (ConfUtils.java:logGet(43)) - raft.server.log.corruption.policy = EXCEPTION (default)
2019-10-25 11:07:36,654 [pool-210-thread-1] INFO  storage.RaftStorageDirectory (RaftStorageDirectory.java:analyzeStorage(246)) - The storage directory /workdir/hadoop-ozone/integration-test/target/test-dir/MiniOzoneClusterImpl-0a85d326-9d58-4237-89dd-96557ce3dac1/datanode-6/data/ratis/27625704-1ca7-4562-874d-ba20a1d5cac7 does not exist. Creating ...
2019-10-25 11:07:36,654 [8a2c850d-503a-4b6a-9325-357a6554e10c@group-9107D82F7BDD-LeaderElection421] INFO  impl.RoleInfo (RoleInfo.java:updateAndGet(143)) - 8a2c850d-503a-4b6a-9325-357a6554e10c: start LeaderState
2019-10-25 11:07:36,654 [e8f52f97-4cbf-4021-bc09-65b78a9dc21b@group-016290E7A11E-LeaderElection419] INFO  impl.RoleInfo (RoleInfo.java:updateAndGet(143)) - e8f52f97-4cbf-4021-bc09-65b78a9dc21b: start LeaderState
2019-10-25 11:07:36,655 [8a2c850d-503a-4b6a-9325-357a6554e10c@group-9107D82F7BDD-LeaderElection421] INFO  segmented.SegmentedRaftLogWorker (SegmentedRaftLogWorker.java:startLogSegment(385)) - 8a2c850d-503a-4b6a-9325-357a6554e10c@group-9107D82F7BDD-SegmentedRaftLogWorker: Starting segment from index:0
2019-10-25 11:07:36,655 [e8f52f97-4cbf-4021-bc09-65b78a9dc21b@group-016290E7A11E-LeaderElection419] INFO  segmented.SegmentedRaftLogWorker (SegmentedRaftLogWorker.java:startLogSegment(385)) - e8f52f97-4cbf-4021-bc09-65b78a9dc21b@group-016290E7A11E-SegmentedRaftLogWorker: Starting segment from index:0
2019-10-25 11:07:36,655 [8a2c850d-503a-4b6a-9325-357a6554e10c@group-9107D82F7BDD-LeaderElection421] INFO  impl.RaftServerImpl (ServerState.java:setRaftConf(357)) - 8a2c850d-503a-4b6a-9325-357a6554e10c@group-9107D82F7BDD: set configuration 0: [8a2c850d-503a-4b6a-9325-357a6554e10c:192.168.157.233:39046], old=null at 0
2019-10-25 11:07:36,656 [e8f52f97-4cbf-4021-bc09-65b78a9dc21b@group-016290E7A11E-LeaderElection419] INFO  impl.RaftServerImpl (ServerState.java:setRaftConf(357)) - e8f52f97-4cbf-4021-bc09-65b78a9dc21b@group-016290E7A11E: set configuration 0: [e8f52f97-4cbf-4021-bc09-65b78a9dc21b:192.168.157.233:35183], old=null at 0
2019-10-25 11:07:36,668 [pool-210-thread-1] INFO  storage.RaftStorageDirectory (RaftStorageDirectory.java:tryLock(328)) - Lock on /workdir/hadoop-ozone/integration-test/target/test-dir/MiniOzoneClusterImpl-0a85d326-9d58-4237-89dd-96557ce3dac1/datanode-6/data/ratis/27625704-1ca7-4562-874d-ba20a1d5cac7/in_use.lock acquired by nodename 23771@pr-hdds-2359-lls5b-3453883328
2019-10-25 11:07:36,680 [pool-210-thread-1] INFO  storage.RaftStorage (RaftStorage.java:format(84)) - Storage directory /workdir/hadoop-ozone/integration-test/target/test-dir/MiniOzoneClusterImpl-0a85d326-9d58-4237-89dd-96557ce3dac1/datanode-6/data/ratis/27625704-1ca7-4562-874d-ba20a1d5cac7 has been successfully formatted.
2019-10-25 11:07:36,681 [pool-210-thread-1] INFO  ratis.ContainerStateMachine (ContainerStateMachine.java:loadSnapshot(231)) - group-BA20A1D5CAC7: The snapshot info is null. Setting the last applied indexto:(t:0, i:~)
2019-10-25 11:07:36,681 [pool-210-thread-1] INFO  server.RaftServerConfigKeys (ConfUtils.java:logGet(43)) - raft.server.notification.no-leader.timeout = 120s (custom)
2019-10-25 11:07:36,681 [pool-210-thread-1] INFO  server.RaftServerConfigKeys (ConfUtils.java:logGet(43)) - raft.server.log.use.memory = false (default)
2019-10-25 11:07:36,681 [pool-210-thread-1] INFO  server.RaftServerConfigKeys (ConfUtils.java:logGet(43)) - raft.server.log.purge.gap = 1000000 (custom)
2019-10-25 11:07:36,681 [pool-210-thread-1] INFO  server.RaftServerConfigKeys (ConfUtils.java:logGet(43)) - raft.server.log.appender.buffer.byte-limit = 33554432 (custom)
2019-10-25 11:07:36,681 [pool-210-thread-1] INFO  server.RaftServerConfigKeys (ConfUtils.java:logGet(43)) - raft.server.log.segment.size.max = 1048576 (custom)
2019-10-25 11:07:36,683 [pool-210-thread-1] INFO  server.RaftServerConfigKeys (ConfUtils.java:logGet(43)) - raft.server.log.segment.cache.num.max = 2 (custom)
2019-10-25 11:07:36,683 [pool-210-thread-1] INFO  segmented.SegmentedRaftLogWorker (SegmentedRaftLogWorker.java:<init>(173)) - new bdb27072-dd00-4d3b-a7da-41600e490ca3@group-BA20A1D5CAC7-SegmentedRaftLogWorker for RaftStorage:Storage Directory /workdir/hadoop-ozone/integration-test/target/test-dir/MiniOzoneClusterImpl-0a85d326-9d58-4237-89dd-96557ce3dac1/datanode-6/data/ratis/27625704-1ca7-4562-874d-ba20a1d5cac7
2019-10-25 11:07:36,683 [pool-210-thread-1] INFO  server.RaftServerConfigKeys (ConfUtils.java:logGet(43)) - raft.server.log.queue.byte-limit = 2147483647 (custom)
2019-10-25 11:07:36,683 [pool-210-thread-1] INFO  server.RaftServerConfigKeys (ConfUtils.java:logGet(43)) - raft.server.log.queue.element-limit = 1024 (custom)
2019-10-25 11:07:36,683 [pool-210-thread-1] INFO  server.RaftServerConfigKeys (ConfUtils.java:logGet(43)) - raft.server.log.segment.size.max = 1048576 (custom)
2019-10-25 11:07:36,683 [pool-210-thread-1] INFO  server.RaftServerConfigKeys (ConfUtils.java:logGet(43)) - raft.server.log.preallocated.size = 16384 (custom)
2019-10-25 11:07:36,683 [pool-210-thread-1] INFO  server.RaftServerConfigKeys (ConfUtils.java:logGet(43)) - raft.server.log.write.buffer.size = 33554432 (custom)
2019-10-25 11:07:36,683 [pool-210-thread-1] INFO  server.RaftServerConfigKeys (ConfUtils.java:logGet(43)) - raft.server.log.force.sync.num = 128 (default)
2019-10-25 11:07:36,684 [pool-210-thread-1] INFO  server.RaftServerConfigKeys (ConfUtils.java:logGet(43)) - raft.server.log.statemachine.data.sync = true (default)
2019-10-25 11:07:36,684 [pool-210-thread-1] INFO  server.RaftServerConfigKeys (ConfUtils.java:logGet(43)) - raft.server.log.statemachine.data.sync.timeout = 10s (default)
2019-10-25 11:07:36,684 [pool-210-thread-1] INFO  server.RaftServerConfigKeys (ConfUtils.java:logGet(43)) - raft.server.log.statemachine.data.sync.timeout.retry = -1 (default)
2019-10-25 11:07:36,685 [pool-210-thread-1] INFO  server.RaftServerConfigKeys (ConfUtils.java:logGet(43)) - raft.server.log.statemachine.data.caching.enabled = true (custom)
2019-10-25 11:07:36,685 [pool-210-thread-1] INFO  segmented.SegmentedRaftLogWorker (SegmentedRaftLogWorker.java:lambda$new$0(128)) - bdb27072-dd00-4d3b-a7da-41600e490ca3@group-BA20A1D5CAC7-SegmentedRaftLogWorker: flushIndex: setUnconditionally 0 -> -1
2019-10-25 11:07:36,685 [pool-210-thread-1] INFO  server.RaftServerConfigKeys (ConfUtils.java:logGet(43)) - raft.server.snapshot.auto.trigger.enabled = true (custom)
2019-10-25 11:07:36,685 [pool-210-thread-1] INFO  server.RaftServerConfigKeys (ConfUtils.java:logGet(43)) - raft.server.snapshot.auto.trigger.threshold = 10000 (custom)
2019-10-25 11:07:36,686 [pool-210-thread-1] INFO  server.RaftServerConfigKeys (ConfUtils.java:logGet(43)) - raft.server.snapshot.retention.file.num = 5 (custom)
2019-10-25 11:07:36,686 [pool-210-thread-1] INFO  server.RaftServerConfigKeys (ConfUtils.java:logGet(43)) - raft.server.retrycache.expirytime = 600000ms (custom)
2019-10-25 11:07:36,690 [pool-210-thread-1] INFO  impl.RaftServerImpl (RaftServerImpl.java:start(195)) - bdb27072-dd00-4d3b-a7da-41600e490ca3@group-BA20A1D5CAC7: start as a follower, conf=-1: [bdb27072-dd00-4d3b-a7da-41600e490ca3:192.168.157.233:42906], old=null
2019-10-25 11:07:36,690 [pool-210-thread-1] INFO  impl.RaftServerImpl (RaftServerImpl.java:setRole(184)) - bdb27072-dd00-4d3b-a7da-41600e490ca3@group-BA20A1D5CAC7: changes role from      null to FOLLOWER at term 0 for startAsFollower
2019-10-25 11:07:36,690 [pool-210-thread-1] INFO  impl.RoleInfo (RoleInfo.java:updateAndGet(143)) - bdb27072-dd00-4d3b-a7da-41600e490ca3: start FollowerState
2019-10-25 11:07:36,691 [pool-210-thread-1] INFO  util.JmxRegister (JmxRegister.java:tryRegister(44)) - Successfully registered JMX Bean with object name Ratis:service=RaftServer,group=group-BA20A1D5CAC7,id=bdb27072-dd00-4d3b-a7da-41600e490ca3
2019-10-25 11:07:36,696 [RatisPipelineUtilsThread] INFO  pipeline.PipelineStateManager (PipelineStateManager.java:addPipeline(56)) - Created pipeline Pipeline[ Id: 27625704-1ca7-4562-874d-ba20a1d5cac7, Nodes: bdb27072-dd00-4d3b-a7da-41600e490ca3{ip: 192.168.157.233, host: pr-hdds-2359-lls5b-3453883328, networkLocation: /rack1, certSerialId: null}, Type:RATIS, Factor:ONE, State:OPEN]
2019-10-25 11:07:36,707 [8a2c850d-503a-4b6a-9325-357a6554e10c@group-9107D82F7BDD-SegmentedRaftLogWorker] INFO  segmented.SegmentedRaftLogWorker (SegmentedRaftLogWorker.java:execute(576)) - 8a2c850d-503a-4b6a-9325-357a6554e10c@group-9107D82F7BDD-SegmentedRaftLogWorker: created new log segment /workdir/hadoop-ozone/integration-test/target/test-dir/MiniOzoneClusterImpl-0a85d326-9d58-4237-89dd-96557ce3dac1/datanode-4/data/ratis/8c31b6bb-1b91-4400-83f3-9107d82f7bdd/current/log_inprogress_0
2019-10-25 11:07:36,707 [e8f52f97-4cbf-4021-bc09-65b78a9dc21b@group-016290E7A11E-SegmentedRaftLogWorker] INFO  segmented.SegmentedRaftLogWorker (SegmentedRaftLogWorker.java:execute(576)) - e8f52f97-4cbf-4021-bc09-65b78a9dc21b@group-016290E7A11E-SegmentedRaftLogWorker: created new log segment /workdir/hadoop-ozone/integration-test/target/test-dir/MiniOzoneClusterImpl-0a85d326-9d58-4237-89dd-96557ce3dac1/datanode-2/data/ratis/32a63d4a-e6e1-4222-bc93-016290e7a11e/current/log_inprogress_0
2019-10-25 11:07:36,707 [f5dc0a75-b584-4700-be7c-7942c0d8117c@group-F49912238874-SegmentedRaftLogWorker] INFO  segmented.SegmentedRaftLogWorker (SegmentedRaftLogWorker.java:execute(576)) - f5dc0a75-b584-4700-be7c-7942c0d8117c@group-F49912238874-SegmentedRaftLogWorker: created new log segment /workdir/hadoop-ozone/integration-test/target/test-dir/MiniOzoneClusterImpl-0a85d326-9d58-4237-89dd-96557ce3dac1/datanode-3/data/ratis/432322be-fe4e-4e8b-afb1-f49912238874/current/log_inprogress_0
2019-10-25 11:07:36,717 [IPC Server handler 2 on 45850] INFO  net.NetworkTopology (NetworkTopologyImpl.java:add(111)) - Added a new node: /rack1/ee32d20a-9ada-4130-97b0-6f12b38b3dc6
2019-10-25 11:07:36,717 [IPC Server handler 2 on 45850] INFO  node.SCMNodeManager (SCMNodeManager.java:register(268)) - Registered Data node : ee32d20a-9ada-4130-97b0-6f12b38b3dc6{ip: 192.168.157.233, host: pr-hdds-2359-lls5b-3453883328, networkLocation: /rack1, certSerialId: null}
2019-10-25 11:07:36,721 [grpc-default-executor-5] INFO  impl.RaftServerProxy (RaftServerProxy.java:addNew(89)) - 4ec993a1-c88d-4e26-9851-97b3046e33ae: addNew group-00C9B0EC36EF:[4ec993a1-c88d-4e26-9851-97b3046e33ae:192.168.157.233:41510] returns group-00C9B0EC36EF:java.util.concurrent.CompletableFuture@1e5f8484[Not completed]
2019-10-25 11:07:36,722 [pool-220-thread-1] INFO  impl.RaftServerImpl (RaftServerImpl.java:<init>(104)) - 4ec993a1-c88d-4e26-9851-97b3046e33ae: new RaftServerImpl for group-00C9B0EC36EF:[4ec993a1-c88d-4e26-9851-97b3046e33ae:192.168.157.233:41510] with ContainerStateMachine:uninitialized
2019-10-25 11:07:36,723 [pool-220-thread-1] INFO  server.RaftServerConfigKeys (ConfUtils.java:logGet(43)) - raft.server.rpc.timeout.min = 1s (custom)
2019-10-25 11:07:36,723 [pool-220-thread-1] INFO  server.RaftServerConfigKeys (ConfUtils.java:logGet(43)) - raft.server.rpc.timeout.max = 1200ms (custom)
2019-10-25 11:07:36,723 [pool-220-thread-1] INFO  server.RaftServerConfigKeys (ConfUtils.java:logGet(43)) - raft.server.rpcslowness.timeout = 120s (custom)
2019-10-25 11:07:36,723 [pool-220-thread-1] INFO  server.RaftServerConfigKeys (ConfUtils.java:logGet(43)) - raft.server.sleep.deviation.threshold = 300 (default)
2019-10-25 11:07:36,723 [pool-220-thread-1] INFO  server.RaftServerConfigKeys (ConfUtils.java:logGet(43)) - raft.server.log.appender.install.snapshot.enabled = false (custom)
2019-10-25 11:07:36,723 [pool-220-thread-1] INFO  impl.RaftServerImpl (ServerState.java:<init>(103)) - 4ec993a1-c88d-4e26-9851-97b3046e33ae@group-00C9B0EC36EF: ConfigurationManager, init=-1: [4ec993a1-c88d-4e26-9851-97b3046e33ae:192.168.157.233:41510], old=null, confs=<EMPTY_MAP>
2019-10-25 11:07:36,723 [pool-220-thread-1] INFO  server.RaftServerConfigKeys (ConfUtils.java:logGet(43)) - raft.server.storage.dir = [/workdir/hadoop-ozone/integration-test/target/test-dir/MiniOzoneClusterImpl-0a85d326-9d58-4237-89dd-96557ce3dac1/datanode-7/data/ratis] (custom)
2019-10-25 11:07:36,724 [pool-220-thread-1] INFO  server.RaftServerConfigKeys (ConfUtils.java:logGet(43)) - raft.server.log.corruption.policy = EXCEPTION (default)
2019-10-25 11:07:36,724 [pool-220-thread-1] INFO  storage.RaftStorageDirectory (RaftStorageDirectory.java:analyzeStorage(246)) - The storage directory /workdir/hadoop-ozone/integration-test/target/test-dir/MiniOzoneClusterImpl-0a85d326-9d58-4237-89dd-96557ce3dac1/datanode-7/data/ratis/2acc34fe-82b9-4f80-8b7e-00c9b0ec36ef does not exist. Creating ...
2019-10-25 11:07:36,727 [pool-220-thread-1] INFO  storage.RaftStorageDirectory (RaftStorageDirectory.java:tryLock(328)) - Lock on /workdir/hadoop-ozone/integration-test/target/test-dir/MiniOzoneClusterImpl-0a85d326-9d58-4237-89dd-96557ce3dac1/datanode-7/data/ratis/2acc34fe-82b9-4f80-8b7e-00c9b0ec36ef/in_use.lock acquired by nodename 23771@pr-hdds-2359-lls5b-3453883328
2019-10-25 11:07:36,738 [Thread-3615] INFO  impl.FollowerState (FollowerState.java:run(108)) - bdb27072-dd00-4d3b-a7da-41600e490ca3@group-BA20A1D5CAC7-FollowerState: change to CANDIDATE, lastRpcTime:47ms, electionTimeout:47ms
2019-10-25 11:07:36,738 [Thread-3615] INFO  impl.RoleInfo (RoleInfo.java:shutdownFollowerState(121)) - bdb27072-dd00-4d3b-a7da-41600e490ca3: shutdown FollowerState
2019-10-25 11:07:36,738 [Thread-3615] INFO  impl.RaftServerImpl (RaftServerImpl.java:setRole(184)) - bdb27072-dd00-4d3b-a7da-41600e490ca3@group-BA20A1D5CAC7: changes role from  FOLLOWER to CANDIDATE at term 0 for changeToCandidate
2019-10-25 11:07:36,738 [Thread-3615] INFO  impl.RoleInfo (RoleInfo.java:updateAndGet(143)) - bdb27072-dd00-4d3b-a7da-41600e490ca3: start LeaderElection
2019-10-25 11:07:36,742 [pool-220-thread-1] INFO  storage.RaftStorage (RaftStorage.java:format(84)) - Storage directory /workdir/hadoop-ozone/integration-test/target/test-dir/MiniOzoneClusterImpl-0a85d326-9d58-4237-89dd-96557ce3dac1/datanode-7/data/ratis/2acc34fe-82b9-4f80-8b7e-00c9b0ec36ef has been successfully formatted.
2019-10-25 11:07:36,742 [pool-220-thread-1] INFO  ratis.ContainerStateMachine (ContainerStateMachine.java:loadSnapshot(231)) - group-00C9B0EC36EF: The snapshot info is null. Setting the last applied indexto:(t:0, i:~)
2019-10-25 11:07:36,742 [pool-220-thread-1] INFO  server.RaftServerConfigKeys (ConfUtils.java:logGet(43)) - raft.server.notification.no-leader.timeout = 120s (custom)
2019-10-25 11:07:36,742 [pool-220-thread-1] INFO  server.RaftServerConfigKeys (ConfUtils.java:logGet(43)) - raft.server.log.use.memory = false (default)
2019-10-25 11:07:36,742 [pool-220-thread-1] INFO  server.RaftServerConfigKeys (ConfUtils.java:logGet(43)) - raft.server.log.purge.gap = 1000000 (custom)
2019-10-25 11:07:36,743 [pool-220-thread-1] INFO  server.RaftServerConfigKeys (ConfUtils.java:logGet(43)) - raft.server.log.appender.buffer.byte-limit = 33554432 (custom)
2019-10-25 11:07:36,743 [pool-220-thread-1] INFO  server.RaftServerConfigKeys (ConfUtils.java:logGet(43)) - raft.server.log.segment.size.max = 1048576 (custom)
2019-10-25 11:07:36,744 [pool-220-thread-1] INFO  server.RaftServerConfigKeys (ConfUtils.java:logGet(43)) - raft.server.log.segment.cache.num.max = 2 (custom)
2019-10-25 11:07:36,745 [pool-220-thread-1] INFO  segmented.SegmentedRaftLogWorker (SegmentedRaftLogWorker.java:<init>(173)) - new 4ec993a1-c88d-4e26-9851-97b3046e33ae@group-00C9B0EC36EF-SegmentedRaftLogWorker for RaftStorage:Storage Directory /workdir/hadoop-ozone/integration-test/target/test-dir/MiniOzoneClusterImpl-0a85d326-9d58-4237-89dd-96557ce3dac1/datanode-7/data/ratis/2acc34fe-82b9-4f80-8b7e-00c9b0ec36ef
2019-10-25 11:07:36,745 [pool-220-thread-1] INFO  server.RaftServerConfigKeys (ConfUtils.java:logGet(43)) - raft.server.log.queue.byte-limit = 2147483647 (custom)
2019-10-25 11:07:36,745 [pool-220-thread-1] INFO  server.RaftServerConfigKeys (ConfUtils.java:logGet(43)) - raft.server.log.queue.element-limit = 1024 (custom)
2019-10-25 11:07:36,745 [pool-220-thread-1] INFO  server.RaftServerConfigKeys (ConfUtils.java:logGet(43)) - raft.server.log.segment.size.max = 1048576 (custom)
2019-10-25 11:07:36,745 [pool-220-thread-1] INFO  server.RaftServerConfigKeys (ConfUtils.java:logGet(43)) - raft.server.log.preallocated.size = 16384 (custom)
2019-10-25 11:07:36,745 [pool-220-thread-1] INFO  server.RaftServerConfigKeys (ConfUtils.java:logGet(43)) - raft.server.log.write.buffer.size = 33554432 (custom)
2019-10-25 11:07:36,745 [pool-220-thread-1] INFO  server.RaftServerConfigKeys (ConfUtils.java:logGet(43)) - raft.server.log.force.sync.num = 128 (default)
2019-10-25 11:07:36,745 [pool-220-thread-1] INFO  server.RaftServerConfigKeys (ConfUtils.java:logGet(43)) - raft.server.log.statemachine.data.sync = true (default)
2019-10-25 11:07:36,745 [pool-220-thread-1] INFO  server.RaftServerConfigKeys (ConfUtils.java:logGet(43)) - raft.server.log.statemachine.data.sync.timeout = 10s (default)
2019-10-25 11:07:36,746 [pool-220-thread-1] INFO  server.RaftServerConfigKeys (ConfUtils.java:logGet(43)) - raft.server.log.statemachine.data.sync.timeout.retry = -1 (default)
2019-10-25 11:07:36,746 [pool-220-thread-1] INFO  server.RaftServerConfigKeys (ConfUtils.java:logGet(43)) - raft.server.log.statemachine.data.caching.enabled = true (custom)
2019-10-25 11:07:36,746 [pool-220-thread-1] INFO  segmented.SegmentedRaftLogWorker (SegmentedRaftLogWorker.java:lambda$new$0(128)) - 4ec993a1-c88d-4e26-9851-97b3046e33ae@group-00C9B0EC36EF-SegmentedRaftLogWorker: flushIndex: setUnconditionally 0 -> -1
2019-10-25 11:07:36,747 [pool-220-thread-1] INFO  server.RaftServerConfigKeys (ConfUtils.java:logGet(43)) - raft.server.snapshot.auto.trigger.enabled = true (custom)
2019-10-25 11:07:36,747 [pool-220-thread-1] INFO  server.RaftServerConfigKeys (ConfUtils.java:logGet(43)) - raft.server.snapshot.auto.trigger.threshold = 10000 (custom)
2019-10-25 11:07:36,747 [pool-220-thread-1] INFO  server.RaftServerConfigKeys (ConfUtils.java:logGet(43)) - raft.server.snapshot.retention.file.num = 5 (custom)
2019-10-25 11:07:36,747 [pool-220-thread-1] INFO  server.RaftServerConfigKeys (ConfUtils.java:logGet(43)) - raft.server.retrycache.expirytime = 600000ms (custom)
2019-10-25 11:07:36,750 [pool-220-thread-1] INFO  impl.RaftServerImpl (RaftServerImpl.java:start(195)) - 4ec993a1-c88d-4e26-9851-97b3046e33ae@group-00C9B0EC36EF: start as a follower, conf=-1: [4ec993a1-c88d-4e26-9851-97b3046e33ae:192.168.157.233:41510], old=null
2019-10-25 11:07:36,750 [pool-220-thread-1] INFO  impl.RaftServerImpl (RaftServerImpl.java:setRole(184)) - 4ec993a1-c88d-4e26-9851-97b3046e33ae@group-00C9B0EC36EF: changes role from      null to FOLLOWER at term 0 for startAsFollower
2019-10-25 11:07:36,751 [pool-220-thread-1] INFO  impl.RoleInfo (RoleInfo.java:updateAndGet(143)) - 4ec993a1-c88d-4e26-9851-97b3046e33ae: start FollowerState
2019-10-25 11:07:36,751 [pool-220-thread-1] INFO  util.JmxRegister (JmxRegister.java:tryRegister(44)) - Successfully registered JMX Bean with object name Ratis:service=RaftServer,group=group-00C9B0EC36EF,id=4ec993a1-c88d-4e26-9851-97b3046e33ae
2019-10-25 11:07:36,754 [bdb27072-dd00-4d3b-a7da-41600e490ca3@group-BA20A1D5CAC7-LeaderElection422] INFO  impl.LeaderElection (LeaderElection.java:askForVotes(178)) - bdb27072-dd00-4d3b-a7da-41600e490ca3@group-BA20A1D5CAC7-LeaderElection422: begin an election at term 1 for -1: [bdb27072-dd00-4d3b-a7da-41600e490ca3:192.168.157.233:42906], old=null
2019-10-25 11:07:36,754 [bdb27072-dd00-4d3b-a7da-41600e490ca3@group-BA20A1D5CAC7-LeaderElection422] INFO  impl.RoleInfo (RoleInfo.java:shutdownLeaderElection(134)) - bdb27072-dd00-4d3b-a7da-41600e490ca3: shutdown LeaderElection
2019-10-25 11:07:36,754 [bdb27072-dd00-4d3b-a7da-41600e490ca3@group-BA20A1D5CAC7-LeaderElection422] INFO  impl.RaftServerImpl (RaftServerImpl.java:setRole(184)) - bdb27072-dd00-4d3b-a7da-41600e490ca3@group-BA20A1D5CAC7: changes role from CANDIDATE to LEADER at term 1 for changeToLeader
2019-10-25 11:07:36,754 [bdb27072-dd00-4d3b-a7da-41600e490ca3@group-BA20A1D5CAC7-LeaderElection422] INFO  impl.RaftServerImpl (ServerState.java:setLeader(256)) - bdb27072-dd00-4d3b-a7da-41600e490ca3@group-BA20A1D5CAC7: change Leader from null to bdb27072-dd00-4d3b-a7da-41600e490ca3 at term 1 for becomeLeader, leader elected after 73ms
2019-10-25 11:07:36,755 [bdb27072-dd00-4d3b-a7da-41600e490ca3@group-BA20A1D5CAC7-LeaderElection422] INFO  server.RaftServerConfigKeys (ConfUtils.java:logGet(43)) - raft.server.staging.catchup.gap = 1000 (default)
2019-10-25 11:07:36,755 [bdb27072-dd00-4d3b-a7da-41600e490ca3@group-BA20A1D5CAC7-LeaderElection422] INFO  server.RaftServerConfigKeys (ConfUtils.java:logGet(43)) - raft.server.rpc.sleep.time = 25ms (default)
2019-10-25 11:07:36,755 [bdb27072-dd00-4d3b-a7da-41600e490ca3@group-BA20A1D5CAC7-LeaderElection422] INFO  server.RaftServerConfigKeys (ConfUtils.java:logGet(43)) - raft.server.write.element-limit = 4096 (default)
2019-10-25 11:07:36,755 [bdb27072-dd00-4d3b-a7da-41600e490ca3@group-BA20A1D5CAC7-LeaderElection422] INFO  server.RaftServerConfigKeys (ConfUtils.java:logGet(43)) - raft.server.watch.timeout = 10s (default)
2019-10-25 11:07:36,755 [RatisPipelineUtilsThread] INFO  pipeline.PipelineStateManager (PipelineStateManager.java:addPipeline(56)) - Created pipeline Pipeline[ Id: 2acc34fe-82b9-4f80-8b7e-00c9b0ec36ef, Nodes: 4ec993a1-c88d-4e26-9851-97b3046e33ae{ip: 192.168.157.233, host: pr-hdds-2359-lls5b-3453883328, networkLocation: /rack1, certSerialId: null}, Type:RATIS, Factor:ONE, State:OPEN]
2019-10-25 11:07:36,755 [bdb27072-dd00-4d3b-a7da-41600e490ca3@group-BA20A1D5CAC7-LeaderElection422] INFO  server.RaftServerConfigKeys (ConfUtils.java:logGet(43)) - raft.server.watch.timeout.denomination = 1s (default)
2019-10-25 11:07:36,756 [bdb27072-dd00-4d3b-a7da-41600e490ca3@group-BA20A1D5CAC7-LeaderElection422] INFO  server.RaftServerConfigKeys (ConfUtils.java:logGet(43)) - raft.server.watch.element-limit = 65536 (default)
2019-10-25 11:07:36,758 [bdb27072-dd00-4d3b-a7da-41600e490ca3@group-BA20A1D5CAC7-LeaderElection422] INFO  impl.RoleInfo (RoleInfo.java:updateAndGet(143)) - bdb27072-dd00-4d3b-a7da-41600e490ca3: start LeaderState
2019-10-25 11:07:36,759 [bdb27072-dd00-4d3b-a7da-41600e490ca3@group-BA20A1D5CAC7-LeaderElection422] INFO  segmented.SegmentedRaftLogWorker (SegmentedRaftLogWorker.java:startLogSegment(385)) - bdb27072-dd00-4d3b-a7da-41600e490ca3@group-BA20A1D5CAC7-SegmentedRaftLogWorker: Starting segment from index:0
2019-10-25 11:07:36,759 [bdb27072-dd00-4d3b-a7da-41600e490ca3@group-BA20A1D5CAC7-LeaderElection422] INFO  impl.RaftServerImpl (ServerState.java:setRaftConf(357)) - bdb27072-dd00-4d3b-a7da-41600e490ca3@group-BA20A1D5CAC7: set configuration 0: [bdb27072-dd00-4d3b-a7da-41600e490ca3:192.168.157.233:42906], old=null at 0
2019-10-25 11:07:36,795 [grpc-default-executor-5] INFO  impl.RaftServerProxy (RaftServerProxy.java:addNew(89)) - 7fad1e98-7a6b-4998-a30c-ec1ab88068bc: addNew group-B2CF431F6C00:[7fad1e98-7a6b-4998-a30c-ec1ab88068bc:192.168.157.233:35716] returns group-B2CF431F6C00:java.util.concurrent.CompletableFuture@100774ae[Not completed]
2019-10-25 11:07:36,796 [main] INFO  ozone.MiniOzoneClusterImpl (MiniOzoneClusterImpl.java:lambda$waitForClusterToBeReady$0(147)) - Waiting for cluster to be ready. Got 9 of 10 DN Heartbeats.
2019-10-25 11:07:36,799 [Thread-3619] INFO  impl.FollowerState (FollowerState.java:run(108)) - 4ec993a1-c88d-4e26-9851-97b3046e33ae@group-00C9B0EC36EF-FollowerState: change to CANDIDATE, lastRpcTime:48ms, electionTimeout:48ms
2019-10-25 11:07:36,799 [pool-200-thread-1] INFO  impl.RaftServerImpl (RaftServerImpl.java:<init>(104)) - 7fad1e98-7a6b-4998-a30c-ec1ab88068bc: new RaftServerImpl for group-B2CF431F6C00:[7fad1e98-7a6b-4998-a30c-ec1ab88068bc:192.168.157.233:35716] with ContainerStateMachine:uninitialized
2019-10-25 11:07:36,800 [Thread-3619] INFO  impl.RoleInfo (RoleInfo.java:shutdownFollowerState(121)) - 4ec993a1-c88d-4e26-9851-97b3046e33ae: shutdown FollowerState
2019-10-25 11:07:36,798 [IPC Server handler 18 on 45850] INFO  net.NetworkTopology (NetworkTopologyImpl.java:add(111)) - Added a new node: /rack1/f6cfa8a2-85ff-4bb9-a246-101c53d2d47b
2019-10-25 11:07:36,800 [Thread-3619] INFO  impl.RaftServerImpl (RaftServerImpl.java:setRole(184)) - 4ec993a1-c88d-4e26-9851-97b3046e33ae@group-00C9B0EC36EF: changes role from  FOLLOWER to CANDIDATE at term 0 for changeToCandidate
2019-10-25 11:07:36,800 [pool-200-thread-1] INFO  server.RaftServerConfigKeys (ConfUtils.java:logGet(43)) - raft.server.rpc.timeout.min = 1s (custom)
2019-10-25 11:07:36,800 [Thread-3619] INFO  impl.RoleInfo (RoleInfo.java:updateAndGet(143)) - 4ec993a1-c88d-4e26-9851-97b3046e33ae: start LeaderElection
2019-10-25 11:07:36,800 [IPC Server handler 18 on 45850] INFO  node.SCMNodeManager (SCMNodeManager.java:register(268)) - Registered Data node : f6cfa8a2-85ff-4bb9-a246-101c53d2d47b{ip: 192.168.157.233, host: pr-hdds-2359-lls5b-3453883328, networkLocation: /rack1, certSerialId: null}
2019-10-25 11:07:36,800 [pool-200-thread-1] INFO  server.RaftServerConfigKeys (ConfUtils.java:logGet(43)) - raft.server.rpc.timeout.max = 1200ms (custom)
2019-10-25 11:07:36,805 [pool-200-thread-1] INFO  server.RaftServerConfigKeys (ConfUtils.java:logGet(43)) - raft.server.rpcslowness.timeout = 120s (custom)
2019-10-25 11:07:36,805 [pool-200-thread-1] INFO  server.RaftServerConfigKeys (ConfUtils.java:logGet(43)) - raft.server.sleep.deviation.threshold = 300 (default)
2019-10-25 11:07:36,806 [pool-200-thread-1] INFO  server.RaftServerConfigKeys (ConfUtils.java:logGet(43)) - raft.server.log.appender.install.snapshot.enabled = false (custom)
2019-10-25 11:07:36,806 [pool-200-thread-1] INFO  impl.RaftServerImpl (ServerState.java:<init>(103)) - 7fad1e98-7a6b-4998-a30c-ec1ab88068bc@group-B2CF431F6C00: ConfigurationManager, init=-1: [7fad1e98-7a6b-4998-a30c-ec1ab88068bc:192.168.157.233:35716], old=null, confs=<EMPTY_MAP>
2019-10-25 11:07:36,806 [pool-200-thread-1] INFO  server.RaftServerConfigKeys (ConfUtils.java:logGet(43)) - raft.server.storage.dir = [/workdir/hadoop-ozone/integration-test/target/test-dir/MiniOzoneClusterImpl-0a85d326-9d58-4237-89dd-96557ce3dac1/datanode-5/data/ratis] (custom)
2019-10-25 11:07:36,807 [pool-200-thread-1] INFO  server.RaftServerConfigKeys (ConfUtils.java:logGet(43)) - raft.server.log.corruption.policy = EXCEPTION (default)
2019-10-25 11:07:36,807 [pool-200-thread-1] INFO  storage.RaftStorageDirectory (RaftStorageDirectory.java:analyzeStorage(246)) - The storage directory /workdir/hadoop-ozone/integration-test/target/test-dir/MiniOzoneClusterImpl-0a85d326-9d58-4237-89dd-96557ce3dac1/datanode-5/data/ratis/c4f21714-c595-4fdc-ad35-b2cf431f6c00 does not exist. Creating ...
2019-10-25 11:07:36,808 [bdb27072-dd00-4d3b-a7da-41600e490ca3@group-BA20A1D5CAC7-SegmentedRaftLogWorker] INFO  segmented.SegmentedRaftLogWorker (SegmentedRaftLogWorker.java:execute(576)) - bdb27072-dd00-4d3b-a7da-41600e490ca3@group-BA20A1D5CAC7-SegmentedRaftLogWorker: created new log segment /workdir/hadoop-ozone/integration-test/target/test-dir/MiniOzoneClusterImpl-0a85d326-9d58-4237-89dd-96557ce3dac1/datanode-6/data/ratis/27625704-1ca7-4562-874d-ba20a1d5cac7/current/log_inprogress_0
2019-10-25 11:07:36,808 [4ec993a1-c88d-4e26-9851-97b3046e33ae@group-00C9B0EC36EF-LeaderElection423] INFO  impl.LeaderElection (LeaderElection.java:askForVotes(178)) - 4ec993a1-c88d-4e26-9851-97b3046e33ae@group-00C9B0EC36EF-LeaderElection423: begin an election at term 1 for -1: [4ec993a1-c88d-4e26-9851-97b3046e33ae:192.168.157.233:41510], old=null
2019-10-25 11:07:36,809 [4ec993a1-c88d-4e26-9851-97b3046e33ae@group-00C9B0EC36EF-LeaderElection423] INFO  impl.RoleInfo (RoleInfo.java:shutdownLeaderElection(134)) - 4ec993a1-c88d-4e26-9851-97b3046e33ae: shutdown LeaderElection
2019-10-25 11:07:36,809 [4ec993a1-c88d-4e26-9851-97b3046e33ae@group-00C9B0EC36EF-LeaderElection423] INFO  impl.RaftServerImpl (RaftServerImpl.java:setRole(184)) - 4ec993a1-c88d-4e26-9851-97b3046e33ae@group-00C9B0EC36EF: changes role from CANDIDATE to LEADER at term 1 for changeToLeader
2019-10-25 11:07:36,809 [4ec993a1-c88d-4e26-9851-97b3046e33ae@group-00C9B0EC36EF-LeaderElection423] INFO  impl.RaftServerImpl (ServerState.java:setLeader(256)) - 4ec993a1-c88d-4e26-9851-97b3046e33ae@group-00C9B0EC36EF: change Leader from null to 4ec993a1-c88d-4e26-9851-97b3046e33ae at term 1 for becomeLeader, leader elected after 66ms
2019-10-25 11:07:36,809 [4ec993a1-c88d-4e26-9851-97b3046e33ae@group-00C9B0EC36EF-LeaderElection423] INFO  server.RaftServerConfigKeys (ConfUtils.java:logGet(43)) - raft.server.staging.catchup.gap = 1000 (default)
2019-10-25 11:07:36,809 [4ec993a1-c88d-4e26-9851-97b3046e33ae@group-00C9B0EC36EF-LeaderElection423] INFO  server.RaftServerConfigKeys (ConfUtils.java:logGet(43)) - raft.server.rpc.sleep.time = 25ms (default)
2019-10-25 11:07:36,809 [4ec993a1-c88d-4e26-9851-97b3046e33ae@group-00C9B0EC36EF-LeaderElection423] INFO  server.RaftServerConfigKeys (ConfUtils.java:logGet(43)) - raft.server.write.element-limit = 4096 (default)
2019-10-25 11:07:36,809 [4ec993a1-c88d-4e26-9851-97b3046e33ae@group-00C9B0EC36EF-LeaderElection423] INFO  server.RaftServerConfigKeys (ConfUtils.java:logGet(43)) - raft.server.watch.timeout = 10s (default)
2019-10-25 11:07:36,810 [4ec993a1-c88d-4e26-9851-97b3046e33ae@group-00C9B0EC36EF-LeaderElection423] INFO  server.RaftServerConfigKeys (ConfUtils.java:logGet(43)) - raft.server.watch.timeout.denomination = 1s (default)
2019-10-25 11:07:36,810 [4ec993a1-c88d-4e26-9851-97b3046e33ae@group-00C9B0EC36EF-LeaderElection423] INFO  server.RaftServerConfigKeys (ConfUtils.java:logGet(43)) - raft.server.watch.element-limit = 65536 (default)
2019-10-25 11:07:36,810 [pool-200-thread-1] INFO  storage.RaftStorageDirectory (RaftStorageDirectory.java:tryLock(328)) - Lock on /workdir/hadoop-ozone/integration-test/target/test-dir/MiniOzoneClusterImpl-0a85d326-9d58-4237-89dd-96557ce3dac1/datanode-5/data/ratis/c4f21714-c595-4fdc-ad35-b2cf431f6c00/in_use.lock acquired by nodename 23771@pr-hdds-2359-lls5b-3453883328
2019-10-25 11:07:36,812 [4ec993a1-c88d-4e26-9851-97b3046e33ae@group-00C9B0EC36EF-LeaderElection423] INFO  impl.RoleInfo (RoleInfo.java:updateAndGet(143)) - 4ec993a1-c88d-4e26-9851-97b3046e33ae: start LeaderState
2019-10-25 11:07:36,812 [4ec993a1-c88d-4e26-9851-97b3046e33ae@group-00C9B0EC36EF-LeaderElection423] INFO  segmented.SegmentedRaftLogWorker (SegmentedRaftLogWorker.java:startLogSegment(385)) - 4ec993a1-c88d-4e26-9851-97b3046e33ae@group-00C9B0EC36EF-SegmentedRaftLogWorker: Starting segment from index:0
2019-10-25 11:07:36,813 [4ec993a1-c88d-4e26-9851-97b3046e33ae@group-00C9B0EC36EF-LeaderElection423] INFO  impl.RaftServerImpl (ServerState.java:setRaftConf(357)) - 4ec993a1-c88d-4e26-9851-97b3046e33ae@group-00C9B0EC36EF: set configuration 0: [4ec993a1-c88d-4e26-9851-97b3046e33ae:192.168.157.233:41510], old=null at 0
2019-10-25 11:07:36,832 [pool-200-thread-1] INFO  storage.RaftStorage (RaftStorage.java:format(84)) - Storage directory /workdir/hadoop-ozone/integration-test/target/test-dir/MiniOzoneClusterImpl-0a85d326-9d58-4237-89dd-96557ce3dac1/datanode-5/data/ratis/c4f21714-c595-4fdc-ad35-b2cf431f6c00 has been successfully formatted.
2019-10-25 11:07:36,833 [pool-200-thread-1] INFO  ratis.ContainerStateMachine (ContainerStateMachine.java:loadSnapshot(231)) - group-B2CF431F6C00: The snapshot info is null. Setting the last applied indexto:(t:0, i:~)
2019-10-25 11:07:36,833 [pool-200-thread-1] INFO  server.RaftServerConfigKeys (ConfUtils.java:logGet(43)) - raft.server.notification.no-leader.timeout = 120s (custom)
2019-10-25 11:07:36,833 [pool-200-thread-1] INFO  server.RaftServerConfigKeys (ConfUtils.java:logGet(43)) - raft.server.log.use.memory = false (default)
2019-10-25 11:07:36,833 [pool-200-thread-1] INFO  server.RaftServerConfigKeys (ConfUtils.java:logGet(43)) - raft.server.log.purge.gap = 1000000 (custom)
2019-10-25 11:07:36,833 [pool-200-thread-1] INFO  server.RaftServerConfigKeys (ConfUtils.java:logGet(43)) - raft.server.log.appender.buffer.byte-limit = 33554432 (custom)
2019-10-25 11:07:36,834 [pool-200-thread-1] INFO  server.RaftServerConfigKeys (ConfUtils.java:logGet(43)) - raft.server.log.segment.size.max = 1048576 (custom)
2019-10-25 11:07:36,837 [pool-200-thread-1] INFO  server.RaftServerConfigKeys (ConfUtils.java:logGet(43)) - raft.server.log.segment.cache.num.max = 2 (custom)
2019-10-25 11:07:36,837 [pool-200-thread-1] INFO  segmented.SegmentedRaftLogWorker (SegmentedRaftLogWorker.java:<init>(173)) - new 7fad1e98-7a6b-4998-a30c-ec1ab88068bc@group-B2CF431F6C00-SegmentedRaftLogWorker for RaftStorage:Storage Directory /workdir/hadoop-ozone/integration-test/target/test-dir/MiniOzoneClusterImpl-0a85d326-9d58-4237-89dd-96557ce3dac1/datanode-5/data/ratis/c4f21714-c595-4fdc-ad35-b2cf431f6c00
2019-10-25 11:07:36,837 [pool-200-thread-1] INFO  server.RaftServerConfigKeys (ConfUtils.java:logGet(43)) - raft.server.log.queue.byte-limit = 2147483647 (custom)
2019-10-25 11:07:36,837 [pool-200-thread-1] INFO  server.RaftServerConfigKeys (ConfUtils.java:logGet(43)) - raft.server.log.queue.element-limit = 1024 (custom)
2019-10-25 11:07:36,837 [pool-200-thread-1] INFO  server.RaftServerConfigKeys (ConfUtils.java:logGet(43)) - raft.server.log.segment.size.max = 1048576 (custom)
2019-10-25 11:07:36,838 [pool-200-thread-1] INFO  server.RaftServerConfigKeys (ConfUtils.java:logGet(43)) - raft.server.log.preallocated.size = 16384 (custom)
2019-10-25 11:07:36,838 [pool-200-thread-1] INFO  server.RaftServerConfigKeys (ConfUtils.java:logGet(43)) - raft.server.log.write.buffer.size = 33554432 (custom)
2019-10-25 11:07:36,838 [pool-200-thread-1] INFO  server.RaftServerConfigKeys (ConfUtils.java:logGet(43)) - raft.server.log.force.sync.num = 128 (default)
2019-10-25 11:07:36,838 [pool-200-thread-1] INFO  server.RaftServerConfigKeys (ConfUtils.java:logGet(43)) - raft.server.log.statemachine.data.sync = true (default)
2019-10-25 11:07:36,838 [pool-200-thread-1] INFO  server.RaftServerConfigKeys (ConfUtils.java:logGet(43)) - raft.server.log.statemachine.data.sync.timeout = 10s (default)
2019-10-25 11:07:36,838 [pool-200-thread-1] INFO  server.RaftServerConfigKeys (ConfUtils.java:logGet(43)) - raft.server.log.statemachine.data.sync.timeout.retry = -1 (default)
2019-10-25 11:07:36,839 [pool-200-thread-1] INFO  server.RaftServerConfigKeys (ConfUtils.java:logGet(43)) - raft.server.log.statemachine.data.caching.enabled = true (custom)
2019-10-25 11:07:36,839 [pool-200-thread-1] INFO  segmented.SegmentedRaftLogWorker (SegmentedRaftLogWorker.java:lambda$new$0(128)) - 7fad1e98-7a6b-4998-a30c-ec1ab88068bc@group-B2CF431F6C00-SegmentedRaftLogWorker: flushIndex: setUnconditionally 0 -> -1
2019-10-25 11:07:36,840 [pool-200-thread-1] INFO  server.RaftServerConfigKeys (ConfUtils.java:logGet(43)) - raft.server.snapshot.auto.trigger.enabled = true (custom)
2019-10-25 11:07:36,840 [pool-200-thread-1] INFO  server.RaftServerConfigKeys (ConfUtils.java:logGet(43)) - raft.server.snapshot.auto.trigger.threshold = 10000 (custom)
2019-10-25 11:07:36,840 [pool-200-thread-1] INFO  server.RaftServerConfigKeys (ConfUtils.java:logGet(43)) - raft.server.snapshot.retention.file.num = 5 (custom)
2019-10-25 11:07:36,840 [pool-200-thread-1] INFO  server.RaftServerConfigKeys (ConfUtils.java:logGet(43)) - raft.server.retrycache.expirytime = 600000ms (custom)
2019-10-25 11:07:36,844 [pool-200-thread-1] INFO  impl.RaftServerImpl (RaftServerImpl.java:start(195)) - 7fad1e98-7a6b-4998-a30c-ec1ab88068bc@group-B2CF431F6C00: start as a follower, conf=-1: [7fad1e98-7a6b-4998-a30c-ec1ab88068bc:192.168.157.233:35716], old=null
2019-10-25 11:07:36,844 [pool-200-thread-1] INFO  impl.RaftServerImpl (RaftServerImpl.java:setRole(184)) - 7fad1e98-7a6b-4998-a30c-ec1ab88068bc@group-B2CF431F6C00: changes role from      null to FOLLOWER at term 0 for startAsFollower
2019-10-25 11:07:36,844 [pool-200-thread-1] INFO  impl.RoleInfo (RoleInfo.java:updateAndGet(143)) - 7fad1e98-7a6b-4998-a30c-ec1ab88068bc: start FollowerState
2019-10-25 11:07:36,845 [pool-200-thread-1] INFO  util.JmxRegister (JmxRegister.java:tryRegister(44)) - Successfully registered JMX Bean with object name Ratis:service=RaftServer,group=group-B2CF431F6C00,id=7fad1e98-7a6b-4998-a30c-ec1ab88068bc
2019-10-25 11:07:36,850 [RatisPipelineUtilsThread] INFO  pipeline.PipelineStateManager (PipelineStateManager.java:addPipeline(56)) - Created pipeline Pipeline[ Id: c4f21714-c595-4fdc-ad35-b2cf431f6c00, Nodes: 7fad1e98-7a6b-4998-a30c-ec1ab88068bc{ip: 192.168.157.233, host: pr-hdds-2359-lls5b-3453883328, networkLocation: /rack1, certSerialId: null}, Type:RATIS, Factor:ONE, State:OPEN]
2019-10-25 11:07:36,857 [grpc-default-executor-5] INFO  impl.RaftServerProxy (RaftServerProxy.java:addNew(89)) - f6cfa8a2-85ff-4bb9-a246-101c53d2d47b: addNew group-037982735EDF:[f6cfa8a2-85ff-4bb9-a246-101c53d2d47b:192.168.157.233:44618] returns group-037982735EDF:java.util.concurrent.CompletableFuture@1f350cac[Not completed]
2019-10-25 11:07:36,859 [pool-240-thread-1] INFO  impl.RaftServerImpl (RaftServerImpl.java:<init>(104)) - f6cfa8a2-85ff-4bb9-a246-101c53d2d47b: new RaftServerImpl for group-037982735EDF:[f6cfa8a2-85ff-4bb9-a246-101c53d2d47b:192.168.157.233:44618] with ContainerStateMachine:uninitialized
2019-10-25 11:07:36,859 [pool-240-thread-1] INFO  server.RaftServerConfigKeys (ConfUtils.java:logGet(43)) - raft.server.rpc.timeout.min = 1s (custom)
2019-10-25 11:07:36,859 [pool-240-thread-1] INFO  server.RaftServerConfigKeys (ConfUtils.java:logGet(43)) - raft.server.rpc.timeout.max = 1200ms (custom)
2019-10-25 11:07:36,860 [pool-240-thread-1] INFO  server.RaftServerConfigKeys (ConfUtils.java:logGet(43)) - raft.server.rpcslowness.timeout = 120s (custom)
2019-10-25 11:07:36,860 [pool-240-thread-1] INFO  server.RaftServerConfigKeys (ConfUtils.java:logGet(43)) - raft.server.sleep.deviation.threshold = 300 (default)
2019-10-25 11:07:36,860 [pool-240-thread-1] INFO  server.RaftServerConfigKeys (ConfUtils.java:logGet(43)) - raft.server.log.appender.install.snapshot.enabled = false (custom)
2019-10-25 11:07:36,860 [pool-240-thread-1] INFO  impl.RaftServerImpl (ServerState.java:<init>(103)) - f6cfa8a2-85ff-4bb9-a246-101c53d2d47b@group-037982735EDF: ConfigurationManager, init=-1: [f6cfa8a2-85ff-4bb9-a246-101c53d2d47b:192.168.157.233:44618], old=null, confs=<EMPTY_MAP>
2019-10-25 11:07:36,860 [pool-240-thread-1] INFO  server.RaftServerConfigKeys (ConfUtils.java:logGet(43)) - raft.server.storage.dir = [/workdir/hadoop-ozone/integration-test/target/test-dir/MiniOzoneClusterImpl-0a85d326-9d58-4237-89dd-96557ce3dac1/datanode-9/data/ratis] (custom)
2019-10-25 11:07:36,860 [pool-240-thread-1] INFO  server.RaftServerConfigKeys (ConfUtils.java:logGet(43)) - raft.server.log.corruption.policy = EXCEPTION (default)
2019-10-25 11:07:36,861 [pool-240-thread-1] INFO  storage.RaftStorageDirectory (RaftStorageDirectory.java:analyzeStorage(246)) - The storage directory /workdir/hadoop-ozone/integration-test/target/test-dir/MiniOzoneClusterImpl-0a85d326-9d58-4237-89dd-96557ce3dac1/datanode-9/data/ratis/b25e00f4-9cef-4dff-a12f-037982735edf does not exist. Creating ...
2019-10-25 11:07:36,861 [4ec993a1-c88d-4e26-9851-97b3046e33ae@group-00C9B0EC36EF-SegmentedRaftLogWorker] INFO  segmented.SegmentedRaftLogWorker (SegmentedRaftLogWorker.java:execute(576)) - 4ec993a1-c88d-4e26-9851-97b3046e33ae@group-00C9B0EC36EF-SegmentedRaftLogWorker: created new log segment /workdir/hadoop-ozone/integration-test/target/test-dir/MiniOzoneClusterImpl-0a85d326-9d58-4237-89dd-96557ce3dac1/datanode-7/data/ratis/2acc34fe-82b9-4f80-8b7e-00c9b0ec36ef/current/log_inprogress_0
2019-10-25 11:07:36,875 [pool-240-thread-1] INFO  storage.RaftStorageDirectory (RaftStorageDirectory.java:tryLock(328)) - Lock on /workdir/hadoop-ozone/integration-test/target/test-dir/MiniOzoneClusterImpl-0a85d326-9d58-4237-89dd-96557ce3dac1/datanode-9/data/ratis/b25e00f4-9cef-4dff-a12f-037982735edf/in_use.lock acquired by nodename 23771@pr-hdds-2359-lls5b-3453883328
2019-10-25 11:07:36,888 [pool-240-thread-1] INFO  storage.RaftStorage (RaftStorage.java:format(84)) - Storage directory /workdir/hadoop-ozone/integration-test/target/test-dir/MiniOzoneClusterImpl-0a85d326-9d58-4237-89dd-96557ce3dac1/datanode-9/data/ratis/b25e00f4-9cef-4dff-a12f-037982735edf has been successfully formatted.
2019-10-25 11:07:36,888 [pool-240-thread-1] INFO  ratis.ContainerStateMachine (ContainerStateMachine.java:loadSnapshot(231)) - group-037982735EDF: The snapshot info is null. Setting the last applied indexto:(t:0, i:~)
2019-10-25 11:07:36,888 [pool-240-thread-1] INFO  server.RaftServerConfigKeys (ConfUtils.java:logGet(43)) - raft.server.notification.no-leader.timeout = 120s (custom)
2019-10-25 11:07:36,888 [pool-240-thread-1] INFO  server.RaftServerConfigKeys (ConfUtils.java:logGet(43)) - raft.server.log.use.memory = false (default)
2019-10-25 11:07:36,888 [pool-240-thread-1] INFO  server.RaftServerConfigKeys (ConfUtils.java:logGet(43)) - raft.server.log.purge.gap = 1000000 (custom)
2019-10-25 11:07:36,888 [pool-240-thread-1] INFO  server.RaftServerConfigKeys (ConfUtils.java:logGet(43)) - raft.server.log.appender.buffer.byte-limit = 33554432 (custom)
2019-10-25 11:07:36,888 [pool-240-thread-1] INFO  server.RaftServerConfigKeys (ConfUtils.java:logGet(43)) - raft.server.log.segment.size.max = 1048576 (custom)
2019-10-25 11:07:36,890 [pool-240-thread-1] INFO  server.RaftServerConfigKeys (ConfUtils.java:logGet(43)) - raft.server.log.segment.cache.num.max = 2 (custom)
2019-10-25 11:07:36,890 [pool-240-thread-1] INFO  segmented.SegmentedRaftLogWorker (SegmentedRaftLogWorker.java:<init>(173)) - new f6cfa8a2-85ff-4bb9-a246-101c53d2d47b@group-037982735EDF-SegmentedRaftLogWorker for RaftStorage:Storage Directory /workdir/hadoop-ozone/integration-test/target/test-dir/MiniOzoneClusterImpl-0a85d326-9d58-4237-89dd-96557ce3dac1/datanode-9/data/ratis/b25e00f4-9cef-4dff-a12f-037982735edf
2019-10-25 11:07:36,890 [pool-240-thread-1] INFO  server.RaftServerConfigKeys (ConfUtils.java:logGet(43)) - raft.server.log.queue.byte-limit = 2147483647 (custom)
2019-10-25 11:07:36,890 [pool-240-thread-1] INFO  server.RaftServerConfigKeys (ConfUtils.java:logGet(43)) - raft.server.log.queue.element-limit = 1024 (custom)
2019-10-25 11:07:36,890 [pool-240-thread-1] INFO  server.RaftServerConfigKeys (ConfUtils.java:logGet(43)) - raft.server.log.segment.size.max = 1048576 (custom)
2019-10-25 11:07:36,890 [pool-240-thread-1] INFO  server.RaftServerConfigKeys (ConfUtils.java:logGet(43)) - raft.server.log.preallocated.size = 16384 (custom)
2019-10-25 11:07:36,890 [pool-240-thread-1] INFO  server.RaftServerConfigKeys (ConfUtils.java:logGet(43)) - raft.server.log.write.buffer.size = 33554432 (custom)
2019-10-25 11:07:36,891 [pool-240-thread-1] INFO  server.RaftServerConfigKeys (ConfUtils.java:logGet(43)) - raft.server.log.force.sync.num = 128 (default)
2019-10-25 11:07:36,891 [pool-240-thread-1] INFO  server.RaftServerConfigKeys (ConfUtils.java:logGet(43)) - raft.server.log.statemachine.data.sync = true (default)
2019-10-25 11:07:36,891 [pool-240-thread-1] INFO  server.RaftServerConfigKeys (ConfUtils.java:logGet(43)) - raft.server.log.statemachine.data.sync.timeout = 10s (default)
2019-10-25 11:07:36,891 [pool-240-thread-1] INFO  server.RaftServerConfigKeys (ConfUtils.java:logGet(43)) - raft.server.log.statemachine.data.sync.timeout.retry = -1 (default)
2019-10-25 11:07:36,891 [pool-240-thread-1] INFO  server.RaftServerConfigKeys (ConfUtils.java:logGet(43)) - raft.server.log.statemachine.data.caching.enabled = true (custom)
2019-10-25 11:07:36,891 [pool-240-thread-1] INFO  segmented.SegmentedRaftLogWorker (SegmentedRaftLogWorker.java:lambda$new$0(128)) - f6cfa8a2-85ff-4bb9-a246-101c53d2d47b@group-037982735EDF-SegmentedRaftLogWorker: flushIndex: setUnconditionally 0 -> -1
2019-10-25 11:07:36,892 [pool-240-thread-1] INFO  server.RaftServerConfigKeys (ConfUtils.java:logGet(43)) - raft.server.snapshot.auto.trigger.enabled = true (custom)
2019-10-25 11:07:36,892 [pool-240-thread-1] INFO  server.RaftServerConfigKeys (ConfUtils.java:logGet(43)) - raft.server.snapshot.auto.trigger.threshold = 10000 (custom)
2019-10-25 11:07:36,892 [pool-240-thread-1] INFO  server.RaftServerConfigKeys (ConfUtils.java:logGet(43)) - raft.server.snapshot.retention.file.num = 5 (custom)
2019-10-25 11:07:36,892 [pool-240-thread-1] INFO  server.RaftServerConfigKeys (ConfUtils.java:logGet(43)) - raft.server.retrycache.expirytime = 600000ms (custom)
2019-10-25 11:07:36,894 [pool-240-thread-1] INFO  impl.RaftServerImpl (RaftServerImpl.java:start(195)) - f6cfa8a2-85ff-4bb9-a246-101c53d2d47b@group-037982735EDF: start as a follower, conf=-1: [f6cfa8a2-85ff-4bb9-a246-101c53d2d47b:192.168.157.233:44618], old=null
2019-10-25 11:07:36,894 [pool-240-thread-1] INFO  impl.RaftServerImpl (RaftServerImpl.java:setRole(184)) - f6cfa8a2-85ff-4bb9-a246-101c53d2d47b@group-037982735EDF: changes role from      null to FOLLOWER at term 0 for startAsFollower
2019-10-25 11:07:36,894 [pool-240-thread-1] INFO  impl.RoleInfo (RoleInfo.java:updateAndGet(143)) - f6cfa8a2-85ff-4bb9-a246-101c53d2d47b: start FollowerState
2019-10-25 11:07:36,895 [pool-240-thread-1] INFO  util.JmxRegister (JmxRegister.java:tryRegister(44)) - Successfully registered JMX Bean with object name Ratis:service=RaftServer,group=group-037982735EDF,id=f6cfa8a2-85ff-4bb9-a246-101c53d2d47b
2019-10-25 11:07:36,899 [RatisPipelineUtilsThread] INFO  pipeline.PipelineStateManager (PipelineStateManager.java:addPipeline(56)) - Created pipeline Pipeline[ Id: b25e00f4-9cef-4dff-a12f-037982735edf, Nodes: f6cfa8a2-85ff-4bb9-a246-101c53d2d47b{ip: 192.168.157.233, host: pr-hdds-2359-lls5b-3453883328, networkLocation: /rack1, certSerialId: null}, Type:RATIS, Factor:ONE, State:OPEN]
2019-10-25 11:07:36,914 [grpc-default-executor-5] INFO  impl.RaftServerProxy (RaftServerProxy.java:addNew(89)) - ee32d20a-9ada-4130-97b0-6f12b38b3dc6: addNew group-46902E0F257D:[ee32d20a-9ada-4130-97b0-6f12b38b3dc6:192.168.157.233:41846] returns group-46902E0F257D:java.util.concurrent.CompletableFuture@6c3311d1[Not completed]
2019-10-25 11:07:36,916 [Thread-3625] INFO  impl.FollowerState (FollowerState.java:run(108)) - 7fad1e98-7a6b-4998-a30c-ec1ab88068bc@group-B2CF431F6C00-FollowerState: change to CANDIDATE, lastRpcTime:71ms, electionTimeout:71ms
2019-10-25 11:07:36,916 [Thread-3625] INFO  impl.RoleInfo (RoleInfo.java:shutdownFollowerState(121)) - 7fad1e98-7a6b-4998-a30c-ec1ab88068bc: shutdown FollowerState
2019-10-25 11:07:36,916 [Thread-3625] INFO  impl.RaftServerImpl (RaftServerImpl.java:setRole(184)) - 7fad1e98-7a6b-4998-a30c-ec1ab88068bc@group-B2CF431F6C00: changes role from  FOLLOWER to CANDIDATE at term 0 for changeToCandidate
2019-10-25 11:07:36,916 [pool-230-thread-1] INFO  impl.RaftServerImpl (RaftServerImpl.java:<init>(104)) - ee32d20a-9ada-4130-97b0-6f12b38b3dc6: new RaftServerImpl for group-46902E0F257D:[ee32d20a-9ada-4130-97b0-6f12b38b3dc6:192.168.157.233:41846] with ContainerStateMachine:uninitialized
2019-10-25 11:07:36,916 [Thread-3625] INFO  impl.RoleInfo (RoleInfo.java:updateAndGet(143)) - 7fad1e98-7a6b-4998-a30c-ec1ab88068bc: start LeaderElection
2019-10-25 11:07:36,916 [pool-230-thread-1] INFO  server.RaftServerConfigKeys (ConfUtils.java:logGet(43)) - raft.server.rpc.timeout.min = 1s (custom)
2019-10-25 11:07:36,916 [pool-230-thread-1] INFO  server.RaftServerConfigKeys (ConfUtils.java:logGet(43)) - raft.server.rpc.timeout.max = 1200ms (custom)
2019-10-25 11:07:36,917 [pool-230-thread-1] INFO  server.RaftServerConfigKeys (ConfUtils.java:logGet(43)) - raft.server.rpcslowness.timeout = 120s (custom)
2019-10-25 11:07:36,917 [pool-230-thread-1] INFO  server.RaftServerConfigKeys (ConfUtils.java:logGet(43)) - raft.server.sleep.deviation.threshold = 300 (default)
2019-10-25 11:07:36,921 [pool-230-thread-1] INFO  server.RaftServerConfigKeys (ConfUtils.java:logGet(43)) - raft.server.log.appender.install.snapshot.enabled = false (custom)
2019-10-25 11:07:36,921 [pool-230-thread-1] INFO  impl.RaftServerImpl (ServerState.java:<init>(103)) - ee32d20a-9ada-4130-97b0-6f12b38b3dc6@group-46902E0F257D: ConfigurationManager, init=-1: [ee32d20a-9ada-4130-97b0-6f12b38b3dc6:192.168.157.233:41846], old=null, confs=<EMPTY_MAP>
2019-10-25 11:07:36,921 [pool-230-thread-1] INFO  server.RaftServerConfigKeys (ConfUtils.java:logGet(43)) - raft.server.storage.dir = [/workdir/hadoop-ozone/integration-test/target/test-dir/MiniOzoneClusterImpl-0a85d326-9d58-4237-89dd-96557ce3dac1/datanode-8/data/ratis] (custom)
2019-10-25 11:07:36,921 [pool-230-thread-1] INFO  server.RaftServerConfigKeys (ConfUtils.java:logGet(43)) - raft.server.log.corruption.policy = EXCEPTION (default)
2019-10-25 11:07:36,922 [pool-230-thread-1] INFO  storage.RaftStorageDirectory (RaftStorageDirectory.java:analyzeStorage(246)) - The storage directory /workdir/hadoop-ozone/integration-test/target/test-dir/MiniOzoneClusterImpl-0a85d326-9d58-4237-89dd-96557ce3dac1/datanode-8/data/ratis/1367d0d3-3098-4835-b320-46902e0f257d does not exist. Creating ...
2019-10-25 11:07:36,933 [pool-230-thread-1] INFO  storage.RaftStorageDirectory (RaftStorageDirectory.java:tryLock(328)) - Lock on /workdir/hadoop-ozone/integration-test/target/test-dir/MiniOzoneClusterImpl-0a85d326-9d58-4237-89dd-96557ce3dac1/datanode-8/data/ratis/1367d0d3-3098-4835-b320-46902e0f257d/in_use.lock acquired by nodename 23771@pr-hdds-2359-lls5b-3453883328
2019-10-25 11:07:36,934 [7fad1e98-7a6b-4998-a30c-ec1ab88068bc@group-B2CF431F6C00-LeaderElection424] INFO  impl.LeaderElection (LeaderElection.java:askForVotes(178)) - 7fad1e98-7a6b-4998-a30c-ec1ab88068bc@group-B2CF431F6C00-LeaderElection424: begin an election at term 1 for -1: [7fad1e98-7a6b-4998-a30c-ec1ab88068bc:192.168.157.233:35716], old=null
2019-10-25 11:07:36,934 [7fad1e98-7a6b-4998-a30c-ec1ab88068bc@group-B2CF431F6C00-LeaderElection424] INFO  impl.RoleInfo (RoleInfo.java:shutdownLeaderElection(134)) - 7fad1e98-7a6b-4998-a30c-ec1ab88068bc: shutdown LeaderElection
2019-10-25 11:07:36,934 [7fad1e98-7a6b-4998-a30c-ec1ab88068bc@group-B2CF431F6C00-LeaderElection424] INFO  impl.RaftServerImpl (RaftServerImpl.java:setRole(184)) - 7fad1e98-7a6b-4998-a30c-ec1ab88068bc@group-B2CF431F6C00: changes role from CANDIDATE to LEADER at term 1 for changeToLeader
2019-10-25 11:07:36,934 [7fad1e98-7a6b-4998-a30c-ec1ab88068bc@group-B2CF431F6C00-LeaderElection424] INFO  impl.RaftServerImpl (ServerState.java:setLeader(256)) - 7fad1e98-7a6b-4998-a30c-ec1ab88068bc@group-B2CF431F6C00: change Leader from null to 7fad1e98-7a6b-4998-a30c-ec1ab88068bc at term 1 for becomeLeader, leader elected after 101ms
2019-10-25 11:07:36,934 [7fad1e98-7a6b-4998-a30c-ec1ab88068bc@group-B2CF431F6C00-LeaderElection424] INFO  server.RaftServerConfigKeys (ConfUtils.java:logGet(43)) - raft.server.staging.catchup.gap = 1000 (default)
2019-10-25 11:07:36,934 [7fad1e98-7a6b-4998-a30c-ec1ab88068bc@group-B2CF431F6C00-LeaderElection424] INFO  server.RaftServerConfigKeys (ConfUtils.java:logGet(43)) - raft.server.rpc.sleep.time = 25ms (default)
2019-10-25 11:07:36,934 [7fad1e98-7a6b-4998-a30c-ec1ab88068bc@group-B2CF431F6C00-LeaderElection424] INFO  server.RaftServerConfigKeys (ConfUtils.java:logGet(43)) - raft.server.write.element-limit = 4096 (default)
2019-10-25 11:07:36,935 [7fad1e98-7a6b-4998-a30c-ec1ab88068bc@group-B2CF431F6C00-LeaderElection424] INFO  server.RaftServerConfigKeys (ConfUtils.java:logGet(43)) - raft.server.watch.timeout = 10s (default)
2019-10-25 11:07:36,935 [7fad1e98-7a6b-4998-a30c-ec1ab88068bc@group-B2CF431F6C00-LeaderElection424] INFO  server.RaftServerConfigKeys (ConfUtils.java:logGet(43)) - raft.server.watch.timeout.denomination = 1s (default)
2019-10-25 11:07:36,935 [7fad1e98-7a6b-4998-a30c-ec1ab88068bc@group-B2CF431F6C00-LeaderElection424] INFO  server.RaftServerConfigKeys (ConfUtils.java:logGet(43)) - raft.server.watch.element-limit = 65536 (default)
2019-10-25 11:07:36,936 [7fad1e98-7a6b-4998-a30c-ec1ab88068bc@group-B2CF431F6C00-LeaderElection424] INFO  impl.RoleInfo (RoleInfo.java:updateAndGet(143)) - 7fad1e98-7a6b-4998-a30c-ec1ab88068bc: start LeaderState
2019-10-25 11:07:36,936 [7fad1e98-7a6b-4998-a30c-ec1ab88068bc@group-B2CF431F6C00-LeaderElection424] INFO  segmented.SegmentedRaftLogWorker (SegmentedRaftLogWorker.java:startLogSegment(385)) - 7fad1e98-7a6b-4998-a30c-ec1ab88068bc@group-B2CF431F6C00-SegmentedRaftLogWorker: Starting segment from index:0
2019-10-25 11:07:36,937 [7fad1e98-7a6b-4998-a30c-ec1ab88068bc@group-B2CF431F6C00-LeaderElection424] INFO  impl.RaftServerImpl (ServerState.java:setRaftConf(357)) - 7fad1e98-7a6b-4998-a30c-ec1ab88068bc@group-B2CF431F6C00: set configuration 0: [7fad1e98-7a6b-4998-a30c-ec1ab88068bc:192.168.157.233:35716], old=null at 0
2019-10-25 11:07:36,947 [pool-230-thread-1] INFO  storage.RaftStorage (RaftStorage.java:format(84)) - Storage directory /workdir/hadoop-ozone/integration-test/target/test-dir/MiniOzoneClusterImpl-0a85d326-9d58-4237-89dd-96557ce3dac1/datanode-8/data/ratis/1367d0d3-3098-4835-b320-46902e0f257d has been successfully formatted.
2019-10-25 11:07:36,947 [pool-230-thread-1] INFO  ratis.ContainerStateMachine (ContainerStateMachine.java:loadSnapshot(231)) - group-46902E0F257D: The snapshot info is null. Setting the last applied indexto:(t:0, i:~)
2019-10-25 11:07:36,947 [pool-230-thread-1] INFO  server.RaftServerConfigKeys (ConfUtils.java:logGet(43)) - raft.server.notification.no-leader.timeout = 120s (custom)
2019-10-25 11:07:36,947 [pool-230-thread-1] INFO  server.RaftServerConfigKeys (ConfUtils.java:logGet(43)) - raft.server.log.use.memory = false (default)
2019-10-25 11:07:36,947 [pool-230-thread-1] INFO  server.RaftServerConfigKeys (ConfUtils.java:logGet(43)) - raft.server.log.purge.gap = 1000000 (custom)
2019-10-25 11:07:36,947 [pool-230-thread-1] INFO  server.RaftServerConfigKeys (ConfUtils.java:logGet(43)) - raft.server.log.appender.buffer.byte-limit = 33554432 (custom)
2019-10-25 11:07:36,947 [pool-230-thread-1] INFO  server.RaftServerConfigKeys (ConfUtils.java:logGet(43)) - raft.server.log.segment.size.max = 1048576 (custom)
2019-10-25 11:07:36,949 [pool-230-thread-1] INFO  server.RaftServerConfigKeys (ConfUtils.java:logGet(43)) - raft.server.log.segment.cache.num.max = 2 (custom)
2019-10-25 11:07:36,949 [pool-230-thread-1] INFO  segmented.SegmentedRaftLogWorker (SegmentedRaftLogWorker.java:<init>(173)) - new ee32d20a-9ada-4130-97b0-6f12b38b3dc6@group-46902E0F257D-SegmentedRaftLogWorker for RaftStorage:Storage Directory /workdir/hadoop-ozone/integration-test/target/test-dir/MiniOzoneClusterImpl-0a85d326-9d58-4237-89dd-96557ce3dac1/datanode-8/data/ratis/1367d0d3-3098-4835-b320-46902e0f257d
2019-10-25 11:07:36,949 [pool-230-thread-1] INFO  server.RaftServerConfigKeys (ConfUtils.java:logGet(43)) - raft.server.log.queue.byte-limit = 2147483647 (custom)
2019-10-25 11:07:36,949 [pool-230-thread-1] INFO  server.RaftServerConfigKeys (ConfUtils.java:logGet(43)) - raft.server.log.queue.element-limit = 1024 (custom)
2019-10-25 11:07:36,949 [pool-230-thread-1] INFO  server.RaftServerConfigKeys (ConfUtils.java:logGet(43)) - raft.server.log.segment.size.max = 1048576 (custom)
2019-10-25 11:07:36,949 [pool-230-thread-1] INFO  server.RaftServerConfigKeys (ConfUtils.java:logGet(43)) - raft.server.log.preallocated.size = 16384 (custom)
2019-10-25 11:07:36,949 [pool-230-thread-1] INFO  server.RaftServerConfigKeys (ConfUtils.java:logGet(43)) - raft.server.log.write.buffer.size = 33554432 (custom)
2019-10-25 11:07:36,949 [pool-230-thread-1] INFO  server.RaftServerConfigKeys (ConfUtils.java:logGet(43)) - raft.server.log.force.sync.num = 128 (default)
2019-10-25 11:07:36,949 [pool-230-thread-1] INFO  server.RaftServerConfigKeys (ConfUtils.java:logGet(43)) - raft.server.log.statemachine.data.sync = true (default)
2019-10-25 11:07:36,949 [pool-230-thread-1] INFO  server.RaftServerConfigKeys (ConfUtils.java:logGet(43)) - raft.server.log.statemachine.data.sync.timeout = 10s (default)
2019-10-25 11:07:36,949 [pool-230-thread-1] INFO  server.RaftServerConfigKeys (ConfUtils.java:logGet(43)) - raft.server.log.statemachine.data.sync.timeout.retry = -1 (default)
2019-10-25 11:07:36,950 [pool-230-thread-1] INFO  server.RaftServerConfigKeys (ConfUtils.java:logGet(43)) - raft.server.log.statemachine.data.caching.enabled = true (custom)
2019-10-25 11:07:36,950 [pool-230-thread-1] INFO  segmented.SegmentedRaftLogWorker (SegmentedRaftLogWorker.java:lambda$new$0(128)) - ee32d20a-9ada-4130-97b0-6f12b38b3dc6@group-46902E0F257D-SegmentedRaftLogWorker: flushIndex: setUnconditionally 0 -> -1
2019-10-25 11:07:36,950 [pool-230-thread-1] INFO  server.RaftServerConfigKeys (ConfUtils.java:logGet(43)) - raft.server.snapshot.auto.trigger.enabled = true (custom)
2019-10-25 11:07:36,950 [pool-230-thread-1] INFO  server.RaftServerConfigKeys (ConfUtils.java:logGet(43)) - raft.server.snapshot.auto.trigger.threshold = 10000 (custom)
2019-10-25 11:07:36,950 [pool-230-thread-1] INFO  server.RaftServerConfigKeys (ConfUtils.java:logGet(43)) - raft.server.snapshot.retention.file.num = 5 (custom)
2019-10-25 11:07:36,950 [pool-230-thread-1] INFO  server.RaftServerConfigKeys (ConfUtils.java:logGet(43)) - raft.server.retrycache.expirytime = 600000ms (custom)
2019-10-25 11:07:36,953 [pool-230-thread-1] INFO  impl.RaftServerImpl (RaftServerImpl.java:start(195)) - ee32d20a-9ada-4130-97b0-6f12b38b3dc6@group-46902E0F257D: start as a follower, conf=-1: [ee32d20a-9ada-4130-97b0-6f12b38b3dc6:192.168.157.233:41846], old=null
2019-10-25 11:07:36,953 [pool-230-thread-1] INFO  impl.RaftServerImpl (RaftServerImpl.java:setRole(184)) - ee32d20a-9ada-4130-97b0-6f12b38b3dc6@group-46902E0F257D: changes role from      null to FOLLOWER at term 0 for startAsFollower
2019-10-25 11:07:36,953 [pool-230-thread-1] INFO  impl.RoleInfo (RoleInfo.java:updateAndGet(143)) - ee32d20a-9ada-4130-97b0-6f12b38b3dc6: start FollowerState
2019-10-25 11:07:36,954 [pool-230-thread-1] INFO  util.JmxRegister (JmxRegister.java:tryRegister(44)) - Successfully registered JMX Bean with object name Ratis:service=RaftServer,group=group-46902E0F257D,id=ee32d20a-9ada-4130-97b0-6f12b38b3dc6
2019-10-25 11:07:36,959 [RatisPipelineUtilsThread] INFO  pipeline.PipelineStateManager (PipelineStateManager.java:addPipeline(56)) - Created pipeline Pipeline[ Id: 1367d0d3-3098-4835-b320-46902e0f257d, Nodes: ee32d20a-9ada-4130-97b0-6f12b38b3dc6{ip: 192.168.157.233, host: pr-hdds-2359-lls5b-3453883328, networkLocation: /rack1, certSerialId: null}, Type:RATIS, Factor:ONE, State:OPEN]
2019-10-25 11:07:36,981 [grpc-default-executor-7] INFO  impl.RaftServerProxy (RaftServerProxy.java:addNew(89)) - d6e16d1d-13ec-4d5e-a095-b06e50bc05c8: addNew group-04D1B0FD29CB:[d6e16d1d-13ec-4d5e-a095-b06e50bc05c8:192.168.157.233:44794, fd698530-c54c-4f87-b269-002f8f3935cd:192.168.157.233:41166, 4ec993a1-c88d-4e26-9851-97b3046e33ae:192.168.157.233:41510] returns group-04D1B0FD29CB:java.util.concurrent.CompletableFuture@46aeab51[Not completed]
2019-10-25 11:07:36,982 [grpc-default-executor-5] INFO  impl.RaftServerProxy (RaftServerProxy.java:addNew(89)) - fd698530-c54c-4f87-b269-002f8f3935cd: addNew group-04D1B0FD29CB:[d6e16d1d-13ec-4d5e-a095-b06e50bc05c8:192.168.157.233:44794, fd698530-c54c-4f87-b269-002f8f3935cd:192.168.157.233:41166, 4ec993a1-c88d-4e26-9851-97b3046e33ae:192.168.157.233:41510] returns group-04D1B0FD29CB:java.util.concurrent.CompletableFuture@af661a4[Not completed]
2019-10-25 11:07:36,982 [grpc-default-executor-5] INFO  impl.RaftServerProxy (RaftServerProxy.java:addNew(89)) - 4ec993a1-c88d-4e26-9851-97b3046e33ae: addNew group-04D1B0FD29CB:[d6e16d1d-13ec-4d5e-a095-b06e50bc05c8:192.168.157.233:44794, fd698530-c54c-4f87-b269-002f8f3935cd:192.168.157.233:41166, 4ec993a1-c88d-4e26-9851-97b3046e33ae:192.168.157.233:41510] returns group-04D1B0FD29CB:java.util.concurrent.CompletableFuture@70440cfe[Not completed]
2019-10-25 11:07:36,983 [7fad1e98-7a6b-4998-a30c-ec1ab88068bc@group-B2CF431F6C00-SegmentedRaftLogWorker] INFO  segmented.SegmentedRaftLogWorker (SegmentedRaftLogWorker.java:execute(576)) - 7fad1e98-7a6b-4998-a30c-ec1ab88068bc@group-B2CF431F6C00-SegmentedRaftLogWorker: created new log segment /workdir/hadoop-ozone/integration-test/target/test-dir/MiniOzoneClusterImpl-0a85d326-9d58-4237-89dd-96557ce3dac1/datanode-5/data/ratis/c4f21714-c595-4fdc-ad35-b2cf431f6c00/current/log_inprogress_0
2019-10-25 11:07:36,983 [pool-150-thread-1] INFO  impl.RaftServerImpl (RaftServerImpl.java:<init>(104)) - d6e16d1d-13ec-4d5e-a095-b06e50bc05c8: new RaftServerImpl for group-04D1B0FD29CB:[d6e16d1d-13ec-4d5e-a095-b06e50bc05c8:192.168.157.233:44794, fd698530-c54c-4f87-b269-002f8f3935cd:192.168.157.233:41166, 4ec993a1-c88d-4e26-9851-97b3046e33ae:192.168.157.233:41510] with ContainerStateMachine:uninitialized
2019-10-25 11:07:36,983 [pool-150-thread-1] INFO  server.RaftServerConfigKeys (ConfUtils.java:logGet(43)) - raft.server.rpc.timeout.min = 1s (custom)
2019-10-25 11:07:36,984 [pool-150-thread-1] INFO  server.RaftServerConfigKeys (ConfUtils.java:logGet(43)) - raft.server.rpc.timeout.max = 1200ms (custom)
2019-10-25 11:07:36,984 [pool-150-thread-1] INFO  server.RaftServerConfigKeys (ConfUtils.java:logGet(43)) - raft.server.rpcslowness.timeout = 120s (custom)
2019-10-25 11:07:36,984 [pool-220-thread-1] INFO  impl.RaftServerImpl (RaftServerImpl.java:<init>(104)) - 4ec993a1-c88d-4e26-9851-97b3046e33ae: new RaftServerImpl for group-04D1B0FD29CB:[d6e16d1d-13ec-4d5e-a095-b06e50bc05c8:192.168.157.233:44794, fd698530-c54c-4f87-b269-002f8f3935cd:192.168.157.233:41166, 4ec993a1-c88d-4e26-9851-97b3046e33ae:192.168.157.233:41510] with ContainerStateMachine:uninitialized
2019-10-25 11:07:36,984 [pool-150-thread-1] INFO  server.RaftServerConfigKeys (ConfUtils.java:logGet(43)) - raft.server.sleep.deviation.threshold = 300 (default)
2019-10-25 11:07:36,984 [pool-220-thread-1] INFO  server.RaftServerConfigKeys (ConfUtils.java:logGet(43)) - raft.server.rpc.timeout.min = 1s (custom)
2019-10-25 11:07:36,984 [pool-150-thread-1] INFO  server.RaftServerConfigKeys (ConfUtils.java:logGet(43)) - raft.server.log.appender.install.snapshot.enabled = false (custom)
2019-10-25 11:07:36,984 [pool-220-thread-1] INFO  server.RaftServerConfigKeys (ConfUtils.java:logGet(43)) - raft.server.rpc.timeout.max = 1200ms (custom)
2019-10-25 11:07:36,984 [pool-150-thread-1] INFO  impl.RaftServerImpl (ServerState.java:<init>(103)) - d6e16d1d-13ec-4d5e-a095-b06e50bc05c8@group-04D1B0FD29CB: ConfigurationManager, init=-1: [d6e16d1d-13ec-4d5e-a095-b06e50bc05c8:192.168.157.233:44794, fd698530-c54c-4f87-b269-002f8f3935cd:192.168.157.233:41166, 4ec993a1-c88d-4e26-9851-97b3046e33ae:192.168.157.233:41510], old=null, confs=<EMPTY_MAP>
2019-10-25 11:07:36,984 [pool-220-thread-1] INFO  server.RaftServerConfigKeys (ConfUtils.java:logGet(43)) - raft.server.rpcslowness.timeout = 120s (custom)
2019-10-25 11:07:36,985 [pool-220-thread-1] INFO  server.RaftServerConfigKeys (ConfUtils.java:logGet(43)) - raft.server.sleep.deviation.threshold = 300 (default)
2019-10-25 11:07:36,985 [pool-150-thread-1] INFO  server.RaftServerConfigKeys (ConfUtils.java:logGet(43)) - raft.server.storage.dir = [/workdir/hadoop-ozone/integration-test/target/test-dir/MiniOzoneClusterImpl-0a85d326-9d58-4237-89dd-96557ce3dac1/datanode-0/data/ratis] (custom)
2019-10-25 11:07:36,985 [pool-220-thread-1] INFO  server.RaftServerConfigKeys (ConfUtils.java:logGet(43)) - raft.server.log.appender.install.snapshot.enabled = false (custom)
2019-10-25 11:07:36,985 [pool-160-thread-1] INFO  impl.RaftServerImpl (RaftServerImpl.java:<init>(104)) - fd698530-c54c-4f87-b269-002f8f3935cd: new RaftServerImpl for group-04D1B0FD29CB:[d6e16d1d-13ec-4d5e-a095-b06e50bc05c8:192.168.157.233:44794, fd698530-c54c-4f87-b269-002f8f3935cd:192.168.157.233:41166, 4ec993a1-c88d-4e26-9851-97b3046e33ae:192.168.157.233:41510] with ContainerStateMachine:uninitialized
2019-10-25 11:07:36,985 [pool-150-thread-1] INFO  server.RaftServerConfigKeys (ConfUtils.java:logGet(43)) - raft.server.log.corruption.policy = EXCEPTION (default)
2019-10-25 11:07:36,985 [pool-220-thread-1] INFO  impl.RaftServerImpl (ServerState.java:<init>(103)) - 4ec993a1-c88d-4e26-9851-97b3046e33ae@group-04D1B0FD29CB: ConfigurationManager, init=-1: [d6e16d1d-13ec-4d5e-a095-b06e50bc05c8:192.168.157.233:44794, fd698530-c54c-4f87-b269-002f8f3935cd:192.168.157.233:41166, 4ec993a1-c88d-4e26-9851-97b3046e33ae:192.168.157.233:41510], old=null, confs=<EMPTY_MAP>
2019-10-25 11:07:36,985 [pool-160-thread-1] INFO  server.RaftServerConfigKeys (ConfUtils.java:logGet(43)) - raft.server.rpc.timeout.min = 1s (custom)
2019-10-25 11:07:36,985 [pool-220-thread-1] INFO  server.RaftServerConfigKeys (ConfUtils.java:logGet(43)) - raft.server.storage.dir = [/workdir/hadoop-ozone/integration-test/target/test-dir/MiniOzoneClusterImpl-0a85d326-9d58-4237-89dd-96557ce3dac1/datanode-7/data/ratis] (custom)
2019-10-25 11:07:36,985 [pool-150-thread-1] INFO  storage.RaftStorageDirectory (RaftStorageDirectory.java:analyzeStorage(246)) - The storage directory /workdir/hadoop-ozone/integration-test/target/test-dir/MiniOzoneClusterImpl-0a85d326-9d58-4237-89dd-96557ce3dac1/datanode-0/data/ratis/aae8fc31-cdf3-446b-bb09-04d1b0fd29cb does not exist. Creating ...
2019-10-25 11:07:36,985 [pool-220-thread-1] INFO  server.RaftServerConfigKeys (ConfUtils.java:logGet(43)) - raft.server.log.corruption.policy = EXCEPTION (default)
2019-10-25 11:07:36,985 [pool-160-thread-1] INFO  server.RaftServerConfigKeys (ConfUtils.java:logGet(43)) - raft.server.rpc.timeout.max = 1200ms (custom)
2019-10-25 11:07:36,986 [pool-220-thread-1] INFO  storage.RaftStorageDirectory (RaftStorageDirectory.java:analyzeStorage(246)) - The storage directory /workdir/hadoop-ozone/integration-test/target/test-dir/MiniOzoneClusterImpl-0a85d326-9d58-4237-89dd-96557ce3dac1/datanode-7/data/ratis/aae8fc31-cdf3-446b-bb09-04d1b0fd29cb does not exist. Creating ...
2019-10-25 11:07:36,986 [pool-160-thread-1] INFO  server.RaftServerConfigKeys (ConfUtils.java:logGet(43)) - raft.server.rpcslowness.timeout = 120s (custom)
2019-10-25 11:07:36,986 [pool-160-thread-1] INFO  server.RaftServerConfigKeys (ConfUtils.java:logGet(43)) - raft.server.sleep.deviation.threshold = 300 (default)
2019-10-25 11:07:36,986 [pool-160-thread-1] INFO  server.RaftServerConfigKeys (ConfUtils.java:logGet(43)) - raft.server.log.appender.install.snapshot.enabled = false (custom)
2019-10-25 11:07:36,986 [pool-160-thread-1] INFO  impl.RaftServerImpl (ServerState.java:<init>(103)) - fd698530-c54c-4f87-b269-002f8f3935cd@group-04D1B0FD29CB: ConfigurationManager, init=-1: [d6e16d1d-13ec-4d5e-a095-b06e50bc05c8:192.168.157.233:44794, fd698530-c54c-4f87-b269-002f8f3935cd:192.168.157.233:41166, 4ec993a1-c88d-4e26-9851-97b3046e33ae:192.168.157.233:41510], old=null, confs=<EMPTY_MAP>
2019-10-25 11:07:36,986 [pool-160-thread-1] INFO  server.RaftServerConfigKeys (ConfUtils.java:logGet(43)) - raft.server.storage.dir = [/workdir/hadoop-ozone/integration-test/target/test-dir/MiniOzoneClusterImpl-0a85d326-9d58-4237-89dd-96557ce3dac1/datanode-1/data/ratis] (custom)
2019-10-25 11:07:36,987 [pool-160-thread-1] INFO  server.RaftServerConfigKeys (ConfUtils.java:logGet(43)) - raft.server.log.corruption.policy = EXCEPTION (default)
2019-10-25 11:07:36,987 [pool-160-thread-1] INFO  storage.RaftStorageDirectory (RaftStorageDirectory.java:analyzeStorage(246)) - The storage directory /workdir/hadoop-ozone/integration-test/target/test-dir/MiniOzoneClusterImpl-0a85d326-9d58-4237-89dd-96557ce3dac1/datanode-1/data/ratis/aae8fc31-cdf3-446b-bb09-04d1b0fd29cb does not exist. Creating ...
2019-10-25 11:07:36,997 [pool-150-thread-1] INFO  storage.RaftStorageDirectory (RaftStorageDirectory.java:tryLock(328)) - Lock on /workdir/hadoop-ozone/integration-test/target/test-dir/MiniOzoneClusterImpl-0a85d326-9d58-4237-89dd-96557ce3dac1/datanode-0/data/ratis/aae8fc31-cdf3-446b-bb09-04d1b0fd29cb/in_use.lock acquired by nodename 23771@pr-hdds-2359-lls5b-3453883328
2019-10-25 11:07:36,997 [pool-160-thread-1] INFO  storage.RaftStorageDirectory (RaftStorageDirectory.java:tryLock(328)) - Lock on /workdir/hadoop-ozone/integration-test/target/test-dir/MiniOzoneClusterImpl-0a85d326-9d58-4237-89dd-96557ce3dac1/datanode-1/data/ratis/aae8fc31-cdf3-446b-bb09-04d1b0fd29cb/in_use.lock acquired by nodename 23771@pr-hdds-2359-lls5b-3453883328
2019-10-25 11:07:36,997 [pool-220-thread-1] INFO  storage.RaftStorageDirectory (RaftStorageDirectory.java:tryLock(328)) - Lock on /workdir/hadoop-ozone/integration-test/target/test-dir/MiniOzoneClusterImpl-0a85d326-9d58-4237-89dd-96557ce3dac1/datanode-7/data/ratis/aae8fc31-cdf3-446b-bb09-04d1b0fd29cb/in_use.lock acquired by nodename 23771@pr-hdds-2359-lls5b-3453883328
2019-10-25 11:07:37,010 [pool-220-thread-1] INFO  storage.RaftStorage (RaftStorage.java:format(84)) - Storage directory /workdir/hadoop-ozone/integration-test/target/test-dir/MiniOzoneClusterImpl-0a85d326-9d58-4237-89dd-96557ce3dac1/datanode-7/data/ratis/aae8fc31-cdf3-446b-bb09-04d1b0fd29cb has been successfully formatted.
2019-10-25 11:07:37,010 [pool-150-thread-1] INFO  storage.RaftStorage (RaftStorage.java:format(84)) - Storage directory /workdir/hadoop-ozone/integration-test/target/test-dir/MiniOzoneClusterImpl-0a85d326-9d58-4237-89dd-96557ce3dac1/datanode-0/data/ratis/aae8fc31-cdf3-446b-bb09-04d1b0fd29cb has been successfully formatted.
2019-10-25 11:07:37,010 [pool-220-thread-1] INFO  ratis.ContainerStateMachine (ContainerStateMachine.java:loadSnapshot(231)) - group-04D1B0FD29CB: The snapshot info is null. Setting the last applied indexto:(t:0, i:~)
2019-10-25 11:07:37,010 [pool-160-thread-1] INFO  storage.RaftStorage (RaftStorage.java:format(84)) - Storage directory /workdir/hadoop-ozone/integration-test/target/test-dir/MiniOzoneClusterImpl-0a85d326-9d58-4237-89dd-96557ce3dac1/datanode-1/data/ratis/aae8fc31-cdf3-446b-bb09-04d1b0fd29cb has been successfully formatted.
2019-10-25 11:07:37,010 [pool-150-thread-1] INFO  ratis.ContainerStateMachine (ContainerStateMachine.java:loadSnapshot(231)) - group-04D1B0FD29CB: The snapshot info is null. Setting the last applied indexto:(t:0, i:~)
2019-10-25 11:07:37,010 [pool-220-thread-1] INFO  server.RaftServerConfigKeys (ConfUtils.java:logGet(43)) - raft.server.notification.no-leader.timeout = 120s (custom)
2019-10-25 11:07:37,010 [pool-150-thread-1] INFO  server.RaftServerConfigKeys (ConfUtils.java:logGet(43)) - raft.server.notification.no-leader.timeout = 120s (custom)
2019-10-25 11:07:37,010 [pool-160-thread-1] INFO  ratis.ContainerStateMachine (ContainerStateMachine.java:loadSnapshot(231)) - group-04D1B0FD29CB: The snapshot info is null. Setting the last applied indexto:(t:0, i:~)
2019-10-25 11:07:37,011 [pool-150-thread-1] INFO  server.RaftServerConfigKeys (ConfUtils.java:logGet(43)) - raft.server.log.use.memory = false (default)
2019-10-25 11:07:37,011 [pool-220-thread-1] INFO  server.RaftServerConfigKeys (ConfUtils.java:logGet(43)) - raft.server.log.use.memory = false (default)
2019-10-25 11:07:37,011 [pool-160-thread-1] INFO  server.RaftServerConfigKeys (ConfUtils.java:logGet(43)) - raft.server.notification.no-leader.timeout = 120s (custom)
2019-10-25 11:07:37,011 [pool-220-thread-1] INFO  server.RaftServerConfigKeys (ConfUtils.java:logGet(43)) - raft.server.log.purge.gap = 1000000 (custom)
2019-10-25 11:07:37,011 [pool-150-thread-1] INFO  server.RaftServerConfigKeys (ConfUtils.java:logGet(43)) - raft.server.log.purge.gap = 1000000 (custom)
2019-10-25 11:07:37,011 [pool-220-thread-1] INFO  server.RaftServerConfigKeys (ConfUtils.java:logGet(43)) - raft.server.log.appender.buffer.byte-limit = 33554432 (custom)
2019-10-25 11:07:37,011 [pool-160-thread-1] INFO  server.RaftServerConfigKeys (ConfUtils.java:logGet(43)) - raft.server.log.use.memory = false (default)
2019-10-25 11:07:37,011 [pool-220-thread-1] INFO  server.RaftServerConfigKeys (ConfUtils.java:logGet(43)) - raft.server.log.segment.size.max = 1048576 (custom)
2019-10-25 11:07:37,011 [pool-150-thread-1] INFO  server.RaftServerConfigKeys (ConfUtils.java:logGet(43)) - raft.server.log.appender.buffer.byte-limit = 33554432 (custom)
2019-10-25 11:07:37,011 [pool-220-thread-1] INFO  server.RaftServerConfigKeys (ConfUtils.java:logGet(43)) - raft.server.log.segment.cache.num.max = 2 (custom)
2019-10-25 11:07:37,011 [pool-160-thread-1] INFO  server.RaftServerConfigKeys (ConfUtils.java:logGet(43)) - raft.server.log.purge.gap = 1000000 (custom)
2019-10-25 11:07:37,012 [pool-220-thread-1] INFO  segmented.SegmentedRaftLogWorker (SegmentedRaftLogWorker.java:<init>(173)) - new 4ec993a1-c88d-4e26-9851-97b3046e33ae@group-04D1B0FD29CB-SegmentedRaftLogWorker for RaftStorage:Storage Directory /workdir/hadoop-ozone/integration-test/target/test-dir/MiniOzoneClusterImpl-0a85d326-9d58-4237-89dd-96557ce3dac1/datanode-7/data/ratis/aae8fc31-cdf3-446b-bb09-04d1b0fd29cb
2019-10-25 11:07:37,012 [pool-150-thread-1] INFO  server.RaftServerConfigKeys (ConfUtils.java:logGet(43)) - raft.server.log.segment.size.max = 1048576 (custom)
2019-10-25 11:07:37,012 [pool-220-thread-1] INFO  server.RaftServerConfigKeys (ConfUtils.java:logGet(43)) - raft.server.log.queue.byte-limit = 2147483647 (custom)
2019-10-25 11:07:37,012 [pool-160-thread-1] INFO  server.RaftServerConfigKeys (ConfUtils.java:logGet(43)) - raft.server.log.appender.buffer.byte-limit = 33554432 (custom)
2019-10-25 11:07:37,012 [pool-220-thread-1] INFO  server.RaftServerConfigKeys (ConfUtils.java:logGet(43)) - raft.server.log.queue.element-limit = 1024 (custom)
2019-10-25 11:07:37,012 [pool-150-thread-1] INFO  server.RaftServerConfigKeys (ConfUtils.java:logGet(43)) - raft.server.log.segment.cache.num.max = 2 (custom)
2019-10-25 11:07:37,012 [pool-220-thread-1] INFO  server.RaftServerConfigKeys (ConfUtils.java:logGet(43)) - raft.server.log.segment.size.max = 1048576 (custom)
2019-10-25 11:07:37,012 [pool-160-thread-1] INFO  server.RaftServerConfigKeys (ConfUtils.java:logGet(43)) - raft.server.log.segment.size.max = 1048576 (custom)
2019-10-25 11:07:37,012 [pool-220-thread-1] INFO  server.RaftServerConfigKeys (ConfUtils.java:logGet(43)) - raft.server.log.preallocated.size = 16384 (custom)
2019-10-25 11:07:37,012 [pool-150-thread-1] INFO  segmented.SegmentedRaftLogWorker (SegmentedRaftLogWorker.java:<init>(173)) - new d6e16d1d-13ec-4d5e-a095-b06e50bc05c8@group-04D1B0FD29CB-SegmentedRaftLogWorker for RaftStorage:Storage Directory /workdir/hadoop-ozone/integration-test/target/test-dir/MiniOzoneClusterImpl-0a85d326-9d58-4237-89dd-96557ce3dac1/datanode-0/data/ratis/aae8fc31-cdf3-446b-bb09-04d1b0fd29cb
2019-10-25 11:07:37,013 [pool-220-thread-1] INFO  server.RaftServerConfigKeys (ConfUtils.java:logGet(43)) - raft.server.log.write.buffer.size = 33554432 (custom)
2019-10-25 11:07:37,013 [pool-220-thread-1] INFO  server.RaftServerConfigKeys (ConfUtils.java:logGet(43)) - raft.server.log.force.sync.num = 128 (default)
2019-10-25 11:07:37,012 [pool-160-thread-1] INFO  server.RaftServerConfigKeys (ConfUtils.java:logGet(43)) - raft.server.log.segment.cache.num.max = 2 (custom)
2019-10-25 11:07:37,013 [pool-220-thread-1] INFO  server.RaftServerConfigKeys (ConfUtils.java:logGet(43)) - raft.server.log.statemachine.data.sync = true (default)
2019-10-25 11:07:37,013 [pool-150-thread-1] INFO  server.RaftServerConfigKeys (ConfUtils.java:logGet(43)) - raft.server.log.queue.byte-limit = 2147483647 (custom)
2019-10-25 11:07:37,013 [pool-220-thread-1] INFO  server.RaftServerConfigKeys (ConfUtils.java:logGet(43)) - raft.server.log.statemachine.data.sync.timeout = 10s (default)
2019-10-25 11:07:37,013 [pool-160-thread-1] INFO  segmented.SegmentedRaftLogWorker (SegmentedRaftLogWorker.java:<init>(173)) - new fd698530-c54c-4f87-b269-002f8f3935cd@group-04D1B0FD29CB-SegmentedRaftLogWorker for RaftStorage:Storage Directory /workdir/hadoop-ozone/integration-test/target/test-dir/MiniOzoneClusterImpl-0a85d326-9d58-4237-89dd-96557ce3dac1/datanode-1/data/ratis/aae8fc31-cdf3-446b-bb09-04d1b0fd29cb
2019-10-25 11:07:37,013 [pool-220-thread-1] INFO  server.RaftServerConfigKeys (ConfUtils.java:logGet(43)) - raft.server.log.statemachine.data.sync.timeout.retry = -1 (default)
2019-10-25 11:07:37,013 [pool-150-thread-1] INFO  server.RaftServerConfigKeys (ConfUtils.java:logGet(43)) - raft.server.log.queue.element-limit = 1024 (custom)
2019-10-25 11:07:37,014 [pool-220-thread-1] INFO  server.RaftServerConfigKeys (ConfUtils.java:logGet(43)) - raft.server.log.statemachine.data.caching.enabled = true (custom)
2019-10-25 11:07:37,013 [pool-160-thread-1] INFO  server.RaftServerConfigKeys (ConfUtils.java:logGet(43)) - raft.server.log.queue.byte-limit = 2147483647 (custom)
2019-10-25 11:07:37,014 [pool-150-thread-1] INFO  server.RaftServerConfigKeys (ConfUtils.java:logGet(43)) - raft.server.log.segment.size.max = 1048576 (custom)
2019-10-25 11:07:37,014 [pool-220-thread-1] INFO  segmented.SegmentedRaftLogWorker (SegmentedRaftLogWorker.java:lambda$new$0(128)) - 4ec993a1-c88d-4e26-9851-97b3046e33ae@group-04D1B0FD29CB-SegmentedRaftLogWorker: flushIndex: setUnconditionally 0 -> -1
2019-10-25 11:07:37,014 [pool-160-thread-1] INFO  server.RaftServerConfigKeys (ConfUtils.java:logGet(43)) - raft.server.log.queue.element-limit = 1024 (custom)
2019-10-25 11:07:37,014 [pool-150-thread-1] INFO  server.RaftServerConfigKeys (ConfUtils.java:logGet(43)) - raft.server.log.preallocated.size = 16384 (custom)
2019-10-25 11:07:37,014 [pool-220-thread-1] INFO  server.RaftServerConfigKeys (ConfUtils.java:logGet(43)) - raft.server.snapshot.auto.trigger.enabled = true (custom)
2019-10-25 11:07:37,014 [pool-150-thread-1] INFO  server.RaftServerConfigKeys (ConfUtils.java:logGet(43)) - raft.server.log.write.buffer.size = 33554432 (custom)
2019-10-25 11:07:37,014 [pool-160-thread-1] INFO  server.RaftServerConfigKeys (ConfUtils.java:logGet(43)) - raft.server.log.segment.size.max = 1048576 (custom)
2019-10-25 11:07:37,014 [pool-150-thread-1] INFO  server.RaftServerConfigKeys (ConfUtils.java:logGet(43)) - raft.server.log.force.sync.num = 128 (default)
2019-10-25 11:07:37,014 [pool-220-thread-1] INFO  server.RaftServerConfigKeys (ConfUtils.java:logGet(43)) - raft.server.snapshot.auto.trigger.threshold = 10000 (custom)
2019-10-25 11:07:37,015 [pool-150-thread-1] INFO  server.RaftServerConfigKeys (ConfUtils.java:logGet(43)) - raft.server.log.statemachine.data.sync = true (default)
2019-10-25 11:07:37,015 [pool-160-thread-1] INFO  server.RaftServerConfigKeys (ConfUtils.java:logGet(43)) - raft.server.log.preallocated.size = 16384 (custom)
2019-10-25 11:07:37,015 [pool-150-thread-1] INFO  server.RaftServerConfigKeys (ConfUtils.java:logGet(43)) - raft.server.log.statemachine.data.sync.timeout = 10s (default)
2019-10-25 11:07:37,015 [pool-220-thread-1] INFO  server.RaftServerConfigKeys (ConfUtils.java:logGet(43)) - raft.server.snapshot.retention.file.num = 5 (custom)
2019-10-25 11:07:37,015 [pool-150-thread-1] INFO  server.RaftServerConfigKeys (ConfUtils.java:logGet(43)) - raft.server.log.statemachine.data.sync.timeout.retry = -1 (default)
2019-10-25 11:07:37,015 [pool-160-thread-1] INFO  server.RaftServerConfigKeys (ConfUtils.java:logGet(43)) - raft.server.log.write.buffer.size = 33554432 (custom)
2019-10-25 11:07:37,015 [pool-220-thread-1] INFO  server.RaftServerConfigKeys (ConfUtils.java:logGet(43)) - raft.server.retrycache.expirytime = 600000ms (custom)
2019-10-25 11:07:37,015 [pool-150-thread-1] INFO  server.RaftServerConfigKeys (ConfUtils.java:logGet(43)) - raft.server.log.statemachine.data.caching.enabled = true (custom)
2019-10-25 11:07:37,015 [pool-160-thread-1] INFO  server.RaftServerConfigKeys (ConfUtils.java:logGet(43)) - raft.server.log.force.sync.num = 128 (default)
2019-10-25 11:07:37,016 [pool-160-thread-1] INFO  server.RaftServerConfigKeys (ConfUtils.java:logGet(43)) - raft.server.log.statemachine.data.sync = true (default)
2019-10-25 11:07:37,016 [pool-150-thread-1] INFO  segmented.SegmentedRaftLogWorker (SegmentedRaftLogWorker.java:lambda$new$0(128)) - d6e16d1d-13ec-4d5e-a095-b06e50bc05c8@group-04D1B0FD29CB-SegmentedRaftLogWorker: flushIndex: setUnconditionally 0 -> -1
2019-10-25 11:07:37,016 [pool-160-thread-1] INFO  server.RaftServerConfigKeys (ConfUtils.java:logGet(43)) - raft.server.log.statemachine.data.sync.timeout = 10s (default)
2019-10-25 11:07:37,016 [pool-160-thread-1] INFO  server.RaftServerConfigKeys (ConfUtils.java:logGet(43)) - raft.server.log.statemachine.data.sync.timeout.retry = -1 (default)
2019-10-25 11:07:37,016 [pool-150-thread-1] INFO  server.RaftServerConfigKeys (ConfUtils.java:logGet(43)) - raft.server.snapshot.auto.trigger.enabled = true (custom)
2019-10-25 11:07:37,016 [pool-150-thread-1] INFO  server.RaftServerConfigKeys (ConfUtils.java:logGet(43)) - raft.server.snapshot.auto.trigger.threshold = 10000 (custom)
2019-10-25 11:07:37,016 [pool-160-thread-1] INFO  server.RaftServerConfigKeys (ConfUtils.java:logGet(43)) - raft.server.log.statemachine.data.caching.enabled = true (custom)
2019-10-25 11:07:37,016 [pool-150-thread-1] INFO  server.RaftServerConfigKeys (ConfUtils.java:logGet(43)) - raft.server.snapshot.retention.file.num = 5 (custom)
2019-10-25 11:07:37,017 [pool-160-thread-1] INFO  segmented.SegmentedRaftLogWorker (SegmentedRaftLogWorker.java:lambda$new$0(128)) - fd698530-c54c-4f87-b269-002f8f3935cd@group-04D1B0FD29CB-SegmentedRaftLogWorker: flushIndex: setUnconditionally 0 -> -1
2019-10-25 11:07:37,017 [pool-150-thread-1] INFO  server.RaftServerConfigKeys (ConfUtils.java:logGet(43)) - raft.server.retrycache.expirytime = 600000ms (custom)
2019-10-25 11:07:37,017 [pool-160-thread-1] INFO  server.RaftServerConfigKeys (ConfUtils.java:logGet(43)) - raft.server.snapshot.auto.trigger.enabled = true (custom)
2019-10-25 11:07:37,017 [pool-160-thread-1] INFO  server.RaftServerConfigKeys (ConfUtils.java:logGet(43)) - raft.server.snapshot.auto.trigger.threshold = 10000 (custom)
2019-10-25 11:07:37,017 [pool-160-thread-1] INFO  server.RaftServerConfigKeys (ConfUtils.java:logGet(43)) - raft.server.snapshot.retention.file.num = 5 (custom)
2019-10-25 11:07:37,017 [pool-160-thread-1] INFO  server.RaftServerConfigKeys (ConfUtils.java:logGet(43)) - raft.server.retrycache.expirytime = 600000ms (custom)
2019-10-25 11:07:37,017 [pool-220-thread-1] INFO  impl.RaftServerImpl (RaftServerImpl.java:start(195)) - 4ec993a1-c88d-4e26-9851-97b3046e33ae@group-04D1B0FD29CB: start as a follower, conf=-1: [d6e16d1d-13ec-4d5e-a095-b06e50bc05c8:192.168.157.233:44794, fd698530-c54c-4f87-b269-002f8f3935cd:192.168.157.233:41166, 4ec993a1-c88d-4e26-9851-97b3046e33ae:192.168.157.233:41510], old=null
2019-10-25 11:07:37,017 [pool-220-thread-1] INFO  impl.RaftServerImpl (RaftServerImpl.java:setRole(184)) - 4ec993a1-c88d-4e26-9851-97b3046e33ae@group-04D1B0FD29CB: changes role from      null to FOLLOWER at term 0 for startAsFollower
2019-10-25 11:07:37,017 [pool-220-thread-1] INFO  impl.RoleInfo (RoleInfo.java:updateAndGet(143)) - 4ec993a1-c88d-4e26-9851-97b3046e33ae: start FollowerState
2019-10-25 11:07:37,018 [pool-220-thread-1] INFO  util.JmxRegister (JmxRegister.java:tryRegister(44)) - Successfully registered JMX Bean with object name Ratis:service=RaftServer,group=group-04D1B0FD29CB,id=4ec993a1-c88d-4e26-9851-97b3046e33ae
2019-10-25 11:07:37,020 [pool-150-thread-1] INFO  impl.RaftServerImpl (RaftServerImpl.java:start(195)) - d6e16d1d-13ec-4d5e-a095-b06e50bc05c8@group-04D1B0FD29CB: start as a follower, conf=-1: [d6e16d1d-13ec-4d5e-a095-b06e50bc05c8:192.168.157.233:44794, fd698530-c54c-4f87-b269-002f8f3935cd:192.168.157.233:41166, 4ec993a1-c88d-4e26-9851-97b3046e33ae:192.168.157.233:41510], old=null
2019-10-25 11:07:37,020 [pool-150-thread-1] INFO  impl.RaftServerImpl (RaftServerImpl.java:setRole(184)) - d6e16d1d-13ec-4d5e-a095-b06e50bc05c8@group-04D1B0FD29CB: changes role from      null to FOLLOWER at term 0 for startAsFollower
2019-10-25 11:07:37,020 [pool-150-thread-1] INFO  impl.RoleInfo (RoleInfo.java:updateAndGet(143)) - d6e16d1d-13ec-4d5e-a095-b06e50bc05c8: start FollowerState
2019-10-25 11:07:37,020 [pool-160-thread-1] INFO  impl.RaftServerImpl (RaftServerImpl.java:start(195)) - fd698530-c54c-4f87-b269-002f8f3935cd@group-04D1B0FD29CB: start as a follower, conf=-1: [d6e16d1d-13ec-4d5e-a095-b06e50bc05c8:192.168.157.233:44794, fd698530-c54c-4f87-b269-002f8f3935cd:192.168.157.233:41166, 4ec993a1-c88d-4e26-9851-97b3046e33ae:192.168.157.233:41510], old=null
2019-10-25 11:07:37,020 [pool-160-thread-1] INFO  impl.RaftServerImpl (RaftServerImpl.java:setRole(184)) - fd698530-c54c-4f87-b269-002f8f3935cd@group-04D1B0FD29CB: changes role from      null to FOLLOWER at term 0 for startAsFollower
2019-10-25 11:07:37,020 [pool-150-thread-1] INFO  util.JmxRegister (JmxRegister.java:tryRegister(44)) - Successfully registered JMX Bean with object name Ratis:service=RaftServer,group=group-04D1B0FD29CB,id=d6e16d1d-13ec-4d5e-a095-b06e50bc05c8
2019-10-25 11:07:37,020 [pool-160-thread-1] INFO  impl.RoleInfo (RoleInfo.java:updateAndGet(143)) - fd698530-c54c-4f87-b269-002f8f3935cd: start FollowerState
2019-10-25 11:07:37,021 [pool-160-thread-1] INFO  util.JmxRegister (JmxRegister.java:tryRegister(44)) - Successfully registered JMX Bean with object name Ratis:service=RaftServer,group=group-04D1B0FD29CB,id=fd698530-c54c-4f87-b269-002f8f3935cd
2019-10-25 11:07:37,029 [RatisPipelineUtilsThread] INFO  pipeline.PipelineStateManager (PipelineStateManager.java:addPipeline(56)) - Created pipeline Pipeline[ Id: aae8fc31-cdf3-446b-bb09-04d1b0fd29cb, Nodes: fd698530-c54c-4f87-b269-002f8f3935cd{ip: 192.168.157.233, host: pr-hdds-2359-lls5b-3453883328, networkLocation: /rack1, certSerialId: null}d6e16d1d-13ec-4d5e-a095-b06e50bc05c8{ip: 192.168.157.233, host: pr-hdds-2359-lls5b-3453883328, networkLocation: /rack1, certSerialId: null}4ec993a1-c88d-4e26-9851-97b3046e33ae{ip: 192.168.157.233, host: pr-hdds-2359-lls5b-3453883328, networkLocation: /rack1, certSerialId: null}, Type:RATIS, Factor:THREE, State:OPEN]
2019-10-25 11:07:37,041 [grpc-default-executor-7] INFO  impl.RaftServerProxy (RaftServerProxy.java:addNew(89)) - f5dc0a75-b584-4700-be7c-7942c0d8117c: addNew group-B334D6EBB589:[8a2c850d-503a-4b6a-9325-357a6554e10c:192.168.157.233:39046, e8f52f97-4cbf-4021-bc09-65b78a9dc21b:192.168.157.233:35183, f5dc0a75-b584-4700-be7c-7942c0d8117c:192.168.157.233:38534] returns group-B334D6EBB589:java.util.concurrent.CompletableFuture@45ea720[Not completed]
2019-10-25 11:07:37,041 [grpc-default-executor-5] INFO  impl.RaftServerProxy (RaftServerProxy.java:addNew(89)) - 8a2c850d-503a-4b6a-9325-357a6554e10c: addNew group-B334D6EBB589:[8a2c850d-503a-4b6a-9325-357a6554e10c:192.168.157.233:39046, e8f52f97-4cbf-4021-bc09-65b78a9dc21b:192.168.157.233:35183, f5dc0a75-b584-4700-be7c-7942c0d8117c:192.168.157.233:38534] returns group-B334D6EBB589:java.util.concurrent.CompletableFuture@7ea77e30[Not completed]
2019-10-25 11:07:37,041 [grpc-default-executor-9] INFO  impl.RaftServerProxy (RaftServerProxy.java:addNew(89)) - e8f52f97-4cbf-4021-bc09-65b78a9dc21b: addNew group-B334D6EBB589:[8a2c850d-503a-4b6a-9325-357a6554e10c:192.168.157.233:39046, e8f52f97-4cbf-4021-bc09-65b78a9dc21b:192.168.157.233:35183, f5dc0a75-b584-4700-be7c-7942c0d8117c:192.168.157.233:38534] returns group-B334D6EBB589:java.util.concurrent.CompletableFuture@3b0ecf43[Not completed]
2019-10-25 11:07:37,042 [pool-180-thread-1] INFO  impl.RaftServerImpl (RaftServerImpl.java:<init>(104)) - f5dc0a75-b584-4700-be7c-7942c0d8117c: new RaftServerImpl for group-B334D6EBB589:[8a2c850d-503a-4b6a-9325-357a6554e10c:192.168.157.233:39046, e8f52f97-4cbf-4021-bc09-65b78a9dc21b:192.168.157.233:35183, f5dc0a75-b584-4700-be7c-7942c0d8117c:192.168.157.233:38534] with ContainerStateMachine:uninitialized
2019-10-25 11:07:37,042 [pool-180-thread-1] INFO  server.RaftServerConfigKeys (ConfUtils.java:logGet(43)) - raft.server.rpc.timeout.min = 1s (custom)
2019-10-25 11:07:37,042 [pool-180-thread-1] INFO  server.RaftServerConfigKeys (ConfUtils.java:logGet(43)) - raft.server.rpc.timeout.max = 1200ms (custom)
2019-10-25 11:07:37,042 [pool-180-thread-1] INFO  server.RaftServerConfigKeys (ConfUtils.java:logGet(43)) - raft.server.rpcslowness.timeout = 120s (custom)
2019-10-25 11:07:37,042 [pool-180-thread-1] INFO  server.RaftServerConfigKeys (ConfUtils.java:logGet(43)) - raft.server.sleep.deviation.threshold = 300 (default)
2019-10-25 11:07:37,042 [pool-180-thread-1] INFO  server.RaftServerConfigKeys (ConfUtils.java:logGet(43)) - raft.server.log.appender.install.snapshot.enabled = false (custom)
2019-10-25 11:07:37,043 [pool-180-thread-1] INFO  impl.RaftServerImpl (ServerState.java:<init>(103)) - f5dc0a75-b584-4700-be7c-7942c0d8117c@group-B334D6EBB589: ConfigurationManager, init=-1: [8a2c850d-503a-4b6a-9325-357a6554e10c:192.168.157.233:39046, e8f52f97-4cbf-4021-bc09-65b78a9dc21b:192.168.157.233:35183, f5dc0a75-b584-4700-be7c-7942c0d8117c:192.168.157.233:38534], old=null, confs=<EMPTY_MAP>
2019-10-25 11:07:37,043 [pool-180-thread-1] INFO  server.RaftServerConfigKeys (ConfUtils.java:logGet(43)) - raft.server.storage.dir = [/workdir/hadoop-ozone/integration-test/target/test-dir/MiniOzoneClusterImpl-0a85d326-9d58-4237-89dd-96557ce3dac1/datanode-3/data/ratis] (custom)
2019-10-25 11:07:37,043 [pool-170-thread-1] INFO  impl.RaftServerImpl (RaftServerImpl.java:<init>(104)) - e8f52f97-4cbf-4021-bc09-65b78a9dc21b: new RaftServerImpl for group-B334D6EBB589:[8a2c850d-503a-4b6a-9325-357a6554e10c:192.168.157.233:39046, e8f52f97-4cbf-4021-bc09-65b78a9dc21b:192.168.157.233:35183, f5dc0a75-b584-4700-be7c-7942c0d8117c:192.168.157.233:38534] with ContainerStateMachine:uninitialized
2019-10-25 11:07:37,043 [pool-180-thread-1] INFO  server.RaftServerConfigKeys (ConfUtils.java:logGet(43)) - raft.server.log.corruption.policy = EXCEPTION (default)
2019-10-25 11:07:37,043 [pool-170-thread-1] INFO  server.RaftServerConfigKeys (ConfUtils.java:logGet(43)) - raft.server.rpc.timeout.min = 1s (custom)
2019-10-25 11:07:37,043 [pool-180-thread-1] INFO  storage.RaftStorageDirectory (RaftStorageDirectory.java:analyzeStorage(246)) - The storage directory /workdir/hadoop-ozone/integration-test/target/test-dir/MiniOzoneClusterImpl-0a85d326-9d58-4237-89dd-96557ce3dac1/datanode-3/data/ratis/6f67f87d-9767-4820-bf07-b334d6ebb589 does not exist. Creating ...
2019-10-25 11:07:37,043 [pool-190-thread-1] INFO  impl.RaftServerImpl (RaftServerImpl.java:<init>(104)) - 8a2c850d-503a-4b6a-9325-357a6554e10c: new RaftServerImpl for group-B334D6EBB589:[8a2c850d-503a-4b6a-9325-357a6554e10c:192.168.157.233:39046, e8f52f97-4cbf-4021-bc09-65b78a9dc21b:192.168.157.233:35183, f5dc0a75-b584-4700-be7c-7942c0d8117c:192.168.157.233:38534] with ContainerStateMachine:uninitialized
2019-10-25 11:07:37,043 [pool-170-thread-1] INFO  server.RaftServerConfigKeys (ConfUtils.java:logGet(43)) - raft.server.rpc.timeout.max = 1200ms (custom)
2019-10-25 11:07:37,043 [pool-190-thread-1] INFO  server.RaftServerConfigKeys (ConfUtils.java:logGet(43)) - raft.server.rpc.timeout.min = 1s (custom)
2019-10-25 11:07:37,044 [pool-170-thread-1] INFO  server.RaftServerConfigKeys (ConfUtils.java:logGet(43)) - raft.server.rpcslowness.timeout = 120s (custom)
2019-10-25 11:07:37,044 [pool-190-thread-1] INFO  server.RaftServerConfigKeys (ConfUtils.java:logGet(43)) - raft.server.rpc.timeout.max = 1200ms (custom)
2019-10-25 11:07:37,044 [pool-170-thread-1] INFO  server.RaftServerConfigKeys (ConfUtils.java:logGet(43)) - raft.server.sleep.deviation.threshold = 300 (default)
2019-10-25 11:07:37,044 [pool-190-thread-1] INFO  server.RaftServerConfigKeys (ConfUtils.java:logGet(43)) - raft.server.rpcslowness.timeout = 120s (custom)
2019-10-25 11:07:37,044 [pool-170-thread-1] INFO  server.RaftServerConfigKeys (ConfUtils.java:logGet(43)) - raft.server.log.appender.install.snapshot.enabled = false (custom)
2019-10-25 11:07:37,044 [pool-190-thread-1] INFO  server.RaftServerConfigKeys (ConfUtils.java:logGet(43)) - raft.server.sleep.deviation.threshold = 300 (default)
2019-10-25 11:07:37,044 [pool-170-thread-1] INFO  impl.RaftServerImpl (ServerState.java:<init>(103)) - e8f52f97-4cbf-4021-bc09-65b78a9dc21b@group-B334D6EBB589: ConfigurationManager, init=-1: [8a2c850d-503a-4b6a-9325-357a6554e10c:192.168.157.233:39046, e8f52f97-4cbf-4021-bc09-65b78a9dc21b:192.168.157.233:35183, f5dc0a75-b584-4700-be7c-7942c0d8117c:192.168.157.233:38534], old=null, confs=<EMPTY_MAP>
2019-10-25 11:07:37,044 [pool-190-thread-1] INFO  server.RaftServerConfigKeys (ConfUtils.java:logGet(43)) - raft.server.log.appender.install.snapshot.enabled = false (custom)
2019-10-25 11:07:37,044 [pool-170-thread-1] INFO  server.RaftServerConfigKeys (ConfUtils.java:logGet(43)) - raft.server.storage.dir = [/workdir/hadoop-ozone/integration-test/target/test-dir/MiniOzoneClusterImpl-0a85d326-9d58-4237-89dd-96557ce3dac1/datanode-2/data/ratis] (custom)
2019-10-25 11:07:37,044 [pool-190-thread-1] INFO  impl.RaftServerImpl (ServerState.java:<init>(103)) - 8a2c850d-503a-4b6a-9325-357a6554e10c@group-B334D6EBB589: ConfigurationManager, init=-1: [8a2c850d-503a-4b6a-9325-357a6554e10c:192.168.157.233:39046, e8f52f97-4cbf-4021-bc09-65b78a9dc21b:192.168.157.233:35183, f5dc0a75-b584-4700-be7c-7942c0d8117c:192.168.157.233:38534], old=null, confs=<EMPTY_MAP>
2019-10-25 11:07:37,045 [pool-190-thread-1] INFO  server.RaftServerConfigKeys (ConfUtils.java:logGet(43)) - raft.server.storage.dir = [/workdir/hadoop-ozone/integration-test/target/test-dir/MiniOzoneClusterImpl-0a85d326-9d58-4237-89dd-96557ce3dac1/datanode-4/data/ratis] (custom)
2019-10-25 11:07:37,045 [pool-170-thread-1] INFO  server.RaftServerConfigKeys (ConfUtils.java:logGet(43)) - raft.server.log.corruption.policy = EXCEPTION (default)
2019-10-25 11:07:37,045 [pool-190-thread-1] INFO  server.RaftServerConfigKeys (ConfUtils.java:logGet(43)) - raft.server.log.corruption.policy = EXCEPTION (default)
2019-10-25 11:07:37,045 [pool-170-thread-1] INFO  storage.RaftStorageDirectory (RaftStorageDirectory.java:analyzeStorage(246)) - The storage directory /workdir/hadoop-ozone/integration-test/target/test-dir/MiniOzoneClusterImpl-0a85d326-9d58-4237-89dd-96557ce3dac1/datanode-2/data/ratis/6f67f87d-9767-4820-bf07-b334d6ebb589 does not exist. Creating ...
2019-10-25 11:07:37,045 [pool-190-thread-1] INFO  storage.RaftStorageDirectory (RaftStorageDirectory.java:analyzeStorage(246)) - The storage directory /workdir/hadoop-ozone/integration-test/target/test-dir/MiniOzoneClusterImpl-0a85d326-9d58-4237-89dd-96557ce3dac1/datanode-4/data/ratis/6f67f87d-9767-4820-bf07-b334d6ebb589 does not exist. Creating ...
2019-10-25 11:07:37,056 [pool-180-thread-1] INFO  storage.RaftStorageDirectory (RaftStorageDirectory.java:tryLock(328)) - Lock on /workdir/hadoop-ozone/integration-test/target/test-dir/MiniOzoneClusterImpl-0a85d326-9d58-4237-89dd-96557ce3dac1/datanode-3/data/ratis/6f67f87d-9767-4820-bf07-b334d6ebb589/in_use.lock acquired by nodename 23771@pr-hdds-2359-lls5b-3453883328
2019-10-25 11:07:37,056 [pool-190-thread-1] INFO  storage.RaftStorageDirectory (RaftStorageDirectory.java:tryLock(328)) - Lock on /workdir/hadoop-ozone/integration-test/target/test-dir/MiniOzoneClusterImpl-0a85d326-9d58-4237-89dd-96557ce3dac1/datanode-4/data/ratis/6f67f87d-9767-4820-bf07-b334d6ebb589/in_use.lock acquired by nodename 23771@pr-hdds-2359-lls5b-3453883328
2019-10-25 11:07:37,056 [pool-170-thread-1] INFO  storage.RaftStorageDirectory (RaftStorageDirectory.java:tryLock(328)) - Lock on /workdir/hadoop-ozone/integration-test/target/test-dir/MiniOzoneClusterImpl-0a85d326-9d58-4237-89dd-96557ce3dac1/datanode-2/data/ratis/6f67f87d-9767-4820-bf07-b334d6ebb589/in_use.lock acquired by nodename 23771@pr-hdds-2359-lls5b-3453883328
2019-10-25 11:07:37,057 [Thread-3628] INFO  impl.FollowerState (FollowerState.java:run(108)) - f6cfa8a2-85ff-4bb9-a246-101c53d2d47b@group-037982735EDF-FollowerState: change to CANDIDATE, lastRpcTime:162ms, electionTimeout:162ms
2019-10-25 11:07:37,057 [Thread-3628] INFO  impl.RoleInfo (RoleInfo.java:shutdownFollowerState(121)) - f6cfa8a2-85ff-4bb9-a246-101c53d2d47b: shutdown FollowerState
2019-10-25 11:07:37,057 [Thread-3628] INFO  impl.RaftServerImpl (RaftServerImpl.java:setRole(184)) - f6cfa8a2-85ff-4bb9-a246-101c53d2d47b@group-037982735EDF: changes role from  FOLLOWER to CANDIDATE at term 0 for changeToCandidate
2019-10-25 11:07:37,057 [Thread-3628] INFO  impl.RoleInfo (RoleInfo.java:updateAndGet(143)) - f6cfa8a2-85ff-4bb9-a246-101c53d2d47b: start LeaderElection
2019-10-25 11:07:37,075 [Thread-3633] INFO  impl.FollowerState (FollowerState.java:run(108)) - ee32d20a-9ada-4130-97b0-6f12b38b3dc6@group-46902E0F257D-FollowerState: change to CANDIDATE, lastRpcTime:121ms, electionTimeout:121ms
2019-10-25 11:07:37,075 [Thread-3633] INFO  impl.RoleInfo (RoleInfo.java:shutdownFollowerState(121)) - ee32d20a-9ada-4130-97b0-6f12b38b3dc6: shutdown FollowerState
2019-10-25 11:07:37,075 [Thread-3633] INFO  impl.RaftServerImpl (RaftServerImpl.java:setRole(184)) - ee32d20a-9ada-4130-97b0-6f12b38b3dc6@group-46902E0F257D: changes role from  FOLLOWER to CANDIDATE at term 0 for changeToCandidate
2019-10-25 11:07:37,075 [Thread-3633] INFO  impl.RoleInfo (RoleInfo.java:updateAndGet(143)) - ee32d20a-9ada-4130-97b0-6f12b38b3dc6: start LeaderElection
2019-10-25 11:07:37,080 [pool-170-thread-1] INFO  storage.RaftStorage (RaftStorage.java:format(84)) - Storage directory /workdir/hadoop-ozone/integration-test/target/test-dir/MiniOzoneClusterImpl-0a85d326-9d58-4237-89dd-96557ce3dac1/datanode-2/data/ratis/6f67f87d-9767-4820-bf07-b334d6ebb589 has been successfully formatted.
2019-10-25 11:07:37,080 [f6cfa8a2-85ff-4bb9-a246-101c53d2d47b@group-037982735EDF-LeaderElection425] INFO  impl.LeaderElection (LeaderElection.java:askForVotes(178)) - f6cfa8a2-85ff-4bb9-a246-101c53d2d47b@group-037982735EDF-LeaderElection425: begin an election at term 1 for -1: [f6cfa8a2-85ff-4bb9-a246-101c53d2d47b:192.168.157.233:44618], old=null
2019-10-25 11:07:37,080 [pool-180-thread-1] INFO  storage.RaftStorage (RaftStorage.java:format(84)) - Storage directory /workdir/hadoop-ozone/integration-test/target/test-dir/MiniOzoneClusterImpl-0a85d326-9d58-4237-89dd-96557ce3dac1/datanode-3/data/ratis/6f67f87d-9767-4820-bf07-b334d6ebb589 has been successfully formatted.
2019-10-25 11:07:37,080 [pool-190-thread-1] INFO  storage.RaftStorage (RaftStorage.java:format(84)) - Storage directory /workdir/hadoop-ozone/integration-test/target/test-dir/MiniOzoneClusterImpl-0a85d326-9d58-4237-89dd-96557ce3dac1/datanode-4/data/ratis/6f67f87d-9767-4820-bf07-b334d6ebb589 has been successfully formatted.
2019-10-25 11:07:37,080 [pool-180-thread-1] INFO  ratis.ContainerStateMachine (ContainerStateMachine.java:loadSnapshot(231)) - group-B334D6EBB589: The snapshot info is null. Setting the last applied indexto:(t:0, i:~)
2019-10-25 11:07:37,080 [pool-170-thread-1] INFO  ratis.ContainerStateMachine (ContainerStateMachine.java:loadSnapshot(231)) - group-B334D6EBB589: The snapshot info is null. Setting the last applied indexto:(t:0, i:~)
2019-10-25 11:07:37,080 [f6cfa8a2-85ff-4bb9-a246-101c53d2d47b@group-037982735EDF-LeaderElection425] INFO  impl.RoleInfo (RoleInfo.java:shutdownLeaderElection(134)) - f6cfa8a2-85ff-4bb9-a246-101c53d2d47b: shutdown LeaderElection
2019-10-25 11:07:37,081 [pool-170-thread-1] INFO  server.RaftServerConfigKeys (ConfUtils.java:logGet(43)) - raft.server.notification.no-leader.timeout = 120s (custom)
2019-10-25 11:07:37,081 [pool-180-thread-1] INFO  server.RaftServerConfigKeys (ConfUtils.java:logGet(43)) - raft.server.notification.no-leader.timeout = 120s (custom)
2019-10-25 11:07:37,081 [pool-190-thread-1] INFO  ratis.ContainerStateMachine (ContainerStateMachine.java:loadSnapshot(231)) - group-B334D6EBB589: The snapshot info is null. Setting the last applied indexto:(t:0, i:~)
2019-10-25 11:07:37,081 [pool-180-thread-1] INFO  server.RaftServerConfigKeys (ConfUtils.java:logGet(43)) - raft.server.log.use.memory = false (default)
2019-10-25 11:07:37,081 [pool-170-thread-1] INFO  server.RaftServerConfigKeys (ConfUtils.java:logGet(43)) - raft.server.log.use.memory = false (default)
2019-10-25 11:07:37,081 [f6cfa8a2-85ff-4bb9-a246-101c53d2d47b@group-037982735EDF-LeaderElection425] INFO  impl.RaftServerImpl (RaftServerImpl.java:setRole(184)) - f6cfa8a2-85ff-4bb9-a246-101c53d2d47b@group-037982735EDF: changes role from CANDIDATE to LEADER at term 1 for changeToLeader
2019-10-25 11:07:37,082 [pool-170-thread-1] INFO  server.RaftServerConfigKeys (ConfUtils.java:logGet(43)) - raft.server.log.purge.gap = 1000000 (custom)
2019-10-25 11:07:37,081 [pool-180-thread-1] INFO  server.RaftServerConfigKeys (ConfUtils.java:logGet(43)) - raft.server.log.purge.gap = 1000000 (custom)
2019-10-25 11:07:37,081 [pool-190-thread-1] INFO  server.RaftServerConfigKeys (ConfUtils.java:logGet(43)) - raft.server.notification.no-leader.timeout = 120s (custom)
2019-10-25 11:07:37,082 [pool-180-thread-1] INFO  server.RaftServerConfigKeys (ConfUtils.java:logGet(43)) - raft.server.log.appender.buffer.byte-limit = 33554432 (custom)
2019-10-25 11:07:37,082 [pool-170-thread-1] INFO  server.RaftServerConfigKeys (ConfUtils.java:logGet(43)) - raft.server.log.appender.buffer.byte-limit = 33554432 (custom)
2019-10-25 11:07:37,082 [pool-170-thread-1] INFO  server.RaftServerConfigKeys (ConfUtils.java:logGet(43)) - raft.server.log.segment.size.max = 1048576 (custom)
2019-10-25 11:07:37,082 [f6cfa8a2-85ff-4bb9-a246-101c53d2d47b@group-037982735EDF-LeaderElection425] INFO  impl.RaftServerImpl (ServerState.java:setLeader(256)) - f6cfa8a2-85ff-4bb9-a246-101c53d2d47b@group-037982735EDF: change Leader from null to f6cfa8a2-85ff-4bb9-a246-101c53d2d47b at term 1 for becomeLeader, leader elected after 193ms
2019-10-25 11:07:37,083 [pool-170-thread-1] INFO  server.RaftServerConfigKeys (ConfUtils.java:logGet(43)) - raft.server.log.segment.cache.num.max = 2 (custom)
2019-10-25 11:07:37,082 [pool-180-thread-1] INFO  server.RaftServerConfigKeys (ConfUtils.java:logGet(43)) - raft.server.log.segment.size.max = 1048576 (custom)
2019-10-25 11:07:37,082 [pool-190-thread-1] INFO  server.RaftServerConfigKeys (ConfUtils.java:logGet(43)) - raft.server.log.use.memory = false (default)
2019-10-25 11:07:37,083 [pool-180-thread-1] INFO  server.RaftServerConfigKeys (ConfUtils.java:logGet(43)) - raft.server.log.segment.cache.num.max = 2 (custom)
2019-10-25 11:07:37,083 [pool-170-thread-1] INFO  segmented.SegmentedRaftLogWorker (SegmentedRaftLogWorker.java:<init>(173)) - new e8f52f97-4cbf-4021-bc09-65b78a9dc21b@group-B334D6EBB589-SegmentedRaftLogWorker for RaftStorage:Storage Directory /workdir/hadoop-ozone/integration-test/target/test-dir/MiniOzoneClusterImpl-0a85d326-9d58-4237-89dd-96557ce3dac1/datanode-2/data/ratis/6f67f87d-9767-4820-bf07-b334d6ebb589
2019-10-25 11:07:37,083 [pool-170-thread-1] INFO  server.RaftServerConfigKeys (ConfUtils.java:logGet(43)) - raft.server.log.queue.byte-limit = 2147483647 (custom)
2019-10-25 11:07:37,083 [f6cfa8a2-85ff-4bb9-a246-101c53d2d47b@group-037982735EDF-LeaderElection425] INFO  server.RaftServerConfigKeys (ConfUtils.java:logGet(43)) - raft.server.staging.catchup.gap = 1000 (default)
2019-10-25 11:07:37,083 [pool-170-thread-1] INFO  server.RaftServerConfigKeys (ConfUtils.java:logGet(43)) - raft.server.log.queue.element-limit = 1024 (custom)
2019-10-25 11:07:37,083 [pool-180-thread-1] INFO  segmented.SegmentedRaftLogWorker (SegmentedRaftLogWorker.java:<init>(173)) - new f5dc0a75-b584-4700-be7c-7942c0d8117c@group-B334D6EBB589-SegmentedRaftLogWorker for RaftStorage:Storage Directory /workdir/hadoop-ozone/integration-test/target/test-dir/MiniOzoneClusterImpl-0a85d326-9d58-4237-89dd-96557ce3dac1/datanode-3/data/ratis/6f67f87d-9767-4820-bf07-b334d6ebb589
2019-10-25 11:07:37,084 [pool-180-thread-1] INFO  server.RaftServerConfigKeys (ConfUtils.java:logGet(43)) - raft.server.log.queue.byte-limit = 2147483647 (custom)
2019-10-25 11:07:37,083 [pool-190-thread-1] INFO  server.RaftServerConfigKeys (ConfUtils.java:logGet(43)) - raft.server.log.purge.gap = 1000000 (custom)
2019-10-25 11:07:37,084 [pool-180-thread-1] INFO  server.RaftServerConfigKeys (ConfUtils.java:logGet(43)) - raft.server.log.queue.element-limit = 1024 (custom)
2019-10-25 11:07:37,084 [pool-170-thread-1] INFO  server.RaftServerConfigKeys (ConfUtils.java:logGet(43)) - raft.server.log.segment.size.max = 1048576 (custom)
2019-10-25 11:07:37,084 [pool-170-thread-1] INFO  server.RaftServerConfigKeys (ConfUtils.java:logGet(43)) - raft.server.log.preallocated.size = 16384 (custom)
2019-10-25 11:07:37,084 [f6cfa8a2-85ff-4bb9-a246-101c53d2d47b@group-037982735EDF-LeaderElection425] INFO  server.RaftServerConfigKeys (ConfUtils.java:logGet(43)) - raft.server.rpc.sleep.time = 25ms (default)
2019-10-25 11:07:37,084 [pool-170-thread-1] INFO  server.RaftServerConfigKeys (ConfUtils.java:logGet(43)) - raft.server.log.write.buffer.size = 33554432 (custom)
2019-10-25 11:07:37,084 [pool-180-thread-1] INFO  server.RaftServerConfigKeys (ConfUtils.java:logGet(43)) - raft.server.log.segment.size.max = 1048576 (custom)
2019-10-25 11:07:37,084 [pool-190-thread-1] INFO  server.RaftServerConfigKeys (ConfUtils.java:logGet(43)) - raft.server.log.appender.buffer.byte-limit = 33554432 (custom)
2019-10-25 11:07:37,085 [pool-180-thread-1] INFO  server.RaftServerConfigKeys (ConfUtils.java:logGet(43)) - raft.server.log.preallocated.size = 16384 (custom)
2019-10-25 11:07:37,085 [pool-170-thread-1] INFO  server.RaftServerConfigKeys (ConfUtils.java:logGet(43)) - raft.server.log.force.sync.num = 128 (default)
2019-10-25 11:07:37,085 [pool-170-thread-1] INFO  server.RaftServerConfigKeys (ConfUtils.java:logGet(43)) - raft.server.log.statemachine.data.sync = true (default)
2019-10-25 11:07:37,085 [f6cfa8a2-85ff-4bb9-a246-101c53d2d47b@group-037982735EDF-LeaderElection425] INFO  server.RaftServerConfigKeys (ConfUtils.java:logGet(43)) - raft.server.write.element-limit = 4096 (default)
2019-10-25 11:07:37,085 [pool-170-thread-1] INFO  server.RaftServerConfigKeys (ConfUtils.java:logGet(43)) - raft.server.log.statemachine.data.sync.timeout = 10s (default)
2019-10-25 11:07:37,085 [pool-180-thread-1] INFO  server.RaftServerConfigKeys (ConfUtils.java:logGet(43)) - raft.server.log.write.buffer.size = 33554432 (custom)
2019-10-25 11:07:37,085 [pool-190-thread-1] INFO  server.RaftServerConfigKeys (ConfUtils.java:logGet(43)) - raft.server.log.segment.size.max = 1048576 (custom)
2019-10-25 11:07:37,086 [pool-180-thread-1] INFO  server.RaftServerConfigKeys (ConfUtils.java:logGet(43)) - raft.server.log.force.sync.num = 128 (default)
2019-10-25 11:07:37,086 [pool-170-thread-1] INFO  server.RaftServerConfigKeys (ConfUtils.java:logGet(43)) - raft.server.log.statemachine.data.sync.timeout.retry = -1 (default)
2019-10-25 11:07:37,086 [f6cfa8a2-85ff-4bb9-a246-101c53d2d47b@group-037982735EDF-LeaderElection425] INFO  server.RaftServerConfigKeys (ConfUtils.java:logGet(43)) - raft.server.watch.timeout = 10s (default)
2019-10-25 11:07:37,086 [ee32d20a-9ada-4130-97b0-6f12b38b3dc6@group-46902E0F257D-LeaderElection426] INFO  impl.LeaderElection (LeaderElection.java:askForVotes(178)) - ee32d20a-9ada-4130-97b0-6f12b38b3dc6@group-46902E0F257D-LeaderElection426: begin an election at term 1 for -1: [ee32d20a-9ada-4130-97b0-6f12b38b3dc6:192.168.157.233:41846], old=null
2019-10-25 11:07:37,086 [f6cfa8a2-85ff-4bb9-a246-101c53d2d47b@group-037982735EDF-LeaderElection425] INFO  server.RaftServerConfigKeys (ConfUtils.java:logGet(43)) - raft.server.watch.timeout.denomination = 1s (default)
2019-10-25 11:07:37,086 [pool-170-thread-1] INFO  server.RaftServerConfigKeys (ConfUtils.java:logGet(43)) - raft.server.log.statemachine.data.caching.enabled = true (custom)
2019-10-25 11:07:37,086 [pool-180-thread-1] INFO  server.RaftServerConfigKeys (ConfUtils.java:logGet(43)) - raft.server.log.statemachine.data.sync = true (default)
2019-10-25 11:07:37,086 [pool-190-thread-1] INFO  server.RaftServerConfigKeys (ConfUtils.java:logGet(43)) - raft.server.log.segment.cache.num.max = 2 (custom)
2019-10-25 11:07:37,087 [pool-170-thread-1] INFO  segmented.SegmentedRaftLogWorker (SegmentedRaftLogWorker.java:lambda$new$0(128)) - e8f52f97-4cbf-4021-bc09-65b78a9dc21b@group-B334D6EBB589-SegmentedRaftLogWorker: flushIndex: setUnconditionally 0 -> -1
2019-10-25 11:07:37,087 [pool-180-thread-1] INFO  server.RaftServerConfigKeys (ConfUtils.java:logGet(43)) - raft.server.log.statemachine.data.sync.timeout = 10s (default)
2019-10-25 11:07:37,087 [f6cfa8a2-85ff-4bb9-a246-101c53d2d47b@group-037982735EDF-LeaderElection425] INFO  server.RaftServerConfigKeys (ConfUtils.java:logGet(43)) - raft.server.watch.element-limit = 65536 (default)
2019-10-25 11:07:37,087 [ee32d20a-9ada-4130-97b0-6f12b38b3dc6@group-46902E0F257D-LeaderElection426] INFO  impl.RoleInfo (RoleInfo.java:shutdownLeaderElection(134)) - ee32d20a-9ada-4130-97b0-6f12b38b3dc6: shutdown LeaderElection
2019-10-25 11:07:37,087 [pool-170-thread-1] INFO  server.RaftServerConfigKeys (ConfUtils.java:logGet(43)) - raft.server.snapshot.auto.trigger.enabled = true (custom)
2019-10-25 11:07:37,087 [pool-180-thread-1] INFO  server.RaftServerConfigKeys (ConfUtils.java:logGet(43)) - raft.server.log.statemachine.data.sync.timeout.retry = -1 (default)
2019-10-25 11:07:37,087 [pool-190-thread-1] INFO  segmented.SegmentedRaftLogWorker (SegmentedRaftLogWorker.java:<init>(173)) - new 8a2c850d-503a-4b6a-9325-357a6554e10c@group-B334D6EBB589-SegmentedRaftLogWorker for RaftStorage:Storage Directory /workdir/hadoop-ozone/integration-test/target/test-dir/MiniOzoneClusterImpl-0a85d326-9d58-4237-89dd-96557ce3dac1/datanode-4/data/ratis/6f67f87d-9767-4820-bf07-b334d6ebb589
2019-10-25 11:07:37,088 [pool-180-thread-1] INFO  server.RaftServerConfigKeys (ConfUtils.java:logGet(43)) - raft.server.log.statemachine.data.caching.enabled = true (custom)
2019-10-25 11:07:37,088 [pool-170-thread-1] INFO  server.RaftServerConfigKeys (ConfUtils.java:logGet(43)) - raft.server.snapshot.auto.trigger.threshold = 10000 (custom)
2019-10-25 11:07:37,088 [ee32d20a-9ada-4130-97b0-6f12b38b3dc6@group-46902E0F257D-LeaderElection426] INFO  impl.RaftServerImpl (RaftServerImpl.java:setRole(184)) - ee32d20a-9ada-4130-97b0-6f12b38b3dc6@group-46902E0F257D: changes role from CANDIDATE to LEADER at term 1 for changeToLeader
2019-10-25 11:07:37,088 [pool-180-thread-1] INFO  segmented.SegmentedRaftLogWorker (SegmentedRaftLogWorker.java:lambda$new$0(128)) - f5dc0a75-b584-4700-be7c-7942c0d8117c@group-B334D6EBB589-SegmentedRaftLogWorker: flushIndex: setUnconditionally 0 -> -1
2019-10-25 11:07:37,088 [pool-170-thread-1] INFO  server.RaftServerConfigKeys (ConfUtils.java:logGet(43)) - raft.server.snapshot.retention.file.num = 5 (custom)
2019-10-25 11:07:37,088 [pool-190-thread-1] INFO  server.RaftServerConfigKeys (ConfUtils.java:logGet(43)) - raft.server.log.queue.byte-limit = 2147483647 (custom)
2019-10-25 11:07:37,089 [pool-180-thread-1] INFO  server.RaftServerConfigKeys (ConfUtils.java:logGet(43)) - raft.server.snapshot.auto.trigger.enabled = true (custom)
2019-10-25 11:07:37,089 [pool-170-thread-1] INFO  server.RaftServerConfigKeys (ConfUtils.java:logGet(43)) - raft.server.retrycache.expirytime = 600000ms (custom)
2019-10-25 11:07:37,089 [ee32d20a-9ada-4130-97b0-6f12b38b3dc6@group-46902E0F257D-LeaderElection426] INFO  impl.RaftServerImpl (ServerState.java:setLeader(256)) - ee32d20a-9ada-4130-97b0-6f12b38b3dc6@group-46902E0F257D: change Leader from null to ee32d20a-9ada-4130-97b0-6f12b38b3dc6 at term 1 for becomeLeader, leader elected after 141ms
2019-10-25 11:07:37,089 [pool-180-thread-1] INFO  server.RaftServerConfigKeys (ConfUtils.java:logGet(43)) - raft.server.snapshot.auto.trigger.threshold = 10000 (custom)
2019-10-25 11:07:37,089 [pool-190-thread-1] INFO  server.RaftServerConfigKeys (ConfUtils.java:logGet(43)) - raft.server.log.queue.element-limit = 1024 (custom)
2019-10-25 11:07:37,090 [f6cfa8a2-85ff-4bb9-a246-101c53d2d47b@group-037982735EDF-LeaderElection425] INFO  impl.RoleInfo (RoleInfo.java:updateAndGet(143)) - f6cfa8a2-85ff-4bb9-a246-101c53d2d47b: start LeaderState
2019-10-25 11:07:37,090 [pool-180-thread-1] INFO  server.RaftServerConfigKeys (ConfUtils.java:logGet(43)) - raft.server.snapshot.retention.file.num = 5 (custom)
2019-10-25 11:07:37,090 [ee32d20a-9ada-4130-97b0-6f12b38b3dc6@group-46902E0F257D-LeaderElection426] INFO  server.RaftServerConfigKeys (ConfUtils.java:logGet(43)) - raft.server.staging.catchup.gap = 1000 (default)
2019-10-25 11:07:37,090 [f6cfa8a2-85ff-4bb9-a246-101c53d2d47b@group-037982735EDF-LeaderElection425] INFO  segmented.SegmentedRaftLogWorker (SegmentedRaftLogWorker.java:startLogSegment(385)) - f6cfa8a2-85ff-4bb9-a246-101c53d2d47b@group-037982735EDF-SegmentedRaftLogWorker: Starting segment from index:0
2019-10-25 11:07:37,090 [pool-180-thread-1] INFO  server.RaftServerConfigKeys (ConfUtils.java:logGet(43)) - raft.server.retrycache.expirytime = 600000ms (custom)
2019-10-25 11:07:37,090 [pool-190-thread-1] INFO  server.RaftServerConfigKeys (ConfUtils.java:logGet(43)) - raft.server.log.segment.size.max = 1048576 (custom)
2019-10-25 11:07:37,090 [Thread-3638] INFO  impl.FollowerState (FollowerState.java:run(108)) - 4ec993a1-c88d-4e26-9851-97b3046e33ae@group-04D1B0FD29CB-FollowerState: change to CANDIDATE, lastRpcTime:72ms, electionTimeout:72ms
2019-10-25 11:07:37,091 [f6cfa8a2-85ff-4bb9-a246-101c53d2d47b@group-037982735EDF-LeaderElection425] INFO  impl.RaftServerImpl (ServerState.java:setRaftConf(357)) - f6cfa8a2-85ff-4bb9-a246-101c53d2d47b@group-037982735EDF: set configuration 0: [f6cfa8a2-85ff-4bb9-a246-101c53d2d47b:192.168.157.233:44618], old=null at 0
2019-10-25 11:07:37,091 [pool-190-thread-1] INFO  server.RaftServerConfigKeys (ConfUtils.java:logGet(43)) - raft.server.log.preallocated.size = 16384 (custom)
2019-10-25 11:07:37,090 [ee32d20a-9ada-4130-97b0-6f12b38b3dc6@group-46902E0F257D-LeaderElection426] INFO  server.RaftServerConfigKeys (ConfUtils.java:logGet(43)) - raft.server.rpc.sleep.time = 25ms (default)
2019-10-25 11:07:37,091 [pool-190-thread-1] INFO  server.RaftServerConfigKeys (ConfUtils.java:logGet(43)) - raft.server.log.write.buffer.size = 33554432 (custom)
2019-10-25 11:07:37,091 [ee32d20a-9ada-4130-97b0-6f12b38b3dc6@group-46902E0F257D-LeaderElection426] INFO  server.RaftServerConfigKeys (ConfUtils.java:logGet(43)) - raft.server.write.element-limit = 4096 (default)
2019-10-25 11:07:37,091 [Thread-3638] INFO  impl.RoleInfo (RoleInfo.java:shutdownFollowerState(121)) - 4ec993a1-c88d-4e26-9851-97b3046e33ae: shutdown FollowerState
2019-10-25 11:07:37,092 [ee32d20a-9ada-4130-97b0-6f12b38b3dc6@group-46902E0F257D-LeaderElection426] INFO  server.RaftServerConfigKeys (ConfUtils.java:logGet(43)) - raft.server.watch.timeout = 10s (default)
2019-10-25 11:07:37,092 [ee32d20a-9ada-4130-97b0-6f12b38b3dc6@group-46902E0F257D-LeaderElection426] INFO  server.RaftServerConfigKeys (ConfUtils.java:logGet(43)) - raft.server.watch.timeout.denomination = 1s (default)
2019-10-25 11:07:37,092 [pool-190-thread-1] INFO  server.RaftServerConfigKeys (ConfUtils.java:logGet(43)) - raft.server.log.force.sync.num = 128 (default)
2019-10-25 11:07:37,091 [pool-170-thread-1] INFO  impl.RaftServerImpl (RaftServerImpl.java:start(195)) - e8f52f97-4cbf-4021-bc09-65b78a9dc21b@group-B334D6EBB589: start as a follower, conf=-1: [8a2c850d-503a-4b6a-9325-357a6554e10c:192.168.157.233:39046, e8f52f97-4cbf-4021-bc09-65b78a9dc21b:192.168.157.233:35183, f5dc0a75-b584-4700-be7c-7942c0d8117c:192.168.157.233:38534], old=null
2019-10-25 11:07:37,092 [pool-180-thread-1] INFO  impl.RaftServerImpl (RaftServerImpl.java:start(195)) - f5dc0a75-b584-4700-be7c-7942c0d8117c@group-B334D6EBB589: start as a follower, conf=-1: [8a2c850d-503a-4b6a-9325-357a6554e10c:192.168.157.233:39046, e8f52f97-4cbf-4021-bc09-65b78a9dc21b:192.168.157.233:35183, f5dc0a75-b584-4700-be7c-7942c0d8117c:192.168.157.233:38534], old=null
2019-10-25 11:07:37,092 [pool-190-thread-1] INFO  server.RaftServerConfigKeys (ConfUtils.java:logGet(43)) - raft.server.log.statemachine.data.sync = true (default)
2019-10-25 11:07:37,092 [ee32d20a-9ada-4130-97b0-6f12b38b3dc6@group-46902E0F257D-LeaderElection426] INFO  server.RaftServerConfigKeys (ConfUtils.java:logGet(43)) - raft.server.watch.element-limit = 65536 (default)
2019-10-25 11:07:37,092 [Thread-3638] INFO  impl.RaftServerImpl (RaftServerImpl.java:setRole(184)) - 4ec993a1-c88d-4e26-9851-97b3046e33ae@group-04D1B0FD29CB: changes role from  FOLLOWER to CANDIDATE at term 0 for changeToCandidate
2019-10-25 11:07:37,093 [pool-190-thread-1] INFO  server.RaftServerConfigKeys (ConfUtils.java:logGet(43)) - raft.server.log.statemachine.data.sync.timeout = 10s (default)
2019-10-25 11:07:37,093 [pool-180-thread-1] INFO  impl.RaftServerImpl (RaftServerImpl.java:setRole(184)) - f5dc0a75-b584-4700-be7c-7942c0d8117c@group-B334D6EBB589: changes role from      null to FOLLOWER at term 0 for startAsFollower
2019-10-25 11:07:37,092 [pool-170-thread-1] INFO  impl.RaftServerImpl (RaftServerImpl.java:setRole(184)) - e8f52f97-4cbf-4021-bc09-65b78a9dc21b@group-B334D6EBB589: changes role from      null to FOLLOWER at term 0 for startAsFollower
2019-10-25 11:07:37,093 [pool-180-thread-1] INFO  impl.RoleInfo (RoleInfo.java:updateAndGet(143)) - f5dc0a75-b584-4700-be7c-7942c0d8117c: start FollowerState
2019-10-25 11:07:37,093 [pool-190-thread-1] INFO  server.RaftServerConfigKeys (ConfUtils.java:logGet(43)) - raft.server.log.statemachine.data.sync.timeout.retry = -1 (default)
2019-10-25 11:07:37,093 [Thread-3638] INFO  impl.RoleInfo (RoleInfo.java:updateAndGet(143)) - 4ec993a1-c88d-4e26-9851-97b3046e33ae: start LeaderElection
2019-10-25 11:07:37,094 [pool-190-thread-1] INFO  server.RaftServerConfigKeys (ConfUtils.java:logGet(43)) - raft.server.log.statemachine.data.caching.enabled = true (custom)
2019-10-25 11:07:37,093 [pool-170-thread-1] INFO  impl.RoleInfo (RoleInfo.java:updateAndGet(143)) - e8f52f97-4cbf-4021-bc09-65b78a9dc21b: start FollowerState
2019-10-25 11:07:37,094 [pool-180-thread-1] INFO  util.JmxRegister (JmxRegister.java:tryRegister(44)) - Successfully registered JMX Bean with object name Ratis:service=RaftServer,group=group-B334D6EBB589,id=f5dc0a75-b584-4700-be7c-7942c0d8117c
2019-10-25 11:07:37,124 [ee32d20a-9ada-4130-97b0-6f12b38b3dc6@group-46902E0F257D-LeaderElection426] INFO  impl.RoleInfo (RoleInfo.java:updateAndGet(143)) - ee32d20a-9ada-4130-97b0-6f12b38b3dc6: start LeaderState
2019-10-25 11:07:37,124 [pool-190-thread-1] INFO  segmented.SegmentedRaftLogWorker (SegmentedRaftLogWorker.java:lambda$new$0(128)) - 8a2c850d-503a-4b6a-9325-357a6554e10c@group-B334D6EBB589-SegmentedRaftLogWorker: flushIndex: setUnconditionally 0 -> -1
2019-10-25 11:07:37,125 [ee32d20a-9ada-4130-97b0-6f12b38b3dc6@group-46902E0F257D-LeaderElection426] INFO  segmented.SegmentedRaftLogWorker (SegmentedRaftLogWorker.java:startLogSegment(385)) - ee32d20a-9ada-4130-97b0-6f12b38b3dc6@group-46902E0F257D-SegmentedRaftLogWorker: Starting segment from index:0
2019-10-25 11:07:37,125 [pool-170-thread-1] INFO  util.JmxRegister (JmxRegister.java:tryRegister(44)) - Successfully registered JMX Bean with object name Ratis:service=RaftServer,group=group-B334D6EBB589,id=e8f52f97-4cbf-4021-bc09-65b78a9dc21b
2019-10-25 11:07:37,125 [pool-190-thread-1] INFO  server.RaftServerConfigKeys (ConfUtils.java:logGet(43)) - raft.server.snapshot.auto.trigger.enabled = true (custom)
2019-10-25 11:07:37,125 [pool-190-thread-1] INFO  server.RaftServerConfigKeys (ConfUtils.java:logGet(43)) - raft.server.snapshot.auto.trigger.threshold = 10000 (custom)
2019-10-25 11:07:37,125 [pool-190-thread-1] INFO  server.RaftServerConfigKeys (ConfUtils.java:logGet(43)) - raft.server.snapshot.retention.file.num = 5 (custom)
2019-10-25 11:07:37,125 [ee32d20a-9ada-4130-97b0-6f12b38b3dc6@group-46902E0F257D-LeaderElection426] INFO  impl.RaftServerImpl (ServerState.java:setRaftConf(357)) - ee32d20a-9ada-4130-97b0-6f12b38b3dc6@group-46902E0F257D: set configuration 0: [ee32d20a-9ada-4130-97b0-6f12b38b3dc6:192.168.157.233:41846], old=null at 0
2019-10-25 11:07:37,126 [pool-190-thread-1] INFO  server.RaftServerConfigKeys (ConfUtils.java:logGet(43)) - raft.server.retrycache.expirytime = 600000ms (custom)
2019-10-25 11:07:37,129 [pool-190-thread-1] INFO  impl.RaftServerImpl (RaftServerImpl.java:start(195)) - 8a2c850d-503a-4b6a-9325-357a6554e10c@group-B334D6EBB589: start as a follower, conf=-1: [8a2c850d-503a-4b6a-9325-357a6554e10c:192.168.157.233:39046, e8f52f97-4cbf-4021-bc09-65b78a9dc21b:192.168.157.233:35183, f5dc0a75-b584-4700-be7c-7942c0d8117c:192.168.157.233:38534], old=null
2019-10-25 11:07:37,129 [pool-190-thread-1] INFO  impl.RaftServerImpl (RaftServerImpl.java:setRole(184)) - 8a2c850d-503a-4b6a-9325-357a6554e10c@group-B334D6EBB589: changes role from      null to FOLLOWER at term 0 for startAsFollower
2019-10-25 11:07:37,129 [pool-190-thread-1] INFO  impl.RoleInfo (RoleInfo.java:updateAndGet(143)) - 8a2c850d-503a-4b6a-9325-357a6554e10c: start FollowerState
2019-10-25 11:07:37,130 [pool-190-thread-1] INFO  util.JmxRegister (JmxRegister.java:tryRegister(44)) - Successfully registered JMX Bean with object name Ratis:service=RaftServer,group=group-B334D6EBB589,id=8a2c850d-503a-4b6a-9325-357a6554e10c
2019-10-25 11:07:37,133 [RatisPipelineUtilsThread] INFO  pipeline.PipelineStateManager (PipelineStateManager.java:addPipeline(56)) - Created pipeline Pipeline[ Id: 6f67f87d-9767-4820-bf07-b334d6ebb589, Nodes: e8f52f97-4cbf-4021-bc09-65b78a9dc21b{ip: 192.168.157.233, host: pr-hdds-2359-lls5b-3453883328, networkLocation: /rack1, certSerialId: null}8a2c850d-503a-4b6a-9325-357a6554e10c{ip: 192.168.157.233, host: pr-hdds-2359-lls5b-3453883328, networkLocation: /rack1, certSerialId: null}f5dc0a75-b584-4700-be7c-7942c0d8117c{ip: 192.168.157.233, host: pr-hdds-2359-lls5b-3453883328, networkLocation: /rack1, certSerialId: null}, Type:RATIS, Factor:THREE, State:OPEN]
2019-10-25 11:07:37,135 [Thread-3656] INFO  impl.FollowerState (FollowerState.java:run(108)) - 8a2c850d-503a-4b6a-9325-357a6554e10c@group-B334D6EBB589-FollowerState: change to CANDIDATE, lastRpcTime:5ms, electionTimeout:5ms
2019-10-25 11:07:37,135 [Thread-3656] INFO  impl.RoleInfo (RoleInfo.java:shutdownFollowerState(121)) - 8a2c850d-503a-4b6a-9325-357a6554e10c: shutdown FollowerState
2019-10-25 11:07:37,135 [Thread-3656] INFO  impl.RaftServerImpl (RaftServerImpl.java:setRole(184)) - 8a2c850d-503a-4b6a-9325-357a6554e10c@group-B334D6EBB589: changes role from  FOLLOWER to CANDIDATE at term 0 for changeToCandidate
2019-10-25 11:07:37,164 [f6cfa8a2-85ff-4bb9-a246-101c53d2d47b@group-037982735EDF-SegmentedRaftLogWorker] INFO  segmented.SegmentedRaftLogWorker (SegmentedRaftLogWorker.java:execute(576)) - f6cfa8a2-85ff-4bb9-a246-101c53d2d47b@group-037982735EDF-SegmentedRaftLogWorker: created new log segment /workdir/hadoop-ozone/integration-test/target/test-dir/MiniOzoneClusterImpl-0a85d326-9d58-4237-89dd-96557ce3dac1/datanode-9/data/ratis/b25e00f4-9cef-4dff-a12f-037982735edf/current/log_inprogress_0
2019-10-25 11:07:37,164 [Thread-3639] INFO  impl.FollowerState (FollowerState.java:run(108)) - d6e16d1d-13ec-4d5e-a095-b06e50bc05c8@group-04D1B0FD29CB-FollowerState: change to CANDIDATE, lastRpcTime:144ms, electionTimeout:126ms
2019-10-25 11:07:37,164 [Thread-3656] INFO  impl.RoleInfo (RoleInfo.java:updateAndGet(143)) - 8a2c850d-503a-4b6a-9325-357a6554e10c: start LeaderElection
2019-10-25 11:07:37,164 [4ec993a1-c88d-4e26-9851-97b3046e33ae@group-04D1B0FD29CB-LeaderElection427] INFO  impl.LeaderElection (LeaderElection.java:askForVotes(178)) - 4ec993a1-c88d-4e26-9851-97b3046e33ae@group-04D1B0FD29CB-LeaderElection427: begin an election at term 1 for -1: [d6e16d1d-13ec-4d5e-a095-b06e50bc05c8:192.168.157.233:44794, fd698530-c54c-4f87-b269-002f8f3935cd:192.168.157.233:41166, 4ec993a1-c88d-4e26-9851-97b3046e33ae:192.168.157.233:41510], old=null
2019-10-25 11:07:37,165 [Thread-3639] INFO  impl.RoleInfo (RoleInfo.java:shutdownFollowerState(121)) - d6e16d1d-13ec-4d5e-a095-b06e50bc05c8: shutdown FollowerState
2019-10-25 11:07:37,165 [Thread-3639] INFO  impl.RaftServerImpl (RaftServerImpl.java:setRole(184)) - d6e16d1d-13ec-4d5e-a095-b06e50bc05c8@group-04D1B0FD29CB: changes role from  FOLLOWER to CANDIDATE at term 0 for changeToCandidate
2019-10-25 11:07:37,170 [Thread-3639] INFO  impl.RoleInfo (RoleInfo.java:updateAndGet(143)) - d6e16d1d-13ec-4d5e-a095-b06e50bc05c8: start LeaderElection
2019-10-25 11:07:37,180 [Thread-3651] INFO  impl.FollowerState (FollowerState.java:run(108)) - f5dc0a75-b584-4700-be7c-7942c0d8117c@group-B334D6EBB589-FollowerState: change to CANDIDATE, lastRpcTime:86ms, electionTimeout:86ms
2019-10-25 11:07:37,180 [ee32d20a-9ada-4130-97b0-6f12b38b3dc6@group-46902E0F257D-SegmentedRaftLogWorker] INFO  segmented.SegmentedRaftLogWorker (SegmentedRaftLogWorker.java:execute(576)) - ee32d20a-9ada-4130-97b0-6f12b38b3dc6@group-46902E0F257D-SegmentedRaftLogWorker: created new log segment /workdir/hadoop-ozone/integration-test/target/test-dir/MiniOzoneClusterImpl-0a85d326-9d58-4237-89dd-96557ce3dac1/datanode-8/data/ratis/1367d0d3-3098-4835-b320-46902e0f257d/current/log_inprogress_0
2019-10-25 11:07:37,180 [d6e16d1d-13ec-4d5e-a095-b06e50bc05c8@group-04D1B0FD29CB-LeaderElection429] INFO  impl.LeaderElection (LeaderElection.java:askForVotes(178)) - d6e16d1d-13ec-4d5e-a095-b06e50bc05c8@group-04D1B0FD29CB-LeaderElection429: begin an election at term 1 for -1: [d6e16d1d-13ec-4d5e-a095-b06e50bc05c8:192.168.157.233:44794, fd698530-c54c-4f87-b269-002f8f3935cd:192.168.157.233:41166, 4ec993a1-c88d-4e26-9851-97b3046e33ae:192.168.157.233:41510], old=null
2019-10-25 11:07:37,180 [Thread-3651] INFO  impl.RoleInfo (RoleInfo.java:shutdownFollowerState(121)) - f5dc0a75-b584-4700-be7c-7942c0d8117c: shutdown FollowerState
2019-10-25 11:07:37,180 [Thread-3651] INFO  impl.RaftServerImpl (RaftServerImpl.java:setRole(184)) - f5dc0a75-b584-4700-be7c-7942c0d8117c@group-B334D6EBB589: changes role from  FOLLOWER to CANDIDATE at term 0 for changeToCandidate
2019-10-25 11:07:37,180 [8a2c850d-503a-4b6a-9325-357a6554e10c@group-B334D6EBB589-LeaderElection428] INFO  impl.LeaderElection (LeaderElection.java:askForVotes(178)) - 8a2c850d-503a-4b6a-9325-357a6554e10c@group-B334D6EBB589-LeaderElection428: begin an election at term 1 for -1: [8a2c850d-503a-4b6a-9325-357a6554e10c:192.168.157.233:39046, e8f52f97-4cbf-4021-bc09-65b78a9dc21b:192.168.157.233:35183, f5dc0a75-b584-4700-be7c-7942c0d8117c:192.168.157.233:38534], old=null
2019-10-25 11:07:37,180 [Thread-3651] INFO  impl.RoleInfo (RoleInfo.java:updateAndGet(143)) - f5dc0a75-b584-4700-be7c-7942c0d8117c: start LeaderElection
2019-10-25 11:07:37,181 [grpc-default-executor-7] INFO  impl.RaftServerProxy (RaftServerProxy.java:addNew(89)) - f6cfa8a2-85ff-4bb9-a246-101c53d2d47b: addNew group-49E82E920F3F:[7fad1e98-7a6b-4998-a30c-ec1ab88068bc:192.168.157.233:35716, bdb27072-dd00-4d3b-a7da-41600e490ca3:192.168.157.233:42906, f6cfa8a2-85ff-4bb9-a246-101c53d2d47b:192.168.157.233:44618] returns group-49E82E920F3F:java.util.concurrent.CompletableFuture@6ace0d15[Not completed]
2019-10-25 11:07:37,185 [grpc-default-executor-7] INFO  impl.RaftServerProxy (RaftServerProxy.java:addNew(89)) - bdb27072-dd00-4d3b-a7da-41600e490ca3: addNew group-49E82E920F3F:[7fad1e98-7a6b-4998-a30c-ec1ab88068bc:192.168.157.233:35716, bdb27072-dd00-4d3b-a7da-41600e490ca3:192.168.157.233:42906, f6cfa8a2-85ff-4bb9-a246-101c53d2d47b:192.168.157.233:44618] returns group-49E82E920F3F:java.util.concurrent.CompletableFuture@1b58c0cb[Not completed]
2019-10-25 11:07:37,185 [grpc-default-executor-4] INFO  impl.RaftServerProxy (RaftServerProxy.java:addNew(89)) - 7fad1e98-7a6b-4998-a30c-ec1ab88068bc: addNew group-49E82E920F3F:[7fad1e98-7a6b-4998-a30c-ec1ab88068bc:192.168.157.233:35716, bdb27072-dd00-4d3b-a7da-41600e490ca3:192.168.157.233:42906, f6cfa8a2-85ff-4bb9-a246-101c53d2d47b:192.168.157.233:44618] returns group-49E82E920F3F:java.util.concurrent.CompletableFuture@b771dc9[Not completed]
2019-10-25 11:07:37,198 [f5dc0a75-b584-4700-be7c-7942c0d8117c@group-B334D6EBB589-LeaderElection430] INFO  impl.LeaderElection (LeaderElection.java:askForVotes(178)) - f5dc0a75-b584-4700-be7c-7942c0d8117c@group-B334D6EBB589-LeaderElection430: begin an election at term 1 for -1: [8a2c850d-503a-4b6a-9325-357a6554e10c:192.168.157.233:39046, e8f52f97-4cbf-4021-bc09-65b78a9dc21b:192.168.157.233:35183, f5dc0a75-b584-4700-be7c-7942c0d8117c:192.168.157.233:38534], old=null
2019-10-25 11:07:37,198 [grpc-default-executor-4] INFO  impl.RaftServerImpl (RaftServerImpl.java:setRole(184)) - fd698530-c54c-4f87-b269-002f8f3935cd@group-04D1B0FD29CB: changes role from  FOLLOWER to FOLLOWER at term 1 for recognizeCandidate:4ec993a1-c88d-4e26-9851-97b3046e33ae
2019-10-25 11:07:37,198 [grpc-default-executor-4] INFO  impl.RoleInfo (RoleInfo.java:shutdownFollowerState(121)) - fd698530-c54c-4f87-b269-002f8f3935cd: shutdown FollowerState
2019-10-25 11:07:37,198 [grpc-default-executor-4] INFO  impl.RoleInfo (RoleInfo.java:updateAndGet(143)) - fd698530-c54c-4f87-b269-002f8f3935cd: start FollowerState
2019-10-25 11:07:37,203 [pool-240-thread-1] INFO  impl.RaftServerImpl (RaftServerImpl.java:<init>(104)) - f6cfa8a2-85ff-4bb9-a246-101c53d2d47b: new RaftServerImpl for group-49E82E920F3F:[7fad1e98-7a6b-4998-a30c-ec1ab88068bc:192.168.157.233:35716, bdb27072-dd00-4d3b-a7da-41600e490ca3:192.168.157.233:42906, f6cfa8a2-85ff-4bb9-a246-101c53d2d47b:192.168.157.233:44618] with ContainerStateMachine:uninitialized
2019-10-25 11:07:37,203 [pool-240-thread-1] INFO  server.RaftServerConfigKeys (ConfUtils.java:logGet(43)) - raft.server.rpc.timeout.min = 1s (custom)
2019-10-25 11:07:37,206 [pool-240-thread-1] INFO  server.RaftServerConfigKeys (ConfUtils.java:logGet(43)) - raft.server.rpc.timeout.max = 1200ms (custom)
2019-10-25 11:07:37,206 [pool-240-thread-1] INFO  server.RaftServerConfigKeys (ConfUtils.java:logGet(43)) - raft.server.rpcslowness.timeout = 120s (custom)
2019-10-25 11:07:37,206 [pool-240-thread-1] INFO  server.RaftServerConfigKeys (ConfUtils.java:logGet(43)) - raft.server.sleep.deviation.threshold = 300 (default)
2019-10-25 11:07:37,206 [pool-240-thread-1] INFO  server.RaftServerConfigKeys (ConfUtils.java:logGet(43)) - raft.server.log.appender.install.snapshot.enabled = false (custom)
2019-10-25 11:07:37,206 [pool-240-thread-1] INFO  impl.RaftServerImpl (ServerState.java:<init>(103)) - f6cfa8a2-85ff-4bb9-a246-101c53d2d47b@group-49E82E920F3F: ConfigurationManager, init=-1: [7fad1e98-7a6b-4998-a30c-ec1ab88068bc:192.168.157.233:35716, bdb27072-dd00-4d3b-a7da-41600e490ca3:192.168.157.233:42906, f6cfa8a2-85ff-4bb9-a246-101c53d2d47b:192.168.157.233:44618], old=null, confs=<EMPTY_MAP>
2019-10-25 11:07:37,206 [pool-240-thread-1] INFO  server.RaftServerConfigKeys (ConfUtils.java:logGet(43)) - raft.server.storage.dir = [/workdir/hadoop-ozone/integration-test/target/test-dir/MiniOzoneClusterImpl-0a85d326-9d58-4237-89dd-96557ce3dac1/datanode-9/data/ratis] (custom)
2019-10-25 11:07:37,206 [pool-210-thread-1] INFO  impl.RaftServerImpl (RaftServerImpl.java:<init>(104)) - bdb27072-dd00-4d3b-a7da-41600e490ca3: new RaftServerImpl for group-49E82E920F3F:[7fad1e98-7a6b-4998-a30c-ec1ab88068bc:192.168.157.233:35716, bdb27072-dd00-4d3b-a7da-41600e490ca3:192.168.157.233:42906, f6cfa8a2-85ff-4bb9-a246-101c53d2d47b:192.168.157.233:44618] with ContainerStateMachine:uninitialized
2019-10-25 11:07:37,206 [pool-240-thread-1] INFO  server.RaftServerConfigKeys (ConfUtils.java:logGet(43)) - raft.server.log.corruption.policy = EXCEPTION (default)
2019-10-25 11:07:37,206 [pool-210-thread-1] INFO  server.RaftServerConfigKeys (ConfUtils.java:logGet(43)) - raft.server.rpc.timeout.min = 1s (custom)
2019-10-25 11:07:37,207 [pool-240-thread-1] INFO  storage.RaftStorageDirectory (RaftStorageDirectory.java:analyzeStorage(246)) - The storage directory /workdir/hadoop-ozone/integration-test/target/test-dir/MiniOzoneClusterImpl-0a85d326-9d58-4237-89dd-96557ce3dac1/datanode-9/data/ratis/f313221f-6c3f-46a6-988a-49e82e920f3f does not exist. Creating ...
2019-10-25 11:07:37,207 [pool-210-thread-1] INFO  server.RaftServerConfigKeys (ConfUtils.java:logGet(43)) - raft.server.rpc.timeout.max = 1200ms (custom)
2019-10-25 11:07:37,207 [pool-200-thread-1] INFO  impl.RaftServerImpl (RaftServerImpl.java:<init>(104)) - 7fad1e98-7a6b-4998-a30c-ec1ab88068bc: new RaftServerImpl for group-49E82E920F3F:[7fad1e98-7a6b-4998-a30c-ec1ab88068bc:192.168.157.233:35716, bdb27072-dd00-4d3b-a7da-41600e490ca3:192.168.157.233:42906, f6cfa8a2-85ff-4bb9-a246-101c53d2d47b:192.168.157.233:44618] with ContainerStateMachine:uninitialized
2019-10-25 11:07:37,207 [pool-210-thread-1] INFO  server.RaftServerConfigKeys (ConfUtils.java:logGet(43)) - raft.server.rpcslowness.timeout = 120s (custom)
2019-10-25 11:07:37,209 [grpc-default-executor-7] INFO  impl.RaftServerImpl (RaftServerImpl.java:setRole(184)) - e8f52f97-4cbf-4021-bc09-65b78a9dc21b@group-B334D6EBB589: changes role from  FOLLOWER to FOLLOWER at term 1 for recognizeCandidate:8a2c850d-503a-4b6a-9325-357a6554e10c
2019-10-25 11:07:37,209 [grpc-default-executor-7] INFO  impl.RoleInfo (RoleInfo.java:shutdownFollowerState(121)) - e8f52f97-4cbf-4021-bc09-65b78a9dc21b: shutdown FollowerState
2019-10-25 11:07:37,207 [pool-200-thread-1] INFO  server.RaftServerConfigKeys (ConfUtils.java:logGet(43)) - raft.server.rpc.timeout.min = 1s (custom)
2019-10-25 11:07:37,211 [Thread-3652] INFO  impl.FollowerState (FollowerState.java:run(117)) - e8f52f97-4cbf-4021-bc09-65b78a9dc21b@group-B334D6EBB589-FollowerState was interrupted: java.lang.InterruptedException: sleep interrupted
2019-10-25 11:07:37,211 [grpc-default-executor-7] INFO  impl.RoleInfo (RoleInfo.java:updateAndGet(143)) - e8f52f97-4cbf-4021-bc09-65b78a9dc21b: start FollowerState
2019-10-25 11:07:37,209 [pool-210-thread-1] INFO  server.RaftServerConfigKeys (ConfUtils.java:logGet(43)) - raft.server.sleep.deviation.threshold = 300 (default)
2019-10-25 11:07:37,211 [pool-200-thread-1] INFO  server.RaftServerConfigKeys (ConfUtils.java:logGet(43)) - raft.server.rpc.timeout.max = 1200ms (custom)
2019-10-25 11:07:37,212 [pool-210-thread-1] INFO  server.RaftServerConfigKeys (ConfUtils.java:logGet(43)) - raft.server.log.appender.install.snapshot.enabled = false (custom)
2019-10-25 11:07:37,212 [pool-200-thread-1] INFO  server.RaftServerConfigKeys (ConfUtils.java:logGet(43)) - raft.server.rpcslowness.timeout = 120s (custom)
2019-10-25 11:07:37,212 [pool-210-thread-1] INFO  impl.RaftServerImpl (ServerState.java:<init>(103)) - bdb27072-dd00-4d3b-a7da-41600e490ca3@group-49E82E920F3F: ConfigurationManager, init=-1: [7fad1e98-7a6b-4998-a30c-ec1ab88068bc:192.168.157.233:35716, bdb27072-dd00-4d3b-a7da-41600e490ca3:192.168.157.233:42906, f6cfa8a2-85ff-4bb9-a246-101c53d2d47b:192.168.157.233:44618], old=null, confs=<EMPTY_MAP>
2019-10-25 11:07:37,212 [pool-200-thread-1] INFO  server.RaftServerConfigKeys (ConfUtils.java:logGet(43)) - raft.server.sleep.deviation.threshold = 300 (default)
2019-10-25 11:07:37,212 [pool-210-thread-1] INFO  server.RaftServerConfigKeys (ConfUtils.java:logGet(43)) - raft.server.storage.dir = [/workdir/hadoop-ozone/integration-test/target/test-dir/MiniOzoneClusterImpl-0a85d326-9d58-4237-89dd-96557ce3dac1/datanode-6/data/ratis] (custom)
2019-10-25 11:07:37,212 [pool-200-thread-1] INFO  server.RaftServerConfigKeys (ConfUtils.java:logGet(43)) - raft.server.log.appender.install.snapshot.enabled = false (custom)
2019-10-25 11:07:37,213 [pool-200-thread-1] INFO  impl.RaftServerImpl (ServerState.java:<init>(103)) - 7fad1e98-7a6b-4998-a30c-ec1ab88068bc@group-49E82E920F3F: ConfigurationManager, init=-1: [7fad1e98-7a6b-4998-a30c-ec1ab88068bc:192.168.157.233:35716, bdb27072-dd00-4d3b-a7da-41600e490ca3:192.168.157.233:42906, f6cfa8a2-85ff-4bb9-a246-101c53d2d47b:192.168.157.233:44618], old=null, confs=<EMPTY_MAP>
2019-10-25 11:07:37,213 [pool-210-thread-1] INFO  server.RaftServerConfigKeys (ConfUtils.java:logGet(43)) - raft.server.log.corruption.policy = EXCEPTION (default)
2019-10-25 11:07:37,213 [pool-200-thread-1] INFO  server.RaftServerConfigKeys (ConfUtils.java:logGet(43)) - raft.server.storage.dir = [/workdir/hadoop-ozone/integration-test/target/test-dir/MiniOzoneClusterImpl-0a85d326-9d58-4237-89dd-96557ce3dac1/datanode-5/data/ratis] (custom)
2019-10-25 11:07:37,213 [pool-210-thread-1] INFO  storage.RaftStorageDirectory (RaftStorageDirectory.java:analyzeStorage(246)) - The storage directory /workdir/hadoop-ozone/integration-test/target/test-dir/MiniOzoneClusterImpl-0a85d326-9d58-4237-89dd-96557ce3dac1/datanode-6/data/ratis/f313221f-6c3f-46a6-988a-49e82e920f3f does not exist. Creating ...
2019-10-25 11:07:37,214 [pool-200-thread-1] INFO  server.RaftServerConfigKeys (ConfUtils.java:logGet(43)) - raft.server.log.corruption.policy = EXCEPTION (default)
2019-10-25 11:07:37,214 [pool-200-thread-1] INFO  storage.RaftStorageDirectory (RaftStorageDirectory.java:analyzeStorage(246)) - The storage directory /workdir/hadoop-ozone/integration-test/target/test-dir/MiniOzoneClusterImpl-0a85d326-9d58-4237-89dd-96557ce3dac1/datanode-5/data/ratis/f313221f-6c3f-46a6-988a-49e82e920f3f does not exist. Creating ...
2019-10-25 11:07:37,215 [pool-240-thread-1] INFO  storage.RaftStorageDirectory (RaftStorageDirectory.java:tryLock(328)) - Lock on /workdir/hadoop-ozone/integration-test/target/test-dir/MiniOzoneClusterImpl-0a85d326-9d58-4237-89dd-96557ce3dac1/datanode-9/data/ratis/f313221f-6c3f-46a6-988a-49e82e920f3f/in_use.lock acquired by nodename 23771@pr-hdds-2359-lls5b-3453883328
2019-10-25 11:07:37,216 [8a2c850d-503a-4b6a-9325-357a6554e10c@group-B334D6EBB589-LeaderElection428] INFO  impl.LeaderElection (LeaderElection.java:logAndReturn(56)) - 8a2c850d-503a-4b6a-9325-357a6554e10c@group-B334D6EBB589-LeaderElection428: Election PASSED; received 2 response(s) [8a2c850d-503a-4b6a-9325-357a6554e10c<-e8f52f97-4cbf-4021-bc09-65b78a9dc21b#0:OK-t1, 8a2c850d-503a-4b6a-9325-357a6554e10c<-f5dc0a75-b584-4700-be7c-7942c0d8117c#0:FAIL-t1] and 0 exception(s); 8a2c850d-503a-4b6a-9325-357a6554e10c@group-B334D6EBB589:t1, leader=null, voted=8a2c850d-503a-4b6a-9325-357a6554e10c, raftlog=8a2c850d-503a-4b6a-9325-357a6554e10c@group-B334D6EBB589-SegmentedRaftLog:OPENED:c-1,f-1,i0, conf=-1: [8a2c850d-503a-4b6a-9325-357a6554e10c:192.168.157.233:39046, e8f52f97-4cbf-4021-bc09-65b78a9dc21b:192.168.157.233:35183, f5dc0a75-b584-4700-be7c-7942c0d8117c:192.168.157.233:38534], old=null
2019-10-25 11:07:37,216 [f5dc0a75-b584-4700-be7c-7942c0d8117c@group-B334D6EBB589-LeaderElection430] INFO  impl.LeaderElection (LeaderElection.java:logAndReturn(56)) - f5dc0a75-b584-4700-be7c-7942c0d8117c@group-B334D6EBB589-LeaderElection430: Election REJECTED; received 2 response(s) [f5dc0a75-b584-4700-be7c-7942c0d8117c<-8a2c850d-503a-4b6a-9325-357a6554e10c#0:FAIL-t1, f5dc0a75-b584-4700-be7c-7942c0d8117c<-e8f52f97-4cbf-4021-bc09-65b78a9dc21b#0:FAIL-t1] and 0 exception(s); f5dc0a75-b584-4700-be7c-7942c0d8117c@group-B334D6EBB589:t1, leader=null, voted=f5dc0a75-b584-4700-be7c-7942c0d8117c, raftlog=f5dc0a75-b584-4700-be7c-7942c0d8117c@group-B334D6EBB589-SegmentedRaftLog:OPENED:c-1,f-1,i0, conf=-1: [8a2c850d-503a-4b6a-9325-357a6554e10c:192.168.157.233:39046, e8f52f97-4cbf-4021-bc09-65b78a9dc21b:192.168.157.233:35183, f5dc0a75-b584-4700-be7c-7942c0d8117c:192.168.157.233:38534], old=null
2019-10-25 11:07:37,216 [4ec993a1-c88d-4e26-9851-97b3046e33ae@group-04D1B0FD29CB-LeaderElection427] INFO  impl.LeaderElection (LeaderElection.java:logAndReturn(56)) - 4ec993a1-c88d-4e26-9851-97b3046e33ae@group-04D1B0FD29CB-LeaderElection427: Election PASSED; received 2 response(s) [4ec993a1-c88d-4e26-9851-97b3046e33ae<-d6e16d1d-13ec-4d5e-a095-b06e50bc05c8#0:FAIL-t1, 4ec993a1-c88d-4e26-9851-97b3046e33ae<-fd698530-c54c-4f87-b269-002f8f3935cd#0:OK-t1] and 0 exception(s); 4ec993a1-c88d-4e26-9851-97b3046e33ae@group-04D1B0FD29CB:t1, leader=null, voted=4ec993a1-c88d-4e26-9851-97b3046e33ae, raftlog=4ec993a1-c88d-4e26-9851-97b3046e33ae@group-04D1B0FD29CB-SegmentedRaftLog:OPENED:c-1,f-1,i0, conf=-1: [d6e16d1d-13ec-4d5e-a095-b06e50bc05c8:192.168.157.233:44794, fd698530-c54c-4f87-b269-002f8f3935cd:192.168.157.233:41166, 4ec993a1-c88d-4e26-9851-97b3046e33ae:192.168.157.233:41510], old=null
2019-10-25 11:07:37,216 [f5dc0a75-b584-4700-be7c-7942c0d8117c@group-B334D6EBB589-LeaderElection430] INFO  impl.RaftServerImpl (RaftServerImpl.java:setRole(184)) - f5dc0a75-b584-4700-be7c-7942c0d8117c@group-B334D6EBB589: changes role from CANDIDATE to FOLLOWER at term 1 for DISCOVERED_A_NEW_TERM
2019-10-25 11:07:37,216 [8a2c850d-503a-4b6a-9325-357a6554e10c@group-B334D6EBB589-LeaderElection428] INFO  impl.RoleInfo (RoleInfo.java:shutdownLeaderElection(134)) - 8a2c850d-503a-4b6a-9325-357a6554e10c: shutdown LeaderElection
2019-10-25 11:07:37,217 [8a2c850d-503a-4b6a-9325-357a6554e10c@group-B334D6EBB589-LeaderElection428] INFO  impl.RaftServerImpl (RaftServerImpl.java:setRole(184)) - 8a2c850d-503a-4b6a-9325-357a6554e10c@group-B334D6EBB589: changes role from CANDIDATE to LEADER at term 1 for changeToLeader
2019-10-25 11:07:37,216 [d6e16d1d-13ec-4d5e-a095-b06e50bc05c8@group-04D1B0FD29CB-LeaderElection429] INFO  impl.LeaderElection (LeaderElection.java:logAndReturn(56)) - d6e16d1d-13ec-4d5e-a095-b06e50bc05c8@group-04D1B0FD29CB-LeaderElection429: Election REJECTED; received 2 response(s) [d6e16d1d-13ec-4d5e-a095-b06e50bc05c8<-fd698530-c54c-4f87-b269-002f8f3935cd#0:FAIL-t1, d6e16d1d-13ec-4d5e-a095-b06e50bc05c8<-4ec993a1-c88d-4e26-9851-97b3046e33ae#0:FAIL-t1] and 0 exception(s); d6e16d1d-13ec-4d5e-a095-b06e50bc05c8@group-04D1B0FD29CB:t1, leader=null, voted=d6e16d1d-13ec-4d5e-a095-b06e50bc05c8, raftlog=d6e16d1d-13ec-4d5e-a095-b06e50bc05c8@group-04D1B0FD29CB-SegmentedRaftLog:OPENED:c-1,f-1,i0, conf=-1: [d6e16d1d-13ec-4d5e-a095-b06e50bc05c8:192.168.157.233:44794, fd698530-c54c-4f87-b269-002f8f3935cd:192.168.157.233:41166, 4ec993a1-c88d-4e26-9851-97b3046e33ae:192.168.157.233:41510], old=null
2019-10-25 11:07:37,217 [8a2c850d-503a-4b6a-9325-357a6554e10c@group-B334D6EBB589-LeaderElection428] INFO  impl.RaftServerImpl (ServerState.java:setLeader(256)) - 8a2c850d-503a-4b6a-9325-357a6554e10c@group-B334D6EBB589: change Leader from null to 8a2c850d-503a-4b6a-9325-357a6554e10c at term 1 for becomeLeader, leader elected after 135ms
2019-10-25 11:07:37,216 [f5dc0a75-b584-4700-be7c-7942c0d8117c@group-B334D6EBB589-LeaderElection430] INFO  impl.RoleInfo (RoleInfo.java:shutdownLeaderElection(134)) - f5dc0a75-b584-4700-be7c-7942c0d8117c: shutdown LeaderElection
2019-10-25 11:07:37,216 [4ec993a1-c88d-4e26-9851-97b3046e33ae@group-04D1B0FD29CB-LeaderElection427] INFO  impl.RoleInfo (RoleInfo.java:shutdownLeaderElection(134)) - 4ec993a1-c88d-4e26-9851-97b3046e33ae: shutdown LeaderElection
2019-10-25 11:07:37,217 [f5dc0a75-b584-4700-be7c-7942c0d8117c@group-B334D6EBB589-LeaderElection430] INFO  impl.RoleInfo (RoleInfo.java:updateAndGet(143)) - f5dc0a75-b584-4700-be7c-7942c0d8117c: start FollowerState
2019-10-25 11:07:37,217 [8a2c850d-503a-4b6a-9325-357a6554e10c@group-B334D6EBB589-LeaderElection428] INFO  server.RaftServerConfigKeys (ConfUtils.java:logGet(43)) - raft.server.staging.catchup.gap = 1000 (default)
2019-10-25 11:07:37,217 [d6e16d1d-13ec-4d5e-a095-b06e50bc05c8@group-04D1B0FD29CB-LeaderElection429] INFO  impl.RaftServerImpl (RaftServerImpl.java:setRole(184)) - d6e16d1d-13ec-4d5e-a095-b06e50bc05c8@group-04D1B0FD29CB: changes role from CANDIDATE to FOLLOWER at term 1 for DISCOVERED_A_NEW_TERM
2019-10-25 11:07:37,217 [8a2c850d-503a-4b6a-9325-357a6554e10c@group-B334D6EBB589-LeaderElection428] INFO  server.RaftServerConfigKeys (ConfUtils.java:logGet(43)) - raft.server.rpc.sleep.time = 25ms (default)
2019-10-25 11:07:37,217 [4ec993a1-c88d-4e26-9851-97b3046e33ae@group-04D1B0FD29CB-LeaderElection427] INFO  impl.RaftServerImpl (RaftServerImpl.java:setRole(184)) - 4ec993a1-c88d-4e26-9851-97b3046e33ae@group-04D1B0FD29CB: changes role from CANDIDATE to LEADER at term 1 for changeToLeader
2019-10-25 11:07:37,218 [8a2c850d-503a-4b6a-9325-357a6554e10c@group-B334D6EBB589-LeaderElection428] INFO  server.RaftServerConfigKeys (ConfUtils.java:logGet(43)) - raft.server.write.element-limit = 4096 (default)
2019-10-25 11:07:37,217 [d6e16d1d-13ec-4d5e-a095-b06e50bc05c8@group-04D1B0FD29CB-LeaderElection429] INFO  impl.RoleInfo (RoleInfo.java:shutdownLeaderElection(134)) - d6e16d1d-13ec-4d5e-a095-b06e50bc05c8: shutdown LeaderElection
2019-10-25 11:07:37,218 [8a2c850d-503a-4b6a-9325-357a6554e10c@group-B334D6EBB589-LeaderElection428] INFO  server.RaftServerConfigKeys (ConfUtils.java:logGet(43)) - raft.server.watch.timeout = 10s (default)
2019-10-25 11:07:37,218 [4ec993a1-c88d-4e26-9851-97b3046e33ae@group-04D1B0FD29CB-LeaderElection427] INFO  impl.RaftServerImpl (ServerState.java:setLeader(256)) - 4ec993a1-c88d-4e26-9851-97b3046e33ae@group-04D1B0FD29CB: change Leader from null to 4ec993a1-c88d-4e26-9851-97b3046e33ae at term 1 for becomeLeader, leader elected after 207ms
2019-10-25 11:07:37,218 [8a2c850d-503a-4b6a-9325-357a6554e10c@group-B334D6EBB589-LeaderElection428] INFO  server.RaftServerConfigKeys (ConfUtils.java:logGet(43)) - raft.server.watch.timeout.denomination = 1s (default)
2019-10-25 11:07:37,218 [d6e16d1d-13ec-4d5e-a095-b06e50bc05c8@group-04D1B0FD29CB-LeaderElection429] INFO  impl.RoleInfo (RoleInfo.java:updateAndGet(143)) - d6e16d1d-13ec-4d5e-a095-b06e50bc05c8: start FollowerState
2019-10-25 11:07:37,218 [8a2c850d-503a-4b6a-9325-357a6554e10c@group-B334D6EBB589-LeaderElection428] INFO  server.RaftServerConfigKeys (ConfUtils.java:logGet(43)) - raft.server.watch.element-limit = 65536 (default)
2019-10-25 11:07:37,218 [4ec993a1-c88d-4e26-9851-97b3046e33ae@group-04D1B0FD29CB-LeaderElection427] INFO  server.RaftServerConfigKeys (ConfUtils.java:logGet(43)) - raft.server.staging.catchup.gap = 1000 (default)
2019-10-25 11:07:37,218 [4ec993a1-c88d-4e26-9851-97b3046e33ae@group-04D1B0FD29CB-LeaderElection427] INFO  server.RaftServerConfigKeys (ConfUtils.java:logGet(43)) - raft.server.rpc.sleep.time = 25ms (default)
2019-10-25 11:07:37,219 [pool-200-thread-1] INFO  storage.RaftStorageDirectory (RaftStorageDirectory.java:tryLock(328)) - Lock on /workdir/hadoop-ozone/integration-test/target/test-dir/MiniOzoneClusterImpl-0a85d326-9d58-4237-89dd-96557ce3dac1/datanode-5/data/ratis/f313221f-6c3f-46a6-988a-49e82e920f3f/in_use.lock acquired by nodename 23771@pr-hdds-2359-lls5b-3453883328
2019-10-25 11:07:37,219 [pool-210-thread-1] INFO  storage.RaftStorageDirectory (RaftStorageDirectory.java:tryLock(328)) - Lock on /workdir/hadoop-ozone/integration-test/target/test-dir/MiniOzoneClusterImpl-0a85d326-9d58-4237-89dd-96557ce3dac1/datanode-6/data/ratis/f313221f-6c3f-46a6-988a-49e82e920f3f/in_use.lock acquired by nodename 23771@pr-hdds-2359-lls5b-3453883328
2019-10-25 11:07:37,219 [4ec993a1-c88d-4e26-9851-97b3046e33ae@group-04D1B0FD29CB-LeaderElection427] INFO  server.RaftServerConfigKeys (ConfUtils.java:logGet(43)) - raft.server.write.element-limit = 4096 (default)
2019-10-25 11:07:37,219 [pool-240-thread-1] INFO  storage.RaftStorage (RaftStorage.java:format(84)) - Storage directory /workdir/hadoop-ozone/integration-test/target/test-dir/MiniOzoneClusterImpl-0a85d326-9d58-4237-89dd-96557ce3dac1/datanode-9/data/ratis/f313221f-6c3f-46a6-988a-49e82e920f3f has been successfully formatted.
2019-10-25 11:07:37,219 [4ec993a1-c88d-4e26-9851-97b3046e33ae@group-04D1B0FD29CB-LeaderElection427] INFO  server.RaftServerConfigKeys (ConfUtils.java:logGet(43)) - raft.server.watch.timeout = 10s (default)
2019-10-25 11:07:37,219 [pool-240-thread-1] INFO  ratis.ContainerStateMachine (ContainerStateMachine.java:loadSnapshot(231)) - group-49E82E920F3F: The snapshot info is null. Setting the last applied indexto:(t:0, i:~)
2019-10-25 11:07:37,219 [4ec993a1-c88d-4e26-9851-97b3046e33ae@group-04D1B0FD29CB-LeaderElection427] INFO  server.RaftServerConfigKeys (ConfUtils.java:logGet(43)) - raft.server.watch.timeout.denomination = 1s (default)
2019-10-25 11:07:37,219 [pool-240-thread-1] INFO  server.RaftServerConfigKeys (ConfUtils.java:logGet(43)) - raft.server.notification.no-leader.timeout = 120s (custom)
2019-10-25 11:07:37,219 [4ec993a1-c88d-4e26-9851-97b3046e33ae@group-04D1B0FD29CB-LeaderElection427] INFO  server.RaftServerConfigKeys (ConfUtils.java:logGet(43)) - raft.server.watch.element-limit = 65536 (default)
2019-10-25 11:07:37,219 [pool-240-thread-1] INFO  server.RaftServerConfigKeys (ConfUtils.java:logGet(43)) - raft.server.log.use.memory = false (default)
2019-10-25 11:07:37,220 [pool-240-thread-1] INFO  server.RaftServerConfigKeys (ConfUtils.java:logGet(43)) - raft.server.log.purge.gap = 1000000 (custom)
2019-10-25 11:07:37,220 [pool-240-thread-1] INFO  server.RaftServerConfigKeys (ConfUtils.java:logGet(43)) - raft.server.log.appender.buffer.byte-limit = 33554432 (custom)
2019-10-25 11:07:37,220 [pool-240-thread-1] INFO  server.RaftServerConfigKeys (ConfUtils.java:logGet(43)) - raft.server.log.segment.size.max = 1048576 (custom)
2019-10-25 11:07:37,220 [8a2c850d-503a-4b6a-9325-357a6554e10c@group-B334D6EBB589-LeaderElection428] INFO  server.RaftServerConfigKeys (ConfUtils.java:logGet(43)) - raft.server.log.appender.snapshot.chunk.size.max = 16MB (=16777216) (default)
2019-10-25 11:07:37,220 [pool-240-thread-1] INFO  server.RaftServerConfigKeys (ConfUtils.java:logGet(43)) - raft.server.log.segment.cache.num.max = 2 (custom)
2019-10-25 11:07:37,220 [8a2c850d-503a-4b6a-9325-357a6554e10c@group-B334D6EBB589-LeaderElection428] INFO  server.RaftServerConfigKeys (ConfUtils.java:logGet(43)) - raft.server.log.appender.buffer.byte-limit = 33554432 (custom)
2019-10-25 11:07:37,220 [pool-240-thread-1] INFO  segmented.SegmentedRaftLogWorker (SegmentedRaftLogWorker.java:<init>(173)) - new f6cfa8a2-85ff-4bb9-a246-101c53d2d47b@group-49E82E920F3F-SegmentedRaftLogWorker for RaftStorage:Storage Directory /workdir/hadoop-ozone/integration-test/target/test-dir/MiniOzoneClusterImpl-0a85d326-9d58-4237-89dd-96557ce3dac1/datanode-9/data/ratis/f313221f-6c3f-46a6-988a-49e82e920f3f
2019-10-25 11:07:37,220 [8a2c850d-503a-4b6a-9325-357a6554e10c@group-B334D6EBB589-LeaderElection428] INFO  server.RaftServerConfigKeys (ConfUtils.java:logGet(43)) - raft.server.log.appender.buffer.element-limit = 1 (custom)
2019-10-25 11:07:37,220 [pool-240-thread-1] INFO  server.RaftServerConfigKeys (ConfUtils.java:logGet(43)) - raft.server.log.queue.byte-limit = 2147483647 (custom)
2019-10-25 11:07:37,220 [pool-240-thread-1] INFO  server.RaftServerConfigKeys (ConfUtils.java:logGet(43)) - raft.server.log.queue.element-limit = 1024 (custom)
2019-10-25 11:07:37,220 [8a2c850d-503a-4b6a-9325-357a6554e10c@group-B334D6EBB589-LeaderElection428] INFO  grpc.GrpcConfigKeys$Server (ConfUtils.java:logGet(43)) - raft.grpc.server.leader.outstanding.appends.max = 128 (default)
2019-10-25 11:07:37,221 [pool-240-thread-1] INFO  server.RaftServerConfigKeys (ConfUtils.java:logGet(43)) - raft.server.log.segment.size.max = 1048576 (custom)
2019-10-25 11:07:37,221 [8a2c850d-503a-4b6a-9325-357a6554e10c@group-B334D6EBB589-LeaderElection428] INFO  server.RaftServerConfigKeys (ConfUtils.java:logGet(43)) - raft.server.rpc.request.timeout = 3000ms (default)
2019-10-25 11:07:37,221 [pool-240-thread-1] INFO  server.RaftServerConfigKeys (ConfUtils.java:logGet(43)) - raft.server.log.preallocated.size = 16384 (custom)
2019-10-25 11:07:37,221 [8a2c850d-503a-4b6a-9325-357a6554e10c@group-B334D6EBB589-LeaderElection428] INFO  server.RaftServerConfigKeys (ConfUtils.java:logGet(43)) - raft.server.log.appender.install.snapshot.enabled = false (custom)
2019-10-25 11:07:37,221 [4ec993a1-c88d-4e26-9851-97b3046e33ae@group-04D1B0FD29CB-LeaderElection427] INFO  server.RaftServerConfigKeys (ConfUtils.java:logGet(43)) - raft.server.log.appender.snapshot.chunk.size.max = 16MB (=16777216) (default)
2019-10-25 11:07:37,221 [pool-240-thread-1] INFO  server.RaftServerConfigKeys (ConfUtils.java:logGet(43)) - raft.server.log.write.buffer.size = 33554432 (custom)
2019-10-25 11:07:37,221 [4ec993a1-c88d-4e26-9851-97b3046e33ae@group-04D1B0FD29CB-LeaderElection427] INFO  server.RaftServerConfigKeys (ConfUtils.java:logGet(43)) - raft.server.log.appender.buffer.byte-limit = 33554432 (custom)
2019-10-25 11:07:37,221 [pool-240-thread-1] INFO  server.RaftServerConfigKeys (ConfUtils.java:logGet(43)) - raft.server.log.force.sync.num = 128 (default)
2019-10-25 11:07:37,221 [4ec993a1-c88d-4e26-9851-97b3046e33ae@group-04D1B0FD29CB-LeaderElection427] INFO  server.RaftServerConfigKeys (ConfUtils.java:logGet(43)) - raft.server.log.appender.buffer.element-limit = 1 (custom)
2019-10-25 11:07:37,221 [pool-240-thread-1] INFO  server.RaftServerConfigKeys (ConfUtils.java:logGet(43)) - raft.server.log.statemachine.data.sync = true (default)
2019-10-25 11:07:37,222 [4ec993a1-c88d-4e26-9851-97b3046e33ae@group-04D1B0FD29CB-LeaderElection427] INFO  grpc.GrpcConfigKeys$Server (ConfUtils.java:logGet(43)) - raft.grpc.server.leader.outstanding.appends.max = 128 (default)
2019-10-25 11:07:37,222 [pool-240-thread-1] INFO  server.RaftServerConfigKeys (ConfUtils.java:logGet(43)) - raft.server.log.statemachine.data.sync.timeout = 10s (default)
2019-10-25 11:07:37,222 [4ec993a1-c88d-4e26-9851-97b3046e33ae@group-04D1B0FD29CB-LeaderElection427] INFO  server.RaftServerConfigKeys (ConfUtils.java:logGet(43)) - raft.server.rpc.request.timeout = 3000ms (default)
2019-10-25 11:07:37,222 [pool-240-thread-1] INFO  server.RaftServerConfigKeys (ConfUtils.java:logGet(43)) - raft.server.log.statemachine.data.sync.timeout.retry = -1 (default)
2019-10-25 11:07:37,222 [4ec993a1-c88d-4e26-9851-97b3046e33ae@group-04D1B0FD29CB-LeaderElection427] INFO  server.RaftServerConfigKeys (ConfUtils.java:logGet(43)) - raft.server.log.appender.install.snapshot.enabled = false (custom)
2019-10-25 11:07:37,222 [pool-240-thread-1] INFO  server.RaftServerConfigKeys (ConfUtils.java:logGet(43)) - raft.server.log.statemachine.data.caching.enabled = true (custom)
2019-10-25 11:07:37,222 [8a2c850d-503a-4b6a-9325-357a6554e10c@group-B334D6EBB589-LeaderElection428] INFO  server.RaftServerConfigKeys (ConfUtils.java:logGet(43)) - raft.server.log.appender.snapshot.chunk.size.max = 16MB (=16777216) (default)
2019-10-25 11:07:37,222 [8a2c850d-503a-4b6a-9325-357a6554e10c@group-B334D6EBB589-LeaderElection428] INFO  server.RaftServerConfigKeys (ConfUtils.java:logGet(43)) - raft.server.log.appender.buffer.byte-limit = 33554432 (custom)
2019-10-25 11:07:37,222 [pool-240-thread-1] INFO  segmented.SegmentedRaftLogWorker (SegmentedRaftLogWorker.java:lambda$new$0(128)) - f6cfa8a2-85ff-4bb9-a246-101c53d2d47b@group-49E82E920F3F-SegmentedRaftLogWorker: flushIndex: setUnconditionally 0 -> -1
2019-10-25 11:07:37,222 [8a2c850d-503a-4b6a-9325-357a6554e10c@group-B334D6EBB589-LeaderElection428] INFO  server.RaftServerConfigKeys (ConfUtils.java:logGet(43)) - raft.server.log.appender.buffer.element-limit = 1 (custom)
2019-10-25 11:07:37,223 [pool-240-thread-1] INFO  server.RaftServerConfigKeys (ConfUtils.java:logGet(43)) - raft.server.snapshot.auto.trigger.enabled = true (custom)
2019-10-25 11:07:37,223 [8a2c850d-503a-4b6a-9325-357a6554e10c@group-B334D6EBB589-LeaderElection428] INFO  grpc.GrpcConfigKeys$Server (ConfUtils.java:logGet(43)) - raft.grpc.server.leader.outstanding.appends.max = 128 (default)
2019-10-25 11:07:37,223 [pool-240-thread-1] INFO  server.RaftServerConfigKeys (ConfUtils.java:logGet(43)) - raft.server.snapshot.auto.trigger.threshold = 10000 (custom)
2019-10-25 11:07:37,223 [8a2c850d-503a-4b6a-9325-357a6554e10c@group-B334D6EBB589-LeaderElection428] INFO  server.RaftServerConfigKeys (ConfUtils.java:logGet(43)) - raft.server.rpc.request.timeout = 3000ms (default)
2019-10-25 11:07:37,223 [pool-240-thread-1] INFO  server.RaftServerConfigKeys (ConfUtils.java:logGet(43)) - raft.server.snapshot.retention.file.num = 5 (custom)
2019-10-25 11:07:37,223 [8a2c850d-503a-4b6a-9325-357a6554e10c@group-B334D6EBB589-LeaderElection428] INFO  server.RaftServerConfigKeys (ConfUtils.java:logGet(43)) - raft.server.log.appender.install.snapshot.enabled = false (custom)
2019-10-25 11:07:37,223 [pool-240-thread-1] INFO  server.RaftServerConfigKeys (ConfUtils.java:logGet(43)) - raft.server.retrycache.expirytime = 600000ms (custom)
2019-10-25 11:07:37,224 [4ec993a1-c88d-4e26-9851-97b3046e33ae@group-04D1B0FD29CB-LeaderElection427] INFO  server.RaftServerConfigKeys (ConfUtils.java:logGet(43)) - raft.server.log.appender.snapshot.chunk.size.max = 16MB (=16777216) (default)
2019-10-25 11:07:37,224 [4ec993a1-c88d-4e26-9851-97b3046e33ae@group-04D1B0FD29CB-LeaderElection427] INFO  server.RaftServerConfigKeys (ConfUtils.java:logGet(43)) - raft.server.log.appender.buffer.byte-limit = 33554432 (custom)
2019-10-25 11:07:37,224 [4ec993a1-c88d-4e26-9851-97b3046e33ae@group-04D1B0FD29CB-LeaderElection427] INFO  server.RaftServerConfigKeys (ConfUtils.java:logGet(43)) - raft.server.log.appender.buffer.element-limit = 1 (custom)
2019-10-25 11:07:37,224 [4ec993a1-c88d-4e26-9851-97b3046e33ae@group-04D1B0FD29CB-LeaderElection427] INFO  grpc.GrpcConfigKeys$Server (ConfUtils.java:logGet(43)) - raft.grpc.server.leader.outstanding.appends.max = 128 (default)
2019-10-25 11:07:37,224 [4ec993a1-c88d-4e26-9851-97b3046e33ae@group-04D1B0FD29CB-LeaderElection427] INFO  server.RaftServerConfigKeys (ConfUtils.java:logGet(43)) - raft.server.rpc.request.timeout = 3000ms (default)
2019-10-25 11:07:37,224 [4ec993a1-c88d-4e26-9851-97b3046e33ae@group-04D1B0FD29CB-LeaderElection427] INFO  server.RaftServerConfigKeys (ConfUtils.java:logGet(43)) - raft.server.log.appender.install.snapshot.enabled = false (custom)
2019-10-25 11:07:37,225 [8a2c850d-503a-4b6a-9325-357a6554e10c@group-B334D6EBB589-LeaderElection428] INFO  impl.RoleInfo (RoleInfo.java:updateAndGet(143)) - 8a2c850d-503a-4b6a-9325-357a6554e10c: start LeaderState
2019-10-25 11:07:37,226 [8a2c850d-503a-4b6a-9325-357a6554e10c@group-B334D6EBB589-LeaderElection428] INFO  segmented.SegmentedRaftLogWorker (SegmentedRaftLogWorker.java:startLogSegment(385)) - 8a2c850d-503a-4b6a-9325-357a6554e10c@group-B334D6EBB589-SegmentedRaftLogWorker: Starting segment from index:0
2019-10-25 11:07:37,226 [pool-240-thread-1] INFO  impl.RaftServerImpl (RaftServerImpl.java:start(195)) - f6cfa8a2-85ff-4bb9-a246-101c53d2d47b@group-49E82E920F3F: start as a follower, conf=-1: [7fad1e98-7a6b-4998-a30c-ec1ab88068bc:192.168.157.233:35716, bdb27072-dd00-4d3b-a7da-41600e490ca3:192.168.157.233:42906, f6cfa8a2-85ff-4bb9-a246-101c53d2d47b:192.168.157.233:44618], old=null
2019-10-25 11:07:37,226 [pool-240-thread-1] INFO  impl.RaftServerImpl (RaftServerImpl.java:setRole(184)) - f6cfa8a2-85ff-4bb9-a246-101c53d2d47b@group-49E82E920F3F: changes role from      null to FOLLOWER at term 0 for startAsFollower
2019-10-25 11:07:37,226 [pool-240-thread-1] INFO  impl.RoleInfo (RoleInfo.java:updateAndGet(143)) - f6cfa8a2-85ff-4bb9-a246-101c53d2d47b: start FollowerState
2019-10-25 11:07:37,226 [pool-240-thread-1] INFO  util.JmxRegister (JmxRegister.java:tryRegister(44)) - Successfully registered JMX Bean with object name Ratis:service=RaftServer,group=group-49E82E920F3F,id=f6cfa8a2-85ff-4bb9-a246-101c53d2d47b
2019-10-25 11:07:37,226 [8a2c850d-503a-4b6a-9325-357a6554e10c@group-B334D6EBB589-LeaderElection428] INFO  impl.RaftServerImpl (ServerState.java:setRaftConf(357)) - 8a2c850d-503a-4b6a-9325-357a6554e10c@group-B334D6EBB589: set configuration 0: [8a2c850d-503a-4b6a-9325-357a6554e10c:192.168.157.233:39046, e8f52f97-4cbf-4021-bc09-65b78a9dc21b:192.168.157.233:35183, f5dc0a75-b584-4700-be7c-7942c0d8117c:192.168.157.233:38534], old=null at 0
2019-10-25 11:07:37,227 [4ec993a1-c88d-4e26-9851-97b3046e33ae@group-04D1B0FD29CB-LeaderElection427] INFO  impl.RoleInfo (RoleInfo.java:updateAndGet(143)) - 4ec993a1-c88d-4e26-9851-97b3046e33ae: start LeaderState
2019-10-25 11:07:37,227 [4ec993a1-c88d-4e26-9851-97b3046e33ae@group-04D1B0FD29CB-LeaderElection427] INFO  segmented.SegmentedRaftLogWorker (SegmentedRaftLogWorker.java:startLogSegment(385)) - 4ec993a1-c88d-4e26-9851-97b3046e33ae@group-04D1B0FD29CB-SegmentedRaftLogWorker: Starting segment from index:0
2019-10-25 11:07:37,228 [4ec993a1-c88d-4e26-9851-97b3046e33ae@group-04D1B0FD29CB-LeaderElection427] INFO  impl.RaftServerImpl (ServerState.java:setRaftConf(357)) - 4ec993a1-c88d-4e26-9851-97b3046e33ae@group-04D1B0FD29CB: set configuration 0: [d6e16d1d-13ec-4d5e-a095-b06e50bc05c8:192.168.157.233:44794, fd698530-c54c-4f87-b269-002f8f3935cd:192.168.157.233:41166, 4ec993a1-c88d-4e26-9851-97b3046e33ae:192.168.157.233:41510], old=null at 0
2019-10-25 11:07:37,228 [grpc-default-executor-5] INFO  impl.RaftServerImpl (ServerState.java:setLeader(256)) - f5dc0a75-b584-4700-be7c-7942c0d8117c@group-B334D6EBB589: change Leader from null to 8a2c850d-503a-4b6a-9325-357a6554e10c at term 1 for appendEntries, leader elected after 147ms
2019-10-25 11:07:37,228 [grpc-default-executor-1] INFO  impl.RaftServerImpl (ServerState.java:setLeader(256)) - e8f52f97-4cbf-4021-bc09-65b78a9dc21b@group-B334D6EBB589: change Leader from null to 8a2c850d-503a-4b6a-9325-357a6554e10c at term 1 for appendEntries, leader elected after 147ms
2019-10-25 11:07:37,230 [grpc-default-executor-1] INFO  impl.RaftServerImpl (ServerState.java:setLeader(256)) - fd698530-c54c-4f87-b269-002f8f3935cd@group-04D1B0FD29CB: change Leader from null to 4ec993a1-c88d-4e26-9851-97b3046e33ae at term 1 for appendEntries, leader elected after 219ms
2019-10-25 11:07:37,231 [grpc-default-executor-5] INFO  impl.RaftServerImpl (ServerState.java:setRaftConf(357)) - f5dc0a75-b584-4700-be7c-7942c0d8117c@group-B334D6EBB589: set configuration 0: [8a2c850d-503a-4b6a-9325-357a6554e10c:192.168.157.233:39046, e8f52f97-4cbf-4021-bc09-65b78a9dc21b:192.168.157.233:35183, f5dc0a75-b584-4700-be7c-7942c0d8117c:192.168.157.233:38534], old=null at 0
2019-10-25 11:07:37,231 [grpc-default-executor-1] INFO  impl.RaftServerImpl (ServerState.java:setRaftConf(357)) - e8f52f97-4cbf-4021-bc09-65b78a9dc21b@group-B334D6EBB589: set configuration 0: [8a2c850d-503a-4b6a-9325-357a6554e10c:192.168.157.233:39046, e8f52f97-4cbf-4021-bc09-65b78a9dc21b:192.168.157.233:35183, f5dc0a75-b584-4700-be7c-7942c0d8117c:192.168.157.233:38534], old=null at 0
2019-10-25 11:07:37,231 [grpc-default-executor-5] INFO  segmented.SegmentedRaftLogWorker (SegmentedRaftLogWorker.java:startLogSegment(385)) - f5dc0a75-b584-4700-be7c-7942c0d8117c@group-B334D6EBB589-SegmentedRaftLogWorker: Starting segment from index:0
2019-10-25 11:07:37,231 [grpc-default-executor-1] INFO  segmented.SegmentedRaftLogWorker (SegmentedRaftLogWorker.java:startLogSegment(385)) - e8f52f97-4cbf-4021-bc09-65b78a9dc21b@group-B334D6EBB589-SegmentedRaftLogWorker: Starting segment from index:0
2019-10-25 11:07:37,232 [grpc-default-executor-4] INFO  impl.RaftServerImpl (ServerState.java:setLeader(256)) - d6e16d1d-13ec-4d5e-a095-b06e50bc05c8@group-04D1B0FD29CB: change Leader from null to 4ec993a1-c88d-4e26-9851-97b3046e33ae at term 1 for appendEntries, leader elected after 221ms
2019-10-25 11:07:37,232 [pool-200-thread-1] INFO  storage.RaftStorage (RaftStorage.java:format(84)) - Storage directory /workdir/hadoop-ozone/integration-test/target/test-dir/MiniOzoneClusterImpl-0a85d326-9d58-4237-89dd-96557ce3dac1/datanode-5/data/ratis/f313221f-6c3f-46a6-988a-49e82e920f3f has been successfully formatted.
2019-10-25 11:07:37,232 [pool-210-thread-1] INFO  storage.RaftStorage (RaftStorage.java:format(84)) - Storage directory /workdir/hadoop-ozone/integration-test/target/test-dir/MiniOzoneClusterImpl-0a85d326-9d58-4237-89dd-96557ce3dac1/datanode-6/data/ratis/f313221f-6c3f-46a6-988a-49e82e920f3f has been successfully formatted.
2019-10-25 11:07:37,232 [grpc-default-executor-5] INFO  impl.RaftServerImpl (ServerState.java:setRaftConf(357)) - fd698530-c54c-4f87-b269-002f8f3935cd@group-04D1B0FD29CB: set configuration 0: [d6e16d1d-13ec-4d5e-a095-b06e50bc05c8:192.168.157.233:44794, fd698530-c54c-4f87-b269-002f8f3935cd:192.168.157.233:41166, 4ec993a1-c88d-4e26-9851-97b3046e33ae:192.168.157.233:41510], old=null at 0
2019-10-25 11:07:37,232 [pool-200-thread-1] INFO  ratis.ContainerStateMachine (ContainerStateMachine.java:loadSnapshot(231)) - group-49E82E920F3F: The snapshot info is null. Setting the last applied indexto:(t:0, i:~)
2019-10-25 11:07:37,232 [grpc-default-executor-5] INFO  segmented.SegmentedRaftLogWorker (SegmentedRaftLogWorker.java:startLogSegment(385)) - fd698530-c54c-4f87-b269-002f8f3935cd@group-04D1B0FD29CB-SegmentedRaftLogWorker: Starting segment from index:0
2019-10-25 11:07:37,232 [pool-210-thread-1] INFO  ratis.ContainerStateMachine (ContainerStateMachine.java:loadSnapshot(231)) - group-49E82E920F3F: The snapshot info is null. Setting the last applied indexto:(t:0, i:~)
2019-10-25 11:07:37,232 [pool-200-thread-1] INFO  server.RaftServerConfigKeys (ConfUtils.java:logGet(43)) - raft.server.notification.no-leader.timeout = 120s (custom)
2019-10-25 11:07:37,232 [pool-210-thread-1] INFO  server.RaftServerConfigKeys (ConfUtils.java:logGet(43)) - raft.server.notification.no-leader.timeout = 120s (custom)
2019-10-25 11:07:37,233 [pool-200-thread-1] INFO  server.RaftServerConfigKeys (ConfUtils.java:logGet(43)) - raft.server.log.use.memory = false (default)
2019-10-25 11:07:37,233 [pool-210-thread-1] INFO  server.RaftServerConfigKeys (ConfUtils.java:logGet(43)) - raft.server.log.use.memory = false (default)
2019-10-25 11:07:37,233 [pool-210-thread-1] INFO  server.RaftServerConfigKeys (ConfUtils.java:logGet(43)) - raft.server.log.purge.gap = 1000000 (custom)
2019-10-25 11:07:37,233 [pool-200-thread-1] INFO  server.RaftServerConfigKeys (ConfUtils.java:logGet(43)) - raft.server.log.purge.gap = 1000000 (custom)
2019-10-25 11:07:37,233 [pool-210-thread-1] INFO  server.RaftServerConfigKeys (ConfUtils.java:logGet(43)) - raft.server.log.appender.buffer.byte-limit = 33554432 (custom)
2019-10-25 11:07:37,233 [pool-200-thread-1] INFO  server.RaftServerConfigKeys (ConfUtils.java:logGet(43)) - raft.server.log.appender.buffer.byte-limit = 33554432 (custom)
2019-10-25 11:07:37,233 [pool-210-thread-1] INFO  server.RaftServerConfigKeys (ConfUtils.java:logGet(43)) - raft.server.log.segment.size.max = 1048576 (custom)
2019-10-25 11:07:37,233 [pool-200-thread-1] INFO  server.RaftServerConfigKeys (ConfUtils.java:logGet(43)) - raft.server.log.segment.size.max = 1048576 (custom)
2019-10-25 11:07:37,233 [grpc-default-executor-5] INFO  impl.RaftServerImpl (ServerState.java:setRaftConf(357)) - d6e16d1d-13ec-4d5e-a095-b06e50bc05c8@group-04D1B0FD29CB: set configuration 0: [d6e16d1d-13ec-4d5e-a095-b06e50bc05c8:192.168.157.233:44794, fd698530-c54c-4f87-b269-002f8f3935cd:192.168.157.233:41166, 4ec993a1-c88d-4e26-9851-97b3046e33ae:192.168.157.233:41510], old=null at 0
2019-10-25 11:07:37,233 [pool-210-thread-1] INFO  server.RaftServerConfigKeys (ConfUtils.java:logGet(43)) - raft.server.log.segment.cache.num.max = 2 (custom)
2019-10-25 11:07:37,234 [grpc-default-executor-5] INFO  segmented.SegmentedRaftLogWorker (SegmentedRaftLogWorker.java:startLogSegment(385)) - d6e16d1d-13ec-4d5e-a095-b06e50bc05c8@group-04D1B0FD29CB-SegmentedRaftLogWorker: Starting segment from index:0
2019-10-25 11:07:37,233 [pool-200-thread-1] INFO  server.RaftServerConfigKeys (ConfUtils.java:logGet(43)) - raft.server.log.segment.cache.num.max = 2 (custom)
2019-10-25 11:07:37,234 [pool-210-thread-1] INFO  segmented.SegmentedRaftLogWorker (SegmentedRaftLogWorker.java:<init>(173)) - new bdb27072-dd00-4d3b-a7da-41600e490ca3@group-49E82E920F3F-SegmentedRaftLogWorker for RaftStorage:Storage Directory /workdir/hadoop-ozone/integration-test/target/test-dir/MiniOzoneClusterImpl-0a85d326-9d58-4237-89dd-96557ce3dac1/datanode-6/data/ratis/f313221f-6c3f-46a6-988a-49e82e920f3f
2019-10-25 11:07:37,234 [pool-200-thread-1] INFO  segmented.SegmentedRaftLogWorker (SegmentedRaftLogWorker.java:<init>(173)) - new 7fad1e98-7a6b-4998-a30c-ec1ab88068bc@group-49E82E920F3F-SegmentedRaftLogWorker for RaftStorage:Storage Directory /workdir/hadoop-ozone/integration-test/target/test-dir/MiniOzoneClusterImpl-0a85d326-9d58-4237-89dd-96557ce3dac1/datanode-5/data/ratis/f313221f-6c3f-46a6-988a-49e82e920f3f
2019-10-25 11:07:37,234 [pool-210-thread-1] INFO  server.RaftServerConfigKeys (ConfUtils.java:logGet(43)) - raft.server.log.queue.byte-limit = 2147483647 (custom)
2019-10-25 11:07:37,234 [pool-200-thread-1] INFO  server.RaftServerConfigKeys (ConfUtils.java:logGet(43)) - raft.server.log.queue.byte-limit = 2147483647 (custom)
2019-10-25 11:07:37,234 [pool-210-thread-1] INFO  server.RaftServerConfigKeys (ConfUtils.java:logGet(43)) - raft.server.log.queue.element-limit = 1024 (custom)
2019-10-25 11:07:37,234 [pool-200-thread-1] INFO  server.RaftServerConfigKeys (ConfUtils.java:logGet(43)) - raft.server.log.queue.element-limit = 1024 (custom)
2019-10-25 11:07:37,234 [pool-210-thread-1] INFO  server.RaftServerConfigKeys (ConfUtils.java:logGet(43)) - raft.server.log.segment.size.max = 1048576 (custom)
2019-10-25 11:07:37,234 [pool-200-thread-1] INFO  server.RaftServerConfigKeys (ConfUtils.java:logGet(43)) - raft.server.log.segment.size.max = 1048576 (custom)
2019-10-25 11:07:37,234 [pool-210-thread-1] INFO  server.RaftServerConfigKeys (ConfUtils.java:logGet(43)) - raft.server.log.preallocated.size = 16384 (custom)
2019-10-25 11:07:37,235 [pool-200-thread-1] INFO  server.RaftServerConfigKeys (ConfUtils.java:logGet(43)) - raft.server.log.preallocated.size = 16384 (custom)
2019-10-25 11:07:37,235 [pool-210-thread-1] INFO  server.RaftServerConfigKeys (ConfUtils.java:logGet(43)) - raft.server.log.write.buffer.size = 33554432 (custom)
2019-10-25 11:07:37,235 [pool-200-thread-1] INFO  server.RaftServerConfigKeys (ConfUtils.java:logGet(43)) - raft.server.log.write.buffer.size = 33554432 (custom)
2019-10-25 11:07:37,235 [pool-210-thread-1] INFO  server.RaftServerConfigKeys (ConfUtils.java:logGet(43)) - raft.server.log.force.sync.num = 128 (default)
2019-10-25 11:07:37,235 [pool-200-thread-1] INFO  server.RaftServerConfigKeys (ConfUtils.java:logGet(43)) - raft.server.log.force.sync.num = 128 (default)
2019-10-25 11:07:37,235 [pool-210-thread-1] INFO  server.RaftServerConfigKeys (ConfUtils.java:logGet(43)) - raft.server.log.statemachine.data.sync = true (default)
2019-10-25 11:07:37,235 [pool-200-thread-1] INFO  server.RaftServerConfigKeys (ConfUtils.java:logGet(43)) - raft.server.log.statemachine.data.sync = true (default)
2019-10-25 11:07:37,235 [pool-210-thread-1] INFO  server.RaftServerConfigKeys (ConfUtils.java:logGet(43)) - raft.server.log.statemachine.data.sync.timeout = 10s (default)
2019-10-25 11:07:37,235 [pool-200-thread-1] INFO  server.RaftServerConfigKeys (ConfUtils.java:logGet(43)) - raft.server.log.statemachine.data.sync.timeout = 10s (default)
2019-10-25 11:07:37,235 [pool-210-thread-1] INFO  server.RaftServerConfigKeys (ConfUtils.java:logGet(43)) - raft.server.log.statemachine.data.sync.timeout.retry = -1 (default)
2019-10-25 11:07:37,235 [pool-200-thread-1] INFO  server.RaftServerConfigKeys (ConfUtils.java:logGet(43)) - raft.server.log.statemachine.data.sync.timeout.retry = -1 (default)
2019-10-25 11:07:37,236 [pool-210-thread-1] INFO  server.RaftServerConfigKeys (ConfUtils.java:logGet(43)) - raft.server.log.statemachine.data.caching.enabled = true (custom)
2019-10-25 11:07:37,236 [pool-200-thread-1] INFO  server.RaftServerConfigKeys (ConfUtils.java:logGet(43)) - raft.server.log.statemachine.data.caching.enabled = true (custom)
2019-10-25 11:07:37,236 [pool-210-thread-1] INFO  segmented.SegmentedRaftLogWorker (SegmentedRaftLogWorker.java:lambda$new$0(128)) - bdb27072-dd00-4d3b-a7da-41600e490ca3@group-49E82E920F3F-SegmentedRaftLogWorker: flushIndex: setUnconditionally 0 -> -1
2019-10-25 11:07:37,236 [pool-200-thread-1] INFO  segmented.SegmentedRaftLogWorker (SegmentedRaftLogWorker.java:lambda$new$0(128)) - 7fad1e98-7a6b-4998-a30c-ec1ab88068bc@group-49E82E920F3F-SegmentedRaftLogWorker: flushIndex: setUnconditionally 0 -> -1
2019-10-25 11:07:37,236 [pool-210-thread-1] INFO  server.RaftServerConfigKeys (ConfUtils.java:logGet(43)) - raft.server.snapshot.auto.trigger.enabled = true (custom)
2019-10-25 11:07:37,236 [pool-200-thread-1] INFO  server.RaftServerConfigKeys (ConfUtils.java:logGet(43)) - raft.server.snapshot.auto.trigger.enabled = true (custom)
2019-10-25 11:07:37,236 [pool-210-thread-1] INFO  server.RaftServerConfigKeys (ConfUtils.java:logGet(43)) - raft.server.snapshot.auto.trigger.threshold = 10000 (custom)
2019-10-25 11:07:37,236 [pool-200-thread-1] INFO  server.RaftServerConfigKeys (ConfUtils.java:logGet(43)) - raft.server.snapshot.auto.trigger.threshold = 10000 (custom)
2019-10-25 11:07:37,236 [pool-210-thread-1] INFO  server.RaftServerConfigKeys (ConfUtils.java:logGet(43)) - raft.server.snapshot.retention.file.num = 5 (custom)
2019-10-25 11:07:37,236 [pool-200-thread-1] INFO  server.RaftServerConfigKeys (ConfUtils.java:logGet(43)) - raft.server.snapshot.retention.file.num = 5 (custom)
2019-10-25 11:07:37,237 [pool-210-thread-1] INFO  server.RaftServerConfigKeys (ConfUtils.java:logGet(43)) - raft.server.retrycache.expirytime = 600000ms (custom)
2019-10-25 11:07:37,237 [pool-200-thread-1] INFO  server.RaftServerConfigKeys (ConfUtils.java:logGet(43)) - raft.server.retrycache.expirytime = 600000ms (custom)
2019-10-25 11:07:37,239 [pool-210-thread-1] INFO  impl.RaftServerImpl (RaftServerImpl.java:start(195)) - bdb27072-dd00-4d3b-a7da-41600e490ca3@group-49E82E920F3F: start as a follower, conf=-1: [7fad1e98-7a6b-4998-a30c-ec1ab88068bc:192.168.157.233:35716, bdb27072-dd00-4d3b-a7da-41600e490ca3:192.168.157.233:42906, f6cfa8a2-85ff-4bb9-a246-101c53d2d47b:192.168.157.233:44618], old=null
2019-10-25 11:07:37,239 [pool-210-thread-1] INFO  impl.RaftServerImpl (RaftServerImpl.java:setRole(184)) - bdb27072-dd00-4d3b-a7da-41600e490ca3@group-49E82E920F3F: changes role from      null to FOLLOWER at term 0 for startAsFollower
2019-10-25 11:07:37,239 [pool-210-thread-1] INFO  impl.RoleInfo (RoleInfo.java:updateAndGet(143)) - bdb27072-dd00-4d3b-a7da-41600e490ca3: start FollowerState
2019-10-25 11:07:37,239 [pool-200-thread-1] INFO  impl.RaftServerImpl (RaftServerImpl.java:start(195)) - 7fad1e98-7a6b-4998-a30c-ec1ab88068bc@group-49E82E920F3F: start as a follower, conf=-1: [7fad1e98-7a6b-4998-a30c-ec1ab88068bc:192.168.157.233:35716, bdb27072-dd00-4d3b-a7da-41600e490ca3:192.168.157.233:42906, f6cfa8a2-85ff-4bb9-a246-101c53d2d47b:192.168.157.233:44618], old=null
2019-10-25 11:07:37,239 [pool-200-thread-1] INFO  impl.RaftServerImpl (RaftServerImpl.java:setRole(184)) - 7fad1e98-7a6b-4998-a30c-ec1ab88068bc@group-49E82E920F3F: changes role from      null to FOLLOWER at term 0 for startAsFollower
2019-10-25 11:07:37,239 [pool-210-thread-1] INFO  util.JmxRegister (JmxRegister.java:tryRegister(44)) - Successfully registered JMX Bean with object name Ratis:service=RaftServer,group=group-49E82E920F3F,id=bdb27072-dd00-4d3b-a7da-41600e490ca3
2019-10-25 11:07:37,239 [pool-200-thread-1] INFO  impl.RoleInfo (RoleInfo.java:updateAndGet(143)) - 7fad1e98-7a6b-4998-a30c-ec1ab88068bc: start FollowerState
2019-10-25 11:07:37,240 [pool-200-thread-1] INFO  util.JmxRegister (JmxRegister.java:tryRegister(44)) - Successfully registered JMX Bean with object name Ratis:service=RaftServer,group=group-49E82E920F3F,id=7fad1e98-7a6b-4998-a30c-ec1ab88068bc
2019-10-25 11:07:37,244 [RatisPipelineUtilsThread] INFO  pipeline.PipelineStateManager (PipelineStateManager.java:addPipeline(56)) - Created pipeline Pipeline[ Id: f313221f-6c3f-46a6-988a-49e82e920f3f, Nodes: f6cfa8a2-85ff-4bb9-a246-101c53d2d47b{ip: 192.168.157.233, host: pr-hdds-2359-lls5b-3453883328, networkLocation: /rack1, certSerialId: null}bdb27072-dd00-4d3b-a7da-41600e490ca3{ip: 192.168.157.233, host: pr-hdds-2359-lls5b-3453883328, networkLocation: /rack1, certSerialId: null}7fad1e98-7a6b-4998-a30c-ec1ab88068bc{ip: 192.168.157.233, host: pr-hdds-2359-lls5b-3453883328, networkLocation: /rack1, certSerialId: null}, Type:RATIS, Factor:THREE, State:OPEN]
2019-10-25 11:07:37,276 [Thread-3692] INFO  impl.FollowerState (FollowerState.java:run(108)) - bdb27072-dd00-4d3b-a7da-41600e490ca3@group-49E82E920F3F-FollowerState: change to CANDIDATE, lastRpcTime:36ms, electionTimeout:36ms
2019-10-25 11:07:37,276 [Thread-3692] INFO  impl.RoleInfo (RoleInfo.java:shutdownFollowerState(121)) - bdb27072-dd00-4d3b-a7da-41600e490ca3: shutdown FollowerState
2019-10-25 11:07:37,276 [Thread-3692] INFO  impl.RaftServerImpl (RaftServerImpl.java:setRole(184)) - bdb27072-dd00-4d3b-a7da-41600e490ca3@group-49E82E920F3F: changes role from  FOLLOWER to CANDIDATE at term 0 for changeToCandidate
2019-10-25 11:07:37,276 [Thread-3692] INFO  impl.RoleInfo (RoleInfo.java:updateAndGet(143)) - bdb27072-dd00-4d3b-a7da-41600e490ca3: start LeaderElection
2019-10-25 11:07:37,290 [e8f52f97-4cbf-4021-bc09-65b78a9dc21b@group-B334D6EBB589-SegmentedRaftLogWorker] INFO  segmented.SegmentedRaftLogWorker (SegmentedRaftLogWorker.java:execute(576)) - e8f52f97-4cbf-4021-bc09-65b78a9dc21b@group-B334D6EBB589-SegmentedRaftLogWorker: created new log segment /workdir/hadoop-ozone/integration-test/target/test-dir/MiniOzoneClusterImpl-0a85d326-9d58-4237-89dd-96557ce3dac1/datanode-2/data/ratis/6f67f87d-9767-4820-bf07-b334d6ebb589/current/log_inprogress_0
2019-10-25 11:07:37,290 [bdb27072-dd00-4d3b-a7da-41600e490ca3@group-49E82E920F3F-LeaderElection431] INFO  impl.LeaderElection (LeaderElection.java:askForVotes(178)) - bdb27072-dd00-4d3b-a7da-41600e490ca3@group-49E82E920F3F-LeaderElection431: begin an election at term 1 for -1: [7fad1e98-7a6b-4998-a30c-ec1ab88068bc:192.168.157.233:35716, bdb27072-dd00-4d3b-a7da-41600e490ca3:192.168.157.233:42906, f6cfa8a2-85ff-4bb9-a246-101c53d2d47b:192.168.157.233:44618], old=null
2019-10-25 11:07:37,290 [fd698530-c54c-4f87-b269-002f8f3935cd@group-04D1B0FD29CB-SegmentedRaftLogWorker] INFO  segmented.SegmentedRaftLogWorker (SegmentedRaftLogWorker.java:execute(576)) - fd698530-c54c-4f87-b269-002f8f3935cd@group-04D1B0FD29CB-SegmentedRaftLogWorker: created new log segment /workdir/hadoop-ozone/integration-test/target/test-dir/MiniOzoneClusterImpl-0a85d326-9d58-4237-89dd-96557ce3dac1/datanode-1/data/ratis/aae8fc31-cdf3-446b-bb09-04d1b0fd29cb/current/log_inprogress_0
2019-10-25 11:07:37,290 [8a2c850d-503a-4b6a-9325-357a6554e10c@group-B334D6EBB589-SegmentedRaftLogWorker] INFO  segmented.SegmentedRaftLogWorker (SegmentedRaftLogWorker.java:execute(576)) - 8a2c850d-503a-4b6a-9325-357a6554e10c@group-B334D6EBB589-SegmentedRaftLogWorker: created new log segment /workdir/hadoop-ozone/integration-test/target/test-dir/MiniOzoneClusterImpl-0a85d326-9d58-4237-89dd-96557ce3dac1/datanode-4/data/ratis/6f67f87d-9767-4820-bf07-b334d6ebb589/current/log_inprogress_0
2019-10-25 11:07:37,290 [d6e16d1d-13ec-4d5e-a095-b06e50bc05c8@group-04D1B0FD29CB-SegmentedRaftLogWorker] INFO  segmented.SegmentedRaftLogWorker (SegmentedRaftLogWorker.java:execute(576)) - d6e16d1d-13ec-4d5e-a095-b06e50bc05c8@group-04D1B0FD29CB-SegmentedRaftLogWorker: created new log segment /workdir/hadoop-ozone/integration-test/target/test-dir/MiniOzoneClusterImpl-0a85d326-9d58-4237-89dd-96557ce3dac1/datanode-0/data/ratis/aae8fc31-cdf3-446b-bb09-04d1b0fd29cb/current/log_inprogress_0
2019-10-25 11:07:37,290 [f5dc0a75-b584-4700-be7c-7942c0d8117c@group-B334D6EBB589-SegmentedRaftLogWorker] INFO  segmented.SegmentedRaftLogWorker (SegmentedRaftLogWorker.java:execute(576)) - f5dc0a75-b584-4700-be7c-7942c0d8117c@group-B334D6EBB589-SegmentedRaftLogWorker: created new log segment /workdir/hadoop-ozone/integration-test/target/test-dir/MiniOzoneClusterImpl-0a85d326-9d58-4237-89dd-96557ce3dac1/datanode-3/data/ratis/6f67f87d-9767-4820-bf07-b334d6ebb589/current/log_inprogress_0
2019-10-25 11:07:37,290 [4ec993a1-c88d-4e26-9851-97b3046e33ae@group-04D1B0FD29CB-SegmentedRaftLogWorker] INFO  segmented.SegmentedRaftLogWorker (SegmentedRaftLogWorker.java:execute(576)) - 4ec993a1-c88d-4e26-9851-97b3046e33ae@group-04D1B0FD29CB-SegmentedRaftLogWorker: created new log segment /workdir/hadoop-ozone/integration-test/target/test-dir/MiniOzoneClusterImpl-0a85d326-9d58-4237-89dd-96557ce3dac1/datanode-7/data/ratis/aae8fc31-cdf3-446b-bb09-04d1b0fd29cb/current/log_inprogress_0
2019-10-25 11:07:37,295 [grpc-default-executor-4] INFO  impl.RaftServerImpl (RaftServerImpl.java:setRole(184)) - 7fad1e98-7a6b-4998-a30c-ec1ab88068bc@group-49E82E920F3F: changes role from  FOLLOWER to FOLLOWER at term 1 for recognizeCandidate:bdb27072-dd00-4d3b-a7da-41600e490ca3
2019-10-25 11:07:37,295 [grpc-default-executor-4] INFO  impl.RoleInfo (RoleInfo.java:shutdownFollowerState(121)) - 7fad1e98-7a6b-4998-a30c-ec1ab88068bc: shutdown FollowerState
2019-10-25 11:07:37,295 [grpc-default-executor-4] INFO  impl.RoleInfo (RoleInfo.java:updateAndGet(143)) - 7fad1e98-7a6b-4998-a30c-ec1ab88068bc: start FollowerState
2019-10-25 11:07:37,295 [Thread-3693] INFO  impl.FollowerState (FollowerState.java:run(117)) - 7fad1e98-7a6b-4998-a30c-ec1ab88068bc@group-49E82E920F3F-FollowerState was interrupted: java.lang.InterruptedException: sleep interrupted
2019-10-25 11:07:37,297 [grpc-default-executor-5] INFO  impl.RaftServerImpl (RaftServerImpl.java:setRole(184)) - f6cfa8a2-85ff-4bb9-a246-101c53d2d47b@group-49E82E920F3F: changes role from  FOLLOWER to FOLLOWER at term 1 for recognizeCandidate:bdb27072-dd00-4d3b-a7da-41600e490ca3
2019-10-25 11:07:37,297 [grpc-default-executor-5] INFO  impl.RoleInfo (RoleInfo.java:shutdownFollowerState(121)) - f6cfa8a2-85ff-4bb9-a246-101c53d2d47b: shutdown FollowerState
2019-10-25 11:07:37,297 [grpc-default-executor-5] INFO  impl.RoleInfo (RoleInfo.java:updateAndGet(143)) - f6cfa8a2-85ff-4bb9-a246-101c53d2d47b: start FollowerState
2019-10-25 11:07:37,297 [Thread-3680] INFO  impl.FollowerState (FollowerState.java:run(117)) - f6cfa8a2-85ff-4bb9-a246-101c53d2d47b@group-49E82E920F3F-FollowerState was interrupted: java.lang.InterruptedException: sleep interrupted
2019-10-25 11:07:37,304 [bdb27072-dd00-4d3b-a7da-41600e490ca3@group-49E82E920F3F-LeaderElection431] INFO  impl.LeaderElection (LeaderElection.java:logAndReturn(56)) - bdb27072-dd00-4d3b-a7da-41600e490ca3@group-49E82E920F3F-LeaderElection431: Election PASSED; received 1 response(s) [bdb27072-dd00-4d3b-a7da-41600e490ca3<-7fad1e98-7a6b-4998-a30c-ec1ab88068bc#0:OK-t1] and 0 exception(s); bdb27072-dd00-4d3b-a7da-41600e490ca3@group-49E82E920F3F:t1, leader=null, voted=bdb27072-dd00-4d3b-a7da-41600e490ca3, raftlog=bdb27072-dd00-4d3b-a7da-41600e490ca3@group-49E82E920F3F-SegmentedRaftLog:OPENED:c-1,f-1,i0, conf=-1: [7fad1e98-7a6b-4998-a30c-ec1ab88068bc:192.168.157.233:35716, bdb27072-dd00-4d3b-a7da-41600e490ca3:192.168.157.233:42906, f6cfa8a2-85ff-4bb9-a246-101c53d2d47b:192.168.157.233:44618], old=null
2019-10-25 11:07:37,304 [bdb27072-dd00-4d3b-a7da-41600e490ca3@group-49E82E920F3F-LeaderElection431] INFO  impl.RoleInfo (RoleInfo.java:shutdownLeaderElection(134)) - bdb27072-dd00-4d3b-a7da-41600e490ca3: shutdown LeaderElection
2019-10-25 11:07:37,304 [bdb27072-dd00-4d3b-a7da-41600e490ca3@group-49E82E920F3F-LeaderElection431] INFO  impl.RaftServerImpl (RaftServerImpl.java:setRole(184)) - bdb27072-dd00-4d3b-a7da-41600e490ca3@group-49E82E920F3F: changes role from CANDIDATE to LEADER at term 1 for changeToLeader
2019-10-25 11:07:37,304 [bdb27072-dd00-4d3b-a7da-41600e490ca3@group-49E82E920F3F-LeaderElection431] INFO  impl.RaftServerImpl (ServerState.java:setLeader(256)) - bdb27072-dd00-4d3b-a7da-41600e490ca3@group-49E82E920F3F: change Leader from null to bdb27072-dd00-4d3b-a7da-41600e490ca3 at term 1 for becomeLeader, leader elected after 71ms
2019-10-25 11:07:37,304 [bdb27072-dd00-4d3b-a7da-41600e490ca3@group-49E82E920F3F-LeaderElection431] INFO  server.RaftServerConfigKeys (ConfUtils.java:logGet(43)) - raft.server.staging.catchup.gap = 1000 (default)
2019-10-25 11:07:37,305 [bdb27072-dd00-4d3b-a7da-41600e490ca3@group-49E82E920F3F-LeaderElection431] INFO  server.RaftServerConfigKeys (ConfUtils.java:logGet(43)) - raft.server.rpc.sleep.time = 25ms (default)
2019-10-25 11:07:37,305 [bdb27072-dd00-4d3b-a7da-41600e490ca3@group-49E82E920F3F-LeaderElection431] INFO  server.RaftServerConfigKeys (ConfUtils.java:logGet(43)) - raft.server.write.element-limit = 4096 (default)
2019-10-25 11:07:37,305 [bdb27072-dd00-4d3b-a7da-41600e490ca3@group-49E82E920F3F-LeaderElection431] INFO  server.RaftServerConfigKeys (ConfUtils.java:logGet(43)) - raft.server.watch.timeout = 10s (default)
2019-10-25 11:07:37,305 [bdb27072-dd00-4d3b-a7da-41600e490ca3@group-49E82E920F3F-LeaderElection431] INFO  server.RaftServerConfigKeys (ConfUtils.java:logGet(43)) - raft.server.watch.timeout.denomination = 1s (default)
2019-10-25 11:07:37,305 [bdb27072-dd00-4d3b-a7da-41600e490ca3@group-49E82E920F3F-LeaderElection431] INFO  server.RaftServerConfigKeys (ConfUtils.java:logGet(43)) - raft.server.watch.element-limit = 65536 (default)
2019-10-25 11:07:37,307 [bdb27072-dd00-4d3b-a7da-41600e490ca3@group-49E82E920F3F-LeaderElection431] INFO  server.RaftServerConfigKeys (ConfUtils.java:logGet(43)) - raft.server.log.appender.snapshot.chunk.size.max = 16MB (=16777216) (default)
2019-10-25 11:07:37,307 [bdb27072-dd00-4d3b-a7da-41600e490ca3@group-49E82E920F3F-LeaderElection431] INFO  server.RaftServerConfigKeys (ConfUtils.java:logGet(43)) - raft.server.log.appender.buffer.byte-limit = 33554432 (custom)
2019-10-25 11:07:37,307 [bdb27072-dd00-4d3b-a7da-41600e490ca3@group-49E82E920F3F-LeaderElection431] INFO  server.RaftServerConfigKeys (ConfUtils.java:logGet(43)) - raft.server.log.appender.buffer.element-limit = 1 (custom)
2019-10-25 11:07:37,307 [bdb27072-dd00-4d3b-a7da-41600e490ca3@group-49E82E920F3F-LeaderElection431] INFO  grpc.GrpcConfigKeys$Server (ConfUtils.java:logGet(43)) - raft.grpc.server.leader.outstanding.appends.max = 128 (default)
2019-10-25 11:07:37,307 [bdb27072-dd00-4d3b-a7da-41600e490ca3@group-49E82E920F3F-LeaderElection431] INFO  server.RaftServerConfigKeys (ConfUtils.java:logGet(43)) - raft.server.rpc.request.timeout = 3000ms (default)
2019-10-25 11:07:37,307 [bdb27072-dd00-4d3b-a7da-41600e490ca3@group-49E82E920F3F-LeaderElection431] INFO  server.RaftServerConfigKeys (ConfUtils.java:logGet(43)) - raft.server.log.appender.install.snapshot.enabled = false (custom)
2019-10-25 11:07:37,309 [bdb27072-dd00-4d3b-a7da-41600e490ca3@group-49E82E920F3F-LeaderElection431] INFO  server.RaftServerConfigKeys (ConfUtils.java:logGet(43)) - raft.server.log.appender.snapshot.chunk.size.max = 16MB (=16777216) (default)
2019-10-25 11:07:37,309 [bdb27072-dd00-4d3b-a7da-41600e490ca3@group-49E82E920F3F-LeaderElection431] INFO  server.RaftServerConfigKeys (ConfUtils.java:logGet(43)) - raft.server.log.appender.buffer.byte-limit = 33554432 (custom)
2019-10-25 11:07:37,309 [bdb27072-dd00-4d3b-a7da-41600e490ca3@group-49E82E920F3F-LeaderElection431] INFO  server.RaftServerConfigKeys (ConfUtils.java:logGet(43)) - raft.server.log.appender.buffer.element-limit = 1 (custom)
2019-10-25 11:07:37,309 [bdb27072-dd00-4d3b-a7da-41600e490ca3@group-49E82E920F3F-LeaderElection431] INFO  grpc.GrpcConfigKeys$Server (ConfUtils.java:logGet(43)) - raft.grpc.server.leader.outstanding.appends.max = 128 (default)
2019-10-25 11:07:37,309 [bdb27072-dd00-4d3b-a7da-41600e490ca3@group-49E82E920F3F-LeaderElection431] INFO  server.RaftServerConfigKeys (ConfUtils.java:logGet(43)) - raft.server.rpc.request.timeout = 3000ms (default)
2019-10-25 11:07:37,309 [bdb27072-dd00-4d3b-a7da-41600e490ca3@group-49E82E920F3F-LeaderElection431] INFO  server.RaftServerConfigKeys (ConfUtils.java:logGet(43)) - raft.server.log.appender.install.snapshot.enabled = false (custom)
2019-10-25 11:07:37,311 [bdb27072-dd00-4d3b-a7da-41600e490ca3@group-49E82E920F3F-LeaderElection431] INFO  impl.RoleInfo (RoleInfo.java:updateAndGet(143)) - bdb27072-dd00-4d3b-a7da-41600e490ca3: start LeaderState
2019-10-25 11:07:37,311 [bdb27072-dd00-4d3b-a7da-41600e490ca3@group-49E82E920F3F-LeaderElection431] INFO  segmented.SegmentedRaftLogWorker (SegmentedRaftLogWorker.java:startLogSegment(385)) - bdb27072-dd00-4d3b-a7da-41600e490ca3@group-49E82E920F3F-SegmentedRaftLogWorker: Starting segment from index:0
2019-10-25 11:07:37,311 [bdb27072-dd00-4d3b-a7da-41600e490ca3@group-49E82E920F3F-LeaderElection431] INFO  impl.RaftServerImpl (ServerState.java:setRaftConf(357)) - bdb27072-dd00-4d3b-a7da-41600e490ca3@group-49E82E920F3F: set configuration 0: [7fad1e98-7a6b-4998-a30c-ec1ab88068bc:192.168.157.233:35716, bdb27072-dd00-4d3b-a7da-41600e490ca3:192.168.157.233:42906, f6cfa8a2-85ff-4bb9-a246-101c53d2d47b:192.168.157.233:44618], old=null at 0
2019-10-25 11:07:37,352 [Thread-3700] INFO  impl.FollowerState (FollowerState.java:run(108)) - f6cfa8a2-85ff-4bb9-a246-101c53d2d47b@group-49E82E920F3F-FollowerState: change to CANDIDATE, lastRpcTime:55ms, electionTimeout:55ms
2019-10-25 11:07:37,353 [Thread-3700] INFO  impl.RoleInfo (RoleInfo.java:shutdownFollowerState(121)) - f6cfa8a2-85ff-4bb9-a246-101c53d2d47b: shutdown FollowerState
2019-10-25 11:07:37,353 [Thread-3700] INFO  impl.RaftServerImpl (RaftServerImpl.java:setRole(184)) - f6cfa8a2-85ff-4bb9-a246-101c53d2d47b@group-49E82E920F3F: changes role from  FOLLOWER to CANDIDATE at term 1 for changeToCandidate
2019-10-25 11:07:37,353 [Thread-3700] INFO  impl.RoleInfo (RoleInfo.java:updateAndGet(143)) - f6cfa8a2-85ff-4bb9-a246-101c53d2d47b: start LeaderElection
2019-10-25 11:07:37,355 [grpc-default-executor-5] INFO  impl.RaftServerImpl (ServerState.java:setLeader(256)) - 7fad1e98-7a6b-4998-a30c-ec1ab88068bc@group-49E82E920F3F: change Leader from null to bdb27072-dd00-4d3b-a7da-41600e490ca3 at term 1 for appendEntries, leader elected after 122ms
2019-10-25 11:07:37,357 [grpc-default-executor-5] INFO  impl.RaftServerImpl (ServerState.java:setRaftConf(357)) - 7fad1e98-7a6b-4998-a30c-ec1ab88068bc@group-49E82E920F3F: set configuration 0: [7fad1e98-7a6b-4998-a30c-ec1ab88068bc:192.168.157.233:35716, bdb27072-dd00-4d3b-a7da-41600e490ca3:192.168.157.233:42906, f6cfa8a2-85ff-4bb9-a246-101c53d2d47b:192.168.157.233:44618], old=null at 0
2019-10-25 11:07:37,357 [grpc-default-executor-5] INFO  segmented.SegmentedRaftLogWorker (SegmentedRaftLogWorker.java:startLogSegment(385)) - 7fad1e98-7a6b-4998-a30c-ec1ab88068bc@group-49E82E920F3F-SegmentedRaftLogWorker: Starting segment from index:0
2019-10-25 11:07:37,361 [bdb27072-dd00-4d3b-a7da-41600e490ca3@group-49E82E920F3F-SegmentedRaftLogWorker] INFO  segmented.SegmentedRaftLogWorker (SegmentedRaftLogWorker.java:execute(576)) - bdb27072-dd00-4d3b-a7da-41600e490ca3@group-49E82E920F3F-SegmentedRaftLogWorker: created new log segment /workdir/hadoop-ozone/integration-test/target/test-dir/MiniOzoneClusterImpl-0a85d326-9d58-4237-89dd-96557ce3dac1/datanode-6/data/ratis/f313221f-6c3f-46a6-988a-49e82e920f3f/current/log_inprogress_0
2019-10-25 11:07:37,362 [f6cfa8a2-85ff-4bb9-a246-101c53d2d47b@group-49E82E920F3F-LeaderElection432] INFO  impl.LeaderElection (LeaderElection.java:askForVotes(178)) - f6cfa8a2-85ff-4bb9-a246-101c53d2d47b@group-49E82E920F3F-LeaderElection432: begin an election at term 2 for -1: [7fad1e98-7a6b-4998-a30c-ec1ab88068bc:192.168.157.233:35716, bdb27072-dd00-4d3b-a7da-41600e490ca3:192.168.157.233:42906, f6cfa8a2-85ff-4bb9-a246-101c53d2d47b:192.168.157.233:44618], old=null
2019-10-25 11:07:37,363 [Thread-3705] INFO  impl.RaftServerImpl (ServerState.java:setLeader(256)) - bdb27072-dd00-4d3b-a7da-41600e490ca3@group-49E82E920F3F: change Leader from bdb27072-dd00-4d3b-a7da-41600e490ca3 to null at term 2 for updateCurrentTerm
2019-10-25 11:07:37,363 [Thread-3705] INFO  impl.RaftServerImpl (RaftServerImpl.java:setRole(184)) - bdb27072-dd00-4d3b-a7da-41600e490ca3@group-49E82E920F3F: changes role from    LEADER to FOLLOWER at term 2 for stepDown
2019-10-25 11:07:37,364 [Thread-3705] INFO  impl.RoleInfo (RoleInfo.java:shutdownLeaderState(104)) - bdb27072-dd00-4d3b-a7da-41600e490ca3: shutdown LeaderState
2019-10-25 11:07:37,402 [org.apache.ratis.server.impl.LogAppender$AppenderDaemon$$Lambda$446/110636236@70fe0b3e] WARN  server.GrpcLogAppender (GrpcLogAppender.java:mayWait(149)) - bdb27072-dd00-4d3b-a7da-41600e490ca3@group-49E82E920F3F->f6cfa8a2-85ff-4bb9-a246-101c53d2d47b-GrpcLogAppender: Wait interrupted by java.lang.InterruptedException
2019-10-25 11:07:37,402 [Thread-3705] INFO  impl.PendingRequests (PendingRequests.java:sendNotLeaderResponses(202)) - bdb27072-dd00-4d3b-a7da-41600e490ca3@group-49E82E920F3F-PendingRequests: sendNotLeaderResponses
2019-10-25 11:07:37,402 [Thread-3705] INFO  impl.RoleInfo (RoleInfo.java:updateAndGet(143)) - bdb27072-dd00-4d3b-a7da-41600e490ca3: start FollowerState
2019-10-25 11:07:37,402 [org.apache.ratis.server.impl.LogAppender$AppenderDaemon$$Lambda$446/110636236@41f5c81a] WARN  server.GrpcLogAppender (GrpcLogAppender.java:mayWait(149)) - bdb27072-dd00-4d3b-a7da-41600e490ca3@group-49E82E920F3F->7fad1e98-7a6b-4998-a30c-ec1ab88068bc-GrpcLogAppender: Wait interrupted by java.lang.InterruptedException
2019-10-25 11:07:37,403 [grpc-default-executor-5] INFO  server.GrpcServerProtocolService (GrpcServerProtocolService.java:onCompleted(113)) - f6cfa8a2-85ff-4bb9-a246-101c53d2d47b: Completed APPEND_ENTRIES, lastRequest: bdb27072-dd00-4d3b-a7da-41600e490ca3->f6cfa8a2-85ff-4bb9-a246-101c53d2d47b#1-t1, previous=(t:0, i:0), leaderCommit=0, initializing? false, entries: size=1, first=(t:1, i:0), CONFIGURATIONENTRY
2019-10-25 11:07:37,403 [grpc-default-executor-1] INFO  server.GrpcServerProtocolService (GrpcServerProtocolService.java:onCompleted(113)) - 7fad1e98-7a6b-4998-a30c-ec1ab88068bc: Completed APPEND_ENTRIES, lastRequest: bdb27072-dd00-4d3b-a7da-41600e490ca3->7fad1e98-7a6b-4998-a30c-ec1ab88068bc#1-t1, previous=(t:0, i:0), leaderCommit=-1, initializing? false, entries: size=1, first=(t:1, i:0), CONFIGURATIONENTRY
2019-10-25 11:07:37,404 [grpc-default-executor-1] INFO  server.GrpcLogAppender (GrpcLogAppender.java:onCompleted(308)) - bdb27072-dd00-4d3b-a7da-41600e490ca3@group-49E82E920F3F->7fad1e98-7a6b-4998-a30c-ec1ab88068bc-AppendLogResponseHandler: follower responses appendEntries COMPLETED
2019-10-25 11:07:37,407 [grpc-default-executor-1] INFO  impl.FollowerInfo (FollowerInfo.java:lambda$new$0(51)) - bdb27072-dd00-4d3b-a7da-41600e490ca3@group-49E82E920F3F->7fad1e98-7a6b-4998-a30c-ec1ab88068bc: nextIndex: updateUnconditionally 1 -> 0
2019-10-25 11:07:37,408 [grpc-default-executor-7] INFO  impl.RaftServerImpl (ServerState.java:setLeader(256)) - 7fad1e98-7a6b-4998-a30c-ec1ab88068bc@group-49E82E920F3F: change Leader from bdb27072-dd00-4d3b-a7da-41600e490ca3 to null at term 2 for updateCurrentTerm
2019-10-25 11:07:37,408 [grpc-default-executor-7] INFO  impl.RaftServerImpl (RaftServerImpl.java:setRole(184)) - 7fad1e98-7a6b-4998-a30c-ec1ab88068bc@group-49E82E920F3F: changes role from  FOLLOWER to FOLLOWER at term 2 for recognizeCandidate:f6cfa8a2-85ff-4bb9-a246-101c53d2d47b
2019-10-25 11:07:37,408 [grpc-default-executor-7] INFO  impl.RoleInfo (RoleInfo.java:shutdownFollowerState(121)) - 7fad1e98-7a6b-4998-a30c-ec1ab88068bc: shutdown FollowerState
2019-10-25 11:07:37,408 [grpc-default-executor-7] INFO  impl.RoleInfo (RoleInfo.java:updateAndGet(143)) - 7fad1e98-7a6b-4998-a30c-ec1ab88068bc: start FollowerState
2019-10-25 11:07:37,408 [Thread-3699] INFO  impl.FollowerState (FollowerState.java:run(117)) - 7fad1e98-7a6b-4998-a30c-ec1ab88068bc@group-49E82E920F3F-FollowerState was interrupted: java.lang.InterruptedException: sleep interrupted
2019-10-25 11:07:37,415 [7fad1e98-7a6b-4998-a30c-ec1ab88068bc@group-49E82E920F3F-SegmentedRaftLogWorker] INFO  segmented.SegmentedRaftLogWorker (SegmentedRaftLogWorker.java:execute(576)) - 7fad1e98-7a6b-4998-a30c-ec1ab88068bc@group-49E82E920F3F-SegmentedRaftLogWorker: created new log segment /workdir/hadoop-ozone/integration-test/target/test-dir/MiniOzoneClusterImpl-0a85d326-9d58-4237-89dd-96557ce3dac1/datanode-5/data/ratis/f313221f-6c3f-46a6-988a-49e82e920f3f/current/log_inprogress_0
2019-10-25 11:07:37,415 [grpc-default-executor-5] INFO  impl.RaftServerImpl (RaftServerImpl.java:setRole(184)) - bdb27072-dd00-4d3b-a7da-41600e490ca3@group-49E82E920F3F: changes role from  FOLLOWER to FOLLOWER at term 2 for recognizeCandidate:f6cfa8a2-85ff-4bb9-a246-101c53d2d47b
2019-10-25 11:07:37,418 [grpc-default-executor-5] INFO  impl.RoleInfo (RoleInfo.java:shutdownFollowerState(121)) - bdb27072-dd00-4d3b-a7da-41600e490ca3: shutdown FollowerState
2019-10-25 11:07:37,418 [grpc-default-executor-5] INFO  impl.RoleInfo (RoleInfo.java:updateAndGet(143)) - bdb27072-dd00-4d3b-a7da-41600e490ca3: start FollowerState
2019-10-25 11:07:37,418 [Thread-3714] INFO  impl.FollowerState (FollowerState.java:run(117)) - bdb27072-dd00-4d3b-a7da-41600e490ca3@group-49E82E920F3F-FollowerState was interrupted: java.lang.InterruptedException: sleep interrupted
2019-10-25 11:07:37,418 [grpc-default-executor-4] INFO  server.GrpcLogAppender (GrpcLogAppender.java:onCompleted(308)) - bdb27072-dd00-4d3b-a7da-41600e490ca3@group-49E82E920F3F->f6cfa8a2-85ff-4bb9-a246-101c53d2d47b-AppendLogResponseHandler: follower responses appendEntries COMPLETED
2019-10-25 11:07:37,421 [f6cfa8a2-85ff-4bb9-a246-101c53d2d47b@group-49E82E920F3F-LeaderElection432] INFO  impl.LeaderElection (LeaderElection.java:logAndReturn(56)) - f6cfa8a2-85ff-4bb9-a246-101c53d2d47b@group-49E82E920F3F-LeaderElection432: Election REJECTED; received 2 response(s) [f6cfa8a2-85ff-4bb9-a246-101c53d2d47b<-7fad1e98-7a6b-4998-a30c-ec1ab88068bc#0:FAIL-t2, f6cfa8a2-85ff-4bb9-a246-101c53d2d47b<-bdb27072-dd00-4d3b-a7da-41600e490ca3#0:FAIL-t2] and 0 exception(s); f6cfa8a2-85ff-4bb9-a246-101c53d2d47b@group-49E82E920F3F:t2, leader=null, voted=f6cfa8a2-85ff-4bb9-a246-101c53d2d47b, raftlog=f6cfa8a2-85ff-4bb9-a246-101c53d2d47b@group-49E82E920F3F-SegmentedRaftLog:OPENED:c-1,f-1,i0, conf=-1: [7fad1e98-7a6b-4998-a30c-ec1ab88068bc:192.168.157.233:35716, bdb27072-dd00-4d3b-a7da-41600e490ca3:192.168.157.233:42906, f6cfa8a2-85ff-4bb9-a246-101c53d2d47b:192.168.157.233:44618], old=null
2019-10-25 11:07:37,421 [f6cfa8a2-85ff-4bb9-a246-101c53d2d47b@group-49E82E920F3F-LeaderElection432] INFO  impl.RaftServerImpl (RaftServerImpl.java:setRole(184)) - f6cfa8a2-85ff-4bb9-a246-101c53d2d47b@group-49E82E920F3F: changes role from CANDIDATE to FOLLOWER at term 2 for DISCOVERED_A_NEW_TERM
2019-10-25 11:07:37,421 [grpc-default-executor-4] INFO  impl.FollowerInfo (FollowerInfo.java:lambda$new$0(51)) - bdb27072-dd00-4d3b-a7da-41600e490ca3@group-49E82E920F3F->f6cfa8a2-85ff-4bb9-a246-101c53d2d47b: nextIndex: updateUnconditionally 1 -> 0
2019-10-25 11:07:37,421 [f6cfa8a2-85ff-4bb9-a246-101c53d2d47b@group-49E82E920F3F-LeaderElection432] INFO  impl.RoleInfo (RoleInfo.java:shutdownLeaderElection(134)) - f6cfa8a2-85ff-4bb9-a246-101c53d2d47b: shutdown LeaderElection
2019-10-25 11:07:37,421 [f6cfa8a2-85ff-4bb9-a246-101c53d2d47b@group-49E82E920F3F-LeaderElection432] INFO  impl.RoleInfo (RoleInfo.java:updateAndGet(143)) - f6cfa8a2-85ff-4bb9-a246-101c53d2d47b: start FollowerState
2019-10-25 11:07:37,615 [Thread-3717] INFO  impl.FollowerState (FollowerState.java:run(108)) - f6cfa8a2-85ff-4bb9-a246-101c53d2d47b@group-49E82E920F3F-FollowerState: change to CANDIDATE, lastRpcTime:193ms, electionTimeout:193ms
2019-10-25 11:07:37,615 [Thread-3717] INFO  impl.RoleInfo (RoleInfo.java:shutdownFollowerState(121)) - f6cfa8a2-85ff-4bb9-a246-101c53d2d47b: shutdown FollowerState
2019-10-25 11:07:37,615 [Thread-3717] INFO  impl.RaftServerImpl (RaftServerImpl.java:setRole(184)) - f6cfa8a2-85ff-4bb9-a246-101c53d2d47b@group-49E82E920F3F: changes role from  FOLLOWER to CANDIDATE at term 2 for changeToCandidate
2019-10-25 11:07:37,615 [Thread-3717] INFO  impl.RoleInfo (RoleInfo.java:updateAndGet(143)) - f6cfa8a2-85ff-4bb9-a246-101c53d2d47b: start LeaderElection
2019-10-25 11:07:37,629 [f6cfa8a2-85ff-4bb9-a246-101c53d2d47b@group-49E82E920F3F-LeaderElection433] INFO  impl.LeaderElection (LeaderElection.java:askForVotes(178)) - f6cfa8a2-85ff-4bb9-a246-101c53d2d47b@group-49E82E920F3F-LeaderElection433: begin an election at term 3 for -1: [7fad1e98-7a6b-4998-a30c-ec1ab88068bc:192.168.157.233:35716, bdb27072-dd00-4d3b-a7da-41600e490ca3:192.168.157.233:42906, f6cfa8a2-85ff-4bb9-a246-101c53d2d47b:192.168.157.233:44618], old=null
2019-10-25 11:07:37,631 [grpc-default-executor-4] INFO  impl.RaftServerImpl (RaftServerImpl.java:setRole(184)) - 7fad1e98-7a6b-4998-a30c-ec1ab88068bc@group-49E82E920F3F: changes role from  FOLLOWER to FOLLOWER at term 3 for recognizeCandidate:f6cfa8a2-85ff-4bb9-a246-101c53d2d47b
2019-10-25 11:07:37,631 [grpc-default-executor-4] INFO  impl.RoleInfo (RoleInfo.java:shutdownFollowerState(121)) - 7fad1e98-7a6b-4998-a30c-ec1ab88068bc: shutdown FollowerState
2019-10-25 11:07:37,631 [grpc-default-executor-5] INFO  impl.RaftServerImpl (RaftServerImpl.java:setRole(184)) - bdb27072-dd00-4d3b-a7da-41600e490ca3@group-49E82E920F3F: changes role from  FOLLOWER to FOLLOWER at term 3 for recognizeCandidate:f6cfa8a2-85ff-4bb9-a246-101c53d2d47b
2019-10-25 11:07:37,631 [Thread-3715] INFO  impl.FollowerState (FollowerState.java:run(117)) - 7fad1e98-7a6b-4998-a30c-ec1ab88068bc@group-49E82E920F3F-FollowerState was interrupted: java.lang.InterruptedException: sleep interrupted
2019-10-25 11:07:37,631 [grpc-default-executor-4] INFO  impl.RoleInfo (RoleInfo.java:updateAndGet(143)) - 7fad1e98-7a6b-4998-a30c-ec1ab88068bc: start FollowerState
2019-10-25 11:07:37,631 [grpc-default-executor-5] INFO  impl.RoleInfo (RoleInfo.java:shutdownFollowerState(121)) - bdb27072-dd00-4d3b-a7da-41600e490ca3: shutdown FollowerState
2019-10-25 11:07:37,632 [grpc-default-executor-5] INFO  impl.RoleInfo (RoleInfo.java:updateAndGet(143)) - bdb27072-dd00-4d3b-a7da-41600e490ca3: start FollowerState
2019-10-25 11:07:37,632 [Thread-3716] INFO  impl.FollowerState (FollowerState.java:run(117)) - bdb27072-dd00-4d3b-a7da-41600e490ca3@group-49E82E920F3F-FollowerState was interrupted: java.lang.InterruptedException: sleep interrupted
2019-10-25 11:07:37,645 [f6cfa8a2-85ff-4bb9-a246-101c53d2d47b@group-49E82E920F3F-LeaderElection433] INFO  impl.LeaderElection (LeaderElection.java:logAndReturn(56)) - f6cfa8a2-85ff-4bb9-a246-101c53d2d47b@group-49E82E920F3F-LeaderElection433: Election REJECTED; received 2 response(s) [f6cfa8a2-85ff-4bb9-a246-101c53d2d47b<-7fad1e98-7a6b-4998-a30c-ec1ab88068bc#0:FAIL-t3, f6cfa8a2-85ff-4bb9-a246-101c53d2d47b<-bdb27072-dd00-4d3b-a7da-41600e490ca3#0:FAIL-t3] and 0 exception(s); f6cfa8a2-85ff-4bb9-a246-101c53d2d47b@group-49E82E920F3F:t3, leader=null, voted=f6cfa8a2-85ff-4bb9-a246-101c53d2d47b, raftlog=f6cfa8a2-85ff-4bb9-a246-101c53d2d47b@group-49E82E920F3F-SegmentedRaftLog:OPENED:c-1,f-1,i0, conf=-1: [7fad1e98-7a6b-4998-a30c-ec1ab88068bc:192.168.157.233:35716, bdb27072-dd00-4d3b-a7da-41600e490ca3:192.168.157.233:42906, f6cfa8a2-85ff-4bb9-a246-101c53d2d47b:192.168.157.233:44618], old=null
2019-10-25 11:07:37,645 [f6cfa8a2-85ff-4bb9-a246-101c53d2d47b@group-49E82E920F3F-LeaderElection433] INFO  impl.RaftServerImpl (RaftServerImpl.java:setRole(184)) - f6cfa8a2-85ff-4bb9-a246-101c53d2d47b@group-49E82E920F3F: changes role from CANDIDATE to FOLLOWER at term 3 for DISCOVERED_A_NEW_TERM
2019-10-25 11:07:37,645 [f6cfa8a2-85ff-4bb9-a246-101c53d2d47b@group-49E82E920F3F-LeaderElection433] INFO  impl.RoleInfo (RoleInfo.java:shutdownLeaderElection(134)) - f6cfa8a2-85ff-4bb9-a246-101c53d2d47b: shutdown LeaderElection
2019-10-25 11:07:37,645 [f6cfa8a2-85ff-4bb9-a246-101c53d2d47b@group-49E82E920F3F-LeaderElection433] INFO  impl.RoleInfo (RoleInfo.java:updateAndGet(143)) - f6cfa8a2-85ff-4bb9-a246-101c53d2d47b: start FollowerState
2019-10-25 11:07:37,711 [Thread-3724] INFO  impl.FollowerState (FollowerState.java:run(108)) - f6cfa8a2-85ff-4bb9-a246-101c53d2d47b@group-49E82E920F3F-FollowerState: change to CANDIDATE, lastRpcTime:65ms, electionTimeout:65ms
2019-10-25 11:07:37,711 [Thread-3724] INFO  impl.RoleInfo (RoleInfo.java:shutdownFollowerState(121)) - f6cfa8a2-85ff-4bb9-a246-101c53d2d47b: shutdown FollowerState
2019-10-25 11:07:37,711 [Thread-3724] INFO  impl.RaftServerImpl (RaftServerImpl.java:setRole(184)) - f6cfa8a2-85ff-4bb9-a246-101c53d2d47b@group-49E82E920F3F: changes role from  FOLLOWER to CANDIDATE at term 3 for changeToCandidate
2019-10-25 11:07:37,711 [Thread-3724] INFO  impl.RoleInfo (RoleInfo.java:updateAndGet(143)) - f6cfa8a2-85ff-4bb9-a246-101c53d2d47b: start LeaderElection
2019-10-25 11:07:37,725 [f6cfa8a2-85ff-4bb9-a246-101c53d2d47b@group-49E82E920F3F-LeaderElection434] INFO  impl.LeaderElection (LeaderElection.java:askForVotes(178)) - f6cfa8a2-85ff-4bb9-a246-101c53d2d47b@group-49E82E920F3F-LeaderElection434: begin an election at term 4 for -1: [7fad1e98-7a6b-4998-a30c-ec1ab88068bc:192.168.157.233:35716, bdb27072-dd00-4d3b-a7da-41600e490ca3:192.168.157.233:42906, f6cfa8a2-85ff-4bb9-a246-101c53d2d47b:192.168.157.233:44618], old=null
2019-10-25 11:07:37,726 [grpc-default-executor-5] INFO  impl.RaftServerImpl (RaftServerImpl.java:setRole(184)) - 7fad1e98-7a6b-4998-a30c-ec1ab88068bc@group-49E82E920F3F: changes role from  FOLLOWER to FOLLOWER at term 4 for recognizeCandidate:f6cfa8a2-85ff-4bb9-a246-101c53d2d47b
2019-10-25 11:07:37,727 [grpc-default-executor-5] INFO  impl.RoleInfo (RoleInfo.java:shutdownFollowerState(121)) - 7fad1e98-7a6b-4998-a30c-ec1ab88068bc: shutdown FollowerState
2019-10-25 11:07:37,727 [grpc-default-executor-4] INFO  impl.RaftServerImpl (RaftServerImpl.java:setRole(184)) - bdb27072-dd00-4d3b-a7da-41600e490ca3@group-49E82E920F3F: changes role from  FOLLOWER to FOLLOWER at term 4 for recognizeCandidate:f6cfa8a2-85ff-4bb9-a246-101c53d2d47b
2019-10-25 11:07:37,727 [Thread-3722] INFO  impl.FollowerState (FollowerState.java:run(117)) - 7fad1e98-7a6b-4998-a30c-ec1ab88068bc@group-49E82E920F3F-FollowerState was interrupted: java.lang.InterruptedException: sleep interrupted
2019-10-25 11:07:37,727 [grpc-default-executor-5] INFO  impl.RoleInfo (RoleInfo.java:updateAndGet(143)) - 7fad1e98-7a6b-4998-a30c-ec1ab88068bc: start FollowerState
2019-10-25 11:07:37,727 [grpc-default-executor-4] INFO  impl.RoleInfo (RoleInfo.java:shutdownFollowerState(121)) - bdb27072-dd00-4d3b-a7da-41600e490ca3: shutdown FollowerState
2019-10-25 11:07:37,728 [grpc-default-executor-4] INFO  impl.RoleInfo (RoleInfo.java:updateAndGet(143)) - bdb27072-dd00-4d3b-a7da-41600e490ca3: start FollowerState
2019-10-25 11:07:37,728 [Thread-3723] INFO  impl.FollowerState (FollowerState.java:run(117)) - bdb27072-dd00-4d3b-a7da-41600e490ca3@group-49E82E920F3F-FollowerState was interrupted: java.lang.InterruptedException: sleep interrupted
2019-10-25 11:07:37,742 [f6cfa8a2-85ff-4bb9-a246-101c53d2d47b@group-49E82E920F3F-LeaderElection434] INFO  impl.LeaderElection (LeaderElection.java:logAndReturn(56)) - f6cfa8a2-85ff-4bb9-a246-101c53d2d47b@group-49E82E920F3F-LeaderElection434: Election REJECTED; received 2 response(s) [f6cfa8a2-85ff-4bb9-a246-101c53d2d47b<-7fad1e98-7a6b-4998-a30c-ec1ab88068bc#0:FAIL-t4, f6cfa8a2-85ff-4bb9-a246-101c53d2d47b<-bdb27072-dd00-4d3b-a7da-41600e490ca3#0:FAIL-t4] and 0 exception(s); f6cfa8a2-85ff-4bb9-a246-101c53d2d47b@group-49E82E920F3F:t4, leader=null, voted=f6cfa8a2-85ff-4bb9-a246-101c53d2d47b, raftlog=f6cfa8a2-85ff-4bb9-a246-101c53d2d47b@group-49E82E920F3F-SegmentedRaftLog:OPENED:c-1,f-1,i0, conf=-1: [7fad1e98-7a6b-4998-a30c-ec1ab88068bc:192.168.157.233:35716, bdb27072-dd00-4d3b-a7da-41600e490ca3:192.168.157.233:42906, f6cfa8a2-85ff-4bb9-a246-101c53d2d47b:192.168.157.233:44618], old=null
2019-10-25 11:07:37,742 [f6cfa8a2-85ff-4bb9-a246-101c53d2d47b@group-49E82E920F3F-LeaderElection434] INFO  impl.RaftServerImpl (RaftServerImpl.java:setRole(184)) - f6cfa8a2-85ff-4bb9-a246-101c53d2d47b@group-49E82E920F3F: changes role from CANDIDATE to FOLLOWER at term 4 for DISCOVERED_A_NEW_TERM
2019-10-25 11:07:37,742 [f6cfa8a2-85ff-4bb9-a246-101c53d2d47b@group-49E82E920F3F-LeaderElection434] INFO  impl.RoleInfo (RoleInfo.java:shutdownLeaderElection(134)) - f6cfa8a2-85ff-4bb9-a246-101c53d2d47b: shutdown LeaderElection
2019-10-25 11:07:37,742 [f6cfa8a2-85ff-4bb9-a246-101c53d2d47b@group-49E82E920F3F-LeaderElection434] INFO  impl.RoleInfo (RoleInfo.java:updateAndGet(143)) - f6cfa8a2-85ff-4bb9-a246-101c53d2d47b: start FollowerState
2019-10-25 11:07:37,799 [main] INFO  ozone.MiniOzoneClusterImpl (MiniOzoneClusterImpl.java:lambda$waitForClusterToBeReady$0(147)) - Cluster is ready. Got 10 of 10 DN Heartbeats.
2019-10-25 11:07:37,838 [main] INFO  rpc.RpcClient (RpcClient.java:createVolume(272)) - Creating Volume: datanodefailurehandlingtest, with jenkins1000 as owner.
2019-10-25 11:07:37,842 [IPC Server handler 3 on 44161] INFO  volume.OMVolumeCreateRequest (OMVolumeCreateRequest.java:validateAndUpdateCache(193)) - created volume:datanodefailurehandlingtest for user:jenkins1000
2019-10-25 11:07:37,844 [Thread-3730] INFO  impl.FollowerState (FollowerState.java:run(108)) - f6cfa8a2-85ff-4bb9-a246-101c53d2d47b@group-49E82E920F3F-FollowerState: change to CANDIDATE, lastRpcTime:101ms, electionTimeout:101ms
2019-10-25 11:07:37,844 [Thread-3730] INFO  impl.RoleInfo (RoleInfo.java:shutdownFollowerState(121)) - f6cfa8a2-85ff-4bb9-a246-101c53d2d47b: shutdown FollowerState
2019-10-25 11:07:37,844 [Thread-3730] INFO  impl.RaftServerImpl (RaftServerImpl.java:setRole(184)) - f6cfa8a2-85ff-4bb9-a246-101c53d2d47b@group-49E82E920F3F: changes role from  FOLLOWER to CANDIDATE at term 4 for changeToCandidate
2019-10-25 11:07:37,844 [Thread-3730] INFO  impl.RoleInfo (RoleInfo.java:updateAndGet(143)) - f6cfa8a2-85ff-4bb9-a246-101c53d2d47b: start LeaderElection
2019-10-25 11:07:37,858 [main] INFO  rpc.RpcClient (RpcClient.java:createBucket(411)) - Creating Bucket: datanodefailurehandlingtest/datanodefailurehandlingtest, with Versioning false and Storage Type set to DISK and Encryption set to false 
2019-10-25 11:07:37,859 [f6cfa8a2-85ff-4bb9-a246-101c53d2d47b@group-49E82E920F3F-LeaderElection435] INFO  impl.LeaderElection (LeaderElection.java:askForVotes(178)) - f6cfa8a2-85ff-4bb9-a246-101c53d2d47b@group-49E82E920F3F-LeaderElection435: begin an election at term 5 for -1: [7fad1e98-7a6b-4998-a30c-ec1ab88068bc:192.168.157.233:35716, bdb27072-dd00-4d3b-a7da-41600e490ca3:192.168.157.233:42906, f6cfa8a2-85ff-4bb9-a246-101c53d2d47b:192.168.157.233:44618], old=null
2019-10-25 11:07:37,862 [grpc-default-executor-4] INFO  impl.RaftServerImpl (RaftServerImpl.java:setRole(184)) - 7fad1e98-7a6b-4998-a30c-ec1ab88068bc@group-49E82E920F3F: changes role from  FOLLOWER to FOLLOWER at term 5 for recognizeCandidate:f6cfa8a2-85ff-4bb9-a246-101c53d2d47b
2019-10-25 11:07:37,862 [grpc-default-executor-4] INFO  impl.RoleInfo (RoleInfo.java:shutdownFollowerState(121)) - 7fad1e98-7a6b-4998-a30c-ec1ab88068bc: shutdown FollowerState
2019-10-25 11:07:37,862 [grpc-default-executor-5] INFO  impl.RaftServerImpl (RaftServerImpl.java:setRole(184)) - bdb27072-dd00-4d3b-a7da-41600e490ca3@group-49E82E920F3F: changes role from  FOLLOWER to FOLLOWER at term 5 for recognizeCandidate:f6cfa8a2-85ff-4bb9-a246-101c53d2d47b
2019-10-25 11:07:37,862 [Thread-3728] INFO  impl.FollowerState (FollowerState.java:run(117)) - 7fad1e98-7a6b-4998-a30c-ec1ab88068bc@group-49E82E920F3F-FollowerState was interrupted: java.lang.InterruptedException: sleep interrupted
2019-10-25 11:07:37,862 [grpc-default-executor-4] INFO  impl.RoleInfo (RoleInfo.java:updateAndGet(143)) - 7fad1e98-7a6b-4998-a30c-ec1ab88068bc: start FollowerState
2019-10-25 11:07:37,863 [grpc-default-executor-5] INFO  impl.RoleInfo (RoleInfo.java:shutdownFollowerState(121)) - bdb27072-dd00-4d3b-a7da-41600e490ca3: shutdown FollowerState
2019-10-25 11:07:37,863 [grpc-default-executor-5] INFO  impl.RoleInfo (RoleInfo.java:updateAndGet(143)) - bdb27072-dd00-4d3b-a7da-41600e490ca3: start FollowerState
2019-10-25 11:07:37,863 [Thread-3729] INFO  impl.FollowerState (FollowerState.java:run(117)) - bdb27072-dd00-4d3b-a7da-41600e490ca3@group-49E82E920F3F-FollowerState was interrupted: java.lang.InterruptedException: sleep interrupted
2019-10-25 11:07:37,881 [f6cfa8a2-85ff-4bb9-a246-101c53d2d47b@group-49E82E920F3F-LeaderElection435] INFO  impl.LeaderElection (LeaderElection.java:logAndReturn(56)) - f6cfa8a2-85ff-4bb9-a246-101c53d2d47b@group-49E82E920F3F-LeaderElection435: Election TIMEOUT; received 0 response(s) [] and 0 exception(s); f6cfa8a2-85ff-4bb9-a246-101c53d2d47b@group-49E82E920F3F:t5, leader=null, voted=f6cfa8a2-85ff-4bb9-a246-101c53d2d47b, raftlog=f6cfa8a2-85ff-4bb9-a246-101c53d2d47b@group-49E82E920F3F-SegmentedRaftLog:OPENED:c-1,f-1,i0, conf=-1: [7fad1e98-7a6b-4998-a30c-ec1ab88068bc:192.168.157.233:35716, bdb27072-dd00-4d3b-a7da-41600e490ca3:192.168.157.233:42906, f6cfa8a2-85ff-4bb9-a246-101c53d2d47b:192.168.157.233:44618], old=null
2019-10-25 11:07:37,894 [f6cfa8a2-85ff-4bb9-a246-101c53d2d47b@group-49E82E920F3F-LeaderElection435] INFO  impl.LeaderElection (LeaderElection.java:askForVotes(178)) - f6cfa8a2-85ff-4bb9-a246-101c53d2d47b@group-49E82E920F3F-LeaderElection435: begin an election at term 6 for -1: [7fad1e98-7a6b-4998-a30c-ec1ab88068bc:192.168.157.233:35716, bdb27072-dd00-4d3b-a7da-41600e490ca3:192.168.157.233:42906, f6cfa8a2-85ff-4bb9-a246-101c53d2d47b:192.168.157.233:44618], old=null
2019-10-25 11:07:37,896 [grpc-default-executor-4] INFO  impl.RaftServerImpl (RaftServerImpl.java:setRole(184)) - 7fad1e98-7a6b-4998-a30c-ec1ab88068bc@group-49E82E920F3F: changes role from  FOLLOWER to FOLLOWER at term 6 for recognizeCandidate:f6cfa8a2-85ff-4bb9-a246-101c53d2d47b
2019-10-25 11:07:37,896 [grpc-default-executor-5] INFO  impl.RaftServerImpl (RaftServerImpl.java:setRole(184)) - bdb27072-dd00-4d3b-a7da-41600e490ca3@group-49E82E920F3F: changes role from  FOLLOWER to FOLLOWER at term 6 for recognizeCandidate:f6cfa8a2-85ff-4bb9-a246-101c53d2d47b
2019-10-25 11:07:37,896 [grpc-default-executor-5] INFO  impl.RoleInfo (RoleInfo.java:shutdownFollowerState(121)) - bdb27072-dd00-4d3b-a7da-41600e490ca3: shutdown FollowerState
2019-10-25 11:07:37,896 [grpc-default-executor-4] INFO  impl.RoleInfo (RoleInfo.java:shutdownFollowerState(121)) - 7fad1e98-7a6b-4998-a30c-ec1ab88068bc: shutdown FollowerState
2019-10-25 11:07:37,896 [Thread-3741] INFO  impl.FollowerState (FollowerState.java:run(117)) - bdb27072-dd00-4d3b-a7da-41600e490ca3@group-49E82E920F3F-FollowerState was interrupted: java.lang.InterruptedException: sleep interrupted
2019-10-25 11:07:37,896 [grpc-default-executor-5] INFO  impl.RoleInfo (RoleInfo.java:updateAndGet(143)) - bdb27072-dd00-4d3b-a7da-41600e490ca3: start FollowerState
2019-10-25 11:07:37,896 [Thread-3740] INFO  impl.FollowerState (FollowerState.java:run(117)) - 7fad1e98-7a6b-4998-a30c-ec1ab88068bc@group-49E82E920F3F-FollowerState was interrupted: java.lang.InterruptedException: sleep interrupted
2019-10-25 11:07:37,896 [grpc-default-executor-4] INFO  impl.RoleInfo (RoleInfo.java:updateAndGet(143)) - 7fad1e98-7a6b-4998-a30c-ec1ab88068bc: start FollowerState
2019-10-25 11:07:37,908 [f6cfa8a2-85ff-4bb9-a246-101c53d2d47b@group-49E82E920F3F-LeaderElection435] INFO  impl.LeaderElection (LeaderElection.java:logAndReturn(56)) - f6cfa8a2-85ff-4bb9-a246-101c53d2d47b@group-49E82E920F3F-LeaderElection435: Election REJECTED; received 2 response(s) [f6cfa8a2-85ff-4bb9-a246-101c53d2d47b<-7fad1e98-7a6b-4998-a30c-ec1ab88068bc#0:FAIL-t6, f6cfa8a2-85ff-4bb9-a246-101c53d2d47b<-bdb27072-dd00-4d3b-a7da-41600e490ca3#0:FAIL-t6] and 0 exception(s); f6cfa8a2-85ff-4bb9-a246-101c53d2d47b@group-49E82E920F3F:t6, leader=null, voted=f6cfa8a2-85ff-4bb9-a246-101c53d2d47b, raftlog=f6cfa8a2-85ff-4bb9-a246-101c53d2d47b@group-49E82E920F3F-SegmentedRaftLog:OPENED:c-1,f-1,i0, conf=-1: [7fad1e98-7a6b-4998-a30c-ec1ab88068bc:192.168.157.233:35716, bdb27072-dd00-4d3b-a7da-41600e490ca3:192.168.157.233:42906, f6cfa8a2-85ff-4bb9-a246-101c53d2d47b:192.168.157.233:44618], old=null
2019-10-25 11:07:37,908 [f6cfa8a2-85ff-4bb9-a246-101c53d2d47b@group-49E82E920F3F-LeaderElection435] INFO  impl.RaftServerImpl (RaftServerImpl.java:setRole(184)) - f6cfa8a2-85ff-4bb9-a246-101c53d2d47b@group-49E82E920F3F: changes role from CANDIDATE to FOLLOWER at term 6 for DISCOVERED_A_NEW_TERM
2019-10-25 11:07:37,908 [f6cfa8a2-85ff-4bb9-a246-101c53d2d47b@group-49E82E920F3F-LeaderElection435] INFO  impl.RoleInfo (RoleInfo.java:shutdownLeaderElection(134)) - f6cfa8a2-85ff-4bb9-a246-101c53d2d47b: shutdown LeaderElection
2019-10-25 11:07:37,908 [f6cfa8a2-85ff-4bb9-a246-101c53d2d47b@group-49E82E920F3F-LeaderElection435] INFO  impl.RoleInfo (RoleInfo.java:updateAndGet(143)) - f6cfa8a2-85ff-4bb9-a246-101c53d2d47b: start FollowerState
2019-10-25 11:07:37,955 [Thread-3747] INFO  impl.FollowerState (FollowerState.java:run(108)) - f6cfa8a2-85ff-4bb9-a246-101c53d2d47b@group-49E82E920F3F-FollowerState: change to CANDIDATE, lastRpcTime:46ms, electionTimeout:46ms
2019-10-25 11:07:37,955 [Thread-3747] INFO  impl.RoleInfo (RoleInfo.java:shutdownFollowerState(121)) - f6cfa8a2-85ff-4bb9-a246-101c53d2d47b: shutdown FollowerState
2019-10-25 11:07:37,955 [Thread-3747] INFO  impl.RaftServerImpl (RaftServerImpl.java:setRole(184)) - f6cfa8a2-85ff-4bb9-a246-101c53d2d47b@group-49E82E920F3F: changes role from  FOLLOWER to CANDIDATE at term 6 for changeToCandidate
2019-10-25 11:07:37,955 [Thread-3747] INFO  impl.RoleInfo (RoleInfo.java:updateAndGet(143)) - f6cfa8a2-85ff-4bb9-a246-101c53d2d47b: start LeaderElection
2019-10-25 11:07:37,964 [f6cfa8a2-85ff-4bb9-a246-101c53d2d47b@group-49E82E920F3F-LeaderElection436] INFO  impl.LeaderElection (LeaderElection.java:askForVotes(178)) - f6cfa8a2-85ff-4bb9-a246-101c53d2d47b@group-49E82E920F3F-LeaderElection436: begin an election at term 7 for -1: [7fad1e98-7a6b-4998-a30c-ec1ab88068bc:192.168.157.233:35716, bdb27072-dd00-4d3b-a7da-41600e490ca3:192.168.157.233:42906, f6cfa8a2-85ff-4bb9-a246-101c53d2d47b:192.168.157.233:44618], old=null
2019-10-25 11:07:37,966 [grpc-default-executor-4] INFO  impl.RaftServerImpl (RaftServerImpl.java:setRole(184)) - 7fad1e98-7a6b-4998-a30c-ec1ab88068bc@group-49E82E920F3F: changes role from  FOLLOWER to FOLLOWER at term 7 for recognizeCandidate:f6cfa8a2-85ff-4bb9-a246-101c53d2d47b
2019-10-25 11:07:37,966 [grpc-default-executor-5] INFO  impl.RaftServerImpl (RaftServerImpl.java:setRole(184)) - bdb27072-dd00-4d3b-a7da-41600e490ca3@group-49E82E920F3F: changes role from  FOLLOWER to FOLLOWER at term 7 for recognizeCandidate:f6cfa8a2-85ff-4bb9-a246-101c53d2d47b
2019-10-25 11:07:37,966 [grpc-default-executor-4] INFO  impl.RoleInfo (RoleInfo.java:shutdownFollowerState(121)) - 7fad1e98-7a6b-4998-a30c-ec1ab88068bc: shutdown FollowerState
2019-10-25 11:07:37,966 [grpc-default-executor-5] INFO  impl.RoleInfo (RoleInfo.java:shutdownFollowerState(121)) - bdb27072-dd00-4d3b-a7da-41600e490ca3: shutdown FollowerState
2019-10-25 11:07:37,966 [Thread-3745] INFO  impl.FollowerState (FollowerState.java:run(117)) - 7fad1e98-7a6b-4998-a30c-ec1ab88068bc@group-49E82E920F3F-FollowerState was interrupted: java.lang.InterruptedException: sleep interrupted
2019-10-25 11:07:37,966 [grpc-default-executor-4] INFO  impl.RoleInfo (RoleInfo.java:updateAndGet(143)) - 7fad1e98-7a6b-4998-a30c-ec1ab88068bc: start FollowerState
2019-10-25 11:07:37,966 [Thread-3744] INFO  impl.FollowerState (FollowerState.java:run(117)) - bdb27072-dd00-4d3b-a7da-41600e490ca3@group-49E82E920F3F-FollowerState was interrupted: java.lang.InterruptedException: sleep interrupted
2019-10-25 11:07:37,966 [grpc-default-executor-5] INFO  impl.RoleInfo (RoleInfo.java:updateAndGet(143)) - bdb27072-dd00-4d3b-a7da-41600e490ca3: start FollowerState
2019-10-25 11:07:37,973 [f6cfa8a2-85ff-4bb9-a246-101c53d2d47b@group-49E82E920F3F-LeaderElection436] INFO  impl.LeaderElection (LeaderElection.java:logAndReturn(56)) - f6cfa8a2-85ff-4bb9-a246-101c53d2d47b@group-49E82E920F3F-LeaderElection436: Election REJECTED; received 2 response(s) [f6cfa8a2-85ff-4bb9-a246-101c53d2d47b<-7fad1e98-7a6b-4998-a30c-ec1ab88068bc#0:FAIL-t7, f6cfa8a2-85ff-4bb9-a246-101c53d2d47b<-bdb27072-dd00-4d3b-a7da-41600e490ca3#0:FAIL-t7] and 0 exception(s); f6cfa8a2-85ff-4bb9-a246-101c53d2d47b@group-49E82E920F3F:t7, leader=null, voted=f6cfa8a2-85ff-4bb9-a246-101c53d2d47b, raftlog=f6cfa8a2-85ff-4bb9-a246-101c53d2d47b@group-49E82E920F3F-SegmentedRaftLog:OPENED:c-1,f-1,i0, conf=-1: [7fad1e98-7a6b-4998-a30c-ec1ab88068bc:192.168.157.233:35716, bdb27072-dd00-4d3b-a7da-41600e490ca3:192.168.157.233:42906, f6cfa8a2-85ff-4bb9-a246-101c53d2d47b:192.168.157.233:44618], old=null
2019-10-25 11:07:37,973 [f6cfa8a2-85ff-4bb9-a246-101c53d2d47b@group-49E82E920F3F-LeaderElection436] INFO  impl.RaftServerImpl (RaftServerImpl.java:setRole(184)) - f6cfa8a2-85ff-4bb9-a246-101c53d2d47b@group-49E82E920F3F: changes role from CANDIDATE to FOLLOWER at term 7 for DISCOVERED_A_NEW_TERM
2019-10-25 11:07:37,973 [f6cfa8a2-85ff-4bb9-a246-101c53d2d47b@group-49E82E920F3F-LeaderElection436] INFO  impl.RoleInfo (RoleInfo.java:shutdownLeaderElection(134)) - f6cfa8a2-85ff-4bb9-a246-101c53d2d47b: shutdown LeaderElection
2019-10-25 11:07:37,973 [f6cfa8a2-85ff-4bb9-a246-101c53d2d47b@group-49E82E920F3F-LeaderElection436] INFO  impl.RoleInfo (RoleInfo.java:updateAndGet(143)) - f6cfa8a2-85ff-4bb9-a246-101c53d2d47b: start FollowerState
2019-10-25 11:07:38,050 [EventQueue-CloseContainerForCloseContainerEventHandler] INFO  container.CloseContainerEventHandler (CloseContainerEventHandler.java:onMessage(61)) - Close container Event triggered for container : #1
2019-10-25 11:07:38,054 [EventQueue-CloseContainerForCloseContainerEventHandler] INFO  container.CloseContainerEventHandler (CloseContainerEventHandler.java:onMessage(61)) - Close container Event triggered for container : #1
2019-10-25 11:07:38,054 [EventQueue-CloseContainerForCloseContainerEventHandler] INFO  container.CloseContainerEventHandler (CloseContainerEventHandler.java:onMessage(61)) - Close container Event triggered for container : #1
2019-10-25 11:07:38,130 [Thread-3756] INFO  impl.FollowerState (FollowerState.java:run(108)) - f6cfa8a2-85ff-4bb9-a246-101c53d2d47b@group-49E82E920F3F-FollowerState: change to CANDIDATE, lastRpcTime:157ms, electionTimeout:157ms
2019-10-25 11:07:38,130 [Thread-3756] INFO  impl.RoleInfo (RoleInfo.java:shutdownFollowerState(121)) - f6cfa8a2-85ff-4bb9-a246-101c53d2d47b: shutdown FollowerState
2019-10-25 11:07:38,131 [Thread-3756] INFO  impl.RaftServerImpl (RaftServerImpl.java:setRole(184)) - f6cfa8a2-85ff-4bb9-a246-101c53d2d47b@group-49E82E920F3F: changes role from  FOLLOWER to CANDIDATE at term 7 for changeToCandidate
2019-10-25 11:07:38,131 [Thread-3756] INFO  impl.RoleInfo (RoleInfo.java:updateAndGet(143)) - f6cfa8a2-85ff-4bb9-a246-101c53d2d47b: start LeaderElection
2019-10-25 11:07:38,144 [f6cfa8a2-85ff-4bb9-a246-101c53d2d47b@group-49E82E920F3F-LeaderElection437] INFO  impl.LeaderElection (LeaderElection.java:askForVotes(178)) - f6cfa8a2-85ff-4bb9-a246-101c53d2d47b@group-49E82E920F3F-LeaderElection437: begin an election at term 8 for -1: [7fad1e98-7a6b-4998-a30c-ec1ab88068bc:192.168.157.233:35716, bdb27072-dd00-4d3b-a7da-41600e490ca3:192.168.157.233:42906, f6cfa8a2-85ff-4bb9-a246-101c53d2d47b:192.168.157.233:44618], old=null
2019-10-25 11:07:38,146 [grpc-default-executor-5] INFO  impl.RaftServerImpl (RaftServerImpl.java:setRole(184)) - 7fad1e98-7a6b-4998-a30c-ec1ab88068bc@group-49E82E920F3F: changes role from  FOLLOWER to FOLLOWER at term 8 for recognizeCandidate:f6cfa8a2-85ff-4bb9-a246-101c53d2d47b
2019-10-25 11:07:38,146 [grpc-default-executor-7] INFO  impl.RaftServerImpl (RaftServerImpl.java:setRole(184)) - bdb27072-dd00-4d3b-a7da-41600e490ca3@group-49E82E920F3F: changes role from  FOLLOWER to FOLLOWER at term 8 for recognizeCandidate:f6cfa8a2-85ff-4bb9-a246-101c53d2d47b
2019-10-25 11:07:38,147 [grpc-default-executor-5] INFO  impl.RoleInfo (RoleInfo.java:shutdownFollowerState(121)) - 7fad1e98-7a6b-4998-a30c-ec1ab88068bc: shutdown FollowerState
2019-10-25 11:07:38,147 [grpc-default-executor-7] INFO  impl.RoleInfo (RoleInfo.java:shutdownFollowerState(121)) - bdb27072-dd00-4d3b-a7da-41600e490ca3: shutdown FollowerState
2019-10-25 11:07:38,147 [Thread-3754] INFO  impl.FollowerState (FollowerState.java:run(117)) - 7fad1e98-7a6b-4998-a30c-ec1ab88068bc@group-49E82E920F3F-FollowerState was interrupted: java.lang.InterruptedException: sleep interrupted
2019-10-25 11:07:38,147 [grpc-default-executor-5] INFO  impl.RoleInfo (RoleInfo.java:updateAndGet(143)) - 7fad1e98-7a6b-4998-a30c-ec1ab88068bc: start FollowerState
2019-10-25 11:07:38,147 [Thread-3755] INFO  impl.FollowerState (FollowerState.java:run(117)) - bdb27072-dd00-4d3b-a7da-41600e490ca3@group-49E82E920F3F-FollowerState was interrupted: java.lang.InterruptedException: sleep interrupted
2019-10-25 11:07:38,147 [grpc-default-executor-7] INFO  impl.RoleInfo (RoleInfo.java:updateAndGet(143)) - bdb27072-dd00-4d3b-a7da-41600e490ca3: start FollowerState
2019-10-25 11:07:38,162 [f6cfa8a2-85ff-4bb9-a246-101c53d2d47b@group-49E82E920F3F-LeaderElection437] INFO  impl.LeaderElection (LeaderElection.java:logAndReturn(56)) - f6cfa8a2-85ff-4bb9-a246-101c53d2d47b@group-49E82E920F3F-LeaderElection437: Election REJECTED; received 2 response(s) [f6cfa8a2-85ff-4bb9-a246-101c53d2d47b<-7fad1e98-7a6b-4998-a30c-ec1ab88068bc#0:FAIL-t8, f6cfa8a2-85ff-4bb9-a246-101c53d2d47b<-bdb27072-dd00-4d3b-a7da-41600e490ca3#0:FAIL-t8] and 0 exception(s); f6cfa8a2-85ff-4bb9-a246-101c53d2d47b@group-49E82E920F3F:t8, leader=null, voted=f6cfa8a2-85ff-4bb9-a246-101c53d2d47b, raftlog=f6cfa8a2-85ff-4bb9-a246-101c53d2d47b@group-49E82E920F3F-SegmentedRaftLog:OPENED:c-1,f-1,i0, conf=-1: [7fad1e98-7a6b-4998-a30c-ec1ab88068bc:192.168.157.233:35716, bdb27072-dd00-4d3b-a7da-41600e490ca3:192.168.157.233:42906, f6cfa8a2-85ff-4bb9-a246-101c53d2d47b:192.168.157.233:44618], old=null
2019-10-25 11:07:38,162 [f6cfa8a2-85ff-4bb9-a246-101c53d2d47b@group-49E82E920F3F-LeaderElection437] INFO  impl.RaftServerImpl (RaftServerImpl.java:setRole(184)) - f6cfa8a2-85ff-4bb9-a246-101c53d2d47b@group-49E82E920F3F: changes role from CANDIDATE to FOLLOWER at term 8 for DISCOVERED_A_NEW_TERM
2019-10-25 11:07:38,162 [f6cfa8a2-85ff-4bb9-a246-101c53d2d47b@group-49E82E920F3F-LeaderElection437] INFO  impl.RoleInfo (RoleInfo.java:shutdownLeaderElection(134)) - f6cfa8a2-85ff-4bb9-a246-101c53d2d47b: shutdown LeaderElection
2019-10-25 11:07:38,162 [f6cfa8a2-85ff-4bb9-a246-101c53d2d47b@group-49E82E920F3F-LeaderElection437] INFO  impl.RoleInfo (RoleInfo.java:updateAndGet(143)) - f6cfa8a2-85ff-4bb9-a246-101c53d2d47b: start FollowerState
2019-10-25 11:07:38,164 [Thread-3778] INFO  impl.FollowerState (FollowerState.java:run(108)) - f6cfa8a2-85ff-4bb9-a246-101c53d2d47b@group-49E82E920F3F-FollowerState: change to CANDIDATE, lastRpcTime:1ms, electionTimeout:1ms
2019-10-25 11:07:38,164 [Thread-3778] INFO  impl.RoleInfo (RoleInfo.java:shutdownFollowerState(121)) - f6cfa8a2-85ff-4bb9-a246-101c53d2d47b: shutdown FollowerState
2019-10-25 11:07:38,164 [Thread-3778] INFO  impl.RaftServerImpl (RaftServerImpl.java:setRole(184)) - f6cfa8a2-85ff-4bb9-a246-101c53d2d47b@group-49E82E920F3F: changes role from  FOLLOWER to CANDIDATE at term 8 for changeToCandidate
2019-10-25 11:07:38,164 [Thread-3778] INFO  impl.RoleInfo (RoleInfo.java:updateAndGet(143)) - f6cfa8a2-85ff-4bb9-a246-101c53d2d47b: start LeaderElection
2019-10-25 11:07:38,178 [f6cfa8a2-85ff-4bb9-a246-101c53d2d47b@group-49E82E920F3F-LeaderElection438] INFO  impl.LeaderElection (LeaderElection.java:askForVotes(178)) - f6cfa8a2-85ff-4bb9-a246-101c53d2d47b@group-49E82E920F3F-LeaderElection438: begin an election at term 9 for -1: [7fad1e98-7a6b-4998-a30c-ec1ab88068bc:192.168.157.233:35716, bdb27072-dd00-4d3b-a7da-41600e490ca3:192.168.157.233:42906, f6cfa8a2-85ff-4bb9-a246-101c53d2d47b:192.168.157.233:44618], old=null
2019-10-25 11:07:38,179 [grpc-default-executor-5] INFO  impl.RaftServerImpl (RaftServerImpl.java:setRole(184)) - 7fad1e98-7a6b-4998-a30c-ec1ab88068bc@group-49E82E920F3F: changes role from  FOLLOWER to FOLLOWER at term 9 for recognizeCandidate:f6cfa8a2-85ff-4bb9-a246-101c53d2d47b
2019-10-25 11:07:38,179 [grpc-default-executor-5] INFO  impl.RoleInfo (RoleInfo.java:shutdownFollowerState(121)) - 7fad1e98-7a6b-4998-a30c-ec1ab88068bc: shutdown FollowerState
2019-10-25 11:07:38,179 [grpc-default-executor-7] INFO  impl.RaftServerImpl (RaftServerImpl.java:setRole(184)) - bdb27072-dd00-4d3b-a7da-41600e490ca3@group-49E82E920F3F: changes role from  FOLLOWER to FOLLOWER at term 9 for recognizeCandidate:f6cfa8a2-85ff-4bb9-a246-101c53d2d47b
2019-10-25 11:07:38,179 [grpc-default-executor-7] INFO  impl.RoleInfo (RoleInfo.java:shutdownFollowerState(121)) - bdb27072-dd00-4d3b-a7da-41600e490ca3: shutdown FollowerState
2019-10-25 11:07:38,179 [Thread-3776] INFO  impl.FollowerState (FollowerState.java:run(117)) - 7fad1e98-7a6b-4998-a30c-ec1ab88068bc@group-49E82E920F3F-FollowerState was interrupted: java.lang.InterruptedException: sleep interrupted
2019-10-25 11:07:38,179 [grpc-default-executor-5] INFO  impl.RoleInfo (RoleInfo.java:updateAndGet(143)) - 7fad1e98-7a6b-4998-a30c-ec1ab88068bc: start FollowerState
2019-10-25 11:07:38,180 [Thread-3777] INFO  impl.FollowerState (FollowerState.java:run(117)) - bdb27072-dd00-4d3b-a7da-41600e490ca3@group-49E82E920F3F-FollowerState was interrupted: java.lang.InterruptedException: sleep interrupted
2019-10-25 11:07:38,179 [grpc-default-executor-7] INFO  impl.RoleInfo (RoleInfo.java:updateAndGet(143)) - bdb27072-dd00-4d3b-a7da-41600e490ca3: start FollowerState
2019-10-25 11:07:38,194 [f6cfa8a2-85ff-4bb9-a246-101c53d2d47b@group-49E82E920F3F-LeaderElection438] INFO  impl.LeaderElection (LeaderElection.java:logAndReturn(56)) - f6cfa8a2-85ff-4bb9-a246-101c53d2d47b@group-49E82E920F3F-LeaderElection438: Election REJECTED; received 2 response(s) [f6cfa8a2-85ff-4bb9-a246-101c53d2d47b<-7fad1e98-7a6b-4998-a30c-ec1ab88068bc#0:FAIL-t9, f6cfa8a2-85ff-4bb9-a246-101c53d2d47b<-bdb27072-dd00-4d3b-a7da-41600e490ca3#0:FAIL-t9] and 0 exception(s); f6cfa8a2-85ff-4bb9-a246-101c53d2d47b@group-49E82E920F3F:t9, leader=null, voted=f6cfa8a2-85ff-4bb9-a246-101c53d2d47b, raftlog=f6cfa8a2-85ff-4bb9-a246-101c53d2d47b@group-49E82E920F3F-SegmentedRaftLog:OPENED:c-1,f-1,i0, conf=-1: [7fad1e98-7a6b-4998-a30c-ec1ab88068bc:192.168.157.233:35716, bdb27072-dd00-4d3b-a7da-41600e490ca3:192.168.157.233:42906, f6cfa8a2-85ff-4bb9-a246-101c53d2d47b:192.168.157.233:44618], old=null
2019-10-25 11:07:38,194 [f6cfa8a2-85ff-4bb9-a246-101c53d2d47b@group-49E82E920F3F-LeaderElection438] INFO  impl.RaftServerImpl (RaftServerImpl.java:setRole(184)) - f6cfa8a2-85ff-4bb9-a246-101c53d2d47b@group-49E82E920F3F: changes role from CANDIDATE to FOLLOWER at term 9 for DISCOVERED_A_NEW_TERM
2019-10-25 11:07:38,194 [f6cfa8a2-85ff-4bb9-a246-101c53d2d47b@group-49E82E920F3F-LeaderElection438] INFO  impl.RoleInfo (RoleInfo.java:shutdownLeaderElection(134)) - f6cfa8a2-85ff-4bb9-a246-101c53d2d47b: shutdown LeaderElection
2019-10-25 11:07:38,194 [f6cfa8a2-85ff-4bb9-a246-101c53d2d47b@group-49E82E920F3F-LeaderElection438] INFO  impl.RoleInfo (RoleInfo.java:updateAndGet(143)) - f6cfa8a2-85ff-4bb9-a246-101c53d2d47b: start FollowerState
2019-10-25 11:07:38,267 [Thread-3784] INFO  impl.FollowerState (FollowerState.java:run(108)) - f6cfa8a2-85ff-4bb9-a246-101c53d2d47b@group-49E82E920F3F-FollowerState: change to CANDIDATE, lastRpcTime:72ms, electionTimeout:72ms
2019-10-25 11:07:38,267 [Thread-3784] INFO  impl.RoleInfo (RoleInfo.java:shutdownFollowerState(121)) - f6cfa8a2-85ff-4bb9-a246-101c53d2d47b: shutdown FollowerState
2019-10-25 11:07:38,267 [Thread-3784] INFO  impl.RaftServerImpl (RaftServerImpl.java:setRole(184)) - f6cfa8a2-85ff-4bb9-a246-101c53d2d47b@group-49E82E920F3F: changes role from  FOLLOWER to CANDIDATE at term 9 for changeToCandidate
2019-10-25 11:07:38,267 [Thread-3784] INFO  impl.RoleInfo (RoleInfo.java:updateAndGet(143)) - f6cfa8a2-85ff-4bb9-a246-101c53d2d47b: start LeaderElection
2019-10-25 11:07:38,280 [f6cfa8a2-85ff-4bb9-a246-101c53d2d47b@group-49E82E920F3F-LeaderElection439] INFO  impl.LeaderElection (LeaderElection.java:askForVotes(178)) - f6cfa8a2-85ff-4bb9-a246-101c53d2d47b@group-49E82E920F3F-LeaderElection439: begin an election at term 10 for -1: [7fad1e98-7a6b-4998-a30c-ec1ab88068bc:192.168.157.233:35716, bdb27072-dd00-4d3b-a7da-41600e490ca3:192.168.157.233:42906, f6cfa8a2-85ff-4bb9-a246-101c53d2d47b:192.168.157.233:44618], old=null
2019-10-25 11:07:38,281 [grpc-default-executor-7] INFO  impl.RaftServerImpl (RaftServerImpl.java:setRole(184)) - 7fad1e98-7a6b-4998-a30c-ec1ab88068bc@group-49E82E920F3F: changes role from  FOLLOWER to FOLLOWER at term 10 for recognizeCandidate:f6cfa8a2-85ff-4bb9-a246-101c53d2d47b
2019-10-25 11:07:38,281 [grpc-default-executor-5] INFO  impl.RaftServerImpl (RaftServerImpl.java:setRole(184)) - bdb27072-dd00-4d3b-a7da-41600e490ca3@group-49E82E920F3F: changes role from  FOLLOWER to FOLLOWER at term 10 for recognizeCandidate:f6cfa8a2-85ff-4bb9-a246-101c53d2d47b
2019-10-25 11:07:38,281 [grpc-default-executor-7] INFO  impl.RoleInfo (RoleInfo.java:shutdownFollowerState(121)) - 7fad1e98-7a6b-4998-a30c-ec1ab88068bc: shutdown FollowerState
2019-10-25 11:07:38,282 [grpc-default-executor-5] INFO  impl.RoleInfo (RoleInfo.java:shutdownFollowerState(121)) - bdb27072-dd00-4d3b-a7da-41600e490ca3: shutdown FollowerState
2019-10-25 11:07:38,282 [Thread-3782] INFO  impl.FollowerState (FollowerState.java:run(117)) - 7fad1e98-7a6b-4998-a30c-ec1ab88068bc@group-49E82E920F3F-FollowerState was interrupted: java.lang.InterruptedException: sleep interrupted
2019-10-25 11:07:38,282 [grpc-default-executor-7] INFO  impl.RoleInfo (RoleInfo.java:updateAndGet(143)) - 7fad1e98-7a6b-4998-a30c-ec1ab88068bc: start FollowerState
2019-10-25 11:07:38,282 [Thread-3783] INFO  impl.FollowerState (FollowerState.java:run(117)) - bdb27072-dd00-4d3b-a7da-41600e490ca3@group-49E82E920F3F-FollowerState was interrupted: java.lang.InterruptedException: sleep interrupted
2019-10-25 11:07:38,282 [grpc-default-executor-5] INFO  impl.RoleInfo (RoleInfo.java:updateAndGet(143)) - bdb27072-dd00-4d3b-a7da-41600e490ca3: start FollowerState
2019-10-25 11:07:38,305 [f6cfa8a2-85ff-4bb9-a246-101c53d2d47b@group-49E82E920F3F-LeaderElection439] INFO  impl.LeaderElection (LeaderElection.java:logAndReturn(56)) - f6cfa8a2-85ff-4bb9-a246-101c53d2d47b@group-49E82E920F3F-LeaderElection439: Election REJECTED; received 2 response(s) [f6cfa8a2-85ff-4bb9-a246-101c53d2d47b<-7fad1e98-7a6b-4998-a30c-ec1ab88068bc#0:FAIL-t10, f6cfa8a2-85ff-4bb9-a246-101c53d2d47b<-bdb27072-dd00-4d3b-a7da-41600e490ca3#0:FAIL-t10] and 0 exception(s); f6cfa8a2-85ff-4bb9-a246-101c53d2d47b@group-49E82E920F3F:t10, leader=null, voted=f6cfa8a2-85ff-4bb9-a246-101c53d2d47b, raftlog=f6cfa8a2-85ff-4bb9-a246-101c53d2d47b@group-49E82E920F3F-SegmentedRaftLog:OPENED:c-1,f-1,i0, conf=-1: [7fad1e98-7a6b-4998-a30c-ec1ab88068bc:192.168.157.233:35716, bdb27072-dd00-4d3b-a7da-41600e490ca3:192.168.157.233:42906, f6cfa8a2-85ff-4bb9-a246-101c53d2d47b:192.168.157.233:44618], old=null
2019-10-25 11:07:38,305 [f6cfa8a2-85ff-4bb9-a246-101c53d2d47b@group-49E82E920F3F-LeaderElection439] INFO  impl.RaftServerImpl (RaftServerImpl.java:setRole(184)) - f6cfa8a2-85ff-4bb9-a246-101c53d2d47b@group-49E82E920F3F: changes role from CANDIDATE to FOLLOWER at term 10 for DISCOVERED_A_NEW_TERM
2019-10-25 11:07:38,305 [f6cfa8a2-85ff-4bb9-a246-101c53d2d47b@group-49E82E920F3F-LeaderElection439] INFO  impl.RoleInfo (RoleInfo.java:shutdownLeaderElection(134)) - f6cfa8a2-85ff-4bb9-a246-101c53d2d47b: shutdown LeaderElection
2019-10-25 11:07:38,305 [f6cfa8a2-85ff-4bb9-a246-101c53d2d47b@group-49E82E920F3F-LeaderElection439] INFO  impl.RoleInfo (RoleInfo.java:updateAndGet(143)) - f6cfa8a2-85ff-4bb9-a246-101c53d2d47b: start FollowerState
2019-10-25 11:07:38,489 [Thread-3790] INFO  impl.FollowerState (FollowerState.java:run(108)) - f6cfa8a2-85ff-4bb9-a246-101c53d2d47b@group-49E82E920F3F-FollowerState: change to CANDIDATE, lastRpcTime:183ms, electionTimeout:183ms
2019-10-25 11:07:38,489 [Thread-3790] INFO  impl.RoleInfo (RoleInfo.java:shutdownFollowerState(121)) - f6cfa8a2-85ff-4bb9-a246-101c53d2d47b: shutdown FollowerState
2019-10-25 11:07:38,489 [Thread-3790] INFO  impl.RaftServerImpl (RaftServerImpl.java:setRole(184)) - f6cfa8a2-85ff-4bb9-a246-101c53d2d47b@group-49E82E920F3F: changes role from  FOLLOWER to CANDIDATE at term 10 for changeToCandidate
2019-10-25 11:07:38,489 [Thread-3790] INFO  impl.RoleInfo (RoleInfo.java:updateAndGet(143)) - f6cfa8a2-85ff-4bb9-a246-101c53d2d47b: start LeaderElection
2019-10-25 11:07:38,503 [f6cfa8a2-85ff-4bb9-a246-101c53d2d47b@group-49E82E920F3F-LeaderElection440] INFO  impl.LeaderElection (LeaderElection.java:askForVotes(178)) - f6cfa8a2-85ff-4bb9-a246-101c53d2d47b@group-49E82E920F3F-LeaderElection440: begin an election at term 11 for -1: [7fad1e98-7a6b-4998-a30c-ec1ab88068bc:192.168.157.233:35716, bdb27072-dd00-4d3b-a7da-41600e490ca3:192.168.157.233:42906, f6cfa8a2-85ff-4bb9-a246-101c53d2d47b:192.168.157.233:44618], old=null
2019-10-25 11:07:38,506 [grpc-default-executor-7] INFO  impl.RaftServerImpl (RaftServerImpl.java:setRole(184)) - 7fad1e98-7a6b-4998-a30c-ec1ab88068bc@group-49E82E920F3F: changes role from  FOLLOWER to FOLLOWER at term 11 for recognizeCandidate:f6cfa8a2-85ff-4bb9-a246-101c53d2d47b
2019-10-25 11:07:38,506 [grpc-default-executor-5] INFO  impl.RaftServerImpl (RaftServerImpl.java:setRole(184)) - bdb27072-dd00-4d3b-a7da-41600e490ca3@group-49E82E920F3F: changes role from  FOLLOWER to FOLLOWER at term 11 for recognizeCandidate:f6cfa8a2-85ff-4bb9-a246-101c53d2d47b
2019-10-25 11:07:38,506 [grpc-default-executor-7] INFO  impl.RoleInfo (RoleInfo.java:shutdownFollowerState(121)) - 7fad1e98-7a6b-4998-a30c-ec1ab88068bc: shutdown FollowerState
2019-10-25 11:07:38,506 [grpc-default-executor-5] INFO  impl.RoleInfo (RoleInfo.java:shutdownFollowerState(121)) - bdb27072-dd00-4d3b-a7da-41600e490ca3: shutdown FollowerState
2019-10-25 11:07:38,506 [Thread-3788] INFO  impl.FollowerState (FollowerState.java:run(117)) - 7fad1e98-7a6b-4998-a30c-ec1ab88068bc@group-49E82E920F3F-FollowerState was interrupted: java.lang.InterruptedException: sleep interrupted
2019-10-25 11:07:38,506 [grpc-default-executor-7] INFO  impl.RoleInfo (RoleInfo.java:updateAndGet(143)) - 7fad1e98-7a6b-4998-a30c-ec1ab88068bc: start FollowerState
2019-10-25 11:07:38,506 [Thread-3789] INFO  impl.FollowerState (FollowerState.java:run(117)) - bdb27072-dd00-4d3b-a7da-41600e490ca3@group-49E82E920F3F-FollowerState was interrupted: java.lang.InterruptedException: sleep interrupted
2019-10-25 11:07:38,506 [grpc-default-executor-5] INFO  impl.RoleInfo (RoleInfo.java:updateAndGet(143)) - bdb27072-dd00-4d3b-a7da-41600e490ca3: start FollowerState
2019-10-25 11:07:38,521 [f6cfa8a2-85ff-4bb9-a246-101c53d2d47b@group-49E82E920F3F-LeaderElection440] INFO  impl.LeaderElection (LeaderElection.java:logAndReturn(56)) - f6cfa8a2-85ff-4bb9-a246-101c53d2d47b@group-49E82E920F3F-LeaderElection440: Election REJECTED; received 2 response(s) [f6cfa8a2-85ff-4bb9-a246-101c53d2d47b<-7fad1e98-7a6b-4998-a30c-ec1ab88068bc#0:FAIL-t11, f6cfa8a2-85ff-4bb9-a246-101c53d2d47b<-bdb27072-dd00-4d3b-a7da-41600e490ca3#0:FAIL-t11] and 0 exception(s); f6cfa8a2-85ff-4bb9-a246-101c53d2d47b@group-49E82E920F3F:t11, leader=null, voted=f6cfa8a2-85ff-4bb9-a246-101c53d2d47b, raftlog=f6cfa8a2-85ff-4bb9-a246-101c53d2d47b@group-49E82E920F3F-SegmentedRaftLog:OPENED:c-1,f-1,i0, conf=-1: [7fad1e98-7a6b-4998-a30c-ec1ab88068bc:192.168.157.233:35716, bdb27072-dd00-4d3b-a7da-41600e490ca3:192.168.157.233:42906, f6cfa8a2-85ff-4bb9-a246-101c53d2d47b:192.168.157.233:44618], old=null
2019-10-25 11:07:38,521 [f6cfa8a2-85ff-4bb9-a246-101c53d2d47b@group-49E82E920F3F-LeaderElection440] INFO  impl.RaftServerImpl (RaftServerImpl.java:setRole(184)) - f6cfa8a2-85ff-4bb9-a246-101c53d2d47b@group-49E82E920F3F: changes role from CANDIDATE to FOLLOWER at term 11 for DISCOVERED_A_NEW_TERM
2019-10-25 11:07:38,522 [f6cfa8a2-85ff-4bb9-a246-101c53d2d47b@group-49E82E920F3F-LeaderElection440] INFO  impl.RoleInfo (RoleInfo.java:shutdownLeaderElection(134)) - f6cfa8a2-85ff-4bb9-a246-101c53d2d47b: shutdown LeaderElection
2019-10-25 11:07:38,522 [f6cfa8a2-85ff-4bb9-a246-101c53d2d47b@group-49E82E920F3F-LeaderElection440] INFO  impl.RoleInfo (RoleInfo.java:updateAndGet(143)) - f6cfa8a2-85ff-4bb9-a246-101c53d2d47b: start FollowerState
2019-10-25 11:07:38,605 [Thread-3798] INFO  impl.FollowerState (FollowerState.java:run(108)) - f6cfa8a2-85ff-4bb9-a246-101c53d2d47b@group-49E82E920F3F-FollowerState: change to CANDIDATE, lastRpcTime:83ms, electionTimeout:83ms
2019-10-25 11:07:38,605 [Thread-3798] INFO  impl.RoleInfo (RoleInfo.java:shutdownFollowerState(121)) - f6cfa8a2-85ff-4bb9-a246-101c53d2d47b: shutdown FollowerState
2019-10-25 11:07:38,605 [Thread-3798] INFO  impl.RaftServerImpl (RaftServerImpl.java:setRole(184)) - f6cfa8a2-85ff-4bb9-a246-101c53d2d47b@group-49E82E920F3F: changes role from  FOLLOWER to CANDIDATE at term 11 for changeToCandidate
2019-10-25 11:07:38,605 [Thread-3798] INFO  impl.RoleInfo (RoleInfo.java:updateAndGet(143)) - f6cfa8a2-85ff-4bb9-a246-101c53d2d47b: start LeaderElection
2019-10-25 11:07:38,619 [f6cfa8a2-85ff-4bb9-a246-101c53d2d47b@group-49E82E920F3F-LeaderElection441] INFO  impl.LeaderElection (LeaderElection.java:askForVotes(178)) - f6cfa8a2-85ff-4bb9-a246-101c53d2d47b@group-49E82E920F3F-LeaderElection441: begin an election at term 12 for -1: [7fad1e98-7a6b-4998-a30c-ec1ab88068bc:192.168.157.233:35716, bdb27072-dd00-4d3b-a7da-41600e490ca3:192.168.157.233:42906, f6cfa8a2-85ff-4bb9-a246-101c53d2d47b:192.168.157.233:44618], old=null
2019-10-25 11:07:38,621 [grpc-default-executor-7] INFO  impl.RaftServerImpl (RaftServerImpl.java:setRole(184)) - 7fad1e98-7a6b-4998-a30c-ec1ab88068bc@group-49E82E920F3F: changes role from  FOLLOWER to FOLLOWER at term 12 for recognizeCandidate:f6cfa8a2-85ff-4bb9-a246-101c53d2d47b
2019-10-25 11:07:38,621 [grpc-default-executor-7] INFO  impl.RoleInfo (RoleInfo.java:shutdownFollowerState(121)) - 7fad1e98-7a6b-4998-a30c-ec1ab88068bc: shutdown FollowerState
2019-10-25 11:07:38,621 [grpc-default-executor-5] INFO  impl.RaftServerImpl (RaftServerImpl.java:setRole(184)) - bdb27072-dd00-4d3b-a7da-41600e490ca3@group-49E82E920F3F: changes role from  FOLLOWER to FOLLOWER at term 12 for recognizeCandidate:f6cfa8a2-85ff-4bb9-a246-101c53d2d47b
2019-10-25 11:07:38,621 [Thread-3796] INFO  impl.FollowerState (FollowerState.java:run(117)) - 7fad1e98-7a6b-4998-a30c-ec1ab88068bc@group-49E82E920F3F-FollowerState was interrupted: java.lang.InterruptedException: sleep interrupted
2019-10-25 11:07:38,621 [grpc-default-executor-7] INFO  impl.RoleInfo (RoleInfo.java:updateAndGet(143)) - 7fad1e98-7a6b-4998-a30c-ec1ab88068bc: start FollowerState
2019-10-25 11:07:38,621 [grpc-default-executor-5] INFO  impl.RoleInfo (RoleInfo.java:shutdownFollowerState(121)) - bdb27072-dd00-4d3b-a7da-41600e490ca3: shutdown FollowerState
2019-10-25 11:07:38,622 [grpc-default-executor-5] INFO  impl.RoleInfo (RoleInfo.java:updateAndGet(143)) - bdb27072-dd00-4d3b-a7da-41600e490ca3: start FollowerState
2019-10-25 11:07:38,622 [Thread-3797] INFO  impl.FollowerState (FollowerState.java:run(117)) - bdb27072-dd00-4d3b-a7da-41600e490ca3@group-49E82E920F3F-FollowerState was interrupted: java.lang.InterruptedException: sleep interrupted
2019-10-25 11:07:38,636 [f6cfa8a2-85ff-4bb9-a246-101c53d2d47b@group-49E82E920F3F-LeaderElection441] INFO  impl.LeaderElection (LeaderElection.java:logAndReturn(56)) - f6cfa8a2-85ff-4bb9-a246-101c53d2d47b@group-49E82E920F3F-LeaderElection441: Election REJECTED; received 2 response(s) [f6cfa8a2-85ff-4bb9-a246-101c53d2d47b<-7fad1e98-7a6b-4998-a30c-ec1ab88068bc#0:FAIL-t12, f6cfa8a2-85ff-4bb9-a246-101c53d2d47b<-bdb27072-dd00-4d3b-a7da-41600e490ca3#0:FAIL-t12] and 0 exception(s); f6cfa8a2-85ff-4bb9-a246-101c53d2d47b@group-49E82E920F3F:t12, leader=null, voted=f6cfa8a2-85ff-4bb9-a246-101c53d2d47b, raftlog=f6cfa8a2-85ff-4bb9-a246-101c53d2d47b@group-49E82E920F3F-SegmentedRaftLog:OPENED:c-1,f-1,i0, conf=-1: [7fad1e98-7a6b-4998-a30c-ec1ab88068bc:192.168.157.233:35716, bdb27072-dd00-4d3b-a7da-41600e490ca3:192.168.157.233:42906, f6cfa8a2-85ff-4bb9-a246-101c53d2d47b:192.168.157.233:44618], old=null
2019-10-25 11:07:38,636 [f6cfa8a2-85ff-4bb9-a246-101c53d2d47b@group-49E82E920F3F-LeaderElection441] INFO  impl.RaftServerImpl (RaftServerImpl.java:setRole(184)) - f6cfa8a2-85ff-4bb9-a246-101c53d2d47b@group-49E82E920F3F: changes role from CANDIDATE to FOLLOWER at term 12 for DISCOVERED_A_NEW_TERM
2019-10-25 11:07:38,636 [f6cfa8a2-85ff-4bb9-a246-101c53d2d47b@group-49E82E920F3F-LeaderElection441] INFO  impl.RoleInfo (RoleInfo.java:shutdownLeaderElection(134)) - f6cfa8a2-85ff-4bb9-a246-101c53d2d47b: shutdown LeaderElection
2019-10-25 11:07:38,636 [f6cfa8a2-85ff-4bb9-a246-101c53d2d47b@group-49E82E920F3F-LeaderElection441] INFO  impl.RoleInfo (RoleInfo.java:updateAndGet(143)) - f6cfa8a2-85ff-4bb9-a246-101c53d2d47b: start FollowerState
2019-10-25 11:07:38,732 [Thread-3806] INFO  impl.FollowerState (FollowerState.java:run(108)) - f6cfa8a2-85ff-4bb9-a246-101c53d2d47b@group-49E82E920F3F-FollowerState: change to CANDIDATE, lastRpcTime:95ms, electionTimeout:95ms
2019-10-25 11:07:38,732 [Thread-3806] INFO  impl.RoleInfo (RoleInfo.java:shutdownFollowerState(121)) - f6cfa8a2-85ff-4bb9-a246-101c53d2d47b: shutdown FollowerState
2019-10-25 11:07:38,732 [Thread-3806] INFO  impl.RaftServerImpl (RaftServerImpl.java:setRole(184)) - f6cfa8a2-85ff-4bb9-a246-101c53d2d47b@group-49E82E920F3F: changes role from  FOLLOWER to CANDIDATE at term 12 for changeToCandidate
2019-10-25 11:07:38,732 [Thread-3806] INFO  impl.RoleInfo (RoleInfo.java:updateAndGet(143)) - f6cfa8a2-85ff-4bb9-a246-101c53d2d47b: start LeaderElection
2019-10-25 11:07:38,745 [f6cfa8a2-85ff-4bb9-a246-101c53d2d47b@group-49E82E920F3F-LeaderElection442] INFO  impl.LeaderElection (LeaderElection.java:askForVotes(178)) - f6cfa8a2-85ff-4bb9-a246-101c53d2d47b@group-49E82E920F3F-LeaderElection442: begin an election at term 13 for -1: [7fad1e98-7a6b-4998-a30c-ec1ab88068bc:192.168.157.233:35716, bdb27072-dd00-4d3b-a7da-41600e490ca3:192.168.157.233:42906, f6cfa8a2-85ff-4bb9-a246-101c53d2d47b:192.168.157.233:44618], old=null
2019-10-25 11:07:38,746 [grpc-default-executor-7] INFO  impl.RaftServerImpl (RaftServerImpl.java:setRole(184)) - 7fad1e98-7a6b-4998-a30c-ec1ab88068bc@group-49E82E920F3F: changes role from  FOLLOWER to FOLLOWER at term 13 for recognizeCandidate:f6cfa8a2-85ff-4bb9-a246-101c53d2d47b
2019-10-25 11:07:38,746 [grpc-default-executor-7] INFO  impl.RoleInfo (RoleInfo.java:shutdownFollowerState(121)) - 7fad1e98-7a6b-4998-a30c-ec1ab88068bc: shutdown FollowerState
2019-10-25 11:07:38,746 [grpc-default-executor-7] INFO  impl.RoleInfo (RoleInfo.java:updateAndGet(143)) - 7fad1e98-7a6b-4998-a30c-ec1ab88068bc: start FollowerState
2019-10-25 11:07:38,747 [grpc-default-executor-5] INFO  impl.RaftServerImpl (RaftServerImpl.java:setRole(184)) - bdb27072-dd00-4d3b-a7da-41600e490ca3@group-49E82E920F3F: changes role from  FOLLOWER to FOLLOWER at term 13 for recognizeCandidate:f6cfa8a2-85ff-4bb9-a246-101c53d2d47b
2019-10-25 11:07:38,747 [Thread-3804] INFO  impl.FollowerState (FollowerState.java:run(117)) - 7fad1e98-7a6b-4998-a30c-ec1ab88068bc@group-49E82E920F3F-FollowerState was interrupted: java.lang.InterruptedException: sleep interrupted
2019-10-25 11:07:38,747 [grpc-default-executor-5] INFO  impl.RoleInfo (RoleInfo.java:shutdownFollowerState(121)) - bdb27072-dd00-4d3b-a7da-41600e490ca3: shutdown FollowerState
2019-10-25 11:07:38,747 [grpc-default-executor-5] INFO  impl.RoleInfo (RoleInfo.java:updateAndGet(143)) - bdb27072-dd00-4d3b-a7da-41600e490ca3: start FollowerState
2019-10-25 11:07:38,747 [Thread-3805] INFO  impl.FollowerState (FollowerState.java:run(117)) - bdb27072-dd00-4d3b-a7da-41600e490ca3@group-49E82E920F3F-FollowerState was interrupted: java.lang.InterruptedException: sleep interrupted
2019-10-25 11:07:38,761 [f6cfa8a2-85ff-4bb9-a246-101c53d2d47b@group-49E82E920F3F-LeaderElection442] INFO  impl.LeaderElection (LeaderElection.java:logAndReturn(56)) - f6cfa8a2-85ff-4bb9-a246-101c53d2d47b@group-49E82E920F3F-LeaderElection442: Election REJECTED; received 2 response(s) [f6cfa8a2-85ff-4bb9-a246-101c53d2d47b<-7fad1e98-7a6b-4998-a30c-ec1ab88068bc#0:FAIL-t13, f6cfa8a2-85ff-4bb9-a246-101c53d2d47b<-bdb27072-dd00-4d3b-a7da-41600e490ca3#0:FAIL-t13] and 0 exception(s); f6cfa8a2-85ff-4bb9-a246-101c53d2d47b@group-49E82E920F3F:t13, leader=null, voted=f6cfa8a2-85ff-4bb9-a246-101c53d2d47b, raftlog=f6cfa8a2-85ff-4bb9-a246-101c53d2d47b@group-49E82E920F3F-SegmentedRaftLog:OPENED:c-1,f-1,i0, conf=-1: [7fad1e98-7a6b-4998-a30c-ec1ab88068bc:192.168.157.233:35716, bdb27072-dd00-4d3b-a7da-41600e490ca3:192.168.157.233:42906, f6cfa8a2-85ff-4bb9-a246-101c53d2d47b:192.168.157.233:44618], old=null
2019-10-25 11:07:38,761 [f6cfa8a2-85ff-4bb9-a246-101c53d2d47b@group-49E82E920F3F-LeaderElection442] INFO  impl.RaftServerImpl (RaftServerImpl.java:setRole(184)) - f6cfa8a2-85ff-4bb9-a246-101c53d2d47b@group-49E82E920F3F: changes role from CANDIDATE to FOLLOWER at term 13 for DISCOVERED_A_NEW_TERM
2019-10-25 11:07:38,761 [f6cfa8a2-85ff-4bb9-a246-101c53d2d47b@group-49E82E920F3F-LeaderElection442] INFO  impl.RoleInfo (RoleInfo.java:shutdownLeaderElection(134)) - f6cfa8a2-85ff-4bb9-a246-101c53d2d47b: shutdown LeaderElection
2019-10-25 11:07:38,761 [f6cfa8a2-85ff-4bb9-a246-101c53d2d47b@group-49E82E920F3F-LeaderElection442] INFO  impl.RoleInfo (RoleInfo.java:updateAndGet(143)) - f6cfa8a2-85ff-4bb9-a246-101c53d2d47b: start FollowerState
2019-10-25 11:07:38,841 [Thread-3812] INFO  impl.FollowerState (FollowerState.java:run(108)) - f6cfa8a2-85ff-4bb9-a246-101c53d2d47b@group-49E82E920F3F-FollowerState: change to CANDIDATE, lastRpcTime:80ms, electionTimeout:80ms
2019-10-25 11:07:38,841 [Thread-3812] INFO  impl.RoleInfo (RoleInfo.java:shutdownFollowerState(121)) - f6cfa8a2-85ff-4bb9-a246-101c53d2d47b: shutdown FollowerState
2019-10-25 11:07:38,842 [Thread-3812] INFO  impl.RaftServerImpl (RaftServerImpl.java:setRole(184)) - f6cfa8a2-85ff-4bb9-a246-101c53d2d47b@group-49E82E920F3F: changes role from  FOLLOWER to CANDIDATE at term 13 for changeToCandidate
2019-10-25 11:07:38,842 [Thread-3812] INFO  impl.RoleInfo (RoleInfo.java:updateAndGet(143)) - f6cfa8a2-85ff-4bb9-a246-101c53d2d47b: start LeaderElection
2019-10-25 11:07:38,855 [f6cfa8a2-85ff-4bb9-a246-101c53d2d47b@group-49E82E920F3F-LeaderElection443] INFO  impl.LeaderElection (LeaderElection.java:askForVotes(178)) - f6cfa8a2-85ff-4bb9-a246-101c53d2d47b@group-49E82E920F3F-LeaderElection443: begin an election at term 14 for -1: [7fad1e98-7a6b-4998-a30c-ec1ab88068bc:192.168.157.233:35716, bdb27072-dd00-4d3b-a7da-41600e490ca3:192.168.157.233:42906, f6cfa8a2-85ff-4bb9-a246-101c53d2d47b:192.168.157.233:44618], old=null
2019-10-25 11:07:38,857 [grpc-default-executor-7] INFO  impl.RaftServerImpl (RaftServerImpl.java:setRole(184)) - 7fad1e98-7a6b-4998-a30c-ec1ab88068bc@group-49E82E920F3F: changes role from  FOLLOWER to FOLLOWER at term 14 for recognizeCandidate:f6cfa8a2-85ff-4bb9-a246-101c53d2d47b
2019-10-25 11:07:38,857 [grpc-default-executor-7] INFO  impl.RoleInfo (RoleInfo.java:shutdownFollowerState(121)) - 7fad1e98-7a6b-4998-a30c-ec1ab88068bc: shutdown FollowerState
2019-10-25 11:07:38,857 [grpc-default-executor-7] INFO  impl.RoleInfo (RoleInfo.java:updateAndGet(143)) - 7fad1e98-7a6b-4998-a30c-ec1ab88068bc: start FollowerState
2019-10-25 11:07:38,857 [grpc-default-executor-5] INFO  impl.RaftServerImpl (RaftServerImpl.java:setRole(184)) - bdb27072-dd00-4d3b-a7da-41600e490ca3@group-49E82E920F3F: changes role from  FOLLOWER to FOLLOWER at term 14 for recognizeCandidate:f6cfa8a2-85ff-4bb9-a246-101c53d2d47b
2019-10-25 11:07:38,857 [grpc-default-executor-5] INFO  impl.RoleInfo (RoleInfo.java:shutdownFollowerState(121)) - bdb27072-dd00-4d3b-a7da-41600e490ca3: shutdown FollowerState
2019-10-25 11:07:38,857 [Thread-3810] INFO  impl.FollowerState (FollowerState.java:run(117)) - 7fad1e98-7a6b-4998-a30c-ec1ab88068bc@group-49E82E920F3F-FollowerState was interrupted: java.lang.InterruptedException: sleep interrupted
2019-10-25 11:07:38,857 [grpc-default-executor-5] INFO  impl.RoleInfo (RoleInfo.java:updateAndGet(143)) - bdb27072-dd00-4d3b-a7da-41600e490ca3: start FollowerState
2019-10-25 11:07:38,857 [Thread-3811] INFO  impl.FollowerState (FollowerState.java:run(117)) - bdb27072-dd00-4d3b-a7da-41600e490ca3@group-49E82E920F3F-FollowerState was interrupted: java.lang.InterruptedException: sleep interrupted
2019-10-25 11:07:38,862 [f6cfa8a2-85ff-4bb9-a246-101c53d2d47b@group-49E82E920F3F-LeaderElection443] INFO  impl.LeaderElection (LeaderElection.java:logAndReturn(56)) - f6cfa8a2-85ff-4bb9-a246-101c53d2d47b@group-49E82E920F3F-LeaderElection443: Election TIMEOUT; received 0 response(s) [] and 0 exception(s); f6cfa8a2-85ff-4bb9-a246-101c53d2d47b@group-49E82E920F3F:t14, leader=null, voted=f6cfa8a2-85ff-4bb9-a246-101c53d2d47b, raftlog=f6cfa8a2-85ff-4bb9-a246-101c53d2d47b@group-49E82E920F3F-SegmentedRaftLog:OPENED:c-1,f-1,i0, conf=-1: [7fad1e98-7a6b-4998-a30c-ec1ab88068bc:192.168.157.233:35716, bdb27072-dd00-4d3b-a7da-41600e490ca3:192.168.157.233:42906, f6cfa8a2-85ff-4bb9-a246-101c53d2d47b:192.168.157.233:44618], old=null
2019-10-25 11:07:38,870 [f6cfa8a2-85ff-4bb9-a246-101c53d2d47b@group-49E82E920F3F-LeaderElection443] INFO  impl.LeaderElection (LeaderElection.java:askForVotes(178)) - f6cfa8a2-85ff-4bb9-a246-101c53d2d47b@group-49E82E920F3F-LeaderElection443: begin an election at term 15 for -1: [7fad1e98-7a6b-4998-a30c-ec1ab88068bc:192.168.157.233:35716, bdb27072-dd00-4d3b-a7da-41600e490ca3:192.168.157.233:42906, f6cfa8a2-85ff-4bb9-a246-101c53d2d47b:192.168.157.233:44618], old=null
2019-10-25 11:07:38,871 [grpc-default-executor-5] INFO  impl.RaftServerImpl (RaftServerImpl.java:setRole(184)) - 7fad1e98-7a6b-4998-a30c-ec1ab88068bc@group-49E82E920F3F: changes role from  FOLLOWER to FOLLOWER at term 15 for recognizeCandidate:f6cfa8a2-85ff-4bb9-a246-101c53d2d47b
2019-10-25 11:07:38,871 [grpc-default-executor-5] INFO  impl.RoleInfo (RoleInfo.java:shutdownFollowerState(121)) - 7fad1e98-7a6b-4998-a30c-ec1ab88068bc: shutdown FollowerState
2019-10-25 11:07:38,872 [grpc-default-executor-5] INFO  impl.RoleInfo (RoleInfo.java:updateAndGet(143)) - 7fad1e98-7a6b-4998-a30c-ec1ab88068bc: start FollowerState
2019-10-25 11:07:38,872 [Thread-3818] INFO  impl.FollowerState (FollowerState.java:run(117)) - 7fad1e98-7a6b-4998-a30c-ec1ab88068bc@group-49E82E920F3F-FollowerState was interrupted: java.lang.InterruptedException: sleep interrupted
2019-10-25 11:07:38,872 [grpc-default-executor-7] INFO  impl.RaftServerImpl (RaftServerImpl.java:setRole(184)) - bdb27072-dd00-4d3b-a7da-41600e490ca3@group-49E82E920F3F: changes role from  FOLLOWER to FOLLOWER at term 15 for recognizeCandidate:f6cfa8a2-85ff-4bb9-a246-101c53d2d47b
2019-10-25 11:07:38,872 [grpc-default-executor-7] INFO  impl.RoleInfo (RoleInfo.java:shutdownFollowerState(121)) - bdb27072-dd00-4d3b-a7da-41600e490ca3: shutdown FollowerState
2019-10-25 11:07:38,872 [grpc-default-executor-7] INFO  impl.RoleInfo (RoleInfo.java:updateAndGet(143)) - bdb27072-dd00-4d3b-a7da-41600e490ca3: start FollowerState
2019-10-25 11:07:38,872 [Thread-3819] INFO  impl.FollowerState (FollowerState.java:run(117)) - bdb27072-dd00-4d3b-a7da-41600e490ca3@group-49E82E920F3F-FollowerState was interrupted: java.lang.InterruptedException: sleep interrupted
2019-10-25 11:07:38,886 [f6cfa8a2-85ff-4bb9-a246-101c53d2d47b@group-49E82E920F3F-LeaderElection443] INFO  impl.LeaderElection (LeaderElection.java:logAndReturn(56)) - f6cfa8a2-85ff-4bb9-a246-101c53d2d47b@group-49E82E920F3F-LeaderElection443: Election REJECTED; received 2 response(s) [f6cfa8a2-85ff-4bb9-a246-101c53d2d47b<-7fad1e98-7a6b-4998-a30c-ec1ab88068bc#0:FAIL-t15, f6cfa8a2-85ff-4bb9-a246-101c53d2d47b<-bdb27072-dd00-4d3b-a7da-41600e490ca3#0:FAIL-t15] and 0 exception(s); f6cfa8a2-85ff-4bb9-a246-101c53d2d47b@group-49E82E920F3F:t15, leader=null, voted=f6cfa8a2-85ff-4bb9-a246-101c53d2d47b, raftlog=f6cfa8a2-85ff-4bb9-a246-101c53d2d47b@group-49E82E920F3F-SegmentedRaftLog:OPENED:c-1,f-1,i0, conf=-1: [7fad1e98-7a6b-4998-a30c-ec1ab88068bc:192.168.157.233:35716, bdb27072-dd00-4d3b-a7da-41600e490ca3:192.168.157.233:42906, f6cfa8a2-85ff-4bb9-a246-101c53d2d47b:192.168.157.233:44618], old=null
2019-10-25 11:07:38,886 [f6cfa8a2-85ff-4bb9-a246-101c53d2d47b@group-49E82E920F3F-LeaderElection443] INFO  impl.RaftServerImpl (RaftServerImpl.java:setRole(184)) - f6cfa8a2-85ff-4bb9-a246-101c53d2d47b@group-49E82E920F3F: changes role from CANDIDATE to FOLLOWER at term 15 for DISCOVERED_A_NEW_TERM
2019-10-25 11:07:38,886 [f6cfa8a2-85ff-4bb9-a246-101c53d2d47b@group-49E82E920F3F-LeaderElection443] INFO  impl.RoleInfo (RoleInfo.java:shutdownLeaderElection(134)) - f6cfa8a2-85ff-4bb9-a246-101c53d2d47b: shutdown LeaderElection
2019-10-25 11:07:38,887 [f6cfa8a2-85ff-4bb9-a246-101c53d2d47b@group-49E82E920F3F-LeaderElection443] INFO  impl.RoleInfo (RoleInfo.java:updateAndGet(143)) - f6cfa8a2-85ff-4bb9-a246-101c53d2d47b: start FollowerState
2019-10-25 11:07:39,014 [Thread-3824] INFO  impl.FollowerState (FollowerState.java:run(108)) - f6cfa8a2-85ff-4bb9-a246-101c53d2d47b@group-49E82E920F3F-FollowerState: change to CANDIDATE, lastRpcTime:127ms, electionTimeout:127ms
2019-10-25 11:07:39,014 [Thread-3824] INFO  impl.RoleInfo (RoleInfo.java:shutdownFollowerState(121)) - f6cfa8a2-85ff-4bb9-a246-101c53d2d47b: shutdown FollowerState
2019-10-25 11:07:39,014 [Thread-3824] INFO  impl.RaftServerImpl (RaftServerImpl.java:setRole(184)) - f6cfa8a2-85ff-4bb9-a246-101c53d2d47b@group-49E82E920F3F: changes role from  FOLLOWER to CANDIDATE at term 15 for changeToCandidate
2019-10-25 11:07:39,014 [Thread-3824] INFO  impl.RoleInfo (RoleInfo.java:updateAndGet(143)) - f6cfa8a2-85ff-4bb9-a246-101c53d2d47b: start LeaderElection
2019-10-25 11:07:39,027 [f6cfa8a2-85ff-4bb9-a246-101c53d2d47b@group-49E82E920F3F-LeaderElection444] INFO  impl.LeaderElection (LeaderElection.java:askForVotes(178)) - f6cfa8a2-85ff-4bb9-a246-101c53d2d47b@group-49E82E920F3F-LeaderElection444: begin an election at term 16 for -1: [7fad1e98-7a6b-4998-a30c-ec1ab88068bc:192.168.157.233:35716, bdb27072-dd00-4d3b-a7da-41600e490ca3:192.168.157.233:42906, f6cfa8a2-85ff-4bb9-a246-101c53d2d47b:192.168.157.233:44618], old=null
2019-10-25 11:07:39,029 [grpc-default-executor-5] INFO  impl.RaftServerImpl (RaftServerImpl.java:setRole(184)) - 7fad1e98-7a6b-4998-a30c-ec1ab88068bc@group-49E82E920F3F: changes role from  FOLLOWER to FOLLOWER at term 16 for recognizeCandidate:f6cfa8a2-85ff-4bb9-a246-101c53d2d47b
2019-10-25 11:07:39,029 [grpc-default-executor-7] INFO  impl.RaftServerImpl (RaftServerImpl.java:setRole(184)) - bdb27072-dd00-4d3b-a7da-41600e490ca3@group-49E82E920F3F: changes role from  FOLLOWER to FOLLOWER at term 16 for recognizeCandidate:f6cfa8a2-85ff-4bb9-a246-101c53d2d47b
2019-10-25 11:07:39,029 [grpc-default-executor-5] INFO  impl.RoleInfo (RoleInfo.java:shutdownFollowerState(121)) - 7fad1e98-7a6b-4998-a30c-ec1ab88068bc: shutdown FollowerState
2019-10-25 11:07:39,029 [grpc-default-executor-7] INFO  impl.RoleInfo (RoleInfo.java:shutdownFollowerState(121)) - bdb27072-dd00-4d3b-a7da-41600e490ca3: shutdown FollowerState
2019-10-25 11:07:39,029 [Thread-3822] INFO  impl.FollowerState (FollowerState.java:run(117)) - 7fad1e98-7a6b-4998-a30c-ec1ab88068bc@group-49E82E920F3F-FollowerState was interrupted: java.lang.InterruptedException: sleep interrupted
2019-10-25 11:07:39,029 [grpc-default-executor-5] INFO  impl.RoleInfo (RoleInfo.java:updateAndGet(143)) - 7fad1e98-7a6b-4998-a30c-ec1ab88068bc: start FollowerState
2019-10-25 11:07:39,030 [Thread-3823] INFO  impl.FollowerState (FollowerState.java:run(117)) - bdb27072-dd00-4d3b-a7da-41600e490ca3@group-49E82E920F3F-FollowerState was interrupted: java.lang.InterruptedException: sleep interrupted
2019-10-25 11:07:39,030 [grpc-default-executor-7] INFO  impl.RoleInfo (RoleInfo.java:updateAndGet(143)) - bdb27072-dd00-4d3b-a7da-41600e490ca3: start FollowerState
2019-10-25 11:07:39,044 [f6cfa8a2-85ff-4bb9-a246-101c53d2d47b@group-49E82E920F3F-LeaderElection444] INFO  impl.LeaderElection (LeaderElection.java:logAndReturn(56)) - f6cfa8a2-85ff-4bb9-a246-101c53d2d47b@group-49E82E920F3F-LeaderElection444: Election REJECTED; received 2 response(s) [f6cfa8a2-85ff-4bb9-a246-101c53d2d47b<-7fad1e98-7a6b-4998-a30c-ec1ab88068bc#0:FAIL-t16, f6cfa8a2-85ff-4bb9-a246-101c53d2d47b<-bdb27072-dd00-4d3b-a7da-41600e490ca3#0:FAIL-t16] and 0 exception(s); f6cfa8a2-85ff-4bb9-a246-101c53d2d47b@group-49E82E920F3F:t16, leader=null, voted=f6cfa8a2-85ff-4bb9-a246-101c53d2d47b, raftlog=f6cfa8a2-85ff-4bb9-a246-101c53d2d47b@group-49E82E920F3F-SegmentedRaftLog:OPENED:c-1,f-1,i0, conf=-1: [7fad1e98-7a6b-4998-a30c-ec1ab88068bc:192.168.157.233:35716, bdb27072-dd00-4d3b-a7da-41600e490ca3:192.168.157.233:42906, f6cfa8a2-85ff-4bb9-a246-101c53d2d47b:192.168.157.233:44618], old=null
2019-10-25 11:07:39,045 [f6cfa8a2-85ff-4bb9-a246-101c53d2d47b@group-49E82E920F3F-LeaderElection444] INFO  impl.RaftServerImpl (RaftServerImpl.java:setRole(184)) - f6cfa8a2-85ff-4bb9-a246-101c53d2d47b@group-49E82E920F3F: changes role from CANDIDATE to FOLLOWER at term 16 for DISCOVERED_A_NEW_TERM
2019-10-25 11:07:39,045 [f6cfa8a2-85ff-4bb9-a246-101c53d2d47b@group-49E82E920F3F-LeaderElection444] INFO  impl.RoleInfo (RoleInfo.java:shutdownLeaderElection(134)) - f6cfa8a2-85ff-4bb9-a246-101c53d2d47b: shutdown LeaderElection
2019-10-25 11:07:39,045 [f6cfa8a2-85ff-4bb9-a246-101c53d2d47b@group-49E82E920F3F-LeaderElection444] INFO  impl.RoleInfo (RoleInfo.java:updateAndGet(143)) - f6cfa8a2-85ff-4bb9-a246-101c53d2d47b: start FollowerState
2019-10-25 11:07:39,055 [Thread-3832] INFO  impl.FollowerState (FollowerState.java:run(108)) - f6cfa8a2-85ff-4bb9-a246-101c53d2d47b@group-49E82E920F3F-FollowerState: change to CANDIDATE, lastRpcTime:10ms, electionTimeout:10ms
2019-10-25 11:07:39,055 [Thread-3832] INFO  impl.RoleInfo (RoleInfo.java:shutdownFollowerState(121)) - f6cfa8a2-85ff-4bb9-a246-101c53d2d47b: shutdown FollowerState
2019-10-25 11:07:39,056 [Thread-3832] INFO  impl.RaftServerImpl (RaftServerImpl.java:setRole(184)) - f6cfa8a2-85ff-4bb9-a246-101c53d2d47b@group-49E82E920F3F: changes role from  FOLLOWER to CANDIDATE at term 16 for changeToCandidate
2019-10-25 11:07:39,056 [Thread-3832] INFO  impl.RoleInfo (RoleInfo.java:updateAndGet(143)) - f6cfa8a2-85ff-4bb9-a246-101c53d2d47b: start LeaderElection
2019-10-25 11:07:39,069 [f6cfa8a2-85ff-4bb9-a246-101c53d2d47b@group-49E82E920F3F-LeaderElection445] INFO  impl.LeaderElection (LeaderElection.java:askForVotes(178)) - f6cfa8a2-85ff-4bb9-a246-101c53d2d47b@group-49E82E920F3F-LeaderElection445: begin an election at term 17 for -1: [7fad1e98-7a6b-4998-a30c-ec1ab88068bc:192.168.157.233:35716, bdb27072-dd00-4d3b-a7da-41600e490ca3:192.168.157.233:42906, f6cfa8a2-85ff-4bb9-a246-101c53d2d47b:192.168.157.233:44618], old=null
2019-10-25 11:07:39,070 [grpc-default-executor-5] INFO  impl.RaftServerImpl (RaftServerImpl.java:setRole(184)) - 7fad1e98-7a6b-4998-a30c-ec1ab88068bc@group-49E82E920F3F: changes role from  FOLLOWER to FOLLOWER at term 17 for recognizeCandidate:f6cfa8a2-85ff-4bb9-a246-101c53d2d47b
2019-10-25 11:07:39,070 [grpc-default-executor-7] INFO  impl.RaftServerImpl (RaftServerImpl.java:setRole(184)) - bdb27072-dd00-4d3b-a7da-41600e490ca3@group-49E82E920F3F: changes role from  FOLLOWER to FOLLOWER at term 17 for recognizeCandidate:f6cfa8a2-85ff-4bb9-a246-101c53d2d47b
2019-10-25 11:07:39,070 [grpc-default-executor-7] INFO  impl.RoleInfo (RoleInfo.java:shutdownFollowerState(121)) - bdb27072-dd00-4d3b-a7da-41600e490ca3: shutdown FollowerState
2019-10-25 11:07:39,070 [grpc-default-executor-5] INFO  impl.RoleInfo (RoleInfo.java:shutdownFollowerState(121)) - 7fad1e98-7a6b-4998-a30c-ec1ab88068bc: shutdown FollowerState
2019-10-25 11:07:39,071 [Thread-3829] INFO  impl.FollowerState (FollowerState.java:run(117)) - bdb27072-dd00-4d3b-a7da-41600e490ca3@group-49E82E920F3F-FollowerState was interrupted: java.lang.InterruptedException: sleep interrupted
2019-10-25 11:07:39,070 [grpc-default-executor-7] INFO  impl.RoleInfo (RoleInfo.java:updateAndGet(143)) - bdb27072-dd00-4d3b-a7da-41600e490ca3: start FollowerState
2019-10-25 11:07:39,071 [Thread-3828] INFO  impl.FollowerState (FollowerState.java:run(117)) - 7fad1e98-7a6b-4998-a30c-ec1ab88068bc@group-49E82E920F3F-FollowerState was interrupted: java.lang.InterruptedException: sleep interrupted
2019-10-25 11:07:39,071 [grpc-default-executor-5] INFO  impl.RoleInfo (RoleInfo.java:updateAndGet(143)) - 7fad1e98-7a6b-4998-a30c-ec1ab88068bc: start FollowerState
2019-10-25 11:07:39,085 [f6cfa8a2-85ff-4bb9-a246-101c53d2d47b@group-49E82E920F3F-LeaderElection445] INFO  impl.LeaderElection (LeaderElection.java:logAndReturn(56)) - f6cfa8a2-85ff-4bb9-a246-101c53d2d47b@group-49E82E920F3F-LeaderElection445: Election REJECTED; received 2 response(s) [f6cfa8a2-85ff-4bb9-a246-101c53d2d47b<-7fad1e98-7a6b-4998-a30c-ec1ab88068bc#0:FAIL-t17, f6cfa8a2-85ff-4bb9-a246-101c53d2d47b<-bdb27072-dd00-4d3b-a7da-41600e490ca3#0:FAIL-t17] and 0 exception(s); f6cfa8a2-85ff-4bb9-a246-101c53d2d47b@group-49E82E920F3F:t17, leader=null, voted=f6cfa8a2-85ff-4bb9-a246-101c53d2d47b, raftlog=f6cfa8a2-85ff-4bb9-a246-101c53d2d47b@group-49E82E920F3F-SegmentedRaftLog:OPENED:c-1,f-1,i0, conf=-1: [7fad1e98-7a6b-4998-a30c-ec1ab88068bc:192.168.157.233:35716, bdb27072-dd00-4d3b-a7da-41600e490ca3:192.168.157.233:42906, f6cfa8a2-85ff-4bb9-a246-101c53d2d47b:192.168.157.233:44618], old=null
2019-10-25 11:07:39,085 [f6cfa8a2-85ff-4bb9-a246-101c53d2d47b@group-49E82E920F3F-LeaderElection445] INFO  impl.RaftServerImpl (RaftServerImpl.java:setRole(184)) - f6cfa8a2-85ff-4bb9-a246-101c53d2d47b@group-49E82E920F3F: changes role from CANDIDATE to FOLLOWER at term 17 for DISCOVERED_A_NEW_TERM
2019-10-25 11:07:39,085 [f6cfa8a2-85ff-4bb9-a246-101c53d2d47b@group-49E82E920F3F-LeaderElection445] INFO  impl.RoleInfo (RoleInfo.java:shutdownLeaderElection(134)) - f6cfa8a2-85ff-4bb9-a246-101c53d2d47b: shutdown LeaderElection
2019-10-25 11:07:39,085 [f6cfa8a2-85ff-4bb9-a246-101c53d2d47b@group-49E82E920F3F-LeaderElection445] INFO  impl.RoleInfo (RoleInfo.java:updateAndGet(143)) - f6cfa8a2-85ff-4bb9-a246-101c53d2d47b: start FollowerState
2019-10-25 11:07:39,193 [Thread-3838] INFO  impl.FollowerState (FollowerState.java:run(108)) - f6cfa8a2-85ff-4bb9-a246-101c53d2d47b@group-49E82E920F3F-FollowerState: change to CANDIDATE, lastRpcTime:107ms, electionTimeout:107ms
2019-10-25 11:07:39,193 [Thread-3838] INFO  impl.RoleInfo (RoleInfo.java:shutdownFollowerState(121)) - f6cfa8a2-85ff-4bb9-a246-101c53d2d47b: shutdown FollowerState
2019-10-25 11:07:39,193 [Thread-3838] INFO  impl.RaftServerImpl (RaftServerImpl.java:setRole(184)) - f6cfa8a2-85ff-4bb9-a246-101c53d2d47b@group-49E82E920F3F: changes role from  FOLLOWER to CANDIDATE at term 17 for changeToCandidate
2019-10-25 11:07:39,193 [Thread-3838] INFO  impl.RoleInfo (RoleInfo.java:updateAndGet(143)) - f6cfa8a2-85ff-4bb9-a246-101c53d2d47b: start LeaderElection
2019-10-25 11:07:39,206 [f6cfa8a2-85ff-4bb9-a246-101c53d2d47b@group-49E82E920F3F-LeaderElection446] INFO  impl.LeaderElection (LeaderElection.java:askForVotes(178)) - f6cfa8a2-85ff-4bb9-a246-101c53d2d47b@group-49E82E920F3F-LeaderElection446: begin an election at term 18 for -1: [7fad1e98-7a6b-4998-a30c-ec1ab88068bc:192.168.157.233:35716, bdb27072-dd00-4d3b-a7da-41600e490ca3:192.168.157.233:42906, f6cfa8a2-85ff-4bb9-a246-101c53d2d47b:192.168.157.233:44618], old=null
2019-10-25 11:07:39,208 [grpc-default-executor-5] INFO  impl.RaftServerImpl (RaftServerImpl.java:setRole(184)) - 7fad1e98-7a6b-4998-a30c-ec1ab88068bc@group-49E82E920F3F: changes role from  FOLLOWER to FOLLOWER at term 18 for recognizeCandidate:f6cfa8a2-85ff-4bb9-a246-101c53d2d47b
2019-10-25 11:07:39,208 [grpc-default-executor-5] INFO  impl.RoleInfo (RoleInfo.java:shutdownFollowerState(121)) - 7fad1e98-7a6b-4998-a30c-ec1ab88068bc: shutdown FollowerState
2019-10-25 11:07:39,209 [grpc-default-executor-5] INFO  impl.RoleInfo (RoleInfo.java:updateAndGet(143)) - 7fad1e98-7a6b-4998-a30c-ec1ab88068bc: start FollowerState
2019-10-25 11:07:39,209 [Thread-3837] INFO  impl.FollowerState (FollowerState.java:run(117)) - 7fad1e98-7a6b-4998-a30c-ec1ab88068bc@group-49E82E920F3F-FollowerState was interrupted: java.lang.InterruptedException: sleep interrupted
2019-10-25 11:07:39,211 [grpc-default-executor-7] INFO  impl.RaftServerImpl (RaftServerImpl.java:setRole(184)) - bdb27072-dd00-4d3b-a7da-41600e490ca3@group-49E82E920F3F: changes role from  FOLLOWER to FOLLOWER at term 18 for recognizeCandidate:f6cfa8a2-85ff-4bb9-a246-101c53d2d47b
2019-10-25 11:07:39,211 [grpc-default-executor-7] INFO  impl.RoleInfo (RoleInfo.java:shutdownFollowerState(121)) - bdb27072-dd00-4d3b-a7da-41600e490ca3: shutdown FollowerState
2019-10-25 11:07:39,211 [grpc-default-executor-7] INFO  impl.RoleInfo (RoleInfo.java:updateAndGet(143)) - bdb27072-dd00-4d3b-a7da-41600e490ca3: start FollowerState
2019-10-25 11:07:39,211 [Thread-3836] INFO  impl.FollowerState (FollowerState.java:run(117)) - bdb27072-dd00-4d3b-a7da-41600e490ca3@group-49E82E920F3F-FollowerState was interrupted: java.lang.InterruptedException: sleep interrupted
2019-10-25 11:07:39,223 [f6cfa8a2-85ff-4bb9-a246-101c53d2d47b@group-49E82E920F3F-LeaderElection446] INFO  impl.LeaderElection (LeaderElection.java:logAndReturn(56)) - f6cfa8a2-85ff-4bb9-a246-101c53d2d47b@group-49E82E920F3F-LeaderElection446: Election REJECTED; received 2 response(s) [f6cfa8a2-85ff-4bb9-a246-101c53d2d47b<-7fad1e98-7a6b-4998-a30c-ec1ab88068bc#0:FAIL-t18, f6cfa8a2-85ff-4bb9-a246-101c53d2d47b<-bdb27072-dd00-4d3b-a7da-41600e490ca3#0:FAIL-t18] and 0 exception(s); f6cfa8a2-85ff-4bb9-a246-101c53d2d47b@group-49E82E920F3F:t18, leader=null, voted=f6cfa8a2-85ff-4bb9-a246-101c53d2d47b, raftlog=f6cfa8a2-85ff-4bb9-a246-101c53d2d47b@group-49E82E920F3F-SegmentedRaftLog:OPENED:c-1,f-1,i0, conf=-1: [7fad1e98-7a6b-4998-a30c-ec1ab88068bc:192.168.157.233:35716, bdb27072-dd00-4d3b-a7da-41600e490ca3:192.168.157.233:42906, f6cfa8a2-85ff-4bb9-a246-101c53d2d47b:192.168.157.233:44618], old=null
2019-10-25 11:07:39,223 [f6cfa8a2-85ff-4bb9-a246-101c53d2d47b@group-49E82E920F3F-LeaderElection446] INFO  impl.RaftServerImpl (RaftServerImpl.java:setRole(184)) - f6cfa8a2-85ff-4bb9-a246-101c53d2d47b@group-49E82E920F3F: changes role from CANDIDATE to FOLLOWER at term 18 for DISCOVERED_A_NEW_TERM
2019-10-25 11:07:39,223 [f6cfa8a2-85ff-4bb9-a246-101c53d2d47b@group-49E82E920F3F-LeaderElection446] INFO  impl.RoleInfo (RoleInfo.java:shutdownLeaderElection(134)) - f6cfa8a2-85ff-4bb9-a246-101c53d2d47b: shutdown LeaderElection
2019-10-25 11:07:39,223 [f6cfa8a2-85ff-4bb9-a246-101c53d2d47b@group-49E82E920F3F-LeaderElection446] INFO  impl.RoleInfo (RoleInfo.java:updateAndGet(143)) - f6cfa8a2-85ff-4bb9-a246-101c53d2d47b: start FollowerState
2019-10-25 11:07:39,240 [Thread-3588] INFO  container.ReplicationManager (ReplicationManager.java:start(162)) - Starting Replication Monitor Thread.
2019-10-25 11:07:39,246 [ReplicationMonitor] INFO  container.ReplicationManager (ReplicationManager.java:sendCloseCommand(659)) - Sending close container command for container #1 to datanode fd698530-c54c-4f87-b269-002f8f3935cd{ip: 192.168.157.233, host: pr-hdds-2359-lls5b-3453883328, networkLocation: /rack1, certSerialId: null}.
2019-10-25 11:07:39,247 [ReplicationMonitor] INFO  container.ReplicationManager (ReplicationManager.java:sendCloseCommand(659)) - Sending close container command for container #1 to datanode d6e16d1d-13ec-4d5e-a095-b06e50bc05c8{ip: 192.168.157.233, host: pr-hdds-2359-lls5b-3453883328, networkLocation: /rack1, certSerialId: null}.
2019-10-25 11:07:39,247 [ReplicationMonitor] INFO  container.ReplicationManager (ReplicationManager.java:sendCloseCommand(659)) - Sending close container command for container #1 to datanode 4ec993a1-c88d-4e26-9851-97b3046e33ae{ip: 192.168.157.233, host: pr-hdds-2359-lls5b-3453883328, networkLocation: /rack1, certSerialId: null}.
2019-10-25 11:07:39,247 [ReplicationMonitor] INFO  container.ReplicationManager (ReplicationManager.java:run(225)) - Replication Monitor Thread took 3 milliseconds for processing 1 containers.
2019-10-25 11:07:39,361 [Thread-3844] INFO  impl.FollowerState (FollowerState.java:run(108)) - f6cfa8a2-85ff-4bb9-a246-101c53d2d47b@group-49E82E920F3F-FollowerState: change to CANDIDATE, lastRpcTime:137ms, electionTimeout:137ms
2019-10-25 11:07:39,361 [Thread-3844] INFO  impl.RoleInfo (RoleInfo.java:shutdownFollowerState(121)) - f6cfa8a2-85ff-4bb9-a246-101c53d2d47b: shutdown FollowerState
2019-10-25 11:07:39,361 [Thread-3844] INFO  impl.RaftServerImpl (RaftServerImpl.java:setRole(184)) - f6cfa8a2-85ff-4bb9-a246-101c53d2d47b@group-49E82E920F3F: changes role from  FOLLOWER to CANDIDATE at term 18 for changeToCandidate
2019-10-25 11:07:39,361 [Thread-3844] INFO  impl.RoleInfo (RoleInfo.java:updateAndGet(143)) - f6cfa8a2-85ff-4bb9-a246-101c53d2d47b: start LeaderElection
2019-10-25 11:07:39,375 [f6cfa8a2-85ff-4bb9-a246-101c53d2d47b@group-49E82E920F3F-LeaderElection447] INFO  impl.LeaderElection (LeaderElection.java:askForVotes(178)) - f6cfa8a2-85ff-4bb9-a246-101c53d2d47b@group-49E82E920F3F-LeaderElection447: begin an election at term 19 for -1: [7fad1e98-7a6b-4998-a30c-ec1ab88068bc:192.168.157.233:35716, bdb27072-dd00-4d3b-a7da-41600e490ca3:192.168.157.233:42906, f6cfa8a2-85ff-4bb9-a246-101c53d2d47b:192.168.157.233:44618], old=null
2019-10-25 11:07:39,377 [grpc-default-executor-5] INFO  impl.RaftServerImpl (RaftServerImpl.java:setRole(184)) - 7fad1e98-7a6b-4998-a30c-ec1ab88068bc@group-49E82E920F3F: changes role from  FOLLOWER to FOLLOWER at term 19 for recognizeCandidate:f6cfa8a2-85ff-4bb9-a246-101c53d2d47b
2019-10-25 11:07:39,377 [grpc-default-executor-7] INFO  impl.RaftServerImpl (RaftServerImpl.java:setRole(184)) - bdb27072-dd00-4d3b-a7da-41600e490ca3@group-49E82E920F3F: changes role from  FOLLOWER to FOLLOWER at term 19 for recognizeCandidate:f6cfa8a2-85ff-4bb9-a246-101c53d2d47b
2019-10-25 11:07:39,377 [grpc-default-executor-5] INFO  impl.RoleInfo (RoleInfo.java:shutdownFollowerState(121)) - 7fad1e98-7a6b-4998-a30c-ec1ab88068bc: shutdown FollowerState
2019-10-25 11:07:39,377 [grpc-default-executor-7] INFO  impl.RoleInfo (RoleInfo.java:shutdownFollowerState(121)) - bdb27072-dd00-4d3b-a7da-41600e490ca3: shutdown FollowerState
2019-10-25 11:07:39,377 [Thread-3842] INFO  impl.FollowerState (FollowerState.java:run(117)) - 7fad1e98-7a6b-4998-a30c-ec1ab88068bc@group-49E82E920F3F-FollowerState was interrupted: java.lang.InterruptedException: sleep interrupted
2019-10-25 11:07:39,377 [grpc-default-executor-5] INFO  impl.RoleInfo (RoleInfo.java:updateAndGet(143)) - 7fad1e98-7a6b-4998-a30c-ec1ab88068bc: start FollowerState
2019-10-25 11:07:39,377 [Thread-3843] INFO  impl.FollowerState (FollowerState.java:run(117)) - bdb27072-dd00-4d3b-a7da-41600e490ca3@group-49E82E920F3F-FollowerState was interrupted: java.lang.InterruptedException: sleep interrupted
2019-10-25 11:07:39,377 [grpc-default-executor-7] INFO  impl.RoleInfo (RoleInfo.java:updateAndGet(143)) - bdb27072-dd00-4d3b-a7da-41600e490ca3: start FollowerState
2019-10-25 11:07:39,392 [f6cfa8a2-85ff-4bb9-a246-101c53d2d47b@group-49E82E920F3F-LeaderElection447] INFO  impl.LeaderElection (LeaderElection.java:logAndReturn(56)) - f6cfa8a2-85ff-4bb9-a246-101c53d2d47b@group-49E82E920F3F-LeaderElection447: Election REJECTED; received 2 response(s) [f6cfa8a2-85ff-4bb9-a246-101c53d2d47b<-7fad1e98-7a6b-4998-a30c-ec1ab88068bc#0:FAIL-t19, f6cfa8a2-85ff-4bb9-a246-101c53d2d47b<-bdb27072-dd00-4d3b-a7da-41600e490ca3#0:FAIL-t19] and 0 exception(s); f6cfa8a2-85ff-4bb9-a246-101c53d2d47b@group-49E82E920F3F:t19, leader=null, voted=f6cfa8a2-85ff-4bb9-a246-101c53d2d47b, raftlog=f6cfa8a2-85ff-4bb9-a246-101c53d2d47b@group-49E82E920F3F-SegmentedRaftLog:OPENED:c-1,f-1,i0, conf=-1: [7fad1e98-7a6b-4998-a30c-ec1ab88068bc:192.168.157.233:35716, bdb27072-dd00-4d3b-a7da-41600e490ca3:192.168.157.233:42906, f6cfa8a2-85ff-4bb9-a246-101c53d2d47b:192.168.157.233:44618], old=null
2019-10-25 11:07:39,392 [f6cfa8a2-85ff-4bb9-a246-101c53d2d47b@group-49E82E920F3F-LeaderElection447] INFO  impl.RaftServerImpl (RaftServerImpl.java:setRole(184)) - f6cfa8a2-85ff-4bb9-a246-101c53d2d47b@group-49E82E920F3F: changes role from CANDIDATE to FOLLOWER at term 19 for DISCOVERED_A_NEW_TERM
2019-10-25 11:07:39,392 [f6cfa8a2-85ff-4bb9-a246-101c53d2d47b@group-49E82E920F3F-LeaderElection447] INFO  impl.RoleInfo (RoleInfo.java:shutdownLeaderElection(134)) - f6cfa8a2-85ff-4bb9-a246-101c53d2d47b: shutdown LeaderElection
2019-10-25 11:07:39,392 [f6cfa8a2-85ff-4bb9-a246-101c53d2d47b@group-49E82E920F3F-LeaderElection447] INFO  impl.RoleInfo (RoleInfo.java:updateAndGet(143)) - f6cfa8a2-85ff-4bb9-a246-101c53d2d47b: start FollowerState
2019-10-25 11:07:39,396 [Thread-3853] INFO  impl.FollowerState (FollowerState.java:run(108)) - f6cfa8a2-85ff-4bb9-a246-101c53d2d47b@group-49E82E920F3F-FollowerState: change to CANDIDATE, lastRpcTime:3ms, electionTimeout:3ms
2019-10-25 11:07:39,396 [Thread-3853] INFO  impl.RoleInfo (RoleInfo.java:shutdownFollowerState(121)) - f6cfa8a2-85ff-4bb9-a246-101c53d2d47b: shutdown FollowerState
2019-10-25 11:07:39,396 [Thread-3853] INFO  impl.RaftServerImpl (RaftServerImpl.java:setRole(184)) - f6cfa8a2-85ff-4bb9-a246-101c53d2d47b@group-49E82E920F3F: changes role from  FOLLOWER to CANDIDATE at term 19 for changeToCandidate
2019-10-25 11:07:39,396 [Thread-3853] INFO  impl.RoleInfo (RoleInfo.java:updateAndGet(143)) - f6cfa8a2-85ff-4bb9-a246-101c53d2d47b: start LeaderElection
2019-10-25 11:07:39,410 [f6cfa8a2-85ff-4bb9-a246-101c53d2d47b@group-49E82E920F3F-LeaderElection448] INFO  impl.LeaderElection (LeaderElection.java:askForVotes(178)) - f6cfa8a2-85ff-4bb9-a246-101c53d2d47b@group-49E82E920F3F-LeaderElection448: begin an election at term 20 for -1: [7fad1e98-7a6b-4998-a30c-ec1ab88068bc:192.168.157.233:35716, bdb27072-dd00-4d3b-a7da-41600e490ca3:192.168.157.233:42906, f6cfa8a2-85ff-4bb9-a246-101c53d2d47b:192.168.157.233:44618], old=null
2019-10-25 11:07:39,411 [grpc-default-executor-5] INFO  impl.RaftServerImpl (RaftServerImpl.java:setRole(184)) - 7fad1e98-7a6b-4998-a30c-ec1ab88068bc@group-49E82E920F3F: changes role from  FOLLOWER to FOLLOWER at term 20 for recognizeCandidate:f6cfa8a2-85ff-4bb9-a246-101c53d2d47b
2019-10-25 11:07:39,411 [grpc-default-executor-7] INFO  impl.RaftServerImpl (RaftServerImpl.java:setRole(184)) - bdb27072-dd00-4d3b-a7da-41600e490ca3@group-49E82E920F3F: changes role from  FOLLOWER to FOLLOWER at term 20 for recognizeCandidate:f6cfa8a2-85ff-4bb9-a246-101c53d2d47b
2019-10-25 11:07:39,411 [grpc-default-executor-5] INFO  impl.RoleInfo (RoleInfo.java:shutdownFollowerState(121)) - 7fad1e98-7a6b-4998-a30c-ec1ab88068bc: shutdown FollowerState
2019-10-25 11:07:39,411 [grpc-default-executor-7] INFO  impl.RoleInfo (RoleInfo.java:shutdownFollowerState(121)) - bdb27072-dd00-4d3b-a7da-41600e490ca3: shutdown FollowerState
2019-10-25 11:07:39,412 [Thread-3851] INFO  impl.FollowerState (FollowerState.java:run(117)) - 7fad1e98-7a6b-4998-a30c-ec1ab88068bc@group-49E82E920F3F-FollowerState was interrupted: java.lang.InterruptedException: sleep interrupted
2019-10-25 11:07:39,412 [Thread-3852] INFO  impl.FollowerState (FollowerState.java:run(117)) - bdb27072-dd00-4d3b-a7da-41600e490ca3@group-49E82E920F3F-FollowerState was interrupted: java.lang.InterruptedException: sleep interrupted
2019-10-25 11:07:39,412 [grpc-default-executor-5] INFO  impl.RoleInfo (RoleInfo.java:updateAndGet(143)) - 7fad1e98-7a6b-4998-a30c-ec1ab88068bc: start FollowerState
2019-10-25 11:07:39,412 [grpc-default-executor-7] INFO  impl.RoleInfo (RoleInfo.java:updateAndGet(143)) - bdb27072-dd00-4d3b-a7da-41600e490ca3: start FollowerState
2019-10-25 11:07:39,426 [f6cfa8a2-85ff-4bb9-a246-101c53d2d47b@group-49E82E920F3F-LeaderElection448] INFO  impl.LeaderElection (LeaderElection.java:logAndReturn(56)) - f6cfa8a2-85ff-4bb9-a246-101c53d2d47b@group-49E82E920F3F-LeaderElection448: Election REJECTED; received 2 response(s) [f6cfa8a2-85ff-4bb9-a246-101c53d2d47b<-7fad1e98-7a6b-4998-a30c-ec1ab88068bc#0:FAIL-t20, f6cfa8a2-85ff-4bb9-a246-101c53d2d47b<-bdb27072-dd00-4d3b-a7da-41600e490ca3#0:FAIL-t20] and 0 exception(s); f6cfa8a2-85ff-4bb9-a246-101c53d2d47b@group-49E82E920F3F:t20, leader=null, voted=f6cfa8a2-85ff-4bb9-a246-101c53d2d47b, raftlog=f6cfa8a2-85ff-4bb9-a246-101c53d2d47b@group-49E82E920F3F-SegmentedRaftLog:OPENED:c-1,f-1,i0, conf=-1: [7fad1e98-7a6b-4998-a30c-ec1ab88068bc:192.168.157.233:35716, bdb27072-dd00-4d3b-a7da-41600e490ca3:192.168.157.233:42906, f6cfa8a2-85ff-4bb9-a246-101c53d2d47b:192.168.157.233:44618], old=null
2019-10-25 11:07:39,426 [f6cfa8a2-85ff-4bb9-a246-101c53d2d47b@group-49E82E920F3F-LeaderElection448] INFO  impl.RaftServerImpl (RaftServerImpl.java:setRole(184)) - f6cfa8a2-85ff-4bb9-a246-101c53d2d47b@group-49E82E920F3F: changes role from CANDIDATE to FOLLOWER at term 20 for DISCOVERED_A_NEW_TERM
2019-10-25 11:07:39,426 [f6cfa8a2-85ff-4bb9-a246-101c53d2d47b@group-49E82E920F3F-LeaderElection448] INFO  impl.RoleInfo (RoleInfo.java:shutdownLeaderElection(134)) - f6cfa8a2-85ff-4bb9-a246-101c53d2d47b: shutdown LeaderElection
2019-10-25 11:07:39,426 [f6cfa8a2-85ff-4bb9-a246-101c53d2d47b@group-49E82E920F3F-LeaderElection448] INFO  impl.RoleInfo (RoleInfo.java:updateAndGet(143)) - f6cfa8a2-85ff-4bb9-a246-101c53d2d47b: start FollowerState
2019-10-25 11:07:39,521 [Thread-3859] INFO  impl.FollowerState (FollowerState.java:run(108)) - f6cfa8a2-85ff-4bb9-a246-101c53d2d47b@group-49E82E920F3F-FollowerState: change to CANDIDATE, lastRpcTime:94ms, electionTimeout:94ms
2019-10-25 11:07:39,522 [Thread-3859] INFO  impl.RoleInfo (RoleInfo.java:shutdownFollowerState(121)) - f6cfa8a2-85ff-4bb9-a246-101c53d2d47b: shutdown FollowerState
2019-10-25 11:07:39,522 [Thread-3859] INFO  impl.RaftServerImpl (RaftServerImpl.java:setRole(184)) - f6cfa8a2-85ff-4bb9-a246-101c53d2d47b@group-49E82E920F3F: changes role from  FOLLOWER to CANDIDATE at term 20 for changeToCandidate
2019-10-25 11:07:39,522 [Thread-3859] INFO  impl.RoleInfo (RoleInfo.java:updateAndGet(143)) - f6cfa8a2-85ff-4bb9-a246-101c53d2d47b: start LeaderElection
2019-10-25 11:07:39,537 [f6cfa8a2-85ff-4bb9-a246-101c53d2d47b@group-49E82E920F3F-LeaderElection449] INFO  impl.LeaderElection (LeaderElection.java:askForVotes(178)) - f6cfa8a2-85ff-4bb9-a246-101c53d2d47b@group-49E82E920F3F-LeaderElection449: begin an election at term 21 for -1: [7fad1e98-7a6b-4998-a30c-ec1ab88068bc:192.168.157.233:35716, bdb27072-dd00-4d3b-a7da-41600e490ca3:192.168.157.233:42906, f6cfa8a2-85ff-4bb9-a246-101c53d2d47b:192.168.157.233:44618], old=null
2019-10-25 11:07:39,540 [grpc-default-executor-5] INFO  impl.RaftServerImpl (RaftServerImpl.java:setRole(184)) - bdb27072-dd00-4d3b-a7da-41600e490ca3@group-49E82E920F3F: changes role from  FOLLOWER to FOLLOWER at term 21 for recognizeCandidate:f6cfa8a2-85ff-4bb9-a246-101c53d2d47b
2019-10-25 11:07:39,540 [grpc-default-executor-7] INFO  impl.RaftServerImpl (RaftServerImpl.java:setRole(184)) - 7fad1e98-7a6b-4998-a30c-ec1ab88068bc@group-49E82E920F3F: changes role from  FOLLOWER to FOLLOWER at term 21 for recognizeCandidate:f6cfa8a2-85ff-4bb9-a246-101c53d2d47b
2019-10-25 11:07:39,540 [grpc-default-executor-5] INFO  impl.RoleInfo (RoleInfo.java:shutdownFollowerState(121)) - bdb27072-dd00-4d3b-a7da-41600e490ca3: shutdown FollowerState
2019-10-25 11:07:39,540 [grpc-default-executor-7] INFO  impl.RoleInfo (RoleInfo.java:shutdownFollowerState(121)) - 7fad1e98-7a6b-4998-a30c-ec1ab88068bc: shutdown FollowerState
2019-10-25 11:07:39,540 [grpc-default-executor-5] INFO  impl.RoleInfo (RoleInfo.java:updateAndGet(143)) - bdb27072-dd00-4d3b-a7da-41600e490ca3: start FollowerState
2019-10-25 11:07:39,540 [Thread-3858] INFO  impl.FollowerState (FollowerState.java:run(117)) - bdb27072-dd00-4d3b-a7da-41600e490ca3@group-49E82E920F3F-FollowerState was interrupted: java.lang.InterruptedException: sleep interrupted
2019-10-25 11:07:39,540 [grpc-default-executor-7] INFO  impl.RoleInfo (RoleInfo.java:updateAndGet(143)) - 7fad1e98-7a6b-4998-a30c-ec1ab88068bc: start FollowerState
2019-10-25 11:07:39,540 [Thread-3857] INFO  impl.FollowerState (FollowerState.java:run(117)) - 7fad1e98-7a6b-4998-a30c-ec1ab88068bc@group-49E82E920F3F-FollowerState was interrupted: java.lang.InterruptedException: sleep interrupted
2019-10-25 11:07:39,558 [f6cfa8a2-85ff-4bb9-a246-101c53d2d47b@group-49E82E920F3F-LeaderElection449] INFO  impl.LeaderElection (LeaderElection.java:logAndReturn(56)) - f6cfa8a2-85ff-4bb9-a246-101c53d2d47b@group-49E82E920F3F-LeaderElection449: Election REJECTED; received 2 response(s) [f6cfa8a2-85ff-4bb9-a246-101c53d2d47b<-7fad1e98-7a6b-4998-a30c-ec1ab88068bc#0:FAIL-t21, f6cfa8a2-85ff-4bb9-a246-101c53d2d47b<-bdb27072-dd00-4d3b-a7da-41600e490ca3#0:FAIL-t21] and 0 exception(s); f6cfa8a2-85ff-4bb9-a246-101c53d2d47b@group-49E82E920F3F:t21, leader=null, voted=f6cfa8a2-85ff-4bb9-a246-101c53d2d47b, raftlog=f6cfa8a2-85ff-4bb9-a246-101c53d2d47b@group-49E82E920F3F-SegmentedRaftLog:OPENED:c-1,f-1,i0, conf=-1: [7fad1e98-7a6b-4998-a30c-ec1ab88068bc:192.168.157.233:35716, bdb27072-dd00-4d3b-a7da-41600e490ca3:192.168.157.233:42906, f6cfa8a2-85ff-4bb9-a246-101c53d2d47b:192.168.157.233:44618], old=null
2019-10-25 11:07:39,558 [f6cfa8a2-85ff-4bb9-a246-101c53d2d47b@group-49E82E920F3F-LeaderElection449] INFO  impl.RaftServerImpl (RaftServerImpl.java:setRole(184)) - f6cfa8a2-85ff-4bb9-a246-101c53d2d47b@group-49E82E920F3F: changes role from CANDIDATE to FOLLOWER at term 21 for DISCOVERED_A_NEW_TERM
2019-10-25 11:07:39,558 [f6cfa8a2-85ff-4bb9-a246-101c53d2d47b@group-49E82E920F3F-LeaderElection449] INFO  impl.RoleInfo (RoleInfo.java:shutdownLeaderElection(134)) - f6cfa8a2-85ff-4bb9-a246-101c53d2d47b: shutdown LeaderElection
2019-10-25 11:07:39,559 [f6cfa8a2-85ff-4bb9-a246-101c53d2d47b@group-49E82E920F3F-LeaderElection449] INFO  impl.RoleInfo (RoleInfo.java:updateAndGet(143)) - f6cfa8a2-85ff-4bb9-a246-101c53d2d47b: start FollowerState
2019-10-25 11:07:39,579 [Thread-3867] INFO  impl.FollowerState (FollowerState.java:run(108)) - f6cfa8a2-85ff-4bb9-a246-101c53d2d47b@group-49E82E920F3F-FollowerState: change to CANDIDATE, lastRpcTime:20ms, electionTimeout:20ms
2019-10-25 11:07:39,579 [Thread-3867] INFO  impl.RoleInfo (RoleInfo.java:shutdownFollowerState(121)) - f6cfa8a2-85ff-4bb9-a246-101c53d2d47b: shutdown FollowerState
2019-10-25 11:07:39,579 [Thread-3867] INFO  impl.RaftServerImpl (RaftServerImpl.java:setRole(184)) - f6cfa8a2-85ff-4bb9-a246-101c53d2d47b@group-49E82E920F3F: changes role from  FOLLOWER to CANDIDATE at term 21 for changeToCandidate
2019-10-25 11:07:39,579 [Thread-3867] INFO  impl.RoleInfo (RoleInfo.java:updateAndGet(143)) - f6cfa8a2-85ff-4bb9-a246-101c53d2d47b: start LeaderElection
2019-10-25 11:07:39,593 [f6cfa8a2-85ff-4bb9-a246-101c53d2d47b@group-49E82E920F3F-LeaderElection450] INFO  impl.LeaderElection (LeaderElection.java:askForVotes(178)) - f6cfa8a2-85ff-4bb9-a246-101c53d2d47b@group-49E82E920F3F-LeaderElection450: begin an election at term 22 for -1: [7fad1e98-7a6b-4998-a30c-ec1ab88068bc:192.168.157.233:35716, bdb27072-dd00-4d3b-a7da-41600e490ca3:192.168.157.233:42906, f6cfa8a2-85ff-4bb9-a246-101c53d2d47b:192.168.157.233:44618], old=null
2019-10-25 11:07:39,594 [grpc-default-executor-7] INFO  impl.RaftServerImpl (RaftServerImpl.java:setRole(184)) - 7fad1e98-7a6b-4998-a30c-ec1ab88068bc@group-49E82E920F3F: changes role from  FOLLOWER to FOLLOWER at term 22 for recognizeCandidate:f6cfa8a2-85ff-4bb9-a246-101c53d2d47b
2019-10-25 11:07:39,594 [grpc-default-executor-5] INFO  impl.RaftServerImpl (RaftServerImpl.java:setRole(184)) - bdb27072-dd00-4d3b-a7da-41600e490ca3@group-49E82E920F3F: changes role from  FOLLOWER to FOLLOWER at term 22 for recognizeCandidate:f6cfa8a2-85ff-4bb9-a246-101c53d2d47b
2019-10-25 11:07:39,594 [grpc-default-executor-5] INFO  impl.RoleInfo (RoleInfo.java:shutdownFollowerState(121)) - bdb27072-dd00-4d3b-a7da-41600e490ca3: shutdown FollowerState
2019-10-25 11:07:39,594 [grpc-default-executor-7] INFO  impl.RoleInfo (RoleInfo.java:shutdownFollowerState(121)) - 7fad1e98-7a6b-4998-a30c-ec1ab88068bc: shutdown FollowerState
2019-10-25 11:07:39,594 [Thread-3865] INFO  impl.FollowerState (FollowerState.java:run(117)) - bdb27072-dd00-4d3b-a7da-41600e490ca3@group-49E82E920F3F-FollowerState was interrupted: java.lang.InterruptedException: sleep interrupted
2019-10-25 11:07:39,594 [grpc-default-executor-5] INFO  impl.RoleInfo (RoleInfo.java:updateAndGet(143)) - bdb27072-dd00-4d3b-a7da-41600e490ca3: start FollowerState
2019-10-25 11:07:39,595 [Thread-3866] INFO  impl.FollowerState (FollowerState.java:run(117)) - 7fad1e98-7a6b-4998-a30c-ec1ab88068bc@group-49E82E920F3F-FollowerState was interrupted: java.lang.InterruptedException: sleep interrupted
2019-10-25 11:07:39,595 [grpc-default-executor-7] INFO  impl.RoleInfo (RoleInfo.java:updateAndGet(143)) - 7fad1e98-7a6b-4998-a30c-ec1ab88068bc: start FollowerState
2019-10-25 11:07:39,603 [f6cfa8a2-85ff-4bb9-a246-101c53d2d47b@group-49E82E920F3F-LeaderElection450] INFO  impl.LeaderElection (LeaderElection.java:logAndReturn(56)) - f6cfa8a2-85ff-4bb9-a246-101c53d2d47b@group-49E82E920F3F-LeaderElection450: Election TIMEOUT; received 0 response(s) [] and 0 exception(s); f6cfa8a2-85ff-4bb9-a246-101c53d2d47b@group-49E82E920F3F:t22, leader=null, voted=f6cfa8a2-85ff-4bb9-a246-101c53d2d47b, raftlog=f6cfa8a2-85ff-4bb9-a246-101c53d2d47b@group-49E82E920F3F-SegmentedRaftLog:OPENED:c-1,f-1,i0, conf=-1: [7fad1e98-7a6b-4998-a30c-ec1ab88068bc:192.168.157.233:35716, bdb27072-dd00-4d3b-a7da-41600e490ca3:192.168.157.233:42906, f6cfa8a2-85ff-4bb9-a246-101c53d2d47b:192.168.157.233:44618], old=null
2019-10-25 11:07:39,608 [f6cfa8a2-85ff-4bb9-a246-101c53d2d47b@group-49E82E920F3F-LeaderElection450] INFO  impl.LeaderElection (LeaderElection.java:askForVotes(178)) - f6cfa8a2-85ff-4bb9-a246-101c53d2d47b@group-49E82E920F3F-LeaderElection450: begin an election at term 23 for -1: [7fad1e98-7a6b-4998-a30c-ec1ab88068bc:192.168.157.233:35716, bdb27072-dd00-4d3b-a7da-41600e490ca3:192.168.157.233:42906, f6cfa8a2-85ff-4bb9-a246-101c53d2d47b:192.168.157.233:44618], old=null
2019-10-25 11:07:39,609 [grpc-default-executor-5] INFO  impl.RaftServerImpl (RaftServerImpl.java:setRole(184)) - bdb27072-dd00-4d3b-a7da-41600e490ca3@group-49E82E920F3F: changes role from  FOLLOWER to FOLLOWER at term 23 for recognizeCandidate:f6cfa8a2-85ff-4bb9-a246-101c53d2d47b
2019-10-25 11:07:39,609 [grpc-default-executor-7] INFO  impl.RaftServerImpl (RaftServerImpl.java:setRole(184)) - 7fad1e98-7a6b-4998-a30c-ec1ab88068bc@group-49E82E920F3F: changes role from  FOLLOWER to FOLLOWER at term 23 for recognizeCandidate:f6cfa8a2-85ff-4bb9-a246-101c53d2d47b
2019-10-25 11:07:39,609 [grpc-default-executor-5] INFO  impl.RoleInfo (RoleInfo.java:shutdownFollowerState(121)) - bdb27072-dd00-4d3b-a7da-41600e490ca3: shutdown FollowerState
2019-10-25 11:07:39,610 [grpc-default-executor-7] INFO  impl.RoleInfo (RoleInfo.java:shutdownFollowerState(121)) - 7fad1e98-7a6b-4998-a30c-ec1ab88068bc: shutdown FollowerState
2019-10-25 11:07:39,610 [Thread-3871] INFO  impl.FollowerState (FollowerState.java:run(117)) - bdb27072-dd00-4d3b-a7da-41600e490ca3@group-49E82E920F3F-FollowerState was interrupted: java.lang.InterruptedException: sleep interrupted
2019-10-25 11:07:39,610 [grpc-default-executor-5] INFO  impl.RoleInfo (RoleInfo.java:updateAndGet(143)) - bdb27072-dd00-4d3b-a7da-41600e490ca3: start FollowerState
2019-10-25 11:07:39,610 [Thread-3872] INFO  impl.FollowerState (FollowerState.java:run(117)) - 7fad1e98-7a6b-4998-a30c-ec1ab88068bc@group-49E82E920F3F-FollowerState was interrupted: java.lang.InterruptedException: sleep interrupted
2019-10-25 11:07:39,610 [grpc-default-executor-7] INFO  impl.RoleInfo (RoleInfo.java:updateAndGet(143)) - 7fad1e98-7a6b-4998-a30c-ec1ab88068bc: start FollowerState
2019-10-25 11:07:39,624 [f6cfa8a2-85ff-4bb9-a246-101c53d2d47b@group-49E82E920F3F-LeaderElection450] INFO  impl.LeaderElection (LeaderElection.java:logAndReturn(56)) - f6cfa8a2-85ff-4bb9-a246-101c53d2d47b@group-49E82E920F3F-LeaderElection450: Election REJECTED; received 2 response(s) [f6cfa8a2-85ff-4bb9-a246-101c53d2d47b<-7fad1e98-7a6b-4998-a30c-ec1ab88068bc#0:FAIL-t23, f6cfa8a2-85ff-4bb9-a246-101c53d2d47b<-bdb27072-dd00-4d3b-a7da-41600e490ca3#0:FAIL-t23] and 0 exception(s); f6cfa8a2-85ff-4bb9-a246-101c53d2d47b@group-49E82E920F3F:t23, leader=null, voted=f6cfa8a2-85ff-4bb9-a246-101c53d2d47b, raftlog=f6cfa8a2-85ff-4bb9-a246-101c53d2d47b@group-49E82E920F3F-SegmentedRaftLog:OPENED:c-1,f-1,i0, conf=-1: [7fad1e98-7a6b-4998-a30c-ec1ab88068bc:192.168.157.233:35716, bdb27072-dd00-4d3b-a7da-41600e490ca3:192.168.157.233:42906, f6cfa8a2-85ff-4bb9-a246-101c53d2d47b:192.168.157.233:44618], old=null
2019-10-25 11:07:39,624 [f6cfa8a2-85ff-4bb9-a246-101c53d2d47b@group-49E82E920F3F-LeaderElection450] INFO  impl.RaftServerImpl (RaftServerImpl.java:setRole(184)) - f6cfa8a2-85ff-4bb9-a246-101c53d2d47b@group-49E82E920F3F: changes role from CANDIDATE to FOLLOWER at term 23 for DISCOVERED_A_NEW_TERM
2019-10-25 11:07:39,624 [f6cfa8a2-85ff-4bb9-a246-101c53d2d47b@group-49E82E920F3F-LeaderElection450] INFO  impl.RoleInfo (RoleInfo.java:shutdownLeaderElection(134)) - f6cfa8a2-85ff-4bb9-a246-101c53d2d47b: shutdown LeaderElection
2019-10-25 11:07:39,624 [f6cfa8a2-85ff-4bb9-a246-101c53d2d47b@group-49E82E920F3F-LeaderElection450] INFO  impl.RoleInfo (RoleInfo.java:updateAndGet(143)) - f6cfa8a2-85ff-4bb9-a246-101c53d2d47b: start FollowerState
2019-10-25 11:07:39,756 [Thread-3877] INFO  impl.FollowerState (FollowerState.java:run(108)) - f6cfa8a2-85ff-4bb9-a246-101c53d2d47b@group-49E82E920F3F-FollowerState: change to CANDIDATE, lastRpcTime:132ms, electionTimeout:132ms
2019-10-25 11:07:39,757 [Thread-3877] INFO  impl.RoleInfo (RoleInfo.java:shutdownFollowerState(121)) - f6cfa8a2-85ff-4bb9-a246-101c53d2d47b: shutdown FollowerState
2019-10-25 11:07:39,757 [Thread-3877] INFO  impl.RaftServerImpl (RaftServerImpl.java:setRole(184)) - f6cfa8a2-85ff-4bb9-a246-101c53d2d47b@group-49E82E920F3F: changes role from  FOLLOWER to CANDIDATE at term 23 for changeToCandidate
2019-10-25 11:07:39,757 [Thread-3877] INFO  impl.RoleInfo (RoleInfo.java:updateAndGet(143)) - f6cfa8a2-85ff-4bb9-a246-101c53d2d47b: start LeaderElection
2019-10-25 11:07:39,833 [RatisApplyTransactionExecutor 1] INFO  interfaces.Container (KeyValueContainer.java:flushAndSyncDB(386)) - Container 1 is synced with bcsId 3.
2019-10-25 11:07:39,833 [RatisApplyTransactionExecutor 1] INFO  interfaces.Container (KeyValueContainer.java:flushAndSyncDB(386)) - Container 1 is synced with bcsId 3.
2019-10-25 11:07:39,833 [RatisApplyTransactionExecutor 1] INFO  interfaces.Container (KeyValueContainer.java:flushAndSyncDB(386)) - Container 1 is synced with bcsId 3.
2019-10-25 11:07:39,833 [f6cfa8a2-85ff-4bb9-a246-101c53d2d47b@group-49E82E920F3F-LeaderElection451] INFO  impl.LeaderElection (LeaderElection.java:askForVotes(178)) - f6cfa8a2-85ff-4bb9-a246-101c53d2d47b@group-49E82E920F3F-LeaderElection451: begin an election at term 24 for -1: [7fad1e98-7a6b-4998-a30c-ec1ab88068bc:192.168.157.233:35716, bdb27072-dd00-4d3b-a7da-41600e490ca3:192.168.157.233:42906, f6cfa8a2-85ff-4bb9-a246-101c53d2d47b:192.168.157.233:44618], old=null
2019-10-25 11:07:39,837 [RatisApplyTransactionExecutor 1] INFO  interfaces.Container (KeyValueContainer.java:flushAndSyncDB(386)) - Container 1 is synced with bcsId 3.
2019-10-25 11:07:39,837 [RatisApplyTransactionExecutor 1] INFO  interfaces.Container (KeyValueContainer.java:flushAndSyncDB(386)) - Container 1 is synced with bcsId 3.
2019-10-25 11:07:39,836 [RatisApplyTransactionExecutor 1] INFO  interfaces.Container (KeyValueContainer.java:flushAndSyncDB(386)) - Container 1 is synced with bcsId 3.
2019-10-25 11:07:39,838 [grpc-default-executor-7] INFO  impl.RaftServerImpl (RaftServerImpl.java:setRole(184)) - 7fad1e98-7a6b-4998-a30c-ec1ab88068bc@group-49E82E920F3F: changes role from  FOLLOWER to FOLLOWER at term 24 for recognizeCandidate:f6cfa8a2-85ff-4bb9-a246-101c53d2d47b
2019-10-25 11:07:39,838 [grpc-default-executor-5] INFO  impl.RaftServerImpl (RaftServerImpl.java:setRole(184)) - bdb27072-dd00-4d3b-a7da-41600e490ca3@group-49E82E920F3F: changes role from  FOLLOWER to FOLLOWER at term 24 for recognizeCandidate:f6cfa8a2-85ff-4bb9-a246-101c53d2d47b
2019-10-25 11:07:39,838 [grpc-default-executor-7] INFO  impl.RoleInfo (RoleInfo.java:shutdownFollowerState(121)) - 7fad1e98-7a6b-4998-a30c-ec1ab88068bc: shutdown FollowerState
2019-10-25 11:07:39,838 [grpc-default-executor-5] INFO  impl.RoleInfo (RoleInfo.java:shutdownFollowerState(121)) - bdb27072-dd00-4d3b-a7da-41600e490ca3: shutdown FollowerState
2019-10-25 11:07:39,839 [Thread-3876] INFO  impl.FollowerState (FollowerState.java:run(117)) - 7fad1e98-7a6b-4998-a30c-ec1ab88068bc@group-49E82E920F3F-FollowerState was interrupted: java.lang.InterruptedException: sleep interrupted
2019-10-25 11:07:39,839 [grpc-default-executor-7] INFO  impl.RoleInfo (RoleInfo.java:updateAndGet(143)) - 7fad1e98-7a6b-4998-a30c-ec1ab88068bc: start FollowerState
2019-10-25 11:07:39,839 [Thread-3875] INFO  impl.FollowerState (FollowerState.java:run(117)) - bdb27072-dd00-4d3b-a7da-41600e490ca3@group-49E82E920F3F-FollowerState was interrupted: java.lang.InterruptedException: sleep interrupted
2019-10-25 11:07:39,839 [grpc-default-executor-5] INFO  impl.RoleInfo (RoleInfo.java:updateAndGet(143)) - bdb27072-dd00-4d3b-a7da-41600e490ca3: start FollowerState
2019-10-25 11:07:39,846 [RatisApplyTransactionExecutor 1] INFO  interfaces.Container (KeyValueContainer.java:close(335)) - Container 1 is closed with bcsId 3.
2019-10-25 11:07:39,846 [RatisApplyTransactionExecutor 1] INFO  interfaces.Container (KeyValueContainer.java:close(335)) - Container 1 is closed with bcsId 3.
2019-10-25 11:07:39,846 [RatisApplyTransactionExecutor 1] INFO  interfaces.Container (KeyValueContainer.java:close(335)) - Container 1 is closed with bcsId 3.
2019-10-25 11:07:39,846 [f6cfa8a2-85ff-4bb9-a246-101c53d2d47b@group-49E82E920F3F-LeaderElection451] INFO  impl.LeaderElection (LeaderElection.java:logAndReturn(56)) - f6cfa8a2-85ff-4bb9-a246-101c53d2d47b@group-49E82E920F3F-LeaderElection451: Election REJECTED; received 2 response(s) [f6cfa8a2-85ff-4bb9-a246-101c53d2d47b<-7fad1e98-7a6b-4998-a30c-ec1ab88068bc#0:FAIL-t24, f6cfa8a2-85ff-4bb9-a246-101c53d2d47b<-bdb27072-dd00-4d3b-a7da-41600e490ca3#0:FAIL-t24] and 0 exception(s); f6cfa8a2-85ff-4bb9-a246-101c53d2d47b@group-49E82E920F3F:t24, leader=null, voted=f6cfa8a2-85ff-4bb9-a246-101c53d2d47b, raftlog=f6cfa8a2-85ff-4bb9-a246-101c53d2d47b@group-49E82E920F3F-SegmentedRaftLog:OPENED:c-1,f-1,i0, conf=-1: [7fad1e98-7a6b-4998-a30c-ec1ab88068bc:192.168.157.233:35716, bdb27072-dd00-4d3b-a7da-41600e490ca3:192.168.157.233:42906, f6cfa8a2-85ff-4bb9-a246-101c53d2d47b:192.168.157.233:44618], old=null
2019-10-25 11:07:39,847 [f6cfa8a2-85ff-4bb9-a246-101c53d2d47b@group-49E82E920F3F-LeaderElection451] INFO  impl.RaftServerImpl (RaftServerImpl.java:setRole(184)) - f6cfa8a2-85ff-4bb9-a246-101c53d2d47b@group-49E82E920F3F: changes role from CANDIDATE to FOLLOWER at term 24 for DISCOVERED_A_NEW_TERM
2019-10-25 11:07:39,847 [f6cfa8a2-85ff-4bb9-a246-101c53d2d47b@group-49E82E920F3F-LeaderElection451] INFO  impl.RoleInfo (RoleInfo.java:shutdownLeaderElection(134)) - f6cfa8a2-85ff-4bb9-a246-101c53d2d47b: shutdown LeaderElection
2019-10-25 11:07:39,847 [f6cfa8a2-85ff-4bb9-a246-101c53d2d47b@group-49E82E920F3F-LeaderElection451] INFO  impl.RoleInfo (RoleInfo.java:updateAndGet(143)) - f6cfa8a2-85ff-4bb9-a246-101c53d2d47b: start FollowerState
2019-10-25 11:07:39,847 [EventQueue-IncrementalContainerReportForIncrementalContainerReportHandler] INFO  container.IncrementalContainerReportHandler (AbstractContainerReportHandler.java:updateContainerState(178)) - Moving container #1 to CLOSED state, datanode 4ec993a1-c88d-4e26-9851-97b3046e33ae{ip: 192.168.157.233, host: pr-hdds-2359-lls5b-3453883328, networkLocation: /rack1, certSerialId: null} reported CLOSED replica.
2019-10-25 11:07:39,995 [Thread-3889] INFO  impl.FollowerState (FollowerState.java:run(108)) - f6cfa8a2-85ff-4bb9-a246-101c53d2d47b@group-49E82E920F3F-FollowerState: change to CANDIDATE, lastRpcTime:148ms, electionTimeout:148ms
2019-10-25 11:07:39,995 [Thread-3889] INFO  impl.RoleInfo (RoleInfo.java:shutdownFollowerState(121)) - f6cfa8a2-85ff-4bb9-a246-101c53d2d47b: shutdown FollowerState
2019-10-25 11:07:39,995 [Thread-3889] INFO  impl.RaftServerImpl (RaftServerImpl.java:setRole(184)) - f6cfa8a2-85ff-4bb9-a246-101c53d2d47b@group-49E82E920F3F: changes role from  FOLLOWER to CANDIDATE at term 24 for changeToCandidate
2019-10-25 11:07:39,996 [Thread-3889] INFO  impl.RoleInfo (RoleInfo.java:updateAndGet(143)) - f6cfa8a2-85ff-4bb9-a246-101c53d2d47b: start LeaderElection
2019-10-25 11:07:40,014 [f6cfa8a2-85ff-4bb9-a246-101c53d2d47b@group-49E82E920F3F-LeaderElection452] INFO  impl.LeaderElection (LeaderElection.java:askForVotes(178)) - f6cfa8a2-85ff-4bb9-a246-101c53d2d47b@group-49E82E920F3F-LeaderElection452: begin an election at term 25 for -1: [7fad1e98-7a6b-4998-a30c-ec1ab88068bc:192.168.157.233:35716, bdb27072-dd00-4d3b-a7da-41600e490ca3:192.168.157.233:42906, f6cfa8a2-85ff-4bb9-a246-101c53d2d47b:192.168.157.233:44618], old=null
2019-10-25 11:07:40,016 [grpc-default-executor-7] INFO  impl.RaftServerImpl (RaftServerImpl.java:setRole(184)) - 7fad1e98-7a6b-4998-a30c-ec1ab88068bc@group-49E82E920F3F: changes role from  FOLLOWER to FOLLOWER at term 25 for recognizeCandidate:f6cfa8a2-85ff-4bb9-a246-101c53d2d47b
2019-10-25 11:07:40,016 [grpc-default-executor-7] INFO  impl.RoleInfo (RoleInfo.java:shutdownFollowerState(121)) - 7fad1e98-7a6b-4998-a30c-ec1ab88068bc: shutdown FollowerState
2019-10-25 11:07:40,016 [grpc-default-executor-1] INFO  impl.RaftServerImpl (RaftServerImpl.java:setRole(184)) - bdb27072-dd00-4d3b-a7da-41600e490ca3@group-49E82E920F3F: changes role from  FOLLOWER to FOLLOWER at term 25 for recognizeCandidate:f6cfa8a2-85ff-4bb9-a246-101c53d2d47b
2019-10-25 11:07:40,017 [grpc-default-executor-1] INFO  impl.RoleInfo (RoleInfo.java:shutdownFollowerState(121)) - bdb27072-dd00-4d3b-a7da-41600e490ca3: shutdown FollowerState
2019-10-25 11:07:40,016 [Thread-3887] INFO  impl.FollowerState (FollowerState.java:run(117)) - 7fad1e98-7a6b-4998-a30c-ec1ab88068bc@group-49E82E920F3F-FollowerState was interrupted: java.lang.InterruptedException: sleep interrupted
2019-10-25 11:07:40,016 [grpc-default-executor-7] INFO  impl.RoleInfo (RoleInfo.java:updateAndGet(143)) - 7fad1e98-7a6b-4998-a30c-ec1ab88068bc: start FollowerState
2019-10-25 11:07:40,017 [Thread-3888] INFO  impl.FollowerState (FollowerState.java:run(117)) - bdb27072-dd00-4d3b-a7da-41600e490ca3@group-49E82E920F3F-FollowerState was interrupted: java.lang.InterruptedException: sleep interrupted
2019-10-25 11:07:40,017 [grpc-default-executor-1] INFO  impl.RoleInfo (RoleInfo.java:updateAndGet(143)) - bdb27072-dd00-4d3b-a7da-41600e490ca3: start FollowerState
2019-10-25 11:07:40,033 [f6cfa8a2-85ff-4bb9-a246-101c53d2d47b@group-49E82E920F3F-LeaderElection452] INFO  impl.LeaderElection (LeaderElection.java:logAndReturn(56)) - f6cfa8a2-85ff-4bb9-a246-101c53d2d47b@group-49E82E920F3F-LeaderElection452: Election REJECTED; received 2 response(s) [f6cfa8a2-85ff-4bb9-a246-101c53d2d47b<-7fad1e98-7a6b-4998-a30c-ec1ab88068bc#0:FAIL-t25, f6cfa8a2-85ff-4bb9-a246-101c53d2d47b<-bdb27072-dd00-4d3b-a7da-41600e490ca3#0:FAIL-t25] and 0 exception(s); f6cfa8a2-85ff-4bb9-a246-101c53d2d47b@group-49E82E920F3F:t25, leader=null, voted=f6cfa8a2-85ff-4bb9-a246-101c53d2d47b, raftlog=f6cfa8a2-85ff-4bb9-a246-101c53d2d47b@group-49E82E920F3F-SegmentedRaftLog:OPENED:c-1,f-1,i0, conf=-1: [7fad1e98-7a6b-4998-a30c-ec1ab88068bc:192.168.157.233:35716, bdb27072-dd00-4d3b-a7da-41600e490ca3:192.168.157.233:42906, f6cfa8a2-85ff-4bb9-a246-101c53d2d47b:192.168.157.233:44618], old=null
2019-10-25 11:07:40,033 [f6cfa8a2-85ff-4bb9-a246-101c53d2d47b@group-49E82E920F3F-LeaderElection452] INFO  impl.RaftServerImpl (RaftServerImpl.java:setRole(184)) - f6cfa8a2-85ff-4bb9-a246-101c53d2d47b@group-49E82E920F3F: changes role from CANDIDATE to FOLLOWER at term 25 for DISCOVERED_A_NEW_TERM
2019-10-25 11:07:40,033 [f6cfa8a2-85ff-4bb9-a246-101c53d2d47b@group-49E82E920F3F-LeaderElection452] INFO  impl.RoleInfo (RoleInfo.java:shutdownLeaderElection(134)) - f6cfa8a2-85ff-4bb9-a246-101c53d2d47b: shutdown LeaderElection
2019-10-25 11:07:40,033 [f6cfa8a2-85ff-4bb9-a246-101c53d2d47b@group-49E82E920F3F-LeaderElection452] INFO  impl.RoleInfo (RoleInfo.java:updateAndGet(143)) - f6cfa8a2-85ff-4bb9-a246-101c53d2d47b: start FollowerState
11:07:40.068 [grpc-default-executor-1] ERROR DNAudit - user=null | ip=null | op=WRITE_CHUNK {blockData=conID: 1 locID: 103022700650496004 bcsId: 3} | ret=FAILURE
org.apache.hadoop.hdds.scm.container.common.helpers.ContainerNotOpenException: Container 1 in CLOSED state
	at org.apache.hadoop.ozone.container.common.impl.HddsDispatcher.validateContainerCommand(HddsDispatcher.java:436) ~[hadoop-hdds-container-service-0.5.0-SNAPSHOT.jar:?]
	at org.apache.hadoop.ozone.container.common.transport.server.ratis.ContainerStateMachine.startTransaction(ContainerStateMachine.java:320) ~[hadoop-hdds-container-service-0.5.0-SNAPSHOT.jar:?]
	at org.apache.ratis.server.impl.RaftServerImpl.submitClientRequestAsync(RaftServerImpl.java:591) ~[ratis-server-0.5.0-3f446aa-SNAPSHOT.jar:0.5.0-3f446aa-SNAPSHOT]
	at org.apache.ratis.server.impl.RaftServerProxy.lambda$submitClientRequestAsync$7(RaftServerProxy.java:333) ~[ratis-server-0.5.0-3f446aa-SNAPSHOT.jar:0.5.0-3f446aa-SNAPSHOT]
	at org.apache.ratis.server.impl.RaftServerProxy.lambda$null$5(RaftServerProxy.java:328) ~[ratis-server-0.5.0-3f446aa-SNAPSHOT.jar:0.5.0-3f446aa-SNAPSHOT]
	at org.apache.ratis.util.JavaUtils.callAsUnchecked(JavaUtils.java:109) ~[ratis-common-0.5.0-3f446aa-SNAPSHOT.jar:0.5.0-3f446aa-SNAPSHOT]
	at org.apache.ratis.server.impl.RaftServerProxy.lambda$submitRequest$6(RaftServerProxy.java:328) ~[ratis-server-0.5.0-3f446aa-SNAPSHOT.jar:0.5.0-3f446aa-SNAPSHOT]
	at java.util.concurrent.CompletableFuture.uniComposeStage(CompletableFuture.java:981) ~[?:1.8.0_222]
	at java.util.concurrent.CompletableFuture.thenCompose(CompletableFuture.java:2124) ~[?:1.8.0_222]
	at org.apache.ratis.server.impl.RaftServerProxy.submitRequest(RaftServerProxy.java:327) ~[ratis-server-0.5.0-3f446aa-SNAPSHOT.jar:0.5.0-3f446aa-SNAPSHOT]
	at org.apache.ratis.server.impl.RaftServerProxy.submitClientRequestAsync(RaftServerProxy.java:333) ~[ratis-server-0.5.0-3f446aa-SNAPSHOT.jar:0.5.0-3f446aa-SNAPSHOT]
	at org.apache.ratis.grpc.client.GrpcClientProtocolService$RequestStreamObserver.processClientRequest(GrpcClientProtocolService.java:220) ~[ratis-grpc-0.5.0-3f446aa-SNAPSHOT.jar:0.5.0-3f446aa-SNAPSHOT]
	at org.apache.ratis.grpc.client.GrpcClientProtocolService$OrderedRequestStreamObserver.processClientRequest(GrpcClientProtocolService.java:326) ~[ratis-grpc-0.5.0-3f446aa-SNAPSHOT.jar:0.5.0-3f446aa-SNAPSHOT]
	at org.apache.ratis.util.SlidingWindow$Server.processRequestsFromHead(SlidingWindow.java:429) [ratis-common-0.5.0-3f446aa-SNAPSHOT.jar:0.5.0-3f446aa-SNAPSHOT]
	at org.apache.ratis.util.SlidingWindow$Server.receivedRequest(SlidingWindow.java:421) [ratis-common-0.5.0-3f446aa-SNAPSHOT.jar:0.5.0-3f446aa-SNAPSHOT]
	at org.apache.ratis.grpc.client.GrpcClientProtocolService$OrderedRequestStreamObserver.processClientRequest(GrpcClientProtocolService.java:345) [ratis-grpc-0.5.0-3f446aa-SNAPSHOT.jar:0.5.0-3f446aa-SNAPSHOT]
	at org.apache.ratis.grpc.client.GrpcClientProtocolService$RequestStreamObserver.onNext(GrpcClientProtocolService.java:240) [ratis-grpc-0.5.0-3f446aa-SNAPSHOT.jar:0.5.0-3f446aa-SNAPSHOT]
	at org.apache.ratis.grpc.client.GrpcClientProtocolService$RequestStreamObserver.onNext(GrpcClientProtocolService.java:168) [ratis-grpc-0.5.0-3f446aa-SNAPSHOT.jar:0.5.0-3f446aa-SNAPSHOT]
	at org.apache.ratis.thirdparty.io.grpc.stub.ServerCalls$StreamingServerCallHandler$StreamingServerCallListener.onMessage(ServerCalls.java:248) [ratis-thirdparty-misc-0.2.0.jar:0.2.0]
	at org.apache.ratis.thirdparty.io.grpc.internal.ServerCallImpl$ServerStreamListenerImpl.messagesAvailable(ServerCallImpl.java:263) [ratis-thirdparty-misc-0.2.0.jar:0.2.0]
	at org.apache.ratis.thirdparty.io.grpc.internal.ServerImpl$JumpToApplicationThreadServerStreamListener$1MessagesAvailable.runInContext(ServerImpl.java:686) [ratis-thirdparty-misc-0.2.0.jar:0.2.0]
	at org.apache.ratis.thirdparty.io.grpc.internal.ContextRunnable.run(ContextRunnable.java:37) [ratis-thirdparty-misc-0.2.0.jar:0.2.0]
	at org.apache.ratis.thirdparty.io.grpc.internal.SerializingExecutor.run(SerializingExecutor.java:123) [ratis-thirdparty-misc-0.2.0.jar:0.2.0]
	at java.util.concurrent.ThreadPoolExecutor.runWorker(ThreadPoolExecutor.java:1149) [?:1.8.0_222]
	at java.util.concurrent.ThreadPoolExecutor$Worker.run(ThreadPoolExecutor.java:624) [?:1.8.0_222]
	at java.lang.Thread.run(Thread.java:748) [?:1.8.0_222]
11:07:40.101 [grpc-default-executor-1] ERROR DNAudit - user=null | ip=null | op=PUT_BLOCK {blockData=[blockId=conID: 1 locID: 103022700650496004 bcsId: 0,size=2097152]} | ret=FAILURE
org.apache.hadoop.hdds.scm.container.common.helpers.ContainerNotOpenException: Container 1 in CLOSED state
	at org.apache.hadoop.ozone.container.common.impl.HddsDispatcher.validateContainerCommand(HddsDispatcher.java:436) ~[hadoop-hdds-container-service-0.5.0-SNAPSHOT.jar:?]
	at org.apache.hadoop.ozone.container.common.transport.server.ratis.ContainerStateMachine.startTransaction(ContainerStateMachine.java:320) ~[hadoop-hdds-container-service-0.5.0-SNAPSHOT.jar:?]
	at org.apache.ratis.server.impl.RaftServerImpl.submitClientRequestAsync(RaftServerImpl.java:591) ~[ratis-server-0.5.0-3f446aa-SNAPSHOT.jar:0.5.0-3f446aa-SNAPSHOT]
	at org.apache.ratis.server.impl.RaftServerProxy.lambda$submitClientRequestAsync$7(RaftServerProxy.java:333) ~[ratis-server-0.5.0-3f446aa-SNAPSHOT.jar:0.5.0-3f446aa-SNAPSHOT]
	at org.apache.ratis.server.impl.RaftServerProxy.lambda$null$5(RaftServerProxy.java:328) ~[ratis-server-0.5.0-3f446aa-SNAPSHOT.jar:0.5.0-3f446aa-SNAPSHOT]
	at org.apache.ratis.util.JavaUtils.callAsUnchecked(JavaUtils.java:109) ~[ratis-common-0.5.0-3f446aa-SNAPSHOT.jar:0.5.0-3f446aa-SNAPSHOT]
	at org.apache.ratis.server.impl.RaftServerProxy.lambda$submitRequest$6(RaftServerProxy.java:328) ~[ratis-server-0.5.0-3f446aa-SNAPSHOT.jar:0.5.0-3f446aa-SNAPSHOT]
	at java.util.concurrent.CompletableFuture.uniComposeStage(CompletableFuture.java:981) ~[?:1.8.0_222]
	at java.util.concurrent.CompletableFuture.thenCompose(CompletableFuture.java:2124) ~[?:1.8.0_222]
	at org.apache.ratis.server.impl.RaftServerProxy.submitRequest(RaftServerProxy.java:327) ~[ratis-server-0.5.0-3f446aa-SNAPSHOT.jar:0.5.0-3f446aa-SNAPSHOT]
	at org.apache.ratis.server.impl.RaftServerProxy.submitClientRequestAsync(RaftServerProxy.java:333) ~[ratis-server-0.5.0-3f446aa-SNAPSHOT.jar:0.5.0-3f446aa-SNAPSHOT]
	at org.apache.ratis.grpc.client.GrpcClientProtocolService$RequestStreamObserver.processClientRequest(GrpcClientProtocolService.java:220) ~[ratis-grpc-0.5.0-3f446aa-SNAPSHOT.jar:0.5.0-3f446aa-SNAPSHOT]
	at org.apache.ratis.grpc.client.GrpcClientProtocolService$OrderedRequestStreamObserver.processClientRequest(GrpcClientProtocolService.java:326) ~[ratis-grpc-0.5.0-3f446aa-SNAPSHOT.jar:0.5.0-3f446aa-SNAPSHOT]
	at org.apache.ratis.util.SlidingWindow$Server.processRequestsFromHead(SlidingWindow.java:429) [ratis-common-0.5.0-3f446aa-SNAPSHOT.jar:0.5.0-3f446aa-SNAPSHOT]
	at org.apache.ratis.util.SlidingWindow$Server.receivedRequest(SlidingWindow.java:421) [ratis-common-0.5.0-3f446aa-SNAPSHOT.jar:0.5.0-3f446aa-SNAPSHOT]
	at org.apache.ratis.grpc.client.GrpcClientProtocolService$OrderedRequestStreamObserver.processClientRequest(GrpcClientProtocolService.java:345) [ratis-grpc-0.5.0-3f446aa-SNAPSHOT.jar:0.5.0-3f446aa-SNAPSHOT]
	at org.apache.ratis.grpc.client.GrpcClientProtocolService$RequestStreamObserver.onNext(GrpcClientProtocolService.java:240) [ratis-grpc-0.5.0-3f446aa-SNAPSHOT.jar:0.5.0-3f446aa-SNAPSHOT]
	at org.apache.ratis.grpc.client.GrpcClientProtocolService$RequestStreamObserver.onNext(GrpcClientProtocolService.java:168) [ratis-grpc-0.5.0-3f446aa-SNAPSHOT.jar:0.5.0-3f446aa-SNAPSHOT]
	at org.apache.ratis.thirdparty.io.grpc.stub.ServerCalls$StreamingServerCallHandler$StreamingServerCallListener.onMessage(ServerCalls.java:248) [ratis-thirdparty-misc-0.2.0.jar:0.2.0]
	at org.apache.ratis.thirdparty.io.grpc.internal.ServerCallImpl$ServerStreamListenerImpl.messagesAvailable(ServerCallImpl.java:263) [ratis-thirdparty-misc-0.2.0.jar:0.2.0]
	at org.apache.ratis.thirdparty.io.grpc.internal.ServerImpl$JumpToApplicationThreadServerStreamListener$1MessagesAvailable.runInContext(ServerImpl.java:686) [ratis-thirdparty-misc-0.2.0.jar:0.2.0]
	at org.apache.ratis.thirdparty.io.grpc.internal.ContextRunnable.run(ContextRunnable.java:37) [ratis-thirdparty-misc-0.2.0.jar:0.2.0]
	at org.apache.ratis.thirdparty.io.grpc.internal.SerializingExecutor.run(SerializingExecutor.java:123) [ratis-thirdparty-misc-0.2.0.jar:0.2.0]
	at java.util.concurrent.ThreadPoolExecutor.runWorker(ThreadPoolExecutor.java:1149) [?:1.8.0_222]
	at java.util.concurrent.ThreadPoolExecutor$Worker.run(ThreadPoolExecutor.java:624) [?:1.8.0_222]
	at java.lang.Thread.run(Thread.java:748) [?:1.8.0_222]
2019-10-25 11:07:40,173 [Thread-3895] INFO  impl.FollowerState (FollowerState.java:run(108)) - f6cfa8a2-85ff-4bb9-a246-101c53d2d47b@group-49E82E920F3F-FollowerState: change to CANDIDATE, lastRpcTime:140ms, electionTimeout:140ms
2019-10-25 11:07:40,173 [Thread-3895] INFO  impl.RoleInfo (RoleInfo.java:shutdownFollowerState(121)) - f6cfa8a2-85ff-4bb9-a246-101c53d2d47b: shutdown FollowerState
2019-10-25 11:07:40,173 [Thread-3895] INFO  impl.RaftServerImpl (RaftServerImpl.java:setRole(184)) - f6cfa8a2-85ff-4bb9-a246-101c53d2d47b@group-49E82E920F3F: changes role from  FOLLOWER to CANDIDATE at term 25 for changeToCandidate
2019-10-25 11:07:40,174 [Thread-3895] INFO  impl.RoleInfo (RoleInfo.java:updateAndGet(143)) - f6cfa8a2-85ff-4bb9-a246-101c53d2d47b: start LeaderElection
2019-10-25 11:07:40,188 [f6cfa8a2-85ff-4bb9-a246-101c53d2d47b@group-49E82E920F3F-LeaderElection453] INFO  impl.LeaderElection (LeaderElection.java:askForVotes(178)) - f6cfa8a2-85ff-4bb9-a246-101c53d2d47b@group-49E82E920F3F-LeaderElection453: begin an election at term 26 for -1: [7fad1e98-7a6b-4998-a30c-ec1ab88068bc:192.168.157.233:35716, bdb27072-dd00-4d3b-a7da-41600e490ca3:192.168.157.233:42906, f6cfa8a2-85ff-4bb9-a246-101c53d2d47b:192.168.157.233:44618], old=null
2019-10-25 11:07:40,190 [grpc-default-executor-1] INFO  impl.RaftServerImpl (RaftServerImpl.java:setRole(184)) - bdb27072-dd00-4d3b-a7da-41600e490ca3@group-49E82E920F3F: changes role from  FOLLOWER to FOLLOWER at term 26 for recognizeCandidate:f6cfa8a2-85ff-4bb9-a246-101c53d2d47b
2019-10-25 11:07:40,190 [grpc-default-executor-7] INFO  impl.RaftServerImpl (RaftServerImpl.java:setRole(184)) - 7fad1e98-7a6b-4998-a30c-ec1ab88068bc@group-49E82E920F3F: changes role from  FOLLOWER to FOLLOWER at term 26 for recognizeCandidate:f6cfa8a2-85ff-4bb9-a246-101c53d2d47b
2019-10-25 11:07:40,190 [grpc-default-executor-1] INFO  impl.RoleInfo (RoleInfo.java:shutdownFollowerState(121)) - bdb27072-dd00-4d3b-a7da-41600e490ca3: shutdown FollowerState
2019-10-25 11:07:40,190 [grpc-default-executor-7] INFO  impl.RoleInfo (RoleInfo.java:shutdownFollowerState(121)) - 7fad1e98-7a6b-4998-a30c-ec1ab88068bc: shutdown FollowerState
2019-10-25 11:07:40,190 [Thread-3894] INFO  impl.FollowerState (FollowerState.java:run(117)) - bdb27072-dd00-4d3b-a7da-41600e490ca3@group-49E82E920F3F-FollowerState was interrupted: java.lang.InterruptedException: sleep interrupted
2019-10-25 11:07:40,190 [grpc-default-executor-1] INFO  impl.RoleInfo (RoleInfo.java:updateAndGet(143)) - bdb27072-dd00-4d3b-a7da-41600e490ca3: start FollowerState
2019-10-25 11:07:40,191 [Thread-3893] INFO  impl.FollowerState (FollowerState.java:run(117)) - 7fad1e98-7a6b-4998-a30c-ec1ab88068bc@group-49E82E920F3F-FollowerState was interrupted: java.lang.InterruptedException: sleep interrupted
2019-10-25 11:07:40,191 [grpc-default-executor-7] INFO  impl.RoleInfo (RoleInfo.java:updateAndGet(143)) - 7fad1e98-7a6b-4998-a30c-ec1ab88068bc: start FollowerState
2019-10-25 11:07:40,206 [f6cfa8a2-85ff-4bb9-a246-101c53d2d47b@group-49E82E920F3F-LeaderElection453] INFO  impl.LeaderElection (LeaderElection.java:logAndReturn(56)) - f6cfa8a2-85ff-4bb9-a246-101c53d2d47b@group-49E82E920F3F-LeaderElection453: Election REJECTED; received 2 response(s) [f6cfa8a2-85ff-4bb9-a246-101c53d2d47b<-7fad1e98-7a6b-4998-a30c-ec1ab88068bc#0:FAIL-t26, f6cfa8a2-85ff-4bb9-a246-101c53d2d47b<-bdb27072-dd00-4d3b-a7da-41600e490ca3#0:FAIL-t26] and 0 exception(s); f6cfa8a2-85ff-4bb9-a246-101c53d2d47b@group-49E82E920F3F:t26, leader=null, voted=f6cfa8a2-85ff-4bb9-a246-101c53d2d47b, raftlog=f6cfa8a2-85ff-4bb9-a246-101c53d2d47b@group-49E82E920F3F-SegmentedRaftLog:OPENED:c-1,f-1,i0, conf=-1: [7fad1e98-7a6b-4998-a30c-ec1ab88068bc:192.168.157.233:35716, bdb27072-dd00-4d3b-a7da-41600e490ca3:192.168.157.233:42906, f6cfa8a2-85ff-4bb9-a246-101c53d2d47b:192.168.157.233:44618], old=null
2019-10-25 11:07:40,206 [f6cfa8a2-85ff-4bb9-a246-101c53d2d47b@group-49E82E920F3F-LeaderElection453] INFO  impl.RaftServerImpl (RaftServerImpl.java:setRole(184)) - f6cfa8a2-85ff-4bb9-a246-101c53d2d47b@group-49E82E920F3F: changes role from CANDIDATE to FOLLOWER at term 26 for DISCOVERED_A_NEW_TERM
2019-10-25 11:07:40,206 [f6cfa8a2-85ff-4bb9-a246-101c53d2d47b@group-49E82E920F3F-LeaderElection453] INFO  impl.RoleInfo (RoleInfo.java:shutdownLeaderElection(134)) - f6cfa8a2-85ff-4bb9-a246-101c53d2d47b: shutdown LeaderElection
2019-10-25 11:07:40,206 [f6cfa8a2-85ff-4bb9-a246-101c53d2d47b@group-49E82E920F3F-LeaderElection453] INFO  impl.RoleInfo (RoleInfo.java:updateAndGet(143)) - f6cfa8a2-85ff-4bb9-a246-101c53d2d47b: start FollowerState
2019-10-25 11:07:40,388 [Thread-3906] INFO  impl.FollowerState (FollowerState.java:run(108)) - f6cfa8a2-85ff-4bb9-a246-101c53d2d47b@group-49E82E920F3F-FollowerState: change to CANDIDATE, lastRpcTime:182ms, electionTimeout:182ms
2019-10-25 11:07:40,389 [Thread-3906] INFO  impl.RoleInfo (RoleInfo.java:shutdownFollowerState(121)) - f6cfa8a2-85ff-4bb9-a246-101c53d2d47b: shutdown FollowerState
2019-10-25 11:07:40,389 [Thread-3906] INFO  impl.RaftServerImpl (RaftServerImpl.java:setRole(184)) - f6cfa8a2-85ff-4bb9-a246-101c53d2d47b@group-49E82E920F3F: changes role from  FOLLOWER to CANDIDATE at term 26 for changeToCandidate
2019-10-25 11:07:40,389 [Thread-3906] INFO  impl.RoleInfo (RoleInfo.java:updateAndGet(143)) - f6cfa8a2-85ff-4bb9-a246-101c53d2d47b: start LeaderElection
2019-10-25 11:07:40,414 [f6cfa8a2-85ff-4bb9-a246-101c53d2d47b@group-49E82E920F3F-LeaderElection454] INFO  impl.LeaderElection (LeaderElection.java:askForVotes(178)) - f6cfa8a2-85ff-4bb9-a246-101c53d2d47b@group-49E82E920F3F-LeaderElection454: begin an election at term 27 for -1: [7fad1e98-7a6b-4998-a30c-ec1ab88068bc:192.168.157.233:35716, bdb27072-dd00-4d3b-a7da-41600e490ca3:192.168.157.233:42906, f6cfa8a2-85ff-4bb9-a246-101c53d2d47b:192.168.157.233:44618], old=null
2019-10-25 11:07:40,416 [grpc-default-executor-7] INFO  impl.RaftServerImpl (RaftServerImpl.java:setRole(184)) - 7fad1e98-7a6b-4998-a30c-ec1ab88068bc@group-49E82E920F3F: changes role from  FOLLOWER to FOLLOWER at term 27 for recognizeCandidate:f6cfa8a2-85ff-4bb9-a246-101c53d2d47b
2019-10-25 11:07:40,416 [grpc-default-executor-7] INFO  impl.RoleInfo (RoleInfo.java:shutdownFollowerState(121)) - 7fad1e98-7a6b-4998-a30c-ec1ab88068bc: shutdown FollowerState
2019-10-25 11:07:40,416 [grpc-default-executor-1] INFO  impl.RaftServerImpl (RaftServerImpl.java:setRole(184)) - bdb27072-dd00-4d3b-a7da-41600e490ca3@group-49E82E920F3F: changes role from  FOLLOWER to FOLLOWER at term 27 for recognizeCandidate:f6cfa8a2-85ff-4bb9-a246-101c53d2d47b
2019-10-25 11:07:40,416 [Thread-3905] INFO  impl.FollowerState (FollowerState.java:run(117)) - 7fad1e98-7a6b-4998-a30c-ec1ab88068bc@group-49E82E920F3F-FollowerState was interrupted: java.lang.InterruptedException: sleep interrupted
2019-10-25 11:07:40,416 [grpc-default-executor-7] INFO  impl.RoleInfo (RoleInfo.java:updateAndGet(143)) - 7fad1e98-7a6b-4998-a30c-ec1ab88068bc: start FollowerState
2019-10-25 11:07:40,416 [grpc-default-executor-1] INFO  impl.RoleInfo (RoleInfo.java:shutdownFollowerState(121)) - bdb27072-dd00-4d3b-a7da-41600e490ca3: shutdown FollowerState
2019-10-25 11:07:40,417 [grpc-default-executor-1] INFO  impl.RoleInfo (RoleInfo.java:updateAndGet(143)) - bdb27072-dd00-4d3b-a7da-41600e490ca3: start FollowerState
2019-10-25 11:07:40,417 [Thread-3904] INFO  impl.FollowerState (FollowerState.java:run(117)) - bdb27072-dd00-4d3b-a7da-41600e490ca3@group-49E82E920F3F-FollowerState was interrupted: java.lang.InterruptedException: sleep interrupted
2019-10-25 11:07:40,442 [f6cfa8a2-85ff-4bb9-a246-101c53d2d47b@group-49E82E920F3F-LeaderElection454] INFO  impl.LeaderElection (LeaderElection.java:logAndReturn(56)) - f6cfa8a2-85ff-4bb9-a246-101c53d2d47b@group-49E82E920F3F-LeaderElection454: Election REJECTED; received 2 response(s) [f6cfa8a2-85ff-4bb9-a246-101c53d2d47b<-7fad1e98-7a6b-4998-a30c-ec1ab88068bc#0:FAIL-t27, f6cfa8a2-85ff-4bb9-a246-101c53d2d47b<-bdb27072-dd00-4d3b-a7da-41600e490ca3#0:FAIL-t27] and 0 exception(s); f6cfa8a2-85ff-4bb9-a246-101c53d2d47b@group-49E82E920F3F:t27, leader=null, voted=f6cfa8a2-85ff-4bb9-a246-101c53d2d47b, raftlog=f6cfa8a2-85ff-4bb9-a246-101c53d2d47b@group-49E82E920F3F-SegmentedRaftLog:OPENED:c-1,f-1,i0, conf=-1: [7fad1e98-7a6b-4998-a30c-ec1ab88068bc:192.168.157.233:35716, bdb27072-dd00-4d3b-a7da-41600e490ca3:192.168.157.233:42906, f6cfa8a2-85ff-4bb9-a246-101c53d2d47b:192.168.157.233:44618], old=null
2019-10-25 11:07:40,443 [f6cfa8a2-85ff-4bb9-a246-101c53d2d47b@group-49E82E920F3F-LeaderElection454] INFO  impl.RaftServerImpl (RaftServerImpl.java:setRole(184)) - f6cfa8a2-85ff-4bb9-a246-101c53d2d47b@group-49E82E920F3F: changes role from CANDIDATE to FOLLOWER at term 27 for DISCOVERED_A_NEW_TERM
2019-10-25 11:07:40,443 [f6cfa8a2-85ff-4bb9-a246-101c53d2d47b@group-49E82E920F3F-LeaderElection454] INFO  impl.RoleInfo (RoleInfo.java:shutdownLeaderElection(134)) - f6cfa8a2-85ff-4bb9-a246-101c53d2d47b: shutdown LeaderElection
2019-10-25 11:07:40,443 [f6cfa8a2-85ff-4bb9-a246-101c53d2d47b@group-49E82E920F3F-LeaderElection454] INFO  impl.RoleInfo (RoleInfo.java:updateAndGet(143)) - f6cfa8a2-85ff-4bb9-a246-101c53d2d47b: start FollowerState
2019-10-25 11:07:40,497 [Thread-3916] INFO  impl.FollowerState (FollowerState.java:run(108)) - f6cfa8a2-85ff-4bb9-a246-101c53d2d47b@group-49E82E920F3F-FollowerState: change to CANDIDATE, lastRpcTime:54ms, electionTimeout:54ms
2019-10-25 11:07:40,497 [Thread-3916] INFO  impl.RoleInfo (RoleInfo.java:shutdownFollowerState(121)) - f6cfa8a2-85ff-4bb9-a246-101c53d2d47b: shutdown FollowerState
2019-10-25 11:07:40,497 [Thread-3916] INFO  impl.RaftServerImpl (RaftServerImpl.java:setRole(184)) - f6cfa8a2-85ff-4bb9-a246-101c53d2d47b@group-49E82E920F3F: changes role from  FOLLOWER to CANDIDATE at term 27 for changeToCandidate
2019-10-25 11:07:40,497 [Thread-3916] INFO  impl.RoleInfo (RoleInfo.java:updateAndGet(143)) - f6cfa8a2-85ff-4bb9-a246-101c53d2d47b: start LeaderElection
2019-10-25 11:07:40,516 [f6cfa8a2-85ff-4bb9-a246-101c53d2d47b@group-49E82E920F3F-LeaderElection455] INFO  impl.LeaderElection (LeaderElection.java:askForVotes(178)) - f6cfa8a2-85ff-4bb9-a246-101c53d2d47b@group-49E82E920F3F-LeaderElection455: begin an election at term 28 for -1: [7fad1e98-7a6b-4998-a30c-ec1ab88068bc:192.168.157.233:35716, bdb27072-dd00-4d3b-a7da-41600e490ca3:192.168.157.233:42906, f6cfa8a2-85ff-4bb9-a246-101c53d2d47b:192.168.157.233:44618], old=null
2019-10-25 11:07:40,517 [grpc-default-executor-1] INFO  impl.RaftServerImpl (RaftServerImpl.java:setRole(184)) - 7fad1e98-7a6b-4998-a30c-ec1ab88068bc@group-49E82E920F3F: changes role from  FOLLOWER to FOLLOWER at term 28 for recognizeCandidate:f6cfa8a2-85ff-4bb9-a246-101c53d2d47b
2019-10-25 11:07:40,518 [grpc-default-executor-1] INFO  impl.RoleInfo (RoleInfo.java:shutdownFollowerState(121)) - 7fad1e98-7a6b-4998-a30c-ec1ab88068bc: shutdown FollowerState
2019-10-25 11:07:40,518 [grpc-default-executor-7] INFO  impl.RaftServerImpl (RaftServerImpl.java:setRole(184)) - bdb27072-dd00-4d3b-a7da-41600e490ca3@group-49E82E920F3F: changes role from  FOLLOWER to FOLLOWER at term 28 for recognizeCandidate:f6cfa8a2-85ff-4bb9-a246-101c53d2d47b
2019-10-25 11:07:40,518 [Thread-3914] INFO  impl.FollowerState (FollowerState.java:run(117)) - 7fad1e98-7a6b-4998-a30c-ec1ab88068bc@group-49E82E920F3F-FollowerState was interrupted: java.lang.InterruptedException: sleep interrupted
2019-10-25 11:07:40,518 [grpc-default-executor-1] INFO  impl.RoleInfo (RoleInfo.java:updateAndGet(143)) - 7fad1e98-7a6b-4998-a30c-ec1ab88068bc: start FollowerState
2019-10-25 11:07:40,518 [grpc-default-executor-7] INFO  impl.RoleInfo (RoleInfo.java:shutdownFollowerState(121)) - bdb27072-dd00-4d3b-a7da-41600e490ca3: shutdown FollowerState
2019-10-25 11:07:40,518 [grpc-default-executor-7] INFO  impl.RoleInfo (RoleInfo.java:updateAndGet(143)) - bdb27072-dd00-4d3b-a7da-41600e490ca3: start FollowerState
2019-10-25 11:07:40,518 [Thread-3915] INFO  impl.FollowerState (FollowerState.java:run(117)) - bdb27072-dd00-4d3b-a7da-41600e490ca3@group-49E82E920F3F-FollowerState was interrupted: java.lang.InterruptedException: sleep interrupted
2019-10-25 11:07:40,532 [f6cfa8a2-85ff-4bb9-a246-101c53d2d47b@group-49E82E920F3F-LeaderElection455] INFO  impl.LeaderElection (LeaderElection.java:logAndReturn(56)) - f6cfa8a2-85ff-4bb9-a246-101c53d2d47b@group-49E82E920F3F-LeaderElection455: Election REJECTED; received 2 response(s) [f6cfa8a2-85ff-4bb9-a246-101c53d2d47b<-7fad1e98-7a6b-4998-a30c-ec1ab88068bc#0:FAIL-t28, f6cfa8a2-85ff-4bb9-a246-101c53d2d47b<-bdb27072-dd00-4d3b-a7da-41600e490ca3#0:FAIL-t28] and 0 exception(s); f6cfa8a2-85ff-4bb9-a246-101c53d2d47b@group-49E82E920F3F:t28, leader=null, voted=f6cfa8a2-85ff-4bb9-a246-101c53d2d47b, raftlog=f6cfa8a2-85ff-4bb9-a246-101c53d2d47b@group-49E82E920F3F-SegmentedRaftLog:OPENED:c-1,f-1,i0, conf=-1: [7fad1e98-7a6b-4998-a30c-ec1ab88068bc:192.168.157.233:35716, bdb27072-dd00-4d3b-a7da-41600e490ca3:192.168.157.233:42906, f6cfa8a2-85ff-4bb9-a246-101c53d2d47b:192.168.157.233:44618], old=null
2019-10-25 11:07:40,533 [f6cfa8a2-85ff-4bb9-a246-101c53d2d47b@group-49E82E920F3F-LeaderElection455] INFO  impl.RaftServerImpl (RaftServerImpl.java:setRole(184)) - f6cfa8a2-85ff-4bb9-a246-101c53d2d47b@group-49E82E920F3F: changes role from CANDIDATE to FOLLOWER at term 28 for DISCOVERED_A_NEW_TERM
2019-10-25 11:07:40,533 [f6cfa8a2-85ff-4bb9-a246-101c53d2d47b@group-49E82E920F3F-LeaderElection455] INFO  impl.RoleInfo (RoleInfo.java:shutdownLeaderElection(134)) - f6cfa8a2-85ff-4bb9-a246-101c53d2d47b: shutdown LeaderElection
2019-10-25 11:07:40,533 [f6cfa8a2-85ff-4bb9-a246-101c53d2d47b@group-49E82E920F3F-LeaderElection455] INFO  impl.RoleInfo (RoleInfo.java:updateAndGet(143)) - f6cfa8a2-85ff-4bb9-a246-101c53d2d47b: start FollowerState
2019-10-25 11:07:40,690 [Thread-3922] INFO  impl.FollowerState (FollowerState.java:run(108)) - f6cfa8a2-85ff-4bb9-a246-101c53d2d47b@group-49E82E920F3F-FollowerState: change to CANDIDATE, lastRpcTime:157ms, electionTimeout:157ms
2019-10-25 11:07:40,690 [Thread-3922] INFO  impl.RoleInfo (RoleInfo.java:shutdownFollowerState(121)) - f6cfa8a2-85ff-4bb9-a246-101c53d2d47b: shutdown FollowerState
2019-10-25 11:07:40,690 [Thread-3922] INFO  impl.RaftServerImpl (RaftServerImpl.java:setRole(184)) - f6cfa8a2-85ff-4bb9-a246-101c53d2d47b@group-49E82E920F3F: changes role from  FOLLOWER to CANDIDATE at term 28 for changeToCandidate
2019-10-25 11:07:40,691 [Thread-3922] INFO  impl.RoleInfo (RoleInfo.java:updateAndGet(143)) - f6cfa8a2-85ff-4bb9-a246-101c53d2d47b: start LeaderElection
2019-10-25 11:07:40,704 [f6cfa8a2-85ff-4bb9-a246-101c53d2d47b@group-49E82E920F3F-LeaderElection456] INFO  impl.LeaderElection (LeaderElection.java:askForVotes(178)) - f6cfa8a2-85ff-4bb9-a246-101c53d2d47b@group-49E82E920F3F-LeaderElection456: begin an election at term 29 for -1: [7fad1e98-7a6b-4998-a30c-ec1ab88068bc:192.168.157.233:35716, bdb27072-dd00-4d3b-a7da-41600e490ca3:192.168.157.233:42906, f6cfa8a2-85ff-4bb9-a246-101c53d2d47b:192.168.157.233:44618], old=null
2019-10-25 11:07:40,705 [grpc-default-executor-7] INFO  impl.RaftServerImpl (RaftServerImpl.java:setRole(184)) - 7fad1e98-7a6b-4998-a30c-ec1ab88068bc@group-49E82E920F3F: changes role from  FOLLOWER to FOLLOWER at term 29 for recognizeCandidate:f6cfa8a2-85ff-4bb9-a246-101c53d2d47b
2019-10-25 11:07:40,706 [grpc-default-executor-7] INFO  impl.RoleInfo (RoleInfo.java:shutdownFollowerState(121)) - 7fad1e98-7a6b-4998-a30c-ec1ab88068bc: shutdown FollowerState
2019-10-25 11:07:40,706 [grpc-default-executor-1] INFO  impl.RaftServerImpl (RaftServerImpl.java:setRole(184)) - bdb27072-dd00-4d3b-a7da-41600e490ca3@group-49E82E920F3F: changes role from  FOLLOWER to FOLLOWER at term 29 for recognizeCandidate:f6cfa8a2-85ff-4bb9-a246-101c53d2d47b
2019-10-25 11:07:40,706 [grpc-default-executor-1] INFO  impl.RoleInfo (RoleInfo.java:shutdownFollowerState(121)) - bdb27072-dd00-4d3b-a7da-41600e490ca3: shutdown FollowerState
2019-10-25 11:07:40,706 [Thread-3920] INFO  impl.FollowerState (FollowerState.java:run(117)) - 7fad1e98-7a6b-4998-a30c-ec1ab88068bc@group-49E82E920F3F-FollowerState was interrupted: java.lang.InterruptedException: sleep interrupted
2019-10-25 11:07:40,706 [grpc-default-executor-7] INFO  impl.RoleInfo (RoleInfo.java:updateAndGet(143)) - 7fad1e98-7a6b-4998-a30c-ec1ab88068bc: start FollowerState
2019-10-25 11:07:40,706 [Thread-3921] INFO  impl.FollowerState (FollowerState.java:run(117)) - bdb27072-dd00-4d3b-a7da-41600e490ca3@group-49E82E920F3F-FollowerState was interrupted: java.lang.InterruptedException: sleep interrupted
2019-10-25 11:07:40,706 [grpc-default-executor-1] INFO  impl.RoleInfo (RoleInfo.java:updateAndGet(143)) - bdb27072-dd00-4d3b-a7da-41600e490ca3: start FollowerState
2019-10-25 11:07:40,721 [f6cfa8a2-85ff-4bb9-a246-101c53d2d47b@group-49E82E920F3F-LeaderElection456] INFO  impl.LeaderElection (LeaderElection.java:logAndReturn(56)) - f6cfa8a2-85ff-4bb9-a246-101c53d2d47b@group-49E82E920F3F-LeaderElection456: Election REJECTED; received 2 response(s) [f6cfa8a2-85ff-4bb9-a246-101c53d2d47b<-7fad1e98-7a6b-4998-a30c-ec1ab88068bc#0:FAIL-t29, f6cfa8a2-85ff-4bb9-a246-101c53d2d47b<-bdb27072-dd00-4d3b-a7da-41600e490ca3#0:FAIL-t29] and 0 exception(s); f6cfa8a2-85ff-4bb9-a246-101c53d2d47b@group-49E82E920F3F:t29, leader=null, voted=f6cfa8a2-85ff-4bb9-a246-101c53d2d47b, raftlog=f6cfa8a2-85ff-4bb9-a246-101c53d2d47b@group-49E82E920F3F-SegmentedRaftLog:OPENED:c-1,f-1,i0, conf=-1: [7fad1e98-7a6b-4998-a30c-ec1ab88068bc:192.168.157.233:35716, bdb27072-dd00-4d3b-a7da-41600e490ca3:192.168.157.233:42906, f6cfa8a2-85ff-4bb9-a246-101c53d2d47b:192.168.157.233:44618], old=null
2019-10-25 11:07:40,721 [f6cfa8a2-85ff-4bb9-a246-101c53d2d47b@group-49E82E920F3F-LeaderElection456] INFO  impl.RaftServerImpl (RaftServerImpl.java:setRole(184)) - f6cfa8a2-85ff-4bb9-a246-101c53d2d47b@group-49E82E920F3F: changes role from CANDIDATE to FOLLOWER at term 29 for DISCOVERED_A_NEW_TERM
2019-10-25 11:07:40,721 [f6cfa8a2-85ff-4bb9-a246-101c53d2d47b@group-49E82E920F3F-LeaderElection456] INFO  impl.RoleInfo (RoleInfo.java:shutdownLeaderElection(134)) - f6cfa8a2-85ff-4bb9-a246-101c53d2d47b: shutdown LeaderElection
2019-10-25 11:07:40,721 [f6cfa8a2-85ff-4bb9-a246-101c53d2d47b@group-49E82E920F3F-LeaderElection456] INFO  impl.RoleInfo (RoleInfo.java:updateAndGet(143)) - f6cfa8a2-85ff-4bb9-a246-101c53d2d47b: start FollowerState
2019-10-25 11:07:40,785 [Thread-3928] INFO  impl.FollowerState (FollowerState.java:run(108)) - f6cfa8a2-85ff-4bb9-a246-101c53d2d47b@group-49E82E920F3F-FollowerState: change to CANDIDATE, lastRpcTime:63ms, electionTimeout:63ms
2019-10-25 11:07:40,785 [Thread-3928] INFO  impl.RoleInfo (RoleInfo.java:shutdownFollowerState(121)) - f6cfa8a2-85ff-4bb9-a246-101c53d2d47b: shutdown FollowerState
2019-10-25 11:07:40,785 [Thread-3928] INFO  impl.RaftServerImpl (RaftServerImpl.java:setRole(184)) - f6cfa8a2-85ff-4bb9-a246-101c53d2d47b@group-49E82E920F3F: changes role from  FOLLOWER to CANDIDATE at term 29 for changeToCandidate
2019-10-25 11:07:40,785 [Thread-3928] INFO  impl.RoleInfo (RoleInfo.java:updateAndGet(143)) - f6cfa8a2-85ff-4bb9-a246-101c53d2d47b: start LeaderElection
2019-10-25 11:07:40,798 [f6cfa8a2-85ff-4bb9-a246-101c53d2d47b@group-49E82E920F3F-LeaderElection457] INFO  impl.LeaderElection (LeaderElection.java:askForVotes(178)) - f6cfa8a2-85ff-4bb9-a246-101c53d2d47b@group-49E82E920F3F-LeaderElection457: begin an election at term 30 for -1: [7fad1e98-7a6b-4998-a30c-ec1ab88068bc:192.168.157.233:35716, bdb27072-dd00-4d3b-a7da-41600e490ca3:192.168.157.233:42906, f6cfa8a2-85ff-4bb9-a246-101c53d2d47b:192.168.157.233:44618], old=null
2019-10-25 11:07:40,800 [grpc-default-executor-7] INFO  impl.RaftServerImpl (RaftServerImpl.java:setRole(184)) - 7fad1e98-7a6b-4998-a30c-ec1ab88068bc@group-49E82E920F3F: changes role from  FOLLOWER to FOLLOWER at term 30 for recognizeCandidate:f6cfa8a2-85ff-4bb9-a246-101c53d2d47b
2019-10-25 11:07:40,801 [grpc-default-executor-7] INFO  impl.RoleInfo (RoleInfo.java:shutdownFollowerState(121)) - 7fad1e98-7a6b-4998-a30c-ec1ab88068bc: shutdown FollowerState
2019-10-25 11:07:40,801 [grpc-default-executor-7] INFO  impl.RoleInfo (RoleInfo.java:updateAndGet(143)) - 7fad1e98-7a6b-4998-a30c-ec1ab88068bc: start FollowerState
2019-10-25 11:07:40,801 [Thread-3926] INFO  impl.FollowerState (FollowerState.java:run(117)) - 7fad1e98-7a6b-4998-a30c-ec1ab88068bc@group-49E82E920F3F-FollowerState was interrupted: java.lang.InterruptedException: sleep interrupted
2019-10-25 11:07:40,801 [grpc-default-executor-1] INFO  impl.RaftServerImpl (RaftServerImpl.java:setRole(184)) - bdb27072-dd00-4d3b-a7da-41600e490ca3@group-49E82E920F3F: changes role from  FOLLOWER to FOLLOWER at term 30 for recognizeCandidate:f6cfa8a2-85ff-4bb9-a246-101c53d2d47b
2019-10-25 11:07:40,801 [grpc-default-executor-1] INFO  impl.RoleInfo (RoleInfo.java:shutdownFollowerState(121)) - bdb27072-dd00-4d3b-a7da-41600e490ca3: shutdown FollowerState
2019-10-25 11:07:40,801 [grpc-default-executor-1] INFO  impl.RoleInfo (RoleInfo.java:updateAndGet(143)) - bdb27072-dd00-4d3b-a7da-41600e490ca3: start FollowerState
2019-10-25 11:07:40,802 [Thread-3927] INFO  impl.FollowerState (FollowerState.java:run(117)) - bdb27072-dd00-4d3b-a7da-41600e490ca3@group-49E82E920F3F-FollowerState was interrupted: java.lang.InterruptedException: sleep interrupted
2019-10-25 11:07:40,815 [f6cfa8a2-85ff-4bb9-a246-101c53d2d47b@group-49E82E920F3F-LeaderElection457] INFO  impl.LeaderElection (LeaderElection.java:logAndReturn(56)) - f6cfa8a2-85ff-4bb9-a246-101c53d2d47b@group-49E82E920F3F-LeaderElection457: Election REJECTED; received 2 response(s) [f6cfa8a2-85ff-4bb9-a246-101c53d2d47b<-7fad1e98-7a6b-4998-a30c-ec1ab88068bc#0:FAIL-t30, f6cfa8a2-85ff-4bb9-a246-101c53d2d47b<-bdb27072-dd00-4d3b-a7da-41600e490ca3#0:FAIL-t30] and 0 exception(s); f6cfa8a2-85ff-4bb9-a246-101c53d2d47b@group-49E82E920F3F:t30, leader=null, voted=f6cfa8a2-85ff-4bb9-a246-101c53d2d47b, raftlog=f6cfa8a2-85ff-4bb9-a246-101c53d2d47b@group-49E82E920F3F-SegmentedRaftLog:OPENED:c-1,f-1,i0, conf=-1: [7fad1e98-7a6b-4998-a30c-ec1ab88068bc:192.168.157.233:35716, bdb27072-dd00-4d3b-a7da-41600e490ca3:192.168.157.233:42906, f6cfa8a2-85ff-4bb9-a246-101c53d2d47b:192.168.157.233:44618], old=null
2019-10-25 11:07:40,815 [f6cfa8a2-85ff-4bb9-a246-101c53d2d47b@group-49E82E920F3F-LeaderElection457] INFO  impl.RaftServerImpl (RaftServerImpl.java:setRole(184)) - f6cfa8a2-85ff-4bb9-a246-101c53d2d47b@group-49E82E920F3F: changes role from CANDIDATE to FOLLOWER at term 30 for DISCOVERED_A_NEW_TERM
2019-10-25 11:07:40,815 [f6cfa8a2-85ff-4bb9-a246-101c53d2d47b@group-49E82E920F3F-LeaderElection457] INFO  impl.RoleInfo (RoleInfo.java:shutdownLeaderElection(134)) - f6cfa8a2-85ff-4bb9-a246-101c53d2d47b: shutdown LeaderElection
2019-10-25 11:07:40,815 [f6cfa8a2-85ff-4bb9-a246-101c53d2d47b@group-49E82E920F3F-LeaderElection457] INFO  impl.RoleInfo (RoleInfo.java:updateAndGet(143)) - f6cfa8a2-85ff-4bb9-a246-101c53d2d47b: start FollowerState
2019-10-25 11:07:40,848 [Thread-3936] INFO  impl.FollowerState (FollowerState.java:run(108)) - f6cfa8a2-85ff-4bb9-a246-101c53d2d47b@group-49E82E920F3F-FollowerState: change to CANDIDATE, lastRpcTime:33ms, electionTimeout:33ms
2019-10-25 11:07:40,849 [Thread-3936] INFO  impl.RoleInfo (RoleInfo.java:shutdownFollowerState(121)) - f6cfa8a2-85ff-4bb9-a246-101c53d2d47b: shutdown FollowerState
2019-10-25 11:07:40,849 [Thread-3936] INFO  impl.RaftServerImpl (RaftServerImpl.java:setRole(184)) - f6cfa8a2-85ff-4bb9-a246-101c53d2d47b@group-49E82E920F3F: changes role from  FOLLOWER to CANDIDATE at term 30 for changeToCandidate
2019-10-25 11:07:40,849 [Thread-3936] INFO  impl.RoleInfo (RoleInfo.java:updateAndGet(143)) - f6cfa8a2-85ff-4bb9-a246-101c53d2d47b: start LeaderElection
2019-10-25 11:07:40,862 [f6cfa8a2-85ff-4bb9-a246-101c53d2d47b@group-49E82E920F3F-LeaderElection458] INFO  impl.LeaderElection (LeaderElection.java:askForVotes(178)) - f6cfa8a2-85ff-4bb9-a246-101c53d2d47b@group-49E82E920F3F-LeaderElection458: begin an election at term 31 for -1: [7fad1e98-7a6b-4998-a30c-ec1ab88068bc:192.168.157.233:35716, bdb27072-dd00-4d3b-a7da-41600e490ca3:192.168.157.233:42906, f6cfa8a2-85ff-4bb9-a246-101c53d2d47b:192.168.157.233:44618], old=null
2019-10-25 11:07:40,864 [grpc-default-executor-1] INFO  impl.RaftServerImpl (RaftServerImpl.java:setRole(184)) - 7fad1e98-7a6b-4998-a30c-ec1ab88068bc@group-49E82E920F3F: changes role from  FOLLOWER to FOLLOWER at term 31 for recognizeCandidate:f6cfa8a2-85ff-4bb9-a246-101c53d2d47b
2019-10-25 11:07:40,864 [grpc-default-executor-1] INFO  impl.RoleInfo (RoleInfo.java:shutdownFollowerState(121)) - 7fad1e98-7a6b-4998-a30c-ec1ab88068bc: shutdown FollowerState
2019-10-25 11:07:40,864 [grpc-default-executor-7] INFO  impl.RaftServerImpl (RaftServerImpl.java:setRole(184)) - bdb27072-dd00-4d3b-a7da-41600e490ca3@group-49E82E920F3F: changes role from  FOLLOWER to FOLLOWER at term 31 for recognizeCandidate:f6cfa8a2-85ff-4bb9-a246-101c53d2d47b
2019-10-25 11:07:40,864 [Thread-3934] INFO  impl.FollowerState (FollowerState.java:run(117)) - 7fad1e98-7a6b-4998-a30c-ec1ab88068bc@group-49E82E920F3F-FollowerState was interrupted: java.lang.InterruptedException: sleep interrupted
2019-10-25 11:07:40,864 [grpc-default-executor-1] INFO  impl.RoleInfo (RoleInfo.java:updateAndGet(143)) - 7fad1e98-7a6b-4998-a30c-ec1ab88068bc: start FollowerState
2019-10-25 11:07:40,864 [grpc-default-executor-7] INFO  impl.RoleInfo (RoleInfo.java:shutdownFollowerState(121)) - bdb27072-dd00-4d3b-a7da-41600e490ca3: shutdown FollowerState
2019-10-25 11:07:40,864 [grpc-default-executor-7] INFO  impl.RoleInfo (RoleInfo.java:updateAndGet(143)) - bdb27072-dd00-4d3b-a7da-41600e490ca3: start FollowerState
2019-10-25 11:07:40,864 [Thread-3935] INFO  impl.FollowerState (FollowerState.java:run(117)) - bdb27072-dd00-4d3b-a7da-41600e490ca3@group-49E82E920F3F-FollowerState was interrupted: java.lang.InterruptedException: sleep interrupted
2019-10-25 11:07:40,878 [f6cfa8a2-85ff-4bb9-a246-101c53d2d47b@group-49E82E920F3F-LeaderElection458] INFO  impl.LeaderElection (LeaderElection.java:logAndReturn(56)) - f6cfa8a2-85ff-4bb9-a246-101c53d2d47b@group-49E82E920F3F-LeaderElection458: Election REJECTED; received 2 response(s) [f6cfa8a2-85ff-4bb9-a246-101c53d2d47b<-7fad1e98-7a6b-4998-a30c-ec1ab88068bc#0:FAIL-t31, f6cfa8a2-85ff-4bb9-a246-101c53d2d47b<-bdb27072-dd00-4d3b-a7da-41600e490ca3#0:FAIL-t31] and 0 exception(s); f6cfa8a2-85ff-4bb9-a246-101c53d2d47b@group-49E82E920F3F:t31, leader=null, voted=f6cfa8a2-85ff-4bb9-a246-101c53d2d47b, raftlog=f6cfa8a2-85ff-4bb9-a246-101c53d2d47b@group-49E82E920F3F-SegmentedRaftLog:OPENED:c-1,f-1,i0, conf=-1: [7fad1e98-7a6b-4998-a30c-ec1ab88068bc:192.168.157.233:35716, bdb27072-dd00-4d3b-a7da-41600e490ca3:192.168.157.233:42906, f6cfa8a2-85ff-4bb9-a246-101c53d2d47b:192.168.157.233:44618], old=null
2019-10-25 11:07:40,878 [f6cfa8a2-85ff-4bb9-a246-101c53d2d47b@group-49E82E920F3F-LeaderElection458] INFO  impl.RaftServerImpl (RaftServerImpl.java:setRole(184)) - f6cfa8a2-85ff-4bb9-a246-101c53d2d47b@group-49E82E920F3F: changes role from CANDIDATE to FOLLOWER at term 31 for DISCOVERED_A_NEW_TERM
2019-10-25 11:07:40,878 [f6cfa8a2-85ff-4bb9-a246-101c53d2d47b@group-49E82E920F3F-LeaderElection458] INFO  impl.RoleInfo (RoleInfo.java:shutdownLeaderElection(134)) - f6cfa8a2-85ff-4bb9-a246-101c53d2d47b: shutdown LeaderElection
2019-10-25 11:07:40,878 [f6cfa8a2-85ff-4bb9-a246-101c53d2d47b@group-49E82E920F3F-LeaderElection458] INFO  impl.RoleInfo (RoleInfo.java:updateAndGet(143)) - f6cfa8a2-85ff-4bb9-a246-101c53d2d47b: start FollowerState
2019-10-25 11:07:41,038 [Thread-3944] INFO  impl.FollowerState (FollowerState.java:run(108)) - f6cfa8a2-85ff-4bb9-a246-101c53d2d47b@group-49E82E920F3F-FollowerState: change to CANDIDATE, lastRpcTime:160ms, electionTimeout:160ms
2019-10-25 11:07:41,039 [Thread-3944] INFO  impl.RoleInfo (RoleInfo.java:shutdownFollowerState(121)) - f6cfa8a2-85ff-4bb9-a246-101c53d2d47b: shutdown FollowerState
2019-10-25 11:07:41,039 [Thread-3944] INFO  impl.RaftServerImpl (RaftServerImpl.java:setRole(184)) - f6cfa8a2-85ff-4bb9-a246-101c53d2d47b@group-49E82E920F3F: changes role from  FOLLOWER to CANDIDATE at term 31 for changeToCandidate
2019-10-25 11:07:41,039 [Thread-3944] INFO  impl.RoleInfo (RoleInfo.java:updateAndGet(143)) - f6cfa8a2-85ff-4bb9-a246-101c53d2d47b: start LeaderElection
2019-10-25 11:07:41,063 [f6cfa8a2-85ff-4bb9-a246-101c53d2d47b@group-49E82E920F3F-LeaderElection459] INFO  impl.LeaderElection (LeaderElection.java:askForVotes(178)) - f6cfa8a2-85ff-4bb9-a246-101c53d2d47b@group-49E82E920F3F-LeaderElection459: begin an election at term 32 for -1: [7fad1e98-7a6b-4998-a30c-ec1ab88068bc:192.168.157.233:35716, bdb27072-dd00-4d3b-a7da-41600e490ca3:192.168.157.233:42906, f6cfa8a2-85ff-4bb9-a246-101c53d2d47b:192.168.157.233:44618], old=null
2019-10-25 11:07:41,065 [grpc-default-executor-7] INFO  impl.RaftServerImpl (RaftServerImpl.java:setRole(184)) - 7fad1e98-7a6b-4998-a30c-ec1ab88068bc@group-49E82E920F3F: changes role from  FOLLOWER to FOLLOWER at term 32 for recognizeCandidate:f6cfa8a2-85ff-4bb9-a246-101c53d2d47b
2019-10-25 11:07:41,065 [grpc-default-executor-7] INFO  impl.RoleInfo (RoleInfo.java:shutdownFollowerState(121)) - 7fad1e98-7a6b-4998-a30c-ec1ab88068bc: shutdown FollowerState
2019-10-25 11:07:41,065 [grpc-default-executor-1] INFO  impl.RaftServerImpl (RaftServerImpl.java:setRole(184)) - bdb27072-dd00-4d3b-a7da-41600e490ca3@group-49E82E920F3F: changes role from  FOLLOWER to FOLLOWER at term 32 for recognizeCandidate:f6cfa8a2-85ff-4bb9-a246-101c53d2d47b
2019-10-25 11:07:41,065 [grpc-default-executor-1] INFO  impl.RoleInfo (RoleInfo.java:shutdownFollowerState(121)) - bdb27072-dd00-4d3b-a7da-41600e490ca3: shutdown FollowerState
2019-10-25 11:07:41,065 [Thread-3942] INFO  impl.FollowerState (FollowerState.java:run(117)) - 7fad1e98-7a6b-4998-a30c-ec1ab88068bc@group-49E82E920F3F-FollowerState was interrupted: java.lang.InterruptedException: sleep interrupted
2019-10-25 11:07:41,065 [grpc-default-executor-7] INFO  impl.RoleInfo (RoleInfo.java:updateAndGet(143)) - 7fad1e98-7a6b-4998-a30c-ec1ab88068bc: start FollowerState
2019-10-25 11:07:41,066 [Thread-3943] INFO  impl.FollowerState (FollowerState.java:run(117)) - bdb27072-dd00-4d3b-a7da-41600e490ca3@group-49E82E920F3F-FollowerState was interrupted: java.lang.InterruptedException: sleep interrupted
2019-10-25 11:07:41,066 [grpc-default-executor-1] INFO  impl.RoleInfo (RoleInfo.java:updateAndGet(143)) - bdb27072-dd00-4d3b-a7da-41600e490ca3: start FollowerState
2019-10-25 11:07:41,083 [f6cfa8a2-85ff-4bb9-a246-101c53d2d47b@group-49E82E920F3F-LeaderElection459] INFO  impl.LeaderElection (LeaderElection.java:logAndReturn(56)) - f6cfa8a2-85ff-4bb9-a246-101c53d2d47b@group-49E82E920F3F-LeaderElection459: Election REJECTED; received 2 response(s) [f6cfa8a2-85ff-4bb9-a246-101c53d2d47b<-7fad1e98-7a6b-4998-a30c-ec1ab88068bc#0:FAIL-t32, f6cfa8a2-85ff-4bb9-a246-101c53d2d47b<-bdb27072-dd00-4d3b-a7da-41600e490ca3#0:FAIL-t32] and 0 exception(s); f6cfa8a2-85ff-4bb9-a246-101c53d2d47b@group-49E82E920F3F:t32, leader=null, voted=f6cfa8a2-85ff-4bb9-a246-101c53d2d47b, raftlog=f6cfa8a2-85ff-4bb9-a246-101c53d2d47b@group-49E82E920F3F-SegmentedRaftLog:OPENED:c-1,f-1,i0, conf=-1: [7fad1e98-7a6b-4998-a30c-ec1ab88068bc:192.168.157.233:35716, bdb27072-dd00-4d3b-a7da-41600e490ca3:192.168.157.233:42906, f6cfa8a2-85ff-4bb9-a246-101c53d2d47b:192.168.157.233:44618], old=null
2019-10-25 11:07:41,084 [f6cfa8a2-85ff-4bb9-a246-101c53d2d47b@group-49E82E920F3F-LeaderElection459] INFO  impl.RaftServerImpl (RaftServerImpl.java:setRole(184)) - f6cfa8a2-85ff-4bb9-a246-101c53d2d47b@group-49E82E920F3F: changes role from CANDIDATE to FOLLOWER at term 32 for DISCOVERED_A_NEW_TERM
2019-10-25 11:07:41,084 [f6cfa8a2-85ff-4bb9-a246-101c53d2d47b@group-49E82E920F3F-LeaderElection459] INFO  impl.RoleInfo (RoleInfo.java:shutdownLeaderElection(134)) - f6cfa8a2-85ff-4bb9-a246-101c53d2d47b: shutdown LeaderElection
2019-10-25 11:07:41,084 [f6cfa8a2-85ff-4bb9-a246-101c53d2d47b@group-49E82E920F3F-LeaderElection459] INFO  impl.RoleInfo (RoleInfo.java:updateAndGet(143)) - f6cfa8a2-85ff-4bb9-a246-101c53d2d47b: start FollowerState
2019-10-25 11:07:41,104 [Thread-3950] INFO  impl.FollowerState (FollowerState.java:run(108)) - f6cfa8a2-85ff-4bb9-a246-101c53d2d47b@group-49E82E920F3F-FollowerState: change to CANDIDATE, lastRpcTime:20ms, electionTimeout:20ms
2019-10-25 11:07:41,105 [Thread-3950] INFO  impl.RoleInfo (RoleInfo.java:shutdownFollowerState(121)) - f6cfa8a2-85ff-4bb9-a246-101c53d2d47b: shutdown FollowerState
2019-10-25 11:07:41,105 [Thread-3950] INFO  impl.RaftServerImpl (RaftServerImpl.java:setRole(184)) - f6cfa8a2-85ff-4bb9-a246-101c53d2d47b@group-49E82E920F3F: changes role from  FOLLOWER to CANDIDATE at term 32 for changeToCandidate
2019-10-25 11:07:41,105 [Thread-3950] INFO  impl.RoleInfo (RoleInfo.java:updateAndGet(143)) - f6cfa8a2-85ff-4bb9-a246-101c53d2d47b: start LeaderElection
2019-10-25 11:07:41,117 [f6cfa8a2-85ff-4bb9-a246-101c53d2d47b@group-49E82E920F3F-LeaderElection460] INFO  impl.LeaderElection (LeaderElection.java:askForVotes(178)) - f6cfa8a2-85ff-4bb9-a246-101c53d2d47b@group-49E82E920F3F-LeaderElection460: begin an election at term 33 for -1: [7fad1e98-7a6b-4998-a30c-ec1ab88068bc:192.168.157.233:35716, bdb27072-dd00-4d3b-a7da-41600e490ca3:192.168.157.233:42906, f6cfa8a2-85ff-4bb9-a246-101c53d2d47b:192.168.157.233:44618], old=null
2019-10-25 11:07:41,119 [grpc-default-executor-1] INFO  impl.RaftServerImpl (RaftServerImpl.java:setRole(184)) - bdb27072-dd00-4d3b-a7da-41600e490ca3@group-49E82E920F3F: changes role from  FOLLOWER to FOLLOWER at term 33 for recognizeCandidate:f6cfa8a2-85ff-4bb9-a246-101c53d2d47b
2019-10-25 11:07:41,119 [grpc-default-executor-7] INFO  impl.RaftServerImpl (RaftServerImpl.java:setRole(184)) - 7fad1e98-7a6b-4998-a30c-ec1ab88068bc@group-49E82E920F3F: changes role from  FOLLOWER to FOLLOWER at term 33 for recognizeCandidate:f6cfa8a2-85ff-4bb9-a246-101c53d2d47b
2019-10-25 11:07:41,119 [grpc-default-executor-1] INFO  impl.RoleInfo (RoleInfo.java:shutdownFollowerState(121)) - bdb27072-dd00-4d3b-a7da-41600e490ca3: shutdown FollowerState
2019-10-25 11:07:41,119 [grpc-default-executor-7] INFO  impl.RoleInfo (RoleInfo.java:shutdownFollowerState(121)) - 7fad1e98-7a6b-4998-a30c-ec1ab88068bc: shutdown FollowerState
2019-10-25 11:07:41,119 [Thread-3949] INFO  impl.FollowerState (FollowerState.java:run(117)) - bdb27072-dd00-4d3b-a7da-41600e490ca3@group-49E82E920F3F-FollowerState was interrupted: java.lang.InterruptedException: sleep interrupted
2019-10-25 11:07:41,119 [grpc-default-executor-1] INFO  impl.RoleInfo (RoleInfo.java:updateAndGet(143)) - bdb27072-dd00-4d3b-a7da-41600e490ca3: start FollowerState
2019-10-25 11:07:41,119 [Thread-3948] INFO  impl.FollowerState (FollowerState.java:run(117)) - 7fad1e98-7a6b-4998-a30c-ec1ab88068bc@group-49E82E920F3F-FollowerState was interrupted: java.lang.InterruptedException: sleep interrupted
2019-10-25 11:07:41,119 [grpc-default-executor-7] INFO  impl.RoleInfo (RoleInfo.java:updateAndGet(143)) - 7fad1e98-7a6b-4998-a30c-ec1ab88068bc: start FollowerState
2019-10-25 11:07:41,134 [f6cfa8a2-85ff-4bb9-a246-101c53d2d47b@group-49E82E920F3F-LeaderElection460] INFO  impl.LeaderElection (LeaderElection.java:logAndReturn(56)) - f6cfa8a2-85ff-4bb9-a246-101c53d2d47b@group-49E82E920F3F-LeaderElection460: Election REJECTED; received 2 response(s) [f6cfa8a2-85ff-4bb9-a246-101c53d2d47b<-7fad1e98-7a6b-4998-a30c-ec1ab88068bc#0:FAIL-t33, f6cfa8a2-85ff-4bb9-a246-101c53d2d47b<-bdb27072-dd00-4d3b-a7da-41600e490ca3#0:FAIL-t33] and 0 exception(s); f6cfa8a2-85ff-4bb9-a246-101c53d2d47b@group-49E82E920F3F:t33, leader=null, voted=f6cfa8a2-85ff-4bb9-a246-101c53d2d47b, raftlog=f6cfa8a2-85ff-4bb9-a246-101c53d2d47b@group-49E82E920F3F-SegmentedRaftLog:OPENED:c-1,f-1,i0, conf=-1: [7fad1e98-7a6b-4998-a30c-ec1ab88068bc:192.168.157.233:35716, bdb27072-dd00-4d3b-a7da-41600e490ca3:192.168.157.233:42906, f6cfa8a2-85ff-4bb9-a246-101c53d2d47b:192.168.157.233:44618], old=null
2019-10-25 11:07:41,134 [f6cfa8a2-85ff-4bb9-a246-101c53d2d47b@group-49E82E920F3F-LeaderElection460] INFO  impl.RaftServerImpl (RaftServerImpl.java:setRole(184)) - f6cfa8a2-85ff-4bb9-a246-101c53d2d47b@group-49E82E920F3F: changes role from CANDIDATE to FOLLOWER at term 33 for DISCOVERED_A_NEW_TERM
2019-10-25 11:07:41,134 [f6cfa8a2-85ff-4bb9-a246-101c53d2d47b@group-49E82E920F3F-LeaderElection460] INFO  impl.RoleInfo (RoleInfo.java:shutdownLeaderElection(134)) - f6cfa8a2-85ff-4bb9-a246-101c53d2d47b: shutdown LeaderElection
2019-10-25 11:07:41,134 [f6cfa8a2-85ff-4bb9-a246-101c53d2d47b@group-49E82E920F3F-LeaderElection460] INFO  impl.RoleInfo (RoleInfo.java:updateAndGet(143)) - f6cfa8a2-85ff-4bb9-a246-101c53d2d47b: start FollowerState
2019-10-25 11:07:41,334 [Thread-3956] INFO  impl.FollowerState (FollowerState.java:run(108)) - f6cfa8a2-85ff-4bb9-a246-101c53d2d47b@group-49E82E920F3F-FollowerState: change to CANDIDATE, lastRpcTime:200ms, electionTimeout:200ms
2019-10-25 11:07:41,334 [Thread-3956] INFO  impl.RoleInfo (RoleInfo.java:shutdownFollowerState(121)) - f6cfa8a2-85ff-4bb9-a246-101c53d2d47b: shutdown FollowerState
2019-10-25 11:07:41,334 [Thread-3956] INFO  impl.RaftServerImpl (RaftServerImpl.java:setRole(184)) - f6cfa8a2-85ff-4bb9-a246-101c53d2d47b@group-49E82E920F3F: changes role from  FOLLOWER to CANDIDATE at term 33 for changeToCandidate
2019-10-25 11:07:41,335 [Thread-3956] INFO  impl.RoleInfo (RoleInfo.java:updateAndGet(143)) - f6cfa8a2-85ff-4bb9-a246-101c53d2d47b: start LeaderElection
2019-10-25 11:07:41,348 [f6cfa8a2-85ff-4bb9-a246-101c53d2d47b@group-49E82E920F3F-LeaderElection461] INFO  impl.LeaderElection (LeaderElection.java:askForVotes(178)) - f6cfa8a2-85ff-4bb9-a246-101c53d2d47b@group-49E82E920F3F-LeaderElection461: begin an election at term 34 for -1: [7fad1e98-7a6b-4998-a30c-ec1ab88068bc:192.168.157.233:35716, bdb27072-dd00-4d3b-a7da-41600e490ca3:192.168.157.233:42906, f6cfa8a2-85ff-4bb9-a246-101c53d2d47b:192.168.157.233:44618], old=null
2019-10-25 11:07:41,350 [grpc-default-executor-1] INFO  impl.RaftServerImpl (RaftServerImpl.java:setRole(184)) - 7fad1e98-7a6b-4998-a30c-ec1ab88068bc@group-49E82E920F3F: changes role from  FOLLOWER to FOLLOWER at term 34 for recognizeCandidate:f6cfa8a2-85ff-4bb9-a246-101c53d2d47b
2019-10-25 11:07:41,350 [grpc-default-executor-1] INFO  impl.RoleInfo (RoleInfo.java:shutdownFollowerState(121)) - 7fad1e98-7a6b-4998-a30c-ec1ab88068bc: shutdown FollowerState
2019-10-25 11:07:41,350 [grpc-default-executor-7] INFO  impl.RaftServerImpl (RaftServerImpl.java:setRole(184)) - bdb27072-dd00-4d3b-a7da-41600e490ca3@group-49E82E920F3F: changes role from  FOLLOWER to FOLLOWER at term 34 for recognizeCandidate:f6cfa8a2-85ff-4bb9-a246-101c53d2d47b
2019-10-25 11:07:41,350 [grpc-default-executor-7] INFO  impl.RoleInfo (RoleInfo.java:shutdownFollowerState(121)) - bdb27072-dd00-4d3b-a7da-41600e490ca3: shutdown FollowerState
2019-10-25 11:07:41,350 [Thread-3955] INFO  impl.FollowerState (FollowerState.java:run(117)) - 7fad1e98-7a6b-4998-a30c-ec1ab88068bc@group-49E82E920F3F-FollowerState was interrupted: java.lang.InterruptedException: sleep interrupted
2019-10-25 11:07:41,350 [grpc-default-executor-1] INFO  impl.RoleInfo (RoleInfo.java:updateAndGet(143)) - 7fad1e98-7a6b-4998-a30c-ec1ab88068bc: start FollowerState
2019-10-25 11:07:41,350 [grpc-default-executor-7] INFO  impl.RoleInfo (RoleInfo.java:updateAndGet(143)) - bdb27072-dd00-4d3b-a7da-41600e490ca3: start FollowerState
2019-10-25 11:07:41,350 [Thread-3954] INFO  impl.FollowerState (FollowerState.java:run(117)) - bdb27072-dd00-4d3b-a7da-41600e490ca3@group-49E82E920F3F-FollowerState was interrupted: java.lang.InterruptedException: sleep interrupted
2019-10-25 11:07:41,372 [f6cfa8a2-85ff-4bb9-a246-101c53d2d47b@group-49E82E920F3F-LeaderElection461] INFO  impl.LeaderElection (LeaderElection.java:logAndReturn(56)) - f6cfa8a2-85ff-4bb9-a246-101c53d2d47b@group-49E82E920F3F-LeaderElection461: Election REJECTED; received 2 response(s) [f6cfa8a2-85ff-4bb9-a246-101c53d2d47b<-7fad1e98-7a6b-4998-a30c-ec1ab88068bc#0:FAIL-t34, f6cfa8a2-85ff-4bb9-a246-101c53d2d47b<-bdb27072-dd00-4d3b-a7da-41600e490ca3#0:FAIL-t34] and 0 exception(s); f6cfa8a2-85ff-4bb9-a246-101c53d2d47b@group-49E82E920F3F:t34, leader=null, voted=f6cfa8a2-85ff-4bb9-a246-101c53d2d47b, raftlog=f6cfa8a2-85ff-4bb9-a246-101c53d2d47b@group-49E82E920F3F-SegmentedRaftLog:OPENED:c-1,f-1,i0, conf=-1: [7fad1e98-7a6b-4998-a30c-ec1ab88068bc:192.168.157.233:35716, bdb27072-dd00-4d3b-a7da-41600e490ca3:192.168.157.233:42906, f6cfa8a2-85ff-4bb9-a246-101c53d2d47b:192.168.157.233:44618], old=null
2019-10-25 11:07:41,372 [f6cfa8a2-85ff-4bb9-a246-101c53d2d47b@group-49E82E920F3F-LeaderElection461] INFO  impl.RaftServerImpl (RaftServerImpl.java:setRole(184)) - f6cfa8a2-85ff-4bb9-a246-101c53d2d47b@group-49E82E920F3F: changes role from CANDIDATE to FOLLOWER at term 34 for DISCOVERED_A_NEW_TERM
2019-10-25 11:07:41,372 [f6cfa8a2-85ff-4bb9-a246-101c53d2d47b@group-49E82E920F3F-LeaderElection461] INFO  impl.RoleInfo (RoleInfo.java:shutdownLeaderElection(134)) - f6cfa8a2-85ff-4bb9-a246-101c53d2d47b: shutdown LeaderElection
2019-10-25 11:07:41,372 [f6cfa8a2-85ff-4bb9-a246-101c53d2d47b@group-49E82E920F3F-LeaderElection461] INFO  impl.RoleInfo (RoleInfo.java:updateAndGet(143)) - f6cfa8a2-85ff-4bb9-a246-101c53d2d47b: start FollowerState
2019-10-25 11:07:41,425 [Thread-3968] INFO  impl.FollowerState (FollowerState.java:run(108)) - f6cfa8a2-85ff-4bb9-a246-101c53d2d47b@group-49E82E920F3F-FollowerState: change to CANDIDATE, lastRpcTime:52ms, electionTimeout:52ms
2019-10-25 11:07:41,425 [Thread-3968] INFO  impl.RoleInfo (RoleInfo.java:shutdownFollowerState(121)) - f6cfa8a2-85ff-4bb9-a246-101c53d2d47b: shutdown FollowerState
2019-10-25 11:07:41,425 [Thread-3968] INFO  impl.RaftServerImpl (RaftServerImpl.java:setRole(184)) - f6cfa8a2-85ff-4bb9-a246-101c53d2d47b@group-49E82E920F3F: changes role from  FOLLOWER to CANDIDATE at term 34 for changeToCandidate
2019-10-25 11:07:41,425 [Thread-3968] INFO  impl.RoleInfo (RoleInfo.java:updateAndGet(143)) - f6cfa8a2-85ff-4bb9-a246-101c53d2d47b: start LeaderElection
2019-10-25 11:07:41,438 [f6cfa8a2-85ff-4bb9-a246-101c53d2d47b@group-49E82E920F3F-LeaderElection462] INFO  impl.LeaderElection (LeaderElection.java:askForVotes(178)) - f6cfa8a2-85ff-4bb9-a246-101c53d2d47b@group-49E82E920F3F-LeaderElection462: begin an election at term 35 for -1: [7fad1e98-7a6b-4998-a30c-ec1ab88068bc:192.168.157.233:35716, bdb27072-dd00-4d3b-a7da-41600e490ca3:192.168.157.233:42906, f6cfa8a2-85ff-4bb9-a246-101c53d2d47b:192.168.157.233:44618], old=null
2019-10-25 11:07:41,440 [grpc-default-executor-7] INFO  impl.RaftServerImpl (RaftServerImpl.java:setRole(184)) - 7fad1e98-7a6b-4998-a30c-ec1ab88068bc@group-49E82E920F3F: changes role from  FOLLOWER to FOLLOWER at term 35 for recognizeCandidate:f6cfa8a2-85ff-4bb9-a246-101c53d2d47b
2019-10-25 11:07:41,440 [grpc-default-executor-7] INFO  impl.RoleInfo (RoleInfo.java:shutdownFollowerState(121)) - 7fad1e98-7a6b-4998-a30c-ec1ab88068bc: shutdown FollowerState
2019-10-25 11:07:41,440 [grpc-default-executor-7] INFO  impl.RoleInfo (RoleInfo.java:updateAndGet(143)) - 7fad1e98-7a6b-4998-a30c-ec1ab88068bc: start FollowerState
2019-10-25 11:07:41,440 [Thread-3966] INFO  impl.FollowerState (FollowerState.java:run(117)) - 7fad1e98-7a6b-4998-a30c-ec1ab88068bc@group-49E82E920F3F-FollowerState was interrupted: java.lang.InterruptedException: sleep interrupted
2019-10-25 11:07:41,440 [grpc-default-executor-1] INFO  impl.RaftServerImpl (RaftServerImpl.java:setRole(184)) - bdb27072-dd00-4d3b-a7da-41600e490ca3@group-49E82E920F3F: changes role from  FOLLOWER to FOLLOWER at term 35 for recognizeCandidate:f6cfa8a2-85ff-4bb9-a246-101c53d2d47b
2019-10-25 11:07:41,441 [grpc-default-executor-1] INFO  impl.RoleInfo (RoleInfo.java:shutdownFollowerState(121)) - bdb27072-dd00-4d3b-a7da-41600e490ca3: shutdown FollowerState
2019-10-25 11:07:41,441 [grpc-default-executor-1] INFO  impl.RoleInfo (RoleInfo.java:updateAndGet(143)) - bdb27072-dd00-4d3b-a7da-41600e490ca3: start FollowerState
2019-10-25 11:07:41,441 [Thread-3967] INFO  impl.FollowerState (FollowerState.java:run(117)) - bdb27072-dd00-4d3b-a7da-41600e490ca3@group-49E82E920F3F-FollowerState was interrupted: java.lang.InterruptedException: sleep interrupted
2019-10-25 11:07:41,463 [f6cfa8a2-85ff-4bb9-a246-101c53d2d47b@group-49E82E920F3F-LeaderElection462] INFO  impl.LeaderElection (LeaderElection.java:logAndReturn(56)) - f6cfa8a2-85ff-4bb9-a246-101c53d2d47b@group-49E82E920F3F-LeaderElection462: Election REJECTED; received 2 response(s) [f6cfa8a2-85ff-4bb9-a246-101c53d2d47b<-7fad1e98-7a6b-4998-a30c-ec1ab88068bc#0:FAIL-t35, f6cfa8a2-85ff-4bb9-a246-101c53d2d47b<-bdb27072-dd00-4d3b-a7da-41600e490ca3#0:FAIL-t35] and 0 exception(s); f6cfa8a2-85ff-4bb9-a246-101c53d2d47b@group-49E82E920F3F:t35, leader=null, voted=f6cfa8a2-85ff-4bb9-a246-101c53d2d47b, raftlog=f6cfa8a2-85ff-4bb9-a246-101c53d2d47b@group-49E82E920F3F-SegmentedRaftLog:OPENED:c-1,f-1,i0, conf=-1: [7fad1e98-7a6b-4998-a30c-ec1ab88068bc:192.168.157.233:35716, bdb27072-dd00-4d3b-a7da-41600e490ca3:192.168.157.233:42906, f6cfa8a2-85ff-4bb9-a246-101c53d2d47b:192.168.157.233:44618], old=null
2019-10-25 11:07:41,463 [f6cfa8a2-85ff-4bb9-a246-101c53d2d47b@group-49E82E920F3F-LeaderElection462] INFO  impl.RaftServerImpl (RaftServerImpl.java:setRole(184)) - f6cfa8a2-85ff-4bb9-a246-101c53d2d47b@group-49E82E920F3F: changes role from CANDIDATE to FOLLOWER at term 35 for DISCOVERED_A_NEW_TERM
2019-10-25 11:07:41,464 [f6cfa8a2-85ff-4bb9-a246-101c53d2d47b@group-49E82E920F3F-LeaderElection462] INFO  impl.RoleInfo (RoleInfo.java:shutdownLeaderElection(134)) - f6cfa8a2-85ff-4bb9-a246-101c53d2d47b: shutdown LeaderElection
2019-10-25 11:07:41,464 [f6cfa8a2-85ff-4bb9-a246-101c53d2d47b@group-49E82E920F3F-LeaderElection462] INFO  impl.RoleInfo (RoleInfo.java:updateAndGet(143)) - f6cfa8a2-85ff-4bb9-a246-101c53d2d47b: start FollowerState
2019-10-25 11:07:41,490 [Thread-3974] INFO  impl.FollowerState (FollowerState.java:run(108)) - f6cfa8a2-85ff-4bb9-a246-101c53d2d47b@group-49E82E920F3F-FollowerState: change to CANDIDATE, lastRpcTime:26ms, electionTimeout:26ms
2019-10-25 11:07:41,490 [Thread-3974] INFO  impl.RoleInfo (RoleInfo.java:shutdownFollowerState(121)) - f6cfa8a2-85ff-4bb9-a246-101c53d2d47b: shutdown FollowerState
2019-10-25 11:07:41,490 [Thread-3974] INFO  impl.RaftServerImpl (RaftServerImpl.java:setRole(184)) - f6cfa8a2-85ff-4bb9-a246-101c53d2d47b@group-49E82E920F3F: changes role from  FOLLOWER to CANDIDATE at term 35 for changeToCandidate
2019-10-25 11:07:41,490 [Thread-3974] INFO  impl.RoleInfo (RoleInfo.java:updateAndGet(143)) - f6cfa8a2-85ff-4bb9-a246-101c53d2d47b: start LeaderElection
2019-10-25 11:07:41,499 [f6cfa8a2-85ff-4bb9-a246-101c53d2d47b@group-49E82E920F3F-LeaderElection463] INFO  impl.LeaderElection (LeaderElection.java:askForVotes(178)) - f6cfa8a2-85ff-4bb9-a246-101c53d2d47b@group-49E82E920F3F-LeaderElection463: begin an election at term 36 for -1: [7fad1e98-7a6b-4998-a30c-ec1ab88068bc:192.168.157.233:35716, bdb27072-dd00-4d3b-a7da-41600e490ca3:192.168.157.233:42906, f6cfa8a2-85ff-4bb9-a246-101c53d2d47b:192.168.157.233:44618], old=null
2019-10-25 11:07:41,501 [grpc-default-executor-1] INFO  impl.RaftServerImpl (RaftServerImpl.java:setRole(184)) - 7fad1e98-7a6b-4998-a30c-ec1ab88068bc@group-49E82E920F3F: changes role from  FOLLOWER to FOLLOWER at term 36 for recognizeCandidate:f6cfa8a2-85ff-4bb9-a246-101c53d2d47b
2019-10-25 11:07:41,501 [grpc-default-executor-1] INFO  impl.RoleInfo (RoleInfo.java:shutdownFollowerState(121)) - 7fad1e98-7a6b-4998-a30c-ec1ab88068bc: shutdown FollowerState
2019-10-25 11:07:41,501 [grpc-default-executor-1] INFO  impl.RoleInfo (RoleInfo.java:updateAndGet(143)) - 7fad1e98-7a6b-4998-a30c-ec1ab88068bc: start FollowerState
2019-10-25 11:07:41,501 [Thread-3972] INFO  impl.FollowerState (FollowerState.java:run(117)) - 7fad1e98-7a6b-4998-a30c-ec1ab88068bc@group-49E82E920F3F-FollowerState was interrupted: java.lang.InterruptedException: sleep interrupted
2019-10-25 11:07:41,501 [grpc-default-executor-7] INFO  impl.RaftServerImpl (RaftServerImpl.java:setRole(184)) - bdb27072-dd00-4d3b-a7da-41600e490ca3@group-49E82E920F3F: changes role from  FOLLOWER to FOLLOWER at term 36 for recognizeCandidate:f6cfa8a2-85ff-4bb9-a246-101c53d2d47b
2019-10-25 11:07:41,501 [grpc-default-executor-7] INFO  impl.RoleInfo (RoleInfo.java:shutdownFollowerState(121)) - bdb27072-dd00-4d3b-a7da-41600e490ca3: shutdown FollowerState
2019-10-25 11:07:41,501 [grpc-default-executor-7] INFO  impl.RoleInfo (RoleInfo.java:updateAndGet(143)) - bdb27072-dd00-4d3b-a7da-41600e490ca3: start FollowerState
2019-10-25 11:07:41,502 [Thread-3973] INFO  impl.FollowerState (FollowerState.java:run(117)) - bdb27072-dd00-4d3b-a7da-41600e490ca3@group-49E82E920F3F-FollowerState was interrupted: java.lang.InterruptedException: sleep interrupted
2019-10-25 11:07:41,509 [f6cfa8a2-85ff-4bb9-a246-101c53d2d47b@group-49E82E920F3F-LeaderElection463] INFO  impl.LeaderElection (LeaderElection.java:logAndReturn(56)) - f6cfa8a2-85ff-4bb9-a246-101c53d2d47b@group-49E82E920F3F-LeaderElection463: Election REJECTED; received 2 response(s) [f6cfa8a2-85ff-4bb9-a246-101c53d2d47b<-7fad1e98-7a6b-4998-a30c-ec1ab88068bc#0:FAIL-t36, f6cfa8a2-85ff-4bb9-a246-101c53d2d47b<-bdb27072-dd00-4d3b-a7da-41600e490ca3#0:FAIL-t36] and 0 exception(s); f6cfa8a2-85ff-4bb9-a246-101c53d2d47b@group-49E82E920F3F:t36, leader=null, voted=f6cfa8a2-85ff-4bb9-a246-101c53d2d47b, raftlog=f6cfa8a2-85ff-4bb9-a246-101c53d2d47b@group-49E82E920F3F-SegmentedRaftLog:OPENED:c-1,f-1,i0, conf=-1: [7fad1e98-7a6b-4998-a30c-ec1ab88068bc:192.168.157.233:35716, bdb27072-dd00-4d3b-a7da-41600e490ca3:192.168.157.233:42906, f6cfa8a2-85ff-4bb9-a246-101c53d2d47b:192.168.157.233:44618], old=null
2019-10-25 11:07:41,509 [f6cfa8a2-85ff-4bb9-a246-101c53d2d47b@group-49E82E920F3F-LeaderElection463] INFO  impl.RaftServerImpl (RaftServerImpl.java:setRole(184)) - f6cfa8a2-85ff-4bb9-a246-101c53d2d47b@group-49E82E920F3F: changes role from CANDIDATE to FOLLOWER at term 36 for DISCOVERED_A_NEW_TERM
2019-10-25 11:07:41,509 [f6cfa8a2-85ff-4bb9-a246-101c53d2d47b@group-49E82E920F3F-LeaderElection463] INFO  impl.RoleInfo (RoleInfo.java:shutdownLeaderElection(134)) - f6cfa8a2-85ff-4bb9-a246-101c53d2d47b: shutdown LeaderElection
2019-10-25 11:07:41,510 [f6cfa8a2-85ff-4bb9-a246-101c53d2d47b@group-49E82E920F3F-LeaderElection463] INFO  impl.RoleInfo (RoleInfo.java:updateAndGet(143)) - f6cfa8a2-85ff-4bb9-a246-101c53d2d47b: start FollowerState
2019-10-25 11:07:41,708 [Thread-3980] INFO  impl.FollowerState (FollowerState.java:run(108)) - f6cfa8a2-85ff-4bb9-a246-101c53d2d47b@group-49E82E920F3F-FollowerState: change to CANDIDATE, lastRpcTime:198ms, electionTimeout:198ms
2019-10-25 11:07:41,708 [Thread-3980] INFO  impl.RoleInfo (RoleInfo.java:shutdownFollowerState(121)) - f6cfa8a2-85ff-4bb9-a246-101c53d2d47b: shutdown FollowerState
2019-10-25 11:07:41,708 [Thread-3980] INFO  impl.RaftServerImpl (RaftServerImpl.java:setRole(184)) - f6cfa8a2-85ff-4bb9-a246-101c53d2d47b@group-49E82E920F3F: changes role from  FOLLOWER to CANDIDATE at term 36 for changeToCandidate
2019-10-25 11:07:41,708 [Thread-3980] INFO  impl.RoleInfo (RoleInfo.java:updateAndGet(143)) - f6cfa8a2-85ff-4bb9-a246-101c53d2d47b: start LeaderElection
2019-10-25 11:07:41,722 [f6cfa8a2-85ff-4bb9-a246-101c53d2d47b@group-49E82E920F3F-LeaderElection464] INFO  impl.LeaderElection (LeaderElection.java:askForVotes(178)) - f6cfa8a2-85ff-4bb9-a246-101c53d2d47b@group-49E82E920F3F-LeaderElection464: begin an election at term 37 for -1: [7fad1e98-7a6b-4998-a30c-ec1ab88068bc:192.168.157.233:35716, bdb27072-dd00-4d3b-a7da-41600e490ca3:192.168.157.233:42906, f6cfa8a2-85ff-4bb9-a246-101c53d2d47b:192.168.157.233:44618], old=null
2019-10-25 11:07:41,725 [grpc-default-executor-1] INFO  impl.RaftServerImpl (RaftServerImpl.java:setRole(184)) - 7fad1e98-7a6b-4998-a30c-ec1ab88068bc@group-49E82E920F3F: changes role from  FOLLOWER to FOLLOWER at term 37 for recognizeCandidate:f6cfa8a2-85ff-4bb9-a246-101c53d2d47b
2019-10-25 11:07:41,725 [grpc-default-executor-1] INFO  impl.RoleInfo (RoleInfo.java:shutdownFollowerState(121)) - 7fad1e98-7a6b-4998-a30c-ec1ab88068bc: shutdown FollowerState
2019-10-25 11:07:41,725 [grpc-default-executor-7] INFO  impl.RaftServerImpl (RaftServerImpl.java:setRole(184)) - bdb27072-dd00-4d3b-a7da-41600e490ca3@group-49E82E920F3F: changes role from  FOLLOWER to FOLLOWER at term 37 for recognizeCandidate:f6cfa8a2-85ff-4bb9-a246-101c53d2d47b
2019-10-25 11:07:41,725 [Thread-3978] INFO  impl.FollowerState (FollowerState.java:run(117)) - 7fad1e98-7a6b-4998-a30c-ec1ab88068bc@group-49E82E920F3F-FollowerState was interrupted: java.lang.InterruptedException: sleep interrupted
2019-10-25 11:07:41,725 [grpc-default-executor-1] INFO  impl.RoleInfo (RoleInfo.java:updateAndGet(143)) - 7fad1e98-7a6b-4998-a30c-ec1ab88068bc: start FollowerState
2019-10-25 11:07:41,725 [grpc-default-executor-7] INFO  impl.RoleInfo (RoleInfo.java:shutdownFollowerState(121)) - bdb27072-dd00-4d3b-a7da-41600e490ca3: shutdown FollowerState
2019-10-25 11:07:41,726 [grpc-default-executor-7] INFO  impl.RoleInfo (RoleInfo.java:updateAndGet(143)) - bdb27072-dd00-4d3b-a7da-41600e490ca3: start FollowerState
2019-10-25 11:07:41,726 [Thread-3979] INFO  impl.FollowerState (FollowerState.java:run(117)) - bdb27072-dd00-4d3b-a7da-41600e490ca3@group-49E82E920F3F-FollowerState was interrupted: java.lang.InterruptedException: sleep interrupted
2019-10-25 11:07:41,732 [f6cfa8a2-85ff-4bb9-a246-101c53d2d47b@group-49E82E920F3F-LeaderElection464] INFO  impl.LeaderElection (LeaderElection.java:logAndReturn(56)) - f6cfa8a2-85ff-4bb9-a246-101c53d2d47b@group-49E82E920F3F-LeaderElection464: Election REJECTED; received 2 response(s) [f6cfa8a2-85ff-4bb9-a246-101c53d2d47b<-7fad1e98-7a6b-4998-a30c-ec1ab88068bc#0:FAIL-t37, f6cfa8a2-85ff-4bb9-a246-101c53d2d47b<-bdb27072-dd00-4d3b-a7da-41600e490ca3#0:FAIL-t37] and 0 exception(s); f6cfa8a2-85ff-4bb9-a246-101c53d2d47b@group-49E82E920F3F:t37, leader=null, voted=f6cfa8a2-85ff-4bb9-a246-101c53d2d47b, raftlog=f6cfa8a2-85ff-4bb9-a246-101c53d2d47b@group-49E82E920F3F-SegmentedRaftLog:OPENED:c-1,f-1,i0, conf=-1: [7fad1e98-7a6b-4998-a30c-ec1ab88068bc:192.168.157.233:35716, bdb27072-dd00-4d3b-a7da-41600e490ca3:192.168.157.233:42906, f6cfa8a2-85ff-4bb9-a246-101c53d2d47b:192.168.157.233:44618], old=null
2019-10-25 11:07:41,733 [f6cfa8a2-85ff-4bb9-a246-101c53d2d47b@group-49E82E920F3F-LeaderElection464] INFO  impl.RaftServerImpl (RaftServerImpl.java:setRole(184)) - f6cfa8a2-85ff-4bb9-a246-101c53d2d47b@group-49E82E920F3F: changes role from CANDIDATE to FOLLOWER at term 37 for DISCOVERED_A_NEW_TERM
2019-10-25 11:07:41,733 [f6cfa8a2-85ff-4bb9-a246-101c53d2d47b@group-49E82E920F3F-LeaderElection464] INFO  impl.RoleInfo (RoleInfo.java:shutdownLeaderElection(134)) - f6cfa8a2-85ff-4bb9-a246-101c53d2d47b: shutdown LeaderElection
2019-10-25 11:07:41,733 [f6cfa8a2-85ff-4bb9-a246-101c53d2d47b@group-49E82E920F3F-LeaderElection464] INFO  impl.RoleInfo (RoleInfo.java:updateAndGet(143)) - f6cfa8a2-85ff-4bb9-a246-101c53d2d47b: start FollowerState
2019-10-25 11:07:41,877 [Thread-3986] INFO  impl.FollowerState (FollowerState.java:run(108)) - f6cfa8a2-85ff-4bb9-a246-101c53d2d47b@group-49E82E920F3F-FollowerState: change to CANDIDATE, lastRpcTime:144ms, electionTimeout:144ms
2019-10-25 11:07:41,877 [Thread-3986] INFO  impl.RoleInfo (RoleInfo.java:shutdownFollowerState(121)) - f6cfa8a2-85ff-4bb9-a246-101c53d2d47b: shutdown FollowerState
2019-10-25 11:07:41,878 [Thread-3986] INFO  impl.RaftServerImpl (RaftServerImpl.java:setRole(184)) - f6cfa8a2-85ff-4bb9-a246-101c53d2d47b@group-49E82E920F3F: changes role from  FOLLOWER to CANDIDATE at term 37 for changeToCandidate
2019-10-25 11:07:41,878 [Thread-3986] INFO  impl.RoleInfo (RoleInfo.java:updateAndGet(143)) - f6cfa8a2-85ff-4bb9-a246-101c53d2d47b: start LeaderElection
2019-10-25 11:07:41,891 [f6cfa8a2-85ff-4bb9-a246-101c53d2d47b@group-49E82E920F3F-LeaderElection465] INFO  impl.LeaderElection (LeaderElection.java:askForVotes(178)) - f6cfa8a2-85ff-4bb9-a246-101c53d2d47b@group-49E82E920F3F-LeaderElection465: begin an election at term 38 for -1: [7fad1e98-7a6b-4998-a30c-ec1ab88068bc:192.168.157.233:35716, bdb27072-dd00-4d3b-a7da-41600e490ca3:192.168.157.233:42906, f6cfa8a2-85ff-4bb9-a246-101c53d2d47b:192.168.157.233:44618], old=null
2019-10-25 11:07:41,892 [grpc-default-executor-7] INFO  impl.RaftServerImpl (RaftServerImpl.java:setRole(184)) - 7fad1e98-7a6b-4998-a30c-ec1ab88068bc@group-49E82E920F3F: changes role from  FOLLOWER to FOLLOWER at term 38 for recognizeCandidate:f6cfa8a2-85ff-4bb9-a246-101c53d2d47b
2019-10-25 11:07:41,893 [grpc-default-executor-7] INFO  impl.RoleInfo (RoleInfo.java:shutdownFollowerState(121)) - 7fad1e98-7a6b-4998-a30c-ec1ab88068bc: shutdown FollowerState
2019-10-25 11:07:41,893 [grpc-default-executor-1] INFO  impl.RaftServerImpl (RaftServerImpl.java:setRole(184)) - bdb27072-dd00-4d3b-a7da-41600e490ca3@group-49E82E920F3F: changes role from  FOLLOWER to FOLLOWER at term 38 for recognizeCandidate:f6cfa8a2-85ff-4bb9-a246-101c53d2d47b
2019-10-25 11:07:41,893 [grpc-default-executor-7] INFO  impl.RoleInfo (RoleInfo.java:updateAndGet(143)) - 7fad1e98-7a6b-4998-a30c-ec1ab88068bc: start FollowerState
2019-10-25 11:07:41,893 [Thread-3984] INFO  impl.FollowerState (FollowerState.java:run(117)) - 7fad1e98-7a6b-4998-a30c-ec1ab88068bc@group-49E82E920F3F-FollowerState was interrupted: java.lang.InterruptedException: sleep interrupted
2019-10-25 11:07:41,893 [grpc-default-executor-1] INFO  impl.RoleInfo (RoleInfo.java:shutdownFollowerState(121)) - bdb27072-dd00-4d3b-a7da-41600e490ca3: shutdown FollowerState
2019-10-25 11:07:41,893 [grpc-default-executor-1] INFO  impl.RoleInfo (RoleInfo.java:updateAndGet(143)) - bdb27072-dd00-4d3b-a7da-41600e490ca3: start FollowerState
2019-10-25 11:07:41,893 [Thread-3985] INFO  impl.FollowerState (FollowerState.java:run(117)) - bdb27072-dd00-4d3b-a7da-41600e490ca3@group-49E82E920F3F-FollowerState was interrupted: java.lang.InterruptedException: sleep interrupted
2019-10-25 11:07:41,907 [f6cfa8a2-85ff-4bb9-a246-101c53d2d47b@group-49E82E920F3F-LeaderElection465] INFO  impl.LeaderElection (LeaderElection.java:logAndReturn(56)) - f6cfa8a2-85ff-4bb9-a246-101c53d2d47b@group-49E82E920F3F-LeaderElection465: Election REJECTED; received 2 response(s) [f6cfa8a2-85ff-4bb9-a246-101c53d2d47b<-7fad1e98-7a6b-4998-a30c-ec1ab88068bc#0:FAIL-t38, f6cfa8a2-85ff-4bb9-a246-101c53d2d47b<-bdb27072-dd00-4d3b-a7da-41600e490ca3#0:FAIL-t38] and 0 exception(s); f6cfa8a2-85ff-4bb9-a246-101c53d2d47b@group-49E82E920F3F:t38, leader=null, voted=f6cfa8a2-85ff-4bb9-a246-101c53d2d47b, raftlog=f6cfa8a2-85ff-4bb9-a246-101c53d2d47b@group-49E82E920F3F-SegmentedRaftLog:OPENED:c-1,f-1,i0, conf=-1: [7fad1e98-7a6b-4998-a30c-ec1ab88068bc:192.168.157.233:35716, bdb27072-dd00-4d3b-a7da-41600e490ca3:192.168.157.233:42906, f6cfa8a2-85ff-4bb9-a246-101c53d2d47b:192.168.157.233:44618], old=null
2019-10-25 11:07:41,907 [f6cfa8a2-85ff-4bb9-a246-101c53d2d47b@group-49E82E920F3F-LeaderElection465] INFO  impl.RaftServerImpl (RaftServerImpl.java:setRole(184)) - f6cfa8a2-85ff-4bb9-a246-101c53d2d47b@group-49E82E920F3F: changes role from CANDIDATE to FOLLOWER at term 38 for DISCOVERED_A_NEW_TERM
2019-10-25 11:07:41,907 [f6cfa8a2-85ff-4bb9-a246-101c53d2d47b@group-49E82E920F3F-LeaderElection465] INFO  impl.RoleInfo (RoleInfo.java:shutdownLeaderElection(134)) - f6cfa8a2-85ff-4bb9-a246-101c53d2d47b: shutdown LeaderElection
2019-10-25 11:07:41,907 [f6cfa8a2-85ff-4bb9-a246-101c53d2d47b@group-49E82E920F3F-LeaderElection465] INFO  impl.RoleInfo (RoleInfo.java:updateAndGet(143)) - f6cfa8a2-85ff-4bb9-a246-101c53d2d47b: start FollowerState
2019-10-25 11:07:41,973 [Thread-3996] INFO  impl.FollowerState (FollowerState.java:run(108)) - f6cfa8a2-85ff-4bb9-a246-101c53d2d47b@group-49E82E920F3F-FollowerState: change to CANDIDATE, lastRpcTime:65ms, electionTimeout:65ms
2019-10-25 11:07:41,973 [Thread-3996] INFO  impl.RoleInfo (RoleInfo.java:shutdownFollowerState(121)) - f6cfa8a2-85ff-4bb9-a246-101c53d2d47b: shutdown FollowerState
2019-10-25 11:07:41,973 [Thread-3996] INFO  impl.RaftServerImpl (RaftServerImpl.java:setRole(184)) - f6cfa8a2-85ff-4bb9-a246-101c53d2d47b@group-49E82E920F3F: changes role from  FOLLOWER to CANDIDATE at term 38 for changeToCandidate
2019-10-25 11:07:41,973 [Thread-3996] INFO  impl.RoleInfo (RoleInfo.java:updateAndGet(143)) - f6cfa8a2-85ff-4bb9-a246-101c53d2d47b: start LeaderElection
2019-10-25 11:07:41,986 [f6cfa8a2-85ff-4bb9-a246-101c53d2d47b@group-49E82E920F3F-LeaderElection466] INFO  impl.LeaderElection (LeaderElection.java:askForVotes(178)) - f6cfa8a2-85ff-4bb9-a246-101c53d2d47b@group-49E82E920F3F-LeaderElection466: begin an election at term 39 for -1: [7fad1e98-7a6b-4998-a30c-ec1ab88068bc:192.168.157.233:35716, bdb27072-dd00-4d3b-a7da-41600e490ca3:192.168.157.233:42906, f6cfa8a2-85ff-4bb9-a246-101c53d2d47b:192.168.157.233:44618], old=null
2019-10-25 11:07:41,988 [grpc-default-executor-1] INFO  impl.RaftServerImpl (RaftServerImpl.java:setRole(184)) - 7fad1e98-7a6b-4998-a30c-ec1ab88068bc@group-49E82E920F3F: changes role from  FOLLOWER to FOLLOWER at term 39 for recognizeCandidate:f6cfa8a2-85ff-4bb9-a246-101c53d2d47b
2019-10-25 11:07:41,988 [grpc-default-executor-1] INFO  impl.RoleInfo (RoleInfo.java:shutdownFollowerState(121)) - 7fad1e98-7a6b-4998-a30c-ec1ab88068bc: shutdown FollowerState
2019-10-25 11:07:41,988 [grpc-default-executor-1] INFO  impl.RoleInfo (RoleInfo.java:updateAndGet(143)) - 7fad1e98-7a6b-4998-a30c-ec1ab88068bc: start FollowerState
2019-10-25 11:07:41,988 [grpc-default-executor-7] INFO  impl.RaftServerImpl (RaftServerImpl.java:setRole(184)) - bdb27072-dd00-4d3b-a7da-41600e490ca3@group-49E82E920F3F: changes role from  FOLLOWER to FOLLOWER at term 39 for recognizeCandidate:f6cfa8a2-85ff-4bb9-a246-101c53d2d47b
2019-10-25 11:07:41,988 [grpc-default-executor-7] INFO  impl.RoleInfo (RoleInfo.java:shutdownFollowerState(121)) - bdb27072-dd00-4d3b-a7da-41600e490ca3: shutdown FollowerState
2019-10-25 11:07:41,988 [Thread-3994] INFO  impl.FollowerState (FollowerState.java:run(117)) - 7fad1e98-7a6b-4998-a30c-ec1ab88068bc@group-49E82E920F3F-FollowerState was interrupted: java.lang.InterruptedException: sleep interrupted
2019-10-25 11:07:41,989 [Thread-3995] INFO  impl.FollowerState (FollowerState.java:run(117)) - bdb27072-dd00-4d3b-a7da-41600e490ca3@group-49E82E920F3F-FollowerState was interrupted: java.lang.InterruptedException: sleep interrupted
2019-10-25 11:07:41,989 [grpc-default-executor-7] INFO  impl.RoleInfo (RoleInfo.java:updateAndGet(143)) - bdb27072-dd00-4d3b-a7da-41600e490ca3: start FollowerState
2019-10-25 11:07:42,003 [f6cfa8a2-85ff-4bb9-a246-101c53d2d47b@group-49E82E920F3F-LeaderElection466] INFO  impl.LeaderElection (LeaderElection.java:logAndReturn(56)) - f6cfa8a2-85ff-4bb9-a246-101c53d2d47b@group-49E82E920F3F-LeaderElection466: Election REJECTED; received 2 response(s) [f6cfa8a2-85ff-4bb9-a246-101c53d2d47b<-7fad1e98-7a6b-4998-a30c-ec1ab88068bc#0:FAIL-t39, f6cfa8a2-85ff-4bb9-a246-101c53d2d47b<-bdb27072-dd00-4d3b-a7da-41600e490ca3#0:FAIL-t39] and 0 exception(s); f6cfa8a2-85ff-4bb9-a246-101c53d2d47b@group-49E82E920F3F:t39, leader=null, voted=f6cfa8a2-85ff-4bb9-a246-101c53d2d47b, raftlog=f6cfa8a2-85ff-4bb9-a246-101c53d2d47b@group-49E82E920F3F-SegmentedRaftLog:OPENED:c-1,f-1,i0, conf=-1: [7fad1e98-7a6b-4998-a30c-ec1ab88068bc:192.168.157.233:35716, bdb27072-dd00-4d3b-a7da-41600e490ca3:192.168.157.233:42906, f6cfa8a2-85ff-4bb9-a246-101c53d2d47b:192.168.157.233:44618], old=null
2019-10-25 11:07:42,003 [f6cfa8a2-85ff-4bb9-a246-101c53d2d47b@group-49E82E920F3F-LeaderElection466] INFO  impl.RaftServerImpl (RaftServerImpl.java:setRole(184)) - f6cfa8a2-85ff-4bb9-a246-101c53d2d47b@group-49E82E920F3F: changes role from CANDIDATE to FOLLOWER at term 39 for DISCOVERED_A_NEW_TERM
2019-10-25 11:07:42,003 [f6cfa8a2-85ff-4bb9-a246-101c53d2d47b@group-49E82E920F3F-LeaderElection466] INFO  impl.RoleInfo (RoleInfo.java:shutdownLeaderElection(134)) - f6cfa8a2-85ff-4bb9-a246-101c53d2d47b: shutdown LeaderElection
2019-10-25 11:07:42,003 [f6cfa8a2-85ff-4bb9-a246-101c53d2d47b@group-49E82E920F3F-LeaderElection466] INFO  impl.RoleInfo (RoleInfo.java:updateAndGet(143)) - f6cfa8a2-85ff-4bb9-a246-101c53d2d47b: start FollowerState
2019-10-25 11:07:42,098 [Thread-4002] INFO  impl.FollowerState (FollowerState.java:run(108)) - f6cfa8a2-85ff-4bb9-a246-101c53d2d47b@group-49E82E920F3F-FollowerState: change to CANDIDATE, lastRpcTime:95ms, electionTimeout:95ms
2019-10-25 11:07:42,098 [Thread-4002] INFO  impl.RoleInfo (RoleInfo.java:shutdownFollowerState(121)) - f6cfa8a2-85ff-4bb9-a246-101c53d2d47b: shutdown FollowerState
2019-10-25 11:07:42,099 [Thread-4002] INFO  impl.RaftServerImpl (RaftServerImpl.java:setRole(184)) - f6cfa8a2-85ff-4bb9-a246-101c53d2d47b@group-49E82E920F3F: changes role from  FOLLOWER to CANDIDATE at term 39 for changeToCandidate
2019-10-25 11:07:42,099 [Thread-4002] INFO  impl.RoleInfo (RoleInfo.java:updateAndGet(143)) - f6cfa8a2-85ff-4bb9-a246-101c53d2d47b: start LeaderElection
2019-10-25 11:07:42,112 [f6cfa8a2-85ff-4bb9-a246-101c53d2d47b@group-49E82E920F3F-LeaderElection467] INFO  impl.LeaderElection (LeaderElection.java:askForVotes(178)) - f6cfa8a2-85ff-4bb9-a246-101c53d2d47b@group-49E82E920F3F-LeaderElection467: begin an election at term 40 for -1: [7fad1e98-7a6b-4998-a30c-ec1ab88068bc:192.168.157.233:35716, bdb27072-dd00-4d3b-a7da-41600e490ca3:192.168.157.233:42906, f6cfa8a2-85ff-4bb9-a246-101c53d2d47b:192.168.157.233:44618], old=null
2019-10-25 11:07:42,114 [grpc-default-executor-7] INFO  impl.RaftServerImpl (RaftServerImpl.java:setRole(184)) - 7fad1e98-7a6b-4998-a30c-ec1ab88068bc@group-49E82E920F3F: changes role from  FOLLOWER to FOLLOWER at term 40 for recognizeCandidate:f6cfa8a2-85ff-4bb9-a246-101c53d2d47b
2019-10-25 11:07:42,114 [grpc-default-executor-1] INFO  impl.RaftServerImpl (RaftServerImpl.java:setRole(184)) - bdb27072-dd00-4d3b-a7da-41600e490ca3@group-49E82E920F3F: changes role from  FOLLOWER to FOLLOWER at term 40 for recognizeCandidate:f6cfa8a2-85ff-4bb9-a246-101c53d2d47b
2019-10-25 11:07:42,114 [grpc-default-executor-7] INFO  impl.RoleInfo (RoleInfo.java:shutdownFollowerState(121)) - 7fad1e98-7a6b-4998-a30c-ec1ab88068bc: shutdown FollowerState
2019-10-25 11:07:42,114 [grpc-default-executor-1] INFO  impl.RoleInfo (RoleInfo.java:shutdownFollowerState(121)) - bdb27072-dd00-4d3b-a7da-41600e490ca3: shutdown FollowerState
2019-10-25 11:07:42,114 [grpc-default-executor-7] INFO  impl.RoleInfo (RoleInfo.java:updateAndGet(143)) - 7fad1e98-7a6b-4998-a30c-ec1ab88068bc: start FollowerState
2019-10-25 11:07:42,114 [Thread-4000] INFO  impl.FollowerState (FollowerState.java:run(117)) - 7fad1e98-7a6b-4998-a30c-ec1ab88068bc@group-49E82E920F3F-FollowerState was interrupted: java.lang.InterruptedException: sleep interrupted
2019-10-25 11:07:42,115 [Thread-4001] INFO  impl.FollowerState (FollowerState.java:run(117)) - bdb27072-dd00-4d3b-a7da-41600e490ca3@group-49E82E920F3F-FollowerState was interrupted: java.lang.InterruptedException: sleep interrupted
2019-10-25 11:07:42,114 [grpc-default-executor-1] INFO  impl.RoleInfo (RoleInfo.java:updateAndGet(143)) - bdb27072-dd00-4d3b-a7da-41600e490ca3: start FollowerState
2019-10-25 11:07:42,128 [f6cfa8a2-85ff-4bb9-a246-101c53d2d47b@group-49E82E920F3F-LeaderElection467] INFO  impl.LeaderElection (LeaderElection.java:logAndReturn(56)) - f6cfa8a2-85ff-4bb9-a246-101c53d2d47b@group-49E82E920F3F-LeaderElection467: Election REJECTED; received 2 response(s) [f6cfa8a2-85ff-4bb9-a246-101c53d2d47b<-7fad1e98-7a6b-4998-a30c-ec1ab88068bc#0:FAIL-t40, f6cfa8a2-85ff-4bb9-a246-101c53d2d47b<-bdb27072-dd00-4d3b-a7da-41600e490ca3#0:FAIL-t40] and 0 exception(s); f6cfa8a2-85ff-4bb9-a246-101c53d2d47b@group-49E82E920F3F:t40, leader=null, voted=f6cfa8a2-85ff-4bb9-a246-101c53d2d47b, raftlog=f6cfa8a2-85ff-4bb9-a246-101c53d2d47b@group-49E82E920F3F-SegmentedRaftLog:OPENED:c-1,f-1,i0, conf=-1: [7fad1e98-7a6b-4998-a30c-ec1ab88068bc:192.168.157.233:35716, bdb27072-dd00-4d3b-a7da-41600e490ca3:192.168.157.233:42906, f6cfa8a2-85ff-4bb9-a246-101c53d2d47b:192.168.157.233:44618], old=null
2019-10-25 11:07:42,129 [f6cfa8a2-85ff-4bb9-a246-101c53d2d47b@group-49E82E920F3F-LeaderElection467] INFO  impl.RaftServerImpl (RaftServerImpl.java:setRole(184)) - f6cfa8a2-85ff-4bb9-a246-101c53d2d47b@group-49E82E920F3F: changes role from CANDIDATE to FOLLOWER at term 40 for DISCOVERED_A_NEW_TERM
2019-10-25 11:07:42,129 [f6cfa8a2-85ff-4bb9-a246-101c53d2d47b@group-49E82E920F3F-LeaderElection467] INFO  impl.RoleInfo (RoleInfo.java:shutdownLeaderElection(134)) - f6cfa8a2-85ff-4bb9-a246-101c53d2d47b: shutdown LeaderElection
2019-10-25 11:07:42,129 [f6cfa8a2-85ff-4bb9-a246-101c53d2d47b@group-49E82E920F3F-LeaderElection467] INFO  impl.RoleInfo (RoleInfo.java:updateAndGet(143)) - f6cfa8a2-85ff-4bb9-a246-101c53d2d47b: start FollowerState
2019-10-25 11:07:42,187 [Thread-4008] INFO  impl.FollowerState (FollowerState.java:run(108)) - f6cfa8a2-85ff-4bb9-a246-101c53d2d47b@group-49E82E920F3F-FollowerState: change to CANDIDATE, lastRpcTime:58ms, electionTimeout:58ms
2019-10-25 11:07:42,187 [Thread-4008] INFO  impl.RoleInfo (RoleInfo.java:shutdownFollowerState(121)) - f6cfa8a2-85ff-4bb9-a246-101c53d2d47b: shutdown FollowerState
2019-10-25 11:07:42,188 [Thread-4008] INFO  impl.RaftServerImpl (RaftServerImpl.java:setRole(184)) - f6cfa8a2-85ff-4bb9-a246-101c53d2d47b@group-49E82E920F3F: changes role from  FOLLOWER to CANDIDATE at term 40 for changeToCandidate
2019-10-25 11:07:42,188 [Thread-4008] INFO  impl.RoleInfo (RoleInfo.java:updateAndGet(143)) - f6cfa8a2-85ff-4bb9-a246-101c53d2d47b: start LeaderElection
2019-10-25 11:07:42,217 [f6cfa8a2-85ff-4bb9-a246-101c53d2d47b@group-49E82E920F3F-LeaderElection468] INFO  impl.LeaderElection (LeaderElection.java:askForVotes(178)) - f6cfa8a2-85ff-4bb9-a246-101c53d2d47b@group-49E82E920F3F-LeaderElection468: begin an election at term 41 for -1: [7fad1e98-7a6b-4998-a30c-ec1ab88068bc:192.168.157.233:35716, bdb27072-dd00-4d3b-a7da-41600e490ca3:192.168.157.233:42906, f6cfa8a2-85ff-4bb9-a246-101c53d2d47b:192.168.157.233:44618], old=null
2019-10-25 11:07:42,230 [grpc-default-executor-7] INFO  impl.RaftServerImpl (RaftServerImpl.java:setRole(184)) - 7fad1e98-7a6b-4998-a30c-ec1ab88068bc@group-49E82E920F3F: changes role from  FOLLOWER to FOLLOWER at term 41 for recognizeCandidate:f6cfa8a2-85ff-4bb9-a246-101c53d2d47b
2019-10-25 11:07:42,232 [grpc-default-executor-7] INFO  impl.RoleInfo (RoleInfo.java:shutdownFollowerState(121)) - 7fad1e98-7a6b-4998-a30c-ec1ab88068bc: shutdown FollowerState
2019-10-25 11:07:42,233 [grpc-default-executor-7] INFO  impl.RoleInfo (RoleInfo.java:updateAndGet(143)) - 7fad1e98-7a6b-4998-a30c-ec1ab88068bc: start FollowerState
2019-10-25 11:07:42,233 [Thread-4006] INFO  impl.FollowerState (FollowerState.java:run(117)) - 7fad1e98-7a6b-4998-a30c-ec1ab88068bc@group-49E82E920F3F-FollowerState was interrupted: java.lang.InterruptedException: sleep interrupted
2019-10-25 11:07:42,233 [grpc-default-executor-1] INFO  impl.RaftServerImpl (RaftServerImpl.java:setRole(184)) - bdb27072-dd00-4d3b-a7da-41600e490ca3@group-49E82E920F3F: changes role from  FOLLOWER to FOLLOWER at term 41 for recognizeCandidate:f6cfa8a2-85ff-4bb9-a246-101c53d2d47b
2019-10-25 11:07:42,233 [grpc-default-executor-1] INFO  impl.RoleInfo (RoleInfo.java:shutdownFollowerState(121)) - bdb27072-dd00-4d3b-a7da-41600e490ca3: shutdown FollowerState
2019-10-25 11:07:42,233 [grpc-default-executor-1] INFO  impl.RoleInfo (RoleInfo.java:updateAndGet(143)) - bdb27072-dd00-4d3b-a7da-41600e490ca3: start FollowerState
2019-10-25 11:07:42,233 [Thread-4007] INFO  impl.FollowerState (FollowerState.java:run(117)) - bdb27072-dd00-4d3b-a7da-41600e490ca3@group-49E82E920F3F-FollowerState was interrupted: java.lang.InterruptedException: sleep interrupted
2019-10-25 11:07:42,390 [f6cfa8a2-85ff-4bb9-a246-101c53d2d47b@group-49E82E920F3F-LeaderElection468] INFO  impl.LeaderElection (LeaderElection.java:logAndReturn(56)) - f6cfa8a2-85ff-4bb9-a246-101c53d2d47b@group-49E82E920F3F-LeaderElection468: Election TIMEOUT; received 0 response(s) [] and 0 exception(s); f6cfa8a2-85ff-4bb9-a246-101c53d2d47b@group-49E82E920F3F:t41, leader=null, voted=f6cfa8a2-85ff-4bb9-a246-101c53d2d47b, raftlog=f6cfa8a2-85ff-4bb9-a246-101c53d2d47b@group-49E82E920F3F-SegmentedRaftLog:OPENED:c-1,f-1,i0, conf=-1: [7fad1e98-7a6b-4998-a30c-ec1ab88068bc:192.168.157.233:35716, bdb27072-dd00-4d3b-a7da-41600e490ca3:192.168.157.233:42906, f6cfa8a2-85ff-4bb9-a246-101c53d2d47b:192.168.157.233:44618], old=null
2019-10-25 11:07:42,441 [f6cfa8a2-85ff-4bb9-a246-101c53d2d47b@group-49E82E920F3F-LeaderElection468] INFO  impl.LeaderElection (LeaderElection.java:askForVotes(178)) - f6cfa8a2-85ff-4bb9-a246-101c53d2d47b@group-49E82E920F3F-LeaderElection468: begin an election at term 42 for -1: [7fad1e98-7a6b-4998-a30c-ec1ab88068bc:192.168.157.233:35716, bdb27072-dd00-4d3b-a7da-41600e490ca3:192.168.157.233:42906, f6cfa8a2-85ff-4bb9-a246-101c53d2d47b:192.168.157.233:44618], old=null
2019-10-25 11:07:42,461 [grpc-default-executor-4] INFO  impl.RaftServerImpl (RaftServerImpl.java:setRole(184)) - bdb27072-dd00-4d3b-a7da-41600e490ca3@group-49E82E920F3F: changes role from  FOLLOWER to FOLLOWER at term 42 for recognizeCandidate:f6cfa8a2-85ff-4bb9-a246-101c53d2d47b
2019-10-25 11:07:42,461 [grpc-default-executor-4] INFO  impl.RoleInfo (RoleInfo.java:shutdownFollowerState(121)) - bdb27072-dd00-4d3b-a7da-41600e490ca3: shutdown FollowerState
2019-10-25 11:07:42,461 [grpc-default-executor-1] INFO  impl.RaftServerImpl (RaftServerImpl.java:setRole(184)) - 7fad1e98-7a6b-4998-a30c-ec1ab88068bc@group-49E82E920F3F: changes role from  FOLLOWER to FOLLOWER at term 42 for recognizeCandidate:f6cfa8a2-85ff-4bb9-a246-101c53d2d47b
2019-10-25 11:07:42,461 [Thread-4015] INFO  impl.FollowerState (FollowerState.java:run(117)) - bdb27072-dd00-4d3b-a7da-41600e490ca3@group-49E82E920F3F-FollowerState was interrupted: java.lang.InterruptedException: sleep interrupted
2019-10-25 11:07:42,461 [grpc-default-executor-4] INFO  impl.RoleInfo (RoleInfo.java:updateAndGet(143)) - bdb27072-dd00-4d3b-a7da-41600e490ca3: start FollowerState
2019-10-25 11:07:42,461 [grpc-default-executor-1] INFO  impl.RoleInfo (RoleInfo.java:shutdownFollowerState(121)) - 7fad1e98-7a6b-4998-a30c-ec1ab88068bc: shutdown FollowerState
2019-10-25 11:07:42,462 [grpc-default-executor-1] INFO  impl.RoleInfo (RoleInfo.java:updateAndGet(143)) - 7fad1e98-7a6b-4998-a30c-ec1ab88068bc: start FollowerState
2019-10-25 11:07:42,462 [Thread-4014] INFO  impl.FollowerState (FollowerState.java:run(117)) - 7fad1e98-7a6b-4998-a30c-ec1ab88068bc@group-49E82E920F3F-FollowerState was interrupted: java.lang.InterruptedException: sleep interrupted
2019-10-25 11:07:42,484 [f6cfa8a2-85ff-4bb9-a246-101c53d2d47b@group-49E82E920F3F-LeaderElection468] INFO  impl.LeaderElection (LeaderElection.java:logAndReturn(56)) - f6cfa8a2-85ff-4bb9-a246-101c53d2d47b@group-49E82E920F3F-LeaderElection468: Election REJECTED; received 2 response(s) [f6cfa8a2-85ff-4bb9-a246-101c53d2d47b<-7fad1e98-7a6b-4998-a30c-ec1ab88068bc#0:FAIL-t42, f6cfa8a2-85ff-4bb9-a246-101c53d2d47b<-bdb27072-dd00-4d3b-a7da-41600e490ca3#0:FAIL-t42] and 0 exception(s); f6cfa8a2-85ff-4bb9-a246-101c53d2d47b@group-49E82E920F3F:t42, leader=null, voted=f6cfa8a2-85ff-4bb9-a246-101c53d2d47b, raftlog=f6cfa8a2-85ff-4bb9-a246-101c53d2d47b@group-49E82E920F3F-SegmentedRaftLog:OPENED:c-1,f-1,i0, conf=-1: [7fad1e98-7a6b-4998-a30c-ec1ab88068bc:192.168.157.233:35716, bdb27072-dd00-4d3b-a7da-41600e490ca3:192.168.157.233:42906, f6cfa8a2-85ff-4bb9-a246-101c53d2d47b:192.168.157.233:44618], old=null
2019-10-25 11:07:42,484 [f6cfa8a2-85ff-4bb9-a246-101c53d2d47b@group-49E82E920F3F-LeaderElection468] INFO  impl.RaftServerImpl (RaftServerImpl.java:setRole(184)) - f6cfa8a2-85ff-4bb9-a246-101c53d2d47b@group-49E82E920F3F: changes role from CANDIDATE to FOLLOWER at term 42 for DISCOVERED_A_NEW_TERM
2019-10-25 11:07:42,484 [f6cfa8a2-85ff-4bb9-a246-101c53d2d47b@group-49E82E920F3F-LeaderElection468] INFO  impl.RoleInfo (RoleInfo.java:shutdownLeaderElection(134)) - f6cfa8a2-85ff-4bb9-a246-101c53d2d47b: shutdown LeaderElection
2019-10-25 11:07:42,484 [f6cfa8a2-85ff-4bb9-a246-101c53d2d47b@group-49E82E920F3F-LeaderElection468] INFO  impl.RoleInfo (RoleInfo.java:updateAndGet(143)) - f6cfa8a2-85ff-4bb9-a246-101c53d2d47b: start FollowerState
2019-10-25 11:07:42,609 [Thread-4024] INFO  impl.FollowerState (FollowerState.java:run(108)) - f6cfa8a2-85ff-4bb9-a246-101c53d2d47b@group-49E82E920F3F-FollowerState: change to CANDIDATE, lastRpcTime:124ms, electionTimeout:124ms
2019-10-25 11:07:42,609 [Thread-4024] INFO  impl.RoleInfo (RoleInfo.java:shutdownFollowerState(121)) - f6cfa8a2-85ff-4bb9-a246-101c53d2d47b: shutdown FollowerState
2019-10-25 11:07:42,609 [Thread-4024] INFO  impl.RaftServerImpl (RaftServerImpl.java:setRole(184)) - f6cfa8a2-85ff-4bb9-a246-101c53d2d47b@group-49E82E920F3F: changes role from  FOLLOWER to CANDIDATE at term 42 for changeToCandidate
2019-10-25 11:07:42,609 [Thread-4024] INFO  impl.RoleInfo (RoleInfo.java:updateAndGet(143)) - f6cfa8a2-85ff-4bb9-a246-101c53d2d47b: start LeaderElection
2019-10-25 11:07:42,621 [f6cfa8a2-85ff-4bb9-a246-101c53d2d47b@group-49E82E920F3F-LeaderElection469] INFO  impl.LeaderElection (LeaderElection.java:askForVotes(178)) - f6cfa8a2-85ff-4bb9-a246-101c53d2d47b@group-49E82E920F3F-LeaderElection469: begin an election at term 43 for -1: [7fad1e98-7a6b-4998-a30c-ec1ab88068bc:192.168.157.233:35716, bdb27072-dd00-4d3b-a7da-41600e490ca3:192.168.157.233:42906, f6cfa8a2-85ff-4bb9-a246-101c53d2d47b:192.168.157.233:44618], old=null
2019-10-25 11:07:42,622 [grpc-default-executor-1] INFO  impl.RaftServerImpl (RaftServerImpl.java:setRole(184)) - 7fad1e98-7a6b-4998-a30c-ec1ab88068bc@group-49E82E920F3F: changes role from  FOLLOWER to FOLLOWER at term 43 for recognizeCandidate:f6cfa8a2-85ff-4bb9-a246-101c53d2d47b
2019-10-25 11:07:42,622 [grpc-default-executor-1] INFO  impl.RoleInfo (RoleInfo.java:shutdownFollowerState(121)) - 7fad1e98-7a6b-4998-a30c-ec1ab88068bc: shutdown FollowerState
2019-10-25 11:07:42,622 [grpc-default-executor-4] INFO  impl.RaftServerImpl (RaftServerImpl.java:setRole(184)) - bdb27072-dd00-4d3b-a7da-41600e490ca3@group-49E82E920F3F: changes role from  FOLLOWER to FOLLOWER at term 43 for recognizeCandidate:f6cfa8a2-85ff-4bb9-a246-101c53d2d47b
2019-10-25 11:07:42,622 [grpc-default-executor-4] INFO  impl.RoleInfo (RoleInfo.java:shutdownFollowerState(121)) - bdb27072-dd00-4d3b-a7da-41600e490ca3: shutdown FollowerState
2019-10-25 11:07:42,622 [Thread-4023] INFO  impl.FollowerState (FollowerState.java:run(117)) - 7fad1e98-7a6b-4998-a30c-ec1ab88068bc@group-49E82E920F3F-FollowerState was interrupted: java.lang.InterruptedException: sleep interrupted
2019-10-25 11:07:42,622 [grpc-default-executor-1] INFO  impl.RoleInfo (RoleInfo.java:updateAndGet(143)) - 7fad1e98-7a6b-4998-a30c-ec1ab88068bc: start FollowerState
2019-10-25 11:07:42,623 [Thread-4022] INFO  impl.FollowerState (FollowerState.java:run(117)) - bdb27072-dd00-4d3b-a7da-41600e490ca3@group-49E82E920F3F-FollowerState was interrupted: java.lang.InterruptedException: sleep interrupted
2019-10-25 11:07:42,622 [grpc-default-executor-4] INFO  impl.RoleInfo (RoleInfo.java:updateAndGet(143)) - bdb27072-dd00-4d3b-a7da-41600e490ca3: start FollowerState
2019-10-25 11:07:42,627 [f6cfa8a2-85ff-4bb9-a246-101c53d2d47b@group-49E82E920F3F-LeaderElection469] INFO  impl.LeaderElection (LeaderElection.java:logAndReturn(56)) - f6cfa8a2-85ff-4bb9-a246-101c53d2d47b@group-49E82E920F3F-LeaderElection469: Election REJECTED; received 2 response(s) [f6cfa8a2-85ff-4bb9-a246-101c53d2d47b<-7fad1e98-7a6b-4998-a30c-ec1ab88068bc#0:FAIL-t43, f6cfa8a2-85ff-4bb9-a246-101c53d2d47b<-bdb27072-dd00-4d3b-a7da-41600e490ca3#0:FAIL-t43] and 0 exception(s); f6cfa8a2-85ff-4bb9-a246-101c53d2d47b@group-49E82E920F3F:t43, leader=null, voted=f6cfa8a2-85ff-4bb9-a246-101c53d2d47b, raftlog=f6cfa8a2-85ff-4bb9-a246-101c53d2d47b@group-49E82E920F3F-SegmentedRaftLog:OPENED:c-1,f-1,i0, conf=-1: [7fad1e98-7a6b-4998-a30c-ec1ab88068bc:192.168.157.233:35716, bdb27072-dd00-4d3b-a7da-41600e490ca3:192.168.157.233:42906, f6cfa8a2-85ff-4bb9-a246-101c53d2d47b:192.168.157.233:44618], old=null
2019-10-25 11:07:42,628 [f6cfa8a2-85ff-4bb9-a246-101c53d2d47b@group-49E82E920F3F-LeaderElection469] INFO  impl.RaftServerImpl (RaftServerImpl.java:setRole(184)) - f6cfa8a2-85ff-4bb9-a246-101c53d2d47b@group-49E82E920F3F: changes role from CANDIDATE to FOLLOWER at term 43 for DISCOVERED_A_NEW_TERM
2019-10-25 11:07:42,628 [f6cfa8a2-85ff-4bb9-a246-101c53d2d47b@group-49E82E920F3F-LeaderElection469] INFO  impl.RoleInfo (RoleInfo.java:shutdownLeaderElection(134)) - f6cfa8a2-85ff-4bb9-a246-101c53d2d47b: shutdown LeaderElection
2019-10-25 11:07:42,628 [f6cfa8a2-85ff-4bb9-a246-101c53d2d47b@group-49E82E920F3F-LeaderElection469] INFO  impl.RoleInfo (RoleInfo.java:updateAndGet(143)) - f6cfa8a2-85ff-4bb9-a246-101c53d2d47b: start FollowerState
2019-10-25 11:07:42,683 [Thread-4030] INFO  impl.FollowerState (FollowerState.java:run(108)) - f6cfa8a2-85ff-4bb9-a246-101c53d2d47b@group-49E82E920F3F-FollowerState: change to CANDIDATE, lastRpcTime:55ms, electionTimeout:55ms
2019-10-25 11:07:42,683 [Thread-4030] INFO  impl.RoleInfo (RoleInfo.java:shutdownFollowerState(121)) - f6cfa8a2-85ff-4bb9-a246-101c53d2d47b: shutdown FollowerState
2019-10-25 11:07:42,683 [Thread-4030] INFO  impl.RaftServerImpl (RaftServerImpl.java:setRole(184)) - f6cfa8a2-85ff-4bb9-a246-101c53d2d47b@group-49E82E920F3F: changes role from  FOLLOWER to CANDIDATE at term 43 for changeToCandidate
2019-10-25 11:07:42,683 [Thread-4030] INFO  impl.RoleInfo (RoleInfo.java:updateAndGet(143)) - f6cfa8a2-85ff-4bb9-a246-101c53d2d47b: start LeaderElection
2019-10-25 11:07:42,695 [f6cfa8a2-85ff-4bb9-a246-101c53d2d47b@group-49E82E920F3F-LeaderElection470] INFO  impl.LeaderElection (LeaderElection.java:askForVotes(178)) - f6cfa8a2-85ff-4bb9-a246-101c53d2d47b@group-49E82E920F3F-LeaderElection470: begin an election at term 44 for -1: [7fad1e98-7a6b-4998-a30c-ec1ab88068bc:192.168.157.233:35716, bdb27072-dd00-4d3b-a7da-41600e490ca3:192.168.157.233:42906, f6cfa8a2-85ff-4bb9-a246-101c53d2d47b:192.168.157.233:44618], old=null
2019-10-25 11:07:42,697 [grpc-default-executor-4] INFO  impl.RaftServerImpl (RaftServerImpl.java:setRole(184)) - bdb27072-dd00-4d3b-a7da-41600e490ca3@group-49E82E920F3F: changes role from  FOLLOWER to FOLLOWER at term 44 for recognizeCandidate:f6cfa8a2-85ff-4bb9-a246-101c53d2d47b
2019-10-25 11:07:42,697 [grpc-default-executor-4] INFO  impl.RoleInfo (RoleInfo.java:shutdownFollowerState(121)) - bdb27072-dd00-4d3b-a7da-41600e490ca3: shutdown FollowerState
2019-10-25 11:07:42,697 [grpc-default-executor-1] INFO  impl.RaftServerImpl (RaftServerImpl.java:setRole(184)) - 7fad1e98-7a6b-4998-a30c-ec1ab88068bc@group-49E82E920F3F: changes role from  FOLLOWER to FOLLOWER at term 44 for recognizeCandidate:f6cfa8a2-85ff-4bb9-a246-101c53d2d47b
2019-10-25 11:07:42,697 [Thread-4029] INFO  impl.FollowerState (FollowerState.java:run(117)) - bdb27072-dd00-4d3b-a7da-41600e490ca3@group-49E82E920F3F-FollowerState was interrupted: java.lang.InterruptedException: sleep interrupted
2019-10-25 11:07:42,697 [grpc-default-executor-4] INFO  impl.RoleInfo (RoleInfo.java:updateAndGet(143)) - bdb27072-dd00-4d3b-a7da-41600e490ca3: start FollowerState
2019-10-25 11:07:42,697 [grpc-default-executor-1] INFO  impl.RoleInfo (RoleInfo.java:shutdownFollowerState(121)) - 7fad1e98-7a6b-4998-a30c-ec1ab88068bc: shutdown FollowerState
2019-10-25 11:07:42,697 [grpc-default-executor-1] INFO  impl.RoleInfo (RoleInfo.java:updateAndGet(143)) - 7fad1e98-7a6b-4998-a30c-ec1ab88068bc: start FollowerState
2019-10-25 11:07:42,698 [Thread-4028] INFO  impl.FollowerState (FollowerState.java:run(117)) - 7fad1e98-7a6b-4998-a30c-ec1ab88068bc@group-49E82E920F3F-FollowerState was interrupted: java.lang.InterruptedException: sleep interrupted
2019-10-25 11:07:42,710 [f6cfa8a2-85ff-4bb9-a246-101c53d2d47b@group-49E82E920F3F-LeaderElection470] INFO  impl.LeaderElection (LeaderElection.java:logAndReturn(56)) - f6cfa8a2-85ff-4bb9-a246-101c53d2d47b@group-49E82E920F3F-LeaderElection470: Election REJECTED; received 2 response(s) [f6cfa8a2-85ff-4bb9-a246-101c53d2d47b<-7fad1e98-7a6b-4998-a30c-ec1ab88068bc#0:FAIL-t44, f6cfa8a2-85ff-4bb9-a246-101c53d2d47b<-bdb27072-dd00-4d3b-a7da-41600e490ca3#0:FAIL-t44] and 0 exception(s); f6cfa8a2-85ff-4bb9-a246-101c53d2d47b@group-49E82E920F3F:t44, leader=null, voted=f6cfa8a2-85ff-4bb9-a246-101c53d2d47b, raftlog=f6cfa8a2-85ff-4bb9-a246-101c53d2d47b@group-49E82E920F3F-SegmentedRaftLog:OPENED:c-1,f-1,i0, conf=-1: [7fad1e98-7a6b-4998-a30c-ec1ab88068bc:192.168.157.233:35716, bdb27072-dd00-4d3b-a7da-41600e490ca3:192.168.157.233:42906, f6cfa8a2-85ff-4bb9-a246-101c53d2d47b:192.168.157.233:44618], old=null
2019-10-25 11:07:42,710 [f6cfa8a2-85ff-4bb9-a246-101c53d2d47b@group-49E82E920F3F-LeaderElection470] INFO  impl.RaftServerImpl (RaftServerImpl.java:setRole(184)) - f6cfa8a2-85ff-4bb9-a246-101c53d2d47b@group-49E82E920F3F: changes role from CANDIDATE to FOLLOWER at term 44 for DISCOVERED_A_NEW_TERM
2019-10-25 11:07:42,710 [f6cfa8a2-85ff-4bb9-a246-101c53d2d47b@group-49E82E920F3F-LeaderElection470] INFO  impl.RoleInfo (RoleInfo.java:shutdownLeaderElection(134)) - f6cfa8a2-85ff-4bb9-a246-101c53d2d47b: shutdown LeaderElection
2019-10-25 11:07:42,710 [f6cfa8a2-85ff-4bb9-a246-101c53d2d47b@group-49E82E920F3F-LeaderElection470] INFO  impl.RoleInfo (RoleInfo.java:updateAndGet(143)) - f6cfa8a2-85ff-4bb9-a246-101c53d2d47b: start FollowerState
2019-10-25 11:07:42,889 [Thread-4036] INFO  impl.FollowerState (FollowerState.java:run(108)) - f6cfa8a2-85ff-4bb9-a246-101c53d2d47b@group-49E82E920F3F-FollowerState: change to CANDIDATE, lastRpcTime:179ms, electionTimeout:179ms
2019-10-25 11:07:42,890 [Thread-4036] INFO  impl.RoleInfo (RoleInfo.java:shutdownFollowerState(121)) - f6cfa8a2-85ff-4bb9-a246-101c53d2d47b: shutdown FollowerState
2019-10-25 11:07:42,890 [Thread-4036] INFO  impl.RaftServerImpl (RaftServerImpl.java:setRole(184)) - f6cfa8a2-85ff-4bb9-a246-101c53d2d47b@group-49E82E920F3F: changes role from  FOLLOWER to CANDIDATE at term 44 for changeToCandidate
2019-10-25 11:07:42,890 [Thread-4036] INFO  impl.RoleInfo (RoleInfo.java:updateAndGet(143)) - f6cfa8a2-85ff-4bb9-a246-101c53d2d47b: start LeaderElection
2019-10-25 11:07:42,903 [f6cfa8a2-85ff-4bb9-a246-101c53d2d47b@group-49E82E920F3F-LeaderElection471] INFO  impl.LeaderElection (LeaderElection.java:askForVotes(178)) - f6cfa8a2-85ff-4bb9-a246-101c53d2d47b@group-49E82E920F3F-LeaderElection471: begin an election at term 45 for -1: [7fad1e98-7a6b-4998-a30c-ec1ab88068bc:192.168.157.233:35716, bdb27072-dd00-4d3b-a7da-41600e490ca3:192.168.157.233:42906, f6cfa8a2-85ff-4bb9-a246-101c53d2d47b:192.168.157.233:44618], old=null
2019-10-25 11:07:42,904 [grpc-default-executor-4] INFO  impl.RaftServerImpl (RaftServerImpl.java:setRole(184)) - 7fad1e98-7a6b-4998-a30c-ec1ab88068bc@group-49E82E920F3F: changes role from  FOLLOWER to FOLLOWER at term 45 for recognizeCandidate:f6cfa8a2-85ff-4bb9-a246-101c53d2d47b
2019-10-25 11:07:42,904 [grpc-default-executor-4] INFO  impl.RoleInfo (RoleInfo.java:shutdownFollowerState(121)) - 7fad1e98-7a6b-4998-a30c-ec1ab88068bc: shutdown FollowerState
2019-10-25 11:07:42,904 [grpc-default-executor-1] INFO  impl.RaftServerImpl (RaftServerImpl.java:setRole(184)) - bdb27072-dd00-4d3b-a7da-41600e490ca3@group-49E82E920F3F: changes role from  FOLLOWER to FOLLOWER at term 45 for recognizeCandidate:f6cfa8a2-85ff-4bb9-a246-101c53d2d47b
2019-10-25 11:07:42,905 [Thread-4035] INFO  impl.FollowerState (FollowerState.java:run(117)) - 7fad1e98-7a6b-4998-a30c-ec1ab88068bc@group-49E82E920F3F-FollowerState was interrupted: java.lang.InterruptedException: sleep interrupted
2019-10-25 11:07:42,905 [grpc-default-executor-4] INFO  impl.RoleInfo (RoleInfo.java:updateAndGet(143)) - 7fad1e98-7a6b-4998-a30c-ec1ab88068bc: start FollowerState
2019-10-25 11:07:42,905 [grpc-default-executor-1] INFO  impl.RoleInfo (RoleInfo.java:shutdownFollowerState(121)) - bdb27072-dd00-4d3b-a7da-41600e490ca3: shutdown FollowerState
2019-10-25 11:07:42,905 [grpc-default-executor-1] INFO  impl.RoleInfo (RoleInfo.java:updateAndGet(143)) - bdb27072-dd00-4d3b-a7da-41600e490ca3: start FollowerState
2019-10-25 11:07:42,905 [Thread-4034] INFO  impl.FollowerState (FollowerState.java:run(117)) - bdb27072-dd00-4d3b-a7da-41600e490ca3@group-49E82E920F3F-FollowerState was interrupted: java.lang.InterruptedException: sleep interrupted
2019-10-25 11:07:42,919 [f6cfa8a2-85ff-4bb9-a246-101c53d2d47b@group-49E82E920F3F-LeaderElection471] INFO  impl.LeaderElection (LeaderElection.java:logAndReturn(56)) - f6cfa8a2-85ff-4bb9-a246-101c53d2d47b@group-49E82E920F3F-LeaderElection471: Election REJECTED; received 2 response(s) [f6cfa8a2-85ff-4bb9-a246-101c53d2d47b<-7fad1e98-7a6b-4998-a30c-ec1ab88068bc#0:FAIL-t45, f6cfa8a2-85ff-4bb9-a246-101c53d2d47b<-bdb27072-dd00-4d3b-a7da-41600e490ca3#0:FAIL-t45] and 0 exception(s); f6cfa8a2-85ff-4bb9-a246-101c53d2d47b@group-49E82E920F3F:t45, leader=null, voted=f6cfa8a2-85ff-4bb9-a246-101c53d2d47b, raftlog=f6cfa8a2-85ff-4bb9-a246-101c53d2d47b@group-49E82E920F3F-SegmentedRaftLog:OPENED:c-1,f-1,i0, conf=-1: [7fad1e98-7a6b-4998-a30c-ec1ab88068bc:192.168.157.233:35716, bdb27072-dd00-4d3b-a7da-41600e490ca3:192.168.157.233:42906, f6cfa8a2-85ff-4bb9-a246-101c53d2d47b:192.168.157.233:44618], old=null
2019-10-25 11:07:42,919 [f6cfa8a2-85ff-4bb9-a246-101c53d2d47b@group-49E82E920F3F-LeaderElection471] INFO  impl.RaftServerImpl (RaftServerImpl.java:setRole(184)) - f6cfa8a2-85ff-4bb9-a246-101c53d2d47b@group-49E82E920F3F: changes role from CANDIDATE to FOLLOWER at term 45 for DISCOVERED_A_NEW_TERM
2019-10-25 11:07:42,919 [f6cfa8a2-85ff-4bb9-a246-101c53d2d47b@group-49E82E920F3F-LeaderElection471] INFO  impl.RoleInfo (RoleInfo.java:shutdownLeaderElection(134)) - f6cfa8a2-85ff-4bb9-a246-101c53d2d47b: shutdown LeaderElection
2019-10-25 11:07:42,919 [f6cfa8a2-85ff-4bb9-a246-101c53d2d47b@group-49E82E920F3F-LeaderElection471] INFO  impl.RoleInfo (RoleInfo.java:updateAndGet(143)) - f6cfa8a2-85ff-4bb9-a246-101c53d2d47b: start FollowerState
2019-10-25 11:07:43,007 [Thread-4046] INFO  impl.FollowerState (FollowerState.java:run(108)) - f6cfa8a2-85ff-4bb9-a246-101c53d2d47b@group-49E82E920F3F-FollowerState: change to CANDIDATE, lastRpcTime:87ms, electionTimeout:87ms
2019-10-25 11:07:43,007 [Thread-4046] INFO  impl.RoleInfo (RoleInfo.java:shutdownFollowerState(121)) - f6cfa8a2-85ff-4bb9-a246-101c53d2d47b: shutdown FollowerState
2019-10-25 11:07:43,007 [Thread-4046] INFO  impl.RaftServerImpl (RaftServerImpl.java:setRole(184)) - f6cfa8a2-85ff-4bb9-a246-101c53d2d47b@group-49E82E920F3F: changes role from  FOLLOWER to CANDIDATE at term 45 for changeToCandidate
2019-10-25 11:07:43,007 [Thread-4046] INFO  impl.RoleInfo (RoleInfo.java:updateAndGet(143)) - f6cfa8a2-85ff-4bb9-a246-101c53d2d47b: start LeaderElection
2019-10-25 11:07:43,020 [f6cfa8a2-85ff-4bb9-a246-101c53d2d47b@group-49E82E920F3F-LeaderElection472] INFO  impl.LeaderElection (LeaderElection.java:askForVotes(178)) - f6cfa8a2-85ff-4bb9-a246-101c53d2d47b@group-49E82E920F3F-LeaderElection472: begin an election at term 46 for -1: [7fad1e98-7a6b-4998-a30c-ec1ab88068bc:192.168.157.233:35716, bdb27072-dd00-4d3b-a7da-41600e490ca3:192.168.157.233:42906, f6cfa8a2-85ff-4bb9-a246-101c53d2d47b:192.168.157.233:44618], old=null
2019-10-25 11:07:43,022 [grpc-default-executor-1] INFO  impl.RaftServerImpl (RaftServerImpl.java:setRole(184)) - 7fad1e98-7a6b-4998-a30c-ec1ab88068bc@group-49E82E920F3F: changes role from  FOLLOWER to FOLLOWER at term 46 for recognizeCandidate:f6cfa8a2-85ff-4bb9-a246-101c53d2d47b
2019-10-25 11:07:43,022 [grpc-default-executor-1] INFO  impl.RoleInfo (RoleInfo.java:shutdownFollowerState(121)) - 7fad1e98-7a6b-4998-a30c-ec1ab88068bc: shutdown FollowerState
2019-10-25 11:07:43,022 [grpc-default-executor-4] INFO  impl.RaftServerImpl (RaftServerImpl.java:setRole(184)) - bdb27072-dd00-4d3b-a7da-41600e490ca3@group-49E82E920F3F: changes role from  FOLLOWER to FOLLOWER at term 46 for recognizeCandidate:f6cfa8a2-85ff-4bb9-a246-101c53d2d47b
2019-10-25 11:07:43,022 [grpc-default-executor-4] INFO  impl.RoleInfo (RoleInfo.java:shutdownFollowerState(121)) - bdb27072-dd00-4d3b-a7da-41600e490ca3: shutdown FollowerState
2019-10-25 11:07:43,022 [Thread-4044] INFO  impl.FollowerState (FollowerState.java:run(117)) - 7fad1e98-7a6b-4998-a30c-ec1ab88068bc@group-49E82E920F3F-FollowerState was interrupted: java.lang.InterruptedException: sleep interrupted
2019-10-25 11:07:43,023 [Thread-4045] INFO  impl.FollowerState (FollowerState.java:run(117)) - bdb27072-dd00-4d3b-a7da-41600e490ca3@group-49E82E920F3F-FollowerState was interrupted: java.lang.InterruptedException: sleep interrupted
2019-10-25 11:07:43,022 [grpc-default-executor-1] INFO  impl.RoleInfo (RoleInfo.java:updateAndGet(143)) - 7fad1e98-7a6b-4998-a30c-ec1ab88068bc: start FollowerState
2019-10-25 11:07:43,023 [grpc-default-executor-4] INFO  impl.RoleInfo (RoleInfo.java:updateAndGet(143)) - bdb27072-dd00-4d3b-a7da-41600e490ca3: start FollowerState
2019-10-25 11:07:43,036 [f6cfa8a2-85ff-4bb9-a246-101c53d2d47b@group-49E82E920F3F-LeaderElection472] INFO  impl.LeaderElection (LeaderElection.java:logAndReturn(56)) - f6cfa8a2-85ff-4bb9-a246-101c53d2d47b@group-49E82E920F3F-LeaderElection472: Election REJECTED; received 2 response(s) [f6cfa8a2-85ff-4bb9-a246-101c53d2d47b<-7fad1e98-7a6b-4998-a30c-ec1ab88068bc#0:FAIL-t46, f6cfa8a2-85ff-4bb9-a246-101c53d2d47b<-bdb27072-dd00-4d3b-a7da-41600e490ca3#0:FAIL-t46] and 0 exception(s); f6cfa8a2-85ff-4bb9-a246-101c53d2d47b@group-49E82E920F3F:t46, leader=null, voted=f6cfa8a2-85ff-4bb9-a246-101c53d2d47b, raftlog=f6cfa8a2-85ff-4bb9-a246-101c53d2d47b@group-49E82E920F3F-SegmentedRaftLog:OPENED:c-1,f-1,i0, conf=-1: [7fad1e98-7a6b-4998-a30c-ec1ab88068bc:192.168.157.233:35716, bdb27072-dd00-4d3b-a7da-41600e490ca3:192.168.157.233:42906, f6cfa8a2-85ff-4bb9-a246-101c53d2d47b:192.168.157.233:44618], old=null
2019-10-25 11:07:43,037 [f6cfa8a2-85ff-4bb9-a246-101c53d2d47b@group-49E82E920F3F-LeaderElection472] INFO  impl.RaftServerImpl (RaftServerImpl.java:setRole(184)) - f6cfa8a2-85ff-4bb9-a246-101c53d2d47b@group-49E82E920F3F: changes role from CANDIDATE to FOLLOWER at term 46 for DISCOVERED_A_NEW_TERM
2019-10-25 11:07:43,037 [f6cfa8a2-85ff-4bb9-a246-101c53d2d47b@group-49E82E920F3F-LeaderElection472] INFO  impl.RoleInfo (RoleInfo.java:shutdownLeaderElection(134)) - f6cfa8a2-85ff-4bb9-a246-101c53d2d47b: shutdown LeaderElection
2019-10-25 11:07:43,037 [f6cfa8a2-85ff-4bb9-a246-101c53d2d47b@group-49E82E920F3F-LeaderElection472] INFO  impl.RoleInfo (RoleInfo.java:updateAndGet(143)) - f6cfa8a2-85ff-4bb9-a246-101c53d2d47b: start FollowerState
2019-10-25 11:07:43,075 [Thread-4052] INFO  impl.FollowerState (FollowerState.java:run(108)) - f6cfa8a2-85ff-4bb9-a246-101c53d2d47b@group-49E82E920F3F-FollowerState: change to CANDIDATE, lastRpcTime:38ms, electionTimeout:38ms
2019-10-25 11:07:43,075 [Thread-4052] INFO  impl.RoleInfo (RoleInfo.java:shutdownFollowerState(121)) - f6cfa8a2-85ff-4bb9-a246-101c53d2d47b: shutdown FollowerState
2019-10-25 11:07:43,075 [Thread-4052] INFO  impl.RaftServerImpl (RaftServerImpl.java:setRole(184)) - f6cfa8a2-85ff-4bb9-a246-101c53d2d47b@group-49E82E920F3F: changes role from  FOLLOWER to CANDIDATE at term 46 for changeToCandidate
2019-10-25 11:07:43,076 [Thread-4052] INFO  impl.RoleInfo (RoleInfo.java:updateAndGet(143)) - f6cfa8a2-85ff-4bb9-a246-101c53d2d47b: start LeaderElection
2019-10-25 11:07:43,090 [f6cfa8a2-85ff-4bb9-a246-101c53d2d47b@group-49E82E920F3F-LeaderElection473] INFO  impl.LeaderElection (LeaderElection.java:askForVotes(178)) - f6cfa8a2-85ff-4bb9-a246-101c53d2d47b@group-49E82E920F3F-LeaderElection473: begin an election at term 47 for -1: [7fad1e98-7a6b-4998-a30c-ec1ab88068bc:192.168.157.233:35716, bdb27072-dd00-4d3b-a7da-41600e490ca3:192.168.157.233:42906, f6cfa8a2-85ff-4bb9-a246-101c53d2d47b:192.168.157.233:44618], old=null
2019-10-25 11:07:43,092 [grpc-default-executor-4] INFO  impl.RaftServerImpl (RaftServerImpl.java:setRole(184)) - 7fad1e98-7a6b-4998-a30c-ec1ab88068bc@group-49E82E920F3F: changes role from  FOLLOWER to FOLLOWER at term 47 for recognizeCandidate:f6cfa8a2-85ff-4bb9-a246-101c53d2d47b
2019-10-25 11:07:43,092 [grpc-default-executor-4] INFO  impl.RoleInfo (RoleInfo.java:shutdownFollowerState(121)) - 7fad1e98-7a6b-4998-a30c-ec1ab88068bc: shutdown FollowerState
2019-10-25 11:07:43,092 [grpc-default-executor-1] INFO  impl.RaftServerImpl (RaftServerImpl.java:setRole(184)) - bdb27072-dd00-4d3b-a7da-41600e490ca3@group-49E82E920F3F: changes role from  FOLLOWER to FOLLOWER at term 47 for recognizeCandidate:f6cfa8a2-85ff-4bb9-a246-101c53d2d47b
2019-10-25 11:07:43,092 [Thread-4050] INFO  impl.FollowerState (FollowerState.java:run(117)) - 7fad1e98-7a6b-4998-a30c-ec1ab88068bc@group-49E82E920F3F-FollowerState was interrupted: java.lang.InterruptedException: sleep interrupted
2019-10-25 11:07:43,092 [grpc-default-executor-4] INFO  impl.RoleInfo (RoleInfo.java:updateAndGet(143)) - 7fad1e98-7a6b-4998-a30c-ec1ab88068bc: start FollowerState
2019-10-25 11:07:43,092 [grpc-default-executor-1] INFO  impl.RoleInfo (RoleInfo.java:shutdownFollowerState(121)) - bdb27072-dd00-4d3b-a7da-41600e490ca3: shutdown FollowerState
2019-10-25 11:07:43,093 [grpc-default-executor-1] INFO  impl.RoleInfo (RoleInfo.java:updateAndGet(143)) - bdb27072-dd00-4d3b-a7da-41600e490ca3: start FollowerState
2019-10-25 11:07:43,093 [Thread-4051] INFO  impl.FollowerState (FollowerState.java:run(117)) - bdb27072-dd00-4d3b-a7da-41600e490ca3@group-49E82E920F3F-FollowerState was interrupted: java.lang.InterruptedException: sleep interrupted
2019-10-25 11:07:43,107 [f6cfa8a2-85ff-4bb9-a246-101c53d2d47b@group-49E82E920F3F-LeaderElection473] INFO  impl.LeaderElection (LeaderElection.java:logAndReturn(56)) - f6cfa8a2-85ff-4bb9-a246-101c53d2d47b@group-49E82E920F3F-LeaderElection473: Election REJECTED; received 2 response(s) [f6cfa8a2-85ff-4bb9-a246-101c53d2d47b<-7fad1e98-7a6b-4998-a30c-ec1ab88068bc#0:FAIL-t47, f6cfa8a2-85ff-4bb9-a246-101c53d2d47b<-bdb27072-dd00-4d3b-a7da-41600e490ca3#0:FAIL-t47] and 0 exception(s); f6cfa8a2-85ff-4bb9-a246-101c53d2d47b@group-49E82E920F3F:t47, leader=null, voted=f6cfa8a2-85ff-4bb9-a246-101c53d2d47b, raftlog=f6cfa8a2-85ff-4bb9-a246-101c53d2d47b@group-49E82E920F3F-SegmentedRaftLog:OPENED:c-1,f-1,i0, conf=-1: [7fad1e98-7a6b-4998-a30c-ec1ab88068bc:192.168.157.233:35716, bdb27072-dd00-4d3b-a7da-41600e490ca3:192.168.157.233:42906, f6cfa8a2-85ff-4bb9-a246-101c53d2d47b:192.168.157.233:44618], old=null
2019-10-25 11:07:43,107 [f6cfa8a2-85ff-4bb9-a246-101c53d2d47b@group-49E82E920F3F-LeaderElection473] INFO  impl.RaftServerImpl (RaftServerImpl.java:setRole(184)) - f6cfa8a2-85ff-4bb9-a246-101c53d2d47b@group-49E82E920F3F: changes role from CANDIDATE to FOLLOWER at term 47 for DISCOVERED_A_NEW_TERM
2019-10-25 11:07:43,107 [f6cfa8a2-85ff-4bb9-a246-101c53d2d47b@group-49E82E920F3F-LeaderElection473] INFO  impl.RoleInfo (RoleInfo.java:shutdownLeaderElection(134)) - f6cfa8a2-85ff-4bb9-a246-101c53d2d47b: shutdown LeaderElection
2019-10-25 11:07:43,107 [f6cfa8a2-85ff-4bb9-a246-101c53d2d47b@group-49E82E920F3F-LeaderElection473] INFO  impl.RoleInfo (RoleInfo.java:updateAndGet(143)) - f6cfa8a2-85ff-4bb9-a246-101c53d2d47b: start FollowerState
2019-10-25 11:07:43,200 [Thread-4058] INFO  impl.FollowerState (FollowerState.java:run(108)) - f6cfa8a2-85ff-4bb9-a246-101c53d2d47b@group-49E82E920F3F-FollowerState: change to CANDIDATE, lastRpcTime:92ms, electionTimeout:92ms
2019-10-25 11:07:43,200 [Thread-4058] INFO  impl.RoleInfo (RoleInfo.java:shutdownFollowerState(121)) - f6cfa8a2-85ff-4bb9-a246-101c53d2d47b: shutdown FollowerState
2019-10-25 11:07:43,200 [Thread-4058] INFO  impl.RaftServerImpl (RaftServerImpl.java:setRole(184)) - f6cfa8a2-85ff-4bb9-a246-101c53d2d47b@group-49E82E920F3F: changes role from  FOLLOWER to CANDIDATE at term 47 for changeToCandidate
2019-10-25 11:07:43,200 [Thread-4058] INFO  impl.RoleInfo (RoleInfo.java:updateAndGet(143)) - f6cfa8a2-85ff-4bb9-a246-101c53d2d47b: start LeaderElection
2019-10-25 11:07:43,212 [f6cfa8a2-85ff-4bb9-a246-101c53d2d47b@group-49E82E920F3F-LeaderElection474] INFO  impl.LeaderElection (LeaderElection.java:askForVotes(178)) - f6cfa8a2-85ff-4bb9-a246-101c53d2d47b@group-49E82E920F3F-LeaderElection474: begin an election at term 48 for -1: [7fad1e98-7a6b-4998-a30c-ec1ab88068bc:192.168.157.233:35716, bdb27072-dd00-4d3b-a7da-41600e490ca3:192.168.157.233:42906, f6cfa8a2-85ff-4bb9-a246-101c53d2d47b:192.168.157.233:44618], old=null
2019-10-25 11:07:43,213 [grpc-default-executor-4] INFO  impl.RaftServerImpl (RaftServerImpl.java:setRole(184)) - 7fad1e98-7a6b-4998-a30c-ec1ab88068bc@group-49E82E920F3F: changes role from  FOLLOWER to FOLLOWER at term 48 for recognizeCandidate:f6cfa8a2-85ff-4bb9-a246-101c53d2d47b
2019-10-25 11:07:43,213 [grpc-default-executor-1] INFO  impl.RaftServerImpl (RaftServerImpl.java:setRole(184)) - bdb27072-dd00-4d3b-a7da-41600e490ca3@group-49E82E920F3F: changes role from  FOLLOWER to FOLLOWER at term 48 for recognizeCandidate:f6cfa8a2-85ff-4bb9-a246-101c53d2d47b
2019-10-25 11:07:43,213 [grpc-default-executor-1] INFO  impl.RoleInfo (RoleInfo.java:shutdownFollowerState(121)) - bdb27072-dd00-4d3b-a7da-41600e490ca3: shutdown FollowerState
2019-10-25 11:07:43,213 [grpc-default-executor-4] INFO  impl.RoleInfo (RoleInfo.java:shutdownFollowerState(121)) - 7fad1e98-7a6b-4998-a30c-ec1ab88068bc: shutdown FollowerState
2019-10-25 11:07:43,214 [Thread-4057] INFO  impl.FollowerState (FollowerState.java:run(117)) - bdb27072-dd00-4d3b-a7da-41600e490ca3@group-49E82E920F3F-FollowerState was interrupted: java.lang.InterruptedException: sleep interrupted
2019-10-25 11:07:43,213 [grpc-default-executor-1] INFO  impl.RoleInfo (RoleInfo.java:updateAndGet(143)) - bdb27072-dd00-4d3b-a7da-41600e490ca3: start FollowerState
2019-10-25 11:07:43,214 [Thread-4056] INFO  impl.FollowerState (FollowerState.java:run(117)) - 7fad1e98-7a6b-4998-a30c-ec1ab88068bc@group-49E82E920F3F-FollowerState was interrupted: java.lang.InterruptedException: sleep interrupted
2019-10-25 11:07:43,214 [grpc-default-executor-4] INFO  impl.RoleInfo (RoleInfo.java:updateAndGet(143)) - 7fad1e98-7a6b-4998-a30c-ec1ab88068bc: start FollowerState
2019-10-25 11:07:43,228 [f6cfa8a2-85ff-4bb9-a246-101c53d2d47b@group-49E82E920F3F-LeaderElection474] INFO  impl.LeaderElection (LeaderElection.java:logAndReturn(56)) - f6cfa8a2-85ff-4bb9-a246-101c53d2d47b@group-49E82E920F3F-LeaderElection474: Election REJECTED; received 2 response(s) [f6cfa8a2-85ff-4bb9-a246-101c53d2d47b<-7fad1e98-7a6b-4998-a30c-ec1ab88068bc#0:FAIL-t48, f6cfa8a2-85ff-4bb9-a246-101c53d2d47b<-bdb27072-dd00-4d3b-a7da-41600e490ca3#0:FAIL-t48] and 0 exception(s); f6cfa8a2-85ff-4bb9-a246-101c53d2d47b@group-49E82E920F3F:t48, leader=null, voted=f6cfa8a2-85ff-4bb9-a246-101c53d2d47b, raftlog=f6cfa8a2-85ff-4bb9-a246-101c53d2d47b@group-49E82E920F3F-SegmentedRaftLog:OPENED:c-1,f-1,i0, conf=-1: [7fad1e98-7a6b-4998-a30c-ec1ab88068bc:192.168.157.233:35716, bdb27072-dd00-4d3b-a7da-41600e490ca3:192.168.157.233:42906, f6cfa8a2-85ff-4bb9-a246-101c53d2d47b:192.168.157.233:44618], old=null
2019-10-25 11:07:43,228 [f6cfa8a2-85ff-4bb9-a246-101c53d2d47b@group-49E82E920F3F-LeaderElection474] INFO  impl.RaftServerImpl (RaftServerImpl.java:setRole(184)) - f6cfa8a2-85ff-4bb9-a246-101c53d2d47b@group-49E82E920F3F: changes role from CANDIDATE to FOLLOWER at term 48 for DISCOVERED_A_NEW_TERM
2019-10-25 11:07:43,228 [f6cfa8a2-85ff-4bb9-a246-101c53d2d47b@group-49E82E920F3F-LeaderElection474] INFO  impl.RoleInfo (RoleInfo.java:shutdownLeaderElection(134)) - f6cfa8a2-85ff-4bb9-a246-101c53d2d47b: shutdown LeaderElection
2019-10-25 11:07:43,228 [f6cfa8a2-85ff-4bb9-a246-101c53d2d47b@group-49E82E920F3F-LeaderElection474] INFO  impl.RoleInfo (RoleInfo.java:updateAndGet(143)) - f6cfa8a2-85ff-4bb9-a246-101c53d2d47b: start FollowerState
2019-10-25 11:07:43,362 [Thread-4064] INFO  impl.FollowerState (FollowerState.java:run(108)) - f6cfa8a2-85ff-4bb9-a246-101c53d2d47b@group-49E82E920F3F-FollowerState: change to CANDIDATE, lastRpcTime:133ms, electionTimeout:133ms
2019-10-25 11:07:43,362 [Thread-4064] INFO  impl.RoleInfo (RoleInfo.java:shutdownFollowerState(121)) - f6cfa8a2-85ff-4bb9-a246-101c53d2d47b: shutdown FollowerState
2019-10-25 11:07:43,362 [Thread-4064] INFO  impl.RaftServerImpl (RaftServerImpl.java:setRole(184)) - f6cfa8a2-85ff-4bb9-a246-101c53d2d47b@group-49E82E920F3F: changes role from  FOLLOWER to CANDIDATE at term 48 for changeToCandidate
2019-10-25 11:07:43,362 [Thread-4064] INFO  impl.RoleInfo (RoleInfo.java:updateAndGet(143)) - f6cfa8a2-85ff-4bb9-a246-101c53d2d47b: start LeaderElection
2019-10-25 11:07:43,375 [f6cfa8a2-85ff-4bb9-a246-101c53d2d47b@group-49E82E920F3F-LeaderElection475] INFO  impl.LeaderElection (LeaderElection.java:askForVotes(178)) - f6cfa8a2-85ff-4bb9-a246-101c53d2d47b@group-49E82E920F3F-LeaderElection475: begin an election at term 49 for -1: [7fad1e98-7a6b-4998-a30c-ec1ab88068bc:192.168.157.233:35716, bdb27072-dd00-4d3b-a7da-41600e490ca3:192.168.157.233:42906, f6cfa8a2-85ff-4bb9-a246-101c53d2d47b:192.168.157.233:44618], old=null
2019-10-25 11:07:43,377 [grpc-default-executor-1] INFO  impl.RaftServerImpl (RaftServerImpl.java:setRole(184)) - 7fad1e98-7a6b-4998-a30c-ec1ab88068bc@group-49E82E920F3F: changes role from  FOLLOWER to FOLLOWER at term 49 for recognizeCandidate:f6cfa8a2-85ff-4bb9-a246-101c53d2d47b
2019-10-25 11:07:43,377 [grpc-default-executor-4] INFO  impl.RaftServerImpl (RaftServerImpl.java:setRole(184)) - bdb27072-dd00-4d3b-a7da-41600e490ca3@group-49E82E920F3F: changes role from  FOLLOWER to FOLLOWER at term 49 for recognizeCandidate:f6cfa8a2-85ff-4bb9-a246-101c53d2d47b
2019-10-25 11:07:43,378 [grpc-default-executor-4] INFO  impl.RoleInfo (RoleInfo.java:shutdownFollowerState(121)) - bdb27072-dd00-4d3b-a7da-41600e490ca3: shutdown FollowerState
2019-10-25 11:07:43,377 [grpc-default-executor-1] INFO  impl.RoleInfo (RoleInfo.java:shutdownFollowerState(121)) - 7fad1e98-7a6b-4998-a30c-ec1ab88068bc: shutdown FollowerState
2019-10-25 11:07:43,378 [Thread-4062] INFO  impl.FollowerState (FollowerState.java:run(117)) - bdb27072-dd00-4d3b-a7da-41600e490ca3@group-49E82E920F3F-FollowerState was interrupted: java.lang.InterruptedException: sleep interrupted
2019-10-25 11:07:43,378 [grpc-default-executor-4] INFO  impl.RoleInfo (RoleInfo.java:updateAndGet(143)) - bdb27072-dd00-4d3b-a7da-41600e490ca3: start FollowerState
2019-10-25 11:07:43,378 [Thread-4063] INFO  impl.FollowerState (FollowerState.java:run(117)) - 7fad1e98-7a6b-4998-a30c-ec1ab88068bc@group-49E82E920F3F-FollowerState was interrupted: java.lang.InterruptedException: sleep interrupted
2019-10-25 11:07:43,378 [grpc-default-executor-1] INFO  impl.RoleInfo (RoleInfo.java:updateAndGet(143)) - 7fad1e98-7a6b-4998-a30c-ec1ab88068bc: start FollowerState
2019-10-25 11:07:43,392 [f6cfa8a2-85ff-4bb9-a246-101c53d2d47b@group-49E82E920F3F-LeaderElection475] INFO  impl.LeaderElection (LeaderElection.java:logAndReturn(56)) - f6cfa8a2-85ff-4bb9-a246-101c53d2d47b@group-49E82E920F3F-LeaderElection475: Election REJECTED; received 2 response(s) [f6cfa8a2-85ff-4bb9-a246-101c53d2d47b<-7fad1e98-7a6b-4998-a30c-ec1ab88068bc#0:FAIL-t49, f6cfa8a2-85ff-4bb9-a246-101c53d2d47b<-bdb27072-dd00-4d3b-a7da-41600e490ca3#0:FAIL-t49] and 0 exception(s); f6cfa8a2-85ff-4bb9-a246-101c53d2d47b@group-49E82E920F3F:t49, leader=null, voted=f6cfa8a2-85ff-4bb9-a246-101c53d2d47b, raftlog=f6cfa8a2-85ff-4bb9-a246-101c53d2d47b@group-49E82E920F3F-SegmentedRaftLog:OPENED:c-1,f-1,i0, conf=-1: [7fad1e98-7a6b-4998-a30c-ec1ab88068bc:192.168.157.233:35716, bdb27072-dd00-4d3b-a7da-41600e490ca3:192.168.157.233:42906, f6cfa8a2-85ff-4bb9-a246-101c53d2d47b:192.168.157.233:44618], old=null
2019-10-25 11:07:43,392 [f6cfa8a2-85ff-4bb9-a246-101c53d2d47b@group-49E82E920F3F-LeaderElection475] INFO  impl.RaftServerImpl (RaftServerImpl.java:setRole(184)) - f6cfa8a2-85ff-4bb9-a246-101c53d2d47b@group-49E82E920F3F: changes role from CANDIDATE to FOLLOWER at term 49 for DISCOVERED_A_NEW_TERM
2019-10-25 11:07:43,392 [f6cfa8a2-85ff-4bb9-a246-101c53d2d47b@group-49E82E920F3F-LeaderElection475] INFO  impl.RoleInfo (RoleInfo.java:shutdownLeaderElection(134)) - f6cfa8a2-85ff-4bb9-a246-101c53d2d47b: shutdown LeaderElection
2019-10-25 11:07:43,393 [f6cfa8a2-85ff-4bb9-a246-101c53d2d47b@group-49E82E920F3F-LeaderElection475] INFO  impl.RoleInfo (RoleInfo.java:updateAndGet(143)) - f6cfa8a2-85ff-4bb9-a246-101c53d2d47b: start FollowerState
2019-10-25 11:07:43,550 [Thread-4072] INFO  impl.FollowerState (FollowerState.java:run(108)) - f6cfa8a2-85ff-4bb9-a246-101c53d2d47b@group-49E82E920F3F-FollowerState: change to CANDIDATE, lastRpcTime:157ms, electionTimeout:157ms
2019-10-25 11:07:43,550 [Thread-4072] INFO  impl.RoleInfo (RoleInfo.java:shutdownFollowerState(121)) - f6cfa8a2-85ff-4bb9-a246-101c53d2d47b: shutdown FollowerState
2019-10-25 11:07:43,550 [Thread-4072] INFO  impl.RaftServerImpl (RaftServerImpl.java:setRole(184)) - f6cfa8a2-85ff-4bb9-a246-101c53d2d47b@group-49E82E920F3F: changes role from  FOLLOWER to CANDIDATE at term 49 for changeToCandidate
2019-10-25 11:07:43,550 [Thread-4072] INFO  impl.RoleInfo (RoleInfo.java:updateAndGet(143)) - f6cfa8a2-85ff-4bb9-a246-101c53d2d47b: start LeaderElection
2019-10-25 11:07:43,564 [f6cfa8a2-85ff-4bb9-a246-101c53d2d47b@group-49E82E920F3F-LeaderElection476] INFO  impl.LeaderElection (LeaderElection.java:askForVotes(178)) - f6cfa8a2-85ff-4bb9-a246-101c53d2d47b@group-49E82E920F3F-LeaderElection476: begin an election at term 50 for -1: [7fad1e98-7a6b-4998-a30c-ec1ab88068bc:192.168.157.233:35716, bdb27072-dd00-4d3b-a7da-41600e490ca3:192.168.157.233:42906, f6cfa8a2-85ff-4bb9-a246-101c53d2d47b:192.168.157.233:44618], old=null
2019-10-25 11:07:43,566 [grpc-default-executor-4] INFO  impl.RaftServerImpl (RaftServerImpl.java:setRole(184)) - bdb27072-dd00-4d3b-a7da-41600e490ca3@group-49E82E920F3F: changes role from  FOLLOWER to FOLLOWER at term 50 for recognizeCandidate:f6cfa8a2-85ff-4bb9-a246-101c53d2d47b
2019-10-25 11:07:43,566 [grpc-default-executor-1] INFO  impl.RaftServerImpl (RaftServerImpl.java:setRole(184)) - 7fad1e98-7a6b-4998-a30c-ec1ab88068bc@group-49E82E920F3F: changes role from  FOLLOWER to FOLLOWER at term 50 for recognizeCandidate:f6cfa8a2-85ff-4bb9-a246-101c53d2d47b
2019-10-25 11:07:43,566 [grpc-default-executor-1] INFO  impl.RoleInfo (RoleInfo.java:shutdownFollowerState(121)) - 7fad1e98-7a6b-4998-a30c-ec1ab88068bc: shutdown FollowerState
2019-10-25 11:07:43,566 [grpc-default-executor-4] INFO  impl.RoleInfo (RoleInfo.java:shutdownFollowerState(121)) - bdb27072-dd00-4d3b-a7da-41600e490ca3: shutdown FollowerState
2019-10-25 11:07:43,566 [Thread-4071] INFO  impl.FollowerState (FollowerState.java:run(117)) - 7fad1e98-7a6b-4998-a30c-ec1ab88068bc@group-49E82E920F3F-FollowerState was interrupted: java.lang.InterruptedException: sleep interrupted
2019-10-25 11:07:43,567 [Thread-4070] INFO  impl.FollowerState (FollowerState.java:run(117)) - bdb27072-dd00-4d3b-a7da-41600e490ca3@group-49E82E920F3F-FollowerState was interrupted: java.lang.InterruptedException: sleep interrupted
2019-10-25 11:07:43,566 [grpc-default-executor-1] INFO  impl.RoleInfo (RoleInfo.java:updateAndGet(143)) - 7fad1e98-7a6b-4998-a30c-ec1ab88068bc: start FollowerState
2019-10-25 11:07:43,566 [grpc-default-executor-4] INFO  impl.RoleInfo (RoleInfo.java:updateAndGet(143)) - bdb27072-dd00-4d3b-a7da-41600e490ca3: start FollowerState
2019-10-25 11:07:43,581 [f6cfa8a2-85ff-4bb9-a246-101c53d2d47b@group-49E82E920F3F-LeaderElection476] INFO  impl.LeaderElection (LeaderElection.java:logAndReturn(56)) - f6cfa8a2-85ff-4bb9-a246-101c53d2d47b@group-49E82E920F3F-LeaderElection476: Election REJECTED; received 2 response(s) [f6cfa8a2-85ff-4bb9-a246-101c53d2d47b<-7fad1e98-7a6b-4998-a30c-ec1ab88068bc#0:FAIL-t50, f6cfa8a2-85ff-4bb9-a246-101c53d2d47b<-bdb27072-dd00-4d3b-a7da-41600e490ca3#0:FAIL-t50] and 0 exception(s); f6cfa8a2-85ff-4bb9-a246-101c53d2d47b@group-49E82E920F3F:t50, leader=null, voted=f6cfa8a2-85ff-4bb9-a246-101c53d2d47b, raftlog=f6cfa8a2-85ff-4bb9-a246-101c53d2d47b@group-49E82E920F3F-SegmentedRaftLog:OPENED:c-1,f-1,i0, conf=-1: [7fad1e98-7a6b-4998-a30c-ec1ab88068bc:192.168.157.233:35716, bdb27072-dd00-4d3b-a7da-41600e490ca3:192.168.157.233:42906, f6cfa8a2-85ff-4bb9-a246-101c53d2d47b:192.168.157.233:44618], old=null
2019-10-25 11:07:43,581 [f6cfa8a2-85ff-4bb9-a246-101c53d2d47b@group-49E82E920F3F-LeaderElection476] INFO  impl.RaftServerImpl (RaftServerImpl.java:setRole(184)) - f6cfa8a2-85ff-4bb9-a246-101c53d2d47b@group-49E82E920F3F: changes role from CANDIDATE to FOLLOWER at term 50 for DISCOVERED_A_NEW_TERM
2019-10-25 11:07:43,582 [f6cfa8a2-85ff-4bb9-a246-101c53d2d47b@group-49E82E920F3F-LeaderElection476] INFO  impl.RoleInfo (RoleInfo.java:shutdownLeaderElection(134)) - f6cfa8a2-85ff-4bb9-a246-101c53d2d47b: shutdown LeaderElection
2019-10-25 11:07:43,582 [f6cfa8a2-85ff-4bb9-a246-101c53d2d47b@group-49E82E920F3F-LeaderElection476] INFO  impl.RoleInfo (RoleInfo.java:updateAndGet(143)) - f6cfa8a2-85ff-4bb9-a246-101c53d2d47b: start FollowerState
2019-10-25 11:07:43,619 [Thread-4082] INFO  impl.FollowerState (FollowerState.java:run(108)) - f6cfa8a2-85ff-4bb9-a246-101c53d2d47b@group-49E82E920F3F-FollowerState: change to CANDIDATE, lastRpcTime:37ms, electionTimeout:37ms
2019-10-25 11:07:43,619 [Thread-4082] INFO  impl.RoleInfo (RoleInfo.java:shutdownFollowerState(121)) - f6cfa8a2-85ff-4bb9-a246-101c53d2d47b: shutdown FollowerState
2019-10-25 11:07:43,619 [Thread-4082] INFO  impl.RaftServerImpl (RaftServerImpl.java:setRole(184)) - f6cfa8a2-85ff-4bb9-a246-101c53d2d47b@group-49E82E920F3F: changes role from  FOLLOWER to CANDIDATE at term 50 for changeToCandidate
2019-10-25 11:07:43,619 [Thread-4082] INFO  impl.RoleInfo (RoleInfo.java:updateAndGet(143)) - f6cfa8a2-85ff-4bb9-a246-101c53d2d47b: start LeaderElection
2019-10-25 11:07:43,632 [f6cfa8a2-85ff-4bb9-a246-101c53d2d47b@group-49E82E920F3F-LeaderElection477] INFO  impl.LeaderElection (LeaderElection.java:askForVotes(178)) - f6cfa8a2-85ff-4bb9-a246-101c53d2d47b@group-49E82E920F3F-LeaderElection477: begin an election at term 51 for -1: [7fad1e98-7a6b-4998-a30c-ec1ab88068bc:192.168.157.233:35716, bdb27072-dd00-4d3b-a7da-41600e490ca3:192.168.157.233:42906, f6cfa8a2-85ff-4bb9-a246-101c53d2d47b:192.168.157.233:44618], old=null
2019-10-25 11:07:43,634 [grpc-default-executor-1] INFO  impl.RaftServerImpl (RaftServerImpl.java:setRole(184)) - bdb27072-dd00-4d3b-a7da-41600e490ca3@group-49E82E920F3F: changes role from  FOLLOWER to FOLLOWER at term 51 for recognizeCandidate:f6cfa8a2-85ff-4bb9-a246-101c53d2d47b
2019-10-25 11:07:43,634 [grpc-default-executor-1] INFO  impl.RoleInfo (RoleInfo.java:shutdownFollowerState(121)) - bdb27072-dd00-4d3b-a7da-41600e490ca3: shutdown FollowerState
2019-10-25 11:07:43,634 [grpc-default-executor-4] INFO  impl.RaftServerImpl (RaftServerImpl.java:setRole(184)) - 7fad1e98-7a6b-4998-a30c-ec1ab88068bc@group-49E82E920F3F: changes role from  FOLLOWER to FOLLOWER at term 51 for recognizeCandidate:f6cfa8a2-85ff-4bb9-a246-101c53d2d47b
2019-10-25 11:07:43,634 [Thread-4081] INFO  impl.FollowerState (FollowerState.java:run(117)) - bdb27072-dd00-4d3b-a7da-41600e490ca3@group-49E82E920F3F-FollowerState was interrupted: java.lang.InterruptedException: sleep interrupted
2019-10-25 11:07:43,634 [grpc-default-executor-1] INFO  impl.RoleInfo (RoleInfo.java:updateAndGet(143)) - bdb27072-dd00-4d3b-a7da-41600e490ca3: start FollowerState
2019-10-25 11:07:43,634 [grpc-default-executor-4] INFO  impl.RoleInfo (RoleInfo.java:shutdownFollowerState(121)) - 7fad1e98-7a6b-4998-a30c-ec1ab88068bc: shutdown FollowerState
2019-10-25 11:07:43,635 [grpc-default-executor-4] INFO  impl.RoleInfo (RoleInfo.java:updateAndGet(143)) - 7fad1e98-7a6b-4998-a30c-ec1ab88068bc: start FollowerState
2019-10-25 11:07:43,635 [Thread-4080] INFO  impl.FollowerState (FollowerState.java:run(117)) - 7fad1e98-7a6b-4998-a30c-ec1ab88068bc@group-49E82E920F3F-FollowerState was interrupted: java.lang.InterruptedException: sleep interrupted
2019-10-25 11:07:43,648 [f6cfa8a2-85ff-4bb9-a246-101c53d2d47b@group-49E82E920F3F-LeaderElection477] INFO  impl.LeaderElection (LeaderElection.java:logAndReturn(56)) - f6cfa8a2-85ff-4bb9-a246-101c53d2d47b@group-49E82E920F3F-LeaderElection477: Election REJECTED; received 2 response(s) [f6cfa8a2-85ff-4bb9-a246-101c53d2d47b<-7fad1e98-7a6b-4998-a30c-ec1ab88068bc#0:FAIL-t51, f6cfa8a2-85ff-4bb9-a246-101c53d2d47b<-bdb27072-dd00-4d3b-a7da-41600e490ca3#0:FAIL-t51] and 0 exception(s); f6cfa8a2-85ff-4bb9-a246-101c53d2d47b@group-49E82E920F3F:t51, leader=null, voted=f6cfa8a2-85ff-4bb9-a246-101c53d2d47b, raftlog=f6cfa8a2-85ff-4bb9-a246-101c53d2d47b@group-49E82E920F3F-SegmentedRaftLog:OPENED:c-1,f-1,i0, conf=-1: [7fad1e98-7a6b-4998-a30c-ec1ab88068bc:192.168.157.233:35716, bdb27072-dd00-4d3b-a7da-41600e490ca3:192.168.157.233:42906, f6cfa8a2-85ff-4bb9-a246-101c53d2d47b:192.168.157.233:44618], old=null
2019-10-25 11:07:43,648 [f6cfa8a2-85ff-4bb9-a246-101c53d2d47b@group-49E82E920F3F-LeaderElection477] INFO  impl.RaftServerImpl (RaftServerImpl.java:setRole(184)) - f6cfa8a2-85ff-4bb9-a246-101c53d2d47b@group-49E82E920F3F: changes role from CANDIDATE to FOLLOWER at term 51 for DISCOVERED_A_NEW_TERM
2019-10-25 11:07:43,648 [f6cfa8a2-85ff-4bb9-a246-101c53d2d47b@group-49E82E920F3F-LeaderElection477] INFO  impl.RoleInfo (RoleInfo.java:shutdownLeaderElection(134)) - f6cfa8a2-85ff-4bb9-a246-101c53d2d47b: shutdown LeaderElection
2019-10-25 11:07:43,648 [f6cfa8a2-85ff-4bb9-a246-101c53d2d47b@group-49E82E920F3F-LeaderElection477] INFO  impl.RoleInfo (RoleInfo.java:updateAndGet(143)) - f6cfa8a2-85ff-4bb9-a246-101c53d2d47b: start FollowerState
2019-10-25 11:07:43,772 [Thread-4088] INFO  impl.FollowerState (FollowerState.java:run(108)) - f6cfa8a2-85ff-4bb9-a246-101c53d2d47b@group-49E82E920F3F-FollowerState: change to CANDIDATE, lastRpcTime:123ms, electionTimeout:123ms
2019-10-25 11:07:43,772 [Thread-4088] INFO  impl.RoleInfo (RoleInfo.java:shutdownFollowerState(121)) - f6cfa8a2-85ff-4bb9-a246-101c53d2d47b: shutdown FollowerState
2019-10-25 11:07:43,772 [Thread-4088] INFO  impl.RaftServerImpl (RaftServerImpl.java:setRole(184)) - f6cfa8a2-85ff-4bb9-a246-101c53d2d47b@group-49E82E920F3F: changes role from  FOLLOWER to CANDIDATE at term 51 for changeToCandidate
2019-10-25 11:07:43,772 [Thread-4088] INFO  impl.RoleInfo (RoleInfo.java:updateAndGet(143)) - f6cfa8a2-85ff-4bb9-a246-101c53d2d47b: start LeaderElection
2019-10-25 11:07:43,785 [f6cfa8a2-85ff-4bb9-a246-101c53d2d47b@group-49E82E920F3F-LeaderElection478] INFO  impl.LeaderElection (LeaderElection.java:askForVotes(178)) - f6cfa8a2-85ff-4bb9-a246-101c53d2d47b@group-49E82E920F3F-LeaderElection478: begin an election at term 52 for -1: [7fad1e98-7a6b-4998-a30c-ec1ab88068bc:192.168.157.233:35716, bdb27072-dd00-4d3b-a7da-41600e490ca3:192.168.157.233:42906, f6cfa8a2-85ff-4bb9-a246-101c53d2d47b:192.168.157.233:44618], old=null
2019-10-25 11:07:43,787 [grpc-default-executor-1] INFO  impl.RaftServerImpl (RaftServerImpl.java:setRole(184)) - 7fad1e98-7a6b-4998-a30c-ec1ab88068bc@group-49E82E920F3F: changes role from  FOLLOWER to FOLLOWER at term 52 for recognizeCandidate:f6cfa8a2-85ff-4bb9-a246-101c53d2d47b
2019-10-25 11:07:43,787 [grpc-default-executor-1] INFO  impl.RoleInfo (RoleInfo.java:shutdownFollowerState(121)) - 7fad1e98-7a6b-4998-a30c-ec1ab88068bc: shutdown FollowerState
2019-10-25 11:07:43,787 [grpc-default-executor-1] INFO  impl.RoleInfo (RoleInfo.java:updateAndGet(143)) - 7fad1e98-7a6b-4998-a30c-ec1ab88068bc: start FollowerState
2019-10-25 11:07:43,787 [Thread-4087] INFO  impl.FollowerState (FollowerState.java:run(117)) - 7fad1e98-7a6b-4998-a30c-ec1ab88068bc@group-49E82E920F3F-FollowerState was interrupted: java.lang.InterruptedException: sleep interrupted
2019-10-25 11:07:43,787 [grpc-default-executor-4] INFO  impl.RaftServerImpl (RaftServerImpl.java:setRole(184)) - bdb27072-dd00-4d3b-a7da-41600e490ca3@group-49E82E920F3F: changes role from  FOLLOWER to FOLLOWER at term 52 for recognizeCandidate:f6cfa8a2-85ff-4bb9-a246-101c53d2d47b
2019-10-25 11:07:43,787 [grpc-default-executor-4] INFO  impl.RoleInfo (RoleInfo.java:shutdownFollowerState(121)) - bdb27072-dd00-4d3b-a7da-41600e490ca3: shutdown FollowerState
2019-10-25 11:07:43,788 [grpc-default-executor-4] INFO  impl.RoleInfo (RoleInfo.java:updateAndGet(143)) - bdb27072-dd00-4d3b-a7da-41600e490ca3: start FollowerState
2019-10-25 11:07:43,788 [Thread-4086] INFO  impl.FollowerState (FollowerState.java:run(117)) - bdb27072-dd00-4d3b-a7da-41600e490ca3@group-49E82E920F3F-FollowerState was interrupted: java.lang.InterruptedException: sleep interrupted
2019-10-25 11:07:43,808 [f6cfa8a2-85ff-4bb9-a246-101c53d2d47b@group-49E82E920F3F-LeaderElection478] INFO  impl.LeaderElection (LeaderElection.java:logAndReturn(56)) - f6cfa8a2-85ff-4bb9-a246-101c53d2d47b@group-49E82E920F3F-LeaderElection478: Election REJECTED; received 2 response(s) [f6cfa8a2-85ff-4bb9-a246-101c53d2d47b<-7fad1e98-7a6b-4998-a30c-ec1ab88068bc#0:FAIL-t52, f6cfa8a2-85ff-4bb9-a246-101c53d2d47b<-bdb27072-dd00-4d3b-a7da-41600e490ca3#0:FAIL-t52] and 0 exception(s); f6cfa8a2-85ff-4bb9-a246-101c53d2d47b@group-49E82E920F3F:t52, leader=null, voted=f6cfa8a2-85ff-4bb9-a246-101c53d2d47b, raftlog=f6cfa8a2-85ff-4bb9-a246-101c53d2d47b@group-49E82E920F3F-SegmentedRaftLog:OPENED:c-1,f-1,i0, conf=-1: [7fad1e98-7a6b-4998-a30c-ec1ab88068bc:192.168.157.233:35716, bdb27072-dd00-4d3b-a7da-41600e490ca3:192.168.157.233:42906, f6cfa8a2-85ff-4bb9-a246-101c53d2d47b:192.168.157.233:44618], old=null
2019-10-25 11:07:43,808 [f6cfa8a2-85ff-4bb9-a246-101c53d2d47b@group-49E82E920F3F-LeaderElection478] INFO  impl.RaftServerImpl (RaftServerImpl.java:setRole(184)) - f6cfa8a2-85ff-4bb9-a246-101c53d2d47b@group-49E82E920F3F: changes role from CANDIDATE to FOLLOWER at term 52 for DISCOVERED_A_NEW_TERM
2019-10-25 11:07:43,808 [f6cfa8a2-85ff-4bb9-a246-101c53d2d47b@group-49E82E920F3F-LeaderElection478] INFO  impl.RoleInfo (RoleInfo.java:shutdownLeaderElection(134)) - f6cfa8a2-85ff-4bb9-a246-101c53d2d47b: shutdown LeaderElection
2019-10-25 11:07:43,809 [f6cfa8a2-85ff-4bb9-a246-101c53d2d47b@group-49E82E920F3F-LeaderElection478] INFO  impl.RoleInfo (RoleInfo.java:updateAndGet(143)) - f6cfa8a2-85ff-4bb9-a246-101c53d2d47b: start FollowerState
2019-10-25 11:07:43,857 [Thread-4094] INFO  impl.FollowerState (FollowerState.java:run(108)) - f6cfa8a2-85ff-4bb9-a246-101c53d2d47b@group-49E82E920F3F-FollowerState: change to CANDIDATE, lastRpcTime:48ms, electionTimeout:48ms
2019-10-25 11:07:43,857 [Thread-4094] INFO  impl.RoleInfo (RoleInfo.java:shutdownFollowerState(121)) - f6cfa8a2-85ff-4bb9-a246-101c53d2d47b: shutdown FollowerState
2019-10-25 11:07:43,857 [Thread-4094] INFO  impl.RaftServerImpl (RaftServerImpl.java:setRole(184)) - f6cfa8a2-85ff-4bb9-a246-101c53d2d47b@group-49E82E920F3F: changes role from  FOLLOWER to CANDIDATE at term 52 for changeToCandidate
2019-10-25 11:07:43,857 [Thread-4094] INFO  impl.RoleInfo (RoleInfo.java:updateAndGet(143)) - f6cfa8a2-85ff-4bb9-a246-101c53d2d47b: start LeaderElection
2019-10-25 11:07:43,870 [f6cfa8a2-85ff-4bb9-a246-101c53d2d47b@group-49E82E920F3F-LeaderElection479] INFO  impl.LeaderElection (LeaderElection.java:askForVotes(178)) - f6cfa8a2-85ff-4bb9-a246-101c53d2d47b@group-49E82E920F3F-LeaderElection479: begin an election at term 53 for -1: [7fad1e98-7a6b-4998-a30c-ec1ab88068bc:192.168.157.233:35716, bdb27072-dd00-4d3b-a7da-41600e490ca3:192.168.157.233:42906, f6cfa8a2-85ff-4bb9-a246-101c53d2d47b:192.168.157.233:44618], old=null
2019-10-25 11:07:43,872 [grpc-default-executor-1] INFO  impl.RaftServerImpl (RaftServerImpl.java:setRole(184)) - 7fad1e98-7a6b-4998-a30c-ec1ab88068bc@group-49E82E920F3F: changes role from  FOLLOWER to FOLLOWER at term 53 for recognizeCandidate:f6cfa8a2-85ff-4bb9-a246-101c53d2d47b
2019-10-25 11:07:43,872 [grpc-default-executor-1] INFO  impl.RoleInfo (RoleInfo.java:shutdownFollowerState(121)) - 7fad1e98-7a6b-4998-a30c-ec1ab88068bc: shutdown FollowerState
2019-10-25 11:07:43,872 [grpc-default-executor-1] INFO  impl.RoleInfo (RoleInfo.java:updateAndGet(143)) - 7fad1e98-7a6b-4998-a30c-ec1ab88068bc: start FollowerState
2019-10-25 11:07:43,872 [Thread-4092] INFO  impl.FollowerState (FollowerState.java:run(117)) - 7fad1e98-7a6b-4998-a30c-ec1ab88068bc@group-49E82E920F3F-FollowerState was interrupted: java.lang.InterruptedException: sleep interrupted
2019-10-25 11:07:43,873 [grpc-default-executor-4] INFO  impl.RaftServerImpl (RaftServerImpl.java:setRole(184)) - bdb27072-dd00-4d3b-a7da-41600e490ca3@group-49E82E920F3F: changes role from  FOLLOWER to FOLLOWER at term 53 for recognizeCandidate:f6cfa8a2-85ff-4bb9-a246-101c53d2d47b
2019-10-25 11:07:43,873 [grpc-default-executor-4] INFO  impl.RoleInfo (RoleInfo.java:shutdownFollowerState(121)) - bdb27072-dd00-4d3b-a7da-41600e490ca3: shutdown FollowerState
2019-10-25 11:07:43,873 [grpc-default-executor-4] INFO  impl.RoleInfo (RoleInfo.java:updateAndGet(143)) - bdb27072-dd00-4d3b-a7da-41600e490ca3: start FollowerState
2019-10-25 11:07:43,873 [Thread-4093] INFO  impl.FollowerState (FollowerState.java:run(117)) - bdb27072-dd00-4d3b-a7da-41600e490ca3@group-49E82E920F3F-FollowerState was interrupted: java.lang.InterruptedException: sleep interrupted
2019-10-25 11:07:43,886 [f6cfa8a2-85ff-4bb9-a246-101c53d2d47b@group-49E82E920F3F-LeaderElection479] INFO  impl.LeaderElection (LeaderElection.java:logAndReturn(56)) - f6cfa8a2-85ff-4bb9-a246-101c53d2d47b@group-49E82E920F3F-LeaderElection479: Election REJECTED; received 2 response(s) [f6cfa8a2-85ff-4bb9-a246-101c53d2d47b<-7fad1e98-7a6b-4998-a30c-ec1ab88068bc#0:FAIL-t53, f6cfa8a2-85ff-4bb9-a246-101c53d2d47b<-bdb27072-dd00-4d3b-a7da-41600e490ca3#0:FAIL-t53] and 0 exception(s); f6cfa8a2-85ff-4bb9-a246-101c53d2d47b@group-49E82E920F3F:t53, leader=null, voted=f6cfa8a2-85ff-4bb9-a246-101c53d2d47b, raftlog=f6cfa8a2-85ff-4bb9-a246-101c53d2d47b@group-49E82E920F3F-SegmentedRaftLog:OPENED:c-1,f-1,i0, conf=-1: [7fad1e98-7a6b-4998-a30c-ec1ab88068bc:192.168.157.233:35716, bdb27072-dd00-4d3b-a7da-41600e490ca3:192.168.157.233:42906, f6cfa8a2-85ff-4bb9-a246-101c53d2d47b:192.168.157.233:44618], old=null
2019-10-25 11:07:43,887 [f6cfa8a2-85ff-4bb9-a246-101c53d2d47b@group-49E82E920F3F-LeaderElection479] INFO  impl.RaftServerImpl (RaftServerImpl.java:setRole(184)) - f6cfa8a2-85ff-4bb9-a246-101c53d2d47b@group-49E82E920F3F: changes role from CANDIDATE to FOLLOWER at term 53 for DISCOVERED_A_NEW_TERM
2019-10-25 11:07:43,887 [f6cfa8a2-85ff-4bb9-a246-101c53d2d47b@group-49E82E920F3F-LeaderElection479] INFO  impl.RoleInfo (RoleInfo.java:shutdownLeaderElection(134)) - f6cfa8a2-85ff-4bb9-a246-101c53d2d47b: shutdown LeaderElection
2019-10-25 11:07:43,887 [f6cfa8a2-85ff-4bb9-a246-101c53d2d47b@group-49E82E920F3F-LeaderElection479] INFO  impl.RoleInfo (RoleInfo.java:updateAndGet(143)) - f6cfa8a2-85ff-4bb9-a246-101c53d2d47b: start FollowerState
2019-10-25 11:07:43,923 [Thread-4100] INFO  impl.FollowerState (FollowerState.java:run(108)) - f6cfa8a2-85ff-4bb9-a246-101c53d2d47b@group-49E82E920F3F-FollowerState: change to CANDIDATE, lastRpcTime:36ms, electionTimeout:36ms
2019-10-25 11:07:43,923 [Thread-4100] INFO  impl.RoleInfo (RoleInfo.java:shutdownFollowerState(121)) - f6cfa8a2-85ff-4bb9-a246-101c53d2d47b: shutdown FollowerState
2019-10-25 11:07:43,923 [Thread-4100] INFO  impl.RaftServerImpl (RaftServerImpl.java:setRole(184)) - f6cfa8a2-85ff-4bb9-a246-101c53d2d47b@group-49E82E920F3F: changes role from  FOLLOWER to CANDIDATE at term 53 for changeToCandidate
2019-10-25 11:07:43,924 [Thread-4100] INFO  impl.RoleInfo (RoleInfo.java:updateAndGet(143)) - f6cfa8a2-85ff-4bb9-a246-101c53d2d47b: start LeaderElection
2019-10-25 11:07:43,936 [f6cfa8a2-85ff-4bb9-a246-101c53d2d47b@group-49E82E920F3F-LeaderElection480] INFO  impl.LeaderElection (LeaderElection.java:askForVotes(178)) - f6cfa8a2-85ff-4bb9-a246-101c53d2d47b@group-49E82E920F3F-LeaderElection480: begin an election at term 54 for -1: [7fad1e98-7a6b-4998-a30c-ec1ab88068bc:192.168.157.233:35716, bdb27072-dd00-4d3b-a7da-41600e490ca3:192.168.157.233:42906, f6cfa8a2-85ff-4bb9-a246-101c53d2d47b:192.168.157.233:44618], old=null
2019-10-25 11:07:43,937 [grpc-default-executor-1] INFO  impl.RaftServerImpl (RaftServerImpl.java:setRole(184)) - 7fad1e98-7a6b-4998-a30c-ec1ab88068bc@group-49E82E920F3F: changes role from  FOLLOWER to FOLLOWER at term 54 for recognizeCandidate:f6cfa8a2-85ff-4bb9-a246-101c53d2d47b
2019-10-25 11:07:43,937 [grpc-default-executor-1] INFO  impl.RoleInfo (RoleInfo.java:shutdownFollowerState(121)) - 7fad1e98-7a6b-4998-a30c-ec1ab88068bc: shutdown FollowerState
2019-10-25 11:07:43,937 [grpc-default-executor-4] INFO  impl.RaftServerImpl (RaftServerImpl.java:setRole(184)) - bdb27072-dd00-4d3b-a7da-41600e490ca3@group-49E82E920F3F: changes role from  FOLLOWER to FOLLOWER at term 54 for recognizeCandidate:f6cfa8a2-85ff-4bb9-a246-101c53d2d47b
2019-10-25 11:07:43,938 [Thread-4098] INFO  impl.FollowerState (FollowerState.java:run(117)) - 7fad1e98-7a6b-4998-a30c-ec1ab88068bc@group-49E82E920F3F-FollowerState was interrupted: java.lang.InterruptedException: sleep interrupted
2019-10-25 11:07:43,938 [grpc-default-executor-1] INFO  impl.RoleInfo (RoleInfo.java:updateAndGet(143)) - 7fad1e98-7a6b-4998-a30c-ec1ab88068bc: start FollowerState
2019-10-25 11:07:43,938 [grpc-default-executor-4] INFO  impl.RoleInfo (RoleInfo.java:shutdownFollowerState(121)) - bdb27072-dd00-4d3b-a7da-41600e490ca3: shutdown FollowerState
2019-10-25 11:07:43,938 [grpc-default-executor-4] INFO  impl.RoleInfo (RoleInfo.java:updateAndGet(143)) - bdb27072-dd00-4d3b-a7da-41600e490ca3: start FollowerState
2019-10-25 11:07:43,938 [Thread-4099] INFO  impl.FollowerState (FollowerState.java:run(117)) - bdb27072-dd00-4d3b-a7da-41600e490ca3@group-49E82E920F3F-FollowerState was interrupted: java.lang.InterruptedException: sleep interrupted
2019-10-25 11:07:43,952 [f6cfa8a2-85ff-4bb9-a246-101c53d2d47b@group-49E82E920F3F-LeaderElection480] INFO  impl.LeaderElection (LeaderElection.java:logAndReturn(56)) - f6cfa8a2-85ff-4bb9-a246-101c53d2d47b@group-49E82E920F3F-LeaderElection480: Election REJECTED; received 2 response(s) [f6cfa8a2-85ff-4bb9-a246-101c53d2d47b<-7fad1e98-7a6b-4998-a30c-ec1ab88068bc#0:FAIL-t54, f6cfa8a2-85ff-4bb9-a246-101c53d2d47b<-bdb27072-dd00-4d3b-a7da-41600e490ca3#0:FAIL-t54] and 0 exception(s); f6cfa8a2-85ff-4bb9-a246-101c53d2d47b@group-49E82E920F3F:t54, leader=null, voted=f6cfa8a2-85ff-4bb9-a246-101c53d2d47b, raftlog=f6cfa8a2-85ff-4bb9-a246-101c53d2d47b@group-49E82E920F3F-SegmentedRaftLog:OPENED:c-1,f-1,i0, conf=-1: [7fad1e98-7a6b-4998-a30c-ec1ab88068bc:192.168.157.233:35716, bdb27072-dd00-4d3b-a7da-41600e490ca3:192.168.157.233:42906, f6cfa8a2-85ff-4bb9-a246-101c53d2d47b:192.168.157.233:44618], old=null
2019-10-25 11:07:43,952 [f6cfa8a2-85ff-4bb9-a246-101c53d2d47b@group-49E82E920F3F-LeaderElection480] INFO  impl.RaftServerImpl (RaftServerImpl.java:setRole(184)) - f6cfa8a2-85ff-4bb9-a246-101c53d2d47b@group-49E82E920F3F: changes role from CANDIDATE to FOLLOWER at term 54 for DISCOVERED_A_NEW_TERM
2019-10-25 11:07:43,952 [f6cfa8a2-85ff-4bb9-a246-101c53d2d47b@group-49E82E920F3F-LeaderElection480] INFO  impl.RoleInfo (RoleInfo.java:shutdownLeaderElection(134)) - f6cfa8a2-85ff-4bb9-a246-101c53d2d47b: shutdown LeaderElection
2019-10-25 11:07:43,952 [f6cfa8a2-85ff-4bb9-a246-101c53d2d47b@group-49E82E920F3F-LeaderElection480] INFO  impl.RoleInfo (RoleInfo.java:updateAndGet(143)) - f6cfa8a2-85ff-4bb9-a246-101c53d2d47b: start FollowerState
2019-10-25 11:07:44,104 [Thread-4110] INFO  impl.FollowerState (FollowerState.java:run(108)) - f6cfa8a2-85ff-4bb9-a246-101c53d2d47b@group-49E82E920F3F-FollowerState: change to CANDIDATE, lastRpcTime:152ms, electionTimeout:152ms
2019-10-25 11:07:44,104 [Thread-4110] INFO  impl.RoleInfo (RoleInfo.java:shutdownFollowerState(121)) - f6cfa8a2-85ff-4bb9-a246-101c53d2d47b: shutdown FollowerState
2019-10-25 11:07:44,105 [Thread-4110] INFO  impl.RaftServerImpl (RaftServerImpl.java:setRole(184)) - f6cfa8a2-85ff-4bb9-a246-101c53d2d47b@group-49E82E920F3F: changes role from  FOLLOWER to CANDIDATE at term 54 for changeToCandidate
2019-10-25 11:07:44,105 [Thread-4110] INFO  impl.RoleInfo (RoleInfo.java:updateAndGet(143)) - f6cfa8a2-85ff-4bb9-a246-101c53d2d47b: start LeaderElection
2019-10-25 11:07:44,118 [f6cfa8a2-85ff-4bb9-a246-101c53d2d47b@group-49E82E920F3F-LeaderElection481] INFO  impl.LeaderElection (LeaderElection.java:askForVotes(178)) - f6cfa8a2-85ff-4bb9-a246-101c53d2d47b@group-49E82E920F3F-LeaderElection481: begin an election at term 55 for -1: [7fad1e98-7a6b-4998-a30c-ec1ab88068bc:192.168.157.233:35716, bdb27072-dd00-4d3b-a7da-41600e490ca3:192.168.157.233:42906, f6cfa8a2-85ff-4bb9-a246-101c53d2d47b:192.168.157.233:44618], old=null
2019-10-25 11:07:44,120 [grpc-default-executor-1] INFO  impl.RaftServerImpl (RaftServerImpl.java:setRole(184)) - 7fad1e98-7a6b-4998-a30c-ec1ab88068bc@group-49E82E920F3F: changes role from  FOLLOWER to FOLLOWER at term 55 for recognizeCandidate:f6cfa8a2-85ff-4bb9-a246-101c53d2d47b
2019-10-25 11:07:44,120 [grpc-default-executor-1] INFO  impl.RoleInfo (RoleInfo.java:shutdownFollowerState(121)) - 7fad1e98-7a6b-4998-a30c-ec1ab88068bc: shutdown FollowerState
2019-10-25 11:07:44,120 [grpc-default-executor-4] INFO  impl.RaftServerImpl (RaftServerImpl.java:setRole(184)) - bdb27072-dd00-4d3b-a7da-41600e490ca3@group-49E82E920F3F: changes role from  FOLLOWER to FOLLOWER at term 55 for recognizeCandidate:f6cfa8a2-85ff-4bb9-a246-101c53d2d47b
2019-10-25 11:07:44,120 [Thread-4108] INFO  impl.FollowerState (FollowerState.java:run(117)) - 7fad1e98-7a6b-4998-a30c-ec1ab88068bc@group-49E82E920F3F-FollowerState was interrupted: java.lang.InterruptedException: sleep interrupted
2019-10-25 11:07:44,120 [grpc-default-executor-1] INFO  impl.RoleInfo (RoleInfo.java:updateAndGet(143)) - 7fad1e98-7a6b-4998-a30c-ec1ab88068bc: start FollowerState
2019-10-25 11:07:44,120 [grpc-default-executor-4] INFO  impl.RoleInfo (RoleInfo.java:shutdownFollowerState(121)) - bdb27072-dd00-4d3b-a7da-41600e490ca3: shutdown FollowerState
2019-10-25 11:07:44,120 [grpc-default-executor-4] INFO  impl.RoleInfo (RoleInfo.java:updateAndGet(143)) - bdb27072-dd00-4d3b-a7da-41600e490ca3: start FollowerState
2019-10-25 11:07:44,120 [Thread-4109] INFO  impl.FollowerState (FollowerState.java:run(117)) - bdb27072-dd00-4d3b-a7da-41600e490ca3@group-49E82E920F3F-FollowerState was interrupted: java.lang.InterruptedException: sleep interrupted
2019-10-25 11:07:44,134 [f6cfa8a2-85ff-4bb9-a246-101c53d2d47b@group-49E82E920F3F-LeaderElection481] INFO  impl.LeaderElection (LeaderElection.java:logAndReturn(56)) - f6cfa8a2-85ff-4bb9-a246-101c53d2d47b@group-49E82E920F3F-LeaderElection481: Election REJECTED; received 2 response(s) [f6cfa8a2-85ff-4bb9-a246-101c53d2d47b<-7fad1e98-7a6b-4998-a30c-ec1ab88068bc#0:FAIL-t55, f6cfa8a2-85ff-4bb9-a246-101c53d2d47b<-bdb27072-dd00-4d3b-a7da-41600e490ca3#0:FAIL-t55] and 0 exception(s); f6cfa8a2-85ff-4bb9-a246-101c53d2d47b@group-49E82E920F3F:t55, leader=null, voted=f6cfa8a2-85ff-4bb9-a246-101c53d2d47b, raftlog=f6cfa8a2-85ff-4bb9-a246-101c53d2d47b@group-49E82E920F3F-SegmentedRaftLog:OPENED:c-1,f-1,i0, conf=-1: [7fad1e98-7a6b-4998-a30c-ec1ab88068bc:192.168.157.233:35716, bdb27072-dd00-4d3b-a7da-41600e490ca3:192.168.157.233:42906, f6cfa8a2-85ff-4bb9-a246-101c53d2d47b:192.168.157.233:44618], old=null
2019-10-25 11:07:44,135 [f6cfa8a2-85ff-4bb9-a246-101c53d2d47b@group-49E82E920F3F-LeaderElection481] INFO  impl.RaftServerImpl (RaftServerImpl.java:setRole(184)) - f6cfa8a2-85ff-4bb9-a246-101c53d2d47b@group-49E82E920F3F: changes role from CANDIDATE to FOLLOWER at term 55 for DISCOVERED_A_NEW_TERM
2019-10-25 11:07:44,135 [f6cfa8a2-85ff-4bb9-a246-101c53d2d47b@group-49E82E920F3F-LeaderElection481] INFO  impl.RoleInfo (RoleInfo.java:shutdownLeaderElection(134)) - f6cfa8a2-85ff-4bb9-a246-101c53d2d47b: shutdown LeaderElection
2019-10-25 11:07:44,135 [f6cfa8a2-85ff-4bb9-a246-101c53d2d47b@group-49E82E920F3F-LeaderElection481] INFO  impl.RoleInfo (RoleInfo.java:updateAndGet(143)) - f6cfa8a2-85ff-4bb9-a246-101c53d2d47b: start FollowerState
2019-10-25 11:07:44,280 [Thread-4116] INFO  impl.FollowerState (FollowerState.java:run(108)) - f6cfa8a2-85ff-4bb9-a246-101c53d2d47b@group-49E82E920F3F-FollowerState: change to CANDIDATE, lastRpcTime:145ms, electionTimeout:144ms
2019-10-25 11:07:44,280 [Thread-4116] INFO  impl.RoleInfo (RoleInfo.java:shutdownFollowerState(121)) - f6cfa8a2-85ff-4bb9-a246-101c53d2d47b: shutdown FollowerState
2019-10-25 11:07:44,283 [Thread-4116] INFO  impl.RaftServerImpl (RaftServerImpl.java:setRole(184)) - f6cfa8a2-85ff-4bb9-a246-101c53d2d47b@group-49E82E920F3F: changes role from  FOLLOWER to CANDIDATE at term 55 for changeToCandidate
2019-10-25 11:07:44,283 [Thread-4116] INFO  impl.RoleInfo (RoleInfo.java:updateAndGet(143)) - f6cfa8a2-85ff-4bb9-a246-101c53d2d47b: start LeaderElection
2019-10-25 11:07:44,299 [f6cfa8a2-85ff-4bb9-a246-101c53d2d47b@group-49E82E920F3F-LeaderElection482] INFO  impl.LeaderElection (LeaderElection.java:askForVotes(178)) - f6cfa8a2-85ff-4bb9-a246-101c53d2d47b@group-49E82E920F3F-LeaderElection482: begin an election at term 56 for -1: [7fad1e98-7a6b-4998-a30c-ec1ab88068bc:192.168.157.233:35716, bdb27072-dd00-4d3b-a7da-41600e490ca3:192.168.157.233:42906, f6cfa8a2-85ff-4bb9-a246-101c53d2d47b:192.168.157.233:44618], old=null
2019-10-25 11:07:44,300 [grpc-default-executor-1] INFO  impl.RaftServerImpl (RaftServerImpl.java:setRole(184)) - 7fad1e98-7a6b-4998-a30c-ec1ab88068bc@group-49E82E920F3F: changes role from  FOLLOWER to FOLLOWER at term 56 for recognizeCandidate:f6cfa8a2-85ff-4bb9-a246-101c53d2d47b
2019-10-25 11:07:44,301 [grpc-default-executor-1] INFO  impl.RoleInfo (RoleInfo.java:shutdownFollowerState(121)) - 7fad1e98-7a6b-4998-a30c-ec1ab88068bc: shutdown FollowerState
2019-10-25 11:07:44,301 [grpc-default-executor-1] INFO  impl.RoleInfo (RoleInfo.java:updateAndGet(143)) - 7fad1e98-7a6b-4998-a30c-ec1ab88068bc: start FollowerState
2019-10-25 11:07:44,301 [Thread-4114] INFO  impl.FollowerState (FollowerState.java:run(117)) - 7fad1e98-7a6b-4998-a30c-ec1ab88068bc@group-49E82E920F3F-FollowerState was interrupted: java.lang.InterruptedException: sleep interrupted
2019-10-25 11:07:44,301 [grpc-default-executor-4] INFO  impl.RaftServerImpl (RaftServerImpl.java:setRole(184)) - bdb27072-dd00-4d3b-a7da-41600e490ca3@group-49E82E920F3F: changes role from  FOLLOWER to FOLLOWER at term 56 for recognizeCandidate:f6cfa8a2-85ff-4bb9-a246-101c53d2d47b
2019-10-25 11:07:44,301 [grpc-default-executor-4] INFO  impl.RoleInfo (RoleInfo.java:shutdownFollowerState(121)) - bdb27072-dd00-4d3b-a7da-41600e490ca3: shutdown FollowerState
2019-10-25 11:07:44,301 [grpc-default-executor-4] INFO  impl.RoleInfo (RoleInfo.java:updateAndGet(143)) - bdb27072-dd00-4d3b-a7da-41600e490ca3: start FollowerState
2019-10-25 11:07:44,301 [Thread-4115] INFO  impl.FollowerState (FollowerState.java:run(117)) - bdb27072-dd00-4d3b-a7da-41600e490ca3@group-49E82E920F3F-FollowerState was interrupted: java.lang.InterruptedException: sleep interrupted
2019-10-25 11:07:44,316 [f6cfa8a2-85ff-4bb9-a246-101c53d2d47b@group-49E82E920F3F-LeaderElection482] INFO  impl.LeaderElection (LeaderElection.java:logAndReturn(56)) - f6cfa8a2-85ff-4bb9-a246-101c53d2d47b@group-49E82E920F3F-LeaderElection482: Election REJECTED; received 2 response(s) [f6cfa8a2-85ff-4bb9-a246-101c53d2d47b<-7fad1e98-7a6b-4998-a30c-ec1ab88068bc#0:FAIL-t56, f6cfa8a2-85ff-4bb9-a246-101c53d2d47b<-bdb27072-dd00-4d3b-a7da-41600e490ca3#0:FAIL-t56] and 0 exception(s); f6cfa8a2-85ff-4bb9-a246-101c53d2d47b@group-49E82E920F3F:t56, leader=null, voted=f6cfa8a2-85ff-4bb9-a246-101c53d2d47b, raftlog=f6cfa8a2-85ff-4bb9-a246-101c53d2d47b@group-49E82E920F3F-SegmentedRaftLog:OPENED:c-1,f-1,i0, conf=-1: [7fad1e98-7a6b-4998-a30c-ec1ab88068bc:192.168.157.233:35716, bdb27072-dd00-4d3b-a7da-41600e490ca3:192.168.157.233:42906, f6cfa8a2-85ff-4bb9-a246-101c53d2d47b:192.168.157.233:44618], old=null
2019-10-25 11:07:44,316 [f6cfa8a2-85ff-4bb9-a246-101c53d2d47b@group-49E82E920F3F-LeaderElection482] INFO  impl.RaftServerImpl (RaftServerImpl.java:setRole(184)) - f6cfa8a2-85ff-4bb9-a246-101c53d2d47b@group-49E82E920F3F: changes role from CANDIDATE to FOLLOWER at term 56 for DISCOVERED_A_NEW_TERM
2019-10-25 11:07:44,317 [f6cfa8a2-85ff-4bb9-a246-101c53d2d47b@group-49E82E920F3F-LeaderElection482] INFO  impl.RoleInfo (RoleInfo.java:shutdownLeaderElection(134)) - f6cfa8a2-85ff-4bb9-a246-101c53d2d47b: shutdown LeaderElection
2019-10-25 11:07:44,317 [f6cfa8a2-85ff-4bb9-a246-101c53d2d47b@group-49E82E920F3F-LeaderElection482] INFO  impl.RoleInfo (RoleInfo.java:updateAndGet(143)) - f6cfa8a2-85ff-4bb9-a246-101c53d2d47b: start FollowerState
2019-10-25 11:07:44,367 [Thread-4124] INFO  impl.FollowerState (FollowerState.java:run(108)) - f6cfa8a2-85ff-4bb9-a246-101c53d2d47b@group-49E82E920F3F-FollowerState: change to CANDIDATE, lastRpcTime:50ms, electionTimeout:50ms
2019-10-25 11:07:44,367 [Thread-4124] INFO  impl.RoleInfo (RoleInfo.java:shutdownFollowerState(121)) - f6cfa8a2-85ff-4bb9-a246-101c53d2d47b: shutdown FollowerState
2019-10-25 11:07:44,367 [Thread-4124] INFO  impl.RaftServerImpl (RaftServerImpl.java:setRole(184)) - f6cfa8a2-85ff-4bb9-a246-101c53d2d47b@group-49E82E920F3F: changes role from  FOLLOWER to CANDIDATE at term 56 for changeToCandidate
2019-10-25 11:07:44,367 [Thread-4124] INFO  impl.RoleInfo (RoleInfo.java:updateAndGet(143)) - f6cfa8a2-85ff-4bb9-a246-101c53d2d47b: start LeaderElection
2019-10-25 11:07:44,381 [f6cfa8a2-85ff-4bb9-a246-101c53d2d47b@group-49E82E920F3F-LeaderElection483] INFO  impl.LeaderElection (LeaderElection.java:askForVotes(178)) - f6cfa8a2-85ff-4bb9-a246-101c53d2d47b@group-49E82E920F3F-LeaderElection483: begin an election at term 57 for -1: [7fad1e98-7a6b-4998-a30c-ec1ab88068bc:192.168.157.233:35716, bdb27072-dd00-4d3b-a7da-41600e490ca3:192.168.157.233:42906, f6cfa8a2-85ff-4bb9-a246-101c53d2d47b:192.168.157.233:44618], old=null
2019-10-25 11:07:44,382 [grpc-default-executor-4] INFO  impl.RaftServerImpl (RaftServerImpl.java:setRole(184)) - 7fad1e98-7a6b-4998-a30c-ec1ab88068bc@group-49E82E920F3F: changes role from  FOLLOWER to FOLLOWER at term 57 for recognizeCandidate:f6cfa8a2-85ff-4bb9-a246-101c53d2d47b
2019-10-25 11:07:44,383 [grpc-default-executor-4] INFO  impl.RoleInfo (RoleInfo.java:shutdownFollowerState(121)) - 7fad1e98-7a6b-4998-a30c-ec1ab88068bc: shutdown FollowerState
2019-10-25 11:07:44,383 [grpc-default-executor-4] INFO  impl.RoleInfo (RoleInfo.java:updateAndGet(143)) - 7fad1e98-7a6b-4998-a30c-ec1ab88068bc: start FollowerState
2019-10-25 11:07:44,383 [grpc-default-executor-1] INFO  impl.RaftServerImpl (RaftServerImpl.java:setRole(184)) - bdb27072-dd00-4d3b-a7da-41600e490ca3@group-49E82E920F3F: changes role from  FOLLOWER to FOLLOWER at term 57 for recognizeCandidate:f6cfa8a2-85ff-4bb9-a246-101c53d2d47b
2019-10-25 11:07:44,383 [grpc-default-executor-1] INFO  impl.RoleInfo (RoleInfo.java:shutdownFollowerState(121)) - bdb27072-dd00-4d3b-a7da-41600e490ca3: shutdown FollowerState
2019-10-25 11:07:44,383 [Thread-4122] INFO  impl.FollowerState (FollowerState.java:run(117)) - 7fad1e98-7a6b-4998-a30c-ec1ab88068bc@group-49E82E920F3F-FollowerState was interrupted: java.lang.InterruptedException: sleep interrupted
2019-10-25 11:07:44,383 [Thread-4123] INFO  impl.FollowerState (FollowerState.java:run(117)) - bdb27072-dd00-4d3b-a7da-41600e490ca3@group-49E82E920F3F-FollowerState was interrupted: java.lang.InterruptedException: sleep interrupted
2019-10-25 11:07:44,383 [grpc-default-executor-1] INFO  impl.RoleInfo (RoleInfo.java:updateAndGet(143)) - bdb27072-dd00-4d3b-a7da-41600e490ca3: start FollowerState
2019-10-25 11:07:44,397 [f6cfa8a2-85ff-4bb9-a246-101c53d2d47b@group-49E82E920F3F-LeaderElection483] INFO  impl.LeaderElection (LeaderElection.java:logAndReturn(56)) - f6cfa8a2-85ff-4bb9-a246-101c53d2d47b@group-49E82E920F3F-LeaderElection483: Election REJECTED; received 2 response(s) [f6cfa8a2-85ff-4bb9-a246-101c53d2d47b<-7fad1e98-7a6b-4998-a30c-ec1ab88068bc#0:FAIL-t57, f6cfa8a2-85ff-4bb9-a246-101c53d2d47b<-bdb27072-dd00-4d3b-a7da-41600e490ca3#0:FAIL-t57] and 0 exception(s); f6cfa8a2-85ff-4bb9-a246-101c53d2d47b@group-49E82E920F3F:t57, leader=null, voted=f6cfa8a2-85ff-4bb9-a246-101c53d2d47b, raftlog=f6cfa8a2-85ff-4bb9-a246-101c53d2d47b@group-49E82E920F3F-SegmentedRaftLog:OPENED:c-1,f-1,i0, conf=-1: [7fad1e98-7a6b-4998-a30c-ec1ab88068bc:192.168.157.233:35716, bdb27072-dd00-4d3b-a7da-41600e490ca3:192.168.157.233:42906, f6cfa8a2-85ff-4bb9-a246-101c53d2d47b:192.168.157.233:44618], old=null
2019-10-25 11:07:44,397 [f6cfa8a2-85ff-4bb9-a246-101c53d2d47b@group-49E82E920F3F-LeaderElection483] INFO  impl.RaftServerImpl (RaftServerImpl.java:setRole(184)) - f6cfa8a2-85ff-4bb9-a246-101c53d2d47b@group-49E82E920F3F: changes role from CANDIDATE to FOLLOWER at term 57 for DISCOVERED_A_NEW_TERM
2019-10-25 11:07:44,398 [f6cfa8a2-85ff-4bb9-a246-101c53d2d47b@group-49E82E920F3F-LeaderElection483] INFO  impl.RoleInfo (RoleInfo.java:shutdownLeaderElection(134)) - f6cfa8a2-85ff-4bb9-a246-101c53d2d47b: shutdown LeaderElection
2019-10-25 11:07:44,398 [f6cfa8a2-85ff-4bb9-a246-101c53d2d47b@group-49E82E920F3F-LeaderElection483] INFO  impl.RoleInfo (RoleInfo.java:updateAndGet(143)) - f6cfa8a2-85ff-4bb9-a246-101c53d2d47b: start FollowerState
2019-10-25 11:07:44,512 [Thread-4131] INFO  impl.FollowerState (FollowerState.java:run(108)) - f6cfa8a2-85ff-4bb9-a246-101c53d2d47b@group-49E82E920F3F-FollowerState: change to CANDIDATE, lastRpcTime:114ms, electionTimeout:114ms
2019-10-25 11:07:44,512 [Thread-4131] INFO  impl.RoleInfo (RoleInfo.java:shutdownFollowerState(121)) - f6cfa8a2-85ff-4bb9-a246-101c53d2d47b: shutdown FollowerState
2019-10-25 11:07:44,512 [Thread-4131] INFO  impl.RaftServerImpl (RaftServerImpl.java:setRole(184)) - f6cfa8a2-85ff-4bb9-a246-101c53d2d47b@group-49E82E920F3F: changes role from  FOLLOWER to CANDIDATE at term 57 for changeToCandidate
2019-10-25 11:07:44,513 [Thread-4131] INFO  impl.RoleInfo (RoleInfo.java:updateAndGet(143)) - f6cfa8a2-85ff-4bb9-a246-101c53d2d47b: start LeaderElection
2019-10-25 11:07:44,526 [f6cfa8a2-85ff-4bb9-a246-101c53d2d47b@group-49E82E920F3F-LeaderElection484] INFO  impl.LeaderElection (LeaderElection.java:askForVotes(178)) - f6cfa8a2-85ff-4bb9-a246-101c53d2d47b@group-49E82E920F3F-LeaderElection484: begin an election at term 58 for -1: [7fad1e98-7a6b-4998-a30c-ec1ab88068bc:192.168.157.233:35716, bdb27072-dd00-4d3b-a7da-41600e490ca3:192.168.157.233:42906, f6cfa8a2-85ff-4bb9-a246-101c53d2d47b:192.168.157.233:44618], old=null
2019-10-25 11:07:44,527 [grpc-default-executor-7] INFO  impl.RaftServerImpl (RaftServerImpl.java:setRole(184)) - bdb27072-dd00-4d3b-a7da-41600e490ca3@group-49E82E920F3F: changes role from  FOLLOWER to FOLLOWER at term 58 for recognizeCandidate:f6cfa8a2-85ff-4bb9-a246-101c53d2d47b
2019-10-25 11:07:44,527 [grpc-default-executor-7] INFO  impl.RoleInfo (RoleInfo.java:shutdownFollowerState(121)) - bdb27072-dd00-4d3b-a7da-41600e490ca3: shutdown FollowerState
2019-10-25 11:07:44,527 [grpc-default-executor-4] INFO  impl.RaftServerImpl (RaftServerImpl.java:setRole(184)) - 7fad1e98-7a6b-4998-a30c-ec1ab88068bc@group-49E82E920F3F: changes role from  FOLLOWER to FOLLOWER at term 58 for recognizeCandidate:f6cfa8a2-85ff-4bb9-a246-101c53d2d47b
2019-10-25 11:07:44,527 [grpc-default-executor-7] INFO  impl.RoleInfo (RoleInfo.java:updateAndGet(143)) - bdb27072-dd00-4d3b-a7da-41600e490ca3: start FollowerState
2019-10-25 11:07:44,527 [Thread-4129] INFO  impl.FollowerState (FollowerState.java:run(117)) - bdb27072-dd00-4d3b-a7da-41600e490ca3@group-49E82E920F3F-FollowerState was interrupted: java.lang.InterruptedException: sleep interrupted
2019-10-25 11:07:44,527 [grpc-default-executor-4] INFO  impl.RoleInfo (RoleInfo.java:shutdownFollowerState(121)) - 7fad1e98-7a6b-4998-a30c-ec1ab88068bc: shutdown FollowerState
2019-10-25 11:07:44,528 [grpc-default-executor-4] INFO  impl.RoleInfo (RoleInfo.java:updateAndGet(143)) - 7fad1e98-7a6b-4998-a30c-ec1ab88068bc: start FollowerState
2019-10-25 11:07:44,528 [Thread-4128] INFO  impl.FollowerState (FollowerState.java:run(117)) - 7fad1e98-7a6b-4998-a30c-ec1ab88068bc@group-49E82E920F3F-FollowerState was interrupted: java.lang.InterruptedException: sleep interrupted
2019-10-25 11:07:44,542 [f6cfa8a2-85ff-4bb9-a246-101c53d2d47b@group-49E82E920F3F-LeaderElection484] INFO  impl.LeaderElection (LeaderElection.java:logAndReturn(56)) - f6cfa8a2-85ff-4bb9-a246-101c53d2d47b@group-49E82E920F3F-LeaderElection484: Election REJECTED; received 2 response(s) [f6cfa8a2-85ff-4bb9-a246-101c53d2d47b<-7fad1e98-7a6b-4998-a30c-ec1ab88068bc#0:FAIL-t58, f6cfa8a2-85ff-4bb9-a246-101c53d2d47b<-bdb27072-dd00-4d3b-a7da-41600e490ca3#0:FAIL-t58] and 0 exception(s); f6cfa8a2-85ff-4bb9-a246-101c53d2d47b@group-49E82E920F3F:t58, leader=null, voted=f6cfa8a2-85ff-4bb9-a246-101c53d2d47b, raftlog=f6cfa8a2-85ff-4bb9-a246-101c53d2d47b@group-49E82E920F3F-SegmentedRaftLog:OPENED:c-1,f-1,i0, conf=-1: [7fad1e98-7a6b-4998-a30c-ec1ab88068bc:192.168.157.233:35716, bdb27072-dd00-4d3b-a7da-41600e490ca3:192.168.157.233:42906, f6cfa8a2-85ff-4bb9-a246-101c53d2d47b:192.168.157.233:44618], old=null
2019-10-25 11:07:44,542 [f6cfa8a2-85ff-4bb9-a246-101c53d2d47b@group-49E82E920F3F-LeaderElection484] INFO  impl.RaftServerImpl (RaftServerImpl.java:setRole(184)) - f6cfa8a2-85ff-4bb9-a246-101c53d2d47b@group-49E82E920F3F: changes role from CANDIDATE to FOLLOWER at term 58 for DISCOVERED_A_NEW_TERM
2019-10-25 11:07:44,542 [f6cfa8a2-85ff-4bb9-a246-101c53d2d47b@group-49E82E920F3F-LeaderElection484] INFO  impl.RoleInfo (RoleInfo.java:shutdownLeaderElection(134)) - f6cfa8a2-85ff-4bb9-a246-101c53d2d47b: shutdown LeaderElection
2019-10-25 11:07:44,542 [f6cfa8a2-85ff-4bb9-a246-101c53d2d47b@group-49E82E920F3F-LeaderElection484] INFO  impl.RoleInfo (RoleInfo.java:updateAndGet(143)) - f6cfa8a2-85ff-4bb9-a246-101c53d2d47b: start FollowerState
2019-10-25 11:07:44,550 [Thread-4140] INFO  impl.FollowerState (FollowerState.java:run(108)) - f6cfa8a2-85ff-4bb9-a246-101c53d2d47b@group-49E82E920F3F-FollowerState: change to CANDIDATE, lastRpcTime:7ms, electionTimeout:7ms
2019-10-25 11:07:44,550 [Thread-4140] INFO  impl.RoleInfo (RoleInfo.java:shutdownFollowerState(121)) - f6cfa8a2-85ff-4bb9-a246-101c53d2d47b: shutdown FollowerState
2019-10-25 11:07:44,550 [Thread-4140] INFO  impl.RaftServerImpl (RaftServerImpl.java:setRole(184)) - f6cfa8a2-85ff-4bb9-a246-101c53d2d47b@group-49E82E920F3F: changes role from  FOLLOWER to CANDIDATE at term 58 for changeToCandidate
2019-10-25 11:07:44,550 [Thread-4140] INFO  impl.RoleInfo (RoleInfo.java:updateAndGet(143)) - f6cfa8a2-85ff-4bb9-a246-101c53d2d47b: start LeaderElection
2019-10-25 11:07:44,563 [f6cfa8a2-85ff-4bb9-a246-101c53d2d47b@group-49E82E920F3F-LeaderElection485] INFO  impl.LeaderElection (LeaderElection.java:askForVotes(178)) - f6cfa8a2-85ff-4bb9-a246-101c53d2d47b@group-49E82E920F3F-LeaderElection485: begin an election at term 59 for -1: [7fad1e98-7a6b-4998-a30c-ec1ab88068bc:192.168.157.233:35716, bdb27072-dd00-4d3b-a7da-41600e490ca3:192.168.157.233:42906, f6cfa8a2-85ff-4bb9-a246-101c53d2d47b:192.168.157.233:44618], old=null
2019-10-25 11:07:44,564 [grpc-default-executor-4] INFO  impl.RaftServerImpl (RaftServerImpl.java:setRole(184)) - 7fad1e98-7a6b-4998-a30c-ec1ab88068bc@group-49E82E920F3F: changes role from  FOLLOWER to FOLLOWER at term 59 for recognizeCandidate:f6cfa8a2-85ff-4bb9-a246-101c53d2d47b
2019-10-25 11:07:44,564 [grpc-default-executor-4] INFO  impl.RoleInfo (RoleInfo.java:shutdownFollowerState(121)) - 7fad1e98-7a6b-4998-a30c-ec1ab88068bc: shutdown FollowerState
2019-10-25 11:07:44,564 [grpc-default-executor-7] INFO  impl.RaftServerImpl (RaftServerImpl.java:setRole(184)) - bdb27072-dd00-4d3b-a7da-41600e490ca3@group-49E82E920F3F: changes role from  FOLLOWER to FOLLOWER at term 59 for recognizeCandidate:f6cfa8a2-85ff-4bb9-a246-101c53d2d47b
2019-10-25 11:07:44,564 [Thread-4139] INFO  impl.FollowerState (FollowerState.java:run(117)) - 7fad1e98-7a6b-4998-a30c-ec1ab88068bc@group-49E82E920F3F-FollowerState was interrupted: java.lang.InterruptedException: sleep interrupted
2019-10-25 11:07:44,564 [grpc-default-executor-4] INFO  impl.RoleInfo (RoleInfo.java:updateAndGet(143)) - 7fad1e98-7a6b-4998-a30c-ec1ab88068bc: start FollowerState
2019-10-25 11:07:44,564 [grpc-default-executor-7] INFO  impl.RoleInfo (RoleInfo.java:shutdownFollowerState(121)) - bdb27072-dd00-4d3b-a7da-41600e490ca3: shutdown FollowerState
2019-10-25 11:07:44,565 [grpc-default-executor-7] INFO  impl.RoleInfo (RoleInfo.java:updateAndGet(143)) - bdb27072-dd00-4d3b-a7da-41600e490ca3: start FollowerState
2019-10-25 11:07:44,565 [Thread-4138] INFO  impl.FollowerState (FollowerState.java:run(117)) - bdb27072-dd00-4d3b-a7da-41600e490ca3@group-49E82E920F3F-FollowerState was interrupted: java.lang.InterruptedException: sleep interrupted
2019-10-25 11:07:44,584 [f6cfa8a2-85ff-4bb9-a246-101c53d2d47b@group-49E82E920F3F-LeaderElection485] INFO  impl.LeaderElection (LeaderElection.java:logAndReturn(56)) - f6cfa8a2-85ff-4bb9-a246-101c53d2d47b@group-49E82E920F3F-LeaderElection485: Election REJECTED; received 2 response(s) [f6cfa8a2-85ff-4bb9-a246-101c53d2d47b<-7fad1e98-7a6b-4998-a30c-ec1ab88068bc#0:FAIL-t59, f6cfa8a2-85ff-4bb9-a246-101c53d2d47b<-bdb27072-dd00-4d3b-a7da-41600e490ca3#0:FAIL-t59] and 0 exception(s); f6cfa8a2-85ff-4bb9-a246-101c53d2d47b@group-49E82E920F3F:t59, leader=null, voted=f6cfa8a2-85ff-4bb9-a246-101c53d2d47b, raftlog=f6cfa8a2-85ff-4bb9-a246-101c53d2d47b@group-49E82E920F3F-SegmentedRaftLog:OPENED:c-1,f-1,i0, conf=-1: [7fad1e98-7a6b-4998-a30c-ec1ab88068bc:192.168.157.233:35716, bdb27072-dd00-4d3b-a7da-41600e490ca3:192.168.157.233:42906, f6cfa8a2-85ff-4bb9-a246-101c53d2d47b:192.168.157.233:44618], old=null
2019-10-25 11:07:44,584 [f6cfa8a2-85ff-4bb9-a246-101c53d2d47b@group-49E82E920F3F-LeaderElection485] INFO  impl.RaftServerImpl (RaftServerImpl.java:setRole(184)) - f6cfa8a2-85ff-4bb9-a246-101c53d2d47b@group-49E82E920F3F: changes role from CANDIDATE to FOLLOWER at term 59 for DISCOVERED_A_NEW_TERM
2019-10-25 11:07:44,584 [f6cfa8a2-85ff-4bb9-a246-101c53d2d47b@group-49E82E920F3F-LeaderElection485] INFO  impl.RoleInfo (RoleInfo.java:shutdownLeaderElection(134)) - f6cfa8a2-85ff-4bb9-a246-101c53d2d47b: shutdown LeaderElection
2019-10-25 11:07:44,584 [f6cfa8a2-85ff-4bb9-a246-101c53d2d47b@group-49E82E920F3F-LeaderElection485] INFO  impl.RoleInfo (RoleInfo.java:updateAndGet(143)) - f6cfa8a2-85ff-4bb9-a246-101c53d2d47b: start FollowerState
2019-10-25 11:07:44,754 [Thread-4146] INFO  impl.FollowerState (FollowerState.java:run(108)) - f6cfa8a2-85ff-4bb9-a246-101c53d2d47b@group-49E82E920F3F-FollowerState: change to CANDIDATE, lastRpcTime:169ms, electionTimeout:169ms
2019-10-25 11:07:44,754 [Thread-4146] INFO  impl.RoleInfo (RoleInfo.java:shutdownFollowerState(121)) - f6cfa8a2-85ff-4bb9-a246-101c53d2d47b: shutdown FollowerState
2019-10-25 11:07:44,754 [Thread-4146] INFO  impl.RaftServerImpl (RaftServerImpl.java:setRole(184)) - f6cfa8a2-85ff-4bb9-a246-101c53d2d47b@group-49E82E920F3F: changes role from  FOLLOWER to CANDIDATE at term 59 for changeToCandidate
2019-10-25 11:07:44,754 [Thread-4146] INFO  impl.RoleInfo (RoleInfo.java:updateAndGet(143)) - f6cfa8a2-85ff-4bb9-a246-101c53d2d47b: start LeaderElection
2019-10-25 11:07:44,768 [f6cfa8a2-85ff-4bb9-a246-101c53d2d47b@group-49E82E920F3F-LeaderElection486] INFO  impl.LeaderElection (LeaderElection.java:askForVotes(178)) - f6cfa8a2-85ff-4bb9-a246-101c53d2d47b@group-49E82E920F3F-LeaderElection486: begin an election at term 60 for -1: [7fad1e98-7a6b-4998-a30c-ec1ab88068bc:192.168.157.233:35716, bdb27072-dd00-4d3b-a7da-41600e490ca3:192.168.157.233:42906, f6cfa8a2-85ff-4bb9-a246-101c53d2d47b:192.168.157.233:44618], old=null
2019-10-25 11:07:44,769 [grpc-default-executor-4] INFO  impl.RaftServerImpl (RaftServerImpl.java:setRole(184)) - 7fad1e98-7a6b-4998-a30c-ec1ab88068bc@group-49E82E920F3F: changes role from  FOLLOWER to FOLLOWER at term 60 for recognizeCandidate:f6cfa8a2-85ff-4bb9-a246-101c53d2d47b
2019-10-25 11:07:44,769 [grpc-default-executor-4] INFO  impl.RoleInfo (RoleInfo.java:shutdownFollowerState(121)) - 7fad1e98-7a6b-4998-a30c-ec1ab88068bc: shutdown FollowerState
2019-10-25 11:07:44,769 [grpc-default-executor-4] INFO  impl.RoleInfo (RoleInfo.java:updateAndGet(143)) - 7fad1e98-7a6b-4998-a30c-ec1ab88068bc: start FollowerState
2019-10-25 11:07:44,769 [grpc-default-executor-7] INFO  impl.RaftServerImpl (RaftServerImpl.java:setRole(184)) - bdb27072-dd00-4d3b-a7da-41600e490ca3@group-49E82E920F3F: changes role from  FOLLOWER to FOLLOWER at term 60 for recognizeCandidate:f6cfa8a2-85ff-4bb9-a246-101c53d2d47b
2019-10-25 11:07:44,769 [Thread-4144] INFO  impl.FollowerState (FollowerState.java:run(117)) - 7fad1e98-7a6b-4998-a30c-ec1ab88068bc@group-49E82E920F3F-FollowerState was interrupted: java.lang.InterruptedException: sleep interrupted
2019-10-25 11:07:44,770 [grpc-default-executor-7] INFO  impl.RoleInfo (RoleInfo.java:shutdownFollowerState(121)) - bdb27072-dd00-4d3b-a7da-41600e490ca3: shutdown FollowerState
2019-10-25 11:07:44,770 [grpc-default-executor-7] INFO  impl.RoleInfo (RoleInfo.java:updateAndGet(143)) - bdb27072-dd00-4d3b-a7da-41600e490ca3: start FollowerState
2019-10-25 11:07:44,770 [Thread-4145] INFO  impl.FollowerState (FollowerState.java:run(117)) - bdb27072-dd00-4d3b-a7da-41600e490ca3@group-49E82E920F3F-FollowerState was interrupted: java.lang.InterruptedException: sleep interrupted
2019-10-25 11:07:44,784 [f6cfa8a2-85ff-4bb9-a246-101c53d2d47b@group-49E82E920F3F-LeaderElection486] INFO  impl.LeaderElection (LeaderElection.java:logAndReturn(56)) - f6cfa8a2-85ff-4bb9-a246-101c53d2d47b@group-49E82E920F3F-LeaderElection486: Election REJECTED; received 2 response(s) [f6cfa8a2-85ff-4bb9-a246-101c53d2d47b<-7fad1e98-7a6b-4998-a30c-ec1ab88068bc#0:FAIL-t60, f6cfa8a2-85ff-4bb9-a246-101c53d2d47b<-bdb27072-dd00-4d3b-a7da-41600e490ca3#0:FAIL-t60] and 0 exception(s); f6cfa8a2-85ff-4bb9-a246-101c53d2d47b@group-49E82E920F3F:t60, leader=null, voted=f6cfa8a2-85ff-4bb9-a246-101c53d2d47b, raftlog=f6cfa8a2-85ff-4bb9-a246-101c53d2d47b@group-49E82E920F3F-SegmentedRaftLog:OPENED:c-1,f-1,i0, conf=-1: [7fad1e98-7a6b-4998-a30c-ec1ab88068bc:192.168.157.233:35716, bdb27072-dd00-4d3b-a7da-41600e490ca3:192.168.157.233:42906, f6cfa8a2-85ff-4bb9-a246-101c53d2d47b:192.168.157.233:44618], old=null
2019-10-25 11:07:44,784 [f6cfa8a2-85ff-4bb9-a246-101c53d2d47b@group-49E82E920F3F-LeaderElection486] INFO  impl.RaftServerImpl (RaftServerImpl.java:setRole(184)) - f6cfa8a2-85ff-4bb9-a246-101c53d2d47b@group-49E82E920F3F: changes role from CANDIDATE to FOLLOWER at term 60 for DISCOVERED_A_NEW_TERM
2019-10-25 11:07:44,784 [f6cfa8a2-85ff-4bb9-a246-101c53d2d47b@group-49E82E920F3F-LeaderElection486] INFO  impl.RoleInfo (RoleInfo.java:shutdownLeaderElection(134)) - f6cfa8a2-85ff-4bb9-a246-101c53d2d47b: shutdown LeaderElection
2019-10-25 11:07:44,784 [f6cfa8a2-85ff-4bb9-a246-101c53d2d47b@group-49E82E920F3F-LeaderElection486] INFO  impl.RoleInfo (RoleInfo.java:updateAndGet(143)) - f6cfa8a2-85ff-4bb9-a246-101c53d2d47b: start FollowerState
2019-10-25 11:07:44,962 [Thread-4152] INFO  impl.FollowerState (FollowerState.java:run(108)) - f6cfa8a2-85ff-4bb9-a246-101c53d2d47b@group-49E82E920F3F-FollowerState: change to CANDIDATE, lastRpcTime:177ms, electionTimeout:177ms
2019-10-25 11:07:44,962 [Thread-4152] INFO  impl.RoleInfo (RoleInfo.java:shutdownFollowerState(121)) - f6cfa8a2-85ff-4bb9-a246-101c53d2d47b: shutdown FollowerState
2019-10-25 11:07:44,962 [Thread-4152] INFO  impl.RaftServerImpl (RaftServerImpl.java:setRole(184)) - f6cfa8a2-85ff-4bb9-a246-101c53d2d47b@group-49E82E920F3F: changes role from  FOLLOWER to CANDIDATE at term 60 for changeToCandidate
2019-10-25 11:07:44,962 [Thread-4152] INFO  impl.RoleInfo (RoleInfo.java:updateAndGet(143)) - f6cfa8a2-85ff-4bb9-a246-101c53d2d47b: start LeaderElection
2019-10-25 11:07:44,976 [f6cfa8a2-85ff-4bb9-a246-101c53d2d47b@group-49E82E920F3F-LeaderElection487] INFO  impl.LeaderElection (LeaderElection.java:askForVotes(178)) - f6cfa8a2-85ff-4bb9-a246-101c53d2d47b@group-49E82E920F3F-LeaderElection487: begin an election at term 61 for -1: [7fad1e98-7a6b-4998-a30c-ec1ab88068bc:192.168.157.233:35716, bdb27072-dd00-4d3b-a7da-41600e490ca3:192.168.157.233:42906, f6cfa8a2-85ff-4bb9-a246-101c53d2d47b:192.168.157.233:44618], old=null
2019-10-25 11:07:44,978 [grpc-default-executor-4] INFO  impl.RaftServerImpl (RaftServerImpl.java:setRole(184)) - 7fad1e98-7a6b-4998-a30c-ec1ab88068bc@group-49E82E920F3F: changes role from  FOLLOWER to FOLLOWER at term 61 for recognizeCandidate:f6cfa8a2-85ff-4bb9-a246-101c53d2d47b
2019-10-25 11:07:44,978 [grpc-default-executor-4] INFO  impl.RoleInfo (RoleInfo.java:shutdownFollowerState(121)) - 7fad1e98-7a6b-4998-a30c-ec1ab88068bc: shutdown FollowerState
2019-10-25 11:07:44,978 [grpc-default-executor-7] INFO  impl.RaftServerImpl (RaftServerImpl.java:setRole(184)) - bdb27072-dd00-4d3b-a7da-41600e490ca3@group-49E82E920F3F: changes role from  FOLLOWER to FOLLOWER at term 61 for recognizeCandidate:f6cfa8a2-85ff-4bb9-a246-101c53d2d47b
2019-10-25 11:07:44,978 [grpc-default-executor-7] INFO  impl.RoleInfo (RoleInfo.java:shutdownFollowerState(121)) - bdb27072-dd00-4d3b-a7da-41600e490ca3: shutdown FollowerState
2019-10-25 11:07:44,978 [Thread-4150] INFO  impl.FollowerState (FollowerState.java:run(117)) - 7fad1e98-7a6b-4998-a30c-ec1ab88068bc@group-49E82E920F3F-FollowerState was interrupted: java.lang.InterruptedException: sleep interrupted
2019-10-25 11:07:44,978 [grpc-default-executor-4] INFO  impl.RoleInfo (RoleInfo.java:updateAndGet(143)) - 7fad1e98-7a6b-4998-a30c-ec1ab88068bc: start FollowerState
2019-10-25 11:07:44,978 [Thread-4151] INFO  impl.FollowerState (FollowerState.java:run(117)) - bdb27072-dd00-4d3b-a7da-41600e490ca3@group-49E82E920F3F-FollowerState was interrupted: java.lang.InterruptedException: sleep interrupted
2019-10-25 11:07:44,978 [grpc-default-executor-7] INFO  impl.RoleInfo (RoleInfo.java:updateAndGet(143)) - bdb27072-dd00-4d3b-a7da-41600e490ca3: start FollowerState
2019-10-25 11:07:44,993 [f6cfa8a2-85ff-4bb9-a246-101c53d2d47b@group-49E82E920F3F-LeaderElection487] INFO  impl.LeaderElection (LeaderElection.java:logAndReturn(56)) - f6cfa8a2-85ff-4bb9-a246-101c53d2d47b@group-49E82E920F3F-LeaderElection487: Election REJECTED; received 2 response(s) [f6cfa8a2-85ff-4bb9-a246-101c53d2d47b<-7fad1e98-7a6b-4998-a30c-ec1ab88068bc#0:FAIL-t61, f6cfa8a2-85ff-4bb9-a246-101c53d2d47b<-bdb27072-dd00-4d3b-a7da-41600e490ca3#0:FAIL-t61] and 0 exception(s); f6cfa8a2-85ff-4bb9-a246-101c53d2d47b@group-49E82E920F3F:t61, leader=null, voted=f6cfa8a2-85ff-4bb9-a246-101c53d2d47b, raftlog=f6cfa8a2-85ff-4bb9-a246-101c53d2d47b@group-49E82E920F3F-SegmentedRaftLog:OPENED:c-1,f-1,i0, conf=-1: [7fad1e98-7a6b-4998-a30c-ec1ab88068bc:192.168.157.233:35716, bdb27072-dd00-4d3b-a7da-41600e490ca3:192.168.157.233:42906, f6cfa8a2-85ff-4bb9-a246-101c53d2d47b:192.168.157.233:44618], old=null
2019-10-25 11:07:44,993 [f6cfa8a2-85ff-4bb9-a246-101c53d2d47b@group-49E82E920F3F-LeaderElection487] INFO  impl.RaftServerImpl (RaftServerImpl.java:setRole(184)) - f6cfa8a2-85ff-4bb9-a246-101c53d2d47b@group-49E82E920F3F: changes role from CANDIDATE to FOLLOWER at term 61 for DISCOVERED_A_NEW_TERM
2019-10-25 11:07:44,993 [f6cfa8a2-85ff-4bb9-a246-101c53d2d47b@group-49E82E920F3F-LeaderElection487] INFO  impl.RoleInfo (RoleInfo.java:shutdownLeaderElection(134)) - f6cfa8a2-85ff-4bb9-a246-101c53d2d47b: shutdown LeaderElection
2019-10-25 11:07:44,994 [f6cfa8a2-85ff-4bb9-a246-101c53d2d47b@group-49E82E920F3F-LeaderElection487] INFO  impl.RoleInfo (RoleInfo.java:updateAndGet(143)) - f6cfa8a2-85ff-4bb9-a246-101c53d2d47b: start FollowerState
2019-10-25 11:07:45,035 [Thread-4162] INFO  impl.FollowerState (FollowerState.java:run(108)) - f6cfa8a2-85ff-4bb9-a246-101c53d2d47b@group-49E82E920F3F-FollowerState: change to CANDIDATE, lastRpcTime:41ms, electionTimeout:41ms
2019-10-25 11:07:45,035 [Thread-4162] INFO  impl.RoleInfo (RoleInfo.java:shutdownFollowerState(121)) - f6cfa8a2-85ff-4bb9-a246-101c53d2d47b: shutdown FollowerState
2019-10-25 11:07:45,036 [Thread-4162] INFO  impl.RaftServerImpl (RaftServerImpl.java:setRole(184)) - f6cfa8a2-85ff-4bb9-a246-101c53d2d47b@group-49E82E920F3F: changes role from  FOLLOWER to CANDIDATE at term 61 for changeToCandidate
2019-10-25 11:07:45,036 [Thread-4162] INFO  impl.RoleInfo (RoleInfo.java:updateAndGet(143)) - f6cfa8a2-85ff-4bb9-a246-101c53d2d47b: start LeaderElection
2019-10-25 11:07:45,049 [f6cfa8a2-85ff-4bb9-a246-101c53d2d47b@group-49E82E920F3F-LeaderElection488] INFO  impl.LeaderElection (LeaderElection.java:askForVotes(178)) - f6cfa8a2-85ff-4bb9-a246-101c53d2d47b@group-49E82E920F3F-LeaderElection488: begin an election at term 62 for -1: [7fad1e98-7a6b-4998-a30c-ec1ab88068bc:192.168.157.233:35716, bdb27072-dd00-4d3b-a7da-41600e490ca3:192.168.157.233:42906, f6cfa8a2-85ff-4bb9-a246-101c53d2d47b:192.168.157.233:44618], old=null
2019-10-25 11:07:45,051 [grpc-default-executor-7] INFO  impl.RaftServerImpl (RaftServerImpl.java:setRole(184)) - 7fad1e98-7a6b-4998-a30c-ec1ab88068bc@group-49E82E920F3F: changes role from  FOLLOWER to FOLLOWER at term 62 for recognizeCandidate:f6cfa8a2-85ff-4bb9-a246-101c53d2d47b
2019-10-25 11:07:45,051 [grpc-default-executor-7] INFO  impl.RoleInfo (RoleInfo.java:shutdownFollowerState(121)) - 7fad1e98-7a6b-4998-a30c-ec1ab88068bc: shutdown FollowerState
2019-10-25 11:07:45,051 [grpc-default-executor-4] INFO  impl.RaftServerImpl (RaftServerImpl.java:setRole(184)) - bdb27072-dd00-4d3b-a7da-41600e490ca3@group-49E82E920F3F: changes role from  FOLLOWER to FOLLOWER at term 62 for recognizeCandidate:f6cfa8a2-85ff-4bb9-a246-101c53d2d47b
2019-10-25 11:07:45,051 [Thread-4160] INFO  impl.FollowerState (FollowerState.java:run(117)) - 7fad1e98-7a6b-4998-a30c-ec1ab88068bc@group-49E82E920F3F-FollowerState was interrupted: java.lang.InterruptedException: sleep interrupted
2019-10-25 11:07:45,051 [grpc-default-executor-7] INFO  impl.RoleInfo (RoleInfo.java:updateAndGet(143)) - 7fad1e98-7a6b-4998-a30c-ec1ab88068bc: start FollowerState
2019-10-25 11:07:45,052 [grpc-default-executor-4] INFO  impl.RoleInfo (RoleInfo.java:shutdownFollowerState(121)) - bdb27072-dd00-4d3b-a7da-41600e490ca3: shutdown FollowerState
2019-10-25 11:07:45,052 [grpc-default-executor-4] INFO  impl.RoleInfo (RoleInfo.java:updateAndGet(143)) - bdb27072-dd00-4d3b-a7da-41600e490ca3: start FollowerState
2019-10-25 11:07:45,052 [Thread-4161] INFO  impl.FollowerState (FollowerState.java:run(117)) - bdb27072-dd00-4d3b-a7da-41600e490ca3@group-49E82E920F3F-FollowerState was interrupted: java.lang.InterruptedException: sleep interrupted
2019-10-25 11:07:45,067 [f6cfa8a2-85ff-4bb9-a246-101c53d2d47b@group-49E82E920F3F-LeaderElection488] INFO  impl.LeaderElection (LeaderElection.java:logAndReturn(56)) - f6cfa8a2-85ff-4bb9-a246-101c53d2d47b@group-49E82E920F3F-LeaderElection488: Election REJECTED; received 2 response(s) [f6cfa8a2-85ff-4bb9-a246-101c53d2d47b<-7fad1e98-7a6b-4998-a30c-ec1ab88068bc#0:FAIL-t62, f6cfa8a2-85ff-4bb9-a246-101c53d2d47b<-bdb27072-dd00-4d3b-a7da-41600e490ca3#0:FAIL-t62] and 0 exception(s); f6cfa8a2-85ff-4bb9-a246-101c53d2d47b@group-49E82E920F3F:t62, leader=null, voted=f6cfa8a2-85ff-4bb9-a246-101c53d2d47b, raftlog=f6cfa8a2-85ff-4bb9-a246-101c53d2d47b@group-49E82E920F3F-SegmentedRaftLog:OPENED:c-1,f-1,i0, conf=-1: [7fad1e98-7a6b-4998-a30c-ec1ab88068bc:192.168.157.233:35716, bdb27072-dd00-4d3b-a7da-41600e490ca3:192.168.157.233:42906, f6cfa8a2-85ff-4bb9-a246-101c53d2d47b:192.168.157.233:44618], old=null
2019-10-25 11:07:45,067 [f6cfa8a2-85ff-4bb9-a246-101c53d2d47b@group-49E82E920F3F-LeaderElection488] INFO  impl.RaftServerImpl (RaftServerImpl.java:setRole(184)) - f6cfa8a2-85ff-4bb9-a246-101c53d2d47b@group-49E82E920F3F: changes role from CANDIDATE to FOLLOWER at term 62 for DISCOVERED_A_NEW_TERM
2019-10-25 11:07:45,067 [f6cfa8a2-85ff-4bb9-a246-101c53d2d47b@group-49E82E920F3F-LeaderElection488] INFO  impl.RoleInfo (RoleInfo.java:shutdownLeaderElection(134)) - f6cfa8a2-85ff-4bb9-a246-101c53d2d47b: shutdown LeaderElection
2019-10-25 11:07:45,067 [f6cfa8a2-85ff-4bb9-a246-101c53d2d47b@group-49E82E920F3F-LeaderElection488] INFO  impl.RoleInfo (RoleInfo.java:updateAndGet(143)) - f6cfa8a2-85ff-4bb9-a246-101c53d2d47b: start FollowerState
2019-10-25 11:07:45,074 [Thread-4168] INFO  impl.FollowerState (FollowerState.java:run(108)) - f6cfa8a2-85ff-4bb9-a246-101c53d2d47b@group-49E82E920F3F-FollowerState: change to CANDIDATE, lastRpcTime:6ms, electionTimeout:6ms
2019-10-25 11:07:45,074 [Thread-4168] INFO  impl.RoleInfo (RoleInfo.java:shutdownFollowerState(121)) - f6cfa8a2-85ff-4bb9-a246-101c53d2d47b: shutdown FollowerState
2019-10-25 11:07:45,074 [Thread-4168] INFO  impl.RaftServerImpl (RaftServerImpl.java:setRole(184)) - f6cfa8a2-85ff-4bb9-a246-101c53d2d47b@group-49E82E920F3F: changes role from  FOLLOWER to CANDIDATE at term 62 for changeToCandidate
2019-10-25 11:07:45,074 [Thread-4168] INFO  impl.RoleInfo (RoleInfo.java:updateAndGet(143)) - f6cfa8a2-85ff-4bb9-a246-101c53d2d47b: start LeaderElection
2019-10-25 11:07:45,087 [f6cfa8a2-85ff-4bb9-a246-101c53d2d47b@group-49E82E920F3F-LeaderElection489] INFO  impl.LeaderElection (LeaderElection.java:askForVotes(178)) - f6cfa8a2-85ff-4bb9-a246-101c53d2d47b@group-49E82E920F3F-LeaderElection489: begin an election at term 63 for -1: [7fad1e98-7a6b-4998-a30c-ec1ab88068bc:192.168.157.233:35716, bdb27072-dd00-4d3b-a7da-41600e490ca3:192.168.157.233:42906, f6cfa8a2-85ff-4bb9-a246-101c53d2d47b:192.168.157.233:44618], old=null
2019-10-25 11:07:45,088 [grpc-default-executor-4] INFO  impl.RaftServerImpl (RaftServerImpl.java:setRole(184)) - 7fad1e98-7a6b-4998-a30c-ec1ab88068bc@group-49E82E920F3F: changes role from  FOLLOWER to FOLLOWER at term 63 for recognizeCandidate:f6cfa8a2-85ff-4bb9-a246-101c53d2d47b
2019-10-25 11:07:45,089 [grpc-default-executor-4] INFO  impl.RoleInfo (RoleInfo.java:shutdownFollowerState(121)) - 7fad1e98-7a6b-4998-a30c-ec1ab88068bc: shutdown FollowerState
2019-10-25 11:07:45,089 [grpc-default-executor-4] INFO  impl.RoleInfo (RoleInfo.java:updateAndGet(143)) - 7fad1e98-7a6b-4998-a30c-ec1ab88068bc: start FollowerState
2019-10-25 11:07:45,089 [grpc-default-executor-7] INFO  impl.RaftServerImpl (RaftServerImpl.java:setRole(184)) - bdb27072-dd00-4d3b-a7da-41600e490ca3@group-49E82E920F3F: changes role from  FOLLOWER to FOLLOWER at term 63 for recognizeCandidate:f6cfa8a2-85ff-4bb9-a246-101c53d2d47b
2019-10-25 11:07:45,089 [grpc-default-executor-7] INFO  impl.RoleInfo (RoleInfo.java:shutdownFollowerState(121)) - bdb27072-dd00-4d3b-a7da-41600e490ca3: shutdown FollowerState
2019-10-25 11:07:45,089 [Thread-4166] INFO  impl.FollowerState (FollowerState.java:run(117)) - 7fad1e98-7a6b-4998-a30c-ec1ab88068bc@group-49E82E920F3F-FollowerState was interrupted: java.lang.InterruptedException: sleep interrupted
2019-10-25 11:07:45,089 [Thread-4167] INFO  impl.FollowerState (FollowerState.java:run(117)) - bdb27072-dd00-4d3b-a7da-41600e490ca3@group-49E82E920F3F-FollowerState was interrupted: java.lang.InterruptedException: sleep interrupted
2019-10-25 11:07:45,089 [grpc-default-executor-7] INFO  impl.RoleInfo (RoleInfo.java:updateAndGet(143)) - bdb27072-dd00-4d3b-a7da-41600e490ca3: start FollowerState
2019-10-25 11:07:45,104 [f6cfa8a2-85ff-4bb9-a246-101c53d2d47b@group-49E82E920F3F-LeaderElection489] INFO  impl.LeaderElection (LeaderElection.java:logAndReturn(56)) - f6cfa8a2-85ff-4bb9-a246-101c53d2d47b@group-49E82E920F3F-LeaderElection489: Election REJECTED; received 2 response(s) [f6cfa8a2-85ff-4bb9-a246-101c53d2d47b<-7fad1e98-7a6b-4998-a30c-ec1ab88068bc#0:FAIL-t63, f6cfa8a2-85ff-4bb9-a246-101c53d2d47b<-bdb27072-dd00-4d3b-a7da-41600e490ca3#0:FAIL-t63] and 0 exception(s); f6cfa8a2-85ff-4bb9-a246-101c53d2d47b@group-49E82E920F3F:t63, leader=null, voted=f6cfa8a2-85ff-4bb9-a246-101c53d2d47b, raftlog=f6cfa8a2-85ff-4bb9-a246-101c53d2d47b@group-49E82E920F3F-SegmentedRaftLog:OPENED:c-1,f-1,i0, conf=-1: [7fad1e98-7a6b-4998-a30c-ec1ab88068bc:192.168.157.233:35716, bdb27072-dd00-4d3b-a7da-41600e490ca3:192.168.157.233:42906, f6cfa8a2-85ff-4bb9-a246-101c53d2d47b:192.168.157.233:44618], old=null
2019-10-25 11:07:45,104 [f6cfa8a2-85ff-4bb9-a246-101c53d2d47b@group-49E82E920F3F-LeaderElection489] INFO  impl.RaftServerImpl (RaftServerImpl.java:setRole(184)) - f6cfa8a2-85ff-4bb9-a246-101c53d2d47b@group-49E82E920F3F: changes role from CANDIDATE to FOLLOWER at term 63 for DISCOVERED_A_NEW_TERM
2019-10-25 11:07:45,104 [f6cfa8a2-85ff-4bb9-a246-101c53d2d47b@group-49E82E920F3F-LeaderElection489] INFO  impl.RoleInfo (RoleInfo.java:shutdownLeaderElection(134)) - f6cfa8a2-85ff-4bb9-a246-101c53d2d47b: shutdown LeaderElection
2019-10-25 11:07:45,104 [f6cfa8a2-85ff-4bb9-a246-101c53d2d47b@group-49E82E920F3F-LeaderElection489] INFO  impl.RoleInfo (RoleInfo.java:updateAndGet(143)) - f6cfa8a2-85ff-4bb9-a246-101c53d2d47b: start FollowerState
2019-10-25 11:07:45,221 [Thread-4174] INFO  impl.FollowerState (FollowerState.java:run(108)) - f6cfa8a2-85ff-4bb9-a246-101c53d2d47b@group-49E82E920F3F-FollowerState: change to CANDIDATE, lastRpcTime:116ms, electionTimeout:116ms
2019-10-25 11:07:45,221 [Thread-4174] INFO  impl.RoleInfo (RoleInfo.java:shutdownFollowerState(121)) - f6cfa8a2-85ff-4bb9-a246-101c53d2d47b: shutdown FollowerState
2019-10-25 11:07:45,221 [Thread-4174] INFO  impl.RaftServerImpl (RaftServerImpl.java:setRole(184)) - f6cfa8a2-85ff-4bb9-a246-101c53d2d47b@group-49E82E920F3F: changes role from  FOLLOWER to CANDIDATE at term 63 for changeToCandidate
2019-10-25 11:07:45,221 [Thread-4174] INFO  impl.RoleInfo (RoleInfo.java:updateAndGet(143)) - f6cfa8a2-85ff-4bb9-a246-101c53d2d47b: start LeaderElection
2019-10-25 11:07:45,235 [f6cfa8a2-85ff-4bb9-a246-101c53d2d47b@group-49E82E920F3F-LeaderElection490] INFO  impl.LeaderElection (LeaderElection.java:askForVotes(178)) - f6cfa8a2-85ff-4bb9-a246-101c53d2d47b@group-49E82E920F3F-LeaderElection490: begin an election at term 64 for -1: [7fad1e98-7a6b-4998-a30c-ec1ab88068bc:192.168.157.233:35716, bdb27072-dd00-4d3b-a7da-41600e490ca3:192.168.157.233:42906, f6cfa8a2-85ff-4bb9-a246-101c53d2d47b:192.168.157.233:44618], old=null
2019-10-25 11:07:45,237 [grpc-default-executor-7] INFO  impl.RaftServerImpl (RaftServerImpl.java:setRole(184)) - bdb27072-dd00-4d3b-a7da-41600e490ca3@group-49E82E920F3F: changes role from  FOLLOWER to FOLLOWER at term 64 for recognizeCandidate:f6cfa8a2-85ff-4bb9-a246-101c53d2d47b
2019-10-25 11:07:45,237 [grpc-default-executor-4] INFO  impl.RaftServerImpl (RaftServerImpl.java:setRole(184)) - 7fad1e98-7a6b-4998-a30c-ec1ab88068bc@group-49E82E920F3F: changes role from  FOLLOWER to FOLLOWER at term 64 for recognizeCandidate:f6cfa8a2-85ff-4bb9-a246-101c53d2d47b
2019-10-25 11:07:45,237 [grpc-default-executor-7] INFO  impl.RoleInfo (RoleInfo.java:shutdownFollowerState(121)) - bdb27072-dd00-4d3b-a7da-41600e490ca3: shutdown FollowerState
2019-10-25 11:07:45,237 [grpc-default-executor-4] INFO  impl.RoleInfo (RoleInfo.java:shutdownFollowerState(121)) - 7fad1e98-7a6b-4998-a30c-ec1ab88068bc: shutdown FollowerState
2019-10-25 11:07:45,238 [Thread-4173] INFO  impl.FollowerState (FollowerState.java:run(117)) - bdb27072-dd00-4d3b-a7da-41600e490ca3@group-49E82E920F3F-FollowerState was interrupted: java.lang.InterruptedException: sleep interrupted
2019-10-25 11:07:45,238 [Thread-4172] INFO  impl.FollowerState (FollowerState.java:run(117)) - 7fad1e98-7a6b-4998-a30c-ec1ab88068bc@group-49E82E920F3F-FollowerState was interrupted: java.lang.InterruptedException: sleep interrupted
2019-10-25 11:07:45,237 [grpc-default-executor-7] INFO  impl.RoleInfo (RoleInfo.java:updateAndGet(143)) - bdb27072-dd00-4d3b-a7da-41600e490ca3: start FollowerState
2019-10-25 11:07:45,238 [grpc-default-executor-4] INFO  impl.RoleInfo (RoleInfo.java:updateAndGet(143)) - 7fad1e98-7a6b-4998-a30c-ec1ab88068bc: start FollowerState
2019-10-25 11:07:45,252 [f6cfa8a2-85ff-4bb9-a246-101c53d2d47b@group-49E82E920F3F-LeaderElection490] INFO  impl.LeaderElection (LeaderElection.java:logAndReturn(56)) - f6cfa8a2-85ff-4bb9-a246-101c53d2d47b@group-49E82E920F3F-LeaderElection490: Election REJECTED; received 2 response(s) [f6cfa8a2-85ff-4bb9-a246-101c53d2d47b<-7fad1e98-7a6b-4998-a30c-ec1ab88068bc#0:FAIL-t64, f6cfa8a2-85ff-4bb9-a246-101c53d2d47b<-bdb27072-dd00-4d3b-a7da-41600e490ca3#0:FAIL-t64] and 0 exception(s); f6cfa8a2-85ff-4bb9-a246-101c53d2d47b@group-49E82E920F3F:t64, leader=null, voted=f6cfa8a2-85ff-4bb9-a246-101c53d2d47b, raftlog=f6cfa8a2-85ff-4bb9-a246-101c53d2d47b@group-49E82E920F3F-SegmentedRaftLog:OPENED:c-1,f-1,i0, conf=-1: [7fad1e98-7a6b-4998-a30c-ec1ab88068bc:192.168.157.233:35716, bdb27072-dd00-4d3b-a7da-41600e490ca3:192.168.157.233:42906, f6cfa8a2-85ff-4bb9-a246-101c53d2d47b:192.168.157.233:44618], old=null
2019-10-25 11:07:45,252 [f6cfa8a2-85ff-4bb9-a246-101c53d2d47b@group-49E82E920F3F-LeaderElection490] INFO  impl.RaftServerImpl (RaftServerImpl.java:setRole(184)) - f6cfa8a2-85ff-4bb9-a246-101c53d2d47b@group-49E82E920F3F: changes role from CANDIDATE to FOLLOWER at term 64 for DISCOVERED_A_NEW_TERM
2019-10-25 11:07:45,253 [f6cfa8a2-85ff-4bb9-a246-101c53d2d47b@group-49E82E920F3F-LeaderElection490] INFO  impl.RoleInfo (RoleInfo.java:shutdownLeaderElection(134)) - f6cfa8a2-85ff-4bb9-a246-101c53d2d47b: shutdown LeaderElection
2019-10-25 11:07:45,253 [f6cfa8a2-85ff-4bb9-a246-101c53d2d47b@group-49E82E920F3F-LeaderElection490] INFO  impl.RoleInfo (RoleInfo.java:updateAndGet(143)) - f6cfa8a2-85ff-4bb9-a246-101c53d2d47b: start FollowerState
2019-10-25 11:07:45,283 [Thread-4180] INFO  impl.FollowerState (FollowerState.java:run(108)) - f6cfa8a2-85ff-4bb9-a246-101c53d2d47b@group-49E82E920F3F-FollowerState: change to CANDIDATE, lastRpcTime:30ms, electionTimeout:30ms
2019-10-25 11:07:45,283 [Thread-4180] INFO  impl.RoleInfo (RoleInfo.java:shutdownFollowerState(121)) - f6cfa8a2-85ff-4bb9-a246-101c53d2d47b: shutdown FollowerState
2019-10-25 11:07:45,283 [Thread-4180] INFO  impl.RaftServerImpl (RaftServerImpl.java:setRole(184)) - f6cfa8a2-85ff-4bb9-a246-101c53d2d47b@group-49E82E920F3F: changes role from  FOLLOWER to CANDIDATE at term 64 for changeToCandidate
2019-10-25 11:07:45,284 [Thread-4180] INFO  impl.RoleInfo (RoleInfo.java:updateAndGet(143)) - f6cfa8a2-85ff-4bb9-a246-101c53d2d47b: start LeaderElection
2019-10-25 11:07:45,298 [f6cfa8a2-85ff-4bb9-a246-101c53d2d47b@group-49E82E920F3F-LeaderElection491] INFO  impl.LeaderElection (LeaderElection.java:askForVotes(178)) - f6cfa8a2-85ff-4bb9-a246-101c53d2d47b@group-49E82E920F3F-LeaderElection491: begin an election at term 65 for -1: [7fad1e98-7a6b-4998-a30c-ec1ab88068bc:192.168.157.233:35716, bdb27072-dd00-4d3b-a7da-41600e490ca3:192.168.157.233:42906, f6cfa8a2-85ff-4bb9-a246-101c53d2d47b:192.168.157.233:44618], old=null
2019-10-25 11:07:45,299 [grpc-default-executor-4] INFO  impl.RaftServerImpl (RaftServerImpl.java:setRole(184)) - 7fad1e98-7a6b-4998-a30c-ec1ab88068bc@group-49E82E920F3F: changes role from  FOLLOWER to FOLLOWER at term 65 for recognizeCandidate:f6cfa8a2-85ff-4bb9-a246-101c53d2d47b
2019-10-25 11:07:45,299 [grpc-default-executor-4] INFO  impl.RoleInfo (RoleInfo.java:shutdownFollowerState(121)) - 7fad1e98-7a6b-4998-a30c-ec1ab88068bc: shutdown FollowerState
2019-10-25 11:07:45,299 [grpc-default-executor-1] INFO  impl.RaftServerImpl (RaftServerImpl.java:setRole(184)) - bdb27072-dd00-4d3b-a7da-41600e490ca3@group-49E82E920F3F: changes role from  FOLLOWER to FOLLOWER at term 65 for recognizeCandidate:f6cfa8a2-85ff-4bb9-a246-101c53d2d47b
2019-10-25 11:07:45,302 [grpc-default-executor-1] INFO  impl.RoleInfo (RoleInfo.java:shutdownFollowerState(121)) - bdb27072-dd00-4d3b-a7da-41600e490ca3: shutdown FollowerState
2019-10-25 11:07:45,302 [Thread-4179] INFO  impl.FollowerState (FollowerState.java:run(117)) - 7fad1e98-7a6b-4998-a30c-ec1ab88068bc@group-49E82E920F3F-FollowerState was interrupted: java.lang.InterruptedException: sleep interrupted
2019-10-25 11:07:45,299 [grpc-default-executor-4] INFO  impl.RoleInfo (RoleInfo.java:updateAndGet(143)) - 7fad1e98-7a6b-4998-a30c-ec1ab88068bc: start FollowerState
2019-10-25 11:07:45,302 [Thread-4178] INFO  impl.FollowerState (FollowerState.java:run(117)) - bdb27072-dd00-4d3b-a7da-41600e490ca3@group-49E82E920F3F-FollowerState was interrupted: java.lang.InterruptedException: sleep interrupted
2019-10-25 11:07:45,302 [grpc-default-executor-1] INFO  impl.RoleInfo (RoleInfo.java:updateAndGet(143)) - bdb27072-dd00-4d3b-a7da-41600e490ca3: start FollowerState
2019-10-25 11:07:45,316 [f6cfa8a2-85ff-4bb9-a246-101c53d2d47b@group-49E82E920F3F-LeaderElection491] INFO  impl.LeaderElection (LeaderElection.java:logAndReturn(56)) - f6cfa8a2-85ff-4bb9-a246-101c53d2d47b@group-49E82E920F3F-LeaderElection491: Election REJECTED; received 2 response(s) [f6cfa8a2-85ff-4bb9-a246-101c53d2d47b<-7fad1e98-7a6b-4998-a30c-ec1ab88068bc#0:FAIL-t65, f6cfa8a2-85ff-4bb9-a246-101c53d2d47b<-bdb27072-dd00-4d3b-a7da-41600e490ca3#0:FAIL-t65] and 0 exception(s); f6cfa8a2-85ff-4bb9-a246-101c53d2d47b@group-49E82E920F3F:t65, leader=null, voted=f6cfa8a2-85ff-4bb9-a246-101c53d2d47b, raftlog=f6cfa8a2-85ff-4bb9-a246-101c53d2d47b@group-49E82E920F3F-SegmentedRaftLog:OPENED:c-1,f-1,i0, conf=-1: [7fad1e98-7a6b-4998-a30c-ec1ab88068bc:192.168.157.233:35716, bdb27072-dd00-4d3b-a7da-41600e490ca3:192.168.157.233:42906, f6cfa8a2-85ff-4bb9-a246-101c53d2d47b:192.168.157.233:44618], old=null
2019-10-25 11:07:45,316 [f6cfa8a2-85ff-4bb9-a246-101c53d2d47b@group-49E82E920F3F-LeaderElection491] INFO  impl.RaftServerImpl (RaftServerImpl.java:setRole(184)) - f6cfa8a2-85ff-4bb9-a246-101c53d2d47b@group-49E82E920F3F: changes role from CANDIDATE to FOLLOWER at term 65 for DISCOVERED_A_NEW_TERM
2019-10-25 11:07:45,316 [f6cfa8a2-85ff-4bb9-a246-101c53d2d47b@group-49E82E920F3F-LeaderElection491] INFO  impl.RoleInfo (RoleInfo.java:shutdownLeaderElection(134)) - f6cfa8a2-85ff-4bb9-a246-101c53d2d47b: shutdown LeaderElection
2019-10-25 11:07:45,316 [f6cfa8a2-85ff-4bb9-a246-101c53d2d47b@group-49E82E920F3F-LeaderElection491] INFO  impl.RoleInfo (RoleInfo.java:updateAndGet(143)) - f6cfa8a2-85ff-4bb9-a246-101c53d2d47b: start FollowerState
2019-10-25 11:07:45,431 [Thread-4188] INFO  impl.FollowerState (FollowerState.java:run(108)) - f6cfa8a2-85ff-4bb9-a246-101c53d2d47b@group-49E82E920F3F-FollowerState: change to CANDIDATE, lastRpcTime:115ms, electionTimeout:115ms
2019-10-25 11:07:45,432 [Thread-4188] INFO  impl.RoleInfo (RoleInfo.java:shutdownFollowerState(121)) - f6cfa8a2-85ff-4bb9-a246-101c53d2d47b: shutdown FollowerState
2019-10-25 11:07:45,432 [Thread-4188] INFO  impl.RaftServerImpl (RaftServerImpl.java:setRole(184)) - f6cfa8a2-85ff-4bb9-a246-101c53d2d47b@group-49E82E920F3F: changes role from  FOLLOWER to CANDIDATE at term 65 for changeToCandidate
2019-10-25 11:07:45,432 [Thread-4188] INFO  impl.RoleInfo (RoleInfo.java:updateAndGet(143)) - f6cfa8a2-85ff-4bb9-a246-101c53d2d47b: start LeaderElection
2019-10-25 11:07:45,445 [f6cfa8a2-85ff-4bb9-a246-101c53d2d47b@group-49E82E920F3F-LeaderElection492] INFO  impl.LeaderElection (LeaderElection.java:askForVotes(178)) - f6cfa8a2-85ff-4bb9-a246-101c53d2d47b@group-49E82E920F3F-LeaderElection492: begin an election at term 66 for -1: [7fad1e98-7a6b-4998-a30c-ec1ab88068bc:192.168.157.233:35716, bdb27072-dd00-4d3b-a7da-41600e490ca3:192.168.157.233:42906, f6cfa8a2-85ff-4bb9-a246-101c53d2d47b:192.168.157.233:44618], old=null
2019-10-25 11:07:45,447 [grpc-default-executor-4] INFO  impl.RaftServerImpl (RaftServerImpl.java:setRole(184)) - bdb27072-dd00-4d3b-a7da-41600e490ca3@group-49E82E920F3F: changes role from  FOLLOWER to FOLLOWER at term 66 for recognizeCandidate:f6cfa8a2-85ff-4bb9-a246-101c53d2d47b
2019-10-25 11:07:45,447 [grpc-default-executor-4] INFO  impl.RoleInfo (RoleInfo.java:shutdownFollowerState(121)) - bdb27072-dd00-4d3b-a7da-41600e490ca3: shutdown FollowerState
2019-10-25 11:07:45,447 [grpc-default-executor-4] INFO  impl.RoleInfo (RoleInfo.java:updateAndGet(143)) - bdb27072-dd00-4d3b-a7da-41600e490ca3: start FollowerState
2019-10-25 11:07:45,447 [Thread-4187] INFO  impl.FollowerState (FollowerState.java:run(117)) - bdb27072-dd00-4d3b-a7da-41600e490ca3@group-49E82E920F3F-FollowerState was interrupted: java.lang.InterruptedException: sleep interrupted
2019-10-25 11:07:45,447 [grpc-default-executor-1] INFO  impl.RaftServerImpl (RaftServerImpl.java:setRole(184)) - 7fad1e98-7a6b-4998-a30c-ec1ab88068bc@group-49E82E920F3F: changes role from  FOLLOWER to FOLLOWER at term 66 for recognizeCandidate:f6cfa8a2-85ff-4bb9-a246-101c53d2d47b
2019-10-25 11:07:45,447 [grpc-default-executor-1] INFO  impl.RoleInfo (RoleInfo.java:shutdownFollowerState(121)) - 7fad1e98-7a6b-4998-a30c-ec1ab88068bc: shutdown FollowerState
2019-10-25 11:07:45,448 [grpc-default-executor-1] INFO  impl.RoleInfo (RoleInfo.java:updateAndGet(143)) - 7fad1e98-7a6b-4998-a30c-ec1ab88068bc: start FollowerState
2019-10-25 11:07:45,448 [Thread-4186] INFO  impl.FollowerState (FollowerState.java:run(117)) - 7fad1e98-7a6b-4998-a30c-ec1ab88068bc@group-49E82E920F3F-FollowerState was interrupted: java.lang.InterruptedException: sleep interrupted
2019-10-25 11:07:45,462 [f6cfa8a2-85ff-4bb9-a246-101c53d2d47b@group-49E82E920F3F-LeaderElection492] INFO  impl.LeaderElection (LeaderElection.java:logAndReturn(56)) - f6cfa8a2-85ff-4bb9-a246-101c53d2d47b@group-49E82E920F3F-LeaderElection492: Election REJECTED; received 2 response(s) [f6cfa8a2-85ff-4bb9-a246-101c53d2d47b<-7fad1e98-7a6b-4998-a30c-ec1ab88068bc#0:FAIL-t66, f6cfa8a2-85ff-4bb9-a246-101c53d2d47b<-bdb27072-dd00-4d3b-a7da-41600e490ca3#0:FAIL-t66] and 0 exception(s); f6cfa8a2-85ff-4bb9-a246-101c53d2d47b@group-49E82E920F3F:t66, leader=null, voted=f6cfa8a2-85ff-4bb9-a246-101c53d2d47b, raftlog=f6cfa8a2-85ff-4bb9-a246-101c53d2d47b@group-49E82E920F3F-SegmentedRaftLog:OPENED:c-1,f-1,i0, conf=-1: [7fad1e98-7a6b-4998-a30c-ec1ab88068bc:192.168.157.233:35716, bdb27072-dd00-4d3b-a7da-41600e490ca3:192.168.157.233:42906, f6cfa8a2-85ff-4bb9-a246-101c53d2d47b:192.168.157.233:44618], old=null
2019-10-25 11:07:45,462 [f6cfa8a2-85ff-4bb9-a246-101c53d2d47b@group-49E82E920F3F-LeaderElection492] INFO  impl.RaftServerImpl (RaftServerImpl.java:setRole(184)) - f6cfa8a2-85ff-4bb9-a246-101c53d2d47b@group-49E82E920F3F: changes role from CANDIDATE to FOLLOWER at term 66 for DISCOVERED_A_NEW_TERM
2019-10-25 11:07:45,462 [f6cfa8a2-85ff-4bb9-a246-101c53d2d47b@group-49E82E920F3F-LeaderElection492] INFO  impl.RoleInfo (RoleInfo.java:shutdownLeaderElection(134)) - f6cfa8a2-85ff-4bb9-a246-101c53d2d47b: shutdown LeaderElection
2019-10-25 11:07:45,462 [f6cfa8a2-85ff-4bb9-a246-101c53d2d47b@group-49E82E920F3F-LeaderElection492] INFO  impl.RoleInfo (RoleInfo.java:updateAndGet(143)) - f6cfa8a2-85ff-4bb9-a246-101c53d2d47b: start FollowerState
2019-10-25 11:07:45,656 [Thread-4198] INFO  impl.FollowerState (FollowerState.java:run(108)) - f6cfa8a2-85ff-4bb9-a246-101c53d2d47b@group-49E82E920F3F-FollowerState: change to CANDIDATE, lastRpcTime:193ms, electionTimeout:193ms
2019-10-25 11:07:45,656 [Thread-4198] INFO  impl.RoleInfo (RoleInfo.java:shutdownFollowerState(121)) - f6cfa8a2-85ff-4bb9-a246-101c53d2d47b: shutdown FollowerState
2019-10-25 11:07:45,656 [Thread-4198] INFO  impl.RaftServerImpl (RaftServerImpl.java:setRole(184)) - f6cfa8a2-85ff-4bb9-a246-101c53d2d47b@group-49E82E920F3F: changes role from  FOLLOWER to CANDIDATE at term 66 for changeToCandidate
2019-10-25 11:07:45,656 [Thread-4198] INFO  impl.RoleInfo (RoleInfo.java:updateAndGet(143)) - f6cfa8a2-85ff-4bb9-a246-101c53d2d47b: start LeaderElection
2019-10-25 11:07:45,670 [f6cfa8a2-85ff-4bb9-a246-101c53d2d47b@group-49E82E920F3F-LeaderElection493] INFO  impl.LeaderElection (LeaderElection.java:askForVotes(178)) - f6cfa8a2-85ff-4bb9-a246-101c53d2d47b@group-49E82E920F3F-LeaderElection493: begin an election at term 67 for -1: [7fad1e98-7a6b-4998-a30c-ec1ab88068bc:192.168.157.233:35716, bdb27072-dd00-4d3b-a7da-41600e490ca3:192.168.157.233:42906, f6cfa8a2-85ff-4bb9-a246-101c53d2d47b:192.168.157.233:44618], old=null
2019-10-25 11:07:45,672 [grpc-default-executor-1] INFO  impl.RaftServerImpl (RaftServerImpl.java:setRole(184)) - bdb27072-dd00-4d3b-a7da-41600e490ca3@group-49E82E920F3F: changes role from  FOLLOWER to FOLLOWER at term 67 for recognizeCandidate:f6cfa8a2-85ff-4bb9-a246-101c53d2d47b
2019-10-25 11:07:45,672 [grpc-default-executor-1] INFO  impl.RoleInfo (RoleInfo.java:shutdownFollowerState(121)) - bdb27072-dd00-4d3b-a7da-41600e490ca3: shutdown FollowerState
2019-10-25 11:07:45,672 [grpc-default-executor-4] INFO  impl.RaftServerImpl (RaftServerImpl.java:setRole(184)) - 7fad1e98-7a6b-4998-a30c-ec1ab88068bc@group-49E82E920F3F: changes role from  FOLLOWER to FOLLOWER at term 67 for recognizeCandidate:f6cfa8a2-85ff-4bb9-a246-101c53d2d47b
2019-10-25 11:07:45,673 [grpc-default-executor-4] INFO  impl.RoleInfo (RoleInfo.java:shutdownFollowerState(121)) - 7fad1e98-7a6b-4998-a30c-ec1ab88068bc: shutdown FollowerState
2019-10-25 11:07:45,673 [grpc-default-executor-1] INFO  impl.RoleInfo (RoleInfo.java:updateAndGet(143)) - bdb27072-dd00-4d3b-a7da-41600e490ca3: start FollowerState
2019-10-25 11:07:45,673 [Thread-4196] INFO  impl.FollowerState (FollowerState.java:run(117)) - bdb27072-dd00-4d3b-a7da-41600e490ca3@group-49E82E920F3F-FollowerState was interrupted: java.lang.InterruptedException: sleep interrupted
2019-10-25 11:07:45,673 [Thread-4197] INFO  impl.FollowerState (FollowerState.java:run(117)) - 7fad1e98-7a6b-4998-a30c-ec1ab88068bc@group-49E82E920F3F-FollowerState was interrupted: java.lang.InterruptedException: sleep interrupted
2019-10-25 11:07:45,673 [grpc-default-executor-4] INFO  impl.RoleInfo (RoleInfo.java:updateAndGet(143)) - 7fad1e98-7a6b-4998-a30c-ec1ab88068bc: start FollowerState
2019-10-25 11:07:45,698 [f6cfa8a2-85ff-4bb9-a246-101c53d2d47b@group-49E82E920F3F-LeaderElection493] INFO  impl.LeaderElection (LeaderElection.java:logAndReturn(56)) - f6cfa8a2-85ff-4bb9-a246-101c53d2d47b@group-49E82E920F3F-LeaderElection493: Election REJECTED; received 2 response(s) [f6cfa8a2-85ff-4bb9-a246-101c53d2d47b<-7fad1e98-7a6b-4998-a30c-ec1ab88068bc#0:FAIL-t67, f6cfa8a2-85ff-4bb9-a246-101c53d2d47b<-bdb27072-dd00-4d3b-a7da-41600e490ca3#0:FAIL-t67] and 0 exception(s); f6cfa8a2-85ff-4bb9-a246-101c53d2d47b@group-49E82E920F3F:t67, leader=null, voted=f6cfa8a2-85ff-4bb9-a246-101c53d2d47b, raftlog=f6cfa8a2-85ff-4bb9-a246-101c53d2d47b@group-49E82E920F3F-SegmentedRaftLog:OPENED:c-1,f-1,i0, conf=-1: [7fad1e98-7a6b-4998-a30c-ec1ab88068bc:192.168.157.233:35716, bdb27072-dd00-4d3b-a7da-41600e490ca3:192.168.157.233:42906, f6cfa8a2-85ff-4bb9-a246-101c53d2d47b:192.168.157.233:44618], old=null
2019-10-25 11:07:45,699 [f6cfa8a2-85ff-4bb9-a246-101c53d2d47b@group-49E82E920F3F-LeaderElection493] INFO  impl.RaftServerImpl (RaftServerImpl.java:setRole(184)) - f6cfa8a2-85ff-4bb9-a246-101c53d2d47b@group-49E82E920F3F: changes role from CANDIDATE to FOLLOWER at term 67 for DISCOVERED_A_NEW_TERM
2019-10-25 11:07:45,699 [f6cfa8a2-85ff-4bb9-a246-101c53d2d47b@group-49E82E920F3F-LeaderElection493] INFO  impl.RoleInfo (RoleInfo.java:shutdownLeaderElection(134)) - f6cfa8a2-85ff-4bb9-a246-101c53d2d47b: shutdown LeaderElection
2019-10-25 11:07:45,699 [f6cfa8a2-85ff-4bb9-a246-101c53d2d47b@group-49E82E920F3F-LeaderElection493] INFO  impl.RoleInfo (RoleInfo.java:updateAndGet(143)) - f6cfa8a2-85ff-4bb9-a246-101c53d2d47b: start FollowerState
2019-10-25 11:07:45,874 [Thread-4204] INFO  impl.FollowerState (FollowerState.java:run(108)) - f6cfa8a2-85ff-4bb9-a246-101c53d2d47b@group-49E82E920F3F-FollowerState: change to CANDIDATE, lastRpcTime:174ms, electionTimeout:174ms
2019-10-25 11:07:45,874 [Thread-4204] INFO  impl.RoleInfo (RoleInfo.java:shutdownFollowerState(121)) - f6cfa8a2-85ff-4bb9-a246-101c53d2d47b: shutdown FollowerState
2019-10-25 11:07:45,875 [Thread-4204] INFO  impl.RaftServerImpl (RaftServerImpl.java:setRole(184)) - f6cfa8a2-85ff-4bb9-a246-101c53d2d47b@group-49E82E920F3F: changes role from  FOLLOWER to CANDIDATE at term 67 for changeToCandidate
2019-10-25 11:07:45,875 [Thread-4204] INFO  impl.RoleInfo (RoleInfo.java:updateAndGet(143)) - f6cfa8a2-85ff-4bb9-a246-101c53d2d47b: start LeaderElection
2019-10-25 11:07:45,889 [f6cfa8a2-85ff-4bb9-a246-101c53d2d47b@group-49E82E920F3F-LeaderElection494] INFO  impl.LeaderElection (LeaderElection.java:askForVotes(178)) - f6cfa8a2-85ff-4bb9-a246-101c53d2d47b@group-49E82E920F3F-LeaderElection494: begin an election at term 68 for -1: [7fad1e98-7a6b-4998-a30c-ec1ab88068bc:192.168.157.233:35716, bdb27072-dd00-4d3b-a7da-41600e490ca3:192.168.157.233:42906, f6cfa8a2-85ff-4bb9-a246-101c53d2d47b:192.168.157.233:44618], old=null
2019-10-25 11:07:45,892 [grpc-default-executor-4] INFO  impl.RaftServerImpl (RaftServerImpl.java:setRole(184)) - bdb27072-dd00-4d3b-a7da-41600e490ca3@group-49E82E920F3F: changes role from  FOLLOWER to FOLLOWER at term 68 for recognizeCandidate:f6cfa8a2-85ff-4bb9-a246-101c53d2d47b
2019-10-25 11:07:45,892 [grpc-default-executor-1] INFO  impl.RaftServerImpl (RaftServerImpl.java:setRole(184)) - 7fad1e98-7a6b-4998-a30c-ec1ab88068bc@group-49E82E920F3F: changes role from  FOLLOWER to FOLLOWER at term 68 for recognizeCandidate:f6cfa8a2-85ff-4bb9-a246-101c53d2d47b
2019-10-25 11:07:45,892 [grpc-default-executor-4] INFO  impl.RoleInfo (RoleInfo.java:shutdownFollowerState(121)) - bdb27072-dd00-4d3b-a7da-41600e490ca3: shutdown FollowerState
2019-10-25 11:07:45,892 [grpc-default-executor-1] INFO  impl.RoleInfo (RoleInfo.java:shutdownFollowerState(121)) - 7fad1e98-7a6b-4998-a30c-ec1ab88068bc: shutdown FollowerState
2019-10-25 11:07:45,893 [grpc-default-executor-4] INFO  impl.RoleInfo (RoleInfo.java:updateAndGet(143)) - bdb27072-dd00-4d3b-a7da-41600e490ca3: start FollowerState
2019-10-25 11:07:45,893 [Thread-4203] INFO  impl.FollowerState (FollowerState.java:run(117)) - 7fad1e98-7a6b-4998-a30c-ec1ab88068bc@group-49E82E920F3F-FollowerState was interrupted: java.lang.InterruptedException: sleep interrupted
2019-10-25 11:07:45,893 [Thread-4202] INFO  impl.FollowerState (FollowerState.java:run(117)) - bdb27072-dd00-4d3b-a7da-41600e490ca3@group-49E82E920F3F-FollowerState was interrupted: java.lang.InterruptedException: sleep interrupted
2019-10-25 11:07:45,893 [grpc-default-executor-1] INFO  impl.RoleInfo (RoleInfo.java:updateAndGet(143)) - 7fad1e98-7a6b-4998-a30c-ec1ab88068bc: start FollowerState
2019-10-25 11:07:45,897 [f6cfa8a2-85ff-4bb9-a246-101c53d2d47b@group-49E82E920F3F-LeaderElection494] INFO  impl.LeaderElection (LeaderElection.java:logAndReturn(56)) - f6cfa8a2-85ff-4bb9-a246-101c53d2d47b@group-49E82E920F3F-LeaderElection494: Election TIMEOUT; received 0 response(s) [] and 0 exception(s); f6cfa8a2-85ff-4bb9-a246-101c53d2d47b@group-49E82E920F3F:t68, leader=null, voted=f6cfa8a2-85ff-4bb9-a246-101c53d2d47b, raftlog=f6cfa8a2-85ff-4bb9-a246-101c53d2d47b@group-49E82E920F3F-SegmentedRaftLog:OPENED:c-1,f-1,i0, conf=-1: [7fad1e98-7a6b-4998-a30c-ec1ab88068bc:192.168.157.233:35716, bdb27072-dd00-4d3b-a7da-41600e490ca3:192.168.157.233:42906, f6cfa8a2-85ff-4bb9-a246-101c53d2d47b:192.168.157.233:44618], old=null
2019-10-25 11:07:45,907 [f6cfa8a2-85ff-4bb9-a246-101c53d2d47b@group-49E82E920F3F-LeaderElection494] INFO  impl.LeaderElection (LeaderElection.java:askForVotes(178)) - f6cfa8a2-85ff-4bb9-a246-101c53d2d47b@group-49E82E920F3F-LeaderElection494: begin an election at term 69 for -1: [7fad1e98-7a6b-4998-a30c-ec1ab88068bc:192.168.157.233:35716, bdb27072-dd00-4d3b-a7da-41600e490ca3:192.168.157.233:42906, f6cfa8a2-85ff-4bb9-a246-101c53d2d47b:192.168.157.233:44618], old=null
2019-10-25 11:07:45,908 [grpc-default-executor-1] INFO  impl.RaftServerImpl (RaftServerImpl.java:setRole(184)) - 7fad1e98-7a6b-4998-a30c-ec1ab88068bc@group-49E82E920F3F: changes role from  FOLLOWER to FOLLOWER at term 69 for recognizeCandidate:f6cfa8a2-85ff-4bb9-a246-101c53d2d47b
2019-10-25 11:07:45,908 [grpc-default-executor-1] INFO  impl.RoleInfo (RoleInfo.java:shutdownFollowerState(121)) - 7fad1e98-7a6b-4998-a30c-ec1ab88068bc: shutdown FollowerState
2019-10-25 11:07:45,908 [grpc-default-executor-4] INFO  impl.RaftServerImpl (RaftServerImpl.java:setRole(184)) - bdb27072-dd00-4d3b-a7da-41600e490ca3@group-49E82E920F3F: changes role from  FOLLOWER to FOLLOWER at term 69 for recognizeCandidate:f6cfa8a2-85ff-4bb9-a246-101c53d2d47b
2019-10-25 11:07:45,909 [grpc-default-executor-4] INFO  impl.RoleInfo (RoleInfo.java:shutdownFollowerState(121)) - bdb27072-dd00-4d3b-a7da-41600e490ca3: shutdown FollowerState
2019-10-25 11:07:45,909 [Thread-4209] INFO  impl.FollowerState (FollowerState.java:run(117)) - 7fad1e98-7a6b-4998-a30c-ec1ab88068bc@group-49E82E920F3F-FollowerState was interrupted: java.lang.InterruptedException: sleep interrupted
2019-10-25 11:07:45,909 [grpc-default-executor-1] INFO  impl.RoleInfo (RoleInfo.java:updateAndGet(143)) - 7fad1e98-7a6b-4998-a30c-ec1ab88068bc: start FollowerState
2019-10-25 11:07:45,909 [Thread-4208] INFO  impl.FollowerState (FollowerState.java:run(117)) - bdb27072-dd00-4d3b-a7da-41600e490ca3@group-49E82E920F3F-FollowerState was interrupted: java.lang.InterruptedException: sleep interrupted
2019-10-25 11:07:45,909 [grpc-default-executor-4] INFO  impl.RoleInfo (RoleInfo.java:updateAndGet(143)) - bdb27072-dd00-4d3b-a7da-41600e490ca3: start FollowerState
2019-10-25 11:07:45,923 [f6cfa8a2-85ff-4bb9-a246-101c53d2d47b@group-49E82E920F3F-LeaderElection494] INFO  impl.LeaderElection (LeaderElection.java:logAndReturn(56)) - f6cfa8a2-85ff-4bb9-a246-101c53d2d47b@group-49E82E920F3F-LeaderElection494: Election REJECTED; received 2 response(s) [f6cfa8a2-85ff-4bb9-a246-101c53d2d47b<-7fad1e98-7a6b-4998-a30c-ec1ab88068bc#0:FAIL-t69, f6cfa8a2-85ff-4bb9-a246-101c53d2d47b<-bdb27072-dd00-4d3b-a7da-41600e490ca3#0:FAIL-t69] and 0 exception(s); f6cfa8a2-85ff-4bb9-a246-101c53d2d47b@group-49E82E920F3F:t69, leader=null, voted=f6cfa8a2-85ff-4bb9-a246-101c53d2d47b, raftlog=f6cfa8a2-85ff-4bb9-a246-101c53d2d47b@group-49E82E920F3F-SegmentedRaftLog:OPENED:c-1,f-1,i0, conf=-1: [7fad1e98-7a6b-4998-a30c-ec1ab88068bc:192.168.157.233:35716, bdb27072-dd00-4d3b-a7da-41600e490ca3:192.168.157.233:42906, f6cfa8a2-85ff-4bb9-a246-101c53d2d47b:192.168.157.233:44618], old=null
2019-10-25 11:07:45,924 [f6cfa8a2-85ff-4bb9-a246-101c53d2d47b@group-49E82E920F3F-LeaderElection494] INFO  impl.RaftServerImpl (RaftServerImpl.java:setRole(184)) - f6cfa8a2-85ff-4bb9-a246-101c53d2d47b@group-49E82E920F3F: changes role from CANDIDATE to FOLLOWER at term 69 for DISCOVERED_A_NEW_TERM
2019-10-25 11:07:45,924 [f6cfa8a2-85ff-4bb9-a246-101c53d2d47b@group-49E82E920F3F-LeaderElection494] INFO  impl.RoleInfo (RoleInfo.java:shutdownLeaderElection(134)) - f6cfa8a2-85ff-4bb9-a246-101c53d2d47b: shutdown LeaderElection
2019-10-25 11:07:45,924 [f6cfa8a2-85ff-4bb9-a246-101c53d2d47b@group-49E82E920F3F-LeaderElection494] INFO  impl.RoleInfo (RoleInfo.java:updateAndGet(143)) - f6cfa8a2-85ff-4bb9-a246-101c53d2d47b: start FollowerState
2019-10-25 11:07:46,073 [Thread-4218] INFO  impl.FollowerState (FollowerState.java:run(108)) - f6cfa8a2-85ff-4bb9-a246-101c53d2d47b@group-49E82E920F3F-FollowerState: change to CANDIDATE, lastRpcTime:149ms, electionTimeout:149ms
2019-10-25 11:07:46,073 [Thread-4218] INFO  impl.RoleInfo (RoleInfo.java:shutdownFollowerState(121)) - f6cfa8a2-85ff-4bb9-a246-101c53d2d47b: shutdown FollowerState
2019-10-25 11:07:46,073 [Thread-4218] INFO  impl.RaftServerImpl (RaftServerImpl.java:setRole(184)) - f6cfa8a2-85ff-4bb9-a246-101c53d2d47b@group-49E82E920F3F: changes role from  FOLLOWER to CANDIDATE at term 69 for changeToCandidate
2019-10-25 11:07:46,073 [Thread-4218] INFO  impl.RoleInfo (RoleInfo.java:updateAndGet(143)) - f6cfa8a2-85ff-4bb9-a246-101c53d2d47b: start LeaderElection
2019-10-25 11:07:46,087 [f6cfa8a2-85ff-4bb9-a246-101c53d2d47b@group-49E82E920F3F-LeaderElection495] INFO  impl.LeaderElection (LeaderElection.java:askForVotes(178)) - f6cfa8a2-85ff-4bb9-a246-101c53d2d47b@group-49E82E920F3F-LeaderElection495: begin an election at term 70 for -1: [7fad1e98-7a6b-4998-a30c-ec1ab88068bc:192.168.157.233:35716, bdb27072-dd00-4d3b-a7da-41600e490ca3:192.168.157.233:42906, f6cfa8a2-85ff-4bb9-a246-101c53d2d47b:192.168.157.233:44618], old=null
2019-10-25 11:07:46,089 [grpc-default-executor-1] INFO  impl.RaftServerImpl (RaftServerImpl.java:setRole(184)) - 7fad1e98-7a6b-4998-a30c-ec1ab88068bc@group-49E82E920F3F: changes role from  FOLLOWER to FOLLOWER at term 70 for recognizeCandidate:f6cfa8a2-85ff-4bb9-a246-101c53d2d47b
2019-10-25 11:07:46,089 [grpc-default-executor-1] INFO  impl.RoleInfo (RoleInfo.java:shutdownFollowerState(121)) - 7fad1e98-7a6b-4998-a30c-ec1ab88068bc: shutdown FollowerState
2019-10-25 11:07:46,089 [grpc-default-executor-4] INFO  impl.RaftServerImpl (RaftServerImpl.java:setRole(184)) - bdb27072-dd00-4d3b-a7da-41600e490ca3@group-49E82E920F3F: changes role from  FOLLOWER to FOLLOWER at term 70 for recognizeCandidate:f6cfa8a2-85ff-4bb9-a246-101c53d2d47b
2019-10-25 11:07:46,089 [grpc-default-executor-4] INFO  impl.RoleInfo (RoleInfo.java:shutdownFollowerState(121)) - bdb27072-dd00-4d3b-a7da-41600e490ca3: shutdown FollowerState
2019-10-25 11:07:46,089 [Thread-4214] INFO  impl.FollowerState (FollowerState.java:run(117)) - 7fad1e98-7a6b-4998-a30c-ec1ab88068bc@group-49E82E920F3F-FollowerState was interrupted: java.lang.InterruptedException: sleep interrupted
2019-10-25 11:07:46,089 [grpc-default-executor-1] INFO  impl.RoleInfo (RoleInfo.java:updateAndGet(143)) - 7fad1e98-7a6b-4998-a30c-ec1ab88068bc: start FollowerState
2019-10-25 11:07:46,089 [Thread-4215] INFO  impl.FollowerState (FollowerState.java:run(117)) - bdb27072-dd00-4d3b-a7da-41600e490ca3@group-49E82E920F3F-FollowerState was interrupted: java.lang.InterruptedException: sleep interrupted
2019-10-25 11:07:46,089 [grpc-default-executor-4] INFO  impl.RoleInfo (RoleInfo.java:updateAndGet(143)) - bdb27072-dd00-4d3b-a7da-41600e490ca3: start FollowerState
2019-10-25 11:07:46,104 [f6cfa8a2-85ff-4bb9-a246-101c53d2d47b@group-49E82E920F3F-LeaderElection495] INFO  impl.LeaderElection (LeaderElection.java:logAndReturn(56)) - f6cfa8a2-85ff-4bb9-a246-101c53d2d47b@group-49E82E920F3F-LeaderElection495: Election REJECTED; received 2 response(s) [f6cfa8a2-85ff-4bb9-a246-101c53d2d47b<-7fad1e98-7a6b-4998-a30c-ec1ab88068bc#0:FAIL-t70, f6cfa8a2-85ff-4bb9-a246-101c53d2d47b<-bdb27072-dd00-4d3b-a7da-41600e490ca3#0:FAIL-t70] and 0 exception(s); f6cfa8a2-85ff-4bb9-a246-101c53d2d47b@group-49E82E920F3F:t70, leader=null, voted=f6cfa8a2-85ff-4bb9-a246-101c53d2d47b, raftlog=f6cfa8a2-85ff-4bb9-a246-101c53d2d47b@group-49E82E920F3F-SegmentedRaftLog:OPENED:c-1,f-1,i0, conf=-1: [7fad1e98-7a6b-4998-a30c-ec1ab88068bc:192.168.157.233:35716, bdb27072-dd00-4d3b-a7da-41600e490ca3:192.168.157.233:42906, f6cfa8a2-85ff-4bb9-a246-101c53d2d47b:192.168.157.233:44618], old=null
2019-10-25 11:07:46,104 [f6cfa8a2-85ff-4bb9-a246-101c53d2d47b@group-49E82E920F3F-LeaderElection495] INFO  impl.RaftServerImpl (RaftServerImpl.java:setRole(184)) - f6cfa8a2-85ff-4bb9-a246-101c53d2d47b@group-49E82E920F3F: changes role from CANDIDATE to FOLLOWER at term 70 for DISCOVERED_A_NEW_TERM
2019-10-25 11:07:46,104 [f6cfa8a2-85ff-4bb9-a246-101c53d2d47b@group-49E82E920F3F-LeaderElection495] INFO  impl.RoleInfo (RoleInfo.java:shutdownLeaderElection(134)) - f6cfa8a2-85ff-4bb9-a246-101c53d2d47b: shutdown LeaderElection
2019-10-25 11:07:46,104 [f6cfa8a2-85ff-4bb9-a246-101c53d2d47b@group-49E82E920F3F-LeaderElection495] INFO  impl.RoleInfo (RoleInfo.java:updateAndGet(143)) - f6cfa8a2-85ff-4bb9-a246-101c53d2d47b: start FollowerState
2019-10-25 11:07:46,109 [Thread-4224] INFO  impl.FollowerState (FollowerState.java:run(108)) - f6cfa8a2-85ff-4bb9-a246-101c53d2d47b@group-49E82E920F3F-FollowerState: change to CANDIDATE, lastRpcTime:4ms, electionTimeout:4ms
2019-10-25 11:07:46,109 [Thread-4224] INFO  impl.RoleInfo (RoleInfo.java:shutdownFollowerState(121)) - f6cfa8a2-85ff-4bb9-a246-101c53d2d47b: shutdown FollowerState
2019-10-25 11:07:46,109 [Thread-4224] INFO  impl.RaftServerImpl (RaftServerImpl.java:setRole(184)) - f6cfa8a2-85ff-4bb9-a246-101c53d2d47b@group-49E82E920F3F: changes role from  FOLLOWER to CANDIDATE at term 70 for changeToCandidate
2019-10-25 11:07:46,109 [Thread-4224] INFO  impl.RoleInfo (RoleInfo.java:updateAndGet(143)) - f6cfa8a2-85ff-4bb9-a246-101c53d2d47b: start LeaderElection
2019-10-25 11:07:46,122 [f6cfa8a2-85ff-4bb9-a246-101c53d2d47b@group-49E82E920F3F-LeaderElection496] INFO  impl.LeaderElection (LeaderElection.java:askForVotes(178)) - f6cfa8a2-85ff-4bb9-a246-101c53d2d47b@group-49E82E920F3F-LeaderElection496: begin an election at term 71 for -1: [7fad1e98-7a6b-4998-a30c-ec1ab88068bc:192.168.157.233:35716, bdb27072-dd00-4d3b-a7da-41600e490ca3:192.168.157.233:42906, f6cfa8a2-85ff-4bb9-a246-101c53d2d47b:192.168.157.233:44618], old=null
2019-10-25 11:07:46,123 [grpc-default-executor-1] INFO  impl.RaftServerImpl (RaftServerImpl.java:setRole(184)) - 7fad1e98-7a6b-4998-a30c-ec1ab88068bc@group-49E82E920F3F: changes role from  FOLLOWER to FOLLOWER at term 71 for recognizeCandidate:f6cfa8a2-85ff-4bb9-a246-101c53d2d47b
2019-10-25 11:07:46,123 [grpc-default-executor-1] INFO  impl.RoleInfo (RoleInfo.java:shutdownFollowerState(121)) - 7fad1e98-7a6b-4998-a30c-ec1ab88068bc: shutdown FollowerState
2019-10-25 11:07:46,123 [grpc-default-executor-4] INFO  impl.RaftServerImpl (RaftServerImpl.java:setRole(184)) - bdb27072-dd00-4d3b-a7da-41600e490ca3@group-49E82E920F3F: changes role from  FOLLOWER to FOLLOWER at term 71 for recognizeCandidate:f6cfa8a2-85ff-4bb9-a246-101c53d2d47b
2019-10-25 11:07:46,123 [grpc-default-executor-4] INFO  impl.RoleInfo (RoleInfo.java:shutdownFollowerState(121)) - bdb27072-dd00-4d3b-a7da-41600e490ca3: shutdown FollowerState
2019-10-25 11:07:46,123 [Thread-4222] INFO  impl.FollowerState (FollowerState.java:run(117)) - 7fad1e98-7a6b-4998-a30c-ec1ab88068bc@group-49E82E920F3F-FollowerState was interrupted: java.lang.InterruptedException: sleep interrupted
2019-10-25 11:07:46,123 [grpc-default-executor-1] INFO  impl.RoleInfo (RoleInfo.java:updateAndGet(143)) - 7fad1e98-7a6b-4998-a30c-ec1ab88068bc: start FollowerState
2019-10-25 11:07:46,124 [Thread-4223] INFO  impl.FollowerState (FollowerState.java:run(117)) - bdb27072-dd00-4d3b-a7da-41600e490ca3@group-49E82E920F3F-FollowerState was interrupted: java.lang.InterruptedException: sleep interrupted
2019-10-25 11:07:46,123 [grpc-default-executor-4] INFO  impl.RoleInfo (RoleInfo.java:updateAndGet(143)) - bdb27072-dd00-4d3b-a7da-41600e490ca3: start FollowerState
2019-10-25 11:07:46,138 [f6cfa8a2-85ff-4bb9-a246-101c53d2d47b@group-49E82E920F3F-LeaderElection496] INFO  impl.LeaderElection (LeaderElection.java:logAndReturn(56)) - f6cfa8a2-85ff-4bb9-a246-101c53d2d47b@group-49E82E920F3F-LeaderElection496: Election REJECTED; received 2 response(s) [f6cfa8a2-85ff-4bb9-a246-101c53d2d47b<-7fad1e98-7a6b-4998-a30c-ec1ab88068bc#0:FAIL-t71, f6cfa8a2-85ff-4bb9-a246-101c53d2d47b<-bdb27072-dd00-4d3b-a7da-41600e490ca3#0:FAIL-t71] and 0 exception(s); f6cfa8a2-85ff-4bb9-a246-101c53d2d47b@group-49E82E920F3F:t71, leader=null, voted=f6cfa8a2-85ff-4bb9-a246-101c53d2d47b, raftlog=f6cfa8a2-85ff-4bb9-a246-101c53d2d47b@group-49E82E920F3F-SegmentedRaftLog:OPENED:c-1,f-1,i0, conf=-1: [7fad1e98-7a6b-4998-a30c-ec1ab88068bc:192.168.157.233:35716, bdb27072-dd00-4d3b-a7da-41600e490ca3:192.168.157.233:42906, f6cfa8a2-85ff-4bb9-a246-101c53d2d47b:192.168.157.233:44618], old=null
2019-10-25 11:07:46,138 [f6cfa8a2-85ff-4bb9-a246-101c53d2d47b@group-49E82E920F3F-LeaderElection496] INFO  impl.RaftServerImpl (RaftServerImpl.java:setRole(184)) - f6cfa8a2-85ff-4bb9-a246-101c53d2d47b@group-49E82E920F3F: changes role from CANDIDATE to FOLLOWER at term 71 for DISCOVERED_A_NEW_TERM
2019-10-25 11:07:46,138 [f6cfa8a2-85ff-4bb9-a246-101c53d2d47b@group-49E82E920F3F-LeaderElection496] INFO  impl.RoleInfo (RoleInfo.java:shutdownLeaderElection(134)) - f6cfa8a2-85ff-4bb9-a246-101c53d2d47b: shutdown LeaderElection
2019-10-25 11:07:46,138 [f6cfa8a2-85ff-4bb9-a246-101c53d2d47b@group-49E82E920F3F-LeaderElection496] INFO  impl.RoleInfo (RoleInfo.java:updateAndGet(143)) - f6cfa8a2-85ff-4bb9-a246-101c53d2d47b: start FollowerState
2019-10-25 11:07:46,302 [Thread-4230] INFO  impl.FollowerState (FollowerState.java:run(108)) - f6cfa8a2-85ff-4bb9-a246-101c53d2d47b@group-49E82E920F3F-FollowerState: change to CANDIDATE, lastRpcTime:163ms, electionTimeout:163ms
2019-10-25 11:07:46,302 [Thread-4230] INFO  impl.RoleInfo (RoleInfo.java:shutdownFollowerState(121)) - f6cfa8a2-85ff-4bb9-a246-101c53d2d47b: shutdown FollowerState
2019-10-25 11:07:46,302 [Thread-4230] INFO  impl.RaftServerImpl (RaftServerImpl.java:setRole(184)) - f6cfa8a2-85ff-4bb9-a246-101c53d2d47b@group-49E82E920F3F: changes role from  FOLLOWER to CANDIDATE at term 71 for changeToCandidate
2019-10-25 11:07:46,302 [Thread-4230] INFO  impl.RoleInfo (RoleInfo.java:updateAndGet(143)) - f6cfa8a2-85ff-4bb9-a246-101c53d2d47b: start LeaderElection
2019-10-25 11:07:46,320 [f6cfa8a2-85ff-4bb9-a246-101c53d2d47b@group-49E82E920F3F-LeaderElection497] INFO  impl.LeaderElection (LeaderElection.java:askForVotes(178)) - f6cfa8a2-85ff-4bb9-a246-101c53d2d47b@group-49E82E920F3F-LeaderElection497: begin an election at term 72 for -1: [7fad1e98-7a6b-4998-a30c-ec1ab88068bc:192.168.157.233:35716, bdb27072-dd00-4d3b-a7da-41600e490ca3:192.168.157.233:42906, f6cfa8a2-85ff-4bb9-a246-101c53d2d47b:192.168.157.233:44618], old=null
2019-10-25 11:07:46,321 [grpc-default-executor-1] INFO  impl.RaftServerImpl (RaftServerImpl.java:setRole(184)) - bdb27072-dd00-4d3b-a7da-41600e490ca3@group-49E82E920F3F: changes role from  FOLLOWER to FOLLOWER at term 72 for recognizeCandidate:f6cfa8a2-85ff-4bb9-a246-101c53d2d47b
2019-10-25 11:07:46,321 [grpc-default-executor-7] INFO  impl.RaftServerImpl (RaftServerImpl.java:setRole(184)) - 7fad1e98-7a6b-4998-a30c-ec1ab88068bc@group-49E82E920F3F: changes role from  FOLLOWER to FOLLOWER at term 72 for recognizeCandidate:f6cfa8a2-85ff-4bb9-a246-101c53d2d47b
2019-10-25 11:07:46,322 [grpc-default-executor-1] INFO  impl.RoleInfo (RoleInfo.java:shutdownFollowerState(121)) - bdb27072-dd00-4d3b-a7da-41600e490ca3: shutdown FollowerState
2019-10-25 11:07:46,322 [grpc-default-executor-7] INFO  impl.RoleInfo (RoleInfo.java:shutdownFollowerState(121)) - 7fad1e98-7a6b-4998-a30c-ec1ab88068bc: shutdown FollowerState
2019-10-25 11:07:46,322 [Thread-4229] INFO  impl.FollowerState (FollowerState.java:run(117)) - bdb27072-dd00-4d3b-a7da-41600e490ca3@group-49E82E920F3F-FollowerState was interrupted: java.lang.InterruptedException: sleep interrupted
2019-10-25 11:07:46,322 [grpc-default-executor-1] INFO  impl.RoleInfo (RoleInfo.java:updateAndGet(143)) - bdb27072-dd00-4d3b-a7da-41600e490ca3: start FollowerState
2019-10-25 11:07:46,322 [Thread-4228] INFO  impl.FollowerState (FollowerState.java:run(117)) - 7fad1e98-7a6b-4998-a30c-ec1ab88068bc@group-49E82E920F3F-FollowerState was interrupted: java.lang.InterruptedException: sleep interrupted
2019-10-25 11:07:46,322 [grpc-default-executor-7] INFO  impl.RoleInfo (RoleInfo.java:updateAndGet(143)) - 7fad1e98-7a6b-4998-a30c-ec1ab88068bc: start FollowerState
2019-10-25 11:07:46,343 [f6cfa8a2-85ff-4bb9-a246-101c53d2d47b@group-49E82E920F3F-LeaderElection497] INFO  impl.LeaderElection (LeaderElection.java:logAndReturn(56)) - f6cfa8a2-85ff-4bb9-a246-101c53d2d47b@group-49E82E920F3F-LeaderElection497: Election REJECTED; received 2 response(s) [f6cfa8a2-85ff-4bb9-a246-101c53d2d47b<-7fad1e98-7a6b-4998-a30c-ec1ab88068bc#0:FAIL-t72, f6cfa8a2-85ff-4bb9-a246-101c53d2d47b<-bdb27072-dd00-4d3b-a7da-41600e490ca3#0:FAIL-t72] and 0 exception(s); f6cfa8a2-85ff-4bb9-a246-101c53d2d47b@group-49E82E920F3F:t72, leader=null, voted=f6cfa8a2-85ff-4bb9-a246-101c53d2d47b, raftlog=f6cfa8a2-85ff-4bb9-a246-101c53d2d47b@group-49E82E920F3F-SegmentedRaftLog:OPENED:c-1,f-1,i0, conf=-1: [7fad1e98-7a6b-4998-a30c-ec1ab88068bc:192.168.157.233:35716, bdb27072-dd00-4d3b-a7da-41600e490ca3:192.168.157.233:42906, f6cfa8a2-85ff-4bb9-a246-101c53d2d47b:192.168.157.233:44618], old=null
2019-10-25 11:07:46,343 [f6cfa8a2-85ff-4bb9-a246-101c53d2d47b@group-49E82E920F3F-LeaderElection497] INFO  impl.RaftServerImpl (RaftServerImpl.java:setRole(184)) - f6cfa8a2-85ff-4bb9-a246-101c53d2d47b@group-49E82E920F3F: changes role from CANDIDATE to FOLLOWER at term 72 for DISCOVERED_A_NEW_TERM
2019-10-25 11:07:46,343 [f6cfa8a2-85ff-4bb9-a246-101c53d2d47b@group-49E82E920F3F-LeaderElection497] INFO  impl.RoleInfo (RoleInfo.java:shutdownLeaderElection(134)) - f6cfa8a2-85ff-4bb9-a246-101c53d2d47b: shutdown LeaderElection
2019-10-25 11:07:46,346 [f6cfa8a2-85ff-4bb9-a246-101c53d2d47b@group-49E82E920F3F-LeaderElection497] INFO  impl.RoleInfo (RoleInfo.java:updateAndGet(143)) - f6cfa8a2-85ff-4bb9-a246-101c53d2d47b: start FollowerState
2019-10-25 11:07:46,441 [Thread-4238] INFO  impl.FollowerState (FollowerState.java:run(108)) - f6cfa8a2-85ff-4bb9-a246-101c53d2d47b@group-49E82E920F3F-FollowerState: change to CANDIDATE, lastRpcTime:95ms, electionTimeout:95ms
2019-10-25 11:07:46,441 [Thread-4238] INFO  impl.RoleInfo (RoleInfo.java:shutdownFollowerState(121)) - f6cfa8a2-85ff-4bb9-a246-101c53d2d47b: shutdown FollowerState
2019-10-25 11:07:46,441 [Thread-4238] INFO  impl.RaftServerImpl (RaftServerImpl.java:setRole(184)) - f6cfa8a2-85ff-4bb9-a246-101c53d2d47b@group-49E82E920F3F: changes role from  FOLLOWER to CANDIDATE at term 72 for changeToCandidate
2019-10-25 11:07:46,441 [Thread-4238] INFO  impl.RoleInfo (RoleInfo.java:updateAndGet(143)) - f6cfa8a2-85ff-4bb9-a246-101c53d2d47b: start LeaderElection
2019-10-25 11:07:46,455 [f6cfa8a2-85ff-4bb9-a246-101c53d2d47b@group-49E82E920F3F-LeaderElection498] INFO  impl.LeaderElection (LeaderElection.java:askForVotes(178)) - f6cfa8a2-85ff-4bb9-a246-101c53d2d47b@group-49E82E920F3F-LeaderElection498: begin an election at term 73 for -1: [7fad1e98-7a6b-4998-a30c-ec1ab88068bc:192.168.157.233:35716, bdb27072-dd00-4d3b-a7da-41600e490ca3:192.168.157.233:42906, f6cfa8a2-85ff-4bb9-a246-101c53d2d47b:192.168.157.233:44618], old=null
2019-10-25 11:07:46,456 [grpc-default-executor-1] INFO  impl.RaftServerImpl (RaftServerImpl.java:setRole(184)) - 7fad1e98-7a6b-4998-a30c-ec1ab88068bc@group-49E82E920F3F: changes role from  FOLLOWER to FOLLOWER at term 73 for recognizeCandidate:f6cfa8a2-85ff-4bb9-a246-101c53d2d47b
2019-10-25 11:07:46,456 [grpc-default-executor-1] INFO  impl.RoleInfo (RoleInfo.java:shutdownFollowerState(121)) - 7fad1e98-7a6b-4998-a30c-ec1ab88068bc: shutdown FollowerState
2019-10-25 11:07:46,457 [grpc-default-executor-9] INFO  impl.RaftServerImpl (RaftServerImpl.java:setRole(184)) - bdb27072-dd00-4d3b-a7da-41600e490ca3@group-49E82E920F3F: changes role from  FOLLOWER to FOLLOWER at term 73 for recognizeCandidate:f6cfa8a2-85ff-4bb9-a246-101c53d2d47b
2019-10-25 11:07:46,457 [Thread-4236] INFO  impl.FollowerState (FollowerState.java:run(117)) - 7fad1e98-7a6b-4998-a30c-ec1ab88068bc@group-49E82E920F3F-FollowerState was interrupted: java.lang.InterruptedException: sleep interrupted
2019-10-25 11:07:46,457 [grpc-default-executor-1] INFO  impl.RoleInfo (RoleInfo.java:updateAndGet(143)) - 7fad1e98-7a6b-4998-a30c-ec1ab88068bc: start FollowerState
2019-10-25 11:07:46,457 [grpc-default-executor-9] INFO  impl.RoleInfo (RoleInfo.java:shutdownFollowerState(121)) - bdb27072-dd00-4d3b-a7da-41600e490ca3: shutdown FollowerState
2019-10-25 11:07:46,457 [grpc-default-executor-9] INFO  impl.RoleInfo (RoleInfo.java:updateAndGet(143)) - bdb27072-dd00-4d3b-a7da-41600e490ca3: start FollowerState
2019-10-25 11:07:46,457 [Thread-4235] INFO  impl.FollowerState (FollowerState.java:run(117)) - bdb27072-dd00-4d3b-a7da-41600e490ca3@group-49E82E920F3F-FollowerState was interrupted: java.lang.InterruptedException: sleep interrupted
2019-10-25 11:07:46,476 [f6cfa8a2-85ff-4bb9-a246-101c53d2d47b@group-49E82E920F3F-LeaderElection498] INFO  impl.LeaderElection (LeaderElection.java:logAndReturn(56)) - f6cfa8a2-85ff-4bb9-a246-101c53d2d47b@group-49E82E920F3F-LeaderElection498: Election REJECTED; received 2 response(s) [f6cfa8a2-85ff-4bb9-a246-101c53d2d47b<-7fad1e98-7a6b-4998-a30c-ec1ab88068bc#0:FAIL-t73, f6cfa8a2-85ff-4bb9-a246-101c53d2d47b<-bdb27072-dd00-4d3b-a7da-41600e490ca3#0:FAIL-t73] and 0 exception(s); f6cfa8a2-85ff-4bb9-a246-101c53d2d47b@group-49E82E920F3F:t73, leader=null, voted=f6cfa8a2-85ff-4bb9-a246-101c53d2d47b, raftlog=f6cfa8a2-85ff-4bb9-a246-101c53d2d47b@group-49E82E920F3F-SegmentedRaftLog:OPENED:c-1,f-1,i0, conf=-1: [7fad1e98-7a6b-4998-a30c-ec1ab88068bc:192.168.157.233:35716, bdb27072-dd00-4d3b-a7da-41600e490ca3:192.168.157.233:42906, f6cfa8a2-85ff-4bb9-a246-101c53d2d47b:192.168.157.233:44618], old=null
2019-10-25 11:07:46,476 [f6cfa8a2-85ff-4bb9-a246-101c53d2d47b@group-49E82E920F3F-LeaderElection498] INFO  impl.RaftServerImpl (RaftServerImpl.java:setRole(184)) - f6cfa8a2-85ff-4bb9-a246-101c53d2d47b@group-49E82E920F3F: changes role from CANDIDATE to FOLLOWER at term 73 for DISCOVERED_A_NEW_TERM
2019-10-25 11:07:46,476 [f6cfa8a2-85ff-4bb9-a246-101c53d2d47b@group-49E82E920F3F-LeaderElection498] INFO  impl.RoleInfo (RoleInfo.java:shutdownLeaderElection(134)) - f6cfa8a2-85ff-4bb9-a246-101c53d2d47b: shutdown LeaderElection
2019-10-25 11:07:46,476 [f6cfa8a2-85ff-4bb9-a246-101c53d2d47b@group-49E82E920F3F-LeaderElection498] INFO  impl.RoleInfo (RoleInfo.java:updateAndGet(143)) - f6cfa8a2-85ff-4bb9-a246-101c53d2d47b: start FollowerState
2019-10-25 11:07:46,519 [Thread-4248] INFO  impl.FollowerState (FollowerState.java:run(108)) - f6cfa8a2-85ff-4bb9-a246-101c53d2d47b@group-49E82E920F3F-FollowerState: change to CANDIDATE, lastRpcTime:43ms, electionTimeout:43ms
2019-10-25 11:07:46,519 [Thread-4248] INFO  impl.RoleInfo (RoleInfo.java:shutdownFollowerState(121)) - f6cfa8a2-85ff-4bb9-a246-101c53d2d47b: shutdown FollowerState
2019-10-25 11:07:46,520 [Thread-4248] INFO  impl.RaftServerImpl (RaftServerImpl.java:setRole(184)) - f6cfa8a2-85ff-4bb9-a246-101c53d2d47b@group-49E82E920F3F: changes role from  FOLLOWER to CANDIDATE at term 73 for changeToCandidate
2019-10-25 11:07:46,520 [Thread-4248] INFO  impl.RoleInfo (RoleInfo.java:updateAndGet(143)) - f6cfa8a2-85ff-4bb9-a246-101c53d2d47b: start LeaderElection
2019-10-25 11:07:46,533 [f6cfa8a2-85ff-4bb9-a246-101c53d2d47b@group-49E82E920F3F-LeaderElection499] INFO  impl.LeaderElection (LeaderElection.java:askForVotes(178)) - f6cfa8a2-85ff-4bb9-a246-101c53d2d47b@group-49E82E920F3F-LeaderElection499: begin an election at term 74 for -1: [7fad1e98-7a6b-4998-a30c-ec1ab88068bc:192.168.157.233:35716, bdb27072-dd00-4d3b-a7da-41600e490ca3:192.168.157.233:42906, f6cfa8a2-85ff-4bb9-a246-101c53d2d47b:192.168.157.233:44618], old=null
2019-10-25 11:07:46,534 [grpc-default-executor-9] INFO  impl.RaftServerImpl (RaftServerImpl.java:setRole(184)) - 7fad1e98-7a6b-4998-a30c-ec1ab88068bc@group-49E82E920F3F: changes role from  FOLLOWER to FOLLOWER at term 74 for recognizeCandidate:f6cfa8a2-85ff-4bb9-a246-101c53d2d47b
2019-10-25 11:07:46,534 [grpc-default-executor-9] INFO  impl.RoleInfo (RoleInfo.java:shutdownFollowerState(121)) - 7fad1e98-7a6b-4998-a30c-ec1ab88068bc: shutdown FollowerState
2019-10-25 11:07:46,534 [grpc-default-executor-9] INFO  impl.RoleInfo (RoleInfo.java:updateAndGet(143)) - 7fad1e98-7a6b-4998-a30c-ec1ab88068bc: start FollowerState
2019-10-25 11:07:46,534 [grpc-default-executor-1] INFO  impl.RaftServerImpl (RaftServerImpl.java:setRole(184)) - bdb27072-dd00-4d3b-a7da-41600e490ca3@group-49E82E920F3F: changes role from  FOLLOWER to FOLLOWER at term 74 for recognizeCandidate:f6cfa8a2-85ff-4bb9-a246-101c53d2d47b
2019-10-25 11:07:46,534 [Thread-4246] INFO  impl.FollowerState (FollowerState.java:run(117)) - 7fad1e98-7a6b-4998-a30c-ec1ab88068bc@group-49E82E920F3F-FollowerState was interrupted: java.lang.InterruptedException: sleep interrupted
2019-10-25 11:07:46,534 [grpc-default-executor-1] INFO  impl.RoleInfo (RoleInfo.java:shutdownFollowerState(121)) - bdb27072-dd00-4d3b-a7da-41600e490ca3: shutdown FollowerState
2019-10-25 11:07:46,535 [grpc-default-executor-1] INFO  impl.RoleInfo (RoleInfo.java:updateAndGet(143)) - bdb27072-dd00-4d3b-a7da-41600e490ca3: start FollowerState
2019-10-25 11:07:46,535 [Thread-4247] INFO  impl.FollowerState (FollowerState.java:run(117)) - bdb27072-dd00-4d3b-a7da-41600e490ca3@group-49E82E920F3F-FollowerState was interrupted: java.lang.InterruptedException: sleep interrupted
2019-10-25 11:07:46,549 [f6cfa8a2-85ff-4bb9-a246-101c53d2d47b@group-49E82E920F3F-LeaderElection499] INFO  impl.LeaderElection (LeaderElection.java:logAndReturn(56)) - f6cfa8a2-85ff-4bb9-a246-101c53d2d47b@group-49E82E920F3F-LeaderElection499: Election REJECTED; received 2 response(s) [f6cfa8a2-85ff-4bb9-a246-101c53d2d47b<-7fad1e98-7a6b-4998-a30c-ec1ab88068bc#0:FAIL-t74, f6cfa8a2-85ff-4bb9-a246-101c53d2d47b<-bdb27072-dd00-4d3b-a7da-41600e490ca3#0:FAIL-t74] and 0 exception(s); f6cfa8a2-85ff-4bb9-a246-101c53d2d47b@group-49E82E920F3F:t74, leader=null, voted=f6cfa8a2-85ff-4bb9-a246-101c53d2d47b, raftlog=f6cfa8a2-85ff-4bb9-a246-101c53d2d47b@group-49E82E920F3F-SegmentedRaftLog:OPENED:c-1,f-1,i0, conf=-1: [7fad1e98-7a6b-4998-a30c-ec1ab88068bc:192.168.157.233:35716, bdb27072-dd00-4d3b-a7da-41600e490ca3:192.168.157.233:42906, f6cfa8a2-85ff-4bb9-a246-101c53d2d47b:192.168.157.233:44618], old=null
2019-10-25 11:07:46,549 [f6cfa8a2-85ff-4bb9-a246-101c53d2d47b@group-49E82E920F3F-LeaderElection499] INFO  impl.RaftServerImpl (RaftServerImpl.java:setRole(184)) - f6cfa8a2-85ff-4bb9-a246-101c53d2d47b@group-49E82E920F3F: changes role from CANDIDATE to FOLLOWER at term 74 for DISCOVERED_A_NEW_TERM
2019-10-25 11:07:46,549 [f6cfa8a2-85ff-4bb9-a246-101c53d2d47b@group-49E82E920F3F-LeaderElection499] INFO  impl.RoleInfo (RoleInfo.java:shutdownLeaderElection(134)) - f6cfa8a2-85ff-4bb9-a246-101c53d2d47b: shutdown LeaderElection
2019-10-25 11:07:46,549 [f6cfa8a2-85ff-4bb9-a246-101c53d2d47b@group-49E82E920F3F-LeaderElection499] INFO  impl.RoleInfo (RoleInfo.java:updateAndGet(143)) - f6cfa8a2-85ff-4bb9-a246-101c53d2d47b: start FollowerState
2019-10-25 11:07:46,630 [Thread-4254] INFO  impl.FollowerState (FollowerState.java:run(108)) - f6cfa8a2-85ff-4bb9-a246-101c53d2d47b@group-49E82E920F3F-FollowerState: change to CANDIDATE, lastRpcTime:81ms, electionTimeout:81ms
2019-10-25 11:07:46,630 [Thread-4254] INFO  impl.RoleInfo (RoleInfo.java:shutdownFollowerState(121)) - f6cfa8a2-85ff-4bb9-a246-101c53d2d47b: shutdown FollowerState
2019-10-25 11:07:46,630 [Thread-4254] INFO  impl.RaftServerImpl (RaftServerImpl.java:setRole(184)) - f6cfa8a2-85ff-4bb9-a246-101c53d2d47b@group-49E82E920F3F: changes role from  FOLLOWER to CANDIDATE at term 74 for changeToCandidate
2019-10-25 11:07:46,631 [Thread-4254] INFO  impl.RoleInfo (RoleInfo.java:updateAndGet(143)) - f6cfa8a2-85ff-4bb9-a246-101c53d2d47b: start LeaderElection
2019-10-25 11:07:46,644 [f6cfa8a2-85ff-4bb9-a246-101c53d2d47b@group-49E82E920F3F-LeaderElection500] INFO  impl.LeaderElection (LeaderElection.java:askForVotes(178)) - f6cfa8a2-85ff-4bb9-a246-101c53d2d47b@group-49E82E920F3F-LeaderElection500: begin an election at term 75 for -1: [7fad1e98-7a6b-4998-a30c-ec1ab88068bc:192.168.157.233:35716, bdb27072-dd00-4d3b-a7da-41600e490ca3:192.168.157.233:42906, f6cfa8a2-85ff-4bb9-a246-101c53d2d47b:192.168.157.233:44618], old=null
2019-10-25 11:07:46,645 [grpc-default-executor-1] INFO  impl.RaftServerImpl (RaftServerImpl.java:setRole(184)) - bdb27072-dd00-4d3b-a7da-41600e490ca3@group-49E82E920F3F: changes role from  FOLLOWER to FOLLOWER at term 75 for recognizeCandidate:f6cfa8a2-85ff-4bb9-a246-101c53d2d47b
2019-10-25 11:07:46,645 [grpc-default-executor-1] INFO  impl.RoleInfo (RoleInfo.java:shutdownFollowerState(121)) - bdb27072-dd00-4d3b-a7da-41600e490ca3: shutdown FollowerState
2019-10-25 11:07:46,645 [grpc-default-executor-9] INFO  impl.RaftServerImpl (RaftServerImpl.java:setRole(184)) - 7fad1e98-7a6b-4998-a30c-ec1ab88068bc@group-49E82E920F3F: changes role from  FOLLOWER to FOLLOWER at term 75 for recognizeCandidate:f6cfa8a2-85ff-4bb9-a246-101c53d2d47b
2019-10-25 11:07:46,646 [Thread-4253] INFO  impl.FollowerState (FollowerState.java:run(117)) - bdb27072-dd00-4d3b-a7da-41600e490ca3@group-49E82E920F3F-FollowerState was interrupted: java.lang.InterruptedException: sleep interrupted
2019-10-25 11:07:46,645 [grpc-default-executor-1] INFO  impl.RoleInfo (RoleInfo.java:updateAndGet(143)) - bdb27072-dd00-4d3b-a7da-41600e490ca3: start FollowerState
2019-10-25 11:07:46,646 [grpc-default-executor-9] INFO  impl.RoleInfo (RoleInfo.java:shutdownFollowerState(121)) - 7fad1e98-7a6b-4998-a30c-ec1ab88068bc: shutdown FollowerState
2019-10-25 11:07:46,646 [grpc-default-executor-9] INFO  impl.RoleInfo (RoleInfo.java:updateAndGet(143)) - 7fad1e98-7a6b-4998-a30c-ec1ab88068bc: start FollowerState
2019-10-25 11:07:46,646 [Thread-4252] INFO  impl.FollowerState (FollowerState.java:run(117)) - 7fad1e98-7a6b-4998-a30c-ec1ab88068bc@group-49E82E920F3F-FollowerState was interrupted: java.lang.InterruptedException: sleep interrupted
2019-10-25 11:07:46,658 [f6cfa8a2-85ff-4bb9-a246-101c53d2d47b@group-49E82E920F3F-LeaderElection500] INFO  impl.LeaderElection (LeaderElection.java:logAndReturn(56)) - f6cfa8a2-85ff-4bb9-a246-101c53d2d47b@group-49E82E920F3F-LeaderElection500: Election TIMEOUT; received 0 response(s) [] and 0 exception(s); f6cfa8a2-85ff-4bb9-a246-101c53d2d47b@group-49E82E920F3F:t75, leader=null, voted=f6cfa8a2-85ff-4bb9-a246-101c53d2d47b, raftlog=f6cfa8a2-85ff-4bb9-a246-101c53d2d47b@group-49E82E920F3F-SegmentedRaftLog:OPENED:c-1,f-1,i0, conf=-1: [7fad1e98-7a6b-4998-a30c-ec1ab88068bc:192.168.157.233:35716, bdb27072-dd00-4d3b-a7da-41600e490ca3:192.168.157.233:42906, f6cfa8a2-85ff-4bb9-a246-101c53d2d47b:192.168.157.233:44618], old=null
2019-10-25 11:07:46,661 [f6cfa8a2-85ff-4bb9-a246-101c53d2d47b@group-49E82E920F3F-LeaderElection500] INFO  impl.LeaderElection (LeaderElection.java:askForVotes(178)) - f6cfa8a2-85ff-4bb9-a246-101c53d2d47b@group-49E82E920F3F-LeaderElection500: begin an election at term 76 for -1: [7fad1e98-7a6b-4998-a30c-ec1ab88068bc:192.168.157.233:35716, bdb27072-dd00-4d3b-a7da-41600e490ca3:192.168.157.233:42906, f6cfa8a2-85ff-4bb9-a246-101c53d2d47b:192.168.157.233:44618], old=null
2019-10-25 11:07:46,663 [grpc-default-executor-1] INFO  impl.RaftServerImpl (RaftServerImpl.java:setRole(184)) - 7fad1e98-7a6b-4998-a30c-ec1ab88068bc@group-49E82E920F3F: changes role from  FOLLOWER to FOLLOWER at term 76 for recognizeCandidate:f6cfa8a2-85ff-4bb9-a246-101c53d2d47b
2019-10-25 11:07:46,663 [grpc-default-executor-1] INFO  impl.RoleInfo (RoleInfo.java:shutdownFollowerState(121)) - 7fad1e98-7a6b-4998-a30c-ec1ab88068bc: shutdown FollowerState
2019-10-25 11:07:46,663 [grpc-default-executor-9] INFO  impl.RaftServerImpl (RaftServerImpl.java:setRole(184)) - bdb27072-dd00-4d3b-a7da-41600e490ca3@group-49E82E920F3F: changes role from  FOLLOWER to FOLLOWER at term 76 for recognizeCandidate:f6cfa8a2-85ff-4bb9-a246-101c53d2d47b
2019-10-25 11:07:46,663 [grpc-default-executor-9] INFO  impl.RoleInfo (RoleInfo.java:shutdownFollowerState(121)) - bdb27072-dd00-4d3b-a7da-41600e490ca3: shutdown FollowerState
2019-10-25 11:07:46,663 [Thread-4259] INFO  impl.FollowerState (FollowerState.java:run(117)) - 7fad1e98-7a6b-4998-a30c-ec1ab88068bc@group-49E82E920F3F-FollowerState was interrupted: java.lang.InterruptedException: sleep interrupted
2019-10-25 11:07:46,663 [grpc-default-executor-1] INFO  impl.RoleInfo (RoleInfo.java:updateAndGet(143)) - 7fad1e98-7a6b-4998-a30c-ec1ab88068bc: start FollowerState
2019-10-25 11:07:46,663 [Thread-4258] INFO  impl.FollowerState (FollowerState.java:run(117)) - bdb27072-dd00-4d3b-a7da-41600e490ca3@group-49E82E920F3F-FollowerState was interrupted: java.lang.InterruptedException: sleep interrupted
2019-10-25 11:07:46,663 [grpc-default-executor-9] INFO  impl.RoleInfo (RoleInfo.java:updateAndGet(143)) - bdb27072-dd00-4d3b-a7da-41600e490ca3: start FollowerState
2019-10-25 11:07:46,677 [f6cfa8a2-85ff-4bb9-a246-101c53d2d47b@group-49E82E920F3F-LeaderElection500] INFO  impl.LeaderElection (LeaderElection.java:logAndReturn(56)) - f6cfa8a2-85ff-4bb9-a246-101c53d2d47b@group-49E82E920F3F-LeaderElection500: Election REJECTED; received 2 response(s) [f6cfa8a2-85ff-4bb9-a246-101c53d2d47b<-7fad1e98-7a6b-4998-a30c-ec1ab88068bc#0:FAIL-t76, f6cfa8a2-85ff-4bb9-a246-101c53d2d47b<-bdb27072-dd00-4d3b-a7da-41600e490ca3#0:FAIL-t76] and 0 exception(s); f6cfa8a2-85ff-4bb9-a246-101c53d2d47b@group-49E82E920F3F:t76, leader=null, voted=f6cfa8a2-85ff-4bb9-a246-101c53d2d47b, raftlog=f6cfa8a2-85ff-4bb9-a246-101c53d2d47b@group-49E82E920F3F-SegmentedRaftLog:OPENED:c-1,f-1,i0, conf=-1: [7fad1e98-7a6b-4998-a30c-ec1ab88068bc:192.168.157.233:35716, bdb27072-dd00-4d3b-a7da-41600e490ca3:192.168.157.233:42906, f6cfa8a2-85ff-4bb9-a246-101c53d2d47b:192.168.157.233:44618], old=null
2019-10-25 11:07:46,677 [f6cfa8a2-85ff-4bb9-a246-101c53d2d47b@group-49E82E920F3F-LeaderElection500] INFO  impl.RaftServerImpl (RaftServerImpl.java:setRole(184)) - f6cfa8a2-85ff-4bb9-a246-101c53d2d47b@group-49E82E920F3F: changes role from CANDIDATE to FOLLOWER at term 76 for DISCOVERED_A_NEW_TERM
2019-10-25 11:07:46,677 [f6cfa8a2-85ff-4bb9-a246-101c53d2d47b@group-49E82E920F3F-LeaderElection500] INFO  impl.RoleInfo (RoleInfo.java:shutdownLeaderElection(134)) - f6cfa8a2-85ff-4bb9-a246-101c53d2d47b: shutdown LeaderElection
2019-10-25 11:07:46,677 [f6cfa8a2-85ff-4bb9-a246-101c53d2d47b@group-49E82E920F3F-LeaderElection500] INFO  impl.RoleInfo (RoleInfo.java:updateAndGet(143)) - f6cfa8a2-85ff-4bb9-a246-101c53d2d47b: start FollowerState
2019-10-25 11:07:46,726 [Thread-4264] INFO  impl.FollowerState (FollowerState.java:run(108)) - f6cfa8a2-85ff-4bb9-a246-101c53d2d47b@group-49E82E920F3F-FollowerState: change to CANDIDATE, lastRpcTime:48ms, electionTimeout:48ms
2019-10-25 11:07:46,726 [Thread-4264] INFO  impl.RoleInfo (RoleInfo.java:shutdownFollowerState(121)) - f6cfa8a2-85ff-4bb9-a246-101c53d2d47b: shutdown FollowerState
2019-10-25 11:07:46,726 [Thread-4264] INFO  impl.RaftServerImpl (RaftServerImpl.java:setRole(184)) - f6cfa8a2-85ff-4bb9-a246-101c53d2d47b@group-49E82E920F3F: changes role from  FOLLOWER to CANDIDATE at term 76 for changeToCandidate
2019-10-25 11:07:46,726 [Thread-4264] INFO  impl.RoleInfo (RoleInfo.java:updateAndGet(143)) - f6cfa8a2-85ff-4bb9-a246-101c53d2d47b: start LeaderElection
2019-10-25 11:07:46,738 [f6cfa8a2-85ff-4bb9-a246-101c53d2d47b@group-49E82E920F3F-LeaderElection501] INFO  impl.LeaderElection (LeaderElection.java:askForVotes(178)) - f6cfa8a2-85ff-4bb9-a246-101c53d2d47b@group-49E82E920F3F-LeaderElection501: begin an election at term 77 for -1: [7fad1e98-7a6b-4998-a30c-ec1ab88068bc:192.168.157.233:35716, bdb27072-dd00-4d3b-a7da-41600e490ca3:192.168.157.233:42906, f6cfa8a2-85ff-4bb9-a246-101c53d2d47b:192.168.157.233:44618], old=null
2019-10-25 11:07:46,740 [grpc-default-executor-9] INFO  impl.RaftServerImpl (RaftServerImpl.java:setRole(184)) - 7fad1e98-7a6b-4998-a30c-ec1ab88068bc@group-49E82E920F3F: changes role from  FOLLOWER to FOLLOWER at term 77 for recognizeCandidate:f6cfa8a2-85ff-4bb9-a246-101c53d2d47b
2019-10-25 11:07:46,740 [grpc-default-executor-9] INFO  impl.RoleInfo (RoleInfo.java:shutdownFollowerState(121)) - 7fad1e98-7a6b-4998-a30c-ec1ab88068bc: shutdown FollowerState
2019-10-25 11:07:46,740 [grpc-default-executor-1] INFO  impl.RaftServerImpl (RaftServerImpl.java:setRole(184)) - bdb27072-dd00-4d3b-a7da-41600e490ca3@group-49E82E920F3F: changes role from  FOLLOWER to FOLLOWER at term 77 for recognizeCandidate:f6cfa8a2-85ff-4bb9-a246-101c53d2d47b
2019-10-25 11:07:46,740 [grpc-default-executor-1] INFO  impl.RoleInfo (RoleInfo.java:shutdownFollowerState(121)) - bdb27072-dd00-4d3b-a7da-41600e490ca3: shutdown FollowerState
2019-10-25 11:07:46,740 [Thread-4262] INFO  impl.FollowerState (FollowerState.java:run(117)) - 7fad1e98-7a6b-4998-a30c-ec1ab88068bc@group-49E82E920F3F-FollowerState was interrupted: java.lang.InterruptedException: sleep interrupted
2019-10-25 11:07:46,740 [grpc-default-executor-9] INFO  impl.RoleInfo (RoleInfo.java:updateAndGet(143)) - 7fad1e98-7a6b-4998-a30c-ec1ab88068bc: start FollowerState
2019-10-25 11:07:46,740 [grpc-default-executor-1] INFO  impl.RoleInfo (RoleInfo.java:updateAndGet(143)) - bdb27072-dd00-4d3b-a7da-41600e490ca3: start FollowerState
2019-10-25 11:07:46,740 [Thread-4263] INFO  impl.FollowerState (FollowerState.java:run(117)) - bdb27072-dd00-4d3b-a7da-41600e490ca3@group-49E82E920F3F-FollowerState was interrupted: java.lang.InterruptedException: sleep interrupted
2019-10-25 11:07:46,782 [f6cfa8a2-85ff-4bb9-a246-101c53d2d47b@group-49E82E920F3F-LeaderElection501] INFO  impl.LeaderElection (LeaderElection.java:logAndReturn(56)) - f6cfa8a2-85ff-4bb9-a246-101c53d2d47b@group-49E82E920F3F-LeaderElection501: Election REJECTED; received 2 response(s) [f6cfa8a2-85ff-4bb9-a246-101c53d2d47b<-7fad1e98-7a6b-4998-a30c-ec1ab88068bc#0:FAIL-t77, f6cfa8a2-85ff-4bb9-a246-101c53d2d47b<-bdb27072-dd00-4d3b-a7da-41600e490ca3#0:FAIL-t77] and 0 exception(s); f6cfa8a2-85ff-4bb9-a246-101c53d2d47b@group-49E82E920F3F:t77, leader=null, voted=f6cfa8a2-85ff-4bb9-a246-101c53d2d47b, raftlog=f6cfa8a2-85ff-4bb9-a246-101c53d2d47b@group-49E82E920F3F-SegmentedRaftLog:OPENED:c-1,f-1,i0, conf=-1: [7fad1e98-7a6b-4998-a30c-ec1ab88068bc:192.168.157.233:35716, bdb27072-dd00-4d3b-a7da-41600e490ca3:192.168.157.233:42906, f6cfa8a2-85ff-4bb9-a246-101c53d2d47b:192.168.157.233:44618], old=null
2019-10-25 11:07:46,782 [f6cfa8a2-85ff-4bb9-a246-101c53d2d47b@group-49E82E920F3F-LeaderElection501] INFO  impl.RaftServerImpl (RaftServerImpl.java:setRole(184)) - f6cfa8a2-85ff-4bb9-a246-101c53d2d47b@group-49E82E920F3F: changes role from CANDIDATE to FOLLOWER at term 77 for DISCOVERED_A_NEW_TERM
2019-10-25 11:07:46,783 [f6cfa8a2-85ff-4bb9-a246-101c53d2d47b@group-49E82E920F3F-LeaderElection501] INFO  impl.RoleInfo (RoleInfo.java:shutdownLeaderElection(134)) - f6cfa8a2-85ff-4bb9-a246-101c53d2d47b: shutdown LeaderElection
2019-10-25 11:07:46,783 [f6cfa8a2-85ff-4bb9-a246-101c53d2d47b@group-49E82E920F3F-LeaderElection501] INFO  impl.RoleInfo (RoleInfo.java:updateAndGet(143)) - f6cfa8a2-85ff-4bb9-a246-101c53d2d47b: start FollowerState
2019-10-25 11:07:46,814 [Thread-4270] INFO  impl.FollowerState (FollowerState.java:run(108)) - f6cfa8a2-85ff-4bb9-a246-101c53d2d47b@group-49E82E920F3F-FollowerState: change to CANDIDATE, lastRpcTime:31ms, electionTimeout:31ms
2019-10-25 11:07:46,814 [Thread-4270] INFO  impl.RoleInfo (RoleInfo.java:shutdownFollowerState(121)) - f6cfa8a2-85ff-4bb9-a246-101c53d2d47b: shutdown FollowerState
2019-10-25 11:07:46,814 [Thread-4270] INFO  impl.RaftServerImpl (RaftServerImpl.java:setRole(184)) - f6cfa8a2-85ff-4bb9-a246-101c53d2d47b@group-49E82E920F3F: changes role from  FOLLOWER to CANDIDATE at term 77 for changeToCandidate
2019-10-25 11:07:46,814 [Thread-4270] INFO  impl.RoleInfo (RoleInfo.java:updateAndGet(143)) - f6cfa8a2-85ff-4bb9-a246-101c53d2d47b: start LeaderElection
2019-10-25 11:07:46,828 [f6cfa8a2-85ff-4bb9-a246-101c53d2d47b@group-49E82E920F3F-LeaderElection502] INFO  impl.LeaderElection (LeaderElection.java:askForVotes(178)) - f6cfa8a2-85ff-4bb9-a246-101c53d2d47b@group-49E82E920F3F-LeaderElection502: begin an election at term 78 for -1: [7fad1e98-7a6b-4998-a30c-ec1ab88068bc:192.168.157.233:35716, bdb27072-dd00-4d3b-a7da-41600e490ca3:192.168.157.233:42906, f6cfa8a2-85ff-4bb9-a246-101c53d2d47b:192.168.157.233:44618], old=null
2019-10-25 11:07:46,829 [grpc-default-executor-9] INFO  impl.RaftServerImpl (RaftServerImpl.java:setRole(184)) - 7fad1e98-7a6b-4998-a30c-ec1ab88068bc@group-49E82E920F3F: changes role from  FOLLOWER to FOLLOWER at term 78 for recognizeCandidate:f6cfa8a2-85ff-4bb9-a246-101c53d2d47b
2019-10-25 11:07:46,829 [grpc-default-executor-1] INFO  impl.RaftServerImpl (RaftServerImpl.java:setRole(184)) - bdb27072-dd00-4d3b-a7da-41600e490ca3@group-49E82E920F3F: changes role from  FOLLOWER to FOLLOWER at term 78 for recognizeCandidate:f6cfa8a2-85ff-4bb9-a246-101c53d2d47b
2019-10-25 11:07:46,829 [grpc-default-executor-1] INFO  impl.RoleInfo (RoleInfo.java:shutdownFollowerState(121)) - bdb27072-dd00-4d3b-a7da-41600e490ca3: shutdown FollowerState
2019-10-25 11:07:46,829 [grpc-default-executor-9] INFO  impl.RoleInfo (RoleInfo.java:shutdownFollowerState(121)) - 7fad1e98-7a6b-4998-a30c-ec1ab88068bc: shutdown FollowerState
2019-10-25 11:07:46,830 [Thread-4269] INFO  impl.FollowerState (FollowerState.java:run(117)) - bdb27072-dd00-4d3b-a7da-41600e490ca3@group-49E82E920F3F-FollowerState was interrupted: java.lang.InterruptedException: sleep interrupted
2019-10-25 11:07:46,830 [grpc-default-executor-1] INFO  impl.RoleInfo (RoleInfo.java:updateAndGet(143)) - bdb27072-dd00-4d3b-a7da-41600e490ca3: start FollowerState
2019-10-25 11:07:46,830 [Thread-4268] INFO  impl.FollowerState (FollowerState.java:run(117)) - 7fad1e98-7a6b-4998-a30c-ec1ab88068bc@group-49E82E920F3F-FollowerState was interrupted: java.lang.InterruptedException: sleep interrupted
2019-10-25 11:07:46,830 [grpc-default-executor-9] INFO  impl.RoleInfo (RoleInfo.java:updateAndGet(143)) - 7fad1e98-7a6b-4998-a30c-ec1ab88068bc: start FollowerState
2019-10-25 11:07:46,844 [f6cfa8a2-85ff-4bb9-a246-101c53d2d47b@group-49E82E920F3F-LeaderElection502] INFO  impl.LeaderElection (LeaderElection.java:logAndReturn(56)) - f6cfa8a2-85ff-4bb9-a246-101c53d2d47b@group-49E82E920F3F-LeaderElection502: Election REJECTED; received 2 response(s) [f6cfa8a2-85ff-4bb9-a246-101c53d2d47b<-7fad1e98-7a6b-4998-a30c-ec1ab88068bc#0:FAIL-t78, f6cfa8a2-85ff-4bb9-a246-101c53d2d47b<-bdb27072-dd00-4d3b-a7da-41600e490ca3#0:FAIL-t78] and 0 exception(s); f6cfa8a2-85ff-4bb9-a246-101c53d2d47b@group-49E82E920F3F:t78, leader=null, voted=f6cfa8a2-85ff-4bb9-a246-101c53d2d47b, raftlog=f6cfa8a2-85ff-4bb9-a246-101c53d2d47b@group-49E82E920F3F-SegmentedRaftLog:OPENED:c-1,f-1,i0, conf=-1: [7fad1e98-7a6b-4998-a30c-ec1ab88068bc:192.168.157.233:35716, bdb27072-dd00-4d3b-a7da-41600e490ca3:192.168.157.233:42906, f6cfa8a2-85ff-4bb9-a246-101c53d2d47b:192.168.157.233:44618], old=null
2019-10-25 11:07:46,845 [f6cfa8a2-85ff-4bb9-a246-101c53d2d47b@group-49E82E920F3F-LeaderElection502] INFO  impl.RaftServerImpl (RaftServerImpl.java:setRole(184)) - f6cfa8a2-85ff-4bb9-a246-101c53d2d47b@group-49E82E920F3F: changes role from CANDIDATE to FOLLOWER at term 78 for DISCOVERED_A_NEW_TERM
2019-10-25 11:07:46,845 [f6cfa8a2-85ff-4bb9-a246-101c53d2d47b@group-49E82E920F3F-LeaderElection502] INFO  impl.RoleInfo (RoleInfo.java:shutdownLeaderElection(134)) - f6cfa8a2-85ff-4bb9-a246-101c53d2d47b: shutdown LeaderElection
2019-10-25 11:07:46,845 [f6cfa8a2-85ff-4bb9-a246-101c53d2d47b@group-49E82E920F3F-LeaderElection502] INFO  impl.RoleInfo (RoleInfo.java:updateAndGet(143)) - f6cfa8a2-85ff-4bb9-a246-101c53d2d47b: start FollowerState
2019-10-25 11:07:46,878 [Thread-4276] INFO  impl.FollowerState (FollowerState.java:run(108)) - f6cfa8a2-85ff-4bb9-a246-101c53d2d47b@group-49E82E920F3F-FollowerState: change to CANDIDATE, lastRpcTime:33ms, electionTimeout:33ms
2019-10-25 11:07:46,878 [Thread-4276] INFO  impl.RoleInfo (RoleInfo.java:shutdownFollowerState(121)) - f6cfa8a2-85ff-4bb9-a246-101c53d2d47b: shutdown FollowerState
2019-10-25 11:07:46,878 [Thread-4276] INFO  impl.RaftServerImpl (RaftServerImpl.java:setRole(184)) - f6cfa8a2-85ff-4bb9-a246-101c53d2d47b@group-49E82E920F3F: changes role from  FOLLOWER to CANDIDATE at term 78 for changeToCandidate
2019-10-25 11:07:46,878 [Thread-4276] INFO  impl.RoleInfo (RoleInfo.java:updateAndGet(143)) - f6cfa8a2-85ff-4bb9-a246-101c53d2d47b: start LeaderElection
2019-10-25 11:07:46,891 [f6cfa8a2-85ff-4bb9-a246-101c53d2d47b@group-49E82E920F3F-LeaderElection503] INFO  impl.LeaderElection (LeaderElection.java:askForVotes(178)) - f6cfa8a2-85ff-4bb9-a246-101c53d2d47b@group-49E82E920F3F-LeaderElection503: begin an election at term 79 for -1: [7fad1e98-7a6b-4998-a30c-ec1ab88068bc:192.168.157.233:35716, bdb27072-dd00-4d3b-a7da-41600e490ca3:192.168.157.233:42906, f6cfa8a2-85ff-4bb9-a246-101c53d2d47b:192.168.157.233:44618], old=null
2019-10-25 11:07:46,892 [grpc-default-executor-9] INFO  impl.RaftServerImpl (RaftServerImpl.java:setRole(184)) - 7fad1e98-7a6b-4998-a30c-ec1ab88068bc@group-49E82E920F3F: changes role from  FOLLOWER to FOLLOWER at term 79 for recognizeCandidate:f6cfa8a2-85ff-4bb9-a246-101c53d2d47b
2019-10-25 11:07:46,893 [grpc-default-executor-9] INFO  impl.RoleInfo (RoleInfo.java:shutdownFollowerState(121)) - 7fad1e98-7a6b-4998-a30c-ec1ab88068bc: shutdown FollowerState
2019-10-25 11:07:46,892 [grpc-default-executor-1] INFO  impl.RaftServerImpl (RaftServerImpl.java:setRole(184)) - bdb27072-dd00-4d3b-a7da-41600e490ca3@group-49E82E920F3F: changes role from  FOLLOWER to FOLLOWER at term 79 for recognizeCandidate:f6cfa8a2-85ff-4bb9-a246-101c53d2d47b
2019-10-25 11:07:46,893 [grpc-default-executor-1] INFO  impl.RoleInfo (RoleInfo.java:shutdownFollowerState(121)) - bdb27072-dd00-4d3b-a7da-41600e490ca3: shutdown FollowerState
2019-10-25 11:07:46,893 [Thread-4275] INFO  impl.FollowerState (FollowerState.java:run(117)) - 7fad1e98-7a6b-4998-a30c-ec1ab88068bc@group-49E82E920F3F-FollowerState was interrupted: java.lang.InterruptedException: sleep interrupted
2019-10-25 11:07:46,893 [grpc-default-executor-9] INFO  impl.RoleInfo (RoleInfo.java:updateAndGet(143)) - 7fad1e98-7a6b-4998-a30c-ec1ab88068bc: start FollowerState
2019-10-25 11:07:46,893 [Thread-4274] INFO  impl.FollowerState (FollowerState.java:run(117)) - bdb27072-dd00-4d3b-a7da-41600e490ca3@group-49E82E920F3F-FollowerState was interrupted: java.lang.InterruptedException: sleep interrupted
2019-10-25 11:07:46,893 [grpc-default-executor-1] INFO  impl.RoleInfo (RoleInfo.java:updateAndGet(143)) - bdb27072-dd00-4d3b-a7da-41600e490ca3: start FollowerState
2019-10-25 11:07:46,906 [f6cfa8a2-85ff-4bb9-a246-101c53d2d47b@group-49E82E920F3F-LeaderElection503] INFO  impl.LeaderElection (LeaderElection.java:logAndReturn(56)) - f6cfa8a2-85ff-4bb9-a246-101c53d2d47b@group-49E82E920F3F-LeaderElection503: Election TIMEOUT; received 0 response(s) [] and 0 exception(s); f6cfa8a2-85ff-4bb9-a246-101c53d2d47b@group-49E82E920F3F:t79, leader=null, voted=f6cfa8a2-85ff-4bb9-a246-101c53d2d47b, raftlog=f6cfa8a2-85ff-4bb9-a246-101c53d2d47b@group-49E82E920F3F-SegmentedRaftLog:OPENED:c-1,f-1,i0, conf=-1: [7fad1e98-7a6b-4998-a30c-ec1ab88068bc:192.168.157.233:35716, bdb27072-dd00-4d3b-a7da-41600e490ca3:192.168.157.233:42906, f6cfa8a2-85ff-4bb9-a246-101c53d2d47b:192.168.157.233:44618], old=null
2019-10-25 11:07:46,909 [f6cfa8a2-85ff-4bb9-a246-101c53d2d47b@group-49E82E920F3F-LeaderElection503] INFO  impl.LeaderElection (LeaderElection.java:askForVotes(178)) - f6cfa8a2-85ff-4bb9-a246-101c53d2d47b@group-49E82E920F3F-LeaderElection503: begin an election at term 80 for -1: [7fad1e98-7a6b-4998-a30c-ec1ab88068bc:192.168.157.233:35716, bdb27072-dd00-4d3b-a7da-41600e490ca3:192.168.157.233:42906, f6cfa8a2-85ff-4bb9-a246-101c53d2d47b:192.168.157.233:44618], old=null
2019-10-25 11:07:46,911 [grpc-default-executor-9] INFO  impl.RaftServerImpl (RaftServerImpl.java:setRole(184)) - bdb27072-dd00-4d3b-a7da-41600e490ca3@group-49E82E920F3F: changes role from  FOLLOWER to FOLLOWER at term 80 for recognizeCandidate:f6cfa8a2-85ff-4bb9-a246-101c53d2d47b
2019-10-25 11:07:46,911 [grpc-default-executor-9] INFO  impl.RoleInfo (RoleInfo.java:shutdownFollowerState(121)) - bdb27072-dd00-4d3b-a7da-41600e490ca3: shutdown FollowerState
2019-10-25 11:07:46,911 [grpc-default-executor-9] INFO  impl.RoleInfo (RoleInfo.java:updateAndGet(143)) - bdb27072-dd00-4d3b-a7da-41600e490ca3: start FollowerState
2019-10-25 11:07:46,911 [Thread-4281] INFO  impl.FollowerState (FollowerState.java:run(117)) - bdb27072-dd00-4d3b-a7da-41600e490ca3@group-49E82E920F3F-FollowerState was interrupted: java.lang.InterruptedException: sleep interrupted
2019-10-25 11:07:46,911 [grpc-default-executor-1] INFO  impl.RaftServerImpl (RaftServerImpl.java:setRole(184)) - 7fad1e98-7a6b-4998-a30c-ec1ab88068bc@group-49E82E920F3F: changes role from  FOLLOWER to FOLLOWER at term 80 for recognizeCandidate:f6cfa8a2-85ff-4bb9-a246-101c53d2d47b
2019-10-25 11:07:46,911 [grpc-default-executor-1] INFO  impl.RoleInfo (RoleInfo.java:shutdownFollowerState(121)) - 7fad1e98-7a6b-4998-a30c-ec1ab88068bc: shutdown FollowerState
2019-10-25 11:07:46,911 [grpc-default-executor-1] INFO  impl.RoleInfo (RoleInfo.java:updateAndGet(143)) - 7fad1e98-7a6b-4998-a30c-ec1ab88068bc: start FollowerState
2019-10-25 11:07:46,911 [Thread-4280] INFO  impl.FollowerState (FollowerState.java:run(117)) - 7fad1e98-7a6b-4998-a30c-ec1ab88068bc@group-49E82E920F3F-FollowerState was interrupted: java.lang.InterruptedException: sleep interrupted
2019-10-25 11:07:46,925 [f6cfa8a2-85ff-4bb9-a246-101c53d2d47b@group-49E82E920F3F-LeaderElection503] INFO  impl.LeaderElection (LeaderElection.java:logAndReturn(56)) - f6cfa8a2-85ff-4bb9-a246-101c53d2d47b@group-49E82E920F3F-LeaderElection503: Election REJECTED; received 2 response(s) [f6cfa8a2-85ff-4bb9-a246-101c53d2d47b<-7fad1e98-7a6b-4998-a30c-ec1ab88068bc#0:FAIL-t80, f6cfa8a2-85ff-4bb9-a246-101c53d2d47b<-bdb27072-dd00-4d3b-a7da-41600e490ca3#0:FAIL-t80] and 0 exception(s); f6cfa8a2-85ff-4bb9-a246-101c53d2d47b@group-49E82E920F3F:t80, leader=null, voted=f6cfa8a2-85ff-4bb9-a246-101c53d2d47b, raftlog=f6cfa8a2-85ff-4bb9-a246-101c53d2d47b@group-49E82E920F3F-SegmentedRaftLog:OPENED:c-1,f-1,i0, conf=-1: [7fad1e98-7a6b-4998-a30c-ec1ab88068bc:192.168.157.233:35716, bdb27072-dd00-4d3b-a7da-41600e490ca3:192.168.157.233:42906, f6cfa8a2-85ff-4bb9-a246-101c53d2d47b:192.168.157.233:44618], old=null
2019-10-25 11:07:46,925 [f6cfa8a2-85ff-4bb9-a246-101c53d2d47b@group-49E82E920F3F-LeaderElection503] INFO  impl.RaftServerImpl (RaftServerImpl.java:setRole(184)) - f6cfa8a2-85ff-4bb9-a246-101c53d2d47b@group-49E82E920F3F: changes role from CANDIDATE to FOLLOWER at term 80 for DISCOVERED_A_NEW_TERM
2019-10-25 11:07:46,925 [f6cfa8a2-85ff-4bb9-a246-101c53d2d47b@group-49E82E920F3F-LeaderElection503] INFO  impl.RoleInfo (RoleInfo.java:shutdownLeaderElection(134)) - f6cfa8a2-85ff-4bb9-a246-101c53d2d47b: shutdown LeaderElection
2019-10-25 11:07:46,925 [f6cfa8a2-85ff-4bb9-a246-101c53d2d47b@group-49E82E920F3F-LeaderElection503] INFO  impl.RoleInfo (RoleInfo.java:updateAndGet(143)) - f6cfa8a2-85ff-4bb9-a246-101c53d2d47b: start FollowerState
2019-10-25 11:07:47,007 [Thread-4290] INFO  impl.FollowerState (FollowerState.java:run(108)) - f6cfa8a2-85ff-4bb9-a246-101c53d2d47b@group-49E82E920F3F-FollowerState: change to CANDIDATE, lastRpcTime:82ms, electionTimeout:82ms
2019-10-25 11:07:47,007 [Thread-4290] INFO  impl.RoleInfo (RoleInfo.java:shutdownFollowerState(121)) - f6cfa8a2-85ff-4bb9-a246-101c53d2d47b: shutdown FollowerState
2019-10-25 11:07:47,007 [Thread-4290] INFO  impl.RaftServerImpl (RaftServerImpl.java:setRole(184)) - f6cfa8a2-85ff-4bb9-a246-101c53d2d47b@group-49E82E920F3F: changes role from  FOLLOWER to CANDIDATE at term 80 for changeToCandidate
2019-10-25 11:07:47,008 [Thread-4290] INFO  impl.RoleInfo (RoleInfo.java:updateAndGet(143)) - f6cfa8a2-85ff-4bb9-a246-101c53d2d47b: start LeaderElection
2019-10-25 11:07:47,016 [f6cfa8a2-85ff-4bb9-a246-101c53d2d47b@group-49E82E920F3F-LeaderElection504] INFO  impl.LeaderElection (LeaderElection.java:askForVotes(178)) - f6cfa8a2-85ff-4bb9-a246-101c53d2d47b@group-49E82E920F3F-LeaderElection504: begin an election at term 81 for -1: [7fad1e98-7a6b-4998-a30c-ec1ab88068bc:192.168.157.233:35716, bdb27072-dd00-4d3b-a7da-41600e490ca3:192.168.157.233:42906, f6cfa8a2-85ff-4bb9-a246-101c53d2d47b:192.168.157.233:44618], old=null
2019-10-25 11:07:47,017 [grpc-default-executor-1] INFO  impl.RaftServerImpl (RaftServerImpl.java:setRole(184)) - bdb27072-dd00-4d3b-a7da-41600e490ca3@group-49E82E920F3F: changes role from  FOLLOWER to FOLLOWER at term 81 for recognizeCandidate:f6cfa8a2-85ff-4bb9-a246-101c53d2d47b
2019-10-25 11:07:47,018 [grpc-default-executor-9] INFO  impl.RaftServerImpl (RaftServerImpl.java:setRole(184)) - 7fad1e98-7a6b-4998-a30c-ec1ab88068bc@group-49E82E920F3F: changes role from  FOLLOWER to FOLLOWER at term 81 for recognizeCandidate:f6cfa8a2-85ff-4bb9-a246-101c53d2d47b
2019-10-25 11:07:47,018 [grpc-default-executor-9] INFO  impl.RoleInfo (RoleInfo.java:shutdownFollowerState(121)) - 7fad1e98-7a6b-4998-a30c-ec1ab88068bc: shutdown FollowerState
2019-10-25 11:07:47,018 [grpc-default-executor-1] INFO  impl.RoleInfo (RoleInfo.java:shutdownFollowerState(121)) - bdb27072-dd00-4d3b-a7da-41600e490ca3: shutdown FollowerState
2019-10-25 11:07:47,018 [Thread-4287] INFO  impl.FollowerState (FollowerState.java:run(117)) - 7fad1e98-7a6b-4998-a30c-ec1ab88068bc@group-49E82E920F3F-FollowerState was interrupted: java.lang.InterruptedException: sleep interrupted
2019-10-25 11:07:47,018 [grpc-default-executor-9] INFO  impl.RoleInfo (RoleInfo.java:updateAndGet(143)) - 7fad1e98-7a6b-4998-a30c-ec1ab88068bc: start FollowerState
2019-10-25 11:07:47,018 [Thread-4286] INFO  impl.FollowerState (FollowerState.java:run(117)) - bdb27072-dd00-4d3b-a7da-41600e490ca3@group-49E82E920F3F-FollowerState was interrupted: java.lang.InterruptedException: sleep interrupted
2019-10-25 11:07:47,018 [grpc-default-executor-1] INFO  impl.RoleInfo (RoleInfo.java:updateAndGet(143)) - bdb27072-dd00-4d3b-a7da-41600e490ca3: start FollowerState
2019-10-25 11:07:47,032 [f6cfa8a2-85ff-4bb9-a246-101c53d2d47b@group-49E82E920F3F-LeaderElection504] INFO  impl.LeaderElection (LeaderElection.java:logAndReturn(56)) - f6cfa8a2-85ff-4bb9-a246-101c53d2d47b@group-49E82E920F3F-LeaderElection504: Election REJECTED; received 2 response(s) [f6cfa8a2-85ff-4bb9-a246-101c53d2d47b<-7fad1e98-7a6b-4998-a30c-ec1ab88068bc#0:FAIL-t81, f6cfa8a2-85ff-4bb9-a246-101c53d2d47b<-bdb27072-dd00-4d3b-a7da-41600e490ca3#0:FAIL-t81] and 0 exception(s); f6cfa8a2-85ff-4bb9-a246-101c53d2d47b@group-49E82E920F3F:t81, leader=null, voted=f6cfa8a2-85ff-4bb9-a246-101c53d2d47b, raftlog=f6cfa8a2-85ff-4bb9-a246-101c53d2d47b@group-49E82E920F3F-SegmentedRaftLog:OPENED:c-1,f-1,i0, conf=-1: [7fad1e98-7a6b-4998-a30c-ec1ab88068bc:192.168.157.233:35716, bdb27072-dd00-4d3b-a7da-41600e490ca3:192.168.157.233:42906, f6cfa8a2-85ff-4bb9-a246-101c53d2d47b:192.168.157.233:44618], old=null
2019-10-25 11:07:47,032 [f6cfa8a2-85ff-4bb9-a246-101c53d2d47b@group-49E82E920F3F-LeaderElection504] INFO  impl.RaftServerImpl (RaftServerImpl.java:setRole(184)) - f6cfa8a2-85ff-4bb9-a246-101c53d2d47b@group-49E82E920F3F: changes role from CANDIDATE to FOLLOWER at term 81 for DISCOVERED_A_NEW_TERM
2019-10-25 11:07:47,033 [f6cfa8a2-85ff-4bb9-a246-101c53d2d47b@group-49E82E920F3F-LeaderElection504] INFO  impl.RoleInfo (RoleInfo.java:shutdownLeaderElection(134)) - f6cfa8a2-85ff-4bb9-a246-101c53d2d47b: shutdown LeaderElection
2019-10-25 11:07:47,033 [f6cfa8a2-85ff-4bb9-a246-101c53d2d47b@group-49E82E920F3F-LeaderElection504] INFO  impl.RoleInfo (RoleInfo.java:updateAndGet(143)) - f6cfa8a2-85ff-4bb9-a246-101c53d2d47b: start FollowerState
2019-10-25 11:07:47,181 [Thread-4296] INFO  impl.FollowerState (FollowerState.java:run(108)) - f6cfa8a2-85ff-4bb9-a246-101c53d2d47b@group-49E82E920F3F-FollowerState: change to CANDIDATE, lastRpcTime:148ms, electionTimeout:148ms
2019-10-25 11:07:47,181 [Thread-4296] INFO  impl.RoleInfo (RoleInfo.java:shutdownFollowerState(121)) - f6cfa8a2-85ff-4bb9-a246-101c53d2d47b: shutdown FollowerState
2019-10-25 11:07:47,181 [Thread-4296] INFO  impl.RaftServerImpl (RaftServerImpl.java:setRole(184)) - f6cfa8a2-85ff-4bb9-a246-101c53d2d47b@group-49E82E920F3F: changes role from  FOLLOWER to CANDIDATE at term 81 for changeToCandidate
2019-10-25 11:07:47,181 [Thread-4296] INFO  impl.RoleInfo (RoleInfo.java:updateAndGet(143)) - f6cfa8a2-85ff-4bb9-a246-101c53d2d47b: start LeaderElection
2019-10-25 11:07:47,195 [f6cfa8a2-85ff-4bb9-a246-101c53d2d47b@group-49E82E920F3F-LeaderElection505] INFO  impl.LeaderElection (LeaderElection.java:askForVotes(178)) - f6cfa8a2-85ff-4bb9-a246-101c53d2d47b@group-49E82E920F3F-LeaderElection505: begin an election at term 82 for -1: [7fad1e98-7a6b-4998-a30c-ec1ab88068bc:192.168.157.233:35716, bdb27072-dd00-4d3b-a7da-41600e490ca3:192.168.157.233:42906, f6cfa8a2-85ff-4bb9-a246-101c53d2d47b:192.168.157.233:44618], old=null
2019-10-25 11:07:47,197 [grpc-default-executor-1] INFO  impl.RaftServerImpl (RaftServerImpl.java:setRole(184)) - 7fad1e98-7a6b-4998-a30c-ec1ab88068bc@group-49E82E920F3F: changes role from  FOLLOWER to FOLLOWER at term 82 for recognizeCandidate:f6cfa8a2-85ff-4bb9-a246-101c53d2d47b
2019-10-25 11:07:47,197 [grpc-default-executor-1] INFO  impl.RoleInfo (RoleInfo.java:shutdownFollowerState(121)) - 7fad1e98-7a6b-4998-a30c-ec1ab88068bc: shutdown FollowerState
2019-10-25 11:07:47,198 [grpc-default-executor-9] INFO  impl.RaftServerImpl (RaftServerImpl.java:setRole(184)) - bdb27072-dd00-4d3b-a7da-41600e490ca3@group-49E82E920F3F: changes role from  FOLLOWER to FOLLOWER at term 82 for recognizeCandidate:f6cfa8a2-85ff-4bb9-a246-101c53d2d47b
2019-10-25 11:07:47,198 [Thread-4294] INFO  impl.FollowerState (FollowerState.java:run(117)) - 7fad1e98-7a6b-4998-a30c-ec1ab88068bc@group-49E82E920F3F-FollowerState was interrupted: java.lang.InterruptedException: sleep interrupted
2019-10-25 11:07:47,198 [grpc-default-executor-1] INFO  impl.RoleInfo (RoleInfo.java:updateAndGet(143)) - 7fad1e98-7a6b-4998-a30c-ec1ab88068bc: start FollowerState
2019-10-25 11:07:47,198 [grpc-default-executor-9] INFO  impl.RoleInfo (RoleInfo.java:shutdownFollowerState(121)) - bdb27072-dd00-4d3b-a7da-41600e490ca3: shutdown FollowerState
2019-10-25 11:07:47,198 [grpc-default-executor-9] INFO  impl.RoleInfo (RoleInfo.java:updateAndGet(143)) - bdb27072-dd00-4d3b-a7da-41600e490ca3: start FollowerState
2019-10-25 11:07:47,198 [Thread-4295] INFO  impl.FollowerState (FollowerState.java:run(117)) - bdb27072-dd00-4d3b-a7da-41600e490ca3@group-49E82E920F3F-FollowerState was interrupted: java.lang.InterruptedException: sleep interrupted
2019-10-25 11:07:47,212 [f6cfa8a2-85ff-4bb9-a246-101c53d2d47b@group-49E82E920F3F-LeaderElection505] INFO  impl.LeaderElection (LeaderElection.java:logAndReturn(56)) - f6cfa8a2-85ff-4bb9-a246-101c53d2d47b@group-49E82E920F3F-LeaderElection505: Election REJECTED; received 2 response(s) [f6cfa8a2-85ff-4bb9-a246-101c53d2d47b<-7fad1e98-7a6b-4998-a30c-ec1ab88068bc#0:FAIL-t82, f6cfa8a2-85ff-4bb9-a246-101c53d2d47b<-bdb27072-dd00-4d3b-a7da-41600e490ca3#0:FAIL-t82] and 0 exception(s); f6cfa8a2-85ff-4bb9-a246-101c53d2d47b@group-49E82E920F3F:t82, leader=null, voted=f6cfa8a2-85ff-4bb9-a246-101c53d2d47b, raftlog=f6cfa8a2-85ff-4bb9-a246-101c53d2d47b@group-49E82E920F3F-SegmentedRaftLog:OPENED:c-1,f-1,i0, conf=-1: [7fad1e98-7a6b-4998-a30c-ec1ab88068bc:192.168.157.233:35716, bdb27072-dd00-4d3b-a7da-41600e490ca3:192.168.157.233:42906, f6cfa8a2-85ff-4bb9-a246-101c53d2d47b:192.168.157.233:44618], old=null
2019-10-25 11:07:47,212 [f6cfa8a2-85ff-4bb9-a246-101c53d2d47b@group-49E82E920F3F-LeaderElection505] INFO  impl.RaftServerImpl (RaftServerImpl.java:setRole(184)) - f6cfa8a2-85ff-4bb9-a246-101c53d2d47b@group-49E82E920F3F: changes role from CANDIDATE to FOLLOWER at term 82 for DISCOVERED_A_NEW_TERM
2019-10-25 11:07:47,212 [f6cfa8a2-85ff-4bb9-a246-101c53d2d47b@group-49E82E920F3F-LeaderElection505] INFO  impl.RoleInfo (RoleInfo.java:shutdownLeaderElection(134)) - f6cfa8a2-85ff-4bb9-a246-101c53d2d47b: shutdown LeaderElection
2019-10-25 11:07:47,212 [f6cfa8a2-85ff-4bb9-a246-101c53d2d47b@group-49E82E920F3F-LeaderElection505] INFO  impl.RoleInfo (RoleInfo.java:updateAndGet(143)) - f6cfa8a2-85ff-4bb9-a246-101c53d2d47b: start FollowerState
2019-10-25 11:07:47,221 [Thread-4302] INFO  impl.FollowerState (FollowerState.java:run(108)) - f6cfa8a2-85ff-4bb9-a246-101c53d2d47b@group-49E82E920F3F-FollowerState: change to CANDIDATE, lastRpcTime:8ms, electionTimeout:8ms
2019-10-25 11:07:47,221 [Thread-4302] INFO  impl.RoleInfo (RoleInfo.java:shutdownFollowerState(121)) - f6cfa8a2-85ff-4bb9-a246-101c53d2d47b: shutdown FollowerState
2019-10-25 11:07:47,221 [Thread-4302] INFO  impl.RaftServerImpl (RaftServerImpl.java:setRole(184)) - f6cfa8a2-85ff-4bb9-a246-101c53d2d47b@group-49E82E920F3F: changes role from  FOLLOWER to CANDIDATE at term 82 for changeToCandidate
2019-10-25 11:07:47,221 [Thread-4302] INFO  impl.RoleInfo (RoleInfo.java:updateAndGet(143)) - f6cfa8a2-85ff-4bb9-a246-101c53d2d47b: start LeaderElection
2019-10-25 11:07:47,234 [f6cfa8a2-85ff-4bb9-a246-101c53d2d47b@group-49E82E920F3F-LeaderElection506] INFO  impl.LeaderElection (LeaderElection.java:askForVotes(178)) - f6cfa8a2-85ff-4bb9-a246-101c53d2d47b@group-49E82E920F3F-LeaderElection506: begin an election at term 83 for -1: [7fad1e98-7a6b-4998-a30c-ec1ab88068bc:192.168.157.233:35716, bdb27072-dd00-4d3b-a7da-41600e490ca3:192.168.157.233:42906, f6cfa8a2-85ff-4bb9-a246-101c53d2d47b:192.168.157.233:44618], old=null
2019-10-25 11:07:47,235 [grpc-default-executor-1] INFO  impl.RaftServerImpl (RaftServerImpl.java:setRole(184)) - 7fad1e98-7a6b-4998-a30c-ec1ab88068bc@group-49E82E920F3F: changes role from  FOLLOWER to FOLLOWER at term 83 for recognizeCandidate:f6cfa8a2-85ff-4bb9-a246-101c53d2d47b
2019-10-25 11:07:47,235 [grpc-default-executor-1] INFO  impl.RoleInfo (RoleInfo.java:shutdownFollowerState(121)) - 7fad1e98-7a6b-4998-a30c-ec1ab88068bc: shutdown FollowerState
2019-10-25 11:07:47,235 [grpc-default-executor-9] INFO  impl.RaftServerImpl (RaftServerImpl.java:setRole(184)) - bdb27072-dd00-4d3b-a7da-41600e490ca3@group-49E82E920F3F: changes role from  FOLLOWER to FOLLOWER at term 83 for recognizeCandidate:f6cfa8a2-85ff-4bb9-a246-101c53d2d47b
2019-10-25 11:07:47,235 [grpc-default-executor-1] INFO  impl.RoleInfo (RoleInfo.java:updateAndGet(143)) - 7fad1e98-7a6b-4998-a30c-ec1ab88068bc: start FollowerState
2019-10-25 11:07:47,235 [Thread-4300] INFO  impl.FollowerState (FollowerState.java:run(117)) - 7fad1e98-7a6b-4998-a30c-ec1ab88068bc@group-49E82E920F3F-FollowerState was interrupted: java.lang.InterruptedException: sleep interrupted
2019-10-25 11:07:47,236 [grpc-default-executor-9] INFO  impl.RoleInfo (RoleInfo.java:shutdownFollowerState(121)) - bdb27072-dd00-4d3b-a7da-41600e490ca3: shutdown FollowerState
2019-10-25 11:07:47,236 [grpc-default-executor-9] INFO  impl.RoleInfo (RoleInfo.java:updateAndGet(143)) - bdb27072-dd00-4d3b-a7da-41600e490ca3: start FollowerState
2019-10-25 11:07:47,236 [Thread-4301] INFO  impl.FollowerState (FollowerState.java:run(117)) - bdb27072-dd00-4d3b-a7da-41600e490ca3@group-49E82E920F3F-FollowerState was interrupted: java.lang.InterruptedException: sleep interrupted
2019-10-25 11:07:47,250 [f6cfa8a2-85ff-4bb9-a246-101c53d2d47b@group-49E82E920F3F-LeaderElection506] INFO  impl.LeaderElection (LeaderElection.java:logAndReturn(56)) - f6cfa8a2-85ff-4bb9-a246-101c53d2d47b@group-49E82E920F3F-LeaderElection506: Election REJECTED; received 2 response(s) [f6cfa8a2-85ff-4bb9-a246-101c53d2d47b<-7fad1e98-7a6b-4998-a30c-ec1ab88068bc#0:FAIL-t83, f6cfa8a2-85ff-4bb9-a246-101c53d2d47b<-bdb27072-dd00-4d3b-a7da-41600e490ca3#0:FAIL-t83] and 0 exception(s); f6cfa8a2-85ff-4bb9-a246-101c53d2d47b@group-49E82E920F3F:t83, leader=null, voted=f6cfa8a2-85ff-4bb9-a246-101c53d2d47b, raftlog=f6cfa8a2-85ff-4bb9-a246-101c53d2d47b@group-49E82E920F3F-SegmentedRaftLog:OPENED:c-1,f-1,i0, conf=-1: [7fad1e98-7a6b-4998-a30c-ec1ab88068bc:192.168.157.233:35716, bdb27072-dd00-4d3b-a7da-41600e490ca3:192.168.157.233:42906, f6cfa8a2-85ff-4bb9-a246-101c53d2d47b:192.168.157.233:44618], old=null
2019-10-25 11:07:47,250 [f6cfa8a2-85ff-4bb9-a246-101c53d2d47b@group-49E82E920F3F-LeaderElection506] INFO  impl.RaftServerImpl (RaftServerImpl.java:setRole(184)) - f6cfa8a2-85ff-4bb9-a246-101c53d2d47b@group-49E82E920F3F: changes role from CANDIDATE to FOLLOWER at term 83 for DISCOVERED_A_NEW_TERM
2019-10-25 11:07:47,250 [f6cfa8a2-85ff-4bb9-a246-101c53d2d47b@group-49E82E920F3F-LeaderElection506] INFO  impl.RoleInfo (RoleInfo.java:shutdownLeaderElection(134)) - f6cfa8a2-85ff-4bb9-a246-101c53d2d47b: shutdown LeaderElection
2019-10-25 11:07:47,250 [f6cfa8a2-85ff-4bb9-a246-101c53d2d47b@group-49E82E920F3F-LeaderElection506] INFO  impl.RoleInfo (RoleInfo.java:updateAndGet(143)) - f6cfa8a2-85ff-4bb9-a246-101c53d2d47b: start FollowerState
2019-10-25 11:07:47,402 [Thread-4308] INFO  impl.FollowerState (FollowerState.java:run(108)) - f6cfa8a2-85ff-4bb9-a246-101c53d2d47b@group-49E82E920F3F-FollowerState: change to CANDIDATE, lastRpcTime:152ms, electionTimeout:152ms
2019-10-25 11:07:47,403 [Thread-4308] INFO  impl.RoleInfo (RoleInfo.java:shutdownFollowerState(121)) - f6cfa8a2-85ff-4bb9-a246-101c53d2d47b: shutdown FollowerState
2019-10-25 11:07:47,403 [Thread-4308] INFO  impl.RaftServerImpl (RaftServerImpl.java:setRole(184)) - f6cfa8a2-85ff-4bb9-a246-101c53d2d47b@group-49E82E920F3F: changes role from  FOLLOWER to CANDIDATE at term 83 for changeToCandidate
2019-10-25 11:07:47,403 [Thread-4308] INFO  impl.RoleInfo (RoleInfo.java:updateAndGet(143)) - f6cfa8a2-85ff-4bb9-a246-101c53d2d47b: start LeaderElection
2019-10-25 11:07:47,417 [f6cfa8a2-85ff-4bb9-a246-101c53d2d47b@group-49E82E920F3F-LeaderElection507] INFO  impl.LeaderElection (LeaderElection.java:askForVotes(178)) - f6cfa8a2-85ff-4bb9-a246-101c53d2d47b@group-49E82E920F3F-LeaderElection507: begin an election at term 84 for -1: [7fad1e98-7a6b-4998-a30c-ec1ab88068bc:192.168.157.233:35716, bdb27072-dd00-4d3b-a7da-41600e490ca3:192.168.157.233:42906, f6cfa8a2-85ff-4bb9-a246-101c53d2d47b:192.168.157.233:44618], old=null
2019-10-25 11:07:47,418 [grpc-default-executor-1] INFO  impl.RaftServerImpl (RaftServerImpl.java:setRole(184)) - bdb27072-dd00-4d3b-a7da-41600e490ca3@group-49E82E920F3F: changes role from  FOLLOWER to FOLLOWER at term 84 for recognizeCandidate:f6cfa8a2-85ff-4bb9-a246-101c53d2d47b
2019-10-25 11:07:47,418 [grpc-default-executor-9] INFO  impl.RaftServerImpl (RaftServerImpl.java:setRole(184)) - 7fad1e98-7a6b-4998-a30c-ec1ab88068bc@group-49E82E920F3F: changes role from  FOLLOWER to FOLLOWER at term 84 for recognizeCandidate:f6cfa8a2-85ff-4bb9-a246-101c53d2d47b
2019-10-25 11:07:47,418 [grpc-default-executor-9] INFO  impl.RoleInfo (RoleInfo.java:shutdownFollowerState(121)) - 7fad1e98-7a6b-4998-a30c-ec1ab88068bc: shutdown FollowerState
2019-10-25 11:07:47,418 [grpc-default-executor-1] INFO  impl.RoleInfo (RoleInfo.java:shutdownFollowerState(121)) - bdb27072-dd00-4d3b-a7da-41600e490ca3: shutdown FollowerState
2019-10-25 11:07:47,418 [Thread-4306] INFO  impl.FollowerState (FollowerState.java:run(117)) - 7fad1e98-7a6b-4998-a30c-ec1ab88068bc@group-49E82E920F3F-FollowerState was interrupted: java.lang.InterruptedException: sleep interrupted
2019-10-25 11:07:47,419 [Thread-4307] INFO  impl.FollowerState (FollowerState.java:run(117)) - bdb27072-dd00-4d3b-a7da-41600e490ca3@group-49E82E920F3F-FollowerState was interrupted: java.lang.InterruptedException: sleep interrupted
2019-10-25 11:07:47,418 [grpc-default-executor-9] INFO  impl.RoleInfo (RoleInfo.java:updateAndGet(143)) - 7fad1e98-7a6b-4998-a30c-ec1ab88068bc: start FollowerState
2019-10-25 11:07:47,419 [grpc-default-executor-1] INFO  impl.RoleInfo (RoleInfo.java:updateAndGet(143)) - bdb27072-dd00-4d3b-a7da-41600e490ca3: start FollowerState
2019-10-25 11:07:47,434 [f6cfa8a2-85ff-4bb9-a246-101c53d2d47b@group-49E82E920F3F-LeaderElection507] INFO  impl.LeaderElection (LeaderElection.java:logAndReturn(56)) - f6cfa8a2-85ff-4bb9-a246-101c53d2d47b@group-49E82E920F3F-LeaderElection507: Election REJECTED; received 2 response(s) [f6cfa8a2-85ff-4bb9-a246-101c53d2d47b<-7fad1e98-7a6b-4998-a30c-ec1ab88068bc#0:FAIL-t84, f6cfa8a2-85ff-4bb9-a246-101c53d2d47b<-bdb27072-dd00-4d3b-a7da-41600e490ca3#0:FAIL-t84] and 0 exception(s); f6cfa8a2-85ff-4bb9-a246-101c53d2d47b@group-49E82E920F3F:t84, leader=null, voted=f6cfa8a2-85ff-4bb9-a246-101c53d2d47b, raftlog=f6cfa8a2-85ff-4bb9-a246-101c53d2d47b@group-49E82E920F3F-SegmentedRaftLog:OPENED:c-1,f-1,i0, conf=-1: [7fad1e98-7a6b-4998-a30c-ec1ab88068bc:192.168.157.233:35716, bdb27072-dd00-4d3b-a7da-41600e490ca3:192.168.157.233:42906, f6cfa8a2-85ff-4bb9-a246-101c53d2d47b:192.168.157.233:44618], old=null
2019-10-25 11:07:47,434 [f6cfa8a2-85ff-4bb9-a246-101c53d2d47b@group-49E82E920F3F-LeaderElection507] INFO  impl.RaftServerImpl (RaftServerImpl.java:setRole(184)) - f6cfa8a2-85ff-4bb9-a246-101c53d2d47b@group-49E82E920F3F: changes role from CANDIDATE to FOLLOWER at term 84 for DISCOVERED_A_NEW_TERM
2019-10-25 11:07:47,434 [f6cfa8a2-85ff-4bb9-a246-101c53d2d47b@group-49E82E920F3F-LeaderElection507] INFO  impl.RoleInfo (RoleInfo.java:shutdownLeaderElection(134)) - f6cfa8a2-85ff-4bb9-a246-101c53d2d47b: shutdown LeaderElection
2019-10-25 11:07:47,434 [f6cfa8a2-85ff-4bb9-a246-101c53d2d47b@group-49E82E920F3F-LeaderElection507] INFO  impl.RoleInfo (RoleInfo.java:updateAndGet(143)) - f6cfa8a2-85ff-4bb9-a246-101c53d2d47b: start FollowerState
2019-10-25 11:07:47,623 [Thread-4320] INFO  impl.FollowerState (FollowerState.java:run(108)) - f6cfa8a2-85ff-4bb9-a246-101c53d2d47b@group-49E82E920F3F-FollowerState: change to CANDIDATE, lastRpcTime:189ms, electionTimeout:189ms
2019-10-25 11:07:47,624 [Thread-4320] INFO  impl.RoleInfo (RoleInfo.java:shutdownFollowerState(121)) - f6cfa8a2-85ff-4bb9-a246-101c53d2d47b: shutdown FollowerState
2019-10-25 11:07:47,624 [Thread-4320] INFO  impl.RaftServerImpl (RaftServerImpl.java:setRole(184)) - f6cfa8a2-85ff-4bb9-a246-101c53d2d47b@group-49E82E920F3F: changes role from  FOLLOWER to CANDIDATE at term 84 for changeToCandidate
2019-10-25 11:07:47,624 [Thread-4320] INFO  impl.RoleInfo (RoleInfo.java:updateAndGet(143)) - f6cfa8a2-85ff-4bb9-a246-101c53d2d47b: start LeaderElection
2019-10-25 11:07:47,637 [f6cfa8a2-85ff-4bb9-a246-101c53d2d47b@group-49E82E920F3F-LeaderElection508] INFO  impl.LeaderElection (LeaderElection.java:askForVotes(178)) - f6cfa8a2-85ff-4bb9-a246-101c53d2d47b@group-49E82E920F3F-LeaderElection508: begin an election at term 85 for -1: [7fad1e98-7a6b-4998-a30c-ec1ab88068bc:192.168.157.233:35716, bdb27072-dd00-4d3b-a7da-41600e490ca3:192.168.157.233:42906, f6cfa8a2-85ff-4bb9-a246-101c53d2d47b:192.168.157.233:44618], old=null
2019-10-25 11:07:47,639 [grpc-default-executor-9] INFO  impl.RaftServerImpl (RaftServerImpl.java:setRole(184)) - 7fad1e98-7a6b-4998-a30c-ec1ab88068bc@group-49E82E920F3F: changes role from  FOLLOWER to FOLLOWER at term 85 for recognizeCandidate:f6cfa8a2-85ff-4bb9-a246-101c53d2d47b
2019-10-25 11:07:47,639 [grpc-default-executor-1] INFO  impl.RaftServerImpl (RaftServerImpl.java:setRole(184)) - bdb27072-dd00-4d3b-a7da-41600e490ca3@group-49E82E920F3F: changes role from  FOLLOWER to FOLLOWER at term 85 for recognizeCandidate:f6cfa8a2-85ff-4bb9-a246-101c53d2d47b
2019-10-25 11:07:47,639 [grpc-default-executor-9] INFO  impl.RoleInfo (RoleInfo.java:shutdownFollowerState(121)) - 7fad1e98-7a6b-4998-a30c-ec1ab88068bc: shutdown FollowerState
2019-10-25 11:07:47,639 [grpc-default-executor-1] INFO  impl.RoleInfo (RoleInfo.java:shutdownFollowerState(121)) - bdb27072-dd00-4d3b-a7da-41600e490ca3: shutdown FollowerState
2019-10-25 11:07:47,639 [Thread-4318] INFO  impl.FollowerState (FollowerState.java:run(117)) - 7fad1e98-7a6b-4998-a30c-ec1ab88068bc@group-49E82E920F3F-FollowerState was interrupted: java.lang.InterruptedException: sleep interrupted
2019-10-25 11:07:47,639 [grpc-default-executor-9] INFO  impl.RoleInfo (RoleInfo.java:updateAndGet(143)) - 7fad1e98-7a6b-4998-a30c-ec1ab88068bc: start FollowerState
2019-10-25 11:07:47,639 [Thread-4319] INFO  impl.FollowerState (FollowerState.java:run(117)) - bdb27072-dd00-4d3b-a7da-41600e490ca3@group-49E82E920F3F-FollowerState was interrupted: java.lang.InterruptedException: sleep interrupted
2019-10-25 11:07:47,639 [grpc-default-executor-1] INFO  impl.RoleInfo (RoleInfo.java:updateAndGet(143)) - bdb27072-dd00-4d3b-a7da-41600e490ca3: start FollowerState
2019-10-25 11:07:47,646 [f6cfa8a2-85ff-4bb9-a246-101c53d2d47b@group-49E82E920F3F-LeaderElection508] INFO  impl.LeaderElection (LeaderElection.java:logAndReturn(56)) - f6cfa8a2-85ff-4bb9-a246-101c53d2d47b@group-49E82E920F3F-LeaderElection508: Election TIMEOUT; received 0 response(s) [] and 0 exception(s); f6cfa8a2-85ff-4bb9-a246-101c53d2d47b@group-49E82E920F3F:t85, leader=null, voted=f6cfa8a2-85ff-4bb9-a246-101c53d2d47b, raftlog=f6cfa8a2-85ff-4bb9-a246-101c53d2d47b@group-49E82E920F3F-SegmentedRaftLog:OPENED:c-1,f-1,i0, conf=-1: [7fad1e98-7a6b-4998-a30c-ec1ab88068bc:192.168.157.233:35716, bdb27072-dd00-4d3b-a7da-41600e490ca3:192.168.157.233:42906, f6cfa8a2-85ff-4bb9-a246-101c53d2d47b:192.168.157.233:44618], old=null
2019-10-25 11:07:47,653 [f6cfa8a2-85ff-4bb9-a246-101c53d2d47b@group-49E82E920F3F-LeaderElection508] INFO  impl.LeaderElection (LeaderElection.java:askForVotes(178)) - f6cfa8a2-85ff-4bb9-a246-101c53d2d47b@group-49E82E920F3F-LeaderElection508: begin an election at term 86 for -1: [7fad1e98-7a6b-4998-a30c-ec1ab88068bc:192.168.157.233:35716, bdb27072-dd00-4d3b-a7da-41600e490ca3:192.168.157.233:42906, f6cfa8a2-85ff-4bb9-a246-101c53d2d47b:192.168.157.233:44618], old=null
2019-10-25 11:07:47,654 [grpc-default-executor-9] INFO  impl.RaftServerImpl (RaftServerImpl.java:setRole(184)) - 7fad1e98-7a6b-4998-a30c-ec1ab88068bc@group-49E82E920F3F: changes role from  FOLLOWER to FOLLOWER at term 86 for recognizeCandidate:f6cfa8a2-85ff-4bb9-a246-101c53d2d47b
2019-10-25 11:07:47,654 [grpc-default-executor-9] INFO  impl.RoleInfo (RoleInfo.java:shutdownFollowerState(121)) - 7fad1e98-7a6b-4998-a30c-ec1ab88068bc: shutdown FollowerState
2019-10-25 11:07:47,655 [grpc-default-executor-9] INFO  impl.RoleInfo (RoleInfo.java:updateAndGet(143)) - 7fad1e98-7a6b-4998-a30c-ec1ab88068bc: start FollowerState
2019-10-25 11:07:47,655 [grpc-default-executor-1] INFO  impl.RaftServerImpl (RaftServerImpl.java:setRole(184)) - bdb27072-dd00-4d3b-a7da-41600e490ca3@group-49E82E920F3F: changes role from  FOLLOWER to FOLLOWER at term 86 for recognizeCandidate:f6cfa8a2-85ff-4bb9-a246-101c53d2d47b
2019-10-25 11:07:47,655 [Thread-4324] INFO  impl.FollowerState (FollowerState.java:run(117)) - 7fad1e98-7a6b-4998-a30c-ec1ab88068bc@group-49E82E920F3F-FollowerState was interrupted: java.lang.InterruptedException: sleep interrupted
2019-10-25 11:07:47,655 [grpc-default-executor-1] INFO  impl.RoleInfo (RoleInfo.java:shutdownFollowerState(121)) - bdb27072-dd00-4d3b-a7da-41600e490ca3: shutdown FollowerState
2019-10-25 11:07:47,655 [grpc-default-executor-1] INFO  impl.RoleInfo (RoleInfo.java:updateAndGet(143)) - bdb27072-dd00-4d3b-a7da-41600e490ca3: start FollowerState
2019-10-25 11:07:47,655 [Thread-4325] INFO  impl.FollowerState (FollowerState.java:run(117)) - bdb27072-dd00-4d3b-a7da-41600e490ca3@group-49E82E920F3F-FollowerState was interrupted: java.lang.InterruptedException: sleep interrupted
2019-10-25 11:07:47,670 [f6cfa8a2-85ff-4bb9-a246-101c53d2d47b@group-49E82E920F3F-LeaderElection508] INFO  impl.LeaderElection (LeaderElection.java:logAndReturn(56)) - f6cfa8a2-85ff-4bb9-a246-101c53d2d47b@group-49E82E920F3F-LeaderElection508: Election REJECTED; received 2 response(s) [f6cfa8a2-85ff-4bb9-a246-101c53d2d47b<-7fad1e98-7a6b-4998-a30c-ec1ab88068bc#0:FAIL-t86, f6cfa8a2-85ff-4bb9-a246-101c53d2d47b<-bdb27072-dd00-4d3b-a7da-41600e490ca3#0:FAIL-t86] and 0 exception(s); f6cfa8a2-85ff-4bb9-a246-101c53d2d47b@group-49E82E920F3F:t86, leader=null, voted=f6cfa8a2-85ff-4bb9-a246-101c53d2d47b, raftlog=f6cfa8a2-85ff-4bb9-a246-101c53d2d47b@group-49E82E920F3F-SegmentedRaftLog:OPENED:c-1,f-1,i0, conf=-1: [7fad1e98-7a6b-4998-a30c-ec1ab88068bc:192.168.157.233:35716, bdb27072-dd00-4d3b-a7da-41600e490ca3:192.168.157.233:42906, f6cfa8a2-85ff-4bb9-a246-101c53d2d47b:192.168.157.233:44618], old=null
2019-10-25 11:07:47,670 [f6cfa8a2-85ff-4bb9-a246-101c53d2d47b@group-49E82E920F3F-LeaderElection508] INFO  impl.RaftServerImpl (RaftServerImpl.java:setRole(184)) - f6cfa8a2-85ff-4bb9-a246-101c53d2d47b@group-49E82E920F3F: changes role from CANDIDATE to FOLLOWER at term 86 for DISCOVERED_A_NEW_TERM
2019-10-25 11:07:47,670 [f6cfa8a2-85ff-4bb9-a246-101c53d2d47b@group-49E82E920F3F-LeaderElection508] INFO  impl.RoleInfo (RoleInfo.java:shutdownLeaderElection(134)) - f6cfa8a2-85ff-4bb9-a246-101c53d2d47b: shutdown LeaderElection
2019-10-25 11:07:47,670 [f6cfa8a2-85ff-4bb9-a246-101c53d2d47b@group-49E82E920F3F-LeaderElection508] INFO  impl.RoleInfo (RoleInfo.java:updateAndGet(143)) - f6cfa8a2-85ff-4bb9-a246-101c53d2d47b: start FollowerState
2019-10-25 11:07:47,823 [Thread-4330] INFO  impl.FollowerState (FollowerState.java:run(108)) - f6cfa8a2-85ff-4bb9-a246-101c53d2d47b@group-49E82E920F3F-FollowerState: change to CANDIDATE, lastRpcTime:153ms, electionTimeout:153ms
2019-10-25 11:07:47,823 [Thread-4330] INFO  impl.RoleInfo (RoleInfo.java:shutdownFollowerState(121)) - f6cfa8a2-85ff-4bb9-a246-101c53d2d47b: shutdown FollowerState
2019-10-25 11:07:47,823 [Thread-4330] INFO  impl.RaftServerImpl (RaftServerImpl.java:setRole(184)) - f6cfa8a2-85ff-4bb9-a246-101c53d2d47b@group-49E82E920F3F: changes role from  FOLLOWER to CANDIDATE at term 86 for changeToCandidate
2019-10-25 11:07:47,823 [Thread-4330] INFO  impl.RoleInfo (RoleInfo.java:updateAndGet(143)) - f6cfa8a2-85ff-4bb9-a246-101c53d2d47b: start LeaderElection
2019-10-25 11:07:47,837 [f6cfa8a2-85ff-4bb9-a246-101c53d2d47b@group-49E82E920F3F-LeaderElection509] INFO  impl.LeaderElection (LeaderElection.java:askForVotes(178)) - f6cfa8a2-85ff-4bb9-a246-101c53d2d47b@group-49E82E920F3F-LeaderElection509: begin an election at term 87 for -1: [7fad1e98-7a6b-4998-a30c-ec1ab88068bc:192.168.157.233:35716, bdb27072-dd00-4d3b-a7da-41600e490ca3:192.168.157.233:42906, f6cfa8a2-85ff-4bb9-a246-101c53d2d47b:192.168.157.233:44618], old=null
2019-10-25 11:07:47,838 [grpc-default-executor-1] INFO  impl.RaftServerImpl (RaftServerImpl.java:setRole(184)) - bdb27072-dd00-4d3b-a7da-41600e490ca3@group-49E82E920F3F: changes role from  FOLLOWER to FOLLOWER at term 87 for recognizeCandidate:f6cfa8a2-85ff-4bb9-a246-101c53d2d47b
2019-10-25 11:07:47,838 [grpc-default-executor-1] INFO  impl.RoleInfo (RoleInfo.java:shutdownFollowerState(121)) - bdb27072-dd00-4d3b-a7da-41600e490ca3: shutdown FollowerState
2019-10-25 11:07:47,838 [grpc-default-executor-9] INFO  impl.RaftServerImpl (RaftServerImpl.java:setRole(184)) - 7fad1e98-7a6b-4998-a30c-ec1ab88068bc@group-49E82E920F3F: changes role from  FOLLOWER to FOLLOWER at term 87 for recognizeCandidate:f6cfa8a2-85ff-4bb9-a246-101c53d2d47b
2019-10-25 11:07:47,838 [grpc-default-executor-9] INFO  impl.RoleInfo (RoleInfo.java:shutdownFollowerState(121)) - 7fad1e98-7a6b-4998-a30c-ec1ab88068bc: shutdown FollowerState
2019-10-25 11:07:47,838 [Thread-4329] INFO  impl.FollowerState (FollowerState.java:run(117)) - bdb27072-dd00-4d3b-a7da-41600e490ca3@group-49E82E920F3F-FollowerState was interrupted: java.lang.InterruptedException: sleep interrupted
2019-10-25 11:07:47,838 [grpc-default-executor-1] INFO  impl.RoleInfo (RoleInfo.java:updateAndGet(143)) - bdb27072-dd00-4d3b-a7da-41600e490ca3: start FollowerState
2019-10-25 11:07:47,839 [Thread-4328] INFO  impl.FollowerState (FollowerState.java:run(117)) - 7fad1e98-7a6b-4998-a30c-ec1ab88068bc@group-49E82E920F3F-FollowerState was interrupted: java.lang.InterruptedException: sleep interrupted
2019-10-25 11:07:47,839 [grpc-default-executor-9] INFO  impl.RoleInfo (RoleInfo.java:updateAndGet(143)) - 7fad1e98-7a6b-4998-a30c-ec1ab88068bc: start FollowerState
2019-10-25 11:07:47,855 [f6cfa8a2-85ff-4bb9-a246-101c53d2d47b@group-49E82E920F3F-LeaderElection509] INFO  impl.LeaderElection (LeaderElection.java:logAndReturn(56)) - f6cfa8a2-85ff-4bb9-a246-101c53d2d47b@group-49E82E920F3F-LeaderElection509: Election REJECTED; received 2 response(s) [f6cfa8a2-85ff-4bb9-a246-101c53d2d47b<-7fad1e98-7a6b-4998-a30c-ec1ab88068bc#0:FAIL-t87, f6cfa8a2-85ff-4bb9-a246-101c53d2d47b<-bdb27072-dd00-4d3b-a7da-41600e490ca3#0:FAIL-t87] and 0 exception(s); f6cfa8a2-85ff-4bb9-a246-101c53d2d47b@group-49E82E920F3F:t87, leader=null, voted=f6cfa8a2-85ff-4bb9-a246-101c53d2d47b, raftlog=f6cfa8a2-85ff-4bb9-a246-101c53d2d47b@group-49E82E920F3F-SegmentedRaftLog:OPENED:c-1,f-1,i0, conf=-1: [7fad1e98-7a6b-4998-a30c-ec1ab88068bc:192.168.157.233:35716, bdb27072-dd00-4d3b-a7da-41600e490ca3:192.168.157.233:42906, f6cfa8a2-85ff-4bb9-a246-101c53d2d47b:192.168.157.233:44618], old=null
2019-10-25 11:07:47,855 [f6cfa8a2-85ff-4bb9-a246-101c53d2d47b@group-49E82E920F3F-LeaderElection509] INFO  impl.RaftServerImpl (RaftServerImpl.java:setRole(184)) - f6cfa8a2-85ff-4bb9-a246-101c53d2d47b@group-49E82E920F3F: changes role from CANDIDATE to FOLLOWER at term 87 for DISCOVERED_A_NEW_TERM
2019-10-25 11:07:47,856 [f6cfa8a2-85ff-4bb9-a246-101c53d2d47b@group-49E82E920F3F-LeaderElection509] INFO  impl.RoleInfo (RoleInfo.java:shutdownLeaderElection(134)) - f6cfa8a2-85ff-4bb9-a246-101c53d2d47b: shutdown LeaderElection
2019-10-25 11:07:47,856 [f6cfa8a2-85ff-4bb9-a246-101c53d2d47b@group-49E82E920F3F-LeaderElection509] INFO  impl.RoleInfo (RoleInfo.java:updateAndGet(143)) - f6cfa8a2-85ff-4bb9-a246-101c53d2d47b: start FollowerState
2019-10-25 11:07:47,945 [Thread-4336] INFO  impl.FollowerState (FollowerState.java:run(108)) - f6cfa8a2-85ff-4bb9-a246-101c53d2d47b@group-49E82E920F3F-FollowerState: change to CANDIDATE, lastRpcTime:89ms, electionTimeout:89ms
2019-10-25 11:07:47,945 [Thread-4336] INFO  impl.RoleInfo (RoleInfo.java:shutdownFollowerState(121)) - f6cfa8a2-85ff-4bb9-a246-101c53d2d47b: shutdown FollowerState
2019-10-25 11:07:47,945 [Thread-4336] INFO  impl.RaftServerImpl (RaftServerImpl.java:setRole(184)) - f6cfa8a2-85ff-4bb9-a246-101c53d2d47b@group-49E82E920F3F: changes role from  FOLLOWER to CANDIDATE at term 87 for changeToCandidate
2019-10-25 11:07:47,945 [Thread-4336] INFO  impl.RoleInfo (RoleInfo.java:updateAndGet(143)) - f6cfa8a2-85ff-4bb9-a246-101c53d2d47b: start LeaderElection
2019-10-25 11:07:47,967 [f6cfa8a2-85ff-4bb9-a246-101c53d2d47b@group-49E82E920F3F-LeaderElection510] INFO  impl.LeaderElection (LeaderElection.java:askForVotes(178)) - f6cfa8a2-85ff-4bb9-a246-101c53d2d47b@group-49E82E920F3F-LeaderElection510: begin an election at term 88 for -1: [7fad1e98-7a6b-4998-a30c-ec1ab88068bc:192.168.157.233:35716, bdb27072-dd00-4d3b-a7da-41600e490ca3:192.168.157.233:42906, f6cfa8a2-85ff-4bb9-a246-101c53d2d47b:192.168.157.233:44618], old=null
2019-10-25 11:07:47,969 [grpc-default-executor-1] INFO  impl.RaftServerImpl (RaftServerImpl.java:setRole(184)) - bdb27072-dd00-4d3b-a7da-41600e490ca3@group-49E82E920F3F: changes role from  FOLLOWER to FOLLOWER at term 88 for recognizeCandidate:f6cfa8a2-85ff-4bb9-a246-101c53d2d47b
2019-10-25 11:07:47,969 [grpc-default-executor-1] INFO  impl.RoleInfo (RoleInfo.java:shutdownFollowerState(121)) - bdb27072-dd00-4d3b-a7da-41600e490ca3: shutdown FollowerState
2019-10-25 11:07:47,969 [grpc-default-executor-9] INFO  impl.RaftServerImpl (RaftServerImpl.java:setRole(184)) - 7fad1e98-7a6b-4998-a30c-ec1ab88068bc@group-49E82E920F3F: changes role from  FOLLOWER to FOLLOWER at term 88 for recognizeCandidate:f6cfa8a2-85ff-4bb9-a246-101c53d2d47b
2019-10-25 11:07:47,969 [Thread-4334] INFO  impl.FollowerState (FollowerState.java:run(117)) - bdb27072-dd00-4d3b-a7da-41600e490ca3@group-49E82E920F3F-FollowerState was interrupted: java.lang.InterruptedException: sleep interrupted
2019-10-25 11:07:47,969 [grpc-default-executor-1] INFO  impl.RoleInfo (RoleInfo.java:updateAndGet(143)) - bdb27072-dd00-4d3b-a7da-41600e490ca3: start FollowerState
2019-10-25 11:07:47,969 [grpc-default-executor-9] INFO  impl.RoleInfo (RoleInfo.java:shutdownFollowerState(121)) - 7fad1e98-7a6b-4998-a30c-ec1ab88068bc: shutdown FollowerState
2019-10-25 11:07:47,970 [grpc-default-executor-9] INFO  impl.RoleInfo (RoleInfo.java:updateAndGet(143)) - 7fad1e98-7a6b-4998-a30c-ec1ab88068bc: start FollowerState
2019-10-25 11:07:47,970 [Thread-4335] INFO  impl.FollowerState (FollowerState.java:run(117)) - 7fad1e98-7a6b-4998-a30c-ec1ab88068bc@group-49E82E920F3F-FollowerState was interrupted: java.lang.InterruptedException: sleep interrupted
2019-10-25 11:07:47,984 [f6cfa8a2-85ff-4bb9-a246-101c53d2d47b@group-49E82E920F3F-LeaderElection510] INFO  impl.LeaderElection (LeaderElection.java:logAndReturn(56)) - f6cfa8a2-85ff-4bb9-a246-101c53d2d47b@group-49E82E920F3F-LeaderElection510: Election REJECTED; received 2 response(s) [f6cfa8a2-85ff-4bb9-a246-101c53d2d47b<-7fad1e98-7a6b-4998-a30c-ec1ab88068bc#0:FAIL-t88, f6cfa8a2-85ff-4bb9-a246-101c53d2d47b<-bdb27072-dd00-4d3b-a7da-41600e490ca3#0:FAIL-t88] and 0 exception(s); f6cfa8a2-85ff-4bb9-a246-101c53d2d47b@group-49E82E920F3F:t88, leader=null, voted=f6cfa8a2-85ff-4bb9-a246-101c53d2d47b, raftlog=f6cfa8a2-85ff-4bb9-a246-101c53d2d47b@group-49E82E920F3F-SegmentedRaftLog:OPENED:c-1,f-1,i0, conf=-1: [7fad1e98-7a6b-4998-a30c-ec1ab88068bc:192.168.157.233:35716, bdb27072-dd00-4d3b-a7da-41600e490ca3:192.168.157.233:42906, f6cfa8a2-85ff-4bb9-a246-101c53d2d47b:192.168.157.233:44618], old=null
2019-10-25 11:07:47,984 [f6cfa8a2-85ff-4bb9-a246-101c53d2d47b@group-49E82E920F3F-LeaderElection510] INFO  impl.RaftServerImpl (RaftServerImpl.java:setRole(184)) - f6cfa8a2-85ff-4bb9-a246-101c53d2d47b@group-49E82E920F3F: changes role from CANDIDATE to FOLLOWER at term 88 for DISCOVERED_A_NEW_TERM
2019-10-25 11:07:47,984 [f6cfa8a2-85ff-4bb9-a246-101c53d2d47b@group-49E82E920F3F-LeaderElection510] INFO  impl.RoleInfo (RoleInfo.java:shutdownLeaderElection(134)) - f6cfa8a2-85ff-4bb9-a246-101c53d2d47b: shutdown LeaderElection
2019-10-25 11:07:47,984 [f6cfa8a2-85ff-4bb9-a246-101c53d2d47b@group-49E82E920F3F-LeaderElection510] INFO  impl.RoleInfo (RoleInfo.java:updateAndGet(143)) - f6cfa8a2-85ff-4bb9-a246-101c53d2d47b: start FollowerState
2019-10-25 11:07:47,994 [Thread-4346] INFO  impl.FollowerState (FollowerState.java:run(108)) - f6cfa8a2-85ff-4bb9-a246-101c53d2d47b@group-49E82E920F3F-FollowerState: change to CANDIDATE, lastRpcTime:9ms, electionTimeout:9ms
2019-10-25 11:07:47,994 [Thread-4346] INFO  impl.RoleInfo (RoleInfo.java:shutdownFollowerState(121)) - f6cfa8a2-85ff-4bb9-a246-101c53d2d47b: shutdown FollowerState
2019-10-25 11:07:47,994 [Thread-4346] INFO  impl.RaftServerImpl (RaftServerImpl.java:setRole(184)) - f6cfa8a2-85ff-4bb9-a246-101c53d2d47b@group-49E82E920F3F: changes role from  FOLLOWER to CANDIDATE at term 88 for changeToCandidate
2019-10-25 11:07:47,994 [Thread-4346] INFO  impl.RoleInfo (RoleInfo.java:updateAndGet(143)) - f6cfa8a2-85ff-4bb9-a246-101c53d2d47b: start LeaderElection
2019-10-25 11:07:48,007 [f6cfa8a2-85ff-4bb9-a246-101c53d2d47b@group-49E82E920F3F-LeaderElection511] INFO  impl.LeaderElection (LeaderElection.java:askForVotes(178)) - f6cfa8a2-85ff-4bb9-a246-101c53d2d47b@group-49E82E920F3F-LeaderElection511: begin an election at term 89 for -1: [7fad1e98-7a6b-4998-a30c-ec1ab88068bc:192.168.157.233:35716, bdb27072-dd00-4d3b-a7da-41600e490ca3:192.168.157.233:42906, f6cfa8a2-85ff-4bb9-a246-101c53d2d47b:192.168.157.233:44618], old=null
2019-10-25 11:07:48,008 [grpc-default-executor-1] INFO  impl.RaftServerImpl (RaftServerImpl.java:setRole(184)) - 7fad1e98-7a6b-4998-a30c-ec1ab88068bc@group-49E82E920F3F: changes role from  FOLLOWER to FOLLOWER at term 89 for recognizeCandidate:f6cfa8a2-85ff-4bb9-a246-101c53d2d47b
2019-10-25 11:07:48,008 [grpc-default-executor-1] INFO  impl.RoleInfo (RoleInfo.java:shutdownFollowerState(121)) - 7fad1e98-7a6b-4998-a30c-ec1ab88068bc: shutdown FollowerState
2019-10-25 11:07:48,008 [grpc-default-executor-9] INFO  impl.RaftServerImpl (RaftServerImpl.java:setRole(184)) - bdb27072-dd00-4d3b-a7da-41600e490ca3@group-49E82E920F3F: changes role from  FOLLOWER to FOLLOWER at term 89 for recognizeCandidate:f6cfa8a2-85ff-4bb9-a246-101c53d2d47b
2019-10-25 11:07:48,009 [grpc-default-executor-9] INFO  impl.RoleInfo (RoleInfo.java:shutdownFollowerState(121)) - bdb27072-dd00-4d3b-a7da-41600e490ca3: shutdown FollowerState
2019-10-25 11:07:48,008 [Thread-4345] INFO  impl.FollowerState (FollowerState.java:run(117)) - 7fad1e98-7a6b-4998-a30c-ec1ab88068bc@group-49E82E920F3F-FollowerState was interrupted: java.lang.InterruptedException: sleep interrupted
2019-10-25 11:07:48,008 [grpc-default-executor-1] INFO  impl.RoleInfo (RoleInfo.java:updateAndGet(143)) - 7fad1e98-7a6b-4998-a30c-ec1ab88068bc: start FollowerState
2019-10-25 11:07:48,009 [Thread-4344] INFO  impl.FollowerState (FollowerState.java:run(117)) - bdb27072-dd00-4d3b-a7da-41600e490ca3@group-49E82E920F3F-FollowerState was interrupted: java.lang.InterruptedException: sleep interrupted
2019-10-25 11:07:48,009 [grpc-default-executor-9] INFO  impl.RoleInfo (RoleInfo.java:updateAndGet(143)) - bdb27072-dd00-4d3b-a7da-41600e490ca3: start FollowerState
2019-10-25 11:07:48,022 [f6cfa8a2-85ff-4bb9-a246-101c53d2d47b@group-49E82E920F3F-LeaderElection511] INFO  impl.LeaderElection (LeaderElection.java:logAndReturn(56)) - f6cfa8a2-85ff-4bb9-a246-101c53d2d47b@group-49E82E920F3F-LeaderElection511: Election REJECTED; received 2 response(s) [f6cfa8a2-85ff-4bb9-a246-101c53d2d47b<-7fad1e98-7a6b-4998-a30c-ec1ab88068bc#0:FAIL-t89, f6cfa8a2-85ff-4bb9-a246-101c53d2d47b<-bdb27072-dd00-4d3b-a7da-41600e490ca3#0:FAIL-t89] and 0 exception(s); f6cfa8a2-85ff-4bb9-a246-101c53d2d47b@group-49E82E920F3F:t89, leader=null, voted=f6cfa8a2-85ff-4bb9-a246-101c53d2d47b, raftlog=f6cfa8a2-85ff-4bb9-a246-101c53d2d47b@group-49E82E920F3F-SegmentedRaftLog:OPENED:c-1,f-1,i0, conf=-1: [7fad1e98-7a6b-4998-a30c-ec1ab88068bc:192.168.157.233:35716, bdb27072-dd00-4d3b-a7da-41600e490ca3:192.168.157.233:42906, f6cfa8a2-85ff-4bb9-a246-101c53d2d47b:192.168.157.233:44618], old=null
2019-10-25 11:07:48,023 [f6cfa8a2-85ff-4bb9-a246-101c53d2d47b@group-49E82E920F3F-LeaderElection511] INFO  impl.RaftServerImpl (RaftServerImpl.java:setRole(184)) - f6cfa8a2-85ff-4bb9-a246-101c53d2d47b@group-49E82E920F3F: changes role from CANDIDATE to FOLLOWER at term 89 for DISCOVERED_A_NEW_TERM
2019-10-25 11:07:48,023 [f6cfa8a2-85ff-4bb9-a246-101c53d2d47b@group-49E82E920F3F-LeaderElection511] INFO  impl.RoleInfo (RoleInfo.java:shutdownLeaderElection(134)) - f6cfa8a2-85ff-4bb9-a246-101c53d2d47b: shutdown LeaderElection
2019-10-25 11:07:48,023 [f6cfa8a2-85ff-4bb9-a246-101c53d2d47b@group-49E82E920F3F-LeaderElection511] INFO  impl.RoleInfo (RoleInfo.java:updateAndGet(143)) - f6cfa8a2-85ff-4bb9-a246-101c53d2d47b: start FollowerState
2019-10-25 11:07:48,166 [Thread-4352] INFO  impl.FollowerState (FollowerState.java:run(108)) - f6cfa8a2-85ff-4bb9-a246-101c53d2d47b@group-49E82E920F3F-FollowerState: change to CANDIDATE, lastRpcTime:143ms, electionTimeout:143ms
2019-10-25 11:07:48,166 [Thread-4352] INFO  impl.RoleInfo (RoleInfo.java:shutdownFollowerState(121)) - f6cfa8a2-85ff-4bb9-a246-101c53d2d47b: shutdown FollowerState
2019-10-25 11:07:48,166 [Thread-4352] INFO  impl.RaftServerImpl (RaftServerImpl.java:setRole(184)) - f6cfa8a2-85ff-4bb9-a246-101c53d2d47b@group-49E82E920F3F: changes role from  FOLLOWER to CANDIDATE at term 89 for changeToCandidate
2019-10-25 11:07:48,166 [Thread-4352] INFO  impl.RoleInfo (RoleInfo.java:updateAndGet(143)) - f6cfa8a2-85ff-4bb9-a246-101c53d2d47b: start LeaderElection
2019-10-25 11:07:48,181 [f6cfa8a2-85ff-4bb9-a246-101c53d2d47b@group-49E82E920F3F-LeaderElection512] INFO  impl.LeaderElection (LeaderElection.java:askForVotes(178)) - f6cfa8a2-85ff-4bb9-a246-101c53d2d47b@group-49E82E920F3F-LeaderElection512: begin an election at term 90 for -1: [7fad1e98-7a6b-4998-a30c-ec1ab88068bc:192.168.157.233:35716, bdb27072-dd00-4d3b-a7da-41600e490ca3:192.168.157.233:42906, f6cfa8a2-85ff-4bb9-a246-101c53d2d47b:192.168.157.233:44618], old=null
2019-10-25 11:07:48,182 [grpc-default-executor-9] INFO  impl.RaftServerImpl (RaftServerImpl.java:setRole(184)) - 7fad1e98-7a6b-4998-a30c-ec1ab88068bc@group-49E82E920F3F: changes role from  FOLLOWER to FOLLOWER at term 90 for recognizeCandidate:f6cfa8a2-85ff-4bb9-a246-101c53d2d47b
2019-10-25 11:07:48,182 [grpc-default-executor-1] INFO  impl.RaftServerImpl (RaftServerImpl.java:setRole(184)) - bdb27072-dd00-4d3b-a7da-41600e490ca3@group-49E82E920F3F: changes role from  FOLLOWER to FOLLOWER at term 90 for recognizeCandidate:f6cfa8a2-85ff-4bb9-a246-101c53d2d47b
2019-10-25 11:07:48,182 [grpc-default-executor-1] INFO  impl.RoleInfo (RoleInfo.java:shutdownFollowerState(121)) - bdb27072-dd00-4d3b-a7da-41600e490ca3: shutdown FollowerState
2019-10-25 11:07:48,182 [grpc-default-executor-9] INFO  impl.RoleInfo (RoleInfo.java:shutdownFollowerState(121)) - 7fad1e98-7a6b-4998-a30c-ec1ab88068bc: shutdown FollowerState
2019-10-25 11:07:48,182 [Thread-4351] INFO  impl.FollowerState (FollowerState.java:run(117)) - bdb27072-dd00-4d3b-a7da-41600e490ca3@group-49E82E920F3F-FollowerState was interrupted: java.lang.InterruptedException: sleep interrupted
2019-10-25 11:07:48,182 [grpc-default-executor-1] INFO  impl.RoleInfo (RoleInfo.java:updateAndGet(143)) - bdb27072-dd00-4d3b-a7da-41600e490ca3: start FollowerState
2019-10-25 11:07:48,182 [Thread-4350] INFO  impl.FollowerState (FollowerState.java:run(117)) - 7fad1e98-7a6b-4998-a30c-ec1ab88068bc@group-49E82E920F3F-FollowerState was interrupted: java.lang.InterruptedException: sleep interrupted
2019-10-25 11:07:48,182 [grpc-default-executor-9] INFO  impl.RoleInfo (RoleInfo.java:updateAndGet(143)) - 7fad1e98-7a6b-4998-a30c-ec1ab88068bc: start FollowerState
2019-10-25 11:07:48,197 [f6cfa8a2-85ff-4bb9-a246-101c53d2d47b@group-49E82E920F3F-LeaderElection512] INFO  impl.LeaderElection (LeaderElection.java:logAndReturn(56)) - f6cfa8a2-85ff-4bb9-a246-101c53d2d47b@group-49E82E920F3F-LeaderElection512: Election REJECTED; received 2 response(s) [f6cfa8a2-85ff-4bb9-a246-101c53d2d47b<-7fad1e98-7a6b-4998-a30c-ec1ab88068bc#0:FAIL-t90, f6cfa8a2-85ff-4bb9-a246-101c53d2d47b<-bdb27072-dd00-4d3b-a7da-41600e490ca3#0:FAIL-t90] and 0 exception(s); f6cfa8a2-85ff-4bb9-a246-101c53d2d47b@group-49E82E920F3F:t90, leader=null, voted=f6cfa8a2-85ff-4bb9-a246-101c53d2d47b, raftlog=f6cfa8a2-85ff-4bb9-a246-101c53d2d47b@group-49E82E920F3F-SegmentedRaftLog:OPENED:c-1,f-1,i0, conf=-1: [7fad1e98-7a6b-4998-a30c-ec1ab88068bc:192.168.157.233:35716, bdb27072-dd00-4d3b-a7da-41600e490ca3:192.168.157.233:42906, f6cfa8a2-85ff-4bb9-a246-101c53d2d47b:192.168.157.233:44618], old=null
2019-10-25 11:07:48,197 [f6cfa8a2-85ff-4bb9-a246-101c53d2d47b@group-49E82E920F3F-LeaderElection512] INFO  impl.RaftServerImpl (RaftServerImpl.java:setRole(184)) - f6cfa8a2-85ff-4bb9-a246-101c53d2d47b@group-49E82E920F3F: changes role from CANDIDATE to FOLLOWER at term 90 for DISCOVERED_A_NEW_TERM
2019-10-25 11:07:48,197 [f6cfa8a2-85ff-4bb9-a246-101c53d2d47b@group-49E82E920F3F-LeaderElection512] INFO  impl.RoleInfo (RoleInfo.java:shutdownLeaderElection(134)) - f6cfa8a2-85ff-4bb9-a246-101c53d2d47b: shutdown LeaderElection
2019-10-25 11:07:48,197 [f6cfa8a2-85ff-4bb9-a246-101c53d2d47b@group-49E82E920F3F-LeaderElection512] INFO  impl.RoleInfo (RoleInfo.java:updateAndGet(143)) - f6cfa8a2-85ff-4bb9-a246-101c53d2d47b: start FollowerState
2019-10-25 11:07:48,240 [Thread-4358] INFO  impl.FollowerState (FollowerState.java:run(108)) - f6cfa8a2-85ff-4bb9-a246-101c53d2d47b@group-49E82E920F3F-FollowerState: change to CANDIDATE, lastRpcTime:42ms, electionTimeout:42ms
2019-10-25 11:07:48,240 [Thread-4358] INFO  impl.RoleInfo (RoleInfo.java:shutdownFollowerState(121)) - f6cfa8a2-85ff-4bb9-a246-101c53d2d47b: shutdown FollowerState
2019-10-25 11:07:48,240 [Thread-4358] INFO  impl.RaftServerImpl (RaftServerImpl.java:setRole(184)) - f6cfa8a2-85ff-4bb9-a246-101c53d2d47b@group-49E82E920F3F: changes role from  FOLLOWER to CANDIDATE at term 90 for changeToCandidate
2019-10-25 11:07:48,240 [Thread-4358] INFO  impl.RoleInfo (RoleInfo.java:updateAndGet(143)) - f6cfa8a2-85ff-4bb9-a246-101c53d2d47b: start LeaderElection
2019-10-25 11:07:48,253 [f6cfa8a2-85ff-4bb9-a246-101c53d2d47b@group-49E82E920F3F-LeaderElection513] INFO  impl.LeaderElection (LeaderElection.java:askForVotes(178)) - f6cfa8a2-85ff-4bb9-a246-101c53d2d47b@group-49E82E920F3F-LeaderElection513: begin an election at term 91 for -1: [7fad1e98-7a6b-4998-a30c-ec1ab88068bc:192.168.157.233:35716, bdb27072-dd00-4d3b-a7da-41600e490ca3:192.168.157.233:42906, f6cfa8a2-85ff-4bb9-a246-101c53d2d47b:192.168.157.233:44618], old=null
2019-10-25 11:07:48,254 [grpc-default-executor-1] INFO  impl.RaftServerImpl (RaftServerImpl.java:setRole(184)) - 7fad1e98-7a6b-4998-a30c-ec1ab88068bc@group-49E82E920F3F: changes role from  FOLLOWER to FOLLOWER at term 91 for recognizeCandidate:f6cfa8a2-85ff-4bb9-a246-101c53d2d47b
2019-10-25 11:07:48,254 [grpc-default-executor-1] INFO  impl.RoleInfo (RoleInfo.java:shutdownFollowerState(121)) - 7fad1e98-7a6b-4998-a30c-ec1ab88068bc: shutdown FollowerState
2019-10-25 11:07:48,254 [grpc-default-executor-1] INFO  impl.RoleInfo (RoleInfo.java:updateAndGet(143)) - 7fad1e98-7a6b-4998-a30c-ec1ab88068bc: start FollowerState
2019-10-25 11:07:48,254 [grpc-default-executor-9] INFO  impl.RaftServerImpl (RaftServerImpl.java:setRole(184)) - bdb27072-dd00-4d3b-a7da-41600e490ca3@group-49E82E920F3F: changes role from  FOLLOWER to FOLLOWER at term 91 for recognizeCandidate:f6cfa8a2-85ff-4bb9-a246-101c53d2d47b
2019-10-25 11:07:48,254 [grpc-default-executor-9] INFO  impl.RoleInfo (RoleInfo.java:shutdownFollowerState(121)) - bdb27072-dd00-4d3b-a7da-41600e490ca3: shutdown FollowerState
2019-10-25 11:07:48,254 [Thread-4357] INFO  impl.FollowerState (FollowerState.java:run(117)) - 7fad1e98-7a6b-4998-a30c-ec1ab88068bc@group-49E82E920F3F-FollowerState was interrupted: java.lang.InterruptedException: sleep interrupted
2019-10-25 11:07:48,255 [Thread-4356] INFO  impl.FollowerState (FollowerState.java:run(117)) - bdb27072-dd00-4d3b-a7da-41600e490ca3@group-49E82E920F3F-FollowerState was interrupted: java.lang.InterruptedException: sleep interrupted
2019-10-25 11:07:48,255 [grpc-default-executor-9] INFO  impl.RoleInfo (RoleInfo.java:updateAndGet(143)) - bdb27072-dd00-4d3b-a7da-41600e490ca3: start FollowerState
2019-10-25 11:07:48,269 [f6cfa8a2-85ff-4bb9-a246-101c53d2d47b@group-49E82E920F3F-LeaderElection513] INFO  impl.LeaderElection (LeaderElection.java:logAndReturn(56)) - f6cfa8a2-85ff-4bb9-a246-101c53d2d47b@group-49E82E920F3F-LeaderElection513: Election REJECTED; received 2 response(s) [f6cfa8a2-85ff-4bb9-a246-101c53d2d47b<-7fad1e98-7a6b-4998-a30c-ec1ab88068bc#0:FAIL-t91, f6cfa8a2-85ff-4bb9-a246-101c53d2d47b<-bdb27072-dd00-4d3b-a7da-41600e490ca3#0:FAIL-t91] and 0 exception(s); f6cfa8a2-85ff-4bb9-a246-101c53d2d47b@group-49E82E920F3F:t91, leader=null, voted=f6cfa8a2-85ff-4bb9-a246-101c53d2d47b, raftlog=f6cfa8a2-85ff-4bb9-a246-101c53d2d47b@group-49E82E920F3F-SegmentedRaftLog:OPENED:c-1,f-1,i0, conf=-1: [7fad1e98-7a6b-4998-a30c-ec1ab88068bc:192.168.157.233:35716, bdb27072-dd00-4d3b-a7da-41600e490ca3:192.168.157.233:42906, f6cfa8a2-85ff-4bb9-a246-101c53d2d47b:192.168.157.233:44618], old=null
2019-10-25 11:07:48,269 [f6cfa8a2-85ff-4bb9-a246-101c53d2d47b@group-49E82E920F3F-LeaderElection513] INFO  impl.RaftServerImpl (RaftServerImpl.java:setRole(184)) - f6cfa8a2-85ff-4bb9-a246-101c53d2d47b@group-49E82E920F3F: changes role from CANDIDATE to FOLLOWER at term 91 for DISCOVERED_A_NEW_TERM
2019-10-25 11:07:48,269 [f6cfa8a2-85ff-4bb9-a246-101c53d2d47b@group-49E82E920F3F-LeaderElection513] INFO  impl.RoleInfo (RoleInfo.java:shutdownLeaderElection(134)) - f6cfa8a2-85ff-4bb9-a246-101c53d2d47b: shutdown LeaderElection
2019-10-25 11:07:48,269 [f6cfa8a2-85ff-4bb9-a246-101c53d2d47b@group-49E82E920F3F-LeaderElection513] INFO  impl.RoleInfo (RoleInfo.java:updateAndGet(143)) - f6cfa8a2-85ff-4bb9-a246-101c53d2d47b: start FollowerState
2019-10-25 11:07:48,278 [Thread-4364] INFO  impl.FollowerState (FollowerState.java:run(108)) - f6cfa8a2-85ff-4bb9-a246-101c53d2d47b@group-49E82E920F3F-FollowerState: change to CANDIDATE, lastRpcTime:8ms, electionTimeout:8ms
2019-10-25 11:07:48,278 [Thread-4364] INFO  impl.RoleInfo (RoleInfo.java:shutdownFollowerState(121)) - f6cfa8a2-85ff-4bb9-a246-101c53d2d47b: shutdown FollowerState
2019-10-25 11:07:48,278 [Thread-4364] INFO  impl.RaftServerImpl (RaftServerImpl.java:setRole(184)) - f6cfa8a2-85ff-4bb9-a246-101c53d2d47b@group-49E82E920F3F: changes role from  FOLLOWER to CANDIDATE at term 91 for changeToCandidate
2019-10-25 11:07:48,278 [Thread-4364] INFO  impl.RoleInfo (RoleInfo.java:updateAndGet(143)) - f6cfa8a2-85ff-4bb9-a246-101c53d2d47b: start LeaderElection
2019-10-25 11:07:48,291 [f6cfa8a2-85ff-4bb9-a246-101c53d2d47b@group-49E82E920F3F-LeaderElection514] INFO  impl.LeaderElection (LeaderElection.java:askForVotes(178)) - f6cfa8a2-85ff-4bb9-a246-101c53d2d47b@group-49E82E920F3F-LeaderElection514: begin an election at term 92 for -1: [7fad1e98-7a6b-4998-a30c-ec1ab88068bc:192.168.157.233:35716, bdb27072-dd00-4d3b-a7da-41600e490ca3:192.168.157.233:42906, f6cfa8a2-85ff-4bb9-a246-101c53d2d47b:192.168.157.233:44618], old=null
2019-10-25 11:07:48,293 [grpc-default-executor-9] INFO  impl.RaftServerImpl (RaftServerImpl.java:setRole(184)) - 7fad1e98-7a6b-4998-a30c-ec1ab88068bc@group-49E82E920F3F: changes role from  FOLLOWER to FOLLOWER at term 92 for recognizeCandidate:f6cfa8a2-85ff-4bb9-a246-101c53d2d47b
2019-10-25 11:07:48,293 [grpc-default-executor-9] INFO  impl.RoleInfo (RoleInfo.java:shutdownFollowerState(121)) - 7fad1e98-7a6b-4998-a30c-ec1ab88068bc: shutdown FollowerState
2019-10-25 11:07:48,293 [grpc-default-executor-9] INFO  impl.RoleInfo (RoleInfo.java:updateAndGet(143)) - 7fad1e98-7a6b-4998-a30c-ec1ab88068bc: start FollowerState
2019-10-25 11:07:48,293 [grpc-default-executor-1] INFO  impl.RaftServerImpl (RaftServerImpl.java:setRole(184)) - bdb27072-dd00-4d3b-a7da-41600e490ca3@group-49E82E920F3F: changes role from  FOLLOWER to FOLLOWER at term 92 for recognizeCandidate:f6cfa8a2-85ff-4bb9-a246-101c53d2d47b
2019-10-25 11:07:48,293 [Thread-4362] INFO  impl.FollowerState (FollowerState.java:run(117)) - 7fad1e98-7a6b-4998-a30c-ec1ab88068bc@group-49E82E920F3F-FollowerState was interrupted: java.lang.InterruptedException: sleep interrupted
2019-10-25 11:07:48,293 [grpc-default-executor-1] INFO  impl.RoleInfo (RoleInfo.java:shutdownFollowerState(121)) - bdb27072-dd00-4d3b-a7da-41600e490ca3: shutdown FollowerState
2019-10-25 11:07:48,294 [grpc-default-executor-1] INFO  impl.RoleInfo (RoleInfo.java:updateAndGet(143)) - bdb27072-dd00-4d3b-a7da-41600e490ca3: start FollowerState
2019-10-25 11:07:48,294 [Thread-4363] INFO  impl.FollowerState (FollowerState.java:run(117)) - bdb27072-dd00-4d3b-a7da-41600e490ca3@group-49E82E920F3F-FollowerState was interrupted: java.lang.InterruptedException: sleep interrupted
2019-10-25 11:07:48,308 [f6cfa8a2-85ff-4bb9-a246-101c53d2d47b@group-49E82E920F3F-LeaderElection514] INFO  impl.LeaderElection (LeaderElection.java:logAndReturn(56)) - f6cfa8a2-85ff-4bb9-a246-101c53d2d47b@group-49E82E920F3F-LeaderElection514: Election REJECTED; received 2 response(s) [f6cfa8a2-85ff-4bb9-a246-101c53d2d47b<-7fad1e98-7a6b-4998-a30c-ec1ab88068bc#0:FAIL-t92, f6cfa8a2-85ff-4bb9-a246-101c53d2d47b<-bdb27072-dd00-4d3b-a7da-41600e490ca3#0:FAIL-t92] and 0 exception(s); f6cfa8a2-85ff-4bb9-a246-101c53d2d47b@group-49E82E920F3F:t92, leader=null, voted=f6cfa8a2-85ff-4bb9-a246-101c53d2d47b, raftlog=f6cfa8a2-85ff-4bb9-a246-101c53d2d47b@group-49E82E920F3F-SegmentedRaftLog:OPENED:c-1,f-1,i0, conf=-1: [7fad1e98-7a6b-4998-a30c-ec1ab88068bc:192.168.157.233:35716, bdb27072-dd00-4d3b-a7da-41600e490ca3:192.168.157.233:42906, f6cfa8a2-85ff-4bb9-a246-101c53d2d47b:192.168.157.233:44618], old=null
2019-10-25 11:07:48,308 [f6cfa8a2-85ff-4bb9-a246-101c53d2d47b@group-49E82E920F3F-LeaderElection514] INFO  impl.RaftServerImpl (RaftServerImpl.java:setRole(184)) - f6cfa8a2-85ff-4bb9-a246-101c53d2d47b@group-49E82E920F3F: changes role from CANDIDATE to FOLLOWER at term 92 for DISCOVERED_A_NEW_TERM
2019-10-25 11:07:48,308 [f6cfa8a2-85ff-4bb9-a246-101c53d2d47b@group-49E82E920F3F-LeaderElection514] INFO  impl.RoleInfo (RoleInfo.java:shutdownLeaderElection(134)) - f6cfa8a2-85ff-4bb9-a246-101c53d2d47b: shutdown LeaderElection
2019-10-25 11:07:48,308 [f6cfa8a2-85ff-4bb9-a246-101c53d2d47b@group-49E82E920F3F-LeaderElection514] INFO  impl.RoleInfo (RoleInfo.java:updateAndGet(143)) - f6cfa8a2-85ff-4bb9-a246-101c53d2d47b: start FollowerState
2019-10-25 11:07:48,430 [Thread-4370] INFO  impl.FollowerState (FollowerState.java:run(108)) - f6cfa8a2-85ff-4bb9-a246-101c53d2d47b@group-49E82E920F3F-FollowerState: change to CANDIDATE, lastRpcTime:122ms, electionTimeout:122ms
2019-10-25 11:07:48,430 [Thread-4370] INFO  impl.RoleInfo (RoleInfo.java:shutdownFollowerState(121)) - f6cfa8a2-85ff-4bb9-a246-101c53d2d47b: shutdown FollowerState
2019-10-25 11:07:48,431 [Thread-4370] INFO  impl.RaftServerImpl (RaftServerImpl.java:setRole(184)) - f6cfa8a2-85ff-4bb9-a246-101c53d2d47b@group-49E82E920F3F: changes role from  FOLLOWER to CANDIDATE at term 92 for changeToCandidate
2019-10-25 11:07:48,431 [Thread-4370] INFO  impl.RoleInfo (RoleInfo.java:updateAndGet(143)) - f6cfa8a2-85ff-4bb9-a246-101c53d2d47b: start LeaderElection
2019-10-25 11:07:48,445 [f6cfa8a2-85ff-4bb9-a246-101c53d2d47b@group-49E82E920F3F-LeaderElection515] INFO  impl.LeaderElection (LeaderElection.java:askForVotes(178)) - f6cfa8a2-85ff-4bb9-a246-101c53d2d47b@group-49E82E920F3F-LeaderElection515: begin an election at term 93 for -1: [7fad1e98-7a6b-4998-a30c-ec1ab88068bc:192.168.157.233:35716, bdb27072-dd00-4d3b-a7da-41600e490ca3:192.168.157.233:42906, f6cfa8a2-85ff-4bb9-a246-101c53d2d47b:192.168.157.233:44618], old=null
2019-10-25 11:07:48,446 [grpc-default-executor-1] INFO  impl.RaftServerImpl (RaftServerImpl.java:setRole(184)) - 7fad1e98-7a6b-4998-a30c-ec1ab88068bc@group-49E82E920F3F: changes role from  FOLLOWER to FOLLOWER at term 93 for recognizeCandidate:f6cfa8a2-85ff-4bb9-a246-101c53d2d47b
2019-10-25 11:07:48,447 [grpc-default-executor-1] INFO  impl.RoleInfo (RoleInfo.java:shutdownFollowerState(121)) - 7fad1e98-7a6b-4998-a30c-ec1ab88068bc: shutdown FollowerState
2019-10-25 11:07:48,447 [grpc-default-executor-4] INFO  impl.RaftServerImpl (RaftServerImpl.java:setRole(184)) - bdb27072-dd00-4d3b-a7da-41600e490ca3@group-49E82E920F3F: changes role from  FOLLOWER to FOLLOWER at term 93 for recognizeCandidate:f6cfa8a2-85ff-4bb9-a246-101c53d2d47b
2019-10-25 11:07:48,447 [Thread-4368] INFO  impl.FollowerState (FollowerState.java:run(117)) - 7fad1e98-7a6b-4998-a30c-ec1ab88068bc@group-49E82E920F3F-FollowerState was interrupted: java.lang.InterruptedException: sleep interrupted
2019-10-25 11:07:48,447 [grpc-default-executor-1] INFO  impl.RoleInfo (RoleInfo.java:updateAndGet(143)) - 7fad1e98-7a6b-4998-a30c-ec1ab88068bc: start FollowerState
2019-10-25 11:07:48,447 [grpc-default-executor-4] INFO  impl.RoleInfo (RoleInfo.java:shutdownFollowerState(121)) - bdb27072-dd00-4d3b-a7da-41600e490ca3: shutdown FollowerState
2019-10-25 11:07:48,447 [grpc-default-executor-4] INFO  impl.RoleInfo (RoleInfo.java:updateAndGet(143)) - bdb27072-dd00-4d3b-a7da-41600e490ca3: start FollowerState
2019-10-25 11:07:48,447 [Thread-4369] INFO  impl.FollowerState (FollowerState.java:run(117)) - bdb27072-dd00-4d3b-a7da-41600e490ca3@group-49E82E920F3F-FollowerState was interrupted: java.lang.InterruptedException: sleep interrupted
2019-10-25 11:07:48,452 [f6cfa8a2-85ff-4bb9-a246-101c53d2d47b@group-49E82E920F3F-LeaderElection515] INFO  impl.LeaderElection (LeaderElection.java:logAndReturn(56)) - f6cfa8a2-85ff-4bb9-a246-101c53d2d47b@group-49E82E920F3F-LeaderElection515: Election TIMEOUT; received 0 response(s) [] and 0 exception(s); f6cfa8a2-85ff-4bb9-a246-101c53d2d47b@group-49E82E920F3F:t93, leader=null, voted=f6cfa8a2-85ff-4bb9-a246-101c53d2d47b, raftlog=f6cfa8a2-85ff-4bb9-a246-101c53d2d47b@group-49E82E920F3F-SegmentedRaftLog:OPENED:c-1,f-1,i0, conf=-1: [7fad1e98-7a6b-4998-a30c-ec1ab88068bc:192.168.157.233:35716, bdb27072-dd00-4d3b-a7da-41600e490ca3:192.168.157.233:42906, f6cfa8a2-85ff-4bb9-a246-101c53d2d47b:192.168.157.233:44618], old=null
2019-10-25 11:07:48,461 [f6cfa8a2-85ff-4bb9-a246-101c53d2d47b@group-49E82E920F3F-LeaderElection515] INFO  impl.LeaderElection (LeaderElection.java:askForVotes(178)) - f6cfa8a2-85ff-4bb9-a246-101c53d2d47b@group-49E82E920F3F-LeaderElection515: begin an election at term 94 for -1: [7fad1e98-7a6b-4998-a30c-ec1ab88068bc:192.168.157.233:35716, bdb27072-dd00-4d3b-a7da-41600e490ca3:192.168.157.233:42906, f6cfa8a2-85ff-4bb9-a246-101c53d2d47b:192.168.157.233:44618], old=null
2019-10-25 11:07:48,462 [grpc-default-executor-4] INFO  impl.RaftServerImpl (RaftServerImpl.java:setRole(184)) - 7fad1e98-7a6b-4998-a30c-ec1ab88068bc@group-49E82E920F3F: changes role from  FOLLOWER to FOLLOWER at term 94 for recognizeCandidate:f6cfa8a2-85ff-4bb9-a246-101c53d2d47b
2019-10-25 11:07:48,462 [grpc-default-executor-4] INFO  impl.RoleInfo (RoleInfo.java:shutdownFollowerState(121)) - 7fad1e98-7a6b-4998-a30c-ec1ab88068bc: shutdown FollowerState
2019-10-25 11:07:48,463 [grpc-default-executor-4] INFO  impl.RoleInfo (RoleInfo.java:updateAndGet(143)) - 7fad1e98-7a6b-4998-a30c-ec1ab88068bc: start FollowerState
2019-10-25 11:07:48,463 [Thread-4380] INFO  impl.FollowerState (FollowerState.java:run(117)) - 7fad1e98-7a6b-4998-a30c-ec1ab88068bc@group-49E82E920F3F-FollowerState was interrupted: java.lang.InterruptedException: sleep interrupted
2019-10-25 11:07:48,463 [grpc-default-executor-1] INFO  impl.RaftServerImpl (RaftServerImpl.java:setRole(184)) - bdb27072-dd00-4d3b-a7da-41600e490ca3@group-49E82E920F3F: changes role from  FOLLOWER to FOLLOWER at term 94 for recognizeCandidate:f6cfa8a2-85ff-4bb9-a246-101c53d2d47b
2019-10-25 11:07:48,463 [grpc-default-executor-1] INFO  impl.RoleInfo (RoleInfo.java:shutdownFollowerState(121)) - bdb27072-dd00-4d3b-a7da-41600e490ca3: shutdown FollowerState
2019-10-25 11:07:48,463 [grpc-default-executor-1] INFO  impl.RoleInfo (RoleInfo.java:updateAndGet(143)) - bdb27072-dd00-4d3b-a7da-41600e490ca3: start FollowerState
2019-10-25 11:07:48,463 [Thread-4381] INFO  impl.FollowerState (FollowerState.java:run(117)) - bdb27072-dd00-4d3b-a7da-41600e490ca3@group-49E82E920F3F-FollowerState was interrupted: java.lang.InterruptedException: sleep interrupted
2019-10-25 11:07:48,477 [f6cfa8a2-85ff-4bb9-a246-101c53d2d47b@group-49E82E920F3F-LeaderElection515] INFO  impl.LeaderElection (LeaderElection.java:logAndReturn(56)) - f6cfa8a2-85ff-4bb9-a246-101c53d2d47b@group-49E82E920F3F-LeaderElection515: Election REJECTED; received 2 response(s) [f6cfa8a2-85ff-4bb9-a246-101c53d2d47b<-7fad1e98-7a6b-4998-a30c-ec1ab88068bc#0:FAIL-t94, f6cfa8a2-85ff-4bb9-a246-101c53d2d47b<-bdb27072-dd00-4d3b-a7da-41600e490ca3#0:FAIL-t94] and 0 exception(s); f6cfa8a2-85ff-4bb9-a246-101c53d2d47b@group-49E82E920F3F:t94, leader=null, voted=f6cfa8a2-85ff-4bb9-a246-101c53d2d47b, raftlog=f6cfa8a2-85ff-4bb9-a246-101c53d2d47b@group-49E82E920F3F-SegmentedRaftLog:OPENED:c-1,f-1,i0, conf=-1: [7fad1e98-7a6b-4998-a30c-ec1ab88068bc:192.168.157.233:35716, bdb27072-dd00-4d3b-a7da-41600e490ca3:192.168.157.233:42906, f6cfa8a2-85ff-4bb9-a246-101c53d2d47b:192.168.157.233:44618], old=null
2019-10-25 11:07:48,477 [f6cfa8a2-85ff-4bb9-a246-101c53d2d47b@group-49E82E920F3F-LeaderElection515] INFO  impl.RaftServerImpl (RaftServerImpl.java:setRole(184)) - f6cfa8a2-85ff-4bb9-a246-101c53d2d47b@group-49E82E920F3F: changes role from CANDIDATE to FOLLOWER at term 94 for DISCOVERED_A_NEW_TERM
2019-10-25 11:07:48,477 [f6cfa8a2-85ff-4bb9-a246-101c53d2d47b@group-49E82E920F3F-LeaderElection515] INFO  impl.RoleInfo (RoleInfo.java:shutdownLeaderElection(134)) - f6cfa8a2-85ff-4bb9-a246-101c53d2d47b: shutdown LeaderElection
2019-10-25 11:07:48,477 [f6cfa8a2-85ff-4bb9-a246-101c53d2d47b@group-49E82E920F3F-LeaderElection515] INFO  impl.RoleInfo (RoleInfo.java:updateAndGet(143)) - f6cfa8a2-85ff-4bb9-a246-101c53d2d47b: start FollowerState
2019-10-25 11:07:48,503 [Thread-4386] INFO  impl.FollowerState (FollowerState.java:run(108)) - f6cfa8a2-85ff-4bb9-a246-101c53d2d47b@group-49E82E920F3F-FollowerState: change to CANDIDATE, lastRpcTime:25ms, electionTimeout:25ms
2019-10-25 11:07:48,503 [Thread-4386] INFO  impl.RoleInfo (RoleInfo.java:shutdownFollowerState(121)) - f6cfa8a2-85ff-4bb9-a246-101c53d2d47b: shutdown FollowerState
2019-10-25 11:07:48,503 [Thread-4386] INFO  impl.RaftServerImpl (RaftServerImpl.java:setRole(184)) - f6cfa8a2-85ff-4bb9-a246-101c53d2d47b@group-49E82E920F3F: changes role from  FOLLOWER to CANDIDATE at term 94 for changeToCandidate
2019-10-25 11:07:48,503 [Thread-4386] INFO  impl.RoleInfo (RoleInfo.java:updateAndGet(143)) - f6cfa8a2-85ff-4bb9-a246-101c53d2d47b: start LeaderElection
2019-10-25 11:07:48,516 [f6cfa8a2-85ff-4bb9-a246-101c53d2d47b@group-49E82E920F3F-LeaderElection516] INFO  impl.LeaderElection (LeaderElection.java:askForVotes(178)) - f6cfa8a2-85ff-4bb9-a246-101c53d2d47b@group-49E82E920F3F-LeaderElection516: begin an election at term 95 for -1: [7fad1e98-7a6b-4998-a30c-ec1ab88068bc:192.168.157.233:35716, bdb27072-dd00-4d3b-a7da-41600e490ca3:192.168.157.233:42906, f6cfa8a2-85ff-4bb9-a246-101c53d2d47b:192.168.157.233:44618], old=null
2019-10-25 11:07:48,517 [grpc-default-executor-1] INFO  impl.RaftServerImpl (RaftServerImpl.java:setRole(184)) - 7fad1e98-7a6b-4998-a30c-ec1ab88068bc@group-49E82E920F3F: changes role from  FOLLOWER to FOLLOWER at term 95 for recognizeCandidate:f6cfa8a2-85ff-4bb9-a246-101c53d2d47b
2019-10-25 11:07:48,518 [grpc-default-executor-1] INFO  impl.RoleInfo (RoleInfo.java:shutdownFollowerState(121)) - 7fad1e98-7a6b-4998-a30c-ec1ab88068bc: shutdown FollowerState
2019-10-25 11:07:48,518 [grpc-default-executor-4] INFO  impl.RaftServerImpl (RaftServerImpl.java:setRole(184)) - bdb27072-dd00-4d3b-a7da-41600e490ca3@group-49E82E920F3F: changes role from  FOLLOWER to FOLLOWER at term 95 for recognizeCandidate:f6cfa8a2-85ff-4bb9-a246-101c53d2d47b
2019-10-25 11:07:48,518 [grpc-default-executor-4] INFO  impl.RoleInfo (RoleInfo.java:shutdownFollowerState(121)) - bdb27072-dd00-4d3b-a7da-41600e490ca3: shutdown FollowerState
2019-10-25 11:07:48,518 [Thread-4384] INFO  impl.FollowerState (FollowerState.java:run(117)) - 7fad1e98-7a6b-4998-a30c-ec1ab88068bc@group-49E82E920F3F-FollowerState was interrupted: java.lang.InterruptedException: sleep interrupted
2019-10-25 11:07:48,518 [grpc-default-executor-1] INFO  impl.RoleInfo (RoleInfo.java:updateAndGet(143)) - 7fad1e98-7a6b-4998-a30c-ec1ab88068bc: start FollowerState
2019-10-25 11:07:48,518 [grpc-default-executor-4] INFO  impl.RoleInfo (RoleInfo.java:updateAndGet(143)) - bdb27072-dd00-4d3b-a7da-41600e490ca3: start FollowerState
2019-10-25 11:07:48,518 [Thread-4385] INFO  impl.FollowerState (FollowerState.java:run(117)) - bdb27072-dd00-4d3b-a7da-41600e490ca3@group-49E82E920F3F-FollowerState was interrupted: java.lang.InterruptedException: sleep interrupted
2019-10-25 11:07:48,532 [f6cfa8a2-85ff-4bb9-a246-101c53d2d47b@group-49E82E920F3F-LeaderElection516] INFO  impl.LeaderElection (LeaderElection.java:logAndReturn(56)) - f6cfa8a2-85ff-4bb9-a246-101c53d2d47b@group-49E82E920F3F-LeaderElection516: Election REJECTED; received 2 response(s) [f6cfa8a2-85ff-4bb9-a246-101c53d2d47b<-7fad1e98-7a6b-4998-a30c-ec1ab88068bc#0:FAIL-t95, f6cfa8a2-85ff-4bb9-a246-101c53d2d47b<-bdb27072-dd00-4d3b-a7da-41600e490ca3#0:FAIL-t95] and 0 exception(s); f6cfa8a2-85ff-4bb9-a246-101c53d2d47b@group-49E82E920F3F:t95, leader=null, voted=f6cfa8a2-85ff-4bb9-a246-101c53d2d47b, raftlog=f6cfa8a2-85ff-4bb9-a246-101c53d2d47b@group-49E82E920F3F-SegmentedRaftLog:OPENED:c-1,f-1,i0, conf=-1: [7fad1e98-7a6b-4998-a30c-ec1ab88068bc:192.168.157.233:35716, bdb27072-dd00-4d3b-a7da-41600e490ca3:192.168.157.233:42906, f6cfa8a2-85ff-4bb9-a246-101c53d2d47b:192.168.157.233:44618], old=null
2019-10-25 11:07:48,533 [f6cfa8a2-85ff-4bb9-a246-101c53d2d47b@group-49E82E920F3F-LeaderElection516] INFO  impl.RaftServerImpl (RaftServerImpl.java:setRole(184)) - f6cfa8a2-85ff-4bb9-a246-101c53d2d47b@group-49E82E920F3F: changes role from CANDIDATE to FOLLOWER at term 95 for DISCOVERED_A_NEW_TERM
2019-10-25 11:07:48,533 [f6cfa8a2-85ff-4bb9-a246-101c53d2d47b@group-49E82E920F3F-LeaderElection516] INFO  impl.RoleInfo (RoleInfo.java:shutdownLeaderElection(134)) - f6cfa8a2-85ff-4bb9-a246-101c53d2d47b: shutdown LeaderElection
2019-10-25 11:07:48,533 [f6cfa8a2-85ff-4bb9-a246-101c53d2d47b@group-49E82E920F3F-LeaderElection516] INFO  impl.RoleInfo (RoleInfo.java:updateAndGet(143)) - f6cfa8a2-85ff-4bb9-a246-101c53d2d47b: start FollowerState
2019-10-25 11:07:48,655 [Thread-4392] INFO  impl.FollowerState (FollowerState.java:run(108)) - f6cfa8a2-85ff-4bb9-a246-101c53d2d47b@group-49E82E920F3F-FollowerState: change to CANDIDATE, lastRpcTime:122ms, electionTimeout:122ms
2019-10-25 11:07:48,655 [Thread-4392] INFO  impl.RoleInfo (RoleInfo.java:shutdownFollowerState(121)) - f6cfa8a2-85ff-4bb9-a246-101c53d2d47b: shutdown FollowerState
2019-10-25 11:07:48,655 [Thread-4392] INFO  impl.RaftServerImpl (RaftServerImpl.java:setRole(184)) - f6cfa8a2-85ff-4bb9-a246-101c53d2d47b@group-49E82E920F3F: changes role from  FOLLOWER to CANDIDATE at term 95 for changeToCandidate
2019-10-25 11:07:48,656 [Thread-4392] INFO  impl.RoleInfo (RoleInfo.java:updateAndGet(143)) - f6cfa8a2-85ff-4bb9-a246-101c53d2d47b: start LeaderElection
2019-10-25 11:07:48,669 [f6cfa8a2-85ff-4bb9-a246-101c53d2d47b@group-49E82E920F3F-LeaderElection517] INFO  impl.LeaderElection (LeaderElection.java:askForVotes(178)) - f6cfa8a2-85ff-4bb9-a246-101c53d2d47b@group-49E82E920F3F-LeaderElection517: begin an election at term 96 for -1: [7fad1e98-7a6b-4998-a30c-ec1ab88068bc:192.168.157.233:35716, bdb27072-dd00-4d3b-a7da-41600e490ca3:192.168.157.233:42906, f6cfa8a2-85ff-4bb9-a246-101c53d2d47b:192.168.157.233:44618], old=null
2019-10-25 11:07:48,671 [grpc-default-executor-4] INFO  impl.RaftServerImpl (RaftServerImpl.java:setRole(184)) - 7fad1e98-7a6b-4998-a30c-ec1ab88068bc@group-49E82E920F3F: changes role from  FOLLOWER to FOLLOWER at term 96 for recognizeCandidate:f6cfa8a2-85ff-4bb9-a246-101c53d2d47b
2019-10-25 11:07:48,672 [grpc-default-executor-4] INFO  impl.RoleInfo (RoleInfo.java:shutdownFollowerState(121)) - 7fad1e98-7a6b-4998-a30c-ec1ab88068bc: shutdown FollowerState
2019-10-25 11:07:48,672 [grpc-default-executor-1] INFO  impl.RaftServerImpl (RaftServerImpl.java:setRole(184)) - bdb27072-dd00-4d3b-a7da-41600e490ca3@group-49E82E920F3F: changes role from  FOLLOWER to FOLLOWER at term 96 for recognizeCandidate:f6cfa8a2-85ff-4bb9-a246-101c53d2d47b
2019-10-25 11:07:48,672 [grpc-default-executor-1] INFO  impl.RoleInfo (RoleInfo.java:shutdownFollowerState(121)) - bdb27072-dd00-4d3b-a7da-41600e490ca3: shutdown FollowerState
2019-10-25 11:07:48,672 [Thread-4390] INFO  impl.FollowerState (FollowerState.java:run(117)) - 7fad1e98-7a6b-4998-a30c-ec1ab88068bc@group-49E82E920F3F-FollowerState was interrupted: java.lang.InterruptedException: sleep interrupted
2019-10-25 11:07:48,672 [grpc-default-executor-4] INFO  impl.RoleInfo (RoleInfo.java:updateAndGet(143)) - 7fad1e98-7a6b-4998-a30c-ec1ab88068bc: start FollowerState
2019-10-25 11:07:48,672 [Thread-4391] INFO  impl.FollowerState (FollowerState.java:run(117)) - bdb27072-dd00-4d3b-a7da-41600e490ca3@group-49E82E920F3F-FollowerState was interrupted: java.lang.InterruptedException: sleep interrupted
2019-10-25 11:07:48,672 [grpc-default-executor-1] INFO  impl.RoleInfo (RoleInfo.java:updateAndGet(143)) - bdb27072-dd00-4d3b-a7da-41600e490ca3: start FollowerState
2019-10-25 11:07:48,688 [f6cfa8a2-85ff-4bb9-a246-101c53d2d47b@group-49E82E920F3F-LeaderElection517] INFO  impl.LeaderElection (LeaderElection.java:logAndReturn(56)) - f6cfa8a2-85ff-4bb9-a246-101c53d2d47b@group-49E82E920F3F-LeaderElection517: Election REJECTED; received 2 response(s) [f6cfa8a2-85ff-4bb9-a246-101c53d2d47b<-7fad1e98-7a6b-4998-a30c-ec1ab88068bc#0:FAIL-t96, f6cfa8a2-85ff-4bb9-a246-101c53d2d47b<-bdb27072-dd00-4d3b-a7da-41600e490ca3#0:FAIL-t96] and 0 exception(s); f6cfa8a2-85ff-4bb9-a246-101c53d2d47b@group-49E82E920F3F:t96, leader=null, voted=f6cfa8a2-85ff-4bb9-a246-101c53d2d47b, raftlog=f6cfa8a2-85ff-4bb9-a246-101c53d2d47b@group-49E82E920F3F-SegmentedRaftLog:OPENED:c-1,f-1,i0, conf=-1: [7fad1e98-7a6b-4998-a30c-ec1ab88068bc:192.168.157.233:35716, bdb27072-dd00-4d3b-a7da-41600e490ca3:192.168.157.233:42906, f6cfa8a2-85ff-4bb9-a246-101c53d2d47b:192.168.157.233:44618], old=null
2019-10-25 11:07:48,688 [f6cfa8a2-85ff-4bb9-a246-101c53d2d47b@group-49E82E920F3F-LeaderElection517] INFO  impl.RaftServerImpl (RaftServerImpl.java:setRole(184)) - f6cfa8a2-85ff-4bb9-a246-101c53d2d47b@group-49E82E920F3F: changes role from CANDIDATE to FOLLOWER at term 96 for DISCOVERED_A_NEW_TERM
2019-10-25 11:07:48,688 [f6cfa8a2-85ff-4bb9-a246-101c53d2d47b@group-49E82E920F3F-LeaderElection517] INFO  impl.RoleInfo (RoleInfo.java:shutdownLeaderElection(134)) - f6cfa8a2-85ff-4bb9-a246-101c53d2d47b: shutdown LeaderElection
2019-10-25 11:07:48,689 [f6cfa8a2-85ff-4bb9-a246-101c53d2d47b@group-49E82E920F3F-LeaderElection517] INFO  impl.RoleInfo (RoleInfo.java:updateAndGet(143)) - f6cfa8a2-85ff-4bb9-a246-101c53d2d47b: start FollowerState
2019-10-25 11:07:48,883 [Thread-4398] INFO  impl.FollowerState (FollowerState.java:run(108)) - f6cfa8a2-85ff-4bb9-a246-101c53d2d47b@group-49E82E920F3F-FollowerState: change to CANDIDATE, lastRpcTime:194ms, electionTimeout:194ms
2019-10-25 11:07:48,883 [Thread-4398] INFO  impl.RoleInfo (RoleInfo.java:shutdownFollowerState(121)) - f6cfa8a2-85ff-4bb9-a246-101c53d2d47b: shutdown FollowerState
2019-10-25 11:07:48,883 [Thread-4398] INFO  impl.RaftServerImpl (RaftServerImpl.java:setRole(184)) - f6cfa8a2-85ff-4bb9-a246-101c53d2d47b@group-49E82E920F3F: changes role from  FOLLOWER to CANDIDATE at term 96 for changeToCandidate
2019-10-25 11:07:48,884 [Thread-4398] INFO  impl.RoleInfo (RoleInfo.java:updateAndGet(143)) - f6cfa8a2-85ff-4bb9-a246-101c53d2d47b: start LeaderElection
2019-10-25 11:07:48,898 [f6cfa8a2-85ff-4bb9-a246-101c53d2d47b@group-49E82E920F3F-LeaderElection518] INFO  impl.LeaderElection (LeaderElection.java:askForVotes(178)) - f6cfa8a2-85ff-4bb9-a246-101c53d2d47b@group-49E82E920F3F-LeaderElection518: begin an election at term 97 for -1: [7fad1e98-7a6b-4998-a30c-ec1ab88068bc:192.168.157.233:35716, bdb27072-dd00-4d3b-a7da-41600e490ca3:192.168.157.233:42906, f6cfa8a2-85ff-4bb9-a246-101c53d2d47b:192.168.157.233:44618], old=null
2019-10-25 11:07:48,900 [grpc-default-executor-4] INFO  impl.RaftServerImpl (RaftServerImpl.java:setRole(184)) - bdb27072-dd00-4d3b-a7da-41600e490ca3@group-49E82E920F3F: changes role from  FOLLOWER to FOLLOWER at term 97 for recognizeCandidate:f6cfa8a2-85ff-4bb9-a246-101c53d2d47b
2019-10-25 11:07:48,900 [grpc-default-executor-4] INFO  impl.RoleInfo (RoleInfo.java:shutdownFollowerState(121)) - bdb27072-dd00-4d3b-a7da-41600e490ca3: shutdown FollowerState
2019-10-25 11:07:48,900 [grpc-default-executor-1] INFO  impl.RaftServerImpl (RaftServerImpl.java:setRole(184)) - 7fad1e98-7a6b-4998-a30c-ec1ab88068bc@group-49E82E920F3F: changes role from  FOLLOWER to FOLLOWER at term 97 for recognizeCandidate:f6cfa8a2-85ff-4bb9-a246-101c53d2d47b
2019-10-25 11:07:48,900 [Thread-4397] INFO  impl.FollowerState (FollowerState.java:run(117)) - bdb27072-dd00-4d3b-a7da-41600e490ca3@group-49E82E920F3F-FollowerState was interrupted: java.lang.InterruptedException: sleep interrupted
2019-10-25 11:07:48,900 [grpc-default-executor-4] INFO  impl.RoleInfo (RoleInfo.java:updateAndGet(143)) - bdb27072-dd00-4d3b-a7da-41600e490ca3: start FollowerState
2019-10-25 11:07:48,900 [grpc-default-executor-1] INFO  impl.RoleInfo (RoleInfo.java:shutdownFollowerState(121)) - 7fad1e98-7a6b-4998-a30c-ec1ab88068bc: shutdown FollowerState
2019-10-25 11:07:48,900 [grpc-default-executor-1] INFO  impl.RoleInfo (RoleInfo.java:updateAndGet(143)) - 7fad1e98-7a6b-4998-a30c-ec1ab88068bc: start FollowerState
2019-10-25 11:07:48,900 [Thread-4396] INFO  impl.FollowerState (FollowerState.java:run(117)) - 7fad1e98-7a6b-4998-a30c-ec1ab88068bc@group-49E82E920F3F-FollowerState was interrupted: java.lang.InterruptedException: sleep interrupted
2019-10-25 11:07:48,915 [f6cfa8a2-85ff-4bb9-a246-101c53d2d47b@group-49E82E920F3F-LeaderElection518] INFO  impl.LeaderElection (LeaderElection.java:logAndReturn(56)) - f6cfa8a2-85ff-4bb9-a246-101c53d2d47b@group-49E82E920F3F-LeaderElection518: Election REJECTED; received 2 response(s) [f6cfa8a2-85ff-4bb9-a246-101c53d2d47b<-7fad1e98-7a6b-4998-a30c-ec1ab88068bc#0:FAIL-t97, f6cfa8a2-85ff-4bb9-a246-101c53d2d47b<-bdb27072-dd00-4d3b-a7da-41600e490ca3#0:FAIL-t97] and 0 exception(s); f6cfa8a2-85ff-4bb9-a246-101c53d2d47b@group-49E82E920F3F:t97, leader=null, voted=f6cfa8a2-85ff-4bb9-a246-101c53d2d47b, raftlog=f6cfa8a2-85ff-4bb9-a246-101c53d2d47b@group-49E82E920F3F-SegmentedRaftLog:OPENED:c-1,f-1,i0, conf=-1: [7fad1e98-7a6b-4998-a30c-ec1ab88068bc:192.168.157.233:35716, bdb27072-dd00-4d3b-a7da-41600e490ca3:192.168.157.233:42906, f6cfa8a2-85ff-4bb9-a246-101c53d2d47b:192.168.157.233:44618], old=null
2019-10-25 11:07:48,915 [f6cfa8a2-85ff-4bb9-a246-101c53d2d47b@group-49E82E920F3F-LeaderElection518] INFO  impl.RaftServerImpl (RaftServerImpl.java:setRole(184)) - f6cfa8a2-85ff-4bb9-a246-101c53d2d47b@group-49E82E920F3F: changes role from CANDIDATE to FOLLOWER at term 97 for DISCOVERED_A_NEW_TERM
2019-10-25 11:07:48,915 [f6cfa8a2-85ff-4bb9-a246-101c53d2d47b@group-49E82E920F3F-LeaderElection518] INFO  impl.RoleInfo (RoleInfo.java:shutdownLeaderElection(134)) - f6cfa8a2-85ff-4bb9-a246-101c53d2d47b: shutdown LeaderElection
2019-10-25 11:07:48,915 [f6cfa8a2-85ff-4bb9-a246-101c53d2d47b@group-49E82E920F3F-LeaderElection518] INFO  impl.RoleInfo (RoleInfo.java:updateAndGet(143)) - f6cfa8a2-85ff-4bb9-a246-101c53d2d47b: start FollowerState
2019-10-25 11:07:49,052 [Thread-4406] INFO  impl.FollowerState (FollowerState.java:run(108)) - f6cfa8a2-85ff-4bb9-a246-101c53d2d47b@group-49E82E920F3F-FollowerState: change to CANDIDATE, lastRpcTime:136ms, electionTimeout:136ms
2019-10-25 11:07:49,052 [Thread-4406] INFO  impl.RoleInfo (RoleInfo.java:shutdownFollowerState(121)) - f6cfa8a2-85ff-4bb9-a246-101c53d2d47b: shutdown FollowerState
2019-10-25 11:07:49,052 [Thread-4406] INFO  impl.RaftServerImpl (RaftServerImpl.java:setRole(184)) - f6cfa8a2-85ff-4bb9-a246-101c53d2d47b@group-49E82E920F3F: changes role from  FOLLOWER to CANDIDATE at term 97 for changeToCandidate
2019-10-25 11:07:49,052 [Thread-4406] INFO  impl.RoleInfo (RoleInfo.java:updateAndGet(143)) - f6cfa8a2-85ff-4bb9-a246-101c53d2d47b: start LeaderElection
2019-10-25 11:07:49,066 [f6cfa8a2-85ff-4bb9-a246-101c53d2d47b@group-49E82E920F3F-LeaderElection519] INFO  impl.LeaderElection (LeaderElection.java:askForVotes(178)) - f6cfa8a2-85ff-4bb9-a246-101c53d2d47b@group-49E82E920F3F-LeaderElection519: begin an election at term 98 for -1: [7fad1e98-7a6b-4998-a30c-ec1ab88068bc:192.168.157.233:35716, bdb27072-dd00-4d3b-a7da-41600e490ca3:192.168.157.233:42906, f6cfa8a2-85ff-4bb9-a246-101c53d2d47b:192.168.157.233:44618], old=null
2019-10-25 11:07:49,068 [grpc-default-executor-1] INFO  impl.RaftServerImpl (RaftServerImpl.java:setRole(184)) - 7fad1e98-7a6b-4998-a30c-ec1ab88068bc@group-49E82E920F3F: changes role from  FOLLOWER to FOLLOWER at term 98 for recognizeCandidate:f6cfa8a2-85ff-4bb9-a246-101c53d2d47b
2019-10-25 11:07:49,068 [grpc-default-executor-4] INFO  impl.RaftServerImpl (RaftServerImpl.java:setRole(184)) - bdb27072-dd00-4d3b-a7da-41600e490ca3@group-49E82E920F3F: changes role from  FOLLOWER to FOLLOWER at term 98 for recognizeCandidate:f6cfa8a2-85ff-4bb9-a246-101c53d2d47b
2019-10-25 11:07:49,068 [grpc-default-executor-4] INFO  impl.RoleInfo (RoleInfo.java:shutdownFollowerState(121)) - bdb27072-dd00-4d3b-a7da-41600e490ca3: shutdown FollowerState
2019-10-25 11:07:49,068 [grpc-default-executor-1] INFO  impl.RoleInfo (RoleInfo.java:shutdownFollowerState(121)) - 7fad1e98-7a6b-4998-a30c-ec1ab88068bc: shutdown FollowerState
2019-10-25 11:07:49,069 [grpc-default-executor-4] INFO  impl.RoleInfo (RoleInfo.java:updateAndGet(143)) - bdb27072-dd00-4d3b-a7da-41600e490ca3: start FollowerState
2019-10-25 11:07:49,069 [Thread-4402] INFO  impl.FollowerState (FollowerState.java:run(117)) - bdb27072-dd00-4d3b-a7da-41600e490ca3@group-49E82E920F3F-FollowerState was interrupted: java.lang.InterruptedException: sleep interrupted
2019-10-25 11:07:49,069 [Thread-4403] INFO  impl.FollowerState (FollowerState.java:run(117)) - 7fad1e98-7a6b-4998-a30c-ec1ab88068bc@group-49E82E920F3F-FollowerState was interrupted: java.lang.InterruptedException: sleep interrupted
2019-10-25 11:07:49,069 [grpc-default-executor-1] INFO  impl.RoleInfo (RoleInfo.java:updateAndGet(143)) - 7fad1e98-7a6b-4998-a30c-ec1ab88068bc: start FollowerState
2019-10-25 11:07:49,083 [f6cfa8a2-85ff-4bb9-a246-101c53d2d47b@group-49E82E920F3F-LeaderElection519] INFO  impl.LeaderElection (LeaderElection.java:logAndReturn(56)) - f6cfa8a2-85ff-4bb9-a246-101c53d2d47b@group-49E82E920F3F-LeaderElection519: Election REJECTED; received 2 response(s) [f6cfa8a2-85ff-4bb9-a246-101c53d2d47b<-7fad1e98-7a6b-4998-a30c-ec1ab88068bc#0:FAIL-t98, f6cfa8a2-85ff-4bb9-a246-101c53d2d47b<-bdb27072-dd00-4d3b-a7da-41600e490ca3#0:FAIL-t98] and 0 exception(s); f6cfa8a2-85ff-4bb9-a246-101c53d2d47b@group-49E82E920F3F:t98, leader=null, voted=f6cfa8a2-85ff-4bb9-a246-101c53d2d47b, raftlog=f6cfa8a2-85ff-4bb9-a246-101c53d2d47b@group-49E82E920F3F-SegmentedRaftLog:OPENED:c-1,f-1,i0, conf=-1: [7fad1e98-7a6b-4998-a30c-ec1ab88068bc:192.168.157.233:35716, bdb27072-dd00-4d3b-a7da-41600e490ca3:192.168.157.233:42906, f6cfa8a2-85ff-4bb9-a246-101c53d2d47b:192.168.157.233:44618], old=null
2019-10-25 11:07:49,084 [f6cfa8a2-85ff-4bb9-a246-101c53d2d47b@group-49E82E920F3F-LeaderElection519] INFO  impl.RaftServerImpl (RaftServerImpl.java:setRole(184)) - f6cfa8a2-85ff-4bb9-a246-101c53d2d47b@group-49E82E920F3F: changes role from CANDIDATE to FOLLOWER at term 98 for DISCOVERED_A_NEW_TERM
2019-10-25 11:07:49,084 [f6cfa8a2-85ff-4bb9-a246-101c53d2d47b@group-49E82E920F3F-LeaderElection519] INFO  impl.RoleInfo (RoleInfo.java:shutdownLeaderElection(134)) - f6cfa8a2-85ff-4bb9-a246-101c53d2d47b: shutdown LeaderElection
2019-10-25 11:07:49,084 [f6cfa8a2-85ff-4bb9-a246-101c53d2d47b@group-49E82E920F3F-LeaderElection519] INFO  impl.RoleInfo (RoleInfo.java:updateAndGet(143)) - f6cfa8a2-85ff-4bb9-a246-101c53d2d47b: start FollowerState
2019-10-25 11:07:49,257 [Thread-4414] INFO  impl.FollowerState (FollowerState.java:run(108)) - f6cfa8a2-85ff-4bb9-a246-101c53d2d47b@group-49E82E920F3F-FollowerState: change to CANDIDATE, lastRpcTime:172ms, electionTimeout:172ms
2019-10-25 11:07:49,257 [Thread-4414] INFO  impl.RoleInfo (RoleInfo.java:shutdownFollowerState(121)) - f6cfa8a2-85ff-4bb9-a246-101c53d2d47b: shutdown FollowerState
2019-10-25 11:07:49,257 [Thread-4414] INFO  impl.RaftServerImpl (RaftServerImpl.java:setRole(184)) - f6cfa8a2-85ff-4bb9-a246-101c53d2d47b@group-49E82E920F3F: changes role from  FOLLOWER to CANDIDATE at term 98 for changeToCandidate
2019-10-25 11:07:49,257 [Thread-4414] INFO  impl.RoleInfo (RoleInfo.java:updateAndGet(143)) - f6cfa8a2-85ff-4bb9-a246-101c53d2d47b: start LeaderElection
2019-10-25 11:07:49,271 [f6cfa8a2-85ff-4bb9-a246-101c53d2d47b@group-49E82E920F3F-LeaderElection520] INFO  impl.LeaderElection (LeaderElection.java:askForVotes(178)) - f6cfa8a2-85ff-4bb9-a246-101c53d2d47b@group-49E82E920F3F-LeaderElection520: begin an election at term 99 for -1: [7fad1e98-7a6b-4998-a30c-ec1ab88068bc:192.168.157.233:35716, bdb27072-dd00-4d3b-a7da-41600e490ca3:192.168.157.233:42906, f6cfa8a2-85ff-4bb9-a246-101c53d2d47b:192.168.157.233:44618], old=null
2019-10-25 11:07:49,272 [grpc-default-executor-1] INFO  impl.RaftServerImpl (RaftServerImpl.java:setRole(184)) - 7fad1e98-7a6b-4998-a30c-ec1ab88068bc@group-49E82E920F3F: changes role from  FOLLOWER to FOLLOWER at term 99 for recognizeCandidate:f6cfa8a2-85ff-4bb9-a246-101c53d2d47b
2019-10-25 11:07:49,273 [grpc-default-executor-1] INFO  impl.RoleInfo (RoleInfo.java:shutdownFollowerState(121)) - 7fad1e98-7a6b-4998-a30c-ec1ab88068bc: shutdown FollowerState
2019-10-25 11:07:49,272 [f6cfa8a2-85ff-4bb9-a246-101c53d2d47b@group-49E82E920F3F-LeaderElection520] INFO  impl.LeaderElection (LeaderElection.java:logAndReturn(56)) - f6cfa8a2-85ff-4bb9-a246-101c53d2d47b@group-49E82E920F3F-LeaderElection520: Election TIMEOUT; received 0 response(s) [] and 0 exception(s); f6cfa8a2-85ff-4bb9-a246-101c53d2d47b@group-49E82E920F3F:t99, leader=null, voted=f6cfa8a2-85ff-4bb9-a246-101c53d2d47b, raftlog=f6cfa8a2-85ff-4bb9-a246-101c53d2d47b@group-49E82E920F3F-SegmentedRaftLog:OPENED:c-1,f-1,i0, conf=-1: [7fad1e98-7a6b-4998-a30c-ec1ab88068bc:192.168.157.233:35716, bdb27072-dd00-4d3b-a7da-41600e490ca3:192.168.157.233:42906, f6cfa8a2-85ff-4bb9-a246-101c53d2d47b:192.168.157.233:44618], old=null
2019-10-25 11:07:49,273 [Thread-4413] INFO  impl.FollowerState (FollowerState.java:run(117)) - 7fad1e98-7a6b-4998-a30c-ec1ab88068bc@group-49E82E920F3F-FollowerState was interrupted: java.lang.InterruptedException: sleep interrupted
2019-10-25 11:07:49,273 [grpc-default-executor-1] INFO  impl.RoleInfo (RoleInfo.java:updateAndGet(143)) - 7fad1e98-7a6b-4998-a30c-ec1ab88068bc: start FollowerState
2019-10-25 11:07:49,273 [grpc-default-executor-4] INFO  impl.RaftServerImpl (RaftServerImpl.java:setRole(184)) - bdb27072-dd00-4d3b-a7da-41600e490ca3@group-49E82E920F3F: changes role from  FOLLOWER to FOLLOWER at term 99 for recognizeCandidate:f6cfa8a2-85ff-4bb9-a246-101c53d2d47b
2019-10-25 11:07:49,274 [grpc-default-executor-4] INFO  impl.RoleInfo (RoleInfo.java:shutdownFollowerState(121)) - bdb27072-dd00-4d3b-a7da-41600e490ca3: shutdown FollowerState
2019-10-25 11:07:49,274 [grpc-default-executor-4] INFO  impl.RoleInfo (RoleInfo.java:updateAndGet(143)) - bdb27072-dd00-4d3b-a7da-41600e490ca3: start FollowerState
2019-10-25 11:07:49,274 [Thread-4412] INFO  impl.FollowerState (FollowerState.java:run(117)) - bdb27072-dd00-4d3b-a7da-41600e490ca3@group-49E82E920F3F-FollowerState was interrupted: java.lang.InterruptedException: sleep interrupted
2019-10-25 11:07:49,287 [f6cfa8a2-85ff-4bb9-a246-101c53d2d47b@group-49E82E920F3F-LeaderElection520] INFO  impl.LeaderElection (LeaderElection.java:askForVotes(178)) - f6cfa8a2-85ff-4bb9-a246-101c53d2d47b@group-49E82E920F3F-LeaderElection520: begin an election at term 100 for -1: [7fad1e98-7a6b-4998-a30c-ec1ab88068bc:192.168.157.233:35716, bdb27072-dd00-4d3b-a7da-41600e490ca3:192.168.157.233:42906, f6cfa8a2-85ff-4bb9-a246-101c53d2d47b:192.168.157.233:44618], old=null
2019-10-25 11:07:49,288 [grpc-default-executor-4] INFO  impl.RaftServerImpl (RaftServerImpl.java:setRole(184)) - 7fad1e98-7a6b-4998-a30c-ec1ab88068bc@group-49E82E920F3F: changes role from  FOLLOWER to FOLLOWER at term 100 for recognizeCandidate:f6cfa8a2-85ff-4bb9-a246-101c53d2d47b
2019-10-25 11:07:49,288 [grpc-default-executor-4] INFO  impl.RoleInfo (RoleInfo.java:shutdownFollowerState(121)) - 7fad1e98-7a6b-4998-a30c-ec1ab88068bc: shutdown FollowerState
2019-10-25 11:07:49,288 [grpc-default-executor-4] INFO  impl.RoleInfo (RoleInfo.java:updateAndGet(143)) - 7fad1e98-7a6b-4998-a30c-ec1ab88068bc: start FollowerState
2019-10-25 11:07:49,288 [Thread-4418] INFO  impl.FollowerState (FollowerState.java:run(117)) - 7fad1e98-7a6b-4998-a30c-ec1ab88068bc@group-49E82E920F3F-FollowerState was interrupted: java.lang.InterruptedException: sleep interrupted
2019-10-25 11:07:49,289 [grpc-default-executor-1] INFO  impl.RaftServerImpl (RaftServerImpl.java:setRole(184)) - bdb27072-dd00-4d3b-a7da-41600e490ca3@group-49E82E920F3F: changes role from  FOLLOWER to FOLLOWER at term 100 for recognizeCandidate:f6cfa8a2-85ff-4bb9-a246-101c53d2d47b
2019-10-25 11:07:49,289 [grpc-default-executor-1] INFO  impl.RoleInfo (RoleInfo.java:shutdownFollowerState(121)) - bdb27072-dd00-4d3b-a7da-41600e490ca3: shutdown FollowerState
2019-10-25 11:07:49,289 [grpc-default-executor-1] INFO  impl.RoleInfo (RoleInfo.java:updateAndGet(143)) - bdb27072-dd00-4d3b-a7da-41600e490ca3: start FollowerState
2019-10-25 11:07:49,289 [Thread-4419] INFO  impl.FollowerState (FollowerState.java:run(117)) - bdb27072-dd00-4d3b-a7da-41600e490ca3@group-49E82E920F3F-FollowerState was interrupted: java.lang.InterruptedException: sleep interrupted
2019-10-25 11:07:49,303 [f6cfa8a2-85ff-4bb9-a246-101c53d2d47b@group-49E82E920F3F-LeaderElection520] INFO  impl.LeaderElection (LeaderElection.java:logAndReturn(56)) - f6cfa8a2-85ff-4bb9-a246-101c53d2d47b@group-49E82E920F3F-LeaderElection520: Election REJECTED; received 2 response(s) [f6cfa8a2-85ff-4bb9-a246-101c53d2d47b<-7fad1e98-7a6b-4998-a30c-ec1ab88068bc#0:FAIL-t100, f6cfa8a2-85ff-4bb9-a246-101c53d2d47b<-bdb27072-dd00-4d3b-a7da-41600e490ca3#0:FAIL-t100] and 0 exception(s); f6cfa8a2-85ff-4bb9-a246-101c53d2d47b@group-49E82E920F3F:t100, leader=null, voted=f6cfa8a2-85ff-4bb9-a246-101c53d2d47b, raftlog=f6cfa8a2-85ff-4bb9-a246-101c53d2d47b@group-49E82E920F3F-SegmentedRaftLog:OPENED:c-1,f-1,i0, conf=-1: [7fad1e98-7a6b-4998-a30c-ec1ab88068bc:192.168.157.233:35716, bdb27072-dd00-4d3b-a7da-41600e490ca3:192.168.157.233:42906, f6cfa8a2-85ff-4bb9-a246-101c53d2d47b:192.168.157.233:44618], old=null
2019-10-25 11:07:49,303 [f6cfa8a2-85ff-4bb9-a246-101c53d2d47b@group-49E82E920F3F-LeaderElection520] INFO  impl.RaftServerImpl (RaftServerImpl.java:setRole(184)) - f6cfa8a2-85ff-4bb9-a246-101c53d2d47b@group-49E82E920F3F: changes role from CANDIDATE to FOLLOWER at term 100 for DISCOVERED_A_NEW_TERM
2019-10-25 11:07:49,303 [f6cfa8a2-85ff-4bb9-a246-101c53d2d47b@group-49E82E920F3F-LeaderElection520] INFO  impl.RoleInfo (RoleInfo.java:shutdownLeaderElection(134)) - f6cfa8a2-85ff-4bb9-a246-101c53d2d47b: shutdown LeaderElection
2019-10-25 11:07:49,303 [f6cfa8a2-85ff-4bb9-a246-101c53d2d47b@group-49E82E920F3F-LeaderElection520] INFO  impl.RoleInfo (RoleInfo.java:updateAndGet(143)) - f6cfa8a2-85ff-4bb9-a246-101c53d2d47b: start FollowerState
2019-10-25 11:07:49,355 [Thread-4424] INFO  impl.FollowerState (FollowerState.java:run(108)) - f6cfa8a2-85ff-4bb9-a246-101c53d2d47b@group-49E82E920F3F-FollowerState: change to CANDIDATE, lastRpcTime:52ms, electionTimeout:52ms
2019-10-25 11:07:49,355 [Thread-4424] INFO  impl.RoleInfo (RoleInfo.java:shutdownFollowerState(121)) - f6cfa8a2-85ff-4bb9-a246-101c53d2d47b: shutdown FollowerState
2019-10-25 11:07:49,356 [Thread-4424] INFO  impl.RaftServerImpl (RaftServerImpl.java:setRole(184)) - f6cfa8a2-85ff-4bb9-a246-101c53d2d47b@group-49E82E920F3F: changes role from  FOLLOWER to CANDIDATE at term 100 for changeToCandidate
2019-10-25 11:07:49,356 [Thread-4424] INFO  impl.RoleInfo (RoleInfo.java:updateAndGet(143)) - f6cfa8a2-85ff-4bb9-a246-101c53d2d47b: start LeaderElection
2019-10-25 11:07:49,370 [f6cfa8a2-85ff-4bb9-a246-101c53d2d47b@group-49E82E920F3F-LeaderElection521] INFO  impl.LeaderElection (LeaderElection.java:askForVotes(178)) - f6cfa8a2-85ff-4bb9-a246-101c53d2d47b@group-49E82E920F3F-LeaderElection521: begin an election at term 101 for -1: [7fad1e98-7a6b-4998-a30c-ec1ab88068bc:192.168.157.233:35716, bdb27072-dd00-4d3b-a7da-41600e490ca3:192.168.157.233:42906, f6cfa8a2-85ff-4bb9-a246-101c53d2d47b:192.168.157.233:44618], old=null
2019-10-25 11:07:49,371 [grpc-default-executor-4] INFO  impl.RaftServerImpl (RaftServerImpl.java:setRole(184)) - 7fad1e98-7a6b-4998-a30c-ec1ab88068bc@group-49E82E920F3F: changes role from  FOLLOWER to FOLLOWER at term 101 for recognizeCandidate:f6cfa8a2-85ff-4bb9-a246-101c53d2d47b
2019-10-25 11:07:49,371 [grpc-default-executor-4] INFO  impl.RoleInfo (RoleInfo.java:shutdownFollowerState(121)) - 7fad1e98-7a6b-4998-a30c-ec1ab88068bc: shutdown FollowerState
2019-10-25 11:07:49,371 [grpc-default-executor-4] INFO  impl.RoleInfo (RoleInfo.java:updateAndGet(143)) - 7fad1e98-7a6b-4998-a30c-ec1ab88068bc: start FollowerState
2019-10-25 11:07:49,371 [Thread-4422] INFO  impl.FollowerState (FollowerState.java:run(117)) - 7fad1e98-7a6b-4998-a30c-ec1ab88068bc@group-49E82E920F3F-FollowerState was interrupted: java.lang.InterruptedException: sleep interrupted
2019-10-25 11:07:49,372 [grpc-default-executor-1] INFO  impl.RaftServerImpl (RaftServerImpl.java:setRole(184)) - bdb27072-dd00-4d3b-a7da-41600e490ca3@group-49E82E920F3F: changes role from  FOLLOWER to FOLLOWER at term 101 for recognizeCandidate:f6cfa8a2-85ff-4bb9-a246-101c53d2d47b
2019-10-25 11:07:49,372 [grpc-default-executor-1] INFO  impl.RoleInfo (RoleInfo.java:shutdownFollowerState(121)) - bdb27072-dd00-4d3b-a7da-41600e490ca3: shutdown FollowerState
2019-10-25 11:07:49,372 [grpc-default-executor-1] INFO  impl.RoleInfo (RoleInfo.java:updateAndGet(143)) - bdb27072-dd00-4d3b-a7da-41600e490ca3: start FollowerState
2019-10-25 11:07:49,372 [Thread-4423] INFO  impl.FollowerState (FollowerState.java:run(117)) - bdb27072-dd00-4d3b-a7da-41600e490ca3@group-49E82E920F3F-FollowerState was interrupted: java.lang.InterruptedException: sleep interrupted
2019-10-25 11:07:49,385 [f6cfa8a2-85ff-4bb9-a246-101c53d2d47b@group-49E82E920F3F-LeaderElection521] INFO  impl.LeaderElection (LeaderElection.java:logAndReturn(56)) - f6cfa8a2-85ff-4bb9-a246-101c53d2d47b@group-49E82E920F3F-LeaderElection521: Election REJECTED; received 2 response(s) [f6cfa8a2-85ff-4bb9-a246-101c53d2d47b<-7fad1e98-7a6b-4998-a30c-ec1ab88068bc#0:FAIL-t101, f6cfa8a2-85ff-4bb9-a246-101c53d2d47b<-bdb27072-dd00-4d3b-a7da-41600e490ca3#0:FAIL-t101] and 0 exception(s); f6cfa8a2-85ff-4bb9-a246-101c53d2d47b@group-49E82E920F3F:t101, leader=null, voted=f6cfa8a2-85ff-4bb9-a246-101c53d2d47b, raftlog=f6cfa8a2-85ff-4bb9-a246-101c53d2d47b@group-49E82E920F3F-SegmentedRaftLog:OPENED:c-1,f-1,i0, conf=-1: [7fad1e98-7a6b-4998-a30c-ec1ab88068bc:192.168.157.233:35716, bdb27072-dd00-4d3b-a7da-41600e490ca3:192.168.157.233:42906, f6cfa8a2-85ff-4bb9-a246-101c53d2d47b:192.168.157.233:44618], old=null
2019-10-25 11:07:49,385 [f6cfa8a2-85ff-4bb9-a246-101c53d2d47b@group-49E82E920F3F-LeaderElection521] INFO  impl.RaftServerImpl (RaftServerImpl.java:setRole(184)) - f6cfa8a2-85ff-4bb9-a246-101c53d2d47b@group-49E82E920F3F: changes role from CANDIDATE to FOLLOWER at term 101 for DISCOVERED_A_NEW_TERM
2019-10-25 11:07:49,386 [f6cfa8a2-85ff-4bb9-a246-101c53d2d47b@group-49E82E920F3F-LeaderElection521] INFO  impl.RoleInfo (RoleInfo.java:shutdownLeaderElection(134)) - f6cfa8a2-85ff-4bb9-a246-101c53d2d47b: shutdown LeaderElection
2019-10-25 11:07:49,386 [f6cfa8a2-85ff-4bb9-a246-101c53d2d47b@group-49E82E920F3F-LeaderElection521] INFO  impl.RoleInfo (RoleInfo.java:updateAndGet(143)) - f6cfa8a2-85ff-4bb9-a246-101c53d2d47b: start FollowerState
2019-10-25 11:07:49,417 [main] WARN  io.KeyOutputStream (KeyOutputStream.java:handleException(274)) - Encountered exception java.io.IOException: Unexpected Storage Container Exception: java.util.concurrent.CompletionException: java.util.concurrent.CompletionException: org.apache.ratis.protocol.RaftRetryFailureException: Failed RaftClientRequest:client-E187932EE268->f6cfa8a2-85ff-4bb9-a246-101c53d2d47b@group-49E82E920F3F, cid=56, seq=1*, RW, cmdType: WriteChunk
traceID: "d98b326d9dd0cedc:d98b326d9dd0cedc:0:0"
containerID: 2
datanodeUuid: "f6cfa8a2-85ff-4bb9-a246-101c53d2d47b"
writeChunk {
  blockID {
    containerID: 2
    localID: 103022700798345222
    blockCommitSequenceId: 0
  }
  chunkData {
    chunkName: "103022700798345222_chunk_1"
    offset: 0
    len: 1048576
    checksumData {
      type: CRC32
      bytesPerChecksum: 1048576
      checksums: "\313n\363\216"
    }
  }
}
, data.size=1048576 for 10 attempts with RetryLimited(maxAttempts=10, sleepTime=1000ms) on the pipeline Pipeline[ Id: f313221f-6c3f-46a6-988a-49e82e920f3f, Nodes: f6cfa8a2-85ff-4bb9-a246-101c53d2d47b{ip: 192.168.157.233, host: pr-hdds-2359-lls5b-3453883328, networkLocation: /rack1, certSerialId: null}bdb27072-dd00-4d3b-a7da-41600e490ca3{ip: 192.168.157.233, host: pr-hdds-2359-lls5b-3453883328, networkLocation: /rack1, certSerialId: null}7fad1e98-7a6b-4998-a30c-ec1ab88068bc{ip: 192.168.157.233, host: pr-hdds-2359-lls5b-3453883328, networkLocation: /rack1, certSerialId: null}, Type:RATIS, Factor:THREE, State:OPEN]. The last committed block length is 0, uncommitted data length is 1048576 retry count 0
2019-10-25 11:07:49,507 [Thread-4430] INFO  impl.FollowerState (FollowerState.java:run(108)) - f6cfa8a2-85ff-4bb9-a246-101c53d2d47b@group-49E82E920F3F-FollowerState: change to CANDIDATE, lastRpcTime:121ms, electionTimeout:121ms
2019-10-25 11:07:49,507 [Thread-4430] INFO  impl.RoleInfo (RoleInfo.java:shutdownFollowerState(121)) - f6cfa8a2-85ff-4bb9-a246-101c53d2d47b: shutdown FollowerState
2019-10-25 11:07:49,507 [Thread-4430] INFO  impl.RaftServerImpl (RaftServerImpl.java:setRole(184)) - f6cfa8a2-85ff-4bb9-a246-101c53d2d47b@group-49E82E920F3F: changes role from  FOLLOWER to CANDIDATE at term 101 for changeToCandidate
2019-10-25 11:07:49,507 [Thread-4430] INFO  impl.RoleInfo (RoleInfo.java:updateAndGet(143)) - f6cfa8a2-85ff-4bb9-a246-101c53d2d47b: start LeaderElection
2019-10-25 11:07:49,516 [f6cfa8a2-85ff-4bb9-a246-101c53d2d47b@group-49E82E920F3F-LeaderElection522] INFO  impl.LeaderElection (LeaderElection.java:askForVotes(178)) - f6cfa8a2-85ff-4bb9-a246-101c53d2d47b@group-49E82E920F3F-LeaderElection522: begin an election at term 102 for -1: [7fad1e98-7a6b-4998-a30c-ec1ab88068bc:192.168.157.233:35716, bdb27072-dd00-4d3b-a7da-41600e490ca3:192.168.157.233:42906, f6cfa8a2-85ff-4bb9-a246-101c53d2d47b:192.168.157.233:44618], old=null
2019-10-25 11:07:49,518 [grpc-default-executor-4] INFO  impl.RaftServerImpl (RaftServerImpl.java:setRole(184)) - 7fad1e98-7a6b-4998-a30c-ec1ab88068bc@group-49E82E920F3F: changes role from  FOLLOWER to FOLLOWER at term 102 for recognizeCandidate:f6cfa8a2-85ff-4bb9-a246-101c53d2d47b
2019-10-25 11:07:49,518 [grpc-default-executor-4] INFO  impl.RoleInfo (RoleInfo.java:shutdownFollowerState(121)) - 7fad1e98-7a6b-4998-a30c-ec1ab88068bc: shutdown FollowerState
2019-10-25 11:07:49,518 [grpc-default-executor-4] INFO  impl.RoleInfo (RoleInfo.java:updateAndGet(143)) - 7fad1e98-7a6b-4998-a30c-ec1ab88068bc: start FollowerState
2019-10-25 11:07:49,518 [Thread-4428] INFO  impl.FollowerState (FollowerState.java:run(117)) - 7fad1e98-7a6b-4998-a30c-ec1ab88068bc@group-49E82E920F3F-FollowerState was interrupted: java.lang.InterruptedException: sleep interrupted
2019-10-25 11:07:49,519 [grpc-default-executor-9] INFO  impl.RaftServerImpl (RaftServerImpl.java:setRole(184)) - bdb27072-dd00-4d3b-a7da-41600e490ca3@group-49E82E920F3F: changes role from  FOLLOWER to FOLLOWER at term 102 for recognizeCandidate:f6cfa8a2-85ff-4bb9-a246-101c53d2d47b
2019-10-25 11:07:49,519 [grpc-default-executor-9] INFO  impl.RoleInfo (RoleInfo.java:shutdownFollowerState(121)) - bdb27072-dd00-4d3b-a7da-41600e490ca3: shutdown FollowerState
2019-10-25 11:07:49,519 [grpc-default-executor-9] INFO  impl.RoleInfo (RoleInfo.java:updateAndGet(143)) - bdb27072-dd00-4d3b-a7da-41600e490ca3: start FollowerState
2019-10-25 11:07:49,519 [Thread-4429] INFO  impl.FollowerState (FollowerState.java:run(117)) - bdb27072-dd00-4d3b-a7da-41600e490ca3@group-49E82E920F3F-FollowerState was interrupted: java.lang.InterruptedException: sleep interrupted
2019-10-25 11:07:49,524 [f6cfa8a2-85ff-4bb9-a246-101c53d2d47b@group-49E82E920F3F-LeaderElection522] INFO  impl.LeaderElection (LeaderElection.java:logAndReturn(56)) - f6cfa8a2-85ff-4bb9-a246-101c53d2d47b@group-49E82E920F3F-LeaderElection522: Election TIMEOUT; received 0 response(s) [] and 0 exception(s); f6cfa8a2-85ff-4bb9-a246-101c53d2d47b@group-49E82E920F3F:t102, leader=null, voted=f6cfa8a2-85ff-4bb9-a246-101c53d2d47b, raftlog=f6cfa8a2-85ff-4bb9-a246-101c53d2d47b@group-49E82E920F3F-SegmentedRaftLog:OPENED:c-1,f-1,i0, conf=-1: [7fad1e98-7a6b-4998-a30c-ec1ab88068bc:192.168.157.233:35716, bdb27072-dd00-4d3b-a7da-41600e490ca3:192.168.157.233:42906, f6cfa8a2-85ff-4bb9-a246-101c53d2d47b:192.168.157.233:44618], old=null
2019-10-25 11:07:49,534 [f6cfa8a2-85ff-4bb9-a246-101c53d2d47b@group-49E82E920F3F-LeaderElection522] INFO  impl.LeaderElection (LeaderElection.java:askForVotes(178)) - f6cfa8a2-85ff-4bb9-a246-101c53d2d47b@group-49E82E920F3F-LeaderElection522: begin an election at term 103 for -1: [7fad1e98-7a6b-4998-a30c-ec1ab88068bc:192.168.157.233:35716, bdb27072-dd00-4d3b-a7da-41600e490ca3:192.168.157.233:42906, f6cfa8a2-85ff-4bb9-a246-101c53d2d47b:192.168.157.233:44618], old=null
2019-10-25 11:07:49,536 [grpc-default-executor-9] INFO  impl.RaftServerImpl (RaftServerImpl.java:setRole(184)) - 7fad1e98-7a6b-4998-a30c-ec1ab88068bc@group-49E82E920F3F: changes role from  FOLLOWER to FOLLOWER at term 103 for recognizeCandidate:f6cfa8a2-85ff-4bb9-a246-101c53d2d47b
2019-10-25 11:07:49,536 [grpc-default-executor-9] INFO  impl.RoleInfo (RoleInfo.java:shutdownFollowerState(121)) - 7fad1e98-7a6b-4998-a30c-ec1ab88068bc: shutdown FollowerState
2019-10-25 11:07:49,536 [grpc-default-executor-9] INFO  impl.RoleInfo (RoleInfo.java:updateAndGet(143)) - 7fad1e98-7a6b-4998-a30c-ec1ab88068bc: start FollowerState
2019-10-25 11:07:49,536 [Thread-4444] INFO  impl.FollowerState (FollowerState.java:run(117)) - 7fad1e98-7a6b-4998-a30c-ec1ab88068bc@group-49E82E920F3F-FollowerState was interrupted: java.lang.InterruptedException: sleep interrupted
2019-10-25 11:07:49,537 [grpc-default-executor-4] INFO  impl.RaftServerImpl (RaftServerImpl.java:setRole(184)) - bdb27072-dd00-4d3b-a7da-41600e490ca3@group-49E82E920F3F: changes role from  FOLLOWER to FOLLOWER at term 103 for recognizeCandidate:f6cfa8a2-85ff-4bb9-a246-101c53d2d47b
2019-10-25 11:07:49,537 [grpc-default-executor-4] INFO  impl.RoleInfo (RoleInfo.java:shutdownFollowerState(121)) - bdb27072-dd00-4d3b-a7da-41600e490ca3: shutdown FollowerState
2019-10-25 11:07:49,537 [grpc-default-executor-4] INFO  impl.RoleInfo (RoleInfo.java:updateAndGet(143)) - bdb27072-dd00-4d3b-a7da-41600e490ca3: start FollowerState
2019-10-25 11:07:49,537 [Thread-4445] INFO  impl.FollowerState (FollowerState.java:run(117)) - bdb27072-dd00-4d3b-a7da-41600e490ca3@group-49E82E920F3F-FollowerState was interrupted: java.lang.InterruptedException: sleep interrupted
2019-10-25 11:07:49,543 [f6cfa8a2-85ff-4bb9-a246-101c53d2d47b@group-49E82E920F3F-LeaderElection522] INFO  impl.LeaderElection (LeaderElection.java:logAndReturn(56)) - f6cfa8a2-85ff-4bb9-a246-101c53d2d47b@group-49E82E920F3F-LeaderElection522: Election REJECTED; received 2 response(s) [f6cfa8a2-85ff-4bb9-a246-101c53d2d47b<-7fad1e98-7a6b-4998-a30c-ec1ab88068bc#0:FAIL-t103, f6cfa8a2-85ff-4bb9-a246-101c53d2d47b<-bdb27072-dd00-4d3b-a7da-41600e490ca3#0:FAIL-t103] and 0 exception(s); f6cfa8a2-85ff-4bb9-a246-101c53d2d47b@group-49E82E920F3F:t103, leader=null, voted=f6cfa8a2-85ff-4bb9-a246-101c53d2d47b, raftlog=f6cfa8a2-85ff-4bb9-a246-101c53d2d47b@group-49E82E920F3F-SegmentedRaftLog:OPENED:c-1,f-1,i0, conf=-1: [7fad1e98-7a6b-4998-a30c-ec1ab88068bc:192.168.157.233:35716, bdb27072-dd00-4d3b-a7da-41600e490ca3:192.168.157.233:42906, f6cfa8a2-85ff-4bb9-a246-101c53d2d47b:192.168.157.233:44618], old=null
2019-10-25 11:07:49,543 [f6cfa8a2-85ff-4bb9-a246-101c53d2d47b@group-49E82E920F3F-LeaderElection522] INFO  impl.RaftServerImpl (RaftServerImpl.java:setRole(184)) - f6cfa8a2-85ff-4bb9-a246-101c53d2d47b@group-49E82E920F3F: changes role from CANDIDATE to FOLLOWER at term 103 for DISCOVERED_A_NEW_TERM
2019-10-25 11:07:49,543 [f6cfa8a2-85ff-4bb9-a246-101c53d2d47b@group-49E82E920F3F-LeaderElection522] INFO  impl.RoleInfo (RoleInfo.java:shutdownLeaderElection(134)) - f6cfa8a2-85ff-4bb9-a246-101c53d2d47b: shutdown LeaderElection
2019-10-25 11:07:49,543 [f6cfa8a2-85ff-4bb9-a246-101c53d2d47b@group-49E82E920F3F-LeaderElection522] INFO  impl.RoleInfo (RoleInfo.java:updateAndGet(143)) - f6cfa8a2-85ff-4bb9-a246-101c53d2d47b: start FollowerState
2019-10-25 11:07:49,658 [Thread-4450] INFO  impl.FollowerState (FollowerState.java:run(108)) - f6cfa8a2-85ff-4bb9-a246-101c53d2d47b@group-49E82E920F3F-FollowerState: change to CANDIDATE, lastRpcTime:114ms, electionTimeout:114ms
2019-10-25 11:07:49,658 [Thread-4450] INFO  impl.RoleInfo (RoleInfo.java:shutdownFollowerState(121)) - f6cfa8a2-85ff-4bb9-a246-101c53d2d47b: shutdown FollowerState
2019-10-25 11:07:49,658 [Thread-4450] INFO  impl.RaftServerImpl (RaftServerImpl.java:setRole(184)) - f6cfa8a2-85ff-4bb9-a246-101c53d2d47b@group-49E82E920F3F: changes role from  FOLLOWER to CANDIDATE at term 103 for changeToCandidate
2019-10-25 11:07:49,658 [Thread-4450] INFO  impl.RoleInfo (RoleInfo.java:updateAndGet(143)) - f6cfa8a2-85ff-4bb9-a246-101c53d2d47b: start LeaderElection
2019-10-25 11:07:49,662 [f6cfa8a2-85ff-4bb9-a246-101c53d2d47b@group-49E82E920F3F-LeaderElection523] INFO  impl.LeaderElection (LeaderElection.java:askForVotes(178)) - f6cfa8a2-85ff-4bb9-a246-101c53d2d47b@group-49E82E920F3F-LeaderElection523: begin an election at term 104 for -1: [7fad1e98-7a6b-4998-a30c-ec1ab88068bc:192.168.157.233:35716, bdb27072-dd00-4d3b-a7da-41600e490ca3:192.168.157.233:42906, f6cfa8a2-85ff-4bb9-a246-101c53d2d47b:192.168.157.233:44618], old=null
2019-10-25 11:07:49,663 [grpc-default-executor-1] INFO  impl.RaftServerImpl (RaftServerImpl.java:setRole(184)) - 7fad1e98-7a6b-4998-a30c-ec1ab88068bc@group-49E82E920F3F: changes role from  FOLLOWER to FOLLOWER at term 104 for recognizeCandidate:f6cfa8a2-85ff-4bb9-a246-101c53d2d47b
2019-10-25 11:07:49,666 [grpc-default-executor-1] INFO  impl.RoleInfo (RoleInfo.java:shutdownFollowerState(121)) - 7fad1e98-7a6b-4998-a30c-ec1ab88068bc: shutdown FollowerState
2019-10-25 11:07:49,663 [grpc-default-executor-7] INFO  impl.RaftServerImpl (RaftServerImpl.java:setRole(184)) - bdb27072-dd00-4d3b-a7da-41600e490ca3@group-49E82E920F3F: changes role from  FOLLOWER to FOLLOWER at term 104 for recognizeCandidate:f6cfa8a2-85ff-4bb9-a246-101c53d2d47b
2019-10-25 11:07:49,666 [Thread-4448] INFO  impl.FollowerState (FollowerState.java:run(117)) - 7fad1e98-7a6b-4998-a30c-ec1ab88068bc@group-49E82E920F3F-FollowerState was interrupted: java.lang.InterruptedException: sleep interrupted
2019-10-25 11:07:49,666 [grpc-default-executor-1] INFO  impl.RoleInfo (RoleInfo.java:updateAndGet(143)) - 7fad1e98-7a6b-4998-a30c-ec1ab88068bc: start FollowerState
2019-10-25 11:07:49,666 [grpc-default-executor-7] INFO  impl.RoleInfo (RoleInfo.java:shutdownFollowerState(121)) - bdb27072-dd00-4d3b-a7da-41600e490ca3: shutdown FollowerState
2019-10-25 11:07:49,667 [grpc-default-executor-7] INFO  impl.RoleInfo (RoleInfo.java:updateAndGet(143)) - bdb27072-dd00-4d3b-a7da-41600e490ca3: start FollowerState
2019-10-25 11:07:49,667 [Thread-4449] INFO  impl.FollowerState (FollowerState.java:run(117)) - bdb27072-dd00-4d3b-a7da-41600e490ca3@group-49E82E920F3F-FollowerState was interrupted: java.lang.InterruptedException: sleep interrupted
2019-10-25 11:07:49,668 [main] INFO  ozone.MiniOzoneClusterImpl (MiniOzoneClusterImpl.java:shutdown(314)) - Shutting down the Mini Ozone Cluster
2019-10-25 11:07:49,668 [main] INFO  ozone.MiniOzoneClusterImpl (MiniOzoneClusterImpl.java:stop(330)) - Stopping the Mini Ozone Cluster
2019-10-25 11:07:49,668 [main] INFO  ozone.MiniOzoneClusterImpl (MiniOzoneClusterImpl.java:stopOM(400)) - Stopping the OzoneManager
2019-10-25 11:07:49,668 [main] INFO  ipc.Server (Server.java:stop(3082)) - Stopping server on 44161
2019-10-25 11:07:49,676 [IPC Server listener on 44161] INFO  ipc.Server (Server.java:run(1185)) - Stopping IPC Server listener on 44161
2019-10-25 11:07:49,679 [main] INFO  ratis.OzoneManagerDoubleBuffer (OzoneManagerDoubleBuffer.java:stop(250)) - Stopping OMDoubleBuffer flush thread
2019-10-25 11:07:49,679 [IPC Server Responder] INFO  ipc.Server (Server.java:run(1319)) - Stopping IPC Server Responder
2019-10-25 11:07:49,681 [OMDoubleBufferFlushThread] INFO  ratis.OzoneManagerDoubleBuffer (OzoneManagerDoubleBuffer.java:flushTransactions(193)) - OMDoubleBuffer flush thread OMDoubleBufferFlushThread is interrupted and will exit. OMDoubleBufferFlushThread
2019-10-25 11:07:49,687 [main] INFO  utils.BackgroundService (BackgroundService.java:shutdown(151)) - Shutting down service KeyDeletingService
2019-10-25 11:07:49,690 [f6cfa8a2-85ff-4bb9-a246-101c53d2d47b@group-49E82E920F3F-LeaderElection523] INFO  impl.LeaderElection (LeaderElection.java:logAndReturn(56)) - f6cfa8a2-85ff-4bb9-a246-101c53d2d47b@group-49E82E920F3F-LeaderElection523: Election REJECTED; received 2 response(s) [f6cfa8a2-85ff-4bb9-a246-101c53d2d47b<-7fad1e98-7a6b-4998-a30c-ec1ab88068bc#0:FAIL-t104, f6cfa8a2-85ff-4bb9-a246-101c53d2d47b<-bdb27072-dd00-4d3b-a7da-41600e490ca3#0:FAIL-t104] and 0 exception(s); f6cfa8a2-85ff-4bb9-a246-101c53d2d47b@group-49E82E920F3F:t104, leader=null, voted=f6cfa8a2-85ff-4bb9-a246-101c53d2d47b, raftlog=f6cfa8a2-85ff-4bb9-a246-101c53d2d47b@group-49E82E920F3F-SegmentedRaftLog:OPENED:c-1,f-1,i0, conf=-1: [7fad1e98-7a6b-4998-a30c-ec1ab88068bc:192.168.157.233:35716, bdb27072-dd00-4d3b-a7da-41600e490ca3:192.168.157.233:42906, f6cfa8a2-85ff-4bb9-a246-101c53d2d47b:192.168.157.233:44618], old=null
2019-10-25 11:07:49,692 [f6cfa8a2-85ff-4bb9-a246-101c53d2d47b@group-49E82E920F3F-LeaderElection523] INFO  impl.RaftServerImpl (RaftServerImpl.java:setRole(184)) - f6cfa8a2-85ff-4bb9-a246-101c53d2d47b@group-49E82E920F3F: changes role from CANDIDATE to FOLLOWER at term 104 for DISCOVERED_A_NEW_TERM
2019-10-25 11:07:49,693 [f6cfa8a2-85ff-4bb9-a246-101c53d2d47b@group-49E82E920F3F-LeaderElection523] INFO  impl.RoleInfo (RoleInfo.java:shutdownLeaderElection(134)) - f6cfa8a2-85ff-4bb9-a246-101c53d2d47b: shutdown LeaderElection
2019-10-25 11:07:49,695 [f6cfa8a2-85ff-4bb9-a246-101c53d2d47b@group-49E82E920F3F-LeaderElection523] INFO  impl.RoleInfo (RoleInfo.java:updateAndGet(143)) - f6cfa8a2-85ff-4bb9-a246-101c53d2d47b: start FollowerState
2019-10-25 11:07:49,705 [main] INFO  handler.ContextHandler (ContextHandler.java:doStop(910)) - Stopped o.e.j.w.WebAppContext@2dd8ff1d{/,null,UNAVAILABLE}{/ozoneManager}
2019-10-25 11:07:49,705 [main] INFO  server.AbstractConnector (AbstractConnector.java:doStop(318)) - Stopped ServerConnector@17e9bc9e{HTTP/1.1,[http/1.1]}{0.0.0.0:0}
2019-10-25 11:07:49,706 [main] INFO  handler.ContextHandler (ContextHandler.java:doStop(910)) - Stopped o.e.j.s.ServletContextHandler@309cedb6{/static,file:///workdir/hadoop-ozone/integration-test/target/test-classes/webapps/static,UNAVAILABLE}
2019-10-25 11:07:49,706 [main] INFO  handler.ContextHandler (ContextHandler.java:doStop(910)) - Stopped o.e.j.s.ServletContextHandler@12a2585b{/logs,file:///workdir/hadoop-ozone/integration-test/target/log,UNAVAILABLE}
2019-10-25 11:07:49,713 [main] INFO  ozone.MiniOzoneClusterImpl (MiniOzoneClusterImpl.java:stopDatanodes(377)) - Stopping the HddsDatanodes
2019-10-25 11:07:49,841 [Thread-4469] INFO  impl.FollowerState (FollowerState.java:run(108)) - f6cfa8a2-85ff-4bb9-a246-101c53d2d47b@group-49E82E920F3F-FollowerState: change to CANDIDATE, lastRpcTime:145ms, electionTimeout:137ms
2019-10-25 11:07:49,841 [Thread-4469] INFO  impl.RoleInfo (RoleInfo.java:shutdownFollowerState(121)) - f6cfa8a2-85ff-4bb9-a246-101c53d2d47b: shutdown FollowerState
2019-10-25 11:07:49,841 [Thread-4469] INFO  impl.RaftServerImpl (RaftServerImpl.java:setRole(184)) - f6cfa8a2-85ff-4bb9-a246-101c53d2d47b@group-49E82E920F3F: changes role from  FOLLOWER to CANDIDATE at term 104 for changeToCandidate
2019-10-25 11:07:49,841 [Thread-4469] INFO  impl.RoleInfo (RoleInfo.java:updateAndGet(143)) - f6cfa8a2-85ff-4bb9-a246-101c53d2d47b: start LeaderElection
2019-10-25 11:07:49,920 [f6cfa8a2-85ff-4bb9-a246-101c53d2d47b@group-49E82E920F3F-LeaderElection524] INFO  impl.LeaderElection (LeaderElection.java:askForVotes(178)) - f6cfa8a2-85ff-4bb9-a246-101c53d2d47b@group-49E82E920F3F-LeaderElection524: begin an election at term 105 for -1: [7fad1e98-7a6b-4998-a30c-ec1ab88068bc:192.168.157.233:35716, bdb27072-dd00-4d3b-a7da-41600e490ca3:192.168.157.233:42906, f6cfa8a2-85ff-4bb9-a246-101c53d2d47b:192.168.157.233:44618], old=null
2019-10-25 11:07:49,922 [grpc-default-executor-1] INFO  impl.RaftServerImpl (RaftServerImpl.java:setRole(184)) - 7fad1e98-7a6b-4998-a30c-ec1ab88068bc@group-49E82E920F3F: changes role from  FOLLOWER to FOLLOWER at term 105 for recognizeCandidate:f6cfa8a2-85ff-4bb9-a246-101c53d2d47b
2019-10-25 11:07:49,922 [grpc-default-executor-7] INFO  impl.RaftServerImpl (RaftServerImpl.java:setRole(184)) - bdb27072-dd00-4d3b-a7da-41600e490ca3@group-49E82E920F3F: changes role from  FOLLOWER to FOLLOWER at term 105 for recognizeCandidate:f6cfa8a2-85ff-4bb9-a246-101c53d2d47b
2019-10-25 11:07:49,922 [grpc-default-executor-7] INFO  impl.RoleInfo (RoleInfo.java:shutdownFollowerState(121)) - bdb27072-dd00-4d3b-a7da-41600e490ca3: shutdown FollowerState
2019-10-25 11:07:49,922 [grpc-default-executor-1] INFO  impl.RoleInfo (RoleInfo.java:shutdownFollowerState(121)) - 7fad1e98-7a6b-4998-a30c-ec1ab88068bc: shutdown FollowerState
2019-10-25 11:07:49,922 [Thread-4468] INFO  impl.FollowerState (FollowerState.java:run(117)) - bdb27072-dd00-4d3b-a7da-41600e490ca3@group-49E82E920F3F-FollowerState was interrupted: java.lang.InterruptedException: sleep interrupted
2019-10-25 11:07:49,922 [grpc-default-executor-7] INFO  impl.RoleInfo (RoleInfo.java:updateAndGet(143)) - bdb27072-dd00-4d3b-a7da-41600e490ca3: start FollowerState
2019-10-25 11:07:49,922 [Thread-4467] INFO  impl.FollowerState (FollowerState.java:run(117)) - 7fad1e98-7a6b-4998-a30c-ec1ab88068bc@group-49E82E920F3F-FollowerState was interrupted: java.lang.InterruptedException: sleep interrupted
2019-10-25 11:07:49,922 [grpc-default-executor-1] INFO  impl.RoleInfo (RoleInfo.java:updateAndGet(143)) - 7fad1e98-7a6b-4998-a30c-ec1ab88068bc: start FollowerState
2019-10-25 11:07:49,933 [f6cfa8a2-85ff-4bb9-a246-101c53d2d47b@group-49E82E920F3F-LeaderElection524] INFO  impl.LeaderElection (LeaderElection.java:logAndReturn(56)) - f6cfa8a2-85ff-4bb9-a246-101c53d2d47b@group-49E82E920F3F-LeaderElection524: Election REJECTED; received 2 response(s) [f6cfa8a2-85ff-4bb9-a246-101c53d2d47b<-7fad1e98-7a6b-4998-a30c-ec1ab88068bc#0:FAIL-t105, f6cfa8a2-85ff-4bb9-a246-101c53d2d47b<-bdb27072-dd00-4d3b-a7da-41600e490ca3#0:FAIL-t105] and 0 exception(s); f6cfa8a2-85ff-4bb9-a246-101c53d2d47b@group-49E82E920F3F:t105, leader=null, voted=f6cfa8a2-85ff-4bb9-a246-101c53d2d47b, raftlog=f6cfa8a2-85ff-4bb9-a246-101c53d2d47b@group-49E82E920F3F-SegmentedRaftLog:OPENED:c-1,f-1,i0, conf=-1: [7fad1e98-7a6b-4998-a30c-ec1ab88068bc:192.168.157.233:35716, bdb27072-dd00-4d3b-a7da-41600e490ca3:192.168.157.233:42906, f6cfa8a2-85ff-4bb9-a246-101c53d2d47b:192.168.157.233:44618], old=null
2019-10-25 11:07:49,933 [f6cfa8a2-85ff-4bb9-a246-101c53d2d47b@group-49E82E920F3F-LeaderElection524] INFO  impl.RaftServerImpl (RaftServerImpl.java:setRole(184)) - f6cfa8a2-85ff-4bb9-a246-101c53d2d47b@group-49E82E920F3F: changes role from CANDIDATE to FOLLOWER at term 105 for DISCOVERED_A_NEW_TERM
2019-10-25 11:07:49,933 [f6cfa8a2-85ff-4bb9-a246-101c53d2d47b@group-49E82E920F3F-LeaderElection524] INFO  impl.RoleInfo (RoleInfo.java:shutdownLeaderElection(134)) - f6cfa8a2-85ff-4bb9-a246-101c53d2d47b: shutdown LeaderElection
2019-10-25 11:07:49,933 [f6cfa8a2-85ff-4bb9-a246-101c53d2d47b@group-49E82E920F3F-LeaderElection524] INFO  impl.RoleInfo (RoleInfo.java:updateAndGet(143)) - f6cfa8a2-85ff-4bb9-a246-101c53d2d47b: start FollowerState
2019-10-25 11:07:50,061 [Thread-4475] INFO  impl.FollowerState (FollowerState.java:run(108)) - f6cfa8a2-85ff-4bb9-a246-101c53d2d47b@group-49E82E920F3F-FollowerState: change to CANDIDATE, lastRpcTime:127ms, electionTimeout:127ms
2019-10-25 11:07:50,061 [Thread-4475] INFO  impl.RoleInfo (RoleInfo.java:shutdownFollowerState(121)) - f6cfa8a2-85ff-4bb9-a246-101c53d2d47b: shutdown FollowerState
2019-10-25 11:07:50,061 [Thread-4475] INFO  impl.RaftServerImpl (RaftServerImpl.java:setRole(184)) - f6cfa8a2-85ff-4bb9-a246-101c53d2d47b@group-49E82E920F3F: changes role from  FOLLOWER to CANDIDATE at term 105 for changeToCandidate
2019-10-25 11:07:50,061 [Thread-4475] INFO  impl.RoleInfo (RoleInfo.java:updateAndGet(143)) - f6cfa8a2-85ff-4bb9-a246-101c53d2d47b: start LeaderElection
2019-10-25 11:07:50,090 [f6cfa8a2-85ff-4bb9-a246-101c53d2d47b@group-49E82E920F3F-LeaderElection525] INFO  impl.LeaderElection (LeaderElection.java:askForVotes(178)) - f6cfa8a2-85ff-4bb9-a246-101c53d2d47b@group-49E82E920F3F-LeaderElection525: begin an election at term 106 for -1: [7fad1e98-7a6b-4998-a30c-ec1ab88068bc:192.168.157.233:35716, bdb27072-dd00-4d3b-a7da-41600e490ca3:192.168.157.233:42906, f6cfa8a2-85ff-4bb9-a246-101c53d2d47b:192.168.157.233:44618], old=null
2019-10-25 11:07:50,091 [grpc-default-executor-1] INFO  impl.RaftServerImpl (RaftServerImpl.java:setRole(184)) - 7fad1e98-7a6b-4998-a30c-ec1ab88068bc@group-49E82E920F3F: changes role from  FOLLOWER to FOLLOWER at term 106 for recognizeCandidate:f6cfa8a2-85ff-4bb9-a246-101c53d2d47b
2019-10-25 11:07:50,091 [grpc-default-executor-1] INFO  impl.RoleInfo (RoleInfo.java:shutdownFollowerState(121)) - 7fad1e98-7a6b-4998-a30c-ec1ab88068bc: shutdown FollowerState
2019-10-25 11:07:50,091 [grpc-default-executor-7] INFO  impl.RaftServerImpl (RaftServerImpl.java:setRole(184)) - bdb27072-dd00-4d3b-a7da-41600e490ca3@group-49E82E920F3F: changes role from  FOLLOWER to FOLLOWER at term 106 for recognizeCandidate:f6cfa8a2-85ff-4bb9-a246-101c53d2d47b
2019-10-25 11:07:50,091 [grpc-default-executor-7] INFO  impl.RoleInfo (RoleInfo.java:shutdownFollowerState(121)) - bdb27072-dd00-4d3b-a7da-41600e490ca3: shutdown FollowerState
2019-10-25 11:07:50,091 [Thread-4474] INFO  impl.FollowerState (FollowerState.java:run(117)) - 7fad1e98-7a6b-4998-a30c-ec1ab88068bc@group-49E82E920F3F-FollowerState was interrupted: java.lang.InterruptedException: sleep interrupted
2019-10-25 11:07:50,091 [grpc-default-executor-1] INFO  impl.RoleInfo (RoleInfo.java:updateAndGet(143)) - 7fad1e98-7a6b-4998-a30c-ec1ab88068bc: start FollowerState
2019-10-25 11:07:50,092 [Thread-4473] INFO  impl.FollowerState (FollowerState.java:run(117)) - bdb27072-dd00-4d3b-a7da-41600e490ca3@group-49E82E920F3F-FollowerState was interrupted: java.lang.InterruptedException: sleep interrupted
2019-10-25 11:07:50,092 [grpc-default-executor-7] INFO  impl.RoleInfo (RoleInfo.java:updateAndGet(143)) - bdb27072-dd00-4d3b-a7da-41600e490ca3: start FollowerState
2019-10-25 11:07:50,098 [f6cfa8a2-85ff-4bb9-a246-101c53d2d47b@group-49E82E920F3F-LeaderElection525] INFO  impl.LeaderElection (LeaderElection.java:logAndReturn(56)) - f6cfa8a2-85ff-4bb9-a246-101c53d2d47b@group-49E82E920F3F-LeaderElection525: Election REJECTED; received 2 response(s) [f6cfa8a2-85ff-4bb9-a246-101c53d2d47b<-7fad1e98-7a6b-4998-a30c-ec1ab88068bc#0:FAIL-t106, f6cfa8a2-85ff-4bb9-a246-101c53d2d47b<-bdb27072-dd00-4d3b-a7da-41600e490ca3#0:FAIL-t106] and 0 exception(s); f6cfa8a2-85ff-4bb9-a246-101c53d2d47b@group-49E82E920F3F:t106, leader=null, voted=f6cfa8a2-85ff-4bb9-a246-101c53d2d47b, raftlog=f6cfa8a2-85ff-4bb9-a246-101c53d2d47b@group-49E82E920F3F-SegmentedRaftLog:OPENED:c-1,f-1,i0, conf=-1: [7fad1e98-7a6b-4998-a30c-ec1ab88068bc:192.168.157.233:35716, bdb27072-dd00-4d3b-a7da-41600e490ca3:192.168.157.233:42906, f6cfa8a2-85ff-4bb9-a246-101c53d2d47b:192.168.157.233:44618], old=null
2019-10-25 11:07:50,098 [f6cfa8a2-85ff-4bb9-a246-101c53d2d47b@group-49E82E920F3F-LeaderElection525] INFO  impl.RaftServerImpl (RaftServerImpl.java:setRole(184)) - f6cfa8a2-85ff-4bb9-a246-101c53d2d47b@group-49E82E920F3F: changes role from CANDIDATE to FOLLOWER at term 106 for DISCOVERED_A_NEW_TERM
2019-10-25 11:07:50,099 [f6cfa8a2-85ff-4bb9-a246-101c53d2d47b@group-49E82E920F3F-LeaderElection525] INFO  impl.RoleInfo (RoleInfo.java:shutdownLeaderElection(134)) - f6cfa8a2-85ff-4bb9-a246-101c53d2d47b: shutdown LeaderElection
2019-10-25 11:07:50,099 [f6cfa8a2-85ff-4bb9-a246-101c53d2d47b@group-49E82E920F3F-LeaderElection525] INFO  impl.RoleInfo (RoleInfo.java:updateAndGet(143)) - f6cfa8a2-85ff-4bb9-a246-101c53d2d47b: start FollowerState
2019-10-25 11:07:50,248 [Thread-4483] INFO  impl.FollowerState (FollowerState.java:run(108)) - f6cfa8a2-85ff-4bb9-a246-101c53d2d47b@group-49E82E920F3F-FollowerState: change to CANDIDATE, lastRpcTime:149ms, electionTimeout:149ms
2019-10-25 11:07:50,248 [Thread-4483] INFO  impl.RoleInfo (RoleInfo.java:shutdownFollowerState(121)) - f6cfa8a2-85ff-4bb9-a246-101c53d2d47b: shutdown FollowerState
2019-10-25 11:07:50,248 [Thread-4483] INFO  impl.RaftServerImpl (RaftServerImpl.java:setRole(184)) - f6cfa8a2-85ff-4bb9-a246-101c53d2d47b@group-49E82E920F3F: changes role from  FOLLOWER to CANDIDATE at term 106 for changeToCandidate
2019-10-25 11:07:50,249 [Thread-4483] INFO  impl.RoleInfo (RoleInfo.java:updateAndGet(143)) - f6cfa8a2-85ff-4bb9-a246-101c53d2d47b: start LeaderElection
2019-10-25 11:07:50,274 [f6cfa8a2-85ff-4bb9-a246-101c53d2d47b@group-49E82E920F3F-LeaderElection526] INFO  impl.LeaderElection (LeaderElection.java:askForVotes(178)) - f6cfa8a2-85ff-4bb9-a246-101c53d2d47b@group-49E82E920F3F-LeaderElection526: begin an election at term 107 for -1: [7fad1e98-7a6b-4998-a30c-ec1ab88068bc:192.168.157.233:35716, bdb27072-dd00-4d3b-a7da-41600e490ca3:192.168.157.233:42906, f6cfa8a2-85ff-4bb9-a246-101c53d2d47b:192.168.157.233:44618], old=null
2019-10-25 11:07:50,276 [grpc-default-executor-7] INFO  impl.RaftServerImpl (RaftServerImpl.java:setRole(184)) - 7fad1e98-7a6b-4998-a30c-ec1ab88068bc@group-49E82E920F3F: changes role from  FOLLOWER to FOLLOWER at term 107 for recognizeCandidate:f6cfa8a2-85ff-4bb9-a246-101c53d2d47b
2019-10-25 11:07:50,277 [grpc-default-executor-7] INFO  impl.RoleInfo (RoleInfo.java:shutdownFollowerState(121)) - 7fad1e98-7a6b-4998-a30c-ec1ab88068bc: shutdown FollowerState
2019-10-25 11:07:50,277 [grpc-default-executor-7] INFO  impl.RoleInfo (RoleInfo.java:updateAndGet(143)) - 7fad1e98-7a6b-4998-a30c-ec1ab88068bc: start FollowerState
2019-10-25 11:07:50,277 [grpc-default-executor-1] INFO  impl.RaftServerImpl (RaftServerImpl.java:setRole(184)) - bdb27072-dd00-4d3b-a7da-41600e490ca3@group-49E82E920F3F: changes role from  FOLLOWER to FOLLOWER at term 107 for recognizeCandidate:f6cfa8a2-85ff-4bb9-a246-101c53d2d47b
2019-10-25 11:07:50,277 [grpc-default-executor-1] INFO  impl.RoleInfo (RoleInfo.java:shutdownFollowerState(121)) - bdb27072-dd00-4d3b-a7da-41600e490ca3: shutdown FollowerState
2019-10-25 11:07:50,277 [Thread-4481] INFO  impl.FollowerState (FollowerState.java:run(117)) - 7fad1e98-7a6b-4998-a30c-ec1ab88068bc@group-49E82E920F3F-FollowerState was interrupted: java.lang.InterruptedException: sleep interrupted
2019-10-25 11:07:50,277 [Thread-4482] INFO  impl.FollowerState (FollowerState.java:run(117)) - bdb27072-dd00-4d3b-a7da-41600e490ca3@group-49E82E920F3F-FollowerState was interrupted: java.lang.InterruptedException: sleep interrupted
2019-10-25 11:07:50,277 [grpc-default-executor-1] INFO  impl.RoleInfo (RoleInfo.java:updateAndGet(143)) - bdb27072-dd00-4d3b-a7da-41600e490ca3: start FollowerState
2019-10-25 11:07:50,291 [f6cfa8a2-85ff-4bb9-a246-101c53d2d47b@group-49E82E920F3F-LeaderElection526] INFO  impl.LeaderElection (LeaderElection.java:logAndReturn(56)) - f6cfa8a2-85ff-4bb9-a246-101c53d2d47b@group-49E82E920F3F-LeaderElection526: Election REJECTED; received 2 response(s) [f6cfa8a2-85ff-4bb9-a246-101c53d2d47b<-7fad1e98-7a6b-4998-a30c-ec1ab88068bc#0:FAIL-t107, f6cfa8a2-85ff-4bb9-a246-101c53d2d47b<-bdb27072-dd00-4d3b-a7da-41600e490ca3#0:FAIL-t107] and 0 exception(s); f6cfa8a2-85ff-4bb9-a246-101c53d2d47b@group-49E82E920F3F:t107, leader=null, voted=f6cfa8a2-85ff-4bb9-a246-101c53d2d47b, raftlog=f6cfa8a2-85ff-4bb9-a246-101c53d2d47b@group-49E82E920F3F-SegmentedRaftLog:OPENED:c-1,f-1,i0, conf=-1: [7fad1e98-7a6b-4998-a30c-ec1ab88068bc:192.168.157.233:35716, bdb27072-dd00-4d3b-a7da-41600e490ca3:192.168.157.233:42906, f6cfa8a2-85ff-4bb9-a246-101c53d2d47b:192.168.157.233:44618], old=null
2019-10-25 11:07:50,291 [f6cfa8a2-85ff-4bb9-a246-101c53d2d47b@group-49E82E920F3F-LeaderElection526] INFO  impl.RaftServerImpl (RaftServerImpl.java:setRole(184)) - f6cfa8a2-85ff-4bb9-a246-101c53d2d47b@group-49E82E920F3F: changes role from CANDIDATE to FOLLOWER at term 107 for DISCOVERED_A_NEW_TERM
2019-10-25 11:07:50,292 [f6cfa8a2-85ff-4bb9-a246-101c53d2d47b@group-49E82E920F3F-LeaderElection526] INFO  impl.RoleInfo (RoleInfo.java:shutdownLeaderElection(134)) - f6cfa8a2-85ff-4bb9-a246-101c53d2d47b: shutdown LeaderElection
2019-10-25 11:07:50,292 [f6cfa8a2-85ff-4bb9-a246-101c53d2d47b@group-49E82E920F3F-LeaderElection526] INFO  impl.RoleInfo (RoleInfo.java:updateAndGet(143)) - f6cfa8a2-85ff-4bb9-a246-101c53d2d47b: start FollowerState
2019-10-25 11:07:50,304 [Thread-4491] INFO  impl.FollowerState (FollowerState.java:run(108)) - f6cfa8a2-85ff-4bb9-a246-101c53d2d47b@group-49E82E920F3F-FollowerState: change to CANDIDATE, lastRpcTime:12ms, electionTimeout:12ms
2019-10-25 11:07:50,304 [Thread-4491] INFO  impl.RoleInfo (RoleInfo.java:shutdownFollowerState(121)) - f6cfa8a2-85ff-4bb9-a246-101c53d2d47b: shutdown FollowerState
2019-10-25 11:07:50,304 [Thread-4491] INFO  impl.RaftServerImpl (RaftServerImpl.java:setRole(184)) - f6cfa8a2-85ff-4bb9-a246-101c53d2d47b@group-49E82E920F3F: changes role from  FOLLOWER to CANDIDATE at term 107 for changeToCandidate
2019-10-25 11:07:50,304 [Thread-4491] INFO  impl.RoleInfo (RoleInfo.java:updateAndGet(143)) - f6cfa8a2-85ff-4bb9-a246-101c53d2d47b: start LeaderElection
2019-10-25 11:07:50,318 [f6cfa8a2-85ff-4bb9-a246-101c53d2d47b@group-49E82E920F3F-LeaderElection527] INFO  impl.LeaderElection (LeaderElection.java:askForVotes(178)) - f6cfa8a2-85ff-4bb9-a246-101c53d2d47b@group-49E82E920F3F-LeaderElection527: begin an election at term 108 for -1: [7fad1e98-7a6b-4998-a30c-ec1ab88068bc:192.168.157.233:35716, bdb27072-dd00-4d3b-a7da-41600e490ca3:192.168.157.233:42906, f6cfa8a2-85ff-4bb9-a246-101c53d2d47b:192.168.157.233:44618], old=null
2019-10-25 11:07:50,319 [grpc-default-executor-1] INFO  impl.RaftServerImpl (RaftServerImpl.java:setRole(184)) - 7fad1e98-7a6b-4998-a30c-ec1ab88068bc@group-49E82E920F3F: changes role from  FOLLOWER to FOLLOWER at term 108 for recognizeCandidate:f6cfa8a2-85ff-4bb9-a246-101c53d2d47b
2019-10-25 11:07:50,320 [grpc-default-executor-1] INFO  impl.RoleInfo (RoleInfo.java:shutdownFollowerState(121)) - 7fad1e98-7a6b-4998-a30c-ec1ab88068bc: shutdown FollowerState
2019-10-25 11:07:50,319 [grpc-default-executor-7] INFO  impl.RaftServerImpl (RaftServerImpl.java:setRole(184)) - bdb27072-dd00-4d3b-a7da-41600e490ca3@group-49E82E920F3F: changes role from  FOLLOWER to FOLLOWER at term 108 for recognizeCandidate:f6cfa8a2-85ff-4bb9-a246-101c53d2d47b
2019-10-25 11:07:50,320 [Thread-4489] INFO  impl.FollowerState (FollowerState.java:run(117)) - 7fad1e98-7a6b-4998-a30c-ec1ab88068bc@group-49E82E920F3F-FollowerState was interrupted: java.lang.InterruptedException: sleep interrupted
2019-10-25 11:07:50,320 [grpc-default-executor-1] INFO  impl.RoleInfo (RoleInfo.java:updateAndGet(143)) - 7fad1e98-7a6b-4998-a30c-ec1ab88068bc: start FollowerState
2019-10-25 11:07:50,320 [grpc-default-executor-7] INFO  impl.RoleInfo (RoleInfo.java:shutdownFollowerState(121)) - bdb27072-dd00-4d3b-a7da-41600e490ca3: shutdown FollowerState
2019-10-25 11:07:50,321 [grpc-default-executor-7] INFO  impl.RoleInfo (RoleInfo.java:updateAndGet(143)) - bdb27072-dd00-4d3b-a7da-41600e490ca3: start FollowerState
2019-10-25 11:07:50,321 [Thread-4490] INFO  impl.FollowerState (FollowerState.java:run(117)) - bdb27072-dd00-4d3b-a7da-41600e490ca3@group-49E82E920F3F-FollowerState was interrupted: java.lang.InterruptedException: sleep interrupted
2019-10-25 11:07:50,337 [f6cfa8a2-85ff-4bb9-a246-101c53d2d47b@group-49E82E920F3F-LeaderElection527] INFO  impl.LeaderElection (LeaderElection.java:logAndReturn(56)) - f6cfa8a2-85ff-4bb9-a246-101c53d2d47b@group-49E82E920F3F-LeaderElection527: Election REJECTED; received 2 response(s) [f6cfa8a2-85ff-4bb9-a246-101c53d2d47b<-7fad1e98-7a6b-4998-a30c-ec1ab88068bc#0:FAIL-t108, f6cfa8a2-85ff-4bb9-a246-101c53d2d47b<-bdb27072-dd00-4d3b-a7da-41600e490ca3#0:FAIL-t108] and 0 exception(s); f6cfa8a2-85ff-4bb9-a246-101c53d2d47b@group-49E82E920F3F:t108, leader=null, voted=f6cfa8a2-85ff-4bb9-a246-101c53d2d47b, raftlog=f6cfa8a2-85ff-4bb9-a246-101c53d2d47b@group-49E82E920F3F-SegmentedRaftLog:OPENED:c-1,f-1,i0, conf=-1: [7fad1e98-7a6b-4998-a30c-ec1ab88068bc:192.168.157.233:35716, bdb27072-dd00-4d3b-a7da-41600e490ca3:192.168.157.233:42906, f6cfa8a2-85ff-4bb9-a246-101c53d2d47b:192.168.157.233:44618], old=null
2019-10-25 11:07:50,337 [f6cfa8a2-85ff-4bb9-a246-101c53d2d47b@group-49E82E920F3F-LeaderElection527] INFO  impl.RaftServerImpl (RaftServerImpl.java:setRole(184)) - f6cfa8a2-85ff-4bb9-a246-101c53d2d47b@group-49E82E920F3F: changes role from CANDIDATE to FOLLOWER at term 108 for DISCOVERED_A_NEW_TERM
2019-10-25 11:07:50,337 [f6cfa8a2-85ff-4bb9-a246-101c53d2d47b@group-49E82E920F3F-LeaderElection527] INFO  impl.RoleInfo (RoleInfo.java:shutdownLeaderElection(134)) - f6cfa8a2-85ff-4bb9-a246-101c53d2d47b: shutdown LeaderElection
2019-10-25 11:07:50,337 [f6cfa8a2-85ff-4bb9-a246-101c53d2d47b@group-49E82E920F3F-LeaderElection527] INFO  impl.RoleInfo (RoleInfo.java:updateAndGet(143)) - f6cfa8a2-85ff-4bb9-a246-101c53d2d47b: start FollowerState
2019-10-25 11:07:50,391 [Datanode State Machine Thread - 0] INFO  statemachine.DatanodeStateMachine (DatanodeStateMachine.java:lambda$startDaemon$0(350)) - Ozone container server started.
2019-10-25 11:07:50,425 [Thread-4497] INFO  impl.FollowerState (FollowerState.java:run(108)) - f6cfa8a2-85ff-4bb9-a246-101c53d2d47b@group-49E82E920F3F-FollowerState: change to CANDIDATE, lastRpcTime:87ms, electionTimeout:87ms
2019-10-25 11:07:50,425 [Thread-4497] INFO  impl.RoleInfo (RoleInfo.java:shutdownFollowerState(121)) - f6cfa8a2-85ff-4bb9-a246-101c53d2d47b: shutdown FollowerState
2019-10-25 11:07:50,425 [Thread-4497] INFO  impl.RaftServerImpl (RaftServerImpl.java:setRole(184)) - f6cfa8a2-85ff-4bb9-a246-101c53d2d47b@group-49E82E920F3F: changes role from  FOLLOWER to CANDIDATE at term 108 for changeToCandidate
2019-10-25 11:07:50,425 [Thread-4497] INFO  impl.RoleInfo (RoleInfo.java:updateAndGet(143)) - f6cfa8a2-85ff-4bb9-a246-101c53d2d47b: start LeaderElection
2019-10-25 11:07:50,447 [f6cfa8a2-85ff-4bb9-a246-101c53d2d47b@group-49E82E920F3F-LeaderElection528] INFO  impl.LeaderElection (LeaderElection.java:askForVotes(178)) - f6cfa8a2-85ff-4bb9-a246-101c53d2d47b@group-49E82E920F3F-LeaderElection528: begin an election at term 109 for -1: [7fad1e98-7a6b-4998-a30c-ec1ab88068bc:192.168.157.233:35716, bdb27072-dd00-4d3b-a7da-41600e490ca3:192.168.157.233:42906, f6cfa8a2-85ff-4bb9-a246-101c53d2d47b:192.168.157.233:44618], old=null
2019-10-25 11:07:50,449 [grpc-default-executor-7] INFO  impl.RaftServerImpl (RaftServerImpl.java:setRole(184)) - bdb27072-dd00-4d3b-a7da-41600e490ca3@group-49E82E920F3F: changes role from  FOLLOWER to FOLLOWER at term 109 for recognizeCandidate:f6cfa8a2-85ff-4bb9-a246-101c53d2d47b
2019-10-25 11:07:50,449 [grpc-default-executor-1] INFO  impl.RaftServerImpl (RaftServerImpl.java:setRole(184)) - 7fad1e98-7a6b-4998-a30c-ec1ab88068bc@group-49E82E920F3F: changes role from  FOLLOWER to FOLLOWER at term 109 for recognizeCandidate:f6cfa8a2-85ff-4bb9-a246-101c53d2d47b
2019-10-25 11:07:50,449 [grpc-default-executor-1] INFO  impl.RoleInfo (RoleInfo.java:shutdownFollowerState(121)) - 7fad1e98-7a6b-4998-a30c-ec1ab88068bc: shutdown FollowerState
2019-10-25 11:07:50,449 [grpc-default-executor-7] INFO  impl.RoleInfo (RoleInfo.java:shutdownFollowerState(121)) - bdb27072-dd00-4d3b-a7da-41600e490ca3: shutdown FollowerState
2019-10-25 11:07:50,449 [grpc-default-executor-1] INFO  impl.RoleInfo (RoleInfo.java:updateAndGet(143)) - 7fad1e98-7a6b-4998-a30c-ec1ab88068bc: start FollowerState
2019-10-25 11:07:50,449 [Thread-4495] INFO  impl.FollowerState (FollowerState.java:run(117)) - 7fad1e98-7a6b-4998-a30c-ec1ab88068bc@group-49E82E920F3F-FollowerState was interrupted: java.lang.InterruptedException: sleep interrupted
2019-10-25 11:07:50,449 [Thread-4496] INFO  impl.FollowerState (FollowerState.java:run(117)) - bdb27072-dd00-4d3b-a7da-41600e490ca3@group-49E82E920F3F-FollowerState was interrupted: java.lang.InterruptedException: sleep interrupted
2019-10-25 11:07:50,449 [grpc-default-executor-7] INFO  impl.RoleInfo (RoleInfo.java:updateAndGet(143)) - bdb27072-dd00-4d3b-a7da-41600e490ca3: start FollowerState
2019-10-25 11:07:50,463 [f6cfa8a2-85ff-4bb9-a246-101c53d2d47b@group-49E82E920F3F-LeaderElection528] INFO  impl.LeaderElection (LeaderElection.java:logAndReturn(56)) - f6cfa8a2-85ff-4bb9-a246-101c53d2d47b@group-49E82E920F3F-LeaderElection528: Election REJECTED; received 2 response(s) [f6cfa8a2-85ff-4bb9-a246-101c53d2d47b<-7fad1e98-7a6b-4998-a30c-ec1ab88068bc#0:FAIL-t109, f6cfa8a2-85ff-4bb9-a246-101c53d2d47b<-bdb27072-dd00-4d3b-a7da-41600e490ca3#0:FAIL-t109] and 0 exception(s); f6cfa8a2-85ff-4bb9-a246-101c53d2d47b@group-49E82E920F3F:t109, leader=null, voted=f6cfa8a2-85ff-4bb9-a246-101c53d2d47b, raftlog=f6cfa8a2-85ff-4bb9-a246-101c53d2d47b@group-49E82E920F3F-SegmentedRaftLog:OPENED:c-1,f-1,i0, conf=-1: [7fad1e98-7a6b-4998-a30c-ec1ab88068bc:192.168.157.233:35716, bdb27072-dd00-4d3b-a7da-41600e490ca3:192.168.157.233:42906, f6cfa8a2-85ff-4bb9-a246-101c53d2d47b:192.168.157.233:44618], old=null
2019-10-25 11:07:50,464 [f6cfa8a2-85ff-4bb9-a246-101c53d2d47b@group-49E82E920F3F-LeaderElection528] INFO  impl.RaftServerImpl (RaftServerImpl.java:setRole(184)) - f6cfa8a2-85ff-4bb9-a246-101c53d2d47b@group-49E82E920F3F: changes role from CANDIDATE to FOLLOWER at term 109 for DISCOVERED_A_NEW_TERM
2019-10-25 11:07:50,464 [f6cfa8a2-85ff-4bb9-a246-101c53d2d47b@group-49E82E920F3F-LeaderElection528] INFO  impl.RoleInfo (RoleInfo.java:shutdownLeaderElection(134)) - f6cfa8a2-85ff-4bb9-a246-101c53d2d47b: shutdown LeaderElection
2019-10-25 11:07:50,464 [f6cfa8a2-85ff-4bb9-a246-101c53d2d47b@group-49E82E920F3F-LeaderElection528] INFO  impl.RoleInfo (RoleInfo.java:updateAndGet(143)) - f6cfa8a2-85ff-4bb9-a246-101c53d2d47b: start FollowerState
2019-10-25 11:07:50,522 [Datanode State Machine Thread - 0] INFO  statemachine.DatanodeStateMachine (DatanodeStateMachine.java:lambda$startDaemon$0(350)) - Ozone container server started.
2019-10-25 11:07:50,526 [Thread-4505] INFO  impl.FollowerState (FollowerState.java:run(108)) - f6cfa8a2-85ff-4bb9-a246-101c53d2d47b@group-49E82E920F3F-FollowerState: change to CANDIDATE, lastRpcTime:62ms, electionTimeout:62ms
2019-10-25 11:07:50,526 [Thread-4505] INFO  impl.RoleInfo (RoleInfo.java:shutdownFollowerState(121)) - f6cfa8a2-85ff-4bb9-a246-101c53d2d47b: shutdown FollowerState
2019-10-25 11:07:50,526 [Thread-4505] INFO  impl.RaftServerImpl (RaftServerImpl.java:setRole(184)) - f6cfa8a2-85ff-4bb9-a246-101c53d2d47b@group-49E82E920F3F: changes role from  FOLLOWER to CANDIDATE at term 109 for changeToCandidate
2019-10-25 11:07:50,526 [Thread-4505] INFO  impl.RoleInfo (RoleInfo.java:updateAndGet(143)) - f6cfa8a2-85ff-4bb9-a246-101c53d2d47b: start LeaderElection
2019-10-25 11:07:50,541 [f6cfa8a2-85ff-4bb9-a246-101c53d2d47b@group-49E82E920F3F-LeaderElection529] INFO  impl.LeaderElection (LeaderElection.java:askForVotes(178)) - f6cfa8a2-85ff-4bb9-a246-101c53d2d47b@group-49E82E920F3F-LeaderElection529: begin an election at term 110 for -1: [7fad1e98-7a6b-4998-a30c-ec1ab88068bc:192.168.157.233:35716, bdb27072-dd00-4d3b-a7da-41600e490ca3:192.168.157.233:42906, f6cfa8a2-85ff-4bb9-a246-101c53d2d47b:192.168.157.233:44618], old=null
2019-10-25 11:07:50,542 [grpc-default-executor-1] INFO  impl.RaftServerImpl (RaftServerImpl.java:setRole(184)) - 7fad1e98-7a6b-4998-a30c-ec1ab88068bc@group-49E82E920F3F: changes role from  FOLLOWER to FOLLOWER at term 110 for recognizeCandidate:f6cfa8a2-85ff-4bb9-a246-101c53d2d47b
2019-10-25 11:07:50,542 [f6cfa8a2-85ff-4bb9-a246-101c53d2d47b@group-49E82E920F3F-LeaderElection529] INFO  impl.LeaderElection (LeaderElection.java:logAndReturn(56)) - f6cfa8a2-85ff-4bb9-a246-101c53d2d47b@group-49E82E920F3F-LeaderElection529: Election TIMEOUT; received 0 response(s) [] and 0 exception(s); f6cfa8a2-85ff-4bb9-a246-101c53d2d47b@group-49E82E920F3F:t110, leader=null, voted=f6cfa8a2-85ff-4bb9-a246-101c53d2d47b, raftlog=f6cfa8a2-85ff-4bb9-a246-101c53d2d47b@group-49E82E920F3F-SegmentedRaftLog:OPENED:c-1,f-1,i0, conf=-1: [7fad1e98-7a6b-4998-a30c-ec1ab88068bc:192.168.157.233:35716, bdb27072-dd00-4d3b-a7da-41600e490ca3:192.168.157.233:42906, f6cfa8a2-85ff-4bb9-a246-101c53d2d47b:192.168.157.233:44618], old=null
2019-10-25 11:07:50,542 [grpc-default-executor-7] INFO  impl.RaftServerImpl (RaftServerImpl.java:setRole(184)) - bdb27072-dd00-4d3b-a7da-41600e490ca3@group-49E82E920F3F: changes role from  FOLLOWER to FOLLOWER at term 110 for recognizeCandidate:f6cfa8a2-85ff-4bb9-a246-101c53d2d47b
2019-10-25 11:07:50,543 [grpc-default-executor-7] INFO  impl.RoleInfo (RoleInfo.java:shutdownFollowerState(121)) - bdb27072-dd00-4d3b-a7da-41600e490ca3: shutdown FollowerState
2019-10-25 11:07:50,543 [grpc-default-executor-1] INFO  impl.RoleInfo (RoleInfo.java:shutdownFollowerState(121)) - 7fad1e98-7a6b-4998-a30c-ec1ab88068bc: shutdown FollowerState
2019-10-25 11:07:50,543 [Thread-4504] INFO  impl.FollowerState (FollowerState.java:run(117)) - bdb27072-dd00-4d3b-a7da-41600e490ca3@group-49E82E920F3F-FollowerState was interrupted: java.lang.InterruptedException: sleep interrupted
2019-10-25 11:07:50,543 [Thread-4503] INFO  impl.FollowerState (FollowerState.java:run(117)) - 7fad1e98-7a6b-4998-a30c-ec1ab88068bc@group-49E82E920F3F-FollowerState was interrupted: java.lang.InterruptedException: sleep interrupted
2019-10-25 11:07:50,543 [grpc-default-executor-7] INFO  impl.RoleInfo (RoleInfo.java:updateAndGet(143)) - bdb27072-dd00-4d3b-a7da-41600e490ca3: start FollowerState
2019-10-25 11:07:50,543 [grpc-default-executor-1] INFO  impl.RoleInfo (RoleInfo.java:updateAndGet(143)) - 7fad1e98-7a6b-4998-a30c-ec1ab88068bc: start FollowerState
2019-10-25 11:07:50,567 [f6cfa8a2-85ff-4bb9-a246-101c53d2d47b@group-49E82E920F3F-LeaderElection529] INFO  impl.LeaderElection (LeaderElection.java:askForVotes(178)) - f6cfa8a2-85ff-4bb9-a246-101c53d2d47b@group-49E82E920F3F-LeaderElection529: begin an election at term 111 for -1: [7fad1e98-7a6b-4998-a30c-ec1ab88068bc:192.168.157.233:35716, bdb27072-dd00-4d3b-a7da-41600e490ca3:192.168.157.233:42906, f6cfa8a2-85ff-4bb9-a246-101c53d2d47b:192.168.157.233:44618], old=null
2019-10-25 11:07:50,568 [grpc-default-executor-1] INFO  impl.RaftServerImpl (RaftServerImpl.java:setRole(184)) - 7fad1e98-7a6b-4998-a30c-ec1ab88068bc@group-49E82E920F3F: changes role from  FOLLOWER to FOLLOWER at term 111 for recognizeCandidate:f6cfa8a2-85ff-4bb9-a246-101c53d2d47b
2019-10-25 11:07:50,569 [grpc-default-executor-1] INFO  impl.RoleInfo (RoleInfo.java:shutdownFollowerState(121)) - 7fad1e98-7a6b-4998-a30c-ec1ab88068bc: shutdown FollowerState
2019-10-25 11:07:50,569 [grpc-default-executor-1] INFO  impl.RoleInfo (RoleInfo.java:updateAndGet(143)) - 7fad1e98-7a6b-4998-a30c-ec1ab88068bc: start FollowerState
2019-10-25 11:07:50,569 [grpc-default-executor-7] INFO  impl.RaftServerImpl (RaftServerImpl.java:setRole(184)) - bdb27072-dd00-4d3b-a7da-41600e490ca3@group-49E82E920F3F: changes role from  FOLLOWER to FOLLOWER at term 111 for recognizeCandidate:f6cfa8a2-85ff-4bb9-a246-101c53d2d47b
2019-10-25 11:07:50,569 [grpc-default-executor-7] INFO  impl.RoleInfo (RoleInfo.java:shutdownFollowerState(121)) - bdb27072-dd00-4d3b-a7da-41600e490ca3: shutdown FollowerState
2019-10-25 11:07:50,569 [Thread-4510] INFO  impl.FollowerState (FollowerState.java:run(117)) - 7fad1e98-7a6b-4998-a30c-ec1ab88068bc@group-49E82E920F3F-FollowerState was interrupted: java.lang.InterruptedException: sleep interrupted
2019-10-25 11:07:50,569 [grpc-default-executor-7] INFO  impl.RoleInfo (RoleInfo.java:updateAndGet(143)) - bdb27072-dd00-4d3b-a7da-41600e490ca3: start FollowerState
2019-10-25 11:07:50,569 [Thread-4509] INFO  impl.FollowerState (FollowerState.java:run(117)) - bdb27072-dd00-4d3b-a7da-41600e490ca3@group-49E82E920F3F-FollowerState was interrupted: java.lang.InterruptedException: sleep interrupted
2019-10-25 11:07:50,583 [f6cfa8a2-85ff-4bb9-a246-101c53d2d47b@group-49E82E920F3F-LeaderElection529] INFO  impl.LeaderElection (LeaderElection.java:logAndReturn(56)) - f6cfa8a2-85ff-4bb9-a246-101c53d2d47b@group-49E82E920F3F-LeaderElection529: Election REJECTED; received 2 response(s) [f6cfa8a2-85ff-4bb9-a246-101c53d2d47b<-7fad1e98-7a6b-4998-a30c-ec1ab88068bc#0:FAIL-t111, f6cfa8a2-85ff-4bb9-a246-101c53d2d47b<-bdb27072-dd00-4d3b-a7da-41600e490ca3#0:FAIL-t111] and 0 exception(s); f6cfa8a2-85ff-4bb9-a246-101c53d2d47b@group-49E82E920F3F:t111, leader=null, voted=f6cfa8a2-85ff-4bb9-a246-101c53d2d47b, raftlog=f6cfa8a2-85ff-4bb9-a246-101c53d2d47b@group-49E82E920F3F-SegmentedRaftLog:OPENED:c-1,f-1,i0, conf=-1: [7fad1e98-7a6b-4998-a30c-ec1ab88068bc:192.168.157.233:35716, bdb27072-dd00-4d3b-a7da-41600e490ca3:192.168.157.233:42906, f6cfa8a2-85ff-4bb9-a246-101c53d2d47b:192.168.157.233:44618], old=null
2019-10-25 11:07:50,583 [f6cfa8a2-85ff-4bb9-a246-101c53d2d47b@group-49E82E920F3F-LeaderElection529] INFO  impl.RaftServerImpl (RaftServerImpl.java:setRole(184)) - f6cfa8a2-85ff-4bb9-a246-101c53d2d47b@group-49E82E920F3F: changes role from CANDIDATE to FOLLOWER at term 111 for DISCOVERED_A_NEW_TERM
2019-10-25 11:07:50,583 [f6cfa8a2-85ff-4bb9-a246-101c53d2d47b@group-49E82E920F3F-LeaderElection529] INFO  impl.RoleInfo (RoleInfo.java:shutdownLeaderElection(134)) - f6cfa8a2-85ff-4bb9-a246-101c53d2d47b: shutdown LeaderElection
2019-10-25 11:07:50,583 [f6cfa8a2-85ff-4bb9-a246-101c53d2d47b@group-49E82E920F3F-LeaderElection529] INFO  impl.RoleInfo (RoleInfo.java:updateAndGet(143)) - f6cfa8a2-85ff-4bb9-a246-101c53d2d47b: start FollowerState
2019-10-25 11:07:50,594 [Thread-4515] INFO  impl.FollowerState (FollowerState.java:run(108)) - f6cfa8a2-85ff-4bb9-a246-101c53d2d47b@group-49E82E920F3F-FollowerState: change to CANDIDATE, lastRpcTime:10ms, electionTimeout:10ms
2019-10-25 11:07:50,594 [Thread-4515] INFO  impl.RoleInfo (RoleInfo.java:shutdownFollowerState(121)) - f6cfa8a2-85ff-4bb9-a246-101c53d2d47b: shutdown FollowerState
2019-10-25 11:07:50,594 [Thread-4515] INFO  impl.RaftServerImpl (RaftServerImpl.java:setRole(184)) - f6cfa8a2-85ff-4bb9-a246-101c53d2d47b@group-49E82E920F3F: changes role from  FOLLOWER to CANDIDATE at term 111 for changeToCandidate
2019-10-25 11:07:50,594 [Thread-4515] INFO  impl.RoleInfo (RoleInfo.java:updateAndGet(143)) - f6cfa8a2-85ff-4bb9-a246-101c53d2d47b: start LeaderElection
2019-10-25 11:07:50,607 [f6cfa8a2-85ff-4bb9-a246-101c53d2d47b@group-49E82E920F3F-LeaderElection530] INFO  impl.LeaderElection (LeaderElection.java:askForVotes(178)) - f6cfa8a2-85ff-4bb9-a246-101c53d2d47b@group-49E82E920F3F-LeaderElection530: begin an election at term 112 for -1: [7fad1e98-7a6b-4998-a30c-ec1ab88068bc:192.168.157.233:35716, bdb27072-dd00-4d3b-a7da-41600e490ca3:192.168.157.233:42906, f6cfa8a2-85ff-4bb9-a246-101c53d2d47b:192.168.157.233:44618], old=null
2019-10-25 11:07:50,608 [grpc-default-executor-1] INFO  impl.RaftServerImpl (RaftServerImpl.java:setRole(184)) - bdb27072-dd00-4d3b-a7da-41600e490ca3@group-49E82E920F3F: changes role from  FOLLOWER to FOLLOWER at term 112 for recognizeCandidate:f6cfa8a2-85ff-4bb9-a246-101c53d2d47b
2019-10-25 11:07:50,608 [grpc-default-executor-1] INFO  impl.RoleInfo (RoleInfo.java:shutdownFollowerState(121)) - bdb27072-dd00-4d3b-a7da-41600e490ca3: shutdown FollowerState
2019-10-25 11:07:50,608 [grpc-default-executor-7] INFO  impl.RaftServerImpl (RaftServerImpl.java:setRole(184)) - 7fad1e98-7a6b-4998-a30c-ec1ab88068bc@group-49E82E920F3F: changes role from  FOLLOWER to FOLLOWER at term 112 for recognizeCandidate:f6cfa8a2-85ff-4bb9-a246-101c53d2d47b
2019-10-25 11:07:50,608 [grpc-default-executor-7] INFO  impl.RoleInfo (RoleInfo.java:shutdownFollowerState(121)) - 7fad1e98-7a6b-4998-a30c-ec1ab88068bc: shutdown FollowerState
2019-10-25 11:07:50,608 [Thread-4514] INFO  impl.FollowerState (FollowerState.java:run(117)) - bdb27072-dd00-4d3b-a7da-41600e490ca3@group-49E82E920F3F-FollowerState was interrupted: java.lang.InterruptedException: sleep interrupted
2019-10-25 11:07:50,608 [grpc-default-executor-1] INFO  impl.RoleInfo (RoleInfo.java:updateAndGet(143)) - bdb27072-dd00-4d3b-a7da-41600e490ca3: start FollowerState
2019-10-25 11:07:50,608 [Thread-4513] INFO  impl.FollowerState (FollowerState.java:run(117)) - 7fad1e98-7a6b-4998-a30c-ec1ab88068bc@group-49E82E920F3F-FollowerState was interrupted: java.lang.InterruptedException: sleep interrupted
2019-10-25 11:07:50,608 [grpc-default-executor-7] INFO  impl.RoleInfo (RoleInfo.java:updateAndGet(143)) - 7fad1e98-7a6b-4998-a30c-ec1ab88068bc: start FollowerState
2019-10-25 11:07:50,622 [f6cfa8a2-85ff-4bb9-a246-101c53d2d47b@group-49E82E920F3F-LeaderElection530] INFO  impl.LeaderElection (LeaderElection.java:logAndReturn(56)) - f6cfa8a2-85ff-4bb9-a246-101c53d2d47b@group-49E82E920F3F-LeaderElection530: Election REJECTED; received 2 response(s) [f6cfa8a2-85ff-4bb9-a246-101c53d2d47b<-7fad1e98-7a6b-4998-a30c-ec1ab88068bc#0:FAIL-t112, f6cfa8a2-85ff-4bb9-a246-101c53d2d47b<-bdb27072-dd00-4d3b-a7da-41600e490ca3#0:FAIL-t112] and 0 exception(s); f6cfa8a2-85ff-4bb9-a246-101c53d2d47b@group-49E82E920F3F:t112, leader=null, voted=f6cfa8a2-85ff-4bb9-a246-101c53d2d47b, raftlog=f6cfa8a2-85ff-4bb9-a246-101c53d2d47b@group-49E82E920F3F-SegmentedRaftLog:OPENED:c-1,f-1,i0, conf=-1: [7fad1e98-7a6b-4998-a30c-ec1ab88068bc:192.168.157.233:35716, bdb27072-dd00-4d3b-a7da-41600e490ca3:192.168.157.233:42906, f6cfa8a2-85ff-4bb9-a246-101c53d2d47b:192.168.157.233:44618], old=null
2019-10-25 11:07:50,622 [f6cfa8a2-85ff-4bb9-a246-101c53d2d47b@group-49E82E920F3F-LeaderElection530] INFO  impl.RaftServerImpl (RaftServerImpl.java:setRole(184)) - f6cfa8a2-85ff-4bb9-a246-101c53d2d47b@group-49E82E920F3F: changes role from CANDIDATE to FOLLOWER at term 112 for DISCOVERED_A_NEW_TERM
2019-10-25 11:07:50,622 [f6cfa8a2-85ff-4bb9-a246-101c53d2d47b@group-49E82E920F3F-LeaderElection530] INFO  impl.RoleInfo (RoleInfo.java:shutdownLeaderElection(134)) - f6cfa8a2-85ff-4bb9-a246-101c53d2d47b: shutdown LeaderElection
2019-10-25 11:07:50,623 [f6cfa8a2-85ff-4bb9-a246-101c53d2d47b@group-49E82E920F3F-LeaderElection530] INFO  impl.RoleInfo (RoleInfo.java:updateAndGet(143)) - f6cfa8a2-85ff-4bb9-a246-101c53d2d47b: start FollowerState
2019-10-25 11:07:50,641 [Thread-4521] INFO  impl.FollowerState (FollowerState.java:run(108)) - f6cfa8a2-85ff-4bb9-a246-101c53d2d47b@group-49E82E920F3F-FollowerState: change to CANDIDATE, lastRpcTime:18ms, electionTimeout:18ms
2019-10-25 11:07:50,641 [Thread-4521] INFO  impl.RoleInfo (RoleInfo.java:shutdownFollowerState(121)) - f6cfa8a2-85ff-4bb9-a246-101c53d2d47b: shutdown FollowerState
2019-10-25 11:07:50,641 [Thread-4521] INFO  impl.RaftServerImpl (RaftServerImpl.java:setRole(184)) - f6cfa8a2-85ff-4bb9-a246-101c53d2d47b@group-49E82E920F3F: changes role from  FOLLOWER to CANDIDATE at term 112 for changeToCandidate
2019-10-25 11:07:50,641 [Thread-4521] INFO  impl.RoleInfo (RoleInfo.java:updateAndGet(143)) - f6cfa8a2-85ff-4bb9-a246-101c53d2d47b: start LeaderElection
2019-10-25 11:07:50,654 [f6cfa8a2-85ff-4bb9-a246-101c53d2d47b@group-49E82E920F3F-LeaderElection531] INFO  impl.LeaderElection (LeaderElection.java:askForVotes(178)) - f6cfa8a2-85ff-4bb9-a246-101c53d2d47b@group-49E82E920F3F-LeaderElection531: begin an election at term 113 for -1: [7fad1e98-7a6b-4998-a30c-ec1ab88068bc:192.168.157.233:35716, bdb27072-dd00-4d3b-a7da-41600e490ca3:192.168.157.233:42906, f6cfa8a2-85ff-4bb9-a246-101c53d2d47b:192.168.157.233:44618], old=null
2019-10-25 11:07:50,655 [grpc-default-executor-1] INFO  impl.RaftServerImpl (RaftServerImpl.java:setRole(184)) - 7fad1e98-7a6b-4998-a30c-ec1ab88068bc@group-49E82E920F3F: changes role from  FOLLOWER to FOLLOWER at term 113 for recognizeCandidate:f6cfa8a2-85ff-4bb9-a246-101c53d2d47b
2019-10-25 11:07:50,655 [grpc-default-executor-1] INFO  impl.RoleInfo (RoleInfo.java:shutdownFollowerState(121)) - 7fad1e98-7a6b-4998-a30c-ec1ab88068bc: shutdown FollowerState
2019-10-25 11:07:50,655 [grpc-default-executor-1] INFO  impl.RoleInfo (RoleInfo.java:updateAndGet(143)) - 7fad1e98-7a6b-4998-a30c-ec1ab88068bc: start FollowerState
2019-10-25 11:07:50,656 [Thread-4520] INFO  impl.FollowerState (FollowerState.java:run(117)) - 7fad1e98-7a6b-4998-a30c-ec1ab88068bc@group-49E82E920F3F-FollowerState was interrupted: java.lang.InterruptedException: sleep interrupted
2019-10-25 11:07:50,655 [grpc-default-executor-7] INFO  impl.RaftServerImpl (RaftServerImpl.java:setRole(184)) - bdb27072-dd00-4d3b-a7da-41600e490ca3@group-49E82E920F3F: changes role from  FOLLOWER to FOLLOWER at term 113 for recognizeCandidate:f6cfa8a2-85ff-4bb9-a246-101c53d2d47b
2019-10-25 11:07:50,656 [grpc-default-executor-7] INFO  impl.RoleInfo (RoleInfo.java:shutdownFollowerState(121)) - bdb27072-dd00-4d3b-a7da-41600e490ca3: shutdown FollowerState
2019-10-25 11:07:50,656 [grpc-default-executor-7] INFO  impl.RoleInfo (RoleInfo.java:updateAndGet(143)) - bdb27072-dd00-4d3b-a7da-41600e490ca3: start FollowerState
2019-10-25 11:07:50,656 [Thread-4519] INFO  impl.FollowerState (FollowerState.java:run(117)) - bdb27072-dd00-4d3b-a7da-41600e490ca3@group-49E82E920F3F-FollowerState was interrupted: java.lang.InterruptedException: sleep interrupted
2019-10-25 11:07:50,680 [f6cfa8a2-85ff-4bb9-a246-101c53d2d47b@group-49E82E920F3F-LeaderElection531] INFO  impl.LeaderElection (LeaderElection.java:logAndReturn(56)) - f6cfa8a2-85ff-4bb9-a246-101c53d2d47b@group-49E82E920F3F-LeaderElection531: Election REJECTED; received 2 response(s) [f6cfa8a2-85ff-4bb9-a246-101c53d2d47b<-7fad1e98-7a6b-4998-a30c-ec1ab88068bc#0:FAIL-t113, f6cfa8a2-85ff-4bb9-a246-101c53d2d47b<-bdb27072-dd00-4d3b-a7da-41600e490ca3#0:FAIL-t113] and 0 exception(s); f6cfa8a2-85ff-4bb9-a246-101c53d2d47b@group-49E82E920F3F:t113, leader=null, voted=f6cfa8a2-85ff-4bb9-a246-101c53d2d47b, raftlog=f6cfa8a2-85ff-4bb9-a246-101c53d2d47b@group-49E82E920F3F-SegmentedRaftLog:OPENED:c-1,f-1,i0, conf=-1: [7fad1e98-7a6b-4998-a30c-ec1ab88068bc:192.168.157.233:35716, bdb27072-dd00-4d3b-a7da-41600e490ca3:192.168.157.233:42906, f6cfa8a2-85ff-4bb9-a246-101c53d2d47b:192.168.157.233:44618], old=null
2019-10-25 11:07:50,680 [f6cfa8a2-85ff-4bb9-a246-101c53d2d47b@group-49E82E920F3F-LeaderElection531] INFO  impl.RaftServerImpl (RaftServerImpl.java:setRole(184)) - f6cfa8a2-85ff-4bb9-a246-101c53d2d47b@group-49E82E920F3F: changes role from CANDIDATE to FOLLOWER at term 113 for DISCOVERED_A_NEW_TERM
2019-10-25 11:07:50,680 [f6cfa8a2-85ff-4bb9-a246-101c53d2d47b@group-49E82E920F3F-LeaderElection531] INFO  impl.RoleInfo (RoleInfo.java:shutdownLeaderElection(134)) - f6cfa8a2-85ff-4bb9-a246-101c53d2d47b: shutdown LeaderElection
2019-10-25 11:07:50,680 [f6cfa8a2-85ff-4bb9-a246-101c53d2d47b@group-49E82E920F3F-LeaderElection531] INFO  impl.RoleInfo (RoleInfo.java:updateAndGet(143)) - f6cfa8a2-85ff-4bb9-a246-101c53d2d47b: start FollowerState
2019-10-25 11:07:50,697 [Thread-4529] INFO  impl.FollowerState (FollowerState.java:run(108)) - f6cfa8a2-85ff-4bb9-a246-101c53d2d47b@group-49E82E920F3F-FollowerState: change to CANDIDATE, lastRpcTime:16ms, electionTimeout:16ms
2019-10-25 11:07:50,697 [Thread-4529] INFO  impl.RoleInfo (RoleInfo.java:shutdownFollowerState(121)) - f6cfa8a2-85ff-4bb9-a246-101c53d2d47b: shutdown FollowerState
2019-10-25 11:07:50,697 [Thread-4529] INFO  impl.RaftServerImpl (RaftServerImpl.java:setRole(184)) - f6cfa8a2-85ff-4bb9-a246-101c53d2d47b@group-49E82E920F3F: changes role from  FOLLOWER to CANDIDATE at term 113 for changeToCandidate
2019-10-25 11:07:50,697 [Thread-4529] INFO  impl.RoleInfo (RoleInfo.java:updateAndGet(143)) - f6cfa8a2-85ff-4bb9-a246-101c53d2d47b: start LeaderElection
2019-10-25 11:07:50,710 [f6cfa8a2-85ff-4bb9-a246-101c53d2d47b@group-49E82E920F3F-LeaderElection532] INFO  impl.LeaderElection (LeaderElection.java:askForVotes(178)) - f6cfa8a2-85ff-4bb9-a246-101c53d2d47b@group-49E82E920F3F-LeaderElection532: begin an election at term 114 for -1: [7fad1e98-7a6b-4998-a30c-ec1ab88068bc:192.168.157.233:35716, bdb27072-dd00-4d3b-a7da-41600e490ca3:192.168.157.233:42906, f6cfa8a2-85ff-4bb9-a246-101c53d2d47b:192.168.157.233:44618], old=null
2019-10-25 11:07:50,711 [grpc-default-executor-7] INFO  impl.RaftServerImpl (RaftServerImpl.java:setRole(184)) - 7fad1e98-7a6b-4998-a30c-ec1ab88068bc@group-49E82E920F3F: changes role from  FOLLOWER to FOLLOWER at term 114 for recognizeCandidate:f6cfa8a2-85ff-4bb9-a246-101c53d2d47b
2019-10-25 11:07:50,711 [grpc-default-executor-7] INFO  impl.RoleInfo (RoleInfo.java:shutdownFollowerState(121)) - 7fad1e98-7a6b-4998-a30c-ec1ab88068bc: shutdown FollowerState
2019-10-25 11:07:50,711 [grpc-default-executor-1] INFO  impl.RaftServerImpl (RaftServerImpl.java:setRole(184)) - bdb27072-dd00-4d3b-a7da-41600e490ca3@group-49E82E920F3F: changes role from  FOLLOWER to FOLLOWER at term 114 for recognizeCandidate:f6cfa8a2-85ff-4bb9-a246-101c53d2d47b
2019-10-25 11:07:50,711 [grpc-default-executor-1] INFO  impl.RoleInfo (RoleInfo.java:shutdownFollowerState(121)) - bdb27072-dd00-4d3b-a7da-41600e490ca3: shutdown FollowerState
2019-10-25 11:07:50,711 [Thread-4527] INFO  impl.FollowerState (FollowerState.java:run(117)) - 7fad1e98-7a6b-4998-a30c-ec1ab88068bc@group-49E82E920F3F-FollowerState was interrupted: java.lang.InterruptedException: sleep interrupted
2019-10-25 11:07:50,712 [Thread-4528] INFO  impl.FollowerState (FollowerState.java:run(117)) - bdb27072-dd00-4d3b-a7da-41600e490ca3@group-49E82E920F3F-FollowerState was interrupted: java.lang.InterruptedException: sleep interrupted
2019-10-25 11:07:50,711 [grpc-default-executor-7] INFO  impl.RoleInfo (RoleInfo.java:updateAndGet(143)) - 7fad1e98-7a6b-4998-a30c-ec1ab88068bc: start FollowerState
2019-10-25 11:07:50,712 [grpc-default-executor-1] INFO  impl.RoleInfo (RoleInfo.java:updateAndGet(143)) - bdb27072-dd00-4d3b-a7da-41600e490ca3: start FollowerState
2019-10-25 11:07:50,726 [f6cfa8a2-85ff-4bb9-a246-101c53d2d47b@group-49E82E920F3F-LeaderElection532] INFO  impl.LeaderElection (LeaderElection.java:logAndReturn(56)) - f6cfa8a2-85ff-4bb9-a246-101c53d2d47b@group-49E82E920F3F-LeaderElection532: Election REJECTED; received 2 response(s) [f6cfa8a2-85ff-4bb9-a246-101c53d2d47b<-7fad1e98-7a6b-4998-a30c-ec1ab88068bc#0:FAIL-t114, f6cfa8a2-85ff-4bb9-a246-101c53d2d47b<-bdb27072-dd00-4d3b-a7da-41600e490ca3#0:FAIL-t114] and 0 exception(s); f6cfa8a2-85ff-4bb9-a246-101c53d2d47b@group-49E82E920F3F:t114, leader=null, voted=f6cfa8a2-85ff-4bb9-a246-101c53d2d47b, raftlog=f6cfa8a2-85ff-4bb9-a246-101c53d2d47b@group-49E82E920F3F-SegmentedRaftLog:OPENED:c-1,f-1,i0, conf=-1: [7fad1e98-7a6b-4998-a30c-ec1ab88068bc:192.168.157.233:35716, bdb27072-dd00-4d3b-a7da-41600e490ca3:192.168.157.233:42906, f6cfa8a2-85ff-4bb9-a246-101c53d2d47b:192.168.157.233:44618], old=null
2019-10-25 11:07:50,726 [f6cfa8a2-85ff-4bb9-a246-101c53d2d47b@group-49E82E920F3F-LeaderElection532] INFO  impl.RaftServerImpl (RaftServerImpl.java:setRole(184)) - f6cfa8a2-85ff-4bb9-a246-101c53d2d47b@group-49E82E920F3F: changes role from CANDIDATE to FOLLOWER at term 114 for DISCOVERED_A_NEW_TERM
2019-10-25 11:07:50,726 [f6cfa8a2-85ff-4bb9-a246-101c53d2d47b@group-49E82E920F3F-LeaderElection532] INFO  impl.RoleInfo (RoleInfo.java:shutdownLeaderElection(134)) - f6cfa8a2-85ff-4bb9-a246-101c53d2d47b: shutdown LeaderElection
2019-10-25 11:07:50,726 [f6cfa8a2-85ff-4bb9-a246-101c53d2d47b@group-49E82E920F3F-LeaderElection532] INFO  impl.RoleInfo (RoleInfo.java:updateAndGet(143)) - f6cfa8a2-85ff-4bb9-a246-101c53d2d47b: start FollowerState
2019-10-25 11:07:50,789 [Thread-4535] INFO  impl.FollowerState (FollowerState.java:run(108)) - f6cfa8a2-85ff-4bb9-a246-101c53d2d47b@group-49E82E920F3F-FollowerState: change to CANDIDATE, lastRpcTime:63ms, electionTimeout:63ms
2019-10-25 11:07:50,789 [Thread-4535] INFO  impl.RoleInfo (RoleInfo.java:shutdownFollowerState(121)) - f6cfa8a2-85ff-4bb9-a246-101c53d2d47b: shutdown FollowerState
2019-10-25 11:07:50,789 [Thread-4535] INFO  impl.RaftServerImpl (RaftServerImpl.java:setRole(184)) - f6cfa8a2-85ff-4bb9-a246-101c53d2d47b@group-49E82E920F3F: changes role from  FOLLOWER to CANDIDATE at term 114 for changeToCandidate
2019-10-25 11:07:50,789 [Thread-4535] INFO  impl.RoleInfo (RoleInfo.java:updateAndGet(143)) - f6cfa8a2-85ff-4bb9-a246-101c53d2d47b: start LeaderElection
2019-10-25 11:07:50,804 [f6cfa8a2-85ff-4bb9-a246-101c53d2d47b@group-49E82E920F3F-LeaderElection533] INFO  impl.LeaderElection (LeaderElection.java:askForVotes(178)) - f6cfa8a2-85ff-4bb9-a246-101c53d2d47b@group-49E82E920F3F-LeaderElection533: begin an election at term 115 for -1: [7fad1e98-7a6b-4998-a30c-ec1ab88068bc:192.168.157.233:35716, bdb27072-dd00-4d3b-a7da-41600e490ca3:192.168.157.233:42906, f6cfa8a2-85ff-4bb9-a246-101c53d2d47b:192.168.157.233:44618], old=null
2019-10-25 11:07:50,805 [grpc-default-executor-1] INFO  impl.RaftServerImpl (RaftServerImpl.java:setRole(184)) - 7fad1e98-7a6b-4998-a30c-ec1ab88068bc@group-49E82E920F3F: changes role from  FOLLOWER to FOLLOWER at term 115 for recognizeCandidate:f6cfa8a2-85ff-4bb9-a246-101c53d2d47b
2019-10-25 11:07:50,805 [grpc-default-executor-7] INFO  impl.RaftServerImpl (RaftServerImpl.java:setRole(184)) - bdb27072-dd00-4d3b-a7da-41600e490ca3@group-49E82E920F3F: changes role from  FOLLOWER to FOLLOWER at term 115 for recognizeCandidate:f6cfa8a2-85ff-4bb9-a246-101c53d2d47b
2019-10-25 11:07:50,805 [grpc-default-executor-7] INFO  impl.RoleInfo (RoleInfo.java:shutdownFollowerState(121)) - bdb27072-dd00-4d3b-a7da-41600e490ca3: shutdown FollowerState
2019-10-25 11:07:50,805 [grpc-default-executor-1] INFO  impl.RoleInfo (RoleInfo.java:shutdownFollowerState(121)) - 7fad1e98-7a6b-4998-a30c-ec1ab88068bc: shutdown FollowerState
2019-10-25 11:07:50,805 [Thread-4534] INFO  impl.FollowerState (FollowerState.java:run(117)) - bdb27072-dd00-4d3b-a7da-41600e490ca3@group-49E82E920F3F-FollowerState was interrupted: java.lang.InterruptedException: sleep interrupted
2019-10-25 11:07:50,805 [grpc-default-executor-7] INFO  impl.RoleInfo (RoleInfo.java:updateAndGet(143)) - bdb27072-dd00-4d3b-a7da-41600e490ca3: start FollowerState
2019-10-25 11:07:50,806 [grpc-default-executor-1] INFO  impl.RoleInfo (RoleInfo.java:updateAndGet(143)) - 7fad1e98-7a6b-4998-a30c-ec1ab88068bc: start FollowerState
2019-10-25 11:07:50,806 [Thread-4533] INFO  impl.FollowerState (FollowerState.java:run(117)) - 7fad1e98-7a6b-4998-a30c-ec1ab88068bc@group-49E82E920F3F-FollowerState was interrupted: java.lang.InterruptedException: sleep interrupted
2019-10-25 11:07:50,819 [f6cfa8a2-85ff-4bb9-a246-101c53d2d47b@group-49E82E920F3F-LeaderElection533] INFO  impl.LeaderElection (LeaderElection.java:logAndReturn(56)) - f6cfa8a2-85ff-4bb9-a246-101c53d2d47b@group-49E82E920F3F-LeaderElection533: Election REJECTED; received 2 response(s) [f6cfa8a2-85ff-4bb9-a246-101c53d2d47b<-7fad1e98-7a6b-4998-a30c-ec1ab88068bc#0:FAIL-t115, f6cfa8a2-85ff-4bb9-a246-101c53d2d47b<-bdb27072-dd00-4d3b-a7da-41600e490ca3#0:FAIL-t115] and 0 exception(s); f6cfa8a2-85ff-4bb9-a246-101c53d2d47b@group-49E82E920F3F:t115, leader=null, voted=f6cfa8a2-85ff-4bb9-a246-101c53d2d47b, raftlog=f6cfa8a2-85ff-4bb9-a246-101c53d2d47b@group-49E82E920F3F-SegmentedRaftLog:OPENED:c-1,f-1,i0, conf=-1: [7fad1e98-7a6b-4998-a30c-ec1ab88068bc:192.168.157.233:35716, bdb27072-dd00-4d3b-a7da-41600e490ca3:192.168.157.233:42906, f6cfa8a2-85ff-4bb9-a246-101c53d2d47b:192.168.157.233:44618], old=null
2019-10-25 11:07:50,820 [f6cfa8a2-85ff-4bb9-a246-101c53d2d47b@group-49E82E920F3F-LeaderElection533] INFO  impl.RaftServerImpl (RaftServerImpl.java:setRole(184)) - f6cfa8a2-85ff-4bb9-a246-101c53d2d47b@group-49E82E920F3F: changes role from CANDIDATE to FOLLOWER at term 115 for DISCOVERED_A_NEW_TERM
2019-10-25 11:07:50,820 [f6cfa8a2-85ff-4bb9-a246-101c53d2d47b@group-49E82E920F3F-LeaderElection533] INFO  impl.RoleInfo (RoleInfo.java:shutdownLeaderElection(134)) - f6cfa8a2-85ff-4bb9-a246-101c53d2d47b: shutdown LeaderElection
2019-10-25 11:07:50,820 [f6cfa8a2-85ff-4bb9-a246-101c53d2d47b@group-49E82E920F3F-LeaderElection533] INFO  impl.RoleInfo (RoleInfo.java:updateAndGet(143)) - f6cfa8a2-85ff-4bb9-a246-101c53d2d47b: start FollowerState
2019-10-25 11:07:50,956 [Thread-4541] INFO  impl.FollowerState (FollowerState.java:run(108)) - f6cfa8a2-85ff-4bb9-a246-101c53d2d47b@group-49E82E920F3F-FollowerState: change to CANDIDATE, lastRpcTime:136ms, electionTimeout:136ms
2019-10-25 11:07:50,956 [Thread-4541] INFO  impl.RoleInfo (RoleInfo.java:shutdownFollowerState(121)) - f6cfa8a2-85ff-4bb9-a246-101c53d2d47b: shutdown FollowerState
2019-10-25 11:07:50,956 [Thread-4541] INFO  impl.RaftServerImpl (RaftServerImpl.java:setRole(184)) - f6cfa8a2-85ff-4bb9-a246-101c53d2d47b@group-49E82E920F3F: changes role from  FOLLOWER to CANDIDATE at term 115 for changeToCandidate
2019-10-25 11:07:50,956 [Thread-4541] INFO  impl.RoleInfo (RoleInfo.java:updateAndGet(143)) - f6cfa8a2-85ff-4bb9-a246-101c53d2d47b: start LeaderElection
2019-10-25 11:07:50,962 [f6cfa8a2-85ff-4bb9-a246-101c53d2d47b@group-49E82E920F3F-LeaderElection534] INFO  impl.LeaderElection (LeaderElection.java:askForVotes(178)) - f6cfa8a2-85ff-4bb9-a246-101c53d2d47b@group-49E82E920F3F-LeaderElection534: begin an election at term 116 for -1: [7fad1e98-7a6b-4998-a30c-ec1ab88068bc:192.168.157.233:35716, bdb27072-dd00-4d3b-a7da-41600e490ca3:192.168.157.233:42906, f6cfa8a2-85ff-4bb9-a246-101c53d2d47b:192.168.157.233:44618], old=null
2019-10-25 11:07:50,964 [grpc-default-executor-7] INFO  impl.RaftServerImpl (RaftServerImpl.java:setRole(184)) - 7fad1e98-7a6b-4998-a30c-ec1ab88068bc@group-49E82E920F3F: changes role from  FOLLOWER to FOLLOWER at term 116 for recognizeCandidate:f6cfa8a2-85ff-4bb9-a246-101c53d2d47b
2019-10-25 11:07:50,964 [grpc-default-executor-7] INFO  impl.RoleInfo (RoleInfo.java:shutdownFollowerState(121)) - 7fad1e98-7a6b-4998-a30c-ec1ab88068bc: shutdown FollowerState
2019-10-25 11:07:50,964 [grpc-default-executor-1] INFO  impl.RaftServerImpl (RaftServerImpl.java:setRole(184)) - bdb27072-dd00-4d3b-a7da-41600e490ca3@group-49E82E920F3F: changes role from  FOLLOWER to FOLLOWER at term 116 for recognizeCandidate:f6cfa8a2-85ff-4bb9-a246-101c53d2d47b
2019-10-25 11:07:50,964 [grpc-default-executor-1] INFO  impl.RoleInfo (RoleInfo.java:shutdownFollowerState(121)) - bdb27072-dd00-4d3b-a7da-41600e490ca3: shutdown FollowerState
2019-10-25 11:07:50,964 [grpc-default-executor-1] INFO  impl.RoleInfo (RoleInfo.java:updateAndGet(143)) - bdb27072-dd00-4d3b-a7da-41600e490ca3: start FollowerState
2019-10-25 11:07:50,964 [Thread-4540] INFO  impl.FollowerState (FollowerState.java:run(117)) - 7fad1e98-7a6b-4998-a30c-ec1ab88068bc@group-49E82E920F3F-FollowerState was interrupted: java.lang.InterruptedException: sleep interrupted
2019-10-25 11:07:50,964 [grpc-default-executor-7] INFO  impl.RoleInfo (RoleInfo.java:updateAndGet(143)) - 7fad1e98-7a6b-4998-a30c-ec1ab88068bc: start FollowerState
2019-10-25 11:07:50,964 [Thread-4539] INFO  impl.FollowerState (FollowerState.java:run(117)) - bdb27072-dd00-4d3b-a7da-41600e490ca3@group-49E82E920F3F-FollowerState was interrupted: java.lang.InterruptedException: sleep interrupted
2019-10-25 11:07:50,978 [f6cfa8a2-85ff-4bb9-a246-101c53d2d47b@group-49E82E920F3F-LeaderElection534] INFO  impl.LeaderElection (LeaderElection.java:logAndReturn(56)) - f6cfa8a2-85ff-4bb9-a246-101c53d2d47b@group-49E82E920F3F-LeaderElection534: Election REJECTED; received 2 response(s) [f6cfa8a2-85ff-4bb9-a246-101c53d2d47b<-7fad1e98-7a6b-4998-a30c-ec1ab88068bc#0:FAIL-t116, f6cfa8a2-85ff-4bb9-a246-101c53d2d47b<-bdb27072-dd00-4d3b-a7da-41600e490ca3#0:FAIL-t116] and 0 exception(s); f6cfa8a2-85ff-4bb9-a246-101c53d2d47b@group-49E82E920F3F:t116, leader=null, voted=f6cfa8a2-85ff-4bb9-a246-101c53d2d47b, raftlog=f6cfa8a2-85ff-4bb9-a246-101c53d2d47b@group-49E82E920F3F-SegmentedRaftLog:OPENED:c-1,f-1,i0, conf=-1: [7fad1e98-7a6b-4998-a30c-ec1ab88068bc:192.168.157.233:35716, bdb27072-dd00-4d3b-a7da-41600e490ca3:192.168.157.233:42906, f6cfa8a2-85ff-4bb9-a246-101c53d2d47b:192.168.157.233:44618], old=null
2019-10-25 11:07:50,978 [f6cfa8a2-85ff-4bb9-a246-101c53d2d47b@group-49E82E920F3F-LeaderElection534] INFO  impl.RaftServerImpl (RaftServerImpl.java:setRole(184)) - f6cfa8a2-85ff-4bb9-a246-101c53d2d47b@group-49E82E920F3F: changes role from CANDIDATE to FOLLOWER at term 116 for DISCOVERED_A_NEW_TERM
2019-10-25 11:07:50,978 [f6cfa8a2-85ff-4bb9-a246-101c53d2d47b@group-49E82E920F3F-LeaderElection534] INFO  impl.RoleInfo (RoleInfo.java:shutdownLeaderElection(134)) - f6cfa8a2-85ff-4bb9-a246-101c53d2d47b: shutdown LeaderElection
2019-10-25 11:07:50,978 [f6cfa8a2-85ff-4bb9-a246-101c53d2d47b@group-49E82E920F3F-LeaderElection534] INFO  impl.RoleInfo (RoleInfo.java:updateAndGet(143)) - f6cfa8a2-85ff-4bb9-a246-101c53d2d47b: start FollowerState
2019-10-25 11:07:51,142 [Thread-4549] INFO  impl.FollowerState (FollowerState.java:run(108)) - f6cfa8a2-85ff-4bb9-a246-101c53d2d47b@group-49E82E920F3F-FollowerState: change to CANDIDATE, lastRpcTime:163ms, electionTimeout:163ms
2019-10-25 11:07:51,142 [Thread-4549] INFO  impl.RoleInfo (RoleInfo.java:shutdownFollowerState(121)) - f6cfa8a2-85ff-4bb9-a246-101c53d2d47b: shutdown FollowerState
2019-10-25 11:07:51,142 [Thread-4549] INFO  impl.RaftServerImpl (RaftServerImpl.java:setRole(184)) - f6cfa8a2-85ff-4bb9-a246-101c53d2d47b@group-49E82E920F3F: changes role from  FOLLOWER to CANDIDATE at term 116 for changeToCandidate
2019-10-25 11:07:51,142 [Thread-4549] INFO  impl.RoleInfo (RoleInfo.java:updateAndGet(143)) - f6cfa8a2-85ff-4bb9-a246-101c53d2d47b: start LeaderElection
2019-10-25 11:07:51,156 [f6cfa8a2-85ff-4bb9-a246-101c53d2d47b@group-49E82E920F3F-LeaderElection535] INFO  impl.LeaderElection (LeaderElection.java:askForVotes(178)) - f6cfa8a2-85ff-4bb9-a246-101c53d2d47b@group-49E82E920F3F-LeaderElection535: begin an election at term 117 for -1: [7fad1e98-7a6b-4998-a30c-ec1ab88068bc:192.168.157.233:35716, bdb27072-dd00-4d3b-a7da-41600e490ca3:192.168.157.233:42906, f6cfa8a2-85ff-4bb9-a246-101c53d2d47b:192.168.157.233:44618], old=null
2019-10-25 11:07:51,157 [grpc-default-executor-7] INFO  impl.RaftServerImpl (RaftServerImpl.java:setRole(184)) - 7fad1e98-7a6b-4998-a30c-ec1ab88068bc@group-49E82E920F3F: changes role from  FOLLOWER to FOLLOWER at term 117 for recognizeCandidate:f6cfa8a2-85ff-4bb9-a246-101c53d2d47b
2019-10-25 11:07:51,157 [grpc-default-executor-7] INFO  impl.RoleInfo (RoleInfo.java:shutdownFollowerState(121)) - 7fad1e98-7a6b-4998-a30c-ec1ab88068bc: shutdown FollowerState
2019-10-25 11:07:51,157 [grpc-default-executor-1] INFO  impl.RaftServerImpl (RaftServerImpl.java:setRole(184)) - bdb27072-dd00-4d3b-a7da-41600e490ca3@group-49E82E920F3F: changes role from  FOLLOWER to FOLLOWER at term 117 for recognizeCandidate:f6cfa8a2-85ff-4bb9-a246-101c53d2d47b
2019-10-25 11:07:51,158 [grpc-default-executor-1] INFO  impl.RoleInfo (RoleInfo.java:shutdownFollowerState(121)) - bdb27072-dd00-4d3b-a7da-41600e490ca3: shutdown FollowerState
2019-10-25 11:07:51,158 [Thread-4547] INFO  impl.FollowerState (FollowerState.java:run(117)) - 7fad1e98-7a6b-4998-a30c-ec1ab88068bc@group-49E82E920F3F-FollowerState was interrupted: java.lang.InterruptedException: sleep interrupted
2019-10-25 11:07:51,158 [grpc-default-executor-7] INFO  impl.RoleInfo (RoleInfo.java:updateAndGet(143)) - 7fad1e98-7a6b-4998-a30c-ec1ab88068bc: start FollowerState
2019-10-25 11:07:51,158 [Thread-4548] INFO  impl.FollowerState (FollowerState.java:run(117)) - bdb27072-dd00-4d3b-a7da-41600e490ca3@group-49E82E920F3F-FollowerState was interrupted: java.lang.InterruptedException: sleep interrupted
2019-10-25 11:07:51,158 [grpc-default-executor-1] INFO  impl.RoleInfo (RoleInfo.java:updateAndGet(143)) - bdb27072-dd00-4d3b-a7da-41600e490ca3: start FollowerState
2019-10-25 11:07:51,175 [f6cfa8a2-85ff-4bb9-a246-101c53d2d47b@group-49E82E920F3F-LeaderElection535] INFO  impl.LeaderElection (LeaderElection.java:logAndReturn(56)) - f6cfa8a2-85ff-4bb9-a246-101c53d2d47b@group-49E82E920F3F-LeaderElection535: Election REJECTED; received 2 response(s) [f6cfa8a2-85ff-4bb9-a246-101c53d2d47b<-7fad1e98-7a6b-4998-a30c-ec1ab88068bc#0:FAIL-t117, f6cfa8a2-85ff-4bb9-a246-101c53d2d47b<-bdb27072-dd00-4d3b-a7da-41600e490ca3#0:FAIL-t117] and 0 exception(s); f6cfa8a2-85ff-4bb9-a246-101c53d2d47b@group-49E82E920F3F:t117, leader=null, voted=f6cfa8a2-85ff-4bb9-a246-101c53d2d47b, raftlog=f6cfa8a2-85ff-4bb9-a246-101c53d2d47b@group-49E82E920F3F-SegmentedRaftLog:OPENED:c-1,f-1,i0, conf=-1: [7fad1e98-7a6b-4998-a30c-ec1ab88068bc:192.168.157.233:35716, bdb27072-dd00-4d3b-a7da-41600e490ca3:192.168.157.233:42906, f6cfa8a2-85ff-4bb9-a246-101c53d2d47b:192.168.157.233:44618], old=null
2019-10-25 11:07:51,175 [f6cfa8a2-85ff-4bb9-a246-101c53d2d47b@group-49E82E920F3F-LeaderElection535] INFO  impl.RaftServerImpl (RaftServerImpl.java:setRole(184)) - f6cfa8a2-85ff-4bb9-a246-101c53d2d47b@group-49E82E920F3F: changes role from CANDIDATE to FOLLOWER at term 117 for DISCOVERED_A_NEW_TERM
2019-10-25 11:07:51,175 [f6cfa8a2-85ff-4bb9-a246-101c53d2d47b@group-49E82E920F3F-LeaderElection535] INFO  impl.RoleInfo (RoleInfo.java:shutdownLeaderElection(134)) - f6cfa8a2-85ff-4bb9-a246-101c53d2d47b: shutdown LeaderElection
2019-10-25 11:07:51,175 [f6cfa8a2-85ff-4bb9-a246-101c53d2d47b@group-49E82E920F3F-LeaderElection535] INFO  impl.RoleInfo (RoleInfo.java:updateAndGet(143)) - f6cfa8a2-85ff-4bb9-a246-101c53d2d47b: start FollowerState
2019-10-25 11:07:51,364 [Thread-4557] INFO  impl.FollowerState (FollowerState.java:run(108)) - f6cfa8a2-85ff-4bb9-a246-101c53d2d47b@group-49E82E920F3F-FollowerState: change to CANDIDATE, lastRpcTime:189ms, electionTimeout:189ms
2019-10-25 11:07:51,364 [Thread-4557] INFO  impl.RoleInfo (RoleInfo.java:shutdownFollowerState(121)) - f6cfa8a2-85ff-4bb9-a246-101c53d2d47b: shutdown FollowerState
2019-10-25 11:07:51,364 [Thread-4557] INFO  impl.RaftServerImpl (RaftServerImpl.java:setRole(184)) - f6cfa8a2-85ff-4bb9-a246-101c53d2d47b@group-49E82E920F3F: changes role from  FOLLOWER to CANDIDATE at term 117 for changeToCandidate
2019-10-25 11:07:51,365 [Thread-4557] INFO  impl.RoleInfo (RoleInfo.java:updateAndGet(143)) - f6cfa8a2-85ff-4bb9-a246-101c53d2d47b: start LeaderElection
2019-10-25 11:07:51,378 [f6cfa8a2-85ff-4bb9-a246-101c53d2d47b@group-49E82E920F3F-LeaderElection536] INFO  impl.LeaderElection (LeaderElection.java:askForVotes(178)) - f6cfa8a2-85ff-4bb9-a246-101c53d2d47b@group-49E82E920F3F-LeaderElection536: begin an election at term 118 for -1: [7fad1e98-7a6b-4998-a30c-ec1ab88068bc:192.168.157.233:35716, bdb27072-dd00-4d3b-a7da-41600e490ca3:192.168.157.233:42906, f6cfa8a2-85ff-4bb9-a246-101c53d2d47b:192.168.157.233:44618], old=null
2019-10-25 11:07:51,380 [grpc-default-executor-1] INFO  impl.RaftServerImpl (RaftServerImpl.java:setRole(184)) - 7fad1e98-7a6b-4998-a30c-ec1ab88068bc@group-49E82E920F3F: changes role from  FOLLOWER to FOLLOWER at term 118 for recognizeCandidate:f6cfa8a2-85ff-4bb9-a246-101c53d2d47b
2019-10-25 11:07:51,380 [grpc-default-executor-1] INFO  impl.RoleInfo (RoleInfo.java:shutdownFollowerState(121)) - 7fad1e98-7a6b-4998-a30c-ec1ab88068bc: shutdown FollowerState
2019-10-25 11:07:51,380 [grpc-default-executor-7] INFO  impl.RaftServerImpl (RaftServerImpl.java:setRole(184)) - bdb27072-dd00-4d3b-a7da-41600e490ca3@group-49E82E920F3F: changes role from  FOLLOWER to FOLLOWER at term 118 for recognizeCandidate:f6cfa8a2-85ff-4bb9-a246-101c53d2d47b
2019-10-25 11:07:51,380 [grpc-default-executor-7] INFO  impl.RoleInfo (RoleInfo.java:shutdownFollowerState(121)) - bdb27072-dd00-4d3b-a7da-41600e490ca3: shutdown FollowerState
2019-10-25 11:07:51,380 [Thread-4555] INFO  impl.FollowerState (FollowerState.java:run(117)) - 7fad1e98-7a6b-4998-a30c-ec1ab88068bc@group-49E82E920F3F-FollowerState was interrupted: java.lang.InterruptedException: sleep interrupted
2019-10-25 11:07:51,381 [Thread-4556] INFO  impl.FollowerState (FollowerState.java:run(117)) - bdb27072-dd00-4d3b-a7da-41600e490ca3@group-49E82E920F3F-FollowerState was interrupted: java.lang.InterruptedException: sleep interrupted
2019-10-25 11:07:51,380 [grpc-default-executor-1] INFO  impl.RoleInfo (RoleInfo.java:updateAndGet(143)) - 7fad1e98-7a6b-4998-a30c-ec1ab88068bc: start FollowerState
2019-10-25 11:07:51,380 [grpc-default-executor-7] INFO  impl.RoleInfo (RoleInfo.java:updateAndGet(143)) - bdb27072-dd00-4d3b-a7da-41600e490ca3: start FollowerState
2019-10-25 11:07:51,395 [f6cfa8a2-85ff-4bb9-a246-101c53d2d47b@group-49E82E920F3F-LeaderElection536] INFO  impl.LeaderElection (LeaderElection.java:logAndReturn(56)) - f6cfa8a2-85ff-4bb9-a246-101c53d2d47b@group-49E82E920F3F-LeaderElection536: Election REJECTED; received 2 response(s) [f6cfa8a2-85ff-4bb9-a246-101c53d2d47b<-7fad1e98-7a6b-4998-a30c-ec1ab88068bc#0:FAIL-t118, f6cfa8a2-85ff-4bb9-a246-101c53d2d47b<-bdb27072-dd00-4d3b-a7da-41600e490ca3#0:FAIL-t118] and 0 exception(s); f6cfa8a2-85ff-4bb9-a246-101c53d2d47b@group-49E82E920F3F:t118, leader=null, voted=f6cfa8a2-85ff-4bb9-a246-101c53d2d47b, raftlog=f6cfa8a2-85ff-4bb9-a246-101c53d2d47b@group-49E82E920F3F-SegmentedRaftLog:OPENED:c-1,f-1,i0, conf=-1: [7fad1e98-7a6b-4998-a30c-ec1ab88068bc:192.168.157.233:35716, bdb27072-dd00-4d3b-a7da-41600e490ca3:192.168.157.233:42906, f6cfa8a2-85ff-4bb9-a246-101c53d2d47b:192.168.157.233:44618], old=null
2019-10-25 11:07:51,395 [f6cfa8a2-85ff-4bb9-a246-101c53d2d47b@group-49E82E920F3F-LeaderElection536] INFO  impl.RaftServerImpl (RaftServerImpl.java:setRole(184)) - f6cfa8a2-85ff-4bb9-a246-101c53d2d47b@group-49E82E920F3F: changes role from CANDIDATE to FOLLOWER at term 118 for DISCOVERED_A_NEW_TERM
2019-10-25 11:07:51,395 [f6cfa8a2-85ff-4bb9-a246-101c53d2d47b@group-49E82E920F3F-LeaderElection536] INFO  impl.RoleInfo (RoleInfo.java:shutdownLeaderElection(134)) - f6cfa8a2-85ff-4bb9-a246-101c53d2d47b: shutdown LeaderElection
2019-10-25 11:07:51,395 [f6cfa8a2-85ff-4bb9-a246-101c53d2d47b@group-49E82E920F3F-LeaderElection536] INFO  impl.RoleInfo (RoleInfo.java:updateAndGet(143)) - f6cfa8a2-85ff-4bb9-a246-101c53d2d47b: start FollowerState
2019-10-25 11:07:51,499 [Thread-4563] INFO  impl.FollowerState (FollowerState.java:run(108)) - f6cfa8a2-85ff-4bb9-a246-101c53d2d47b@group-49E82E920F3F-FollowerState: change to CANDIDATE, lastRpcTime:103ms, electionTimeout:103ms
2019-10-25 11:07:51,499 [Thread-4563] INFO  impl.RoleInfo (RoleInfo.java:shutdownFollowerState(121)) - f6cfa8a2-85ff-4bb9-a246-101c53d2d47b: shutdown FollowerState
2019-10-25 11:07:51,499 [Thread-4563] INFO  impl.RaftServerImpl (RaftServerImpl.java:setRole(184)) - f6cfa8a2-85ff-4bb9-a246-101c53d2d47b@group-49E82E920F3F: changes role from  FOLLOWER to CANDIDATE at term 118 for changeToCandidate
2019-10-25 11:07:51,499 [Thread-4563] INFO  impl.RoleInfo (RoleInfo.java:updateAndGet(143)) - f6cfa8a2-85ff-4bb9-a246-101c53d2d47b: start LeaderElection
2019-10-25 11:07:51,525 [f6cfa8a2-85ff-4bb9-a246-101c53d2d47b@group-49E82E920F3F-LeaderElection537] INFO  impl.LeaderElection (LeaderElection.java:askForVotes(178)) - f6cfa8a2-85ff-4bb9-a246-101c53d2d47b@group-49E82E920F3F-LeaderElection537: begin an election at term 119 for -1: [7fad1e98-7a6b-4998-a30c-ec1ab88068bc:192.168.157.233:35716, bdb27072-dd00-4d3b-a7da-41600e490ca3:192.168.157.233:42906, f6cfa8a2-85ff-4bb9-a246-101c53d2d47b:192.168.157.233:44618], old=null
2019-10-25 11:07:51,526 [grpc-default-executor-1] INFO  impl.RaftServerImpl (RaftServerImpl.java:setRole(184)) - 7fad1e98-7a6b-4998-a30c-ec1ab88068bc@group-49E82E920F3F: changes role from  FOLLOWER to FOLLOWER at term 119 for recognizeCandidate:f6cfa8a2-85ff-4bb9-a246-101c53d2d47b
2019-10-25 11:07:51,526 [grpc-default-executor-1] INFO  impl.RoleInfo (RoleInfo.java:shutdownFollowerState(121)) - 7fad1e98-7a6b-4998-a30c-ec1ab88068bc: shutdown FollowerState
2019-10-25 11:07:51,526 [grpc-default-executor-7] INFO  impl.RaftServerImpl (RaftServerImpl.java:setRole(184)) - bdb27072-dd00-4d3b-a7da-41600e490ca3@group-49E82E920F3F: changes role from  FOLLOWER to FOLLOWER at term 119 for recognizeCandidate:f6cfa8a2-85ff-4bb9-a246-101c53d2d47b
2019-10-25 11:07:51,526 [grpc-default-executor-7] INFO  impl.RoleInfo (RoleInfo.java:shutdownFollowerState(121)) - bdb27072-dd00-4d3b-a7da-41600e490ca3: shutdown FollowerState
2019-10-25 11:07:51,526 [grpc-default-executor-1] INFO  impl.RoleInfo (RoleInfo.java:updateAndGet(143)) - 7fad1e98-7a6b-4998-a30c-ec1ab88068bc: start FollowerState
2019-10-25 11:07:51,526 [Thread-4561] INFO  impl.FollowerState (FollowerState.java:run(117)) - 7fad1e98-7a6b-4998-a30c-ec1ab88068bc@group-49E82E920F3F-FollowerState was interrupted: java.lang.InterruptedException: sleep interrupted
2019-10-25 11:07:51,527 [Thread-4562] INFO  impl.FollowerState (FollowerState.java:run(117)) - bdb27072-dd00-4d3b-a7da-41600e490ca3@group-49E82E920F3F-FollowerState was interrupted: java.lang.InterruptedException: sleep interrupted
2019-10-25 11:07:51,526 [grpc-default-executor-7] INFO  impl.RoleInfo (RoleInfo.java:updateAndGet(143)) - bdb27072-dd00-4d3b-a7da-41600e490ca3: start FollowerState
2019-10-25 11:07:51,540 [f6cfa8a2-85ff-4bb9-a246-101c53d2d47b@group-49E82E920F3F-LeaderElection537] INFO  impl.LeaderElection (LeaderElection.java:logAndReturn(56)) - f6cfa8a2-85ff-4bb9-a246-101c53d2d47b@group-49E82E920F3F-LeaderElection537: Election REJECTED; received 2 response(s) [f6cfa8a2-85ff-4bb9-a246-101c53d2d47b<-7fad1e98-7a6b-4998-a30c-ec1ab88068bc#0:FAIL-t119, f6cfa8a2-85ff-4bb9-a246-101c53d2d47b<-bdb27072-dd00-4d3b-a7da-41600e490ca3#0:FAIL-t119] and 0 exception(s); f6cfa8a2-85ff-4bb9-a246-101c53d2d47b@group-49E82E920F3F:t119, leader=null, voted=f6cfa8a2-85ff-4bb9-a246-101c53d2d47b, raftlog=f6cfa8a2-85ff-4bb9-a246-101c53d2d47b@group-49E82E920F3F-SegmentedRaftLog:OPENED:c-1,f-1,i0, conf=-1: [7fad1e98-7a6b-4998-a30c-ec1ab88068bc:192.168.157.233:35716, bdb27072-dd00-4d3b-a7da-41600e490ca3:192.168.157.233:42906, f6cfa8a2-85ff-4bb9-a246-101c53d2d47b:192.168.157.233:44618], old=null
2019-10-25 11:07:51,541 [f6cfa8a2-85ff-4bb9-a246-101c53d2d47b@group-49E82E920F3F-LeaderElection537] INFO  impl.RaftServerImpl (RaftServerImpl.java:setRole(184)) - f6cfa8a2-85ff-4bb9-a246-101c53d2d47b@group-49E82E920F3F: changes role from CANDIDATE to FOLLOWER at term 119 for DISCOVERED_A_NEW_TERM
2019-10-25 11:07:51,541 [f6cfa8a2-85ff-4bb9-a246-101c53d2d47b@group-49E82E920F3F-LeaderElection537] INFO  impl.RoleInfo (RoleInfo.java:shutdownLeaderElection(134)) - f6cfa8a2-85ff-4bb9-a246-101c53d2d47b: shutdown LeaderElection
2019-10-25 11:07:51,541 [f6cfa8a2-85ff-4bb9-a246-101c53d2d47b@group-49E82E920F3F-LeaderElection537] INFO  impl.RoleInfo (RoleInfo.java:updateAndGet(143)) - f6cfa8a2-85ff-4bb9-a246-101c53d2d47b: start FollowerState
2019-10-25 11:07:51,630 [Thread-4571] INFO  impl.FollowerState (FollowerState.java:run(108)) - f6cfa8a2-85ff-4bb9-a246-101c53d2d47b@group-49E82E920F3F-FollowerState: change to CANDIDATE, lastRpcTime:89ms, electionTimeout:89ms
2019-10-25 11:07:51,630 [Thread-4571] INFO  impl.RoleInfo (RoleInfo.java:shutdownFollowerState(121)) - f6cfa8a2-85ff-4bb9-a246-101c53d2d47b: shutdown FollowerState
2019-10-25 11:07:51,630 [Thread-4571] INFO  impl.RaftServerImpl (RaftServerImpl.java:setRole(184)) - f6cfa8a2-85ff-4bb9-a246-101c53d2d47b@group-49E82E920F3F: changes role from  FOLLOWER to CANDIDATE at term 119 for changeToCandidate
2019-10-25 11:07:51,630 [Thread-4571] INFO  impl.RoleInfo (RoleInfo.java:updateAndGet(143)) - f6cfa8a2-85ff-4bb9-a246-101c53d2d47b: start LeaderElection
2019-10-25 11:07:51,643 [f6cfa8a2-85ff-4bb9-a246-101c53d2d47b@group-49E82E920F3F-LeaderElection538] INFO  impl.LeaderElection (LeaderElection.java:askForVotes(178)) - f6cfa8a2-85ff-4bb9-a246-101c53d2d47b@group-49E82E920F3F-LeaderElection538: begin an election at term 120 for -1: [7fad1e98-7a6b-4998-a30c-ec1ab88068bc:192.168.157.233:35716, bdb27072-dd00-4d3b-a7da-41600e490ca3:192.168.157.233:42906, f6cfa8a2-85ff-4bb9-a246-101c53d2d47b:192.168.157.233:44618], old=null
2019-10-25 11:07:51,645 [grpc-default-executor-7] INFO  impl.RaftServerImpl (RaftServerImpl.java:setRole(184)) - bdb27072-dd00-4d3b-a7da-41600e490ca3@group-49E82E920F3F: changes role from  FOLLOWER to FOLLOWER at term 120 for recognizeCandidate:f6cfa8a2-85ff-4bb9-a246-101c53d2d47b
2019-10-25 11:07:51,645 [grpc-default-executor-7] INFO  impl.RoleInfo (RoleInfo.java:shutdownFollowerState(121)) - bdb27072-dd00-4d3b-a7da-41600e490ca3: shutdown FollowerState
2019-10-25 11:07:51,645 [grpc-default-executor-1] INFO  impl.RaftServerImpl (RaftServerImpl.java:setRole(184)) - 7fad1e98-7a6b-4998-a30c-ec1ab88068bc@group-49E82E920F3F: changes role from  FOLLOWER to FOLLOWER at term 120 for recognizeCandidate:f6cfa8a2-85ff-4bb9-a246-101c53d2d47b
2019-10-25 11:07:51,645 [Thread-4570] INFO  impl.FollowerState (FollowerState.java:run(117)) - bdb27072-dd00-4d3b-a7da-41600e490ca3@group-49E82E920F3F-FollowerState was interrupted: java.lang.InterruptedException: sleep interrupted
2019-10-25 11:07:51,645 [grpc-default-executor-7] INFO  impl.RoleInfo (RoleInfo.java:updateAndGet(143)) - bdb27072-dd00-4d3b-a7da-41600e490ca3: start FollowerState
2019-10-25 11:07:51,645 [grpc-default-executor-1] INFO  impl.RoleInfo (RoleInfo.java:shutdownFollowerState(121)) - 7fad1e98-7a6b-4998-a30c-ec1ab88068bc: shutdown FollowerState
2019-10-25 11:07:51,646 [grpc-default-executor-1] INFO  impl.RoleInfo (RoleInfo.java:updateAndGet(143)) - 7fad1e98-7a6b-4998-a30c-ec1ab88068bc: start FollowerState
2019-10-25 11:07:51,646 [Thread-4569] INFO  impl.FollowerState (FollowerState.java:run(117)) - 7fad1e98-7a6b-4998-a30c-ec1ab88068bc@group-49E82E920F3F-FollowerState was interrupted: java.lang.InterruptedException: sleep interrupted
2019-10-25 11:07:51,659 [f6cfa8a2-85ff-4bb9-a246-101c53d2d47b@group-49E82E920F3F-LeaderElection538] INFO  impl.LeaderElection (LeaderElection.java:logAndReturn(56)) - f6cfa8a2-85ff-4bb9-a246-101c53d2d47b@group-49E82E920F3F-LeaderElection538: Election REJECTED; received 2 response(s) [f6cfa8a2-85ff-4bb9-a246-101c53d2d47b<-7fad1e98-7a6b-4998-a30c-ec1ab88068bc#0:FAIL-t120, f6cfa8a2-85ff-4bb9-a246-101c53d2d47b<-bdb27072-dd00-4d3b-a7da-41600e490ca3#0:FAIL-t120] and 0 exception(s); f6cfa8a2-85ff-4bb9-a246-101c53d2d47b@group-49E82E920F3F:t120, leader=null, voted=f6cfa8a2-85ff-4bb9-a246-101c53d2d47b, raftlog=f6cfa8a2-85ff-4bb9-a246-101c53d2d47b@group-49E82E920F3F-SegmentedRaftLog:OPENED:c-1,f-1,i0, conf=-1: [7fad1e98-7a6b-4998-a30c-ec1ab88068bc:192.168.157.233:35716, bdb27072-dd00-4d3b-a7da-41600e490ca3:192.168.157.233:42906, f6cfa8a2-85ff-4bb9-a246-101c53d2d47b:192.168.157.233:44618], old=null
2019-10-25 11:07:51,660 [f6cfa8a2-85ff-4bb9-a246-101c53d2d47b@group-49E82E920F3F-LeaderElection538] INFO  impl.RaftServerImpl (RaftServerImpl.java:setRole(184)) - f6cfa8a2-85ff-4bb9-a246-101c53d2d47b@group-49E82E920F3F: changes role from CANDIDATE to FOLLOWER at term 120 for DISCOVERED_A_NEW_TERM
2019-10-25 11:07:51,660 [f6cfa8a2-85ff-4bb9-a246-101c53d2d47b@group-49E82E920F3F-LeaderElection538] INFO  impl.RoleInfo (RoleInfo.java:shutdownLeaderElection(134)) - f6cfa8a2-85ff-4bb9-a246-101c53d2d47b: shutdown LeaderElection
2019-10-25 11:07:51,660 [f6cfa8a2-85ff-4bb9-a246-101c53d2d47b@group-49E82E920F3F-LeaderElection538] INFO  impl.RoleInfo (RoleInfo.java:updateAndGet(143)) - f6cfa8a2-85ff-4bb9-a246-101c53d2d47b: start FollowerState
2019-10-25 11:07:51,679 [Thread-4579] INFO  impl.FollowerState (FollowerState.java:run(108)) - f6cfa8a2-85ff-4bb9-a246-101c53d2d47b@group-49E82E920F3F-FollowerState: change to CANDIDATE, lastRpcTime:19ms, electionTimeout:19ms
2019-10-25 11:07:51,679 [Thread-4579] INFO  impl.RoleInfo (RoleInfo.java:shutdownFollowerState(121)) - f6cfa8a2-85ff-4bb9-a246-101c53d2d47b: shutdown FollowerState
2019-10-25 11:07:51,679 [Thread-4579] INFO  impl.RaftServerImpl (RaftServerImpl.java:setRole(184)) - f6cfa8a2-85ff-4bb9-a246-101c53d2d47b@group-49E82E920F3F: changes role from  FOLLOWER to CANDIDATE at term 120 for changeToCandidate
2019-10-25 11:07:51,679 [Thread-4579] INFO  impl.RoleInfo (RoleInfo.java:updateAndGet(143)) - f6cfa8a2-85ff-4bb9-a246-101c53d2d47b: start LeaderElection
2019-10-25 11:07:51,692 [f6cfa8a2-85ff-4bb9-a246-101c53d2d47b@group-49E82E920F3F-LeaderElection539] INFO  impl.LeaderElection (LeaderElection.java:askForVotes(178)) - f6cfa8a2-85ff-4bb9-a246-101c53d2d47b@group-49E82E920F3F-LeaderElection539: begin an election at term 121 for -1: [7fad1e98-7a6b-4998-a30c-ec1ab88068bc:192.168.157.233:35716, bdb27072-dd00-4d3b-a7da-41600e490ca3:192.168.157.233:42906, f6cfa8a2-85ff-4bb9-a246-101c53d2d47b:192.168.157.233:44618], old=null
2019-10-25 11:07:51,693 [grpc-default-executor-7] INFO  impl.RaftServerImpl (RaftServerImpl.java:setRole(184)) - bdb27072-dd00-4d3b-a7da-41600e490ca3@group-49E82E920F3F: changes role from  FOLLOWER to FOLLOWER at term 121 for recognizeCandidate:f6cfa8a2-85ff-4bb9-a246-101c53d2d47b
2019-10-25 11:07:51,694 [grpc-default-executor-7] INFO  impl.RoleInfo (RoleInfo.java:shutdownFollowerState(121)) - bdb27072-dd00-4d3b-a7da-41600e490ca3: shutdown FollowerState
2019-10-25 11:07:51,693 [grpc-default-executor-1] INFO  impl.RaftServerImpl (RaftServerImpl.java:setRole(184)) - 7fad1e98-7a6b-4998-a30c-ec1ab88068bc@group-49E82E920F3F: changes role from  FOLLOWER to FOLLOWER at term 121 for recognizeCandidate:f6cfa8a2-85ff-4bb9-a246-101c53d2d47b
2019-10-25 11:07:51,694 [grpc-default-executor-1] INFO  impl.RoleInfo (RoleInfo.java:shutdownFollowerState(121)) - 7fad1e98-7a6b-4998-a30c-ec1ab88068bc: shutdown FollowerState
2019-10-25 11:07:51,694 [Thread-4575] INFO  impl.FollowerState (FollowerState.java:run(117)) - bdb27072-dd00-4d3b-a7da-41600e490ca3@group-49E82E920F3F-FollowerState was interrupted: java.lang.InterruptedException: sleep interrupted
2019-10-25 11:07:51,694 [grpc-default-executor-7] INFO  impl.RoleInfo (RoleInfo.java:updateAndGet(143)) - bdb27072-dd00-4d3b-a7da-41600e490ca3: start FollowerState
2019-10-25 11:07:51,694 [Thread-4576] INFO  impl.FollowerState (FollowerState.java:run(117)) - 7fad1e98-7a6b-4998-a30c-ec1ab88068bc@group-49E82E920F3F-FollowerState was interrupted: java.lang.InterruptedException: sleep interrupted
2019-10-25 11:07:51,694 [grpc-default-executor-1] INFO  impl.RoleInfo (RoleInfo.java:updateAndGet(143)) - 7fad1e98-7a6b-4998-a30c-ec1ab88068bc: start FollowerState
2019-10-25 11:07:51,711 [f6cfa8a2-85ff-4bb9-a246-101c53d2d47b@group-49E82E920F3F-LeaderElection539] INFO  impl.LeaderElection (LeaderElection.java:logAndReturn(56)) - f6cfa8a2-85ff-4bb9-a246-101c53d2d47b@group-49E82E920F3F-LeaderElection539: Election REJECTED; received 2 response(s) [f6cfa8a2-85ff-4bb9-a246-101c53d2d47b<-7fad1e98-7a6b-4998-a30c-ec1ab88068bc#0:FAIL-t121, f6cfa8a2-85ff-4bb9-a246-101c53d2d47b<-bdb27072-dd00-4d3b-a7da-41600e490ca3#0:FAIL-t121] and 0 exception(s); f6cfa8a2-85ff-4bb9-a246-101c53d2d47b@group-49E82E920F3F:t121, leader=null, voted=f6cfa8a2-85ff-4bb9-a246-101c53d2d47b, raftlog=f6cfa8a2-85ff-4bb9-a246-101c53d2d47b@group-49E82E920F3F-SegmentedRaftLog:OPENED:c-1,f-1,i0, conf=-1: [7fad1e98-7a6b-4998-a30c-ec1ab88068bc:192.168.157.233:35716, bdb27072-dd00-4d3b-a7da-41600e490ca3:192.168.157.233:42906, f6cfa8a2-85ff-4bb9-a246-101c53d2d47b:192.168.157.233:44618], old=null
2019-10-25 11:07:51,711 [f6cfa8a2-85ff-4bb9-a246-101c53d2d47b@group-49E82E920F3F-LeaderElection539] INFO  impl.RaftServerImpl (RaftServerImpl.java:setRole(184)) - f6cfa8a2-85ff-4bb9-a246-101c53d2d47b@group-49E82E920F3F: changes role from CANDIDATE to FOLLOWER at term 121 for DISCOVERED_A_NEW_TERM
2019-10-25 11:07:51,711 [f6cfa8a2-85ff-4bb9-a246-101c53d2d47b@group-49E82E920F3F-LeaderElection539] INFO  impl.RoleInfo (RoleInfo.java:shutdownLeaderElection(134)) - f6cfa8a2-85ff-4bb9-a246-101c53d2d47b: shutdown LeaderElection
2019-10-25 11:07:51,711 [f6cfa8a2-85ff-4bb9-a246-101c53d2d47b@group-49E82E920F3F-LeaderElection539] INFO  impl.RoleInfo (RoleInfo.java:updateAndGet(143)) - f6cfa8a2-85ff-4bb9-a246-101c53d2d47b: start FollowerState
2019-10-25 11:07:51,902 [Thread-4585] INFO  impl.FollowerState (FollowerState.java:run(108)) - f6cfa8a2-85ff-4bb9-a246-101c53d2d47b@group-49E82E920F3F-FollowerState: change to CANDIDATE, lastRpcTime:190ms, electionTimeout:190ms
2019-10-25 11:07:51,902 [Thread-4585] INFO  impl.RoleInfo (RoleInfo.java:shutdownFollowerState(121)) - f6cfa8a2-85ff-4bb9-a246-101c53d2d47b: shutdown FollowerState
2019-10-25 11:07:51,902 [Thread-4585] INFO  impl.RaftServerImpl (RaftServerImpl.java:setRole(184)) - f6cfa8a2-85ff-4bb9-a246-101c53d2d47b@group-49E82E920F3F: changes role from  FOLLOWER to CANDIDATE at term 121 for changeToCandidate
2019-10-25 11:07:51,902 [Thread-4585] INFO  impl.RoleInfo (RoleInfo.java:updateAndGet(143)) - f6cfa8a2-85ff-4bb9-a246-101c53d2d47b: start LeaderElection
2019-10-25 11:07:51,927 [f6cfa8a2-85ff-4bb9-a246-101c53d2d47b@group-49E82E920F3F-LeaderElection540] INFO  impl.LeaderElection (LeaderElection.java:askForVotes(178)) - f6cfa8a2-85ff-4bb9-a246-101c53d2d47b@group-49E82E920F3F-LeaderElection540: begin an election at term 122 for -1: [7fad1e98-7a6b-4998-a30c-ec1ab88068bc:192.168.157.233:35716, bdb27072-dd00-4d3b-a7da-41600e490ca3:192.168.157.233:42906, f6cfa8a2-85ff-4bb9-a246-101c53d2d47b:192.168.157.233:44618], old=null
2019-10-25 11:07:51,929 [grpc-default-executor-7] INFO  impl.RaftServerImpl (RaftServerImpl.java:setRole(184)) - 7fad1e98-7a6b-4998-a30c-ec1ab88068bc@group-49E82E920F3F: changes role from  FOLLOWER to FOLLOWER at term 122 for recognizeCandidate:f6cfa8a2-85ff-4bb9-a246-101c53d2d47b
2019-10-25 11:07:51,929 [grpc-default-executor-1] INFO  impl.RaftServerImpl (RaftServerImpl.java:setRole(184)) - bdb27072-dd00-4d3b-a7da-41600e490ca3@group-49E82E920F3F: changes role from  FOLLOWER to FOLLOWER at term 122 for recognizeCandidate:f6cfa8a2-85ff-4bb9-a246-101c53d2d47b
2019-10-25 11:07:51,929 [grpc-default-executor-1] INFO  impl.RoleInfo (RoleInfo.java:shutdownFollowerState(121)) - bdb27072-dd00-4d3b-a7da-41600e490ca3: shutdown FollowerState
2019-10-25 11:07:51,929 [grpc-default-executor-7] INFO  impl.RoleInfo (RoleInfo.java:shutdownFollowerState(121)) - 7fad1e98-7a6b-4998-a30c-ec1ab88068bc: shutdown FollowerState
2019-10-25 11:07:51,929 [Thread-4583] INFO  impl.FollowerState (FollowerState.java:run(117)) - bdb27072-dd00-4d3b-a7da-41600e490ca3@group-49E82E920F3F-FollowerState was interrupted: java.lang.InterruptedException: sleep interrupted
2019-10-25 11:07:51,929 [grpc-default-executor-1] INFO  impl.RoleInfo (RoleInfo.java:updateAndGet(143)) - bdb27072-dd00-4d3b-a7da-41600e490ca3: start FollowerState
2019-10-25 11:07:51,930 [Thread-4584] INFO  impl.FollowerState (FollowerState.java:run(117)) - 7fad1e98-7a6b-4998-a30c-ec1ab88068bc@group-49E82E920F3F-FollowerState was interrupted: java.lang.InterruptedException: sleep interrupted
2019-10-25 11:07:51,930 [grpc-default-executor-7] INFO  impl.RoleInfo (RoleInfo.java:updateAndGet(143)) - 7fad1e98-7a6b-4998-a30c-ec1ab88068bc: start FollowerState
2019-10-25 11:07:51,956 [f6cfa8a2-85ff-4bb9-a246-101c53d2d47b@group-49E82E920F3F-LeaderElection540] INFO  impl.LeaderElection (LeaderElection.java:logAndReturn(56)) - f6cfa8a2-85ff-4bb9-a246-101c53d2d47b@group-49E82E920F3F-LeaderElection540: Election REJECTED; received 2 response(s) [f6cfa8a2-85ff-4bb9-a246-101c53d2d47b<-7fad1e98-7a6b-4998-a30c-ec1ab88068bc#0:FAIL-t122, f6cfa8a2-85ff-4bb9-a246-101c53d2d47b<-bdb27072-dd00-4d3b-a7da-41600e490ca3#0:FAIL-t122] and 0 exception(s); f6cfa8a2-85ff-4bb9-a246-101c53d2d47b@group-49E82E920F3F:t122, leader=null, voted=f6cfa8a2-85ff-4bb9-a246-101c53d2d47b, raftlog=f6cfa8a2-85ff-4bb9-a246-101c53d2d47b@group-49E82E920F3F-SegmentedRaftLog:OPENED:c-1,f-1,i0, conf=-1: [7fad1e98-7a6b-4998-a30c-ec1ab88068bc:192.168.157.233:35716, bdb27072-dd00-4d3b-a7da-41600e490ca3:192.168.157.233:42906, f6cfa8a2-85ff-4bb9-a246-101c53d2d47b:192.168.157.233:44618], old=null
2019-10-25 11:07:51,956 [f6cfa8a2-85ff-4bb9-a246-101c53d2d47b@group-49E82E920F3F-LeaderElection540] INFO  impl.RaftServerImpl (RaftServerImpl.java:setRole(184)) - f6cfa8a2-85ff-4bb9-a246-101c53d2d47b@group-49E82E920F3F: changes role from CANDIDATE to FOLLOWER at term 122 for DISCOVERED_A_NEW_TERM
2019-10-25 11:07:51,956 [f6cfa8a2-85ff-4bb9-a246-101c53d2d47b@group-49E82E920F3F-LeaderElection540] INFO  impl.RoleInfo (RoleInfo.java:shutdownLeaderElection(134)) - f6cfa8a2-85ff-4bb9-a246-101c53d2d47b: shutdown LeaderElection
2019-10-25 11:07:51,956 [f6cfa8a2-85ff-4bb9-a246-101c53d2d47b@group-49E82E920F3F-LeaderElection540] INFO  impl.RoleInfo (RoleInfo.java:updateAndGet(143)) - f6cfa8a2-85ff-4bb9-a246-101c53d2d47b: start FollowerState
2019-10-25 11:07:52,150 [Thread-4593] INFO  impl.FollowerState (FollowerState.java:run(108)) - f6cfa8a2-85ff-4bb9-a246-101c53d2d47b@group-49E82E920F3F-FollowerState: change to CANDIDATE, lastRpcTime:193ms, electionTimeout:193ms
2019-10-25 11:07:52,150 [Thread-4593] INFO  impl.RoleInfo (RoleInfo.java:shutdownFollowerState(121)) - f6cfa8a2-85ff-4bb9-a246-101c53d2d47b: shutdown FollowerState
2019-10-25 11:07:52,150 [Thread-4593] INFO  impl.RaftServerImpl (RaftServerImpl.java:setRole(184)) - f6cfa8a2-85ff-4bb9-a246-101c53d2d47b@group-49E82E920F3F: changes role from  FOLLOWER to CANDIDATE at term 122 for changeToCandidate
2019-10-25 11:07:52,151 [Thread-4593] INFO  impl.RoleInfo (RoleInfo.java:updateAndGet(143)) - f6cfa8a2-85ff-4bb9-a246-101c53d2d47b: start LeaderElection
2019-10-25 11:07:52,165 [f6cfa8a2-85ff-4bb9-a246-101c53d2d47b@group-49E82E920F3F-LeaderElection541] INFO  impl.LeaderElection (LeaderElection.java:askForVotes(178)) - f6cfa8a2-85ff-4bb9-a246-101c53d2d47b@group-49E82E920F3F-LeaderElection541: begin an election at term 123 for -1: [7fad1e98-7a6b-4998-a30c-ec1ab88068bc:192.168.157.233:35716, bdb27072-dd00-4d3b-a7da-41600e490ca3:192.168.157.233:42906, f6cfa8a2-85ff-4bb9-a246-101c53d2d47b:192.168.157.233:44618], old=null
2019-10-25 11:07:52,166 [grpc-default-executor-1] INFO  impl.RaftServerImpl (RaftServerImpl.java:setRole(184)) - 7fad1e98-7a6b-4998-a30c-ec1ab88068bc@group-49E82E920F3F: changes role from  FOLLOWER to FOLLOWER at term 123 for recognizeCandidate:f6cfa8a2-85ff-4bb9-a246-101c53d2d47b
2019-10-25 11:07:52,166 [grpc-default-executor-1] INFO  impl.RoleInfo (RoleInfo.java:shutdownFollowerState(121)) - 7fad1e98-7a6b-4998-a30c-ec1ab88068bc: shutdown FollowerState
2019-10-25 11:07:52,166 [grpc-default-executor-1] INFO  impl.RoleInfo (RoleInfo.java:updateAndGet(143)) - 7fad1e98-7a6b-4998-a30c-ec1ab88068bc: start FollowerState
2019-10-25 11:07:52,166 [grpc-default-executor-7] INFO  impl.RaftServerImpl (RaftServerImpl.java:setRole(184)) - bdb27072-dd00-4d3b-a7da-41600e490ca3@group-49E82E920F3F: changes role from  FOLLOWER to FOLLOWER at term 123 for recognizeCandidate:f6cfa8a2-85ff-4bb9-a246-101c53d2d47b
2019-10-25 11:07:52,167 [grpc-default-executor-7] INFO  impl.RoleInfo (RoleInfo.java:shutdownFollowerState(121)) - bdb27072-dd00-4d3b-a7da-41600e490ca3: shutdown FollowerState
2019-10-25 11:07:52,166 [Thread-4590] INFO  impl.FollowerState (FollowerState.java:run(117)) - 7fad1e98-7a6b-4998-a30c-ec1ab88068bc@group-49E82E920F3F-FollowerState was interrupted: java.lang.InterruptedException: sleep interrupted
2019-10-25 11:07:52,167 [Thread-4589] INFO  impl.FollowerState (FollowerState.java:run(117)) - bdb27072-dd00-4d3b-a7da-41600e490ca3@group-49E82E920F3F-FollowerState was interrupted: java.lang.InterruptedException: sleep interrupted
2019-10-25 11:07:52,167 [grpc-default-executor-7] INFO  impl.RoleInfo (RoleInfo.java:updateAndGet(143)) - bdb27072-dd00-4d3b-a7da-41600e490ca3: start FollowerState
2019-10-25 11:07:52,180 [f6cfa8a2-85ff-4bb9-a246-101c53d2d47b@group-49E82E920F3F-LeaderElection541] INFO  impl.LeaderElection (LeaderElection.java:logAndReturn(56)) - f6cfa8a2-85ff-4bb9-a246-101c53d2d47b@group-49E82E920F3F-LeaderElection541: Election REJECTED; received 2 response(s) [f6cfa8a2-85ff-4bb9-a246-101c53d2d47b<-7fad1e98-7a6b-4998-a30c-ec1ab88068bc#0:FAIL-t123, f6cfa8a2-85ff-4bb9-a246-101c53d2d47b<-bdb27072-dd00-4d3b-a7da-41600e490ca3#0:FAIL-t123] and 0 exception(s); f6cfa8a2-85ff-4bb9-a246-101c53d2d47b@group-49E82E920F3F:t123, leader=null, voted=f6cfa8a2-85ff-4bb9-a246-101c53d2d47b, raftlog=f6cfa8a2-85ff-4bb9-a246-101c53d2d47b@group-49E82E920F3F-SegmentedRaftLog:OPENED:c-1,f-1,i0, conf=-1: [7fad1e98-7a6b-4998-a30c-ec1ab88068bc:192.168.157.233:35716, bdb27072-dd00-4d3b-a7da-41600e490ca3:192.168.157.233:42906, f6cfa8a2-85ff-4bb9-a246-101c53d2d47b:192.168.157.233:44618], old=null
2019-10-25 11:07:52,180 [f6cfa8a2-85ff-4bb9-a246-101c53d2d47b@group-49E82E920F3F-LeaderElection541] INFO  impl.RaftServerImpl (RaftServerImpl.java:setRole(184)) - f6cfa8a2-85ff-4bb9-a246-101c53d2d47b@group-49E82E920F3F: changes role from CANDIDATE to FOLLOWER at term 123 for DISCOVERED_A_NEW_TERM
2019-10-25 11:07:52,180 [f6cfa8a2-85ff-4bb9-a246-101c53d2d47b@group-49E82E920F3F-LeaderElection541] INFO  impl.RoleInfo (RoleInfo.java:shutdownLeaderElection(134)) - f6cfa8a2-85ff-4bb9-a246-101c53d2d47b: shutdown LeaderElection
2019-10-25 11:07:52,181 [f6cfa8a2-85ff-4bb9-a246-101c53d2d47b@group-49E82E920F3F-LeaderElection541] INFO  impl.RoleInfo (RoleInfo.java:updateAndGet(143)) - f6cfa8a2-85ff-4bb9-a246-101c53d2d47b: start FollowerState
2019-10-25 11:07:52,263 [Thread-4601] INFO  impl.FollowerState (FollowerState.java:run(108)) - f6cfa8a2-85ff-4bb9-a246-101c53d2d47b@group-49E82E920F3F-FollowerState: change to CANDIDATE, lastRpcTime:82ms, electionTimeout:82ms
2019-10-25 11:07:52,263 [Thread-4601] INFO  impl.RoleInfo (RoleInfo.java:shutdownFollowerState(121)) - f6cfa8a2-85ff-4bb9-a246-101c53d2d47b: shutdown FollowerState
2019-10-25 11:07:52,263 [Thread-4601] INFO  impl.RaftServerImpl (RaftServerImpl.java:setRole(184)) - f6cfa8a2-85ff-4bb9-a246-101c53d2d47b@group-49E82E920F3F: changes role from  FOLLOWER to CANDIDATE at term 123 for changeToCandidate
2019-10-25 11:07:52,263 [Thread-4601] INFO  impl.RoleInfo (RoleInfo.java:updateAndGet(143)) - f6cfa8a2-85ff-4bb9-a246-101c53d2d47b: start LeaderElection
2019-10-25 11:07:52,284 [f6cfa8a2-85ff-4bb9-a246-101c53d2d47b@group-49E82E920F3F-LeaderElection542] INFO  impl.LeaderElection (LeaderElection.java:askForVotes(178)) - f6cfa8a2-85ff-4bb9-a246-101c53d2d47b@group-49E82E920F3F-LeaderElection542: begin an election at term 124 for -1: [7fad1e98-7a6b-4998-a30c-ec1ab88068bc:192.168.157.233:35716, bdb27072-dd00-4d3b-a7da-41600e490ca3:192.168.157.233:42906, f6cfa8a2-85ff-4bb9-a246-101c53d2d47b:192.168.157.233:44618], old=null
2019-10-25 11:07:52,286 [grpc-default-executor-7] INFO  impl.RaftServerImpl (RaftServerImpl.java:setRole(184)) - 7fad1e98-7a6b-4998-a30c-ec1ab88068bc@group-49E82E920F3F: changes role from  FOLLOWER to FOLLOWER at term 124 for recognizeCandidate:f6cfa8a2-85ff-4bb9-a246-101c53d2d47b
2019-10-25 11:07:52,286 [grpc-default-executor-1] INFO  impl.RaftServerImpl (RaftServerImpl.java:setRole(184)) - bdb27072-dd00-4d3b-a7da-41600e490ca3@group-49E82E920F3F: changes role from  FOLLOWER to FOLLOWER at term 124 for recognizeCandidate:f6cfa8a2-85ff-4bb9-a246-101c53d2d47b
2019-10-25 11:07:52,286 [grpc-default-executor-1] INFO  impl.RoleInfo (RoleInfo.java:shutdownFollowerState(121)) - bdb27072-dd00-4d3b-a7da-41600e490ca3: shutdown FollowerState
2019-10-25 11:07:52,286 [grpc-default-executor-7] INFO  impl.RoleInfo (RoleInfo.java:shutdownFollowerState(121)) - 7fad1e98-7a6b-4998-a30c-ec1ab88068bc: shutdown FollowerState
2019-10-25 11:07:52,286 [Thread-4600] INFO  impl.FollowerState (FollowerState.java:run(117)) - bdb27072-dd00-4d3b-a7da-41600e490ca3@group-49E82E920F3F-FollowerState was interrupted: java.lang.InterruptedException: sleep interrupted
2019-10-25 11:07:52,286 [Thread-4599] INFO  impl.FollowerState (FollowerState.java:run(117)) - 7fad1e98-7a6b-4998-a30c-ec1ab88068bc@group-49E82E920F3F-FollowerState was interrupted: java.lang.InterruptedException: sleep interrupted
2019-10-25 11:07:52,286 [grpc-default-executor-1] INFO  impl.RoleInfo (RoleInfo.java:updateAndGet(143)) - bdb27072-dd00-4d3b-a7da-41600e490ca3: start FollowerState
2019-10-25 11:07:52,286 [grpc-default-executor-7] INFO  impl.RoleInfo (RoleInfo.java:updateAndGet(143)) - 7fad1e98-7a6b-4998-a30c-ec1ab88068bc: start FollowerState
2019-10-25 11:07:52,303 [f6cfa8a2-85ff-4bb9-a246-101c53d2d47b@group-49E82E920F3F-LeaderElection542] INFO  impl.LeaderElection (LeaderElection.java:logAndReturn(56)) - f6cfa8a2-85ff-4bb9-a246-101c53d2d47b@group-49E82E920F3F-LeaderElection542: Election REJECTED; received 2 response(s) [f6cfa8a2-85ff-4bb9-a246-101c53d2d47b<-7fad1e98-7a6b-4998-a30c-ec1ab88068bc#0:FAIL-t124, f6cfa8a2-85ff-4bb9-a246-101c53d2d47b<-bdb27072-dd00-4d3b-a7da-41600e490ca3#0:FAIL-t124] and 0 exception(s); f6cfa8a2-85ff-4bb9-a246-101c53d2d47b@group-49E82E920F3F:t124, leader=null, voted=f6cfa8a2-85ff-4bb9-a246-101c53d2d47b, raftlog=f6cfa8a2-85ff-4bb9-a246-101c53d2d47b@group-49E82E920F3F-SegmentedRaftLog:OPENED:c-1,f-1,i0, conf=-1: [7fad1e98-7a6b-4998-a30c-ec1ab88068bc:192.168.157.233:35716, bdb27072-dd00-4d3b-a7da-41600e490ca3:192.168.157.233:42906, f6cfa8a2-85ff-4bb9-a246-101c53d2d47b:192.168.157.233:44618], old=null
2019-10-25 11:07:52,303 [f6cfa8a2-85ff-4bb9-a246-101c53d2d47b@group-49E82E920F3F-LeaderElection542] INFO  impl.RaftServerImpl (RaftServerImpl.java:setRole(184)) - f6cfa8a2-85ff-4bb9-a246-101c53d2d47b@group-49E82E920F3F: changes role from CANDIDATE to FOLLOWER at term 124 for DISCOVERED_A_NEW_TERM
2019-10-25 11:07:52,303 [f6cfa8a2-85ff-4bb9-a246-101c53d2d47b@group-49E82E920F3F-LeaderElection542] INFO  impl.RoleInfo (RoleInfo.java:shutdownLeaderElection(134)) - f6cfa8a2-85ff-4bb9-a246-101c53d2d47b: shutdown LeaderElection
2019-10-25 11:07:52,303 [f6cfa8a2-85ff-4bb9-a246-101c53d2d47b@group-49E82E920F3F-LeaderElection542] INFO  impl.RoleInfo (RoleInfo.java:updateAndGet(143)) - f6cfa8a2-85ff-4bb9-a246-101c53d2d47b: start FollowerState
2019-10-25 11:07:52,364 [Thread-4607] INFO  impl.FollowerState (FollowerState.java:run(108)) - f6cfa8a2-85ff-4bb9-a246-101c53d2d47b@group-49E82E920F3F-FollowerState: change to CANDIDATE, lastRpcTime:61ms, electionTimeout:61ms
2019-10-25 11:07:52,365 [Thread-4607] INFO  impl.RoleInfo (RoleInfo.java:shutdownFollowerState(121)) - f6cfa8a2-85ff-4bb9-a246-101c53d2d47b: shutdown FollowerState
2019-10-25 11:07:52,365 [Thread-4607] INFO  impl.RaftServerImpl (RaftServerImpl.java:setRole(184)) - f6cfa8a2-85ff-4bb9-a246-101c53d2d47b@group-49E82E920F3F: changes role from  FOLLOWER to CANDIDATE at term 124 for changeToCandidate
2019-10-25 11:07:52,365 [Thread-4607] INFO  impl.RoleInfo (RoleInfo.java:updateAndGet(143)) - f6cfa8a2-85ff-4bb9-a246-101c53d2d47b: start LeaderElection
2019-10-25 11:07:52,377 [f6cfa8a2-85ff-4bb9-a246-101c53d2d47b@group-49E82E920F3F-LeaderElection543] INFO  impl.LeaderElection (LeaderElection.java:askForVotes(178)) - f6cfa8a2-85ff-4bb9-a246-101c53d2d47b@group-49E82E920F3F-LeaderElection543: begin an election at term 125 for -1: [7fad1e98-7a6b-4998-a30c-ec1ab88068bc:192.168.157.233:35716, bdb27072-dd00-4d3b-a7da-41600e490ca3:192.168.157.233:42906, f6cfa8a2-85ff-4bb9-a246-101c53d2d47b:192.168.157.233:44618], old=null
2019-10-25 11:07:52,378 [grpc-default-executor-7] INFO  impl.RaftServerImpl (RaftServerImpl.java:setRole(184)) - 7fad1e98-7a6b-4998-a30c-ec1ab88068bc@group-49E82E920F3F: changes role from  FOLLOWER to FOLLOWER at term 125 for recognizeCandidate:f6cfa8a2-85ff-4bb9-a246-101c53d2d47b
2019-10-25 11:07:52,379 [grpc-default-executor-7] INFO  impl.RoleInfo (RoleInfo.java:shutdownFollowerState(121)) - 7fad1e98-7a6b-4998-a30c-ec1ab88068bc: shutdown FollowerState
2019-10-25 11:07:52,378 [grpc-default-executor-1] INFO  impl.RaftServerImpl (RaftServerImpl.java:setRole(184)) - bdb27072-dd00-4d3b-a7da-41600e490ca3@group-49E82E920F3F: changes role from  FOLLOWER to FOLLOWER at term 125 for recognizeCandidate:f6cfa8a2-85ff-4bb9-a246-101c53d2d47b
2019-10-25 11:07:52,379 [Thread-4606] INFO  impl.FollowerState (FollowerState.java:run(117)) - 7fad1e98-7a6b-4998-a30c-ec1ab88068bc@group-49E82E920F3F-FollowerState was interrupted: java.lang.InterruptedException: sleep interrupted
2019-10-25 11:07:52,379 [grpc-default-executor-7] INFO  impl.RoleInfo (RoleInfo.java:updateAndGet(143)) - 7fad1e98-7a6b-4998-a30c-ec1ab88068bc: start FollowerState
2019-10-25 11:07:52,379 [grpc-default-executor-1] INFO  impl.RoleInfo (RoleInfo.java:shutdownFollowerState(121)) - bdb27072-dd00-4d3b-a7da-41600e490ca3: shutdown FollowerState
2019-10-25 11:07:52,379 [grpc-default-executor-1] INFO  impl.RoleInfo (RoleInfo.java:updateAndGet(143)) - bdb27072-dd00-4d3b-a7da-41600e490ca3: start FollowerState
2019-10-25 11:07:52,379 [Thread-4605] INFO  impl.FollowerState (FollowerState.java:run(117)) - bdb27072-dd00-4d3b-a7da-41600e490ca3@group-49E82E920F3F-FollowerState was interrupted: java.lang.InterruptedException: sleep interrupted
2019-10-25 11:07:52,387 [f6cfa8a2-85ff-4bb9-a246-101c53d2d47b@group-49E82E920F3F-LeaderElection543] INFO  impl.LeaderElection (LeaderElection.java:logAndReturn(56)) - f6cfa8a2-85ff-4bb9-a246-101c53d2d47b@group-49E82E920F3F-LeaderElection543: Election TIMEOUT; received 0 response(s) [] and 0 exception(s); f6cfa8a2-85ff-4bb9-a246-101c53d2d47b@group-49E82E920F3F:t125, leader=null, voted=f6cfa8a2-85ff-4bb9-a246-101c53d2d47b, raftlog=f6cfa8a2-85ff-4bb9-a246-101c53d2d47b@group-49E82E920F3F-SegmentedRaftLog:OPENED:c-1,f-1,i0, conf=-1: [7fad1e98-7a6b-4998-a30c-ec1ab88068bc:192.168.157.233:35716, bdb27072-dd00-4d3b-a7da-41600e490ca3:192.168.157.233:42906, f6cfa8a2-85ff-4bb9-a246-101c53d2d47b:192.168.157.233:44618], old=null
2019-10-25 11:07:52,399 [f6cfa8a2-85ff-4bb9-a246-101c53d2d47b@group-49E82E920F3F-LeaderElection543] INFO  impl.LeaderElection (LeaderElection.java:askForVotes(178)) - f6cfa8a2-85ff-4bb9-a246-101c53d2d47b@group-49E82E920F3F-LeaderElection543: begin an election at term 126 for -1: [7fad1e98-7a6b-4998-a30c-ec1ab88068bc:192.168.157.233:35716, bdb27072-dd00-4d3b-a7da-41600e490ca3:192.168.157.233:42906, f6cfa8a2-85ff-4bb9-a246-101c53d2d47b:192.168.157.233:44618], old=null
2019-10-25 11:07:52,400 [grpc-default-executor-7] INFO  impl.RaftServerImpl (RaftServerImpl.java:setRole(184)) - 7fad1e98-7a6b-4998-a30c-ec1ab88068bc@group-49E82E920F3F: changes role from  FOLLOWER to FOLLOWER at term 126 for recognizeCandidate:f6cfa8a2-85ff-4bb9-a246-101c53d2d47b
2019-10-25 11:07:52,400 [grpc-default-executor-7] INFO  impl.RoleInfo (RoleInfo.java:shutdownFollowerState(121)) - 7fad1e98-7a6b-4998-a30c-ec1ab88068bc: shutdown FollowerState
2019-10-25 11:07:52,400 [grpc-default-executor-7] INFO  impl.RoleInfo (RoleInfo.java:updateAndGet(143)) - 7fad1e98-7a6b-4998-a30c-ec1ab88068bc: start FollowerState
2019-10-25 11:07:52,400 [Thread-4611] INFO  impl.FollowerState (FollowerState.java:run(117)) - 7fad1e98-7a6b-4998-a30c-ec1ab88068bc@group-49E82E920F3F-FollowerState was interrupted: java.lang.InterruptedException: sleep interrupted
2019-10-25 11:07:52,400 [grpc-default-executor-1] INFO  impl.RaftServerImpl (RaftServerImpl.java:setRole(184)) - bdb27072-dd00-4d3b-a7da-41600e490ca3@group-49E82E920F3F: changes role from  FOLLOWER to FOLLOWER at term 126 for recognizeCandidate:f6cfa8a2-85ff-4bb9-a246-101c53d2d47b
2019-10-25 11:07:52,401 [grpc-default-executor-1] INFO  impl.RoleInfo (RoleInfo.java:shutdownFollowerState(121)) - bdb27072-dd00-4d3b-a7da-41600e490ca3: shutdown FollowerState
2019-10-25 11:07:52,401 [grpc-default-executor-1] INFO  impl.RoleInfo (RoleInfo.java:updateAndGet(143)) - bdb27072-dd00-4d3b-a7da-41600e490ca3: start FollowerState
2019-10-25 11:07:52,401 [Thread-4612] INFO  impl.FollowerState (FollowerState.java:run(117)) - bdb27072-dd00-4d3b-a7da-41600e490ca3@group-49E82E920F3F-FollowerState was interrupted: java.lang.InterruptedException: sleep interrupted
2019-10-25 11:07:52,411 [f6cfa8a2-85ff-4bb9-a246-101c53d2d47b@group-49E82E920F3F-LeaderElection543] INFO  impl.LeaderElection (LeaderElection.java:logAndReturn(56)) - f6cfa8a2-85ff-4bb9-a246-101c53d2d47b@group-49E82E920F3F-LeaderElection543: Election REJECTED; received 2 response(s) [f6cfa8a2-85ff-4bb9-a246-101c53d2d47b<-7fad1e98-7a6b-4998-a30c-ec1ab88068bc#0:FAIL-t126, f6cfa8a2-85ff-4bb9-a246-101c53d2d47b<-bdb27072-dd00-4d3b-a7da-41600e490ca3#0:FAIL-t126] and 0 exception(s); f6cfa8a2-85ff-4bb9-a246-101c53d2d47b@group-49E82E920F3F:t126, leader=null, voted=f6cfa8a2-85ff-4bb9-a246-101c53d2d47b, raftlog=f6cfa8a2-85ff-4bb9-a246-101c53d2d47b@group-49E82E920F3F-SegmentedRaftLog:OPENED:c-1,f-1,i0, conf=-1: [7fad1e98-7a6b-4998-a30c-ec1ab88068bc:192.168.157.233:35716, bdb27072-dd00-4d3b-a7da-41600e490ca3:192.168.157.233:42906, f6cfa8a2-85ff-4bb9-a246-101c53d2d47b:192.168.157.233:44618], old=null
2019-10-25 11:07:52,411 [f6cfa8a2-85ff-4bb9-a246-101c53d2d47b@group-49E82E920F3F-LeaderElection543] INFO  impl.RaftServerImpl (RaftServerImpl.java:setRole(184)) - f6cfa8a2-85ff-4bb9-a246-101c53d2d47b@group-49E82E920F3F: changes role from CANDIDATE to FOLLOWER at term 126 for DISCOVERED_A_NEW_TERM
2019-10-25 11:07:52,411 [f6cfa8a2-85ff-4bb9-a246-101c53d2d47b@group-49E82E920F3F-LeaderElection543] INFO  impl.RoleInfo (RoleInfo.java:shutdownLeaderElection(134)) - f6cfa8a2-85ff-4bb9-a246-101c53d2d47b: shutdown LeaderElection
2019-10-25 11:07:52,411 [f6cfa8a2-85ff-4bb9-a246-101c53d2d47b@group-49E82E920F3F-LeaderElection543] INFO  impl.RoleInfo (RoleInfo.java:updateAndGet(143)) - f6cfa8a2-85ff-4bb9-a246-101c53d2d47b: start FollowerState
2019-10-25 11:07:52,551 [Thread-4617] INFO  impl.FollowerState (FollowerState.java:run(108)) - f6cfa8a2-85ff-4bb9-a246-101c53d2d47b@group-49E82E920F3F-FollowerState: change to CANDIDATE, lastRpcTime:139ms, electionTimeout:139ms
2019-10-25 11:07:52,551 [Thread-4617] INFO  impl.RoleInfo (RoleInfo.java:shutdownFollowerState(121)) - f6cfa8a2-85ff-4bb9-a246-101c53d2d47b: shutdown FollowerState
2019-10-25 11:07:52,551 [Thread-4617] INFO  impl.RaftServerImpl (RaftServerImpl.java:setRole(184)) - f6cfa8a2-85ff-4bb9-a246-101c53d2d47b@group-49E82E920F3F: changes role from  FOLLOWER to CANDIDATE at term 126 for changeToCandidate
2019-10-25 11:07:52,551 [Thread-4617] INFO  impl.RoleInfo (RoleInfo.java:updateAndGet(143)) - f6cfa8a2-85ff-4bb9-a246-101c53d2d47b: start LeaderElection
2019-10-25 11:07:52,564 [f6cfa8a2-85ff-4bb9-a246-101c53d2d47b@group-49E82E920F3F-LeaderElection544] INFO  impl.LeaderElection (LeaderElection.java:askForVotes(178)) - f6cfa8a2-85ff-4bb9-a246-101c53d2d47b@group-49E82E920F3F-LeaderElection544: begin an election at term 127 for -1: [7fad1e98-7a6b-4998-a30c-ec1ab88068bc:192.168.157.233:35716, bdb27072-dd00-4d3b-a7da-41600e490ca3:192.168.157.233:42906, f6cfa8a2-85ff-4bb9-a246-101c53d2d47b:192.168.157.233:44618], old=null
2019-10-25 11:07:52,565 [grpc-default-executor-7] INFO  impl.RaftServerImpl (RaftServerImpl.java:setRole(184)) - 7fad1e98-7a6b-4998-a30c-ec1ab88068bc@group-49E82E920F3F: changes role from  FOLLOWER to FOLLOWER at term 127 for recognizeCandidate:f6cfa8a2-85ff-4bb9-a246-101c53d2d47b
2019-10-25 11:07:52,565 [grpc-default-executor-1] INFO  impl.RaftServerImpl (RaftServerImpl.java:setRole(184)) - bdb27072-dd00-4d3b-a7da-41600e490ca3@group-49E82E920F3F: changes role from  FOLLOWER to FOLLOWER at term 127 for recognizeCandidate:f6cfa8a2-85ff-4bb9-a246-101c53d2d47b
2019-10-25 11:07:52,566 [grpc-default-executor-1] INFO  impl.RoleInfo (RoleInfo.java:shutdownFollowerState(121)) - bdb27072-dd00-4d3b-a7da-41600e490ca3: shutdown FollowerState
2019-10-25 11:07:52,566 [grpc-default-executor-7] INFO  impl.RoleInfo (RoleInfo.java:shutdownFollowerState(121)) - 7fad1e98-7a6b-4998-a30c-ec1ab88068bc: shutdown FollowerState
2019-10-25 11:07:52,566 [Thread-4616] INFO  impl.FollowerState (FollowerState.java:run(117)) - bdb27072-dd00-4d3b-a7da-41600e490ca3@group-49E82E920F3F-FollowerState was interrupted: java.lang.InterruptedException: sleep interrupted
2019-10-25 11:07:52,566 [grpc-default-executor-1] INFO  impl.RoleInfo (RoleInfo.java:updateAndGet(143)) - bdb27072-dd00-4d3b-a7da-41600e490ca3: start FollowerState
2019-10-25 11:07:52,566 [grpc-default-executor-7] INFO  impl.RoleInfo (RoleInfo.java:updateAndGet(143)) - 7fad1e98-7a6b-4998-a30c-ec1ab88068bc: start FollowerState
2019-10-25 11:07:52,566 [Thread-4615] INFO  impl.FollowerState (FollowerState.java:run(117)) - 7fad1e98-7a6b-4998-a30c-ec1ab88068bc@group-49E82E920F3F-FollowerState was interrupted: java.lang.InterruptedException: sleep interrupted
2019-10-25 11:07:52,590 [f6cfa8a2-85ff-4bb9-a246-101c53d2d47b@group-49E82E920F3F-LeaderElection544] INFO  impl.LeaderElection (LeaderElection.java:logAndReturn(56)) - f6cfa8a2-85ff-4bb9-a246-101c53d2d47b@group-49E82E920F3F-LeaderElection544: Election REJECTED; received 2 response(s) [f6cfa8a2-85ff-4bb9-a246-101c53d2d47b<-7fad1e98-7a6b-4998-a30c-ec1ab88068bc#0:FAIL-t127, f6cfa8a2-85ff-4bb9-a246-101c53d2d47b<-bdb27072-dd00-4d3b-a7da-41600e490ca3#0:FAIL-t127] and 0 exception(s); f6cfa8a2-85ff-4bb9-a246-101c53d2d47b@group-49E82E920F3F:t127, leader=null, voted=f6cfa8a2-85ff-4bb9-a246-101c53d2d47b, raftlog=f6cfa8a2-85ff-4bb9-a246-101c53d2d47b@group-49E82E920F3F-SegmentedRaftLog:OPENED:c-1,f-1,i0, conf=-1: [7fad1e98-7a6b-4998-a30c-ec1ab88068bc:192.168.157.233:35716, bdb27072-dd00-4d3b-a7da-41600e490ca3:192.168.157.233:42906, f6cfa8a2-85ff-4bb9-a246-101c53d2d47b:192.168.157.233:44618], old=null
2019-10-25 11:07:52,590 [f6cfa8a2-85ff-4bb9-a246-101c53d2d47b@group-49E82E920F3F-LeaderElection544] INFO  impl.RaftServerImpl (RaftServerImpl.java:setRole(184)) - f6cfa8a2-85ff-4bb9-a246-101c53d2d47b@group-49E82E920F3F: changes role from CANDIDATE to FOLLOWER at term 127 for DISCOVERED_A_NEW_TERM
2019-10-25 11:07:52,591 [f6cfa8a2-85ff-4bb9-a246-101c53d2d47b@group-49E82E920F3F-LeaderElection544] INFO  impl.RoleInfo (RoleInfo.java:shutdownLeaderElection(134)) - f6cfa8a2-85ff-4bb9-a246-101c53d2d47b: shutdown LeaderElection
2019-10-25 11:07:52,591 [f6cfa8a2-85ff-4bb9-a246-101c53d2d47b@group-49E82E920F3F-LeaderElection544] INFO  impl.RoleInfo (RoleInfo.java:updateAndGet(143)) - f6cfa8a2-85ff-4bb9-a246-101c53d2d47b: start FollowerState
2019-10-25 11:07:52,641 [Thread-4625] INFO  impl.FollowerState (FollowerState.java:run(108)) - f6cfa8a2-85ff-4bb9-a246-101c53d2d47b@group-49E82E920F3F-FollowerState: change to CANDIDATE, lastRpcTime:50ms, electionTimeout:50ms
2019-10-25 11:07:52,641 [Thread-4625] INFO  impl.RoleInfo (RoleInfo.java:shutdownFollowerState(121)) - f6cfa8a2-85ff-4bb9-a246-101c53d2d47b: shutdown FollowerState
2019-10-25 11:07:52,641 [Thread-4625] INFO  impl.RaftServerImpl (RaftServerImpl.java:setRole(184)) - f6cfa8a2-85ff-4bb9-a246-101c53d2d47b@group-49E82E920F3F: changes role from  FOLLOWER to CANDIDATE at term 127 for changeToCandidate
2019-10-25 11:07:52,641 [Thread-4625] INFO  impl.RoleInfo (RoleInfo.java:updateAndGet(143)) - f6cfa8a2-85ff-4bb9-a246-101c53d2d47b: start LeaderElection
2019-10-25 11:07:52,660 [f6cfa8a2-85ff-4bb9-a246-101c53d2d47b@group-49E82E920F3F-LeaderElection545] INFO  impl.LeaderElection (LeaderElection.java:askForVotes(178)) - f6cfa8a2-85ff-4bb9-a246-101c53d2d47b@group-49E82E920F3F-LeaderElection545: begin an election at term 128 for -1: [7fad1e98-7a6b-4998-a30c-ec1ab88068bc:192.168.157.233:35716, bdb27072-dd00-4d3b-a7da-41600e490ca3:192.168.157.233:42906, f6cfa8a2-85ff-4bb9-a246-101c53d2d47b:192.168.157.233:44618], old=null
2019-10-25 11:07:52,662 [grpc-default-executor-1] INFO  impl.RaftServerImpl (RaftServerImpl.java:setRole(184)) - 7fad1e98-7a6b-4998-a30c-ec1ab88068bc@group-49E82E920F3F: changes role from  FOLLOWER to FOLLOWER at term 128 for recognizeCandidate:f6cfa8a2-85ff-4bb9-a246-101c53d2d47b
2019-10-25 11:07:52,662 [grpc-default-executor-1] INFO  impl.RoleInfo (RoleInfo.java:shutdownFollowerState(121)) - 7fad1e98-7a6b-4998-a30c-ec1ab88068bc: shutdown FollowerState
2019-10-25 11:07:52,662 [grpc-default-executor-1] INFO  impl.RoleInfo (RoleInfo.java:updateAndGet(143)) - 7fad1e98-7a6b-4998-a30c-ec1ab88068bc: start FollowerState
2019-10-25 11:07:52,662 [grpc-default-executor-7] INFO  impl.RaftServerImpl (RaftServerImpl.java:setRole(184)) - bdb27072-dd00-4d3b-a7da-41600e490ca3@group-49E82E920F3F: changes role from  FOLLOWER to FOLLOWER at term 128 for recognizeCandidate:f6cfa8a2-85ff-4bb9-a246-101c53d2d47b
2019-10-25 11:07:52,662 [Thread-4624] INFO  impl.FollowerState (FollowerState.java:run(117)) - 7fad1e98-7a6b-4998-a30c-ec1ab88068bc@group-49E82E920F3F-FollowerState was interrupted: java.lang.InterruptedException: sleep interrupted
2019-10-25 11:07:52,662 [grpc-default-executor-7] INFO  impl.RoleInfo (RoleInfo.java:shutdownFollowerState(121)) - bdb27072-dd00-4d3b-a7da-41600e490ca3: shutdown FollowerState
2019-10-25 11:07:52,663 [grpc-default-executor-7] INFO  impl.RoleInfo (RoleInfo.java:updateAndGet(143)) - bdb27072-dd00-4d3b-a7da-41600e490ca3: start FollowerState
2019-10-25 11:07:52,663 [Thread-4623] INFO  impl.FollowerState (FollowerState.java:run(117)) - bdb27072-dd00-4d3b-a7da-41600e490ca3@group-49E82E920F3F-FollowerState was interrupted: java.lang.InterruptedException: sleep interrupted
2019-10-25 11:07:52,676 [f6cfa8a2-85ff-4bb9-a246-101c53d2d47b@group-49E82E920F3F-LeaderElection545] INFO  impl.LeaderElection (LeaderElection.java:logAndReturn(56)) - f6cfa8a2-85ff-4bb9-a246-101c53d2d47b@group-49E82E920F3F-LeaderElection545: Election REJECTED; received 2 response(s) [f6cfa8a2-85ff-4bb9-a246-101c53d2d47b<-7fad1e98-7a6b-4998-a30c-ec1ab88068bc#0:FAIL-t128, f6cfa8a2-85ff-4bb9-a246-101c53d2d47b<-bdb27072-dd00-4d3b-a7da-41600e490ca3#0:FAIL-t128] and 0 exception(s); f6cfa8a2-85ff-4bb9-a246-101c53d2d47b@group-49E82E920F3F:t128, leader=null, voted=f6cfa8a2-85ff-4bb9-a246-101c53d2d47b, raftlog=f6cfa8a2-85ff-4bb9-a246-101c53d2d47b@group-49E82E920F3F-SegmentedRaftLog:OPENED:c-1,f-1,i0, conf=-1: [7fad1e98-7a6b-4998-a30c-ec1ab88068bc:192.168.157.233:35716, bdb27072-dd00-4d3b-a7da-41600e490ca3:192.168.157.233:42906, f6cfa8a2-85ff-4bb9-a246-101c53d2d47b:192.168.157.233:44618], old=null
2019-10-25 11:07:52,676 [f6cfa8a2-85ff-4bb9-a246-101c53d2d47b@group-49E82E920F3F-LeaderElection545] INFO  impl.RaftServerImpl (RaftServerImpl.java:setRole(184)) - f6cfa8a2-85ff-4bb9-a246-101c53d2d47b@group-49E82E920F3F: changes role from CANDIDATE to FOLLOWER at term 128 for DISCOVERED_A_NEW_TERM
2019-10-25 11:07:52,677 [f6cfa8a2-85ff-4bb9-a246-101c53d2d47b@group-49E82E920F3F-LeaderElection545] INFO  impl.RoleInfo (RoleInfo.java:shutdownLeaderElection(134)) - f6cfa8a2-85ff-4bb9-a246-101c53d2d47b: shutdown LeaderElection
2019-10-25 11:07:52,677 [f6cfa8a2-85ff-4bb9-a246-101c53d2d47b@group-49E82E920F3F-LeaderElection545] INFO  impl.RoleInfo (RoleInfo.java:updateAndGet(143)) - f6cfa8a2-85ff-4bb9-a246-101c53d2d47b: start FollowerState
2019-10-25 11:07:52,791 [Thread-4633] INFO  impl.FollowerState (FollowerState.java:run(108)) - f6cfa8a2-85ff-4bb9-a246-101c53d2d47b@group-49E82E920F3F-FollowerState: change to CANDIDATE, lastRpcTime:114ms, electionTimeout:114ms
2019-10-25 11:07:52,791 [Thread-4633] INFO  impl.RoleInfo (RoleInfo.java:shutdownFollowerState(121)) - f6cfa8a2-85ff-4bb9-a246-101c53d2d47b: shutdown FollowerState
2019-10-25 11:07:52,791 [Thread-4633] INFO  impl.RaftServerImpl (RaftServerImpl.java:setRole(184)) - f6cfa8a2-85ff-4bb9-a246-101c53d2d47b@group-49E82E920F3F: changes role from  FOLLOWER to CANDIDATE at term 128 for changeToCandidate
2019-10-25 11:07:52,791 [Thread-4633] INFO  impl.RoleInfo (RoleInfo.java:updateAndGet(143)) - f6cfa8a2-85ff-4bb9-a246-101c53d2d47b: start LeaderElection
2019-10-25 11:07:52,805 [f6cfa8a2-85ff-4bb9-a246-101c53d2d47b@group-49E82E920F3F-LeaderElection546] INFO  impl.LeaderElection (LeaderElection.java:askForVotes(178)) - f6cfa8a2-85ff-4bb9-a246-101c53d2d47b@group-49E82E920F3F-LeaderElection546: begin an election at term 129 for -1: [7fad1e98-7a6b-4998-a30c-ec1ab88068bc:192.168.157.233:35716, bdb27072-dd00-4d3b-a7da-41600e490ca3:192.168.157.233:42906, f6cfa8a2-85ff-4bb9-a246-101c53d2d47b:192.168.157.233:44618], old=null
2019-10-25 11:07:52,807 [grpc-default-executor-7] INFO  impl.RaftServerImpl (RaftServerImpl.java:setRole(184)) - 7fad1e98-7a6b-4998-a30c-ec1ab88068bc@group-49E82E920F3F: changes role from  FOLLOWER to FOLLOWER at term 129 for recognizeCandidate:f6cfa8a2-85ff-4bb9-a246-101c53d2d47b
2019-10-25 11:07:52,807 [grpc-default-executor-1] INFO  impl.RaftServerImpl (RaftServerImpl.java:setRole(184)) - bdb27072-dd00-4d3b-a7da-41600e490ca3@group-49E82E920F3F: changes role from  FOLLOWER to FOLLOWER at term 129 for recognizeCandidate:f6cfa8a2-85ff-4bb9-a246-101c53d2d47b
2019-10-25 11:07:52,807 [grpc-default-executor-1] INFO  impl.RoleInfo (RoleInfo.java:shutdownFollowerState(121)) - bdb27072-dd00-4d3b-a7da-41600e490ca3: shutdown FollowerState
2019-10-25 11:07:52,807 [grpc-default-executor-7] INFO  impl.RoleInfo (RoleInfo.java:shutdownFollowerState(121)) - 7fad1e98-7a6b-4998-a30c-ec1ab88068bc: shutdown FollowerState
2019-10-25 11:07:52,807 [grpc-default-executor-1] INFO  impl.RoleInfo (RoleInfo.java:updateAndGet(143)) - bdb27072-dd00-4d3b-a7da-41600e490ca3: start FollowerState
2019-10-25 11:07:52,807 [Thread-4632] INFO  impl.FollowerState (FollowerState.java:run(117)) - bdb27072-dd00-4d3b-a7da-41600e490ca3@group-49E82E920F3F-FollowerState was interrupted: java.lang.InterruptedException: sleep interrupted
2019-10-25 11:07:52,807 [Thread-4631] INFO  impl.FollowerState (FollowerState.java:run(117)) - 7fad1e98-7a6b-4998-a30c-ec1ab88068bc@group-49E82E920F3F-FollowerState was interrupted: java.lang.InterruptedException: sleep interrupted
2019-10-25 11:07:52,807 [grpc-default-executor-7] INFO  impl.RoleInfo (RoleInfo.java:updateAndGet(143)) - 7fad1e98-7a6b-4998-a30c-ec1ab88068bc: start FollowerState
2019-10-25 11:07:52,821 [f6cfa8a2-85ff-4bb9-a246-101c53d2d47b@group-49E82E920F3F-LeaderElection546] INFO  impl.LeaderElection (LeaderElection.java:logAndReturn(56)) - f6cfa8a2-85ff-4bb9-a246-101c53d2d47b@group-49E82E920F3F-LeaderElection546: Election REJECTED; received 2 response(s) [f6cfa8a2-85ff-4bb9-a246-101c53d2d47b<-7fad1e98-7a6b-4998-a30c-ec1ab88068bc#0:FAIL-t129, f6cfa8a2-85ff-4bb9-a246-101c53d2d47b<-bdb27072-dd00-4d3b-a7da-41600e490ca3#0:FAIL-t129] and 0 exception(s); f6cfa8a2-85ff-4bb9-a246-101c53d2d47b@group-49E82E920F3F:t129, leader=null, voted=f6cfa8a2-85ff-4bb9-a246-101c53d2d47b, raftlog=f6cfa8a2-85ff-4bb9-a246-101c53d2d47b@group-49E82E920F3F-SegmentedRaftLog:OPENED:c-1,f-1,i0, conf=-1: [7fad1e98-7a6b-4998-a30c-ec1ab88068bc:192.168.157.233:35716, bdb27072-dd00-4d3b-a7da-41600e490ca3:192.168.157.233:42906, f6cfa8a2-85ff-4bb9-a246-101c53d2d47b:192.168.157.233:44618], old=null
2019-10-25 11:07:52,821 [f6cfa8a2-85ff-4bb9-a246-101c53d2d47b@group-49E82E920F3F-LeaderElection546] INFO  impl.RaftServerImpl (RaftServerImpl.java:setRole(184)) - f6cfa8a2-85ff-4bb9-a246-101c53d2d47b@group-49E82E920F3F: changes role from CANDIDATE to FOLLOWER at term 129 for DISCOVERED_A_NEW_TERM
2019-10-25 11:07:52,821 [f6cfa8a2-85ff-4bb9-a246-101c53d2d47b@group-49E82E920F3F-LeaderElection546] INFO  impl.RoleInfo (RoleInfo.java:shutdownLeaderElection(134)) - f6cfa8a2-85ff-4bb9-a246-101c53d2d47b: shutdown LeaderElection
2019-10-25 11:07:52,822 [f6cfa8a2-85ff-4bb9-a246-101c53d2d47b@group-49E82E920F3F-LeaderElection546] INFO  impl.RoleInfo (RoleInfo.java:updateAndGet(143)) - f6cfa8a2-85ff-4bb9-a246-101c53d2d47b: start FollowerState
2019-10-25 11:07:52,823 [Thread-4639] INFO  impl.FollowerState (FollowerState.java:run(108)) - f6cfa8a2-85ff-4bb9-a246-101c53d2d47b@group-49E82E920F3F-FollowerState: change to CANDIDATE, lastRpcTime:1ms, electionTimeout:1ms
2019-10-25 11:07:52,823 [Thread-4639] INFO  impl.RoleInfo (RoleInfo.java:shutdownFollowerState(121)) - f6cfa8a2-85ff-4bb9-a246-101c53d2d47b: shutdown FollowerState
2019-10-25 11:07:52,823 [Thread-4639] INFO  impl.RaftServerImpl (RaftServerImpl.java:setRole(184)) - f6cfa8a2-85ff-4bb9-a246-101c53d2d47b@group-49E82E920F3F: changes role from  FOLLOWER to CANDIDATE at term 129 for changeToCandidate
2019-10-25 11:07:52,823 [Thread-4639] INFO  impl.RoleInfo (RoleInfo.java:updateAndGet(143)) - f6cfa8a2-85ff-4bb9-a246-101c53d2d47b: start LeaderElection
2019-10-25 11:07:52,836 [f6cfa8a2-85ff-4bb9-a246-101c53d2d47b@group-49E82E920F3F-LeaderElection547] INFO  impl.LeaderElection (LeaderElection.java:askForVotes(178)) - f6cfa8a2-85ff-4bb9-a246-101c53d2d47b@group-49E82E920F3F-LeaderElection547: begin an election at term 130 for -1: [7fad1e98-7a6b-4998-a30c-ec1ab88068bc:192.168.157.233:35716, bdb27072-dd00-4d3b-a7da-41600e490ca3:192.168.157.233:42906, f6cfa8a2-85ff-4bb9-a246-101c53d2d47b:192.168.157.233:44618], old=null
2019-10-25 11:07:52,837 [grpc-default-executor-1] INFO  impl.RaftServerImpl (RaftServerImpl.java:setRole(184)) - 7fad1e98-7a6b-4998-a30c-ec1ab88068bc@group-49E82E920F3F: changes role from  FOLLOWER to FOLLOWER at term 130 for recognizeCandidate:f6cfa8a2-85ff-4bb9-a246-101c53d2d47b
2019-10-25 11:07:52,838 [grpc-default-executor-1] INFO  impl.RoleInfo (RoleInfo.java:shutdownFollowerState(121)) - 7fad1e98-7a6b-4998-a30c-ec1ab88068bc: shutdown FollowerState
2019-10-25 11:07:52,838 [grpc-default-executor-1] INFO  impl.RoleInfo (RoleInfo.java:updateAndGet(143)) - 7fad1e98-7a6b-4998-a30c-ec1ab88068bc: start FollowerState
2019-10-25 11:07:52,838 [Thread-4638] INFO  impl.FollowerState (FollowerState.java:run(117)) - 7fad1e98-7a6b-4998-a30c-ec1ab88068bc@group-49E82E920F3F-FollowerState was interrupted: java.lang.InterruptedException: sleep interrupted
2019-10-25 11:07:52,838 [grpc-default-executor-7] INFO  impl.RaftServerImpl (RaftServerImpl.java:setRole(184)) - bdb27072-dd00-4d3b-a7da-41600e490ca3@group-49E82E920F3F: changes role from  FOLLOWER to FOLLOWER at term 130 for recognizeCandidate:f6cfa8a2-85ff-4bb9-a246-101c53d2d47b
2019-10-25 11:07:52,838 [grpc-default-executor-7] INFO  impl.RoleInfo (RoleInfo.java:shutdownFollowerState(121)) - bdb27072-dd00-4d3b-a7da-41600e490ca3: shutdown FollowerState
2019-10-25 11:07:52,838 [grpc-default-executor-7] INFO  impl.RoleInfo (RoleInfo.java:updateAndGet(143)) - bdb27072-dd00-4d3b-a7da-41600e490ca3: start FollowerState
2019-10-25 11:07:52,838 [Thread-4637] INFO  impl.FollowerState (FollowerState.java:run(117)) - bdb27072-dd00-4d3b-a7da-41600e490ca3@group-49E82E920F3F-FollowerState was interrupted: java.lang.InterruptedException: sleep interrupted
2019-10-25 11:07:52,852 [f6cfa8a2-85ff-4bb9-a246-101c53d2d47b@group-49E82E920F3F-LeaderElection547] INFO  impl.LeaderElection (LeaderElection.java:logAndReturn(56)) - f6cfa8a2-85ff-4bb9-a246-101c53d2d47b@group-49E82E920F3F-LeaderElection547: Election REJECTED; received 2 response(s) [f6cfa8a2-85ff-4bb9-a246-101c53d2d47b<-7fad1e98-7a6b-4998-a30c-ec1ab88068bc#0:FAIL-t130, f6cfa8a2-85ff-4bb9-a246-101c53d2d47b<-bdb27072-dd00-4d3b-a7da-41600e490ca3#0:FAIL-t130] and 0 exception(s); f6cfa8a2-85ff-4bb9-a246-101c53d2d47b@group-49E82E920F3F:t130, leader=null, voted=f6cfa8a2-85ff-4bb9-a246-101c53d2d47b, raftlog=f6cfa8a2-85ff-4bb9-a246-101c53d2d47b@group-49E82E920F3F-SegmentedRaftLog:OPENED:c-1,f-1,i0, conf=-1: [7fad1e98-7a6b-4998-a30c-ec1ab88068bc:192.168.157.233:35716, bdb27072-dd00-4d3b-a7da-41600e490ca3:192.168.157.233:42906, f6cfa8a2-85ff-4bb9-a246-101c53d2d47b:192.168.157.233:44618], old=null
2019-10-25 11:07:52,852 [f6cfa8a2-85ff-4bb9-a246-101c53d2d47b@group-49E82E920F3F-LeaderElection547] INFO  impl.RaftServerImpl (RaftServerImpl.java:setRole(184)) - f6cfa8a2-85ff-4bb9-a246-101c53d2d47b@group-49E82E920F3F: changes role from CANDIDATE to FOLLOWER at term 130 for DISCOVERED_A_NEW_TERM
2019-10-25 11:07:52,852 [f6cfa8a2-85ff-4bb9-a246-101c53d2d47b@group-49E82E920F3F-LeaderElection547] INFO  impl.RoleInfo (RoleInfo.java:shutdownLeaderElection(134)) - f6cfa8a2-85ff-4bb9-a246-101c53d2d47b: shutdown LeaderElection
2019-10-25 11:07:52,852 [f6cfa8a2-85ff-4bb9-a246-101c53d2d47b@group-49E82E920F3F-LeaderElection547] INFO  impl.RoleInfo (RoleInfo.java:updateAndGet(143)) - f6cfa8a2-85ff-4bb9-a246-101c53d2d47b: start FollowerState
2019-10-25 11:07:53,011 [Thread-4645] INFO  impl.FollowerState (FollowerState.java:run(108)) - f6cfa8a2-85ff-4bb9-a246-101c53d2d47b@group-49E82E920F3F-FollowerState: change to CANDIDATE, lastRpcTime:159ms, electionTimeout:159ms
2019-10-25 11:07:53,012 [Thread-4645] INFO  impl.RoleInfo (RoleInfo.java:shutdownFollowerState(121)) - f6cfa8a2-85ff-4bb9-a246-101c53d2d47b: shutdown FollowerState
2019-10-25 11:07:53,012 [Thread-4645] INFO  impl.RaftServerImpl (RaftServerImpl.java:setRole(184)) - f6cfa8a2-85ff-4bb9-a246-101c53d2d47b@group-49E82E920F3F: changes role from  FOLLOWER to CANDIDATE at term 130 for changeToCandidate
2019-10-25 11:07:53,012 [Thread-4645] INFO  impl.RoleInfo (RoleInfo.java:updateAndGet(143)) - f6cfa8a2-85ff-4bb9-a246-101c53d2d47b: start LeaderElection
2019-10-25 11:07:53,027 [f6cfa8a2-85ff-4bb9-a246-101c53d2d47b@group-49E82E920F3F-LeaderElection548] INFO  impl.LeaderElection (LeaderElection.java:askForVotes(178)) - f6cfa8a2-85ff-4bb9-a246-101c53d2d47b@group-49E82E920F3F-LeaderElection548: begin an election at term 131 for -1: [7fad1e98-7a6b-4998-a30c-ec1ab88068bc:192.168.157.233:35716, bdb27072-dd00-4d3b-a7da-41600e490ca3:192.168.157.233:42906, f6cfa8a2-85ff-4bb9-a246-101c53d2d47b:192.168.157.233:44618], old=null
2019-10-25 11:07:53,028 [grpc-default-executor-1] INFO  impl.RaftServerImpl (RaftServerImpl.java:setRole(184)) - 7fad1e98-7a6b-4998-a30c-ec1ab88068bc@group-49E82E920F3F: changes role from  FOLLOWER to FOLLOWER at term 131 for recognizeCandidate:f6cfa8a2-85ff-4bb9-a246-101c53d2d47b
2019-10-25 11:07:53,028 [grpc-default-executor-1] INFO  impl.RoleInfo (RoleInfo.java:shutdownFollowerState(121)) - 7fad1e98-7a6b-4998-a30c-ec1ab88068bc: shutdown FollowerState
2019-10-25 11:07:53,028 [grpc-default-executor-7] INFO  impl.RaftServerImpl (RaftServerImpl.java:setRole(184)) - bdb27072-dd00-4d3b-a7da-41600e490ca3@group-49E82E920F3F: changes role from  FOLLOWER to FOLLOWER at term 131 for recognizeCandidate:f6cfa8a2-85ff-4bb9-a246-101c53d2d47b
2019-10-25 11:07:53,029 [grpc-default-executor-7] INFO  impl.RoleInfo (RoleInfo.java:shutdownFollowerState(121)) - bdb27072-dd00-4d3b-a7da-41600e490ca3: shutdown FollowerState
2019-10-25 11:07:53,029 [Thread-4643] INFO  impl.FollowerState (FollowerState.java:run(117)) - 7fad1e98-7a6b-4998-a30c-ec1ab88068bc@group-49E82E920F3F-FollowerState was interrupted: java.lang.InterruptedException: sleep interrupted
2019-10-25 11:07:53,028 [grpc-default-executor-1] INFO  impl.RoleInfo (RoleInfo.java:updateAndGet(143)) - 7fad1e98-7a6b-4998-a30c-ec1ab88068bc: start FollowerState
2019-10-25 11:07:53,029 [Thread-4644] INFO  impl.FollowerState (FollowerState.java:run(117)) - bdb27072-dd00-4d3b-a7da-41600e490ca3@group-49E82E920F3F-FollowerState was interrupted: java.lang.InterruptedException: sleep interrupted
2019-10-25 11:07:53,029 [grpc-default-executor-7] INFO  impl.RoleInfo (RoleInfo.java:updateAndGet(143)) - bdb27072-dd00-4d3b-a7da-41600e490ca3: start FollowerState
2019-10-25 11:07:53,042 [f6cfa8a2-85ff-4bb9-a246-101c53d2d47b@group-49E82E920F3F-LeaderElection548] INFO  impl.LeaderElection (LeaderElection.java:logAndReturn(56)) - f6cfa8a2-85ff-4bb9-a246-101c53d2d47b@group-49E82E920F3F-LeaderElection548: Election REJECTED; received 2 response(s) [f6cfa8a2-85ff-4bb9-a246-101c53d2d47b<-7fad1e98-7a6b-4998-a30c-ec1ab88068bc#0:FAIL-t131, f6cfa8a2-85ff-4bb9-a246-101c53d2d47b<-bdb27072-dd00-4d3b-a7da-41600e490ca3#0:FAIL-t131] and 0 exception(s); f6cfa8a2-85ff-4bb9-a246-101c53d2d47b@group-49E82E920F3F:t131, leader=null, voted=f6cfa8a2-85ff-4bb9-a246-101c53d2d47b, raftlog=f6cfa8a2-85ff-4bb9-a246-101c53d2d47b@group-49E82E920F3F-SegmentedRaftLog:OPENED:c-1,f-1,i0, conf=-1: [7fad1e98-7a6b-4998-a30c-ec1ab88068bc:192.168.157.233:35716, bdb27072-dd00-4d3b-a7da-41600e490ca3:192.168.157.233:42906, f6cfa8a2-85ff-4bb9-a246-101c53d2d47b:192.168.157.233:44618], old=null
2019-10-25 11:07:53,043 [f6cfa8a2-85ff-4bb9-a246-101c53d2d47b@group-49E82E920F3F-LeaderElection548] INFO  impl.RaftServerImpl (RaftServerImpl.java:setRole(184)) - f6cfa8a2-85ff-4bb9-a246-101c53d2d47b@group-49E82E920F3F: changes role from CANDIDATE to FOLLOWER at term 131 for DISCOVERED_A_NEW_TERM
2019-10-25 11:07:53,043 [f6cfa8a2-85ff-4bb9-a246-101c53d2d47b@group-49E82E920F3F-LeaderElection548] INFO  impl.RoleInfo (RoleInfo.java:shutdownLeaderElection(134)) - f6cfa8a2-85ff-4bb9-a246-101c53d2d47b: shutdown LeaderElection
2019-10-25 11:07:53,043 [f6cfa8a2-85ff-4bb9-a246-101c53d2d47b@group-49E82E920F3F-LeaderElection548] INFO  impl.RoleInfo (RoleInfo.java:updateAndGet(143)) - f6cfa8a2-85ff-4bb9-a246-101c53d2d47b: start FollowerState
2019-10-25 11:07:53,045 [Thread-4653] INFO  impl.FollowerState (FollowerState.java:run(108)) - f6cfa8a2-85ff-4bb9-a246-101c53d2d47b@group-49E82E920F3F-FollowerState: change to CANDIDATE, lastRpcTime:2ms, electionTimeout:2ms
2019-10-25 11:07:53,045 [Thread-4653] INFO  impl.RoleInfo (RoleInfo.java:shutdownFollowerState(121)) - f6cfa8a2-85ff-4bb9-a246-101c53d2d47b: shutdown FollowerState
2019-10-25 11:07:53,045 [Thread-4653] INFO  impl.RaftServerImpl (RaftServerImpl.java:setRole(184)) - f6cfa8a2-85ff-4bb9-a246-101c53d2d47b@group-49E82E920F3F: changes role from  FOLLOWER to CANDIDATE at term 131 for changeToCandidate
2019-10-25 11:07:53,045 [Thread-4653] INFO  impl.RoleInfo (RoleInfo.java:updateAndGet(143)) - f6cfa8a2-85ff-4bb9-a246-101c53d2d47b: start LeaderElection
2019-10-25 11:07:53,060 [f6cfa8a2-85ff-4bb9-a246-101c53d2d47b@group-49E82E920F3F-LeaderElection549] INFO  impl.LeaderElection (LeaderElection.java:askForVotes(178)) - f6cfa8a2-85ff-4bb9-a246-101c53d2d47b@group-49E82E920F3F-LeaderElection549: begin an election at term 132 for -1: [7fad1e98-7a6b-4998-a30c-ec1ab88068bc:192.168.157.233:35716, bdb27072-dd00-4d3b-a7da-41600e490ca3:192.168.157.233:42906, f6cfa8a2-85ff-4bb9-a246-101c53d2d47b:192.168.157.233:44618], old=null
2019-10-25 11:07:53,061 [grpc-default-executor-1] INFO  impl.RaftServerImpl (RaftServerImpl.java:setRole(184)) - 7fad1e98-7a6b-4998-a30c-ec1ab88068bc@group-49E82E920F3F: changes role from  FOLLOWER to FOLLOWER at term 132 for recognizeCandidate:f6cfa8a2-85ff-4bb9-a246-101c53d2d47b
2019-10-25 11:07:53,061 [grpc-default-executor-1] INFO  impl.RoleInfo (RoleInfo.java:shutdownFollowerState(121)) - 7fad1e98-7a6b-4998-a30c-ec1ab88068bc: shutdown FollowerState
2019-10-25 11:07:53,062 [grpc-default-executor-1] INFO  impl.RoleInfo (RoleInfo.java:updateAndGet(143)) - 7fad1e98-7a6b-4998-a30c-ec1ab88068bc: start FollowerState
2019-10-25 11:07:53,062 [Thread-4651] INFO  impl.FollowerState (FollowerState.java:run(117)) - 7fad1e98-7a6b-4998-a30c-ec1ab88068bc@group-49E82E920F3F-FollowerState was interrupted: java.lang.InterruptedException: sleep interrupted
2019-10-25 11:07:53,062 [grpc-default-executor-7] INFO  impl.RaftServerImpl (RaftServerImpl.java:setRole(184)) - bdb27072-dd00-4d3b-a7da-41600e490ca3@group-49E82E920F3F: changes role from  FOLLOWER to FOLLOWER at term 132 for recognizeCandidate:f6cfa8a2-85ff-4bb9-a246-101c53d2d47b
2019-10-25 11:07:53,062 [grpc-default-executor-7] INFO  impl.RoleInfo (RoleInfo.java:shutdownFollowerState(121)) - bdb27072-dd00-4d3b-a7da-41600e490ca3: shutdown FollowerState
2019-10-25 11:07:53,062 [grpc-default-executor-7] INFO  impl.RoleInfo (RoleInfo.java:updateAndGet(143)) - bdb27072-dd00-4d3b-a7da-41600e490ca3: start FollowerState
2019-10-25 11:07:53,062 [Thread-4652] INFO  impl.FollowerState (FollowerState.java:run(117)) - bdb27072-dd00-4d3b-a7da-41600e490ca3@group-49E82E920F3F-FollowerState was interrupted: java.lang.InterruptedException: sleep interrupted
2019-10-25 11:07:53,076 [f6cfa8a2-85ff-4bb9-a246-101c53d2d47b@group-49E82E920F3F-LeaderElection549] INFO  impl.LeaderElection (LeaderElection.java:logAndReturn(56)) - f6cfa8a2-85ff-4bb9-a246-101c53d2d47b@group-49E82E920F3F-LeaderElection549: Election REJECTED; received 2 response(s) [f6cfa8a2-85ff-4bb9-a246-101c53d2d47b<-7fad1e98-7a6b-4998-a30c-ec1ab88068bc#0:FAIL-t132, f6cfa8a2-85ff-4bb9-a246-101c53d2d47b<-bdb27072-dd00-4d3b-a7da-41600e490ca3#0:FAIL-t132] and 0 exception(s); f6cfa8a2-85ff-4bb9-a246-101c53d2d47b@group-49E82E920F3F:t132, leader=null, voted=f6cfa8a2-85ff-4bb9-a246-101c53d2d47b, raftlog=f6cfa8a2-85ff-4bb9-a246-101c53d2d47b@group-49E82E920F3F-SegmentedRaftLog:OPENED:c-1,f-1,i0, conf=-1: [7fad1e98-7a6b-4998-a30c-ec1ab88068bc:192.168.157.233:35716, bdb27072-dd00-4d3b-a7da-41600e490ca3:192.168.157.233:42906, f6cfa8a2-85ff-4bb9-a246-101c53d2d47b:192.168.157.233:44618], old=null
2019-10-25 11:07:53,076 [f6cfa8a2-85ff-4bb9-a246-101c53d2d47b@group-49E82E920F3F-LeaderElection549] INFO  impl.RaftServerImpl (RaftServerImpl.java:setRole(184)) - f6cfa8a2-85ff-4bb9-a246-101c53d2d47b@group-49E82E920F3F: changes role from CANDIDATE to FOLLOWER at term 132 for DISCOVERED_A_NEW_TERM
2019-10-25 11:07:53,076 [f6cfa8a2-85ff-4bb9-a246-101c53d2d47b@group-49E82E920F3F-LeaderElection549] INFO  impl.RoleInfo (RoleInfo.java:shutdownLeaderElection(134)) - f6cfa8a2-85ff-4bb9-a246-101c53d2d47b: shutdown LeaderElection
2019-10-25 11:07:53,076 [f6cfa8a2-85ff-4bb9-a246-101c53d2d47b@group-49E82E920F3F-LeaderElection549] INFO  impl.RoleInfo (RoleInfo.java:updateAndGet(143)) - f6cfa8a2-85ff-4bb9-a246-101c53d2d47b: start FollowerState
2019-10-25 11:07:53,172 [Thread-4659] INFO  impl.FollowerState (FollowerState.java:run(108)) - f6cfa8a2-85ff-4bb9-a246-101c53d2d47b@group-49E82E920F3F-FollowerState: change to CANDIDATE, lastRpcTime:96ms, electionTimeout:96ms
2019-10-25 11:07:53,173 [Thread-4659] INFO  impl.RoleInfo (RoleInfo.java:shutdownFollowerState(121)) - f6cfa8a2-85ff-4bb9-a246-101c53d2d47b: shutdown FollowerState
2019-10-25 11:07:53,173 [Thread-4659] INFO  impl.RaftServerImpl (RaftServerImpl.java:setRole(184)) - f6cfa8a2-85ff-4bb9-a246-101c53d2d47b@group-49E82E920F3F: changes role from  FOLLOWER to CANDIDATE at term 132 for changeToCandidate
2019-10-25 11:07:53,173 [Thread-4659] INFO  impl.RoleInfo (RoleInfo.java:updateAndGet(143)) - f6cfa8a2-85ff-4bb9-a246-101c53d2d47b: start LeaderElection
2019-10-25 11:07:53,198 [f6cfa8a2-85ff-4bb9-a246-101c53d2d47b@group-49E82E920F3F-LeaderElection550] INFO  impl.LeaderElection (LeaderElection.java:askForVotes(178)) - f6cfa8a2-85ff-4bb9-a246-101c53d2d47b@group-49E82E920F3F-LeaderElection550: begin an election at term 133 for -1: [7fad1e98-7a6b-4998-a30c-ec1ab88068bc:192.168.157.233:35716, bdb27072-dd00-4d3b-a7da-41600e490ca3:192.168.157.233:42906, f6cfa8a2-85ff-4bb9-a246-101c53d2d47b:192.168.157.233:44618], old=null
2019-10-25 11:07:53,200 [grpc-default-executor-1] INFO  impl.RaftServerImpl (RaftServerImpl.java:setRole(184)) - 7fad1e98-7a6b-4998-a30c-ec1ab88068bc@group-49E82E920F3F: changes role from  FOLLOWER to FOLLOWER at term 133 for recognizeCandidate:f6cfa8a2-85ff-4bb9-a246-101c53d2d47b
2019-10-25 11:07:53,200 [grpc-default-executor-1] INFO  impl.RoleInfo (RoleInfo.java:shutdownFollowerState(121)) - 7fad1e98-7a6b-4998-a30c-ec1ab88068bc: shutdown FollowerState
2019-10-25 11:07:53,200 [grpc-default-executor-7] INFO  impl.RaftServerImpl (RaftServerImpl.java:setRole(184)) - bdb27072-dd00-4d3b-a7da-41600e490ca3@group-49E82E920F3F: changes role from  FOLLOWER to FOLLOWER at term 133 for recognizeCandidate:f6cfa8a2-85ff-4bb9-a246-101c53d2d47b
2019-10-25 11:07:53,201 [grpc-default-executor-7] INFO  impl.RoleInfo (RoleInfo.java:shutdownFollowerState(121)) - bdb27072-dd00-4d3b-a7da-41600e490ca3: shutdown FollowerState
2019-10-25 11:07:53,200 [Thread-4657] INFO  impl.FollowerState (FollowerState.java:run(117)) - 7fad1e98-7a6b-4998-a30c-ec1ab88068bc@group-49E82E920F3F-FollowerState was interrupted: java.lang.InterruptedException: sleep interrupted
2019-10-25 11:07:53,200 [grpc-default-executor-1] INFO  impl.RoleInfo (RoleInfo.java:updateAndGet(143)) - 7fad1e98-7a6b-4998-a30c-ec1ab88068bc: start FollowerState
2019-10-25 11:07:53,201 [grpc-default-executor-7] INFO  impl.RoleInfo (RoleInfo.java:updateAndGet(143)) - bdb27072-dd00-4d3b-a7da-41600e490ca3: start FollowerState
2019-10-25 11:07:53,201 [Thread-4658] INFO  impl.FollowerState (FollowerState.java:run(117)) - bdb27072-dd00-4d3b-a7da-41600e490ca3@group-49E82E920F3F-FollowerState was interrupted: java.lang.InterruptedException: sleep interrupted
2019-10-25 11:07:53,217 [f6cfa8a2-85ff-4bb9-a246-101c53d2d47b@group-49E82E920F3F-LeaderElection550] INFO  impl.LeaderElection (LeaderElection.java:logAndReturn(56)) - f6cfa8a2-85ff-4bb9-a246-101c53d2d47b@group-49E82E920F3F-LeaderElection550: Election REJECTED; received 2 response(s) [f6cfa8a2-85ff-4bb9-a246-101c53d2d47b<-7fad1e98-7a6b-4998-a30c-ec1ab88068bc#0:FAIL-t133, f6cfa8a2-85ff-4bb9-a246-101c53d2d47b<-bdb27072-dd00-4d3b-a7da-41600e490ca3#0:FAIL-t133] and 0 exception(s); f6cfa8a2-85ff-4bb9-a246-101c53d2d47b@group-49E82E920F3F:t133, leader=null, voted=f6cfa8a2-85ff-4bb9-a246-101c53d2d47b, raftlog=f6cfa8a2-85ff-4bb9-a246-101c53d2d47b@group-49E82E920F3F-SegmentedRaftLog:OPENED:c-1,f-1,i0, conf=-1: [7fad1e98-7a6b-4998-a30c-ec1ab88068bc:192.168.157.233:35716, bdb27072-dd00-4d3b-a7da-41600e490ca3:192.168.157.233:42906, f6cfa8a2-85ff-4bb9-a246-101c53d2d47b:192.168.157.233:44618], old=null
2019-10-25 11:07:53,217 [f6cfa8a2-85ff-4bb9-a246-101c53d2d47b@group-49E82E920F3F-LeaderElection550] INFO  impl.RaftServerImpl (RaftServerImpl.java:setRole(184)) - f6cfa8a2-85ff-4bb9-a246-101c53d2d47b@group-49E82E920F3F: changes role from CANDIDATE to FOLLOWER at term 133 for DISCOVERED_A_NEW_TERM
2019-10-25 11:07:53,217 [f6cfa8a2-85ff-4bb9-a246-101c53d2d47b@group-49E82E920F3F-LeaderElection550] INFO  impl.RoleInfo (RoleInfo.java:shutdownLeaderElection(134)) - f6cfa8a2-85ff-4bb9-a246-101c53d2d47b: shutdown LeaderElection
2019-10-25 11:07:53,218 [f6cfa8a2-85ff-4bb9-a246-101c53d2d47b@group-49E82E920F3F-LeaderElection550] INFO  impl.RoleInfo (RoleInfo.java:updateAndGet(143)) - f6cfa8a2-85ff-4bb9-a246-101c53d2d47b: start FollowerState
2019-10-25 11:07:53,282 [Thread-4667] INFO  impl.FollowerState (FollowerState.java:run(108)) - f6cfa8a2-85ff-4bb9-a246-101c53d2d47b@group-49E82E920F3F-FollowerState: change to CANDIDATE, lastRpcTime:64ms, electionTimeout:64ms
2019-10-25 11:07:53,282 [Thread-4667] INFO  impl.RoleInfo (RoleInfo.java:shutdownFollowerState(121)) - f6cfa8a2-85ff-4bb9-a246-101c53d2d47b: shutdown FollowerState
2019-10-25 11:07:53,282 [Thread-4667] INFO  impl.RaftServerImpl (RaftServerImpl.java:setRole(184)) - f6cfa8a2-85ff-4bb9-a246-101c53d2d47b@group-49E82E920F3F: changes role from  FOLLOWER to CANDIDATE at term 133 for changeToCandidate
2019-10-25 11:07:53,282 [Thread-4667] INFO  impl.RoleInfo (RoleInfo.java:updateAndGet(143)) - f6cfa8a2-85ff-4bb9-a246-101c53d2d47b: start LeaderElection
2019-10-25 11:07:53,305 [f6cfa8a2-85ff-4bb9-a246-101c53d2d47b@group-49E82E920F3F-LeaderElection551] INFO  impl.LeaderElection (LeaderElection.java:askForVotes(178)) - f6cfa8a2-85ff-4bb9-a246-101c53d2d47b@group-49E82E920F3F-LeaderElection551: begin an election at term 134 for -1: [7fad1e98-7a6b-4998-a30c-ec1ab88068bc:192.168.157.233:35716, bdb27072-dd00-4d3b-a7da-41600e490ca3:192.168.157.233:42906, f6cfa8a2-85ff-4bb9-a246-101c53d2d47b:192.168.157.233:44618], old=null
2019-10-25 11:07:53,306 [grpc-default-executor-7] INFO  impl.RaftServerImpl (RaftServerImpl.java:setRole(184)) - 7fad1e98-7a6b-4998-a30c-ec1ab88068bc@group-49E82E920F3F: changes role from  FOLLOWER to FOLLOWER at term 134 for recognizeCandidate:f6cfa8a2-85ff-4bb9-a246-101c53d2d47b
2019-10-25 11:07:53,306 [grpc-default-executor-7] INFO  impl.RoleInfo (RoleInfo.java:shutdownFollowerState(121)) - 7fad1e98-7a6b-4998-a30c-ec1ab88068bc: shutdown FollowerState
2019-10-25 11:07:53,306 [grpc-default-executor-1] INFO  impl.RaftServerImpl (RaftServerImpl.java:setRole(184)) - bdb27072-dd00-4d3b-a7da-41600e490ca3@group-49E82E920F3F: changes role from  FOLLOWER to FOLLOWER at term 134 for recognizeCandidate:f6cfa8a2-85ff-4bb9-a246-101c53d2d47b
2019-10-25 11:07:53,306 [grpc-default-executor-1] INFO  impl.RoleInfo (RoleInfo.java:shutdownFollowerState(121)) - bdb27072-dd00-4d3b-a7da-41600e490ca3: shutdown FollowerState
2019-10-25 11:07:53,306 [Thread-4665] INFO  impl.FollowerState (FollowerState.java:run(117)) - 7fad1e98-7a6b-4998-a30c-ec1ab88068bc@group-49E82E920F3F-FollowerState was interrupted: java.lang.InterruptedException: sleep interrupted
2019-10-25 11:07:53,306 [grpc-default-executor-7] INFO  impl.RoleInfo (RoleInfo.java:updateAndGet(143)) - 7fad1e98-7a6b-4998-a30c-ec1ab88068bc: start FollowerState
2019-10-25 11:07:53,306 [Thread-4666] INFO  impl.FollowerState (FollowerState.java:run(117)) - bdb27072-dd00-4d3b-a7da-41600e490ca3@group-49E82E920F3F-FollowerState was interrupted: java.lang.InterruptedException: sleep interrupted
2019-10-25 11:07:53,306 [grpc-default-executor-1] INFO  impl.RoleInfo (RoleInfo.java:updateAndGet(143)) - bdb27072-dd00-4d3b-a7da-41600e490ca3: start FollowerState
2019-10-25 11:07:53,321 [f6cfa8a2-85ff-4bb9-a246-101c53d2d47b@group-49E82E920F3F-LeaderElection551] INFO  impl.LeaderElection (LeaderElection.java:logAndReturn(56)) - f6cfa8a2-85ff-4bb9-a246-101c53d2d47b@group-49E82E920F3F-LeaderElection551: Election REJECTED; received 2 response(s) [f6cfa8a2-85ff-4bb9-a246-101c53d2d47b<-7fad1e98-7a6b-4998-a30c-ec1ab88068bc#0:FAIL-t134, f6cfa8a2-85ff-4bb9-a246-101c53d2d47b<-bdb27072-dd00-4d3b-a7da-41600e490ca3#0:FAIL-t134] and 0 exception(s); f6cfa8a2-85ff-4bb9-a246-101c53d2d47b@group-49E82E920F3F:t134, leader=null, voted=f6cfa8a2-85ff-4bb9-a246-101c53d2d47b, raftlog=f6cfa8a2-85ff-4bb9-a246-101c53d2d47b@group-49E82E920F3F-SegmentedRaftLog:OPENED:c-1,f-1,i0, conf=-1: [7fad1e98-7a6b-4998-a30c-ec1ab88068bc:192.168.157.233:35716, bdb27072-dd00-4d3b-a7da-41600e490ca3:192.168.157.233:42906, f6cfa8a2-85ff-4bb9-a246-101c53d2d47b:192.168.157.233:44618], old=null
2019-10-25 11:07:53,321 [f6cfa8a2-85ff-4bb9-a246-101c53d2d47b@group-49E82E920F3F-LeaderElection551] INFO  impl.RaftServerImpl (RaftServerImpl.java:setRole(184)) - f6cfa8a2-85ff-4bb9-a246-101c53d2d47b@group-49E82E920F3F: changes role from CANDIDATE to FOLLOWER at term 134 for DISCOVERED_A_NEW_TERM
2019-10-25 11:07:53,322 [f6cfa8a2-85ff-4bb9-a246-101c53d2d47b@group-49E82E920F3F-LeaderElection551] INFO  impl.RoleInfo (RoleInfo.java:shutdownLeaderElection(134)) - f6cfa8a2-85ff-4bb9-a246-101c53d2d47b: shutdown LeaderElection
2019-10-25 11:07:53,322 [f6cfa8a2-85ff-4bb9-a246-101c53d2d47b@group-49E82E920F3F-LeaderElection551] INFO  impl.RoleInfo (RoleInfo.java:updateAndGet(143)) - f6cfa8a2-85ff-4bb9-a246-101c53d2d47b: start FollowerState
2019-10-25 11:07:53,484 [Thread-4673] INFO  impl.FollowerState (FollowerState.java:run(108)) - f6cfa8a2-85ff-4bb9-a246-101c53d2d47b@group-49E82E920F3F-FollowerState: change to CANDIDATE, lastRpcTime:162ms, electionTimeout:162ms
2019-10-25 11:07:53,484 [Thread-4673] INFO  impl.RoleInfo (RoleInfo.java:shutdownFollowerState(121)) - f6cfa8a2-85ff-4bb9-a246-101c53d2d47b: shutdown FollowerState
2019-10-25 11:07:53,485 [Thread-4673] INFO  impl.RaftServerImpl (RaftServerImpl.java:setRole(184)) - f6cfa8a2-85ff-4bb9-a246-101c53d2d47b@group-49E82E920F3F: changes role from  FOLLOWER to CANDIDATE at term 134 for changeToCandidate
2019-10-25 11:07:53,485 [Thread-4673] INFO  impl.RoleInfo (RoleInfo.java:updateAndGet(143)) - f6cfa8a2-85ff-4bb9-a246-101c53d2d47b: start LeaderElection
2019-10-25 11:07:53,511 [f6cfa8a2-85ff-4bb9-a246-101c53d2d47b@group-49E82E920F3F-LeaderElection552] INFO  impl.LeaderElection (LeaderElection.java:askForVotes(178)) - f6cfa8a2-85ff-4bb9-a246-101c53d2d47b@group-49E82E920F3F-LeaderElection552: begin an election at term 135 for -1: [7fad1e98-7a6b-4998-a30c-ec1ab88068bc:192.168.157.233:35716, bdb27072-dd00-4d3b-a7da-41600e490ca3:192.168.157.233:42906, f6cfa8a2-85ff-4bb9-a246-101c53d2d47b:192.168.157.233:44618], old=null
2019-10-25 11:07:53,514 [grpc-default-executor-7] INFO  impl.RaftServerImpl (RaftServerImpl.java:setRole(184)) - 7fad1e98-7a6b-4998-a30c-ec1ab88068bc@group-49E82E920F3F: changes role from  FOLLOWER to FOLLOWER at term 135 for recognizeCandidate:f6cfa8a2-85ff-4bb9-a246-101c53d2d47b
2019-10-25 11:07:53,514 [grpc-default-executor-7] INFO  impl.RoleInfo (RoleInfo.java:shutdownFollowerState(121)) - 7fad1e98-7a6b-4998-a30c-ec1ab88068bc: shutdown FollowerState
2019-10-25 11:07:53,514 [grpc-default-executor-1] INFO  impl.RaftServerImpl (RaftServerImpl.java:setRole(184)) - bdb27072-dd00-4d3b-a7da-41600e490ca3@group-49E82E920F3F: changes role from  FOLLOWER to FOLLOWER at term 135 for recognizeCandidate:f6cfa8a2-85ff-4bb9-a246-101c53d2d47b
2019-10-25 11:07:53,515 [Thread-4671] INFO  impl.FollowerState (FollowerState.java:run(117)) - 7fad1e98-7a6b-4998-a30c-ec1ab88068bc@group-49E82E920F3F-FollowerState was interrupted: java.lang.InterruptedException: sleep interrupted
2019-10-25 11:07:53,515 [grpc-default-executor-7] INFO  impl.RoleInfo (RoleInfo.java:updateAndGet(143)) - 7fad1e98-7a6b-4998-a30c-ec1ab88068bc: start FollowerState
2019-10-25 11:07:53,515 [grpc-default-executor-1] INFO  impl.RoleInfo (RoleInfo.java:shutdownFollowerState(121)) - bdb27072-dd00-4d3b-a7da-41600e490ca3: shutdown FollowerState
2019-10-25 11:07:53,515 [grpc-default-executor-1] INFO  impl.RoleInfo (RoleInfo.java:updateAndGet(143)) - bdb27072-dd00-4d3b-a7da-41600e490ca3: start FollowerState
2019-10-25 11:07:53,515 [Thread-4672] INFO  impl.FollowerState (FollowerState.java:run(117)) - bdb27072-dd00-4d3b-a7da-41600e490ca3@group-49E82E920F3F-FollowerState was interrupted: java.lang.InterruptedException: sleep interrupted
2019-10-25 11:07:53,529 [f6cfa8a2-85ff-4bb9-a246-101c53d2d47b@group-49E82E920F3F-LeaderElection552] INFO  impl.LeaderElection (LeaderElection.java:logAndReturn(56)) - f6cfa8a2-85ff-4bb9-a246-101c53d2d47b@group-49E82E920F3F-LeaderElection552: Election TIMEOUT; received 0 response(s) [] and 0 exception(s); f6cfa8a2-85ff-4bb9-a246-101c53d2d47b@group-49E82E920F3F:t135, leader=null, voted=f6cfa8a2-85ff-4bb9-a246-101c53d2d47b, raftlog=f6cfa8a2-85ff-4bb9-a246-101c53d2d47b@group-49E82E920F3F-SegmentedRaftLog:OPENED:c-1,f-1,i0, conf=-1: [7fad1e98-7a6b-4998-a30c-ec1ab88068bc:192.168.157.233:35716, bdb27072-dd00-4d3b-a7da-41600e490ca3:192.168.157.233:42906, f6cfa8a2-85ff-4bb9-a246-101c53d2d47b:192.168.157.233:44618], old=null
2019-10-25 11:07:53,542 [f6cfa8a2-85ff-4bb9-a246-101c53d2d47b@group-49E82E920F3F-LeaderElection552] INFO  impl.LeaderElection (LeaderElection.java:askForVotes(178)) - f6cfa8a2-85ff-4bb9-a246-101c53d2d47b@group-49E82E920F3F-LeaderElection552: begin an election at term 136 for -1: [7fad1e98-7a6b-4998-a30c-ec1ab88068bc:192.168.157.233:35716, bdb27072-dd00-4d3b-a7da-41600e490ca3:192.168.157.233:42906, f6cfa8a2-85ff-4bb9-a246-101c53d2d47b:192.168.157.233:44618], old=null
2019-10-25 11:07:53,543 [grpc-default-executor-7] INFO  impl.RaftServerImpl (RaftServerImpl.java:setRole(184)) - 7fad1e98-7a6b-4998-a30c-ec1ab88068bc@group-49E82E920F3F: changes role from  FOLLOWER to FOLLOWER at term 136 for recognizeCandidate:f6cfa8a2-85ff-4bb9-a246-101c53d2d47b
2019-10-25 11:07:53,543 [grpc-default-executor-7] INFO  impl.RoleInfo (RoleInfo.java:shutdownFollowerState(121)) - 7fad1e98-7a6b-4998-a30c-ec1ab88068bc: shutdown FollowerState
2019-10-25 11:07:53,543 [grpc-default-executor-7] INFO  impl.RoleInfo (RoleInfo.java:updateAndGet(143)) - 7fad1e98-7a6b-4998-a30c-ec1ab88068bc: start FollowerState
2019-10-25 11:07:53,543 [Thread-4679] INFO  impl.FollowerState (FollowerState.java:run(117)) - 7fad1e98-7a6b-4998-a30c-ec1ab88068bc@group-49E82E920F3F-FollowerState was interrupted: java.lang.InterruptedException: sleep interrupted
2019-10-25 11:07:53,544 [grpc-default-executor-1] INFO  impl.RaftServerImpl (RaftServerImpl.java:setRole(184)) - bdb27072-dd00-4d3b-a7da-41600e490ca3@group-49E82E920F3F: changes role from  FOLLOWER to FOLLOWER at term 136 for recognizeCandidate:f6cfa8a2-85ff-4bb9-a246-101c53d2d47b
2019-10-25 11:07:53,544 [grpc-default-executor-1] INFO  impl.RoleInfo (RoleInfo.java:shutdownFollowerState(121)) - bdb27072-dd00-4d3b-a7da-41600e490ca3: shutdown FollowerState
2019-10-25 11:07:53,544 [grpc-default-executor-1] INFO  impl.RoleInfo (RoleInfo.java:updateAndGet(143)) - bdb27072-dd00-4d3b-a7da-41600e490ca3: start FollowerState
2019-10-25 11:07:53,544 [Thread-4680] INFO  impl.FollowerState (FollowerState.java:run(117)) - bdb27072-dd00-4d3b-a7da-41600e490ca3@group-49E82E920F3F-FollowerState was interrupted: java.lang.InterruptedException: sleep interrupted
2019-10-25 11:07:53,558 [f6cfa8a2-85ff-4bb9-a246-101c53d2d47b@group-49E82E920F3F-LeaderElection552] INFO  impl.LeaderElection (LeaderElection.java:logAndReturn(56)) - f6cfa8a2-85ff-4bb9-a246-101c53d2d47b@group-49E82E920F3F-LeaderElection552: Election REJECTED; received 2 response(s) [f6cfa8a2-85ff-4bb9-a246-101c53d2d47b<-7fad1e98-7a6b-4998-a30c-ec1ab88068bc#0:FAIL-t136, f6cfa8a2-85ff-4bb9-a246-101c53d2d47b<-bdb27072-dd00-4d3b-a7da-41600e490ca3#0:FAIL-t136] and 0 exception(s); f6cfa8a2-85ff-4bb9-a246-101c53d2d47b@group-49E82E920F3F:t136, leader=null, voted=f6cfa8a2-85ff-4bb9-a246-101c53d2d47b, raftlog=f6cfa8a2-85ff-4bb9-a246-101c53d2d47b@group-49E82E920F3F-SegmentedRaftLog:OPENED:c-1,f-1,i0, conf=-1: [7fad1e98-7a6b-4998-a30c-ec1ab88068bc:192.168.157.233:35716, bdb27072-dd00-4d3b-a7da-41600e490ca3:192.168.157.233:42906, f6cfa8a2-85ff-4bb9-a246-101c53d2d47b:192.168.157.233:44618], old=null
2019-10-25 11:07:53,558 [f6cfa8a2-85ff-4bb9-a246-101c53d2d47b@group-49E82E920F3F-LeaderElection552] INFO  impl.RaftServerImpl (RaftServerImpl.java:setRole(184)) - f6cfa8a2-85ff-4bb9-a246-101c53d2d47b@group-49E82E920F3F: changes role from CANDIDATE to FOLLOWER at term 136 for DISCOVERED_A_NEW_TERM
2019-10-25 11:07:53,558 [f6cfa8a2-85ff-4bb9-a246-101c53d2d47b@group-49E82E920F3F-LeaderElection552] INFO  impl.RoleInfo (RoleInfo.java:shutdownLeaderElection(134)) - f6cfa8a2-85ff-4bb9-a246-101c53d2d47b: shutdown LeaderElection
2019-10-25 11:07:53,558 [f6cfa8a2-85ff-4bb9-a246-101c53d2d47b@group-49E82E920F3F-LeaderElection552] INFO  impl.RoleInfo (RoleInfo.java:updateAndGet(143)) - f6cfa8a2-85ff-4bb9-a246-101c53d2d47b: start FollowerState
2019-10-25 11:07:53,734 [Thread-4685] INFO  impl.FollowerState (FollowerState.java:run(108)) - f6cfa8a2-85ff-4bb9-a246-101c53d2d47b@group-49E82E920F3F-FollowerState: change to CANDIDATE, lastRpcTime:176ms, electionTimeout:176ms
2019-10-25 11:07:53,735 [Thread-4685] INFO  impl.RoleInfo (RoleInfo.java:shutdownFollowerState(121)) - f6cfa8a2-85ff-4bb9-a246-101c53d2d47b: shutdown FollowerState
2019-10-25 11:07:53,736 [Thread-4685] INFO  impl.RaftServerImpl (RaftServerImpl.java:setRole(184)) - f6cfa8a2-85ff-4bb9-a246-101c53d2d47b@group-49E82E920F3F: changes role from  FOLLOWER to CANDIDATE at term 136 for changeToCandidate
2019-10-25 11:07:53,736 [Thread-4685] INFO  impl.RoleInfo (RoleInfo.java:updateAndGet(143)) - f6cfa8a2-85ff-4bb9-a246-101c53d2d47b: start LeaderElection
2019-10-25 11:07:53,750 [f6cfa8a2-85ff-4bb9-a246-101c53d2d47b@group-49E82E920F3F-LeaderElection553] INFO  impl.LeaderElection (LeaderElection.java:askForVotes(178)) - f6cfa8a2-85ff-4bb9-a246-101c53d2d47b@group-49E82E920F3F-LeaderElection553: begin an election at term 137 for -1: [7fad1e98-7a6b-4998-a30c-ec1ab88068bc:192.168.157.233:35716, bdb27072-dd00-4d3b-a7da-41600e490ca3:192.168.157.233:42906, f6cfa8a2-85ff-4bb9-a246-101c53d2d47b:192.168.157.233:44618], old=null
2019-10-25 11:07:53,753 [grpc-default-executor-1] INFO  impl.RaftServerImpl (RaftServerImpl.java:setRole(184)) - 7fad1e98-7a6b-4998-a30c-ec1ab88068bc@group-49E82E920F3F: changes role from  FOLLOWER to FOLLOWER at term 137 for recognizeCandidate:f6cfa8a2-85ff-4bb9-a246-101c53d2d47b
2019-10-25 11:07:53,753 [grpc-default-executor-1] INFO  impl.RoleInfo (RoleInfo.java:shutdownFollowerState(121)) - 7fad1e98-7a6b-4998-a30c-ec1ab88068bc: shutdown FollowerState
2019-10-25 11:07:53,753 [grpc-default-executor-7] INFO  impl.RaftServerImpl (RaftServerImpl.java:setRole(184)) - bdb27072-dd00-4d3b-a7da-41600e490ca3@group-49E82E920F3F: changes role from  FOLLOWER to FOLLOWER at term 137 for recognizeCandidate:f6cfa8a2-85ff-4bb9-a246-101c53d2d47b
2019-10-25 11:07:53,753 [grpc-default-executor-7] INFO  impl.RoleInfo (RoleInfo.java:shutdownFollowerState(121)) - bdb27072-dd00-4d3b-a7da-41600e490ca3: shutdown FollowerState
2019-10-25 11:07:53,753 [grpc-default-executor-1] INFO  impl.RoleInfo (RoleInfo.java:updateAndGet(143)) - 7fad1e98-7a6b-4998-a30c-ec1ab88068bc: start FollowerState
2019-10-25 11:07:53,754 [Thread-4684] INFO  impl.FollowerState (FollowerState.java:run(117)) - bdb27072-dd00-4d3b-a7da-41600e490ca3@group-49E82E920F3F-FollowerState was interrupted: java.lang.InterruptedException: sleep interrupted
2019-10-25 11:07:53,753 [grpc-default-executor-7] INFO  impl.RoleInfo (RoleInfo.java:updateAndGet(143)) - bdb27072-dd00-4d3b-a7da-41600e490ca3: start FollowerState
2019-10-25 11:07:53,753 [Thread-4683] INFO  impl.FollowerState (FollowerState.java:run(117)) - 7fad1e98-7a6b-4998-a30c-ec1ab88068bc@group-49E82E920F3F-FollowerState was interrupted: java.lang.InterruptedException: sleep interrupted
2019-10-25 11:07:53,769 [f6cfa8a2-85ff-4bb9-a246-101c53d2d47b@group-49E82E920F3F-LeaderElection553] INFO  impl.LeaderElection (LeaderElection.java:logAndReturn(56)) - f6cfa8a2-85ff-4bb9-a246-101c53d2d47b@group-49E82E920F3F-LeaderElection553: Election REJECTED; received 2 response(s) [f6cfa8a2-85ff-4bb9-a246-101c53d2d47b<-7fad1e98-7a6b-4998-a30c-ec1ab88068bc#0:FAIL-t137, f6cfa8a2-85ff-4bb9-a246-101c53d2d47b<-bdb27072-dd00-4d3b-a7da-41600e490ca3#0:FAIL-t137] and 0 exception(s); f6cfa8a2-85ff-4bb9-a246-101c53d2d47b@group-49E82E920F3F:t137, leader=null, voted=f6cfa8a2-85ff-4bb9-a246-101c53d2d47b, raftlog=f6cfa8a2-85ff-4bb9-a246-101c53d2d47b@group-49E82E920F3F-SegmentedRaftLog:OPENED:c-1,f-1,i0, conf=-1: [7fad1e98-7a6b-4998-a30c-ec1ab88068bc:192.168.157.233:35716, bdb27072-dd00-4d3b-a7da-41600e490ca3:192.168.157.233:42906, f6cfa8a2-85ff-4bb9-a246-101c53d2d47b:192.168.157.233:44618], old=null
2019-10-25 11:07:53,769 [f6cfa8a2-85ff-4bb9-a246-101c53d2d47b@group-49E82E920F3F-LeaderElection553] INFO  impl.RaftServerImpl (RaftServerImpl.java:setRole(184)) - f6cfa8a2-85ff-4bb9-a246-101c53d2d47b@group-49E82E920F3F: changes role from CANDIDATE to FOLLOWER at term 137 for DISCOVERED_A_NEW_TERM
2019-10-25 11:07:53,769 [f6cfa8a2-85ff-4bb9-a246-101c53d2d47b@group-49E82E920F3F-LeaderElection553] INFO  impl.RoleInfo (RoleInfo.java:shutdownLeaderElection(134)) - f6cfa8a2-85ff-4bb9-a246-101c53d2d47b: shutdown LeaderElection
2019-10-25 11:07:53,769 [f6cfa8a2-85ff-4bb9-a246-101c53d2d47b@group-49E82E920F3F-LeaderElection553] INFO  impl.RoleInfo (RoleInfo.java:updateAndGet(143)) - f6cfa8a2-85ff-4bb9-a246-101c53d2d47b: start FollowerState
2019-10-25 11:07:53,814 [Thread-4693] INFO  impl.FollowerState (FollowerState.java:run(108)) - f6cfa8a2-85ff-4bb9-a246-101c53d2d47b@group-49E82E920F3F-FollowerState: change to CANDIDATE, lastRpcTime:45ms, electionTimeout:45ms
2019-10-25 11:07:53,814 [Thread-4693] INFO  impl.RoleInfo (RoleInfo.java:shutdownFollowerState(121)) - f6cfa8a2-85ff-4bb9-a246-101c53d2d47b: shutdown FollowerState
2019-10-25 11:07:53,814 [Thread-4693] INFO  impl.RaftServerImpl (RaftServerImpl.java:setRole(184)) - f6cfa8a2-85ff-4bb9-a246-101c53d2d47b@group-49E82E920F3F: changes role from  FOLLOWER to CANDIDATE at term 137 for changeToCandidate
2019-10-25 11:07:53,815 [Thread-4693] INFO  impl.RoleInfo (RoleInfo.java:updateAndGet(143)) - f6cfa8a2-85ff-4bb9-a246-101c53d2d47b: start LeaderElection
2019-10-25 11:07:53,828 [f6cfa8a2-85ff-4bb9-a246-101c53d2d47b@group-49E82E920F3F-LeaderElection554] INFO  impl.LeaderElection (LeaderElection.java:askForVotes(178)) - f6cfa8a2-85ff-4bb9-a246-101c53d2d47b@group-49E82E920F3F-LeaderElection554: begin an election at term 138 for -1: [7fad1e98-7a6b-4998-a30c-ec1ab88068bc:192.168.157.233:35716, bdb27072-dd00-4d3b-a7da-41600e490ca3:192.168.157.233:42906, f6cfa8a2-85ff-4bb9-a246-101c53d2d47b:192.168.157.233:44618], old=null
2019-10-25 11:07:53,830 [grpc-default-executor-7] INFO  impl.RaftServerImpl (RaftServerImpl.java:setRole(184)) - bdb27072-dd00-4d3b-a7da-41600e490ca3@group-49E82E920F3F: changes role from  FOLLOWER to FOLLOWER at term 138 for recognizeCandidate:f6cfa8a2-85ff-4bb9-a246-101c53d2d47b
2019-10-25 11:07:53,830 [grpc-default-executor-1] INFO  impl.RaftServerImpl (RaftServerImpl.java:setRole(184)) - 7fad1e98-7a6b-4998-a30c-ec1ab88068bc@group-49E82E920F3F: changes role from  FOLLOWER to FOLLOWER at term 138 for recognizeCandidate:f6cfa8a2-85ff-4bb9-a246-101c53d2d47b
2019-10-25 11:07:53,830 [grpc-default-executor-1] INFO  impl.RoleInfo (RoleInfo.java:shutdownFollowerState(121)) - 7fad1e98-7a6b-4998-a30c-ec1ab88068bc: shutdown FollowerState
2019-10-25 11:07:53,830 [grpc-default-executor-7] INFO  impl.RoleInfo (RoleInfo.java:shutdownFollowerState(121)) - bdb27072-dd00-4d3b-a7da-41600e490ca3: shutdown FollowerState
2019-10-25 11:07:53,830 [Thread-4691] INFO  impl.FollowerState (FollowerState.java:run(117)) - 7fad1e98-7a6b-4998-a30c-ec1ab88068bc@group-49E82E920F3F-FollowerState was interrupted: java.lang.InterruptedException: sleep interrupted
2019-10-25 11:07:53,830 [Thread-4692] INFO  impl.FollowerState (FollowerState.java:run(117)) - bdb27072-dd00-4d3b-a7da-41600e490ca3@group-49E82E920F3F-FollowerState was interrupted: java.lang.InterruptedException: sleep interrupted
2019-10-25 11:07:53,830 [grpc-default-executor-1] INFO  impl.RoleInfo (RoleInfo.java:updateAndGet(143)) - 7fad1e98-7a6b-4998-a30c-ec1ab88068bc: start FollowerState
2019-10-25 11:07:53,830 [grpc-default-executor-7] INFO  impl.RoleInfo (RoleInfo.java:updateAndGet(143)) - bdb27072-dd00-4d3b-a7da-41600e490ca3: start FollowerState
2019-10-25 11:07:53,845 [f6cfa8a2-85ff-4bb9-a246-101c53d2d47b@group-49E82E920F3F-LeaderElection554] INFO  impl.LeaderElection (LeaderElection.java:logAndReturn(56)) - f6cfa8a2-85ff-4bb9-a246-101c53d2d47b@group-49E82E920F3F-LeaderElection554: Election TIMEOUT; received 0 response(s) [] and 0 exception(s); f6cfa8a2-85ff-4bb9-a246-101c53d2d47b@group-49E82E920F3F:t138, leader=null, voted=f6cfa8a2-85ff-4bb9-a246-101c53d2d47b, raftlog=f6cfa8a2-85ff-4bb9-a246-101c53d2d47b@group-49E82E920F3F-SegmentedRaftLog:OPENED:c-1,f-1,i0, conf=-1: [7fad1e98-7a6b-4998-a30c-ec1ab88068bc:192.168.157.233:35716, bdb27072-dd00-4d3b-a7da-41600e490ca3:192.168.157.233:42906, f6cfa8a2-85ff-4bb9-a246-101c53d2d47b:192.168.157.233:44618], old=null
2019-10-25 11:07:53,858 [f6cfa8a2-85ff-4bb9-a246-101c53d2d47b@group-49E82E920F3F-LeaderElection554] INFO  impl.LeaderElection (LeaderElection.java:askForVotes(178)) - f6cfa8a2-85ff-4bb9-a246-101c53d2d47b@group-49E82E920F3F-LeaderElection554: begin an election at term 139 for -1: [7fad1e98-7a6b-4998-a30c-ec1ab88068bc:192.168.157.233:35716, bdb27072-dd00-4d3b-a7da-41600e490ca3:192.168.157.233:42906, f6cfa8a2-85ff-4bb9-a246-101c53d2d47b:192.168.157.233:44618], old=null
2019-10-25 11:07:53,858 [grpc-default-executor-1] INFO  impl.RaftServerImpl (RaftServerImpl.java:setRole(184)) - 7fad1e98-7a6b-4998-a30c-ec1ab88068bc@group-49E82E920F3F: changes role from  FOLLOWER to FOLLOWER at term 139 for recognizeCandidate:f6cfa8a2-85ff-4bb9-a246-101c53d2d47b
2019-10-25 11:07:53,859 [grpc-default-executor-1] INFO  impl.RoleInfo (RoleInfo.java:shutdownFollowerState(121)) - 7fad1e98-7a6b-4998-a30c-ec1ab88068bc: shutdown FollowerState
2019-10-25 11:07:53,859 [grpc-default-executor-7] INFO  impl.RaftServerImpl (RaftServerImpl.java:setRole(184)) - bdb27072-dd00-4d3b-a7da-41600e490ca3@group-49E82E920F3F: changes role from  FOLLOWER to FOLLOWER at term 139 for recognizeCandidate:f6cfa8a2-85ff-4bb9-a246-101c53d2d47b
2019-10-25 11:07:53,859 [grpc-default-executor-7] INFO  impl.RoleInfo (RoleInfo.java:shutdownFollowerState(121)) - bdb27072-dd00-4d3b-a7da-41600e490ca3: shutdown FollowerState
2019-10-25 11:07:53,859 [Thread-4697] INFO  impl.FollowerState (FollowerState.java:run(117)) - 7fad1e98-7a6b-4998-a30c-ec1ab88068bc@group-49E82E920F3F-FollowerState was interrupted: java.lang.InterruptedException: sleep interrupted
2019-10-25 11:07:53,859 [grpc-default-executor-1] INFO  impl.RoleInfo (RoleInfo.java:updateAndGet(143)) - 7fad1e98-7a6b-4998-a30c-ec1ab88068bc: start FollowerState
2019-10-25 11:07:53,859 [Thread-4698] INFO  impl.FollowerState (FollowerState.java:run(117)) - bdb27072-dd00-4d3b-a7da-41600e490ca3@group-49E82E920F3F-FollowerState was interrupted: java.lang.InterruptedException: sleep interrupted
2019-10-25 11:07:53,859 [grpc-default-executor-7] INFO  impl.RoleInfo (RoleInfo.java:updateAndGet(143)) - bdb27072-dd00-4d3b-a7da-41600e490ca3: start FollowerState
2019-10-25 11:07:53,873 [f6cfa8a2-85ff-4bb9-a246-101c53d2d47b@group-49E82E920F3F-LeaderElection554] INFO  impl.LeaderElection (LeaderElection.java:logAndReturn(56)) - f6cfa8a2-85ff-4bb9-a246-101c53d2d47b@group-49E82E920F3F-LeaderElection554: Election REJECTED; received 2 response(s) [f6cfa8a2-85ff-4bb9-a246-101c53d2d47b<-7fad1e98-7a6b-4998-a30c-ec1ab88068bc#0:FAIL-t139, f6cfa8a2-85ff-4bb9-a246-101c53d2d47b<-bdb27072-dd00-4d3b-a7da-41600e490ca3#0:FAIL-t139] and 0 exception(s); f6cfa8a2-85ff-4bb9-a246-101c53d2d47b@group-49E82E920F3F:t139, leader=null, voted=f6cfa8a2-85ff-4bb9-a246-101c53d2d47b, raftlog=f6cfa8a2-85ff-4bb9-a246-101c53d2d47b@group-49E82E920F3F-SegmentedRaftLog:OPENED:c-1,f-1,i0, conf=-1: [7fad1e98-7a6b-4998-a30c-ec1ab88068bc:192.168.157.233:35716, bdb27072-dd00-4d3b-a7da-41600e490ca3:192.168.157.233:42906, f6cfa8a2-85ff-4bb9-a246-101c53d2d47b:192.168.157.233:44618], old=null
2019-10-25 11:07:53,873 [f6cfa8a2-85ff-4bb9-a246-101c53d2d47b@group-49E82E920F3F-LeaderElection554] INFO  impl.RaftServerImpl (RaftServerImpl.java:setRole(184)) - f6cfa8a2-85ff-4bb9-a246-101c53d2d47b@group-49E82E920F3F: changes role from CANDIDATE to FOLLOWER at term 139 for DISCOVERED_A_NEW_TERM
2019-10-25 11:07:53,873 [f6cfa8a2-85ff-4bb9-a246-101c53d2d47b@group-49E82E920F3F-LeaderElection554] INFO  impl.RoleInfo (RoleInfo.java:shutdownLeaderElection(134)) - f6cfa8a2-85ff-4bb9-a246-101c53d2d47b: shutdown LeaderElection
2019-10-25 11:07:53,873 [f6cfa8a2-85ff-4bb9-a246-101c53d2d47b@group-49E82E920F3F-LeaderElection554] INFO  impl.RoleInfo (RoleInfo.java:updateAndGet(143)) - f6cfa8a2-85ff-4bb9-a246-101c53d2d47b: start FollowerState
2019-10-25 11:07:54,001 [Thread-4703] INFO  impl.FollowerState (FollowerState.java:run(108)) - f6cfa8a2-85ff-4bb9-a246-101c53d2d47b@group-49E82E920F3F-FollowerState: change to CANDIDATE, lastRpcTime:127ms, electionTimeout:127ms
2019-10-25 11:07:54,001 [Thread-4703] INFO  impl.RoleInfo (RoleInfo.java:shutdownFollowerState(121)) - f6cfa8a2-85ff-4bb9-a246-101c53d2d47b: shutdown FollowerState
2019-10-25 11:07:54,001 [Thread-4703] INFO  impl.RaftServerImpl (RaftServerImpl.java:setRole(184)) - f6cfa8a2-85ff-4bb9-a246-101c53d2d47b@group-49E82E920F3F: changes role from  FOLLOWER to CANDIDATE at term 139 for changeToCandidate
2019-10-25 11:07:54,001 [Thread-4703] INFO  impl.RoleInfo (RoleInfo.java:updateAndGet(143)) - f6cfa8a2-85ff-4bb9-a246-101c53d2d47b: start LeaderElection
2019-10-25 11:07:54,033 [f6cfa8a2-85ff-4bb9-a246-101c53d2d47b@group-49E82E920F3F-LeaderElection555] INFO  impl.LeaderElection (LeaderElection.java:askForVotes(178)) - f6cfa8a2-85ff-4bb9-a246-101c53d2d47b@group-49E82E920F3F-LeaderElection555: begin an election at term 140 for -1: [7fad1e98-7a6b-4998-a30c-ec1ab88068bc:192.168.157.233:35716, bdb27072-dd00-4d3b-a7da-41600e490ca3:192.168.157.233:42906, f6cfa8a2-85ff-4bb9-a246-101c53d2d47b:192.168.157.233:44618], old=null
2019-10-25 11:07:54,034 [grpc-default-executor-7] INFO  impl.RaftServerImpl (RaftServerImpl.java:setRole(184)) - 7fad1e98-7a6b-4998-a30c-ec1ab88068bc@group-49E82E920F3F: changes role from  FOLLOWER to FOLLOWER at term 140 for recognizeCandidate:f6cfa8a2-85ff-4bb9-a246-101c53d2d47b
2019-10-25 11:07:54,035 [grpc-default-executor-7] INFO  impl.RoleInfo (RoleInfo.java:shutdownFollowerState(121)) - 7fad1e98-7a6b-4998-a30c-ec1ab88068bc: shutdown FollowerState
2019-10-25 11:07:54,035 [grpc-default-executor-1] INFO  impl.RaftServerImpl (RaftServerImpl.java:setRole(184)) - bdb27072-dd00-4d3b-a7da-41600e490ca3@group-49E82E920F3F: changes role from  FOLLOWER to FOLLOWER at term 140 for recognizeCandidate:f6cfa8a2-85ff-4bb9-a246-101c53d2d47b
2019-10-25 11:07:54,035 [grpc-default-executor-1] INFO  impl.RoleInfo (RoleInfo.java:shutdownFollowerState(121)) - bdb27072-dd00-4d3b-a7da-41600e490ca3: shutdown FollowerState
2019-10-25 11:07:54,035 [grpc-default-executor-7] INFO  impl.RoleInfo (RoleInfo.java:updateAndGet(143)) - 7fad1e98-7a6b-4998-a30c-ec1ab88068bc: start FollowerState
2019-10-25 11:07:54,035 [grpc-default-executor-1] INFO  impl.RoleInfo (RoleInfo.java:updateAndGet(143)) - bdb27072-dd00-4d3b-a7da-41600e490ca3: start FollowerState
2019-10-25 11:07:54,035 [Thread-4702] INFO  impl.FollowerState (FollowerState.java:run(117)) - bdb27072-dd00-4d3b-a7da-41600e490ca3@group-49E82E920F3F-FollowerState was interrupted: java.lang.InterruptedException: sleep interrupted
2019-10-25 11:07:54,035 [Thread-4701] INFO  impl.FollowerState (FollowerState.java:run(117)) - 7fad1e98-7a6b-4998-a30c-ec1ab88068bc@group-49E82E920F3F-FollowerState was interrupted: java.lang.InterruptedException: sleep interrupted
2019-10-25 11:07:54,049 [f6cfa8a2-85ff-4bb9-a246-101c53d2d47b@group-49E82E920F3F-LeaderElection555] INFO  impl.LeaderElection (LeaderElection.java:logAndReturn(56)) - f6cfa8a2-85ff-4bb9-a246-101c53d2d47b@group-49E82E920F3F-LeaderElection555: Election REJECTED; received 2 response(s) [f6cfa8a2-85ff-4bb9-a246-101c53d2d47b<-7fad1e98-7a6b-4998-a30c-ec1ab88068bc#0:FAIL-t140, f6cfa8a2-85ff-4bb9-a246-101c53d2d47b<-bdb27072-dd00-4d3b-a7da-41600e490ca3#0:FAIL-t140] and 0 exception(s); f6cfa8a2-85ff-4bb9-a246-101c53d2d47b@group-49E82E920F3F:t140, leader=null, voted=f6cfa8a2-85ff-4bb9-a246-101c53d2d47b, raftlog=f6cfa8a2-85ff-4bb9-a246-101c53d2d47b@group-49E82E920F3F-SegmentedRaftLog:OPENED:c-1,f-1,i0, conf=-1: [7fad1e98-7a6b-4998-a30c-ec1ab88068bc:192.168.157.233:35716, bdb27072-dd00-4d3b-a7da-41600e490ca3:192.168.157.233:42906, f6cfa8a2-85ff-4bb9-a246-101c53d2d47b:192.168.157.233:44618], old=null
2019-10-25 11:07:54,049 [f6cfa8a2-85ff-4bb9-a246-101c53d2d47b@group-49E82E920F3F-LeaderElection555] INFO  impl.RaftServerImpl (RaftServerImpl.java:setRole(184)) - f6cfa8a2-85ff-4bb9-a246-101c53d2d47b@group-49E82E920F3F: changes role from CANDIDATE to FOLLOWER at term 140 for DISCOVERED_A_NEW_TERM
2019-10-25 11:07:54,049 [f6cfa8a2-85ff-4bb9-a246-101c53d2d47b@group-49E82E920F3F-LeaderElection555] INFO  impl.RoleInfo (RoleInfo.java:shutdownLeaderElection(134)) - f6cfa8a2-85ff-4bb9-a246-101c53d2d47b: shutdown LeaderElection
2019-10-25 11:07:54,049 [f6cfa8a2-85ff-4bb9-a246-101c53d2d47b@group-49E82E920F3F-LeaderElection555] INFO  impl.RoleInfo (RoleInfo.java:updateAndGet(143)) - f6cfa8a2-85ff-4bb9-a246-101c53d2d47b: start FollowerState
2019-10-25 11:07:54,242 [Thread-4711] INFO  impl.FollowerState (FollowerState.java:run(108)) - f6cfa8a2-85ff-4bb9-a246-101c53d2d47b@group-49E82E920F3F-FollowerState: change to CANDIDATE, lastRpcTime:192ms, electionTimeout:192ms
2019-10-25 11:07:54,242 [Thread-4711] INFO  impl.RoleInfo (RoleInfo.java:shutdownFollowerState(121)) - f6cfa8a2-85ff-4bb9-a246-101c53d2d47b: shutdown FollowerState
2019-10-25 11:07:54,242 [Thread-4711] INFO  impl.RaftServerImpl (RaftServerImpl.java:setRole(184)) - f6cfa8a2-85ff-4bb9-a246-101c53d2d47b@group-49E82E920F3F: changes role from  FOLLOWER to CANDIDATE at term 140 for changeToCandidate
2019-10-25 11:07:54,242 [Thread-4711] INFO  impl.RoleInfo (RoleInfo.java:updateAndGet(143)) - f6cfa8a2-85ff-4bb9-a246-101c53d2d47b: start LeaderElection
2019-10-25 11:07:54,256 [f6cfa8a2-85ff-4bb9-a246-101c53d2d47b@group-49E82E920F3F-LeaderElection556] INFO  impl.LeaderElection (LeaderElection.java:askForVotes(178)) - f6cfa8a2-85ff-4bb9-a246-101c53d2d47b@group-49E82E920F3F-LeaderElection556: begin an election at term 141 for -1: [7fad1e98-7a6b-4998-a30c-ec1ab88068bc:192.168.157.233:35716, bdb27072-dd00-4d3b-a7da-41600e490ca3:192.168.157.233:42906, f6cfa8a2-85ff-4bb9-a246-101c53d2d47b:192.168.157.233:44618], old=null
2019-10-25 11:07:54,258 [grpc-default-executor-7] INFO  impl.RaftServerImpl (RaftServerImpl.java:setRole(184)) - 7fad1e98-7a6b-4998-a30c-ec1ab88068bc@group-49E82E920F3F: changes role from  FOLLOWER to FOLLOWER at term 141 for recognizeCandidate:f6cfa8a2-85ff-4bb9-a246-101c53d2d47b
2019-10-25 11:07:54,258 [grpc-default-executor-7] INFO  impl.RoleInfo (RoleInfo.java:shutdownFollowerState(121)) - 7fad1e98-7a6b-4998-a30c-ec1ab88068bc: shutdown FollowerState
2019-10-25 11:07:54,258 [grpc-default-executor-1] INFO  impl.RaftServerImpl (RaftServerImpl.java:setRole(184)) - bdb27072-dd00-4d3b-a7da-41600e490ca3@group-49E82E920F3F: changes role from  FOLLOWER to FOLLOWER at term 141 for recognizeCandidate:f6cfa8a2-85ff-4bb9-a246-101c53d2d47b
2019-10-25 11:07:54,258 [grpc-default-executor-1] INFO  impl.RoleInfo (RoleInfo.java:shutdownFollowerState(121)) - bdb27072-dd00-4d3b-a7da-41600e490ca3: shutdown FollowerState
2019-10-25 11:07:54,258 [Thread-4709] INFO  impl.FollowerState (FollowerState.java:run(117)) - 7fad1e98-7a6b-4998-a30c-ec1ab88068bc@group-49E82E920F3F-FollowerState was interrupted: java.lang.InterruptedException: sleep interrupted
2019-10-25 11:07:54,258 [grpc-default-executor-7] INFO  impl.RoleInfo (RoleInfo.java:updateAndGet(143)) - 7fad1e98-7a6b-4998-a30c-ec1ab88068bc: start FollowerState
2019-10-25 11:07:54,258 [Thread-4710] INFO  impl.FollowerState (FollowerState.java:run(117)) - bdb27072-dd00-4d3b-a7da-41600e490ca3@group-49E82E920F3F-FollowerState was interrupted: java.lang.InterruptedException: sleep interrupted
2019-10-25 11:07:54,258 [grpc-default-executor-1] INFO  impl.RoleInfo (RoleInfo.java:updateAndGet(143)) - bdb27072-dd00-4d3b-a7da-41600e490ca3: start FollowerState
2019-10-25 11:07:54,275 [f6cfa8a2-85ff-4bb9-a246-101c53d2d47b@group-49E82E920F3F-LeaderElection556] INFO  impl.LeaderElection (LeaderElection.java:logAndReturn(56)) - f6cfa8a2-85ff-4bb9-a246-101c53d2d47b@group-49E82E920F3F-LeaderElection556: Election REJECTED; received 2 response(s) [f6cfa8a2-85ff-4bb9-a246-101c53d2d47b<-7fad1e98-7a6b-4998-a30c-ec1ab88068bc#0:FAIL-t141, f6cfa8a2-85ff-4bb9-a246-101c53d2d47b<-bdb27072-dd00-4d3b-a7da-41600e490ca3#0:FAIL-t141] and 0 exception(s); f6cfa8a2-85ff-4bb9-a246-101c53d2d47b@group-49E82E920F3F:t141, leader=null, voted=f6cfa8a2-85ff-4bb9-a246-101c53d2d47b, raftlog=f6cfa8a2-85ff-4bb9-a246-101c53d2d47b@group-49E82E920F3F-SegmentedRaftLog:OPENED:c-1,f-1,i0, conf=-1: [7fad1e98-7a6b-4998-a30c-ec1ab88068bc:192.168.157.233:35716, bdb27072-dd00-4d3b-a7da-41600e490ca3:192.168.157.233:42906, f6cfa8a2-85ff-4bb9-a246-101c53d2d47b:192.168.157.233:44618], old=null
2019-10-25 11:07:54,275 [f6cfa8a2-85ff-4bb9-a246-101c53d2d47b@group-49E82E920F3F-LeaderElection556] INFO  impl.RaftServerImpl (RaftServerImpl.java:setRole(184)) - f6cfa8a2-85ff-4bb9-a246-101c53d2d47b@group-49E82E920F3F: changes role from CANDIDATE to FOLLOWER at term 141 for DISCOVERED_A_NEW_TERM
2019-10-25 11:07:54,275 [f6cfa8a2-85ff-4bb9-a246-101c53d2d47b@group-49E82E920F3F-LeaderElection556] INFO  impl.RoleInfo (RoleInfo.java:shutdownLeaderElection(134)) - f6cfa8a2-85ff-4bb9-a246-101c53d2d47b: shutdown LeaderElection
2019-10-25 11:07:54,275 [f6cfa8a2-85ff-4bb9-a246-101c53d2d47b@group-49E82E920F3F-LeaderElection556] INFO  impl.RoleInfo (RoleInfo.java:updateAndGet(143)) - f6cfa8a2-85ff-4bb9-a246-101c53d2d47b: start FollowerState
2019-10-25 11:07:54,362 [Thread-4719] INFO  impl.FollowerState (FollowerState.java:run(108)) - f6cfa8a2-85ff-4bb9-a246-101c53d2d47b@group-49E82E920F3F-FollowerState: change to CANDIDATE, lastRpcTime:86ms, electionTimeout:86ms
2019-10-25 11:07:54,362 [Thread-4719] INFO  impl.RoleInfo (RoleInfo.java:shutdownFollowerState(121)) - f6cfa8a2-85ff-4bb9-a246-101c53d2d47b: shutdown FollowerState
2019-10-25 11:07:54,362 [Thread-4719] INFO  impl.RaftServerImpl (RaftServerImpl.java:setRole(184)) - f6cfa8a2-85ff-4bb9-a246-101c53d2d47b@group-49E82E920F3F: changes role from  FOLLOWER to CANDIDATE at term 141 for changeToCandidate
2019-10-25 11:07:54,362 [Thread-4719] INFO  impl.RoleInfo (RoleInfo.java:updateAndGet(143)) - f6cfa8a2-85ff-4bb9-a246-101c53d2d47b: start LeaderElection
2019-10-25 11:07:54,377 [f6cfa8a2-85ff-4bb9-a246-101c53d2d47b@group-49E82E920F3F-LeaderElection557] INFO  impl.LeaderElection (LeaderElection.java:askForVotes(178)) - f6cfa8a2-85ff-4bb9-a246-101c53d2d47b@group-49E82E920F3F-LeaderElection557: begin an election at term 142 for -1: [7fad1e98-7a6b-4998-a30c-ec1ab88068bc:192.168.157.233:35716, bdb27072-dd00-4d3b-a7da-41600e490ca3:192.168.157.233:42906, f6cfa8a2-85ff-4bb9-a246-101c53d2d47b:192.168.157.233:44618], old=null
2019-10-25 11:07:54,379 [grpc-default-executor-1] INFO  impl.RaftServerImpl (RaftServerImpl.java:setRole(184)) - bdb27072-dd00-4d3b-a7da-41600e490ca3@group-49E82E920F3F: changes role from  FOLLOWER to FOLLOWER at term 142 for recognizeCandidate:f6cfa8a2-85ff-4bb9-a246-101c53d2d47b
2019-10-25 11:07:54,379 [grpc-default-executor-7] INFO  impl.RaftServerImpl (RaftServerImpl.java:setRole(184)) - 7fad1e98-7a6b-4998-a30c-ec1ab88068bc@group-49E82E920F3F: changes role from  FOLLOWER to FOLLOWER at term 142 for recognizeCandidate:f6cfa8a2-85ff-4bb9-a246-101c53d2d47b
2019-10-25 11:07:54,380 [grpc-default-executor-1] INFO  impl.RoleInfo (RoleInfo.java:shutdownFollowerState(121)) - bdb27072-dd00-4d3b-a7da-41600e490ca3: shutdown FollowerState
2019-10-25 11:07:54,380 [grpc-default-executor-7] INFO  impl.RoleInfo (RoleInfo.java:shutdownFollowerState(121)) - 7fad1e98-7a6b-4998-a30c-ec1ab88068bc: shutdown FollowerState
2019-10-25 11:07:54,380 [Thread-4718] INFO  impl.FollowerState (FollowerState.java:run(117)) - bdb27072-dd00-4d3b-a7da-41600e490ca3@group-49E82E920F3F-FollowerState was interrupted: java.lang.InterruptedException: sleep interrupted
2019-10-25 11:07:54,380 [Thread-4717] INFO  impl.FollowerState (FollowerState.java:run(117)) - 7fad1e98-7a6b-4998-a30c-ec1ab88068bc@group-49E82E920F3F-FollowerState was interrupted: java.lang.InterruptedException: sleep interrupted
2019-10-25 11:07:54,380 [grpc-default-executor-1] INFO  impl.RoleInfo (RoleInfo.java:updateAndGet(143)) - bdb27072-dd00-4d3b-a7da-41600e490ca3: start FollowerState
2019-10-25 11:07:54,380 [grpc-default-executor-7] INFO  impl.RoleInfo (RoleInfo.java:updateAndGet(143)) - 7fad1e98-7a6b-4998-a30c-ec1ab88068bc: start FollowerState
2019-10-25 11:07:54,395 [f6cfa8a2-85ff-4bb9-a246-101c53d2d47b@group-49E82E920F3F-LeaderElection557] INFO  impl.LeaderElection (LeaderElection.java:logAndReturn(56)) - f6cfa8a2-85ff-4bb9-a246-101c53d2d47b@group-49E82E920F3F-LeaderElection557: Election REJECTED; received 2 response(s) [f6cfa8a2-85ff-4bb9-a246-101c53d2d47b<-7fad1e98-7a6b-4998-a30c-ec1ab88068bc#0:FAIL-t142, f6cfa8a2-85ff-4bb9-a246-101c53d2d47b<-bdb27072-dd00-4d3b-a7da-41600e490ca3#0:FAIL-t142] and 0 exception(s); f6cfa8a2-85ff-4bb9-a246-101c53d2d47b@group-49E82E920F3F:t142, leader=null, voted=f6cfa8a2-85ff-4bb9-a246-101c53d2d47b, raftlog=f6cfa8a2-85ff-4bb9-a246-101c53d2d47b@group-49E82E920F3F-SegmentedRaftLog:OPENED:c-1,f-1,i0, conf=-1: [7fad1e98-7a6b-4998-a30c-ec1ab88068bc:192.168.157.233:35716, bdb27072-dd00-4d3b-a7da-41600e490ca3:192.168.157.233:42906, f6cfa8a2-85ff-4bb9-a246-101c53d2d47b:192.168.157.233:44618], old=null
2019-10-25 11:07:54,395 [f6cfa8a2-85ff-4bb9-a246-101c53d2d47b@group-49E82E920F3F-LeaderElection557] INFO  impl.RaftServerImpl (RaftServerImpl.java:setRole(184)) - f6cfa8a2-85ff-4bb9-a246-101c53d2d47b@group-49E82E920F3F: changes role from CANDIDATE to FOLLOWER at term 142 for DISCOVERED_A_NEW_TERM
2019-10-25 11:07:54,395 [f6cfa8a2-85ff-4bb9-a246-101c53d2d47b@group-49E82E920F3F-LeaderElection557] INFO  impl.RoleInfo (RoleInfo.java:shutdownLeaderElection(134)) - f6cfa8a2-85ff-4bb9-a246-101c53d2d47b: shutdown LeaderElection
2019-10-25 11:07:54,395 [f6cfa8a2-85ff-4bb9-a246-101c53d2d47b@group-49E82E920F3F-LeaderElection557] INFO  impl.RoleInfo (RoleInfo.java:updateAndGet(143)) - f6cfa8a2-85ff-4bb9-a246-101c53d2d47b: start FollowerState
2019-10-25 11:07:54,457 [Thread-4725] INFO  impl.FollowerState (FollowerState.java:run(108)) - f6cfa8a2-85ff-4bb9-a246-101c53d2d47b@group-49E82E920F3F-FollowerState: change to CANDIDATE, lastRpcTime:61ms, electionTimeout:61ms
2019-10-25 11:07:54,457 [Thread-4725] INFO  impl.RoleInfo (RoleInfo.java:shutdownFollowerState(121)) - f6cfa8a2-85ff-4bb9-a246-101c53d2d47b: shutdown FollowerState
2019-10-25 11:07:54,457 [Thread-4725] INFO  impl.RaftServerImpl (RaftServerImpl.java:setRole(184)) - f6cfa8a2-85ff-4bb9-a246-101c53d2d47b@group-49E82E920F3F: changes role from  FOLLOWER to CANDIDATE at term 142 for changeToCandidate
2019-10-25 11:07:54,457 [Thread-4725] INFO  impl.RoleInfo (RoleInfo.java:updateAndGet(143)) - f6cfa8a2-85ff-4bb9-a246-101c53d2d47b: start LeaderElection
2019-10-25 11:07:54,479 [f6cfa8a2-85ff-4bb9-a246-101c53d2d47b@group-49E82E920F3F-LeaderElection558] INFO  impl.LeaderElection (LeaderElection.java:askForVotes(178)) - f6cfa8a2-85ff-4bb9-a246-101c53d2d47b@group-49E82E920F3F-LeaderElection558: begin an election at term 143 for -1: [7fad1e98-7a6b-4998-a30c-ec1ab88068bc:192.168.157.233:35716, bdb27072-dd00-4d3b-a7da-41600e490ca3:192.168.157.233:42906, f6cfa8a2-85ff-4bb9-a246-101c53d2d47b:192.168.157.233:44618], old=null
2019-10-25 11:07:54,481 [grpc-default-executor-7] INFO  impl.RaftServerImpl (RaftServerImpl.java:setRole(184)) - 7fad1e98-7a6b-4998-a30c-ec1ab88068bc@group-49E82E920F3F: changes role from  FOLLOWER to FOLLOWER at term 143 for recognizeCandidate:f6cfa8a2-85ff-4bb9-a246-101c53d2d47b
2019-10-25 11:07:54,481 [grpc-default-executor-1] INFO  impl.RaftServerImpl (RaftServerImpl.java:setRole(184)) - bdb27072-dd00-4d3b-a7da-41600e490ca3@group-49E82E920F3F: changes role from  FOLLOWER to FOLLOWER at term 143 for recognizeCandidate:f6cfa8a2-85ff-4bb9-a246-101c53d2d47b
2019-10-25 11:07:54,482 [grpc-default-executor-1] INFO  impl.RoleInfo (RoleInfo.java:shutdownFollowerState(121)) - bdb27072-dd00-4d3b-a7da-41600e490ca3: shutdown FollowerState
2019-10-25 11:07:54,482 [grpc-default-executor-7] INFO  impl.RoleInfo (RoleInfo.java:shutdownFollowerState(121)) - 7fad1e98-7a6b-4998-a30c-ec1ab88068bc: shutdown FollowerState
2019-10-25 11:07:54,482 [Thread-4723] INFO  impl.FollowerState (FollowerState.java:run(117)) - bdb27072-dd00-4d3b-a7da-41600e490ca3@group-49E82E920F3F-FollowerState was interrupted: java.lang.InterruptedException: sleep interrupted
2019-10-25 11:07:54,482 [grpc-default-executor-1] INFO  impl.RoleInfo (RoleInfo.java:updateAndGet(143)) - bdb27072-dd00-4d3b-a7da-41600e490ca3: start FollowerState
2019-10-25 11:07:54,482 [Thread-4724] INFO  impl.FollowerState (FollowerState.java:run(117)) - 7fad1e98-7a6b-4998-a30c-ec1ab88068bc@group-49E82E920F3F-FollowerState was interrupted: java.lang.InterruptedException: sleep interrupted
2019-10-25 11:07:54,482 [grpc-default-executor-7] INFO  impl.RoleInfo (RoleInfo.java:updateAndGet(143)) - 7fad1e98-7a6b-4998-a30c-ec1ab88068bc: start FollowerState
2019-10-25 11:07:54,496 [f6cfa8a2-85ff-4bb9-a246-101c53d2d47b@group-49E82E920F3F-LeaderElection558] INFO  impl.LeaderElection (LeaderElection.java:logAndReturn(56)) - f6cfa8a2-85ff-4bb9-a246-101c53d2d47b@group-49E82E920F3F-LeaderElection558: Election REJECTED; received 2 response(s) [f6cfa8a2-85ff-4bb9-a246-101c53d2d47b<-7fad1e98-7a6b-4998-a30c-ec1ab88068bc#0:FAIL-t143, f6cfa8a2-85ff-4bb9-a246-101c53d2d47b<-bdb27072-dd00-4d3b-a7da-41600e490ca3#0:FAIL-t143] and 0 exception(s); f6cfa8a2-85ff-4bb9-a246-101c53d2d47b@group-49E82E920F3F:t143, leader=null, voted=f6cfa8a2-85ff-4bb9-a246-101c53d2d47b, raftlog=f6cfa8a2-85ff-4bb9-a246-101c53d2d47b@group-49E82E920F3F-SegmentedRaftLog:OPENED:c-1,f-1,i0, conf=-1: [7fad1e98-7a6b-4998-a30c-ec1ab88068bc:192.168.157.233:35716, bdb27072-dd00-4d3b-a7da-41600e490ca3:192.168.157.233:42906, f6cfa8a2-85ff-4bb9-a246-101c53d2d47b:192.168.157.233:44618], old=null
2019-10-25 11:07:54,496 [f6cfa8a2-85ff-4bb9-a246-101c53d2d47b@group-49E82E920F3F-LeaderElection558] INFO  impl.RaftServerImpl (RaftServerImpl.java:setRole(184)) - f6cfa8a2-85ff-4bb9-a246-101c53d2d47b@group-49E82E920F3F: changes role from CANDIDATE to FOLLOWER at term 143 for DISCOVERED_A_NEW_TERM
2019-10-25 11:07:54,496 [f6cfa8a2-85ff-4bb9-a246-101c53d2d47b@group-49E82E920F3F-LeaderElection558] INFO  impl.RoleInfo (RoleInfo.java:shutdownLeaderElection(134)) - f6cfa8a2-85ff-4bb9-a246-101c53d2d47b: shutdown LeaderElection
2019-10-25 11:07:54,496 [f6cfa8a2-85ff-4bb9-a246-101c53d2d47b@group-49E82E920F3F-LeaderElection558] INFO  impl.RoleInfo (RoleInfo.java:updateAndGet(143)) - f6cfa8a2-85ff-4bb9-a246-101c53d2d47b: start FollowerState
2019-10-25 11:07:54,689 [Thread-4733] INFO  impl.FollowerState (FollowerState.java:run(108)) - f6cfa8a2-85ff-4bb9-a246-101c53d2d47b@group-49E82E920F3F-FollowerState: change to CANDIDATE, lastRpcTime:192ms, electionTimeout:192ms
2019-10-25 11:07:54,689 [Thread-4733] INFO  impl.RoleInfo (RoleInfo.java:shutdownFollowerState(121)) - f6cfa8a2-85ff-4bb9-a246-101c53d2d47b: shutdown FollowerState
2019-10-25 11:07:54,689 [Thread-4733] INFO  impl.RaftServerImpl (RaftServerImpl.java:setRole(184)) - f6cfa8a2-85ff-4bb9-a246-101c53d2d47b@group-49E82E920F3F: changes role from  FOLLOWER to CANDIDATE at term 143 for changeToCandidate
2019-10-25 11:07:54,689 [Thread-4733] INFO  impl.RoleInfo (RoleInfo.java:updateAndGet(143)) - f6cfa8a2-85ff-4bb9-a246-101c53d2d47b: start LeaderElection
2019-10-25 11:07:54,702 [f6cfa8a2-85ff-4bb9-a246-101c53d2d47b@group-49E82E920F3F-LeaderElection559] INFO  impl.LeaderElection (LeaderElection.java:askForVotes(178)) - f6cfa8a2-85ff-4bb9-a246-101c53d2d47b@group-49E82E920F3F-LeaderElection559: begin an election at term 144 for -1: [7fad1e98-7a6b-4998-a30c-ec1ab88068bc:192.168.157.233:35716, bdb27072-dd00-4d3b-a7da-41600e490ca3:192.168.157.233:42906, f6cfa8a2-85ff-4bb9-a246-101c53d2d47b:192.168.157.233:44618], old=null
2019-10-25 11:07:54,704 [grpc-default-executor-7] INFO  impl.RaftServerImpl (RaftServerImpl.java:setRole(184)) - bdb27072-dd00-4d3b-a7da-41600e490ca3@group-49E82E920F3F: changes role from  FOLLOWER to FOLLOWER at term 144 for recognizeCandidate:f6cfa8a2-85ff-4bb9-a246-101c53d2d47b
2019-10-25 11:07:54,704 [grpc-default-executor-1] INFO  impl.RaftServerImpl (RaftServerImpl.java:setRole(184)) - 7fad1e98-7a6b-4998-a30c-ec1ab88068bc@group-49E82E920F3F: changes role from  FOLLOWER to FOLLOWER at term 144 for recognizeCandidate:f6cfa8a2-85ff-4bb9-a246-101c53d2d47b
2019-10-25 11:07:54,704 [grpc-default-executor-7] INFO  impl.RoleInfo (RoleInfo.java:shutdownFollowerState(121)) - bdb27072-dd00-4d3b-a7da-41600e490ca3: shutdown FollowerState
2019-10-25 11:07:54,704 [grpc-default-executor-1] INFO  impl.RoleInfo (RoleInfo.java:shutdownFollowerState(121)) - 7fad1e98-7a6b-4998-a30c-ec1ab88068bc: shutdown FollowerState
2019-10-25 11:07:54,704 [grpc-default-executor-7] INFO  impl.RoleInfo (RoleInfo.java:updateAndGet(143)) - bdb27072-dd00-4d3b-a7da-41600e490ca3: start FollowerState
2019-10-25 11:07:54,704 [Thread-4732] INFO  impl.FollowerState (FollowerState.java:run(117)) - 7fad1e98-7a6b-4998-a30c-ec1ab88068bc@group-49E82E920F3F-FollowerState was interrupted: java.lang.InterruptedException: sleep interrupted
2019-10-25 11:07:54,704 [grpc-default-executor-1] INFO  impl.RoleInfo (RoleInfo.java:updateAndGet(143)) - 7fad1e98-7a6b-4998-a30c-ec1ab88068bc: start FollowerState
2019-10-25 11:07:54,704 [Thread-4731] INFO  impl.FollowerState (FollowerState.java:run(117)) - bdb27072-dd00-4d3b-a7da-41600e490ca3@group-49E82E920F3F-FollowerState was interrupted: java.lang.InterruptedException: sleep interrupted
2019-10-25 11:07:54,715 [main] INFO  ozoneimpl.OzoneContainer (OzoneContainer.java:stop(227)) - Attempting to stop container services.
2019-10-25 11:07:54,715 [ForkJoinPool.commonPool-worker-0] INFO  ozoneimpl.OzoneContainer (OzoneContainer.java:stop(227)) - Attempting to stop container services.
2019-10-25 11:07:54,716 [main] INFO  impl.RaftServerProxy (RaftServerProxy.java:lambda$close$4(314)) - 7fad1e98-7a6b-4998-a30c-ec1ab88068bc: close
2019-10-25 11:07:54,716 [ForkJoinPool.commonPool-worker-0] INFO  impl.RaftServerProxy (RaftServerProxy.java:lambda$close$4(314)) - e8f52f97-4cbf-4021-bc09-65b78a9dc21b: close
2019-10-25 11:07:54,716 [main] INFO  impl.RaftServerImpl (RaftServerImpl.java:lambda$shutdown$3(261)) - 7fad1e98-7a6b-4998-a30c-ec1ab88068bc@group-B2CF431F6C00: shutdown
2019-10-25 11:07:54,716 [ForkJoinPool.commonPool-worker-0] INFO  impl.RaftServerImpl (RaftServerImpl.java:lambda$shutdown$3(261)) - e8f52f97-4cbf-4021-bc09-65b78a9dc21b@group-016290E7A11E: shutdown
2019-10-25 11:07:54,717 [main] INFO  util.JmxRegister (JmxRegister.java:unregister(73)) - Successfully un-registered JMX Bean with object name Ratis:service=RaftServer,group=group-B2CF431F6C00,id=7fad1e98-7a6b-4998-a30c-ec1ab88068bc
2019-10-25 11:07:54,717 [ForkJoinPool.commonPool-worker-0] INFO  util.JmxRegister (JmxRegister.java:unregister(73)) - Successfully un-registered JMX Bean with object name Ratis:service=RaftServer,group=group-016290E7A11E,id=e8f52f97-4cbf-4021-bc09-65b78a9dc21b
2019-10-25 11:07:54,717 [main] INFO  impl.RoleInfo (RoleInfo.java:shutdownLeaderState(104)) - 7fad1e98-7a6b-4998-a30c-ec1ab88068bc: shutdown LeaderState
2019-10-25 11:07:54,717 [f6cfa8a2-85ff-4bb9-a246-101c53d2d47b@group-49E82E920F3F-LeaderElection559] INFO  impl.LeaderElection (LeaderElection.java:logAndReturn(56)) - f6cfa8a2-85ff-4bb9-a246-101c53d2d47b@group-49E82E920F3F-LeaderElection559: Election REJECTED; received 2 response(s) [f6cfa8a2-85ff-4bb9-a246-101c53d2d47b<-7fad1e98-7a6b-4998-a30c-ec1ab88068bc#0:FAIL-t144, f6cfa8a2-85ff-4bb9-a246-101c53d2d47b<-bdb27072-dd00-4d3b-a7da-41600e490ca3#0:FAIL-t144] and 0 exception(s); f6cfa8a2-85ff-4bb9-a246-101c53d2d47b@group-49E82E920F3F:t144, leader=null, voted=f6cfa8a2-85ff-4bb9-a246-101c53d2d47b, raftlog=f6cfa8a2-85ff-4bb9-a246-101c53d2d47b@group-49E82E920F3F-SegmentedRaftLog:OPENED:c-1,f-1,i0, conf=-1: [7fad1e98-7a6b-4998-a30c-ec1ab88068bc:192.168.157.233:35716, bdb27072-dd00-4d3b-a7da-41600e490ca3:192.168.157.233:42906, f6cfa8a2-85ff-4bb9-a246-101c53d2d47b:192.168.157.233:44618], old=null
2019-10-25 11:07:54,717 [main] INFO  impl.PendingRequests (PendingRequests.java:sendNotLeaderResponses(202)) - 7fad1e98-7a6b-4998-a30c-ec1ab88068bc@group-B2CF431F6C00-PendingRequests: sendNotLeaderResponses
2019-10-25 11:07:54,717 [ForkJoinPool.commonPool-worker-0] INFO  impl.RoleInfo (RoleInfo.java:shutdownLeaderState(104)) - e8f52f97-4cbf-4021-bc09-65b78a9dc21b: shutdown LeaderState
2019-10-25 11:07:54,718 [f6cfa8a2-85ff-4bb9-a246-101c53d2d47b@group-49E82E920F3F-LeaderElection559] INFO  impl.RaftServerImpl (RaftServerImpl.java:setRole(184)) - f6cfa8a2-85ff-4bb9-a246-101c53d2d47b@group-49E82E920F3F: changes role from CANDIDATE to FOLLOWER at term 144 for DISCOVERED_A_NEW_TERM
2019-10-25 11:07:54,718 [ForkJoinPool.commonPool-worker-0] INFO  impl.PendingRequests (PendingRequests.java:sendNotLeaderResponses(202)) - e8f52f97-4cbf-4021-bc09-65b78a9dc21b@group-016290E7A11E-PendingRequests: sendNotLeaderResponses
2019-10-25 11:07:54,718 [f6cfa8a2-85ff-4bb9-a246-101c53d2d47b@group-49E82E920F3F-LeaderElection559] INFO  impl.RoleInfo (RoleInfo.java:shutdownLeaderElection(134)) - f6cfa8a2-85ff-4bb9-a246-101c53d2d47b: shutdown LeaderElection
2019-10-25 11:07:54,718 [main] INFO  impl.StateMachineUpdater (StateMachineUpdater.java:stopAndJoin(136)) - 7fad1e98-7a6b-4998-a30c-ec1ab88068bc@group-B2CF431F6C00-StateMachineUpdater: set stopIndex = 0
2019-10-25 11:07:54,718 [f6cfa8a2-85ff-4bb9-a246-101c53d2d47b@group-49E82E920F3F-LeaderElection559] INFO  impl.RoleInfo (RoleInfo.java:updateAndGet(143)) - f6cfa8a2-85ff-4bb9-a246-101c53d2d47b: start FollowerState
2019-10-25 11:07:54,718 [ForkJoinPool.commonPool-worker-0] INFO  impl.StateMachineUpdater (StateMachineUpdater.java:stopAndJoin(136)) - e8f52f97-4cbf-4021-bc09-65b78a9dc21b@group-016290E7A11E-StateMachineUpdater: set stopIndex = 0
2019-10-25 11:07:54,719 [main] INFO  impl.RaftServerImpl (ServerState.java:close(388)) - 7fad1e98-7a6b-4998-a30c-ec1ab88068bc@group-B2CF431F6C00: closes. applyIndex: 0
2019-10-25 11:07:54,719 [ForkJoinPool.commonPool-worker-0] INFO  impl.RaftServerImpl (ServerState.java:close(388)) - e8f52f97-4cbf-4021-bc09-65b78a9dc21b@group-016290E7A11E: closes. applyIndex: 0
2019-10-25 11:07:54,720 [7fad1e98-7a6b-4998-a30c-ec1ab88068bc@group-B2CF431F6C00-SegmentedRaftLogWorker] INFO  segmented.SegmentedRaftLogWorker (SegmentedRaftLogWorker.java:run(316)) - 7fad1e98-7a6b-4998-a30c-ec1ab88068bc@group-B2CF431F6C00-SegmentedRaftLogWorker was interrupted, exiting. There are 0 tasks remaining in the queue.
2019-10-25 11:07:54,720 [e8f52f97-4cbf-4021-bc09-65b78a9dc21b@group-016290E7A11E-SegmentedRaftLogWorker] INFO  segmented.SegmentedRaftLogWorker (SegmentedRaftLogWorker.java:run(316)) - e8f52f97-4cbf-4021-bc09-65b78a9dc21b@group-016290E7A11E-SegmentedRaftLogWorker was interrupted, exiting. There are 0 tasks remaining in the queue.
2019-10-25 11:07:54,723 [main] INFO  segmented.SegmentedRaftLogWorker (SegmentedRaftLogWorker.java:close(224)) - 7fad1e98-7a6b-4998-a30c-ec1ab88068bc@group-B2CF431F6C00-SegmentedRaftLogWorker close()
2019-10-25 11:07:54,723 [ForkJoinPool.commonPool-worker-0] INFO  segmented.SegmentedRaftLogWorker (SegmentedRaftLogWorker.java:close(224)) - e8f52f97-4cbf-4021-bc09-65b78a9dc21b@group-016290E7A11E-SegmentedRaftLogWorker close()
2019-10-25 11:07:54,739 [main] INFO  impl.RaftServerImpl (RaftServerImpl.java:lambda$shutdown$3(261)) - 7fad1e98-7a6b-4998-a30c-ec1ab88068bc@group-49E82E920F3F: shutdown
2019-10-25 11:07:54,743 [ForkJoinPool.commonPool-worker-0] INFO  impl.RaftServerImpl (RaftServerImpl.java:lambda$shutdown$3(261)) - e8f52f97-4cbf-4021-bc09-65b78a9dc21b@group-B334D6EBB589: shutdown
2019-10-25 11:07:54,743 [main] INFO  util.JmxRegister (JmxRegister.java:unregister(73)) - Successfully un-registered JMX Bean with object name Ratis:service=RaftServer,group=group-49E82E920F3F,id=7fad1e98-7a6b-4998-a30c-ec1ab88068bc
2019-10-25 11:07:54,743 [main] INFO  impl.RoleInfo (RoleInfo.java:shutdownFollowerState(121)) - 7fad1e98-7a6b-4998-a30c-ec1ab88068bc: shutdown FollowerState
2019-10-25 11:07:54,743 [ForkJoinPool.commonPool-worker-0] INFO  util.JmxRegister (JmxRegister.java:unregister(73)) - Successfully un-registered JMX Bean with object name Ratis:service=RaftServer,group=group-B334D6EBB589,id=e8f52f97-4cbf-4021-bc09-65b78a9dc21b
2019-10-25 11:07:54,744 [Thread-4740] INFO  impl.FollowerState (FollowerState.java:run(117)) - 7fad1e98-7a6b-4998-a30c-ec1ab88068bc@group-49E82E920F3F-FollowerState was interrupted: java.lang.InterruptedException: sleep interrupted
2019-10-25 11:07:54,744 [main] INFO  impl.StateMachineUpdater (StateMachineUpdater.java:stopAndJoin(136)) - 7fad1e98-7a6b-4998-a30c-ec1ab88068bc@group-49E82E920F3F-StateMachineUpdater: set stopIndex = -1
2019-10-25 11:07:54,744 [ForkJoinPool.commonPool-worker-0] INFO  impl.RoleInfo (RoleInfo.java:shutdownFollowerState(121)) - e8f52f97-4cbf-4021-bc09-65b78a9dc21b: shutdown FollowerState
2019-10-25 11:07:54,744 [main] INFO  impl.RaftServerImpl (ServerState.java:close(388)) - 7fad1e98-7a6b-4998-a30c-ec1ab88068bc@group-49E82E920F3F: closes. applyIndex: -1
2019-10-25 11:07:54,745 [Thread-3670] INFO  impl.FollowerState (FollowerState.java:run(117)) - e8f52f97-4cbf-4021-bc09-65b78a9dc21b@group-B334D6EBB589-FollowerState was interrupted: java.lang.InterruptedException: sleep interrupted
2019-10-25 11:07:54,744 [ForkJoinPool.commonPool-worker-0] INFO  impl.StateMachineUpdater (StateMachineUpdater.java:stopAndJoin(136)) - e8f52f97-4cbf-4021-bc09-65b78a9dc21b@group-B334D6EBB589-StateMachineUpdater: set stopIndex = 0
2019-10-25 11:07:54,745 [7fad1e98-7a6b-4998-a30c-ec1ab88068bc@group-49E82E920F3F-SegmentedRaftLogWorker] INFO  segmented.SegmentedRaftLogWorker (SegmentedRaftLogWorker.java:run(316)) - 7fad1e98-7a6b-4998-a30c-ec1ab88068bc@group-49E82E920F3F-SegmentedRaftLogWorker was interrupted, exiting. There are 0 tasks remaining in the queue.
2019-10-25 11:07:54,745 [ForkJoinPool.commonPool-worker-0] INFO  impl.RaftServerImpl (ServerState.java:close(388)) - e8f52f97-4cbf-4021-bc09-65b78a9dc21b@group-B334D6EBB589: closes. applyIndex: 0
2019-10-25 11:07:54,747 [main] INFO  segmented.SegmentedRaftLogWorker (SegmentedRaftLogWorker.java:close(224)) - 7fad1e98-7a6b-4998-a30c-ec1ab88068bc@group-49E82E920F3F-SegmentedRaftLogWorker close()
2019-10-25 11:07:54,747 [e8f52f97-4cbf-4021-bc09-65b78a9dc21b@group-B334D6EBB589-SegmentedRaftLogWorker] INFO  segmented.SegmentedRaftLogWorker (SegmentedRaftLogWorker.java:run(316)) - e8f52f97-4cbf-4021-bc09-65b78a9dc21b@group-B334D6EBB589-SegmentedRaftLogWorker was interrupted, exiting. There are 0 tasks remaining in the queue.
2019-10-25 11:07:54,748 [main] INFO  server.GrpcService (GrpcService.java:closeImpl(164)) - 7fad1e98-7a6b-4998-a30c-ec1ab88068bc: shutdown server with port 35716 now
2019-10-25 11:07:54,750 [ForkJoinPool.commonPool-worker-0] INFO  segmented.SegmentedRaftLogWorker (SegmentedRaftLogWorker.java:close(224)) - e8f52f97-4cbf-4021-bc09-65b78a9dc21b@group-B334D6EBB589-SegmentedRaftLogWorker close()
2019-10-25 11:07:54,754 [ForkJoinPool.commonPool-worker-0] INFO  server.GrpcService (GrpcService.java:closeImpl(164)) - e8f52f97-4cbf-4021-bc09-65b78a9dc21b: shutdown server with port 35183 now
2019-10-25 11:07:54,755 [main] INFO  server.GrpcService (GrpcService.java:closeImpl(172)) - 7fad1e98-7a6b-4998-a30c-ec1ab88068bc: shutdown server with port 35716 successfully
2019-10-25 11:07:54,755 [ForkJoinPool.commonPool-worker-0] INFO  server.GrpcService (GrpcService.java:closeImpl(172)) - e8f52f97-4cbf-4021-bc09-65b78a9dc21b: shutdown server with port 35183 successfully
2019-10-25 11:07:54,755 [grpc-default-executor-9] WARN  server.GrpcLogAppender (LogUtils.java:warn(134)) - 8a2c850d-503a-4b6a-9325-357a6554e10c@group-B334D6EBB589->e8f52f97-4cbf-4021-bc09-65b78a9dc21b-AppendLogResponseHandler: Failed appendEntries: org.apache.ratis.thirdparty.io.grpc.StatusRuntimeException: CANCELLED: HTTP/2 error code: CANCEL
Received Rst Stream
2019-10-25 11:07:54,755 [grpc-default-executor-4] WARN  server.GrpcServerProtocolService (LogUtils.java:warn(134)) - e8f52f97-4cbf-4021-bc09-65b78a9dc21b: installSnapshot onError, lastRequest: 8a2c850d-503a-4b6a-9325-357a6554e10c->e8f52f97-4cbf-4021-bc09-65b78a9dc21b#35-t1, previous=(t:1, i:0), leaderCommit=0, initializing? false, entries: <empty>: org.apache.ratis.thirdparty.io.grpc.StatusRuntimeException: CANCELLED: cancelled before receiving half close
2019-10-25 11:07:54,759 [refreshUsed-/workdir/hadoop-ozone/integration-test/target/test-dir/MiniOzoneClusterImpl-0a85d326-9d58-4237-89dd-96557ce3dac1/datanode-2/data/containers] WARN  fs.CachingGetSpaceUsed (CachingGetSpaceUsed.java:run(183)) - Thread Interrupted waiting to refresh disk information: sleep interrupted
2019-10-25 11:07:54,764 [refreshUsed-/workdir/hadoop-ozone/integration-test/target/test-dir/MiniOzoneClusterImpl-0a85d326-9d58-4237-89dd-96557ce3dac1/datanode-5/data/containers] WARN  fs.CachingGetSpaceUsed (CachingGetSpaceUsed.java:run(183)) - Thread Interrupted waiting to refresh disk information: sleep interrupted
2019-10-25 11:07:54,774 [ForkJoinPool.commonPool-worker-0] INFO  utils.BackgroundService (BackgroundService.java:shutdown(151)) - Shutting down service BlockDeletingService
2019-10-25 11:07:54,781 [ForkJoinPool.commonPool-worker-0] INFO  statemachine.DatanodeStateMachine (DatanodeStateMachine.java:stopDaemon(395)) - Ozone container server stopped.
2019-10-25 11:07:54,788 [ForkJoinPool.commonPool-worker-0] INFO  handler.ContextHandler (ContextHandler.java:doStop(910)) - Stopped o.e.j.w.WebAppContext@4debbf0{/,null,UNAVAILABLE}{/hddsDatanode}
2019-10-25 11:07:54,788 [main] INFO  utils.BackgroundService (BackgroundService.java:shutdown(151)) - Shutting down service BlockDeletingService
2019-10-25 11:07:54,792 [main] INFO  statemachine.DatanodeStateMachine (DatanodeStateMachine.java:stopDaemon(395)) - Ozone container server stopped.
2019-10-25 11:07:54,793 [ForkJoinPool.commonPool-worker-0] INFO  server.AbstractConnector (AbstractConnector.java:doStop(318)) - Stopped ServerConnector@6a5e167a{HTTP/1.1,[http/1.1]}{0.0.0.0:0}
2019-10-25 11:07:54,794 [ForkJoinPool.commonPool-worker-0] INFO  handler.ContextHandler (ContextHandler.java:doStop(910)) - Stopped o.e.j.s.ServletContextHandler@7dcb42a9{/static,jar:file:/home/user/.m2/repository/org/apache/hadoop/hadoop-hdds-container-service/0.5.0-SNAPSHOT/hadoop-hdds-container-service-0.5.0-SNAPSHOT.jar!/webapps/static,UNAVAILABLE}
2019-10-25 11:07:54,796 [ForkJoinPool.commonPool-worker-0] INFO  handler.ContextHandler (ContextHandler.java:doStop(910)) - Stopped o.e.j.s.ServletContextHandler@152c4495{/logs,file:///workdir/hadoop-ozone/integration-test/target/log,UNAVAILABLE}
2019-10-25 11:07:54,796 [main] INFO  handler.ContextHandler (ContextHandler.java:doStop(910)) - Stopped o.e.j.w.WebAppContext@79f90a3a{/,null,UNAVAILABLE}{/hddsDatanode}
2019-10-25 11:07:54,797 [main] INFO  server.AbstractConnector (AbstractConnector.java:doStop(318)) - Stopped ServerConnector@22bdb1d0{HTTP/1.1,[http/1.1]}{0.0.0.0:0}
2019-10-25 11:07:54,797 [main] INFO  handler.ContextHandler (ContextHandler.java:doStop(910)) - Stopped o.e.j.s.ServletContextHandler@4519f676{/static,jar:file:/home/user/.m2/repository/org/apache/hadoop/hadoop-hdds-container-service/0.5.0-SNAPSHOT/hadoop-hdds-container-service-0.5.0-SNAPSHOT.jar!/webapps/static,UNAVAILABLE}
2019-10-25 11:07:54,798 [main] INFO  handler.ContextHandler (ContextHandler.java:doStop(910)) - Stopped o.e.j.s.ServletContextHandler@de81be1{/logs,file:///workdir/hadoop-ozone/integration-test/target/log,UNAVAILABLE}
2019-10-25 11:07:54,806 [Thread-4741] INFO  impl.FollowerState (FollowerState.java:run(108)) - f6cfa8a2-85ff-4bb9-a246-101c53d2d47b@group-49E82E920F3F-FollowerState: change to CANDIDATE, lastRpcTime:87ms, electionTimeout:87ms
2019-10-25 11:07:54,806 [Thread-4741] INFO  impl.RoleInfo (RoleInfo.java:shutdownFollowerState(121)) - f6cfa8a2-85ff-4bb9-a246-101c53d2d47b: shutdown FollowerState
2019-10-25 11:07:54,806 [Thread-4741] INFO  impl.RaftServerImpl (RaftServerImpl.java:setRole(184)) - f6cfa8a2-85ff-4bb9-a246-101c53d2d47b@group-49E82E920F3F: changes role from  FOLLOWER to CANDIDATE at term 144 for changeToCandidate
2019-10-25 11:07:54,806 [Thread-4741] INFO  impl.RoleInfo (RoleInfo.java:updateAndGet(143)) - f6cfa8a2-85ff-4bb9-a246-101c53d2d47b: start LeaderElection
2019-10-25 11:07:54,820 [f6cfa8a2-85ff-4bb9-a246-101c53d2d47b@group-49E82E920F3F-LeaderElection560] INFO  impl.LeaderElection (LeaderElection.java:askForVotes(178)) - f6cfa8a2-85ff-4bb9-a246-101c53d2d47b@group-49E82E920F3F-LeaderElection560: begin an election at term 145 for -1: [7fad1e98-7a6b-4998-a30c-ec1ab88068bc:192.168.157.233:35716, bdb27072-dd00-4d3b-a7da-41600e490ca3:192.168.157.233:42906, f6cfa8a2-85ff-4bb9-a246-101c53d2d47b:192.168.157.233:44618], old=null
2019-10-25 11:07:54,822 [grpc-default-executor-9] INFO  impl.RaftServerImpl (RaftServerImpl.java:setRole(184)) - bdb27072-dd00-4d3b-a7da-41600e490ca3@group-49E82E920F3F: changes role from  FOLLOWER to FOLLOWER at term 145 for recognizeCandidate:f6cfa8a2-85ff-4bb9-a246-101c53d2d47b
2019-10-25 11:07:54,822 [grpc-default-executor-9] INFO  impl.RoleInfo (RoleInfo.java:shutdownFollowerState(121)) - bdb27072-dd00-4d3b-a7da-41600e490ca3: shutdown FollowerState
2019-10-25 11:07:54,822 [grpc-default-executor-9] INFO  impl.RoleInfo (RoleInfo.java:updateAndGet(143)) - bdb27072-dd00-4d3b-a7da-41600e490ca3: start FollowerState
2019-10-25 11:07:54,822 [Thread-4739] INFO  impl.FollowerState (FollowerState.java:run(117)) - bdb27072-dd00-4d3b-a7da-41600e490ca3@group-49E82E920F3F-FollowerState was interrupted: java.lang.InterruptedException: sleep interrupted
2019-10-25 11:07:54,823 [f6cfa8a2-85ff-4bb9-a246-101c53d2d47b@group-49E82E920F3F-LeaderElection560] INFO  impl.LeaderElection (LogUtils.java:infoOrTrace(149)) - f6cfa8a2-85ff-4bb9-a246-101c53d2d47b@group-49E82E920F3F-LeaderElection560 got exception when requesting votes: {}
java.util.concurrent.ExecutionException: org.apache.ratis.thirdparty.io.grpc.StatusRuntimeException: UNAVAILABLE: io exception
	at java.util.concurrent.FutureTask.report(FutureTask.java:122)
	at java.util.concurrent.FutureTask.get(FutureTask.java:192)
	at org.apache.ratis.server.impl.LeaderElection.waitForResults(LeaderElection.java:259)
	at org.apache.ratis.server.impl.LeaderElection.askForVotes(LeaderElection.java:197)
	at org.apache.ratis.server.impl.LeaderElection.run(LeaderElection.java:133)
	at java.lang.Thread.run(Thread.java:748)
Caused by: org.apache.ratis.thirdparty.io.grpc.StatusRuntimeException: UNAVAILABLE: io exception
	at org.apache.ratis.thirdparty.io.grpc.stub.ClientCalls.toStatusRuntimeException(ClientCalls.java:233)
	at org.apache.ratis.thirdparty.io.grpc.stub.ClientCalls.getUnchecked(ClientCalls.java:214)
	at org.apache.ratis.thirdparty.io.grpc.stub.ClientCalls.blockingUnaryCall(ClientCalls.java:139)
	at org.apache.ratis.proto.grpc.RaftServerProtocolServiceGrpc$RaftServerProtocolServiceBlockingStub.requestVote(RaftServerProtocolServiceGrpc.java:265)
	at org.apache.ratis.grpc.server.GrpcServerProtocolClient.requestVote(GrpcServerProtocolClient.java:99)
	at org.apache.ratis.grpc.server.GrpcService.requestVote(GrpcService.java:204)
	at org.apache.ratis.server.impl.LeaderElection.lambda$submitRequests$1(LeaderElection.java:234)
	at java.util.concurrent.FutureTask.run(FutureTask.java:266)
	at java.util.concurrent.Executors$RunnableAdapter.call(Executors.java:511)
	at java.util.concurrent.FutureTask.run(FutureTask.java:266)
	at java.util.concurrent.ThreadPoolExecutor.runWorker(ThreadPoolExecutor.java:1149)
	at java.util.concurrent.ThreadPoolExecutor$Worker.run(ThreadPoolExecutor.java:624)
	... 1 more
Caused by: org.apache.ratis.thirdparty.io.netty.channel.AbstractChannel$AnnotatedConnectException: Connection refused: /192.168.157.233:35716
	at sun.nio.ch.SocketChannelImpl.checkConnect(Native Method)
	at sun.nio.ch.SocketChannelImpl.finishConnect(SocketChannelImpl.java:717)
	at org.apache.ratis.thirdparty.io.netty.channel.socket.nio.NioSocketChannel.doFinishConnect(NioSocketChannel.java:327)
	at org.apache.ratis.thirdparty.io.netty.channel.nio.AbstractNioChannel$AbstractNioUnsafe.finishConnect(AbstractNioChannel.java:340)
	at org.apache.ratis.thirdparty.io.netty.channel.nio.NioEventLoop.processSelectedKey(NioEventLoop.java:632)
	at org.apache.ratis.thirdparty.io.netty.channel.nio.NioEventLoop.processSelectedKeysOptimized(NioEventLoop.java:579)
	at org.apache.ratis.thirdparty.io.netty.channel.nio.NioEventLoop.processSelectedKeys(NioEventLoop.java:496)
	at org.apache.ratis.thirdparty.io.netty.channel.nio.NioEventLoop.run(NioEventLoop.java:458)
	at org.apache.ratis.thirdparty.io.netty.util.concurrent.SingleThreadEventExecutor$5.run(SingleThreadEventExecutor.java:897)
	at org.apache.ratis.thirdparty.io.netty.util.concurrent.FastThreadLocalRunnable.run(FastThreadLocalRunnable.java:30)
	... 1 more
Caused by: java.net.ConnectException: Connection refused
	... 11 more
2019-10-25 11:07:54,835 [f6cfa8a2-85ff-4bb9-a246-101c53d2d47b@group-49E82E920F3F-LeaderElection560] INFO  impl.LeaderElection (LeaderElection.java:logAndReturn(56)) - f6cfa8a2-85ff-4bb9-a246-101c53d2d47b@group-49E82E920F3F-LeaderElection560: Election REJECTED; received 1 response(s) [f6cfa8a2-85ff-4bb9-a246-101c53d2d47b<-bdb27072-dd00-4d3b-a7da-41600e490ca3#0:FAIL-t145] and 1 exception(s); f6cfa8a2-85ff-4bb9-a246-101c53d2d47b@group-49E82E920F3F:t145, leader=null, voted=f6cfa8a2-85ff-4bb9-a246-101c53d2d47b, raftlog=f6cfa8a2-85ff-4bb9-a246-101c53d2d47b@group-49E82E920F3F-SegmentedRaftLog:OPENED:c-1,f-1,i0, conf=-1: [7fad1e98-7a6b-4998-a30c-ec1ab88068bc:192.168.157.233:35716, bdb27072-dd00-4d3b-a7da-41600e490ca3:192.168.157.233:42906, f6cfa8a2-85ff-4bb9-a246-101c53d2d47b:192.168.157.233:44618], old=null
2019-10-25 11:07:54,836 [f6cfa8a2-85ff-4bb9-a246-101c53d2d47b@group-49E82E920F3F-LeaderElection560] INFO  impl.LeaderElection (LogUtils.java:infoOrTrace(149)) -   Exception 0: {}
java.util.concurrent.ExecutionException: org.apache.ratis.thirdparty.io.grpc.StatusRuntimeException: UNAVAILABLE: io exception
	at java.util.concurrent.FutureTask.report(FutureTask.java:122)
	at java.util.concurrent.FutureTask.get(FutureTask.java:192)
	at org.apache.ratis.server.impl.LeaderElection.waitForResults(LeaderElection.java:259)
	at org.apache.ratis.server.impl.LeaderElection.askForVotes(LeaderElection.java:197)
	at org.apache.ratis.server.impl.LeaderElection.run(LeaderElection.java:133)
	at java.lang.Thread.run(Thread.java:748)
Caused by: org.apache.ratis.thirdparty.io.grpc.StatusRuntimeException: UNAVAILABLE: io exception
	at org.apache.ratis.thirdparty.io.grpc.stub.ClientCalls.toStatusRuntimeException(ClientCalls.java:233)
	at org.apache.ratis.thirdparty.io.grpc.stub.ClientCalls.getUnchecked(ClientCalls.java:214)
	at org.apache.ratis.thirdparty.io.grpc.stub.ClientCalls.blockingUnaryCall(ClientCalls.java:139)
	at org.apache.ratis.proto.grpc.RaftServerProtocolServiceGrpc$RaftServerProtocolServiceBlockingStub.requestVote(RaftServerProtocolServiceGrpc.java:265)
	at org.apache.ratis.grpc.server.GrpcServerProtocolClient.requestVote(GrpcServerProtocolClient.java:99)
	at org.apache.ratis.grpc.server.GrpcService.requestVote(GrpcService.java:204)
	at org.apache.ratis.server.impl.LeaderElection.lambda$submitRequests$1(LeaderElection.java:234)
	at java.util.concurrent.FutureTask.run(FutureTask.java:266)
	at java.util.concurrent.Executors$RunnableAdapter.call(Executors.java:511)
	at java.util.concurrent.FutureTask.run(FutureTask.java:266)
	at java.util.concurrent.ThreadPoolExecutor.runWorker(ThreadPoolExecutor.java:1149)
	at java.util.concurrent.ThreadPoolExecutor$Worker.run(ThreadPoolExecutor.java:624)
	... 1 more
Caused by: org.apache.ratis.thirdparty.io.netty.channel.AbstractChannel$AnnotatedConnectException: Connection refused: /192.168.157.233:35716
	at sun.nio.ch.SocketChannelImpl.checkConnect(Native Method)
	at sun.nio.ch.SocketChannelImpl.finishConnect(SocketChannelImpl.java:717)
	at org.apache.ratis.thirdparty.io.netty.channel.socket.nio.NioSocketChannel.doFinishConnect(NioSocketChannel.java:327)
	at org.apache.ratis.thirdparty.io.netty.channel.nio.AbstractNioChannel$AbstractNioUnsafe.finishConnect(AbstractNioChannel.java:340)
	at org.apache.ratis.thirdparty.io.netty.channel.nio.NioEventLoop.processSelectedKey(NioEventLoop.java:632)
	at org.apache.ratis.thirdparty.io.netty.channel.nio.NioEventLoop.processSelectedKeysOptimized(NioEventLoop.java:579)
	at org.apache.ratis.thirdparty.io.netty.channel.nio.NioEventLoop.processSelectedKeys(NioEventLoop.java:496)
	at org.apache.ratis.thirdparty.io.netty.channel.nio.NioEventLoop.run(NioEventLoop.java:458)
	at org.apache.ratis.thirdparty.io.netty.util.concurrent.SingleThreadEventExecutor$5.run(SingleThreadEventExecutor.java:897)
	at org.apache.ratis.thirdparty.io.netty.util.concurrent.FastThreadLocalRunnable.run(FastThreadLocalRunnable.java:30)
	... 1 more
Caused by: java.net.ConnectException: Connection refused
	... 11 more
2019-10-25 11:07:54,836 [f6cfa8a2-85ff-4bb9-a246-101c53d2d47b@group-49E82E920F3F-LeaderElection560] INFO  impl.RaftServerImpl (RaftServerImpl.java:setRole(184)) - f6cfa8a2-85ff-4bb9-a246-101c53d2d47b@group-49E82E920F3F: changes role from CANDIDATE to FOLLOWER at term 145 for DISCOVERED_A_NEW_TERM
2019-10-25 11:07:54,836 [f6cfa8a2-85ff-4bb9-a246-101c53d2d47b@group-49E82E920F3F-LeaderElection560] INFO  impl.RoleInfo (RoleInfo.java:shutdownLeaderElection(134)) - f6cfa8a2-85ff-4bb9-a246-101c53d2d47b: shutdown LeaderElection
2019-10-25 11:07:54,836 [f6cfa8a2-85ff-4bb9-a246-101c53d2d47b@group-49E82E920F3F-LeaderElection560] INFO  impl.RoleInfo (RoleInfo.java:updateAndGet(143)) - f6cfa8a2-85ff-4bb9-a246-101c53d2d47b: start FollowerState
2019-10-25 11:07:54,989 [Thread-4746] INFO  impl.FollowerState (FollowerState.java:run(108)) - f6cfa8a2-85ff-4bb9-a246-101c53d2d47b@group-49E82E920F3F-FollowerState: change to CANDIDATE, lastRpcTime:153ms, electionTimeout:153ms
2019-10-25 11:07:54,989 [Thread-4746] INFO  impl.RoleInfo (RoleInfo.java:shutdownFollowerState(121)) - f6cfa8a2-85ff-4bb9-a246-101c53d2d47b: shutdown FollowerState
2019-10-25 11:07:54,990 [Thread-4746] INFO  impl.RaftServerImpl (RaftServerImpl.java:setRole(184)) - f6cfa8a2-85ff-4bb9-a246-101c53d2d47b@group-49E82E920F3F: changes role from  FOLLOWER to CANDIDATE at term 145 for changeToCandidate
2019-10-25 11:07:54,990 [Thread-4746] INFO  impl.RoleInfo (RoleInfo.java:updateAndGet(143)) - f6cfa8a2-85ff-4bb9-a246-101c53d2d47b: start LeaderElection
2019-10-25 11:07:55,003 [f6cfa8a2-85ff-4bb9-a246-101c53d2d47b@group-49E82E920F3F-LeaderElection561] INFO  impl.LeaderElection (LeaderElection.java:askForVotes(178)) - f6cfa8a2-85ff-4bb9-a246-101c53d2d47b@group-49E82E920F3F-LeaderElection561: begin an election at term 146 for -1: [7fad1e98-7a6b-4998-a30c-ec1ab88068bc:192.168.157.233:35716, bdb27072-dd00-4d3b-a7da-41600e490ca3:192.168.157.233:42906, f6cfa8a2-85ff-4bb9-a246-101c53d2d47b:192.168.157.233:44618], old=null
2019-10-25 11:07:55,004 [f6cfa8a2-85ff-4bb9-a246-101c53d2d47b@group-49E82E920F3F-LeaderElection561] INFO  impl.LeaderElection (LogUtils.java:infoOrTrace(149)) - f6cfa8a2-85ff-4bb9-a246-101c53d2d47b@group-49E82E920F3F-LeaderElection561 got exception when requesting votes: {}
java.util.concurrent.ExecutionException: org.apache.ratis.thirdparty.io.grpc.StatusRuntimeException: UNAVAILABLE: io exception
	at java.util.concurrent.FutureTask.report(FutureTask.java:122)
	at java.util.concurrent.FutureTask.get(FutureTask.java:192)
	at org.apache.ratis.server.impl.LeaderElection.waitForResults(LeaderElection.java:259)
	at org.apache.ratis.server.impl.LeaderElection.askForVotes(LeaderElection.java:197)
	at org.apache.ratis.server.impl.LeaderElection.run(LeaderElection.java:133)
	at java.lang.Thread.run(Thread.java:748)
Caused by: org.apache.ratis.thirdparty.io.grpc.StatusRuntimeException: UNAVAILABLE: io exception
	at org.apache.ratis.thirdparty.io.grpc.stub.ClientCalls.toStatusRuntimeException(ClientCalls.java:233)
	at org.apache.ratis.thirdparty.io.grpc.stub.ClientCalls.getUnchecked(ClientCalls.java:214)
	at org.apache.ratis.thirdparty.io.grpc.stub.ClientCalls.blockingUnaryCall(ClientCalls.java:139)
	at org.apache.ratis.proto.grpc.RaftServerProtocolServiceGrpc$RaftServerProtocolServiceBlockingStub.requestVote(RaftServerProtocolServiceGrpc.java:265)
	at org.apache.ratis.grpc.server.GrpcServerProtocolClient.requestVote(GrpcServerProtocolClient.java:99)
	at org.apache.ratis.grpc.server.GrpcService.requestVote(GrpcService.java:204)
	at org.apache.ratis.server.impl.LeaderElection.lambda$submitRequests$1(LeaderElection.java:234)
	at java.util.concurrent.FutureTask.run(FutureTask.java:266)
	at java.util.concurrent.Executors$RunnableAdapter.call(Executors.java:511)
	at java.util.concurrent.FutureTask.run(FutureTask.java:266)
	at java.util.concurrent.ThreadPoolExecutor.runWorker(ThreadPoolExecutor.java:1149)
	at java.util.concurrent.ThreadPoolExecutor$Worker.run(ThreadPoolExecutor.java:624)
	... 1 more
Caused by: org.apache.ratis.thirdparty.io.netty.channel.AbstractChannel$AnnotatedConnectException: Connection refused: /192.168.157.233:35716
	at sun.nio.ch.SocketChannelImpl.checkConnect(Native Method)
	at sun.nio.ch.SocketChannelImpl.finishConnect(SocketChannelImpl.java:717)
	at org.apache.ratis.thirdparty.io.netty.channel.socket.nio.NioSocketChannel.doFinishConnect(NioSocketChannel.java:327)
	at org.apache.ratis.thirdparty.io.netty.channel.nio.AbstractNioChannel$AbstractNioUnsafe.finishConnect(AbstractNioChannel.java:340)
	at org.apache.ratis.thirdparty.io.netty.channel.nio.NioEventLoop.processSelectedKey(NioEventLoop.java:632)
	at org.apache.ratis.thirdparty.io.netty.channel.nio.NioEventLoop.processSelectedKeysOptimized(NioEventLoop.java:579)
	at org.apache.ratis.thirdparty.io.netty.channel.nio.NioEventLoop.processSelectedKeys(NioEventLoop.java:496)
	at org.apache.ratis.thirdparty.io.netty.channel.nio.NioEventLoop.run(NioEventLoop.java:458)
	at org.apache.ratis.thirdparty.io.netty.util.concurrent.SingleThreadEventExecutor$5.run(SingleThreadEventExecutor.java:897)
	at org.apache.ratis.thirdparty.io.netty.util.concurrent.FastThreadLocalRunnable.run(FastThreadLocalRunnable.java:30)
	... 1 more
Caused by: java.net.ConnectException: Connection refused
	... 11 more
2019-10-25 11:07:55,006 [grpc-default-executor-9] INFO  impl.RaftServerImpl (RaftServerImpl.java:setRole(184)) - bdb27072-dd00-4d3b-a7da-41600e490ca3@group-49E82E920F3F: changes role from  FOLLOWER to FOLLOWER at term 146 for recognizeCandidate:f6cfa8a2-85ff-4bb9-a246-101c53d2d47b
2019-10-25 11:07:55,007 [grpc-default-executor-9] INFO  impl.RoleInfo (RoleInfo.java:shutdownFollowerState(121)) - bdb27072-dd00-4d3b-a7da-41600e490ca3: shutdown FollowerState
2019-10-25 11:07:55,007 [grpc-default-executor-9] INFO  impl.RoleInfo (RoleInfo.java:updateAndGet(143)) - bdb27072-dd00-4d3b-a7da-41600e490ca3: start FollowerState
2019-10-25 11:07:55,007 [Thread-4745] INFO  impl.FollowerState (FollowerState.java:run(117)) - bdb27072-dd00-4d3b-a7da-41600e490ca3@group-49E82E920F3F-FollowerState was interrupted: java.lang.InterruptedException: sleep interrupted
2019-10-25 11:07:55,021 [f6cfa8a2-85ff-4bb9-a246-101c53d2d47b@group-49E82E920F3F-LeaderElection561] INFO  impl.LeaderElection (LeaderElection.java:logAndReturn(56)) - f6cfa8a2-85ff-4bb9-a246-101c53d2d47b@group-49E82E920F3F-LeaderElection561: Election REJECTED; received 1 response(s) [f6cfa8a2-85ff-4bb9-a246-101c53d2d47b<-bdb27072-dd00-4d3b-a7da-41600e490ca3#0:FAIL-t146] and 1 exception(s); f6cfa8a2-85ff-4bb9-a246-101c53d2d47b@group-49E82E920F3F:t146, leader=null, voted=f6cfa8a2-85ff-4bb9-a246-101c53d2d47b, raftlog=f6cfa8a2-85ff-4bb9-a246-101c53d2d47b@group-49E82E920F3F-SegmentedRaftLog:OPENED:c-1,f-1,i0, conf=-1: [7fad1e98-7a6b-4998-a30c-ec1ab88068bc:192.168.157.233:35716, bdb27072-dd00-4d3b-a7da-41600e490ca3:192.168.157.233:42906, f6cfa8a2-85ff-4bb9-a246-101c53d2d47b:192.168.157.233:44618], old=null
2019-10-25 11:07:55,021 [f6cfa8a2-85ff-4bb9-a246-101c53d2d47b@group-49E82E920F3F-LeaderElection561] INFO  impl.LeaderElection (LogUtils.java:infoOrTrace(149)) -   Exception 0: {}
java.util.concurrent.ExecutionException: org.apache.ratis.thirdparty.io.grpc.StatusRuntimeException: UNAVAILABLE: io exception
	at java.util.concurrent.FutureTask.report(FutureTask.java:122)
	at java.util.concurrent.FutureTask.get(FutureTask.java:192)
	at org.apache.ratis.server.impl.LeaderElection.waitForResults(LeaderElection.java:259)
	at org.apache.ratis.server.impl.LeaderElection.askForVotes(LeaderElection.java:197)
	at org.apache.ratis.server.impl.LeaderElection.run(LeaderElection.java:133)
	at java.lang.Thread.run(Thread.java:748)
Caused by: org.apache.ratis.thirdparty.io.grpc.StatusRuntimeException: UNAVAILABLE: io exception
	at org.apache.ratis.thirdparty.io.grpc.stub.ClientCalls.toStatusRuntimeException(ClientCalls.java:233)
	at org.apache.ratis.thirdparty.io.grpc.stub.ClientCalls.getUnchecked(ClientCalls.java:214)
	at org.apache.ratis.thirdparty.io.grpc.stub.ClientCalls.blockingUnaryCall(ClientCalls.java:139)
	at org.apache.ratis.proto.grpc.RaftServerProtocolServiceGrpc$RaftServerProtocolServiceBlockingStub.requestVote(RaftServerProtocolServiceGrpc.java:265)
	at org.apache.ratis.grpc.server.GrpcServerProtocolClient.requestVote(GrpcServerProtocolClient.java:99)
	at org.apache.ratis.grpc.server.GrpcService.requestVote(GrpcService.java:204)
	at org.apache.ratis.server.impl.LeaderElection.lambda$submitRequests$1(LeaderElection.java:234)
	at java.util.concurrent.FutureTask.run(FutureTask.java:266)
	at java.util.concurrent.Executors$RunnableAdapter.call(Executors.java:511)
	at java.util.concurrent.FutureTask.run(FutureTask.java:266)
	at java.util.concurrent.ThreadPoolExecutor.runWorker(ThreadPoolExecutor.java:1149)
	at java.util.concurrent.ThreadPoolExecutor$Worker.run(ThreadPoolExecutor.java:624)
	... 1 more
Caused by: org.apache.ratis.thirdparty.io.netty.channel.AbstractChannel$AnnotatedConnectException: Connection refused: /192.168.157.233:35716
	at sun.nio.ch.SocketChannelImpl.checkConnect(Native Method)
	at sun.nio.ch.SocketChannelImpl.finishConnect(SocketChannelImpl.java:717)
	at org.apache.ratis.thirdparty.io.netty.channel.socket.nio.NioSocketChannel.doFinishConnect(NioSocketChannel.java:327)
	at org.apache.ratis.thirdparty.io.netty.channel.nio.AbstractNioChannel$AbstractNioUnsafe.finishConnect(AbstractNioChannel.java:340)
	at org.apache.ratis.thirdparty.io.netty.channel.nio.NioEventLoop.processSelectedKey(NioEventLoop.java:632)
	at org.apache.ratis.thirdparty.io.netty.channel.nio.NioEventLoop.processSelectedKeysOptimized(NioEventLoop.java:579)
	at org.apache.ratis.thirdparty.io.netty.channel.nio.NioEventLoop.processSelectedKeys(NioEventLoop.java:496)
	at org.apache.ratis.thirdparty.io.netty.channel.nio.NioEventLoop.run(NioEventLoop.java:458)
	at org.apache.ratis.thirdparty.io.netty.util.concurrent.SingleThreadEventExecutor$5.run(SingleThreadEventExecutor.java:897)
	at org.apache.ratis.thirdparty.io.netty.util.concurrent.FastThreadLocalRunnable.run(FastThreadLocalRunnable.java:30)
	... 1 more
Caused by: java.net.ConnectException: Connection refused
	... 11 more
2019-10-25 11:07:55,022 [f6cfa8a2-85ff-4bb9-a246-101c53d2d47b@group-49E82E920F3F-LeaderElection561] INFO  impl.RaftServerImpl (RaftServerImpl.java:setRole(184)) - f6cfa8a2-85ff-4bb9-a246-101c53d2d47b@group-49E82E920F3F: changes role from CANDIDATE to FOLLOWER at term 146 for DISCOVERED_A_NEW_TERM
2019-10-25 11:07:55,022 [f6cfa8a2-85ff-4bb9-a246-101c53d2d47b@group-49E82E920F3F-LeaderElection561] INFO  impl.RoleInfo (RoleInfo.java:shutdownLeaderElection(134)) - f6cfa8a2-85ff-4bb9-a246-101c53d2d47b: shutdown LeaderElection
2019-10-25 11:07:55,022 [f6cfa8a2-85ff-4bb9-a246-101c53d2d47b@group-49E82E920F3F-LeaderElection561] INFO  impl.RoleInfo (RoleInfo.java:updateAndGet(143)) - f6cfa8a2-85ff-4bb9-a246-101c53d2d47b: start FollowerState
2019-10-25 11:07:55,103 [Thread-4752] INFO  impl.FollowerState (FollowerState.java:run(108)) - f6cfa8a2-85ff-4bb9-a246-101c53d2d47b@group-49E82E920F3F-FollowerState: change to CANDIDATE, lastRpcTime:81ms, electionTimeout:81ms
2019-10-25 11:07:55,103 [Thread-4752] INFO  impl.RoleInfo (RoleInfo.java:shutdownFollowerState(121)) - f6cfa8a2-85ff-4bb9-a246-101c53d2d47b: shutdown FollowerState
2019-10-25 11:07:55,103 [Thread-4752] INFO  impl.RaftServerImpl (RaftServerImpl.java:setRole(184)) - f6cfa8a2-85ff-4bb9-a246-101c53d2d47b@group-49E82E920F3F: changes role from  FOLLOWER to CANDIDATE at term 146 for changeToCandidate
2019-10-25 11:07:55,104 [Thread-4752] INFO  impl.RoleInfo (RoleInfo.java:updateAndGet(143)) - f6cfa8a2-85ff-4bb9-a246-101c53d2d47b: start LeaderElection
2019-10-25 11:07:55,118 [f6cfa8a2-85ff-4bb9-a246-101c53d2d47b@group-49E82E920F3F-LeaderElection562] INFO  impl.LeaderElection (LeaderElection.java:askForVotes(178)) - f6cfa8a2-85ff-4bb9-a246-101c53d2d47b@group-49E82E920F3F-LeaderElection562: begin an election at term 147 for -1: [7fad1e98-7a6b-4998-a30c-ec1ab88068bc:192.168.157.233:35716, bdb27072-dd00-4d3b-a7da-41600e490ca3:192.168.157.233:42906, f6cfa8a2-85ff-4bb9-a246-101c53d2d47b:192.168.157.233:44618], old=null
2019-10-25 11:07:55,119 [f6cfa8a2-85ff-4bb9-a246-101c53d2d47b@group-49E82E920F3F-LeaderElection562] INFO  impl.LeaderElection (LogUtils.java:infoOrTrace(149)) - f6cfa8a2-85ff-4bb9-a246-101c53d2d47b@group-49E82E920F3F-LeaderElection562 got exception when requesting votes: {}
java.util.concurrent.ExecutionException: org.apache.ratis.thirdparty.io.grpc.StatusRuntimeException: UNAVAILABLE: io exception
	at java.util.concurrent.FutureTask.report(FutureTask.java:122)
	at java.util.concurrent.FutureTask.get(FutureTask.java:192)
	at org.apache.ratis.server.impl.LeaderElection.waitForResults(LeaderElection.java:259)
	at org.apache.ratis.server.impl.LeaderElection.askForVotes(LeaderElection.java:197)
	at org.apache.ratis.server.impl.LeaderElection.run(LeaderElection.java:133)
	at java.lang.Thread.run(Thread.java:748)
Caused by: org.apache.ratis.thirdparty.io.grpc.StatusRuntimeException: UNAVAILABLE: io exception
	at org.apache.ratis.thirdparty.io.grpc.stub.ClientCalls.toStatusRuntimeException(ClientCalls.java:233)
	at org.apache.ratis.thirdparty.io.grpc.stub.ClientCalls.getUnchecked(ClientCalls.java:214)
	at org.apache.ratis.thirdparty.io.grpc.stub.ClientCalls.blockingUnaryCall(ClientCalls.java:139)
	at org.apache.ratis.proto.grpc.RaftServerProtocolServiceGrpc$RaftServerProtocolServiceBlockingStub.requestVote(RaftServerProtocolServiceGrpc.java:265)
	at org.apache.ratis.grpc.server.GrpcServerProtocolClient.requestVote(GrpcServerProtocolClient.java:99)
	at org.apache.ratis.grpc.server.GrpcService.requestVote(GrpcService.java:204)
	at org.apache.ratis.server.impl.LeaderElection.lambda$submitRequests$1(LeaderElection.java:234)
	at java.util.concurrent.FutureTask.run(FutureTask.java:266)
	at java.util.concurrent.Executors$RunnableAdapter.call(Executors.java:511)
	at java.util.concurrent.FutureTask.run(FutureTask.java:266)
	at java.util.concurrent.ThreadPoolExecutor.runWorker(ThreadPoolExecutor.java:1149)
	at java.util.concurrent.ThreadPoolExecutor$Worker.run(ThreadPoolExecutor.java:624)
	... 1 more
Caused by: org.apache.ratis.thirdparty.io.netty.channel.AbstractChannel$AnnotatedConnectException: Connection refused: /192.168.157.233:35716
	at sun.nio.ch.SocketChannelImpl.checkConnect(Native Method)
	at sun.nio.ch.SocketChannelImpl.finishConnect(SocketChannelImpl.java:717)
	at org.apache.ratis.thirdparty.io.netty.channel.socket.nio.NioSocketChannel.doFinishConnect(NioSocketChannel.java:327)
	at org.apache.ratis.thirdparty.io.netty.channel.nio.AbstractNioChannel$AbstractNioUnsafe.finishConnect(AbstractNioChannel.java:340)
	at org.apache.ratis.thirdparty.io.netty.channel.nio.NioEventLoop.processSelectedKey(NioEventLoop.java:632)
	at org.apache.ratis.thirdparty.io.netty.channel.nio.NioEventLoop.processSelectedKeysOptimized(NioEventLoop.java:579)
	at org.apache.ratis.thirdparty.io.netty.channel.nio.NioEventLoop.processSelectedKeys(NioEventLoop.java:496)
	at org.apache.ratis.thirdparty.io.netty.channel.nio.NioEventLoop.run(NioEventLoop.java:458)
	at org.apache.ratis.thirdparty.io.netty.util.concurrent.SingleThreadEventExecutor$5.run(SingleThreadEventExecutor.java:897)
	at org.apache.ratis.thirdparty.io.netty.util.concurrent.FastThreadLocalRunnable.run(FastThreadLocalRunnable.java:30)
	... 1 more
Caused by: java.net.ConnectException: Connection refused
	... 11 more
2019-10-25 11:07:55,123 [grpc-default-executor-9] INFO  impl.RaftServerImpl (RaftServerImpl.java:setRole(184)) - bdb27072-dd00-4d3b-a7da-41600e490ca3@group-49E82E920F3F: changes role from  FOLLOWER to FOLLOWER at term 147 for recognizeCandidate:f6cfa8a2-85ff-4bb9-a246-101c53d2d47b
2019-10-25 11:07:55,123 [grpc-default-executor-9] INFO  impl.RoleInfo (RoleInfo.java:shutdownFollowerState(121)) - bdb27072-dd00-4d3b-a7da-41600e490ca3: shutdown FollowerState
2019-10-25 11:07:55,123 [grpc-default-executor-9] INFO  impl.RoleInfo (RoleInfo.java:updateAndGet(143)) - bdb27072-dd00-4d3b-a7da-41600e490ca3: start FollowerState
2019-10-25 11:07:55,123 [Thread-4751] INFO  impl.FollowerState (FollowerState.java:run(117)) - bdb27072-dd00-4d3b-a7da-41600e490ca3@group-49E82E920F3F-FollowerState was interrupted: java.lang.InterruptedException: sleep interrupted
2019-10-25 11:07:55,145 [f6cfa8a2-85ff-4bb9-a246-101c53d2d47b@group-49E82E920F3F-LeaderElection562] INFO  impl.LeaderElection (LeaderElection.java:logAndReturn(56)) - f6cfa8a2-85ff-4bb9-a246-101c53d2d47b@group-49E82E920F3F-LeaderElection562: Election REJECTED; received 1 response(s) [f6cfa8a2-85ff-4bb9-a246-101c53d2d47b<-bdb27072-dd00-4d3b-a7da-41600e490ca3#0:FAIL-t147] and 1 exception(s); f6cfa8a2-85ff-4bb9-a246-101c53d2d47b@group-49E82E920F3F:t147, leader=null, voted=f6cfa8a2-85ff-4bb9-a246-101c53d2d47b, raftlog=f6cfa8a2-85ff-4bb9-a246-101c53d2d47b@group-49E82E920F3F-SegmentedRaftLog:OPENED:c-1,f-1,i0, conf=-1: [7fad1e98-7a6b-4998-a30c-ec1ab88068bc:192.168.157.233:35716, bdb27072-dd00-4d3b-a7da-41600e490ca3:192.168.157.233:42906, f6cfa8a2-85ff-4bb9-a246-101c53d2d47b:192.168.157.233:44618], old=null
2019-10-25 11:07:55,145 [f6cfa8a2-85ff-4bb9-a246-101c53d2d47b@group-49E82E920F3F-LeaderElection562] INFO  impl.LeaderElection (LogUtils.java:infoOrTrace(149)) -   Exception 0: {}
java.util.concurrent.ExecutionException: org.apache.ratis.thirdparty.io.grpc.StatusRuntimeException: UNAVAILABLE: io exception
	at java.util.concurrent.FutureTask.report(FutureTask.java:122)
	at java.util.concurrent.FutureTask.get(FutureTask.java:192)
	at org.apache.ratis.server.impl.LeaderElection.waitForResults(LeaderElection.java:259)
	at org.apache.ratis.server.impl.LeaderElection.askForVotes(LeaderElection.java:197)
	at org.apache.ratis.server.impl.LeaderElection.run(LeaderElection.java:133)
	at java.lang.Thread.run(Thread.java:748)
Caused by: org.apache.ratis.thirdparty.io.grpc.StatusRuntimeException: UNAVAILABLE: io exception
	at org.apache.ratis.thirdparty.io.grpc.stub.ClientCalls.toStatusRuntimeException(ClientCalls.java:233)
	at org.apache.ratis.thirdparty.io.grpc.stub.ClientCalls.getUnchecked(ClientCalls.java:214)
	at org.apache.ratis.thirdparty.io.grpc.stub.ClientCalls.blockingUnaryCall(ClientCalls.java:139)
	at org.apache.ratis.proto.grpc.RaftServerProtocolServiceGrpc$RaftServerProtocolServiceBlockingStub.requestVote(RaftServerProtocolServiceGrpc.java:265)
	at org.apache.ratis.grpc.server.GrpcServerProtocolClient.requestVote(GrpcServerProtocolClient.java:99)
	at org.apache.ratis.grpc.server.GrpcService.requestVote(GrpcService.java:204)
	at org.apache.ratis.server.impl.LeaderElection.lambda$submitRequests$1(LeaderElection.java:234)
	at java.util.concurrent.FutureTask.run(FutureTask.java:266)
	at java.util.concurrent.Executors$RunnableAdapter.call(Executors.java:511)
	at java.util.concurrent.FutureTask.run(FutureTask.java:266)
	at java.util.concurrent.ThreadPoolExecutor.runWorker(ThreadPoolExecutor.java:1149)
	at java.util.concurrent.ThreadPoolExecutor$Worker.run(ThreadPoolExecutor.java:624)
	... 1 more
Caused by: org.apache.ratis.thirdparty.io.netty.channel.AbstractChannel$AnnotatedConnectException: Connection refused: /192.168.157.233:35716
	at sun.nio.ch.SocketChannelImpl.checkConnect(Native Method)
	at sun.nio.ch.SocketChannelImpl.finishConnect(SocketChannelImpl.java:717)
	at org.apache.ratis.thirdparty.io.netty.channel.socket.nio.NioSocketChannel.doFinishConnect(NioSocketChannel.java:327)
	at org.apache.ratis.thirdparty.io.netty.channel.nio.AbstractNioChannel$AbstractNioUnsafe.finishConnect(AbstractNioChannel.java:340)
	at org.apache.ratis.thirdparty.io.netty.channel.nio.NioEventLoop.processSelectedKey(NioEventLoop.java:632)
	at org.apache.ratis.thirdparty.io.netty.channel.nio.NioEventLoop.processSelectedKeysOptimized(NioEventLoop.java:579)
	at org.apache.ratis.thirdparty.io.netty.channel.nio.NioEventLoop.processSelectedKeys(NioEventLoop.java:496)
	at org.apache.ratis.thirdparty.io.netty.channel.nio.NioEventLoop.run(NioEventLoop.java:458)
	at org.apache.ratis.thirdparty.io.netty.util.concurrent.SingleThreadEventExecutor$5.run(SingleThreadEventExecutor.java:897)
	at org.apache.ratis.thirdparty.io.netty.util.concurrent.FastThreadLocalRunnable.run(FastThreadLocalRunnable.java:30)
	... 1 more
Caused by: java.net.ConnectException: Connection refused
	... 11 more
2019-10-25 11:07:55,146 [f6cfa8a2-85ff-4bb9-a246-101c53d2d47b@group-49E82E920F3F-LeaderElection562] INFO  impl.RaftServerImpl (RaftServerImpl.java:setRole(184)) - f6cfa8a2-85ff-4bb9-a246-101c53d2d47b@group-49E82E920F3F: changes role from CANDIDATE to FOLLOWER at term 147 for DISCOVERED_A_NEW_TERM
2019-10-25 11:07:55,146 [f6cfa8a2-85ff-4bb9-a246-101c53d2d47b@group-49E82E920F3F-LeaderElection562] INFO  impl.RoleInfo (RoleInfo.java:shutdownLeaderElection(134)) - f6cfa8a2-85ff-4bb9-a246-101c53d2d47b: shutdown LeaderElection
2019-10-25 11:07:55,146 [f6cfa8a2-85ff-4bb9-a246-101c53d2d47b@group-49E82E920F3F-LeaderElection562] INFO  impl.RoleInfo (RoleInfo.java:updateAndGet(143)) - f6cfa8a2-85ff-4bb9-a246-101c53d2d47b: start FollowerState
2019-10-25 11:07:55,301 [Thread-4757] INFO  impl.FollowerState (FollowerState.java:run(108)) - f6cfa8a2-85ff-4bb9-a246-101c53d2d47b@group-49E82E920F3F-FollowerState: change to CANDIDATE, lastRpcTime:155ms, electionTimeout:155ms
2019-10-25 11:07:55,301 [Thread-4757] INFO  impl.RoleInfo (RoleInfo.java:shutdownFollowerState(121)) - f6cfa8a2-85ff-4bb9-a246-101c53d2d47b: shutdown FollowerState
2019-10-25 11:07:55,301 [Thread-4757] INFO  impl.RaftServerImpl (RaftServerImpl.java:setRole(184)) - f6cfa8a2-85ff-4bb9-a246-101c53d2d47b@group-49E82E920F3F: changes role from  FOLLOWER to CANDIDATE at term 147 for changeToCandidate
2019-10-25 11:07:55,302 [Thread-4757] INFO  impl.RoleInfo (RoleInfo.java:updateAndGet(143)) - f6cfa8a2-85ff-4bb9-a246-101c53d2d47b: start LeaderElection
2019-10-25 11:07:55,317 [f6cfa8a2-85ff-4bb9-a246-101c53d2d47b@group-49E82E920F3F-LeaderElection563] INFO  impl.LeaderElection (LeaderElection.java:askForVotes(178)) - f6cfa8a2-85ff-4bb9-a246-101c53d2d47b@group-49E82E920F3F-LeaderElection563: begin an election at term 148 for -1: [7fad1e98-7a6b-4998-a30c-ec1ab88068bc:192.168.157.233:35716, bdb27072-dd00-4d3b-a7da-41600e490ca3:192.168.157.233:42906, f6cfa8a2-85ff-4bb9-a246-101c53d2d47b:192.168.157.233:44618], old=null
2019-10-25 11:07:55,318 [f6cfa8a2-85ff-4bb9-a246-101c53d2d47b@group-49E82E920F3F-LeaderElection563] INFO  impl.LeaderElection (LogUtils.java:infoOrTrace(149)) - f6cfa8a2-85ff-4bb9-a246-101c53d2d47b@group-49E82E920F3F-LeaderElection563 got exception when requesting votes: {}
java.util.concurrent.ExecutionException: org.apache.ratis.thirdparty.io.grpc.StatusRuntimeException: UNAVAILABLE: io exception
	at java.util.concurrent.FutureTask.report(FutureTask.java:122)
	at java.util.concurrent.FutureTask.get(FutureTask.java:192)
	at org.apache.ratis.server.impl.LeaderElection.waitForResults(LeaderElection.java:259)
	at org.apache.ratis.server.impl.LeaderElection.askForVotes(LeaderElection.java:197)
	at org.apache.ratis.server.impl.LeaderElection.run(LeaderElection.java:133)
	at java.lang.Thread.run(Thread.java:748)
Caused by: org.apache.ratis.thirdparty.io.grpc.StatusRuntimeException: UNAVAILABLE: io exception
	at org.apache.ratis.thirdparty.io.grpc.stub.ClientCalls.toStatusRuntimeException(ClientCalls.java:233)
	at org.apache.ratis.thirdparty.io.grpc.stub.ClientCalls.getUnchecked(ClientCalls.java:214)
	at org.apache.ratis.thirdparty.io.grpc.stub.ClientCalls.blockingUnaryCall(ClientCalls.java:139)
	at org.apache.ratis.proto.grpc.RaftServerProtocolServiceGrpc$RaftServerProtocolServiceBlockingStub.requestVote(RaftServerProtocolServiceGrpc.java:265)
	at org.apache.ratis.grpc.server.GrpcServerProtocolClient.requestVote(GrpcServerProtocolClient.java:99)
	at org.apache.ratis.grpc.server.GrpcService.requestVote(GrpcService.java:204)
	at org.apache.ratis.server.impl.LeaderElection.lambda$submitRequests$1(LeaderElection.java:234)
	at java.util.concurrent.FutureTask.run(FutureTask.java:266)
	at java.util.concurrent.Executors$RunnableAdapter.call(Executors.java:511)
	at java.util.concurrent.FutureTask.run(FutureTask.java:266)
	at java.util.concurrent.ThreadPoolExecutor.runWorker(ThreadPoolExecutor.java:1149)
	at java.util.concurrent.ThreadPoolExecutor$Worker.run(ThreadPoolExecutor.java:624)
	... 1 more
Caused by: org.apache.ratis.thirdparty.io.netty.channel.AbstractChannel$AnnotatedConnectException: Connection refused: /192.168.157.233:35716
	at sun.nio.ch.SocketChannelImpl.checkConnect(Native Method)
	at sun.nio.ch.SocketChannelImpl.finishConnect(SocketChannelImpl.java:717)
	at org.apache.ratis.thirdparty.io.netty.channel.socket.nio.NioSocketChannel.doFinishConnect(NioSocketChannel.java:327)
	at org.apache.ratis.thirdparty.io.netty.channel.nio.AbstractNioChannel$AbstractNioUnsafe.finishConnect(AbstractNioChannel.java:340)
	at org.apache.ratis.thirdparty.io.netty.channel.nio.NioEventLoop.processSelectedKey(NioEventLoop.java:632)
	at org.apache.ratis.thirdparty.io.netty.channel.nio.NioEventLoop.processSelectedKeysOptimized(NioEventLoop.java:579)
	at org.apache.ratis.thirdparty.io.netty.channel.nio.NioEventLoop.processSelectedKeys(NioEventLoop.java:496)
	at org.apache.ratis.thirdparty.io.netty.channel.nio.NioEventLoop.run(NioEventLoop.java:458)
	at org.apache.ratis.thirdparty.io.netty.util.concurrent.SingleThreadEventExecutor$5.run(SingleThreadEventExecutor.java:897)
	at org.apache.ratis.thirdparty.io.netty.util.concurrent.FastThreadLocalRunnable.run(FastThreadLocalRunnable.java:30)
	... 1 more
Caused by: java.net.ConnectException: Connection refused
	... 11 more
2019-10-25 11:07:55,321 [grpc-default-executor-9] INFO  impl.RaftServerImpl (RaftServerImpl.java:setRole(184)) - bdb27072-dd00-4d3b-a7da-41600e490ca3@group-49E82E920F3F: changes role from  FOLLOWER to FOLLOWER at term 148 for recognizeCandidate:f6cfa8a2-85ff-4bb9-a246-101c53d2d47b
2019-10-25 11:07:55,321 [grpc-default-executor-9] INFO  impl.RoleInfo (RoleInfo.java:shutdownFollowerState(121)) - bdb27072-dd00-4d3b-a7da-41600e490ca3: shutdown FollowerState
2019-10-25 11:07:55,321 [grpc-default-executor-9] INFO  impl.RoleInfo (RoleInfo.java:updateAndGet(143)) - bdb27072-dd00-4d3b-a7da-41600e490ca3: start FollowerState
2019-10-25 11:07:55,321 [Thread-4756] INFO  impl.FollowerState (FollowerState.java:run(117)) - bdb27072-dd00-4d3b-a7da-41600e490ca3@group-49E82E920F3F-FollowerState was interrupted: java.lang.InterruptedException: sleep interrupted
2019-10-25 11:07:55,345 [f6cfa8a2-85ff-4bb9-a246-101c53d2d47b@group-49E82E920F3F-LeaderElection563] INFO  impl.LeaderElection (LeaderElection.java:logAndReturn(56)) - f6cfa8a2-85ff-4bb9-a246-101c53d2d47b@group-49E82E920F3F-LeaderElection563: Election REJECTED; received 1 response(s) [f6cfa8a2-85ff-4bb9-a246-101c53d2d47b<-bdb27072-dd00-4d3b-a7da-41600e490ca3#0:FAIL-t148] and 1 exception(s); f6cfa8a2-85ff-4bb9-a246-101c53d2d47b@group-49E82E920F3F:t148, leader=null, voted=f6cfa8a2-85ff-4bb9-a246-101c53d2d47b, raftlog=f6cfa8a2-85ff-4bb9-a246-101c53d2d47b@group-49E82E920F3F-SegmentedRaftLog:OPENED:c-1,f-1,i0, conf=-1: [7fad1e98-7a6b-4998-a30c-ec1ab88068bc:192.168.157.233:35716, bdb27072-dd00-4d3b-a7da-41600e490ca3:192.168.157.233:42906, f6cfa8a2-85ff-4bb9-a246-101c53d2d47b:192.168.157.233:44618], old=null
2019-10-25 11:07:55,345 [f6cfa8a2-85ff-4bb9-a246-101c53d2d47b@group-49E82E920F3F-LeaderElection563] INFO  impl.LeaderElection (LogUtils.java:infoOrTrace(149)) -   Exception 0: {}
java.util.concurrent.ExecutionException: org.apache.ratis.thirdparty.io.grpc.StatusRuntimeException: UNAVAILABLE: io exception
	at java.util.concurrent.FutureTask.report(FutureTask.java:122)
	at java.util.concurrent.FutureTask.get(FutureTask.java:192)
	at org.apache.ratis.server.impl.LeaderElection.waitForResults(LeaderElection.java:259)
	at org.apache.ratis.server.impl.LeaderElection.askForVotes(LeaderElection.java:197)
	at org.apache.ratis.server.impl.LeaderElection.run(LeaderElection.java:133)
	at java.lang.Thread.run(Thread.java:748)
Caused by: org.apache.ratis.thirdparty.io.grpc.StatusRuntimeException: UNAVAILABLE: io exception
	at org.apache.ratis.thirdparty.io.grpc.stub.ClientCalls.toStatusRuntimeException(ClientCalls.java:233)
	at org.apache.ratis.thirdparty.io.grpc.stub.ClientCalls.getUnchecked(ClientCalls.java:214)
	at org.apache.ratis.thirdparty.io.grpc.stub.ClientCalls.blockingUnaryCall(ClientCalls.java:139)
	at org.apache.ratis.proto.grpc.RaftServerProtocolServiceGrpc$RaftServerProtocolServiceBlockingStub.requestVote(RaftServerProtocolServiceGrpc.java:265)
	at org.apache.ratis.grpc.server.GrpcServerProtocolClient.requestVote(GrpcServerProtocolClient.java:99)
	at org.apache.ratis.grpc.server.GrpcService.requestVote(GrpcService.java:204)
	at org.apache.ratis.server.impl.LeaderElection.lambda$submitRequests$1(LeaderElection.java:234)
	at java.util.concurrent.FutureTask.run(FutureTask.java:266)
	at java.util.concurrent.Executors$RunnableAdapter.call(Executors.java:511)
	at java.util.concurrent.FutureTask.run(FutureTask.java:266)
	at java.util.concurrent.ThreadPoolExecutor.runWorker(ThreadPoolExecutor.java:1149)
	at java.util.concurrent.ThreadPoolExecutor$Worker.run(ThreadPoolExecutor.java:624)
	... 1 more
Caused by: org.apache.ratis.thirdparty.io.netty.channel.AbstractChannel$AnnotatedConnectException: Connection refused: /192.168.157.233:35716
	at sun.nio.ch.SocketChannelImpl.checkConnect(Native Method)
	at sun.nio.ch.SocketChannelImpl.finishConnect(SocketChannelImpl.java:717)
	at org.apache.ratis.thirdparty.io.netty.channel.socket.nio.NioSocketChannel.doFinishConnect(NioSocketChannel.java:327)
	at org.apache.ratis.thirdparty.io.netty.channel.nio.AbstractNioChannel$AbstractNioUnsafe.finishConnect(AbstractNioChannel.java:340)
	at org.apache.ratis.thirdparty.io.netty.channel.nio.NioEventLoop.processSelectedKey(NioEventLoop.java:632)
	at org.apache.ratis.thirdparty.io.netty.channel.nio.NioEventLoop.processSelectedKeysOptimized(NioEventLoop.java:579)
	at org.apache.ratis.thirdparty.io.netty.channel.nio.NioEventLoop.processSelectedKeys(NioEventLoop.java:496)
	at org.apache.ratis.thirdparty.io.netty.channel.nio.NioEventLoop.run(NioEventLoop.java:458)
	at org.apache.ratis.thirdparty.io.netty.util.concurrent.SingleThreadEventExecutor$5.run(SingleThreadEventExecutor.java:897)
	at org.apache.ratis.thirdparty.io.netty.util.concurrent.FastThreadLocalRunnable.run(FastThreadLocalRunnable.java:30)
	... 1 more
Caused by: java.net.ConnectException: Connection refused
	... 11 more
2019-10-25 11:07:55,345 [f6cfa8a2-85ff-4bb9-a246-101c53d2d47b@group-49E82E920F3F-LeaderElection563] INFO  impl.RaftServerImpl (RaftServerImpl.java:setRole(184)) - f6cfa8a2-85ff-4bb9-a246-101c53d2d47b@group-49E82E920F3F: changes role from CANDIDATE to FOLLOWER at term 148 for DISCOVERED_A_NEW_TERM
2019-10-25 11:07:55,345 [f6cfa8a2-85ff-4bb9-a246-101c53d2d47b@group-49E82E920F3F-LeaderElection563] INFO  impl.RoleInfo (RoleInfo.java:shutdownLeaderElection(134)) - f6cfa8a2-85ff-4bb9-a246-101c53d2d47b: shutdown LeaderElection
2019-10-25 11:07:55,345 [f6cfa8a2-85ff-4bb9-a246-101c53d2d47b@group-49E82E920F3F-LeaderElection563] INFO  impl.RoleInfo (RoleInfo.java:updateAndGet(143)) - f6cfa8a2-85ff-4bb9-a246-101c53d2d47b: start FollowerState
2019-10-25 11:07:55,463 [Datanode State Machine Thread - 0] INFO  statemachine.DatanodeStateMachine (DatanodeStateMachine.java:lambda$startDaemon$0(350)) - Ozone container server started.
2019-10-25 11:07:55,515 [Thread-4764] INFO  impl.FollowerState (FollowerState.java:run(108)) - f6cfa8a2-85ff-4bb9-a246-101c53d2d47b@group-49E82E920F3F-FollowerState: change to CANDIDATE, lastRpcTime:169ms, electionTimeout:169ms
2019-10-25 11:07:55,515 [Thread-4764] INFO  impl.RoleInfo (RoleInfo.java:shutdownFollowerState(121)) - f6cfa8a2-85ff-4bb9-a246-101c53d2d47b: shutdown FollowerState
2019-10-25 11:07:55,515 [Thread-4764] INFO  impl.RaftServerImpl (RaftServerImpl.java:setRole(184)) - f6cfa8a2-85ff-4bb9-a246-101c53d2d47b@group-49E82E920F3F: changes role from  FOLLOWER to CANDIDATE at term 148 for changeToCandidate
2019-10-25 11:07:55,515 [Thread-4764] INFO  impl.RoleInfo (RoleInfo.java:updateAndGet(143)) - f6cfa8a2-85ff-4bb9-a246-101c53d2d47b: start LeaderElection
2019-10-25 11:07:55,529 [f6cfa8a2-85ff-4bb9-a246-101c53d2d47b@group-49E82E920F3F-LeaderElection564] INFO  impl.LeaderElection (LeaderElection.java:askForVotes(178)) - f6cfa8a2-85ff-4bb9-a246-101c53d2d47b@group-49E82E920F3F-LeaderElection564: begin an election at term 149 for -1: [7fad1e98-7a6b-4998-a30c-ec1ab88068bc:192.168.157.233:35716, bdb27072-dd00-4d3b-a7da-41600e490ca3:192.168.157.233:42906, f6cfa8a2-85ff-4bb9-a246-101c53d2d47b:192.168.157.233:44618], old=null
2019-10-25 11:07:55,530 [f6cfa8a2-85ff-4bb9-a246-101c53d2d47b@group-49E82E920F3F-LeaderElection564] INFO  impl.LeaderElection (LogUtils.java:infoOrTrace(149)) - f6cfa8a2-85ff-4bb9-a246-101c53d2d47b@group-49E82E920F3F-LeaderElection564 got exception when requesting votes: {}
java.util.concurrent.ExecutionException: org.apache.ratis.thirdparty.io.grpc.StatusRuntimeException: UNAVAILABLE: io exception
	at java.util.concurrent.FutureTask.report(FutureTask.java:122)
	at java.util.concurrent.FutureTask.get(FutureTask.java:192)
	at org.apache.ratis.server.impl.LeaderElection.waitForResults(LeaderElection.java:259)
	at org.apache.ratis.server.impl.LeaderElection.askForVotes(LeaderElection.java:197)
	at org.apache.ratis.server.impl.LeaderElection.run(LeaderElection.java:133)
	at java.lang.Thread.run(Thread.java:748)
Caused by: org.apache.ratis.thirdparty.io.grpc.StatusRuntimeException: UNAVAILABLE: io exception
	at org.apache.ratis.thirdparty.io.grpc.stub.ClientCalls.toStatusRuntimeException(ClientCalls.java:233)
	at org.apache.ratis.thirdparty.io.grpc.stub.ClientCalls.getUnchecked(ClientCalls.java:214)
	at org.apache.ratis.thirdparty.io.grpc.stub.ClientCalls.blockingUnaryCall(ClientCalls.java:139)
	at org.apache.ratis.proto.grpc.RaftServerProtocolServiceGrpc$RaftServerProtocolServiceBlockingStub.requestVote(RaftServerProtocolServiceGrpc.java:265)
	at org.apache.ratis.grpc.server.GrpcServerProtocolClient.requestVote(GrpcServerProtocolClient.java:99)
	at org.apache.ratis.grpc.server.GrpcService.requestVote(GrpcService.java:204)
	at org.apache.ratis.server.impl.LeaderElection.lambda$submitRequests$1(LeaderElection.java:234)
	at java.util.concurrent.FutureTask.run(FutureTask.java:266)
	at java.util.concurrent.Executors$RunnableAdapter.call(Executors.java:511)
	at java.util.concurrent.FutureTask.run(FutureTask.java:266)
	at java.util.concurrent.ThreadPoolExecutor.runWorker(ThreadPoolExecutor.java:1149)
	at java.util.concurrent.ThreadPoolExecutor$Worker.run(ThreadPoolExecutor.java:624)
	... 1 more
Caused by: org.apache.ratis.thirdparty.io.netty.channel.AbstractChannel$AnnotatedConnectException: Connection refused: /192.168.157.233:35716
	at sun.nio.ch.SocketChannelImpl.checkConnect(Native Method)
	at sun.nio.ch.SocketChannelImpl.finishConnect(SocketChannelImpl.java:717)
	at org.apache.ratis.thirdparty.io.netty.channel.socket.nio.NioSocketChannel.doFinishConnect(NioSocketChannel.java:327)
	at org.apache.ratis.thirdparty.io.netty.channel.nio.AbstractNioChannel$AbstractNioUnsafe.finishConnect(AbstractNioChannel.java:340)
	at org.apache.ratis.thirdparty.io.netty.channel.nio.NioEventLoop.processSelectedKey(NioEventLoop.java:632)
	at org.apache.ratis.thirdparty.io.netty.channel.nio.NioEventLoop.processSelectedKeysOptimized(NioEventLoop.java:579)
	at org.apache.ratis.thirdparty.io.netty.channel.nio.NioEventLoop.processSelectedKeys(NioEventLoop.java:496)
	at org.apache.ratis.thirdparty.io.netty.channel.nio.NioEventLoop.run(NioEventLoop.java:458)
	at org.apache.ratis.thirdparty.io.netty.util.concurrent.SingleThreadEventExecutor$5.run(SingleThreadEventExecutor.java:897)
	at org.apache.ratis.thirdparty.io.netty.util.concurrent.FastThreadLocalRunnable.run(FastThreadLocalRunnable.java:30)
	... 1 more
Caused by: java.net.ConnectException: Connection refused
	... 11 more
2019-10-25 11:07:55,533 [grpc-default-executor-9] INFO  impl.RaftServerImpl (RaftServerImpl.java:setRole(184)) - bdb27072-dd00-4d3b-a7da-41600e490ca3@group-49E82E920F3F: changes role from  FOLLOWER to FOLLOWER at term 149 for recognizeCandidate:f6cfa8a2-85ff-4bb9-a246-101c53d2d47b
2019-10-25 11:07:55,533 [grpc-default-executor-9] INFO  impl.RoleInfo (RoleInfo.java:shutdownFollowerState(121)) - bdb27072-dd00-4d3b-a7da-41600e490ca3: shutdown FollowerState
2019-10-25 11:07:55,533 [grpc-default-executor-9] INFO  impl.RoleInfo (RoleInfo.java:updateAndGet(143)) - bdb27072-dd00-4d3b-a7da-41600e490ca3: start FollowerState
2019-10-25 11:07:55,533 [Thread-4763] INFO  impl.FollowerState (FollowerState.java:run(117)) - bdb27072-dd00-4d3b-a7da-41600e490ca3@group-49E82E920F3F-FollowerState was interrupted: java.lang.InterruptedException: sleep interrupted
2019-10-25 11:07:55,547 [f6cfa8a2-85ff-4bb9-a246-101c53d2d47b@group-49E82E920F3F-LeaderElection564] INFO  impl.LeaderElection (LeaderElection.java:logAndReturn(56)) - f6cfa8a2-85ff-4bb9-a246-101c53d2d47b@group-49E82E920F3F-LeaderElection564: Election REJECTED; received 1 response(s) [f6cfa8a2-85ff-4bb9-a246-101c53d2d47b<-bdb27072-dd00-4d3b-a7da-41600e490ca3#0:FAIL-t149] and 1 exception(s); f6cfa8a2-85ff-4bb9-a246-101c53d2d47b@group-49E82E920F3F:t149, leader=null, voted=f6cfa8a2-85ff-4bb9-a246-101c53d2d47b, raftlog=f6cfa8a2-85ff-4bb9-a246-101c53d2d47b@group-49E82E920F3F-SegmentedRaftLog:OPENED:c-1,f-1,i0, conf=-1: [7fad1e98-7a6b-4998-a30c-ec1ab88068bc:192.168.157.233:35716, bdb27072-dd00-4d3b-a7da-41600e490ca3:192.168.157.233:42906, f6cfa8a2-85ff-4bb9-a246-101c53d2d47b:192.168.157.233:44618], old=null
2019-10-25 11:07:55,547 [f6cfa8a2-85ff-4bb9-a246-101c53d2d47b@group-49E82E920F3F-LeaderElection564] INFO  impl.LeaderElection (LogUtils.java:infoOrTrace(149)) -   Exception 0: {}
java.util.concurrent.ExecutionException: org.apache.ratis.thirdparty.io.grpc.StatusRuntimeException: UNAVAILABLE: io exception
	at java.util.concurrent.FutureTask.report(FutureTask.java:122)
	at java.util.concurrent.FutureTask.get(FutureTask.java:192)
	at org.apache.ratis.server.impl.LeaderElection.waitForResults(LeaderElection.java:259)
	at org.apache.ratis.server.impl.LeaderElection.askForVotes(LeaderElection.java:197)
	at org.apache.ratis.server.impl.LeaderElection.run(LeaderElection.java:133)
	at java.lang.Thread.run(Thread.java:748)
Caused by: org.apache.ratis.thirdparty.io.grpc.StatusRuntimeException: UNAVAILABLE: io exception
	at org.apache.ratis.thirdparty.io.grpc.stub.ClientCalls.toStatusRuntimeException(ClientCalls.java:233)
	at org.apache.ratis.thirdparty.io.grpc.stub.ClientCalls.getUnchecked(ClientCalls.java:214)
	at org.apache.ratis.thirdparty.io.grpc.stub.ClientCalls.blockingUnaryCall(ClientCalls.java:139)
	at org.apache.ratis.proto.grpc.RaftServerProtocolServiceGrpc$RaftServerProtocolServiceBlockingStub.requestVote(RaftServerProtocolServiceGrpc.java:265)
	at org.apache.ratis.grpc.server.GrpcServerProtocolClient.requestVote(GrpcServerProtocolClient.java:99)
	at org.apache.ratis.grpc.server.GrpcService.requestVote(GrpcService.java:204)
	at org.apache.ratis.server.impl.LeaderElection.lambda$submitRequests$1(LeaderElection.java:234)
	at java.util.concurrent.FutureTask.run(FutureTask.java:266)
	at java.util.concurrent.Executors$RunnableAdapter.call(Executors.java:511)
	at java.util.concurrent.FutureTask.run(FutureTask.java:266)
	at java.util.concurrent.ThreadPoolExecutor.runWorker(ThreadPoolExecutor.java:1149)
	at java.util.concurrent.ThreadPoolExecutor$Worker.run(ThreadPoolExecutor.java:624)
	... 1 more
Caused by: org.apache.ratis.thirdparty.io.netty.channel.AbstractChannel$AnnotatedConnectException: Connection refused: /192.168.157.233:35716
	at sun.nio.ch.SocketChannelImpl.checkConnect(Native Method)
	at sun.nio.ch.SocketChannelImpl.finishConnect(SocketChannelImpl.java:717)
	at org.apache.ratis.thirdparty.io.netty.channel.socket.nio.NioSocketChannel.doFinishConnect(NioSocketChannel.java:327)
	at org.apache.ratis.thirdparty.io.netty.channel.nio.AbstractNioChannel$AbstractNioUnsafe.finishConnect(AbstractNioChannel.java:340)
	at org.apache.ratis.thirdparty.io.netty.channel.nio.NioEventLoop.processSelectedKey(NioEventLoop.java:632)
	at org.apache.ratis.thirdparty.io.netty.channel.nio.NioEventLoop.processSelectedKeysOptimized(NioEventLoop.java:579)
	at org.apache.ratis.thirdparty.io.netty.channel.nio.NioEventLoop.processSelectedKeys(NioEventLoop.java:496)
	at org.apache.ratis.thirdparty.io.netty.channel.nio.NioEventLoop.run(NioEventLoop.java:458)
	at org.apache.ratis.thirdparty.io.netty.util.concurrent.SingleThreadEventExecutor$5.run(SingleThreadEventExecutor.java:897)
	at org.apache.ratis.thirdparty.io.netty.util.concurrent.FastThreadLocalRunnable.run(FastThreadLocalRunnable.java:30)
	... 1 more
Caused by: java.net.ConnectException: Connection refused
	... 11 more
2019-10-25 11:07:55,548 [f6cfa8a2-85ff-4bb9-a246-101c53d2d47b@group-49E82E920F3F-LeaderElection564] INFO  impl.RaftServerImpl (RaftServerImpl.java:setRole(184)) - f6cfa8a2-85ff-4bb9-a246-101c53d2d47b@group-49E82E920F3F: changes role from CANDIDATE to FOLLOWER at term 149 for DISCOVERED_A_NEW_TERM
2019-10-25 11:07:55,548 [f6cfa8a2-85ff-4bb9-a246-101c53d2d47b@group-49E82E920F3F-LeaderElection564] INFO  impl.RoleInfo (RoleInfo.java:shutdownLeaderElection(134)) - f6cfa8a2-85ff-4bb9-a246-101c53d2d47b: shutdown LeaderElection
2019-10-25 11:07:55,548 [f6cfa8a2-85ff-4bb9-a246-101c53d2d47b@group-49E82E920F3F-LeaderElection564] INFO  impl.RoleInfo (RoleInfo.java:updateAndGet(143)) - f6cfa8a2-85ff-4bb9-a246-101c53d2d47b: start FollowerState
2019-10-25 11:07:55,586 [Datanode State Machine Thread - 0] INFO  statemachine.DatanodeStateMachine (DatanodeStateMachine.java:lambda$startDaemon$0(350)) - Ozone container server started.
2019-10-25 11:07:55,690 [Thread-4770] INFO  impl.FollowerState (FollowerState.java:run(108)) - f6cfa8a2-85ff-4bb9-a246-101c53d2d47b@group-49E82E920F3F-FollowerState: change to CANDIDATE, lastRpcTime:142ms, electionTimeout:142ms
2019-10-25 11:07:55,690 [Thread-4770] INFO  impl.RoleInfo (RoleInfo.java:shutdownFollowerState(121)) - f6cfa8a2-85ff-4bb9-a246-101c53d2d47b: shutdown FollowerState
2019-10-25 11:07:55,691 [Thread-4770] INFO  impl.RaftServerImpl (RaftServerImpl.java:setRole(184)) - f6cfa8a2-85ff-4bb9-a246-101c53d2d47b@group-49E82E920F3F: changes role from  FOLLOWER to CANDIDATE at term 149 for changeToCandidate
2019-10-25 11:07:55,691 [Thread-4770] INFO  impl.RoleInfo (RoleInfo.java:updateAndGet(143)) - f6cfa8a2-85ff-4bb9-a246-101c53d2d47b: start LeaderElection
2019-10-25 11:07:55,704 [f6cfa8a2-85ff-4bb9-a246-101c53d2d47b@group-49E82E920F3F-LeaderElection565] INFO  impl.LeaderElection (LeaderElection.java:askForVotes(178)) - f6cfa8a2-85ff-4bb9-a246-101c53d2d47b@group-49E82E920F3F-LeaderElection565: begin an election at term 150 for -1: [7fad1e98-7a6b-4998-a30c-ec1ab88068bc:192.168.157.233:35716, bdb27072-dd00-4d3b-a7da-41600e490ca3:192.168.157.233:42906, f6cfa8a2-85ff-4bb9-a246-101c53d2d47b:192.168.157.233:44618], old=null
2019-10-25 11:07:55,705 [f6cfa8a2-85ff-4bb9-a246-101c53d2d47b@group-49E82E920F3F-LeaderElection565] INFO  impl.LeaderElection (LogUtils.java:infoOrTrace(149)) - f6cfa8a2-85ff-4bb9-a246-101c53d2d47b@group-49E82E920F3F-LeaderElection565 got exception when requesting votes: {}
java.util.concurrent.ExecutionException: org.apache.ratis.thirdparty.io.grpc.StatusRuntimeException: UNAVAILABLE: io exception
	at java.util.concurrent.FutureTask.report(FutureTask.java:122)
	at java.util.concurrent.FutureTask.get(FutureTask.java:192)
	at org.apache.ratis.server.impl.LeaderElection.waitForResults(LeaderElection.java:259)
	at org.apache.ratis.server.impl.LeaderElection.askForVotes(LeaderElection.java:197)
	at org.apache.ratis.server.impl.LeaderElection.run(LeaderElection.java:133)
	at java.lang.Thread.run(Thread.java:748)
Caused by: org.apache.ratis.thirdparty.io.grpc.StatusRuntimeException: UNAVAILABLE: io exception
	at org.apache.ratis.thirdparty.io.grpc.stub.ClientCalls.toStatusRuntimeException(ClientCalls.java:233)
	at org.apache.ratis.thirdparty.io.grpc.stub.ClientCalls.getUnchecked(ClientCalls.java:214)
	at org.apache.ratis.thirdparty.io.grpc.stub.ClientCalls.blockingUnaryCall(ClientCalls.java:139)
	at org.apache.ratis.proto.grpc.RaftServerProtocolServiceGrpc$RaftServerProtocolServiceBlockingStub.requestVote(RaftServerProtocolServiceGrpc.java:265)
	at org.apache.ratis.grpc.server.GrpcServerProtocolClient.requestVote(GrpcServerProtocolClient.java:99)
	at org.apache.ratis.grpc.server.GrpcService.requestVote(GrpcService.java:204)
	at org.apache.ratis.server.impl.LeaderElection.lambda$submitRequests$1(LeaderElection.java:234)
	at java.util.concurrent.FutureTask.run(FutureTask.java:266)
	at java.util.concurrent.Executors$RunnableAdapter.call(Executors.java:511)
	at java.util.concurrent.FutureTask.run(FutureTask.java:266)
	at java.util.concurrent.ThreadPoolExecutor.runWorker(ThreadPoolExecutor.java:1149)
	at java.util.concurrent.ThreadPoolExecutor$Worker.run(ThreadPoolExecutor.java:624)
	... 1 more
Caused by: org.apache.ratis.thirdparty.io.netty.channel.AbstractChannel$AnnotatedConnectException: Connection refused: /192.168.157.233:35716
	at sun.nio.ch.SocketChannelImpl.checkConnect(Native Method)
	at sun.nio.ch.SocketChannelImpl.finishConnect(SocketChannelImpl.java:717)
	at org.apache.ratis.thirdparty.io.netty.channel.socket.nio.NioSocketChannel.doFinishConnect(NioSocketChannel.java:327)
	at org.apache.ratis.thirdparty.io.netty.channel.nio.AbstractNioChannel$AbstractNioUnsafe.finishConnect(AbstractNioChannel.java:340)
	at org.apache.ratis.thirdparty.io.netty.channel.nio.NioEventLoop.processSelectedKey(NioEventLoop.java:632)
	at org.apache.ratis.thirdparty.io.netty.channel.nio.NioEventLoop.processSelectedKeysOptimized(NioEventLoop.java:579)
	at org.apache.ratis.thirdparty.io.netty.channel.nio.NioEventLoop.processSelectedKeys(NioEventLoop.java:496)
	at org.apache.ratis.thirdparty.io.netty.channel.nio.NioEventLoop.run(NioEventLoop.java:458)
	at org.apache.ratis.thirdparty.io.netty.util.concurrent.SingleThreadEventExecutor$5.run(SingleThreadEventExecutor.java:897)
	at org.apache.ratis.thirdparty.io.netty.util.concurrent.FastThreadLocalRunnable.run(FastThreadLocalRunnable.java:30)
	... 1 more
Caused by: java.net.ConnectException: Connection refused
	... 11 more
2019-10-25 11:07:55,708 [grpc-default-executor-4] INFO  impl.RaftServerImpl (RaftServerImpl.java:setRole(184)) - bdb27072-dd00-4d3b-a7da-41600e490ca3@group-49E82E920F3F: changes role from  FOLLOWER to FOLLOWER at term 150 for recognizeCandidate:f6cfa8a2-85ff-4bb9-a246-101c53d2d47b
2019-10-25 11:07:55,708 [grpc-default-executor-4] INFO  impl.RoleInfo (RoleInfo.java:shutdownFollowerState(121)) - bdb27072-dd00-4d3b-a7da-41600e490ca3: shutdown FollowerState
2019-10-25 11:07:55,708 [grpc-default-executor-4] INFO  impl.RoleInfo (RoleInfo.java:updateAndGet(143)) - bdb27072-dd00-4d3b-a7da-41600e490ca3: start FollowerState
2019-10-25 11:07:55,708 [Thread-4769] INFO  impl.FollowerState (FollowerState.java:run(117)) - bdb27072-dd00-4d3b-a7da-41600e490ca3@group-49E82E920F3F-FollowerState was interrupted: java.lang.InterruptedException: sleep interrupted
2019-10-25 11:07:55,721 [f6cfa8a2-85ff-4bb9-a246-101c53d2d47b@group-49E82E920F3F-LeaderElection565] INFO  impl.LeaderElection (LeaderElection.java:logAndReturn(56)) - f6cfa8a2-85ff-4bb9-a246-101c53d2d47b@group-49E82E920F3F-LeaderElection565: Election REJECTED; received 1 response(s) [f6cfa8a2-85ff-4bb9-a246-101c53d2d47b<-bdb27072-dd00-4d3b-a7da-41600e490ca3#0:FAIL-t150] and 1 exception(s); f6cfa8a2-85ff-4bb9-a246-101c53d2d47b@group-49E82E920F3F:t150, leader=null, voted=f6cfa8a2-85ff-4bb9-a246-101c53d2d47b, raftlog=f6cfa8a2-85ff-4bb9-a246-101c53d2d47b@group-49E82E920F3F-SegmentedRaftLog:OPENED:c-1,f-1,i0, conf=-1: [7fad1e98-7a6b-4998-a30c-ec1ab88068bc:192.168.157.233:35716, bdb27072-dd00-4d3b-a7da-41600e490ca3:192.168.157.233:42906, f6cfa8a2-85ff-4bb9-a246-101c53d2d47b:192.168.157.233:44618], old=null
2019-10-25 11:07:55,721 [f6cfa8a2-85ff-4bb9-a246-101c53d2d47b@group-49E82E920F3F-LeaderElection565] INFO  impl.LeaderElection (LogUtils.java:infoOrTrace(149)) -   Exception 0: {}
java.util.concurrent.ExecutionException: org.apache.ratis.thirdparty.io.grpc.StatusRuntimeException: UNAVAILABLE: io exception
	at java.util.concurrent.FutureTask.report(FutureTask.java:122)
	at java.util.concurrent.FutureTask.get(FutureTask.java:192)
	at org.apache.ratis.server.impl.LeaderElection.waitForResults(LeaderElection.java:259)
	at org.apache.ratis.server.impl.LeaderElection.askForVotes(LeaderElection.java:197)
	at org.apache.ratis.server.impl.LeaderElection.run(LeaderElection.java:133)
	at java.lang.Thread.run(Thread.java:748)
Caused by: org.apache.ratis.thirdparty.io.grpc.StatusRuntimeException: UNAVAILABLE: io exception
	at org.apache.ratis.thirdparty.io.grpc.stub.ClientCalls.toStatusRuntimeException(ClientCalls.java:233)
	at org.apache.ratis.thirdparty.io.grpc.stub.ClientCalls.getUnchecked(ClientCalls.java:214)
	at org.apache.ratis.thirdparty.io.grpc.stub.ClientCalls.blockingUnaryCall(ClientCalls.java:139)
	at org.apache.ratis.proto.grpc.RaftServerProtocolServiceGrpc$RaftServerProtocolServiceBlockingStub.requestVote(RaftServerProtocolServiceGrpc.java:265)
	at org.apache.ratis.grpc.server.GrpcServerProtocolClient.requestVote(GrpcServerProtocolClient.java:99)
	at org.apache.ratis.grpc.server.GrpcService.requestVote(GrpcService.java:204)
	at org.apache.ratis.server.impl.LeaderElection.lambda$submitRequests$1(LeaderElection.java:234)
	at java.util.concurrent.FutureTask.run(FutureTask.java:266)
	at java.util.concurrent.Executors$RunnableAdapter.call(Executors.java:511)
	at java.util.concurrent.FutureTask.run(FutureTask.java:266)
	at java.util.concurrent.ThreadPoolExecutor.runWorker(ThreadPoolExecutor.java:1149)
	at java.util.concurrent.ThreadPoolExecutor$Worker.run(ThreadPoolExecutor.java:624)
	... 1 more
Caused by: org.apache.ratis.thirdparty.io.netty.channel.AbstractChannel$AnnotatedConnectException: Connection refused: /192.168.157.233:35716
	at sun.nio.ch.SocketChannelImpl.checkConnect(Native Method)
	at sun.nio.ch.SocketChannelImpl.finishConnect(SocketChannelImpl.java:717)
	at org.apache.ratis.thirdparty.io.netty.channel.socket.nio.NioSocketChannel.doFinishConnect(NioSocketChannel.java:327)
	at org.apache.ratis.thirdparty.io.netty.channel.nio.AbstractNioChannel$AbstractNioUnsafe.finishConnect(AbstractNioChannel.java:340)
	at org.apache.ratis.thirdparty.io.netty.channel.nio.NioEventLoop.processSelectedKey(NioEventLoop.java:632)
	at org.apache.ratis.thirdparty.io.netty.channel.nio.NioEventLoop.processSelectedKeysOptimized(NioEventLoop.java:579)
	at org.apache.ratis.thirdparty.io.netty.channel.nio.NioEventLoop.processSelectedKeys(NioEventLoop.java:496)
	at org.apache.ratis.thirdparty.io.netty.channel.nio.NioEventLoop.run(NioEventLoop.java:458)
	at org.apache.ratis.thirdparty.io.netty.util.concurrent.SingleThreadEventExecutor$5.run(SingleThreadEventExecutor.java:897)
	at org.apache.ratis.thirdparty.io.netty.util.concurrent.FastThreadLocalRunnable.run(FastThreadLocalRunnable.java:30)
	... 1 more
Caused by: java.net.ConnectException: Connection refused
	... 11 more
2019-10-25 11:07:55,722 [f6cfa8a2-85ff-4bb9-a246-101c53d2d47b@group-49E82E920F3F-LeaderElection565] INFO  impl.RaftServerImpl (RaftServerImpl.java:setRole(184)) - f6cfa8a2-85ff-4bb9-a246-101c53d2d47b@group-49E82E920F3F: changes role from CANDIDATE to FOLLOWER at term 150 for DISCOVERED_A_NEW_TERM
2019-10-25 11:07:55,722 [f6cfa8a2-85ff-4bb9-a246-101c53d2d47b@group-49E82E920F3F-LeaderElection565] INFO  impl.RoleInfo (RoleInfo.java:shutdownLeaderElection(134)) - f6cfa8a2-85ff-4bb9-a246-101c53d2d47b: shutdown LeaderElection
2019-10-25 11:07:55,722 [f6cfa8a2-85ff-4bb9-a246-101c53d2d47b@group-49E82E920F3F-LeaderElection565] INFO  impl.RoleInfo (RoleInfo.java:updateAndGet(143)) - f6cfa8a2-85ff-4bb9-a246-101c53d2d47b: start FollowerState
2019-10-25 11:07:55,738 [Thread-4777] INFO  impl.FollowerState (FollowerState.java:run(108)) - f6cfa8a2-85ff-4bb9-a246-101c53d2d47b@group-49E82E920F3F-FollowerState: change to CANDIDATE, lastRpcTime:16ms, electionTimeout:16ms
2019-10-25 11:07:55,739 [Thread-4777] INFO  impl.RoleInfo (RoleInfo.java:shutdownFollowerState(121)) - f6cfa8a2-85ff-4bb9-a246-101c53d2d47b: shutdown FollowerState
2019-10-25 11:07:55,739 [Thread-4777] INFO  impl.RaftServerImpl (RaftServerImpl.java:setRole(184)) - f6cfa8a2-85ff-4bb9-a246-101c53d2d47b@group-49E82E920F3F: changes role from  FOLLOWER to CANDIDATE at term 150 for changeToCandidate
2019-10-25 11:07:55,739 [Thread-4777] INFO  impl.RoleInfo (RoleInfo.java:updateAndGet(143)) - f6cfa8a2-85ff-4bb9-a246-101c53d2d47b: start LeaderElection
2019-10-25 11:07:55,752 [f6cfa8a2-85ff-4bb9-a246-101c53d2d47b@group-49E82E920F3F-LeaderElection566] INFO  impl.LeaderElection (LeaderElection.java:askForVotes(178)) - f6cfa8a2-85ff-4bb9-a246-101c53d2d47b@group-49E82E920F3F-LeaderElection566: begin an election at term 151 for -1: [7fad1e98-7a6b-4998-a30c-ec1ab88068bc:192.168.157.233:35716, bdb27072-dd00-4d3b-a7da-41600e490ca3:192.168.157.233:42906, f6cfa8a2-85ff-4bb9-a246-101c53d2d47b:192.168.157.233:44618], old=null
2019-10-25 11:07:55,752 [f6cfa8a2-85ff-4bb9-a246-101c53d2d47b@group-49E82E920F3F-LeaderElection566] INFO  impl.LeaderElection (LogUtils.java:infoOrTrace(149)) - f6cfa8a2-85ff-4bb9-a246-101c53d2d47b@group-49E82E920F3F-LeaderElection566 got exception when requesting votes: {}
java.util.concurrent.ExecutionException: org.apache.ratis.thirdparty.io.grpc.StatusRuntimeException: UNAVAILABLE: io exception
	at java.util.concurrent.FutureTask.report(FutureTask.java:122)
	at java.util.concurrent.FutureTask.get(FutureTask.java:192)
	at org.apache.ratis.server.impl.LeaderElection.waitForResults(LeaderElection.java:259)
	at org.apache.ratis.server.impl.LeaderElection.askForVotes(LeaderElection.java:197)
	at org.apache.ratis.server.impl.LeaderElection.run(LeaderElection.java:133)
	at java.lang.Thread.run(Thread.java:748)
Caused by: org.apache.ratis.thirdparty.io.grpc.StatusRuntimeException: UNAVAILABLE: io exception
	at org.apache.ratis.thirdparty.io.grpc.stub.ClientCalls.toStatusRuntimeException(ClientCalls.java:233)
	at org.apache.ratis.thirdparty.io.grpc.stub.ClientCalls.getUnchecked(ClientCalls.java:214)
	at org.apache.ratis.thirdparty.io.grpc.stub.ClientCalls.blockingUnaryCall(ClientCalls.java:139)
	at org.apache.ratis.proto.grpc.RaftServerProtocolServiceGrpc$RaftServerProtocolServiceBlockingStub.requestVote(RaftServerProtocolServiceGrpc.java:265)
	at org.apache.ratis.grpc.server.GrpcServerProtocolClient.requestVote(GrpcServerProtocolClient.java:99)
	at org.apache.ratis.grpc.server.GrpcService.requestVote(GrpcService.java:204)
	at org.apache.ratis.server.impl.LeaderElection.lambda$submitRequests$1(LeaderElection.java:234)
	at java.util.concurrent.FutureTask.run(FutureTask.java:266)
	at java.util.concurrent.Executors$RunnableAdapter.call(Executors.java:511)
	at java.util.concurrent.FutureTask.run(FutureTask.java:266)
	at java.util.concurrent.ThreadPoolExecutor.runWorker(ThreadPoolExecutor.java:1149)
	at java.util.concurrent.ThreadPoolExecutor$Worker.run(ThreadPoolExecutor.java:624)
	... 1 more
Caused by: org.apache.ratis.thirdparty.io.netty.channel.AbstractChannel$AnnotatedConnectException: Connection refused: /192.168.157.233:35716
	at sun.nio.ch.SocketChannelImpl.checkConnect(Native Method)
	at sun.nio.ch.SocketChannelImpl.finishConnect(SocketChannelImpl.java:717)
	at org.apache.ratis.thirdparty.io.netty.channel.socket.nio.NioSocketChannel.doFinishConnect(NioSocketChannel.java:327)
	at org.apache.ratis.thirdparty.io.netty.channel.nio.AbstractNioChannel$AbstractNioUnsafe.finishConnect(AbstractNioChannel.java:340)
	at org.apache.ratis.thirdparty.io.netty.channel.nio.NioEventLoop.processSelectedKey(NioEventLoop.java:632)
	at org.apache.ratis.thirdparty.io.netty.channel.nio.NioEventLoop.processSelectedKeysOptimized(NioEventLoop.java:579)
	at org.apache.ratis.thirdparty.io.netty.channel.nio.NioEventLoop.processSelectedKeys(NioEventLoop.java:496)
	at org.apache.ratis.thirdparty.io.netty.channel.nio.NioEventLoop.run(NioEventLoop.java:458)
	at org.apache.ratis.thirdparty.io.netty.util.concurrent.SingleThreadEventExecutor$5.run(SingleThreadEventExecutor.java:897)
	at org.apache.ratis.thirdparty.io.netty.util.concurrent.FastThreadLocalRunnable.run(FastThreadLocalRunnable.java:30)
	... 1 more
Caused by: java.net.ConnectException: Connection refused
	... 11 more
2019-10-25 11:07:55,755 [grpc-default-executor-4] INFO  impl.RaftServerImpl (RaftServerImpl.java:setRole(184)) - bdb27072-dd00-4d3b-a7da-41600e490ca3@group-49E82E920F3F: changes role from  FOLLOWER to FOLLOWER at term 151 for recognizeCandidate:f6cfa8a2-85ff-4bb9-a246-101c53d2d47b
2019-10-25 11:07:55,755 [grpc-default-executor-4] INFO  impl.RoleInfo (RoleInfo.java:shutdownFollowerState(121)) - bdb27072-dd00-4d3b-a7da-41600e490ca3: shutdown FollowerState
2019-10-25 11:07:55,756 [grpc-default-executor-4] INFO  impl.RoleInfo (RoleInfo.java:updateAndGet(143)) - bdb27072-dd00-4d3b-a7da-41600e490ca3: start FollowerState
2019-10-25 11:07:55,756 [Thread-4776] INFO  impl.FollowerState (FollowerState.java:run(117)) - bdb27072-dd00-4d3b-a7da-41600e490ca3@group-49E82E920F3F-FollowerState was interrupted: java.lang.InterruptedException: sleep interrupted
2019-10-25 11:07:55,768 [f6cfa8a2-85ff-4bb9-a246-101c53d2d47b@group-49E82E920F3F-LeaderElection566] INFO  impl.LeaderElection (LeaderElection.java:logAndReturn(56)) - f6cfa8a2-85ff-4bb9-a246-101c53d2d47b@group-49E82E920F3F-LeaderElection566: Election REJECTED; received 1 response(s) [f6cfa8a2-85ff-4bb9-a246-101c53d2d47b<-bdb27072-dd00-4d3b-a7da-41600e490ca3#0:FAIL-t151] and 1 exception(s); f6cfa8a2-85ff-4bb9-a246-101c53d2d47b@group-49E82E920F3F:t151, leader=null, voted=f6cfa8a2-85ff-4bb9-a246-101c53d2d47b, raftlog=f6cfa8a2-85ff-4bb9-a246-101c53d2d47b@group-49E82E920F3F-SegmentedRaftLog:OPENED:c-1,f-1,i0, conf=-1: [7fad1e98-7a6b-4998-a30c-ec1ab88068bc:192.168.157.233:35716, bdb27072-dd00-4d3b-a7da-41600e490ca3:192.168.157.233:42906, f6cfa8a2-85ff-4bb9-a246-101c53d2d47b:192.168.157.233:44618], old=null
2019-10-25 11:07:55,768 [f6cfa8a2-85ff-4bb9-a246-101c53d2d47b@group-49E82E920F3F-LeaderElection566] INFO  impl.LeaderElection (LogUtils.java:infoOrTrace(149)) -   Exception 0: {}
java.util.concurrent.ExecutionException: org.apache.ratis.thirdparty.io.grpc.StatusRuntimeException: UNAVAILABLE: io exception
	at java.util.concurrent.FutureTask.report(FutureTask.java:122)
	at java.util.concurrent.FutureTask.get(FutureTask.java:192)
	at org.apache.ratis.server.impl.LeaderElection.waitForResults(LeaderElection.java:259)
	at org.apache.ratis.server.impl.LeaderElection.askForVotes(LeaderElection.java:197)
	at org.apache.ratis.server.impl.LeaderElection.run(LeaderElection.java:133)
	at java.lang.Thread.run(Thread.java:748)
Caused by: org.apache.ratis.thirdparty.io.grpc.StatusRuntimeException: UNAVAILABLE: io exception
	at org.apache.ratis.thirdparty.io.grpc.stub.ClientCalls.toStatusRuntimeException(ClientCalls.java:233)
	at org.apache.ratis.thirdparty.io.grpc.stub.ClientCalls.getUnchecked(ClientCalls.java:214)
	at org.apache.ratis.thirdparty.io.grpc.stub.ClientCalls.blockingUnaryCall(ClientCalls.java:139)
	at org.apache.ratis.proto.grpc.RaftServerProtocolServiceGrpc$RaftServerProtocolServiceBlockingStub.requestVote(RaftServerProtocolServiceGrpc.java:265)
	at org.apache.ratis.grpc.server.GrpcServerProtocolClient.requestVote(GrpcServerProtocolClient.java:99)
	at org.apache.ratis.grpc.server.GrpcService.requestVote(GrpcService.java:204)
	at org.apache.ratis.server.impl.LeaderElection.lambda$submitRequests$1(LeaderElection.java:234)
	at java.util.concurrent.FutureTask.run(FutureTask.java:266)
	at java.util.concurrent.Executors$RunnableAdapter.call(Executors.java:511)
	at java.util.concurrent.FutureTask.run(FutureTask.java:266)
	at java.util.concurrent.ThreadPoolExecutor.runWorker(ThreadPoolExecutor.java:1149)
	at java.util.concurrent.ThreadPoolExecutor$Worker.run(ThreadPoolExecutor.java:624)
	... 1 more
Caused by: org.apache.ratis.thirdparty.io.netty.channel.AbstractChannel$AnnotatedConnectException: Connection refused: /192.168.157.233:35716
	at sun.nio.ch.SocketChannelImpl.checkConnect(Native Method)
	at sun.nio.ch.SocketChannelImpl.finishConnect(SocketChannelImpl.java:717)
	at org.apache.ratis.thirdparty.io.netty.channel.socket.nio.NioSocketChannel.doFinishConnect(NioSocketChannel.java:327)
	at org.apache.ratis.thirdparty.io.netty.channel.nio.AbstractNioChannel$AbstractNioUnsafe.finishConnect(AbstractNioChannel.java:340)
	at org.apache.ratis.thirdparty.io.netty.channel.nio.NioEventLoop.processSelectedKey(NioEventLoop.java:632)
	at org.apache.ratis.thirdparty.io.netty.channel.nio.NioEventLoop.processSelectedKeysOptimized(NioEventLoop.java:579)
	at org.apache.ratis.thirdparty.io.netty.channel.nio.NioEventLoop.processSelectedKeys(NioEventLoop.java:496)
	at org.apache.ratis.thirdparty.io.netty.channel.nio.NioEventLoop.run(NioEventLoop.java:458)
	at org.apache.ratis.thirdparty.io.netty.util.concurrent.SingleThreadEventExecutor$5.run(SingleThreadEventExecutor.java:897)
	at org.apache.ratis.thirdparty.io.netty.util.concurrent.FastThreadLocalRunnable.run(FastThreadLocalRunnable.java:30)
	... 1 more
Caused by: java.net.ConnectException: Connection refused
	... 11 more
2019-10-25 11:07:55,769 [f6cfa8a2-85ff-4bb9-a246-101c53d2d47b@group-49E82E920F3F-LeaderElection566] INFO  impl.RaftServerImpl (RaftServerImpl.java:setRole(184)) - f6cfa8a2-85ff-4bb9-a246-101c53d2d47b@group-49E82E920F3F: changes role from CANDIDATE to FOLLOWER at term 151 for DISCOVERED_A_NEW_TERM
2019-10-25 11:07:55,769 [f6cfa8a2-85ff-4bb9-a246-101c53d2d47b@group-49E82E920F3F-LeaderElection566] INFO  impl.RoleInfo (RoleInfo.java:shutdownLeaderElection(134)) - f6cfa8a2-85ff-4bb9-a246-101c53d2d47b: shutdown LeaderElection
2019-10-25 11:07:55,769 [f6cfa8a2-85ff-4bb9-a246-101c53d2d47b@group-49E82E920F3F-LeaderElection566] INFO  impl.RoleInfo (RoleInfo.java:updateAndGet(143)) - f6cfa8a2-85ff-4bb9-a246-101c53d2d47b: start FollowerState
2019-10-25 11:07:55,791 [Thread-4782] INFO  impl.FollowerState (FollowerState.java:run(108)) - f6cfa8a2-85ff-4bb9-a246-101c53d2d47b@group-49E82E920F3F-FollowerState: change to CANDIDATE, lastRpcTime:22ms, electionTimeout:22ms
2019-10-25 11:07:55,792 [Thread-4782] INFO  impl.RoleInfo (RoleInfo.java:shutdownFollowerState(121)) - f6cfa8a2-85ff-4bb9-a246-101c53d2d47b: shutdown FollowerState
2019-10-25 11:07:55,792 [Thread-4782] INFO  impl.RaftServerImpl (RaftServerImpl.java:setRole(184)) - f6cfa8a2-85ff-4bb9-a246-101c53d2d47b@group-49E82E920F3F: changes role from  FOLLOWER to CANDIDATE at term 151 for changeToCandidate
2019-10-25 11:07:55,792 [Thread-4782] INFO  impl.RoleInfo (RoleInfo.java:updateAndGet(143)) - f6cfa8a2-85ff-4bb9-a246-101c53d2d47b: start LeaderElection
2019-10-25 11:07:55,805 [f6cfa8a2-85ff-4bb9-a246-101c53d2d47b@group-49E82E920F3F-LeaderElection567] INFO  impl.LeaderElection (LeaderElection.java:askForVotes(178)) - f6cfa8a2-85ff-4bb9-a246-101c53d2d47b@group-49E82E920F3F-LeaderElection567: begin an election at term 152 for -1: [7fad1e98-7a6b-4998-a30c-ec1ab88068bc:192.168.157.233:35716, bdb27072-dd00-4d3b-a7da-41600e490ca3:192.168.157.233:42906, f6cfa8a2-85ff-4bb9-a246-101c53d2d47b:192.168.157.233:44618], old=null
2019-10-25 11:07:55,805 [f6cfa8a2-85ff-4bb9-a246-101c53d2d47b@group-49E82E920F3F-LeaderElection567] INFO  impl.LeaderElection (LogUtils.java:infoOrTrace(149)) - f6cfa8a2-85ff-4bb9-a246-101c53d2d47b@group-49E82E920F3F-LeaderElection567 got exception when requesting votes: {}
java.util.concurrent.ExecutionException: org.apache.ratis.thirdparty.io.grpc.StatusRuntimeException: UNAVAILABLE: io exception
	at java.util.concurrent.FutureTask.report(FutureTask.java:122)
	at java.util.concurrent.FutureTask.get(FutureTask.java:192)
	at org.apache.ratis.server.impl.LeaderElection.waitForResults(LeaderElection.java:259)
	at org.apache.ratis.server.impl.LeaderElection.askForVotes(LeaderElection.java:197)
	at org.apache.ratis.server.impl.LeaderElection.run(LeaderElection.java:133)
	at java.lang.Thread.run(Thread.java:748)
Caused by: org.apache.ratis.thirdparty.io.grpc.StatusRuntimeException: UNAVAILABLE: io exception
	at org.apache.ratis.thirdparty.io.grpc.stub.ClientCalls.toStatusRuntimeException(ClientCalls.java:233)
	at org.apache.ratis.thirdparty.io.grpc.stub.ClientCalls.getUnchecked(ClientCalls.java:214)
	at org.apache.ratis.thirdparty.io.grpc.stub.ClientCalls.blockingUnaryCall(ClientCalls.java:139)
	at org.apache.ratis.proto.grpc.RaftServerProtocolServiceGrpc$RaftServerProtocolServiceBlockingStub.requestVote(RaftServerProtocolServiceGrpc.java:265)
	at org.apache.ratis.grpc.server.GrpcServerProtocolClient.requestVote(GrpcServerProtocolClient.java:99)
	at org.apache.ratis.grpc.server.GrpcService.requestVote(GrpcService.java:204)
	at org.apache.ratis.server.impl.LeaderElection.lambda$submitRequests$1(LeaderElection.java:234)
	at java.util.concurrent.FutureTask.run(FutureTask.java:266)
	at java.util.concurrent.Executors$RunnableAdapter.call(Executors.java:511)
	at java.util.concurrent.FutureTask.run(FutureTask.java:266)
	at java.util.concurrent.ThreadPoolExecutor.runWorker(ThreadPoolExecutor.java:1149)
	at java.util.concurrent.ThreadPoolExecutor$Worker.run(ThreadPoolExecutor.java:624)
	... 1 more
Caused by: org.apache.ratis.thirdparty.io.netty.channel.AbstractChannel$AnnotatedConnectException: Connection refused: /192.168.157.233:35716
	at sun.nio.ch.SocketChannelImpl.checkConnect(Native Method)
	at sun.nio.ch.SocketChannelImpl.finishConnect(SocketChannelImpl.java:717)
	at org.apache.ratis.thirdparty.io.netty.channel.socket.nio.NioSocketChannel.doFinishConnect(NioSocketChannel.java:327)
	at org.apache.ratis.thirdparty.io.netty.channel.nio.AbstractNioChannel$AbstractNioUnsafe.finishConnect(AbstractNioChannel.java:340)
	at org.apache.ratis.thirdparty.io.netty.channel.nio.NioEventLoop.processSelectedKey(NioEventLoop.java:632)
	at org.apache.ratis.thirdparty.io.netty.channel.nio.NioEventLoop.processSelectedKeysOptimized(NioEventLoop.java:579)
	at org.apache.ratis.thirdparty.io.netty.channel.nio.NioEventLoop.processSelectedKeys(NioEventLoop.java:496)
	at org.apache.ratis.thirdparty.io.netty.channel.nio.NioEventLoop.run(NioEventLoop.java:458)
	at org.apache.ratis.thirdparty.io.netty.util.concurrent.SingleThreadEventExecutor$5.run(SingleThreadEventExecutor.java:897)
	at org.apache.ratis.thirdparty.io.netty.util.concurrent.FastThreadLocalRunnable.run(FastThreadLocalRunnable.java:30)
	... 1 more
Caused by: java.net.ConnectException: Connection refused
	... 11 more
2019-10-25 11:07:55,808 [grpc-default-executor-4] INFO  impl.RaftServerImpl (RaftServerImpl.java:setRole(184)) - bdb27072-dd00-4d3b-a7da-41600e490ca3@group-49E82E920F3F: changes role from  FOLLOWER to FOLLOWER at term 152 for recognizeCandidate:f6cfa8a2-85ff-4bb9-a246-101c53d2d47b
2019-10-25 11:07:55,808 [grpc-default-executor-4] INFO  impl.RoleInfo (RoleInfo.java:shutdownFollowerState(121)) - bdb27072-dd00-4d3b-a7da-41600e490ca3: shutdown FollowerState
2019-10-25 11:07:55,809 [grpc-default-executor-4] INFO  impl.RoleInfo (RoleInfo.java:updateAndGet(143)) - bdb27072-dd00-4d3b-a7da-41600e490ca3: start FollowerState
2019-10-25 11:07:55,809 [Thread-4781] INFO  impl.FollowerState (FollowerState.java:run(117)) - bdb27072-dd00-4d3b-a7da-41600e490ca3@group-49E82E920F3F-FollowerState was interrupted: java.lang.InterruptedException: sleep interrupted
2019-10-25 11:07:55,819 [f6cfa8a2-85ff-4bb9-a246-101c53d2d47b@group-49E82E920F3F-LeaderElection567] INFO  impl.LeaderElection (LeaderElection.java:logAndReturn(56)) - f6cfa8a2-85ff-4bb9-a246-101c53d2d47b@group-49E82E920F3F-LeaderElection567: Election TIMEOUT; received 0 response(s) [] and 1 exception(s); f6cfa8a2-85ff-4bb9-a246-101c53d2d47b@group-49E82E920F3F:t152, leader=null, voted=f6cfa8a2-85ff-4bb9-a246-101c53d2d47b, raftlog=f6cfa8a2-85ff-4bb9-a246-101c53d2d47b@group-49E82E920F3F-SegmentedRaftLog:OPENED:c-1,f-1,i0, conf=-1: [7fad1e98-7a6b-4998-a30c-ec1ab88068bc:192.168.157.233:35716, bdb27072-dd00-4d3b-a7da-41600e490ca3:192.168.157.233:42906, f6cfa8a2-85ff-4bb9-a246-101c53d2d47b:192.168.157.233:44618], old=null
2019-10-25 11:07:55,819 [f6cfa8a2-85ff-4bb9-a246-101c53d2d47b@group-49E82E920F3F-LeaderElection567] INFO  impl.LeaderElection (LogUtils.java:infoOrTrace(149)) -   Exception 0: {}
java.util.concurrent.ExecutionException: org.apache.ratis.thirdparty.io.grpc.StatusRuntimeException: UNAVAILABLE: io exception
	at java.util.concurrent.FutureTask.report(FutureTask.java:122)
	at java.util.concurrent.FutureTask.get(FutureTask.java:192)
	at org.apache.ratis.server.impl.LeaderElection.waitForResults(LeaderElection.java:259)
	at org.apache.ratis.server.impl.LeaderElection.askForVotes(LeaderElection.java:197)
	at org.apache.ratis.server.impl.LeaderElection.run(LeaderElection.java:133)
	at java.lang.Thread.run(Thread.java:748)
Caused by: org.apache.ratis.thirdparty.io.grpc.StatusRuntimeException: UNAVAILABLE: io exception
	at org.apache.ratis.thirdparty.io.grpc.stub.ClientCalls.toStatusRuntimeException(ClientCalls.java:233)
	at org.apache.ratis.thirdparty.io.grpc.stub.ClientCalls.getUnchecked(ClientCalls.java:214)
	at org.apache.ratis.thirdparty.io.grpc.stub.ClientCalls.blockingUnaryCall(ClientCalls.java:139)
	at org.apache.ratis.proto.grpc.RaftServerProtocolServiceGrpc$RaftServerProtocolServiceBlockingStub.requestVote(RaftServerProtocolServiceGrpc.java:265)
	at org.apache.ratis.grpc.server.GrpcServerProtocolClient.requestVote(GrpcServerProtocolClient.java:99)
	at org.apache.ratis.grpc.server.GrpcService.requestVote(GrpcService.java:204)
	at org.apache.ratis.server.impl.LeaderElection.lambda$submitRequests$1(LeaderElection.java:234)
	at java.util.concurrent.FutureTask.run(FutureTask.java:266)
	at java.util.concurrent.Executors$RunnableAdapter.call(Executors.java:511)
	at java.util.concurrent.FutureTask.run(FutureTask.java:266)
	at java.util.concurrent.ThreadPoolExecutor.runWorker(ThreadPoolExecutor.java:1149)
	at java.util.concurrent.ThreadPoolExecutor$Worker.run(ThreadPoolExecutor.java:624)
	... 1 more
Caused by: org.apache.ratis.thirdparty.io.netty.channel.AbstractChannel$AnnotatedConnectException: Connection refused: /192.168.157.233:35716
	at sun.nio.ch.SocketChannelImpl.checkConnect(Native Method)
	at sun.nio.ch.SocketChannelImpl.finishConnect(SocketChannelImpl.java:717)
	at org.apache.ratis.thirdparty.io.netty.channel.socket.nio.NioSocketChannel.doFinishConnect(NioSocketChannel.java:327)
	at org.apache.ratis.thirdparty.io.netty.channel.nio.AbstractNioChannel$AbstractNioUnsafe.finishConnect(AbstractNioChannel.java:340)
	at org.apache.ratis.thirdparty.io.netty.channel.nio.NioEventLoop.processSelectedKey(NioEventLoop.java:632)
	at org.apache.ratis.thirdparty.io.netty.channel.nio.NioEventLoop.processSelectedKeysOptimized(NioEventLoop.java:579)
	at org.apache.ratis.thirdparty.io.netty.channel.nio.NioEventLoop.processSelectedKeys(NioEventLoop.java:496)
	at org.apache.ratis.thirdparty.io.netty.channel.nio.NioEventLoop.run(NioEventLoop.java:458)
	at org.apache.ratis.thirdparty.io.netty.util.concurrent.SingleThreadEventExecutor$5.run(SingleThreadEventExecutor.java:897)
	at org.apache.ratis.thirdparty.io.netty.util.concurrent.FastThreadLocalRunnable.run(FastThreadLocalRunnable.java:30)
	... 1 more
Caused by: java.net.ConnectException: Connection refused
	... 11 more
2019-10-25 11:07:55,831 [f6cfa8a2-85ff-4bb9-a246-101c53d2d47b@group-49E82E920F3F-LeaderElection567] INFO  impl.LeaderElection (LeaderElection.java:askForVotes(178)) - f6cfa8a2-85ff-4bb9-a246-101c53d2d47b@group-49E82E920F3F-LeaderElection567: begin an election at term 153 for -1: [7fad1e98-7a6b-4998-a30c-ec1ab88068bc:192.168.157.233:35716, bdb27072-dd00-4d3b-a7da-41600e490ca3:192.168.157.233:42906, f6cfa8a2-85ff-4bb9-a246-101c53d2d47b:192.168.157.233:44618], old=null
2019-10-25 11:07:55,831 [f6cfa8a2-85ff-4bb9-a246-101c53d2d47b@group-49E82E920F3F-LeaderElection567] INFO  impl.LeaderElection (LogUtils.java:infoOrTrace(149)) - f6cfa8a2-85ff-4bb9-a246-101c53d2d47b@group-49E82E920F3F-LeaderElection567 got exception when requesting votes: {}
java.util.concurrent.ExecutionException: org.apache.ratis.thirdparty.io.grpc.StatusRuntimeException: UNAVAILABLE: io exception
	at java.util.concurrent.FutureTask.report(FutureTask.java:122)
	at java.util.concurrent.FutureTask.get(FutureTask.java:192)
	at org.apache.ratis.server.impl.LeaderElection.waitForResults(LeaderElection.java:259)
	at org.apache.ratis.server.impl.LeaderElection.askForVotes(LeaderElection.java:197)
	at org.apache.ratis.server.impl.LeaderElection.run(LeaderElection.java:133)
	at java.lang.Thread.run(Thread.java:748)
Caused by: org.apache.ratis.thirdparty.io.grpc.StatusRuntimeException: UNAVAILABLE: io exception
	at org.apache.ratis.thirdparty.io.grpc.stub.ClientCalls.toStatusRuntimeException(ClientCalls.java:233)
	at org.apache.ratis.thirdparty.io.grpc.stub.ClientCalls.getUnchecked(ClientCalls.java:214)
	at org.apache.ratis.thirdparty.io.grpc.stub.ClientCalls.blockingUnaryCall(ClientCalls.java:139)
	at org.apache.ratis.proto.grpc.RaftServerProtocolServiceGrpc$RaftServerProtocolServiceBlockingStub.requestVote(RaftServerProtocolServiceGrpc.java:265)
	at org.apache.ratis.grpc.server.GrpcServerProtocolClient.requestVote(GrpcServerProtocolClient.java:99)
	at org.apache.ratis.grpc.server.GrpcService.requestVote(GrpcService.java:204)
	at org.apache.ratis.server.impl.LeaderElection.lambda$submitRequests$1(LeaderElection.java:234)
	at java.util.concurrent.FutureTask.run(FutureTask.java:266)
	at java.util.concurrent.Executors$RunnableAdapter.call(Executors.java:511)
	at java.util.concurrent.FutureTask.run(FutureTask.java:266)
	at java.util.concurrent.ThreadPoolExecutor.runWorker(ThreadPoolExecutor.java:1149)
	at java.util.concurrent.ThreadPoolExecutor$Worker.run(ThreadPoolExecutor.java:624)
	... 1 more
Caused by: org.apache.ratis.thirdparty.io.netty.channel.AbstractChannel$AnnotatedConnectException: Connection refused: /192.168.157.233:35716
	at sun.nio.ch.SocketChannelImpl.checkConnect(Native Method)
	at sun.nio.ch.SocketChannelImpl.finishConnect(SocketChannelImpl.java:717)
	at org.apache.ratis.thirdparty.io.netty.channel.socket.nio.NioSocketChannel.doFinishConnect(NioSocketChannel.java:327)
	at org.apache.ratis.thirdparty.io.netty.channel.nio.AbstractNioChannel$AbstractNioUnsafe.finishConnect(AbstractNioChannel.java:340)
	at org.apache.ratis.thirdparty.io.netty.channel.nio.NioEventLoop.processSelectedKey(NioEventLoop.java:632)
	at org.apache.ratis.thirdparty.io.netty.channel.nio.NioEventLoop.processSelectedKeysOptimized(NioEventLoop.java:579)
	at org.apache.ratis.thirdparty.io.netty.channel.nio.NioEventLoop.processSelectedKeys(NioEventLoop.java:496)
	at org.apache.ratis.thirdparty.io.netty.channel.nio.NioEventLoop.run(NioEventLoop.java:458)
	at org.apache.ratis.thirdparty.io.netty.util.concurrent.SingleThreadEventExecutor$5.run(SingleThreadEventExecutor.java:897)
	at org.apache.ratis.thirdparty.io.netty.util.concurrent.FastThreadLocalRunnable.run(FastThreadLocalRunnable.java:30)
	... 1 more
Caused by: java.net.ConnectException: Connection refused
	... 11 more
2019-10-25 11:07:55,834 [grpc-default-executor-4] INFO  impl.RaftServerImpl (RaftServerImpl.java:setRole(184)) - bdb27072-dd00-4d3b-a7da-41600e490ca3@group-49E82E920F3F: changes role from  FOLLOWER to FOLLOWER at term 153 for recognizeCandidate:f6cfa8a2-85ff-4bb9-a246-101c53d2d47b
2019-10-25 11:07:55,834 [grpc-default-executor-4] INFO  impl.RoleInfo (RoleInfo.java:shutdownFollowerState(121)) - bdb27072-dd00-4d3b-a7da-41600e490ca3: shutdown FollowerState
2019-10-25 11:07:55,834 [grpc-default-executor-4] INFO  impl.RoleInfo (RoleInfo.java:updateAndGet(143)) - bdb27072-dd00-4d3b-a7da-41600e490ca3: start FollowerState
2019-10-25 11:07:55,834 [Thread-4786] INFO  impl.FollowerState (FollowerState.java:run(117)) - bdb27072-dd00-4d3b-a7da-41600e490ca3@group-49E82E920F3F-FollowerState was interrupted: java.lang.InterruptedException: sleep interrupted
2019-10-25 11:07:55,839 [f6cfa8a2-85ff-4bb9-a246-101c53d2d47b@group-49E82E920F3F-LeaderElection567] INFO  impl.LeaderElection (LeaderElection.java:logAndReturn(56)) - f6cfa8a2-85ff-4bb9-a246-101c53d2d47b@group-49E82E920F3F-LeaderElection567: Election REJECTED; received 1 response(s) [f6cfa8a2-85ff-4bb9-a246-101c53d2d47b<-bdb27072-dd00-4d3b-a7da-41600e490ca3#0:FAIL-t153] and 1 exception(s); f6cfa8a2-85ff-4bb9-a246-101c53d2d47b@group-49E82E920F3F:t153, leader=null, voted=f6cfa8a2-85ff-4bb9-a246-101c53d2d47b, raftlog=f6cfa8a2-85ff-4bb9-a246-101c53d2d47b@group-49E82E920F3F-SegmentedRaftLog:OPENED:c-1,f-1,i0, conf=-1: [7fad1e98-7a6b-4998-a30c-ec1ab88068bc:192.168.157.233:35716, bdb27072-dd00-4d3b-a7da-41600e490ca3:192.168.157.233:42906, f6cfa8a2-85ff-4bb9-a246-101c53d2d47b:192.168.157.233:44618], old=null
2019-10-25 11:07:55,839 [f6cfa8a2-85ff-4bb9-a246-101c53d2d47b@group-49E82E920F3F-LeaderElection567] INFO  impl.LeaderElection (LogUtils.java:infoOrTrace(149)) -   Exception 0: {}
java.util.concurrent.ExecutionException: org.apache.ratis.thirdparty.io.grpc.StatusRuntimeException: UNAVAILABLE: io exception
	at java.util.concurrent.FutureTask.report(FutureTask.java:122)
	at java.util.concurrent.FutureTask.get(FutureTask.java:192)
	at org.apache.ratis.server.impl.LeaderElection.waitForResults(LeaderElection.java:259)
	at org.apache.ratis.server.impl.LeaderElection.askForVotes(LeaderElection.java:197)
	at org.apache.ratis.server.impl.LeaderElection.run(LeaderElection.java:133)
	at java.lang.Thread.run(Thread.java:748)
Caused by: org.apache.ratis.thirdparty.io.grpc.StatusRuntimeException: UNAVAILABLE: io exception
	at org.apache.ratis.thirdparty.io.grpc.stub.ClientCalls.toStatusRuntimeException(ClientCalls.java:233)
	at org.apache.ratis.thirdparty.io.grpc.stub.ClientCalls.getUnchecked(ClientCalls.java:214)
	at org.apache.ratis.thirdparty.io.grpc.stub.ClientCalls.blockingUnaryCall(ClientCalls.java:139)
	at org.apache.ratis.proto.grpc.RaftServerProtocolServiceGrpc$RaftServerProtocolServiceBlockingStub.requestVote(RaftServerProtocolServiceGrpc.java:265)
	at org.apache.ratis.grpc.server.GrpcServerProtocolClient.requestVote(GrpcServerProtocolClient.java:99)
	at org.apache.ratis.grpc.server.GrpcService.requestVote(GrpcService.java:204)
	at org.apache.ratis.server.impl.LeaderElection.lambda$submitRequests$1(LeaderElection.java:234)
	at java.util.concurrent.FutureTask.run(FutureTask.java:266)
	at java.util.concurrent.Executors$RunnableAdapter.call(Executors.java:511)
	at java.util.concurrent.FutureTask.run(FutureTask.java:266)
	at java.util.concurrent.ThreadPoolExecutor.runWorker(ThreadPoolExecutor.java:1149)
	at java.util.concurrent.ThreadPoolExecutor$Worker.run(ThreadPoolExecutor.java:624)
	... 1 more
Caused by: org.apache.ratis.thirdparty.io.netty.channel.AbstractChannel$AnnotatedConnectException: Connection refused: /192.168.157.233:35716
	at sun.nio.ch.SocketChannelImpl.checkConnect(Native Method)
	at sun.nio.ch.SocketChannelImpl.finishConnect(SocketChannelImpl.java:717)
	at org.apache.ratis.thirdparty.io.netty.channel.socket.nio.NioSocketChannel.doFinishConnect(NioSocketChannel.java:327)
	at org.apache.ratis.thirdparty.io.netty.channel.nio.AbstractNioChannel$AbstractNioUnsafe.finishConnect(AbstractNioChannel.java:340)
	at org.apache.ratis.thirdparty.io.netty.channel.nio.NioEventLoop.processSelectedKey(NioEventLoop.java:632)
	at org.apache.ratis.thirdparty.io.netty.channel.nio.NioEventLoop.processSelectedKeysOptimized(NioEventLoop.java:579)
	at org.apache.ratis.thirdparty.io.netty.channel.nio.NioEventLoop.processSelectedKeys(NioEventLoop.java:496)
	at org.apache.ratis.thirdparty.io.netty.channel.nio.NioEventLoop.run(NioEventLoop.java:458)
	at org.apache.ratis.thirdparty.io.netty.util.concurrent.SingleThreadEventExecutor$5.run(SingleThreadEventExecutor.java:897)
	at org.apache.ratis.thirdparty.io.netty.util.concurrent.FastThreadLocalRunnable.run(FastThreadLocalRunnable.java:30)
	... 1 more
Caused by: java.net.ConnectException: Connection refused
	... 11 more
2019-10-25 11:07:55,839 [f6cfa8a2-85ff-4bb9-a246-101c53d2d47b@group-49E82E920F3F-LeaderElection567] INFO  impl.RaftServerImpl (RaftServerImpl.java:setRole(184)) - f6cfa8a2-85ff-4bb9-a246-101c53d2d47b@group-49E82E920F3F: changes role from CANDIDATE to FOLLOWER at term 153 for DISCOVERED_A_NEW_TERM
2019-10-25 11:07:55,839 [f6cfa8a2-85ff-4bb9-a246-101c53d2d47b@group-49E82E920F3F-LeaderElection567] INFO  impl.RoleInfo (RoleInfo.java:shutdownLeaderElection(134)) - f6cfa8a2-85ff-4bb9-a246-101c53d2d47b: shutdown LeaderElection
2019-10-25 11:07:55,840 [f6cfa8a2-85ff-4bb9-a246-101c53d2d47b@group-49E82E920F3F-LeaderElection567] INFO  impl.RoleInfo (RoleInfo.java:updateAndGet(143)) - f6cfa8a2-85ff-4bb9-a246-101c53d2d47b: start FollowerState
2019-10-25 11:07:55,967 [Thread-4790] INFO  impl.FollowerState (FollowerState.java:run(108)) - f6cfa8a2-85ff-4bb9-a246-101c53d2d47b@group-49E82E920F3F-FollowerState: change to CANDIDATE, lastRpcTime:127ms, electionTimeout:127ms
2019-10-25 11:07:55,967 [Thread-4790] INFO  impl.RoleInfo (RoleInfo.java:shutdownFollowerState(121)) - f6cfa8a2-85ff-4bb9-a246-101c53d2d47b: shutdown FollowerState
2019-10-25 11:07:55,967 [Thread-4790] INFO  impl.RaftServerImpl (RaftServerImpl.java:setRole(184)) - f6cfa8a2-85ff-4bb9-a246-101c53d2d47b@group-49E82E920F3F: changes role from  FOLLOWER to CANDIDATE at term 153 for changeToCandidate
2019-10-25 11:07:55,967 [Thread-4790] INFO  impl.RoleInfo (RoleInfo.java:updateAndGet(143)) - f6cfa8a2-85ff-4bb9-a246-101c53d2d47b: start LeaderElection
2019-10-25 11:07:55,982 [f6cfa8a2-85ff-4bb9-a246-101c53d2d47b@group-49E82E920F3F-LeaderElection568] INFO  impl.LeaderElection (LeaderElection.java:askForVotes(178)) - f6cfa8a2-85ff-4bb9-a246-101c53d2d47b@group-49E82E920F3F-LeaderElection568: begin an election at term 154 for -1: [7fad1e98-7a6b-4998-a30c-ec1ab88068bc:192.168.157.233:35716, bdb27072-dd00-4d3b-a7da-41600e490ca3:192.168.157.233:42906, f6cfa8a2-85ff-4bb9-a246-101c53d2d47b:192.168.157.233:44618], old=null
2019-10-25 11:07:55,983 [f6cfa8a2-85ff-4bb9-a246-101c53d2d47b@group-49E82E920F3F-LeaderElection568] INFO  impl.LeaderElection (LogUtils.java:infoOrTrace(149)) - f6cfa8a2-85ff-4bb9-a246-101c53d2d47b@group-49E82E920F3F-LeaderElection568 got exception when requesting votes: {}
java.util.concurrent.ExecutionException: org.apache.ratis.thirdparty.io.grpc.StatusRuntimeException: UNAVAILABLE: io exception
	at java.util.concurrent.FutureTask.report(FutureTask.java:122)
	at java.util.concurrent.FutureTask.get(FutureTask.java:192)
	at org.apache.ratis.server.impl.LeaderElection.waitForResults(LeaderElection.java:259)
	at org.apache.ratis.server.impl.LeaderElection.askForVotes(LeaderElection.java:197)
	at org.apache.ratis.server.impl.LeaderElection.run(LeaderElection.java:133)
	at java.lang.Thread.run(Thread.java:748)
Caused by: org.apache.ratis.thirdparty.io.grpc.StatusRuntimeException: UNAVAILABLE: io exception
	at org.apache.ratis.thirdparty.io.grpc.stub.ClientCalls.toStatusRuntimeException(ClientCalls.java:233)
	at org.apache.ratis.thirdparty.io.grpc.stub.ClientCalls.getUnchecked(ClientCalls.java:214)
	at org.apache.ratis.thirdparty.io.grpc.stub.ClientCalls.blockingUnaryCall(ClientCalls.java:139)
	at org.apache.ratis.proto.grpc.RaftServerProtocolServiceGrpc$RaftServerProtocolServiceBlockingStub.requestVote(RaftServerProtocolServiceGrpc.java:265)
	at org.apache.ratis.grpc.server.GrpcServerProtocolClient.requestVote(GrpcServerProtocolClient.java:99)
	at org.apache.ratis.grpc.server.GrpcService.requestVote(GrpcService.java:204)
	at org.apache.ratis.server.impl.LeaderElection.lambda$submitRequests$1(LeaderElection.java:234)
	at java.util.concurrent.FutureTask.run(FutureTask.java:266)
	at java.util.concurrent.Executors$RunnableAdapter.call(Executors.java:511)
	at java.util.concurrent.FutureTask.run(FutureTask.java:266)
	at java.util.concurrent.ThreadPoolExecutor.runWorker(ThreadPoolExecutor.java:1149)
	at java.util.concurrent.ThreadPoolExecutor$Worker.run(ThreadPoolExecutor.java:624)
	... 1 more
Caused by: org.apache.ratis.thirdparty.io.netty.channel.AbstractChannel$AnnotatedConnectException: Connection refused: /192.168.157.233:35716
	at sun.nio.ch.SocketChannelImpl.checkConnect(Native Method)
	at sun.nio.ch.SocketChannelImpl.finishConnect(SocketChannelImpl.java:717)
	at org.apache.ratis.thirdparty.io.netty.channel.socket.nio.NioSocketChannel.doFinishConnect(NioSocketChannel.java:327)
	at org.apache.ratis.thirdparty.io.netty.channel.nio.AbstractNioChannel$AbstractNioUnsafe.finishConnect(AbstractNioChannel.java:340)
	at org.apache.ratis.thirdparty.io.netty.channel.nio.NioEventLoop.processSelectedKey(NioEventLoop.java:632)
	at org.apache.ratis.thirdparty.io.netty.channel.nio.NioEventLoop.processSelectedKeysOptimized(NioEventLoop.java:579)
	at org.apache.ratis.thirdparty.io.netty.channel.nio.NioEventLoop.processSelectedKeys(NioEventLoop.java:496)
	at org.apache.ratis.thirdparty.io.netty.channel.nio.NioEventLoop.run(NioEventLoop.java:458)
	at org.apache.ratis.thirdparty.io.netty.util.concurrent.SingleThreadEventExecutor$5.run(SingleThreadEventExecutor.java:897)
	at org.apache.ratis.thirdparty.io.netty.util.concurrent.FastThreadLocalRunnable.run(FastThreadLocalRunnable.java:30)
	... 1 more
Caused by: java.net.ConnectException: Connection refused
	... 11 more
2019-10-25 11:07:55,986 [grpc-default-executor-4] INFO  impl.RaftServerImpl (RaftServerImpl.java:setRole(184)) - bdb27072-dd00-4d3b-a7da-41600e490ca3@group-49E82E920F3F: changes role from  FOLLOWER to FOLLOWER at term 154 for recognizeCandidate:f6cfa8a2-85ff-4bb9-a246-101c53d2d47b
2019-10-25 11:07:55,986 [grpc-default-executor-4] INFO  impl.RoleInfo (RoleInfo.java:shutdownFollowerState(121)) - bdb27072-dd00-4d3b-a7da-41600e490ca3: shutdown FollowerState
2019-10-25 11:07:55,987 [grpc-default-executor-4] INFO  impl.RoleInfo (RoleInfo.java:updateAndGet(143)) - bdb27072-dd00-4d3b-a7da-41600e490ca3: start FollowerState
2019-10-25 11:07:55,987 [Thread-4789] INFO  impl.FollowerState (FollowerState.java:run(117)) - bdb27072-dd00-4d3b-a7da-41600e490ca3@group-49E82E920F3F-FollowerState was interrupted: java.lang.InterruptedException: sleep interrupted
2019-10-25 11:07:56,001 [f6cfa8a2-85ff-4bb9-a246-101c53d2d47b@group-49E82E920F3F-LeaderElection568] INFO  impl.LeaderElection (LeaderElection.java:logAndReturn(56)) - f6cfa8a2-85ff-4bb9-a246-101c53d2d47b@group-49E82E920F3F-LeaderElection568: Election REJECTED; received 1 response(s) [f6cfa8a2-85ff-4bb9-a246-101c53d2d47b<-bdb27072-dd00-4d3b-a7da-41600e490ca3#0:FAIL-t154] and 1 exception(s); f6cfa8a2-85ff-4bb9-a246-101c53d2d47b@group-49E82E920F3F:t154, leader=null, voted=f6cfa8a2-85ff-4bb9-a246-101c53d2d47b, raftlog=f6cfa8a2-85ff-4bb9-a246-101c53d2d47b@group-49E82E920F3F-SegmentedRaftLog:OPENED:c-1,f-1,i0, conf=-1: [7fad1e98-7a6b-4998-a30c-ec1ab88068bc:192.168.157.233:35716, bdb27072-dd00-4d3b-a7da-41600e490ca3:192.168.157.233:42906, f6cfa8a2-85ff-4bb9-a246-101c53d2d47b:192.168.157.233:44618], old=null
2019-10-25 11:07:56,001 [f6cfa8a2-85ff-4bb9-a246-101c53d2d47b@group-49E82E920F3F-LeaderElection568] INFO  impl.LeaderElection (LogUtils.java:infoOrTrace(149)) -   Exception 0: {}
java.util.concurrent.ExecutionException: org.apache.ratis.thirdparty.io.grpc.StatusRuntimeException: UNAVAILABLE: io exception
	at java.util.concurrent.FutureTask.report(FutureTask.java:122)
	at java.util.concurrent.FutureTask.get(FutureTask.java:192)
	at org.apache.ratis.server.impl.LeaderElection.waitForResults(LeaderElection.java:259)
	at org.apache.ratis.server.impl.LeaderElection.askForVotes(LeaderElection.java:197)
	at org.apache.ratis.server.impl.LeaderElection.run(LeaderElection.java:133)
	at java.lang.Thread.run(Thread.java:748)
Caused by: org.apache.ratis.thirdparty.io.grpc.StatusRuntimeException: UNAVAILABLE: io exception
	at org.apache.ratis.thirdparty.io.grpc.stub.ClientCalls.toStatusRuntimeException(ClientCalls.java:233)
	at org.apache.ratis.thirdparty.io.grpc.stub.ClientCalls.getUnchecked(ClientCalls.java:214)
	at org.apache.ratis.thirdparty.io.grpc.stub.ClientCalls.blockingUnaryCall(ClientCalls.java:139)
	at org.apache.ratis.proto.grpc.RaftServerProtocolServiceGrpc$RaftServerProtocolServiceBlockingStub.requestVote(RaftServerProtocolServiceGrpc.java:265)
	at org.apache.ratis.grpc.server.GrpcServerProtocolClient.requestVote(GrpcServerProtocolClient.java:99)
	at org.apache.ratis.grpc.server.GrpcService.requestVote(GrpcService.java:204)
	at org.apache.ratis.server.impl.LeaderElection.lambda$submitRequests$1(LeaderElection.java:234)
	at java.util.concurrent.FutureTask.run(FutureTask.java:266)
	at java.util.concurrent.Executors$RunnableAdapter.call(Executors.java:511)
	at java.util.concurrent.FutureTask.run(FutureTask.java:266)
	at java.util.concurrent.ThreadPoolExecutor.runWorker(ThreadPoolExecutor.java:1149)
	at java.util.concurrent.ThreadPoolExecutor$Worker.run(ThreadPoolExecutor.java:624)
	... 1 more
Caused by: org.apache.ratis.thirdparty.io.netty.channel.AbstractChannel$AnnotatedConnectException: Connection refused: /192.168.157.233:35716
	at sun.nio.ch.SocketChannelImpl.checkConnect(Native Method)
	at sun.nio.ch.SocketChannelImpl.finishConnect(SocketChannelImpl.java:717)
	at org.apache.ratis.thirdparty.io.netty.channel.socket.nio.NioSocketChannel.doFinishConnect(NioSocketChannel.java:327)
	at org.apache.ratis.thirdparty.io.netty.channel.nio.AbstractNioChannel$AbstractNioUnsafe.finishConnect(AbstractNioChannel.java:340)
	at org.apache.ratis.thirdparty.io.netty.channel.nio.NioEventLoop.processSelectedKey(NioEventLoop.java:632)
	at org.apache.ratis.thirdparty.io.netty.channel.nio.NioEventLoop.processSelectedKeysOptimized(NioEventLoop.java:579)
	at org.apache.ratis.thirdparty.io.netty.channel.nio.NioEventLoop.processSelectedKeys(NioEventLoop.java:496)
	at org.apache.ratis.thirdparty.io.netty.channel.nio.NioEventLoop.run(NioEventLoop.java:458)
	at org.apache.ratis.thirdparty.io.netty.util.concurrent.SingleThreadEventExecutor$5.run(SingleThreadEventExecutor.java:897)
	at org.apache.ratis.thirdparty.io.netty.util.concurrent.FastThreadLocalRunnable.run(FastThreadLocalRunnable.java:30)
	... 1 more
Caused by: java.net.ConnectException: Connection refused
	... 11 more
2019-10-25 11:07:56,001 [f6cfa8a2-85ff-4bb9-a246-101c53d2d47b@group-49E82E920F3F-LeaderElection568] INFO  impl.RaftServerImpl (RaftServerImpl.java:setRole(184)) - f6cfa8a2-85ff-4bb9-a246-101c53d2d47b@group-49E82E920F3F: changes role from CANDIDATE to FOLLOWER at term 154 for DISCOVERED_A_NEW_TERM
2019-10-25 11:07:56,001 [f6cfa8a2-85ff-4bb9-a246-101c53d2d47b@group-49E82E920F3F-LeaderElection568] INFO  impl.RoleInfo (RoleInfo.java:shutdownLeaderElection(134)) - f6cfa8a2-85ff-4bb9-a246-101c53d2d47b: shutdown LeaderElection
2019-10-25 11:07:56,002 [f6cfa8a2-85ff-4bb9-a246-101c53d2d47b@group-49E82E920F3F-LeaderElection568] INFO  impl.RoleInfo (RoleInfo.java:updateAndGet(143)) - f6cfa8a2-85ff-4bb9-a246-101c53d2d47b: start FollowerState
2019-10-25 11:07:56,071 [Thread-4796] INFO  impl.FollowerState (FollowerState.java:run(108)) - f6cfa8a2-85ff-4bb9-a246-101c53d2d47b@group-49E82E920F3F-FollowerState: change to CANDIDATE, lastRpcTime:69ms, electionTimeout:69ms
2019-10-25 11:07:56,072 [Thread-4796] INFO  impl.RoleInfo (RoleInfo.java:shutdownFollowerState(121)) - f6cfa8a2-85ff-4bb9-a246-101c53d2d47b: shutdown FollowerState
2019-10-25 11:07:56,072 [Thread-4796] INFO  impl.RaftServerImpl (RaftServerImpl.java:setRole(184)) - f6cfa8a2-85ff-4bb9-a246-101c53d2d47b@group-49E82E920F3F: changes role from  FOLLOWER to CANDIDATE at term 154 for changeToCandidate
2019-10-25 11:07:56,072 [Thread-4796] INFO  impl.RoleInfo (RoleInfo.java:updateAndGet(143)) - f6cfa8a2-85ff-4bb9-a246-101c53d2d47b: start LeaderElection
2019-10-25 11:07:56,085 [f6cfa8a2-85ff-4bb9-a246-101c53d2d47b@group-49E82E920F3F-LeaderElection569] INFO  impl.LeaderElection (LeaderElection.java:askForVotes(178)) - f6cfa8a2-85ff-4bb9-a246-101c53d2d47b@group-49E82E920F3F-LeaderElection569: begin an election at term 155 for -1: [7fad1e98-7a6b-4998-a30c-ec1ab88068bc:192.168.157.233:35716, bdb27072-dd00-4d3b-a7da-41600e490ca3:192.168.157.233:42906, f6cfa8a2-85ff-4bb9-a246-101c53d2d47b:192.168.157.233:44618], old=null
2019-10-25 11:07:56,086 [f6cfa8a2-85ff-4bb9-a246-101c53d2d47b@group-49E82E920F3F-LeaderElection569] INFO  impl.LeaderElection (LogUtils.java:infoOrTrace(149)) - f6cfa8a2-85ff-4bb9-a246-101c53d2d47b@group-49E82E920F3F-LeaderElection569 got exception when requesting votes: {}
java.util.concurrent.ExecutionException: org.apache.ratis.thirdparty.io.grpc.StatusRuntimeException: UNAVAILABLE: io exception
	at java.util.concurrent.FutureTask.report(FutureTask.java:122)
	at java.util.concurrent.FutureTask.get(FutureTask.java:192)
	at org.apache.ratis.server.impl.LeaderElection.waitForResults(LeaderElection.java:259)
	at org.apache.ratis.server.impl.LeaderElection.askForVotes(LeaderElection.java:197)
	at org.apache.ratis.server.impl.LeaderElection.run(LeaderElection.java:133)
	at java.lang.Thread.run(Thread.java:748)
Caused by: org.apache.ratis.thirdparty.io.grpc.StatusRuntimeException: UNAVAILABLE: io exception
	at org.apache.ratis.thirdparty.io.grpc.stub.ClientCalls.toStatusRuntimeException(ClientCalls.java:233)
	at org.apache.ratis.thirdparty.io.grpc.stub.ClientCalls.getUnchecked(ClientCalls.java:214)
	at org.apache.ratis.thirdparty.io.grpc.stub.ClientCalls.blockingUnaryCall(ClientCalls.java:139)
	at org.apache.ratis.proto.grpc.RaftServerProtocolServiceGrpc$RaftServerProtocolServiceBlockingStub.requestVote(RaftServerProtocolServiceGrpc.java:265)
	at org.apache.ratis.grpc.server.GrpcServerProtocolClient.requestVote(GrpcServerProtocolClient.java:99)
	at org.apache.ratis.grpc.server.GrpcService.requestVote(GrpcService.java:204)
	at org.apache.ratis.server.impl.LeaderElection.lambda$submitRequests$1(LeaderElection.java:234)
	at java.util.concurrent.FutureTask.run(FutureTask.java:266)
	at java.util.concurrent.Executors$RunnableAdapter.call(Executors.java:511)
	at java.util.concurrent.FutureTask.run(FutureTask.java:266)
	at java.util.concurrent.ThreadPoolExecutor.runWorker(ThreadPoolExecutor.java:1149)
	at java.util.concurrent.ThreadPoolExecutor$Worker.run(ThreadPoolExecutor.java:624)
	... 1 more
Caused by: org.apache.ratis.thirdparty.io.netty.channel.AbstractChannel$AnnotatedConnectException: Connection refused: /192.168.157.233:35716
	at sun.nio.ch.SocketChannelImpl.checkConnect(Native Method)
	at sun.nio.ch.SocketChannelImpl.finishConnect(SocketChannelImpl.java:717)
	at org.apache.ratis.thirdparty.io.netty.channel.socket.nio.NioSocketChannel.doFinishConnect(NioSocketChannel.java:327)
	at org.apache.ratis.thirdparty.io.netty.channel.nio.AbstractNioChannel$AbstractNioUnsafe.finishConnect(AbstractNioChannel.java:340)
	at org.apache.ratis.thirdparty.io.netty.channel.nio.NioEventLoop.processSelectedKey(NioEventLoop.java:632)
	at org.apache.ratis.thirdparty.io.netty.channel.nio.NioEventLoop.processSelectedKeysOptimized(NioEventLoop.java:579)
	at org.apache.ratis.thirdparty.io.netty.channel.nio.NioEventLoop.processSelectedKeys(NioEventLoop.java:496)
	at org.apache.ratis.thirdparty.io.netty.channel.nio.NioEventLoop.run(NioEventLoop.java:458)
	at org.apache.ratis.thirdparty.io.netty.util.concurrent.SingleThreadEventExecutor$5.run(SingleThreadEventExecutor.java:897)
	at org.apache.ratis.thirdparty.io.netty.util.concurrent.FastThreadLocalRunnable.run(FastThreadLocalRunnable.java:30)
	... 1 more
Caused by: java.net.ConnectException: Connection refused
	... 11 more
2019-10-25 11:07:56,089 [grpc-default-executor-4] INFO  impl.RaftServerImpl (RaftServerImpl.java:setRole(184)) - bdb27072-dd00-4d3b-a7da-41600e490ca3@group-49E82E920F3F: changes role from  FOLLOWER to FOLLOWER at term 155 for recognizeCandidate:f6cfa8a2-85ff-4bb9-a246-101c53d2d47b
2019-10-25 11:07:56,089 [grpc-default-executor-4] INFO  impl.RoleInfo (RoleInfo.java:shutdownFollowerState(121)) - bdb27072-dd00-4d3b-a7da-41600e490ca3: shutdown FollowerState
2019-10-25 11:07:56,090 [grpc-default-executor-4] INFO  impl.RoleInfo (RoleInfo.java:updateAndGet(143)) - bdb27072-dd00-4d3b-a7da-41600e490ca3: start FollowerState
2019-10-25 11:07:56,090 [Thread-4795] INFO  impl.FollowerState (FollowerState.java:run(117)) - bdb27072-dd00-4d3b-a7da-41600e490ca3@group-49E82E920F3F-FollowerState was interrupted: java.lang.InterruptedException: sleep interrupted
2019-10-25 11:07:56,103 [f6cfa8a2-85ff-4bb9-a246-101c53d2d47b@group-49E82E920F3F-LeaderElection569] INFO  impl.LeaderElection (LeaderElection.java:logAndReturn(56)) - f6cfa8a2-85ff-4bb9-a246-101c53d2d47b@group-49E82E920F3F-LeaderElection569: Election REJECTED; received 1 response(s) [f6cfa8a2-85ff-4bb9-a246-101c53d2d47b<-bdb27072-dd00-4d3b-a7da-41600e490ca3#0:FAIL-t155] and 1 exception(s); f6cfa8a2-85ff-4bb9-a246-101c53d2d47b@group-49E82E920F3F:t155, leader=null, voted=f6cfa8a2-85ff-4bb9-a246-101c53d2d47b, raftlog=f6cfa8a2-85ff-4bb9-a246-101c53d2d47b@group-49E82E920F3F-SegmentedRaftLog:OPENED:c-1,f-1,i0, conf=-1: [7fad1e98-7a6b-4998-a30c-ec1ab88068bc:192.168.157.233:35716, bdb27072-dd00-4d3b-a7da-41600e490ca3:192.168.157.233:42906, f6cfa8a2-85ff-4bb9-a246-101c53d2d47b:192.168.157.233:44618], old=null
2019-10-25 11:07:56,103 [f6cfa8a2-85ff-4bb9-a246-101c53d2d47b@group-49E82E920F3F-LeaderElection569] INFO  impl.LeaderElection (LogUtils.java:infoOrTrace(149)) -   Exception 0: {}
java.util.concurrent.ExecutionException: org.apache.ratis.thirdparty.io.grpc.StatusRuntimeException: UNAVAILABLE: io exception
	at java.util.concurrent.FutureTask.report(FutureTask.java:122)
	at java.util.concurrent.FutureTask.get(FutureTask.java:192)
	at org.apache.ratis.server.impl.LeaderElection.waitForResults(LeaderElection.java:259)
	at org.apache.ratis.server.impl.LeaderElection.askForVotes(LeaderElection.java:197)
	at org.apache.ratis.server.impl.LeaderElection.run(LeaderElection.java:133)
	at java.lang.Thread.run(Thread.java:748)
Caused by: org.apache.ratis.thirdparty.io.grpc.StatusRuntimeException: UNAVAILABLE: io exception
	at org.apache.ratis.thirdparty.io.grpc.stub.ClientCalls.toStatusRuntimeException(ClientCalls.java:233)
	at org.apache.ratis.thirdparty.io.grpc.stub.ClientCalls.getUnchecked(ClientCalls.java:214)
	at org.apache.ratis.thirdparty.io.grpc.stub.ClientCalls.blockingUnaryCall(ClientCalls.java:139)
	at org.apache.ratis.proto.grpc.RaftServerProtocolServiceGrpc$RaftServerProtocolServiceBlockingStub.requestVote(RaftServerProtocolServiceGrpc.java:265)
	at org.apache.ratis.grpc.server.GrpcServerProtocolClient.requestVote(GrpcServerProtocolClient.java:99)
	at org.apache.ratis.grpc.server.GrpcService.requestVote(GrpcService.java:204)
	at org.apache.ratis.server.impl.LeaderElection.lambda$submitRequests$1(LeaderElection.java:234)
	at java.util.concurrent.FutureTask.run(FutureTask.java:266)
	at java.util.concurrent.Executors$RunnableAdapter.call(Executors.java:511)
	at java.util.concurrent.FutureTask.run(FutureTask.java:266)
	at java.util.concurrent.ThreadPoolExecutor.runWorker(ThreadPoolExecutor.java:1149)
	at java.util.concurrent.ThreadPoolExecutor$Worker.run(ThreadPoolExecutor.java:624)
	... 1 more
Caused by: org.apache.ratis.thirdparty.io.netty.channel.AbstractChannel$AnnotatedConnectException: Connection refused: /192.168.157.233:35716
	at sun.nio.ch.SocketChannelImpl.checkConnect(Native Method)
	at sun.nio.ch.SocketChannelImpl.finishConnect(SocketChannelImpl.java:717)
	at org.apache.ratis.thirdparty.io.netty.channel.socket.nio.NioSocketChannel.doFinishConnect(NioSocketChannel.java:327)
	at org.apache.ratis.thirdparty.io.netty.channel.nio.AbstractNioChannel$AbstractNioUnsafe.finishConnect(AbstractNioChannel.java:340)
	at org.apache.ratis.thirdparty.io.netty.channel.nio.NioEventLoop.processSelectedKey(NioEventLoop.java:632)
	at org.apache.ratis.thirdparty.io.netty.channel.nio.NioEventLoop.processSelectedKeysOptimized(NioEventLoop.java:579)
	at org.apache.ratis.thirdparty.io.netty.channel.nio.NioEventLoop.processSelectedKeys(NioEventLoop.java:496)
	at org.apache.ratis.thirdparty.io.netty.channel.nio.NioEventLoop.run(NioEventLoop.java:458)
	at org.apache.ratis.thirdparty.io.netty.util.concurrent.SingleThreadEventExecutor$5.run(SingleThreadEventExecutor.java:897)
	at org.apache.ratis.thirdparty.io.netty.util.concurrent.FastThreadLocalRunnable.run(FastThreadLocalRunnable.java:30)
	... 1 more
Caused by: java.net.ConnectException: Connection refused
	... 11 more
2019-10-25 11:07:56,104 [f6cfa8a2-85ff-4bb9-a246-101c53d2d47b@group-49E82E920F3F-LeaderElection569] INFO  impl.RaftServerImpl (RaftServerImpl.java:setRole(184)) - f6cfa8a2-85ff-4bb9-a246-101c53d2d47b@group-49E82E920F3F: changes role from CANDIDATE to FOLLOWER at term 155 for DISCOVERED_A_NEW_TERM
2019-10-25 11:07:56,104 [f6cfa8a2-85ff-4bb9-a246-101c53d2d47b@group-49E82E920F3F-LeaderElection569] INFO  impl.RoleInfo (RoleInfo.java:shutdownLeaderElection(134)) - f6cfa8a2-85ff-4bb9-a246-101c53d2d47b: shutdown LeaderElection
2019-10-25 11:07:56,104 [f6cfa8a2-85ff-4bb9-a246-101c53d2d47b@group-49E82E920F3F-LeaderElection569] INFO  impl.RoleInfo (RoleInfo.java:updateAndGet(143)) - f6cfa8a2-85ff-4bb9-a246-101c53d2d47b: start FollowerState
2019-10-25 11:07:56,293 [Thread-4801] INFO  impl.FollowerState (FollowerState.java:run(108)) - f6cfa8a2-85ff-4bb9-a246-101c53d2d47b@group-49E82E920F3F-FollowerState: change to CANDIDATE, lastRpcTime:189ms, electionTimeout:189ms
2019-10-25 11:07:56,293 [Thread-4801] INFO  impl.RoleInfo (RoleInfo.java:shutdownFollowerState(121)) - f6cfa8a2-85ff-4bb9-a246-101c53d2d47b: shutdown FollowerState
2019-10-25 11:07:56,294 [Thread-4801] INFO  impl.RaftServerImpl (RaftServerImpl.java:setRole(184)) - f6cfa8a2-85ff-4bb9-a246-101c53d2d47b@group-49E82E920F3F: changes role from  FOLLOWER to CANDIDATE at term 155 for changeToCandidate
2019-10-25 11:07:56,294 [Thread-4801] INFO  impl.RoleInfo (RoleInfo.java:updateAndGet(143)) - f6cfa8a2-85ff-4bb9-a246-101c53d2d47b: start LeaderElection
2019-10-25 11:07:56,307 [f6cfa8a2-85ff-4bb9-a246-101c53d2d47b@group-49E82E920F3F-LeaderElection570] INFO  impl.LeaderElection (LeaderElection.java:askForVotes(178)) - f6cfa8a2-85ff-4bb9-a246-101c53d2d47b@group-49E82E920F3F-LeaderElection570: begin an election at term 156 for -1: [7fad1e98-7a6b-4998-a30c-ec1ab88068bc:192.168.157.233:35716, bdb27072-dd00-4d3b-a7da-41600e490ca3:192.168.157.233:42906, f6cfa8a2-85ff-4bb9-a246-101c53d2d47b:192.168.157.233:44618], old=null
2019-10-25 11:07:56,308 [f6cfa8a2-85ff-4bb9-a246-101c53d2d47b@group-49E82E920F3F-LeaderElection570] INFO  impl.LeaderElection (LogUtils.java:infoOrTrace(149)) - f6cfa8a2-85ff-4bb9-a246-101c53d2d47b@group-49E82E920F3F-LeaderElection570 got exception when requesting votes: {}
java.util.concurrent.ExecutionException: org.apache.ratis.thirdparty.io.grpc.StatusRuntimeException: UNAVAILABLE: io exception
	at java.util.concurrent.FutureTask.report(FutureTask.java:122)
	at java.util.concurrent.FutureTask.get(FutureTask.java:192)
	at org.apache.ratis.server.impl.LeaderElection.waitForResults(LeaderElection.java:259)
	at org.apache.ratis.server.impl.LeaderElection.askForVotes(LeaderElection.java:197)
	at org.apache.ratis.server.impl.LeaderElection.run(LeaderElection.java:133)
	at java.lang.Thread.run(Thread.java:748)
Caused by: org.apache.ratis.thirdparty.io.grpc.StatusRuntimeException: UNAVAILABLE: io exception
	at org.apache.ratis.thirdparty.io.grpc.stub.ClientCalls.toStatusRuntimeException(ClientCalls.java:233)
	at org.apache.ratis.thirdparty.io.grpc.stub.ClientCalls.getUnchecked(ClientCalls.java:214)
	at org.apache.ratis.thirdparty.io.grpc.stub.ClientCalls.blockingUnaryCall(ClientCalls.java:139)
	at org.apache.ratis.proto.grpc.RaftServerProtocolServiceGrpc$RaftServerProtocolServiceBlockingStub.requestVote(RaftServerProtocolServiceGrpc.java:265)
	at org.apache.ratis.grpc.server.GrpcServerProtocolClient.requestVote(GrpcServerProtocolClient.java:99)
	at org.apache.ratis.grpc.server.GrpcService.requestVote(GrpcService.java:204)
	at org.apache.ratis.server.impl.LeaderElection.lambda$submitRequests$1(LeaderElection.java:234)
	at java.util.concurrent.FutureTask.run(FutureTask.java:266)
	at java.util.concurrent.Executors$RunnableAdapter.call(Executors.java:511)
	at java.util.concurrent.FutureTask.run(FutureTask.java:266)
	at java.util.concurrent.ThreadPoolExecutor.runWorker(ThreadPoolExecutor.java:1149)
	at java.util.concurrent.ThreadPoolExecutor$Worker.run(ThreadPoolExecutor.java:624)
	... 1 more
Caused by: org.apache.ratis.thirdparty.io.netty.channel.AbstractChannel$AnnotatedConnectException: Connection refused: /192.168.157.233:35716
	at sun.nio.ch.SocketChannelImpl.checkConnect(Native Method)
	at sun.nio.ch.SocketChannelImpl.finishConnect(SocketChannelImpl.java:717)
	at org.apache.ratis.thirdparty.io.netty.channel.socket.nio.NioSocketChannel.doFinishConnect(NioSocketChannel.java:327)
	at org.apache.ratis.thirdparty.io.netty.channel.nio.AbstractNioChannel$AbstractNioUnsafe.finishConnect(AbstractNioChannel.java:340)
	at org.apache.ratis.thirdparty.io.netty.channel.nio.NioEventLoop.processSelectedKey(NioEventLoop.java:632)
	at org.apache.ratis.thirdparty.io.netty.channel.nio.NioEventLoop.processSelectedKeysOptimized(NioEventLoop.java:579)
	at org.apache.ratis.thirdparty.io.netty.channel.nio.NioEventLoop.processSelectedKeys(NioEventLoop.java:496)
	at org.apache.ratis.thirdparty.io.netty.channel.nio.NioEventLoop.run(NioEventLoop.java:458)
	at org.apache.ratis.thirdparty.io.netty.util.concurrent.SingleThreadEventExecutor$5.run(SingleThreadEventExecutor.java:897)
	at org.apache.ratis.thirdparty.io.netty.util.concurrent.FastThreadLocalRunnable.run(FastThreadLocalRunnable.java:30)
	... 1 more
Caused by: java.net.ConnectException: Connection refused
	... 11 more
2019-10-25 11:07:56,311 [grpc-default-executor-9] INFO  impl.RaftServerImpl (RaftServerImpl.java:setRole(184)) - bdb27072-dd00-4d3b-a7da-41600e490ca3@group-49E82E920F3F: changes role from  FOLLOWER to FOLLOWER at term 156 for recognizeCandidate:f6cfa8a2-85ff-4bb9-a246-101c53d2d47b
2019-10-25 11:07:56,311 [grpc-default-executor-9] INFO  impl.RoleInfo (RoleInfo.java:shutdownFollowerState(121)) - bdb27072-dd00-4d3b-a7da-41600e490ca3: shutdown FollowerState
2019-10-25 11:07:56,312 [grpc-default-executor-9] INFO  impl.RoleInfo (RoleInfo.java:updateAndGet(143)) - bdb27072-dd00-4d3b-a7da-41600e490ca3: start FollowerState
2019-10-25 11:07:56,312 [Thread-4800] INFO  impl.FollowerState (FollowerState.java:run(117)) - bdb27072-dd00-4d3b-a7da-41600e490ca3@group-49E82E920F3F-FollowerState was interrupted: java.lang.InterruptedException: sleep interrupted
2019-10-25 11:07:56,328 [f6cfa8a2-85ff-4bb9-a246-101c53d2d47b@group-49E82E920F3F-LeaderElection570] INFO  impl.LeaderElection (LeaderElection.java:logAndReturn(56)) - f6cfa8a2-85ff-4bb9-a246-101c53d2d47b@group-49E82E920F3F-LeaderElection570: Election REJECTED; received 1 response(s) [f6cfa8a2-85ff-4bb9-a246-101c53d2d47b<-bdb27072-dd00-4d3b-a7da-41600e490ca3#0:FAIL-t156] and 1 exception(s); f6cfa8a2-85ff-4bb9-a246-101c53d2d47b@group-49E82E920F3F:t156, leader=null, voted=f6cfa8a2-85ff-4bb9-a246-101c53d2d47b, raftlog=f6cfa8a2-85ff-4bb9-a246-101c53d2d47b@group-49E82E920F3F-SegmentedRaftLog:OPENED:c-1,f-1,i0, conf=-1: [7fad1e98-7a6b-4998-a30c-ec1ab88068bc:192.168.157.233:35716, bdb27072-dd00-4d3b-a7da-41600e490ca3:192.168.157.233:42906, f6cfa8a2-85ff-4bb9-a246-101c53d2d47b:192.168.157.233:44618], old=null
2019-10-25 11:07:56,328 [f6cfa8a2-85ff-4bb9-a246-101c53d2d47b@group-49E82E920F3F-LeaderElection570] INFO  impl.LeaderElection (LogUtils.java:infoOrTrace(149)) -   Exception 0: {}
java.util.concurrent.ExecutionException: org.apache.ratis.thirdparty.io.grpc.StatusRuntimeException: UNAVAILABLE: io exception
	at java.util.concurrent.FutureTask.report(FutureTask.java:122)
	at java.util.concurrent.FutureTask.get(FutureTask.java:192)
	at org.apache.ratis.server.impl.LeaderElection.waitForResults(LeaderElection.java:259)
	at org.apache.ratis.server.impl.LeaderElection.askForVotes(LeaderElection.java:197)
	at org.apache.ratis.server.impl.LeaderElection.run(LeaderElection.java:133)
	at java.lang.Thread.run(Thread.java:748)
Caused by: org.apache.ratis.thirdparty.io.grpc.StatusRuntimeException: UNAVAILABLE: io exception
	at org.apache.ratis.thirdparty.io.grpc.stub.ClientCalls.toStatusRuntimeException(ClientCalls.java:233)
	at org.apache.ratis.thirdparty.io.grpc.stub.ClientCalls.getUnchecked(ClientCalls.java:214)
	at org.apache.ratis.thirdparty.io.grpc.stub.ClientCalls.blockingUnaryCall(ClientCalls.java:139)
	at org.apache.ratis.proto.grpc.RaftServerProtocolServiceGrpc$RaftServerProtocolServiceBlockingStub.requestVote(RaftServerProtocolServiceGrpc.java:265)
	at org.apache.ratis.grpc.server.GrpcServerProtocolClient.requestVote(GrpcServerProtocolClient.java:99)
	at org.apache.ratis.grpc.server.GrpcService.requestVote(GrpcService.java:204)
	at org.apache.ratis.server.impl.LeaderElection.lambda$submitRequests$1(LeaderElection.java:234)
	at java.util.concurrent.FutureTask.run(FutureTask.java:266)
	at java.util.concurrent.Executors$RunnableAdapter.call(Executors.java:511)
	at java.util.concurrent.FutureTask.run(FutureTask.java:266)
	at java.util.concurrent.ThreadPoolExecutor.runWorker(ThreadPoolExecutor.java:1149)
	at java.util.concurrent.ThreadPoolExecutor$Worker.run(ThreadPoolExecutor.java:624)
	... 1 more
Caused by: org.apache.ratis.thirdparty.io.netty.channel.AbstractChannel$AnnotatedConnectException: Connection refused: /192.168.157.233:35716
	at sun.nio.ch.SocketChannelImpl.checkConnect(Native Method)
	at sun.nio.ch.SocketChannelImpl.finishConnect(SocketChannelImpl.java:717)
	at org.apache.ratis.thirdparty.io.netty.channel.socket.nio.NioSocketChannel.doFinishConnect(NioSocketChannel.java:327)
	at org.apache.ratis.thirdparty.io.netty.channel.nio.AbstractNioChannel$AbstractNioUnsafe.finishConnect(AbstractNioChannel.java:340)
	at org.apache.ratis.thirdparty.io.netty.channel.nio.NioEventLoop.processSelectedKey(NioEventLoop.java:632)
	at org.apache.ratis.thirdparty.io.netty.channel.nio.NioEventLoop.processSelectedKeysOptimized(NioEventLoop.java:579)
	at org.apache.ratis.thirdparty.io.netty.channel.nio.NioEventLoop.processSelectedKeys(NioEventLoop.java:496)
	at org.apache.ratis.thirdparty.io.netty.channel.nio.NioEventLoop.run(NioEventLoop.java:458)
	at org.apache.ratis.thirdparty.io.netty.util.concurrent.SingleThreadEventExecutor$5.run(SingleThreadEventExecutor.java:897)
	at org.apache.ratis.thirdparty.io.netty.util.concurrent.FastThreadLocalRunnable.run(FastThreadLocalRunnable.java:30)
	... 1 more
Caused by: java.net.ConnectException: Connection refused
	... 11 more
2019-10-25 11:07:56,328 [f6cfa8a2-85ff-4bb9-a246-101c53d2d47b@group-49E82E920F3F-LeaderElection570] INFO  impl.RaftServerImpl (RaftServerImpl.java:setRole(184)) - f6cfa8a2-85ff-4bb9-a246-101c53d2d47b@group-49E82E920F3F: changes role from CANDIDATE to FOLLOWER at term 156 for DISCOVERED_A_NEW_TERM
2019-10-25 11:07:56,328 [f6cfa8a2-85ff-4bb9-a246-101c53d2d47b@group-49E82E920F3F-LeaderElection570] INFO  impl.RoleInfo (RoleInfo.java:shutdownLeaderElection(134)) - f6cfa8a2-85ff-4bb9-a246-101c53d2d47b: shutdown LeaderElection
2019-10-25 11:07:56,328 [f6cfa8a2-85ff-4bb9-a246-101c53d2d47b@group-49E82E920F3F-LeaderElection570] INFO  impl.RoleInfo (RoleInfo.java:updateAndGet(143)) - f6cfa8a2-85ff-4bb9-a246-101c53d2d47b: start FollowerState
2019-10-25 11:07:56,519 [Thread-4808] INFO  impl.FollowerState (FollowerState.java:run(108)) - f6cfa8a2-85ff-4bb9-a246-101c53d2d47b@group-49E82E920F3F-FollowerState: change to CANDIDATE, lastRpcTime:190ms, electionTimeout:190ms
2019-10-25 11:07:56,519 [Thread-4808] INFO  impl.RoleInfo (RoleInfo.java:shutdownFollowerState(121)) - f6cfa8a2-85ff-4bb9-a246-101c53d2d47b: shutdown FollowerState
2019-10-25 11:07:56,519 [Thread-4808] INFO  impl.RaftServerImpl (RaftServerImpl.java:setRole(184)) - f6cfa8a2-85ff-4bb9-a246-101c53d2d47b@group-49E82E920F3F: changes role from  FOLLOWER to CANDIDATE at term 156 for changeToCandidate
2019-10-25 11:07:56,519 [Thread-4808] INFO  impl.RoleInfo (RoleInfo.java:updateAndGet(143)) - f6cfa8a2-85ff-4bb9-a246-101c53d2d47b: start LeaderElection
2019-10-25 11:07:56,545 [f6cfa8a2-85ff-4bb9-a246-101c53d2d47b@group-49E82E920F3F-LeaderElection571] INFO  impl.LeaderElection (LeaderElection.java:askForVotes(178)) - f6cfa8a2-85ff-4bb9-a246-101c53d2d47b@group-49E82E920F3F-LeaderElection571: begin an election at term 157 for -1: [7fad1e98-7a6b-4998-a30c-ec1ab88068bc:192.168.157.233:35716, bdb27072-dd00-4d3b-a7da-41600e490ca3:192.168.157.233:42906, f6cfa8a2-85ff-4bb9-a246-101c53d2d47b:192.168.157.233:44618], old=null
2019-10-25 11:07:56,546 [f6cfa8a2-85ff-4bb9-a246-101c53d2d47b@group-49E82E920F3F-LeaderElection571] INFO  impl.LeaderElection (LogUtils.java:infoOrTrace(149)) - f6cfa8a2-85ff-4bb9-a246-101c53d2d47b@group-49E82E920F3F-LeaderElection571 got exception when requesting votes: {}
java.util.concurrent.ExecutionException: org.apache.ratis.thirdparty.io.grpc.StatusRuntimeException: UNAVAILABLE: io exception
	at java.util.concurrent.FutureTask.report(FutureTask.java:122)
	at java.util.concurrent.FutureTask.get(FutureTask.java:192)
	at org.apache.ratis.server.impl.LeaderElection.waitForResults(LeaderElection.java:259)
	at org.apache.ratis.server.impl.LeaderElection.askForVotes(LeaderElection.java:197)
	at org.apache.ratis.server.impl.LeaderElection.run(LeaderElection.java:133)
	at java.lang.Thread.run(Thread.java:748)
Caused by: org.apache.ratis.thirdparty.io.grpc.StatusRuntimeException: UNAVAILABLE: io exception
	at org.apache.ratis.thirdparty.io.grpc.stub.ClientCalls.toStatusRuntimeException(ClientCalls.java:233)
	at org.apache.ratis.thirdparty.io.grpc.stub.ClientCalls.getUnchecked(ClientCalls.java:214)
	at org.apache.ratis.thirdparty.io.grpc.stub.ClientCalls.blockingUnaryCall(ClientCalls.java:139)
	at org.apache.ratis.proto.grpc.RaftServerProtocolServiceGrpc$RaftServerProtocolServiceBlockingStub.requestVote(RaftServerProtocolServiceGrpc.java:265)
	at org.apache.ratis.grpc.server.GrpcServerProtocolClient.requestVote(GrpcServerProtocolClient.java:99)
	at org.apache.ratis.grpc.server.GrpcService.requestVote(GrpcService.java:204)
	at org.apache.ratis.server.impl.LeaderElection.lambda$submitRequests$1(LeaderElection.java:234)
	at java.util.concurrent.FutureTask.run(FutureTask.java:266)
	at java.util.concurrent.Executors$RunnableAdapter.call(Executors.java:511)
	at java.util.concurrent.FutureTask.run(FutureTask.java:266)
	at java.util.concurrent.ThreadPoolExecutor.runWorker(ThreadPoolExecutor.java:1149)
	at java.util.concurrent.ThreadPoolExecutor$Worker.run(ThreadPoolExecutor.java:624)
	... 1 more
Caused by: org.apache.ratis.thirdparty.io.netty.channel.AbstractChannel$AnnotatedConnectException: Connection refused: /192.168.157.233:35716
	at sun.nio.ch.SocketChannelImpl.checkConnect(Native Method)
	at sun.nio.ch.SocketChannelImpl.finishConnect(SocketChannelImpl.java:717)
	at org.apache.ratis.thirdparty.io.netty.channel.socket.nio.NioSocketChannel.doFinishConnect(NioSocketChannel.java:327)
	at org.apache.ratis.thirdparty.io.netty.channel.nio.AbstractNioChannel$AbstractNioUnsafe.finishConnect(AbstractNioChannel.java:340)
	at org.apache.ratis.thirdparty.io.netty.channel.nio.NioEventLoop.processSelectedKey(NioEventLoop.java:632)
	at org.apache.ratis.thirdparty.io.netty.channel.nio.NioEventLoop.processSelectedKeysOptimized(NioEventLoop.java:579)
	at org.apache.ratis.thirdparty.io.netty.channel.nio.NioEventLoop.processSelectedKeys(NioEventLoop.java:496)
	at org.apache.ratis.thirdparty.io.netty.channel.nio.NioEventLoop.run(NioEventLoop.java:458)
	at org.apache.ratis.thirdparty.io.netty.util.concurrent.SingleThreadEventExecutor$5.run(SingleThreadEventExecutor.java:897)
	at org.apache.ratis.thirdparty.io.netty.util.concurrent.FastThreadLocalRunnable.run(FastThreadLocalRunnable.java:30)
	... 1 more
Caused by: java.net.ConnectException: Connection refused
	... 11 more
2019-10-25 11:07:56,548 [grpc-default-executor-9] INFO  impl.RaftServerImpl (RaftServerImpl.java:setRole(184)) - bdb27072-dd00-4d3b-a7da-41600e490ca3@group-49E82E920F3F: changes role from  FOLLOWER to FOLLOWER at term 157 for recognizeCandidate:f6cfa8a2-85ff-4bb9-a246-101c53d2d47b
2019-10-25 11:07:56,549 [grpc-default-executor-9] INFO  impl.RoleInfo (RoleInfo.java:shutdownFollowerState(121)) - bdb27072-dd00-4d3b-a7da-41600e490ca3: shutdown FollowerState
2019-10-25 11:07:56,549 [grpc-default-executor-9] INFO  impl.RoleInfo (RoleInfo.java:updateAndGet(143)) - bdb27072-dd00-4d3b-a7da-41600e490ca3: start FollowerState
2019-10-25 11:07:56,549 [Thread-4807] INFO  impl.FollowerState (FollowerState.java:run(117)) - bdb27072-dd00-4d3b-a7da-41600e490ca3@group-49E82E920F3F-FollowerState was interrupted: java.lang.InterruptedException: sleep interrupted
2019-10-25 11:07:56,574 [f6cfa8a2-85ff-4bb9-a246-101c53d2d47b@group-49E82E920F3F-LeaderElection571] INFO  impl.LeaderElection (LeaderElection.java:logAndReturn(56)) - f6cfa8a2-85ff-4bb9-a246-101c53d2d47b@group-49E82E920F3F-LeaderElection571: Election REJECTED; received 1 response(s) [f6cfa8a2-85ff-4bb9-a246-101c53d2d47b<-bdb27072-dd00-4d3b-a7da-41600e490ca3#0:FAIL-t157] and 1 exception(s); f6cfa8a2-85ff-4bb9-a246-101c53d2d47b@group-49E82E920F3F:t157, leader=null, voted=f6cfa8a2-85ff-4bb9-a246-101c53d2d47b, raftlog=f6cfa8a2-85ff-4bb9-a246-101c53d2d47b@group-49E82E920F3F-SegmentedRaftLog:OPENED:c-1,f-1,i0, conf=-1: [7fad1e98-7a6b-4998-a30c-ec1ab88068bc:192.168.157.233:35716, bdb27072-dd00-4d3b-a7da-41600e490ca3:192.168.157.233:42906, f6cfa8a2-85ff-4bb9-a246-101c53d2d47b:192.168.157.233:44618], old=null
2019-10-25 11:07:56,574 [f6cfa8a2-85ff-4bb9-a246-101c53d2d47b@group-49E82E920F3F-LeaderElection571] INFO  impl.LeaderElection (LogUtils.java:infoOrTrace(149)) -   Exception 0: {}
java.util.concurrent.ExecutionException: org.apache.ratis.thirdparty.io.grpc.StatusRuntimeException: UNAVAILABLE: io exception
	at java.util.concurrent.FutureTask.report(FutureTask.java:122)
	at java.util.concurrent.FutureTask.get(FutureTask.java:192)
	at org.apache.ratis.server.impl.LeaderElection.waitForResults(LeaderElection.java:259)
	at org.apache.ratis.server.impl.LeaderElection.askForVotes(LeaderElection.java:197)
	at org.apache.ratis.server.impl.LeaderElection.run(LeaderElection.java:133)
	at java.lang.Thread.run(Thread.java:748)
Caused by: org.apache.ratis.thirdparty.io.grpc.StatusRuntimeException: UNAVAILABLE: io exception
	at org.apache.ratis.thirdparty.io.grpc.stub.ClientCalls.toStatusRuntimeException(ClientCalls.java:233)
	at org.apache.ratis.thirdparty.io.grpc.stub.ClientCalls.getUnchecked(ClientCalls.java:214)
	at org.apache.ratis.thirdparty.io.grpc.stub.ClientCalls.blockingUnaryCall(ClientCalls.java:139)
	at org.apache.ratis.proto.grpc.RaftServerProtocolServiceGrpc$RaftServerProtocolServiceBlockingStub.requestVote(RaftServerProtocolServiceGrpc.java:265)
	at org.apache.ratis.grpc.server.GrpcServerProtocolClient.requestVote(GrpcServerProtocolClient.java:99)
	at org.apache.ratis.grpc.server.GrpcService.requestVote(GrpcService.java:204)
	at org.apache.ratis.server.impl.LeaderElection.lambda$submitRequests$1(LeaderElection.java:234)
	at java.util.concurrent.FutureTask.run(FutureTask.java:266)
	at java.util.concurrent.Executors$RunnableAdapter.call(Executors.java:511)
	at java.util.concurrent.FutureTask.run(FutureTask.java:266)
	at java.util.concurrent.ThreadPoolExecutor.runWorker(ThreadPoolExecutor.java:1149)
	at java.util.concurrent.ThreadPoolExecutor$Worker.run(ThreadPoolExecutor.java:624)
	... 1 more
Caused by: org.apache.ratis.thirdparty.io.netty.channel.AbstractChannel$AnnotatedConnectException: Connection refused: /192.168.157.233:35716
	at sun.nio.ch.SocketChannelImpl.checkConnect(Native Method)
	at sun.nio.ch.SocketChannelImpl.finishConnect(SocketChannelImpl.java:717)
	at org.apache.ratis.thirdparty.io.netty.channel.socket.nio.NioSocketChannel.doFinishConnect(NioSocketChannel.java:327)
	at org.apache.ratis.thirdparty.io.netty.channel.nio.AbstractNioChannel$AbstractNioUnsafe.finishConnect(AbstractNioChannel.java:340)
	at org.apache.ratis.thirdparty.io.netty.channel.nio.NioEventLoop.processSelectedKey(NioEventLoop.java:632)
	at org.apache.ratis.thirdparty.io.netty.channel.nio.NioEventLoop.processSelectedKeysOptimized(NioEventLoop.java:579)
	at org.apache.ratis.thirdparty.io.netty.channel.nio.NioEventLoop.processSelectedKeys(NioEventLoop.java:496)
	at org.apache.ratis.thirdparty.io.netty.channel.nio.NioEventLoop.run(NioEventLoop.java:458)
	at org.apache.ratis.thirdparty.io.netty.util.concurrent.SingleThreadEventExecutor$5.run(SingleThreadEventExecutor.java:897)
	at org.apache.ratis.thirdparty.io.netty.util.concurrent.FastThreadLocalRunnable.run(FastThreadLocalRunnable.java:30)
	... 1 more
Caused by: java.net.ConnectException: Connection refused
	... 11 more
2019-10-25 11:07:56,574 [f6cfa8a2-85ff-4bb9-a246-101c53d2d47b@group-49E82E920F3F-LeaderElection571] INFO  impl.RaftServerImpl (RaftServerImpl.java:setRole(184)) - f6cfa8a2-85ff-4bb9-a246-101c53d2d47b@group-49E82E920F3F: changes role from CANDIDATE to FOLLOWER at term 157 for DISCOVERED_A_NEW_TERM
2019-10-25 11:07:56,575 [f6cfa8a2-85ff-4bb9-a246-101c53d2d47b@group-49E82E920F3F-LeaderElection571] INFO  impl.RoleInfo (RoleInfo.java:shutdownLeaderElection(134)) - f6cfa8a2-85ff-4bb9-a246-101c53d2d47b: shutdown LeaderElection
2019-10-25 11:07:56,575 [f6cfa8a2-85ff-4bb9-a246-101c53d2d47b@group-49E82E920F3F-LeaderElection571] INFO  impl.RoleInfo (RoleInfo.java:updateAndGet(143)) - f6cfa8a2-85ff-4bb9-a246-101c53d2d47b: start FollowerState
2019-10-25 11:07:56,612 [Thread-4814] INFO  impl.FollowerState (FollowerState.java:run(108)) - f6cfa8a2-85ff-4bb9-a246-101c53d2d47b@group-49E82E920F3F-FollowerState: change to CANDIDATE, lastRpcTime:37ms, electionTimeout:37ms
2019-10-25 11:07:56,612 [Thread-4814] INFO  impl.RoleInfo (RoleInfo.java:shutdownFollowerState(121)) - f6cfa8a2-85ff-4bb9-a246-101c53d2d47b: shutdown FollowerState
2019-10-25 11:07:56,612 [Thread-4814] INFO  impl.RaftServerImpl (RaftServerImpl.java:setRole(184)) - f6cfa8a2-85ff-4bb9-a246-101c53d2d47b@group-49E82E920F3F: changes role from  FOLLOWER to CANDIDATE at term 157 for changeToCandidate
2019-10-25 11:07:56,612 [Thread-4814] INFO  impl.RoleInfo (RoleInfo.java:updateAndGet(143)) - f6cfa8a2-85ff-4bb9-a246-101c53d2d47b: start LeaderElection
2019-10-25 11:07:56,626 [f6cfa8a2-85ff-4bb9-a246-101c53d2d47b@group-49E82E920F3F-LeaderElection572] INFO  impl.LeaderElection (LeaderElection.java:askForVotes(178)) - f6cfa8a2-85ff-4bb9-a246-101c53d2d47b@group-49E82E920F3F-LeaderElection572: begin an election at term 158 for -1: [7fad1e98-7a6b-4998-a30c-ec1ab88068bc:192.168.157.233:35716, bdb27072-dd00-4d3b-a7da-41600e490ca3:192.168.157.233:42906, f6cfa8a2-85ff-4bb9-a246-101c53d2d47b:192.168.157.233:44618], old=null
2019-10-25 11:07:56,627 [f6cfa8a2-85ff-4bb9-a246-101c53d2d47b@group-49E82E920F3F-LeaderElection572] INFO  impl.LeaderElection (LogUtils.java:infoOrTrace(149)) - f6cfa8a2-85ff-4bb9-a246-101c53d2d47b@group-49E82E920F3F-LeaderElection572 got exception when requesting votes: {}
java.util.concurrent.ExecutionException: org.apache.ratis.thirdparty.io.grpc.StatusRuntimeException: UNAVAILABLE: io exception
	at java.util.concurrent.FutureTask.report(FutureTask.java:122)
	at java.util.concurrent.FutureTask.get(FutureTask.java:192)
	at org.apache.ratis.server.impl.LeaderElection.waitForResults(LeaderElection.java:259)
	at org.apache.ratis.server.impl.LeaderElection.askForVotes(LeaderElection.java:197)
	at org.apache.ratis.server.impl.LeaderElection.run(LeaderElection.java:133)
	at java.lang.Thread.run(Thread.java:748)
Caused by: org.apache.ratis.thirdparty.io.grpc.StatusRuntimeException: UNAVAILABLE: io exception
	at org.apache.ratis.thirdparty.io.grpc.stub.ClientCalls.toStatusRuntimeException(ClientCalls.java:233)
	at org.apache.ratis.thirdparty.io.grpc.stub.ClientCalls.getUnchecked(ClientCalls.java:214)
	at org.apache.ratis.thirdparty.io.grpc.stub.ClientCalls.blockingUnaryCall(ClientCalls.java:139)
	at org.apache.ratis.proto.grpc.RaftServerProtocolServiceGrpc$RaftServerProtocolServiceBlockingStub.requestVote(RaftServerProtocolServiceGrpc.java:265)
	at org.apache.ratis.grpc.server.GrpcServerProtocolClient.requestVote(GrpcServerProtocolClient.java:99)
	at org.apache.ratis.grpc.server.GrpcService.requestVote(GrpcService.java:204)
	at org.apache.ratis.server.impl.LeaderElection.lambda$submitRequests$1(LeaderElection.java:234)
	at java.util.concurrent.FutureTask.run(FutureTask.java:266)
	at java.util.concurrent.Executors$RunnableAdapter.call(Executors.java:511)
	at java.util.concurrent.FutureTask.run(FutureTask.java:266)
	at java.util.concurrent.ThreadPoolExecutor.runWorker(ThreadPoolExecutor.java:1149)
	at java.util.concurrent.ThreadPoolExecutor$Worker.run(ThreadPoolExecutor.java:624)
	... 1 more
Caused by: org.apache.ratis.thirdparty.io.netty.channel.AbstractChannel$AnnotatedConnectException: Connection refused: /192.168.157.233:35716
	at sun.nio.ch.SocketChannelImpl.checkConnect(Native Method)
	at sun.nio.ch.SocketChannelImpl.finishConnect(SocketChannelImpl.java:717)
	at org.apache.ratis.thirdparty.io.netty.channel.socket.nio.NioSocketChannel.doFinishConnect(NioSocketChannel.java:327)
	at org.apache.ratis.thirdparty.io.netty.channel.nio.AbstractNioChannel$AbstractNioUnsafe.finishConnect(AbstractNioChannel.java:340)
	at org.apache.ratis.thirdparty.io.netty.channel.nio.NioEventLoop.processSelectedKey(NioEventLoop.java:632)
	at org.apache.ratis.thirdparty.io.netty.channel.nio.NioEventLoop.processSelectedKeysOptimized(NioEventLoop.java:579)
	at org.apache.ratis.thirdparty.io.netty.channel.nio.NioEventLoop.processSelectedKeys(NioEventLoop.java:496)
	at org.apache.ratis.thirdparty.io.netty.channel.nio.NioEventLoop.run(NioEventLoop.java:458)
	at org.apache.ratis.thirdparty.io.netty.util.concurrent.SingleThreadEventExecutor$5.run(SingleThreadEventExecutor.java:897)
	at org.apache.ratis.thirdparty.io.netty.util.concurrent.FastThreadLocalRunnable.run(FastThreadLocalRunnable.java:30)
	... 1 more
Caused by: java.net.ConnectException: Connection refused
	... 11 more
2019-10-25 11:07:56,629 [grpc-default-executor-9] INFO  impl.RaftServerImpl (RaftServerImpl.java:setRole(184)) - bdb27072-dd00-4d3b-a7da-41600e490ca3@group-49E82E920F3F: changes role from  FOLLOWER to FOLLOWER at term 158 for recognizeCandidate:f6cfa8a2-85ff-4bb9-a246-101c53d2d47b
2019-10-25 11:07:56,630 [grpc-default-executor-9] INFO  impl.RoleInfo (RoleInfo.java:shutdownFollowerState(121)) - bdb27072-dd00-4d3b-a7da-41600e490ca3: shutdown FollowerState
2019-10-25 11:07:56,630 [grpc-default-executor-9] INFO  impl.RoleInfo (RoleInfo.java:updateAndGet(143)) - bdb27072-dd00-4d3b-a7da-41600e490ca3: start FollowerState
2019-10-25 11:07:56,630 [Thread-4813] INFO  impl.FollowerState (FollowerState.java:run(117)) - bdb27072-dd00-4d3b-a7da-41600e490ca3@group-49E82E920F3F-FollowerState was interrupted: java.lang.InterruptedException: sleep interrupted
2019-10-25 11:07:56,645 [f6cfa8a2-85ff-4bb9-a246-101c53d2d47b@group-49E82E920F3F-LeaderElection572] INFO  impl.LeaderElection (LeaderElection.java:logAndReturn(56)) - f6cfa8a2-85ff-4bb9-a246-101c53d2d47b@group-49E82E920F3F-LeaderElection572: Election REJECTED; received 1 response(s) [f6cfa8a2-85ff-4bb9-a246-101c53d2d47b<-bdb27072-dd00-4d3b-a7da-41600e490ca3#0:FAIL-t158] and 1 exception(s); f6cfa8a2-85ff-4bb9-a246-101c53d2d47b@group-49E82E920F3F:t158, leader=null, voted=f6cfa8a2-85ff-4bb9-a246-101c53d2d47b, raftlog=f6cfa8a2-85ff-4bb9-a246-101c53d2d47b@group-49E82E920F3F-SegmentedRaftLog:OPENED:c-1,f-1,i0, conf=-1: [7fad1e98-7a6b-4998-a30c-ec1ab88068bc:192.168.157.233:35716, bdb27072-dd00-4d3b-a7da-41600e490ca3:192.168.157.233:42906, f6cfa8a2-85ff-4bb9-a246-101c53d2d47b:192.168.157.233:44618], old=null
2019-10-25 11:07:56,645 [f6cfa8a2-85ff-4bb9-a246-101c53d2d47b@group-49E82E920F3F-LeaderElection572] INFO  impl.LeaderElection (LogUtils.java:infoOrTrace(149)) -   Exception 0: {}
java.util.concurrent.ExecutionException: org.apache.ratis.thirdparty.io.grpc.StatusRuntimeException: UNAVAILABLE: io exception
	at java.util.concurrent.FutureTask.report(FutureTask.java:122)
	at java.util.concurrent.FutureTask.get(FutureTask.java:192)
	at org.apache.ratis.server.impl.LeaderElection.waitForResults(LeaderElection.java:259)
	at org.apache.ratis.server.impl.LeaderElection.askForVotes(LeaderElection.java:197)
	at org.apache.ratis.server.impl.LeaderElection.run(LeaderElection.java:133)
	at java.lang.Thread.run(Thread.java:748)
Caused by: org.apache.ratis.thirdparty.io.grpc.StatusRuntimeException: UNAVAILABLE: io exception
	at org.apache.ratis.thirdparty.io.grpc.stub.ClientCalls.toStatusRuntimeException(ClientCalls.java:233)
	at org.apache.ratis.thirdparty.io.grpc.stub.ClientCalls.getUnchecked(ClientCalls.java:214)
	at org.apache.ratis.thirdparty.io.grpc.stub.ClientCalls.blockingUnaryCall(ClientCalls.java:139)
	at org.apache.ratis.proto.grpc.RaftServerProtocolServiceGrpc$RaftServerProtocolServiceBlockingStub.requestVote(RaftServerProtocolServiceGrpc.java:265)
	at org.apache.ratis.grpc.server.GrpcServerProtocolClient.requestVote(GrpcServerProtocolClient.java:99)
	at org.apache.ratis.grpc.server.GrpcService.requestVote(GrpcService.java:204)
	at org.apache.ratis.server.impl.LeaderElection.lambda$submitRequests$1(LeaderElection.java:234)
	at java.util.concurrent.FutureTask.run(FutureTask.java:266)
	at java.util.concurrent.Executors$RunnableAdapter.call(Executors.java:511)
	at java.util.concurrent.FutureTask.run(FutureTask.java:266)
	at java.util.concurrent.ThreadPoolExecutor.runWorker(ThreadPoolExecutor.java:1149)
	at java.util.concurrent.ThreadPoolExecutor$Worker.run(ThreadPoolExecutor.java:624)
	... 1 more
Caused by: org.apache.ratis.thirdparty.io.netty.channel.AbstractChannel$AnnotatedConnectException: Connection refused: /192.168.157.233:35716
	at sun.nio.ch.SocketChannelImpl.checkConnect(Native Method)
	at sun.nio.ch.SocketChannelImpl.finishConnect(SocketChannelImpl.java:717)
	at org.apache.ratis.thirdparty.io.netty.channel.socket.nio.NioSocketChannel.doFinishConnect(NioSocketChannel.java:327)
	at org.apache.ratis.thirdparty.io.netty.channel.nio.AbstractNioChannel$AbstractNioUnsafe.finishConnect(AbstractNioChannel.java:340)
	at org.apache.ratis.thirdparty.io.netty.channel.nio.NioEventLoop.processSelectedKey(NioEventLoop.java:632)
	at org.apache.ratis.thirdparty.io.netty.channel.nio.NioEventLoop.processSelectedKeysOptimized(NioEventLoop.java:579)
	at org.apache.ratis.thirdparty.io.netty.channel.nio.NioEventLoop.processSelectedKeys(NioEventLoop.java:496)
	at org.apache.ratis.thirdparty.io.netty.channel.nio.NioEventLoop.run(NioEventLoop.java:458)
	at org.apache.ratis.thirdparty.io.netty.util.concurrent.SingleThreadEventExecutor$5.run(SingleThreadEventExecutor.java:897)
	at org.apache.ratis.thirdparty.io.netty.util.concurrent.FastThreadLocalRunnable.run(FastThreadLocalRunnable.java:30)
	... 1 more
Caused by: java.net.ConnectException: Connection refused
	... 11 more
2019-10-25 11:07:56,645 [f6cfa8a2-85ff-4bb9-a246-101c53d2d47b@group-49E82E920F3F-LeaderElection572] INFO  impl.RaftServerImpl (RaftServerImpl.java:setRole(184)) - f6cfa8a2-85ff-4bb9-a246-101c53d2d47b@group-49E82E920F3F: changes role from CANDIDATE to FOLLOWER at term 158 for DISCOVERED_A_NEW_TERM
2019-10-25 11:07:56,646 [f6cfa8a2-85ff-4bb9-a246-101c53d2d47b@group-49E82E920F3F-LeaderElection572] INFO  impl.RoleInfo (RoleInfo.java:shutdownLeaderElection(134)) - f6cfa8a2-85ff-4bb9-a246-101c53d2d47b: shutdown LeaderElection
2019-10-25 11:07:56,646 [f6cfa8a2-85ff-4bb9-a246-101c53d2d47b@group-49E82E920F3F-LeaderElection572] INFO  impl.RoleInfo (RoleInfo.java:updateAndGet(143)) - f6cfa8a2-85ff-4bb9-a246-101c53d2d47b: start FollowerState
2019-10-25 11:07:56,725 [Thread-4819] INFO  impl.FollowerState (FollowerState.java:run(108)) - f6cfa8a2-85ff-4bb9-a246-101c53d2d47b@group-49E82E920F3F-FollowerState: change to CANDIDATE, lastRpcTime:79ms, electionTimeout:79ms
2019-10-25 11:07:56,725 [Thread-4819] INFO  impl.RoleInfo (RoleInfo.java:shutdownFollowerState(121)) - f6cfa8a2-85ff-4bb9-a246-101c53d2d47b: shutdown FollowerState
2019-10-25 11:07:56,725 [Thread-4819] INFO  impl.RaftServerImpl (RaftServerImpl.java:setRole(184)) - f6cfa8a2-85ff-4bb9-a246-101c53d2d47b@group-49E82E920F3F: changes role from  FOLLOWER to CANDIDATE at term 158 for changeToCandidate
2019-10-25 11:07:56,725 [Thread-4819] INFO  impl.RoleInfo (RoleInfo.java:updateAndGet(143)) - f6cfa8a2-85ff-4bb9-a246-101c53d2d47b: start LeaderElection
2019-10-25 11:07:56,738 [f6cfa8a2-85ff-4bb9-a246-101c53d2d47b@group-49E82E920F3F-LeaderElection573] INFO  impl.LeaderElection (LeaderElection.java:askForVotes(178)) - f6cfa8a2-85ff-4bb9-a246-101c53d2d47b@group-49E82E920F3F-LeaderElection573: begin an election at term 159 for -1: [7fad1e98-7a6b-4998-a30c-ec1ab88068bc:192.168.157.233:35716, bdb27072-dd00-4d3b-a7da-41600e490ca3:192.168.157.233:42906, f6cfa8a2-85ff-4bb9-a246-101c53d2d47b:192.168.157.233:44618], old=null
2019-10-25 11:07:56,739 [f6cfa8a2-85ff-4bb9-a246-101c53d2d47b@group-49E82E920F3F-LeaderElection573] INFO  impl.LeaderElection (LogUtils.java:infoOrTrace(149)) - f6cfa8a2-85ff-4bb9-a246-101c53d2d47b@group-49E82E920F3F-LeaderElection573 got exception when requesting votes: {}
java.util.concurrent.ExecutionException: org.apache.ratis.thirdparty.io.grpc.StatusRuntimeException: UNAVAILABLE: io exception
	at java.util.concurrent.FutureTask.report(FutureTask.java:122)
	at java.util.concurrent.FutureTask.get(FutureTask.java:192)
	at org.apache.ratis.server.impl.LeaderElection.waitForResults(LeaderElection.java:259)
	at org.apache.ratis.server.impl.LeaderElection.askForVotes(LeaderElection.java:197)
	at org.apache.ratis.server.impl.LeaderElection.run(LeaderElection.java:133)
	at java.lang.Thread.run(Thread.java:748)
Caused by: org.apache.ratis.thirdparty.io.grpc.StatusRuntimeException: UNAVAILABLE: io exception
	at org.apache.ratis.thirdparty.io.grpc.stub.ClientCalls.toStatusRuntimeException(ClientCalls.java:233)
	at org.apache.ratis.thirdparty.io.grpc.stub.ClientCalls.getUnchecked(ClientCalls.java:214)
	at org.apache.ratis.thirdparty.io.grpc.stub.ClientCalls.blockingUnaryCall(ClientCalls.java:139)
	at org.apache.ratis.proto.grpc.RaftServerProtocolServiceGrpc$RaftServerProtocolServiceBlockingStub.requestVote(RaftServerProtocolServiceGrpc.java:265)
	at org.apache.ratis.grpc.server.GrpcServerProtocolClient.requestVote(GrpcServerProtocolClient.java:99)
	at org.apache.ratis.grpc.server.GrpcService.requestVote(GrpcService.java:204)
	at org.apache.ratis.server.impl.LeaderElection.lambda$submitRequests$1(LeaderElection.java:234)
	at java.util.concurrent.FutureTask.run(FutureTask.java:266)
	at java.util.concurrent.Executors$RunnableAdapter.call(Executors.java:511)
	at java.util.concurrent.FutureTask.run(FutureTask.java:266)
	at java.util.concurrent.ThreadPoolExecutor.runWorker(ThreadPoolExecutor.java:1149)
	at java.util.concurrent.ThreadPoolExecutor$Worker.run(ThreadPoolExecutor.java:624)
	... 1 more
Caused by: org.apache.ratis.thirdparty.io.netty.channel.AbstractChannel$AnnotatedConnectException: Connection refused: /192.168.157.233:35716
	at sun.nio.ch.SocketChannelImpl.checkConnect(Native Method)
	at sun.nio.ch.SocketChannelImpl.finishConnect(SocketChannelImpl.java:717)
	at org.apache.ratis.thirdparty.io.netty.channel.socket.nio.NioSocketChannel.doFinishConnect(NioSocketChannel.java:327)
	at org.apache.ratis.thirdparty.io.netty.channel.nio.AbstractNioChannel$AbstractNioUnsafe.finishConnect(AbstractNioChannel.java:340)
	at org.apache.ratis.thirdparty.io.netty.channel.nio.NioEventLoop.processSelectedKey(NioEventLoop.java:632)
	at org.apache.ratis.thirdparty.io.netty.channel.nio.NioEventLoop.processSelectedKeysOptimized(NioEventLoop.java:579)
	at org.apache.ratis.thirdparty.io.netty.channel.nio.NioEventLoop.processSelectedKeys(NioEventLoop.java:496)
	at org.apache.ratis.thirdparty.io.netty.channel.nio.NioEventLoop.run(NioEventLoop.java:458)
	at org.apache.ratis.thirdparty.io.netty.util.concurrent.SingleThreadEventExecutor$5.run(SingleThreadEventExecutor.java:897)
	at org.apache.ratis.thirdparty.io.netty.util.concurrent.FastThreadLocalRunnable.run(FastThreadLocalRunnable.java:30)
	... 1 more
Caused by: java.net.ConnectException: Connection refused
	... 11 more
2019-10-25 11:07:56,742 [grpc-default-executor-4] INFO  impl.RaftServerImpl (RaftServerImpl.java:setRole(184)) - bdb27072-dd00-4d3b-a7da-41600e490ca3@group-49E82E920F3F: changes role from  FOLLOWER to FOLLOWER at term 159 for recognizeCandidate:f6cfa8a2-85ff-4bb9-a246-101c53d2d47b
2019-10-25 11:07:56,742 [grpc-default-executor-4] INFO  impl.RoleInfo (RoleInfo.java:shutdownFollowerState(121)) - bdb27072-dd00-4d3b-a7da-41600e490ca3: shutdown FollowerState
2019-10-25 11:07:56,742 [grpc-default-executor-4] INFO  impl.RoleInfo (RoleInfo.java:updateAndGet(143)) - bdb27072-dd00-4d3b-a7da-41600e490ca3: start FollowerState
2019-10-25 11:07:56,742 [Thread-4818] INFO  impl.FollowerState (FollowerState.java:run(117)) - bdb27072-dd00-4d3b-a7da-41600e490ca3@group-49E82E920F3F-FollowerState was interrupted: java.lang.InterruptedException: sleep interrupted
2019-10-25 11:07:56,749 [f6cfa8a2-85ff-4bb9-a246-101c53d2d47b@group-49E82E920F3F-LeaderElection573] INFO  impl.LeaderElection (LeaderElection.java:logAndReturn(56)) - f6cfa8a2-85ff-4bb9-a246-101c53d2d47b@group-49E82E920F3F-LeaderElection573: Election TIMEOUT; received 0 response(s) [] and 1 exception(s); f6cfa8a2-85ff-4bb9-a246-101c53d2d47b@group-49E82E920F3F:t159, leader=null, voted=f6cfa8a2-85ff-4bb9-a246-101c53d2d47b, raftlog=f6cfa8a2-85ff-4bb9-a246-101c53d2d47b@group-49E82E920F3F-SegmentedRaftLog:OPENED:c-1,f-1,i0, conf=-1: [7fad1e98-7a6b-4998-a30c-ec1ab88068bc:192.168.157.233:35716, bdb27072-dd00-4d3b-a7da-41600e490ca3:192.168.157.233:42906, f6cfa8a2-85ff-4bb9-a246-101c53d2d47b:192.168.157.233:44618], old=null
2019-10-25 11:07:56,749 [f6cfa8a2-85ff-4bb9-a246-101c53d2d47b@group-49E82E920F3F-LeaderElection573] INFO  impl.LeaderElection (LogUtils.java:infoOrTrace(149)) -   Exception 0: {}
java.util.concurrent.ExecutionException: org.apache.ratis.thirdparty.io.grpc.StatusRuntimeException: UNAVAILABLE: io exception
	at java.util.concurrent.FutureTask.report(FutureTask.java:122)
	at java.util.concurrent.FutureTask.get(FutureTask.java:192)
	at org.apache.ratis.server.impl.LeaderElection.waitForResults(LeaderElection.java:259)
	at org.apache.ratis.server.impl.LeaderElection.askForVotes(LeaderElection.java:197)
	at org.apache.ratis.server.impl.LeaderElection.run(LeaderElection.java:133)
	at java.lang.Thread.run(Thread.java:748)
Caused by: org.apache.ratis.thirdparty.io.grpc.StatusRuntimeException: UNAVAILABLE: io exception
	at org.apache.ratis.thirdparty.io.grpc.stub.ClientCalls.toStatusRuntimeException(ClientCalls.java:233)
	at org.apache.ratis.thirdparty.io.grpc.stub.ClientCalls.getUnchecked(ClientCalls.java:214)
	at org.apache.ratis.thirdparty.io.grpc.stub.ClientCalls.blockingUnaryCall(ClientCalls.java:139)
	at org.apache.ratis.proto.grpc.RaftServerProtocolServiceGrpc$RaftServerProtocolServiceBlockingStub.requestVote(RaftServerProtocolServiceGrpc.java:265)
	at org.apache.ratis.grpc.server.GrpcServerProtocolClient.requestVote(GrpcServerProtocolClient.java:99)
	at org.apache.ratis.grpc.server.GrpcService.requestVote(GrpcService.java:204)
	at org.apache.ratis.server.impl.LeaderElection.lambda$submitRequests$1(LeaderElection.java:234)
	at java.util.concurrent.FutureTask.run(FutureTask.java:266)
	at java.util.concurrent.Executors$RunnableAdapter.call(Executors.java:511)
	at java.util.concurrent.FutureTask.run(FutureTask.java:266)
	at java.util.concurrent.ThreadPoolExecutor.runWorker(ThreadPoolExecutor.java:1149)
	at java.util.concurrent.ThreadPoolExecutor$Worker.run(ThreadPoolExecutor.java:624)
	... 1 more
Caused by: org.apache.ratis.thirdparty.io.netty.channel.AbstractChannel$AnnotatedConnectException: Connection refused: /192.168.157.233:35716
	at sun.nio.ch.SocketChannelImpl.checkConnect(Native Method)
	at sun.nio.ch.SocketChannelImpl.finishConnect(SocketChannelImpl.java:717)
	at org.apache.ratis.thirdparty.io.netty.channel.socket.nio.NioSocketChannel.doFinishConnect(NioSocketChannel.java:327)
	at org.apache.ratis.thirdparty.io.netty.channel.nio.AbstractNioChannel$AbstractNioUnsafe.finishConnect(AbstractNioChannel.java:340)
	at org.apache.ratis.thirdparty.io.netty.channel.nio.NioEventLoop.processSelectedKey(NioEventLoop.java:632)
	at org.apache.ratis.thirdparty.io.netty.channel.nio.NioEventLoop.processSelectedKeysOptimized(NioEventLoop.java:579)
	at org.apache.ratis.thirdparty.io.netty.channel.nio.NioEventLoop.processSelectedKeys(NioEventLoop.java:496)
	at org.apache.ratis.thirdparty.io.netty.channel.nio.NioEventLoop.run(NioEventLoop.java:458)
	at org.apache.ratis.thirdparty.io.netty.util.concurrent.SingleThreadEventExecutor$5.run(SingleThreadEventExecutor.java:897)
	at org.apache.ratis.thirdparty.io.netty.util.concurrent.FastThreadLocalRunnable.run(FastThreadLocalRunnable.java:30)
	... 1 more
Caused by: java.net.ConnectException: Connection refused
	... 11 more
2019-10-25 11:07:56,755 [f6cfa8a2-85ff-4bb9-a246-101c53d2d47b@group-49E82E920F3F-LeaderElection573] INFO  impl.LeaderElection (LeaderElection.java:askForVotes(178)) - f6cfa8a2-85ff-4bb9-a246-101c53d2d47b@group-49E82E920F3F-LeaderElection573: begin an election at term 160 for -1: [7fad1e98-7a6b-4998-a30c-ec1ab88068bc:192.168.157.233:35716, bdb27072-dd00-4d3b-a7da-41600e490ca3:192.168.157.233:42906, f6cfa8a2-85ff-4bb9-a246-101c53d2d47b:192.168.157.233:44618], old=null
2019-10-25 11:07:56,756 [f6cfa8a2-85ff-4bb9-a246-101c53d2d47b@group-49E82E920F3F-LeaderElection573] INFO  impl.LeaderElection (LogUtils.java:infoOrTrace(149)) - f6cfa8a2-85ff-4bb9-a246-101c53d2d47b@group-49E82E920F3F-LeaderElection573 got exception when requesting votes: {}
java.util.concurrent.ExecutionException: org.apache.ratis.thirdparty.io.grpc.StatusRuntimeException: UNAVAILABLE: io exception
	at java.util.concurrent.FutureTask.report(FutureTask.java:122)
	at java.util.concurrent.FutureTask.get(FutureTask.java:192)
	at org.apache.ratis.server.impl.LeaderElection.waitForResults(LeaderElection.java:259)
	at org.apache.ratis.server.impl.LeaderElection.askForVotes(LeaderElection.java:197)
	at org.apache.ratis.server.impl.LeaderElection.run(LeaderElection.java:133)
	at java.lang.Thread.run(Thread.java:748)
Caused by: org.apache.ratis.thirdparty.io.grpc.StatusRuntimeException: UNAVAILABLE: io exception
	at org.apache.ratis.thirdparty.io.grpc.stub.ClientCalls.toStatusRuntimeException(ClientCalls.java:233)
	at org.apache.ratis.thirdparty.io.grpc.stub.ClientCalls.getUnchecked(ClientCalls.java:214)
	at org.apache.ratis.thirdparty.io.grpc.stub.ClientCalls.blockingUnaryCall(ClientCalls.java:139)
	at org.apache.ratis.proto.grpc.RaftServerProtocolServiceGrpc$RaftServerProtocolServiceBlockingStub.requestVote(RaftServerProtocolServiceGrpc.java:265)
	at org.apache.ratis.grpc.server.GrpcServerProtocolClient.requestVote(GrpcServerProtocolClient.java:99)
	at org.apache.ratis.grpc.server.GrpcService.requestVote(GrpcService.java:204)
	at org.apache.ratis.server.impl.LeaderElection.lambda$submitRequests$1(LeaderElection.java:234)
	at java.util.concurrent.FutureTask.run(FutureTask.java:266)
	at java.util.concurrent.Executors$RunnableAdapter.call(Executors.java:511)
	at java.util.concurrent.FutureTask.run(FutureTask.java:266)
	at java.util.concurrent.ThreadPoolExecutor.runWorker(ThreadPoolExecutor.java:1149)
	at java.util.concurrent.ThreadPoolExecutor$Worker.run(ThreadPoolExecutor.java:624)
	... 1 more
Caused by: org.apache.ratis.thirdparty.io.netty.channel.AbstractChannel$AnnotatedConnectException: Connection refused: /192.168.157.233:35716
	at sun.nio.ch.SocketChannelImpl.checkConnect(Native Method)
	at sun.nio.ch.SocketChannelImpl.finishConnect(SocketChannelImpl.java:717)
	at org.apache.ratis.thirdparty.io.netty.channel.socket.nio.NioSocketChannel.doFinishConnect(NioSocketChannel.java:327)
	at org.apache.ratis.thirdparty.io.netty.channel.nio.AbstractNioChannel$AbstractNioUnsafe.finishConnect(AbstractNioChannel.java:340)
	at org.apache.ratis.thirdparty.io.netty.channel.nio.NioEventLoop.processSelectedKey(NioEventLoop.java:632)
	at org.apache.ratis.thirdparty.io.netty.channel.nio.NioEventLoop.processSelectedKeysOptimized(NioEventLoop.java:579)
	at org.apache.ratis.thirdparty.io.netty.channel.nio.NioEventLoop.processSelectedKeys(NioEventLoop.java:496)
	at org.apache.ratis.thirdparty.io.netty.channel.nio.NioEventLoop.run(NioEventLoop.java:458)
	at org.apache.ratis.thirdparty.io.netty.util.concurrent.SingleThreadEventExecutor$5.run(SingleThreadEventExecutor.java:897)
	at org.apache.ratis.thirdparty.io.netty.util.concurrent.FastThreadLocalRunnable.run(FastThreadLocalRunnable.java:30)
	... 1 more
Caused by: java.net.ConnectException: Connection refused
	... 11 more
2019-10-25 11:07:56,758 [grpc-default-executor-4] INFO  impl.RaftServerImpl (RaftServerImpl.java:setRole(184)) - bdb27072-dd00-4d3b-a7da-41600e490ca3@group-49E82E920F3F: changes role from  FOLLOWER to FOLLOWER at term 160 for recognizeCandidate:f6cfa8a2-85ff-4bb9-a246-101c53d2d47b
2019-10-25 11:07:56,758 [grpc-default-executor-4] INFO  impl.RoleInfo (RoleInfo.java:shutdownFollowerState(121)) - bdb27072-dd00-4d3b-a7da-41600e490ca3: shutdown FollowerState
2019-10-25 11:07:56,758 [grpc-default-executor-4] INFO  impl.RoleInfo (RoleInfo.java:updateAndGet(143)) - bdb27072-dd00-4d3b-a7da-41600e490ca3: start FollowerState
2019-10-25 11:07:56,758 [Thread-4825] INFO  impl.FollowerState (FollowerState.java:run(117)) - bdb27072-dd00-4d3b-a7da-41600e490ca3@group-49E82E920F3F-FollowerState was interrupted: java.lang.InterruptedException: sleep interrupted
2019-10-25 11:07:56,771 [f6cfa8a2-85ff-4bb9-a246-101c53d2d47b@group-49E82E920F3F-LeaderElection573] INFO  impl.LeaderElection (LeaderElection.java:logAndReturn(56)) - f6cfa8a2-85ff-4bb9-a246-101c53d2d47b@group-49E82E920F3F-LeaderElection573: Election REJECTED; received 1 response(s) [f6cfa8a2-85ff-4bb9-a246-101c53d2d47b<-bdb27072-dd00-4d3b-a7da-41600e490ca3#0:FAIL-t160] and 1 exception(s); f6cfa8a2-85ff-4bb9-a246-101c53d2d47b@group-49E82E920F3F:t160, leader=null, voted=f6cfa8a2-85ff-4bb9-a246-101c53d2d47b, raftlog=f6cfa8a2-85ff-4bb9-a246-101c53d2d47b@group-49E82E920F3F-SegmentedRaftLog:OPENED:c-1,f-1,i0, conf=-1: [7fad1e98-7a6b-4998-a30c-ec1ab88068bc:192.168.157.233:35716, bdb27072-dd00-4d3b-a7da-41600e490ca3:192.168.157.233:42906, f6cfa8a2-85ff-4bb9-a246-101c53d2d47b:192.168.157.233:44618], old=null
2019-10-25 11:07:56,771 [f6cfa8a2-85ff-4bb9-a246-101c53d2d47b@group-49E82E920F3F-LeaderElection573] INFO  impl.LeaderElection (LogUtils.java:infoOrTrace(149)) -   Exception 0: {}
java.util.concurrent.ExecutionException: org.apache.ratis.thirdparty.io.grpc.StatusRuntimeException: UNAVAILABLE: io exception
	at java.util.concurrent.FutureTask.report(FutureTask.java:122)
	at java.util.concurrent.FutureTask.get(FutureTask.java:192)
	at org.apache.ratis.server.impl.LeaderElection.waitForResults(LeaderElection.java:259)
	at org.apache.ratis.server.impl.LeaderElection.askForVotes(LeaderElection.java:197)
	at org.apache.ratis.server.impl.LeaderElection.run(LeaderElection.java:133)
	at java.lang.Thread.run(Thread.java:748)
Caused by: org.apache.ratis.thirdparty.io.grpc.StatusRuntimeException: UNAVAILABLE: io exception
	at org.apache.ratis.thirdparty.io.grpc.stub.ClientCalls.toStatusRuntimeException(ClientCalls.java:233)
	at org.apache.ratis.thirdparty.io.grpc.stub.ClientCalls.getUnchecked(ClientCalls.java:214)
	at org.apache.ratis.thirdparty.io.grpc.stub.ClientCalls.blockingUnaryCall(ClientCalls.java:139)
	at org.apache.ratis.proto.grpc.RaftServerProtocolServiceGrpc$RaftServerProtocolServiceBlockingStub.requestVote(RaftServerProtocolServiceGrpc.java:265)
	at org.apache.ratis.grpc.server.GrpcServerProtocolClient.requestVote(GrpcServerProtocolClient.java:99)
	at org.apache.ratis.grpc.server.GrpcService.requestVote(GrpcService.java:204)
	at org.apache.ratis.server.impl.LeaderElection.lambda$submitRequests$1(LeaderElection.java:234)
	at java.util.concurrent.FutureTask.run(FutureTask.java:266)
	at java.util.concurrent.Executors$RunnableAdapter.call(Executors.java:511)
	at java.util.concurrent.FutureTask.run(FutureTask.java:266)
	at java.util.concurrent.ThreadPoolExecutor.runWorker(ThreadPoolExecutor.java:1149)
	at java.util.concurrent.ThreadPoolExecutor$Worker.run(ThreadPoolExecutor.java:624)
	... 1 more
Caused by: org.apache.ratis.thirdparty.io.netty.channel.AbstractChannel$AnnotatedConnectException: Connection refused: /192.168.157.233:35716
	at sun.nio.ch.SocketChannelImpl.checkConnect(Native Method)
	at sun.nio.ch.SocketChannelImpl.finishConnect(SocketChannelImpl.java:717)
	at org.apache.ratis.thirdparty.io.netty.channel.socket.nio.NioSocketChannel.doFinishConnect(NioSocketChannel.java:327)
	at org.apache.ratis.thirdparty.io.netty.channel.nio.AbstractNioChannel$AbstractNioUnsafe.finishConnect(AbstractNioChannel.java:340)
	at org.apache.ratis.thirdparty.io.netty.channel.nio.NioEventLoop.processSelectedKey(NioEventLoop.java:632)
	at org.apache.ratis.thirdparty.io.netty.channel.nio.NioEventLoop.processSelectedKeysOptimized(NioEventLoop.java:579)
	at org.apache.ratis.thirdparty.io.netty.channel.nio.NioEventLoop.processSelectedKeys(NioEventLoop.java:496)
	at org.apache.ratis.thirdparty.io.netty.channel.nio.NioEventLoop.run(NioEventLoop.java:458)
	at org.apache.ratis.thirdparty.io.netty.util.concurrent.SingleThreadEventExecutor$5.run(SingleThreadEventExecutor.java:897)
	at org.apache.ratis.thirdparty.io.netty.util.concurrent.FastThreadLocalRunnable.run(FastThreadLocalRunnable.java:30)
	... 1 more
Caused by: java.net.ConnectException: Connection refused
	... 11 more
2019-10-25 11:07:56,771 [f6cfa8a2-85ff-4bb9-a246-101c53d2d47b@group-49E82E920F3F-LeaderElection573] INFO  impl.RaftServerImpl (RaftServerImpl.java:setRole(184)) - f6cfa8a2-85ff-4bb9-a246-101c53d2d47b@group-49E82E920F3F: changes role from CANDIDATE to FOLLOWER at term 160 for DISCOVERED_A_NEW_TERM
2019-10-25 11:07:56,771 [f6cfa8a2-85ff-4bb9-a246-101c53d2d47b@group-49E82E920F3F-LeaderElection573] INFO  impl.RoleInfo (RoleInfo.java:shutdownLeaderElection(134)) - f6cfa8a2-85ff-4bb9-a246-101c53d2d47b: shutdown LeaderElection
2019-10-25 11:07:56,772 [f6cfa8a2-85ff-4bb9-a246-101c53d2d47b@group-49E82E920F3F-LeaderElection573] INFO  impl.RoleInfo (RoleInfo.java:updateAndGet(143)) - f6cfa8a2-85ff-4bb9-a246-101c53d2d47b: start FollowerState
2019-10-25 11:07:56,858 [Thread-4829] INFO  impl.FollowerState (FollowerState.java:run(108)) - f6cfa8a2-85ff-4bb9-a246-101c53d2d47b@group-49E82E920F3F-FollowerState: change to CANDIDATE, lastRpcTime:86ms, electionTimeout:86ms
2019-10-25 11:07:56,858 [Thread-4829] INFO  impl.RoleInfo (RoleInfo.java:shutdownFollowerState(121)) - f6cfa8a2-85ff-4bb9-a246-101c53d2d47b: shutdown FollowerState
2019-10-25 11:07:56,858 [Thread-4829] INFO  impl.RaftServerImpl (RaftServerImpl.java:setRole(184)) - f6cfa8a2-85ff-4bb9-a246-101c53d2d47b@group-49E82E920F3F: changes role from  FOLLOWER to CANDIDATE at term 160 for changeToCandidate
2019-10-25 11:07:56,858 [Thread-4829] INFO  impl.RoleInfo (RoleInfo.java:updateAndGet(143)) - f6cfa8a2-85ff-4bb9-a246-101c53d2d47b: start LeaderElection
2019-10-25 11:07:56,880 [f6cfa8a2-85ff-4bb9-a246-101c53d2d47b@group-49E82E920F3F-LeaderElection574] INFO  impl.LeaderElection (LeaderElection.java:askForVotes(178)) - f6cfa8a2-85ff-4bb9-a246-101c53d2d47b@group-49E82E920F3F-LeaderElection574: begin an election at term 161 for -1: [7fad1e98-7a6b-4998-a30c-ec1ab88068bc:192.168.157.233:35716, bdb27072-dd00-4d3b-a7da-41600e490ca3:192.168.157.233:42906, f6cfa8a2-85ff-4bb9-a246-101c53d2d47b:192.168.157.233:44618], old=null
2019-10-25 11:07:56,881 [f6cfa8a2-85ff-4bb9-a246-101c53d2d47b@group-49E82E920F3F-LeaderElection574] INFO  impl.LeaderElection (LogUtils.java:infoOrTrace(149)) - f6cfa8a2-85ff-4bb9-a246-101c53d2d47b@group-49E82E920F3F-LeaderElection574 got exception when requesting votes: {}
java.util.concurrent.ExecutionException: org.apache.ratis.thirdparty.io.grpc.StatusRuntimeException: UNAVAILABLE: io exception
	at java.util.concurrent.FutureTask.report(FutureTask.java:122)
	at java.util.concurrent.FutureTask.get(FutureTask.java:192)
	at org.apache.ratis.server.impl.LeaderElection.waitForResults(LeaderElection.java:259)
	at org.apache.ratis.server.impl.LeaderElection.askForVotes(LeaderElection.java:197)
	at org.apache.ratis.server.impl.LeaderElection.run(LeaderElection.java:133)
	at java.lang.Thread.run(Thread.java:748)
Caused by: org.apache.ratis.thirdparty.io.grpc.StatusRuntimeException: UNAVAILABLE: io exception
	at org.apache.ratis.thirdparty.io.grpc.stub.ClientCalls.toStatusRuntimeException(ClientCalls.java:233)
	at org.apache.ratis.thirdparty.io.grpc.stub.ClientCalls.getUnchecked(ClientCalls.java:214)
	at org.apache.ratis.thirdparty.io.grpc.stub.ClientCalls.blockingUnaryCall(ClientCalls.java:139)
	at org.apache.ratis.proto.grpc.RaftServerProtocolServiceGrpc$RaftServerProtocolServiceBlockingStub.requestVote(RaftServerProtocolServiceGrpc.java:265)
	at org.apache.ratis.grpc.server.GrpcServerProtocolClient.requestVote(GrpcServerProtocolClient.java:99)
	at org.apache.ratis.grpc.server.GrpcService.requestVote(GrpcService.java:204)
	at org.apache.ratis.server.impl.LeaderElection.lambda$submitRequests$1(LeaderElection.java:234)
	at java.util.concurrent.FutureTask.run(FutureTask.java:266)
	at java.util.concurrent.Executors$RunnableAdapter.call(Executors.java:511)
	at java.util.concurrent.FutureTask.run(FutureTask.java:266)
	at java.util.concurrent.ThreadPoolExecutor.runWorker(ThreadPoolExecutor.java:1149)
	at java.util.concurrent.ThreadPoolExecutor$Worker.run(ThreadPoolExecutor.java:624)
	... 1 more
Caused by: org.apache.ratis.thirdparty.io.netty.channel.AbstractChannel$AnnotatedConnectException: Connection refused: /192.168.157.233:35716
	at sun.nio.ch.SocketChannelImpl.checkConnect(Native Method)
	at sun.nio.ch.SocketChannelImpl.finishConnect(SocketChannelImpl.java:717)
	at org.apache.ratis.thirdparty.io.netty.channel.socket.nio.NioSocketChannel.doFinishConnect(NioSocketChannel.java:327)
	at org.apache.ratis.thirdparty.io.netty.channel.nio.AbstractNioChannel$AbstractNioUnsafe.finishConnect(AbstractNioChannel.java:340)
	at org.apache.ratis.thirdparty.io.netty.channel.nio.NioEventLoop.processSelectedKey(NioEventLoop.java:632)
	at org.apache.ratis.thirdparty.io.netty.channel.nio.NioEventLoop.processSelectedKeysOptimized(NioEventLoop.java:579)
	at org.apache.ratis.thirdparty.io.netty.channel.nio.NioEventLoop.processSelectedKeys(NioEventLoop.java:496)
	at org.apache.ratis.thirdparty.io.netty.channel.nio.NioEventLoop.run(NioEventLoop.java:458)
	at org.apache.ratis.thirdparty.io.netty.util.concurrent.SingleThreadEventExecutor$5.run(SingleThreadEventExecutor.java:897)
	at org.apache.ratis.thirdparty.io.netty.util.concurrent.FastThreadLocalRunnable.run(FastThreadLocalRunnable.java:30)
	... 1 more
Caused by: java.net.ConnectException: Connection refused
	... 11 more
2019-10-25 11:07:56,884 [grpc-default-executor-4] INFO  impl.RaftServerImpl (RaftServerImpl.java:setRole(184)) - bdb27072-dd00-4d3b-a7da-41600e490ca3@group-49E82E920F3F: changes role from  FOLLOWER to FOLLOWER at term 161 for recognizeCandidate:f6cfa8a2-85ff-4bb9-a246-101c53d2d47b
2019-10-25 11:07:56,884 [grpc-default-executor-4] INFO  impl.RoleInfo (RoleInfo.java:shutdownFollowerState(121)) - bdb27072-dd00-4d3b-a7da-41600e490ca3: shutdown FollowerState
2019-10-25 11:07:56,884 [grpc-default-executor-4] INFO  impl.RoleInfo (RoleInfo.java:updateAndGet(143)) - bdb27072-dd00-4d3b-a7da-41600e490ca3: start FollowerState
2019-10-25 11:07:56,884 [Thread-4828] INFO  impl.FollowerState (FollowerState.java:run(117)) - bdb27072-dd00-4d3b-a7da-41600e490ca3@group-49E82E920F3F-FollowerState was interrupted: java.lang.InterruptedException: sleep interrupted
2019-10-25 11:07:56,898 [f6cfa8a2-85ff-4bb9-a246-101c53d2d47b@group-49E82E920F3F-LeaderElection574] INFO  impl.LeaderElection (LeaderElection.java:logAndReturn(56)) - f6cfa8a2-85ff-4bb9-a246-101c53d2d47b@group-49E82E920F3F-LeaderElection574: Election REJECTED; received 1 response(s) [f6cfa8a2-85ff-4bb9-a246-101c53d2d47b<-bdb27072-dd00-4d3b-a7da-41600e490ca3#0:FAIL-t161] and 1 exception(s); f6cfa8a2-85ff-4bb9-a246-101c53d2d47b@group-49E82E920F3F:t161, leader=null, voted=f6cfa8a2-85ff-4bb9-a246-101c53d2d47b, raftlog=f6cfa8a2-85ff-4bb9-a246-101c53d2d47b@group-49E82E920F3F-SegmentedRaftLog:OPENED:c-1,f-1,i0, conf=-1: [7fad1e98-7a6b-4998-a30c-ec1ab88068bc:192.168.157.233:35716, bdb27072-dd00-4d3b-a7da-41600e490ca3:192.168.157.233:42906, f6cfa8a2-85ff-4bb9-a246-101c53d2d47b:192.168.157.233:44618], old=null
2019-10-25 11:07:56,898 [f6cfa8a2-85ff-4bb9-a246-101c53d2d47b@group-49E82E920F3F-LeaderElection574] INFO  impl.LeaderElection (LogUtils.java:infoOrTrace(149)) -   Exception 0: {}
java.util.concurrent.ExecutionException: org.apache.ratis.thirdparty.io.grpc.StatusRuntimeException: UNAVAILABLE: io exception
	at java.util.concurrent.FutureTask.report(FutureTask.java:122)
	at java.util.concurrent.FutureTask.get(FutureTask.java:192)
	at org.apache.ratis.server.impl.LeaderElection.waitForResults(LeaderElection.java:259)
	at org.apache.ratis.server.impl.LeaderElection.askForVotes(LeaderElection.java:197)
	at org.apache.ratis.server.impl.LeaderElection.run(LeaderElection.java:133)
	at java.lang.Thread.run(Thread.java:748)
Caused by: org.apache.ratis.thirdparty.io.grpc.StatusRuntimeException: UNAVAILABLE: io exception
	at org.apache.ratis.thirdparty.io.grpc.stub.ClientCalls.toStatusRuntimeException(ClientCalls.java:233)
	at org.apache.ratis.thirdparty.io.grpc.stub.ClientCalls.getUnchecked(ClientCalls.java:214)
	at org.apache.ratis.thirdparty.io.grpc.stub.ClientCalls.blockingUnaryCall(ClientCalls.java:139)
	at org.apache.ratis.proto.grpc.RaftServerProtocolServiceGrpc$RaftServerProtocolServiceBlockingStub.requestVote(RaftServerProtocolServiceGrpc.java:265)
	at org.apache.ratis.grpc.server.GrpcServerProtocolClient.requestVote(GrpcServerProtocolClient.java:99)
	at org.apache.ratis.grpc.server.GrpcService.requestVote(GrpcService.java:204)
	at org.apache.ratis.server.impl.LeaderElection.lambda$submitRequests$1(LeaderElection.java:234)
	at java.util.concurrent.FutureTask.run(FutureTask.java:266)
	at java.util.concurrent.Executors$RunnableAdapter.call(Executors.java:511)
	at java.util.concurrent.FutureTask.run(FutureTask.java:266)
	at java.util.concurrent.ThreadPoolExecutor.runWorker(ThreadPoolExecutor.java:1149)
	at java.util.concurrent.ThreadPoolExecutor$Worker.run(ThreadPoolExecutor.java:624)
	... 1 more
Caused by: org.apache.ratis.thirdparty.io.netty.channel.AbstractChannel$AnnotatedConnectException: Connection refused: /192.168.157.233:35716
	at sun.nio.ch.SocketChannelImpl.checkConnect(Native Method)
	at sun.nio.ch.SocketChannelImpl.finishConnect(SocketChannelImpl.java:717)
	at org.apache.ratis.thirdparty.io.netty.channel.socket.nio.NioSocketChannel.doFinishConnect(NioSocketChannel.java:327)
	at org.apache.ratis.thirdparty.io.netty.channel.nio.AbstractNioChannel$AbstractNioUnsafe.finishConnect(AbstractNioChannel.java:340)
	at org.apache.ratis.thirdparty.io.netty.channel.nio.NioEventLoop.processSelectedKey(NioEventLoop.java:632)
	at org.apache.ratis.thirdparty.io.netty.channel.nio.NioEventLoop.processSelectedKeysOptimized(NioEventLoop.java:579)
	at org.apache.ratis.thirdparty.io.netty.channel.nio.NioEventLoop.processSelectedKeys(NioEventLoop.java:496)
	at org.apache.ratis.thirdparty.io.netty.channel.nio.NioEventLoop.run(NioEventLoop.java:458)
	at org.apache.ratis.thirdparty.io.netty.util.concurrent.SingleThreadEventExecutor$5.run(SingleThreadEventExecutor.java:897)
	at org.apache.ratis.thirdparty.io.netty.util.concurrent.FastThreadLocalRunnable.run(FastThreadLocalRunnable.java:30)
	... 1 more
Caused by: java.net.ConnectException: Connection refused
	... 11 more
2019-10-25 11:07:56,899 [f6cfa8a2-85ff-4bb9-a246-101c53d2d47b@group-49E82E920F3F-LeaderElection574] INFO  impl.RaftServerImpl (RaftServerImpl.java:setRole(184)) - f6cfa8a2-85ff-4bb9-a246-101c53d2d47b@group-49E82E920F3F: changes role from CANDIDATE to FOLLOWER at term 161 for DISCOVERED_A_NEW_TERM
2019-10-25 11:07:56,899 [f6cfa8a2-85ff-4bb9-a246-101c53d2d47b@group-49E82E920F3F-LeaderElection574] INFO  impl.RoleInfo (RoleInfo.java:shutdownLeaderElection(134)) - f6cfa8a2-85ff-4bb9-a246-101c53d2d47b: shutdown LeaderElection
2019-10-25 11:07:56,899 [f6cfa8a2-85ff-4bb9-a246-101c53d2d47b@group-49E82E920F3F-LeaderElection574] INFO  impl.RoleInfo (RoleInfo.java:updateAndGet(143)) - f6cfa8a2-85ff-4bb9-a246-101c53d2d47b: start FollowerState
2019-10-25 11:07:56,904 [Thread-4834] INFO  impl.FollowerState (FollowerState.java:run(108)) - f6cfa8a2-85ff-4bb9-a246-101c53d2d47b@group-49E82E920F3F-FollowerState: change to CANDIDATE, lastRpcTime:4ms, electionTimeout:4ms
2019-10-25 11:07:56,904 [Thread-4834] INFO  impl.RoleInfo (RoleInfo.java:shutdownFollowerState(121)) - f6cfa8a2-85ff-4bb9-a246-101c53d2d47b: shutdown FollowerState
2019-10-25 11:07:56,904 [Thread-4834] INFO  impl.RaftServerImpl (RaftServerImpl.java:setRole(184)) - f6cfa8a2-85ff-4bb9-a246-101c53d2d47b@group-49E82E920F3F: changes role from  FOLLOWER to CANDIDATE at term 161 for changeToCandidate
2019-10-25 11:07:56,904 [Thread-4834] INFO  impl.RoleInfo (RoleInfo.java:updateAndGet(143)) - f6cfa8a2-85ff-4bb9-a246-101c53d2d47b: start LeaderElection
2019-10-25 11:07:56,917 [f6cfa8a2-85ff-4bb9-a246-101c53d2d47b@group-49E82E920F3F-LeaderElection575] INFO  impl.LeaderElection (LeaderElection.java:askForVotes(178)) - f6cfa8a2-85ff-4bb9-a246-101c53d2d47b@group-49E82E920F3F-LeaderElection575: begin an election at term 162 for -1: [7fad1e98-7a6b-4998-a30c-ec1ab88068bc:192.168.157.233:35716, bdb27072-dd00-4d3b-a7da-41600e490ca3:192.168.157.233:42906, f6cfa8a2-85ff-4bb9-a246-101c53d2d47b:192.168.157.233:44618], old=null
2019-10-25 11:07:56,918 [f6cfa8a2-85ff-4bb9-a246-101c53d2d47b@group-49E82E920F3F-LeaderElection575] INFO  impl.LeaderElection (LogUtils.java:infoOrTrace(149)) - f6cfa8a2-85ff-4bb9-a246-101c53d2d47b@group-49E82E920F3F-LeaderElection575 got exception when requesting votes: {}
java.util.concurrent.ExecutionException: org.apache.ratis.thirdparty.io.grpc.StatusRuntimeException: UNAVAILABLE: io exception
	at java.util.concurrent.FutureTask.report(FutureTask.java:122)
	at java.util.concurrent.FutureTask.get(FutureTask.java:192)
	at org.apache.ratis.server.impl.LeaderElection.waitForResults(LeaderElection.java:259)
	at org.apache.ratis.server.impl.LeaderElection.askForVotes(LeaderElection.java:197)
	at org.apache.ratis.server.impl.LeaderElection.run(LeaderElection.java:133)
	at java.lang.Thread.run(Thread.java:748)
Caused by: org.apache.ratis.thirdparty.io.grpc.StatusRuntimeException: UNAVAILABLE: io exception
	at org.apache.ratis.thirdparty.io.grpc.stub.ClientCalls.toStatusRuntimeException(ClientCalls.java:233)
	at org.apache.ratis.thirdparty.io.grpc.stub.ClientCalls.getUnchecked(ClientCalls.java:214)
	at org.apache.ratis.thirdparty.io.grpc.stub.ClientCalls.blockingUnaryCall(ClientCalls.java:139)
	at org.apache.ratis.proto.grpc.RaftServerProtocolServiceGrpc$RaftServerProtocolServiceBlockingStub.requestVote(RaftServerProtocolServiceGrpc.java:265)
	at org.apache.ratis.grpc.server.GrpcServerProtocolClient.requestVote(GrpcServerProtocolClient.java:99)
	at org.apache.ratis.grpc.server.GrpcService.requestVote(GrpcService.java:204)
	at org.apache.ratis.server.impl.LeaderElection.lambda$submitRequests$1(LeaderElection.java:234)
	at java.util.concurrent.FutureTask.run(FutureTask.java:266)
	at java.util.concurrent.Executors$RunnableAdapter.call(Executors.java:511)
	at java.util.concurrent.FutureTask.run(FutureTask.java:266)
	at java.util.concurrent.ThreadPoolExecutor.runWorker(ThreadPoolExecutor.java:1149)
	at java.util.concurrent.ThreadPoolExecutor$Worker.run(ThreadPoolExecutor.java:624)
	... 1 more
Caused by: org.apache.ratis.thirdparty.io.netty.channel.AbstractChannel$AnnotatedConnectException: Connection refused: /192.168.157.233:35716
	at sun.nio.ch.SocketChannelImpl.checkConnect(Native Method)
	at sun.nio.ch.SocketChannelImpl.finishConnect(SocketChannelImpl.java:717)
	at org.apache.ratis.thirdparty.io.netty.channel.socket.nio.NioSocketChannel.doFinishConnect(NioSocketChannel.java:327)
	at org.apache.ratis.thirdparty.io.netty.channel.nio.AbstractNioChannel$AbstractNioUnsafe.finishConnect(AbstractNioChannel.java:340)
	at org.apache.ratis.thirdparty.io.netty.channel.nio.NioEventLoop.processSelectedKey(NioEventLoop.java:632)
	at org.apache.ratis.thirdparty.io.netty.channel.nio.NioEventLoop.processSelectedKeysOptimized(NioEventLoop.java:579)
	at org.apache.ratis.thirdparty.io.netty.channel.nio.NioEventLoop.processSelectedKeys(NioEventLoop.java:496)
	at org.apache.ratis.thirdparty.io.netty.channel.nio.NioEventLoop.run(NioEventLoop.java:458)
	at org.apache.ratis.thirdparty.io.netty.util.concurrent.SingleThreadEventExecutor$5.run(SingleThreadEventExecutor.java:897)
	at org.apache.ratis.thirdparty.io.netty.util.concurrent.FastThreadLocalRunnable.run(FastThreadLocalRunnable.java:30)
	... 1 more
Caused by: java.net.ConnectException: Connection refused
	... 11 more
2019-10-25 11:07:56,920 [grpc-default-executor-4] INFO  impl.RaftServerImpl (RaftServerImpl.java:setRole(184)) - bdb27072-dd00-4d3b-a7da-41600e490ca3@group-49E82E920F3F: changes role from  FOLLOWER to FOLLOWER at term 162 for recognizeCandidate:f6cfa8a2-85ff-4bb9-a246-101c53d2d47b
2019-10-25 11:07:56,920 [grpc-default-executor-4] INFO  impl.RoleInfo (RoleInfo.java:shutdownFollowerState(121)) - bdb27072-dd00-4d3b-a7da-41600e490ca3: shutdown FollowerState
2019-10-25 11:07:56,920 [grpc-default-executor-4] INFO  impl.RoleInfo (RoleInfo.java:updateAndGet(143)) - bdb27072-dd00-4d3b-a7da-41600e490ca3: start FollowerState
2019-10-25 11:07:56,920 [Thread-4833] INFO  impl.FollowerState (FollowerState.java:run(117)) - bdb27072-dd00-4d3b-a7da-41600e490ca3@group-49E82E920F3F-FollowerState was interrupted: java.lang.InterruptedException: sleep interrupted
2019-10-25 11:07:56,935 [f6cfa8a2-85ff-4bb9-a246-101c53d2d47b@group-49E82E920F3F-LeaderElection575] INFO  impl.LeaderElection (LeaderElection.java:logAndReturn(56)) - f6cfa8a2-85ff-4bb9-a246-101c53d2d47b@group-49E82E920F3F-LeaderElection575: Election REJECTED; received 1 response(s) [f6cfa8a2-85ff-4bb9-a246-101c53d2d47b<-bdb27072-dd00-4d3b-a7da-41600e490ca3#0:FAIL-t162] and 1 exception(s); f6cfa8a2-85ff-4bb9-a246-101c53d2d47b@group-49E82E920F3F:t162, leader=null, voted=f6cfa8a2-85ff-4bb9-a246-101c53d2d47b, raftlog=f6cfa8a2-85ff-4bb9-a246-101c53d2d47b@group-49E82E920F3F-SegmentedRaftLog:OPENED:c-1,f-1,i0, conf=-1: [7fad1e98-7a6b-4998-a30c-ec1ab88068bc:192.168.157.233:35716, bdb27072-dd00-4d3b-a7da-41600e490ca3:192.168.157.233:42906, f6cfa8a2-85ff-4bb9-a246-101c53d2d47b:192.168.157.233:44618], old=null
2019-10-25 11:07:56,935 [f6cfa8a2-85ff-4bb9-a246-101c53d2d47b@group-49E82E920F3F-LeaderElection575] INFO  impl.LeaderElection (LogUtils.java:infoOrTrace(149)) -   Exception 0: {}
java.util.concurrent.ExecutionException: org.apache.ratis.thirdparty.io.grpc.StatusRuntimeException: UNAVAILABLE: io exception
	at java.util.concurrent.FutureTask.report(FutureTask.java:122)
	at java.util.concurrent.FutureTask.get(FutureTask.java:192)
	at org.apache.ratis.server.impl.LeaderElection.waitForResults(LeaderElection.java:259)
	at org.apache.ratis.server.impl.LeaderElection.askForVotes(LeaderElection.java:197)
	at org.apache.ratis.server.impl.LeaderElection.run(LeaderElection.java:133)
	at java.lang.Thread.run(Thread.java:748)
Caused by: org.apache.ratis.thirdparty.io.grpc.StatusRuntimeException: UNAVAILABLE: io exception
	at org.apache.ratis.thirdparty.io.grpc.stub.ClientCalls.toStatusRuntimeException(ClientCalls.java:233)
	at org.apache.ratis.thirdparty.io.grpc.stub.ClientCalls.getUnchecked(ClientCalls.java:214)
	at org.apache.ratis.thirdparty.io.grpc.stub.ClientCalls.blockingUnaryCall(ClientCalls.java:139)
	at org.apache.ratis.proto.grpc.RaftServerProtocolServiceGrpc$RaftServerProtocolServiceBlockingStub.requestVote(RaftServerProtocolServiceGrpc.java:265)
	at org.apache.ratis.grpc.server.GrpcServerProtocolClient.requestVote(GrpcServerProtocolClient.java:99)
	at org.apache.ratis.grpc.server.GrpcService.requestVote(GrpcService.java:204)
	at org.apache.ratis.server.impl.LeaderElection.lambda$submitRequests$1(LeaderElection.java:234)
	at java.util.concurrent.FutureTask.run(FutureTask.java:266)
	at java.util.concurrent.Executors$RunnableAdapter.call(Executors.java:511)
	at java.util.concurrent.FutureTask.run(FutureTask.java:266)
	at java.util.concurrent.ThreadPoolExecutor.runWorker(ThreadPoolExecutor.java:1149)
	at java.util.concurrent.ThreadPoolExecutor$Worker.run(ThreadPoolExecutor.java:624)
	... 1 more
Caused by: org.apache.ratis.thirdparty.io.netty.channel.AbstractChannel$AnnotatedConnectException: Connection refused: /192.168.157.233:35716
	at sun.nio.ch.SocketChannelImpl.checkConnect(Native Method)
	at sun.nio.ch.SocketChannelImpl.finishConnect(SocketChannelImpl.java:717)
	at org.apache.ratis.thirdparty.io.netty.channel.socket.nio.NioSocketChannel.doFinishConnect(NioSocketChannel.java:327)
	at org.apache.ratis.thirdparty.io.netty.channel.nio.AbstractNioChannel$AbstractNioUnsafe.finishConnect(AbstractNioChannel.java:340)
	at org.apache.ratis.thirdparty.io.netty.channel.nio.NioEventLoop.processSelectedKey(NioEventLoop.java:632)
	at org.apache.ratis.thirdparty.io.netty.channel.nio.NioEventLoop.processSelectedKeysOptimized(NioEventLoop.java:579)
	at org.apache.ratis.thirdparty.io.netty.channel.nio.NioEventLoop.processSelectedKeys(NioEventLoop.java:496)
	at org.apache.ratis.thirdparty.io.netty.channel.nio.NioEventLoop.run(NioEventLoop.java:458)
	at org.apache.ratis.thirdparty.io.netty.util.concurrent.SingleThreadEventExecutor$5.run(SingleThreadEventExecutor.java:897)
	at org.apache.ratis.thirdparty.io.netty.util.concurrent.FastThreadLocalRunnable.run(FastThreadLocalRunnable.java:30)
	... 1 more
Caused by: java.net.ConnectException: Connection refused
	... 11 more
2019-10-25 11:07:56,936 [f6cfa8a2-85ff-4bb9-a246-101c53d2d47b@group-49E82E920F3F-LeaderElection575] INFO  impl.RaftServerImpl (RaftServerImpl.java:setRole(184)) - f6cfa8a2-85ff-4bb9-a246-101c53d2d47b@group-49E82E920F3F: changes role from CANDIDATE to FOLLOWER at term 162 for DISCOVERED_A_NEW_TERM
2019-10-25 11:07:56,936 [f6cfa8a2-85ff-4bb9-a246-101c53d2d47b@group-49E82E920F3F-LeaderElection575] INFO  impl.RoleInfo (RoleInfo.java:shutdownLeaderElection(134)) - f6cfa8a2-85ff-4bb9-a246-101c53d2d47b: shutdown LeaderElection
2019-10-25 11:07:56,936 [f6cfa8a2-85ff-4bb9-a246-101c53d2d47b@group-49E82E920F3F-LeaderElection575] INFO  impl.RoleInfo (RoleInfo.java:updateAndGet(143)) - f6cfa8a2-85ff-4bb9-a246-101c53d2d47b: start FollowerState
2019-10-25 11:07:57,051 [Thread-4839] INFO  impl.FollowerState (FollowerState.java:run(108)) - f6cfa8a2-85ff-4bb9-a246-101c53d2d47b@group-49E82E920F3F-FollowerState: change to CANDIDATE, lastRpcTime:115ms, electionTimeout:115ms
2019-10-25 11:07:57,051 [Thread-4839] INFO  impl.RoleInfo (RoleInfo.java:shutdownFollowerState(121)) - f6cfa8a2-85ff-4bb9-a246-101c53d2d47b: shutdown FollowerState
2019-10-25 11:07:57,051 [Thread-4839] INFO  impl.RaftServerImpl (RaftServerImpl.java:setRole(184)) - f6cfa8a2-85ff-4bb9-a246-101c53d2d47b@group-49E82E920F3F: changes role from  FOLLOWER to CANDIDATE at term 162 for changeToCandidate
2019-10-25 11:07:57,052 [Thread-4839] INFO  impl.RoleInfo (RoleInfo.java:updateAndGet(143)) - f6cfa8a2-85ff-4bb9-a246-101c53d2d47b: start LeaderElection
2019-10-25 11:07:57,075 [f6cfa8a2-85ff-4bb9-a246-101c53d2d47b@group-49E82E920F3F-LeaderElection576] INFO  impl.LeaderElection (LeaderElection.java:askForVotes(178)) - f6cfa8a2-85ff-4bb9-a246-101c53d2d47b@group-49E82E920F3F-LeaderElection576: begin an election at term 163 for -1: [7fad1e98-7a6b-4998-a30c-ec1ab88068bc:192.168.157.233:35716, bdb27072-dd00-4d3b-a7da-41600e490ca3:192.168.157.233:42906, f6cfa8a2-85ff-4bb9-a246-101c53d2d47b:192.168.157.233:44618], old=null
2019-10-25 11:07:57,076 [f6cfa8a2-85ff-4bb9-a246-101c53d2d47b@group-49E82E920F3F-LeaderElection576] INFO  impl.LeaderElection (LogUtils.java:infoOrTrace(149)) - f6cfa8a2-85ff-4bb9-a246-101c53d2d47b@group-49E82E920F3F-LeaderElection576 got exception when requesting votes: {}
java.util.concurrent.ExecutionException: org.apache.ratis.thirdparty.io.grpc.StatusRuntimeException: UNAVAILABLE: io exception
	at java.util.concurrent.FutureTask.report(FutureTask.java:122)
	at java.util.concurrent.FutureTask.get(FutureTask.java:192)
	at org.apache.ratis.server.impl.LeaderElection.waitForResults(LeaderElection.java:259)
	at org.apache.ratis.server.impl.LeaderElection.askForVotes(LeaderElection.java:197)
	at org.apache.ratis.server.impl.LeaderElection.run(LeaderElection.java:133)
	at java.lang.Thread.run(Thread.java:748)
Caused by: org.apache.ratis.thirdparty.io.grpc.StatusRuntimeException: UNAVAILABLE: io exception
	at org.apache.ratis.thirdparty.io.grpc.stub.ClientCalls.toStatusRuntimeException(ClientCalls.java:233)
	at org.apache.ratis.thirdparty.io.grpc.stub.ClientCalls.getUnchecked(ClientCalls.java:214)
	at org.apache.ratis.thirdparty.io.grpc.stub.ClientCalls.blockingUnaryCall(ClientCalls.java:139)
	at org.apache.ratis.proto.grpc.RaftServerProtocolServiceGrpc$RaftServerProtocolServiceBlockingStub.requestVote(RaftServerProtocolServiceGrpc.java:265)
	at org.apache.ratis.grpc.server.GrpcServerProtocolClient.requestVote(GrpcServerProtocolClient.java:99)
	at org.apache.ratis.grpc.server.GrpcService.requestVote(GrpcService.java:204)
	at org.apache.ratis.server.impl.LeaderElection.lambda$submitRequests$1(LeaderElection.java:234)
	at java.util.concurrent.FutureTask.run(FutureTask.java:266)
	at java.util.concurrent.Executors$RunnableAdapter.call(Executors.java:511)
	at java.util.concurrent.FutureTask.run(FutureTask.java:266)
	at java.util.concurrent.ThreadPoolExecutor.runWorker(ThreadPoolExecutor.java:1149)
	at java.util.concurrent.ThreadPoolExecutor$Worker.run(ThreadPoolExecutor.java:624)
	... 1 more
Caused by: org.apache.ratis.thirdparty.io.netty.channel.AbstractChannel$AnnotatedConnectException: Connection refused: /192.168.157.233:35716
	at sun.nio.ch.SocketChannelImpl.checkConnect(Native Method)
	at sun.nio.ch.SocketChannelImpl.finishConnect(SocketChannelImpl.java:717)
	at org.apache.ratis.thirdparty.io.netty.channel.socket.nio.NioSocketChannel.doFinishConnect(NioSocketChannel.java:327)
	at org.apache.ratis.thirdparty.io.netty.channel.nio.AbstractNioChannel$AbstractNioUnsafe.finishConnect(AbstractNioChannel.java:340)
	at org.apache.ratis.thirdparty.io.netty.channel.nio.NioEventLoop.processSelectedKey(NioEventLoop.java:632)
	at org.apache.ratis.thirdparty.io.netty.channel.nio.NioEventLoop.processSelectedKeysOptimized(NioEventLoop.java:579)
	at org.apache.ratis.thirdparty.io.netty.channel.nio.NioEventLoop.processSelectedKeys(NioEventLoop.java:496)
	at org.apache.ratis.thirdparty.io.netty.channel.nio.NioEventLoop.run(NioEventLoop.java:458)
	at org.apache.ratis.thirdparty.io.netty.util.concurrent.SingleThreadEventExecutor$5.run(SingleThreadEventExecutor.java:897)
	at org.apache.ratis.thirdparty.io.netty.util.concurrent.FastThreadLocalRunnable.run(FastThreadLocalRunnable.java:30)
	... 1 more
Caused by: java.net.ConnectException: Connection refused
	... 11 more
2019-10-25 11:07:57,085 [grpc-default-executor-9] INFO  impl.RaftServerImpl (RaftServerImpl.java:setRole(184)) - bdb27072-dd00-4d3b-a7da-41600e490ca3@group-49E82E920F3F: changes role from  FOLLOWER to FOLLOWER at term 163 for recognizeCandidate:f6cfa8a2-85ff-4bb9-a246-101c53d2d47b
2019-10-25 11:07:57,085 [grpc-default-executor-9] INFO  impl.RoleInfo (RoleInfo.java:shutdownFollowerState(121)) - bdb27072-dd00-4d3b-a7da-41600e490ca3: shutdown FollowerState
2019-10-25 11:07:57,085 [grpc-default-executor-9] INFO  impl.RoleInfo (RoleInfo.java:updateAndGet(143)) - bdb27072-dd00-4d3b-a7da-41600e490ca3: start FollowerState
2019-10-25 11:07:57,085 [Thread-4838] INFO  impl.FollowerState (FollowerState.java:run(117)) - bdb27072-dd00-4d3b-a7da-41600e490ca3@group-49E82E920F3F-FollowerState was interrupted: java.lang.InterruptedException: sleep interrupted
2019-10-25 11:07:57,099 [f6cfa8a2-85ff-4bb9-a246-101c53d2d47b@group-49E82E920F3F-LeaderElection576] INFO  impl.LeaderElection (LeaderElection.java:logAndReturn(56)) - f6cfa8a2-85ff-4bb9-a246-101c53d2d47b@group-49E82E920F3F-LeaderElection576: Election REJECTED; received 1 response(s) [f6cfa8a2-85ff-4bb9-a246-101c53d2d47b<-bdb27072-dd00-4d3b-a7da-41600e490ca3#0:FAIL-t163] and 1 exception(s); f6cfa8a2-85ff-4bb9-a246-101c53d2d47b@group-49E82E920F3F:t163, leader=null, voted=f6cfa8a2-85ff-4bb9-a246-101c53d2d47b, raftlog=f6cfa8a2-85ff-4bb9-a246-101c53d2d47b@group-49E82E920F3F-SegmentedRaftLog:OPENED:c-1,f-1,i0, conf=-1: [7fad1e98-7a6b-4998-a30c-ec1ab88068bc:192.168.157.233:35716, bdb27072-dd00-4d3b-a7da-41600e490ca3:192.168.157.233:42906, f6cfa8a2-85ff-4bb9-a246-101c53d2d47b:192.168.157.233:44618], old=null
2019-10-25 11:07:57,099 [f6cfa8a2-85ff-4bb9-a246-101c53d2d47b@group-49E82E920F3F-LeaderElection576] INFO  impl.LeaderElection (LogUtils.java:infoOrTrace(149)) -   Exception 0: {}
java.util.concurrent.ExecutionException: org.apache.ratis.thirdparty.io.grpc.StatusRuntimeException: UNAVAILABLE: io exception
	at java.util.concurrent.FutureTask.report(FutureTask.java:122)
	at java.util.concurrent.FutureTask.get(FutureTask.java:192)
	at org.apache.ratis.server.impl.LeaderElection.waitForResults(LeaderElection.java:259)
	at org.apache.ratis.server.impl.LeaderElection.askForVotes(LeaderElection.java:197)
	at org.apache.ratis.server.impl.LeaderElection.run(LeaderElection.java:133)
	at java.lang.Thread.run(Thread.java:748)
Caused by: org.apache.ratis.thirdparty.io.grpc.StatusRuntimeException: UNAVAILABLE: io exception
	at org.apache.ratis.thirdparty.io.grpc.stub.ClientCalls.toStatusRuntimeException(ClientCalls.java:233)
	at org.apache.ratis.thirdparty.io.grpc.stub.ClientCalls.getUnchecked(ClientCalls.java:214)
	at org.apache.ratis.thirdparty.io.grpc.stub.ClientCalls.blockingUnaryCall(ClientCalls.java:139)
	at org.apache.ratis.proto.grpc.RaftServerProtocolServiceGrpc$RaftServerProtocolServiceBlockingStub.requestVote(RaftServerProtocolServiceGrpc.java:265)
	at org.apache.ratis.grpc.server.GrpcServerProtocolClient.requestVote(GrpcServerProtocolClient.java:99)
	at org.apache.ratis.grpc.server.GrpcService.requestVote(GrpcService.java:204)
	at org.apache.ratis.server.impl.LeaderElection.lambda$submitRequests$1(LeaderElection.java:234)
	at java.util.concurrent.FutureTask.run(FutureTask.java:266)
	at java.util.concurrent.Executors$RunnableAdapter.call(Executors.java:511)
	at java.util.concurrent.FutureTask.run(FutureTask.java:266)
	at java.util.concurrent.ThreadPoolExecutor.runWorker(ThreadPoolExecutor.java:1149)
	at java.util.concurrent.ThreadPoolExecutor$Worker.run(ThreadPoolExecutor.java:624)
	... 1 more
Caused by: org.apache.ratis.thirdparty.io.netty.channel.AbstractChannel$AnnotatedConnectException: Connection refused: /192.168.157.233:35716
	at sun.nio.ch.SocketChannelImpl.checkConnect(Native Method)
	at sun.nio.ch.SocketChannelImpl.finishConnect(SocketChannelImpl.java:717)
	at org.apache.ratis.thirdparty.io.netty.channel.socket.nio.NioSocketChannel.doFinishConnect(NioSocketChannel.java:327)
	at org.apache.ratis.thirdparty.io.netty.channel.nio.AbstractNioChannel$AbstractNioUnsafe.finishConnect(AbstractNioChannel.java:340)
	at org.apache.ratis.thirdparty.io.netty.channel.nio.NioEventLoop.processSelectedKey(NioEventLoop.java:632)
	at org.apache.ratis.thirdparty.io.netty.channel.nio.NioEventLoop.processSelectedKeysOptimized(NioEventLoop.java:579)
	at org.apache.ratis.thirdparty.io.netty.channel.nio.NioEventLoop.processSelectedKeys(NioEventLoop.java:496)
	at org.apache.ratis.thirdparty.io.netty.channel.nio.NioEventLoop.run(NioEventLoop.java:458)
	at org.apache.ratis.thirdparty.io.netty.util.concurrent.SingleThreadEventExecutor$5.run(SingleThreadEventExecutor.java:897)
	at org.apache.ratis.thirdparty.io.netty.util.concurrent.FastThreadLocalRunnable.run(FastThreadLocalRunnable.java:30)
	... 1 more
Caused by: java.net.ConnectException: Connection refused
	... 11 more
2019-10-25 11:07:57,099 [f6cfa8a2-85ff-4bb9-a246-101c53d2d47b@group-49E82E920F3F-LeaderElection576] INFO  impl.RaftServerImpl (RaftServerImpl.java:setRole(184)) - f6cfa8a2-85ff-4bb9-a246-101c53d2d47b@group-49E82E920F3F: changes role from CANDIDATE to FOLLOWER at term 163 for DISCOVERED_A_NEW_TERM
2019-10-25 11:07:57,099 [f6cfa8a2-85ff-4bb9-a246-101c53d2d47b@group-49E82E920F3F-LeaderElection576] INFO  impl.RoleInfo (RoleInfo.java:shutdownLeaderElection(134)) - f6cfa8a2-85ff-4bb9-a246-101c53d2d47b: shutdown LeaderElection
2019-10-25 11:07:57,100 [f6cfa8a2-85ff-4bb9-a246-101c53d2d47b@group-49E82E920F3F-LeaderElection576] INFO  impl.RoleInfo (RoleInfo.java:updateAndGet(143)) - f6cfa8a2-85ff-4bb9-a246-101c53d2d47b: start FollowerState
2019-10-25 11:07:57,182 [Thread-4845] INFO  impl.FollowerState (FollowerState.java:run(108)) - f6cfa8a2-85ff-4bb9-a246-101c53d2d47b@group-49E82E920F3F-FollowerState: change to CANDIDATE, lastRpcTime:82ms, electionTimeout:82ms
2019-10-25 11:07:57,182 [Thread-4845] INFO  impl.RoleInfo (RoleInfo.java:shutdownFollowerState(121)) - f6cfa8a2-85ff-4bb9-a246-101c53d2d47b: shutdown FollowerState
2019-10-25 11:07:57,182 [Thread-4845] INFO  impl.RaftServerImpl (RaftServerImpl.java:setRole(184)) - f6cfa8a2-85ff-4bb9-a246-101c53d2d47b@group-49E82E920F3F: changes role from  FOLLOWER to CANDIDATE at term 163 for changeToCandidate
2019-10-25 11:07:57,182 [Thread-4845] INFO  impl.RoleInfo (RoleInfo.java:updateAndGet(143)) - f6cfa8a2-85ff-4bb9-a246-101c53d2d47b: start LeaderElection
2019-10-25 11:07:57,195 [f6cfa8a2-85ff-4bb9-a246-101c53d2d47b@group-49E82E920F3F-LeaderElection577] INFO  impl.LeaderElection (LeaderElection.java:askForVotes(178)) - f6cfa8a2-85ff-4bb9-a246-101c53d2d47b@group-49E82E920F3F-LeaderElection577: begin an election at term 164 for -1: [7fad1e98-7a6b-4998-a30c-ec1ab88068bc:192.168.157.233:35716, bdb27072-dd00-4d3b-a7da-41600e490ca3:192.168.157.233:42906, f6cfa8a2-85ff-4bb9-a246-101c53d2d47b:192.168.157.233:44618], old=null
2019-10-25 11:07:57,196 [f6cfa8a2-85ff-4bb9-a246-101c53d2d47b@group-49E82E920F3F-LeaderElection577] INFO  impl.LeaderElection (LogUtils.java:infoOrTrace(149)) - f6cfa8a2-85ff-4bb9-a246-101c53d2d47b@group-49E82E920F3F-LeaderElection577 got exception when requesting votes: {}
java.util.concurrent.ExecutionException: org.apache.ratis.thirdparty.io.grpc.StatusRuntimeException: UNAVAILABLE: io exception
	at java.util.concurrent.FutureTask.report(FutureTask.java:122)
	at java.util.concurrent.FutureTask.get(FutureTask.java:192)
	at org.apache.ratis.server.impl.LeaderElection.waitForResults(LeaderElection.java:259)
	at org.apache.ratis.server.impl.LeaderElection.askForVotes(LeaderElection.java:197)
	at org.apache.ratis.server.impl.LeaderElection.run(LeaderElection.java:133)
	at java.lang.Thread.run(Thread.java:748)
Caused by: org.apache.ratis.thirdparty.io.grpc.StatusRuntimeException: UNAVAILABLE: io exception
	at org.apache.ratis.thirdparty.io.grpc.stub.ClientCalls.toStatusRuntimeException(ClientCalls.java:233)
	at org.apache.ratis.thirdparty.io.grpc.stub.ClientCalls.getUnchecked(ClientCalls.java:214)
	at org.apache.ratis.thirdparty.io.grpc.stub.ClientCalls.blockingUnaryCall(ClientCalls.java:139)
	at org.apache.ratis.proto.grpc.RaftServerProtocolServiceGrpc$RaftServerProtocolServiceBlockingStub.requestVote(RaftServerProtocolServiceGrpc.java:265)
	at org.apache.ratis.grpc.server.GrpcServerProtocolClient.requestVote(GrpcServerProtocolClient.java:99)
	at org.apache.ratis.grpc.server.GrpcService.requestVote(GrpcService.java:204)
	at org.apache.ratis.server.impl.LeaderElection.lambda$submitRequests$1(LeaderElection.java:234)
	at java.util.concurrent.FutureTask.run(FutureTask.java:266)
	at java.util.concurrent.Executors$RunnableAdapter.call(Executors.java:511)
	at java.util.concurrent.FutureTask.run(FutureTask.java:266)
	at java.util.concurrent.ThreadPoolExecutor.runWorker(ThreadPoolExecutor.java:1149)
	at java.util.concurrent.ThreadPoolExecutor$Worker.run(ThreadPoolExecutor.java:624)
	... 1 more
Caused by: org.apache.ratis.thirdparty.io.netty.channel.AbstractChannel$AnnotatedConnectException: Connection refused: /192.168.157.233:35716
	at sun.nio.ch.SocketChannelImpl.checkConnect(Native Method)
	at sun.nio.ch.SocketChannelImpl.finishConnect(SocketChannelImpl.java:717)
	at org.apache.ratis.thirdparty.io.netty.channel.socket.nio.NioSocketChannel.doFinishConnect(NioSocketChannel.java:327)
	at org.apache.ratis.thirdparty.io.netty.channel.nio.AbstractNioChannel$AbstractNioUnsafe.finishConnect(AbstractNioChannel.java:340)
	at org.apache.ratis.thirdparty.io.netty.channel.nio.NioEventLoop.processSelectedKey(NioEventLoop.java:632)
	at org.apache.ratis.thirdparty.io.netty.channel.nio.NioEventLoop.processSelectedKeysOptimized(NioEventLoop.java:579)
	at org.apache.ratis.thirdparty.io.netty.channel.nio.NioEventLoop.processSelectedKeys(NioEventLoop.java:496)
	at org.apache.ratis.thirdparty.io.netty.channel.nio.NioEventLoop.run(NioEventLoop.java:458)
	at org.apache.ratis.thirdparty.io.netty.util.concurrent.SingleThreadEventExecutor$5.run(SingleThreadEventExecutor.java:897)
	at org.apache.ratis.thirdparty.io.netty.util.concurrent.FastThreadLocalRunnable.run(FastThreadLocalRunnable.java:30)
	... 1 more
Caused by: java.net.ConnectException: Connection refused
	... 11 more
2019-10-25 11:07:57,199 [grpc-default-executor-4] INFO  impl.RaftServerImpl (RaftServerImpl.java:setRole(184)) - bdb27072-dd00-4d3b-a7da-41600e490ca3@group-49E82E920F3F: changes role from  FOLLOWER to FOLLOWER at term 164 for recognizeCandidate:f6cfa8a2-85ff-4bb9-a246-101c53d2d47b
2019-10-25 11:07:57,199 [grpc-default-executor-4] INFO  impl.RoleInfo (RoleInfo.java:shutdownFollowerState(121)) - bdb27072-dd00-4d3b-a7da-41600e490ca3: shutdown FollowerState
2019-10-25 11:07:57,199 [grpc-default-executor-4] INFO  impl.RoleInfo (RoleInfo.java:updateAndGet(143)) - bdb27072-dd00-4d3b-a7da-41600e490ca3: start FollowerState
2019-10-25 11:07:57,199 [Thread-4844] INFO  impl.FollowerState (FollowerState.java:run(117)) - bdb27072-dd00-4d3b-a7da-41600e490ca3@group-49E82E920F3F-FollowerState was interrupted: java.lang.InterruptedException: sleep interrupted
2019-10-25 11:07:57,212 [f6cfa8a2-85ff-4bb9-a246-101c53d2d47b@group-49E82E920F3F-LeaderElection577] INFO  impl.LeaderElection (LeaderElection.java:logAndReturn(56)) - f6cfa8a2-85ff-4bb9-a246-101c53d2d47b@group-49E82E920F3F-LeaderElection577: Election REJECTED; received 1 response(s) [f6cfa8a2-85ff-4bb9-a246-101c53d2d47b<-bdb27072-dd00-4d3b-a7da-41600e490ca3#0:FAIL-t164] and 1 exception(s); f6cfa8a2-85ff-4bb9-a246-101c53d2d47b@group-49E82E920F3F:t164, leader=null, voted=f6cfa8a2-85ff-4bb9-a246-101c53d2d47b, raftlog=f6cfa8a2-85ff-4bb9-a246-101c53d2d47b@group-49E82E920F3F-SegmentedRaftLog:OPENED:c-1,f-1,i0, conf=-1: [7fad1e98-7a6b-4998-a30c-ec1ab88068bc:192.168.157.233:35716, bdb27072-dd00-4d3b-a7da-41600e490ca3:192.168.157.233:42906, f6cfa8a2-85ff-4bb9-a246-101c53d2d47b:192.168.157.233:44618], old=null
2019-10-25 11:07:57,212 [f6cfa8a2-85ff-4bb9-a246-101c53d2d47b@group-49E82E920F3F-LeaderElection577] INFO  impl.LeaderElection (LogUtils.java:infoOrTrace(149)) -   Exception 0: {}
java.util.concurrent.ExecutionException: org.apache.ratis.thirdparty.io.grpc.StatusRuntimeException: UNAVAILABLE: io exception
	at java.util.concurrent.FutureTask.report(FutureTask.java:122)
	at java.util.concurrent.FutureTask.get(FutureTask.java:192)
	at org.apache.ratis.server.impl.LeaderElection.waitForResults(LeaderElection.java:259)
	at org.apache.ratis.server.impl.LeaderElection.askForVotes(LeaderElection.java:197)
	at org.apache.ratis.server.impl.LeaderElection.run(LeaderElection.java:133)
	at java.lang.Thread.run(Thread.java:748)
Caused by: org.apache.ratis.thirdparty.io.grpc.StatusRuntimeException: UNAVAILABLE: io exception
	at org.apache.ratis.thirdparty.io.grpc.stub.ClientCalls.toStatusRuntimeException(ClientCalls.java:233)
	at org.apache.ratis.thirdparty.io.grpc.stub.ClientCalls.getUnchecked(ClientCalls.java:214)
	at org.apache.ratis.thirdparty.io.grpc.stub.ClientCalls.blockingUnaryCall(ClientCalls.java:139)
	at org.apache.ratis.proto.grpc.RaftServerProtocolServiceGrpc$RaftServerProtocolServiceBlockingStub.requestVote(RaftServerProtocolServiceGrpc.java:265)
	at org.apache.ratis.grpc.server.GrpcServerProtocolClient.requestVote(GrpcServerProtocolClient.java:99)
	at org.apache.ratis.grpc.server.GrpcService.requestVote(GrpcService.java:204)
	at org.apache.ratis.server.impl.LeaderElection.lambda$submitRequests$1(LeaderElection.java:234)
	at java.util.concurrent.FutureTask.run(FutureTask.java:266)
	at java.util.concurrent.Executors$RunnableAdapter.call(Executors.java:511)
	at java.util.concurrent.FutureTask.run(FutureTask.java:266)
	at java.util.concurrent.ThreadPoolExecutor.runWorker(ThreadPoolExecutor.java:1149)
	at java.util.concurrent.ThreadPoolExecutor$Worker.run(ThreadPoolExecutor.java:624)
	... 1 more
Caused by: org.apache.ratis.thirdparty.io.netty.channel.AbstractChannel$AnnotatedConnectException: Connection refused: /192.168.157.233:35716
	at sun.nio.ch.SocketChannelImpl.checkConnect(Native Method)
	at sun.nio.ch.SocketChannelImpl.finishConnect(SocketChannelImpl.java:717)
	at org.apache.ratis.thirdparty.io.netty.channel.socket.nio.NioSocketChannel.doFinishConnect(NioSocketChannel.java:327)
	at org.apache.ratis.thirdparty.io.netty.channel.nio.AbstractNioChannel$AbstractNioUnsafe.finishConnect(AbstractNioChannel.java:340)
	at org.apache.ratis.thirdparty.io.netty.channel.nio.NioEventLoop.processSelectedKey(NioEventLoop.java:632)
	at org.apache.ratis.thirdparty.io.netty.channel.nio.NioEventLoop.processSelectedKeysOptimized(NioEventLoop.java:579)
	at org.apache.ratis.thirdparty.io.netty.channel.nio.NioEventLoop.processSelectedKeys(NioEventLoop.java:496)
	at org.apache.ratis.thirdparty.io.netty.channel.nio.NioEventLoop.run(NioEventLoop.java:458)
	at org.apache.ratis.thirdparty.io.netty.util.concurrent.SingleThreadEventExecutor$5.run(SingleThreadEventExecutor.java:897)
	at org.apache.ratis.thirdparty.io.netty.util.concurrent.FastThreadLocalRunnable.run(FastThreadLocalRunnable.java:30)
	... 1 more
Caused by: java.net.ConnectException: Connection refused
	... 11 more
2019-10-25 11:07:57,213 [f6cfa8a2-85ff-4bb9-a246-101c53d2d47b@group-49E82E920F3F-LeaderElection577] INFO  impl.RaftServerImpl (RaftServerImpl.java:setRole(184)) - f6cfa8a2-85ff-4bb9-a246-101c53d2d47b@group-49E82E920F3F: changes role from CANDIDATE to FOLLOWER at term 164 for DISCOVERED_A_NEW_TERM
2019-10-25 11:07:57,213 [f6cfa8a2-85ff-4bb9-a246-101c53d2d47b@group-49E82E920F3F-LeaderElection577] INFO  impl.RoleInfo (RoleInfo.java:shutdownLeaderElection(134)) - f6cfa8a2-85ff-4bb9-a246-101c53d2d47b: shutdown LeaderElection
2019-10-25 11:07:57,213 [f6cfa8a2-85ff-4bb9-a246-101c53d2d47b@group-49E82E920F3F-LeaderElection577] INFO  impl.RoleInfo (RoleInfo.java:updateAndGet(143)) - f6cfa8a2-85ff-4bb9-a246-101c53d2d47b: start FollowerState
2019-10-25 11:07:57,380 [Thread-4852] INFO  impl.FollowerState (FollowerState.java:run(108)) - f6cfa8a2-85ff-4bb9-a246-101c53d2d47b@group-49E82E920F3F-FollowerState: change to CANDIDATE, lastRpcTime:167ms, electionTimeout:167ms
2019-10-25 11:07:57,380 [Thread-4852] INFO  impl.RoleInfo (RoleInfo.java:shutdownFollowerState(121)) - f6cfa8a2-85ff-4bb9-a246-101c53d2d47b: shutdown FollowerState
2019-10-25 11:07:57,380 [Thread-4852] INFO  impl.RaftServerImpl (RaftServerImpl.java:setRole(184)) - f6cfa8a2-85ff-4bb9-a246-101c53d2d47b@group-49E82E920F3F: changes role from  FOLLOWER to CANDIDATE at term 164 for changeToCandidate
2019-10-25 11:07:57,381 [Thread-4852] INFO  impl.RoleInfo (RoleInfo.java:updateAndGet(143)) - f6cfa8a2-85ff-4bb9-a246-101c53d2d47b: start LeaderElection
2019-10-25 11:07:57,402 [f6cfa8a2-85ff-4bb9-a246-101c53d2d47b@group-49E82E920F3F-LeaderElection578] INFO  impl.LeaderElection (LeaderElection.java:askForVotes(178)) - f6cfa8a2-85ff-4bb9-a246-101c53d2d47b@group-49E82E920F3F-LeaderElection578: begin an election at term 165 for -1: [7fad1e98-7a6b-4998-a30c-ec1ab88068bc:192.168.157.233:35716, bdb27072-dd00-4d3b-a7da-41600e490ca3:192.168.157.233:42906, f6cfa8a2-85ff-4bb9-a246-101c53d2d47b:192.168.157.233:44618], old=null
2019-10-25 11:07:57,403 [f6cfa8a2-85ff-4bb9-a246-101c53d2d47b@group-49E82E920F3F-LeaderElection578] INFO  impl.LeaderElection (LogUtils.java:infoOrTrace(149)) - f6cfa8a2-85ff-4bb9-a246-101c53d2d47b@group-49E82E920F3F-LeaderElection578 got exception when requesting votes: {}
java.util.concurrent.ExecutionException: org.apache.ratis.thirdparty.io.grpc.StatusRuntimeException: UNAVAILABLE: io exception
	at java.util.concurrent.FutureTask.report(FutureTask.java:122)
	at java.util.concurrent.FutureTask.get(FutureTask.java:192)
	at org.apache.ratis.server.impl.LeaderElection.waitForResults(LeaderElection.java:259)
	at org.apache.ratis.server.impl.LeaderElection.askForVotes(LeaderElection.java:197)
	at org.apache.ratis.server.impl.LeaderElection.run(LeaderElection.java:133)
	at java.lang.Thread.run(Thread.java:748)
Caused by: org.apache.ratis.thirdparty.io.grpc.StatusRuntimeException: UNAVAILABLE: io exception
	at org.apache.ratis.thirdparty.io.grpc.stub.ClientCalls.toStatusRuntimeException(ClientCalls.java:233)
	at org.apache.ratis.thirdparty.io.grpc.stub.ClientCalls.getUnchecked(ClientCalls.java:214)
	at org.apache.ratis.thirdparty.io.grpc.stub.ClientCalls.blockingUnaryCall(ClientCalls.java:139)
	at org.apache.ratis.proto.grpc.RaftServerProtocolServiceGrpc$RaftServerProtocolServiceBlockingStub.requestVote(RaftServerProtocolServiceGrpc.java:265)
	at org.apache.ratis.grpc.server.GrpcServerProtocolClient.requestVote(GrpcServerProtocolClient.java:99)
	at org.apache.ratis.grpc.server.GrpcService.requestVote(GrpcService.java:204)
	at org.apache.ratis.server.impl.LeaderElection.lambda$submitRequests$1(LeaderElection.java:234)
	at java.util.concurrent.FutureTask.run(FutureTask.java:266)
	at java.util.concurrent.Executors$RunnableAdapter.call(Executors.java:511)
	at java.util.concurrent.FutureTask.run(FutureTask.java:266)
	at java.util.concurrent.ThreadPoolExecutor.runWorker(ThreadPoolExecutor.java:1149)
	at java.util.concurrent.ThreadPoolExecutor$Worker.run(ThreadPoolExecutor.java:624)
	... 1 more
Caused by: org.apache.ratis.thirdparty.io.netty.channel.AbstractChannel$AnnotatedConnectException: Connection refused: /192.168.157.233:35716
	at sun.nio.ch.SocketChannelImpl.checkConnect(Native Method)
	at sun.nio.ch.SocketChannelImpl.finishConnect(SocketChannelImpl.java:717)
	at org.apache.ratis.thirdparty.io.netty.channel.socket.nio.NioSocketChannel.doFinishConnect(NioSocketChannel.java:327)
	at org.apache.ratis.thirdparty.io.netty.channel.nio.AbstractNioChannel$AbstractNioUnsafe.finishConnect(AbstractNioChannel.java:340)
	at org.apache.ratis.thirdparty.io.netty.channel.nio.NioEventLoop.processSelectedKey(NioEventLoop.java:632)
	at org.apache.ratis.thirdparty.io.netty.channel.nio.NioEventLoop.processSelectedKeysOptimized(NioEventLoop.java:579)
	at org.apache.ratis.thirdparty.io.netty.channel.nio.NioEventLoop.processSelectedKeys(NioEventLoop.java:496)
	at org.apache.ratis.thirdparty.io.netty.channel.nio.NioEventLoop.run(NioEventLoop.java:458)
	at org.apache.ratis.thirdparty.io.netty.util.concurrent.SingleThreadEventExecutor$5.run(SingleThreadEventExecutor.java:897)
	at org.apache.ratis.thirdparty.io.netty.util.concurrent.FastThreadLocalRunnable.run(FastThreadLocalRunnable.java:30)
	... 1 more
Caused by: java.net.ConnectException: Connection refused
	... 11 more
2019-10-25 11:07:57,405 [grpc-default-executor-4] INFO  impl.RaftServerImpl (RaftServerImpl.java:setRole(184)) - bdb27072-dd00-4d3b-a7da-41600e490ca3@group-49E82E920F3F: changes role from  FOLLOWER to FOLLOWER at term 165 for recognizeCandidate:f6cfa8a2-85ff-4bb9-a246-101c53d2d47b
2019-10-25 11:07:57,405 [grpc-default-executor-4] INFO  impl.RoleInfo (RoleInfo.java:shutdownFollowerState(121)) - bdb27072-dd00-4d3b-a7da-41600e490ca3: shutdown FollowerState
2019-10-25 11:07:57,405 [grpc-default-executor-4] INFO  impl.RoleInfo (RoleInfo.java:updateAndGet(143)) - bdb27072-dd00-4d3b-a7da-41600e490ca3: start FollowerState
2019-10-25 11:07:57,405 [Thread-4851] INFO  impl.FollowerState (FollowerState.java:run(117)) - bdb27072-dd00-4d3b-a7da-41600e490ca3@group-49E82E920F3F-FollowerState was interrupted: java.lang.InterruptedException: sleep interrupted
2019-10-25 11:07:57,418 [f6cfa8a2-85ff-4bb9-a246-101c53d2d47b@group-49E82E920F3F-LeaderElection578] INFO  impl.LeaderElection (LeaderElection.java:logAndReturn(56)) - f6cfa8a2-85ff-4bb9-a246-101c53d2d47b@group-49E82E920F3F-LeaderElection578: Election REJECTED; received 1 response(s) [f6cfa8a2-85ff-4bb9-a246-101c53d2d47b<-bdb27072-dd00-4d3b-a7da-41600e490ca3#0:FAIL-t165] and 1 exception(s); f6cfa8a2-85ff-4bb9-a246-101c53d2d47b@group-49E82E920F3F:t165, leader=null, voted=f6cfa8a2-85ff-4bb9-a246-101c53d2d47b, raftlog=f6cfa8a2-85ff-4bb9-a246-101c53d2d47b@group-49E82E920F3F-SegmentedRaftLog:OPENED:c-1,f-1,i0, conf=-1: [7fad1e98-7a6b-4998-a30c-ec1ab88068bc:192.168.157.233:35716, bdb27072-dd00-4d3b-a7da-41600e490ca3:192.168.157.233:42906, f6cfa8a2-85ff-4bb9-a246-101c53d2d47b:192.168.157.233:44618], old=null
2019-10-25 11:07:57,418 [f6cfa8a2-85ff-4bb9-a246-101c53d2d47b@group-49E82E920F3F-LeaderElection578] INFO  impl.LeaderElection (LogUtils.java:infoOrTrace(149)) -   Exception 0: {}
java.util.concurrent.ExecutionException: org.apache.ratis.thirdparty.io.grpc.StatusRuntimeException: UNAVAILABLE: io exception
	at java.util.concurrent.FutureTask.report(FutureTask.java:122)
	at java.util.concurrent.FutureTask.get(FutureTask.java:192)
	at org.apache.ratis.server.impl.LeaderElection.waitForResults(LeaderElection.java:259)
	at org.apache.ratis.server.impl.LeaderElection.askForVotes(LeaderElection.java:197)
	at org.apache.ratis.server.impl.LeaderElection.run(LeaderElection.java:133)
	at java.lang.Thread.run(Thread.java:748)
Caused by: org.apache.ratis.thirdparty.io.grpc.StatusRuntimeException: UNAVAILABLE: io exception
	at org.apache.ratis.thirdparty.io.grpc.stub.ClientCalls.toStatusRuntimeException(ClientCalls.java:233)
	at org.apache.ratis.thirdparty.io.grpc.stub.ClientCalls.getUnchecked(ClientCalls.java:214)
	at org.apache.ratis.thirdparty.io.grpc.stub.ClientCalls.blockingUnaryCall(ClientCalls.java:139)
	at org.apache.ratis.proto.grpc.RaftServerProtocolServiceGrpc$RaftServerProtocolServiceBlockingStub.requestVote(RaftServerProtocolServiceGrpc.java:265)
	at org.apache.ratis.grpc.server.GrpcServerProtocolClient.requestVote(GrpcServerProtocolClient.java:99)
	at org.apache.ratis.grpc.server.GrpcService.requestVote(GrpcService.java:204)
	at org.apache.ratis.server.impl.LeaderElection.lambda$submitRequests$1(LeaderElection.java:234)
	at java.util.concurrent.FutureTask.run(FutureTask.java:266)
	at java.util.concurrent.Executors$RunnableAdapter.call(Executors.java:511)
	at java.util.concurrent.FutureTask.run(FutureTask.java:266)
	at java.util.concurrent.ThreadPoolExecutor.runWorker(ThreadPoolExecutor.java:1149)
	at java.util.concurrent.ThreadPoolExecutor$Worker.run(ThreadPoolExecutor.java:624)
	... 1 more
Caused by: org.apache.ratis.thirdparty.io.netty.channel.AbstractChannel$AnnotatedConnectException: Connection refused: /192.168.157.233:35716
	at sun.nio.ch.SocketChannelImpl.checkConnect(Native Method)
	at sun.nio.ch.SocketChannelImpl.finishConnect(SocketChannelImpl.java:717)
	at org.apache.ratis.thirdparty.io.netty.channel.socket.nio.NioSocketChannel.doFinishConnect(NioSocketChannel.java:327)
	at org.apache.ratis.thirdparty.io.netty.channel.nio.AbstractNioChannel$AbstractNioUnsafe.finishConnect(AbstractNioChannel.java:340)
	at org.apache.ratis.thirdparty.io.netty.channel.nio.NioEventLoop.processSelectedKey(NioEventLoop.java:632)
	at org.apache.ratis.thirdparty.io.netty.channel.nio.NioEventLoop.processSelectedKeysOptimized(NioEventLoop.java:579)
	at org.apache.ratis.thirdparty.io.netty.channel.nio.NioEventLoop.processSelectedKeys(NioEventLoop.java:496)
	at org.apache.ratis.thirdparty.io.netty.channel.nio.NioEventLoop.run(NioEventLoop.java:458)
	at org.apache.ratis.thirdparty.io.netty.util.concurrent.SingleThreadEventExecutor$5.run(SingleThreadEventExecutor.java:897)
	at org.apache.ratis.thirdparty.io.netty.util.concurrent.FastThreadLocalRunnable.run(FastThreadLocalRunnable.java:30)
	... 1 more
Caused by: java.net.ConnectException: Connection refused
	... 11 more
2019-10-25 11:07:57,419 [f6cfa8a2-85ff-4bb9-a246-101c53d2d47b@group-49E82E920F3F-LeaderElection578] INFO  impl.RaftServerImpl (RaftServerImpl.java:setRole(184)) - f6cfa8a2-85ff-4bb9-a246-101c53d2d47b@group-49E82E920F3F: changes role from CANDIDATE to FOLLOWER at term 165 for DISCOVERED_A_NEW_TERM
2019-10-25 11:07:57,419 [f6cfa8a2-85ff-4bb9-a246-101c53d2d47b@group-49E82E920F3F-LeaderElection578] INFO  impl.RoleInfo (RoleInfo.java:shutdownLeaderElection(134)) - f6cfa8a2-85ff-4bb9-a246-101c53d2d47b: shutdown LeaderElection
2019-10-25 11:07:57,419 [f6cfa8a2-85ff-4bb9-a246-101c53d2d47b@group-49E82E920F3F-LeaderElection578] INFO  impl.RoleInfo (RoleInfo.java:updateAndGet(143)) - f6cfa8a2-85ff-4bb9-a246-101c53d2d47b: start FollowerState
2019-10-25 11:07:57,465 [Thread-4857] INFO  impl.FollowerState (FollowerState.java:run(108)) - f6cfa8a2-85ff-4bb9-a246-101c53d2d47b@group-49E82E920F3F-FollowerState: change to CANDIDATE, lastRpcTime:46ms, electionTimeout:46ms
2019-10-25 11:07:57,466 [Thread-4857] INFO  impl.RoleInfo (RoleInfo.java:shutdownFollowerState(121)) - f6cfa8a2-85ff-4bb9-a246-101c53d2d47b: shutdown FollowerState
2019-10-25 11:07:57,466 [Thread-4857] INFO  impl.RaftServerImpl (RaftServerImpl.java:setRole(184)) - f6cfa8a2-85ff-4bb9-a246-101c53d2d47b@group-49E82E920F3F: changes role from  FOLLOWER to CANDIDATE at term 165 for changeToCandidate
2019-10-25 11:07:57,466 [Thread-4857] INFO  impl.RoleInfo (RoleInfo.java:updateAndGet(143)) - f6cfa8a2-85ff-4bb9-a246-101c53d2d47b: start LeaderElection
2019-10-25 11:07:57,479 [f6cfa8a2-85ff-4bb9-a246-101c53d2d47b@group-49E82E920F3F-LeaderElection579] INFO  impl.LeaderElection (LeaderElection.java:askForVotes(178)) - f6cfa8a2-85ff-4bb9-a246-101c53d2d47b@group-49E82E920F3F-LeaderElection579: begin an election at term 166 for -1: [7fad1e98-7a6b-4998-a30c-ec1ab88068bc:192.168.157.233:35716, bdb27072-dd00-4d3b-a7da-41600e490ca3:192.168.157.233:42906, f6cfa8a2-85ff-4bb9-a246-101c53d2d47b:192.168.157.233:44618], old=null
2019-10-25 11:07:57,480 [f6cfa8a2-85ff-4bb9-a246-101c53d2d47b@group-49E82E920F3F-LeaderElection579] INFO  impl.LeaderElection (LogUtils.java:infoOrTrace(149)) - f6cfa8a2-85ff-4bb9-a246-101c53d2d47b@group-49E82E920F3F-LeaderElection579 got exception when requesting votes: {}
java.util.concurrent.ExecutionException: org.apache.ratis.thirdparty.io.grpc.StatusRuntimeException: UNAVAILABLE: io exception
	at java.util.concurrent.FutureTask.report(FutureTask.java:122)
	at java.util.concurrent.FutureTask.get(FutureTask.java:192)
	at org.apache.ratis.server.impl.LeaderElection.waitForResults(LeaderElection.java:259)
	at org.apache.ratis.server.impl.LeaderElection.askForVotes(LeaderElection.java:197)
	at org.apache.ratis.server.impl.LeaderElection.run(LeaderElection.java:133)
	at java.lang.Thread.run(Thread.java:748)
Caused by: org.apache.ratis.thirdparty.io.grpc.StatusRuntimeException: UNAVAILABLE: io exception
	at org.apache.ratis.thirdparty.io.grpc.stub.ClientCalls.toStatusRuntimeException(ClientCalls.java:233)
	at org.apache.ratis.thirdparty.io.grpc.stub.ClientCalls.getUnchecked(ClientCalls.java:214)
	at org.apache.ratis.thirdparty.io.grpc.stub.ClientCalls.blockingUnaryCall(ClientCalls.java:139)
	at org.apache.ratis.proto.grpc.RaftServerProtocolServiceGrpc$RaftServerProtocolServiceBlockingStub.requestVote(RaftServerProtocolServiceGrpc.java:265)
	at org.apache.ratis.grpc.server.GrpcServerProtocolClient.requestVote(GrpcServerProtocolClient.java:99)
	at org.apache.ratis.grpc.server.GrpcService.requestVote(GrpcService.java:204)
	at org.apache.ratis.server.impl.LeaderElection.lambda$submitRequests$1(LeaderElection.java:234)
	at java.util.concurrent.FutureTask.run(FutureTask.java:266)
	at java.util.concurrent.Executors$RunnableAdapter.call(Executors.java:511)
	at java.util.concurrent.FutureTask.run(FutureTask.java:266)
	at java.util.concurrent.ThreadPoolExecutor.runWorker(ThreadPoolExecutor.java:1149)
	at java.util.concurrent.ThreadPoolExecutor$Worker.run(ThreadPoolExecutor.java:624)
	... 1 more
Caused by: org.apache.ratis.thirdparty.io.netty.channel.AbstractChannel$AnnotatedConnectException: Connection refused: /192.168.157.233:35716
	at sun.nio.ch.SocketChannelImpl.checkConnect(Native Method)
	at sun.nio.ch.SocketChannelImpl.finishConnect(SocketChannelImpl.java:717)
	at org.apache.ratis.thirdparty.io.netty.channel.socket.nio.NioSocketChannel.doFinishConnect(NioSocketChannel.java:327)
	at org.apache.ratis.thirdparty.io.netty.channel.nio.AbstractNioChannel$AbstractNioUnsafe.finishConnect(AbstractNioChannel.java:340)
	at org.apache.ratis.thirdparty.io.netty.channel.nio.NioEventLoop.processSelectedKey(NioEventLoop.java:632)
	at org.apache.ratis.thirdparty.io.netty.channel.nio.NioEventLoop.processSelectedKeysOptimized(NioEventLoop.java:579)
	at org.apache.ratis.thirdparty.io.netty.channel.nio.NioEventLoop.processSelectedKeys(NioEventLoop.java:496)
	at org.apache.ratis.thirdparty.io.netty.channel.nio.NioEventLoop.run(NioEventLoop.java:458)
	at org.apache.ratis.thirdparty.io.netty.util.concurrent.SingleThreadEventExecutor$5.run(SingleThreadEventExecutor.java:897)
	at org.apache.ratis.thirdparty.io.netty.util.concurrent.FastThreadLocalRunnable.run(FastThreadLocalRunnable.java:30)
	... 1 more
Caused by: java.net.ConnectException: Connection refused
	... 11 more
2019-10-25 11:07:57,482 [grpc-default-executor-4] INFO  impl.RaftServerImpl (RaftServerImpl.java:setRole(184)) - bdb27072-dd00-4d3b-a7da-41600e490ca3@group-49E82E920F3F: changes role from  FOLLOWER to FOLLOWER at term 166 for recognizeCandidate:f6cfa8a2-85ff-4bb9-a246-101c53d2d47b
2019-10-25 11:07:57,482 [grpc-default-executor-4] INFO  impl.RoleInfo (RoleInfo.java:shutdownFollowerState(121)) - bdb27072-dd00-4d3b-a7da-41600e490ca3: shutdown FollowerState
2019-10-25 11:07:57,482 [grpc-default-executor-4] INFO  impl.RoleInfo (RoleInfo.java:updateAndGet(143)) - bdb27072-dd00-4d3b-a7da-41600e490ca3: start FollowerState
2019-10-25 11:07:57,482 [Thread-4856] INFO  impl.FollowerState (FollowerState.java:run(117)) - bdb27072-dd00-4d3b-a7da-41600e490ca3@group-49E82E920F3F-FollowerState was interrupted: java.lang.InterruptedException: sleep interrupted
2019-10-25 11:07:57,496 [f6cfa8a2-85ff-4bb9-a246-101c53d2d47b@group-49E82E920F3F-LeaderElection579] INFO  impl.LeaderElection (LeaderElection.java:logAndReturn(56)) - f6cfa8a2-85ff-4bb9-a246-101c53d2d47b@group-49E82E920F3F-LeaderElection579: Election REJECTED; received 1 response(s) [f6cfa8a2-85ff-4bb9-a246-101c53d2d47b<-bdb27072-dd00-4d3b-a7da-41600e490ca3#0:FAIL-t166] and 1 exception(s); f6cfa8a2-85ff-4bb9-a246-101c53d2d47b@group-49E82E920F3F:t166, leader=null, voted=f6cfa8a2-85ff-4bb9-a246-101c53d2d47b, raftlog=f6cfa8a2-85ff-4bb9-a246-101c53d2d47b@group-49E82E920F3F-SegmentedRaftLog:OPENED:c-1,f-1,i0, conf=-1: [7fad1e98-7a6b-4998-a30c-ec1ab88068bc:192.168.157.233:35716, bdb27072-dd00-4d3b-a7da-41600e490ca3:192.168.157.233:42906, f6cfa8a2-85ff-4bb9-a246-101c53d2d47b:192.168.157.233:44618], old=null
2019-10-25 11:07:57,496 [f6cfa8a2-85ff-4bb9-a246-101c53d2d47b@group-49E82E920F3F-LeaderElection579] INFO  impl.LeaderElection (LogUtils.java:infoOrTrace(149)) -   Exception 0: {}
java.util.concurrent.ExecutionException: org.apache.ratis.thirdparty.io.grpc.StatusRuntimeException: UNAVAILABLE: io exception
	at java.util.concurrent.FutureTask.report(FutureTask.java:122)
	at java.util.concurrent.FutureTask.get(FutureTask.java:192)
	at org.apache.ratis.server.impl.LeaderElection.waitForResults(LeaderElection.java:259)
	at org.apache.ratis.server.impl.LeaderElection.askForVotes(LeaderElection.java:197)
	at org.apache.ratis.server.impl.LeaderElection.run(LeaderElection.java:133)
	at java.lang.Thread.run(Thread.java:748)
Caused by: org.apache.ratis.thirdparty.io.grpc.StatusRuntimeException: UNAVAILABLE: io exception
	at org.apache.ratis.thirdparty.io.grpc.stub.ClientCalls.toStatusRuntimeException(ClientCalls.java:233)
	at org.apache.ratis.thirdparty.io.grpc.stub.ClientCalls.getUnchecked(ClientCalls.java:214)
	at org.apache.ratis.thirdparty.io.grpc.stub.ClientCalls.blockingUnaryCall(ClientCalls.java:139)
	at org.apache.ratis.proto.grpc.RaftServerProtocolServiceGrpc$RaftServerProtocolServiceBlockingStub.requestVote(RaftServerProtocolServiceGrpc.java:265)
	at org.apache.ratis.grpc.server.GrpcServerProtocolClient.requestVote(GrpcServerProtocolClient.java:99)
	at org.apache.ratis.grpc.server.GrpcService.requestVote(GrpcService.java:204)
	at org.apache.ratis.server.impl.LeaderElection.lambda$submitRequests$1(LeaderElection.java:234)
	at java.util.concurrent.FutureTask.run(FutureTask.java:266)
	at java.util.concurrent.Executors$RunnableAdapter.call(Executors.java:511)
	at java.util.concurrent.FutureTask.run(FutureTask.java:266)
	at java.util.concurrent.ThreadPoolExecutor.runWorker(ThreadPoolExecutor.java:1149)
	at java.util.concurrent.ThreadPoolExecutor$Worker.run(ThreadPoolExecutor.java:624)
	... 1 more
Caused by: org.apache.ratis.thirdparty.io.netty.channel.AbstractChannel$AnnotatedConnectException: Connection refused: /192.168.157.233:35716
	at sun.nio.ch.SocketChannelImpl.checkConnect(Native Method)
	at sun.nio.ch.SocketChannelImpl.finishConnect(SocketChannelImpl.java:717)
	at org.apache.ratis.thirdparty.io.netty.channel.socket.nio.NioSocketChannel.doFinishConnect(NioSocketChannel.java:327)
	at org.apache.ratis.thirdparty.io.netty.channel.nio.AbstractNioChannel$AbstractNioUnsafe.finishConnect(AbstractNioChannel.java:340)
	at org.apache.ratis.thirdparty.io.netty.channel.nio.NioEventLoop.processSelectedKey(NioEventLoop.java:632)
	at org.apache.ratis.thirdparty.io.netty.channel.nio.NioEventLoop.processSelectedKeysOptimized(NioEventLoop.java:579)
	at org.apache.ratis.thirdparty.io.netty.channel.nio.NioEventLoop.processSelectedKeys(NioEventLoop.java:496)
	at org.apache.ratis.thirdparty.io.netty.channel.nio.NioEventLoop.run(NioEventLoop.java:458)
	at org.apache.ratis.thirdparty.io.netty.util.concurrent.SingleThreadEventExecutor$5.run(SingleThreadEventExecutor.java:897)
	at org.apache.ratis.thirdparty.io.netty.util.concurrent.FastThreadLocalRunnable.run(FastThreadLocalRunnable.java:30)
	... 1 more
Caused by: java.net.ConnectException: Connection refused
	... 11 more
2019-10-25 11:07:57,496 [f6cfa8a2-85ff-4bb9-a246-101c53d2d47b@group-49E82E920F3F-LeaderElection579] INFO  impl.RaftServerImpl (RaftServerImpl.java:setRole(184)) - f6cfa8a2-85ff-4bb9-a246-101c53d2d47b@group-49E82E920F3F: changes role from CANDIDATE to FOLLOWER at term 166 for DISCOVERED_A_NEW_TERM
2019-10-25 11:07:57,496 [f6cfa8a2-85ff-4bb9-a246-101c53d2d47b@group-49E82E920F3F-LeaderElection579] INFO  impl.RoleInfo (RoleInfo.java:shutdownLeaderElection(134)) - f6cfa8a2-85ff-4bb9-a246-101c53d2d47b: shutdown LeaderElection
2019-10-25 11:07:57,496 [f6cfa8a2-85ff-4bb9-a246-101c53d2d47b@group-49E82E920F3F-LeaderElection579] INFO  impl.RoleInfo (RoleInfo.java:updateAndGet(143)) - f6cfa8a2-85ff-4bb9-a246-101c53d2d47b: start FollowerState
2019-10-25 11:07:57,665 [Thread-4863] INFO  impl.FollowerState (FollowerState.java:run(108)) - f6cfa8a2-85ff-4bb9-a246-101c53d2d47b@group-49E82E920F3F-FollowerState: change to CANDIDATE, lastRpcTime:168ms, electionTimeout:168ms
2019-10-25 11:07:57,665 [Thread-4863] INFO  impl.RoleInfo (RoleInfo.java:shutdownFollowerState(121)) - f6cfa8a2-85ff-4bb9-a246-101c53d2d47b: shutdown FollowerState
2019-10-25 11:07:57,665 [Thread-4863] INFO  impl.RaftServerImpl (RaftServerImpl.java:setRole(184)) - f6cfa8a2-85ff-4bb9-a246-101c53d2d47b@group-49E82E920F3F: changes role from  FOLLOWER to CANDIDATE at term 166 for changeToCandidate
2019-10-25 11:07:57,665 [Thread-4863] INFO  impl.RoleInfo (RoleInfo.java:updateAndGet(143)) - f6cfa8a2-85ff-4bb9-a246-101c53d2d47b: start LeaderElection
2019-10-25 11:07:57,679 [f6cfa8a2-85ff-4bb9-a246-101c53d2d47b@group-49E82E920F3F-LeaderElection580] INFO  impl.LeaderElection (LeaderElection.java:askForVotes(178)) - f6cfa8a2-85ff-4bb9-a246-101c53d2d47b@group-49E82E920F3F-LeaderElection580: begin an election at term 167 for -1: [7fad1e98-7a6b-4998-a30c-ec1ab88068bc:192.168.157.233:35716, bdb27072-dd00-4d3b-a7da-41600e490ca3:192.168.157.233:42906, f6cfa8a2-85ff-4bb9-a246-101c53d2d47b:192.168.157.233:44618], old=null
2019-10-25 11:07:57,680 [f6cfa8a2-85ff-4bb9-a246-101c53d2d47b@group-49E82E920F3F-LeaderElection580] INFO  impl.LeaderElection (LogUtils.java:infoOrTrace(149)) - f6cfa8a2-85ff-4bb9-a246-101c53d2d47b@group-49E82E920F3F-LeaderElection580 got exception when requesting votes: {}
java.util.concurrent.ExecutionException: org.apache.ratis.thirdparty.io.grpc.StatusRuntimeException: UNAVAILABLE: io exception
	at java.util.concurrent.FutureTask.report(FutureTask.java:122)
	at java.util.concurrent.FutureTask.get(FutureTask.java:192)
	at org.apache.ratis.server.impl.LeaderElection.waitForResults(LeaderElection.java:259)
	at org.apache.ratis.server.impl.LeaderElection.askForVotes(LeaderElection.java:197)
	at org.apache.ratis.server.impl.LeaderElection.run(LeaderElection.java:133)
	at java.lang.Thread.run(Thread.java:748)
Caused by: org.apache.ratis.thirdparty.io.grpc.StatusRuntimeException: UNAVAILABLE: io exception
	at org.apache.ratis.thirdparty.io.grpc.stub.ClientCalls.toStatusRuntimeException(ClientCalls.java:233)
	at org.apache.ratis.thirdparty.io.grpc.stub.ClientCalls.getUnchecked(ClientCalls.java:214)
	at org.apache.ratis.thirdparty.io.grpc.stub.ClientCalls.blockingUnaryCall(ClientCalls.java:139)
	at org.apache.ratis.proto.grpc.RaftServerProtocolServiceGrpc$RaftServerProtocolServiceBlockingStub.requestVote(RaftServerProtocolServiceGrpc.java:265)
	at org.apache.ratis.grpc.server.GrpcServerProtocolClient.requestVote(GrpcServerProtocolClient.java:99)
	at org.apache.ratis.grpc.server.GrpcService.requestVote(GrpcService.java:204)
	at org.apache.ratis.server.impl.LeaderElection.lambda$submitRequests$1(LeaderElection.java:234)
	at java.util.concurrent.FutureTask.run(FutureTask.java:266)
	at java.util.concurrent.Executors$RunnableAdapter.call(Executors.java:511)
	at java.util.concurrent.FutureTask.run(FutureTask.java:266)
	at java.util.concurrent.ThreadPoolExecutor.runWorker(ThreadPoolExecutor.java:1149)
	at java.util.concurrent.ThreadPoolExecutor$Worker.run(ThreadPoolExecutor.java:624)
	... 1 more
Caused by: org.apache.ratis.thirdparty.io.netty.channel.AbstractChannel$AnnotatedConnectException: Connection refused: /192.168.157.233:35716
	at sun.nio.ch.SocketChannelImpl.checkConnect(Native Method)
	at sun.nio.ch.SocketChannelImpl.finishConnect(SocketChannelImpl.java:717)
	at org.apache.ratis.thirdparty.io.netty.channel.socket.nio.NioSocketChannel.doFinishConnect(NioSocketChannel.java:327)
	at org.apache.ratis.thirdparty.io.netty.channel.nio.AbstractNioChannel$AbstractNioUnsafe.finishConnect(AbstractNioChannel.java:340)
	at org.apache.ratis.thirdparty.io.netty.channel.nio.NioEventLoop.processSelectedKey(NioEventLoop.java:632)
	at org.apache.ratis.thirdparty.io.netty.channel.nio.NioEventLoop.processSelectedKeysOptimized(NioEventLoop.java:579)
	at org.apache.ratis.thirdparty.io.netty.channel.nio.NioEventLoop.processSelectedKeys(NioEventLoop.java:496)
	at org.apache.ratis.thirdparty.io.netty.channel.nio.NioEventLoop.run(NioEventLoop.java:458)
	at org.apache.ratis.thirdparty.io.netty.util.concurrent.SingleThreadEventExecutor$5.run(SingleThreadEventExecutor.java:897)
	at org.apache.ratis.thirdparty.io.netty.util.concurrent.FastThreadLocalRunnable.run(FastThreadLocalRunnable.java:30)
	... 1 more
Caused by: java.net.ConnectException: Connection refused
	... 11 more
2019-10-25 11:07:57,688 [grpc-default-executor-9] INFO  impl.RaftServerImpl (RaftServerImpl.java:setRole(184)) - bdb27072-dd00-4d3b-a7da-41600e490ca3@group-49E82E920F3F: changes role from  FOLLOWER to FOLLOWER at term 167 for recognizeCandidate:f6cfa8a2-85ff-4bb9-a246-101c53d2d47b
2019-10-25 11:07:57,688 [grpc-default-executor-9] INFO  impl.RoleInfo (RoleInfo.java:shutdownFollowerState(121)) - bdb27072-dd00-4d3b-a7da-41600e490ca3: shutdown FollowerState
2019-10-25 11:07:57,689 [grpc-default-executor-9] INFO  impl.RoleInfo (RoleInfo.java:updateAndGet(143)) - bdb27072-dd00-4d3b-a7da-41600e490ca3: start FollowerState
2019-10-25 11:07:57,689 [Thread-4862] INFO  impl.FollowerState (FollowerState.java:run(117)) - bdb27072-dd00-4d3b-a7da-41600e490ca3@group-49E82E920F3F-FollowerState was interrupted: java.lang.InterruptedException: sleep interrupted
2019-10-25 11:07:57,711 [f6cfa8a2-85ff-4bb9-a246-101c53d2d47b@group-49E82E920F3F-LeaderElection580] INFO  impl.LeaderElection (LeaderElection.java:logAndReturn(56)) - f6cfa8a2-85ff-4bb9-a246-101c53d2d47b@group-49E82E920F3F-LeaderElection580: Election REJECTED; received 1 response(s) [f6cfa8a2-85ff-4bb9-a246-101c53d2d47b<-bdb27072-dd00-4d3b-a7da-41600e490ca3#0:FAIL-t167] and 1 exception(s); f6cfa8a2-85ff-4bb9-a246-101c53d2d47b@group-49E82E920F3F:t167, leader=null, voted=f6cfa8a2-85ff-4bb9-a246-101c53d2d47b, raftlog=f6cfa8a2-85ff-4bb9-a246-101c53d2d47b@group-49E82E920F3F-SegmentedRaftLog:OPENED:c-1,f-1,i0, conf=-1: [7fad1e98-7a6b-4998-a30c-ec1ab88068bc:192.168.157.233:35716, bdb27072-dd00-4d3b-a7da-41600e490ca3:192.168.157.233:42906, f6cfa8a2-85ff-4bb9-a246-101c53d2d47b:192.168.157.233:44618], old=null
2019-10-25 11:07:57,711 [f6cfa8a2-85ff-4bb9-a246-101c53d2d47b@group-49E82E920F3F-LeaderElection580] INFO  impl.LeaderElection (LogUtils.java:infoOrTrace(149)) -   Exception 0: {}
java.util.concurrent.ExecutionException: org.apache.ratis.thirdparty.io.grpc.StatusRuntimeException: UNAVAILABLE: io exception
	at java.util.concurrent.FutureTask.report(FutureTask.java:122)
	at java.util.concurrent.FutureTask.get(FutureTask.java:192)
	at org.apache.ratis.server.impl.LeaderElection.waitForResults(LeaderElection.java:259)
	at org.apache.ratis.server.impl.LeaderElection.askForVotes(LeaderElection.java:197)
	at org.apache.ratis.server.impl.LeaderElection.run(LeaderElection.java:133)
	at java.lang.Thread.run(Thread.java:748)
Caused by: org.apache.ratis.thirdparty.io.grpc.StatusRuntimeException: UNAVAILABLE: io exception
	at org.apache.ratis.thirdparty.io.grpc.stub.ClientCalls.toStatusRuntimeException(ClientCalls.java:233)
	at org.apache.ratis.thirdparty.io.grpc.stub.ClientCalls.getUnchecked(ClientCalls.java:214)
	at org.apache.ratis.thirdparty.io.grpc.stub.ClientCalls.blockingUnaryCall(ClientCalls.java:139)
	at org.apache.ratis.proto.grpc.RaftServerProtocolServiceGrpc$RaftServerProtocolServiceBlockingStub.requestVote(RaftServerProtocolServiceGrpc.java:265)
	at org.apache.ratis.grpc.server.GrpcServerProtocolClient.requestVote(GrpcServerProtocolClient.java:99)
	at org.apache.ratis.grpc.server.GrpcService.requestVote(GrpcService.java:204)
	at org.apache.ratis.server.impl.LeaderElection.lambda$submitRequests$1(LeaderElection.java:234)
	at java.util.concurrent.FutureTask.run(FutureTask.java:266)
	at java.util.concurrent.Executors$RunnableAdapter.call(Executors.java:511)
	at java.util.concurrent.FutureTask.run(FutureTask.java:266)
	at java.util.concurrent.ThreadPoolExecutor.runWorker(ThreadPoolExecutor.java:1149)
	at java.util.concurrent.ThreadPoolExecutor$Worker.run(ThreadPoolExecutor.java:624)
	... 1 more
Caused by: org.apache.ratis.thirdparty.io.netty.channel.AbstractChannel$AnnotatedConnectException: Connection refused: /192.168.157.233:35716
	at sun.nio.ch.SocketChannelImpl.checkConnect(Native Method)
	at sun.nio.ch.SocketChannelImpl.finishConnect(SocketChannelImpl.java:717)
	at org.apache.ratis.thirdparty.io.netty.channel.socket.nio.NioSocketChannel.doFinishConnect(NioSocketChannel.java:327)
	at org.apache.ratis.thirdparty.io.netty.channel.nio.AbstractNioChannel$AbstractNioUnsafe.finishConnect(AbstractNioChannel.java:340)
	at org.apache.ratis.thirdparty.io.netty.channel.nio.NioEventLoop.processSelectedKey(NioEventLoop.java:632)
	at org.apache.ratis.thirdparty.io.netty.channel.nio.NioEventLoop.processSelectedKeysOptimized(NioEventLoop.java:579)
	at org.apache.ratis.thirdparty.io.netty.channel.nio.NioEventLoop.processSelectedKeys(NioEventLoop.java:496)
	at org.apache.ratis.thirdparty.io.netty.channel.nio.NioEventLoop.run(NioEventLoop.java:458)
	at org.apache.ratis.thirdparty.io.netty.util.concurrent.SingleThreadEventExecutor$5.run(SingleThreadEventExecutor.java:897)
	at org.apache.ratis.thirdparty.io.netty.util.concurrent.FastThreadLocalRunnable.run(FastThreadLocalRunnable.java:30)
	... 1 more
Caused by: java.net.ConnectException: Connection refused
	... 11 more
2019-10-25 11:07:57,711 [f6cfa8a2-85ff-4bb9-a246-101c53d2d47b@group-49E82E920F3F-LeaderElection580] INFO  impl.RaftServerImpl (RaftServerImpl.java:setRole(184)) - f6cfa8a2-85ff-4bb9-a246-101c53d2d47b@group-49E82E920F3F: changes role from CANDIDATE to FOLLOWER at term 167 for DISCOVERED_A_NEW_TERM
2019-10-25 11:07:57,711 [f6cfa8a2-85ff-4bb9-a246-101c53d2d47b@group-49E82E920F3F-LeaderElection580] INFO  impl.RoleInfo (RoleInfo.java:shutdownLeaderElection(134)) - f6cfa8a2-85ff-4bb9-a246-101c53d2d47b: shutdown LeaderElection
2019-10-25 11:07:57,712 [f6cfa8a2-85ff-4bb9-a246-101c53d2d47b@group-49E82E920F3F-LeaderElection580] INFO  impl.RoleInfo (RoleInfo.java:updateAndGet(143)) - f6cfa8a2-85ff-4bb9-a246-101c53d2d47b: start FollowerState
2019-10-25 11:07:57,873 [Thread-4870] INFO  impl.FollowerState (FollowerState.java:run(108)) - f6cfa8a2-85ff-4bb9-a246-101c53d2d47b@group-49E82E920F3F-FollowerState: change to CANDIDATE, lastRpcTime:161ms, electionTimeout:161ms
2019-10-25 11:07:57,873 [Thread-4870] INFO  impl.RoleInfo (RoleInfo.java:shutdownFollowerState(121)) - f6cfa8a2-85ff-4bb9-a246-101c53d2d47b: shutdown FollowerState
2019-10-25 11:07:57,873 [Thread-4870] INFO  impl.RaftServerImpl (RaftServerImpl.java:setRole(184)) - f6cfa8a2-85ff-4bb9-a246-101c53d2d47b@group-49E82E920F3F: changes role from  FOLLOWER to CANDIDATE at term 167 for changeToCandidate
2019-10-25 11:07:57,873 [Thread-4870] INFO  impl.RoleInfo (RoleInfo.java:updateAndGet(143)) - f6cfa8a2-85ff-4bb9-a246-101c53d2d47b: start LeaderElection
2019-10-25 11:07:57,889 [f6cfa8a2-85ff-4bb9-a246-101c53d2d47b@group-49E82E920F3F-LeaderElection581] INFO  impl.LeaderElection (LeaderElection.java:askForVotes(178)) - f6cfa8a2-85ff-4bb9-a246-101c53d2d47b@group-49E82E920F3F-LeaderElection581: begin an election at term 168 for -1: [7fad1e98-7a6b-4998-a30c-ec1ab88068bc:192.168.157.233:35716, bdb27072-dd00-4d3b-a7da-41600e490ca3:192.168.157.233:42906, f6cfa8a2-85ff-4bb9-a246-101c53d2d47b:192.168.157.233:44618], old=null
2019-10-25 11:07:57,890 [f6cfa8a2-85ff-4bb9-a246-101c53d2d47b@group-49E82E920F3F-LeaderElection581] INFO  impl.LeaderElection (LogUtils.java:infoOrTrace(149)) - f6cfa8a2-85ff-4bb9-a246-101c53d2d47b@group-49E82E920F3F-LeaderElection581 got exception when requesting votes: {}
java.util.concurrent.ExecutionException: org.apache.ratis.thirdparty.io.grpc.StatusRuntimeException: UNAVAILABLE: io exception
	at java.util.concurrent.FutureTask.report(FutureTask.java:122)
	at java.util.concurrent.FutureTask.get(FutureTask.java:192)
	at org.apache.ratis.server.impl.LeaderElection.waitForResults(LeaderElection.java:259)
	at org.apache.ratis.server.impl.LeaderElection.askForVotes(LeaderElection.java:197)
	at org.apache.ratis.server.impl.LeaderElection.run(LeaderElection.java:133)
	at java.lang.Thread.run(Thread.java:748)
Caused by: org.apache.ratis.thirdparty.io.grpc.StatusRuntimeException: UNAVAILABLE: io exception
	at org.apache.ratis.thirdparty.io.grpc.stub.ClientCalls.toStatusRuntimeException(ClientCalls.java:233)
	at org.apache.ratis.thirdparty.io.grpc.stub.ClientCalls.getUnchecked(ClientCalls.java:214)
	at org.apache.ratis.thirdparty.io.grpc.stub.ClientCalls.blockingUnaryCall(ClientCalls.java:139)
	at org.apache.ratis.proto.grpc.RaftServerProtocolServiceGrpc$RaftServerProtocolServiceBlockingStub.requestVote(RaftServerProtocolServiceGrpc.java:265)
	at org.apache.ratis.grpc.server.GrpcServerProtocolClient.requestVote(GrpcServerProtocolClient.java:99)
	at org.apache.ratis.grpc.server.GrpcService.requestVote(GrpcService.java:204)
	at org.apache.ratis.server.impl.LeaderElection.lambda$submitRequests$1(LeaderElection.java:234)
	at java.util.concurrent.FutureTask.run(FutureTask.java:266)
	at java.util.concurrent.Executors$RunnableAdapter.call(Executors.java:511)
	at java.util.concurrent.FutureTask.run(FutureTask.java:266)
	at java.util.concurrent.ThreadPoolExecutor.runWorker(ThreadPoolExecutor.java:1149)
	at java.util.concurrent.ThreadPoolExecutor$Worker.run(ThreadPoolExecutor.java:624)
	... 1 more
Caused by: org.apache.ratis.thirdparty.io.netty.channel.AbstractChannel$AnnotatedConnectException: Connection refused: /192.168.157.233:35716
	at sun.nio.ch.SocketChannelImpl.checkConnect(Native Method)
	at sun.nio.ch.SocketChannelImpl.finishConnect(SocketChannelImpl.java:717)
	at org.apache.ratis.thirdparty.io.netty.channel.socket.nio.NioSocketChannel.doFinishConnect(NioSocketChannel.java:327)
	at org.apache.ratis.thirdparty.io.netty.channel.nio.AbstractNioChannel$AbstractNioUnsafe.finishConnect(AbstractNioChannel.java:340)
	at org.apache.ratis.thirdparty.io.netty.channel.nio.NioEventLoop.processSelectedKey(NioEventLoop.java:632)
	at org.apache.ratis.thirdparty.io.netty.channel.nio.NioEventLoop.processSelectedKeysOptimized(NioEventLoop.java:579)
	at org.apache.ratis.thirdparty.io.netty.channel.nio.NioEventLoop.processSelectedKeys(NioEventLoop.java:496)
	at org.apache.ratis.thirdparty.io.netty.channel.nio.NioEventLoop.run(NioEventLoop.java:458)
	at org.apache.ratis.thirdparty.io.netty.util.concurrent.SingleThreadEventExecutor$5.run(SingleThreadEventExecutor.java:897)
	at org.apache.ratis.thirdparty.io.netty.util.concurrent.FastThreadLocalRunnable.run(FastThreadLocalRunnable.java:30)
	... 1 more
Caused by: java.net.ConnectException: Connection refused
	... 11 more
2019-10-25 11:07:57,893 [grpc-default-executor-9] INFO  impl.RaftServerImpl (RaftServerImpl.java:setRole(184)) - bdb27072-dd00-4d3b-a7da-41600e490ca3@group-49E82E920F3F: changes role from  FOLLOWER to FOLLOWER at term 168 for recognizeCandidate:f6cfa8a2-85ff-4bb9-a246-101c53d2d47b
2019-10-25 11:07:57,893 [grpc-default-executor-9] INFO  impl.RoleInfo (RoleInfo.java:shutdownFollowerState(121)) - bdb27072-dd00-4d3b-a7da-41600e490ca3: shutdown FollowerState
2019-10-25 11:07:57,893 [grpc-default-executor-9] INFO  impl.RoleInfo (RoleInfo.java:updateAndGet(143)) - bdb27072-dd00-4d3b-a7da-41600e490ca3: start FollowerState
2019-10-25 11:07:57,893 [Thread-4869] INFO  impl.FollowerState (FollowerState.java:run(117)) - bdb27072-dd00-4d3b-a7da-41600e490ca3@group-49E82E920F3F-FollowerState was interrupted: java.lang.InterruptedException: sleep interrupted
2019-10-25 11:07:57,907 [f6cfa8a2-85ff-4bb9-a246-101c53d2d47b@group-49E82E920F3F-LeaderElection581] INFO  impl.LeaderElection (LeaderElection.java:logAndReturn(56)) - f6cfa8a2-85ff-4bb9-a246-101c53d2d47b@group-49E82E920F3F-LeaderElection581: Election REJECTED; received 1 response(s) [f6cfa8a2-85ff-4bb9-a246-101c53d2d47b<-bdb27072-dd00-4d3b-a7da-41600e490ca3#0:FAIL-t168] and 1 exception(s); f6cfa8a2-85ff-4bb9-a246-101c53d2d47b@group-49E82E920F3F:t168, leader=null, voted=f6cfa8a2-85ff-4bb9-a246-101c53d2d47b, raftlog=f6cfa8a2-85ff-4bb9-a246-101c53d2d47b@group-49E82E920F3F-SegmentedRaftLog:OPENED:c-1,f-1,i0, conf=-1: [7fad1e98-7a6b-4998-a30c-ec1ab88068bc:192.168.157.233:35716, bdb27072-dd00-4d3b-a7da-41600e490ca3:192.168.157.233:42906, f6cfa8a2-85ff-4bb9-a246-101c53d2d47b:192.168.157.233:44618], old=null
2019-10-25 11:07:57,907 [f6cfa8a2-85ff-4bb9-a246-101c53d2d47b@group-49E82E920F3F-LeaderElection581] INFO  impl.LeaderElection (LogUtils.java:infoOrTrace(149)) -   Exception 0: {}
java.util.concurrent.ExecutionException: org.apache.ratis.thirdparty.io.grpc.StatusRuntimeException: UNAVAILABLE: io exception
	at java.util.concurrent.FutureTask.report(FutureTask.java:122)
	at java.util.concurrent.FutureTask.get(FutureTask.java:192)
	at org.apache.ratis.server.impl.LeaderElection.waitForResults(LeaderElection.java:259)
	at org.apache.ratis.server.impl.LeaderElection.askForVotes(LeaderElection.java:197)
	at org.apache.ratis.server.impl.LeaderElection.run(LeaderElection.java:133)
	at java.lang.Thread.run(Thread.java:748)
Caused by: org.apache.ratis.thirdparty.io.grpc.StatusRuntimeException: UNAVAILABLE: io exception
	at org.apache.ratis.thirdparty.io.grpc.stub.ClientCalls.toStatusRuntimeException(ClientCalls.java:233)
	at org.apache.ratis.thirdparty.io.grpc.stub.ClientCalls.getUnchecked(ClientCalls.java:214)
	at org.apache.ratis.thirdparty.io.grpc.stub.ClientCalls.blockingUnaryCall(ClientCalls.java:139)
	at org.apache.ratis.proto.grpc.RaftServerProtocolServiceGrpc$RaftServerProtocolServiceBlockingStub.requestVote(RaftServerProtocolServiceGrpc.java:265)
	at org.apache.ratis.grpc.server.GrpcServerProtocolClient.requestVote(GrpcServerProtocolClient.java:99)
	at org.apache.ratis.grpc.server.GrpcService.requestVote(GrpcService.java:204)
	at org.apache.ratis.server.impl.LeaderElection.lambda$submitRequests$1(LeaderElection.java:234)
	at java.util.concurrent.FutureTask.run(FutureTask.java:266)
	at java.util.concurrent.Executors$RunnableAdapter.call(Executors.java:511)
	at java.util.concurrent.FutureTask.run(FutureTask.java:266)
	at java.util.concurrent.ThreadPoolExecutor.runWorker(ThreadPoolExecutor.java:1149)
	at java.util.concurrent.ThreadPoolExecutor$Worker.run(ThreadPoolExecutor.java:624)
	... 1 more
Caused by: org.apache.ratis.thirdparty.io.netty.channel.AbstractChannel$AnnotatedConnectException: Connection refused: /192.168.157.233:35716
	at sun.nio.ch.SocketChannelImpl.checkConnect(Native Method)
	at sun.nio.ch.SocketChannelImpl.finishConnect(SocketChannelImpl.java:717)
	at org.apache.ratis.thirdparty.io.netty.channel.socket.nio.NioSocketChannel.doFinishConnect(NioSocketChannel.java:327)
	at org.apache.ratis.thirdparty.io.netty.channel.nio.AbstractNioChannel$AbstractNioUnsafe.finishConnect(AbstractNioChannel.java:340)
	at org.apache.ratis.thirdparty.io.netty.channel.nio.NioEventLoop.processSelectedKey(NioEventLoop.java:632)
	at org.apache.ratis.thirdparty.io.netty.channel.nio.NioEventLoop.processSelectedKeysOptimized(NioEventLoop.java:579)
	at org.apache.ratis.thirdparty.io.netty.channel.nio.NioEventLoop.processSelectedKeys(NioEventLoop.java:496)
	at org.apache.ratis.thirdparty.io.netty.channel.nio.NioEventLoop.run(NioEventLoop.java:458)
	at org.apache.ratis.thirdparty.io.netty.util.concurrent.SingleThreadEventExecutor$5.run(SingleThreadEventExecutor.java:897)
	at org.apache.ratis.thirdparty.io.netty.util.concurrent.FastThreadLocalRunnable.run(FastThreadLocalRunnable.java:30)
	... 1 more
Caused by: java.net.ConnectException: Connection refused
	... 11 more
2019-10-25 11:07:57,907 [f6cfa8a2-85ff-4bb9-a246-101c53d2d47b@group-49E82E920F3F-LeaderElection581] INFO  impl.RaftServerImpl (RaftServerImpl.java:setRole(184)) - f6cfa8a2-85ff-4bb9-a246-101c53d2d47b@group-49E82E920F3F: changes role from CANDIDATE to FOLLOWER at term 168 for DISCOVERED_A_NEW_TERM
2019-10-25 11:07:57,908 [f6cfa8a2-85ff-4bb9-a246-101c53d2d47b@group-49E82E920F3F-LeaderElection581] INFO  impl.RoleInfo (RoleInfo.java:shutdownLeaderElection(134)) - f6cfa8a2-85ff-4bb9-a246-101c53d2d47b: shutdown LeaderElection
2019-10-25 11:07:57,908 [f6cfa8a2-85ff-4bb9-a246-101c53d2d47b@group-49E82E920F3F-LeaderElection581] INFO  impl.RoleInfo (RoleInfo.java:updateAndGet(143)) - f6cfa8a2-85ff-4bb9-a246-101c53d2d47b: start FollowerState
2019-10-25 11:07:57,965 [java.util.concurrent.ThreadPoolExecutor$Worker@3e501297[State = -1, empty queue]] WARN  server.GrpcLogAppender (GrpcLogAppender.java:timeoutAppendRequest(209)) - 8a2c850d-503a-4b6a-9325-357a6554e10c@group-B334D6EBB589->e8f52f97-4cbf-4021-bc09-65b78a9dc21b-GrpcLogAppender: appendEntries Timeout, request=8a2c850d-503a-4b6a-9325-357a6554e10c->e8f52f97-4cbf-4021-bc09-65b78a9dc21b#36-t1, previous=(t:1, i:0), leaderCommit=0, initializing? false, entries: <empty>
2019-10-25 11:07:57,979 [Thread-4875] INFO  impl.FollowerState (FollowerState.java:run(108)) - f6cfa8a2-85ff-4bb9-a246-101c53d2d47b@group-49E82E920F3F-FollowerState: change to CANDIDATE, lastRpcTime:71ms, electionTimeout:71ms
2019-10-25 11:07:57,979 [Thread-4875] INFO  impl.RoleInfo (RoleInfo.java:shutdownFollowerState(121)) - f6cfa8a2-85ff-4bb9-a246-101c53d2d47b: shutdown FollowerState
2019-10-25 11:07:57,979 [Thread-4875] INFO  impl.RaftServerImpl (RaftServerImpl.java:setRole(184)) - f6cfa8a2-85ff-4bb9-a246-101c53d2d47b@group-49E82E920F3F: changes role from  FOLLOWER to CANDIDATE at term 168 for changeToCandidate
2019-10-25 11:07:57,979 [Thread-4875] INFO  impl.RoleInfo (RoleInfo.java:updateAndGet(143)) - f6cfa8a2-85ff-4bb9-a246-101c53d2d47b: start LeaderElection
2019-10-25 11:07:57,992 [f6cfa8a2-85ff-4bb9-a246-101c53d2d47b@group-49E82E920F3F-LeaderElection582] INFO  impl.LeaderElection (LeaderElection.java:askForVotes(178)) - f6cfa8a2-85ff-4bb9-a246-101c53d2d47b@group-49E82E920F3F-LeaderElection582: begin an election at term 169 for -1: [7fad1e98-7a6b-4998-a30c-ec1ab88068bc:192.168.157.233:35716, bdb27072-dd00-4d3b-a7da-41600e490ca3:192.168.157.233:42906, f6cfa8a2-85ff-4bb9-a246-101c53d2d47b:192.168.157.233:44618], old=null
2019-10-25 11:07:57,993 [f6cfa8a2-85ff-4bb9-a246-101c53d2d47b@group-49E82E920F3F-LeaderElection582] INFO  impl.LeaderElection (LogUtils.java:infoOrTrace(149)) - f6cfa8a2-85ff-4bb9-a246-101c53d2d47b@group-49E82E920F3F-LeaderElection582 got exception when requesting votes: {}
java.util.concurrent.ExecutionException: org.apache.ratis.thirdparty.io.grpc.StatusRuntimeException: UNAVAILABLE: io exception
	at java.util.concurrent.FutureTask.report(FutureTask.java:122)
	at java.util.concurrent.FutureTask.get(FutureTask.java:192)
	at org.apache.ratis.server.impl.LeaderElection.waitForResults(LeaderElection.java:259)
	at org.apache.ratis.server.impl.LeaderElection.askForVotes(LeaderElection.java:197)
	at org.apache.ratis.server.impl.LeaderElection.run(LeaderElection.java:133)
	at java.lang.Thread.run(Thread.java:748)
Caused by: org.apache.ratis.thirdparty.io.grpc.StatusRuntimeException: UNAVAILABLE: io exception
	at org.apache.ratis.thirdparty.io.grpc.stub.ClientCalls.toStatusRuntimeException(ClientCalls.java:233)
	at org.apache.ratis.thirdparty.io.grpc.stub.ClientCalls.getUnchecked(ClientCalls.java:214)
	at org.apache.ratis.thirdparty.io.grpc.stub.ClientCalls.blockingUnaryCall(ClientCalls.java:139)
	at org.apache.ratis.proto.grpc.RaftServerProtocolServiceGrpc$RaftServerProtocolServiceBlockingStub.requestVote(RaftServerProtocolServiceGrpc.java:265)
	at org.apache.ratis.grpc.server.GrpcServerProtocolClient.requestVote(GrpcServerProtocolClient.java:99)
	at org.apache.ratis.grpc.server.GrpcService.requestVote(GrpcService.java:204)
	at org.apache.ratis.server.impl.LeaderElection.lambda$submitRequests$1(LeaderElection.java:234)
	at java.util.concurrent.FutureTask.run(FutureTask.java:266)
	at java.util.concurrent.Executors$RunnableAdapter.call(Executors.java:511)
	at java.util.concurrent.FutureTask.run(FutureTask.java:266)
	at java.util.concurrent.ThreadPoolExecutor.runWorker(ThreadPoolExecutor.java:1149)
	at java.util.concurrent.ThreadPoolExecutor$Worker.run(ThreadPoolExecutor.java:624)
	... 1 more
Caused by: org.apache.ratis.thirdparty.io.netty.channel.AbstractChannel$AnnotatedConnectException: Connection refused: /192.168.157.233:35716
	at sun.nio.ch.SocketChannelImpl.checkConnect(Native Method)
	at sun.nio.ch.SocketChannelImpl.finishConnect(SocketChannelImpl.java:717)
	at org.apache.ratis.thirdparty.io.netty.channel.socket.nio.NioSocketChannel.doFinishConnect(NioSocketChannel.java:327)
	at org.apache.ratis.thirdparty.io.netty.channel.nio.AbstractNioChannel$AbstractNioUnsafe.finishConnect(AbstractNioChannel.java:340)
	at org.apache.ratis.thirdparty.io.netty.channel.nio.NioEventLoop.processSelectedKey(NioEventLoop.java:632)
	at org.apache.ratis.thirdparty.io.netty.channel.nio.NioEventLoop.processSelectedKeysOptimized(NioEventLoop.java:579)
	at org.apache.ratis.thirdparty.io.netty.channel.nio.NioEventLoop.processSelectedKeys(NioEventLoop.java:496)
	at org.apache.ratis.thirdparty.io.netty.channel.nio.NioEventLoop.run(NioEventLoop.java:458)
	at org.apache.ratis.thirdparty.io.netty.util.concurrent.SingleThreadEventExecutor$5.run(SingleThreadEventExecutor.java:897)
	at org.apache.ratis.thirdparty.io.netty.util.concurrent.FastThreadLocalRunnable.run(FastThreadLocalRunnable.java:30)
	... 1 more
Caused by: java.net.ConnectException: Connection refused
	... 11 more
2019-10-25 11:07:57,995 [grpc-default-executor-9] INFO  impl.RaftServerImpl (RaftServerImpl.java:setRole(184)) - bdb27072-dd00-4d3b-a7da-41600e490ca3@group-49E82E920F3F: changes role from  FOLLOWER to FOLLOWER at term 169 for recognizeCandidate:f6cfa8a2-85ff-4bb9-a246-101c53d2d47b
2019-10-25 11:07:57,996 [grpc-default-executor-9] INFO  impl.RoleInfo (RoleInfo.java:shutdownFollowerState(121)) - bdb27072-dd00-4d3b-a7da-41600e490ca3: shutdown FollowerState
2019-10-25 11:07:57,996 [grpc-default-executor-9] INFO  impl.RoleInfo (RoleInfo.java:updateAndGet(143)) - bdb27072-dd00-4d3b-a7da-41600e490ca3: start FollowerState
2019-10-25 11:07:57,996 [Thread-4874] INFO  impl.FollowerState (FollowerState.java:run(117)) - bdb27072-dd00-4d3b-a7da-41600e490ca3@group-49E82E920F3F-FollowerState was interrupted: java.lang.InterruptedException: sleep interrupted
2019-10-25 11:07:58,014 [f6cfa8a2-85ff-4bb9-a246-101c53d2d47b@group-49E82E920F3F-LeaderElection582] INFO  impl.LeaderElection (LeaderElection.java:logAndReturn(56)) - f6cfa8a2-85ff-4bb9-a246-101c53d2d47b@group-49E82E920F3F-LeaderElection582: Election TIMEOUT; received 0 response(s) [] and 1 exception(s); f6cfa8a2-85ff-4bb9-a246-101c53d2d47b@group-49E82E920F3F:t169, leader=null, voted=f6cfa8a2-85ff-4bb9-a246-101c53d2d47b, raftlog=f6cfa8a2-85ff-4bb9-a246-101c53d2d47b@group-49E82E920F3F-SegmentedRaftLog:OPENED:c-1,f-1,i0, conf=-1: [7fad1e98-7a6b-4998-a30c-ec1ab88068bc:192.168.157.233:35716, bdb27072-dd00-4d3b-a7da-41600e490ca3:192.168.157.233:42906, f6cfa8a2-85ff-4bb9-a246-101c53d2d47b:192.168.157.233:44618], old=null
2019-10-25 11:07:58,014 [f6cfa8a2-85ff-4bb9-a246-101c53d2d47b@group-49E82E920F3F-LeaderElection582] INFO  impl.LeaderElection (LogUtils.java:infoOrTrace(149)) -   Exception 0: {}
java.util.concurrent.ExecutionException: org.apache.ratis.thirdparty.io.grpc.StatusRuntimeException: UNAVAILABLE: io exception
	at java.util.concurrent.FutureTask.report(FutureTask.java:122)
	at java.util.concurrent.FutureTask.get(FutureTask.java:192)
	at org.apache.ratis.server.impl.LeaderElection.waitForResults(LeaderElection.java:259)
	at org.apache.ratis.server.impl.LeaderElection.askForVotes(LeaderElection.java:197)
	at org.apache.ratis.server.impl.LeaderElection.run(LeaderElection.java:133)
	at java.lang.Thread.run(Thread.java:748)
Caused by: org.apache.ratis.thirdparty.io.grpc.StatusRuntimeException: UNAVAILABLE: io exception
	at org.apache.ratis.thirdparty.io.grpc.stub.ClientCalls.toStatusRuntimeException(ClientCalls.java:233)
	at org.apache.ratis.thirdparty.io.grpc.stub.ClientCalls.getUnchecked(ClientCalls.java:214)
	at org.apache.ratis.thirdparty.io.grpc.stub.ClientCalls.blockingUnaryCall(ClientCalls.java:139)
	at org.apache.ratis.proto.grpc.RaftServerProtocolServiceGrpc$RaftServerProtocolServiceBlockingStub.requestVote(RaftServerProtocolServiceGrpc.java:265)
	at org.apache.ratis.grpc.server.GrpcServerProtocolClient.requestVote(GrpcServerProtocolClient.java:99)
	at org.apache.ratis.grpc.server.GrpcService.requestVote(GrpcService.java:204)
	at org.apache.ratis.server.impl.LeaderElection.lambda$submitRequests$1(LeaderElection.java:234)
	at java.util.concurrent.FutureTask.run(FutureTask.java:266)
	at java.util.concurrent.Executors$RunnableAdapter.call(Executors.java:511)
	at java.util.concurrent.FutureTask.run(FutureTask.java:266)
	at java.util.concurrent.ThreadPoolExecutor.runWorker(ThreadPoolExecutor.java:1149)
	at java.util.concurrent.ThreadPoolExecutor$Worker.run(ThreadPoolExecutor.java:624)
	... 1 more
Caused by: org.apache.ratis.thirdparty.io.netty.channel.AbstractChannel$AnnotatedConnectException: Connection refused: /192.168.157.233:35716
	at sun.nio.ch.SocketChannelImpl.checkConnect(Native Method)
	at sun.nio.ch.SocketChannelImpl.finishConnect(SocketChannelImpl.java:717)
	at org.apache.ratis.thirdparty.io.netty.channel.socket.nio.NioSocketChannel.doFinishConnect(NioSocketChannel.java:327)
	at org.apache.ratis.thirdparty.io.netty.channel.nio.AbstractNioChannel$AbstractNioUnsafe.finishConnect(AbstractNioChannel.java:340)
	at org.apache.ratis.thirdparty.io.netty.channel.nio.NioEventLoop.processSelectedKey(NioEventLoop.java:632)
	at org.apache.ratis.thirdparty.io.netty.channel.nio.NioEventLoop.processSelectedKeysOptimized(NioEventLoop.java:579)
	at org.apache.ratis.thirdparty.io.netty.channel.nio.NioEventLoop.processSelectedKeys(NioEventLoop.java:496)
	at org.apache.ratis.thirdparty.io.netty.channel.nio.NioEventLoop.run(NioEventLoop.java:458)
	at org.apache.ratis.thirdparty.io.netty.util.concurrent.SingleThreadEventExecutor$5.run(SingleThreadEventExecutor.java:897)
	at org.apache.ratis.thirdparty.io.netty.util.concurrent.FastThreadLocalRunnable.run(FastThreadLocalRunnable.java:30)
	... 1 more
Caused by: java.net.ConnectException: Connection refused
	... 11 more
2019-10-25 11:07:58,032 [f6cfa8a2-85ff-4bb9-a246-101c53d2d47b@group-49E82E920F3F-LeaderElection582] INFO  impl.LeaderElection (LeaderElection.java:askForVotes(178)) - f6cfa8a2-85ff-4bb9-a246-101c53d2d47b@group-49E82E920F3F-LeaderElection582: begin an election at term 170 for -1: [7fad1e98-7a6b-4998-a30c-ec1ab88068bc:192.168.157.233:35716, bdb27072-dd00-4d3b-a7da-41600e490ca3:192.168.157.233:42906, f6cfa8a2-85ff-4bb9-a246-101c53d2d47b:192.168.157.233:44618], old=null
2019-10-25 11:07:58,033 [f6cfa8a2-85ff-4bb9-a246-101c53d2d47b@group-49E82E920F3F-LeaderElection582] INFO  impl.LeaderElection (LogUtils.java:infoOrTrace(149)) - f6cfa8a2-85ff-4bb9-a246-101c53d2d47b@group-49E82E920F3F-LeaderElection582 got exception when requesting votes: {}
java.util.concurrent.ExecutionException: org.apache.ratis.thirdparty.io.grpc.StatusRuntimeException: UNAVAILABLE: io exception
	at java.util.concurrent.FutureTask.report(FutureTask.java:122)
	at java.util.concurrent.FutureTask.get(FutureTask.java:192)
	at org.apache.ratis.server.impl.LeaderElection.waitForResults(LeaderElection.java:259)
	at org.apache.ratis.server.impl.LeaderElection.askForVotes(LeaderElection.java:197)
	at org.apache.ratis.server.impl.LeaderElection.run(LeaderElection.java:133)
	at java.lang.Thread.run(Thread.java:748)
Caused by: org.apache.ratis.thirdparty.io.grpc.StatusRuntimeException: UNAVAILABLE: io exception
	at org.apache.ratis.thirdparty.io.grpc.stub.ClientCalls.toStatusRuntimeException(ClientCalls.java:233)
	at org.apache.ratis.thirdparty.io.grpc.stub.ClientCalls.getUnchecked(ClientCalls.java:214)
	at org.apache.ratis.thirdparty.io.grpc.stub.ClientCalls.blockingUnaryCall(ClientCalls.java:139)
	at org.apache.ratis.proto.grpc.RaftServerProtocolServiceGrpc$RaftServerProtocolServiceBlockingStub.requestVote(RaftServerProtocolServiceGrpc.java:265)
	at org.apache.ratis.grpc.server.GrpcServerProtocolClient.requestVote(GrpcServerProtocolClient.java:99)
	at org.apache.ratis.grpc.server.GrpcService.requestVote(GrpcService.java:204)
	at org.apache.ratis.server.impl.LeaderElection.lambda$submitRequests$1(LeaderElection.java:234)
	at java.util.concurrent.FutureTask.run(FutureTask.java:266)
	at java.util.concurrent.Executors$RunnableAdapter.call(Executors.java:511)
	at java.util.concurrent.FutureTask.run(FutureTask.java:266)
	at java.util.concurrent.ThreadPoolExecutor.runWorker(ThreadPoolExecutor.java:1149)
	at java.util.concurrent.ThreadPoolExecutor$Worker.run(ThreadPoolExecutor.java:624)
	... 1 more
Caused by: org.apache.ratis.thirdparty.io.netty.channel.AbstractChannel$AnnotatedConnectException: Connection refused: /192.168.157.233:35716
	at sun.nio.ch.SocketChannelImpl.checkConnect(Native Method)
	at sun.nio.ch.SocketChannelImpl.finishConnect(SocketChannelImpl.java:717)
	at org.apache.ratis.thirdparty.io.netty.channel.socket.nio.NioSocketChannel.doFinishConnect(NioSocketChannel.java:327)
	at org.apache.ratis.thirdparty.io.netty.channel.nio.AbstractNioChannel$AbstractNioUnsafe.finishConnect(AbstractNioChannel.java:340)
	at org.apache.ratis.thirdparty.io.netty.channel.nio.NioEventLoop.processSelectedKey(NioEventLoop.java:632)
	at org.apache.ratis.thirdparty.io.netty.channel.nio.NioEventLoop.processSelectedKeysOptimized(NioEventLoop.java:579)
	at org.apache.ratis.thirdparty.io.netty.channel.nio.NioEventLoop.processSelectedKeys(NioEventLoop.java:496)
	at org.apache.ratis.thirdparty.io.netty.channel.nio.NioEventLoop.run(NioEventLoop.java:458)
	at org.apache.ratis.thirdparty.io.netty.util.concurrent.SingleThreadEventExecutor$5.run(SingleThreadEventExecutor.java:897)
	at org.apache.ratis.thirdparty.io.netty.util.concurrent.FastThreadLocalRunnable.run(FastThreadLocalRunnable.java:30)
	... 1 more
Caused by: java.net.ConnectException: Connection refused
	... 11 more
2019-10-25 11:07:58,035 [grpc-default-executor-9] INFO  impl.RaftServerImpl (RaftServerImpl.java:setRole(184)) - bdb27072-dd00-4d3b-a7da-41600e490ca3@group-49E82E920F3F: changes role from  FOLLOWER to FOLLOWER at term 170 for recognizeCandidate:f6cfa8a2-85ff-4bb9-a246-101c53d2d47b
2019-10-25 11:07:58,035 [grpc-default-executor-9] INFO  impl.RoleInfo (RoleInfo.java:shutdownFollowerState(121)) - bdb27072-dd00-4d3b-a7da-41600e490ca3: shutdown FollowerState
2019-10-25 11:07:58,035 [grpc-default-executor-9] INFO  impl.RoleInfo (RoleInfo.java:updateAndGet(143)) - bdb27072-dd00-4d3b-a7da-41600e490ca3: start FollowerState
2019-10-25 11:07:58,036 [Thread-4880] INFO  impl.FollowerState (FollowerState.java:run(117)) - bdb27072-dd00-4d3b-a7da-41600e490ca3@group-49E82E920F3F-FollowerState was interrupted: java.lang.InterruptedException: sleep interrupted
2019-10-25 11:07:58,049 [f6cfa8a2-85ff-4bb9-a246-101c53d2d47b@group-49E82E920F3F-LeaderElection582] INFO  impl.LeaderElection (LeaderElection.java:logAndReturn(56)) - f6cfa8a2-85ff-4bb9-a246-101c53d2d47b@group-49E82E920F3F-LeaderElection582: Election REJECTED; received 1 response(s) [f6cfa8a2-85ff-4bb9-a246-101c53d2d47b<-bdb27072-dd00-4d3b-a7da-41600e490ca3#0:FAIL-t170] and 1 exception(s); f6cfa8a2-85ff-4bb9-a246-101c53d2d47b@group-49E82E920F3F:t170, leader=null, voted=f6cfa8a2-85ff-4bb9-a246-101c53d2d47b, raftlog=f6cfa8a2-85ff-4bb9-a246-101c53d2d47b@group-49E82E920F3F-SegmentedRaftLog:OPENED:c-1,f-1,i0, conf=-1: [7fad1e98-7a6b-4998-a30c-ec1ab88068bc:192.168.157.233:35716, bdb27072-dd00-4d3b-a7da-41600e490ca3:192.168.157.233:42906, f6cfa8a2-85ff-4bb9-a246-101c53d2d47b:192.168.157.233:44618], old=null
2019-10-25 11:07:58,049 [f6cfa8a2-85ff-4bb9-a246-101c53d2d47b@group-49E82E920F3F-LeaderElection582] INFO  impl.LeaderElection (LogUtils.java:infoOrTrace(149)) -   Exception 0: {}
java.util.concurrent.ExecutionException: org.apache.ratis.thirdparty.io.grpc.StatusRuntimeException: UNAVAILABLE: io exception
	at java.util.concurrent.FutureTask.report(FutureTask.java:122)
	at java.util.concurrent.FutureTask.get(FutureTask.java:192)
	at org.apache.ratis.server.impl.LeaderElection.waitForResults(LeaderElection.java:259)
	at org.apache.ratis.server.impl.LeaderElection.askForVotes(LeaderElection.java:197)
	at org.apache.ratis.server.impl.LeaderElection.run(LeaderElection.java:133)
	at java.lang.Thread.run(Thread.java:748)
Caused by: org.apache.ratis.thirdparty.io.grpc.StatusRuntimeException: UNAVAILABLE: io exception
	at org.apache.ratis.thirdparty.io.grpc.stub.ClientCalls.toStatusRuntimeException(ClientCalls.java:233)
	at org.apache.ratis.thirdparty.io.grpc.stub.ClientCalls.getUnchecked(ClientCalls.java:214)
	at org.apache.ratis.thirdparty.io.grpc.stub.ClientCalls.blockingUnaryCall(ClientCalls.java:139)
	at org.apache.ratis.proto.grpc.RaftServerProtocolServiceGrpc$RaftServerProtocolServiceBlockingStub.requestVote(RaftServerProtocolServiceGrpc.java:265)
	at org.apache.ratis.grpc.server.GrpcServerProtocolClient.requestVote(GrpcServerProtocolClient.java:99)
	at org.apache.ratis.grpc.server.GrpcService.requestVote(GrpcService.java:204)
	at org.apache.ratis.server.impl.LeaderElection.lambda$submitRequests$1(LeaderElection.java:234)
	at java.util.concurrent.FutureTask.run(FutureTask.java:266)
	at java.util.concurrent.Executors$RunnableAdapter.call(Executors.java:511)
	at java.util.concurrent.FutureTask.run(FutureTask.java:266)
	at java.util.concurrent.ThreadPoolExecutor.runWorker(ThreadPoolExecutor.java:1149)
	at java.util.concurrent.ThreadPoolExecutor$Worker.run(ThreadPoolExecutor.java:624)
	... 1 more
Caused by: org.apache.ratis.thirdparty.io.netty.channel.AbstractChannel$AnnotatedConnectException: Connection refused: /192.168.157.233:35716
	at sun.nio.ch.SocketChannelImpl.checkConnect(Native Method)
	at sun.nio.ch.SocketChannelImpl.finishConnect(SocketChannelImpl.java:717)
	at org.apache.ratis.thirdparty.io.netty.channel.socket.nio.NioSocketChannel.doFinishConnect(NioSocketChannel.java:327)
	at org.apache.ratis.thirdparty.io.netty.channel.nio.AbstractNioChannel$AbstractNioUnsafe.finishConnect(AbstractNioChannel.java:340)
	at org.apache.ratis.thirdparty.io.netty.channel.nio.NioEventLoop.processSelectedKey(NioEventLoop.java:632)
	at org.apache.ratis.thirdparty.io.netty.channel.nio.NioEventLoop.processSelectedKeysOptimized(NioEventLoop.java:579)
	at org.apache.ratis.thirdparty.io.netty.channel.nio.NioEventLoop.processSelectedKeys(NioEventLoop.java:496)
	at org.apache.ratis.thirdparty.io.netty.channel.nio.NioEventLoop.run(NioEventLoop.java:458)
	at org.apache.ratis.thirdparty.io.netty.util.concurrent.SingleThreadEventExecutor$5.run(SingleThreadEventExecutor.java:897)
	at org.apache.ratis.thirdparty.io.netty.util.concurrent.FastThreadLocalRunnable.run(FastThreadLocalRunnable.java:30)
	... 1 more
Caused by: java.net.ConnectException: Connection refused
	... 11 more
2019-10-25 11:07:58,050 [f6cfa8a2-85ff-4bb9-a246-101c53d2d47b@group-49E82E920F3F-LeaderElection582] INFO  impl.RaftServerImpl (RaftServerImpl.java:setRole(184)) - f6cfa8a2-85ff-4bb9-a246-101c53d2d47b@group-49E82E920F3F: changes role from CANDIDATE to FOLLOWER at term 170 for DISCOVERED_A_NEW_TERM
2019-10-25 11:07:58,050 [f6cfa8a2-85ff-4bb9-a246-101c53d2d47b@group-49E82E920F3F-LeaderElection582] INFO  impl.RoleInfo (RoleInfo.java:shutdownLeaderElection(134)) - f6cfa8a2-85ff-4bb9-a246-101c53d2d47b: shutdown LeaderElection
2019-10-25 11:07:58,050 [f6cfa8a2-85ff-4bb9-a246-101c53d2d47b@group-49E82E920F3F-LeaderElection582] INFO  impl.RoleInfo (RoleInfo.java:updateAndGet(143)) - f6cfa8a2-85ff-4bb9-a246-101c53d2d47b: start FollowerState
2019-10-25 11:07:58,071 [Thread-4884] INFO  impl.FollowerState (FollowerState.java:run(108)) - f6cfa8a2-85ff-4bb9-a246-101c53d2d47b@group-49E82E920F3F-FollowerState: change to CANDIDATE, lastRpcTime:20ms, electionTimeout:20ms
2019-10-25 11:07:58,071 [Thread-4884] INFO  impl.RoleInfo (RoleInfo.java:shutdownFollowerState(121)) - f6cfa8a2-85ff-4bb9-a246-101c53d2d47b: shutdown FollowerState
2019-10-25 11:07:58,071 [Thread-4884] INFO  impl.RaftServerImpl (RaftServerImpl.java:setRole(184)) - f6cfa8a2-85ff-4bb9-a246-101c53d2d47b@group-49E82E920F3F: changes role from  FOLLOWER to CANDIDATE at term 170 for changeToCandidate
2019-10-25 11:07:58,071 [Thread-4884] INFO  impl.RoleInfo (RoleInfo.java:updateAndGet(143)) - f6cfa8a2-85ff-4bb9-a246-101c53d2d47b: start LeaderElection
2019-10-25 11:07:58,084 [f6cfa8a2-85ff-4bb9-a246-101c53d2d47b@group-49E82E920F3F-LeaderElection583] INFO  impl.LeaderElection (LeaderElection.java:askForVotes(178)) - f6cfa8a2-85ff-4bb9-a246-101c53d2d47b@group-49E82E920F3F-LeaderElection583: begin an election at term 171 for -1: [7fad1e98-7a6b-4998-a30c-ec1ab88068bc:192.168.157.233:35716, bdb27072-dd00-4d3b-a7da-41600e490ca3:192.168.157.233:42906, f6cfa8a2-85ff-4bb9-a246-101c53d2d47b:192.168.157.233:44618], old=null
2019-10-25 11:07:58,085 [f6cfa8a2-85ff-4bb9-a246-101c53d2d47b@group-49E82E920F3F-LeaderElection583] INFO  impl.LeaderElection (LogUtils.java:infoOrTrace(149)) - f6cfa8a2-85ff-4bb9-a246-101c53d2d47b@group-49E82E920F3F-LeaderElection583 got exception when requesting votes: {}
java.util.concurrent.ExecutionException: org.apache.ratis.thirdparty.io.grpc.StatusRuntimeException: UNAVAILABLE: io exception
	at java.util.concurrent.FutureTask.report(FutureTask.java:122)
	at java.util.concurrent.FutureTask.get(FutureTask.java:192)
	at org.apache.ratis.server.impl.LeaderElection.waitForResults(LeaderElection.java:259)
	at org.apache.ratis.server.impl.LeaderElection.askForVotes(LeaderElection.java:197)
	at org.apache.ratis.server.impl.LeaderElection.run(LeaderElection.java:133)
	at java.lang.Thread.run(Thread.java:748)
Caused by: org.apache.ratis.thirdparty.io.grpc.StatusRuntimeException: UNAVAILABLE: io exception
	at org.apache.ratis.thirdparty.io.grpc.stub.ClientCalls.toStatusRuntimeException(ClientCalls.java:233)
	at org.apache.ratis.thirdparty.io.grpc.stub.ClientCalls.getUnchecked(ClientCalls.java:214)
	at org.apache.ratis.thirdparty.io.grpc.stub.ClientCalls.blockingUnaryCall(ClientCalls.java:139)
	at org.apache.ratis.proto.grpc.RaftServerProtocolServiceGrpc$RaftServerProtocolServiceBlockingStub.requestVote(RaftServerProtocolServiceGrpc.java:265)
	at org.apache.ratis.grpc.server.GrpcServerProtocolClient.requestVote(GrpcServerProtocolClient.java:99)
	at org.apache.ratis.grpc.server.GrpcService.requestVote(GrpcService.java:204)
	at org.apache.ratis.server.impl.LeaderElection.lambda$submitRequests$1(LeaderElection.java:234)
	at java.util.concurrent.FutureTask.run(FutureTask.java:266)
	at java.util.concurrent.Executors$RunnableAdapter.call(Executors.java:511)
	at java.util.concurrent.FutureTask.run(FutureTask.java:266)
	at java.util.concurrent.ThreadPoolExecutor.runWorker(ThreadPoolExecutor.java:1149)
	at java.util.concurrent.ThreadPoolExecutor$Worker.run(ThreadPoolExecutor.java:624)
	... 1 more
Caused by: org.apache.ratis.thirdparty.io.netty.channel.AbstractChannel$AnnotatedConnectException: Connection refused: /192.168.157.233:35716
	at sun.nio.ch.SocketChannelImpl.checkConnect(Native Method)
	at sun.nio.ch.SocketChannelImpl.finishConnect(SocketChannelImpl.java:717)
	at org.apache.ratis.thirdparty.io.netty.channel.socket.nio.NioSocketChannel.doFinishConnect(NioSocketChannel.java:327)
	at org.apache.ratis.thirdparty.io.netty.channel.nio.AbstractNioChannel$AbstractNioUnsafe.finishConnect(AbstractNioChannel.java:340)
	at org.apache.ratis.thirdparty.io.netty.channel.nio.NioEventLoop.processSelectedKey(NioEventLoop.java:632)
	at org.apache.ratis.thirdparty.io.netty.channel.nio.NioEventLoop.processSelectedKeysOptimized(NioEventLoop.java:579)
	at org.apache.ratis.thirdparty.io.netty.channel.nio.NioEventLoop.processSelectedKeys(NioEventLoop.java:496)
	at org.apache.ratis.thirdparty.io.netty.channel.nio.NioEventLoop.run(NioEventLoop.java:458)
	at org.apache.ratis.thirdparty.io.netty.util.concurrent.SingleThreadEventExecutor$5.run(SingleThreadEventExecutor.java:897)
	at org.apache.ratis.thirdparty.io.netty.util.concurrent.FastThreadLocalRunnable.run(FastThreadLocalRunnable.java:30)
	... 1 more
Caused by: java.net.ConnectException: Connection refused
	... 11 more
2019-10-25 11:07:58,087 [grpc-default-executor-9] INFO  impl.RaftServerImpl (RaftServerImpl.java:setRole(184)) - bdb27072-dd00-4d3b-a7da-41600e490ca3@group-49E82E920F3F: changes role from  FOLLOWER to FOLLOWER at term 171 for recognizeCandidate:f6cfa8a2-85ff-4bb9-a246-101c53d2d47b
2019-10-25 11:07:58,088 [grpc-default-executor-9] INFO  impl.RoleInfo (RoleInfo.java:shutdownFollowerState(121)) - bdb27072-dd00-4d3b-a7da-41600e490ca3: shutdown FollowerState
2019-10-25 11:07:58,088 [grpc-default-executor-9] INFO  impl.RoleInfo (RoleInfo.java:updateAndGet(143)) - bdb27072-dd00-4d3b-a7da-41600e490ca3: start FollowerState
2019-10-25 11:07:58,088 [Thread-4883] INFO  impl.FollowerState (FollowerState.java:run(117)) - bdb27072-dd00-4d3b-a7da-41600e490ca3@group-49E82E920F3F-FollowerState was interrupted: java.lang.InterruptedException: sleep interrupted
2019-10-25 11:07:58,113 [f6cfa8a2-85ff-4bb9-a246-101c53d2d47b@group-49E82E920F3F-LeaderElection583] INFO  impl.LeaderElection (LeaderElection.java:logAndReturn(56)) - f6cfa8a2-85ff-4bb9-a246-101c53d2d47b@group-49E82E920F3F-LeaderElection583: Election REJECTED; received 1 response(s) [f6cfa8a2-85ff-4bb9-a246-101c53d2d47b<-bdb27072-dd00-4d3b-a7da-41600e490ca3#0:FAIL-t171] and 1 exception(s); f6cfa8a2-85ff-4bb9-a246-101c53d2d47b@group-49E82E920F3F:t171, leader=null, voted=f6cfa8a2-85ff-4bb9-a246-101c53d2d47b, raftlog=f6cfa8a2-85ff-4bb9-a246-101c53d2d47b@group-49E82E920F3F-SegmentedRaftLog:OPENED:c-1,f-1,i0, conf=-1: [7fad1e98-7a6b-4998-a30c-ec1ab88068bc:192.168.157.233:35716, bdb27072-dd00-4d3b-a7da-41600e490ca3:192.168.157.233:42906, f6cfa8a2-85ff-4bb9-a246-101c53d2d47b:192.168.157.233:44618], old=null
2019-10-25 11:07:58,113 [f6cfa8a2-85ff-4bb9-a246-101c53d2d47b@group-49E82E920F3F-LeaderElection583] INFO  impl.LeaderElection (LogUtils.java:infoOrTrace(149)) -   Exception 0: {}
java.util.concurrent.ExecutionException: org.apache.ratis.thirdparty.io.grpc.StatusRuntimeException: UNAVAILABLE: io exception
	at java.util.concurrent.FutureTask.report(FutureTask.java:122)
	at java.util.concurrent.FutureTask.get(FutureTask.java:192)
	at org.apache.ratis.server.impl.LeaderElection.waitForResults(LeaderElection.java:259)
	at org.apache.ratis.server.impl.LeaderElection.askForVotes(LeaderElection.java:197)
	at org.apache.ratis.server.impl.LeaderElection.run(LeaderElection.java:133)
	at java.lang.Thread.run(Thread.java:748)
Caused by: org.apache.ratis.thirdparty.io.grpc.StatusRuntimeException: UNAVAILABLE: io exception
	at org.apache.ratis.thirdparty.io.grpc.stub.ClientCalls.toStatusRuntimeException(ClientCalls.java:233)
	at org.apache.ratis.thirdparty.io.grpc.stub.ClientCalls.getUnchecked(ClientCalls.java:214)
	at org.apache.ratis.thirdparty.io.grpc.stub.ClientCalls.blockingUnaryCall(ClientCalls.java:139)
	at org.apache.ratis.proto.grpc.RaftServerProtocolServiceGrpc$RaftServerProtocolServiceBlockingStub.requestVote(RaftServerProtocolServiceGrpc.java:265)
	at org.apache.ratis.grpc.server.GrpcServerProtocolClient.requestVote(GrpcServerProtocolClient.java:99)
	at org.apache.ratis.grpc.server.GrpcService.requestVote(GrpcService.java:204)
	at org.apache.ratis.server.impl.LeaderElection.lambda$submitRequests$1(LeaderElection.java:234)
	at java.util.concurrent.FutureTask.run(FutureTask.java:266)
	at java.util.concurrent.Executors$RunnableAdapter.call(Executors.java:511)
	at java.util.concurrent.FutureTask.run(FutureTask.java:266)
	at java.util.concurrent.ThreadPoolExecutor.runWorker(ThreadPoolExecutor.java:1149)
	at java.util.concurrent.ThreadPoolExecutor$Worker.run(ThreadPoolExecutor.java:624)
	... 1 more
Caused by: org.apache.ratis.thirdparty.io.netty.channel.AbstractChannel$AnnotatedConnectException: Connection refused: /192.168.157.233:35716
	at sun.nio.ch.SocketChannelImpl.checkConnect(Native Method)
	at sun.nio.ch.SocketChannelImpl.finishConnect(SocketChannelImpl.java:717)
	at org.apache.ratis.thirdparty.io.netty.channel.socket.nio.NioSocketChannel.doFinishConnect(NioSocketChannel.java:327)
	at org.apache.ratis.thirdparty.io.netty.channel.nio.AbstractNioChannel$AbstractNioUnsafe.finishConnect(AbstractNioChannel.java:340)
	at org.apache.ratis.thirdparty.io.netty.channel.nio.NioEventLoop.processSelectedKey(NioEventLoop.java:632)
	at org.apache.ratis.thirdparty.io.netty.channel.nio.NioEventLoop.processSelectedKeysOptimized(NioEventLoop.java:579)
	at org.apache.ratis.thirdparty.io.netty.channel.nio.NioEventLoop.processSelectedKeys(NioEventLoop.java:496)
	at org.apache.ratis.thirdparty.io.netty.channel.nio.NioEventLoop.run(NioEventLoop.java:458)
	at org.apache.ratis.thirdparty.io.netty.util.concurrent.SingleThreadEventExecutor$5.run(SingleThreadEventExecutor.java:897)
	at org.apache.ratis.thirdparty.io.netty.util.concurrent.FastThreadLocalRunnable.run(FastThreadLocalRunnable.java:30)
	... 1 more
Caused by: java.net.ConnectException: Connection refused
	... 11 more
2019-10-25 11:07:58,113 [f6cfa8a2-85ff-4bb9-a246-101c53d2d47b@group-49E82E920F3F-LeaderElection583] INFO  impl.RaftServerImpl (RaftServerImpl.java:setRole(184)) - f6cfa8a2-85ff-4bb9-a246-101c53d2d47b@group-49E82E920F3F: changes role from CANDIDATE to FOLLOWER at term 171 for DISCOVERED_A_NEW_TERM
2019-10-25 11:07:58,113 [f6cfa8a2-85ff-4bb9-a246-101c53d2d47b@group-49E82E920F3F-LeaderElection583] INFO  impl.RoleInfo (RoleInfo.java:shutdownLeaderElection(134)) - f6cfa8a2-85ff-4bb9-a246-101c53d2d47b: shutdown LeaderElection
2019-10-25 11:07:58,114 [f6cfa8a2-85ff-4bb9-a246-101c53d2d47b@group-49E82E920F3F-LeaderElection583] INFO  impl.RoleInfo (RoleInfo.java:updateAndGet(143)) - f6cfa8a2-85ff-4bb9-a246-101c53d2d47b: start FollowerState
2019-10-25 11:07:58,248 [Thread-4889] INFO  impl.FollowerState (FollowerState.java:run(108)) - f6cfa8a2-85ff-4bb9-a246-101c53d2d47b@group-49E82E920F3F-FollowerState: change to CANDIDATE, lastRpcTime:134ms, electionTimeout:134ms
2019-10-25 11:07:58,248 [Thread-4889] INFO  impl.RoleInfo (RoleInfo.java:shutdownFollowerState(121)) - f6cfa8a2-85ff-4bb9-a246-101c53d2d47b: shutdown FollowerState
2019-10-25 11:07:58,248 [Thread-4889] INFO  impl.RaftServerImpl (RaftServerImpl.java:setRole(184)) - f6cfa8a2-85ff-4bb9-a246-101c53d2d47b@group-49E82E920F3F: changes role from  FOLLOWER to CANDIDATE at term 171 for changeToCandidate
2019-10-25 11:07:58,248 [Thread-4889] INFO  impl.RoleInfo (RoleInfo.java:updateAndGet(143)) - f6cfa8a2-85ff-4bb9-a246-101c53d2d47b: start LeaderElection
2019-10-25 11:07:58,263 [f6cfa8a2-85ff-4bb9-a246-101c53d2d47b@group-49E82E920F3F-LeaderElection584] INFO  impl.LeaderElection (LeaderElection.java:askForVotes(178)) - f6cfa8a2-85ff-4bb9-a246-101c53d2d47b@group-49E82E920F3F-LeaderElection584: begin an election at term 172 for -1: [7fad1e98-7a6b-4998-a30c-ec1ab88068bc:192.168.157.233:35716, bdb27072-dd00-4d3b-a7da-41600e490ca3:192.168.157.233:42906, f6cfa8a2-85ff-4bb9-a246-101c53d2d47b:192.168.157.233:44618], old=null
2019-10-25 11:07:58,264 [f6cfa8a2-85ff-4bb9-a246-101c53d2d47b@group-49E82E920F3F-LeaderElection584] INFO  impl.LeaderElection (LogUtils.java:infoOrTrace(149)) - f6cfa8a2-85ff-4bb9-a246-101c53d2d47b@group-49E82E920F3F-LeaderElection584 got exception when requesting votes: {}
java.util.concurrent.ExecutionException: org.apache.ratis.thirdparty.io.grpc.StatusRuntimeException: UNAVAILABLE: io exception
	at java.util.concurrent.FutureTask.report(FutureTask.java:122)
	at java.util.concurrent.FutureTask.get(FutureTask.java:192)
	at org.apache.ratis.server.impl.LeaderElection.waitForResults(LeaderElection.java:259)
	at org.apache.ratis.server.impl.LeaderElection.askForVotes(LeaderElection.java:197)
	at org.apache.ratis.server.impl.LeaderElection.run(LeaderElection.java:133)
	at java.lang.Thread.run(Thread.java:748)
Caused by: org.apache.ratis.thirdparty.io.grpc.StatusRuntimeException: UNAVAILABLE: io exception
	at org.apache.ratis.thirdparty.io.grpc.stub.ClientCalls.toStatusRuntimeException(ClientCalls.java:233)
	at org.apache.ratis.thirdparty.io.grpc.stub.ClientCalls.getUnchecked(ClientCalls.java:214)
	at org.apache.ratis.thirdparty.io.grpc.stub.ClientCalls.blockingUnaryCall(ClientCalls.java:139)
	at org.apache.ratis.proto.grpc.RaftServerProtocolServiceGrpc$RaftServerProtocolServiceBlockingStub.requestVote(RaftServerProtocolServiceGrpc.java:265)
	at org.apache.ratis.grpc.server.GrpcServerProtocolClient.requestVote(GrpcServerProtocolClient.java:99)
	at org.apache.ratis.grpc.server.GrpcService.requestVote(GrpcService.java:204)
	at org.apache.ratis.server.impl.LeaderElection.lambda$submitRequests$1(LeaderElection.java:234)
	at java.util.concurrent.FutureTask.run(FutureTask.java:266)
	at java.util.concurrent.Executors$RunnableAdapter.call(Executors.java:511)
	at java.util.concurrent.FutureTask.run(FutureTask.java:266)
	at java.util.concurrent.ThreadPoolExecutor.runWorker(ThreadPoolExecutor.java:1149)
	at java.util.concurrent.ThreadPoolExecutor$Worker.run(ThreadPoolExecutor.java:624)
	... 1 more
Caused by: org.apache.ratis.thirdparty.io.netty.channel.AbstractChannel$AnnotatedConnectException: Connection refused: /192.168.157.233:35716
	at sun.nio.ch.SocketChannelImpl.checkConnect(Native Method)
	at sun.nio.ch.SocketChannelImpl.finishConnect(SocketChannelImpl.java:717)
	at org.apache.ratis.thirdparty.io.netty.channel.socket.nio.NioSocketChannel.doFinishConnect(NioSocketChannel.java:327)
	at org.apache.ratis.thirdparty.io.netty.channel.nio.AbstractNioChannel$AbstractNioUnsafe.finishConnect(AbstractNioChannel.java:340)
	at org.apache.ratis.thirdparty.io.netty.channel.nio.NioEventLoop.processSelectedKey(NioEventLoop.java:632)
	at org.apache.ratis.thirdparty.io.netty.channel.nio.NioEventLoop.processSelectedKeysOptimized(NioEventLoop.java:579)
	at org.apache.ratis.thirdparty.io.netty.channel.nio.NioEventLoop.processSelectedKeys(NioEventLoop.java:496)
	at org.apache.ratis.thirdparty.io.netty.channel.nio.NioEventLoop.run(NioEventLoop.java:458)
	at org.apache.ratis.thirdparty.io.netty.util.concurrent.SingleThreadEventExecutor$5.run(SingleThreadEventExecutor.java:897)
	at org.apache.ratis.thirdparty.io.netty.util.concurrent.FastThreadLocalRunnable.run(FastThreadLocalRunnable.java:30)
	... 1 more
Caused by: java.net.ConnectException: Connection refused
	... 11 more
2019-10-25 11:07:58,267 [grpc-default-executor-4] INFO  impl.RaftServerImpl (RaftServerImpl.java:setRole(184)) - bdb27072-dd00-4d3b-a7da-41600e490ca3@group-49E82E920F3F: changes role from  FOLLOWER to FOLLOWER at term 172 for recognizeCandidate:f6cfa8a2-85ff-4bb9-a246-101c53d2d47b
2019-10-25 11:07:58,267 [grpc-default-executor-4] INFO  impl.RoleInfo (RoleInfo.java:shutdownFollowerState(121)) - bdb27072-dd00-4d3b-a7da-41600e490ca3: shutdown FollowerState
2019-10-25 11:07:58,268 [grpc-default-executor-4] INFO  impl.RoleInfo (RoleInfo.java:updateAndGet(143)) - bdb27072-dd00-4d3b-a7da-41600e490ca3: start FollowerState
2019-10-25 11:07:58,268 [Thread-4888] INFO  impl.FollowerState (FollowerState.java:run(117)) - bdb27072-dd00-4d3b-a7da-41600e490ca3@group-49E82E920F3F-FollowerState was interrupted: java.lang.InterruptedException: sleep interrupted
2019-10-25 11:07:58,281 [f6cfa8a2-85ff-4bb9-a246-101c53d2d47b@group-49E82E920F3F-LeaderElection584] INFO  impl.LeaderElection (LeaderElection.java:logAndReturn(56)) - f6cfa8a2-85ff-4bb9-a246-101c53d2d47b@group-49E82E920F3F-LeaderElection584: Election REJECTED; received 1 response(s) [f6cfa8a2-85ff-4bb9-a246-101c53d2d47b<-bdb27072-dd00-4d3b-a7da-41600e490ca3#0:FAIL-t172] and 1 exception(s); f6cfa8a2-85ff-4bb9-a246-101c53d2d47b@group-49E82E920F3F:t172, leader=null, voted=f6cfa8a2-85ff-4bb9-a246-101c53d2d47b, raftlog=f6cfa8a2-85ff-4bb9-a246-101c53d2d47b@group-49E82E920F3F-SegmentedRaftLog:OPENED:c-1,f-1,i0, conf=-1: [7fad1e98-7a6b-4998-a30c-ec1ab88068bc:192.168.157.233:35716, bdb27072-dd00-4d3b-a7da-41600e490ca3:192.168.157.233:42906, f6cfa8a2-85ff-4bb9-a246-101c53d2d47b:192.168.157.233:44618], old=null
2019-10-25 11:07:58,281 [f6cfa8a2-85ff-4bb9-a246-101c53d2d47b@group-49E82E920F3F-LeaderElection584] INFO  impl.LeaderElection (LogUtils.java:infoOrTrace(149)) -   Exception 0: {}
java.util.concurrent.ExecutionException: org.apache.ratis.thirdparty.io.grpc.StatusRuntimeException: UNAVAILABLE: io exception
	at java.util.concurrent.FutureTask.report(FutureTask.java:122)
	at java.util.concurrent.FutureTask.get(FutureTask.java:192)
	at org.apache.ratis.server.impl.LeaderElection.waitForResults(LeaderElection.java:259)
	at org.apache.ratis.server.impl.LeaderElection.askForVotes(LeaderElection.java:197)
	at org.apache.ratis.server.impl.LeaderElection.run(LeaderElection.java:133)
	at java.lang.Thread.run(Thread.java:748)
Caused by: org.apache.ratis.thirdparty.io.grpc.StatusRuntimeException: UNAVAILABLE: io exception
	at org.apache.ratis.thirdparty.io.grpc.stub.ClientCalls.toStatusRuntimeException(ClientCalls.java:233)
	at org.apache.ratis.thirdparty.io.grpc.stub.ClientCalls.getUnchecked(ClientCalls.java:214)
	at org.apache.ratis.thirdparty.io.grpc.stub.ClientCalls.blockingUnaryCall(ClientCalls.java:139)
	at org.apache.ratis.proto.grpc.RaftServerProtocolServiceGrpc$RaftServerProtocolServiceBlockingStub.requestVote(RaftServerProtocolServiceGrpc.java:265)
	at org.apache.ratis.grpc.server.GrpcServerProtocolClient.requestVote(GrpcServerProtocolClient.java:99)
	at org.apache.ratis.grpc.server.GrpcService.requestVote(GrpcService.java:204)
	at org.apache.ratis.server.impl.LeaderElection.lambda$submitRequests$1(LeaderElection.java:234)
	at java.util.concurrent.FutureTask.run(FutureTask.java:266)
	at java.util.concurrent.Executors$RunnableAdapter.call(Executors.java:511)
	at java.util.concurrent.FutureTask.run(FutureTask.java:266)
	at java.util.concurrent.ThreadPoolExecutor.runWorker(ThreadPoolExecutor.java:1149)
	at java.util.concurrent.ThreadPoolExecutor$Worker.run(ThreadPoolExecutor.java:624)
	... 1 more
Caused by: org.apache.ratis.thirdparty.io.netty.channel.AbstractChannel$AnnotatedConnectException: Connection refused: /192.168.157.233:35716
	at sun.nio.ch.SocketChannelImpl.checkConnect(Native Method)
	at sun.nio.ch.SocketChannelImpl.finishConnect(SocketChannelImpl.java:717)
	at org.apache.ratis.thirdparty.io.netty.channel.socket.nio.NioSocketChannel.doFinishConnect(NioSocketChannel.java:327)
	at org.apache.ratis.thirdparty.io.netty.channel.nio.AbstractNioChannel$AbstractNioUnsafe.finishConnect(AbstractNioChannel.java:340)
	at org.apache.ratis.thirdparty.io.netty.channel.nio.NioEventLoop.processSelectedKey(NioEventLoop.java:632)
	at org.apache.ratis.thirdparty.io.netty.channel.nio.NioEventLoop.processSelectedKeysOptimized(NioEventLoop.java:579)
	at org.apache.ratis.thirdparty.io.netty.channel.nio.NioEventLoop.processSelectedKeys(NioEventLoop.java:496)
	at org.apache.ratis.thirdparty.io.netty.channel.nio.NioEventLoop.run(NioEventLoop.java:458)
	at org.apache.ratis.thirdparty.io.netty.util.concurrent.SingleThreadEventExecutor$5.run(SingleThreadEventExecutor.java:897)
	at org.apache.ratis.thirdparty.io.netty.util.concurrent.FastThreadLocalRunnable.run(FastThreadLocalRunnable.java:30)
	... 1 more
Caused by: java.net.ConnectException: Connection refused
	... 11 more
2019-10-25 11:07:58,282 [f6cfa8a2-85ff-4bb9-a246-101c53d2d47b@group-49E82E920F3F-LeaderElection584] INFO  impl.RaftServerImpl (RaftServerImpl.java:setRole(184)) - f6cfa8a2-85ff-4bb9-a246-101c53d2d47b@group-49E82E920F3F: changes role from CANDIDATE to FOLLOWER at term 172 for DISCOVERED_A_NEW_TERM
2019-10-25 11:07:58,282 [f6cfa8a2-85ff-4bb9-a246-101c53d2d47b@group-49E82E920F3F-LeaderElection584] INFO  impl.RoleInfo (RoleInfo.java:shutdownLeaderElection(134)) - f6cfa8a2-85ff-4bb9-a246-101c53d2d47b: shutdown LeaderElection
2019-10-25 11:07:58,282 [f6cfa8a2-85ff-4bb9-a246-101c53d2d47b@group-49E82E920F3F-LeaderElection584] INFO  impl.RoleInfo (RoleInfo.java:updateAndGet(143)) - f6cfa8a2-85ff-4bb9-a246-101c53d2d47b: start FollowerState
2019-10-25 11:07:58,358 [Thread-4896] INFO  impl.FollowerState (FollowerState.java:run(108)) - f6cfa8a2-85ff-4bb9-a246-101c53d2d47b@group-49E82E920F3F-FollowerState: change to CANDIDATE, lastRpcTime:76ms, electionTimeout:76ms
2019-10-25 11:07:58,358 [Thread-4896] INFO  impl.RoleInfo (RoleInfo.java:shutdownFollowerState(121)) - f6cfa8a2-85ff-4bb9-a246-101c53d2d47b: shutdown FollowerState
2019-10-25 11:07:58,358 [Thread-4896] INFO  impl.RaftServerImpl (RaftServerImpl.java:setRole(184)) - f6cfa8a2-85ff-4bb9-a246-101c53d2d47b@group-49E82E920F3F: changes role from  FOLLOWER to CANDIDATE at term 172 for changeToCandidate
2019-10-25 11:07:58,358 [Thread-4896] INFO  impl.RoleInfo (RoleInfo.java:updateAndGet(143)) - f6cfa8a2-85ff-4bb9-a246-101c53d2d47b: start LeaderElection
2019-10-25 11:07:58,384 [f6cfa8a2-85ff-4bb9-a246-101c53d2d47b@group-49E82E920F3F-LeaderElection585] INFO  impl.LeaderElection (LeaderElection.java:askForVotes(178)) - f6cfa8a2-85ff-4bb9-a246-101c53d2d47b@group-49E82E920F3F-LeaderElection585: begin an election at term 173 for -1: [7fad1e98-7a6b-4998-a30c-ec1ab88068bc:192.168.157.233:35716, bdb27072-dd00-4d3b-a7da-41600e490ca3:192.168.157.233:42906, f6cfa8a2-85ff-4bb9-a246-101c53d2d47b:192.168.157.233:44618], old=null
2019-10-25 11:07:58,385 [f6cfa8a2-85ff-4bb9-a246-101c53d2d47b@group-49E82E920F3F-LeaderElection585] INFO  impl.LeaderElection (LogUtils.java:infoOrTrace(149)) - f6cfa8a2-85ff-4bb9-a246-101c53d2d47b@group-49E82E920F3F-LeaderElection585 got exception when requesting votes: {}
java.util.concurrent.ExecutionException: org.apache.ratis.thirdparty.io.grpc.StatusRuntimeException: UNAVAILABLE: io exception
	at java.util.concurrent.FutureTask.report(FutureTask.java:122)
	at java.util.concurrent.FutureTask.get(FutureTask.java:192)
	at org.apache.ratis.server.impl.LeaderElection.waitForResults(LeaderElection.java:259)
	at org.apache.ratis.server.impl.LeaderElection.askForVotes(LeaderElection.java:197)
	at org.apache.ratis.server.impl.LeaderElection.run(LeaderElection.java:133)
	at java.lang.Thread.run(Thread.java:748)
Caused by: org.apache.ratis.thirdparty.io.grpc.StatusRuntimeException: UNAVAILABLE: io exception
	at org.apache.ratis.thirdparty.io.grpc.stub.ClientCalls.toStatusRuntimeException(ClientCalls.java:233)
	at org.apache.ratis.thirdparty.io.grpc.stub.ClientCalls.getUnchecked(ClientCalls.java:214)
	at org.apache.ratis.thirdparty.io.grpc.stub.ClientCalls.blockingUnaryCall(ClientCalls.java:139)
	at org.apache.ratis.proto.grpc.RaftServerProtocolServiceGrpc$RaftServerProtocolServiceBlockingStub.requestVote(RaftServerProtocolServiceGrpc.java:265)
	at org.apache.ratis.grpc.server.GrpcServerProtocolClient.requestVote(GrpcServerProtocolClient.java:99)
	at org.apache.ratis.grpc.server.GrpcService.requestVote(GrpcService.java:204)
	at org.apache.ratis.server.impl.LeaderElection.lambda$submitRequests$1(LeaderElection.java:234)
	at java.util.concurrent.FutureTask.run(FutureTask.java:266)
	at java.util.concurrent.Executors$RunnableAdapter.call(Executors.java:511)
	at java.util.concurrent.FutureTask.run(FutureTask.java:266)
	at java.util.concurrent.ThreadPoolExecutor.runWorker(ThreadPoolExecutor.java:1149)
	at java.util.concurrent.ThreadPoolExecutor$Worker.run(ThreadPoolExecutor.java:624)
	... 1 more
Caused by: org.apache.ratis.thirdparty.io.netty.channel.AbstractChannel$AnnotatedConnectException: Connection refused: /192.168.157.233:35716
	at sun.nio.ch.SocketChannelImpl.checkConnect(Native Method)
	at sun.nio.ch.SocketChannelImpl.finishConnect(SocketChannelImpl.java:717)
	at org.apache.ratis.thirdparty.io.netty.channel.socket.nio.NioSocketChannel.doFinishConnect(NioSocketChannel.java:327)
	at org.apache.ratis.thirdparty.io.netty.channel.nio.AbstractNioChannel$AbstractNioUnsafe.finishConnect(AbstractNioChannel.java:340)
	at org.apache.ratis.thirdparty.io.netty.channel.nio.NioEventLoop.processSelectedKey(NioEventLoop.java:632)
	at org.apache.ratis.thirdparty.io.netty.channel.nio.NioEventLoop.processSelectedKeysOptimized(NioEventLoop.java:579)
	at org.apache.ratis.thirdparty.io.netty.channel.nio.NioEventLoop.processSelectedKeys(NioEventLoop.java:496)
	at org.apache.ratis.thirdparty.io.netty.channel.nio.NioEventLoop.run(NioEventLoop.java:458)
	at org.apache.ratis.thirdparty.io.netty.util.concurrent.SingleThreadEventExecutor$5.run(SingleThreadEventExecutor.java:897)
	at org.apache.ratis.thirdparty.io.netty.util.concurrent.FastThreadLocalRunnable.run(FastThreadLocalRunnable.java:30)
	... 1 more
Caused by: java.net.ConnectException: Connection refused
	... 11 more
2019-10-25 11:07:58,388 [grpc-default-executor-4] INFO  impl.RaftServerImpl (RaftServerImpl.java:setRole(184)) - bdb27072-dd00-4d3b-a7da-41600e490ca3@group-49E82E920F3F: changes role from  FOLLOWER to FOLLOWER at term 173 for recognizeCandidate:f6cfa8a2-85ff-4bb9-a246-101c53d2d47b
2019-10-25 11:07:58,388 [grpc-default-executor-4] INFO  impl.RoleInfo (RoleInfo.java:shutdownFollowerState(121)) - bdb27072-dd00-4d3b-a7da-41600e490ca3: shutdown FollowerState
2019-10-25 11:07:58,388 [grpc-default-executor-4] INFO  impl.RoleInfo (RoleInfo.java:updateAndGet(143)) - bdb27072-dd00-4d3b-a7da-41600e490ca3: start FollowerState
2019-10-25 11:07:58,388 [Thread-4895] INFO  impl.FollowerState (FollowerState.java:run(117)) - bdb27072-dd00-4d3b-a7da-41600e490ca3@group-49E82E920F3F-FollowerState was interrupted: java.lang.InterruptedException: sleep interrupted
2019-10-25 11:07:58,402 [f6cfa8a2-85ff-4bb9-a246-101c53d2d47b@group-49E82E920F3F-LeaderElection585] INFO  impl.LeaderElection (LeaderElection.java:logAndReturn(56)) - f6cfa8a2-85ff-4bb9-a246-101c53d2d47b@group-49E82E920F3F-LeaderElection585: Election REJECTED; received 1 response(s) [f6cfa8a2-85ff-4bb9-a246-101c53d2d47b<-bdb27072-dd00-4d3b-a7da-41600e490ca3#0:FAIL-t173] and 1 exception(s); f6cfa8a2-85ff-4bb9-a246-101c53d2d47b@group-49E82E920F3F:t173, leader=null, voted=f6cfa8a2-85ff-4bb9-a246-101c53d2d47b, raftlog=f6cfa8a2-85ff-4bb9-a246-101c53d2d47b@group-49E82E920F3F-SegmentedRaftLog:OPENED:c-1,f-1,i0, conf=-1: [7fad1e98-7a6b-4998-a30c-ec1ab88068bc:192.168.157.233:35716, bdb27072-dd00-4d3b-a7da-41600e490ca3:192.168.157.233:42906, f6cfa8a2-85ff-4bb9-a246-101c53d2d47b:192.168.157.233:44618], old=null
2019-10-25 11:07:58,402 [f6cfa8a2-85ff-4bb9-a246-101c53d2d47b@group-49E82E920F3F-LeaderElection585] INFO  impl.LeaderElection (LogUtils.java:infoOrTrace(149)) -   Exception 0: {}
java.util.concurrent.ExecutionException: org.apache.ratis.thirdparty.io.grpc.StatusRuntimeException: UNAVAILABLE: io exception
	at java.util.concurrent.FutureTask.report(FutureTask.java:122)
	at java.util.concurrent.FutureTask.get(FutureTask.java:192)
	at org.apache.ratis.server.impl.LeaderElection.waitForResults(LeaderElection.java:259)
	at org.apache.ratis.server.impl.LeaderElection.askForVotes(LeaderElection.java:197)
	at org.apache.ratis.server.impl.LeaderElection.run(LeaderElection.java:133)
	at java.lang.Thread.run(Thread.java:748)
Caused by: org.apache.ratis.thirdparty.io.grpc.StatusRuntimeException: UNAVAILABLE: io exception
	at org.apache.ratis.thirdparty.io.grpc.stub.ClientCalls.toStatusRuntimeException(ClientCalls.java:233)
	at org.apache.ratis.thirdparty.io.grpc.stub.ClientCalls.getUnchecked(ClientCalls.java:214)
	at org.apache.ratis.thirdparty.io.grpc.stub.ClientCalls.blockingUnaryCall(ClientCalls.java:139)
	at org.apache.ratis.proto.grpc.RaftServerProtocolServiceGrpc$RaftServerProtocolServiceBlockingStub.requestVote(RaftServerProtocolServiceGrpc.java:265)
	at org.apache.ratis.grpc.server.GrpcServerProtocolClient.requestVote(GrpcServerProtocolClient.java:99)
	at org.apache.ratis.grpc.server.GrpcService.requestVote(GrpcService.java:204)
	at org.apache.ratis.server.impl.LeaderElection.lambda$submitRequests$1(LeaderElection.java:234)
	at java.util.concurrent.FutureTask.run(FutureTask.java:266)
	at java.util.concurrent.Executors$RunnableAdapter.call(Executors.java:511)
	at java.util.concurrent.FutureTask.run(FutureTask.java:266)
	at java.util.concurrent.ThreadPoolExecutor.runWorker(ThreadPoolExecutor.java:1149)
	at java.util.concurrent.ThreadPoolExecutor$Worker.run(ThreadPoolExecutor.java:624)
	... 1 more
Caused by: org.apache.ratis.thirdparty.io.netty.channel.AbstractChannel$AnnotatedConnectException: Connection refused: /192.168.157.233:35716
	at sun.nio.ch.SocketChannelImpl.checkConnect(Native Method)
	at sun.nio.ch.SocketChannelImpl.finishConnect(SocketChannelImpl.java:717)
	at org.apache.ratis.thirdparty.io.netty.channel.socket.nio.NioSocketChannel.doFinishConnect(NioSocketChannel.java:327)
	at org.apache.ratis.thirdparty.io.netty.channel.nio.AbstractNioChannel$AbstractNioUnsafe.finishConnect(AbstractNioChannel.java:340)
	at org.apache.ratis.thirdparty.io.netty.channel.nio.NioEventLoop.processSelectedKey(NioEventLoop.java:632)
	at org.apache.ratis.thirdparty.io.netty.channel.nio.NioEventLoop.processSelectedKeysOptimized(NioEventLoop.java:579)
	at org.apache.ratis.thirdparty.io.netty.channel.nio.NioEventLoop.processSelectedKeys(NioEventLoop.java:496)
	at org.apache.ratis.thirdparty.io.netty.channel.nio.NioEventLoop.run(NioEventLoop.java:458)
	at org.apache.ratis.thirdparty.io.netty.util.concurrent.SingleThreadEventExecutor$5.run(SingleThreadEventExecutor.java:897)
	at org.apache.ratis.thirdparty.io.netty.util.concurrent.FastThreadLocalRunnable.run(FastThreadLocalRunnable.java:30)
	... 1 more
Caused by: java.net.ConnectException: Connection refused
	... 11 more
2019-10-25 11:07:58,402 [f6cfa8a2-85ff-4bb9-a246-101c53d2d47b@group-49E82E920F3F-LeaderElection585] INFO  impl.RaftServerImpl (RaftServerImpl.java:setRole(184)) - f6cfa8a2-85ff-4bb9-a246-101c53d2d47b@group-49E82E920F3F: changes role from CANDIDATE to FOLLOWER at term 173 for DISCOVERED_A_NEW_TERM
2019-10-25 11:07:58,402 [f6cfa8a2-85ff-4bb9-a246-101c53d2d47b@group-49E82E920F3F-LeaderElection585] INFO  impl.RoleInfo (RoleInfo.java:shutdownLeaderElection(134)) - f6cfa8a2-85ff-4bb9-a246-101c53d2d47b: shutdown LeaderElection
2019-10-25 11:07:58,402 [f6cfa8a2-85ff-4bb9-a246-101c53d2d47b@group-49E82E920F3F-LeaderElection585] INFO  impl.RoleInfo (RoleInfo.java:updateAndGet(143)) - f6cfa8a2-85ff-4bb9-a246-101c53d2d47b: start FollowerState
2019-10-25 11:07:58,465 [java.util.concurrent.ThreadPoolExecutor$Worker@3e501297[State = -1, empty queue]] WARN  server.GrpcLogAppender (GrpcLogAppender.java:timeoutAppendRequest(209)) - 8a2c850d-503a-4b6a-9325-357a6554e10c@group-B334D6EBB589->e8f52f97-4cbf-4021-bc09-65b78a9dc21b-GrpcLogAppender: appendEntries Timeout, request=8a2c850d-503a-4b6a-9325-357a6554e10c->e8f52f97-4cbf-4021-bc09-65b78a9dc21b#37-t1, previous=(t:1, i:0), leaderCommit=0, initializing? false, entries: <empty>
2019-10-25 11:07:58,470 [Thread-4901] INFO  impl.FollowerState (FollowerState.java:run(108)) - f6cfa8a2-85ff-4bb9-a246-101c53d2d47b@group-49E82E920F3F-FollowerState: change to CANDIDATE, lastRpcTime:67ms, electionTimeout:67ms
2019-10-25 11:07:58,470 [Thread-4901] INFO  impl.RoleInfo (RoleInfo.java:shutdownFollowerState(121)) - f6cfa8a2-85ff-4bb9-a246-101c53d2d47b: shutdown FollowerState
2019-10-25 11:07:58,470 [Thread-4901] INFO  impl.RaftServerImpl (RaftServerImpl.java:setRole(184)) - f6cfa8a2-85ff-4bb9-a246-101c53d2d47b@group-49E82E920F3F: changes role from  FOLLOWER to CANDIDATE at term 173 for changeToCandidate
2019-10-25 11:07:58,470 [Thread-4901] INFO  impl.RoleInfo (RoleInfo.java:updateAndGet(143)) - f6cfa8a2-85ff-4bb9-a246-101c53d2d47b: start LeaderElection
2019-10-25 11:07:58,483 [f6cfa8a2-85ff-4bb9-a246-101c53d2d47b@group-49E82E920F3F-LeaderElection586] INFO  impl.LeaderElection (LeaderElection.java:askForVotes(178)) - f6cfa8a2-85ff-4bb9-a246-101c53d2d47b@group-49E82E920F3F-LeaderElection586: begin an election at term 174 for -1: [7fad1e98-7a6b-4998-a30c-ec1ab88068bc:192.168.157.233:35716, bdb27072-dd00-4d3b-a7da-41600e490ca3:192.168.157.233:42906, f6cfa8a2-85ff-4bb9-a246-101c53d2d47b:192.168.157.233:44618], old=null
2019-10-25 11:07:58,484 [f6cfa8a2-85ff-4bb9-a246-101c53d2d47b@group-49E82E920F3F-LeaderElection586] INFO  impl.LeaderElection (LogUtils.java:infoOrTrace(149)) - f6cfa8a2-85ff-4bb9-a246-101c53d2d47b@group-49E82E920F3F-LeaderElection586 got exception when requesting votes: {}
java.util.concurrent.ExecutionException: org.apache.ratis.thirdparty.io.grpc.StatusRuntimeException: UNAVAILABLE: io exception
	at java.util.concurrent.FutureTask.report(FutureTask.java:122)
	at java.util.concurrent.FutureTask.get(FutureTask.java:192)
	at org.apache.ratis.server.impl.LeaderElection.waitForResults(LeaderElection.java:259)
	at org.apache.ratis.server.impl.LeaderElection.askForVotes(LeaderElection.java:197)
	at org.apache.ratis.server.impl.LeaderElection.run(LeaderElection.java:133)
	at java.lang.Thread.run(Thread.java:748)
Caused by: org.apache.ratis.thirdparty.io.grpc.StatusRuntimeException: UNAVAILABLE: io exception
	at org.apache.ratis.thirdparty.io.grpc.stub.ClientCalls.toStatusRuntimeException(ClientCalls.java:233)
	at org.apache.ratis.thirdparty.io.grpc.stub.ClientCalls.getUnchecked(ClientCalls.java:214)
	at org.apache.ratis.thirdparty.io.grpc.stub.ClientCalls.blockingUnaryCall(ClientCalls.java:139)
	at org.apache.ratis.proto.grpc.RaftServerProtocolServiceGrpc$RaftServerProtocolServiceBlockingStub.requestVote(RaftServerProtocolServiceGrpc.java:265)
	at org.apache.ratis.grpc.server.GrpcServerProtocolClient.requestVote(GrpcServerProtocolClient.java:99)
	at org.apache.ratis.grpc.server.GrpcService.requestVote(GrpcService.java:204)
	at org.apache.ratis.server.impl.LeaderElection.lambda$submitRequests$1(LeaderElection.java:234)
	at java.util.concurrent.FutureTask.run(FutureTask.java:266)
	at java.util.concurrent.Executors$RunnableAdapter.call(Executors.java:511)
	at java.util.concurrent.FutureTask.run(FutureTask.java:266)
	at java.util.concurrent.ThreadPoolExecutor.runWorker(ThreadPoolExecutor.java:1149)
	at java.util.concurrent.ThreadPoolExecutor$Worker.run(ThreadPoolExecutor.java:624)
	... 1 more
Caused by: org.apache.ratis.thirdparty.io.netty.channel.AbstractChannel$AnnotatedConnectException: Connection refused: /192.168.157.233:35716
	at sun.nio.ch.SocketChannelImpl.checkConnect(Native Method)
	at sun.nio.ch.SocketChannelImpl.finishConnect(SocketChannelImpl.java:717)
	at org.apache.ratis.thirdparty.io.netty.channel.socket.nio.NioSocketChannel.doFinishConnect(NioSocketChannel.java:327)
	at org.apache.ratis.thirdparty.io.netty.channel.nio.AbstractNioChannel$AbstractNioUnsafe.finishConnect(AbstractNioChannel.java:340)
	at org.apache.ratis.thirdparty.io.netty.channel.nio.NioEventLoop.processSelectedKey(NioEventLoop.java:632)
	at org.apache.ratis.thirdparty.io.netty.channel.nio.NioEventLoop.processSelectedKeysOptimized(NioEventLoop.java:579)
	at org.apache.ratis.thirdparty.io.netty.channel.nio.NioEventLoop.processSelectedKeys(NioEventLoop.java:496)
	at org.apache.ratis.thirdparty.io.netty.channel.nio.NioEventLoop.run(NioEventLoop.java:458)
	at org.apache.ratis.thirdparty.io.netty.util.concurrent.SingleThreadEventExecutor$5.run(SingleThreadEventExecutor.java:897)
	at org.apache.ratis.thirdparty.io.netty.util.concurrent.FastThreadLocalRunnable.run(FastThreadLocalRunnable.java:30)
	... 1 more
Caused by: java.net.ConnectException: Connection refused
	... 11 more
2019-10-25 11:07:58,486 [grpc-default-executor-4] INFO  impl.RaftServerImpl (RaftServerImpl.java:setRole(184)) - bdb27072-dd00-4d3b-a7da-41600e490ca3@group-49E82E920F3F: changes role from  FOLLOWER to FOLLOWER at term 174 for recognizeCandidate:f6cfa8a2-85ff-4bb9-a246-101c53d2d47b
2019-10-25 11:07:58,487 [grpc-default-executor-4] INFO  impl.RoleInfo (RoleInfo.java:shutdownFollowerState(121)) - bdb27072-dd00-4d3b-a7da-41600e490ca3: shutdown FollowerState
2019-10-25 11:07:58,487 [grpc-default-executor-4] INFO  impl.RoleInfo (RoleInfo.java:updateAndGet(143)) - bdb27072-dd00-4d3b-a7da-41600e490ca3: start FollowerState
2019-10-25 11:07:58,487 [Thread-4900] INFO  impl.FollowerState (FollowerState.java:run(117)) - bdb27072-dd00-4d3b-a7da-41600e490ca3@group-49E82E920F3F-FollowerState was interrupted: java.lang.InterruptedException: sleep interrupted
2019-10-25 11:07:58,527 [f6cfa8a2-85ff-4bb9-a246-101c53d2d47b@group-49E82E920F3F-LeaderElection586] INFO  impl.LeaderElection (LeaderElection.java:logAndReturn(56)) - f6cfa8a2-85ff-4bb9-a246-101c53d2d47b@group-49E82E920F3F-LeaderElection586: Election REJECTED; received 1 response(s) [f6cfa8a2-85ff-4bb9-a246-101c53d2d47b<-bdb27072-dd00-4d3b-a7da-41600e490ca3#0:FAIL-t174] and 1 exception(s); f6cfa8a2-85ff-4bb9-a246-101c53d2d47b@group-49E82E920F3F:t174, leader=null, voted=f6cfa8a2-85ff-4bb9-a246-101c53d2d47b, raftlog=f6cfa8a2-85ff-4bb9-a246-101c53d2d47b@group-49E82E920F3F-SegmentedRaftLog:OPENED:c-1,f-1,i0, conf=-1: [7fad1e98-7a6b-4998-a30c-ec1ab88068bc:192.168.157.233:35716, bdb27072-dd00-4d3b-a7da-41600e490ca3:192.168.157.233:42906, f6cfa8a2-85ff-4bb9-a246-101c53d2d47b:192.168.157.233:44618], old=null
2019-10-25 11:07:58,527 [f6cfa8a2-85ff-4bb9-a246-101c53d2d47b@group-49E82E920F3F-LeaderElection586] INFO  impl.LeaderElection (LogUtils.java:infoOrTrace(149)) -   Exception 0: {}
java.util.concurrent.ExecutionException: org.apache.ratis.thirdparty.io.grpc.StatusRuntimeException: UNAVAILABLE: io exception
	at java.util.concurrent.FutureTask.report(FutureTask.java:122)
	at java.util.concurrent.FutureTask.get(FutureTask.java:192)
	at org.apache.ratis.server.impl.LeaderElection.waitForResults(LeaderElection.java:259)
	at org.apache.ratis.server.impl.LeaderElection.askForVotes(LeaderElection.java:197)
	at org.apache.ratis.server.impl.LeaderElection.run(LeaderElection.java:133)
	at java.lang.Thread.run(Thread.java:748)
Caused by: org.apache.ratis.thirdparty.io.grpc.StatusRuntimeException: UNAVAILABLE: io exception
	at org.apache.ratis.thirdparty.io.grpc.stub.ClientCalls.toStatusRuntimeException(ClientCalls.java:233)
	at org.apache.ratis.thirdparty.io.grpc.stub.ClientCalls.getUnchecked(ClientCalls.java:214)
	at org.apache.ratis.thirdparty.io.grpc.stub.ClientCalls.blockingUnaryCall(ClientCalls.java:139)
	at org.apache.ratis.proto.grpc.RaftServerProtocolServiceGrpc$RaftServerProtocolServiceBlockingStub.requestVote(RaftServerProtocolServiceGrpc.java:265)
	at org.apache.ratis.grpc.server.GrpcServerProtocolClient.requestVote(GrpcServerProtocolClient.java:99)
	at org.apache.ratis.grpc.server.GrpcService.requestVote(GrpcService.java:204)
	at org.apache.ratis.server.impl.LeaderElection.lambda$submitRequests$1(LeaderElection.java:234)
	at java.util.concurrent.FutureTask.run(FutureTask.java:266)
	at java.util.concurrent.Executors$RunnableAdapter.call(Executors.java:511)
	at java.util.concurrent.FutureTask.run(FutureTask.java:266)
	at java.util.concurrent.ThreadPoolExecutor.runWorker(ThreadPoolExecutor.java:1149)
	at java.util.concurrent.ThreadPoolExecutor$Worker.run(ThreadPoolExecutor.java:624)
	... 1 more
Caused by: org.apache.ratis.thirdparty.io.netty.channel.AbstractChannel$AnnotatedConnectException: Connection refused: /192.168.157.233:35716
	at sun.nio.ch.SocketChannelImpl.checkConnect(Native Method)
	at sun.nio.ch.SocketChannelImpl.finishConnect(SocketChannelImpl.java:717)
	at org.apache.ratis.thirdparty.io.netty.channel.socket.nio.NioSocketChannel.doFinishConnect(NioSocketChannel.java:327)
	at org.apache.ratis.thirdparty.io.netty.channel.nio.AbstractNioChannel$AbstractNioUnsafe.finishConnect(AbstractNioChannel.java:340)
	at org.apache.ratis.thirdparty.io.netty.channel.nio.NioEventLoop.processSelectedKey(NioEventLoop.java:632)
	at org.apache.ratis.thirdparty.io.netty.channel.nio.NioEventLoop.processSelectedKeysOptimized(NioEventLoop.java:579)
	at org.apache.ratis.thirdparty.io.netty.channel.nio.NioEventLoop.processSelectedKeys(NioEventLoop.java:496)
	at org.apache.ratis.thirdparty.io.netty.channel.nio.NioEventLoop.run(NioEventLoop.java:458)
	at org.apache.ratis.thirdparty.io.netty.util.concurrent.SingleThreadEventExecutor$5.run(SingleThreadEventExecutor.java:897)
	at org.apache.ratis.thirdparty.io.netty.util.concurrent.FastThreadLocalRunnable.run(FastThreadLocalRunnable.java:30)
	... 1 more
Caused by: java.net.ConnectException: Connection refused
	... 11 more
2019-10-25 11:07:58,527 [f6cfa8a2-85ff-4bb9-a246-101c53d2d47b@group-49E82E920F3F-LeaderElection586] INFO  impl.RaftServerImpl (RaftServerImpl.java:setRole(184)) - f6cfa8a2-85ff-4bb9-a246-101c53d2d47b@group-49E82E920F3F: changes role from CANDIDATE to FOLLOWER at term 174 for DISCOVERED_A_NEW_TERM
2019-10-25 11:07:58,527 [f6cfa8a2-85ff-4bb9-a246-101c53d2d47b@group-49E82E920F3F-LeaderElection586] INFO  impl.RoleInfo (RoleInfo.java:shutdownLeaderElection(134)) - f6cfa8a2-85ff-4bb9-a246-101c53d2d47b: shutdown LeaderElection
2019-10-25 11:07:58,527 [f6cfa8a2-85ff-4bb9-a246-101c53d2d47b@group-49E82E920F3F-LeaderElection586] INFO  impl.RoleInfo (RoleInfo.java:updateAndGet(143)) - f6cfa8a2-85ff-4bb9-a246-101c53d2d47b: start FollowerState
2019-10-25 11:07:58,633 [Thread-4907] INFO  impl.FollowerState (FollowerState.java:run(108)) - f6cfa8a2-85ff-4bb9-a246-101c53d2d47b@group-49E82E920F3F-FollowerState: change to CANDIDATE, lastRpcTime:105ms, electionTimeout:105ms
2019-10-25 11:07:58,633 [Thread-4907] INFO  impl.RoleInfo (RoleInfo.java:shutdownFollowerState(121)) - f6cfa8a2-85ff-4bb9-a246-101c53d2d47b: shutdown FollowerState
2019-10-25 11:07:58,633 [Thread-4907] INFO  impl.RaftServerImpl (RaftServerImpl.java:setRole(184)) - f6cfa8a2-85ff-4bb9-a246-101c53d2d47b@group-49E82E920F3F: changes role from  FOLLOWER to CANDIDATE at term 174 for changeToCandidate
2019-10-25 11:07:58,634 [Thread-4907] INFO  impl.RoleInfo (RoleInfo.java:updateAndGet(143)) - f6cfa8a2-85ff-4bb9-a246-101c53d2d47b: start LeaderElection
2019-10-25 11:07:58,648 [f6cfa8a2-85ff-4bb9-a246-101c53d2d47b@group-49E82E920F3F-LeaderElection587] INFO  impl.LeaderElection (LeaderElection.java:askForVotes(178)) - f6cfa8a2-85ff-4bb9-a246-101c53d2d47b@group-49E82E920F3F-LeaderElection587: begin an election at term 175 for -1: [7fad1e98-7a6b-4998-a30c-ec1ab88068bc:192.168.157.233:35716, bdb27072-dd00-4d3b-a7da-41600e490ca3:192.168.157.233:42906, f6cfa8a2-85ff-4bb9-a246-101c53d2d47b:192.168.157.233:44618], old=null
2019-10-25 11:07:58,650 [f6cfa8a2-85ff-4bb9-a246-101c53d2d47b@group-49E82E920F3F-LeaderElection587] INFO  impl.LeaderElection (LogUtils.java:infoOrTrace(149)) - f6cfa8a2-85ff-4bb9-a246-101c53d2d47b@group-49E82E920F3F-LeaderElection587 got exception when requesting votes: {}
java.util.concurrent.ExecutionException: org.apache.ratis.thirdparty.io.grpc.StatusRuntimeException: UNAVAILABLE: io exception
	at java.util.concurrent.FutureTask.report(FutureTask.java:122)
	at java.util.concurrent.FutureTask.get(FutureTask.java:192)
	at org.apache.ratis.server.impl.LeaderElection.waitForResults(LeaderElection.java:259)
	at org.apache.ratis.server.impl.LeaderElection.askForVotes(LeaderElection.java:197)
	at org.apache.ratis.server.impl.LeaderElection.run(LeaderElection.java:133)
	at java.lang.Thread.run(Thread.java:748)
Caused by: org.apache.ratis.thirdparty.io.grpc.StatusRuntimeException: UNAVAILABLE: io exception
	at org.apache.ratis.thirdparty.io.grpc.stub.ClientCalls.toStatusRuntimeException(ClientCalls.java:233)
	at org.apache.ratis.thirdparty.io.grpc.stub.ClientCalls.getUnchecked(ClientCalls.java:214)
	at org.apache.ratis.thirdparty.io.grpc.stub.ClientCalls.blockingUnaryCall(ClientCalls.java:139)
	at org.apache.ratis.proto.grpc.RaftServerProtocolServiceGrpc$RaftServerProtocolServiceBlockingStub.requestVote(RaftServerProtocolServiceGrpc.java:265)
	at org.apache.ratis.grpc.server.GrpcServerProtocolClient.requestVote(GrpcServerProtocolClient.java:99)
	at org.apache.ratis.grpc.server.GrpcService.requestVote(GrpcService.java:204)
	at org.apache.ratis.server.impl.LeaderElection.lambda$submitRequests$1(LeaderElection.java:234)
	at java.util.concurrent.FutureTask.run(FutureTask.java:266)
	at java.util.concurrent.Executors$RunnableAdapter.call(Executors.java:511)
	at java.util.concurrent.FutureTask.run(FutureTask.java:266)
	at java.util.concurrent.ThreadPoolExecutor.runWorker(ThreadPoolExecutor.java:1149)
	at java.util.concurrent.ThreadPoolExecutor$Worker.run(ThreadPoolExecutor.java:624)
	... 1 more
Caused by: org.apache.ratis.thirdparty.io.netty.channel.AbstractChannel$AnnotatedConnectException: Connection refused: /192.168.157.233:35716
	at sun.nio.ch.SocketChannelImpl.checkConnect(Native Method)
	at sun.nio.ch.SocketChannelImpl.finishConnect(SocketChannelImpl.java:717)
	at org.apache.ratis.thirdparty.io.netty.channel.socket.nio.NioSocketChannel.doFinishConnect(NioSocketChannel.java:327)
	at org.apache.ratis.thirdparty.io.netty.channel.nio.AbstractNioChannel$AbstractNioUnsafe.finishConnect(AbstractNioChannel.java:340)
	at org.apache.ratis.thirdparty.io.netty.channel.nio.NioEventLoop.processSelectedKey(NioEventLoop.java:632)
	at org.apache.ratis.thirdparty.io.netty.channel.nio.NioEventLoop.processSelectedKeysOptimized(NioEventLoop.java:579)
	at org.apache.ratis.thirdparty.io.netty.channel.nio.NioEventLoop.processSelectedKeys(NioEventLoop.java:496)
	at org.apache.ratis.thirdparty.io.netty.channel.nio.NioEventLoop.run(NioEventLoop.java:458)
	at org.apache.ratis.thirdparty.io.netty.util.concurrent.SingleThreadEventExecutor$5.run(SingleThreadEventExecutor.java:897)
	at org.apache.ratis.thirdparty.io.netty.util.concurrent.FastThreadLocalRunnable.run(FastThreadLocalRunnable.java:30)
	... 1 more
Caused by: java.net.ConnectException: Connection refused
	... 11 more
2019-10-25 11:07:58,656 [grpc-default-executor-4] INFO  impl.RaftServerImpl (RaftServerImpl.java:setRole(184)) - bdb27072-dd00-4d3b-a7da-41600e490ca3@group-49E82E920F3F: changes role from  FOLLOWER to FOLLOWER at term 175 for recognizeCandidate:f6cfa8a2-85ff-4bb9-a246-101c53d2d47b
2019-10-25 11:07:58,657 [grpc-default-executor-4] INFO  impl.RoleInfo (RoleInfo.java:shutdownFollowerState(121)) - bdb27072-dd00-4d3b-a7da-41600e490ca3: shutdown FollowerState
2019-10-25 11:07:58,657 [grpc-default-executor-4] INFO  impl.RoleInfo (RoleInfo.java:updateAndGet(143)) - bdb27072-dd00-4d3b-a7da-41600e490ca3: start FollowerState
2019-10-25 11:07:58,657 [Thread-4906] INFO  impl.FollowerState (FollowerState.java:run(117)) - bdb27072-dd00-4d3b-a7da-41600e490ca3@group-49E82E920F3F-FollowerState was interrupted: java.lang.InterruptedException: sleep interrupted
2019-10-25 11:07:58,673 [f6cfa8a2-85ff-4bb9-a246-101c53d2d47b@group-49E82E920F3F-LeaderElection587] INFO  impl.LeaderElection (LeaderElection.java:logAndReturn(56)) - f6cfa8a2-85ff-4bb9-a246-101c53d2d47b@group-49E82E920F3F-LeaderElection587: Election REJECTED; received 1 response(s) [f6cfa8a2-85ff-4bb9-a246-101c53d2d47b<-bdb27072-dd00-4d3b-a7da-41600e490ca3#0:FAIL-t175] and 1 exception(s); f6cfa8a2-85ff-4bb9-a246-101c53d2d47b@group-49E82E920F3F:t175, leader=null, voted=f6cfa8a2-85ff-4bb9-a246-101c53d2d47b, raftlog=f6cfa8a2-85ff-4bb9-a246-101c53d2d47b@group-49E82E920F3F-SegmentedRaftLog:OPENED:c-1,f-1,i0, conf=-1: [7fad1e98-7a6b-4998-a30c-ec1ab88068bc:192.168.157.233:35716, bdb27072-dd00-4d3b-a7da-41600e490ca3:192.168.157.233:42906, f6cfa8a2-85ff-4bb9-a246-101c53d2d47b:192.168.157.233:44618], old=null
2019-10-25 11:07:58,674 [f6cfa8a2-85ff-4bb9-a246-101c53d2d47b@group-49E82E920F3F-LeaderElection587] INFO  impl.LeaderElection (LogUtils.java:infoOrTrace(149)) -   Exception 0: {}
java.util.concurrent.ExecutionException: org.apache.ratis.thirdparty.io.grpc.StatusRuntimeException: UNAVAILABLE: io exception
	at java.util.concurrent.FutureTask.report(FutureTask.java:122)
	at java.util.concurrent.FutureTask.get(FutureTask.java:192)
	at org.apache.ratis.server.impl.LeaderElection.waitForResults(LeaderElection.java:259)
	at org.apache.ratis.server.impl.LeaderElection.askForVotes(LeaderElection.java:197)
	at org.apache.ratis.server.impl.LeaderElection.run(LeaderElection.java:133)
	at java.lang.Thread.run(Thread.java:748)
Caused by: org.apache.ratis.thirdparty.io.grpc.StatusRuntimeException: UNAVAILABLE: io exception
	at org.apache.ratis.thirdparty.io.grpc.stub.ClientCalls.toStatusRuntimeException(ClientCalls.java:233)
	at org.apache.ratis.thirdparty.io.grpc.stub.ClientCalls.getUnchecked(ClientCalls.java:214)
	at org.apache.ratis.thirdparty.io.grpc.stub.ClientCalls.blockingUnaryCall(ClientCalls.java:139)
	at org.apache.ratis.proto.grpc.RaftServerProtocolServiceGrpc$RaftServerProtocolServiceBlockingStub.requestVote(RaftServerProtocolServiceGrpc.java:265)
	at org.apache.ratis.grpc.server.GrpcServerProtocolClient.requestVote(GrpcServerProtocolClient.java:99)
	at org.apache.ratis.grpc.server.GrpcService.requestVote(GrpcService.java:204)
	at org.apache.ratis.server.impl.LeaderElection.lambda$submitRequests$1(LeaderElection.java:234)
	at java.util.concurrent.FutureTask.run(FutureTask.java:266)
	at java.util.concurrent.Executors$RunnableAdapter.call(Executors.java:511)
	at java.util.concurrent.FutureTask.run(FutureTask.java:266)
	at java.util.concurrent.ThreadPoolExecutor.runWorker(ThreadPoolExecutor.java:1149)
	at java.util.concurrent.ThreadPoolExecutor$Worker.run(ThreadPoolExecutor.java:624)
	... 1 more
Caused by: org.apache.ratis.thirdparty.io.netty.channel.AbstractChannel$AnnotatedConnectException: Connection refused: /192.168.157.233:35716
	at sun.nio.ch.SocketChannelImpl.checkConnect(Native Method)
	at sun.nio.ch.SocketChannelImpl.finishConnect(SocketChannelImpl.java:717)
	at org.apache.ratis.thirdparty.io.netty.channel.socket.nio.NioSocketChannel.doFinishConnect(NioSocketChannel.java:327)
	at org.apache.ratis.thirdparty.io.netty.channel.nio.AbstractNioChannel$AbstractNioUnsafe.finishConnect(AbstractNioChannel.java:340)
	at org.apache.ratis.thirdparty.io.netty.channel.nio.NioEventLoop.processSelectedKey(NioEventLoop.java:632)
	at org.apache.ratis.thirdparty.io.netty.channel.nio.NioEventLoop.processSelectedKeysOptimized(NioEventLoop.java:579)
	at org.apache.ratis.thirdparty.io.netty.channel.nio.NioEventLoop.processSelectedKeys(NioEventLoop.java:496)
	at org.apache.ratis.thirdparty.io.netty.channel.nio.NioEventLoop.run(NioEventLoop.java:458)
	at org.apache.ratis.thirdparty.io.netty.util.concurrent.SingleThreadEventExecutor$5.run(SingleThreadEventExecutor.java:897)
	at org.apache.ratis.thirdparty.io.netty.util.concurrent.FastThreadLocalRunnable.run(FastThreadLocalRunnable.java:30)
	... 1 more
Caused by: java.net.ConnectException: Connection refused
	... 11 more
2019-10-25 11:07:58,674 [f6cfa8a2-85ff-4bb9-a246-101c53d2d47b@group-49E82E920F3F-LeaderElection587] INFO  impl.RaftServerImpl (RaftServerImpl.java:setRole(184)) - f6cfa8a2-85ff-4bb9-a246-101c53d2d47b@group-49E82E920F3F: changes role from CANDIDATE to FOLLOWER at term 175 for DISCOVERED_A_NEW_TERM
2019-10-25 11:07:58,674 [f6cfa8a2-85ff-4bb9-a246-101c53d2d47b@group-49E82E920F3F-LeaderElection587] INFO  impl.RoleInfo (RoleInfo.java:shutdownLeaderElection(134)) - f6cfa8a2-85ff-4bb9-a246-101c53d2d47b: shutdown LeaderElection
2019-10-25 11:07:58,674 [f6cfa8a2-85ff-4bb9-a246-101c53d2d47b@group-49E82E920F3F-LeaderElection587] INFO  impl.RoleInfo (RoleInfo.java:updateAndGet(143)) - f6cfa8a2-85ff-4bb9-a246-101c53d2d47b: start FollowerState
2019-10-25 11:07:58,677 [Thread-4912] INFO  impl.FollowerState (FollowerState.java:run(108)) - f6cfa8a2-85ff-4bb9-a246-101c53d2d47b@group-49E82E920F3F-FollowerState: change to CANDIDATE, lastRpcTime:2ms, electionTimeout:2ms
2019-10-25 11:07:58,677 [Thread-4912] INFO  impl.RoleInfo (RoleInfo.java:shutdownFollowerState(121)) - f6cfa8a2-85ff-4bb9-a246-101c53d2d47b: shutdown FollowerState
2019-10-25 11:07:58,677 [Thread-4912] INFO  impl.RaftServerImpl (RaftServerImpl.java:setRole(184)) - f6cfa8a2-85ff-4bb9-a246-101c53d2d47b@group-49E82E920F3F: changes role from  FOLLOWER to CANDIDATE at term 175 for changeToCandidate
2019-10-25 11:07:58,677 [Thread-4912] INFO  impl.RoleInfo (RoleInfo.java:updateAndGet(143)) - f6cfa8a2-85ff-4bb9-a246-101c53d2d47b: start LeaderElection
2019-10-25 11:07:58,690 [f6cfa8a2-85ff-4bb9-a246-101c53d2d47b@group-49E82E920F3F-LeaderElection588] INFO  impl.LeaderElection (LeaderElection.java:askForVotes(178)) - f6cfa8a2-85ff-4bb9-a246-101c53d2d47b@group-49E82E920F3F-LeaderElection588: begin an election at term 176 for -1: [7fad1e98-7a6b-4998-a30c-ec1ab88068bc:192.168.157.233:35716, bdb27072-dd00-4d3b-a7da-41600e490ca3:192.168.157.233:42906, f6cfa8a2-85ff-4bb9-a246-101c53d2d47b:192.168.157.233:44618], old=null
2019-10-25 11:07:58,691 [f6cfa8a2-85ff-4bb9-a246-101c53d2d47b@group-49E82E920F3F-LeaderElection588] INFO  impl.LeaderElection (LogUtils.java:infoOrTrace(149)) - f6cfa8a2-85ff-4bb9-a246-101c53d2d47b@group-49E82E920F3F-LeaderElection588 got exception when requesting votes: {}
java.util.concurrent.ExecutionException: org.apache.ratis.thirdparty.io.grpc.StatusRuntimeException: UNAVAILABLE: io exception
	at java.util.concurrent.FutureTask.report(FutureTask.java:122)
	at java.util.concurrent.FutureTask.get(FutureTask.java:192)
	at org.apache.ratis.server.impl.LeaderElection.waitForResults(LeaderElection.java:259)
	at org.apache.ratis.server.impl.LeaderElection.askForVotes(LeaderElection.java:197)
	at org.apache.ratis.server.impl.LeaderElection.run(LeaderElection.java:133)
	at java.lang.Thread.run(Thread.java:748)
Caused by: org.apache.ratis.thirdparty.io.grpc.StatusRuntimeException: UNAVAILABLE: io exception
	at org.apache.ratis.thirdparty.io.grpc.stub.ClientCalls.toStatusRuntimeException(ClientCalls.java:233)
	at org.apache.ratis.thirdparty.io.grpc.stub.ClientCalls.getUnchecked(ClientCalls.java:214)
	at org.apache.ratis.thirdparty.io.grpc.stub.ClientCalls.blockingUnaryCall(ClientCalls.java:139)
	at org.apache.ratis.proto.grpc.RaftServerProtocolServiceGrpc$RaftServerProtocolServiceBlockingStub.requestVote(RaftServerProtocolServiceGrpc.java:265)
	at org.apache.ratis.grpc.server.GrpcServerProtocolClient.requestVote(GrpcServerProtocolClient.java:99)
	at org.apache.ratis.grpc.server.GrpcService.requestVote(GrpcService.java:204)
	at org.apache.ratis.server.impl.LeaderElection.lambda$submitRequests$1(LeaderElection.java:234)
	at java.util.concurrent.FutureTask.run(FutureTask.java:266)
	at java.util.concurrent.Executors$RunnableAdapter.call(Executors.java:511)
	at java.util.concurrent.FutureTask.run(FutureTask.java:266)
	at java.util.concurrent.ThreadPoolExecutor.runWorker(ThreadPoolExecutor.java:1149)
	at java.util.concurrent.ThreadPoolExecutor$Worker.run(ThreadPoolExecutor.java:624)
	... 1 more
Caused by: org.apache.ratis.thirdparty.io.netty.channel.AbstractChannel$AnnotatedConnectException: Connection refused: /192.168.157.233:35716
	at sun.nio.ch.SocketChannelImpl.checkConnect(Native Method)
	at sun.nio.ch.SocketChannelImpl.finishConnect(SocketChannelImpl.java:717)
	at org.apache.ratis.thirdparty.io.netty.channel.socket.nio.NioSocketChannel.doFinishConnect(NioSocketChannel.java:327)
	at org.apache.ratis.thirdparty.io.netty.channel.nio.AbstractNioChannel$AbstractNioUnsafe.finishConnect(AbstractNioChannel.java:340)
	at org.apache.ratis.thirdparty.io.netty.channel.nio.NioEventLoop.processSelectedKey(NioEventLoop.java:632)
	at org.apache.ratis.thirdparty.io.netty.channel.nio.NioEventLoop.processSelectedKeysOptimized(NioEventLoop.java:579)
	at org.apache.ratis.thirdparty.io.netty.channel.nio.NioEventLoop.processSelectedKeys(NioEventLoop.java:496)
	at org.apache.ratis.thirdparty.io.netty.channel.nio.NioEventLoop.run(NioEventLoop.java:458)
	at org.apache.ratis.thirdparty.io.netty.util.concurrent.SingleThreadEventExecutor$5.run(SingleThreadEventExecutor.java:897)
	at org.apache.ratis.thirdparty.io.netty.util.concurrent.FastThreadLocalRunnable.run(FastThreadLocalRunnable.java:30)
	... 1 more
Caused by: java.net.ConnectException: Connection refused
	... 11 more
2019-10-25 11:07:58,693 [grpc-default-executor-9] INFO  impl.RaftServerImpl (RaftServerImpl.java:setRole(184)) - bdb27072-dd00-4d3b-a7da-41600e490ca3@group-49E82E920F3F: changes role from  FOLLOWER to FOLLOWER at term 176 for recognizeCandidate:f6cfa8a2-85ff-4bb9-a246-101c53d2d47b
2019-10-25 11:07:58,693 [grpc-default-executor-9] INFO  impl.RoleInfo (RoleInfo.java:shutdownFollowerState(121)) - bdb27072-dd00-4d3b-a7da-41600e490ca3: shutdown FollowerState
2019-10-25 11:07:58,693 [grpc-default-executor-9] INFO  impl.RoleInfo (RoleInfo.java:updateAndGet(143)) - bdb27072-dd00-4d3b-a7da-41600e490ca3: start FollowerState
2019-10-25 11:07:58,693 [Thread-4911] INFO  impl.FollowerState (FollowerState.java:run(117)) - bdb27072-dd00-4d3b-a7da-41600e490ca3@group-49E82E920F3F-FollowerState was interrupted: java.lang.InterruptedException: sleep interrupted
2019-10-25 11:07:58,706 [f6cfa8a2-85ff-4bb9-a246-101c53d2d47b@group-49E82E920F3F-LeaderElection588] INFO  impl.LeaderElection (LeaderElection.java:logAndReturn(56)) - f6cfa8a2-85ff-4bb9-a246-101c53d2d47b@group-49E82E920F3F-LeaderElection588: Election REJECTED; received 1 response(s) [f6cfa8a2-85ff-4bb9-a246-101c53d2d47b<-bdb27072-dd00-4d3b-a7da-41600e490ca3#0:FAIL-t176] and 1 exception(s); f6cfa8a2-85ff-4bb9-a246-101c53d2d47b@group-49E82E920F3F:t176, leader=null, voted=f6cfa8a2-85ff-4bb9-a246-101c53d2d47b, raftlog=f6cfa8a2-85ff-4bb9-a246-101c53d2d47b@group-49E82E920F3F-SegmentedRaftLog:OPENED:c-1,f-1,i0, conf=-1: [7fad1e98-7a6b-4998-a30c-ec1ab88068bc:192.168.157.233:35716, bdb27072-dd00-4d3b-a7da-41600e490ca3:192.168.157.233:42906, f6cfa8a2-85ff-4bb9-a246-101c53d2d47b:192.168.157.233:44618], old=null
2019-10-25 11:07:58,706 [f6cfa8a2-85ff-4bb9-a246-101c53d2d47b@group-49E82E920F3F-LeaderElection588] INFO  impl.LeaderElection (LogUtils.java:infoOrTrace(149)) -   Exception 0: {}
java.util.concurrent.ExecutionException: org.apache.ratis.thirdparty.io.grpc.StatusRuntimeException: UNAVAILABLE: io exception
	at java.util.concurrent.FutureTask.report(FutureTask.java:122)
	at java.util.concurrent.FutureTask.get(FutureTask.java:192)
	at org.apache.ratis.server.impl.LeaderElection.waitForResults(LeaderElection.java:259)
	at org.apache.ratis.server.impl.LeaderElection.askForVotes(LeaderElection.java:197)
	at org.apache.ratis.server.impl.LeaderElection.run(LeaderElection.java:133)
	at java.lang.Thread.run(Thread.java:748)
Caused by: org.apache.ratis.thirdparty.io.grpc.StatusRuntimeException: UNAVAILABLE: io exception
	at org.apache.ratis.thirdparty.io.grpc.stub.ClientCalls.toStatusRuntimeException(ClientCalls.java:233)
	at org.apache.ratis.thirdparty.io.grpc.stub.ClientCalls.getUnchecked(ClientCalls.java:214)
	at org.apache.ratis.thirdparty.io.grpc.stub.ClientCalls.blockingUnaryCall(ClientCalls.java:139)
	at org.apache.ratis.proto.grpc.RaftServerProtocolServiceGrpc$RaftServerProtocolServiceBlockingStub.requestVote(RaftServerProtocolServiceGrpc.java:265)
	at org.apache.ratis.grpc.server.GrpcServerProtocolClient.requestVote(GrpcServerProtocolClient.java:99)
	at org.apache.ratis.grpc.server.GrpcService.requestVote(GrpcService.java:204)
	at org.apache.ratis.server.impl.LeaderElection.lambda$submitRequests$1(LeaderElection.java:234)
	at java.util.concurrent.FutureTask.run(FutureTask.java:266)
	at java.util.concurrent.Executors$RunnableAdapter.call(Executors.java:511)
	at java.util.concurrent.FutureTask.run(FutureTask.java:266)
	at java.util.concurrent.ThreadPoolExecutor.runWorker(ThreadPoolExecutor.java:1149)
	at java.util.concurrent.ThreadPoolExecutor$Worker.run(ThreadPoolExecutor.java:624)
	... 1 more
Caused by: org.apache.ratis.thirdparty.io.netty.channel.AbstractChannel$AnnotatedConnectException: Connection refused: /192.168.157.233:35716
	at sun.nio.ch.SocketChannelImpl.checkConnect(Native Method)
	at sun.nio.ch.SocketChannelImpl.finishConnect(SocketChannelImpl.java:717)
	at org.apache.ratis.thirdparty.io.netty.channel.socket.nio.NioSocketChannel.doFinishConnect(NioSocketChannel.java:327)
	at org.apache.ratis.thirdparty.io.netty.channel.nio.AbstractNioChannel$AbstractNioUnsafe.finishConnect(AbstractNioChannel.java:340)
	at org.apache.ratis.thirdparty.io.netty.channel.nio.NioEventLoop.processSelectedKey(NioEventLoop.java:632)
	at org.apache.ratis.thirdparty.io.netty.channel.nio.NioEventLoop.processSelectedKeysOptimized(NioEventLoop.java:579)
	at org.apache.ratis.thirdparty.io.netty.channel.nio.NioEventLoop.processSelectedKeys(NioEventLoop.java:496)
	at org.apache.ratis.thirdparty.io.netty.channel.nio.NioEventLoop.run(NioEventLoop.java:458)
	at org.apache.ratis.thirdparty.io.netty.util.concurrent.SingleThreadEventExecutor$5.run(SingleThreadEventExecutor.java:897)
	at org.apache.ratis.thirdparty.io.netty.util.concurrent.FastThreadLocalRunnable.run(FastThreadLocalRunnable.java:30)
	... 1 more
Caused by: java.net.ConnectException: Connection refused
	... 11 more
2019-10-25 11:07:58,707 [f6cfa8a2-85ff-4bb9-a246-101c53d2d47b@group-49E82E920F3F-LeaderElection588] INFO  impl.RaftServerImpl (RaftServerImpl.java:setRole(184)) - f6cfa8a2-85ff-4bb9-a246-101c53d2d47b@group-49E82E920F3F: changes role from CANDIDATE to FOLLOWER at term 176 for DISCOVERED_A_NEW_TERM
2019-10-25 11:07:58,707 [f6cfa8a2-85ff-4bb9-a246-101c53d2d47b@group-49E82E920F3F-LeaderElection588] INFO  impl.RoleInfo (RoleInfo.java:shutdownLeaderElection(134)) - f6cfa8a2-85ff-4bb9-a246-101c53d2d47b: shutdown LeaderElection
2019-10-25 11:07:58,707 [f6cfa8a2-85ff-4bb9-a246-101c53d2d47b@group-49E82E920F3F-LeaderElection588] INFO  impl.RoleInfo (RoleInfo.java:updateAndGet(143)) - f6cfa8a2-85ff-4bb9-a246-101c53d2d47b: start FollowerState
2019-10-25 11:07:58,836 [Thread-4919] INFO  impl.FollowerState (FollowerState.java:run(108)) - f6cfa8a2-85ff-4bb9-a246-101c53d2d47b@group-49E82E920F3F-FollowerState: change to CANDIDATE, lastRpcTime:129ms, electionTimeout:129ms
2019-10-25 11:07:58,837 [Thread-4919] INFO  impl.RoleInfo (RoleInfo.java:shutdownFollowerState(121)) - f6cfa8a2-85ff-4bb9-a246-101c53d2d47b: shutdown FollowerState
2019-10-25 11:07:58,837 [Thread-4919] INFO  impl.RaftServerImpl (RaftServerImpl.java:setRole(184)) - f6cfa8a2-85ff-4bb9-a246-101c53d2d47b@group-49E82E920F3F: changes role from  FOLLOWER to CANDIDATE at term 176 for changeToCandidate
2019-10-25 11:07:58,837 [Thread-4919] INFO  impl.RoleInfo (RoleInfo.java:updateAndGet(143)) - f6cfa8a2-85ff-4bb9-a246-101c53d2d47b: start LeaderElection
2019-10-25 11:07:58,851 [f6cfa8a2-85ff-4bb9-a246-101c53d2d47b@group-49E82E920F3F-LeaderElection589] INFO  impl.LeaderElection (LeaderElection.java:askForVotes(178)) - f6cfa8a2-85ff-4bb9-a246-101c53d2d47b@group-49E82E920F3F-LeaderElection589: begin an election at term 177 for -1: [7fad1e98-7a6b-4998-a30c-ec1ab88068bc:192.168.157.233:35716, bdb27072-dd00-4d3b-a7da-41600e490ca3:192.168.157.233:42906, f6cfa8a2-85ff-4bb9-a246-101c53d2d47b:192.168.157.233:44618], old=null
2019-10-25 11:07:58,852 [f6cfa8a2-85ff-4bb9-a246-101c53d2d47b@group-49E82E920F3F-LeaderElection589] INFO  impl.LeaderElection (LogUtils.java:infoOrTrace(149)) - f6cfa8a2-85ff-4bb9-a246-101c53d2d47b@group-49E82E920F3F-LeaderElection589 got exception when requesting votes: {}
java.util.concurrent.ExecutionException: org.apache.ratis.thirdparty.io.grpc.StatusRuntimeException: UNAVAILABLE: io exception
	at java.util.concurrent.FutureTask.report(FutureTask.java:122)
	at java.util.concurrent.FutureTask.get(FutureTask.java:192)
	at org.apache.ratis.server.impl.LeaderElection.waitForResults(LeaderElection.java:259)
	at org.apache.ratis.server.impl.LeaderElection.askForVotes(LeaderElection.java:197)
	at org.apache.ratis.server.impl.LeaderElection.run(LeaderElection.java:133)
	at java.lang.Thread.run(Thread.java:748)
Caused by: org.apache.ratis.thirdparty.io.grpc.StatusRuntimeException: UNAVAILABLE: io exception
	at org.apache.ratis.thirdparty.io.grpc.stub.ClientCalls.toStatusRuntimeException(ClientCalls.java:233)
	at org.apache.ratis.thirdparty.io.grpc.stub.ClientCalls.getUnchecked(ClientCalls.java:214)
	at org.apache.ratis.thirdparty.io.grpc.stub.ClientCalls.blockingUnaryCall(ClientCalls.java:139)
	at org.apache.ratis.proto.grpc.RaftServerProtocolServiceGrpc$RaftServerProtocolServiceBlockingStub.requestVote(RaftServerProtocolServiceGrpc.java:265)
	at org.apache.ratis.grpc.server.GrpcServerProtocolClient.requestVote(GrpcServerProtocolClient.java:99)
	at org.apache.ratis.grpc.server.GrpcService.requestVote(GrpcService.java:204)
	at org.apache.ratis.server.impl.LeaderElection.lambda$submitRequests$1(LeaderElection.java:234)
	at java.util.concurrent.FutureTask.run(FutureTask.java:266)
	at java.util.concurrent.Executors$RunnableAdapter.call(Executors.java:511)
	at java.util.concurrent.FutureTask.run(FutureTask.java:266)
	at java.util.concurrent.ThreadPoolExecutor.runWorker(ThreadPoolExecutor.java:1149)
	at java.util.concurrent.ThreadPoolExecutor$Worker.run(ThreadPoolExecutor.java:624)
	... 1 more
Caused by: org.apache.ratis.thirdparty.io.netty.channel.AbstractChannel$AnnotatedConnectException: Connection refused: /192.168.157.233:35716
	at sun.nio.ch.SocketChannelImpl.checkConnect(Native Method)
	at sun.nio.ch.SocketChannelImpl.finishConnect(SocketChannelImpl.java:717)
	at org.apache.ratis.thirdparty.io.netty.channel.socket.nio.NioSocketChannel.doFinishConnect(NioSocketChannel.java:327)
	at org.apache.ratis.thirdparty.io.netty.channel.nio.AbstractNioChannel$AbstractNioUnsafe.finishConnect(AbstractNioChannel.java:340)
	at org.apache.ratis.thirdparty.io.netty.channel.nio.NioEventLoop.processSelectedKey(NioEventLoop.java:632)
	at org.apache.ratis.thirdparty.io.netty.channel.nio.NioEventLoop.processSelectedKeysOptimized(NioEventLoop.java:579)
	at org.apache.ratis.thirdparty.io.netty.channel.nio.NioEventLoop.processSelectedKeys(NioEventLoop.java:496)
	at org.apache.ratis.thirdparty.io.netty.channel.nio.NioEventLoop.run(NioEventLoop.java:458)
	at org.apache.ratis.thirdparty.io.netty.util.concurrent.SingleThreadEventExecutor$5.run(SingleThreadEventExecutor.java:897)
	at org.apache.ratis.thirdparty.io.netty.util.concurrent.FastThreadLocalRunnable.run(FastThreadLocalRunnable.java:30)
	... 1 more
Caused by: java.net.ConnectException: Connection refused
	... 11 more
2019-10-25 11:07:58,854 [grpc-default-executor-9] INFO  impl.RaftServerImpl (RaftServerImpl.java:setRole(184)) - bdb27072-dd00-4d3b-a7da-41600e490ca3@group-49E82E920F3F: changes role from  FOLLOWER to FOLLOWER at term 177 for recognizeCandidate:f6cfa8a2-85ff-4bb9-a246-101c53d2d47b
2019-10-25 11:07:58,855 [grpc-default-executor-9] INFO  impl.RoleInfo (RoleInfo.java:shutdownFollowerState(121)) - bdb27072-dd00-4d3b-a7da-41600e490ca3: shutdown FollowerState
2019-10-25 11:07:58,855 [grpc-default-executor-9] INFO  impl.RoleInfo (RoleInfo.java:updateAndGet(143)) - bdb27072-dd00-4d3b-a7da-41600e490ca3: start FollowerState
2019-10-25 11:07:58,855 [Thread-4918] INFO  impl.FollowerState (FollowerState.java:run(117)) - bdb27072-dd00-4d3b-a7da-41600e490ca3@group-49E82E920F3F-FollowerState was interrupted: java.lang.InterruptedException: sleep interrupted
2019-10-25 11:07:58,870 [f6cfa8a2-85ff-4bb9-a246-101c53d2d47b@group-49E82E920F3F-LeaderElection589] INFO  impl.LeaderElection (LeaderElection.java:logAndReturn(56)) - f6cfa8a2-85ff-4bb9-a246-101c53d2d47b@group-49E82E920F3F-LeaderElection589: Election REJECTED; received 1 response(s) [f6cfa8a2-85ff-4bb9-a246-101c53d2d47b<-bdb27072-dd00-4d3b-a7da-41600e490ca3#0:FAIL-t177] and 1 exception(s); f6cfa8a2-85ff-4bb9-a246-101c53d2d47b@group-49E82E920F3F:t177, leader=null, voted=f6cfa8a2-85ff-4bb9-a246-101c53d2d47b, raftlog=f6cfa8a2-85ff-4bb9-a246-101c53d2d47b@group-49E82E920F3F-SegmentedRaftLog:OPENED:c-1,f-1,i0, conf=-1: [7fad1e98-7a6b-4998-a30c-ec1ab88068bc:192.168.157.233:35716, bdb27072-dd00-4d3b-a7da-41600e490ca3:192.168.157.233:42906, f6cfa8a2-85ff-4bb9-a246-101c53d2d47b:192.168.157.233:44618], old=null
2019-10-25 11:07:58,871 [f6cfa8a2-85ff-4bb9-a246-101c53d2d47b@group-49E82E920F3F-LeaderElection589] INFO  impl.LeaderElection (LogUtils.java:infoOrTrace(149)) -   Exception 0: {}
java.util.concurrent.ExecutionException: org.apache.ratis.thirdparty.io.grpc.StatusRuntimeException: UNAVAILABLE: io exception
	at java.util.concurrent.FutureTask.report(FutureTask.java:122)
	at java.util.concurrent.FutureTask.get(FutureTask.java:192)
	at org.apache.ratis.server.impl.LeaderElection.waitForResults(LeaderElection.java:259)
	at org.apache.ratis.server.impl.LeaderElection.askForVotes(LeaderElection.java:197)
	at org.apache.ratis.server.impl.LeaderElection.run(LeaderElection.java:133)
	at java.lang.Thread.run(Thread.java:748)
Caused by: org.apache.ratis.thirdparty.io.grpc.StatusRuntimeException: UNAVAILABLE: io exception
	at org.apache.ratis.thirdparty.io.grpc.stub.ClientCalls.toStatusRuntimeException(ClientCalls.java:233)
	at org.apache.ratis.thirdparty.io.grpc.stub.ClientCalls.getUnchecked(ClientCalls.java:214)
	at org.apache.ratis.thirdparty.io.grpc.stub.ClientCalls.blockingUnaryCall(ClientCalls.java:139)
	at org.apache.ratis.proto.grpc.RaftServerProtocolServiceGrpc$RaftServerProtocolServiceBlockingStub.requestVote(RaftServerProtocolServiceGrpc.java:265)
	at org.apache.ratis.grpc.server.GrpcServerProtocolClient.requestVote(GrpcServerProtocolClient.java:99)
	at org.apache.ratis.grpc.server.GrpcService.requestVote(GrpcService.java:204)
	at org.apache.ratis.server.impl.LeaderElection.lambda$submitRequests$1(LeaderElection.java:234)
	at java.util.concurrent.FutureTask.run(FutureTask.java:266)
	at java.util.concurrent.Executors$RunnableAdapter.call(Executors.java:511)
	at java.util.concurrent.FutureTask.run(FutureTask.java:266)
	at java.util.concurrent.ThreadPoolExecutor.runWorker(ThreadPoolExecutor.java:1149)
	at java.util.concurrent.ThreadPoolExecutor$Worker.run(ThreadPoolExecutor.java:624)
	... 1 more
Caused by: org.apache.ratis.thirdparty.io.netty.channel.AbstractChannel$AnnotatedConnectException: Connection refused: /192.168.157.233:35716
	at sun.nio.ch.SocketChannelImpl.checkConnect(Native Method)
	at sun.nio.ch.SocketChannelImpl.finishConnect(SocketChannelImpl.java:717)
	at org.apache.ratis.thirdparty.io.netty.channel.socket.nio.NioSocketChannel.doFinishConnect(NioSocketChannel.java:327)
	at org.apache.ratis.thirdparty.io.netty.channel.nio.AbstractNioChannel$AbstractNioUnsafe.finishConnect(AbstractNioChannel.java:340)
	at org.apache.ratis.thirdparty.io.netty.channel.nio.NioEventLoop.processSelectedKey(NioEventLoop.java:632)
	at org.apache.ratis.thirdparty.io.netty.channel.nio.NioEventLoop.processSelectedKeysOptimized(NioEventLoop.java:579)
	at org.apache.ratis.thirdparty.io.netty.channel.nio.NioEventLoop.processSelectedKeys(NioEventLoop.java:496)
	at org.apache.ratis.thirdparty.io.netty.channel.nio.NioEventLoop.run(NioEventLoop.java:458)
	at org.apache.ratis.thirdparty.io.netty.util.concurrent.SingleThreadEventExecutor$5.run(SingleThreadEventExecutor.java:897)
	at org.apache.ratis.thirdparty.io.netty.util.concurrent.FastThreadLocalRunnable.run(FastThreadLocalRunnable.java:30)
	... 1 more
Caused by: java.net.ConnectException: Connection refused
	... 11 more
2019-10-25 11:07:58,871 [f6cfa8a2-85ff-4bb9-a246-101c53d2d47b@group-49E82E920F3F-LeaderElection589] INFO  impl.RaftServerImpl (RaftServerImpl.java:setRole(184)) - f6cfa8a2-85ff-4bb9-a246-101c53d2d47b@group-49E82E920F3F: changes role from CANDIDATE to FOLLOWER at term 177 for DISCOVERED_A_NEW_TERM
2019-10-25 11:07:58,871 [f6cfa8a2-85ff-4bb9-a246-101c53d2d47b@group-49E82E920F3F-LeaderElection589] INFO  impl.RoleInfo (RoleInfo.java:shutdownLeaderElection(134)) - f6cfa8a2-85ff-4bb9-a246-101c53d2d47b: shutdown LeaderElection
2019-10-25 11:07:58,871 [f6cfa8a2-85ff-4bb9-a246-101c53d2d47b@group-49E82E920F3F-LeaderElection589] INFO  impl.RoleInfo (RoleInfo.java:updateAndGet(143)) - f6cfa8a2-85ff-4bb9-a246-101c53d2d47b: start FollowerState
2019-10-25 11:07:58,900 [Thread-4924] INFO  impl.FollowerState (FollowerState.java:run(108)) - f6cfa8a2-85ff-4bb9-a246-101c53d2d47b@group-49E82E920F3F-FollowerState: change to CANDIDATE, lastRpcTime:29ms, electionTimeout:29ms
2019-10-25 11:07:58,901 [Thread-4924] INFO  impl.RoleInfo (RoleInfo.java:shutdownFollowerState(121)) - f6cfa8a2-85ff-4bb9-a246-101c53d2d47b: shutdown FollowerState
2019-10-25 11:07:58,901 [Thread-4924] INFO  impl.RaftServerImpl (RaftServerImpl.java:setRole(184)) - f6cfa8a2-85ff-4bb9-a246-101c53d2d47b@group-49E82E920F3F: changes role from  FOLLOWER to CANDIDATE at term 177 for changeToCandidate
2019-10-25 11:07:58,901 [Thread-4924] INFO  impl.RoleInfo (RoleInfo.java:updateAndGet(143)) - f6cfa8a2-85ff-4bb9-a246-101c53d2d47b: start LeaderElection
2019-10-25 11:07:58,925 [f6cfa8a2-85ff-4bb9-a246-101c53d2d47b@group-49E82E920F3F-LeaderElection590] INFO  impl.LeaderElection (LeaderElection.java:askForVotes(178)) - f6cfa8a2-85ff-4bb9-a246-101c53d2d47b@group-49E82E920F3F-LeaderElection590: begin an election at term 178 for -1: [7fad1e98-7a6b-4998-a30c-ec1ab88068bc:192.168.157.233:35716, bdb27072-dd00-4d3b-a7da-41600e490ca3:192.168.157.233:42906, f6cfa8a2-85ff-4bb9-a246-101c53d2d47b:192.168.157.233:44618], old=null
2019-10-25 11:07:58,926 [f6cfa8a2-85ff-4bb9-a246-101c53d2d47b@group-49E82E920F3F-LeaderElection590] INFO  impl.LeaderElection (LogUtils.java:infoOrTrace(149)) - f6cfa8a2-85ff-4bb9-a246-101c53d2d47b@group-49E82E920F3F-LeaderElection590 got exception when requesting votes: {}
java.util.concurrent.ExecutionException: org.apache.ratis.thirdparty.io.grpc.StatusRuntimeException: UNAVAILABLE: io exception
	at java.util.concurrent.FutureTask.report(FutureTask.java:122)
	at java.util.concurrent.FutureTask.get(FutureTask.java:192)
	at org.apache.ratis.server.impl.LeaderElection.waitForResults(LeaderElection.java:259)
	at org.apache.ratis.server.impl.LeaderElection.askForVotes(LeaderElection.java:197)
	at org.apache.ratis.server.impl.LeaderElection.run(LeaderElection.java:133)
	at java.lang.Thread.run(Thread.java:748)
Caused by: org.apache.ratis.thirdparty.io.grpc.StatusRuntimeException: UNAVAILABLE: io exception
	at org.apache.ratis.thirdparty.io.grpc.stub.ClientCalls.toStatusRuntimeException(ClientCalls.java:233)
	at org.apache.ratis.thirdparty.io.grpc.stub.ClientCalls.getUnchecked(ClientCalls.java:214)
	at org.apache.ratis.thirdparty.io.grpc.stub.ClientCalls.blockingUnaryCall(ClientCalls.java:139)
	at org.apache.ratis.proto.grpc.RaftServerProtocolServiceGrpc$RaftServerProtocolServiceBlockingStub.requestVote(RaftServerProtocolServiceGrpc.java:265)
	at org.apache.ratis.grpc.server.GrpcServerProtocolClient.requestVote(GrpcServerProtocolClient.java:99)
	at org.apache.ratis.grpc.server.GrpcService.requestVote(GrpcService.java:204)
	at org.apache.ratis.server.impl.LeaderElection.lambda$submitRequests$1(LeaderElection.java:234)
	at java.util.concurrent.FutureTask.run(FutureTask.java:266)
	at java.util.concurrent.Executors$RunnableAdapter.call(Executors.java:511)
	at java.util.concurrent.FutureTask.run(FutureTask.java:266)
	at java.util.concurrent.ThreadPoolExecutor.runWorker(ThreadPoolExecutor.java:1149)
	at java.util.concurrent.ThreadPoolExecutor$Worker.run(ThreadPoolExecutor.java:624)
	... 1 more
Caused by: org.apache.ratis.thirdparty.io.netty.channel.AbstractChannel$AnnotatedConnectException: Connection refused: /192.168.157.233:35716
	at sun.nio.ch.SocketChannelImpl.checkConnect(Native Method)
	at sun.nio.ch.SocketChannelImpl.finishConnect(SocketChannelImpl.java:717)
	at org.apache.ratis.thirdparty.io.netty.channel.socket.nio.NioSocketChannel.doFinishConnect(NioSocketChannel.java:327)
	at org.apache.ratis.thirdparty.io.netty.channel.nio.AbstractNioChannel$AbstractNioUnsafe.finishConnect(AbstractNioChannel.java:340)
	at org.apache.ratis.thirdparty.io.netty.channel.nio.NioEventLoop.processSelectedKey(NioEventLoop.java:632)
	at org.apache.ratis.thirdparty.io.netty.channel.nio.NioEventLoop.processSelectedKeysOptimized(NioEventLoop.java:579)
	at org.apache.ratis.thirdparty.io.netty.channel.nio.NioEventLoop.processSelectedKeys(NioEventLoop.java:496)
	at org.apache.ratis.thirdparty.io.netty.channel.nio.NioEventLoop.run(NioEventLoop.java:458)
	at org.apache.ratis.thirdparty.io.netty.util.concurrent.SingleThreadEventExecutor$5.run(SingleThreadEventExecutor.java:897)
	at org.apache.ratis.thirdparty.io.netty.util.concurrent.FastThreadLocalRunnable.run(FastThreadLocalRunnable.java:30)
	... 1 more
Caused by: java.net.ConnectException: Connection refused
	... 11 more
2019-10-25 11:07:58,928 [grpc-default-executor-9] INFO  impl.RaftServerImpl (RaftServerImpl.java:setRole(184)) - bdb27072-dd00-4d3b-a7da-41600e490ca3@group-49E82E920F3F: changes role from  FOLLOWER to FOLLOWER at term 178 for recognizeCandidate:f6cfa8a2-85ff-4bb9-a246-101c53d2d47b
2019-10-25 11:07:58,928 [grpc-default-executor-9] INFO  impl.RoleInfo (RoleInfo.java:shutdownFollowerState(121)) - bdb27072-dd00-4d3b-a7da-41600e490ca3: shutdown FollowerState
2019-10-25 11:07:58,928 [grpc-default-executor-9] INFO  impl.RoleInfo (RoleInfo.java:updateAndGet(143)) - bdb27072-dd00-4d3b-a7da-41600e490ca3: start FollowerState
2019-10-25 11:07:58,928 [Thread-4923] INFO  impl.FollowerState (FollowerState.java:run(117)) - bdb27072-dd00-4d3b-a7da-41600e490ca3@group-49E82E920F3F-FollowerState was interrupted: java.lang.InterruptedException: sleep interrupted
2019-10-25 11:07:58,941 [f6cfa8a2-85ff-4bb9-a246-101c53d2d47b@group-49E82E920F3F-LeaderElection590] INFO  impl.LeaderElection (LeaderElection.java:logAndReturn(56)) - f6cfa8a2-85ff-4bb9-a246-101c53d2d47b@group-49E82E920F3F-LeaderElection590: Election REJECTED; received 1 response(s) [f6cfa8a2-85ff-4bb9-a246-101c53d2d47b<-bdb27072-dd00-4d3b-a7da-41600e490ca3#0:FAIL-t178] and 1 exception(s); f6cfa8a2-85ff-4bb9-a246-101c53d2d47b@group-49E82E920F3F:t178, leader=null, voted=f6cfa8a2-85ff-4bb9-a246-101c53d2d47b, raftlog=f6cfa8a2-85ff-4bb9-a246-101c53d2d47b@group-49E82E920F3F-SegmentedRaftLog:OPENED:c-1,f-1,i0, conf=-1: [7fad1e98-7a6b-4998-a30c-ec1ab88068bc:192.168.157.233:35716, bdb27072-dd00-4d3b-a7da-41600e490ca3:192.168.157.233:42906, f6cfa8a2-85ff-4bb9-a246-101c53d2d47b:192.168.157.233:44618], old=null
2019-10-25 11:07:58,942 [f6cfa8a2-85ff-4bb9-a246-101c53d2d47b@group-49E82E920F3F-LeaderElection590] INFO  impl.LeaderElection (LogUtils.java:infoOrTrace(149)) -   Exception 0: {}
java.util.concurrent.ExecutionException: org.apache.ratis.thirdparty.io.grpc.StatusRuntimeException: UNAVAILABLE: io exception
	at java.util.concurrent.FutureTask.report(FutureTask.java:122)
	at java.util.concurrent.FutureTask.get(FutureTask.java:192)
	at org.apache.ratis.server.impl.LeaderElection.waitForResults(LeaderElection.java:259)
	at org.apache.ratis.server.impl.LeaderElection.askForVotes(LeaderElection.java:197)
	at org.apache.ratis.server.impl.LeaderElection.run(LeaderElection.java:133)
	at java.lang.Thread.run(Thread.java:748)
Caused by: org.apache.ratis.thirdparty.io.grpc.StatusRuntimeException: UNAVAILABLE: io exception
	at org.apache.ratis.thirdparty.io.grpc.stub.ClientCalls.toStatusRuntimeException(ClientCalls.java:233)
	at org.apache.ratis.thirdparty.io.grpc.stub.ClientCalls.getUnchecked(ClientCalls.java:214)
	at org.apache.ratis.thirdparty.io.grpc.stub.ClientCalls.blockingUnaryCall(ClientCalls.java:139)
	at org.apache.ratis.proto.grpc.RaftServerProtocolServiceGrpc$RaftServerProtocolServiceBlockingStub.requestVote(RaftServerProtocolServiceGrpc.java:265)
	at org.apache.ratis.grpc.server.GrpcServerProtocolClient.requestVote(GrpcServerProtocolClient.java:99)
	at org.apache.ratis.grpc.server.GrpcService.requestVote(GrpcService.java:204)
	at org.apache.ratis.server.impl.LeaderElection.lambda$submitRequests$1(LeaderElection.java:234)
	at java.util.concurrent.FutureTask.run(FutureTask.java:266)
	at java.util.concurrent.Executors$RunnableAdapter.call(Executors.java:511)
	at java.util.concurrent.FutureTask.run(FutureTask.java:266)
	at java.util.concurrent.ThreadPoolExecutor.runWorker(ThreadPoolExecutor.java:1149)
	at java.util.concurrent.ThreadPoolExecutor$Worker.run(ThreadPoolExecutor.java:624)
	... 1 more
Caused by: org.apache.ratis.thirdparty.io.netty.channel.AbstractChannel$AnnotatedConnectException: Connection refused: /192.168.157.233:35716
	at sun.nio.ch.SocketChannelImpl.checkConnect(Native Method)
	at sun.nio.ch.SocketChannelImpl.finishConnect(SocketChannelImpl.java:717)
	at org.apache.ratis.thirdparty.io.netty.channel.socket.nio.NioSocketChannel.doFinishConnect(NioSocketChannel.java:327)
	at org.apache.ratis.thirdparty.io.netty.channel.nio.AbstractNioChannel$AbstractNioUnsafe.finishConnect(AbstractNioChannel.java:340)
	at org.apache.ratis.thirdparty.io.netty.channel.nio.NioEventLoop.processSelectedKey(NioEventLoop.java:632)
	at org.apache.ratis.thirdparty.io.netty.channel.nio.NioEventLoop.processSelectedKeysOptimized(NioEventLoop.java:579)
	at org.apache.ratis.thirdparty.io.netty.channel.nio.NioEventLoop.processSelectedKeys(NioEventLoop.java:496)
	at org.apache.ratis.thirdparty.io.netty.channel.nio.NioEventLoop.run(NioEventLoop.java:458)
	at org.apache.ratis.thirdparty.io.netty.util.concurrent.SingleThreadEventExecutor$5.run(SingleThreadEventExecutor.java:897)
	at org.apache.ratis.thirdparty.io.netty.util.concurrent.FastThreadLocalRunnable.run(FastThreadLocalRunnable.java:30)
	... 1 more
Caused by: java.net.ConnectException: Connection refused
	... 11 more
2019-10-25 11:07:58,942 [f6cfa8a2-85ff-4bb9-a246-101c53d2d47b@group-49E82E920F3F-LeaderElection590] INFO  impl.RaftServerImpl (RaftServerImpl.java:setRole(184)) - f6cfa8a2-85ff-4bb9-a246-101c53d2d47b@group-49E82E920F3F: changes role from CANDIDATE to FOLLOWER at term 178 for DISCOVERED_A_NEW_TERM
2019-10-25 11:07:58,942 [f6cfa8a2-85ff-4bb9-a246-101c53d2d47b@group-49E82E920F3F-LeaderElection590] INFO  impl.RoleInfo (RoleInfo.java:shutdownLeaderElection(134)) - f6cfa8a2-85ff-4bb9-a246-101c53d2d47b: shutdown LeaderElection
2019-10-25 11:07:58,942 [f6cfa8a2-85ff-4bb9-a246-101c53d2d47b@group-49E82E920F3F-LeaderElection590] INFO  impl.RoleInfo (RoleInfo.java:updateAndGet(143)) - f6cfa8a2-85ff-4bb9-a246-101c53d2d47b: start FollowerState
2019-10-25 11:07:58,962 [Thread-4929] INFO  impl.FollowerState (FollowerState.java:run(108)) - f6cfa8a2-85ff-4bb9-a246-101c53d2d47b@group-49E82E920F3F-FollowerState: change to CANDIDATE, lastRpcTime:20ms, electionTimeout:20ms
2019-10-25 11:07:58,962 [Thread-4929] INFO  impl.RoleInfo (RoleInfo.java:shutdownFollowerState(121)) - f6cfa8a2-85ff-4bb9-a246-101c53d2d47b: shutdown FollowerState
2019-10-25 11:07:58,963 [Thread-4929] INFO  impl.RaftServerImpl (RaftServerImpl.java:setRole(184)) - f6cfa8a2-85ff-4bb9-a246-101c53d2d47b@group-49E82E920F3F: changes role from  FOLLOWER to CANDIDATE at term 178 for changeToCandidate
2019-10-25 11:07:58,963 [Thread-4929] INFO  impl.RoleInfo (RoleInfo.java:updateAndGet(143)) - f6cfa8a2-85ff-4bb9-a246-101c53d2d47b: start LeaderElection
2019-10-25 11:07:58,965 [java.util.concurrent.ThreadPoolExecutor$Worker@3e501297[State = -1, empty queue]] WARN  server.GrpcLogAppender (GrpcLogAppender.java:timeoutAppendRequest(209)) - 8a2c850d-503a-4b6a-9325-357a6554e10c@group-B334D6EBB589->e8f52f97-4cbf-4021-bc09-65b78a9dc21b-GrpcLogAppender: appendEntries Timeout, request=8a2c850d-503a-4b6a-9325-357a6554e10c->e8f52f97-4cbf-4021-bc09-65b78a9dc21b#38-t1, previous=(t:1, i:0), leaderCommit=0, initializing? false, entries: <empty>
2019-10-25 11:07:58,976 [f6cfa8a2-85ff-4bb9-a246-101c53d2d47b@group-49E82E920F3F-LeaderElection591] INFO  impl.LeaderElection (LeaderElection.java:askForVotes(178)) - f6cfa8a2-85ff-4bb9-a246-101c53d2d47b@group-49E82E920F3F-LeaderElection591: begin an election at term 179 for -1: [7fad1e98-7a6b-4998-a30c-ec1ab88068bc:192.168.157.233:35716, bdb27072-dd00-4d3b-a7da-41600e490ca3:192.168.157.233:42906, f6cfa8a2-85ff-4bb9-a246-101c53d2d47b:192.168.157.233:44618], old=null
2019-10-25 11:07:58,976 [f6cfa8a2-85ff-4bb9-a246-101c53d2d47b@group-49E82E920F3F-LeaderElection591] INFO  impl.LeaderElection (LogUtils.java:infoOrTrace(149)) - f6cfa8a2-85ff-4bb9-a246-101c53d2d47b@group-49E82E920F3F-LeaderElection591 got exception when requesting votes: {}
java.util.concurrent.ExecutionException: org.apache.ratis.thirdparty.io.grpc.StatusRuntimeException: UNAVAILABLE: io exception
	at java.util.concurrent.FutureTask.report(FutureTask.java:122)
	at java.util.concurrent.FutureTask.get(FutureTask.java:192)
	at org.apache.ratis.server.impl.LeaderElection.waitForResults(LeaderElection.java:259)
	at org.apache.ratis.server.impl.LeaderElection.askForVotes(LeaderElection.java:197)
	at org.apache.ratis.server.impl.LeaderElection.run(LeaderElection.java:133)
	at java.lang.Thread.run(Thread.java:748)
Caused by: org.apache.ratis.thirdparty.io.grpc.StatusRuntimeException: UNAVAILABLE: io exception
	at org.apache.ratis.thirdparty.io.grpc.stub.ClientCalls.toStatusRuntimeException(ClientCalls.java:233)
	at org.apache.ratis.thirdparty.io.grpc.stub.ClientCalls.getUnchecked(ClientCalls.java:214)
	at org.apache.ratis.thirdparty.io.grpc.stub.ClientCalls.blockingUnaryCall(ClientCalls.java:139)
	at org.apache.ratis.proto.grpc.RaftServerProtocolServiceGrpc$RaftServerProtocolServiceBlockingStub.requestVote(RaftServerProtocolServiceGrpc.java:265)
	at org.apache.ratis.grpc.server.GrpcServerProtocolClient.requestVote(GrpcServerProtocolClient.java:99)
	at org.apache.ratis.grpc.server.GrpcService.requestVote(GrpcService.java:204)
	at org.apache.ratis.server.impl.LeaderElection.lambda$submitRequests$1(LeaderElection.java:234)
	at java.util.concurrent.FutureTask.run(FutureTask.java:266)
	at java.util.concurrent.Executors$RunnableAdapter.call(Executors.java:511)
	at java.util.concurrent.FutureTask.run(FutureTask.java:266)
	at java.util.concurrent.ThreadPoolExecutor.runWorker(ThreadPoolExecutor.java:1149)
	at java.util.concurrent.ThreadPoolExecutor$Worker.run(ThreadPoolExecutor.java:624)
	... 1 more
Caused by: org.apache.ratis.thirdparty.io.netty.channel.AbstractChannel$AnnotatedConnectException: Connection refused: /192.168.157.233:35716
	at sun.nio.ch.SocketChannelImpl.checkConnect(Native Method)
	at sun.nio.ch.SocketChannelImpl.finishConnect(SocketChannelImpl.java:717)
	at org.apache.ratis.thirdparty.io.netty.channel.socket.nio.NioSocketChannel.doFinishConnect(NioSocketChannel.java:327)
	at org.apache.ratis.thirdparty.io.netty.channel.nio.AbstractNioChannel$AbstractNioUnsafe.finishConnect(AbstractNioChannel.java:340)
	at org.apache.ratis.thirdparty.io.netty.channel.nio.NioEventLoop.processSelectedKey(NioEventLoop.java:632)
	at org.apache.ratis.thirdparty.io.netty.channel.nio.NioEventLoop.processSelectedKeysOptimized(NioEventLoop.java:579)
	at org.apache.ratis.thirdparty.io.netty.channel.nio.NioEventLoop.processSelectedKeys(NioEventLoop.java:496)
	at org.apache.ratis.thirdparty.io.netty.channel.nio.NioEventLoop.run(NioEventLoop.java:458)
	at org.apache.ratis.thirdparty.io.netty.util.concurrent.SingleThreadEventExecutor$5.run(SingleThreadEventExecutor.java:897)
	at org.apache.ratis.thirdparty.io.netty.util.concurrent.FastThreadLocalRunnable.run(FastThreadLocalRunnable.java:30)
	... 1 more
Caused by: java.net.ConnectException: Connection refused
	... 11 more
2019-10-25 11:07:58,978 [grpc-default-executor-9] INFO  impl.RaftServerImpl (RaftServerImpl.java:setRole(184)) - bdb27072-dd00-4d3b-a7da-41600e490ca3@group-49E82E920F3F: changes role from  FOLLOWER to FOLLOWER at term 179 for recognizeCandidate:f6cfa8a2-85ff-4bb9-a246-101c53d2d47b
2019-10-25 11:07:58,978 [grpc-default-executor-9] INFO  impl.RoleInfo (RoleInfo.java:shutdownFollowerState(121)) - bdb27072-dd00-4d3b-a7da-41600e490ca3: shutdown FollowerState
2019-10-25 11:07:58,979 [grpc-default-executor-9] INFO  impl.RoleInfo (RoleInfo.java:updateAndGet(143)) - bdb27072-dd00-4d3b-a7da-41600e490ca3: start FollowerState
2019-10-25 11:07:58,979 [Thread-4928] INFO  impl.FollowerState (FollowerState.java:run(117)) - bdb27072-dd00-4d3b-a7da-41600e490ca3@group-49E82E920F3F-FollowerState was interrupted: java.lang.InterruptedException: sleep interrupted
2019-10-25 11:07:58,992 [f6cfa8a2-85ff-4bb9-a246-101c53d2d47b@group-49E82E920F3F-LeaderElection591] INFO  impl.LeaderElection (LeaderElection.java:logAndReturn(56)) - f6cfa8a2-85ff-4bb9-a246-101c53d2d47b@group-49E82E920F3F-LeaderElection591: Election REJECTED; received 1 response(s) [f6cfa8a2-85ff-4bb9-a246-101c53d2d47b<-bdb27072-dd00-4d3b-a7da-41600e490ca3#0:FAIL-t179] and 1 exception(s); f6cfa8a2-85ff-4bb9-a246-101c53d2d47b@group-49E82E920F3F:t179, leader=null, voted=f6cfa8a2-85ff-4bb9-a246-101c53d2d47b, raftlog=f6cfa8a2-85ff-4bb9-a246-101c53d2d47b@group-49E82E920F3F-SegmentedRaftLog:OPENED:c-1,f-1,i0, conf=-1: [7fad1e98-7a6b-4998-a30c-ec1ab88068bc:192.168.157.233:35716, bdb27072-dd00-4d3b-a7da-41600e490ca3:192.168.157.233:42906, f6cfa8a2-85ff-4bb9-a246-101c53d2d47b:192.168.157.233:44618], old=null
2019-10-25 11:07:58,992 [f6cfa8a2-85ff-4bb9-a246-101c53d2d47b@group-49E82E920F3F-LeaderElection591] INFO  impl.LeaderElection (LogUtils.java:infoOrTrace(149)) -   Exception 0: {}
java.util.concurrent.ExecutionException: org.apache.ratis.thirdparty.io.grpc.StatusRuntimeException: UNAVAILABLE: io exception
	at java.util.concurrent.FutureTask.report(FutureTask.java:122)
	at java.util.concurrent.FutureTask.get(FutureTask.java:192)
	at org.apache.ratis.server.impl.LeaderElection.waitForResults(LeaderElection.java:259)
	at org.apache.ratis.server.impl.LeaderElection.askForVotes(LeaderElection.java:197)
	at org.apache.ratis.server.impl.LeaderElection.run(LeaderElection.java:133)
	at java.lang.Thread.run(Thread.java:748)
Caused by: org.apache.ratis.thirdparty.io.grpc.StatusRuntimeException: UNAVAILABLE: io exception
	at org.apache.ratis.thirdparty.io.grpc.stub.ClientCalls.toStatusRuntimeException(ClientCalls.java:233)
	at org.apache.ratis.thirdparty.io.grpc.stub.ClientCalls.getUnchecked(ClientCalls.java:214)
	at org.apache.ratis.thirdparty.io.grpc.stub.ClientCalls.blockingUnaryCall(ClientCalls.java:139)
	at org.apache.ratis.proto.grpc.RaftServerProtocolServiceGrpc$RaftServerProtocolServiceBlockingStub.requestVote(RaftServerProtocolServiceGrpc.java:265)
	at org.apache.ratis.grpc.server.GrpcServerProtocolClient.requestVote(GrpcServerProtocolClient.java:99)
	at org.apache.ratis.grpc.server.GrpcService.requestVote(GrpcService.java:204)
	at org.apache.ratis.server.impl.LeaderElection.lambda$submitRequests$1(LeaderElection.java:234)
	at java.util.concurrent.FutureTask.run(FutureTask.java:266)
	at java.util.concurrent.Executors$RunnableAdapter.call(Executors.java:511)
	at java.util.concurrent.FutureTask.run(FutureTask.java:266)
	at java.util.concurrent.ThreadPoolExecutor.runWorker(ThreadPoolExecutor.java:1149)
	at java.util.concurrent.ThreadPoolExecutor$Worker.run(ThreadPoolExecutor.java:624)
	... 1 more
Caused by: org.apache.ratis.thirdparty.io.netty.channel.AbstractChannel$AnnotatedConnectException: Connection refused: /192.168.157.233:35716
	at sun.nio.ch.SocketChannelImpl.checkConnect(Native Method)
	at sun.nio.ch.SocketChannelImpl.finishConnect(SocketChannelImpl.java:717)
	at org.apache.ratis.thirdparty.io.netty.channel.socket.nio.NioSocketChannel.doFinishConnect(NioSocketChannel.java:327)
	at org.apache.ratis.thirdparty.io.netty.channel.nio.AbstractNioChannel$AbstractNioUnsafe.finishConnect(AbstractNioChannel.java:340)
	at org.apache.ratis.thirdparty.io.netty.channel.nio.NioEventLoop.processSelectedKey(NioEventLoop.java:632)
	at org.apache.ratis.thirdparty.io.netty.channel.nio.NioEventLoop.processSelectedKeysOptimized(NioEventLoop.java:579)
	at org.apache.ratis.thirdparty.io.netty.channel.nio.NioEventLoop.processSelectedKeys(NioEventLoop.java:496)
	at org.apache.ratis.thirdparty.io.netty.channel.nio.NioEventLoop.run(NioEventLoop.java:458)
	at org.apache.ratis.thirdparty.io.netty.util.concurrent.SingleThreadEventExecutor$5.run(SingleThreadEventExecutor.java:897)
	at org.apache.ratis.thirdparty.io.netty.util.concurrent.FastThreadLocalRunnable.run(FastThreadLocalRunnable.java:30)
	... 1 more
Caused by: java.net.ConnectException: Connection refused
	... 11 more
2019-10-25 11:07:58,993 [f6cfa8a2-85ff-4bb9-a246-101c53d2d47b@group-49E82E920F3F-LeaderElection591] INFO  impl.RaftServerImpl (RaftServerImpl.java:setRole(184)) - f6cfa8a2-85ff-4bb9-a246-101c53d2d47b@group-49E82E920F3F: changes role from CANDIDATE to FOLLOWER at term 179 for DISCOVERED_A_NEW_TERM
2019-10-25 11:07:58,993 [f6cfa8a2-85ff-4bb9-a246-101c53d2d47b@group-49E82E920F3F-LeaderElection591] INFO  impl.RoleInfo (RoleInfo.java:shutdownLeaderElection(134)) - f6cfa8a2-85ff-4bb9-a246-101c53d2d47b: shutdown LeaderElection
2019-10-25 11:07:58,993 [f6cfa8a2-85ff-4bb9-a246-101c53d2d47b@group-49E82E920F3F-LeaderElection591] INFO  impl.RoleInfo (RoleInfo.java:updateAndGet(143)) - f6cfa8a2-85ff-4bb9-a246-101c53d2d47b: start FollowerState
2019-10-25 11:07:59,185 [Thread-4935] INFO  impl.FollowerState (FollowerState.java:run(108)) - f6cfa8a2-85ff-4bb9-a246-101c53d2d47b@group-49E82E920F3F-FollowerState: change to CANDIDATE, lastRpcTime:192ms, electionTimeout:192ms
2019-10-25 11:07:59,186 [Thread-4935] INFO  impl.RoleInfo (RoleInfo.java:shutdownFollowerState(121)) - f6cfa8a2-85ff-4bb9-a246-101c53d2d47b: shutdown FollowerState
2019-10-25 11:07:59,186 [Thread-4935] INFO  impl.RaftServerImpl (RaftServerImpl.java:setRole(184)) - f6cfa8a2-85ff-4bb9-a246-101c53d2d47b@group-49E82E920F3F: changes role from  FOLLOWER to CANDIDATE at term 179 for changeToCandidate
2019-10-25 11:07:59,186 [Thread-4935] INFO  impl.RoleInfo (RoleInfo.java:updateAndGet(143)) - f6cfa8a2-85ff-4bb9-a246-101c53d2d47b: start LeaderElection
2019-10-25 11:07:59,200 [f6cfa8a2-85ff-4bb9-a246-101c53d2d47b@group-49E82E920F3F-LeaderElection592] INFO  impl.LeaderElection (LeaderElection.java:askForVotes(178)) - f6cfa8a2-85ff-4bb9-a246-101c53d2d47b@group-49E82E920F3F-LeaderElection592: begin an election at term 180 for -1: [7fad1e98-7a6b-4998-a30c-ec1ab88068bc:192.168.157.233:35716, bdb27072-dd00-4d3b-a7da-41600e490ca3:192.168.157.233:42906, f6cfa8a2-85ff-4bb9-a246-101c53d2d47b:192.168.157.233:44618], old=null
2019-10-25 11:07:59,201 [f6cfa8a2-85ff-4bb9-a246-101c53d2d47b@group-49E82E920F3F-LeaderElection592] INFO  impl.LeaderElection (LogUtils.java:infoOrTrace(149)) - f6cfa8a2-85ff-4bb9-a246-101c53d2d47b@group-49E82E920F3F-LeaderElection592 got exception when requesting votes: {}
java.util.concurrent.ExecutionException: org.apache.ratis.thirdparty.io.grpc.StatusRuntimeException: UNAVAILABLE: io exception
	at java.util.concurrent.FutureTask.report(FutureTask.java:122)
	at java.util.concurrent.FutureTask.get(FutureTask.java:192)
	at org.apache.ratis.server.impl.LeaderElection.waitForResults(LeaderElection.java:259)
	at org.apache.ratis.server.impl.LeaderElection.askForVotes(LeaderElection.java:197)
	at org.apache.ratis.server.impl.LeaderElection.run(LeaderElection.java:133)
	at java.lang.Thread.run(Thread.java:748)
Caused by: org.apache.ratis.thirdparty.io.grpc.StatusRuntimeException: UNAVAILABLE: io exception
	at org.apache.ratis.thirdparty.io.grpc.stub.ClientCalls.toStatusRuntimeException(ClientCalls.java:233)
	at org.apache.ratis.thirdparty.io.grpc.stub.ClientCalls.getUnchecked(ClientCalls.java:214)
	at org.apache.ratis.thirdparty.io.grpc.stub.ClientCalls.blockingUnaryCall(ClientCalls.java:139)
	at org.apache.ratis.proto.grpc.RaftServerProtocolServiceGrpc$RaftServerProtocolServiceBlockingStub.requestVote(RaftServerProtocolServiceGrpc.java:265)
	at org.apache.ratis.grpc.server.GrpcServerProtocolClient.requestVote(GrpcServerProtocolClient.java:99)
	at org.apache.ratis.grpc.server.GrpcService.requestVote(GrpcService.java:204)
	at org.apache.ratis.server.impl.LeaderElection.lambda$submitRequests$1(LeaderElection.java:234)
	at java.util.concurrent.FutureTask.run(FutureTask.java:266)
	at java.util.concurrent.Executors$RunnableAdapter.call(Executors.java:511)
	at java.util.concurrent.FutureTask.run(FutureTask.java:266)
	at java.util.concurrent.ThreadPoolExecutor.runWorker(ThreadPoolExecutor.java:1149)
	at java.util.concurrent.ThreadPoolExecutor$Worker.run(ThreadPoolExecutor.java:624)
	... 1 more
Caused by: org.apache.ratis.thirdparty.io.netty.channel.AbstractChannel$AnnotatedConnectException: Connection refused: /192.168.157.233:35716
	at sun.nio.ch.SocketChannelImpl.checkConnect(Native Method)
	at sun.nio.ch.SocketChannelImpl.finishConnect(SocketChannelImpl.java:717)
	at org.apache.ratis.thirdparty.io.netty.channel.socket.nio.NioSocketChannel.doFinishConnect(NioSocketChannel.java:327)
	at org.apache.ratis.thirdparty.io.netty.channel.nio.AbstractNioChannel$AbstractNioUnsafe.finishConnect(AbstractNioChannel.java:340)
	at org.apache.ratis.thirdparty.io.netty.channel.nio.NioEventLoop.processSelectedKey(NioEventLoop.java:632)
	at org.apache.ratis.thirdparty.io.netty.channel.nio.NioEventLoop.processSelectedKeysOptimized(NioEventLoop.java:579)
	at org.apache.ratis.thirdparty.io.netty.channel.nio.NioEventLoop.processSelectedKeys(NioEventLoop.java:496)
	at org.apache.ratis.thirdparty.io.netty.channel.nio.NioEventLoop.run(NioEventLoop.java:458)
	at org.apache.ratis.thirdparty.io.netty.util.concurrent.SingleThreadEventExecutor$5.run(SingleThreadEventExecutor.java:897)
	at org.apache.ratis.thirdparty.io.netty.util.concurrent.FastThreadLocalRunnable.run(FastThreadLocalRunnable.java:30)
	... 1 more
Caused by: java.net.ConnectException: Connection refused
	... 11 more
2019-10-25 11:07:59,203 [grpc-default-executor-9] INFO  impl.RaftServerImpl (RaftServerImpl.java:setRole(184)) - bdb27072-dd00-4d3b-a7da-41600e490ca3@group-49E82E920F3F: changes role from  FOLLOWER to FOLLOWER at term 180 for recognizeCandidate:f6cfa8a2-85ff-4bb9-a246-101c53d2d47b
2019-10-25 11:07:59,204 [grpc-default-executor-9] INFO  impl.RoleInfo (RoleInfo.java:shutdownFollowerState(121)) - bdb27072-dd00-4d3b-a7da-41600e490ca3: shutdown FollowerState
2019-10-25 11:07:59,204 [grpc-default-executor-9] INFO  impl.RoleInfo (RoleInfo.java:updateAndGet(143)) - bdb27072-dd00-4d3b-a7da-41600e490ca3: start FollowerState
2019-10-25 11:07:59,204 [Thread-4933] INFO  impl.FollowerState (FollowerState.java:run(117)) - bdb27072-dd00-4d3b-a7da-41600e490ca3@group-49E82E920F3F-FollowerState was interrupted: java.lang.InterruptedException: sleep interrupted
2019-10-25 11:07:59,219 [f6cfa8a2-85ff-4bb9-a246-101c53d2d47b@group-49E82E920F3F-LeaderElection592] INFO  impl.LeaderElection (LeaderElection.java:logAndReturn(56)) - f6cfa8a2-85ff-4bb9-a246-101c53d2d47b@group-49E82E920F3F-LeaderElection592: Election REJECTED; received 1 response(s) [f6cfa8a2-85ff-4bb9-a246-101c53d2d47b<-bdb27072-dd00-4d3b-a7da-41600e490ca3#0:FAIL-t180] and 1 exception(s); f6cfa8a2-85ff-4bb9-a246-101c53d2d47b@group-49E82E920F3F:t180, leader=null, voted=f6cfa8a2-85ff-4bb9-a246-101c53d2d47b, raftlog=f6cfa8a2-85ff-4bb9-a246-101c53d2d47b@group-49E82E920F3F-SegmentedRaftLog:OPENED:c-1,f-1,i0, conf=-1: [7fad1e98-7a6b-4998-a30c-ec1ab88068bc:192.168.157.233:35716, bdb27072-dd00-4d3b-a7da-41600e490ca3:192.168.157.233:42906, f6cfa8a2-85ff-4bb9-a246-101c53d2d47b:192.168.157.233:44618], old=null
2019-10-25 11:07:59,219 [f6cfa8a2-85ff-4bb9-a246-101c53d2d47b@group-49E82E920F3F-LeaderElection592] INFO  impl.LeaderElection (LogUtils.java:infoOrTrace(149)) -   Exception 0: {}
java.util.concurrent.ExecutionException: org.apache.ratis.thirdparty.io.grpc.StatusRuntimeException: UNAVAILABLE: io exception
	at java.util.concurrent.FutureTask.report(FutureTask.java:122)
	at java.util.concurrent.FutureTask.get(FutureTask.java:192)
	at org.apache.ratis.server.impl.LeaderElection.waitForResults(LeaderElection.java:259)
	at org.apache.ratis.server.impl.LeaderElection.askForVotes(LeaderElection.java:197)
	at org.apache.ratis.server.impl.LeaderElection.run(LeaderElection.java:133)
	at java.lang.Thread.run(Thread.java:748)
Caused by: org.apache.ratis.thirdparty.io.grpc.StatusRuntimeException: UNAVAILABLE: io exception
	at org.apache.ratis.thirdparty.io.grpc.stub.ClientCalls.toStatusRuntimeException(ClientCalls.java:233)
	at org.apache.ratis.thirdparty.io.grpc.stub.ClientCalls.getUnchecked(ClientCalls.java:214)
	at org.apache.ratis.thirdparty.io.grpc.stub.ClientCalls.blockingUnaryCall(ClientCalls.java:139)
	at org.apache.ratis.proto.grpc.RaftServerProtocolServiceGrpc$RaftServerProtocolServiceBlockingStub.requestVote(RaftServerProtocolServiceGrpc.java:265)
	at org.apache.ratis.grpc.server.GrpcServerProtocolClient.requestVote(GrpcServerProtocolClient.java:99)
	at org.apache.ratis.grpc.server.GrpcService.requestVote(GrpcService.java:204)
	at org.apache.ratis.server.impl.LeaderElection.lambda$submitRequests$1(LeaderElection.java:234)
	at java.util.concurrent.FutureTask.run(FutureTask.java:266)
	at java.util.concurrent.Executors$RunnableAdapter.call(Executors.java:511)
	at java.util.concurrent.FutureTask.run(FutureTask.java:266)
	at java.util.concurrent.ThreadPoolExecutor.runWorker(ThreadPoolExecutor.java:1149)
	at java.util.concurrent.ThreadPoolExecutor$Worker.run(ThreadPoolExecutor.java:624)
	... 1 more
Caused by: org.apache.ratis.thirdparty.io.netty.channel.AbstractChannel$AnnotatedConnectException: Connection refused: /192.168.157.233:35716
	at sun.nio.ch.SocketChannelImpl.checkConnect(Native Method)
	at sun.nio.ch.SocketChannelImpl.finishConnect(SocketChannelImpl.java:717)
	at org.apache.ratis.thirdparty.io.netty.channel.socket.nio.NioSocketChannel.doFinishConnect(NioSocketChannel.java:327)
	at org.apache.ratis.thirdparty.io.netty.channel.nio.AbstractNioChannel$AbstractNioUnsafe.finishConnect(AbstractNioChannel.java:340)
	at org.apache.ratis.thirdparty.io.netty.channel.nio.NioEventLoop.processSelectedKey(NioEventLoop.java:632)
	at org.apache.ratis.thirdparty.io.netty.channel.nio.NioEventLoop.processSelectedKeysOptimized(NioEventLoop.java:579)
	at org.apache.ratis.thirdparty.io.netty.channel.nio.NioEventLoop.processSelectedKeys(NioEventLoop.java:496)
	at org.apache.ratis.thirdparty.io.netty.channel.nio.NioEventLoop.run(NioEventLoop.java:458)
	at org.apache.ratis.thirdparty.io.netty.util.concurrent.SingleThreadEventExecutor$5.run(SingleThreadEventExecutor.java:897)
	at org.apache.ratis.thirdparty.io.netty.util.concurrent.FastThreadLocalRunnable.run(FastThreadLocalRunnable.java:30)
	... 1 more
Caused by: java.net.ConnectException: Connection refused
	... 11 more
2019-10-25 11:07:59,219 [f6cfa8a2-85ff-4bb9-a246-101c53d2d47b@group-49E82E920F3F-LeaderElection592] INFO  impl.RaftServerImpl (RaftServerImpl.java:setRole(184)) - f6cfa8a2-85ff-4bb9-a246-101c53d2d47b@group-49E82E920F3F: changes role from CANDIDATE to FOLLOWER at term 180 for DISCOVERED_A_NEW_TERM
2019-10-25 11:07:59,219 [f6cfa8a2-85ff-4bb9-a246-101c53d2d47b@group-49E82E920F3F-LeaderElection592] INFO  impl.RoleInfo (RoleInfo.java:shutdownLeaderElection(134)) - f6cfa8a2-85ff-4bb9-a246-101c53d2d47b: shutdown LeaderElection
2019-10-25 11:07:59,219 [f6cfa8a2-85ff-4bb9-a246-101c53d2d47b@group-49E82E920F3F-LeaderElection592] INFO  impl.RoleInfo (RoleInfo.java:updateAndGet(143)) - f6cfa8a2-85ff-4bb9-a246-101c53d2d47b: start FollowerState
2019-10-25 11:07:59,244 [Thread-4942] INFO  impl.FollowerState (FollowerState.java:run(108)) - f6cfa8a2-85ff-4bb9-a246-101c53d2d47b@group-49E82E920F3F-FollowerState: change to CANDIDATE, lastRpcTime:24ms, electionTimeout:24ms
2019-10-25 11:07:59,244 [Thread-4942] INFO  impl.RoleInfo (RoleInfo.java:shutdownFollowerState(121)) - f6cfa8a2-85ff-4bb9-a246-101c53d2d47b: shutdown FollowerState
2019-10-25 11:07:59,244 [Thread-4942] INFO  impl.RaftServerImpl (RaftServerImpl.java:setRole(184)) - f6cfa8a2-85ff-4bb9-a246-101c53d2d47b@group-49E82E920F3F: changes role from  FOLLOWER to CANDIDATE at term 180 for changeToCandidate
2019-10-25 11:07:59,244 [Thread-4942] INFO  impl.RoleInfo (RoleInfo.java:updateAndGet(143)) - f6cfa8a2-85ff-4bb9-a246-101c53d2d47b: start LeaderElection
2019-10-25 11:07:59,258 [f6cfa8a2-85ff-4bb9-a246-101c53d2d47b@group-49E82E920F3F-LeaderElection593] INFO  impl.LeaderElection (LeaderElection.java:askForVotes(178)) - f6cfa8a2-85ff-4bb9-a246-101c53d2d47b@group-49E82E920F3F-LeaderElection593: begin an election at term 181 for -1: [7fad1e98-7a6b-4998-a30c-ec1ab88068bc:192.168.157.233:35716, bdb27072-dd00-4d3b-a7da-41600e490ca3:192.168.157.233:42906, f6cfa8a2-85ff-4bb9-a246-101c53d2d47b:192.168.157.233:44618], old=null
2019-10-25 11:07:59,259 [f6cfa8a2-85ff-4bb9-a246-101c53d2d47b@group-49E82E920F3F-LeaderElection593] INFO  impl.LeaderElection (LogUtils.java:infoOrTrace(149)) - f6cfa8a2-85ff-4bb9-a246-101c53d2d47b@group-49E82E920F3F-LeaderElection593 got exception when requesting votes: {}
java.util.concurrent.ExecutionException: org.apache.ratis.thirdparty.io.grpc.StatusRuntimeException: UNAVAILABLE: io exception
	at java.util.concurrent.FutureTask.report(FutureTask.java:122)
	at java.util.concurrent.FutureTask.get(FutureTask.java:192)
	at org.apache.ratis.server.impl.LeaderElection.waitForResults(LeaderElection.java:259)
	at org.apache.ratis.server.impl.LeaderElection.askForVotes(LeaderElection.java:197)
	at org.apache.ratis.server.impl.LeaderElection.run(LeaderElection.java:133)
	at java.lang.Thread.run(Thread.java:748)
Caused by: org.apache.ratis.thirdparty.io.grpc.StatusRuntimeException: UNAVAILABLE: io exception
	at org.apache.ratis.thirdparty.io.grpc.stub.ClientCalls.toStatusRuntimeException(ClientCalls.java:233)
	at org.apache.ratis.thirdparty.io.grpc.stub.ClientCalls.getUnchecked(ClientCalls.java:214)
	at org.apache.ratis.thirdparty.io.grpc.stub.ClientCalls.blockingUnaryCall(ClientCalls.java:139)
	at org.apache.ratis.proto.grpc.RaftServerProtocolServiceGrpc$RaftServerProtocolServiceBlockingStub.requestVote(RaftServerProtocolServiceGrpc.java:265)
	at org.apache.ratis.grpc.server.GrpcServerProtocolClient.requestVote(GrpcServerProtocolClient.java:99)
	at org.apache.ratis.grpc.server.GrpcService.requestVote(GrpcService.java:204)
	at org.apache.ratis.server.impl.LeaderElection.lambda$submitRequests$1(LeaderElection.java:234)
	at java.util.concurrent.FutureTask.run(FutureTask.java:266)
	at java.util.concurrent.Executors$RunnableAdapter.call(Executors.java:511)
	at java.util.concurrent.FutureTask.run(FutureTask.java:266)
	at java.util.concurrent.ThreadPoolExecutor.runWorker(ThreadPoolExecutor.java:1149)
	at java.util.concurrent.ThreadPoolExecutor$Worker.run(ThreadPoolExecutor.java:624)
	... 1 more
Caused by: org.apache.ratis.thirdparty.io.netty.channel.AbstractChannel$AnnotatedConnectException: Connection refused: /192.168.157.233:35716
	at sun.nio.ch.SocketChannelImpl.checkConnect(Native Method)
	at sun.nio.ch.SocketChannelImpl.finishConnect(SocketChannelImpl.java:717)
	at org.apache.ratis.thirdparty.io.netty.channel.socket.nio.NioSocketChannel.doFinishConnect(NioSocketChannel.java:327)
	at org.apache.ratis.thirdparty.io.netty.channel.nio.AbstractNioChannel$AbstractNioUnsafe.finishConnect(AbstractNioChannel.java:340)
	at org.apache.ratis.thirdparty.io.netty.channel.nio.NioEventLoop.processSelectedKey(NioEventLoop.java:632)
	at org.apache.ratis.thirdparty.io.netty.channel.nio.NioEventLoop.processSelectedKeysOptimized(NioEventLoop.java:579)
	at org.apache.ratis.thirdparty.io.netty.channel.nio.NioEventLoop.processSelectedKeys(NioEventLoop.java:496)
	at org.apache.ratis.thirdparty.io.netty.channel.nio.NioEventLoop.run(NioEventLoop.java:458)
	at org.apache.ratis.thirdparty.io.netty.util.concurrent.SingleThreadEventExecutor$5.run(SingleThreadEventExecutor.java:897)
	at org.apache.ratis.thirdparty.io.netty.util.concurrent.FastThreadLocalRunnable.run(FastThreadLocalRunnable.java:30)
	... 1 more
Caused by: java.net.ConnectException: Connection refused
	... 11 more
2019-10-25 11:07:59,262 [grpc-default-executor-9] INFO  impl.RaftServerImpl (RaftServerImpl.java:setRole(184)) - bdb27072-dd00-4d3b-a7da-41600e490ca3@group-49E82E920F3F: changes role from  FOLLOWER to FOLLOWER at term 181 for recognizeCandidate:f6cfa8a2-85ff-4bb9-a246-101c53d2d47b
2019-10-25 11:07:59,262 [grpc-default-executor-9] INFO  impl.RoleInfo (RoleInfo.java:shutdownFollowerState(121)) - bdb27072-dd00-4d3b-a7da-41600e490ca3: shutdown FollowerState
2019-10-25 11:07:59,262 [grpc-default-executor-9] INFO  impl.RoleInfo (RoleInfo.java:updateAndGet(143)) - bdb27072-dd00-4d3b-a7da-41600e490ca3: start FollowerState
2019-10-25 11:07:59,262 [Thread-4941] INFO  impl.FollowerState (FollowerState.java:run(117)) - bdb27072-dd00-4d3b-a7da-41600e490ca3@group-49E82E920F3F-FollowerState was interrupted: java.lang.InterruptedException: sleep interrupted
2019-10-25 11:07:59,273 [f6cfa8a2-85ff-4bb9-a246-101c53d2d47b@group-49E82E920F3F-LeaderElection593] INFO  impl.LeaderElection (LeaderElection.java:logAndReturn(56)) - f6cfa8a2-85ff-4bb9-a246-101c53d2d47b@group-49E82E920F3F-LeaderElection593: Election REJECTED; received 1 response(s) [f6cfa8a2-85ff-4bb9-a246-101c53d2d47b<-bdb27072-dd00-4d3b-a7da-41600e490ca3#0:FAIL-t181] and 1 exception(s); f6cfa8a2-85ff-4bb9-a246-101c53d2d47b@group-49E82E920F3F:t181, leader=null, voted=f6cfa8a2-85ff-4bb9-a246-101c53d2d47b, raftlog=f6cfa8a2-85ff-4bb9-a246-101c53d2d47b@group-49E82E920F3F-SegmentedRaftLog:OPENED:c-1,f-1,i0, conf=-1: [7fad1e98-7a6b-4998-a30c-ec1ab88068bc:192.168.157.233:35716, bdb27072-dd00-4d3b-a7da-41600e490ca3:192.168.157.233:42906, f6cfa8a2-85ff-4bb9-a246-101c53d2d47b:192.168.157.233:44618], old=null
2019-10-25 11:07:59,273 [f6cfa8a2-85ff-4bb9-a246-101c53d2d47b@group-49E82E920F3F-LeaderElection593] INFO  impl.LeaderElection (LogUtils.java:infoOrTrace(149)) -   Exception 0: {}
java.util.concurrent.ExecutionException: org.apache.ratis.thirdparty.io.grpc.StatusRuntimeException: UNAVAILABLE: io exception
	at java.util.concurrent.FutureTask.report(FutureTask.java:122)
	at java.util.concurrent.FutureTask.get(FutureTask.java:192)
	at org.apache.ratis.server.impl.LeaderElection.waitForResults(LeaderElection.java:259)
	at org.apache.ratis.server.impl.LeaderElection.askForVotes(LeaderElection.java:197)
	at org.apache.ratis.server.impl.LeaderElection.run(LeaderElection.java:133)
	at java.lang.Thread.run(Thread.java:748)
Caused by: org.apache.ratis.thirdparty.io.grpc.StatusRuntimeException: UNAVAILABLE: io exception
	at org.apache.ratis.thirdparty.io.grpc.stub.ClientCalls.toStatusRuntimeException(ClientCalls.java:233)
	at org.apache.ratis.thirdparty.io.grpc.stub.ClientCalls.getUnchecked(ClientCalls.java:214)
	at org.apache.ratis.thirdparty.io.grpc.stub.ClientCalls.blockingUnaryCall(ClientCalls.java:139)
	at org.apache.ratis.proto.grpc.RaftServerProtocolServiceGrpc$RaftServerProtocolServiceBlockingStub.requestVote(RaftServerProtocolServiceGrpc.java:265)
	at org.apache.ratis.grpc.server.GrpcServerProtocolClient.requestVote(GrpcServerProtocolClient.java:99)
	at org.apache.ratis.grpc.server.GrpcService.requestVote(GrpcService.java:204)
	at org.apache.ratis.server.impl.LeaderElection.lambda$submitRequests$1(LeaderElection.java:234)
	at java.util.concurrent.FutureTask.run(FutureTask.java:266)
	at java.util.concurrent.Executors$RunnableAdapter.call(Executors.java:511)
	at java.util.concurrent.FutureTask.run(FutureTask.java:266)
	at java.util.concurrent.ThreadPoolExecutor.runWorker(ThreadPoolExecutor.java:1149)
	at java.util.concurrent.ThreadPoolExecutor$Worker.run(ThreadPoolExecutor.java:624)
	... 1 more
Caused by: org.apache.ratis.thirdparty.io.netty.channel.AbstractChannel$AnnotatedConnectException: Connection refused: /192.168.157.233:35716
	at sun.nio.ch.SocketChannelImpl.checkConnect(Native Method)
	at sun.nio.ch.SocketChannelImpl.finishConnect(SocketChannelImpl.java:717)
	at org.apache.ratis.thirdparty.io.netty.channel.socket.nio.NioSocketChannel.doFinishConnect(NioSocketChannel.java:327)
	at org.apache.ratis.thirdparty.io.netty.channel.nio.AbstractNioChannel$AbstractNioUnsafe.finishConnect(AbstractNioChannel.java:340)
	at org.apache.ratis.thirdparty.io.netty.channel.nio.NioEventLoop.processSelectedKey(NioEventLoop.java:632)
	at org.apache.ratis.thirdparty.io.netty.channel.nio.NioEventLoop.processSelectedKeysOptimized(NioEventLoop.java:579)
	at org.apache.ratis.thirdparty.io.netty.channel.nio.NioEventLoop.processSelectedKeys(NioEventLoop.java:496)
	at org.apache.ratis.thirdparty.io.netty.channel.nio.NioEventLoop.run(NioEventLoop.java:458)
	at org.apache.ratis.thirdparty.io.netty.util.concurrent.SingleThreadEventExecutor$5.run(SingleThreadEventExecutor.java:897)
	at org.apache.ratis.thirdparty.io.netty.util.concurrent.FastThreadLocalRunnable.run(FastThreadLocalRunnable.java:30)
	... 1 more
Caused by: java.net.ConnectException: Connection refused
	... 11 more
2019-10-25 11:07:59,273 [f6cfa8a2-85ff-4bb9-a246-101c53d2d47b@group-49E82E920F3F-LeaderElection593] INFO  impl.RaftServerImpl (RaftServerImpl.java:setRole(184)) - f6cfa8a2-85ff-4bb9-a246-101c53d2d47b@group-49E82E920F3F: changes role from CANDIDATE to FOLLOWER at term 181 for DISCOVERED_A_NEW_TERM
2019-10-25 11:07:59,273 [f6cfa8a2-85ff-4bb9-a246-101c53d2d47b@group-49E82E920F3F-LeaderElection593] INFO  impl.RoleInfo (RoleInfo.java:shutdownLeaderElection(134)) - f6cfa8a2-85ff-4bb9-a246-101c53d2d47b: shutdown LeaderElection
2019-10-25 11:07:59,273 [f6cfa8a2-85ff-4bb9-a246-101c53d2d47b@group-49E82E920F3F-LeaderElection593] INFO  impl.RoleInfo (RoleInfo.java:updateAndGet(143)) - f6cfa8a2-85ff-4bb9-a246-101c53d2d47b: start FollowerState
2019-10-25 11:07:59,325 [Thread-4947] INFO  impl.FollowerState (FollowerState.java:run(108)) - f6cfa8a2-85ff-4bb9-a246-101c53d2d47b@group-49E82E920F3F-FollowerState: change to CANDIDATE, lastRpcTime:51ms, electionTimeout:51ms
2019-10-25 11:07:59,325 [Thread-4947] INFO  impl.RoleInfo (RoleInfo.java:shutdownFollowerState(121)) - f6cfa8a2-85ff-4bb9-a246-101c53d2d47b: shutdown FollowerState
2019-10-25 11:07:59,325 [Thread-4947] INFO  impl.RaftServerImpl (RaftServerImpl.java:setRole(184)) - f6cfa8a2-85ff-4bb9-a246-101c53d2d47b@group-49E82E920F3F: changes role from  FOLLOWER to CANDIDATE at term 181 for changeToCandidate
2019-10-25 11:07:59,325 [Thread-4947] INFO  impl.RoleInfo (RoleInfo.java:updateAndGet(143)) - f6cfa8a2-85ff-4bb9-a246-101c53d2d47b: start LeaderElection
2019-10-25 11:07:59,351 [f6cfa8a2-85ff-4bb9-a246-101c53d2d47b@group-49E82E920F3F-LeaderElection594] INFO  impl.LeaderElection (LeaderElection.java:askForVotes(178)) - f6cfa8a2-85ff-4bb9-a246-101c53d2d47b@group-49E82E920F3F-LeaderElection594: begin an election at term 182 for -1: [7fad1e98-7a6b-4998-a30c-ec1ab88068bc:192.168.157.233:35716, bdb27072-dd00-4d3b-a7da-41600e490ca3:192.168.157.233:42906, f6cfa8a2-85ff-4bb9-a246-101c53d2d47b:192.168.157.233:44618], old=null
2019-10-25 11:07:59,352 [f6cfa8a2-85ff-4bb9-a246-101c53d2d47b@group-49E82E920F3F-LeaderElection594] INFO  impl.LeaderElection (LogUtils.java:infoOrTrace(149)) - f6cfa8a2-85ff-4bb9-a246-101c53d2d47b@group-49E82E920F3F-LeaderElection594 got exception when requesting votes: {}
java.util.concurrent.ExecutionException: org.apache.ratis.thirdparty.io.grpc.StatusRuntimeException: UNAVAILABLE: io exception
	at java.util.concurrent.FutureTask.report(FutureTask.java:122)
	at java.util.concurrent.FutureTask.get(FutureTask.java:192)
	at org.apache.ratis.server.impl.LeaderElection.waitForResults(LeaderElection.java:259)
	at org.apache.ratis.server.impl.LeaderElection.askForVotes(LeaderElection.java:197)
	at org.apache.ratis.server.impl.LeaderElection.run(LeaderElection.java:133)
	at java.lang.Thread.run(Thread.java:748)
Caused by: org.apache.ratis.thirdparty.io.grpc.StatusRuntimeException: UNAVAILABLE: io exception
	at org.apache.ratis.thirdparty.io.grpc.stub.ClientCalls.toStatusRuntimeException(ClientCalls.java:233)
	at org.apache.ratis.thirdparty.io.grpc.stub.ClientCalls.getUnchecked(ClientCalls.java:214)
	at org.apache.ratis.thirdparty.io.grpc.stub.ClientCalls.blockingUnaryCall(ClientCalls.java:139)
	at org.apache.ratis.proto.grpc.RaftServerProtocolServiceGrpc$RaftServerProtocolServiceBlockingStub.requestVote(RaftServerProtocolServiceGrpc.java:265)
	at org.apache.ratis.grpc.server.GrpcServerProtocolClient.requestVote(GrpcServerProtocolClient.java:99)
	at org.apache.ratis.grpc.server.GrpcService.requestVote(GrpcService.java:204)
	at org.apache.ratis.server.impl.LeaderElection.lambda$submitRequests$1(LeaderElection.java:234)
	at java.util.concurrent.FutureTask.run(FutureTask.java:266)
	at java.util.concurrent.Executors$RunnableAdapter.call(Executors.java:511)
	at java.util.concurrent.FutureTask.run(FutureTask.java:266)
	at java.util.concurrent.ThreadPoolExecutor.runWorker(ThreadPoolExecutor.java:1149)
	at java.util.concurrent.ThreadPoolExecutor$Worker.run(ThreadPoolExecutor.java:624)
	... 1 more
Caused by: org.apache.ratis.thirdparty.io.netty.channel.AbstractChannel$AnnotatedConnectException: Connection refused: /192.168.157.233:35716
	at sun.nio.ch.SocketChannelImpl.checkConnect(Native Method)
	at sun.nio.ch.SocketChannelImpl.finishConnect(SocketChannelImpl.java:717)
	at org.apache.ratis.thirdparty.io.netty.channel.socket.nio.NioSocketChannel.doFinishConnect(NioSocketChannel.java:327)
	at org.apache.ratis.thirdparty.io.netty.channel.nio.AbstractNioChannel$AbstractNioUnsafe.finishConnect(AbstractNioChannel.java:340)
	at org.apache.ratis.thirdparty.io.netty.channel.nio.NioEventLoop.processSelectedKey(NioEventLoop.java:632)
	at org.apache.ratis.thirdparty.io.netty.channel.nio.NioEventLoop.processSelectedKeysOptimized(NioEventLoop.java:579)
	at org.apache.ratis.thirdparty.io.netty.channel.nio.NioEventLoop.processSelectedKeys(NioEventLoop.java:496)
	at org.apache.ratis.thirdparty.io.netty.channel.nio.NioEventLoop.run(NioEventLoop.java:458)
	at org.apache.ratis.thirdparty.io.netty.util.concurrent.SingleThreadEventExecutor$5.run(SingleThreadEventExecutor.java:897)
	at org.apache.ratis.thirdparty.io.netty.util.concurrent.FastThreadLocalRunnable.run(FastThreadLocalRunnable.java:30)
	... 1 more
Caused by: java.net.ConnectException: Connection refused
	... 11 more
2019-10-25 11:07:59,356 [grpc-default-executor-9] INFO  impl.RaftServerImpl (RaftServerImpl.java:setRole(184)) - bdb27072-dd00-4d3b-a7da-41600e490ca3@group-49E82E920F3F: changes role from  FOLLOWER to FOLLOWER at term 182 for recognizeCandidate:f6cfa8a2-85ff-4bb9-a246-101c53d2d47b
2019-10-25 11:07:59,356 [grpc-default-executor-9] INFO  impl.RoleInfo (RoleInfo.java:shutdownFollowerState(121)) - bdb27072-dd00-4d3b-a7da-41600e490ca3: shutdown FollowerState
2019-10-25 11:07:59,356 [grpc-default-executor-9] INFO  impl.RoleInfo (RoleInfo.java:updateAndGet(143)) - bdb27072-dd00-4d3b-a7da-41600e490ca3: start FollowerState
2019-10-25 11:07:59,356 [Thread-4946] INFO  impl.FollowerState (FollowerState.java:run(117)) - bdb27072-dd00-4d3b-a7da-41600e490ca3@group-49E82E920F3F-FollowerState was interrupted: java.lang.InterruptedException: sleep interrupted
2019-10-25 11:07:59,361 [f6cfa8a2-85ff-4bb9-a246-101c53d2d47b@group-49E82E920F3F-LeaderElection594] INFO  impl.LeaderElection (LeaderElection.java:logAndReturn(56)) - f6cfa8a2-85ff-4bb9-a246-101c53d2d47b@group-49E82E920F3F-LeaderElection594: Election TIMEOUT; received 0 response(s) [] and 1 exception(s); f6cfa8a2-85ff-4bb9-a246-101c53d2d47b@group-49E82E920F3F:t182, leader=null, voted=f6cfa8a2-85ff-4bb9-a246-101c53d2d47b, raftlog=f6cfa8a2-85ff-4bb9-a246-101c53d2d47b@group-49E82E920F3F-SegmentedRaftLog:OPENED:c-1,f-1,i0, conf=-1: [7fad1e98-7a6b-4998-a30c-ec1ab88068bc:192.168.157.233:35716, bdb27072-dd00-4d3b-a7da-41600e490ca3:192.168.157.233:42906, f6cfa8a2-85ff-4bb9-a246-101c53d2d47b:192.168.157.233:44618], old=null
2019-10-25 11:07:59,361 [f6cfa8a2-85ff-4bb9-a246-101c53d2d47b@group-49E82E920F3F-LeaderElection594] INFO  impl.LeaderElection (LogUtils.java:infoOrTrace(149)) -   Exception 0: {}
java.util.concurrent.ExecutionException: org.apache.ratis.thirdparty.io.grpc.StatusRuntimeException: UNAVAILABLE: io exception
	at java.util.concurrent.FutureTask.report(FutureTask.java:122)
	at java.util.concurrent.FutureTask.get(FutureTask.java:192)
	at org.apache.ratis.server.impl.LeaderElection.waitForResults(LeaderElection.java:259)
	at org.apache.ratis.server.impl.LeaderElection.askForVotes(LeaderElection.java:197)
	at org.apache.ratis.server.impl.LeaderElection.run(LeaderElection.java:133)
	at java.lang.Thread.run(Thread.java:748)
Caused by: org.apache.ratis.thirdparty.io.grpc.StatusRuntimeException: UNAVAILABLE: io exception
	at org.apache.ratis.thirdparty.io.grpc.stub.ClientCalls.toStatusRuntimeException(ClientCalls.java:233)
	at org.apache.ratis.thirdparty.io.grpc.stub.ClientCalls.getUnchecked(ClientCalls.java:214)
	at org.apache.ratis.thirdparty.io.grpc.stub.ClientCalls.blockingUnaryCall(ClientCalls.java:139)
	at org.apache.ratis.proto.grpc.RaftServerProtocolServiceGrpc$RaftServerProtocolServiceBlockingStub.requestVote(RaftServerProtocolServiceGrpc.java:265)
	at org.apache.ratis.grpc.server.GrpcServerProtocolClient.requestVote(GrpcServerProtocolClient.java:99)
	at org.apache.ratis.grpc.server.GrpcService.requestVote(GrpcService.java:204)
	at org.apache.ratis.server.impl.LeaderElection.lambda$submitRequests$1(LeaderElection.java:234)
	at java.util.concurrent.FutureTask.run(FutureTask.java:266)
	at java.util.concurrent.Executors$RunnableAdapter.call(Executors.java:511)
	at java.util.concurrent.FutureTask.run(FutureTask.java:266)
	at java.util.concurrent.ThreadPoolExecutor.runWorker(ThreadPoolExecutor.java:1149)
	at java.util.concurrent.ThreadPoolExecutor$Worker.run(ThreadPoolExecutor.java:624)
	... 1 more
Caused by: org.apache.ratis.thirdparty.io.netty.channel.AbstractChannel$AnnotatedConnectException: Connection refused: /192.168.157.233:35716
	at sun.nio.ch.SocketChannelImpl.checkConnect(Native Method)
	at sun.nio.ch.SocketChannelImpl.finishConnect(SocketChannelImpl.java:717)
	at org.apache.ratis.thirdparty.io.netty.channel.socket.nio.NioSocketChannel.doFinishConnect(NioSocketChannel.java:327)
	at org.apache.ratis.thirdparty.io.netty.channel.nio.AbstractNioChannel$AbstractNioUnsafe.finishConnect(AbstractNioChannel.java:340)
	at org.apache.ratis.thirdparty.io.netty.channel.nio.NioEventLoop.processSelectedKey(NioEventLoop.java:632)
	at org.apache.ratis.thirdparty.io.netty.channel.nio.NioEventLoop.processSelectedKeysOptimized(NioEventLoop.java:579)
	at org.apache.ratis.thirdparty.io.netty.channel.nio.NioEventLoop.processSelectedKeys(NioEventLoop.java:496)
	at org.apache.ratis.thirdparty.io.netty.channel.nio.NioEventLoop.run(NioEventLoop.java:458)
	at org.apache.ratis.thirdparty.io.netty.util.concurrent.SingleThreadEventExecutor$5.run(SingleThreadEventExecutor.java:897)
	at org.apache.ratis.thirdparty.io.netty.util.concurrent.FastThreadLocalRunnable.run(FastThreadLocalRunnable.java:30)
	... 1 more
Caused by: java.net.ConnectException: Connection refused
	... 11 more
2019-10-25 11:07:59,369 [f6cfa8a2-85ff-4bb9-a246-101c53d2d47b@group-49E82E920F3F-LeaderElection594] INFO  impl.LeaderElection (LeaderElection.java:askForVotes(178)) - f6cfa8a2-85ff-4bb9-a246-101c53d2d47b@group-49E82E920F3F-LeaderElection594: begin an election at term 183 for -1: [7fad1e98-7a6b-4998-a30c-ec1ab88068bc:192.168.157.233:35716, bdb27072-dd00-4d3b-a7da-41600e490ca3:192.168.157.233:42906, f6cfa8a2-85ff-4bb9-a246-101c53d2d47b:192.168.157.233:44618], old=null
2019-10-25 11:07:59,370 [f6cfa8a2-85ff-4bb9-a246-101c53d2d47b@group-49E82E920F3F-LeaderElection594] INFO  impl.LeaderElection (LogUtils.java:infoOrTrace(149)) - f6cfa8a2-85ff-4bb9-a246-101c53d2d47b@group-49E82E920F3F-LeaderElection594 got exception when requesting votes: {}
java.util.concurrent.ExecutionException: org.apache.ratis.thirdparty.io.grpc.StatusRuntimeException: UNAVAILABLE: io exception
	at java.util.concurrent.FutureTask.report(FutureTask.java:122)
	at java.util.concurrent.FutureTask.get(FutureTask.java:192)
	at org.apache.ratis.server.impl.LeaderElection.waitForResults(LeaderElection.java:259)
	at org.apache.ratis.server.impl.LeaderElection.askForVotes(LeaderElection.java:197)
	at org.apache.ratis.server.impl.LeaderElection.run(LeaderElection.java:133)
	at java.lang.Thread.run(Thread.java:748)
Caused by: org.apache.ratis.thirdparty.io.grpc.StatusRuntimeException: UNAVAILABLE: io exception
	at org.apache.ratis.thirdparty.io.grpc.stub.ClientCalls.toStatusRuntimeException(ClientCalls.java:233)
	at org.apache.ratis.thirdparty.io.grpc.stub.ClientCalls.getUnchecked(ClientCalls.java:214)
	at org.apache.ratis.thirdparty.io.grpc.stub.ClientCalls.blockingUnaryCall(ClientCalls.java:139)
	at org.apache.ratis.proto.grpc.RaftServerProtocolServiceGrpc$RaftServerProtocolServiceBlockingStub.requestVote(RaftServerProtocolServiceGrpc.java:265)
	at org.apache.ratis.grpc.server.GrpcServerProtocolClient.requestVote(GrpcServerProtocolClient.java:99)
	at org.apache.ratis.grpc.server.GrpcService.requestVote(GrpcService.java:204)
	at org.apache.ratis.server.impl.LeaderElection.lambda$submitRequests$1(LeaderElection.java:234)
	at java.util.concurrent.FutureTask.run(FutureTask.java:266)
	at java.util.concurrent.Executors$RunnableAdapter.call(Executors.java:511)
	at java.util.concurrent.FutureTask.run(FutureTask.java:266)
	at java.util.concurrent.ThreadPoolExecutor.runWorker(ThreadPoolExecutor.java:1149)
	at java.util.concurrent.ThreadPoolExecutor$Worker.run(ThreadPoolExecutor.java:624)
	... 1 more
Caused by: org.apache.ratis.thirdparty.io.netty.channel.AbstractChannel$AnnotatedConnectException: Connection refused: /192.168.157.233:35716
	at sun.nio.ch.SocketChannelImpl.checkConnect(Native Method)
	at sun.nio.ch.SocketChannelImpl.finishConnect(SocketChannelImpl.java:717)
	at org.apache.ratis.thirdparty.io.netty.channel.socket.nio.NioSocketChannel.doFinishConnect(NioSocketChannel.java:327)
	at org.apache.ratis.thirdparty.io.netty.channel.nio.AbstractNioChannel$AbstractNioUnsafe.finishConnect(AbstractNioChannel.java:340)
	at org.apache.ratis.thirdparty.io.netty.channel.nio.NioEventLoop.processSelectedKey(NioEventLoop.java:632)
	at org.apache.ratis.thirdparty.io.netty.channel.nio.NioEventLoop.processSelectedKeysOptimized(NioEventLoop.java:579)
	at org.apache.ratis.thirdparty.io.netty.channel.nio.NioEventLoop.processSelectedKeys(NioEventLoop.java:496)
	at org.apache.ratis.thirdparty.io.netty.channel.nio.NioEventLoop.run(NioEventLoop.java:458)
	at org.apache.ratis.thirdparty.io.netty.util.concurrent.SingleThreadEventExecutor$5.run(SingleThreadEventExecutor.java:897)
	at org.apache.ratis.thirdparty.io.netty.util.concurrent.FastThreadLocalRunnable.run(FastThreadLocalRunnable.java:30)
	... 1 more
Caused by: java.net.ConnectException: Connection refused
	... 11 more
2019-10-25 11:07:59,378 [grpc-default-executor-9] INFO  impl.RaftServerImpl (RaftServerImpl.java:setRole(184)) - bdb27072-dd00-4d3b-a7da-41600e490ca3@group-49E82E920F3F: changes role from  FOLLOWER to FOLLOWER at term 183 for recognizeCandidate:f6cfa8a2-85ff-4bb9-a246-101c53d2d47b
2019-10-25 11:07:59,378 [grpc-default-executor-9] INFO  impl.RoleInfo (RoleInfo.java:shutdownFollowerState(121)) - bdb27072-dd00-4d3b-a7da-41600e490ca3: shutdown FollowerState
2019-10-25 11:07:59,378 [grpc-default-executor-9] INFO  impl.RoleInfo (RoleInfo.java:updateAndGet(143)) - bdb27072-dd00-4d3b-a7da-41600e490ca3: start FollowerState
2019-10-25 11:07:59,378 [Thread-4951] INFO  impl.FollowerState (FollowerState.java:run(117)) - bdb27072-dd00-4d3b-a7da-41600e490ca3@group-49E82E920F3F-FollowerState was interrupted: java.lang.InterruptedException: sleep interrupted
2019-10-25 11:07:59,392 [f6cfa8a2-85ff-4bb9-a246-101c53d2d47b@group-49E82E920F3F-LeaderElection594] INFO  impl.LeaderElection (LeaderElection.java:logAndReturn(56)) - f6cfa8a2-85ff-4bb9-a246-101c53d2d47b@group-49E82E920F3F-LeaderElection594: Election REJECTED; received 1 response(s) [f6cfa8a2-85ff-4bb9-a246-101c53d2d47b<-bdb27072-dd00-4d3b-a7da-41600e490ca3#0:FAIL-t183] and 1 exception(s); f6cfa8a2-85ff-4bb9-a246-101c53d2d47b@group-49E82E920F3F:t183, leader=null, voted=f6cfa8a2-85ff-4bb9-a246-101c53d2d47b, raftlog=f6cfa8a2-85ff-4bb9-a246-101c53d2d47b@group-49E82E920F3F-SegmentedRaftLog:OPENED:c-1,f-1,i0, conf=-1: [7fad1e98-7a6b-4998-a30c-ec1ab88068bc:192.168.157.233:35716, bdb27072-dd00-4d3b-a7da-41600e490ca3:192.168.157.233:42906, f6cfa8a2-85ff-4bb9-a246-101c53d2d47b:192.168.157.233:44618], old=null
2019-10-25 11:07:59,393 [f6cfa8a2-85ff-4bb9-a246-101c53d2d47b@group-49E82E920F3F-LeaderElection594] INFO  impl.LeaderElection (LogUtils.java:infoOrTrace(149)) -   Exception 0: {}
java.util.concurrent.ExecutionException: org.apache.ratis.thirdparty.io.grpc.StatusRuntimeException: UNAVAILABLE: io exception
	at java.util.concurrent.FutureTask.report(FutureTask.java:122)
	at java.util.concurrent.FutureTask.get(FutureTask.java:192)
	at org.apache.ratis.server.impl.LeaderElection.waitForResults(LeaderElection.java:259)
	at org.apache.ratis.server.impl.LeaderElection.askForVotes(LeaderElection.java:197)
	at org.apache.ratis.server.impl.LeaderElection.run(LeaderElection.java:133)
	at java.lang.Thread.run(Thread.java:748)
Caused by: org.apache.ratis.thirdparty.io.grpc.StatusRuntimeException: UNAVAILABLE: io exception
	at org.apache.ratis.thirdparty.io.grpc.stub.ClientCalls.toStatusRuntimeException(ClientCalls.java:233)
	at org.apache.ratis.thirdparty.io.grpc.stub.ClientCalls.getUnchecked(ClientCalls.java:214)
	at org.apache.ratis.thirdparty.io.grpc.stub.ClientCalls.blockingUnaryCall(ClientCalls.java:139)
	at org.apache.ratis.proto.grpc.RaftServerProtocolServiceGrpc$RaftServerProtocolServiceBlockingStub.requestVote(RaftServerProtocolServiceGrpc.java:265)
	at org.apache.ratis.grpc.server.GrpcServerProtocolClient.requestVote(GrpcServerProtocolClient.java:99)
	at org.apache.ratis.grpc.server.GrpcService.requestVote(GrpcService.java:204)
	at org.apache.ratis.server.impl.LeaderElection.lambda$submitRequests$1(LeaderElection.java:234)
	at java.util.concurrent.FutureTask.run(FutureTask.java:266)
	at java.util.concurrent.Executors$RunnableAdapter.call(Executors.java:511)
	at java.util.concurrent.FutureTask.run(FutureTask.java:266)
	at java.util.concurrent.ThreadPoolExecutor.runWorker(ThreadPoolExecutor.java:1149)
	at java.util.concurrent.ThreadPoolExecutor$Worker.run(ThreadPoolExecutor.java:624)
	... 1 more
Caused by: org.apache.ratis.thirdparty.io.netty.channel.AbstractChannel$AnnotatedConnectException: Connection refused: /192.168.157.233:35716
	at sun.nio.ch.SocketChannelImpl.checkConnect(Native Method)
	at sun.nio.ch.SocketChannelImpl.finishConnect(SocketChannelImpl.java:717)
	at org.apache.ratis.thirdparty.io.netty.channel.socket.nio.NioSocketChannel.doFinishConnect(NioSocketChannel.java:327)
	at org.apache.ratis.thirdparty.io.netty.channel.nio.AbstractNioChannel$AbstractNioUnsafe.finishConnect(AbstractNioChannel.java:340)
	at org.apache.ratis.thirdparty.io.netty.channel.nio.NioEventLoop.processSelectedKey(NioEventLoop.java:632)
	at org.apache.ratis.thirdparty.io.netty.channel.nio.NioEventLoop.processSelectedKeysOptimized(NioEventLoop.java:579)
	at org.apache.ratis.thirdparty.io.netty.channel.nio.NioEventLoop.processSelectedKeys(NioEventLoop.java:496)
	at org.apache.ratis.thirdparty.io.netty.channel.nio.NioEventLoop.run(NioEventLoop.java:458)
	at org.apache.ratis.thirdparty.io.netty.util.concurrent.SingleThreadEventExecutor$5.run(SingleThreadEventExecutor.java:897)
	at org.apache.ratis.thirdparty.io.netty.util.concurrent.FastThreadLocalRunnable.run(FastThreadLocalRunnable.java:30)
	... 1 more
Caused by: java.net.ConnectException: Connection refused
	... 11 more
2019-10-25 11:07:59,393 [f6cfa8a2-85ff-4bb9-a246-101c53d2d47b@group-49E82E920F3F-LeaderElection594] INFO  impl.RaftServerImpl (RaftServerImpl.java:setRole(184)) - f6cfa8a2-85ff-4bb9-a246-101c53d2d47b@group-49E82E920F3F: changes role from CANDIDATE to FOLLOWER at term 183 for DISCOVERED_A_NEW_TERM
2019-10-25 11:07:59,393 [f6cfa8a2-85ff-4bb9-a246-101c53d2d47b@group-49E82E920F3F-LeaderElection594] INFO  impl.RoleInfo (RoleInfo.java:shutdownLeaderElection(134)) - f6cfa8a2-85ff-4bb9-a246-101c53d2d47b: shutdown LeaderElection
2019-10-25 11:07:59,393 [f6cfa8a2-85ff-4bb9-a246-101c53d2d47b@group-49E82E920F3F-LeaderElection594] INFO  impl.RoleInfo (RoleInfo.java:updateAndGet(143)) - f6cfa8a2-85ff-4bb9-a246-101c53d2d47b: start FollowerState
2019-10-25 11:07:59,465 [java.util.concurrent.ThreadPoolExecutor$Worker@3e501297[State = -1, empty queue]] WARN  server.GrpcLogAppender (GrpcLogAppender.java:timeoutAppendRequest(209)) - 8a2c850d-503a-4b6a-9325-357a6554e10c@group-B334D6EBB589->e8f52f97-4cbf-4021-bc09-65b78a9dc21b-GrpcLogAppender: appendEntries Timeout, request=8a2c850d-503a-4b6a-9325-357a6554e10c->e8f52f97-4cbf-4021-bc09-65b78a9dc21b#39-t1, previous=(t:1, i:0), leaderCommit=0, initializing? false, entries: <empty>
2019-10-25 11:07:59,483 [Thread-4955] INFO  impl.FollowerState (FollowerState.java:run(108)) - f6cfa8a2-85ff-4bb9-a246-101c53d2d47b@group-49E82E920F3F-FollowerState: change to CANDIDATE, lastRpcTime:89ms, electionTimeout:89ms
2019-10-25 11:07:59,483 [Thread-4955] INFO  impl.RoleInfo (RoleInfo.java:shutdownFollowerState(121)) - f6cfa8a2-85ff-4bb9-a246-101c53d2d47b: shutdown FollowerState
2019-10-25 11:07:59,483 [Thread-4955] INFO  impl.RaftServerImpl (RaftServerImpl.java:setRole(184)) - f6cfa8a2-85ff-4bb9-a246-101c53d2d47b@group-49E82E920F3F: changes role from  FOLLOWER to CANDIDATE at term 183 for changeToCandidate
2019-10-25 11:07:59,483 [Thread-4955] INFO  impl.RoleInfo (RoleInfo.java:updateAndGet(143)) - f6cfa8a2-85ff-4bb9-a246-101c53d2d47b: start LeaderElection
2019-10-25 11:07:59,496 [f6cfa8a2-85ff-4bb9-a246-101c53d2d47b@group-49E82E920F3F-LeaderElection595] INFO  impl.LeaderElection (LeaderElection.java:askForVotes(178)) - f6cfa8a2-85ff-4bb9-a246-101c53d2d47b@group-49E82E920F3F-LeaderElection595: begin an election at term 184 for -1: [7fad1e98-7a6b-4998-a30c-ec1ab88068bc:192.168.157.233:35716, bdb27072-dd00-4d3b-a7da-41600e490ca3:192.168.157.233:42906, f6cfa8a2-85ff-4bb9-a246-101c53d2d47b:192.168.157.233:44618], old=null
2019-10-25 11:07:59,497 [f6cfa8a2-85ff-4bb9-a246-101c53d2d47b@group-49E82E920F3F-LeaderElection595] INFO  impl.LeaderElection (LogUtils.java:infoOrTrace(149)) - f6cfa8a2-85ff-4bb9-a246-101c53d2d47b@group-49E82E920F3F-LeaderElection595 got exception when requesting votes: {}
java.util.concurrent.ExecutionException: org.apache.ratis.thirdparty.io.grpc.StatusRuntimeException: UNAVAILABLE: io exception
	at java.util.concurrent.FutureTask.report(FutureTask.java:122)
	at java.util.concurrent.FutureTask.get(FutureTask.java:192)
	at org.apache.ratis.server.impl.LeaderElection.waitForResults(LeaderElection.java:259)
	at org.apache.ratis.server.impl.LeaderElection.askForVotes(LeaderElection.java:197)
	at org.apache.ratis.server.impl.LeaderElection.run(LeaderElection.java:133)
	at java.lang.Thread.run(Thread.java:748)
Caused by: org.apache.ratis.thirdparty.io.grpc.StatusRuntimeException: UNAVAILABLE: io exception
	at org.apache.ratis.thirdparty.io.grpc.stub.ClientCalls.toStatusRuntimeException(ClientCalls.java:233)
	at org.apache.ratis.thirdparty.io.grpc.stub.ClientCalls.getUnchecked(ClientCalls.java:214)
	at org.apache.ratis.thirdparty.io.grpc.stub.ClientCalls.blockingUnaryCall(ClientCalls.java:139)
	at org.apache.ratis.proto.grpc.RaftServerProtocolServiceGrpc$RaftServerProtocolServiceBlockingStub.requestVote(RaftServerProtocolServiceGrpc.java:265)
	at org.apache.ratis.grpc.server.GrpcServerProtocolClient.requestVote(GrpcServerProtocolClient.java:99)
	at org.apache.ratis.grpc.server.GrpcService.requestVote(GrpcService.java:204)
	at org.apache.ratis.server.impl.LeaderElection.lambda$submitRequests$1(LeaderElection.java:234)
	at java.util.concurrent.FutureTask.run(FutureTask.java:266)
	at java.util.concurrent.Executors$RunnableAdapter.call(Executors.java:511)
	at java.util.concurrent.FutureTask.run(FutureTask.java:266)
	at java.util.concurrent.ThreadPoolExecutor.runWorker(ThreadPoolExecutor.java:1149)
	at java.util.concurrent.ThreadPoolExecutor$Worker.run(ThreadPoolExecutor.java:624)
	... 1 more
Caused by: org.apache.ratis.thirdparty.io.netty.channel.AbstractChannel$AnnotatedConnectException: Connection refused: /192.168.157.233:35716
	at sun.nio.ch.SocketChannelImpl.checkConnect(Native Method)
	at sun.nio.ch.SocketChannelImpl.finishConnect(SocketChannelImpl.java:717)
	at org.apache.ratis.thirdparty.io.netty.channel.socket.nio.NioSocketChannel.doFinishConnect(NioSocketChannel.java:327)
	at org.apache.ratis.thirdparty.io.netty.channel.nio.AbstractNioChannel$AbstractNioUnsafe.finishConnect(AbstractNioChannel.java:340)
	at org.apache.ratis.thirdparty.io.netty.channel.nio.NioEventLoop.processSelectedKey(NioEventLoop.java:632)
	at org.apache.ratis.thirdparty.io.netty.channel.nio.NioEventLoop.processSelectedKeysOptimized(NioEventLoop.java:579)
	at org.apache.ratis.thirdparty.io.netty.channel.nio.NioEventLoop.processSelectedKeys(NioEventLoop.java:496)
	at org.apache.ratis.thirdparty.io.netty.channel.nio.NioEventLoop.run(NioEventLoop.java:458)
	at org.apache.ratis.thirdparty.io.netty.util.concurrent.SingleThreadEventExecutor$5.run(SingleThreadEventExecutor.java:897)
	at org.apache.ratis.thirdparty.io.netty.util.concurrent.FastThreadLocalRunnable.run(FastThreadLocalRunnable.java:30)
	... 1 more
Caused by: java.net.ConnectException: Connection refused
	... 11 more
2019-10-25 11:07:59,498 [grpc-default-executor-9] INFO  impl.RaftServerImpl (RaftServerImpl.java:setRole(184)) - bdb27072-dd00-4d3b-a7da-41600e490ca3@group-49E82E920F3F: changes role from  FOLLOWER to FOLLOWER at term 184 for recognizeCandidate:f6cfa8a2-85ff-4bb9-a246-101c53d2d47b
2019-10-25 11:07:59,498 [grpc-default-executor-9] INFO  impl.RoleInfo (RoleInfo.java:shutdownFollowerState(121)) - bdb27072-dd00-4d3b-a7da-41600e490ca3: shutdown FollowerState
2019-10-25 11:07:59,498 [grpc-default-executor-9] INFO  impl.RoleInfo (RoleInfo.java:updateAndGet(143)) - bdb27072-dd00-4d3b-a7da-41600e490ca3: start FollowerState
2019-10-25 11:07:59,498 [Thread-4954] INFO  impl.FollowerState (FollowerState.java:run(117)) - bdb27072-dd00-4d3b-a7da-41600e490ca3@group-49E82E920F3F-FollowerState was interrupted: java.lang.InterruptedException: sleep interrupted
2019-10-25 11:07:59,530 [f6cfa8a2-85ff-4bb9-a246-101c53d2d47b@group-49E82E920F3F-LeaderElection595] INFO  impl.LeaderElection (LeaderElection.java:logAndReturn(56)) - f6cfa8a2-85ff-4bb9-a246-101c53d2d47b@group-49E82E920F3F-LeaderElection595: Election REJECTED; received 1 response(s) [f6cfa8a2-85ff-4bb9-a246-101c53d2d47b<-bdb27072-dd00-4d3b-a7da-41600e490ca3#0:FAIL-t184] and 1 exception(s); f6cfa8a2-85ff-4bb9-a246-101c53d2d47b@group-49E82E920F3F:t184, leader=null, voted=f6cfa8a2-85ff-4bb9-a246-101c53d2d47b, raftlog=f6cfa8a2-85ff-4bb9-a246-101c53d2d47b@group-49E82E920F3F-SegmentedRaftLog:OPENED:c-1,f-1,i0, conf=-1: [7fad1e98-7a6b-4998-a30c-ec1ab88068bc:192.168.157.233:35716, bdb27072-dd00-4d3b-a7da-41600e490ca3:192.168.157.233:42906, f6cfa8a2-85ff-4bb9-a246-101c53d2d47b:192.168.157.233:44618], old=null
2019-10-25 11:07:59,530 [f6cfa8a2-85ff-4bb9-a246-101c53d2d47b@group-49E82E920F3F-LeaderElection595] INFO  impl.LeaderElection (LogUtils.java:infoOrTrace(149)) -   Exception 0: {}
java.util.concurrent.ExecutionException: org.apache.ratis.thirdparty.io.grpc.StatusRuntimeException: UNAVAILABLE: io exception
	at java.util.concurrent.FutureTask.report(FutureTask.java:122)
	at java.util.concurrent.FutureTask.get(FutureTask.java:192)
	at org.apache.ratis.server.impl.LeaderElection.waitForResults(LeaderElection.java:259)
	at org.apache.ratis.server.impl.LeaderElection.askForVotes(LeaderElection.java:197)
	at org.apache.ratis.server.impl.LeaderElection.run(LeaderElection.java:133)
	at java.lang.Thread.run(Thread.java:748)
Caused by: org.apache.ratis.thirdparty.io.grpc.StatusRuntimeException: UNAVAILABLE: io exception
	at org.apache.ratis.thirdparty.io.grpc.stub.ClientCalls.toStatusRuntimeException(ClientCalls.java:233)
	at org.apache.ratis.thirdparty.io.grpc.stub.ClientCalls.getUnchecked(ClientCalls.java:214)
	at org.apache.ratis.thirdparty.io.grpc.stub.ClientCalls.blockingUnaryCall(ClientCalls.java:139)
	at org.apache.ratis.proto.grpc.RaftServerProtocolServiceGrpc$RaftServerProtocolServiceBlockingStub.requestVote(RaftServerProtocolServiceGrpc.java:265)
	at org.apache.ratis.grpc.server.GrpcServerProtocolClient.requestVote(GrpcServerProtocolClient.java:99)
	at org.apache.ratis.grpc.server.GrpcService.requestVote(GrpcService.java:204)
	at org.apache.ratis.server.impl.LeaderElection.lambda$submitRequests$1(LeaderElection.java:234)
	at java.util.concurrent.FutureTask.run(FutureTask.java:266)
	at java.util.concurrent.Executors$RunnableAdapter.call(Executors.java:511)
	at java.util.concurrent.FutureTask.run(FutureTask.java:266)
	at java.util.concurrent.ThreadPoolExecutor.runWorker(ThreadPoolExecutor.java:1149)
	at java.util.concurrent.ThreadPoolExecutor$Worker.run(ThreadPoolExecutor.java:624)
	... 1 more
Caused by: org.apache.ratis.thirdparty.io.netty.channel.AbstractChannel$AnnotatedConnectException: Connection refused: /192.168.157.233:35716
	at sun.nio.ch.SocketChannelImpl.checkConnect(Native Method)
	at sun.nio.ch.SocketChannelImpl.finishConnect(SocketChannelImpl.java:717)
	at org.apache.ratis.thirdparty.io.netty.channel.socket.nio.NioSocketChannel.doFinishConnect(NioSocketChannel.java:327)
	at org.apache.ratis.thirdparty.io.netty.channel.nio.AbstractNioChannel$AbstractNioUnsafe.finishConnect(AbstractNioChannel.java:340)
	at org.apache.ratis.thirdparty.io.netty.channel.nio.NioEventLoop.processSelectedKey(NioEventLoop.java:632)
	at org.apache.ratis.thirdparty.io.netty.channel.nio.NioEventLoop.processSelectedKeysOptimized(NioEventLoop.java:579)
	at org.apache.ratis.thirdparty.io.netty.channel.nio.NioEventLoop.processSelectedKeys(NioEventLoop.java:496)
	at org.apache.ratis.thirdparty.io.netty.channel.nio.NioEventLoop.run(NioEventLoop.java:458)
	at org.apache.ratis.thirdparty.io.netty.util.concurrent.SingleThreadEventExecutor$5.run(SingleThreadEventExecutor.java:897)
	at org.apache.ratis.thirdparty.io.netty.util.concurrent.FastThreadLocalRunnable.run(FastThreadLocalRunnable.java:30)
	... 1 more
Caused by: java.net.ConnectException: Connection refused
	... 11 more
2019-10-25 11:07:59,530 [f6cfa8a2-85ff-4bb9-a246-101c53d2d47b@group-49E82E920F3F-LeaderElection595] INFO  impl.RaftServerImpl (RaftServerImpl.java:setRole(184)) - f6cfa8a2-85ff-4bb9-a246-101c53d2d47b@group-49E82E920F3F: changes role from CANDIDATE to FOLLOWER at term 184 for DISCOVERED_A_NEW_TERM
2019-10-25 11:07:59,530 [f6cfa8a2-85ff-4bb9-a246-101c53d2d47b@group-49E82E920F3F-LeaderElection595] INFO  impl.RoleInfo (RoleInfo.java:shutdownLeaderElection(134)) - f6cfa8a2-85ff-4bb9-a246-101c53d2d47b: shutdown LeaderElection
2019-10-25 11:07:59,530 [f6cfa8a2-85ff-4bb9-a246-101c53d2d47b@group-49E82E920F3F-LeaderElection595] INFO  impl.RoleInfo (RoleInfo.java:updateAndGet(143)) - f6cfa8a2-85ff-4bb9-a246-101c53d2d47b: start FollowerState
2019-10-25 11:07:59,578 [Thread-4961] INFO  impl.FollowerState (FollowerState.java:run(108)) - f6cfa8a2-85ff-4bb9-a246-101c53d2d47b@group-49E82E920F3F-FollowerState: change to CANDIDATE, lastRpcTime:47ms, electionTimeout:47ms
2019-10-25 11:07:59,578 [Thread-4961] INFO  impl.RoleInfo (RoleInfo.java:shutdownFollowerState(121)) - f6cfa8a2-85ff-4bb9-a246-101c53d2d47b: shutdown FollowerState
2019-10-25 11:07:59,578 [Thread-4961] INFO  impl.RaftServerImpl (RaftServerImpl.java:setRole(184)) - f6cfa8a2-85ff-4bb9-a246-101c53d2d47b@group-49E82E920F3F: changes role from  FOLLOWER to CANDIDATE at term 184 for changeToCandidate
2019-10-25 11:07:59,578 [Thread-4961] INFO  impl.RoleInfo (RoleInfo.java:updateAndGet(143)) - f6cfa8a2-85ff-4bb9-a246-101c53d2d47b: start LeaderElection
2019-10-25 11:07:59,592 [f6cfa8a2-85ff-4bb9-a246-101c53d2d47b@group-49E82E920F3F-LeaderElection596] INFO  impl.LeaderElection (LeaderElection.java:askForVotes(178)) - f6cfa8a2-85ff-4bb9-a246-101c53d2d47b@group-49E82E920F3F-LeaderElection596: begin an election at term 185 for -1: [7fad1e98-7a6b-4998-a30c-ec1ab88068bc:192.168.157.233:35716, bdb27072-dd00-4d3b-a7da-41600e490ca3:192.168.157.233:42906, f6cfa8a2-85ff-4bb9-a246-101c53d2d47b:192.168.157.233:44618], old=null
2019-10-25 11:07:59,593 [f6cfa8a2-85ff-4bb9-a246-101c53d2d47b@group-49E82E920F3F-LeaderElection596] INFO  impl.LeaderElection (LogUtils.java:infoOrTrace(149)) - f6cfa8a2-85ff-4bb9-a246-101c53d2d47b@group-49E82E920F3F-LeaderElection596 got exception when requesting votes: {}
java.util.concurrent.ExecutionException: org.apache.ratis.thirdparty.io.grpc.StatusRuntimeException: UNAVAILABLE: io exception
	at java.util.concurrent.FutureTask.report(FutureTask.java:122)
	at java.util.concurrent.FutureTask.get(FutureTask.java:192)
	at org.apache.ratis.server.impl.LeaderElection.waitForResults(LeaderElection.java:259)
	at org.apache.ratis.server.impl.LeaderElection.askForVotes(LeaderElection.java:197)
	at org.apache.ratis.server.impl.LeaderElection.run(LeaderElection.java:133)
	at java.lang.Thread.run(Thread.java:748)
Caused by: org.apache.ratis.thirdparty.io.grpc.StatusRuntimeException: UNAVAILABLE: io exception
	at org.apache.ratis.thirdparty.io.grpc.stub.ClientCalls.toStatusRuntimeException(ClientCalls.java:233)
	at org.apache.ratis.thirdparty.io.grpc.stub.ClientCalls.getUnchecked(ClientCalls.java:214)
	at org.apache.ratis.thirdparty.io.grpc.stub.ClientCalls.blockingUnaryCall(ClientCalls.java:139)
	at org.apache.ratis.proto.grpc.RaftServerProtocolServiceGrpc$RaftServerProtocolServiceBlockingStub.requestVote(RaftServerProtocolServiceGrpc.java:265)
	at org.apache.ratis.grpc.server.GrpcServerProtocolClient.requestVote(GrpcServerProtocolClient.java:99)
	at org.apache.ratis.grpc.server.GrpcService.requestVote(GrpcService.java:204)
	at org.apache.ratis.server.impl.LeaderElection.lambda$submitRequests$1(LeaderElection.java:234)
	at java.util.concurrent.FutureTask.run(FutureTask.java:266)
	at java.util.concurrent.Executors$RunnableAdapter.call(Executors.java:511)
	at java.util.concurrent.FutureTask.run(FutureTask.java:266)
	at java.util.concurrent.ThreadPoolExecutor.runWorker(ThreadPoolExecutor.java:1149)
	at java.util.concurrent.ThreadPoolExecutor$Worker.run(ThreadPoolExecutor.java:624)
	... 1 more
Caused by: org.apache.ratis.thirdparty.io.netty.channel.AbstractChannel$AnnotatedConnectException: Connection refused: /192.168.157.233:35716
	at sun.nio.ch.SocketChannelImpl.checkConnect(Native Method)
	at sun.nio.ch.SocketChannelImpl.finishConnect(SocketChannelImpl.java:717)
	at org.apache.ratis.thirdparty.io.netty.channel.socket.nio.NioSocketChannel.doFinishConnect(NioSocketChannel.java:327)
	at org.apache.ratis.thirdparty.io.netty.channel.nio.AbstractNioChannel$AbstractNioUnsafe.finishConnect(AbstractNioChannel.java:340)
	at org.apache.ratis.thirdparty.io.netty.channel.nio.NioEventLoop.processSelectedKey(NioEventLoop.java:632)
	at org.apache.ratis.thirdparty.io.netty.channel.nio.NioEventLoop.processSelectedKeysOptimized(NioEventLoop.java:579)
	at org.apache.ratis.thirdparty.io.netty.channel.nio.NioEventLoop.processSelectedKeys(NioEventLoop.java:496)
	at org.apache.ratis.thirdparty.io.netty.channel.nio.NioEventLoop.run(NioEventLoop.java:458)
	at org.apache.ratis.thirdparty.io.netty.util.concurrent.SingleThreadEventExecutor$5.run(SingleThreadEventExecutor.java:897)
	at org.apache.ratis.thirdparty.io.netty.util.concurrent.FastThreadLocalRunnable.run(FastThreadLocalRunnable.java:30)
	... 1 more
Caused by: java.net.ConnectException: Connection refused
	... 11 more
2019-10-25 11:07:59,593 [grpc-default-executor-9] INFO  impl.RaftServerImpl (RaftServerImpl.java:setRole(184)) - bdb27072-dd00-4d3b-a7da-41600e490ca3@group-49E82E920F3F: changes role from  FOLLOWER to FOLLOWER at term 185 for recognizeCandidate:f6cfa8a2-85ff-4bb9-a246-101c53d2d47b
2019-10-25 11:07:59,594 [grpc-default-executor-9] INFO  impl.RoleInfo (RoleInfo.java:shutdownFollowerState(121)) - bdb27072-dd00-4d3b-a7da-41600e490ca3: shutdown FollowerState
2019-10-25 11:07:59,594 [grpc-default-executor-9] INFO  impl.RoleInfo (RoleInfo.java:updateAndGet(143)) - bdb27072-dd00-4d3b-a7da-41600e490ca3: start FollowerState
2019-10-25 11:07:59,594 [Thread-4960] INFO  impl.FollowerState (FollowerState.java:run(117)) - bdb27072-dd00-4d3b-a7da-41600e490ca3@group-49E82E920F3F-FollowerState was interrupted: java.lang.InterruptedException: sleep interrupted
2019-10-25 11:07:59,607 [f6cfa8a2-85ff-4bb9-a246-101c53d2d47b@group-49E82E920F3F-LeaderElection596] INFO  impl.LeaderElection (LeaderElection.java:logAndReturn(56)) - f6cfa8a2-85ff-4bb9-a246-101c53d2d47b@group-49E82E920F3F-LeaderElection596: Election REJECTED; received 1 response(s) [f6cfa8a2-85ff-4bb9-a246-101c53d2d47b<-bdb27072-dd00-4d3b-a7da-41600e490ca3#0:FAIL-t185] and 1 exception(s); f6cfa8a2-85ff-4bb9-a246-101c53d2d47b@group-49E82E920F3F:t185, leader=null, voted=f6cfa8a2-85ff-4bb9-a246-101c53d2d47b, raftlog=f6cfa8a2-85ff-4bb9-a246-101c53d2d47b@group-49E82E920F3F-SegmentedRaftLog:OPENED:c-1,f-1,i0, conf=-1: [7fad1e98-7a6b-4998-a30c-ec1ab88068bc:192.168.157.233:35716, bdb27072-dd00-4d3b-a7da-41600e490ca3:192.168.157.233:42906, f6cfa8a2-85ff-4bb9-a246-101c53d2d47b:192.168.157.233:44618], old=null
2019-10-25 11:07:59,607 [f6cfa8a2-85ff-4bb9-a246-101c53d2d47b@group-49E82E920F3F-LeaderElection596] INFO  impl.LeaderElection (LogUtils.java:infoOrTrace(149)) -   Exception 0: {}
java.util.concurrent.ExecutionException: org.apache.ratis.thirdparty.io.grpc.StatusRuntimeException: UNAVAILABLE: io exception
	at java.util.concurrent.FutureTask.report(FutureTask.java:122)
	at java.util.concurrent.FutureTask.get(FutureTask.java:192)
	at org.apache.ratis.server.impl.LeaderElection.waitForResults(LeaderElection.java:259)
	at org.apache.ratis.server.impl.LeaderElection.askForVotes(LeaderElection.java:197)
	at org.apache.ratis.server.impl.LeaderElection.run(LeaderElection.java:133)
	at java.lang.Thread.run(Thread.java:748)
Caused by: org.apache.ratis.thirdparty.io.grpc.StatusRuntimeException: UNAVAILABLE: io exception
	at org.apache.ratis.thirdparty.io.grpc.stub.ClientCalls.toStatusRuntimeException(ClientCalls.java:233)
	at org.apache.ratis.thirdparty.io.grpc.stub.ClientCalls.getUnchecked(ClientCalls.java:214)
	at org.apache.ratis.thirdparty.io.grpc.stub.ClientCalls.blockingUnaryCall(ClientCalls.java:139)
	at org.apache.ratis.proto.grpc.RaftServerProtocolServiceGrpc$RaftServerProtocolServiceBlockingStub.requestVote(RaftServerProtocolServiceGrpc.java:265)
	at org.apache.ratis.grpc.server.GrpcServerProtocolClient.requestVote(GrpcServerProtocolClient.java:99)
	at org.apache.ratis.grpc.server.GrpcService.requestVote(GrpcService.java:204)
	at org.apache.ratis.server.impl.LeaderElection.lambda$submitRequests$1(LeaderElection.java:234)
	at java.util.concurrent.FutureTask.run(FutureTask.java:266)
	at java.util.concurrent.Executors$RunnableAdapter.call(Executors.java:511)
	at java.util.concurrent.FutureTask.run(FutureTask.java:266)
	at java.util.concurrent.ThreadPoolExecutor.runWorker(ThreadPoolExecutor.java:1149)
	at java.util.concurrent.ThreadPoolExecutor$Worker.run(ThreadPoolExecutor.java:624)
	... 1 more
Caused by: org.apache.ratis.thirdparty.io.netty.channel.AbstractChannel$AnnotatedConnectException: Connection refused: /192.168.157.233:35716
	at sun.nio.ch.SocketChannelImpl.checkConnect(Native Method)
	at sun.nio.ch.SocketChannelImpl.finishConnect(SocketChannelImpl.java:717)
	at org.apache.ratis.thirdparty.io.netty.channel.socket.nio.NioSocketChannel.doFinishConnect(NioSocketChannel.java:327)
	at org.apache.ratis.thirdparty.io.netty.channel.nio.AbstractNioChannel$AbstractNioUnsafe.finishConnect(AbstractNioChannel.java:340)
	at org.apache.ratis.thirdparty.io.netty.channel.nio.NioEventLoop.processSelectedKey(NioEventLoop.java:632)
	at org.apache.ratis.thirdparty.io.netty.channel.nio.NioEventLoop.processSelectedKeysOptimized(NioEventLoop.java:579)
	at org.apache.ratis.thirdparty.io.netty.channel.nio.NioEventLoop.processSelectedKeys(NioEventLoop.java:496)
	at org.apache.ratis.thirdparty.io.netty.channel.nio.NioEventLoop.run(NioEventLoop.java:458)
	at org.apache.ratis.thirdparty.io.netty.util.concurrent.SingleThreadEventExecutor$5.run(SingleThreadEventExecutor.java:897)
	at org.apache.ratis.thirdparty.io.netty.util.concurrent.FastThreadLocalRunnable.run(FastThreadLocalRunnable.java:30)
	... 1 more
Caused by: java.net.ConnectException: Connection refused
	... 11 more
2019-10-25 11:07:59,607 [f6cfa8a2-85ff-4bb9-a246-101c53d2d47b@group-49E82E920F3F-LeaderElection596] INFO  impl.RaftServerImpl (RaftServerImpl.java:setRole(184)) - f6cfa8a2-85ff-4bb9-a246-101c53d2d47b@group-49E82E920F3F: changes role from CANDIDATE to FOLLOWER at term 185 for DISCOVERED_A_NEW_TERM
2019-10-25 11:07:59,607 [f6cfa8a2-85ff-4bb9-a246-101c53d2d47b@group-49E82E920F3F-LeaderElection596] INFO  impl.RoleInfo (RoleInfo.java:shutdownLeaderElection(134)) - f6cfa8a2-85ff-4bb9-a246-101c53d2d47b: shutdown LeaderElection
2019-10-25 11:07:59,608 [f6cfa8a2-85ff-4bb9-a246-101c53d2d47b@group-49E82E920F3F-LeaderElection596] INFO  impl.RoleInfo (RoleInfo.java:updateAndGet(143)) - f6cfa8a2-85ff-4bb9-a246-101c53d2d47b: start FollowerState
2019-10-25 11:07:59,798 [ForkJoinPool.commonPool-worker-0] INFO  ozoneimpl.OzoneContainer (OzoneContainer.java:stop(227)) - Attempting to stop container services.
2019-10-25 11:07:59,798 [ForkJoinPool.commonPool-worker-0] INFO  impl.RaftServerProxy (RaftServerProxy.java:lambda$close$4(314)) - f5dc0a75-b584-4700-be7c-7942c0d8117c: close
2019-10-25 11:07:59,798 [ForkJoinPool.commonPool-worker-0] INFO  impl.RaftServerImpl (RaftServerImpl.java:lambda$shutdown$3(261)) - f5dc0a75-b584-4700-be7c-7942c0d8117c@group-F49912238874: shutdown
2019-10-25 11:07:59,798 [ForkJoinPool.commonPool-worker-0] INFO  util.JmxRegister (JmxRegister.java:unregister(73)) - Successfully un-registered JMX Bean with object name Ratis:service=RaftServer,group=group-F49912238874,id=f5dc0a75-b584-4700-be7c-7942c0d8117c
2019-10-25 11:07:59,799 [ForkJoinPool.commonPool-worker-0] INFO  impl.RoleInfo (RoleInfo.java:shutdownLeaderState(104)) - f5dc0a75-b584-4700-be7c-7942c0d8117c: shutdown LeaderState
2019-10-25 11:07:59,799 [ForkJoinPool.commonPool-worker-0] INFO  impl.PendingRequests (PendingRequests.java:sendNotLeaderResponses(202)) - f5dc0a75-b584-4700-be7c-7942c0d8117c@group-F49912238874-PendingRequests: sendNotLeaderResponses
2019-10-25 11:07:59,799 [main] INFO  ozoneimpl.OzoneContainer (OzoneContainer.java:stop(227)) - Attempting to stop container services.
2019-10-25 11:07:59,799 [ForkJoinPool.commonPool-worker-0] INFO  impl.StateMachineUpdater (StateMachineUpdater.java:stopAndJoin(136)) - f5dc0a75-b584-4700-be7c-7942c0d8117c@group-F49912238874-StateMachineUpdater: set stopIndex = 0
2019-10-25 11:07:59,800 [main] INFO  impl.RaftServerProxy (RaftServerProxy.java:lambda$close$4(314)) - bdb27072-dd00-4d3b-a7da-41600e490ca3: close
2019-10-25 11:07:59,800 [main] INFO  impl.RaftServerImpl (RaftServerImpl.java:lambda$shutdown$3(261)) - bdb27072-dd00-4d3b-a7da-41600e490ca3@group-49E82E920F3F: shutdown
2019-10-25 11:07:59,800 [Thread-4966] INFO  impl.FollowerState (FollowerState.java:run(108)) - f6cfa8a2-85ff-4bb9-a246-101c53d2d47b@group-49E82E920F3F-FollowerState: change to CANDIDATE, lastRpcTime:192ms, electionTimeout:192ms
2019-10-25 11:07:59,800 [ForkJoinPool.commonPool-worker-0] INFO  impl.RaftServerImpl (ServerState.java:close(388)) - f5dc0a75-b584-4700-be7c-7942c0d8117c@group-F49912238874: closes. applyIndex: 0
2019-10-25 11:07:59,800 [Thread-4966] INFO  impl.RoleInfo (RoleInfo.java:shutdownFollowerState(121)) - f6cfa8a2-85ff-4bb9-a246-101c53d2d47b: shutdown FollowerState
2019-10-25 11:07:59,800 [main] INFO  util.JmxRegister (JmxRegister.java:unregister(73)) - Successfully un-registered JMX Bean with object name Ratis:service=RaftServer,group=group-49E82E920F3F,id=bdb27072-dd00-4d3b-a7da-41600e490ca3
2019-10-25 11:07:59,801 [main] INFO  impl.RoleInfo (RoleInfo.java:shutdownFollowerState(121)) - bdb27072-dd00-4d3b-a7da-41600e490ca3: shutdown FollowerState
2019-10-25 11:07:59,801 [f5dc0a75-b584-4700-be7c-7942c0d8117c@group-F49912238874-SegmentedRaftLogWorker] INFO  segmented.SegmentedRaftLogWorker (SegmentedRaftLogWorker.java:run(316)) - f5dc0a75-b584-4700-be7c-7942c0d8117c@group-F49912238874-SegmentedRaftLogWorker was interrupted, exiting. There are 0 tasks remaining in the queue.
2019-10-25 11:07:59,800 [Thread-4966] INFO  impl.RaftServerImpl (RaftServerImpl.java:setRole(184)) - f6cfa8a2-85ff-4bb9-a246-101c53d2d47b@group-49E82E920F3F: changes role from  FOLLOWER to CANDIDATE at term 185 for changeToCandidate
2019-10-25 11:07:59,801 [Thread-4965] INFO  impl.FollowerState (FollowerState.java:run(117)) - bdb27072-dd00-4d3b-a7da-41600e490ca3@group-49E82E920F3F-FollowerState was interrupted: java.lang.InterruptedException: sleep interrupted
2019-10-25 11:07:59,803 [Thread-4966] INFO  impl.RoleInfo (RoleInfo.java:updateAndGet(143)) - f6cfa8a2-85ff-4bb9-a246-101c53d2d47b: start LeaderElection
2019-10-25 11:07:59,801 [main] INFO  impl.StateMachineUpdater (StateMachineUpdater.java:stopAndJoin(136)) - bdb27072-dd00-4d3b-a7da-41600e490ca3@group-49E82E920F3F-StateMachineUpdater: set stopIndex = 0
2019-10-25 11:07:59,803 [ForkJoinPool.commonPool-worker-0] INFO  segmented.SegmentedRaftLogWorker (SegmentedRaftLogWorker.java:close(224)) - f5dc0a75-b584-4700-be7c-7942c0d8117c@group-F49912238874-SegmentedRaftLogWorker close()
2019-10-25 11:07:59,804 [main] INFO  impl.RaftServerImpl (ServerState.java:close(388)) - bdb27072-dd00-4d3b-a7da-41600e490ca3@group-49E82E920F3F: closes. applyIndex: 0
2019-10-25 11:07:59,805 [ForkJoinPool.commonPool-worker-0] INFO  impl.RaftServerImpl (RaftServerImpl.java:lambda$shutdown$3(261)) - f5dc0a75-b584-4700-be7c-7942c0d8117c@group-B334D6EBB589: shutdown
2019-10-25 11:07:59,805 [bdb27072-dd00-4d3b-a7da-41600e490ca3@group-49E82E920F3F-SegmentedRaftLogWorker] INFO  segmented.SegmentedRaftLogWorker (SegmentedRaftLogWorker.java:run(316)) - bdb27072-dd00-4d3b-a7da-41600e490ca3@group-49E82E920F3F-SegmentedRaftLogWorker was interrupted, exiting. There are 0 tasks remaining in the queue.
2019-10-25 11:07:59,805 [ForkJoinPool.commonPool-worker-0] INFO  util.JmxRegister (JmxRegister.java:unregister(73)) - Successfully un-registered JMX Bean with object name Ratis:service=RaftServer,group=group-B334D6EBB589,id=f5dc0a75-b584-4700-be7c-7942c0d8117c
2019-10-25 11:07:59,806 [main] INFO  segmented.SegmentedRaftLogWorker (SegmentedRaftLogWorker.java:close(224)) - bdb27072-dd00-4d3b-a7da-41600e490ca3@group-49E82E920F3F-SegmentedRaftLogWorker close()
2019-10-25 11:07:59,806 [ForkJoinPool.commonPool-worker-0] INFO  impl.RoleInfo (RoleInfo.java:shutdownFollowerState(121)) - f5dc0a75-b584-4700-be7c-7942c0d8117c: shutdown FollowerState
2019-10-25 11:07:59,808 [main] INFO  impl.RaftServerImpl (RaftServerImpl.java:lambda$shutdown$3(261)) - bdb27072-dd00-4d3b-a7da-41600e490ca3@group-BA20A1D5CAC7: shutdown
2019-10-25 11:07:59,808 [Thread-3671] INFO  impl.FollowerState (FollowerState.java:run(117)) - f5dc0a75-b584-4700-be7c-7942c0d8117c@group-B334D6EBB589-FollowerState was interrupted: java.lang.InterruptedException: sleep interrupted
2019-10-25 11:07:59,808 [ForkJoinPool.commonPool-worker-0] INFO  impl.StateMachineUpdater (StateMachineUpdater.java:stopAndJoin(136)) - f5dc0a75-b584-4700-be7c-7942c0d8117c@group-B334D6EBB589-StateMachineUpdater: set stopIndex = 0
2019-10-25 11:07:59,808 [main] INFO  util.JmxRegister (JmxRegister.java:unregister(73)) - Successfully un-registered JMX Bean with object name Ratis:service=RaftServer,group=group-BA20A1D5CAC7,id=bdb27072-dd00-4d3b-a7da-41600e490ca3
2019-10-25 11:07:59,808 [ForkJoinPool.commonPool-worker-0] INFO  impl.RaftServerImpl (ServerState.java:close(388)) - f5dc0a75-b584-4700-be7c-7942c0d8117c@group-B334D6EBB589: closes. applyIndex: 0
2019-10-25 11:07:59,809 [main] INFO  impl.RoleInfo (RoleInfo.java:shutdownLeaderState(104)) - bdb27072-dd00-4d3b-a7da-41600e490ca3: shutdown LeaderState
2019-10-25 11:07:59,809 [f5dc0a75-b584-4700-be7c-7942c0d8117c@group-B334D6EBB589-SegmentedRaftLogWorker] INFO  segmented.SegmentedRaftLogWorker (SegmentedRaftLogWorker.java:run(316)) - f5dc0a75-b584-4700-be7c-7942c0d8117c@group-B334D6EBB589-SegmentedRaftLogWorker was interrupted, exiting. There are 0 tasks remaining in the queue.
2019-10-25 11:07:59,809 [main] INFO  impl.PendingRequests (PendingRequests.java:sendNotLeaderResponses(202)) - bdb27072-dd00-4d3b-a7da-41600e490ca3@group-BA20A1D5CAC7-PendingRequests: sendNotLeaderResponses
2019-10-25 11:07:59,810 [ForkJoinPool.commonPool-worker-0] INFO  segmented.SegmentedRaftLogWorker (SegmentedRaftLogWorker.java:close(224)) - f5dc0a75-b584-4700-be7c-7942c0d8117c@group-B334D6EBB589-SegmentedRaftLogWorker close()
2019-10-25 11:07:59,810 [main] INFO  impl.StateMachineUpdater (StateMachineUpdater.java:stopAndJoin(136)) - bdb27072-dd00-4d3b-a7da-41600e490ca3@group-BA20A1D5CAC7-StateMachineUpdater: set stopIndex = 0
2019-10-25 11:07:59,812 [ForkJoinPool.commonPool-worker-0] INFO  server.GrpcService (GrpcService.java:closeImpl(164)) - f5dc0a75-b584-4700-be7c-7942c0d8117c: shutdown server with port 38534 now
2019-10-25 11:07:59,812 [main] INFO  impl.RaftServerImpl (ServerState.java:close(388)) - bdb27072-dd00-4d3b-a7da-41600e490ca3@group-BA20A1D5CAC7: closes. applyIndex: 0
2019-10-25 11:07:59,813 [bdb27072-dd00-4d3b-a7da-41600e490ca3@group-BA20A1D5CAC7-SegmentedRaftLogWorker] INFO  segmented.SegmentedRaftLogWorker (SegmentedRaftLogWorker.java:run(316)) - bdb27072-dd00-4d3b-a7da-41600e490ca3@group-BA20A1D5CAC7-SegmentedRaftLogWorker was interrupted, exiting. There are 0 tasks remaining in the queue.
2019-10-25 11:07:59,815 [main] INFO  segmented.SegmentedRaftLogWorker (SegmentedRaftLogWorker.java:close(224)) - bdb27072-dd00-4d3b-a7da-41600e490ca3@group-BA20A1D5CAC7-SegmentedRaftLogWorker close()
2019-10-25 11:07:59,815 [grpc-default-executor-4] WARN  server.GrpcServerProtocolService (LogUtils.java:warn(134)) - f5dc0a75-b584-4700-be7c-7942c0d8117c: installSnapshot onError, lastRequest: 8a2c850d-503a-4b6a-9325-357a6554e10c->f5dc0a75-b584-4700-be7c-7942c0d8117c#45-t1, previous=(t:1, i:0), leaderCommit=0, initializing? false, entries: <empty>: org.apache.ratis.thirdparty.io.grpc.StatusRuntimeException: CANCELLED: cancelled before receiving half close
2019-10-25 11:07:59,818 [main] INFO  server.GrpcService (GrpcService.java:closeImpl(164)) - bdb27072-dd00-4d3b-a7da-41600e490ca3: shutdown server with port 42906 now
2019-10-25 11:07:59,818 [ForkJoinPool.commonPool-worker-0] INFO  server.GrpcService (GrpcService.java:closeImpl(172)) - f5dc0a75-b584-4700-be7c-7942c0d8117c: shutdown server with port 38534 successfully
2019-10-25 11:07:59,819 [grpc-default-executor-5] WARN  server.GrpcLogAppender (LogUtils.java:warn(134)) - 8a2c850d-503a-4b6a-9325-357a6554e10c@group-B334D6EBB589->f5dc0a75-b584-4700-be7c-7942c0d8117c-AppendLogResponseHandler: Failed appendEntries: org.apache.ratis.thirdparty.io.grpc.StatusRuntimeException: CANCELLED: HTTP/2 error code: CANCEL
Received Rst Stream
2019-10-25 11:07:59,819 [main] INFO  server.GrpcService (GrpcService.java:closeImpl(172)) - bdb27072-dd00-4d3b-a7da-41600e490ca3: shutdown server with port 42906 successfully
2019-10-25 11:07:59,820 [refreshUsed-/workdir/hadoop-ozone/integration-test/target/test-dir/MiniOzoneClusterImpl-0a85d326-9d58-4237-89dd-96557ce3dac1/datanode-3/data/containers] WARN  fs.CachingGetSpaceUsed (CachingGetSpaceUsed.java:run(183)) - Thread Interrupted waiting to refresh disk information: sleep interrupted
2019-10-25 11:07:59,823 [refreshUsed-/workdir/hadoop-ozone/integration-test/target/test-dir/MiniOzoneClusterImpl-0a85d326-9d58-4237-89dd-96557ce3dac1/datanode-6/data/containers] WARN  fs.CachingGetSpaceUsed (CachingGetSpaceUsed.java:run(183)) - Thread Interrupted waiting to refresh disk information: sleep interrupted
2019-10-25 11:07:59,825 [f6cfa8a2-85ff-4bb9-a246-101c53d2d47b@group-49E82E920F3F-LeaderElection597] INFO  impl.LeaderElection (LeaderElection.java:askForVotes(178)) - f6cfa8a2-85ff-4bb9-a246-101c53d2d47b@group-49E82E920F3F-LeaderElection597: begin an election at term 186 for -1: [7fad1e98-7a6b-4998-a30c-ec1ab88068bc:192.168.157.233:35716, bdb27072-dd00-4d3b-a7da-41600e490ca3:192.168.157.233:42906, f6cfa8a2-85ff-4bb9-a246-101c53d2d47b:192.168.157.233:44618], old=null
2019-10-25 11:07:59,826 [f6cfa8a2-85ff-4bb9-a246-101c53d2d47b@group-49E82E920F3F-LeaderElection597] INFO  impl.LeaderElection (LogUtils.java:infoOrTrace(149)) - f6cfa8a2-85ff-4bb9-a246-101c53d2d47b@group-49E82E920F3F-LeaderElection597 got exception when requesting votes: {}
java.util.concurrent.ExecutionException: org.apache.ratis.thirdparty.io.grpc.StatusRuntimeException: UNAVAILABLE: io exception
	at java.util.concurrent.FutureTask.report(FutureTask.java:122)
	at java.util.concurrent.FutureTask.get(FutureTask.java:192)
	at org.apache.ratis.server.impl.LeaderElection.waitForResults(LeaderElection.java:259)
	at org.apache.ratis.server.impl.LeaderElection.askForVotes(LeaderElection.java:197)
	at org.apache.ratis.server.impl.LeaderElection.run(LeaderElection.java:133)
	at java.lang.Thread.run(Thread.java:748)
Caused by: org.apache.ratis.thirdparty.io.grpc.StatusRuntimeException: UNAVAILABLE: io exception
	at org.apache.ratis.thirdparty.io.grpc.stub.ClientCalls.toStatusRuntimeException(ClientCalls.java:233)
	at org.apache.ratis.thirdparty.io.grpc.stub.ClientCalls.getUnchecked(ClientCalls.java:214)
	at org.apache.ratis.thirdparty.io.grpc.stub.ClientCalls.blockingUnaryCall(ClientCalls.java:139)
	at org.apache.ratis.proto.grpc.RaftServerProtocolServiceGrpc$RaftServerProtocolServiceBlockingStub.requestVote(RaftServerProtocolServiceGrpc.java:265)
	at org.apache.ratis.grpc.server.GrpcServerProtocolClient.requestVote(GrpcServerProtocolClient.java:99)
	at org.apache.ratis.grpc.server.GrpcService.requestVote(GrpcService.java:204)
	at org.apache.ratis.server.impl.LeaderElection.lambda$submitRequests$1(LeaderElection.java:234)
	at java.util.concurrent.FutureTask.run(FutureTask.java:266)
	at java.util.concurrent.Executors$RunnableAdapter.call(Executors.java:511)
	at java.util.concurrent.FutureTask.run(FutureTask.java:266)
	at java.util.concurrent.ThreadPoolExecutor.runWorker(ThreadPoolExecutor.java:1149)
	at java.util.concurrent.ThreadPoolExecutor$Worker.run(ThreadPoolExecutor.java:624)
	... 1 more
Caused by: org.apache.ratis.thirdparty.io.netty.channel.AbstractChannel$AnnotatedConnectException: Connection refused: /192.168.157.233:35716
	at sun.nio.ch.SocketChannelImpl.checkConnect(Native Method)
	at sun.nio.ch.SocketChannelImpl.finishConnect(SocketChannelImpl.java:717)
	at org.apache.ratis.thirdparty.io.netty.channel.socket.nio.NioSocketChannel.doFinishConnect(NioSocketChannel.java:327)
	at org.apache.ratis.thirdparty.io.netty.channel.nio.AbstractNioChannel$AbstractNioUnsafe.finishConnect(AbstractNioChannel.java:340)
	at org.apache.ratis.thirdparty.io.netty.channel.nio.NioEventLoop.processSelectedKey(NioEventLoop.java:632)
	at org.apache.ratis.thirdparty.io.netty.channel.nio.NioEventLoop.processSelectedKeysOptimized(NioEventLoop.java:579)
	at org.apache.ratis.thirdparty.io.netty.channel.nio.NioEventLoop.processSelectedKeys(NioEventLoop.java:496)
	at org.apache.ratis.thirdparty.io.netty.channel.nio.NioEventLoop.run(NioEventLoop.java:458)
	at org.apache.ratis.thirdparty.io.netty.util.concurrent.SingleThreadEventExecutor$5.run(SingleThreadEventExecutor.java:897)
	at org.apache.ratis.thirdparty.io.netty.util.concurrent.FastThreadLocalRunnable.run(FastThreadLocalRunnable.java:30)
	... 1 more
Caused by: java.net.ConnectException: Connection refused
	... 11 more
2019-10-25 11:07:59,830 [f6cfa8a2-85ff-4bb9-a246-101c53d2d47b@group-49E82E920F3F-LeaderElection597] INFO  impl.LeaderElection (LogUtils.java:infoOrTrace(149)) - f6cfa8a2-85ff-4bb9-a246-101c53d2d47b@group-49E82E920F3F-LeaderElection597 got exception when requesting votes: {}
java.util.concurrent.ExecutionException: org.apache.ratis.thirdparty.io.grpc.StatusRuntimeException: UNAVAILABLE: io exception
	at java.util.concurrent.FutureTask.report(FutureTask.java:122)
	at java.util.concurrent.FutureTask.get(FutureTask.java:192)
	at org.apache.ratis.server.impl.LeaderElection.waitForResults(LeaderElection.java:259)
	at org.apache.ratis.server.impl.LeaderElection.askForVotes(LeaderElection.java:197)
	at org.apache.ratis.server.impl.LeaderElection.run(LeaderElection.java:133)
	at java.lang.Thread.run(Thread.java:748)
Caused by: org.apache.ratis.thirdparty.io.grpc.StatusRuntimeException: UNAVAILABLE: io exception
	at org.apache.ratis.thirdparty.io.grpc.stub.ClientCalls.toStatusRuntimeException(ClientCalls.java:233)
	at org.apache.ratis.thirdparty.io.grpc.stub.ClientCalls.getUnchecked(ClientCalls.java:214)
	at org.apache.ratis.thirdparty.io.grpc.stub.ClientCalls.blockingUnaryCall(ClientCalls.java:139)
	at org.apache.ratis.proto.grpc.RaftServerProtocolServiceGrpc$RaftServerProtocolServiceBlockingStub.requestVote(RaftServerProtocolServiceGrpc.java:265)
	at org.apache.ratis.grpc.server.GrpcServerProtocolClient.requestVote(GrpcServerProtocolClient.java:99)
	at org.apache.ratis.grpc.server.GrpcService.requestVote(GrpcService.java:204)
	at org.apache.ratis.server.impl.LeaderElection.lambda$submitRequests$1(LeaderElection.java:234)
	at java.util.concurrent.FutureTask.run(FutureTask.java:266)
	at java.util.concurrent.Executors$RunnableAdapter.call(Executors.java:511)
	at java.util.concurrent.FutureTask.run(FutureTask.java:266)
	at java.util.concurrent.ThreadPoolExecutor.runWorker(ThreadPoolExecutor.java:1149)
	at java.util.concurrent.ThreadPoolExecutor$Worker.run(ThreadPoolExecutor.java:624)
	... 1 more
Caused by: org.apache.ratis.thirdparty.io.netty.channel.AbstractChannel$AnnotatedConnectException: Connection refused: /192.168.157.233:42906
	at sun.nio.ch.SocketChannelImpl.checkConnect(Native Method)
	at sun.nio.ch.SocketChannelImpl.finishConnect(SocketChannelImpl.java:717)
	at org.apache.ratis.thirdparty.io.netty.channel.socket.nio.NioSocketChannel.doFinishConnect(NioSocketChannel.java:327)
	at org.apache.ratis.thirdparty.io.netty.channel.nio.AbstractNioChannel$AbstractNioUnsafe.finishConnect(AbstractNioChannel.java:340)
	at org.apache.ratis.thirdparty.io.netty.channel.nio.NioEventLoop.processSelectedKey(NioEventLoop.java:632)
	at org.apache.ratis.thirdparty.io.netty.channel.nio.NioEventLoop.processSelectedKeysOptimized(NioEventLoop.java:579)
	at org.apache.ratis.thirdparty.io.netty.channel.nio.NioEventLoop.processSelectedKeys(NioEventLoop.java:496)
	at org.apache.ratis.thirdparty.io.netty.channel.nio.NioEventLoop.run(NioEventLoop.java:458)
	at org.apache.ratis.thirdparty.io.netty.util.concurrent.SingleThreadEventExecutor$5.run(SingleThreadEventExecutor.java:897)
	at org.apache.ratis.thirdparty.io.netty.util.concurrent.FastThreadLocalRunnable.run(FastThreadLocalRunnable.java:30)
	... 1 more
Caused by: java.net.ConnectException: Connection refused
	... 11 more
2019-10-25 11:07:59,837 [f6cfa8a2-85ff-4bb9-a246-101c53d2d47b@group-49E82E920F3F-LeaderElection597] INFO  impl.LeaderElection (LeaderElection.java:logAndReturn(56)) - f6cfa8a2-85ff-4bb9-a246-101c53d2d47b@group-49E82E920F3F-LeaderElection597: Election REJECTED; received 0 response(s) [] and 2 exception(s); f6cfa8a2-85ff-4bb9-a246-101c53d2d47b@group-49E82E920F3F:t186, leader=null, voted=f6cfa8a2-85ff-4bb9-a246-101c53d2d47b, raftlog=f6cfa8a2-85ff-4bb9-a246-101c53d2d47b@group-49E82E920F3F-SegmentedRaftLog:OPENED:c-1,f-1,i0, conf=-1: [7fad1e98-7a6b-4998-a30c-ec1ab88068bc:192.168.157.233:35716, bdb27072-dd00-4d3b-a7da-41600e490ca3:192.168.157.233:42906, f6cfa8a2-85ff-4bb9-a246-101c53d2d47b:192.168.157.233:44618], old=null
2019-10-25 11:07:59,837 [f6cfa8a2-85ff-4bb9-a246-101c53d2d47b@group-49E82E920F3F-LeaderElection597] INFO  impl.LeaderElection (LogUtils.java:infoOrTrace(149)) -   Exception 0: {}
java.util.concurrent.ExecutionException: org.apache.ratis.thirdparty.io.grpc.StatusRuntimeException: UNAVAILABLE: io exception
	at java.util.concurrent.FutureTask.report(FutureTask.java:122)
	at java.util.concurrent.FutureTask.get(FutureTask.java:192)
	at org.apache.ratis.server.impl.LeaderElection.waitForResults(LeaderElection.java:259)
	at org.apache.ratis.server.impl.LeaderElection.askForVotes(LeaderElection.java:197)
	at org.apache.ratis.server.impl.LeaderElection.run(LeaderElection.java:133)
	at java.lang.Thread.run(Thread.java:748)
Caused by: org.apache.ratis.thirdparty.io.grpc.StatusRuntimeException: UNAVAILABLE: io exception
	at org.apache.ratis.thirdparty.io.grpc.stub.ClientCalls.toStatusRuntimeException(ClientCalls.java:233)
	at org.apache.ratis.thirdparty.io.grpc.stub.ClientCalls.getUnchecked(ClientCalls.java:214)
	at org.apache.ratis.thirdparty.io.grpc.stub.ClientCalls.blockingUnaryCall(ClientCalls.java:139)
	at org.apache.ratis.proto.grpc.RaftServerProtocolServiceGrpc$RaftServerProtocolServiceBlockingStub.requestVote(RaftServerProtocolServiceGrpc.java:265)
	at org.apache.ratis.grpc.server.GrpcServerProtocolClient.requestVote(GrpcServerProtocolClient.java:99)
	at org.apache.ratis.grpc.server.GrpcService.requestVote(GrpcService.java:204)
	at org.apache.ratis.server.impl.LeaderElection.lambda$submitRequests$1(LeaderElection.java:234)
	at java.util.concurrent.FutureTask.run(FutureTask.java:266)
	at java.util.concurrent.Executors$RunnableAdapter.call(Executors.java:511)
	at java.util.concurrent.FutureTask.run(FutureTask.java:266)
	at java.util.concurrent.ThreadPoolExecutor.runWorker(ThreadPoolExecutor.java:1149)
	at java.util.concurrent.ThreadPoolExecutor$Worker.run(ThreadPoolExecutor.java:624)
	... 1 more
Caused by: org.apache.ratis.thirdparty.io.netty.channel.AbstractChannel$AnnotatedConnectException: Connection refused: /192.168.157.233:35716
	at sun.nio.ch.SocketChannelImpl.checkConnect(Native Method)
	at sun.nio.ch.SocketChannelImpl.finishConnect(SocketChannelImpl.java:717)
	at org.apache.ratis.thirdparty.io.netty.channel.socket.nio.NioSocketChannel.doFinishConnect(NioSocketChannel.java:327)
	at org.apache.ratis.thirdparty.io.netty.channel.nio.AbstractNioChannel$AbstractNioUnsafe.finishConnect(AbstractNioChannel.java:340)
	at org.apache.ratis.thirdparty.io.netty.channel.nio.NioEventLoop.processSelectedKey(NioEventLoop.java:632)
	at org.apache.ratis.thirdparty.io.netty.channel.nio.NioEventLoop.processSelectedKeysOptimized(NioEventLoop.java:579)
	at org.apache.ratis.thirdparty.io.netty.channel.nio.NioEventLoop.processSelectedKeys(NioEventLoop.java:496)
	at org.apache.ratis.thirdparty.io.netty.channel.nio.NioEventLoop.run(NioEventLoop.java:458)
	at org.apache.ratis.thirdparty.io.netty.util.concurrent.SingleThreadEventExecutor$5.run(SingleThreadEventExecutor.java:897)
	at org.apache.ratis.thirdparty.io.netty.util.concurrent.FastThreadLocalRunnable.run(FastThreadLocalRunnable.java:30)
	... 1 more
Caused by: java.net.ConnectException: Connection refused
	... 11 more
2019-10-25 11:07:59,837 [f6cfa8a2-85ff-4bb9-a246-101c53d2d47b@group-49E82E920F3F-LeaderElection597] INFO  impl.LeaderElection (LogUtils.java:infoOrTrace(149)) -   Exception 1: {}
java.util.concurrent.ExecutionException: org.apache.ratis.thirdparty.io.grpc.StatusRuntimeException: UNAVAILABLE: io exception
	at java.util.concurrent.FutureTask.report(FutureTask.java:122)
	at java.util.concurrent.FutureTask.get(FutureTask.java:192)
	at org.apache.ratis.server.impl.LeaderElection.waitForResults(LeaderElection.java:259)
	at org.apache.ratis.server.impl.LeaderElection.askForVotes(LeaderElection.java:197)
	at org.apache.ratis.server.impl.LeaderElection.run(LeaderElection.java:133)
	at java.lang.Thread.run(Thread.java:748)
Caused by: org.apache.ratis.thirdparty.io.grpc.StatusRuntimeException: UNAVAILABLE: io exception
	at org.apache.ratis.thirdparty.io.grpc.stub.ClientCalls.toStatusRuntimeException(ClientCalls.java:233)
	at org.apache.ratis.thirdparty.io.grpc.stub.ClientCalls.getUnchecked(ClientCalls.java:214)
	at org.apache.ratis.thirdparty.io.grpc.stub.ClientCalls.blockingUnaryCall(ClientCalls.java:139)
	at org.apache.ratis.proto.grpc.RaftServerProtocolServiceGrpc$RaftServerProtocolServiceBlockingStub.requestVote(RaftServerProtocolServiceGrpc.java:265)
	at org.apache.ratis.grpc.server.GrpcServerProtocolClient.requestVote(GrpcServerProtocolClient.java:99)
	at org.apache.ratis.grpc.server.GrpcService.requestVote(GrpcService.java:204)
	at org.apache.ratis.server.impl.LeaderElection.lambda$submitRequests$1(LeaderElection.java:234)
	at java.util.concurrent.FutureTask.run(FutureTask.java:266)
	at java.util.concurrent.Executors$RunnableAdapter.call(Executors.java:511)
	at java.util.concurrent.FutureTask.run(FutureTask.java:266)
	at java.util.concurrent.ThreadPoolExecutor.runWorker(ThreadPoolExecutor.java:1149)
	at java.util.concurrent.ThreadPoolExecutor$Worker.run(ThreadPoolExecutor.java:624)
	... 1 more
Caused by: org.apache.ratis.thirdparty.io.netty.channel.AbstractChannel$AnnotatedConnectException: Connection refused: /192.168.157.233:42906
	at sun.nio.ch.SocketChannelImpl.checkConnect(Native Method)
	at sun.nio.ch.SocketChannelImpl.finishConnect(SocketChannelImpl.java:717)
	at org.apache.ratis.thirdparty.io.netty.channel.socket.nio.NioSocketChannel.doFinishConnect(NioSocketChannel.java:327)
	at org.apache.ratis.thirdparty.io.netty.channel.nio.AbstractNioChannel$AbstractNioUnsafe.finishConnect(AbstractNioChannel.java:340)
	at org.apache.ratis.thirdparty.io.netty.channel.nio.NioEventLoop.processSelectedKey(NioEventLoop.java:632)
	at org.apache.ratis.thirdparty.io.netty.channel.nio.NioEventLoop.processSelectedKeysOptimized(NioEventLoop.java:579)
	at org.apache.ratis.thirdparty.io.netty.channel.nio.NioEventLoop.processSelectedKeys(NioEventLoop.java:496)
	at org.apache.ratis.thirdparty.io.netty.channel.nio.NioEventLoop.run(NioEventLoop.java:458)
	at org.apache.ratis.thirdparty.io.netty.util.concurrent.SingleThreadEventExecutor$5.run(SingleThreadEventExecutor.java:897)
	at org.apache.ratis.thirdparty.io.netty.util.concurrent.FastThreadLocalRunnable.run(FastThreadLocalRunnable.java:30)
	... 1 more
Caused by: java.net.ConnectException: Connection refused
	... 11 more
2019-10-25 11:07:59,838 [f6cfa8a2-85ff-4bb9-a246-101c53d2d47b@group-49E82E920F3F-LeaderElection597] INFO  impl.RaftServerImpl (RaftServerImpl.java:setRole(184)) - f6cfa8a2-85ff-4bb9-a246-101c53d2d47b@group-49E82E920F3F: changes role from CANDIDATE to FOLLOWER at term 186 for DISCOVERED_A_NEW_TERM
2019-10-25 11:07:59,838 [f6cfa8a2-85ff-4bb9-a246-101c53d2d47b@group-49E82E920F3F-LeaderElection597] INFO  impl.RoleInfo (RoleInfo.java:shutdownLeaderElection(134)) - f6cfa8a2-85ff-4bb9-a246-101c53d2d47b: shutdown LeaderElection
2019-10-25 11:07:59,838 [f6cfa8a2-85ff-4bb9-a246-101c53d2d47b@group-49E82E920F3F-LeaderElection597] INFO  impl.RoleInfo (RoleInfo.java:updateAndGet(143)) - f6cfa8a2-85ff-4bb9-a246-101c53d2d47b: start FollowerState
2019-10-25 11:07:59,845 [main] INFO  utils.BackgroundService (BackgroundService.java:shutdown(151)) - Shutting down service BlockDeletingService
2019-10-25 11:07:59,850 [main] INFO  statemachine.DatanodeStateMachine (DatanodeStateMachine.java:stopDaemon(395)) - Ozone container server stopped.
2019-10-25 11:07:59,851 [main] INFO  handler.ContextHandler (ContextHandler.java:doStop(910)) - Stopped o.e.j.w.WebAppContext@516592b1{/,null,UNAVAILABLE}{/hddsDatanode}
2019-10-25 11:07:59,853 [main] INFO  server.AbstractConnector (AbstractConnector.java:doStop(318)) - Stopped ServerConnector@4cffcc61{HTTP/1.1,[http/1.1]}{0.0.0.0:0}
2019-10-25 11:07:59,853 [main] INFO  handler.ContextHandler (ContextHandler.java:doStop(910)) - Stopped o.e.j.s.ServletContextHandler@55fdf7f9{/static,jar:file:/home/user/.m2/repository/org/apache/hadoop/hadoop-hdds-container-service/0.5.0-SNAPSHOT/hadoop-hdds-container-service-0.5.0-SNAPSHOT.jar!/webapps/static,UNAVAILABLE}
2019-10-25 11:07:59,853 [ForkJoinPool.commonPool-worker-0] INFO  utils.BackgroundService (BackgroundService.java:shutdown(151)) - Shutting down service BlockDeletingService
2019-10-25 11:07:59,853 [main] INFO  handler.ContextHandler (ContextHandler.java:doStop(910)) - Stopped o.e.j.s.ServletContextHandler@7a3269f5{/logs,file:///workdir/hadoop-ozone/integration-test/target/log,UNAVAILABLE}
2019-10-25 11:07:59,857 [ForkJoinPool.commonPool-worker-0] INFO  statemachine.DatanodeStateMachine (DatanodeStateMachine.java:stopDaemon(395)) - Ozone container server stopped.
2019-10-25 11:07:59,861 [ForkJoinPool.commonPool-worker-0] INFO  handler.ContextHandler (ContextHandler.java:doStop(910)) - Stopped o.e.j.w.WebAppContext@46046c06{/,null,UNAVAILABLE}{/hddsDatanode}
2019-10-25 11:07:59,862 [ForkJoinPool.commonPool-worker-0] INFO  server.AbstractConnector (AbstractConnector.java:doStop(318)) - Stopped ServerConnector@93824eb{HTTP/1.1,[http/1.1]}{0.0.0.0:0}
2019-10-25 11:07:59,863 [ForkJoinPool.commonPool-worker-0] INFO  handler.ContextHandler (ContextHandler.java:doStop(910)) - Stopped o.e.j.s.ServletContextHandler@f0020b1{/static,jar:file:/home/user/.m2/repository/org/apache/hadoop/hadoop-hdds-container-service/0.5.0-SNAPSHOT/hadoop-hdds-container-service-0.5.0-SNAPSHOT.jar!/webapps/static,UNAVAILABLE}
2019-10-25 11:07:59,864 [ForkJoinPool.commonPool-worker-0] INFO  handler.ContextHandler (ContextHandler.java:doStop(910)) - Stopped o.e.j.s.ServletContextHandler@40ac6b76{/logs,file:///workdir/hadoop-ozone/integration-test/target/log,UNAVAILABLE}
2019-10-25 11:07:59,902 [Thread-4972] INFO  impl.FollowerState (FollowerState.java:run(108)) - f6cfa8a2-85ff-4bb9-a246-101c53d2d47b@group-49E82E920F3F-FollowerState: change to CANDIDATE, lastRpcTime:64ms, electionTimeout:64ms
2019-10-25 11:07:59,903 [Thread-4972] INFO  impl.RoleInfo (RoleInfo.java:shutdownFollowerState(121)) - f6cfa8a2-85ff-4bb9-a246-101c53d2d47b: shutdown FollowerState
2019-10-25 11:07:59,903 [Thread-4972] INFO  impl.RaftServerImpl (RaftServerImpl.java:setRole(184)) - f6cfa8a2-85ff-4bb9-a246-101c53d2d47b@group-49E82E920F3F: changes role from  FOLLOWER to CANDIDATE at term 186 for changeToCandidate
2019-10-25 11:07:59,903 [Thread-4972] INFO  impl.RoleInfo (RoleInfo.java:updateAndGet(143)) - f6cfa8a2-85ff-4bb9-a246-101c53d2d47b: start LeaderElection
2019-10-25 11:07:59,928 [f6cfa8a2-85ff-4bb9-a246-101c53d2d47b@group-49E82E920F3F-LeaderElection598] INFO  impl.LeaderElection (LeaderElection.java:askForVotes(178)) - f6cfa8a2-85ff-4bb9-a246-101c53d2d47b@group-49E82E920F3F-LeaderElection598: begin an election at term 187 for -1: [7fad1e98-7a6b-4998-a30c-ec1ab88068bc:192.168.157.233:35716, bdb27072-dd00-4d3b-a7da-41600e490ca3:192.168.157.233:42906, f6cfa8a2-85ff-4bb9-a246-101c53d2d47b:192.168.157.233:44618], old=null
2019-10-25 11:07:59,929 [f6cfa8a2-85ff-4bb9-a246-101c53d2d47b@group-49E82E920F3F-LeaderElection598] INFO  impl.LeaderElection (LogUtils.java:infoOrTrace(149)) - f6cfa8a2-85ff-4bb9-a246-101c53d2d47b@group-49E82E920F3F-LeaderElection598 got exception when requesting votes: {}
java.util.concurrent.ExecutionException: org.apache.ratis.thirdparty.io.grpc.StatusRuntimeException: UNAVAILABLE: io exception
	at java.util.concurrent.FutureTask.report(FutureTask.java:122)
	at java.util.concurrent.FutureTask.get(FutureTask.java:192)
	at org.apache.ratis.server.impl.LeaderElection.waitForResults(LeaderElection.java:259)
	at org.apache.ratis.server.impl.LeaderElection.askForVotes(LeaderElection.java:197)
	at org.apache.ratis.server.impl.LeaderElection.run(LeaderElection.java:133)
	at java.lang.Thread.run(Thread.java:748)
Caused by: org.apache.ratis.thirdparty.io.grpc.StatusRuntimeException: UNAVAILABLE: io exception
	at org.apache.ratis.thirdparty.io.grpc.stub.ClientCalls.toStatusRuntimeException(ClientCalls.java:233)
	at org.apache.ratis.thirdparty.io.grpc.stub.ClientCalls.getUnchecked(ClientCalls.java:214)
	at org.apache.ratis.thirdparty.io.grpc.stub.ClientCalls.blockingUnaryCall(ClientCalls.java:139)
	at org.apache.ratis.proto.grpc.RaftServerProtocolServiceGrpc$RaftServerProtocolServiceBlockingStub.requestVote(RaftServerProtocolServiceGrpc.java:265)
	at org.apache.ratis.grpc.server.GrpcServerProtocolClient.requestVote(GrpcServerProtocolClient.java:99)
	at org.apache.ratis.grpc.server.GrpcService.requestVote(GrpcService.java:204)
	at org.apache.ratis.server.impl.LeaderElection.lambda$submitRequests$1(LeaderElection.java:234)
	at java.util.concurrent.FutureTask.run(FutureTask.java:266)
	at java.util.concurrent.Executors$RunnableAdapter.call(Executors.java:511)
	at java.util.concurrent.FutureTask.run(FutureTask.java:266)
	at java.util.concurrent.ThreadPoolExecutor.runWorker(ThreadPoolExecutor.java:1149)
	at java.util.concurrent.ThreadPoolExecutor$Worker.run(ThreadPoolExecutor.java:624)
	... 1 more
Caused by: org.apache.ratis.thirdparty.io.netty.channel.AbstractChannel$AnnotatedConnectException: Connection refused: /192.168.157.233:42906
	at sun.nio.ch.SocketChannelImpl.checkConnect(Native Method)
	at sun.nio.ch.SocketChannelImpl.finishConnect(SocketChannelImpl.java:717)
	at org.apache.ratis.thirdparty.io.netty.channel.socket.nio.NioSocketChannel.doFinishConnect(NioSocketChannel.java:327)
	at org.apache.ratis.thirdparty.io.netty.channel.nio.AbstractNioChannel$AbstractNioUnsafe.finishConnect(AbstractNioChannel.java:340)
	at org.apache.ratis.thirdparty.io.netty.channel.nio.NioEventLoop.processSelectedKey(NioEventLoop.java:632)
	at org.apache.ratis.thirdparty.io.netty.channel.nio.NioEventLoop.processSelectedKeysOptimized(NioEventLoop.java:579)
	at org.apache.ratis.thirdparty.io.netty.channel.nio.NioEventLoop.processSelectedKeys(NioEventLoop.java:496)
	at org.apache.ratis.thirdparty.io.netty.channel.nio.NioEventLoop.run(NioEventLoop.java:458)
	at org.apache.ratis.thirdparty.io.netty.util.concurrent.SingleThreadEventExecutor$5.run(SingleThreadEventExecutor.java:897)
	at org.apache.ratis.thirdparty.io.netty.util.concurrent.FastThreadLocalRunnable.run(FastThreadLocalRunnable.java:30)
	... 1 more
Caused by: java.net.ConnectException: Connection refused
	... 11 more
2019-10-25 11:07:59,930 [f6cfa8a2-85ff-4bb9-a246-101c53d2d47b@group-49E82E920F3F-LeaderElection598] INFO  impl.LeaderElection (LogUtils.java:infoOrTrace(149)) - f6cfa8a2-85ff-4bb9-a246-101c53d2d47b@group-49E82E920F3F-LeaderElection598 got exception when requesting votes: {}
java.util.concurrent.ExecutionException: org.apache.ratis.thirdparty.io.grpc.StatusRuntimeException: UNAVAILABLE: io exception
	at java.util.concurrent.FutureTask.report(FutureTask.java:122)
	at java.util.concurrent.FutureTask.get(FutureTask.java:192)
	at org.apache.ratis.server.impl.LeaderElection.waitForResults(LeaderElection.java:259)
	at org.apache.ratis.server.impl.LeaderElection.askForVotes(LeaderElection.java:197)
	at org.apache.ratis.server.impl.LeaderElection.run(LeaderElection.java:133)
	at java.lang.Thread.run(Thread.java:748)
Caused by: org.apache.ratis.thirdparty.io.grpc.StatusRuntimeException: UNAVAILABLE: io exception
	at org.apache.ratis.thirdparty.io.grpc.stub.ClientCalls.toStatusRuntimeException(ClientCalls.java:233)
	at org.apache.ratis.thirdparty.io.grpc.stub.ClientCalls.getUnchecked(ClientCalls.java:214)
	at org.apache.ratis.thirdparty.io.grpc.stub.ClientCalls.blockingUnaryCall(ClientCalls.java:139)
	at org.apache.ratis.proto.grpc.RaftServerProtocolServiceGrpc$RaftServerProtocolServiceBlockingStub.requestVote(RaftServerProtocolServiceGrpc.java:265)
	at org.apache.ratis.grpc.server.GrpcServerProtocolClient.requestVote(GrpcServerProtocolClient.java:99)
	at org.apache.ratis.grpc.server.GrpcService.requestVote(GrpcService.java:204)
	at org.apache.ratis.server.impl.LeaderElection.lambda$submitRequests$1(LeaderElection.java:234)
	at java.util.concurrent.FutureTask.run(FutureTask.java:266)
	at java.util.concurrent.Executors$RunnableAdapter.call(Executors.java:511)
	at java.util.concurrent.FutureTask.run(FutureTask.java:266)
	at java.util.concurrent.ThreadPoolExecutor.runWorker(ThreadPoolExecutor.java:1149)
	at java.util.concurrent.ThreadPoolExecutor$Worker.run(ThreadPoolExecutor.java:624)
	... 1 more
Caused by: org.apache.ratis.thirdparty.io.netty.channel.AbstractChannel$AnnotatedConnectException: Connection refused: /192.168.157.233:35716
	at sun.nio.ch.SocketChannelImpl.checkConnect(Native Method)
	at sun.nio.ch.SocketChannelImpl.finishConnect(SocketChannelImpl.java:717)
	at org.apache.ratis.thirdparty.io.netty.channel.socket.nio.NioSocketChannel.doFinishConnect(NioSocketChannel.java:327)
	at org.apache.ratis.thirdparty.io.netty.channel.nio.AbstractNioChannel$AbstractNioUnsafe.finishConnect(AbstractNioChannel.java:340)
	at org.apache.ratis.thirdparty.io.netty.channel.nio.NioEventLoop.processSelectedKey(NioEventLoop.java:632)
	at org.apache.ratis.thirdparty.io.netty.channel.nio.NioEventLoop.processSelectedKeysOptimized(NioEventLoop.java:579)
	at org.apache.ratis.thirdparty.io.netty.channel.nio.NioEventLoop.processSelectedKeys(NioEventLoop.java:496)
	at org.apache.ratis.thirdparty.io.netty.channel.nio.NioEventLoop.run(NioEventLoop.java:458)
	at org.apache.ratis.thirdparty.io.netty.util.concurrent.SingleThreadEventExecutor$5.run(SingleThreadEventExecutor.java:897)
	at org.apache.ratis.thirdparty.io.netty.util.concurrent.FastThreadLocalRunnable.run(FastThreadLocalRunnable.java:30)
	... 1 more
Caused by: java.net.ConnectException: Connection refused
	... 11 more
2019-10-25 11:07:59,930 [f6cfa8a2-85ff-4bb9-a246-101c53d2d47b@group-49E82E920F3F-LeaderElection598] INFO  impl.LeaderElection (LeaderElection.java:logAndReturn(56)) - f6cfa8a2-85ff-4bb9-a246-101c53d2d47b@group-49E82E920F3F-LeaderElection598: Election REJECTED; received 0 response(s) [] and 2 exception(s); f6cfa8a2-85ff-4bb9-a246-101c53d2d47b@group-49E82E920F3F:t187, leader=null, voted=f6cfa8a2-85ff-4bb9-a246-101c53d2d47b, raftlog=f6cfa8a2-85ff-4bb9-a246-101c53d2d47b@group-49E82E920F3F-SegmentedRaftLog:OPENED:c-1,f-1,i0, conf=-1: [7fad1e98-7a6b-4998-a30c-ec1ab88068bc:192.168.157.233:35716, bdb27072-dd00-4d3b-a7da-41600e490ca3:192.168.157.233:42906, f6cfa8a2-85ff-4bb9-a246-101c53d2d47b:192.168.157.233:44618], old=null
2019-10-25 11:07:59,930 [f6cfa8a2-85ff-4bb9-a246-101c53d2d47b@group-49E82E920F3F-LeaderElection598] INFO  impl.LeaderElection (LogUtils.java:infoOrTrace(149)) -   Exception 0: {}
java.util.concurrent.ExecutionException: org.apache.ratis.thirdparty.io.grpc.StatusRuntimeException: UNAVAILABLE: io exception
	at java.util.concurrent.FutureTask.report(FutureTask.java:122)
	at java.util.concurrent.FutureTask.get(FutureTask.java:192)
	at org.apache.ratis.server.impl.LeaderElection.waitForResults(LeaderElection.java:259)
	at org.apache.ratis.server.impl.LeaderElection.askForVotes(LeaderElection.java:197)
	at org.apache.ratis.server.impl.LeaderElection.run(LeaderElection.java:133)
	at java.lang.Thread.run(Thread.java:748)
Caused by: org.apache.ratis.thirdparty.io.grpc.StatusRuntimeException: UNAVAILABLE: io exception
	at org.apache.ratis.thirdparty.io.grpc.stub.ClientCalls.toStatusRuntimeException(ClientCalls.java:233)
	at org.apache.ratis.thirdparty.io.grpc.stub.ClientCalls.getUnchecked(ClientCalls.java:214)
	at org.apache.ratis.thirdparty.io.grpc.stub.ClientCalls.blockingUnaryCall(ClientCalls.java:139)
	at org.apache.ratis.proto.grpc.RaftServerProtocolServiceGrpc$RaftServerProtocolServiceBlockingStub.requestVote(RaftServerProtocolServiceGrpc.java:265)
	at org.apache.ratis.grpc.server.GrpcServerProtocolClient.requestVote(GrpcServerProtocolClient.java:99)
	at org.apache.ratis.grpc.server.GrpcService.requestVote(GrpcService.java:204)
	at org.apache.ratis.server.impl.LeaderElection.lambda$submitRequests$1(LeaderElection.java:234)
	at java.util.concurrent.FutureTask.run(FutureTask.java:266)
	at java.util.concurrent.Executors$RunnableAdapter.call(Executors.java:511)
	at java.util.concurrent.FutureTask.run(FutureTask.java:266)
	at java.util.concurrent.ThreadPoolExecutor.runWorker(ThreadPoolExecutor.java:1149)
	at java.util.concurrent.ThreadPoolExecutor$Worker.run(ThreadPoolExecutor.java:624)
	... 1 more
Caused by: org.apache.ratis.thirdparty.io.netty.channel.AbstractChannel$AnnotatedConnectException: Connection refused: /192.168.157.233:42906
	at sun.nio.ch.SocketChannelImpl.checkConnect(Native Method)
	at sun.nio.ch.SocketChannelImpl.finishConnect(SocketChannelImpl.java:717)
	at org.apache.ratis.thirdparty.io.netty.channel.socket.nio.NioSocketChannel.doFinishConnect(NioSocketChannel.java:327)
	at org.apache.ratis.thirdparty.io.netty.channel.nio.AbstractNioChannel$AbstractNioUnsafe.finishConnect(AbstractNioChannel.java:340)
	at org.apache.ratis.thirdparty.io.netty.channel.nio.NioEventLoop.processSelectedKey(NioEventLoop.java:632)
	at org.apache.ratis.thirdparty.io.netty.channel.nio.NioEventLoop.processSelectedKeysOptimized(NioEventLoop.java:579)
	at org.apache.ratis.thirdparty.io.netty.channel.nio.NioEventLoop.processSelectedKeys(NioEventLoop.java:496)
	at org.apache.ratis.thirdparty.io.netty.channel.nio.NioEventLoop.run(NioEventLoop.java:458)
	at org.apache.ratis.thirdparty.io.netty.util.concurrent.SingleThreadEventExecutor$5.run(SingleThreadEventExecutor.java:897)
	at org.apache.ratis.thirdparty.io.netty.util.concurrent.FastThreadLocalRunnable.run(FastThreadLocalRunnable.java:30)
	... 1 more
Caused by: java.net.ConnectException: Connection refused
	... 11 more
2019-10-25 11:07:59,930 [f6cfa8a2-85ff-4bb9-a246-101c53d2d47b@group-49E82E920F3F-LeaderElection598] INFO  impl.LeaderElection (LogUtils.java:infoOrTrace(149)) -   Exception 1: {}
java.util.concurrent.ExecutionException: org.apache.ratis.thirdparty.io.grpc.StatusRuntimeException: UNAVAILABLE: io exception
	at java.util.concurrent.FutureTask.report(FutureTask.java:122)
	at java.util.concurrent.FutureTask.get(FutureTask.java:192)
	at org.apache.ratis.server.impl.LeaderElection.waitForResults(LeaderElection.java:259)
	at org.apache.ratis.server.impl.LeaderElection.askForVotes(LeaderElection.java:197)
	at org.apache.ratis.server.impl.LeaderElection.run(LeaderElection.java:133)
	at java.lang.Thread.run(Thread.java:748)
Caused by: org.apache.ratis.thirdparty.io.grpc.StatusRuntimeException: UNAVAILABLE: io exception
	at org.apache.ratis.thirdparty.io.grpc.stub.ClientCalls.toStatusRuntimeException(ClientCalls.java:233)
	at org.apache.ratis.thirdparty.io.grpc.stub.ClientCalls.getUnchecked(ClientCalls.java:214)
	at org.apache.ratis.thirdparty.io.grpc.stub.ClientCalls.blockingUnaryCall(ClientCalls.java:139)
	at org.apache.ratis.proto.grpc.RaftServerProtocolServiceGrpc$RaftServerProtocolServiceBlockingStub.requestVote(RaftServerProtocolServiceGrpc.java:265)
	at org.apache.ratis.grpc.server.GrpcServerProtocolClient.requestVote(GrpcServerProtocolClient.java:99)
	at org.apache.ratis.grpc.server.GrpcService.requestVote(GrpcService.java:204)
	at org.apache.ratis.server.impl.LeaderElection.lambda$submitRequests$1(LeaderElection.java:234)
	at java.util.concurrent.FutureTask.run(FutureTask.java:266)
	at java.util.concurrent.Executors$RunnableAdapter.call(Executors.java:511)
	at java.util.concurrent.FutureTask.run(FutureTask.java:266)
	at java.util.concurrent.ThreadPoolExecutor.runWorker(ThreadPoolExecutor.java:1149)
	at java.util.concurrent.ThreadPoolExecutor$Worker.run(ThreadPoolExecutor.java:624)
	... 1 more
Caused by: org.apache.ratis.thirdparty.io.netty.channel.AbstractChannel$AnnotatedConnectException: Connection refused: /192.168.157.233:35716
	at sun.nio.ch.SocketChannelImpl.checkConnect(Native Method)
	at sun.nio.ch.SocketChannelImpl.finishConnect(SocketChannelImpl.java:717)
	at org.apache.ratis.thirdparty.io.netty.channel.socket.nio.NioSocketChannel.doFinishConnect(NioSocketChannel.java:327)
	at org.apache.ratis.thirdparty.io.netty.channel.nio.AbstractNioChannel$AbstractNioUnsafe.finishConnect(AbstractNioChannel.java:340)
	at org.apache.ratis.thirdparty.io.netty.channel.nio.NioEventLoop.processSelectedKey(NioEventLoop.java:632)
	at org.apache.ratis.thirdparty.io.netty.channel.nio.NioEventLoop.processSelectedKeysOptimized(NioEventLoop.java:579)
	at org.apache.ratis.thirdparty.io.netty.channel.nio.NioEventLoop.processSelectedKeys(NioEventLoop.java:496)
	at org.apache.ratis.thirdparty.io.netty.channel.nio.NioEventLoop.run(NioEventLoop.java:458)
	at org.apache.ratis.thirdparty.io.netty.util.concurrent.SingleThreadEventExecutor$5.run(SingleThreadEventExecutor.java:897)
	at org.apache.ratis.thirdparty.io.netty.util.concurrent.FastThreadLocalRunnable.run(FastThreadLocalRunnable.java:30)
	... 1 more
Caused by: java.net.ConnectException: Connection refused
	... 11 more
2019-10-25 11:07:59,931 [f6cfa8a2-85ff-4bb9-a246-101c53d2d47b@group-49E82E920F3F-LeaderElection598] INFO  impl.RaftServerImpl (RaftServerImpl.java:setRole(184)) - f6cfa8a2-85ff-4bb9-a246-101c53d2d47b@group-49E82E920F3F: changes role from CANDIDATE to FOLLOWER at term 187 for DISCOVERED_A_NEW_TERM
2019-10-25 11:07:59,931 [f6cfa8a2-85ff-4bb9-a246-101c53d2d47b@group-49E82E920F3F-LeaderElection598] INFO  impl.RoleInfo (RoleInfo.java:shutdownLeaderElection(134)) - f6cfa8a2-85ff-4bb9-a246-101c53d2d47b: shutdown LeaderElection
2019-10-25 11:07:59,931 [f6cfa8a2-85ff-4bb9-a246-101c53d2d47b@group-49E82E920F3F-LeaderElection598] INFO  impl.RoleInfo (RoleInfo.java:updateAndGet(143)) - f6cfa8a2-85ff-4bb9-a246-101c53d2d47b: start FollowerState
2019-10-25 11:07:59,933 [Thread-4976] INFO  impl.FollowerState (FollowerState.java:run(108)) - f6cfa8a2-85ff-4bb9-a246-101c53d2d47b@group-49E82E920F3F-FollowerState: change to CANDIDATE, lastRpcTime:2ms, electionTimeout:2ms
2019-10-25 11:07:59,933 [Thread-4976] INFO  impl.RoleInfo (RoleInfo.java:shutdownFollowerState(121)) - f6cfa8a2-85ff-4bb9-a246-101c53d2d47b: shutdown FollowerState
2019-10-25 11:07:59,934 [Thread-4976] INFO  impl.RaftServerImpl (RaftServerImpl.java:setRole(184)) - f6cfa8a2-85ff-4bb9-a246-101c53d2d47b@group-49E82E920F3F: changes role from  FOLLOWER to CANDIDATE at term 187 for changeToCandidate
2019-10-25 11:07:59,934 [Thread-4976] INFO  impl.RoleInfo (RoleInfo.java:updateAndGet(143)) - f6cfa8a2-85ff-4bb9-a246-101c53d2d47b: start LeaderElection
2019-10-25 11:07:59,946 [f6cfa8a2-85ff-4bb9-a246-101c53d2d47b@group-49E82E920F3F-LeaderElection599] INFO  impl.LeaderElection (LeaderElection.java:askForVotes(178)) - f6cfa8a2-85ff-4bb9-a246-101c53d2d47b@group-49E82E920F3F-LeaderElection599: begin an election at term 188 for -1: [7fad1e98-7a6b-4998-a30c-ec1ab88068bc:192.168.157.233:35716, bdb27072-dd00-4d3b-a7da-41600e490ca3:192.168.157.233:42906, f6cfa8a2-85ff-4bb9-a246-101c53d2d47b:192.168.157.233:44618], old=null
2019-10-25 11:07:59,947 [f6cfa8a2-85ff-4bb9-a246-101c53d2d47b@group-49E82E920F3F-LeaderElection599] INFO  impl.LeaderElection (LogUtils.java:infoOrTrace(149)) - f6cfa8a2-85ff-4bb9-a246-101c53d2d47b@group-49E82E920F3F-LeaderElection599 got exception when requesting votes: {}
java.util.concurrent.ExecutionException: org.apache.ratis.thirdparty.io.grpc.StatusRuntimeException: UNAVAILABLE: io exception
	at java.util.concurrent.FutureTask.report(FutureTask.java:122)
	at java.util.concurrent.FutureTask.get(FutureTask.java:192)
	at org.apache.ratis.server.impl.LeaderElection.waitForResults(LeaderElection.java:259)
	at org.apache.ratis.server.impl.LeaderElection.askForVotes(LeaderElection.java:197)
	at org.apache.ratis.server.impl.LeaderElection.run(LeaderElection.java:133)
	at java.lang.Thread.run(Thread.java:748)
Caused by: org.apache.ratis.thirdparty.io.grpc.StatusRuntimeException: UNAVAILABLE: io exception
	at org.apache.ratis.thirdparty.io.grpc.stub.ClientCalls.toStatusRuntimeException(ClientCalls.java:233)
	at org.apache.ratis.thirdparty.io.grpc.stub.ClientCalls.getUnchecked(ClientCalls.java:214)
	at org.apache.ratis.thirdparty.io.grpc.stub.ClientCalls.blockingUnaryCall(ClientCalls.java:139)
	at org.apache.ratis.proto.grpc.RaftServerProtocolServiceGrpc$RaftServerProtocolServiceBlockingStub.requestVote(RaftServerProtocolServiceGrpc.java:265)
	at org.apache.ratis.grpc.server.GrpcServerProtocolClient.requestVote(GrpcServerProtocolClient.java:99)
	at org.apache.ratis.grpc.server.GrpcService.requestVote(GrpcService.java:204)
	at org.apache.ratis.server.impl.LeaderElection.lambda$submitRequests$1(LeaderElection.java:234)
	at java.util.concurrent.FutureTask.run(FutureTask.java:266)
	at java.util.concurrent.Executors$RunnableAdapter.call(Executors.java:511)
	at java.util.concurrent.FutureTask.run(FutureTask.java:266)
	at java.util.concurrent.ThreadPoolExecutor.runWorker(ThreadPoolExecutor.java:1149)
	at java.util.concurrent.ThreadPoolExecutor$Worker.run(ThreadPoolExecutor.java:624)
	... 1 more
Caused by: org.apache.ratis.thirdparty.io.netty.channel.AbstractChannel$AnnotatedConnectException: Connection refused: /192.168.157.233:42906
	at sun.nio.ch.SocketChannelImpl.checkConnect(Native Method)
	at sun.nio.ch.SocketChannelImpl.finishConnect(SocketChannelImpl.java:717)
	at org.apache.ratis.thirdparty.io.netty.channel.socket.nio.NioSocketChannel.doFinishConnect(NioSocketChannel.java:327)
	at org.apache.ratis.thirdparty.io.netty.channel.nio.AbstractNioChannel$AbstractNioUnsafe.finishConnect(AbstractNioChannel.java:340)
	at org.apache.ratis.thirdparty.io.netty.channel.nio.NioEventLoop.processSelectedKey(NioEventLoop.java:632)
	at org.apache.ratis.thirdparty.io.netty.channel.nio.NioEventLoop.processSelectedKeysOptimized(NioEventLoop.java:579)
	at org.apache.ratis.thirdparty.io.netty.channel.nio.NioEventLoop.processSelectedKeys(NioEventLoop.java:496)
	at org.apache.ratis.thirdparty.io.netty.channel.nio.NioEventLoop.run(NioEventLoop.java:458)
	at org.apache.ratis.thirdparty.io.netty.util.concurrent.SingleThreadEventExecutor$5.run(SingleThreadEventExecutor.java:897)
	at org.apache.ratis.thirdparty.io.netty.util.concurrent.FastThreadLocalRunnable.run(FastThreadLocalRunnable.java:30)
	... 1 more
Caused by: java.net.ConnectException: Connection refused
	... 11 more
2019-10-25 11:07:59,947 [f6cfa8a2-85ff-4bb9-a246-101c53d2d47b@group-49E82E920F3F-LeaderElection599] INFO  impl.LeaderElection (LogUtils.java:infoOrTrace(149)) - f6cfa8a2-85ff-4bb9-a246-101c53d2d47b@group-49E82E920F3F-LeaderElection599 got exception when requesting votes: {}
java.util.concurrent.ExecutionException: org.apache.ratis.thirdparty.io.grpc.StatusRuntimeException: UNAVAILABLE: io exception
	at java.util.concurrent.FutureTask.report(FutureTask.java:122)
	at java.util.concurrent.FutureTask.get(FutureTask.java:192)
	at org.apache.ratis.server.impl.LeaderElection.waitForResults(LeaderElection.java:259)
	at org.apache.ratis.server.impl.LeaderElection.askForVotes(LeaderElection.java:197)
	at org.apache.ratis.server.impl.LeaderElection.run(LeaderElection.java:133)
	at java.lang.Thread.run(Thread.java:748)
Caused by: org.apache.ratis.thirdparty.io.grpc.StatusRuntimeException: UNAVAILABLE: io exception
	at org.apache.ratis.thirdparty.io.grpc.stub.ClientCalls.toStatusRuntimeException(ClientCalls.java:233)
	at org.apache.ratis.thirdparty.io.grpc.stub.ClientCalls.getUnchecked(ClientCalls.java:214)
	at org.apache.ratis.thirdparty.io.grpc.stub.ClientCalls.blockingUnaryCall(ClientCalls.java:139)
	at org.apache.ratis.proto.grpc.RaftServerProtocolServiceGrpc$RaftServerProtocolServiceBlockingStub.requestVote(RaftServerProtocolServiceGrpc.java:265)
	at org.apache.ratis.grpc.server.GrpcServerProtocolClient.requestVote(GrpcServerProtocolClient.java:99)
	at org.apache.ratis.grpc.server.GrpcService.requestVote(GrpcService.java:204)
	at org.apache.ratis.server.impl.LeaderElection.lambda$submitRequests$1(LeaderElection.java:234)
	at java.util.concurrent.FutureTask.run(FutureTask.java:266)
	at java.util.concurrent.Executors$RunnableAdapter.call(Executors.java:511)
	at java.util.concurrent.FutureTask.run(FutureTask.java:266)
	at java.util.concurrent.ThreadPoolExecutor.runWorker(ThreadPoolExecutor.java:1149)
	at java.util.concurrent.ThreadPoolExecutor$Worker.run(ThreadPoolExecutor.java:624)
	... 1 more
Caused by: org.apache.ratis.thirdparty.io.netty.channel.AbstractChannel$AnnotatedConnectException: Connection refused: /192.168.157.233:35716
	at sun.nio.ch.SocketChannelImpl.checkConnect(Native Method)
	at sun.nio.ch.SocketChannelImpl.finishConnect(SocketChannelImpl.java:717)
	at org.apache.ratis.thirdparty.io.netty.channel.socket.nio.NioSocketChannel.doFinishConnect(NioSocketChannel.java:327)
	at org.apache.ratis.thirdparty.io.netty.channel.nio.AbstractNioChannel$AbstractNioUnsafe.finishConnect(AbstractNioChannel.java:340)
	at org.apache.ratis.thirdparty.io.netty.channel.nio.NioEventLoop.processSelectedKey(NioEventLoop.java:632)
	at org.apache.ratis.thirdparty.io.netty.channel.nio.NioEventLoop.processSelectedKeysOptimized(NioEventLoop.java:579)
	at org.apache.ratis.thirdparty.io.netty.channel.nio.NioEventLoop.processSelectedKeys(NioEventLoop.java:496)
	at org.apache.ratis.thirdparty.io.netty.channel.nio.NioEventLoop.run(NioEventLoop.java:458)
	at org.apache.ratis.thirdparty.io.netty.util.concurrent.SingleThreadEventExecutor$5.run(SingleThreadEventExecutor.java:897)
	at org.apache.ratis.thirdparty.io.netty.util.concurrent.FastThreadLocalRunnable.run(FastThreadLocalRunnable.java:30)
	... 1 more
Caused by: java.net.ConnectException: Connection refused
	... 11 more
2019-10-25 11:07:59,947 [f6cfa8a2-85ff-4bb9-a246-101c53d2d47b@group-49E82E920F3F-LeaderElection599] INFO  impl.LeaderElection (LeaderElection.java:logAndReturn(56)) - f6cfa8a2-85ff-4bb9-a246-101c53d2d47b@group-49E82E920F3F-LeaderElection599: Election REJECTED; received 0 response(s) [] and 2 exception(s); f6cfa8a2-85ff-4bb9-a246-101c53d2d47b@group-49E82E920F3F:t188, leader=null, voted=f6cfa8a2-85ff-4bb9-a246-101c53d2d47b, raftlog=f6cfa8a2-85ff-4bb9-a246-101c53d2d47b@group-49E82E920F3F-SegmentedRaftLog:OPENED:c-1,f-1,i0, conf=-1: [7fad1e98-7a6b-4998-a30c-ec1ab88068bc:192.168.157.233:35716, bdb27072-dd00-4d3b-a7da-41600e490ca3:192.168.157.233:42906, f6cfa8a2-85ff-4bb9-a246-101c53d2d47b:192.168.157.233:44618], old=null
2019-10-25 11:07:59,948 [f6cfa8a2-85ff-4bb9-a246-101c53d2d47b@group-49E82E920F3F-LeaderElection599] INFO  impl.LeaderElection (LogUtils.java:infoOrTrace(149)) -   Exception 0: {}
java.util.concurrent.ExecutionException: org.apache.ratis.thirdparty.io.grpc.StatusRuntimeException: UNAVAILABLE: io exception
	at java.util.concurrent.FutureTask.report(FutureTask.java:122)
	at java.util.concurrent.FutureTask.get(FutureTask.java:192)
	at org.apache.ratis.server.impl.LeaderElection.waitForResults(LeaderElection.java:259)
	at org.apache.ratis.server.impl.LeaderElection.askForVotes(LeaderElection.java:197)
	at org.apache.ratis.server.impl.LeaderElection.run(LeaderElection.java:133)
	at java.lang.Thread.run(Thread.java:748)
Caused by: org.apache.ratis.thirdparty.io.grpc.StatusRuntimeException: UNAVAILABLE: io exception
	at org.apache.ratis.thirdparty.io.grpc.stub.ClientCalls.toStatusRuntimeException(ClientCalls.java:233)
	at org.apache.ratis.thirdparty.io.grpc.stub.ClientCalls.getUnchecked(ClientCalls.java:214)
	at org.apache.ratis.thirdparty.io.grpc.stub.ClientCalls.blockingUnaryCall(ClientCalls.java:139)
	at org.apache.ratis.proto.grpc.RaftServerProtocolServiceGrpc$RaftServerProtocolServiceBlockingStub.requestVote(RaftServerProtocolServiceGrpc.java:265)
	at org.apache.ratis.grpc.server.GrpcServerProtocolClient.requestVote(GrpcServerProtocolClient.java:99)
	at org.apache.ratis.grpc.server.GrpcService.requestVote(GrpcService.java:204)
	at org.apache.ratis.server.impl.LeaderElection.lambda$submitRequests$1(LeaderElection.java:234)
	at java.util.concurrent.FutureTask.run(FutureTask.java:266)
	at java.util.concurrent.Executors$RunnableAdapter.call(Executors.java:511)
	at java.util.concurrent.FutureTask.run(FutureTask.java:266)
	at java.util.concurrent.ThreadPoolExecutor.runWorker(ThreadPoolExecutor.java:1149)
	at java.util.concurrent.ThreadPoolExecutor$Worker.run(ThreadPoolExecutor.java:624)
	... 1 more
Caused by: org.apache.ratis.thirdparty.io.netty.channel.AbstractChannel$AnnotatedConnectException: Connection refused: /192.168.157.233:42906
	at sun.nio.ch.SocketChannelImpl.checkConnect(Native Method)
	at sun.nio.ch.SocketChannelImpl.finishConnect(SocketChannelImpl.java:717)
	at org.apache.ratis.thirdparty.io.netty.channel.socket.nio.NioSocketChannel.doFinishConnect(NioSocketChannel.java:327)
	at org.apache.ratis.thirdparty.io.netty.channel.nio.AbstractNioChannel$AbstractNioUnsafe.finishConnect(AbstractNioChannel.java:340)
	at org.apache.ratis.thirdparty.io.netty.channel.nio.NioEventLoop.processSelectedKey(NioEventLoop.java:632)
	at org.apache.ratis.thirdparty.io.netty.channel.nio.NioEventLoop.processSelectedKeysOptimized(NioEventLoop.java:579)
	at org.apache.ratis.thirdparty.io.netty.channel.nio.NioEventLoop.processSelectedKeys(NioEventLoop.java:496)
	at org.apache.ratis.thirdparty.io.netty.channel.nio.NioEventLoop.run(NioEventLoop.java:458)
	at org.apache.ratis.thirdparty.io.netty.util.concurrent.SingleThreadEventExecutor$5.run(SingleThreadEventExecutor.java:897)
	at org.apache.ratis.thirdparty.io.netty.util.concurrent.FastThreadLocalRunnable.run(FastThreadLocalRunnable.java:30)
	... 1 more
Caused by: java.net.ConnectException: Connection refused
	... 11 more
2019-10-25 11:07:59,948 [f6cfa8a2-85ff-4bb9-a246-101c53d2d47b@group-49E82E920F3F-LeaderElection599] INFO  impl.LeaderElection (LogUtils.java:infoOrTrace(149)) -   Exception 1: {}
java.util.concurrent.ExecutionException: org.apache.ratis.thirdparty.io.grpc.StatusRuntimeException: UNAVAILABLE: io exception
	at java.util.concurrent.FutureTask.report(FutureTask.java:122)
	at java.util.concurrent.FutureTask.get(FutureTask.java:192)
	at org.apache.ratis.server.impl.LeaderElection.waitForResults(LeaderElection.java:259)
	at org.apache.ratis.server.impl.LeaderElection.askForVotes(LeaderElection.java:197)
	at org.apache.ratis.server.impl.LeaderElection.run(LeaderElection.java:133)
	at java.lang.Thread.run(Thread.java:748)
Caused by: org.apache.ratis.thirdparty.io.grpc.StatusRuntimeException: UNAVAILABLE: io exception
	at org.apache.ratis.thirdparty.io.grpc.stub.ClientCalls.toStatusRuntimeException(ClientCalls.java:233)
	at org.apache.ratis.thirdparty.io.grpc.stub.ClientCalls.getUnchecked(ClientCalls.java:214)
	at org.apache.ratis.thirdparty.io.grpc.stub.ClientCalls.blockingUnaryCall(ClientCalls.java:139)
	at org.apache.ratis.proto.grpc.RaftServerProtocolServiceGrpc$RaftServerProtocolServiceBlockingStub.requestVote(RaftServerProtocolServiceGrpc.java:265)
	at org.apache.ratis.grpc.server.GrpcServerProtocolClient.requestVote(GrpcServerProtocolClient.java:99)
	at org.apache.ratis.grpc.server.GrpcService.requestVote(GrpcService.java:204)
	at org.apache.ratis.server.impl.LeaderElection.lambda$submitRequests$1(LeaderElection.java:234)
	at java.util.concurrent.FutureTask.run(FutureTask.java:266)
	at java.util.concurrent.Executors$RunnableAdapter.call(Executors.java:511)
	at java.util.concurrent.FutureTask.run(FutureTask.java:266)
	at java.util.concurrent.ThreadPoolExecutor.runWorker(ThreadPoolExecutor.java:1149)
	at java.util.concurrent.ThreadPoolExecutor$Worker.run(ThreadPoolExecutor.java:624)
	... 1 more
Caused by: org.apache.ratis.thirdparty.io.netty.channel.AbstractChannel$AnnotatedConnectException: Connection refused: /192.168.157.233:35716
	at sun.nio.ch.SocketChannelImpl.checkConnect(Native Method)
	at sun.nio.ch.SocketChannelImpl.finishConnect(SocketChannelImpl.java:717)
	at org.apache.ratis.thirdparty.io.netty.channel.socket.nio.NioSocketChannel.doFinishConnect(NioSocketChannel.java:327)
	at org.apache.ratis.thirdparty.io.netty.channel.nio.AbstractNioChannel$AbstractNioUnsafe.finishConnect(AbstractNioChannel.java:340)
	at org.apache.ratis.thirdparty.io.netty.channel.nio.NioEventLoop.processSelectedKey(NioEventLoop.java:632)
	at org.apache.ratis.thirdparty.io.netty.channel.nio.NioEventLoop.processSelectedKeysOptimized(NioEventLoop.java:579)
	at org.apache.ratis.thirdparty.io.netty.channel.nio.NioEventLoop.processSelectedKeys(NioEventLoop.java:496)
	at org.apache.ratis.thirdparty.io.netty.channel.nio.NioEventLoop.run(NioEventLoop.java:458)
	at org.apache.ratis.thirdparty.io.netty.util.concurrent.SingleThreadEventExecutor$5.run(SingleThreadEventExecutor.java:897)
	at org.apache.ratis.thirdparty.io.netty.util.concurrent.FastThreadLocalRunnable.run(FastThreadLocalRunnable.java:30)
	... 1 more
Caused by: java.net.ConnectException: Connection refused
	... 11 more
2019-10-25 11:07:59,948 [f6cfa8a2-85ff-4bb9-a246-101c53d2d47b@group-49E82E920F3F-LeaderElection599] INFO  impl.RaftServerImpl (RaftServerImpl.java:setRole(184)) - f6cfa8a2-85ff-4bb9-a246-101c53d2d47b@group-49E82E920F3F: changes role from CANDIDATE to FOLLOWER at term 188 for DISCOVERED_A_NEW_TERM
2019-10-25 11:07:59,948 [f6cfa8a2-85ff-4bb9-a246-101c53d2d47b@group-49E82E920F3F-LeaderElection599] INFO  impl.RoleInfo (RoleInfo.java:shutdownLeaderElection(134)) - f6cfa8a2-85ff-4bb9-a246-101c53d2d47b: shutdown LeaderElection
2019-10-25 11:07:59,948 [f6cfa8a2-85ff-4bb9-a246-101c53d2d47b@group-49E82E920F3F-LeaderElection599] INFO  impl.RoleInfo (RoleInfo.java:updateAndGet(143)) - f6cfa8a2-85ff-4bb9-a246-101c53d2d47b: start FollowerState
2019-10-25 11:07:59,966 [java.util.concurrent.ThreadPoolExecutor$Worker@3e501297[State = -1, empty queue]] WARN  server.GrpcLogAppender (GrpcLogAppender.java:timeoutAppendRequest(209)) - 8a2c850d-503a-4b6a-9325-357a6554e10c@group-B334D6EBB589->e8f52f97-4cbf-4021-bc09-65b78a9dc21b-GrpcLogAppender: appendEntries Timeout, request=8a2c850d-503a-4b6a-9325-357a6554e10c->e8f52f97-4cbf-4021-bc09-65b78a9dc21b#40-t1, previous=(t:1, i:0), leaderCommit=0, initializing? false, entries: <empty>
2019-10-25 11:08:00,133 [Thread-4980] INFO  impl.FollowerState (FollowerState.java:run(108)) - f6cfa8a2-85ff-4bb9-a246-101c53d2d47b@group-49E82E920F3F-FollowerState: change to CANDIDATE, lastRpcTime:185ms, electionTimeout:185ms
2019-10-25 11:08:00,134 [Thread-4980] INFO  impl.RoleInfo (RoleInfo.java:shutdownFollowerState(121)) - f6cfa8a2-85ff-4bb9-a246-101c53d2d47b: shutdown FollowerState
2019-10-25 11:08:00,134 [Thread-4980] INFO  impl.RaftServerImpl (RaftServerImpl.java:setRole(184)) - f6cfa8a2-85ff-4bb9-a246-101c53d2d47b@group-49E82E920F3F: changes role from  FOLLOWER to CANDIDATE at term 188 for changeToCandidate
2019-10-25 11:08:00,134 [Thread-4980] INFO  impl.RoleInfo (RoleInfo.java:updateAndGet(143)) - f6cfa8a2-85ff-4bb9-a246-101c53d2d47b: start LeaderElection
2019-10-25 11:08:00,148 [f6cfa8a2-85ff-4bb9-a246-101c53d2d47b@group-49E82E920F3F-LeaderElection600] INFO  impl.LeaderElection (LeaderElection.java:askForVotes(178)) - f6cfa8a2-85ff-4bb9-a246-101c53d2d47b@group-49E82E920F3F-LeaderElection600: begin an election at term 189 for -1: [7fad1e98-7a6b-4998-a30c-ec1ab88068bc:192.168.157.233:35716, bdb27072-dd00-4d3b-a7da-41600e490ca3:192.168.157.233:42906, f6cfa8a2-85ff-4bb9-a246-101c53d2d47b:192.168.157.233:44618], old=null
2019-10-25 11:08:00,149 [f6cfa8a2-85ff-4bb9-a246-101c53d2d47b@group-49E82E920F3F-LeaderElection600] INFO  impl.LeaderElection (LogUtils.java:infoOrTrace(149)) - f6cfa8a2-85ff-4bb9-a246-101c53d2d47b@group-49E82E920F3F-LeaderElection600 got exception when requesting votes: {}
java.util.concurrent.ExecutionException: org.apache.ratis.thirdparty.io.grpc.StatusRuntimeException: UNAVAILABLE: io exception
	at java.util.concurrent.FutureTask.report(FutureTask.java:122)
	at java.util.concurrent.FutureTask.get(FutureTask.java:192)
	at org.apache.ratis.server.impl.LeaderElection.waitForResults(LeaderElection.java:259)
	at org.apache.ratis.server.impl.LeaderElection.askForVotes(LeaderElection.java:197)
	at org.apache.ratis.server.impl.LeaderElection.run(LeaderElection.java:133)
	at java.lang.Thread.run(Thread.java:748)
Caused by: org.apache.ratis.thirdparty.io.grpc.StatusRuntimeException: UNAVAILABLE: io exception
	at org.apache.ratis.thirdparty.io.grpc.stub.ClientCalls.toStatusRuntimeException(ClientCalls.java:233)
	at org.apache.ratis.thirdparty.io.grpc.stub.ClientCalls.getUnchecked(ClientCalls.java:214)
	at org.apache.ratis.thirdparty.io.grpc.stub.ClientCalls.blockingUnaryCall(ClientCalls.java:139)
	at org.apache.ratis.proto.grpc.RaftServerProtocolServiceGrpc$RaftServerProtocolServiceBlockingStub.requestVote(RaftServerProtocolServiceGrpc.java:265)
	at org.apache.ratis.grpc.server.GrpcServerProtocolClient.requestVote(GrpcServerProtocolClient.java:99)
	at org.apache.ratis.grpc.server.GrpcService.requestVote(GrpcService.java:204)
	at org.apache.ratis.server.impl.LeaderElection.lambda$submitRequests$1(LeaderElection.java:234)
	at java.util.concurrent.FutureTask.run(FutureTask.java:266)
	at java.util.concurrent.Executors$RunnableAdapter.call(Executors.java:511)
	at java.util.concurrent.FutureTask.run(FutureTask.java:266)
	at java.util.concurrent.ThreadPoolExecutor.runWorker(ThreadPoolExecutor.java:1149)
	at java.util.concurrent.ThreadPoolExecutor$Worker.run(ThreadPoolExecutor.java:624)
	... 1 more
Caused by: org.apache.ratis.thirdparty.io.netty.channel.AbstractChannel$AnnotatedConnectException: Connection refused: /192.168.157.233:35716
	at sun.nio.ch.SocketChannelImpl.checkConnect(Native Method)
	at sun.nio.ch.SocketChannelImpl.finishConnect(SocketChannelImpl.java:717)
	at org.apache.ratis.thirdparty.io.netty.channel.socket.nio.NioSocketChannel.doFinishConnect(NioSocketChannel.java:327)
	at org.apache.ratis.thirdparty.io.netty.channel.nio.AbstractNioChannel$AbstractNioUnsafe.finishConnect(AbstractNioChannel.java:340)
	at org.apache.ratis.thirdparty.io.netty.channel.nio.NioEventLoop.processSelectedKey(NioEventLoop.java:632)
	at org.apache.ratis.thirdparty.io.netty.channel.nio.NioEventLoop.processSelectedKeysOptimized(NioEventLoop.java:579)
	at org.apache.ratis.thirdparty.io.netty.channel.nio.NioEventLoop.processSelectedKeys(NioEventLoop.java:496)
	at org.apache.ratis.thirdparty.io.netty.channel.nio.NioEventLoop.run(NioEventLoop.java:458)
	at org.apache.ratis.thirdparty.io.netty.util.concurrent.SingleThreadEventExecutor$5.run(SingleThreadEventExecutor.java:897)
	at org.apache.ratis.thirdparty.io.netty.util.concurrent.FastThreadLocalRunnable.run(FastThreadLocalRunnable.java:30)
	... 1 more
Caused by: java.net.ConnectException: Connection refused
	... 11 more
2019-10-25 11:08:00,149 [f6cfa8a2-85ff-4bb9-a246-101c53d2d47b@group-49E82E920F3F-LeaderElection600] INFO  impl.LeaderElection (LogUtils.java:infoOrTrace(149)) - f6cfa8a2-85ff-4bb9-a246-101c53d2d47b@group-49E82E920F3F-LeaderElection600 got exception when requesting votes: {}
java.util.concurrent.ExecutionException: org.apache.ratis.thirdparty.io.grpc.StatusRuntimeException: UNAVAILABLE: io exception
	at java.util.concurrent.FutureTask.report(FutureTask.java:122)
	at java.util.concurrent.FutureTask.get(FutureTask.java:192)
	at org.apache.ratis.server.impl.LeaderElection.waitForResults(LeaderElection.java:259)
	at org.apache.ratis.server.impl.LeaderElection.askForVotes(LeaderElection.java:197)
	at org.apache.ratis.server.impl.LeaderElection.run(LeaderElection.java:133)
	at java.lang.Thread.run(Thread.java:748)
Caused by: org.apache.ratis.thirdparty.io.grpc.StatusRuntimeException: UNAVAILABLE: io exception
	at org.apache.ratis.thirdparty.io.grpc.stub.ClientCalls.toStatusRuntimeException(ClientCalls.java:233)
	at org.apache.ratis.thirdparty.io.grpc.stub.ClientCalls.getUnchecked(ClientCalls.java:214)
	at org.apache.ratis.thirdparty.io.grpc.stub.ClientCalls.blockingUnaryCall(ClientCalls.java:139)
	at org.apache.ratis.proto.grpc.RaftServerProtocolServiceGrpc$RaftServerProtocolServiceBlockingStub.requestVote(RaftServerProtocolServiceGrpc.java:265)
	at org.apache.ratis.grpc.server.GrpcServerProtocolClient.requestVote(GrpcServerProtocolClient.java:99)
	at org.apache.ratis.grpc.server.GrpcService.requestVote(GrpcService.java:204)
	at org.apache.ratis.server.impl.LeaderElection.lambda$submitRequests$1(LeaderElection.java:234)
	at java.util.concurrent.FutureTask.run(FutureTask.java:266)
	at java.util.concurrent.Executors$RunnableAdapter.call(Executors.java:511)
	at java.util.concurrent.FutureTask.run(FutureTask.java:266)
	at java.util.concurrent.ThreadPoolExecutor.runWorker(ThreadPoolExecutor.java:1149)
	at java.util.concurrent.ThreadPoolExecutor$Worker.run(ThreadPoolExecutor.java:624)
	... 1 more
Caused by: org.apache.ratis.thirdparty.io.netty.channel.AbstractChannel$AnnotatedConnectException: Connection refused: /192.168.157.233:42906
	at sun.nio.ch.SocketChannelImpl.checkConnect(Native Method)
	at sun.nio.ch.SocketChannelImpl.finishConnect(SocketChannelImpl.java:717)
	at org.apache.ratis.thirdparty.io.netty.channel.socket.nio.NioSocketChannel.doFinishConnect(NioSocketChannel.java:327)
	at org.apache.ratis.thirdparty.io.netty.channel.nio.AbstractNioChannel$AbstractNioUnsafe.finishConnect(AbstractNioChannel.java:340)
	at org.apache.ratis.thirdparty.io.netty.channel.nio.NioEventLoop.processSelectedKey(NioEventLoop.java:632)
	at org.apache.ratis.thirdparty.io.netty.channel.nio.NioEventLoop.processSelectedKeysOptimized(NioEventLoop.java:579)
	at org.apache.ratis.thirdparty.io.netty.channel.nio.NioEventLoop.processSelectedKeys(NioEventLoop.java:496)
	at org.apache.ratis.thirdparty.io.netty.channel.nio.NioEventLoop.run(NioEventLoop.java:458)
	at org.apache.ratis.thirdparty.io.netty.util.concurrent.SingleThreadEventExecutor$5.run(SingleThreadEventExecutor.java:897)
	at org.apache.ratis.thirdparty.io.netty.util.concurrent.FastThreadLocalRunnable.run(FastThreadLocalRunnable.java:30)
	... 1 more
Caused by: java.net.ConnectException: Connection refused
	... 11 more
2019-10-25 11:08:00,150 [f6cfa8a2-85ff-4bb9-a246-101c53d2d47b@group-49E82E920F3F-LeaderElection600] INFO  impl.LeaderElection (LeaderElection.java:logAndReturn(56)) - f6cfa8a2-85ff-4bb9-a246-101c53d2d47b@group-49E82E920F3F-LeaderElection600: Election REJECTED; received 0 response(s) [] and 2 exception(s); f6cfa8a2-85ff-4bb9-a246-101c53d2d47b@group-49E82E920F3F:t189, leader=null, voted=f6cfa8a2-85ff-4bb9-a246-101c53d2d47b, raftlog=f6cfa8a2-85ff-4bb9-a246-101c53d2d47b@group-49E82E920F3F-SegmentedRaftLog:OPENED:c-1,f-1,i0, conf=-1: [7fad1e98-7a6b-4998-a30c-ec1ab88068bc:192.168.157.233:35716, bdb27072-dd00-4d3b-a7da-41600e490ca3:192.168.157.233:42906, f6cfa8a2-85ff-4bb9-a246-101c53d2d47b:192.168.157.233:44618], old=null
2019-10-25 11:08:00,150 [f6cfa8a2-85ff-4bb9-a246-101c53d2d47b@group-49E82E920F3F-LeaderElection600] INFO  impl.LeaderElection (LogUtils.java:infoOrTrace(149)) -   Exception 0: {}
java.util.concurrent.ExecutionException: org.apache.ratis.thirdparty.io.grpc.StatusRuntimeException: UNAVAILABLE: io exception
	at java.util.concurrent.FutureTask.report(FutureTask.java:122)
	at java.util.concurrent.FutureTask.get(FutureTask.java:192)
	at org.apache.ratis.server.impl.LeaderElection.waitForResults(LeaderElection.java:259)
	at org.apache.ratis.server.impl.LeaderElection.askForVotes(LeaderElection.java:197)
	at org.apache.ratis.server.impl.LeaderElection.run(LeaderElection.java:133)
	at java.lang.Thread.run(Thread.java:748)
Caused by: org.apache.ratis.thirdparty.io.grpc.StatusRuntimeException: UNAVAILABLE: io exception
	at org.apache.ratis.thirdparty.io.grpc.stub.ClientCalls.toStatusRuntimeException(ClientCalls.java:233)
	at org.apache.ratis.thirdparty.io.grpc.stub.ClientCalls.getUnchecked(ClientCalls.java:214)
	at org.apache.ratis.thirdparty.io.grpc.stub.ClientCalls.blockingUnaryCall(ClientCalls.java:139)
	at org.apache.ratis.proto.grpc.RaftServerProtocolServiceGrpc$RaftServerProtocolServiceBlockingStub.requestVote(RaftServerProtocolServiceGrpc.java:265)
	at org.apache.ratis.grpc.server.GrpcServerProtocolClient.requestVote(GrpcServerProtocolClient.java:99)
	at org.apache.ratis.grpc.server.GrpcService.requestVote(GrpcService.java:204)
	at org.apache.ratis.server.impl.LeaderElection.lambda$submitRequests$1(LeaderElection.java:234)
	at java.util.concurrent.FutureTask.run(FutureTask.java:266)
	at java.util.concurrent.Executors$RunnableAdapter.call(Executors.java:511)
	at java.util.concurrent.FutureTask.run(FutureTask.java:266)
	at java.util.concurrent.ThreadPoolExecutor.runWorker(ThreadPoolExecutor.java:1149)
	at java.util.concurrent.ThreadPoolExecutor$Worker.run(ThreadPoolExecutor.java:624)
	... 1 more
Caused by: org.apache.ratis.thirdparty.io.netty.channel.AbstractChannel$AnnotatedConnectException: Connection refused: /192.168.157.233:35716
	at sun.nio.ch.SocketChannelImpl.checkConnect(Native Method)
	at sun.nio.ch.SocketChannelImpl.finishConnect(SocketChannelImpl.java:717)
	at org.apache.ratis.thirdparty.io.netty.channel.socket.nio.NioSocketChannel.doFinishConnect(NioSocketChannel.java:327)
	at org.apache.ratis.thirdparty.io.netty.channel.nio.AbstractNioChannel$AbstractNioUnsafe.finishConnect(AbstractNioChannel.java:340)
	at org.apache.ratis.thirdparty.io.netty.channel.nio.NioEventLoop.processSelectedKey(NioEventLoop.java:632)
	at org.apache.ratis.thirdparty.io.netty.channel.nio.NioEventLoop.processSelectedKeysOptimized(NioEventLoop.java:579)
	at org.apache.ratis.thirdparty.io.netty.channel.nio.NioEventLoop.processSelectedKeys(NioEventLoop.java:496)
	at org.apache.ratis.thirdparty.io.netty.channel.nio.NioEventLoop.run(NioEventLoop.java:458)
	at org.apache.ratis.thirdparty.io.netty.util.concurrent.SingleThreadEventExecutor$5.run(SingleThreadEventExecutor.java:897)
	at org.apache.ratis.thirdparty.io.netty.util.concurrent.FastThreadLocalRunnable.run(FastThreadLocalRunnable.java:30)
	... 1 more
Caused by: java.net.ConnectException: Connection refused
	... 11 more
2019-10-25 11:08:00,150 [f6cfa8a2-85ff-4bb9-a246-101c53d2d47b@group-49E82E920F3F-LeaderElection600] INFO  impl.LeaderElection (LogUtils.java:infoOrTrace(149)) -   Exception 1: {}
java.util.concurrent.ExecutionException: org.apache.ratis.thirdparty.io.grpc.StatusRuntimeException: UNAVAILABLE: io exception
	at java.util.concurrent.FutureTask.report(FutureTask.java:122)
	at java.util.concurrent.FutureTask.get(FutureTask.java:192)
	at org.apache.ratis.server.impl.LeaderElection.waitForResults(LeaderElection.java:259)
	at org.apache.ratis.server.impl.LeaderElection.askForVotes(LeaderElection.java:197)
	at org.apache.ratis.server.impl.LeaderElection.run(LeaderElection.java:133)
	at java.lang.Thread.run(Thread.java:748)
Caused by: org.apache.ratis.thirdparty.io.grpc.StatusRuntimeException: UNAVAILABLE: io exception
	at org.apache.ratis.thirdparty.io.grpc.stub.ClientCalls.toStatusRuntimeException(ClientCalls.java:233)
	at org.apache.ratis.thirdparty.io.grpc.stub.ClientCalls.getUnchecked(ClientCalls.java:214)
	at org.apache.ratis.thirdparty.io.grpc.stub.ClientCalls.blockingUnaryCall(ClientCalls.java:139)
	at org.apache.ratis.proto.grpc.RaftServerProtocolServiceGrpc$RaftServerProtocolServiceBlockingStub.requestVote(RaftServerProtocolServiceGrpc.java:265)
	at org.apache.ratis.grpc.server.GrpcServerProtocolClient.requestVote(GrpcServerProtocolClient.java:99)
	at org.apache.ratis.grpc.server.GrpcService.requestVote(GrpcService.java:204)
	at org.apache.ratis.server.impl.LeaderElection.lambda$submitRequests$1(LeaderElection.java:234)
	at java.util.concurrent.FutureTask.run(FutureTask.java:266)
	at java.util.concurrent.Executors$RunnableAdapter.call(Executors.java:511)
	at java.util.concurrent.FutureTask.run(FutureTask.java:266)
	at java.util.concurrent.ThreadPoolExecutor.runWorker(ThreadPoolExecutor.java:1149)
	at java.util.concurrent.ThreadPoolExecutor$Worker.run(ThreadPoolExecutor.java:624)
	... 1 more
Caused by: org.apache.ratis.thirdparty.io.netty.channel.AbstractChannel$AnnotatedConnectException: Connection refused: /192.168.157.233:42906
	at sun.nio.ch.SocketChannelImpl.checkConnect(Native Method)
	at sun.nio.ch.SocketChannelImpl.finishConnect(SocketChannelImpl.java:717)
	at org.apache.ratis.thirdparty.io.netty.channel.socket.nio.NioSocketChannel.doFinishConnect(NioSocketChannel.java:327)
	at org.apache.ratis.thirdparty.io.netty.channel.nio.AbstractNioChannel$AbstractNioUnsafe.finishConnect(AbstractNioChannel.java:340)
	at org.apache.ratis.thirdparty.io.netty.channel.nio.NioEventLoop.processSelectedKey(NioEventLoop.java:632)
	at org.apache.ratis.thirdparty.io.netty.channel.nio.NioEventLoop.processSelectedKeysOptimized(NioEventLoop.java:579)
	at org.apache.ratis.thirdparty.io.netty.channel.nio.NioEventLoop.processSelectedKeys(NioEventLoop.java:496)
	at org.apache.ratis.thirdparty.io.netty.channel.nio.NioEventLoop.run(NioEventLoop.java:458)
	at org.apache.ratis.thirdparty.io.netty.util.concurrent.SingleThreadEventExecutor$5.run(SingleThreadEventExecutor.java:897)
	at org.apache.ratis.thirdparty.io.netty.util.concurrent.FastThreadLocalRunnable.run(FastThreadLocalRunnable.java:30)
	... 1 more
Caused by: java.net.ConnectException: Connection refused
	... 11 more
2019-10-25 11:08:00,150 [f6cfa8a2-85ff-4bb9-a246-101c53d2d47b@group-49E82E920F3F-LeaderElection600] INFO  impl.RaftServerImpl (RaftServerImpl.java:setRole(184)) - f6cfa8a2-85ff-4bb9-a246-101c53d2d47b@group-49E82E920F3F: changes role from CANDIDATE to FOLLOWER at term 189 for DISCOVERED_A_NEW_TERM
2019-10-25 11:08:00,150 [f6cfa8a2-85ff-4bb9-a246-101c53d2d47b@group-49E82E920F3F-LeaderElection600] INFO  impl.RoleInfo (RoleInfo.java:shutdownLeaderElection(134)) - f6cfa8a2-85ff-4bb9-a246-101c53d2d47b: shutdown LeaderElection
2019-10-25 11:08:00,150 [f6cfa8a2-85ff-4bb9-a246-101c53d2d47b@group-49E82E920F3F-LeaderElection600] INFO  impl.RoleInfo (RoleInfo.java:updateAndGet(143)) - f6cfa8a2-85ff-4bb9-a246-101c53d2d47b: start FollowerState
2019-10-25 11:08:00,169 [Thread-4984] INFO  impl.FollowerState (FollowerState.java:run(108)) - f6cfa8a2-85ff-4bb9-a246-101c53d2d47b@group-49E82E920F3F-FollowerState: change to CANDIDATE, lastRpcTime:18ms, electionTimeout:18ms
2019-10-25 11:08:00,169 [Thread-4984] INFO  impl.RoleInfo (RoleInfo.java:shutdownFollowerState(121)) - f6cfa8a2-85ff-4bb9-a246-101c53d2d47b: shutdown FollowerState
2019-10-25 11:08:00,169 [Thread-4984] INFO  impl.RaftServerImpl (RaftServerImpl.java:setRole(184)) - f6cfa8a2-85ff-4bb9-a246-101c53d2d47b@group-49E82E920F3F: changes role from  FOLLOWER to CANDIDATE at term 189 for changeToCandidate
2019-10-25 11:08:00,169 [Thread-4984] INFO  impl.RoleInfo (RoleInfo.java:updateAndGet(143)) - f6cfa8a2-85ff-4bb9-a246-101c53d2d47b: start LeaderElection
2019-10-25 11:08:00,182 [f6cfa8a2-85ff-4bb9-a246-101c53d2d47b@group-49E82E920F3F-LeaderElection601] INFO  impl.LeaderElection (LeaderElection.java:askForVotes(178)) - f6cfa8a2-85ff-4bb9-a246-101c53d2d47b@group-49E82E920F3F-LeaderElection601: begin an election at term 190 for -1: [7fad1e98-7a6b-4998-a30c-ec1ab88068bc:192.168.157.233:35716, bdb27072-dd00-4d3b-a7da-41600e490ca3:192.168.157.233:42906, f6cfa8a2-85ff-4bb9-a246-101c53d2d47b:192.168.157.233:44618], old=null
2019-10-25 11:08:00,183 [f6cfa8a2-85ff-4bb9-a246-101c53d2d47b@group-49E82E920F3F-LeaderElection601] INFO  impl.LeaderElection (LogUtils.java:infoOrTrace(149)) - f6cfa8a2-85ff-4bb9-a246-101c53d2d47b@group-49E82E920F3F-LeaderElection601 got exception when requesting votes: {}
java.util.concurrent.ExecutionException: org.apache.ratis.thirdparty.io.grpc.StatusRuntimeException: UNAVAILABLE: io exception
	at java.util.concurrent.FutureTask.report(FutureTask.java:122)
	at java.util.concurrent.FutureTask.get(FutureTask.java:192)
	at org.apache.ratis.server.impl.LeaderElection.waitForResults(LeaderElection.java:259)
	at org.apache.ratis.server.impl.LeaderElection.askForVotes(LeaderElection.java:197)
	at org.apache.ratis.server.impl.LeaderElection.run(LeaderElection.java:133)
	at java.lang.Thread.run(Thread.java:748)
Caused by: org.apache.ratis.thirdparty.io.grpc.StatusRuntimeException: UNAVAILABLE: io exception
	at org.apache.ratis.thirdparty.io.grpc.stub.ClientCalls.toStatusRuntimeException(ClientCalls.java:233)
	at org.apache.ratis.thirdparty.io.grpc.stub.ClientCalls.getUnchecked(ClientCalls.java:214)
	at org.apache.ratis.thirdparty.io.grpc.stub.ClientCalls.blockingUnaryCall(ClientCalls.java:139)
	at org.apache.ratis.proto.grpc.RaftServerProtocolServiceGrpc$RaftServerProtocolServiceBlockingStub.requestVote(RaftServerProtocolServiceGrpc.java:265)
	at org.apache.ratis.grpc.server.GrpcServerProtocolClient.requestVote(GrpcServerProtocolClient.java:99)
	at org.apache.ratis.grpc.server.GrpcService.requestVote(GrpcService.java:204)
	at org.apache.ratis.server.impl.LeaderElection.lambda$submitRequests$1(LeaderElection.java:234)
	at java.util.concurrent.FutureTask.run(FutureTask.java:266)
	at java.util.concurrent.Executors$RunnableAdapter.call(Executors.java:511)
	at java.util.concurrent.FutureTask.run(FutureTask.java:266)
	at java.util.concurrent.ThreadPoolExecutor.runWorker(ThreadPoolExecutor.java:1149)
	at java.util.concurrent.ThreadPoolExecutor$Worker.run(ThreadPoolExecutor.java:624)
	... 1 more
Caused by: org.apache.ratis.thirdparty.io.netty.channel.AbstractChannel$AnnotatedConnectException: Connection refused: /192.168.157.233:42906
	at sun.nio.ch.SocketChannelImpl.checkConnect(Native Method)
	at sun.nio.ch.SocketChannelImpl.finishConnect(SocketChannelImpl.java:717)
	at org.apache.ratis.thirdparty.io.netty.channel.socket.nio.NioSocketChannel.doFinishConnect(NioSocketChannel.java:327)
	at org.apache.ratis.thirdparty.io.netty.channel.nio.AbstractNioChannel$AbstractNioUnsafe.finishConnect(AbstractNioChannel.java:340)
	at org.apache.ratis.thirdparty.io.netty.channel.nio.NioEventLoop.processSelectedKey(NioEventLoop.java:632)
	at org.apache.ratis.thirdparty.io.netty.channel.nio.NioEventLoop.processSelectedKeysOptimized(NioEventLoop.java:579)
	at org.apache.ratis.thirdparty.io.netty.channel.nio.NioEventLoop.processSelectedKeys(NioEventLoop.java:496)
	at org.apache.ratis.thirdparty.io.netty.channel.nio.NioEventLoop.run(NioEventLoop.java:458)
	at org.apache.ratis.thirdparty.io.netty.util.concurrent.SingleThreadEventExecutor$5.run(SingleThreadEventExecutor.java:897)
	at org.apache.ratis.thirdparty.io.netty.util.concurrent.FastThreadLocalRunnable.run(FastThreadLocalRunnable.java:30)
	... 1 more
Caused by: java.net.ConnectException: Connection refused
	... 11 more
2019-10-25 11:08:00,183 [f6cfa8a2-85ff-4bb9-a246-101c53d2d47b@group-49E82E920F3F-LeaderElection601] INFO  impl.LeaderElection (LogUtils.java:infoOrTrace(149)) - f6cfa8a2-85ff-4bb9-a246-101c53d2d47b@group-49E82E920F3F-LeaderElection601 got exception when requesting votes: {}
java.util.concurrent.ExecutionException: org.apache.ratis.thirdparty.io.grpc.StatusRuntimeException: UNAVAILABLE: io exception
	at java.util.concurrent.FutureTask.report(FutureTask.java:122)
	at java.util.concurrent.FutureTask.get(FutureTask.java:192)
	at org.apache.ratis.server.impl.LeaderElection.waitForResults(LeaderElection.java:259)
	at org.apache.ratis.server.impl.LeaderElection.askForVotes(LeaderElection.java:197)
	at org.apache.ratis.server.impl.LeaderElection.run(LeaderElection.java:133)
	at java.lang.Thread.run(Thread.java:748)
Caused by: org.apache.ratis.thirdparty.io.grpc.StatusRuntimeException: UNAVAILABLE: io exception
	at org.apache.ratis.thirdparty.io.grpc.stub.ClientCalls.toStatusRuntimeException(ClientCalls.java:233)
	at org.apache.ratis.thirdparty.io.grpc.stub.ClientCalls.getUnchecked(ClientCalls.java:214)
	at org.apache.ratis.thirdparty.io.grpc.stub.ClientCalls.blockingUnaryCall(ClientCalls.java:139)
	at org.apache.ratis.proto.grpc.RaftServerProtocolServiceGrpc$RaftServerProtocolServiceBlockingStub.requestVote(RaftServerProtocolServiceGrpc.java:265)
	at org.apache.ratis.grpc.server.GrpcServerProtocolClient.requestVote(GrpcServerProtocolClient.java:99)
	at org.apache.ratis.grpc.server.GrpcService.requestVote(GrpcService.java:204)
	at org.apache.ratis.server.impl.LeaderElection.lambda$submitRequests$1(LeaderElection.java:234)
	at java.util.concurrent.FutureTask.run(FutureTask.java:266)
	at java.util.concurrent.Executors$RunnableAdapter.call(Executors.java:511)
	at java.util.concurrent.FutureTask.run(FutureTask.java:266)
	at java.util.concurrent.ThreadPoolExecutor.runWorker(ThreadPoolExecutor.java:1149)
	at java.util.concurrent.ThreadPoolExecutor$Worker.run(ThreadPoolExecutor.java:624)
	... 1 more
Caused by: org.apache.ratis.thirdparty.io.netty.channel.AbstractChannel$AnnotatedConnectException: Connection refused: /192.168.157.233:35716
	at sun.nio.ch.SocketChannelImpl.checkConnect(Native Method)
	at sun.nio.ch.SocketChannelImpl.finishConnect(SocketChannelImpl.java:717)
	at org.apache.ratis.thirdparty.io.netty.channel.socket.nio.NioSocketChannel.doFinishConnect(NioSocketChannel.java:327)
	at org.apache.ratis.thirdparty.io.netty.channel.nio.AbstractNioChannel$AbstractNioUnsafe.finishConnect(AbstractNioChannel.java:340)
	at org.apache.ratis.thirdparty.io.netty.channel.nio.NioEventLoop.processSelectedKey(NioEventLoop.java:632)
	at org.apache.ratis.thirdparty.io.netty.channel.nio.NioEventLoop.processSelectedKeysOptimized(NioEventLoop.java:579)
	at org.apache.ratis.thirdparty.io.netty.channel.nio.NioEventLoop.processSelectedKeys(NioEventLoop.java:496)
	at org.apache.ratis.thirdparty.io.netty.channel.nio.NioEventLoop.run(NioEventLoop.java:458)
	at org.apache.ratis.thirdparty.io.netty.util.concurrent.SingleThreadEventExecutor$5.run(SingleThreadEventExecutor.java:897)
	at org.apache.ratis.thirdparty.io.netty.util.concurrent.FastThreadLocalRunnable.run(FastThreadLocalRunnable.java:30)
	... 1 more
Caused by: java.net.ConnectException: Connection refused
	... 11 more
2019-10-25 11:08:00,184 [f6cfa8a2-85ff-4bb9-a246-101c53d2d47b@group-49E82E920F3F-LeaderElection601] INFO  impl.LeaderElection (LeaderElection.java:logAndReturn(56)) - f6cfa8a2-85ff-4bb9-a246-101c53d2d47b@group-49E82E920F3F-LeaderElection601: Election REJECTED; received 0 response(s) [] and 2 exception(s); f6cfa8a2-85ff-4bb9-a246-101c53d2d47b@group-49E82E920F3F:t190, leader=null, voted=f6cfa8a2-85ff-4bb9-a246-101c53d2d47b, raftlog=f6cfa8a2-85ff-4bb9-a246-101c53d2d47b@group-49E82E920F3F-SegmentedRaftLog:OPENED:c-1,f-1,i0, conf=-1: [7fad1e98-7a6b-4998-a30c-ec1ab88068bc:192.168.157.233:35716, bdb27072-dd00-4d3b-a7da-41600e490ca3:192.168.157.233:42906, f6cfa8a2-85ff-4bb9-a246-101c53d2d47b:192.168.157.233:44618], old=null
2019-10-25 11:08:00,184 [f6cfa8a2-85ff-4bb9-a246-101c53d2d47b@group-49E82E920F3F-LeaderElection601] INFO  impl.LeaderElection (LogUtils.java:infoOrTrace(149)) -   Exception 0: {}
java.util.concurrent.ExecutionException: org.apache.ratis.thirdparty.io.grpc.StatusRuntimeException: UNAVAILABLE: io exception
	at java.util.concurrent.FutureTask.report(FutureTask.java:122)
	at java.util.concurrent.FutureTask.get(FutureTask.java:192)
	at org.apache.ratis.server.impl.LeaderElection.waitForResults(LeaderElection.java:259)
	at org.apache.ratis.server.impl.LeaderElection.askForVotes(LeaderElection.java:197)
	at org.apache.ratis.server.impl.LeaderElection.run(LeaderElection.java:133)
	at java.lang.Thread.run(Thread.java:748)
Caused by: org.apache.ratis.thirdparty.io.grpc.StatusRuntimeException: UNAVAILABLE: io exception
	at org.apache.ratis.thirdparty.io.grpc.stub.ClientCalls.toStatusRuntimeException(ClientCalls.java:233)
	at org.apache.ratis.thirdparty.io.grpc.stub.ClientCalls.getUnchecked(ClientCalls.java:214)
	at org.apache.ratis.thirdparty.io.grpc.stub.ClientCalls.blockingUnaryCall(ClientCalls.java:139)
	at org.apache.ratis.proto.grpc.RaftServerProtocolServiceGrpc$RaftServerProtocolServiceBlockingStub.requestVote(RaftServerProtocolServiceGrpc.java:265)
	at org.apache.ratis.grpc.server.GrpcServerProtocolClient.requestVote(GrpcServerProtocolClient.java:99)
	at org.apache.ratis.grpc.server.GrpcService.requestVote(GrpcService.java:204)
	at org.apache.ratis.server.impl.LeaderElection.lambda$submitRequests$1(LeaderElection.java:234)
	at java.util.concurrent.FutureTask.run(FutureTask.java:266)
	at java.util.concurrent.Executors$RunnableAdapter.call(Executors.java:511)
	at java.util.concurrent.FutureTask.run(FutureTask.java:266)
	at java.util.concurrent.ThreadPoolExecutor.runWorker(ThreadPoolExecutor.java:1149)
	at java.util.concurrent.ThreadPoolExecutor$Worker.run(ThreadPoolExecutor.java:624)
	... 1 more
Caused by: org.apache.ratis.thirdparty.io.netty.channel.AbstractChannel$AnnotatedConnectException: Connection refused: /192.168.157.233:42906
	at sun.nio.ch.SocketChannelImpl.checkConnect(Native Method)
	at sun.nio.ch.SocketChannelImpl.finishConnect(SocketChannelImpl.java:717)
	at org.apache.ratis.thirdparty.io.netty.channel.socket.nio.NioSocketChannel.doFinishConnect(NioSocketChannel.java:327)
	at org.apache.ratis.thirdparty.io.netty.channel.nio.AbstractNioChannel$AbstractNioUnsafe.finishConnect(AbstractNioChannel.java:340)
	at org.apache.ratis.thirdparty.io.netty.channel.nio.NioEventLoop.processSelectedKey(NioEventLoop.java:632)
	at org.apache.ratis.thirdparty.io.netty.channel.nio.NioEventLoop.processSelectedKeysOptimized(NioEventLoop.java:579)
	at org.apache.ratis.thirdparty.io.netty.channel.nio.NioEventLoop.processSelectedKeys(NioEventLoop.java:496)
	at org.apache.ratis.thirdparty.io.netty.channel.nio.NioEventLoop.run(NioEventLoop.java:458)
	at org.apache.ratis.thirdparty.io.netty.util.concurrent.SingleThreadEventExecutor$5.run(SingleThreadEventExecutor.java:897)
	at org.apache.ratis.thirdparty.io.netty.util.concurrent.FastThreadLocalRunnable.run(FastThreadLocalRunnable.java:30)
	... 1 more
Caused by: java.net.ConnectException: Connection refused
	... 11 more
2019-10-25 11:08:00,184 [f6cfa8a2-85ff-4bb9-a246-101c53d2d47b@group-49E82E920F3F-LeaderElection601] INFO  impl.LeaderElection (LogUtils.java:infoOrTrace(149)) -   Exception 1: {}
java.util.concurrent.ExecutionException: org.apache.ratis.thirdparty.io.grpc.StatusRuntimeException: UNAVAILABLE: io exception
	at java.util.concurrent.FutureTask.report(FutureTask.java:122)
	at java.util.concurrent.FutureTask.get(FutureTask.java:192)
	at org.apache.ratis.server.impl.LeaderElection.waitForResults(LeaderElection.java:259)
	at org.apache.ratis.server.impl.LeaderElection.askForVotes(LeaderElection.java:197)
	at org.apache.ratis.server.impl.LeaderElection.run(LeaderElection.java:133)
	at java.lang.Thread.run(Thread.java:748)
Caused by: org.apache.ratis.thirdparty.io.grpc.StatusRuntimeException: UNAVAILABLE: io exception
	at org.apache.ratis.thirdparty.io.grpc.stub.ClientCalls.toStatusRuntimeException(ClientCalls.java:233)
	at org.apache.ratis.thirdparty.io.grpc.stub.ClientCalls.getUnchecked(ClientCalls.java:214)
	at org.apache.ratis.thirdparty.io.grpc.stub.ClientCalls.blockingUnaryCall(ClientCalls.java:139)
	at org.apache.ratis.proto.grpc.RaftServerProtocolServiceGrpc$RaftServerProtocolServiceBlockingStub.requestVote(RaftServerProtocolServiceGrpc.java:265)
	at org.apache.ratis.grpc.server.GrpcServerProtocolClient.requestVote(GrpcServerProtocolClient.java:99)
	at org.apache.ratis.grpc.server.GrpcService.requestVote(GrpcService.java:204)
	at org.apache.ratis.server.impl.LeaderElection.lambda$submitRequests$1(LeaderElection.java:234)
	at java.util.concurrent.FutureTask.run(FutureTask.java:266)
	at java.util.concurrent.Executors$RunnableAdapter.call(Executors.java:511)
	at java.util.concurrent.FutureTask.run(FutureTask.java:266)
	at java.util.concurrent.ThreadPoolExecutor.runWorker(ThreadPoolExecutor.java:1149)
	at java.util.concurrent.ThreadPoolExecutor$Worker.run(ThreadPoolExecutor.java:624)
	... 1 more
Caused by: org.apache.ratis.thirdparty.io.netty.channel.AbstractChannel$AnnotatedConnectException: Connection refused: /192.168.157.233:35716
	at sun.nio.ch.SocketChannelImpl.checkConnect(Native Method)
	at sun.nio.ch.SocketChannelImpl.finishConnect(SocketChannelImpl.java:717)
	at org.apache.ratis.thirdparty.io.netty.channel.socket.nio.NioSocketChannel.doFinishConnect(NioSocketChannel.java:327)
	at org.apache.ratis.thirdparty.io.netty.channel.nio.AbstractNioChannel$AbstractNioUnsafe.finishConnect(AbstractNioChannel.java:340)
	at org.apache.ratis.thirdparty.io.netty.channel.nio.NioEventLoop.processSelectedKey(NioEventLoop.java:632)
	at org.apache.ratis.thirdparty.io.netty.channel.nio.NioEventLoop.processSelectedKeysOptimized(NioEventLoop.java:579)
	at org.apache.ratis.thirdparty.io.netty.channel.nio.NioEventLoop.processSelectedKeys(NioEventLoop.java:496)
	at org.apache.ratis.thirdparty.io.netty.channel.nio.NioEventLoop.run(NioEventLoop.java:458)
	at org.apache.ratis.thirdparty.io.netty.util.concurrent.SingleThreadEventExecutor$5.run(SingleThreadEventExecutor.java:897)
	at org.apache.ratis.thirdparty.io.netty.util.concurrent.FastThreadLocalRunnable.run(FastThreadLocalRunnable.java:30)
	... 1 more
Caused by: java.net.ConnectException: Connection refused
	... 11 more
2019-10-25 11:08:00,184 [f6cfa8a2-85ff-4bb9-a246-101c53d2d47b@group-49E82E920F3F-LeaderElection601] INFO  impl.RaftServerImpl (RaftServerImpl.java:setRole(184)) - f6cfa8a2-85ff-4bb9-a246-101c53d2d47b@group-49E82E920F3F: changes role from CANDIDATE to FOLLOWER at term 190 for DISCOVERED_A_NEW_TERM
2019-10-25 11:08:00,185 [f6cfa8a2-85ff-4bb9-a246-101c53d2d47b@group-49E82E920F3F-LeaderElection601] INFO  impl.RoleInfo (RoleInfo.java:shutdownLeaderElection(134)) - f6cfa8a2-85ff-4bb9-a246-101c53d2d47b: shutdown LeaderElection
2019-10-25 11:08:00,185 [f6cfa8a2-85ff-4bb9-a246-101c53d2d47b@group-49E82E920F3F-LeaderElection601] INFO  impl.RoleInfo (RoleInfo.java:updateAndGet(143)) - f6cfa8a2-85ff-4bb9-a246-101c53d2d47b: start FollowerState
2019-10-25 11:08:00,300 [Thread-4988] INFO  impl.FollowerState (FollowerState.java:run(108)) - f6cfa8a2-85ff-4bb9-a246-101c53d2d47b@group-49E82E920F3F-FollowerState: change to CANDIDATE, lastRpcTime:115ms, electionTimeout:115ms
2019-10-25 11:08:00,300 [Thread-4988] INFO  impl.RoleInfo (RoleInfo.java:shutdownFollowerState(121)) - f6cfa8a2-85ff-4bb9-a246-101c53d2d47b: shutdown FollowerState
2019-10-25 11:08:00,300 [Thread-4988] INFO  impl.RaftServerImpl (RaftServerImpl.java:setRole(184)) - f6cfa8a2-85ff-4bb9-a246-101c53d2d47b@group-49E82E920F3F: changes role from  FOLLOWER to CANDIDATE at term 190 for changeToCandidate
2019-10-25 11:08:00,301 [Thread-4988] INFO  impl.RoleInfo (RoleInfo.java:updateAndGet(143)) - f6cfa8a2-85ff-4bb9-a246-101c53d2d47b: start LeaderElection
2019-10-25 11:08:00,314 [f6cfa8a2-85ff-4bb9-a246-101c53d2d47b@group-49E82E920F3F-LeaderElection602] INFO  impl.LeaderElection (LeaderElection.java:askForVotes(178)) - f6cfa8a2-85ff-4bb9-a246-101c53d2d47b@group-49E82E920F3F-LeaderElection602: begin an election at term 191 for -1: [7fad1e98-7a6b-4998-a30c-ec1ab88068bc:192.168.157.233:35716, bdb27072-dd00-4d3b-a7da-41600e490ca3:192.168.157.233:42906, f6cfa8a2-85ff-4bb9-a246-101c53d2d47b:192.168.157.233:44618], old=null
2019-10-25 11:08:00,315 [f6cfa8a2-85ff-4bb9-a246-101c53d2d47b@group-49E82E920F3F-LeaderElection602] INFO  impl.LeaderElection (LogUtils.java:infoOrTrace(149)) - f6cfa8a2-85ff-4bb9-a246-101c53d2d47b@group-49E82E920F3F-LeaderElection602 got exception when requesting votes: {}
java.util.concurrent.ExecutionException: org.apache.ratis.thirdparty.io.grpc.StatusRuntimeException: UNAVAILABLE: io exception
	at java.util.concurrent.FutureTask.report(FutureTask.java:122)
	at java.util.concurrent.FutureTask.get(FutureTask.java:192)
	at org.apache.ratis.server.impl.LeaderElection.waitForResults(LeaderElection.java:259)
	at org.apache.ratis.server.impl.LeaderElection.askForVotes(LeaderElection.java:197)
	at org.apache.ratis.server.impl.LeaderElection.run(LeaderElection.java:133)
	at java.lang.Thread.run(Thread.java:748)
Caused by: org.apache.ratis.thirdparty.io.grpc.StatusRuntimeException: UNAVAILABLE: io exception
	at org.apache.ratis.thirdparty.io.grpc.stub.ClientCalls.toStatusRuntimeException(ClientCalls.java:233)
	at org.apache.ratis.thirdparty.io.grpc.stub.ClientCalls.getUnchecked(ClientCalls.java:214)
	at org.apache.ratis.thirdparty.io.grpc.stub.ClientCalls.blockingUnaryCall(ClientCalls.java:139)
	at org.apache.ratis.proto.grpc.RaftServerProtocolServiceGrpc$RaftServerProtocolServiceBlockingStub.requestVote(RaftServerProtocolServiceGrpc.java:265)
	at org.apache.ratis.grpc.server.GrpcServerProtocolClient.requestVote(GrpcServerProtocolClient.java:99)
	at org.apache.ratis.grpc.server.GrpcService.requestVote(GrpcService.java:204)
	at org.apache.ratis.server.impl.LeaderElection.lambda$submitRequests$1(LeaderElection.java:234)
	at java.util.concurrent.FutureTask.run(FutureTask.java:266)
	at java.util.concurrent.Executors$RunnableAdapter.call(Executors.java:511)
	at java.util.concurrent.FutureTask.run(FutureTask.java:266)
	at java.util.concurrent.ThreadPoolExecutor.runWorker(ThreadPoolExecutor.java:1149)
	at java.util.concurrent.ThreadPoolExecutor$Worker.run(ThreadPoolExecutor.java:624)
	... 1 more
Caused by: org.apache.ratis.thirdparty.io.netty.channel.AbstractChannel$AnnotatedConnectException: Connection refused: /192.168.157.233:35716
	at sun.nio.ch.SocketChannelImpl.checkConnect(Native Method)
	at sun.nio.ch.SocketChannelImpl.finishConnect(SocketChannelImpl.java:717)
	at org.apache.ratis.thirdparty.io.netty.channel.socket.nio.NioSocketChannel.doFinishConnect(NioSocketChannel.java:327)
	at org.apache.ratis.thirdparty.io.netty.channel.nio.AbstractNioChannel$AbstractNioUnsafe.finishConnect(AbstractNioChannel.java:340)
	at org.apache.ratis.thirdparty.io.netty.channel.nio.NioEventLoop.processSelectedKey(NioEventLoop.java:632)
	at org.apache.ratis.thirdparty.io.netty.channel.nio.NioEventLoop.processSelectedKeysOptimized(NioEventLoop.java:579)
	at org.apache.ratis.thirdparty.io.netty.channel.nio.NioEventLoop.processSelectedKeys(NioEventLoop.java:496)
	at org.apache.ratis.thirdparty.io.netty.channel.nio.NioEventLoop.run(NioEventLoop.java:458)
	at org.apache.ratis.thirdparty.io.netty.util.concurrent.SingleThreadEventExecutor$5.run(SingleThreadEventExecutor.java:897)
	at org.apache.ratis.thirdparty.io.netty.util.concurrent.FastThreadLocalRunnable.run(FastThreadLocalRunnable.java:30)
	... 1 more
Caused by: java.net.ConnectException: Connection refused
	... 11 more
2019-10-25 11:08:00,316 [f6cfa8a2-85ff-4bb9-a246-101c53d2d47b@group-49E82E920F3F-LeaderElection602] INFO  impl.LeaderElection (LogUtils.java:infoOrTrace(149)) - f6cfa8a2-85ff-4bb9-a246-101c53d2d47b@group-49E82E920F3F-LeaderElection602 got exception when requesting votes: {}
java.util.concurrent.ExecutionException: org.apache.ratis.thirdparty.io.grpc.StatusRuntimeException: UNAVAILABLE: io exception
	at java.util.concurrent.FutureTask.report(FutureTask.java:122)
	at java.util.concurrent.FutureTask.get(FutureTask.java:192)
	at org.apache.ratis.server.impl.LeaderElection.waitForResults(LeaderElection.java:259)
	at org.apache.ratis.server.impl.LeaderElection.askForVotes(LeaderElection.java:197)
	at org.apache.ratis.server.impl.LeaderElection.run(LeaderElection.java:133)
	at java.lang.Thread.run(Thread.java:748)
Caused by: org.apache.ratis.thirdparty.io.grpc.StatusRuntimeException: UNAVAILABLE: io exception
	at org.apache.ratis.thirdparty.io.grpc.stub.ClientCalls.toStatusRuntimeException(ClientCalls.java:233)
	at org.apache.ratis.thirdparty.io.grpc.stub.ClientCalls.getUnchecked(ClientCalls.java:214)
	at org.apache.ratis.thirdparty.io.grpc.stub.ClientCalls.blockingUnaryCall(ClientCalls.java:139)
	at org.apache.ratis.proto.grpc.RaftServerProtocolServiceGrpc$RaftServerProtocolServiceBlockingStub.requestVote(RaftServerProtocolServiceGrpc.java:265)
	at org.apache.ratis.grpc.server.GrpcServerProtocolClient.requestVote(GrpcServerProtocolClient.java:99)
	at org.apache.ratis.grpc.server.GrpcService.requestVote(GrpcService.java:204)
	at org.apache.ratis.server.impl.LeaderElection.lambda$submitRequests$1(LeaderElection.java:234)
	at java.util.concurrent.FutureTask.run(FutureTask.java:266)
	at java.util.concurrent.Executors$RunnableAdapter.call(Executors.java:511)
	at java.util.concurrent.FutureTask.run(FutureTask.java:266)
	at java.util.concurrent.ThreadPoolExecutor.runWorker(ThreadPoolExecutor.java:1149)
	at java.util.concurrent.ThreadPoolExecutor$Worker.run(ThreadPoolExecutor.java:624)
	... 1 more
Caused by: org.apache.ratis.thirdparty.io.netty.channel.AbstractChannel$AnnotatedConnectException: Connection refused: /192.168.157.233:42906
	at sun.nio.ch.SocketChannelImpl.checkConnect(Native Method)
	at sun.nio.ch.SocketChannelImpl.finishConnect(SocketChannelImpl.java:717)
	at org.apache.ratis.thirdparty.io.netty.channel.socket.nio.NioSocketChannel.doFinishConnect(NioSocketChannel.java:327)
	at org.apache.ratis.thirdparty.io.netty.channel.nio.AbstractNioChannel$AbstractNioUnsafe.finishConnect(AbstractNioChannel.java:340)
	at org.apache.ratis.thirdparty.io.netty.channel.nio.NioEventLoop.processSelectedKey(NioEventLoop.java:632)
	at org.apache.ratis.thirdparty.io.netty.channel.nio.NioEventLoop.processSelectedKeysOptimized(NioEventLoop.java:579)
	at org.apache.ratis.thirdparty.io.netty.channel.nio.NioEventLoop.processSelectedKeys(NioEventLoop.java:496)
	at org.apache.ratis.thirdparty.io.netty.channel.nio.NioEventLoop.run(NioEventLoop.java:458)
	at org.apache.ratis.thirdparty.io.netty.util.concurrent.SingleThreadEventExecutor$5.run(SingleThreadEventExecutor.java:897)
	at org.apache.ratis.thirdparty.io.netty.util.concurrent.FastThreadLocalRunnable.run(FastThreadLocalRunnable.java:30)
	... 1 more
Caused by: java.net.ConnectException: Connection refused
	... 11 more
2019-10-25 11:08:00,317 [f6cfa8a2-85ff-4bb9-a246-101c53d2d47b@group-49E82E920F3F-LeaderElection602] INFO  impl.LeaderElection (LeaderElection.java:logAndReturn(56)) - f6cfa8a2-85ff-4bb9-a246-101c53d2d47b@group-49E82E920F3F-LeaderElection602: Election REJECTED; received 0 response(s) [] and 2 exception(s); f6cfa8a2-85ff-4bb9-a246-101c53d2d47b@group-49E82E920F3F:t191, leader=null, voted=f6cfa8a2-85ff-4bb9-a246-101c53d2d47b, raftlog=f6cfa8a2-85ff-4bb9-a246-101c53d2d47b@group-49E82E920F3F-SegmentedRaftLog:OPENED:c-1,f-1,i0, conf=-1: [7fad1e98-7a6b-4998-a30c-ec1ab88068bc:192.168.157.233:35716, bdb27072-dd00-4d3b-a7da-41600e490ca3:192.168.157.233:42906, f6cfa8a2-85ff-4bb9-a246-101c53d2d47b:192.168.157.233:44618], old=null
2019-10-25 11:08:00,317 [f6cfa8a2-85ff-4bb9-a246-101c53d2d47b@group-49E82E920F3F-LeaderElection602] INFO  impl.LeaderElection (LogUtils.java:infoOrTrace(149)) -   Exception 0: {}
java.util.concurrent.ExecutionException: org.apache.ratis.thirdparty.io.grpc.StatusRuntimeException: UNAVAILABLE: io exception
	at java.util.concurrent.FutureTask.report(FutureTask.java:122)
	at java.util.concurrent.FutureTask.get(FutureTask.java:192)
	at org.apache.ratis.server.impl.LeaderElection.waitForResults(LeaderElection.java:259)
	at org.apache.ratis.server.impl.LeaderElection.askForVotes(LeaderElection.java:197)
	at org.apache.ratis.server.impl.LeaderElection.run(LeaderElection.java:133)
	at java.lang.Thread.run(Thread.java:748)
Caused by: org.apache.ratis.thirdparty.io.grpc.StatusRuntimeException: UNAVAILABLE: io exception
	at org.apache.ratis.thirdparty.io.grpc.stub.ClientCalls.toStatusRuntimeException(ClientCalls.java:233)
	at org.apache.ratis.thirdparty.io.grpc.stub.ClientCalls.getUnchecked(ClientCalls.java:214)
	at org.apache.ratis.thirdparty.io.grpc.stub.ClientCalls.blockingUnaryCall(ClientCalls.java:139)
	at org.apache.ratis.proto.grpc.RaftServerProtocolServiceGrpc$RaftServerProtocolServiceBlockingStub.requestVote(RaftServerProtocolServiceGrpc.java:265)
	at org.apache.ratis.grpc.server.GrpcServerProtocolClient.requestVote(GrpcServerProtocolClient.java:99)
	at org.apache.ratis.grpc.server.GrpcService.requestVote(GrpcService.java:204)
	at org.apache.ratis.server.impl.LeaderElection.lambda$submitRequests$1(LeaderElection.java:234)
	at java.util.concurrent.FutureTask.run(FutureTask.java:266)
	at java.util.concurrent.Executors$RunnableAdapter.call(Executors.java:511)
	at java.util.concurrent.FutureTask.run(FutureTask.java:266)
	at java.util.concurrent.ThreadPoolExecutor.runWorker(ThreadPoolExecutor.java:1149)
	at java.util.concurrent.ThreadPoolExecutor$Worker.run(ThreadPoolExecutor.java:624)
	... 1 more
Caused by: org.apache.ratis.thirdparty.io.netty.channel.AbstractChannel$AnnotatedConnectException: Connection refused: /192.168.157.233:35716
	at sun.nio.ch.SocketChannelImpl.checkConnect(Native Method)
	at sun.nio.ch.SocketChannelImpl.finishConnect(SocketChannelImpl.java:717)
	at org.apache.ratis.thirdparty.io.netty.channel.socket.nio.NioSocketChannel.doFinishConnect(NioSocketChannel.java:327)
	at org.apache.ratis.thirdparty.io.netty.channel.nio.AbstractNioChannel$AbstractNioUnsafe.finishConnect(AbstractNioChannel.java:340)
	at org.apache.ratis.thirdparty.io.netty.channel.nio.NioEventLoop.processSelectedKey(NioEventLoop.java:632)
	at org.apache.ratis.thirdparty.io.netty.channel.nio.NioEventLoop.processSelectedKeysOptimized(NioEventLoop.java:579)
	at org.apache.ratis.thirdparty.io.netty.channel.nio.NioEventLoop.processSelectedKeys(NioEventLoop.java:496)
	at org.apache.ratis.thirdparty.io.netty.channel.nio.NioEventLoop.run(NioEventLoop.java:458)
	at org.apache.ratis.thirdparty.io.netty.util.concurrent.SingleThreadEventExecutor$5.run(SingleThreadEventExecutor.java:897)
	at org.apache.ratis.thirdparty.io.netty.util.concurrent.FastThreadLocalRunnable.run(FastThreadLocalRunnable.java:30)
	... 1 more
Caused by: java.net.ConnectException: Connection refused
	... 11 more
2019-10-25 11:08:00,317 [f6cfa8a2-85ff-4bb9-a246-101c53d2d47b@group-49E82E920F3F-LeaderElection602] INFO  impl.LeaderElection (LogUtils.java:infoOrTrace(149)) -   Exception 1: {}
java.util.concurrent.ExecutionException: org.apache.ratis.thirdparty.io.grpc.StatusRuntimeException: UNAVAILABLE: io exception
	at java.util.concurrent.FutureTask.report(FutureTask.java:122)
	at java.util.concurrent.FutureTask.get(FutureTask.java:192)
	at org.apache.ratis.server.impl.LeaderElection.waitForResults(LeaderElection.java:259)
	at org.apache.ratis.server.impl.LeaderElection.askForVotes(LeaderElection.java:197)
	at org.apache.ratis.server.impl.LeaderElection.run(LeaderElection.java:133)
	at java.lang.Thread.run(Thread.java:748)
Caused by: org.apache.ratis.thirdparty.io.grpc.StatusRuntimeException: UNAVAILABLE: io exception
	at org.apache.ratis.thirdparty.io.grpc.stub.ClientCalls.toStatusRuntimeException(ClientCalls.java:233)
	at org.apache.ratis.thirdparty.io.grpc.stub.ClientCalls.getUnchecked(ClientCalls.java:214)
	at org.apache.ratis.thirdparty.io.grpc.stub.ClientCalls.blockingUnaryCall(ClientCalls.java:139)
	at org.apache.ratis.proto.grpc.RaftServerProtocolServiceGrpc$RaftServerProtocolServiceBlockingStub.requestVote(RaftServerProtocolServiceGrpc.java:265)
	at org.apache.ratis.grpc.server.GrpcServerProtocolClient.requestVote(GrpcServerProtocolClient.java:99)
	at org.apache.ratis.grpc.server.GrpcService.requestVote(GrpcService.java:204)
	at org.apache.ratis.server.impl.LeaderElection.lambda$submitRequests$1(LeaderElection.java:234)
	at java.util.concurrent.FutureTask.run(FutureTask.java:266)
	at java.util.concurrent.Executors$RunnableAdapter.call(Executors.java:511)
	at java.util.concurrent.FutureTask.run(FutureTask.java:266)
	at java.util.concurrent.ThreadPoolExecutor.runWorker(ThreadPoolExecutor.java:1149)
	at java.util.concurrent.ThreadPoolExecutor$Worker.run(ThreadPoolExecutor.java:624)
	... 1 more
Caused by: org.apache.ratis.thirdparty.io.netty.channel.AbstractChannel$AnnotatedConnectException: Connection refused: /192.168.157.233:42906
	at sun.nio.ch.SocketChannelImpl.checkConnect(Native Method)
	at sun.nio.ch.SocketChannelImpl.finishConnect(SocketChannelImpl.java:717)
	at org.apache.ratis.thirdparty.io.netty.channel.socket.nio.NioSocketChannel.doFinishConnect(NioSocketChannel.java:327)
	at org.apache.ratis.thirdparty.io.netty.channel.nio.AbstractNioChannel$AbstractNioUnsafe.finishConnect(AbstractNioChannel.java:340)
	at org.apache.ratis.thirdparty.io.netty.channel.nio.NioEventLoop.processSelectedKey(NioEventLoop.java:632)
	at org.apache.ratis.thirdparty.io.netty.channel.nio.NioEventLoop.processSelectedKeysOptimized(NioEventLoop.java:579)
	at org.apache.ratis.thirdparty.io.netty.channel.nio.NioEventLoop.processSelectedKeys(NioEventLoop.java:496)
	at org.apache.ratis.thirdparty.io.netty.channel.nio.NioEventLoop.run(NioEventLoop.java:458)
	at org.apache.ratis.thirdparty.io.netty.util.concurrent.SingleThreadEventExecutor$5.run(SingleThreadEventExecutor.java:897)
	at org.apache.ratis.thirdparty.io.netty.util.concurrent.FastThreadLocalRunnable.run(FastThreadLocalRunnable.java:30)
	... 1 more
Caused by: java.net.ConnectException: Connection refused
	... 11 more
2019-10-25 11:08:00,317 [f6cfa8a2-85ff-4bb9-a246-101c53d2d47b@group-49E82E920F3F-LeaderElection602] INFO  impl.RaftServerImpl (RaftServerImpl.java:setRole(184)) - f6cfa8a2-85ff-4bb9-a246-101c53d2d47b@group-49E82E920F3F: changes role from CANDIDATE to FOLLOWER at term 191 for DISCOVERED_A_NEW_TERM
2019-10-25 11:08:00,317 [f6cfa8a2-85ff-4bb9-a246-101c53d2d47b@group-49E82E920F3F-LeaderElection602] INFO  impl.RoleInfo (RoleInfo.java:shutdownLeaderElection(134)) - f6cfa8a2-85ff-4bb9-a246-101c53d2d47b: shutdown LeaderElection
2019-10-25 11:08:00,318 [f6cfa8a2-85ff-4bb9-a246-101c53d2d47b@group-49E82E920F3F-LeaderElection602] INFO  impl.RoleInfo (RoleInfo.java:updateAndGet(143)) - f6cfa8a2-85ff-4bb9-a246-101c53d2d47b: start FollowerState
2019-10-25 11:08:00,409 [Thread-4994] INFO  impl.FollowerState (FollowerState.java:run(108)) - f6cfa8a2-85ff-4bb9-a246-101c53d2d47b@group-49E82E920F3F-FollowerState: change to CANDIDATE, lastRpcTime:91ms, electionTimeout:91ms
2019-10-25 11:08:00,409 [Thread-4994] INFO  impl.RoleInfo (RoleInfo.java:shutdownFollowerState(121)) - f6cfa8a2-85ff-4bb9-a246-101c53d2d47b: shutdown FollowerState
2019-10-25 11:08:00,409 [Thread-4994] INFO  impl.RaftServerImpl (RaftServerImpl.java:setRole(184)) - f6cfa8a2-85ff-4bb9-a246-101c53d2d47b@group-49E82E920F3F: changes role from  FOLLOWER to CANDIDATE at term 191 for changeToCandidate
2019-10-25 11:08:00,409 [Thread-4994] INFO  impl.RoleInfo (RoleInfo.java:updateAndGet(143)) - f6cfa8a2-85ff-4bb9-a246-101c53d2d47b: start LeaderElection
2019-10-25 11:08:00,424 [f6cfa8a2-85ff-4bb9-a246-101c53d2d47b@group-49E82E920F3F-LeaderElection603] INFO  impl.LeaderElection (LeaderElection.java:askForVotes(178)) - f6cfa8a2-85ff-4bb9-a246-101c53d2d47b@group-49E82E920F3F-LeaderElection603: begin an election at term 192 for -1: [7fad1e98-7a6b-4998-a30c-ec1ab88068bc:192.168.157.233:35716, bdb27072-dd00-4d3b-a7da-41600e490ca3:192.168.157.233:42906, f6cfa8a2-85ff-4bb9-a246-101c53d2d47b:192.168.157.233:44618], old=null
2019-10-25 11:08:00,425 [f6cfa8a2-85ff-4bb9-a246-101c53d2d47b@group-49E82E920F3F-LeaderElection603] INFO  impl.LeaderElection (LogUtils.java:infoOrTrace(149)) - f6cfa8a2-85ff-4bb9-a246-101c53d2d47b@group-49E82E920F3F-LeaderElection603 got exception when requesting votes: {}
java.util.concurrent.ExecutionException: org.apache.ratis.thirdparty.io.grpc.StatusRuntimeException: UNAVAILABLE: io exception
	at java.util.concurrent.FutureTask.report(FutureTask.java:122)
	at java.util.concurrent.FutureTask.get(FutureTask.java:192)
	at org.apache.ratis.server.impl.LeaderElection.waitForResults(LeaderElection.java:259)
	at org.apache.ratis.server.impl.LeaderElection.askForVotes(LeaderElection.java:197)
	at org.apache.ratis.server.impl.LeaderElection.run(LeaderElection.java:133)
	at java.lang.Thread.run(Thread.java:748)
Caused by: org.apache.ratis.thirdparty.io.grpc.StatusRuntimeException: UNAVAILABLE: io exception
	at org.apache.ratis.thirdparty.io.grpc.stub.ClientCalls.toStatusRuntimeException(ClientCalls.java:233)
	at org.apache.ratis.thirdparty.io.grpc.stub.ClientCalls.getUnchecked(ClientCalls.java:214)
	at org.apache.ratis.thirdparty.io.grpc.stub.ClientCalls.blockingUnaryCall(ClientCalls.java:139)
	at org.apache.ratis.proto.grpc.RaftServerProtocolServiceGrpc$RaftServerProtocolServiceBlockingStub.requestVote(RaftServerProtocolServiceGrpc.java:265)
	at org.apache.ratis.grpc.server.GrpcServerProtocolClient.requestVote(GrpcServerProtocolClient.java:99)
	at org.apache.ratis.grpc.server.GrpcService.requestVote(GrpcService.java:204)
	at org.apache.ratis.server.impl.LeaderElection.lambda$submitRequests$1(LeaderElection.java:234)
	at java.util.concurrent.FutureTask.run(FutureTask.java:266)
	at java.util.concurrent.Executors$RunnableAdapter.call(Executors.java:511)
	at java.util.concurrent.FutureTask.run(FutureTask.java:266)
	at java.util.concurrent.ThreadPoolExecutor.runWorker(ThreadPoolExecutor.java:1149)
	at java.util.concurrent.ThreadPoolExecutor$Worker.run(ThreadPoolExecutor.java:624)
	... 1 more
Caused by: org.apache.ratis.thirdparty.io.netty.channel.AbstractChannel$AnnotatedConnectException: Connection refused: /192.168.157.233:42906
	at sun.nio.ch.SocketChannelImpl.checkConnect(Native Method)
	at sun.nio.ch.SocketChannelImpl.finishConnect(SocketChannelImpl.java:717)
	at org.apache.ratis.thirdparty.io.netty.channel.socket.nio.NioSocketChannel.doFinishConnect(NioSocketChannel.java:327)
	at org.apache.ratis.thirdparty.io.netty.channel.nio.AbstractNioChannel$AbstractNioUnsafe.finishConnect(AbstractNioChannel.java:340)
	at org.apache.ratis.thirdparty.io.netty.channel.nio.NioEventLoop.processSelectedKey(NioEventLoop.java:632)
	at org.apache.ratis.thirdparty.io.netty.channel.nio.NioEventLoop.processSelectedKeysOptimized(NioEventLoop.java:579)
	at org.apache.ratis.thirdparty.io.netty.channel.nio.NioEventLoop.processSelectedKeys(NioEventLoop.java:496)
	at org.apache.ratis.thirdparty.io.netty.channel.nio.NioEventLoop.run(NioEventLoop.java:458)
	at org.apache.ratis.thirdparty.io.netty.util.concurrent.SingleThreadEventExecutor$5.run(SingleThreadEventExecutor.java:897)
	at org.apache.ratis.thirdparty.io.netty.util.concurrent.FastThreadLocalRunnable.run(FastThreadLocalRunnable.java:30)
	... 1 more
Caused by: java.net.ConnectException: Connection refused
	... 11 more
2019-10-25 11:08:00,426 [f6cfa8a2-85ff-4bb9-a246-101c53d2d47b@group-49E82E920F3F-LeaderElection603] INFO  impl.LeaderElection (LogUtils.java:infoOrTrace(149)) - f6cfa8a2-85ff-4bb9-a246-101c53d2d47b@group-49E82E920F3F-LeaderElection603 got exception when requesting votes: {}
java.util.concurrent.ExecutionException: org.apache.ratis.thirdparty.io.grpc.StatusRuntimeException: UNAVAILABLE: io exception
	at java.util.concurrent.FutureTask.report(FutureTask.java:122)
	at java.util.concurrent.FutureTask.get(FutureTask.java:192)
	at org.apache.ratis.server.impl.LeaderElection.waitForResults(LeaderElection.java:259)
	at org.apache.ratis.server.impl.LeaderElection.askForVotes(LeaderElection.java:197)
	at org.apache.ratis.server.impl.LeaderElection.run(LeaderElection.java:133)
	at java.lang.Thread.run(Thread.java:748)
Caused by: org.apache.ratis.thirdparty.io.grpc.StatusRuntimeException: UNAVAILABLE: io exception
	at org.apache.ratis.thirdparty.io.grpc.stub.ClientCalls.toStatusRuntimeException(ClientCalls.java:233)
	at org.apache.ratis.thirdparty.io.grpc.stub.ClientCalls.getUnchecked(ClientCalls.java:214)
	at org.apache.ratis.thirdparty.io.grpc.stub.ClientCalls.blockingUnaryCall(ClientCalls.java:139)
	at org.apache.ratis.proto.grpc.RaftServerProtocolServiceGrpc$RaftServerProtocolServiceBlockingStub.requestVote(RaftServerProtocolServiceGrpc.java:265)
	at org.apache.ratis.grpc.server.GrpcServerProtocolClient.requestVote(GrpcServerProtocolClient.java:99)
	at org.apache.ratis.grpc.server.GrpcService.requestVote(GrpcService.java:204)
	at org.apache.ratis.server.impl.LeaderElection.lambda$submitRequests$1(LeaderElection.java:234)
	at java.util.concurrent.FutureTask.run(FutureTask.java:266)
	at java.util.concurrent.Executors$RunnableAdapter.call(Executors.java:511)
	at java.util.concurrent.FutureTask.run(FutureTask.java:266)
	at java.util.concurrent.ThreadPoolExecutor.runWorker(ThreadPoolExecutor.java:1149)
	at java.util.concurrent.ThreadPoolExecutor$Worker.run(ThreadPoolExecutor.java:624)
	... 1 more
Caused by: org.apache.ratis.thirdparty.io.netty.channel.AbstractChannel$AnnotatedConnectException: Connection refused: /192.168.157.233:35716
	at sun.nio.ch.SocketChannelImpl.checkConnect(Native Method)
	at sun.nio.ch.SocketChannelImpl.finishConnect(SocketChannelImpl.java:717)
	at org.apache.ratis.thirdparty.io.netty.channel.socket.nio.NioSocketChannel.doFinishConnect(NioSocketChannel.java:327)
	at org.apache.ratis.thirdparty.io.netty.channel.nio.AbstractNioChannel$AbstractNioUnsafe.finishConnect(AbstractNioChannel.java:340)
	at org.apache.ratis.thirdparty.io.netty.channel.nio.NioEventLoop.processSelectedKey(NioEventLoop.java:632)
	at org.apache.ratis.thirdparty.io.netty.channel.nio.NioEventLoop.processSelectedKeysOptimized(NioEventLoop.java:579)
	at org.apache.ratis.thirdparty.io.netty.channel.nio.NioEventLoop.processSelectedKeys(NioEventLoop.java:496)
	at org.apache.ratis.thirdparty.io.netty.channel.nio.NioEventLoop.run(NioEventLoop.java:458)
	at org.apache.ratis.thirdparty.io.netty.util.concurrent.SingleThreadEventExecutor$5.run(SingleThreadEventExecutor.java:897)
	at org.apache.ratis.thirdparty.io.netty.util.concurrent.FastThreadLocalRunnable.run(FastThreadLocalRunnable.java:30)
	... 1 more
Caused by: java.net.ConnectException: Connection refused
	... 11 more
2019-10-25 11:08:00,426 [f6cfa8a2-85ff-4bb9-a246-101c53d2d47b@group-49E82E920F3F-LeaderElection603] INFO  impl.LeaderElection (LeaderElection.java:logAndReturn(56)) - f6cfa8a2-85ff-4bb9-a246-101c53d2d47b@group-49E82E920F3F-LeaderElection603: Election REJECTED; received 0 response(s) [] and 2 exception(s); f6cfa8a2-85ff-4bb9-a246-101c53d2d47b@group-49E82E920F3F:t192, leader=null, voted=f6cfa8a2-85ff-4bb9-a246-101c53d2d47b, raftlog=f6cfa8a2-85ff-4bb9-a246-101c53d2d47b@group-49E82E920F3F-SegmentedRaftLog:OPENED:c-1,f-1,i0, conf=-1: [7fad1e98-7a6b-4998-a30c-ec1ab88068bc:192.168.157.233:35716, bdb27072-dd00-4d3b-a7da-41600e490ca3:192.168.157.233:42906, f6cfa8a2-85ff-4bb9-a246-101c53d2d47b:192.168.157.233:44618], old=null
2019-10-25 11:08:00,426 [f6cfa8a2-85ff-4bb9-a246-101c53d2d47b@group-49E82E920F3F-LeaderElection603] INFO  impl.LeaderElection (LogUtils.java:infoOrTrace(149)) -   Exception 0: {}
java.util.concurrent.ExecutionException: org.apache.ratis.thirdparty.io.grpc.StatusRuntimeException: UNAVAILABLE: io exception
	at java.util.concurrent.FutureTask.report(FutureTask.java:122)
	at java.util.concurrent.FutureTask.get(FutureTask.java:192)
	at org.apache.ratis.server.impl.LeaderElection.waitForResults(LeaderElection.java:259)
	at org.apache.ratis.server.impl.LeaderElection.askForVotes(LeaderElection.java:197)
	at org.apache.ratis.server.impl.LeaderElection.run(LeaderElection.java:133)
	at java.lang.Thread.run(Thread.java:748)
Caused by: org.apache.ratis.thirdparty.io.grpc.StatusRuntimeException: UNAVAILABLE: io exception
	at org.apache.ratis.thirdparty.io.grpc.stub.ClientCalls.toStatusRuntimeException(ClientCalls.java:233)
	at org.apache.ratis.thirdparty.io.grpc.stub.ClientCalls.getUnchecked(ClientCalls.java:214)
	at org.apache.ratis.thirdparty.io.grpc.stub.ClientCalls.blockingUnaryCall(ClientCalls.java:139)
	at org.apache.ratis.proto.grpc.RaftServerProtocolServiceGrpc$RaftServerProtocolServiceBlockingStub.requestVote(RaftServerProtocolServiceGrpc.java:265)
	at org.apache.ratis.grpc.server.GrpcServerProtocolClient.requestVote(GrpcServerProtocolClient.java:99)
	at org.apache.ratis.grpc.server.GrpcService.requestVote(GrpcService.java:204)
	at org.apache.ratis.server.impl.LeaderElection.lambda$submitRequests$1(LeaderElection.java:234)
	at java.util.concurrent.FutureTask.run(FutureTask.java:266)
	at java.util.concurrent.Executors$RunnableAdapter.call(Executors.java:511)
	at java.util.concurrent.FutureTask.run(FutureTask.java:266)
	at java.util.concurrent.ThreadPoolExecutor.runWorker(ThreadPoolExecutor.java:1149)
	at java.util.concurrent.ThreadPoolExecutor$Worker.run(ThreadPoolExecutor.java:624)
	... 1 more
Caused by: org.apache.ratis.thirdparty.io.netty.channel.AbstractChannel$AnnotatedConnectException: Connection refused: /192.168.157.233:42906
	at sun.nio.ch.SocketChannelImpl.checkConnect(Native Method)
	at sun.nio.ch.SocketChannelImpl.finishConnect(SocketChannelImpl.java:717)
	at org.apache.ratis.thirdparty.io.netty.channel.socket.nio.NioSocketChannel.doFinishConnect(NioSocketChannel.java:327)
	at org.apache.ratis.thirdparty.io.netty.channel.nio.AbstractNioChannel$AbstractNioUnsafe.finishConnect(AbstractNioChannel.java:340)
	at org.apache.ratis.thirdparty.io.netty.channel.nio.NioEventLoop.processSelectedKey(NioEventLoop.java:632)
	at org.apache.ratis.thirdparty.io.netty.channel.nio.NioEventLoop.processSelectedKeysOptimized(NioEventLoop.java:579)
	at org.apache.ratis.thirdparty.io.netty.channel.nio.NioEventLoop.processSelectedKeys(NioEventLoop.java:496)
	at org.apache.ratis.thirdparty.io.netty.channel.nio.NioEventLoop.run(NioEventLoop.java:458)
	at org.apache.ratis.thirdparty.io.netty.util.concurrent.SingleThreadEventExecutor$5.run(SingleThreadEventExecutor.java:897)
	at org.apache.ratis.thirdparty.io.netty.util.concurrent.FastThreadLocalRunnable.run(FastThreadLocalRunnable.java:30)
	... 1 more
Caused by: java.net.ConnectException: Connection refused
	... 11 more
2019-10-25 11:08:00,427 [f6cfa8a2-85ff-4bb9-a246-101c53d2d47b@group-49E82E920F3F-LeaderElection603] INFO  impl.LeaderElection (LogUtils.java:infoOrTrace(149)) -   Exception 1: {}
java.util.concurrent.ExecutionException: org.apache.ratis.thirdparty.io.grpc.StatusRuntimeException: UNAVAILABLE: io exception
	at java.util.concurrent.FutureTask.report(FutureTask.java:122)
	at java.util.concurrent.FutureTask.get(FutureTask.java:192)
	at org.apache.ratis.server.impl.LeaderElection.waitForResults(LeaderElection.java:259)
	at org.apache.ratis.server.impl.LeaderElection.askForVotes(LeaderElection.java:197)
	at org.apache.ratis.server.impl.LeaderElection.run(LeaderElection.java:133)
	at java.lang.Thread.run(Thread.java:748)
Caused by: org.apache.ratis.thirdparty.io.grpc.StatusRuntimeException: UNAVAILABLE: io exception
	at org.apache.ratis.thirdparty.io.grpc.stub.ClientCalls.toStatusRuntimeException(ClientCalls.java:233)
	at org.apache.ratis.thirdparty.io.grpc.stub.ClientCalls.getUnchecked(ClientCalls.java:214)
	at org.apache.ratis.thirdparty.io.grpc.stub.ClientCalls.blockingUnaryCall(ClientCalls.java:139)
	at org.apache.ratis.proto.grpc.RaftServerProtocolServiceGrpc$RaftServerProtocolServiceBlockingStub.requestVote(RaftServerProtocolServiceGrpc.java:265)
	at org.apache.ratis.grpc.server.GrpcServerProtocolClient.requestVote(GrpcServerProtocolClient.java:99)
	at org.apache.ratis.grpc.server.GrpcService.requestVote(GrpcService.java:204)
	at org.apache.ratis.server.impl.LeaderElection.lambda$submitRequests$1(LeaderElection.java:234)
	at java.util.concurrent.FutureTask.run(FutureTask.java:266)
	at java.util.concurrent.Executors$RunnableAdapter.call(Executors.java:511)
	at java.util.concurrent.FutureTask.run(FutureTask.java:266)
	at java.util.concurrent.ThreadPoolExecutor.runWorker(ThreadPoolExecutor.java:1149)
	at java.util.concurrent.ThreadPoolExecutor$Worker.run(ThreadPoolExecutor.java:624)
	... 1 more
Caused by: org.apache.ratis.thirdparty.io.netty.channel.AbstractChannel$AnnotatedConnectException: Connection refused: /192.168.157.233:35716
	at sun.nio.ch.SocketChannelImpl.checkConnect(Native Method)
	at sun.nio.ch.SocketChannelImpl.finishConnect(SocketChannelImpl.java:717)
	at org.apache.ratis.thirdparty.io.netty.channel.socket.nio.NioSocketChannel.doFinishConnect(NioSocketChannel.java:327)
	at org.apache.ratis.thirdparty.io.netty.channel.nio.AbstractNioChannel$AbstractNioUnsafe.finishConnect(AbstractNioChannel.java:340)
	at org.apache.ratis.thirdparty.io.netty.channel.nio.NioEventLoop.processSelectedKey(NioEventLoop.java:632)
	at org.apache.ratis.thirdparty.io.netty.channel.nio.NioEventLoop.processSelectedKeysOptimized(NioEventLoop.java:579)
	at org.apache.ratis.thirdparty.io.netty.channel.nio.NioEventLoop.processSelectedKeys(NioEventLoop.java:496)
	at org.apache.ratis.thirdparty.io.netty.channel.nio.NioEventLoop.run(NioEventLoop.java:458)
	at org.apache.ratis.thirdparty.io.netty.util.concurrent.SingleThreadEventExecutor$5.run(SingleThreadEventExecutor.java:897)
	at org.apache.ratis.thirdparty.io.netty.util.concurrent.FastThreadLocalRunnable.run(FastThreadLocalRunnable.java:30)
	... 1 more
Caused by: java.net.ConnectException: Connection refused
	... 11 more
2019-10-25 11:08:00,427 [f6cfa8a2-85ff-4bb9-a246-101c53d2d47b@group-49E82E920F3F-LeaderElection603] INFO  impl.RaftServerImpl (RaftServerImpl.java:setRole(184)) - f6cfa8a2-85ff-4bb9-a246-101c53d2d47b@group-49E82E920F3F: changes role from CANDIDATE to FOLLOWER at term 192 for DISCOVERED_A_NEW_TERM
2019-10-25 11:08:00,427 [f6cfa8a2-85ff-4bb9-a246-101c53d2d47b@group-49E82E920F3F-LeaderElection603] INFO  impl.RoleInfo (RoleInfo.java:shutdownLeaderElection(134)) - f6cfa8a2-85ff-4bb9-a246-101c53d2d47b: shutdown LeaderElection
2019-10-25 11:08:00,427 [f6cfa8a2-85ff-4bb9-a246-101c53d2d47b@group-49E82E920F3F-LeaderElection603] INFO  impl.RoleInfo (RoleInfo.java:updateAndGet(143)) - f6cfa8a2-85ff-4bb9-a246-101c53d2d47b: start FollowerState
2019-10-25 11:08:00,465 [Datanode State Machine Thread - 0] INFO  statemachine.DatanodeStateMachine (DatanodeStateMachine.java:lambda$startDaemon$0(350)) - Ozone container server started.
2019-10-25 11:08:00,466 [java.util.concurrent.ThreadPoolExecutor$Worker@3e501297[State = -1, empty queue]] WARN  server.GrpcLogAppender (GrpcLogAppender.java:timeoutAppendRequest(209)) - 8a2c850d-503a-4b6a-9325-357a6554e10c@group-B334D6EBB589->e8f52f97-4cbf-4021-bc09-65b78a9dc21b-GrpcLogAppender: appendEntries Timeout, request=8a2c850d-503a-4b6a-9325-357a6554e10c->e8f52f97-4cbf-4021-bc09-65b78a9dc21b#41-t1, previous=(t:1, i:0), leaderCommit=0, initializing? false, entries: <empty>
2019-10-25 11:08:00,541 [Thread-4998] INFO  impl.FollowerState (FollowerState.java:run(108)) - f6cfa8a2-85ff-4bb9-a246-101c53d2d47b@group-49E82E920F3F-FollowerState: change to CANDIDATE, lastRpcTime:113ms, electionTimeout:113ms
2019-10-25 11:08:00,541 [Thread-4998] INFO  impl.RoleInfo (RoleInfo.java:shutdownFollowerState(121)) - f6cfa8a2-85ff-4bb9-a246-101c53d2d47b: shutdown FollowerState
2019-10-25 11:08:00,541 [Thread-4998] INFO  impl.RaftServerImpl (RaftServerImpl.java:setRole(184)) - f6cfa8a2-85ff-4bb9-a246-101c53d2d47b@group-49E82E920F3F: changes role from  FOLLOWER to CANDIDATE at term 192 for changeToCandidate
2019-10-25 11:08:00,541 [Thread-4998] INFO  impl.RoleInfo (RoleInfo.java:updateAndGet(143)) - f6cfa8a2-85ff-4bb9-a246-101c53d2d47b: start LeaderElection
2019-10-25 11:08:00,556 [f6cfa8a2-85ff-4bb9-a246-101c53d2d47b@group-49E82E920F3F-LeaderElection604] INFO  impl.LeaderElection (LeaderElection.java:askForVotes(178)) - f6cfa8a2-85ff-4bb9-a246-101c53d2d47b@group-49E82E920F3F-LeaderElection604: begin an election at term 193 for -1: [7fad1e98-7a6b-4998-a30c-ec1ab88068bc:192.168.157.233:35716, bdb27072-dd00-4d3b-a7da-41600e490ca3:192.168.157.233:42906, f6cfa8a2-85ff-4bb9-a246-101c53d2d47b:192.168.157.233:44618], old=null
2019-10-25 11:08:00,556 [f6cfa8a2-85ff-4bb9-a246-101c53d2d47b@group-49E82E920F3F-LeaderElection604] INFO  impl.LeaderElection (LeaderElection.java:logAndReturn(56)) - f6cfa8a2-85ff-4bb9-a246-101c53d2d47b@group-49E82E920F3F-LeaderElection604: Election TIMEOUT; received 0 response(s) [] and 0 exception(s); f6cfa8a2-85ff-4bb9-a246-101c53d2d47b@group-49E82E920F3F:t193, leader=null, voted=f6cfa8a2-85ff-4bb9-a246-101c53d2d47b, raftlog=f6cfa8a2-85ff-4bb9-a246-101c53d2d47b@group-49E82E920F3F-SegmentedRaftLog:OPENED:c-1,f-1,i0, conf=-1: [7fad1e98-7a6b-4998-a30c-ec1ab88068bc:192.168.157.233:35716, bdb27072-dd00-4d3b-a7da-41600e490ca3:192.168.157.233:42906, f6cfa8a2-85ff-4bb9-a246-101c53d2d47b:192.168.157.233:44618], old=null
2019-10-25 11:08:00,570 [f6cfa8a2-85ff-4bb9-a246-101c53d2d47b@group-49E82E920F3F-LeaderElection604] INFO  impl.LeaderElection (LeaderElection.java:askForVotes(178)) - f6cfa8a2-85ff-4bb9-a246-101c53d2d47b@group-49E82E920F3F-LeaderElection604: begin an election at term 194 for -1: [7fad1e98-7a6b-4998-a30c-ec1ab88068bc:192.168.157.233:35716, bdb27072-dd00-4d3b-a7da-41600e490ca3:192.168.157.233:42906, f6cfa8a2-85ff-4bb9-a246-101c53d2d47b:192.168.157.233:44618], old=null
2019-10-25 11:08:00,570 [f6cfa8a2-85ff-4bb9-a246-101c53d2d47b@group-49E82E920F3F-LeaderElection604] INFO  impl.LeaderElection (LogUtils.java:infoOrTrace(149)) - f6cfa8a2-85ff-4bb9-a246-101c53d2d47b@group-49E82E920F3F-LeaderElection604 got exception when requesting votes: {}
java.util.concurrent.ExecutionException: org.apache.ratis.thirdparty.io.grpc.StatusRuntimeException: UNAVAILABLE: io exception
	at java.util.concurrent.FutureTask.report(FutureTask.java:122)
	at java.util.concurrent.FutureTask.get(FutureTask.java:192)
	at org.apache.ratis.server.impl.LeaderElection.waitForResults(LeaderElection.java:259)
	at org.apache.ratis.server.impl.LeaderElection.askForVotes(LeaderElection.java:197)
	at org.apache.ratis.server.impl.LeaderElection.run(LeaderElection.java:133)
	at java.lang.Thread.run(Thread.java:748)
Caused by: org.apache.ratis.thirdparty.io.grpc.StatusRuntimeException: UNAVAILABLE: io exception
	at org.apache.ratis.thirdparty.io.grpc.stub.ClientCalls.toStatusRuntimeException(ClientCalls.java:233)
	at org.apache.ratis.thirdparty.io.grpc.stub.ClientCalls.getUnchecked(ClientCalls.java:214)
	at org.apache.ratis.thirdparty.io.grpc.stub.ClientCalls.blockingUnaryCall(ClientCalls.java:139)
	at org.apache.ratis.proto.grpc.RaftServerProtocolServiceGrpc$RaftServerProtocolServiceBlockingStub.requestVote(RaftServerProtocolServiceGrpc.java:265)
	at org.apache.ratis.grpc.server.GrpcServerProtocolClient.requestVote(GrpcServerProtocolClient.java:99)
	at org.apache.ratis.grpc.server.GrpcService.requestVote(GrpcService.java:204)
	at org.apache.ratis.server.impl.LeaderElection.lambda$submitRequests$1(LeaderElection.java:234)
	at java.util.concurrent.FutureTask.run(FutureTask.java:266)
	at java.util.concurrent.Executors$RunnableAdapter.call(Executors.java:511)
	at java.util.concurrent.FutureTask.run(FutureTask.java:266)
	at java.util.concurrent.ThreadPoolExecutor.runWorker(ThreadPoolExecutor.java:1149)
	at java.util.concurrent.ThreadPoolExecutor$Worker.run(ThreadPoolExecutor.java:624)
	... 1 more
Caused by: org.apache.ratis.thirdparty.io.netty.channel.AbstractChannel$AnnotatedConnectException: Connection refused: /192.168.157.233:35716
	at sun.nio.ch.SocketChannelImpl.checkConnect(Native Method)
	at sun.nio.ch.SocketChannelImpl.finishConnect(SocketChannelImpl.java:717)
	at org.apache.ratis.thirdparty.io.netty.channel.socket.nio.NioSocketChannel.doFinishConnect(NioSocketChannel.java:327)
	at org.apache.ratis.thirdparty.io.netty.channel.nio.AbstractNioChannel$AbstractNioUnsafe.finishConnect(AbstractNioChannel.java:340)
	at org.apache.ratis.thirdparty.io.netty.channel.nio.NioEventLoop.processSelectedKey(NioEventLoop.java:632)
	at org.apache.ratis.thirdparty.io.netty.channel.nio.NioEventLoop.processSelectedKeysOptimized(NioEventLoop.java:579)
	at org.apache.ratis.thirdparty.io.netty.channel.nio.NioEventLoop.processSelectedKeys(NioEventLoop.java:496)
	at org.apache.ratis.thirdparty.io.netty.channel.nio.NioEventLoop.run(NioEventLoop.java:458)
	at org.apache.ratis.thirdparty.io.netty.util.concurrent.SingleThreadEventExecutor$5.run(SingleThreadEventExecutor.java:897)
	at org.apache.ratis.thirdparty.io.netty.util.concurrent.FastThreadLocalRunnable.run(FastThreadLocalRunnable.java:30)
	... 1 more
Caused by: java.net.ConnectException: Connection refused
	... 11 more
2019-10-25 11:08:00,571 [f6cfa8a2-85ff-4bb9-a246-101c53d2d47b@group-49E82E920F3F-LeaderElection604] INFO  impl.LeaderElection (LogUtils.java:infoOrTrace(149)) - f6cfa8a2-85ff-4bb9-a246-101c53d2d47b@group-49E82E920F3F-LeaderElection604 got exception when requesting votes: {}
java.util.concurrent.ExecutionException: org.apache.ratis.thirdparty.io.grpc.StatusRuntimeException: UNAVAILABLE: io exception
	at java.util.concurrent.FutureTask.report(FutureTask.java:122)
	at java.util.concurrent.FutureTask.get(FutureTask.java:192)
	at org.apache.ratis.server.impl.LeaderElection.waitForResults(LeaderElection.java:259)
	at org.apache.ratis.server.impl.LeaderElection.askForVotes(LeaderElection.java:197)
	at org.apache.ratis.server.impl.LeaderElection.run(LeaderElection.java:133)
	at java.lang.Thread.run(Thread.java:748)
Caused by: org.apache.ratis.thirdparty.io.grpc.StatusRuntimeException: UNAVAILABLE: io exception
	at org.apache.ratis.thirdparty.io.grpc.stub.ClientCalls.toStatusRuntimeException(ClientCalls.java:233)
	at org.apache.ratis.thirdparty.io.grpc.stub.ClientCalls.getUnchecked(ClientCalls.java:214)
	at org.apache.ratis.thirdparty.io.grpc.stub.ClientCalls.blockingUnaryCall(ClientCalls.java:139)
	at org.apache.ratis.proto.grpc.RaftServerProtocolServiceGrpc$RaftServerProtocolServiceBlockingStub.requestVote(RaftServerProtocolServiceGrpc.java:265)
	at org.apache.ratis.grpc.server.GrpcServerProtocolClient.requestVote(GrpcServerProtocolClient.java:99)
	at org.apache.ratis.grpc.server.GrpcService.requestVote(GrpcService.java:204)
	at org.apache.ratis.server.impl.LeaderElection.lambda$submitRequests$1(LeaderElection.java:234)
	at java.util.concurrent.FutureTask.run(FutureTask.java:266)
	at java.util.concurrent.Executors$RunnableAdapter.call(Executors.java:511)
	at java.util.concurrent.FutureTask.run(FutureTask.java:266)
	at java.util.concurrent.ThreadPoolExecutor.runWorker(ThreadPoolExecutor.java:1149)
	at java.util.concurrent.ThreadPoolExecutor$Worker.run(ThreadPoolExecutor.java:624)
	... 1 more
Caused by: org.apache.ratis.thirdparty.io.netty.channel.AbstractChannel$AnnotatedConnectException: Connection refused: /192.168.157.233:42906
	at sun.nio.ch.SocketChannelImpl.checkConnect(Native Method)
	at sun.nio.ch.SocketChannelImpl.finishConnect(SocketChannelImpl.java:717)
	at org.apache.ratis.thirdparty.io.netty.channel.socket.nio.NioSocketChannel.doFinishConnect(NioSocketChannel.java:327)
	at org.apache.ratis.thirdparty.io.netty.channel.nio.AbstractNioChannel$AbstractNioUnsafe.finishConnect(AbstractNioChannel.java:340)
	at org.apache.ratis.thirdparty.io.netty.channel.nio.NioEventLoop.processSelectedKey(NioEventLoop.java:632)
	at org.apache.ratis.thirdparty.io.netty.channel.nio.NioEventLoop.processSelectedKeysOptimized(NioEventLoop.java:579)
	at org.apache.ratis.thirdparty.io.netty.channel.nio.NioEventLoop.processSelectedKeys(NioEventLoop.java:496)
	at org.apache.ratis.thirdparty.io.netty.channel.nio.NioEventLoop.run(NioEventLoop.java:458)
	at org.apache.ratis.thirdparty.io.netty.util.concurrent.SingleThreadEventExecutor$5.run(SingleThreadEventExecutor.java:897)
	at org.apache.ratis.thirdparty.io.netty.util.concurrent.FastThreadLocalRunnable.run(FastThreadLocalRunnable.java:30)
	... 1 more
Caused by: java.net.ConnectException: Connection refused
	... 11 more
2019-10-25 11:08:00,571 [f6cfa8a2-85ff-4bb9-a246-101c53d2d47b@group-49E82E920F3F-LeaderElection604] INFO  impl.LeaderElection (LeaderElection.java:logAndReturn(56)) - f6cfa8a2-85ff-4bb9-a246-101c53d2d47b@group-49E82E920F3F-LeaderElection604: Election REJECTED; received 0 response(s) [] and 2 exception(s); f6cfa8a2-85ff-4bb9-a246-101c53d2d47b@group-49E82E920F3F:t194, leader=null, voted=f6cfa8a2-85ff-4bb9-a246-101c53d2d47b, raftlog=f6cfa8a2-85ff-4bb9-a246-101c53d2d47b@group-49E82E920F3F-SegmentedRaftLog:OPENED:c-1,f-1,i0, conf=-1: [7fad1e98-7a6b-4998-a30c-ec1ab88068bc:192.168.157.233:35716, bdb27072-dd00-4d3b-a7da-41600e490ca3:192.168.157.233:42906, f6cfa8a2-85ff-4bb9-a246-101c53d2d47b:192.168.157.233:44618], old=null
2019-10-25 11:08:00,571 [f6cfa8a2-85ff-4bb9-a246-101c53d2d47b@group-49E82E920F3F-LeaderElection604] INFO  impl.LeaderElection (LogUtils.java:infoOrTrace(149)) -   Exception 0: {}
java.util.concurrent.ExecutionException: org.apache.ratis.thirdparty.io.grpc.StatusRuntimeException: UNAVAILABLE: io exception
	at java.util.concurrent.FutureTask.report(FutureTask.java:122)
	at java.util.concurrent.FutureTask.get(FutureTask.java:192)
	at org.apache.ratis.server.impl.LeaderElection.waitForResults(LeaderElection.java:259)
	at org.apache.ratis.server.impl.LeaderElection.askForVotes(LeaderElection.java:197)
	at org.apache.ratis.server.impl.LeaderElection.run(LeaderElection.java:133)
	at java.lang.Thread.run(Thread.java:748)
Caused by: org.apache.ratis.thirdparty.io.grpc.StatusRuntimeException: UNAVAILABLE: io exception
	at org.apache.ratis.thirdparty.io.grpc.stub.ClientCalls.toStatusRuntimeException(ClientCalls.java:233)
	at org.apache.ratis.thirdparty.io.grpc.stub.ClientCalls.getUnchecked(ClientCalls.java:214)
	at org.apache.ratis.thirdparty.io.grpc.stub.ClientCalls.blockingUnaryCall(ClientCalls.java:139)
	at org.apache.ratis.proto.grpc.RaftServerProtocolServiceGrpc$RaftServerProtocolServiceBlockingStub.requestVote(RaftServerProtocolServiceGrpc.java:265)
	at org.apache.ratis.grpc.server.GrpcServerProtocolClient.requestVote(GrpcServerProtocolClient.java:99)
	at org.apache.ratis.grpc.server.GrpcService.requestVote(GrpcService.java:204)
	at org.apache.ratis.server.impl.LeaderElection.lambda$submitRequests$1(LeaderElection.java:234)
	at java.util.concurrent.FutureTask.run(FutureTask.java:266)
	at java.util.concurrent.Executors$RunnableAdapter.call(Executors.java:511)
	at java.util.concurrent.FutureTask.run(FutureTask.java:266)
	at java.util.concurrent.ThreadPoolExecutor.runWorker(ThreadPoolExecutor.java:1149)
	at java.util.concurrent.ThreadPoolExecutor$Worker.run(ThreadPoolExecutor.java:624)
	... 1 more
Caused by: org.apache.ratis.thirdparty.io.netty.channel.AbstractChannel$AnnotatedConnectException: Connection refused: /192.168.157.233:35716
	at sun.nio.ch.SocketChannelImpl.checkConnect(Native Method)
	at sun.nio.ch.SocketChannelImpl.finishConnect(SocketChannelImpl.java:717)
	at org.apache.ratis.thirdparty.io.netty.channel.socket.nio.NioSocketChannel.doFinishConnect(NioSocketChannel.java:327)
	at org.apache.ratis.thirdparty.io.netty.channel.nio.AbstractNioChannel$AbstractNioUnsafe.finishConnect(AbstractNioChannel.java:340)
	at org.apache.ratis.thirdparty.io.netty.channel.nio.NioEventLoop.processSelectedKey(NioEventLoop.java:632)
	at org.apache.ratis.thirdparty.io.netty.channel.nio.NioEventLoop.processSelectedKeysOptimized(NioEventLoop.java:579)
	at org.apache.ratis.thirdparty.io.netty.channel.nio.NioEventLoop.processSelectedKeys(NioEventLoop.java:496)
	at org.apache.ratis.thirdparty.io.netty.channel.nio.NioEventLoop.run(NioEventLoop.java:458)
	at org.apache.ratis.thirdparty.io.netty.util.concurrent.SingleThreadEventExecutor$5.run(SingleThreadEventExecutor.java:897)
	at org.apache.ratis.thirdparty.io.netty.util.concurrent.FastThreadLocalRunnable.run(FastThreadLocalRunnable.java:30)
	... 1 more
Caused by: java.net.ConnectException: Connection refused
	... 11 more
2019-10-25 11:08:00,571 [f6cfa8a2-85ff-4bb9-a246-101c53d2d47b@group-49E82E920F3F-LeaderElection604] INFO  impl.LeaderElection (LogUtils.java:infoOrTrace(149)) -   Exception 1: {}
java.util.concurrent.ExecutionException: org.apache.ratis.thirdparty.io.grpc.StatusRuntimeException: UNAVAILABLE: io exception
	at java.util.concurrent.FutureTask.report(FutureTask.java:122)
	at java.util.concurrent.FutureTask.get(FutureTask.java:192)
	at org.apache.ratis.server.impl.LeaderElection.waitForResults(LeaderElection.java:259)
	at org.apache.ratis.server.impl.LeaderElection.askForVotes(LeaderElection.java:197)
	at org.apache.ratis.server.impl.LeaderElection.run(LeaderElection.java:133)
	at java.lang.Thread.run(Thread.java:748)
Caused by: org.apache.ratis.thirdparty.io.grpc.StatusRuntimeException: UNAVAILABLE: io exception
	at org.apache.ratis.thirdparty.io.grpc.stub.ClientCalls.toStatusRuntimeException(ClientCalls.java:233)
	at org.apache.ratis.thirdparty.io.grpc.stub.ClientCalls.getUnchecked(ClientCalls.java:214)
	at org.apache.ratis.thirdparty.io.grpc.stub.ClientCalls.blockingUnaryCall(ClientCalls.java:139)
	at org.apache.ratis.proto.grpc.RaftServerProtocolServiceGrpc$RaftServerProtocolServiceBlockingStub.requestVote(RaftServerProtocolServiceGrpc.java:265)
	at org.apache.ratis.grpc.server.GrpcServerProtocolClient.requestVote(GrpcServerProtocolClient.java:99)
	at org.apache.ratis.grpc.server.GrpcService.requestVote(GrpcService.java:204)
	at org.apache.ratis.server.impl.LeaderElection.lambda$submitRequests$1(LeaderElection.java:234)
	at java.util.concurrent.FutureTask.run(FutureTask.java:266)
	at java.util.concurrent.Executors$RunnableAdapter.call(Executors.java:511)
	at java.util.concurrent.FutureTask.run(FutureTask.java:266)
	at java.util.concurrent.ThreadPoolExecutor.runWorker(ThreadPoolExecutor.java:1149)
	at java.util.concurrent.ThreadPoolExecutor$Worker.run(ThreadPoolExecutor.java:624)
	... 1 more
Caused by: org.apache.ratis.thirdparty.io.netty.channel.AbstractChannel$AnnotatedConnectException: Connection refused: /192.168.157.233:42906
	at sun.nio.ch.SocketChannelImpl.checkConnect(Native Method)
	at sun.nio.ch.SocketChannelImpl.finishConnect(SocketChannelImpl.java:717)
	at org.apache.ratis.thirdparty.io.netty.channel.socket.nio.NioSocketChannel.doFinishConnect(NioSocketChannel.java:327)
	at org.apache.ratis.thirdparty.io.netty.channel.nio.AbstractNioChannel$AbstractNioUnsafe.finishConnect(AbstractNioChannel.java:340)
	at org.apache.ratis.thirdparty.io.netty.channel.nio.NioEventLoop.processSelectedKey(NioEventLoop.java:632)
	at org.apache.ratis.thirdparty.io.netty.channel.nio.NioEventLoop.processSelectedKeysOptimized(NioEventLoop.java:579)
	at org.apache.ratis.thirdparty.io.netty.channel.nio.NioEventLoop.processSelectedKeys(NioEventLoop.java:496)
	at org.apache.ratis.thirdparty.io.netty.channel.nio.NioEventLoop.run(NioEventLoop.java:458)
	at org.apache.ratis.thirdparty.io.netty.util.concurrent.SingleThreadEventExecutor$5.run(SingleThreadEventExecutor.java:897)
	at org.apache.ratis.thirdparty.io.netty.util.concurrent.FastThreadLocalRunnable.run(FastThreadLocalRunnable.java:30)
	... 1 more
Caused by: java.net.ConnectException: Connection refused
	... 11 more
2019-10-25 11:08:00,572 [f6cfa8a2-85ff-4bb9-a246-101c53d2d47b@group-49E82E920F3F-LeaderElection604] INFO  impl.RaftServerImpl (RaftServerImpl.java:setRole(184)) - f6cfa8a2-85ff-4bb9-a246-101c53d2d47b@group-49E82E920F3F: changes role from CANDIDATE to FOLLOWER at term 194 for DISCOVERED_A_NEW_TERM
2019-10-25 11:08:00,572 [f6cfa8a2-85ff-4bb9-a246-101c53d2d47b@group-49E82E920F3F-LeaderElection604] INFO  impl.RoleInfo (RoleInfo.java:shutdownLeaderElection(134)) - f6cfa8a2-85ff-4bb9-a246-101c53d2d47b: shutdown LeaderElection
2019-10-25 11:08:00,572 [f6cfa8a2-85ff-4bb9-a246-101c53d2d47b@group-49E82E920F3F-LeaderElection604] INFO  impl.RoleInfo (RoleInfo.java:updateAndGet(143)) - f6cfa8a2-85ff-4bb9-a246-101c53d2d47b: start FollowerState
2019-10-25 11:08:00,577 [Thread-5004] INFO  impl.FollowerState (FollowerState.java:run(108)) - f6cfa8a2-85ff-4bb9-a246-101c53d2d47b@group-49E82E920F3F-FollowerState: change to CANDIDATE, lastRpcTime:5ms, electionTimeout:5ms
2019-10-25 11:08:00,577 [Thread-5004] INFO  impl.RoleInfo (RoleInfo.java:shutdownFollowerState(121)) - f6cfa8a2-85ff-4bb9-a246-101c53d2d47b: shutdown FollowerState
2019-10-25 11:08:00,578 [Thread-5004] INFO  impl.RaftServerImpl (RaftServerImpl.java:setRole(184)) - f6cfa8a2-85ff-4bb9-a246-101c53d2d47b@group-49E82E920F3F: changes role from  FOLLOWER to CANDIDATE at term 194 for changeToCandidate
2019-10-25 11:08:00,578 [Thread-5004] INFO  impl.RoleInfo (RoleInfo.java:updateAndGet(143)) - f6cfa8a2-85ff-4bb9-a246-101c53d2d47b: start LeaderElection
2019-10-25 11:08:00,591 [f6cfa8a2-85ff-4bb9-a246-101c53d2d47b@group-49E82E920F3F-LeaderElection605] INFO  impl.LeaderElection (LeaderElection.java:askForVotes(178)) - f6cfa8a2-85ff-4bb9-a246-101c53d2d47b@group-49E82E920F3F-LeaderElection605: begin an election at term 195 for -1: [7fad1e98-7a6b-4998-a30c-ec1ab88068bc:192.168.157.233:35716, bdb27072-dd00-4d3b-a7da-41600e490ca3:192.168.157.233:42906, f6cfa8a2-85ff-4bb9-a246-101c53d2d47b:192.168.157.233:44618], old=null
2019-10-25 11:08:00,591 [f6cfa8a2-85ff-4bb9-a246-101c53d2d47b@group-49E82E920F3F-LeaderElection605] INFO  impl.LeaderElection (LogUtils.java:infoOrTrace(149)) - f6cfa8a2-85ff-4bb9-a246-101c53d2d47b@group-49E82E920F3F-LeaderElection605 got exception when requesting votes: {}
java.util.concurrent.ExecutionException: org.apache.ratis.thirdparty.io.grpc.StatusRuntimeException: UNAVAILABLE: io exception
	at java.util.concurrent.FutureTask.report(FutureTask.java:122)
	at java.util.concurrent.FutureTask.get(FutureTask.java:192)
	at org.apache.ratis.server.impl.LeaderElection.waitForResults(LeaderElection.java:259)
	at org.apache.ratis.server.impl.LeaderElection.askForVotes(LeaderElection.java:197)
	at org.apache.ratis.server.impl.LeaderElection.run(LeaderElection.java:133)
	at java.lang.Thread.run(Thread.java:748)
Caused by: org.apache.ratis.thirdparty.io.grpc.StatusRuntimeException: UNAVAILABLE: io exception
	at org.apache.ratis.thirdparty.io.grpc.stub.ClientCalls.toStatusRuntimeException(ClientCalls.java:233)
	at org.apache.ratis.thirdparty.io.grpc.stub.ClientCalls.getUnchecked(ClientCalls.java:214)
	at org.apache.ratis.thirdparty.io.grpc.stub.ClientCalls.blockingUnaryCall(ClientCalls.java:139)
	at org.apache.ratis.proto.grpc.RaftServerProtocolServiceGrpc$RaftServerProtocolServiceBlockingStub.requestVote(RaftServerProtocolServiceGrpc.java:265)
	at org.apache.ratis.grpc.server.GrpcServerProtocolClient.requestVote(GrpcServerProtocolClient.java:99)
	at org.apache.ratis.grpc.server.GrpcService.requestVote(GrpcService.java:204)
	at org.apache.ratis.server.impl.LeaderElection.lambda$submitRequests$1(LeaderElection.java:234)
	at java.util.concurrent.FutureTask.run(FutureTask.java:266)
	at java.util.concurrent.Executors$RunnableAdapter.call(Executors.java:511)
	at java.util.concurrent.FutureTask.run(FutureTask.java:266)
	at java.util.concurrent.ThreadPoolExecutor.runWorker(ThreadPoolExecutor.java:1149)
	at java.util.concurrent.ThreadPoolExecutor$Worker.run(ThreadPoolExecutor.java:624)
	... 1 more
Caused by: org.apache.ratis.thirdparty.io.netty.channel.AbstractChannel$AnnotatedConnectException: Connection refused: /192.168.157.233:35716
	at sun.nio.ch.SocketChannelImpl.checkConnect(Native Method)
	at sun.nio.ch.SocketChannelImpl.finishConnect(SocketChannelImpl.java:717)
	at org.apache.ratis.thirdparty.io.netty.channel.socket.nio.NioSocketChannel.doFinishConnect(NioSocketChannel.java:327)
	at org.apache.ratis.thirdparty.io.netty.channel.nio.AbstractNioChannel$AbstractNioUnsafe.finishConnect(AbstractNioChannel.java:340)
	at org.apache.ratis.thirdparty.io.netty.channel.nio.NioEventLoop.processSelectedKey(NioEventLoop.java:632)
	at org.apache.ratis.thirdparty.io.netty.channel.nio.NioEventLoop.processSelectedKeysOptimized(NioEventLoop.java:579)
	at org.apache.ratis.thirdparty.io.netty.channel.nio.NioEventLoop.processSelectedKeys(NioEventLoop.java:496)
	at org.apache.ratis.thirdparty.io.netty.channel.nio.NioEventLoop.run(NioEventLoop.java:458)
	at org.apache.ratis.thirdparty.io.netty.util.concurrent.SingleThreadEventExecutor$5.run(SingleThreadEventExecutor.java:897)
	at org.apache.ratis.thirdparty.io.netty.util.concurrent.FastThreadLocalRunnable.run(FastThreadLocalRunnable.java:30)
	... 1 more
Caused by: java.net.ConnectException: Connection refused
	... 11 more
2019-10-25 11:08:00,592 [f6cfa8a2-85ff-4bb9-a246-101c53d2d47b@group-49E82E920F3F-LeaderElection605] INFO  impl.LeaderElection (LogUtils.java:infoOrTrace(149)) - f6cfa8a2-85ff-4bb9-a246-101c53d2d47b@group-49E82E920F3F-LeaderElection605 got exception when requesting votes: {}
java.util.concurrent.ExecutionException: org.apache.ratis.thirdparty.io.grpc.StatusRuntimeException: UNAVAILABLE: io exception
	at java.util.concurrent.FutureTask.report(FutureTask.java:122)
	at java.util.concurrent.FutureTask.get(FutureTask.java:192)
	at org.apache.ratis.server.impl.LeaderElection.waitForResults(LeaderElection.java:259)
	at org.apache.ratis.server.impl.LeaderElection.askForVotes(LeaderElection.java:197)
	at org.apache.ratis.server.impl.LeaderElection.run(LeaderElection.java:133)
	at java.lang.Thread.run(Thread.java:748)
Caused by: org.apache.ratis.thirdparty.io.grpc.StatusRuntimeException: UNAVAILABLE: io exception
	at org.apache.ratis.thirdparty.io.grpc.stub.ClientCalls.toStatusRuntimeException(ClientCalls.java:233)
	at org.apache.ratis.thirdparty.io.grpc.stub.ClientCalls.getUnchecked(ClientCalls.java:214)
	at org.apache.ratis.thirdparty.io.grpc.stub.ClientCalls.blockingUnaryCall(ClientCalls.java:139)
	at org.apache.ratis.proto.grpc.RaftServerProtocolServiceGrpc$RaftServerProtocolServiceBlockingStub.requestVote(RaftServerProtocolServiceGrpc.java:265)
	at org.apache.ratis.grpc.server.GrpcServerProtocolClient.requestVote(GrpcServerProtocolClient.java:99)
	at org.apache.ratis.grpc.server.GrpcService.requestVote(GrpcService.java:204)
	at org.apache.ratis.server.impl.LeaderElection.lambda$submitRequests$1(LeaderElection.java:234)
	at java.util.concurrent.FutureTask.run(FutureTask.java:266)
	at java.util.concurrent.Executors$RunnableAdapter.call(Executors.java:511)
	at java.util.concurrent.FutureTask.run(FutureTask.java:266)
	at java.util.concurrent.ThreadPoolExecutor.runWorker(ThreadPoolExecutor.java:1149)
	at java.util.concurrent.ThreadPoolExecutor$Worker.run(ThreadPoolExecutor.java:624)
	... 1 more
Caused by: org.apache.ratis.thirdparty.io.netty.channel.AbstractChannel$AnnotatedConnectException: Connection refused: /192.168.157.233:42906
	at sun.nio.ch.SocketChannelImpl.checkConnect(Native Method)
	at sun.nio.ch.SocketChannelImpl.finishConnect(SocketChannelImpl.java:717)
	at org.apache.ratis.thirdparty.io.netty.channel.socket.nio.NioSocketChannel.doFinishConnect(NioSocketChannel.java:327)
	at org.apache.ratis.thirdparty.io.netty.channel.nio.AbstractNioChannel$AbstractNioUnsafe.finishConnect(AbstractNioChannel.java:340)
	at org.apache.ratis.thirdparty.io.netty.channel.nio.NioEventLoop.processSelectedKey(NioEventLoop.java:632)
	at org.apache.ratis.thirdparty.io.netty.channel.nio.NioEventLoop.processSelectedKeysOptimized(NioEventLoop.java:579)
	at org.apache.ratis.thirdparty.io.netty.channel.nio.NioEventLoop.processSelectedKeys(NioEventLoop.java:496)
	at org.apache.ratis.thirdparty.io.netty.channel.nio.NioEventLoop.run(NioEventLoop.java:458)
	at org.apache.ratis.thirdparty.io.netty.util.concurrent.SingleThreadEventExecutor$5.run(SingleThreadEventExecutor.java:897)
	at org.apache.ratis.thirdparty.io.netty.util.concurrent.FastThreadLocalRunnable.run(FastThreadLocalRunnable.java:30)
	... 1 more
Caused by: java.net.ConnectException: Connection refused
	... 11 more
2019-10-25 11:08:00,592 [f6cfa8a2-85ff-4bb9-a246-101c53d2d47b@group-49E82E920F3F-LeaderElection605] INFO  impl.LeaderElection (LeaderElection.java:logAndReturn(56)) - f6cfa8a2-85ff-4bb9-a246-101c53d2d47b@group-49E82E920F3F-LeaderElection605: Election REJECTED; received 0 response(s) [] and 2 exception(s); f6cfa8a2-85ff-4bb9-a246-101c53d2d47b@group-49E82E920F3F:t195, leader=null, voted=f6cfa8a2-85ff-4bb9-a246-101c53d2d47b, raftlog=f6cfa8a2-85ff-4bb9-a246-101c53d2d47b@group-49E82E920F3F-SegmentedRaftLog:OPENED:c-1,f-1,i0, conf=-1: [7fad1e98-7a6b-4998-a30c-ec1ab88068bc:192.168.157.233:35716, bdb27072-dd00-4d3b-a7da-41600e490ca3:192.168.157.233:42906, f6cfa8a2-85ff-4bb9-a246-101c53d2d47b:192.168.157.233:44618], old=null
2019-10-25 11:08:00,592 [f6cfa8a2-85ff-4bb9-a246-101c53d2d47b@group-49E82E920F3F-LeaderElection605] INFO  impl.LeaderElection (LogUtils.java:infoOrTrace(149)) -   Exception 0: {}
java.util.concurrent.ExecutionException: org.apache.ratis.thirdparty.io.grpc.StatusRuntimeException: UNAVAILABLE: io exception
	at java.util.concurrent.FutureTask.report(FutureTask.java:122)
	at java.util.concurrent.FutureTask.get(FutureTask.java:192)
	at org.apache.ratis.server.impl.LeaderElection.waitForResults(LeaderElection.java:259)
	at org.apache.ratis.server.impl.LeaderElection.askForVotes(LeaderElection.java:197)
	at org.apache.ratis.server.impl.LeaderElection.run(LeaderElection.java:133)
	at java.lang.Thread.run(Thread.java:748)
Caused by: org.apache.ratis.thirdparty.io.grpc.StatusRuntimeException: UNAVAILABLE: io exception
	at org.apache.ratis.thirdparty.io.grpc.stub.ClientCalls.toStatusRuntimeException(ClientCalls.java:233)
	at org.apache.ratis.thirdparty.io.grpc.stub.ClientCalls.getUnchecked(ClientCalls.java:214)
	at org.apache.ratis.thirdparty.io.grpc.stub.ClientCalls.blockingUnaryCall(ClientCalls.java:139)
	at org.apache.ratis.proto.grpc.RaftServerProtocolServiceGrpc$RaftServerProtocolServiceBlockingStub.requestVote(RaftServerProtocolServiceGrpc.java:265)
	at org.apache.ratis.grpc.server.GrpcServerProtocolClient.requestVote(GrpcServerProtocolClient.java:99)
	at org.apache.ratis.grpc.server.GrpcService.requestVote(GrpcService.java:204)
	at org.apache.ratis.server.impl.LeaderElection.lambda$submitRequests$1(LeaderElection.java:234)
	at java.util.concurrent.FutureTask.run(FutureTask.java:266)
	at java.util.concurrent.Executors$RunnableAdapter.call(Executors.java:511)
	at java.util.concurrent.FutureTask.run(FutureTask.java:266)
	at java.util.concurrent.ThreadPoolExecutor.runWorker(ThreadPoolExecutor.java:1149)
	at java.util.concurrent.ThreadPoolExecutor$Worker.run(ThreadPoolExecutor.java:624)
	... 1 more
Caused by: org.apache.ratis.thirdparty.io.netty.channel.AbstractChannel$AnnotatedConnectException: Connection refused: /192.168.157.233:35716
	at sun.nio.ch.SocketChannelImpl.checkConnect(Native Method)
	at sun.nio.ch.SocketChannelImpl.finishConnect(SocketChannelImpl.java:717)
	at org.apache.ratis.thirdparty.io.netty.channel.socket.nio.NioSocketChannel.doFinishConnect(NioSocketChannel.java:327)
	at org.apache.ratis.thirdparty.io.netty.channel.nio.AbstractNioChannel$AbstractNioUnsafe.finishConnect(AbstractNioChannel.java:340)
	at org.apache.ratis.thirdparty.io.netty.channel.nio.NioEventLoop.processSelectedKey(NioEventLoop.java:632)
	at org.apache.ratis.thirdparty.io.netty.channel.nio.NioEventLoop.processSelectedKeysOptimized(NioEventLoop.java:579)
	at org.apache.ratis.thirdparty.io.netty.channel.nio.NioEventLoop.processSelectedKeys(NioEventLoop.java:496)
	at org.apache.ratis.thirdparty.io.netty.channel.nio.NioEventLoop.run(NioEventLoop.java:458)
	at org.apache.ratis.thirdparty.io.netty.util.concurrent.SingleThreadEventExecutor$5.run(SingleThreadEventExecutor.java:897)
	at org.apache.ratis.thirdparty.io.netty.util.concurrent.FastThreadLocalRunnable.run(FastThreadLocalRunnable.java:30)
	... 1 more
Caused by: java.net.ConnectException: Connection refused
	... 11 more
2019-10-25 11:08:00,593 [f6cfa8a2-85ff-4bb9-a246-101c53d2d47b@group-49E82E920F3F-LeaderElection605] INFO  impl.LeaderElection (LogUtils.java:infoOrTrace(149)) -   Exception 1: {}
java.util.concurrent.ExecutionException: org.apache.ratis.thirdparty.io.grpc.StatusRuntimeException: UNAVAILABLE: io exception
	at java.util.concurrent.FutureTask.report(FutureTask.java:122)
	at java.util.concurrent.FutureTask.get(FutureTask.java:192)
	at org.apache.ratis.server.impl.LeaderElection.waitForResults(LeaderElection.java:259)
	at org.apache.ratis.server.impl.LeaderElection.askForVotes(LeaderElection.java:197)
	at org.apache.ratis.server.impl.LeaderElection.run(LeaderElection.java:133)
	at java.lang.Thread.run(Thread.java:748)
Caused by: org.apache.ratis.thirdparty.io.grpc.StatusRuntimeException: UNAVAILABLE: io exception
	at org.apache.ratis.thirdparty.io.grpc.stub.ClientCalls.toStatusRuntimeException(ClientCalls.java:233)
	at org.apache.ratis.thirdparty.io.grpc.stub.ClientCalls.getUnchecked(ClientCalls.java:214)
	at org.apache.ratis.thirdparty.io.grpc.stub.ClientCalls.blockingUnaryCall(ClientCalls.java:139)
	at org.apache.ratis.proto.grpc.RaftServerProtocolServiceGrpc$RaftServerProtocolServiceBlockingStub.requestVote(RaftServerProtocolServiceGrpc.java:265)
	at org.apache.ratis.grpc.server.GrpcServerProtocolClient.requestVote(GrpcServerProtocolClient.java:99)
	at org.apache.ratis.grpc.server.GrpcService.requestVote(GrpcService.java:204)
	at org.apache.ratis.server.impl.LeaderElection.lambda$submitRequests$1(LeaderElection.java:234)
	at java.util.concurrent.FutureTask.run(FutureTask.java:266)
	at java.util.concurrent.Executors$RunnableAdapter.call(Executors.java:511)
	at java.util.concurrent.FutureTask.run(FutureTask.java:266)
	at java.util.concurrent.ThreadPoolExecutor.runWorker(ThreadPoolExecutor.java:1149)
	at java.util.concurrent.ThreadPoolExecutor$Worker.run(ThreadPoolExecutor.java:624)
	... 1 more
Caused by: org.apache.ratis.thirdparty.io.netty.channel.AbstractChannel$AnnotatedConnectException: Connection refused: /192.168.157.233:42906
	at sun.nio.ch.SocketChannelImpl.checkConnect(Native Method)
	at sun.nio.ch.SocketChannelImpl.finishConnect(SocketChannelImpl.java:717)
	at org.apache.ratis.thirdparty.io.netty.channel.socket.nio.NioSocketChannel.doFinishConnect(NioSocketChannel.java:327)
	at org.apache.ratis.thirdparty.io.netty.channel.nio.AbstractNioChannel$AbstractNioUnsafe.finishConnect(AbstractNioChannel.java:340)
	at org.apache.ratis.thirdparty.io.netty.channel.nio.NioEventLoop.processSelectedKey(NioEventLoop.java:632)
	at org.apache.ratis.thirdparty.io.netty.channel.nio.NioEventLoop.processSelectedKeysOptimized(NioEventLoop.java:579)
	at org.apache.ratis.thirdparty.io.netty.channel.nio.NioEventLoop.processSelectedKeys(NioEventLoop.java:496)
	at org.apache.ratis.thirdparty.io.netty.channel.nio.NioEventLoop.run(NioEventLoop.java:458)
	at org.apache.ratis.thirdparty.io.netty.util.concurrent.SingleThreadEventExecutor$5.run(SingleThreadEventExecutor.java:897)
	at org.apache.ratis.thirdparty.io.netty.util.concurrent.FastThreadLocalRunnable.run(FastThreadLocalRunnable.java:30)
	... 1 more
Caused by: java.net.ConnectException: Connection refused
	... 11 more
2019-10-25 11:08:00,593 [f6cfa8a2-85ff-4bb9-a246-101c53d2d47b@group-49E82E920F3F-LeaderElection605] INFO  impl.RaftServerImpl (RaftServerImpl.java:setRole(184)) - f6cfa8a2-85ff-4bb9-a246-101c53d2d47b@group-49E82E920F3F: changes role from CANDIDATE to FOLLOWER at term 195 for DISCOVERED_A_NEW_TERM
2019-10-25 11:08:00,593 [f6cfa8a2-85ff-4bb9-a246-101c53d2d47b@group-49E82E920F3F-LeaderElection605] INFO  impl.RoleInfo (RoleInfo.java:shutdownLeaderElection(134)) - f6cfa8a2-85ff-4bb9-a246-101c53d2d47b: shutdown LeaderElection
2019-10-25 11:08:00,593 [f6cfa8a2-85ff-4bb9-a246-101c53d2d47b@group-49E82E920F3F-LeaderElection605] INFO  impl.RoleInfo (RoleInfo.java:updateAndGet(143)) - f6cfa8a2-85ff-4bb9-a246-101c53d2d47b: start FollowerState
2019-10-25 11:08:00,646 [Thread-5008] INFO  impl.FollowerState (FollowerState.java:run(108)) - f6cfa8a2-85ff-4bb9-a246-101c53d2d47b@group-49E82E920F3F-FollowerState: change to CANDIDATE, lastRpcTime:52ms, electionTimeout:52ms
2019-10-25 11:08:00,646 [Thread-5008] INFO  impl.RoleInfo (RoleInfo.java:shutdownFollowerState(121)) - f6cfa8a2-85ff-4bb9-a246-101c53d2d47b: shutdown FollowerState
2019-10-25 11:08:00,646 [Thread-5008] INFO  impl.RaftServerImpl (RaftServerImpl.java:setRole(184)) - f6cfa8a2-85ff-4bb9-a246-101c53d2d47b@group-49E82E920F3F: changes role from  FOLLOWER to CANDIDATE at term 195 for changeToCandidate
2019-10-25 11:08:00,646 [Thread-5008] INFO  impl.RoleInfo (RoleInfo.java:updateAndGet(143)) - f6cfa8a2-85ff-4bb9-a246-101c53d2d47b: start LeaderElection
2019-10-25 11:08:00,659 [f6cfa8a2-85ff-4bb9-a246-101c53d2d47b@group-49E82E920F3F-LeaderElection606] INFO  impl.LeaderElection (LeaderElection.java:askForVotes(178)) - f6cfa8a2-85ff-4bb9-a246-101c53d2d47b@group-49E82E920F3F-LeaderElection606: begin an election at term 196 for -1: [7fad1e98-7a6b-4998-a30c-ec1ab88068bc:192.168.157.233:35716, bdb27072-dd00-4d3b-a7da-41600e490ca3:192.168.157.233:42906, f6cfa8a2-85ff-4bb9-a246-101c53d2d47b:192.168.157.233:44618], old=null
2019-10-25 11:08:00,659 [f6cfa8a2-85ff-4bb9-a246-101c53d2d47b@group-49E82E920F3F-LeaderElection606] INFO  impl.LeaderElection (LogUtils.java:infoOrTrace(149)) - f6cfa8a2-85ff-4bb9-a246-101c53d2d47b@group-49E82E920F3F-LeaderElection606 got exception when requesting votes: {}
java.util.concurrent.ExecutionException: org.apache.ratis.thirdparty.io.grpc.StatusRuntimeException: UNAVAILABLE: io exception
	at java.util.concurrent.FutureTask.report(FutureTask.java:122)
	at java.util.concurrent.FutureTask.get(FutureTask.java:192)
	at org.apache.ratis.server.impl.LeaderElection.waitForResults(LeaderElection.java:259)
	at org.apache.ratis.server.impl.LeaderElection.askForVotes(LeaderElection.java:197)
	at org.apache.ratis.server.impl.LeaderElection.run(LeaderElection.java:133)
	at java.lang.Thread.run(Thread.java:748)
Caused by: org.apache.ratis.thirdparty.io.grpc.StatusRuntimeException: UNAVAILABLE: io exception
	at org.apache.ratis.thirdparty.io.grpc.stub.ClientCalls.toStatusRuntimeException(ClientCalls.java:233)
	at org.apache.ratis.thirdparty.io.grpc.stub.ClientCalls.getUnchecked(ClientCalls.java:214)
	at org.apache.ratis.thirdparty.io.grpc.stub.ClientCalls.blockingUnaryCall(ClientCalls.java:139)
	at org.apache.ratis.proto.grpc.RaftServerProtocolServiceGrpc$RaftServerProtocolServiceBlockingStub.requestVote(RaftServerProtocolServiceGrpc.java:265)
	at org.apache.ratis.grpc.server.GrpcServerProtocolClient.requestVote(GrpcServerProtocolClient.java:99)
	at org.apache.ratis.grpc.server.GrpcService.requestVote(GrpcService.java:204)
	at org.apache.ratis.server.impl.LeaderElection.lambda$submitRequests$1(LeaderElection.java:234)
	at java.util.concurrent.FutureTask.run(FutureTask.java:266)
	at java.util.concurrent.Executors$RunnableAdapter.call(Executors.java:511)
	at java.util.concurrent.FutureTask.run(FutureTask.java:266)
	at java.util.concurrent.ThreadPoolExecutor.runWorker(ThreadPoolExecutor.java:1149)
	at java.util.concurrent.ThreadPoolExecutor$Worker.run(ThreadPoolExecutor.java:624)
	... 1 more
Caused by: org.apache.ratis.thirdparty.io.netty.channel.AbstractChannel$AnnotatedConnectException: Connection refused: /192.168.157.233:35716
	at sun.nio.ch.SocketChannelImpl.checkConnect(Native Method)
	at sun.nio.ch.SocketChannelImpl.finishConnect(SocketChannelImpl.java:717)
	at org.apache.ratis.thirdparty.io.netty.channel.socket.nio.NioSocketChannel.doFinishConnect(NioSocketChannel.java:327)
	at org.apache.ratis.thirdparty.io.netty.channel.nio.AbstractNioChannel$AbstractNioUnsafe.finishConnect(AbstractNioChannel.java:340)
	at org.apache.ratis.thirdparty.io.netty.channel.nio.NioEventLoop.processSelectedKey(NioEventLoop.java:632)
	at org.apache.ratis.thirdparty.io.netty.channel.nio.NioEventLoop.processSelectedKeysOptimized(NioEventLoop.java:579)
	at org.apache.ratis.thirdparty.io.netty.channel.nio.NioEventLoop.processSelectedKeys(NioEventLoop.java:496)
	at org.apache.ratis.thirdparty.io.netty.channel.nio.NioEventLoop.run(NioEventLoop.java:458)
	at org.apache.ratis.thirdparty.io.netty.util.concurrent.SingleThreadEventExecutor$5.run(SingleThreadEventExecutor.java:897)
	at org.apache.ratis.thirdparty.io.netty.util.concurrent.FastThreadLocalRunnable.run(FastThreadLocalRunnable.java:30)
	... 1 more
Caused by: java.net.ConnectException: Connection refused
	... 11 more
2019-10-25 11:08:00,660 [f6cfa8a2-85ff-4bb9-a246-101c53d2d47b@group-49E82E920F3F-LeaderElection606] INFO  impl.LeaderElection (LogUtils.java:infoOrTrace(149)) - f6cfa8a2-85ff-4bb9-a246-101c53d2d47b@group-49E82E920F3F-LeaderElection606 got exception when requesting votes: {}
java.util.concurrent.ExecutionException: org.apache.ratis.thirdparty.io.grpc.StatusRuntimeException: UNAVAILABLE: io exception
	at java.util.concurrent.FutureTask.report(FutureTask.java:122)
	at java.util.concurrent.FutureTask.get(FutureTask.java:192)
	at org.apache.ratis.server.impl.LeaderElection.waitForResults(LeaderElection.java:259)
	at org.apache.ratis.server.impl.LeaderElection.askForVotes(LeaderElection.java:197)
	at org.apache.ratis.server.impl.LeaderElection.run(LeaderElection.java:133)
	at java.lang.Thread.run(Thread.java:748)
Caused by: org.apache.ratis.thirdparty.io.grpc.StatusRuntimeException: UNAVAILABLE: io exception
	at org.apache.ratis.thirdparty.io.grpc.stub.ClientCalls.toStatusRuntimeException(ClientCalls.java:233)
	at org.apache.ratis.thirdparty.io.grpc.stub.ClientCalls.getUnchecked(ClientCalls.java:214)
	at org.apache.ratis.thirdparty.io.grpc.stub.ClientCalls.blockingUnaryCall(ClientCalls.java:139)
	at org.apache.ratis.proto.grpc.RaftServerProtocolServiceGrpc$RaftServerProtocolServiceBlockingStub.requestVote(RaftServerProtocolServiceGrpc.java:265)
	at org.apache.ratis.grpc.server.GrpcServerProtocolClient.requestVote(GrpcServerProtocolClient.java:99)
	at org.apache.ratis.grpc.server.GrpcService.requestVote(GrpcService.java:204)
	at org.apache.ratis.server.impl.LeaderElection.lambda$submitRequests$1(LeaderElection.java:234)
	at java.util.concurrent.FutureTask.run(FutureTask.java:266)
	at java.util.concurrent.Executors$RunnableAdapter.call(Executors.java:511)
	at java.util.concurrent.FutureTask.run(FutureTask.java:266)
	at java.util.concurrent.ThreadPoolExecutor.runWorker(ThreadPoolExecutor.java:1149)
	at java.util.concurrent.ThreadPoolExecutor$Worker.run(ThreadPoolExecutor.java:624)
	... 1 more
Caused by: org.apache.ratis.thirdparty.io.netty.channel.AbstractChannel$AnnotatedConnectException: Connection refused: /192.168.157.233:42906
	at sun.nio.ch.SocketChannelImpl.checkConnect(Native Method)
	at sun.nio.ch.SocketChannelImpl.finishConnect(SocketChannelImpl.java:717)
	at org.apache.ratis.thirdparty.io.netty.channel.socket.nio.NioSocketChannel.doFinishConnect(NioSocketChannel.java:327)
	at org.apache.ratis.thirdparty.io.netty.channel.nio.AbstractNioChannel$AbstractNioUnsafe.finishConnect(AbstractNioChannel.java:340)
	at org.apache.ratis.thirdparty.io.netty.channel.nio.NioEventLoop.processSelectedKey(NioEventLoop.java:632)
	at org.apache.ratis.thirdparty.io.netty.channel.nio.NioEventLoop.processSelectedKeysOptimized(NioEventLoop.java:579)
	at org.apache.ratis.thirdparty.io.netty.channel.nio.NioEventLoop.processSelectedKeys(NioEventLoop.java:496)
	at org.apache.ratis.thirdparty.io.netty.channel.nio.NioEventLoop.run(NioEventLoop.java:458)
	at org.apache.ratis.thirdparty.io.netty.util.concurrent.SingleThreadEventExecutor$5.run(SingleThreadEventExecutor.java:897)
	at org.apache.ratis.thirdparty.io.netty.util.concurrent.FastThreadLocalRunnable.run(FastThreadLocalRunnable.java:30)
	... 1 more
Caused by: java.net.ConnectException: Connection refused
	... 11 more
2019-10-25 11:08:00,660 [f6cfa8a2-85ff-4bb9-a246-101c53d2d47b@group-49E82E920F3F-LeaderElection606] INFO  impl.LeaderElection (LeaderElection.java:logAndReturn(56)) - f6cfa8a2-85ff-4bb9-a246-101c53d2d47b@group-49E82E920F3F-LeaderElection606: Election REJECTED; received 0 response(s) [] and 2 exception(s); f6cfa8a2-85ff-4bb9-a246-101c53d2d47b@group-49E82E920F3F:t196, leader=null, voted=f6cfa8a2-85ff-4bb9-a246-101c53d2d47b, raftlog=f6cfa8a2-85ff-4bb9-a246-101c53d2d47b@group-49E82E920F3F-SegmentedRaftLog:OPENED:c-1,f-1,i0, conf=-1: [7fad1e98-7a6b-4998-a30c-ec1ab88068bc:192.168.157.233:35716, bdb27072-dd00-4d3b-a7da-41600e490ca3:192.168.157.233:42906, f6cfa8a2-85ff-4bb9-a246-101c53d2d47b:192.168.157.233:44618], old=null
2019-10-25 11:08:00,660 [f6cfa8a2-85ff-4bb9-a246-101c53d2d47b@group-49E82E920F3F-LeaderElection606] INFO  impl.LeaderElection (LogUtils.java:infoOrTrace(149)) -   Exception 0: {}
java.util.concurrent.ExecutionException: org.apache.ratis.thirdparty.io.grpc.StatusRuntimeException: UNAVAILABLE: io exception
	at java.util.concurrent.FutureTask.report(FutureTask.java:122)
	at java.util.concurrent.FutureTask.get(FutureTask.java:192)
	at org.apache.ratis.server.impl.LeaderElection.waitForResults(LeaderElection.java:259)
	at org.apache.ratis.server.impl.LeaderElection.askForVotes(LeaderElection.java:197)
	at org.apache.ratis.server.impl.LeaderElection.run(LeaderElection.java:133)
	at java.lang.Thread.run(Thread.java:748)
Caused by: org.apache.ratis.thirdparty.io.grpc.StatusRuntimeException: UNAVAILABLE: io exception
	at org.apache.ratis.thirdparty.io.grpc.stub.ClientCalls.toStatusRuntimeException(ClientCalls.java:233)
	at org.apache.ratis.thirdparty.io.grpc.stub.ClientCalls.getUnchecked(ClientCalls.java:214)
	at org.apache.ratis.thirdparty.io.grpc.stub.ClientCalls.blockingUnaryCall(ClientCalls.java:139)
	at org.apache.ratis.proto.grpc.RaftServerProtocolServiceGrpc$RaftServerProtocolServiceBlockingStub.requestVote(RaftServerProtocolServiceGrpc.java:265)
	at org.apache.ratis.grpc.server.GrpcServerProtocolClient.requestVote(GrpcServerProtocolClient.java:99)
	at org.apache.ratis.grpc.server.GrpcService.requestVote(GrpcService.java:204)
	at org.apache.ratis.server.impl.LeaderElection.lambda$submitRequests$1(LeaderElection.java:234)
	at java.util.concurrent.FutureTask.run(FutureTask.java:266)
	at java.util.concurrent.Executors$RunnableAdapter.call(Executors.java:511)
	at java.util.concurrent.FutureTask.run(FutureTask.java:266)
	at java.util.concurrent.ThreadPoolExecutor.runWorker(ThreadPoolExecutor.java:1149)
	at java.util.concurrent.ThreadPoolExecutor$Worker.run(ThreadPoolExecutor.java:624)
	... 1 more
Caused by: org.apache.ratis.thirdparty.io.netty.channel.AbstractChannel$AnnotatedConnectException: Connection refused: /192.168.157.233:35716
	at sun.nio.ch.SocketChannelImpl.checkConnect(Native Method)
	at sun.nio.ch.SocketChannelImpl.finishConnect(SocketChannelImpl.java:717)
	at org.apache.ratis.thirdparty.io.netty.channel.socket.nio.NioSocketChannel.doFinishConnect(NioSocketChannel.java:327)
	at org.apache.ratis.thirdparty.io.netty.channel.nio.AbstractNioChannel$AbstractNioUnsafe.finishConnect(AbstractNioChannel.java:340)
	at org.apache.ratis.thirdparty.io.netty.channel.nio.NioEventLoop.processSelectedKey(NioEventLoop.java:632)
	at org.apache.ratis.thirdparty.io.netty.channel.nio.NioEventLoop.processSelectedKeysOptimized(NioEventLoop.java:579)
	at org.apache.ratis.thirdparty.io.netty.channel.nio.NioEventLoop.processSelectedKeys(NioEventLoop.java:496)
	at org.apache.ratis.thirdparty.io.netty.channel.nio.NioEventLoop.run(NioEventLoop.java:458)
	at org.apache.ratis.thirdparty.io.netty.util.concurrent.SingleThreadEventExecutor$5.run(SingleThreadEventExecutor.java:897)
	at org.apache.ratis.thirdparty.io.netty.util.concurrent.FastThreadLocalRunnable.run(FastThreadLocalRunnable.java:30)
	... 1 more
Caused by: java.net.ConnectException: Connection refused
	... 11 more
2019-10-25 11:08:00,661 [f6cfa8a2-85ff-4bb9-a246-101c53d2d47b@group-49E82E920F3F-LeaderElection606] INFO  impl.LeaderElection (LogUtils.java:infoOrTrace(149)) -   Exception 1: {}
java.util.concurrent.ExecutionException: org.apache.ratis.thirdparty.io.grpc.StatusRuntimeException: UNAVAILABLE: io exception
	at java.util.concurrent.FutureTask.report(FutureTask.java:122)
	at java.util.concurrent.FutureTask.get(FutureTask.java:192)
	at org.apache.ratis.server.impl.LeaderElection.waitForResults(LeaderElection.java:259)
	at org.apache.ratis.server.impl.LeaderElection.askForVotes(LeaderElection.java:197)
	at org.apache.ratis.server.impl.LeaderElection.run(LeaderElection.java:133)
	at java.lang.Thread.run(Thread.java:748)
Caused by: org.apache.ratis.thirdparty.io.grpc.StatusRuntimeException: UNAVAILABLE: io exception
	at org.apache.ratis.thirdparty.io.grpc.stub.ClientCalls.toStatusRuntimeException(ClientCalls.java:233)
	at org.apache.ratis.thirdparty.io.grpc.stub.ClientCalls.getUnchecked(ClientCalls.java:214)
	at org.apache.ratis.thirdparty.io.grpc.stub.ClientCalls.blockingUnaryCall(ClientCalls.java:139)
	at org.apache.ratis.proto.grpc.RaftServerProtocolServiceGrpc$RaftServerProtocolServiceBlockingStub.requestVote(RaftServerProtocolServiceGrpc.java:265)
	at org.apache.ratis.grpc.server.GrpcServerProtocolClient.requestVote(GrpcServerProtocolClient.java:99)
	at org.apache.ratis.grpc.server.GrpcService.requestVote(GrpcService.java:204)
	at org.apache.ratis.server.impl.LeaderElection.lambda$submitRequests$1(LeaderElection.java:234)
	at java.util.concurrent.FutureTask.run(FutureTask.java:266)
	at java.util.concurrent.Executors$RunnableAdapter.call(Executors.java:511)
	at java.util.concurrent.FutureTask.run(FutureTask.java:266)
	at java.util.concurrent.ThreadPoolExecutor.runWorker(ThreadPoolExecutor.java:1149)
	at java.util.concurrent.ThreadPoolExecutor$Worker.run(ThreadPoolExecutor.java:624)
	... 1 more
Caused by: org.apache.ratis.thirdparty.io.netty.channel.AbstractChannel$AnnotatedConnectException: Connection refused: /192.168.157.233:42906
	at sun.nio.ch.SocketChannelImpl.checkConnect(Native Method)
	at sun.nio.ch.SocketChannelImpl.finishConnect(SocketChannelImpl.java:717)
	at org.apache.ratis.thirdparty.io.netty.channel.socket.nio.NioSocketChannel.doFinishConnect(NioSocketChannel.java:327)
	at org.apache.ratis.thirdparty.io.netty.channel.nio.AbstractNioChannel$AbstractNioUnsafe.finishConnect(AbstractNioChannel.java:340)
	at org.apache.ratis.thirdparty.io.netty.channel.nio.NioEventLoop.processSelectedKey(NioEventLoop.java:632)
	at org.apache.ratis.thirdparty.io.netty.channel.nio.NioEventLoop.processSelectedKeysOptimized(NioEventLoop.java:579)
	at org.apache.ratis.thirdparty.io.netty.channel.nio.NioEventLoop.processSelectedKeys(NioEventLoop.java:496)
	at org.apache.ratis.thirdparty.io.netty.channel.nio.NioEventLoop.run(NioEventLoop.java:458)
	at org.apache.ratis.thirdparty.io.netty.util.concurrent.SingleThreadEventExecutor$5.run(SingleThreadEventExecutor.java:897)
	at org.apache.ratis.thirdparty.io.netty.util.concurrent.FastThreadLocalRunnable.run(FastThreadLocalRunnable.java:30)
	... 1 more
Caused by: java.net.ConnectException: Connection refused
	... 11 more
2019-10-25 11:08:00,661 [f6cfa8a2-85ff-4bb9-a246-101c53d2d47b@group-49E82E920F3F-LeaderElection606] INFO  impl.RaftServerImpl (RaftServerImpl.java:setRole(184)) - f6cfa8a2-85ff-4bb9-a246-101c53d2d47b@group-49E82E920F3F: changes role from CANDIDATE to FOLLOWER at term 196 for DISCOVERED_A_NEW_TERM
2019-10-25 11:08:00,661 [f6cfa8a2-85ff-4bb9-a246-101c53d2d47b@group-49E82E920F3F-LeaderElection606] INFO  impl.RoleInfo (RoleInfo.java:shutdownLeaderElection(134)) - f6cfa8a2-85ff-4bb9-a246-101c53d2d47b: shutdown LeaderElection
2019-10-25 11:08:00,661 [f6cfa8a2-85ff-4bb9-a246-101c53d2d47b@group-49E82E920F3F-LeaderElection606] INFO  impl.RoleInfo (RoleInfo.java:updateAndGet(143)) - f6cfa8a2-85ff-4bb9-a246-101c53d2d47b: start FollowerState
2019-10-25 11:08:00,683 [Thread-5012] INFO  impl.FollowerState (FollowerState.java:run(108)) - f6cfa8a2-85ff-4bb9-a246-101c53d2d47b@group-49E82E920F3F-FollowerState: change to CANDIDATE, lastRpcTime:21ms, electionTimeout:21ms
2019-10-25 11:08:00,683 [Thread-5012] INFO  impl.RoleInfo (RoleInfo.java:shutdownFollowerState(121)) - f6cfa8a2-85ff-4bb9-a246-101c53d2d47b: shutdown FollowerState
2019-10-25 11:08:00,683 [Thread-5012] INFO  impl.RaftServerImpl (RaftServerImpl.java:setRole(184)) - f6cfa8a2-85ff-4bb9-a246-101c53d2d47b@group-49E82E920F3F: changes role from  FOLLOWER to CANDIDATE at term 196 for changeToCandidate
2019-10-25 11:08:00,683 [Thread-5012] INFO  impl.RoleInfo (RoleInfo.java:updateAndGet(143)) - f6cfa8a2-85ff-4bb9-a246-101c53d2d47b: start LeaderElection
2019-10-25 11:08:00,696 [f6cfa8a2-85ff-4bb9-a246-101c53d2d47b@group-49E82E920F3F-LeaderElection607] INFO  impl.LeaderElection (LeaderElection.java:askForVotes(178)) - f6cfa8a2-85ff-4bb9-a246-101c53d2d47b@group-49E82E920F3F-LeaderElection607: begin an election at term 197 for -1: [7fad1e98-7a6b-4998-a30c-ec1ab88068bc:192.168.157.233:35716, bdb27072-dd00-4d3b-a7da-41600e490ca3:192.168.157.233:42906, f6cfa8a2-85ff-4bb9-a246-101c53d2d47b:192.168.157.233:44618], old=null
2019-10-25 11:08:00,697 [f6cfa8a2-85ff-4bb9-a246-101c53d2d47b@group-49E82E920F3F-LeaderElection607] INFO  impl.LeaderElection (LogUtils.java:infoOrTrace(149)) - f6cfa8a2-85ff-4bb9-a246-101c53d2d47b@group-49E82E920F3F-LeaderElection607 got exception when requesting votes: {}
java.util.concurrent.ExecutionException: org.apache.ratis.thirdparty.io.grpc.StatusRuntimeException: UNAVAILABLE: io exception
	at java.util.concurrent.FutureTask.report(FutureTask.java:122)
	at java.util.concurrent.FutureTask.get(FutureTask.java:192)
	at org.apache.ratis.server.impl.LeaderElection.waitForResults(LeaderElection.java:259)
	at org.apache.ratis.server.impl.LeaderElection.askForVotes(LeaderElection.java:197)
	at org.apache.ratis.server.impl.LeaderElection.run(LeaderElection.java:133)
	at java.lang.Thread.run(Thread.java:748)
Caused by: org.apache.ratis.thirdparty.io.grpc.StatusRuntimeException: UNAVAILABLE: io exception
	at org.apache.ratis.thirdparty.io.grpc.stub.ClientCalls.toStatusRuntimeException(ClientCalls.java:233)
	at org.apache.ratis.thirdparty.io.grpc.stub.ClientCalls.getUnchecked(ClientCalls.java:214)
	at org.apache.ratis.thirdparty.io.grpc.stub.ClientCalls.blockingUnaryCall(ClientCalls.java:139)
	at org.apache.ratis.proto.grpc.RaftServerProtocolServiceGrpc$RaftServerProtocolServiceBlockingStub.requestVote(RaftServerProtocolServiceGrpc.java:265)
	at org.apache.ratis.grpc.server.GrpcServerProtocolClient.requestVote(GrpcServerProtocolClient.java:99)
	at org.apache.ratis.grpc.server.GrpcService.requestVote(GrpcService.java:204)
	at org.apache.ratis.server.impl.LeaderElection.lambda$submitRequests$1(LeaderElection.java:234)
	at java.util.concurrent.FutureTask.run(FutureTask.java:266)
	at java.util.concurrent.Executors$RunnableAdapter.call(Executors.java:511)
	at java.util.concurrent.FutureTask.run(FutureTask.java:266)
	at java.util.concurrent.ThreadPoolExecutor.runWorker(ThreadPoolExecutor.java:1149)
	at java.util.concurrent.ThreadPoolExecutor$Worker.run(ThreadPoolExecutor.java:624)
	... 1 more
Caused by: org.apache.ratis.thirdparty.io.netty.channel.AbstractChannel$AnnotatedConnectException: Connection refused: /192.168.157.233:35716
	at sun.nio.ch.SocketChannelImpl.checkConnect(Native Method)
	at sun.nio.ch.SocketChannelImpl.finishConnect(SocketChannelImpl.java:717)
	at org.apache.ratis.thirdparty.io.netty.channel.socket.nio.NioSocketChannel.doFinishConnect(NioSocketChannel.java:327)
	at org.apache.ratis.thirdparty.io.netty.channel.nio.AbstractNioChannel$AbstractNioUnsafe.finishConnect(AbstractNioChannel.java:340)
	at org.apache.ratis.thirdparty.io.netty.channel.nio.NioEventLoop.processSelectedKey(NioEventLoop.java:632)
	at org.apache.ratis.thirdparty.io.netty.channel.nio.NioEventLoop.processSelectedKeysOptimized(NioEventLoop.java:579)
	at org.apache.ratis.thirdparty.io.netty.channel.nio.NioEventLoop.processSelectedKeys(NioEventLoop.java:496)
	at org.apache.ratis.thirdparty.io.netty.channel.nio.NioEventLoop.run(NioEventLoop.java:458)
	at org.apache.ratis.thirdparty.io.netty.util.concurrent.SingleThreadEventExecutor$5.run(SingleThreadEventExecutor.java:897)
	at org.apache.ratis.thirdparty.io.netty.util.concurrent.FastThreadLocalRunnable.run(FastThreadLocalRunnable.java:30)
	... 1 more
Caused by: java.net.ConnectException: Connection refused
	... 11 more
2019-10-25 11:08:00,697 [f6cfa8a2-85ff-4bb9-a246-101c53d2d47b@group-49E82E920F3F-LeaderElection607] INFO  impl.LeaderElection (LogUtils.java:infoOrTrace(149)) - f6cfa8a2-85ff-4bb9-a246-101c53d2d47b@group-49E82E920F3F-LeaderElection607 got exception when requesting votes: {}
java.util.concurrent.ExecutionException: org.apache.ratis.thirdparty.io.grpc.StatusRuntimeException: UNAVAILABLE: io exception
	at java.util.concurrent.FutureTask.report(FutureTask.java:122)
	at java.util.concurrent.FutureTask.get(FutureTask.java:192)
	at org.apache.ratis.server.impl.LeaderElection.waitForResults(LeaderElection.java:259)
	at org.apache.ratis.server.impl.LeaderElection.askForVotes(LeaderElection.java:197)
	at org.apache.ratis.server.impl.LeaderElection.run(LeaderElection.java:133)
	at java.lang.Thread.run(Thread.java:748)
Caused by: org.apache.ratis.thirdparty.io.grpc.StatusRuntimeException: UNAVAILABLE: io exception
	at org.apache.ratis.thirdparty.io.grpc.stub.ClientCalls.toStatusRuntimeException(ClientCalls.java:233)
	at org.apache.ratis.thirdparty.io.grpc.stub.ClientCalls.getUnchecked(ClientCalls.java:214)
	at org.apache.ratis.thirdparty.io.grpc.stub.ClientCalls.blockingUnaryCall(ClientCalls.java:139)
	at org.apache.ratis.proto.grpc.RaftServerProtocolServiceGrpc$RaftServerProtocolServiceBlockingStub.requestVote(RaftServerProtocolServiceGrpc.java:265)
	at org.apache.ratis.grpc.server.GrpcServerProtocolClient.requestVote(GrpcServerProtocolClient.java:99)
	at org.apache.ratis.grpc.server.GrpcService.requestVote(GrpcService.java:204)
	at org.apache.ratis.server.impl.LeaderElection.lambda$submitRequests$1(LeaderElection.java:234)
	at java.util.concurrent.FutureTask.run(FutureTask.java:266)
	at java.util.concurrent.Executors$RunnableAdapter.call(Executors.java:511)
	at java.util.concurrent.FutureTask.run(FutureTask.java:266)
	at java.util.concurrent.ThreadPoolExecutor.runWorker(ThreadPoolExecutor.java:1149)
	at java.util.concurrent.ThreadPoolExecutor$Worker.run(ThreadPoolExecutor.java:624)
	... 1 more
Caused by: org.apache.ratis.thirdparty.io.netty.channel.AbstractChannel$AnnotatedConnectException: Connection refused: /192.168.157.233:42906
	at sun.nio.ch.SocketChannelImpl.checkConnect(Native Method)
	at sun.nio.ch.SocketChannelImpl.finishConnect(SocketChannelImpl.java:717)
	at org.apache.ratis.thirdparty.io.netty.channel.socket.nio.NioSocketChannel.doFinishConnect(NioSocketChannel.java:327)
	at org.apache.ratis.thirdparty.io.netty.channel.nio.AbstractNioChannel$AbstractNioUnsafe.finishConnect(AbstractNioChannel.java:340)
	at org.apache.ratis.thirdparty.io.netty.channel.nio.NioEventLoop.processSelectedKey(NioEventLoop.java:632)
	at org.apache.ratis.thirdparty.io.netty.channel.nio.NioEventLoop.processSelectedKeysOptimized(NioEventLoop.java:579)
	at org.apache.ratis.thirdparty.io.netty.channel.nio.NioEventLoop.processSelectedKeys(NioEventLoop.java:496)
	at org.apache.ratis.thirdparty.io.netty.channel.nio.NioEventLoop.run(NioEventLoop.java:458)
	at org.apache.ratis.thirdparty.io.netty.util.concurrent.SingleThreadEventExecutor$5.run(SingleThreadEventExecutor.java:897)
	at org.apache.ratis.thirdparty.io.netty.util.concurrent.FastThreadLocalRunnable.run(FastThreadLocalRunnable.java:30)
	... 1 more
Caused by: java.net.ConnectException: Connection refused
	... 11 more
2019-10-25 11:08:00,698 [f6cfa8a2-85ff-4bb9-a246-101c53d2d47b@group-49E82E920F3F-LeaderElection607] INFO  impl.LeaderElection (LeaderElection.java:logAndReturn(56)) - f6cfa8a2-85ff-4bb9-a246-101c53d2d47b@group-49E82E920F3F-LeaderElection607: Election REJECTED; received 0 response(s) [] and 2 exception(s); f6cfa8a2-85ff-4bb9-a246-101c53d2d47b@group-49E82E920F3F:t197, leader=null, voted=f6cfa8a2-85ff-4bb9-a246-101c53d2d47b, raftlog=f6cfa8a2-85ff-4bb9-a246-101c53d2d47b@group-49E82E920F3F-SegmentedRaftLog:OPENED:c-1,f-1,i0, conf=-1: [7fad1e98-7a6b-4998-a30c-ec1ab88068bc:192.168.157.233:35716, bdb27072-dd00-4d3b-a7da-41600e490ca3:192.168.157.233:42906, f6cfa8a2-85ff-4bb9-a246-101c53d2d47b:192.168.157.233:44618], old=null
2019-10-25 11:08:00,698 [f6cfa8a2-85ff-4bb9-a246-101c53d2d47b@group-49E82E920F3F-LeaderElection607] INFO  impl.LeaderElection (LogUtils.java:infoOrTrace(149)) -   Exception 0: {}
java.util.concurrent.ExecutionException: org.apache.ratis.thirdparty.io.grpc.StatusRuntimeException: UNAVAILABLE: io exception
	at java.util.concurrent.FutureTask.report(FutureTask.java:122)
	at java.util.concurrent.FutureTask.get(FutureTask.java:192)
	at org.apache.ratis.server.impl.LeaderElection.waitForResults(LeaderElection.java:259)
	at org.apache.ratis.server.impl.LeaderElection.askForVotes(LeaderElection.java:197)
	at org.apache.ratis.server.impl.LeaderElection.run(LeaderElection.java:133)
	at java.lang.Thread.run(Thread.java:748)
Caused by: org.apache.ratis.thirdparty.io.grpc.StatusRuntimeException: UNAVAILABLE: io exception
	at org.apache.ratis.thirdparty.io.grpc.stub.ClientCalls.toStatusRuntimeException(ClientCalls.java:233)
	at org.apache.ratis.thirdparty.io.grpc.stub.ClientCalls.getUnchecked(ClientCalls.java:214)
	at org.apache.ratis.thirdparty.io.grpc.stub.ClientCalls.blockingUnaryCall(ClientCalls.java:139)
	at org.apache.ratis.proto.grpc.RaftServerProtocolServiceGrpc$RaftServerProtocolServiceBlockingStub.requestVote(RaftServerProtocolServiceGrpc.java:265)
	at org.apache.ratis.grpc.server.GrpcServerProtocolClient.requestVote(GrpcServerProtocolClient.java:99)
	at org.apache.ratis.grpc.server.GrpcService.requestVote(GrpcService.java:204)
	at org.apache.ratis.server.impl.LeaderElection.lambda$submitRequests$1(LeaderElection.java:234)
	at java.util.concurrent.FutureTask.run(FutureTask.java:266)
	at java.util.concurrent.Executors$RunnableAdapter.call(Executors.java:511)
	at java.util.concurrent.FutureTask.run(FutureTask.java:266)
	at java.util.concurrent.ThreadPoolExecutor.runWorker(ThreadPoolExecutor.java:1149)
	at java.util.concurrent.ThreadPoolExecutor$Worker.run(ThreadPoolExecutor.java:624)
	... 1 more
Caused by: org.apache.ratis.thirdparty.io.netty.channel.AbstractChannel$AnnotatedConnectException: Connection refused: /192.168.157.233:35716
	at sun.nio.ch.SocketChannelImpl.checkConnect(Native Method)
	at sun.nio.ch.SocketChannelImpl.finishConnect(SocketChannelImpl.java:717)
	at org.apache.ratis.thirdparty.io.netty.channel.socket.nio.NioSocketChannel.doFinishConnect(NioSocketChannel.java:327)
	at org.apache.ratis.thirdparty.io.netty.channel.nio.AbstractNioChannel$AbstractNioUnsafe.finishConnect(AbstractNioChannel.java:340)
	at org.apache.ratis.thirdparty.io.netty.channel.nio.NioEventLoop.processSelectedKey(NioEventLoop.java:632)
	at org.apache.ratis.thirdparty.io.netty.channel.nio.NioEventLoop.processSelectedKeysOptimized(NioEventLoop.java:579)
	at org.apache.ratis.thirdparty.io.netty.channel.nio.NioEventLoop.processSelectedKeys(NioEventLoop.java:496)
	at org.apache.ratis.thirdparty.io.netty.channel.nio.NioEventLoop.run(NioEventLoop.java:458)
	at org.apache.ratis.thirdparty.io.netty.util.concurrent.SingleThreadEventExecutor$5.run(SingleThreadEventExecutor.java:897)
	at org.apache.ratis.thirdparty.io.netty.util.concurrent.FastThreadLocalRunnable.run(FastThreadLocalRunnable.java:30)
	... 1 more
Caused by: java.net.ConnectException: Connection refused
	... 11 more
2019-10-25 11:08:00,698 [f6cfa8a2-85ff-4bb9-a246-101c53d2d47b@group-49E82E920F3F-LeaderElection607] INFO  impl.LeaderElection (LogUtils.java:infoOrTrace(149)) -   Exception 1: {}
java.util.concurrent.ExecutionException: org.apache.ratis.thirdparty.io.grpc.StatusRuntimeException: UNAVAILABLE: io exception
	at java.util.concurrent.FutureTask.report(FutureTask.java:122)
	at java.util.concurrent.FutureTask.get(FutureTask.java:192)
	at org.apache.ratis.server.impl.LeaderElection.waitForResults(LeaderElection.java:259)
	at org.apache.ratis.server.impl.LeaderElection.askForVotes(LeaderElection.java:197)
	at org.apache.ratis.server.impl.LeaderElection.run(LeaderElection.java:133)
	at java.lang.Thread.run(Thread.java:748)
Caused by: org.apache.ratis.thirdparty.io.grpc.StatusRuntimeException: UNAVAILABLE: io exception
	at org.apache.ratis.thirdparty.io.grpc.stub.ClientCalls.toStatusRuntimeException(ClientCalls.java:233)
	at org.apache.ratis.thirdparty.io.grpc.stub.ClientCalls.getUnchecked(ClientCalls.java:214)
	at org.apache.ratis.thirdparty.io.grpc.stub.ClientCalls.blockingUnaryCall(ClientCalls.java:139)
	at org.apache.ratis.proto.grpc.RaftServerProtocolServiceGrpc$RaftServerProtocolServiceBlockingStub.requestVote(RaftServerProtocolServiceGrpc.java:265)
	at org.apache.ratis.grpc.server.GrpcServerProtocolClient.requestVote(GrpcServerProtocolClient.java:99)
	at org.apache.ratis.grpc.server.GrpcService.requestVote(GrpcService.java:204)
	at org.apache.ratis.server.impl.LeaderElection.lambda$submitRequests$1(LeaderElection.java:234)
	at java.util.concurrent.FutureTask.run(FutureTask.java:266)
	at java.util.concurrent.Executors$RunnableAdapter.call(Executors.java:511)
	at java.util.concurrent.FutureTask.run(FutureTask.java:266)
	at java.util.concurrent.ThreadPoolExecutor.runWorker(ThreadPoolExecutor.java:1149)
	at java.util.concurrent.ThreadPoolExecutor$Worker.run(ThreadPoolExecutor.java:624)
	... 1 more
Caused by: org.apache.ratis.thirdparty.io.netty.channel.AbstractChannel$AnnotatedConnectException: Connection refused: /192.168.157.233:42906
	at sun.nio.ch.SocketChannelImpl.checkConnect(Native Method)
	at sun.nio.ch.SocketChannelImpl.finishConnect(SocketChannelImpl.java:717)
	at org.apache.ratis.thirdparty.io.netty.channel.socket.nio.NioSocketChannel.doFinishConnect(NioSocketChannel.java:327)
	at org.apache.ratis.thirdparty.io.netty.channel.nio.AbstractNioChannel$AbstractNioUnsafe.finishConnect(AbstractNioChannel.java:340)
	at org.apache.ratis.thirdparty.io.netty.channel.nio.NioEventLoop.processSelectedKey(NioEventLoop.java:632)
	at org.apache.ratis.thirdparty.io.netty.channel.nio.NioEventLoop.processSelectedKeysOptimized(NioEventLoop.java:579)
	at org.apache.ratis.thirdparty.io.netty.channel.nio.NioEventLoop.processSelectedKeys(NioEventLoop.java:496)
	at org.apache.ratis.thirdparty.io.netty.channel.nio.NioEventLoop.run(NioEventLoop.java:458)
	at org.apache.ratis.thirdparty.io.netty.util.concurrent.SingleThreadEventExecutor$5.run(SingleThreadEventExecutor.java:897)
	at org.apache.ratis.thirdparty.io.netty.util.concurrent.FastThreadLocalRunnable.run(FastThreadLocalRunnable.java:30)
	... 1 more
Caused by: java.net.ConnectException: Connection refused
	... 11 more
2019-10-25 11:08:00,698 [f6cfa8a2-85ff-4bb9-a246-101c53d2d47b@group-49E82E920F3F-LeaderElection607] INFO  impl.RaftServerImpl (RaftServerImpl.java:setRole(184)) - f6cfa8a2-85ff-4bb9-a246-101c53d2d47b@group-49E82E920F3F: changes role from CANDIDATE to FOLLOWER at term 197 for DISCOVERED_A_NEW_TERM
2019-10-25 11:08:00,698 [f6cfa8a2-85ff-4bb9-a246-101c53d2d47b@group-49E82E920F3F-LeaderElection607] INFO  impl.RoleInfo (RoleInfo.java:shutdownLeaderElection(134)) - f6cfa8a2-85ff-4bb9-a246-101c53d2d47b: shutdown LeaderElection
2019-10-25 11:08:00,698 [f6cfa8a2-85ff-4bb9-a246-101c53d2d47b@group-49E82E920F3F-LeaderElection607] INFO  impl.RoleInfo (RoleInfo.java:updateAndGet(143)) - f6cfa8a2-85ff-4bb9-a246-101c53d2d47b: start FollowerState
2019-10-25 11:08:00,724 [Datanode State Machine Thread - 0] INFO  statemachine.DatanodeStateMachine (DatanodeStateMachine.java:lambda$startDaemon$0(350)) - Ozone container server started.
2019-10-25 11:08:00,734 [Thread-5018] INFO  impl.FollowerState (FollowerState.java:run(108)) - f6cfa8a2-85ff-4bb9-a246-101c53d2d47b@group-49E82E920F3F-FollowerState: change to CANDIDATE, lastRpcTime:35ms, electionTimeout:35ms
2019-10-25 11:08:00,734 [Thread-5018] INFO  impl.RoleInfo (RoleInfo.java:shutdownFollowerState(121)) - f6cfa8a2-85ff-4bb9-a246-101c53d2d47b: shutdown FollowerState
2019-10-25 11:08:00,734 [Thread-5018] INFO  impl.RaftServerImpl (RaftServerImpl.java:setRole(184)) - f6cfa8a2-85ff-4bb9-a246-101c53d2d47b@group-49E82E920F3F: changes role from  FOLLOWER to CANDIDATE at term 197 for changeToCandidate
2019-10-25 11:08:00,734 [Thread-5018] INFO  impl.RoleInfo (RoleInfo.java:updateAndGet(143)) - f6cfa8a2-85ff-4bb9-a246-101c53d2d47b: start LeaderElection
2019-10-25 11:08:00,747 [f6cfa8a2-85ff-4bb9-a246-101c53d2d47b@group-49E82E920F3F-LeaderElection608] INFO  impl.LeaderElection (LeaderElection.java:askForVotes(178)) - f6cfa8a2-85ff-4bb9-a246-101c53d2d47b@group-49E82E920F3F-LeaderElection608: begin an election at term 198 for -1: [7fad1e98-7a6b-4998-a30c-ec1ab88068bc:192.168.157.233:35716, bdb27072-dd00-4d3b-a7da-41600e490ca3:192.168.157.233:42906, f6cfa8a2-85ff-4bb9-a246-101c53d2d47b:192.168.157.233:44618], old=null
2019-10-25 11:08:00,748 [f6cfa8a2-85ff-4bb9-a246-101c53d2d47b@group-49E82E920F3F-LeaderElection608] INFO  impl.LeaderElection (LogUtils.java:infoOrTrace(149)) - f6cfa8a2-85ff-4bb9-a246-101c53d2d47b@group-49E82E920F3F-LeaderElection608 got exception when requesting votes: {}
java.util.concurrent.ExecutionException: org.apache.ratis.thirdparty.io.grpc.StatusRuntimeException: UNAVAILABLE: io exception
	at java.util.concurrent.FutureTask.report(FutureTask.java:122)
	at java.util.concurrent.FutureTask.get(FutureTask.java:192)
	at org.apache.ratis.server.impl.LeaderElection.waitForResults(LeaderElection.java:259)
	at org.apache.ratis.server.impl.LeaderElection.askForVotes(LeaderElection.java:197)
	at org.apache.ratis.server.impl.LeaderElection.run(LeaderElection.java:133)
	at java.lang.Thread.run(Thread.java:748)
Caused by: org.apache.ratis.thirdparty.io.grpc.StatusRuntimeException: UNAVAILABLE: io exception
	at org.apache.ratis.thirdparty.io.grpc.stub.ClientCalls.toStatusRuntimeException(ClientCalls.java:233)
	at org.apache.ratis.thirdparty.io.grpc.stub.ClientCalls.getUnchecked(ClientCalls.java:214)
	at org.apache.ratis.thirdparty.io.grpc.stub.ClientCalls.blockingUnaryCall(ClientCalls.java:139)
	at org.apache.ratis.proto.grpc.RaftServerProtocolServiceGrpc$RaftServerProtocolServiceBlockingStub.requestVote(RaftServerProtocolServiceGrpc.java:265)
	at org.apache.ratis.grpc.server.GrpcServerProtocolClient.requestVote(GrpcServerProtocolClient.java:99)
	at org.apache.ratis.grpc.server.GrpcService.requestVote(GrpcService.java:204)
	at org.apache.ratis.server.impl.LeaderElection.lambda$submitRequests$1(LeaderElection.java:234)
	at java.util.concurrent.FutureTask.run(FutureTask.java:266)
	at java.util.concurrent.Executors$RunnableAdapter.call(Executors.java:511)
	at java.util.concurrent.FutureTask.run(FutureTask.java:266)
	at java.util.concurrent.ThreadPoolExecutor.runWorker(ThreadPoolExecutor.java:1149)
	at java.util.concurrent.ThreadPoolExecutor$Worker.run(ThreadPoolExecutor.java:624)
	... 1 more
Caused by: org.apache.ratis.thirdparty.io.netty.channel.AbstractChannel$AnnotatedConnectException: Connection refused: /192.168.157.233:35716
	at sun.nio.ch.SocketChannelImpl.checkConnect(Native Method)
	at sun.nio.ch.SocketChannelImpl.finishConnect(SocketChannelImpl.java:717)
	at org.apache.ratis.thirdparty.io.netty.channel.socket.nio.NioSocketChannel.doFinishConnect(NioSocketChannel.java:327)
	at org.apache.ratis.thirdparty.io.netty.channel.nio.AbstractNioChannel$AbstractNioUnsafe.finishConnect(AbstractNioChannel.java:340)
	at org.apache.ratis.thirdparty.io.netty.channel.nio.NioEventLoop.processSelectedKey(NioEventLoop.java:632)
	at org.apache.ratis.thirdparty.io.netty.channel.nio.NioEventLoop.processSelectedKeysOptimized(NioEventLoop.java:579)
	at org.apache.ratis.thirdparty.io.netty.channel.nio.NioEventLoop.processSelectedKeys(NioEventLoop.java:496)
	at org.apache.ratis.thirdparty.io.netty.channel.nio.NioEventLoop.run(NioEventLoop.java:458)
	at org.apache.ratis.thirdparty.io.netty.util.concurrent.SingleThreadEventExecutor$5.run(SingleThreadEventExecutor.java:897)
	at org.apache.ratis.thirdparty.io.netty.util.concurrent.FastThreadLocalRunnable.run(FastThreadLocalRunnable.java:30)
	... 1 more
Caused by: java.net.ConnectException: Connection refused
	... 11 more
2019-10-25 11:08:00,748 [f6cfa8a2-85ff-4bb9-a246-101c53d2d47b@group-49E82E920F3F-LeaderElection608] INFO  impl.LeaderElection (LogUtils.java:infoOrTrace(149)) - f6cfa8a2-85ff-4bb9-a246-101c53d2d47b@group-49E82E920F3F-LeaderElection608 got exception when requesting votes: {}
java.util.concurrent.ExecutionException: org.apache.ratis.thirdparty.io.grpc.StatusRuntimeException: UNAVAILABLE: io exception
	at java.util.concurrent.FutureTask.report(FutureTask.java:122)
	at java.util.concurrent.FutureTask.get(FutureTask.java:192)
	at org.apache.ratis.server.impl.LeaderElection.waitForResults(LeaderElection.java:259)
	at org.apache.ratis.server.impl.LeaderElection.askForVotes(LeaderElection.java:197)
	at org.apache.ratis.server.impl.LeaderElection.run(LeaderElection.java:133)
	at java.lang.Thread.run(Thread.java:748)
Caused by: org.apache.ratis.thirdparty.io.grpc.StatusRuntimeException: UNAVAILABLE: io exception
	at org.apache.ratis.thirdparty.io.grpc.stub.ClientCalls.toStatusRuntimeException(ClientCalls.java:233)
	at org.apache.ratis.thirdparty.io.grpc.stub.ClientCalls.getUnchecked(ClientCalls.java:214)
	at org.apache.ratis.thirdparty.io.grpc.stub.ClientCalls.blockingUnaryCall(ClientCalls.java:139)
	at org.apache.ratis.proto.grpc.RaftServerProtocolServiceGrpc$RaftServerProtocolServiceBlockingStub.requestVote(RaftServerProtocolServiceGrpc.java:265)
	at org.apache.ratis.grpc.server.GrpcServerProtocolClient.requestVote(GrpcServerProtocolClient.java:99)
	at org.apache.ratis.grpc.server.GrpcService.requestVote(GrpcService.java:204)
	at org.apache.ratis.server.impl.LeaderElection.lambda$submitRequests$1(LeaderElection.java:234)
	at java.util.concurrent.FutureTask.run(FutureTask.java:266)
	at java.util.concurrent.Executors$RunnableAdapter.call(Executors.java:511)
	at java.util.concurrent.FutureTask.run(FutureTask.java:266)
	at java.util.concurrent.ThreadPoolExecutor.runWorker(ThreadPoolExecutor.java:1149)
	at java.util.concurrent.ThreadPoolExecutor$Worker.run(ThreadPoolExecutor.java:624)
	... 1 more
Caused by: org.apache.ratis.thirdparty.io.netty.channel.AbstractChannel$AnnotatedConnectException: Connection refused: /192.168.157.233:42906
	at sun.nio.ch.SocketChannelImpl.checkConnect(Native Method)
	at sun.nio.ch.SocketChannelImpl.finishConnect(SocketChannelImpl.java:717)
	at org.apache.ratis.thirdparty.io.netty.channel.socket.nio.NioSocketChannel.doFinishConnect(NioSocketChannel.java:327)
	at org.apache.ratis.thirdparty.io.netty.channel.nio.AbstractNioChannel$AbstractNioUnsafe.finishConnect(AbstractNioChannel.java:340)
	at org.apache.ratis.thirdparty.io.netty.channel.nio.NioEventLoop.processSelectedKey(NioEventLoop.java:632)
	at org.apache.ratis.thirdparty.io.netty.channel.nio.NioEventLoop.processSelectedKeysOptimized(NioEventLoop.java:579)
	at org.apache.ratis.thirdparty.io.netty.channel.nio.NioEventLoop.processSelectedKeys(NioEventLoop.java:496)
	at org.apache.ratis.thirdparty.io.netty.channel.nio.NioEventLoop.run(NioEventLoop.java:458)
	at org.apache.ratis.thirdparty.io.netty.util.concurrent.SingleThreadEventExecutor$5.run(SingleThreadEventExecutor.java:897)
	at org.apache.ratis.thirdparty.io.netty.util.concurrent.FastThreadLocalRunnable.run(FastThreadLocalRunnable.java:30)
	... 1 more
Caused by: java.net.ConnectException: Connection refused
	... 11 more
2019-10-25 11:08:00,748 [f6cfa8a2-85ff-4bb9-a246-101c53d2d47b@group-49E82E920F3F-LeaderElection608] INFO  impl.LeaderElection (LeaderElection.java:logAndReturn(56)) - f6cfa8a2-85ff-4bb9-a246-101c53d2d47b@group-49E82E920F3F-LeaderElection608: Election REJECTED; received 0 response(s) [] and 2 exception(s); f6cfa8a2-85ff-4bb9-a246-101c53d2d47b@group-49E82E920F3F:t198, leader=null, voted=f6cfa8a2-85ff-4bb9-a246-101c53d2d47b, raftlog=f6cfa8a2-85ff-4bb9-a246-101c53d2d47b@group-49E82E920F3F-SegmentedRaftLog:OPENED:c-1,f-1,i0, conf=-1: [7fad1e98-7a6b-4998-a30c-ec1ab88068bc:192.168.157.233:35716, bdb27072-dd00-4d3b-a7da-41600e490ca3:192.168.157.233:42906, f6cfa8a2-85ff-4bb9-a246-101c53d2d47b:192.168.157.233:44618], old=null
2019-10-25 11:08:00,749 [f6cfa8a2-85ff-4bb9-a246-101c53d2d47b@group-49E82E920F3F-LeaderElection608] INFO  impl.LeaderElection (LogUtils.java:infoOrTrace(149)) -   Exception 0: {}
java.util.concurrent.ExecutionException: org.apache.ratis.thirdparty.io.grpc.StatusRuntimeException: UNAVAILABLE: io exception
	at java.util.concurrent.FutureTask.report(FutureTask.java:122)
	at java.util.concurrent.FutureTask.get(FutureTask.java:192)
	at org.apache.ratis.server.impl.LeaderElection.waitForResults(LeaderElection.java:259)
	at org.apache.ratis.server.impl.LeaderElection.askForVotes(LeaderElection.java:197)
	at org.apache.ratis.server.impl.LeaderElection.run(LeaderElection.java:133)
	at java.lang.Thread.run(Thread.java:748)
Caused by: org.apache.ratis.thirdparty.io.grpc.StatusRuntimeException: UNAVAILABLE: io exception
	at org.apache.ratis.thirdparty.io.grpc.stub.ClientCalls.toStatusRuntimeException(ClientCalls.java:233)
	at org.apache.ratis.thirdparty.io.grpc.stub.ClientCalls.getUnchecked(ClientCalls.java:214)
	at org.apache.ratis.thirdparty.io.grpc.stub.ClientCalls.blockingUnaryCall(ClientCalls.java:139)
	at org.apache.ratis.proto.grpc.RaftServerProtocolServiceGrpc$RaftServerProtocolServiceBlockingStub.requestVote(RaftServerProtocolServiceGrpc.java:265)
	at org.apache.ratis.grpc.server.GrpcServerProtocolClient.requestVote(GrpcServerProtocolClient.java:99)
	at org.apache.ratis.grpc.server.GrpcService.requestVote(GrpcService.java:204)
	at org.apache.ratis.server.impl.LeaderElection.lambda$submitRequests$1(LeaderElection.java:234)
	at java.util.concurrent.FutureTask.run(FutureTask.java:266)
	at java.util.concurrent.Executors$RunnableAdapter.call(Executors.java:511)
	at java.util.concurrent.FutureTask.run(FutureTask.java:266)
	at java.util.concurrent.ThreadPoolExecutor.runWorker(ThreadPoolExecutor.java:1149)
	at java.util.concurrent.ThreadPoolExecutor$Worker.run(ThreadPoolExecutor.java:624)
	... 1 more
Caused by: org.apache.ratis.thirdparty.io.netty.channel.AbstractChannel$AnnotatedConnectException: Connection refused: /192.168.157.233:35716
	at sun.nio.ch.SocketChannelImpl.checkConnect(Native Method)
	at sun.nio.ch.SocketChannelImpl.finishConnect(SocketChannelImpl.java:717)
	at org.apache.ratis.thirdparty.io.netty.channel.socket.nio.NioSocketChannel.doFinishConnect(NioSocketChannel.java:327)
	at org.apache.ratis.thirdparty.io.netty.channel.nio.AbstractNioChannel$AbstractNioUnsafe.finishConnect(AbstractNioChannel.java:340)
	at org.apache.ratis.thirdparty.io.netty.channel.nio.NioEventLoop.processSelectedKey(NioEventLoop.java:632)
	at org.apache.ratis.thirdparty.io.netty.channel.nio.NioEventLoop.processSelectedKeysOptimized(NioEventLoop.java:579)
	at org.apache.ratis.thirdparty.io.netty.channel.nio.NioEventLoop.processSelectedKeys(NioEventLoop.java:496)
	at org.apache.ratis.thirdparty.io.netty.channel.nio.NioEventLoop.run(NioEventLoop.java:458)
	at org.apache.ratis.thirdparty.io.netty.util.concurrent.SingleThreadEventExecutor$5.run(SingleThreadEventExecutor.java:897)
	at org.apache.ratis.thirdparty.io.netty.util.concurrent.FastThreadLocalRunnable.run(FastThreadLocalRunnable.java:30)
	... 1 more
Caused by: java.net.ConnectException: Connection refused
	... 11 more
2019-10-25 11:08:00,749 [f6cfa8a2-85ff-4bb9-a246-101c53d2d47b@group-49E82E920F3F-LeaderElection608] INFO  impl.LeaderElection (LogUtils.java:infoOrTrace(149)) -   Exception 1: {}
java.util.concurrent.ExecutionException: org.apache.ratis.thirdparty.io.grpc.StatusRuntimeException: UNAVAILABLE: io exception
	at java.util.concurrent.FutureTask.report(FutureTask.java:122)
	at java.util.concurrent.FutureTask.get(FutureTask.java:192)
	at org.apache.ratis.server.impl.LeaderElection.waitForResults(LeaderElection.java:259)
	at org.apache.ratis.server.impl.LeaderElection.askForVotes(LeaderElection.java:197)
	at org.apache.ratis.server.impl.LeaderElection.run(LeaderElection.java:133)
	at java.lang.Thread.run(Thread.java:748)
Caused by: org.apache.ratis.thirdparty.io.grpc.StatusRuntimeException: UNAVAILABLE: io exception
	at org.apache.ratis.thirdparty.io.grpc.stub.ClientCalls.toStatusRuntimeException(ClientCalls.java:233)
	at org.apache.ratis.thirdparty.io.grpc.stub.ClientCalls.getUnchecked(ClientCalls.java:214)
	at org.apache.ratis.thirdparty.io.grpc.stub.ClientCalls.blockingUnaryCall(ClientCalls.java:139)
	at org.apache.ratis.proto.grpc.RaftServerProtocolServiceGrpc$RaftServerProtocolServiceBlockingStub.requestVote(RaftServerProtocolServiceGrpc.java:265)
	at org.apache.ratis.grpc.server.GrpcServerProtocolClient.requestVote(GrpcServerProtocolClient.java:99)
	at org.apache.ratis.grpc.server.GrpcService.requestVote(GrpcService.java:204)
	at org.apache.ratis.server.impl.LeaderElection.lambda$submitRequests$1(LeaderElection.java:234)
	at java.util.concurrent.FutureTask.run(FutureTask.java:266)
	at java.util.concurrent.Executors$RunnableAdapter.call(Executors.java:511)
	at java.util.concurrent.FutureTask.run(FutureTask.java:266)
	at java.util.concurrent.ThreadPoolExecutor.runWorker(ThreadPoolExecutor.java:1149)
	at java.util.concurrent.ThreadPoolExecutor$Worker.run(ThreadPoolExecutor.java:624)
	... 1 more
Caused by: org.apache.ratis.thirdparty.io.netty.channel.AbstractChannel$AnnotatedConnectException: Connection refused: /192.168.157.233:42906
	at sun.nio.ch.SocketChannelImpl.checkConnect(Native Method)
	at sun.nio.ch.SocketChannelImpl.finishConnect(SocketChannelImpl.java:717)
	at org.apache.ratis.thirdparty.io.netty.channel.socket.nio.NioSocketChannel.doFinishConnect(NioSocketChannel.java:327)
	at org.apache.ratis.thirdparty.io.netty.channel.nio.AbstractNioChannel$AbstractNioUnsafe.finishConnect(AbstractNioChannel.java:340)
	at org.apache.ratis.thirdparty.io.netty.channel.nio.NioEventLoop.processSelectedKey(NioEventLoop.java:632)
	at org.apache.ratis.thirdparty.io.netty.channel.nio.NioEventLoop.processSelectedKeysOptimized(NioEventLoop.java:579)
	at org.apache.ratis.thirdparty.io.netty.channel.nio.NioEventLoop.processSelectedKeys(NioEventLoop.java:496)
	at org.apache.ratis.thirdparty.io.netty.channel.nio.NioEventLoop.run(NioEventLoop.java:458)
	at org.apache.ratis.thirdparty.io.netty.util.concurrent.SingleThreadEventExecutor$5.run(SingleThreadEventExecutor.java:897)
	at org.apache.ratis.thirdparty.io.netty.util.concurrent.FastThreadLocalRunnable.run(FastThreadLocalRunnable.java:30)
	... 1 more
Caused by: java.net.ConnectException: Connection refused
	... 11 more
2019-10-25 11:08:00,749 [f6cfa8a2-85ff-4bb9-a246-101c53d2d47b@group-49E82E920F3F-LeaderElection608] INFO  impl.RaftServerImpl (RaftServerImpl.java:setRole(184)) - f6cfa8a2-85ff-4bb9-a246-101c53d2d47b@group-49E82E920F3F: changes role from CANDIDATE to FOLLOWER at term 198 for DISCOVERED_A_NEW_TERM
2019-10-25 11:08:00,749 [f6cfa8a2-85ff-4bb9-a246-101c53d2d47b@group-49E82E920F3F-LeaderElection608] INFO  impl.RoleInfo (RoleInfo.java:shutdownLeaderElection(134)) - f6cfa8a2-85ff-4bb9-a246-101c53d2d47b: shutdown LeaderElection
2019-10-25 11:08:00,749 [f6cfa8a2-85ff-4bb9-a246-101c53d2d47b@group-49E82E920F3F-LeaderElection608] INFO  impl.RoleInfo (RoleInfo.java:updateAndGet(143)) - f6cfa8a2-85ff-4bb9-a246-101c53d2d47b: start FollowerState
2019-10-25 11:08:00,802 [Thread-5022] INFO  impl.FollowerState (FollowerState.java:run(108)) - f6cfa8a2-85ff-4bb9-a246-101c53d2d47b@group-49E82E920F3F-FollowerState: change to CANDIDATE, lastRpcTime:52ms, electionTimeout:52ms
2019-10-25 11:08:00,802 [Thread-5022] INFO  impl.RoleInfo (RoleInfo.java:shutdownFollowerState(121)) - f6cfa8a2-85ff-4bb9-a246-101c53d2d47b: shutdown FollowerState
2019-10-25 11:08:00,802 [Thread-5022] INFO  impl.RaftServerImpl (RaftServerImpl.java:setRole(184)) - f6cfa8a2-85ff-4bb9-a246-101c53d2d47b@group-49E82E920F3F: changes role from  FOLLOWER to CANDIDATE at term 198 for changeToCandidate
2019-10-25 11:08:00,802 [Thread-5022] INFO  impl.RoleInfo (RoleInfo.java:updateAndGet(143)) - f6cfa8a2-85ff-4bb9-a246-101c53d2d47b: start LeaderElection
2019-10-25 11:08:00,819 [f6cfa8a2-85ff-4bb9-a246-101c53d2d47b@group-49E82E920F3F-LeaderElection609] INFO  impl.LeaderElection (LeaderElection.java:askForVotes(178)) - f6cfa8a2-85ff-4bb9-a246-101c53d2d47b@group-49E82E920F3F-LeaderElection609: begin an election at term 199 for -1: [7fad1e98-7a6b-4998-a30c-ec1ab88068bc:192.168.157.233:35716, bdb27072-dd00-4d3b-a7da-41600e490ca3:192.168.157.233:42906, f6cfa8a2-85ff-4bb9-a246-101c53d2d47b:192.168.157.233:44618], old=null
2019-10-25 11:08:00,820 [f6cfa8a2-85ff-4bb9-a246-101c53d2d47b@group-49E82E920F3F-LeaderElection609] INFO  impl.LeaderElection (LogUtils.java:infoOrTrace(149)) - f6cfa8a2-85ff-4bb9-a246-101c53d2d47b@group-49E82E920F3F-LeaderElection609 got exception when requesting votes: {}
java.util.concurrent.ExecutionException: org.apache.ratis.thirdparty.io.grpc.StatusRuntimeException: UNAVAILABLE: io exception
	at java.util.concurrent.FutureTask.report(FutureTask.java:122)
	at java.util.concurrent.FutureTask.get(FutureTask.java:192)
	at org.apache.ratis.server.impl.LeaderElection.waitForResults(LeaderElection.java:259)
	at org.apache.ratis.server.impl.LeaderElection.askForVotes(LeaderElection.java:197)
	at org.apache.ratis.server.impl.LeaderElection.run(LeaderElection.java:133)
	at java.lang.Thread.run(Thread.java:748)
Caused by: org.apache.ratis.thirdparty.io.grpc.StatusRuntimeException: UNAVAILABLE: io exception
	at org.apache.ratis.thirdparty.io.grpc.stub.ClientCalls.toStatusRuntimeException(ClientCalls.java:233)
	at org.apache.ratis.thirdparty.io.grpc.stub.ClientCalls.getUnchecked(ClientCalls.java:214)
	at org.apache.ratis.thirdparty.io.grpc.stub.ClientCalls.blockingUnaryCall(ClientCalls.java:139)
	at org.apache.ratis.proto.grpc.RaftServerProtocolServiceGrpc$RaftServerProtocolServiceBlockingStub.requestVote(RaftServerProtocolServiceGrpc.java:265)
	at org.apache.ratis.grpc.server.GrpcServerProtocolClient.requestVote(GrpcServerProtocolClient.java:99)
	at org.apache.ratis.grpc.server.GrpcService.requestVote(GrpcService.java:204)
	at org.apache.ratis.server.impl.LeaderElection.lambda$submitRequests$1(LeaderElection.java:234)
	at java.util.concurrent.FutureTask.run(FutureTask.java:266)
	at java.util.concurrent.Executors$RunnableAdapter.call(Executors.java:511)
	at java.util.concurrent.FutureTask.run(FutureTask.java:266)
	at java.util.concurrent.ThreadPoolExecutor.runWorker(ThreadPoolExecutor.java:1149)
	at java.util.concurrent.ThreadPoolExecutor$Worker.run(ThreadPoolExecutor.java:624)
	... 1 more
Caused by: org.apache.ratis.thirdparty.io.netty.channel.AbstractChannel$AnnotatedConnectException: Connection refused: /192.168.157.233:42906
	at sun.nio.ch.SocketChannelImpl.checkConnect(Native Method)
	at sun.nio.ch.SocketChannelImpl.finishConnect(SocketChannelImpl.java:717)
	at org.apache.ratis.thirdparty.io.netty.channel.socket.nio.NioSocketChannel.doFinishConnect(NioSocketChannel.java:327)
	at org.apache.ratis.thirdparty.io.netty.channel.nio.AbstractNioChannel$AbstractNioUnsafe.finishConnect(AbstractNioChannel.java:340)
	at org.apache.ratis.thirdparty.io.netty.channel.nio.NioEventLoop.processSelectedKey(NioEventLoop.java:632)
	at org.apache.ratis.thirdparty.io.netty.channel.nio.NioEventLoop.processSelectedKeysOptimized(NioEventLoop.java:579)
	at org.apache.ratis.thirdparty.io.netty.channel.nio.NioEventLoop.processSelectedKeys(NioEventLoop.java:496)
	at org.apache.ratis.thirdparty.io.netty.channel.nio.NioEventLoop.run(NioEventLoop.java:458)
	at org.apache.ratis.thirdparty.io.netty.util.concurrent.SingleThreadEventExecutor$5.run(SingleThreadEventExecutor.java:897)
	at org.apache.ratis.thirdparty.io.netty.util.concurrent.FastThreadLocalRunnable.run(FastThreadLocalRunnable.java:30)
	... 1 more
Caused by: java.net.ConnectException: Connection refused
	... 11 more
2019-10-25 11:08:00,820 [f6cfa8a2-85ff-4bb9-a246-101c53d2d47b@group-49E82E920F3F-LeaderElection609] INFO  impl.LeaderElection (LogUtils.java:infoOrTrace(149)) - f6cfa8a2-85ff-4bb9-a246-101c53d2d47b@group-49E82E920F3F-LeaderElection609 got exception when requesting votes: {}
java.util.concurrent.ExecutionException: org.apache.ratis.thirdparty.io.grpc.StatusRuntimeException: UNAVAILABLE: io exception
	at java.util.concurrent.FutureTask.report(FutureTask.java:122)
	at java.util.concurrent.FutureTask.get(FutureTask.java:192)
	at org.apache.ratis.server.impl.LeaderElection.waitForResults(LeaderElection.java:259)
	at org.apache.ratis.server.impl.LeaderElection.askForVotes(LeaderElection.java:197)
	at org.apache.ratis.server.impl.LeaderElection.run(LeaderElection.java:133)
	at java.lang.Thread.run(Thread.java:748)
Caused by: org.apache.ratis.thirdparty.io.grpc.StatusRuntimeException: UNAVAILABLE: io exception
	at org.apache.ratis.thirdparty.io.grpc.stub.ClientCalls.toStatusRuntimeException(ClientCalls.java:233)
	at org.apache.ratis.thirdparty.io.grpc.stub.ClientCalls.getUnchecked(ClientCalls.java:214)
	at org.apache.ratis.thirdparty.io.grpc.stub.ClientCalls.blockingUnaryCall(ClientCalls.java:139)
	at org.apache.ratis.proto.grpc.RaftServerProtocolServiceGrpc$RaftServerProtocolServiceBlockingStub.requestVote(RaftServerProtocolServiceGrpc.java:265)
	at org.apache.ratis.grpc.server.GrpcServerProtocolClient.requestVote(GrpcServerProtocolClient.java:99)
	at org.apache.ratis.grpc.server.GrpcService.requestVote(GrpcService.java:204)
	at org.apache.ratis.server.impl.LeaderElection.lambda$submitRequests$1(LeaderElection.java:234)
	at java.util.concurrent.FutureTask.run(FutureTask.java:266)
	at java.util.concurrent.Executors$RunnableAdapter.call(Executors.java:511)
	at java.util.concurrent.FutureTask.run(FutureTask.java:266)
	at java.util.concurrent.ThreadPoolExecutor.runWorker(ThreadPoolExecutor.java:1149)
	at java.util.concurrent.ThreadPoolExecutor$Worker.run(ThreadPoolExecutor.java:624)
	... 1 more
Caused by: org.apache.ratis.thirdparty.io.netty.channel.AbstractChannel$AnnotatedConnectException: Connection refused: /192.168.157.233:35716
	at sun.nio.ch.SocketChannelImpl.checkConnect(Native Method)
	at sun.nio.ch.SocketChannelImpl.finishConnect(SocketChannelImpl.java:717)
	at org.apache.ratis.thirdparty.io.netty.channel.socket.nio.NioSocketChannel.doFinishConnect(NioSocketChannel.java:327)
	at org.apache.ratis.thirdparty.io.netty.channel.nio.AbstractNioChannel$AbstractNioUnsafe.finishConnect(AbstractNioChannel.java:340)
	at org.apache.ratis.thirdparty.io.netty.channel.nio.NioEventLoop.processSelectedKey(NioEventLoop.java:632)
	at org.apache.ratis.thirdparty.io.netty.channel.nio.NioEventLoop.processSelectedKeysOptimized(NioEventLoop.java:579)
	at org.apache.ratis.thirdparty.io.netty.channel.nio.NioEventLoop.processSelectedKeys(NioEventLoop.java:496)
	at org.apache.ratis.thirdparty.io.netty.channel.nio.NioEventLoop.run(NioEventLoop.java:458)
	at org.apache.ratis.thirdparty.io.netty.util.concurrent.SingleThreadEventExecutor$5.run(SingleThreadEventExecutor.java:897)
	at org.apache.ratis.thirdparty.io.netty.util.concurrent.FastThreadLocalRunnable.run(FastThreadLocalRunnable.java:30)
	... 1 more
Caused by: java.net.ConnectException: Connection refused
	... 11 more
2019-10-25 11:08:00,821 [f6cfa8a2-85ff-4bb9-a246-101c53d2d47b@group-49E82E920F3F-LeaderElection609] INFO  impl.LeaderElection (LeaderElection.java:logAndReturn(56)) - f6cfa8a2-85ff-4bb9-a246-101c53d2d47b@group-49E82E920F3F-LeaderElection609: Election REJECTED; received 0 response(s) [] and 2 exception(s); f6cfa8a2-85ff-4bb9-a246-101c53d2d47b@group-49E82E920F3F:t199, leader=null, voted=f6cfa8a2-85ff-4bb9-a246-101c53d2d47b, raftlog=f6cfa8a2-85ff-4bb9-a246-101c53d2d47b@group-49E82E920F3F-SegmentedRaftLog:OPENED:c-1,f-1,i0, conf=-1: [7fad1e98-7a6b-4998-a30c-ec1ab88068bc:192.168.157.233:35716, bdb27072-dd00-4d3b-a7da-41600e490ca3:192.168.157.233:42906, f6cfa8a2-85ff-4bb9-a246-101c53d2d47b:192.168.157.233:44618], old=null
2019-10-25 11:08:00,821 [f6cfa8a2-85ff-4bb9-a246-101c53d2d47b@group-49E82E920F3F-LeaderElection609] INFO  impl.LeaderElection (LogUtils.java:infoOrTrace(149)) -   Exception 0: {}
java.util.concurrent.ExecutionException: org.apache.ratis.thirdparty.io.grpc.StatusRuntimeException: UNAVAILABLE: io exception
	at java.util.concurrent.FutureTask.report(FutureTask.java:122)
	at java.util.concurrent.FutureTask.get(FutureTask.java:192)
	at org.apache.ratis.server.impl.LeaderElection.waitForResults(LeaderElection.java:259)
	at org.apache.ratis.server.impl.LeaderElection.askForVotes(LeaderElection.java:197)
	at org.apache.ratis.server.impl.LeaderElection.run(LeaderElection.java:133)
	at java.lang.Thread.run(Thread.java:748)
Caused by: org.apache.ratis.thirdparty.io.grpc.StatusRuntimeException: UNAVAILABLE: io exception
	at org.apache.ratis.thirdparty.io.grpc.stub.ClientCalls.toStatusRuntimeException(ClientCalls.java:233)
	at org.apache.ratis.thirdparty.io.grpc.stub.ClientCalls.getUnchecked(ClientCalls.java:214)
	at org.apache.ratis.thirdparty.io.grpc.stub.ClientCalls.blockingUnaryCall(ClientCalls.java:139)
	at org.apache.ratis.proto.grpc.RaftServerProtocolServiceGrpc$RaftServerProtocolServiceBlockingStub.requestVote(RaftServerProtocolServiceGrpc.java:265)
	at org.apache.ratis.grpc.server.GrpcServerProtocolClient.requestVote(GrpcServerProtocolClient.java:99)
	at org.apache.ratis.grpc.server.GrpcService.requestVote(GrpcService.java:204)
	at org.apache.ratis.server.impl.LeaderElection.lambda$submitRequests$1(LeaderElection.java:234)
	at java.util.concurrent.FutureTask.run(FutureTask.java:266)
	at java.util.concurrent.Executors$RunnableAdapter.call(Executors.java:511)
	at java.util.concurrent.FutureTask.run(FutureTask.java:266)
	at java.util.concurrent.ThreadPoolExecutor.runWorker(ThreadPoolExecutor.java:1149)
	at java.util.concurrent.ThreadPoolExecutor$Worker.run(ThreadPoolExecutor.java:624)
	... 1 more
Caused by: org.apache.ratis.thirdparty.io.netty.channel.AbstractChannel$AnnotatedConnectException: Connection refused: /192.168.157.233:42906
	at sun.nio.ch.SocketChannelImpl.checkConnect(Native Method)
	at sun.nio.ch.SocketChannelImpl.finishConnect(SocketChannelImpl.java:717)
	at org.apache.ratis.thirdparty.io.netty.channel.socket.nio.NioSocketChannel.doFinishConnect(NioSocketChannel.java:327)
	at org.apache.ratis.thirdparty.io.netty.channel.nio.AbstractNioChannel$AbstractNioUnsafe.finishConnect(AbstractNioChannel.java:340)
	at org.apache.ratis.thirdparty.io.netty.channel.nio.NioEventLoop.processSelectedKey(NioEventLoop.java:632)
	at org.apache.ratis.thirdparty.io.netty.channel.nio.NioEventLoop.processSelectedKeysOptimized(NioEventLoop.java:579)
	at org.apache.ratis.thirdparty.io.netty.channel.nio.NioEventLoop.processSelectedKeys(NioEventLoop.java:496)
	at org.apache.ratis.thirdparty.io.netty.channel.nio.NioEventLoop.run(NioEventLoop.java:458)
	at org.apache.ratis.thirdparty.io.netty.util.concurrent.SingleThreadEventExecutor$5.run(SingleThreadEventExecutor.java:897)
	at org.apache.ratis.thirdparty.io.netty.util.concurrent.FastThreadLocalRunnable.run(FastThreadLocalRunnable.java:30)
	... 1 more
Caused by: java.net.ConnectException: Connection refused
	... 11 more
2019-10-25 11:08:00,821 [f6cfa8a2-85ff-4bb9-a246-101c53d2d47b@group-49E82E920F3F-LeaderElection609] INFO  impl.LeaderElection (LogUtils.java:infoOrTrace(149)) -   Exception 1: {}
java.util.concurrent.ExecutionException: org.apache.ratis.thirdparty.io.grpc.StatusRuntimeException: UNAVAILABLE: io exception
	at java.util.concurrent.FutureTask.report(FutureTask.java:122)
	at java.util.concurrent.FutureTask.get(FutureTask.java:192)
	at org.apache.ratis.server.impl.LeaderElection.waitForResults(LeaderElection.java:259)
	at org.apache.ratis.server.impl.LeaderElection.askForVotes(LeaderElection.java:197)
	at org.apache.ratis.server.impl.LeaderElection.run(LeaderElection.java:133)
	at java.lang.Thread.run(Thread.java:748)
Caused by: org.apache.ratis.thirdparty.io.grpc.StatusRuntimeException: UNAVAILABLE: io exception
	at org.apache.ratis.thirdparty.io.grpc.stub.ClientCalls.toStatusRuntimeException(ClientCalls.java:233)
	at org.apache.ratis.thirdparty.io.grpc.stub.ClientCalls.getUnchecked(ClientCalls.java:214)
	at org.apache.ratis.thirdparty.io.grpc.stub.ClientCalls.blockingUnaryCall(ClientCalls.java:139)
	at org.apache.ratis.proto.grpc.RaftServerProtocolServiceGrpc$RaftServerProtocolServiceBlockingStub.requestVote(RaftServerProtocolServiceGrpc.java:265)
	at org.apache.ratis.grpc.server.GrpcServerProtocolClient.requestVote(GrpcServerProtocolClient.java:99)
	at org.apache.ratis.grpc.server.GrpcService.requestVote(GrpcService.java:204)
	at org.apache.ratis.server.impl.LeaderElection.lambda$submitRequests$1(LeaderElection.java:234)
	at java.util.concurrent.FutureTask.run(FutureTask.java:266)
	at java.util.concurrent.Executors$RunnableAdapter.call(Executors.java:511)
	at java.util.concurrent.FutureTask.run(FutureTask.java:266)
	at java.util.concurrent.ThreadPoolExecutor.runWorker(ThreadPoolExecutor.java:1149)
	at java.util.concurrent.ThreadPoolExecutor$Worker.run(ThreadPoolExecutor.java:624)
	... 1 more
Caused by: org.apache.ratis.thirdparty.io.netty.channel.AbstractChannel$AnnotatedConnectException: Connection refused: /192.168.157.233:35716
	at sun.nio.ch.SocketChannelImpl.checkConnect(Native Method)
	at sun.nio.ch.SocketChannelImpl.finishConnect(SocketChannelImpl.java:717)
	at org.apache.ratis.thirdparty.io.netty.channel.socket.nio.NioSocketChannel.doFinishConnect(NioSocketChannel.java:327)
	at org.apache.ratis.thirdparty.io.netty.channel.nio.AbstractNioChannel$AbstractNioUnsafe.finishConnect(AbstractNioChannel.java:340)
	at org.apache.ratis.thirdparty.io.netty.channel.nio.NioEventLoop.processSelectedKey(NioEventLoop.java:632)
	at org.apache.ratis.thirdparty.io.netty.channel.nio.NioEventLoop.processSelectedKeysOptimized(NioEventLoop.java:579)
	at org.apache.ratis.thirdparty.io.netty.channel.nio.NioEventLoop.processSelectedKeys(NioEventLoop.java:496)
	at org.apache.ratis.thirdparty.io.netty.channel.nio.NioEventLoop.run(NioEventLoop.java:458)
	at org.apache.ratis.thirdparty.io.netty.util.concurrent.SingleThreadEventExecutor$5.run(SingleThreadEventExecutor.java:897)
	at org.apache.ratis.thirdparty.io.netty.util.concurrent.FastThreadLocalRunnable.run(FastThreadLocalRunnable.java:30)
	... 1 more
Caused by: java.net.ConnectException: Connection refused
	... 11 more
2019-10-25 11:08:00,821 [f6cfa8a2-85ff-4bb9-a246-101c53d2d47b@group-49E82E920F3F-LeaderElection609] INFO  impl.RaftServerImpl (RaftServerImpl.java:setRole(184)) - f6cfa8a2-85ff-4bb9-a246-101c53d2d47b@group-49E82E920F3F: changes role from CANDIDATE to FOLLOWER at term 199 for DISCOVERED_A_NEW_TERM
2019-10-25 11:08:00,821 [f6cfa8a2-85ff-4bb9-a246-101c53d2d47b@group-49E82E920F3F-LeaderElection609] INFO  impl.RoleInfo (RoleInfo.java:shutdownLeaderElection(134)) - f6cfa8a2-85ff-4bb9-a246-101c53d2d47b: shutdown LeaderElection
2019-10-25 11:08:00,822 [f6cfa8a2-85ff-4bb9-a246-101c53d2d47b@group-49E82E920F3F-LeaderElection609] INFO  impl.RoleInfo (RoleInfo.java:updateAndGet(143)) - f6cfa8a2-85ff-4bb9-a246-101c53d2d47b: start FollowerState
2019-10-25 11:08:00,966 [java.util.concurrent.ThreadPoolExecutor$Worker@3e501297[State = -1, empty queue]] WARN  server.GrpcLogAppender (GrpcLogAppender.java:timeoutAppendRequest(209)) - 8a2c850d-503a-4b6a-9325-357a6554e10c@group-B334D6EBB589->e8f52f97-4cbf-4021-bc09-65b78a9dc21b-GrpcLogAppender: appendEntries Timeout, request=8a2c850d-503a-4b6a-9325-357a6554e10c->e8f52f97-4cbf-4021-bc09-65b78a9dc21b#42-t1, previous=(t:1, i:0), leaderCommit=0, initializing? false, entries: <empty>
2019-10-25 11:08:00,999 [Thread-5026] INFO  impl.FollowerState (FollowerState.java:run(108)) - f6cfa8a2-85ff-4bb9-a246-101c53d2d47b@group-49E82E920F3F-FollowerState: change to CANDIDATE, lastRpcTime:177ms, electionTimeout:177ms
2019-10-25 11:08:00,999 [Thread-5026] INFO  impl.RoleInfo (RoleInfo.java:shutdownFollowerState(121)) - f6cfa8a2-85ff-4bb9-a246-101c53d2d47b: shutdown FollowerState
2019-10-25 11:08:00,999 [Thread-5026] INFO  impl.RaftServerImpl (RaftServerImpl.java:setRole(184)) - f6cfa8a2-85ff-4bb9-a246-101c53d2d47b@group-49E82E920F3F: changes role from  FOLLOWER to CANDIDATE at term 199 for changeToCandidate
2019-10-25 11:08:00,999 [Thread-5026] INFO  impl.RoleInfo (RoleInfo.java:updateAndGet(143)) - f6cfa8a2-85ff-4bb9-a246-101c53d2d47b: start LeaderElection
2019-10-25 11:08:01,013 [f6cfa8a2-85ff-4bb9-a246-101c53d2d47b@group-49E82E920F3F-LeaderElection610] INFO  impl.LeaderElection (LeaderElection.java:askForVotes(178)) - f6cfa8a2-85ff-4bb9-a246-101c53d2d47b@group-49E82E920F3F-LeaderElection610: begin an election at term 200 for -1: [7fad1e98-7a6b-4998-a30c-ec1ab88068bc:192.168.157.233:35716, bdb27072-dd00-4d3b-a7da-41600e490ca3:192.168.157.233:42906, f6cfa8a2-85ff-4bb9-a246-101c53d2d47b:192.168.157.233:44618], old=null
2019-10-25 11:08:01,015 [f6cfa8a2-85ff-4bb9-a246-101c53d2d47b@group-49E82E920F3F-LeaderElection610] INFO  impl.LeaderElection (LogUtils.java:infoOrTrace(149)) - f6cfa8a2-85ff-4bb9-a246-101c53d2d47b@group-49E82E920F3F-LeaderElection610 got exception when requesting votes: {}
java.util.concurrent.ExecutionException: org.apache.ratis.thirdparty.io.grpc.StatusRuntimeException: UNAVAILABLE: io exception
	at java.util.concurrent.FutureTask.report(FutureTask.java:122)
	at java.util.concurrent.FutureTask.get(FutureTask.java:192)
	at org.apache.ratis.server.impl.LeaderElection.waitForResults(LeaderElection.java:259)
	at org.apache.ratis.server.impl.LeaderElection.askForVotes(LeaderElection.java:197)
	at org.apache.ratis.server.impl.LeaderElection.run(LeaderElection.java:133)
	at java.lang.Thread.run(Thread.java:748)
Caused by: org.apache.ratis.thirdparty.io.grpc.StatusRuntimeException: UNAVAILABLE: io exception
	at org.apache.ratis.thirdparty.io.grpc.stub.ClientCalls.toStatusRuntimeException(ClientCalls.java:233)
	at org.apache.ratis.thirdparty.io.grpc.stub.ClientCalls.getUnchecked(ClientCalls.java:214)
	at org.apache.ratis.thirdparty.io.grpc.stub.ClientCalls.blockingUnaryCall(ClientCalls.java:139)
	at org.apache.ratis.proto.grpc.RaftServerProtocolServiceGrpc$RaftServerProtocolServiceBlockingStub.requestVote(RaftServerProtocolServiceGrpc.java:265)
	at org.apache.ratis.grpc.server.GrpcServerProtocolClient.requestVote(GrpcServerProtocolClient.java:99)
	at org.apache.ratis.grpc.server.GrpcService.requestVote(GrpcService.java:204)
	at org.apache.ratis.server.impl.LeaderElection.lambda$submitRequests$1(LeaderElection.java:234)
	at java.util.concurrent.FutureTask.run(FutureTask.java:266)
	at java.util.concurrent.Executors$RunnableAdapter.call(Executors.java:511)
	at java.util.concurrent.FutureTask.run(FutureTask.java:266)
	at java.util.concurrent.ThreadPoolExecutor.runWorker(ThreadPoolExecutor.java:1149)
	at java.util.concurrent.ThreadPoolExecutor$Worker.run(ThreadPoolExecutor.java:624)
	... 1 more
Caused by: org.apache.ratis.thirdparty.io.netty.channel.AbstractChannel$AnnotatedConnectException: Connection refused: /192.168.157.233:42906
	at sun.nio.ch.SocketChannelImpl.checkConnect(Native Method)
	at sun.nio.ch.SocketChannelImpl.finishConnect(SocketChannelImpl.java:717)
	at org.apache.ratis.thirdparty.io.netty.channel.socket.nio.NioSocketChannel.doFinishConnect(NioSocketChannel.java:327)
	at org.apache.ratis.thirdparty.io.netty.channel.nio.AbstractNioChannel$AbstractNioUnsafe.finishConnect(AbstractNioChannel.java:340)
	at org.apache.ratis.thirdparty.io.netty.channel.nio.NioEventLoop.processSelectedKey(NioEventLoop.java:632)
	at org.apache.ratis.thirdparty.io.netty.channel.nio.NioEventLoop.processSelectedKeysOptimized(NioEventLoop.java:579)
	at org.apache.ratis.thirdparty.io.netty.channel.nio.NioEventLoop.processSelectedKeys(NioEventLoop.java:496)
	at org.apache.ratis.thirdparty.io.netty.channel.nio.NioEventLoop.run(NioEventLoop.java:458)
	at org.apache.ratis.thirdparty.io.netty.util.concurrent.SingleThreadEventExecutor$5.run(SingleThreadEventExecutor.java:897)
	at org.apache.ratis.thirdparty.io.netty.util.concurrent.FastThreadLocalRunnable.run(FastThreadLocalRunnable.java:30)
	... 1 more
Caused by: java.net.ConnectException: Connection refused
	... 11 more
2019-10-25 11:08:01,015 [f6cfa8a2-85ff-4bb9-a246-101c53d2d47b@group-49E82E920F3F-LeaderElection610] INFO  impl.LeaderElection (LogUtils.java:infoOrTrace(149)) - f6cfa8a2-85ff-4bb9-a246-101c53d2d47b@group-49E82E920F3F-LeaderElection610 got exception when requesting votes: {}
java.util.concurrent.ExecutionException: org.apache.ratis.thirdparty.io.grpc.StatusRuntimeException: UNAVAILABLE: io exception
	at java.util.concurrent.FutureTask.report(FutureTask.java:122)
	at java.util.concurrent.FutureTask.get(FutureTask.java:192)
	at org.apache.ratis.server.impl.LeaderElection.waitForResults(LeaderElection.java:259)
	at org.apache.ratis.server.impl.LeaderElection.askForVotes(LeaderElection.java:197)
	at org.apache.ratis.server.impl.LeaderElection.run(LeaderElection.java:133)
	at java.lang.Thread.run(Thread.java:748)
Caused by: org.apache.ratis.thirdparty.io.grpc.StatusRuntimeException: UNAVAILABLE: io exception
	at org.apache.ratis.thirdparty.io.grpc.stub.ClientCalls.toStatusRuntimeException(ClientCalls.java:233)
	at org.apache.ratis.thirdparty.io.grpc.stub.ClientCalls.getUnchecked(ClientCalls.java:214)
	at org.apache.ratis.thirdparty.io.grpc.stub.ClientCalls.blockingUnaryCall(ClientCalls.java:139)
	at org.apache.ratis.proto.grpc.RaftServerProtocolServiceGrpc$RaftServerProtocolServiceBlockingStub.requestVote(RaftServerProtocolServiceGrpc.java:265)
	at org.apache.ratis.grpc.server.GrpcServerProtocolClient.requestVote(GrpcServerProtocolClient.java:99)
	at org.apache.ratis.grpc.server.GrpcService.requestVote(GrpcService.java:204)
	at org.apache.ratis.server.impl.LeaderElection.lambda$submitRequests$1(LeaderElection.java:234)
	at java.util.concurrent.FutureTask.run(FutureTask.java:266)
	at java.util.concurrent.Executors$RunnableAdapter.call(Executors.java:511)
	at java.util.concurrent.FutureTask.run(FutureTask.java:266)
	at java.util.concurrent.ThreadPoolExecutor.runWorker(ThreadPoolExecutor.java:1149)
	at java.util.concurrent.ThreadPoolExecutor$Worker.run(ThreadPoolExecutor.java:624)
	... 1 more
Caused by: org.apache.ratis.thirdparty.io.netty.channel.AbstractChannel$AnnotatedConnectException: Connection refused: /192.168.157.233:35716
	at sun.nio.ch.SocketChannelImpl.checkConnect(Native Method)
	at sun.nio.ch.SocketChannelImpl.finishConnect(SocketChannelImpl.java:717)
	at org.apache.ratis.thirdparty.io.netty.channel.socket.nio.NioSocketChannel.doFinishConnect(NioSocketChannel.java:327)
	at org.apache.ratis.thirdparty.io.netty.channel.nio.AbstractNioChannel$AbstractNioUnsafe.finishConnect(AbstractNioChannel.java:340)
	at org.apache.ratis.thirdparty.io.netty.channel.nio.NioEventLoop.processSelectedKey(NioEventLoop.java:632)
	at org.apache.ratis.thirdparty.io.netty.channel.nio.NioEventLoop.processSelectedKeysOptimized(NioEventLoop.java:579)
	at org.apache.ratis.thirdparty.io.netty.channel.nio.NioEventLoop.processSelectedKeys(NioEventLoop.java:496)
	at org.apache.ratis.thirdparty.io.netty.channel.nio.NioEventLoop.run(NioEventLoop.java:458)
	at org.apache.ratis.thirdparty.io.netty.util.concurrent.SingleThreadEventExecutor$5.run(SingleThreadEventExecutor.java:897)
	at org.apache.ratis.thirdparty.io.netty.util.concurrent.FastThreadLocalRunnable.run(FastThreadLocalRunnable.java:30)
	... 1 more
Caused by: java.net.ConnectException: Connection refused
	... 11 more
2019-10-25 11:08:01,016 [f6cfa8a2-85ff-4bb9-a246-101c53d2d47b@group-49E82E920F3F-LeaderElection610] INFO  impl.LeaderElection (LeaderElection.java:logAndReturn(56)) - f6cfa8a2-85ff-4bb9-a246-101c53d2d47b@group-49E82E920F3F-LeaderElection610: Election REJECTED; received 0 response(s) [] and 2 exception(s); f6cfa8a2-85ff-4bb9-a246-101c53d2d47b@group-49E82E920F3F:t200, leader=null, voted=f6cfa8a2-85ff-4bb9-a246-101c53d2d47b, raftlog=f6cfa8a2-85ff-4bb9-a246-101c53d2d47b@group-49E82E920F3F-SegmentedRaftLog:OPENED:c-1,f-1,i0, conf=-1: [7fad1e98-7a6b-4998-a30c-ec1ab88068bc:192.168.157.233:35716, bdb27072-dd00-4d3b-a7da-41600e490ca3:192.168.157.233:42906, f6cfa8a2-85ff-4bb9-a246-101c53d2d47b:192.168.157.233:44618], old=null
2019-10-25 11:08:01,016 [f6cfa8a2-85ff-4bb9-a246-101c53d2d47b@group-49E82E920F3F-LeaderElection610] INFO  impl.LeaderElection (LogUtils.java:infoOrTrace(149)) -   Exception 0: {}
java.util.concurrent.ExecutionException: org.apache.ratis.thirdparty.io.grpc.StatusRuntimeException: UNAVAILABLE: io exception
	at java.util.concurrent.FutureTask.report(FutureTask.java:122)
	at java.util.concurrent.FutureTask.get(FutureTask.java:192)
	at org.apache.ratis.server.impl.LeaderElection.waitForResults(LeaderElection.java:259)
	at org.apache.ratis.server.impl.LeaderElection.askForVotes(LeaderElection.java:197)
	at org.apache.ratis.server.impl.LeaderElection.run(LeaderElection.java:133)
	at java.lang.Thread.run(Thread.java:748)
Caused by: org.apache.ratis.thirdparty.io.grpc.StatusRuntimeException: UNAVAILABLE: io exception
	at org.apache.ratis.thirdparty.io.grpc.stub.ClientCalls.toStatusRuntimeException(ClientCalls.java:233)
	at org.apache.ratis.thirdparty.io.grpc.stub.ClientCalls.getUnchecked(ClientCalls.java:214)
	at org.apache.ratis.thirdparty.io.grpc.stub.ClientCalls.blockingUnaryCall(ClientCalls.java:139)
	at org.apache.ratis.proto.grpc.RaftServerProtocolServiceGrpc$RaftServerProtocolServiceBlockingStub.requestVote(RaftServerProtocolServiceGrpc.java:265)
	at org.apache.ratis.grpc.server.GrpcServerProtocolClient.requestVote(GrpcServerProtocolClient.java:99)
	at org.apache.ratis.grpc.server.GrpcService.requestVote(GrpcService.java:204)
	at org.apache.ratis.server.impl.LeaderElection.lambda$submitRequests$1(LeaderElection.java:234)
	at java.util.concurrent.FutureTask.run(FutureTask.java:266)
	at java.util.concurrent.Executors$RunnableAdapter.call(Executors.java:511)
	at java.util.concurrent.FutureTask.run(FutureTask.java:266)
	at java.util.concurrent.ThreadPoolExecutor.runWorker(ThreadPoolExecutor.java:1149)
	at java.util.concurrent.ThreadPoolExecutor$Worker.run(ThreadPoolExecutor.java:624)
	... 1 more
Caused by: org.apache.ratis.thirdparty.io.netty.channel.AbstractChannel$AnnotatedConnectException: Connection refused: /192.168.157.233:42906
	at sun.nio.ch.SocketChannelImpl.checkConnect(Native Method)
	at sun.nio.ch.SocketChannelImpl.finishConnect(SocketChannelImpl.java:717)
	at org.apache.ratis.thirdparty.io.netty.channel.socket.nio.NioSocketChannel.doFinishConnect(NioSocketChannel.java:327)
	at org.apache.ratis.thirdparty.io.netty.channel.nio.AbstractNioChannel$AbstractNioUnsafe.finishConnect(AbstractNioChannel.java:340)
	at org.apache.ratis.thirdparty.io.netty.channel.nio.NioEventLoop.processSelectedKey(NioEventLoop.java:632)
	at org.apache.ratis.thirdparty.io.netty.channel.nio.NioEventLoop.processSelectedKeysOptimized(NioEventLoop.java:579)
	at org.apache.ratis.thirdparty.io.netty.channel.nio.NioEventLoop.processSelectedKeys(NioEventLoop.java:496)
	at org.apache.ratis.thirdparty.io.netty.channel.nio.NioEventLoop.run(NioEventLoop.java:458)
	at org.apache.ratis.thirdparty.io.netty.util.concurrent.SingleThreadEventExecutor$5.run(SingleThreadEventExecutor.java:897)
	at org.apache.ratis.thirdparty.io.netty.util.concurrent.FastThreadLocalRunnable.run(FastThreadLocalRunnable.java:30)
	... 1 more
Caused by: java.net.ConnectException: Connection refused
	... 11 more
2019-10-25 11:08:01,017 [f6cfa8a2-85ff-4bb9-a246-101c53d2d47b@group-49E82E920F3F-LeaderElection610] INFO  impl.LeaderElection (LogUtils.java:infoOrTrace(149)) -   Exception 1: {}
java.util.concurrent.ExecutionException: org.apache.ratis.thirdparty.io.grpc.StatusRuntimeException: UNAVAILABLE: io exception
	at java.util.concurrent.FutureTask.report(FutureTask.java:122)
	at java.util.concurrent.FutureTask.get(FutureTask.java:192)
	at org.apache.ratis.server.impl.LeaderElection.waitForResults(LeaderElection.java:259)
	at org.apache.ratis.server.impl.LeaderElection.askForVotes(LeaderElection.java:197)
	at org.apache.ratis.server.impl.LeaderElection.run(LeaderElection.java:133)
	at java.lang.Thread.run(Thread.java:748)
Caused by: org.apache.ratis.thirdparty.io.grpc.StatusRuntimeException: UNAVAILABLE: io exception
	at org.apache.ratis.thirdparty.io.grpc.stub.ClientCalls.toStatusRuntimeException(ClientCalls.java:233)
	at org.apache.ratis.thirdparty.io.grpc.stub.ClientCalls.getUnchecked(ClientCalls.java:214)
	at org.apache.ratis.thirdparty.io.grpc.stub.ClientCalls.blockingUnaryCall(ClientCalls.java:139)
	at org.apache.ratis.proto.grpc.RaftServerProtocolServiceGrpc$RaftServerProtocolServiceBlockingStub.requestVote(RaftServerProtocolServiceGrpc.java:265)
	at org.apache.ratis.grpc.server.GrpcServerProtocolClient.requestVote(GrpcServerProtocolClient.java:99)
	at org.apache.ratis.grpc.server.GrpcService.requestVote(GrpcService.java:204)
	at org.apache.ratis.server.impl.LeaderElection.lambda$submitRequests$1(LeaderElection.java:234)
	at java.util.concurrent.FutureTask.run(FutureTask.java:266)
	at java.util.concurrent.Executors$RunnableAdapter.call(Executors.java:511)
	at java.util.concurrent.FutureTask.run(FutureTask.java:266)
	at java.util.concurrent.ThreadPoolExecutor.runWorker(ThreadPoolExecutor.java:1149)
	at java.util.concurrent.ThreadPoolExecutor$Worker.run(ThreadPoolExecutor.java:624)
	... 1 more
Caused by: org.apache.ratis.thirdparty.io.netty.channel.AbstractChannel$AnnotatedConnectException: Connection refused: /192.168.157.233:35716
	at sun.nio.ch.SocketChannelImpl.checkConnect(Native Method)
	at sun.nio.ch.SocketChannelImpl.finishConnect(SocketChannelImpl.java:717)
	at org.apache.ratis.thirdparty.io.netty.channel.socket.nio.NioSocketChannel.doFinishConnect(NioSocketChannel.java:327)
	at org.apache.ratis.thirdparty.io.netty.channel.nio.AbstractNioChannel$AbstractNioUnsafe.finishConnect(AbstractNioChannel.java:340)
	at org.apache.ratis.thirdparty.io.netty.channel.nio.NioEventLoop.processSelectedKey(NioEventLoop.java:632)
	at org.apache.ratis.thirdparty.io.netty.channel.nio.NioEventLoop.processSelectedKeysOptimized(NioEventLoop.java:579)
	at org.apache.ratis.thirdparty.io.netty.channel.nio.NioEventLoop.processSelectedKeys(NioEventLoop.java:496)
	at org.apache.ratis.thirdparty.io.netty.channel.nio.NioEventLoop.run(NioEventLoop.java:458)
	at org.apache.ratis.thirdparty.io.netty.util.concurrent.SingleThreadEventExecutor$5.run(SingleThreadEventExecutor.java:897)
	at org.apache.ratis.thirdparty.io.netty.util.concurrent.FastThreadLocalRunnable.run(FastThreadLocalRunnable.java:30)
	... 1 more
Caused by: java.net.ConnectException: Connection refused
	... 11 more
2019-10-25 11:08:01,018 [f6cfa8a2-85ff-4bb9-a246-101c53d2d47b@group-49E82E920F3F-LeaderElection610] INFO  impl.RaftServerImpl (RaftServerImpl.java:setRole(184)) - f6cfa8a2-85ff-4bb9-a246-101c53d2d47b@group-49E82E920F3F: changes role from CANDIDATE to FOLLOWER at term 200 for DISCOVERED_A_NEW_TERM
2019-10-25 11:08:01,018 [f6cfa8a2-85ff-4bb9-a246-101c53d2d47b@group-49E82E920F3F-LeaderElection610] INFO  impl.RoleInfo (RoleInfo.java:shutdownLeaderElection(134)) - f6cfa8a2-85ff-4bb9-a246-101c53d2d47b: shutdown LeaderElection
2019-10-25 11:08:01,018 [f6cfa8a2-85ff-4bb9-a246-101c53d2d47b@group-49E82E920F3F-LeaderElection610] INFO  impl.RoleInfo (RoleInfo.java:updateAndGet(143)) - f6cfa8a2-85ff-4bb9-a246-101c53d2d47b: start FollowerState
2019-10-25 11:08:01,123 [Thread-5030] INFO  impl.FollowerState (FollowerState.java:run(108)) - f6cfa8a2-85ff-4bb9-a246-101c53d2d47b@group-49E82E920F3F-FollowerState: change to CANDIDATE, lastRpcTime:105ms, electionTimeout:105ms
2019-10-25 11:08:01,124 [Thread-5030] INFO  impl.RoleInfo (RoleInfo.java:shutdownFollowerState(121)) - f6cfa8a2-85ff-4bb9-a246-101c53d2d47b: shutdown FollowerState
2019-10-25 11:08:01,124 [Thread-5030] INFO  impl.RaftServerImpl (RaftServerImpl.java:setRole(184)) - f6cfa8a2-85ff-4bb9-a246-101c53d2d47b@group-49E82E920F3F: changes role from  FOLLOWER to CANDIDATE at term 200 for changeToCandidate
2019-10-25 11:08:01,124 [Thread-5030] INFO  impl.RoleInfo (RoleInfo.java:updateAndGet(143)) - f6cfa8a2-85ff-4bb9-a246-101c53d2d47b: start LeaderElection
2019-10-25 11:08:01,140 [f6cfa8a2-85ff-4bb9-a246-101c53d2d47b@group-49E82E920F3F-LeaderElection611] INFO  impl.LeaderElection (LeaderElection.java:askForVotes(178)) - f6cfa8a2-85ff-4bb9-a246-101c53d2d47b@group-49E82E920F3F-LeaderElection611: begin an election at term 201 for -1: [7fad1e98-7a6b-4998-a30c-ec1ab88068bc:192.168.157.233:35716, bdb27072-dd00-4d3b-a7da-41600e490ca3:192.168.157.233:42906, f6cfa8a2-85ff-4bb9-a246-101c53d2d47b:192.168.157.233:44618], old=null
2019-10-25 11:08:01,141 [f6cfa8a2-85ff-4bb9-a246-101c53d2d47b@group-49E82E920F3F-LeaderElection611] INFO  impl.LeaderElection (LogUtils.java:infoOrTrace(149)) - f6cfa8a2-85ff-4bb9-a246-101c53d2d47b@group-49E82E920F3F-LeaderElection611 got exception when requesting votes: {}
java.util.concurrent.ExecutionException: org.apache.ratis.thirdparty.io.grpc.StatusRuntimeException: UNAVAILABLE: io exception
	at java.util.concurrent.FutureTask.report(FutureTask.java:122)
	at java.util.concurrent.FutureTask.get(FutureTask.java:192)
	at org.apache.ratis.server.impl.LeaderElection.waitForResults(LeaderElection.java:259)
	at org.apache.ratis.server.impl.LeaderElection.askForVotes(LeaderElection.java:197)
	at org.apache.ratis.server.impl.LeaderElection.run(LeaderElection.java:133)
	at java.lang.Thread.run(Thread.java:748)
Caused by: org.apache.ratis.thirdparty.io.grpc.StatusRuntimeException: UNAVAILABLE: io exception
	at org.apache.ratis.thirdparty.io.grpc.stub.ClientCalls.toStatusRuntimeException(ClientCalls.java:233)
	at org.apache.ratis.thirdparty.io.grpc.stub.ClientCalls.getUnchecked(ClientCalls.java:214)
	at org.apache.ratis.thirdparty.io.grpc.stub.ClientCalls.blockingUnaryCall(ClientCalls.java:139)
	at org.apache.ratis.proto.grpc.RaftServerProtocolServiceGrpc$RaftServerProtocolServiceBlockingStub.requestVote(RaftServerProtocolServiceGrpc.java:265)
	at org.apache.ratis.grpc.server.GrpcServerProtocolClient.requestVote(GrpcServerProtocolClient.java:99)
	at org.apache.ratis.grpc.server.GrpcService.requestVote(GrpcService.java:204)
	at org.apache.ratis.server.impl.LeaderElection.lambda$submitRequests$1(LeaderElection.java:234)
	at java.util.concurrent.FutureTask.run(FutureTask.java:266)
	at java.util.concurrent.Executors$RunnableAdapter.call(Executors.java:511)
	at java.util.concurrent.FutureTask.run(FutureTask.java:266)
	at java.util.concurrent.ThreadPoolExecutor.runWorker(ThreadPoolExecutor.java:1149)
	at java.util.concurrent.ThreadPoolExecutor$Worker.run(ThreadPoolExecutor.java:624)
	... 1 more
Caused by: org.apache.ratis.thirdparty.io.netty.channel.AbstractChannel$AnnotatedConnectException: Connection refused: /192.168.157.233:35716
	at sun.nio.ch.SocketChannelImpl.checkConnect(Native Method)
	at sun.nio.ch.SocketChannelImpl.finishConnect(SocketChannelImpl.java:717)
	at org.apache.ratis.thirdparty.io.netty.channel.socket.nio.NioSocketChannel.doFinishConnect(NioSocketChannel.java:327)
	at org.apache.ratis.thirdparty.io.netty.channel.nio.AbstractNioChannel$AbstractNioUnsafe.finishConnect(AbstractNioChannel.java:340)
	at org.apache.ratis.thirdparty.io.netty.channel.nio.NioEventLoop.processSelectedKey(NioEventLoop.java:632)
	at org.apache.ratis.thirdparty.io.netty.channel.nio.NioEventLoop.processSelectedKeysOptimized(NioEventLoop.java:579)
	at org.apache.ratis.thirdparty.io.netty.channel.nio.NioEventLoop.processSelectedKeys(NioEventLoop.java:496)
	at org.apache.ratis.thirdparty.io.netty.channel.nio.NioEventLoop.run(NioEventLoop.java:458)
	at org.apache.ratis.thirdparty.io.netty.util.concurrent.SingleThreadEventExecutor$5.run(SingleThreadEventExecutor.java:897)
	at org.apache.ratis.thirdparty.io.netty.util.concurrent.FastThreadLocalRunnable.run(FastThreadLocalRunnable.java:30)
	... 1 more
Caused by: java.net.ConnectException: Connection refused
	... 11 more
2019-10-25 11:08:01,141 [f6cfa8a2-85ff-4bb9-a246-101c53d2d47b@group-49E82E920F3F-LeaderElection611] INFO  impl.LeaderElection (LogUtils.java:infoOrTrace(149)) - f6cfa8a2-85ff-4bb9-a246-101c53d2d47b@group-49E82E920F3F-LeaderElection611 got exception when requesting votes: {}
java.util.concurrent.ExecutionException: org.apache.ratis.thirdparty.io.grpc.StatusRuntimeException: UNAVAILABLE: io exception
	at java.util.concurrent.FutureTask.report(FutureTask.java:122)
	at java.util.concurrent.FutureTask.get(FutureTask.java:192)
	at org.apache.ratis.server.impl.LeaderElection.waitForResults(LeaderElection.java:259)
	at org.apache.ratis.server.impl.LeaderElection.askForVotes(LeaderElection.java:197)
	at org.apache.ratis.server.impl.LeaderElection.run(LeaderElection.java:133)
	at java.lang.Thread.run(Thread.java:748)
Caused by: org.apache.ratis.thirdparty.io.grpc.StatusRuntimeException: UNAVAILABLE: io exception
	at org.apache.ratis.thirdparty.io.grpc.stub.ClientCalls.toStatusRuntimeException(ClientCalls.java:233)
	at org.apache.ratis.thirdparty.io.grpc.stub.ClientCalls.getUnchecked(ClientCalls.java:214)
	at org.apache.ratis.thirdparty.io.grpc.stub.ClientCalls.blockingUnaryCall(ClientCalls.java:139)
	at org.apache.ratis.proto.grpc.RaftServerProtocolServiceGrpc$RaftServerProtocolServiceBlockingStub.requestVote(RaftServerProtocolServiceGrpc.java:265)
	at org.apache.ratis.grpc.server.GrpcServerProtocolClient.requestVote(GrpcServerProtocolClient.java:99)
	at org.apache.ratis.grpc.server.GrpcService.requestVote(GrpcService.java:204)
	at org.apache.ratis.server.impl.LeaderElection.lambda$submitRequests$1(LeaderElection.java:234)
	at java.util.concurrent.FutureTask.run(FutureTask.java:266)
	at java.util.concurrent.Executors$RunnableAdapter.call(Executors.java:511)
	at java.util.concurrent.FutureTask.run(FutureTask.java:266)
	at java.util.concurrent.ThreadPoolExecutor.runWorker(ThreadPoolExecutor.java:1149)
	at java.util.concurrent.ThreadPoolExecutor$Worker.run(ThreadPoolExecutor.java:624)
	... 1 more
Caused by: org.apache.ratis.thirdparty.io.netty.channel.AbstractChannel$AnnotatedConnectException: Connection refused: /192.168.157.233:42906
	at sun.nio.ch.SocketChannelImpl.checkConnect(Native Method)
	at sun.nio.ch.SocketChannelImpl.finishConnect(SocketChannelImpl.java:717)
	at org.apache.ratis.thirdparty.io.netty.channel.socket.nio.NioSocketChannel.doFinishConnect(NioSocketChannel.java:327)
	at org.apache.ratis.thirdparty.io.netty.channel.nio.AbstractNioChannel$AbstractNioUnsafe.finishConnect(AbstractNioChannel.java:340)
	at org.apache.ratis.thirdparty.io.netty.channel.nio.NioEventLoop.processSelectedKey(NioEventLoop.java:632)
	at org.apache.ratis.thirdparty.io.netty.channel.nio.NioEventLoop.processSelectedKeysOptimized(NioEventLoop.java:579)
	at org.apache.ratis.thirdparty.io.netty.channel.nio.NioEventLoop.processSelectedKeys(NioEventLoop.java:496)
	at org.apache.ratis.thirdparty.io.netty.channel.nio.NioEventLoop.run(NioEventLoop.java:458)
	at org.apache.ratis.thirdparty.io.netty.util.concurrent.SingleThreadEventExecutor$5.run(SingleThreadEventExecutor.java:897)
	at org.apache.ratis.thirdparty.io.netty.util.concurrent.FastThreadLocalRunnable.run(FastThreadLocalRunnable.java:30)
	... 1 more
Caused by: java.net.ConnectException: Connection refused
	... 11 more
2019-10-25 11:08:01,142 [f6cfa8a2-85ff-4bb9-a246-101c53d2d47b@group-49E82E920F3F-LeaderElection611] INFO  impl.LeaderElection (LeaderElection.java:logAndReturn(56)) - f6cfa8a2-85ff-4bb9-a246-101c53d2d47b@group-49E82E920F3F-LeaderElection611: Election REJECTED; received 0 response(s) [] and 2 exception(s); f6cfa8a2-85ff-4bb9-a246-101c53d2d47b@group-49E82E920F3F:t201, leader=null, voted=f6cfa8a2-85ff-4bb9-a246-101c53d2d47b, raftlog=f6cfa8a2-85ff-4bb9-a246-101c53d2d47b@group-49E82E920F3F-SegmentedRaftLog:OPENED:c-1,f-1,i0, conf=-1: [7fad1e98-7a6b-4998-a30c-ec1ab88068bc:192.168.157.233:35716, bdb27072-dd00-4d3b-a7da-41600e490ca3:192.168.157.233:42906, f6cfa8a2-85ff-4bb9-a246-101c53d2d47b:192.168.157.233:44618], old=null
2019-10-25 11:08:01,142 [f6cfa8a2-85ff-4bb9-a246-101c53d2d47b@group-49E82E920F3F-LeaderElection611] INFO  impl.LeaderElection (LogUtils.java:infoOrTrace(149)) -   Exception 0: {}
java.util.concurrent.ExecutionException: org.apache.ratis.thirdparty.io.grpc.StatusRuntimeException: UNAVAILABLE: io exception
	at java.util.concurrent.FutureTask.report(FutureTask.java:122)
	at java.util.concurrent.FutureTask.get(FutureTask.java:192)
	at org.apache.ratis.server.impl.LeaderElection.waitForResults(LeaderElection.java:259)
	at org.apache.ratis.server.impl.LeaderElection.askForVotes(LeaderElection.java:197)
	at org.apache.ratis.server.impl.LeaderElection.run(LeaderElection.java:133)
	at java.lang.Thread.run(Thread.java:748)
Caused by: org.apache.ratis.thirdparty.io.grpc.StatusRuntimeException: UNAVAILABLE: io exception
	at org.apache.ratis.thirdparty.io.grpc.stub.ClientCalls.toStatusRuntimeException(ClientCalls.java:233)
	at org.apache.ratis.thirdparty.io.grpc.stub.ClientCalls.getUnchecked(ClientCalls.java:214)
	at org.apache.ratis.thirdparty.io.grpc.stub.ClientCalls.blockingUnaryCall(ClientCalls.java:139)
	at org.apache.ratis.proto.grpc.RaftServerProtocolServiceGrpc$RaftServerProtocolServiceBlockingStub.requestVote(RaftServerProtocolServiceGrpc.java:265)
	at org.apache.ratis.grpc.server.GrpcServerProtocolClient.requestVote(GrpcServerProtocolClient.java:99)
	at org.apache.ratis.grpc.server.GrpcService.requestVote(GrpcService.java:204)
	at org.apache.ratis.server.impl.LeaderElection.lambda$submitRequests$1(LeaderElection.java:234)
	at java.util.concurrent.FutureTask.run(FutureTask.java:266)
	at java.util.concurrent.Executors$RunnableAdapter.call(Executors.java:511)
	at java.util.concurrent.FutureTask.run(FutureTask.java:266)
	at java.util.concurrent.ThreadPoolExecutor.runWorker(ThreadPoolExecutor.java:1149)
	at java.util.concurrent.ThreadPoolExecutor$Worker.run(ThreadPoolExecutor.java:624)
	... 1 more
Caused by: org.apache.ratis.thirdparty.io.netty.channel.AbstractChannel$AnnotatedConnectException: Connection refused: /192.168.157.233:35716
	at sun.nio.ch.SocketChannelImpl.checkConnect(Native Method)
	at sun.nio.ch.SocketChannelImpl.finishConnect(SocketChannelImpl.java:717)
	at org.apache.ratis.thirdparty.io.netty.channel.socket.nio.NioSocketChannel.doFinishConnect(NioSocketChannel.java:327)
	at org.apache.ratis.thirdparty.io.netty.channel.nio.AbstractNioChannel$AbstractNioUnsafe.finishConnect(AbstractNioChannel.java:340)
	at org.apache.ratis.thirdparty.io.netty.channel.nio.NioEventLoop.processSelectedKey(NioEventLoop.java:632)
	at org.apache.ratis.thirdparty.io.netty.channel.nio.NioEventLoop.processSelectedKeysOptimized(NioEventLoop.java:579)
	at org.apache.ratis.thirdparty.io.netty.channel.nio.NioEventLoop.processSelectedKeys(NioEventLoop.java:496)
	at org.apache.ratis.thirdparty.io.netty.channel.nio.NioEventLoop.run(NioEventLoop.java:458)
	at org.apache.ratis.thirdparty.io.netty.util.concurrent.SingleThreadEventExecutor$5.run(SingleThreadEventExecutor.java:897)
	at org.apache.ratis.thirdparty.io.netty.util.concurrent.FastThreadLocalRunnable.run(FastThreadLocalRunnable.java:30)
	... 1 more
Caused by: java.net.ConnectException: Connection refused
	... 11 more
2019-10-25 11:08:01,142 [f6cfa8a2-85ff-4bb9-a246-101c53d2d47b@group-49E82E920F3F-LeaderElection611] INFO  impl.LeaderElection (LogUtils.java:infoOrTrace(149)) -   Exception 1: {}
java.util.concurrent.ExecutionException: org.apache.ratis.thirdparty.io.grpc.StatusRuntimeException: UNAVAILABLE: io exception
	at java.util.concurrent.FutureTask.report(FutureTask.java:122)
	at java.util.concurrent.FutureTask.get(FutureTask.java:192)
	at org.apache.ratis.server.impl.LeaderElection.waitForResults(LeaderElection.java:259)
	at org.apache.ratis.server.impl.LeaderElection.askForVotes(LeaderElection.java:197)
	at org.apache.ratis.server.impl.LeaderElection.run(LeaderElection.java:133)
	at java.lang.Thread.run(Thread.java:748)
Caused by: org.apache.ratis.thirdparty.io.grpc.StatusRuntimeException: UNAVAILABLE: io exception
	at org.apache.ratis.thirdparty.io.grpc.stub.ClientCalls.toStatusRuntimeException(ClientCalls.java:233)
	at org.apache.ratis.thirdparty.io.grpc.stub.ClientCalls.getUnchecked(ClientCalls.java:214)
	at org.apache.ratis.thirdparty.io.grpc.stub.ClientCalls.blockingUnaryCall(ClientCalls.java:139)
	at org.apache.ratis.proto.grpc.RaftServerProtocolServiceGrpc$RaftServerProtocolServiceBlockingStub.requestVote(RaftServerProtocolServiceGrpc.java:265)
	at org.apache.ratis.grpc.server.GrpcServerProtocolClient.requestVote(GrpcServerProtocolClient.java:99)
	at org.apache.ratis.grpc.server.GrpcService.requestVote(GrpcService.java:204)
	at org.apache.ratis.server.impl.LeaderElection.lambda$submitRequests$1(LeaderElection.java:234)
	at java.util.concurrent.FutureTask.run(FutureTask.java:266)
	at java.util.concurrent.Executors$RunnableAdapter.call(Executors.java:511)
	at java.util.concurrent.FutureTask.run(FutureTask.java:266)
	at java.util.concurrent.ThreadPoolExecutor.runWorker(ThreadPoolExecutor.java:1149)
	at java.util.concurrent.ThreadPoolExecutor$Worker.run(ThreadPoolExecutor.java:624)
	... 1 more
Caused by: org.apache.ratis.thirdparty.io.netty.channel.AbstractChannel$AnnotatedConnectException: Connection refused: /192.168.157.233:42906
	at sun.nio.ch.SocketChannelImpl.checkConnect(Native Method)
	at sun.nio.ch.SocketChannelImpl.finishConnect(SocketChannelImpl.java:717)
	at org.apache.ratis.thirdparty.io.netty.channel.socket.nio.NioSocketChannel.doFinishConnect(NioSocketChannel.java:327)
	at org.apache.ratis.thirdparty.io.netty.channel.nio.AbstractNioChannel$AbstractNioUnsafe.finishConnect(AbstractNioChannel.java:340)
	at org.apache.ratis.thirdparty.io.netty.channel.nio.NioEventLoop.processSelectedKey(NioEventLoop.java:632)
	at org.apache.ratis.thirdparty.io.netty.channel.nio.NioEventLoop.processSelectedKeysOptimized(NioEventLoop.java:579)
	at org.apache.ratis.thirdparty.io.netty.channel.nio.NioEventLoop.processSelectedKeys(NioEventLoop.java:496)
	at org.apache.ratis.thirdparty.io.netty.channel.nio.NioEventLoop.run(NioEventLoop.java:458)
	at org.apache.ratis.thirdparty.io.netty.util.concurrent.SingleThreadEventExecutor$5.run(SingleThreadEventExecutor.java:897)
	at org.apache.ratis.thirdparty.io.netty.util.concurrent.FastThreadLocalRunnable.run(FastThreadLocalRunnable.java:30)
	... 1 more
Caused by: java.net.ConnectException: Connection refused
	... 11 more
2019-10-25 11:08:01,142 [f6cfa8a2-85ff-4bb9-a246-101c53d2d47b@group-49E82E920F3F-LeaderElection611] INFO  impl.RaftServerImpl (RaftServerImpl.java:setRole(184)) - f6cfa8a2-85ff-4bb9-a246-101c53d2d47b@group-49E82E920F3F: changes role from CANDIDATE to FOLLOWER at term 201 for DISCOVERED_A_NEW_TERM
2019-10-25 11:08:01,142 [f6cfa8a2-85ff-4bb9-a246-101c53d2d47b@group-49E82E920F3F-LeaderElection611] INFO  impl.RoleInfo (RoleInfo.java:shutdownLeaderElection(134)) - f6cfa8a2-85ff-4bb9-a246-101c53d2d47b: shutdown LeaderElection
2019-10-25 11:08:01,142 [f6cfa8a2-85ff-4bb9-a246-101c53d2d47b@group-49E82E920F3F-LeaderElection611] INFO  impl.RoleInfo (RoleInfo.java:updateAndGet(143)) - f6cfa8a2-85ff-4bb9-a246-101c53d2d47b: start FollowerState
2019-10-25 11:08:01,211 [Thread-5034] INFO  impl.FollowerState (FollowerState.java:run(108)) - f6cfa8a2-85ff-4bb9-a246-101c53d2d47b@group-49E82E920F3F-FollowerState: change to CANDIDATE, lastRpcTime:68ms, electionTimeout:68ms
2019-10-25 11:08:01,211 [Thread-5034] INFO  impl.RoleInfo (RoleInfo.java:shutdownFollowerState(121)) - f6cfa8a2-85ff-4bb9-a246-101c53d2d47b: shutdown FollowerState
2019-10-25 11:08:01,211 [Thread-5034] INFO  impl.RaftServerImpl (RaftServerImpl.java:setRole(184)) - f6cfa8a2-85ff-4bb9-a246-101c53d2d47b@group-49E82E920F3F: changes role from  FOLLOWER to CANDIDATE at term 201 for changeToCandidate
2019-10-25 11:08:01,211 [Thread-5034] INFO  impl.RoleInfo (RoleInfo.java:updateAndGet(143)) - f6cfa8a2-85ff-4bb9-a246-101c53d2d47b: start LeaderElection
2019-10-25 11:08:01,237 [f6cfa8a2-85ff-4bb9-a246-101c53d2d47b@group-49E82E920F3F-LeaderElection612] INFO  impl.LeaderElection (LeaderElection.java:askForVotes(178)) - f6cfa8a2-85ff-4bb9-a246-101c53d2d47b@group-49E82E920F3F-LeaderElection612: begin an election at term 202 for -1: [7fad1e98-7a6b-4998-a30c-ec1ab88068bc:192.168.157.233:35716, bdb27072-dd00-4d3b-a7da-41600e490ca3:192.168.157.233:42906, f6cfa8a2-85ff-4bb9-a246-101c53d2d47b:192.168.157.233:44618], old=null
2019-10-25 11:08:01,238 [f6cfa8a2-85ff-4bb9-a246-101c53d2d47b@group-49E82E920F3F-LeaderElection612] INFO  impl.LeaderElection (LogUtils.java:infoOrTrace(149)) - f6cfa8a2-85ff-4bb9-a246-101c53d2d47b@group-49E82E920F3F-LeaderElection612 got exception when requesting votes: {}
java.util.concurrent.ExecutionException: org.apache.ratis.thirdparty.io.grpc.StatusRuntimeException: UNAVAILABLE: io exception
	at java.util.concurrent.FutureTask.report(FutureTask.java:122)
	at java.util.concurrent.FutureTask.get(FutureTask.java:192)
	at org.apache.ratis.server.impl.LeaderElection.waitForResults(LeaderElection.java:259)
	at org.apache.ratis.server.impl.LeaderElection.askForVotes(LeaderElection.java:197)
	at org.apache.ratis.server.impl.LeaderElection.run(LeaderElection.java:133)
	at java.lang.Thread.run(Thread.java:748)
Caused by: org.apache.ratis.thirdparty.io.grpc.StatusRuntimeException: UNAVAILABLE: io exception
	at org.apache.ratis.thirdparty.io.grpc.stub.ClientCalls.toStatusRuntimeException(ClientCalls.java:233)
	at org.apache.ratis.thirdparty.io.grpc.stub.ClientCalls.getUnchecked(ClientCalls.java:214)
	at org.apache.ratis.thirdparty.io.grpc.stub.ClientCalls.blockingUnaryCall(ClientCalls.java:139)
	at org.apache.ratis.proto.grpc.RaftServerProtocolServiceGrpc$RaftServerProtocolServiceBlockingStub.requestVote(RaftServerProtocolServiceGrpc.java:265)
	at org.apache.ratis.grpc.server.GrpcServerProtocolClient.requestVote(GrpcServerProtocolClient.java:99)
	at org.apache.ratis.grpc.server.GrpcService.requestVote(GrpcService.java:204)
	at org.apache.ratis.server.impl.LeaderElection.lambda$submitRequests$1(LeaderElection.java:234)
	at java.util.concurrent.FutureTask.run(FutureTask.java:266)
	at java.util.concurrent.Executors$RunnableAdapter.call(Executors.java:511)
	at java.util.concurrent.FutureTask.run(FutureTask.java:266)
	at java.util.concurrent.ThreadPoolExecutor.runWorker(ThreadPoolExecutor.java:1149)
	at java.util.concurrent.ThreadPoolExecutor$Worker.run(ThreadPoolExecutor.java:624)
	... 1 more
Caused by: org.apache.ratis.thirdparty.io.netty.channel.AbstractChannel$AnnotatedConnectException: Connection refused: /192.168.157.233:35716
	at sun.nio.ch.SocketChannelImpl.checkConnect(Native Method)
	at sun.nio.ch.SocketChannelImpl.finishConnect(SocketChannelImpl.java:717)
	at org.apache.ratis.thirdparty.io.netty.channel.socket.nio.NioSocketChannel.doFinishConnect(NioSocketChannel.java:327)
	at org.apache.ratis.thirdparty.io.netty.channel.nio.AbstractNioChannel$AbstractNioUnsafe.finishConnect(AbstractNioChannel.java:340)
	at org.apache.ratis.thirdparty.io.netty.channel.nio.NioEventLoop.processSelectedKey(NioEventLoop.java:632)
	at org.apache.ratis.thirdparty.io.netty.channel.nio.NioEventLoop.processSelectedKeysOptimized(NioEventLoop.java:579)
	at org.apache.ratis.thirdparty.io.netty.channel.nio.NioEventLoop.processSelectedKeys(NioEventLoop.java:496)
	at org.apache.ratis.thirdparty.io.netty.channel.nio.NioEventLoop.run(NioEventLoop.java:458)
	at org.apache.ratis.thirdparty.io.netty.util.concurrent.SingleThreadEventExecutor$5.run(SingleThreadEventExecutor.java:897)
	at org.apache.ratis.thirdparty.io.netty.util.concurrent.FastThreadLocalRunnable.run(FastThreadLocalRunnable.java:30)
	... 1 more
Caused by: java.net.ConnectException: Connection refused
	... 11 more
2019-10-25 11:08:01,239 [f6cfa8a2-85ff-4bb9-a246-101c53d2d47b@group-49E82E920F3F-LeaderElection612] INFO  impl.LeaderElection (LogUtils.java:infoOrTrace(149)) - f6cfa8a2-85ff-4bb9-a246-101c53d2d47b@group-49E82E920F3F-LeaderElection612 got exception when requesting votes: {}
java.util.concurrent.ExecutionException: org.apache.ratis.thirdparty.io.grpc.StatusRuntimeException: UNAVAILABLE: io exception
	at java.util.concurrent.FutureTask.report(FutureTask.java:122)
	at java.util.concurrent.FutureTask.get(FutureTask.java:192)
	at org.apache.ratis.server.impl.LeaderElection.waitForResults(LeaderElection.java:259)
	at org.apache.ratis.server.impl.LeaderElection.askForVotes(LeaderElection.java:197)
	at org.apache.ratis.server.impl.LeaderElection.run(LeaderElection.java:133)
	at java.lang.Thread.run(Thread.java:748)
Caused by: org.apache.ratis.thirdparty.io.grpc.StatusRuntimeException: UNAVAILABLE: io exception
	at org.apache.ratis.thirdparty.io.grpc.stub.ClientCalls.toStatusRuntimeException(ClientCalls.java:233)
	at org.apache.ratis.thirdparty.io.grpc.stub.ClientCalls.getUnchecked(ClientCalls.java:214)
	at org.apache.ratis.thirdparty.io.grpc.stub.ClientCalls.blockingUnaryCall(ClientCalls.java:139)
	at org.apache.ratis.proto.grpc.RaftServerProtocolServiceGrpc$RaftServerProtocolServiceBlockingStub.requestVote(RaftServerProtocolServiceGrpc.java:265)
	at org.apache.ratis.grpc.server.GrpcServerProtocolClient.requestVote(GrpcServerProtocolClient.java:99)
	at org.apache.ratis.grpc.server.GrpcService.requestVote(GrpcService.java:204)
	at org.apache.ratis.server.impl.LeaderElection.lambda$submitRequests$1(LeaderElection.java:234)
	at java.util.concurrent.FutureTask.run(FutureTask.java:266)
	at java.util.concurrent.Executors$RunnableAdapter.call(Executors.java:511)
	at java.util.concurrent.FutureTask.run(FutureTask.java:266)
	at java.util.concurrent.ThreadPoolExecutor.runWorker(ThreadPoolExecutor.java:1149)
	at java.util.concurrent.ThreadPoolExecutor$Worker.run(ThreadPoolExecutor.java:624)
	... 1 more
Caused by: org.apache.ratis.thirdparty.io.netty.channel.AbstractChannel$AnnotatedConnectException: Connection refused: /192.168.157.233:42906
	at sun.nio.ch.SocketChannelImpl.checkConnect(Native Method)
	at sun.nio.ch.SocketChannelImpl.finishConnect(SocketChannelImpl.java:717)
	at org.apache.ratis.thirdparty.io.netty.channel.socket.nio.NioSocketChannel.doFinishConnect(NioSocketChannel.java:327)
	at org.apache.ratis.thirdparty.io.netty.channel.nio.AbstractNioChannel$AbstractNioUnsafe.finishConnect(AbstractNioChannel.java:340)
	at org.apache.ratis.thirdparty.io.netty.channel.nio.NioEventLoop.processSelectedKey(NioEventLoop.java:632)
	at org.apache.ratis.thirdparty.io.netty.channel.nio.NioEventLoop.processSelectedKeysOptimized(NioEventLoop.java:579)
	at org.apache.ratis.thirdparty.io.netty.channel.nio.NioEventLoop.processSelectedKeys(NioEventLoop.java:496)
	at org.apache.ratis.thirdparty.io.netty.channel.nio.NioEventLoop.run(NioEventLoop.java:458)
	at org.apache.ratis.thirdparty.io.netty.util.concurrent.SingleThreadEventExecutor$5.run(SingleThreadEventExecutor.java:897)
	at org.apache.ratis.thirdparty.io.netty.util.concurrent.FastThreadLocalRunnable.run(FastThreadLocalRunnable.java:30)
	... 1 more
Caused by: java.net.ConnectException: Connection refused
	... 11 more
2019-10-25 11:08:01,239 [f6cfa8a2-85ff-4bb9-a246-101c53d2d47b@group-49E82E920F3F-LeaderElection612] INFO  impl.LeaderElection (LeaderElection.java:logAndReturn(56)) - f6cfa8a2-85ff-4bb9-a246-101c53d2d47b@group-49E82E920F3F-LeaderElection612: Election REJECTED; received 0 response(s) [] and 2 exception(s); f6cfa8a2-85ff-4bb9-a246-101c53d2d47b@group-49E82E920F3F:t202, leader=null, voted=f6cfa8a2-85ff-4bb9-a246-101c53d2d47b, raftlog=f6cfa8a2-85ff-4bb9-a246-101c53d2d47b@group-49E82E920F3F-SegmentedRaftLog:OPENED:c-1,f-1,i0, conf=-1: [7fad1e98-7a6b-4998-a30c-ec1ab88068bc:192.168.157.233:35716, bdb27072-dd00-4d3b-a7da-41600e490ca3:192.168.157.233:42906, f6cfa8a2-85ff-4bb9-a246-101c53d2d47b:192.168.157.233:44618], old=null
2019-10-25 11:08:01,239 [f6cfa8a2-85ff-4bb9-a246-101c53d2d47b@group-49E82E920F3F-LeaderElection612] INFO  impl.LeaderElection (LogUtils.java:infoOrTrace(149)) -   Exception 0: {}
java.util.concurrent.ExecutionException: org.apache.ratis.thirdparty.io.grpc.StatusRuntimeException: UNAVAILABLE: io exception
	at java.util.concurrent.FutureTask.report(FutureTask.java:122)
	at java.util.concurrent.FutureTask.get(FutureTask.java:192)
	at org.apache.ratis.server.impl.LeaderElection.waitForResults(LeaderElection.java:259)
	at org.apache.ratis.server.impl.LeaderElection.askForVotes(LeaderElection.java:197)
	at org.apache.ratis.server.impl.LeaderElection.run(LeaderElection.java:133)
	at java.lang.Thread.run(Thread.java:748)
Caused by: org.apache.ratis.thirdparty.io.grpc.StatusRuntimeException: UNAVAILABLE: io exception
	at org.apache.ratis.thirdparty.io.grpc.stub.ClientCalls.toStatusRuntimeException(ClientCalls.java:233)
	at org.apache.ratis.thirdparty.io.grpc.stub.ClientCalls.getUnchecked(ClientCalls.java:214)
	at org.apache.ratis.thirdparty.io.grpc.stub.ClientCalls.blockingUnaryCall(ClientCalls.java:139)
	at org.apache.ratis.proto.grpc.RaftServerProtocolServiceGrpc$RaftServerProtocolServiceBlockingStub.requestVote(RaftServerProtocolServiceGrpc.java:265)
	at org.apache.ratis.grpc.server.GrpcServerProtocolClient.requestVote(GrpcServerProtocolClient.java:99)
	at org.apache.ratis.grpc.server.GrpcService.requestVote(GrpcService.java:204)
	at org.apache.ratis.server.impl.LeaderElection.lambda$submitRequests$1(LeaderElection.java:234)
	at java.util.concurrent.FutureTask.run(FutureTask.java:266)
	at java.util.concurrent.Executors$RunnableAdapter.call(Executors.java:511)
	at java.util.concurrent.FutureTask.run(FutureTask.java:266)
	at java.util.concurrent.ThreadPoolExecutor.runWorker(ThreadPoolExecutor.java:1149)
	at java.util.concurrent.ThreadPoolExecutor$Worker.run(ThreadPoolExecutor.java:624)
	... 1 more
Caused by: org.apache.ratis.thirdparty.io.netty.channel.AbstractChannel$AnnotatedConnectException: Connection refused: /192.168.157.233:35716
	at sun.nio.ch.SocketChannelImpl.checkConnect(Native Method)
	at sun.nio.ch.SocketChannelImpl.finishConnect(SocketChannelImpl.java:717)
	at org.apache.ratis.thirdparty.io.netty.channel.socket.nio.NioSocketChannel.doFinishConnect(NioSocketChannel.java:327)
	at org.apache.ratis.thirdparty.io.netty.channel.nio.AbstractNioChannel$AbstractNioUnsafe.finishConnect(AbstractNioChannel.java:340)
	at org.apache.ratis.thirdparty.io.netty.channel.nio.NioEventLoop.processSelectedKey(NioEventLoop.java:632)
	at org.apache.ratis.thirdparty.io.netty.channel.nio.NioEventLoop.processSelectedKeysOptimized(NioEventLoop.java:579)
	at org.apache.ratis.thirdparty.io.netty.channel.nio.NioEventLoop.processSelectedKeys(NioEventLoop.java:496)
	at org.apache.ratis.thirdparty.io.netty.channel.nio.NioEventLoop.run(NioEventLoop.java:458)
	at org.apache.ratis.thirdparty.io.netty.util.concurrent.SingleThreadEventExecutor$5.run(SingleThreadEventExecutor.java:897)
	at org.apache.ratis.thirdparty.io.netty.util.concurrent.FastThreadLocalRunnable.run(FastThreadLocalRunnable.java:30)
	... 1 more
Caused by: java.net.ConnectException: Connection refused
	... 11 more
2019-10-25 11:08:01,239 [f6cfa8a2-85ff-4bb9-a246-101c53d2d47b@group-49E82E920F3F-LeaderElection612] INFO  impl.LeaderElection (LogUtils.java:infoOrTrace(149)) -   Exception 1: {}
java.util.concurrent.ExecutionException: org.apache.ratis.thirdparty.io.grpc.StatusRuntimeException: UNAVAILABLE: io exception
	at java.util.concurrent.FutureTask.report(FutureTask.java:122)
	at java.util.concurrent.FutureTask.get(FutureTask.java:192)
	at org.apache.ratis.server.impl.LeaderElection.waitForResults(LeaderElection.java:259)
	at org.apache.ratis.server.impl.LeaderElection.askForVotes(LeaderElection.java:197)
	at org.apache.ratis.server.impl.LeaderElection.run(LeaderElection.java:133)
	at java.lang.Thread.run(Thread.java:748)
Caused by: org.apache.ratis.thirdparty.io.grpc.StatusRuntimeException: UNAVAILABLE: io exception
	at org.apache.ratis.thirdparty.io.grpc.stub.ClientCalls.toStatusRuntimeException(ClientCalls.java:233)
	at org.apache.ratis.thirdparty.io.grpc.stub.ClientCalls.getUnchecked(ClientCalls.java:214)
	at org.apache.ratis.thirdparty.io.grpc.stub.ClientCalls.blockingUnaryCall(ClientCalls.java:139)
	at org.apache.ratis.proto.grpc.RaftServerProtocolServiceGrpc$RaftServerProtocolServiceBlockingStub.requestVote(RaftServerProtocolServiceGrpc.java:265)
	at org.apache.ratis.grpc.server.GrpcServerProtocolClient.requestVote(GrpcServerProtocolClient.java:99)
	at org.apache.ratis.grpc.server.GrpcService.requestVote(GrpcService.java:204)
	at org.apache.ratis.server.impl.LeaderElection.lambda$submitRequests$1(LeaderElection.java:234)
	at java.util.concurrent.FutureTask.run(FutureTask.java:266)
	at java.util.concurrent.Executors$RunnableAdapter.call(Executors.java:511)
	at java.util.concurrent.FutureTask.run(FutureTask.java:266)
	at java.util.concurrent.ThreadPoolExecutor.runWorker(ThreadPoolExecutor.java:1149)
	at java.util.concurrent.ThreadPoolExecutor$Worker.run(ThreadPoolExecutor.java:624)
	... 1 more
Caused by: org.apache.ratis.thirdparty.io.netty.channel.AbstractChannel$AnnotatedConnectException: Connection refused: /192.168.157.233:42906
	at sun.nio.ch.SocketChannelImpl.checkConnect(Native Method)
	at sun.nio.ch.SocketChannelImpl.finishConnect(SocketChannelImpl.java:717)
	at org.apache.ratis.thirdparty.io.netty.channel.socket.nio.NioSocketChannel.doFinishConnect(NioSocketChannel.java:327)
	at org.apache.ratis.thirdparty.io.netty.channel.nio.AbstractNioChannel$AbstractNioUnsafe.finishConnect(AbstractNioChannel.java:340)
	at org.apache.ratis.thirdparty.io.netty.channel.nio.NioEventLoop.processSelectedKey(NioEventLoop.java:632)
	at org.apache.ratis.thirdparty.io.netty.channel.nio.NioEventLoop.processSelectedKeysOptimized(NioEventLoop.java:579)
	at org.apache.ratis.thirdparty.io.netty.channel.nio.NioEventLoop.processSelectedKeys(NioEventLoop.java:496)
	at org.apache.ratis.thirdparty.io.netty.channel.nio.NioEventLoop.run(NioEventLoop.java:458)
	at org.apache.ratis.thirdparty.io.netty.util.concurrent.SingleThreadEventExecutor$5.run(SingleThreadEventExecutor.java:897)
	at org.apache.ratis.thirdparty.io.netty.util.concurrent.FastThreadLocalRunnable.run(FastThreadLocalRunnable.java:30)
	... 1 more
Caused by: java.net.ConnectException: Connection refused
	... 11 more
2019-10-25 11:08:01,240 [f6cfa8a2-85ff-4bb9-a246-101c53d2d47b@group-49E82E920F3F-LeaderElection612] INFO  impl.RaftServerImpl (RaftServerImpl.java:setRole(184)) - f6cfa8a2-85ff-4bb9-a246-101c53d2d47b@group-49E82E920F3F: changes role from CANDIDATE to FOLLOWER at term 202 for DISCOVERED_A_NEW_TERM
2019-10-25 11:08:01,240 [f6cfa8a2-85ff-4bb9-a246-101c53d2d47b@group-49E82E920F3F-LeaderElection612] INFO  impl.RoleInfo (RoleInfo.java:shutdownLeaderElection(134)) - f6cfa8a2-85ff-4bb9-a246-101c53d2d47b: shutdown LeaderElection
2019-10-25 11:08:01,240 [f6cfa8a2-85ff-4bb9-a246-101c53d2d47b@group-49E82E920F3F-LeaderElection612] INFO  impl.RoleInfo (RoleInfo.java:updateAndGet(143)) - f6cfa8a2-85ff-4bb9-a246-101c53d2d47b: start FollowerState
2019-10-25 11:08:01,355 [Thread-5040] INFO  impl.FollowerState (FollowerState.java:run(108)) - f6cfa8a2-85ff-4bb9-a246-101c53d2d47b@group-49E82E920F3F-FollowerState: change to CANDIDATE, lastRpcTime:115ms, electionTimeout:115ms
2019-10-25 11:08:01,356 [Thread-5040] INFO  impl.RoleInfo (RoleInfo.java:shutdownFollowerState(121)) - f6cfa8a2-85ff-4bb9-a246-101c53d2d47b: shutdown FollowerState
2019-10-25 11:08:01,356 [Thread-5040] INFO  impl.RaftServerImpl (RaftServerImpl.java:setRole(184)) - f6cfa8a2-85ff-4bb9-a246-101c53d2d47b@group-49E82E920F3F: changes role from  FOLLOWER to CANDIDATE at term 202 for changeToCandidate
2019-10-25 11:08:01,356 [Thread-5040] INFO  impl.RoleInfo (RoleInfo.java:updateAndGet(143)) - f6cfa8a2-85ff-4bb9-a246-101c53d2d47b: start LeaderElection
2019-10-25 11:08:01,370 [f6cfa8a2-85ff-4bb9-a246-101c53d2d47b@group-49E82E920F3F-LeaderElection613] INFO  impl.LeaderElection (LeaderElection.java:askForVotes(178)) - f6cfa8a2-85ff-4bb9-a246-101c53d2d47b@group-49E82E920F3F-LeaderElection613: begin an election at term 203 for -1: [7fad1e98-7a6b-4998-a30c-ec1ab88068bc:192.168.157.233:35716, bdb27072-dd00-4d3b-a7da-41600e490ca3:192.168.157.233:42906, f6cfa8a2-85ff-4bb9-a246-101c53d2d47b:192.168.157.233:44618], old=null
2019-10-25 11:08:01,371 [f6cfa8a2-85ff-4bb9-a246-101c53d2d47b@group-49E82E920F3F-LeaderElection613] INFO  impl.LeaderElection (LogUtils.java:infoOrTrace(149)) - f6cfa8a2-85ff-4bb9-a246-101c53d2d47b@group-49E82E920F3F-LeaderElection613 got exception when requesting votes: {}
java.util.concurrent.ExecutionException: org.apache.ratis.thirdparty.io.grpc.StatusRuntimeException: UNAVAILABLE: io exception
	at java.util.concurrent.FutureTask.report(FutureTask.java:122)
	at java.util.concurrent.FutureTask.get(FutureTask.java:192)
	at org.apache.ratis.server.impl.LeaderElection.waitForResults(LeaderElection.java:259)
	at org.apache.ratis.server.impl.LeaderElection.askForVotes(LeaderElection.java:197)
	at org.apache.ratis.server.impl.LeaderElection.run(LeaderElection.java:133)
	at java.lang.Thread.run(Thread.java:748)
Caused by: org.apache.ratis.thirdparty.io.grpc.StatusRuntimeException: UNAVAILABLE: io exception
	at org.apache.ratis.thirdparty.io.grpc.stub.ClientCalls.toStatusRuntimeException(ClientCalls.java:233)
	at org.apache.ratis.thirdparty.io.grpc.stub.ClientCalls.getUnchecked(ClientCalls.java:214)
	at org.apache.ratis.thirdparty.io.grpc.stub.ClientCalls.blockingUnaryCall(ClientCalls.java:139)
	at org.apache.ratis.proto.grpc.RaftServerProtocolServiceGrpc$RaftServerProtocolServiceBlockingStub.requestVote(RaftServerProtocolServiceGrpc.java:265)
	at org.apache.ratis.grpc.server.GrpcServerProtocolClient.requestVote(GrpcServerProtocolClient.java:99)
	at org.apache.ratis.grpc.server.GrpcService.requestVote(GrpcService.java:204)
	at org.apache.ratis.server.impl.LeaderElection.lambda$submitRequests$1(LeaderElection.java:234)
	at java.util.concurrent.FutureTask.run(FutureTask.java:266)
	at java.util.concurrent.Executors$RunnableAdapter.call(Executors.java:511)
	at java.util.concurrent.FutureTask.run(FutureTask.java:266)
	at java.util.concurrent.ThreadPoolExecutor.runWorker(ThreadPoolExecutor.java:1149)
	at java.util.concurrent.ThreadPoolExecutor$Worker.run(ThreadPoolExecutor.java:624)
	... 1 more
Caused by: org.apache.ratis.thirdparty.io.netty.channel.AbstractChannel$AnnotatedConnectException: Connection refused: /192.168.157.233:35716
	at sun.nio.ch.SocketChannelImpl.checkConnect(Native Method)
	at sun.nio.ch.SocketChannelImpl.finishConnect(SocketChannelImpl.java:717)
	at org.apache.ratis.thirdparty.io.netty.channel.socket.nio.NioSocketChannel.doFinishConnect(NioSocketChannel.java:327)
	at org.apache.ratis.thirdparty.io.netty.channel.nio.AbstractNioChannel$AbstractNioUnsafe.finishConnect(AbstractNioChannel.java:340)
	at org.apache.ratis.thirdparty.io.netty.channel.nio.NioEventLoop.processSelectedKey(NioEventLoop.java:632)
	at org.apache.ratis.thirdparty.io.netty.channel.nio.NioEventLoop.processSelectedKeysOptimized(NioEventLoop.java:579)
	at org.apache.ratis.thirdparty.io.netty.channel.nio.NioEventLoop.processSelectedKeys(NioEventLoop.java:496)
	at org.apache.ratis.thirdparty.io.netty.channel.nio.NioEventLoop.run(NioEventLoop.java:458)
	at org.apache.ratis.thirdparty.io.netty.util.concurrent.SingleThreadEventExecutor$5.run(SingleThreadEventExecutor.java:897)
	at org.apache.ratis.thirdparty.io.netty.util.concurrent.FastThreadLocalRunnable.run(FastThreadLocalRunnable.java:30)
	... 1 more
Caused by: java.net.ConnectException: Connection refused
	... 11 more
2019-10-25 11:08:01,372 [f6cfa8a2-85ff-4bb9-a246-101c53d2d47b@group-49E82E920F3F-LeaderElection613] INFO  impl.LeaderElection (LogUtils.java:infoOrTrace(149)) - f6cfa8a2-85ff-4bb9-a246-101c53d2d47b@group-49E82E920F3F-LeaderElection613 got exception when requesting votes: {}
java.util.concurrent.ExecutionException: org.apache.ratis.thirdparty.io.grpc.StatusRuntimeException: UNAVAILABLE: io exception
	at java.util.concurrent.FutureTask.report(FutureTask.java:122)
	at java.util.concurrent.FutureTask.get(FutureTask.java:192)
	at org.apache.ratis.server.impl.LeaderElection.waitForResults(LeaderElection.java:259)
	at org.apache.ratis.server.impl.LeaderElection.askForVotes(LeaderElection.java:197)
	at org.apache.ratis.server.impl.LeaderElection.run(LeaderElection.java:133)
	at java.lang.Thread.run(Thread.java:748)
Caused by: org.apache.ratis.thirdparty.io.grpc.StatusRuntimeException: UNAVAILABLE: io exception
	at org.apache.ratis.thirdparty.io.grpc.stub.ClientCalls.toStatusRuntimeException(ClientCalls.java:233)
	at org.apache.ratis.thirdparty.io.grpc.stub.ClientCalls.getUnchecked(ClientCalls.java:214)
	at org.apache.ratis.thirdparty.io.grpc.stub.ClientCalls.blockingUnaryCall(ClientCalls.java:139)
	at org.apache.ratis.proto.grpc.RaftServerProtocolServiceGrpc$RaftServerProtocolServiceBlockingStub.requestVote(RaftServerProtocolServiceGrpc.java:265)
	at org.apache.ratis.grpc.server.GrpcServerProtocolClient.requestVote(GrpcServerProtocolClient.java:99)
	at org.apache.ratis.grpc.server.GrpcService.requestVote(GrpcService.java:204)
	at org.apache.ratis.server.impl.LeaderElection.lambda$submitRequests$1(LeaderElection.java:234)
	at java.util.concurrent.FutureTask.run(FutureTask.java:266)
	at java.util.concurrent.Executors$RunnableAdapter.call(Executors.java:511)
	at java.util.concurrent.FutureTask.run(FutureTask.java:266)
	at java.util.concurrent.ThreadPoolExecutor.runWorker(ThreadPoolExecutor.java:1149)
	at java.util.concurrent.ThreadPoolExecutor$Worker.run(ThreadPoolExecutor.java:624)
	... 1 more
Caused by: org.apache.ratis.thirdparty.io.netty.channel.AbstractChannel$AnnotatedConnectException: Connection refused: /192.168.157.233:42906
	at sun.nio.ch.SocketChannelImpl.checkConnect(Native Method)
	at sun.nio.ch.SocketChannelImpl.finishConnect(SocketChannelImpl.java:717)
	at org.apache.ratis.thirdparty.io.netty.channel.socket.nio.NioSocketChannel.doFinishConnect(NioSocketChannel.java:327)
	at org.apache.ratis.thirdparty.io.netty.channel.nio.AbstractNioChannel$AbstractNioUnsafe.finishConnect(AbstractNioChannel.java:340)
	at org.apache.ratis.thirdparty.io.netty.channel.nio.NioEventLoop.processSelectedKey(NioEventLoop.java:632)
	at org.apache.ratis.thirdparty.io.netty.channel.nio.NioEventLoop.processSelectedKeysOptimized(NioEventLoop.java:579)
	at org.apache.ratis.thirdparty.io.netty.channel.nio.NioEventLoop.processSelectedKeys(NioEventLoop.java:496)
	at org.apache.ratis.thirdparty.io.netty.channel.nio.NioEventLoop.run(NioEventLoop.java:458)
	at org.apache.ratis.thirdparty.io.netty.util.concurrent.SingleThreadEventExecutor$5.run(SingleThreadEventExecutor.java:897)
	at org.apache.ratis.thirdparty.io.netty.util.concurrent.FastThreadLocalRunnable.run(FastThreadLocalRunnable.java:30)
	... 1 more
Caused by: java.net.ConnectException: Connection refused
	... 11 more
2019-10-25 11:08:01,372 [f6cfa8a2-85ff-4bb9-a246-101c53d2d47b@group-49E82E920F3F-LeaderElection613] INFO  impl.LeaderElection (LeaderElection.java:logAndReturn(56)) - f6cfa8a2-85ff-4bb9-a246-101c53d2d47b@group-49E82E920F3F-LeaderElection613: Election REJECTED; received 0 response(s) [] and 2 exception(s); f6cfa8a2-85ff-4bb9-a246-101c53d2d47b@group-49E82E920F3F:t203, leader=null, voted=f6cfa8a2-85ff-4bb9-a246-101c53d2d47b, raftlog=f6cfa8a2-85ff-4bb9-a246-101c53d2d47b@group-49E82E920F3F-SegmentedRaftLog:OPENED:c-1,f-1,i0, conf=-1: [7fad1e98-7a6b-4998-a30c-ec1ab88068bc:192.168.157.233:35716, bdb27072-dd00-4d3b-a7da-41600e490ca3:192.168.157.233:42906, f6cfa8a2-85ff-4bb9-a246-101c53d2d47b:192.168.157.233:44618], old=null
2019-10-25 11:08:01,373 [f6cfa8a2-85ff-4bb9-a246-101c53d2d47b@group-49E82E920F3F-LeaderElection613] INFO  impl.LeaderElection (LogUtils.java:infoOrTrace(149)) -   Exception 0: {}
java.util.concurrent.ExecutionException: org.apache.ratis.thirdparty.io.grpc.StatusRuntimeException: UNAVAILABLE: io exception
	at java.util.concurrent.FutureTask.report(FutureTask.java:122)
	at java.util.concurrent.FutureTask.get(FutureTask.java:192)
	at org.apache.ratis.server.impl.LeaderElection.waitForResults(LeaderElection.java:259)
	at org.apache.ratis.server.impl.LeaderElection.askForVotes(LeaderElection.java:197)
	at org.apache.ratis.server.impl.LeaderElection.run(LeaderElection.java:133)
	at java.lang.Thread.run(Thread.java:748)
Caused by: org.apache.ratis.thirdparty.io.grpc.StatusRuntimeException: UNAVAILABLE: io exception
	at org.apache.ratis.thirdparty.io.grpc.stub.ClientCalls.toStatusRuntimeException(ClientCalls.java:233)
	at org.apache.ratis.thirdparty.io.grpc.stub.ClientCalls.getUnchecked(ClientCalls.java:214)
	at org.apache.ratis.thirdparty.io.grpc.stub.ClientCalls.blockingUnaryCall(ClientCalls.java:139)
	at org.apache.ratis.proto.grpc.RaftServerProtocolServiceGrpc$RaftServerProtocolServiceBlockingStub.requestVote(RaftServerProtocolServiceGrpc.java:265)
	at org.apache.ratis.grpc.server.GrpcServerProtocolClient.requestVote(GrpcServerProtocolClient.java:99)
	at org.apache.ratis.grpc.server.GrpcService.requestVote(GrpcService.java:204)
	at org.apache.ratis.server.impl.LeaderElection.lambda$submitRequests$1(LeaderElection.java:234)
	at java.util.concurrent.FutureTask.run(FutureTask.java:266)
	at java.util.concurrent.Executors$RunnableAdapter.call(Executors.java:511)
	at java.util.concurrent.FutureTask.run(FutureTask.java:266)
	at java.util.concurrent.ThreadPoolExecutor.runWorker(ThreadPoolExecutor.java:1149)
	at java.util.concurrent.ThreadPoolExecutor$Worker.run(ThreadPoolExecutor.java:624)
	... 1 more
Caused by: org.apache.ratis.thirdparty.io.netty.channel.AbstractChannel$AnnotatedConnectException: Connection refused: /192.168.157.233:35716
	at sun.nio.ch.SocketChannelImpl.checkConnect(Native Method)
	at sun.nio.ch.SocketChannelImpl.finishConnect(SocketChannelImpl.java:717)
	at org.apache.ratis.thirdparty.io.netty.channel.socket.nio.NioSocketChannel.doFinishConnect(NioSocketChannel.java:327)
	at org.apache.ratis.thirdparty.io.netty.channel.nio.AbstractNioChannel$AbstractNioUnsafe.finishConnect(AbstractNioChannel.java:340)
	at org.apache.ratis.thirdparty.io.netty.channel.nio.NioEventLoop.processSelectedKey(NioEventLoop.java:632)
	at org.apache.ratis.thirdparty.io.netty.channel.nio.NioEventLoop.processSelectedKeysOptimized(NioEventLoop.java:579)
	at org.apache.ratis.thirdparty.io.netty.channel.nio.NioEventLoop.processSelectedKeys(NioEventLoop.java:496)
	at org.apache.ratis.thirdparty.io.netty.channel.nio.NioEventLoop.run(NioEventLoop.java:458)
	at org.apache.ratis.thirdparty.io.netty.util.concurrent.SingleThreadEventExecutor$5.run(SingleThreadEventExecutor.java:897)
	at org.apache.ratis.thirdparty.io.netty.util.concurrent.FastThreadLocalRunnable.run(FastThreadLocalRunnable.java:30)
	... 1 more
Caused by: java.net.ConnectException: Connection refused
	... 11 more
2019-10-25 11:08:01,373 [f6cfa8a2-85ff-4bb9-a246-101c53d2d47b@group-49E82E920F3F-LeaderElection613] INFO  impl.LeaderElection (LogUtils.java:infoOrTrace(149)) -   Exception 1: {}
java.util.concurrent.ExecutionException: org.apache.ratis.thirdparty.io.grpc.StatusRuntimeException: UNAVAILABLE: io exception
	at java.util.concurrent.FutureTask.report(FutureTask.java:122)
	at java.util.concurrent.FutureTask.get(FutureTask.java:192)
	at org.apache.ratis.server.impl.LeaderElection.waitForResults(LeaderElection.java:259)
	at org.apache.ratis.server.impl.LeaderElection.askForVotes(LeaderElection.java:197)
	at org.apache.ratis.server.impl.LeaderElection.run(LeaderElection.java:133)
	at java.lang.Thread.run(Thread.java:748)
Caused by: org.apache.ratis.thirdparty.io.grpc.StatusRuntimeException: UNAVAILABLE: io exception
	at org.apache.ratis.thirdparty.io.grpc.stub.ClientCalls.toStatusRuntimeException(ClientCalls.java:233)
	at org.apache.ratis.thirdparty.io.grpc.stub.ClientCalls.getUnchecked(ClientCalls.java:214)
	at org.apache.ratis.thirdparty.io.grpc.stub.ClientCalls.blockingUnaryCall(ClientCalls.java:139)
	at org.apache.ratis.proto.grpc.RaftServerProtocolServiceGrpc$RaftServerProtocolServiceBlockingStub.requestVote(RaftServerProtocolServiceGrpc.java:265)
	at org.apache.ratis.grpc.server.GrpcServerProtocolClient.requestVote(GrpcServerProtocolClient.java:99)
	at org.apache.ratis.grpc.server.GrpcService.requestVote(GrpcService.java:204)
	at org.apache.ratis.server.impl.LeaderElection.lambda$submitRequests$1(LeaderElection.java:234)
	at java.util.concurrent.FutureTask.run(FutureTask.java:266)
	at java.util.concurrent.Executors$RunnableAdapter.call(Executors.java:511)
	at java.util.concurrent.FutureTask.run(FutureTask.java:266)
	at java.util.concurrent.ThreadPoolExecutor.runWorker(ThreadPoolExecutor.java:1149)
	at java.util.concurrent.ThreadPoolExecutor$Worker.run(ThreadPoolExecutor.java:624)
	... 1 more
Caused by: org.apache.ratis.thirdparty.io.netty.channel.AbstractChannel$AnnotatedConnectException: Connection refused: /192.168.157.233:42906
	at sun.nio.ch.SocketChannelImpl.checkConnect(Native Method)
	at sun.nio.ch.SocketChannelImpl.finishConnect(SocketChannelImpl.java:717)
	at org.apache.ratis.thirdparty.io.netty.channel.socket.nio.NioSocketChannel.doFinishConnect(NioSocketChannel.java:327)
	at org.apache.ratis.thirdparty.io.netty.channel.nio.AbstractNioChannel$AbstractNioUnsafe.finishConnect(AbstractNioChannel.java:340)
	at org.apache.ratis.thirdparty.io.netty.channel.nio.NioEventLoop.processSelectedKey(NioEventLoop.java:632)
	at org.apache.ratis.thirdparty.io.netty.channel.nio.NioEventLoop.processSelectedKeysOptimized(NioEventLoop.java:579)
	at org.apache.ratis.thirdparty.io.netty.channel.nio.NioEventLoop.processSelectedKeys(NioEventLoop.java:496)
	at org.apache.ratis.thirdparty.io.netty.channel.nio.NioEventLoop.run(NioEventLoop.java:458)
	at org.apache.ratis.thirdparty.io.netty.util.concurrent.SingleThreadEventExecutor$5.run(SingleThreadEventExecutor.java:897)
	at org.apache.ratis.thirdparty.io.netty.util.concurrent.FastThreadLocalRunnable.run(FastThreadLocalRunnable.java:30)
	... 1 more
Caused by: java.net.ConnectException: Connection refused
	... 11 more
2019-10-25 11:08:01,374 [f6cfa8a2-85ff-4bb9-a246-101c53d2d47b@group-49E82E920F3F-LeaderElection613] INFO  impl.RaftServerImpl (RaftServerImpl.java:setRole(184)) - f6cfa8a2-85ff-4bb9-a246-101c53d2d47b@group-49E82E920F3F: changes role from CANDIDATE to FOLLOWER at term 203 for DISCOVERED_A_NEW_TERM
2019-10-25 11:08:01,374 [f6cfa8a2-85ff-4bb9-a246-101c53d2d47b@group-49E82E920F3F-LeaderElection613] INFO  impl.RoleInfo (RoleInfo.java:shutdownLeaderElection(134)) - f6cfa8a2-85ff-4bb9-a246-101c53d2d47b: shutdown LeaderElection
2019-10-25 11:08:01,374 [f6cfa8a2-85ff-4bb9-a246-101c53d2d47b@group-49E82E920F3F-LeaderElection613] INFO  impl.RoleInfo (RoleInfo.java:updateAndGet(143)) - f6cfa8a2-85ff-4bb9-a246-101c53d2d47b: start FollowerState
2019-10-25 11:08:01,458 [Thread-5044] INFO  impl.FollowerState (FollowerState.java:run(108)) - f6cfa8a2-85ff-4bb9-a246-101c53d2d47b@group-49E82E920F3F-FollowerState: change to CANDIDATE, lastRpcTime:84ms, electionTimeout:84ms
2019-10-25 11:08:01,458 [Thread-5044] INFO  impl.RoleInfo (RoleInfo.java:shutdownFollowerState(121)) - f6cfa8a2-85ff-4bb9-a246-101c53d2d47b: shutdown FollowerState
2019-10-25 11:08:01,459 [Thread-5044] INFO  impl.RaftServerImpl (RaftServerImpl.java:setRole(184)) - f6cfa8a2-85ff-4bb9-a246-101c53d2d47b@group-49E82E920F3F: changes role from  FOLLOWER to CANDIDATE at term 203 for changeToCandidate
2019-10-25 11:08:01,459 [Thread-5044] INFO  impl.RoleInfo (RoleInfo.java:updateAndGet(143)) - f6cfa8a2-85ff-4bb9-a246-101c53d2d47b: start LeaderElection
2019-10-25 11:08:01,467 [java.util.concurrent.ThreadPoolExecutor$Worker@3e501297[State = -1, empty queue]] WARN  server.GrpcLogAppender (GrpcLogAppender.java:timeoutAppendRequest(209)) - 8a2c850d-503a-4b6a-9325-357a6554e10c@group-B334D6EBB589->e8f52f97-4cbf-4021-bc09-65b78a9dc21b-GrpcLogAppender: appendEntries Timeout, request=8a2c850d-503a-4b6a-9325-357a6554e10c->e8f52f97-4cbf-4021-bc09-65b78a9dc21b#43-t1, previous=(t:1, i:0), leaderCommit=0, initializing? false, entries: <empty>
2019-10-25 11:08:01,473 [f6cfa8a2-85ff-4bb9-a246-101c53d2d47b@group-49E82E920F3F-LeaderElection614] INFO  impl.LeaderElection (LeaderElection.java:askForVotes(178)) - f6cfa8a2-85ff-4bb9-a246-101c53d2d47b@group-49E82E920F3F-LeaderElection614: begin an election at term 204 for -1: [7fad1e98-7a6b-4998-a30c-ec1ab88068bc:192.168.157.233:35716, bdb27072-dd00-4d3b-a7da-41600e490ca3:192.168.157.233:42906, f6cfa8a2-85ff-4bb9-a246-101c53d2d47b:192.168.157.233:44618], old=null
2019-10-25 11:08:01,474 [f6cfa8a2-85ff-4bb9-a246-101c53d2d47b@group-49E82E920F3F-LeaderElection614] INFO  impl.LeaderElection (LogUtils.java:infoOrTrace(149)) - f6cfa8a2-85ff-4bb9-a246-101c53d2d47b@group-49E82E920F3F-LeaderElection614 got exception when requesting votes: {}
java.util.concurrent.ExecutionException: org.apache.ratis.thirdparty.io.grpc.StatusRuntimeException: UNAVAILABLE: io exception
	at java.util.concurrent.FutureTask.report(FutureTask.java:122)
	at java.util.concurrent.FutureTask.get(FutureTask.java:192)
	at org.apache.ratis.server.impl.LeaderElection.waitForResults(LeaderElection.java:259)
	at org.apache.ratis.server.impl.LeaderElection.askForVotes(LeaderElection.java:197)
	at org.apache.ratis.server.impl.LeaderElection.run(LeaderElection.java:133)
	at java.lang.Thread.run(Thread.java:748)
Caused by: org.apache.ratis.thirdparty.io.grpc.StatusRuntimeException: UNAVAILABLE: io exception
	at org.apache.ratis.thirdparty.io.grpc.stub.ClientCalls.toStatusRuntimeException(ClientCalls.java:233)
	at org.apache.ratis.thirdparty.io.grpc.stub.ClientCalls.getUnchecked(ClientCalls.java:214)
	at org.apache.ratis.thirdparty.io.grpc.stub.ClientCalls.blockingUnaryCall(ClientCalls.java:139)
	at org.apache.ratis.proto.grpc.RaftServerProtocolServiceGrpc$RaftServerProtocolServiceBlockingStub.requestVote(RaftServerProtocolServiceGrpc.java:265)
	at org.apache.ratis.grpc.server.GrpcServerProtocolClient.requestVote(GrpcServerProtocolClient.java:99)
	at org.apache.ratis.grpc.server.GrpcService.requestVote(GrpcService.java:204)
	at org.apache.ratis.server.impl.LeaderElection.lambda$submitRequests$1(LeaderElection.java:234)
	at java.util.concurrent.FutureTask.run(FutureTask.java:266)
	at java.util.concurrent.Executors$RunnableAdapter.call(Executors.java:511)
	at java.util.concurrent.FutureTask.run(FutureTask.java:266)
	at java.util.concurrent.ThreadPoolExecutor.runWorker(ThreadPoolExecutor.java:1149)
	at java.util.concurrent.ThreadPoolExecutor$Worker.run(ThreadPoolExecutor.java:624)
	... 1 more
Caused by: org.apache.ratis.thirdparty.io.netty.channel.AbstractChannel$AnnotatedConnectException: Connection refused: /192.168.157.233:35716
	at sun.nio.ch.SocketChannelImpl.checkConnect(Native Method)
	at sun.nio.ch.SocketChannelImpl.finishConnect(SocketChannelImpl.java:717)
	at org.apache.ratis.thirdparty.io.netty.channel.socket.nio.NioSocketChannel.doFinishConnect(NioSocketChannel.java:327)
	at org.apache.ratis.thirdparty.io.netty.channel.nio.AbstractNioChannel$AbstractNioUnsafe.finishConnect(AbstractNioChannel.java:340)
	at org.apache.ratis.thirdparty.io.netty.channel.nio.NioEventLoop.processSelectedKey(NioEventLoop.java:632)
	at org.apache.ratis.thirdparty.io.netty.channel.nio.NioEventLoop.processSelectedKeysOptimized(NioEventLoop.java:579)
	at org.apache.ratis.thirdparty.io.netty.channel.nio.NioEventLoop.processSelectedKeys(NioEventLoop.java:496)
	at org.apache.ratis.thirdparty.io.netty.channel.nio.NioEventLoop.run(NioEventLoop.java:458)
	at org.apache.ratis.thirdparty.io.netty.util.concurrent.SingleThreadEventExecutor$5.run(SingleThreadEventExecutor.java:897)
	at org.apache.ratis.thirdparty.io.netty.util.concurrent.FastThreadLocalRunnable.run(FastThreadLocalRunnable.java:30)
	... 1 more
Caused by: java.net.ConnectException: Connection refused
	... 11 more
2019-10-25 11:08:01,475 [f6cfa8a2-85ff-4bb9-a246-101c53d2d47b@group-49E82E920F3F-LeaderElection614] INFO  impl.LeaderElection (LogUtils.java:infoOrTrace(149)) - f6cfa8a2-85ff-4bb9-a246-101c53d2d47b@group-49E82E920F3F-LeaderElection614 got exception when requesting votes: {}
java.util.concurrent.ExecutionException: org.apache.ratis.thirdparty.io.grpc.StatusRuntimeException: UNAVAILABLE: io exception
	at java.util.concurrent.FutureTask.report(FutureTask.java:122)
	at java.util.concurrent.FutureTask.get(FutureTask.java:192)
	at org.apache.ratis.server.impl.LeaderElection.waitForResults(LeaderElection.java:259)
	at org.apache.ratis.server.impl.LeaderElection.askForVotes(LeaderElection.java:197)
	at org.apache.ratis.server.impl.LeaderElection.run(LeaderElection.java:133)
	at java.lang.Thread.run(Thread.java:748)
Caused by: org.apache.ratis.thirdparty.io.grpc.StatusRuntimeException: UNAVAILABLE: io exception
	at org.apache.ratis.thirdparty.io.grpc.stub.ClientCalls.toStatusRuntimeException(ClientCalls.java:233)
	at org.apache.ratis.thirdparty.io.grpc.stub.ClientCalls.getUnchecked(ClientCalls.java:214)
	at org.apache.ratis.thirdparty.io.grpc.stub.ClientCalls.blockingUnaryCall(ClientCalls.java:139)
	at org.apache.ratis.proto.grpc.RaftServerProtocolServiceGrpc$RaftServerProtocolServiceBlockingStub.requestVote(RaftServerProtocolServiceGrpc.java:265)
	at org.apache.ratis.grpc.server.GrpcServerProtocolClient.requestVote(GrpcServerProtocolClient.java:99)
	at org.apache.ratis.grpc.server.GrpcService.requestVote(GrpcService.java:204)
	at org.apache.ratis.server.impl.LeaderElection.lambda$submitRequests$1(LeaderElection.java:234)
	at java.util.concurrent.FutureTask.run(FutureTask.java:266)
	at java.util.concurrent.Executors$RunnableAdapter.call(Executors.java:511)
	at java.util.concurrent.FutureTask.run(FutureTask.java:266)
	at java.util.concurrent.ThreadPoolExecutor.runWorker(ThreadPoolExecutor.java:1149)
	at java.util.concurrent.ThreadPoolExecutor$Worker.run(ThreadPoolExecutor.java:624)
	... 1 more
Caused by: org.apache.ratis.thirdparty.io.netty.channel.AbstractChannel$AnnotatedConnectException: Connection refused: /192.168.157.233:42906
	at sun.nio.ch.SocketChannelImpl.checkConnect(Native Method)
	at sun.nio.ch.SocketChannelImpl.finishConnect(SocketChannelImpl.java:717)
	at org.apache.ratis.thirdparty.io.netty.channel.socket.nio.NioSocketChannel.doFinishConnect(NioSocketChannel.java:327)
	at org.apache.ratis.thirdparty.io.netty.channel.nio.AbstractNioChannel$AbstractNioUnsafe.finishConnect(AbstractNioChannel.java:340)
	at org.apache.ratis.thirdparty.io.netty.channel.nio.NioEventLoop.processSelectedKey(NioEventLoop.java:632)
	at org.apache.ratis.thirdparty.io.netty.channel.nio.NioEventLoop.processSelectedKeysOptimized(NioEventLoop.java:579)
	at org.apache.ratis.thirdparty.io.netty.channel.nio.NioEventLoop.processSelectedKeys(NioEventLoop.java:496)
	at org.apache.ratis.thirdparty.io.netty.channel.nio.NioEventLoop.run(NioEventLoop.java:458)
	at org.apache.ratis.thirdparty.io.netty.util.concurrent.SingleThreadEventExecutor$5.run(SingleThreadEventExecutor.java:897)
	at org.apache.ratis.thirdparty.io.netty.util.concurrent.FastThreadLocalRunnable.run(FastThreadLocalRunnable.java:30)
	... 1 more
Caused by: java.net.ConnectException: Connection refused
	... 11 more
2019-10-25 11:08:01,475 [f6cfa8a2-85ff-4bb9-a246-101c53d2d47b@group-49E82E920F3F-LeaderElection614] INFO  impl.LeaderElection (LeaderElection.java:logAndReturn(56)) - f6cfa8a2-85ff-4bb9-a246-101c53d2d47b@group-49E82E920F3F-LeaderElection614: Election REJECTED; received 0 response(s) [] and 2 exception(s); f6cfa8a2-85ff-4bb9-a246-101c53d2d47b@group-49E82E920F3F:t204, leader=null, voted=f6cfa8a2-85ff-4bb9-a246-101c53d2d47b, raftlog=f6cfa8a2-85ff-4bb9-a246-101c53d2d47b@group-49E82E920F3F-SegmentedRaftLog:OPENED:c-1,f-1,i0, conf=-1: [7fad1e98-7a6b-4998-a30c-ec1ab88068bc:192.168.157.233:35716, bdb27072-dd00-4d3b-a7da-41600e490ca3:192.168.157.233:42906, f6cfa8a2-85ff-4bb9-a246-101c53d2d47b:192.168.157.233:44618], old=null
2019-10-25 11:08:01,475 [f6cfa8a2-85ff-4bb9-a246-101c53d2d47b@group-49E82E920F3F-LeaderElection614] INFO  impl.LeaderElection (LogUtils.java:infoOrTrace(149)) -   Exception 0: {}
java.util.concurrent.ExecutionException: org.apache.ratis.thirdparty.io.grpc.StatusRuntimeException: UNAVAILABLE: io exception
	at java.util.concurrent.FutureTask.report(FutureTask.java:122)
	at java.util.concurrent.FutureTask.get(FutureTask.java:192)
	at org.apache.ratis.server.impl.LeaderElection.waitForResults(LeaderElection.java:259)
	at org.apache.ratis.server.impl.LeaderElection.askForVotes(LeaderElection.java:197)
	at org.apache.ratis.server.impl.LeaderElection.run(LeaderElection.java:133)
	at java.lang.Thread.run(Thread.java:748)
Caused by: org.apache.ratis.thirdparty.io.grpc.StatusRuntimeException: UNAVAILABLE: io exception
	at org.apache.ratis.thirdparty.io.grpc.stub.ClientCalls.toStatusRuntimeException(ClientCalls.java:233)
	at org.apache.ratis.thirdparty.io.grpc.stub.ClientCalls.getUnchecked(ClientCalls.java:214)
	at org.apache.ratis.thirdparty.io.grpc.stub.ClientCalls.blockingUnaryCall(ClientCalls.java:139)
	at org.apache.ratis.proto.grpc.RaftServerProtocolServiceGrpc$RaftServerProtocolServiceBlockingStub.requestVote(RaftServerProtocolServiceGrpc.java:265)
	at org.apache.ratis.grpc.server.GrpcServerProtocolClient.requestVote(GrpcServerProtocolClient.java:99)
	at org.apache.ratis.grpc.server.GrpcService.requestVote(GrpcService.java:204)
	at org.apache.ratis.server.impl.LeaderElection.lambda$submitRequests$1(LeaderElection.java:234)
	at java.util.concurrent.FutureTask.run(FutureTask.java:266)
	at java.util.concurrent.Executors$RunnableAdapter.call(Executors.java:511)
	at java.util.concurrent.FutureTask.run(FutureTask.java:266)
	at java.util.concurrent.ThreadPoolExecutor.runWorker(ThreadPoolExecutor.java:1149)
	at java.util.concurrent.ThreadPoolExecutor$Worker.run(ThreadPoolExecutor.java:624)
	... 1 more
Caused by: org.apache.ratis.thirdparty.io.netty.channel.AbstractChannel$AnnotatedConnectException: Connection refused: /192.168.157.233:35716
	at sun.nio.ch.SocketChannelImpl.checkConnect(Native Method)
	at sun.nio.ch.SocketChannelImpl.finishConnect(SocketChannelImpl.java:717)
	at org.apache.ratis.thirdparty.io.netty.channel.socket.nio.NioSocketChannel.doFinishConnect(NioSocketChannel.java:327)
	at org.apache.ratis.thirdparty.io.netty.channel.nio.AbstractNioChannel$AbstractNioUnsafe.finishConnect(AbstractNioChannel.java:340)
	at org.apache.ratis.thirdparty.io.netty.channel.nio.NioEventLoop.processSelectedKey(NioEventLoop.java:632)
	at org.apache.ratis.thirdparty.io.netty.channel.nio.NioEventLoop.processSelectedKeysOptimized(NioEventLoop.java:579)
	at org.apache.ratis.thirdparty.io.netty.channel.nio.NioEventLoop.processSelectedKeys(NioEventLoop.java:496)
	at org.apache.ratis.thirdparty.io.netty.channel.nio.NioEventLoop.run(NioEventLoop.java:458)
	at org.apache.ratis.thirdparty.io.netty.util.concurrent.SingleThreadEventExecutor$5.run(SingleThreadEventExecutor.java:897)
	at org.apache.ratis.thirdparty.io.netty.util.concurrent.FastThreadLocalRunnable.run(FastThreadLocalRunnable.java:30)
	... 1 more
Caused by: java.net.ConnectException: Connection refused
	... 11 more
2019-10-25 11:08:01,475 [f6cfa8a2-85ff-4bb9-a246-101c53d2d47b@group-49E82E920F3F-LeaderElection614] INFO  impl.LeaderElection (LogUtils.java:infoOrTrace(149)) -   Exception 1: {}
java.util.concurrent.ExecutionException: org.apache.ratis.thirdparty.io.grpc.StatusRuntimeException: UNAVAILABLE: io exception
	at java.util.concurrent.FutureTask.report(FutureTask.java:122)
	at java.util.concurrent.FutureTask.get(FutureTask.java:192)
	at org.apache.ratis.server.impl.LeaderElection.waitForResults(LeaderElection.java:259)
	at org.apache.ratis.server.impl.LeaderElection.askForVotes(LeaderElection.java:197)
	at org.apache.ratis.server.impl.LeaderElection.run(LeaderElection.java:133)
	at java.lang.Thread.run(Thread.java:748)
Caused by: org.apache.ratis.thirdparty.io.grpc.StatusRuntimeException: UNAVAILABLE: io exception
	at org.apache.ratis.thirdparty.io.grpc.stub.ClientCalls.toStatusRuntimeException(ClientCalls.java:233)
	at org.apache.ratis.thirdparty.io.grpc.stub.ClientCalls.getUnchecked(ClientCalls.java:214)
	at org.apache.ratis.thirdparty.io.grpc.stub.ClientCalls.blockingUnaryCall(ClientCalls.java:139)
	at org.apache.ratis.proto.grpc.RaftServerProtocolServiceGrpc$RaftServerProtocolServiceBlockingStub.requestVote(RaftServerProtocolServiceGrpc.java:265)
	at org.apache.ratis.grpc.server.GrpcServerProtocolClient.requestVote(GrpcServerProtocolClient.java:99)
	at org.apache.ratis.grpc.server.GrpcService.requestVote(GrpcService.java:204)
	at org.apache.ratis.server.impl.LeaderElection.lambda$submitRequests$1(LeaderElection.java:234)
	at java.util.concurrent.FutureTask.run(FutureTask.java:266)
	at java.util.concurrent.Executors$RunnableAdapter.call(Executors.java:511)
	at java.util.concurrent.FutureTask.run(FutureTask.java:266)
	at java.util.concurrent.ThreadPoolExecutor.runWorker(ThreadPoolExecutor.java:1149)
	at java.util.concurrent.ThreadPoolExecutor$Worker.run(ThreadPoolExecutor.java:624)
	... 1 more
Caused by: org.apache.ratis.thirdparty.io.netty.channel.AbstractChannel$AnnotatedConnectException: Connection refused: /192.168.157.233:42906
	at sun.nio.ch.SocketChannelImpl.checkConnect(Native Method)
	at sun.nio.ch.SocketChannelImpl.finishConnect(SocketChannelImpl.java:717)
	at org.apache.ratis.thirdparty.io.netty.channel.socket.nio.NioSocketChannel.doFinishConnect(NioSocketChannel.java:327)
	at org.apache.ratis.thirdparty.io.netty.channel.nio.AbstractNioChannel$AbstractNioUnsafe.finishConnect(AbstractNioChannel.java:340)
	at org.apache.ratis.thirdparty.io.netty.channel.nio.NioEventLoop.processSelectedKey(NioEventLoop.java:632)
	at org.apache.ratis.thirdparty.io.netty.channel.nio.NioEventLoop.processSelectedKeysOptimized(NioEventLoop.java:579)
	at org.apache.ratis.thirdparty.io.netty.channel.nio.NioEventLoop.processSelectedKeys(NioEventLoop.java:496)
	at org.apache.ratis.thirdparty.io.netty.channel.nio.NioEventLoop.run(NioEventLoop.java:458)
	at org.apache.ratis.thirdparty.io.netty.util.concurrent.SingleThreadEventExecutor$5.run(SingleThreadEventExecutor.java:897)
	at org.apache.ratis.thirdparty.io.netty.util.concurrent.FastThreadLocalRunnable.run(FastThreadLocalRunnable.java:30)
	... 1 more
Caused by: java.net.ConnectException: Connection refused
	... 11 more
2019-10-25 11:08:01,476 [f6cfa8a2-85ff-4bb9-a246-101c53d2d47b@group-49E82E920F3F-LeaderElection614] INFO  impl.RaftServerImpl (RaftServerImpl.java:setRole(184)) - f6cfa8a2-85ff-4bb9-a246-101c53d2d47b@group-49E82E920F3F: changes role from CANDIDATE to FOLLOWER at term 204 for DISCOVERED_A_NEW_TERM
2019-10-25 11:08:01,476 [f6cfa8a2-85ff-4bb9-a246-101c53d2d47b@group-49E82E920F3F-LeaderElection614] INFO  impl.RoleInfo (RoleInfo.java:shutdownLeaderElection(134)) - f6cfa8a2-85ff-4bb9-a246-101c53d2d47b: shutdown LeaderElection
2019-10-25 11:08:01,476 [f6cfa8a2-85ff-4bb9-a246-101c53d2d47b@group-49E82E920F3F-LeaderElection614] INFO  impl.RoleInfo (RoleInfo.java:updateAndGet(143)) - f6cfa8a2-85ff-4bb9-a246-101c53d2d47b: start FollowerState
2019-10-25 11:08:01,593 [Thread-5048] INFO  impl.FollowerState (FollowerState.java:run(108)) - f6cfa8a2-85ff-4bb9-a246-101c53d2d47b@group-49E82E920F3F-FollowerState: change to CANDIDATE, lastRpcTime:117ms, electionTimeout:117ms
2019-10-25 11:08:01,593 [Thread-5048] INFO  impl.RoleInfo (RoleInfo.java:shutdownFollowerState(121)) - f6cfa8a2-85ff-4bb9-a246-101c53d2d47b: shutdown FollowerState
2019-10-25 11:08:01,593 [Thread-5048] INFO  impl.RaftServerImpl (RaftServerImpl.java:setRole(184)) - f6cfa8a2-85ff-4bb9-a246-101c53d2d47b@group-49E82E920F3F: changes role from  FOLLOWER to CANDIDATE at term 204 for changeToCandidate
2019-10-25 11:08:01,594 [Thread-5048] INFO  impl.RoleInfo (RoleInfo.java:updateAndGet(143)) - f6cfa8a2-85ff-4bb9-a246-101c53d2d47b: start LeaderElection
2019-10-25 11:08:01,607 [f6cfa8a2-85ff-4bb9-a246-101c53d2d47b@group-49E82E920F3F-LeaderElection615] INFO  impl.LeaderElection (LeaderElection.java:askForVotes(178)) - f6cfa8a2-85ff-4bb9-a246-101c53d2d47b@group-49E82E920F3F-LeaderElection615: begin an election at term 205 for -1: [7fad1e98-7a6b-4998-a30c-ec1ab88068bc:192.168.157.233:35716, bdb27072-dd00-4d3b-a7da-41600e490ca3:192.168.157.233:42906, f6cfa8a2-85ff-4bb9-a246-101c53d2d47b:192.168.157.233:44618], old=null
2019-10-25 11:08:01,608 [f6cfa8a2-85ff-4bb9-a246-101c53d2d47b@group-49E82E920F3F-LeaderElection615] INFO  impl.LeaderElection (LogUtils.java:infoOrTrace(149)) - f6cfa8a2-85ff-4bb9-a246-101c53d2d47b@group-49E82E920F3F-LeaderElection615 got exception when requesting votes: {}
java.util.concurrent.ExecutionException: org.apache.ratis.thirdparty.io.grpc.StatusRuntimeException: UNAVAILABLE: io exception
	at java.util.concurrent.FutureTask.report(FutureTask.java:122)
	at java.util.concurrent.FutureTask.get(FutureTask.java:192)
	at org.apache.ratis.server.impl.LeaderElection.waitForResults(LeaderElection.java:259)
	at org.apache.ratis.server.impl.LeaderElection.askForVotes(LeaderElection.java:197)
	at org.apache.ratis.server.impl.LeaderElection.run(LeaderElection.java:133)
	at java.lang.Thread.run(Thread.java:748)
Caused by: org.apache.ratis.thirdparty.io.grpc.StatusRuntimeException: UNAVAILABLE: io exception
	at org.apache.ratis.thirdparty.io.grpc.stub.ClientCalls.toStatusRuntimeException(ClientCalls.java:233)
	at org.apache.ratis.thirdparty.io.grpc.stub.ClientCalls.getUnchecked(ClientCalls.java:214)
	at org.apache.ratis.thirdparty.io.grpc.stub.ClientCalls.blockingUnaryCall(ClientCalls.java:139)
	at org.apache.ratis.proto.grpc.RaftServerProtocolServiceGrpc$RaftServerProtocolServiceBlockingStub.requestVote(RaftServerProtocolServiceGrpc.java:265)
	at org.apache.ratis.grpc.server.GrpcServerProtocolClient.requestVote(GrpcServerProtocolClient.java:99)
	at org.apache.ratis.grpc.server.GrpcService.requestVote(GrpcService.java:204)
	at org.apache.ratis.server.impl.LeaderElection.lambda$submitRequests$1(LeaderElection.java:234)
	at java.util.concurrent.FutureTask.run(FutureTask.java:266)
	at java.util.concurrent.Executors$RunnableAdapter.call(Executors.java:511)
	at java.util.concurrent.FutureTask.run(FutureTask.java:266)
	at java.util.concurrent.ThreadPoolExecutor.runWorker(ThreadPoolExecutor.java:1149)
	at java.util.concurrent.ThreadPoolExecutor$Worker.run(ThreadPoolExecutor.java:624)
	... 1 more
Caused by: org.apache.ratis.thirdparty.io.netty.channel.AbstractChannel$AnnotatedConnectException: Connection refused: /192.168.157.233:35716
	at sun.nio.ch.SocketChannelImpl.checkConnect(Native Method)
	at sun.nio.ch.SocketChannelImpl.finishConnect(SocketChannelImpl.java:717)
	at org.apache.ratis.thirdparty.io.netty.channel.socket.nio.NioSocketChannel.doFinishConnect(NioSocketChannel.java:327)
	at org.apache.ratis.thirdparty.io.netty.channel.nio.AbstractNioChannel$AbstractNioUnsafe.finishConnect(AbstractNioChannel.java:340)
	at org.apache.ratis.thirdparty.io.netty.channel.nio.NioEventLoop.processSelectedKey(NioEventLoop.java:632)
	at org.apache.ratis.thirdparty.io.netty.channel.nio.NioEventLoop.processSelectedKeysOptimized(NioEventLoop.java:579)
	at org.apache.ratis.thirdparty.io.netty.channel.nio.NioEventLoop.processSelectedKeys(NioEventLoop.java:496)
	at org.apache.ratis.thirdparty.io.netty.channel.nio.NioEventLoop.run(NioEventLoop.java:458)
	at org.apache.ratis.thirdparty.io.netty.util.concurrent.SingleThreadEventExecutor$5.run(SingleThreadEventExecutor.java:897)
	at org.apache.ratis.thirdparty.io.netty.util.concurrent.FastThreadLocalRunnable.run(FastThreadLocalRunnable.java:30)
	... 1 more
Caused by: java.net.ConnectException: Connection refused
	... 11 more
2019-10-25 11:08:01,608 [f6cfa8a2-85ff-4bb9-a246-101c53d2d47b@group-49E82E920F3F-LeaderElection615] INFO  impl.LeaderElection (LogUtils.java:infoOrTrace(149)) - f6cfa8a2-85ff-4bb9-a246-101c53d2d47b@group-49E82E920F3F-LeaderElection615 got exception when requesting votes: {}
java.util.concurrent.ExecutionException: org.apache.ratis.thirdparty.io.grpc.StatusRuntimeException: UNAVAILABLE: io exception
	at java.util.concurrent.FutureTask.report(FutureTask.java:122)
	at java.util.concurrent.FutureTask.get(FutureTask.java:192)
	at org.apache.ratis.server.impl.LeaderElection.waitForResults(LeaderElection.java:259)
	at org.apache.ratis.server.impl.LeaderElection.askForVotes(LeaderElection.java:197)
	at org.apache.ratis.server.impl.LeaderElection.run(LeaderElection.java:133)
	at java.lang.Thread.run(Thread.java:748)
Caused by: org.apache.ratis.thirdparty.io.grpc.StatusRuntimeException: UNAVAILABLE: io exception
	at org.apache.ratis.thirdparty.io.grpc.stub.ClientCalls.toStatusRuntimeException(ClientCalls.java:233)
	at org.apache.ratis.thirdparty.io.grpc.stub.ClientCalls.getUnchecked(ClientCalls.java:214)
	at org.apache.ratis.thirdparty.io.grpc.stub.ClientCalls.blockingUnaryCall(ClientCalls.java:139)
	at org.apache.ratis.proto.grpc.RaftServerProtocolServiceGrpc$RaftServerProtocolServiceBlockingStub.requestVote(RaftServerProtocolServiceGrpc.java:265)
	at org.apache.ratis.grpc.server.GrpcServerProtocolClient.requestVote(GrpcServerProtocolClient.java:99)
	at org.apache.ratis.grpc.server.GrpcService.requestVote(GrpcService.java:204)
	at org.apache.ratis.server.impl.LeaderElection.lambda$submitRequests$1(LeaderElection.java:234)
	at java.util.concurrent.FutureTask.run(FutureTask.java:266)
	at java.util.concurrent.Executors$RunnableAdapter.call(Executors.java:511)
	at java.util.concurrent.FutureTask.run(FutureTask.java:266)
	at java.util.concurrent.ThreadPoolExecutor.runWorker(ThreadPoolExecutor.java:1149)
	at java.util.concurrent.ThreadPoolExecutor$Worker.run(ThreadPoolExecutor.java:624)
	... 1 more
Caused by: org.apache.ratis.thirdparty.io.netty.channel.AbstractChannel$AnnotatedConnectException: Connection refused: /192.168.157.233:42906
	at sun.nio.ch.SocketChannelImpl.checkConnect(Native Method)
	at sun.nio.ch.SocketChannelImpl.finishConnect(SocketChannelImpl.java:717)
	at org.apache.ratis.thirdparty.io.netty.channel.socket.nio.NioSocketChannel.doFinishConnect(NioSocketChannel.java:327)
	at org.apache.ratis.thirdparty.io.netty.channel.nio.AbstractNioChannel$AbstractNioUnsafe.finishConnect(AbstractNioChannel.java:340)
	at org.apache.ratis.thirdparty.io.netty.channel.nio.NioEventLoop.processSelectedKey(NioEventLoop.java:632)
	at org.apache.ratis.thirdparty.io.netty.channel.nio.NioEventLoop.processSelectedKeysOptimized(NioEventLoop.java:579)
	at org.apache.ratis.thirdparty.io.netty.channel.nio.NioEventLoop.processSelectedKeys(NioEventLoop.java:496)
	at org.apache.ratis.thirdparty.io.netty.channel.nio.NioEventLoop.run(NioEventLoop.java:458)
	at org.apache.ratis.thirdparty.io.netty.util.concurrent.SingleThreadEventExecutor$5.run(SingleThreadEventExecutor.java:897)
	at org.apache.ratis.thirdparty.io.netty.util.concurrent.FastThreadLocalRunnable.run(FastThreadLocalRunnable.java:30)
	... 1 more
Caused by: java.net.ConnectException: Connection refused
	... 11 more
2019-10-25 11:08:01,609 [f6cfa8a2-85ff-4bb9-a246-101c53d2d47b@group-49E82E920F3F-LeaderElection615] INFO  impl.LeaderElection (LeaderElection.java:logAndReturn(56)) - f6cfa8a2-85ff-4bb9-a246-101c53d2d47b@group-49E82E920F3F-LeaderElection615: Election REJECTED; received 0 response(s) [] and 2 exception(s); f6cfa8a2-85ff-4bb9-a246-101c53d2d47b@group-49E82E920F3F:t205, leader=null, voted=f6cfa8a2-85ff-4bb9-a246-101c53d2d47b, raftlog=f6cfa8a2-85ff-4bb9-a246-101c53d2d47b@group-49E82E920F3F-SegmentedRaftLog:OPENED:c-1,f-1,i0, conf=-1: [7fad1e98-7a6b-4998-a30c-ec1ab88068bc:192.168.157.233:35716, bdb27072-dd00-4d3b-a7da-41600e490ca3:192.168.157.233:42906, f6cfa8a2-85ff-4bb9-a246-101c53d2d47b:192.168.157.233:44618], old=null
2019-10-25 11:08:01,609 [f6cfa8a2-85ff-4bb9-a246-101c53d2d47b@group-49E82E920F3F-LeaderElection615] INFO  impl.LeaderElection (LogUtils.java:infoOrTrace(149)) -   Exception 0: {}
java.util.concurrent.ExecutionException: org.apache.ratis.thirdparty.io.grpc.StatusRuntimeException: UNAVAILABLE: io exception
	at java.util.concurrent.FutureTask.report(FutureTask.java:122)
	at java.util.concurrent.FutureTask.get(FutureTask.java:192)
	at org.apache.ratis.server.impl.LeaderElection.waitForResults(LeaderElection.java:259)
	at org.apache.ratis.server.impl.LeaderElection.askForVotes(LeaderElection.java:197)
	at org.apache.ratis.server.impl.LeaderElection.run(LeaderElection.java:133)
	at java.lang.Thread.run(Thread.java:748)
Caused by: org.apache.ratis.thirdparty.io.grpc.StatusRuntimeException: UNAVAILABLE: io exception
	at org.apache.ratis.thirdparty.io.grpc.stub.ClientCalls.toStatusRuntimeException(ClientCalls.java:233)
	at org.apache.ratis.thirdparty.io.grpc.stub.ClientCalls.getUnchecked(ClientCalls.java:214)
	at org.apache.ratis.thirdparty.io.grpc.stub.ClientCalls.blockingUnaryCall(ClientCalls.java:139)
	at org.apache.ratis.proto.grpc.RaftServerProtocolServiceGrpc$RaftServerProtocolServiceBlockingStub.requestVote(RaftServerProtocolServiceGrpc.java:265)
	at org.apache.ratis.grpc.server.GrpcServerProtocolClient.requestVote(GrpcServerProtocolClient.java:99)
	at org.apache.ratis.grpc.server.GrpcService.requestVote(GrpcService.java:204)
	at org.apache.ratis.server.impl.LeaderElection.lambda$submitRequests$1(LeaderElection.java:234)
	at java.util.concurrent.FutureTask.run(FutureTask.java:266)
	at java.util.concurrent.Executors$RunnableAdapter.call(Executors.java:511)
	at java.util.concurrent.FutureTask.run(FutureTask.java:266)
	at java.util.concurrent.ThreadPoolExecutor.runWorker(ThreadPoolExecutor.java:1149)
	at java.util.concurrent.ThreadPoolExecutor$Worker.run(ThreadPoolExecutor.java:624)
	... 1 more
Caused by: org.apache.ratis.thirdparty.io.netty.channel.AbstractChannel$AnnotatedConnectException: Connection refused: /192.168.157.233:35716
	at sun.nio.ch.SocketChannelImpl.checkConnect(Native Method)
	at sun.nio.ch.SocketChannelImpl.finishConnect(SocketChannelImpl.java:717)
	at org.apache.ratis.thirdparty.io.netty.channel.socket.nio.NioSocketChannel.doFinishConnect(NioSocketChannel.java:327)
	at org.apache.ratis.thirdparty.io.netty.channel.nio.AbstractNioChannel$AbstractNioUnsafe.finishConnect(AbstractNioChannel.java:340)
	at org.apache.ratis.thirdparty.io.netty.channel.nio.NioEventLoop.processSelectedKey(NioEventLoop.java:632)
	at org.apache.ratis.thirdparty.io.netty.channel.nio.NioEventLoop.processSelectedKeysOptimized(NioEventLoop.java:579)
	at org.apache.ratis.thirdparty.io.netty.channel.nio.NioEventLoop.processSelectedKeys(NioEventLoop.java:496)
	at org.apache.ratis.thirdparty.io.netty.channel.nio.NioEventLoop.run(NioEventLoop.java:458)
	at org.apache.ratis.thirdparty.io.netty.util.concurrent.SingleThreadEventExecutor$5.run(SingleThreadEventExecutor.java:897)
	at org.apache.ratis.thirdparty.io.netty.util.concurrent.FastThreadLocalRunnable.run(FastThreadLocalRunnable.java:30)
	... 1 more
Caused by: java.net.ConnectException: Connection refused
	... 11 more
2019-10-25 11:08:01,609 [f6cfa8a2-85ff-4bb9-a246-101c53d2d47b@group-49E82E920F3F-LeaderElection615] INFO  impl.LeaderElection (LogUtils.java:infoOrTrace(149)) -   Exception 1: {}
java.util.concurrent.ExecutionException: org.apache.ratis.thirdparty.io.grpc.StatusRuntimeException: UNAVAILABLE: io exception
	at java.util.concurrent.FutureTask.report(FutureTask.java:122)
	at java.util.concurrent.FutureTask.get(FutureTask.java:192)
	at org.apache.ratis.server.impl.LeaderElection.waitForResults(LeaderElection.java:259)
	at org.apache.ratis.server.impl.LeaderElection.askForVotes(LeaderElection.java:197)
	at org.apache.ratis.server.impl.LeaderElection.run(LeaderElection.java:133)
	at java.lang.Thread.run(Thread.java:748)
Caused by: org.apache.ratis.thirdparty.io.grpc.StatusRuntimeException: UNAVAILABLE: io exception
	at org.apache.ratis.thirdparty.io.grpc.stub.ClientCalls.toStatusRuntimeException(ClientCalls.java:233)
	at org.apache.ratis.thirdparty.io.grpc.stub.ClientCalls.getUnchecked(ClientCalls.java:214)
	at org.apache.ratis.thirdparty.io.grpc.stub.ClientCalls.blockingUnaryCall(ClientCalls.java:139)
	at org.apache.ratis.proto.grpc.RaftServerProtocolServiceGrpc$RaftServerProtocolServiceBlockingStub.requestVote(RaftServerProtocolServiceGrpc.java:265)
	at org.apache.ratis.grpc.server.GrpcServerProtocolClient.requestVote(GrpcServerProtocolClient.java:99)
	at org.apache.ratis.grpc.server.GrpcService.requestVote(GrpcService.java:204)
	at org.apache.ratis.server.impl.LeaderElection.lambda$submitRequests$1(LeaderElection.java:234)
	at java.util.concurrent.FutureTask.run(FutureTask.java:266)
	at java.util.concurrent.Executors$RunnableAdapter.call(Executors.java:511)
	at java.util.concurrent.FutureTask.run(FutureTask.java:266)
	at java.util.concurrent.ThreadPoolExecutor.runWorker(ThreadPoolExecutor.java:1149)
	at java.util.concurrent.ThreadPoolExecutor$Worker.run(ThreadPoolExecutor.java:624)
	... 1 more
Caused by: org.apache.ratis.thirdparty.io.netty.channel.AbstractChannel$AnnotatedConnectException: Connection refused: /192.168.157.233:42906
	at sun.nio.ch.SocketChannelImpl.checkConnect(Native Method)
	at sun.nio.ch.SocketChannelImpl.finishConnect(SocketChannelImpl.java:717)
	at org.apache.ratis.thirdparty.io.netty.channel.socket.nio.NioSocketChannel.doFinishConnect(NioSocketChannel.java:327)
	at org.apache.ratis.thirdparty.io.netty.channel.nio.AbstractNioChannel$AbstractNioUnsafe.finishConnect(AbstractNioChannel.java:340)
	at org.apache.ratis.thirdparty.io.netty.channel.nio.NioEventLoop.processSelectedKey(NioEventLoop.java:632)
	at org.apache.ratis.thirdparty.io.netty.channel.nio.NioEventLoop.processSelectedKeysOptimized(NioEventLoop.java:579)
	at org.apache.ratis.thirdparty.io.netty.channel.nio.NioEventLoop.processSelectedKeys(NioEventLoop.java:496)
	at org.apache.ratis.thirdparty.io.netty.channel.nio.NioEventLoop.run(NioEventLoop.java:458)
	at org.apache.ratis.thirdparty.io.netty.util.concurrent.SingleThreadEventExecutor$5.run(SingleThreadEventExecutor.java:897)
	at org.apache.ratis.thirdparty.io.netty.util.concurrent.FastThreadLocalRunnable.run(FastThreadLocalRunnable.java:30)
	... 1 more
Caused by: java.net.ConnectException: Connection refused
	... 11 more
2019-10-25 11:08:01,609 [f6cfa8a2-85ff-4bb9-a246-101c53d2d47b@group-49E82E920F3F-LeaderElection615] INFO  impl.RaftServerImpl (RaftServerImpl.java:setRole(184)) - f6cfa8a2-85ff-4bb9-a246-101c53d2d47b@group-49E82E920F3F: changes role from CANDIDATE to FOLLOWER at term 205 for DISCOVERED_A_NEW_TERM
2019-10-25 11:08:01,610 [f6cfa8a2-85ff-4bb9-a246-101c53d2d47b@group-49E82E920F3F-LeaderElection615] INFO  impl.RoleInfo (RoleInfo.java:shutdownLeaderElection(134)) - f6cfa8a2-85ff-4bb9-a246-101c53d2d47b: shutdown LeaderElection
2019-10-25 11:08:01,610 [f6cfa8a2-85ff-4bb9-a246-101c53d2d47b@group-49E82E920F3F-LeaderElection615] INFO  impl.RoleInfo (RoleInfo.java:updateAndGet(143)) - f6cfa8a2-85ff-4bb9-a246-101c53d2d47b: start FollowerState
2019-10-25 11:08:01,619 [Thread-5052] INFO  impl.FollowerState (FollowerState.java:run(108)) - f6cfa8a2-85ff-4bb9-a246-101c53d2d47b@group-49E82E920F3F-FollowerState: change to CANDIDATE, lastRpcTime:9ms, electionTimeout:9ms
2019-10-25 11:08:01,619 [Thread-5052] INFO  impl.RoleInfo (RoleInfo.java:shutdownFollowerState(121)) - f6cfa8a2-85ff-4bb9-a246-101c53d2d47b: shutdown FollowerState
2019-10-25 11:08:01,619 [Thread-5052] INFO  impl.RaftServerImpl (RaftServerImpl.java:setRole(184)) - f6cfa8a2-85ff-4bb9-a246-101c53d2d47b@group-49E82E920F3F: changes role from  FOLLOWER to CANDIDATE at term 205 for changeToCandidate
2019-10-25 11:08:01,619 [Thread-5052] INFO  impl.RoleInfo (RoleInfo.java:updateAndGet(143)) - f6cfa8a2-85ff-4bb9-a246-101c53d2d47b: start LeaderElection
2019-10-25 11:08:01,633 [f6cfa8a2-85ff-4bb9-a246-101c53d2d47b@group-49E82E920F3F-LeaderElection616] INFO  impl.LeaderElection (LeaderElection.java:askForVotes(178)) - f6cfa8a2-85ff-4bb9-a246-101c53d2d47b@group-49E82E920F3F-LeaderElection616: begin an election at term 206 for -1: [7fad1e98-7a6b-4998-a30c-ec1ab88068bc:192.168.157.233:35716, bdb27072-dd00-4d3b-a7da-41600e490ca3:192.168.157.233:42906, f6cfa8a2-85ff-4bb9-a246-101c53d2d47b:192.168.157.233:44618], old=null
2019-10-25 11:08:01,634 [f6cfa8a2-85ff-4bb9-a246-101c53d2d47b@group-49E82E920F3F-LeaderElection616] INFO  impl.LeaderElection (LogUtils.java:infoOrTrace(149)) - f6cfa8a2-85ff-4bb9-a246-101c53d2d47b@group-49E82E920F3F-LeaderElection616 got exception when requesting votes: {}
java.util.concurrent.ExecutionException: org.apache.ratis.thirdparty.io.grpc.StatusRuntimeException: UNAVAILABLE: io exception
	at java.util.concurrent.FutureTask.report(FutureTask.java:122)
	at java.util.concurrent.FutureTask.get(FutureTask.java:192)
	at org.apache.ratis.server.impl.LeaderElection.waitForResults(LeaderElection.java:259)
	at org.apache.ratis.server.impl.LeaderElection.askForVotes(LeaderElection.java:197)
	at org.apache.ratis.server.impl.LeaderElection.run(LeaderElection.java:133)
	at java.lang.Thread.run(Thread.java:748)
Caused by: org.apache.ratis.thirdparty.io.grpc.StatusRuntimeException: UNAVAILABLE: io exception
	at org.apache.ratis.thirdparty.io.grpc.stub.ClientCalls.toStatusRuntimeException(ClientCalls.java:233)
	at org.apache.ratis.thirdparty.io.grpc.stub.ClientCalls.getUnchecked(ClientCalls.java:214)
	at org.apache.ratis.thirdparty.io.grpc.stub.ClientCalls.blockingUnaryCall(ClientCalls.java:139)
	at org.apache.ratis.proto.grpc.RaftServerProtocolServiceGrpc$RaftServerProtocolServiceBlockingStub.requestVote(RaftServerProtocolServiceGrpc.java:265)
	at org.apache.ratis.grpc.server.GrpcServerProtocolClient.requestVote(GrpcServerProtocolClient.java:99)
	at org.apache.ratis.grpc.server.GrpcService.requestVote(GrpcService.java:204)
	at org.apache.ratis.server.impl.LeaderElection.lambda$submitRequests$1(LeaderElection.java:234)
	at java.util.concurrent.FutureTask.run(FutureTask.java:266)
	at java.util.concurrent.Executors$RunnableAdapter.call(Executors.java:511)
	at java.util.concurrent.FutureTask.run(FutureTask.java:266)
	at java.util.concurrent.ThreadPoolExecutor.runWorker(ThreadPoolExecutor.java:1149)
	at java.util.concurrent.ThreadPoolExecutor$Worker.run(ThreadPoolExecutor.java:624)
	... 1 more
Caused by: org.apache.ratis.thirdparty.io.netty.channel.AbstractChannel$AnnotatedConnectException: Connection refused: /192.168.157.233:35716
	at sun.nio.ch.SocketChannelImpl.checkConnect(Native Method)
	at sun.nio.ch.SocketChannelImpl.finishConnect(SocketChannelImpl.java:717)
	at org.apache.ratis.thirdparty.io.netty.channel.socket.nio.NioSocketChannel.doFinishConnect(NioSocketChannel.java:327)
	at org.apache.ratis.thirdparty.io.netty.channel.nio.AbstractNioChannel$AbstractNioUnsafe.finishConnect(AbstractNioChannel.java:340)
	at org.apache.ratis.thirdparty.io.netty.channel.nio.NioEventLoop.processSelectedKey(NioEventLoop.java:632)
	at org.apache.ratis.thirdparty.io.netty.channel.nio.NioEventLoop.processSelectedKeysOptimized(NioEventLoop.java:579)
	at org.apache.ratis.thirdparty.io.netty.channel.nio.NioEventLoop.processSelectedKeys(NioEventLoop.java:496)
	at org.apache.ratis.thirdparty.io.netty.channel.nio.NioEventLoop.run(NioEventLoop.java:458)
	at org.apache.ratis.thirdparty.io.netty.util.concurrent.SingleThreadEventExecutor$5.run(SingleThreadEventExecutor.java:897)
	at org.apache.ratis.thirdparty.io.netty.util.concurrent.FastThreadLocalRunnable.run(FastThreadLocalRunnable.java:30)
	... 1 more
Caused by: java.net.ConnectException: Connection refused
	... 11 more
2019-10-25 11:08:01,634 [f6cfa8a2-85ff-4bb9-a246-101c53d2d47b@group-49E82E920F3F-LeaderElection616] INFO  impl.LeaderElection (LogUtils.java:infoOrTrace(149)) - f6cfa8a2-85ff-4bb9-a246-101c53d2d47b@group-49E82E920F3F-LeaderElection616 got exception when requesting votes: {}
java.util.concurrent.ExecutionException: org.apache.ratis.thirdparty.io.grpc.StatusRuntimeException: UNAVAILABLE: io exception
	at java.util.concurrent.FutureTask.report(FutureTask.java:122)
	at java.util.concurrent.FutureTask.get(FutureTask.java:192)
	at org.apache.ratis.server.impl.LeaderElection.waitForResults(LeaderElection.java:259)
	at org.apache.ratis.server.impl.LeaderElection.askForVotes(LeaderElection.java:197)
	at org.apache.ratis.server.impl.LeaderElection.run(LeaderElection.java:133)
	at java.lang.Thread.run(Thread.java:748)
Caused by: org.apache.ratis.thirdparty.io.grpc.StatusRuntimeException: UNAVAILABLE: io exception
	at org.apache.ratis.thirdparty.io.grpc.stub.ClientCalls.toStatusRuntimeException(ClientCalls.java:233)
	at org.apache.ratis.thirdparty.io.grpc.stub.ClientCalls.getUnchecked(ClientCalls.java:214)
	at org.apache.ratis.thirdparty.io.grpc.stub.ClientCalls.blockingUnaryCall(ClientCalls.java:139)
	at org.apache.ratis.proto.grpc.RaftServerProtocolServiceGrpc$RaftServerProtocolServiceBlockingStub.requestVote(RaftServerProtocolServiceGrpc.java:265)
	at org.apache.ratis.grpc.server.GrpcServerProtocolClient.requestVote(GrpcServerProtocolClient.java:99)
	at org.apache.ratis.grpc.server.GrpcService.requestVote(GrpcService.java:204)
	at org.apache.ratis.server.impl.LeaderElection.lambda$submitRequests$1(LeaderElection.java:234)
	at java.util.concurrent.FutureTask.run(FutureTask.java:266)
	at java.util.concurrent.Executors$RunnableAdapter.call(Executors.java:511)
	at java.util.concurrent.FutureTask.run(FutureTask.java:266)
	at java.util.concurrent.ThreadPoolExecutor.runWorker(ThreadPoolExecutor.java:1149)
	at java.util.concurrent.ThreadPoolExecutor$Worker.run(ThreadPoolExecutor.java:624)
	... 1 more
Caused by: org.apache.ratis.thirdparty.io.netty.channel.AbstractChannel$AnnotatedConnectException: Connection refused: /192.168.157.233:42906
	at sun.nio.ch.SocketChannelImpl.checkConnect(Native Method)
	at sun.nio.ch.SocketChannelImpl.finishConnect(SocketChannelImpl.java:717)
	at org.apache.ratis.thirdparty.io.netty.channel.socket.nio.NioSocketChannel.doFinishConnect(NioSocketChannel.java:327)
	at org.apache.ratis.thirdparty.io.netty.channel.nio.AbstractNioChannel$AbstractNioUnsafe.finishConnect(AbstractNioChannel.java:340)
	at org.apache.ratis.thirdparty.io.netty.channel.nio.NioEventLoop.processSelectedKey(NioEventLoop.java:632)
	at org.apache.ratis.thirdparty.io.netty.channel.nio.NioEventLoop.processSelectedKeysOptimized(NioEventLoop.java:579)
	at org.apache.ratis.thirdparty.io.netty.channel.nio.NioEventLoop.processSelectedKeys(NioEventLoop.java:496)
	at org.apache.ratis.thirdparty.io.netty.channel.nio.NioEventLoop.run(NioEventLoop.java:458)
	at org.apache.ratis.thirdparty.io.netty.util.concurrent.SingleThreadEventExecutor$5.run(SingleThreadEventExecutor.java:897)
	at org.apache.ratis.thirdparty.io.netty.util.concurrent.FastThreadLocalRunnable.run(FastThreadLocalRunnable.java:30)
	... 1 more
Caused by: java.net.ConnectException: Connection refused
	... 11 more
2019-10-25 11:08:01,635 [f6cfa8a2-85ff-4bb9-a246-101c53d2d47b@group-49E82E920F3F-LeaderElection616] INFO  impl.LeaderElection (LeaderElection.java:logAndReturn(56)) - f6cfa8a2-85ff-4bb9-a246-101c53d2d47b@group-49E82E920F3F-LeaderElection616: Election REJECTED; received 0 response(s) [] and 2 exception(s); f6cfa8a2-85ff-4bb9-a246-101c53d2d47b@group-49E82E920F3F:t206, leader=null, voted=f6cfa8a2-85ff-4bb9-a246-101c53d2d47b, raftlog=f6cfa8a2-85ff-4bb9-a246-101c53d2d47b@group-49E82E920F3F-SegmentedRaftLog:OPENED:c-1,f-1,i0, conf=-1: [7fad1e98-7a6b-4998-a30c-ec1ab88068bc:192.168.157.233:35716, bdb27072-dd00-4d3b-a7da-41600e490ca3:192.168.157.233:42906, f6cfa8a2-85ff-4bb9-a246-101c53d2d47b:192.168.157.233:44618], old=null
2019-10-25 11:08:01,635 [f6cfa8a2-85ff-4bb9-a246-101c53d2d47b@group-49E82E920F3F-LeaderElection616] INFO  impl.LeaderElection (LogUtils.java:infoOrTrace(149)) -   Exception 0: {}
java.util.concurrent.ExecutionException: org.apache.ratis.thirdparty.io.grpc.StatusRuntimeException: UNAVAILABLE: io exception
	at java.util.concurrent.FutureTask.report(FutureTask.java:122)
	at java.util.concurrent.FutureTask.get(FutureTask.java:192)
	at org.apache.ratis.server.impl.LeaderElection.waitForResults(LeaderElection.java:259)
	at org.apache.ratis.server.impl.LeaderElection.askForVotes(LeaderElection.java:197)
	at org.apache.ratis.server.impl.LeaderElection.run(LeaderElection.java:133)
	at java.lang.Thread.run(Thread.java:748)
Caused by: org.apache.ratis.thirdparty.io.grpc.StatusRuntimeException: UNAVAILABLE: io exception
	at org.apache.ratis.thirdparty.io.grpc.stub.ClientCalls.toStatusRuntimeException(ClientCalls.java:233)
	at org.apache.ratis.thirdparty.io.grpc.stub.ClientCalls.getUnchecked(ClientCalls.java:214)
	at org.apache.ratis.thirdparty.io.grpc.stub.ClientCalls.blockingUnaryCall(ClientCalls.java:139)
	at org.apache.ratis.proto.grpc.RaftServerProtocolServiceGrpc$RaftServerProtocolServiceBlockingStub.requestVote(RaftServerProtocolServiceGrpc.java:265)
	at org.apache.ratis.grpc.server.GrpcServerProtocolClient.requestVote(GrpcServerProtocolClient.java:99)
	at org.apache.ratis.grpc.server.GrpcService.requestVote(GrpcService.java:204)
	at org.apache.ratis.server.impl.LeaderElection.lambda$submitRequests$1(LeaderElection.java:234)
	at java.util.concurrent.FutureTask.run(FutureTask.java:266)
	at java.util.concurrent.Executors$RunnableAdapter.call(Executors.java:511)
	at java.util.concurrent.FutureTask.run(FutureTask.java:266)
	at java.util.concurrent.ThreadPoolExecutor.runWorker(ThreadPoolExecutor.java:1149)
	at java.util.concurrent.ThreadPoolExecutor$Worker.run(ThreadPoolExecutor.java:624)
	... 1 more
Caused by: org.apache.ratis.thirdparty.io.netty.channel.AbstractChannel$AnnotatedConnectException: Connection refused: /192.168.157.233:35716
	at sun.nio.ch.SocketChannelImpl.checkConnect(Native Method)
	at sun.nio.ch.SocketChannelImpl.finishConnect(SocketChannelImpl.java:717)
	at org.apache.ratis.thirdparty.io.netty.channel.socket.nio.NioSocketChannel.doFinishConnect(NioSocketChannel.java:327)
	at org.apache.ratis.thirdparty.io.netty.channel.nio.AbstractNioChannel$AbstractNioUnsafe.finishConnect(AbstractNioChannel.java:340)
	at org.apache.ratis.thirdparty.io.netty.channel.nio.NioEventLoop.processSelectedKey(NioEventLoop.java:632)
	at org.apache.ratis.thirdparty.io.netty.channel.nio.NioEventLoop.processSelectedKeysOptimized(NioEventLoop.java:579)
	at org.apache.ratis.thirdparty.io.netty.channel.nio.NioEventLoop.processSelectedKeys(NioEventLoop.java:496)
	at org.apache.ratis.thirdparty.io.netty.channel.nio.NioEventLoop.run(NioEventLoop.java:458)
	at org.apache.ratis.thirdparty.io.netty.util.concurrent.SingleThreadEventExecutor$5.run(SingleThreadEventExecutor.java:897)
	at org.apache.ratis.thirdparty.io.netty.util.concurrent.FastThreadLocalRunnable.run(FastThreadLocalRunnable.java:30)
	... 1 more
Caused by: java.net.ConnectException: Connection refused
	... 11 more
2019-10-25 11:08:01,635 [f6cfa8a2-85ff-4bb9-a246-101c53d2d47b@group-49E82E920F3F-LeaderElection616] INFO  impl.LeaderElection (LogUtils.java:infoOrTrace(149)) -   Exception 1: {}
java.util.concurrent.ExecutionException: org.apache.ratis.thirdparty.io.grpc.StatusRuntimeException: UNAVAILABLE: io exception
	at java.util.concurrent.FutureTask.report(FutureTask.java:122)
	at java.util.concurrent.FutureTask.get(FutureTask.java:192)
	at org.apache.ratis.server.impl.LeaderElection.waitForResults(LeaderElection.java:259)
	at org.apache.ratis.server.impl.LeaderElection.askForVotes(LeaderElection.java:197)
	at org.apache.ratis.server.impl.LeaderElection.run(LeaderElection.java:133)
	at java.lang.Thread.run(Thread.java:748)
Caused by: org.apache.ratis.thirdparty.io.grpc.StatusRuntimeException: UNAVAILABLE: io exception
	at org.apache.ratis.thirdparty.io.grpc.stub.ClientCalls.toStatusRuntimeException(ClientCalls.java:233)
	at org.apache.ratis.thirdparty.io.grpc.stub.ClientCalls.getUnchecked(ClientCalls.java:214)
	at org.apache.ratis.thirdparty.io.grpc.stub.ClientCalls.blockingUnaryCall(ClientCalls.java:139)
	at org.apache.ratis.proto.grpc.RaftServerProtocolServiceGrpc$RaftServerProtocolServiceBlockingStub.requestVote(RaftServerProtocolServiceGrpc.java:265)
	at org.apache.ratis.grpc.server.GrpcServerProtocolClient.requestVote(GrpcServerProtocolClient.java:99)
	at org.apache.ratis.grpc.server.GrpcService.requestVote(GrpcService.java:204)
	at org.apache.ratis.server.impl.LeaderElection.lambda$submitRequests$1(LeaderElection.java:234)
	at java.util.concurrent.FutureTask.run(FutureTask.java:266)
	at java.util.concurrent.Executors$RunnableAdapter.call(Executors.java:511)
	at java.util.concurrent.FutureTask.run(FutureTask.java:266)
	at java.util.concurrent.ThreadPoolExecutor.runWorker(ThreadPoolExecutor.java:1149)
	at java.util.concurrent.ThreadPoolExecutor$Worker.run(ThreadPoolExecutor.java:624)
	... 1 more
Caused by: org.apache.ratis.thirdparty.io.netty.channel.AbstractChannel$AnnotatedConnectException: Connection refused: /192.168.157.233:42906
	at sun.nio.ch.SocketChannelImpl.checkConnect(Native Method)
	at sun.nio.ch.SocketChannelImpl.finishConnect(SocketChannelImpl.java:717)
	at org.apache.ratis.thirdparty.io.netty.channel.socket.nio.NioSocketChannel.doFinishConnect(NioSocketChannel.java:327)
	at org.apache.ratis.thirdparty.io.netty.channel.nio.AbstractNioChannel$AbstractNioUnsafe.finishConnect(AbstractNioChannel.java:340)
	at org.apache.ratis.thirdparty.io.netty.channel.nio.NioEventLoop.processSelectedKey(NioEventLoop.java:632)
	at org.apache.ratis.thirdparty.io.netty.channel.nio.NioEventLoop.processSelectedKeysOptimized(NioEventLoop.java:579)
	at org.apache.ratis.thirdparty.io.netty.channel.nio.NioEventLoop.processSelectedKeys(NioEventLoop.java:496)
	at org.apache.ratis.thirdparty.io.netty.channel.nio.NioEventLoop.run(NioEventLoop.java:458)
	at org.apache.ratis.thirdparty.io.netty.util.concurrent.SingleThreadEventExecutor$5.run(SingleThreadEventExecutor.java:897)
	at org.apache.ratis.thirdparty.io.netty.util.concurrent.FastThreadLocalRunnable.run(FastThreadLocalRunnable.java:30)
	... 1 more
Caused by: java.net.ConnectException: Connection refused
	... 11 more
2019-10-25 11:08:01,636 [f6cfa8a2-85ff-4bb9-a246-101c53d2d47b@group-49E82E920F3F-LeaderElection616] INFO  impl.RaftServerImpl (RaftServerImpl.java:setRole(184)) - f6cfa8a2-85ff-4bb9-a246-101c53d2d47b@group-49E82E920F3F: changes role from CANDIDATE to FOLLOWER at term 206 for DISCOVERED_A_NEW_TERM
2019-10-25 11:08:01,636 [f6cfa8a2-85ff-4bb9-a246-101c53d2d47b@group-49E82E920F3F-LeaderElection616] INFO  impl.RoleInfo (RoleInfo.java:shutdownLeaderElection(134)) - f6cfa8a2-85ff-4bb9-a246-101c53d2d47b: shutdown LeaderElection
2019-10-25 11:08:01,636 [f6cfa8a2-85ff-4bb9-a246-101c53d2d47b@group-49E82E920F3F-LeaderElection616] INFO  impl.RoleInfo (RoleInfo.java:updateAndGet(143)) - f6cfa8a2-85ff-4bb9-a246-101c53d2d47b: start FollowerState
2019-10-25 11:08:01,794 [Thread-5056] INFO  impl.FollowerState (FollowerState.java:run(108)) - f6cfa8a2-85ff-4bb9-a246-101c53d2d47b@group-49E82E920F3F-FollowerState: change to CANDIDATE, lastRpcTime:158ms, electionTimeout:158ms
2019-10-25 11:08:01,794 [Thread-5056] INFO  impl.RoleInfo (RoleInfo.java:shutdownFollowerState(121)) - f6cfa8a2-85ff-4bb9-a246-101c53d2d47b: shutdown FollowerState
2019-10-25 11:08:01,794 [Thread-5056] INFO  impl.RaftServerImpl (RaftServerImpl.java:setRole(184)) - f6cfa8a2-85ff-4bb9-a246-101c53d2d47b@group-49E82E920F3F: changes role from  FOLLOWER to CANDIDATE at term 206 for changeToCandidate
2019-10-25 11:08:01,794 [Thread-5056] INFO  impl.RoleInfo (RoleInfo.java:updateAndGet(143)) - f6cfa8a2-85ff-4bb9-a246-101c53d2d47b: start LeaderElection
2019-10-25 11:08:01,808 [f6cfa8a2-85ff-4bb9-a246-101c53d2d47b@group-49E82E920F3F-LeaderElection617] INFO  impl.LeaderElection (LeaderElection.java:askForVotes(178)) - f6cfa8a2-85ff-4bb9-a246-101c53d2d47b@group-49E82E920F3F-LeaderElection617: begin an election at term 207 for -1: [7fad1e98-7a6b-4998-a30c-ec1ab88068bc:192.168.157.233:35716, bdb27072-dd00-4d3b-a7da-41600e490ca3:192.168.157.233:42906, f6cfa8a2-85ff-4bb9-a246-101c53d2d47b:192.168.157.233:44618], old=null
2019-10-25 11:08:01,809 [f6cfa8a2-85ff-4bb9-a246-101c53d2d47b@group-49E82E920F3F-LeaderElection617] INFO  impl.LeaderElection (LogUtils.java:infoOrTrace(149)) - f6cfa8a2-85ff-4bb9-a246-101c53d2d47b@group-49E82E920F3F-LeaderElection617 got exception when requesting votes: {}
java.util.concurrent.ExecutionException: org.apache.ratis.thirdparty.io.grpc.StatusRuntimeException: UNAVAILABLE: io exception
	at java.util.concurrent.FutureTask.report(FutureTask.java:122)
	at java.util.concurrent.FutureTask.get(FutureTask.java:192)
	at org.apache.ratis.server.impl.LeaderElection.waitForResults(LeaderElection.java:259)
	at org.apache.ratis.server.impl.LeaderElection.askForVotes(LeaderElection.java:197)
	at org.apache.ratis.server.impl.LeaderElection.run(LeaderElection.java:133)
	at java.lang.Thread.run(Thread.java:748)
Caused by: org.apache.ratis.thirdparty.io.grpc.StatusRuntimeException: UNAVAILABLE: io exception
	at org.apache.ratis.thirdparty.io.grpc.stub.ClientCalls.toStatusRuntimeException(ClientCalls.java:233)
	at org.apache.ratis.thirdparty.io.grpc.stub.ClientCalls.getUnchecked(ClientCalls.java:214)
	at org.apache.ratis.thirdparty.io.grpc.stub.ClientCalls.blockingUnaryCall(ClientCalls.java:139)
	at org.apache.ratis.proto.grpc.RaftServerProtocolServiceGrpc$RaftServerProtocolServiceBlockingStub.requestVote(RaftServerProtocolServiceGrpc.java:265)
	at org.apache.ratis.grpc.server.GrpcServerProtocolClient.requestVote(GrpcServerProtocolClient.java:99)
	at org.apache.ratis.grpc.server.GrpcService.requestVote(GrpcService.java:204)
	at org.apache.ratis.server.impl.LeaderElection.lambda$submitRequests$1(LeaderElection.java:234)
	at java.util.concurrent.FutureTask.run(FutureTask.java:266)
	at java.util.concurrent.Executors$RunnableAdapter.call(Executors.java:511)
	at java.util.concurrent.FutureTask.run(FutureTask.java:266)
	at java.util.concurrent.ThreadPoolExecutor.runWorker(ThreadPoolExecutor.java:1149)
	at java.util.concurrent.ThreadPoolExecutor$Worker.run(ThreadPoolExecutor.java:624)
	... 1 more
Caused by: org.apache.ratis.thirdparty.io.netty.channel.AbstractChannel$AnnotatedConnectException: Connection refused: /192.168.157.233:35716
	at sun.nio.ch.SocketChannelImpl.checkConnect(Native Method)
	at sun.nio.ch.SocketChannelImpl.finishConnect(SocketChannelImpl.java:717)
	at org.apache.ratis.thirdparty.io.netty.channel.socket.nio.NioSocketChannel.doFinishConnect(NioSocketChannel.java:327)
	at org.apache.ratis.thirdparty.io.netty.channel.nio.AbstractNioChannel$AbstractNioUnsafe.finishConnect(AbstractNioChannel.java:340)
	at org.apache.ratis.thirdparty.io.netty.channel.nio.NioEventLoop.processSelectedKey(NioEventLoop.java:632)
	at org.apache.ratis.thirdparty.io.netty.channel.nio.NioEventLoop.processSelectedKeysOptimized(NioEventLoop.java:579)
	at org.apache.ratis.thirdparty.io.netty.channel.nio.NioEventLoop.processSelectedKeys(NioEventLoop.java:496)
	at org.apache.ratis.thirdparty.io.netty.channel.nio.NioEventLoop.run(NioEventLoop.java:458)
	at org.apache.ratis.thirdparty.io.netty.util.concurrent.SingleThreadEventExecutor$5.run(SingleThreadEventExecutor.java:897)
	at org.apache.ratis.thirdparty.io.netty.util.concurrent.FastThreadLocalRunnable.run(FastThreadLocalRunnable.java:30)
	... 1 more
Caused by: java.net.ConnectException: Connection refused
	... 11 more
2019-10-25 11:08:01,810 [f6cfa8a2-85ff-4bb9-a246-101c53d2d47b@group-49E82E920F3F-LeaderElection617] INFO  impl.LeaderElection (LogUtils.java:infoOrTrace(149)) - f6cfa8a2-85ff-4bb9-a246-101c53d2d47b@group-49E82E920F3F-LeaderElection617 got exception when requesting votes: {}
java.util.concurrent.ExecutionException: org.apache.ratis.thirdparty.io.grpc.StatusRuntimeException: UNAVAILABLE: io exception
	at java.util.concurrent.FutureTask.report(FutureTask.java:122)
	at java.util.concurrent.FutureTask.get(FutureTask.java:192)
	at org.apache.ratis.server.impl.LeaderElection.waitForResults(LeaderElection.java:259)
	at org.apache.ratis.server.impl.LeaderElection.askForVotes(LeaderElection.java:197)
	at org.apache.ratis.server.impl.LeaderElection.run(LeaderElection.java:133)
	at java.lang.Thread.run(Thread.java:748)
Caused by: org.apache.ratis.thirdparty.io.grpc.StatusRuntimeException: UNAVAILABLE: io exception
	at org.apache.ratis.thirdparty.io.grpc.stub.ClientCalls.toStatusRuntimeException(ClientCalls.java:233)
	at org.apache.ratis.thirdparty.io.grpc.stub.ClientCalls.getUnchecked(ClientCalls.java:214)
	at org.apache.ratis.thirdparty.io.grpc.stub.ClientCalls.blockingUnaryCall(ClientCalls.java:139)
	at org.apache.ratis.proto.grpc.RaftServerProtocolServiceGrpc$RaftServerProtocolServiceBlockingStub.requestVote(RaftServerProtocolServiceGrpc.java:265)
	at org.apache.ratis.grpc.server.GrpcServerProtocolClient.requestVote(GrpcServerProtocolClient.java:99)
	at org.apache.ratis.grpc.server.GrpcService.requestVote(GrpcService.java:204)
	at org.apache.ratis.server.impl.LeaderElection.lambda$submitRequests$1(LeaderElection.java:234)
	at java.util.concurrent.FutureTask.run(FutureTask.java:266)
	at java.util.concurrent.Executors$RunnableAdapter.call(Executors.java:511)
	at java.util.concurrent.FutureTask.run(FutureTask.java:266)
	at java.util.concurrent.ThreadPoolExecutor.runWorker(ThreadPoolExecutor.java:1149)
	at java.util.concurrent.ThreadPoolExecutor$Worker.run(ThreadPoolExecutor.java:624)
	... 1 more
Caused by: org.apache.ratis.thirdparty.io.netty.channel.AbstractChannel$AnnotatedConnectException: Connection refused: /192.168.157.233:42906
	at sun.nio.ch.SocketChannelImpl.checkConnect(Native Method)
	at sun.nio.ch.SocketChannelImpl.finishConnect(SocketChannelImpl.java:717)
	at org.apache.ratis.thirdparty.io.netty.channel.socket.nio.NioSocketChannel.doFinishConnect(NioSocketChannel.java:327)
	at org.apache.ratis.thirdparty.io.netty.channel.nio.AbstractNioChannel$AbstractNioUnsafe.finishConnect(AbstractNioChannel.java:340)
	at org.apache.ratis.thirdparty.io.netty.channel.nio.NioEventLoop.processSelectedKey(NioEventLoop.java:632)
	at org.apache.ratis.thirdparty.io.netty.channel.nio.NioEventLoop.processSelectedKeysOptimized(NioEventLoop.java:579)
	at org.apache.ratis.thirdparty.io.netty.channel.nio.NioEventLoop.processSelectedKeys(NioEventLoop.java:496)
	at org.apache.ratis.thirdparty.io.netty.channel.nio.NioEventLoop.run(NioEventLoop.java:458)
	at org.apache.ratis.thirdparty.io.netty.util.concurrent.SingleThreadEventExecutor$5.run(SingleThreadEventExecutor.java:897)
	at org.apache.ratis.thirdparty.io.netty.util.concurrent.FastThreadLocalRunnable.run(FastThreadLocalRunnable.java:30)
	... 1 more
Caused by: java.net.ConnectException: Connection refused
	... 11 more
2019-10-25 11:08:01,810 [f6cfa8a2-85ff-4bb9-a246-101c53d2d47b@group-49E82E920F3F-LeaderElection617] INFO  impl.LeaderElection (LeaderElection.java:logAndReturn(56)) - f6cfa8a2-85ff-4bb9-a246-101c53d2d47b@group-49E82E920F3F-LeaderElection617: Election REJECTED; received 0 response(s) [] and 2 exception(s); f6cfa8a2-85ff-4bb9-a246-101c53d2d47b@group-49E82E920F3F:t207, leader=null, voted=f6cfa8a2-85ff-4bb9-a246-101c53d2d47b, raftlog=f6cfa8a2-85ff-4bb9-a246-101c53d2d47b@group-49E82E920F3F-SegmentedRaftLog:OPENED:c-1,f-1,i0, conf=-1: [7fad1e98-7a6b-4998-a30c-ec1ab88068bc:192.168.157.233:35716, bdb27072-dd00-4d3b-a7da-41600e490ca3:192.168.157.233:42906, f6cfa8a2-85ff-4bb9-a246-101c53d2d47b:192.168.157.233:44618], old=null
2019-10-25 11:08:01,810 [f6cfa8a2-85ff-4bb9-a246-101c53d2d47b@group-49E82E920F3F-LeaderElection617] INFO  impl.LeaderElection (LogUtils.java:infoOrTrace(149)) -   Exception 0: {}
java.util.concurrent.ExecutionException: org.apache.ratis.thirdparty.io.grpc.StatusRuntimeException: UNAVAILABLE: io exception
	at java.util.concurrent.FutureTask.report(FutureTask.java:122)
	at java.util.concurrent.FutureTask.get(FutureTask.java:192)
	at org.apache.ratis.server.impl.LeaderElection.waitForResults(LeaderElection.java:259)
	at org.apache.ratis.server.impl.LeaderElection.askForVotes(LeaderElection.java:197)
	at org.apache.ratis.server.impl.LeaderElection.run(LeaderElection.java:133)
	at java.lang.Thread.run(Thread.java:748)
Caused by: org.apache.ratis.thirdparty.io.grpc.StatusRuntimeException: UNAVAILABLE: io exception
	at org.apache.ratis.thirdparty.io.grpc.stub.ClientCalls.toStatusRuntimeException(ClientCalls.java:233)
	at org.apache.ratis.thirdparty.io.grpc.stub.ClientCalls.getUnchecked(ClientCalls.java:214)
	at org.apache.ratis.thirdparty.io.grpc.stub.ClientCalls.blockingUnaryCall(ClientCalls.java:139)
	at org.apache.ratis.proto.grpc.RaftServerProtocolServiceGrpc$RaftServerProtocolServiceBlockingStub.requestVote(RaftServerProtocolServiceGrpc.java:265)
	at org.apache.ratis.grpc.server.GrpcServerProtocolClient.requestVote(GrpcServerProtocolClient.java:99)
	at org.apache.ratis.grpc.server.GrpcService.requestVote(GrpcService.java:204)
	at org.apache.ratis.server.impl.LeaderElection.lambda$submitRequests$1(LeaderElection.java:234)
	at java.util.concurrent.FutureTask.run(FutureTask.java:266)
	at java.util.concurrent.Executors$RunnableAdapter.call(Executors.java:511)
	at java.util.concurrent.FutureTask.run(FutureTask.java:266)
	at java.util.concurrent.ThreadPoolExecutor.runWorker(ThreadPoolExecutor.java:1149)
	at java.util.concurrent.ThreadPoolExecutor$Worker.run(ThreadPoolExecutor.java:624)
	... 1 more
Caused by: org.apache.ratis.thirdparty.io.netty.channel.AbstractChannel$AnnotatedConnectException: Connection refused: /192.168.157.233:35716
	at sun.nio.ch.SocketChannelImpl.checkConnect(Native Method)
	at sun.nio.ch.SocketChannelImpl.finishConnect(SocketChannelImpl.java:717)
	at org.apache.ratis.thirdparty.io.netty.channel.socket.nio.NioSocketChannel.doFinishConnect(NioSocketChannel.java:327)
	at org.apache.ratis.thirdparty.io.netty.channel.nio.AbstractNioChannel$AbstractNioUnsafe.finishConnect(AbstractNioChannel.java:340)
	at org.apache.ratis.thirdparty.io.netty.channel.nio.NioEventLoop.processSelectedKey(NioEventLoop.java:632)
	at org.apache.ratis.thirdparty.io.netty.channel.nio.NioEventLoop.processSelectedKeysOptimized(NioEventLoop.java:579)
	at org.apache.ratis.thirdparty.io.netty.channel.nio.NioEventLoop.processSelectedKeys(NioEventLoop.java:496)
	at org.apache.ratis.thirdparty.io.netty.channel.nio.NioEventLoop.run(NioEventLoop.java:458)
	at org.apache.ratis.thirdparty.io.netty.util.concurrent.SingleThreadEventExecutor$5.run(SingleThreadEventExecutor.java:897)
	at org.apache.ratis.thirdparty.io.netty.util.concurrent.FastThreadLocalRunnable.run(FastThreadLocalRunnable.java:30)
	... 1 more
Caused by: java.net.ConnectException: Connection refused
	... 11 more
2019-10-25 11:08:01,811 [f6cfa8a2-85ff-4bb9-a246-101c53d2d47b@group-49E82E920F3F-LeaderElection617] INFO  impl.LeaderElection (LogUtils.java:infoOrTrace(149)) -   Exception 1: {}
java.util.concurrent.ExecutionException: org.apache.ratis.thirdparty.io.grpc.StatusRuntimeException: UNAVAILABLE: io exception
	at java.util.concurrent.FutureTask.report(FutureTask.java:122)
	at java.util.concurrent.FutureTask.get(FutureTask.java:192)
	at org.apache.ratis.server.impl.LeaderElection.waitForResults(LeaderElection.java:259)
	at org.apache.ratis.server.impl.LeaderElection.askForVotes(LeaderElection.java:197)
	at org.apache.ratis.server.impl.LeaderElection.run(LeaderElection.java:133)
	at java.lang.Thread.run(Thread.java:748)
Caused by: org.apache.ratis.thirdparty.io.grpc.StatusRuntimeException: UNAVAILABLE: io exception
	at org.apache.ratis.thirdparty.io.grpc.stub.ClientCalls.toStatusRuntimeException(ClientCalls.java:233)
	at org.apache.ratis.thirdparty.io.grpc.stub.ClientCalls.getUnchecked(ClientCalls.java:214)
	at org.apache.ratis.thirdparty.io.grpc.stub.ClientCalls.blockingUnaryCall(ClientCalls.java:139)
	at org.apache.ratis.proto.grpc.RaftServerProtocolServiceGrpc$RaftServerProtocolServiceBlockingStub.requestVote(RaftServerProtocolServiceGrpc.java:265)
	at org.apache.ratis.grpc.server.GrpcServerProtocolClient.requestVote(GrpcServerProtocolClient.java:99)
	at org.apache.ratis.grpc.server.GrpcService.requestVote(GrpcService.java:204)
	at org.apache.ratis.server.impl.LeaderElection.lambda$submitRequests$1(LeaderElection.java:234)
	at java.util.concurrent.FutureTask.run(FutureTask.java:266)
	at java.util.concurrent.Executors$RunnableAdapter.call(Executors.java:511)
	at java.util.concurrent.FutureTask.run(FutureTask.java:266)
	at java.util.concurrent.ThreadPoolExecutor.runWorker(ThreadPoolExecutor.java:1149)
	at java.util.concurrent.ThreadPoolExecutor$Worker.run(ThreadPoolExecutor.java:624)
	... 1 more
Caused by: org.apache.ratis.thirdparty.io.netty.channel.AbstractChannel$AnnotatedConnectException: Connection refused: /192.168.157.233:42906
	at sun.nio.ch.SocketChannelImpl.checkConnect(Native Method)
	at sun.nio.ch.SocketChannelImpl.finishConnect(SocketChannelImpl.java:717)
	at org.apache.ratis.thirdparty.io.netty.channel.socket.nio.NioSocketChannel.doFinishConnect(NioSocketChannel.java:327)
	at org.apache.ratis.thirdparty.io.netty.channel.nio.AbstractNioChannel$AbstractNioUnsafe.finishConnect(AbstractNioChannel.java:340)
	at org.apache.ratis.thirdparty.io.netty.channel.nio.NioEventLoop.processSelectedKey(NioEventLoop.java:632)
	at org.apache.ratis.thirdparty.io.netty.channel.nio.NioEventLoop.processSelectedKeysOptimized(NioEventLoop.java:579)
	at org.apache.ratis.thirdparty.io.netty.channel.nio.NioEventLoop.processSelectedKeys(NioEventLoop.java:496)
	at org.apache.ratis.thirdparty.io.netty.channel.nio.NioEventLoop.run(NioEventLoop.java:458)
	at org.apache.ratis.thirdparty.io.netty.util.concurrent.SingleThreadEventExecutor$5.run(SingleThreadEventExecutor.java:897)
	at org.apache.ratis.thirdparty.io.netty.util.concurrent.FastThreadLocalRunnable.run(FastThreadLocalRunnable.java:30)
	... 1 more
Caused by: java.net.ConnectException: Connection refused
	... 11 more
2019-10-25 11:08:01,811 [f6cfa8a2-85ff-4bb9-a246-101c53d2d47b@group-49E82E920F3F-LeaderElection617] INFO  impl.RaftServerImpl (RaftServerImpl.java:setRole(184)) - f6cfa8a2-85ff-4bb9-a246-101c53d2d47b@group-49E82E920F3F: changes role from CANDIDATE to FOLLOWER at term 207 for DISCOVERED_A_NEW_TERM
2019-10-25 11:08:01,811 [f6cfa8a2-85ff-4bb9-a246-101c53d2d47b@group-49E82E920F3F-LeaderElection617] INFO  impl.RoleInfo (RoleInfo.java:shutdownLeaderElection(134)) - f6cfa8a2-85ff-4bb9-a246-101c53d2d47b: shutdown LeaderElection
2019-10-25 11:08:01,811 [f6cfa8a2-85ff-4bb9-a246-101c53d2d47b@group-49E82E920F3F-LeaderElection617] INFO  impl.RoleInfo (RoleInfo.java:updateAndGet(143)) - f6cfa8a2-85ff-4bb9-a246-101c53d2d47b: start FollowerState
2019-10-25 11:08:01,968 [java.util.concurrent.ThreadPoolExecutor$Worker@3e501297[State = -1, empty queue]] WARN  server.GrpcLogAppender (GrpcLogAppender.java:timeoutAppendRequest(209)) - 8a2c850d-503a-4b6a-9325-357a6554e10c@group-B334D6EBB589->e8f52f97-4cbf-4021-bc09-65b78a9dc21b-GrpcLogAppender: appendEntries Timeout, request=8a2c850d-503a-4b6a-9325-357a6554e10c->e8f52f97-4cbf-4021-bc09-65b78a9dc21b#44-t1, previous=(t:1, i:0), leaderCommit=0, initializing? false, entries: <empty>
2019-10-25 11:08:01,978 [Thread-5062] INFO  impl.FollowerState (FollowerState.java:run(108)) - f6cfa8a2-85ff-4bb9-a246-101c53d2d47b@group-49E82E920F3F-FollowerState: change to CANDIDATE, lastRpcTime:166ms, electionTimeout:166ms
2019-10-25 11:08:01,978 [Thread-5062] INFO  impl.RoleInfo (RoleInfo.java:shutdownFollowerState(121)) - f6cfa8a2-85ff-4bb9-a246-101c53d2d47b: shutdown FollowerState
2019-10-25 11:08:01,978 [Thread-5062] INFO  impl.RaftServerImpl (RaftServerImpl.java:setRole(184)) - f6cfa8a2-85ff-4bb9-a246-101c53d2d47b@group-49E82E920F3F: changes role from  FOLLOWER to CANDIDATE at term 207 for changeToCandidate
2019-10-25 11:08:01,978 [Thread-5062] INFO  impl.RoleInfo (RoleInfo.java:updateAndGet(143)) - f6cfa8a2-85ff-4bb9-a246-101c53d2d47b: start LeaderElection
2019-10-25 11:08:01,992 [f6cfa8a2-85ff-4bb9-a246-101c53d2d47b@group-49E82E920F3F-LeaderElection618] INFO  impl.LeaderElection (LeaderElection.java:askForVotes(178)) - f6cfa8a2-85ff-4bb9-a246-101c53d2d47b@group-49E82E920F3F-LeaderElection618: begin an election at term 208 for -1: [7fad1e98-7a6b-4998-a30c-ec1ab88068bc:192.168.157.233:35716, bdb27072-dd00-4d3b-a7da-41600e490ca3:192.168.157.233:42906, f6cfa8a2-85ff-4bb9-a246-101c53d2d47b:192.168.157.233:44618], old=null
2019-10-25 11:08:01,993 [f6cfa8a2-85ff-4bb9-a246-101c53d2d47b@group-49E82E920F3F-LeaderElection618] INFO  impl.LeaderElection (LogUtils.java:infoOrTrace(149)) - f6cfa8a2-85ff-4bb9-a246-101c53d2d47b@group-49E82E920F3F-LeaderElection618 got exception when requesting votes: {}
java.util.concurrent.ExecutionException: org.apache.ratis.thirdparty.io.grpc.StatusRuntimeException: UNAVAILABLE: io exception
	at java.util.concurrent.FutureTask.report(FutureTask.java:122)
	at java.util.concurrent.FutureTask.get(FutureTask.java:192)
	at org.apache.ratis.server.impl.LeaderElection.waitForResults(LeaderElection.java:259)
	at org.apache.ratis.server.impl.LeaderElection.askForVotes(LeaderElection.java:197)
	at org.apache.ratis.server.impl.LeaderElection.run(LeaderElection.java:133)
	at java.lang.Thread.run(Thread.java:748)
Caused by: org.apache.ratis.thirdparty.io.grpc.StatusRuntimeException: UNAVAILABLE: io exception
	at org.apache.ratis.thirdparty.io.grpc.stub.ClientCalls.toStatusRuntimeException(ClientCalls.java:233)
	at org.apache.ratis.thirdparty.io.grpc.stub.ClientCalls.getUnchecked(ClientCalls.java:214)
	at org.apache.ratis.thirdparty.io.grpc.stub.ClientCalls.blockingUnaryCall(ClientCalls.java:139)
	at org.apache.ratis.proto.grpc.RaftServerProtocolServiceGrpc$RaftServerProtocolServiceBlockingStub.requestVote(RaftServerProtocolServiceGrpc.java:265)
	at org.apache.ratis.grpc.server.GrpcServerProtocolClient.requestVote(GrpcServerProtocolClient.java:99)
	at org.apache.ratis.grpc.server.GrpcService.requestVote(GrpcService.java:204)
	at org.apache.ratis.server.impl.LeaderElection.lambda$submitRequests$1(LeaderElection.java:234)
	at java.util.concurrent.FutureTask.run(FutureTask.java:266)
	at java.util.concurrent.Executors$RunnableAdapter.call(Executors.java:511)
	at java.util.concurrent.FutureTask.run(FutureTask.java:266)
	at java.util.concurrent.ThreadPoolExecutor.runWorker(ThreadPoolExecutor.java:1149)
	at java.util.concurrent.ThreadPoolExecutor$Worker.run(ThreadPoolExecutor.java:624)
	... 1 more
Caused by: org.apache.ratis.thirdparty.io.netty.channel.AbstractChannel$AnnotatedConnectException: Connection refused: /192.168.157.233:42906
	at sun.nio.ch.SocketChannelImpl.checkConnect(Native Method)
	at sun.nio.ch.SocketChannelImpl.finishConnect(SocketChannelImpl.java:717)
	at org.apache.ratis.thirdparty.io.netty.channel.socket.nio.NioSocketChannel.doFinishConnect(NioSocketChannel.java:327)
	at org.apache.ratis.thirdparty.io.netty.channel.nio.AbstractNioChannel$AbstractNioUnsafe.finishConnect(AbstractNioChannel.java:340)
	at org.apache.ratis.thirdparty.io.netty.channel.nio.NioEventLoop.processSelectedKey(NioEventLoop.java:632)
	at org.apache.ratis.thirdparty.io.netty.channel.nio.NioEventLoop.processSelectedKeysOptimized(NioEventLoop.java:579)
	at org.apache.ratis.thirdparty.io.netty.channel.nio.NioEventLoop.processSelectedKeys(NioEventLoop.java:496)
	at org.apache.ratis.thirdparty.io.netty.channel.nio.NioEventLoop.run(NioEventLoop.java:458)
	at org.apache.ratis.thirdparty.io.netty.util.concurrent.SingleThreadEventExecutor$5.run(SingleThreadEventExecutor.java:897)
	at org.apache.ratis.thirdparty.io.netty.util.concurrent.FastThreadLocalRunnable.run(FastThreadLocalRunnable.java:30)
	... 1 more
Caused by: java.net.ConnectException: Connection refused
	... 11 more
2019-10-25 11:08:01,994 [f6cfa8a2-85ff-4bb9-a246-101c53d2d47b@group-49E82E920F3F-LeaderElection618] INFO  impl.LeaderElection (LogUtils.java:infoOrTrace(149)) - f6cfa8a2-85ff-4bb9-a246-101c53d2d47b@group-49E82E920F3F-LeaderElection618 got exception when requesting votes: {}
java.util.concurrent.ExecutionException: org.apache.ratis.thirdparty.io.grpc.StatusRuntimeException: UNAVAILABLE: io exception
	at java.util.concurrent.FutureTask.report(FutureTask.java:122)
	at java.util.concurrent.FutureTask.get(FutureTask.java:192)
	at org.apache.ratis.server.impl.LeaderElection.waitForResults(LeaderElection.java:259)
	at org.apache.ratis.server.impl.LeaderElection.askForVotes(LeaderElection.java:197)
	at org.apache.ratis.server.impl.LeaderElection.run(LeaderElection.java:133)
	at java.lang.Thread.run(Thread.java:748)
Caused by: org.apache.ratis.thirdparty.io.grpc.StatusRuntimeException: UNAVAILABLE: io exception
	at org.apache.ratis.thirdparty.io.grpc.stub.ClientCalls.toStatusRuntimeException(ClientCalls.java:233)
	at org.apache.ratis.thirdparty.io.grpc.stub.ClientCalls.getUnchecked(ClientCalls.java:214)
	at org.apache.ratis.thirdparty.io.grpc.stub.ClientCalls.blockingUnaryCall(ClientCalls.java:139)
	at org.apache.ratis.proto.grpc.RaftServerProtocolServiceGrpc$RaftServerProtocolServiceBlockingStub.requestVote(RaftServerProtocolServiceGrpc.java:265)
	at org.apache.ratis.grpc.server.GrpcServerProtocolClient.requestVote(GrpcServerProtocolClient.java:99)
	at org.apache.ratis.grpc.server.GrpcService.requestVote(GrpcService.java:204)
	at org.apache.ratis.server.impl.LeaderElection.lambda$submitRequests$1(LeaderElection.java:234)
	at java.util.concurrent.FutureTask.run(FutureTask.java:266)
	at java.util.concurrent.Executors$RunnableAdapter.call(Executors.java:511)
	at java.util.concurrent.FutureTask.run(FutureTask.java:266)
	at java.util.concurrent.ThreadPoolExecutor.runWorker(ThreadPoolExecutor.java:1149)
	at java.util.concurrent.ThreadPoolExecutor$Worker.run(ThreadPoolExecutor.java:624)
	... 1 more
Caused by: org.apache.ratis.thirdparty.io.netty.channel.AbstractChannel$AnnotatedConnectException: Connection refused: /192.168.157.233:35716
	at sun.nio.ch.SocketChannelImpl.checkConnect(Native Method)
	at sun.nio.ch.SocketChannelImpl.finishConnect(SocketChannelImpl.java:717)
	at org.apache.ratis.thirdparty.io.netty.channel.socket.nio.NioSocketChannel.doFinishConnect(NioSocketChannel.java:327)
	at org.apache.ratis.thirdparty.io.netty.channel.nio.AbstractNioChannel$AbstractNioUnsafe.finishConnect(AbstractNioChannel.java:340)
	at org.apache.ratis.thirdparty.io.netty.channel.nio.NioEventLoop.processSelectedKey(NioEventLoop.java:632)
	at org.apache.ratis.thirdparty.io.netty.channel.nio.NioEventLoop.processSelectedKeysOptimized(NioEventLoop.java:579)
	at org.apache.ratis.thirdparty.io.netty.channel.nio.NioEventLoop.processSelectedKeys(NioEventLoop.java:496)
	at org.apache.ratis.thirdparty.io.netty.channel.nio.NioEventLoop.run(NioEventLoop.java:458)
	at org.apache.ratis.thirdparty.io.netty.util.concurrent.SingleThreadEventExecutor$5.run(SingleThreadEventExecutor.java:897)
	at org.apache.ratis.thirdparty.io.netty.util.concurrent.FastThreadLocalRunnable.run(FastThreadLocalRunnable.java:30)
	... 1 more
Caused by: java.net.ConnectException: Connection refused
	... 11 more
2019-10-25 11:08:01,995 [f6cfa8a2-85ff-4bb9-a246-101c53d2d47b@group-49E82E920F3F-LeaderElection618] INFO  impl.LeaderElection (LeaderElection.java:logAndReturn(56)) - f6cfa8a2-85ff-4bb9-a246-101c53d2d47b@group-49E82E920F3F-LeaderElection618: Election REJECTED; received 0 response(s) [] and 2 exception(s); f6cfa8a2-85ff-4bb9-a246-101c53d2d47b@group-49E82E920F3F:t208, leader=null, voted=f6cfa8a2-85ff-4bb9-a246-101c53d2d47b, raftlog=f6cfa8a2-85ff-4bb9-a246-101c53d2d47b@group-49E82E920F3F-SegmentedRaftLog:OPENED:c-1,f-1,i0, conf=-1: [7fad1e98-7a6b-4998-a30c-ec1ab88068bc:192.168.157.233:35716, bdb27072-dd00-4d3b-a7da-41600e490ca3:192.168.157.233:42906, f6cfa8a2-85ff-4bb9-a246-101c53d2d47b:192.168.157.233:44618], old=null
2019-10-25 11:08:01,995 [f6cfa8a2-85ff-4bb9-a246-101c53d2d47b@group-49E82E920F3F-LeaderElection618] INFO  impl.LeaderElection (LogUtils.java:infoOrTrace(149)) -   Exception 0: {}
java.util.concurrent.ExecutionException: org.apache.ratis.thirdparty.io.grpc.StatusRuntimeException: UNAVAILABLE: io exception
	at java.util.concurrent.FutureTask.report(FutureTask.java:122)
	at java.util.concurrent.FutureTask.get(FutureTask.java:192)
	at org.apache.ratis.server.impl.LeaderElection.waitForResults(LeaderElection.java:259)
	at org.apache.ratis.server.impl.LeaderElection.askForVotes(LeaderElection.java:197)
	at org.apache.ratis.server.impl.LeaderElection.run(LeaderElection.java:133)
	at java.lang.Thread.run(Thread.java:748)
Caused by: org.apache.ratis.thirdparty.io.grpc.StatusRuntimeException: UNAVAILABLE: io exception
	at org.apache.ratis.thirdparty.io.grpc.stub.ClientCalls.toStatusRuntimeException(ClientCalls.java:233)
	at org.apache.ratis.thirdparty.io.grpc.stub.ClientCalls.getUnchecked(ClientCalls.java:214)
	at org.apache.ratis.thirdparty.io.grpc.stub.ClientCalls.blockingUnaryCall(ClientCalls.java:139)
	at org.apache.ratis.proto.grpc.RaftServerProtocolServiceGrpc$RaftServerProtocolServiceBlockingStub.requestVote(RaftServerProtocolServiceGrpc.java:265)
	at org.apache.ratis.grpc.server.GrpcServerProtocolClient.requestVote(GrpcServerProtocolClient.java:99)
	at org.apache.ratis.grpc.server.GrpcService.requestVote(GrpcService.java:204)
	at org.apache.ratis.server.impl.LeaderElection.lambda$submitRequests$1(LeaderElection.java:234)
	at java.util.concurrent.FutureTask.run(FutureTask.java:266)
	at java.util.concurrent.Executors$RunnableAdapter.call(Executors.java:511)
	at java.util.concurrent.FutureTask.run(FutureTask.java:266)
	at java.util.concurrent.ThreadPoolExecutor.runWorker(ThreadPoolExecutor.java:1149)
	at java.util.concurrent.ThreadPoolExecutor$Worker.run(ThreadPoolExecutor.java:624)
	... 1 more
Caused by: org.apache.ratis.thirdparty.io.netty.channel.AbstractChannel$AnnotatedConnectException: Connection refused: /192.168.157.233:42906
	at sun.nio.ch.SocketChannelImpl.checkConnect(Native Method)
	at sun.nio.ch.SocketChannelImpl.finishConnect(SocketChannelImpl.java:717)
	at org.apache.ratis.thirdparty.io.netty.channel.socket.nio.NioSocketChannel.doFinishConnect(NioSocketChannel.java:327)
	at org.apache.ratis.thirdparty.io.netty.channel.nio.AbstractNioChannel$AbstractNioUnsafe.finishConnect(AbstractNioChannel.java:340)
	at org.apache.ratis.thirdparty.io.netty.channel.nio.NioEventLoop.processSelectedKey(NioEventLoop.java:632)
	at org.apache.ratis.thirdparty.io.netty.channel.nio.NioEventLoop.processSelectedKeysOptimized(NioEventLoop.java:579)
	at org.apache.ratis.thirdparty.io.netty.channel.nio.NioEventLoop.processSelectedKeys(NioEventLoop.java:496)
	at org.apache.ratis.thirdparty.io.netty.channel.nio.NioEventLoop.run(NioEventLoop.java:458)
	at org.apache.ratis.thirdparty.io.netty.util.concurrent.SingleThreadEventExecutor$5.run(SingleThreadEventExecutor.java:897)
	at org.apache.ratis.thirdparty.io.netty.util.concurrent.FastThreadLocalRunnable.run(FastThreadLocalRunnable.java:30)
	... 1 more
Caused by: java.net.ConnectException: Connection refused
	... 11 more
2019-10-25 11:08:01,995 [f6cfa8a2-85ff-4bb9-a246-101c53d2d47b@group-49E82E920F3F-LeaderElection618] INFO  impl.LeaderElection (LogUtils.java:infoOrTrace(149)) -   Exception 1: {}
java.util.concurrent.ExecutionException: org.apache.ratis.thirdparty.io.grpc.StatusRuntimeException: UNAVAILABLE: io exception
	at java.util.concurrent.FutureTask.report(FutureTask.java:122)
	at java.util.concurrent.FutureTask.get(FutureTask.java:192)
	at org.apache.ratis.server.impl.LeaderElection.waitForResults(LeaderElection.java:259)
	at org.apache.ratis.server.impl.LeaderElection.askForVotes(LeaderElection.java:197)
	at org.apache.ratis.server.impl.LeaderElection.run(LeaderElection.java:133)
	at java.lang.Thread.run(Thread.java:748)
Caused by: org.apache.ratis.thirdparty.io.grpc.StatusRuntimeException: UNAVAILABLE: io exception
	at org.apache.ratis.thirdparty.io.grpc.stub.ClientCalls.toStatusRuntimeException(ClientCalls.java:233)
	at org.apache.ratis.thirdparty.io.grpc.stub.ClientCalls.getUnchecked(ClientCalls.java:214)
	at org.apache.ratis.thirdparty.io.grpc.stub.ClientCalls.blockingUnaryCall(ClientCalls.java:139)
	at org.apache.ratis.proto.grpc.RaftServerProtocolServiceGrpc$RaftServerProtocolServiceBlockingStub.requestVote(RaftServerProtocolServiceGrpc.java:265)
	at org.apache.ratis.grpc.server.GrpcServerProtocolClient.requestVote(GrpcServerProtocolClient.java:99)
	at org.apache.ratis.grpc.server.GrpcService.requestVote(GrpcService.java:204)
	at org.apache.ratis.server.impl.LeaderElection.lambda$submitRequests$1(LeaderElection.java:234)
	at java.util.concurrent.FutureTask.run(FutureTask.java:266)
	at java.util.concurrent.Executors$RunnableAdapter.call(Executors.java:511)
	at java.util.concurrent.FutureTask.run(FutureTask.java:266)
	at java.util.concurrent.ThreadPoolExecutor.runWorker(ThreadPoolExecutor.java:1149)
	at java.util.concurrent.ThreadPoolExecutor$Worker.run(ThreadPoolExecutor.java:624)
	... 1 more
Caused by: org.apache.ratis.thirdparty.io.netty.channel.AbstractChannel$AnnotatedConnectException: Connection refused: /192.168.157.233:35716
	at sun.nio.ch.SocketChannelImpl.checkConnect(Native Method)
	at sun.nio.ch.SocketChannelImpl.finishConnect(SocketChannelImpl.java:717)
	at org.apache.ratis.thirdparty.io.netty.channel.socket.nio.NioSocketChannel.doFinishConnect(NioSocketChannel.java:327)
	at org.apache.ratis.thirdparty.io.netty.channel.nio.AbstractNioChannel$AbstractNioUnsafe.finishConnect(AbstractNioChannel.java:340)
	at org.apache.ratis.thirdparty.io.netty.channel.nio.NioEventLoop.processSelectedKey(NioEventLoop.java:632)
	at org.apache.ratis.thirdparty.io.netty.channel.nio.NioEventLoop.processSelectedKeysOptimized(NioEventLoop.java:579)
	at org.apache.ratis.thirdparty.io.netty.channel.nio.NioEventLoop.processSelectedKeys(NioEventLoop.java:496)
	at org.apache.ratis.thirdparty.io.netty.channel.nio.NioEventLoop.run(NioEventLoop.java:458)
	at org.apache.ratis.thirdparty.io.netty.util.concurrent.SingleThreadEventExecutor$5.run(SingleThreadEventExecutor.java:897)
	at org.apache.ratis.thirdparty.io.netty.util.concurrent.FastThreadLocalRunnable.run(FastThreadLocalRunnable.java:30)
	... 1 more
Caused by: java.net.ConnectException: Connection refused
	... 11 more
2019-10-25 11:08:01,995 [f6cfa8a2-85ff-4bb9-a246-101c53d2d47b@group-49E82E920F3F-LeaderElection618] INFO  impl.RaftServerImpl (RaftServerImpl.java:setRole(184)) - f6cfa8a2-85ff-4bb9-a246-101c53d2d47b@group-49E82E920F3F: changes role from CANDIDATE to FOLLOWER at term 208 for DISCOVERED_A_NEW_TERM
2019-10-25 11:08:01,995 [f6cfa8a2-85ff-4bb9-a246-101c53d2d47b@group-49E82E920F3F-LeaderElection618] INFO  impl.RoleInfo (RoleInfo.java:shutdownLeaderElection(134)) - f6cfa8a2-85ff-4bb9-a246-101c53d2d47b: shutdown LeaderElection
2019-10-25 11:08:01,996 [f6cfa8a2-85ff-4bb9-a246-101c53d2d47b@group-49E82E920F3F-LeaderElection618] INFO  impl.RoleInfo (RoleInfo.java:updateAndGet(143)) - f6cfa8a2-85ff-4bb9-a246-101c53d2d47b: start FollowerState
2019-10-25 11:08:02,162 [Thread-5066] INFO  impl.FollowerState (FollowerState.java:run(108)) - f6cfa8a2-85ff-4bb9-a246-101c53d2d47b@group-49E82E920F3F-FollowerState: change to CANDIDATE, lastRpcTime:166ms, electionTimeout:166ms
2019-10-25 11:08:02,162 [Thread-5066] INFO  impl.RoleInfo (RoleInfo.java:shutdownFollowerState(121)) - f6cfa8a2-85ff-4bb9-a246-101c53d2d47b: shutdown FollowerState
2019-10-25 11:08:02,162 [Thread-5066] INFO  impl.RaftServerImpl (RaftServerImpl.java:setRole(184)) - f6cfa8a2-85ff-4bb9-a246-101c53d2d47b@group-49E82E920F3F: changes role from  FOLLOWER to CANDIDATE at term 208 for changeToCandidate
2019-10-25 11:08:02,162 [Thread-5066] INFO  impl.RoleInfo (RoleInfo.java:updateAndGet(143)) - f6cfa8a2-85ff-4bb9-a246-101c53d2d47b: start LeaderElection
2019-10-25 11:08:02,175 [f6cfa8a2-85ff-4bb9-a246-101c53d2d47b@group-49E82E920F3F-LeaderElection619] INFO  impl.LeaderElection (LeaderElection.java:askForVotes(178)) - f6cfa8a2-85ff-4bb9-a246-101c53d2d47b@group-49E82E920F3F-LeaderElection619: begin an election at term 209 for -1: [7fad1e98-7a6b-4998-a30c-ec1ab88068bc:192.168.157.233:35716, bdb27072-dd00-4d3b-a7da-41600e490ca3:192.168.157.233:42906, f6cfa8a2-85ff-4bb9-a246-101c53d2d47b:192.168.157.233:44618], old=null
2019-10-25 11:08:02,176 [f6cfa8a2-85ff-4bb9-a246-101c53d2d47b@group-49E82E920F3F-LeaderElection619] INFO  impl.LeaderElection (LogUtils.java:infoOrTrace(149)) - f6cfa8a2-85ff-4bb9-a246-101c53d2d47b@group-49E82E920F3F-LeaderElection619 got exception when requesting votes: {}
java.util.concurrent.ExecutionException: org.apache.ratis.thirdparty.io.grpc.StatusRuntimeException: UNAVAILABLE: io exception
	at java.util.concurrent.FutureTask.report(FutureTask.java:122)
	at java.util.concurrent.FutureTask.get(FutureTask.java:192)
	at org.apache.ratis.server.impl.LeaderElection.waitForResults(LeaderElection.java:259)
	at org.apache.ratis.server.impl.LeaderElection.askForVotes(LeaderElection.java:197)
	at org.apache.ratis.server.impl.LeaderElection.run(LeaderElection.java:133)
	at java.lang.Thread.run(Thread.java:748)
Caused by: org.apache.ratis.thirdparty.io.grpc.StatusRuntimeException: UNAVAILABLE: io exception
	at org.apache.ratis.thirdparty.io.grpc.stub.ClientCalls.toStatusRuntimeException(ClientCalls.java:233)
	at org.apache.ratis.thirdparty.io.grpc.stub.ClientCalls.getUnchecked(ClientCalls.java:214)
	at org.apache.ratis.thirdparty.io.grpc.stub.ClientCalls.blockingUnaryCall(ClientCalls.java:139)
	at org.apache.ratis.proto.grpc.RaftServerProtocolServiceGrpc$RaftServerProtocolServiceBlockingStub.requestVote(RaftServerProtocolServiceGrpc.java:265)
	at org.apache.ratis.grpc.server.GrpcServerProtocolClient.requestVote(GrpcServerProtocolClient.java:99)
	at org.apache.ratis.grpc.server.GrpcService.requestVote(GrpcService.java:204)
	at org.apache.ratis.server.impl.LeaderElection.lambda$submitRequests$1(LeaderElection.java:234)
	at java.util.concurrent.FutureTask.run(FutureTask.java:266)
	at java.util.concurrent.Executors$RunnableAdapter.call(Executors.java:511)
	at java.util.concurrent.FutureTask.run(FutureTask.java:266)
	at java.util.concurrent.ThreadPoolExecutor.runWorker(ThreadPoolExecutor.java:1149)
	at java.util.concurrent.ThreadPoolExecutor$Worker.run(ThreadPoolExecutor.java:624)
	... 1 more
Caused by: org.apache.ratis.thirdparty.io.netty.channel.AbstractChannel$AnnotatedConnectException: Connection refused: /192.168.157.233:35716
	at sun.nio.ch.SocketChannelImpl.checkConnect(Native Method)
	at sun.nio.ch.SocketChannelImpl.finishConnect(SocketChannelImpl.java:717)
	at org.apache.ratis.thirdparty.io.netty.channel.socket.nio.NioSocketChannel.doFinishConnect(NioSocketChannel.java:327)
	at org.apache.ratis.thirdparty.io.netty.channel.nio.AbstractNioChannel$AbstractNioUnsafe.finishConnect(AbstractNioChannel.java:340)
	at org.apache.ratis.thirdparty.io.netty.channel.nio.NioEventLoop.processSelectedKey(NioEventLoop.java:632)
	at org.apache.ratis.thirdparty.io.netty.channel.nio.NioEventLoop.processSelectedKeysOptimized(NioEventLoop.java:579)
	at org.apache.ratis.thirdparty.io.netty.channel.nio.NioEventLoop.processSelectedKeys(NioEventLoop.java:496)
	at org.apache.ratis.thirdparty.io.netty.channel.nio.NioEventLoop.run(NioEventLoop.java:458)
	at org.apache.ratis.thirdparty.io.netty.util.concurrent.SingleThreadEventExecutor$5.run(SingleThreadEventExecutor.java:897)
	at org.apache.ratis.thirdparty.io.netty.util.concurrent.FastThreadLocalRunnable.run(FastThreadLocalRunnable.java:30)
	... 1 more
Caused by: java.net.ConnectException: Connection refused
	... 11 more
2019-10-25 11:08:02,176 [f6cfa8a2-85ff-4bb9-a246-101c53d2d47b@group-49E82E920F3F-LeaderElection619] INFO  impl.LeaderElection (LogUtils.java:infoOrTrace(149)) - f6cfa8a2-85ff-4bb9-a246-101c53d2d47b@group-49E82E920F3F-LeaderElection619 got exception when requesting votes: {}
java.util.concurrent.ExecutionException: org.apache.ratis.thirdparty.io.grpc.StatusRuntimeException: UNAVAILABLE: io exception
	at java.util.concurrent.FutureTask.report(FutureTask.java:122)
	at java.util.concurrent.FutureTask.get(FutureTask.java:192)
	at org.apache.ratis.server.impl.LeaderElection.waitForResults(LeaderElection.java:259)
	at org.apache.ratis.server.impl.LeaderElection.askForVotes(LeaderElection.java:197)
	at org.apache.ratis.server.impl.LeaderElection.run(LeaderElection.java:133)
	at java.lang.Thread.run(Thread.java:748)
Caused by: org.apache.ratis.thirdparty.io.grpc.StatusRuntimeException: UNAVAILABLE: io exception
	at org.apache.ratis.thirdparty.io.grpc.stub.ClientCalls.toStatusRuntimeException(ClientCalls.java:233)
	at org.apache.ratis.thirdparty.io.grpc.stub.ClientCalls.getUnchecked(ClientCalls.java:214)
	at org.apache.ratis.thirdparty.io.grpc.stub.ClientCalls.blockingUnaryCall(ClientCalls.java:139)
	at org.apache.ratis.proto.grpc.RaftServerProtocolServiceGrpc$RaftServerProtocolServiceBlockingStub.requestVote(RaftServerProtocolServiceGrpc.java:265)
	at org.apache.ratis.grpc.server.GrpcServerProtocolClient.requestVote(GrpcServerProtocolClient.java:99)
	at org.apache.ratis.grpc.server.GrpcService.requestVote(GrpcService.java:204)
	at org.apache.ratis.server.impl.LeaderElection.lambda$submitRequests$1(LeaderElection.java:234)
	at java.util.concurrent.FutureTask.run(FutureTask.java:266)
	at java.util.concurrent.Executors$RunnableAdapter.call(Executors.java:511)
	at java.util.concurrent.FutureTask.run(FutureTask.java:266)
	at java.util.concurrent.ThreadPoolExecutor.runWorker(ThreadPoolExecutor.java:1149)
	at java.util.concurrent.ThreadPoolExecutor$Worker.run(ThreadPoolExecutor.java:624)
	... 1 more
Caused by: org.apache.ratis.thirdparty.io.netty.channel.AbstractChannel$AnnotatedConnectException: Connection refused: /192.168.157.233:42906
	at sun.nio.ch.SocketChannelImpl.checkConnect(Native Method)
	at sun.nio.ch.SocketChannelImpl.finishConnect(SocketChannelImpl.java:717)
	at org.apache.ratis.thirdparty.io.netty.channel.socket.nio.NioSocketChannel.doFinishConnect(NioSocketChannel.java:327)
	at org.apache.ratis.thirdparty.io.netty.channel.nio.AbstractNioChannel$AbstractNioUnsafe.finishConnect(AbstractNioChannel.java:340)
	at org.apache.ratis.thirdparty.io.netty.channel.nio.NioEventLoop.processSelectedKey(NioEventLoop.java:632)
	at org.apache.ratis.thirdparty.io.netty.channel.nio.NioEventLoop.processSelectedKeysOptimized(NioEventLoop.java:579)
	at org.apache.ratis.thirdparty.io.netty.channel.nio.NioEventLoop.processSelectedKeys(NioEventLoop.java:496)
	at org.apache.ratis.thirdparty.io.netty.channel.nio.NioEventLoop.run(NioEventLoop.java:458)
	at org.apache.ratis.thirdparty.io.netty.util.concurrent.SingleThreadEventExecutor$5.run(SingleThreadEventExecutor.java:897)
	at org.apache.ratis.thirdparty.io.netty.util.concurrent.FastThreadLocalRunnable.run(FastThreadLocalRunnable.java:30)
	... 1 more
Caused by: java.net.ConnectException: Connection refused
	... 11 more
2019-10-25 11:08:02,177 [f6cfa8a2-85ff-4bb9-a246-101c53d2d47b@group-49E82E920F3F-LeaderElection619] INFO  impl.LeaderElection (LeaderElection.java:logAndReturn(56)) - f6cfa8a2-85ff-4bb9-a246-101c53d2d47b@group-49E82E920F3F-LeaderElection619: Election REJECTED; received 0 response(s) [] and 2 exception(s); f6cfa8a2-85ff-4bb9-a246-101c53d2d47b@group-49E82E920F3F:t209, leader=null, voted=f6cfa8a2-85ff-4bb9-a246-101c53d2d47b, raftlog=f6cfa8a2-85ff-4bb9-a246-101c53d2d47b@group-49E82E920F3F-SegmentedRaftLog:OPENED:c-1,f-1,i0, conf=-1: [7fad1e98-7a6b-4998-a30c-ec1ab88068bc:192.168.157.233:35716, bdb27072-dd00-4d3b-a7da-41600e490ca3:192.168.157.233:42906, f6cfa8a2-85ff-4bb9-a246-101c53d2d47b:192.168.157.233:44618], old=null
2019-10-25 11:08:02,177 [f6cfa8a2-85ff-4bb9-a246-101c53d2d47b@group-49E82E920F3F-LeaderElection619] INFO  impl.LeaderElection (LogUtils.java:infoOrTrace(149)) -   Exception 0: {}
java.util.concurrent.ExecutionException: org.apache.ratis.thirdparty.io.grpc.StatusRuntimeException: UNAVAILABLE: io exception
	at java.util.concurrent.FutureTask.report(FutureTask.java:122)
	at java.util.concurrent.FutureTask.get(FutureTask.java:192)
	at org.apache.ratis.server.impl.LeaderElection.waitForResults(LeaderElection.java:259)
	at org.apache.ratis.server.impl.LeaderElection.askForVotes(LeaderElection.java:197)
	at org.apache.ratis.server.impl.LeaderElection.run(LeaderElection.java:133)
	at java.lang.Thread.run(Thread.java:748)
Caused by: org.apache.ratis.thirdparty.io.grpc.StatusRuntimeException: UNAVAILABLE: io exception
	at org.apache.ratis.thirdparty.io.grpc.stub.ClientCalls.toStatusRuntimeException(ClientCalls.java:233)
	at org.apache.ratis.thirdparty.io.grpc.stub.ClientCalls.getUnchecked(ClientCalls.java:214)
	at org.apache.ratis.thirdparty.io.grpc.stub.ClientCalls.blockingUnaryCall(ClientCalls.java:139)
	at org.apache.ratis.proto.grpc.RaftServerProtocolServiceGrpc$RaftServerProtocolServiceBlockingStub.requestVote(RaftServerProtocolServiceGrpc.java:265)
	at org.apache.ratis.grpc.server.GrpcServerProtocolClient.requestVote(GrpcServerProtocolClient.java:99)
	at org.apache.ratis.grpc.server.GrpcService.requestVote(GrpcService.java:204)
	at org.apache.ratis.server.impl.LeaderElection.lambda$submitRequests$1(LeaderElection.java:234)
	at java.util.concurrent.FutureTask.run(FutureTask.java:266)
	at java.util.concurrent.Executors$RunnableAdapter.call(Executors.java:511)
	at java.util.concurrent.FutureTask.run(FutureTask.java:266)
	at java.util.concurrent.ThreadPoolExecutor.runWorker(ThreadPoolExecutor.java:1149)
	at java.util.concurrent.ThreadPoolExecutor$Worker.run(ThreadPoolExecutor.java:624)
	... 1 more
Caused by: org.apache.ratis.thirdparty.io.netty.channel.AbstractChannel$AnnotatedConnectException: Connection refused: /192.168.157.233:35716
	at sun.nio.ch.SocketChannelImpl.checkConnect(Native Method)
	at sun.nio.ch.SocketChannelImpl.finishConnect(SocketChannelImpl.java:717)
	at org.apache.ratis.thirdparty.io.netty.channel.socket.nio.NioSocketChannel.doFinishConnect(NioSocketChannel.java:327)
	at org.apache.ratis.thirdparty.io.netty.channel.nio.AbstractNioChannel$AbstractNioUnsafe.finishConnect(AbstractNioChannel.java:340)
	at org.apache.ratis.thirdparty.io.netty.channel.nio.NioEventLoop.processSelectedKey(NioEventLoop.java:632)
	at org.apache.ratis.thirdparty.io.netty.channel.nio.NioEventLoop.processSelectedKeysOptimized(NioEventLoop.java:579)
	at org.apache.ratis.thirdparty.io.netty.channel.nio.NioEventLoop.processSelectedKeys(NioEventLoop.java:496)
	at org.apache.ratis.thirdparty.io.netty.channel.nio.NioEventLoop.run(NioEventLoop.java:458)
	at org.apache.ratis.thirdparty.io.netty.util.concurrent.SingleThreadEventExecutor$5.run(SingleThreadEventExecutor.java:897)
	at org.apache.ratis.thirdparty.io.netty.util.concurrent.FastThreadLocalRunnable.run(FastThreadLocalRunnable.java:30)
	... 1 more
Caused by: java.net.ConnectException: Connection refused
	... 11 more
2019-10-25 11:08:02,177 [f6cfa8a2-85ff-4bb9-a246-101c53d2d47b@group-49E82E920F3F-LeaderElection619] INFO  impl.LeaderElection (LogUtils.java:infoOrTrace(149)) -   Exception 1: {}
java.util.concurrent.ExecutionException: org.apache.ratis.thirdparty.io.grpc.StatusRuntimeException: UNAVAILABLE: io exception
	at java.util.concurrent.FutureTask.report(FutureTask.java:122)
	at java.util.concurrent.FutureTask.get(FutureTask.java:192)
	at org.apache.ratis.server.impl.LeaderElection.waitForResults(LeaderElection.java:259)
	at org.apache.ratis.server.impl.LeaderElection.askForVotes(LeaderElection.java:197)
	at org.apache.ratis.server.impl.LeaderElection.run(LeaderElection.java:133)
	at java.lang.Thread.run(Thread.java:748)
Caused by: org.apache.ratis.thirdparty.io.grpc.StatusRuntimeException: UNAVAILABLE: io exception
	at org.apache.ratis.thirdparty.io.grpc.stub.ClientCalls.toStatusRuntimeException(ClientCalls.java:233)
	at org.apache.ratis.thirdparty.io.grpc.stub.ClientCalls.getUnchecked(ClientCalls.java:214)
	at org.apache.ratis.thirdparty.io.grpc.stub.ClientCalls.blockingUnaryCall(ClientCalls.java:139)
	at org.apache.ratis.proto.grpc.RaftServerProtocolServiceGrpc$RaftServerProtocolServiceBlockingStub.requestVote(RaftServerProtocolServiceGrpc.java:265)
	at org.apache.ratis.grpc.server.GrpcServerProtocolClient.requestVote(GrpcServerProtocolClient.java:99)
	at org.apache.ratis.grpc.server.GrpcService.requestVote(GrpcService.java:204)
	at org.apache.ratis.server.impl.LeaderElection.lambda$submitRequests$1(LeaderElection.java:234)
	at java.util.concurrent.FutureTask.run(FutureTask.java:266)
	at java.util.concurrent.Executors$RunnableAdapter.call(Executors.java:511)
	at java.util.concurrent.FutureTask.run(FutureTask.java:266)
	at java.util.concurrent.ThreadPoolExecutor.runWorker(ThreadPoolExecutor.java:1149)
	at java.util.concurrent.ThreadPoolExecutor$Worker.run(ThreadPoolExecutor.java:624)
	... 1 more
Caused by: org.apache.ratis.thirdparty.io.netty.channel.AbstractChannel$AnnotatedConnectException: Connection refused: /192.168.157.233:42906
	at sun.nio.ch.SocketChannelImpl.checkConnect(Native Method)
	at sun.nio.ch.SocketChannelImpl.finishConnect(SocketChannelImpl.java:717)
	at org.apache.ratis.thirdparty.io.netty.channel.socket.nio.NioSocketChannel.doFinishConnect(NioSocketChannel.java:327)
	at org.apache.ratis.thirdparty.io.netty.channel.nio.AbstractNioChannel$AbstractNioUnsafe.finishConnect(AbstractNioChannel.java:340)
	at org.apache.ratis.thirdparty.io.netty.channel.nio.NioEventLoop.processSelectedKey(NioEventLoop.java:632)
	at org.apache.ratis.thirdparty.io.netty.channel.nio.NioEventLoop.processSelectedKeysOptimized(NioEventLoop.java:579)
	at org.apache.ratis.thirdparty.io.netty.channel.nio.NioEventLoop.processSelectedKeys(NioEventLoop.java:496)
	at org.apache.ratis.thirdparty.io.netty.channel.nio.NioEventLoop.run(NioEventLoop.java:458)
	at org.apache.ratis.thirdparty.io.netty.util.concurrent.SingleThreadEventExecutor$5.run(SingleThreadEventExecutor.java:897)
	at org.apache.ratis.thirdparty.io.netty.util.concurrent.FastThreadLocalRunnable.run(FastThreadLocalRunnable.java:30)
	... 1 more
Caused by: java.net.ConnectException: Connection refused
	... 11 more
2019-10-25 11:08:02,178 [f6cfa8a2-85ff-4bb9-a246-101c53d2d47b@group-49E82E920F3F-LeaderElection619] INFO  impl.RaftServerImpl (RaftServerImpl.java:setRole(184)) - f6cfa8a2-85ff-4bb9-a246-101c53d2d47b@group-49E82E920F3F: changes role from CANDIDATE to FOLLOWER at term 209 for DISCOVERED_A_NEW_TERM
2019-10-25 11:08:02,178 [f6cfa8a2-85ff-4bb9-a246-101c53d2d47b@group-49E82E920F3F-LeaderElection619] INFO  impl.RoleInfo (RoleInfo.java:shutdownLeaderElection(134)) - f6cfa8a2-85ff-4bb9-a246-101c53d2d47b: shutdown LeaderElection
2019-10-25 11:08:02,178 [f6cfa8a2-85ff-4bb9-a246-101c53d2d47b@group-49E82E920F3F-LeaderElection619] INFO  impl.RoleInfo (RoleInfo.java:updateAndGet(143)) - f6cfa8a2-85ff-4bb9-a246-101c53d2d47b: start FollowerState
2019-10-25 11:08:02,252 [Thread-5070] INFO  impl.FollowerState (FollowerState.java:run(108)) - f6cfa8a2-85ff-4bb9-a246-101c53d2d47b@group-49E82E920F3F-FollowerState: change to CANDIDATE, lastRpcTime:74ms, electionTimeout:74ms
2019-10-25 11:08:02,252 [Thread-5070] INFO  impl.RoleInfo (RoleInfo.java:shutdownFollowerState(121)) - f6cfa8a2-85ff-4bb9-a246-101c53d2d47b: shutdown FollowerState
2019-10-25 11:08:02,252 [Thread-5070] INFO  impl.RaftServerImpl (RaftServerImpl.java:setRole(184)) - f6cfa8a2-85ff-4bb9-a246-101c53d2d47b@group-49E82E920F3F: changes role from  FOLLOWER to CANDIDATE at term 209 for changeToCandidate
2019-10-25 11:08:02,252 [Thread-5070] INFO  impl.RoleInfo (RoleInfo.java:updateAndGet(143)) - f6cfa8a2-85ff-4bb9-a246-101c53d2d47b: start LeaderElection
2019-10-25 11:08:02,265 [f6cfa8a2-85ff-4bb9-a246-101c53d2d47b@group-49E82E920F3F-LeaderElection620] INFO  impl.LeaderElection (LeaderElection.java:askForVotes(178)) - f6cfa8a2-85ff-4bb9-a246-101c53d2d47b@group-49E82E920F3F-LeaderElection620: begin an election at term 210 for -1: [7fad1e98-7a6b-4998-a30c-ec1ab88068bc:192.168.157.233:35716, bdb27072-dd00-4d3b-a7da-41600e490ca3:192.168.157.233:42906, f6cfa8a2-85ff-4bb9-a246-101c53d2d47b:192.168.157.233:44618], old=null
2019-10-25 11:08:02,266 [f6cfa8a2-85ff-4bb9-a246-101c53d2d47b@group-49E82E920F3F-LeaderElection620] INFO  impl.LeaderElection (LogUtils.java:infoOrTrace(149)) - f6cfa8a2-85ff-4bb9-a246-101c53d2d47b@group-49E82E920F3F-LeaderElection620 got exception when requesting votes: {}
java.util.concurrent.ExecutionException: org.apache.ratis.thirdparty.io.grpc.StatusRuntimeException: UNAVAILABLE: io exception
	at java.util.concurrent.FutureTask.report(FutureTask.java:122)
	at java.util.concurrent.FutureTask.get(FutureTask.java:192)
	at org.apache.ratis.server.impl.LeaderElection.waitForResults(LeaderElection.java:259)
	at org.apache.ratis.server.impl.LeaderElection.askForVotes(LeaderElection.java:197)
	at org.apache.ratis.server.impl.LeaderElection.run(LeaderElection.java:133)
	at java.lang.Thread.run(Thread.java:748)
Caused by: org.apache.ratis.thirdparty.io.grpc.StatusRuntimeException: UNAVAILABLE: io exception
	at org.apache.ratis.thirdparty.io.grpc.stub.ClientCalls.toStatusRuntimeException(ClientCalls.java:233)
	at org.apache.ratis.thirdparty.io.grpc.stub.ClientCalls.getUnchecked(ClientCalls.java:214)
	at org.apache.ratis.thirdparty.io.grpc.stub.ClientCalls.blockingUnaryCall(ClientCalls.java:139)
	at org.apache.ratis.proto.grpc.RaftServerProtocolServiceGrpc$RaftServerProtocolServiceBlockingStub.requestVote(RaftServerProtocolServiceGrpc.java:265)
	at org.apache.ratis.grpc.server.GrpcServerProtocolClient.requestVote(GrpcServerProtocolClient.java:99)
	at org.apache.ratis.grpc.server.GrpcService.requestVote(GrpcService.java:204)
	at org.apache.ratis.server.impl.LeaderElection.lambda$submitRequests$1(LeaderElection.java:234)
	at java.util.concurrent.FutureTask.run(FutureTask.java:266)
	at java.util.concurrent.Executors$RunnableAdapter.call(Executors.java:511)
	at java.util.concurrent.FutureTask.run(FutureTask.java:266)
	at java.util.concurrent.ThreadPoolExecutor.runWorker(ThreadPoolExecutor.java:1149)
	at java.util.concurrent.ThreadPoolExecutor$Worker.run(ThreadPoolExecutor.java:624)
	... 1 more
Caused by: org.apache.ratis.thirdparty.io.netty.channel.AbstractChannel$AnnotatedConnectException: Connection refused: /192.168.157.233:42906
	at sun.nio.ch.SocketChannelImpl.checkConnect(Native Method)
	at sun.nio.ch.SocketChannelImpl.finishConnect(SocketChannelImpl.java:717)
	at org.apache.ratis.thirdparty.io.netty.channel.socket.nio.NioSocketChannel.doFinishConnect(NioSocketChannel.java:327)
	at org.apache.ratis.thirdparty.io.netty.channel.nio.AbstractNioChannel$AbstractNioUnsafe.finishConnect(AbstractNioChannel.java:340)
	at org.apache.ratis.thirdparty.io.netty.channel.nio.NioEventLoop.processSelectedKey(NioEventLoop.java:632)
	at org.apache.ratis.thirdparty.io.netty.channel.nio.NioEventLoop.processSelectedKeysOptimized(NioEventLoop.java:579)
	at org.apache.ratis.thirdparty.io.netty.channel.nio.NioEventLoop.processSelectedKeys(NioEventLoop.java:496)
	at org.apache.ratis.thirdparty.io.netty.channel.nio.NioEventLoop.run(NioEventLoop.java:458)
	at org.apache.ratis.thirdparty.io.netty.util.concurrent.SingleThreadEventExecutor$5.run(SingleThreadEventExecutor.java:897)
	at org.apache.ratis.thirdparty.io.netty.util.concurrent.FastThreadLocalRunnable.run(FastThreadLocalRunnable.java:30)
	... 1 more
Caused by: java.net.ConnectException: Connection refused
	... 11 more
2019-10-25 11:08:02,267 [f6cfa8a2-85ff-4bb9-a246-101c53d2d47b@group-49E82E920F3F-LeaderElection620] INFO  impl.LeaderElection (LogUtils.java:infoOrTrace(149)) - f6cfa8a2-85ff-4bb9-a246-101c53d2d47b@group-49E82E920F3F-LeaderElection620 got exception when requesting votes: {}
java.util.concurrent.ExecutionException: org.apache.ratis.thirdparty.io.grpc.StatusRuntimeException: UNAVAILABLE: io exception
	at java.util.concurrent.FutureTask.report(FutureTask.java:122)
	at java.util.concurrent.FutureTask.get(FutureTask.java:192)
	at org.apache.ratis.server.impl.LeaderElection.waitForResults(LeaderElection.java:259)
	at org.apache.ratis.server.impl.LeaderElection.askForVotes(LeaderElection.java:197)
	at org.apache.ratis.server.impl.LeaderElection.run(LeaderElection.java:133)
	at java.lang.Thread.run(Thread.java:748)
Caused by: org.apache.ratis.thirdparty.io.grpc.StatusRuntimeException: UNAVAILABLE: io exception
	at org.apache.ratis.thirdparty.io.grpc.stub.ClientCalls.toStatusRuntimeException(ClientCalls.java:233)
	at org.apache.ratis.thirdparty.io.grpc.stub.ClientCalls.getUnchecked(ClientCalls.java:214)
	at org.apache.ratis.thirdparty.io.grpc.stub.ClientCalls.blockingUnaryCall(ClientCalls.java:139)
	at org.apache.ratis.proto.grpc.RaftServerProtocolServiceGrpc$RaftServerProtocolServiceBlockingStub.requestVote(RaftServerProtocolServiceGrpc.java:265)
	at org.apache.ratis.grpc.server.GrpcServerProtocolClient.requestVote(GrpcServerProtocolClient.java:99)
	at org.apache.ratis.grpc.server.GrpcService.requestVote(GrpcService.java:204)
	at org.apache.ratis.server.impl.LeaderElection.lambda$submitRequests$1(LeaderElection.java:234)
	at java.util.concurrent.FutureTask.run(FutureTask.java:266)
	at java.util.concurrent.Executors$RunnableAdapter.call(Executors.java:511)
	at java.util.concurrent.FutureTask.run(FutureTask.java:266)
	at java.util.concurrent.ThreadPoolExecutor.runWorker(ThreadPoolExecutor.java:1149)
	at java.util.concurrent.ThreadPoolExecutor$Worker.run(ThreadPoolExecutor.java:624)
	... 1 more
Caused by: org.apache.ratis.thirdparty.io.netty.channel.AbstractChannel$AnnotatedConnectException: Connection refused: /192.168.157.233:35716
	at sun.nio.ch.SocketChannelImpl.checkConnect(Native Method)
	at sun.nio.ch.SocketChannelImpl.finishConnect(SocketChannelImpl.java:717)
	at org.apache.ratis.thirdparty.io.netty.channel.socket.nio.NioSocketChannel.doFinishConnect(NioSocketChannel.java:327)
	at org.apache.ratis.thirdparty.io.netty.channel.nio.AbstractNioChannel$AbstractNioUnsafe.finishConnect(AbstractNioChannel.java:340)
	at org.apache.ratis.thirdparty.io.netty.channel.nio.NioEventLoop.processSelectedKey(NioEventLoop.java:632)
	at org.apache.ratis.thirdparty.io.netty.channel.nio.NioEventLoop.processSelectedKeysOptimized(NioEventLoop.java:579)
	at org.apache.ratis.thirdparty.io.netty.channel.nio.NioEventLoop.processSelectedKeys(NioEventLoop.java:496)
	at org.apache.ratis.thirdparty.io.netty.channel.nio.NioEventLoop.run(NioEventLoop.java:458)
	at org.apache.ratis.thirdparty.io.netty.util.concurrent.SingleThreadEventExecutor$5.run(SingleThreadEventExecutor.java:897)
	at org.apache.ratis.thirdparty.io.netty.util.concurrent.FastThreadLocalRunnable.run(FastThreadLocalRunnable.java:30)
	... 1 more
Caused by: java.net.ConnectException: Connection refused
	... 11 more
2019-10-25 11:08:02,267 [f6cfa8a2-85ff-4bb9-a246-101c53d2d47b@group-49E82E920F3F-LeaderElection620] INFO  impl.LeaderElection (LeaderElection.java:logAndReturn(56)) - f6cfa8a2-85ff-4bb9-a246-101c53d2d47b@group-49E82E920F3F-LeaderElection620: Election REJECTED; received 0 response(s) [] and 2 exception(s); f6cfa8a2-85ff-4bb9-a246-101c53d2d47b@group-49E82E920F3F:t210, leader=null, voted=f6cfa8a2-85ff-4bb9-a246-101c53d2d47b, raftlog=f6cfa8a2-85ff-4bb9-a246-101c53d2d47b@group-49E82E920F3F-SegmentedRaftLog:OPENED:c-1,f-1,i0, conf=-1: [7fad1e98-7a6b-4998-a30c-ec1ab88068bc:192.168.157.233:35716, bdb27072-dd00-4d3b-a7da-41600e490ca3:192.168.157.233:42906, f6cfa8a2-85ff-4bb9-a246-101c53d2d47b:192.168.157.233:44618], old=null
2019-10-25 11:08:02,267 [f6cfa8a2-85ff-4bb9-a246-101c53d2d47b@group-49E82E920F3F-LeaderElection620] INFO  impl.LeaderElection (LogUtils.java:infoOrTrace(149)) -   Exception 0: {}
java.util.concurrent.ExecutionException: org.apache.ratis.thirdparty.io.grpc.StatusRuntimeException: UNAVAILABLE: io exception
	at java.util.concurrent.FutureTask.report(FutureTask.java:122)
	at java.util.concurrent.FutureTask.get(FutureTask.java:192)
	at org.apache.ratis.server.impl.LeaderElection.waitForResults(LeaderElection.java:259)
	at org.apache.ratis.server.impl.LeaderElection.askForVotes(LeaderElection.java:197)
	at org.apache.ratis.server.impl.LeaderElection.run(LeaderElection.java:133)
	at java.lang.Thread.run(Thread.java:748)
Caused by: org.apache.ratis.thirdparty.io.grpc.StatusRuntimeException: UNAVAILABLE: io exception
	at org.apache.ratis.thirdparty.io.grpc.stub.ClientCalls.toStatusRuntimeException(ClientCalls.java:233)
	at org.apache.ratis.thirdparty.io.grpc.stub.ClientCalls.getUnchecked(ClientCalls.java:214)
	at org.apache.ratis.thirdparty.io.grpc.stub.ClientCalls.blockingUnaryCall(ClientCalls.java:139)
	at org.apache.ratis.proto.grpc.RaftServerProtocolServiceGrpc$RaftServerProtocolServiceBlockingStub.requestVote(RaftServerProtocolServiceGrpc.java:265)
	at org.apache.ratis.grpc.server.GrpcServerProtocolClient.requestVote(GrpcServerProtocolClient.java:99)
	at org.apache.ratis.grpc.server.GrpcService.requestVote(GrpcService.java:204)
	at org.apache.ratis.server.impl.LeaderElection.lambda$submitRequests$1(LeaderElection.java:234)
	at java.util.concurrent.FutureTask.run(FutureTask.java:266)
	at java.util.concurrent.Executors$RunnableAdapter.call(Executors.java:511)
	at java.util.concurrent.FutureTask.run(FutureTask.java:266)
	at java.util.concurrent.ThreadPoolExecutor.runWorker(ThreadPoolExecutor.java:1149)
	at java.util.concurrent.ThreadPoolExecutor$Worker.run(ThreadPoolExecutor.java:624)
	... 1 more
Caused by: org.apache.ratis.thirdparty.io.netty.channel.AbstractChannel$AnnotatedConnectException: Connection refused: /192.168.157.233:42906
	at sun.nio.ch.SocketChannelImpl.checkConnect(Native Method)
	at sun.nio.ch.SocketChannelImpl.finishConnect(SocketChannelImpl.java:717)
	at org.apache.ratis.thirdparty.io.netty.channel.socket.nio.NioSocketChannel.doFinishConnect(NioSocketChannel.java:327)
	at org.apache.ratis.thirdparty.io.netty.channel.nio.AbstractNioChannel$AbstractNioUnsafe.finishConnect(AbstractNioChannel.java:340)
	at org.apache.ratis.thirdparty.io.netty.channel.nio.NioEventLoop.processSelectedKey(NioEventLoop.java:632)
	at org.apache.ratis.thirdparty.io.netty.channel.nio.NioEventLoop.processSelectedKeysOptimized(NioEventLoop.java:579)
	at org.apache.ratis.thirdparty.io.netty.channel.nio.NioEventLoop.processSelectedKeys(NioEventLoop.java:496)
	at org.apache.ratis.thirdparty.io.netty.channel.nio.NioEventLoop.run(NioEventLoop.java:458)
	at org.apache.ratis.thirdparty.io.netty.util.concurrent.SingleThreadEventExecutor$5.run(SingleThreadEventExecutor.java:897)
	at org.apache.ratis.thirdparty.io.netty.util.concurrent.FastThreadLocalRunnable.run(FastThreadLocalRunnable.java:30)
	... 1 more
Caused by: java.net.ConnectException: Connection refused
	... 11 more
2019-10-25 11:08:02,267 [f6cfa8a2-85ff-4bb9-a246-101c53d2d47b@group-49E82E920F3F-LeaderElection620] INFO  impl.LeaderElection (LogUtils.java:infoOrTrace(149)) -   Exception 1: {}
java.util.concurrent.ExecutionException: org.apache.ratis.thirdparty.io.grpc.StatusRuntimeException: UNAVAILABLE: io exception
	at java.util.concurrent.FutureTask.report(FutureTask.java:122)
	at java.util.concurrent.FutureTask.get(FutureTask.java:192)
	at org.apache.ratis.server.impl.LeaderElection.waitForResults(LeaderElection.java:259)
	at org.apache.ratis.server.impl.LeaderElection.askForVotes(LeaderElection.java:197)
	at org.apache.ratis.server.impl.LeaderElection.run(LeaderElection.java:133)
	at java.lang.Thread.run(Thread.java:748)
Caused by: org.apache.ratis.thirdparty.io.grpc.StatusRuntimeException: UNAVAILABLE: io exception
	at org.apache.ratis.thirdparty.io.grpc.stub.ClientCalls.toStatusRuntimeException(ClientCalls.java:233)
	at org.apache.ratis.thirdparty.io.grpc.stub.ClientCalls.getUnchecked(ClientCalls.java:214)
	at org.apache.ratis.thirdparty.io.grpc.stub.ClientCalls.blockingUnaryCall(ClientCalls.java:139)
	at org.apache.ratis.proto.grpc.RaftServerProtocolServiceGrpc$RaftServerProtocolServiceBlockingStub.requestVote(RaftServerProtocolServiceGrpc.java:265)
	at org.apache.ratis.grpc.server.GrpcServerProtocolClient.requestVote(GrpcServerProtocolClient.java:99)
	at org.apache.ratis.grpc.server.GrpcService.requestVote(GrpcService.java:204)
	at org.apache.ratis.server.impl.LeaderElection.lambda$submitRequests$1(LeaderElection.java:234)
	at java.util.concurrent.FutureTask.run(FutureTask.java:266)
	at java.util.concurrent.Executors$RunnableAdapter.call(Executors.java:511)
	at java.util.concurrent.FutureTask.run(FutureTask.java:266)
	at java.util.concurrent.ThreadPoolExecutor.runWorker(ThreadPoolExecutor.java:1149)
	at java.util.concurrent.ThreadPoolExecutor$Worker.run(ThreadPoolExecutor.java:624)
	... 1 more
Caused by: org.apache.ratis.thirdparty.io.netty.channel.AbstractChannel$AnnotatedConnectException: Connection refused: /192.168.157.233:35716
	at sun.nio.ch.SocketChannelImpl.checkConnect(Native Method)
	at sun.nio.ch.SocketChannelImpl.finishConnect(SocketChannelImpl.java:717)
	at org.apache.ratis.thirdparty.io.netty.channel.socket.nio.NioSocketChannel.doFinishConnect(NioSocketChannel.java:327)
	at org.apache.ratis.thirdparty.io.netty.channel.nio.AbstractNioChannel$AbstractNioUnsafe.finishConnect(AbstractNioChannel.java:340)
	at org.apache.ratis.thirdparty.io.netty.channel.nio.NioEventLoop.processSelectedKey(NioEventLoop.java:632)
	at org.apache.ratis.thirdparty.io.netty.channel.nio.NioEventLoop.processSelectedKeysOptimized(NioEventLoop.java:579)
	at org.apache.ratis.thirdparty.io.netty.channel.nio.NioEventLoop.processSelectedKeys(NioEventLoop.java:496)
	at org.apache.ratis.thirdparty.io.netty.channel.nio.NioEventLoop.run(NioEventLoop.java:458)
	at org.apache.ratis.thirdparty.io.netty.util.concurrent.SingleThreadEventExecutor$5.run(SingleThreadEventExecutor.java:897)
	at org.apache.ratis.thirdparty.io.netty.util.concurrent.FastThreadLocalRunnable.run(FastThreadLocalRunnable.java:30)
	... 1 more
Caused by: java.net.ConnectException: Connection refused
	... 11 more
2019-10-25 11:08:02,268 [f6cfa8a2-85ff-4bb9-a246-101c53d2d47b@group-49E82E920F3F-LeaderElection620] INFO  impl.RaftServerImpl (RaftServerImpl.java:setRole(184)) - f6cfa8a2-85ff-4bb9-a246-101c53d2d47b@group-49E82E920F3F: changes role from CANDIDATE to FOLLOWER at term 210 for DISCOVERED_A_NEW_TERM
2019-10-25 11:08:02,268 [f6cfa8a2-85ff-4bb9-a246-101c53d2d47b@group-49E82E920F3F-LeaderElection620] INFO  impl.RoleInfo (RoleInfo.java:shutdownLeaderElection(134)) - f6cfa8a2-85ff-4bb9-a246-101c53d2d47b: shutdown LeaderElection
2019-10-25 11:08:02,268 [f6cfa8a2-85ff-4bb9-a246-101c53d2d47b@group-49E82E920F3F-LeaderElection620] INFO  impl.RoleInfo (RoleInfo.java:updateAndGet(143)) - f6cfa8a2-85ff-4bb9-a246-101c53d2d47b: start FollowerState
2019-10-25 11:08:02,290 [Thread-5076] INFO  impl.FollowerState (FollowerState.java:run(108)) - f6cfa8a2-85ff-4bb9-a246-101c53d2d47b@group-49E82E920F3F-FollowerState: change to CANDIDATE, lastRpcTime:22ms, electionTimeout:22ms
2019-10-25 11:08:02,290 [Thread-5076] INFO  impl.RoleInfo (RoleInfo.java:shutdownFollowerState(121)) - f6cfa8a2-85ff-4bb9-a246-101c53d2d47b: shutdown FollowerState
2019-10-25 11:08:02,291 [Thread-5076] INFO  impl.RaftServerImpl (RaftServerImpl.java:setRole(184)) - f6cfa8a2-85ff-4bb9-a246-101c53d2d47b@group-49E82E920F3F: changes role from  FOLLOWER to CANDIDATE at term 210 for changeToCandidate
2019-10-25 11:08:02,291 [Thread-5076] INFO  impl.RoleInfo (RoleInfo.java:updateAndGet(143)) - f6cfa8a2-85ff-4bb9-a246-101c53d2d47b: start LeaderElection
2019-10-25 11:08:02,304 [f6cfa8a2-85ff-4bb9-a246-101c53d2d47b@group-49E82E920F3F-LeaderElection621] INFO  impl.LeaderElection (LeaderElection.java:askForVotes(178)) - f6cfa8a2-85ff-4bb9-a246-101c53d2d47b@group-49E82E920F3F-LeaderElection621: begin an election at term 211 for -1: [7fad1e98-7a6b-4998-a30c-ec1ab88068bc:192.168.157.233:35716, bdb27072-dd00-4d3b-a7da-41600e490ca3:192.168.157.233:42906, f6cfa8a2-85ff-4bb9-a246-101c53d2d47b:192.168.157.233:44618], old=null
2019-10-25 11:08:02,305 [f6cfa8a2-85ff-4bb9-a246-101c53d2d47b@group-49E82E920F3F-LeaderElection621] INFO  impl.LeaderElection (LogUtils.java:infoOrTrace(149)) - f6cfa8a2-85ff-4bb9-a246-101c53d2d47b@group-49E82E920F3F-LeaderElection621 got exception when requesting votes: {}
java.util.concurrent.ExecutionException: org.apache.ratis.thirdparty.io.grpc.StatusRuntimeException: UNAVAILABLE: io exception
	at java.util.concurrent.FutureTask.report(FutureTask.java:122)
	at java.util.concurrent.FutureTask.get(FutureTask.java:192)
	at org.apache.ratis.server.impl.LeaderElection.waitForResults(LeaderElection.java:259)
	at org.apache.ratis.server.impl.LeaderElection.askForVotes(LeaderElection.java:197)
	at org.apache.ratis.server.impl.LeaderElection.run(LeaderElection.java:133)
	at java.lang.Thread.run(Thread.java:748)
Caused by: org.apache.ratis.thirdparty.io.grpc.StatusRuntimeException: UNAVAILABLE: io exception
	at org.apache.ratis.thirdparty.io.grpc.stub.ClientCalls.toStatusRuntimeException(ClientCalls.java:233)
	at org.apache.ratis.thirdparty.io.grpc.stub.ClientCalls.getUnchecked(ClientCalls.java:214)
	at org.apache.ratis.thirdparty.io.grpc.stub.ClientCalls.blockingUnaryCall(ClientCalls.java:139)
	at org.apache.ratis.proto.grpc.RaftServerProtocolServiceGrpc$RaftServerProtocolServiceBlockingStub.requestVote(RaftServerProtocolServiceGrpc.java:265)
	at org.apache.ratis.grpc.server.GrpcServerProtocolClient.requestVote(GrpcServerProtocolClient.java:99)
	at org.apache.ratis.grpc.server.GrpcService.requestVote(GrpcService.java:204)
	at org.apache.ratis.server.impl.LeaderElection.lambda$submitRequests$1(LeaderElection.java:234)
	at java.util.concurrent.FutureTask.run(FutureTask.java:266)
	at java.util.concurrent.Executors$RunnableAdapter.call(Executors.java:511)
	at java.util.concurrent.FutureTask.run(FutureTask.java:266)
	at java.util.concurrent.ThreadPoolExecutor.runWorker(ThreadPoolExecutor.java:1149)
	at java.util.concurrent.ThreadPoolExecutor$Worker.run(ThreadPoolExecutor.java:624)
	... 1 more
Caused by: org.apache.ratis.thirdparty.io.netty.channel.AbstractChannel$AnnotatedConnectException: Connection refused: /192.168.157.233:35716
	at sun.nio.ch.SocketChannelImpl.checkConnect(Native Method)
	at sun.nio.ch.SocketChannelImpl.finishConnect(SocketChannelImpl.java:717)
	at org.apache.ratis.thirdparty.io.netty.channel.socket.nio.NioSocketChannel.doFinishConnect(NioSocketChannel.java:327)
	at org.apache.ratis.thirdparty.io.netty.channel.nio.AbstractNioChannel$AbstractNioUnsafe.finishConnect(AbstractNioChannel.java:340)
	at org.apache.ratis.thirdparty.io.netty.channel.nio.NioEventLoop.processSelectedKey(NioEventLoop.java:632)
	at org.apache.ratis.thirdparty.io.netty.channel.nio.NioEventLoop.processSelectedKeysOptimized(NioEventLoop.java:579)
	at org.apache.ratis.thirdparty.io.netty.channel.nio.NioEventLoop.processSelectedKeys(NioEventLoop.java:496)
	at org.apache.ratis.thirdparty.io.netty.channel.nio.NioEventLoop.run(NioEventLoop.java:458)
	at org.apache.ratis.thirdparty.io.netty.util.concurrent.SingleThreadEventExecutor$5.run(SingleThreadEventExecutor.java:897)
	at org.apache.ratis.thirdparty.io.netty.util.concurrent.FastThreadLocalRunnable.run(FastThreadLocalRunnable.java:30)
	... 1 more
Caused by: java.net.ConnectException: Connection refused
	... 11 more
2019-10-25 11:08:02,305 [f6cfa8a2-85ff-4bb9-a246-101c53d2d47b@group-49E82E920F3F-LeaderElection621] INFO  impl.LeaderElection (LogUtils.java:infoOrTrace(149)) - f6cfa8a2-85ff-4bb9-a246-101c53d2d47b@group-49E82E920F3F-LeaderElection621 got exception when requesting votes: {}
java.util.concurrent.ExecutionException: org.apache.ratis.thirdparty.io.grpc.StatusRuntimeException: UNAVAILABLE: io exception
	at java.util.concurrent.FutureTask.report(FutureTask.java:122)
	at java.util.concurrent.FutureTask.get(FutureTask.java:192)
	at org.apache.ratis.server.impl.LeaderElection.waitForResults(LeaderElection.java:259)
	at org.apache.ratis.server.impl.LeaderElection.askForVotes(LeaderElection.java:197)
	at org.apache.ratis.server.impl.LeaderElection.run(LeaderElection.java:133)
	at java.lang.Thread.run(Thread.java:748)
Caused by: org.apache.ratis.thirdparty.io.grpc.StatusRuntimeException: UNAVAILABLE: io exception
	at org.apache.ratis.thirdparty.io.grpc.stub.ClientCalls.toStatusRuntimeException(ClientCalls.java:233)
	at org.apache.ratis.thirdparty.io.grpc.stub.ClientCalls.getUnchecked(ClientCalls.java:214)
	at org.apache.ratis.thirdparty.io.grpc.stub.ClientCalls.blockingUnaryCall(ClientCalls.java:139)
	at org.apache.ratis.proto.grpc.RaftServerProtocolServiceGrpc$RaftServerProtocolServiceBlockingStub.requestVote(RaftServerProtocolServiceGrpc.java:265)
	at org.apache.ratis.grpc.server.GrpcServerProtocolClient.requestVote(GrpcServerProtocolClient.java:99)
	at org.apache.ratis.grpc.server.GrpcService.requestVote(GrpcService.java:204)
	at org.apache.ratis.server.impl.LeaderElection.lambda$submitRequests$1(LeaderElection.java:234)
	at java.util.concurrent.FutureTask.run(FutureTask.java:266)
	at java.util.concurrent.Executors$RunnableAdapter.call(Executors.java:511)
	at java.util.concurrent.FutureTask.run(FutureTask.java:266)
	at java.util.concurrent.ThreadPoolExecutor.runWorker(ThreadPoolExecutor.java:1149)
	at java.util.concurrent.ThreadPoolExecutor$Worker.run(ThreadPoolExecutor.java:624)
	... 1 more
Caused by: org.apache.ratis.thirdparty.io.netty.channel.AbstractChannel$AnnotatedConnectException: Connection refused: /192.168.157.233:42906
	at sun.nio.ch.SocketChannelImpl.checkConnect(Native Method)
	at sun.nio.ch.SocketChannelImpl.finishConnect(SocketChannelImpl.java:717)
	at org.apache.ratis.thirdparty.io.netty.channel.socket.nio.NioSocketChannel.doFinishConnect(NioSocketChannel.java:327)
	at org.apache.ratis.thirdparty.io.netty.channel.nio.AbstractNioChannel$AbstractNioUnsafe.finishConnect(AbstractNioChannel.java:340)
	at org.apache.ratis.thirdparty.io.netty.channel.nio.NioEventLoop.processSelectedKey(NioEventLoop.java:632)
	at org.apache.ratis.thirdparty.io.netty.channel.nio.NioEventLoop.processSelectedKeysOptimized(NioEventLoop.java:579)
	at org.apache.ratis.thirdparty.io.netty.channel.nio.NioEventLoop.processSelectedKeys(NioEventLoop.java:496)
	at org.apache.ratis.thirdparty.io.netty.channel.nio.NioEventLoop.run(NioEventLoop.java:458)
	at org.apache.ratis.thirdparty.io.netty.util.concurrent.SingleThreadEventExecutor$5.run(SingleThreadEventExecutor.java:897)
	at org.apache.ratis.thirdparty.io.netty.util.concurrent.FastThreadLocalRunnable.run(FastThreadLocalRunnable.java:30)
	... 1 more
Caused by: java.net.ConnectException: Connection refused
	... 11 more
2019-10-25 11:08:02,305 [f6cfa8a2-85ff-4bb9-a246-101c53d2d47b@group-49E82E920F3F-LeaderElection621] INFO  impl.LeaderElection (LeaderElection.java:logAndReturn(56)) - f6cfa8a2-85ff-4bb9-a246-101c53d2d47b@group-49E82E920F3F-LeaderElection621: Election REJECTED; received 0 response(s) [] and 2 exception(s); f6cfa8a2-85ff-4bb9-a246-101c53d2d47b@group-49E82E920F3F:t211, leader=null, voted=f6cfa8a2-85ff-4bb9-a246-101c53d2d47b, raftlog=f6cfa8a2-85ff-4bb9-a246-101c53d2d47b@group-49E82E920F3F-SegmentedRaftLog:OPENED:c-1,f-1,i0, conf=-1: [7fad1e98-7a6b-4998-a30c-ec1ab88068bc:192.168.157.233:35716, bdb27072-dd00-4d3b-a7da-41600e490ca3:192.168.157.233:42906, f6cfa8a2-85ff-4bb9-a246-101c53d2d47b:192.168.157.233:44618], old=null
2019-10-25 11:08:02,305 [f6cfa8a2-85ff-4bb9-a246-101c53d2d47b@group-49E82E920F3F-LeaderElection621] INFO  impl.LeaderElection (LogUtils.java:infoOrTrace(149)) -   Exception 0: {}
java.util.concurrent.ExecutionException: org.apache.ratis.thirdparty.io.grpc.StatusRuntimeException: UNAVAILABLE: io exception
	at java.util.concurrent.FutureTask.report(FutureTask.java:122)
	at java.util.concurrent.FutureTask.get(FutureTask.java:192)
	at org.apache.ratis.server.impl.LeaderElection.waitForResults(LeaderElection.java:259)
	at org.apache.ratis.server.impl.LeaderElection.askForVotes(LeaderElection.java:197)
	at org.apache.ratis.server.impl.LeaderElection.run(LeaderElection.java:133)
	at java.lang.Thread.run(Thread.java:748)
Caused by: org.apache.ratis.thirdparty.io.grpc.StatusRuntimeException: UNAVAILABLE: io exception
	at org.apache.ratis.thirdparty.io.grpc.stub.ClientCalls.toStatusRuntimeException(ClientCalls.java:233)
	at org.apache.ratis.thirdparty.io.grpc.stub.ClientCalls.getUnchecked(ClientCalls.java:214)
	at org.apache.ratis.thirdparty.io.grpc.stub.ClientCalls.blockingUnaryCall(ClientCalls.java:139)
	at org.apache.ratis.proto.grpc.RaftServerProtocolServiceGrpc$RaftServerProtocolServiceBlockingStub.requestVote(RaftServerProtocolServiceGrpc.java:265)
	at org.apache.ratis.grpc.server.GrpcServerProtocolClient.requestVote(GrpcServerProtocolClient.java:99)
	at org.apache.ratis.grpc.server.GrpcService.requestVote(GrpcService.java:204)
	at org.apache.ratis.server.impl.LeaderElection.lambda$submitRequests$1(LeaderElection.java:234)
	at java.util.concurrent.FutureTask.run(FutureTask.java:266)
	at java.util.concurrent.Executors$RunnableAdapter.call(Executors.java:511)
	at java.util.concurrent.FutureTask.run(FutureTask.java:266)
	at java.util.concurrent.ThreadPoolExecutor.runWorker(ThreadPoolExecutor.java:1149)
	at java.util.concurrent.ThreadPoolExecutor$Worker.run(ThreadPoolExecutor.java:624)
	... 1 more
Caused by: org.apache.ratis.thirdparty.io.netty.channel.AbstractChannel$AnnotatedConnectException: Connection refused: /192.168.157.233:35716
	at sun.nio.ch.SocketChannelImpl.checkConnect(Native Method)
	at sun.nio.ch.SocketChannelImpl.finishConnect(SocketChannelImpl.java:717)
	at org.apache.ratis.thirdparty.io.netty.channel.socket.nio.NioSocketChannel.doFinishConnect(NioSocketChannel.java:327)
	at org.apache.ratis.thirdparty.io.netty.channel.nio.AbstractNioChannel$AbstractNioUnsafe.finishConnect(AbstractNioChannel.java:340)
	at org.apache.ratis.thirdparty.io.netty.channel.nio.NioEventLoop.processSelectedKey(NioEventLoop.java:632)
	at org.apache.ratis.thirdparty.io.netty.channel.nio.NioEventLoop.processSelectedKeysOptimized(NioEventLoop.java:579)
	at org.apache.ratis.thirdparty.io.netty.channel.nio.NioEventLoop.processSelectedKeys(NioEventLoop.java:496)
	at org.apache.ratis.thirdparty.io.netty.channel.nio.NioEventLoop.run(NioEventLoop.java:458)
	at org.apache.ratis.thirdparty.io.netty.util.concurrent.SingleThreadEventExecutor$5.run(SingleThreadEventExecutor.java:897)
	at org.apache.ratis.thirdparty.io.netty.util.concurrent.FastThreadLocalRunnable.run(FastThreadLocalRunnable.java:30)
	... 1 more
Caused by: java.net.ConnectException: Connection refused
	... 11 more
2019-10-25 11:08:02,306 [f6cfa8a2-85ff-4bb9-a246-101c53d2d47b@group-49E82E920F3F-LeaderElection621] INFO  impl.LeaderElection (LogUtils.java:infoOrTrace(149)) -   Exception 1: {}
java.util.concurrent.ExecutionException: org.apache.ratis.thirdparty.io.grpc.StatusRuntimeException: UNAVAILABLE: io exception
	at java.util.concurrent.FutureTask.report(FutureTask.java:122)
	at java.util.concurrent.FutureTask.get(FutureTask.java:192)
	at org.apache.ratis.server.impl.LeaderElection.waitForResults(LeaderElection.java:259)
	at org.apache.ratis.server.impl.LeaderElection.askForVotes(LeaderElection.java:197)
	at org.apache.ratis.server.impl.LeaderElection.run(LeaderElection.java:133)
	at java.lang.Thread.run(Thread.java:748)
Caused by: org.apache.ratis.thirdparty.io.grpc.StatusRuntimeException: UNAVAILABLE: io exception
	at org.apache.ratis.thirdparty.io.grpc.stub.ClientCalls.toStatusRuntimeException(ClientCalls.java:233)
	at org.apache.ratis.thirdparty.io.grpc.stub.ClientCalls.getUnchecked(ClientCalls.java:214)
	at org.apache.ratis.thirdparty.io.grpc.stub.ClientCalls.blockingUnaryCall(ClientCalls.java:139)
	at org.apache.ratis.proto.grpc.RaftServerProtocolServiceGrpc$RaftServerProtocolServiceBlockingStub.requestVote(RaftServerProtocolServiceGrpc.java:265)
	at org.apache.ratis.grpc.server.GrpcServerProtocolClient.requestVote(GrpcServerProtocolClient.java:99)
	at org.apache.ratis.grpc.server.GrpcService.requestVote(GrpcService.java:204)
	at org.apache.ratis.server.impl.LeaderElection.lambda$submitRequests$1(LeaderElection.java:234)
	at java.util.concurrent.FutureTask.run(FutureTask.java:266)
	at java.util.concurrent.Executors$RunnableAdapter.call(Executors.java:511)
	at java.util.concurrent.FutureTask.run(FutureTask.java:266)
	at java.util.concurrent.ThreadPoolExecutor.runWorker(ThreadPoolExecutor.java:1149)
	at java.util.concurrent.ThreadPoolExecutor$Worker.run(ThreadPoolExecutor.java:624)
	... 1 more
Caused by: org.apache.ratis.thirdparty.io.netty.channel.AbstractChannel$AnnotatedConnectException: Connection refused: /192.168.157.233:42906
	at sun.nio.ch.SocketChannelImpl.checkConnect(Native Method)
	at sun.nio.ch.SocketChannelImpl.finishConnect(SocketChannelImpl.java:717)
	at org.apache.ratis.thirdparty.io.netty.channel.socket.nio.NioSocketChannel.doFinishConnect(NioSocketChannel.java:327)
	at org.apache.ratis.thirdparty.io.netty.channel.nio.AbstractNioChannel$AbstractNioUnsafe.finishConnect(AbstractNioChannel.java:340)
	at org.apache.ratis.thirdparty.io.netty.channel.nio.NioEventLoop.processSelectedKey(NioEventLoop.java:632)
	at org.apache.ratis.thirdparty.io.netty.channel.nio.NioEventLoop.processSelectedKeysOptimized(NioEventLoop.java:579)
	at org.apache.ratis.thirdparty.io.netty.channel.nio.NioEventLoop.processSelectedKeys(NioEventLoop.java:496)
	at org.apache.ratis.thirdparty.io.netty.channel.nio.NioEventLoop.run(NioEventLoop.java:458)
	at org.apache.ratis.thirdparty.io.netty.util.concurrent.SingleThreadEventExecutor$5.run(SingleThreadEventExecutor.java:897)
	at org.apache.ratis.thirdparty.io.netty.util.concurrent.FastThreadLocalRunnable.run(FastThreadLocalRunnable.java:30)
	... 1 more
Caused by: java.net.ConnectException: Connection refused
	... 11 more
2019-10-25 11:08:02,306 [f6cfa8a2-85ff-4bb9-a246-101c53d2d47b@group-49E82E920F3F-LeaderElection621] INFO  impl.RaftServerImpl (RaftServerImpl.java:setRole(184)) - f6cfa8a2-85ff-4bb9-a246-101c53d2d47b@group-49E82E920F3F: changes role from CANDIDATE to FOLLOWER at term 211 for DISCOVERED_A_NEW_TERM
2019-10-25 11:08:02,306 [f6cfa8a2-85ff-4bb9-a246-101c53d2d47b@group-49E82E920F3F-LeaderElection621] INFO  impl.RoleInfo (RoleInfo.java:shutdownLeaderElection(134)) - f6cfa8a2-85ff-4bb9-a246-101c53d2d47b: shutdown LeaderElection
2019-10-25 11:08:02,306 [f6cfa8a2-85ff-4bb9-a246-101c53d2d47b@group-49E82E920F3F-LeaderElection621] INFO  impl.RoleInfo (RoleInfo.java:updateAndGet(143)) - f6cfa8a2-85ff-4bb9-a246-101c53d2d47b: start FollowerState
2019-10-25 11:08:02,323 [Thread-5080] INFO  impl.FollowerState (FollowerState.java:run(108)) - f6cfa8a2-85ff-4bb9-a246-101c53d2d47b@group-49E82E920F3F-FollowerState: change to CANDIDATE, lastRpcTime:17ms, electionTimeout:17ms
2019-10-25 11:08:02,323 [Thread-5080] INFO  impl.RoleInfo (RoleInfo.java:shutdownFollowerState(121)) - f6cfa8a2-85ff-4bb9-a246-101c53d2d47b: shutdown FollowerState
2019-10-25 11:08:02,323 [Thread-5080] INFO  impl.RaftServerImpl (RaftServerImpl.java:setRole(184)) - f6cfa8a2-85ff-4bb9-a246-101c53d2d47b@group-49E82E920F3F: changes role from  FOLLOWER to CANDIDATE at term 211 for changeToCandidate
2019-10-25 11:08:02,324 [Thread-5080] INFO  impl.RoleInfo (RoleInfo.java:updateAndGet(143)) - f6cfa8a2-85ff-4bb9-a246-101c53d2d47b: start LeaderElection
2019-10-25 11:08:02,348 [f6cfa8a2-85ff-4bb9-a246-101c53d2d47b@group-49E82E920F3F-LeaderElection622] INFO  impl.LeaderElection (LeaderElection.java:askForVotes(178)) - f6cfa8a2-85ff-4bb9-a246-101c53d2d47b@group-49E82E920F3F-LeaderElection622: begin an election at term 212 for -1: [7fad1e98-7a6b-4998-a30c-ec1ab88068bc:192.168.157.233:35716, bdb27072-dd00-4d3b-a7da-41600e490ca3:192.168.157.233:42906, f6cfa8a2-85ff-4bb9-a246-101c53d2d47b:192.168.157.233:44618], old=null
2019-10-25 11:08:02,349 [f6cfa8a2-85ff-4bb9-a246-101c53d2d47b@group-49E82E920F3F-LeaderElection622] INFO  impl.LeaderElection (LogUtils.java:infoOrTrace(149)) - f6cfa8a2-85ff-4bb9-a246-101c53d2d47b@group-49E82E920F3F-LeaderElection622 got exception when requesting votes: {}
java.util.concurrent.ExecutionException: org.apache.ratis.thirdparty.io.grpc.StatusRuntimeException: UNAVAILABLE: io exception
	at java.util.concurrent.FutureTask.report(FutureTask.java:122)
	at java.util.concurrent.FutureTask.get(FutureTask.java:192)
	at org.apache.ratis.server.impl.LeaderElection.waitForResults(LeaderElection.java:259)
	at org.apache.ratis.server.impl.LeaderElection.askForVotes(LeaderElection.java:197)
	at org.apache.ratis.server.impl.LeaderElection.run(LeaderElection.java:133)
	at java.lang.Thread.run(Thread.java:748)
Caused by: org.apache.ratis.thirdparty.io.grpc.StatusRuntimeException: UNAVAILABLE: io exception
	at org.apache.ratis.thirdparty.io.grpc.stub.ClientCalls.toStatusRuntimeException(ClientCalls.java:233)
	at org.apache.ratis.thirdparty.io.grpc.stub.ClientCalls.getUnchecked(ClientCalls.java:214)
	at org.apache.ratis.thirdparty.io.grpc.stub.ClientCalls.blockingUnaryCall(ClientCalls.java:139)
	at org.apache.ratis.proto.grpc.RaftServerProtocolServiceGrpc$RaftServerProtocolServiceBlockingStub.requestVote(RaftServerProtocolServiceGrpc.java:265)
	at org.apache.ratis.grpc.server.GrpcServerProtocolClient.requestVote(GrpcServerProtocolClient.java:99)
	at org.apache.ratis.grpc.server.GrpcService.requestVote(GrpcService.java:204)
	at org.apache.ratis.server.impl.LeaderElection.lambda$submitRequests$1(LeaderElection.java:234)
	at java.util.concurrent.FutureTask.run(FutureTask.java:266)
	at java.util.concurrent.Executors$RunnableAdapter.call(Executors.java:511)
	at java.util.concurrent.FutureTask.run(FutureTask.java:266)
	at java.util.concurrent.ThreadPoolExecutor.runWorker(ThreadPoolExecutor.java:1149)
	at java.util.concurrent.ThreadPoolExecutor$Worker.run(ThreadPoolExecutor.java:624)
	... 1 more
Caused by: org.apache.ratis.thirdparty.io.netty.channel.AbstractChannel$AnnotatedConnectException: Connection refused: /192.168.157.233:35716
	at sun.nio.ch.SocketChannelImpl.checkConnect(Native Method)
	at sun.nio.ch.SocketChannelImpl.finishConnect(SocketChannelImpl.java:717)
	at org.apache.ratis.thirdparty.io.netty.channel.socket.nio.NioSocketChannel.doFinishConnect(NioSocketChannel.java:327)
	at org.apache.ratis.thirdparty.io.netty.channel.nio.AbstractNioChannel$AbstractNioUnsafe.finishConnect(AbstractNioChannel.java:340)
	at org.apache.ratis.thirdparty.io.netty.channel.nio.NioEventLoop.processSelectedKey(NioEventLoop.java:632)
	at org.apache.ratis.thirdparty.io.netty.channel.nio.NioEventLoop.processSelectedKeysOptimized(NioEventLoop.java:579)
	at org.apache.ratis.thirdparty.io.netty.channel.nio.NioEventLoop.processSelectedKeys(NioEventLoop.java:496)
	at org.apache.ratis.thirdparty.io.netty.channel.nio.NioEventLoop.run(NioEventLoop.java:458)
	at org.apache.ratis.thirdparty.io.netty.util.concurrent.SingleThreadEventExecutor$5.run(SingleThreadEventExecutor.java:897)
	at org.apache.ratis.thirdparty.io.netty.util.concurrent.FastThreadLocalRunnable.run(FastThreadLocalRunnable.java:30)
	... 1 more
Caused by: java.net.ConnectException: Connection refused
	... 11 more
2019-10-25 11:08:02,349 [f6cfa8a2-85ff-4bb9-a246-101c53d2d47b@group-49E82E920F3F-LeaderElection622] INFO  impl.LeaderElection (LogUtils.java:infoOrTrace(149)) - f6cfa8a2-85ff-4bb9-a246-101c53d2d47b@group-49E82E920F3F-LeaderElection622 got exception when requesting votes: {}
java.util.concurrent.ExecutionException: org.apache.ratis.thirdparty.io.grpc.StatusRuntimeException: UNAVAILABLE: io exception
	at java.util.concurrent.FutureTask.report(FutureTask.java:122)
	at java.util.concurrent.FutureTask.get(FutureTask.java:192)
	at org.apache.ratis.server.impl.LeaderElection.waitForResults(LeaderElection.java:259)
	at org.apache.ratis.server.impl.LeaderElection.askForVotes(LeaderElection.java:197)
	at org.apache.ratis.server.impl.LeaderElection.run(LeaderElection.java:133)
	at java.lang.Thread.run(Thread.java:748)
Caused by: org.apache.ratis.thirdparty.io.grpc.StatusRuntimeException: UNAVAILABLE: io exception
	at org.apache.ratis.thirdparty.io.grpc.stub.ClientCalls.toStatusRuntimeException(ClientCalls.java:233)
	at org.apache.ratis.thirdparty.io.grpc.stub.ClientCalls.getUnchecked(ClientCalls.java:214)
	at org.apache.ratis.thirdparty.io.grpc.stub.ClientCalls.blockingUnaryCall(ClientCalls.java:139)
	at org.apache.ratis.proto.grpc.RaftServerProtocolServiceGrpc$RaftServerProtocolServiceBlockingStub.requestVote(RaftServerProtocolServiceGrpc.java:265)
	at org.apache.ratis.grpc.server.GrpcServerProtocolClient.requestVote(GrpcServerProtocolClient.java:99)
	at org.apache.ratis.grpc.server.GrpcService.requestVote(GrpcService.java:204)
	at org.apache.ratis.server.impl.LeaderElection.lambda$submitRequests$1(LeaderElection.java:234)
	at java.util.concurrent.FutureTask.run(FutureTask.java:266)
	at java.util.concurrent.Executors$RunnableAdapter.call(Executors.java:511)
	at java.util.concurrent.FutureTask.run(FutureTask.java:266)
	at java.util.concurrent.ThreadPoolExecutor.runWorker(ThreadPoolExecutor.java:1149)
	at java.util.concurrent.ThreadPoolExecutor$Worker.run(ThreadPoolExecutor.java:624)
	... 1 more
Caused by: org.apache.ratis.thirdparty.io.netty.channel.AbstractChannel$AnnotatedConnectException: Connection refused: /192.168.157.233:42906
	at sun.nio.ch.SocketChannelImpl.checkConnect(Native Method)
	at sun.nio.ch.SocketChannelImpl.finishConnect(SocketChannelImpl.java:717)
	at org.apache.ratis.thirdparty.io.netty.channel.socket.nio.NioSocketChannel.doFinishConnect(NioSocketChannel.java:327)
	at org.apache.ratis.thirdparty.io.netty.channel.nio.AbstractNioChannel$AbstractNioUnsafe.finishConnect(AbstractNioChannel.java:340)
	at org.apache.ratis.thirdparty.io.netty.channel.nio.NioEventLoop.processSelectedKey(NioEventLoop.java:632)
	at org.apache.ratis.thirdparty.io.netty.channel.nio.NioEventLoop.processSelectedKeysOptimized(NioEventLoop.java:579)
	at org.apache.ratis.thirdparty.io.netty.channel.nio.NioEventLoop.processSelectedKeys(NioEventLoop.java:496)
	at org.apache.ratis.thirdparty.io.netty.channel.nio.NioEventLoop.run(NioEventLoop.java:458)
	at org.apache.ratis.thirdparty.io.netty.util.concurrent.SingleThreadEventExecutor$5.run(SingleThreadEventExecutor.java:897)
	at org.apache.ratis.thirdparty.io.netty.util.concurrent.FastThreadLocalRunnable.run(FastThreadLocalRunnable.java:30)
	... 1 more
Caused by: java.net.ConnectException: Connection refused
	... 11 more
2019-10-25 11:08:02,350 [f6cfa8a2-85ff-4bb9-a246-101c53d2d47b@group-49E82E920F3F-LeaderElection622] INFO  impl.LeaderElection (LeaderElection.java:logAndReturn(56)) - f6cfa8a2-85ff-4bb9-a246-101c53d2d47b@group-49E82E920F3F-LeaderElection622: Election REJECTED; received 0 response(s) [] and 2 exception(s); f6cfa8a2-85ff-4bb9-a246-101c53d2d47b@group-49E82E920F3F:t212, leader=null, voted=f6cfa8a2-85ff-4bb9-a246-101c53d2d47b, raftlog=f6cfa8a2-85ff-4bb9-a246-101c53d2d47b@group-49E82E920F3F-SegmentedRaftLog:OPENED:c-1,f-1,i0, conf=-1: [7fad1e98-7a6b-4998-a30c-ec1ab88068bc:192.168.157.233:35716, bdb27072-dd00-4d3b-a7da-41600e490ca3:192.168.157.233:42906, f6cfa8a2-85ff-4bb9-a246-101c53d2d47b:192.168.157.233:44618], old=null
2019-10-25 11:08:02,350 [f6cfa8a2-85ff-4bb9-a246-101c53d2d47b@group-49E82E920F3F-LeaderElection622] INFO  impl.LeaderElection (LogUtils.java:infoOrTrace(149)) -   Exception 0: {}
java.util.concurrent.ExecutionException: org.apache.ratis.thirdparty.io.grpc.StatusRuntimeException: UNAVAILABLE: io exception
	at java.util.concurrent.FutureTask.report(FutureTask.java:122)
	at java.util.concurrent.FutureTask.get(FutureTask.java:192)
	at org.apache.ratis.server.impl.LeaderElection.waitForResults(LeaderElection.java:259)
	at org.apache.ratis.server.impl.LeaderElection.askForVotes(LeaderElection.java:197)
	at org.apache.ratis.server.impl.LeaderElection.run(LeaderElection.java:133)
	at java.lang.Thread.run(Thread.java:748)
Caused by: org.apache.ratis.thirdparty.io.grpc.StatusRuntimeException: UNAVAILABLE: io exception
	at org.apache.ratis.thirdparty.io.grpc.stub.ClientCalls.toStatusRuntimeException(ClientCalls.java:233)
	at org.apache.ratis.thirdparty.io.grpc.stub.ClientCalls.getUnchecked(ClientCalls.java:214)
	at org.apache.ratis.thirdparty.io.grpc.stub.ClientCalls.blockingUnaryCall(ClientCalls.java:139)
	at org.apache.ratis.proto.grpc.RaftServerProtocolServiceGrpc$RaftServerProtocolServiceBlockingStub.requestVote(RaftServerProtocolServiceGrpc.java:265)
	at org.apache.ratis.grpc.server.GrpcServerProtocolClient.requestVote(GrpcServerProtocolClient.java:99)
	at org.apache.ratis.grpc.server.GrpcService.requestVote(GrpcService.java:204)
	at org.apache.ratis.server.impl.LeaderElection.lambda$submitRequests$1(LeaderElection.java:234)
	at java.util.concurrent.FutureTask.run(FutureTask.java:266)
	at java.util.concurrent.Executors$RunnableAdapter.call(Executors.java:511)
	at java.util.concurrent.FutureTask.run(FutureTask.java:266)
	at java.util.concurrent.ThreadPoolExecutor.runWorker(ThreadPoolExecutor.java:1149)
	at java.util.concurrent.ThreadPoolExecutor$Worker.run(ThreadPoolExecutor.java:624)
	... 1 more
Caused by: org.apache.ratis.thirdparty.io.netty.channel.AbstractChannel$AnnotatedConnectException: Connection refused: /192.168.157.233:35716
	at sun.nio.ch.SocketChannelImpl.checkConnect(Native Method)
	at sun.nio.ch.SocketChannelImpl.finishConnect(SocketChannelImpl.java:717)
	at org.apache.ratis.thirdparty.io.netty.channel.socket.nio.NioSocketChannel.doFinishConnect(NioSocketChannel.java:327)
	at org.apache.ratis.thirdparty.io.netty.channel.nio.AbstractNioChannel$AbstractNioUnsafe.finishConnect(AbstractNioChannel.java:340)
	at org.apache.ratis.thirdparty.io.netty.channel.nio.NioEventLoop.processSelectedKey(NioEventLoop.java:632)
	at org.apache.ratis.thirdparty.io.netty.channel.nio.NioEventLoop.processSelectedKeysOptimized(NioEventLoop.java:579)
	at org.apache.ratis.thirdparty.io.netty.channel.nio.NioEventLoop.processSelectedKeys(NioEventLoop.java:496)
	at org.apache.ratis.thirdparty.io.netty.channel.nio.NioEventLoop.run(NioEventLoop.java:458)
	at org.apache.ratis.thirdparty.io.netty.util.concurrent.SingleThreadEventExecutor$5.run(SingleThreadEventExecutor.java:897)
	at org.apache.ratis.thirdparty.io.netty.util.concurrent.FastThreadLocalRunnable.run(FastThreadLocalRunnable.java:30)
	... 1 more
Caused by: java.net.ConnectException: Connection refused
	... 11 more
2019-10-25 11:08:02,350 [f6cfa8a2-85ff-4bb9-a246-101c53d2d47b@group-49E82E920F3F-LeaderElection622] INFO  impl.LeaderElection (LogUtils.java:infoOrTrace(149)) -   Exception 1: {}
java.util.concurrent.ExecutionException: org.apache.ratis.thirdparty.io.grpc.StatusRuntimeException: UNAVAILABLE: io exception
	at java.util.concurrent.FutureTask.report(FutureTask.java:122)
	at java.util.concurrent.FutureTask.get(FutureTask.java:192)
	at org.apache.ratis.server.impl.LeaderElection.waitForResults(LeaderElection.java:259)
	at org.apache.ratis.server.impl.LeaderElection.askForVotes(LeaderElection.java:197)
	at org.apache.ratis.server.impl.LeaderElection.run(LeaderElection.java:133)
	at java.lang.Thread.run(Thread.java:748)
Caused by: org.apache.ratis.thirdparty.io.grpc.StatusRuntimeException: UNAVAILABLE: io exception
	at org.apache.ratis.thirdparty.io.grpc.stub.ClientCalls.toStatusRuntimeException(ClientCalls.java:233)
	at org.apache.ratis.thirdparty.io.grpc.stub.ClientCalls.getUnchecked(ClientCalls.java:214)
	at org.apache.ratis.thirdparty.io.grpc.stub.ClientCalls.blockingUnaryCall(ClientCalls.java:139)
	at org.apache.ratis.proto.grpc.RaftServerProtocolServiceGrpc$RaftServerProtocolServiceBlockingStub.requestVote(RaftServerProtocolServiceGrpc.java:265)
	at org.apache.ratis.grpc.server.GrpcServerProtocolClient.requestVote(GrpcServerProtocolClient.java:99)
	at org.apache.ratis.grpc.server.GrpcService.requestVote(GrpcService.java:204)
	at org.apache.ratis.server.impl.LeaderElection.lambda$submitRequests$1(LeaderElection.java:234)
	at java.util.concurrent.FutureTask.run(FutureTask.java:266)
	at java.util.concurrent.Executors$RunnableAdapter.call(Executors.java:511)
	at java.util.concurrent.FutureTask.run(FutureTask.java:266)
	at java.util.concurrent.ThreadPoolExecutor.runWorker(ThreadPoolExecutor.java:1149)
	at java.util.concurrent.ThreadPoolExecutor$Worker.run(ThreadPoolExecutor.java:624)
	... 1 more
Caused by: org.apache.ratis.thirdparty.io.netty.channel.AbstractChannel$AnnotatedConnectException: Connection refused: /192.168.157.233:42906
	at sun.nio.ch.SocketChannelImpl.checkConnect(Native Method)
	at sun.nio.ch.SocketChannelImpl.finishConnect(SocketChannelImpl.java:717)
	at org.apache.ratis.thirdparty.io.netty.channel.socket.nio.NioSocketChannel.doFinishConnect(NioSocketChannel.java:327)
	at org.apache.ratis.thirdparty.io.netty.channel.nio.AbstractNioChannel$AbstractNioUnsafe.finishConnect(AbstractNioChannel.java:340)
	at org.apache.ratis.thirdparty.io.netty.channel.nio.NioEventLoop.processSelectedKey(NioEventLoop.java:632)
	at org.apache.ratis.thirdparty.io.netty.channel.nio.NioEventLoop.processSelectedKeysOptimized(NioEventLoop.java:579)
	at org.apache.ratis.thirdparty.io.netty.channel.nio.NioEventLoop.processSelectedKeys(NioEventLoop.java:496)
	at org.apache.ratis.thirdparty.io.netty.channel.nio.NioEventLoop.run(NioEventLoop.java:458)
	at org.apache.ratis.thirdparty.io.netty.util.concurrent.SingleThreadEventExecutor$5.run(SingleThreadEventExecutor.java:897)
	at org.apache.ratis.thirdparty.io.netty.util.concurrent.FastThreadLocalRunnable.run(FastThreadLocalRunnable.java:30)
	... 1 more
Caused by: java.net.ConnectException: Connection refused
	... 11 more
2019-10-25 11:08:02,350 [f6cfa8a2-85ff-4bb9-a246-101c53d2d47b@group-49E82E920F3F-LeaderElection622] INFO  impl.RaftServerImpl (RaftServerImpl.java:setRole(184)) - f6cfa8a2-85ff-4bb9-a246-101c53d2d47b@group-49E82E920F3F: changes role from CANDIDATE to FOLLOWER at term 212 for DISCOVERED_A_NEW_TERM
2019-10-25 11:08:02,351 [f6cfa8a2-85ff-4bb9-a246-101c53d2d47b@group-49E82E920F3F-LeaderElection622] INFO  impl.RoleInfo (RoleInfo.java:shutdownLeaderElection(134)) - f6cfa8a2-85ff-4bb9-a246-101c53d2d47b: shutdown LeaderElection
2019-10-25 11:08:02,351 [f6cfa8a2-85ff-4bb9-a246-101c53d2d47b@group-49E82E920F3F-LeaderElection622] INFO  impl.RoleInfo (RoleInfo.java:updateAndGet(143)) - f6cfa8a2-85ff-4bb9-a246-101c53d2d47b: start FollowerState
2019-10-25 11:08:02,353 [Thread-5084] INFO  impl.FollowerState (FollowerState.java:run(108)) - f6cfa8a2-85ff-4bb9-a246-101c53d2d47b@group-49E82E920F3F-FollowerState: change to CANDIDATE, lastRpcTime:2ms, electionTimeout:2ms
2019-10-25 11:08:02,353 [Thread-5084] INFO  impl.RoleInfo (RoleInfo.java:shutdownFollowerState(121)) - f6cfa8a2-85ff-4bb9-a246-101c53d2d47b: shutdown FollowerState
2019-10-25 11:08:02,353 [Thread-5084] INFO  impl.RaftServerImpl (RaftServerImpl.java:setRole(184)) - f6cfa8a2-85ff-4bb9-a246-101c53d2d47b@group-49E82E920F3F: changes role from  FOLLOWER to CANDIDATE at term 212 for changeToCandidate
2019-10-25 11:08:02,353 [Thread-5084] INFO  impl.RoleInfo (RoleInfo.java:updateAndGet(143)) - f6cfa8a2-85ff-4bb9-a246-101c53d2d47b: start LeaderElection
2019-10-25 11:08:02,366 [f6cfa8a2-85ff-4bb9-a246-101c53d2d47b@group-49E82E920F3F-LeaderElection623] INFO  impl.LeaderElection (LeaderElection.java:askForVotes(178)) - f6cfa8a2-85ff-4bb9-a246-101c53d2d47b@group-49E82E920F3F-LeaderElection623: begin an election at term 213 for -1: [7fad1e98-7a6b-4998-a30c-ec1ab88068bc:192.168.157.233:35716, bdb27072-dd00-4d3b-a7da-41600e490ca3:192.168.157.233:42906, f6cfa8a2-85ff-4bb9-a246-101c53d2d47b:192.168.157.233:44618], old=null
2019-10-25 11:08:02,367 [f6cfa8a2-85ff-4bb9-a246-101c53d2d47b@group-49E82E920F3F-LeaderElection623] INFO  impl.LeaderElection (LogUtils.java:infoOrTrace(149)) - f6cfa8a2-85ff-4bb9-a246-101c53d2d47b@group-49E82E920F3F-LeaderElection623 got exception when requesting votes: {}
java.util.concurrent.ExecutionException: org.apache.ratis.thirdparty.io.grpc.StatusRuntimeException: UNAVAILABLE: io exception
	at java.util.concurrent.FutureTask.report(FutureTask.java:122)
	at java.util.concurrent.FutureTask.get(FutureTask.java:192)
	at org.apache.ratis.server.impl.LeaderElection.waitForResults(LeaderElection.java:259)
	at org.apache.ratis.server.impl.LeaderElection.askForVotes(LeaderElection.java:197)
	at org.apache.ratis.server.impl.LeaderElection.run(LeaderElection.java:133)
	at java.lang.Thread.run(Thread.java:748)
Caused by: org.apache.ratis.thirdparty.io.grpc.StatusRuntimeException: UNAVAILABLE: io exception
	at org.apache.ratis.thirdparty.io.grpc.stub.ClientCalls.toStatusRuntimeException(ClientCalls.java:233)
	at org.apache.ratis.thirdparty.io.grpc.stub.ClientCalls.getUnchecked(ClientCalls.java:214)
	at org.apache.ratis.thirdparty.io.grpc.stub.ClientCalls.blockingUnaryCall(ClientCalls.java:139)
	at org.apache.ratis.proto.grpc.RaftServerProtocolServiceGrpc$RaftServerProtocolServiceBlockingStub.requestVote(RaftServerProtocolServiceGrpc.java:265)
	at org.apache.ratis.grpc.server.GrpcServerProtocolClient.requestVote(GrpcServerProtocolClient.java:99)
	at org.apache.ratis.grpc.server.GrpcService.requestVote(GrpcService.java:204)
	at org.apache.ratis.server.impl.LeaderElection.lambda$submitRequests$1(LeaderElection.java:234)
	at java.util.concurrent.FutureTask.run(FutureTask.java:266)
	at java.util.concurrent.Executors$RunnableAdapter.call(Executors.java:511)
	at java.util.concurrent.FutureTask.run(FutureTask.java:266)
	at java.util.concurrent.ThreadPoolExecutor.runWorker(ThreadPoolExecutor.java:1149)
	at java.util.concurrent.ThreadPoolExecutor$Worker.run(ThreadPoolExecutor.java:624)
	... 1 more
Caused by: org.apache.ratis.thirdparty.io.netty.channel.AbstractChannel$AnnotatedConnectException: Connection refused: /192.168.157.233:35716
	at sun.nio.ch.SocketChannelImpl.checkConnect(Native Method)
	at sun.nio.ch.SocketChannelImpl.finishConnect(SocketChannelImpl.java:717)
	at org.apache.ratis.thirdparty.io.netty.channel.socket.nio.NioSocketChannel.doFinishConnect(NioSocketChannel.java:327)
	at org.apache.ratis.thirdparty.io.netty.channel.nio.AbstractNioChannel$AbstractNioUnsafe.finishConnect(AbstractNioChannel.java:340)
	at org.apache.ratis.thirdparty.io.netty.channel.nio.NioEventLoop.processSelectedKey(NioEventLoop.java:632)
	at org.apache.ratis.thirdparty.io.netty.channel.nio.NioEventLoop.processSelectedKeysOptimized(NioEventLoop.java:579)
	at org.apache.ratis.thirdparty.io.netty.channel.nio.NioEventLoop.processSelectedKeys(NioEventLoop.java:496)
	at org.apache.ratis.thirdparty.io.netty.channel.nio.NioEventLoop.run(NioEventLoop.java:458)
	at org.apache.ratis.thirdparty.io.netty.util.concurrent.SingleThreadEventExecutor$5.run(SingleThreadEventExecutor.java:897)
	at org.apache.ratis.thirdparty.io.netty.util.concurrent.FastThreadLocalRunnable.run(FastThreadLocalRunnable.java:30)
	... 1 more
Caused by: java.net.ConnectException: Connection refused
	... 11 more
2019-10-25 11:08:02,367 [f6cfa8a2-85ff-4bb9-a246-101c53d2d47b@group-49E82E920F3F-LeaderElection623] INFO  impl.LeaderElection (LogUtils.java:infoOrTrace(149)) - f6cfa8a2-85ff-4bb9-a246-101c53d2d47b@group-49E82E920F3F-LeaderElection623 got exception when requesting votes: {}
java.util.concurrent.ExecutionException: org.apache.ratis.thirdparty.io.grpc.StatusRuntimeException: UNAVAILABLE: io exception
	at java.util.concurrent.FutureTask.report(FutureTask.java:122)
	at java.util.concurrent.FutureTask.get(FutureTask.java:192)
	at org.apache.ratis.server.impl.LeaderElection.waitForResults(LeaderElection.java:259)
	at org.apache.ratis.server.impl.LeaderElection.askForVotes(LeaderElection.java:197)
	at org.apache.ratis.server.impl.LeaderElection.run(LeaderElection.java:133)
	at java.lang.Thread.run(Thread.java:748)
Caused by: org.apache.ratis.thirdparty.io.grpc.StatusRuntimeException: UNAVAILABLE: io exception
	at org.apache.ratis.thirdparty.io.grpc.stub.ClientCalls.toStatusRuntimeException(ClientCalls.java:233)
	at org.apache.ratis.thirdparty.io.grpc.stub.ClientCalls.getUnchecked(ClientCalls.java:214)
	at org.apache.ratis.thirdparty.io.grpc.stub.ClientCalls.blockingUnaryCall(ClientCalls.java:139)
	at org.apache.ratis.proto.grpc.RaftServerProtocolServiceGrpc$RaftServerProtocolServiceBlockingStub.requestVote(RaftServerProtocolServiceGrpc.java:265)
	at org.apache.ratis.grpc.server.GrpcServerProtocolClient.requestVote(GrpcServerProtocolClient.java:99)
	at org.apache.ratis.grpc.server.GrpcService.requestVote(GrpcService.java:204)
	at org.apache.ratis.server.impl.LeaderElection.lambda$submitRequests$1(LeaderElection.java:234)
	at java.util.concurrent.FutureTask.run(FutureTask.java:266)
	at java.util.concurrent.Executors$RunnableAdapter.call(Executors.java:511)
	at java.util.concurrent.FutureTask.run(FutureTask.java:266)
	at java.util.concurrent.ThreadPoolExecutor.runWorker(ThreadPoolExecutor.java:1149)
	at java.util.concurrent.ThreadPoolExecutor$Worker.run(ThreadPoolExecutor.java:624)
	... 1 more
Caused by: org.apache.ratis.thirdparty.io.netty.channel.AbstractChannel$AnnotatedConnectException: Connection refused: /192.168.157.233:42906
	at sun.nio.ch.SocketChannelImpl.checkConnect(Native Method)
	at sun.nio.ch.SocketChannelImpl.finishConnect(SocketChannelImpl.java:717)
	at org.apache.ratis.thirdparty.io.netty.channel.socket.nio.NioSocketChannel.doFinishConnect(NioSocketChannel.java:327)
	at org.apache.ratis.thirdparty.io.netty.channel.nio.AbstractNioChannel$AbstractNioUnsafe.finishConnect(AbstractNioChannel.java:340)
	at org.apache.ratis.thirdparty.io.netty.channel.nio.NioEventLoop.processSelectedKey(NioEventLoop.java:632)
	at org.apache.ratis.thirdparty.io.netty.channel.nio.NioEventLoop.processSelectedKeysOptimized(NioEventLoop.java:579)
	at org.apache.ratis.thirdparty.io.netty.channel.nio.NioEventLoop.processSelectedKeys(NioEventLoop.java:496)
	at org.apache.ratis.thirdparty.io.netty.channel.nio.NioEventLoop.run(NioEventLoop.java:458)
	at org.apache.ratis.thirdparty.io.netty.util.concurrent.SingleThreadEventExecutor$5.run(SingleThreadEventExecutor.java:897)
	at org.apache.ratis.thirdparty.io.netty.util.concurrent.FastThreadLocalRunnable.run(FastThreadLocalRunnable.java:30)
	... 1 more
Caused by: java.net.ConnectException: Connection refused
	... 11 more
2019-10-25 11:08:02,368 [f6cfa8a2-85ff-4bb9-a246-101c53d2d47b@group-49E82E920F3F-LeaderElection623] INFO  impl.LeaderElection (LeaderElection.java:logAndReturn(56)) - f6cfa8a2-85ff-4bb9-a246-101c53d2d47b@group-49E82E920F3F-LeaderElection623: Election REJECTED; received 0 response(s) [] and 2 exception(s); f6cfa8a2-85ff-4bb9-a246-101c53d2d47b@group-49E82E920F3F:t213, leader=null, voted=f6cfa8a2-85ff-4bb9-a246-101c53d2d47b, raftlog=f6cfa8a2-85ff-4bb9-a246-101c53d2d47b@group-49E82E920F3F-SegmentedRaftLog:OPENED:c-1,f-1,i0, conf=-1: [7fad1e98-7a6b-4998-a30c-ec1ab88068bc:192.168.157.233:35716, bdb27072-dd00-4d3b-a7da-41600e490ca3:192.168.157.233:42906, f6cfa8a2-85ff-4bb9-a246-101c53d2d47b:192.168.157.233:44618], old=null
2019-10-25 11:08:02,368 [f6cfa8a2-85ff-4bb9-a246-101c53d2d47b@group-49E82E920F3F-LeaderElection623] INFO  impl.LeaderElection (LogUtils.java:infoOrTrace(149)) -   Exception 0: {}
java.util.concurrent.ExecutionException: org.apache.ratis.thirdparty.io.grpc.StatusRuntimeException: UNAVAILABLE: io exception
	at java.util.concurrent.FutureTask.report(FutureTask.java:122)
	at java.util.concurrent.FutureTask.get(FutureTask.java:192)
	at org.apache.ratis.server.impl.LeaderElection.waitForResults(LeaderElection.java:259)
	at org.apache.ratis.server.impl.LeaderElection.askForVotes(LeaderElection.java:197)
	at org.apache.ratis.server.impl.LeaderElection.run(LeaderElection.java:133)
	at java.lang.Thread.run(Thread.java:748)
Caused by: org.apache.ratis.thirdparty.io.grpc.StatusRuntimeException: UNAVAILABLE: io exception
	at org.apache.ratis.thirdparty.io.grpc.stub.ClientCalls.toStatusRuntimeException(ClientCalls.java:233)
	at org.apache.ratis.thirdparty.io.grpc.stub.ClientCalls.getUnchecked(ClientCalls.java:214)
	at org.apache.ratis.thirdparty.io.grpc.stub.ClientCalls.blockingUnaryCall(ClientCalls.java:139)
	at org.apache.ratis.proto.grpc.RaftServerProtocolServiceGrpc$RaftServerProtocolServiceBlockingStub.requestVote(RaftServerProtocolServiceGrpc.java:265)
	at org.apache.ratis.grpc.server.GrpcServerProtocolClient.requestVote(GrpcServerProtocolClient.java:99)
	at org.apache.ratis.grpc.server.GrpcService.requestVote(GrpcService.java:204)
	at org.apache.ratis.server.impl.LeaderElection.lambda$submitRequests$1(LeaderElection.java:234)
	at java.util.concurrent.FutureTask.run(FutureTask.java:266)
	at java.util.concurrent.Executors$RunnableAdapter.call(Executors.java:511)
	at java.util.concurrent.FutureTask.run(FutureTask.java:266)
	at java.util.concurrent.ThreadPoolExecutor.runWorker(ThreadPoolExecutor.java:1149)
	at java.util.concurrent.ThreadPoolExecutor$Worker.run(ThreadPoolExecutor.java:624)
	... 1 more
Caused by: org.apache.ratis.thirdparty.io.netty.channel.AbstractChannel$AnnotatedConnectException: Connection refused: /192.168.157.233:35716
	at sun.nio.ch.SocketChannelImpl.checkConnect(Native Method)
	at sun.nio.ch.SocketChannelImpl.finishConnect(SocketChannelImpl.java:717)
	at org.apache.ratis.thirdparty.io.netty.channel.socket.nio.NioSocketChannel.doFinishConnect(NioSocketChannel.java:327)
	at org.apache.ratis.thirdparty.io.netty.channel.nio.AbstractNioChannel$AbstractNioUnsafe.finishConnect(AbstractNioChannel.java:340)
	at org.apache.ratis.thirdparty.io.netty.channel.nio.NioEventLoop.processSelectedKey(NioEventLoop.java:632)
	at org.apache.ratis.thirdparty.io.netty.channel.nio.NioEventLoop.processSelectedKeysOptimized(NioEventLoop.java:579)
	at org.apache.ratis.thirdparty.io.netty.channel.nio.NioEventLoop.processSelectedKeys(NioEventLoop.java:496)
	at org.apache.ratis.thirdparty.io.netty.channel.nio.NioEventLoop.run(NioEventLoop.java:458)
	at org.apache.ratis.thirdparty.io.netty.util.concurrent.SingleThreadEventExecutor$5.run(SingleThreadEventExecutor.java:897)
	at org.apache.ratis.thirdparty.io.netty.util.concurrent.FastThreadLocalRunnable.run(FastThreadLocalRunnable.java:30)
	... 1 more
Caused by: java.net.ConnectException: Connection refused
	... 11 more
2019-10-25 11:08:02,368 [f6cfa8a2-85ff-4bb9-a246-101c53d2d47b@group-49E82E920F3F-LeaderElection623] INFO  impl.LeaderElection (LogUtils.java:infoOrTrace(149)) -   Exception 1: {}
java.util.concurrent.ExecutionException: org.apache.ratis.thirdparty.io.grpc.StatusRuntimeException: UNAVAILABLE: io exception
	at java.util.concurrent.FutureTask.report(FutureTask.java:122)
	at java.util.concurrent.FutureTask.get(FutureTask.java:192)
	at org.apache.ratis.server.impl.LeaderElection.waitForResults(LeaderElection.java:259)
	at org.apache.ratis.server.impl.LeaderElection.askForVotes(LeaderElection.java:197)
	at org.apache.ratis.server.impl.LeaderElection.run(LeaderElection.java:133)
	at java.lang.Thread.run(Thread.java:748)
Caused by: org.apache.ratis.thirdparty.io.grpc.StatusRuntimeException: UNAVAILABLE: io exception
	at org.apache.ratis.thirdparty.io.grpc.stub.ClientCalls.toStatusRuntimeException(ClientCalls.java:233)
	at org.apache.ratis.thirdparty.io.grpc.stub.ClientCalls.getUnchecked(ClientCalls.java:214)
	at org.apache.ratis.thirdparty.io.grpc.stub.ClientCalls.blockingUnaryCall(ClientCalls.java:139)
	at org.apache.ratis.proto.grpc.RaftServerProtocolServiceGrpc$RaftServerProtocolServiceBlockingStub.requestVote(RaftServerProtocolServiceGrpc.java:265)
	at org.apache.ratis.grpc.server.GrpcServerProtocolClient.requestVote(GrpcServerProtocolClient.java:99)
	at org.apache.ratis.grpc.server.GrpcService.requestVote(GrpcService.java:204)
	at org.apache.ratis.server.impl.LeaderElection.lambda$submitRequests$1(LeaderElection.java:234)
	at java.util.concurrent.FutureTask.run(FutureTask.java:266)
	at java.util.concurrent.Executors$RunnableAdapter.call(Executors.java:511)
	at java.util.concurrent.FutureTask.run(FutureTask.java:266)
	at java.util.concurrent.ThreadPoolExecutor.runWorker(ThreadPoolExecutor.java:1149)
	at java.util.concurrent.ThreadPoolExecutor$Worker.run(ThreadPoolExecutor.java:624)
	... 1 more
Caused by: org.apache.ratis.thirdparty.io.netty.channel.AbstractChannel$AnnotatedConnectException: Connection refused: /192.168.157.233:42906
	at sun.nio.ch.SocketChannelImpl.checkConnect(Native Method)
	at sun.nio.ch.SocketChannelImpl.finishConnect(SocketChannelImpl.java:717)
	at org.apache.ratis.thirdparty.io.netty.channel.socket.nio.NioSocketChannel.doFinishConnect(NioSocketChannel.java:327)
	at org.apache.ratis.thirdparty.io.netty.channel.nio.AbstractNioChannel$AbstractNioUnsafe.finishConnect(AbstractNioChannel.java:340)
	at org.apache.ratis.thirdparty.io.netty.channel.nio.NioEventLoop.processSelectedKey(NioEventLoop.java:632)
	at org.apache.ratis.thirdparty.io.netty.channel.nio.NioEventLoop.processSelectedKeysOptimized(NioEventLoop.java:579)
	at org.apache.ratis.thirdparty.io.netty.channel.nio.NioEventLoop.processSelectedKeys(NioEventLoop.java:496)
	at org.apache.ratis.thirdparty.io.netty.channel.nio.NioEventLoop.run(NioEventLoop.java:458)
	at org.apache.ratis.thirdparty.io.netty.util.concurrent.SingleThreadEventExecutor$5.run(SingleThreadEventExecutor.java:897)
	at org.apache.ratis.thirdparty.io.netty.util.concurrent.FastThreadLocalRunnable.run(FastThreadLocalRunnable.java:30)
	... 1 more
Caused by: java.net.ConnectException: Connection refused
	... 11 more
2019-10-25 11:08:02,368 [f6cfa8a2-85ff-4bb9-a246-101c53d2d47b@group-49E82E920F3F-LeaderElection623] INFO  impl.RaftServerImpl (RaftServerImpl.java:setRole(184)) - f6cfa8a2-85ff-4bb9-a246-101c53d2d47b@group-49E82E920F3F: changes role from CANDIDATE to FOLLOWER at term 213 for DISCOVERED_A_NEW_TERM
2019-10-25 11:08:02,369 [f6cfa8a2-85ff-4bb9-a246-101c53d2d47b@group-49E82E920F3F-LeaderElection623] INFO  impl.RoleInfo (RoleInfo.java:shutdownLeaderElection(134)) - f6cfa8a2-85ff-4bb9-a246-101c53d2d47b: shutdown LeaderElection
2019-10-25 11:08:02,369 [f6cfa8a2-85ff-4bb9-a246-101c53d2d47b@group-49E82E920F3F-LeaderElection623] INFO  impl.RoleInfo (RoleInfo.java:updateAndGet(143)) - f6cfa8a2-85ff-4bb9-a246-101c53d2d47b: start FollowerState
2019-10-25 11:08:02,468 [java.util.concurrent.ThreadPoolExecutor$Worker@3e501297[State = -1, empty queue]] WARN  server.GrpcLogAppender (GrpcLogAppender.java:timeoutAppendRequest(209)) - 8a2c850d-503a-4b6a-9325-357a6554e10c@group-B334D6EBB589->e8f52f97-4cbf-4021-bc09-65b78a9dc21b-GrpcLogAppender: appendEntries Timeout, request=8a2c850d-503a-4b6a-9325-357a6554e10c->e8f52f97-4cbf-4021-bc09-65b78a9dc21b#45-t1, previous=(t:1, i:0), leaderCommit=0, initializing? false, entries: <empty>
2019-10-25 11:08:02,540 [Thread-5088] INFO  impl.FollowerState (FollowerState.java:run(108)) - f6cfa8a2-85ff-4bb9-a246-101c53d2d47b@group-49E82E920F3F-FollowerState: change to CANDIDATE, lastRpcTime:171ms, electionTimeout:171ms
2019-10-25 11:08:02,540 [Thread-5088] INFO  impl.RoleInfo (RoleInfo.java:shutdownFollowerState(121)) - f6cfa8a2-85ff-4bb9-a246-101c53d2d47b: shutdown FollowerState
2019-10-25 11:08:02,540 [Thread-5088] INFO  impl.RaftServerImpl (RaftServerImpl.java:setRole(184)) - f6cfa8a2-85ff-4bb9-a246-101c53d2d47b@group-49E82E920F3F: changes role from  FOLLOWER to CANDIDATE at term 213 for changeToCandidate
2019-10-25 11:08:02,540 [Thread-5088] INFO  impl.RoleInfo (RoleInfo.java:updateAndGet(143)) - f6cfa8a2-85ff-4bb9-a246-101c53d2d47b: start LeaderElection
2019-10-25 11:08:02,579 [f6cfa8a2-85ff-4bb9-a246-101c53d2d47b@group-49E82E920F3F-LeaderElection624] INFO  impl.LeaderElection (LeaderElection.java:askForVotes(178)) - f6cfa8a2-85ff-4bb9-a246-101c53d2d47b@group-49E82E920F3F-LeaderElection624: begin an election at term 214 for -1: [7fad1e98-7a6b-4998-a30c-ec1ab88068bc:192.168.157.233:35716, bdb27072-dd00-4d3b-a7da-41600e490ca3:192.168.157.233:42906, f6cfa8a2-85ff-4bb9-a246-101c53d2d47b:192.168.157.233:44618], old=null
2019-10-25 11:08:02,580 [f6cfa8a2-85ff-4bb9-a246-101c53d2d47b@group-49E82E920F3F-LeaderElection624] INFO  impl.LeaderElection (LogUtils.java:infoOrTrace(149)) - f6cfa8a2-85ff-4bb9-a246-101c53d2d47b@group-49E82E920F3F-LeaderElection624 got exception when requesting votes: {}
java.util.concurrent.ExecutionException: org.apache.ratis.thirdparty.io.grpc.StatusRuntimeException: UNAVAILABLE: io exception
	at java.util.concurrent.FutureTask.report(FutureTask.java:122)
	at java.util.concurrent.FutureTask.get(FutureTask.java:192)
	at org.apache.ratis.server.impl.LeaderElection.waitForResults(LeaderElection.java:259)
	at org.apache.ratis.server.impl.LeaderElection.askForVotes(LeaderElection.java:197)
	at org.apache.ratis.server.impl.LeaderElection.run(LeaderElection.java:133)
	at java.lang.Thread.run(Thread.java:748)
Caused by: org.apache.ratis.thirdparty.io.grpc.StatusRuntimeException: UNAVAILABLE: io exception
	at org.apache.ratis.thirdparty.io.grpc.stub.ClientCalls.toStatusRuntimeException(ClientCalls.java:233)
	at org.apache.ratis.thirdparty.io.grpc.stub.ClientCalls.getUnchecked(ClientCalls.java:214)
	at org.apache.ratis.thirdparty.io.grpc.stub.ClientCalls.blockingUnaryCall(ClientCalls.java:139)
	at org.apache.ratis.proto.grpc.RaftServerProtocolServiceGrpc$RaftServerProtocolServiceBlockingStub.requestVote(RaftServerProtocolServiceGrpc.java:265)
	at org.apache.ratis.grpc.server.GrpcServerProtocolClient.requestVote(GrpcServerProtocolClient.java:99)
	at org.apache.ratis.grpc.server.GrpcService.requestVote(GrpcService.java:204)
	at org.apache.ratis.server.impl.LeaderElection.lambda$submitRequests$1(LeaderElection.java:234)
	at java.util.concurrent.FutureTask.run(FutureTask.java:266)
	at java.util.concurrent.Executors$RunnableAdapter.call(Executors.java:511)
	at java.util.concurrent.FutureTask.run(FutureTask.java:266)
	at java.util.concurrent.ThreadPoolExecutor.runWorker(ThreadPoolExecutor.java:1149)
	at java.util.concurrent.ThreadPoolExecutor$Worker.run(ThreadPoolExecutor.java:624)
	... 1 more
Caused by: org.apache.ratis.thirdparty.io.netty.channel.AbstractChannel$AnnotatedConnectException: Connection refused: /192.168.157.233:35716
	at sun.nio.ch.SocketChannelImpl.checkConnect(Native Method)
	at sun.nio.ch.SocketChannelImpl.finishConnect(SocketChannelImpl.java:717)
	at org.apache.ratis.thirdparty.io.netty.channel.socket.nio.NioSocketChannel.doFinishConnect(NioSocketChannel.java:327)
	at org.apache.ratis.thirdparty.io.netty.channel.nio.AbstractNioChannel$AbstractNioUnsafe.finishConnect(AbstractNioChannel.java:340)
	at org.apache.ratis.thirdparty.io.netty.channel.nio.NioEventLoop.processSelectedKey(NioEventLoop.java:632)
	at org.apache.ratis.thirdparty.io.netty.channel.nio.NioEventLoop.processSelectedKeysOptimized(NioEventLoop.java:579)
	at org.apache.ratis.thirdparty.io.netty.channel.nio.NioEventLoop.processSelectedKeys(NioEventLoop.java:496)
	at org.apache.ratis.thirdparty.io.netty.channel.nio.NioEventLoop.run(NioEventLoop.java:458)
	at org.apache.ratis.thirdparty.io.netty.util.concurrent.SingleThreadEventExecutor$5.run(SingleThreadEventExecutor.java:897)
	at org.apache.ratis.thirdparty.io.netty.util.concurrent.FastThreadLocalRunnable.run(FastThreadLocalRunnable.java:30)
	... 1 more
Caused by: java.net.ConnectException: Connection refused
	... 11 more
2019-10-25 11:08:02,580 [f6cfa8a2-85ff-4bb9-a246-101c53d2d47b@group-49E82E920F3F-LeaderElection624] INFO  impl.LeaderElection (LogUtils.java:infoOrTrace(149)) - f6cfa8a2-85ff-4bb9-a246-101c53d2d47b@group-49E82E920F3F-LeaderElection624 got exception when requesting votes: {}
java.util.concurrent.ExecutionException: org.apache.ratis.thirdparty.io.grpc.StatusRuntimeException: UNAVAILABLE: io exception
	at java.util.concurrent.FutureTask.report(FutureTask.java:122)
	at java.util.concurrent.FutureTask.get(FutureTask.java:192)
	at org.apache.ratis.server.impl.LeaderElection.waitForResults(LeaderElection.java:259)
	at org.apache.ratis.server.impl.LeaderElection.askForVotes(LeaderElection.java:197)
	at org.apache.ratis.server.impl.LeaderElection.run(LeaderElection.java:133)
	at java.lang.Thread.run(Thread.java:748)
Caused by: org.apache.ratis.thirdparty.io.grpc.StatusRuntimeException: UNAVAILABLE: io exception
	at org.apache.ratis.thirdparty.io.grpc.stub.ClientCalls.toStatusRuntimeException(ClientCalls.java:233)
	at org.apache.ratis.thirdparty.io.grpc.stub.ClientCalls.getUnchecked(ClientCalls.java:214)
	at org.apache.ratis.thirdparty.io.grpc.stub.ClientCalls.blockingUnaryCall(ClientCalls.java:139)
	at org.apache.ratis.proto.grpc.RaftServerProtocolServiceGrpc$RaftServerProtocolServiceBlockingStub.requestVote(RaftServerProtocolServiceGrpc.java:265)
	at org.apache.ratis.grpc.server.GrpcServerProtocolClient.requestVote(GrpcServerProtocolClient.java:99)
	at org.apache.ratis.grpc.server.GrpcService.requestVote(GrpcService.java:204)
	at org.apache.ratis.server.impl.LeaderElection.lambda$submitRequests$1(LeaderElection.java:234)
	at java.util.concurrent.FutureTask.run(FutureTask.java:266)
	at java.util.concurrent.Executors$RunnableAdapter.call(Executors.java:511)
	at java.util.concurrent.FutureTask.run(FutureTask.java:266)
	at java.util.concurrent.ThreadPoolExecutor.runWorker(ThreadPoolExecutor.java:1149)
	at java.util.concurrent.ThreadPoolExecutor$Worker.run(ThreadPoolExecutor.java:624)
	... 1 more
Caused by: org.apache.ratis.thirdparty.io.netty.channel.AbstractChannel$AnnotatedConnectException: Connection refused: /192.168.157.233:42906
	at sun.nio.ch.SocketChannelImpl.checkConnect(Native Method)
	at sun.nio.ch.SocketChannelImpl.finishConnect(SocketChannelImpl.java:717)
	at org.apache.ratis.thirdparty.io.netty.channel.socket.nio.NioSocketChannel.doFinishConnect(NioSocketChannel.java:327)
	at org.apache.ratis.thirdparty.io.netty.channel.nio.AbstractNioChannel$AbstractNioUnsafe.finishConnect(AbstractNioChannel.java:340)
	at org.apache.ratis.thirdparty.io.netty.channel.nio.NioEventLoop.processSelectedKey(NioEventLoop.java:632)
	at org.apache.ratis.thirdparty.io.netty.channel.nio.NioEventLoop.processSelectedKeysOptimized(NioEventLoop.java:579)
	at org.apache.ratis.thirdparty.io.netty.channel.nio.NioEventLoop.processSelectedKeys(NioEventLoop.java:496)
	at org.apache.ratis.thirdparty.io.netty.channel.nio.NioEventLoop.run(NioEventLoop.java:458)
	at org.apache.ratis.thirdparty.io.netty.util.concurrent.SingleThreadEventExecutor$5.run(SingleThreadEventExecutor.java:897)
	at org.apache.ratis.thirdparty.io.netty.util.concurrent.FastThreadLocalRunnable.run(FastThreadLocalRunnable.java:30)
	... 1 more
Caused by: java.net.ConnectException: Connection refused
	... 11 more
2019-10-25 11:08:02,581 [f6cfa8a2-85ff-4bb9-a246-101c53d2d47b@group-49E82E920F3F-LeaderElection624] INFO  impl.LeaderElection (LeaderElection.java:logAndReturn(56)) - f6cfa8a2-85ff-4bb9-a246-101c53d2d47b@group-49E82E920F3F-LeaderElection624: Election REJECTED; received 0 response(s) [] and 2 exception(s); f6cfa8a2-85ff-4bb9-a246-101c53d2d47b@group-49E82E920F3F:t214, leader=null, voted=f6cfa8a2-85ff-4bb9-a246-101c53d2d47b, raftlog=f6cfa8a2-85ff-4bb9-a246-101c53d2d47b@group-49E82E920F3F-SegmentedRaftLog:OPENED:c-1,f-1,i0, conf=-1: [7fad1e98-7a6b-4998-a30c-ec1ab88068bc:192.168.157.233:35716, bdb27072-dd00-4d3b-a7da-41600e490ca3:192.168.157.233:42906, f6cfa8a2-85ff-4bb9-a246-101c53d2d47b:192.168.157.233:44618], old=null
2019-10-25 11:08:02,581 [f6cfa8a2-85ff-4bb9-a246-101c53d2d47b@group-49E82E920F3F-LeaderElection624] INFO  impl.LeaderElection (LogUtils.java:infoOrTrace(149)) -   Exception 0: {}
java.util.concurrent.ExecutionException: org.apache.ratis.thirdparty.io.grpc.StatusRuntimeException: UNAVAILABLE: io exception
	at java.util.concurrent.FutureTask.report(FutureTask.java:122)
	at java.util.concurrent.FutureTask.get(FutureTask.java:192)
	at org.apache.ratis.server.impl.LeaderElection.waitForResults(LeaderElection.java:259)
	at org.apache.ratis.server.impl.LeaderElection.askForVotes(LeaderElection.java:197)
	at org.apache.ratis.server.impl.LeaderElection.run(LeaderElection.java:133)
	at java.lang.Thread.run(Thread.java:748)
Caused by: org.apache.ratis.thirdparty.io.grpc.StatusRuntimeException: UNAVAILABLE: io exception
	at org.apache.ratis.thirdparty.io.grpc.stub.ClientCalls.toStatusRuntimeException(ClientCalls.java:233)
	at org.apache.ratis.thirdparty.io.grpc.stub.ClientCalls.getUnchecked(ClientCalls.java:214)
	at org.apache.ratis.thirdparty.io.grpc.stub.ClientCalls.blockingUnaryCall(ClientCalls.java:139)
	at org.apache.ratis.proto.grpc.RaftServerProtocolServiceGrpc$RaftServerProtocolServiceBlockingStub.requestVote(RaftServerProtocolServiceGrpc.java:265)
	at org.apache.ratis.grpc.server.GrpcServerProtocolClient.requestVote(GrpcServerProtocolClient.java:99)
	at org.apache.ratis.grpc.server.GrpcService.requestVote(GrpcService.java:204)
	at org.apache.ratis.server.impl.LeaderElection.lambda$submitRequests$1(LeaderElection.java:234)
	at java.util.concurrent.FutureTask.run(FutureTask.java:266)
	at java.util.concurrent.Executors$RunnableAdapter.call(Executors.java:511)
	at java.util.concurrent.FutureTask.run(FutureTask.java:266)
	at java.util.concurrent.ThreadPoolExecutor.runWorker(ThreadPoolExecutor.java:1149)
	at java.util.concurrent.ThreadPoolExecutor$Worker.run(ThreadPoolExecutor.java:624)
	... 1 more
Caused by: org.apache.ratis.thirdparty.io.netty.channel.AbstractChannel$AnnotatedConnectException: Connection refused: /192.168.157.233:35716
	at sun.nio.ch.SocketChannelImpl.checkConnect(Native Method)
	at sun.nio.ch.SocketChannelImpl.finishConnect(SocketChannelImpl.java:717)
	at org.apache.ratis.thirdparty.io.netty.channel.socket.nio.NioSocketChannel.doFinishConnect(NioSocketChannel.java:327)
	at org.apache.ratis.thirdparty.io.netty.channel.nio.AbstractNioChannel$AbstractNioUnsafe.finishConnect(AbstractNioChannel.java:340)
	at org.apache.ratis.thirdparty.io.netty.channel.nio.NioEventLoop.processSelectedKey(NioEventLoop.java:632)
	at org.apache.ratis.thirdparty.io.netty.channel.nio.NioEventLoop.processSelectedKeysOptimized(NioEventLoop.java:579)
	at org.apache.ratis.thirdparty.io.netty.channel.nio.NioEventLoop.processSelectedKeys(NioEventLoop.java:496)
	at org.apache.ratis.thirdparty.io.netty.channel.nio.NioEventLoop.run(NioEventLoop.java:458)
	at org.apache.ratis.thirdparty.io.netty.util.concurrent.SingleThreadEventExecutor$5.run(SingleThreadEventExecutor.java:897)
	at org.apache.ratis.thirdparty.io.netty.util.concurrent.FastThreadLocalRunnable.run(FastThreadLocalRunnable.java:30)
	... 1 more
Caused by: java.net.ConnectException: Connection refused
	... 11 more
2019-10-25 11:08:02,581 [f6cfa8a2-85ff-4bb9-a246-101c53d2d47b@group-49E82E920F3F-LeaderElection624] INFO  impl.LeaderElection (LogUtils.java:infoOrTrace(149)) -   Exception 1: {}
java.util.concurrent.ExecutionException: org.apache.ratis.thirdparty.io.grpc.StatusRuntimeException: UNAVAILABLE: io exception
	at java.util.concurrent.FutureTask.report(FutureTask.java:122)
	at java.util.concurrent.FutureTask.get(FutureTask.java:192)
	at org.apache.ratis.server.impl.LeaderElection.waitForResults(LeaderElection.java:259)
	at org.apache.ratis.server.impl.LeaderElection.askForVotes(LeaderElection.java:197)
	at org.apache.ratis.server.impl.LeaderElection.run(LeaderElection.java:133)
	at java.lang.Thread.run(Thread.java:748)
Caused by: org.apache.ratis.thirdparty.io.grpc.StatusRuntimeException: UNAVAILABLE: io exception
	at org.apache.ratis.thirdparty.io.grpc.stub.ClientCalls.toStatusRuntimeException(ClientCalls.java:233)
	at org.apache.ratis.thirdparty.io.grpc.stub.ClientCalls.getUnchecked(ClientCalls.java:214)
	at org.apache.ratis.thirdparty.io.grpc.stub.ClientCalls.blockingUnaryCall(ClientCalls.java:139)
	at org.apache.ratis.proto.grpc.RaftServerProtocolServiceGrpc$RaftServerProtocolServiceBlockingStub.requestVote(RaftServerProtocolServiceGrpc.java:265)
	at org.apache.ratis.grpc.server.GrpcServerProtocolClient.requestVote(GrpcServerProtocolClient.java:99)
	at org.apache.ratis.grpc.server.GrpcService.requestVote(GrpcService.java:204)
	at org.apache.ratis.server.impl.LeaderElection.lambda$submitRequests$1(LeaderElection.java:234)
	at java.util.concurrent.FutureTask.run(FutureTask.java:266)
	at java.util.concurrent.Executors$RunnableAdapter.call(Executors.java:511)
	at java.util.concurrent.FutureTask.run(FutureTask.java:266)
	at java.util.concurrent.ThreadPoolExecutor.runWorker(ThreadPoolExecutor.java:1149)
	at java.util.concurrent.ThreadPoolExecutor$Worker.run(ThreadPoolExecutor.java:624)
	... 1 more
Caused by: org.apache.ratis.thirdparty.io.netty.channel.AbstractChannel$AnnotatedConnectException: Connection refused: /192.168.157.233:42906
	at sun.nio.ch.SocketChannelImpl.checkConnect(Native Method)
	at sun.nio.ch.SocketChannelImpl.finishConnect(SocketChannelImpl.java:717)
	at org.apache.ratis.thirdparty.io.netty.channel.socket.nio.NioSocketChannel.doFinishConnect(NioSocketChannel.java:327)
	at org.apache.ratis.thirdparty.io.netty.channel.nio.AbstractNioChannel$AbstractNioUnsafe.finishConnect(AbstractNioChannel.java:340)
	at org.apache.ratis.thirdparty.io.netty.channel.nio.NioEventLoop.processSelectedKey(NioEventLoop.java:632)
	at org.apache.ratis.thirdparty.io.netty.channel.nio.NioEventLoop.processSelectedKeysOptimized(NioEventLoop.java:579)
	at org.apache.ratis.thirdparty.io.netty.channel.nio.NioEventLoop.processSelectedKeys(NioEventLoop.java:496)
	at org.apache.ratis.thirdparty.io.netty.channel.nio.NioEventLoop.run(NioEventLoop.java:458)
	at org.apache.ratis.thirdparty.io.netty.util.concurrent.SingleThreadEventExecutor$5.run(SingleThreadEventExecutor.java:897)
	at org.apache.ratis.thirdparty.io.netty.util.concurrent.FastThreadLocalRunnable.run(FastThreadLocalRunnable.java:30)
	... 1 more
Caused by: java.net.ConnectException: Connection refused
	... 11 more
2019-10-25 11:08:02,582 [f6cfa8a2-85ff-4bb9-a246-101c53d2d47b@group-49E82E920F3F-LeaderElection624] INFO  impl.RaftServerImpl (RaftServerImpl.java:setRole(184)) - f6cfa8a2-85ff-4bb9-a246-101c53d2d47b@group-49E82E920F3F: changes role from CANDIDATE to FOLLOWER at term 214 for DISCOVERED_A_NEW_TERM
2019-10-25 11:08:02,582 [f6cfa8a2-85ff-4bb9-a246-101c53d2d47b@group-49E82E920F3F-LeaderElection624] INFO  impl.RoleInfo (RoleInfo.java:shutdownLeaderElection(134)) - f6cfa8a2-85ff-4bb9-a246-101c53d2d47b: shutdown LeaderElection
2019-10-25 11:08:02,582 [f6cfa8a2-85ff-4bb9-a246-101c53d2d47b@group-49E82E920F3F-LeaderElection624] INFO  impl.RoleInfo (RoleInfo.java:updateAndGet(143)) - f6cfa8a2-85ff-4bb9-a246-101c53d2d47b: start FollowerState
2019-10-25 11:08:02,621 [Thread-5092] INFO  impl.FollowerState (FollowerState.java:run(108)) - f6cfa8a2-85ff-4bb9-a246-101c53d2d47b@group-49E82E920F3F-FollowerState: change to CANDIDATE, lastRpcTime:39ms, electionTimeout:39ms
2019-10-25 11:08:02,621 [Thread-5092] INFO  impl.RoleInfo (RoleInfo.java:shutdownFollowerState(121)) - f6cfa8a2-85ff-4bb9-a246-101c53d2d47b: shutdown FollowerState
2019-10-25 11:08:02,621 [Thread-5092] INFO  impl.RaftServerImpl (RaftServerImpl.java:setRole(184)) - f6cfa8a2-85ff-4bb9-a246-101c53d2d47b@group-49E82E920F3F: changes role from  FOLLOWER to CANDIDATE at term 214 for changeToCandidate
2019-10-25 11:08:02,622 [Thread-5092] INFO  impl.RoleInfo (RoleInfo.java:updateAndGet(143)) - f6cfa8a2-85ff-4bb9-a246-101c53d2d47b: start LeaderElection
2019-10-25 11:08:02,637 [f6cfa8a2-85ff-4bb9-a246-101c53d2d47b@group-49E82E920F3F-LeaderElection625] INFO  impl.LeaderElection (LeaderElection.java:askForVotes(178)) - f6cfa8a2-85ff-4bb9-a246-101c53d2d47b@group-49E82E920F3F-LeaderElection625: begin an election at term 215 for -1: [7fad1e98-7a6b-4998-a30c-ec1ab88068bc:192.168.157.233:35716, bdb27072-dd00-4d3b-a7da-41600e490ca3:192.168.157.233:42906, f6cfa8a2-85ff-4bb9-a246-101c53d2d47b:192.168.157.233:44618], old=null
2019-10-25 11:08:02,637 [f6cfa8a2-85ff-4bb9-a246-101c53d2d47b@group-49E82E920F3F-LeaderElection625] INFO  impl.LeaderElection (LogUtils.java:infoOrTrace(149)) - f6cfa8a2-85ff-4bb9-a246-101c53d2d47b@group-49E82E920F3F-LeaderElection625 got exception when requesting votes: {}
java.util.concurrent.ExecutionException: org.apache.ratis.thirdparty.io.grpc.StatusRuntimeException: UNAVAILABLE: io exception
	at java.util.concurrent.FutureTask.report(FutureTask.java:122)
	at java.util.concurrent.FutureTask.get(FutureTask.java:192)
	at org.apache.ratis.server.impl.LeaderElection.waitForResults(LeaderElection.java:259)
	at org.apache.ratis.server.impl.LeaderElection.askForVotes(LeaderElection.java:197)
	at org.apache.ratis.server.impl.LeaderElection.run(LeaderElection.java:133)
	at java.lang.Thread.run(Thread.java:748)
Caused by: org.apache.ratis.thirdparty.io.grpc.StatusRuntimeException: UNAVAILABLE: io exception
	at org.apache.ratis.thirdparty.io.grpc.stub.ClientCalls.toStatusRuntimeException(ClientCalls.java:233)
	at org.apache.ratis.thirdparty.io.grpc.stub.ClientCalls.getUnchecked(ClientCalls.java:214)
	at org.apache.ratis.thirdparty.io.grpc.stub.ClientCalls.blockingUnaryCall(ClientCalls.java:139)
	at org.apache.ratis.proto.grpc.RaftServerProtocolServiceGrpc$RaftServerProtocolServiceBlockingStub.requestVote(RaftServerProtocolServiceGrpc.java:265)
	at org.apache.ratis.grpc.server.GrpcServerProtocolClient.requestVote(GrpcServerProtocolClient.java:99)
	at org.apache.ratis.grpc.server.GrpcService.requestVote(GrpcService.java:204)
	at org.apache.ratis.server.impl.LeaderElection.lambda$submitRequests$1(LeaderElection.java:234)
	at java.util.concurrent.FutureTask.run(FutureTask.java:266)
	at java.util.concurrent.Executors$RunnableAdapter.call(Executors.java:511)
	at java.util.concurrent.FutureTask.run(FutureTask.java:266)
	at java.util.concurrent.ThreadPoolExecutor.runWorker(ThreadPoolExecutor.java:1149)
	at java.util.concurrent.ThreadPoolExecutor$Worker.run(ThreadPoolExecutor.java:624)
	... 1 more
Caused by: org.apache.ratis.thirdparty.io.netty.channel.AbstractChannel$AnnotatedConnectException: Connection refused: /192.168.157.233:35716
	at sun.nio.ch.SocketChannelImpl.checkConnect(Native Method)
	at sun.nio.ch.SocketChannelImpl.finishConnect(SocketChannelImpl.java:717)
	at org.apache.ratis.thirdparty.io.netty.channel.socket.nio.NioSocketChannel.doFinishConnect(NioSocketChannel.java:327)
	at org.apache.ratis.thirdparty.io.netty.channel.nio.AbstractNioChannel$AbstractNioUnsafe.finishConnect(AbstractNioChannel.java:340)
	at org.apache.ratis.thirdparty.io.netty.channel.nio.NioEventLoop.processSelectedKey(NioEventLoop.java:632)
	at org.apache.ratis.thirdparty.io.netty.channel.nio.NioEventLoop.processSelectedKeysOptimized(NioEventLoop.java:579)
	at org.apache.ratis.thirdparty.io.netty.channel.nio.NioEventLoop.processSelectedKeys(NioEventLoop.java:496)
	at org.apache.ratis.thirdparty.io.netty.channel.nio.NioEventLoop.run(NioEventLoop.java:458)
	at org.apache.ratis.thirdparty.io.netty.util.concurrent.SingleThreadEventExecutor$5.run(SingleThreadEventExecutor.java:897)
	at org.apache.ratis.thirdparty.io.netty.util.concurrent.FastThreadLocalRunnable.run(FastThreadLocalRunnable.java:30)
	... 1 more
Caused by: java.net.ConnectException: Connection refused
	... 11 more
2019-10-25 11:08:02,638 [f6cfa8a2-85ff-4bb9-a246-101c53d2d47b@group-49E82E920F3F-LeaderElection625] INFO  impl.LeaderElection (LogUtils.java:infoOrTrace(149)) - f6cfa8a2-85ff-4bb9-a246-101c53d2d47b@group-49E82E920F3F-LeaderElection625 got exception when requesting votes: {}
java.util.concurrent.ExecutionException: org.apache.ratis.thirdparty.io.grpc.StatusRuntimeException: UNAVAILABLE: io exception
	at java.util.concurrent.FutureTask.report(FutureTask.java:122)
	at java.util.concurrent.FutureTask.get(FutureTask.java:192)
	at org.apache.ratis.server.impl.LeaderElection.waitForResults(LeaderElection.java:259)
	at org.apache.ratis.server.impl.LeaderElection.askForVotes(LeaderElection.java:197)
	at org.apache.ratis.server.impl.LeaderElection.run(LeaderElection.java:133)
	at java.lang.Thread.run(Thread.java:748)
Caused by: org.apache.ratis.thirdparty.io.grpc.StatusRuntimeException: UNAVAILABLE: io exception
	at org.apache.ratis.thirdparty.io.grpc.stub.ClientCalls.toStatusRuntimeException(ClientCalls.java:233)
	at org.apache.ratis.thirdparty.io.grpc.stub.ClientCalls.getUnchecked(ClientCalls.java:214)
	at org.apache.ratis.thirdparty.io.grpc.stub.ClientCalls.blockingUnaryCall(ClientCalls.java:139)
	at org.apache.ratis.proto.grpc.RaftServerProtocolServiceGrpc$RaftServerProtocolServiceBlockingStub.requestVote(RaftServerProtocolServiceGrpc.java:265)
	at org.apache.ratis.grpc.server.GrpcServerProtocolClient.requestVote(GrpcServerProtocolClient.java:99)
	at org.apache.ratis.grpc.server.GrpcService.requestVote(GrpcService.java:204)
	at org.apache.ratis.server.impl.LeaderElection.lambda$submitRequests$1(LeaderElection.java:234)
	at java.util.concurrent.FutureTask.run(FutureTask.java:266)
	at java.util.concurrent.Executors$RunnableAdapter.call(Executors.java:511)
	at java.util.concurrent.FutureTask.run(FutureTask.java:266)
	at java.util.concurrent.ThreadPoolExecutor.runWorker(ThreadPoolExecutor.java:1149)
	at java.util.concurrent.ThreadPoolExecutor$Worker.run(ThreadPoolExecutor.java:624)
	... 1 more
Caused by: org.apache.ratis.thirdparty.io.netty.channel.AbstractChannel$AnnotatedConnectException: Connection refused: /192.168.157.233:42906
	at sun.nio.ch.SocketChannelImpl.checkConnect(Native Method)
	at sun.nio.ch.SocketChannelImpl.finishConnect(SocketChannelImpl.java:717)
	at org.apache.ratis.thirdparty.io.netty.channel.socket.nio.NioSocketChannel.doFinishConnect(NioSocketChannel.java:327)
	at org.apache.ratis.thirdparty.io.netty.channel.nio.AbstractNioChannel$AbstractNioUnsafe.finishConnect(AbstractNioChannel.java:340)
	at org.apache.ratis.thirdparty.io.netty.channel.nio.NioEventLoop.processSelectedKey(NioEventLoop.java:632)
	at org.apache.ratis.thirdparty.io.netty.channel.nio.NioEventLoop.processSelectedKeysOptimized(NioEventLoop.java:579)
	at org.apache.ratis.thirdparty.io.netty.channel.nio.NioEventLoop.processSelectedKeys(NioEventLoop.java:496)
	at org.apache.ratis.thirdparty.io.netty.channel.nio.NioEventLoop.run(NioEventLoop.java:458)
	at org.apache.ratis.thirdparty.io.netty.util.concurrent.SingleThreadEventExecutor$5.run(SingleThreadEventExecutor.java:897)
	at org.apache.ratis.thirdparty.io.netty.util.concurrent.FastThreadLocalRunnable.run(FastThreadLocalRunnable.java:30)
	... 1 more
Caused by: java.net.ConnectException: Connection refused
	... 11 more
2019-10-25 11:08:02,638 [f6cfa8a2-85ff-4bb9-a246-101c53d2d47b@group-49E82E920F3F-LeaderElection625] INFO  impl.LeaderElection (LeaderElection.java:logAndReturn(56)) - f6cfa8a2-85ff-4bb9-a246-101c53d2d47b@group-49E82E920F3F-LeaderElection625: Election REJECTED; received 0 response(s) [] and 2 exception(s); f6cfa8a2-85ff-4bb9-a246-101c53d2d47b@group-49E82E920F3F:t215, leader=null, voted=f6cfa8a2-85ff-4bb9-a246-101c53d2d47b, raftlog=f6cfa8a2-85ff-4bb9-a246-101c53d2d47b@group-49E82E920F3F-SegmentedRaftLog:OPENED:c-1,f-1,i0, conf=-1: [7fad1e98-7a6b-4998-a30c-ec1ab88068bc:192.168.157.233:35716, bdb27072-dd00-4d3b-a7da-41600e490ca3:192.168.157.233:42906, f6cfa8a2-85ff-4bb9-a246-101c53d2d47b:192.168.157.233:44618], old=null
2019-10-25 11:08:02,638 [f6cfa8a2-85ff-4bb9-a246-101c53d2d47b@group-49E82E920F3F-LeaderElection625] INFO  impl.LeaderElection (LogUtils.java:infoOrTrace(149)) -   Exception 0: {}
java.util.concurrent.ExecutionException: org.apache.ratis.thirdparty.io.grpc.StatusRuntimeException: UNAVAILABLE: io exception
	at java.util.concurrent.FutureTask.report(FutureTask.java:122)
	at java.util.concurrent.FutureTask.get(FutureTask.java:192)
	at org.apache.ratis.server.impl.LeaderElection.waitForResults(LeaderElection.java:259)
	at org.apache.ratis.server.impl.LeaderElection.askForVotes(LeaderElection.java:197)
	at org.apache.ratis.server.impl.LeaderElection.run(LeaderElection.java:133)
	at java.lang.Thread.run(Thread.java:748)
Caused by: org.apache.ratis.thirdparty.io.grpc.StatusRuntimeException: UNAVAILABLE: io exception
	at org.apache.ratis.thirdparty.io.grpc.stub.ClientCalls.toStatusRuntimeException(ClientCalls.java:233)
	at org.apache.ratis.thirdparty.io.grpc.stub.ClientCalls.getUnchecked(ClientCalls.java:214)
	at org.apache.ratis.thirdparty.io.grpc.stub.ClientCalls.blockingUnaryCall(ClientCalls.java:139)
	at org.apache.ratis.proto.grpc.RaftServerProtocolServiceGrpc$RaftServerProtocolServiceBlockingStub.requestVote(RaftServerProtocolServiceGrpc.java:265)
	at org.apache.ratis.grpc.server.GrpcServerProtocolClient.requestVote(GrpcServerProtocolClient.java:99)
	at org.apache.ratis.grpc.server.GrpcService.requestVote(GrpcService.java:204)
	at org.apache.ratis.server.impl.LeaderElection.lambda$submitRequests$1(LeaderElection.java:234)
	at java.util.concurrent.FutureTask.run(FutureTask.java:266)
	at java.util.concurrent.Executors$RunnableAdapter.call(Executors.java:511)
	at java.util.concurrent.FutureTask.run(FutureTask.java:266)
	at java.util.concurrent.ThreadPoolExecutor.runWorker(ThreadPoolExecutor.java:1149)
	at java.util.concurrent.ThreadPoolExecutor$Worker.run(ThreadPoolExecutor.java:624)
	... 1 more
Caused by: org.apache.ratis.thirdparty.io.netty.channel.AbstractChannel$AnnotatedConnectException: Connection refused: /192.168.157.233:35716
	at sun.nio.ch.SocketChannelImpl.checkConnect(Native Method)
	at sun.nio.ch.SocketChannelImpl.finishConnect(SocketChannelImpl.java:717)
	at org.apache.ratis.thirdparty.io.netty.channel.socket.nio.NioSocketChannel.doFinishConnect(NioSocketChannel.java:327)
	at org.apache.ratis.thirdparty.io.netty.channel.nio.AbstractNioChannel$AbstractNioUnsafe.finishConnect(AbstractNioChannel.java:340)
	at org.apache.ratis.thirdparty.io.netty.channel.nio.NioEventLoop.processSelectedKey(NioEventLoop.java:632)
	at org.apache.ratis.thirdparty.io.netty.channel.nio.NioEventLoop.processSelectedKeysOptimized(NioEventLoop.java:579)
	at org.apache.ratis.thirdparty.io.netty.channel.nio.NioEventLoop.processSelectedKeys(NioEventLoop.java:496)
	at org.apache.ratis.thirdparty.io.netty.channel.nio.NioEventLoop.run(NioEventLoop.java:458)
	at org.apache.ratis.thirdparty.io.netty.util.concurrent.SingleThreadEventExecutor$5.run(SingleThreadEventExecutor.java:897)
	at org.apache.ratis.thirdparty.io.netty.util.concurrent.FastThreadLocalRunnable.run(FastThreadLocalRunnable.java:30)
	... 1 more
Caused by: java.net.ConnectException: Connection refused
	... 11 more
2019-10-25 11:08:02,639 [f6cfa8a2-85ff-4bb9-a246-101c53d2d47b@group-49E82E920F3F-LeaderElection625] INFO  impl.LeaderElection (LogUtils.java:infoOrTrace(149)) -   Exception 1: {}
java.util.concurrent.ExecutionException: org.apache.ratis.thirdparty.io.grpc.StatusRuntimeException: UNAVAILABLE: io exception
	at java.util.concurrent.FutureTask.report(FutureTask.java:122)
	at java.util.concurrent.FutureTask.get(FutureTask.java:192)
	at org.apache.ratis.server.impl.LeaderElection.waitForResults(LeaderElection.java:259)
	at org.apache.ratis.server.impl.LeaderElection.askForVotes(LeaderElection.java:197)
	at org.apache.ratis.server.impl.LeaderElection.run(LeaderElection.java:133)
	at java.lang.Thread.run(Thread.java:748)
Caused by: org.apache.ratis.thirdparty.io.grpc.StatusRuntimeException: UNAVAILABLE: io exception
	at org.apache.ratis.thirdparty.io.grpc.stub.ClientCalls.toStatusRuntimeException(ClientCalls.java:233)
	at org.apache.ratis.thirdparty.io.grpc.stub.ClientCalls.getUnchecked(ClientCalls.java:214)
	at org.apache.ratis.thirdparty.io.grpc.stub.ClientCalls.blockingUnaryCall(ClientCalls.java:139)
	at org.apache.ratis.proto.grpc.RaftServerProtocolServiceGrpc$RaftServerProtocolServiceBlockingStub.requestVote(RaftServerProtocolServiceGrpc.java:265)
	at org.apache.ratis.grpc.server.GrpcServerProtocolClient.requestVote(GrpcServerProtocolClient.java:99)
	at org.apache.ratis.grpc.server.GrpcService.requestVote(GrpcService.java:204)
	at org.apache.ratis.server.impl.LeaderElection.lambda$submitRequests$1(LeaderElection.java:234)
	at java.util.concurrent.FutureTask.run(FutureTask.java:266)
	at java.util.concurrent.Executors$RunnableAdapter.call(Executors.java:511)
	at java.util.concurrent.FutureTask.run(FutureTask.java:266)
	at java.util.concurrent.ThreadPoolExecutor.runWorker(ThreadPoolExecutor.java:1149)
	at java.util.concurrent.ThreadPoolExecutor$Worker.run(ThreadPoolExecutor.java:624)
	... 1 more
Caused by: org.apache.ratis.thirdparty.io.netty.channel.AbstractChannel$AnnotatedConnectException: Connection refused: /192.168.157.233:42906
	at sun.nio.ch.SocketChannelImpl.checkConnect(Native Method)
	at sun.nio.ch.SocketChannelImpl.finishConnect(SocketChannelImpl.java:717)
	at org.apache.ratis.thirdparty.io.netty.channel.socket.nio.NioSocketChannel.doFinishConnect(NioSocketChannel.java:327)
	at org.apache.ratis.thirdparty.io.netty.channel.nio.AbstractNioChannel$AbstractNioUnsafe.finishConnect(AbstractNioChannel.java:340)
	at org.apache.ratis.thirdparty.io.netty.channel.nio.NioEventLoop.processSelectedKey(NioEventLoop.java:632)
	at org.apache.ratis.thirdparty.io.netty.channel.nio.NioEventLoop.processSelectedKeysOptimized(NioEventLoop.java:579)
	at org.apache.ratis.thirdparty.io.netty.channel.nio.NioEventLoop.processSelectedKeys(NioEventLoop.java:496)
	at org.apache.ratis.thirdparty.io.netty.channel.nio.NioEventLoop.run(NioEventLoop.java:458)
	at org.apache.ratis.thirdparty.io.netty.util.concurrent.SingleThreadEventExecutor$5.run(SingleThreadEventExecutor.java:897)
	at org.apache.ratis.thirdparty.io.netty.util.concurrent.FastThreadLocalRunnable.run(FastThreadLocalRunnable.java:30)
	... 1 more
Caused by: java.net.ConnectException: Connection refused
	... 11 more
2019-10-25 11:08:02,639 [f6cfa8a2-85ff-4bb9-a246-101c53d2d47b@group-49E82E920F3F-LeaderElection625] INFO  impl.RaftServerImpl (RaftServerImpl.java:setRole(184)) - f6cfa8a2-85ff-4bb9-a246-101c53d2d47b@group-49E82E920F3F: changes role from CANDIDATE to FOLLOWER at term 215 for DISCOVERED_A_NEW_TERM
2019-10-25 11:08:02,639 [f6cfa8a2-85ff-4bb9-a246-101c53d2d47b@group-49E82E920F3F-LeaderElection625] INFO  impl.RoleInfo (RoleInfo.java:shutdownLeaderElection(134)) - f6cfa8a2-85ff-4bb9-a246-101c53d2d47b: shutdown LeaderElection
2019-10-25 11:08:02,639 [f6cfa8a2-85ff-4bb9-a246-101c53d2d47b@group-49E82E920F3F-LeaderElection625] INFO  impl.RoleInfo (RoleInfo.java:updateAndGet(143)) - f6cfa8a2-85ff-4bb9-a246-101c53d2d47b: start FollowerState
2019-10-25 11:08:02,668 [Thread-5096] INFO  impl.FollowerState (FollowerState.java:run(108)) - f6cfa8a2-85ff-4bb9-a246-101c53d2d47b@group-49E82E920F3F-FollowerState: change to CANDIDATE, lastRpcTime:28ms, electionTimeout:28ms
2019-10-25 11:08:02,668 [Thread-5096] INFO  impl.RoleInfo (RoleInfo.java:shutdownFollowerState(121)) - f6cfa8a2-85ff-4bb9-a246-101c53d2d47b: shutdown FollowerState
2019-10-25 11:08:02,668 [Thread-5096] INFO  impl.RaftServerImpl (RaftServerImpl.java:setRole(184)) - f6cfa8a2-85ff-4bb9-a246-101c53d2d47b@group-49E82E920F3F: changes role from  FOLLOWER to CANDIDATE at term 215 for changeToCandidate
2019-10-25 11:08:02,668 [Thread-5096] INFO  impl.RoleInfo (RoleInfo.java:updateAndGet(143)) - f6cfa8a2-85ff-4bb9-a246-101c53d2d47b: start LeaderElection
2019-10-25 11:08:02,681 [f6cfa8a2-85ff-4bb9-a246-101c53d2d47b@group-49E82E920F3F-LeaderElection626] INFO  impl.LeaderElection (LeaderElection.java:askForVotes(178)) - f6cfa8a2-85ff-4bb9-a246-101c53d2d47b@group-49E82E920F3F-LeaderElection626: begin an election at term 216 for -1: [7fad1e98-7a6b-4998-a30c-ec1ab88068bc:192.168.157.233:35716, bdb27072-dd00-4d3b-a7da-41600e490ca3:192.168.157.233:42906, f6cfa8a2-85ff-4bb9-a246-101c53d2d47b:192.168.157.233:44618], old=null
2019-10-25 11:08:02,681 [f6cfa8a2-85ff-4bb9-a246-101c53d2d47b@group-49E82E920F3F-LeaderElection626] INFO  impl.LeaderElection (LogUtils.java:infoOrTrace(149)) - f6cfa8a2-85ff-4bb9-a246-101c53d2d47b@group-49E82E920F3F-LeaderElection626 got exception when requesting votes: {}
java.util.concurrent.ExecutionException: org.apache.ratis.thirdparty.io.grpc.StatusRuntimeException: UNAVAILABLE: io exception
	at java.util.concurrent.FutureTask.report(FutureTask.java:122)
	at java.util.concurrent.FutureTask.get(FutureTask.java:192)
	at org.apache.ratis.server.impl.LeaderElection.waitForResults(LeaderElection.java:259)
	at org.apache.ratis.server.impl.LeaderElection.askForVotes(LeaderElection.java:197)
	at org.apache.ratis.server.impl.LeaderElection.run(LeaderElection.java:133)
	at java.lang.Thread.run(Thread.java:748)
Caused by: org.apache.ratis.thirdparty.io.grpc.StatusRuntimeException: UNAVAILABLE: io exception
	at org.apache.ratis.thirdparty.io.grpc.stub.ClientCalls.toStatusRuntimeException(ClientCalls.java:233)
	at org.apache.ratis.thirdparty.io.grpc.stub.ClientCalls.getUnchecked(ClientCalls.java:214)
	at org.apache.ratis.thirdparty.io.grpc.stub.ClientCalls.blockingUnaryCall(ClientCalls.java:139)
	at org.apache.ratis.proto.grpc.RaftServerProtocolServiceGrpc$RaftServerProtocolServiceBlockingStub.requestVote(RaftServerProtocolServiceGrpc.java:265)
	at org.apache.ratis.grpc.server.GrpcServerProtocolClient.requestVote(GrpcServerProtocolClient.java:99)
	at org.apache.ratis.grpc.server.GrpcService.requestVote(GrpcService.java:204)
	at org.apache.ratis.server.impl.LeaderElection.lambda$submitRequests$1(LeaderElection.java:234)
	at java.util.concurrent.FutureTask.run(FutureTask.java:266)
	at java.util.concurrent.Executors$RunnableAdapter.call(Executors.java:511)
	at java.util.concurrent.FutureTask.run(FutureTask.java:266)
	at java.util.concurrent.ThreadPoolExecutor.runWorker(ThreadPoolExecutor.java:1149)
	at java.util.concurrent.ThreadPoolExecutor$Worker.run(ThreadPoolExecutor.java:624)
	... 1 more
Caused by: org.apache.ratis.thirdparty.io.netty.channel.AbstractChannel$AnnotatedConnectException: Connection refused: /192.168.157.233:35716
	at sun.nio.ch.SocketChannelImpl.checkConnect(Native Method)
	at sun.nio.ch.SocketChannelImpl.finishConnect(SocketChannelImpl.java:717)
	at org.apache.ratis.thirdparty.io.netty.channel.socket.nio.NioSocketChannel.doFinishConnect(NioSocketChannel.java:327)
	at org.apache.ratis.thirdparty.io.netty.channel.nio.AbstractNioChannel$AbstractNioUnsafe.finishConnect(AbstractNioChannel.java:340)
	at org.apache.ratis.thirdparty.io.netty.channel.nio.NioEventLoop.processSelectedKey(NioEventLoop.java:632)
	at org.apache.ratis.thirdparty.io.netty.channel.nio.NioEventLoop.processSelectedKeysOptimized(NioEventLoop.java:579)
	at org.apache.ratis.thirdparty.io.netty.channel.nio.NioEventLoop.processSelectedKeys(NioEventLoop.java:496)
	at org.apache.ratis.thirdparty.io.netty.channel.nio.NioEventLoop.run(NioEventLoop.java:458)
	at org.apache.ratis.thirdparty.io.netty.util.concurrent.SingleThreadEventExecutor$5.run(SingleThreadEventExecutor.java:897)
	at org.apache.ratis.thirdparty.io.netty.util.concurrent.FastThreadLocalRunnable.run(FastThreadLocalRunnable.java:30)
	... 1 more
Caused by: java.net.ConnectException: Connection refused
	... 11 more
2019-10-25 11:08:02,682 [f6cfa8a2-85ff-4bb9-a246-101c53d2d47b@group-49E82E920F3F-LeaderElection626] INFO  impl.LeaderElection (LogUtils.java:infoOrTrace(149)) - f6cfa8a2-85ff-4bb9-a246-101c53d2d47b@group-49E82E920F3F-LeaderElection626 got exception when requesting votes: {}
java.util.concurrent.ExecutionException: org.apache.ratis.thirdparty.io.grpc.StatusRuntimeException: UNAVAILABLE: io exception
	at java.util.concurrent.FutureTask.report(FutureTask.java:122)
	at java.util.concurrent.FutureTask.get(FutureTask.java:192)
	at org.apache.ratis.server.impl.LeaderElection.waitForResults(LeaderElection.java:259)
	at org.apache.ratis.server.impl.LeaderElection.askForVotes(LeaderElection.java:197)
	at org.apache.ratis.server.impl.LeaderElection.run(LeaderElection.java:133)
	at java.lang.Thread.run(Thread.java:748)
Caused by: org.apache.ratis.thirdparty.io.grpc.StatusRuntimeException: UNAVAILABLE: io exception
	at org.apache.ratis.thirdparty.io.grpc.stub.ClientCalls.toStatusRuntimeException(ClientCalls.java:233)
	at org.apache.ratis.thirdparty.io.grpc.stub.ClientCalls.getUnchecked(ClientCalls.java:214)
	at org.apache.ratis.thirdparty.io.grpc.stub.ClientCalls.blockingUnaryCall(ClientCalls.java:139)
	at org.apache.ratis.proto.grpc.RaftServerProtocolServiceGrpc$RaftServerProtocolServiceBlockingStub.requestVote(RaftServerProtocolServiceGrpc.java:265)
	at org.apache.ratis.grpc.server.GrpcServerProtocolClient.requestVote(GrpcServerProtocolClient.java:99)
	at org.apache.ratis.grpc.server.GrpcService.requestVote(GrpcService.java:204)
	at org.apache.ratis.server.impl.LeaderElection.lambda$submitRequests$1(LeaderElection.java:234)
	at java.util.concurrent.FutureTask.run(FutureTask.java:266)
	at java.util.concurrent.Executors$RunnableAdapter.call(Executors.java:511)
	at java.util.concurrent.FutureTask.run(FutureTask.java:266)
	at java.util.concurrent.ThreadPoolExecutor.runWorker(ThreadPoolExecutor.java:1149)
	at java.util.concurrent.ThreadPoolExecutor$Worker.run(ThreadPoolExecutor.java:624)
	... 1 more
Caused by: org.apache.ratis.thirdparty.io.netty.channel.AbstractChannel$AnnotatedConnectException: Connection refused: /192.168.157.233:42906
	at sun.nio.ch.SocketChannelImpl.checkConnect(Native Method)
	at sun.nio.ch.SocketChannelImpl.finishConnect(SocketChannelImpl.java:717)
	at org.apache.ratis.thirdparty.io.netty.channel.socket.nio.NioSocketChannel.doFinishConnect(NioSocketChannel.java:327)
	at org.apache.ratis.thirdparty.io.netty.channel.nio.AbstractNioChannel$AbstractNioUnsafe.finishConnect(AbstractNioChannel.java:340)
	at org.apache.ratis.thirdparty.io.netty.channel.nio.NioEventLoop.processSelectedKey(NioEventLoop.java:632)
	at org.apache.ratis.thirdparty.io.netty.channel.nio.NioEventLoop.processSelectedKeysOptimized(NioEventLoop.java:579)
	at org.apache.ratis.thirdparty.io.netty.channel.nio.NioEventLoop.processSelectedKeys(NioEventLoop.java:496)
	at org.apache.ratis.thirdparty.io.netty.channel.nio.NioEventLoop.run(NioEventLoop.java:458)
	at org.apache.ratis.thirdparty.io.netty.util.concurrent.SingleThreadEventExecutor$5.run(SingleThreadEventExecutor.java:897)
	at org.apache.ratis.thirdparty.io.netty.util.concurrent.FastThreadLocalRunnable.run(FastThreadLocalRunnable.java:30)
	... 1 more
Caused by: java.net.ConnectException: Connection refused
	... 11 more
2019-10-25 11:08:02,682 [f6cfa8a2-85ff-4bb9-a246-101c53d2d47b@group-49E82E920F3F-LeaderElection626] INFO  impl.LeaderElection (LeaderElection.java:logAndReturn(56)) - f6cfa8a2-85ff-4bb9-a246-101c53d2d47b@group-49E82E920F3F-LeaderElection626: Election REJECTED; received 0 response(s) [] and 2 exception(s); f6cfa8a2-85ff-4bb9-a246-101c53d2d47b@group-49E82E920F3F:t216, leader=null, voted=f6cfa8a2-85ff-4bb9-a246-101c53d2d47b, raftlog=f6cfa8a2-85ff-4bb9-a246-101c53d2d47b@group-49E82E920F3F-SegmentedRaftLog:OPENED:c-1,f-1,i0, conf=-1: [7fad1e98-7a6b-4998-a30c-ec1ab88068bc:192.168.157.233:35716, bdb27072-dd00-4d3b-a7da-41600e490ca3:192.168.157.233:42906, f6cfa8a2-85ff-4bb9-a246-101c53d2d47b:192.168.157.233:44618], old=null
2019-10-25 11:08:02,682 [f6cfa8a2-85ff-4bb9-a246-101c53d2d47b@group-49E82E920F3F-LeaderElection626] INFO  impl.LeaderElection (LogUtils.java:infoOrTrace(149)) -   Exception 0: {}
java.util.concurrent.ExecutionException: org.apache.ratis.thirdparty.io.grpc.StatusRuntimeException: UNAVAILABLE: io exception
	at java.util.concurrent.FutureTask.report(FutureTask.java:122)
	at java.util.concurrent.FutureTask.get(FutureTask.java:192)
	at org.apache.ratis.server.impl.LeaderElection.waitForResults(LeaderElection.java:259)
	at org.apache.ratis.server.impl.LeaderElection.askForVotes(LeaderElection.java:197)
	at org.apache.ratis.server.impl.LeaderElection.run(LeaderElection.java:133)
	at java.lang.Thread.run(Thread.java:748)
Caused by: org.apache.ratis.thirdparty.io.grpc.StatusRuntimeException: UNAVAILABLE: io exception
	at org.apache.ratis.thirdparty.io.grpc.stub.ClientCalls.toStatusRuntimeException(ClientCalls.java:233)
	at org.apache.ratis.thirdparty.io.grpc.stub.ClientCalls.getUnchecked(ClientCalls.java:214)
	at org.apache.ratis.thirdparty.io.grpc.stub.ClientCalls.blockingUnaryCall(ClientCalls.java:139)
	at org.apache.ratis.proto.grpc.RaftServerProtocolServiceGrpc$RaftServerProtocolServiceBlockingStub.requestVote(RaftServerProtocolServiceGrpc.java:265)
	at org.apache.ratis.grpc.server.GrpcServerProtocolClient.requestVote(GrpcServerProtocolClient.java:99)
	at org.apache.ratis.grpc.server.GrpcService.requestVote(GrpcService.java:204)
	at org.apache.ratis.server.impl.LeaderElection.lambda$submitRequests$1(LeaderElection.java:234)
	at java.util.concurrent.FutureTask.run(FutureTask.java:266)
	at java.util.concurrent.Executors$RunnableAdapter.call(Executors.java:511)
	at java.util.concurrent.FutureTask.run(FutureTask.java:266)
	at java.util.concurrent.ThreadPoolExecutor.runWorker(ThreadPoolExecutor.java:1149)
	at java.util.concurrent.ThreadPoolExecutor$Worker.run(ThreadPoolExecutor.java:624)
	... 1 more
Caused by: org.apache.ratis.thirdparty.io.netty.channel.AbstractChannel$AnnotatedConnectException: Connection refused: /192.168.157.233:35716
	at sun.nio.ch.SocketChannelImpl.checkConnect(Native Method)
	at sun.nio.ch.SocketChannelImpl.finishConnect(SocketChannelImpl.java:717)
	at org.apache.ratis.thirdparty.io.netty.channel.socket.nio.NioSocketChannel.doFinishConnect(NioSocketChannel.java:327)
	at org.apache.ratis.thirdparty.io.netty.channel.nio.AbstractNioChannel$AbstractNioUnsafe.finishConnect(AbstractNioChannel.java:340)
	at org.apache.ratis.thirdparty.io.netty.channel.nio.NioEventLoop.processSelectedKey(NioEventLoop.java:632)
	at org.apache.ratis.thirdparty.io.netty.channel.nio.NioEventLoop.processSelectedKeysOptimized(NioEventLoop.java:579)
	at org.apache.ratis.thirdparty.io.netty.channel.nio.NioEventLoop.processSelectedKeys(NioEventLoop.java:496)
	at org.apache.ratis.thirdparty.io.netty.channel.nio.NioEventLoop.run(NioEventLoop.java:458)
	at org.apache.ratis.thirdparty.io.netty.util.concurrent.SingleThreadEventExecutor$5.run(SingleThreadEventExecutor.java:897)
	at org.apache.ratis.thirdparty.io.netty.util.concurrent.FastThreadLocalRunnable.run(FastThreadLocalRunnable.java:30)
	... 1 more
Caused by: java.net.ConnectException: Connection refused
	... 11 more
2019-10-25 11:08:02,682 [f6cfa8a2-85ff-4bb9-a246-101c53d2d47b@group-49E82E920F3F-LeaderElection626] INFO  impl.LeaderElection (LogUtils.java:infoOrTrace(149)) -   Exception 1: {}
java.util.concurrent.ExecutionException: org.apache.ratis.thirdparty.io.grpc.StatusRuntimeException: UNAVAILABLE: io exception
	at java.util.concurrent.FutureTask.report(FutureTask.java:122)
	at java.util.concurrent.FutureTask.get(FutureTask.java:192)
	at org.apache.ratis.server.impl.LeaderElection.waitForResults(LeaderElection.java:259)
	at org.apache.ratis.server.impl.LeaderElection.askForVotes(LeaderElection.java:197)
	at org.apache.ratis.server.impl.LeaderElection.run(LeaderElection.java:133)
	at java.lang.Thread.run(Thread.java:748)
Caused by: org.apache.ratis.thirdparty.io.grpc.StatusRuntimeException: UNAVAILABLE: io exception
	at org.apache.ratis.thirdparty.io.grpc.stub.ClientCalls.toStatusRuntimeException(ClientCalls.java:233)
	at org.apache.ratis.thirdparty.io.grpc.stub.ClientCalls.getUnchecked(ClientCalls.java:214)
	at org.apache.ratis.thirdparty.io.grpc.stub.ClientCalls.blockingUnaryCall(ClientCalls.java:139)
	at org.apache.ratis.proto.grpc.RaftServerProtocolServiceGrpc$RaftServerProtocolServiceBlockingStub.requestVote(RaftServerProtocolServiceGrpc.java:265)
	at org.apache.ratis.grpc.server.GrpcServerProtocolClient.requestVote(GrpcServerProtocolClient.java:99)
	at org.apache.ratis.grpc.server.GrpcService.requestVote(GrpcService.java:204)
	at org.apache.ratis.server.impl.LeaderElection.lambda$submitRequests$1(LeaderElection.java:234)
	at java.util.concurrent.FutureTask.run(FutureTask.java:266)
	at java.util.concurrent.Executors$RunnableAdapter.call(Executors.java:511)
	at java.util.concurrent.FutureTask.run(FutureTask.java:266)
	at java.util.concurrent.ThreadPoolExecutor.runWorker(ThreadPoolExecutor.java:1149)
	at java.util.concurrent.ThreadPoolExecutor$Worker.run(ThreadPoolExecutor.java:624)
	... 1 more
Caused by: org.apache.ratis.thirdparty.io.netty.channel.AbstractChannel$AnnotatedConnectException: Connection refused: /192.168.157.233:42906
	at sun.nio.ch.SocketChannelImpl.checkConnect(Native Method)
	at sun.nio.ch.SocketChannelImpl.finishConnect(SocketChannelImpl.java:717)
	at org.apache.ratis.thirdparty.io.netty.channel.socket.nio.NioSocketChannel.doFinishConnect(NioSocketChannel.java:327)
	at org.apache.ratis.thirdparty.io.netty.channel.nio.AbstractNioChannel$AbstractNioUnsafe.finishConnect(AbstractNioChannel.java:340)
	at org.apache.ratis.thirdparty.io.netty.channel.nio.NioEventLoop.processSelectedKey(NioEventLoop.java:632)
	at org.apache.ratis.thirdparty.io.netty.channel.nio.NioEventLoop.processSelectedKeysOptimized(NioEventLoop.java:579)
	at org.apache.ratis.thirdparty.io.netty.channel.nio.NioEventLoop.processSelectedKeys(NioEventLoop.java:496)
	at org.apache.ratis.thirdparty.io.netty.channel.nio.NioEventLoop.run(NioEventLoop.java:458)
	at org.apache.ratis.thirdparty.io.netty.util.concurrent.SingleThreadEventExecutor$5.run(SingleThreadEventExecutor.java:897)
	at org.apache.ratis.thirdparty.io.netty.util.concurrent.FastThreadLocalRunnable.run(FastThreadLocalRunnable.java:30)
	... 1 more
Caused by: java.net.ConnectException: Connection refused
	... 11 more
2019-10-25 11:08:02,683 [f6cfa8a2-85ff-4bb9-a246-101c53d2d47b@group-49E82E920F3F-LeaderElection626] INFO  impl.RaftServerImpl (RaftServerImpl.java:setRole(184)) - f6cfa8a2-85ff-4bb9-a246-101c53d2d47b@group-49E82E920F3F: changes role from CANDIDATE to FOLLOWER at term 216 for DISCOVERED_A_NEW_TERM
2019-10-25 11:08:02,683 [f6cfa8a2-85ff-4bb9-a246-101c53d2d47b@group-49E82E920F3F-LeaderElection626] INFO  impl.RoleInfo (RoleInfo.java:shutdownLeaderElection(134)) - f6cfa8a2-85ff-4bb9-a246-101c53d2d47b: shutdown LeaderElection
2019-10-25 11:08:02,683 [f6cfa8a2-85ff-4bb9-a246-101c53d2d47b@group-49E82E920F3F-LeaderElection626] INFO  impl.RoleInfo (RoleInfo.java:updateAndGet(143)) - f6cfa8a2-85ff-4bb9-a246-101c53d2d47b: start FollowerState
2019-10-25 11:08:02,842 [Thread-5100] INFO  impl.FollowerState (FollowerState.java:run(108)) - f6cfa8a2-85ff-4bb9-a246-101c53d2d47b@group-49E82E920F3F-FollowerState: change to CANDIDATE, lastRpcTime:159ms, electionTimeout:159ms
2019-10-25 11:08:02,842 [Thread-5100] INFO  impl.RoleInfo (RoleInfo.java:shutdownFollowerState(121)) - f6cfa8a2-85ff-4bb9-a246-101c53d2d47b: shutdown FollowerState
2019-10-25 11:08:02,843 [Thread-5100] INFO  impl.RaftServerImpl (RaftServerImpl.java:setRole(184)) - f6cfa8a2-85ff-4bb9-a246-101c53d2d47b@group-49E82E920F3F: changes role from  FOLLOWER to CANDIDATE at term 216 for changeToCandidate
2019-10-25 11:08:02,843 [Thread-5100] INFO  impl.RoleInfo (RoleInfo.java:updateAndGet(143)) - f6cfa8a2-85ff-4bb9-a246-101c53d2d47b: start LeaderElection
2019-10-25 11:08:02,881 [f6cfa8a2-85ff-4bb9-a246-101c53d2d47b@group-49E82E920F3F-LeaderElection627] INFO  impl.LeaderElection (LeaderElection.java:askForVotes(178)) - f6cfa8a2-85ff-4bb9-a246-101c53d2d47b@group-49E82E920F3F-LeaderElection627: begin an election at term 217 for -1: [7fad1e98-7a6b-4998-a30c-ec1ab88068bc:192.168.157.233:35716, bdb27072-dd00-4d3b-a7da-41600e490ca3:192.168.157.233:42906, f6cfa8a2-85ff-4bb9-a246-101c53d2d47b:192.168.157.233:44618], old=null
2019-10-25 11:08:02,882 [f6cfa8a2-85ff-4bb9-a246-101c53d2d47b@group-49E82E920F3F-LeaderElection627] INFO  impl.LeaderElection (LogUtils.java:infoOrTrace(149)) - f6cfa8a2-85ff-4bb9-a246-101c53d2d47b@group-49E82E920F3F-LeaderElection627 got exception when requesting votes: {}
java.util.concurrent.ExecutionException: org.apache.ratis.thirdparty.io.grpc.StatusRuntimeException: UNAVAILABLE: io exception
	at java.util.concurrent.FutureTask.report(FutureTask.java:122)
	at java.util.concurrent.FutureTask.get(FutureTask.java:192)
	at org.apache.ratis.server.impl.LeaderElection.waitForResults(LeaderElection.java:259)
	at org.apache.ratis.server.impl.LeaderElection.askForVotes(LeaderElection.java:197)
	at org.apache.ratis.server.impl.LeaderElection.run(LeaderElection.java:133)
	at java.lang.Thread.run(Thread.java:748)
Caused by: org.apache.ratis.thirdparty.io.grpc.StatusRuntimeException: UNAVAILABLE: io exception
	at org.apache.ratis.thirdparty.io.grpc.stub.ClientCalls.toStatusRuntimeException(ClientCalls.java:233)
	at org.apache.ratis.thirdparty.io.grpc.stub.ClientCalls.getUnchecked(ClientCalls.java:214)
	at org.apache.ratis.thirdparty.io.grpc.stub.ClientCalls.blockingUnaryCall(ClientCalls.java:139)
	at org.apache.ratis.proto.grpc.RaftServerProtocolServiceGrpc$RaftServerProtocolServiceBlockingStub.requestVote(RaftServerProtocolServiceGrpc.java:265)
	at org.apache.ratis.grpc.server.GrpcServerProtocolClient.requestVote(GrpcServerProtocolClient.java:99)
	at org.apache.ratis.grpc.server.GrpcService.requestVote(GrpcService.java:204)
	at org.apache.ratis.server.impl.LeaderElection.lambda$submitRequests$1(LeaderElection.java:234)
	at java.util.concurrent.FutureTask.run(FutureTask.java:266)
	at java.util.concurrent.Executors$RunnableAdapter.call(Executors.java:511)
	at java.util.concurrent.FutureTask.run(FutureTask.java:266)
	at java.util.concurrent.ThreadPoolExecutor.runWorker(ThreadPoolExecutor.java:1149)
	at java.util.concurrent.ThreadPoolExecutor$Worker.run(ThreadPoolExecutor.java:624)
	... 1 more
Caused by: org.apache.ratis.thirdparty.io.netty.channel.AbstractChannel$AnnotatedConnectException: Connection refused: /192.168.157.233:35716
	at sun.nio.ch.SocketChannelImpl.checkConnect(Native Method)
	at sun.nio.ch.SocketChannelImpl.finishConnect(SocketChannelImpl.java:717)
	at org.apache.ratis.thirdparty.io.netty.channel.socket.nio.NioSocketChannel.doFinishConnect(NioSocketChannel.java:327)
	at org.apache.ratis.thirdparty.io.netty.channel.nio.AbstractNioChannel$AbstractNioUnsafe.finishConnect(AbstractNioChannel.java:340)
	at org.apache.ratis.thirdparty.io.netty.channel.nio.NioEventLoop.processSelectedKey(NioEventLoop.java:632)
	at org.apache.ratis.thirdparty.io.netty.channel.nio.NioEventLoop.processSelectedKeysOptimized(NioEventLoop.java:579)
	at org.apache.ratis.thirdparty.io.netty.channel.nio.NioEventLoop.processSelectedKeys(NioEventLoop.java:496)
	at org.apache.ratis.thirdparty.io.netty.channel.nio.NioEventLoop.run(NioEventLoop.java:458)
	at org.apache.ratis.thirdparty.io.netty.util.concurrent.SingleThreadEventExecutor$5.run(SingleThreadEventExecutor.java:897)
	at org.apache.ratis.thirdparty.io.netty.util.concurrent.FastThreadLocalRunnable.run(FastThreadLocalRunnable.java:30)
	... 1 more
Caused by: java.net.ConnectException: Connection refused
	... 11 more
2019-10-25 11:08:02,883 [f6cfa8a2-85ff-4bb9-a246-101c53d2d47b@group-49E82E920F3F-LeaderElection627] INFO  impl.LeaderElection (LogUtils.java:infoOrTrace(149)) - f6cfa8a2-85ff-4bb9-a246-101c53d2d47b@group-49E82E920F3F-LeaderElection627 got exception when requesting votes: {}
java.util.concurrent.ExecutionException: org.apache.ratis.thirdparty.io.grpc.StatusRuntimeException: UNAVAILABLE: io exception
	at java.util.concurrent.FutureTask.report(FutureTask.java:122)
	at java.util.concurrent.FutureTask.get(FutureTask.java:192)
	at org.apache.ratis.server.impl.LeaderElection.waitForResults(LeaderElection.java:259)
	at org.apache.ratis.server.impl.LeaderElection.askForVotes(LeaderElection.java:197)
	at org.apache.ratis.server.impl.LeaderElection.run(LeaderElection.java:133)
	at java.lang.Thread.run(Thread.java:748)
Caused by: org.apache.ratis.thirdparty.io.grpc.StatusRuntimeException: UNAVAILABLE: io exception
	at org.apache.ratis.thirdparty.io.grpc.stub.ClientCalls.toStatusRuntimeException(ClientCalls.java:233)
	at org.apache.ratis.thirdparty.io.grpc.stub.ClientCalls.getUnchecked(ClientCalls.java:214)
	at org.apache.ratis.thirdparty.io.grpc.stub.ClientCalls.blockingUnaryCall(ClientCalls.java:139)
	at org.apache.ratis.proto.grpc.RaftServerProtocolServiceGrpc$RaftServerProtocolServiceBlockingStub.requestVote(RaftServerProtocolServiceGrpc.java:265)
	at org.apache.ratis.grpc.server.GrpcServerProtocolClient.requestVote(GrpcServerProtocolClient.java:99)
	at org.apache.ratis.grpc.server.GrpcService.requestVote(GrpcService.java:204)
	at org.apache.ratis.server.impl.LeaderElection.lambda$submitRequests$1(LeaderElection.java:234)
	at java.util.concurrent.FutureTask.run(FutureTask.java:266)
	at java.util.concurrent.Executors$RunnableAdapter.call(Executors.java:511)
	at java.util.concurrent.FutureTask.run(FutureTask.java:266)
	at java.util.concurrent.ThreadPoolExecutor.runWorker(ThreadPoolExecutor.java:1149)
	at java.util.concurrent.ThreadPoolExecutor$Worker.run(ThreadPoolExecutor.java:624)
	... 1 more
Caused by: org.apache.ratis.thirdparty.io.netty.channel.AbstractChannel$AnnotatedConnectException: Connection refused: /192.168.157.233:42906
	at sun.nio.ch.SocketChannelImpl.checkConnect(Native Method)
	at sun.nio.ch.SocketChannelImpl.finishConnect(SocketChannelImpl.java:717)
	at org.apache.ratis.thirdparty.io.netty.channel.socket.nio.NioSocketChannel.doFinishConnect(NioSocketChannel.java:327)
	at org.apache.ratis.thirdparty.io.netty.channel.nio.AbstractNioChannel$AbstractNioUnsafe.finishConnect(AbstractNioChannel.java:340)
	at org.apache.ratis.thirdparty.io.netty.channel.nio.NioEventLoop.processSelectedKey(NioEventLoop.java:632)
	at org.apache.ratis.thirdparty.io.netty.channel.nio.NioEventLoop.processSelectedKeysOptimized(NioEventLoop.java:579)
	at org.apache.ratis.thirdparty.io.netty.channel.nio.NioEventLoop.processSelectedKeys(NioEventLoop.java:496)
	at org.apache.ratis.thirdparty.io.netty.channel.nio.NioEventLoop.run(NioEventLoop.java:458)
	at org.apache.ratis.thirdparty.io.netty.util.concurrent.SingleThreadEventExecutor$5.run(SingleThreadEventExecutor.java:897)
	at org.apache.ratis.thirdparty.io.netty.util.concurrent.FastThreadLocalRunnable.run(FastThreadLocalRunnable.java:30)
	... 1 more
Caused by: java.net.ConnectException: Connection refused
	... 11 more
2019-10-25 11:08:02,884 [f6cfa8a2-85ff-4bb9-a246-101c53d2d47b@group-49E82E920F3F-LeaderElection627] INFO  impl.LeaderElection (LeaderElection.java:logAndReturn(56)) - f6cfa8a2-85ff-4bb9-a246-101c53d2d47b@group-49E82E920F3F-LeaderElection627: Election REJECTED; received 0 response(s) [] and 2 exception(s); f6cfa8a2-85ff-4bb9-a246-101c53d2d47b@group-49E82E920F3F:t217, leader=null, voted=f6cfa8a2-85ff-4bb9-a246-101c53d2d47b, raftlog=f6cfa8a2-85ff-4bb9-a246-101c53d2d47b@group-49E82E920F3F-SegmentedRaftLog:OPENED:c-1,f-1,i0, conf=-1: [7fad1e98-7a6b-4998-a30c-ec1ab88068bc:192.168.157.233:35716, bdb27072-dd00-4d3b-a7da-41600e490ca3:192.168.157.233:42906, f6cfa8a2-85ff-4bb9-a246-101c53d2d47b:192.168.157.233:44618], old=null
2019-10-25 11:08:02,884 [f6cfa8a2-85ff-4bb9-a246-101c53d2d47b@group-49E82E920F3F-LeaderElection627] INFO  impl.LeaderElection (LogUtils.java:infoOrTrace(149)) -   Exception 0: {}
java.util.concurrent.ExecutionException: org.apache.ratis.thirdparty.io.grpc.StatusRuntimeException: UNAVAILABLE: io exception
	at java.util.concurrent.FutureTask.report(FutureTask.java:122)
	at java.util.concurrent.FutureTask.get(FutureTask.java:192)
	at org.apache.ratis.server.impl.LeaderElection.waitForResults(LeaderElection.java:259)
	at org.apache.ratis.server.impl.LeaderElection.askForVotes(LeaderElection.java:197)
	at org.apache.ratis.server.impl.LeaderElection.run(LeaderElection.java:133)
	at java.lang.Thread.run(Thread.java:748)
Caused by: org.apache.ratis.thirdparty.io.grpc.StatusRuntimeException: UNAVAILABLE: io exception
	at org.apache.ratis.thirdparty.io.grpc.stub.ClientCalls.toStatusRuntimeException(ClientCalls.java:233)
	at org.apache.ratis.thirdparty.io.grpc.stub.ClientCalls.getUnchecked(ClientCalls.java:214)
	at org.apache.ratis.thirdparty.io.grpc.stub.ClientCalls.blockingUnaryCall(ClientCalls.java:139)
	at org.apache.ratis.proto.grpc.RaftServerProtocolServiceGrpc$RaftServerProtocolServiceBlockingStub.requestVote(RaftServerProtocolServiceGrpc.java:265)
	at org.apache.ratis.grpc.server.GrpcServerProtocolClient.requestVote(GrpcServerProtocolClient.java:99)
	at org.apache.ratis.grpc.server.GrpcService.requestVote(GrpcService.java:204)
	at org.apache.ratis.server.impl.LeaderElection.lambda$submitRequests$1(LeaderElection.java:234)
	at java.util.concurrent.FutureTask.run(FutureTask.java:266)
	at java.util.concurrent.Executors$RunnableAdapter.call(Executors.java:511)
	at java.util.concurrent.FutureTask.run(FutureTask.java:266)
	at java.util.concurrent.ThreadPoolExecutor.runWorker(ThreadPoolExecutor.java:1149)
	at java.util.concurrent.ThreadPoolExecutor$Worker.run(ThreadPoolExecutor.java:624)
	... 1 more
Caused by: org.apache.ratis.thirdparty.io.netty.channel.AbstractChannel$AnnotatedConnectException: Connection refused: /192.168.157.233:35716
	at sun.nio.ch.SocketChannelImpl.checkConnect(Native Method)
	at sun.nio.ch.SocketChannelImpl.finishConnect(SocketChannelImpl.java:717)
	at org.apache.ratis.thirdparty.io.netty.channel.socket.nio.NioSocketChannel.doFinishConnect(NioSocketChannel.java:327)
	at org.apache.ratis.thirdparty.io.netty.channel.nio.AbstractNioChannel$AbstractNioUnsafe.finishConnect(AbstractNioChannel.java:340)
	at org.apache.ratis.thirdparty.io.netty.channel.nio.NioEventLoop.processSelectedKey(NioEventLoop.java:632)
	at org.apache.ratis.thirdparty.io.netty.channel.nio.NioEventLoop.processSelectedKeysOptimized(NioEventLoop.java:579)
	at org.apache.ratis.thirdparty.io.netty.channel.nio.NioEventLoop.processSelectedKeys(NioEventLoop.java:496)
	at org.apache.ratis.thirdparty.io.netty.channel.nio.NioEventLoop.run(NioEventLoop.java:458)
	at org.apache.ratis.thirdparty.io.netty.util.concurrent.SingleThreadEventExecutor$5.run(SingleThreadEventExecutor.java:897)
	at org.apache.ratis.thirdparty.io.netty.util.concurrent.FastThreadLocalRunnable.run(FastThreadLocalRunnable.java:30)
	... 1 more
Caused by: java.net.ConnectException: Connection refused
	... 11 more
2019-10-25 11:08:02,884 [f6cfa8a2-85ff-4bb9-a246-101c53d2d47b@group-49E82E920F3F-LeaderElection627] INFO  impl.LeaderElection (LogUtils.java:infoOrTrace(149)) -   Exception 1: {}
java.util.concurrent.ExecutionException: org.apache.ratis.thirdparty.io.grpc.StatusRuntimeException: UNAVAILABLE: io exception
	at java.util.concurrent.FutureTask.report(FutureTask.java:122)
	at java.util.concurrent.FutureTask.get(FutureTask.java:192)
	at org.apache.ratis.server.impl.LeaderElection.waitForResults(LeaderElection.java:259)
	at org.apache.ratis.server.impl.LeaderElection.askForVotes(LeaderElection.java:197)
	at org.apache.ratis.server.impl.LeaderElection.run(LeaderElection.java:133)
	at java.lang.Thread.run(Thread.java:748)
Caused by: org.apache.ratis.thirdparty.io.grpc.StatusRuntimeException: UNAVAILABLE: io exception
	at org.apache.ratis.thirdparty.io.grpc.stub.ClientCalls.toStatusRuntimeException(ClientCalls.java:233)
	at org.apache.ratis.thirdparty.io.grpc.stub.ClientCalls.getUnchecked(ClientCalls.java:214)
	at org.apache.ratis.thirdparty.io.grpc.stub.ClientCalls.blockingUnaryCall(ClientCalls.java:139)
	at org.apache.ratis.proto.grpc.RaftServerProtocolServiceGrpc$RaftServerProtocolServiceBlockingStub.requestVote(RaftServerProtocolServiceGrpc.java:265)
	at org.apache.ratis.grpc.server.GrpcServerProtocolClient.requestVote(GrpcServerProtocolClient.java:99)
	at org.apache.ratis.grpc.server.GrpcService.requestVote(GrpcService.java:204)
	at org.apache.ratis.server.impl.LeaderElection.lambda$submitRequests$1(LeaderElection.java:234)
	at java.util.concurrent.FutureTask.run(FutureTask.java:266)
	at java.util.concurrent.Executors$RunnableAdapter.call(Executors.java:511)
	at java.util.concurrent.FutureTask.run(FutureTask.java:266)
	at java.util.concurrent.ThreadPoolExecutor.runWorker(ThreadPoolExecutor.java:1149)
	at java.util.concurrent.ThreadPoolExecutor$Worker.run(ThreadPoolExecutor.java:624)
	... 1 more
Caused by: org.apache.ratis.thirdparty.io.netty.channel.AbstractChannel$AnnotatedConnectException: Connection refused: /192.168.157.233:42906
	at sun.nio.ch.SocketChannelImpl.checkConnect(Native Method)
	at sun.nio.ch.SocketChannelImpl.finishConnect(SocketChannelImpl.java:717)
	at org.apache.ratis.thirdparty.io.netty.channel.socket.nio.NioSocketChannel.doFinishConnect(NioSocketChannel.java:327)
	at org.apache.ratis.thirdparty.io.netty.channel.nio.AbstractNioChannel$AbstractNioUnsafe.finishConnect(AbstractNioChannel.java:340)
	at org.apache.ratis.thirdparty.io.netty.channel.nio.NioEventLoop.processSelectedKey(NioEventLoop.java:632)
	at org.apache.ratis.thirdparty.io.netty.channel.nio.NioEventLoop.processSelectedKeysOptimized(NioEventLoop.java:579)
	at org.apache.ratis.thirdparty.io.netty.channel.nio.NioEventLoop.processSelectedKeys(NioEventLoop.java:496)
	at org.apache.ratis.thirdparty.io.netty.channel.nio.NioEventLoop.run(NioEventLoop.java:458)
	at org.apache.ratis.thirdparty.io.netty.util.concurrent.SingleThreadEventExecutor$5.run(SingleThreadEventExecutor.java:897)
	at org.apache.ratis.thirdparty.io.netty.util.concurrent.FastThreadLocalRunnable.run(FastThreadLocalRunnable.java:30)
	... 1 more
Caused by: java.net.ConnectException: Connection refused
	... 11 more
2019-10-25 11:08:02,885 [f6cfa8a2-85ff-4bb9-a246-101c53d2d47b@group-49E82E920F3F-LeaderElection627] INFO  impl.RaftServerImpl (RaftServerImpl.java:setRole(184)) - f6cfa8a2-85ff-4bb9-a246-101c53d2d47b@group-49E82E920F3F: changes role from CANDIDATE to FOLLOWER at term 217 for DISCOVERED_A_NEW_TERM
2019-10-25 11:08:02,885 [f6cfa8a2-85ff-4bb9-a246-101c53d2d47b@group-49E82E920F3F-LeaderElection627] INFO  impl.RoleInfo (RoleInfo.java:shutdownLeaderElection(134)) - f6cfa8a2-85ff-4bb9-a246-101c53d2d47b: shutdown LeaderElection
2019-10-25 11:08:02,885 [f6cfa8a2-85ff-4bb9-a246-101c53d2d47b@group-49E82E920F3F-LeaderElection627] INFO  impl.RoleInfo (RoleInfo.java:updateAndGet(143)) - f6cfa8a2-85ff-4bb9-a246-101c53d2d47b: start FollowerState
2019-10-25 11:08:02,968 [java.util.concurrent.ThreadPoolExecutor$Worker@3e501297[State = -1, empty queue]] WARN  server.GrpcLogAppender (GrpcLogAppender.java:timeoutAppendRequest(209)) - 8a2c850d-503a-4b6a-9325-357a6554e10c@group-B334D6EBB589->e8f52f97-4cbf-4021-bc09-65b78a9dc21b-GrpcLogAppender: appendEntries Timeout, request=8a2c850d-503a-4b6a-9325-357a6554e10c->e8f52f97-4cbf-4021-bc09-65b78a9dc21b#46-t1, previous=(t:1, i:0), leaderCommit=0, initializing? false, entries: <empty>
2019-10-25 11:08:02,982 [java.util.concurrent.ThreadPoolExecutor$Worker@33ec010c[State = -1, empty queue]] WARN  server.GrpcLogAppender (GrpcLogAppender.java:timeoutAppendRequest(209)) - 8a2c850d-503a-4b6a-9325-357a6554e10c@group-B334D6EBB589->f5dc0a75-b584-4700-be7c-7942c0d8117c-GrpcLogAppender: appendEntries Timeout, request=8a2c850d-503a-4b6a-9325-357a6554e10c->f5dc0a75-b584-4700-be7c-7942c0d8117c#46-t1, previous=(t:1, i:0), leaderCommit=0, initializing? false, entries: <empty>
2019-10-25 11:08:03,006 [Thread-5106] INFO  impl.FollowerState (FollowerState.java:run(108)) - f6cfa8a2-85ff-4bb9-a246-101c53d2d47b@group-49E82E920F3F-FollowerState: change to CANDIDATE, lastRpcTime:121ms, electionTimeout:121ms
2019-10-25 11:08:03,006 [Thread-5106] INFO  impl.RoleInfo (RoleInfo.java:shutdownFollowerState(121)) - f6cfa8a2-85ff-4bb9-a246-101c53d2d47b: shutdown FollowerState
2019-10-25 11:08:03,006 [Thread-5106] INFO  impl.RaftServerImpl (RaftServerImpl.java:setRole(184)) - f6cfa8a2-85ff-4bb9-a246-101c53d2d47b@group-49E82E920F3F: changes role from  FOLLOWER to CANDIDATE at term 217 for changeToCandidate
2019-10-25 11:08:03,007 [Thread-5106] INFO  impl.RoleInfo (RoleInfo.java:updateAndGet(143)) - f6cfa8a2-85ff-4bb9-a246-101c53d2d47b: start LeaderElection
2019-10-25 11:08:03,028 [f6cfa8a2-85ff-4bb9-a246-101c53d2d47b@group-49E82E920F3F-LeaderElection628] INFO  impl.LeaderElection (LeaderElection.java:askForVotes(178)) - f6cfa8a2-85ff-4bb9-a246-101c53d2d47b@group-49E82E920F3F-LeaderElection628: begin an election at term 218 for -1: [7fad1e98-7a6b-4998-a30c-ec1ab88068bc:192.168.157.233:35716, bdb27072-dd00-4d3b-a7da-41600e490ca3:192.168.157.233:42906, f6cfa8a2-85ff-4bb9-a246-101c53d2d47b:192.168.157.233:44618], old=null
2019-10-25 11:08:03,029 [f6cfa8a2-85ff-4bb9-a246-101c53d2d47b@group-49E82E920F3F-LeaderElection628] INFO  impl.LeaderElection (LogUtils.java:infoOrTrace(149)) - f6cfa8a2-85ff-4bb9-a246-101c53d2d47b@group-49E82E920F3F-LeaderElection628 got exception when requesting votes: {}
java.util.concurrent.ExecutionException: org.apache.ratis.thirdparty.io.grpc.StatusRuntimeException: UNAVAILABLE: io exception
	at java.util.concurrent.FutureTask.report(FutureTask.java:122)
	at java.util.concurrent.FutureTask.get(FutureTask.java:192)
	at org.apache.ratis.server.impl.LeaderElection.waitForResults(LeaderElection.java:259)
	at org.apache.ratis.server.impl.LeaderElection.askForVotes(LeaderElection.java:197)
	at org.apache.ratis.server.impl.LeaderElection.run(LeaderElection.java:133)
	at java.lang.Thread.run(Thread.java:748)
Caused by: org.apache.ratis.thirdparty.io.grpc.StatusRuntimeException: UNAVAILABLE: io exception
	at org.apache.ratis.thirdparty.io.grpc.stub.ClientCalls.toStatusRuntimeException(ClientCalls.java:233)
	at org.apache.ratis.thirdparty.io.grpc.stub.ClientCalls.getUnchecked(ClientCalls.java:214)
	at org.apache.ratis.thirdparty.io.grpc.stub.ClientCalls.blockingUnaryCall(ClientCalls.java:139)
	at org.apache.ratis.proto.grpc.RaftServerProtocolServiceGrpc$RaftServerProtocolServiceBlockingStub.requestVote(RaftServerProtocolServiceGrpc.java:265)
	at org.apache.ratis.grpc.server.GrpcServerProtocolClient.requestVote(GrpcServerProtocolClient.java:99)
	at org.apache.ratis.grpc.server.GrpcService.requestVote(GrpcService.java:204)
	at org.apache.ratis.server.impl.LeaderElection.lambda$submitRequests$1(LeaderElection.java:234)
	at java.util.concurrent.FutureTask.run(FutureTask.java:266)
	at java.util.concurrent.Executors$RunnableAdapter.call(Executors.java:511)
	at java.util.concurrent.FutureTask.run(FutureTask.java:266)
	at java.util.concurrent.ThreadPoolExecutor.runWorker(ThreadPoolExecutor.java:1149)
	at java.util.concurrent.ThreadPoolExecutor$Worker.run(ThreadPoolExecutor.java:624)
	... 1 more
Caused by: org.apache.ratis.thirdparty.io.netty.channel.AbstractChannel$AnnotatedConnectException: Connection refused: /192.168.157.233:42906
	at sun.nio.ch.SocketChannelImpl.checkConnect(Native Method)
	at sun.nio.ch.SocketChannelImpl.finishConnect(SocketChannelImpl.java:717)
	at org.apache.ratis.thirdparty.io.netty.channel.socket.nio.NioSocketChannel.doFinishConnect(NioSocketChannel.java:327)
	at org.apache.ratis.thirdparty.io.netty.channel.nio.AbstractNioChannel$AbstractNioUnsafe.finishConnect(AbstractNioChannel.java:340)
	at org.apache.ratis.thirdparty.io.netty.channel.nio.NioEventLoop.processSelectedKey(NioEventLoop.java:632)
	at org.apache.ratis.thirdparty.io.netty.channel.nio.NioEventLoop.processSelectedKeysOptimized(NioEventLoop.java:579)
	at org.apache.ratis.thirdparty.io.netty.channel.nio.NioEventLoop.processSelectedKeys(NioEventLoop.java:496)
	at org.apache.ratis.thirdparty.io.netty.channel.nio.NioEventLoop.run(NioEventLoop.java:458)
	at org.apache.ratis.thirdparty.io.netty.util.concurrent.SingleThreadEventExecutor$5.run(SingleThreadEventExecutor.java:897)
	at org.apache.ratis.thirdparty.io.netty.util.concurrent.FastThreadLocalRunnable.run(FastThreadLocalRunnable.java:30)
	... 1 more
Caused by: java.net.ConnectException: Connection refused
	... 11 more
2019-10-25 11:08:03,029 [f6cfa8a2-85ff-4bb9-a246-101c53d2d47b@group-49E82E920F3F-LeaderElection628] INFO  impl.LeaderElection (LogUtils.java:infoOrTrace(149)) - f6cfa8a2-85ff-4bb9-a246-101c53d2d47b@group-49E82E920F3F-LeaderElection628 got exception when requesting votes: {}
java.util.concurrent.ExecutionException: org.apache.ratis.thirdparty.io.grpc.StatusRuntimeException: UNAVAILABLE: io exception
	at java.util.concurrent.FutureTask.report(FutureTask.java:122)
	at java.util.concurrent.FutureTask.get(FutureTask.java:192)
	at org.apache.ratis.server.impl.LeaderElection.waitForResults(LeaderElection.java:259)
	at org.apache.ratis.server.impl.LeaderElection.askForVotes(LeaderElection.java:197)
	at org.apache.ratis.server.impl.LeaderElection.run(LeaderElection.java:133)
	at java.lang.Thread.run(Thread.java:748)
Caused by: org.apache.ratis.thirdparty.io.grpc.StatusRuntimeException: UNAVAILABLE: io exception
	at org.apache.ratis.thirdparty.io.grpc.stub.ClientCalls.toStatusRuntimeException(ClientCalls.java:233)
	at org.apache.ratis.thirdparty.io.grpc.stub.ClientCalls.getUnchecked(ClientCalls.java:214)
	at org.apache.ratis.thirdparty.io.grpc.stub.ClientCalls.blockingUnaryCall(ClientCalls.java:139)
	at org.apache.ratis.proto.grpc.RaftServerProtocolServiceGrpc$RaftServerProtocolServiceBlockingStub.requestVote(RaftServerProtocolServiceGrpc.java:265)
	at org.apache.ratis.grpc.server.GrpcServerProtocolClient.requestVote(GrpcServerProtocolClient.java:99)
	at org.apache.ratis.grpc.server.GrpcService.requestVote(GrpcService.java:204)
	at org.apache.ratis.server.impl.LeaderElection.lambda$submitRequests$1(LeaderElection.java:234)
	at java.util.concurrent.FutureTask.run(FutureTask.java:266)
	at java.util.concurrent.Executors$RunnableAdapter.call(Executors.java:511)
	at java.util.concurrent.FutureTask.run(FutureTask.java:266)
	at java.util.concurrent.ThreadPoolExecutor.runWorker(ThreadPoolExecutor.java:1149)
	at java.util.concurrent.ThreadPoolExecutor$Worker.run(ThreadPoolExecutor.java:624)
	... 1 more
Caused by: org.apache.ratis.thirdparty.io.netty.channel.AbstractChannel$AnnotatedConnectException: Connection refused: /192.168.157.233:35716
	at sun.nio.ch.SocketChannelImpl.checkConnect(Native Method)
	at sun.nio.ch.SocketChannelImpl.finishConnect(SocketChannelImpl.java:717)
	at org.apache.ratis.thirdparty.io.netty.channel.socket.nio.NioSocketChannel.doFinishConnect(NioSocketChannel.java:327)
	at org.apache.ratis.thirdparty.io.netty.channel.nio.AbstractNioChannel$AbstractNioUnsafe.finishConnect(AbstractNioChannel.java:340)
	at org.apache.ratis.thirdparty.io.netty.channel.nio.NioEventLoop.processSelectedKey(NioEventLoop.java:632)
	at org.apache.ratis.thirdparty.io.netty.channel.nio.NioEventLoop.processSelectedKeysOptimized(NioEventLoop.java:579)
	at org.apache.ratis.thirdparty.io.netty.channel.nio.NioEventLoop.processSelectedKeys(NioEventLoop.java:496)
	at org.apache.ratis.thirdparty.io.netty.channel.nio.NioEventLoop.run(NioEventLoop.java:458)
	at org.apache.ratis.thirdparty.io.netty.util.concurrent.SingleThreadEventExecutor$5.run(SingleThreadEventExecutor.java:897)
	at org.apache.ratis.thirdparty.io.netty.util.concurrent.FastThreadLocalRunnable.run(FastThreadLocalRunnable.java:30)
	... 1 more
Caused by: java.net.ConnectException: Connection refused
	... 11 more
2019-10-25 11:08:03,029 [f6cfa8a2-85ff-4bb9-a246-101c53d2d47b@group-49E82E920F3F-LeaderElection628] INFO  impl.LeaderElection (LeaderElection.java:logAndReturn(56)) - f6cfa8a2-85ff-4bb9-a246-101c53d2d47b@group-49E82E920F3F-LeaderElection628: Election REJECTED; received 0 response(s) [] and 2 exception(s); f6cfa8a2-85ff-4bb9-a246-101c53d2d47b@group-49E82E920F3F:t218, leader=null, voted=f6cfa8a2-85ff-4bb9-a246-101c53d2d47b, raftlog=f6cfa8a2-85ff-4bb9-a246-101c53d2d47b@group-49E82E920F3F-SegmentedRaftLog:OPENED:c-1,f-1,i0, conf=-1: [7fad1e98-7a6b-4998-a30c-ec1ab88068bc:192.168.157.233:35716, bdb27072-dd00-4d3b-a7da-41600e490ca3:192.168.157.233:42906, f6cfa8a2-85ff-4bb9-a246-101c53d2d47b:192.168.157.233:44618], old=null
2019-10-25 11:08:03,029 [f6cfa8a2-85ff-4bb9-a246-101c53d2d47b@group-49E82E920F3F-LeaderElection628] INFO  impl.LeaderElection (LogUtils.java:infoOrTrace(149)) -   Exception 0: {}
java.util.concurrent.ExecutionException: org.apache.ratis.thirdparty.io.grpc.StatusRuntimeException: UNAVAILABLE: io exception
	at java.util.concurrent.FutureTask.report(FutureTask.java:122)
	at java.util.concurrent.FutureTask.get(FutureTask.java:192)
	at org.apache.ratis.server.impl.LeaderElection.waitForResults(LeaderElection.java:259)
	at org.apache.ratis.server.impl.LeaderElection.askForVotes(LeaderElection.java:197)
	at org.apache.ratis.server.impl.LeaderElection.run(LeaderElection.java:133)
	at java.lang.Thread.run(Thread.java:748)
Caused by: org.apache.ratis.thirdparty.io.grpc.StatusRuntimeException: UNAVAILABLE: io exception
	at org.apache.ratis.thirdparty.io.grpc.stub.ClientCalls.toStatusRuntimeException(ClientCalls.java:233)
	at org.apache.ratis.thirdparty.io.grpc.stub.ClientCalls.getUnchecked(ClientCalls.java:214)
	at org.apache.ratis.thirdparty.io.grpc.stub.ClientCalls.blockingUnaryCall(ClientCalls.java:139)
	at org.apache.ratis.proto.grpc.RaftServerProtocolServiceGrpc$RaftServerProtocolServiceBlockingStub.requestVote(RaftServerProtocolServiceGrpc.java:265)
	at org.apache.ratis.grpc.server.GrpcServerProtocolClient.requestVote(GrpcServerProtocolClient.java:99)
	at org.apache.ratis.grpc.server.GrpcService.requestVote(GrpcService.java:204)
	at org.apache.ratis.server.impl.LeaderElection.lambda$submitRequests$1(LeaderElection.java:234)
	at java.util.concurrent.FutureTask.run(FutureTask.java:266)
	at java.util.concurrent.Executors$RunnableAdapter.call(Executors.java:511)
	at java.util.concurrent.FutureTask.run(FutureTask.java:266)
	at java.util.concurrent.ThreadPoolExecutor.runWorker(ThreadPoolExecutor.java:1149)
	at java.util.concurrent.ThreadPoolExecutor$Worker.run(ThreadPoolExecutor.java:624)
	... 1 more
Caused by: org.apache.ratis.thirdparty.io.netty.channel.AbstractChannel$AnnotatedConnectException: Connection refused: /192.168.157.233:42906
	at sun.nio.ch.SocketChannelImpl.checkConnect(Native Method)
	at sun.nio.ch.SocketChannelImpl.finishConnect(SocketChannelImpl.java:717)
	at org.apache.ratis.thirdparty.io.netty.channel.socket.nio.NioSocketChannel.doFinishConnect(NioSocketChannel.java:327)
	at org.apache.ratis.thirdparty.io.netty.channel.nio.AbstractNioChannel$AbstractNioUnsafe.finishConnect(AbstractNioChannel.java:340)
	at org.apache.ratis.thirdparty.io.netty.channel.nio.NioEventLoop.processSelectedKey(NioEventLoop.java:632)
	at org.apache.ratis.thirdparty.io.netty.channel.nio.NioEventLoop.processSelectedKeysOptimized(NioEventLoop.java:579)
	at org.apache.ratis.thirdparty.io.netty.channel.nio.NioEventLoop.processSelectedKeys(NioEventLoop.java:496)
	at org.apache.ratis.thirdparty.io.netty.channel.nio.NioEventLoop.run(NioEventLoop.java:458)
	at org.apache.ratis.thirdparty.io.netty.util.concurrent.SingleThreadEventExecutor$5.run(SingleThreadEventExecutor.java:897)
	at org.apache.ratis.thirdparty.io.netty.util.concurrent.FastThreadLocalRunnable.run(FastThreadLocalRunnable.java:30)
	... 1 more
Caused by: java.net.ConnectException: Connection refused
	... 11 more
2019-10-25 11:08:03,030 [f6cfa8a2-85ff-4bb9-a246-101c53d2d47b@group-49E82E920F3F-LeaderElection628] INFO  impl.LeaderElection (LogUtils.java:infoOrTrace(149)) -   Exception 1: {}
java.util.concurrent.ExecutionException: org.apache.ratis.thirdparty.io.grpc.StatusRuntimeException: UNAVAILABLE: io exception
	at java.util.concurrent.FutureTask.report(FutureTask.java:122)
	at java.util.concurrent.FutureTask.get(FutureTask.java:192)
	at org.apache.ratis.server.impl.LeaderElection.waitForResults(LeaderElection.java:259)
	at org.apache.ratis.server.impl.LeaderElection.askForVotes(LeaderElection.java:197)
	at org.apache.ratis.server.impl.LeaderElection.run(LeaderElection.java:133)
	at java.lang.Thread.run(Thread.java:748)
Caused by: org.apache.ratis.thirdparty.io.grpc.StatusRuntimeException: UNAVAILABLE: io exception
	at org.apache.ratis.thirdparty.io.grpc.stub.ClientCalls.toStatusRuntimeException(ClientCalls.java:233)
	at org.apache.ratis.thirdparty.io.grpc.stub.ClientCalls.getUnchecked(ClientCalls.java:214)
	at org.apache.ratis.thirdparty.io.grpc.stub.ClientCalls.blockingUnaryCall(ClientCalls.java:139)
	at org.apache.ratis.proto.grpc.RaftServerProtocolServiceGrpc$RaftServerProtocolServiceBlockingStub.requestVote(RaftServerProtocolServiceGrpc.java:265)
	at org.apache.ratis.grpc.server.GrpcServerProtocolClient.requestVote(GrpcServerProtocolClient.java:99)
	at org.apache.ratis.grpc.server.GrpcService.requestVote(GrpcService.java:204)
	at org.apache.ratis.server.impl.LeaderElection.lambda$submitRequests$1(LeaderElection.java:234)
	at java.util.concurrent.FutureTask.run(FutureTask.java:266)
	at java.util.concurrent.Executors$RunnableAdapter.call(Executors.java:511)
	at java.util.concurrent.FutureTask.run(FutureTask.java:266)
	at java.util.concurrent.ThreadPoolExecutor.runWorker(ThreadPoolExecutor.java:1149)
	at java.util.concurrent.ThreadPoolExecutor$Worker.run(ThreadPoolExecutor.java:624)
	... 1 more
Caused by: org.apache.ratis.thirdparty.io.netty.channel.AbstractChannel$AnnotatedConnectException: Connection refused: /192.168.157.233:35716
	at sun.nio.ch.SocketChannelImpl.checkConnect(Native Method)
	at sun.nio.ch.SocketChannelImpl.finishConnect(SocketChannelImpl.java:717)
	at org.apache.ratis.thirdparty.io.netty.channel.socket.nio.NioSocketChannel.doFinishConnect(NioSocketChannel.java:327)
	at org.apache.ratis.thirdparty.io.netty.channel.nio.AbstractNioChannel$AbstractNioUnsafe.finishConnect(AbstractNioChannel.java:340)
	at org.apache.ratis.thirdparty.io.netty.channel.nio.NioEventLoop.processSelectedKey(NioEventLoop.java:632)
	at org.apache.ratis.thirdparty.io.netty.channel.nio.NioEventLoop.processSelectedKeysOptimized(NioEventLoop.java:579)
	at org.apache.ratis.thirdparty.io.netty.channel.nio.NioEventLoop.processSelectedKeys(NioEventLoop.java:496)
	at org.apache.ratis.thirdparty.io.netty.channel.nio.NioEventLoop.run(NioEventLoop.java:458)
	at org.apache.ratis.thirdparty.io.netty.util.concurrent.SingleThreadEventExecutor$5.run(SingleThreadEventExecutor.java:897)
	at org.apache.ratis.thirdparty.io.netty.util.concurrent.FastThreadLocalRunnable.run(FastThreadLocalRunnable.java:30)
	... 1 more
Caused by: java.net.ConnectException: Connection refused
	... 11 more
2019-10-25 11:08:03,030 [f6cfa8a2-85ff-4bb9-a246-101c53d2d47b@group-49E82E920F3F-LeaderElection628] INFO  impl.RaftServerImpl (RaftServerImpl.java:setRole(184)) - f6cfa8a2-85ff-4bb9-a246-101c53d2d47b@group-49E82E920F3F: changes role from CANDIDATE to FOLLOWER at term 218 for DISCOVERED_A_NEW_TERM
2019-10-25 11:08:03,030 [f6cfa8a2-85ff-4bb9-a246-101c53d2d47b@group-49E82E920F3F-LeaderElection628] INFO  impl.RoleInfo (RoleInfo.java:shutdownLeaderElection(134)) - f6cfa8a2-85ff-4bb9-a246-101c53d2d47b: shutdown LeaderElection
2019-10-25 11:08:03,030 [f6cfa8a2-85ff-4bb9-a246-101c53d2d47b@group-49E82E920F3F-LeaderElection628] INFO  impl.RoleInfo (RoleInfo.java:updateAndGet(143)) - f6cfa8a2-85ff-4bb9-a246-101c53d2d47b: start FollowerState
2019-10-25 11:08:03,173 [Thread-5110] INFO  impl.FollowerState (FollowerState.java:run(108)) - f6cfa8a2-85ff-4bb9-a246-101c53d2d47b@group-49E82E920F3F-FollowerState: change to CANDIDATE, lastRpcTime:143ms, electionTimeout:143ms
2019-10-25 11:08:03,174 [Thread-5110] INFO  impl.RoleInfo (RoleInfo.java:shutdownFollowerState(121)) - f6cfa8a2-85ff-4bb9-a246-101c53d2d47b: shutdown FollowerState
2019-10-25 11:08:03,174 [Thread-5110] INFO  impl.RaftServerImpl (RaftServerImpl.java:setRole(184)) - f6cfa8a2-85ff-4bb9-a246-101c53d2d47b@group-49E82E920F3F: changes role from  FOLLOWER to CANDIDATE at term 218 for changeToCandidate
2019-10-25 11:08:03,174 [Thread-5110] INFO  impl.RoleInfo (RoleInfo.java:updateAndGet(143)) - f6cfa8a2-85ff-4bb9-a246-101c53d2d47b: start LeaderElection
2019-10-25 11:08:03,188 [f6cfa8a2-85ff-4bb9-a246-101c53d2d47b@group-49E82E920F3F-LeaderElection629] INFO  impl.LeaderElection (LeaderElection.java:askForVotes(178)) - f6cfa8a2-85ff-4bb9-a246-101c53d2d47b@group-49E82E920F3F-LeaderElection629: begin an election at term 219 for -1: [7fad1e98-7a6b-4998-a30c-ec1ab88068bc:192.168.157.233:35716, bdb27072-dd00-4d3b-a7da-41600e490ca3:192.168.157.233:42906, f6cfa8a2-85ff-4bb9-a246-101c53d2d47b:192.168.157.233:44618], old=null
2019-10-25 11:08:03,189 [f6cfa8a2-85ff-4bb9-a246-101c53d2d47b@group-49E82E920F3F-LeaderElection629] INFO  impl.LeaderElection (LogUtils.java:infoOrTrace(149)) - f6cfa8a2-85ff-4bb9-a246-101c53d2d47b@group-49E82E920F3F-LeaderElection629 got exception when requesting votes: {}
java.util.concurrent.ExecutionException: org.apache.ratis.thirdparty.io.grpc.StatusRuntimeException: UNAVAILABLE: io exception
	at java.util.concurrent.FutureTask.report(FutureTask.java:122)
	at java.util.concurrent.FutureTask.get(FutureTask.java:192)
	at org.apache.ratis.server.impl.LeaderElection.waitForResults(LeaderElection.java:259)
	at org.apache.ratis.server.impl.LeaderElection.askForVotes(LeaderElection.java:197)
	at org.apache.ratis.server.impl.LeaderElection.run(LeaderElection.java:133)
	at java.lang.Thread.run(Thread.java:748)
Caused by: org.apache.ratis.thirdparty.io.grpc.StatusRuntimeException: UNAVAILABLE: io exception
	at org.apache.ratis.thirdparty.io.grpc.stub.ClientCalls.toStatusRuntimeException(ClientCalls.java:233)
	at org.apache.ratis.thirdparty.io.grpc.stub.ClientCalls.getUnchecked(ClientCalls.java:214)
	at org.apache.ratis.thirdparty.io.grpc.stub.ClientCalls.blockingUnaryCall(ClientCalls.java:139)
	at org.apache.ratis.proto.grpc.RaftServerProtocolServiceGrpc$RaftServerProtocolServiceBlockingStub.requestVote(RaftServerProtocolServiceGrpc.java:265)
	at org.apache.ratis.grpc.server.GrpcServerProtocolClient.requestVote(GrpcServerProtocolClient.java:99)
	at org.apache.ratis.grpc.server.GrpcService.requestVote(GrpcService.java:204)
	at org.apache.ratis.server.impl.LeaderElection.lambda$submitRequests$1(LeaderElection.java:234)
	at java.util.concurrent.FutureTask.run(FutureTask.java:266)
	at java.util.concurrent.Executors$RunnableAdapter.call(Executors.java:511)
	at java.util.concurrent.FutureTask.run(FutureTask.java:266)
	at java.util.concurrent.ThreadPoolExecutor.runWorker(ThreadPoolExecutor.java:1149)
	at java.util.concurrent.ThreadPoolExecutor$Worker.run(ThreadPoolExecutor.java:624)
	... 1 more
Caused by: org.apache.ratis.thirdparty.io.netty.channel.AbstractChannel$AnnotatedConnectException: Connection refused: /192.168.157.233:42906
	at sun.nio.ch.SocketChannelImpl.checkConnect(Native Method)
	at sun.nio.ch.SocketChannelImpl.finishConnect(SocketChannelImpl.java:717)
	at org.apache.ratis.thirdparty.io.netty.channel.socket.nio.NioSocketChannel.doFinishConnect(NioSocketChannel.java:327)
	at org.apache.ratis.thirdparty.io.netty.channel.nio.AbstractNioChannel$AbstractNioUnsafe.finishConnect(AbstractNioChannel.java:340)
	at org.apache.ratis.thirdparty.io.netty.channel.nio.NioEventLoop.processSelectedKey(NioEventLoop.java:632)
	at org.apache.ratis.thirdparty.io.netty.channel.nio.NioEventLoop.processSelectedKeysOptimized(NioEventLoop.java:579)
	at org.apache.ratis.thirdparty.io.netty.channel.nio.NioEventLoop.processSelectedKeys(NioEventLoop.java:496)
	at org.apache.ratis.thirdparty.io.netty.channel.nio.NioEventLoop.run(NioEventLoop.java:458)
	at org.apache.ratis.thirdparty.io.netty.util.concurrent.SingleThreadEventExecutor$5.run(SingleThreadEventExecutor.java:897)
	at org.apache.ratis.thirdparty.io.netty.util.concurrent.FastThreadLocalRunnable.run(FastThreadLocalRunnable.java:30)
	... 1 more
Caused by: java.net.ConnectException: Connection refused
	... 11 more
2019-10-25 11:08:03,189 [f6cfa8a2-85ff-4bb9-a246-101c53d2d47b@group-49E82E920F3F-LeaderElection629] INFO  impl.LeaderElection (LogUtils.java:infoOrTrace(149)) - f6cfa8a2-85ff-4bb9-a246-101c53d2d47b@group-49E82E920F3F-LeaderElection629 got exception when requesting votes: {}
java.util.concurrent.ExecutionException: org.apache.ratis.thirdparty.io.grpc.StatusRuntimeException: UNAVAILABLE: io exception
	at java.util.concurrent.FutureTask.report(FutureTask.java:122)
	at java.util.concurrent.FutureTask.get(FutureTask.java:192)
	at org.apache.ratis.server.impl.LeaderElection.waitForResults(LeaderElection.java:259)
	at org.apache.ratis.server.impl.LeaderElection.askForVotes(LeaderElection.java:197)
	at org.apache.ratis.server.impl.LeaderElection.run(LeaderElection.java:133)
	at java.lang.Thread.run(Thread.java:748)
Caused by: org.apache.ratis.thirdparty.io.grpc.StatusRuntimeException: UNAVAILABLE: io exception
	at org.apache.ratis.thirdparty.io.grpc.stub.ClientCalls.toStatusRuntimeException(ClientCalls.java:233)
	at org.apache.ratis.thirdparty.io.grpc.stub.ClientCalls.getUnchecked(ClientCalls.java:214)
	at org.apache.ratis.thirdparty.io.grpc.stub.ClientCalls.blockingUnaryCall(ClientCalls.java:139)
	at org.apache.ratis.proto.grpc.RaftServerProtocolServiceGrpc$RaftServerProtocolServiceBlockingStub.requestVote(RaftServerProtocolServiceGrpc.java:265)
	at org.apache.ratis.grpc.server.GrpcServerProtocolClient.requestVote(GrpcServerProtocolClient.java:99)
	at org.apache.ratis.grpc.server.GrpcService.requestVote(GrpcService.java:204)
	at org.apache.ratis.server.impl.LeaderElection.lambda$submitRequests$1(LeaderElection.java:234)
	at java.util.concurrent.FutureTask.run(FutureTask.java:266)
	at java.util.concurrent.Executors$RunnableAdapter.call(Executors.java:511)
	at java.util.concurrent.FutureTask.run(FutureTask.java:266)
	at java.util.concurrent.ThreadPoolExecutor.runWorker(ThreadPoolExecutor.java:1149)
	at java.util.concurrent.ThreadPoolExecutor$Worker.run(ThreadPoolExecutor.java:624)
	... 1 more
Caused by: org.apache.ratis.thirdparty.io.netty.channel.AbstractChannel$AnnotatedConnectException: Connection refused: /192.168.157.233:35716
	at sun.nio.ch.SocketChannelImpl.checkConnect(Native Method)
	at sun.nio.ch.SocketChannelImpl.finishConnect(SocketChannelImpl.java:717)
	at org.apache.ratis.thirdparty.io.netty.channel.socket.nio.NioSocketChannel.doFinishConnect(NioSocketChannel.java:327)
	at org.apache.ratis.thirdparty.io.netty.channel.nio.AbstractNioChannel$AbstractNioUnsafe.finishConnect(AbstractNioChannel.java:340)
	at org.apache.ratis.thirdparty.io.netty.channel.nio.NioEventLoop.processSelectedKey(NioEventLoop.java:632)
	at org.apache.ratis.thirdparty.io.netty.channel.nio.NioEventLoop.processSelectedKeysOptimized(NioEventLoop.java:579)
	at org.apache.ratis.thirdparty.io.netty.channel.nio.NioEventLoop.processSelectedKeys(NioEventLoop.java:496)
	at org.apache.ratis.thirdparty.io.netty.channel.nio.NioEventLoop.run(NioEventLoop.java:458)
	at org.apache.ratis.thirdparty.io.netty.util.concurrent.SingleThreadEventExecutor$5.run(SingleThreadEventExecutor.java:897)
	at org.apache.ratis.thirdparty.io.netty.util.concurrent.FastThreadLocalRunnable.run(FastThreadLocalRunnable.java:30)
	... 1 more
Caused by: java.net.ConnectException: Connection refused
	... 11 more
2019-10-25 11:08:03,190 [f6cfa8a2-85ff-4bb9-a246-101c53d2d47b@group-49E82E920F3F-LeaderElection629] INFO  impl.LeaderElection (LeaderElection.java:logAndReturn(56)) - f6cfa8a2-85ff-4bb9-a246-101c53d2d47b@group-49E82E920F3F-LeaderElection629: Election REJECTED; received 0 response(s) [] and 2 exception(s); f6cfa8a2-85ff-4bb9-a246-101c53d2d47b@group-49E82E920F3F:t219, leader=null, voted=f6cfa8a2-85ff-4bb9-a246-101c53d2d47b, raftlog=f6cfa8a2-85ff-4bb9-a246-101c53d2d47b@group-49E82E920F3F-SegmentedRaftLog:OPENED:c-1,f-1,i0, conf=-1: [7fad1e98-7a6b-4998-a30c-ec1ab88068bc:192.168.157.233:35716, bdb27072-dd00-4d3b-a7da-41600e490ca3:192.168.157.233:42906, f6cfa8a2-85ff-4bb9-a246-101c53d2d47b:192.168.157.233:44618], old=null
2019-10-25 11:08:03,190 [f6cfa8a2-85ff-4bb9-a246-101c53d2d47b@group-49E82E920F3F-LeaderElection629] INFO  impl.LeaderElection (LogUtils.java:infoOrTrace(149)) -   Exception 0: {}
java.util.concurrent.ExecutionException: org.apache.ratis.thirdparty.io.grpc.StatusRuntimeException: UNAVAILABLE: io exception
	at java.util.concurrent.FutureTask.report(FutureTask.java:122)
	at java.util.concurrent.FutureTask.get(FutureTask.java:192)
	at org.apache.ratis.server.impl.LeaderElection.waitForResults(LeaderElection.java:259)
	at org.apache.ratis.server.impl.LeaderElection.askForVotes(LeaderElection.java:197)
	at org.apache.ratis.server.impl.LeaderElection.run(LeaderElection.java:133)
	at java.lang.Thread.run(Thread.java:748)
Caused by: org.apache.ratis.thirdparty.io.grpc.StatusRuntimeException: UNAVAILABLE: io exception
	at org.apache.ratis.thirdparty.io.grpc.stub.ClientCalls.toStatusRuntimeException(ClientCalls.java:233)
	at org.apache.ratis.thirdparty.io.grpc.stub.ClientCalls.getUnchecked(ClientCalls.java:214)
	at org.apache.ratis.thirdparty.io.grpc.stub.ClientCalls.blockingUnaryCall(ClientCalls.java:139)
	at org.apache.ratis.proto.grpc.RaftServerProtocolServiceGrpc$RaftServerProtocolServiceBlockingStub.requestVote(RaftServerProtocolServiceGrpc.java:265)
	at org.apache.ratis.grpc.server.GrpcServerProtocolClient.requestVote(GrpcServerProtocolClient.java:99)
	at org.apache.ratis.grpc.server.GrpcService.requestVote(GrpcService.java:204)
	at org.apache.ratis.server.impl.LeaderElection.lambda$submitRequests$1(LeaderElection.java:234)
	at java.util.concurrent.FutureTask.run(FutureTask.java:266)
	at java.util.concurrent.Executors$RunnableAdapter.call(Executors.java:511)
	at java.util.concurrent.FutureTask.run(FutureTask.java:266)
	at java.util.concurrent.ThreadPoolExecutor.runWorker(ThreadPoolExecutor.java:1149)
	at java.util.concurrent.ThreadPoolExecutor$Worker.run(ThreadPoolExecutor.java:624)
	... 1 more
Caused by: org.apache.ratis.thirdparty.io.netty.channel.AbstractChannel$AnnotatedConnectException: Connection refused: /192.168.157.233:42906
	at sun.nio.ch.SocketChannelImpl.checkConnect(Native Method)
	at sun.nio.ch.SocketChannelImpl.finishConnect(SocketChannelImpl.java:717)
	at org.apache.ratis.thirdparty.io.netty.channel.socket.nio.NioSocketChannel.doFinishConnect(NioSocketChannel.java:327)
	at org.apache.ratis.thirdparty.io.netty.channel.nio.AbstractNioChannel$AbstractNioUnsafe.finishConnect(AbstractNioChannel.java:340)
	at org.apache.ratis.thirdparty.io.netty.channel.nio.NioEventLoop.processSelectedKey(NioEventLoop.java:632)
	at org.apache.ratis.thirdparty.io.netty.channel.nio.NioEventLoop.processSelectedKeysOptimized(NioEventLoop.java:579)
	at org.apache.ratis.thirdparty.io.netty.channel.nio.NioEventLoop.processSelectedKeys(NioEventLoop.java:496)
	at org.apache.ratis.thirdparty.io.netty.channel.nio.NioEventLoop.run(NioEventLoop.java:458)
	at org.apache.ratis.thirdparty.io.netty.util.concurrent.SingleThreadEventExecutor$5.run(SingleThreadEventExecutor.java:897)
	at org.apache.ratis.thirdparty.io.netty.util.concurrent.FastThreadLocalRunnable.run(FastThreadLocalRunnable.java:30)
	... 1 more
Caused by: java.net.ConnectException: Connection refused
	... 11 more
2019-10-25 11:08:03,190 [f6cfa8a2-85ff-4bb9-a246-101c53d2d47b@group-49E82E920F3F-LeaderElection629] INFO  impl.LeaderElection (LogUtils.java:infoOrTrace(149)) -   Exception 1: {}
java.util.concurrent.ExecutionException: org.apache.ratis.thirdparty.io.grpc.StatusRuntimeException: UNAVAILABLE: io exception
	at java.util.concurrent.FutureTask.report(FutureTask.java:122)
	at java.util.concurrent.FutureTask.get(FutureTask.java:192)
	at org.apache.ratis.server.impl.LeaderElection.waitForResults(LeaderElection.java:259)
	at org.apache.ratis.server.impl.LeaderElection.askForVotes(LeaderElection.java:197)
	at org.apache.ratis.server.impl.LeaderElection.run(LeaderElection.java:133)
	at java.lang.Thread.run(Thread.java:748)
Caused by: org.apache.ratis.thirdparty.io.grpc.StatusRuntimeException: UNAVAILABLE: io exception
	at org.apache.ratis.thirdparty.io.grpc.stub.ClientCalls.toStatusRuntimeException(ClientCalls.java:233)
	at org.apache.ratis.thirdparty.io.grpc.stub.ClientCalls.getUnchecked(ClientCalls.java:214)
	at org.apache.ratis.thirdparty.io.grpc.stub.ClientCalls.blockingUnaryCall(ClientCalls.java:139)
	at org.apache.ratis.proto.grpc.RaftServerProtocolServiceGrpc$RaftServerProtocolServiceBlockingStub.requestVote(RaftServerProtocolServiceGrpc.java:265)
	at org.apache.ratis.grpc.server.GrpcServerProtocolClient.requestVote(GrpcServerProtocolClient.java:99)
	at org.apache.ratis.grpc.server.GrpcService.requestVote(GrpcService.java:204)
	at org.apache.ratis.server.impl.LeaderElection.lambda$submitRequests$1(LeaderElection.java:234)
	at java.util.concurrent.FutureTask.run(FutureTask.java:266)
	at java.util.concurrent.Executors$RunnableAdapter.call(Executors.java:511)
	at java.util.concurrent.FutureTask.run(FutureTask.java:266)
	at java.util.concurrent.ThreadPoolExecutor.runWorker(ThreadPoolExecutor.java:1149)
	at java.util.concurrent.ThreadPoolExecutor$Worker.run(ThreadPoolExecutor.java:624)
	... 1 more
Caused by: org.apache.ratis.thirdparty.io.netty.channel.AbstractChannel$AnnotatedConnectException: Connection refused: /192.168.157.233:35716
	at sun.nio.ch.SocketChannelImpl.checkConnect(Native Method)
	at sun.nio.ch.SocketChannelImpl.finishConnect(SocketChannelImpl.java:717)
	at org.apache.ratis.thirdparty.io.netty.channel.socket.nio.NioSocketChannel.doFinishConnect(NioSocketChannel.java:327)
	at org.apache.ratis.thirdparty.io.netty.channel.nio.AbstractNioChannel$AbstractNioUnsafe.finishConnect(AbstractNioChannel.java:340)
	at org.apache.ratis.thirdparty.io.netty.channel.nio.NioEventLoop.processSelectedKey(NioEventLoop.java:632)
	at org.apache.ratis.thirdparty.io.netty.channel.nio.NioEventLoop.processSelectedKeysOptimized(NioEventLoop.java:579)
	at org.apache.ratis.thirdparty.io.netty.channel.nio.NioEventLoop.processSelectedKeys(NioEventLoop.java:496)
	at org.apache.ratis.thirdparty.io.netty.channel.nio.NioEventLoop.run(NioEventLoop.java:458)
	at org.apache.ratis.thirdparty.io.netty.util.concurrent.SingleThreadEventExecutor$5.run(SingleThreadEventExecutor.java:897)
	at org.apache.ratis.thirdparty.io.netty.util.concurrent.FastThreadLocalRunnable.run(FastThreadLocalRunnable.java:30)
	... 1 more
Caused by: java.net.ConnectException: Connection refused
	... 11 more
2019-10-25 11:08:03,191 [f6cfa8a2-85ff-4bb9-a246-101c53d2d47b@group-49E82E920F3F-LeaderElection629] INFO  impl.RaftServerImpl (RaftServerImpl.java:setRole(184)) - f6cfa8a2-85ff-4bb9-a246-101c53d2d47b@group-49E82E920F3F: changes role from CANDIDATE to FOLLOWER at term 219 for DISCOVERED_A_NEW_TERM
2019-10-25 11:08:03,191 [f6cfa8a2-85ff-4bb9-a246-101c53d2d47b@group-49E82E920F3F-LeaderElection629] INFO  impl.RoleInfo (RoleInfo.java:shutdownLeaderElection(134)) - f6cfa8a2-85ff-4bb9-a246-101c53d2d47b: shutdown LeaderElection
2019-10-25 11:08:03,191 [f6cfa8a2-85ff-4bb9-a246-101c53d2d47b@group-49E82E920F3F-LeaderElection629] INFO  impl.RoleInfo (RoleInfo.java:updateAndGet(143)) - f6cfa8a2-85ff-4bb9-a246-101c53d2d47b: start FollowerState
2019-10-25 11:08:03,314 [Thread-5114] INFO  impl.FollowerState (FollowerState.java:run(108)) - f6cfa8a2-85ff-4bb9-a246-101c53d2d47b@group-49E82E920F3F-FollowerState: change to CANDIDATE, lastRpcTime:123ms, electionTimeout:123ms
2019-10-25 11:08:03,314 [Thread-5114] INFO  impl.RoleInfo (RoleInfo.java:shutdownFollowerState(121)) - f6cfa8a2-85ff-4bb9-a246-101c53d2d47b: shutdown FollowerState
2019-10-25 11:08:03,314 [Thread-5114] INFO  impl.RaftServerImpl (RaftServerImpl.java:setRole(184)) - f6cfa8a2-85ff-4bb9-a246-101c53d2d47b@group-49E82E920F3F: changes role from  FOLLOWER to CANDIDATE at term 219 for changeToCandidate
2019-10-25 11:08:03,315 [Thread-5114] INFO  impl.RoleInfo (RoleInfo.java:updateAndGet(143)) - f6cfa8a2-85ff-4bb9-a246-101c53d2d47b: start LeaderElection
2019-10-25 11:08:03,328 [f6cfa8a2-85ff-4bb9-a246-101c53d2d47b@group-49E82E920F3F-LeaderElection630] INFO  impl.LeaderElection (LeaderElection.java:askForVotes(178)) - f6cfa8a2-85ff-4bb9-a246-101c53d2d47b@group-49E82E920F3F-LeaderElection630: begin an election at term 220 for -1: [7fad1e98-7a6b-4998-a30c-ec1ab88068bc:192.168.157.233:35716, bdb27072-dd00-4d3b-a7da-41600e490ca3:192.168.157.233:42906, f6cfa8a2-85ff-4bb9-a246-101c53d2d47b:192.168.157.233:44618], old=null
2019-10-25 11:08:03,329 [f6cfa8a2-85ff-4bb9-a246-101c53d2d47b@group-49E82E920F3F-LeaderElection630] INFO  impl.LeaderElection (LogUtils.java:infoOrTrace(149)) - f6cfa8a2-85ff-4bb9-a246-101c53d2d47b@group-49E82E920F3F-LeaderElection630 got exception when requesting votes: {}
java.util.concurrent.ExecutionException: org.apache.ratis.thirdparty.io.grpc.StatusRuntimeException: UNAVAILABLE: io exception
	at java.util.concurrent.FutureTask.report(FutureTask.java:122)
	at java.util.concurrent.FutureTask.get(FutureTask.java:192)
	at org.apache.ratis.server.impl.LeaderElection.waitForResults(LeaderElection.java:259)
	at org.apache.ratis.server.impl.LeaderElection.askForVotes(LeaderElection.java:197)
	at org.apache.ratis.server.impl.LeaderElection.run(LeaderElection.java:133)
	at java.lang.Thread.run(Thread.java:748)
Caused by: org.apache.ratis.thirdparty.io.grpc.StatusRuntimeException: UNAVAILABLE: io exception
	at org.apache.ratis.thirdparty.io.grpc.stub.ClientCalls.toStatusRuntimeException(ClientCalls.java:233)
	at org.apache.ratis.thirdparty.io.grpc.stub.ClientCalls.getUnchecked(ClientCalls.java:214)
	at org.apache.ratis.thirdparty.io.grpc.stub.ClientCalls.blockingUnaryCall(ClientCalls.java:139)
	at org.apache.ratis.proto.grpc.RaftServerProtocolServiceGrpc$RaftServerProtocolServiceBlockingStub.requestVote(RaftServerProtocolServiceGrpc.java:265)
	at org.apache.ratis.grpc.server.GrpcServerProtocolClient.requestVote(GrpcServerProtocolClient.java:99)
	at org.apache.ratis.grpc.server.GrpcService.requestVote(GrpcService.java:204)
	at org.apache.ratis.server.impl.LeaderElection.lambda$submitRequests$1(LeaderElection.java:234)
	at java.util.concurrent.FutureTask.run(FutureTask.java:266)
	at java.util.concurrent.Executors$RunnableAdapter.call(Executors.java:511)
	at java.util.concurrent.FutureTask.run(FutureTask.java:266)
	at java.util.concurrent.ThreadPoolExecutor.runWorker(ThreadPoolExecutor.java:1149)
	at java.util.concurrent.ThreadPoolExecutor$Worker.run(ThreadPoolExecutor.java:624)
	... 1 more
Caused by: org.apache.ratis.thirdparty.io.netty.channel.AbstractChannel$AnnotatedConnectException: Connection refused: /192.168.157.233:42906
	at sun.nio.ch.SocketChannelImpl.checkConnect(Native Method)
	at sun.nio.ch.SocketChannelImpl.finishConnect(SocketChannelImpl.java:717)
	at org.apache.ratis.thirdparty.io.netty.channel.socket.nio.NioSocketChannel.doFinishConnect(NioSocketChannel.java:327)
	at org.apache.ratis.thirdparty.io.netty.channel.nio.AbstractNioChannel$AbstractNioUnsafe.finishConnect(AbstractNioChannel.java:340)
	at org.apache.ratis.thirdparty.io.netty.channel.nio.NioEventLoop.processSelectedKey(NioEventLoop.java:632)
	at org.apache.ratis.thirdparty.io.netty.channel.nio.NioEventLoop.processSelectedKeysOptimized(NioEventLoop.java:579)
	at org.apache.ratis.thirdparty.io.netty.channel.nio.NioEventLoop.processSelectedKeys(NioEventLoop.java:496)
	at org.apache.ratis.thirdparty.io.netty.channel.nio.NioEventLoop.run(NioEventLoop.java:458)
	at org.apache.ratis.thirdparty.io.netty.util.concurrent.SingleThreadEventExecutor$5.run(SingleThreadEventExecutor.java:897)
	at org.apache.ratis.thirdparty.io.netty.util.concurrent.FastThreadLocalRunnable.run(FastThreadLocalRunnable.java:30)
	... 1 more
Caused by: java.net.ConnectException: Connection refused
	... 11 more
2019-10-25 11:08:03,329 [f6cfa8a2-85ff-4bb9-a246-101c53d2d47b@group-49E82E920F3F-LeaderElection630] INFO  impl.LeaderElection (LogUtils.java:infoOrTrace(149)) - f6cfa8a2-85ff-4bb9-a246-101c53d2d47b@group-49E82E920F3F-LeaderElection630 got exception when requesting votes: {}
java.util.concurrent.ExecutionException: org.apache.ratis.thirdparty.io.grpc.StatusRuntimeException: UNAVAILABLE: io exception
	at java.util.concurrent.FutureTask.report(FutureTask.java:122)
	at java.util.concurrent.FutureTask.get(FutureTask.java:192)
	at org.apache.ratis.server.impl.LeaderElection.waitForResults(LeaderElection.java:259)
	at org.apache.ratis.server.impl.LeaderElection.askForVotes(LeaderElection.java:197)
	at org.apache.ratis.server.impl.LeaderElection.run(LeaderElection.java:133)
	at java.lang.Thread.run(Thread.java:748)
Caused by: org.apache.ratis.thirdparty.io.grpc.StatusRuntimeException: UNAVAILABLE: io exception
	at org.apache.ratis.thirdparty.io.grpc.stub.ClientCalls.toStatusRuntimeException(ClientCalls.java:233)
	at org.apache.ratis.thirdparty.io.grpc.stub.ClientCalls.getUnchecked(ClientCalls.java:214)
	at org.apache.ratis.thirdparty.io.grpc.stub.ClientCalls.blockingUnaryCall(ClientCalls.java:139)
	at org.apache.ratis.proto.grpc.RaftServerProtocolServiceGrpc$RaftServerProtocolServiceBlockingStub.requestVote(RaftServerProtocolServiceGrpc.java:265)
	at org.apache.ratis.grpc.server.GrpcServerProtocolClient.requestVote(GrpcServerProtocolClient.java:99)
	at org.apache.ratis.grpc.server.GrpcService.requestVote(GrpcService.java:204)
	at org.apache.ratis.server.impl.LeaderElection.lambda$submitRequests$1(LeaderElection.java:234)
	at java.util.concurrent.FutureTask.run(FutureTask.java:266)
	at java.util.concurrent.Executors$RunnableAdapter.call(Executors.java:511)
	at java.util.concurrent.FutureTask.run(FutureTask.java:266)
	at java.util.concurrent.ThreadPoolExecutor.runWorker(ThreadPoolExecutor.java:1149)
	at java.util.concurrent.ThreadPoolExecutor$Worker.run(ThreadPoolExecutor.java:624)
	... 1 more
Caused by: org.apache.ratis.thirdparty.io.netty.channel.AbstractChannel$AnnotatedConnectException: Connection refused: /192.168.157.233:35716
	at sun.nio.ch.SocketChannelImpl.checkConnect(Native Method)
	at sun.nio.ch.SocketChannelImpl.finishConnect(SocketChannelImpl.java:717)
	at org.apache.ratis.thirdparty.io.netty.channel.socket.nio.NioSocketChannel.doFinishConnect(NioSocketChannel.java:327)
	at org.apache.ratis.thirdparty.io.netty.channel.nio.AbstractNioChannel$AbstractNioUnsafe.finishConnect(AbstractNioChannel.java:340)
	at org.apache.ratis.thirdparty.io.netty.channel.nio.NioEventLoop.processSelectedKey(NioEventLoop.java:632)
	at org.apache.ratis.thirdparty.io.netty.channel.nio.NioEventLoop.processSelectedKeysOptimized(NioEventLoop.java:579)
	at org.apache.ratis.thirdparty.io.netty.channel.nio.NioEventLoop.processSelectedKeys(NioEventLoop.java:496)
	at org.apache.ratis.thirdparty.io.netty.channel.nio.NioEventLoop.run(NioEventLoop.java:458)
	at org.apache.ratis.thirdparty.io.netty.util.concurrent.SingleThreadEventExecutor$5.run(SingleThreadEventExecutor.java:897)
	at org.apache.ratis.thirdparty.io.netty.util.concurrent.FastThreadLocalRunnable.run(FastThreadLocalRunnable.java:30)
	... 1 more
Caused by: java.net.ConnectException: Connection refused
	... 11 more
2019-10-25 11:08:03,329 [f6cfa8a2-85ff-4bb9-a246-101c53d2d47b@group-49E82E920F3F-LeaderElection630] INFO  impl.LeaderElection (LeaderElection.java:logAndReturn(56)) - f6cfa8a2-85ff-4bb9-a246-101c53d2d47b@group-49E82E920F3F-LeaderElection630: Election REJECTED; received 0 response(s) [] and 2 exception(s); f6cfa8a2-85ff-4bb9-a246-101c53d2d47b@group-49E82E920F3F:t220, leader=null, voted=f6cfa8a2-85ff-4bb9-a246-101c53d2d47b, raftlog=f6cfa8a2-85ff-4bb9-a246-101c53d2d47b@group-49E82E920F3F-SegmentedRaftLog:OPENED:c-1,f-1,i0, conf=-1: [7fad1e98-7a6b-4998-a30c-ec1ab88068bc:192.168.157.233:35716, bdb27072-dd00-4d3b-a7da-41600e490ca3:192.168.157.233:42906, f6cfa8a2-85ff-4bb9-a246-101c53d2d47b:192.168.157.233:44618], old=null
2019-10-25 11:08:03,329 [f6cfa8a2-85ff-4bb9-a246-101c53d2d47b@group-49E82E920F3F-LeaderElection630] INFO  impl.LeaderElection (LogUtils.java:infoOrTrace(149)) -   Exception 0: {}
java.util.concurrent.ExecutionException: org.apache.ratis.thirdparty.io.grpc.StatusRuntimeException: UNAVAILABLE: io exception
	at java.util.concurrent.FutureTask.report(FutureTask.java:122)
	at java.util.concurrent.FutureTask.get(FutureTask.java:192)
	at org.apache.ratis.server.impl.LeaderElection.waitForResults(LeaderElection.java:259)
	at org.apache.ratis.server.impl.LeaderElection.askForVotes(LeaderElection.java:197)
	at org.apache.ratis.server.impl.LeaderElection.run(LeaderElection.java:133)
	at java.lang.Thread.run(Thread.java:748)
Caused by: org.apache.ratis.thirdparty.io.grpc.StatusRuntimeException: UNAVAILABLE: io exception
	at org.apache.ratis.thirdparty.io.grpc.stub.ClientCalls.toStatusRuntimeException(ClientCalls.java:233)
	at org.apache.ratis.thirdparty.io.grpc.stub.ClientCalls.getUnchecked(ClientCalls.java:214)
	at org.apache.ratis.thirdparty.io.grpc.stub.ClientCalls.blockingUnaryCall(ClientCalls.java:139)
	at org.apache.ratis.proto.grpc.RaftServerProtocolServiceGrpc$RaftServerProtocolServiceBlockingStub.requestVote(RaftServerProtocolServiceGrpc.java:265)
	at org.apache.ratis.grpc.server.GrpcServerProtocolClient.requestVote(GrpcServerProtocolClient.java:99)
	at org.apache.ratis.grpc.server.GrpcService.requestVote(GrpcService.java:204)
	at org.apache.ratis.server.impl.LeaderElection.lambda$submitRequests$1(LeaderElection.java:234)
	at java.util.concurrent.FutureTask.run(FutureTask.java:266)
	at java.util.concurrent.Executors$RunnableAdapter.call(Executors.java:511)
	at java.util.concurrent.FutureTask.run(FutureTask.java:266)
	at java.util.concurrent.ThreadPoolExecutor.runWorker(ThreadPoolExecutor.java:1149)
	at java.util.concurrent.ThreadPoolExecutor$Worker.run(ThreadPoolExecutor.java:624)
	... 1 more
Caused by: org.apache.ratis.thirdparty.io.netty.channel.AbstractChannel$AnnotatedConnectException: Connection refused: /192.168.157.233:42906
	at sun.nio.ch.SocketChannelImpl.checkConnect(Native Method)
	at sun.nio.ch.SocketChannelImpl.finishConnect(SocketChannelImpl.java:717)
	at org.apache.ratis.thirdparty.io.netty.channel.socket.nio.NioSocketChannel.doFinishConnect(NioSocketChannel.java:327)
	at org.apache.ratis.thirdparty.io.netty.channel.nio.AbstractNioChannel$AbstractNioUnsafe.finishConnect(AbstractNioChannel.java:340)
	at org.apache.ratis.thirdparty.io.netty.channel.nio.NioEventLoop.processSelectedKey(NioEventLoop.java:632)
	at org.apache.ratis.thirdparty.io.netty.channel.nio.NioEventLoop.processSelectedKeysOptimized(NioEventLoop.java:579)
	at org.apache.ratis.thirdparty.io.netty.channel.nio.NioEventLoop.processSelectedKeys(NioEventLoop.java:496)
	at org.apache.ratis.thirdparty.io.netty.channel.nio.NioEventLoop.run(NioEventLoop.java:458)
	at org.apache.ratis.thirdparty.io.netty.util.concurrent.SingleThreadEventExecutor$5.run(SingleThreadEventExecutor.java:897)
	at org.apache.ratis.thirdparty.io.netty.util.concurrent.FastThreadLocalRunnable.run(FastThreadLocalRunnable.java:30)
	... 1 more
Caused by: java.net.ConnectException: Connection refused
	... 11 more
2019-10-25 11:08:03,329 [f6cfa8a2-85ff-4bb9-a246-101c53d2d47b@group-49E82E920F3F-LeaderElection630] INFO  impl.LeaderElection (LogUtils.java:infoOrTrace(149)) -   Exception 1: {}
java.util.concurrent.ExecutionException: org.apache.ratis.thirdparty.io.grpc.StatusRuntimeException: UNAVAILABLE: io exception
	at java.util.concurrent.FutureTask.report(FutureTask.java:122)
	at java.util.concurrent.FutureTask.get(FutureTask.java:192)
	at org.apache.ratis.server.impl.LeaderElection.waitForResults(LeaderElection.java:259)
	at org.apache.ratis.server.impl.LeaderElection.askForVotes(LeaderElection.java:197)
	at org.apache.ratis.server.impl.LeaderElection.run(LeaderElection.java:133)
	at java.lang.Thread.run(Thread.java:748)
Caused by: org.apache.ratis.thirdparty.io.grpc.StatusRuntimeException: UNAVAILABLE: io exception
	at org.apache.ratis.thirdparty.io.grpc.stub.ClientCalls.toStatusRuntimeException(ClientCalls.java:233)
	at org.apache.ratis.thirdparty.io.grpc.stub.ClientCalls.getUnchecked(ClientCalls.java:214)
	at org.apache.ratis.thirdparty.io.grpc.stub.ClientCalls.blockingUnaryCall(ClientCalls.java:139)
	at org.apache.ratis.proto.grpc.RaftServerProtocolServiceGrpc$RaftServerProtocolServiceBlockingStub.requestVote(RaftServerProtocolServiceGrpc.java:265)
	at org.apache.ratis.grpc.server.GrpcServerProtocolClient.requestVote(GrpcServerProtocolClient.java:99)
	at org.apache.ratis.grpc.server.GrpcService.requestVote(GrpcService.java:204)
	at org.apache.ratis.server.impl.LeaderElection.lambda$submitRequests$1(LeaderElection.java:234)
	at java.util.concurrent.FutureTask.run(FutureTask.java:266)
	at java.util.concurrent.Executors$RunnableAdapter.call(Executors.java:511)
	at java.util.concurrent.FutureTask.run(FutureTask.java:266)
	at java.util.concurrent.ThreadPoolExecutor.runWorker(ThreadPoolExecutor.java:1149)
	at java.util.concurrent.ThreadPoolExecutor$Worker.run(ThreadPoolExecutor.java:624)
	... 1 more
Caused by: org.apache.ratis.thirdparty.io.netty.channel.AbstractChannel$AnnotatedConnectException: Connection refused: /192.168.157.233:35716
	at sun.nio.ch.SocketChannelImpl.checkConnect(Native Method)
	at sun.nio.ch.SocketChannelImpl.finishConnect(SocketChannelImpl.java:717)
	at org.apache.ratis.thirdparty.io.netty.channel.socket.nio.NioSocketChannel.doFinishConnect(NioSocketChannel.java:327)
	at org.apache.ratis.thirdparty.io.netty.channel.nio.AbstractNioChannel$AbstractNioUnsafe.finishConnect(AbstractNioChannel.java:340)
	at org.apache.ratis.thirdparty.io.netty.channel.nio.NioEventLoop.processSelectedKey(NioEventLoop.java:632)
	at org.apache.ratis.thirdparty.io.netty.channel.nio.NioEventLoop.processSelectedKeysOptimized(NioEventLoop.java:579)
	at org.apache.ratis.thirdparty.io.netty.channel.nio.NioEventLoop.processSelectedKeys(NioEventLoop.java:496)
	at org.apache.ratis.thirdparty.io.netty.channel.nio.NioEventLoop.run(NioEventLoop.java:458)
	at org.apache.ratis.thirdparty.io.netty.util.concurrent.SingleThreadEventExecutor$5.run(SingleThreadEventExecutor.java:897)
	at org.apache.ratis.thirdparty.io.netty.util.concurrent.FastThreadLocalRunnable.run(FastThreadLocalRunnable.java:30)
	... 1 more
Caused by: java.net.ConnectException: Connection refused
	... 11 more
2019-10-25 11:08:03,330 [f6cfa8a2-85ff-4bb9-a246-101c53d2d47b@group-49E82E920F3F-LeaderElection630] INFO  impl.RaftServerImpl (RaftServerImpl.java:setRole(184)) - f6cfa8a2-85ff-4bb9-a246-101c53d2d47b@group-49E82E920F3F: changes role from CANDIDATE to FOLLOWER at term 220 for DISCOVERED_A_NEW_TERM
2019-10-25 11:08:03,330 [f6cfa8a2-85ff-4bb9-a246-101c53d2d47b@group-49E82E920F3F-LeaderElection630] INFO  impl.RoleInfo (RoleInfo.java:shutdownLeaderElection(134)) - f6cfa8a2-85ff-4bb9-a246-101c53d2d47b: shutdown LeaderElection
2019-10-25 11:08:03,330 [f6cfa8a2-85ff-4bb9-a246-101c53d2d47b@group-49E82E920F3F-LeaderElection630] INFO  impl.RoleInfo (RoleInfo.java:updateAndGet(143)) - f6cfa8a2-85ff-4bb9-a246-101c53d2d47b: start FollowerState
2019-10-25 11:08:03,469 [java.util.concurrent.ThreadPoolExecutor$Worker@3e501297[State = -1, empty queue]] WARN  server.GrpcLogAppender (GrpcLogAppender.java:timeoutAppendRequest(209)) - 8a2c850d-503a-4b6a-9325-357a6554e10c@group-B334D6EBB589->e8f52f97-4cbf-4021-bc09-65b78a9dc21b-GrpcLogAppender: appendEntries Timeout, request=8a2c850d-503a-4b6a-9325-357a6554e10c->e8f52f97-4cbf-4021-bc09-65b78a9dc21b#47-t1, previous=(t:1, i:0), leaderCommit=0, initializing? false, entries: <empty>
2019-10-25 11:08:03,482 [java.util.concurrent.ThreadPoolExecutor$Worker@33ec010c[State = -1, empty queue]] WARN  server.GrpcLogAppender (GrpcLogAppender.java:timeoutAppendRequest(209)) - 8a2c850d-503a-4b6a-9325-357a6554e10c@group-B334D6EBB589->f5dc0a75-b584-4700-be7c-7942c0d8117c-GrpcLogAppender: appendEntries Timeout, request=8a2c850d-503a-4b6a-9325-357a6554e10c->f5dc0a75-b584-4700-be7c-7942c0d8117c#47-t1, previous=(t:1, i:0), leaderCommit=0, initializing? false, entries: <empty>
2019-10-25 11:08:03,484 [Thread-5120] INFO  impl.FollowerState (FollowerState.java:run(108)) - f6cfa8a2-85ff-4bb9-a246-101c53d2d47b@group-49E82E920F3F-FollowerState: change to CANDIDATE, lastRpcTime:154ms, electionTimeout:154ms
2019-10-25 11:08:03,484 [Thread-5120] INFO  impl.RoleInfo (RoleInfo.java:shutdownFollowerState(121)) - f6cfa8a2-85ff-4bb9-a246-101c53d2d47b: shutdown FollowerState
2019-10-25 11:08:03,484 [Thread-5120] INFO  impl.RaftServerImpl (RaftServerImpl.java:setRole(184)) - f6cfa8a2-85ff-4bb9-a246-101c53d2d47b@group-49E82E920F3F: changes role from  FOLLOWER to CANDIDATE at term 220 for changeToCandidate
2019-10-25 11:08:03,485 [Thread-5120] INFO  impl.RoleInfo (RoleInfo.java:updateAndGet(143)) - f6cfa8a2-85ff-4bb9-a246-101c53d2d47b: start LeaderElection
2019-10-25 11:08:03,498 [f6cfa8a2-85ff-4bb9-a246-101c53d2d47b@group-49E82E920F3F-LeaderElection631] INFO  impl.LeaderElection (LeaderElection.java:askForVotes(178)) - f6cfa8a2-85ff-4bb9-a246-101c53d2d47b@group-49E82E920F3F-LeaderElection631: begin an election at term 221 for -1: [7fad1e98-7a6b-4998-a30c-ec1ab88068bc:192.168.157.233:35716, bdb27072-dd00-4d3b-a7da-41600e490ca3:192.168.157.233:42906, f6cfa8a2-85ff-4bb9-a246-101c53d2d47b:192.168.157.233:44618], old=null
2019-10-25 11:08:03,499 [f6cfa8a2-85ff-4bb9-a246-101c53d2d47b@group-49E82E920F3F-LeaderElection631] INFO  impl.LeaderElection (LogUtils.java:infoOrTrace(149)) - f6cfa8a2-85ff-4bb9-a246-101c53d2d47b@group-49E82E920F3F-LeaderElection631 got exception when requesting votes: {}
java.util.concurrent.ExecutionException: org.apache.ratis.thirdparty.io.grpc.StatusRuntimeException: UNAVAILABLE: io exception
	at java.util.concurrent.FutureTask.report(FutureTask.java:122)
	at java.util.concurrent.FutureTask.get(FutureTask.java:192)
	at org.apache.ratis.server.impl.LeaderElection.waitForResults(LeaderElection.java:259)
	at org.apache.ratis.server.impl.LeaderElection.askForVotes(LeaderElection.java:197)
	at org.apache.ratis.server.impl.LeaderElection.run(LeaderElection.java:133)
	at java.lang.Thread.run(Thread.java:748)
Caused by: org.apache.ratis.thirdparty.io.grpc.StatusRuntimeException: UNAVAILABLE: io exception
	at org.apache.ratis.thirdparty.io.grpc.stub.ClientCalls.toStatusRuntimeException(ClientCalls.java:233)
	at org.apache.ratis.thirdparty.io.grpc.stub.ClientCalls.getUnchecked(ClientCalls.java:214)
	at org.apache.ratis.thirdparty.io.grpc.stub.ClientCalls.blockingUnaryCall(ClientCalls.java:139)
	at org.apache.ratis.proto.grpc.RaftServerProtocolServiceGrpc$RaftServerProtocolServiceBlockingStub.requestVote(RaftServerProtocolServiceGrpc.java:265)
	at org.apache.ratis.grpc.server.GrpcServerProtocolClient.requestVote(GrpcServerProtocolClient.java:99)
	at org.apache.ratis.grpc.server.GrpcService.requestVote(GrpcService.java:204)
	at org.apache.ratis.server.impl.LeaderElection.lambda$submitRequests$1(LeaderElection.java:234)
	at java.util.concurrent.FutureTask.run(FutureTask.java:266)
	at java.util.concurrent.Executors$RunnableAdapter.call(Executors.java:511)
	at java.util.concurrent.FutureTask.run(FutureTask.java:266)
	at java.util.concurrent.ThreadPoolExecutor.runWorker(ThreadPoolExecutor.java:1149)
	at java.util.concurrent.ThreadPoolExecutor$Worker.run(ThreadPoolExecutor.java:624)
	... 1 more
Caused by: org.apache.ratis.thirdparty.io.netty.channel.AbstractChannel$AnnotatedConnectException: Connection refused: /192.168.157.233:35716
	at sun.nio.ch.SocketChannelImpl.checkConnect(Native Method)
	at sun.nio.ch.SocketChannelImpl.finishConnect(SocketChannelImpl.java:717)
	at org.apache.ratis.thirdparty.io.netty.channel.socket.nio.NioSocketChannel.doFinishConnect(NioSocketChannel.java:327)
	at org.apache.ratis.thirdparty.io.netty.channel.nio.AbstractNioChannel$AbstractNioUnsafe.finishConnect(AbstractNioChannel.java:340)
	at org.apache.ratis.thirdparty.io.netty.channel.nio.NioEventLoop.processSelectedKey(NioEventLoop.java:632)
	at org.apache.ratis.thirdparty.io.netty.channel.nio.NioEventLoop.processSelectedKeysOptimized(NioEventLoop.java:579)
	at org.apache.ratis.thirdparty.io.netty.channel.nio.NioEventLoop.processSelectedKeys(NioEventLoop.java:496)
	at org.apache.ratis.thirdparty.io.netty.channel.nio.NioEventLoop.run(NioEventLoop.java:458)
	at org.apache.ratis.thirdparty.io.netty.util.concurrent.SingleThreadEventExecutor$5.run(SingleThreadEventExecutor.java:897)
	at org.apache.ratis.thirdparty.io.netty.util.concurrent.FastThreadLocalRunnable.run(FastThreadLocalRunnable.java:30)
	... 1 more
Caused by: java.net.ConnectException: Connection refused
	... 11 more
2019-10-25 11:08:03,500 [f6cfa8a2-85ff-4bb9-a246-101c53d2d47b@group-49E82E920F3F-LeaderElection631] INFO  impl.LeaderElection (LogUtils.java:infoOrTrace(149)) - f6cfa8a2-85ff-4bb9-a246-101c53d2d47b@group-49E82E920F3F-LeaderElection631 got exception when requesting votes: {}
java.util.concurrent.ExecutionException: org.apache.ratis.thirdparty.io.grpc.StatusRuntimeException: UNAVAILABLE: io exception
	at java.util.concurrent.FutureTask.report(FutureTask.java:122)
	at java.util.concurrent.FutureTask.get(FutureTask.java:192)
	at org.apache.ratis.server.impl.LeaderElection.waitForResults(LeaderElection.java:259)
	at org.apache.ratis.server.impl.LeaderElection.askForVotes(LeaderElection.java:197)
	at org.apache.ratis.server.impl.LeaderElection.run(LeaderElection.java:133)
	at java.lang.Thread.run(Thread.java:748)
Caused by: org.apache.ratis.thirdparty.io.grpc.StatusRuntimeException: UNAVAILABLE: io exception
	at org.apache.ratis.thirdparty.io.grpc.stub.ClientCalls.toStatusRuntimeException(ClientCalls.java:233)
	at org.apache.ratis.thirdparty.io.grpc.stub.ClientCalls.getUnchecked(ClientCalls.java:214)
	at org.apache.ratis.thirdparty.io.grpc.stub.ClientCalls.blockingUnaryCall(ClientCalls.java:139)
	at org.apache.ratis.proto.grpc.RaftServerProtocolServiceGrpc$RaftServerProtocolServiceBlockingStub.requestVote(RaftServerProtocolServiceGrpc.java:265)
	at org.apache.ratis.grpc.server.GrpcServerProtocolClient.requestVote(GrpcServerProtocolClient.java:99)
	at org.apache.ratis.grpc.server.GrpcService.requestVote(GrpcService.java:204)
	at org.apache.ratis.server.impl.LeaderElection.lambda$submitRequests$1(LeaderElection.java:234)
	at java.util.concurrent.FutureTask.run(FutureTask.java:266)
	at java.util.concurrent.Executors$RunnableAdapter.call(Executors.java:511)
	at java.util.concurrent.FutureTask.run(FutureTask.java:266)
	at java.util.concurrent.ThreadPoolExecutor.runWorker(ThreadPoolExecutor.java:1149)
	at java.util.concurrent.ThreadPoolExecutor$Worker.run(ThreadPoolExecutor.java:624)
	... 1 more
Caused by: org.apache.ratis.thirdparty.io.netty.channel.AbstractChannel$AnnotatedConnectException: Connection refused: /192.168.157.233:42906
	at sun.nio.ch.SocketChannelImpl.checkConnect(Native Method)
	at sun.nio.ch.SocketChannelImpl.finishConnect(SocketChannelImpl.java:717)
	at org.apache.ratis.thirdparty.io.netty.channel.socket.nio.NioSocketChannel.doFinishConnect(NioSocketChannel.java:327)
	at org.apache.ratis.thirdparty.io.netty.channel.nio.AbstractNioChannel$AbstractNioUnsafe.finishConnect(AbstractNioChannel.java:340)
	at org.apache.ratis.thirdparty.io.netty.channel.nio.NioEventLoop.processSelectedKey(NioEventLoop.java:632)
	at org.apache.ratis.thirdparty.io.netty.channel.nio.NioEventLoop.processSelectedKeysOptimized(NioEventLoop.java:579)
	at org.apache.ratis.thirdparty.io.netty.channel.nio.NioEventLoop.processSelectedKeys(NioEventLoop.java:496)
	at org.apache.ratis.thirdparty.io.netty.channel.nio.NioEventLoop.run(NioEventLoop.java:458)
	at org.apache.ratis.thirdparty.io.netty.util.concurrent.SingleThreadEventExecutor$5.run(SingleThreadEventExecutor.java:897)
	at org.apache.ratis.thirdparty.io.netty.util.concurrent.FastThreadLocalRunnable.run(FastThreadLocalRunnable.java:30)
	... 1 more
Caused by: java.net.ConnectException: Connection refused
	... 11 more
2019-10-25 11:08:03,500 [f6cfa8a2-85ff-4bb9-a246-101c53d2d47b@group-49E82E920F3F-LeaderElection631] INFO  impl.LeaderElection (LeaderElection.java:logAndReturn(56)) - f6cfa8a2-85ff-4bb9-a246-101c53d2d47b@group-49E82E920F3F-LeaderElection631: Election REJECTED; received 0 response(s) [] and 2 exception(s); f6cfa8a2-85ff-4bb9-a246-101c53d2d47b@group-49E82E920F3F:t221, leader=null, voted=f6cfa8a2-85ff-4bb9-a246-101c53d2d47b, raftlog=f6cfa8a2-85ff-4bb9-a246-101c53d2d47b@group-49E82E920F3F-SegmentedRaftLog:OPENED:c-1,f-1,i0, conf=-1: [7fad1e98-7a6b-4998-a30c-ec1ab88068bc:192.168.157.233:35716, bdb27072-dd00-4d3b-a7da-41600e490ca3:192.168.157.233:42906, f6cfa8a2-85ff-4bb9-a246-101c53d2d47b:192.168.157.233:44618], old=null
2019-10-25 11:08:03,500 [f6cfa8a2-85ff-4bb9-a246-101c53d2d47b@group-49E82E920F3F-LeaderElection631] INFO  impl.LeaderElection (LogUtils.java:infoOrTrace(149)) -   Exception 0: {}
java.util.concurrent.ExecutionException: org.apache.ratis.thirdparty.io.grpc.StatusRuntimeException: UNAVAILABLE: io exception
	at java.util.concurrent.FutureTask.report(FutureTask.java:122)
	at java.util.concurrent.FutureTask.get(FutureTask.java:192)
	at org.apache.ratis.server.impl.LeaderElection.waitForResults(LeaderElection.java:259)
	at org.apache.ratis.server.impl.LeaderElection.askForVotes(LeaderElection.java:197)
	at org.apache.ratis.server.impl.LeaderElection.run(LeaderElection.java:133)
	at java.lang.Thread.run(Thread.java:748)
Caused by: org.apache.ratis.thirdparty.io.grpc.StatusRuntimeException: UNAVAILABLE: io exception
	at org.apache.ratis.thirdparty.io.grpc.stub.ClientCalls.toStatusRuntimeException(ClientCalls.java:233)
	at org.apache.ratis.thirdparty.io.grpc.stub.ClientCalls.getUnchecked(ClientCalls.java:214)
	at org.apache.ratis.thirdparty.io.grpc.stub.ClientCalls.blockingUnaryCall(ClientCalls.java:139)
	at org.apache.ratis.proto.grpc.RaftServerProtocolServiceGrpc$RaftServerProtocolServiceBlockingStub.requestVote(RaftServerProtocolServiceGrpc.java:265)
	at org.apache.ratis.grpc.server.GrpcServerProtocolClient.requestVote(GrpcServerProtocolClient.java:99)
	at org.apache.ratis.grpc.server.GrpcService.requestVote(GrpcService.java:204)
	at org.apache.ratis.server.impl.LeaderElection.lambda$submitRequests$1(LeaderElection.java:234)
	at java.util.concurrent.FutureTask.run(FutureTask.java:266)
	at java.util.concurrent.Executors$RunnableAdapter.call(Executors.java:511)
	at java.util.concurrent.FutureTask.run(FutureTask.java:266)
	at java.util.concurrent.ThreadPoolExecutor.runWorker(ThreadPoolExecutor.java:1149)
	at java.util.concurrent.ThreadPoolExecutor$Worker.run(ThreadPoolExecutor.java:624)
	... 1 more
Caused by: org.apache.ratis.thirdparty.io.netty.channel.AbstractChannel$AnnotatedConnectException: Connection refused: /192.168.157.233:35716
	at sun.nio.ch.SocketChannelImpl.checkConnect(Native Method)
	at sun.nio.ch.SocketChannelImpl.finishConnect(SocketChannelImpl.java:717)
	at org.apache.ratis.thirdparty.io.netty.channel.socket.nio.NioSocketChannel.doFinishConnect(NioSocketChannel.java:327)
	at org.apache.ratis.thirdparty.io.netty.channel.nio.AbstractNioChannel$AbstractNioUnsafe.finishConnect(AbstractNioChannel.java:340)
	at org.apache.ratis.thirdparty.io.netty.channel.nio.NioEventLoop.processSelectedKey(NioEventLoop.java:632)
	at org.apache.ratis.thirdparty.io.netty.channel.nio.NioEventLoop.processSelectedKeysOptimized(NioEventLoop.java:579)
	at org.apache.ratis.thirdparty.io.netty.channel.nio.NioEventLoop.processSelectedKeys(NioEventLoop.java:496)
	at org.apache.ratis.thirdparty.io.netty.channel.nio.NioEventLoop.run(NioEventLoop.java:458)
	at org.apache.ratis.thirdparty.io.netty.util.concurrent.SingleThreadEventExecutor$5.run(SingleThreadEventExecutor.java:897)
	at org.apache.ratis.thirdparty.io.netty.util.concurrent.FastThreadLocalRunnable.run(FastThreadLocalRunnable.java:30)
	... 1 more
Caused by: java.net.ConnectException: Connection refused
	... 11 more
2019-10-25 11:08:03,500 [f6cfa8a2-85ff-4bb9-a246-101c53d2d47b@group-49E82E920F3F-LeaderElection631] INFO  impl.LeaderElection (LogUtils.java:infoOrTrace(149)) -   Exception 1: {}
java.util.concurrent.ExecutionException: org.apache.ratis.thirdparty.io.grpc.StatusRuntimeException: UNAVAILABLE: io exception
	at java.util.concurrent.FutureTask.report(FutureTask.java:122)
	at java.util.concurrent.FutureTask.get(FutureTask.java:192)
	at org.apache.ratis.server.impl.LeaderElection.waitForResults(LeaderElection.java:259)
	at org.apache.ratis.server.impl.LeaderElection.askForVotes(LeaderElection.java:197)
	at org.apache.ratis.server.impl.LeaderElection.run(LeaderElection.java:133)
	at java.lang.Thread.run(Thread.java:748)
Caused by: org.apache.ratis.thirdparty.io.grpc.StatusRuntimeException: UNAVAILABLE: io exception
	at org.apache.ratis.thirdparty.io.grpc.stub.ClientCalls.toStatusRuntimeException(ClientCalls.java:233)
	at org.apache.ratis.thirdparty.io.grpc.stub.ClientCalls.getUnchecked(ClientCalls.java:214)
	at org.apache.ratis.thirdparty.io.grpc.stub.ClientCalls.blockingUnaryCall(ClientCalls.java:139)
	at org.apache.ratis.proto.grpc.RaftServerProtocolServiceGrpc$RaftServerProtocolServiceBlockingStub.requestVote(RaftServerProtocolServiceGrpc.java:265)
	at org.apache.ratis.grpc.server.GrpcServerProtocolClient.requestVote(GrpcServerProtocolClient.java:99)
	at org.apache.ratis.grpc.server.GrpcService.requestVote(GrpcService.java:204)
	at org.apache.ratis.server.impl.LeaderElection.lambda$submitRequests$1(LeaderElection.java:234)
	at java.util.concurrent.FutureTask.run(FutureTask.java:266)
	at java.util.concurrent.Executors$RunnableAdapter.call(Executors.java:511)
	at java.util.concurrent.FutureTask.run(FutureTask.java:266)
	at java.util.concurrent.ThreadPoolExecutor.runWorker(ThreadPoolExecutor.java:1149)
	at java.util.concurrent.ThreadPoolExecutor$Worker.run(ThreadPoolExecutor.java:624)
	... 1 more
Caused by: org.apache.ratis.thirdparty.io.netty.channel.AbstractChannel$AnnotatedConnectException: Connection refused: /192.168.157.233:42906
	at sun.nio.ch.SocketChannelImpl.checkConnect(Native Method)
	at sun.nio.ch.SocketChannelImpl.finishConnect(SocketChannelImpl.java:717)
	at org.apache.ratis.thirdparty.io.netty.channel.socket.nio.NioSocketChannel.doFinishConnect(NioSocketChannel.java:327)
	at org.apache.ratis.thirdparty.io.netty.channel.nio.AbstractNioChannel$AbstractNioUnsafe.finishConnect(AbstractNioChannel.java:340)
	at org.apache.ratis.thirdparty.io.netty.channel.nio.NioEventLoop.processSelectedKey(NioEventLoop.java:632)
	at org.apache.ratis.thirdparty.io.netty.channel.nio.NioEventLoop.processSelectedKeysOptimized(NioEventLoop.java:579)
	at org.apache.ratis.thirdparty.io.netty.channel.nio.NioEventLoop.processSelectedKeys(NioEventLoop.java:496)
	at org.apache.ratis.thirdparty.io.netty.channel.nio.NioEventLoop.run(NioEventLoop.java:458)
	at org.apache.ratis.thirdparty.io.netty.util.concurrent.SingleThreadEventExecutor$5.run(SingleThreadEventExecutor.java:897)
	at org.apache.ratis.thirdparty.io.netty.util.concurrent.FastThreadLocalRunnable.run(FastThreadLocalRunnable.java:30)
	... 1 more
Caused by: java.net.ConnectException: Connection refused
	... 11 more
2019-10-25 11:08:03,501 [f6cfa8a2-85ff-4bb9-a246-101c53d2d47b@group-49E82E920F3F-LeaderElection631] INFO  impl.RaftServerImpl (RaftServerImpl.java:setRole(184)) - f6cfa8a2-85ff-4bb9-a246-101c53d2d47b@group-49E82E920F3F: changes role from CANDIDATE to FOLLOWER at term 221 for DISCOVERED_A_NEW_TERM
2019-10-25 11:08:03,501 [f6cfa8a2-85ff-4bb9-a246-101c53d2d47b@group-49E82E920F3F-LeaderElection631] INFO  impl.RoleInfo (RoleInfo.java:shutdownLeaderElection(134)) - f6cfa8a2-85ff-4bb9-a246-101c53d2d47b: shutdown LeaderElection
2019-10-25 11:08:03,501 [f6cfa8a2-85ff-4bb9-a246-101c53d2d47b@group-49E82E920F3F-LeaderElection631] INFO  impl.RoleInfo (RoleInfo.java:updateAndGet(143)) - f6cfa8a2-85ff-4bb9-a246-101c53d2d47b: start FollowerState
2019-10-25 11:08:03,612 [Thread-5124] INFO  impl.FollowerState (FollowerState.java:run(108)) - f6cfa8a2-85ff-4bb9-a246-101c53d2d47b@group-49E82E920F3F-FollowerState: change to CANDIDATE, lastRpcTime:111ms, electionTimeout:111ms
2019-10-25 11:08:03,612 [Thread-5124] INFO  impl.RoleInfo (RoleInfo.java:shutdownFollowerState(121)) - f6cfa8a2-85ff-4bb9-a246-101c53d2d47b: shutdown FollowerState
2019-10-25 11:08:03,613 [Thread-5124] INFO  impl.RaftServerImpl (RaftServerImpl.java:setRole(184)) - f6cfa8a2-85ff-4bb9-a246-101c53d2d47b@group-49E82E920F3F: changes role from  FOLLOWER to CANDIDATE at term 221 for changeToCandidate
2019-10-25 11:08:03,613 [Thread-5124] INFO  impl.RoleInfo (RoleInfo.java:updateAndGet(143)) - f6cfa8a2-85ff-4bb9-a246-101c53d2d47b: start LeaderElection
2019-10-25 11:08:03,626 [f6cfa8a2-85ff-4bb9-a246-101c53d2d47b@group-49E82E920F3F-LeaderElection632] INFO  impl.LeaderElection (LeaderElection.java:askForVotes(178)) - f6cfa8a2-85ff-4bb9-a246-101c53d2d47b@group-49E82E920F3F-LeaderElection632: begin an election at term 222 for -1: [7fad1e98-7a6b-4998-a30c-ec1ab88068bc:192.168.157.233:35716, bdb27072-dd00-4d3b-a7da-41600e490ca3:192.168.157.233:42906, f6cfa8a2-85ff-4bb9-a246-101c53d2d47b:192.168.157.233:44618], old=null
2019-10-25 11:08:03,626 [f6cfa8a2-85ff-4bb9-a246-101c53d2d47b@group-49E82E920F3F-LeaderElection632] INFO  impl.LeaderElection (LogUtils.java:infoOrTrace(149)) - f6cfa8a2-85ff-4bb9-a246-101c53d2d47b@group-49E82E920F3F-LeaderElection632 got exception when requesting votes: {}
java.util.concurrent.ExecutionException: org.apache.ratis.thirdparty.io.grpc.StatusRuntimeException: UNAVAILABLE: io exception
	at java.util.concurrent.FutureTask.report(FutureTask.java:122)
	at java.util.concurrent.FutureTask.get(FutureTask.java:192)
	at org.apache.ratis.server.impl.LeaderElection.waitForResults(LeaderElection.java:259)
	at org.apache.ratis.server.impl.LeaderElection.askForVotes(LeaderElection.java:197)
	at org.apache.ratis.server.impl.LeaderElection.run(LeaderElection.java:133)
	at java.lang.Thread.run(Thread.java:748)
Caused by: org.apache.ratis.thirdparty.io.grpc.StatusRuntimeException: UNAVAILABLE: io exception
	at org.apache.ratis.thirdparty.io.grpc.stub.ClientCalls.toStatusRuntimeException(ClientCalls.java:233)
	at org.apache.ratis.thirdparty.io.grpc.stub.ClientCalls.getUnchecked(ClientCalls.java:214)
	at org.apache.ratis.thirdparty.io.grpc.stub.ClientCalls.blockingUnaryCall(ClientCalls.java:139)
	at org.apache.ratis.proto.grpc.RaftServerProtocolServiceGrpc$RaftServerProtocolServiceBlockingStub.requestVote(RaftServerProtocolServiceGrpc.java:265)
	at org.apache.ratis.grpc.server.GrpcServerProtocolClient.requestVote(GrpcServerProtocolClient.java:99)
	at org.apache.ratis.grpc.server.GrpcService.requestVote(GrpcService.java:204)
	at org.apache.ratis.server.impl.LeaderElection.lambda$submitRequests$1(LeaderElection.java:234)
	at java.util.concurrent.FutureTask.run(FutureTask.java:266)
	at java.util.concurrent.Executors$RunnableAdapter.call(Executors.java:511)
	at java.util.concurrent.FutureTask.run(FutureTask.java:266)
	at java.util.concurrent.ThreadPoolExecutor.runWorker(ThreadPoolExecutor.java:1149)
	at java.util.concurrent.ThreadPoolExecutor$Worker.run(ThreadPoolExecutor.java:624)
	... 1 more
Caused by: org.apache.ratis.thirdparty.io.netty.channel.AbstractChannel$AnnotatedConnectException: Connection refused: /192.168.157.233:42906
	at sun.nio.ch.SocketChannelImpl.checkConnect(Native Method)
	at sun.nio.ch.SocketChannelImpl.finishConnect(SocketChannelImpl.java:717)
	at org.apache.ratis.thirdparty.io.netty.channel.socket.nio.NioSocketChannel.doFinishConnect(NioSocketChannel.java:327)
	at org.apache.ratis.thirdparty.io.netty.channel.nio.AbstractNioChannel$AbstractNioUnsafe.finishConnect(AbstractNioChannel.java:340)
	at org.apache.ratis.thirdparty.io.netty.channel.nio.NioEventLoop.processSelectedKey(NioEventLoop.java:632)
	at org.apache.ratis.thirdparty.io.netty.channel.nio.NioEventLoop.processSelectedKeysOptimized(NioEventLoop.java:579)
	at org.apache.ratis.thirdparty.io.netty.channel.nio.NioEventLoop.processSelectedKeys(NioEventLoop.java:496)
	at org.apache.ratis.thirdparty.io.netty.channel.nio.NioEventLoop.run(NioEventLoop.java:458)
	at org.apache.ratis.thirdparty.io.netty.util.concurrent.SingleThreadEventExecutor$5.run(SingleThreadEventExecutor.java:897)
	at org.apache.ratis.thirdparty.io.netty.util.concurrent.FastThreadLocalRunnable.run(FastThreadLocalRunnable.java:30)
	... 1 more
Caused by: java.net.ConnectException: Connection refused
	... 11 more
2019-10-25 11:08:03,627 [f6cfa8a2-85ff-4bb9-a246-101c53d2d47b@group-49E82E920F3F-LeaderElection632] INFO  impl.LeaderElection (LogUtils.java:infoOrTrace(149)) - f6cfa8a2-85ff-4bb9-a246-101c53d2d47b@group-49E82E920F3F-LeaderElection632 got exception when requesting votes: {}
java.util.concurrent.ExecutionException: org.apache.ratis.thirdparty.io.grpc.StatusRuntimeException: UNAVAILABLE: io exception
	at java.util.concurrent.FutureTask.report(FutureTask.java:122)
	at java.util.concurrent.FutureTask.get(FutureTask.java:192)
	at org.apache.ratis.server.impl.LeaderElection.waitForResults(LeaderElection.java:259)
	at org.apache.ratis.server.impl.LeaderElection.askForVotes(LeaderElection.java:197)
	at org.apache.ratis.server.impl.LeaderElection.run(LeaderElection.java:133)
	at java.lang.Thread.run(Thread.java:748)
Caused by: org.apache.ratis.thirdparty.io.grpc.StatusRuntimeException: UNAVAILABLE: io exception
	at org.apache.ratis.thirdparty.io.grpc.stub.ClientCalls.toStatusRuntimeException(ClientCalls.java:233)
	at org.apache.ratis.thirdparty.io.grpc.stub.ClientCalls.getUnchecked(ClientCalls.java:214)
	at org.apache.ratis.thirdparty.io.grpc.stub.ClientCalls.blockingUnaryCall(ClientCalls.java:139)
	at org.apache.ratis.proto.grpc.RaftServerProtocolServiceGrpc$RaftServerProtocolServiceBlockingStub.requestVote(RaftServerProtocolServiceGrpc.java:265)
	at org.apache.ratis.grpc.server.GrpcServerProtocolClient.requestVote(GrpcServerProtocolClient.java:99)
	at org.apache.ratis.grpc.server.GrpcService.requestVote(GrpcService.java:204)
	at org.apache.ratis.server.impl.LeaderElection.lambda$submitRequests$1(LeaderElection.java:234)
	at java.util.concurrent.FutureTask.run(FutureTask.java:266)
	at java.util.concurrent.Executors$RunnableAdapter.call(Executors.java:511)
	at java.util.concurrent.FutureTask.run(FutureTask.java:266)
	at java.util.concurrent.ThreadPoolExecutor.runWorker(ThreadPoolExecutor.java:1149)
	at java.util.concurrent.ThreadPoolExecutor$Worker.run(ThreadPoolExecutor.java:624)
	... 1 more
Caused by: org.apache.ratis.thirdparty.io.netty.channel.AbstractChannel$AnnotatedConnectException: Connection refused: /192.168.157.233:35716
	at sun.nio.ch.SocketChannelImpl.checkConnect(Native Method)
	at sun.nio.ch.SocketChannelImpl.finishConnect(SocketChannelImpl.java:717)
	at org.apache.ratis.thirdparty.io.netty.channel.socket.nio.NioSocketChannel.doFinishConnect(NioSocketChannel.java:327)
	at org.apache.ratis.thirdparty.io.netty.channel.nio.AbstractNioChannel$AbstractNioUnsafe.finishConnect(AbstractNioChannel.java:340)
	at org.apache.ratis.thirdparty.io.netty.channel.nio.NioEventLoop.processSelectedKey(NioEventLoop.java:632)
	at org.apache.ratis.thirdparty.io.netty.channel.nio.NioEventLoop.processSelectedKeysOptimized(NioEventLoop.java:579)
	at org.apache.ratis.thirdparty.io.netty.channel.nio.NioEventLoop.processSelectedKeys(NioEventLoop.java:496)
	at org.apache.ratis.thirdparty.io.netty.channel.nio.NioEventLoop.run(NioEventLoop.java:458)
	at org.apache.ratis.thirdparty.io.netty.util.concurrent.SingleThreadEventExecutor$5.run(SingleThreadEventExecutor.java:897)
	at org.apache.ratis.thirdparty.io.netty.util.concurrent.FastThreadLocalRunnable.run(FastThreadLocalRunnable.java:30)
	... 1 more
Caused by: java.net.ConnectException: Connection refused
	... 11 more
2019-10-25 11:08:03,627 [f6cfa8a2-85ff-4bb9-a246-101c53d2d47b@group-49E82E920F3F-LeaderElection632] INFO  impl.LeaderElection (LeaderElection.java:logAndReturn(56)) - f6cfa8a2-85ff-4bb9-a246-101c53d2d47b@group-49E82E920F3F-LeaderElection632: Election REJECTED; received 0 response(s) [] and 2 exception(s); f6cfa8a2-85ff-4bb9-a246-101c53d2d47b@group-49E82E920F3F:t222, leader=null, voted=f6cfa8a2-85ff-4bb9-a246-101c53d2d47b, raftlog=f6cfa8a2-85ff-4bb9-a246-101c53d2d47b@group-49E82E920F3F-SegmentedRaftLog:OPENED:c-1,f-1,i0, conf=-1: [7fad1e98-7a6b-4998-a30c-ec1ab88068bc:192.168.157.233:35716, bdb27072-dd00-4d3b-a7da-41600e490ca3:192.168.157.233:42906, f6cfa8a2-85ff-4bb9-a246-101c53d2d47b:192.168.157.233:44618], old=null
2019-10-25 11:08:03,627 [f6cfa8a2-85ff-4bb9-a246-101c53d2d47b@group-49E82E920F3F-LeaderElection632] INFO  impl.LeaderElection (LogUtils.java:infoOrTrace(149)) -   Exception 0: {}
java.util.concurrent.ExecutionException: org.apache.ratis.thirdparty.io.grpc.StatusRuntimeException: UNAVAILABLE: io exception
	at java.util.concurrent.FutureTask.report(FutureTask.java:122)
	at java.util.concurrent.FutureTask.get(FutureTask.java:192)
	at org.apache.ratis.server.impl.LeaderElection.waitForResults(LeaderElection.java:259)
	at org.apache.ratis.server.impl.LeaderElection.askForVotes(LeaderElection.java:197)
	at org.apache.ratis.server.impl.LeaderElection.run(LeaderElection.java:133)
	at java.lang.Thread.run(Thread.java:748)
Caused by: org.apache.ratis.thirdparty.io.grpc.StatusRuntimeException: UNAVAILABLE: io exception
	at org.apache.ratis.thirdparty.io.grpc.stub.ClientCalls.toStatusRuntimeException(ClientCalls.java:233)
	at org.apache.ratis.thirdparty.io.grpc.stub.ClientCalls.getUnchecked(ClientCalls.java:214)
	at org.apache.ratis.thirdparty.io.grpc.stub.ClientCalls.blockingUnaryCall(ClientCalls.java:139)
	at org.apache.ratis.proto.grpc.RaftServerProtocolServiceGrpc$RaftServerProtocolServiceBlockingStub.requestVote(RaftServerProtocolServiceGrpc.java:265)
	at org.apache.ratis.grpc.server.GrpcServerProtocolClient.requestVote(GrpcServerProtocolClient.java:99)
	at org.apache.ratis.grpc.server.GrpcService.requestVote(GrpcService.java:204)
	at org.apache.ratis.server.impl.LeaderElection.lambda$submitRequests$1(LeaderElection.java:234)
	at java.util.concurrent.FutureTask.run(FutureTask.java:266)
	at java.util.concurrent.Executors$RunnableAdapter.call(Executors.java:511)
	at java.util.concurrent.FutureTask.run(FutureTask.java:266)
	at java.util.concurrent.ThreadPoolExecutor.runWorker(ThreadPoolExecutor.java:1149)
	at java.util.concurrent.ThreadPoolExecutor$Worker.run(ThreadPoolExecutor.java:624)
	... 1 more
Caused by: org.apache.ratis.thirdparty.io.netty.channel.AbstractChannel$AnnotatedConnectException: Connection refused: /192.168.157.233:42906
	at sun.nio.ch.SocketChannelImpl.checkConnect(Native Method)
	at sun.nio.ch.SocketChannelImpl.finishConnect(SocketChannelImpl.java:717)
	at org.apache.ratis.thirdparty.io.netty.channel.socket.nio.NioSocketChannel.doFinishConnect(NioSocketChannel.java:327)
	at org.apache.ratis.thirdparty.io.netty.channel.nio.AbstractNioChannel$AbstractNioUnsafe.finishConnect(AbstractNioChannel.java:340)
	at org.apache.ratis.thirdparty.io.netty.channel.nio.NioEventLoop.processSelectedKey(NioEventLoop.java:632)
	at org.apache.ratis.thirdparty.io.netty.channel.nio.NioEventLoop.processSelectedKeysOptimized(NioEventLoop.java:579)
	at org.apache.ratis.thirdparty.io.netty.channel.nio.NioEventLoop.processSelectedKeys(NioEventLoop.java:496)
	at org.apache.ratis.thirdparty.io.netty.channel.nio.NioEventLoop.run(NioEventLoop.java:458)
	at org.apache.ratis.thirdparty.io.netty.util.concurrent.SingleThreadEventExecutor$5.run(SingleThreadEventExecutor.java:897)
	at org.apache.ratis.thirdparty.io.netty.util.concurrent.FastThreadLocalRunnable.run(FastThreadLocalRunnable.java:30)
	... 1 more
Caused by: java.net.ConnectException: Connection refused
	... 11 more
2019-10-25 11:08:03,627 [f6cfa8a2-85ff-4bb9-a246-101c53d2d47b@group-49E82E920F3F-LeaderElection632] INFO  impl.LeaderElection (LogUtils.java:infoOrTrace(149)) -   Exception 1: {}
java.util.concurrent.ExecutionException: org.apache.ratis.thirdparty.io.grpc.StatusRuntimeException: UNAVAILABLE: io exception
	at java.util.concurrent.FutureTask.report(FutureTask.java:122)
	at java.util.concurrent.FutureTask.get(FutureTask.java:192)
	at org.apache.ratis.server.impl.LeaderElection.waitForResults(LeaderElection.java:259)
	at org.apache.ratis.server.impl.LeaderElection.askForVotes(LeaderElection.java:197)
	at org.apache.ratis.server.impl.LeaderElection.run(LeaderElection.java:133)
	at java.lang.Thread.run(Thread.java:748)
Caused by: org.apache.ratis.thirdparty.io.grpc.StatusRuntimeException: UNAVAILABLE: io exception
	at org.apache.ratis.thirdparty.io.grpc.stub.ClientCalls.toStatusRuntimeException(ClientCalls.java:233)
	at org.apache.ratis.thirdparty.io.grpc.stub.ClientCalls.getUnchecked(ClientCalls.java:214)
	at org.apache.ratis.thirdparty.io.grpc.stub.ClientCalls.blockingUnaryCall(ClientCalls.java:139)
	at org.apache.ratis.proto.grpc.RaftServerProtocolServiceGrpc$RaftServerProtocolServiceBlockingStub.requestVote(RaftServerProtocolServiceGrpc.java:265)
	at org.apache.ratis.grpc.server.GrpcServerProtocolClient.requestVote(GrpcServerProtocolClient.java:99)
	at org.apache.ratis.grpc.server.GrpcService.requestVote(GrpcService.java:204)
	at org.apache.ratis.server.impl.LeaderElection.lambda$submitRequests$1(LeaderElection.java:234)
	at java.util.concurrent.FutureTask.run(FutureTask.java:266)
	at java.util.concurrent.Executors$RunnableAdapter.call(Executors.java:511)
	at java.util.concurrent.FutureTask.run(FutureTask.java:266)
	at java.util.concurrent.ThreadPoolExecutor.runWorker(ThreadPoolExecutor.java:1149)
	at java.util.concurrent.ThreadPoolExecutor$Worker.run(ThreadPoolExecutor.java:624)
	... 1 more
Caused by: org.apache.ratis.thirdparty.io.netty.channel.AbstractChannel$AnnotatedConnectException: Connection refused: /192.168.157.233:35716
	at sun.nio.ch.SocketChannelImpl.checkConnect(Native Method)
	at sun.nio.ch.SocketChannelImpl.finishConnect(SocketChannelImpl.java:717)
	at org.apache.ratis.thirdparty.io.netty.channel.socket.nio.NioSocketChannel.doFinishConnect(NioSocketChannel.java:327)
	at org.apache.ratis.thirdparty.io.netty.channel.nio.AbstractNioChannel$AbstractNioUnsafe.finishConnect(AbstractNioChannel.java:340)
	at org.apache.ratis.thirdparty.io.netty.channel.nio.NioEventLoop.processSelectedKey(NioEventLoop.java:632)
	at org.apache.ratis.thirdparty.io.netty.channel.nio.NioEventLoop.processSelectedKeysOptimized(NioEventLoop.java:579)
	at org.apache.ratis.thirdparty.io.netty.channel.nio.NioEventLoop.processSelectedKeys(NioEventLoop.java:496)
	at org.apache.ratis.thirdparty.io.netty.channel.nio.NioEventLoop.run(NioEventLoop.java:458)
	at org.apache.ratis.thirdparty.io.netty.util.concurrent.SingleThreadEventExecutor$5.run(SingleThreadEventExecutor.java:897)
	at org.apache.ratis.thirdparty.io.netty.util.concurrent.FastThreadLocalRunnable.run(FastThreadLocalRunnable.java:30)
	... 1 more
Caused by: java.net.ConnectException: Connection refused
	... 11 more
2019-10-25 11:08:03,628 [f6cfa8a2-85ff-4bb9-a246-101c53d2d47b@group-49E82E920F3F-LeaderElection632] INFO  impl.RaftServerImpl (RaftServerImpl.java:setRole(184)) - f6cfa8a2-85ff-4bb9-a246-101c53d2d47b@group-49E82E920F3F: changes role from CANDIDATE to FOLLOWER at term 222 for DISCOVERED_A_NEW_TERM
2019-10-25 11:08:03,628 [f6cfa8a2-85ff-4bb9-a246-101c53d2d47b@group-49E82E920F3F-LeaderElection632] INFO  impl.RoleInfo (RoleInfo.java:shutdownLeaderElection(134)) - f6cfa8a2-85ff-4bb9-a246-101c53d2d47b: shutdown LeaderElection
2019-10-25 11:08:03,628 [f6cfa8a2-85ff-4bb9-a246-101c53d2d47b@group-49E82E920F3F-LeaderElection632] INFO  impl.RoleInfo (RoleInfo.java:updateAndGet(143)) - f6cfa8a2-85ff-4bb9-a246-101c53d2d47b: start FollowerState
2019-10-25 11:08:03,827 [Thread-5128] INFO  impl.FollowerState (FollowerState.java:run(108)) - f6cfa8a2-85ff-4bb9-a246-101c53d2d47b@group-49E82E920F3F-FollowerState: change to CANDIDATE, lastRpcTime:199ms, electionTimeout:196ms
2019-10-25 11:08:03,827 [Thread-5128] INFO  impl.RoleInfo (RoleInfo.java:shutdownFollowerState(121)) - f6cfa8a2-85ff-4bb9-a246-101c53d2d47b: shutdown FollowerState
2019-10-25 11:08:03,827 [Thread-5128] INFO  impl.RaftServerImpl (RaftServerImpl.java:setRole(184)) - f6cfa8a2-85ff-4bb9-a246-101c53d2d47b@group-49E82E920F3F: changes role from  FOLLOWER to CANDIDATE at term 222 for changeToCandidate
2019-10-25 11:08:03,827 [Thread-5128] INFO  impl.RoleInfo (RoleInfo.java:updateAndGet(143)) - f6cfa8a2-85ff-4bb9-a246-101c53d2d47b: start LeaderElection
2019-10-25 11:08:03,841 [f6cfa8a2-85ff-4bb9-a246-101c53d2d47b@group-49E82E920F3F-LeaderElection633] INFO  impl.LeaderElection (LeaderElection.java:askForVotes(178)) - f6cfa8a2-85ff-4bb9-a246-101c53d2d47b@group-49E82E920F3F-LeaderElection633: begin an election at term 223 for -1: [7fad1e98-7a6b-4998-a30c-ec1ab88068bc:192.168.157.233:35716, bdb27072-dd00-4d3b-a7da-41600e490ca3:192.168.157.233:42906, f6cfa8a2-85ff-4bb9-a246-101c53d2d47b:192.168.157.233:44618], old=null
2019-10-25 11:08:03,842 [f6cfa8a2-85ff-4bb9-a246-101c53d2d47b@group-49E82E920F3F-LeaderElection633] INFO  impl.LeaderElection (LogUtils.java:infoOrTrace(149)) - f6cfa8a2-85ff-4bb9-a246-101c53d2d47b@group-49E82E920F3F-LeaderElection633 got exception when requesting votes: {}
java.util.concurrent.ExecutionException: org.apache.ratis.thirdparty.io.grpc.StatusRuntimeException: UNAVAILABLE: io exception
	at java.util.concurrent.FutureTask.report(FutureTask.java:122)
	at java.util.concurrent.FutureTask.get(FutureTask.java:192)
	at org.apache.ratis.server.impl.LeaderElection.waitForResults(LeaderElection.java:259)
	at org.apache.ratis.server.impl.LeaderElection.askForVotes(LeaderElection.java:197)
	at org.apache.ratis.server.impl.LeaderElection.run(LeaderElection.java:133)
	at java.lang.Thread.run(Thread.java:748)
Caused by: org.apache.ratis.thirdparty.io.grpc.StatusRuntimeException: UNAVAILABLE: io exception
	at org.apache.ratis.thirdparty.io.grpc.stub.ClientCalls.toStatusRuntimeException(ClientCalls.java:233)
	at org.apache.ratis.thirdparty.io.grpc.stub.ClientCalls.getUnchecked(ClientCalls.java:214)
	at org.apache.ratis.thirdparty.io.grpc.stub.ClientCalls.blockingUnaryCall(ClientCalls.java:139)
	at org.apache.ratis.proto.grpc.RaftServerProtocolServiceGrpc$RaftServerProtocolServiceBlockingStub.requestVote(RaftServerProtocolServiceGrpc.java:265)
	at org.apache.ratis.grpc.server.GrpcServerProtocolClient.requestVote(GrpcServerProtocolClient.java:99)
	at org.apache.ratis.grpc.server.GrpcService.requestVote(GrpcService.java:204)
	at org.apache.ratis.server.impl.LeaderElection.lambda$submitRequests$1(LeaderElection.java:234)
	at java.util.concurrent.FutureTask.run(FutureTask.java:266)
	at java.util.concurrent.Executors$RunnableAdapter.call(Executors.java:511)
	at java.util.concurrent.FutureTask.run(FutureTask.java:266)
	at java.util.concurrent.ThreadPoolExecutor.runWorker(ThreadPoolExecutor.java:1149)
	at java.util.concurrent.ThreadPoolExecutor$Worker.run(ThreadPoolExecutor.java:624)
	... 1 more
Caused by: org.apache.ratis.thirdparty.io.netty.channel.AbstractChannel$AnnotatedConnectException: Connection refused: /192.168.157.233:35716
	at sun.nio.ch.SocketChannelImpl.checkConnect(Native Method)
	at sun.nio.ch.SocketChannelImpl.finishConnect(SocketChannelImpl.java:717)
	at org.apache.ratis.thirdparty.io.netty.channel.socket.nio.NioSocketChannel.doFinishConnect(NioSocketChannel.java:327)
	at org.apache.ratis.thirdparty.io.netty.channel.nio.AbstractNioChannel$AbstractNioUnsafe.finishConnect(AbstractNioChannel.java:340)
	at org.apache.ratis.thirdparty.io.netty.channel.nio.NioEventLoop.processSelectedKey(NioEventLoop.java:632)
	at org.apache.ratis.thirdparty.io.netty.channel.nio.NioEventLoop.processSelectedKeysOptimized(NioEventLoop.java:579)
	at org.apache.ratis.thirdparty.io.netty.channel.nio.NioEventLoop.processSelectedKeys(NioEventLoop.java:496)
	at org.apache.ratis.thirdparty.io.netty.channel.nio.NioEventLoop.run(NioEventLoop.java:458)
	at org.apache.ratis.thirdparty.io.netty.util.concurrent.SingleThreadEventExecutor$5.run(SingleThreadEventExecutor.java:897)
	at org.apache.ratis.thirdparty.io.netty.util.concurrent.FastThreadLocalRunnable.run(FastThreadLocalRunnable.java:30)
	... 1 more
Caused by: java.net.ConnectException: Connection refused
	... 11 more
2019-10-25 11:08:03,842 [f6cfa8a2-85ff-4bb9-a246-101c53d2d47b@group-49E82E920F3F-LeaderElection633] INFO  impl.LeaderElection (LogUtils.java:infoOrTrace(149)) - f6cfa8a2-85ff-4bb9-a246-101c53d2d47b@group-49E82E920F3F-LeaderElection633 got exception when requesting votes: {}
java.util.concurrent.ExecutionException: org.apache.ratis.thirdparty.io.grpc.StatusRuntimeException: UNAVAILABLE: io exception
	at java.util.concurrent.FutureTask.report(FutureTask.java:122)
	at java.util.concurrent.FutureTask.get(FutureTask.java:192)
	at org.apache.ratis.server.impl.LeaderElection.waitForResults(LeaderElection.java:259)
	at org.apache.ratis.server.impl.LeaderElection.askForVotes(LeaderElection.java:197)
	at org.apache.ratis.server.impl.LeaderElection.run(LeaderElection.java:133)
	at java.lang.Thread.run(Thread.java:748)
Caused by: org.apache.ratis.thirdparty.io.grpc.StatusRuntimeException: UNAVAILABLE: io exception
	at org.apache.ratis.thirdparty.io.grpc.stub.ClientCalls.toStatusRuntimeException(ClientCalls.java:233)
	at org.apache.ratis.thirdparty.io.grpc.stub.ClientCalls.getUnchecked(ClientCalls.java:214)
	at org.apache.ratis.thirdparty.io.grpc.stub.ClientCalls.blockingUnaryCall(ClientCalls.java:139)
	at org.apache.ratis.proto.grpc.RaftServerProtocolServiceGrpc$RaftServerProtocolServiceBlockingStub.requestVote(RaftServerProtocolServiceGrpc.java:265)
	at org.apache.ratis.grpc.server.GrpcServerProtocolClient.requestVote(GrpcServerProtocolClient.java:99)
	at org.apache.ratis.grpc.server.GrpcService.requestVote(GrpcService.java:204)
	at org.apache.ratis.server.impl.LeaderElection.lambda$submitRequests$1(LeaderElection.java:234)
	at java.util.concurrent.FutureTask.run(FutureTask.java:266)
	at java.util.concurrent.Executors$RunnableAdapter.call(Executors.java:511)
	at java.util.concurrent.FutureTask.run(FutureTask.java:266)
	at java.util.concurrent.ThreadPoolExecutor.runWorker(ThreadPoolExecutor.java:1149)
	at java.util.concurrent.ThreadPoolExecutor$Worker.run(ThreadPoolExecutor.java:624)
	... 1 more
Caused by: org.apache.ratis.thirdparty.io.netty.channel.AbstractChannel$AnnotatedConnectException: Connection refused: /192.168.157.233:42906
	at sun.nio.ch.SocketChannelImpl.checkConnect(Native Method)
	at sun.nio.ch.SocketChannelImpl.finishConnect(SocketChannelImpl.java:717)
	at org.apache.ratis.thirdparty.io.netty.channel.socket.nio.NioSocketChannel.doFinishConnect(NioSocketChannel.java:327)
	at org.apache.ratis.thirdparty.io.netty.channel.nio.AbstractNioChannel$AbstractNioUnsafe.finishConnect(AbstractNioChannel.java:340)
	at org.apache.ratis.thirdparty.io.netty.channel.nio.NioEventLoop.processSelectedKey(NioEventLoop.java:632)
	at org.apache.ratis.thirdparty.io.netty.channel.nio.NioEventLoop.processSelectedKeysOptimized(NioEventLoop.java:579)
	at org.apache.ratis.thirdparty.io.netty.channel.nio.NioEventLoop.processSelectedKeys(NioEventLoop.java:496)
	at org.apache.ratis.thirdparty.io.netty.channel.nio.NioEventLoop.run(NioEventLoop.java:458)
	at org.apache.ratis.thirdparty.io.netty.util.concurrent.SingleThreadEventExecutor$5.run(SingleThreadEventExecutor.java:897)
	at org.apache.ratis.thirdparty.io.netty.util.concurrent.FastThreadLocalRunnable.run(FastThreadLocalRunnable.java:30)
	... 1 more
Caused by: java.net.ConnectException: Connection refused
	... 11 more
2019-10-25 11:08:03,843 [f6cfa8a2-85ff-4bb9-a246-101c53d2d47b@group-49E82E920F3F-LeaderElection633] INFO  impl.LeaderElection (LeaderElection.java:logAndReturn(56)) - f6cfa8a2-85ff-4bb9-a246-101c53d2d47b@group-49E82E920F3F-LeaderElection633: Election REJECTED; received 0 response(s) [] and 2 exception(s); f6cfa8a2-85ff-4bb9-a246-101c53d2d47b@group-49E82E920F3F:t223, leader=null, voted=f6cfa8a2-85ff-4bb9-a246-101c53d2d47b, raftlog=f6cfa8a2-85ff-4bb9-a246-101c53d2d47b@group-49E82E920F3F-SegmentedRaftLog:OPENED:c-1,f-1,i0, conf=-1: [7fad1e98-7a6b-4998-a30c-ec1ab88068bc:192.168.157.233:35716, bdb27072-dd00-4d3b-a7da-41600e490ca3:192.168.157.233:42906, f6cfa8a2-85ff-4bb9-a246-101c53d2d47b:192.168.157.233:44618], old=null
2019-10-25 11:08:03,843 [f6cfa8a2-85ff-4bb9-a246-101c53d2d47b@group-49E82E920F3F-LeaderElection633] INFO  impl.LeaderElection (LogUtils.java:infoOrTrace(149)) -   Exception 0: {}
java.util.concurrent.ExecutionException: org.apache.ratis.thirdparty.io.grpc.StatusRuntimeException: UNAVAILABLE: io exception
	at java.util.concurrent.FutureTask.report(FutureTask.java:122)
	at java.util.concurrent.FutureTask.get(FutureTask.java:192)
	at org.apache.ratis.server.impl.LeaderElection.waitForResults(LeaderElection.java:259)
	at org.apache.ratis.server.impl.LeaderElection.askForVotes(LeaderElection.java:197)
	at org.apache.ratis.server.impl.LeaderElection.run(LeaderElection.java:133)
	at java.lang.Thread.run(Thread.java:748)
Caused by: org.apache.ratis.thirdparty.io.grpc.StatusRuntimeException: UNAVAILABLE: io exception
	at org.apache.ratis.thirdparty.io.grpc.stub.ClientCalls.toStatusRuntimeException(ClientCalls.java:233)
	at org.apache.ratis.thirdparty.io.grpc.stub.ClientCalls.getUnchecked(ClientCalls.java:214)
	at org.apache.ratis.thirdparty.io.grpc.stub.ClientCalls.blockingUnaryCall(ClientCalls.java:139)
	at org.apache.ratis.proto.grpc.RaftServerProtocolServiceGrpc$RaftServerProtocolServiceBlockingStub.requestVote(RaftServerProtocolServiceGrpc.java:265)
	at org.apache.ratis.grpc.server.GrpcServerProtocolClient.requestVote(GrpcServerProtocolClient.java:99)
	at org.apache.ratis.grpc.server.GrpcService.requestVote(GrpcService.java:204)
	at org.apache.ratis.server.impl.LeaderElection.lambda$submitRequests$1(LeaderElection.java:234)
	at java.util.concurrent.FutureTask.run(FutureTask.java:266)
	at java.util.concurrent.Executors$RunnableAdapter.call(Executors.java:511)
	at java.util.concurrent.FutureTask.run(FutureTask.java:266)
	at java.util.concurrent.ThreadPoolExecutor.runWorker(ThreadPoolExecutor.java:1149)
	at java.util.concurrent.ThreadPoolExecutor$Worker.run(ThreadPoolExecutor.java:624)
	... 1 more
Caused by: org.apache.ratis.thirdparty.io.netty.channel.AbstractChannel$AnnotatedConnectException: Connection refused: /192.168.157.233:35716
	at sun.nio.ch.SocketChannelImpl.checkConnect(Native Method)
	at sun.nio.ch.SocketChannelImpl.finishConnect(SocketChannelImpl.java:717)
	at org.apache.ratis.thirdparty.io.netty.channel.socket.nio.NioSocketChannel.doFinishConnect(NioSocketChannel.java:327)
	at org.apache.ratis.thirdparty.io.netty.channel.nio.AbstractNioChannel$AbstractNioUnsafe.finishConnect(AbstractNioChannel.java:340)
	at org.apache.ratis.thirdparty.io.netty.channel.nio.NioEventLoop.processSelectedKey(NioEventLoop.java:632)
	at org.apache.ratis.thirdparty.io.netty.channel.nio.NioEventLoop.processSelectedKeysOptimized(NioEventLoop.java:579)
	at org.apache.ratis.thirdparty.io.netty.channel.nio.NioEventLoop.processSelectedKeys(NioEventLoop.java:496)
	at org.apache.ratis.thirdparty.io.netty.channel.nio.NioEventLoop.run(NioEventLoop.java:458)
	at org.apache.ratis.thirdparty.io.netty.util.concurrent.SingleThreadEventExecutor$5.run(SingleThreadEventExecutor.java:897)
	at org.apache.ratis.thirdparty.io.netty.util.concurrent.FastThreadLocalRunnable.run(FastThreadLocalRunnable.java:30)
	... 1 more
Caused by: java.net.ConnectException: Connection refused
	... 11 more
2019-10-25 11:08:03,843 [f6cfa8a2-85ff-4bb9-a246-101c53d2d47b@group-49E82E920F3F-LeaderElection633] INFO  impl.LeaderElection (LogUtils.java:infoOrTrace(149)) -   Exception 1: {}
java.util.concurrent.ExecutionException: org.apache.ratis.thirdparty.io.grpc.StatusRuntimeException: UNAVAILABLE: io exception
	at java.util.concurrent.FutureTask.report(FutureTask.java:122)
	at java.util.concurrent.FutureTask.get(FutureTask.java:192)
	at org.apache.ratis.server.impl.LeaderElection.waitForResults(LeaderElection.java:259)
	at org.apache.ratis.server.impl.LeaderElection.askForVotes(LeaderElection.java:197)
	at org.apache.ratis.server.impl.LeaderElection.run(LeaderElection.java:133)
	at java.lang.Thread.run(Thread.java:748)
Caused by: org.apache.ratis.thirdparty.io.grpc.StatusRuntimeException: UNAVAILABLE: io exception
	at org.apache.ratis.thirdparty.io.grpc.stub.ClientCalls.toStatusRuntimeException(ClientCalls.java:233)
	at org.apache.ratis.thirdparty.io.grpc.stub.ClientCalls.getUnchecked(ClientCalls.java:214)
	at org.apache.ratis.thirdparty.io.grpc.stub.ClientCalls.blockingUnaryCall(ClientCalls.java:139)
	at org.apache.ratis.proto.grpc.RaftServerProtocolServiceGrpc$RaftServerProtocolServiceBlockingStub.requestVote(RaftServerProtocolServiceGrpc.java:265)
	at org.apache.ratis.grpc.server.GrpcServerProtocolClient.requestVote(GrpcServerProtocolClient.java:99)
	at org.apache.ratis.grpc.server.GrpcService.requestVote(GrpcService.java:204)
	at org.apache.ratis.server.impl.LeaderElection.lambda$submitRequests$1(LeaderElection.java:234)
	at java.util.concurrent.FutureTask.run(FutureTask.java:266)
	at java.util.concurrent.Executors$RunnableAdapter.call(Executors.java:511)
	at java.util.concurrent.FutureTask.run(FutureTask.java:266)
	at java.util.concurrent.ThreadPoolExecutor.runWorker(ThreadPoolExecutor.java:1149)
	at java.util.concurrent.ThreadPoolExecutor$Worker.run(ThreadPoolExecutor.java:624)
	... 1 more
Caused by: org.apache.ratis.thirdparty.io.netty.channel.AbstractChannel$AnnotatedConnectException: Connection refused: /192.168.157.233:42906
	at sun.nio.ch.SocketChannelImpl.checkConnect(Native Method)
	at sun.nio.ch.SocketChannelImpl.finishConnect(SocketChannelImpl.java:717)
	at org.apache.ratis.thirdparty.io.netty.channel.socket.nio.NioSocketChannel.doFinishConnect(NioSocketChannel.java:327)
	at org.apache.ratis.thirdparty.io.netty.channel.nio.AbstractNioChannel$AbstractNioUnsafe.finishConnect(AbstractNioChannel.java:340)
	at org.apache.ratis.thirdparty.io.netty.channel.nio.NioEventLoop.processSelectedKey(NioEventLoop.java:632)
	at org.apache.ratis.thirdparty.io.netty.channel.nio.NioEventLoop.processSelectedKeysOptimized(NioEventLoop.java:579)
	at org.apache.ratis.thirdparty.io.netty.channel.nio.NioEventLoop.processSelectedKeys(NioEventLoop.java:496)
	at org.apache.ratis.thirdparty.io.netty.channel.nio.NioEventLoop.run(NioEventLoop.java:458)
	at org.apache.ratis.thirdparty.io.netty.util.concurrent.SingleThreadEventExecutor$5.run(SingleThreadEventExecutor.java:897)
	at org.apache.ratis.thirdparty.io.netty.util.concurrent.FastThreadLocalRunnable.run(FastThreadLocalRunnable.java:30)
	... 1 more
Caused by: java.net.ConnectException: Connection refused
	... 11 more
2019-10-25 11:08:03,844 [f6cfa8a2-85ff-4bb9-a246-101c53d2d47b@group-49E82E920F3F-LeaderElection633] INFO  impl.RaftServerImpl (RaftServerImpl.java:setRole(184)) - f6cfa8a2-85ff-4bb9-a246-101c53d2d47b@group-49E82E920F3F: changes role from CANDIDATE to FOLLOWER at term 223 for DISCOVERED_A_NEW_TERM
2019-10-25 11:08:03,844 [f6cfa8a2-85ff-4bb9-a246-101c53d2d47b@group-49E82E920F3F-LeaderElection633] INFO  impl.RoleInfo (RoleInfo.java:shutdownLeaderElection(134)) - f6cfa8a2-85ff-4bb9-a246-101c53d2d47b: shutdown LeaderElection
2019-10-25 11:08:03,844 [f6cfa8a2-85ff-4bb9-a246-101c53d2d47b@group-49E82E920F3F-LeaderElection633] INFO  impl.RoleInfo (RoleInfo.java:updateAndGet(143)) - f6cfa8a2-85ff-4bb9-a246-101c53d2d47b: start FollowerState
2019-10-25 11:08:03,969 [java.util.concurrent.ThreadPoolExecutor$Worker@3e501297[State = -1, empty queue]] WARN  server.GrpcLogAppender (GrpcLogAppender.java:timeoutAppendRequest(209)) - 8a2c850d-503a-4b6a-9325-357a6554e10c@group-B334D6EBB589->e8f52f97-4cbf-4021-bc09-65b78a9dc21b-GrpcLogAppender: appendEntries Timeout, request=8a2c850d-503a-4b6a-9325-357a6554e10c->e8f52f97-4cbf-4021-bc09-65b78a9dc21b#48-t1, previous=(t:1, i:0), leaderCommit=0, initializing? false, entries: <empty>
2019-10-25 11:08:03,974 [Thread-5134] INFO  impl.FollowerState (FollowerState.java:run(108)) - f6cfa8a2-85ff-4bb9-a246-101c53d2d47b@group-49E82E920F3F-FollowerState: change to CANDIDATE, lastRpcTime:130ms, electionTimeout:130ms
2019-10-25 11:08:03,974 [Thread-5134] INFO  impl.RoleInfo (RoleInfo.java:shutdownFollowerState(121)) - f6cfa8a2-85ff-4bb9-a246-101c53d2d47b: shutdown FollowerState
2019-10-25 11:08:03,975 [Thread-5134] INFO  impl.RaftServerImpl (RaftServerImpl.java:setRole(184)) - f6cfa8a2-85ff-4bb9-a246-101c53d2d47b@group-49E82E920F3F: changes role from  FOLLOWER to CANDIDATE at term 223 for changeToCandidate
2019-10-25 11:08:03,975 [Thread-5134] INFO  impl.RoleInfo (RoleInfo.java:updateAndGet(143)) - f6cfa8a2-85ff-4bb9-a246-101c53d2d47b: start LeaderElection
2019-10-25 11:08:03,983 [java.util.concurrent.ThreadPoolExecutor$Worker@33ec010c[State = -1, empty queue]] WARN  server.GrpcLogAppender (GrpcLogAppender.java:timeoutAppendRequest(209)) - 8a2c850d-503a-4b6a-9325-357a6554e10c@group-B334D6EBB589->f5dc0a75-b584-4700-be7c-7942c0d8117c-GrpcLogAppender: appendEntries Timeout, request=8a2c850d-503a-4b6a-9325-357a6554e10c->f5dc0a75-b584-4700-be7c-7942c0d8117c#48-t1, previous=(t:1, i:0), leaderCommit=0, initializing? false, entries: <empty>
2019-10-25 11:08:03,990 [f6cfa8a2-85ff-4bb9-a246-101c53d2d47b@group-49E82E920F3F-LeaderElection634] INFO  impl.LeaderElection (LeaderElection.java:askForVotes(178)) - f6cfa8a2-85ff-4bb9-a246-101c53d2d47b@group-49E82E920F3F-LeaderElection634: begin an election at term 224 for -1: [7fad1e98-7a6b-4998-a30c-ec1ab88068bc:192.168.157.233:35716, bdb27072-dd00-4d3b-a7da-41600e490ca3:192.168.157.233:42906, f6cfa8a2-85ff-4bb9-a246-101c53d2d47b:192.168.157.233:44618], old=null
2019-10-25 11:08:03,990 [f6cfa8a2-85ff-4bb9-a246-101c53d2d47b@group-49E82E920F3F-LeaderElection634] INFO  impl.LeaderElection (LogUtils.java:infoOrTrace(149)) - f6cfa8a2-85ff-4bb9-a246-101c53d2d47b@group-49E82E920F3F-LeaderElection634 got exception when requesting votes: {}
java.util.concurrent.ExecutionException: org.apache.ratis.thirdparty.io.grpc.StatusRuntimeException: UNAVAILABLE: io exception
	at java.util.concurrent.FutureTask.report(FutureTask.java:122)
	at java.util.concurrent.FutureTask.get(FutureTask.java:192)
	at org.apache.ratis.server.impl.LeaderElection.waitForResults(LeaderElection.java:259)
	at org.apache.ratis.server.impl.LeaderElection.askForVotes(LeaderElection.java:197)
	at org.apache.ratis.server.impl.LeaderElection.run(LeaderElection.java:133)
	at java.lang.Thread.run(Thread.java:748)
Caused by: org.apache.ratis.thirdparty.io.grpc.StatusRuntimeException: UNAVAILABLE: io exception
	at org.apache.ratis.thirdparty.io.grpc.stub.ClientCalls.toStatusRuntimeException(ClientCalls.java:233)
	at org.apache.ratis.thirdparty.io.grpc.stub.ClientCalls.getUnchecked(ClientCalls.java:214)
	at org.apache.ratis.thirdparty.io.grpc.stub.ClientCalls.blockingUnaryCall(ClientCalls.java:139)
	at org.apache.ratis.proto.grpc.RaftServerProtocolServiceGrpc$RaftServerProtocolServiceBlockingStub.requestVote(RaftServerProtocolServiceGrpc.java:265)
	at org.apache.ratis.grpc.server.GrpcServerProtocolClient.requestVote(GrpcServerProtocolClient.java:99)
	at org.apache.ratis.grpc.server.GrpcService.requestVote(GrpcService.java:204)
	at org.apache.ratis.server.impl.LeaderElection.lambda$submitRequests$1(LeaderElection.java:234)
	at java.util.concurrent.FutureTask.run(FutureTask.java:266)
	at java.util.concurrent.Executors$RunnableAdapter.call(Executors.java:511)
	at java.util.concurrent.FutureTask.run(FutureTask.java:266)
	at java.util.concurrent.ThreadPoolExecutor.runWorker(ThreadPoolExecutor.java:1149)
	at java.util.concurrent.ThreadPoolExecutor$Worker.run(ThreadPoolExecutor.java:624)
	... 1 more
Caused by: org.apache.ratis.thirdparty.io.netty.channel.AbstractChannel$AnnotatedConnectException: Connection refused: /192.168.157.233:35716
	at sun.nio.ch.SocketChannelImpl.checkConnect(Native Method)
	at sun.nio.ch.SocketChannelImpl.finishConnect(SocketChannelImpl.java:717)
	at org.apache.ratis.thirdparty.io.netty.channel.socket.nio.NioSocketChannel.doFinishConnect(NioSocketChannel.java:327)
	at org.apache.ratis.thirdparty.io.netty.channel.nio.AbstractNioChannel$AbstractNioUnsafe.finishConnect(AbstractNioChannel.java:340)
	at org.apache.ratis.thirdparty.io.netty.channel.nio.NioEventLoop.processSelectedKey(NioEventLoop.java:632)
	at org.apache.ratis.thirdparty.io.netty.channel.nio.NioEventLoop.processSelectedKeysOptimized(NioEventLoop.java:579)
	at org.apache.ratis.thirdparty.io.netty.channel.nio.NioEventLoop.processSelectedKeys(NioEventLoop.java:496)
	at org.apache.ratis.thirdparty.io.netty.channel.nio.NioEventLoop.run(NioEventLoop.java:458)
	at org.apache.ratis.thirdparty.io.netty.util.concurrent.SingleThreadEventExecutor$5.run(SingleThreadEventExecutor.java:897)
	at org.apache.ratis.thirdparty.io.netty.util.concurrent.FastThreadLocalRunnable.run(FastThreadLocalRunnable.java:30)
	... 1 more
Caused by: java.net.ConnectException: Connection refused
	... 11 more
2019-10-25 11:08:03,991 [f6cfa8a2-85ff-4bb9-a246-101c53d2d47b@group-49E82E920F3F-LeaderElection634] INFO  impl.LeaderElection (LogUtils.java:infoOrTrace(149)) - f6cfa8a2-85ff-4bb9-a246-101c53d2d47b@group-49E82E920F3F-LeaderElection634 got exception when requesting votes: {}
java.util.concurrent.ExecutionException: org.apache.ratis.thirdparty.io.grpc.StatusRuntimeException: UNAVAILABLE: io exception
	at java.util.concurrent.FutureTask.report(FutureTask.java:122)
	at java.util.concurrent.FutureTask.get(FutureTask.java:192)
	at org.apache.ratis.server.impl.LeaderElection.waitForResults(LeaderElection.java:259)
	at org.apache.ratis.server.impl.LeaderElection.askForVotes(LeaderElection.java:197)
	at org.apache.ratis.server.impl.LeaderElection.run(LeaderElection.java:133)
	at java.lang.Thread.run(Thread.java:748)
Caused by: org.apache.ratis.thirdparty.io.grpc.StatusRuntimeException: UNAVAILABLE: io exception
	at org.apache.ratis.thirdparty.io.grpc.stub.ClientCalls.toStatusRuntimeException(ClientCalls.java:233)
	at org.apache.ratis.thirdparty.io.grpc.stub.ClientCalls.getUnchecked(ClientCalls.java:214)
	at org.apache.ratis.thirdparty.io.grpc.stub.ClientCalls.blockingUnaryCall(ClientCalls.java:139)
	at org.apache.ratis.proto.grpc.RaftServerProtocolServiceGrpc$RaftServerProtocolServiceBlockingStub.requestVote(RaftServerProtocolServiceGrpc.java:265)
	at org.apache.ratis.grpc.server.GrpcServerProtocolClient.requestVote(GrpcServerProtocolClient.java:99)
	at org.apache.ratis.grpc.server.GrpcService.requestVote(GrpcService.java:204)
	at org.apache.ratis.server.impl.LeaderElection.lambda$submitRequests$1(LeaderElection.java:234)
	at java.util.concurrent.FutureTask.run(FutureTask.java:266)
	at java.util.concurrent.Executors$RunnableAdapter.call(Executors.java:511)
	at java.util.concurrent.FutureTask.run(FutureTask.java:266)
	at java.util.concurrent.ThreadPoolExecutor.runWorker(ThreadPoolExecutor.java:1149)
	at java.util.concurrent.ThreadPoolExecutor$Worker.run(ThreadPoolExecutor.java:624)
	... 1 more
Caused by: org.apache.ratis.thirdparty.io.netty.channel.AbstractChannel$AnnotatedConnectException: Connection refused: /192.168.157.233:42906
	at sun.nio.ch.SocketChannelImpl.checkConnect(Native Method)
	at sun.nio.ch.SocketChannelImpl.finishConnect(SocketChannelImpl.java:717)
	at org.apache.ratis.thirdparty.io.netty.channel.socket.nio.NioSocketChannel.doFinishConnect(NioSocketChannel.java:327)
	at org.apache.ratis.thirdparty.io.netty.channel.nio.AbstractNioChannel$AbstractNioUnsafe.finishConnect(AbstractNioChannel.java:340)
	at org.apache.ratis.thirdparty.io.netty.channel.nio.NioEventLoop.processSelectedKey(NioEventLoop.java:632)
	at org.apache.ratis.thirdparty.io.netty.channel.nio.NioEventLoop.processSelectedKeysOptimized(NioEventLoop.java:579)
	at org.apache.ratis.thirdparty.io.netty.channel.nio.NioEventLoop.processSelectedKeys(NioEventLoop.java:496)
	at org.apache.ratis.thirdparty.io.netty.channel.nio.NioEventLoop.run(NioEventLoop.java:458)
	at org.apache.ratis.thirdparty.io.netty.util.concurrent.SingleThreadEventExecutor$5.run(SingleThreadEventExecutor.java:897)
	at org.apache.ratis.thirdparty.io.netty.util.concurrent.FastThreadLocalRunnable.run(FastThreadLocalRunnable.java:30)
	... 1 more
Caused by: java.net.ConnectException: Connection refused
	... 11 more
2019-10-25 11:08:03,991 [f6cfa8a2-85ff-4bb9-a246-101c53d2d47b@group-49E82E920F3F-LeaderElection634] INFO  impl.LeaderElection (LeaderElection.java:logAndReturn(56)) - f6cfa8a2-85ff-4bb9-a246-101c53d2d47b@group-49E82E920F3F-LeaderElection634: Election REJECTED; received 0 response(s) [] and 2 exception(s); f6cfa8a2-85ff-4bb9-a246-101c53d2d47b@group-49E82E920F3F:t224, leader=null, voted=f6cfa8a2-85ff-4bb9-a246-101c53d2d47b, raftlog=f6cfa8a2-85ff-4bb9-a246-101c53d2d47b@group-49E82E920F3F-SegmentedRaftLog:OPENED:c-1,f-1,i0, conf=-1: [7fad1e98-7a6b-4998-a30c-ec1ab88068bc:192.168.157.233:35716, bdb27072-dd00-4d3b-a7da-41600e490ca3:192.168.157.233:42906, f6cfa8a2-85ff-4bb9-a246-101c53d2d47b:192.168.157.233:44618], old=null
2019-10-25 11:08:03,991 [f6cfa8a2-85ff-4bb9-a246-101c53d2d47b@group-49E82E920F3F-LeaderElection634] INFO  impl.LeaderElection (LogUtils.java:infoOrTrace(149)) -   Exception 0: {}
java.util.concurrent.ExecutionException: org.apache.ratis.thirdparty.io.grpc.StatusRuntimeException: UNAVAILABLE: io exception
	at java.util.concurrent.FutureTask.report(FutureTask.java:122)
	at java.util.concurrent.FutureTask.get(FutureTask.java:192)
	at org.apache.ratis.server.impl.LeaderElection.waitForResults(LeaderElection.java:259)
	at org.apache.ratis.server.impl.LeaderElection.askForVotes(LeaderElection.java:197)
	at org.apache.ratis.server.impl.LeaderElection.run(LeaderElection.java:133)
	at java.lang.Thread.run(Thread.java:748)
Caused by: org.apache.ratis.thirdparty.io.grpc.StatusRuntimeException: UNAVAILABLE: io exception
	at org.apache.ratis.thirdparty.io.grpc.stub.ClientCalls.toStatusRuntimeException(ClientCalls.java:233)
	at org.apache.ratis.thirdparty.io.grpc.stub.ClientCalls.getUnchecked(ClientCalls.java:214)
	at org.apache.ratis.thirdparty.io.grpc.stub.ClientCalls.blockingUnaryCall(ClientCalls.java:139)
	at org.apache.ratis.proto.grpc.RaftServerProtocolServiceGrpc$RaftServerProtocolServiceBlockingStub.requestVote(RaftServerProtocolServiceGrpc.java:265)
	at org.apache.ratis.grpc.server.GrpcServerProtocolClient.requestVote(GrpcServerProtocolClient.java:99)
	at org.apache.ratis.grpc.server.GrpcService.requestVote(GrpcService.java:204)
	at org.apache.ratis.server.impl.LeaderElection.lambda$submitRequests$1(LeaderElection.java:234)
	at java.util.concurrent.FutureTask.run(FutureTask.java:266)
	at java.util.concurrent.Executors$RunnableAdapter.call(Executors.java:511)
	at java.util.concurrent.FutureTask.run(FutureTask.java:266)
	at java.util.concurrent.ThreadPoolExecutor.runWorker(ThreadPoolExecutor.java:1149)
	at java.util.concurrent.ThreadPoolExecutor$Worker.run(ThreadPoolExecutor.java:624)
	... 1 more
Caused by: org.apache.ratis.thirdparty.io.netty.channel.AbstractChannel$AnnotatedConnectException: Connection refused: /192.168.157.233:35716
	at sun.nio.ch.SocketChannelImpl.checkConnect(Native Method)
	at sun.nio.ch.SocketChannelImpl.finishConnect(SocketChannelImpl.java:717)
	at org.apache.ratis.thirdparty.io.netty.channel.socket.nio.NioSocketChannel.doFinishConnect(NioSocketChannel.java:327)
	at org.apache.ratis.thirdparty.io.netty.channel.nio.AbstractNioChannel$AbstractNioUnsafe.finishConnect(AbstractNioChannel.java:340)
	at org.apache.ratis.thirdparty.io.netty.channel.nio.NioEventLoop.processSelectedKey(NioEventLoop.java:632)
	at org.apache.ratis.thirdparty.io.netty.channel.nio.NioEventLoop.processSelectedKeysOptimized(NioEventLoop.java:579)
	at org.apache.ratis.thirdparty.io.netty.channel.nio.NioEventLoop.processSelectedKeys(NioEventLoop.java:496)
	at org.apache.ratis.thirdparty.io.netty.channel.nio.NioEventLoop.run(NioEventLoop.java:458)
	at org.apache.ratis.thirdparty.io.netty.util.concurrent.SingleThreadEventExecutor$5.run(SingleThreadEventExecutor.java:897)
	at org.apache.ratis.thirdparty.io.netty.util.concurrent.FastThreadLocalRunnable.run(FastThreadLocalRunnable.java:30)
	... 1 more
Caused by: java.net.ConnectException: Connection refused
	... 11 more
2019-10-25 11:08:03,992 [f6cfa8a2-85ff-4bb9-a246-101c53d2d47b@group-49E82E920F3F-LeaderElection634] INFO  impl.LeaderElection (LogUtils.java:infoOrTrace(149)) -   Exception 1: {}
java.util.concurrent.ExecutionException: org.apache.ratis.thirdparty.io.grpc.StatusRuntimeException: UNAVAILABLE: io exception
	at java.util.concurrent.FutureTask.report(FutureTask.java:122)
	at java.util.concurrent.FutureTask.get(FutureTask.java:192)
	at org.apache.ratis.server.impl.LeaderElection.waitForResults(LeaderElection.java:259)
	at org.apache.ratis.server.impl.LeaderElection.askForVotes(LeaderElection.java:197)
	at org.apache.ratis.server.impl.LeaderElection.run(LeaderElection.java:133)
	at java.lang.Thread.run(Thread.java:748)
Caused by: org.apache.ratis.thirdparty.io.grpc.StatusRuntimeException: UNAVAILABLE: io exception
	at org.apache.ratis.thirdparty.io.grpc.stub.ClientCalls.toStatusRuntimeException(ClientCalls.java:233)
	at org.apache.ratis.thirdparty.io.grpc.stub.ClientCalls.getUnchecked(ClientCalls.java:214)
	at org.apache.ratis.thirdparty.io.grpc.stub.ClientCalls.blockingUnaryCall(ClientCalls.java:139)
	at org.apache.ratis.proto.grpc.RaftServerProtocolServiceGrpc$RaftServerProtocolServiceBlockingStub.requestVote(RaftServerProtocolServiceGrpc.java:265)
	at org.apache.ratis.grpc.server.GrpcServerProtocolClient.requestVote(GrpcServerProtocolClient.java:99)
	at org.apache.ratis.grpc.server.GrpcService.requestVote(GrpcService.java:204)
	at org.apache.ratis.server.impl.LeaderElection.lambda$submitRequests$1(LeaderElection.java:234)
	at java.util.concurrent.FutureTask.run(FutureTask.java:266)
	at java.util.concurrent.Executors$RunnableAdapter.call(Executors.java:511)
	at java.util.concurrent.FutureTask.run(FutureTask.java:266)
	at java.util.concurrent.ThreadPoolExecutor.runWorker(ThreadPoolExecutor.java:1149)
	at java.util.concurrent.ThreadPoolExecutor$Worker.run(ThreadPoolExecutor.java:624)
	... 1 more
Caused by: org.apache.ratis.thirdparty.io.netty.channel.AbstractChannel$AnnotatedConnectException: Connection refused: /192.168.157.233:42906
	at sun.nio.ch.SocketChannelImpl.checkConnect(Native Method)
	at sun.nio.ch.SocketChannelImpl.finishConnect(SocketChannelImpl.java:717)
	at org.apache.ratis.thirdparty.io.netty.channel.socket.nio.NioSocketChannel.doFinishConnect(NioSocketChannel.java:327)
	at org.apache.ratis.thirdparty.io.netty.channel.nio.AbstractNioChannel$AbstractNioUnsafe.finishConnect(AbstractNioChannel.java:340)
	at org.apache.ratis.thirdparty.io.netty.channel.nio.NioEventLoop.processSelectedKey(NioEventLoop.java:632)
	at org.apache.ratis.thirdparty.io.netty.channel.nio.NioEventLoop.processSelectedKeysOptimized(NioEventLoop.java:579)
	at org.apache.ratis.thirdparty.io.netty.channel.nio.NioEventLoop.processSelectedKeys(NioEventLoop.java:496)
	at org.apache.ratis.thirdparty.io.netty.channel.nio.NioEventLoop.run(NioEventLoop.java:458)
	at org.apache.ratis.thirdparty.io.netty.util.concurrent.SingleThreadEventExecutor$5.run(SingleThreadEventExecutor.java:897)
	at org.apache.ratis.thirdparty.io.netty.util.concurrent.FastThreadLocalRunnable.run(FastThreadLocalRunnable.java:30)
	... 1 more
Caused by: java.net.ConnectException: Connection refused
	... 11 more
2019-10-25 11:08:03,992 [f6cfa8a2-85ff-4bb9-a246-101c53d2d47b@group-49E82E920F3F-LeaderElection634] INFO  impl.RaftServerImpl (RaftServerImpl.java:setRole(184)) - f6cfa8a2-85ff-4bb9-a246-101c53d2d47b@group-49E82E920F3F: changes role from CANDIDATE to FOLLOWER at term 224 for DISCOVERED_A_NEW_TERM
2019-10-25 11:08:03,992 [f6cfa8a2-85ff-4bb9-a246-101c53d2d47b@group-49E82E920F3F-LeaderElection634] INFO  impl.RoleInfo (RoleInfo.java:shutdownLeaderElection(134)) - f6cfa8a2-85ff-4bb9-a246-101c53d2d47b: shutdown LeaderElection
2019-10-25 11:08:03,992 [f6cfa8a2-85ff-4bb9-a246-101c53d2d47b@group-49E82E920F3F-LeaderElection634] INFO  impl.RoleInfo (RoleInfo.java:updateAndGet(143)) - f6cfa8a2-85ff-4bb9-a246-101c53d2d47b: start FollowerState
2019-10-25 11:08:04,020 [Thread-5138] INFO  impl.FollowerState (FollowerState.java:run(108)) - f6cfa8a2-85ff-4bb9-a246-101c53d2d47b@group-49E82E920F3F-FollowerState: change to CANDIDATE, lastRpcTime:28ms, electionTimeout:28ms
2019-10-25 11:08:04,021 [Thread-5138] INFO  impl.RoleInfo (RoleInfo.java:shutdownFollowerState(121)) - f6cfa8a2-85ff-4bb9-a246-101c53d2d47b: shutdown FollowerState
2019-10-25 11:08:04,021 [Thread-5138] INFO  impl.RaftServerImpl (RaftServerImpl.java:setRole(184)) - f6cfa8a2-85ff-4bb9-a246-101c53d2d47b@group-49E82E920F3F: changes role from  FOLLOWER to CANDIDATE at term 224 for changeToCandidate
2019-10-25 11:08:04,021 [Thread-5138] INFO  impl.RoleInfo (RoleInfo.java:updateAndGet(143)) - f6cfa8a2-85ff-4bb9-a246-101c53d2d47b: start LeaderElection
2019-10-25 11:08:04,035 [f6cfa8a2-85ff-4bb9-a246-101c53d2d47b@group-49E82E920F3F-LeaderElection635] INFO  impl.LeaderElection (LeaderElection.java:askForVotes(178)) - f6cfa8a2-85ff-4bb9-a246-101c53d2d47b@group-49E82E920F3F-LeaderElection635: begin an election at term 225 for -1: [7fad1e98-7a6b-4998-a30c-ec1ab88068bc:192.168.157.233:35716, bdb27072-dd00-4d3b-a7da-41600e490ca3:192.168.157.233:42906, f6cfa8a2-85ff-4bb9-a246-101c53d2d47b:192.168.157.233:44618], old=null
2019-10-25 11:08:04,035 [f6cfa8a2-85ff-4bb9-a246-101c53d2d47b@group-49E82E920F3F-LeaderElection635] INFO  impl.LeaderElection (LogUtils.java:infoOrTrace(149)) - f6cfa8a2-85ff-4bb9-a246-101c53d2d47b@group-49E82E920F3F-LeaderElection635 got exception when requesting votes: {}
java.util.concurrent.ExecutionException: org.apache.ratis.thirdparty.io.grpc.StatusRuntimeException: UNAVAILABLE: io exception
	at java.util.concurrent.FutureTask.report(FutureTask.java:122)
	at java.util.concurrent.FutureTask.get(FutureTask.java:192)
	at org.apache.ratis.server.impl.LeaderElection.waitForResults(LeaderElection.java:259)
	at org.apache.ratis.server.impl.LeaderElection.askForVotes(LeaderElection.java:197)
	at org.apache.ratis.server.impl.LeaderElection.run(LeaderElection.java:133)
	at java.lang.Thread.run(Thread.java:748)
Caused by: org.apache.ratis.thirdparty.io.grpc.StatusRuntimeException: UNAVAILABLE: io exception
	at org.apache.ratis.thirdparty.io.grpc.stub.ClientCalls.toStatusRuntimeException(ClientCalls.java:233)
	at org.apache.ratis.thirdparty.io.grpc.stub.ClientCalls.getUnchecked(ClientCalls.java:214)
	at org.apache.ratis.thirdparty.io.grpc.stub.ClientCalls.blockingUnaryCall(ClientCalls.java:139)
	at org.apache.ratis.proto.grpc.RaftServerProtocolServiceGrpc$RaftServerProtocolServiceBlockingStub.requestVote(RaftServerProtocolServiceGrpc.java:265)
	at org.apache.ratis.grpc.server.GrpcServerProtocolClient.requestVote(GrpcServerProtocolClient.java:99)
	at org.apache.ratis.grpc.server.GrpcService.requestVote(GrpcService.java:204)
	at org.apache.ratis.server.impl.LeaderElection.lambda$submitRequests$1(LeaderElection.java:234)
	at java.util.concurrent.FutureTask.run(FutureTask.java:266)
	at java.util.concurrent.Executors$RunnableAdapter.call(Executors.java:511)
	at java.util.concurrent.FutureTask.run(FutureTask.java:266)
	at java.util.concurrent.ThreadPoolExecutor.runWorker(ThreadPoolExecutor.java:1149)
	at java.util.concurrent.ThreadPoolExecutor$Worker.run(ThreadPoolExecutor.java:624)
	... 1 more
Caused by: org.apache.ratis.thirdparty.io.netty.channel.AbstractChannel$AnnotatedConnectException: Connection refused: /192.168.157.233:35716
	at sun.nio.ch.SocketChannelImpl.checkConnect(Native Method)
	at sun.nio.ch.SocketChannelImpl.finishConnect(SocketChannelImpl.java:717)
	at org.apache.ratis.thirdparty.io.netty.channel.socket.nio.NioSocketChannel.doFinishConnect(NioSocketChannel.java:327)
	at org.apache.ratis.thirdparty.io.netty.channel.nio.AbstractNioChannel$AbstractNioUnsafe.finishConnect(AbstractNioChannel.java:340)
	at org.apache.ratis.thirdparty.io.netty.channel.nio.NioEventLoop.processSelectedKey(NioEventLoop.java:632)
	at org.apache.ratis.thirdparty.io.netty.channel.nio.NioEventLoop.processSelectedKeysOptimized(NioEventLoop.java:579)
	at org.apache.ratis.thirdparty.io.netty.channel.nio.NioEventLoop.processSelectedKeys(NioEventLoop.java:496)
	at org.apache.ratis.thirdparty.io.netty.channel.nio.NioEventLoop.run(NioEventLoop.java:458)
	at org.apache.ratis.thirdparty.io.netty.util.concurrent.SingleThreadEventExecutor$5.run(SingleThreadEventExecutor.java:897)
	at org.apache.ratis.thirdparty.io.netty.util.concurrent.FastThreadLocalRunnable.run(FastThreadLocalRunnable.java:30)
	... 1 more
Caused by: java.net.ConnectException: Connection refused
	... 11 more
2019-10-25 11:08:04,036 [f6cfa8a2-85ff-4bb9-a246-101c53d2d47b@group-49E82E920F3F-LeaderElection635] INFO  impl.LeaderElection (LogUtils.java:infoOrTrace(149)) - f6cfa8a2-85ff-4bb9-a246-101c53d2d47b@group-49E82E920F3F-LeaderElection635 got exception when requesting votes: {}
java.util.concurrent.ExecutionException: org.apache.ratis.thirdparty.io.grpc.StatusRuntimeException: UNAVAILABLE: io exception
	at java.util.concurrent.FutureTask.report(FutureTask.java:122)
	at java.util.concurrent.FutureTask.get(FutureTask.java:192)
	at org.apache.ratis.server.impl.LeaderElection.waitForResults(LeaderElection.java:259)
	at org.apache.ratis.server.impl.LeaderElection.askForVotes(LeaderElection.java:197)
	at org.apache.ratis.server.impl.LeaderElection.run(LeaderElection.java:133)
	at java.lang.Thread.run(Thread.java:748)
Caused by: org.apache.ratis.thirdparty.io.grpc.StatusRuntimeException: UNAVAILABLE: io exception
	at org.apache.ratis.thirdparty.io.grpc.stub.ClientCalls.toStatusRuntimeException(ClientCalls.java:233)
	at org.apache.ratis.thirdparty.io.grpc.stub.ClientCalls.getUnchecked(ClientCalls.java:214)
	at org.apache.ratis.thirdparty.io.grpc.stub.ClientCalls.blockingUnaryCall(ClientCalls.java:139)
	at org.apache.ratis.proto.grpc.RaftServerProtocolServiceGrpc$RaftServerProtocolServiceBlockingStub.requestVote(RaftServerProtocolServiceGrpc.java:265)
	at org.apache.ratis.grpc.server.GrpcServerProtocolClient.requestVote(GrpcServerProtocolClient.java:99)
	at org.apache.ratis.grpc.server.GrpcService.requestVote(GrpcService.java:204)
	at org.apache.ratis.server.impl.LeaderElection.lambda$submitRequests$1(LeaderElection.java:234)
	at java.util.concurrent.FutureTask.run(FutureTask.java:266)
	at java.util.concurrent.Executors$RunnableAdapter.call(Executors.java:511)
	at java.util.concurrent.FutureTask.run(FutureTask.java:266)
	at java.util.concurrent.ThreadPoolExecutor.runWorker(ThreadPoolExecutor.java:1149)
	at java.util.concurrent.ThreadPoolExecutor$Worker.run(ThreadPoolExecutor.java:624)
	... 1 more
Caused by: org.apache.ratis.thirdparty.io.netty.channel.AbstractChannel$AnnotatedConnectException: Connection refused: /192.168.157.233:42906
	at sun.nio.ch.SocketChannelImpl.checkConnect(Native Method)
	at sun.nio.ch.SocketChannelImpl.finishConnect(SocketChannelImpl.java:717)
	at org.apache.ratis.thirdparty.io.netty.channel.socket.nio.NioSocketChannel.doFinishConnect(NioSocketChannel.java:327)
	at org.apache.ratis.thirdparty.io.netty.channel.nio.AbstractNioChannel$AbstractNioUnsafe.finishConnect(AbstractNioChannel.java:340)
	at org.apache.ratis.thirdparty.io.netty.channel.nio.NioEventLoop.processSelectedKey(NioEventLoop.java:632)
	at org.apache.ratis.thirdparty.io.netty.channel.nio.NioEventLoop.processSelectedKeysOptimized(NioEventLoop.java:579)
	at org.apache.ratis.thirdparty.io.netty.channel.nio.NioEventLoop.processSelectedKeys(NioEventLoop.java:496)
	at org.apache.ratis.thirdparty.io.netty.channel.nio.NioEventLoop.run(NioEventLoop.java:458)
	at org.apache.ratis.thirdparty.io.netty.util.concurrent.SingleThreadEventExecutor$5.run(SingleThreadEventExecutor.java:897)
	at org.apache.ratis.thirdparty.io.netty.util.concurrent.FastThreadLocalRunnable.run(FastThreadLocalRunnable.java:30)
	... 1 more
Caused by: java.net.ConnectException: Connection refused
	... 11 more
2019-10-25 11:08:04,036 [f6cfa8a2-85ff-4bb9-a246-101c53d2d47b@group-49E82E920F3F-LeaderElection635] INFO  impl.LeaderElection (LeaderElection.java:logAndReturn(56)) - f6cfa8a2-85ff-4bb9-a246-101c53d2d47b@group-49E82E920F3F-LeaderElection635: Election REJECTED; received 0 response(s) [] and 2 exception(s); f6cfa8a2-85ff-4bb9-a246-101c53d2d47b@group-49E82E920F3F:t225, leader=null, voted=f6cfa8a2-85ff-4bb9-a246-101c53d2d47b, raftlog=f6cfa8a2-85ff-4bb9-a246-101c53d2d47b@group-49E82E920F3F-SegmentedRaftLog:OPENED:c-1,f-1,i0, conf=-1: [7fad1e98-7a6b-4998-a30c-ec1ab88068bc:192.168.157.233:35716, bdb27072-dd00-4d3b-a7da-41600e490ca3:192.168.157.233:42906, f6cfa8a2-85ff-4bb9-a246-101c53d2d47b:192.168.157.233:44618], old=null
2019-10-25 11:08:04,036 [f6cfa8a2-85ff-4bb9-a246-101c53d2d47b@group-49E82E920F3F-LeaderElection635] INFO  impl.LeaderElection (LogUtils.java:infoOrTrace(149)) -   Exception 0: {}
java.util.concurrent.ExecutionException: org.apache.ratis.thirdparty.io.grpc.StatusRuntimeException: UNAVAILABLE: io exception
	at java.util.concurrent.FutureTask.report(FutureTask.java:122)
	at java.util.concurrent.FutureTask.get(FutureTask.java:192)
	at org.apache.ratis.server.impl.LeaderElection.waitForResults(LeaderElection.java:259)
	at org.apache.ratis.server.impl.LeaderElection.askForVotes(LeaderElection.java:197)
	at org.apache.ratis.server.impl.LeaderElection.run(LeaderElection.java:133)
	at java.lang.Thread.run(Thread.java:748)
Caused by: org.apache.ratis.thirdparty.io.grpc.StatusRuntimeException: UNAVAILABLE: io exception
	at org.apache.ratis.thirdparty.io.grpc.stub.ClientCalls.toStatusRuntimeException(ClientCalls.java:233)
	at org.apache.ratis.thirdparty.io.grpc.stub.ClientCalls.getUnchecked(ClientCalls.java:214)
	at org.apache.ratis.thirdparty.io.grpc.stub.ClientCalls.blockingUnaryCall(ClientCalls.java:139)
	at org.apache.ratis.proto.grpc.RaftServerProtocolServiceGrpc$RaftServerProtocolServiceBlockingStub.requestVote(RaftServerProtocolServiceGrpc.java:265)
	at org.apache.ratis.grpc.server.GrpcServerProtocolClient.requestVote(GrpcServerProtocolClient.java:99)
	at org.apache.ratis.grpc.server.GrpcService.requestVote(GrpcService.java:204)
	at org.apache.ratis.server.impl.LeaderElection.lambda$submitRequests$1(LeaderElection.java:234)
	at java.util.concurrent.FutureTask.run(FutureTask.java:266)
	at java.util.concurrent.Executors$RunnableAdapter.call(Executors.java:511)
	at java.util.concurrent.FutureTask.run(FutureTask.java:266)
	at java.util.concurrent.ThreadPoolExecutor.runWorker(ThreadPoolExecutor.java:1149)
	at java.util.concurrent.ThreadPoolExecutor$Worker.run(ThreadPoolExecutor.java:624)
	... 1 more
Caused by: org.apache.ratis.thirdparty.io.netty.channel.AbstractChannel$AnnotatedConnectException: Connection refused: /192.168.157.233:35716
	at sun.nio.ch.SocketChannelImpl.checkConnect(Native Method)
	at sun.nio.ch.SocketChannelImpl.finishConnect(SocketChannelImpl.java:717)
	at org.apache.ratis.thirdparty.io.netty.channel.socket.nio.NioSocketChannel.doFinishConnect(NioSocketChannel.java:327)
	at org.apache.ratis.thirdparty.io.netty.channel.nio.AbstractNioChannel$AbstractNioUnsafe.finishConnect(AbstractNioChannel.java:340)
	at org.apache.ratis.thirdparty.io.netty.channel.nio.NioEventLoop.processSelectedKey(NioEventLoop.java:632)
	at org.apache.ratis.thirdparty.io.netty.channel.nio.NioEventLoop.processSelectedKeysOptimized(NioEventLoop.java:579)
	at org.apache.ratis.thirdparty.io.netty.channel.nio.NioEventLoop.processSelectedKeys(NioEventLoop.java:496)
	at org.apache.ratis.thirdparty.io.netty.channel.nio.NioEventLoop.run(NioEventLoop.java:458)
	at org.apache.ratis.thirdparty.io.netty.util.concurrent.SingleThreadEventExecutor$5.run(SingleThreadEventExecutor.java:897)
	at org.apache.ratis.thirdparty.io.netty.util.concurrent.FastThreadLocalRunnable.run(FastThreadLocalRunnable.java:30)
	... 1 more
Caused by: java.net.ConnectException: Connection refused
	... 11 more
2019-10-25 11:08:04,036 [f6cfa8a2-85ff-4bb9-a246-101c53d2d47b@group-49E82E920F3F-LeaderElection635] INFO  impl.LeaderElection (LogUtils.java:infoOrTrace(149)) -   Exception 1: {}
java.util.concurrent.ExecutionException: org.apache.ratis.thirdparty.io.grpc.StatusRuntimeException: UNAVAILABLE: io exception
	at java.util.concurrent.FutureTask.report(FutureTask.java:122)
	at java.util.concurrent.FutureTask.get(FutureTask.java:192)
	at org.apache.ratis.server.impl.LeaderElection.waitForResults(LeaderElection.java:259)
	at org.apache.ratis.server.impl.LeaderElection.askForVotes(LeaderElection.java:197)
	at org.apache.ratis.server.impl.LeaderElection.run(LeaderElection.java:133)
	at java.lang.Thread.run(Thread.java:748)
Caused by: org.apache.ratis.thirdparty.io.grpc.StatusRuntimeException: UNAVAILABLE: io exception
	at org.apache.ratis.thirdparty.io.grpc.stub.ClientCalls.toStatusRuntimeException(ClientCalls.java:233)
	at org.apache.ratis.thirdparty.io.grpc.stub.ClientCalls.getUnchecked(ClientCalls.java:214)
	at org.apache.ratis.thirdparty.io.grpc.stub.ClientCalls.blockingUnaryCall(ClientCalls.java:139)
	at org.apache.ratis.proto.grpc.RaftServerProtocolServiceGrpc$RaftServerProtocolServiceBlockingStub.requestVote(RaftServerProtocolServiceGrpc.java:265)
	at org.apache.ratis.grpc.server.GrpcServerProtocolClient.requestVote(GrpcServerProtocolClient.java:99)
	at org.apache.ratis.grpc.server.GrpcService.requestVote(GrpcService.java:204)
	at org.apache.ratis.server.impl.LeaderElection.lambda$submitRequests$1(LeaderElection.java:234)
	at java.util.concurrent.FutureTask.run(FutureTask.java:266)
	at java.util.concurrent.Executors$RunnableAdapter.call(Executors.java:511)
	at java.util.concurrent.FutureTask.run(FutureTask.java:266)
	at java.util.concurrent.ThreadPoolExecutor.runWorker(ThreadPoolExecutor.java:1149)
	at java.util.concurrent.ThreadPoolExecutor$Worker.run(ThreadPoolExecutor.java:624)
	... 1 more
Caused by: org.apache.ratis.thirdparty.io.netty.channel.AbstractChannel$AnnotatedConnectException: Connection refused: /192.168.157.233:42906
	at sun.nio.ch.SocketChannelImpl.checkConnect(Native Method)
	at sun.nio.ch.SocketChannelImpl.finishConnect(SocketChannelImpl.java:717)
	at org.apache.ratis.thirdparty.io.netty.channel.socket.nio.NioSocketChannel.doFinishConnect(NioSocketChannel.java:327)
	at org.apache.ratis.thirdparty.io.netty.channel.nio.AbstractNioChannel$AbstractNioUnsafe.finishConnect(AbstractNioChannel.java:340)
	at org.apache.ratis.thirdparty.io.netty.channel.nio.NioEventLoop.processSelectedKey(NioEventLoop.java:632)
	at org.apache.ratis.thirdparty.io.netty.channel.nio.NioEventLoop.processSelectedKeysOptimized(NioEventLoop.java:579)
	at org.apache.ratis.thirdparty.io.netty.channel.nio.NioEventLoop.processSelectedKeys(NioEventLoop.java:496)
	at org.apache.ratis.thirdparty.io.netty.channel.nio.NioEventLoop.run(NioEventLoop.java:458)
	at org.apache.ratis.thirdparty.io.netty.util.concurrent.SingleThreadEventExecutor$5.run(SingleThreadEventExecutor.java:897)
	at org.apache.ratis.thirdparty.io.netty.util.concurrent.FastThreadLocalRunnable.run(FastThreadLocalRunnable.java:30)
	... 1 more
Caused by: java.net.ConnectException: Connection refused
	... 11 more
2019-10-25 11:08:04,037 [f6cfa8a2-85ff-4bb9-a246-101c53d2d47b@group-49E82E920F3F-LeaderElection635] INFO  impl.RaftServerImpl (RaftServerImpl.java:setRole(184)) - f6cfa8a2-85ff-4bb9-a246-101c53d2d47b@group-49E82E920F3F: changes role from CANDIDATE to FOLLOWER at term 225 for DISCOVERED_A_NEW_TERM
2019-10-25 11:08:04,037 [f6cfa8a2-85ff-4bb9-a246-101c53d2d47b@group-49E82E920F3F-LeaderElection635] INFO  impl.RoleInfo (RoleInfo.java:shutdownLeaderElection(134)) - f6cfa8a2-85ff-4bb9-a246-101c53d2d47b: shutdown LeaderElection
2019-10-25 11:08:04,037 [f6cfa8a2-85ff-4bb9-a246-101c53d2d47b@group-49E82E920F3F-LeaderElection635] INFO  impl.RoleInfo (RoleInfo.java:updateAndGet(143)) - f6cfa8a2-85ff-4bb9-a246-101c53d2d47b: start FollowerState
2019-10-25 11:08:04,071 [Thread-5142] INFO  impl.FollowerState (FollowerState.java:run(108)) - f6cfa8a2-85ff-4bb9-a246-101c53d2d47b@group-49E82E920F3F-FollowerState: change to CANDIDATE, lastRpcTime:34ms, electionTimeout:34ms
2019-10-25 11:08:04,071 [Thread-5142] INFO  impl.RoleInfo (RoleInfo.java:shutdownFollowerState(121)) - f6cfa8a2-85ff-4bb9-a246-101c53d2d47b: shutdown FollowerState
2019-10-25 11:08:04,072 [Thread-5142] INFO  impl.RaftServerImpl (RaftServerImpl.java:setRole(184)) - f6cfa8a2-85ff-4bb9-a246-101c53d2d47b@group-49E82E920F3F: changes role from  FOLLOWER to CANDIDATE at term 225 for changeToCandidate
2019-10-25 11:08:04,072 [Thread-5142] INFO  impl.RoleInfo (RoleInfo.java:updateAndGet(143)) - f6cfa8a2-85ff-4bb9-a246-101c53d2d47b: start LeaderElection
2019-10-25 11:08:04,093 [f6cfa8a2-85ff-4bb9-a246-101c53d2d47b@group-49E82E920F3F-LeaderElection636] INFO  impl.LeaderElection (LeaderElection.java:askForVotes(178)) - f6cfa8a2-85ff-4bb9-a246-101c53d2d47b@group-49E82E920F3F-LeaderElection636: begin an election at term 226 for -1: [7fad1e98-7a6b-4998-a30c-ec1ab88068bc:192.168.157.233:35716, bdb27072-dd00-4d3b-a7da-41600e490ca3:192.168.157.233:42906, f6cfa8a2-85ff-4bb9-a246-101c53d2d47b:192.168.157.233:44618], old=null
2019-10-25 11:08:04,094 [f6cfa8a2-85ff-4bb9-a246-101c53d2d47b@group-49E82E920F3F-LeaderElection636] INFO  impl.LeaderElection (LogUtils.java:infoOrTrace(149)) - f6cfa8a2-85ff-4bb9-a246-101c53d2d47b@group-49E82E920F3F-LeaderElection636 got exception when requesting votes: {}
java.util.concurrent.ExecutionException: org.apache.ratis.thirdparty.io.grpc.StatusRuntimeException: UNAVAILABLE: io exception
	at java.util.concurrent.FutureTask.report(FutureTask.java:122)
	at java.util.concurrent.FutureTask.get(FutureTask.java:192)
	at org.apache.ratis.server.impl.LeaderElection.waitForResults(LeaderElection.java:259)
	at org.apache.ratis.server.impl.LeaderElection.askForVotes(LeaderElection.java:197)
	at org.apache.ratis.server.impl.LeaderElection.run(LeaderElection.java:133)
	at java.lang.Thread.run(Thread.java:748)
Caused by: org.apache.ratis.thirdparty.io.grpc.StatusRuntimeException: UNAVAILABLE: io exception
	at org.apache.ratis.thirdparty.io.grpc.stub.ClientCalls.toStatusRuntimeException(ClientCalls.java:233)
	at org.apache.ratis.thirdparty.io.grpc.stub.ClientCalls.getUnchecked(ClientCalls.java:214)
	at org.apache.ratis.thirdparty.io.grpc.stub.ClientCalls.blockingUnaryCall(ClientCalls.java:139)
	at org.apache.ratis.proto.grpc.RaftServerProtocolServiceGrpc$RaftServerProtocolServiceBlockingStub.requestVote(RaftServerProtocolServiceGrpc.java:265)
	at org.apache.ratis.grpc.server.GrpcServerProtocolClient.requestVote(GrpcServerProtocolClient.java:99)
	at org.apache.ratis.grpc.server.GrpcService.requestVote(GrpcService.java:204)
	at org.apache.ratis.server.impl.LeaderElection.lambda$submitRequests$1(LeaderElection.java:234)
	at java.util.concurrent.FutureTask.run(FutureTask.java:266)
	at java.util.concurrent.Executors$RunnableAdapter.call(Executors.java:511)
	at java.util.concurrent.FutureTask.run(FutureTask.java:266)
	at java.util.concurrent.ThreadPoolExecutor.runWorker(ThreadPoolExecutor.java:1149)
	at java.util.concurrent.ThreadPoolExecutor$Worker.run(ThreadPoolExecutor.java:624)
	... 1 more
Caused by: org.apache.ratis.thirdparty.io.netty.channel.AbstractChannel$AnnotatedConnectException: Connection refused: /192.168.157.233:35716
	at sun.nio.ch.SocketChannelImpl.checkConnect(Native Method)
	at sun.nio.ch.SocketChannelImpl.finishConnect(SocketChannelImpl.java:717)
	at org.apache.ratis.thirdparty.io.netty.channel.socket.nio.NioSocketChannel.doFinishConnect(NioSocketChannel.java:327)
	at org.apache.ratis.thirdparty.io.netty.channel.nio.AbstractNioChannel$AbstractNioUnsafe.finishConnect(AbstractNioChannel.java:340)
	at org.apache.ratis.thirdparty.io.netty.channel.nio.NioEventLoop.processSelectedKey(NioEventLoop.java:632)
	at org.apache.ratis.thirdparty.io.netty.channel.nio.NioEventLoop.processSelectedKeysOptimized(NioEventLoop.java:579)
	at org.apache.ratis.thirdparty.io.netty.channel.nio.NioEventLoop.processSelectedKeys(NioEventLoop.java:496)
	at org.apache.ratis.thirdparty.io.netty.channel.nio.NioEventLoop.run(NioEventLoop.java:458)
	at org.apache.ratis.thirdparty.io.netty.util.concurrent.SingleThreadEventExecutor$5.run(SingleThreadEventExecutor.java:897)
	at org.apache.ratis.thirdparty.io.netty.util.concurrent.FastThreadLocalRunnable.run(FastThreadLocalRunnable.java:30)
	... 1 more
Caused by: java.net.ConnectException: Connection refused
	... 11 more
2019-10-25 11:08:04,094 [f6cfa8a2-85ff-4bb9-a246-101c53d2d47b@group-49E82E920F3F-LeaderElection636] INFO  impl.LeaderElection (LogUtils.java:infoOrTrace(149)) - f6cfa8a2-85ff-4bb9-a246-101c53d2d47b@group-49E82E920F3F-LeaderElection636 got exception when requesting votes: {}
java.util.concurrent.ExecutionException: org.apache.ratis.thirdparty.io.grpc.StatusRuntimeException: UNAVAILABLE: io exception
	at java.util.concurrent.FutureTask.report(FutureTask.java:122)
	at java.util.concurrent.FutureTask.get(FutureTask.java:192)
	at org.apache.ratis.server.impl.LeaderElection.waitForResults(LeaderElection.java:259)
	at org.apache.ratis.server.impl.LeaderElection.askForVotes(LeaderElection.java:197)
	at org.apache.ratis.server.impl.LeaderElection.run(LeaderElection.java:133)
	at java.lang.Thread.run(Thread.java:748)
Caused by: org.apache.ratis.thirdparty.io.grpc.StatusRuntimeException: UNAVAILABLE: io exception
	at org.apache.ratis.thirdparty.io.grpc.stub.ClientCalls.toStatusRuntimeException(ClientCalls.java:233)
	at org.apache.ratis.thirdparty.io.grpc.stub.ClientCalls.getUnchecked(ClientCalls.java:214)
	at org.apache.ratis.thirdparty.io.grpc.stub.ClientCalls.blockingUnaryCall(ClientCalls.java:139)
	at org.apache.ratis.proto.grpc.RaftServerProtocolServiceGrpc$RaftServerProtocolServiceBlockingStub.requestVote(RaftServerProtocolServiceGrpc.java:265)
	at org.apache.ratis.grpc.server.GrpcServerProtocolClient.requestVote(GrpcServerProtocolClient.java:99)
	at org.apache.ratis.grpc.server.GrpcService.requestVote(GrpcService.java:204)
	at org.apache.ratis.server.impl.LeaderElection.lambda$submitRequests$1(LeaderElection.java:234)
	at java.util.concurrent.FutureTask.run(FutureTask.java:266)
	at java.util.concurrent.Executors$RunnableAdapter.call(Executors.java:511)
	at java.util.concurrent.FutureTask.run(FutureTask.java:266)
	at java.util.concurrent.ThreadPoolExecutor.runWorker(ThreadPoolExecutor.java:1149)
	at java.util.concurrent.ThreadPoolExecutor$Worker.run(ThreadPoolExecutor.java:624)
	... 1 more
Caused by: org.apache.ratis.thirdparty.io.netty.channel.AbstractChannel$AnnotatedConnectException: Connection refused: /192.168.157.233:42906
	at sun.nio.ch.SocketChannelImpl.checkConnect(Native Method)
	at sun.nio.ch.SocketChannelImpl.finishConnect(SocketChannelImpl.java:717)
	at org.apache.ratis.thirdparty.io.netty.channel.socket.nio.NioSocketChannel.doFinishConnect(NioSocketChannel.java:327)
	at org.apache.ratis.thirdparty.io.netty.channel.nio.AbstractNioChannel$AbstractNioUnsafe.finishConnect(AbstractNioChannel.java:340)
	at org.apache.ratis.thirdparty.io.netty.channel.nio.NioEventLoop.processSelectedKey(NioEventLoop.java:632)
	at org.apache.ratis.thirdparty.io.netty.channel.nio.NioEventLoop.processSelectedKeysOptimized(NioEventLoop.java:579)
	at org.apache.ratis.thirdparty.io.netty.channel.nio.NioEventLoop.processSelectedKeys(NioEventLoop.java:496)
	at org.apache.ratis.thirdparty.io.netty.channel.nio.NioEventLoop.run(NioEventLoop.java:458)
	at org.apache.ratis.thirdparty.io.netty.util.concurrent.SingleThreadEventExecutor$5.run(SingleThreadEventExecutor.java:897)
	at org.apache.ratis.thirdparty.io.netty.util.concurrent.FastThreadLocalRunnable.run(FastThreadLocalRunnable.java:30)
	... 1 more
Caused by: java.net.ConnectException: Connection refused
	... 11 more
2019-10-25 11:08:04,095 [f6cfa8a2-85ff-4bb9-a246-101c53d2d47b@group-49E82E920F3F-LeaderElection636] INFO  impl.LeaderElection (LeaderElection.java:logAndReturn(56)) - f6cfa8a2-85ff-4bb9-a246-101c53d2d47b@group-49E82E920F3F-LeaderElection636: Election REJECTED; received 0 response(s) [] and 2 exception(s); f6cfa8a2-85ff-4bb9-a246-101c53d2d47b@group-49E82E920F3F:t226, leader=null, voted=f6cfa8a2-85ff-4bb9-a246-101c53d2d47b, raftlog=f6cfa8a2-85ff-4bb9-a246-101c53d2d47b@group-49E82E920F3F-SegmentedRaftLog:OPENED:c-1,f-1,i0, conf=-1: [7fad1e98-7a6b-4998-a30c-ec1ab88068bc:192.168.157.233:35716, bdb27072-dd00-4d3b-a7da-41600e490ca3:192.168.157.233:42906, f6cfa8a2-85ff-4bb9-a246-101c53d2d47b:192.168.157.233:44618], old=null
2019-10-25 11:08:04,095 [f6cfa8a2-85ff-4bb9-a246-101c53d2d47b@group-49E82E920F3F-LeaderElection636] INFO  impl.LeaderElection (LogUtils.java:infoOrTrace(149)) -   Exception 0: {}
java.util.concurrent.ExecutionException: org.apache.ratis.thirdparty.io.grpc.StatusRuntimeException: UNAVAILABLE: io exception
	at java.util.concurrent.FutureTask.report(FutureTask.java:122)
	at java.util.concurrent.FutureTask.get(FutureTask.java:192)
	at org.apache.ratis.server.impl.LeaderElection.waitForResults(LeaderElection.java:259)
	at org.apache.ratis.server.impl.LeaderElection.askForVotes(LeaderElection.java:197)
	at org.apache.ratis.server.impl.LeaderElection.run(LeaderElection.java:133)
	at java.lang.Thread.run(Thread.java:748)
Caused by: org.apache.ratis.thirdparty.io.grpc.StatusRuntimeException: UNAVAILABLE: io exception
	at org.apache.ratis.thirdparty.io.grpc.stub.ClientCalls.toStatusRuntimeException(ClientCalls.java:233)
	at org.apache.ratis.thirdparty.io.grpc.stub.ClientCalls.getUnchecked(ClientCalls.java:214)
	at org.apache.ratis.thirdparty.io.grpc.stub.ClientCalls.blockingUnaryCall(ClientCalls.java:139)
	at org.apache.ratis.proto.grpc.RaftServerProtocolServiceGrpc$RaftServerProtocolServiceBlockingStub.requestVote(RaftServerProtocolServiceGrpc.java:265)
	at org.apache.ratis.grpc.server.GrpcServerProtocolClient.requestVote(GrpcServerProtocolClient.java:99)
	at org.apache.ratis.grpc.server.GrpcService.requestVote(GrpcService.java:204)
	at org.apache.ratis.server.impl.LeaderElection.lambda$submitRequests$1(LeaderElection.java:234)
	at java.util.concurrent.FutureTask.run(FutureTask.java:266)
	at java.util.concurrent.Executors$RunnableAdapter.call(Executors.java:511)
	at java.util.concurrent.FutureTask.run(FutureTask.java:266)
	at java.util.concurrent.ThreadPoolExecutor.runWorker(ThreadPoolExecutor.java:1149)
	at java.util.concurrent.ThreadPoolExecutor$Worker.run(ThreadPoolExecutor.java:624)
	... 1 more
Caused by: org.apache.ratis.thirdparty.io.netty.channel.AbstractChannel$AnnotatedConnectException: Connection refused: /192.168.157.233:35716
	at sun.nio.ch.SocketChannelImpl.checkConnect(Native Method)
	at sun.nio.ch.SocketChannelImpl.finishConnect(SocketChannelImpl.java:717)
	at org.apache.ratis.thirdparty.io.netty.channel.socket.nio.NioSocketChannel.doFinishConnect(NioSocketChannel.java:327)
	at org.apache.ratis.thirdparty.io.netty.channel.nio.AbstractNioChannel$AbstractNioUnsafe.finishConnect(AbstractNioChannel.java:340)
	at org.apache.ratis.thirdparty.io.netty.channel.nio.NioEventLoop.processSelectedKey(NioEventLoop.java:632)
	at org.apache.ratis.thirdparty.io.netty.channel.nio.NioEventLoop.processSelectedKeysOptimized(NioEventLoop.java:579)
	at org.apache.ratis.thirdparty.io.netty.channel.nio.NioEventLoop.processSelectedKeys(NioEventLoop.java:496)
	at org.apache.ratis.thirdparty.io.netty.channel.nio.NioEventLoop.run(NioEventLoop.java:458)
	at org.apache.ratis.thirdparty.io.netty.util.concurrent.SingleThreadEventExecutor$5.run(SingleThreadEventExecutor.java:897)
	at org.apache.ratis.thirdparty.io.netty.util.concurrent.FastThreadLocalRunnable.run(FastThreadLocalRunnable.java:30)
	... 1 more
Caused by: java.net.ConnectException: Connection refused
	... 11 more
2019-10-25 11:08:04,095 [f6cfa8a2-85ff-4bb9-a246-101c53d2d47b@group-49E82E920F3F-LeaderElection636] INFO  impl.LeaderElection (LogUtils.java:infoOrTrace(149)) -   Exception 1: {}
java.util.concurrent.ExecutionException: org.apache.ratis.thirdparty.io.grpc.StatusRuntimeException: UNAVAILABLE: io exception
	at java.util.concurrent.FutureTask.report(FutureTask.java:122)
	at java.util.concurrent.FutureTask.get(FutureTask.java:192)
	at org.apache.ratis.server.impl.LeaderElection.waitForResults(LeaderElection.java:259)
	at org.apache.ratis.server.impl.LeaderElection.askForVotes(LeaderElection.java:197)
	at org.apache.ratis.server.impl.LeaderElection.run(LeaderElection.java:133)
	at java.lang.Thread.run(Thread.java:748)
Caused by: org.apache.ratis.thirdparty.io.grpc.StatusRuntimeException: UNAVAILABLE: io exception
	at org.apache.ratis.thirdparty.io.grpc.stub.ClientCalls.toStatusRuntimeException(ClientCalls.java:233)
	at org.apache.ratis.thirdparty.io.grpc.stub.ClientCalls.getUnchecked(ClientCalls.java:214)
	at org.apache.ratis.thirdparty.io.grpc.stub.ClientCalls.blockingUnaryCall(ClientCalls.java:139)
	at org.apache.ratis.proto.grpc.RaftServerProtocolServiceGrpc$RaftServerProtocolServiceBlockingStub.requestVote(RaftServerProtocolServiceGrpc.java:265)
	at org.apache.ratis.grpc.server.GrpcServerProtocolClient.requestVote(GrpcServerProtocolClient.java:99)
	at org.apache.ratis.grpc.server.GrpcService.requestVote(GrpcService.java:204)
	at org.apache.ratis.server.impl.LeaderElection.lambda$submitRequests$1(LeaderElection.java:234)
	at java.util.concurrent.FutureTask.run(FutureTask.java:266)
	at java.util.concurrent.Executors$RunnableAdapter.call(Executors.java:511)
	at java.util.concurrent.FutureTask.run(FutureTask.java:266)
	at java.util.concurrent.ThreadPoolExecutor.runWorker(ThreadPoolExecutor.java:1149)
	at java.util.concurrent.ThreadPoolExecutor$Worker.run(ThreadPoolExecutor.java:624)
	... 1 more
Caused by: org.apache.ratis.thirdparty.io.netty.channel.AbstractChannel$AnnotatedConnectException: Connection refused: /192.168.157.233:42906
	at sun.nio.ch.SocketChannelImpl.checkConnect(Native Method)
	at sun.nio.ch.SocketChannelImpl.finishConnect(SocketChannelImpl.java:717)
	at org.apache.ratis.thirdparty.io.netty.channel.socket.nio.NioSocketChannel.doFinishConnect(NioSocketChannel.java:327)
	at org.apache.ratis.thirdparty.io.netty.channel.nio.AbstractNioChannel$AbstractNioUnsafe.finishConnect(AbstractNioChannel.java:340)
	at org.apache.ratis.thirdparty.io.netty.channel.nio.NioEventLoop.processSelectedKey(NioEventLoop.java:632)
	at org.apache.ratis.thirdparty.io.netty.channel.nio.NioEventLoop.processSelectedKeysOptimized(NioEventLoop.java:579)
	at org.apache.ratis.thirdparty.io.netty.channel.nio.NioEventLoop.processSelectedKeys(NioEventLoop.java:496)
	at org.apache.ratis.thirdparty.io.netty.channel.nio.NioEventLoop.run(NioEventLoop.java:458)
	at org.apache.ratis.thirdparty.io.netty.util.concurrent.SingleThreadEventExecutor$5.run(SingleThreadEventExecutor.java:897)
	at org.apache.ratis.thirdparty.io.netty.util.concurrent.FastThreadLocalRunnable.run(FastThreadLocalRunnable.java:30)
	... 1 more
Caused by: java.net.ConnectException: Connection refused
	... 11 more
2019-10-25 11:08:04,096 [f6cfa8a2-85ff-4bb9-a246-101c53d2d47b@group-49E82E920F3F-LeaderElection636] INFO  impl.RaftServerImpl (RaftServerImpl.java:setRole(184)) - f6cfa8a2-85ff-4bb9-a246-101c53d2d47b@group-49E82E920F3F: changes role from CANDIDATE to FOLLOWER at term 226 for DISCOVERED_A_NEW_TERM
2019-10-25 11:08:04,096 [f6cfa8a2-85ff-4bb9-a246-101c53d2d47b@group-49E82E920F3F-LeaderElection636] INFO  impl.RoleInfo (RoleInfo.java:shutdownLeaderElection(134)) - f6cfa8a2-85ff-4bb9-a246-101c53d2d47b: shutdown LeaderElection
2019-10-25 11:08:04,096 [f6cfa8a2-85ff-4bb9-a246-101c53d2d47b@group-49E82E920F3F-LeaderElection636] INFO  impl.RoleInfo (RoleInfo.java:updateAndGet(143)) - f6cfa8a2-85ff-4bb9-a246-101c53d2d47b: start FollowerState
2019-10-25 11:08:04,246 [Thread-5146] INFO  impl.FollowerState (FollowerState.java:run(108)) - f6cfa8a2-85ff-4bb9-a246-101c53d2d47b@group-49E82E920F3F-FollowerState: change to CANDIDATE, lastRpcTime:150ms, electionTimeout:150ms
2019-10-25 11:08:04,246 [Thread-5146] INFO  impl.RoleInfo (RoleInfo.java:shutdownFollowerState(121)) - f6cfa8a2-85ff-4bb9-a246-101c53d2d47b: shutdown FollowerState
2019-10-25 11:08:04,246 [Thread-5146] INFO  impl.RaftServerImpl (RaftServerImpl.java:setRole(184)) - f6cfa8a2-85ff-4bb9-a246-101c53d2d47b@group-49E82E920F3F: changes role from  FOLLOWER to CANDIDATE at term 226 for changeToCandidate
2019-10-25 11:08:04,246 [Thread-5146] INFO  impl.RoleInfo (RoleInfo.java:updateAndGet(143)) - f6cfa8a2-85ff-4bb9-a246-101c53d2d47b: start LeaderElection
2019-10-25 11:08:04,259 [f6cfa8a2-85ff-4bb9-a246-101c53d2d47b@group-49E82E920F3F-LeaderElection637] INFO  impl.LeaderElection (LeaderElection.java:askForVotes(178)) - f6cfa8a2-85ff-4bb9-a246-101c53d2d47b@group-49E82E920F3F-LeaderElection637: begin an election at term 227 for -1: [7fad1e98-7a6b-4998-a30c-ec1ab88068bc:192.168.157.233:35716, bdb27072-dd00-4d3b-a7da-41600e490ca3:192.168.157.233:42906, f6cfa8a2-85ff-4bb9-a246-101c53d2d47b:192.168.157.233:44618], old=null
2019-10-25 11:08:04,260 [f6cfa8a2-85ff-4bb9-a246-101c53d2d47b@group-49E82E920F3F-LeaderElection637] INFO  impl.LeaderElection (LogUtils.java:infoOrTrace(149)) - f6cfa8a2-85ff-4bb9-a246-101c53d2d47b@group-49E82E920F3F-LeaderElection637 got exception when requesting votes: {}
java.util.concurrent.ExecutionException: org.apache.ratis.thirdparty.io.grpc.StatusRuntimeException: UNAVAILABLE: io exception
	at java.util.concurrent.FutureTask.report(FutureTask.java:122)
	at java.util.concurrent.FutureTask.get(FutureTask.java:192)
	at org.apache.ratis.server.impl.LeaderElection.waitForResults(LeaderElection.java:259)
	at org.apache.ratis.server.impl.LeaderElection.askForVotes(LeaderElection.java:197)
	at org.apache.ratis.server.impl.LeaderElection.run(LeaderElection.java:133)
	at java.lang.Thread.run(Thread.java:748)
Caused by: org.apache.ratis.thirdparty.io.grpc.StatusRuntimeException: UNAVAILABLE: io exception
	at org.apache.ratis.thirdparty.io.grpc.stub.ClientCalls.toStatusRuntimeException(ClientCalls.java:233)
	at org.apache.ratis.thirdparty.io.grpc.stub.ClientCalls.getUnchecked(ClientCalls.java:214)
	at org.apache.ratis.thirdparty.io.grpc.stub.ClientCalls.blockingUnaryCall(ClientCalls.java:139)
	at org.apache.ratis.proto.grpc.RaftServerProtocolServiceGrpc$RaftServerProtocolServiceBlockingStub.requestVote(RaftServerProtocolServiceGrpc.java:265)
	at org.apache.ratis.grpc.server.GrpcServerProtocolClient.requestVote(GrpcServerProtocolClient.java:99)
	at org.apache.ratis.grpc.server.GrpcService.requestVote(GrpcService.java:204)
	at org.apache.ratis.server.impl.LeaderElection.lambda$submitRequests$1(LeaderElection.java:234)
	at java.util.concurrent.FutureTask.run(FutureTask.java:266)
	at java.util.concurrent.Executors$RunnableAdapter.call(Executors.java:511)
	at java.util.concurrent.FutureTask.run(FutureTask.java:266)
	at java.util.concurrent.ThreadPoolExecutor.runWorker(ThreadPoolExecutor.java:1149)
	at java.util.concurrent.ThreadPoolExecutor$Worker.run(ThreadPoolExecutor.java:624)
	... 1 more
Caused by: org.apache.ratis.thirdparty.io.netty.channel.AbstractChannel$AnnotatedConnectException: Connection refused: /192.168.157.233:35716
	at sun.nio.ch.SocketChannelImpl.checkConnect(Native Method)
	at sun.nio.ch.SocketChannelImpl.finishConnect(SocketChannelImpl.java:717)
	at org.apache.ratis.thirdparty.io.netty.channel.socket.nio.NioSocketChannel.doFinishConnect(NioSocketChannel.java:327)
	at org.apache.ratis.thirdparty.io.netty.channel.nio.AbstractNioChannel$AbstractNioUnsafe.finishConnect(AbstractNioChannel.java:340)
	at org.apache.ratis.thirdparty.io.netty.channel.nio.NioEventLoop.processSelectedKey(NioEventLoop.java:632)
	at org.apache.ratis.thirdparty.io.netty.channel.nio.NioEventLoop.processSelectedKeysOptimized(NioEventLoop.java:579)
	at org.apache.ratis.thirdparty.io.netty.channel.nio.NioEventLoop.processSelectedKeys(NioEventLoop.java:496)
	at org.apache.ratis.thirdparty.io.netty.channel.nio.NioEventLoop.run(NioEventLoop.java:458)
	at org.apache.ratis.thirdparty.io.netty.util.concurrent.SingleThreadEventExecutor$5.run(SingleThreadEventExecutor.java:897)
	at org.apache.ratis.thirdparty.io.netty.util.concurrent.FastThreadLocalRunnable.run(FastThreadLocalRunnable.java:30)
	... 1 more
Caused by: java.net.ConnectException: Connection refused
	... 11 more
2019-10-25 11:08:04,260 [f6cfa8a2-85ff-4bb9-a246-101c53d2d47b@group-49E82E920F3F-LeaderElection637] INFO  impl.LeaderElection (LogUtils.java:infoOrTrace(149)) - f6cfa8a2-85ff-4bb9-a246-101c53d2d47b@group-49E82E920F3F-LeaderElection637 got exception when requesting votes: {}
java.util.concurrent.ExecutionException: org.apache.ratis.thirdparty.io.grpc.StatusRuntimeException: UNAVAILABLE: io exception
	at java.util.concurrent.FutureTask.report(FutureTask.java:122)
	at java.util.concurrent.FutureTask.get(FutureTask.java:192)
	at org.apache.ratis.server.impl.LeaderElection.waitForResults(LeaderElection.java:259)
	at org.apache.ratis.server.impl.LeaderElection.askForVotes(LeaderElection.java:197)
	at org.apache.ratis.server.impl.LeaderElection.run(LeaderElection.java:133)
	at java.lang.Thread.run(Thread.java:748)
Caused by: org.apache.ratis.thirdparty.io.grpc.StatusRuntimeException: UNAVAILABLE: io exception
	at org.apache.ratis.thirdparty.io.grpc.stub.ClientCalls.toStatusRuntimeException(ClientCalls.java:233)
	at org.apache.ratis.thirdparty.io.grpc.stub.ClientCalls.getUnchecked(ClientCalls.java:214)
	at org.apache.ratis.thirdparty.io.grpc.stub.ClientCalls.blockingUnaryCall(ClientCalls.java:139)
	at org.apache.ratis.proto.grpc.RaftServerProtocolServiceGrpc$RaftServerProtocolServiceBlockingStub.requestVote(RaftServerProtocolServiceGrpc.java:265)
	at org.apache.ratis.grpc.server.GrpcServerProtocolClient.requestVote(GrpcServerProtocolClient.java:99)
	at org.apache.ratis.grpc.server.GrpcService.requestVote(GrpcService.java:204)
	at org.apache.ratis.server.impl.LeaderElection.lambda$submitRequests$1(LeaderElection.java:234)
	at java.util.concurrent.FutureTask.run(FutureTask.java:266)
	at java.util.concurrent.Executors$RunnableAdapter.call(Executors.java:511)
	at java.util.concurrent.FutureTask.run(FutureTask.java:266)
	at java.util.concurrent.ThreadPoolExecutor.runWorker(ThreadPoolExecutor.java:1149)
	at java.util.concurrent.ThreadPoolExecutor$Worker.run(ThreadPoolExecutor.java:624)
	... 1 more
Caused by: org.apache.ratis.thirdparty.io.netty.channel.AbstractChannel$AnnotatedConnectException: Connection refused: /192.168.157.233:42906
	at sun.nio.ch.SocketChannelImpl.checkConnect(Native Method)
	at sun.nio.ch.SocketChannelImpl.finishConnect(SocketChannelImpl.java:717)
	at org.apache.ratis.thirdparty.io.netty.channel.socket.nio.NioSocketChannel.doFinishConnect(NioSocketChannel.java:327)
	at org.apache.ratis.thirdparty.io.netty.channel.nio.AbstractNioChannel$AbstractNioUnsafe.finishConnect(AbstractNioChannel.java:340)
	at org.apache.ratis.thirdparty.io.netty.channel.nio.NioEventLoop.processSelectedKey(NioEventLoop.java:632)
	at org.apache.ratis.thirdparty.io.netty.channel.nio.NioEventLoop.processSelectedKeysOptimized(NioEventLoop.java:579)
	at org.apache.ratis.thirdparty.io.netty.channel.nio.NioEventLoop.processSelectedKeys(NioEventLoop.java:496)
	at org.apache.ratis.thirdparty.io.netty.channel.nio.NioEventLoop.run(NioEventLoop.java:458)
	at org.apache.ratis.thirdparty.io.netty.util.concurrent.SingleThreadEventExecutor$5.run(SingleThreadEventExecutor.java:897)
	at org.apache.ratis.thirdparty.io.netty.util.concurrent.FastThreadLocalRunnable.run(FastThreadLocalRunnable.java:30)
	... 1 more
Caused by: java.net.ConnectException: Connection refused
	... 11 more
2019-10-25 11:08:04,261 [f6cfa8a2-85ff-4bb9-a246-101c53d2d47b@group-49E82E920F3F-LeaderElection637] INFO  impl.LeaderElection (LeaderElection.java:logAndReturn(56)) - f6cfa8a2-85ff-4bb9-a246-101c53d2d47b@group-49E82E920F3F-LeaderElection637: Election REJECTED; received 0 response(s) [] and 2 exception(s); f6cfa8a2-85ff-4bb9-a246-101c53d2d47b@group-49E82E920F3F:t227, leader=null, voted=f6cfa8a2-85ff-4bb9-a246-101c53d2d47b, raftlog=f6cfa8a2-85ff-4bb9-a246-101c53d2d47b@group-49E82E920F3F-SegmentedRaftLog:OPENED:c-1,f-1,i0, conf=-1: [7fad1e98-7a6b-4998-a30c-ec1ab88068bc:192.168.157.233:35716, bdb27072-dd00-4d3b-a7da-41600e490ca3:192.168.157.233:42906, f6cfa8a2-85ff-4bb9-a246-101c53d2d47b:192.168.157.233:44618], old=null
2019-10-25 11:08:04,261 [f6cfa8a2-85ff-4bb9-a246-101c53d2d47b@group-49E82E920F3F-LeaderElection637] INFO  impl.LeaderElection (LogUtils.java:infoOrTrace(149)) -   Exception 0: {}
java.util.concurrent.ExecutionException: org.apache.ratis.thirdparty.io.grpc.StatusRuntimeException: UNAVAILABLE: io exception
	at java.util.concurrent.FutureTask.report(FutureTask.java:122)
	at java.util.concurrent.FutureTask.get(FutureTask.java:192)
	at org.apache.ratis.server.impl.LeaderElection.waitForResults(LeaderElection.java:259)
	at org.apache.ratis.server.impl.LeaderElection.askForVotes(LeaderElection.java:197)
	at org.apache.ratis.server.impl.LeaderElection.run(LeaderElection.java:133)
	at java.lang.Thread.run(Thread.java:748)
Caused by: org.apache.ratis.thirdparty.io.grpc.StatusRuntimeException: UNAVAILABLE: io exception
	at org.apache.ratis.thirdparty.io.grpc.stub.ClientCalls.toStatusRuntimeException(ClientCalls.java:233)
	at org.apache.ratis.thirdparty.io.grpc.stub.ClientCalls.getUnchecked(ClientCalls.java:214)
	at org.apache.ratis.thirdparty.io.grpc.stub.ClientCalls.blockingUnaryCall(ClientCalls.java:139)
	at org.apache.ratis.proto.grpc.RaftServerProtocolServiceGrpc$RaftServerProtocolServiceBlockingStub.requestVote(RaftServerProtocolServiceGrpc.java:265)
	at org.apache.ratis.grpc.server.GrpcServerProtocolClient.requestVote(GrpcServerProtocolClient.java:99)
	at org.apache.ratis.grpc.server.GrpcService.requestVote(GrpcService.java:204)
	at org.apache.ratis.server.impl.LeaderElection.lambda$submitRequests$1(LeaderElection.java:234)
	at java.util.concurrent.FutureTask.run(FutureTask.java:266)
	at java.util.concurrent.Executors$RunnableAdapter.call(Executors.java:511)
	at java.util.concurrent.FutureTask.run(FutureTask.java:266)
	at java.util.concurrent.ThreadPoolExecutor.runWorker(ThreadPoolExecutor.java:1149)
	at java.util.concurrent.ThreadPoolExecutor$Worker.run(ThreadPoolExecutor.java:624)
	... 1 more
Caused by: org.apache.ratis.thirdparty.io.netty.channel.AbstractChannel$AnnotatedConnectException: Connection refused: /192.168.157.233:35716
	at sun.nio.ch.SocketChannelImpl.checkConnect(Native Method)
	at sun.nio.ch.SocketChannelImpl.finishConnect(SocketChannelImpl.java:717)
	at org.apache.ratis.thirdparty.io.netty.channel.socket.nio.NioSocketChannel.doFinishConnect(NioSocketChannel.java:327)
	at org.apache.ratis.thirdparty.io.netty.channel.nio.AbstractNioChannel$AbstractNioUnsafe.finishConnect(AbstractNioChannel.java:340)
	at org.apache.ratis.thirdparty.io.netty.channel.nio.NioEventLoop.processSelectedKey(NioEventLoop.java:632)
	at org.apache.ratis.thirdparty.io.netty.channel.nio.NioEventLoop.processSelectedKeysOptimized(NioEventLoop.java:579)
	at org.apache.ratis.thirdparty.io.netty.channel.nio.NioEventLoop.processSelectedKeys(NioEventLoop.java:496)
	at org.apache.ratis.thirdparty.io.netty.channel.nio.NioEventLoop.run(NioEventLoop.java:458)
	at org.apache.ratis.thirdparty.io.netty.util.concurrent.SingleThreadEventExecutor$5.run(SingleThreadEventExecutor.java:897)
	at org.apache.ratis.thirdparty.io.netty.util.concurrent.FastThreadLocalRunnable.run(FastThreadLocalRunnable.java:30)
	... 1 more
Caused by: java.net.ConnectException: Connection refused
	... 11 more
2019-10-25 11:08:04,261 [f6cfa8a2-85ff-4bb9-a246-101c53d2d47b@group-49E82E920F3F-LeaderElection637] INFO  impl.LeaderElection (LogUtils.java:infoOrTrace(149)) -   Exception 1: {}
java.util.concurrent.ExecutionException: org.apache.ratis.thirdparty.io.grpc.StatusRuntimeException: UNAVAILABLE: io exception
	at java.util.concurrent.FutureTask.report(FutureTask.java:122)
	at java.util.concurrent.FutureTask.get(FutureTask.java:192)
	at org.apache.ratis.server.impl.LeaderElection.waitForResults(LeaderElection.java:259)
	at org.apache.ratis.server.impl.LeaderElection.askForVotes(LeaderElection.java:197)
	at org.apache.ratis.server.impl.LeaderElection.run(LeaderElection.java:133)
	at java.lang.Thread.run(Thread.java:748)
Caused by: org.apache.ratis.thirdparty.io.grpc.StatusRuntimeException: UNAVAILABLE: io exception
	at org.apache.ratis.thirdparty.io.grpc.stub.ClientCalls.toStatusRuntimeException(ClientCalls.java:233)
	at org.apache.ratis.thirdparty.io.grpc.stub.ClientCalls.getUnchecked(ClientCalls.java:214)
	at org.apache.ratis.thirdparty.io.grpc.stub.ClientCalls.blockingUnaryCall(ClientCalls.java:139)
	at org.apache.ratis.proto.grpc.RaftServerProtocolServiceGrpc$RaftServerProtocolServiceBlockingStub.requestVote(RaftServerProtocolServiceGrpc.java:265)
	at org.apache.ratis.grpc.server.GrpcServerProtocolClient.requestVote(GrpcServerProtocolClient.java:99)
	at org.apache.ratis.grpc.server.GrpcService.requestVote(GrpcService.java:204)
	at org.apache.ratis.server.impl.LeaderElection.lambda$submitRequests$1(LeaderElection.java:234)
	at java.util.concurrent.FutureTask.run(FutureTask.java:266)
	at java.util.concurrent.Executors$RunnableAdapter.call(Executors.java:511)
	at java.util.concurrent.FutureTask.run(FutureTask.java:266)
	at java.util.concurrent.ThreadPoolExecutor.runWorker(ThreadPoolExecutor.java:1149)
	at java.util.concurrent.ThreadPoolExecutor$Worker.run(ThreadPoolExecutor.java:624)
	... 1 more
Caused by: org.apache.ratis.thirdparty.io.netty.channel.AbstractChannel$AnnotatedConnectException: Connection refused: /192.168.157.233:42906
	at sun.nio.ch.SocketChannelImpl.checkConnect(Native Method)
	at sun.nio.ch.SocketChannelImpl.finishConnect(SocketChannelImpl.java:717)
	at org.apache.ratis.thirdparty.io.netty.channel.socket.nio.NioSocketChannel.doFinishConnect(NioSocketChannel.java:327)
	at org.apache.ratis.thirdparty.io.netty.channel.nio.AbstractNioChannel$AbstractNioUnsafe.finishConnect(AbstractNioChannel.java:340)
	at org.apache.ratis.thirdparty.io.netty.channel.nio.NioEventLoop.processSelectedKey(NioEventLoop.java:632)
	at org.apache.ratis.thirdparty.io.netty.channel.nio.NioEventLoop.processSelectedKeysOptimized(NioEventLoop.java:579)
	at org.apache.ratis.thirdparty.io.netty.channel.nio.NioEventLoop.processSelectedKeys(NioEventLoop.java:496)
	at org.apache.ratis.thirdparty.io.netty.channel.nio.NioEventLoop.run(NioEventLoop.java:458)
	at org.apache.ratis.thirdparty.io.netty.util.concurrent.SingleThreadEventExecutor$5.run(SingleThreadEventExecutor.java:897)
	at org.apache.ratis.thirdparty.io.netty.util.concurrent.FastThreadLocalRunnable.run(FastThreadLocalRunnable.java:30)
	... 1 more
Caused by: java.net.ConnectException: Connection refused
	... 11 more
2019-10-25 11:08:04,262 [f6cfa8a2-85ff-4bb9-a246-101c53d2d47b@group-49E82E920F3F-LeaderElection637] INFO  impl.RaftServerImpl (RaftServerImpl.java:setRole(184)) - f6cfa8a2-85ff-4bb9-a246-101c53d2d47b@group-49E82E920F3F: changes role from CANDIDATE to FOLLOWER at term 227 for DISCOVERED_A_NEW_TERM
2019-10-25 11:08:04,262 [f6cfa8a2-85ff-4bb9-a246-101c53d2d47b@group-49E82E920F3F-LeaderElection637] INFO  impl.RoleInfo (RoleInfo.java:shutdownLeaderElection(134)) - f6cfa8a2-85ff-4bb9-a246-101c53d2d47b: shutdown LeaderElection
2019-10-25 11:08:04,262 [f6cfa8a2-85ff-4bb9-a246-101c53d2d47b@group-49E82E920F3F-LeaderElection637] INFO  impl.RoleInfo (RoleInfo.java:updateAndGet(143)) - f6cfa8a2-85ff-4bb9-a246-101c53d2d47b: start FollowerState
2019-10-25 11:08:04,267 [Thread-5152] INFO  impl.FollowerState (FollowerState.java:run(108)) - f6cfa8a2-85ff-4bb9-a246-101c53d2d47b@group-49E82E920F3F-FollowerState: change to CANDIDATE, lastRpcTime:5ms, electionTimeout:5ms
2019-10-25 11:08:04,267 [Thread-5152] INFO  impl.RoleInfo (RoleInfo.java:shutdownFollowerState(121)) - f6cfa8a2-85ff-4bb9-a246-101c53d2d47b: shutdown FollowerState
2019-10-25 11:08:04,267 [Thread-5152] INFO  impl.RaftServerImpl (RaftServerImpl.java:setRole(184)) - f6cfa8a2-85ff-4bb9-a246-101c53d2d47b@group-49E82E920F3F: changes role from  FOLLOWER to CANDIDATE at term 227 for changeToCandidate
2019-10-25 11:08:04,268 [Thread-5152] INFO  impl.RoleInfo (RoleInfo.java:updateAndGet(143)) - f6cfa8a2-85ff-4bb9-a246-101c53d2d47b: start LeaderElection
2019-10-25 11:08:04,291 [f6cfa8a2-85ff-4bb9-a246-101c53d2d47b@group-49E82E920F3F-LeaderElection638] INFO  impl.LeaderElection (LeaderElection.java:askForVotes(178)) - f6cfa8a2-85ff-4bb9-a246-101c53d2d47b@group-49E82E920F3F-LeaderElection638: begin an election at term 228 for -1: [7fad1e98-7a6b-4998-a30c-ec1ab88068bc:192.168.157.233:35716, bdb27072-dd00-4d3b-a7da-41600e490ca3:192.168.157.233:42906, f6cfa8a2-85ff-4bb9-a246-101c53d2d47b:192.168.157.233:44618], old=null
2019-10-25 11:08:04,291 [f6cfa8a2-85ff-4bb9-a246-101c53d2d47b@group-49E82E920F3F-LeaderElection638] INFO  impl.LeaderElection (LogUtils.java:infoOrTrace(149)) - f6cfa8a2-85ff-4bb9-a246-101c53d2d47b@group-49E82E920F3F-LeaderElection638 got exception when requesting votes: {}
java.util.concurrent.ExecutionException: org.apache.ratis.thirdparty.io.grpc.StatusRuntimeException: UNAVAILABLE: io exception
	at java.util.concurrent.FutureTask.report(FutureTask.java:122)
	at java.util.concurrent.FutureTask.get(FutureTask.java:192)
	at org.apache.ratis.server.impl.LeaderElection.waitForResults(LeaderElection.java:259)
	at org.apache.ratis.server.impl.LeaderElection.askForVotes(LeaderElection.java:197)
	at org.apache.ratis.server.impl.LeaderElection.run(LeaderElection.java:133)
	at java.lang.Thread.run(Thread.java:748)
Caused by: org.apache.ratis.thirdparty.io.grpc.StatusRuntimeException: UNAVAILABLE: io exception
	at org.apache.ratis.thirdparty.io.grpc.stub.ClientCalls.toStatusRuntimeException(ClientCalls.java:233)
	at org.apache.ratis.thirdparty.io.grpc.stub.ClientCalls.getUnchecked(ClientCalls.java:214)
	at org.apache.ratis.thirdparty.io.grpc.stub.ClientCalls.blockingUnaryCall(ClientCalls.java:139)
	at org.apache.ratis.proto.grpc.RaftServerProtocolServiceGrpc$RaftServerProtocolServiceBlockingStub.requestVote(RaftServerProtocolServiceGrpc.java:265)
	at org.apache.ratis.grpc.server.GrpcServerProtocolClient.requestVote(GrpcServerProtocolClient.java:99)
	at org.apache.ratis.grpc.server.GrpcService.requestVote(GrpcService.java:204)
	at org.apache.ratis.server.impl.LeaderElection.lambda$submitRequests$1(LeaderElection.java:234)
	at java.util.concurrent.FutureTask.run(FutureTask.java:266)
	at java.util.concurrent.Executors$RunnableAdapter.call(Executors.java:511)
	at java.util.concurrent.FutureTask.run(FutureTask.java:266)
	at java.util.concurrent.ThreadPoolExecutor.runWorker(ThreadPoolExecutor.java:1149)
	at java.util.concurrent.ThreadPoolExecutor$Worker.run(ThreadPoolExecutor.java:624)
	... 1 more
Caused by: org.apache.ratis.thirdparty.io.netty.channel.AbstractChannel$AnnotatedConnectException: Connection refused: /192.168.157.233:35716
	at sun.nio.ch.SocketChannelImpl.checkConnect(Native Method)
	at sun.nio.ch.SocketChannelImpl.finishConnect(SocketChannelImpl.java:717)
	at org.apache.ratis.thirdparty.io.netty.channel.socket.nio.NioSocketChannel.doFinishConnect(NioSocketChannel.java:327)
	at org.apache.ratis.thirdparty.io.netty.channel.nio.AbstractNioChannel$AbstractNioUnsafe.finishConnect(AbstractNioChannel.java:340)
	at org.apache.ratis.thirdparty.io.netty.channel.nio.NioEventLoop.processSelectedKey(NioEventLoop.java:632)
	at org.apache.ratis.thirdparty.io.netty.channel.nio.NioEventLoop.processSelectedKeysOptimized(NioEventLoop.java:579)
	at org.apache.ratis.thirdparty.io.netty.channel.nio.NioEventLoop.processSelectedKeys(NioEventLoop.java:496)
	at org.apache.ratis.thirdparty.io.netty.channel.nio.NioEventLoop.run(NioEventLoop.java:458)
	at org.apache.ratis.thirdparty.io.netty.util.concurrent.SingleThreadEventExecutor$5.run(SingleThreadEventExecutor.java:897)
	at org.apache.ratis.thirdparty.io.netty.util.concurrent.FastThreadLocalRunnable.run(FastThreadLocalRunnable.java:30)
	... 1 more
Caused by: java.net.ConnectException: Connection refused
	... 11 more
2019-10-25 11:08:04,292 [f6cfa8a2-85ff-4bb9-a246-101c53d2d47b@group-49E82E920F3F-LeaderElection638] INFO  impl.LeaderElection (LogUtils.java:infoOrTrace(149)) - f6cfa8a2-85ff-4bb9-a246-101c53d2d47b@group-49E82E920F3F-LeaderElection638 got exception when requesting votes: {}
java.util.concurrent.ExecutionException: org.apache.ratis.thirdparty.io.grpc.StatusRuntimeException: UNAVAILABLE: io exception
	at java.util.concurrent.FutureTask.report(FutureTask.java:122)
	at java.util.concurrent.FutureTask.get(FutureTask.java:192)
	at org.apache.ratis.server.impl.LeaderElection.waitForResults(LeaderElection.java:259)
	at org.apache.ratis.server.impl.LeaderElection.askForVotes(LeaderElection.java:197)
	at org.apache.ratis.server.impl.LeaderElection.run(LeaderElection.java:133)
	at java.lang.Thread.run(Thread.java:748)
Caused by: org.apache.ratis.thirdparty.io.grpc.StatusRuntimeException: UNAVAILABLE: io exception
	at org.apache.ratis.thirdparty.io.grpc.stub.ClientCalls.toStatusRuntimeException(ClientCalls.java:233)
	at org.apache.ratis.thirdparty.io.grpc.stub.ClientCalls.getUnchecked(ClientCalls.java:214)
	at org.apache.ratis.thirdparty.io.grpc.stub.ClientCalls.blockingUnaryCall(ClientCalls.java:139)
	at org.apache.ratis.proto.grpc.RaftServerProtocolServiceGrpc$RaftServerProtocolServiceBlockingStub.requestVote(RaftServerProtocolServiceGrpc.java:265)
	at org.apache.ratis.grpc.server.GrpcServerProtocolClient.requestVote(GrpcServerProtocolClient.java:99)
	at org.apache.ratis.grpc.server.GrpcService.requestVote(GrpcService.java:204)
	at org.apache.ratis.server.impl.LeaderElection.lambda$submitRequests$1(LeaderElection.java:234)
	at java.util.concurrent.FutureTask.run(FutureTask.java:266)
	at java.util.concurrent.Executors$RunnableAdapter.call(Executors.java:511)
	at java.util.concurrent.FutureTask.run(FutureTask.java:266)
	at java.util.concurrent.ThreadPoolExecutor.runWorker(ThreadPoolExecutor.java:1149)
	at java.util.concurrent.ThreadPoolExecutor$Worker.run(ThreadPoolExecutor.java:624)
	... 1 more
Caused by: org.apache.ratis.thirdparty.io.netty.channel.AbstractChannel$AnnotatedConnectException: Connection refused: /192.168.157.233:42906
	at sun.nio.ch.SocketChannelImpl.checkConnect(Native Method)
	at sun.nio.ch.SocketChannelImpl.finishConnect(SocketChannelImpl.java:717)
	at org.apache.ratis.thirdparty.io.netty.channel.socket.nio.NioSocketChannel.doFinishConnect(NioSocketChannel.java:327)
	at org.apache.ratis.thirdparty.io.netty.channel.nio.AbstractNioChannel$AbstractNioUnsafe.finishConnect(AbstractNioChannel.java:340)
	at org.apache.ratis.thirdparty.io.netty.channel.nio.NioEventLoop.processSelectedKey(NioEventLoop.java:632)
	at org.apache.ratis.thirdparty.io.netty.channel.nio.NioEventLoop.processSelectedKeysOptimized(NioEventLoop.java:579)
	at org.apache.ratis.thirdparty.io.netty.channel.nio.NioEventLoop.processSelectedKeys(NioEventLoop.java:496)
	at org.apache.ratis.thirdparty.io.netty.channel.nio.NioEventLoop.run(NioEventLoop.java:458)
	at org.apache.ratis.thirdparty.io.netty.util.concurrent.SingleThreadEventExecutor$5.run(SingleThreadEventExecutor.java:897)
	at org.apache.ratis.thirdparty.io.netty.util.concurrent.FastThreadLocalRunnable.run(FastThreadLocalRunnable.java:30)
	... 1 more
Caused by: java.net.ConnectException: Connection refused
	... 11 more
2019-10-25 11:08:04,292 [f6cfa8a2-85ff-4bb9-a246-101c53d2d47b@group-49E82E920F3F-LeaderElection638] INFO  impl.LeaderElection (LeaderElection.java:logAndReturn(56)) - f6cfa8a2-85ff-4bb9-a246-101c53d2d47b@group-49E82E920F3F-LeaderElection638: Election REJECTED; received 0 response(s) [] and 2 exception(s); f6cfa8a2-85ff-4bb9-a246-101c53d2d47b@group-49E82E920F3F:t228, leader=null, voted=f6cfa8a2-85ff-4bb9-a246-101c53d2d47b, raftlog=f6cfa8a2-85ff-4bb9-a246-101c53d2d47b@group-49E82E920F3F-SegmentedRaftLog:OPENED:c-1,f-1,i0, conf=-1: [7fad1e98-7a6b-4998-a30c-ec1ab88068bc:192.168.157.233:35716, bdb27072-dd00-4d3b-a7da-41600e490ca3:192.168.157.233:42906, f6cfa8a2-85ff-4bb9-a246-101c53d2d47b:192.168.157.233:44618], old=null
2019-10-25 11:08:04,292 [f6cfa8a2-85ff-4bb9-a246-101c53d2d47b@group-49E82E920F3F-LeaderElection638] INFO  impl.LeaderElection (LogUtils.java:infoOrTrace(149)) -   Exception 0: {}
java.util.concurrent.ExecutionException: org.apache.ratis.thirdparty.io.grpc.StatusRuntimeException: UNAVAILABLE: io exception
	at java.util.concurrent.FutureTask.report(FutureTask.java:122)
	at java.util.concurrent.FutureTask.get(FutureTask.java:192)
	at org.apache.ratis.server.impl.LeaderElection.waitForResults(LeaderElection.java:259)
	at org.apache.ratis.server.impl.LeaderElection.askForVotes(LeaderElection.java:197)
	at org.apache.ratis.server.impl.LeaderElection.run(LeaderElection.java:133)
	at java.lang.Thread.run(Thread.java:748)
Caused by: org.apache.ratis.thirdparty.io.grpc.StatusRuntimeException: UNAVAILABLE: io exception
	at org.apache.ratis.thirdparty.io.grpc.stub.ClientCalls.toStatusRuntimeException(ClientCalls.java:233)
	at org.apache.ratis.thirdparty.io.grpc.stub.ClientCalls.getUnchecked(ClientCalls.java:214)
	at org.apache.ratis.thirdparty.io.grpc.stub.ClientCalls.blockingUnaryCall(ClientCalls.java:139)
	at org.apache.ratis.proto.grpc.RaftServerProtocolServiceGrpc$RaftServerProtocolServiceBlockingStub.requestVote(RaftServerProtocolServiceGrpc.java:265)
	at org.apache.ratis.grpc.server.GrpcServerProtocolClient.requestVote(GrpcServerProtocolClient.java:99)
	at org.apache.ratis.grpc.server.GrpcService.requestVote(GrpcService.java:204)
	at org.apache.ratis.server.impl.LeaderElection.lambda$submitRequests$1(LeaderElection.java:234)
	at java.util.concurrent.FutureTask.run(FutureTask.java:266)
	at java.util.concurrent.Executors$RunnableAdapter.call(Executors.java:511)
	at java.util.concurrent.FutureTask.run(FutureTask.java:266)
	at java.util.concurrent.ThreadPoolExecutor.runWorker(ThreadPoolExecutor.java:1149)
	at java.util.concurrent.ThreadPoolExecutor$Worker.run(ThreadPoolExecutor.java:624)
	... 1 more
Caused by: org.apache.ratis.thirdparty.io.netty.channel.AbstractChannel$AnnotatedConnectException: Connection refused: /192.168.157.233:35716
	at sun.nio.ch.SocketChannelImpl.checkConnect(Native Method)
	at sun.nio.ch.SocketChannelImpl.finishConnect(SocketChannelImpl.java:717)
	at org.apache.ratis.thirdparty.io.netty.channel.socket.nio.NioSocketChannel.doFinishConnect(NioSocketChannel.java:327)
	at org.apache.ratis.thirdparty.io.netty.channel.nio.AbstractNioChannel$AbstractNioUnsafe.finishConnect(AbstractNioChannel.java:340)
	at org.apache.ratis.thirdparty.io.netty.channel.nio.NioEventLoop.processSelectedKey(NioEventLoop.java:632)
	at org.apache.ratis.thirdparty.io.netty.channel.nio.NioEventLoop.processSelectedKeysOptimized(NioEventLoop.java:579)
	at org.apache.ratis.thirdparty.io.netty.channel.nio.NioEventLoop.processSelectedKeys(NioEventLoop.java:496)
	at org.apache.ratis.thirdparty.io.netty.channel.nio.NioEventLoop.run(NioEventLoop.java:458)
	at org.apache.ratis.thirdparty.io.netty.util.concurrent.SingleThreadEventExecutor$5.run(SingleThreadEventExecutor.java:897)
	at org.apache.ratis.thirdparty.io.netty.util.concurrent.FastThreadLocalRunnable.run(FastThreadLocalRunnable.java:30)
	... 1 more
Caused by: java.net.ConnectException: Connection refused
	... 11 more
2019-10-25 11:08:04,293 [f6cfa8a2-85ff-4bb9-a246-101c53d2d47b@group-49E82E920F3F-LeaderElection638] INFO  impl.LeaderElection (LogUtils.java:infoOrTrace(149)) -   Exception 1: {}
java.util.concurrent.ExecutionException: org.apache.ratis.thirdparty.io.grpc.StatusRuntimeException: UNAVAILABLE: io exception
	at java.util.concurrent.FutureTask.report(FutureTask.java:122)
	at java.util.concurrent.FutureTask.get(FutureTask.java:192)
	at org.apache.ratis.server.impl.LeaderElection.waitForResults(LeaderElection.java:259)
	at org.apache.ratis.server.impl.LeaderElection.askForVotes(LeaderElection.java:197)
	at org.apache.ratis.server.impl.LeaderElection.run(LeaderElection.java:133)
	at java.lang.Thread.run(Thread.java:748)
Caused by: org.apache.ratis.thirdparty.io.grpc.StatusRuntimeException: UNAVAILABLE: io exception
	at org.apache.ratis.thirdparty.io.grpc.stub.ClientCalls.toStatusRuntimeException(ClientCalls.java:233)
	at org.apache.ratis.thirdparty.io.grpc.stub.ClientCalls.getUnchecked(ClientCalls.java:214)
	at org.apache.ratis.thirdparty.io.grpc.stub.ClientCalls.blockingUnaryCall(ClientCalls.java:139)
	at org.apache.ratis.proto.grpc.RaftServerProtocolServiceGrpc$RaftServerProtocolServiceBlockingStub.requestVote(RaftServerProtocolServiceGrpc.java:265)
	at org.apache.ratis.grpc.server.GrpcServerProtocolClient.requestVote(GrpcServerProtocolClient.java:99)
	at org.apache.ratis.grpc.server.GrpcService.requestVote(GrpcService.java:204)
	at org.apache.ratis.server.impl.LeaderElection.lambda$submitRequests$1(LeaderElection.java:234)
	at java.util.concurrent.FutureTask.run(FutureTask.java:266)
	at java.util.concurrent.Executors$RunnableAdapter.call(Executors.java:511)
	at java.util.concurrent.FutureTask.run(FutureTask.java:266)
	at java.util.concurrent.ThreadPoolExecutor.runWorker(ThreadPoolExecutor.java:1149)
	at java.util.concurrent.ThreadPoolExecutor$Worker.run(ThreadPoolExecutor.java:624)
	... 1 more
Caused by: org.apache.ratis.thirdparty.io.netty.channel.AbstractChannel$AnnotatedConnectException: Connection refused: /192.168.157.233:42906
	at sun.nio.ch.SocketChannelImpl.checkConnect(Native Method)
	at sun.nio.ch.SocketChannelImpl.finishConnect(SocketChannelImpl.java:717)
	at org.apache.ratis.thirdparty.io.netty.channel.socket.nio.NioSocketChannel.doFinishConnect(NioSocketChannel.java:327)
	at org.apache.ratis.thirdparty.io.netty.channel.nio.AbstractNioChannel$AbstractNioUnsafe.finishConnect(AbstractNioChannel.java:340)
	at org.apache.ratis.thirdparty.io.netty.channel.nio.NioEventLoop.processSelectedKey(NioEventLoop.java:632)
	at org.apache.ratis.thirdparty.io.netty.channel.nio.NioEventLoop.processSelectedKeysOptimized(NioEventLoop.java:579)
	at org.apache.ratis.thirdparty.io.netty.channel.nio.NioEventLoop.processSelectedKeys(NioEventLoop.java:496)
	at org.apache.ratis.thirdparty.io.netty.channel.nio.NioEventLoop.run(NioEventLoop.java:458)
	at org.apache.ratis.thirdparty.io.netty.util.concurrent.SingleThreadEventExecutor$5.run(SingleThreadEventExecutor.java:897)
	at org.apache.ratis.thirdparty.io.netty.util.concurrent.FastThreadLocalRunnable.run(FastThreadLocalRunnable.java:30)
	... 1 more
Caused by: java.net.ConnectException: Connection refused
	... 11 more
2019-10-25 11:08:04,293 [f6cfa8a2-85ff-4bb9-a246-101c53d2d47b@group-49E82E920F3F-LeaderElection638] INFO  impl.RaftServerImpl (RaftServerImpl.java:setRole(184)) - f6cfa8a2-85ff-4bb9-a246-101c53d2d47b@group-49E82E920F3F: changes role from CANDIDATE to FOLLOWER at term 228 for DISCOVERED_A_NEW_TERM
2019-10-25 11:08:04,294 [f6cfa8a2-85ff-4bb9-a246-101c53d2d47b@group-49E82E920F3F-LeaderElection638] INFO  impl.RoleInfo (RoleInfo.java:shutdownLeaderElection(134)) - f6cfa8a2-85ff-4bb9-a246-101c53d2d47b: shutdown LeaderElection
2019-10-25 11:08:04,294 [f6cfa8a2-85ff-4bb9-a246-101c53d2d47b@group-49E82E920F3F-LeaderElection638] INFO  impl.RoleInfo (RoleInfo.java:updateAndGet(143)) - f6cfa8a2-85ff-4bb9-a246-101c53d2d47b: start FollowerState
2019-10-25 11:08:04,383 [Thread-5156] INFO  impl.FollowerState (FollowerState.java:run(108)) - f6cfa8a2-85ff-4bb9-a246-101c53d2d47b@group-49E82E920F3F-FollowerState: change to CANDIDATE, lastRpcTime:89ms, electionTimeout:89ms
2019-10-25 11:08:04,383 [Thread-5156] INFO  impl.RoleInfo (RoleInfo.java:shutdownFollowerState(121)) - f6cfa8a2-85ff-4bb9-a246-101c53d2d47b: shutdown FollowerState
2019-10-25 11:08:04,383 [Thread-5156] INFO  impl.RaftServerImpl (RaftServerImpl.java:setRole(184)) - f6cfa8a2-85ff-4bb9-a246-101c53d2d47b@group-49E82E920F3F: changes role from  FOLLOWER to CANDIDATE at term 228 for changeToCandidate
2019-10-25 11:08:04,383 [Thread-5156] INFO  impl.RoleInfo (RoleInfo.java:updateAndGet(143)) - f6cfa8a2-85ff-4bb9-a246-101c53d2d47b: start LeaderElection
2019-10-25 11:08:04,397 [f6cfa8a2-85ff-4bb9-a246-101c53d2d47b@group-49E82E920F3F-LeaderElection639] INFO  impl.LeaderElection (LeaderElection.java:askForVotes(178)) - f6cfa8a2-85ff-4bb9-a246-101c53d2d47b@group-49E82E920F3F-LeaderElection639: begin an election at term 229 for -1: [7fad1e98-7a6b-4998-a30c-ec1ab88068bc:192.168.157.233:35716, bdb27072-dd00-4d3b-a7da-41600e490ca3:192.168.157.233:42906, f6cfa8a2-85ff-4bb9-a246-101c53d2d47b:192.168.157.233:44618], old=null
2019-10-25 11:08:04,398 [f6cfa8a2-85ff-4bb9-a246-101c53d2d47b@group-49E82E920F3F-LeaderElection639] INFO  impl.LeaderElection (LogUtils.java:infoOrTrace(149)) - f6cfa8a2-85ff-4bb9-a246-101c53d2d47b@group-49E82E920F3F-LeaderElection639 got exception when requesting votes: {}
java.util.concurrent.ExecutionException: org.apache.ratis.thirdparty.io.grpc.StatusRuntimeException: UNAVAILABLE: io exception
	at java.util.concurrent.FutureTask.report(FutureTask.java:122)
	at java.util.concurrent.FutureTask.get(FutureTask.java:192)
	at org.apache.ratis.server.impl.LeaderElection.waitForResults(LeaderElection.java:259)
	at org.apache.ratis.server.impl.LeaderElection.askForVotes(LeaderElection.java:197)
	at org.apache.ratis.server.impl.LeaderElection.run(LeaderElection.java:133)
	at java.lang.Thread.run(Thread.java:748)
Caused by: org.apache.ratis.thirdparty.io.grpc.StatusRuntimeException: UNAVAILABLE: io exception
	at org.apache.ratis.thirdparty.io.grpc.stub.ClientCalls.toStatusRuntimeException(ClientCalls.java:233)
	at org.apache.ratis.thirdparty.io.grpc.stub.ClientCalls.getUnchecked(ClientCalls.java:214)
	at org.apache.ratis.thirdparty.io.grpc.stub.ClientCalls.blockingUnaryCall(ClientCalls.java:139)
	at org.apache.ratis.proto.grpc.RaftServerProtocolServiceGrpc$RaftServerProtocolServiceBlockingStub.requestVote(RaftServerProtocolServiceGrpc.java:265)
	at org.apache.ratis.grpc.server.GrpcServerProtocolClient.requestVote(GrpcServerProtocolClient.java:99)
	at org.apache.ratis.grpc.server.GrpcService.requestVote(GrpcService.java:204)
	at org.apache.ratis.server.impl.LeaderElection.lambda$submitRequests$1(LeaderElection.java:234)
	at java.util.concurrent.FutureTask.run(FutureTask.java:266)
	at java.util.concurrent.Executors$RunnableAdapter.call(Executors.java:511)
	at java.util.concurrent.FutureTask.run(FutureTask.java:266)
	at java.util.concurrent.ThreadPoolExecutor.runWorker(ThreadPoolExecutor.java:1149)
	at java.util.concurrent.ThreadPoolExecutor$Worker.run(ThreadPoolExecutor.java:624)
	... 1 more
Caused by: org.apache.ratis.thirdparty.io.netty.channel.AbstractChannel$AnnotatedConnectException: Connection refused: /192.168.157.233:35716
	at sun.nio.ch.SocketChannelImpl.checkConnect(Native Method)
	at sun.nio.ch.SocketChannelImpl.finishConnect(SocketChannelImpl.java:717)
	at org.apache.ratis.thirdparty.io.netty.channel.socket.nio.NioSocketChannel.doFinishConnect(NioSocketChannel.java:327)
	at org.apache.ratis.thirdparty.io.netty.channel.nio.AbstractNioChannel$AbstractNioUnsafe.finishConnect(AbstractNioChannel.java:340)
	at org.apache.ratis.thirdparty.io.netty.channel.nio.NioEventLoop.processSelectedKey(NioEventLoop.java:632)
	at org.apache.ratis.thirdparty.io.netty.channel.nio.NioEventLoop.processSelectedKeysOptimized(NioEventLoop.java:579)
	at org.apache.ratis.thirdparty.io.netty.channel.nio.NioEventLoop.processSelectedKeys(NioEventLoop.java:496)
	at org.apache.ratis.thirdparty.io.netty.channel.nio.NioEventLoop.run(NioEventLoop.java:458)
	at org.apache.ratis.thirdparty.io.netty.util.concurrent.SingleThreadEventExecutor$5.run(SingleThreadEventExecutor.java:897)
	at org.apache.ratis.thirdparty.io.netty.util.concurrent.FastThreadLocalRunnable.run(FastThreadLocalRunnable.java:30)
	... 1 more
Caused by: java.net.ConnectException: Connection refused
	... 11 more
2019-10-25 11:08:04,399 [f6cfa8a2-85ff-4bb9-a246-101c53d2d47b@group-49E82E920F3F-LeaderElection639] INFO  impl.LeaderElection (LogUtils.java:infoOrTrace(149)) - f6cfa8a2-85ff-4bb9-a246-101c53d2d47b@group-49E82E920F3F-LeaderElection639 got exception when requesting votes: {}
java.util.concurrent.ExecutionException: org.apache.ratis.thirdparty.io.grpc.StatusRuntimeException: UNAVAILABLE: io exception
	at java.util.concurrent.FutureTask.report(FutureTask.java:122)
	at java.util.concurrent.FutureTask.get(FutureTask.java:192)
	at org.apache.ratis.server.impl.LeaderElection.waitForResults(LeaderElection.java:259)
	at org.apache.ratis.server.impl.LeaderElection.askForVotes(LeaderElection.java:197)
	at org.apache.ratis.server.impl.LeaderElection.run(LeaderElection.java:133)
	at java.lang.Thread.run(Thread.java:748)
Caused by: org.apache.ratis.thirdparty.io.grpc.StatusRuntimeException: UNAVAILABLE: io exception
	at org.apache.ratis.thirdparty.io.grpc.stub.ClientCalls.toStatusRuntimeException(ClientCalls.java:233)
	at org.apache.ratis.thirdparty.io.grpc.stub.ClientCalls.getUnchecked(ClientCalls.java:214)
	at org.apache.ratis.thirdparty.io.grpc.stub.ClientCalls.blockingUnaryCall(ClientCalls.java:139)
	at org.apache.ratis.proto.grpc.RaftServerProtocolServiceGrpc$RaftServerProtocolServiceBlockingStub.requestVote(RaftServerProtocolServiceGrpc.java:265)
	at org.apache.ratis.grpc.server.GrpcServerProtocolClient.requestVote(GrpcServerProtocolClient.java:99)
	at org.apache.ratis.grpc.server.GrpcService.requestVote(GrpcService.java:204)
	at org.apache.ratis.server.impl.LeaderElection.lambda$submitRequests$1(LeaderElection.java:234)
	at java.util.concurrent.FutureTask.run(FutureTask.java:266)
	at java.util.concurrent.Executors$RunnableAdapter.call(Executors.java:511)
	at java.util.concurrent.FutureTask.run(FutureTask.java:266)
	at java.util.concurrent.ThreadPoolExecutor.runWorker(ThreadPoolExecutor.java:1149)
	at java.util.concurrent.ThreadPoolExecutor$Worker.run(ThreadPoolExecutor.java:624)
	... 1 more
Caused by: org.apache.ratis.thirdparty.io.netty.channel.AbstractChannel$AnnotatedConnectException: Connection refused: /192.168.157.233:42906
	at sun.nio.ch.SocketChannelImpl.checkConnect(Native Method)
	at sun.nio.ch.SocketChannelImpl.finishConnect(SocketChannelImpl.java:717)
	at org.apache.ratis.thirdparty.io.netty.channel.socket.nio.NioSocketChannel.doFinishConnect(NioSocketChannel.java:327)
	at org.apache.ratis.thirdparty.io.netty.channel.nio.AbstractNioChannel$AbstractNioUnsafe.finishConnect(AbstractNioChannel.java:340)
	at org.apache.ratis.thirdparty.io.netty.channel.nio.NioEventLoop.processSelectedKey(NioEventLoop.java:632)
	at org.apache.ratis.thirdparty.io.netty.channel.nio.NioEventLoop.processSelectedKeysOptimized(NioEventLoop.java:579)
	at org.apache.ratis.thirdparty.io.netty.channel.nio.NioEventLoop.processSelectedKeys(NioEventLoop.java:496)
	at org.apache.ratis.thirdparty.io.netty.channel.nio.NioEventLoop.run(NioEventLoop.java:458)
	at org.apache.ratis.thirdparty.io.netty.util.concurrent.SingleThreadEventExecutor$5.run(SingleThreadEventExecutor.java:897)
	at org.apache.ratis.thirdparty.io.netty.util.concurrent.FastThreadLocalRunnable.run(FastThreadLocalRunnable.java:30)
	... 1 more
Caused by: java.net.ConnectException: Connection refused
	... 11 more
2019-10-25 11:08:04,399 [f6cfa8a2-85ff-4bb9-a246-101c53d2d47b@group-49E82E920F3F-LeaderElection639] INFO  impl.LeaderElection (LeaderElection.java:logAndReturn(56)) - f6cfa8a2-85ff-4bb9-a246-101c53d2d47b@group-49E82E920F3F-LeaderElection639: Election REJECTED; received 0 response(s) [] and 2 exception(s); f6cfa8a2-85ff-4bb9-a246-101c53d2d47b@group-49E82E920F3F:t229, leader=null, voted=f6cfa8a2-85ff-4bb9-a246-101c53d2d47b, raftlog=f6cfa8a2-85ff-4bb9-a246-101c53d2d47b@group-49E82E920F3F-SegmentedRaftLog:OPENED:c-1,f-1,i0, conf=-1: [7fad1e98-7a6b-4998-a30c-ec1ab88068bc:192.168.157.233:35716, bdb27072-dd00-4d3b-a7da-41600e490ca3:192.168.157.233:42906, f6cfa8a2-85ff-4bb9-a246-101c53d2d47b:192.168.157.233:44618], old=null
2019-10-25 11:08:04,399 [f6cfa8a2-85ff-4bb9-a246-101c53d2d47b@group-49E82E920F3F-LeaderElection639] INFO  impl.LeaderElection (LogUtils.java:infoOrTrace(149)) -   Exception 0: {}
java.util.concurrent.ExecutionException: org.apache.ratis.thirdparty.io.grpc.StatusRuntimeException: UNAVAILABLE: io exception
	at java.util.concurrent.FutureTask.report(FutureTask.java:122)
	at java.util.concurrent.FutureTask.get(FutureTask.java:192)
	at org.apache.ratis.server.impl.LeaderElection.waitForResults(LeaderElection.java:259)
	at org.apache.ratis.server.impl.LeaderElection.askForVotes(LeaderElection.java:197)
	at org.apache.ratis.server.impl.LeaderElection.run(LeaderElection.java:133)
	at java.lang.Thread.run(Thread.java:748)
Caused by: org.apache.ratis.thirdparty.io.grpc.StatusRuntimeException: UNAVAILABLE: io exception
	at org.apache.ratis.thirdparty.io.grpc.stub.ClientCalls.toStatusRuntimeException(ClientCalls.java:233)
	at org.apache.ratis.thirdparty.io.grpc.stub.ClientCalls.getUnchecked(ClientCalls.java:214)
	at org.apache.ratis.thirdparty.io.grpc.stub.ClientCalls.blockingUnaryCall(ClientCalls.java:139)
	at org.apache.ratis.proto.grpc.RaftServerProtocolServiceGrpc$RaftServerProtocolServiceBlockingStub.requestVote(RaftServerProtocolServiceGrpc.java:265)
	at org.apache.ratis.grpc.server.GrpcServerProtocolClient.requestVote(GrpcServerProtocolClient.java:99)
	at org.apache.ratis.grpc.server.GrpcService.requestVote(GrpcService.java:204)
	at org.apache.ratis.server.impl.LeaderElection.lambda$submitRequests$1(LeaderElection.java:234)
	at java.util.concurrent.FutureTask.run(FutureTask.java:266)
	at java.util.concurrent.Executors$RunnableAdapter.call(Executors.java:511)
	at java.util.concurrent.FutureTask.run(FutureTask.java:266)
	at java.util.concurrent.ThreadPoolExecutor.runWorker(ThreadPoolExecutor.java:1149)
	at java.util.concurrent.ThreadPoolExecutor$Worker.run(ThreadPoolExecutor.java:624)
	... 1 more
Caused by: org.apache.ratis.thirdparty.io.netty.channel.AbstractChannel$AnnotatedConnectException: Connection refused: /192.168.157.233:35716
	at sun.nio.ch.SocketChannelImpl.checkConnect(Native Method)
	at sun.nio.ch.SocketChannelImpl.finishConnect(SocketChannelImpl.java:717)
	at org.apache.ratis.thirdparty.io.netty.channel.socket.nio.NioSocketChannel.doFinishConnect(NioSocketChannel.java:327)
	at org.apache.ratis.thirdparty.io.netty.channel.nio.AbstractNioChannel$AbstractNioUnsafe.finishConnect(AbstractNioChannel.java:340)
	at org.apache.ratis.thirdparty.io.netty.channel.nio.NioEventLoop.processSelectedKey(NioEventLoop.java:632)
	at org.apache.ratis.thirdparty.io.netty.channel.nio.NioEventLoop.processSelectedKeysOptimized(NioEventLoop.java:579)
	at org.apache.ratis.thirdparty.io.netty.channel.nio.NioEventLoop.processSelectedKeys(NioEventLoop.java:496)
	at org.apache.ratis.thirdparty.io.netty.channel.nio.NioEventLoop.run(NioEventLoop.java:458)
	at org.apache.ratis.thirdparty.io.netty.util.concurrent.SingleThreadEventExecutor$5.run(SingleThreadEventExecutor.java:897)
	at org.apache.ratis.thirdparty.io.netty.util.concurrent.FastThreadLocalRunnable.run(FastThreadLocalRunnable.java:30)
	... 1 more
Caused by: java.net.ConnectException: Connection refused
	... 11 more
2019-10-25 11:08:04,399 [f6cfa8a2-85ff-4bb9-a246-101c53d2d47b@group-49E82E920F3F-LeaderElection639] INFO  impl.LeaderElection (LogUtils.java:infoOrTrace(149)) -   Exception 1: {}
java.util.concurrent.ExecutionException: org.apache.ratis.thirdparty.io.grpc.StatusRuntimeException: UNAVAILABLE: io exception
	at java.util.concurrent.FutureTask.report(FutureTask.java:122)
	at java.util.concurrent.FutureTask.get(FutureTask.java:192)
	at org.apache.ratis.server.impl.LeaderElection.waitForResults(LeaderElection.java:259)
	at org.apache.ratis.server.impl.LeaderElection.askForVotes(LeaderElection.java:197)
	at org.apache.ratis.server.impl.LeaderElection.run(LeaderElection.java:133)
	at java.lang.Thread.run(Thread.java:748)
Caused by: org.apache.ratis.thirdparty.io.grpc.StatusRuntimeException: UNAVAILABLE: io exception
	at org.apache.ratis.thirdparty.io.grpc.stub.ClientCalls.toStatusRuntimeException(ClientCalls.java:233)
	at org.apache.ratis.thirdparty.io.grpc.stub.ClientCalls.getUnchecked(ClientCalls.java:214)
	at org.apache.ratis.thirdparty.io.grpc.stub.ClientCalls.blockingUnaryCall(ClientCalls.java:139)
	at org.apache.ratis.proto.grpc.RaftServerProtocolServiceGrpc$RaftServerProtocolServiceBlockingStub.requestVote(RaftServerProtocolServiceGrpc.java:265)
	at org.apache.ratis.grpc.server.GrpcServerProtocolClient.requestVote(GrpcServerProtocolClient.java:99)
	at org.apache.ratis.grpc.server.GrpcService.requestVote(GrpcService.java:204)
	at org.apache.ratis.server.impl.LeaderElection.lambda$submitRequests$1(LeaderElection.java:234)
	at java.util.concurrent.FutureTask.run(FutureTask.java:266)
	at java.util.concurrent.Executors$RunnableAdapter.call(Executors.java:511)
	at java.util.concurrent.FutureTask.run(FutureTask.java:266)
	at java.util.concurrent.ThreadPoolExecutor.runWorker(ThreadPoolExecutor.java:1149)
	at java.util.concurrent.ThreadPoolExecutor$Worker.run(ThreadPoolExecutor.java:624)
	... 1 more
Caused by: org.apache.ratis.thirdparty.io.netty.channel.AbstractChannel$AnnotatedConnectException: Connection refused: /192.168.157.233:42906
	at sun.nio.ch.SocketChannelImpl.checkConnect(Native Method)
	at sun.nio.ch.SocketChannelImpl.finishConnect(SocketChannelImpl.java:717)
	at org.apache.ratis.thirdparty.io.netty.channel.socket.nio.NioSocketChannel.doFinishConnect(NioSocketChannel.java:327)
	at org.apache.ratis.thirdparty.io.netty.channel.nio.AbstractNioChannel$AbstractNioUnsafe.finishConnect(AbstractNioChannel.java:340)
	at org.apache.ratis.thirdparty.io.netty.channel.nio.NioEventLoop.processSelectedKey(NioEventLoop.java:632)
	at org.apache.ratis.thirdparty.io.netty.channel.nio.NioEventLoop.processSelectedKeysOptimized(NioEventLoop.java:579)
	at org.apache.ratis.thirdparty.io.netty.channel.nio.NioEventLoop.processSelectedKeys(NioEventLoop.java:496)
	at org.apache.ratis.thirdparty.io.netty.channel.nio.NioEventLoop.run(NioEventLoop.java:458)
	at org.apache.ratis.thirdparty.io.netty.util.concurrent.SingleThreadEventExecutor$5.run(SingleThreadEventExecutor.java:897)
	at org.apache.ratis.thirdparty.io.netty.util.concurrent.FastThreadLocalRunnable.run(FastThreadLocalRunnable.java:30)
	... 1 more
Caused by: java.net.ConnectException: Connection refused
	... 11 more
2019-10-25 11:08:04,400 [f6cfa8a2-85ff-4bb9-a246-101c53d2d47b@group-49E82E920F3F-LeaderElection639] INFO  impl.RaftServerImpl (RaftServerImpl.java:setRole(184)) - f6cfa8a2-85ff-4bb9-a246-101c53d2d47b@group-49E82E920F3F: changes role from CANDIDATE to FOLLOWER at term 229 for DISCOVERED_A_NEW_TERM
2019-10-25 11:08:04,401 [f6cfa8a2-85ff-4bb9-a246-101c53d2d47b@group-49E82E920F3F-LeaderElection639] INFO  impl.RoleInfo (RoleInfo.java:shutdownLeaderElection(134)) - f6cfa8a2-85ff-4bb9-a246-101c53d2d47b: shutdown LeaderElection
2019-10-25 11:08:04,401 [f6cfa8a2-85ff-4bb9-a246-101c53d2d47b@group-49E82E920F3F-LeaderElection639] INFO  impl.RoleInfo (RoleInfo.java:updateAndGet(143)) - f6cfa8a2-85ff-4bb9-a246-101c53d2d47b: start FollowerState
2019-10-25 11:08:04,469 [java.util.concurrent.ThreadPoolExecutor$Worker@3e501297[State = -1, empty queue]] WARN  server.GrpcLogAppender (GrpcLogAppender.java:timeoutAppendRequest(209)) - 8a2c850d-503a-4b6a-9325-357a6554e10c@group-B334D6EBB589->e8f52f97-4cbf-4021-bc09-65b78a9dc21b-GrpcLogAppender: appendEntries Timeout, request=8a2c850d-503a-4b6a-9325-357a6554e10c->e8f52f97-4cbf-4021-bc09-65b78a9dc21b#49-t1, previous=(t:1, i:0), leaderCommit=0, initializing? false, entries: <empty>
2019-10-25 11:08:04,483 [java.util.concurrent.ThreadPoolExecutor$Worker@33ec010c[State = -1, empty queue]] WARN  server.GrpcLogAppender (GrpcLogAppender.java:timeoutAppendRequest(209)) - 8a2c850d-503a-4b6a-9325-357a6554e10c@group-B334D6EBB589->f5dc0a75-b584-4700-be7c-7942c0d8117c-GrpcLogAppender: appendEntries Timeout, request=8a2c850d-503a-4b6a-9325-357a6554e10c->f5dc0a75-b584-4700-be7c-7942c0d8117c#49-t1, previous=(t:1, i:0), leaderCommit=0, initializing? false, entries: <empty>
2019-10-25 11:08:04,511 [Thread-5160] INFO  impl.FollowerState (FollowerState.java:run(108)) - f6cfa8a2-85ff-4bb9-a246-101c53d2d47b@group-49E82E920F3F-FollowerState: change to CANDIDATE, lastRpcTime:110ms, electionTimeout:110ms
2019-10-25 11:08:04,511 [Thread-5160] INFO  impl.RoleInfo (RoleInfo.java:shutdownFollowerState(121)) - f6cfa8a2-85ff-4bb9-a246-101c53d2d47b: shutdown FollowerState
2019-10-25 11:08:04,511 [Thread-5160] INFO  impl.RaftServerImpl (RaftServerImpl.java:setRole(184)) - f6cfa8a2-85ff-4bb9-a246-101c53d2d47b@group-49E82E920F3F: changes role from  FOLLOWER to CANDIDATE at term 229 for changeToCandidate
2019-10-25 11:08:04,511 [Thread-5160] INFO  impl.RoleInfo (RoleInfo.java:updateAndGet(143)) - f6cfa8a2-85ff-4bb9-a246-101c53d2d47b: start LeaderElection
2019-10-25 11:08:04,525 [f6cfa8a2-85ff-4bb9-a246-101c53d2d47b@group-49E82E920F3F-LeaderElection640] INFO  impl.LeaderElection (LeaderElection.java:askForVotes(178)) - f6cfa8a2-85ff-4bb9-a246-101c53d2d47b@group-49E82E920F3F-LeaderElection640: begin an election at term 230 for -1: [7fad1e98-7a6b-4998-a30c-ec1ab88068bc:192.168.157.233:35716, bdb27072-dd00-4d3b-a7da-41600e490ca3:192.168.157.233:42906, f6cfa8a2-85ff-4bb9-a246-101c53d2d47b:192.168.157.233:44618], old=null
2019-10-25 11:08:04,526 [f6cfa8a2-85ff-4bb9-a246-101c53d2d47b@group-49E82E920F3F-LeaderElection640] INFO  impl.LeaderElection (LogUtils.java:infoOrTrace(149)) - f6cfa8a2-85ff-4bb9-a246-101c53d2d47b@group-49E82E920F3F-LeaderElection640 got exception when requesting votes: {}
java.util.concurrent.ExecutionException: org.apache.ratis.thirdparty.io.grpc.StatusRuntimeException: UNAVAILABLE: io exception
	at java.util.concurrent.FutureTask.report(FutureTask.java:122)
	at java.util.concurrent.FutureTask.get(FutureTask.java:192)
	at org.apache.ratis.server.impl.LeaderElection.waitForResults(LeaderElection.java:259)
	at org.apache.ratis.server.impl.LeaderElection.askForVotes(LeaderElection.java:197)
	at org.apache.ratis.server.impl.LeaderElection.run(LeaderElection.java:133)
	at java.lang.Thread.run(Thread.java:748)
Caused by: org.apache.ratis.thirdparty.io.grpc.StatusRuntimeException: UNAVAILABLE: io exception
	at org.apache.ratis.thirdparty.io.grpc.stub.ClientCalls.toStatusRuntimeException(ClientCalls.java:233)
	at org.apache.ratis.thirdparty.io.grpc.stub.ClientCalls.getUnchecked(ClientCalls.java:214)
	at org.apache.ratis.thirdparty.io.grpc.stub.ClientCalls.blockingUnaryCall(ClientCalls.java:139)
	at org.apache.ratis.proto.grpc.RaftServerProtocolServiceGrpc$RaftServerProtocolServiceBlockingStub.requestVote(RaftServerProtocolServiceGrpc.java:265)
	at org.apache.ratis.grpc.server.GrpcServerProtocolClient.requestVote(GrpcServerProtocolClient.java:99)
	at org.apache.ratis.grpc.server.GrpcService.requestVote(GrpcService.java:204)
	at org.apache.ratis.server.impl.LeaderElection.lambda$submitRequests$1(LeaderElection.java:234)
	at java.util.concurrent.FutureTask.run(FutureTask.java:266)
	at java.util.concurrent.Executors$RunnableAdapter.call(Executors.java:511)
	at java.util.concurrent.FutureTask.run(FutureTask.java:266)
	at java.util.concurrent.ThreadPoolExecutor.runWorker(ThreadPoolExecutor.java:1149)
	at java.util.concurrent.ThreadPoolExecutor$Worker.run(ThreadPoolExecutor.java:624)
	... 1 more
Caused by: org.apache.ratis.thirdparty.io.netty.channel.AbstractChannel$AnnotatedConnectException: Connection refused: /192.168.157.233:35716
	at sun.nio.ch.SocketChannelImpl.checkConnect(Native Method)
	at sun.nio.ch.SocketChannelImpl.finishConnect(SocketChannelImpl.java:717)
	at org.apache.ratis.thirdparty.io.netty.channel.socket.nio.NioSocketChannel.doFinishConnect(NioSocketChannel.java:327)
	at org.apache.ratis.thirdparty.io.netty.channel.nio.AbstractNioChannel$AbstractNioUnsafe.finishConnect(AbstractNioChannel.java:340)
	at org.apache.ratis.thirdparty.io.netty.channel.nio.NioEventLoop.processSelectedKey(NioEventLoop.java:632)
	at org.apache.ratis.thirdparty.io.netty.channel.nio.NioEventLoop.processSelectedKeysOptimized(NioEventLoop.java:579)
	at org.apache.ratis.thirdparty.io.netty.channel.nio.NioEventLoop.processSelectedKeys(NioEventLoop.java:496)
	at org.apache.ratis.thirdparty.io.netty.channel.nio.NioEventLoop.run(NioEventLoop.java:458)
	at org.apache.ratis.thirdparty.io.netty.util.concurrent.SingleThreadEventExecutor$5.run(SingleThreadEventExecutor.java:897)
	at org.apache.ratis.thirdparty.io.netty.util.concurrent.FastThreadLocalRunnable.run(FastThreadLocalRunnable.java:30)
	... 1 more
Caused by: java.net.ConnectException: Connection refused
	... 11 more
2019-10-25 11:08:04,526 [f6cfa8a2-85ff-4bb9-a246-101c53d2d47b@group-49E82E920F3F-LeaderElection640] INFO  impl.LeaderElection (LogUtils.java:infoOrTrace(149)) - f6cfa8a2-85ff-4bb9-a246-101c53d2d47b@group-49E82E920F3F-LeaderElection640 got exception when requesting votes: {}
java.util.concurrent.ExecutionException: org.apache.ratis.thirdparty.io.grpc.StatusRuntimeException: UNAVAILABLE: io exception
	at java.util.concurrent.FutureTask.report(FutureTask.java:122)
	at java.util.concurrent.FutureTask.get(FutureTask.java:192)
	at org.apache.ratis.server.impl.LeaderElection.waitForResults(LeaderElection.java:259)
	at org.apache.ratis.server.impl.LeaderElection.askForVotes(LeaderElection.java:197)
	at org.apache.ratis.server.impl.LeaderElection.run(LeaderElection.java:133)
	at java.lang.Thread.run(Thread.java:748)
Caused by: org.apache.ratis.thirdparty.io.grpc.StatusRuntimeException: UNAVAILABLE: io exception
	at org.apache.ratis.thirdparty.io.grpc.stub.ClientCalls.toStatusRuntimeException(ClientCalls.java:233)
	at org.apache.ratis.thirdparty.io.grpc.stub.ClientCalls.getUnchecked(ClientCalls.java:214)
	at org.apache.ratis.thirdparty.io.grpc.stub.ClientCalls.blockingUnaryCall(ClientCalls.java:139)
	at org.apache.ratis.proto.grpc.RaftServerProtocolServiceGrpc$RaftServerProtocolServiceBlockingStub.requestVote(RaftServerProtocolServiceGrpc.java:265)
	at org.apache.ratis.grpc.server.GrpcServerProtocolClient.requestVote(GrpcServerProtocolClient.java:99)
	at org.apache.ratis.grpc.server.GrpcService.requestVote(GrpcService.java:204)
	at org.apache.ratis.server.impl.LeaderElection.lambda$submitRequests$1(LeaderElection.java:234)
	at java.util.concurrent.FutureTask.run(FutureTask.java:266)
	at java.util.concurrent.Executors$RunnableAdapter.call(Executors.java:511)
	at java.util.concurrent.FutureTask.run(FutureTask.java:266)
	at java.util.concurrent.ThreadPoolExecutor.runWorker(ThreadPoolExecutor.java:1149)
	at java.util.concurrent.ThreadPoolExecutor$Worker.run(ThreadPoolExecutor.java:624)
	... 1 more
Caused by: org.apache.ratis.thirdparty.io.netty.channel.AbstractChannel$AnnotatedConnectException: Connection refused: /192.168.157.233:42906
	at sun.nio.ch.SocketChannelImpl.checkConnect(Native Method)
	at sun.nio.ch.SocketChannelImpl.finishConnect(SocketChannelImpl.java:717)
	at org.apache.ratis.thirdparty.io.netty.channel.socket.nio.NioSocketChannel.doFinishConnect(NioSocketChannel.java:327)
	at org.apache.ratis.thirdparty.io.netty.channel.nio.AbstractNioChannel$AbstractNioUnsafe.finishConnect(AbstractNioChannel.java:340)
	at org.apache.ratis.thirdparty.io.netty.channel.nio.NioEventLoop.processSelectedKey(NioEventLoop.java:632)
	at org.apache.ratis.thirdparty.io.netty.channel.nio.NioEventLoop.processSelectedKeysOptimized(NioEventLoop.java:579)
	at org.apache.ratis.thirdparty.io.netty.channel.nio.NioEventLoop.processSelectedKeys(NioEventLoop.java:496)
	at org.apache.ratis.thirdparty.io.netty.channel.nio.NioEventLoop.run(NioEventLoop.java:458)
	at org.apache.ratis.thirdparty.io.netty.util.concurrent.SingleThreadEventExecutor$5.run(SingleThreadEventExecutor.java:897)
	at org.apache.ratis.thirdparty.io.netty.util.concurrent.FastThreadLocalRunnable.run(FastThreadLocalRunnable.java:30)
	... 1 more
Caused by: java.net.ConnectException: Connection refused
	... 11 more
2019-10-25 11:08:04,527 [f6cfa8a2-85ff-4bb9-a246-101c53d2d47b@group-49E82E920F3F-LeaderElection640] INFO  impl.LeaderElection (LeaderElection.java:logAndReturn(56)) - f6cfa8a2-85ff-4bb9-a246-101c53d2d47b@group-49E82E920F3F-LeaderElection640: Election REJECTED; received 0 response(s) [] and 2 exception(s); f6cfa8a2-85ff-4bb9-a246-101c53d2d47b@group-49E82E920F3F:t230, leader=null, voted=f6cfa8a2-85ff-4bb9-a246-101c53d2d47b, raftlog=f6cfa8a2-85ff-4bb9-a246-101c53d2d47b@group-49E82E920F3F-SegmentedRaftLog:OPENED:c-1,f-1,i0, conf=-1: [7fad1e98-7a6b-4998-a30c-ec1ab88068bc:192.168.157.233:35716, bdb27072-dd00-4d3b-a7da-41600e490ca3:192.168.157.233:42906, f6cfa8a2-85ff-4bb9-a246-101c53d2d47b:192.168.157.233:44618], old=null
2019-10-25 11:08:04,527 [f6cfa8a2-85ff-4bb9-a246-101c53d2d47b@group-49E82E920F3F-LeaderElection640] INFO  impl.LeaderElection (LogUtils.java:infoOrTrace(149)) -   Exception 0: {}
java.util.concurrent.ExecutionException: org.apache.ratis.thirdparty.io.grpc.StatusRuntimeException: UNAVAILABLE: io exception
	at java.util.concurrent.FutureTask.report(FutureTask.java:122)
	at java.util.concurrent.FutureTask.get(FutureTask.java:192)
	at org.apache.ratis.server.impl.LeaderElection.waitForResults(LeaderElection.java:259)
	at org.apache.ratis.server.impl.LeaderElection.askForVotes(LeaderElection.java:197)
	at org.apache.ratis.server.impl.LeaderElection.run(LeaderElection.java:133)
	at java.lang.Thread.run(Thread.java:748)
Caused by: org.apache.ratis.thirdparty.io.grpc.StatusRuntimeException: UNAVAILABLE: io exception
	at org.apache.ratis.thirdparty.io.grpc.stub.ClientCalls.toStatusRuntimeException(ClientCalls.java:233)
	at org.apache.ratis.thirdparty.io.grpc.stub.ClientCalls.getUnchecked(ClientCalls.java:214)
	at org.apache.ratis.thirdparty.io.grpc.stub.ClientCalls.blockingUnaryCall(ClientCalls.java:139)
	at org.apache.ratis.proto.grpc.RaftServerProtocolServiceGrpc$RaftServerProtocolServiceBlockingStub.requestVote(RaftServerProtocolServiceGrpc.java:265)
	at org.apache.ratis.grpc.server.GrpcServerProtocolClient.requestVote(GrpcServerProtocolClient.java:99)
	at org.apache.ratis.grpc.server.GrpcService.requestVote(GrpcService.java:204)
	at org.apache.ratis.server.impl.LeaderElection.lambda$submitRequests$1(LeaderElection.java:234)
	at java.util.concurrent.FutureTask.run(FutureTask.java:266)
	at java.util.concurrent.Executors$RunnableAdapter.call(Executors.java:511)
	at java.util.concurrent.FutureTask.run(FutureTask.java:266)
	at java.util.concurrent.ThreadPoolExecutor.runWorker(ThreadPoolExecutor.java:1149)
	at java.util.concurrent.ThreadPoolExecutor$Worker.run(ThreadPoolExecutor.java:624)
	... 1 more
Caused by: org.apache.ratis.thirdparty.io.netty.channel.AbstractChannel$AnnotatedConnectException: Connection refused: /192.168.157.233:35716
	at sun.nio.ch.SocketChannelImpl.checkConnect(Native Method)
	at sun.nio.ch.SocketChannelImpl.finishConnect(SocketChannelImpl.java:717)
	at org.apache.ratis.thirdparty.io.netty.channel.socket.nio.NioSocketChannel.doFinishConnect(NioSocketChannel.java:327)
	at org.apache.ratis.thirdparty.io.netty.channel.nio.AbstractNioChannel$AbstractNioUnsafe.finishConnect(AbstractNioChannel.java:340)
	at org.apache.ratis.thirdparty.io.netty.channel.nio.NioEventLoop.processSelectedKey(NioEventLoop.java:632)
	at org.apache.ratis.thirdparty.io.netty.channel.nio.NioEventLoop.processSelectedKeysOptimized(NioEventLoop.java:579)
	at org.apache.ratis.thirdparty.io.netty.channel.nio.NioEventLoop.processSelectedKeys(NioEventLoop.java:496)
	at org.apache.ratis.thirdparty.io.netty.channel.nio.NioEventLoop.run(NioEventLoop.java:458)
	at org.apache.ratis.thirdparty.io.netty.util.concurrent.SingleThreadEventExecutor$5.run(SingleThreadEventExecutor.java:897)
	at org.apache.ratis.thirdparty.io.netty.util.concurrent.FastThreadLocalRunnable.run(FastThreadLocalRunnable.java:30)
	... 1 more
Caused by: java.net.ConnectException: Connection refused
	... 11 more
2019-10-25 11:08:04,527 [f6cfa8a2-85ff-4bb9-a246-101c53d2d47b@group-49E82E920F3F-LeaderElection640] INFO  impl.LeaderElection (LogUtils.java:infoOrTrace(149)) -   Exception 1: {}
java.util.concurrent.ExecutionException: org.apache.ratis.thirdparty.io.grpc.StatusRuntimeException: UNAVAILABLE: io exception
	at java.util.concurrent.FutureTask.report(FutureTask.java:122)
	at java.util.concurrent.FutureTask.get(FutureTask.java:192)
	at org.apache.ratis.server.impl.LeaderElection.waitForResults(LeaderElection.java:259)
	at org.apache.ratis.server.impl.LeaderElection.askForVotes(LeaderElection.java:197)
	at org.apache.ratis.server.impl.LeaderElection.run(LeaderElection.java:133)
	at java.lang.Thread.run(Thread.java:748)
Caused by: org.apache.ratis.thirdparty.io.grpc.StatusRuntimeException: UNAVAILABLE: io exception
	at org.apache.ratis.thirdparty.io.grpc.stub.ClientCalls.toStatusRuntimeException(ClientCalls.java:233)
	at org.apache.ratis.thirdparty.io.grpc.stub.ClientCalls.getUnchecked(ClientCalls.java:214)
	at org.apache.ratis.thirdparty.io.grpc.stub.ClientCalls.blockingUnaryCall(ClientCalls.java:139)
	at org.apache.ratis.proto.grpc.RaftServerProtocolServiceGrpc$RaftServerProtocolServiceBlockingStub.requestVote(RaftServerProtocolServiceGrpc.java:265)
	at org.apache.ratis.grpc.server.GrpcServerProtocolClient.requestVote(GrpcServerProtocolClient.java:99)
	at org.apache.ratis.grpc.server.GrpcService.requestVote(GrpcService.java:204)
	at org.apache.ratis.server.impl.LeaderElection.lambda$submitRequests$1(LeaderElection.java:234)
	at java.util.concurrent.FutureTask.run(FutureTask.java:266)
	at java.util.concurrent.Executors$RunnableAdapter.call(Executors.java:511)
	at java.util.concurrent.FutureTask.run(FutureTask.java:266)
	at java.util.concurrent.ThreadPoolExecutor.runWorker(ThreadPoolExecutor.java:1149)
	at java.util.concurrent.ThreadPoolExecutor$Worker.run(ThreadPoolExecutor.java:624)
	... 1 more
Caused by: org.apache.ratis.thirdparty.io.netty.channel.AbstractChannel$AnnotatedConnectException: Connection refused: /192.168.157.233:42906
	at sun.nio.ch.SocketChannelImpl.checkConnect(Native Method)
	at sun.nio.ch.SocketChannelImpl.finishConnect(SocketChannelImpl.java:717)
	at org.apache.ratis.thirdparty.io.netty.channel.socket.nio.NioSocketChannel.doFinishConnect(NioSocketChannel.java:327)
	at org.apache.ratis.thirdparty.io.netty.channel.nio.AbstractNioChannel$AbstractNioUnsafe.finishConnect(AbstractNioChannel.java:340)
	at org.apache.ratis.thirdparty.io.netty.channel.nio.NioEventLoop.processSelectedKey(NioEventLoop.java:632)
	at org.apache.ratis.thirdparty.io.netty.channel.nio.NioEventLoop.processSelectedKeysOptimized(NioEventLoop.java:579)
	at org.apache.ratis.thirdparty.io.netty.channel.nio.NioEventLoop.processSelectedKeys(NioEventLoop.java:496)
	at org.apache.ratis.thirdparty.io.netty.channel.nio.NioEventLoop.run(NioEventLoop.java:458)
	at org.apache.ratis.thirdparty.io.netty.util.concurrent.SingleThreadEventExecutor$5.run(SingleThreadEventExecutor.java:897)
	at org.apache.ratis.thirdparty.io.netty.util.concurrent.FastThreadLocalRunnable.run(FastThreadLocalRunnable.java:30)
	... 1 more
Caused by: java.net.ConnectException: Connection refused
	... 11 more
2019-10-25 11:08:04,527 [f6cfa8a2-85ff-4bb9-a246-101c53d2d47b@group-49E82E920F3F-LeaderElection640] INFO  impl.RaftServerImpl (RaftServerImpl.java:setRole(184)) - f6cfa8a2-85ff-4bb9-a246-101c53d2d47b@group-49E82E920F3F: changes role from CANDIDATE to FOLLOWER at term 230 for DISCOVERED_A_NEW_TERM
2019-10-25 11:08:04,527 [f6cfa8a2-85ff-4bb9-a246-101c53d2d47b@group-49E82E920F3F-LeaderElection640] INFO  impl.RoleInfo (RoleInfo.java:shutdownLeaderElection(134)) - f6cfa8a2-85ff-4bb9-a246-101c53d2d47b: shutdown LeaderElection
2019-10-25 11:08:04,527 [f6cfa8a2-85ff-4bb9-a246-101c53d2d47b@group-49E82E920F3F-LeaderElection640] INFO  impl.RoleInfo (RoleInfo.java:updateAndGet(143)) - f6cfa8a2-85ff-4bb9-a246-101c53d2d47b: start FollowerState
2019-10-25 11:08:04,604 [Thread-5164] INFO  impl.FollowerState (FollowerState.java:run(108)) - f6cfa8a2-85ff-4bb9-a246-101c53d2d47b@group-49E82E920F3F-FollowerState: change to CANDIDATE, lastRpcTime:76ms, electionTimeout:76ms
2019-10-25 11:08:04,604 [Thread-5164] INFO  impl.RoleInfo (RoleInfo.java:shutdownFollowerState(121)) - f6cfa8a2-85ff-4bb9-a246-101c53d2d47b: shutdown FollowerState
2019-10-25 11:08:04,604 [Thread-5164] INFO  impl.RaftServerImpl (RaftServerImpl.java:setRole(184)) - f6cfa8a2-85ff-4bb9-a246-101c53d2d47b@group-49E82E920F3F: changes role from  FOLLOWER to CANDIDATE at term 230 for changeToCandidate
2019-10-25 11:08:04,604 [Thread-5164] INFO  impl.RoleInfo (RoleInfo.java:updateAndGet(143)) - f6cfa8a2-85ff-4bb9-a246-101c53d2d47b: start LeaderElection
2019-10-25 11:08:04,629 [f6cfa8a2-85ff-4bb9-a246-101c53d2d47b@group-49E82E920F3F-LeaderElection641] INFO  impl.LeaderElection (LeaderElection.java:askForVotes(178)) - f6cfa8a2-85ff-4bb9-a246-101c53d2d47b@group-49E82E920F3F-LeaderElection641: begin an election at term 231 for -1: [7fad1e98-7a6b-4998-a30c-ec1ab88068bc:192.168.157.233:35716, bdb27072-dd00-4d3b-a7da-41600e490ca3:192.168.157.233:42906, f6cfa8a2-85ff-4bb9-a246-101c53d2d47b:192.168.157.233:44618], old=null
2019-10-25 11:08:04,630 [f6cfa8a2-85ff-4bb9-a246-101c53d2d47b@group-49E82E920F3F-LeaderElection641] INFO  impl.LeaderElection (LogUtils.java:infoOrTrace(149)) - f6cfa8a2-85ff-4bb9-a246-101c53d2d47b@group-49E82E920F3F-LeaderElection641 got exception when requesting votes: {}
java.util.concurrent.ExecutionException: org.apache.ratis.thirdparty.io.grpc.StatusRuntimeException: UNAVAILABLE: io exception
	at java.util.concurrent.FutureTask.report(FutureTask.java:122)
	at java.util.concurrent.FutureTask.get(FutureTask.java:192)
	at org.apache.ratis.server.impl.LeaderElection.waitForResults(LeaderElection.java:259)
	at org.apache.ratis.server.impl.LeaderElection.askForVotes(LeaderElection.java:197)
	at org.apache.ratis.server.impl.LeaderElection.run(LeaderElection.java:133)
	at java.lang.Thread.run(Thread.java:748)
Caused by: org.apache.ratis.thirdparty.io.grpc.StatusRuntimeException: UNAVAILABLE: io exception
	at org.apache.ratis.thirdparty.io.grpc.stub.ClientCalls.toStatusRuntimeException(ClientCalls.java:233)
	at org.apache.ratis.thirdparty.io.grpc.stub.ClientCalls.getUnchecked(ClientCalls.java:214)
	at org.apache.ratis.thirdparty.io.grpc.stub.ClientCalls.blockingUnaryCall(ClientCalls.java:139)
	at org.apache.ratis.proto.grpc.RaftServerProtocolServiceGrpc$RaftServerProtocolServiceBlockingStub.requestVote(RaftServerProtocolServiceGrpc.java:265)
	at org.apache.ratis.grpc.server.GrpcServerProtocolClient.requestVote(GrpcServerProtocolClient.java:99)
	at org.apache.ratis.grpc.server.GrpcService.requestVote(GrpcService.java:204)
	at org.apache.ratis.server.impl.LeaderElection.lambda$submitRequests$1(LeaderElection.java:234)
	at java.util.concurrent.FutureTask.run(FutureTask.java:266)
	at java.util.concurrent.Executors$RunnableAdapter.call(Executors.java:511)
	at java.util.concurrent.FutureTask.run(FutureTask.java:266)
	at java.util.concurrent.ThreadPoolExecutor.runWorker(ThreadPoolExecutor.java:1149)
	at java.util.concurrent.ThreadPoolExecutor$Worker.run(ThreadPoolExecutor.java:624)
	... 1 more
Caused by: org.apache.ratis.thirdparty.io.netty.channel.AbstractChannel$AnnotatedConnectException: Connection refused: /192.168.157.233:42906
	at sun.nio.ch.SocketChannelImpl.checkConnect(Native Method)
	at sun.nio.ch.SocketChannelImpl.finishConnect(SocketChannelImpl.java:717)
	at org.apache.ratis.thirdparty.io.netty.channel.socket.nio.NioSocketChannel.doFinishConnect(NioSocketChannel.java:327)
	at org.apache.ratis.thirdparty.io.netty.channel.nio.AbstractNioChannel$AbstractNioUnsafe.finishConnect(AbstractNioChannel.java:340)
	at org.apache.ratis.thirdparty.io.netty.channel.nio.NioEventLoop.processSelectedKey(NioEventLoop.java:632)
	at org.apache.ratis.thirdparty.io.netty.channel.nio.NioEventLoop.processSelectedKeysOptimized(NioEventLoop.java:579)
	at org.apache.ratis.thirdparty.io.netty.channel.nio.NioEventLoop.processSelectedKeys(NioEventLoop.java:496)
	at org.apache.ratis.thirdparty.io.netty.channel.nio.NioEventLoop.run(NioEventLoop.java:458)
	at org.apache.ratis.thirdparty.io.netty.util.concurrent.SingleThreadEventExecutor$5.run(SingleThreadEventExecutor.java:897)
	at org.apache.ratis.thirdparty.io.netty.util.concurrent.FastThreadLocalRunnable.run(FastThreadLocalRunnable.java:30)
	... 1 more
Caused by: java.net.ConnectException: Connection refused
	... 11 more
2019-10-25 11:08:04,631 [f6cfa8a2-85ff-4bb9-a246-101c53d2d47b@group-49E82E920F3F-LeaderElection641] INFO  impl.LeaderElection (LogUtils.java:infoOrTrace(149)) - f6cfa8a2-85ff-4bb9-a246-101c53d2d47b@group-49E82E920F3F-LeaderElection641 got exception when requesting votes: {}
java.util.concurrent.ExecutionException: org.apache.ratis.thirdparty.io.grpc.StatusRuntimeException: UNAVAILABLE: io exception
	at java.util.concurrent.FutureTask.report(FutureTask.java:122)
	at java.util.concurrent.FutureTask.get(FutureTask.java:192)
	at org.apache.ratis.server.impl.LeaderElection.waitForResults(LeaderElection.java:259)
	at org.apache.ratis.server.impl.LeaderElection.askForVotes(LeaderElection.java:197)
	at org.apache.ratis.server.impl.LeaderElection.run(LeaderElection.java:133)
	at java.lang.Thread.run(Thread.java:748)
Caused by: org.apache.ratis.thirdparty.io.grpc.StatusRuntimeException: UNAVAILABLE: io exception
	at org.apache.ratis.thirdparty.io.grpc.stub.ClientCalls.toStatusRuntimeException(ClientCalls.java:233)
	at org.apache.ratis.thirdparty.io.grpc.stub.ClientCalls.getUnchecked(ClientCalls.java:214)
	at org.apache.ratis.thirdparty.io.grpc.stub.ClientCalls.blockingUnaryCall(ClientCalls.java:139)
	at org.apache.ratis.proto.grpc.RaftServerProtocolServiceGrpc$RaftServerProtocolServiceBlockingStub.requestVote(RaftServerProtocolServiceGrpc.java:265)
	at org.apache.ratis.grpc.server.GrpcServerProtocolClient.requestVote(GrpcServerProtocolClient.java:99)
	at org.apache.ratis.grpc.server.GrpcService.requestVote(GrpcService.java:204)
	at org.apache.ratis.server.impl.LeaderElection.lambda$submitRequests$1(LeaderElection.java:234)
	at java.util.concurrent.FutureTask.run(FutureTask.java:266)
	at java.util.concurrent.Executors$RunnableAdapter.call(Executors.java:511)
	at java.util.concurrent.FutureTask.run(FutureTask.java:266)
	at java.util.concurrent.ThreadPoolExecutor.runWorker(ThreadPoolExecutor.java:1149)
	at java.util.concurrent.ThreadPoolExecutor$Worker.run(ThreadPoolExecutor.java:624)
	... 1 more
Caused by: org.apache.ratis.thirdparty.io.netty.channel.AbstractChannel$AnnotatedConnectException: Connection refused: /192.168.157.233:35716
	at sun.nio.ch.SocketChannelImpl.checkConnect(Native Method)
	at sun.nio.ch.SocketChannelImpl.finishConnect(SocketChannelImpl.java:717)
	at org.apache.ratis.thirdparty.io.netty.channel.socket.nio.NioSocketChannel.doFinishConnect(NioSocketChannel.java:327)
	at org.apache.ratis.thirdparty.io.netty.channel.nio.AbstractNioChannel$AbstractNioUnsafe.finishConnect(AbstractNioChannel.java:340)
	at org.apache.ratis.thirdparty.io.netty.channel.nio.NioEventLoop.processSelectedKey(NioEventLoop.java:632)
	at org.apache.ratis.thirdparty.io.netty.channel.nio.NioEventLoop.processSelectedKeysOptimized(NioEventLoop.java:579)
	at org.apache.ratis.thirdparty.io.netty.channel.nio.NioEventLoop.processSelectedKeys(NioEventLoop.java:496)
	at org.apache.ratis.thirdparty.io.netty.channel.nio.NioEventLoop.run(NioEventLoop.java:458)
	at org.apache.ratis.thirdparty.io.netty.util.concurrent.SingleThreadEventExecutor$5.run(SingleThreadEventExecutor.java:897)
	at org.apache.ratis.thirdparty.io.netty.util.concurrent.FastThreadLocalRunnable.run(FastThreadLocalRunnable.java:30)
	... 1 more
Caused by: java.net.ConnectException: Connection refused
	... 11 more
2019-10-25 11:08:04,632 [f6cfa8a2-85ff-4bb9-a246-101c53d2d47b@group-49E82E920F3F-LeaderElection641] INFO  impl.LeaderElection (LeaderElection.java:logAndReturn(56)) - f6cfa8a2-85ff-4bb9-a246-101c53d2d47b@group-49E82E920F3F-LeaderElection641: Election REJECTED; received 0 response(s) [] and 2 exception(s); f6cfa8a2-85ff-4bb9-a246-101c53d2d47b@group-49E82E920F3F:t231, leader=null, voted=f6cfa8a2-85ff-4bb9-a246-101c53d2d47b, raftlog=f6cfa8a2-85ff-4bb9-a246-101c53d2d47b@group-49E82E920F3F-SegmentedRaftLog:OPENED:c-1,f-1,i0, conf=-1: [7fad1e98-7a6b-4998-a30c-ec1ab88068bc:192.168.157.233:35716, bdb27072-dd00-4d3b-a7da-41600e490ca3:192.168.157.233:42906, f6cfa8a2-85ff-4bb9-a246-101c53d2d47b:192.168.157.233:44618], old=null
2019-10-25 11:08:04,632 [f6cfa8a2-85ff-4bb9-a246-101c53d2d47b@group-49E82E920F3F-LeaderElection641] INFO  impl.LeaderElection (LogUtils.java:infoOrTrace(149)) -   Exception 0: {}
java.util.concurrent.ExecutionException: org.apache.ratis.thirdparty.io.grpc.StatusRuntimeException: UNAVAILABLE: io exception
	at java.util.concurrent.FutureTask.report(FutureTask.java:122)
	at java.util.concurrent.FutureTask.get(FutureTask.java:192)
	at org.apache.ratis.server.impl.LeaderElection.waitForResults(LeaderElection.java:259)
	at org.apache.ratis.server.impl.LeaderElection.askForVotes(LeaderElection.java:197)
	at org.apache.ratis.server.impl.LeaderElection.run(LeaderElection.java:133)
	at java.lang.Thread.run(Thread.java:748)
Caused by: org.apache.ratis.thirdparty.io.grpc.StatusRuntimeException: UNAVAILABLE: io exception
	at org.apache.ratis.thirdparty.io.grpc.stub.ClientCalls.toStatusRuntimeException(ClientCalls.java:233)
	at org.apache.ratis.thirdparty.io.grpc.stub.ClientCalls.getUnchecked(ClientCalls.java:214)
	at org.apache.ratis.thirdparty.io.grpc.stub.ClientCalls.blockingUnaryCall(ClientCalls.java:139)
	at org.apache.ratis.proto.grpc.RaftServerProtocolServiceGrpc$RaftServerProtocolServiceBlockingStub.requestVote(RaftServerProtocolServiceGrpc.java:265)
	at org.apache.ratis.grpc.server.GrpcServerProtocolClient.requestVote(GrpcServerProtocolClient.java:99)
	at org.apache.ratis.grpc.server.GrpcService.requestVote(GrpcService.java:204)
	at org.apache.ratis.server.impl.LeaderElection.lambda$submitRequests$1(LeaderElection.java:234)
	at java.util.concurrent.FutureTask.run(FutureTask.java:266)
	at java.util.concurrent.Executors$RunnableAdapter.call(Executors.java:511)
	at java.util.concurrent.FutureTask.run(FutureTask.java:266)
	at java.util.concurrent.ThreadPoolExecutor.runWorker(ThreadPoolExecutor.java:1149)
	at java.util.concurrent.ThreadPoolExecutor$Worker.run(ThreadPoolExecutor.java:624)
	... 1 more
Caused by: org.apache.ratis.thirdparty.io.netty.channel.AbstractChannel$AnnotatedConnectException: Connection refused: /192.168.157.233:42906
	at sun.nio.ch.SocketChannelImpl.checkConnect(Native Method)
	at sun.nio.ch.SocketChannelImpl.finishConnect(SocketChannelImpl.java:717)
	at org.apache.ratis.thirdparty.io.netty.channel.socket.nio.NioSocketChannel.doFinishConnect(NioSocketChannel.java:327)
	at org.apache.ratis.thirdparty.io.netty.channel.nio.AbstractNioChannel$AbstractNioUnsafe.finishConnect(AbstractNioChannel.java:340)
	at org.apache.ratis.thirdparty.io.netty.channel.nio.NioEventLoop.processSelectedKey(NioEventLoop.java:632)
	at org.apache.ratis.thirdparty.io.netty.channel.nio.NioEventLoop.processSelectedKeysOptimized(NioEventLoop.java:579)
	at org.apache.ratis.thirdparty.io.netty.channel.nio.NioEventLoop.processSelectedKeys(NioEventLoop.java:496)
	at org.apache.ratis.thirdparty.io.netty.channel.nio.NioEventLoop.run(NioEventLoop.java:458)
	at org.apache.ratis.thirdparty.io.netty.util.concurrent.SingleThreadEventExecutor$5.run(SingleThreadEventExecutor.java:897)
	at org.apache.ratis.thirdparty.io.netty.util.concurrent.FastThreadLocalRunnable.run(FastThreadLocalRunnable.java:30)
	... 1 more
Caused by: java.net.ConnectException: Connection refused
	... 11 more
2019-10-25 11:08:04,632 [f6cfa8a2-85ff-4bb9-a246-101c53d2d47b@group-49E82E920F3F-LeaderElection641] INFO  impl.LeaderElection (LogUtils.java:infoOrTrace(149)) -   Exception 1: {}
java.util.concurrent.ExecutionException: org.apache.ratis.thirdparty.io.grpc.StatusRuntimeException: UNAVAILABLE: io exception
	at java.util.concurrent.FutureTask.report(FutureTask.java:122)
	at java.util.concurrent.FutureTask.get(FutureTask.java:192)
	at org.apache.ratis.server.impl.LeaderElection.waitForResults(LeaderElection.java:259)
	at org.apache.ratis.server.impl.LeaderElection.askForVotes(LeaderElection.java:197)
	at org.apache.ratis.server.impl.LeaderElection.run(LeaderElection.java:133)
	at java.lang.Thread.run(Thread.java:748)
Caused by: org.apache.ratis.thirdparty.io.grpc.StatusRuntimeException: UNAVAILABLE: io exception
	at org.apache.ratis.thirdparty.io.grpc.stub.ClientCalls.toStatusRuntimeException(ClientCalls.java:233)
	at org.apache.ratis.thirdparty.io.grpc.stub.ClientCalls.getUnchecked(ClientCalls.java:214)
	at org.apache.ratis.thirdparty.io.grpc.stub.ClientCalls.blockingUnaryCall(ClientCalls.java:139)
	at org.apache.ratis.proto.grpc.RaftServerProtocolServiceGrpc$RaftServerProtocolServiceBlockingStub.requestVote(RaftServerProtocolServiceGrpc.java:265)
	at org.apache.ratis.grpc.server.GrpcServerProtocolClient.requestVote(GrpcServerProtocolClient.java:99)
	at org.apache.ratis.grpc.server.GrpcService.requestVote(GrpcService.java:204)
	at org.apache.ratis.server.impl.LeaderElection.lambda$submitRequests$1(LeaderElection.java:234)
	at java.util.concurrent.FutureTask.run(FutureTask.java:266)
	at java.util.concurrent.Executors$RunnableAdapter.call(Executors.java:511)
	at java.util.concurrent.FutureTask.run(FutureTask.java:266)
	at java.util.concurrent.ThreadPoolExecutor.runWorker(ThreadPoolExecutor.java:1149)
	at java.util.concurrent.ThreadPoolExecutor$Worker.run(ThreadPoolExecutor.java:624)
	... 1 more
Caused by: org.apache.ratis.thirdparty.io.netty.channel.AbstractChannel$AnnotatedConnectException: Connection refused: /192.168.157.233:35716
	at sun.nio.ch.SocketChannelImpl.checkConnect(Native Method)
	at sun.nio.ch.SocketChannelImpl.finishConnect(SocketChannelImpl.java:717)
	at org.apache.ratis.thirdparty.io.netty.channel.socket.nio.NioSocketChannel.doFinishConnect(NioSocketChannel.java:327)
	at org.apache.ratis.thirdparty.io.netty.channel.nio.AbstractNioChannel$AbstractNioUnsafe.finishConnect(AbstractNioChannel.java:340)
	at org.apache.ratis.thirdparty.io.netty.channel.nio.NioEventLoop.processSelectedKey(NioEventLoop.java:632)
	at org.apache.ratis.thirdparty.io.netty.channel.nio.NioEventLoop.processSelectedKeysOptimized(NioEventLoop.java:579)
	at org.apache.ratis.thirdparty.io.netty.channel.nio.NioEventLoop.processSelectedKeys(NioEventLoop.java:496)
	at org.apache.ratis.thirdparty.io.netty.channel.nio.NioEventLoop.run(NioEventLoop.java:458)
	at org.apache.ratis.thirdparty.io.netty.util.concurrent.SingleThreadEventExecutor$5.run(SingleThreadEventExecutor.java:897)
	at org.apache.ratis.thirdparty.io.netty.util.concurrent.FastThreadLocalRunnable.run(FastThreadLocalRunnable.java:30)
	... 1 more
Caused by: java.net.ConnectException: Connection refused
	... 11 more
2019-10-25 11:08:04,632 [f6cfa8a2-85ff-4bb9-a246-101c53d2d47b@group-49E82E920F3F-LeaderElection641] INFO  impl.RaftServerImpl (RaftServerImpl.java:setRole(184)) - f6cfa8a2-85ff-4bb9-a246-101c53d2d47b@group-49E82E920F3F: changes role from CANDIDATE to FOLLOWER at term 231 for DISCOVERED_A_NEW_TERM
2019-10-25 11:08:04,633 [f6cfa8a2-85ff-4bb9-a246-101c53d2d47b@group-49E82E920F3F-LeaderElection641] INFO  impl.RoleInfo (RoleInfo.java:shutdownLeaderElection(134)) - f6cfa8a2-85ff-4bb9-a246-101c53d2d47b: shutdown LeaderElection
2019-10-25 11:08:04,633 [f6cfa8a2-85ff-4bb9-a246-101c53d2d47b@group-49E82E920F3F-LeaderElection641] INFO  impl.RoleInfo (RoleInfo.java:updateAndGet(143)) - f6cfa8a2-85ff-4bb9-a246-101c53d2d47b: start FollowerState
2019-10-25 11:08:04,742 [Thread-5168] INFO  impl.FollowerState (FollowerState.java:run(108)) - f6cfa8a2-85ff-4bb9-a246-101c53d2d47b@group-49E82E920F3F-FollowerState: change to CANDIDATE, lastRpcTime:109ms, electionTimeout:109ms
2019-10-25 11:08:04,742 [Thread-5168] INFO  impl.RoleInfo (RoleInfo.java:shutdownFollowerState(121)) - f6cfa8a2-85ff-4bb9-a246-101c53d2d47b: shutdown FollowerState
2019-10-25 11:08:04,742 [Thread-5168] INFO  impl.RaftServerImpl (RaftServerImpl.java:setRole(184)) - f6cfa8a2-85ff-4bb9-a246-101c53d2d47b@group-49E82E920F3F: changes role from  FOLLOWER to CANDIDATE at term 231 for changeToCandidate
2019-10-25 11:08:04,742 [Thread-5168] INFO  impl.RoleInfo (RoleInfo.java:updateAndGet(143)) - f6cfa8a2-85ff-4bb9-a246-101c53d2d47b: start LeaderElection
2019-10-25 11:08:04,756 [f6cfa8a2-85ff-4bb9-a246-101c53d2d47b@group-49E82E920F3F-LeaderElection642] INFO  impl.LeaderElection (LeaderElection.java:askForVotes(178)) - f6cfa8a2-85ff-4bb9-a246-101c53d2d47b@group-49E82E920F3F-LeaderElection642: begin an election at term 232 for -1: [7fad1e98-7a6b-4998-a30c-ec1ab88068bc:192.168.157.233:35716, bdb27072-dd00-4d3b-a7da-41600e490ca3:192.168.157.233:42906, f6cfa8a2-85ff-4bb9-a246-101c53d2d47b:192.168.157.233:44618], old=null
2019-10-25 11:08:04,757 [f6cfa8a2-85ff-4bb9-a246-101c53d2d47b@group-49E82E920F3F-LeaderElection642] INFO  impl.LeaderElection (LogUtils.java:infoOrTrace(149)) - f6cfa8a2-85ff-4bb9-a246-101c53d2d47b@group-49E82E920F3F-LeaderElection642 got exception when requesting votes: {}
java.util.concurrent.ExecutionException: org.apache.ratis.thirdparty.io.grpc.StatusRuntimeException: UNAVAILABLE: io exception
	at java.util.concurrent.FutureTask.report(FutureTask.java:122)
	at java.util.concurrent.FutureTask.get(FutureTask.java:192)
	at org.apache.ratis.server.impl.LeaderElection.waitForResults(LeaderElection.java:259)
	at org.apache.ratis.server.impl.LeaderElection.askForVotes(LeaderElection.java:197)
	at org.apache.ratis.server.impl.LeaderElection.run(LeaderElection.java:133)
	at java.lang.Thread.run(Thread.java:748)
Caused by: org.apache.ratis.thirdparty.io.grpc.StatusRuntimeException: UNAVAILABLE: io exception
	at org.apache.ratis.thirdparty.io.grpc.stub.ClientCalls.toStatusRuntimeException(ClientCalls.java:233)
	at org.apache.ratis.thirdparty.io.grpc.stub.ClientCalls.getUnchecked(ClientCalls.java:214)
	at org.apache.ratis.thirdparty.io.grpc.stub.ClientCalls.blockingUnaryCall(ClientCalls.java:139)
	at org.apache.ratis.proto.grpc.RaftServerProtocolServiceGrpc$RaftServerProtocolServiceBlockingStub.requestVote(RaftServerProtocolServiceGrpc.java:265)
	at org.apache.ratis.grpc.server.GrpcServerProtocolClient.requestVote(GrpcServerProtocolClient.java:99)
	at org.apache.ratis.grpc.server.GrpcService.requestVote(GrpcService.java:204)
	at org.apache.ratis.server.impl.LeaderElection.lambda$submitRequests$1(LeaderElection.java:234)
	at java.util.concurrent.FutureTask.run(FutureTask.java:266)
	at java.util.concurrent.Executors$RunnableAdapter.call(Executors.java:511)
	at java.util.concurrent.FutureTask.run(FutureTask.java:266)
	at java.util.concurrent.ThreadPoolExecutor.runWorker(ThreadPoolExecutor.java:1149)
	at java.util.concurrent.ThreadPoolExecutor$Worker.run(ThreadPoolExecutor.java:624)
	... 1 more
Caused by: org.apache.ratis.thirdparty.io.netty.channel.AbstractChannel$AnnotatedConnectException: Connection refused: /192.168.157.233:35716
	at sun.nio.ch.SocketChannelImpl.checkConnect(Native Method)
	at sun.nio.ch.SocketChannelImpl.finishConnect(SocketChannelImpl.java:717)
	at org.apache.ratis.thirdparty.io.netty.channel.socket.nio.NioSocketChannel.doFinishConnect(NioSocketChannel.java:327)
	at org.apache.ratis.thirdparty.io.netty.channel.nio.AbstractNioChannel$AbstractNioUnsafe.finishConnect(AbstractNioChannel.java:340)
	at org.apache.ratis.thirdparty.io.netty.channel.nio.NioEventLoop.processSelectedKey(NioEventLoop.java:632)
	at org.apache.ratis.thirdparty.io.netty.channel.nio.NioEventLoop.processSelectedKeysOptimized(NioEventLoop.java:579)
	at org.apache.ratis.thirdparty.io.netty.channel.nio.NioEventLoop.processSelectedKeys(NioEventLoop.java:496)
	at org.apache.ratis.thirdparty.io.netty.channel.nio.NioEventLoop.run(NioEventLoop.java:458)
	at org.apache.ratis.thirdparty.io.netty.util.concurrent.SingleThreadEventExecutor$5.run(SingleThreadEventExecutor.java:897)
	at org.apache.ratis.thirdparty.io.netty.util.concurrent.FastThreadLocalRunnable.run(FastThreadLocalRunnable.java:30)
	... 1 more
Caused by: java.net.ConnectException: Connection refused
	... 11 more
2019-10-25 11:08:04,757 [f6cfa8a2-85ff-4bb9-a246-101c53d2d47b@group-49E82E920F3F-LeaderElection642] INFO  impl.LeaderElection (LogUtils.java:infoOrTrace(149)) - f6cfa8a2-85ff-4bb9-a246-101c53d2d47b@group-49E82E920F3F-LeaderElection642 got exception when requesting votes: {}
java.util.concurrent.ExecutionException: org.apache.ratis.thirdparty.io.grpc.StatusRuntimeException: UNAVAILABLE: io exception
	at java.util.concurrent.FutureTask.report(FutureTask.java:122)
	at java.util.concurrent.FutureTask.get(FutureTask.java:192)
	at org.apache.ratis.server.impl.LeaderElection.waitForResults(LeaderElection.java:259)
	at org.apache.ratis.server.impl.LeaderElection.askForVotes(LeaderElection.java:197)
	at org.apache.ratis.server.impl.LeaderElection.run(LeaderElection.java:133)
	at java.lang.Thread.run(Thread.java:748)
Caused by: org.apache.ratis.thirdparty.io.grpc.StatusRuntimeException: UNAVAILABLE: io exception
	at org.apache.ratis.thirdparty.io.grpc.stub.ClientCalls.toStatusRuntimeException(ClientCalls.java:233)
	at org.apache.ratis.thirdparty.io.grpc.stub.ClientCalls.getUnchecked(ClientCalls.java:214)
	at org.apache.ratis.thirdparty.io.grpc.stub.ClientCalls.blockingUnaryCall(ClientCalls.java:139)
	at org.apache.ratis.proto.grpc.RaftServerProtocolServiceGrpc$RaftServerProtocolServiceBlockingStub.requestVote(RaftServerProtocolServiceGrpc.java:265)
	at org.apache.ratis.grpc.server.GrpcServerProtocolClient.requestVote(GrpcServerProtocolClient.java:99)
	at org.apache.ratis.grpc.server.GrpcService.requestVote(GrpcService.java:204)
	at org.apache.ratis.server.impl.LeaderElection.lambda$submitRequests$1(LeaderElection.java:234)
	at java.util.concurrent.FutureTask.run(FutureTask.java:266)
	at java.util.concurrent.Executors$RunnableAdapter.call(Executors.java:511)
	at java.util.concurrent.FutureTask.run(FutureTask.java:266)
	at java.util.concurrent.ThreadPoolExecutor.runWorker(ThreadPoolExecutor.java:1149)
	at java.util.concurrent.ThreadPoolExecutor$Worker.run(ThreadPoolExecutor.java:624)
	... 1 more
Caused by: org.apache.ratis.thirdparty.io.netty.channel.AbstractChannel$AnnotatedConnectException: Connection refused: /192.168.157.233:42906
	at sun.nio.ch.SocketChannelImpl.checkConnect(Native Method)
	at sun.nio.ch.SocketChannelImpl.finishConnect(SocketChannelImpl.java:717)
	at org.apache.ratis.thirdparty.io.netty.channel.socket.nio.NioSocketChannel.doFinishConnect(NioSocketChannel.java:327)
	at org.apache.ratis.thirdparty.io.netty.channel.nio.AbstractNioChannel$AbstractNioUnsafe.finishConnect(AbstractNioChannel.java:340)
	at org.apache.ratis.thirdparty.io.netty.channel.nio.NioEventLoop.processSelectedKey(NioEventLoop.java:632)
	at org.apache.ratis.thirdparty.io.netty.channel.nio.NioEventLoop.processSelectedKeysOptimized(NioEventLoop.java:579)
	at org.apache.ratis.thirdparty.io.netty.channel.nio.NioEventLoop.processSelectedKeys(NioEventLoop.java:496)
	at org.apache.ratis.thirdparty.io.netty.channel.nio.NioEventLoop.run(NioEventLoop.java:458)
	at org.apache.ratis.thirdparty.io.netty.util.concurrent.SingleThreadEventExecutor$5.run(SingleThreadEventExecutor.java:897)
	at org.apache.ratis.thirdparty.io.netty.util.concurrent.FastThreadLocalRunnable.run(FastThreadLocalRunnable.java:30)
	... 1 more
Caused by: java.net.ConnectException: Connection refused
	... 11 more
2019-10-25 11:08:04,758 [f6cfa8a2-85ff-4bb9-a246-101c53d2d47b@group-49E82E920F3F-LeaderElection642] INFO  impl.LeaderElection (LeaderElection.java:logAndReturn(56)) - f6cfa8a2-85ff-4bb9-a246-101c53d2d47b@group-49E82E920F3F-LeaderElection642: Election REJECTED; received 0 response(s) [] and 2 exception(s); f6cfa8a2-85ff-4bb9-a246-101c53d2d47b@group-49E82E920F3F:t232, leader=null, voted=f6cfa8a2-85ff-4bb9-a246-101c53d2d47b, raftlog=f6cfa8a2-85ff-4bb9-a246-101c53d2d47b@group-49E82E920F3F-SegmentedRaftLog:OPENED:c-1,f-1,i0, conf=-1: [7fad1e98-7a6b-4998-a30c-ec1ab88068bc:192.168.157.233:35716, bdb27072-dd00-4d3b-a7da-41600e490ca3:192.168.157.233:42906, f6cfa8a2-85ff-4bb9-a246-101c53d2d47b:192.168.157.233:44618], old=null
2019-10-25 11:08:04,758 [f6cfa8a2-85ff-4bb9-a246-101c53d2d47b@group-49E82E920F3F-LeaderElection642] INFO  impl.LeaderElection (LogUtils.java:infoOrTrace(149)) -   Exception 0: {}
java.util.concurrent.ExecutionException: org.apache.ratis.thirdparty.io.grpc.StatusRuntimeException: UNAVAILABLE: io exception
	at java.util.concurrent.FutureTask.report(FutureTask.java:122)
	at java.util.concurrent.FutureTask.get(FutureTask.java:192)
	at org.apache.ratis.server.impl.LeaderElection.waitForResults(LeaderElection.java:259)
	at org.apache.ratis.server.impl.LeaderElection.askForVotes(LeaderElection.java:197)
	at org.apache.ratis.server.impl.LeaderElection.run(LeaderElection.java:133)
	at java.lang.Thread.run(Thread.java:748)
Caused by: org.apache.ratis.thirdparty.io.grpc.StatusRuntimeException: UNAVAILABLE: io exception
	at org.apache.ratis.thirdparty.io.grpc.stub.ClientCalls.toStatusRuntimeException(ClientCalls.java:233)
	at org.apache.ratis.thirdparty.io.grpc.stub.ClientCalls.getUnchecked(ClientCalls.java:214)
	at org.apache.ratis.thirdparty.io.grpc.stub.ClientCalls.blockingUnaryCall(ClientCalls.java:139)
	at org.apache.ratis.proto.grpc.RaftServerProtocolServiceGrpc$RaftServerProtocolServiceBlockingStub.requestVote(RaftServerProtocolServiceGrpc.java:265)
	at org.apache.ratis.grpc.server.GrpcServerProtocolClient.requestVote(GrpcServerProtocolClient.java:99)
	at org.apache.ratis.grpc.server.GrpcService.requestVote(GrpcService.java:204)
	at org.apache.ratis.server.impl.LeaderElection.lambda$submitRequests$1(LeaderElection.java:234)
	at java.util.concurrent.FutureTask.run(FutureTask.java:266)
	at java.util.concurrent.Executors$RunnableAdapter.call(Executors.java:511)
	at java.util.concurrent.FutureTask.run(FutureTask.java:266)
	at java.util.concurrent.ThreadPoolExecutor.runWorker(ThreadPoolExecutor.java:1149)
	at java.util.concurrent.ThreadPoolExecutor$Worker.run(ThreadPoolExecutor.java:624)
	... 1 more
Caused by: org.apache.ratis.thirdparty.io.netty.channel.AbstractChannel$AnnotatedConnectException: Connection refused: /192.168.157.233:35716
	at sun.nio.ch.SocketChannelImpl.checkConnect(Native Method)
	at sun.nio.ch.SocketChannelImpl.finishConnect(SocketChannelImpl.java:717)
	at org.apache.ratis.thirdparty.io.netty.channel.socket.nio.NioSocketChannel.doFinishConnect(NioSocketChannel.java:327)
	at org.apache.ratis.thirdparty.io.netty.channel.nio.AbstractNioChannel$AbstractNioUnsafe.finishConnect(AbstractNioChannel.java:340)
	at org.apache.ratis.thirdparty.io.netty.channel.nio.NioEventLoop.processSelectedKey(NioEventLoop.java:632)
	at org.apache.ratis.thirdparty.io.netty.channel.nio.NioEventLoop.processSelectedKeysOptimized(NioEventLoop.java:579)
	at org.apache.ratis.thirdparty.io.netty.channel.nio.NioEventLoop.processSelectedKeys(NioEventLoop.java:496)
	at org.apache.ratis.thirdparty.io.netty.channel.nio.NioEventLoop.run(NioEventLoop.java:458)
	at org.apache.ratis.thirdparty.io.netty.util.concurrent.SingleThreadEventExecutor$5.run(SingleThreadEventExecutor.java:897)
	at org.apache.ratis.thirdparty.io.netty.util.concurrent.FastThreadLocalRunnable.run(FastThreadLocalRunnable.java:30)
	... 1 more
Caused by: java.net.ConnectException: Connection refused
	... 11 more
2019-10-25 11:08:04,759 [f6cfa8a2-85ff-4bb9-a246-101c53d2d47b@group-49E82E920F3F-LeaderElection642] INFO  impl.LeaderElection (LogUtils.java:infoOrTrace(149)) -   Exception 1: {}
java.util.concurrent.ExecutionException: org.apache.ratis.thirdparty.io.grpc.StatusRuntimeException: UNAVAILABLE: io exception
	at java.util.concurrent.FutureTask.report(FutureTask.java:122)
	at java.util.concurrent.FutureTask.get(FutureTask.java:192)
	at org.apache.ratis.server.impl.LeaderElection.waitForResults(LeaderElection.java:259)
	at org.apache.ratis.server.impl.LeaderElection.askForVotes(LeaderElection.java:197)
	at org.apache.ratis.server.impl.LeaderElection.run(LeaderElection.java:133)
	at java.lang.Thread.run(Thread.java:748)
Caused by: org.apache.ratis.thirdparty.io.grpc.StatusRuntimeException: UNAVAILABLE: io exception
	at org.apache.ratis.thirdparty.io.grpc.stub.ClientCalls.toStatusRuntimeException(ClientCalls.java:233)
	at org.apache.ratis.thirdparty.io.grpc.stub.ClientCalls.getUnchecked(ClientCalls.java:214)
	at org.apache.ratis.thirdparty.io.grpc.stub.ClientCalls.blockingUnaryCall(ClientCalls.java:139)
	at org.apache.ratis.proto.grpc.RaftServerProtocolServiceGrpc$RaftServerProtocolServiceBlockingStub.requestVote(RaftServerProtocolServiceGrpc.java:265)
	at org.apache.ratis.grpc.server.GrpcServerProtocolClient.requestVote(GrpcServerProtocolClient.java:99)
	at org.apache.ratis.grpc.server.GrpcService.requestVote(GrpcService.java:204)
	at org.apache.ratis.server.impl.LeaderElection.lambda$submitRequests$1(LeaderElection.java:234)
	at java.util.concurrent.FutureTask.run(FutureTask.java:266)
	at java.util.concurrent.Executors$RunnableAdapter.call(Executors.java:511)
	at java.util.concurrent.FutureTask.run(FutureTask.java:266)
	at java.util.concurrent.ThreadPoolExecutor.runWorker(ThreadPoolExecutor.java:1149)
	at java.util.concurrent.ThreadPoolExecutor$Worker.run(ThreadPoolExecutor.java:624)
	... 1 more
Caused by: org.apache.ratis.thirdparty.io.netty.channel.AbstractChannel$AnnotatedConnectException: Connection refused: /192.168.157.233:42906
	at sun.nio.ch.SocketChannelImpl.checkConnect(Native Method)
	at sun.nio.ch.SocketChannelImpl.finishConnect(SocketChannelImpl.java:717)
	at org.apache.ratis.thirdparty.io.netty.channel.socket.nio.NioSocketChannel.doFinishConnect(NioSocketChannel.java:327)
	at org.apache.ratis.thirdparty.io.netty.channel.nio.AbstractNioChannel$AbstractNioUnsafe.finishConnect(AbstractNioChannel.java:340)
	at org.apache.ratis.thirdparty.io.netty.channel.nio.NioEventLoop.processSelectedKey(NioEventLoop.java:632)
	at org.apache.ratis.thirdparty.io.netty.channel.nio.NioEventLoop.processSelectedKeysOptimized(NioEventLoop.java:579)
	at org.apache.ratis.thirdparty.io.netty.channel.nio.NioEventLoop.processSelectedKeys(NioEventLoop.java:496)
	at org.apache.ratis.thirdparty.io.netty.channel.nio.NioEventLoop.run(NioEventLoop.java:458)
	at org.apache.ratis.thirdparty.io.netty.util.concurrent.SingleThreadEventExecutor$5.run(SingleThreadEventExecutor.java:897)
	at org.apache.ratis.thirdparty.io.netty.util.concurrent.FastThreadLocalRunnable.run(FastThreadLocalRunnable.java:30)
	... 1 more
Caused by: java.net.ConnectException: Connection refused
	... 11 more
2019-10-25 11:08:04,759 [f6cfa8a2-85ff-4bb9-a246-101c53d2d47b@group-49E82E920F3F-LeaderElection642] INFO  impl.RaftServerImpl (RaftServerImpl.java:setRole(184)) - f6cfa8a2-85ff-4bb9-a246-101c53d2d47b@group-49E82E920F3F: changes role from CANDIDATE to FOLLOWER at term 232 for DISCOVERED_A_NEW_TERM
2019-10-25 11:08:04,759 [f6cfa8a2-85ff-4bb9-a246-101c53d2d47b@group-49E82E920F3F-LeaderElection642] INFO  impl.RoleInfo (RoleInfo.java:shutdownLeaderElection(134)) - f6cfa8a2-85ff-4bb9-a246-101c53d2d47b: shutdown LeaderElection
2019-10-25 11:08:04,760 [f6cfa8a2-85ff-4bb9-a246-101c53d2d47b@group-49E82E920F3F-LeaderElection642] INFO  impl.RoleInfo (RoleInfo.java:updateAndGet(143)) - f6cfa8a2-85ff-4bb9-a246-101c53d2d47b: start FollowerState
2019-10-25 11:08:04,862 [main] INFO  ozoneimpl.OzoneContainer (OzoneContainer.java:stop(227)) - Attempting to stop container services.
2019-10-25 11:08:04,863 [main] INFO  impl.RaftServerProxy (RaftServerProxy.java:lambda$close$4(314)) - ee32d20a-9ada-4130-97b0-6f12b38b3dc6: close
2019-10-25 11:08:04,865 [main] INFO  impl.RaftServerImpl (RaftServerImpl.java:lambda$shutdown$3(261)) - ee32d20a-9ada-4130-97b0-6f12b38b3dc6@group-46902E0F257D: shutdown
2019-10-25 11:08:04,866 [main] INFO  util.JmxRegister (JmxRegister.java:unregister(73)) - Successfully un-registered JMX Bean with object name Ratis:service=RaftServer,group=group-46902E0F257D,id=ee32d20a-9ada-4130-97b0-6f12b38b3dc6
2019-10-25 11:08:04,866 [main] INFO  impl.RoleInfo (RoleInfo.java:shutdownLeaderState(104)) - ee32d20a-9ada-4130-97b0-6f12b38b3dc6: shutdown LeaderState
2019-10-25 11:08:04,866 [ForkJoinPool.commonPool-worker-0] INFO  ozoneimpl.OzoneContainer (OzoneContainer.java:stop(227)) - Attempting to stop container services.
2019-10-25 11:08:04,867 [main] INFO  impl.PendingRequests (PendingRequests.java:sendNotLeaderResponses(202)) - ee32d20a-9ada-4130-97b0-6f12b38b3dc6@group-46902E0F257D-PendingRequests: sendNotLeaderResponses
2019-10-25 11:08:04,867 [ForkJoinPool.commonPool-worker-0] INFO  impl.RaftServerProxy (RaftServerProxy.java:lambda$close$4(314)) - 8a2c850d-503a-4b6a-9325-357a6554e10c: close
2019-10-25 11:08:04,867 [ForkJoinPool.commonPool-worker-0] INFO  impl.RaftServerImpl (RaftServerImpl.java:lambda$shutdown$3(261)) - 8a2c850d-503a-4b6a-9325-357a6554e10c@group-B334D6EBB589: shutdown
2019-10-25 11:08:04,867 [main] INFO  impl.StateMachineUpdater (StateMachineUpdater.java:stopAndJoin(136)) - ee32d20a-9ada-4130-97b0-6f12b38b3dc6@group-46902E0F257D-StateMachineUpdater: set stopIndex = 0
2019-10-25 11:08:04,868 [main] INFO  impl.RaftServerImpl (ServerState.java:close(388)) - ee32d20a-9ada-4130-97b0-6f12b38b3dc6@group-46902E0F257D: closes. applyIndex: 0
2019-10-25 11:08:04,868 [ForkJoinPool.commonPool-worker-0] INFO  util.JmxRegister (JmxRegister.java:unregister(73)) - Successfully un-registered JMX Bean with object name Ratis:service=RaftServer,group=group-B334D6EBB589,id=8a2c850d-503a-4b6a-9325-357a6554e10c
2019-10-25 11:08:04,868 [ee32d20a-9ada-4130-97b0-6f12b38b3dc6@group-46902E0F257D-SegmentedRaftLogWorker] INFO  segmented.SegmentedRaftLogWorker (SegmentedRaftLogWorker.java:run(316)) - ee32d20a-9ada-4130-97b0-6f12b38b3dc6@group-46902E0F257D-SegmentedRaftLogWorker was interrupted, exiting. There are 0 tasks remaining in the queue.
2019-10-25 11:08:04,869 [ForkJoinPool.commonPool-worker-0] INFO  impl.RoleInfo (RoleInfo.java:shutdownLeaderState(104)) - 8a2c850d-503a-4b6a-9325-357a6554e10c: shutdown LeaderState
2019-10-25 11:08:04,870 [main] INFO  segmented.SegmentedRaftLogWorker (SegmentedRaftLogWorker.java:close(224)) - ee32d20a-9ada-4130-97b0-6f12b38b3dc6@group-46902E0F257D-SegmentedRaftLogWorker close()
2019-10-25 11:08:04,874 [org.apache.ratis.server.impl.LogAppender$AppenderDaemon$$Lambda$446/110636236@44c1bbc1] WARN  server.GrpcLogAppender (GrpcLogAppender.java:mayWait(149)) - 8a2c850d-503a-4b6a-9325-357a6554e10c@group-B334D6EBB589->e8f52f97-4cbf-4021-bc09-65b78a9dc21b-GrpcLogAppender: Wait interrupted by java.lang.InterruptedException
2019-10-25 11:08:04,874 [org.apache.ratis.server.impl.LogAppender$AppenderDaemon$$Lambda$446/110636236@75cf59b2] WARN  server.GrpcLogAppender (GrpcLogAppender.java:mayWait(149)) - 8a2c850d-503a-4b6a-9325-357a6554e10c@group-B334D6EBB589->f5dc0a75-b584-4700-be7c-7942c0d8117c-GrpcLogAppender: Wait interrupted by java.lang.InterruptedException
2019-10-25 11:08:04,874 [ForkJoinPool.commonPool-worker-0] INFO  impl.PendingRequests (PendingRequests.java:sendNotLeaderResponses(202)) - 8a2c850d-503a-4b6a-9325-357a6554e10c@group-B334D6EBB589-PendingRequests: sendNotLeaderResponses
2019-10-25 11:08:04,876 [main] INFO  server.GrpcService (GrpcService.java:closeImpl(164)) - ee32d20a-9ada-4130-97b0-6f12b38b3dc6: shutdown server with port 41846 now
2019-10-25 11:08:04,876 [ForkJoinPool.commonPool-worker-0] INFO  impl.StateMachineUpdater (StateMachineUpdater.java:stopAndJoin(136)) - 8a2c850d-503a-4b6a-9325-357a6554e10c@group-B334D6EBB589-StateMachineUpdater: set stopIndex = 0
2019-10-25 11:08:04,877 [ForkJoinPool.commonPool-worker-0] INFO  impl.RaftServerImpl (ServerState.java:close(388)) - 8a2c850d-503a-4b6a-9325-357a6554e10c@group-B334D6EBB589: closes. applyIndex: 0
2019-10-25 11:08:04,877 [main] INFO  server.GrpcService (GrpcService.java:closeImpl(172)) - ee32d20a-9ada-4130-97b0-6f12b38b3dc6: shutdown server with port 41846 successfully
2019-10-25 11:08:04,877 [8a2c850d-503a-4b6a-9325-357a6554e10c@group-B334D6EBB589-SegmentedRaftLogWorker] INFO  segmented.SegmentedRaftLogWorker (SegmentedRaftLogWorker.java:run(316)) - 8a2c850d-503a-4b6a-9325-357a6554e10c@group-B334D6EBB589-SegmentedRaftLogWorker was interrupted, exiting. There are 0 tasks remaining in the queue.
2019-10-25 11:08:04,880 [ForkJoinPool.commonPool-worker-0] INFO  segmented.SegmentedRaftLogWorker (SegmentedRaftLogWorker.java:close(224)) - 8a2c850d-503a-4b6a-9325-357a6554e10c@group-B334D6EBB589-SegmentedRaftLogWorker close()
2019-10-25 11:08:04,893 [ForkJoinPool.commonPool-worker-0] INFO  impl.RaftServerImpl (RaftServerImpl.java:lambda$shutdown$3(261)) - 8a2c850d-503a-4b6a-9325-357a6554e10c@group-9107D82F7BDD: shutdown
2019-10-25 11:08:04,893 [ForkJoinPool.commonPool-worker-0] INFO  util.JmxRegister (JmxRegister.java:unregister(73)) - Successfully un-registered JMX Bean with object name Ratis:service=RaftServer,group=group-9107D82F7BDD,id=8a2c850d-503a-4b6a-9325-357a6554e10c
2019-10-25 11:08:04,893 [ForkJoinPool.commonPool-worker-0] INFO  impl.RoleInfo (RoleInfo.java:shutdownLeaderState(104)) - 8a2c850d-503a-4b6a-9325-357a6554e10c: shutdown LeaderState
2019-10-25 11:08:04,894 [ForkJoinPool.commonPool-worker-0] INFO  impl.PendingRequests (PendingRequests.java:sendNotLeaderResponses(202)) - 8a2c850d-503a-4b6a-9325-357a6554e10c@group-9107D82F7BDD-PendingRequests: sendNotLeaderResponses
2019-10-25 11:08:04,894 [refreshUsed-/workdir/hadoop-ozone/integration-test/target/test-dir/MiniOzoneClusterImpl-0a85d326-9d58-4237-89dd-96557ce3dac1/datanode-8/data/containers] WARN  fs.CachingGetSpaceUsed (CachingGetSpaceUsed.java:run(183)) - Thread Interrupted waiting to refresh disk information: sleep interrupted
2019-10-25 11:08:04,894 [ForkJoinPool.commonPool-worker-0] INFO  impl.StateMachineUpdater (StateMachineUpdater.java:stopAndJoin(136)) - 8a2c850d-503a-4b6a-9325-357a6554e10c@group-9107D82F7BDD-StateMachineUpdater: set stopIndex = 0
2019-10-25 11:08:04,895 [ForkJoinPool.commonPool-worker-0] INFO  impl.RaftServerImpl (ServerState.java:close(388)) - 8a2c850d-503a-4b6a-9325-357a6554e10c@group-9107D82F7BDD: closes. applyIndex: 0
2019-10-25 11:08:04,896 [8a2c850d-503a-4b6a-9325-357a6554e10c@group-9107D82F7BDD-SegmentedRaftLogWorker] INFO  segmented.SegmentedRaftLogWorker (SegmentedRaftLogWorker.java:run(316)) - 8a2c850d-503a-4b6a-9325-357a6554e10c@group-9107D82F7BDD-SegmentedRaftLogWorker was interrupted, exiting. There are 0 tasks remaining in the queue.
2019-10-25 11:08:04,896 [ForkJoinPool.commonPool-worker-0] INFO  segmented.SegmentedRaftLogWorker (SegmentedRaftLogWorker.java:close(224)) - 8a2c850d-503a-4b6a-9325-357a6554e10c@group-9107D82F7BDD-SegmentedRaftLogWorker close()
2019-10-25 11:08:04,897 [ForkJoinPool.commonPool-worker-0] INFO  server.GrpcService (GrpcService.java:closeImpl(164)) - 8a2c850d-503a-4b6a-9325-357a6554e10c: shutdown server with port 39046 now
2019-10-25 11:08:04,903 [ForkJoinPool.commonPool-worker-0] INFO  server.GrpcService (GrpcService.java:closeImpl(172)) - 8a2c850d-503a-4b6a-9325-357a6554e10c: shutdown server with port 39046 successfully
2019-10-25 11:08:04,908 [refreshUsed-/workdir/hadoop-ozone/integration-test/target/test-dir/MiniOzoneClusterImpl-0a85d326-9d58-4237-89dd-96557ce3dac1/datanode-4/data/containers] WARN  fs.CachingGetSpaceUsed (CachingGetSpaceUsed.java:run(183)) - Thread Interrupted waiting to refresh disk information: sleep interrupted
2019-10-25 11:08:04,920 [main] INFO  utils.BackgroundService (BackgroundService.java:shutdown(151)) - Shutting down service BlockDeletingService
2019-10-25 11:08:04,925 [main] INFO  statemachine.DatanodeStateMachine (DatanodeStateMachine.java:stopDaemon(395)) - Ozone container server stopped.
2019-10-25 11:08:04,925 [ForkJoinPool.commonPool-worker-0] INFO  utils.BackgroundService (BackgroundService.java:shutdown(151)) - Shutting down service BlockDeletingService
2019-10-25 11:08:04,929 [ForkJoinPool.commonPool-worker-0] INFO  statemachine.DatanodeStateMachine (DatanodeStateMachine.java:stopDaemon(395)) - Ozone container server stopped.
2019-10-25 11:08:04,931 [main] INFO  handler.ContextHandler (ContextHandler.java:doStop(910)) - Stopped o.e.j.w.WebAppContext@86d6bf7{/,null,UNAVAILABLE}{/hddsDatanode}
2019-10-25 11:08:04,933 [ForkJoinPool.commonPool-worker-0] INFO  handler.ContextHandler (ContextHandler.java:doStop(910)) - Stopped o.e.j.w.WebAppContext@ebda593{/,null,UNAVAILABLE}{/hddsDatanode}
2019-10-25 11:08:04,933 [main] INFO  server.AbstractConnector (AbstractConnector.java:doStop(318)) - Stopped ServerConnector@2fbe26da{HTTP/1.1,[http/1.1]}{0.0.0.0:0}
2019-10-25 11:08:04,933 [ForkJoinPool.commonPool-worker-0] INFO  server.AbstractConnector (AbstractConnector.java:doStop(318)) - Stopped ServerConnector@5792c08c{HTTP/1.1,[http/1.1]}{0.0.0.0:0}
2019-10-25 11:08:04,934 [main] INFO  handler.ContextHandler (ContextHandler.java:doStop(910)) - Stopped o.e.j.s.ServletContextHandler@ef718de{/static,jar:file:/home/user/.m2/repository/org/apache/hadoop/hadoop-hdds-container-service/0.5.0-SNAPSHOT/hadoop-hdds-container-service-0.5.0-SNAPSHOT.jar!/webapps/static,UNAVAILABLE}
2019-10-25 11:08:04,938 [ForkJoinPool.commonPool-worker-0] INFO  handler.ContextHandler (ContextHandler.java:doStop(910)) - Stopped o.e.j.s.ServletContextHandler@79696332{/static,jar:file:/home/user/.m2/repository/org/apache/hadoop/hadoop-hdds-container-service/0.5.0-SNAPSHOT/hadoop-hdds-container-service-0.5.0-SNAPSHOT.jar!/webapps/static,UNAVAILABLE}
2019-10-25 11:08:04,938 [Thread-5174] INFO  impl.FollowerState (FollowerState.java:run(108)) - f6cfa8a2-85ff-4bb9-a246-101c53d2d47b@group-49E82E920F3F-FollowerState: change to CANDIDATE, lastRpcTime:178ms, electionTimeout:176ms
2019-10-25 11:08:04,939 [main] INFO  handler.ContextHandler (ContextHandler.java:doStop(910)) - Stopped o.e.j.s.ServletContextHandler@74024f3{/logs,file:///workdir/hadoop-ozone/integration-test/target/log,UNAVAILABLE}
2019-10-25 11:08:04,939 [ForkJoinPool.commonPool-worker-0] INFO  handler.ContextHandler (ContextHandler.java:doStop(910)) - Stopped o.e.j.s.ServletContextHandler@d919544{/logs,file:///workdir/hadoop-ozone/integration-test/target/log,UNAVAILABLE}
2019-10-25 11:08:04,939 [Thread-5174] INFO  impl.RoleInfo (RoleInfo.java:shutdownFollowerState(121)) - f6cfa8a2-85ff-4bb9-a246-101c53d2d47b: shutdown FollowerState
2019-10-25 11:08:04,940 [Thread-5174] INFO  impl.RaftServerImpl (RaftServerImpl.java:setRole(184)) - f6cfa8a2-85ff-4bb9-a246-101c53d2d47b@group-49E82E920F3F: changes role from  FOLLOWER to CANDIDATE at term 232 for changeToCandidate
2019-10-25 11:08:04,940 [Thread-5174] INFO  impl.RoleInfo (RoleInfo.java:updateAndGet(143)) - f6cfa8a2-85ff-4bb9-a246-101c53d2d47b: start LeaderElection
2019-10-25 11:08:04,966 [f6cfa8a2-85ff-4bb9-a246-101c53d2d47b@group-49E82E920F3F-LeaderElection643] INFO  impl.LeaderElection (LeaderElection.java:askForVotes(178)) - f6cfa8a2-85ff-4bb9-a246-101c53d2d47b@group-49E82E920F3F-LeaderElection643: begin an election at term 233 for -1: [7fad1e98-7a6b-4998-a30c-ec1ab88068bc:192.168.157.233:35716, bdb27072-dd00-4d3b-a7da-41600e490ca3:192.168.157.233:42906, f6cfa8a2-85ff-4bb9-a246-101c53d2d47b:192.168.157.233:44618], old=null
2019-10-25 11:08:04,967 [f6cfa8a2-85ff-4bb9-a246-101c53d2d47b@group-49E82E920F3F-LeaderElection643] INFO  impl.LeaderElection (LogUtils.java:infoOrTrace(149)) - f6cfa8a2-85ff-4bb9-a246-101c53d2d47b@group-49E82E920F3F-LeaderElection643 got exception when requesting votes: {}
java.util.concurrent.ExecutionException: org.apache.ratis.thirdparty.io.grpc.StatusRuntimeException: UNAVAILABLE: io exception
	at java.util.concurrent.FutureTask.report(FutureTask.java:122)
	at java.util.concurrent.FutureTask.get(FutureTask.java:192)
	at org.apache.ratis.server.impl.LeaderElection.waitForResults(LeaderElection.java:259)
	at org.apache.ratis.server.impl.LeaderElection.askForVotes(LeaderElection.java:197)
	at org.apache.ratis.server.impl.LeaderElection.run(LeaderElection.java:133)
	at java.lang.Thread.run(Thread.java:748)
Caused by: org.apache.ratis.thirdparty.io.grpc.StatusRuntimeException: UNAVAILABLE: io exception
	at org.apache.ratis.thirdparty.io.grpc.stub.ClientCalls.toStatusRuntimeException(ClientCalls.java:233)
	at org.apache.ratis.thirdparty.io.grpc.stub.ClientCalls.getUnchecked(ClientCalls.java:214)
	at org.apache.ratis.thirdparty.io.grpc.stub.ClientCalls.blockingUnaryCall(ClientCalls.java:139)
	at org.apache.ratis.proto.grpc.RaftServerProtocolServiceGrpc$RaftServerProtocolServiceBlockingStub.requestVote(RaftServerProtocolServiceGrpc.java:265)
	at org.apache.ratis.grpc.server.GrpcServerProtocolClient.requestVote(GrpcServerProtocolClient.java:99)
	at org.apache.ratis.grpc.server.GrpcService.requestVote(GrpcService.java:204)
	at org.apache.ratis.server.impl.LeaderElection.lambda$submitRequests$1(LeaderElection.java:234)
	at java.util.concurrent.FutureTask.run(FutureTask.java:266)
	at java.util.concurrent.Executors$RunnableAdapter.call(Executors.java:511)
	at java.util.concurrent.FutureTask.run(FutureTask.java:266)
	at java.util.concurrent.ThreadPoolExecutor.runWorker(ThreadPoolExecutor.java:1149)
	at java.util.concurrent.ThreadPoolExecutor$Worker.run(ThreadPoolExecutor.java:624)
	... 1 more
Caused by: org.apache.ratis.thirdparty.io.netty.channel.AbstractChannel$AnnotatedConnectException: Connection refused: /192.168.157.233:35716
	at sun.nio.ch.SocketChannelImpl.checkConnect(Native Method)
	at sun.nio.ch.SocketChannelImpl.finishConnect(SocketChannelImpl.java:717)
	at org.apache.ratis.thirdparty.io.netty.channel.socket.nio.NioSocketChannel.doFinishConnect(NioSocketChannel.java:327)
	at org.apache.ratis.thirdparty.io.netty.channel.nio.AbstractNioChannel$AbstractNioUnsafe.finishConnect(AbstractNioChannel.java:340)
	at org.apache.ratis.thirdparty.io.netty.channel.nio.NioEventLoop.processSelectedKey(NioEventLoop.java:632)
	at org.apache.ratis.thirdparty.io.netty.channel.nio.NioEventLoop.processSelectedKeysOptimized(NioEventLoop.java:579)
	at org.apache.ratis.thirdparty.io.netty.channel.nio.NioEventLoop.processSelectedKeys(NioEventLoop.java:496)
	at org.apache.ratis.thirdparty.io.netty.channel.nio.NioEventLoop.run(NioEventLoop.java:458)
	at org.apache.ratis.thirdparty.io.netty.util.concurrent.SingleThreadEventExecutor$5.run(SingleThreadEventExecutor.java:897)
	at org.apache.ratis.thirdparty.io.netty.util.concurrent.FastThreadLocalRunnable.run(FastThreadLocalRunnable.java:30)
	... 1 more
Caused by: java.net.ConnectException: Connection refused
	... 11 more
2019-10-25 11:08:04,967 [f6cfa8a2-85ff-4bb9-a246-101c53d2d47b@group-49E82E920F3F-LeaderElection643] INFO  impl.LeaderElection (LogUtils.java:infoOrTrace(149)) - f6cfa8a2-85ff-4bb9-a246-101c53d2d47b@group-49E82E920F3F-LeaderElection643 got exception when requesting votes: {}
java.util.concurrent.ExecutionException: org.apache.ratis.thirdparty.io.grpc.StatusRuntimeException: UNAVAILABLE: io exception
	at java.util.concurrent.FutureTask.report(FutureTask.java:122)
	at java.util.concurrent.FutureTask.get(FutureTask.java:192)
	at org.apache.ratis.server.impl.LeaderElection.waitForResults(LeaderElection.java:259)
	at org.apache.ratis.server.impl.LeaderElection.askForVotes(LeaderElection.java:197)
	at org.apache.ratis.server.impl.LeaderElection.run(LeaderElection.java:133)
	at java.lang.Thread.run(Thread.java:748)
Caused by: org.apache.ratis.thirdparty.io.grpc.StatusRuntimeException: UNAVAILABLE: io exception
	at org.apache.ratis.thirdparty.io.grpc.stub.ClientCalls.toStatusRuntimeException(ClientCalls.java:233)
	at org.apache.ratis.thirdparty.io.grpc.stub.ClientCalls.getUnchecked(ClientCalls.java:214)
	at org.apache.ratis.thirdparty.io.grpc.stub.ClientCalls.blockingUnaryCall(ClientCalls.java:139)
	at org.apache.ratis.proto.grpc.RaftServerProtocolServiceGrpc$RaftServerProtocolServiceBlockingStub.requestVote(RaftServerProtocolServiceGrpc.java:265)
	at org.apache.ratis.grpc.server.GrpcServerProtocolClient.requestVote(GrpcServerProtocolClient.java:99)
	at org.apache.ratis.grpc.server.GrpcService.requestVote(GrpcService.java:204)
	at org.apache.ratis.server.impl.LeaderElection.lambda$submitRequests$1(LeaderElection.java:234)
	at java.util.concurrent.FutureTask.run(FutureTask.java:266)
	at java.util.concurrent.Executors$RunnableAdapter.call(Executors.java:511)
	at java.util.concurrent.FutureTask.run(FutureTask.java:266)
	at java.util.concurrent.ThreadPoolExecutor.runWorker(ThreadPoolExecutor.java:1149)
	at java.util.concurrent.ThreadPoolExecutor$Worker.run(ThreadPoolExecutor.java:624)
	... 1 more
Caused by: org.apache.ratis.thirdparty.io.netty.channel.AbstractChannel$AnnotatedConnectException: Connection refused: /192.168.157.233:42906
	at sun.nio.ch.SocketChannelImpl.checkConnect(Native Method)
	at sun.nio.ch.SocketChannelImpl.finishConnect(SocketChannelImpl.java:717)
	at org.apache.ratis.thirdparty.io.netty.channel.socket.nio.NioSocketChannel.doFinishConnect(NioSocketChannel.java:327)
	at org.apache.ratis.thirdparty.io.netty.channel.nio.AbstractNioChannel$AbstractNioUnsafe.finishConnect(AbstractNioChannel.java:340)
	at org.apache.ratis.thirdparty.io.netty.channel.nio.NioEventLoop.processSelectedKey(NioEventLoop.java:632)
	at org.apache.ratis.thirdparty.io.netty.channel.nio.NioEventLoop.processSelectedKeysOptimized(NioEventLoop.java:579)
	at org.apache.ratis.thirdparty.io.netty.channel.nio.NioEventLoop.processSelectedKeys(NioEventLoop.java:496)
	at org.apache.ratis.thirdparty.io.netty.channel.nio.NioEventLoop.run(NioEventLoop.java:458)
	at org.apache.ratis.thirdparty.io.netty.util.concurrent.SingleThreadEventExecutor$5.run(SingleThreadEventExecutor.java:897)
	at org.apache.ratis.thirdparty.io.netty.util.concurrent.FastThreadLocalRunnable.run(FastThreadLocalRunnable.java:30)
	... 1 more
Caused by: java.net.ConnectException: Connection refused
	... 11 more
2019-10-25 11:08:04,968 [f6cfa8a2-85ff-4bb9-a246-101c53d2d47b@group-49E82E920F3F-LeaderElection643] INFO  impl.LeaderElection (LeaderElection.java:logAndReturn(56)) - f6cfa8a2-85ff-4bb9-a246-101c53d2d47b@group-49E82E920F3F-LeaderElection643: Election REJECTED; received 0 response(s) [] and 2 exception(s); f6cfa8a2-85ff-4bb9-a246-101c53d2d47b@group-49E82E920F3F:t233, leader=null, voted=f6cfa8a2-85ff-4bb9-a246-101c53d2d47b, raftlog=f6cfa8a2-85ff-4bb9-a246-101c53d2d47b@group-49E82E920F3F-SegmentedRaftLog:OPENED:c-1,f-1,i0, conf=-1: [7fad1e98-7a6b-4998-a30c-ec1ab88068bc:192.168.157.233:35716, bdb27072-dd00-4d3b-a7da-41600e490ca3:192.168.157.233:42906, f6cfa8a2-85ff-4bb9-a246-101c53d2d47b:192.168.157.233:44618], old=null
2019-10-25 11:08:04,968 [f6cfa8a2-85ff-4bb9-a246-101c53d2d47b@group-49E82E920F3F-LeaderElection643] INFO  impl.LeaderElection (LogUtils.java:infoOrTrace(149)) -   Exception 0: {}
java.util.concurrent.ExecutionException: org.apache.ratis.thirdparty.io.grpc.StatusRuntimeException: UNAVAILABLE: io exception
	at java.util.concurrent.FutureTask.report(FutureTask.java:122)
	at java.util.concurrent.FutureTask.get(FutureTask.java:192)
	at org.apache.ratis.server.impl.LeaderElection.waitForResults(LeaderElection.java:259)
	at org.apache.ratis.server.impl.LeaderElection.askForVotes(LeaderElection.java:197)
	at org.apache.ratis.server.impl.LeaderElection.run(LeaderElection.java:133)
	at java.lang.Thread.run(Thread.java:748)
Caused by: org.apache.ratis.thirdparty.io.grpc.StatusRuntimeException: UNAVAILABLE: io exception
	at org.apache.ratis.thirdparty.io.grpc.stub.ClientCalls.toStatusRuntimeException(ClientCalls.java:233)
	at org.apache.ratis.thirdparty.io.grpc.stub.ClientCalls.getUnchecked(ClientCalls.java:214)
	at org.apache.ratis.thirdparty.io.grpc.stub.ClientCalls.blockingUnaryCall(ClientCalls.java:139)
	at org.apache.ratis.proto.grpc.RaftServerProtocolServiceGrpc$RaftServerProtocolServiceBlockingStub.requestVote(RaftServerProtocolServiceGrpc.java:265)
	at org.apache.ratis.grpc.server.GrpcServerProtocolClient.requestVote(GrpcServerProtocolClient.java:99)
	at org.apache.ratis.grpc.server.GrpcService.requestVote(GrpcService.java:204)
	at org.apache.ratis.server.impl.LeaderElection.lambda$submitRequests$1(LeaderElection.java:234)
	at java.util.concurrent.FutureTask.run(FutureTask.java:266)
	at java.util.concurrent.Executors$RunnableAdapter.call(Executors.java:511)
	at java.util.concurrent.FutureTask.run(FutureTask.java:266)
	at java.util.concurrent.ThreadPoolExecutor.runWorker(ThreadPoolExecutor.java:1149)
	at java.util.concurrent.ThreadPoolExecutor$Worker.run(ThreadPoolExecutor.java:624)
	... 1 more
Caused by: org.apache.ratis.thirdparty.io.netty.channel.AbstractChannel$AnnotatedConnectException: Connection refused: /192.168.157.233:35716
	at sun.nio.ch.SocketChannelImpl.checkConnect(Native Method)
	at sun.nio.ch.SocketChannelImpl.finishConnect(SocketChannelImpl.java:717)
	at org.apache.ratis.thirdparty.io.netty.channel.socket.nio.NioSocketChannel.doFinishConnect(NioSocketChannel.java:327)
	at org.apache.ratis.thirdparty.io.netty.channel.nio.AbstractNioChannel$AbstractNioUnsafe.finishConnect(AbstractNioChannel.java:340)
	at org.apache.ratis.thirdparty.io.netty.channel.nio.NioEventLoop.processSelectedKey(NioEventLoop.java:632)
	at org.apache.ratis.thirdparty.io.netty.channel.nio.NioEventLoop.processSelectedKeysOptimized(NioEventLoop.java:579)
	at org.apache.ratis.thirdparty.io.netty.channel.nio.NioEventLoop.processSelectedKeys(NioEventLoop.java:496)
	at org.apache.ratis.thirdparty.io.netty.channel.nio.NioEventLoop.run(NioEventLoop.java:458)
	at org.apache.ratis.thirdparty.io.netty.util.concurrent.SingleThreadEventExecutor$5.run(SingleThreadEventExecutor.java:897)
	at org.apache.ratis.thirdparty.io.netty.util.concurrent.FastThreadLocalRunnable.run(FastThreadLocalRunnable.java:30)
	... 1 more
Caused by: java.net.ConnectException: Connection refused
	... 11 more
2019-10-25 11:08:04,968 [f6cfa8a2-85ff-4bb9-a246-101c53d2d47b@group-49E82E920F3F-LeaderElection643] INFO  impl.LeaderElection (LogUtils.java:infoOrTrace(149)) -   Exception 1: {}
java.util.concurrent.ExecutionException: org.apache.ratis.thirdparty.io.grpc.StatusRuntimeException: UNAVAILABLE: io exception
	at java.util.concurrent.FutureTask.report(FutureTask.java:122)
	at java.util.concurrent.FutureTask.get(FutureTask.java:192)
	at org.apache.ratis.server.impl.LeaderElection.waitForResults(LeaderElection.java:259)
	at org.apache.ratis.server.impl.LeaderElection.askForVotes(LeaderElection.java:197)
	at org.apache.ratis.server.impl.LeaderElection.run(LeaderElection.java:133)
	at java.lang.Thread.run(Thread.java:748)
Caused by: org.apache.ratis.thirdparty.io.grpc.StatusRuntimeException: UNAVAILABLE: io exception
	at org.apache.ratis.thirdparty.io.grpc.stub.ClientCalls.toStatusRuntimeException(ClientCalls.java:233)
	at org.apache.ratis.thirdparty.io.grpc.stub.ClientCalls.getUnchecked(ClientCalls.java:214)
	at org.apache.ratis.thirdparty.io.grpc.stub.ClientCalls.blockingUnaryCall(ClientCalls.java:139)
	at org.apache.ratis.proto.grpc.RaftServerProtocolServiceGrpc$RaftServerProtocolServiceBlockingStub.requestVote(RaftServerProtocolServiceGrpc.java:265)
	at org.apache.ratis.grpc.server.GrpcServerProtocolClient.requestVote(GrpcServerProtocolClient.java:99)
	at org.apache.ratis.grpc.server.GrpcService.requestVote(GrpcService.java:204)
	at org.apache.ratis.server.impl.LeaderElection.lambda$submitRequests$1(LeaderElection.java:234)
	at java.util.concurrent.FutureTask.run(FutureTask.java:266)
	at java.util.concurrent.Executors$RunnableAdapter.call(Executors.java:511)
	at java.util.concurrent.FutureTask.run(FutureTask.java:266)
	at java.util.concurrent.ThreadPoolExecutor.runWorker(ThreadPoolExecutor.java:1149)
	at java.util.concurrent.ThreadPoolExecutor$Worker.run(ThreadPoolExecutor.java:624)
	... 1 more
Caused by: org.apache.ratis.thirdparty.io.netty.channel.AbstractChannel$AnnotatedConnectException: Connection refused: /192.168.157.233:42906
	at sun.nio.ch.SocketChannelImpl.checkConnect(Native Method)
	at sun.nio.ch.SocketChannelImpl.finishConnect(SocketChannelImpl.java:717)
	at org.apache.ratis.thirdparty.io.netty.channel.socket.nio.NioSocketChannel.doFinishConnect(NioSocketChannel.java:327)
	at org.apache.ratis.thirdparty.io.netty.channel.nio.AbstractNioChannel$AbstractNioUnsafe.finishConnect(AbstractNioChannel.java:340)
	at org.apache.ratis.thirdparty.io.netty.channel.nio.NioEventLoop.processSelectedKey(NioEventLoop.java:632)
	at org.apache.ratis.thirdparty.io.netty.channel.nio.NioEventLoop.processSelectedKeysOptimized(NioEventLoop.java:579)
	at org.apache.ratis.thirdparty.io.netty.channel.nio.NioEventLoop.processSelectedKeys(NioEventLoop.java:496)
	at org.apache.ratis.thirdparty.io.netty.channel.nio.NioEventLoop.run(NioEventLoop.java:458)
	at org.apache.ratis.thirdparty.io.netty.util.concurrent.SingleThreadEventExecutor$5.run(SingleThreadEventExecutor.java:897)
	at org.apache.ratis.thirdparty.io.netty.util.concurrent.FastThreadLocalRunnable.run(FastThreadLocalRunnable.java:30)
	... 1 more
Caused by: java.net.ConnectException: Connection refused
	... 11 more
2019-10-25 11:08:04,968 [f6cfa8a2-85ff-4bb9-a246-101c53d2d47b@group-49E82E920F3F-LeaderElection643] INFO  impl.RaftServerImpl (RaftServerImpl.java:setRole(184)) - f6cfa8a2-85ff-4bb9-a246-101c53d2d47b@group-49E82E920F3F: changes role from CANDIDATE to FOLLOWER at term 233 for DISCOVERED_A_NEW_TERM
2019-10-25 11:08:04,968 [f6cfa8a2-85ff-4bb9-a246-101c53d2d47b@group-49E82E920F3F-LeaderElection643] INFO  impl.RoleInfo (RoleInfo.java:shutdownLeaderElection(134)) - f6cfa8a2-85ff-4bb9-a246-101c53d2d47b: shutdown LeaderElection
2019-10-25 11:08:04,969 [f6cfa8a2-85ff-4bb9-a246-101c53d2d47b@group-49E82E920F3F-LeaderElection643] INFO  impl.RoleInfo (RoleInfo.java:updateAndGet(143)) - f6cfa8a2-85ff-4bb9-a246-101c53d2d47b: start FollowerState
2019-10-25 11:08:04,970 [java.util.concurrent.ThreadPoolExecutor$Worker@3e501297[State = -1, empty queue]] WARN  server.GrpcLogAppender (GrpcLogAppender.java:timeoutAppendRequest(209)) - 8a2c850d-503a-4b6a-9325-357a6554e10c@group-B334D6EBB589->e8f52f97-4cbf-4021-bc09-65b78a9dc21b-GrpcLogAppender: appendEntries Timeout, request=8a2c850d-503a-4b6a-9325-357a6554e10c->e8f52f97-4cbf-4021-bc09-65b78a9dc21b#50-t1, previous=(t:1, i:0), leaderCommit=0, initializing? false, entries: <empty>
2019-10-25 11:08:04,983 [java.util.concurrent.ThreadPoolExecutor$Worker@33ec010c[State = -1, empty queue]] WARN  server.GrpcLogAppender (GrpcLogAppender.java:timeoutAppendRequest(209)) - 8a2c850d-503a-4b6a-9325-357a6554e10c@group-B334D6EBB589->f5dc0a75-b584-4700-be7c-7942c0d8117c-GrpcLogAppender: appendEntries Timeout, request=8a2c850d-503a-4b6a-9325-357a6554e10c->f5dc0a75-b584-4700-be7c-7942c0d8117c#50-t1, previous=(t:1, i:0), leaderCommit=0, initializing? false, entries: <empty>
2019-10-25 11:08:05,108 [Thread-5178] INFO  impl.FollowerState (FollowerState.java:run(108)) - f6cfa8a2-85ff-4bb9-a246-101c53d2d47b@group-49E82E920F3F-FollowerState: change to CANDIDATE, lastRpcTime:139ms, electionTimeout:139ms
2019-10-25 11:08:05,108 [Thread-5178] INFO  impl.RoleInfo (RoleInfo.java:shutdownFollowerState(121)) - f6cfa8a2-85ff-4bb9-a246-101c53d2d47b: shutdown FollowerState
2019-10-25 11:08:05,108 [Thread-5178] INFO  impl.RaftServerImpl (RaftServerImpl.java:setRole(184)) - f6cfa8a2-85ff-4bb9-a246-101c53d2d47b@group-49E82E920F3F: changes role from  FOLLOWER to CANDIDATE at term 233 for changeToCandidate
2019-10-25 11:08:05,109 [Thread-5178] INFO  impl.RoleInfo (RoleInfo.java:updateAndGet(143)) - f6cfa8a2-85ff-4bb9-a246-101c53d2d47b: start LeaderElection
2019-10-25 11:08:05,122 [f6cfa8a2-85ff-4bb9-a246-101c53d2d47b@group-49E82E920F3F-LeaderElection644] INFO  impl.LeaderElection (LeaderElection.java:askForVotes(178)) - f6cfa8a2-85ff-4bb9-a246-101c53d2d47b@group-49E82E920F3F-LeaderElection644: begin an election at term 234 for -1: [7fad1e98-7a6b-4998-a30c-ec1ab88068bc:192.168.157.233:35716, bdb27072-dd00-4d3b-a7da-41600e490ca3:192.168.157.233:42906, f6cfa8a2-85ff-4bb9-a246-101c53d2d47b:192.168.157.233:44618], old=null
2019-10-25 11:08:05,123 [f6cfa8a2-85ff-4bb9-a246-101c53d2d47b@group-49E82E920F3F-LeaderElection644] INFO  impl.LeaderElection (LogUtils.java:infoOrTrace(149)) - f6cfa8a2-85ff-4bb9-a246-101c53d2d47b@group-49E82E920F3F-LeaderElection644 got exception when requesting votes: {}
java.util.concurrent.ExecutionException: org.apache.ratis.thirdparty.io.grpc.StatusRuntimeException: UNAVAILABLE: io exception
	at java.util.concurrent.FutureTask.report(FutureTask.java:122)
	at java.util.concurrent.FutureTask.get(FutureTask.java:192)
	at org.apache.ratis.server.impl.LeaderElection.waitForResults(LeaderElection.java:259)
	at org.apache.ratis.server.impl.LeaderElection.askForVotes(LeaderElection.java:197)
	at org.apache.ratis.server.impl.LeaderElection.run(LeaderElection.java:133)
	at java.lang.Thread.run(Thread.java:748)
Caused by: org.apache.ratis.thirdparty.io.grpc.StatusRuntimeException: UNAVAILABLE: io exception
	at org.apache.ratis.thirdparty.io.grpc.stub.ClientCalls.toStatusRuntimeException(ClientCalls.java:233)
	at org.apache.ratis.thirdparty.io.grpc.stub.ClientCalls.getUnchecked(ClientCalls.java:214)
	at org.apache.ratis.thirdparty.io.grpc.stub.ClientCalls.blockingUnaryCall(ClientCalls.java:139)
	at org.apache.ratis.proto.grpc.RaftServerProtocolServiceGrpc$RaftServerProtocolServiceBlockingStub.requestVote(RaftServerProtocolServiceGrpc.java:265)
	at org.apache.ratis.grpc.server.GrpcServerProtocolClient.requestVote(GrpcServerProtocolClient.java:99)
	at org.apache.ratis.grpc.server.GrpcService.requestVote(GrpcService.java:204)
	at org.apache.ratis.server.impl.LeaderElection.lambda$submitRequests$1(LeaderElection.java:234)
	at java.util.concurrent.FutureTask.run(FutureTask.java:266)
	at java.util.concurrent.Executors$RunnableAdapter.call(Executors.java:511)
	at java.util.concurrent.FutureTask.run(FutureTask.java:266)
	at java.util.concurrent.ThreadPoolExecutor.runWorker(ThreadPoolExecutor.java:1149)
	at java.util.concurrent.ThreadPoolExecutor$Worker.run(ThreadPoolExecutor.java:624)
	... 1 more
Caused by: org.apache.ratis.thirdparty.io.netty.channel.AbstractChannel$AnnotatedConnectException: Connection refused: /192.168.157.233:35716
	at sun.nio.ch.SocketChannelImpl.checkConnect(Native Method)
	at sun.nio.ch.SocketChannelImpl.finishConnect(SocketChannelImpl.java:717)
	at org.apache.ratis.thirdparty.io.netty.channel.socket.nio.NioSocketChannel.doFinishConnect(NioSocketChannel.java:327)
	at org.apache.ratis.thirdparty.io.netty.channel.nio.AbstractNioChannel$AbstractNioUnsafe.finishConnect(AbstractNioChannel.java:340)
	at org.apache.ratis.thirdparty.io.netty.channel.nio.NioEventLoop.processSelectedKey(NioEventLoop.java:632)
	at org.apache.ratis.thirdparty.io.netty.channel.nio.NioEventLoop.processSelectedKeysOptimized(NioEventLoop.java:579)
	at org.apache.ratis.thirdparty.io.netty.channel.nio.NioEventLoop.processSelectedKeys(NioEventLoop.java:496)
	at org.apache.ratis.thirdparty.io.netty.channel.nio.NioEventLoop.run(NioEventLoop.java:458)
	at org.apache.ratis.thirdparty.io.netty.util.concurrent.SingleThreadEventExecutor$5.run(SingleThreadEventExecutor.java:897)
	at org.apache.ratis.thirdparty.io.netty.util.concurrent.FastThreadLocalRunnable.run(FastThreadLocalRunnable.java:30)
	... 1 more
Caused by: java.net.ConnectException: Connection refused
	... 11 more
2019-10-25 11:08:05,124 [f6cfa8a2-85ff-4bb9-a246-101c53d2d47b@group-49E82E920F3F-LeaderElection644] INFO  impl.LeaderElection (LogUtils.java:infoOrTrace(149)) - f6cfa8a2-85ff-4bb9-a246-101c53d2d47b@group-49E82E920F3F-LeaderElection644 got exception when requesting votes: {}
java.util.concurrent.ExecutionException: org.apache.ratis.thirdparty.io.grpc.StatusRuntimeException: UNAVAILABLE: io exception
	at java.util.concurrent.FutureTask.report(FutureTask.java:122)
	at java.util.concurrent.FutureTask.get(FutureTask.java:192)
	at org.apache.ratis.server.impl.LeaderElection.waitForResults(LeaderElection.java:259)
	at org.apache.ratis.server.impl.LeaderElection.askForVotes(LeaderElection.java:197)
	at org.apache.ratis.server.impl.LeaderElection.run(LeaderElection.java:133)
	at java.lang.Thread.run(Thread.java:748)
Caused by: org.apache.ratis.thirdparty.io.grpc.StatusRuntimeException: UNAVAILABLE: io exception
	at org.apache.ratis.thirdparty.io.grpc.stub.ClientCalls.toStatusRuntimeException(ClientCalls.java:233)
	at org.apache.ratis.thirdparty.io.grpc.stub.ClientCalls.getUnchecked(ClientCalls.java:214)
	at org.apache.ratis.thirdparty.io.grpc.stub.ClientCalls.blockingUnaryCall(ClientCalls.java:139)
	at org.apache.ratis.proto.grpc.RaftServerProtocolServiceGrpc$RaftServerProtocolServiceBlockingStub.requestVote(RaftServerProtocolServiceGrpc.java:265)
	at org.apache.ratis.grpc.server.GrpcServerProtocolClient.requestVote(GrpcServerProtocolClient.java:99)
	at org.apache.ratis.grpc.server.GrpcService.requestVote(GrpcService.java:204)
	at org.apache.ratis.server.impl.LeaderElection.lambda$submitRequests$1(LeaderElection.java:234)
	at java.util.concurrent.FutureTask.run(FutureTask.java:266)
	at java.util.concurrent.Executors$RunnableAdapter.call(Executors.java:511)
	at java.util.concurrent.FutureTask.run(FutureTask.java:266)
	at java.util.concurrent.ThreadPoolExecutor.runWorker(ThreadPoolExecutor.java:1149)
	at java.util.concurrent.ThreadPoolExecutor$Worker.run(ThreadPoolExecutor.java:624)
	... 1 more
Caused by: org.apache.ratis.thirdparty.io.netty.channel.AbstractChannel$AnnotatedConnectException: Connection refused: /192.168.157.233:42906
	at sun.nio.ch.SocketChannelImpl.checkConnect(Native Method)
	at sun.nio.ch.SocketChannelImpl.finishConnect(SocketChannelImpl.java:717)
	at org.apache.ratis.thirdparty.io.netty.channel.socket.nio.NioSocketChannel.doFinishConnect(NioSocketChannel.java:327)
	at org.apache.ratis.thirdparty.io.netty.channel.nio.AbstractNioChannel$AbstractNioUnsafe.finishConnect(AbstractNioChannel.java:340)
	at org.apache.ratis.thirdparty.io.netty.channel.nio.NioEventLoop.processSelectedKey(NioEventLoop.java:632)
	at org.apache.ratis.thirdparty.io.netty.channel.nio.NioEventLoop.processSelectedKeysOptimized(NioEventLoop.java:579)
	at org.apache.ratis.thirdparty.io.netty.channel.nio.NioEventLoop.processSelectedKeys(NioEventLoop.java:496)
	at org.apache.ratis.thirdparty.io.netty.channel.nio.NioEventLoop.run(NioEventLoop.java:458)
	at org.apache.ratis.thirdparty.io.netty.util.concurrent.SingleThreadEventExecutor$5.run(SingleThreadEventExecutor.java:897)
	at org.apache.ratis.thirdparty.io.netty.util.concurrent.FastThreadLocalRunnable.run(FastThreadLocalRunnable.java:30)
	... 1 more
Caused by: java.net.ConnectException: Connection refused
	... 11 more
2019-10-25 11:08:05,125 [f6cfa8a2-85ff-4bb9-a246-101c53d2d47b@group-49E82E920F3F-LeaderElection644] INFO  impl.LeaderElection (LeaderElection.java:logAndReturn(56)) - f6cfa8a2-85ff-4bb9-a246-101c53d2d47b@group-49E82E920F3F-LeaderElection644: Election REJECTED; received 0 response(s) [] and 2 exception(s); f6cfa8a2-85ff-4bb9-a246-101c53d2d47b@group-49E82E920F3F:t234, leader=null, voted=f6cfa8a2-85ff-4bb9-a246-101c53d2d47b, raftlog=f6cfa8a2-85ff-4bb9-a246-101c53d2d47b@group-49E82E920F3F-SegmentedRaftLog:OPENED:c-1,f-1,i0, conf=-1: [7fad1e98-7a6b-4998-a30c-ec1ab88068bc:192.168.157.233:35716, bdb27072-dd00-4d3b-a7da-41600e490ca3:192.168.157.233:42906, f6cfa8a2-85ff-4bb9-a246-101c53d2d47b:192.168.157.233:44618], old=null
2019-10-25 11:08:05,126 [f6cfa8a2-85ff-4bb9-a246-101c53d2d47b@group-49E82E920F3F-LeaderElection644] INFO  impl.LeaderElection (LogUtils.java:infoOrTrace(149)) -   Exception 0: {}
java.util.concurrent.ExecutionException: org.apache.ratis.thirdparty.io.grpc.StatusRuntimeException: UNAVAILABLE: io exception
	at java.util.concurrent.FutureTask.report(FutureTask.java:122)
	at java.util.concurrent.FutureTask.get(FutureTask.java:192)
	at org.apache.ratis.server.impl.LeaderElection.waitForResults(LeaderElection.java:259)
	at org.apache.ratis.server.impl.LeaderElection.askForVotes(LeaderElection.java:197)
	at org.apache.ratis.server.impl.LeaderElection.run(LeaderElection.java:133)
	at java.lang.Thread.run(Thread.java:748)
Caused by: org.apache.ratis.thirdparty.io.grpc.StatusRuntimeException: UNAVAILABLE: io exception
	at org.apache.ratis.thirdparty.io.grpc.stub.ClientCalls.toStatusRuntimeException(ClientCalls.java:233)
	at org.apache.ratis.thirdparty.io.grpc.stub.ClientCalls.getUnchecked(ClientCalls.java:214)
	at org.apache.ratis.thirdparty.io.grpc.stub.ClientCalls.blockingUnaryCall(ClientCalls.java:139)
	at org.apache.ratis.proto.grpc.RaftServerProtocolServiceGrpc$RaftServerProtocolServiceBlockingStub.requestVote(RaftServerProtocolServiceGrpc.java:265)
	at org.apache.ratis.grpc.server.GrpcServerProtocolClient.requestVote(GrpcServerProtocolClient.java:99)
	at org.apache.ratis.grpc.server.GrpcService.requestVote(GrpcService.java:204)
	at org.apache.ratis.server.impl.LeaderElection.lambda$submitRequests$1(LeaderElection.java:234)
	at java.util.concurrent.FutureTask.run(FutureTask.java:266)
	at java.util.concurrent.Executors$RunnableAdapter.call(Executors.java:511)
	at java.util.concurrent.FutureTask.run(FutureTask.java:266)
	at java.util.concurrent.ThreadPoolExecutor.runWorker(ThreadPoolExecutor.java:1149)
	at java.util.concurrent.ThreadPoolExecutor$Worker.run(ThreadPoolExecutor.java:624)
	... 1 more
Caused by: org.apache.ratis.thirdparty.io.netty.channel.AbstractChannel$AnnotatedConnectException: Connection refused: /192.168.157.233:35716
	at sun.nio.ch.SocketChannelImpl.checkConnect(Native Method)
	at sun.nio.ch.SocketChannelImpl.finishConnect(SocketChannelImpl.java:717)
	at org.apache.ratis.thirdparty.io.netty.channel.socket.nio.NioSocketChannel.doFinishConnect(NioSocketChannel.java:327)
	at org.apache.ratis.thirdparty.io.netty.channel.nio.AbstractNioChannel$AbstractNioUnsafe.finishConnect(AbstractNioChannel.java:340)
	at org.apache.ratis.thirdparty.io.netty.channel.nio.NioEventLoop.processSelectedKey(NioEventLoop.java:632)
	at org.apache.ratis.thirdparty.io.netty.channel.nio.NioEventLoop.processSelectedKeysOptimized(NioEventLoop.java:579)
	at org.apache.ratis.thirdparty.io.netty.channel.nio.NioEventLoop.processSelectedKeys(NioEventLoop.java:496)
	at org.apache.ratis.thirdparty.io.netty.channel.nio.NioEventLoop.run(NioEventLoop.java:458)
	at org.apache.ratis.thirdparty.io.netty.util.concurrent.SingleThreadEventExecutor$5.run(SingleThreadEventExecutor.java:897)
	at org.apache.ratis.thirdparty.io.netty.util.concurrent.FastThreadLocalRunnable.run(FastThreadLocalRunnable.java:30)
	... 1 more
Caused by: java.net.ConnectException: Connection refused
	... 11 more
2019-10-25 11:08:05,126 [f6cfa8a2-85ff-4bb9-a246-101c53d2d47b@group-49E82E920F3F-LeaderElection644] INFO  impl.LeaderElection (LogUtils.java:infoOrTrace(149)) -   Exception 1: {}
java.util.concurrent.ExecutionException: org.apache.ratis.thirdparty.io.grpc.StatusRuntimeException: UNAVAILABLE: io exception
	at java.util.concurrent.FutureTask.report(FutureTask.java:122)
	at java.util.concurrent.FutureTask.get(FutureTask.java:192)
	at org.apache.ratis.server.impl.LeaderElection.waitForResults(LeaderElection.java:259)
	at org.apache.ratis.server.impl.LeaderElection.askForVotes(LeaderElection.java:197)
	at org.apache.ratis.server.impl.LeaderElection.run(LeaderElection.java:133)
	at java.lang.Thread.run(Thread.java:748)
Caused by: org.apache.ratis.thirdparty.io.grpc.StatusRuntimeException: UNAVAILABLE: io exception
	at org.apache.ratis.thirdparty.io.grpc.stub.ClientCalls.toStatusRuntimeException(ClientCalls.java:233)
	at org.apache.ratis.thirdparty.io.grpc.stub.ClientCalls.getUnchecked(ClientCalls.java:214)
	at org.apache.ratis.thirdparty.io.grpc.stub.ClientCalls.blockingUnaryCall(ClientCalls.java:139)
	at org.apache.ratis.proto.grpc.RaftServerProtocolServiceGrpc$RaftServerProtocolServiceBlockingStub.requestVote(RaftServerProtocolServiceGrpc.java:265)
	at org.apache.ratis.grpc.server.GrpcServerProtocolClient.requestVote(GrpcServerProtocolClient.java:99)
	at org.apache.ratis.grpc.server.GrpcService.requestVote(GrpcService.java:204)
	at org.apache.ratis.server.impl.LeaderElection.lambda$submitRequests$1(LeaderElection.java:234)
	at java.util.concurrent.FutureTask.run(FutureTask.java:266)
	at java.util.concurrent.Executors$RunnableAdapter.call(Executors.java:511)
	at java.util.concurrent.FutureTask.run(FutureTask.java:266)
	at java.util.concurrent.ThreadPoolExecutor.runWorker(ThreadPoolExecutor.java:1149)
	at java.util.concurrent.ThreadPoolExecutor$Worker.run(ThreadPoolExecutor.java:624)
	... 1 more
Caused by: org.apache.ratis.thirdparty.io.netty.channel.AbstractChannel$AnnotatedConnectException: Connection refused: /192.168.157.233:42906
	at sun.nio.ch.SocketChannelImpl.checkConnect(Native Method)
	at sun.nio.ch.SocketChannelImpl.finishConnect(SocketChannelImpl.java:717)
	at org.apache.ratis.thirdparty.io.netty.channel.socket.nio.NioSocketChannel.doFinishConnect(NioSocketChannel.java:327)
	at org.apache.ratis.thirdparty.io.netty.channel.nio.AbstractNioChannel$AbstractNioUnsafe.finishConnect(AbstractNioChannel.java:340)
	at org.apache.ratis.thirdparty.io.netty.channel.nio.NioEventLoop.processSelectedKey(NioEventLoop.java:632)
	at org.apache.ratis.thirdparty.io.netty.channel.nio.NioEventLoop.processSelectedKeysOptimized(NioEventLoop.java:579)
	at org.apache.ratis.thirdparty.io.netty.channel.nio.NioEventLoop.processSelectedKeys(NioEventLoop.java:496)
	at org.apache.ratis.thirdparty.io.netty.channel.nio.NioEventLoop.run(NioEventLoop.java:458)
	at org.apache.ratis.thirdparty.io.netty.util.concurrent.SingleThreadEventExecutor$5.run(SingleThreadEventExecutor.java:897)
	at org.apache.ratis.thirdparty.io.netty.util.concurrent.FastThreadLocalRunnable.run(FastThreadLocalRunnable.java:30)
	... 1 more
Caused by: java.net.ConnectException: Connection refused
	... 11 more
2019-10-25 11:08:05,127 [f6cfa8a2-85ff-4bb9-a246-101c53d2d47b@group-49E82E920F3F-LeaderElection644] INFO  impl.RaftServerImpl (RaftServerImpl.java:setRole(184)) - f6cfa8a2-85ff-4bb9-a246-101c53d2d47b@group-49E82E920F3F: changes role from CANDIDATE to FOLLOWER at term 234 for DISCOVERED_A_NEW_TERM
2019-10-25 11:08:05,127 [f6cfa8a2-85ff-4bb9-a246-101c53d2d47b@group-49E82E920F3F-LeaderElection644] INFO  impl.RoleInfo (RoleInfo.java:shutdownLeaderElection(134)) - f6cfa8a2-85ff-4bb9-a246-101c53d2d47b: shutdown LeaderElection
2019-10-25 11:08:05,127 [f6cfa8a2-85ff-4bb9-a246-101c53d2d47b@group-49E82E920F3F-LeaderElection644] INFO  impl.RoleInfo (RoleInfo.java:updateAndGet(143)) - f6cfa8a2-85ff-4bb9-a246-101c53d2d47b: start FollowerState
2019-10-25 11:08:05,198 [Thread-5182] INFO  impl.FollowerState (FollowerState.java:run(108)) - f6cfa8a2-85ff-4bb9-a246-101c53d2d47b@group-49E82E920F3F-FollowerState: change to CANDIDATE, lastRpcTime:70ms, electionTimeout:70ms
2019-10-25 11:08:05,198 [Thread-5182] INFO  impl.RoleInfo (RoleInfo.java:shutdownFollowerState(121)) - f6cfa8a2-85ff-4bb9-a246-101c53d2d47b: shutdown FollowerState
2019-10-25 11:08:05,198 [Thread-5182] INFO  impl.RaftServerImpl (RaftServerImpl.java:setRole(184)) - f6cfa8a2-85ff-4bb9-a246-101c53d2d47b@group-49E82E920F3F: changes role from  FOLLOWER to CANDIDATE at term 234 for changeToCandidate
2019-10-25 11:08:05,198 [Thread-5182] INFO  impl.RoleInfo (RoleInfo.java:updateAndGet(143)) - f6cfa8a2-85ff-4bb9-a246-101c53d2d47b: start LeaderElection
2019-10-25 11:08:05,214 [f6cfa8a2-85ff-4bb9-a246-101c53d2d47b@group-49E82E920F3F-LeaderElection645] INFO  impl.LeaderElection (LeaderElection.java:askForVotes(178)) - f6cfa8a2-85ff-4bb9-a246-101c53d2d47b@group-49E82E920F3F-LeaderElection645: begin an election at term 235 for -1: [7fad1e98-7a6b-4998-a30c-ec1ab88068bc:192.168.157.233:35716, bdb27072-dd00-4d3b-a7da-41600e490ca3:192.168.157.233:42906, f6cfa8a2-85ff-4bb9-a246-101c53d2d47b:192.168.157.233:44618], old=null
2019-10-25 11:08:05,214 [f6cfa8a2-85ff-4bb9-a246-101c53d2d47b@group-49E82E920F3F-LeaderElection645] INFO  impl.LeaderElection (LogUtils.java:infoOrTrace(149)) - f6cfa8a2-85ff-4bb9-a246-101c53d2d47b@group-49E82E920F3F-LeaderElection645 got exception when requesting votes: {}
java.util.concurrent.ExecutionException: org.apache.ratis.thirdparty.io.grpc.StatusRuntimeException: UNAVAILABLE: io exception
	at java.util.concurrent.FutureTask.report(FutureTask.java:122)
	at java.util.concurrent.FutureTask.get(FutureTask.java:192)
	at org.apache.ratis.server.impl.LeaderElection.waitForResults(LeaderElection.java:259)
	at org.apache.ratis.server.impl.LeaderElection.askForVotes(LeaderElection.java:197)
	at org.apache.ratis.server.impl.LeaderElection.run(LeaderElection.java:133)
	at java.lang.Thread.run(Thread.java:748)
Caused by: org.apache.ratis.thirdparty.io.grpc.StatusRuntimeException: UNAVAILABLE: io exception
	at org.apache.ratis.thirdparty.io.grpc.stub.ClientCalls.toStatusRuntimeException(ClientCalls.java:233)
	at org.apache.ratis.thirdparty.io.grpc.stub.ClientCalls.getUnchecked(ClientCalls.java:214)
	at org.apache.ratis.thirdparty.io.grpc.stub.ClientCalls.blockingUnaryCall(ClientCalls.java:139)
	at org.apache.ratis.proto.grpc.RaftServerProtocolServiceGrpc$RaftServerProtocolServiceBlockingStub.requestVote(RaftServerProtocolServiceGrpc.java:265)
	at org.apache.ratis.grpc.server.GrpcServerProtocolClient.requestVote(GrpcServerProtocolClient.java:99)
	at org.apache.ratis.grpc.server.GrpcService.requestVote(GrpcService.java:204)
	at org.apache.ratis.server.impl.LeaderElection.lambda$submitRequests$1(LeaderElection.java:234)
	at java.util.concurrent.FutureTask.run(FutureTask.java:266)
	at java.util.concurrent.Executors$RunnableAdapter.call(Executors.java:511)
	at java.util.concurrent.FutureTask.run(FutureTask.java:266)
	at java.util.concurrent.ThreadPoolExecutor.runWorker(ThreadPoolExecutor.java:1149)
	at java.util.concurrent.ThreadPoolExecutor$Worker.run(ThreadPoolExecutor.java:624)
	... 1 more
Caused by: org.apache.ratis.thirdparty.io.netty.channel.AbstractChannel$AnnotatedConnectException: Connection refused: /192.168.157.233:35716
	at sun.nio.ch.SocketChannelImpl.checkConnect(Native Method)
	at sun.nio.ch.SocketChannelImpl.finishConnect(SocketChannelImpl.java:717)
	at org.apache.ratis.thirdparty.io.netty.channel.socket.nio.NioSocketChannel.doFinishConnect(NioSocketChannel.java:327)
	at org.apache.ratis.thirdparty.io.netty.channel.nio.AbstractNioChannel$AbstractNioUnsafe.finishConnect(AbstractNioChannel.java:340)
	at org.apache.ratis.thirdparty.io.netty.channel.nio.NioEventLoop.processSelectedKey(NioEventLoop.java:632)
	at org.apache.ratis.thirdparty.io.netty.channel.nio.NioEventLoop.processSelectedKeysOptimized(NioEventLoop.java:579)
	at org.apache.ratis.thirdparty.io.netty.channel.nio.NioEventLoop.processSelectedKeys(NioEventLoop.java:496)
	at org.apache.ratis.thirdparty.io.netty.channel.nio.NioEventLoop.run(NioEventLoop.java:458)
	at org.apache.ratis.thirdparty.io.netty.util.concurrent.SingleThreadEventExecutor$5.run(SingleThreadEventExecutor.java:897)
	at org.apache.ratis.thirdparty.io.netty.util.concurrent.FastThreadLocalRunnable.run(FastThreadLocalRunnable.java:30)
	... 1 more
Caused by: java.net.ConnectException: Connection refused
	... 11 more
2019-10-25 11:08:05,215 [f6cfa8a2-85ff-4bb9-a246-101c53d2d47b@group-49E82E920F3F-LeaderElection645] INFO  impl.LeaderElection (LogUtils.java:infoOrTrace(149)) - f6cfa8a2-85ff-4bb9-a246-101c53d2d47b@group-49E82E920F3F-LeaderElection645 got exception when requesting votes: {}
java.util.concurrent.ExecutionException: org.apache.ratis.thirdparty.io.grpc.StatusRuntimeException: UNAVAILABLE: io exception
	at java.util.concurrent.FutureTask.report(FutureTask.java:122)
	at java.util.concurrent.FutureTask.get(FutureTask.java:192)
	at org.apache.ratis.server.impl.LeaderElection.waitForResults(LeaderElection.java:259)
	at org.apache.ratis.server.impl.LeaderElection.askForVotes(LeaderElection.java:197)
	at org.apache.ratis.server.impl.LeaderElection.run(LeaderElection.java:133)
	at java.lang.Thread.run(Thread.java:748)
Caused by: org.apache.ratis.thirdparty.io.grpc.StatusRuntimeException: UNAVAILABLE: io exception
	at org.apache.ratis.thirdparty.io.grpc.stub.ClientCalls.toStatusRuntimeException(ClientCalls.java:233)
	at org.apache.ratis.thirdparty.io.grpc.stub.ClientCalls.getUnchecked(ClientCalls.java:214)
	at org.apache.ratis.thirdparty.io.grpc.stub.ClientCalls.blockingUnaryCall(ClientCalls.java:139)
	at org.apache.ratis.proto.grpc.RaftServerProtocolServiceGrpc$RaftServerProtocolServiceBlockingStub.requestVote(RaftServerProtocolServiceGrpc.java:265)
	at org.apache.ratis.grpc.server.GrpcServerProtocolClient.requestVote(GrpcServerProtocolClient.java:99)
	at org.apache.ratis.grpc.server.GrpcService.requestVote(GrpcService.java:204)
	at org.apache.ratis.server.impl.LeaderElection.lambda$submitRequests$1(LeaderElection.java:234)
	at java.util.concurrent.FutureTask.run(FutureTask.java:266)
	at java.util.concurrent.Executors$RunnableAdapter.call(Executors.java:511)
	at java.util.concurrent.FutureTask.run(FutureTask.java:266)
	at java.util.concurrent.ThreadPoolExecutor.runWorker(ThreadPoolExecutor.java:1149)
	at java.util.concurrent.ThreadPoolExecutor$Worker.run(ThreadPoolExecutor.java:624)
	... 1 more
Caused by: org.apache.ratis.thirdparty.io.netty.channel.AbstractChannel$AnnotatedConnectException: Connection refused: /192.168.157.233:42906
	at sun.nio.ch.SocketChannelImpl.checkConnect(Native Method)
	at sun.nio.ch.SocketChannelImpl.finishConnect(SocketChannelImpl.java:717)
	at org.apache.ratis.thirdparty.io.netty.channel.socket.nio.NioSocketChannel.doFinishConnect(NioSocketChannel.java:327)
	at org.apache.ratis.thirdparty.io.netty.channel.nio.AbstractNioChannel$AbstractNioUnsafe.finishConnect(AbstractNioChannel.java:340)
	at org.apache.ratis.thirdparty.io.netty.channel.nio.NioEventLoop.processSelectedKey(NioEventLoop.java:632)
	at org.apache.ratis.thirdparty.io.netty.channel.nio.NioEventLoop.processSelectedKeysOptimized(NioEventLoop.java:579)
	at org.apache.ratis.thirdparty.io.netty.channel.nio.NioEventLoop.processSelectedKeys(NioEventLoop.java:496)
	at org.apache.ratis.thirdparty.io.netty.channel.nio.NioEventLoop.run(NioEventLoop.java:458)
	at org.apache.ratis.thirdparty.io.netty.util.concurrent.SingleThreadEventExecutor$5.run(SingleThreadEventExecutor.java:897)
	at org.apache.ratis.thirdparty.io.netty.util.concurrent.FastThreadLocalRunnable.run(FastThreadLocalRunnable.java:30)
	... 1 more
Caused by: java.net.ConnectException: Connection refused
	... 11 more
2019-10-25 11:08:05,215 [f6cfa8a2-85ff-4bb9-a246-101c53d2d47b@group-49E82E920F3F-LeaderElection645] INFO  impl.LeaderElection (LeaderElection.java:logAndReturn(56)) - f6cfa8a2-85ff-4bb9-a246-101c53d2d47b@group-49E82E920F3F-LeaderElection645: Election REJECTED; received 0 response(s) [] and 2 exception(s); f6cfa8a2-85ff-4bb9-a246-101c53d2d47b@group-49E82E920F3F:t235, leader=null, voted=f6cfa8a2-85ff-4bb9-a246-101c53d2d47b, raftlog=f6cfa8a2-85ff-4bb9-a246-101c53d2d47b@group-49E82E920F3F-SegmentedRaftLog:OPENED:c-1,f-1,i0, conf=-1: [7fad1e98-7a6b-4998-a30c-ec1ab88068bc:192.168.157.233:35716, bdb27072-dd00-4d3b-a7da-41600e490ca3:192.168.157.233:42906, f6cfa8a2-85ff-4bb9-a246-101c53d2d47b:192.168.157.233:44618], old=null
2019-10-25 11:08:05,215 [f6cfa8a2-85ff-4bb9-a246-101c53d2d47b@group-49E82E920F3F-LeaderElection645] INFO  impl.LeaderElection (LogUtils.java:infoOrTrace(149)) -   Exception 0: {}
java.util.concurrent.ExecutionException: org.apache.ratis.thirdparty.io.grpc.StatusRuntimeException: UNAVAILABLE: io exception
	at java.util.concurrent.FutureTask.report(FutureTask.java:122)
	at java.util.concurrent.FutureTask.get(FutureTask.java:192)
	at org.apache.ratis.server.impl.LeaderElection.waitForResults(LeaderElection.java:259)
	at org.apache.ratis.server.impl.LeaderElection.askForVotes(LeaderElection.java:197)
	at org.apache.ratis.server.impl.LeaderElection.run(LeaderElection.java:133)
	at java.lang.Thread.run(Thread.java:748)
Caused by: org.apache.ratis.thirdparty.io.grpc.StatusRuntimeException: UNAVAILABLE: io exception
	at org.apache.ratis.thirdparty.io.grpc.stub.ClientCalls.toStatusRuntimeException(ClientCalls.java:233)
	at org.apache.ratis.thirdparty.io.grpc.stub.ClientCalls.getUnchecked(ClientCalls.java:214)
	at org.apache.ratis.thirdparty.io.grpc.stub.ClientCalls.blockingUnaryCall(ClientCalls.java:139)
	at org.apache.ratis.proto.grpc.RaftServerProtocolServiceGrpc$RaftServerProtocolServiceBlockingStub.requestVote(RaftServerProtocolServiceGrpc.java:265)
	at org.apache.ratis.grpc.server.GrpcServerProtocolClient.requestVote(GrpcServerProtocolClient.java:99)
	at org.apache.ratis.grpc.server.GrpcService.requestVote(GrpcService.java:204)
	at org.apache.ratis.server.impl.LeaderElection.lambda$submitRequests$1(LeaderElection.java:234)
	at java.util.concurrent.FutureTask.run(FutureTask.java:266)
	at java.util.concurrent.Executors$RunnableAdapter.call(Executors.java:511)
	at java.util.concurrent.FutureTask.run(FutureTask.java:266)
	at java.util.concurrent.ThreadPoolExecutor.runWorker(ThreadPoolExecutor.java:1149)
	at java.util.concurrent.ThreadPoolExecutor$Worker.run(ThreadPoolExecutor.java:624)
	... 1 more
Caused by: org.apache.ratis.thirdparty.io.netty.channel.AbstractChannel$AnnotatedConnectException: Connection refused: /192.168.157.233:35716
	at sun.nio.ch.SocketChannelImpl.checkConnect(Native Method)
	at sun.nio.ch.SocketChannelImpl.finishConnect(SocketChannelImpl.java:717)
	at org.apache.ratis.thirdparty.io.netty.channel.socket.nio.NioSocketChannel.doFinishConnect(NioSocketChannel.java:327)
	at org.apache.ratis.thirdparty.io.netty.channel.nio.AbstractNioChannel$AbstractNioUnsafe.finishConnect(AbstractNioChannel.java:340)
	at org.apache.ratis.thirdparty.io.netty.channel.nio.NioEventLoop.processSelectedKey(NioEventLoop.java:632)
	at org.apache.ratis.thirdparty.io.netty.channel.nio.NioEventLoop.processSelectedKeysOptimized(NioEventLoop.java:579)
	at org.apache.ratis.thirdparty.io.netty.channel.nio.NioEventLoop.processSelectedKeys(NioEventLoop.java:496)
	at org.apache.ratis.thirdparty.io.netty.channel.nio.NioEventLoop.run(NioEventLoop.java:458)
	at org.apache.ratis.thirdparty.io.netty.util.concurrent.SingleThreadEventExecutor$5.run(SingleThreadEventExecutor.java:897)
	at org.apache.ratis.thirdparty.io.netty.util.concurrent.FastThreadLocalRunnable.run(FastThreadLocalRunnable.java:30)
	... 1 more
Caused by: java.net.ConnectException: Connection refused
	... 11 more
2019-10-25 11:08:05,215 [f6cfa8a2-85ff-4bb9-a246-101c53d2d47b@group-49E82E920F3F-LeaderElection645] INFO  impl.LeaderElection (LogUtils.java:infoOrTrace(149)) -   Exception 1: {}
java.util.concurrent.ExecutionException: org.apache.ratis.thirdparty.io.grpc.StatusRuntimeException: UNAVAILABLE: io exception
	at java.util.concurrent.FutureTask.report(FutureTask.java:122)
	at java.util.concurrent.FutureTask.get(FutureTask.java:192)
	at org.apache.ratis.server.impl.LeaderElection.waitForResults(LeaderElection.java:259)
	at org.apache.ratis.server.impl.LeaderElection.askForVotes(LeaderElection.java:197)
	at org.apache.ratis.server.impl.LeaderElection.run(LeaderElection.java:133)
	at java.lang.Thread.run(Thread.java:748)
Caused by: org.apache.ratis.thirdparty.io.grpc.StatusRuntimeException: UNAVAILABLE: io exception
	at org.apache.ratis.thirdparty.io.grpc.stub.ClientCalls.toStatusRuntimeException(ClientCalls.java:233)
	at org.apache.ratis.thirdparty.io.grpc.stub.ClientCalls.getUnchecked(ClientCalls.java:214)
	at org.apache.ratis.thirdparty.io.grpc.stub.ClientCalls.blockingUnaryCall(ClientCalls.java:139)
	at org.apache.ratis.proto.grpc.RaftServerProtocolServiceGrpc$RaftServerProtocolServiceBlockingStub.requestVote(RaftServerProtocolServiceGrpc.java:265)
	at org.apache.ratis.grpc.server.GrpcServerProtocolClient.requestVote(GrpcServerProtocolClient.java:99)
	at org.apache.ratis.grpc.server.GrpcService.requestVote(GrpcService.java:204)
	at org.apache.ratis.server.impl.LeaderElection.lambda$submitRequests$1(LeaderElection.java:234)
	at java.util.concurrent.FutureTask.run(FutureTask.java:266)
	at java.util.concurrent.Executors$RunnableAdapter.call(Executors.java:511)
	at java.util.concurrent.FutureTask.run(FutureTask.java:266)
	at java.util.concurrent.ThreadPoolExecutor.runWorker(ThreadPoolExecutor.java:1149)
	at java.util.concurrent.ThreadPoolExecutor$Worker.run(ThreadPoolExecutor.java:624)
	... 1 more
Caused by: org.apache.ratis.thirdparty.io.netty.channel.AbstractChannel$AnnotatedConnectException: Connection refused: /192.168.157.233:42906
	at sun.nio.ch.SocketChannelImpl.checkConnect(Native Method)
	at sun.nio.ch.SocketChannelImpl.finishConnect(SocketChannelImpl.java:717)
	at org.apache.ratis.thirdparty.io.netty.channel.socket.nio.NioSocketChannel.doFinishConnect(NioSocketChannel.java:327)
	at org.apache.ratis.thirdparty.io.netty.channel.nio.AbstractNioChannel$AbstractNioUnsafe.finishConnect(AbstractNioChannel.java:340)
	at org.apache.ratis.thirdparty.io.netty.channel.nio.NioEventLoop.processSelectedKey(NioEventLoop.java:632)
	at org.apache.ratis.thirdparty.io.netty.channel.nio.NioEventLoop.processSelectedKeysOptimized(NioEventLoop.java:579)
	at org.apache.ratis.thirdparty.io.netty.channel.nio.NioEventLoop.processSelectedKeys(NioEventLoop.java:496)
	at org.apache.ratis.thirdparty.io.netty.channel.nio.NioEventLoop.run(NioEventLoop.java:458)
	at org.apache.ratis.thirdparty.io.netty.util.concurrent.SingleThreadEventExecutor$5.run(SingleThreadEventExecutor.java:897)
	at org.apache.ratis.thirdparty.io.netty.util.concurrent.FastThreadLocalRunnable.run(FastThreadLocalRunnable.java:30)
	... 1 more
Caused by: java.net.ConnectException: Connection refused
	... 11 more
2019-10-25 11:08:05,216 [f6cfa8a2-85ff-4bb9-a246-101c53d2d47b@group-49E82E920F3F-LeaderElection645] INFO  impl.RaftServerImpl (RaftServerImpl.java:setRole(184)) - f6cfa8a2-85ff-4bb9-a246-101c53d2d47b@group-49E82E920F3F: changes role from CANDIDATE to FOLLOWER at term 235 for DISCOVERED_A_NEW_TERM
2019-10-25 11:08:05,216 [f6cfa8a2-85ff-4bb9-a246-101c53d2d47b@group-49E82E920F3F-LeaderElection645] INFO  impl.RoleInfo (RoleInfo.java:shutdownLeaderElection(134)) - f6cfa8a2-85ff-4bb9-a246-101c53d2d47b: shutdown LeaderElection
2019-10-25 11:08:05,216 [f6cfa8a2-85ff-4bb9-a246-101c53d2d47b@group-49E82E920F3F-LeaderElection645] INFO  impl.RoleInfo (RoleInfo.java:updateAndGet(143)) - f6cfa8a2-85ff-4bb9-a246-101c53d2d47b: start FollowerState
2019-10-25 11:08:05,308 [Thread-5188] INFO  impl.FollowerState (FollowerState.java:run(108)) - f6cfa8a2-85ff-4bb9-a246-101c53d2d47b@group-49E82E920F3F-FollowerState: change to CANDIDATE, lastRpcTime:92ms, electionTimeout:92ms
2019-10-25 11:08:05,308 [Thread-5188] INFO  impl.RoleInfo (RoleInfo.java:shutdownFollowerState(121)) - f6cfa8a2-85ff-4bb9-a246-101c53d2d47b: shutdown FollowerState
2019-10-25 11:08:05,308 [Thread-5188] INFO  impl.RaftServerImpl (RaftServerImpl.java:setRole(184)) - f6cfa8a2-85ff-4bb9-a246-101c53d2d47b@group-49E82E920F3F: changes role from  FOLLOWER to CANDIDATE at term 235 for changeToCandidate
2019-10-25 11:08:05,308 [Thread-5188] INFO  impl.RoleInfo (RoleInfo.java:updateAndGet(143)) - f6cfa8a2-85ff-4bb9-a246-101c53d2d47b: start LeaderElection
2019-10-25 11:08:05,322 [f6cfa8a2-85ff-4bb9-a246-101c53d2d47b@group-49E82E920F3F-LeaderElection646] INFO  impl.LeaderElection (LeaderElection.java:askForVotes(178)) - f6cfa8a2-85ff-4bb9-a246-101c53d2d47b@group-49E82E920F3F-LeaderElection646: begin an election at term 236 for -1: [7fad1e98-7a6b-4998-a30c-ec1ab88068bc:192.168.157.233:35716, bdb27072-dd00-4d3b-a7da-41600e490ca3:192.168.157.233:42906, f6cfa8a2-85ff-4bb9-a246-101c53d2d47b:192.168.157.233:44618], old=null
2019-10-25 11:08:05,323 [f6cfa8a2-85ff-4bb9-a246-101c53d2d47b@group-49E82E920F3F-LeaderElection646] INFO  impl.LeaderElection (LogUtils.java:infoOrTrace(149)) - f6cfa8a2-85ff-4bb9-a246-101c53d2d47b@group-49E82E920F3F-LeaderElection646 got exception when requesting votes: {}
java.util.concurrent.ExecutionException: org.apache.ratis.thirdparty.io.grpc.StatusRuntimeException: UNAVAILABLE: io exception
	at java.util.concurrent.FutureTask.report(FutureTask.java:122)
	at java.util.concurrent.FutureTask.get(FutureTask.java:192)
	at org.apache.ratis.server.impl.LeaderElection.waitForResults(LeaderElection.java:259)
	at org.apache.ratis.server.impl.LeaderElection.askForVotes(LeaderElection.java:197)
	at org.apache.ratis.server.impl.LeaderElection.run(LeaderElection.java:133)
	at java.lang.Thread.run(Thread.java:748)
Caused by: org.apache.ratis.thirdparty.io.grpc.StatusRuntimeException: UNAVAILABLE: io exception
	at org.apache.ratis.thirdparty.io.grpc.stub.ClientCalls.toStatusRuntimeException(ClientCalls.java:233)
	at org.apache.ratis.thirdparty.io.grpc.stub.ClientCalls.getUnchecked(ClientCalls.java:214)
	at org.apache.ratis.thirdparty.io.grpc.stub.ClientCalls.blockingUnaryCall(ClientCalls.java:139)
	at org.apache.ratis.proto.grpc.RaftServerProtocolServiceGrpc$RaftServerProtocolServiceBlockingStub.requestVote(RaftServerProtocolServiceGrpc.java:265)
	at org.apache.ratis.grpc.server.GrpcServerProtocolClient.requestVote(GrpcServerProtocolClient.java:99)
	at org.apache.ratis.grpc.server.GrpcService.requestVote(GrpcService.java:204)
	at org.apache.ratis.server.impl.LeaderElection.lambda$submitRequests$1(LeaderElection.java:234)
	at java.util.concurrent.FutureTask.run(FutureTask.java:266)
	at java.util.concurrent.Executors$RunnableAdapter.call(Executors.java:511)
	at java.util.concurrent.FutureTask.run(FutureTask.java:266)
	at java.util.concurrent.ThreadPoolExecutor.runWorker(ThreadPoolExecutor.java:1149)
	at java.util.concurrent.ThreadPoolExecutor$Worker.run(ThreadPoolExecutor.java:624)
	... 1 more
Caused by: org.apache.ratis.thirdparty.io.netty.channel.AbstractChannel$AnnotatedConnectException: Connection refused: /192.168.157.233:35716
	at sun.nio.ch.SocketChannelImpl.checkConnect(Native Method)
	at sun.nio.ch.SocketChannelImpl.finishConnect(SocketChannelImpl.java:717)
	at org.apache.ratis.thirdparty.io.netty.channel.socket.nio.NioSocketChannel.doFinishConnect(NioSocketChannel.java:327)
	at org.apache.ratis.thirdparty.io.netty.channel.nio.AbstractNioChannel$AbstractNioUnsafe.finishConnect(AbstractNioChannel.java:340)
	at org.apache.ratis.thirdparty.io.netty.channel.nio.NioEventLoop.processSelectedKey(NioEventLoop.java:632)
	at org.apache.ratis.thirdparty.io.netty.channel.nio.NioEventLoop.processSelectedKeysOptimized(NioEventLoop.java:579)
	at org.apache.ratis.thirdparty.io.netty.channel.nio.NioEventLoop.processSelectedKeys(NioEventLoop.java:496)
	at org.apache.ratis.thirdparty.io.netty.channel.nio.NioEventLoop.run(NioEventLoop.java:458)
	at org.apache.ratis.thirdparty.io.netty.util.concurrent.SingleThreadEventExecutor$5.run(SingleThreadEventExecutor.java:897)
	at org.apache.ratis.thirdparty.io.netty.util.concurrent.FastThreadLocalRunnable.run(FastThreadLocalRunnable.java:30)
	... 1 more
Caused by: java.net.ConnectException: Connection refused
	... 11 more
2019-10-25 11:08:05,324 [f6cfa8a2-85ff-4bb9-a246-101c53d2d47b@group-49E82E920F3F-LeaderElection646] INFO  impl.LeaderElection (LogUtils.java:infoOrTrace(149)) - f6cfa8a2-85ff-4bb9-a246-101c53d2d47b@group-49E82E920F3F-LeaderElection646 got exception when requesting votes: {}
java.util.concurrent.ExecutionException: org.apache.ratis.thirdparty.io.grpc.StatusRuntimeException: UNAVAILABLE: io exception
	at java.util.concurrent.FutureTask.report(FutureTask.java:122)
	at java.util.concurrent.FutureTask.get(FutureTask.java:192)
	at org.apache.ratis.server.impl.LeaderElection.waitForResults(LeaderElection.java:259)
	at org.apache.ratis.server.impl.LeaderElection.askForVotes(LeaderElection.java:197)
	at org.apache.ratis.server.impl.LeaderElection.run(LeaderElection.java:133)
	at java.lang.Thread.run(Thread.java:748)
Caused by: org.apache.ratis.thirdparty.io.grpc.StatusRuntimeException: UNAVAILABLE: io exception
	at org.apache.ratis.thirdparty.io.grpc.stub.ClientCalls.toStatusRuntimeException(ClientCalls.java:233)
	at org.apache.ratis.thirdparty.io.grpc.stub.ClientCalls.getUnchecked(ClientCalls.java:214)
	at org.apache.ratis.thirdparty.io.grpc.stub.ClientCalls.blockingUnaryCall(ClientCalls.java:139)
	at org.apache.ratis.proto.grpc.RaftServerProtocolServiceGrpc$RaftServerProtocolServiceBlockingStub.requestVote(RaftServerProtocolServiceGrpc.java:265)
	at org.apache.ratis.grpc.server.GrpcServerProtocolClient.requestVote(GrpcServerProtocolClient.java:99)
	at org.apache.ratis.grpc.server.GrpcService.requestVote(GrpcService.java:204)
	at org.apache.ratis.server.impl.LeaderElection.lambda$submitRequests$1(LeaderElection.java:234)
	at java.util.concurrent.FutureTask.run(FutureTask.java:266)
	at java.util.concurrent.Executors$RunnableAdapter.call(Executors.java:511)
	at java.util.concurrent.FutureTask.run(FutureTask.java:266)
	at java.util.concurrent.ThreadPoolExecutor.runWorker(ThreadPoolExecutor.java:1149)
	at java.util.concurrent.ThreadPoolExecutor$Worker.run(ThreadPoolExecutor.java:624)
	... 1 more
Caused by: org.apache.ratis.thirdparty.io.netty.channel.AbstractChannel$AnnotatedConnectException: Connection refused: /192.168.157.233:42906
	at sun.nio.ch.SocketChannelImpl.checkConnect(Native Method)
	at sun.nio.ch.SocketChannelImpl.finishConnect(SocketChannelImpl.java:717)
	at org.apache.ratis.thirdparty.io.netty.channel.socket.nio.NioSocketChannel.doFinishConnect(NioSocketChannel.java:327)
	at org.apache.ratis.thirdparty.io.netty.channel.nio.AbstractNioChannel$AbstractNioUnsafe.finishConnect(AbstractNioChannel.java:340)
	at org.apache.ratis.thirdparty.io.netty.channel.nio.NioEventLoop.processSelectedKey(NioEventLoop.java:632)
	at org.apache.ratis.thirdparty.io.netty.channel.nio.NioEventLoop.processSelectedKeysOptimized(NioEventLoop.java:579)
	at org.apache.ratis.thirdparty.io.netty.channel.nio.NioEventLoop.processSelectedKeys(NioEventLoop.java:496)
	at org.apache.ratis.thirdparty.io.netty.channel.nio.NioEventLoop.run(NioEventLoop.java:458)
	at org.apache.ratis.thirdparty.io.netty.util.concurrent.SingleThreadEventExecutor$5.run(SingleThreadEventExecutor.java:897)
	at org.apache.ratis.thirdparty.io.netty.util.concurrent.FastThreadLocalRunnable.run(FastThreadLocalRunnable.java:30)
	... 1 more
Caused by: java.net.ConnectException: Connection refused
	... 11 more
2019-10-25 11:08:05,325 [f6cfa8a2-85ff-4bb9-a246-101c53d2d47b@group-49E82E920F3F-LeaderElection646] INFO  impl.LeaderElection (LeaderElection.java:logAndReturn(56)) - f6cfa8a2-85ff-4bb9-a246-101c53d2d47b@group-49E82E920F3F-LeaderElection646: Election REJECTED; received 0 response(s) [] and 2 exception(s); f6cfa8a2-85ff-4bb9-a246-101c53d2d47b@group-49E82E920F3F:t236, leader=null, voted=f6cfa8a2-85ff-4bb9-a246-101c53d2d47b, raftlog=f6cfa8a2-85ff-4bb9-a246-101c53d2d47b@group-49E82E920F3F-SegmentedRaftLog:OPENED:c-1,f-1,i0, conf=-1: [7fad1e98-7a6b-4998-a30c-ec1ab88068bc:192.168.157.233:35716, bdb27072-dd00-4d3b-a7da-41600e490ca3:192.168.157.233:42906, f6cfa8a2-85ff-4bb9-a246-101c53d2d47b:192.168.157.233:44618], old=null
2019-10-25 11:08:05,325 [f6cfa8a2-85ff-4bb9-a246-101c53d2d47b@group-49E82E920F3F-LeaderElection646] INFO  impl.LeaderElection (LogUtils.java:infoOrTrace(149)) -   Exception 0: {}
java.util.concurrent.ExecutionException: org.apache.ratis.thirdparty.io.grpc.StatusRuntimeException: UNAVAILABLE: io exception
	at java.util.concurrent.FutureTask.report(FutureTask.java:122)
	at java.util.concurrent.FutureTask.get(FutureTask.java:192)
	at org.apache.ratis.server.impl.LeaderElection.waitForResults(LeaderElection.java:259)
	at org.apache.ratis.server.impl.LeaderElection.askForVotes(LeaderElection.java:197)
	at org.apache.ratis.server.impl.LeaderElection.run(LeaderElection.java:133)
	at java.lang.Thread.run(Thread.java:748)
Caused by: org.apache.ratis.thirdparty.io.grpc.StatusRuntimeException: UNAVAILABLE: io exception
	at org.apache.ratis.thirdparty.io.grpc.stub.ClientCalls.toStatusRuntimeException(ClientCalls.java:233)
	at org.apache.ratis.thirdparty.io.grpc.stub.ClientCalls.getUnchecked(ClientCalls.java:214)
	at org.apache.ratis.thirdparty.io.grpc.stub.ClientCalls.blockingUnaryCall(ClientCalls.java:139)
	at org.apache.ratis.proto.grpc.RaftServerProtocolServiceGrpc$RaftServerProtocolServiceBlockingStub.requestVote(RaftServerProtocolServiceGrpc.java:265)
	at org.apache.ratis.grpc.server.GrpcServerProtocolClient.requestVote(GrpcServerProtocolClient.java:99)
	at org.apache.ratis.grpc.server.GrpcService.requestVote(GrpcService.java:204)
	at org.apache.ratis.server.impl.LeaderElection.lambda$submitRequests$1(LeaderElection.java:234)
	at java.util.concurrent.FutureTask.run(FutureTask.java:266)
	at java.util.concurrent.Executors$RunnableAdapter.call(Executors.java:511)
	at java.util.concurrent.FutureTask.run(FutureTask.java:266)
	at java.util.concurrent.ThreadPoolExecutor.runWorker(ThreadPoolExecutor.java:1149)
	at java.util.concurrent.ThreadPoolExecutor$Worker.run(ThreadPoolExecutor.java:624)
	... 1 more
Caused by: org.apache.ratis.thirdparty.io.netty.channel.AbstractChannel$AnnotatedConnectException: Connection refused: /192.168.157.233:35716
	at sun.nio.ch.SocketChannelImpl.checkConnect(Native Method)
	at sun.nio.ch.SocketChannelImpl.finishConnect(SocketChannelImpl.java:717)
	at org.apache.ratis.thirdparty.io.netty.channel.socket.nio.NioSocketChannel.doFinishConnect(NioSocketChannel.java:327)
	at org.apache.ratis.thirdparty.io.netty.channel.nio.AbstractNioChannel$AbstractNioUnsafe.finishConnect(AbstractNioChannel.java:340)
	at org.apache.ratis.thirdparty.io.netty.channel.nio.NioEventLoop.processSelectedKey(NioEventLoop.java:632)
	at org.apache.ratis.thirdparty.io.netty.channel.nio.NioEventLoop.processSelectedKeysOptimized(NioEventLoop.java:579)
	at org.apache.ratis.thirdparty.io.netty.channel.nio.NioEventLoop.processSelectedKeys(NioEventLoop.java:496)
	at org.apache.ratis.thirdparty.io.netty.channel.nio.NioEventLoop.run(NioEventLoop.java:458)
	at org.apache.ratis.thirdparty.io.netty.util.concurrent.SingleThreadEventExecutor$5.run(SingleThreadEventExecutor.java:897)
	at org.apache.ratis.thirdparty.io.netty.util.concurrent.FastThreadLocalRunnable.run(FastThreadLocalRunnable.java:30)
	... 1 more
Caused by: java.net.ConnectException: Connection refused
	... 11 more
2019-10-25 11:08:05,325 [f6cfa8a2-85ff-4bb9-a246-101c53d2d47b@group-49E82E920F3F-LeaderElection646] INFO  impl.LeaderElection (LogUtils.java:infoOrTrace(149)) -   Exception 1: {}
java.util.concurrent.ExecutionException: org.apache.ratis.thirdparty.io.grpc.StatusRuntimeException: UNAVAILABLE: io exception
	at java.util.concurrent.FutureTask.report(FutureTask.java:122)
	at java.util.concurrent.FutureTask.get(FutureTask.java:192)
	at org.apache.ratis.server.impl.LeaderElection.waitForResults(LeaderElection.java:259)
	at org.apache.ratis.server.impl.LeaderElection.askForVotes(LeaderElection.java:197)
	at org.apache.ratis.server.impl.LeaderElection.run(LeaderElection.java:133)
	at java.lang.Thread.run(Thread.java:748)
Caused by: org.apache.ratis.thirdparty.io.grpc.StatusRuntimeException: UNAVAILABLE: io exception
	at org.apache.ratis.thirdparty.io.grpc.stub.ClientCalls.toStatusRuntimeException(ClientCalls.java:233)
	at org.apache.ratis.thirdparty.io.grpc.stub.ClientCalls.getUnchecked(ClientCalls.java:214)
	at org.apache.ratis.thirdparty.io.grpc.stub.ClientCalls.blockingUnaryCall(ClientCalls.java:139)
	at org.apache.ratis.proto.grpc.RaftServerProtocolServiceGrpc$RaftServerProtocolServiceBlockingStub.requestVote(RaftServerProtocolServiceGrpc.java:265)
	at org.apache.ratis.grpc.server.GrpcServerProtocolClient.requestVote(GrpcServerProtocolClient.java:99)
	at org.apache.ratis.grpc.server.GrpcService.requestVote(GrpcService.java:204)
	at org.apache.ratis.server.impl.LeaderElection.lambda$submitRequests$1(LeaderElection.java:234)
	at java.util.concurrent.FutureTask.run(FutureTask.java:266)
	at java.util.concurrent.Executors$RunnableAdapter.call(Executors.java:511)
	at java.util.concurrent.FutureTask.run(FutureTask.java:266)
	at java.util.concurrent.ThreadPoolExecutor.runWorker(ThreadPoolExecutor.java:1149)
	at java.util.concurrent.ThreadPoolExecutor$Worker.run(ThreadPoolExecutor.java:624)
	... 1 more
Caused by: org.apache.ratis.thirdparty.io.netty.channel.AbstractChannel$AnnotatedConnectException: Connection refused: /192.168.157.233:42906
	at sun.nio.ch.SocketChannelImpl.checkConnect(Native Method)
	at sun.nio.ch.SocketChannelImpl.finishConnect(SocketChannelImpl.java:717)
	at org.apache.ratis.thirdparty.io.netty.channel.socket.nio.NioSocketChannel.doFinishConnect(NioSocketChannel.java:327)
	at org.apache.ratis.thirdparty.io.netty.channel.nio.AbstractNioChannel$AbstractNioUnsafe.finishConnect(AbstractNioChannel.java:340)
	at org.apache.ratis.thirdparty.io.netty.channel.nio.NioEventLoop.processSelectedKey(NioEventLoop.java:632)
	at org.apache.ratis.thirdparty.io.netty.channel.nio.NioEventLoop.processSelectedKeysOptimized(NioEventLoop.java:579)
	at org.apache.ratis.thirdparty.io.netty.channel.nio.NioEventLoop.processSelectedKeys(NioEventLoop.java:496)
	at org.apache.ratis.thirdparty.io.netty.channel.nio.NioEventLoop.run(NioEventLoop.java:458)
	at org.apache.ratis.thirdparty.io.netty.util.concurrent.SingleThreadEventExecutor$5.run(SingleThreadEventExecutor.java:897)
	at org.apache.ratis.thirdparty.io.netty.util.concurrent.FastThreadLocalRunnable.run(FastThreadLocalRunnable.java:30)
	... 1 more
Caused by: java.net.ConnectException: Connection refused
	... 11 more
2019-10-25 11:08:05,326 [f6cfa8a2-85ff-4bb9-a246-101c53d2d47b@group-49E82E920F3F-LeaderElection646] INFO  impl.RaftServerImpl (RaftServerImpl.java:setRole(184)) - f6cfa8a2-85ff-4bb9-a246-101c53d2d47b@group-49E82E920F3F: changes role from CANDIDATE to FOLLOWER at term 236 for DISCOVERED_A_NEW_TERM
2019-10-25 11:08:05,326 [f6cfa8a2-85ff-4bb9-a246-101c53d2d47b@group-49E82E920F3F-LeaderElection646] INFO  impl.RoleInfo (RoleInfo.java:shutdownLeaderElection(134)) - f6cfa8a2-85ff-4bb9-a246-101c53d2d47b: shutdown LeaderElection
2019-10-25 11:08:05,326 [f6cfa8a2-85ff-4bb9-a246-101c53d2d47b@group-49E82E920F3F-LeaderElection646] INFO  impl.RoleInfo (RoleInfo.java:updateAndGet(143)) - f6cfa8a2-85ff-4bb9-a246-101c53d2d47b: start FollowerState
2019-10-25 11:08:05,470 [java.util.concurrent.ThreadPoolExecutor$Worker@3e501297[State = -1, empty queue]] WARN  server.GrpcLogAppender (GrpcLogAppender.java:timeoutAppendRequest(209)) - 8a2c850d-503a-4b6a-9325-357a6554e10c@group-B334D6EBB589->e8f52f97-4cbf-4021-bc09-65b78a9dc21b-GrpcLogAppender: appendEntries Timeout, request=8a2c850d-503a-4b6a-9325-357a6554e10c->e8f52f97-4cbf-4021-bc09-65b78a9dc21b#51-t1, previous=(t:1, i:0), leaderCommit=0, initializing? false, entries: <empty>
2019-10-25 11:08:05,484 [java.util.concurrent.ThreadPoolExecutor$Worker@33ec010c[State = -1, empty queue]] WARN  server.GrpcLogAppender (GrpcLogAppender.java:timeoutAppendRequest(209)) - 8a2c850d-503a-4b6a-9325-357a6554e10c@group-B334D6EBB589->f5dc0a75-b584-4700-be7c-7942c0d8117c-GrpcLogAppender: appendEntries Timeout, request=8a2c850d-503a-4b6a-9325-357a6554e10c->f5dc0a75-b584-4700-be7c-7942c0d8117c#51-t1, previous=(t:1, i:0), leaderCommit=0, initializing? false, entries: <empty>
2019-10-25 11:08:05,502 [Thread-5192] INFO  impl.FollowerState (FollowerState.java:run(108)) - f6cfa8a2-85ff-4bb9-a246-101c53d2d47b@group-49E82E920F3F-FollowerState: change to CANDIDATE, lastRpcTime:176ms, electionTimeout:176ms
2019-10-25 11:08:05,502 [Thread-5192] INFO  impl.RoleInfo (RoleInfo.java:shutdownFollowerState(121)) - f6cfa8a2-85ff-4bb9-a246-101c53d2d47b: shutdown FollowerState
2019-10-25 11:08:05,503 [Thread-5192] INFO  impl.RaftServerImpl (RaftServerImpl.java:setRole(184)) - f6cfa8a2-85ff-4bb9-a246-101c53d2d47b@group-49E82E920F3F: changes role from  FOLLOWER to CANDIDATE at term 236 for changeToCandidate
2019-10-25 11:08:05,503 [Thread-5192] INFO  impl.RoleInfo (RoleInfo.java:updateAndGet(143)) - f6cfa8a2-85ff-4bb9-a246-101c53d2d47b: start LeaderElection
2019-10-25 11:08:05,516 [f6cfa8a2-85ff-4bb9-a246-101c53d2d47b@group-49E82E920F3F-LeaderElection647] INFO  impl.LeaderElection (LeaderElection.java:askForVotes(178)) - f6cfa8a2-85ff-4bb9-a246-101c53d2d47b@group-49E82E920F3F-LeaderElection647: begin an election at term 237 for -1: [7fad1e98-7a6b-4998-a30c-ec1ab88068bc:192.168.157.233:35716, bdb27072-dd00-4d3b-a7da-41600e490ca3:192.168.157.233:42906, f6cfa8a2-85ff-4bb9-a246-101c53d2d47b:192.168.157.233:44618], old=null
2019-10-25 11:08:05,517 [f6cfa8a2-85ff-4bb9-a246-101c53d2d47b@group-49E82E920F3F-LeaderElection647] INFO  impl.LeaderElection (LogUtils.java:infoOrTrace(149)) - f6cfa8a2-85ff-4bb9-a246-101c53d2d47b@group-49E82E920F3F-LeaderElection647 got exception when requesting votes: {}
java.util.concurrent.ExecutionException: org.apache.ratis.thirdparty.io.grpc.StatusRuntimeException: UNAVAILABLE: io exception
	at java.util.concurrent.FutureTask.report(FutureTask.java:122)
	at java.util.concurrent.FutureTask.get(FutureTask.java:192)
	at org.apache.ratis.server.impl.LeaderElection.waitForResults(LeaderElection.java:259)
	at org.apache.ratis.server.impl.LeaderElection.askForVotes(LeaderElection.java:197)
	at org.apache.ratis.server.impl.LeaderElection.run(LeaderElection.java:133)
	at java.lang.Thread.run(Thread.java:748)
Caused by: org.apache.ratis.thirdparty.io.grpc.StatusRuntimeException: UNAVAILABLE: io exception
	at org.apache.ratis.thirdparty.io.grpc.stub.ClientCalls.toStatusRuntimeException(ClientCalls.java:233)
	at org.apache.ratis.thirdparty.io.grpc.stub.ClientCalls.getUnchecked(ClientCalls.java:214)
	at org.apache.ratis.thirdparty.io.grpc.stub.ClientCalls.blockingUnaryCall(ClientCalls.java:139)
	at org.apache.ratis.proto.grpc.RaftServerProtocolServiceGrpc$RaftServerProtocolServiceBlockingStub.requestVote(RaftServerProtocolServiceGrpc.java:265)
	at org.apache.ratis.grpc.server.GrpcServerProtocolClient.requestVote(GrpcServerProtocolClient.java:99)
	at org.apache.ratis.grpc.server.GrpcService.requestVote(GrpcService.java:204)
	at org.apache.ratis.server.impl.LeaderElection.lambda$submitRequests$1(LeaderElection.java:234)
	at java.util.concurrent.FutureTask.run(FutureTask.java:266)
	at java.util.concurrent.Executors$RunnableAdapter.call(Executors.java:511)
	at java.util.concurrent.FutureTask.run(FutureTask.java:266)
	at java.util.concurrent.ThreadPoolExecutor.runWorker(ThreadPoolExecutor.java:1149)
	at java.util.concurrent.ThreadPoolExecutor$Worker.run(ThreadPoolExecutor.java:624)
	... 1 more
Caused by: org.apache.ratis.thirdparty.io.netty.channel.AbstractChannel$AnnotatedConnectException: Connection refused: /192.168.157.233:42906
	at sun.nio.ch.SocketChannelImpl.checkConnect(Native Method)
	at sun.nio.ch.SocketChannelImpl.finishConnect(SocketChannelImpl.java:717)
	at org.apache.ratis.thirdparty.io.netty.channel.socket.nio.NioSocketChannel.doFinishConnect(NioSocketChannel.java:327)
	at org.apache.ratis.thirdparty.io.netty.channel.nio.AbstractNioChannel$AbstractNioUnsafe.finishConnect(AbstractNioChannel.java:340)
	at org.apache.ratis.thirdparty.io.netty.channel.nio.NioEventLoop.processSelectedKey(NioEventLoop.java:632)
	at org.apache.ratis.thirdparty.io.netty.channel.nio.NioEventLoop.processSelectedKeysOptimized(NioEventLoop.java:579)
	at org.apache.ratis.thirdparty.io.netty.channel.nio.NioEventLoop.processSelectedKeys(NioEventLoop.java:496)
	at org.apache.ratis.thirdparty.io.netty.channel.nio.NioEventLoop.run(NioEventLoop.java:458)
	at org.apache.ratis.thirdparty.io.netty.util.concurrent.SingleThreadEventExecutor$5.run(SingleThreadEventExecutor.java:897)
	at org.apache.ratis.thirdparty.io.netty.util.concurrent.FastThreadLocalRunnable.run(FastThreadLocalRunnable.java:30)
	... 1 more
Caused by: java.net.ConnectException: Connection refused
	... 11 more
2019-10-25 11:08:05,517 [f6cfa8a2-85ff-4bb9-a246-101c53d2d47b@group-49E82E920F3F-LeaderElection647] INFO  impl.LeaderElection (LogUtils.java:infoOrTrace(149)) - f6cfa8a2-85ff-4bb9-a246-101c53d2d47b@group-49E82E920F3F-LeaderElection647 got exception when requesting votes: {}
java.util.concurrent.ExecutionException: org.apache.ratis.thirdparty.io.grpc.StatusRuntimeException: UNAVAILABLE: io exception
	at java.util.concurrent.FutureTask.report(FutureTask.java:122)
	at java.util.concurrent.FutureTask.get(FutureTask.java:192)
	at org.apache.ratis.server.impl.LeaderElection.waitForResults(LeaderElection.java:259)
	at org.apache.ratis.server.impl.LeaderElection.askForVotes(LeaderElection.java:197)
	at org.apache.ratis.server.impl.LeaderElection.run(LeaderElection.java:133)
	at java.lang.Thread.run(Thread.java:748)
Caused by: org.apache.ratis.thirdparty.io.grpc.StatusRuntimeException: UNAVAILABLE: io exception
	at org.apache.ratis.thirdparty.io.grpc.stub.ClientCalls.toStatusRuntimeException(ClientCalls.java:233)
	at org.apache.ratis.thirdparty.io.grpc.stub.ClientCalls.getUnchecked(ClientCalls.java:214)
	at org.apache.ratis.thirdparty.io.grpc.stub.ClientCalls.blockingUnaryCall(ClientCalls.java:139)
	at org.apache.ratis.proto.grpc.RaftServerProtocolServiceGrpc$RaftServerProtocolServiceBlockingStub.requestVote(RaftServerProtocolServiceGrpc.java:265)
	at org.apache.ratis.grpc.server.GrpcServerProtocolClient.requestVote(GrpcServerProtocolClient.java:99)
	at org.apache.ratis.grpc.server.GrpcService.requestVote(GrpcService.java:204)
	at org.apache.ratis.server.impl.LeaderElection.lambda$submitRequests$1(LeaderElection.java:234)
	at java.util.concurrent.FutureTask.run(FutureTask.java:266)
	at java.util.concurrent.Executors$RunnableAdapter.call(Executors.java:511)
	at java.util.concurrent.FutureTask.run(FutureTask.java:266)
	at java.util.concurrent.ThreadPoolExecutor.runWorker(ThreadPoolExecutor.java:1149)
	at java.util.concurrent.ThreadPoolExecutor$Worker.run(ThreadPoolExecutor.java:624)
	... 1 more
Caused by: org.apache.ratis.thirdparty.io.netty.channel.AbstractChannel$AnnotatedConnectException: Connection refused: /192.168.157.233:35716
	at sun.nio.ch.SocketChannelImpl.checkConnect(Native Method)
	at sun.nio.ch.SocketChannelImpl.finishConnect(SocketChannelImpl.java:717)
	at org.apache.ratis.thirdparty.io.netty.channel.socket.nio.NioSocketChannel.doFinishConnect(NioSocketChannel.java:327)
	at org.apache.ratis.thirdparty.io.netty.channel.nio.AbstractNioChannel$AbstractNioUnsafe.finishConnect(AbstractNioChannel.java:340)
	at org.apache.ratis.thirdparty.io.netty.channel.nio.NioEventLoop.processSelectedKey(NioEventLoop.java:632)
	at org.apache.ratis.thirdparty.io.netty.channel.nio.NioEventLoop.processSelectedKeysOptimized(NioEventLoop.java:579)
	at org.apache.ratis.thirdparty.io.netty.channel.nio.NioEventLoop.processSelectedKeys(NioEventLoop.java:496)
	at org.apache.ratis.thirdparty.io.netty.channel.nio.NioEventLoop.run(NioEventLoop.java:458)
	at org.apache.ratis.thirdparty.io.netty.util.concurrent.SingleThreadEventExecutor$5.run(SingleThreadEventExecutor.java:897)
	at org.apache.ratis.thirdparty.io.netty.util.concurrent.FastThreadLocalRunnable.run(FastThreadLocalRunnable.java:30)
	... 1 more
Caused by: java.net.ConnectException: Connection refused
	... 11 more
2019-10-25 11:08:05,518 [f6cfa8a2-85ff-4bb9-a246-101c53d2d47b@group-49E82E920F3F-LeaderElection647] INFO  impl.LeaderElection (LeaderElection.java:logAndReturn(56)) - f6cfa8a2-85ff-4bb9-a246-101c53d2d47b@group-49E82E920F3F-LeaderElection647: Election REJECTED; received 0 response(s) [] and 2 exception(s); f6cfa8a2-85ff-4bb9-a246-101c53d2d47b@group-49E82E920F3F:t237, leader=null, voted=f6cfa8a2-85ff-4bb9-a246-101c53d2d47b, raftlog=f6cfa8a2-85ff-4bb9-a246-101c53d2d47b@group-49E82E920F3F-SegmentedRaftLog:OPENED:c-1,f-1,i0, conf=-1: [7fad1e98-7a6b-4998-a30c-ec1ab88068bc:192.168.157.233:35716, bdb27072-dd00-4d3b-a7da-41600e490ca3:192.168.157.233:42906, f6cfa8a2-85ff-4bb9-a246-101c53d2d47b:192.168.157.233:44618], old=null
2019-10-25 11:08:05,518 [f6cfa8a2-85ff-4bb9-a246-101c53d2d47b@group-49E82E920F3F-LeaderElection647] INFO  impl.LeaderElection (LogUtils.java:infoOrTrace(149)) -   Exception 0: {}
java.util.concurrent.ExecutionException: org.apache.ratis.thirdparty.io.grpc.StatusRuntimeException: UNAVAILABLE: io exception
	at java.util.concurrent.FutureTask.report(FutureTask.java:122)
	at java.util.concurrent.FutureTask.get(FutureTask.java:192)
	at org.apache.ratis.server.impl.LeaderElection.waitForResults(LeaderElection.java:259)
	at org.apache.ratis.server.impl.LeaderElection.askForVotes(LeaderElection.java:197)
	at org.apache.ratis.server.impl.LeaderElection.run(LeaderElection.java:133)
	at java.lang.Thread.run(Thread.java:748)
Caused by: org.apache.ratis.thirdparty.io.grpc.StatusRuntimeException: UNAVAILABLE: io exception
	at org.apache.ratis.thirdparty.io.grpc.stub.ClientCalls.toStatusRuntimeException(ClientCalls.java:233)
	at org.apache.ratis.thirdparty.io.grpc.stub.ClientCalls.getUnchecked(ClientCalls.java:214)
	at org.apache.ratis.thirdparty.io.grpc.stub.ClientCalls.blockingUnaryCall(ClientCalls.java:139)
	at org.apache.ratis.proto.grpc.RaftServerProtocolServiceGrpc$RaftServerProtocolServiceBlockingStub.requestVote(RaftServerProtocolServiceGrpc.java:265)
	at org.apache.ratis.grpc.server.GrpcServerProtocolClient.requestVote(GrpcServerProtocolClient.java:99)
	at org.apache.ratis.grpc.server.GrpcService.requestVote(GrpcService.java:204)
	at org.apache.ratis.server.impl.LeaderElection.lambda$submitRequests$1(LeaderElection.java:234)
	at java.util.concurrent.FutureTask.run(FutureTask.java:266)
	at java.util.concurrent.Executors$RunnableAdapter.call(Executors.java:511)
	at java.util.concurrent.FutureTask.run(FutureTask.java:266)
	at java.util.concurrent.ThreadPoolExecutor.runWorker(ThreadPoolExecutor.java:1149)
	at java.util.concurrent.ThreadPoolExecutor$Worker.run(ThreadPoolExecutor.java:624)
	... 1 more
Caused by: org.apache.ratis.thirdparty.io.netty.channel.AbstractChannel$AnnotatedConnectException: Connection refused: /192.168.157.233:42906
	at sun.nio.ch.SocketChannelImpl.checkConnect(Native Method)
	at sun.nio.ch.SocketChannelImpl.finishConnect(SocketChannelImpl.java:717)
	at org.apache.ratis.thirdparty.io.netty.channel.socket.nio.NioSocketChannel.doFinishConnect(NioSocketChannel.java:327)
	at org.apache.ratis.thirdparty.io.netty.channel.nio.AbstractNioChannel$AbstractNioUnsafe.finishConnect(AbstractNioChannel.java:340)
	at org.apache.ratis.thirdparty.io.netty.channel.nio.NioEventLoop.processSelectedKey(NioEventLoop.java:632)
	at org.apache.ratis.thirdparty.io.netty.channel.nio.NioEventLoop.processSelectedKeysOptimized(NioEventLoop.java:579)
	at org.apache.ratis.thirdparty.io.netty.channel.nio.NioEventLoop.processSelectedKeys(NioEventLoop.java:496)
	at org.apache.ratis.thirdparty.io.netty.channel.nio.NioEventLoop.run(NioEventLoop.java:458)
	at org.apache.ratis.thirdparty.io.netty.util.concurrent.SingleThreadEventExecutor$5.run(SingleThreadEventExecutor.java:897)
	at org.apache.ratis.thirdparty.io.netty.util.concurrent.FastThreadLocalRunnable.run(FastThreadLocalRunnable.java:30)
	... 1 more
Caused by: java.net.ConnectException: Connection refused
	... 11 more
2019-10-25 11:08:05,518 [f6cfa8a2-85ff-4bb9-a246-101c53d2d47b@group-49E82E920F3F-LeaderElection647] INFO  impl.LeaderElection (LogUtils.java:infoOrTrace(149)) -   Exception 1: {}
java.util.concurrent.ExecutionException: org.apache.ratis.thirdparty.io.grpc.StatusRuntimeException: UNAVAILABLE: io exception
	at java.util.concurrent.FutureTask.report(FutureTask.java:122)
	at java.util.concurrent.FutureTask.get(FutureTask.java:192)
	at org.apache.ratis.server.impl.LeaderElection.waitForResults(LeaderElection.java:259)
	at org.apache.ratis.server.impl.LeaderElection.askForVotes(LeaderElection.java:197)
	at org.apache.ratis.server.impl.LeaderElection.run(LeaderElection.java:133)
	at java.lang.Thread.run(Thread.java:748)
Caused by: org.apache.ratis.thirdparty.io.grpc.StatusRuntimeException: UNAVAILABLE: io exception
	at org.apache.ratis.thirdparty.io.grpc.stub.ClientCalls.toStatusRuntimeException(ClientCalls.java:233)
	at org.apache.ratis.thirdparty.io.grpc.stub.ClientCalls.getUnchecked(ClientCalls.java:214)
	at org.apache.ratis.thirdparty.io.grpc.stub.ClientCalls.blockingUnaryCall(ClientCalls.java:139)
	at org.apache.ratis.proto.grpc.RaftServerProtocolServiceGrpc$RaftServerProtocolServiceBlockingStub.requestVote(RaftServerProtocolServiceGrpc.java:265)
	at org.apache.ratis.grpc.server.GrpcServerProtocolClient.requestVote(GrpcServerProtocolClient.java:99)
	at org.apache.ratis.grpc.server.GrpcService.requestVote(GrpcService.java:204)
	at org.apache.ratis.server.impl.LeaderElection.lambda$submitRequests$1(LeaderElection.java:234)
	at java.util.concurrent.FutureTask.run(FutureTask.java:266)
	at java.util.concurrent.Executors$RunnableAdapter.call(Executors.java:511)
	at java.util.concurrent.FutureTask.run(FutureTask.java:266)
	at java.util.concurrent.ThreadPoolExecutor.runWorker(ThreadPoolExecutor.java:1149)
	at java.util.concurrent.ThreadPoolExecutor$Worker.run(ThreadPoolExecutor.java:624)
	... 1 more
Caused by: org.apache.ratis.thirdparty.io.netty.channel.AbstractChannel$AnnotatedConnectException: Connection refused: /192.168.157.233:35716
	at sun.nio.ch.SocketChannelImpl.checkConnect(Native Method)
	at sun.nio.ch.SocketChannelImpl.finishConnect(SocketChannelImpl.java:717)
	at org.apache.ratis.thirdparty.io.netty.channel.socket.nio.NioSocketChannel.doFinishConnect(NioSocketChannel.java:327)
	at org.apache.ratis.thirdparty.io.netty.channel.nio.AbstractNioChannel$AbstractNioUnsafe.finishConnect(AbstractNioChannel.java:340)
	at org.apache.ratis.thirdparty.io.netty.channel.nio.NioEventLoop.processSelectedKey(NioEventLoop.java:632)
	at org.apache.ratis.thirdparty.io.netty.channel.nio.NioEventLoop.processSelectedKeysOptimized(NioEventLoop.java:579)
	at org.apache.ratis.thirdparty.io.netty.channel.nio.NioEventLoop.processSelectedKeys(NioEventLoop.java:496)
	at org.apache.ratis.thirdparty.io.netty.channel.nio.NioEventLoop.run(NioEventLoop.java:458)
	at org.apache.ratis.thirdparty.io.netty.util.concurrent.SingleThreadEventExecutor$5.run(SingleThreadEventExecutor.java:897)
	at org.apache.ratis.thirdparty.io.netty.util.concurrent.FastThreadLocalRunnable.run(FastThreadLocalRunnable.java:30)
	... 1 more
Caused by: java.net.ConnectException: Connection refused
	... 11 more
2019-10-25 11:08:05,518 [f6cfa8a2-85ff-4bb9-a246-101c53d2d47b@group-49E82E920F3F-LeaderElection647] INFO  impl.RaftServerImpl (RaftServerImpl.java:setRole(184)) - f6cfa8a2-85ff-4bb9-a246-101c53d2d47b@group-49E82E920F3F: changes role from CANDIDATE to FOLLOWER at term 237 for DISCOVERED_A_NEW_TERM
2019-10-25 11:08:05,518 [f6cfa8a2-85ff-4bb9-a246-101c53d2d47b@group-49E82E920F3F-LeaderElection647] INFO  impl.RoleInfo (RoleInfo.java:shutdownLeaderElection(134)) - f6cfa8a2-85ff-4bb9-a246-101c53d2d47b: shutdown LeaderElection
2019-10-25 11:08:05,518 [f6cfa8a2-85ff-4bb9-a246-101c53d2d47b@group-49E82E920F3F-LeaderElection647] INFO  impl.RoleInfo (RoleInfo.java:updateAndGet(143)) - f6cfa8a2-85ff-4bb9-a246-101c53d2d47b: start FollowerState
2019-10-25 11:08:05,594 [Datanode State Machine Thread - 0] INFO  statemachine.DatanodeStateMachine (DatanodeStateMachine.java:lambda$startDaemon$0(350)) - Ozone container server started.
2019-10-25 11:08:05,630 [Thread-5196] INFO  impl.FollowerState (FollowerState.java:run(108)) - f6cfa8a2-85ff-4bb9-a246-101c53d2d47b@group-49E82E920F3F-FollowerState: change to CANDIDATE, lastRpcTime:111ms, electionTimeout:111ms
2019-10-25 11:08:05,630 [Thread-5196] INFO  impl.RoleInfo (RoleInfo.java:shutdownFollowerState(121)) - f6cfa8a2-85ff-4bb9-a246-101c53d2d47b: shutdown FollowerState
2019-10-25 11:08:05,630 [Thread-5196] INFO  impl.RaftServerImpl (RaftServerImpl.java:setRole(184)) - f6cfa8a2-85ff-4bb9-a246-101c53d2d47b@group-49E82E920F3F: changes role from  FOLLOWER to CANDIDATE at term 237 for changeToCandidate
2019-10-25 11:08:05,630 [Thread-5196] INFO  impl.RoleInfo (RoleInfo.java:updateAndGet(143)) - f6cfa8a2-85ff-4bb9-a246-101c53d2d47b: start LeaderElection
2019-10-25 11:08:05,644 [f6cfa8a2-85ff-4bb9-a246-101c53d2d47b@group-49E82E920F3F-LeaderElection648] INFO  impl.LeaderElection (LeaderElection.java:askForVotes(178)) - f6cfa8a2-85ff-4bb9-a246-101c53d2d47b@group-49E82E920F3F-LeaderElection648: begin an election at term 238 for -1: [7fad1e98-7a6b-4998-a30c-ec1ab88068bc:192.168.157.233:35716, bdb27072-dd00-4d3b-a7da-41600e490ca3:192.168.157.233:42906, f6cfa8a2-85ff-4bb9-a246-101c53d2d47b:192.168.157.233:44618], old=null
2019-10-25 11:08:05,644 [f6cfa8a2-85ff-4bb9-a246-101c53d2d47b@group-49E82E920F3F-LeaderElection648] INFO  impl.LeaderElection (LeaderElection.java:logAndReturn(56)) - f6cfa8a2-85ff-4bb9-a246-101c53d2d47b@group-49E82E920F3F-LeaderElection648: Election TIMEOUT; received 0 response(s) [] and 0 exception(s); f6cfa8a2-85ff-4bb9-a246-101c53d2d47b@group-49E82E920F3F:t238, leader=null, voted=f6cfa8a2-85ff-4bb9-a246-101c53d2d47b, raftlog=f6cfa8a2-85ff-4bb9-a246-101c53d2d47b@group-49E82E920F3F-SegmentedRaftLog:OPENED:c-1,f-1,i0, conf=-1: [7fad1e98-7a6b-4998-a30c-ec1ab88068bc:192.168.157.233:35716, bdb27072-dd00-4d3b-a7da-41600e490ca3:192.168.157.233:42906, f6cfa8a2-85ff-4bb9-a246-101c53d2d47b:192.168.157.233:44618], old=null
2019-10-25 11:08:05,661 [f6cfa8a2-85ff-4bb9-a246-101c53d2d47b@group-49E82E920F3F-LeaderElection648] INFO  impl.LeaderElection (LeaderElection.java:askForVotes(178)) - f6cfa8a2-85ff-4bb9-a246-101c53d2d47b@group-49E82E920F3F-LeaderElection648: begin an election at term 239 for -1: [7fad1e98-7a6b-4998-a30c-ec1ab88068bc:192.168.157.233:35716, bdb27072-dd00-4d3b-a7da-41600e490ca3:192.168.157.233:42906, f6cfa8a2-85ff-4bb9-a246-101c53d2d47b:192.168.157.233:44618], old=null
2019-10-25 11:08:05,662 [f6cfa8a2-85ff-4bb9-a246-101c53d2d47b@group-49E82E920F3F-LeaderElection648] INFO  impl.LeaderElection (LogUtils.java:infoOrTrace(149)) - f6cfa8a2-85ff-4bb9-a246-101c53d2d47b@group-49E82E920F3F-LeaderElection648 got exception when requesting votes: {}
java.util.concurrent.ExecutionException: org.apache.ratis.thirdparty.io.grpc.StatusRuntimeException: UNAVAILABLE: io exception
	at java.util.concurrent.FutureTask.report(FutureTask.java:122)
	at java.util.concurrent.FutureTask.get(FutureTask.java:192)
	at org.apache.ratis.server.impl.LeaderElection.waitForResults(LeaderElection.java:259)
	at org.apache.ratis.server.impl.LeaderElection.askForVotes(LeaderElection.java:197)
	at org.apache.ratis.server.impl.LeaderElection.run(LeaderElection.java:133)
	at java.lang.Thread.run(Thread.java:748)
Caused by: org.apache.ratis.thirdparty.io.grpc.StatusRuntimeException: UNAVAILABLE: io exception
	at org.apache.ratis.thirdparty.io.grpc.stub.ClientCalls.toStatusRuntimeException(ClientCalls.java:233)
	at org.apache.ratis.thirdparty.io.grpc.stub.ClientCalls.getUnchecked(ClientCalls.java:214)
	at org.apache.ratis.thirdparty.io.grpc.stub.ClientCalls.blockingUnaryCall(ClientCalls.java:139)
	at org.apache.ratis.proto.grpc.RaftServerProtocolServiceGrpc$RaftServerProtocolServiceBlockingStub.requestVote(RaftServerProtocolServiceGrpc.java:265)
	at org.apache.ratis.grpc.server.GrpcServerProtocolClient.requestVote(GrpcServerProtocolClient.java:99)
	at org.apache.ratis.grpc.server.GrpcService.requestVote(GrpcService.java:204)
	at org.apache.ratis.server.impl.LeaderElection.lambda$submitRequests$1(LeaderElection.java:234)
	at java.util.concurrent.FutureTask.run(FutureTask.java:266)
	at java.util.concurrent.Executors$RunnableAdapter.call(Executors.java:511)
	at java.util.concurrent.FutureTask.run(FutureTask.java:266)
	at java.util.concurrent.ThreadPoolExecutor.runWorker(ThreadPoolExecutor.java:1149)
	at java.util.concurrent.ThreadPoolExecutor$Worker.run(ThreadPoolExecutor.java:624)
	... 1 more
Caused by: org.apache.ratis.thirdparty.io.netty.channel.AbstractChannel$AnnotatedConnectException: Connection refused: /192.168.157.233:35716
	at sun.nio.ch.SocketChannelImpl.checkConnect(Native Method)
	at sun.nio.ch.SocketChannelImpl.finishConnect(SocketChannelImpl.java:717)
	at org.apache.ratis.thirdparty.io.netty.channel.socket.nio.NioSocketChannel.doFinishConnect(NioSocketChannel.java:327)
	at org.apache.ratis.thirdparty.io.netty.channel.nio.AbstractNioChannel$AbstractNioUnsafe.finishConnect(AbstractNioChannel.java:340)
	at org.apache.ratis.thirdparty.io.netty.channel.nio.NioEventLoop.processSelectedKey(NioEventLoop.java:632)
	at org.apache.ratis.thirdparty.io.netty.channel.nio.NioEventLoop.processSelectedKeysOptimized(NioEventLoop.java:579)
	at org.apache.ratis.thirdparty.io.netty.channel.nio.NioEventLoop.processSelectedKeys(NioEventLoop.java:496)
	at org.apache.ratis.thirdparty.io.netty.channel.nio.NioEventLoop.run(NioEventLoop.java:458)
	at org.apache.ratis.thirdparty.io.netty.util.concurrent.SingleThreadEventExecutor$5.run(SingleThreadEventExecutor.java:897)
	at org.apache.ratis.thirdparty.io.netty.util.concurrent.FastThreadLocalRunnable.run(FastThreadLocalRunnable.java:30)
	... 1 more
Caused by: java.net.ConnectException: Connection refused
	... 11 more
2019-10-25 11:08:05,663 [f6cfa8a2-85ff-4bb9-a246-101c53d2d47b@group-49E82E920F3F-LeaderElection648] INFO  impl.LeaderElection (LogUtils.java:infoOrTrace(149)) - f6cfa8a2-85ff-4bb9-a246-101c53d2d47b@group-49E82E920F3F-LeaderElection648 got exception when requesting votes: {}
java.util.concurrent.ExecutionException: org.apache.ratis.thirdparty.io.grpc.StatusRuntimeException: UNAVAILABLE: io exception
	at java.util.concurrent.FutureTask.report(FutureTask.java:122)
	at java.util.concurrent.FutureTask.get(FutureTask.java:192)
	at org.apache.ratis.server.impl.LeaderElection.waitForResults(LeaderElection.java:259)
	at org.apache.ratis.server.impl.LeaderElection.askForVotes(LeaderElection.java:197)
	at org.apache.ratis.server.impl.LeaderElection.run(LeaderElection.java:133)
	at java.lang.Thread.run(Thread.java:748)
Caused by: org.apache.ratis.thirdparty.io.grpc.StatusRuntimeException: UNAVAILABLE: io exception
	at org.apache.ratis.thirdparty.io.grpc.stub.ClientCalls.toStatusRuntimeException(ClientCalls.java:233)
	at org.apache.ratis.thirdparty.io.grpc.stub.ClientCalls.getUnchecked(ClientCalls.java:214)
	at org.apache.ratis.thirdparty.io.grpc.stub.ClientCalls.blockingUnaryCall(ClientCalls.java:139)
	at org.apache.ratis.proto.grpc.RaftServerProtocolServiceGrpc$RaftServerProtocolServiceBlockingStub.requestVote(RaftServerProtocolServiceGrpc.java:265)
	at org.apache.ratis.grpc.server.GrpcServerProtocolClient.requestVote(GrpcServerProtocolClient.java:99)
	at org.apache.ratis.grpc.server.GrpcService.requestVote(GrpcService.java:204)
	at org.apache.ratis.server.impl.LeaderElection.lambda$submitRequests$1(LeaderElection.java:234)
	at java.util.concurrent.FutureTask.run(FutureTask.java:266)
	at java.util.concurrent.Executors$RunnableAdapter.call(Executors.java:511)
	at java.util.concurrent.FutureTask.run(FutureTask.java:266)
	at java.util.concurrent.ThreadPoolExecutor.runWorker(ThreadPoolExecutor.java:1149)
	at java.util.concurrent.ThreadPoolExecutor$Worker.run(ThreadPoolExecutor.java:624)
	... 1 more
Caused by: org.apache.ratis.thirdparty.io.netty.channel.AbstractChannel$AnnotatedConnectException: Connection refused: /192.168.157.233:42906
	at sun.nio.ch.SocketChannelImpl.checkConnect(Native Method)
	at sun.nio.ch.SocketChannelImpl.finishConnect(SocketChannelImpl.java:717)
	at org.apache.ratis.thirdparty.io.netty.channel.socket.nio.NioSocketChannel.doFinishConnect(NioSocketChannel.java:327)
	at org.apache.ratis.thirdparty.io.netty.channel.nio.AbstractNioChannel$AbstractNioUnsafe.finishConnect(AbstractNioChannel.java:340)
	at org.apache.ratis.thirdparty.io.netty.channel.nio.NioEventLoop.processSelectedKey(NioEventLoop.java:632)
	at org.apache.ratis.thirdparty.io.netty.channel.nio.NioEventLoop.processSelectedKeysOptimized(NioEventLoop.java:579)
	at org.apache.ratis.thirdparty.io.netty.channel.nio.NioEventLoop.processSelectedKeys(NioEventLoop.java:496)
	at org.apache.ratis.thirdparty.io.netty.channel.nio.NioEventLoop.run(NioEventLoop.java:458)
	at org.apache.ratis.thirdparty.io.netty.util.concurrent.SingleThreadEventExecutor$5.run(SingleThreadEventExecutor.java:897)
	at org.apache.ratis.thirdparty.io.netty.util.concurrent.FastThreadLocalRunnable.run(FastThreadLocalRunnable.java:30)
	... 1 more
Caused by: java.net.ConnectException: Connection refused
	... 11 more
2019-10-25 11:08:05,663 [f6cfa8a2-85ff-4bb9-a246-101c53d2d47b@group-49E82E920F3F-LeaderElection648] INFO  impl.LeaderElection (LeaderElection.java:logAndReturn(56)) - f6cfa8a2-85ff-4bb9-a246-101c53d2d47b@group-49E82E920F3F-LeaderElection648: Election REJECTED; received 0 response(s) [] and 2 exception(s); f6cfa8a2-85ff-4bb9-a246-101c53d2d47b@group-49E82E920F3F:t239, leader=null, voted=f6cfa8a2-85ff-4bb9-a246-101c53d2d47b, raftlog=f6cfa8a2-85ff-4bb9-a246-101c53d2d47b@group-49E82E920F3F-SegmentedRaftLog:OPENED:c-1,f-1,i0, conf=-1: [7fad1e98-7a6b-4998-a30c-ec1ab88068bc:192.168.157.233:35716, bdb27072-dd00-4d3b-a7da-41600e490ca3:192.168.157.233:42906, f6cfa8a2-85ff-4bb9-a246-101c53d2d47b:192.168.157.233:44618], old=null
2019-10-25 11:08:05,663 [f6cfa8a2-85ff-4bb9-a246-101c53d2d47b@group-49E82E920F3F-LeaderElection648] INFO  impl.LeaderElection (LogUtils.java:infoOrTrace(149)) -   Exception 0: {}
java.util.concurrent.ExecutionException: org.apache.ratis.thirdparty.io.grpc.StatusRuntimeException: UNAVAILABLE: io exception
	at java.util.concurrent.FutureTask.report(FutureTask.java:122)
	at java.util.concurrent.FutureTask.get(FutureTask.java:192)
	at org.apache.ratis.server.impl.LeaderElection.waitForResults(LeaderElection.java:259)
	at org.apache.ratis.server.impl.LeaderElection.askForVotes(LeaderElection.java:197)
	at org.apache.ratis.server.impl.LeaderElection.run(LeaderElection.java:133)
	at java.lang.Thread.run(Thread.java:748)
Caused by: org.apache.ratis.thirdparty.io.grpc.StatusRuntimeException: UNAVAILABLE: io exception
	at org.apache.ratis.thirdparty.io.grpc.stub.ClientCalls.toStatusRuntimeException(ClientCalls.java:233)
	at org.apache.ratis.thirdparty.io.grpc.stub.ClientCalls.getUnchecked(ClientCalls.java:214)
	at org.apache.ratis.thirdparty.io.grpc.stub.ClientCalls.blockingUnaryCall(ClientCalls.java:139)
	at org.apache.ratis.proto.grpc.RaftServerProtocolServiceGrpc$RaftServerProtocolServiceBlockingStub.requestVote(RaftServerProtocolServiceGrpc.java:265)
	at org.apache.ratis.grpc.server.GrpcServerProtocolClient.requestVote(GrpcServerProtocolClient.java:99)
	at org.apache.ratis.grpc.server.GrpcService.requestVote(GrpcService.java:204)
	at org.apache.ratis.server.impl.LeaderElection.lambda$submitRequests$1(LeaderElection.java:234)
	at java.util.concurrent.FutureTask.run(FutureTask.java:266)
	at java.util.concurrent.Executors$RunnableAdapter.call(Executors.java:511)
	at java.util.concurrent.FutureTask.run(FutureTask.java:266)
	at java.util.concurrent.ThreadPoolExecutor.runWorker(ThreadPoolExecutor.java:1149)
	at java.util.concurrent.ThreadPoolExecutor$Worker.run(ThreadPoolExecutor.java:624)
	... 1 more
Caused by: org.apache.ratis.thirdparty.io.netty.channel.AbstractChannel$AnnotatedConnectException: Connection refused: /192.168.157.233:35716
	at sun.nio.ch.SocketChannelImpl.checkConnect(Native Method)
	at sun.nio.ch.SocketChannelImpl.finishConnect(SocketChannelImpl.java:717)
	at org.apache.ratis.thirdparty.io.netty.channel.socket.nio.NioSocketChannel.doFinishConnect(NioSocketChannel.java:327)
	at org.apache.ratis.thirdparty.io.netty.channel.nio.AbstractNioChannel$AbstractNioUnsafe.finishConnect(AbstractNioChannel.java:340)
	at org.apache.ratis.thirdparty.io.netty.channel.nio.NioEventLoop.processSelectedKey(NioEventLoop.java:632)
	at org.apache.ratis.thirdparty.io.netty.channel.nio.NioEventLoop.processSelectedKeysOptimized(NioEventLoop.java:579)
	at org.apache.ratis.thirdparty.io.netty.channel.nio.NioEventLoop.processSelectedKeys(NioEventLoop.java:496)
	at org.apache.ratis.thirdparty.io.netty.channel.nio.NioEventLoop.run(NioEventLoop.java:458)
	at org.apache.ratis.thirdparty.io.netty.util.concurrent.SingleThreadEventExecutor$5.run(SingleThreadEventExecutor.java:897)
	at org.apache.ratis.thirdparty.io.netty.util.concurrent.FastThreadLocalRunnable.run(FastThreadLocalRunnable.java:30)
	... 1 more
Caused by: java.net.ConnectException: Connection refused
	... 11 more
2019-10-25 11:08:05,663 [f6cfa8a2-85ff-4bb9-a246-101c53d2d47b@group-49E82E920F3F-LeaderElection648] INFO  impl.LeaderElection (LogUtils.java:infoOrTrace(149)) -   Exception 1: {}
java.util.concurrent.ExecutionException: org.apache.ratis.thirdparty.io.grpc.StatusRuntimeException: UNAVAILABLE: io exception
	at java.util.concurrent.FutureTask.report(FutureTask.java:122)
	at java.util.concurrent.FutureTask.get(FutureTask.java:192)
	at org.apache.ratis.server.impl.LeaderElection.waitForResults(LeaderElection.java:259)
	at org.apache.ratis.server.impl.LeaderElection.askForVotes(LeaderElection.java:197)
	at org.apache.ratis.server.impl.LeaderElection.run(LeaderElection.java:133)
	at java.lang.Thread.run(Thread.java:748)
Caused by: org.apache.ratis.thirdparty.io.grpc.StatusRuntimeException: UNAVAILABLE: io exception
	at org.apache.ratis.thirdparty.io.grpc.stub.ClientCalls.toStatusRuntimeException(ClientCalls.java:233)
	at org.apache.ratis.thirdparty.io.grpc.stub.ClientCalls.getUnchecked(ClientCalls.java:214)
	at org.apache.ratis.thirdparty.io.grpc.stub.ClientCalls.blockingUnaryCall(ClientCalls.java:139)
	at org.apache.ratis.proto.grpc.RaftServerProtocolServiceGrpc$RaftServerProtocolServiceBlockingStub.requestVote(RaftServerProtocolServiceGrpc.java:265)
	at org.apache.ratis.grpc.server.GrpcServerProtocolClient.requestVote(GrpcServerProtocolClient.java:99)
	at org.apache.ratis.grpc.server.GrpcService.requestVote(GrpcService.java:204)
	at org.apache.ratis.server.impl.LeaderElection.lambda$submitRequests$1(LeaderElection.java:234)
	at java.util.concurrent.FutureTask.run(FutureTask.java:266)
	at java.util.concurrent.Executors$RunnableAdapter.call(Executors.java:511)
	at java.util.concurrent.FutureTask.run(FutureTask.java:266)
	at java.util.concurrent.ThreadPoolExecutor.runWorker(ThreadPoolExecutor.java:1149)
	at java.util.concurrent.ThreadPoolExecutor$Worker.run(ThreadPoolExecutor.java:624)
	... 1 more
Caused by: org.apache.ratis.thirdparty.io.netty.channel.AbstractChannel$AnnotatedConnectException: Connection refused: /192.168.157.233:42906
	at sun.nio.ch.SocketChannelImpl.checkConnect(Native Method)
	at sun.nio.ch.SocketChannelImpl.finishConnect(SocketChannelImpl.java:717)
	at org.apache.ratis.thirdparty.io.netty.channel.socket.nio.NioSocketChannel.doFinishConnect(NioSocketChannel.java:327)
	at org.apache.ratis.thirdparty.io.netty.channel.nio.AbstractNioChannel$AbstractNioUnsafe.finishConnect(AbstractNioChannel.java:340)
	at org.apache.ratis.thirdparty.io.netty.channel.nio.NioEventLoop.processSelectedKey(NioEventLoop.java:632)
	at org.apache.ratis.thirdparty.io.netty.channel.nio.NioEventLoop.processSelectedKeysOptimized(NioEventLoop.java:579)
	at org.apache.ratis.thirdparty.io.netty.channel.nio.NioEventLoop.processSelectedKeys(NioEventLoop.java:496)
	at org.apache.ratis.thirdparty.io.netty.channel.nio.NioEventLoop.run(NioEventLoop.java:458)
	at org.apache.ratis.thirdparty.io.netty.util.concurrent.SingleThreadEventExecutor$5.run(SingleThreadEventExecutor.java:897)
	at org.apache.ratis.thirdparty.io.netty.util.concurrent.FastThreadLocalRunnable.run(FastThreadLocalRunnable.java:30)
	... 1 more
Caused by: java.net.ConnectException: Connection refused
	... 11 more
2019-10-25 11:08:05,664 [f6cfa8a2-85ff-4bb9-a246-101c53d2d47b@group-49E82E920F3F-LeaderElection648] INFO  impl.RaftServerImpl (RaftServerImpl.java:setRole(184)) - f6cfa8a2-85ff-4bb9-a246-101c53d2d47b@group-49E82E920F3F: changes role from CANDIDATE to FOLLOWER at term 239 for DISCOVERED_A_NEW_TERM
2019-10-25 11:08:05,664 [f6cfa8a2-85ff-4bb9-a246-101c53d2d47b@group-49E82E920F3F-LeaderElection648] INFO  impl.RoleInfo (RoleInfo.java:shutdownLeaderElection(134)) - f6cfa8a2-85ff-4bb9-a246-101c53d2d47b: shutdown LeaderElection
2019-10-25 11:08:05,664 [f6cfa8a2-85ff-4bb9-a246-101c53d2d47b@group-49E82E920F3F-LeaderElection648] INFO  impl.RoleInfo (RoleInfo.java:updateAndGet(143)) - f6cfa8a2-85ff-4bb9-a246-101c53d2d47b: start FollowerState
2019-10-25 11:08:05,684 [Thread-5202] INFO  impl.FollowerState (FollowerState.java:run(108)) - f6cfa8a2-85ff-4bb9-a246-101c53d2d47b@group-49E82E920F3F-FollowerState: change to CANDIDATE, lastRpcTime:20ms, electionTimeout:20ms
2019-10-25 11:08:05,684 [Thread-5202] INFO  impl.RoleInfo (RoleInfo.java:shutdownFollowerState(121)) - f6cfa8a2-85ff-4bb9-a246-101c53d2d47b: shutdown FollowerState
2019-10-25 11:08:05,685 [Thread-5202] INFO  impl.RaftServerImpl (RaftServerImpl.java:setRole(184)) - f6cfa8a2-85ff-4bb9-a246-101c53d2d47b@group-49E82E920F3F: changes role from  FOLLOWER to CANDIDATE at term 239 for changeToCandidate
2019-10-25 11:08:05,685 [Thread-5202] INFO  impl.RoleInfo (RoleInfo.java:updateAndGet(143)) - f6cfa8a2-85ff-4bb9-a246-101c53d2d47b: start LeaderElection
2019-10-25 11:08:05,697 [f6cfa8a2-85ff-4bb9-a246-101c53d2d47b@group-49E82E920F3F-LeaderElection649] INFO  impl.LeaderElection (LeaderElection.java:askForVotes(178)) - f6cfa8a2-85ff-4bb9-a246-101c53d2d47b@group-49E82E920F3F-LeaderElection649: begin an election at term 240 for -1: [7fad1e98-7a6b-4998-a30c-ec1ab88068bc:192.168.157.233:35716, bdb27072-dd00-4d3b-a7da-41600e490ca3:192.168.157.233:42906, f6cfa8a2-85ff-4bb9-a246-101c53d2d47b:192.168.157.233:44618], old=null
2019-10-25 11:08:05,698 [f6cfa8a2-85ff-4bb9-a246-101c53d2d47b@group-49E82E920F3F-LeaderElection649] INFO  impl.LeaderElection (LogUtils.java:infoOrTrace(149)) - f6cfa8a2-85ff-4bb9-a246-101c53d2d47b@group-49E82E920F3F-LeaderElection649 got exception when requesting votes: {}
java.util.concurrent.ExecutionException: org.apache.ratis.thirdparty.io.grpc.StatusRuntimeException: UNAVAILABLE: io exception
	at java.util.concurrent.FutureTask.report(FutureTask.java:122)
	at java.util.concurrent.FutureTask.get(FutureTask.java:192)
	at org.apache.ratis.server.impl.LeaderElection.waitForResults(LeaderElection.java:259)
	at org.apache.ratis.server.impl.LeaderElection.askForVotes(LeaderElection.java:197)
	at org.apache.ratis.server.impl.LeaderElection.run(LeaderElection.java:133)
	at java.lang.Thread.run(Thread.java:748)
Caused by: org.apache.ratis.thirdparty.io.grpc.StatusRuntimeException: UNAVAILABLE: io exception
	at org.apache.ratis.thirdparty.io.grpc.stub.ClientCalls.toStatusRuntimeException(ClientCalls.java:233)
	at org.apache.ratis.thirdparty.io.grpc.stub.ClientCalls.getUnchecked(ClientCalls.java:214)
	at org.apache.ratis.thirdparty.io.grpc.stub.ClientCalls.blockingUnaryCall(ClientCalls.java:139)
	at org.apache.ratis.proto.grpc.RaftServerProtocolServiceGrpc$RaftServerProtocolServiceBlockingStub.requestVote(RaftServerProtocolServiceGrpc.java:265)
	at org.apache.ratis.grpc.server.GrpcServerProtocolClient.requestVote(GrpcServerProtocolClient.java:99)
	at org.apache.ratis.grpc.server.GrpcService.requestVote(GrpcService.java:204)
	at org.apache.ratis.server.impl.LeaderElection.lambda$submitRequests$1(LeaderElection.java:234)
	at java.util.concurrent.FutureTask.run(FutureTask.java:266)
	at java.util.concurrent.Executors$RunnableAdapter.call(Executors.java:511)
	at java.util.concurrent.FutureTask.run(FutureTask.java:266)
	at java.util.concurrent.ThreadPoolExecutor.runWorker(ThreadPoolExecutor.java:1149)
	at java.util.concurrent.ThreadPoolExecutor$Worker.run(ThreadPoolExecutor.java:624)
	... 1 more
Caused by: org.apache.ratis.thirdparty.io.netty.channel.AbstractChannel$AnnotatedConnectException: Connection refused: /192.168.157.233:35716
	at sun.nio.ch.SocketChannelImpl.checkConnect(Native Method)
	at sun.nio.ch.SocketChannelImpl.finishConnect(SocketChannelImpl.java:717)
	at org.apache.ratis.thirdparty.io.netty.channel.socket.nio.NioSocketChannel.doFinishConnect(NioSocketChannel.java:327)
	at org.apache.ratis.thirdparty.io.netty.channel.nio.AbstractNioChannel$AbstractNioUnsafe.finishConnect(AbstractNioChannel.java:340)
	at org.apache.ratis.thirdparty.io.netty.channel.nio.NioEventLoop.processSelectedKey(NioEventLoop.java:632)
	at org.apache.ratis.thirdparty.io.netty.channel.nio.NioEventLoop.processSelectedKeysOptimized(NioEventLoop.java:579)
	at org.apache.ratis.thirdparty.io.netty.channel.nio.NioEventLoop.processSelectedKeys(NioEventLoop.java:496)
	at org.apache.ratis.thirdparty.io.netty.channel.nio.NioEventLoop.run(NioEventLoop.java:458)
	at org.apache.ratis.thirdparty.io.netty.util.concurrent.SingleThreadEventExecutor$5.run(SingleThreadEventExecutor.java:897)
	at org.apache.ratis.thirdparty.io.netty.util.concurrent.FastThreadLocalRunnable.run(FastThreadLocalRunnable.java:30)
	... 1 more
Caused by: java.net.ConnectException: Connection refused
	... 11 more
2019-10-25 11:08:05,698 [f6cfa8a2-85ff-4bb9-a246-101c53d2d47b@group-49E82E920F3F-LeaderElection649] INFO  impl.LeaderElection (LogUtils.java:infoOrTrace(149)) - f6cfa8a2-85ff-4bb9-a246-101c53d2d47b@group-49E82E920F3F-LeaderElection649 got exception when requesting votes: {}
java.util.concurrent.ExecutionException: org.apache.ratis.thirdparty.io.grpc.StatusRuntimeException: UNAVAILABLE: io exception
	at java.util.concurrent.FutureTask.report(FutureTask.java:122)
	at java.util.concurrent.FutureTask.get(FutureTask.java:192)
	at org.apache.ratis.server.impl.LeaderElection.waitForResults(LeaderElection.java:259)
	at org.apache.ratis.server.impl.LeaderElection.askForVotes(LeaderElection.java:197)
	at org.apache.ratis.server.impl.LeaderElection.run(LeaderElection.java:133)
	at java.lang.Thread.run(Thread.java:748)
Caused by: org.apache.ratis.thirdparty.io.grpc.StatusRuntimeException: UNAVAILABLE: io exception
	at org.apache.ratis.thirdparty.io.grpc.stub.ClientCalls.toStatusRuntimeException(ClientCalls.java:233)
	at org.apache.ratis.thirdparty.io.grpc.stub.ClientCalls.getUnchecked(ClientCalls.java:214)
	at org.apache.ratis.thirdparty.io.grpc.stub.ClientCalls.blockingUnaryCall(ClientCalls.java:139)
	at org.apache.ratis.proto.grpc.RaftServerProtocolServiceGrpc$RaftServerProtocolServiceBlockingStub.requestVote(RaftServerProtocolServiceGrpc.java:265)
	at org.apache.ratis.grpc.server.GrpcServerProtocolClient.requestVote(GrpcServerProtocolClient.java:99)
	at org.apache.ratis.grpc.server.GrpcService.requestVote(GrpcService.java:204)
	at org.apache.ratis.server.impl.LeaderElection.lambda$submitRequests$1(LeaderElection.java:234)
	at java.util.concurrent.FutureTask.run(FutureTask.java:266)
	at java.util.concurrent.Executors$RunnableAdapter.call(Executors.java:511)
	at java.util.concurrent.FutureTask.run(FutureTask.java:266)
	at java.util.concurrent.ThreadPoolExecutor.runWorker(ThreadPoolExecutor.java:1149)
	at java.util.concurrent.ThreadPoolExecutor$Worker.run(ThreadPoolExecutor.java:624)
	... 1 more
Caused by: org.apache.ratis.thirdparty.io.netty.channel.AbstractChannel$AnnotatedConnectException: Connection refused: /192.168.157.233:42906
	at sun.nio.ch.SocketChannelImpl.checkConnect(Native Method)
	at sun.nio.ch.SocketChannelImpl.finishConnect(SocketChannelImpl.java:717)
	at org.apache.ratis.thirdparty.io.netty.channel.socket.nio.NioSocketChannel.doFinishConnect(NioSocketChannel.java:327)
	at org.apache.ratis.thirdparty.io.netty.channel.nio.AbstractNioChannel$AbstractNioUnsafe.finishConnect(AbstractNioChannel.java:340)
	at org.apache.ratis.thirdparty.io.netty.channel.nio.NioEventLoop.processSelectedKey(NioEventLoop.java:632)
	at org.apache.ratis.thirdparty.io.netty.channel.nio.NioEventLoop.processSelectedKeysOptimized(NioEventLoop.java:579)
	at org.apache.ratis.thirdparty.io.netty.channel.nio.NioEventLoop.processSelectedKeys(NioEventLoop.java:496)
	at org.apache.ratis.thirdparty.io.netty.channel.nio.NioEventLoop.run(NioEventLoop.java:458)
	at org.apache.ratis.thirdparty.io.netty.util.concurrent.SingleThreadEventExecutor$5.run(SingleThreadEventExecutor.java:897)
	at org.apache.ratis.thirdparty.io.netty.util.concurrent.FastThreadLocalRunnable.run(FastThreadLocalRunnable.java:30)
	... 1 more
Caused by: java.net.ConnectException: Connection refused
	... 11 more
2019-10-25 11:08:05,699 [f6cfa8a2-85ff-4bb9-a246-101c53d2d47b@group-49E82E920F3F-LeaderElection649] INFO  impl.LeaderElection (LeaderElection.java:logAndReturn(56)) - f6cfa8a2-85ff-4bb9-a246-101c53d2d47b@group-49E82E920F3F-LeaderElection649: Election REJECTED; received 0 response(s) [] and 2 exception(s); f6cfa8a2-85ff-4bb9-a246-101c53d2d47b@group-49E82E920F3F:t240, leader=null, voted=f6cfa8a2-85ff-4bb9-a246-101c53d2d47b, raftlog=f6cfa8a2-85ff-4bb9-a246-101c53d2d47b@group-49E82E920F3F-SegmentedRaftLog:OPENED:c-1,f-1,i0, conf=-1: [7fad1e98-7a6b-4998-a30c-ec1ab88068bc:192.168.157.233:35716, bdb27072-dd00-4d3b-a7da-41600e490ca3:192.168.157.233:42906, f6cfa8a2-85ff-4bb9-a246-101c53d2d47b:192.168.157.233:44618], old=null
2019-10-25 11:08:05,699 [f6cfa8a2-85ff-4bb9-a246-101c53d2d47b@group-49E82E920F3F-LeaderElection649] INFO  impl.LeaderElection (LogUtils.java:infoOrTrace(149)) -   Exception 0: {}
java.util.concurrent.ExecutionException: org.apache.ratis.thirdparty.io.grpc.StatusRuntimeException: UNAVAILABLE: io exception
	at java.util.concurrent.FutureTask.report(FutureTask.java:122)
	at java.util.concurrent.FutureTask.get(FutureTask.java:192)
	at org.apache.ratis.server.impl.LeaderElection.waitForResults(LeaderElection.java:259)
	at org.apache.ratis.server.impl.LeaderElection.askForVotes(LeaderElection.java:197)
	at org.apache.ratis.server.impl.LeaderElection.run(LeaderElection.java:133)
	at java.lang.Thread.run(Thread.java:748)
Caused by: org.apache.ratis.thirdparty.io.grpc.StatusRuntimeException: UNAVAILABLE: io exception
	at org.apache.ratis.thirdparty.io.grpc.stub.ClientCalls.toStatusRuntimeException(ClientCalls.java:233)
	at org.apache.ratis.thirdparty.io.grpc.stub.ClientCalls.getUnchecked(ClientCalls.java:214)
	at org.apache.ratis.thirdparty.io.grpc.stub.ClientCalls.blockingUnaryCall(ClientCalls.java:139)
	at org.apache.ratis.proto.grpc.RaftServerProtocolServiceGrpc$RaftServerProtocolServiceBlockingStub.requestVote(RaftServerProtocolServiceGrpc.java:265)
	at org.apache.ratis.grpc.server.GrpcServerProtocolClient.requestVote(GrpcServerProtocolClient.java:99)
	at org.apache.ratis.grpc.server.GrpcService.requestVote(GrpcService.java:204)
	at org.apache.ratis.server.impl.LeaderElection.lambda$submitRequests$1(LeaderElection.java:234)
	at java.util.concurrent.FutureTask.run(FutureTask.java:266)
	at java.util.concurrent.Executors$RunnableAdapter.call(Executors.java:511)
	at java.util.concurrent.FutureTask.run(FutureTask.java:266)
	at java.util.concurrent.ThreadPoolExecutor.runWorker(ThreadPoolExecutor.java:1149)
	at java.util.concurrent.ThreadPoolExecutor$Worker.run(ThreadPoolExecutor.java:624)
	... 1 more
Caused by: org.apache.ratis.thirdparty.io.netty.channel.AbstractChannel$AnnotatedConnectException: Connection refused: /192.168.157.233:35716
	at sun.nio.ch.SocketChannelImpl.checkConnect(Native Method)
	at sun.nio.ch.SocketChannelImpl.finishConnect(SocketChannelImpl.java:717)
	at org.apache.ratis.thirdparty.io.netty.channel.socket.nio.NioSocketChannel.doFinishConnect(NioSocketChannel.java:327)
	at org.apache.ratis.thirdparty.io.netty.channel.nio.AbstractNioChannel$AbstractNioUnsafe.finishConnect(AbstractNioChannel.java:340)
	at org.apache.ratis.thirdparty.io.netty.channel.nio.NioEventLoop.processSelectedKey(NioEventLoop.java:632)
	at org.apache.ratis.thirdparty.io.netty.channel.nio.NioEventLoop.processSelectedKeysOptimized(NioEventLoop.java:579)
	at org.apache.ratis.thirdparty.io.netty.channel.nio.NioEventLoop.processSelectedKeys(NioEventLoop.java:496)
	at org.apache.ratis.thirdparty.io.netty.channel.nio.NioEventLoop.run(NioEventLoop.java:458)
	at org.apache.ratis.thirdparty.io.netty.util.concurrent.SingleThreadEventExecutor$5.run(SingleThreadEventExecutor.java:897)
	at org.apache.ratis.thirdparty.io.netty.util.concurrent.FastThreadLocalRunnable.run(FastThreadLocalRunnable.java:30)
	... 1 more
Caused by: java.net.ConnectException: Connection refused
	... 11 more
2019-10-25 11:08:05,700 [f6cfa8a2-85ff-4bb9-a246-101c53d2d47b@group-49E82E920F3F-LeaderElection649] INFO  impl.LeaderElection (LogUtils.java:infoOrTrace(149)) -   Exception 1: {}
java.util.concurrent.ExecutionException: org.apache.ratis.thirdparty.io.grpc.StatusRuntimeException: UNAVAILABLE: io exception
	at java.util.concurrent.FutureTask.report(FutureTask.java:122)
	at java.util.concurrent.FutureTask.get(FutureTask.java:192)
	at org.apache.ratis.server.impl.LeaderElection.waitForResults(LeaderElection.java:259)
	at org.apache.ratis.server.impl.LeaderElection.askForVotes(LeaderElection.java:197)
	at org.apache.ratis.server.impl.LeaderElection.run(LeaderElection.java:133)
	at java.lang.Thread.run(Thread.java:748)
Caused by: org.apache.ratis.thirdparty.io.grpc.StatusRuntimeException: UNAVAILABLE: io exception
	at org.apache.ratis.thirdparty.io.grpc.stub.ClientCalls.toStatusRuntimeException(ClientCalls.java:233)
	at org.apache.ratis.thirdparty.io.grpc.stub.ClientCalls.getUnchecked(ClientCalls.java:214)
	at org.apache.ratis.thirdparty.io.grpc.stub.ClientCalls.blockingUnaryCall(ClientCalls.java:139)
	at org.apache.ratis.proto.grpc.RaftServerProtocolServiceGrpc$RaftServerProtocolServiceBlockingStub.requestVote(RaftServerProtocolServiceGrpc.java:265)
	at org.apache.ratis.grpc.server.GrpcServerProtocolClient.requestVote(GrpcServerProtocolClient.java:99)
	at org.apache.ratis.grpc.server.GrpcService.requestVote(GrpcService.java:204)
	at org.apache.ratis.server.impl.LeaderElection.lambda$submitRequests$1(LeaderElection.java:234)
	at java.util.concurrent.FutureTask.run(FutureTask.java:266)
	at java.util.concurrent.Executors$RunnableAdapter.call(Executors.java:511)
	at java.util.concurrent.FutureTask.run(FutureTask.java:266)
	at java.util.concurrent.ThreadPoolExecutor.runWorker(ThreadPoolExecutor.java:1149)
	at java.util.concurrent.ThreadPoolExecutor$Worker.run(ThreadPoolExecutor.java:624)
	... 1 more
Caused by: org.apache.ratis.thirdparty.io.netty.channel.AbstractChannel$AnnotatedConnectException: Connection refused: /192.168.157.233:42906
	at sun.nio.ch.SocketChannelImpl.checkConnect(Native Method)
	at sun.nio.ch.SocketChannelImpl.finishConnect(SocketChannelImpl.java:717)
	at org.apache.ratis.thirdparty.io.netty.channel.socket.nio.NioSocketChannel.doFinishConnect(NioSocketChannel.java:327)
	at org.apache.ratis.thirdparty.io.netty.channel.nio.AbstractNioChannel$AbstractNioUnsafe.finishConnect(AbstractNioChannel.java:340)
	at org.apache.ratis.thirdparty.io.netty.channel.nio.NioEventLoop.processSelectedKey(NioEventLoop.java:632)
	at org.apache.ratis.thirdparty.io.netty.channel.nio.NioEventLoop.processSelectedKeysOptimized(NioEventLoop.java:579)
	at org.apache.ratis.thirdparty.io.netty.channel.nio.NioEventLoop.processSelectedKeys(NioEventLoop.java:496)
	at org.apache.ratis.thirdparty.io.netty.channel.nio.NioEventLoop.run(NioEventLoop.java:458)
	at org.apache.ratis.thirdparty.io.netty.util.concurrent.SingleThreadEventExecutor$5.run(SingleThreadEventExecutor.java:897)
	at org.apache.ratis.thirdparty.io.netty.util.concurrent.FastThreadLocalRunnable.run(FastThreadLocalRunnable.java:30)
	... 1 more
Caused by: java.net.ConnectException: Connection refused
	... 11 more
2019-10-25 11:08:05,700 [f6cfa8a2-85ff-4bb9-a246-101c53d2d47b@group-49E82E920F3F-LeaderElection649] INFO  impl.RaftServerImpl (RaftServerImpl.java:setRole(184)) - f6cfa8a2-85ff-4bb9-a246-101c53d2d47b@group-49E82E920F3F: changes role from CANDIDATE to FOLLOWER at term 240 for DISCOVERED_A_NEW_TERM
2019-10-25 11:08:05,700 [f6cfa8a2-85ff-4bb9-a246-101c53d2d47b@group-49E82E920F3F-LeaderElection649] INFO  impl.RoleInfo (RoleInfo.java:shutdownLeaderElection(134)) - f6cfa8a2-85ff-4bb9-a246-101c53d2d47b: shutdown LeaderElection
2019-10-25 11:08:05,700 [f6cfa8a2-85ff-4bb9-a246-101c53d2d47b@group-49E82E920F3F-LeaderElection649] INFO  impl.RoleInfo (RoleInfo.java:updateAndGet(143)) - f6cfa8a2-85ff-4bb9-a246-101c53d2d47b: start FollowerState
2019-10-25 11:08:05,797 [Datanode State Machine Thread - 0] INFO  statemachine.DatanodeStateMachine (DatanodeStateMachine.java:lambda$startDaemon$0(350)) - Ozone container server started.
2019-10-25 11:08:05,862 [Thread-5206] INFO  impl.FollowerState (FollowerState.java:run(108)) - f6cfa8a2-85ff-4bb9-a246-101c53d2d47b@group-49E82E920F3F-FollowerState: change to CANDIDATE, lastRpcTime:161ms, electionTimeout:161ms
2019-10-25 11:08:05,862 [Thread-5206] INFO  impl.RoleInfo (RoleInfo.java:shutdownFollowerState(121)) - f6cfa8a2-85ff-4bb9-a246-101c53d2d47b: shutdown FollowerState
2019-10-25 11:08:05,862 [Thread-5206] INFO  impl.RaftServerImpl (RaftServerImpl.java:setRole(184)) - f6cfa8a2-85ff-4bb9-a246-101c53d2d47b@group-49E82E920F3F: changes role from  FOLLOWER to CANDIDATE at term 240 for changeToCandidate
2019-10-25 11:08:05,862 [Thread-5206] INFO  impl.RoleInfo (RoleInfo.java:updateAndGet(143)) - f6cfa8a2-85ff-4bb9-a246-101c53d2d47b: start LeaderElection
2019-10-25 11:08:05,876 [f6cfa8a2-85ff-4bb9-a246-101c53d2d47b@group-49E82E920F3F-LeaderElection650] INFO  impl.LeaderElection (LeaderElection.java:askForVotes(178)) - f6cfa8a2-85ff-4bb9-a246-101c53d2d47b@group-49E82E920F3F-LeaderElection650: begin an election at term 241 for -1: [7fad1e98-7a6b-4998-a30c-ec1ab88068bc:192.168.157.233:35716, bdb27072-dd00-4d3b-a7da-41600e490ca3:192.168.157.233:42906, f6cfa8a2-85ff-4bb9-a246-101c53d2d47b:192.168.157.233:44618], old=null
2019-10-25 11:08:05,877 [f6cfa8a2-85ff-4bb9-a246-101c53d2d47b@group-49E82E920F3F-LeaderElection650] INFO  impl.LeaderElection (LogUtils.java:infoOrTrace(149)) - f6cfa8a2-85ff-4bb9-a246-101c53d2d47b@group-49E82E920F3F-LeaderElection650 got exception when requesting votes: {}
java.util.concurrent.ExecutionException: org.apache.ratis.thirdparty.io.grpc.StatusRuntimeException: UNAVAILABLE: io exception
	at java.util.concurrent.FutureTask.report(FutureTask.java:122)
	at java.util.concurrent.FutureTask.get(FutureTask.java:192)
	at org.apache.ratis.server.impl.LeaderElection.waitForResults(LeaderElection.java:259)
	at org.apache.ratis.server.impl.LeaderElection.askForVotes(LeaderElection.java:197)
	at org.apache.ratis.server.impl.LeaderElection.run(LeaderElection.java:133)
	at java.lang.Thread.run(Thread.java:748)
Caused by: org.apache.ratis.thirdparty.io.grpc.StatusRuntimeException: UNAVAILABLE: io exception
	at org.apache.ratis.thirdparty.io.grpc.stub.ClientCalls.toStatusRuntimeException(ClientCalls.java:233)
	at org.apache.ratis.thirdparty.io.grpc.stub.ClientCalls.getUnchecked(ClientCalls.java:214)
	at org.apache.ratis.thirdparty.io.grpc.stub.ClientCalls.blockingUnaryCall(ClientCalls.java:139)
	at org.apache.ratis.proto.grpc.RaftServerProtocolServiceGrpc$RaftServerProtocolServiceBlockingStub.requestVote(RaftServerProtocolServiceGrpc.java:265)
	at org.apache.ratis.grpc.server.GrpcServerProtocolClient.requestVote(GrpcServerProtocolClient.java:99)
	at org.apache.ratis.grpc.server.GrpcService.requestVote(GrpcService.java:204)
	at org.apache.ratis.server.impl.LeaderElection.lambda$submitRequests$1(LeaderElection.java:234)
	at java.util.concurrent.FutureTask.run(FutureTask.java:266)
	at java.util.concurrent.Executors$RunnableAdapter.call(Executors.java:511)
	at java.util.concurrent.FutureTask.run(FutureTask.java:266)
	at java.util.concurrent.ThreadPoolExecutor.runWorker(ThreadPoolExecutor.java:1149)
	at java.util.concurrent.ThreadPoolExecutor$Worker.run(ThreadPoolExecutor.java:624)
	... 1 more
Caused by: org.apache.ratis.thirdparty.io.netty.channel.AbstractChannel$AnnotatedConnectException: Connection refused: /192.168.157.233:35716
	at sun.nio.ch.SocketChannelImpl.checkConnect(Native Method)
	at sun.nio.ch.SocketChannelImpl.finishConnect(SocketChannelImpl.java:717)
	at org.apache.ratis.thirdparty.io.netty.channel.socket.nio.NioSocketChannel.doFinishConnect(NioSocketChannel.java:327)
	at org.apache.ratis.thirdparty.io.netty.channel.nio.AbstractNioChannel$AbstractNioUnsafe.finishConnect(AbstractNioChannel.java:340)
	at org.apache.ratis.thirdparty.io.netty.channel.nio.NioEventLoop.processSelectedKey(NioEventLoop.java:632)
	at org.apache.ratis.thirdparty.io.netty.channel.nio.NioEventLoop.processSelectedKeysOptimized(NioEventLoop.java:579)
	at org.apache.ratis.thirdparty.io.netty.channel.nio.NioEventLoop.processSelectedKeys(NioEventLoop.java:496)
	at org.apache.ratis.thirdparty.io.netty.channel.nio.NioEventLoop.run(NioEventLoop.java:458)
	at org.apache.ratis.thirdparty.io.netty.util.concurrent.SingleThreadEventExecutor$5.run(SingleThreadEventExecutor.java:897)
	at org.apache.ratis.thirdparty.io.netty.util.concurrent.FastThreadLocalRunnable.run(FastThreadLocalRunnable.java:30)
	... 1 more
Caused by: java.net.ConnectException: Connection refused
	... 11 more
2019-10-25 11:08:05,878 [f6cfa8a2-85ff-4bb9-a246-101c53d2d47b@group-49E82E920F3F-LeaderElection650] INFO  impl.LeaderElection (LogUtils.java:infoOrTrace(149)) - f6cfa8a2-85ff-4bb9-a246-101c53d2d47b@group-49E82E920F3F-LeaderElection650 got exception when requesting votes: {}
java.util.concurrent.ExecutionException: org.apache.ratis.thirdparty.io.grpc.StatusRuntimeException: UNAVAILABLE: io exception
	at java.util.concurrent.FutureTask.report(FutureTask.java:122)
	at java.util.concurrent.FutureTask.get(FutureTask.java:192)
	at org.apache.ratis.server.impl.LeaderElection.waitForResults(LeaderElection.java:259)
	at org.apache.ratis.server.impl.LeaderElection.askForVotes(LeaderElection.java:197)
	at org.apache.ratis.server.impl.LeaderElection.run(LeaderElection.java:133)
	at java.lang.Thread.run(Thread.java:748)
Caused by: org.apache.ratis.thirdparty.io.grpc.StatusRuntimeException: UNAVAILABLE: io exception
	at org.apache.ratis.thirdparty.io.grpc.stub.ClientCalls.toStatusRuntimeException(ClientCalls.java:233)
	at org.apache.ratis.thirdparty.io.grpc.stub.ClientCalls.getUnchecked(ClientCalls.java:214)
	at org.apache.ratis.thirdparty.io.grpc.stub.ClientCalls.blockingUnaryCall(ClientCalls.java:139)
	at org.apache.ratis.proto.grpc.RaftServerProtocolServiceGrpc$RaftServerProtocolServiceBlockingStub.requestVote(RaftServerProtocolServiceGrpc.java:265)
	at org.apache.ratis.grpc.server.GrpcServerProtocolClient.requestVote(GrpcServerProtocolClient.java:99)
	at org.apache.ratis.grpc.server.GrpcService.requestVote(GrpcService.java:204)
	at org.apache.ratis.server.impl.LeaderElection.lambda$submitRequests$1(LeaderElection.java:234)
	at java.util.concurrent.FutureTask.run(FutureTask.java:266)
	at java.util.concurrent.Executors$RunnableAdapter.call(Executors.java:511)
	at java.util.concurrent.FutureTask.run(FutureTask.java:266)
	at java.util.concurrent.ThreadPoolExecutor.runWorker(ThreadPoolExecutor.java:1149)
	at java.util.concurrent.ThreadPoolExecutor$Worker.run(ThreadPoolExecutor.java:624)
	... 1 more
Caused by: org.apache.ratis.thirdparty.io.netty.channel.AbstractChannel$AnnotatedConnectException: Connection refused: /192.168.157.233:42906
	at sun.nio.ch.SocketChannelImpl.checkConnect(Native Method)
	at sun.nio.ch.SocketChannelImpl.finishConnect(SocketChannelImpl.java:717)
	at org.apache.ratis.thirdparty.io.netty.channel.socket.nio.NioSocketChannel.doFinishConnect(NioSocketChannel.java:327)
	at org.apache.ratis.thirdparty.io.netty.channel.nio.AbstractNioChannel$AbstractNioUnsafe.finishConnect(AbstractNioChannel.java:340)
	at org.apache.ratis.thirdparty.io.netty.channel.nio.NioEventLoop.processSelectedKey(NioEventLoop.java:632)
	at org.apache.ratis.thirdparty.io.netty.channel.nio.NioEventLoop.processSelectedKeysOptimized(NioEventLoop.java:579)
	at org.apache.ratis.thirdparty.io.netty.channel.nio.NioEventLoop.processSelectedKeys(NioEventLoop.java:496)
	at org.apache.ratis.thirdparty.io.netty.channel.nio.NioEventLoop.run(NioEventLoop.java:458)
	at org.apache.ratis.thirdparty.io.netty.util.concurrent.SingleThreadEventExecutor$5.run(SingleThreadEventExecutor.java:897)
	at org.apache.ratis.thirdparty.io.netty.util.concurrent.FastThreadLocalRunnable.run(FastThreadLocalRunnable.java:30)
	... 1 more
Caused by: java.net.ConnectException: Connection refused
	... 11 more
2019-10-25 11:08:05,878 [f6cfa8a2-85ff-4bb9-a246-101c53d2d47b@group-49E82E920F3F-LeaderElection650] INFO  impl.LeaderElection (LeaderElection.java:logAndReturn(56)) - f6cfa8a2-85ff-4bb9-a246-101c53d2d47b@group-49E82E920F3F-LeaderElection650: Election REJECTED; received 0 response(s) [] and 2 exception(s); f6cfa8a2-85ff-4bb9-a246-101c53d2d47b@group-49E82E920F3F:t241, leader=null, voted=f6cfa8a2-85ff-4bb9-a246-101c53d2d47b, raftlog=f6cfa8a2-85ff-4bb9-a246-101c53d2d47b@group-49E82E920F3F-SegmentedRaftLog:OPENED:c-1,f-1,i0, conf=-1: [7fad1e98-7a6b-4998-a30c-ec1ab88068bc:192.168.157.233:35716, bdb27072-dd00-4d3b-a7da-41600e490ca3:192.168.157.233:42906, f6cfa8a2-85ff-4bb9-a246-101c53d2d47b:192.168.157.233:44618], old=null
2019-10-25 11:08:05,878 [f6cfa8a2-85ff-4bb9-a246-101c53d2d47b@group-49E82E920F3F-LeaderElection650] INFO  impl.LeaderElection (LogUtils.java:infoOrTrace(149)) -   Exception 0: {}
java.util.concurrent.ExecutionException: org.apache.ratis.thirdparty.io.grpc.StatusRuntimeException: UNAVAILABLE: io exception
	at java.util.concurrent.FutureTask.report(FutureTask.java:122)
	at java.util.concurrent.FutureTask.get(FutureTask.java:192)
	at org.apache.ratis.server.impl.LeaderElection.waitForResults(LeaderElection.java:259)
	at org.apache.ratis.server.impl.LeaderElection.askForVotes(LeaderElection.java:197)
	at org.apache.ratis.server.impl.LeaderElection.run(LeaderElection.java:133)
	at java.lang.Thread.run(Thread.java:748)
Caused by: org.apache.ratis.thirdparty.io.grpc.StatusRuntimeException: UNAVAILABLE: io exception
	at org.apache.ratis.thirdparty.io.grpc.stub.ClientCalls.toStatusRuntimeException(ClientCalls.java:233)
	at org.apache.ratis.thirdparty.io.grpc.stub.ClientCalls.getUnchecked(ClientCalls.java:214)
	at org.apache.ratis.thirdparty.io.grpc.stub.ClientCalls.blockingUnaryCall(ClientCalls.java:139)
	at org.apache.ratis.proto.grpc.RaftServerProtocolServiceGrpc$RaftServerProtocolServiceBlockingStub.requestVote(RaftServerProtocolServiceGrpc.java:265)
	at org.apache.ratis.grpc.server.GrpcServerProtocolClient.requestVote(GrpcServerProtocolClient.java:99)
	at org.apache.ratis.grpc.server.GrpcService.requestVote(GrpcService.java:204)
	at org.apache.ratis.server.impl.LeaderElection.lambda$submitRequests$1(LeaderElection.java:234)
	at java.util.concurrent.FutureTask.run(FutureTask.java:266)
	at java.util.concurrent.Executors$RunnableAdapter.call(Executors.java:511)
	at java.util.concurrent.FutureTask.run(FutureTask.java:266)
	at java.util.concurrent.ThreadPoolExecutor.runWorker(ThreadPoolExecutor.java:1149)
	at java.util.concurrent.ThreadPoolExecutor$Worker.run(ThreadPoolExecutor.java:624)
	... 1 more
Caused by: org.apache.ratis.thirdparty.io.netty.channel.AbstractChannel$AnnotatedConnectException: Connection refused: /192.168.157.233:35716
	at sun.nio.ch.SocketChannelImpl.checkConnect(Native Method)
	at sun.nio.ch.SocketChannelImpl.finishConnect(SocketChannelImpl.java:717)
	at org.apache.ratis.thirdparty.io.netty.channel.socket.nio.NioSocketChannel.doFinishConnect(NioSocketChannel.java:327)
	at org.apache.ratis.thirdparty.io.netty.channel.nio.AbstractNioChannel$AbstractNioUnsafe.finishConnect(AbstractNioChannel.java:340)
	at org.apache.ratis.thirdparty.io.netty.channel.nio.NioEventLoop.processSelectedKey(NioEventLoop.java:632)
	at org.apache.ratis.thirdparty.io.netty.channel.nio.NioEventLoop.processSelectedKeysOptimized(NioEventLoop.java:579)
	at org.apache.ratis.thirdparty.io.netty.channel.nio.NioEventLoop.processSelectedKeys(NioEventLoop.java:496)
	at org.apache.ratis.thirdparty.io.netty.channel.nio.NioEventLoop.run(NioEventLoop.java:458)
	at org.apache.ratis.thirdparty.io.netty.util.concurrent.SingleThreadEventExecutor$5.run(SingleThreadEventExecutor.java:897)
	at org.apache.ratis.thirdparty.io.netty.util.concurrent.FastThreadLocalRunnable.run(FastThreadLocalRunnable.java:30)
	... 1 more
Caused by: java.net.ConnectException: Connection refused
	... 11 more
2019-10-25 11:08:05,879 [f6cfa8a2-85ff-4bb9-a246-101c53d2d47b@group-49E82E920F3F-LeaderElection650] INFO  impl.LeaderElection (LogUtils.java:infoOrTrace(149)) -   Exception 1: {}
java.util.concurrent.ExecutionException: org.apache.ratis.thirdparty.io.grpc.StatusRuntimeException: UNAVAILABLE: io exception
	at java.util.concurrent.FutureTask.report(FutureTask.java:122)
	at java.util.concurrent.FutureTask.get(FutureTask.java:192)
	at org.apache.ratis.server.impl.LeaderElection.waitForResults(LeaderElection.java:259)
	at org.apache.ratis.server.impl.LeaderElection.askForVotes(LeaderElection.java:197)
	at org.apache.ratis.server.impl.LeaderElection.run(LeaderElection.java:133)
	at java.lang.Thread.run(Thread.java:748)
Caused by: org.apache.ratis.thirdparty.io.grpc.StatusRuntimeException: UNAVAILABLE: io exception
	at org.apache.ratis.thirdparty.io.grpc.stub.ClientCalls.toStatusRuntimeException(ClientCalls.java:233)
	at org.apache.ratis.thirdparty.io.grpc.stub.ClientCalls.getUnchecked(ClientCalls.java:214)
	at org.apache.ratis.thirdparty.io.grpc.stub.ClientCalls.blockingUnaryCall(ClientCalls.java:139)
	at org.apache.ratis.proto.grpc.RaftServerProtocolServiceGrpc$RaftServerProtocolServiceBlockingStub.requestVote(RaftServerProtocolServiceGrpc.java:265)
	at org.apache.ratis.grpc.server.GrpcServerProtocolClient.requestVote(GrpcServerProtocolClient.java:99)
	at org.apache.ratis.grpc.server.GrpcService.requestVote(GrpcService.java:204)
	at org.apache.ratis.server.impl.LeaderElection.lambda$submitRequests$1(LeaderElection.java:234)
	at java.util.concurrent.FutureTask.run(FutureTask.java:266)
	at java.util.concurrent.Executors$RunnableAdapter.call(Executors.java:511)
	at java.util.concurrent.FutureTask.run(FutureTask.java:266)
	at java.util.concurrent.ThreadPoolExecutor.runWorker(ThreadPoolExecutor.java:1149)
	at java.util.concurrent.ThreadPoolExecutor$Worker.run(ThreadPoolExecutor.java:624)
	... 1 more
Caused by: org.apache.ratis.thirdparty.io.netty.channel.AbstractChannel$AnnotatedConnectException: Connection refused: /192.168.157.233:42906
	at sun.nio.ch.SocketChannelImpl.checkConnect(Native Method)
	at sun.nio.ch.SocketChannelImpl.finishConnect(SocketChannelImpl.java:717)
	at org.apache.ratis.thirdparty.io.netty.channel.socket.nio.NioSocketChannel.doFinishConnect(NioSocketChannel.java:327)
	at org.apache.ratis.thirdparty.io.netty.channel.nio.AbstractNioChannel$AbstractNioUnsafe.finishConnect(AbstractNioChannel.java:340)
	at org.apache.ratis.thirdparty.io.netty.channel.nio.NioEventLoop.processSelectedKey(NioEventLoop.java:632)
	at org.apache.ratis.thirdparty.io.netty.channel.nio.NioEventLoop.processSelectedKeysOptimized(NioEventLoop.java:579)
	at org.apache.ratis.thirdparty.io.netty.channel.nio.NioEventLoop.processSelectedKeys(NioEventLoop.java:496)
	at org.apache.ratis.thirdparty.io.netty.channel.nio.NioEventLoop.run(NioEventLoop.java:458)
	at org.apache.ratis.thirdparty.io.netty.util.concurrent.SingleThreadEventExecutor$5.run(SingleThreadEventExecutor.java:897)
	at org.apache.ratis.thirdparty.io.netty.util.concurrent.FastThreadLocalRunnable.run(FastThreadLocalRunnable.java:30)
	... 1 more
Caused by: java.net.ConnectException: Connection refused
	... 11 more
2019-10-25 11:08:05,879 [f6cfa8a2-85ff-4bb9-a246-101c53d2d47b@group-49E82E920F3F-LeaderElection650] INFO  impl.RaftServerImpl (RaftServerImpl.java:setRole(184)) - f6cfa8a2-85ff-4bb9-a246-101c53d2d47b@group-49E82E920F3F: changes role from CANDIDATE to FOLLOWER at term 241 for DISCOVERED_A_NEW_TERM
2019-10-25 11:08:05,879 [f6cfa8a2-85ff-4bb9-a246-101c53d2d47b@group-49E82E920F3F-LeaderElection650] INFO  impl.RoleInfo (RoleInfo.java:shutdownLeaderElection(134)) - f6cfa8a2-85ff-4bb9-a246-101c53d2d47b: shutdown LeaderElection
2019-10-25 11:08:05,880 [f6cfa8a2-85ff-4bb9-a246-101c53d2d47b@group-49E82E920F3F-LeaderElection650] INFO  impl.RoleInfo (RoleInfo.java:updateAndGet(143)) - f6cfa8a2-85ff-4bb9-a246-101c53d2d47b: start FollowerState
2019-10-25 11:08:05,970 [java.util.concurrent.ThreadPoolExecutor$Worker@3e501297[State = -1, empty queue]] WARN  server.GrpcLogAppender (GrpcLogAppender.java:timeoutAppendRequest(209)) - 8a2c850d-503a-4b6a-9325-357a6554e10c@group-B334D6EBB589->e8f52f97-4cbf-4021-bc09-65b78a9dc21b-GrpcLogAppender: appendEntries Timeout, request=8a2c850d-503a-4b6a-9325-357a6554e10c->e8f52f97-4cbf-4021-bc09-65b78a9dc21b#52-t1, previous=(t:1, i:0), leaderCommit=0, initializing? false, entries: <empty>
2019-10-25 11:08:05,984 [java.util.concurrent.ThreadPoolExecutor$Worker@33ec010c[State = -1, empty queue]] WARN  server.GrpcLogAppender (GrpcLogAppender.java:timeoutAppendRequest(209)) - 8a2c850d-503a-4b6a-9325-357a6554e10c@group-B334D6EBB589->f5dc0a75-b584-4700-be7c-7942c0d8117c-GrpcLogAppender: appendEntries Timeout, request=8a2c850d-503a-4b6a-9325-357a6554e10c->f5dc0a75-b584-4700-be7c-7942c0d8117c#52-t1, previous=(t:1, i:0), leaderCommit=0, initializing? false, entries: <empty>
2019-10-25 11:08:06,079 [Thread-5212] INFO  impl.FollowerState (FollowerState.java:run(108)) - f6cfa8a2-85ff-4bb9-a246-101c53d2d47b@group-49E82E920F3F-FollowerState: change to CANDIDATE, lastRpcTime:199ms, electionTimeout:199ms
2019-10-25 11:08:06,079 [Thread-5212] INFO  impl.RoleInfo (RoleInfo.java:shutdownFollowerState(121)) - f6cfa8a2-85ff-4bb9-a246-101c53d2d47b: shutdown FollowerState
2019-10-25 11:08:06,079 [Thread-5212] INFO  impl.RaftServerImpl (RaftServerImpl.java:setRole(184)) - f6cfa8a2-85ff-4bb9-a246-101c53d2d47b@group-49E82E920F3F: changes role from  FOLLOWER to CANDIDATE at term 241 for changeToCandidate
2019-10-25 11:08:06,079 [Thread-5212] INFO  impl.RoleInfo (RoleInfo.java:updateAndGet(143)) - f6cfa8a2-85ff-4bb9-a246-101c53d2d47b: start LeaderElection
2019-10-25 11:08:06,093 [f6cfa8a2-85ff-4bb9-a246-101c53d2d47b@group-49E82E920F3F-LeaderElection651] INFO  impl.LeaderElection (LeaderElection.java:askForVotes(178)) - f6cfa8a2-85ff-4bb9-a246-101c53d2d47b@group-49E82E920F3F-LeaderElection651: begin an election at term 242 for -1: [7fad1e98-7a6b-4998-a30c-ec1ab88068bc:192.168.157.233:35716, bdb27072-dd00-4d3b-a7da-41600e490ca3:192.168.157.233:42906, f6cfa8a2-85ff-4bb9-a246-101c53d2d47b:192.168.157.233:44618], old=null
2019-10-25 11:08:06,093 [f6cfa8a2-85ff-4bb9-a246-101c53d2d47b@group-49E82E920F3F-LeaderElection651] INFO  impl.LeaderElection (LogUtils.java:infoOrTrace(149)) - f6cfa8a2-85ff-4bb9-a246-101c53d2d47b@group-49E82E920F3F-LeaderElection651 got exception when requesting votes: {}
java.util.concurrent.ExecutionException: org.apache.ratis.thirdparty.io.grpc.StatusRuntimeException: UNAVAILABLE: io exception
	at java.util.concurrent.FutureTask.report(FutureTask.java:122)
	at java.util.concurrent.FutureTask.get(FutureTask.java:192)
	at org.apache.ratis.server.impl.LeaderElection.waitForResults(LeaderElection.java:259)
	at org.apache.ratis.server.impl.LeaderElection.askForVotes(LeaderElection.java:197)
	at org.apache.ratis.server.impl.LeaderElection.run(LeaderElection.java:133)
	at java.lang.Thread.run(Thread.java:748)
Caused by: org.apache.ratis.thirdparty.io.grpc.StatusRuntimeException: UNAVAILABLE: io exception
	at org.apache.ratis.thirdparty.io.grpc.stub.ClientCalls.toStatusRuntimeException(ClientCalls.java:233)
	at org.apache.ratis.thirdparty.io.grpc.stub.ClientCalls.getUnchecked(ClientCalls.java:214)
	at org.apache.ratis.thirdparty.io.grpc.stub.ClientCalls.blockingUnaryCall(ClientCalls.java:139)
	at org.apache.ratis.proto.grpc.RaftServerProtocolServiceGrpc$RaftServerProtocolServiceBlockingStub.requestVote(RaftServerProtocolServiceGrpc.java:265)
	at org.apache.ratis.grpc.server.GrpcServerProtocolClient.requestVote(GrpcServerProtocolClient.java:99)
	at org.apache.ratis.grpc.server.GrpcService.requestVote(GrpcService.java:204)
	at org.apache.ratis.server.impl.LeaderElection.lambda$submitRequests$1(LeaderElection.java:234)
	at java.util.concurrent.FutureTask.run(FutureTask.java:266)
	at java.util.concurrent.Executors$RunnableAdapter.call(Executors.java:511)
	at java.util.concurrent.FutureTask.run(FutureTask.java:266)
	at java.util.concurrent.ThreadPoolExecutor.runWorker(ThreadPoolExecutor.java:1149)
	at java.util.concurrent.ThreadPoolExecutor$Worker.run(ThreadPoolExecutor.java:624)
	... 1 more
Caused by: org.apache.ratis.thirdparty.io.netty.channel.AbstractChannel$AnnotatedConnectException: Connection refused: /192.168.157.233:35716
	at sun.nio.ch.SocketChannelImpl.checkConnect(Native Method)
	at sun.nio.ch.SocketChannelImpl.finishConnect(SocketChannelImpl.java:717)
	at org.apache.ratis.thirdparty.io.netty.channel.socket.nio.NioSocketChannel.doFinishConnect(NioSocketChannel.java:327)
	at org.apache.ratis.thirdparty.io.netty.channel.nio.AbstractNioChannel$AbstractNioUnsafe.finishConnect(AbstractNioChannel.java:340)
	at org.apache.ratis.thirdparty.io.netty.channel.nio.NioEventLoop.processSelectedKey(NioEventLoop.java:632)
	at org.apache.ratis.thirdparty.io.netty.channel.nio.NioEventLoop.processSelectedKeysOptimized(NioEventLoop.java:579)
	at org.apache.ratis.thirdparty.io.netty.channel.nio.NioEventLoop.processSelectedKeys(NioEventLoop.java:496)
	at org.apache.ratis.thirdparty.io.netty.channel.nio.NioEventLoop.run(NioEventLoop.java:458)
	at org.apache.ratis.thirdparty.io.netty.util.concurrent.SingleThreadEventExecutor$5.run(SingleThreadEventExecutor.java:897)
	at org.apache.ratis.thirdparty.io.netty.util.concurrent.FastThreadLocalRunnable.run(FastThreadLocalRunnable.java:30)
	... 1 more
Caused by: java.net.ConnectException: Connection refused
	... 11 more
2019-10-25 11:08:06,094 [f6cfa8a2-85ff-4bb9-a246-101c53d2d47b@group-49E82E920F3F-LeaderElection651] INFO  impl.LeaderElection (LogUtils.java:infoOrTrace(149)) - f6cfa8a2-85ff-4bb9-a246-101c53d2d47b@group-49E82E920F3F-LeaderElection651 got exception when requesting votes: {}
java.util.concurrent.ExecutionException: org.apache.ratis.thirdparty.io.grpc.StatusRuntimeException: UNAVAILABLE: io exception
	at java.util.concurrent.FutureTask.report(FutureTask.java:122)
	at java.util.concurrent.FutureTask.get(FutureTask.java:192)
	at org.apache.ratis.server.impl.LeaderElection.waitForResults(LeaderElection.java:259)
	at org.apache.ratis.server.impl.LeaderElection.askForVotes(LeaderElection.java:197)
	at org.apache.ratis.server.impl.LeaderElection.run(LeaderElection.java:133)
	at java.lang.Thread.run(Thread.java:748)
Caused by: org.apache.ratis.thirdparty.io.grpc.StatusRuntimeException: UNAVAILABLE: io exception
	at org.apache.ratis.thirdparty.io.grpc.stub.ClientCalls.toStatusRuntimeException(ClientCalls.java:233)
	at org.apache.ratis.thirdparty.io.grpc.stub.ClientCalls.getUnchecked(ClientCalls.java:214)
	at org.apache.ratis.thirdparty.io.grpc.stub.ClientCalls.blockingUnaryCall(ClientCalls.java:139)
	at org.apache.ratis.proto.grpc.RaftServerProtocolServiceGrpc$RaftServerProtocolServiceBlockingStub.requestVote(RaftServerProtocolServiceGrpc.java:265)
	at org.apache.ratis.grpc.server.GrpcServerProtocolClient.requestVote(GrpcServerProtocolClient.java:99)
	at org.apache.ratis.grpc.server.GrpcService.requestVote(GrpcService.java:204)
	at org.apache.ratis.server.impl.LeaderElection.lambda$submitRequests$1(LeaderElection.java:234)
	at java.util.concurrent.FutureTask.run(FutureTask.java:266)
	at java.util.concurrent.Executors$RunnableAdapter.call(Executors.java:511)
	at java.util.concurrent.FutureTask.run(FutureTask.java:266)
	at java.util.concurrent.ThreadPoolExecutor.runWorker(ThreadPoolExecutor.java:1149)
	at java.util.concurrent.ThreadPoolExecutor$Worker.run(ThreadPoolExecutor.java:624)
	... 1 more
Caused by: org.apache.ratis.thirdparty.io.netty.channel.AbstractChannel$AnnotatedConnectException: Connection refused: /192.168.157.233:42906
	at sun.nio.ch.SocketChannelImpl.checkConnect(Native Method)
	at sun.nio.ch.SocketChannelImpl.finishConnect(SocketChannelImpl.java:717)
	at org.apache.ratis.thirdparty.io.netty.channel.socket.nio.NioSocketChannel.doFinishConnect(NioSocketChannel.java:327)
	at org.apache.ratis.thirdparty.io.netty.channel.nio.AbstractNioChannel$AbstractNioUnsafe.finishConnect(AbstractNioChannel.java:340)
	at org.apache.ratis.thirdparty.io.netty.channel.nio.NioEventLoop.processSelectedKey(NioEventLoop.java:632)
	at org.apache.ratis.thirdparty.io.netty.channel.nio.NioEventLoop.processSelectedKeysOptimized(NioEventLoop.java:579)
	at org.apache.ratis.thirdparty.io.netty.channel.nio.NioEventLoop.processSelectedKeys(NioEventLoop.java:496)
	at org.apache.ratis.thirdparty.io.netty.channel.nio.NioEventLoop.run(NioEventLoop.java:458)
	at org.apache.ratis.thirdparty.io.netty.util.concurrent.SingleThreadEventExecutor$5.run(SingleThreadEventExecutor.java:897)
	at org.apache.ratis.thirdparty.io.netty.util.concurrent.FastThreadLocalRunnable.run(FastThreadLocalRunnable.java:30)
	... 1 more
Caused by: java.net.ConnectException: Connection refused
	... 11 more
2019-10-25 11:08:06,095 [f6cfa8a2-85ff-4bb9-a246-101c53d2d47b@group-49E82E920F3F-LeaderElection651] INFO  impl.LeaderElection (LeaderElection.java:logAndReturn(56)) - f6cfa8a2-85ff-4bb9-a246-101c53d2d47b@group-49E82E920F3F-LeaderElection651: Election REJECTED; received 0 response(s) [] and 2 exception(s); f6cfa8a2-85ff-4bb9-a246-101c53d2d47b@group-49E82E920F3F:t242, leader=null, voted=f6cfa8a2-85ff-4bb9-a246-101c53d2d47b, raftlog=f6cfa8a2-85ff-4bb9-a246-101c53d2d47b@group-49E82E920F3F-SegmentedRaftLog:OPENED:c-1,f-1,i0, conf=-1: [7fad1e98-7a6b-4998-a30c-ec1ab88068bc:192.168.157.233:35716, bdb27072-dd00-4d3b-a7da-41600e490ca3:192.168.157.233:42906, f6cfa8a2-85ff-4bb9-a246-101c53d2d47b:192.168.157.233:44618], old=null
2019-10-25 11:08:06,095 [f6cfa8a2-85ff-4bb9-a246-101c53d2d47b@group-49E82E920F3F-LeaderElection651] INFO  impl.LeaderElection (LogUtils.java:infoOrTrace(149)) -   Exception 0: {}
java.util.concurrent.ExecutionException: org.apache.ratis.thirdparty.io.grpc.StatusRuntimeException: UNAVAILABLE: io exception
	at java.util.concurrent.FutureTask.report(FutureTask.java:122)
	at java.util.concurrent.FutureTask.get(FutureTask.java:192)
	at org.apache.ratis.server.impl.LeaderElection.waitForResults(LeaderElection.java:259)
	at org.apache.ratis.server.impl.LeaderElection.askForVotes(LeaderElection.java:197)
	at org.apache.ratis.server.impl.LeaderElection.run(LeaderElection.java:133)
	at java.lang.Thread.run(Thread.java:748)
Caused by: org.apache.ratis.thirdparty.io.grpc.StatusRuntimeException: UNAVAILABLE: io exception
	at org.apache.ratis.thirdparty.io.grpc.stub.ClientCalls.toStatusRuntimeException(ClientCalls.java:233)
	at org.apache.ratis.thirdparty.io.grpc.stub.ClientCalls.getUnchecked(ClientCalls.java:214)
	at org.apache.ratis.thirdparty.io.grpc.stub.ClientCalls.blockingUnaryCall(ClientCalls.java:139)
	at org.apache.ratis.proto.grpc.RaftServerProtocolServiceGrpc$RaftServerProtocolServiceBlockingStub.requestVote(RaftServerProtocolServiceGrpc.java:265)
	at org.apache.ratis.grpc.server.GrpcServerProtocolClient.requestVote(GrpcServerProtocolClient.java:99)
	at org.apache.ratis.grpc.server.GrpcService.requestVote(GrpcService.java:204)
	at org.apache.ratis.server.impl.LeaderElection.lambda$submitRequests$1(LeaderElection.java:234)
	at java.util.concurrent.FutureTask.run(FutureTask.java:266)
	at java.util.concurrent.Executors$RunnableAdapter.call(Executors.java:511)
	at java.util.concurrent.FutureTask.run(FutureTask.java:266)
	at java.util.concurrent.ThreadPoolExecutor.runWorker(ThreadPoolExecutor.java:1149)
	at java.util.concurrent.ThreadPoolExecutor$Worker.run(ThreadPoolExecutor.java:624)
	... 1 more
Caused by: org.apache.ratis.thirdparty.io.netty.channel.AbstractChannel$AnnotatedConnectException: Connection refused: /192.168.157.233:35716
	at sun.nio.ch.SocketChannelImpl.checkConnect(Native Method)
	at sun.nio.ch.SocketChannelImpl.finishConnect(SocketChannelImpl.java:717)
	at org.apache.ratis.thirdparty.io.netty.channel.socket.nio.NioSocketChannel.doFinishConnect(NioSocketChannel.java:327)
	at org.apache.ratis.thirdparty.io.netty.channel.nio.AbstractNioChannel$AbstractNioUnsafe.finishConnect(AbstractNioChannel.java:340)
	at org.apache.ratis.thirdparty.io.netty.channel.nio.NioEventLoop.processSelectedKey(NioEventLoop.java:632)
	at org.apache.ratis.thirdparty.io.netty.channel.nio.NioEventLoop.processSelectedKeysOptimized(NioEventLoop.java:579)
	at org.apache.ratis.thirdparty.io.netty.channel.nio.NioEventLoop.processSelectedKeys(NioEventLoop.java:496)
	at org.apache.ratis.thirdparty.io.netty.channel.nio.NioEventLoop.run(NioEventLoop.java:458)
	at org.apache.ratis.thirdparty.io.netty.util.concurrent.SingleThreadEventExecutor$5.run(SingleThreadEventExecutor.java:897)
	at org.apache.ratis.thirdparty.io.netty.util.concurrent.FastThreadLocalRunnable.run(FastThreadLocalRunnable.java:30)
	... 1 more
Caused by: java.net.ConnectException: Connection refused
	... 11 more
2019-10-25 11:08:06,095 [f6cfa8a2-85ff-4bb9-a246-101c53d2d47b@group-49E82E920F3F-LeaderElection651] INFO  impl.LeaderElection (LogUtils.java:infoOrTrace(149)) -   Exception 1: {}
java.util.concurrent.ExecutionException: org.apache.ratis.thirdparty.io.grpc.StatusRuntimeException: UNAVAILABLE: io exception
	at java.util.concurrent.FutureTask.report(FutureTask.java:122)
	at java.util.concurrent.FutureTask.get(FutureTask.java:192)
	at org.apache.ratis.server.impl.LeaderElection.waitForResults(LeaderElection.java:259)
	at org.apache.ratis.server.impl.LeaderElection.askForVotes(LeaderElection.java:197)
	at org.apache.ratis.server.impl.LeaderElection.run(LeaderElection.java:133)
	at java.lang.Thread.run(Thread.java:748)
Caused by: org.apache.ratis.thirdparty.io.grpc.StatusRuntimeException: UNAVAILABLE: io exception
	at org.apache.ratis.thirdparty.io.grpc.stub.ClientCalls.toStatusRuntimeException(ClientCalls.java:233)
	at org.apache.ratis.thirdparty.io.grpc.stub.ClientCalls.getUnchecked(ClientCalls.java:214)
	at org.apache.ratis.thirdparty.io.grpc.stub.ClientCalls.blockingUnaryCall(ClientCalls.java:139)
	at org.apache.ratis.proto.grpc.RaftServerProtocolServiceGrpc$RaftServerProtocolServiceBlockingStub.requestVote(RaftServerProtocolServiceGrpc.java:265)
	at org.apache.ratis.grpc.server.GrpcServerProtocolClient.requestVote(GrpcServerProtocolClient.java:99)
	at org.apache.ratis.grpc.server.GrpcService.requestVote(GrpcService.java:204)
	at org.apache.ratis.server.impl.LeaderElection.lambda$submitRequests$1(LeaderElection.java:234)
	at java.util.concurrent.FutureTask.run(FutureTask.java:266)
	at java.util.concurrent.Executors$RunnableAdapter.call(Executors.java:511)
	at java.util.concurrent.FutureTask.run(FutureTask.java:266)
	at java.util.concurrent.ThreadPoolExecutor.runWorker(ThreadPoolExecutor.java:1149)
	at java.util.concurrent.ThreadPoolExecutor$Worker.run(ThreadPoolExecutor.java:624)
	... 1 more
Caused by: org.apache.ratis.thirdparty.io.netty.channel.AbstractChannel$AnnotatedConnectException: Connection refused: /192.168.157.233:42906
	at sun.nio.ch.SocketChannelImpl.checkConnect(Native Method)
	at sun.nio.ch.SocketChannelImpl.finishConnect(SocketChannelImpl.java:717)
	at org.apache.ratis.thirdparty.io.netty.channel.socket.nio.NioSocketChannel.doFinishConnect(NioSocketChannel.java:327)
	at org.apache.ratis.thirdparty.io.netty.channel.nio.AbstractNioChannel$AbstractNioUnsafe.finishConnect(AbstractNioChannel.java:340)
	at org.apache.ratis.thirdparty.io.netty.channel.nio.NioEventLoop.processSelectedKey(NioEventLoop.java:632)
	at org.apache.ratis.thirdparty.io.netty.channel.nio.NioEventLoop.processSelectedKeysOptimized(NioEventLoop.java:579)
	at org.apache.ratis.thirdparty.io.netty.channel.nio.NioEventLoop.processSelectedKeys(NioEventLoop.java:496)
	at org.apache.ratis.thirdparty.io.netty.channel.nio.NioEventLoop.run(NioEventLoop.java:458)
	at org.apache.ratis.thirdparty.io.netty.util.concurrent.SingleThreadEventExecutor$5.run(SingleThreadEventExecutor.java:897)
	at org.apache.ratis.thirdparty.io.netty.util.concurrent.FastThreadLocalRunnable.run(FastThreadLocalRunnable.java:30)
	... 1 more
Caused by: java.net.ConnectException: Connection refused
	... 11 more
2019-10-25 11:08:06,095 [f6cfa8a2-85ff-4bb9-a246-101c53d2d47b@group-49E82E920F3F-LeaderElection651] INFO  impl.RaftServerImpl (RaftServerImpl.java:setRole(184)) - f6cfa8a2-85ff-4bb9-a246-101c53d2d47b@group-49E82E920F3F: changes role from CANDIDATE to FOLLOWER at term 242 for DISCOVERED_A_NEW_TERM
2019-10-25 11:08:06,095 [f6cfa8a2-85ff-4bb9-a246-101c53d2d47b@group-49E82E920F3F-LeaderElection651] INFO  impl.RoleInfo (RoleInfo.java:shutdownLeaderElection(134)) - f6cfa8a2-85ff-4bb9-a246-101c53d2d47b: shutdown LeaderElection
2019-10-25 11:08:06,095 [f6cfa8a2-85ff-4bb9-a246-101c53d2d47b@group-49E82E920F3F-LeaderElection651] INFO  impl.RoleInfo (RoleInfo.java:updateAndGet(143)) - f6cfa8a2-85ff-4bb9-a246-101c53d2d47b: start FollowerState
2019-10-25 11:08:06,207 [Thread-5216] INFO  impl.FollowerState (FollowerState.java:run(108)) - f6cfa8a2-85ff-4bb9-a246-101c53d2d47b@group-49E82E920F3F-FollowerState: change to CANDIDATE, lastRpcTime:111ms, electionTimeout:111ms
2019-10-25 11:08:06,207 [Thread-5216] INFO  impl.RoleInfo (RoleInfo.java:shutdownFollowerState(121)) - f6cfa8a2-85ff-4bb9-a246-101c53d2d47b: shutdown FollowerState
2019-10-25 11:08:06,207 [Thread-5216] INFO  impl.RaftServerImpl (RaftServerImpl.java:setRole(184)) - f6cfa8a2-85ff-4bb9-a246-101c53d2d47b@group-49E82E920F3F: changes role from  FOLLOWER to CANDIDATE at term 242 for changeToCandidate
2019-10-25 11:08:06,207 [Thread-5216] INFO  impl.RoleInfo (RoleInfo.java:updateAndGet(143)) - f6cfa8a2-85ff-4bb9-a246-101c53d2d47b: start LeaderElection
2019-10-25 11:08:06,220 [f6cfa8a2-85ff-4bb9-a246-101c53d2d47b@group-49E82E920F3F-LeaderElection652] INFO  impl.LeaderElection (LeaderElection.java:askForVotes(178)) - f6cfa8a2-85ff-4bb9-a246-101c53d2d47b@group-49E82E920F3F-LeaderElection652: begin an election at term 243 for -1: [7fad1e98-7a6b-4998-a30c-ec1ab88068bc:192.168.157.233:35716, bdb27072-dd00-4d3b-a7da-41600e490ca3:192.168.157.233:42906, f6cfa8a2-85ff-4bb9-a246-101c53d2d47b:192.168.157.233:44618], old=null
2019-10-25 11:08:06,221 [f6cfa8a2-85ff-4bb9-a246-101c53d2d47b@group-49E82E920F3F-LeaderElection652] INFO  impl.LeaderElection (LogUtils.java:infoOrTrace(149)) - f6cfa8a2-85ff-4bb9-a246-101c53d2d47b@group-49E82E920F3F-LeaderElection652 got exception when requesting votes: {}
java.util.concurrent.ExecutionException: org.apache.ratis.thirdparty.io.grpc.StatusRuntimeException: UNAVAILABLE: io exception
	at java.util.concurrent.FutureTask.report(FutureTask.java:122)
	at java.util.concurrent.FutureTask.get(FutureTask.java:192)
	at org.apache.ratis.server.impl.LeaderElection.waitForResults(LeaderElection.java:259)
	at org.apache.ratis.server.impl.LeaderElection.askForVotes(LeaderElection.java:197)
	at org.apache.ratis.server.impl.LeaderElection.run(LeaderElection.java:133)
	at java.lang.Thread.run(Thread.java:748)
Caused by: org.apache.ratis.thirdparty.io.grpc.StatusRuntimeException: UNAVAILABLE: io exception
	at org.apache.ratis.thirdparty.io.grpc.stub.ClientCalls.toStatusRuntimeException(ClientCalls.java:233)
	at org.apache.ratis.thirdparty.io.grpc.stub.ClientCalls.getUnchecked(ClientCalls.java:214)
	at org.apache.ratis.thirdparty.io.grpc.stub.ClientCalls.blockingUnaryCall(ClientCalls.java:139)
	at org.apache.ratis.proto.grpc.RaftServerProtocolServiceGrpc$RaftServerProtocolServiceBlockingStub.requestVote(RaftServerProtocolServiceGrpc.java:265)
	at org.apache.ratis.grpc.server.GrpcServerProtocolClient.requestVote(GrpcServerProtocolClient.java:99)
	at org.apache.ratis.grpc.server.GrpcService.requestVote(GrpcService.java:204)
	at org.apache.ratis.server.impl.LeaderElection.lambda$submitRequests$1(LeaderElection.java:234)
	at java.util.concurrent.FutureTask.run(FutureTask.java:266)
	at java.util.concurrent.Executors$RunnableAdapter.call(Executors.java:511)
	at java.util.concurrent.FutureTask.run(FutureTask.java:266)
	at java.util.concurrent.ThreadPoolExecutor.runWorker(ThreadPoolExecutor.java:1149)
	at java.util.concurrent.ThreadPoolExecutor$Worker.run(ThreadPoolExecutor.java:624)
	... 1 more
Caused by: org.apache.ratis.thirdparty.io.netty.channel.AbstractChannel$AnnotatedConnectException: Connection refused: /192.168.157.233:35716
	at sun.nio.ch.SocketChannelImpl.checkConnect(Native Method)
	at sun.nio.ch.SocketChannelImpl.finishConnect(SocketChannelImpl.java:717)
	at org.apache.ratis.thirdparty.io.netty.channel.socket.nio.NioSocketChannel.doFinishConnect(NioSocketChannel.java:327)
	at org.apache.ratis.thirdparty.io.netty.channel.nio.AbstractNioChannel$AbstractNioUnsafe.finishConnect(AbstractNioChannel.java:340)
	at org.apache.ratis.thirdparty.io.netty.channel.nio.NioEventLoop.processSelectedKey(NioEventLoop.java:632)
	at org.apache.ratis.thirdparty.io.netty.channel.nio.NioEventLoop.processSelectedKeysOptimized(NioEventLoop.java:579)
	at org.apache.ratis.thirdparty.io.netty.channel.nio.NioEventLoop.processSelectedKeys(NioEventLoop.java:496)
	at org.apache.ratis.thirdparty.io.netty.channel.nio.NioEventLoop.run(NioEventLoop.java:458)
	at org.apache.ratis.thirdparty.io.netty.util.concurrent.SingleThreadEventExecutor$5.run(SingleThreadEventExecutor.java:897)
	at org.apache.ratis.thirdparty.io.netty.util.concurrent.FastThreadLocalRunnable.run(FastThreadLocalRunnable.java:30)
	... 1 more
Caused by: java.net.ConnectException: Connection refused
	... 11 more
2019-10-25 11:08:06,221 [f6cfa8a2-85ff-4bb9-a246-101c53d2d47b@group-49E82E920F3F-LeaderElection652] INFO  impl.LeaderElection (LogUtils.java:infoOrTrace(149)) - f6cfa8a2-85ff-4bb9-a246-101c53d2d47b@group-49E82E920F3F-LeaderElection652 got exception when requesting votes: {}
java.util.concurrent.ExecutionException: org.apache.ratis.thirdparty.io.grpc.StatusRuntimeException: UNAVAILABLE: io exception
	at java.util.concurrent.FutureTask.report(FutureTask.java:122)
	at java.util.concurrent.FutureTask.get(FutureTask.java:192)
	at org.apache.ratis.server.impl.LeaderElection.waitForResults(LeaderElection.java:259)
	at org.apache.ratis.server.impl.LeaderElection.askForVotes(LeaderElection.java:197)
	at org.apache.ratis.server.impl.LeaderElection.run(LeaderElection.java:133)
	at java.lang.Thread.run(Thread.java:748)
Caused by: org.apache.ratis.thirdparty.io.grpc.StatusRuntimeException: UNAVAILABLE: io exception
	at org.apache.ratis.thirdparty.io.grpc.stub.ClientCalls.toStatusRuntimeException(ClientCalls.java:233)
	at org.apache.ratis.thirdparty.io.grpc.stub.ClientCalls.getUnchecked(ClientCalls.java:214)
	at org.apache.ratis.thirdparty.io.grpc.stub.ClientCalls.blockingUnaryCall(ClientCalls.java:139)
	at org.apache.ratis.proto.grpc.RaftServerProtocolServiceGrpc$RaftServerProtocolServiceBlockingStub.requestVote(RaftServerProtocolServiceGrpc.java:265)
	at org.apache.ratis.grpc.server.GrpcServerProtocolClient.requestVote(GrpcServerProtocolClient.java:99)
	at org.apache.ratis.grpc.server.GrpcService.requestVote(GrpcService.java:204)
	at org.apache.ratis.server.impl.LeaderElection.lambda$submitRequests$1(LeaderElection.java:234)
	at java.util.concurrent.FutureTask.run(FutureTask.java:266)
	at java.util.concurrent.Executors$RunnableAdapter.call(Executors.java:511)
	at java.util.concurrent.FutureTask.run(FutureTask.java:266)
	at java.util.concurrent.ThreadPoolExecutor.runWorker(ThreadPoolExecutor.java:1149)
	at java.util.concurrent.ThreadPoolExecutor$Worker.run(ThreadPoolExecutor.java:624)
	... 1 more
Caused by: org.apache.ratis.thirdparty.io.netty.channel.AbstractChannel$AnnotatedConnectException: Connection refused: /192.168.157.233:42906
	at sun.nio.ch.SocketChannelImpl.checkConnect(Native Method)
	at sun.nio.ch.SocketChannelImpl.finishConnect(SocketChannelImpl.java:717)
	at org.apache.ratis.thirdparty.io.netty.channel.socket.nio.NioSocketChannel.doFinishConnect(NioSocketChannel.java:327)
	at org.apache.ratis.thirdparty.io.netty.channel.nio.AbstractNioChannel$AbstractNioUnsafe.finishConnect(AbstractNioChannel.java:340)
	at org.apache.ratis.thirdparty.io.netty.channel.nio.NioEventLoop.processSelectedKey(NioEventLoop.java:632)
	at org.apache.ratis.thirdparty.io.netty.channel.nio.NioEventLoop.processSelectedKeysOptimized(NioEventLoop.java:579)
	at org.apache.ratis.thirdparty.io.netty.channel.nio.NioEventLoop.processSelectedKeys(NioEventLoop.java:496)
	at org.apache.ratis.thirdparty.io.netty.channel.nio.NioEventLoop.run(NioEventLoop.java:458)
	at org.apache.ratis.thirdparty.io.netty.util.concurrent.SingleThreadEventExecutor$5.run(SingleThreadEventExecutor.java:897)
	at org.apache.ratis.thirdparty.io.netty.util.concurrent.FastThreadLocalRunnable.run(FastThreadLocalRunnable.java:30)
	... 1 more
Caused by: java.net.ConnectException: Connection refused
	... 11 more
2019-10-25 11:08:06,222 [f6cfa8a2-85ff-4bb9-a246-101c53d2d47b@group-49E82E920F3F-LeaderElection652] INFO  impl.LeaderElection (LeaderElection.java:logAndReturn(56)) - f6cfa8a2-85ff-4bb9-a246-101c53d2d47b@group-49E82E920F3F-LeaderElection652: Election REJECTED; received 0 response(s) [] and 2 exception(s); f6cfa8a2-85ff-4bb9-a246-101c53d2d47b@group-49E82E920F3F:t243, leader=null, voted=f6cfa8a2-85ff-4bb9-a246-101c53d2d47b, raftlog=f6cfa8a2-85ff-4bb9-a246-101c53d2d47b@group-49E82E920F3F-SegmentedRaftLog:OPENED:c-1,f-1,i0, conf=-1: [7fad1e98-7a6b-4998-a30c-ec1ab88068bc:192.168.157.233:35716, bdb27072-dd00-4d3b-a7da-41600e490ca3:192.168.157.233:42906, f6cfa8a2-85ff-4bb9-a246-101c53d2d47b:192.168.157.233:44618], old=null
2019-10-25 11:08:06,222 [f6cfa8a2-85ff-4bb9-a246-101c53d2d47b@group-49E82E920F3F-LeaderElection652] INFO  impl.LeaderElection (LogUtils.java:infoOrTrace(149)) -   Exception 0: {}
java.util.concurrent.ExecutionException: org.apache.ratis.thirdparty.io.grpc.StatusRuntimeException: UNAVAILABLE: io exception
	at java.util.concurrent.FutureTask.report(FutureTask.java:122)
	at java.util.concurrent.FutureTask.get(FutureTask.java:192)
	at org.apache.ratis.server.impl.LeaderElection.waitForResults(LeaderElection.java:259)
	at org.apache.ratis.server.impl.LeaderElection.askForVotes(LeaderElection.java:197)
	at org.apache.ratis.server.impl.LeaderElection.run(LeaderElection.java:133)
	at java.lang.Thread.run(Thread.java:748)
Caused by: org.apache.ratis.thirdparty.io.grpc.StatusRuntimeException: UNAVAILABLE: io exception
	at org.apache.ratis.thirdparty.io.grpc.stub.ClientCalls.toStatusRuntimeException(ClientCalls.java:233)
	at org.apache.ratis.thirdparty.io.grpc.stub.ClientCalls.getUnchecked(ClientCalls.java:214)
	at org.apache.ratis.thirdparty.io.grpc.stub.ClientCalls.blockingUnaryCall(ClientCalls.java:139)
	at org.apache.ratis.proto.grpc.RaftServerProtocolServiceGrpc$RaftServerProtocolServiceBlockingStub.requestVote(RaftServerProtocolServiceGrpc.java:265)
	at org.apache.ratis.grpc.server.GrpcServerProtocolClient.requestVote(GrpcServerProtocolClient.java:99)
	at org.apache.ratis.grpc.server.GrpcService.requestVote(GrpcService.java:204)
	at org.apache.ratis.server.impl.LeaderElection.lambda$submitRequests$1(LeaderElection.java:234)
	at java.util.concurrent.FutureTask.run(FutureTask.java:266)
	at java.util.concurrent.Executors$RunnableAdapter.call(Executors.java:511)
	at java.util.concurrent.FutureTask.run(FutureTask.java:266)
	at java.util.concurrent.ThreadPoolExecutor.runWorker(ThreadPoolExecutor.java:1149)
	at java.util.concurrent.ThreadPoolExecutor$Worker.run(ThreadPoolExecutor.java:624)
	... 1 more
Caused by: org.apache.ratis.thirdparty.io.netty.channel.AbstractChannel$AnnotatedConnectException: Connection refused: /192.168.157.233:35716
	at sun.nio.ch.SocketChannelImpl.checkConnect(Native Method)
	at sun.nio.ch.SocketChannelImpl.finishConnect(SocketChannelImpl.java:717)
	at org.apache.ratis.thirdparty.io.netty.channel.socket.nio.NioSocketChannel.doFinishConnect(NioSocketChannel.java:327)
	at org.apache.ratis.thirdparty.io.netty.channel.nio.AbstractNioChannel$AbstractNioUnsafe.finishConnect(AbstractNioChannel.java:340)
	at org.apache.ratis.thirdparty.io.netty.channel.nio.NioEventLoop.processSelectedKey(NioEventLoop.java:632)
	at org.apache.ratis.thirdparty.io.netty.channel.nio.NioEventLoop.processSelectedKeysOptimized(NioEventLoop.java:579)
	at org.apache.ratis.thirdparty.io.netty.channel.nio.NioEventLoop.processSelectedKeys(NioEventLoop.java:496)
	at org.apache.ratis.thirdparty.io.netty.channel.nio.NioEventLoop.run(NioEventLoop.java:458)
	at org.apache.ratis.thirdparty.io.netty.util.concurrent.SingleThreadEventExecutor$5.run(SingleThreadEventExecutor.java:897)
	at org.apache.ratis.thirdparty.io.netty.util.concurrent.FastThreadLocalRunnable.run(FastThreadLocalRunnable.java:30)
	... 1 more
Caused by: java.net.ConnectException: Connection refused
	... 11 more
2019-10-25 11:08:06,222 [f6cfa8a2-85ff-4bb9-a246-101c53d2d47b@group-49E82E920F3F-LeaderElection652] INFO  impl.LeaderElection (LogUtils.java:infoOrTrace(149)) -   Exception 1: {}
java.util.concurrent.ExecutionException: org.apache.ratis.thirdparty.io.grpc.StatusRuntimeException: UNAVAILABLE: io exception
	at java.util.concurrent.FutureTask.report(FutureTask.java:122)
	at java.util.concurrent.FutureTask.get(FutureTask.java:192)
	at org.apache.ratis.server.impl.LeaderElection.waitForResults(LeaderElection.java:259)
	at org.apache.ratis.server.impl.LeaderElection.askForVotes(LeaderElection.java:197)
	at org.apache.ratis.server.impl.LeaderElection.run(LeaderElection.java:133)
	at java.lang.Thread.run(Thread.java:748)
Caused by: org.apache.ratis.thirdparty.io.grpc.StatusRuntimeException: UNAVAILABLE: io exception
	at org.apache.ratis.thirdparty.io.grpc.stub.ClientCalls.toStatusRuntimeException(ClientCalls.java:233)
	at org.apache.ratis.thirdparty.io.grpc.stub.ClientCalls.getUnchecked(ClientCalls.java:214)
	at org.apache.ratis.thirdparty.io.grpc.stub.ClientCalls.blockingUnaryCall(ClientCalls.java:139)
	at org.apache.ratis.proto.grpc.RaftServerProtocolServiceGrpc$RaftServerProtocolServiceBlockingStub.requestVote(RaftServerProtocolServiceGrpc.java:265)
	at org.apache.ratis.grpc.server.GrpcServerProtocolClient.requestVote(GrpcServerProtocolClient.java:99)
	at org.apache.ratis.grpc.server.GrpcService.requestVote(GrpcService.java:204)
	at org.apache.ratis.server.impl.LeaderElection.lambda$submitRequests$1(LeaderElection.java:234)
	at java.util.concurrent.FutureTask.run(FutureTask.java:266)
	at java.util.concurrent.Executors$RunnableAdapter.call(Executors.java:511)
	at java.util.concurrent.FutureTask.run(FutureTask.java:266)
	at java.util.concurrent.ThreadPoolExecutor.runWorker(ThreadPoolExecutor.java:1149)
	at java.util.concurrent.ThreadPoolExecutor$Worker.run(ThreadPoolExecutor.java:624)
	... 1 more
Caused by: org.apache.ratis.thirdparty.io.netty.channel.AbstractChannel$AnnotatedConnectException: Connection refused: /192.168.157.233:42906
	at sun.nio.ch.SocketChannelImpl.checkConnect(Native Method)
	at sun.nio.ch.SocketChannelImpl.finishConnect(SocketChannelImpl.java:717)
	at org.apache.ratis.thirdparty.io.netty.channel.socket.nio.NioSocketChannel.doFinishConnect(NioSocketChannel.java:327)
	at org.apache.ratis.thirdparty.io.netty.channel.nio.AbstractNioChannel$AbstractNioUnsafe.finishConnect(AbstractNioChannel.java:340)
	at org.apache.ratis.thirdparty.io.netty.channel.nio.NioEventLoop.processSelectedKey(NioEventLoop.java:632)
	at org.apache.ratis.thirdparty.io.netty.channel.nio.NioEventLoop.processSelectedKeysOptimized(NioEventLoop.java:579)
	at org.apache.ratis.thirdparty.io.netty.channel.nio.NioEventLoop.processSelectedKeys(NioEventLoop.java:496)
	at org.apache.ratis.thirdparty.io.netty.channel.nio.NioEventLoop.run(NioEventLoop.java:458)
	at org.apache.ratis.thirdparty.io.netty.util.concurrent.SingleThreadEventExecutor$5.run(SingleThreadEventExecutor.java:897)
	at org.apache.ratis.thirdparty.io.netty.util.concurrent.FastThreadLocalRunnable.run(FastThreadLocalRunnable.java:30)
	... 1 more
Caused by: java.net.ConnectException: Connection refused
	... 11 more
2019-10-25 11:08:06,222 [f6cfa8a2-85ff-4bb9-a246-101c53d2d47b@group-49E82E920F3F-LeaderElection652] INFO  impl.RaftServerImpl (RaftServerImpl.java:setRole(184)) - f6cfa8a2-85ff-4bb9-a246-101c53d2d47b@group-49E82E920F3F: changes role from CANDIDATE to FOLLOWER at term 243 for DISCOVERED_A_NEW_TERM
2019-10-25 11:08:06,222 [f6cfa8a2-85ff-4bb9-a246-101c53d2d47b@group-49E82E920F3F-LeaderElection652] INFO  impl.RoleInfo (RoleInfo.java:shutdownLeaderElection(134)) - f6cfa8a2-85ff-4bb9-a246-101c53d2d47b: shutdown LeaderElection
2019-10-25 11:08:06,222 [f6cfa8a2-85ff-4bb9-a246-101c53d2d47b@group-49E82E920F3F-LeaderElection652] INFO  impl.RoleInfo (RoleInfo.java:updateAndGet(143)) - f6cfa8a2-85ff-4bb9-a246-101c53d2d47b: start FollowerState
2019-10-25 11:08:06,317 [Thread-5222] INFO  impl.FollowerState (FollowerState.java:run(108)) - f6cfa8a2-85ff-4bb9-a246-101c53d2d47b@group-49E82E920F3F-FollowerState: change to CANDIDATE, lastRpcTime:94ms, electionTimeout:94ms
2019-10-25 11:08:06,317 [Thread-5222] INFO  impl.RoleInfo (RoleInfo.java:shutdownFollowerState(121)) - f6cfa8a2-85ff-4bb9-a246-101c53d2d47b: shutdown FollowerState
2019-10-25 11:08:06,317 [Thread-5222] INFO  impl.RaftServerImpl (RaftServerImpl.java:setRole(184)) - f6cfa8a2-85ff-4bb9-a246-101c53d2d47b@group-49E82E920F3F: changes role from  FOLLOWER to CANDIDATE at term 243 for changeToCandidate
2019-10-25 11:08:06,317 [Thread-5222] INFO  impl.RoleInfo (RoleInfo.java:updateAndGet(143)) - f6cfa8a2-85ff-4bb9-a246-101c53d2d47b: start LeaderElection
2019-10-25 11:08:06,331 [f6cfa8a2-85ff-4bb9-a246-101c53d2d47b@group-49E82E920F3F-LeaderElection653] INFO  impl.LeaderElection (LeaderElection.java:askForVotes(178)) - f6cfa8a2-85ff-4bb9-a246-101c53d2d47b@group-49E82E920F3F-LeaderElection653: begin an election at term 244 for -1: [7fad1e98-7a6b-4998-a30c-ec1ab88068bc:192.168.157.233:35716, bdb27072-dd00-4d3b-a7da-41600e490ca3:192.168.157.233:42906, f6cfa8a2-85ff-4bb9-a246-101c53d2d47b:192.168.157.233:44618], old=null
2019-10-25 11:08:06,332 [f6cfa8a2-85ff-4bb9-a246-101c53d2d47b@group-49E82E920F3F-LeaderElection653] INFO  impl.LeaderElection (LogUtils.java:infoOrTrace(149)) - f6cfa8a2-85ff-4bb9-a246-101c53d2d47b@group-49E82E920F3F-LeaderElection653 got exception when requesting votes: {}
java.util.concurrent.ExecutionException: org.apache.ratis.thirdparty.io.grpc.StatusRuntimeException: UNAVAILABLE: io exception
	at java.util.concurrent.FutureTask.report(FutureTask.java:122)
	at java.util.concurrent.FutureTask.get(FutureTask.java:192)
	at org.apache.ratis.server.impl.LeaderElection.waitForResults(LeaderElection.java:259)
	at org.apache.ratis.server.impl.LeaderElection.askForVotes(LeaderElection.java:197)
	at org.apache.ratis.server.impl.LeaderElection.run(LeaderElection.java:133)
	at java.lang.Thread.run(Thread.java:748)
Caused by: org.apache.ratis.thirdparty.io.grpc.StatusRuntimeException: UNAVAILABLE: io exception
	at org.apache.ratis.thirdparty.io.grpc.stub.ClientCalls.toStatusRuntimeException(ClientCalls.java:233)
	at org.apache.ratis.thirdparty.io.grpc.stub.ClientCalls.getUnchecked(ClientCalls.java:214)
	at org.apache.ratis.thirdparty.io.grpc.stub.ClientCalls.blockingUnaryCall(ClientCalls.java:139)
	at org.apache.ratis.proto.grpc.RaftServerProtocolServiceGrpc$RaftServerProtocolServiceBlockingStub.requestVote(RaftServerProtocolServiceGrpc.java:265)
	at org.apache.ratis.grpc.server.GrpcServerProtocolClient.requestVote(GrpcServerProtocolClient.java:99)
	at org.apache.ratis.grpc.server.GrpcService.requestVote(GrpcService.java:204)
	at org.apache.ratis.server.impl.LeaderElection.lambda$submitRequests$1(LeaderElection.java:234)
	at java.util.concurrent.FutureTask.run(FutureTask.java:266)
	at java.util.concurrent.Executors$RunnableAdapter.call(Executors.java:511)
	at java.util.concurrent.FutureTask.run(FutureTask.java:266)
	at java.util.concurrent.ThreadPoolExecutor.runWorker(ThreadPoolExecutor.java:1149)
	at java.util.concurrent.ThreadPoolExecutor$Worker.run(ThreadPoolExecutor.java:624)
	... 1 more
Caused by: org.apache.ratis.thirdparty.io.netty.channel.AbstractChannel$AnnotatedConnectException: Connection refused: /192.168.157.233:35716
	at sun.nio.ch.SocketChannelImpl.checkConnect(Native Method)
	at sun.nio.ch.SocketChannelImpl.finishConnect(SocketChannelImpl.java:717)
	at org.apache.ratis.thirdparty.io.netty.channel.socket.nio.NioSocketChannel.doFinishConnect(NioSocketChannel.java:327)
	at org.apache.ratis.thirdparty.io.netty.channel.nio.AbstractNioChannel$AbstractNioUnsafe.finishConnect(AbstractNioChannel.java:340)
	at org.apache.ratis.thirdparty.io.netty.channel.nio.NioEventLoop.processSelectedKey(NioEventLoop.java:632)
	at org.apache.ratis.thirdparty.io.netty.channel.nio.NioEventLoop.processSelectedKeysOptimized(NioEventLoop.java:579)
	at org.apache.ratis.thirdparty.io.netty.channel.nio.NioEventLoop.processSelectedKeys(NioEventLoop.java:496)
	at org.apache.ratis.thirdparty.io.netty.channel.nio.NioEventLoop.run(NioEventLoop.java:458)
	at org.apache.ratis.thirdparty.io.netty.util.concurrent.SingleThreadEventExecutor$5.run(SingleThreadEventExecutor.java:897)
	at org.apache.ratis.thirdparty.io.netty.util.concurrent.FastThreadLocalRunnable.run(FastThreadLocalRunnable.java:30)
	... 1 more
Caused by: java.net.ConnectException: Connection refused
	... 11 more
2019-10-25 11:08:06,333 [f6cfa8a2-85ff-4bb9-a246-101c53d2d47b@group-49E82E920F3F-LeaderElection653] INFO  impl.LeaderElection (LogUtils.java:infoOrTrace(149)) - f6cfa8a2-85ff-4bb9-a246-101c53d2d47b@group-49E82E920F3F-LeaderElection653 got exception when requesting votes: {}
java.util.concurrent.ExecutionException: org.apache.ratis.thirdparty.io.grpc.StatusRuntimeException: UNAVAILABLE: io exception
	at java.util.concurrent.FutureTask.report(FutureTask.java:122)
	at java.util.concurrent.FutureTask.get(FutureTask.java:192)
	at org.apache.ratis.server.impl.LeaderElection.waitForResults(LeaderElection.java:259)
	at org.apache.ratis.server.impl.LeaderElection.askForVotes(LeaderElection.java:197)
	at org.apache.ratis.server.impl.LeaderElection.run(LeaderElection.java:133)
	at java.lang.Thread.run(Thread.java:748)
Caused by: org.apache.ratis.thirdparty.io.grpc.StatusRuntimeException: UNAVAILABLE: io exception
	at org.apache.ratis.thirdparty.io.grpc.stub.ClientCalls.toStatusRuntimeException(ClientCalls.java:233)
	at org.apache.ratis.thirdparty.io.grpc.stub.ClientCalls.getUnchecked(ClientCalls.java:214)
	at org.apache.ratis.thirdparty.io.grpc.stub.ClientCalls.blockingUnaryCall(ClientCalls.java:139)
	at org.apache.ratis.proto.grpc.RaftServerProtocolServiceGrpc$RaftServerProtocolServiceBlockingStub.requestVote(RaftServerProtocolServiceGrpc.java:265)
	at org.apache.ratis.grpc.server.GrpcServerProtocolClient.requestVote(GrpcServerProtocolClient.java:99)
	at org.apache.ratis.grpc.server.GrpcService.requestVote(GrpcService.java:204)
	at org.apache.ratis.server.impl.LeaderElection.lambda$submitRequests$1(LeaderElection.java:234)
	at java.util.concurrent.FutureTask.run(FutureTask.java:266)
	at java.util.concurrent.Executors$RunnableAdapter.call(Executors.java:511)
	at java.util.concurrent.FutureTask.run(FutureTask.java:266)
	at java.util.concurrent.ThreadPoolExecutor.runWorker(ThreadPoolExecutor.java:1149)
	at java.util.concurrent.ThreadPoolExecutor$Worker.run(ThreadPoolExecutor.java:624)
	... 1 more
Caused by: org.apache.ratis.thirdparty.io.netty.channel.AbstractChannel$AnnotatedConnectException: Connection refused: /192.168.157.233:42906
	at sun.nio.ch.SocketChannelImpl.checkConnect(Native Method)
	at sun.nio.ch.SocketChannelImpl.finishConnect(SocketChannelImpl.java:717)
	at org.apache.ratis.thirdparty.io.netty.channel.socket.nio.NioSocketChannel.doFinishConnect(NioSocketChannel.java:327)
	at org.apache.ratis.thirdparty.io.netty.channel.nio.AbstractNioChannel$AbstractNioUnsafe.finishConnect(AbstractNioChannel.java:340)
	at org.apache.ratis.thirdparty.io.netty.channel.nio.NioEventLoop.processSelectedKey(NioEventLoop.java:632)
	at org.apache.ratis.thirdparty.io.netty.channel.nio.NioEventLoop.processSelectedKeysOptimized(NioEventLoop.java:579)
	at org.apache.ratis.thirdparty.io.netty.channel.nio.NioEventLoop.processSelectedKeys(NioEventLoop.java:496)
	at org.apache.ratis.thirdparty.io.netty.channel.nio.NioEventLoop.run(NioEventLoop.java:458)
	at org.apache.ratis.thirdparty.io.netty.util.concurrent.SingleThreadEventExecutor$5.run(SingleThreadEventExecutor.java:897)
	at org.apache.ratis.thirdparty.io.netty.util.concurrent.FastThreadLocalRunnable.run(FastThreadLocalRunnable.java:30)
	... 1 more
Caused by: java.net.ConnectException: Connection refused
	... 11 more
2019-10-25 11:08:06,333 [f6cfa8a2-85ff-4bb9-a246-101c53d2d47b@group-49E82E920F3F-LeaderElection653] INFO  impl.LeaderElection (LeaderElection.java:logAndReturn(56)) - f6cfa8a2-85ff-4bb9-a246-101c53d2d47b@group-49E82E920F3F-LeaderElection653: Election REJECTED; received 0 response(s) [] and 2 exception(s); f6cfa8a2-85ff-4bb9-a246-101c53d2d47b@group-49E82E920F3F:t244, leader=null, voted=f6cfa8a2-85ff-4bb9-a246-101c53d2d47b, raftlog=f6cfa8a2-85ff-4bb9-a246-101c53d2d47b@group-49E82E920F3F-SegmentedRaftLog:OPENED:c-1,f-1,i0, conf=-1: [7fad1e98-7a6b-4998-a30c-ec1ab88068bc:192.168.157.233:35716, bdb27072-dd00-4d3b-a7da-41600e490ca3:192.168.157.233:42906, f6cfa8a2-85ff-4bb9-a246-101c53d2d47b:192.168.157.233:44618], old=null
2019-10-25 11:08:06,333 [f6cfa8a2-85ff-4bb9-a246-101c53d2d47b@group-49E82E920F3F-LeaderElection653] INFO  impl.LeaderElection (LogUtils.java:infoOrTrace(149)) -   Exception 0: {}
java.util.concurrent.ExecutionException: org.apache.ratis.thirdparty.io.grpc.StatusRuntimeException: UNAVAILABLE: io exception
	at java.util.concurrent.FutureTask.report(FutureTask.java:122)
	at java.util.concurrent.FutureTask.get(FutureTask.java:192)
	at org.apache.ratis.server.impl.LeaderElection.waitForResults(LeaderElection.java:259)
	at org.apache.ratis.server.impl.LeaderElection.askForVotes(LeaderElection.java:197)
	at org.apache.ratis.server.impl.LeaderElection.run(LeaderElection.java:133)
	at java.lang.Thread.run(Thread.java:748)
Caused by: org.apache.ratis.thirdparty.io.grpc.StatusRuntimeException: UNAVAILABLE: io exception
	at org.apache.ratis.thirdparty.io.grpc.stub.ClientCalls.toStatusRuntimeException(ClientCalls.java:233)
	at org.apache.ratis.thirdparty.io.grpc.stub.ClientCalls.getUnchecked(ClientCalls.java:214)
	at org.apache.ratis.thirdparty.io.grpc.stub.ClientCalls.blockingUnaryCall(ClientCalls.java:139)
	at org.apache.ratis.proto.grpc.RaftServerProtocolServiceGrpc$RaftServerProtocolServiceBlockingStub.requestVote(RaftServerProtocolServiceGrpc.java:265)
	at org.apache.ratis.grpc.server.GrpcServerProtocolClient.requestVote(GrpcServerProtocolClient.java:99)
	at org.apache.ratis.grpc.server.GrpcService.requestVote(GrpcService.java:204)
	at org.apache.ratis.server.impl.LeaderElection.lambda$submitRequests$1(LeaderElection.java:234)
	at java.util.concurrent.FutureTask.run(FutureTask.java:266)
	at java.util.concurrent.Executors$RunnableAdapter.call(Executors.java:511)
	at java.util.concurrent.FutureTask.run(FutureTask.java:266)
	at java.util.concurrent.ThreadPoolExecutor.runWorker(ThreadPoolExecutor.java:1149)
	at java.util.concurrent.ThreadPoolExecutor$Worker.run(ThreadPoolExecutor.java:624)
	... 1 more
Caused by: org.apache.ratis.thirdparty.io.netty.channel.AbstractChannel$AnnotatedConnectException: Connection refused: /192.168.157.233:35716
	at sun.nio.ch.SocketChannelImpl.checkConnect(Native Method)
	at sun.nio.ch.SocketChannelImpl.finishConnect(SocketChannelImpl.java:717)
	at org.apache.ratis.thirdparty.io.netty.channel.socket.nio.NioSocketChannel.doFinishConnect(NioSocketChannel.java:327)
	at org.apache.ratis.thirdparty.io.netty.channel.nio.AbstractNioChannel$AbstractNioUnsafe.finishConnect(AbstractNioChannel.java:340)
	at org.apache.ratis.thirdparty.io.netty.channel.nio.NioEventLoop.processSelectedKey(NioEventLoop.java:632)
	at org.apache.ratis.thirdparty.io.netty.channel.nio.NioEventLoop.processSelectedKeysOptimized(NioEventLoop.java:579)
	at org.apache.ratis.thirdparty.io.netty.channel.nio.NioEventLoop.processSelectedKeys(NioEventLoop.java:496)
	at org.apache.ratis.thirdparty.io.netty.channel.nio.NioEventLoop.run(NioEventLoop.java:458)
	at org.apache.ratis.thirdparty.io.netty.util.concurrent.SingleThreadEventExecutor$5.run(SingleThreadEventExecutor.java:897)
	at org.apache.ratis.thirdparty.io.netty.util.concurrent.FastThreadLocalRunnable.run(FastThreadLocalRunnable.java:30)
	... 1 more
Caused by: java.net.ConnectException: Connection refused
	... 11 more
2019-10-25 11:08:06,333 [f6cfa8a2-85ff-4bb9-a246-101c53d2d47b@group-49E82E920F3F-LeaderElection653] INFO  impl.LeaderElection (LogUtils.java:infoOrTrace(149)) -   Exception 1: {}
java.util.concurrent.ExecutionException: org.apache.ratis.thirdparty.io.grpc.StatusRuntimeException: UNAVAILABLE: io exception
	at java.util.concurrent.FutureTask.report(FutureTask.java:122)
	at java.util.concurrent.FutureTask.get(FutureTask.java:192)
	at org.apache.ratis.server.impl.LeaderElection.waitForResults(LeaderElection.java:259)
	at org.apache.ratis.server.impl.LeaderElection.askForVotes(LeaderElection.java:197)
	at org.apache.ratis.server.impl.LeaderElection.run(LeaderElection.java:133)
	at java.lang.Thread.run(Thread.java:748)
Caused by: org.apache.ratis.thirdparty.io.grpc.StatusRuntimeException: UNAVAILABLE: io exception
	at org.apache.ratis.thirdparty.io.grpc.stub.ClientCalls.toStatusRuntimeException(ClientCalls.java:233)
	at org.apache.ratis.thirdparty.io.grpc.stub.ClientCalls.getUnchecked(ClientCalls.java:214)
	at org.apache.ratis.thirdparty.io.grpc.stub.ClientCalls.blockingUnaryCall(ClientCalls.java:139)
	at org.apache.ratis.proto.grpc.RaftServerProtocolServiceGrpc$RaftServerProtocolServiceBlockingStub.requestVote(RaftServerProtocolServiceGrpc.java:265)
	at org.apache.ratis.grpc.server.GrpcServerProtocolClient.requestVote(GrpcServerProtocolClient.java:99)
	at org.apache.ratis.grpc.server.GrpcService.requestVote(GrpcService.java:204)
	at org.apache.ratis.server.impl.LeaderElection.lambda$submitRequests$1(LeaderElection.java:234)
	at java.util.concurrent.FutureTask.run(FutureTask.java:266)
	at java.util.concurrent.Executors$RunnableAdapter.call(Executors.java:511)
	at java.util.concurrent.FutureTask.run(FutureTask.java:266)
	at java.util.concurrent.ThreadPoolExecutor.runWorker(ThreadPoolExecutor.java:1149)
	at java.util.concurrent.ThreadPoolExecutor$Worker.run(ThreadPoolExecutor.java:624)
	... 1 more
Caused by: org.apache.ratis.thirdparty.io.netty.channel.AbstractChannel$AnnotatedConnectException: Connection refused: /192.168.157.233:42906
	at sun.nio.ch.SocketChannelImpl.checkConnect(Native Method)
	at sun.nio.ch.SocketChannelImpl.finishConnect(SocketChannelImpl.java:717)
	at org.apache.ratis.thirdparty.io.netty.channel.socket.nio.NioSocketChannel.doFinishConnect(NioSocketChannel.java:327)
	at org.apache.ratis.thirdparty.io.netty.channel.nio.AbstractNioChannel$AbstractNioUnsafe.finishConnect(AbstractNioChannel.java:340)
	at org.apache.ratis.thirdparty.io.netty.channel.nio.NioEventLoop.processSelectedKey(NioEventLoop.java:632)
	at org.apache.ratis.thirdparty.io.netty.channel.nio.NioEventLoop.processSelectedKeysOptimized(NioEventLoop.java:579)
	at org.apache.ratis.thirdparty.io.netty.channel.nio.NioEventLoop.processSelectedKeys(NioEventLoop.java:496)
	at org.apache.ratis.thirdparty.io.netty.channel.nio.NioEventLoop.run(NioEventLoop.java:458)
	at org.apache.ratis.thirdparty.io.netty.util.concurrent.SingleThreadEventExecutor$5.run(SingleThreadEventExecutor.java:897)
	at org.apache.ratis.thirdparty.io.netty.util.concurrent.FastThreadLocalRunnable.run(FastThreadLocalRunnable.java:30)
	... 1 more
Caused by: java.net.ConnectException: Connection refused
	... 11 more
2019-10-25 11:08:06,334 [f6cfa8a2-85ff-4bb9-a246-101c53d2d47b@group-49E82E920F3F-LeaderElection653] INFO  impl.RaftServerImpl (RaftServerImpl.java:setRole(184)) - f6cfa8a2-85ff-4bb9-a246-101c53d2d47b@group-49E82E920F3F: changes role from CANDIDATE to FOLLOWER at term 244 for DISCOVERED_A_NEW_TERM
2019-10-25 11:08:06,334 [f6cfa8a2-85ff-4bb9-a246-101c53d2d47b@group-49E82E920F3F-LeaderElection653] INFO  impl.RoleInfo (RoleInfo.java:shutdownLeaderElection(134)) - f6cfa8a2-85ff-4bb9-a246-101c53d2d47b: shutdown LeaderElection
2019-10-25 11:08:06,334 [f6cfa8a2-85ff-4bb9-a246-101c53d2d47b@group-49E82E920F3F-LeaderElection653] INFO  impl.RoleInfo (RoleInfo.java:updateAndGet(143)) - f6cfa8a2-85ff-4bb9-a246-101c53d2d47b: start FollowerState
2019-10-25 11:08:06,471 [java.util.concurrent.ThreadPoolExecutor$Worker@3e501297[State = -1, empty queue]] WARN  server.GrpcLogAppender (GrpcLogAppender.java:timeoutAppendRequest(209)) - 8a2c850d-503a-4b6a-9325-357a6554e10c@group-B334D6EBB589->e8f52f97-4cbf-4021-bc09-65b78a9dc21b-GrpcLogAppender: appendEntries Timeout, request=8a2c850d-503a-4b6a-9325-357a6554e10c->e8f52f97-4cbf-4021-bc09-65b78a9dc21b#53-t1, previous=(t:1, i:0), leaderCommit=0, initializing? false, entries: <empty>
2019-10-25 11:08:06,484 [java.util.concurrent.ThreadPoolExecutor$Worker@33ec010c[State = -1, empty queue]] WARN  server.GrpcLogAppender (GrpcLogAppender.java:timeoutAppendRequest(209)) - 8a2c850d-503a-4b6a-9325-357a6554e10c@group-B334D6EBB589->f5dc0a75-b584-4700-be7c-7942c0d8117c-GrpcLogAppender: appendEntries Timeout, request=8a2c850d-503a-4b6a-9325-357a6554e10c->f5dc0a75-b584-4700-be7c-7942c0d8117c#53-t1, previous=(t:1, i:0), leaderCommit=0, initializing? false, entries: <empty>
2019-10-25 11:08:06,505 [Thread-5226] INFO  impl.FollowerState (FollowerState.java:run(108)) - f6cfa8a2-85ff-4bb9-a246-101c53d2d47b@group-49E82E920F3F-FollowerState: change to CANDIDATE, lastRpcTime:171ms, electionTimeout:171ms
2019-10-25 11:08:06,505 [Thread-5226] INFO  impl.RoleInfo (RoleInfo.java:shutdownFollowerState(121)) - f6cfa8a2-85ff-4bb9-a246-101c53d2d47b: shutdown FollowerState
2019-10-25 11:08:06,506 [Thread-5226] INFO  impl.RaftServerImpl (RaftServerImpl.java:setRole(184)) - f6cfa8a2-85ff-4bb9-a246-101c53d2d47b@group-49E82E920F3F: changes role from  FOLLOWER to CANDIDATE at term 244 for changeToCandidate
2019-10-25 11:08:06,506 [Thread-5226] INFO  impl.RoleInfo (RoleInfo.java:updateAndGet(143)) - f6cfa8a2-85ff-4bb9-a246-101c53d2d47b: start LeaderElection
2019-10-25 11:08:06,541 [f6cfa8a2-85ff-4bb9-a246-101c53d2d47b@group-49E82E920F3F-LeaderElection654] INFO  impl.LeaderElection (LeaderElection.java:askForVotes(178)) - f6cfa8a2-85ff-4bb9-a246-101c53d2d47b@group-49E82E920F3F-LeaderElection654: begin an election at term 245 for -1: [7fad1e98-7a6b-4998-a30c-ec1ab88068bc:192.168.157.233:35716, bdb27072-dd00-4d3b-a7da-41600e490ca3:192.168.157.233:42906, f6cfa8a2-85ff-4bb9-a246-101c53d2d47b:192.168.157.233:44618], old=null
2019-10-25 11:08:06,541 [f6cfa8a2-85ff-4bb9-a246-101c53d2d47b@group-49E82E920F3F-LeaderElection654] INFO  impl.LeaderElection (LogUtils.java:infoOrTrace(149)) - f6cfa8a2-85ff-4bb9-a246-101c53d2d47b@group-49E82E920F3F-LeaderElection654 got exception when requesting votes: {}
java.util.concurrent.ExecutionException: org.apache.ratis.thirdparty.io.grpc.StatusRuntimeException: UNAVAILABLE: io exception
	at java.util.concurrent.FutureTask.report(FutureTask.java:122)
	at java.util.concurrent.FutureTask.get(FutureTask.java:192)
	at org.apache.ratis.server.impl.LeaderElection.waitForResults(LeaderElection.java:259)
	at org.apache.ratis.server.impl.LeaderElection.askForVotes(LeaderElection.java:197)
	at org.apache.ratis.server.impl.LeaderElection.run(LeaderElection.java:133)
	at java.lang.Thread.run(Thread.java:748)
Caused by: org.apache.ratis.thirdparty.io.grpc.StatusRuntimeException: UNAVAILABLE: io exception
	at org.apache.ratis.thirdparty.io.grpc.stub.ClientCalls.toStatusRuntimeException(ClientCalls.java:233)
	at org.apache.ratis.thirdparty.io.grpc.stub.ClientCalls.getUnchecked(ClientCalls.java:214)
	at org.apache.ratis.thirdparty.io.grpc.stub.ClientCalls.blockingUnaryCall(ClientCalls.java:139)
	at org.apache.ratis.proto.grpc.RaftServerProtocolServiceGrpc$RaftServerProtocolServiceBlockingStub.requestVote(RaftServerProtocolServiceGrpc.java:265)
	at org.apache.ratis.grpc.server.GrpcServerProtocolClient.requestVote(GrpcServerProtocolClient.java:99)
	at org.apache.ratis.grpc.server.GrpcService.requestVote(GrpcService.java:204)
	at org.apache.ratis.server.impl.LeaderElection.lambda$submitRequests$1(LeaderElection.java:234)
	at java.util.concurrent.FutureTask.run(FutureTask.java:266)
	at java.util.concurrent.Executors$RunnableAdapter.call(Executors.java:511)
	at java.util.concurrent.FutureTask.run(FutureTask.java:266)
	at java.util.concurrent.ThreadPoolExecutor.runWorker(ThreadPoolExecutor.java:1149)
	at java.util.concurrent.ThreadPoolExecutor$Worker.run(ThreadPoolExecutor.java:624)
	... 1 more
Caused by: org.apache.ratis.thirdparty.io.netty.channel.AbstractChannel$AnnotatedConnectException: Connection refused: /192.168.157.233:35716
	at sun.nio.ch.SocketChannelImpl.checkConnect(Native Method)
	at sun.nio.ch.SocketChannelImpl.finishConnect(SocketChannelImpl.java:717)
	at org.apache.ratis.thirdparty.io.netty.channel.socket.nio.NioSocketChannel.doFinishConnect(NioSocketChannel.java:327)
	at org.apache.ratis.thirdparty.io.netty.channel.nio.AbstractNioChannel$AbstractNioUnsafe.finishConnect(AbstractNioChannel.java:340)
	at org.apache.ratis.thirdparty.io.netty.channel.nio.NioEventLoop.processSelectedKey(NioEventLoop.java:632)
	at org.apache.ratis.thirdparty.io.netty.channel.nio.NioEventLoop.processSelectedKeysOptimized(NioEventLoop.java:579)
	at org.apache.ratis.thirdparty.io.netty.channel.nio.NioEventLoop.processSelectedKeys(NioEventLoop.java:496)
	at org.apache.ratis.thirdparty.io.netty.channel.nio.NioEventLoop.run(NioEventLoop.java:458)
	at org.apache.ratis.thirdparty.io.netty.util.concurrent.SingleThreadEventExecutor$5.run(SingleThreadEventExecutor.java:897)
	at org.apache.ratis.thirdparty.io.netty.util.concurrent.FastThreadLocalRunnable.run(FastThreadLocalRunnable.java:30)
	... 1 more
Caused by: java.net.ConnectException: Connection refused
	... 11 more
2019-10-25 11:08:06,542 [f6cfa8a2-85ff-4bb9-a246-101c53d2d47b@group-49E82E920F3F-LeaderElection654] INFO  impl.LeaderElection (LogUtils.java:infoOrTrace(149)) - f6cfa8a2-85ff-4bb9-a246-101c53d2d47b@group-49E82E920F3F-LeaderElection654 got exception when requesting votes: {}
java.util.concurrent.ExecutionException: org.apache.ratis.thirdparty.io.grpc.StatusRuntimeException: UNAVAILABLE: io exception
	at java.util.concurrent.FutureTask.report(FutureTask.java:122)
	at java.util.concurrent.FutureTask.get(FutureTask.java:192)
	at org.apache.ratis.server.impl.LeaderElection.waitForResults(LeaderElection.java:259)
	at org.apache.ratis.server.impl.LeaderElection.askForVotes(LeaderElection.java:197)
	at org.apache.ratis.server.impl.LeaderElection.run(LeaderElection.java:133)
	at java.lang.Thread.run(Thread.java:748)
Caused by: org.apache.ratis.thirdparty.io.grpc.StatusRuntimeException: UNAVAILABLE: io exception
	at org.apache.ratis.thirdparty.io.grpc.stub.ClientCalls.toStatusRuntimeException(ClientCalls.java:233)
	at org.apache.ratis.thirdparty.io.grpc.stub.ClientCalls.getUnchecked(ClientCalls.java:214)
	at org.apache.ratis.thirdparty.io.grpc.stub.ClientCalls.blockingUnaryCall(ClientCalls.java:139)
	at org.apache.ratis.proto.grpc.RaftServerProtocolServiceGrpc$RaftServerProtocolServiceBlockingStub.requestVote(RaftServerProtocolServiceGrpc.java:265)
	at org.apache.ratis.grpc.server.GrpcServerProtocolClient.requestVote(GrpcServerProtocolClient.java:99)
	at org.apache.ratis.grpc.server.GrpcService.requestVote(GrpcService.java:204)
	at org.apache.ratis.server.impl.LeaderElection.lambda$submitRequests$1(LeaderElection.java:234)
	at java.util.concurrent.FutureTask.run(FutureTask.java:266)
	at java.util.concurrent.Executors$RunnableAdapter.call(Executors.java:511)
	at java.util.concurrent.FutureTask.run(FutureTask.java:266)
	at java.util.concurrent.ThreadPoolExecutor.runWorker(ThreadPoolExecutor.java:1149)
	at java.util.concurrent.ThreadPoolExecutor$Worker.run(ThreadPoolExecutor.java:624)
	... 1 more
Caused by: org.apache.ratis.thirdparty.io.netty.channel.AbstractChannel$AnnotatedConnectException: Connection refused: /192.168.157.233:42906
	at sun.nio.ch.SocketChannelImpl.checkConnect(Native Method)
	at sun.nio.ch.SocketChannelImpl.finishConnect(SocketChannelImpl.java:717)
	at org.apache.ratis.thirdparty.io.netty.channel.socket.nio.NioSocketChannel.doFinishConnect(NioSocketChannel.java:327)
	at org.apache.ratis.thirdparty.io.netty.channel.nio.AbstractNioChannel$AbstractNioUnsafe.finishConnect(AbstractNioChannel.java:340)
	at org.apache.ratis.thirdparty.io.netty.channel.nio.NioEventLoop.processSelectedKey(NioEventLoop.java:632)
	at org.apache.ratis.thirdparty.io.netty.channel.nio.NioEventLoop.processSelectedKeysOptimized(NioEventLoop.java:579)
	at org.apache.ratis.thirdparty.io.netty.channel.nio.NioEventLoop.processSelectedKeys(NioEventLoop.java:496)
	at org.apache.ratis.thirdparty.io.netty.channel.nio.NioEventLoop.run(NioEventLoop.java:458)
	at org.apache.ratis.thirdparty.io.netty.util.concurrent.SingleThreadEventExecutor$5.run(SingleThreadEventExecutor.java:897)
	at org.apache.ratis.thirdparty.io.netty.util.concurrent.FastThreadLocalRunnable.run(FastThreadLocalRunnable.java:30)
	... 1 more
Caused by: java.net.ConnectException: Connection refused
	... 11 more
2019-10-25 11:08:06,542 [f6cfa8a2-85ff-4bb9-a246-101c53d2d47b@group-49E82E920F3F-LeaderElection654] INFO  impl.LeaderElection (LeaderElection.java:logAndReturn(56)) - f6cfa8a2-85ff-4bb9-a246-101c53d2d47b@group-49E82E920F3F-LeaderElection654: Election REJECTED; received 0 response(s) [] and 2 exception(s); f6cfa8a2-85ff-4bb9-a246-101c53d2d47b@group-49E82E920F3F:t245, leader=null, voted=f6cfa8a2-85ff-4bb9-a246-101c53d2d47b, raftlog=f6cfa8a2-85ff-4bb9-a246-101c53d2d47b@group-49E82E920F3F-SegmentedRaftLog:OPENED:c-1,f-1,i0, conf=-1: [7fad1e98-7a6b-4998-a30c-ec1ab88068bc:192.168.157.233:35716, bdb27072-dd00-4d3b-a7da-41600e490ca3:192.168.157.233:42906, f6cfa8a2-85ff-4bb9-a246-101c53d2d47b:192.168.157.233:44618], old=null
2019-10-25 11:08:06,542 [f6cfa8a2-85ff-4bb9-a246-101c53d2d47b@group-49E82E920F3F-LeaderElection654] INFO  impl.LeaderElection (LogUtils.java:infoOrTrace(149)) -   Exception 0: {}
java.util.concurrent.ExecutionException: org.apache.ratis.thirdparty.io.grpc.StatusRuntimeException: UNAVAILABLE: io exception
	at java.util.concurrent.FutureTask.report(FutureTask.java:122)
	at java.util.concurrent.FutureTask.get(FutureTask.java:192)
	at org.apache.ratis.server.impl.LeaderElection.waitForResults(LeaderElection.java:259)
	at org.apache.ratis.server.impl.LeaderElection.askForVotes(LeaderElection.java:197)
	at org.apache.ratis.server.impl.LeaderElection.run(LeaderElection.java:133)
	at java.lang.Thread.run(Thread.java:748)
Caused by: org.apache.ratis.thirdparty.io.grpc.StatusRuntimeException: UNAVAILABLE: io exception
	at org.apache.ratis.thirdparty.io.grpc.stub.ClientCalls.toStatusRuntimeException(ClientCalls.java:233)
	at org.apache.ratis.thirdparty.io.grpc.stub.ClientCalls.getUnchecked(ClientCalls.java:214)
	at org.apache.ratis.thirdparty.io.grpc.stub.ClientCalls.blockingUnaryCall(ClientCalls.java:139)
	at org.apache.ratis.proto.grpc.RaftServerProtocolServiceGrpc$RaftServerProtocolServiceBlockingStub.requestVote(RaftServerProtocolServiceGrpc.java:265)
	at org.apache.ratis.grpc.server.GrpcServerProtocolClient.requestVote(GrpcServerProtocolClient.java:99)
	at org.apache.ratis.grpc.server.GrpcService.requestVote(GrpcService.java:204)
	at org.apache.ratis.server.impl.LeaderElection.lambda$submitRequests$1(LeaderElection.java:234)
	at java.util.concurrent.FutureTask.run(FutureTask.java:266)
	at java.util.concurrent.Executors$RunnableAdapter.call(Executors.java:511)
	at java.util.concurrent.FutureTask.run(FutureTask.java:266)
	at java.util.concurrent.ThreadPoolExecutor.runWorker(ThreadPoolExecutor.java:1149)
	at java.util.concurrent.ThreadPoolExecutor$Worker.run(ThreadPoolExecutor.java:624)
	... 1 more
Caused by: org.apache.ratis.thirdparty.io.netty.channel.AbstractChannel$AnnotatedConnectException: Connection refused: /192.168.157.233:35716
	at sun.nio.ch.SocketChannelImpl.checkConnect(Native Method)
	at sun.nio.ch.SocketChannelImpl.finishConnect(SocketChannelImpl.java:717)
	at org.apache.ratis.thirdparty.io.netty.channel.socket.nio.NioSocketChannel.doFinishConnect(NioSocketChannel.java:327)
	at org.apache.ratis.thirdparty.io.netty.channel.nio.AbstractNioChannel$AbstractNioUnsafe.finishConnect(AbstractNioChannel.java:340)
	at org.apache.ratis.thirdparty.io.netty.channel.nio.NioEventLoop.processSelectedKey(NioEventLoop.java:632)
	at org.apache.ratis.thirdparty.io.netty.channel.nio.NioEventLoop.processSelectedKeysOptimized(NioEventLoop.java:579)
	at org.apache.ratis.thirdparty.io.netty.channel.nio.NioEventLoop.processSelectedKeys(NioEventLoop.java:496)
	at org.apache.ratis.thirdparty.io.netty.channel.nio.NioEventLoop.run(NioEventLoop.java:458)
	at org.apache.ratis.thirdparty.io.netty.util.concurrent.SingleThreadEventExecutor$5.run(SingleThreadEventExecutor.java:897)
	at org.apache.ratis.thirdparty.io.netty.util.concurrent.FastThreadLocalRunnable.run(FastThreadLocalRunnable.java:30)
	... 1 more
Caused by: java.net.ConnectException: Connection refused
	... 11 more
2019-10-25 11:08:06,543 [f6cfa8a2-85ff-4bb9-a246-101c53d2d47b@group-49E82E920F3F-LeaderElection654] INFO  impl.LeaderElection (LogUtils.java:infoOrTrace(149)) -   Exception 1: {}
java.util.concurrent.ExecutionException: org.apache.ratis.thirdparty.io.grpc.StatusRuntimeException: UNAVAILABLE: io exception
	at java.util.concurrent.FutureTask.report(FutureTask.java:122)
	at java.util.concurrent.FutureTask.get(FutureTask.java:192)
	at org.apache.ratis.server.impl.LeaderElection.waitForResults(LeaderElection.java:259)
	at org.apache.ratis.server.impl.LeaderElection.askForVotes(LeaderElection.java:197)
	at org.apache.ratis.server.impl.LeaderElection.run(LeaderElection.java:133)
	at java.lang.Thread.run(Thread.java:748)
Caused by: org.apache.ratis.thirdparty.io.grpc.StatusRuntimeException: UNAVAILABLE: io exception
	at org.apache.ratis.thirdparty.io.grpc.stub.ClientCalls.toStatusRuntimeException(ClientCalls.java:233)
	at org.apache.ratis.thirdparty.io.grpc.stub.ClientCalls.getUnchecked(ClientCalls.java:214)
	at org.apache.ratis.thirdparty.io.grpc.stub.ClientCalls.blockingUnaryCall(ClientCalls.java:139)
	at org.apache.ratis.proto.grpc.RaftServerProtocolServiceGrpc$RaftServerProtocolServiceBlockingStub.requestVote(RaftServerProtocolServiceGrpc.java:265)
	at org.apache.ratis.grpc.server.GrpcServerProtocolClient.requestVote(GrpcServerProtocolClient.java:99)
	at org.apache.ratis.grpc.server.GrpcService.requestVote(GrpcService.java:204)
	at org.apache.ratis.server.impl.LeaderElection.lambda$submitRequests$1(LeaderElection.java:234)
	at java.util.concurrent.FutureTask.run(FutureTask.java:266)
	at java.util.concurrent.Executors$RunnableAdapter.call(Executors.java:511)
	at java.util.concurrent.FutureTask.run(FutureTask.java:266)
	at java.util.concurrent.ThreadPoolExecutor.runWorker(ThreadPoolExecutor.java:1149)
	at java.util.concurrent.ThreadPoolExecutor$Worker.run(ThreadPoolExecutor.java:624)
	... 1 more
Caused by: org.apache.ratis.thirdparty.io.netty.channel.AbstractChannel$AnnotatedConnectException: Connection refused: /192.168.157.233:42906
	at sun.nio.ch.SocketChannelImpl.checkConnect(Native Method)
	at sun.nio.ch.SocketChannelImpl.finishConnect(SocketChannelImpl.java:717)
	at org.apache.ratis.thirdparty.io.netty.channel.socket.nio.NioSocketChannel.doFinishConnect(NioSocketChannel.java:327)
	at org.apache.ratis.thirdparty.io.netty.channel.nio.AbstractNioChannel$AbstractNioUnsafe.finishConnect(AbstractNioChannel.java:340)
	at org.apache.ratis.thirdparty.io.netty.channel.nio.NioEventLoop.processSelectedKey(NioEventLoop.java:632)
	at org.apache.ratis.thirdparty.io.netty.channel.nio.NioEventLoop.processSelectedKeysOptimized(NioEventLoop.java:579)
	at org.apache.ratis.thirdparty.io.netty.channel.nio.NioEventLoop.processSelectedKeys(NioEventLoop.java:496)
	at org.apache.ratis.thirdparty.io.netty.channel.nio.NioEventLoop.run(NioEventLoop.java:458)
	at org.apache.ratis.thirdparty.io.netty.util.concurrent.SingleThreadEventExecutor$5.run(SingleThreadEventExecutor.java:897)
	at org.apache.ratis.thirdparty.io.netty.util.concurrent.FastThreadLocalRunnable.run(FastThreadLocalRunnable.java:30)
	... 1 more
Caused by: java.net.ConnectException: Connection refused
	... 11 more
2019-10-25 11:08:06,543 [f6cfa8a2-85ff-4bb9-a246-101c53d2d47b@group-49E82E920F3F-LeaderElection654] INFO  impl.RaftServerImpl (RaftServerImpl.java:setRole(184)) - f6cfa8a2-85ff-4bb9-a246-101c53d2d47b@group-49E82E920F3F: changes role from CANDIDATE to FOLLOWER at term 245 for DISCOVERED_A_NEW_TERM
2019-10-25 11:08:06,543 [f6cfa8a2-85ff-4bb9-a246-101c53d2d47b@group-49E82E920F3F-LeaderElection654] INFO  impl.RoleInfo (RoleInfo.java:shutdownLeaderElection(134)) - f6cfa8a2-85ff-4bb9-a246-101c53d2d47b: shutdown LeaderElection
2019-10-25 11:08:06,543 [f6cfa8a2-85ff-4bb9-a246-101c53d2d47b@group-49E82E920F3F-LeaderElection654] INFO  impl.RoleInfo (RoleInfo.java:updateAndGet(143)) - f6cfa8a2-85ff-4bb9-a246-101c53d2d47b: start FollowerState
2019-10-25 11:08:06,733 [Thread-5230] INFO  impl.FollowerState (FollowerState.java:run(108)) - f6cfa8a2-85ff-4bb9-a246-101c53d2d47b@group-49E82E920F3F-FollowerState: change to CANDIDATE, lastRpcTime:189ms, electionTimeout:189ms
2019-10-25 11:08:06,733 [Thread-5230] INFO  impl.RoleInfo (RoleInfo.java:shutdownFollowerState(121)) - f6cfa8a2-85ff-4bb9-a246-101c53d2d47b: shutdown FollowerState
2019-10-25 11:08:06,733 [Thread-5230] INFO  impl.RaftServerImpl (RaftServerImpl.java:setRole(184)) - f6cfa8a2-85ff-4bb9-a246-101c53d2d47b@group-49E82E920F3F: changes role from  FOLLOWER to CANDIDATE at term 245 for changeToCandidate
2019-10-25 11:08:06,733 [Thread-5230] INFO  impl.RoleInfo (RoleInfo.java:updateAndGet(143)) - f6cfa8a2-85ff-4bb9-a246-101c53d2d47b: start LeaderElection
2019-10-25 11:08:06,742 [f6cfa8a2-85ff-4bb9-a246-101c53d2d47b@group-49E82E920F3F-LeaderElection655] INFO  impl.LeaderElection (LeaderElection.java:askForVotes(178)) - f6cfa8a2-85ff-4bb9-a246-101c53d2d47b@group-49E82E920F3F-LeaderElection655: begin an election at term 246 for -1: [7fad1e98-7a6b-4998-a30c-ec1ab88068bc:192.168.157.233:35716, bdb27072-dd00-4d3b-a7da-41600e490ca3:192.168.157.233:42906, f6cfa8a2-85ff-4bb9-a246-101c53d2d47b:192.168.157.233:44618], old=null
2019-10-25 11:08:06,743 [f6cfa8a2-85ff-4bb9-a246-101c53d2d47b@group-49E82E920F3F-LeaderElection655] INFO  impl.LeaderElection (LogUtils.java:infoOrTrace(149)) - f6cfa8a2-85ff-4bb9-a246-101c53d2d47b@group-49E82E920F3F-LeaderElection655 got exception when requesting votes: {}
java.util.concurrent.ExecutionException: org.apache.ratis.thirdparty.io.grpc.StatusRuntimeException: UNAVAILABLE: io exception
	at java.util.concurrent.FutureTask.report(FutureTask.java:122)
	at java.util.concurrent.FutureTask.get(FutureTask.java:192)
	at org.apache.ratis.server.impl.LeaderElection.waitForResults(LeaderElection.java:259)
	at org.apache.ratis.server.impl.LeaderElection.askForVotes(LeaderElection.java:197)
	at org.apache.ratis.server.impl.LeaderElection.run(LeaderElection.java:133)
	at java.lang.Thread.run(Thread.java:748)
Caused by: org.apache.ratis.thirdparty.io.grpc.StatusRuntimeException: UNAVAILABLE: io exception
	at org.apache.ratis.thirdparty.io.grpc.stub.ClientCalls.toStatusRuntimeException(ClientCalls.java:233)
	at org.apache.ratis.thirdparty.io.grpc.stub.ClientCalls.getUnchecked(ClientCalls.java:214)
	at org.apache.ratis.thirdparty.io.grpc.stub.ClientCalls.blockingUnaryCall(ClientCalls.java:139)
	at org.apache.ratis.proto.grpc.RaftServerProtocolServiceGrpc$RaftServerProtocolServiceBlockingStub.requestVote(RaftServerProtocolServiceGrpc.java:265)
	at org.apache.ratis.grpc.server.GrpcServerProtocolClient.requestVote(GrpcServerProtocolClient.java:99)
	at org.apache.ratis.grpc.server.GrpcService.requestVote(GrpcService.java:204)
	at org.apache.ratis.server.impl.LeaderElection.lambda$submitRequests$1(LeaderElection.java:234)
	at java.util.concurrent.FutureTask.run(FutureTask.java:266)
	at java.util.concurrent.Executors$RunnableAdapter.call(Executors.java:511)
	at java.util.concurrent.FutureTask.run(FutureTask.java:266)
	at java.util.concurrent.ThreadPoolExecutor.runWorker(ThreadPoolExecutor.java:1149)
	at java.util.concurrent.ThreadPoolExecutor$Worker.run(ThreadPoolExecutor.java:624)
	... 1 more
Caused by: org.apache.ratis.thirdparty.io.netty.channel.AbstractChannel$AnnotatedConnectException: Connection refused: /192.168.157.233:35716
	at sun.nio.ch.SocketChannelImpl.checkConnect(Native Method)
	at sun.nio.ch.SocketChannelImpl.finishConnect(SocketChannelImpl.java:717)
	at org.apache.ratis.thirdparty.io.netty.channel.socket.nio.NioSocketChannel.doFinishConnect(NioSocketChannel.java:327)
	at org.apache.ratis.thirdparty.io.netty.channel.nio.AbstractNioChannel$AbstractNioUnsafe.finishConnect(AbstractNioChannel.java:340)
	at org.apache.ratis.thirdparty.io.netty.channel.nio.NioEventLoop.processSelectedKey(NioEventLoop.java:632)
	at org.apache.ratis.thirdparty.io.netty.channel.nio.NioEventLoop.processSelectedKeysOptimized(NioEventLoop.java:579)
	at org.apache.ratis.thirdparty.io.netty.channel.nio.NioEventLoop.processSelectedKeys(NioEventLoop.java:496)
	at org.apache.ratis.thirdparty.io.netty.channel.nio.NioEventLoop.run(NioEventLoop.java:458)
	at org.apache.ratis.thirdparty.io.netty.util.concurrent.SingleThreadEventExecutor$5.run(SingleThreadEventExecutor.java:897)
	at org.apache.ratis.thirdparty.io.netty.util.concurrent.FastThreadLocalRunnable.run(FastThreadLocalRunnable.java:30)
	... 1 more
Caused by: java.net.ConnectException: Connection refused
	... 11 more
2019-10-25 11:08:06,744 [f6cfa8a2-85ff-4bb9-a246-101c53d2d47b@group-49E82E920F3F-LeaderElection655] INFO  impl.LeaderElection (LogUtils.java:infoOrTrace(149)) - f6cfa8a2-85ff-4bb9-a246-101c53d2d47b@group-49E82E920F3F-LeaderElection655 got exception when requesting votes: {}
java.util.concurrent.ExecutionException: org.apache.ratis.thirdparty.io.grpc.StatusRuntimeException: UNAVAILABLE: io exception
	at java.util.concurrent.FutureTask.report(FutureTask.java:122)
	at java.util.concurrent.FutureTask.get(FutureTask.java:192)
	at org.apache.ratis.server.impl.LeaderElection.waitForResults(LeaderElection.java:259)
	at org.apache.ratis.server.impl.LeaderElection.askForVotes(LeaderElection.java:197)
	at org.apache.ratis.server.impl.LeaderElection.run(LeaderElection.java:133)
	at java.lang.Thread.run(Thread.java:748)
Caused by: org.apache.ratis.thirdparty.io.grpc.StatusRuntimeException: UNAVAILABLE: io exception
	at org.apache.ratis.thirdparty.io.grpc.stub.ClientCalls.toStatusRuntimeException(ClientCalls.java:233)
	at org.apache.ratis.thirdparty.io.grpc.stub.ClientCalls.getUnchecked(ClientCalls.java:214)
	at org.apache.ratis.thirdparty.io.grpc.stub.ClientCalls.blockingUnaryCall(ClientCalls.java:139)
	at org.apache.ratis.proto.grpc.RaftServerProtocolServiceGrpc$RaftServerProtocolServiceBlockingStub.requestVote(RaftServerProtocolServiceGrpc.java:265)
	at org.apache.ratis.grpc.server.GrpcServerProtocolClient.requestVote(GrpcServerProtocolClient.java:99)
	at org.apache.ratis.grpc.server.GrpcService.requestVote(GrpcService.java:204)
	at org.apache.ratis.server.impl.LeaderElection.lambda$submitRequests$1(LeaderElection.java:234)
	at java.util.concurrent.FutureTask.run(FutureTask.java:266)
	at java.util.concurrent.Executors$RunnableAdapter.call(Executors.java:511)
	at java.util.concurrent.FutureTask.run(FutureTask.java:266)
	at java.util.concurrent.ThreadPoolExecutor.runWorker(ThreadPoolExecutor.java:1149)
	at java.util.concurrent.ThreadPoolExecutor$Worker.run(ThreadPoolExecutor.java:624)
	... 1 more
Caused by: org.apache.ratis.thirdparty.io.netty.channel.AbstractChannel$AnnotatedConnectException: Connection refused: /192.168.157.233:42906
	at sun.nio.ch.SocketChannelImpl.checkConnect(Native Method)
	at sun.nio.ch.SocketChannelImpl.finishConnect(SocketChannelImpl.java:717)
	at org.apache.ratis.thirdparty.io.netty.channel.socket.nio.NioSocketChannel.doFinishConnect(NioSocketChannel.java:327)
	at org.apache.ratis.thirdparty.io.netty.channel.nio.AbstractNioChannel$AbstractNioUnsafe.finishConnect(AbstractNioChannel.java:340)
	at org.apache.ratis.thirdparty.io.netty.channel.nio.NioEventLoop.processSelectedKey(NioEventLoop.java:632)
	at org.apache.ratis.thirdparty.io.netty.channel.nio.NioEventLoop.processSelectedKeysOptimized(NioEventLoop.java:579)
	at org.apache.ratis.thirdparty.io.netty.channel.nio.NioEventLoop.processSelectedKeys(NioEventLoop.java:496)
	at org.apache.ratis.thirdparty.io.netty.channel.nio.NioEventLoop.run(NioEventLoop.java:458)
	at org.apache.ratis.thirdparty.io.netty.util.concurrent.SingleThreadEventExecutor$5.run(SingleThreadEventExecutor.java:897)
	at org.apache.ratis.thirdparty.io.netty.util.concurrent.FastThreadLocalRunnable.run(FastThreadLocalRunnable.java:30)
	... 1 more
Caused by: java.net.ConnectException: Connection refused
	... 11 more
2019-10-25 11:08:06,744 [f6cfa8a2-85ff-4bb9-a246-101c53d2d47b@group-49E82E920F3F-LeaderElection655] INFO  impl.LeaderElection (LeaderElection.java:logAndReturn(56)) - f6cfa8a2-85ff-4bb9-a246-101c53d2d47b@group-49E82E920F3F-LeaderElection655: Election REJECTED; received 0 response(s) [] and 2 exception(s); f6cfa8a2-85ff-4bb9-a246-101c53d2d47b@group-49E82E920F3F:t246, leader=null, voted=f6cfa8a2-85ff-4bb9-a246-101c53d2d47b, raftlog=f6cfa8a2-85ff-4bb9-a246-101c53d2d47b@group-49E82E920F3F-SegmentedRaftLog:OPENED:c-1,f-1,i0, conf=-1: [7fad1e98-7a6b-4998-a30c-ec1ab88068bc:192.168.157.233:35716, bdb27072-dd00-4d3b-a7da-41600e490ca3:192.168.157.233:42906, f6cfa8a2-85ff-4bb9-a246-101c53d2d47b:192.168.157.233:44618], old=null
2019-10-25 11:08:06,744 [f6cfa8a2-85ff-4bb9-a246-101c53d2d47b@group-49E82E920F3F-LeaderElection655] INFO  impl.LeaderElection (LogUtils.java:infoOrTrace(149)) -   Exception 0: {}
java.util.concurrent.ExecutionException: org.apache.ratis.thirdparty.io.grpc.StatusRuntimeException: UNAVAILABLE: io exception
	at java.util.concurrent.FutureTask.report(FutureTask.java:122)
	at java.util.concurrent.FutureTask.get(FutureTask.java:192)
	at org.apache.ratis.server.impl.LeaderElection.waitForResults(LeaderElection.java:259)
	at org.apache.ratis.server.impl.LeaderElection.askForVotes(LeaderElection.java:197)
	at org.apache.ratis.server.impl.LeaderElection.run(LeaderElection.java:133)
	at java.lang.Thread.run(Thread.java:748)
Caused by: org.apache.ratis.thirdparty.io.grpc.StatusRuntimeException: UNAVAILABLE: io exception
	at org.apache.ratis.thirdparty.io.grpc.stub.ClientCalls.toStatusRuntimeException(ClientCalls.java:233)
	at org.apache.ratis.thirdparty.io.grpc.stub.ClientCalls.getUnchecked(ClientCalls.java:214)
	at org.apache.ratis.thirdparty.io.grpc.stub.ClientCalls.blockingUnaryCall(ClientCalls.java:139)
	at org.apache.ratis.proto.grpc.RaftServerProtocolServiceGrpc$RaftServerProtocolServiceBlockingStub.requestVote(RaftServerProtocolServiceGrpc.java:265)
	at org.apache.ratis.grpc.server.GrpcServerProtocolClient.requestVote(GrpcServerProtocolClient.java:99)
	at org.apache.ratis.grpc.server.GrpcService.requestVote(GrpcService.java:204)
	at org.apache.ratis.server.impl.LeaderElection.lambda$submitRequests$1(LeaderElection.java:234)
	at java.util.concurrent.FutureTask.run(FutureTask.java:266)
	at java.util.concurrent.Executors$RunnableAdapter.call(Executors.java:511)
	at java.util.concurrent.FutureTask.run(FutureTask.java:266)
	at java.util.concurrent.ThreadPoolExecutor.runWorker(ThreadPoolExecutor.java:1149)
	at java.util.concurrent.ThreadPoolExecutor$Worker.run(ThreadPoolExecutor.java:624)
	... 1 more
Caused by: org.apache.ratis.thirdparty.io.netty.channel.AbstractChannel$AnnotatedConnectException: Connection refused: /192.168.157.233:35716
	at sun.nio.ch.SocketChannelImpl.checkConnect(Native Method)
	at sun.nio.ch.SocketChannelImpl.finishConnect(SocketChannelImpl.java:717)
	at org.apache.ratis.thirdparty.io.netty.channel.socket.nio.NioSocketChannel.doFinishConnect(NioSocketChannel.java:327)
	at org.apache.ratis.thirdparty.io.netty.channel.nio.AbstractNioChannel$AbstractNioUnsafe.finishConnect(AbstractNioChannel.java:340)
	at org.apache.ratis.thirdparty.io.netty.channel.nio.NioEventLoop.processSelectedKey(NioEventLoop.java:632)
	at org.apache.ratis.thirdparty.io.netty.channel.nio.NioEventLoop.processSelectedKeysOptimized(NioEventLoop.java:579)
	at org.apache.ratis.thirdparty.io.netty.channel.nio.NioEventLoop.processSelectedKeys(NioEventLoop.java:496)
	at org.apache.ratis.thirdparty.io.netty.channel.nio.NioEventLoop.run(NioEventLoop.java:458)
	at org.apache.ratis.thirdparty.io.netty.util.concurrent.SingleThreadEventExecutor$5.run(SingleThreadEventExecutor.java:897)
	at org.apache.ratis.thirdparty.io.netty.util.concurrent.FastThreadLocalRunnable.run(FastThreadLocalRunnable.java:30)
	... 1 more
Caused by: java.net.ConnectException: Connection refused
	... 11 more
2019-10-25 11:08:06,745 [f6cfa8a2-85ff-4bb9-a246-101c53d2d47b@group-49E82E920F3F-LeaderElection655] INFO  impl.LeaderElection (LogUtils.java:infoOrTrace(149)) -   Exception 1: {}
java.util.concurrent.ExecutionException: org.apache.ratis.thirdparty.io.grpc.StatusRuntimeException: UNAVAILABLE: io exception
	at java.util.concurrent.FutureTask.report(FutureTask.java:122)
	at java.util.concurrent.FutureTask.get(FutureTask.java:192)
	at org.apache.ratis.server.impl.LeaderElection.waitForResults(LeaderElection.java:259)
	at org.apache.ratis.server.impl.LeaderElection.askForVotes(LeaderElection.java:197)
	at org.apache.ratis.server.impl.LeaderElection.run(LeaderElection.java:133)
	at java.lang.Thread.run(Thread.java:748)
Caused by: org.apache.ratis.thirdparty.io.grpc.StatusRuntimeException: UNAVAILABLE: io exception
	at org.apache.ratis.thirdparty.io.grpc.stub.ClientCalls.toStatusRuntimeException(ClientCalls.java:233)
	at org.apache.ratis.thirdparty.io.grpc.stub.ClientCalls.getUnchecked(ClientCalls.java:214)
	at org.apache.ratis.thirdparty.io.grpc.stub.ClientCalls.blockingUnaryCall(ClientCalls.java:139)
	at org.apache.ratis.proto.grpc.RaftServerProtocolServiceGrpc$RaftServerProtocolServiceBlockingStub.requestVote(RaftServerProtocolServiceGrpc.java:265)
	at org.apache.ratis.grpc.server.GrpcServerProtocolClient.requestVote(GrpcServerProtocolClient.java:99)
	at org.apache.ratis.grpc.server.GrpcService.requestVote(GrpcService.java:204)
	at org.apache.ratis.server.impl.LeaderElection.lambda$submitRequests$1(LeaderElection.java:234)
	at java.util.concurrent.FutureTask.run(FutureTask.java:266)
	at java.util.concurrent.Executors$RunnableAdapter.call(Executors.java:511)
	at java.util.concurrent.FutureTask.run(FutureTask.java:266)
	at java.util.concurrent.ThreadPoolExecutor.runWorker(ThreadPoolExecutor.java:1149)
	at java.util.concurrent.ThreadPoolExecutor$Worker.run(ThreadPoolExecutor.java:624)
	... 1 more
Caused by: org.apache.ratis.thirdparty.io.netty.channel.AbstractChannel$AnnotatedConnectException: Connection refused: /192.168.157.233:42906
	at sun.nio.ch.SocketChannelImpl.checkConnect(Native Method)
	at sun.nio.ch.SocketChannelImpl.finishConnect(SocketChannelImpl.java:717)
	at org.apache.ratis.thirdparty.io.netty.channel.socket.nio.NioSocketChannel.doFinishConnect(NioSocketChannel.java:327)
	at org.apache.ratis.thirdparty.io.netty.channel.nio.AbstractNioChannel$AbstractNioUnsafe.finishConnect(AbstractNioChannel.java:340)
	at org.apache.ratis.thirdparty.io.netty.channel.nio.NioEventLoop.processSelectedKey(NioEventLoop.java:632)
	at org.apache.ratis.thirdparty.io.netty.channel.nio.NioEventLoop.processSelectedKeysOptimized(NioEventLoop.java:579)
	at org.apache.ratis.thirdparty.io.netty.channel.nio.NioEventLoop.processSelectedKeys(NioEventLoop.java:496)
	at org.apache.ratis.thirdparty.io.netty.channel.nio.NioEventLoop.run(NioEventLoop.java:458)
	at org.apache.ratis.thirdparty.io.netty.util.concurrent.SingleThreadEventExecutor$5.run(SingleThreadEventExecutor.java:897)
	at org.apache.ratis.thirdparty.io.netty.util.concurrent.FastThreadLocalRunnable.run(FastThreadLocalRunnable.java:30)
	... 1 more
Caused by: java.net.ConnectException: Connection refused
	... 11 more
2019-10-25 11:08:06,745 [f6cfa8a2-85ff-4bb9-a246-101c53d2d47b@group-49E82E920F3F-LeaderElection655] INFO  impl.RaftServerImpl (RaftServerImpl.java:setRole(184)) - f6cfa8a2-85ff-4bb9-a246-101c53d2d47b@group-49E82E920F3F: changes role from CANDIDATE to FOLLOWER at term 246 for DISCOVERED_A_NEW_TERM
2019-10-25 11:08:06,745 [f6cfa8a2-85ff-4bb9-a246-101c53d2d47b@group-49E82E920F3F-LeaderElection655] INFO  impl.RoleInfo (RoleInfo.java:shutdownLeaderElection(134)) - f6cfa8a2-85ff-4bb9-a246-101c53d2d47b: shutdown LeaderElection
2019-10-25 11:08:06,745 [f6cfa8a2-85ff-4bb9-a246-101c53d2d47b@group-49E82E920F3F-LeaderElection655] INFO  impl.RoleInfo (RoleInfo.java:updateAndGet(143)) - f6cfa8a2-85ff-4bb9-a246-101c53d2d47b: start FollowerState
2019-10-25 11:08:06,946 [Thread-5236] INFO  impl.FollowerState (FollowerState.java:run(108)) - f6cfa8a2-85ff-4bb9-a246-101c53d2d47b@group-49E82E920F3F-FollowerState: change to CANDIDATE, lastRpcTime:200ms, electionTimeout:200ms
2019-10-25 11:08:06,946 [Thread-5236] INFO  impl.RoleInfo (RoleInfo.java:shutdownFollowerState(121)) - f6cfa8a2-85ff-4bb9-a246-101c53d2d47b: shutdown FollowerState
2019-10-25 11:08:06,946 [Thread-5236] INFO  impl.RaftServerImpl (RaftServerImpl.java:setRole(184)) - f6cfa8a2-85ff-4bb9-a246-101c53d2d47b@group-49E82E920F3F: changes role from  FOLLOWER to CANDIDATE at term 246 for changeToCandidate
2019-10-25 11:08:06,946 [Thread-5236] INFO  impl.RoleInfo (RoleInfo.java:updateAndGet(143)) - f6cfa8a2-85ff-4bb9-a246-101c53d2d47b: start LeaderElection
2019-10-25 11:08:06,960 [f6cfa8a2-85ff-4bb9-a246-101c53d2d47b@group-49E82E920F3F-LeaderElection656] INFO  impl.LeaderElection (LeaderElection.java:askForVotes(178)) - f6cfa8a2-85ff-4bb9-a246-101c53d2d47b@group-49E82E920F3F-LeaderElection656: begin an election at term 247 for -1: [7fad1e98-7a6b-4998-a30c-ec1ab88068bc:192.168.157.233:35716, bdb27072-dd00-4d3b-a7da-41600e490ca3:192.168.157.233:42906, f6cfa8a2-85ff-4bb9-a246-101c53d2d47b:192.168.157.233:44618], old=null
2019-10-25 11:08:06,961 [f6cfa8a2-85ff-4bb9-a246-101c53d2d47b@group-49E82E920F3F-LeaderElection656] INFO  impl.LeaderElection (LogUtils.java:infoOrTrace(149)) - f6cfa8a2-85ff-4bb9-a246-101c53d2d47b@group-49E82E920F3F-LeaderElection656 got exception when requesting votes: {}
java.util.concurrent.ExecutionException: org.apache.ratis.thirdparty.io.grpc.StatusRuntimeException: UNAVAILABLE: io exception
	at java.util.concurrent.FutureTask.report(FutureTask.java:122)
	at java.util.concurrent.FutureTask.get(FutureTask.java:192)
	at org.apache.ratis.server.impl.LeaderElection.waitForResults(LeaderElection.java:259)
	at org.apache.ratis.server.impl.LeaderElection.askForVotes(LeaderElection.java:197)
	at org.apache.ratis.server.impl.LeaderElection.run(LeaderElection.java:133)
	at java.lang.Thread.run(Thread.java:748)
Caused by: org.apache.ratis.thirdparty.io.grpc.StatusRuntimeException: UNAVAILABLE: io exception
	at org.apache.ratis.thirdparty.io.grpc.stub.ClientCalls.toStatusRuntimeException(ClientCalls.java:233)
	at org.apache.ratis.thirdparty.io.grpc.stub.ClientCalls.getUnchecked(ClientCalls.java:214)
	at org.apache.ratis.thirdparty.io.grpc.stub.ClientCalls.blockingUnaryCall(ClientCalls.java:139)
	at org.apache.ratis.proto.grpc.RaftServerProtocolServiceGrpc$RaftServerProtocolServiceBlockingStub.requestVote(RaftServerProtocolServiceGrpc.java:265)
	at org.apache.ratis.grpc.server.GrpcServerProtocolClient.requestVote(GrpcServerProtocolClient.java:99)
	at org.apache.ratis.grpc.server.GrpcService.requestVote(GrpcService.java:204)
	at org.apache.ratis.server.impl.LeaderElection.lambda$submitRequests$1(LeaderElection.java:234)
	at java.util.concurrent.FutureTask.run(FutureTask.java:266)
	at java.util.concurrent.Executors$RunnableAdapter.call(Executors.java:511)
	at java.util.concurrent.FutureTask.run(FutureTask.java:266)
	at java.util.concurrent.ThreadPoolExecutor.runWorker(ThreadPoolExecutor.java:1149)
	at java.util.concurrent.ThreadPoolExecutor$Worker.run(ThreadPoolExecutor.java:624)
	... 1 more
Caused by: org.apache.ratis.thirdparty.io.netty.channel.AbstractChannel$AnnotatedConnectException: Connection refused: /192.168.157.233:42906
	at sun.nio.ch.SocketChannelImpl.checkConnect(Native Method)
	at sun.nio.ch.SocketChannelImpl.finishConnect(SocketChannelImpl.java:717)
	at org.apache.ratis.thirdparty.io.netty.channel.socket.nio.NioSocketChannel.doFinishConnect(NioSocketChannel.java:327)
	at org.apache.ratis.thirdparty.io.netty.channel.nio.AbstractNioChannel$AbstractNioUnsafe.finishConnect(AbstractNioChannel.java:340)
	at org.apache.ratis.thirdparty.io.netty.channel.nio.NioEventLoop.processSelectedKey(NioEventLoop.java:632)
	at org.apache.ratis.thirdparty.io.netty.channel.nio.NioEventLoop.processSelectedKeysOptimized(NioEventLoop.java:579)
	at org.apache.ratis.thirdparty.io.netty.channel.nio.NioEventLoop.processSelectedKeys(NioEventLoop.java:496)
	at org.apache.ratis.thirdparty.io.netty.channel.nio.NioEventLoop.run(NioEventLoop.java:458)
	at org.apache.ratis.thirdparty.io.netty.util.concurrent.SingleThreadEventExecutor$5.run(SingleThreadEventExecutor.java:897)
	at org.apache.ratis.thirdparty.io.netty.util.concurrent.FastThreadLocalRunnable.run(FastThreadLocalRunnable.java:30)
	... 1 more
Caused by: java.net.ConnectException: Connection refused
	... 11 more
2019-10-25 11:08:06,961 [f6cfa8a2-85ff-4bb9-a246-101c53d2d47b@group-49E82E920F3F-LeaderElection656] INFO  impl.LeaderElection (LogUtils.java:infoOrTrace(149)) - f6cfa8a2-85ff-4bb9-a246-101c53d2d47b@group-49E82E920F3F-LeaderElection656 got exception when requesting votes: {}
java.util.concurrent.ExecutionException: org.apache.ratis.thirdparty.io.grpc.StatusRuntimeException: UNAVAILABLE: io exception
	at java.util.concurrent.FutureTask.report(FutureTask.java:122)
	at java.util.concurrent.FutureTask.get(FutureTask.java:192)
	at org.apache.ratis.server.impl.LeaderElection.waitForResults(LeaderElection.java:259)
	at org.apache.ratis.server.impl.LeaderElection.askForVotes(LeaderElection.java:197)
	at org.apache.ratis.server.impl.LeaderElection.run(LeaderElection.java:133)
	at java.lang.Thread.run(Thread.java:748)
Caused by: org.apache.ratis.thirdparty.io.grpc.StatusRuntimeException: UNAVAILABLE: io exception
	at org.apache.ratis.thirdparty.io.grpc.stub.ClientCalls.toStatusRuntimeException(ClientCalls.java:233)
	at org.apache.ratis.thirdparty.io.grpc.stub.ClientCalls.getUnchecked(ClientCalls.java:214)
	at org.apache.ratis.thirdparty.io.grpc.stub.ClientCalls.blockingUnaryCall(ClientCalls.java:139)
	at org.apache.ratis.proto.grpc.RaftServerProtocolServiceGrpc$RaftServerProtocolServiceBlockingStub.requestVote(RaftServerProtocolServiceGrpc.java:265)
	at org.apache.ratis.grpc.server.GrpcServerProtocolClient.requestVote(GrpcServerProtocolClient.java:99)
	at org.apache.ratis.grpc.server.GrpcService.requestVote(GrpcService.java:204)
	at org.apache.ratis.server.impl.LeaderElection.lambda$submitRequests$1(LeaderElection.java:234)
	at java.util.concurrent.FutureTask.run(FutureTask.java:266)
	at java.util.concurrent.Executors$RunnableAdapter.call(Executors.java:511)
	at java.util.concurrent.FutureTask.run(FutureTask.java:266)
	at java.util.concurrent.ThreadPoolExecutor.runWorker(ThreadPoolExecutor.java:1149)
	at java.util.concurrent.ThreadPoolExecutor$Worker.run(ThreadPoolExecutor.java:624)
	... 1 more
Caused by: org.apache.ratis.thirdparty.io.netty.channel.AbstractChannel$AnnotatedConnectException: Connection refused: /192.168.157.233:35716
	at sun.nio.ch.SocketChannelImpl.checkConnect(Native Method)
	at sun.nio.ch.SocketChannelImpl.finishConnect(SocketChannelImpl.java:717)
	at org.apache.ratis.thirdparty.io.netty.channel.socket.nio.NioSocketChannel.doFinishConnect(NioSocketChannel.java:327)
	at org.apache.ratis.thirdparty.io.netty.channel.nio.AbstractNioChannel$AbstractNioUnsafe.finishConnect(AbstractNioChannel.java:340)
	at org.apache.ratis.thirdparty.io.netty.channel.nio.NioEventLoop.processSelectedKey(NioEventLoop.java:632)
	at org.apache.ratis.thirdparty.io.netty.channel.nio.NioEventLoop.processSelectedKeysOptimized(NioEventLoop.java:579)
	at org.apache.ratis.thirdparty.io.netty.channel.nio.NioEventLoop.processSelectedKeys(NioEventLoop.java:496)
	at org.apache.ratis.thirdparty.io.netty.channel.nio.NioEventLoop.run(NioEventLoop.java:458)
	at org.apache.ratis.thirdparty.io.netty.util.concurrent.SingleThreadEventExecutor$5.run(SingleThreadEventExecutor.java:897)
	at org.apache.ratis.thirdparty.io.netty.util.concurrent.FastThreadLocalRunnable.run(FastThreadLocalRunnable.java:30)
	... 1 more
Caused by: java.net.ConnectException: Connection refused
	... 11 more
2019-10-25 11:08:06,962 [f6cfa8a2-85ff-4bb9-a246-101c53d2d47b@group-49E82E920F3F-LeaderElection656] INFO  impl.LeaderElection (LeaderElection.java:logAndReturn(56)) - f6cfa8a2-85ff-4bb9-a246-101c53d2d47b@group-49E82E920F3F-LeaderElection656: Election REJECTED; received 0 response(s) [] and 2 exception(s); f6cfa8a2-85ff-4bb9-a246-101c53d2d47b@group-49E82E920F3F:t247, leader=null, voted=f6cfa8a2-85ff-4bb9-a246-101c53d2d47b, raftlog=f6cfa8a2-85ff-4bb9-a246-101c53d2d47b@group-49E82E920F3F-SegmentedRaftLog:OPENED:c-1,f-1,i0, conf=-1: [7fad1e98-7a6b-4998-a30c-ec1ab88068bc:192.168.157.233:35716, bdb27072-dd00-4d3b-a7da-41600e490ca3:192.168.157.233:42906, f6cfa8a2-85ff-4bb9-a246-101c53d2d47b:192.168.157.233:44618], old=null
2019-10-25 11:08:06,962 [f6cfa8a2-85ff-4bb9-a246-101c53d2d47b@group-49E82E920F3F-LeaderElection656] INFO  impl.LeaderElection (LogUtils.java:infoOrTrace(149)) -   Exception 0: {}
java.util.concurrent.ExecutionException: org.apache.ratis.thirdparty.io.grpc.StatusRuntimeException: UNAVAILABLE: io exception
	at java.util.concurrent.FutureTask.report(FutureTask.java:122)
	at java.util.concurrent.FutureTask.get(FutureTask.java:192)
	at org.apache.ratis.server.impl.LeaderElection.waitForResults(LeaderElection.java:259)
	at org.apache.ratis.server.impl.LeaderElection.askForVotes(LeaderElection.java:197)
	at org.apache.ratis.server.impl.LeaderElection.run(LeaderElection.java:133)
	at java.lang.Thread.run(Thread.java:748)
Caused by: org.apache.ratis.thirdparty.io.grpc.StatusRuntimeException: UNAVAILABLE: io exception
	at org.apache.ratis.thirdparty.io.grpc.stub.ClientCalls.toStatusRuntimeException(ClientCalls.java:233)
	at org.apache.ratis.thirdparty.io.grpc.stub.ClientCalls.getUnchecked(ClientCalls.java:214)
	at org.apache.ratis.thirdparty.io.grpc.stub.ClientCalls.blockingUnaryCall(ClientCalls.java:139)
	at org.apache.ratis.proto.grpc.RaftServerProtocolServiceGrpc$RaftServerProtocolServiceBlockingStub.requestVote(RaftServerProtocolServiceGrpc.java:265)
	at org.apache.ratis.grpc.server.GrpcServerProtocolClient.requestVote(GrpcServerProtocolClient.java:99)
	at org.apache.ratis.grpc.server.GrpcService.requestVote(GrpcService.java:204)
	at org.apache.ratis.server.impl.LeaderElection.lambda$submitRequests$1(LeaderElection.java:234)
	at java.util.concurrent.FutureTask.run(FutureTask.java:266)
	at java.util.concurrent.Executors$RunnableAdapter.call(Executors.java:511)
	at java.util.concurrent.FutureTask.run(FutureTask.java:266)
	at java.util.concurrent.ThreadPoolExecutor.runWorker(ThreadPoolExecutor.java:1149)
	at java.util.concurrent.ThreadPoolExecutor$Worker.run(ThreadPoolExecutor.java:624)
	... 1 more
Caused by: org.apache.ratis.thirdparty.io.netty.channel.AbstractChannel$AnnotatedConnectException: Connection refused: /192.168.157.233:42906
	at sun.nio.ch.SocketChannelImpl.checkConnect(Native Method)
	at sun.nio.ch.SocketChannelImpl.finishConnect(SocketChannelImpl.java:717)
	at org.apache.ratis.thirdparty.io.netty.channel.socket.nio.NioSocketChannel.doFinishConnect(NioSocketChannel.java:327)
	at org.apache.ratis.thirdparty.io.netty.channel.nio.AbstractNioChannel$AbstractNioUnsafe.finishConnect(AbstractNioChannel.java:340)
	at org.apache.ratis.thirdparty.io.netty.channel.nio.NioEventLoop.processSelectedKey(NioEventLoop.java:632)
	at org.apache.ratis.thirdparty.io.netty.channel.nio.NioEventLoop.processSelectedKeysOptimized(NioEventLoop.java:579)
	at org.apache.ratis.thirdparty.io.netty.channel.nio.NioEventLoop.processSelectedKeys(NioEventLoop.java:496)
	at org.apache.ratis.thirdparty.io.netty.channel.nio.NioEventLoop.run(NioEventLoop.java:458)
	at org.apache.ratis.thirdparty.io.netty.util.concurrent.SingleThreadEventExecutor$5.run(SingleThreadEventExecutor.java:897)
	at org.apache.ratis.thirdparty.io.netty.util.concurrent.FastThreadLocalRunnable.run(FastThreadLocalRunnable.java:30)
	... 1 more
Caused by: java.net.ConnectException: Connection refused
	... 11 more
2019-10-25 11:08:06,962 [f6cfa8a2-85ff-4bb9-a246-101c53d2d47b@group-49E82E920F3F-LeaderElection656] INFO  impl.LeaderElection (LogUtils.java:infoOrTrace(149)) -   Exception 1: {}
java.util.concurrent.ExecutionException: org.apache.ratis.thirdparty.io.grpc.StatusRuntimeException: UNAVAILABLE: io exception
	at java.util.concurrent.FutureTask.report(FutureTask.java:122)
	at java.util.concurrent.FutureTask.get(FutureTask.java:192)
	at org.apache.ratis.server.impl.LeaderElection.waitForResults(LeaderElection.java:259)
	at org.apache.ratis.server.impl.LeaderElection.askForVotes(LeaderElection.java:197)
	at org.apache.ratis.server.impl.LeaderElection.run(LeaderElection.java:133)
	at java.lang.Thread.run(Thread.java:748)
Caused by: org.apache.ratis.thirdparty.io.grpc.StatusRuntimeException: UNAVAILABLE: io exception
	at org.apache.ratis.thirdparty.io.grpc.stub.ClientCalls.toStatusRuntimeException(ClientCalls.java:233)
	at org.apache.ratis.thirdparty.io.grpc.stub.ClientCalls.getUnchecked(ClientCalls.java:214)
	at org.apache.ratis.thirdparty.io.grpc.stub.ClientCalls.blockingUnaryCall(ClientCalls.java:139)
	at org.apache.ratis.proto.grpc.RaftServerProtocolServiceGrpc$RaftServerProtocolServiceBlockingStub.requestVote(RaftServerProtocolServiceGrpc.java:265)
	at org.apache.ratis.grpc.server.GrpcServerProtocolClient.requestVote(GrpcServerProtocolClient.java:99)
	at org.apache.ratis.grpc.server.GrpcService.requestVote(GrpcService.java:204)
	at org.apache.ratis.server.impl.LeaderElection.lambda$submitRequests$1(LeaderElection.java:234)
	at java.util.concurrent.FutureTask.run(FutureTask.java:266)
	at java.util.concurrent.Executors$RunnableAdapter.call(Executors.java:511)
	at java.util.concurrent.FutureTask.run(FutureTask.java:266)
	at java.util.concurrent.ThreadPoolExecutor.runWorker(ThreadPoolExecutor.java:1149)
	at java.util.concurrent.ThreadPoolExecutor$Worker.run(ThreadPoolExecutor.java:624)
	... 1 more
Caused by: org.apache.ratis.thirdparty.io.netty.channel.AbstractChannel$AnnotatedConnectException: Connection refused: /192.168.157.233:35716
	at sun.nio.ch.SocketChannelImpl.checkConnect(Native Method)
	at sun.nio.ch.SocketChannelImpl.finishConnect(SocketChannelImpl.java:717)
	at org.apache.ratis.thirdparty.io.netty.channel.socket.nio.NioSocketChannel.doFinishConnect(NioSocketChannel.java:327)
	at org.apache.ratis.thirdparty.io.netty.channel.nio.AbstractNioChannel$AbstractNioUnsafe.finishConnect(AbstractNioChannel.java:340)
	at org.apache.ratis.thirdparty.io.netty.channel.nio.NioEventLoop.processSelectedKey(NioEventLoop.java:632)
	at org.apache.ratis.thirdparty.io.netty.channel.nio.NioEventLoop.processSelectedKeysOptimized(NioEventLoop.java:579)
	at org.apache.ratis.thirdparty.io.netty.channel.nio.NioEventLoop.processSelectedKeys(NioEventLoop.java:496)
	at org.apache.ratis.thirdparty.io.netty.channel.nio.NioEventLoop.run(NioEventLoop.java:458)
	at org.apache.ratis.thirdparty.io.netty.util.concurrent.SingleThreadEventExecutor$5.run(SingleThreadEventExecutor.java:897)
	at org.apache.ratis.thirdparty.io.netty.util.concurrent.FastThreadLocalRunnable.run(FastThreadLocalRunnable.java:30)
	... 1 more
Caused by: java.net.ConnectException: Connection refused
	... 11 more
2019-10-25 11:08:06,963 [f6cfa8a2-85ff-4bb9-a246-101c53d2d47b@group-49E82E920F3F-LeaderElection656] INFO  impl.RaftServerImpl (RaftServerImpl.java:setRole(184)) - f6cfa8a2-85ff-4bb9-a246-101c53d2d47b@group-49E82E920F3F: changes role from CANDIDATE to FOLLOWER at term 247 for DISCOVERED_A_NEW_TERM
2019-10-25 11:08:06,963 [f6cfa8a2-85ff-4bb9-a246-101c53d2d47b@group-49E82E920F3F-LeaderElection656] INFO  impl.RoleInfo (RoleInfo.java:shutdownLeaderElection(134)) - f6cfa8a2-85ff-4bb9-a246-101c53d2d47b: shutdown LeaderElection
2019-10-25 11:08:06,963 [f6cfa8a2-85ff-4bb9-a246-101c53d2d47b@group-49E82E920F3F-LeaderElection656] INFO  impl.RoleInfo (RoleInfo.java:updateAndGet(143)) - f6cfa8a2-85ff-4bb9-a246-101c53d2d47b: start FollowerState
2019-10-25 11:08:06,971 [java.util.concurrent.ThreadPoolExecutor$Worker@3e501297[State = -1, empty queue]] WARN  server.GrpcLogAppender (GrpcLogAppender.java:timeoutAppendRequest(209)) - 8a2c850d-503a-4b6a-9325-357a6554e10c@group-B334D6EBB589->e8f52f97-4cbf-4021-bc09-65b78a9dc21b-GrpcLogAppender: appendEntries Timeout, request=8a2c850d-503a-4b6a-9325-357a6554e10c->e8f52f97-4cbf-4021-bc09-65b78a9dc21b#54-t1, previous=(t:1, i:0), leaderCommit=0, initializing? false, entries: <empty>
2019-10-25 11:08:06,984 [java.util.concurrent.ThreadPoolExecutor$Worker@33ec010c[State = -1, empty queue]] WARN  server.GrpcLogAppender (GrpcLogAppender.java:timeoutAppendRequest(209)) - 8a2c850d-503a-4b6a-9325-357a6554e10c@group-B334D6EBB589->f5dc0a75-b584-4700-be7c-7942c0d8117c-GrpcLogAppender: appendEntries Timeout, request=8a2c850d-503a-4b6a-9325-357a6554e10c->f5dc0a75-b584-4700-be7c-7942c0d8117c#54-t1, previous=(t:1, i:0), leaderCommit=0, initializing? false, entries: <empty>
2019-10-25 11:08:07,068 [Thread-5240] INFO  impl.FollowerState (FollowerState.java:run(108)) - f6cfa8a2-85ff-4bb9-a246-101c53d2d47b@group-49E82E920F3F-FollowerState: change to CANDIDATE, lastRpcTime:105ms, electionTimeout:105ms
2019-10-25 11:08:07,068 [Thread-5240] INFO  impl.RoleInfo (RoleInfo.java:shutdownFollowerState(121)) - f6cfa8a2-85ff-4bb9-a246-101c53d2d47b: shutdown FollowerState
2019-10-25 11:08:07,069 [Thread-5240] INFO  impl.RaftServerImpl (RaftServerImpl.java:setRole(184)) - f6cfa8a2-85ff-4bb9-a246-101c53d2d47b@group-49E82E920F3F: changes role from  FOLLOWER to CANDIDATE at term 247 for changeToCandidate
2019-10-25 11:08:07,069 [Thread-5240] INFO  impl.RoleInfo (RoleInfo.java:updateAndGet(143)) - f6cfa8a2-85ff-4bb9-a246-101c53d2d47b: start LeaderElection
2019-10-25 11:08:07,082 [f6cfa8a2-85ff-4bb9-a246-101c53d2d47b@group-49E82E920F3F-LeaderElection657] INFO  impl.LeaderElection (LeaderElection.java:askForVotes(178)) - f6cfa8a2-85ff-4bb9-a246-101c53d2d47b@group-49E82E920F3F-LeaderElection657: begin an election at term 248 for -1: [7fad1e98-7a6b-4998-a30c-ec1ab88068bc:192.168.157.233:35716, bdb27072-dd00-4d3b-a7da-41600e490ca3:192.168.157.233:42906, f6cfa8a2-85ff-4bb9-a246-101c53d2d47b:192.168.157.233:44618], old=null
2019-10-25 11:08:07,082 [f6cfa8a2-85ff-4bb9-a246-101c53d2d47b@group-49E82E920F3F-LeaderElection657] INFO  impl.LeaderElection (LogUtils.java:infoOrTrace(149)) - f6cfa8a2-85ff-4bb9-a246-101c53d2d47b@group-49E82E920F3F-LeaderElection657 got exception when requesting votes: {}
java.util.concurrent.ExecutionException: org.apache.ratis.thirdparty.io.grpc.StatusRuntimeException: UNAVAILABLE: io exception
	at java.util.concurrent.FutureTask.report(FutureTask.java:122)
	at java.util.concurrent.FutureTask.get(FutureTask.java:192)
	at org.apache.ratis.server.impl.LeaderElection.waitForResults(LeaderElection.java:259)
	at org.apache.ratis.server.impl.LeaderElection.askForVotes(LeaderElection.java:197)
	at org.apache.ratis.server.impl.LeaderElection.run(LeaderElection.java:133)
	at java.lang.Thread.run(Thread.java:748)
Caused by: org.apache.ratis.thirdparty.io.grpc.StatusRuntimeException: UNAVAILABLE: io exception
	at org.apache.ratis.thirdparty.io.grpc.stub.ClientCalls.toStatusRuntimeException(ClientCalls.java:233)
	at org.apache.ratis.thirdparty.io.grpc.stub.ClientCalls.getUnchecked(ClientCalls.java:214)
	at org.apache.ratis.thirdparty.io.grpc.stub.ClientCalls.blockingUnaryCall(ClientCalls.java:139)
	at org.apache.ratis.proto.grpc.RaftServerProtocolServiceGrpc$RaftServerProtocolServiceBlockingStub.requestVote(RaftServerProtocolServiceGrpc.java:265)
	at org.apache.ratis.grpc.server.GrpcServerProtocolClient.requestVote(GrpcServerProtocolClient.java:99)
	at org.apache.ratis.grpc.server.GrpcService.requestVote(GrpcService.java:204)
	at org.apache.ratis.server.impl.LeaderElection.lambda$submitRequests$1(LeaderElection.java:234)
	at java.util.concurrent.FutureTask.run(FutureTask.java:266)
	at java.util.concurrent.Executors$RunnableAdapter.call(Executors.java:511)
	at java.util.concurrent.FutureTask.run(FutureTask.java:266)
	at java.util.concurrent.ThreadPoolExecutor.runWorker(ThreadPoolExecutor.java:1149)
	at java.util.concurrent.ThreadPoolExecutor$Worker.run(ThreadPoolExecutor.java:624)
	... 1 more
Caused by: org.apache.ratis.thirdparty.io.netty.channel.AbstractChannel$AnnotatedConnectException: Connection refused: /192.168.157.233:35716
	at sun.nio.ch.SocketChannelImpl.checkConnect(Native Method)
	at sun.nio.ch.SocketChannelImpl.finishConnect(SocketChannelImpl.java:717)
	at org.apache.ratis.thirdparty.io.netty.channel.socket.nio.NioSocketChannel.doFinishConnect(NioSocketChannel.java:327)
	at org.apache.ratis.thirdparty.io.netty.channel.nio.AbstractNioChannel$AbstractNioUnsafe.finishConnect(AbstractNioChannel.java:340)
	at org.apache.ratis.thirdparty.io.netty.channel.nio.NioEventLoop.processSelectedKey(NioEventLoop.java:632)
	at org.apache.ratis.thirdparty.io.netty.channel.nio.NioEventLoop.processSelectedKeysOptimized(NioEventLoop.java:579)
	at org.apache.ratis.thirdparty.io.netty.channel.nio.NioEventLoop.processSelectedKeys(NioEventLoop.java:496)
	at org.apache.ratis.thirdparty.io.netty.channel.nio.NioEventLoop.run(NioEventLoop.java:458)
	at org.apache.ratis.thirdparty.io.netty.util.concurrent.SingleThreadEventExecutor$5.run(SingleThreadEventExecutor.java:897)
	at org.apache.ratis.thirdparty.io.netty.util.concurrent.FastThreadLocalRunnable.run(FastThreadLocalRunnable.java:30)
	... 1 more
Caused by: java.net.ConnectException: Connection refused
	... 11 more
2019-10-25 11:08:07,083 [f6cfa8a2-85ff-4bb9-a246-101c53d2d47b@group-49E82E920F3F-LeaderElection657] INFO  impl.LeaderElection (LogUtils.java:infoOrTrace(149)) - f6cfa8a2-85ff-4bb9-a246-101c53d2d47b@group-49E82E920F3F-LeaderElection657 got exception when requesting votes: {}
java.util.concurrent.ExecutionException: org.apache.ratis.thirdparty.io.grpc.StatusRuntimeException: UNAVAILABLE: io exception
	at java.util.concurrent.FutureTask.report(FutureTask.java:122)
	at java.util.concurrent.FutureTask.get(FutureTask.java:192)
	at org.apache.ratis.server.impl.LeaderElection.waitForResults(LeaderElection.java:259)
	at org.apache.ratis.server.impl.LeaderElection.askForVotes(LeaderElection.java:197)
	at org.apache.ratis.server.impl.LeaderElection.run(LeaderElection.java:133)
	at java.lang.Thread.run(Thread.java:748)
Caused by: org.apache.ratis.thirdparty.io.grpc.StatusRuntimeException: UNAVAILABLE: io exception
	at org.apache.ratis.thirdparty.io.grpc.stub.ClientCalls.toStatusRuntimeException(ClientCalls.java:233)
	at org.apache.ratis.thirdparty.io.grpc.stub.ClientCalls.getUnchecked(ClientCalls.java:214)
	at org.apache.ratis.thirdparty.io.grpc.stub.ClientCalls.blockingUnaryCall(ClientCalls.java:139)
	at org.apache.ratis.proto.grpc.RaftServerProtocolServiceGrpc$RaftServerProtocolServiceBlockingStub.requestVote(RaftServerProtocolServiceGrpc.java:265)
	at org.apache.ratis.grpc.server.GrpcServerProtocolClient.requestVote(GrpcServerProtocolClient.java:99)
	at org.apache.ratis.grpc.server.GrpcService.requestVote(GrpcService.java:204)
	at org.apache.ratis.server.impl.LeaderElection.lambda$submitRequests$1(LeaderElection.java:234)
	at java.util.concurrent.FutureTask.run(FutureTask.java:266)
	at java.util.concurrent.Executors$RunnableAdapter.call(Executors.java:511)
	at java.util.concurrent.FutureTask.run(FutureTask.java:266)
	at java.util.concurrent.ThreadPoolExecutor.runWorker(ThreadPoolExecutor.java:1149)
	at java.util.concurrent.ThreadPoolExecutor$Worker.run(ThreadPoolExecutor.java:624)
	... 1 more
Caused by: org.apache.ratis.thirdparty.io.netty.channel.AbstractChannel$AnnotatedConnectException: Connection refused: /192.168.157.233:42906
	at sun.nio.ch.SocketChannelImpl.checkConnect(Native Method)
	at sun.nio.ch.SocketChannelImpl.finishConnect(SocketChannelImpl.java:717)
	at org.apache.ratis.thirdparty.io.netty.channel.socket.nio.NioSocketChannel.doFinishConnect(NioSocketChannel.java:327)
	at org.apache.ratis.thirdparty.io.netty.channel.nio.AbstractNioChannel$AbstractNioUnsafe.finishConnect(AbstractNioChannel.java:340)
	at org.apache.ratis.thirdparty.io.netty.channel.nio.NioEventLoop.processSelectedKey(NioEventLoop.java:632)
	at org.apache.ratis.thirdparty.io.netty.channel.nio.NioEventLoop.processSelectedKeysOptimized(NioEventLoop.java:579)
	at org.apache.ratis.thirdparty.io.netty.channel.nio.NioEventLoop.processSelectedKeys(NioEventLoop.java:496)
	at org.apache.ratis.thirdparty.io.netty.channel.nio.NioEventLoop.run(NioEventLoop.java:458)
	at org.apache.ratis.thirdparty.io.netty.util.concurrent.SingleThreadEventExecutor$5.run(SingleThreadEventExecutor.java:897)
	at org.apache.ratis.thirdparty.io.netty.util.concurrent.FastThreadLocalRunnable.run(FastThreadLocalRunnable.java:30)
	... 1 more
Caused by: java.net.ConnectException: Connection refused
	... 11 more
2019-10-25 11:08:07,083 [f6cfa8a2-85ff-4bb9-a246-101c53d2d47b@group-49E82E920F3F-LeaderElection657] INFO  impl.LeaderElection (LeaderElection.java:logAndReturn(56)) - f6cfa8a2-85ff-4bb9-a246-101c53d2d47b@group-49E82E920F3F-LeaderElection657: Election REJECTED; received 0 response(s) [] and 2 exception(s); f6cfa8a2-85ff-4bb9-a246-101c53d2d47b@group-49E82E920F3F:t248, leader=null, voted=f6cfa8a2-85ff-4bb9-a246-101c53d2d47b, raftlog=f6cfa8a2-85ff-4bb9-a246-101c53d2d47b@group-49E82E920F3F-SegmentedRaftLog:OPENED:c-1,f-1,i0, conf=-1: [7fad1e98-7a6b-4998-a30c-ec1ab88068bc:192.168.157.233:35716, bdb27072-dd00-4d3b-a7da-41600e490ca3:192.168.157.233:42906, f6cfa8a2-85ff-4bb9-a246-101c53d2d47b:192.168.157.233:44618], old=null
2019-10-25 11:08:07,083 [f6cfa8a2-85ff-4bb9-a246-101c53d2d47b@group-49E82E920F3F-LeaderElection657] INFO  impl.LeaderElection (LogUtils.java:infoOrTrace(149)) -   Exception 0: {}
java.util.concurrent.ExecutionException: org.apache.ratis.thirdparty.io.grpc.StatusRuntimeException: UNAVAILABLE: io exception
	at java.util.concurrent.FutureTask.report(FutureTask.java:122)
	at java.util.concurrent.FutureTask.get(FutureTask.java:192)
	at org.apache.ratis.server.impl.LeaderElection.waitForResults(LeaderElection.java:259)
	at org.apache.ratis.server.impl.LeaderElection.askForVotes(LeaderElection.java:197)
	at org.apache.ratis.server.impl.LeaderElection.run(LeaderElection.java:133)
	at java.lang.Thread.run(Thread.java:748)
Caused by: org.apache.ratis.thirdparty.io.grpc.StatusRuntimeException: UNAVAILABLE: io exception
	at org.apache.ratis.thirdparty.io.grpc.stub.ClientCalls.toStatusRuntimeException(ClientCalls.java:233)
	at org.apache.ratis.thirdparty.io.grpc.stub.ClientCalls.getUnchecked(ClientCalls.java:214)
	at org.apache.ratis.thirdparty.io.grpc.stub.ClientCalls.blockingUnaryCall(ClientCalls.java:139)
	at org.apache.ratis.proto.grpc.RaftServerProtocolServiceGrpc$RaftServerProtocolServiceBlockingStub.requestVote(RaftServerProtocolServiceGrpc.java:265)
	at org.apache.ratis.grpc.server.GrpcServerProtocolClient.requestVote(GrpcServerProtocolClient.java:99)
	at org.apache.ratis.grpc.server.GrpcService.requestVote(GrpcService.java:204)
	at org.apache.ratis.server.impl.LeaderElection.lambda$submitRequests$1(LeaderElection.java:234)
	at java.util.concurrent.FutureTask.run(FutureTask.java:266)
	at java.util.concurrent.Executors$RunnableAdapter.call(Executors.java:511)
	at java.util.concurrent.FutureTask.run(FutureTask.java:266)
	at java.util.concurrent.ThreadPoolExecutor.runWorker(ThreadPoolExecutor.java:1149)
	at java.util.concurrent.ThreadPoolExecutor$Worker.run(ThreadPoolExecutor.java:624)
	... 1 more
Caused by: org.apache.ratis.thirdparty.io.netty.channel.AbstractChannel$AnnotatedConnectException: Connection refused: /192.168.157.233:35716
	at sun.nio.ch.SocketChannelImpl.checkConnect(Native Method)
	at sun.nio.ch.SocketChannelImpl.finishConnect(SocketChannelImpl.java:717)
	at org.apache.ratis.thirdparty.io.netty.channel.socket.nio.NioSocketChannel.doFinishConnect(NioSocketChannel.java:327)
	at org.apache.ratis.thirdparty.io.netty.channel.nio.AbstractNioChannel$AbstractNioUnsafe.finishConnect(AbstractNioChannel.java:340)
	at org.apache.ratis.thirdparty.io.netty.channel.nio.NioEventLoop.processSelectedKey(NioEventLoop.java:632)
	at org.apache.ratis.thirdparty.io.netty.channel.nio.NioEventLoop.processSelectedKeysOptimized(NioEventLoop.java:579)
	at org.apache.ratis.thirdparty.io.netty.channel.nio.NioEventLoop.processSelectedKeys(NioEventLoop.java:496)
	at org.apache.ratis.thirdparty.io.netty.channel.nio.NioEventLoop.run(NioEventLoop.java:458)
	at org.apache.ratis.thirdparty.io.netty.util.concurrent.SingleThreadEventExecutor$5.run(SingleThreadEventExecutor.java:897)
	at org.apache.ratis.thirdparty.io.netty.util.concurrent.FastThreadLocalRunnable.run(FastThreadLocalRunnable.java:30)
	... 1 more
Caused by: java.net.ConnectException: Connection refused
	... 11 more
2019-10-25 11:08:07,084 [f6cfa8a2-85ff-4bb9-a246-101c53d2d47b@group-49E82E920F3F-LeaderElection657] INFO  impl.LeaderElection (LogUtils.java:infoOrTrace(149)) -   Exception 1: {}
java.util.concurrent.ExecutionException: org.apache.ratis.thirdparty.io.grpc.StatusRuntimeException: UNAVAILABLE: io exception
	at java.util.concurrent.FutureTask.report(FutureTask.java:122)
	at java.util.concurrent.FutureTask.get(FutureTask.java:192)
	at org.apache.ratis.server.impl.LeaderElection.waitForResults(LeaderElection.java:259)
	at org.apache.ratis.server.impl.LeaderElection.askForVotes(LeaderElection.java:197)
	at org.apache.ratis.server.impl.LeaderElection.run(LeaderElection.java:133)
	at java.lang.Thread.run(Thread.java:748)
Caused by: org.apache.ratis.thirdparty.io.grpc.StatusRuntimeException: UNAVAILABLE: io exception
	at org.apache.ratis.thirdparty.io.grpc.stub.ClientCalls.toStatusRuntimeException(ClientCalls.java:233)
	at org.apache.ratis.thirdparty.io.grpc.stub.ClientCalls.getUnchecked(ClientCalls.java:214)
	at org.apache.ratis.thirdparty.io.grpc.stub.ClientCalls.blockingUnaryCall(ClientCalls.java:139)
	at org.apache.ratis.proto.grpc.RaftServerProtocolServiceGrpc$RaftServerProtocolServiceBlockingStub.requestVote(RaftServerProtocolServiceGrpc.java:265)
	at org.apache.ratis.grpc.server.GrpcServerProtocolClient.requestVote(GrpcServerProtocolClient.java:99)
	at org.apache.ratis.grpc.server.GrpcService.requestVote(GrpcService.java:204)
	at org.apache.ratis.server.impl.LeaderElection.lambda$submitRequests$1(LeaderElection.java:234)
	at java.util.concurrent.FutureTask.run(FutureTask.java:266)
	at java.util.concurrent.Executors$RunnableAdapter.call(Executors.java:511)
	at java.util.concurrent.FutureTask.run(FutureTask.java:266)
	at java.util.concurrent.ThreadPoolExecutor.runWorker(ThreadPoolExecutor.java:1149)
	at java.util.concurrent.ThreadPoolExecutor$Worker.run(ThreadPoolExecutor.java:624)
	... 1 more
Caused by: org.apache.ratis.thirdparty.io.netty.channel.AbstractChannel$AnnotatedConnectException: Connection refused: /192.168.157.233:42906
	at sun.nio.ch.SocketChannelImpl.checkConnect(Native Method)
	at sun.nio.ch.SocketChannelImpl.finishConnect(SocketChannelImpl.java:717)
	at org.apache.ratis.thirdparty.io.netty.channel.socket.nio.NioSocketChannel.doFinishConnect(NioSocketChannel.java:327)
	at org.apache.ratis.thirdparty.io.netty.channel.nio.AbstractNioChannel$AbstractNioUnsafe.finishConnect(AbstractNioChannel.java:340)
	at org.apache.ratis.thirdparty.io.netty.channel.nio.NioEventLoop.processSelectedKey(NioEventLoop.java:632)
	at org.apache.ratis.thirdparty.io.netty.channel.nio.NioEventLoop.processSelectedKeysOptimized(NioEventLoop.java:579)
	at org.apache.ratis.thirdparty.io.netty.channel.nio.NioEventLoop.processSelectedKeys(NioEventLoop.java:496)
	at org.apache.ratis.thirdparty.io.netty.channel.nio.NioEventLoop.run(NioEventLoop.java:458)
	at org.apache.ratis.thirdparty.io.netty.util.concurrent.SingleThreadEventExecutor$5.run(SingleThreadEventExecutor.java:897)
	at org.apache.ratis.thirdparty.io.netty.util.concurrent.FastThreadLocalRunnable.run(FastThreadLocalRunnable.java:30)
	... 1 more
Caused by: java.net.ConnectException: Connection refused
	... 11 more
2019-10-25 11:08:07,084 [f6cfa8a2-85ff-4bb9-a246-101c53d2d47b@group-49E82E920F3F-LeaderElection657] INFO  impl.RaftServerImpl (RaftServerImpl.java:setRole(184)) - f6cfa8a2-85ff-4bb9-a246-101c53d2d47b@group-49E82E920F3F: changes role from CANDIDATE to FOLLOWER at term 248 for DISCOVERED_A_NEW_TERM
2019-10-25 11:08:07,084 [f6cfa8a2-85ff-4bb9-a246-101c53d2d47b@group-49E82E920F3F-LeaderElection657] INFO  impl.RoleInfo (RoleInfo.java:shutdownLeaderElection(134)) - f6cfa8a2-85ff-4bb9-a246-101c53d2d47b: shutdown LeaderElection
2019-10-25 11:08:07,084 [f6cfa8a2-85ff-4bb9-a246-101c53d2d47b@group-49E82E920F3F-LeaderElection657] INFO  impl.RoleInfo (RoleInfo.java:updateAndGet(143)) - f6cfa8a2-85ff-4bb9-a246-101c53d2d47b: start FollowerState
2019-10-25 11:08:07,133 [Thread-5244] INFO  impl.FollowerState (FollowerState.java:run(108)) - f6cfa8a2-85ff-4bb9-a246-101c53d2d47b@group-49E82E920F3F-FollowerState: change to CANDIDATE, lastRpcTime:48ms, electionTimeout:48ms
2019-10-25 11:08:07,133 [Thread-5244] INFO  impl.RoleInfo (RoleInfo.java:shutdownFollowerState(121)) - f6cfa8a2-85ff-4bb9-a246-101c53d2d47b: shutdown FollowerState
2019-10-25 11:08:07,133 [Thread-5244] INFO  impl.RaftServerImpl (RaftServerImpl.java:setRole(184)) - f6cfa8a2-85ff-4bb9-a246-101c53d2d47b@group-49E82E920F3F: changes role from  FOLLOWER to CANDIDATE at term 248 for changeToCandidate
2019-10-25 11:08:07,133 [Thread-5244] INFO  impl.RoleInfo (RoleInfo.java:updateAndGet(143)) - f6cfa8a2-85ff-4bb9-a246-101c53d2d47b: start LeaderElection
2019-10-25 11:08:07,147 [f6cfa8a2-85ff-4bb9-a246-101c53d2d47b@group-49E82E920F3F-LeaderElection658] INFO  impl.LeaderElection (LeaderElection.java:askForVotes(178)) - f6cfa8a2-85ff-4bb9-a246-101c53d2d47b@group-49E82E920F3F-LeaderElection658: begin an election at term 249 for -1: [7fad1e98-7a6b-4998-a30c-ec1ab88068bc:192.168.157.233:35716, bdb27072-dd00-4d3b-a7da-41600e490ca3:192.168.157.233:42906, f6cfa8a2-85ff-4bb9-a246-101c53d2d47b:192.168.157.233:44618], old=null
2019-10-25 11:08:07,148 [f6cfa8a2-85ff-4bb9-a246-101c53d2d47b@group-49E82E920F3F-LeaderElection658] INFO  impl.LeaderElection (LogUtils.java:infoOrTrace(149)) - f6cfa8a2-85ff-4bb9-a246-101c53d2d47b@group-49E82E920F3F-LeaderElection658 got exception when requesting votes: {}
java.util.concurrent.ExecutionException: org.apache.ratis.thirdparty.io.grpc.StatusRuntimeException: UNAVAILABLE: io exception
	at java.util.concurrent.FutureTask.report(FutureTask.java:122)
	at java.util.concurrent.FutureTask.get(FutureTask.java:192)
	at org.apache.ratis.server.impl.LeaderElection.waitForResults(LeaderElection.java:259)
	at org.apache.ratis.server.impl.LeaderElection.askForVotes(LeaderElection.java:197)
	at org.apache.ratis.server.impl.LeaderElection.run(LeaderElection.java:133)
	at java.lang.Thread.run(Thread.java:748)
Caused by: org.apache.ratis.thirdparty.io.grpc.StatusRuntimeException: UNAVAILABLE: io exception
	at org.apache.ratis.thirdparty.io.grpc.stub.ClientCalls.toStatusRuntimeException(ClientCalls.java:233)
	at org.apache.ratis.thirdparty.io.grpc.stub.ClientCalls.getUnchecked(ClientCalls.java:214)
	at org.apache.ratis.thirdparty.io.grpc.stub.ClientCalls.blockingUnaryCall(ClientCalls.java:139)
	at org.apache.ratis.proto.grpc.RaftServerProtocolServiceGrpc$RaftServerProtocolServiceBlockingStub.requestVote(RaftServerProtocolServiceGrpc.java:265)
	at org.apache.ratis.grpc.server.GrpcServerProtocolClient.requestVote(GrpcServerProtocolClient.java:99)
	at org.apache.ratis.grpc.server.GrpcService.requestVote(GrpcService.java:204)
	at org.apache.ratis.server.impl.LeaderElection.lambda$submitRequests$1(LeaderElection.java:234)
	at java.util.concurrent.FutureTask.run(FutureTask.java:266)
	at java.util.concurrent.Executors$RunnableAdapter.call(Executors.java:511)
	at java.util.concurrent.FutureTask.run(FutureTask.java:266)
	at java.util.concurrent.ThreadPoolExecutor.runWorker(ThreadPoolExecutor.java:1149)
	at java.util.concurrent.ThreadPoolExecutor$Worker.run(ThreadPoolExecutor.java:624)
	... 1 more
Caused by: org.apache.ratis.thirdparty.io.netty.channel.AbstractChannel$AnnotatedConnectException: Connection refused: /192.168.157.233:42906
	at sun.nio.ch.SocketChannelImpl.checkConnect(Native Method)
	at sun.nio.ch.SocketChannelImpl.finishConnect(SocketChannelImpl.java:717)
	at org.apache.ratis.thirdparty.io.netty.channel.socket.nio.NioSocketChannel.doFinishConnect(NioSocketChannel.java:327)
	at org.apache.ratis.thirdparty.io.netty.channel.nio.AbstractNioChannel$AbstractNioUnsafe.finishConnect(AbstractNioChannel.java:340)
	at org.apache.ratis.thirdparty.io.netty.channel.nio.NioEventLoop.processSelectedKey(NioEventLoop.java:632)
	at org.apache.ratis.thirdparty.io.netty.channel.nio.NioEventLoop.processSelectedKeysOptimized(NioEventLoop.java:579)
	at org.apache.ratis.thirdparty.io.netty.channel.nio.NioEventLoop.processSelectedKeys(NioEventLoop.java:496)
	at org.apache.ratis.thirdparty.io.netty.channel.nio.NioEventLoop.run(NioEventLoop.java:458)
	at org.apache.ratis.thirdparty.io.netty.util.concurrent.SingleThreadEventExecutor$5.run(SingleThreadEventExecutor.java:897)
	at org.apache.ratis.thirdparty.io.netty.util.concurrent.FastThreadLocalRunnable.run(FastThreadLocalRunnable.java:30)
	... 1 more
Caused by: java.net.ConnectException: Connection refused
	... 11 more
2019-10-25 11:08:07,148 [f6cfa8a2-85ff-4bb9-a246-101c53d2d47b@group-49E82E920F3F-LeaderElection658] INFO  impl.LeaderElection (LogUtils.java:infoOrTrace(149)) - f6cfa8a2-85ff-4bb9-a246-101c53d2d47b@group-49E82E920F3F-LeaderElection658 got exception when requesting votes: {}
java.util.concurrent.ExecutionException: org.apache.ratis.thirdparty.io.grpc.StatusRuntimeException: UNAVAILABLE: io exception
	at java.util.concurrent.FutureTask.report(FutureTask.java:122)
	at java.util.concurrent.FutureTask.get(FutureTask.java:192)
	at org.apache.ratis.server.impl.LeaderElection.waitForResults(LeaderElection.java:259)
	at org.apache.ratis.server.impl.LeaderElection.askForVotes(LeaderElection.java:197)
	at org.apache.ratis.server.impl.LeaderElection.run(LeaderElection.java:133)
	at java.lang.Thread.run(Thread.java:748)
Caused by: org.apache.ratis.thirdparty.io.grpc.StatusRuntimeException: UNAVAILABLE: io exception
	at org.apache.ratis.thirdparty.io.grpc.stub.ClientCalls.toStatusRuntimeException(ClientCalls.java:233)
	at org.apache.ratis.thirdparty.io.grpc.stub.ClientCalls.getUnchecked(ClientCalls.java:214)
	at org.apache.ratis.thirdparty.io.grpc.stub.ClientCalls.blockingUnaryCall(ClientCalls.java:139)
	at org.apache.ratis.proto.grpc.RaftServerProtocolServiceGrpc$RaftServerProtocolServiceBlockingStub.requestVote(RaftServerProtocolServiceGrpc.java:265)
	at org.apache.ratis.grpc.server.GrpcServerProtocolClient.requestVote(GrpcServerProtocolClient.java:99)
	at org.apache.ratis.grpc.server.GrpcService.requestVote(GrpcService.java:204)
	at org.apache.ratis.server.impl.LeaderElection.lambda$submitRequests$1(LeaderElection.java:234)
	at java.util.concurrent.FutureTask.run(FutureTask.java:266)
	at java.util.concurrent.Executors$RunnableAdapter.call(Executors.java:511)
	at java.util.concurrent.FutureTask.run(FutureTask.java:266)
	at java.util.concurrent.ThreadPoolExecutor.runWorker(ThreadPoolExecutor.java:1149)
	at java.util.concurrent.ThreadPoolExecutor$Worker.run(ThreadPoolExecutor.java:624)
	... 1 more
Caused by: org.apache.ratis.thirdparty.io.netty.channel.AbstractChannel$AnnotatedConnectException: Connection refused: /192.168.157.233:35716
	at sun.nio.ch.SocketChannelImpl.checkConnect(Native Method)
	at sun.nio.ch.SocketChannelImpl.finishConnect(SocketChannelImpl.java:717)
	at org.apache.ratis.thirdparty.io.netty.channel.socket.nio.NioSocketChannel.doFinishConnect(NioSocketChannel.java:327)
	at org.apache.ratis.thirdparty.io.netty.channel.nio.AbstractNioChannel$AbstractNioUnsafe.finishConnect(AbstractNioChannel.java:340)
	at org.apache.ratis.thirdparty.io.netty.channel.nio.NioEventLoop.processSelectedKey(NioEventLoop.java:632)
	at org.apache.ratis.thirdparty.io.netty.channel.nio.NioEventLoop.processSelectedKeysOptimized(NioEventLoop.java:579)
	at org.apache.ratis.thirdparty.io.netty.channel.nio.NioEventLoop.processSelectedKeys(NioEventLoop.java:496)
	at org.apache.ratis.thirdparty.io.netty.channel.nio.NioEventLoop.run(NioEventLoop.java:458)
	at org.apache.ratis.thirdparty.io.netty.util.concurrent.SingleThreadEventExecutor$5.run(SingleThreadEventExecutor.java:897)
	at org.apache.ratis.thirdparty.io.netty.util.concurrent.FastThreadLocalRunnable.run(FastThreadLocalRunnable.java:30)
	... 1 more
Caused by: java.net.ConnectException: Connection refused
	... 11 more
2019-10-25 11:08:07,149 [f6cfa8a2-85ff-4bb9-a246-101c53d2d47b@group-49E82E920F3F-LeaderElection658] INFO  impl.LeaderElection (LeaderElection.java:logAndReturn(56)) - f6cfa8a2-85ff-4bb9-a246-101c53d2d47b@group-49E82E920F3F-LeaderElection658: Election REJECTED; received 0 response(s) [] and 2 exception(s); f6cfa8a2-85ff-4bb9-a246-101c53d2d47b@group-49E82E920F3F:t249, leader=null, voted=f6cfa8a2-85ff-4bb9-a246-101c53d2d47b, raftlog=f6cfa8a2-85ff-4bb9-a246-101c53d2d47b@group-49E82E920F3F-SegmentedRaftLog:OPENED:c-1,f-1,i0, conf=-1: [7fad1e98-7a6b-4998-a30c-ec1ab88068bc:192.168.157.233:35716, bdb27072-dd00-4d3b-a7da-41600e490ca3:192.168.157.233:42906, f6cfa8a2-85ff-4bb9-a246-101c53d2d47b:192.168.157.233:44618], old=null
2019-10-25 11:08:07,149 [f6cfa8a2-85ff-4bb9-a246-101c53d2d47b@group-49E82E920F3F-LeaderElection658] INFO  impl.LeaderElection (LogUtils.java:infoOrTrace(149)) -   Exception 0: {}
java.util.concurrent.ExecutionException: org.apache.ratis.thirdparty.io.grpc.StatusRuntimeException: UNAVAILABLE: io exception
	at java.util.concurrent.FutureTask.report(FutureTask.java:122)
	at java.util.concurrent.FutureTask.get(FutureTask.java:192)
	at org.apache.ratis.server.impl.LeaderElection.waitForResults(LeaderElection.java:259)
	at org.apache.ratis.server.impl.LeaderElection.askForVotes(LeaderElection.java:197)
	at org.apache.ratis.server.impl.LeaderElection.run(LeaderElection.java:133)
	at java.lang.Thread.run(Thread.java:748)
Caused by: org.apache.ratis.thirdparty.io.grpc.StatusRuntimeException: UNAVAILABLE: io exception
	at org.apache.ratis.thirdparty.io.grpc.stub.ClientCalls.toStatusRuntimeException(ClientCalls.java:233)
	at org.apache.ratis.thirdparty.io.grpc.stub.ClientCalls.getUnchecked(ClientCalls.java:214)
	at org.apache.ratis.thirdparty.io.grpc.stub.ClientCalls.blockingUnaryCall(ClientCalls.java:139)
	at org.apache.ratis.proto.grpc.RaftServerProtocolServiceGrpc$RaftServerProtocolServiceBlockingStub.requestVote(RaftServerProtocolServiceGrpc.java:265)
	at org.apache.ratis.grpc.server.GrpcServerProtocolClient.requestVote(GrpcServerProtocolClient.java:99)
	at org.apache.ratis.grpc.server.GrpcService.requestVote(GrpcService.java:204)
	at org.apache.ratis.server.impl.LeaderElection.lambda$submitRequests$1(LeaderElection.java:234)
	at java.util.concurrent.FutureTask.run(FutureTask.java:266)
	at java.util.concurrent.Executors$RunnableAdapter.call(Executors.java:511)
	at java.util.concurrent.FutureTask.run(FutureTask.java:266)
	at java.util.concurrent.ThreadPoolExecutor.runWorker(ThreadPoolExecutor.java:1149)
	at java.util.concurrent.ThreadPoolExecutor$Worker.run(ThreadPoolExecutor.java:624)
	... 1 more
Caused by: org.apache.ratis.thirdparty.io.netty.channel.AbstractChannel$AnnotatedConnectException: Connection refused: /192.168.157.233:42906
	at sun.nio.ch.SocketChannelImpl.checkConnect(Native Method)
	at sun.nio.ch.SocketChannelImpl.finishConnect(SocketChannelImpl.java:717)
	at org.apache.ratis.thirdparty.io.netty.channel.socket.nio.NioSocketChannel.doFinishConnect(NioSocketChannel.java:327)
	at org.apache.ratis.thirdparty.io.netty.channel.nio.AbstractNioChannel$AbstractNioUnsafe.finishConnect(AbstractNioChannel.java:340)
	at org.apache.ratis.thirdparty.io.netty.channel.nio.NioEventLoop.processSelectedKey(NioEventLoop.java:632)
	at org.apache.ratis.thirdparty.io.netty.channel.nio.NioEventLoop.processSelectedKeysOptimized(NioEventLoop.java:579)
	at org.apache.ratis.thirdparty.io.netty.channel.nio.NioEventLoop.processSelectedKeys(NioEventLoop.java:496)
	at org.apache.ratis.thirdparty.io.netty.channel.nio.NioEventLoop.run(NioEventLoop.java:458)
	at org.apache.ratis.thirdparty.io.netty.util.concurrent.SingleThreadEventExecutor$5.run(SingleThreadEventExecutor.java:897)
	at org.apache.ratis.thirdparty.io.netty.util.concurrent.FastThreadLocalRunnable.run(FastThreadLocalRunnable.java:30)
	... 1 more
Caused by: java.net.ConnectException: Connection refused
	... 11 more
2019-10-25 11:08:07,149 [f6cfa8a2-85ff-4bb9-a246-101c53d2d47b@group-49E82E920F3F-LeaderElection658] INFO  impl.LeaderElection (LogUtils.java:infoOrTrace(149)) -   Exception 1: {}
java.util.concurrent.ExecutionException: org.apache.ratis.thirdparty.io.grpc.StatusRuntimeException: UNAVAILABLE: io exception
	at java.util.concurrent.FutureTask.report(FutureTask.java:122)
	at java.util.concurrent.FutureTask.get(FutureTask.java:192)
	at org.apache.ratis.server.impl.LeaderElection.waitForResults(LeaderElection.java:259)
	at org.apache.ratis.server.impl.LeaderElection.askForVotes(LeaderElection.java:197)
	at org.apache.ratis.server.impl.LeaderElection.run(LeaderElection.java:133)
	at java.lang.Thread.run(Thread.java:748)
Caused by: org.apache.ratis.thirdparty.io.grpc.StatusRuntimeException: UNAVAILABLE: io exception
	at org.apache.ratis.thirdparty.io.grpc.stub.ClientCalls.toStatusRuntimeException(ClientCalls.java:233)
	at org.apache.ratis.thirdparty.io.grpc.stub.ClientCalls.getUnchecked(ClientCalls.java:214)
	at org.apache.ratis.thirdparty.io.grpc.stub.ClientCalls.blockingUnaryCall(ClientCalls.java:139)
	at org.apache.ratis.proto.grpc.RaftServerProtocolServiceGrpc$RaftServerProtocolServiceBlockingStub.requestVote(RaftServerProtocolServiceGrpc.java:265)
	at org.apache.ratis.grpc.server.GrpcServerProtocolClient.requestVote(GrpcServerProtocolClient.java:99)
	at org.apache.ratis.grpc.server.GrpcService.requestVote(GrpcService.java:204)
	at org.apache.ratis.server.impl.LeaderElection.lambda$submitRequests$1(LeaderElection.java:234)
	at java.util.concurrent.FutureTask.run(FutureTask.java:266)
	at java.util.concurrent.Executors$RunnableAdapter.call(Executors.java:511)
	at java.util.concurrent.FutureTask.run(FutureTask.java:266)
	at java.util.concurrent.ThreadPoolExecutor.runWorker(ThreadPoolExecutor.java:1149)
	at java.util.concurrent.ThreadPoolExecutor$Worker.run(ThreadPoolExecutor.java:624)
	... 1 more
Caused by: org.apache.ratis.thirdparty.io.netty.channel.AbstractChannel$AnnotatedConnectException: Connection refused: /192.168.157.233:35716
	at sun.nio.ch.SocketChannelImpl.checkConnect(Native Method)
	at sun.nio.ch.SocketChannelImpl.finishConnect(SocketChannelImpl.java:717)
	at org.apache.ratis.thirdparty.io.netty.channel.socket.nio.NioSocketChannel.doFinishConnect(NioSocketChannel.java:327)
	at org.apache.ratis.thirdparty.io.netty.channel.nio.AbstractNioChannel$AbstractNioUnsafe.finishConnect(AbstractNioChannel.java:340)
	at org.apache.ratis.thirdparty.io.netty.channel.nio.NioEventLoop.processSelectedKey(NioEventLoop.java:632)
	at org.apache.ratis.thirdparty.io.netty.channel.nio.NioEventLoop.processSelectedKeysOptimized(NioEventLoop.java:579)
	at org.apache.ratis.thirdparty.io.netty.channel.nio.NioEventLoop.processSelectedKeys(NioEventLoop.java:496)
	at org.apache.ratis.thirdparty.io.netty.channel.nio.NioEventLoop.run(NioEventLoop.java:458)
	at org.apache.ratis.thirdparty.io.netty.util.concurrent.SingleThreadEventExecutor$5.run(SingleThreadEventExecutor.java:897)
	at org.apache.ratis.thirdparty.io.netty.util.concurrent.FastThreadLocalRunnable.run(FastThreadLocalRunnable.java:30)
	... 1 more
Caused by: java.net.ConnectException: Connection refused
	... 11 more
2019-10-25 11:08:07,150 [f6cfa8a2-85ff-4bb9-a246-101c53d2d47b@group-49E82E920F3F-LeaderElection658] INFO  impl.RaftServerImpl (RaftServerImpl.java:setRole(184)) - f6cfa8a2-85ff-4bb9-a246-101c53d2d47b@group-49E82E920F3F: changes role from CANDIDATE to FOLLOWER at term 249 for DISCOVERED_A_NEW_TERM
2019-10-25 11:08:07,150 [f6cfa8a2-85ff-4bb9-a246-101c53d2d47b@group-49E82E920F3F-LeaderElection658] INFO  impl.RoleInfo (RoleInfo.java:shutdownLeaderElection(134)) - f6cfa8a2-85ff-4bb9-a246-101c53d2d47b: shutdown LeaderElection
2019-10-25 11:08:07,150 [f6cfa8a2-85ff-4bb9-a246-101c53d2d47b@group-49E82E920F3F-LeaderElection658] INFO  impl.RoleInfo (RoleInfo.java:updateAndGet(143)) - f6cfa8a2-85ff-4bb9-a246-101c53d2d47b: start FollowerState
2019-10-25 11:08:07,177 [Thread-5248] INFO  impl.FollowerState (FollowerState.java:run(108)) - f6cfa8a2-85ff-4bb9-a246-101c53d2d47b@group-49E82E920F3F-FollowerState: change to CANDIDATE, lastRpcTime:27ms, electionTimeout:27ms
2019-10-25 11:08:07,177 [Thread-5248] INFO  impl.RoleInfo (RoleInfo.java:shutdownFollowerState(121)) - f6cfa8a2-85ff-4bb9-a246-101c53d2d47b: shutdown FollowerState
2019-10-25 11:08:07,178 [Thread-5248] INFO  impl.RaftServerImpl (RaftServerImpl.java:setRole(184)) - f6cfa8a2-85ff-4bb9-a246-101c53d2d47b@group-49E82E920F3F: changes role from  FOLLOWER to CANDIDATE at term 249 for changeToCandidate
2019-10-25 11:08:07,178 [Thread-5248] INFO  impl.RoleInfo (RoleInfo.java:updateAndGet(143)) - f6cfa8a2-85ff-4bb9-a246-101c53d2d47b: start LeaderElection
2019-10-25 11:08:07,191 [f6cfa8a2-85ff-4bb9-a246-101c53d2d47b@group-49E82E920F3F-LeaderElection659] INFO  impl.LeaderElection (LeaderElection.java:askForVotes(178)) - f6cfa8a2-85ff-4bb9-a246-101c53d2d47b@group-49E82E920F3F-LeaderElection659: begin an election at term 250 for -1: [7fad1e98-7a6b-4998-a30c-ec1ab88068bc:192.168.157.233:35716, bdb27072-dd00-4d3b-a7da-41600e490ca3:192.168.157.233:42906, f6cfa8a2-85ff-4bb9-a246-101c53d2d47b:192.168.157.233:44618], old=null
2019-10-25 11:08:07,192 [f6cfa8a2-85ff-4bb9-a246-101c53d2d47b@group-49E82E920F3F-LeaderElection659] INFO  impl.LeaderElection (LogUtils.java:infoOrTrace(149)) - f6cfa8a2-85ff-4bb9-a246-101c53d2d47b@group-49E82E920F3F-LeaderElection659 got exception when requesting votes: {}
java.util.concurrent.ExecutionException: org.apache.ratis.thirdparty.io.grpc.StatusRuntimeException: UNAVAILABLE: io exception
	at java.util.concurrent.FutureTask.report(FutureTask.java:122)
	at java.util.concurrent.FutureTask.get(FutureTask.java:192)
	at org.apache.ratis.server.impl.LeaderElection.waitForResults(LeaderElection.java:259)
	at org.apache.ratis.server.impl.LeaderElection.askForVotes(LeaderElection.java:197)
	at org.apache.ratis.server.impl.LeaderElection.run(LeaderElection.java:133)
	at java.lang.Thread.run(Thread.java:748)
Caused by: org.apache.ratis.thirdparty.io.grpc.StatusRuntimeException: UNAVAILABLE: io exception
	at org.apache.ratis.thirdparty.io.grpc.stub.ClientCalls.toStatusRuntimeException(ClientCalls.java:233)
	at org.apache.ratis.thirdparty.io.grpc.stub.ClientCalls.getUnchecked(ClientCalls.java:214)
	at org.apache.ratis.thirdparty.io.grpc.stub.ClientCalls.blockingUnaryCall(ClientCalls.java:139)
	at org.apache.ratis.proto.grpc.RaftServerProtocolServiceGrpc$RaftServerProtocolServiceBlockingStub.requestVote(RaftServerProtocolServiceGrpc.java:265)
	at org.apache.ratis.grpc.server.GrpcServerProtocolClient.requestVote(GrpcServerProtocolClient.java:99)
	at org.apache.ratis.grpc.server.GrpcService.requestVote(GrpcService.java:204)
	at org.apache.ratis.server.impl.LeaderElection.lambda$submitRequests$1(LeaderElection.java:234)
	at java.util.concurrent.FutureTask.run(FutureTask.java:266)
	at java.util.concurrent.Executors$RunnableAdapter.call(Executors.java:511)
	at java.util.concurrent.FutureTask.run(FutureTask.java:266)
	at java.util.concurrent.ThreadPoolExecutor.runWorker(ThreadPoolExecutor.java:1149)
	at java.util.concurrent.ThreadPoolExecutor$Worker.run(ThreadPoolExecutor.java:624)
	... 1 more
Caused by: org.apache.ratis.thirdparty.io.netty.channel.AbstractChannel$AnnotatedConnectException: Connection refused: /192.168.157.233:35716
	at sun.nio.ch.SocketChannelImpl.checkConnect(Native Method)
	at sun.nio.ch.SocketChannelImpl.finishConnect(SocketChannelImpl.java:717)
	at org.apache.ratis.thirdparty.io.netty.channel.socket.nio.NioSocketChannel.doFinishConnect(NioSocketChannel.java:327)
	at org.apache.ratis.thirdparty.io.netty.channel.nio.AbstractNioChannel$AbstractNioUnsafe.finishConnect(AbstractNioChannel.java:340)
	at org.apache.ratis.thirdparty.io.netty.channel.nio.NioEventLoop.processSelectedKey(NioEventLoop.java:632)
	at org.apache.ratis.thirdparty.io.netty.channel.nio.NioEventLoop.processSelectedKeysOptimized(NioEventLoop.java:579)
	at org.apache.ratis.thirdparty.io.netty.channel.nio.NioEventLoop.processSelectedKeys(NioEventLoop.java:496)
	at org.apache.ratis.thirdparty.io.netty.channel.nio.NioEventLoop.run(NioEventLoop.java:458)
	at org.apache.ratis.thirdparty.io.netty.util.concurrent.SingleThreadEventExecutor$5.run(SingleThreadEventExecutor.java:897)
	at org.apache.ratis.thirdparty.io.netty.util.concurrent.FastThreadLocalRunnable.run(FastThreadLocalRunnable.java:30)
	... 1 more
Caused by: java.net.ConnectException: Connection refused
	... 11 more
2019-10-25 11:08:07,193 [f6cfa8a2-85ff-4bb9-a246-101c53d2d47b@group-49E82E920F3F-LeaderElection659] INFO  impl.LeaderElection (LogUtils.java:infoOrTrace(149)) - f6cfa8a2-85ff-4bb9-a246-101c53d2d47b@group-49E82E920F3F-LeaderElection659 got exception when requesting votes: {}
java.util.concurrent.ExecutionException: org.apache.ratis.thirdparty.io.grpc.StatusRuntimeException: UNAVAILABLE: io exception
	at java.util.concurrent.FutureTask.report(FutureTask.java:122)
	at java.util.concurrent.FutureTask.get(FutureTask.java:192)
	at org.apache.ratis.server.impl.LeaderElection.waitForResults(LeaderElection.java:259)
	at org.apache.ratis.server.impl.LeaderElection.askForVotes(LeaderElection.java:197)
	at org.apache.ratis.server.impl.LeaderElection.run(LeaderElection.java:133)
	at java.lang.Thread.run(Thread.java:748)
Caused by: org.apache.ratis.thirdparty.io.grpc.StatusRuntimeException: UNAVAILABLE: io exception
	at org.apache.ratis.thirdparty.io.grpc.stub.ClientCalls.toStatusRuntimeException(ClientCalls.java:233)
	at org.apache.ratis.thirdparty.io.grpc.stub.ClientCalls.getUnchecked(ClientCalls.java:214)
	at org.apache.ratis.thirdparty.io.grpc.stub.ClientCalls.blockingUnaryCall(ClientCalls.java:139)
	at org.apache.ratis.proto.grpc.RaftServerProtocolServiceGrpc$RaftServerProtocolServiceBlockingStub.requestVote(RaftServerProtocolServiceGrpc.java:265)
	at org.apache.ratis.grpc.server.GrpcServerProtocolClient.requestVote(GrpcServerProtocolClient.java:99)
	at org.apache.ratis.grpc.server.GrpcService.requestVote(GrpcService.java:204)
	at org.apache.ratis.server.impl.LeaderElection.lambda$submitRequests$1(LeaderElection.java:234)
	at java.util.concurrent.FutureTask.run(FutureTask.java:266)
	at java.util.concurrent.Executors$RunnableAdapter.call(Executors.java:511)
	at java.util.concurrent.FutureTask.run(FutureTask.java:266)
	at java.util.concurrent.ThreadPoolExecutor.runWorker(ThreadPoolExecutor.java:1149)
	at java.util.concurrent.ThreadPoolExecutor$Worker.run(ThreadPoolExecutor.java:624)
	... 1 more
Caused by: org.apache.ratis.thirdparty.io.netty.channel.AbstractChannel$AnnotatedConnectException: Connection refused: /192.168.157.233:42906
	at sun.nio.ch.SocketChannelImpl.checkConnect(Native Method)
	at sun.nio.ch.SocketChannelImpl.finishConnect(SocketChannelImpl.java:717)
	at org.apache.ratis.thirdparty.io.netty.channel.socket.nio.NioSocketChannel.doFinishConnect(NioSocketChannel.java:327)
	at org.apache.ratis.thirdparty.io.netty.channel.nio.AbstractNioChannel$AbstractNioUnsafe.finishConnect(AbstractNioChannel.java:340)
	at org.apache.ratis.thirdparty.io.netty.channel.nio.NioEventLoop.processSelectedKey(NioEventLoop.java:632)
	at org.apache.ratis.thirdparty.io.netty.channel.nio.NioEventLoop.processSelectedKeysOptimized(NioEventLoop.java:579)
	at org.apache.ratis.thirdparty.io.netty.channel.nio.NioEventLoop.processSelectedKeys(NioEventLoop.java:496)
	at org.apache.ratis.thirdparty.io.netty.channel.nio.NioEventLoop.run(NioEventLoop.java:458)
	at org.apache.ratis.thirdparty.io.netty.util.concurrent.SingleThreadEventExecutor$5.run(SingleThreadEventExecutor.java:897)
	at org.apache.ratis.thirdparty.io.netty.util.concurrent.FastThreadLocalRunnable.run(FastThreadLocalRunnable.java:30)
	... 1 more
Caused by: java.net.ConnectException: Connection refused
	... 11 more
2019-10-25 11:08:07,193 [f6cfa8a2-85ff-4bb9-a246-101c53d2d47b@group-49E82E920F3F-LeaderElection659] INFO  impl.LeaderElection (LeaderElection.java:logAndReturn(56)) - f6cfa8a2-85ff-4bb9-a246-101c53d2d47b@group-49E82E920F3F-LeaderElection659: Election REJECTED; received 0 response(s) [] and 2 exception(s); f6cfa8a2-85ff-4bb9-a246-101c53d2d47b@group-49E82E920F3F:t250, leader=null, voted=f6cfa8a2-85ff-4bb9-a246-101c53d2d47b, raftlog=f6cfa8a2-85ff-4bb9-a246-101c53d2d47b@group-49E82E920F3F-SegmentedRaftLog:OPENED:c-1,f-1,i0, conf=-1: [7fad1e98-7a6b-4998-a30c-ec1ab88068bc:192.168.157.233:35716, bdb27072-dd00-4d3b-a7da-41600e490ca3:192.168.157.233:42906, f6cfa8a2-85ff-4bb9-a246-101c53d2d47b:192.168.157.233:44618], old=null
2019-10-25 11:08:07,193 [f6cfa8a2-85ff-4bb9-a246-101c53d2d47b@group-49E82E920F3F-LeaderElection659] INFO  impl.LeaderElection (LogUtils.java:infoOrTrace(149)) -   Exception 0: {}
java.util.concurrent.ExecutionException: org.apache.ratis.thirdparty.io.grpc.StatusRuntimeException: UNAVAILABLE: io exception
	at java.util.concurrent.FutureTask.report(FutureTask.java:122)
	at java.util.concurrent.FutureTask.get(FutureTask.java:192)
	at org.apache.ratis.server.impl.LeaderElection.waitForResults(LeaderElection.java:259)
	at org.apache.ratis.server.impl.LeaderElection.askForVotes(LeaderElection.java:197)
	at org.apache.ratis.server.impl.LeaderElection.run(LeaderElection.java:133)
	at java.lang.Thread.run(Thread.java:748)
Caused by: org.apache.ratis.thirdparty.io.grpc.StatusRuntimeException: UNAVAILABLE: io exception
	at org.apache.ratis.thirdparty.io.grpc.stub.ClientCalls.toStatusRuntimeException(ClientCalls.java:233)
	at org.apache.ratis.thirdparty.io.grpc.stub.ClientCalls.getUnchecked(ClientCalls.java:214)
	at org.apache.ratis.thirdparty.io.grpc.stub.ClientCalls.blockingUnaryCall(ClientCalls.java:139)
	at org.apache.ratis.proto.grpc.RaftServerProtocolServiceGrpc$RaftServerProtocolServiceBlockingStub.requestVote(RaftServerProtocolServiceGrpc.java:265)
	at org.apache.ratis.grpc.server.GrpcServerProtocolClient.requestVote(GrpcServerProtocolClient.java:99)
	at org.apache.ratis.grpc.server.GrpcService.requestVote(GrpcService.java:204)
	at org.apache.ratis.server.impl.LeaderElection.lambda$submitRequests$1(LeaderElection.java:234)
	at java.util.concurrent.FutureTask.run(FutureTask.java:266)
	at java.util.concurrent.Executors$RunnableAdapter.call(Executors.java:511)
	at java.util.concurrent.FutureTask.run(FutureTask.java:266)
	at java.util.concurrent.ThreadPoolExecutor.runWorker(ThreadPoolExecutor.java:1149)
	at java.util.concurrent.ThreadPoolExecutor$Worker.run(ThreadPoolExecutor.java:624)
	... 1 more
Caused by: org.apache.ratis.thirdparty.io.netty.channel.AbstractChannel$AnnotatedConnectException: Connection refused: /192.168.157.233:35716
	at sun.nio.ch.SocketChannelImpl.checkConnect(Native Method)
	at sun.nio.ch.SocketChannelImpl.finishConnect(SocketChannelImpl.java:717)
	at org.apache.ratis.thirdparty.io.netty.channel.socket.nio.NioSocketChannel.doFinishConnect(NioSocketChannel.java:327)
	at org.apache.ratis.thirdparty.io.netty.channel.nio.AbstractNioChannel$AbstractNioUnsafe.finishConnect(AbstractNioChannel.java:340)
	at org.apache.ratis.thirdparty.io.netty.channel.nio.NioEventLoop.processSelectedKey(NioEventLoop.java:632)
	at org.apache.ratis.thirdparty.io.netty.channel.nio.NioEventLoop.processSelectedKeysOptimized(NioEventLoop.java:579)
	at org.apache.ratis.thirdparty.io.netty.channel.nio.NioEventLoop.processSelectedKeys(NioEventLoop.java:496)
	at org.apache.ratis.thirdparty.io.netty.channel.nio.NioEventLoop.run(NioEventLoop.java:458)
	at org.apache.ratis.thirdparty.io.netty.util.concurrent.SingleThreadEventExecutor$5.run(SingleThreadEventExecutor.java:897)
	at org.apache.ratis.thirdparty.io.netty.util.concurrent.FastThreadLocalRunnable.run(FastThreadLocalRunnable.java:30)
	... 1 more
Caused by: java.net.ConnectException: Connection refused
	... 11 more
2019-10-25 11:08:07,194 [f6cfa8a2-85ff-4bb9-a246-101c53d2d47b@group-49E82E920F3F-LeaderElection659] INFO  impl.LeaderElection (LogUtils.java:infoOrTrace(149)) -   Exception 1: {}
java.util.concurrent.ExecutionException: org.apache.ratis.thirdparty.io.grpc.StatusRuntimeException: UNAVAILABLE: io exception
	at java.util.concurrent.FutureTask.report(FutureTask.java:122)
	at java.util.concurrent.FutureTask.get(FutureTask.java:192)
	at org.apache.ratis.server.impl.LeaderElection.waitForResults(LeaderElection.java:259)
	at org.apache.ratis.server.impl.LeaderElection.askForVotes(LeaderElection.java:197)
	at org.apache.ratis.server.impl.LeaderElection.run(LeaderElection.java:133)
	at java.lang.Thread.run(Thread.java:748)
Caused by: org.apache.ratis.thirdparty.io.grpc.StatusRuntimeException: UNAVAILABLE: io exception
	at org.apache.ratis.thirdparty.io.grpc.stub.ClientCalls.toStatusRuntimeException(ClientCalls.java:233)
	at org.apache.ratis.thirdparty.io.grpc.stub.ClientCalls.getUnchecked(ClientCalls.java:214)
	at org.apache.ratis.thirdparty.io.grpc.stub.ClientCalls.blockingUnaryCall(ClientCalls.java:139)
	at org.apache.ratis.proto.grpc.RaftServerProtocolServiceGrpc$RaftServerProtocolServiceBlockingStub.requestVote(RaftServerProtocolServiceGrpc.java:265)
	at org.apache.ratis.grpc.server.GrpcServerProtocolClient.requestVote(GrpcServerProtocolClient.java:99)
	at org.apache.ratis.grpc.server.GrpcService.requestVote(GrpcService.java:204)
	at org.apache.ratis.server.impl.LeaderElection.lambda$submitRequests$1(LeaderElection.java:234)
	at java.util.concurrent.FutureTask.run(FutureTask.java:266)
	at java.util.concurrent.Executors$RunnableAdapter.call(Executors.java:511)
	at java.util.concurrent.FutureTask.run(FutureTask.java:266)
	at java.util.concurrent.ThreadPoolExecutor.runWorker(ThreadPoolExecutor.java:1149)
	at java.util.concurrent.ThreadPoolExecutor$Worker.run(ThreadPoolExecutor.java:624)
	... 1 more
Caused by: org.apache.ratis.thirdparty.io.netty.channel.AbstractChannel$AnnotatedConnectException: Connection refused: /192.168.157.233:42906
	at sun.nio.ch.SocketChannelImpl.checkConnect(Native Method)
	at sun.nio.ch.SocketChannelImpl.finishConnect(SocketChannelImpl.java:717)
	at org.apache.ratis.thirdparty.io.netty.channel.socket.nio.NioSocketChannel.doFinishConnect(NioSocketChannel.java:327)
	at org.apache.ratis.thirdparty.io.netty.channel.nio.AbstractNioChannel$AbstractNioUnsafe.finishConnect(AbstractNioChannel.java:340)
	at org.apache.ratis.thirdparty.io.netty.channel.nio.NioEventLoop.processSelectedKey(NioEventLoop.java:632)
	at org.apache.ratis.thirdparty.io.netty.channel.nio.NioEventLoop.processSelectedKeysOptimized(NioEventLoop.java:579)
	at org.apache.ratis.thirdparty.io.netty.channel.nio.NioEventLoop.processSelectedKeys(NioEventLoop.java:496)
	at org.apache.ratis.thirdparty.io.netty.channel.nio.NioEventLoop.run(NioEventLoop.java:458)
	at org.apache.ratis.thirdparty.io.netty.util.concurrent.SingleThreadEventExecutor$5.run(SingleThreadEventExecutor.java:897)
	at org.apache.ratis.thirdparty.io.netty.util.concurrent.FastThreadLocalRunnable.run(FastThreadLocalRunnable.java:30)
	... 1 more
Caused by: java.net.ConnectException: Connection refused
	... 11 more
2019-10-25 11:08:07,194 [f6cfa8a2-85ff-4bb9-a246-101c53d2d47b@group-49E82E920F3F-LeaderElection659] INFO  impl.RaftServerImpl (RaftServerImpl.java:setRole(184)) - f6cfa8a2-85ff-4bb9-a246-101c53d2d47b@group-49E82E920F3F: changes role from CANDIDATE to FOLLOWER at term 250 for DISCOVERED_A_NEW_TERM
2019-10-25 11:08:07,194 [f6cfa8a2-85ff-4bb9-a246-101c53d2d47b@group-49E82E920F3F-LeaderElection659] INFO  impl.RoleInfo (RoleInfo.java:shutdownLeaderElection(134)) - f6cfa8a2-85ff-4bb9-a246-101c53d2d47b: shutdown LeaderElection
2019-10-25 11:08:07,194 [f6cfa8a2-85ff-4bb9-a246-101c53d2d47b@group-49E82E920F3F-LeaderElection659] INFO  impl.RoleInfo (RoleInfo.java:updateAndGet(143)) - f6cfa8a2-85ff-4bb9-a246-101c53d2d47b: start FollowerState
2019-10-25 11:08:07,244 [Thread-5252] INFO  impl.FollowerState (FollowerState.java:run(108)) - f6cfa8a2-85ff-4bb9-a246-101c53d2d47b@group-49E82E920F3F-FollowerState: change to CANDIDATE, lastRpcTime:49ms, electionTimeout:49ms
2019-10-25 11:08:07,244 [Thread-5252] INFO  impl.RoleInfo (RoleInfo.java:shutdownFollowerState(121)) - f6cfa8a2-85ff-4bb9-a246-101c53d2d47b: shutdown FollowerState
2019-10-25 11:08:07,244 [Thread-5252] INFO  impl.RaftServerImpl (RaftServerImpl.java:setRole(184)) - f6cfa8a2-85ff-4bb9-a246-101c53d2d47b@group-49E82E920F3F: changes role from  FOLLOWER to CANDIDATE at term 250 for changeToCandidate
2019-10-25 11:08:07,244 [Thread-5252] INFO  impl.RoleInfo (RoleInfo.java:updateAndGet(143)) - f6cfa8a2-85ff-4bb9-a246-101c53d2d47b: start LeaderElection
2019-10-25 11:08:07,257 [f6cfa8a2-85ff-4bb9-a246-101c53d2d47b@group-49E82E920F3F-LeaderElection660] INFO  impl.LeaderElection (LeaderElection.java:askForVotes(178)) - f6cfa8a2-85ff-4bb9-a246-101c53d2d47b@group-49E82E920F3F-LeaderElection660: begin an election at term 251 for -1: [7fad1e98-7a6b-4998-a30c-ec1ab88068bc:192.168.157.233:35716, bdb27072-dd00-4d3b-a7da-41600e490ca3:192.168.157.233:42906, f6cfa8a2-85ff-4bb9-a246-101c53d2d47b:192.168.157.233:44618], old=null
2019-10-25 11:08:07,257 [f6cfa8a2-85ff-4bb9-a246-101c53d2d47b@group-49E82E920F3F-LeaderElection660] INFO  impl.LeaderElection (LogUtils.java:infoOrTrace(149)) - f6cfa8a2-85ff-4bb9-a246-101c53d2d47b@group-49E82E920F3F-LeaderElection660 got exception when requesting votes: {}
java.util.concurrent.ExecutionException: org.apache.ratis.thirdparty.io.grpc.StatusRuntimeException: UNAVAILABLE: io exception
	at java.util.concurrent.FutureTask.report(FutureTask.java:122)
	at java.util.concurrent.FutureTask.get(FutureTask.java:192)
	at org.apache.ratis.server.impl.LeaderElection.waitForResults(LeaderElection.java:259)
	at org.apache.ratis.server.impl.LeaderElection.askForVotes(LeaderElection.java:197)
	at org.apache.ratis.server.impl.LeaderElection.run(LeaderElection.java:133)
	at java.lang.Thread.run(Thread.java:748)
Caused by: org.apache.ratis.thirdparty.io.grpc.StatusRuntimeException: UNAVAILABLE: io exception
	at org.apache.ratis.thirdparty.io.grpc.stub.ClientCalls.toStatusRuntimeException(ClientCalls.java:233)
	at org.apache.ratis.thirdparty.io.grpc.stub.ClientCalls.getUnchecked(ClientCalls.java:214)
	at org.apache.ratis.thirdparty.io.grpc.stub.ClientCalls.blockingUnaryCall(ClientCalls.java:139)
	at org.apache.ratis.proto.grpc.RaftServerProtocolServiceGrpc$RaftServerProtocolServiceBlockingStub.requestVote(RaftServerProtocolServiceGrpc.java:265)
	at org.apache.ratis.grpc.server.GrpcServerProtocolClient.requestVote(GrpcServerProtocolClient.java:99)
	at org.apache.ratis.grpc.server.GrpcService.requestVote(GrpcService.java:204)
	at org.apache.ratis.server.impl.LeaderElection.lambda$submitRequests$1(LeaderElection.java:234)
	at java.util.concurrent.FutureTask.run(FutureTask.java:266)
	at java.util.concurrent.Executors$RunnableAdapter.call(Executors.java:511)
	at java.util.concurrent.FutureTask.run(FutureTask.java:266)
	at java.util.concurrent.ThreadPoolExecutor.runWorker(ThreadPoolExecutor.java:1149)
	at java.util.concurrent.ThreadPoolExecutor$Worker.run(ThreadPoolExecutor.java:624)
	... 1 more
Caused by: org.apache.ratis.thirdparty.io.netty.channel.AbstractChannel$AnnotatedConnectException: Connection refused: /192.168.157.233:35716
	at sun.nio.ch.SocketChannelImpl.checkConnect(Native Method)
	at sun.nio.ch.SocketChannelImpl.finishConnect(SocketChannelImpl.java:717)
	at org.apache.ratis.thirdparty.io.netty.channel.socket.nio.NioSocketChannel.doFinishConnect(NioSocketChannel.java:327)
	at org.apache.ratis.thirdparty.io.netty.channel.nio.AbstractNioChannel$AbstractNioUnsafe.finishConnect(AbstractNioChannel.java:340)
	at org.apache.ratis.thirdparty.io.netty.channel.nio.NioEventLoop.processSelectedKey(NioEventLoop.java:632)
	at org.apache.ratis.thirdparty.io.netty.channel.nio.NioEventLoop.processSelectedKeysOptimized(NioEventLoop.java:579)
	at org.apache.ratis.thirdparty.io.netty.channel.nio.NioEventLoop.processSelectedKeys(NioEventLoop.java:496)
	at org.apache.ratis.thirdparty.io.netty.channel.nio.NioEventLoop.run(NioEventLoop.java:458)
	at org.apache.ratis.thirdparty.io.netty.util.concurrent.SingleThreadEventExecutor$5.run(SingleThreadEventExecutor.java:897)
	at org.apache.ratis.thirdparty.io.netty.util.concurrent.FastThreadLocalRunnable.run(FastThreadLocalRunnable.java:30)
	... 1 more
Caused by: java.net.ConnectException: Connection refused
	... 11 more
2019-10-25 11:08:07,258 [f6cfa8a2-85ff-4bb9-a246-101c53d2d47b@group-49E82E920F3F-LeaderElection660] INFO  impl.LeaderElection (LogUtils.java:infoOrTrace(149)) - f6cfa8a2-85ff-4bb9-a246-101c53d2d47b@group-49E82E920F3F-LeaderElection660 got exception when requesting votes: {}
java.util.concurrent.ExecutionException: org.apache.ratis.thirdparty.io.grpc.StatusRuntimeException: UNAVAILABLE: io exception
	at java.util.concurrent.FutureTask.report(FutureTask.java:122)
	at java.util.concurrent.FutureTask.get(FutureTask.java:192)
	at org.apache.ratis.server.impl.LeaderElection.waitForResults(LeaderElection.java:259)
	at org.apache.ratis.server.impl.LeaderElection.askForVotes(LeaderElection.java:197)
	at org.apache.ratis.server.impl.LeaderElection.run(LeaderElection.java:133)
	at java.lang.Thread.run(Thread.java:748)
Caused by: org.apache.ratis.thirdparty.io.grpc.StatusRuntimeException: UNAVAILABLE: io exception
	at org.apache.ratis.thirdparty.io.grpc.stub.ClientCalls.toStatusRuntimeException(ClientCalls.java:233)
	at org.apache.ratis.thirdparty.io.grpc.stub.ClientCalls.getUnchecked(ClientCalls.java:214)
	at org.apache.ratis.thirdparty.io.grpc.stub.ClientCalls.blockingUnaryCall(ClientCalls.java:139)
	at org.apache.ratis.proto.grpc.RaftServerProtocolServiceGrpc$RaftServerProtocolServiceBlockingStub.requestVote(RaftServerProtocolServiceGrpc.java:265)
	at org.apache.ratis.grpc.server.GrpcServerProtocolClient.requestVote(GrpcServerProtocolClient.java:99)
	at org.apache.ratis.grpc.server.GrpcService.requestVote(GrpcService.java:204)
	at org.apache.ratis.server.impl.LeaderElection.lambda$submitRequests$1(LeaderElection.java:234)
	at java.util.concurrent.FutureTask.run(FutureTask.java:266)
	at java.util.concurrent.Executors$RunnableAdapter.call(Executors.java:511)
	at java.util.concurrent.FutureTask.run(FutureTask.java:266)
	at java.util.concurrent.ThreadPoolExecutor.runWorker(ThreadPoolExecutor.java:1149)
	at java.util.concurrent.ThreadPoolExecutor$Worker.run(ThreadPoolExecutor.java:624)
	... 1 more
Caused by: org.apache.ratis.thirdparty.io.netty.channel.AbstractChannel$AnnotatedConnectException: Connection refused: /192.168.157.233:42906
	at sun.nio.ch.SocketChannelImpl.checkConnect(Native Method)
	at sun.nio.ch.SocketChannelImpl.finishConnect(SocketChannelImpl.java:717)
	at org.apache.ratis.thirdparty.io.netty.channel.socket.nio.NioSocketChannel.doFinishConnect(NioSocketChannel.java:327)
	at org.apache.ratis.thirdparty.io.netty.channel.nio.AbstractNioChannel$AbstractNioUnsafe.finishConnect(AbstractNioChannel.java:340)
	at org.apache.ratis.thirdparty.io.netty.channel.nio.NioEventLoop.processSelectedKey(NioEventLoop.java:632)
	at org.apache.ratis.thirdparty.io.netty.channel.nio.NioEventLoop.processSelectedKeysOptimized(NioEventLoop.java:579)
	at org.apache.ratis.thirdparty.io.netty.channel.nio.NioEventLoop.processSelectedKeys(NioEventLoop.java:496)
	at org.apache.ratis.thirdparty.io.netty.channel.nio.NioEventLoop.run(NioEventLoop.java:458)
	at org.apache.ratis.thirdparty.io.netty.util.concurrent.SingleThreadEventExecutor$5.run(SingleThreadEventExecutor.java:897)
	at org.apache.ratis.thirdparty.io.netty.util.concurrent.FastThreadLocalRunnable.run(FastThreadLocalRunnable.java:30)
	... 1 more
Caused by: java.net.ConnectException: Connection refused
	... 11 more
2019-10-25 11:08:07,258 [f6cfa8a2-85ff-4bb9-a246-101c53d2d47b@group-49E82E920F3F-LeaderElection660] INFO  impl.LeaderElection (LeaderElection.java:logAndReturn(56)) - f6cfa8a2-85ff-4bb9-a246-101c53d2d47b@group-49E82E920F3F-LeaderElection660: Election REJECTED; received 0 response(s) [] and 2 exception(s); f6cfa8a2-85ff-4bb9-a246-101c53d2d47b@group-49E82E920F3F:t251, leader=null, voted=f6cfa8a2-85ff-4bb9-a246-101c53d2d47b, raftlog=f6cfa8a2-85ff-4bb9-a246-101c53d2d47b@group-49E82E920F3F-SegmentedRaftLog:OPENED:c-1,f-1,i0, conf=-1: [7fad1e98-7a6b-4998-a30c-ec1ab88068bc:192.168.157.233:35716, bdb27072-dd00-4d3b-a7da-41600e490ca3:192.168.157.233:42906, f6cfa8a2-85ff-4bb9-a246-101c53d2d47b:192.168.157.233:44618], old=null
2019-10-25 11:08:07,258 [f6cfa8a2-85ff-4bb9-a246-101c53d2d47b@group-49E82E920F3F-LeaderElection660] INFO  impl.LeaderElection (LogUtils.java:infoOrTrace(149)) -   Exception 0: {}
java.util.concurrent.ExecutionException: org.apache.ratis.thirdparty.io.grpc.StatusRuntimeException: UNAVAILABLE: io exception
	at java.util.concurrent.FutureTask.report(FutureTask.java:122)
	at java.util.concurrent.FutureTask.get(FutureTask.java:192)
	at org.apache.ratis.server.impl.LeaderElection.waitForResults(LeaderElection.java:259)
	at org.apache.ratis.server.impl.LeaderElection.askForVotes(LeaderElection.java:197)
	at org.apache.ratis.server.impl.LeaderElection.run(LeaderElection.java:133)
	at java.lang.Thread.run(Thread.java:748)
Caused by: org.apache.ratis.thirdparty.io.grpc.StatusRuntimeException: UNAVAILABLE: io exception
	at org.apache.ratis.thirdparty.io.grpc.stub.ClientCalls.toStatusRuntimeException(ClientCalls.java:233)
	at org.apache.ratis.thirdparty.io.grpc.stub.ClientCalls.getUnchecked(ClientCalls.java:214)
	at org.apache.ratis.thirdparty.io.grpc.stub.ClientCalls.blockingUnaryCall(ClientCalls.java:139)
	at org.apache.ratis.proto.grpc.RaftServerProtocolServiceGrpc$RaftServerProtocolServiceBlockingStub.requestVote(RaftServerProtocolServiceGrpc.java:265)
	at org.apache.ratis.grpc.server.GrpcServerProtocolClient.requestVote(GrpcServerProtocolClient.java:99)
	at org.apache.ratis.grpc.server.GrpcService.requestVote(GrpcService.java:204)
	at org.apache.ratis.server.impl.LeaderElection.lambda$submitRequests$1(LeaderElection.java:234)
	at java.util.concurrent.FutureTask.run(FutureTask.java:266)
	at java.util.concurrent.Executors$RunnableAdapter.call(Executors.java:511)
	at java.util.concurrent.FutureTask.run(FutureTask.java:266)
	at java.util.concurrent.ThreadPoolExecutor.runWorker(ThreadPoolExecutor.java:1149)
	at java.util.concurrent.ThreadPoolExecutor$Worker.run(ThreadPoolExecutor.java:624)
	... 1 more
Caused by: org.apache.ratis.thirdparty.io.netty.channel.AbstractChannel$AnnotatedConnectException: Connection refused: /192.168.157.233:35716
	at sun.nio.ch.SocketChannelImpl.checkConnect(Native Method)
	at sun.nio.ch.SocketChannelImpl.finishConnect(SocketChannelImpl.java:717)
	at org.apache.ratis.thirdparty.io.netty.channel.socket.nio.NioSocketChannel.doFinishConnect(NioSocketChannel.java:327)
	at org.apache.ratis.thirdparty.io.netty.channel.nio.AbstractNioChannel$AbstractNioUnsafe.finishConnect(AbstractNioChannel.java:340)
	at org.apache.ratis.thirdparty.io.netty.channel.nio.NioEventLoop.processSelectedKey(NioEventLoop.java:632)
	at org.apache.ratis.thirdparty.io.netty.channel.nio.NioEventLoop.processSelectedKeysOptimized(NioEventLoop.java:579)
	at org.apache.ratis.thirdparty.io.netty.channel.nio.NioEventLoop.processSelectedKeys(NioEventLoop.java:496)
	at org.apache.ratis.thirdparty.io.netty.channel.nio.NioEventLoop.run(NioEventLoop.java:458)
	at org.apache.ratis.thirdparty.io.netty.util.concurrent.SingleThreadEventExecutor$5.run(SingleThreadEventExecutor.java:897)
	at org.apache.ratis.thirdparty.io.netty.util.concurrent.FastThreadLocalRunnable.run(FastThreadLocalRunnable.java:30)
	... 1 more
Caused by: java.net.ConnectException: Connection refused
	... 11 more
2019-10-25 11:08:07,259 [f6cfa8a2-85ff-4bb9-a246-101c53d2d47b@group-49E82E920F3F-LeaderElection660] INFO  impl.LeaderElection (LogUtils.java:infoOrTrace(149)) -   Exception 1: {}
java.util.concurrent.ExecutionException: org.apache.ratis.thirdparty.io.grpc.StatusRuntimeException: UNAVAILABLE: io exception
	at java.util.concurrent.FutureTask.report(FutureTask.java:122)
	at java.util.concurrent.FutureTask.get(FutureTask.java:192)
	at org.apache.ratis.server.impl.LeaderElection.waitForResults(LeaderElection.java:259)
	at org.apache.ratis.server.impl.LeaderElection.askForVotes(LeaderElection.java:197)
	at org.apache.ratis.server.impl.LeaderElection.run(LeaderElection.java:133)
	at java.lang.Thread.run(Thread.java:748)
Caused by: org.apache.ratis.thirdparty.io.grpc.StatusRuntimeException: UNAVAILABLE: io exception
	at org.apache.ratis.thirdparty.io.grpc.stub.ClientCalls.toStatusRuntimeException(ClientCalls.java:233)
	at org.apache.ratis.thirdparty.io.grpc.stub.ClientCalls.getUnchecked(ClientCalls.java:214)
	at org.apache.ratis.thirdparty.io.grpc.stub.ClientCalls.blockingUnaryCall(ClientCalls.java:139)
	at org.apache.ratis.proto.grpc.RaftServerProtocolServiceGrpc$RaftServerProtocolServiceBlockingStub.requestVote(RaftServerProtocolServiceGrpc.java:265)
	at org.apache.ratis.grpc.server.GrpcServerProtocolClient.requestVote(GrpcServerProtocolClient.java:99)
	at org.apache.ratis.grpc.server.GrpcService.requestVote(GrpcService.java:204)
	at org.apache.ratis.server.impl.LeaderElection.lambda$submitRequests$1(LeaderElection.java:234)
	at java.util.concurrent.FutureTask.run(FutureTask.java:266)
	at java.util.concurrent.Executors$RunnableAdapter.call(Executors.java:511)
	at java.util.concurrent.FutureTask.run(FutureTask.java:266)
	at java.util.concurrent.ThreadPoolExecutor.runWorker(ThreadPoolExecutor.java:1149)
	at java.util.concurrent.ThreadPoolExecutor$Worker.run(ThreadPoolExecutor.java:624)
	... 1 more
Caused by: org.apache.ratis.thirdparty.io.netty.channel.AbstractChannel$AnnotatedConnectException: Connection refused: /192.168.157.233:42906
	at sun.nio.ch.SocketChannelImpl.checkConnect(Native Method)
	at sun.nio.ch.SocketChannelImpl.finishConnect(SocketChannelImpl.java:717)
	at org.apache.ratis.thirdparty.io.netty.channel.socket.nio.NioSocketChannel.doFinishConnect(NioSocketChannel.java:327)
	at org.apache.ratis.thirdparty.io.netty.channel.nio.AbstractNioChannel$AbstractNioUnsafe.finishConnect(AbstractNioChannel.java:340)
	at org.apache.ratis.thirdparty.io.netty.channel.nio.NioEventLoop.processSelectedKey(NioEventLoop.java:632)
	at org.apache.ratis.thirdparty.io.netty.channel.nio.NioEventLoop.processSelectedKeysOptimized(NioEventLoop.java:579)
	at org.apache.ratis.thirdparty.io.netty.channel.nio.NioEventLoop.processSelectedKeys(NioEventLoop.java:496)
	at org.apache.ratis.thirdparty.io.netty.channel.nio.NioEventLoop.run(NioEventLoop.java:458)
	at org.apache.ratis.thirdparty.io.netty.util.concurrent.SingleThreadEventExecutor$5.run(SingleThreadEventExecutor.java:897)
	at org.apache.ratis.thirdparty.io.netty.util.concurrent.FastThreadLocalRunnable.run(FastThreadLocalRunnable.java:30)
	... 1 more
Caused by: java.net.ConnectException: Connection refused
	... 11 more
2019-10-25 11:08:07,259 [f6cfa8a2-85ff-4bb9-a246-101c53d2d47b@group-49E82E920F3F-LeaderElection660] INFO  impl.RaftServerImpl (RaftServerImpl.java:setRole(184)) - f6cfa8a2-85ff-4bb9-a246-101c53d2d47b@group-49E82E920F3F: changes role from CANDIDATE to FOLLOWER at term 251 for DISCOVERED_A_NEW_TERM
2019-10-25 11:08:07,259 [f6cfa8a2-85ff-4bb9-a246-101c53d2d47b@group-49E82E920F3F-LeaderElection660] INFO  impl.RoleInfo (RoleInfo.java:shutdownLeaderElection(134)) - f6cfa8a2-85ff-4bb9-a246-101c53d2d47b: shutdown LeaderElection
2019-10-25 11:08:07,259 [f6cfa8a2-85ff-4bb9-a246-101c53d2d47b@group-49E82E920F3F-LeaderElection660] INFO  impl.RoleInfo (RoleInfo.java:updateAndGet(143)) - f6cfa8a2-85ff-4bb9-a246-101c53d2d47b: start FollowerState
2019-10-25 11:08:07,366 [Thread-5258] INFO  impl.FollowerState (FollowerState.java:run(108)) - f6cfa8a2-85ff-4bb9-a246-101c53d2d47b@group-49E82E920F3F-FollowerState: change to CANDIDATE, lastRpcTime:107ms, electionTimeout:107ms
2019-10-25 11:08:07,367 [Thread-5258] INFO  impl.RoleInfo (RoleInfo.java:shutdownFollowerState(121)) - f6cfa8a2-85ff-4bb9-a246-101c53d2d47b: shutdown FollowerState
2019-10-25 11:08:07,367 [Thread-5258] INFO  impl.RaftServerImpl (RaftServerImpl.java:setRole(184)) - f6cfa8a2-85ff-4bb9-a246-101c53d2d47b@group-49E82E920F3F: changes role from  FOLLOWER to CANDIDATE at term 251 for changeToCandidate
2019-10-25 11:08:07,367 [Thread-5258] INFO  impl.RoleInfo (RoleInfo.java:updateAndGet(143)) - f6cfa8a2-85ff-4bb9-a246-101c53d2d47b: start LeaderElection
2019-10-25 11:08:07,381 [f6cfa8a2-85ff-4bb9-a246-101c53d2d47b@group-49E82E920F3F-LeaderElection661] INFO  impl.LeaderElection (LeaderElection.java:askForVotes(178)) - f6cfa8a2-85ff-4bb9-a246-101c53d2d47b@group-49E82E920F3F-LeaderElection661: begin an election at term 252 for -1: [7fad1e98-7a6b-4998-a30c-ec1ab88068bc:192.168.157.233:35716, bdb27072-dd00-4d3b-a7da-41600e490ca3:192.168.157.233:42906, f6cfa8a2-85ff-4bb9-a246-101c53d2d47b:192.168.157.233:44618], old=null
2019-10-25 11:08:07,382 [f6cfa8a2-85ff-4bb9-a246-101c53d2d47b@group-49E82E920F3F-LeaderElection661] INFO  impl.LeaderElection (LogUtils.java:infoOrTrace(149)) - f6cfa8a2-85ff-4bb9-a246-101c53d2d47b@group-49E82E920F3F-LeaderElection661 got exception when requesting votes: {}
java.util.concurrent.ExecutionException: org.apache.ratis.thirdparty.io.grpc.StatusRuntimeException: UNAVAILABLE: io exception
	at java.util.concurrent.FutureTask.report(FutureTask.java:122)
	at java.util.concurrent.FutureTask.get(FutureTask.java:192)
	at org.apache.ratis.server.impl.LeaderElection.waitForResults(LeaderElection.java:259)
	at org.apache.ratis.server.impl.LeaderElection.askForVotes(LeaderElection.java:197)
	at org.apache.ratis.server.impl.LeaderElection.run(LeaderElection.java:133)
	at java.lang.Thread.run(Thread.java:748)
Caused by: org.apache.ratis.thirdparty.io.grpc.StatusRuntimeException: UNAVAILABLE: io exception
	at org.apache.ratis.thirdparty.io.grpc.stub.ClientCalls.toStatusRuntimeException(ClientCalls.java:233)
	at org.apache.ratis.thirdparty.io.grpc.stub.ClientCalls.getUnchecked(ClientCalls.java:214)
	at org.apache.ratis.thirdparty.io.grpc.stub.ClientCalls.blockingUnaryCall(ClientCalls.java:139)
	at org.apache.ratis.proto.grpc.RaftServerProtocolServiceGrpc$RaftServerProtocolServiceBlockingStub.requestVote(RaftServerProtocolServiceGrpc.java:265)
	at org.apache.ratis.grpc.server.GrpcServerProtocolClient.requestVote(GrpcServerProtocolClient.java:99)
	at org.apache.ratis.grpc.server.GrpcService.requestVote(GrpcService.java:204)
	at org.apache.ratis.server.impl.LeaderElection.lambda$submitRequests$1(LeaderElection.java:234)
	at java.util.concurrent.FutureTask.run(FutureTask.java:266)
	at java.util.concurrent.Executors$RunnableAdapter.call(Executors.java:511)
	at java.util.concurrent.FutureTask.run(FutureTask.java:266)
	at java.util.concurrent.ThreadPoolExecutor.runWorker(ThreadPoolExecutor.java:1149)
	at java.util.concurrent.ThreadPoolExecutor$Worker.run(ThreadPoolExecutor.java:624)
	... 1 more
Caused by: org.apache.ratis.thirdparty.io.netty.channel.AbstractChannel$AnnotatedConnectException: Connection refused: /192.168.157.233:35716
	at sun.nio.ch.SocketChannelImpl.checkConnect(Native Method)
	at sun.nio.ch.SocketChannelImpl.finishConnect(SocketChannelImpl.java:717)
	at org.apache.ratis.thirdparty.io.netty.channel.socket.nio.NioSocketChannel.doFinishConnect(NioSocketChannel.java:327)
	at org.apache.ratis.thirdparty.io.netty.channel.nio.AbstractNioChannel$AbstractNioUnsafe.finishConnect(AbstractNioChannel.java:340)
	at org.apache.ratis.thirdparty.io.netty.channel.nio.NioEventLoop.processSelectedKey(NioEventLoop.java:632)
	at org.apache.ratis.thirdparty.io.netty.channel.nio.NioEventLoop.processSelectedKeysOptimized(NioEventLoop.java:579)
	at org.apache.ratis.thirdparty.io.netty.channel.nio.NioEventLoop.processSelectedKeys(NioEventLoop.java:496)
	at org.apache.ratis.thirdparty.io.netty.channel.nio.NioEventLoop.run(NioEventLoop.java:458)
	at org.apache.ratis.thirdparty.io.netty.util.concurrent.SingleThreadEventExecutor$5.run(SingleThreadEventExecutor.java:897)
	at org.apache.ratis.thirdparty.io.netty.util.concurrent.FastThreadLocalRunnable.run(FastThreadLocalRunnable.java:30)
	... 1 more
Caused by: java.net.ConnectException: Connection refused
	... 11 more
2019-10-25 11:08:07,382 [f6cfa8a2-85ff-4bb9-a246-101c53d2d47b@group-49E82E920F3F-LeaderElection661] INFO  impl.LeaderElection (LogUtils.java:infoOrTrace(149)) - f6cfa8a2-85ff-4bb9-a246-101c53d2d47b@group-49E82E920F3F-LeaderElection661 got exception when requesting votes: {}
java.util.concurrent.ExecutionException: org.apache.ratis.thirdparty.io.grpc.StatusRuntimeException: UNAVAILABLE: io exception
	at java.util.concurrent.FutureTask.report(FutureTask.java:122)
	at java.util.concurrent.FutureTask.get(FutureTask.java:192)
	at org.apache.ratis.server.impl.LeaderElection.waitForResults(LeaderElection.java:259)
	at org.apache.ratis.server.impl.LeaderElection.askForVotes(LeaderElection.java:197)
	at org.apache.ratis.server.impl.LeaderElection.run(LeaderElection.java:133)
	at java.lang.Thread.run(Thread.java:748)
Caused by: org.apache.ratis.thirdparty.io.grpc.StatusRuntimeException: UNAVAILABLE: io exception
	at org.apache.ratis.thirdparty.io.grpc.stub.ClientCalls.toStatusRuntimeException(ClientCalls.java:233)
	at org.apache.ratis.thirdparty.io.grpc.stub.ClientCalls.getUnchecked(ClientCalls.java:214)
	at org.apache.ratis.thirdparty.io.grpc.stub.ClientCalls.blockingUnaryCall(ClientCalls.java:139)
	at org.apache.ratis.proto.grpc.RaftServerProtocolServiceGrpc$RaftServerProtocolServiceBlockingStub.requestVote(RaftServerProtocolServiceGrpc.java:265)
	at org.apache.ratis.grpc.server.GrpcServerProtocolClient.requestVote(GrpcServerProtocolClient.java:99)
	at org.apache.ratis.grpc.server.GrpcService.requestVote(GrpcService.java:204)
	at org.apache.ratis.server.impl.LeaderElection.lambda$submitRequests$1(LeaderElection.java:234)
	at java.util.concurrent.FutureTask.run(FutureTask.java:266)
	at java.util.concurrent.Executors$RunnableAdapter.call(Executors.java:511)
	at java.util.concurrent.FutureTask.run(FutureTask.java:266)
	at java.util.concurrent.ThreadPoolExecutor.runWorker(ThreadPoolExecutor.java:1149)
	at java.util.concurrent.ThreadPoolExecutor$Worker.run(ThreadPoolExecutor.java:624)
	... 1 more
Caused by: org.apache.ratis.thirdparty.io.netty.channel.AbstractChannel$AnnotatedConnectException: Connection refused: /192.168.157.233:42906
	at sun.nio.ch.SocketChannelImpl.checkConnect(Native Method)
	at sun.nio.ch.SocketChannelImpl.finishConnect(SocketChannelImpl.java:717)
	at org.apache.ratis.thirdparty.io.netty.channel.socket.nio.NioSocketChannel.doFinishConnect(NioSocketChannel.java:327)
	at org.apache.ratis.thirdparty.io.netty.channel.nio.AbstractNioChannel$AbstractNioUnsafe.finishConnect(AbstractNioChannel.java:340)
	at org.apache.ratis.thirdparty.io.netty.channel.nio.NioEventLoop.processSelectedKey(NioEventLoop.java:632)
	at org.apache.ratis.thirdparty.io.netty.channel.nio.NioEventLoop.processSelectedKeysOptimized(NioEventLoop.java:579)
	at org.apache.ratis.thirdparty.io.netty.channel.nio.NioEventLoop.processSelectedKeys(NioEventLoop.java:496)
	at org.apache.ratis.thirdparty.io.netty.channel.nio.NioEventLoop.run(NioEventLoop.java:458)
	at org.apache.ratis.thirdparty.io.netty.util.concurrent.SingleThreadEventExecutor$5.run(SingleThreadEventExecutor.java:897)
	at org.apache.ratis.thirdparty.io.netty.util.concurrent.FastThreadLocalRunnable.run(FastThreadLocalRunnable.java:30)
	... 1 more
Caused by: java.net.ConnectException: Connection refused
	... 11 more
2019-10-25 11:08:07,383 [f6cfa8a2-85ff-4bb9-a246-101c53d2d47b@group-49E82E920F3F-LeaderElection661] INFO  impl.LeaderElection (LeaderElection.java:logAndReturn(56)) - f6cfa8a2-85ff-4bb9-a246-101c53d2d47b@group-49E82E920F3F-LeaderElection661: Election REJECTED; received 0 response(s) [] and 2 exception(s); f6cfa8a2-85ff-4bb9-a246-101c53d2d47b@group-49E82E920F3F:t252, leader=null, voted=f6cfa8a2-85ff-4bb9-a246-101c53d2d47b, raftlog=f6cfa8a2-85ff-4bb9-a246-101c53d2d47b@group-49E82E920F3F-SegmentedRaftLog:OPENED:c-1,f-1,i0, conf=-1: [7fad1e98-7a6b-4998-a30c-ec1ab88068bc:192.168.157.233:35716, bdb27072-dd00-4d3b-a7da-41600e490ca3:192.168.157.233:42906, f6cfa8a2-85ff-4bb9-a246-101c53d2d47b:192.168.157.233:44618], old=null
2019-10-25 11:08:07,383 [f6cfa8a2-85ff-4bb9-a246-101c53d2d47b@group-49E82E920F3F-LeaderElection661] INFO  impl.LeaderElection (LogUtils.java:infoOrTrace(149)) -   Exception 0: {}
java.util.concurrent.ExecutionException: org.apache.ratis.thirdparty.io.grpc.StatusRuntimeException: UNAVAILABLE: io exception
	at java.util.concurrent.FutureTask.report(FutureTask.java:122)
	at java.util.concurrent.FutureTask.get(FutureTask.java:192)
	at org.apache.ratis.server.impl.LeaderElection.waitForResults(LeaderElection.java:259)
	at org.apache.ratis.server.impl.LeaderElection.askForVotes(LeaderElection.java:197)
	at org.apache.ratis.server.impl.LeaderElection.run(LeaderElection.java:133)
	at java.lang.Thread.run(Thread.java:748)
Caused by: org.apache.ratis.thirdparty.io.grpc.StatusRuntimeException: UNAVAILABLE: io exception
	at org.apache.ratis.thirdparty.io.grpc.stub.ClientCalls.toStatusRuntimeException(ClientCalls.java:233)
	at org.apache.ratis.thirdparty.io.grpc.stub.ClientCalls.getUnchecked(ClientCalls.java:214)
	at org.apache.ratis.thirdparty.io.grpc.stub.ClientCalls.blockingUnaryCall(ClientCalls.java:139)
	at org.apache.ratis.proto.grpc.RaftServerProtocolServiceGrpc$RaftServerProtocolServiceBlockingStub.requestVote(RaftServerProtocolServiceGrpc.java:265)
	at org.apache.ratis.grpc.server.GrpcServerProtocolClient.requestVote(GrpcServerProtocolClient.java:99)
	at org.apache.ratis.grpc.server.GrpcService.requestVote(GrpcService.java:204)
	at org.apache.ratis.server.impl.LeaderElection.lambda$submitRequests$1(LeaderElection.java:234)
	at java.util.concurrent.FutureTask.run(FutureTask.java:266)
	at java.util.concurrent.Executors$RunnableAdapter.call(Executors.java:511)
	at java.util.concurrent.FutureTask.run(FutureTask.java:266)
	at java.util.concurrent.ThreadPoolExecutor.runWorker(ThreadPoolExecutor.java:1149)
	at java.util.concurrent.ThreadPoolExecutor$Worker.run(ThreadPoolExecutor.java:624)
	... 1 more
Caused by: org.apache.ratis.thirdparty.io.netty.channel.AbstractChannel$AnnotatedConnectException: Connection refused: /192.168.157.233:35716
	at sun.nio.ch.SocketChannelImpl.checkConnect(Native Method)
	at sun.nio.ch.SocketChannelImpl.finishConnect(SocketChannelImpl.java:717)
	at org.apache.ratis.thirdparty.io.netty.channel.socket.nio.NioSocketChannel.doFinishConnect(NioSocketChannel.java:327)
	at org.apache.ratis.thirdparty.io.netty.channel.nio.AbstractNioChannel$AbstractNioUnsafe.finishConnect(AbstractNioChannel.java:340)
	at org.apache.ratis.thirdparty.io.netty.channel.nio.NioEventLoop.processSelectedKey(NioEventLoop.java:632)
	at org.apache.ratis.thirdparty.io.netty.channel.nio.NioEventLoop.processSelectedKeysOptimized(NioEventLoop.java:579)
	at org.apache.ratis.thirdparty.io.netty.channel.nio.NioEventLoop.processSelectedKeys(NioEventLoop.java:496)
	at org.apache.ratis.thirdparty.io.netty.channel.nio.NioEventLoop.run(NioEventLoop.java:458)
	at org.apache.ratis.thirdparty.io.netty.util.concurrent.SingleThreadEventExecutor$5.run(SingleThreadEventExecutor.java:897)
	at org.apache.ratis.thirdparty.io.netty.util.concurrent.FastThreadLocalRunnable.run(FastThreadLocalRunnable.java:30)
	... 1 more
Caused by: java.net.ConnectException: Connection refused
	... 11 more
2019-10-25 11:08:07,383 [f6cfa8a2-85ff-4bb9-a246-101c53d2d47b@group-49E82E920F3F-LeaderElection661] INFO  impl.LeaderElection (LogUtils.java:infoOrTrace(149)) -   Exception 1: {}
java.util.concurrent.ExecutionException: org.apache.ratis.thirdparty.io.grpc.StatusRuntimeException: UNAVAILABLE: io exception
	at java.util.concurrent.FutureTask.report(FutureTask.java:122)
	at java.util.concurrent.FutureTask.get(FutureTask.java:192)
	at org.apache.ratis.server.impl.LeaderElection.waitForResults(LeaderElection.java:259)
	at org.apache.ratis.server.impl.LeaderElection.askForVotes(LeaderElection.java:197)
	at org.apache.ratis.server.impl.LeaderElection.run(LeaderElection.java:133)
	at java.lang.Thread.run(Thread.java:748)
Caused by: org.apache.ratis.thirdparty.io.grpc.StatusRuntimeException: UNAVAILABLE: io exception
	at org.apache.ratis.thirdparty.io.grpc.stub.ClientCalls.toStatusRuntimeException(ClientCalls.java:233)
	at org.apache.ratis.thirdparty.io.grpc.stub.ClientCalls.getUnchecked(ClientCalls.java:214)
	at org.apache.ratis.thirdparty.io.grpc.stub.ClientCalls.blockingUnaryCall(ClientCalls.java:139)
	at org.apache.ratis.proto.grpc.RaftServerProtocolServiceGrpc$RaftServerProtocolServiceBlockingStub.requestVote(RaftServerProtocolServiceGrpc.java:265)
	at org.apache.ratis.grpc.server.GrpcServerProtocolClient.requestVote(GrpcServerProtocolClient.java:99)
	at org.apache.ratis.grpc.server.GrpcService.requestVote(GrpcService.java:204)
	at org.apache.ratis.server.impl.LeaderElection.lambda$submitRequests$1(LeaderElection.java:234)
	at java.util.concurrent.FutureTask.run(FutureTask.java:266)
	at java.util.concurrent.Executors$RunnableAdapter.call(Executors.java:511)
	at java.util.concurrent.FutureTask.run(FutureTask.java:266)
	at java.util.concurrent.ThreadPoolExecutor.runWorker(ThreadPoolExecutor.java:1149)
	at java.util.concurrent.ThreadPoolExecutor$Worker.run(ThreadPoolExecutor.java:624)
	... 1 more
Caused by: org.apache.ratis.thirdparty.io.netty.channel.AbstractChannel$AnnotatedConnectException: Connection refused: /192.168.157.233:42906
	at sun.nio.ch.SocketChannelImpl.checkConnect(Native Method)
	at sun.nio.ch.SocketChannelImpl.finishConnect(SocketChannelImpl.java:717)
	at org.apache.ratis.thirdparty.io.netty.channel.socket.nio.NioSocketChannel.doFinishConnect(NioSocketChannel.java:327)
	at org.apache.ratis.thirdparty.io.netty.channel.nio.AbstractNioChannel$AbstractNioUnsafe.finishConnect(AbstractNioChannel.java:340)
	at org.apache.ratis.thirdparty.io.netty.channel.nio.NioEventLoop.processSelectedKey(NioEventLoop.java:632)
	at org.apache.ratis.thirdparty.io.netty.channel.nio.NioEventLoop.processSelectedKeysOptimized(NioEventLoop.java:579)
	at org.apache.ratis.thirdparty.io.netty.channel.nio.NioEventLoop.processSelectedKeys(NioEventLoop.java:496)
	at org.apache.ratis.thirdparty.io.netty.channel.nio.NioEventLoop.run(NioEventLoop.java:458)
	at org.apache.ratis.thirdparty.io.netty.util.concurrent.SingleThreadEventExecutor$5.run(SingleThreadEventExecutor.java:897)
	at org.apache.ratis.thirdparty.io.netty.util.concurrent.FastThreadLocalRunnable.run(FastThreadLocalRunnable.java:30)
	... 1 more
Caused by: java.net.ConnectException: Connection refused
	... 11 more
2019-10-25 11:08:07,383 [f6cfa8a2-85ff-4bb9-a246-101c53d2d47b@group-49E82E920F3F-LeaderElection661] INFO  impl.RaftServerImpl (RaftServerImpl.java:setRole(184)) - f6cfa8a2-85ff-4bb9-a246-101c53d2d47b@group-49E82E920F3F: changes role from CANDIDATE to FOLLOWER at term 252 for DISCOVERED_A_NEW_TERM
2019-10-25 11:08:07,384 [f6cfa8a2-85ff-4bb9-a246-101c53d2d47b@group-49E82E920F3F-LeaderElection661] INFO  impl.RoleInfo (RoleInfo.java:shutdownLeaderElection(134)) - f6cfa8a2-85ff-4bb9-a246-101c53d2d47b: shutdown LeaderElection
2019-10-25 11:08:07,384 [f6cfa8a2-85ff-4bb9-a246-101c53d2d47b@group-49E82E920F3F-LeaderElection661] INFO  impl.RoleInfo (RoleInfo.java:updateAndGet(143)) - f6cfa8a2-85ff-4bb9-a246-101c53d2d47b: start FollowerState
2019-10-25 11:08:07,471 [java.util.concurrent.ThreadPoolExecutor$Worker@3e501297[State = -1, empty queue]] WARN  server.GrpcLogAppender (GrpcLogAppender.java:timeoutAppendRequest(209)) - 8a2c850d-503a-4b6a-9325-357a6554e10c@group-B334D6EBB589->e8f52f97-4cbf-4021-bc09-65b78a9dc21b-GrpcLogAppender: appendEntries Timeout, request=8a2c850d-503a-4b6a-9325-357a6554e10c->e8f52f97-4cbf-4021-bc09-65b78a9dc21b#55-t1, previous=(t:1, i:0), leaderCommit=0, initializing? false, entries: <empty>
2019-10-25 11:08:07,484 [java.util.concurrent.ThreadPoolExecutor$Worker@33ec010c[State = -1, empty queue]] WARN  server.GrpcLogAppender (GrpcLogAppender.java:timeoutAppendRequest(209)) - 8a2c850d-503a-4b6a-9325-357a6554e10c@group-B334D6EBB589->f5dc0a75-b584-4700-be7c-7942c0d8117c-GrpcLogAppender: appendEntries Timeout, request=8a2c850d-503a-4b6a-9325-357a6554e10c->f5dc0a75-b584-4700-be7c-7942c0d8117c#55-t1, previous=(t:1, i:0), leaderCommit=0, initializing? false, entries: <empty>
2019-10-25 11:08:07,521 [Thread-5262] INFO  impl.FollowerState (FollowerState.java:run(108)) - f6cfa8a2-85ff-4bb9-a246-101c53d2d47b@group-49E82E920F3F-FollowerState: change to CANDIDATE, lastRpcTime:137ms, electionTimeout:137ms
2019-10-25 11:08:07,521 [Thread-5262] INFO  impl.RoleInfo (RoleInfo.java:shutdownFollowerState(121)) - f6cfa8a2-85ff-4bb9-a246-101c53d2d47b: shutdown FollowerState
2019-10-25 11:08:07,521 [Thread-5262] INFO  impl.RaftServerImpl (RaftServerImpl.java:setRole(184)) - f6cfa8a2-85ff-4bb9-a246-101c53d2d47b@group-49E82E920F3F: changes role from  FOLLOWER to CANDIDATE at term 252 for changeToCandidate
2019-10-25 11:08:07,522 [Thread-5262] INFO  impl.RoleInfo (RoleInfo.java:updateAndGet(143)) - f6cfa8a2-85ff-4bb9-a246-101c53d2d47b: start LeaderElection
2019-10-25 11:08:07,535 [f6cfa8a2-85ff-4bb9-a246-101c53d2d47b@group-49E82E920F3F-LeaderElection662] INFO  impl.LeaderElection (LeaderElection.java:askForVotes(178)) - f6cfa8a2-85ff-4bb9-a246-101c53d2d47b@group-49E82E920F3F-LeaderElection662: begin an election at term 253 for -1: [7fad1e98-7a6b-4998-a30c-ec1ab88068bc:192.168.157.233:35716, bdb27072-dd00-4d3b-a7da-41600e490ca3:192.168.157.233:42906, f6cfa8a2-85ff-4bb9-a246-101c53d2d47b:192.168.157.233:44618], old=null
2019-10-25 11:08:07,536 [f6cfa8a2-85ff-4bb9-a246-101c53d2d47b@group-49E82E920F3F-LeaderElection662] INFO  impl.LeaderElection (LogUtils.java:infoOrTrace(149)) - f6cfa8a2-85ff-4bb9-a246-101c53d2d47b@group-49E82E920F3F-LeaderElection662 got exception when requesting votes: {}
java.util.concurrent.ExecutionException: org.apache.ratis.thirdparty.io.grpc.StatusRuntimeException: UNAVAILABLE: io exception
	at java.util.concurrent.FutureTask.report(FutureTask.java:122)
	at java.util.concurrent.FutureTask.get(FutureTask.java:192)
	at org.apache.ratis.server.impl.LeaderElection.waitForResults(LeaderElection.java:259)
	at org.apache.ratis.server.impl.LeaderElection.askForVotes(LeaderElection.java:197)
	at org.apache.ratis.server.impl.LeaderElection.run(LeaderElection.java:133)
	at java.lang.Thread.run(Thread.java:748)
Caused by: org.apache.ratis.thirdparty.io.grpc.StatusRuntimeException: UNAVAILABLE: io exception
	at org.apache.ratis.thirdparty.io.grpc.stub.ClientCalls.toStatusRuntimeException(ClientCalls.java:233)
	at org.apache.ratis.thirdparty.io.grpc.stub.ClientCalls.getUnchecked(ClientCalls.java:214)
	at org.apache.ratis.thirdparty.io.grpc.stub.ClientCalls.blockingUnaryCall(ClientCalls.java:139)
	at org.apache.ratis.proto.grpc.RaftServerProtocolServiceGrpc$RaftServerProtocolServiceBlockingStub.requestVote(RaftServerProtocolServiceGrpc.java:265)
	at org.apache.ratis.grpc.server.GrpcServerProtocolClient.requestVote(GrpcServerProtocolClient.java:99)
	at org.apache.ratis.grpc.server.GrpcService.requestVote(GrpcService.java:204)
	at org.apache.ratis.server.impl.LeaderElection.lambda$submitRequests$1(LeaderElection.java:234)
	at java.util.concurrent.FutureTask.run(FutureTask.java:266)
	at java.util.concurrent.Executors$RunnableAdapter.call(Executors.java:511)
	at java.util.concurrent.FutureTask.run(FutureTask.java:266)
	at java.util.concurrent.ThreadPoolExecutor.runWorker(ThreadPoolExecutor.java:1149)
	at java.util.concurrent.ThreadPoolExecutor$Worker.run(ThreadPoolExecutor.java:624)
	... 1 more
Caused by: org.apache.ratis.thirdparty.io.netty.channel.AbstractChannel$AnnotatedConnectException: Connection refused: /192.168.157.233:35716
	at sun.nio.ch.SocketChannelImpl.checkConnect(Native Method)
	at sun.nio.ch.SocketChannelImpl.finishConnect(SocketChannelImpl.java:717)
	at org.apache.ratis.thirdparty.io.netty.channel.socket.nio.NioSocketChannel.doFinishConnect(NioSocketChannel.java:327)
	at org.apache.ratis.thirdparty.io.netty.channel.nio.AbstractNioChannel$AbstractNioUnsafe.finishConnect(AbstractNioChannel.java:340)
	at org.apache.ratis.thirdparty.io.netty.channel.nio.NioEventLoop.processSelectedKey(NioEventLoop.java:632)
	at org.apache.ratis.thirdparty.io.netty.channel.nio.NioEventLoop.processSelectedKeysOptimized(NioEventLoop.java:579)
	at org.apache.ratis.thirdparty.io.netty.channel.nio.NioEventLoop.processSelectedKeys(NioEventLoop.java:496)
	at org.apache.ratis.thirdparty.io.netty.channel.nio.NioEventLoop.run(NioEventLoop.java:458)
	at org.apache.ratis.thirdparty.io.netty.util.concurrent.SingleThreadEventExecutor$5.run(SingleThreadEventExecutor.java:897)
	at org.apache.ratis.thirdparty.io.netty.util.concurrent.FastThreadLocalRunnable.run(FastThreadLocalRunnable.java:30)
	... 1 more
Caused by: java.net.ConnectException: Connection refused
	... 11 more
2019-10-25 11:08:07,536 [f6cfa8a2-85ff-4bb9-a246-101c53d2d47b@group-49E82E920F3F-LeaderElection662] INFO  impl.LeaderElection (LogUtils.java:infoOrTrace(149)) - f6cfa8a2-85ff-4bb9-a246-101c53d2d47b@group-49E82E920F3F-LeaderElection662 got exception when requesting votes: {}
java.util.concurrent.ExecutionException: org.apache.ratis.thirdparty.io.grpc.StatusRuntimeException: UNAVAILABLE: io exception
	at java.util.concurrent.FutureTask.report(FutureTask.java:122)
	at java.util.concurrent.FutureTask.get(FutureTask.java:192)
	at org.apache.ratis.server.impl.LeaderElection.waitForResults(LeaderElection.java:259)
	at org.apache.ratis.server.impl.LeaderElection.askForVotes(LeaderElection.java:197)
	at org.apache.ratis.server.impl.LeaderElection.run(LeaderElection.java:133)
	at java.lang.Thread.run(Thread.java:748)
Caused by: org.apache.ratis.thirdparty.io.grpc.StatusRuntimeException: UNAVAILABLE: io exception
	at org.apache.ratis.thirdparty.io.grpc.stub.ClientCalls.toStatusRuntimeException(ClientCalls.java:233)
	at org.apache.ratis.thirdparty.io.grpc.stub.ClientCalls.getUnchecked(ClientCalls.java:214)
	at org.apache.ratis.thirdparty.io.grpc.stub.ClientCalls.blockingUnaryCall(ClientCalls.java:139)
	at org.apache.ratis.proto.grpc.RaftServerProtocolServiceGrpc$RaftServerProtocolServiceBlockingStub.requestVote(RaftServerProtocolServiceGrpc.java:265)
	at org.apache.ratis.grpc.server.GrpcServerProtocolClient.requestVote(GrpcServerProtocolClient.java:99)
	at org.apache.ratis.grpc.server.GrpcService.requestVote(GrpcService.java:204)
	at org.apache.ratis.server.impl.LeaderElection.lambda$submitRequests$1(LeaderElection.java:234)
	at java.util.concurrent.FutureTask.run(FutureTask.java:266)
	at java.util.concurrent.Executors$RunnableAdapter.call(Executors.java:511)
	at java.util.concurrent.FutureTask.run(FutureTask.java:266)
	at java.util.concurrent.ThreadPoolExecutor.runWorker(ThreadPoolExecutor.java:1149)
	at java.util.concurrent.ThreadPoolExecutor$Worker.run(ThreadPoolExecutor.java:624)
	... 1 more
Caused by: org.apache.ratis.thirdparty.io.netty.channel.AbstractChannel$AnnotatedConnectException: Connection refused: /192.168.157.233:42906
	at sun.nio.ch.SocketChannelImpl.checkConnect(Native Method)
	at sun.nio.ch.SocketChannelImpl.finishConnect(SocketChannelImpl.java:717)
	at org.apache.ratis.thirdparty.io.netty.channel.socket.nio.NioSocketChannel.doFinishConnect(NioSocketChannel.java:327)
	at org.apache.ratis.thirdparty.io.netty.channel.nio.AbstractNioChannel$AbstractNioUnsafe.finishConnect(AbstractNioChannel.java:340)
	at org.apache.ratis.thirdparty.io.netty.channel.nio.NioEventLoop.processSelectedKey(NioEventLoop.java:632)
	at org.apache.ratis.thirdparty.io.netty.channel.nio.NioEventLoop.processSelectedKeysOptimized(NioEventLoop.java:579)
	at org.apache.ratis.thirdparty.io.netty.channel.nio.NioEventLoop.processSelectedKeys(NioEventLoop.java:496)
	at org.apache.ratis.thirdparty.io.netty.channel.nio.NioEventLoop.run(NioEventLoop.java:458)
	at org.apache.ratis.thirdparty.io.netty.util.concurrent.SingleThreadEventExecutor$5.run(SingleThreadEventExecutor.java:897)
	at org.apache.ratis.thirdparty.io.netty.util.concurrent.FastThreadLocalRunnable.run(FastThreadLocalRunnable.java:30)
	... 1 more
Caused by: java.net.ConnectException: Connection refused
	... 11 more
2019-10-25 11:08:07,537 [f6cfa8a2-85ff-4bb9-a246-101c53d2d47b@group-49E82E920F3F-LeaderElection662] INFO  impl.LeaderElection (LeaderElection.java:logAndReturn(56)) - f6cfa8a2-85ff-4bb9-a246-101c53d2d47b@group-49E82E920F3F-LeaderElection662: Election REJECTED; received 0 response(s) [] and 2 exception(s); f6cfa8a2-85ff-4bb9-a246-101c53d2d47b@group-49E82E920F3F:t253, leader=null, voted=f6cfa8a2-85ff-4bb9-a246-101c53d2d47b, raftlog=f6cfa8a2-85ff-4bb9-a246-101c53d2d47b@group-49E82E920F3F-SegmentedRaftLog:OPENED:c-1,f-1,i0, conf=-1: [7fad1e98-7a6b-4998-a30c-ec1ab88068bc:192.168.157.233:35716, bdb27072-dd00-4d3b-a7da-41600e490ca3:192.168.157.233:42906, f6cfa8a2-85ff-4bb9-a246-101c53d2d47b:192.168.157.233:44618], old=null
2019-10-25 11:08:07,537 [f6cfa8a2-85ff-4bb9-a246-101c53d2d47b@group-49E82E920F3F-LeaderElection662] INFO  impl.LeaderElection (LogUtils.java:infoOrTrace(149)) -   Exception 0: {}
java.util.concurrent.ExecutionException: org.apache.ratis.thirdparty.io.grpc.StatusRuntimeException: UNAVAILABLE: io exception
	at java.util.concurrent.FutureTask.report(FutureTask.java:122)
	at java.util.concurrent.FutureTask.get(FutureTask.java:192)
	at org.apache.ratis.server.impl.LeaderElection.waitForResults(LeaderElection.java:259)
	at org.apache.ratis.server.impl.LeaderElection.askForVotes(LeaderElection.java:197)
	at org.apache.ratis.server.impl.LeaderElection.run(LeaderElection.java:133)
	at java.lang.Thread.run(Thread.java:748)
Caused by: org.apache.ratis.thirdparty.io.grpc.StatusRuntimeException: UNAVAILABLE: io exception
	at org.apache.ratis.thirdparty.io.grpc.stub.ClientCalls.toStatusRuntimeException(ClientCalls.java:233)
	at org.apache.ratis.thirdparty.io.grpc.stub.ClientCalls.getUnchecked(ClientCalls.java:214)
	at org.apache.ratis.thirdparty.io.grpc.stub.ClientCalls.blockingUnaryCall(ClientCalls.java:139)
	at org.apache.ratis.proto.grpc.RaftServerProtocolServiceGrpc$RaftServerProtocolServiceBlockingStub.requestVote(RaftServerProtocolServiceGrpc.java:265)
	at org.apache.ratis.grpc.server.GrpcServerProtocolClient.requestVote(GrpcServerProtocolClient.java:99)
	at org.apache.ratis.grpc.server.GrpcService.requestVote(GrpcService.java:204)
	at org.apache.ratis.server.impl.LeaderElection.lambda$submitRequests$1(LeaderElection.java:234)
	at java.util.concurrent.FutureTask.run(FutureTask.java:266)
	at java.util.concurrent.Executors$RunnableAdapter.call(Executors.java:511)
	at java.util.concurrent.FutureTask.run(FutureTask.java:266)
	at java.util.concurrent.ThreadPoolExecutor.runWorker(ThreadPoolExecutor.java:1149)
	at java.util.concurrent.ThreadPoolExecutor$Worker.run(ThreadPoolExecutor.java:624)
	... 1 more
Caused by: org.apache.ratis.thirdparty.io.netty.channel.AbstractChannel$AnnotatedConnectException: Connection refused: /192.168.157.233:35716
	at sun.nio.ch.SocketChannelImpl.checkConnect(Native Method)
	at sun.nio.ch.SocketChannelImpl.finishConnect(SocketChannelImpl.java:717)
	at org.apache.ratis.thirdparty.io.netty.channel.socket.nio.NioSocketChannel.doFinishConnect(NioSocketChannel.java:327)
	at org.apache.ratis.thirdparty.io.netty.channel.nio.AbstractNioChannel$AbstractNioUnsafe.finishConnect(AbstractNioChannel.java:340)
	at org.apache.ratis.thirdparty.io.netty.channel.nio.NioEventLoop.processSelectedKey(NioEventLoop.java:632)
	at org.apache.ratis.thirdparty.io.netty.channel.nio.NioEventLoop.processSelectedKeysOptimized(NioEventLoop.java:579)
	at org.apache.ratis.thirdparty.io.netty.channel.nio.NioEventLoop.processSelectedKeys(NioEventLoop.java:496)
	at org.apache.ratis.thirdparty.io.netty.channel.nio.NioEventLoop.run(NioEventLoop.java:458)
	at org.apache.ratis.thirdparty.io.netty.util.concurrent.SingleThreadEventExecutor$5.run(SingleThreadEventExecutor.java:897)
	at org.apache.ratis.thirdparty.io.netty.util.concurrent.FastThreadLocalRunnable.run(FastThreadLocalRunnable.java:30)
	... 1 more
Caused by: java.net.ConnectException: Connection refused
	... 11 more
2019-10-25 11:08:07,537 [f6cfa8a2-85ff-4bb9-a246-101c53d2d47b@group-49E82E920F3F-LeaderElection662] INFO  impl.LeaderElection (LogUtils.java:infoOrTrace(149)) -   Exception 1: {}
java.util.concurrent.ExecutionException: org.apache.ratis.thirdparty.io.grpc.StatusRuntimeException: UNAVAILABLE: io exception
	at java.util.concurrent.FutureTask.report(FutureTask.java:122)
	at java.util.concurrent.FutureTask.get(FutureTask.java:192)
	at org.apache.ratis.server.impl.LeaderElection.waitForResults(LeaderElection.java:259)
	at org.apache.ratis.server.impl.LeaderElection.askForVotes(LeaderElection.java:197)
	at org.apache.ratis.server.impl.LeaderElection.run(LeaderElection.java:133)
	at java.lang.Thread.run(Thread.java:748)
Caused by: org.apache.ratis.thirdparty.io.grpc.StatusRuntimeException: UNAVAILABLE: io exception
	at org.apache.ratis.thirdparty.io.grpc.stub.ClientCalls.toStatusRuntimeException(ClientCalls.java:233)
	at org.apache.ratis.thirdparty.io.grpc.stub.ClientCalls.getUnchecked(ClientCalls.java:214)
	at org.apache.ratis.thirdparty.io.grpc.stub.ClientCalls.blockingUnaryCall(ClientCalls.java:139)
	at org.apache.ratis.proto.grpc.RaftServerProtocolServiceGrpc$RaftServerProtocolServiceBlockingStub.requestVote(RaftServerProtocolServiceGrpc.java:265)
	at org.apache.ratis.grpc.server.GrpcServerProtocolClient.requestVote(GrpcServerProtocolClient.java:99)
	at org.apache.ratis.grpc.server.GrpcService.requestVote(GrpcService.java:204)
	at org.apache.ratis.server.impl.LeaderElection.lambda$submitRequests$1(LeaderElection.java:234)
	at java.util.concurrent.FutureTask.run(FutureTask.java:266)
	at java.util.concurrent.Executors$RunnableAdapter.call(Executors.java:511)
	at java.util.concurrent.FutureTask.run(FutureTask.java:266)
	at java.util.concurrent.ThreadPoolExecutor.runWorker(ThreadPoolExecutor.java:1149)
	at java.util.concurrent.ThreadPoolExecutor$Worker.run(ThreadPoolExecutor.java:624)
	... 1 more
Caused by: org.apache.ratis.thirdparty.io.netty.channel.AbstractChannel$AnnotatedConnectException: Connection refused: /192.168.157.233:42906
	at sun.nio.ch.SocketChannelImpl.checkConnect(Native Method)
	at sun.nio.ch.SocketChannelImpl.finishConnect(SocketChannelImpl.java:717)
	at org.apache.ratis.thirdparty.io.netty.channel.socket.nio.NioSocketChannel.doFinishConnect(NioSocketChannel.java:327)
	at org.apache.ratis.thirdparty.io.netty.channel.nio.AbstractNioChannel$AbstractNioUnsafe.finishConnect(AbstractNioChannel.java:340)
	at org.apache.ratis.thirdparty.io.netty.channel.nio.NioEventLoop.processSelectedKey(NioEventLoop.java:632)
	at org.apache.ratis.thirdparty.io.netty.channel.nio.NioEventLoop.processSelectedKeysOptimized(NioEventLoop.java:579)
	at org.apache.ratis.thirdparty.io.netty.channel.nio.NioEventLoop.processSelectedKeys(NioEventLoop.java:496)
	at org.apache.ratis.thirdparty.io.netty.channel.nio.NioEventLoop.run(NioEventLoop.java:458)
	at org.apache.ratis.thirdparty.io.netty.util.concurrent.SingleThreadEventExecutor$5.run(SingleThreadEventExecutor.java:897)
	at org.apache.ratis.thirdparty.io.netty.util.concurrent.FastThreadLocalRunnable.run(FastThreadLocalRunnable.java:30)
	... 1 more
Caused by: java.net.ConnectException: Connection refused
	... 11 more
2019-10-25 11:08:07,538 [f6cfa8a2-85ff-4bb9-a246-101c53d2d47b@group-49E82E920F3F-LeaderElection662] INFO  impl.RaftServerImpl (RaftServerImpl.java:setRole(184)) - f6cfa8a2-85ff-4bb9-a246-101c53d2d47b@group-49E82E920F3F: changes role from CANDIDATE to FOLLOWER at term 253 for DISCOVERED_A_NEW_TERM
2019-10-25 11:08:07,538 [f6cfa8a2-85ff-4bb9-a246-101c53d2d47b@group-49E82E920F3F-LeaderElection662] INFO  impl.RoleInfo (RoleInfo.java:shutdownLeaderElection(134)) - f6cfa8a2-85ff-4bb9-a246-101c53d2d47b: shutdown LeaderElection
2019-10-25 11:08:07,538 [f6cfa8a2-85ff-4bb9-a246-101c53d2d47b@group-49E82E920F3F-LeaderElection662] INFO  impl.RoleInfo (RoleInfo.java:updateAndGet(143)) - f6cfa8a2-85ff-4bb9-a246-101c53d2d47b: start FollowerState
2019-10-25 11:08:07,587 [Thread-5266] INFO  impl.FollowerState (FollowerState.java:run(108)) - f6cfa8a2-85ff-4bb9-a246-101c53d2d47b@group-49E82E920F3F-FollowerState: change to CANDIDATE, lastRpcTime:49ms, electionTimeout:49ms
2019-10-25 11:08:07,588 [Thread-5266] INFO  impl.RoleInfo (RoleInfo.java:shutdownFollowerState(121)) - f6cfa8a2-85ff-4bb9-a246-101c53d2d47b: shutdown FollowerState
2019-10-25 11:08:07,588 [Thread-5266] INFO  impl.RaftServerImpl (RaftServerImpl.java:setRole(184)) - f6cfa8a2-85ff-4bb9-a246-101c53d2d47b@group-49E82E920F3F: changes role from  FOLLOWER to CANDIDATE at term 253 for changeToCandidate
2019-10-25 11:08:07,589 [Thread-5266] INFO  impl.RoleInfo (RoleInfo.java:updateAndGet(143)) - f6cfa8a2-85ff-4bb9-a246-101c53d2d47b: start LeaderElection
2019-10-25 11:08:07,603 [f6cfa8a2-85ff-4bb9-a246-101c53d2d47b@group-49E82E920F3F-LeaderElection663] INFO  impl.LeaderElection (LeaderElection.java:askForVotes(178)) - f6cfa8a2-85ff-4bb9-a246-101c53d2d47b@group-49E82E920F3F-LeaderElection663: begin an election at term 254 for -1: [7fad1e98-7a6b-4998-a30c-ec1ab88068bc:192.168.157.233:35716, bdb27072-dd00-4d3b-a7da-41600e490ca3:192.168.157.233:42906, f6cfa8a2-85ff-4bb9-a246-101c53d2d47b:192.168.157.233:44618], old=null
2019-10-25 11:08:07,605 [f6cfa8a2-85ff-4bb9-a246-101c53d2d47b@group-49E82E920F3F-LeaderElection663] INFO  impl.LeaderElection (LogUtils.java:infoOrTrace(149)) - f6cfa8a2-85ff-4bb9-a246-101c53d2d47b@group-49E82E920F3F-LeaderElection663 got exception when requesting votes: {}
java.util.concurrent.ExecutionException: org.apache.ratis.thirdparty.io.grpc.StatusRuntimeException: UNAVAILABLE: io exception
	at java.util.concurrent.FutureTask.report(FutureTask.java:122)
	at java.util.concurrent.FutureTask.get(FutureTask.java:192)
	at org.apache.ratis.server.impl.LeaderElection.waitForResults(LeaderElection.java:259)
	at org.apache.ratis.server.impl.LeaderElection.askForVotes(LeaderElection.java:197)
	at org.apache.ratis.server.impl.LeaderElection.run(LeaderElection.java:133)
	at java.lang.Thread.run(Thread.java:748)
Caused by: org.apache.ratis.thirdparty.io.grpc.StatusRuntimeException: UNAVAILABLE: io exception
	at org.apache.ratis.thirdparty.io.grpc.stub.ClientCalls.toStatusRuntimeException(ClientCalls.java:233)
	at org.apache.ratis.thirdparty.io.grpc.stub.ClientCalls.getUnchecked(ClientCalls.java:214)
	at org.apache.ratis.thirdparty.io.grpc.stub.ClientCalls.blockingUnaryCall(ClientCalls.java:139)
	at org.apache.ratis.proto.grpc.RaftServerProtocolServiceGrpc$RaftServerProtocolServiceBlockingStub.requestVote(RaftServerProtocolServiceGrpc.java:265)
	at org.apache.ratis.grpc.server.GrpcServerProtocolClient.requestVote(GrpcServerProtocolClient.java:99)
	at org.apache.ratis.grpc.server.GrpcService.requestVote(GrpcService.java:204)
	at org.apache.ratis.server.impl.LeaderElection.lambda$submitRequests$1(LeaderElection.java:234)
	at java.util.concurrent.FutureTask.run(FutureTask.java:266)
	at java.util.concurrent.Executors$RunnableAdapter.call(Executors.java:511)
	at java.util.concurrent.FutureTask.run(FutureTask.java:266)
	at java.util.concurrent.ThreadPoolExecutor.runWorker(ThreadPoolExecutor.java:1149)
	at java.util.concurrent.ThreadPoolExecutor$Worker.run(ThreadPoolExecutor.java:624)
	... 1 more
Caused by: org.apache.ratis.thirdparty.io.netty.channel.AbstractChannel$AnnotatedConnectException: Connection refused: /192.168.157.233:42906
	at sun.nio.ch.SocketChannelImpl.checkConnect(Native Method)
	at sun.nio.ch.SocketChannelImpl.finishConnect(SocketChannelImpl.java:717)
	at org.apache.ratis.thirdparty.io.netty.channel.socket.nio.NioSocketChannel.doFinishConnect(NioSocketChannel.java:327)
	at org.apache.ratis.thirdparty.io.netty.channel.nio.AbstractNioChannel$AbstractNioUnsafe.finishConnect(AbstractNioChannel.java:340)
	at org.apache.ratis.thirdparty.io.netty.channel.nio.NioEventLoop.processSelectedKey(NioEventLoop.java:632)
	at org.apache.ratis.thirdparty.io.netty.channel.nio.NioEventLoop.processSelectedKeysOptimized(NioEventLoop.java:579)
	at org.apache.ratis.thirdparty.io.netty.channel.nio.NioEventLoop.processSelectedKeys(NioEventLoop.java:496)
	at org.apache.ratis.thirdparty.io.netty.channel.nio.NioEventLoop.run(NioEventLoop.java:458)
	at org.apache.ratis.thirdparty.io.netty.util.concurrent.SingleThreadEventExecutor$5.run(SingleThreadEventExecutor.java:897)
	at org.apache.ratis.thirdparty.io.netty.util.concurrent.FastThreadLocalRunnable.run(FastThreadLocalRunnable.java:30)
	... 1 more
Caused by: java.net.ConnectException: Connection refused
	... 11 more
2019-10-25 11:08:07,606 [f6cfa8a2-85ff-4bb9-a246-101c53d2d47b@group-49E82E920F3F-LeaderElection663] INFO  impl.LeaderElection (LogUtils.java:infoOrTrace(149)) - f6cfa8a2-85ff-4bb9-a246-101c53d2d47b@group-49E82E920F3F-LeaderElection663 got exception when requesting votes: {}
java.util.concurrent.ExecutionException: org.apache.ratis.thirdparty.io.grpc.StatusRuntimeException: UNAVAILABLE: io exception
	at java.util.concurrent.FutureTask.report(FutureTask.java:122)
	at java.util.concurrent.FutureTask.get(FutureTask.java:192)
	at org.apache.ratis.server.impl.LeaderElection.waitForResults(LeaderElection.java:259)
	at org.apache.ratis.server.impl.LeaderElection.askForVotes(LeaderElection.java:197)
	at org.apache.ratis.server.impl.LeaderElection.run(LeaderElection.java:133)
	at java.lang.Thread.run(Thread.java:748)
Caused by: org.apache.ratis.thirdparty.io.grpc.StatusRuntimeException: UNAVAILABLE: io exception
	at org.apache.ratis.thirdparty.io.grpc.stub.ClientCalls.toStatusRuntimeException(ClientCalls.java:233)
	at org.apache.ratis.thirdparty.io.grpc.stub.ClientCalls.getUnchecked(ClientCalls.java:214)
	at org.apache.ratis.thirdparty.io.grpc.stub.ClientCalls.blockingUnaryCall(ClientCalls.java:139)
	at org.apache.ratis.proto.grpc.RaftServerProtocolServiceGrpc$RaftServerProtocolServiceBlockingStub.requestVote(RaftServerProtocolServiceGrpc.java:265)
	at org.apache.ratis.grpc.server.GrpcServerProtocolClient.requestVote(GrpcServerProtocolClient.java:99)
	at org.apache.ratis.grpc.server.GrpcService.requestVote(GrpcService.java:204)
	at org.apache.ratis.server.impl.LeaderElection.lambda$submitRequests$1(LeaderElection.java:234)
	at java.util.concurrent.FutureTask.run(FutureTask.java:266)
	at java.util.concurrent.Executors$RunnableAdapter.call(Executors.java:511)
	at java.util.concurrent.FutureTask.run(FutureTask.java:266)
	at java.util.concurrent.ThreadPoolExecutor.runWorker(ThreadPoolExecutor.java:1149)
	at java.util.concurrent.ThreadPoolExecutor$Worker.run(ThreadPoolExecutor.java:624)
	... 1 more
Caused by: org.apache.ratis.thirdparty.io.netty.channel.AbstractChannel$AnnotatedConnectException: Connection refused: /192.168.157.233:35716
	at sun.nio.ch.SocketChannelImpl.checkConnect(Native Method)
	at sun.nio.ch.SocketChannelImpl.finishConnect(SocketChannelImpl.java:717)
	at org.apache.ratis.thirdparty.io.netty.channel.socket.nio.NioSocketChannel.doFinishConnect(NioSocketChannel.java:327)
	at org.apache.ratis.thirdparty.io.netty.channel.nio.AbstractNioChannel$AbstractNioUnsafe.finishConnect(AbstractNioChannel.java:340)
	at org.apache.ratis.thirdparty.io.netty.channel.nio.NioEventLoop.processSelectedKey(NioEventLoop.java:632)
	at org.apache.ratis.thirdparty.io.netty.channel.nio.NioEventLoop.processSelectedKeysOptimized(NioEventLoop.java:579)
	at org.apache.ratis.thirdparty.io.netty.channel.nio.NioEventLoop.processSelectedKeys(NioEventLoop.java:496)
	at org.apache.ratis.thirdparty.io.netty.channel.nio.NioEventLoop.run(NioEventLoop.java:458)
	at org.apache.ratis.thirdparty.io.netty.util.concurrent.SingleThreadEventExecutor$5.run(SingleThreadEventExecutor.java:897)
	at org.apache.ratis.thirdparty.io.netty.util.concurrent.FastThreadLocalRunnable.run(FastThreadLocalRunnable.java:30)
	... 1 more
Caused by: java.net.ConnectException: Connection refused
	... 11 more
2019-10-25 11:08:07,606 [f6cfa8a2-85ff-4bb9-a246-101c53d2d47b@group-49E82E920F3F-LeaderElection663] INFO  impl.LeaderElection (LeaderElection.java:logAndReturn(56)) - f6cfa8a2-85ff-4bb9-a246-101c53d2d47b@group-49E82E920F3F-LeaderElection663: Election REJECTED; received 0 response(s) [] and 2 exception(s); f6cfa8a2-85ff-4bb9-a246-101c53d2d47b@group-49E82E920F3F:t254, leader=null, voted=f6cfa8a2-85ff-4bb9-a246-101c53d2d47b, raftlog=f6cfa8a2-85ff-4bb9-a246-101c53d2d47b@group-49E82E920F3F-SegmentedRaftLog:OPENED:c-1,f-1,i0, conf=-1: [7fad1e98-7a6b-4998-a30c-ec1ab88068bc:192.168.157.233:35716, bdb27072-dd00-4d3b-a7da-41600e490ca3:192.168.157.233:42906, f6cfa8a2-85ff-4bb9-a246-101c53d2d47b:192.168.157.233:44618], old=null
2019-10-25 11:08:07,606 [f6cfa8a2-85ff-4bb9-a246-101c53d2d47b@group-49E82E920F3F-LeaderElection663] INFO  impl.LeaderElection (LogUtils.java:infoOrTrace(149)) -   Exception 0: {}
java.util.concurrent.ExecutionException: org.apache.ratis.thirdparty.io.grpc.StatusRuntimeException: UNAVAILABLE: io exception
	at java.util.concurrent.FutureTask.report(FutureTask.java:122)
	at java.util.concurrent.FutureTask.get(FutureTask.java:192)
	at org.apache.ratis.server.impl.LeaderElection.waitForResults(LeaderElection.java:259)
	at org.apache.ratis.server.impl.LeaderElection.askForVotes(LeaderElection.java:197)
	at org.apache.ratis.server.impl.LeaderElection.run(LeaderElection.java:133)
	at java.lang.Thread.run(Thread.java:748)
Caused by: org.apache.ratis.thirdparty.io.grpc.StatusRuntimeException: UNAVAILABLE: io exception
	at org.apache.ratis.thirdparty.io.grpc.stub.ClientCalls.toStatusRuntimeException(ClientCalls.java:233)
	at org.apache.ratis.thirdparty.io.grpc.stub.ClientCalls.getUnchecked(ClientCalls.java:214)
	at org.apache.ratis.thirdparty.io.grpc.stub.ClientCalls.blockingUnaryCall(ClientCalls.java:139)
	at org.apache.ratis.proto.grpc.RaftServerProtocolServiceGrpc$RaftServerProtocolServiceBlockingStub.requestVote(RaftServerProtocolServiceGrpc.java:265)
	at org.apache.ratis.grpc.server.GrpcServerProtocolClient.requestVote(GrpcServerProtocolClient.java:99)
	at org.apache.ratis.grpc.server.GrpcService.requestVote(GrpcService.java:204)
	at org.apache.ratis.server.impl.LeaderElection.lambda$submitRequests$1(LeaderElection.java:234)
	at java.util.concurrent.FutureTask.run(FutureTask.java:266)
	at java.util.concurrent.Executors$RunnableAdapter.call(Executors.java:511)
	at java.util.concurrent.FutureTask.run(FutureTask.java:266)
	at java.util.concurrent.ThreadPoolExecutor.runWorker(ThreadPoolExecutor.java:1149)
	at java.util.concurrent.ThreadPoolExecutor$Worker.run(ThreadPoolExecutor.java:624)
	... 1 more
Caused by: org.apache.ratis.thirdparty.io.netty.channel.AbstractChannel$AnnotatedConnectException: Connection refused: /192.168.157.233:42906
	at sun.nio.ch.SocketChannelImpl.checkConnect(Native Method)
	at sun.nio.ch.SocketChannelImpl.finishConnect(SocketChannelImpl.java:717)
	at org.apache.ratis.thirdparty.io.netty.channel.socket.nio.NioSocketChannel.doFinishConnect(NioSocketChannel.java:327)
	at org.apache.ratis.thirdparty.io.netty.channel.nio.AbstractNioChannel$AbstractNioUnsafe.finishConnect(AbstractNioChannel.java:340)
	at org.apache.ratis.thirdparty.io.netty.channel.nio.NioEventLoop.processSelectedKey(NioEventLoop.java:632)
	at org.apache.ratis.thirdparty.io.netty.channel.nio.NioEventLoop.processSelectedKeysOptimized(NioEventLoop.java:579)
	at org.apache.ratis.thirdparty.io.netty.channel.nio.NioEventLoop.processSelectedKeys(NioEventLoop.java:496)
	at org.apache.ratis.thirdparty.io.netty.channel.nio.NioEventLoop.run(NioEventLoop.java:458)
	at org.apache.ratis.thirdparty.io.netty.util.concurrent.SingleThreadEventExecutor$5.run(SingleThreadEventExecutor.java:897)
	at org.apache.ratis.thirdparty.io.netty.util.concurrent.FastThreadLocalRunnable.run(FastThreadLocalRunnable.java:30)
	... 1 more
Caused by: java.net.ConnectException: Connection refused
	... 11 more
2019-10-25 11:08:07,607 [f6cfa8a2-85ff-4bb9-a246-101c53d2d47b@group-49E82E920F3F-LeaderElection663] INFO  impl.LeaderElection (LogUtils.java:infoOrTrace(149)) -   Exception 1: {}
java.util.concurrent.ExecutionException: org.apache.ratis.thirdparty.io.grpc.StatusRuntimeException: UNAVAILABLE: io exception
	at java.util.concurrent.FutureTask.report(FutureTask.java:122)
	at java.util.concurrent.FutureTask.get(FutureTask.java:192)
	at org.apache.ratis.server.impl.LeaderElection.waitForResults(LeaderElection.java:259)
	at org.apache.ratis.server.impl.LeaderElection.askForVotes(LeaderElection.java:197)
	at org.apache.ratis.server.impl.LeaderElection.run(LeaderElection.java:133)
	at java.lang.Thread.run(Thread.java:748)
Caused by: org.apache.ratis.thirdparty.io.grpc.StatusRuntimeException: UNAVAILABLE: io exception
	at org.apache.ratis.thirdparty.io.grpc.stub.ClientCalls.toStatusRuntimeException(ClientCalls.java:233)
	at org.apache.ratis.thirdparty.io.grpc.stub.ClientCalls.getUnchecked(ClientCalls.java:214)
	at org.apache.ratis.thirdparty.io.grpc.stub.ClientCalls.blockingUnaryCall(ClientCalls.java:139)
	at org.apache.ratis.proto.grpc.RaftServerProtocolServiceGrpc$RaftServerProtocolServiceBlockingStub.requestVote(RaftServerProtocolServiceGrpc.java:265)
	at org.apache.ratis.grpc.server.GrpcServerProtocolClient.requestVote(GrpcServerProtocolClient.java:99)
	at org.apache.ratis.grpc.server.GrpcService.requestVote(GrpcService.java:204)
	at org.apache.ratis.server.impl.LeaderElection.lambda$submitRequests$1(LeaderElection.java:234)
	at java.util.concurrent.FutureTask.run(FutureTask.java:266)
	at java.util.concurrent.Executors$RunnableAdapter.call(Executors.java:511)
	at java.util.concurrent.FutureTask.run(FutureTask.java:266)
	at java.util.concurrent.ThreadPoolExecutor.runWorker(ThreadPoolExecutor.java:1149)
	at java.util.concurrent.ThreadPoolExecutor$Worker.run(ThreadPoolExecutor.java:624)
	... 1 more
Caused by: org.apache.ratis.thirdparty.io.netty.channel.AbstractChannel$AnnotatedConnectException: Connection refused: /192.168.157.233:35716
	at sun.nio.ch.SocketChannelImpl.checkConnect(Native Method)
	at sun.nio.ch.SocketChannelImpl.finishConnect(SocketChannelImpl.java:717)
	at org.apache.ratis.thirdparty.io.netty.channel.socket.nio.NioSocketChannel.doFinishConnect(NioSocketChannel.java:327)
	at org.apache.ratis.thirdparty.io.netty.channel.nio.AbstractNioChannel$AbstractNioUnsafe.finishConnect(AbstractNioChannel.java:340)
	at org.apache.ratis.thirdparty.io.netty.channel.nio.NioEventLoop.processSelectedKey(NioEventLoop.java:632)
	at org.apache.ratis.thirdparty.io.netty.channel.nio.NioEventLoop.processSelectedKeysOptimized(NioEventLoop.java:579)
	at org.apache.ratis.thirdparty.io.netty.channel.nio.NioEventLoop.processSelectedKeys(NioEventLoop.java:496)
	at org.apache.ratis.thirdparty.io.netty.channel.nio.NioEventLoop.run(NioEventLoop.java:458)
	at org.apache.ratis.thirdparty.io.netty.util.concurrent.SingleThreadEventExecutor$5.run(SingleThreadEventExecutor.java:897)
	at org.apache.ratis.thirdparty.io.netty.util.concurrent.FastThreadLocalRunnable.run(FastThreadLocalRunnable.java:30)
	... 1 more
Caused by: java.net.ConnectException: Connection refused
	... 11 more
2019-10-25 11:08:07,607 [f6cfa8a2-85ff-4bb9-a246-101c53d2d47b@group-49E82E920F3F-LeaderElection663] INFO  impl.RaftServerImpl (RaftServerImpl.java:setRole(184)) - f6cfa8a2-85ff-4bb9-a246-101c53d2d47b@group-49E82E920F3F: changes role from CANDIDATE to FOLLOWER at term 254 for DISCOVERED_A_NEW_TERM
2019-10-25 11:08:07,607 [f6cfa8a2-85ff-4bb9-a246-101c53d2d47b@group-49E82E920F3F-LeaderElection663] INFO  impl.RoleInfo (RoleInfo.java:shutdownLeaderElection(134)) - f6cfa8a2-85ff-4bb9-a246-101c53d2d47b: shutdown LeaderElection
2019-10-25 11:08:07,607 [f6cfa8a2-85ff-4bb9-a246-101c53d2d47b@group-49E82E920F3F-LeaderElection663] INFO  impl.RoleInfo (RoleInfo.java:updateAndGet(143)) - f6cfa8a2-85ff-4bb9-a246-101c53d2d47b: start FollowerState
2019-10-25 11:08:07,661 [Thread-5270] INFO  impl.FollowerState (FollowerState.java:run(108)) - f6cfa8a2-85ff-4bb9-a246-101c53d2d47b@group-49E82E920F3F-FollowerState: change to CANDIDATE, lastRpcTime:53ms, electionTimeout:53ms
2019-10-25 11:08:07,661 [Thread-5270] INFO  impl.RoleInfo (RoleInfo.java:shutdownFollowerState(121)) - f6cfa8a2-85ff-4bb9-a246-101c53d2d47b: shutdown FollowerState
2019-10-25 11:08:07,661 [Thread-5270] INFO  impl.RaftServerImpl (RaftServerImpl.java:setRole(184)) - f6cfa8a2-85ff-4bb9-a246-101c53d2d47b@group-49E82E920F3F: changes role from  FOLLOWER to CANDIDATE at term 254 for changeToCandidate
2019-10-25 11:08:07,661 [Thread-5270] INFO  impl.RoleInfo (RoleInfo.java:updateAndGet(143)) - f6cfa8a2-85ff-4bb9-a246-101c53d2d47b: start LeaderElection
2019-10-25 11:08:07,675 [f6cfa8a2-85ff-4bb9-a246-101c53d2d47b@group-49E82E920F3F-LeaderElection664] INFO  impl.LeaderElection (LeaderElection.java:askForVotes(178)) - f6cfa8a2-85ff-4bb9-a246-101c53d2d47b@group-49E82E920F3F-LeaderElection664: begin an election at term 255 for -1: [7fad1e98-7a6b-4998-a30c-ec1ab88068bc:192.168.157.233:35716, bdb27072-dd00-4d3b-a7da-41600e490ca3:192.168.157.233:42906, f6cfa8a2-85ff-4bb9-a246-101c53d2d47b:192.168.157.233:44618], old=null
2019-10-25 11:08:07,675 [f6cfa8a2-85ff-4bb9-a246-101c53d2d47b@group-49E82E920F3F-LeaderElection664] INFO  impl.LeaderElection (LogUtils.java:infoOrTrace(149)) - f6cfa8a2-85ff-4bb9-a246-101c53d2d47b@group-49E82E920F3F-LeaderElection664 got exception when requesting votes: {}
java.util.concurrent.ExecutionException: org.apache.ratis.thirdparty.io.grpc.StatusRuntimeException: UNAVAILABLE: io exception
	at java.util.concurrent.FutureTask.report(FutureTask.java:122)
	at java.util.concurrent.FutureTask.get(FutureTask.java:192)
	at org.apache.ratis.server.impl.LeaderElection.waitForResults(LeaderElection.java:259)
	at org.apache.ratis.server.impl.LeaderElection.askForVotes(LeaderElection.java:197)
	at org.apache.ratis.server.impl.LeaderElection.run(LeaderElection.java:133)
	at java.lang.Thread.run(Thread.java:748)
Caused by: org.apache.ratis.thirdparty.io.grpc.StatusRuntimeException: UNAVAILABLE: io exception
	at org.apache.ratis.thirdparty.io.grpc.stub.ClientCalls.toStatusRuntimeException(ClientCalls.java:233)
	at org.apache.ratis.thirdparty.io.grpc.stub.ClientCalls.getUnchecked(ClientCalls.java:214)
	at org.apache.ratis.thirdparty.io.grpc.stub.ClientCalls.blockingUnaryCall(ClientCalls.java:139)
	at org.apache.ratis.proto.grpc.RaftServerProtocolServiceGrpc$RaftServerProtocolServiceBlockingStub.requestVote(RaftServerProtocolServiceGrpc.java:265)
	at org.apache.ratis.grpc.server.GrpcServerProtocolClient.requestVote(GrpcServerProtocolClient.java:99)
	at org.apache.ratis.grpc.server.GrpcService.requestVote(GrpcService.java:204)
	at org.apache.ratis.server.impl.LeaderElection.lambda$submitRequests$1(LeaderElection.java:234)
	at java.util.concurrent.FutureTask.run(FutureTask.java:266)
	at java.util.concurrent.Executors$RunnableAdapter.call(Executors.java:511)
	at java.util.concurrent.FutureTask.run(FutureTask.java:266)
	at java.util.concurrent.ThreadPoolExecutor.runWorker(ThreadPoolExecutor.java:1149)
	at java.util.concurrent.ThreadPoolExecutor$Worker.run(ThreadPoolExecutor.java:624)
	... 1 more
Caused by: org.apache.ratis.thirdparty.io.netty.channel.AbstractChannel$AnnotatedConnectException: Connection refused: /192.168.157.233:42906
	at sun.nio.ch.SocketChannelImpl.checkConnect(Native Method)
	at sun.nio.ch.SocketChannelImpl.finishConnect(SocketChannelImpl.java:717)
	at org.apache.ratis.thirdparty.io.netty.channel.socket.nio.NioSocketChannel.doFinishConnect(NioSocketChannel.java:327)
	at org.apache.ratis.thirdparty.io.netty.channel.nio.AbstractNioChannel$AbstractNioUnsafe.finishConnect(AbstractNioChannel.java:340)
	at org.apache.ratis.thirdparty.io.netty.channel.nio.NioEventLoop.processSelectedKey(NioEventLoop.java:632)
	at org.apache.ratis.thirdparty.io.netty.channel.nio.NioEventLoop.processSelectedKeysOptimized(NioEventLoop.java:579)
	at org.apache.ratis.thirdparty.io.netty.channel.nio.NioEventLoop.processSelectedKeys(NioEventLoop.java:496)
	at org.apache.ratis.thirdparty.io.netty.channel.nio.NioEventLoop.run(NioEventLoop.java:458)
	at org.apache.ratis.thirdparty.io.netty.util.concurrent.SingleThreadEventExecutor$5.run(SingleThreadEventExecutor.java:897)
	at org.apache.ratis.thirdparty.io.netty.util.concurrent.FastThreadLocalRunnable.run(FastThreadLocalRunnable.java:30)
	... 1 more
Caused by: java.net.ConnectException: Connection refused
	... 11 more
2019-10-25 11:08:07,676 [f6cfa8a2-85ff-4bb9-a246-101c53d2d47b@group-49E82E920F3F-LeaderElection664] INFO  impl.LeaderElection (LogUtils.java:infoOrTrace(149)) - f6cfa8a2-85ff-4bb9-a246-101c53d2d47b@group-49E82E920F3F-LeaderElection664 got exception when requesting votes: {}
java.util.concurrent.ExecutionException: org.apache.ratis.thirdparty.io.grpc.StatusRuntimeException: UNAVAILABLE: io exception
	at java.util.concurrent.FutureTask.report(FutureTask.java:122)
	at java.util.concurrent.FutureTask.get(FutureTask.java:192)
	at org.apache.ratis.server.impl.LeaderElection.waitForResults(LeaderElection.java:259)
	at org.apache.ratis.server.impl.LeaderElection.askForVotes(LeaderElection.java:197)
	at org.apache.ratis.server.impl.LeaderElection.run(LeaderElection.java:133)
	at java.lang.Thread.run(Thread.java:748)
Caused by: org.apache.ratis.thirdparty.io.grpc.StatusRuntimeException: UNAVAILABLE: io exception
	at org.apache.ratis.thirdparty.io.grpc.stub.ClientCalls.toStatusRuntimeException(ClientCalls.java:233)
	at org.apache.ratis.thirdparty.io.grpc.stub.ClientCalls.getUnchecked(ClientCalls.java:214)
	at org.apache.ratis.thirdparty.io.grpc.stub.ClientCalls.blockingUnaryCall(ClientCalls.java:139)
	at org.apache.ratis.proto.grpc.RaftServerProtocolServiceGrpc$RaftServerProtocolServiceBlockingStub.requestVote(RaftServerProtocolServiceGrpc.java:265)
	at org.apache.ratis.grpc.server.GrpcServerProtocolClient.requestVote(GrpcServerProtocolClient.java:99)
	at org.apache.ratis.grpc.server.GrpcService.requestVote(GrpcService.java:204)
	at org.apache.ratis.server.impl.LeaderElection.lambda$submitRequests$1(LeaderElection.java:234)
	at java.util.concurrent.FutureTask.run(FutureTask.java:266)
	at java.util.concurrent.Executors$RunnableAdapter.call(Executors.java:511)
	at java.util.concurrent.FutureTask.run(FutureTask.java:266)
	at java.util.concurrent.ThreadPoolExecutor.runWorker(ThreadPoolExecutor.java:1149)
	at java.util.concurrent.ThreadPoolExecutor$Worker.run(ThreadPoolExecutor.java:624)
	... 1 more
Caused by: org.apache.ratis.thirdparty.io.netty.channel.AbstractChannel$AnnotatedConnectException: Connection refused: /192.168.157.233:35716
	at sun.nio.ch.SocketChannelImpl.checkConnect(Native Method)
	at sun.nio.ch.SocketChannelImpl.finishConnect(SocketChannelImpl.java:717)
	at org.apache.ratis.thirdparty.io.netty.channel.socket.nio.NioSocketChannel.doFinishConnect(NioSocketChannel.java:327)
	at org.apache.ratis.thirdparty.io.netty.channel.nio.AbstractNioChannel$AbstractNioUnsafe.finishConnect(AbstractNioChannel.java:340)
	at org.apache.ratis.thirdparty.io.netty.channel.nio.NioEventLoop.processSelectedKey(NioEventLoop.java:632)
	at org.apache.ratis.thirdparty.io.netty.channel.nio.NioEventLoop.processSelectedKeysOptimized(NioEventLoop.java:579)
	at org.apache.ratis.thirdparty.io.netty.channel.nio.NioEventLoop.processSelectedKeys(NioEventLoop.java:496)
	at org.apache.ratis.thirdparty.io.netty.channel.nio.NioEventLoop.run(NioEventLoop.java:458)
	at org.apache.ratis.thirdparty.io.netty.util.concurrent.SingleThreadEventExecutor$5.run(SingleThreadEventExecutor.java:897)
	at org.apache.ratis.thirdparty.io.netty.util.concurrent.FastThreadLocalRunnable.run(FastThreadLocalRunnable.java:30)
	... 1 more
Caused by: java.net.ConnectException: Connection refused
	... 11 more
2019-10-25 11:08:07,676 [f6cfa8a2-85ff-4bb9-a246-101c53d2d47b@group-49E82E920F3F-LeaderElection664] INFO  impl.LeaderElection (LeaderElection.java:logAndReturn(56)) - f6cfa8a2-85ff-4bb9-a246-101c53d2d47b@group-49E82E920F3F-LeaderElection664: Election REJECTED; received 0 response(s) [] and 2 exception(s); f6cfa8a2-85ff-4bb9-a246-101c53d2d47b@group-49E82E920F3F:t255, leader=null, voted=f6cfa8a2-85ff-4bb9-a246-101c53d2d47b, raftlog=f6cfa8a2-85ff-4bb9-a246-101c53d2d47b@group-49E82E920F3F-SegmentedRaftLog:OPENED:c-1,f-1,i0, conf=-1: [7fad1e98-7a6b-4998-a30c-ec1ab88068bc:192.168.157.233:35716, bdb27072-dd00-4d3b-a7da-41600e490ca3:192.168.157.233:42906, f6cfa8a2-85ff-4bb9-a246-101c53d2d47b:192.168.157.233:44618], old=null
2019-10-25 11:08:07,676 [f6cfa8a2-85ff-4bb9-a246-101c53d2d47b@group-49E82E920F3F-LeaderElection664] INFO  impl.LeaderElection (LogUtils.java:infoOrTrace(149)) -   Exception 0: {}
java.util.concurrent.ExecutionException: org.apache.ratis.thirdparty.io.grpc.StatusRuntimeException: UNAVAILABLE: io exception
	at java.util.concurrent.FutureTask.report(FutureTask.java:122)
	at java.util.concurrent.FutureTask.get(FutureTask.java:192)
	at org.apache.ratis.server.impl.LeaderElection.waitForResults(LeaderElection.java:259)
	at org.apache.ratis.server.impl.LeaderElection.askForVotes(LeaderElection.java:197)
	at org.apache.ratis.server.impl.LeaderElection.run(LeaderElection.java:133)
	at java.lang.Thread.run(Thread.java:748)
Caused by: org.apache.ratis.thirdparty.io.grpc.StatusRuntimeException: UNAVAILABLE: io exception
	at org.apache.ratis.thirdparty.io.grpc.stub.ClientCalls.toStatusRuntimeException(ClientCalls.java:233)
	at org.apache.ratis.thirdparty.io.grpc.stub.ClientCalls.getUnchecked(ClientCalls.java:214)
	at org.apache.ratis.thirdparty.io.grpc.stub.ClientCalls.blockingUnaryCall(ClientCalls.java:139)
	at org.apache.ratis.proto.grpc.RaftServerProtocolServiceGrpc$RaftServerProtocolServiceBlockingStub.requestVote(RaftServerProtocolServiceGrpc.java:265)
	at org.apache.ratis.grpc.server.GrpcServerProtocolClient.requestVote(GrpcServerProtocolClient.java:99)
	at org.apache.ratis.grpc.server.GrpcService.requestVote(GrpcService.java:204)
	at org.apache.ratis.server.impl.LeaderElection.lambda$submitRequests$1(LeaderElection.java:234)
	at java.util.concurrent.FutureTask.run(FutureTask.java:266)
	at java.util.concurrent.Executors$RunnableAdapter.call(Executors.java:511)
	at java.util.concurrent.FutureTask.run(FutureTask.java:266)
	at java.util.concurrent.ThreadPoolExecutor.runWorker(ThreadPoolExecutor.java:1149)
	at java.util.concurrent.ThreadPoolExecutor$Worker.run(ThreadPoolExecutor.java:624)
	... 1 more
Caused by: org.apache.ratis.thirdparty.io.netty.channel.AbstractChannel$AnnotatedConnectException: Connection refused: /192.168.157.233:42906
	at sun.nio.ch.SocketChannelImpl.checkConnect(Native Method)
	at sun.nio.ch.SocketChannelImpl.finishConnect(SocketChannelImpl.java:717)
	at org.apache.ratis.thirdparty.io.netty.channel.socket.nio.NioSocketChannel.doFinishConnect(NioSocketChannel.java:327)
	at org.apache.ratis.thirdparty.io.netty.channel.nio.AbstractNioChannel$AbstractNioUnsafe.finishConnect(AbstractNioChannel.java:340)
	at org.apache.ratis.thirdparty.io.netty.channel.nio.NioEventLoop.processSelectedKey(NioEventLoop.java:632)
	at org.apache.ratis.thirdparty.io.netty.channel.nio.NioEventLoop.processSelectedKeysOptimized(NioEventLoop.java:579)
	at org.apache.ratis.thirdparty.io.netty.channel.nio.NioEventLoop.processSelectedKeys(NioEventLoop.java:496)
	at org.apache.ratis.thirdparty.io.netty.channel.nio.NioEventLoop.run(NioEventLoop.java:458)
	at org.apache.ratis.thirdparty.io.netty.util.concurrent.SingleThreadEventExecutor$5.run(SingleThreadEventExecutor.java:897)
	at org.apache.ratis.thirdparty.io.netty.util.concurrent.FastThreadLocalRunnable.run(FastThreadLocalRunnable.java:30)
	... 1 more
Caused by: java.net.ConnectException: Connection refused
	... 11 more
2019-10-25 11:08:07,676 [f6cfa8a2-85ff-4bb9-a246-101c53d2d47b@group-49E82E920F3F-LeaderElection664] INFO  impl.LeaderElection (LogUtils.java:infoOrTrace(149)) -   Exception 1: {}
java.util.concurrent.ExecutionException: org.apache.ratis.thirdparty.io.grpc.StatusRuntimeException: UNAVAILABLE: io exception
	at java.util.concurrent.FutureTask.report(FutureTask.java:122)
	at java.util.concurrent.FutureTask.get(FutureTask.java:192)
	at org.apache.ratis.server.impl.LeaderElection.waitForResults(LeaderElection.java:259)
	at org.apache.ratis.server.impl.LeaderElection.askForVotes(LeaderElection.java:197)
	at org.apache.ratis.server.impl.LeaderElection.run(LeaderElection.java:133)
	at java.lang.Thread.run(Thread.java:748)
Caused by: org.apache.ratis.thirdparty.io.grpc.StatusRuntimeException: UNAVAILABLE: io exception
	at org.apache.ratis.thirdparty.io.grpc.stub.ClientCalls.toStatusRuntimeException(ClientCalls.java:233)
	at org.apache.ratis.thirdparty.io.grpc.stub.ClientCalls.getUnchecked(ClientCalls.java:214)
	at org.apache.ratis.thirdparty.io.grpc.stub.ClientCalls.blockingUnaryCall(ClientCalls.java:139)
	at org.apache.ratis.proto.grpc.RaftServerProtocolServiceGrpc$RaftServerProtocolServiceBlockingStub.requestVote(RaftServerProtocolServiceGrpc.java:265)
	at org.apache.ratis.grpc.server.GrpcServerProtocolClient.requestVote(GrpcServerProtocolClient.java:99)
	at org.apache.ratis.grpc.server.GrpcService.requestVote(GrpcService.java:204)
	at org.apache.ratis.server.impl.LeaderElection.lambda$submitRequests$1(LeaderElection.java:234)
	at java.util.concurrent.FutureTask.run(FutureTask.java:266)
	at java.util.concurrent.Executors$RunnableAdapter.call(Executors.java:511)
	at java.util.concurrent.FutureTask.run(FutureTask.java:266)
	at java.util.concurrent.ThreadPoolExecutor.runWorker(ThreadPoolExecutor.java:1149)
	at java.util.concurrent.ThreadPoolExecutor$Worker.run(ThreadPoolExecutor.java:624)
	... 1 more
Caused by: org.apache.ratis.thirdparty.io.netty.channel.AbstractChannel$AnnotatedConnectException: Connection refused: /192.168.157.233:35716
	at sun.nio.ch.SocketChannelImpl.checkConnect(Native Method)
	at sun.nio.ch.SocketChannelImpl.finishConnect(SocketChannelImpl.java:717)
	at org.apache.ratis.thirdparty.io.netty.channel.socket.nio.NioSocketChannel.doFinishConnect(NioSocketChannel.java:327)
	at org.apache.ratis.thirdparty.io.netty.channel.nio.AbstractNioChannel$AbstractNioUnsafe.finishConnect(AbstractNioChannel.java:340)
	at org.apache.ratis.thirdparty.io.netty.channel.nio.NioEventLoop.processSelectedKey(NioEventLoop.java:632)
	at org.apache.ratis.thirdparty.io.netty.channel.nio.NioEventLoop.processSelectedKeysOptimized(NioEventLoop.java:579)
	at org.apache.ratis.thirdparty.io.netty.channel.nio.NioEventLoop.processSelectedKeys(NioEventLoop.java:496)
	at org.apache.ratis.thirdparty.io.netty.channel.nio.NioEventLoop.run(NioEventLoop.java:458)
	at org.apache.ratis.thirdparty.io.netty.util.concurrent.SingleThreadEventExecutor$5.run(SingleThreadEventExecutor.java:897)
	at org.apache.ratis.thirdparty.io.netty.util.concurrent.FastThreadLocalRunnable.run(FastThreadLocalRunnable.java:30)
	... 1 more
Caused by: java.net.ConnectException: Connection refused
	... 11 more
2019-10-25 11:08:07,677 [f6cfa8a2-85ff-4bb9-a246-101c53d2d47b@group-49E82E920F3F-LeaderElection664] INFO  impl.RaftServerImpl (RaftServerImpl.java:setRole(184)) - f6cfa8a2-85ff-4bb9-a246-101c53d2d47b@group-49E82E920F3F: changes role from CANDIDATE to FOLLOWER at term 255 for DISCOVERED_A_NEW_TERM
2019-10-25 11:08:07,677 [f6cfa8a2-85ff-4bb9-a246-101c53d2d47b@group-49E82E920F3F-LeaderElection664] INFO  impl.RoleInfo (RoleInfo.java:shutdownLeaderElection(134)) - f6cfa8a2-85ff-4bb9-a246-101c53d2d47b: shutdown LeaderElection
2019-10-25 11:08:07,677 [f6cfa8a2-85ff-4bb9-a246-101c53d2d47b@group-49E82E920F3F-LeaderElection664] INFO  impl.RoleInfo (RoleInfo.java:updateAndGet(143)) - f6cfa8a2-85ff-4bb9-a246-101c53d2d47b: start FollowerState
2019-10-25 11:08:07,717 [Thread-5274] INFO  impl.FollowerState (FollowerState.java:run(108)) - f6cfa8a2-85ff-4bb9-a246-101c53d2d47b@group-49E82E920F3F-FollowerState: change to CANDIDATE, lastRpcTime:40ms, electionTimeout:40ms
2019-10-25 11:08:07,717 [Thread-5274] INFO  impl.RoleInfo (RoleInfo.java:shutdownFollowerState(121)) - f6cfa8a2-85ff-4bb9-a246-101c53d2d47b: shutdown FollowerState
2019-10-25 11:08:07,718 [Thread-5274] INFO  impl.RaftServerImpl (RaftServerImpl.java:setRole(184)) - f6cfa8a2-85ff-4bb9-a246-101c53d2d47b@group-49E82E920F3F: changes role from  FOLLOWER to CANDIDATE at term 255 for changeToCandidate
2019-10-25 11:08:07,718 [Thread-5274] INFO  impl.RoleInfo (RoleInfo.java:updateAndGet(143)) - f6cfa8a2-85ff-4bb9-a246-101c53d2d47b: start LeaderElection
2019-10-25 11:08:07,730 [f6cfa8a2-85ff-4bb9-a246-101c53d2d47b@group-49E82E920F3F-LeaderElection665] INFO  impl.LeaderElection (LeaderElection.java:askForVotes(178)) - f6cfa8a2-85ff-4bb9-a246-101c53d2d47b@group-49E82E920F3F-LeaderElection665: begin an election at term 256 for -1: [7fad1e98-7a6b-4998-a30c-ec1ab88068bc:192.168.157.233:35716, bdb27072-dd00-4d3b-a7da-41600e490ca3:192.168.157.233:42906, f6cfa8a2-85ff-4bb9-a246-101c53d2d47b:192.168.157.233:44618], old=null
2019-10-25 11:08:07,731 [f6cfa8a2-85ff-4bb9-a246-101c53d2d47b@group-49E82E920F3F-LeaderElection665] INFO  impl.LeaderElection (LogUtils.java:infoOrTrace(149)) - f6cfa8a2-85ff-4bb9-a246-101c53d2d47b@group-49E82E920F3F-LeaderElection665 got exception when requesting votes: {}
java.util.concurrent.ExecutionException: org.apache.ratis.thirdparty.io.grpc.StatusRuntimeException: UNAVAILABLE: io exception
	at java.util.concurrent.FutureTask.report(FutureTask.java:122)
	at java.util.concurrent.FutureTask.get(FutureTask.java:192)
	at org.apache.ratis.server.impl.LeaderElection.waitForResults(LeaderElection.java:259)
	at org.apache.ratis.server.impl.LeaderElection.askForVotes(LeaderElection.java:197)
	at org.apache.ratis.server.impl.LeaderElection.run(LeaderElection.java:133)
	at java.lang.Thread.run(Thread.java:748)
Caused by: org.apache.ratis.thirdparty.io.grpc.StatusRuntimeException: UNAVAILABLE: io exception
	at org.apache.ratis.thirdparty.io.grpc.stub.ClientCalls.toStatusRuntimeException(ClientCalls.java:233)
	at org.apache.ratis.thirdparty.io.grpc.stub.ClientCalls.getUnchecked(ClientCalls.java:214)
	at org.apache.ratis.thirdparty.io.grpc.stub.ClientCalls.blockingUnaryCall(ClientCalls.java:139)
	at org.apache.ratis.proto.grpc.RaftServerProtocolServiceGrpc$RaftServerProtocolServiceBlockingStub.requestVote(RaftServerProtocolServiceGrpc.java:265)
	at org.apache.ratis.grpc.server.GrpcServerProtocolClient.requestVote(GrpcServerProtocolClient.java:99)
	at org.apache.ratis.grpc.server.GrpcService.requestVote(GrpcService.java:204)
	at org.apache.ratis.server.impl.LeaderElection.lambda$submitRequests$1(LeaderElection.java:234)
	at java.util.concurrent.FutureTask.run(FutureTask.java:266)
	at java.util.concurrent.Executors$RunnableAdapter.call(Executors.java:511)
	at java.util.concurrent.FutureTask.run(FutureTask.java:266)
	at java.util.concurrent.ThreadPoolExecutor.runWorker(ThreadPoolExecutor.java:1149)
	at java.util.concurrent.ThreadPoolExecutor$Worker.run(ThreadPoolExecutor.java:624)
	... 1 more
Caused by: org.apache.ratis.thirdparty.io.netty.channel.AbstractChannel$AnnotatedConnectException: Connection refused: /192.168.157.233:35716
	at sun.nio.ch.SocketChannelImpl.checkConnect(Native Method)
	at sun.nio.ch.SocketChannelImpl.finishConnect(SocketChannelImpl.java:717)
	at org.apache.ratis.thirdparty.io.netty.channel.socket.nio.NioSocketChannel.doFinishConnect(NioSocketChannel.java:327)
	at org.apache.ratis.thirdparty.io.netty.channel.nio.AbstractNioChannel$AbstractNioUnsafe.finishConnect(AbstractNioChannel.java:340)
	at org.apache.ratis.thirdparty.io.netty.channel.nio.NioEventLoop.processSelectedKey(NioEventLoop.java:632)
	at org.apache.ratis.thirdparty.io.netty.channel.nio.NioEventLoop.processSelectedKeysOptimized(NioEventLoop.java:579)
	at org.apache.ratis.thirdparty.io.netty.channel.nio.NioEventLoop.processSelectedKeys(NioEventLoop.java:496)
	at org.apache.ratis.thirdparty.io.netty.channel.nio.NioEventLoop.run(NioEventLoop.java:458)
	at org.apache.ratis.thirdparty.io.netty.util.concurrent.SingleThreadEventExecutor$5.run(SingleThreadEventExecutor.java:897)
	at org.apache.ratis.thirdparty.io.netty.util.concurrent.FastThreadLocalRunnable.run(FastThreadLocalRunnable.java:30)
	... 1 more
Caused by: java.net.ConnectException: Connection refused
	... 11 more
2019-10-25 11:08:07,732 [f6cfa8a2-85ff-4bb9-a246-101c53d2d47b@group-49E82E920F3F-LeaderElection665] INFO  impl.LeaderElection (LogUtils.java:infoOrTrace(149)) - f6cfa8a2-85ff-4bb9-a246-101c53d2d47b@group-49E82E920F3F-LeaderElection665 got exception when requesting votes: {}
java.util.concurrent.ExecutionException: org.apache.ratis.thirdparty.io.grpc.StatusRuntimeException: UNAVAILABLE: io exception
	at java.util.concurrent.FutureTask.report(FutureTask.java:122)
	at java.util.concurrent.FutureTask.get(FutureTask.java:192)
	at org.apache.ratis.server.impl.LeaderElection.waitForResults(LeaderElection.java:259)
	at org.apache.ratis.server.impl.LeaderElection.askForVotes(LeaderElection.java:197)
	at org.apache.ratis.server.impl.LeaderElection.run(LeaderElection.java:133)
	at java.lang.Thread.run(Thread.java:748)
Caused by: org.apache.ratis.thirdparty.io.grpc.StatusRuntimeException: UNAVAILABLE: io exception
	at org.apache.ratis.thirdparty.io.grpc.stub.ClientCalls.toStatusRuntimeException(ClientCalls.java:233)
	at org.apache.ratis.thirdparty.io.grpc.stub.ClientCalls.getUnchecked(ClientCalls.java:214)
	at org.apache.ratis.thirdparty.io.grpc.stub.ClientCalls.blockingUnaryCall(ClientCalls.java:139)
	at org.apache.ratis.proto.grpc.RaftServerProtocolServiceGrpc$RaftServerProtocolServiceBlockingStub.requestVote(RaftServerProtocolServiceGrpc.java:265)
	at org.apache.ratis.grpc.server.GrpcServerProtocolClient.requestVote(GrpcServerProtocolClient.java:99)
	at org.apache.ratis.grpc.server.GrpcService.requestVote(GrpcService.java:204)
	at org.apache.ratis.server.impl.LeaderElection.lambda$submitRequests$1(LeaderElection.java:234)
	at java.util.concurrent.FutureTask.run(FutureTask.java:266)
	at java.util.concurrent.Executors$RunnableAdapter.call(Executors.java:511)
	at java.util.concurrent.FutureTask.run(FutureTask.java:266)
	at java.util.concurrent.ThreadPoolExecutor.runWorker(ThreadPoolExecutor.java:1149)
	at java.util.concurrent.ThreadPoolExecutor$Worker.run(ThreadPoolExecutor.java:624)
	... 1 more
Caused by: org.apache.ratis.thirdparty.io.netty.channel.AbstractChannel$AnnotatedConnectException: Connection refused: /192.168.157.233:42906
	at sun.nio.ch.SocketChannelImpl.checkConnect(Native Method)
	at sun.nio.ch.SocketChannelImpl.finishConnect(SocketChannelImpl.java:717)
	at org.apache.ratis.thirdparty.io.netty.channel.socket.nio.NioSocketChannel.doFinishConnect(NioSocketChannel.java:327)
	at org.apache.ratis.thirdparty.io.netty.channel.nio.AbstractNioChannel$AbstractNioUnsafe.finishConnect(AbstractNioChannel.java:340)
	at org.apache.ratis.thirdparty.io.netty.channel.nio.NioEventLoop.processSelectedKey(NioEventLoop.java:632)
	at org.apache.ratis.thirdparty.io.netty.channel.nio.NioEventLoop.processSelectedKeysOptimized(NioEventLoop.java:579)
	at org.apache.ratis.thirdparty.io.netty.channel.nio.NioEventLoop.processSelectedKeys(NioEventLoop.java:496)
	at org.apache.ratis.thirdparty.io.netty.channel.nio.NioEventLoop.run(NioEventLoop.java:458)
	at org.apache.ratis.thirdparty.io.netty.util.concurrent.SingleThreadEventExecutor$5.run(SingleThreadEventExecutor.java:897)
	at org.apache.ratis.thirdparty.io.netty.util.concurrent.FastThreadLocalRunnable.run(FastThreadLocalRunnable.java:30)
	... 1 more
Caused by: java.net.ConnectException: Connection refused
	... 11 more
2019-10-25 11:08:07,732 [f6cfa8a2-85ff-4bb9-a246-101c53d2d47b@group-49E82E920F3F-LeaderElection665] INFO  impl.LeaderElection (LeaderElection.java:logAndReturn(56)) - f6cfa8a2-85ff-4bb9-a246-101c53d2d47b@group-49E82E920F3F-LeaderElection665: Election REJECTED; received 0 response(s) [] and 2 exception(s); f6cfa8a2-85ff-4bb9-a246-101c53d2d47b@group-49E82E920F3F:t256, leader=null, voted=f6cfa8a2-85ff-4bb9-a246-101c53d2d47b, raftlog=f6cfa8a2-85ff-4bb9-a246-101c53d2d47b@group-49E82E920F3F-SegmentedRaftLog:OPENED:c-1,f-1,i0, conf=-1: [7fad1e98-7a6b-4998-a30c-ec1ab88068bc:192.168.157.233:35716, bdb27072-dd00-4d3b-a7da-41600e490ca3:192.168.157.233:42906, f6cfa8a2-85ff-4bb9-a246-101c53d2d47b:192.168.157.233:44618], old=null
2019-10-25 11:08:07,732 [f6cfa8a2-85ff-4bb9-a246-101c53d2d47b@group-49E82E920F3F-LeaderElection665] INFO  impl.LeaderElection (LogUtils.java:infoOrTrace(149)) -   Exception 0: {}
java.util.concurrent.ExecutionException: org.apache.ratis.thirdparty.io.grpc.StatusRuntimeException: UNAVAILABLE: io exception
	at java.util.concurrent.FutureTask.report(FutureTask.java:122)
	at java.util.concurrent.FutureTask.get(FutureTask.java:192)
	at org.apache.ratis.server.impl.LeaderElection.waitForResults(LeaderElection.java:259)
	at org.apache.ratis.server.impl.LeaderElection.askForVotes(LeaderElection.java:197)
	at org.apache.ratis.server.impl.LeaderElection.run(LeaderElection.java:133)
	at java.lang.Thread.run(Thread.java:748)
Caused by: org.apache.ratis.thirdparty.io.grpc.StatusRuntimeException: UNAVAILABLE: io exception
	at org.apache.ratis.thirdparty.io.grpc.stub.ClientCalls.toStatusRuntimeException(ClientCalls.java:233)
	at org.apache.ratis.thirdparty.io.grpc.stub.ClientCalls.getUnchecked(ClientCalls.java:214)
	at org.apache.ratis.thirdparty.io.grpc.stub.ClientCalls.blockingUnaryCall(ClientCalls.java:139)
	at org.apache.ratis.proto.grpc.RaftServerProtocolServiceGrpc$RaftServerProtocolServiceBlockingStub.requestVote(RaftServerProtocolServiceGrpc.java:265)
	at org.apache.ratis.grpc.server.GrpcServerProtocolClient.requestVote(GrpcServerProtocolClient.java:99)
	at org.apache.ratis.grpc.server.GrpcService.requestVote(GrpcService.java:204)
	at org.apache.ratis.server.impl.LeaderElection.lambda$submitRequests$1(LeaderElection.java:234)
	at java.util.concurrent.FutureTask.run(FutureTask.java:266)
	at java.util.concurrent.Executors$RunnableAdapter.call(Executors.java:511)
	at java.util.concurrent.FutureTask.run(FutureTask.java:266)
	at java.util.concurrent.ThreadPoolExecutor.runWorker(ThreadPoolExecutor.java:1149)
	at java.util.concurrent.ThreadPoolExecutor$Worker.run(ThreadPoolExecutor.java:624)
	... 1 more
Caused by: org.apache.ratis.thirdparty.io.netty.channel.AbstractChannel$AnnotatedConnectException: Connection refused: /192.168.157.233:35716
	at sun.nio.ch.SocketChannelImpl.checkConnect(Native Method)
	at sun.nio.ch.SocketChannelImpl.finishConnect(SocketChannelImpl.java:717)
	at org.apache.ratis.thirdparty.io.netty.channel.socket.nio.NioSocketChannel.doFinishConnect(NioSocketChannel.java:327)
	at org.apache.ratis.thirdparty.io.netty.channel.nio.AbstractNioChannel$AbstractNioUnsafe.finishConnect(AbstractNioChannel.java:340)
	at org.apache.ratis.thirdparty.io.netty.channel.nio.NioEventLoop.processSelectedKey(NioEventLoop.java:632)
	at org.apache.ratis.thirdparty.io.netty.channel.nio.NioEventLoop.processSelectedKeysOptimized(NioEventLoop.java:579)
	at org.apache.ratis.thirdparty.io.netty.channel.nio.NioEventLoop.processSelectedKeys(NioEventLoop.java:496)
	at org.apache.ratis.thirdparty.io.netty.channel.nio.NioEventLoop.run(NioEventLoop.java:458)
	at org.apache.ratis.thirdparty.io.netty.util.concurrent.SingleThreadEventExecutor$5.run(SingleThreadEventExecutor.java:897)
	at org.apache.ratis.thirdparty.io.netty.util.concurrent.FastThreadLocalRunnable.run(FastThreadLocalRunnable.java:30)
	... 1 more
Caused by: java.net.ConnectException: Connection refused
	... 11 more
2019-10-25 11:08:07,733 [f6cfa8a2-85ff-4bb9-a246-101c53d2d47b@group-49E82E920F3F-LeaderElection665] INFO  impl.LeaderElection (LogUtils.java:infoOrTrace(149)) -   Exception 1: {}
java.util.concurrent.ExecutionException: org.apache.ratis.thirdparty.io.grpc.StatusRuntimeException: UNAVAILABLE: io exception
	at java.util.concurrent.FutureTask.report(FutureTask.java:122)
	at java.util.concurrent.FutureTask.get(FutureTask.java:192)
	at org.apache.ratis.server.impl.LeaderElection.waitForResults(LeaderElection.java:259)
	at org.apache.ratis.server.impl.LeaderElection.askForVotes(LeaderElection.java:197)
	at org.apache.ratis.server.impl.LeaderElection.run(LeaderElection.java:133)
	at java.lang.Thread.run(Thread.java:748)
Caused by: org.apache.ratis.thirdparty.io.grpc.StatusRuntimeException: UNAVAILABLE: io exception
	at org.apache.ratis.thirdparty.io.grpc.stub.ClientCalls.toStatusRuntimeException(ClientCalls.java:233)
	at org.apache.ratis.thirdparty.io.grpc.stub.ClientCalls.getUnchecked(ClientCalls.java:214)
	at org.apache.ratis.thirdparty.io.grpc.stub.ClientCalls.blockingUnaryCall(ClientCalls.java:139)
	at org.apache.ratis.proto.grpc.RaftServerProtocolServiceGrpc$RaftServerProtocolServiceBlockingStub.requestVote(RaftServerProtocolServiceGrpc.java:265)
	at org.apache.ratis.grpc.server.GrpcServerProtocolClient.requestVote(GrpcServerProtocolClient.java:99)
	at org.apache.ratis.grpc.server.GrpcService.requestVote(GrpcService.java:204)
	at org.apache.ratis.server.impl.LeaderElection.lambda$submitRequests$1(LeaderElection.java:234)
	at java.util.concurrent.FutureTask.run(FutureTask.java:266)
	at java.util.concurrent.Executors$RunnableAdapter.call(Executors.java:511)
	at java.util.concurrent.FutureTask.run(FutureTask.java:266)
	at java.util.concurrent.ThreadPoolExecutor.runWorker(ThreadPoolExecutor.java:1149)
	at java.util.concurrent.ThreadPoolExecutor$Worker.run(ThreadPoolExecutor.java:624)
	... 1 more
Caused by: org.apache.ratis.thirdparty.io.netty.channel.AbstractChannel$AnnotatedConnectException: Connection refused: /192.168.157.233:42906
	at sun.nio.ch.SocketChannelImpl.checkConnect(Native Method)
	at sun.nio.ch.SocketChannelImpl.finishConnect(SocketChannelImpl.java:717)
	at org.apache.ratis.thirdparty.io.netty.channel.socket.nio.NioSocketChannel.doFinishConnect(NioSocketChannel.java:327)
	at org.apache.ratis.thirdparty.io.netty.channel.nio.AbstractNioChannel$AbstractNioUnsafe.finishConnect(AbstractNioChannel.java:340)
	at org.apache.ratis.thirdparty.io.netty.channel.nio.NioEventLoop.processSelectedKey(NioEventLoop.java:632)
	at org.apache.ratis.thirdparty.io.netty.channel.nio.NioEventLoop.processSelectedKeysOptimized(NioEventLoop.java:579)
	at org.apache.ratis.thirdparty.io.netty.channel.nio.NioEventLoop.processSelectedKeys(NioEventLoop.java:496)
	at org.apache.ratis.thirdparty.io.netty.channel.nio.NioEventLoop.run(NioEventLoop.java:458)
	at org.apache.ratis.thirdparty.io.netty.util.concurrent.SingleThreadEventExecutor$5.run(SingleThreadEventExecutor.java:897)
	at org.apache.ratis.thirdparty.io.netty.util.concurrent.FastThreadLocalRunnable.run(FastThreadLocalRunnable.java:30)
	... 1 more
Caused by: java.net.ConnectException: Connection refused
	... 11 more
2019-10-25 11:08:07,733 [f6cfa8a2-85ff-4bb9-a246-101c53d2d47b@group-49E82E920F3F-LeaderElection665] INFO  impl.RaftServerImpl (RaftServerImpl.java:setRole(184)) - f6cfa8a2-85ff-4bb9-a246-101c53d2d47b@group-49E82E920F3F: changes role from CANDIDATE to FOLLOWER at term 256 for DISCOVERED_A_NEW_TERM
2019-10-25 11:08:07,733 [f6cfa8a2-85ff-4bb9-a246-101c53d2d47b@group-49E82E920F3F-LeaderElection665] INFO  impl.RoleInfo (RoleInfo.java:shutdownLeaderElection(134)) - f6cfa8a2-85ff-4bb9-a246-101c53d2d47b: shutdown LeaderElection
2019-10-25 11:08:07,733 [f6cfa8a2-85ff-4bb9-a246-101c53d2d47b@group-49E82E920F3F-LeaderElection665] INFO  impl.RoleInfo (RoleInfo.java:updateAndGet(143)) - f6cfa8a2-85ff-4bb9-a246-101c53d2d47b: start FollowerState
2019-10-25 11:08:07,888 [Thread-5280] INFO  impl.FollowerState (FollowerState.java:run(108)) - f6cfa8a2-85ff-4bb9-a246-101c53d2d47b@group-49E82E920F3F-FollowerState: change to CANDIDATE, lastRpcTime:154ms, electionTimeout:154ms
2019-10-25 11:08:07,888 [Thread-5280] INFO  impl.RoleInfo (RoleInfo.java:shutdownFollowerState(121)) - f6cfa8a2-85ff-4bb9-a246-101c53d2d47b: shutdown FollowerState
2019-10-25 11:08:07,888 [Thread-5280] INFO  impl.RaftServerImpl (RaftServerImpl.java:setRole(184)) - f6cfa8a2-85ff-4bb9-a246-101c53d2d47b@group-49E82E920F3F: changes role from  FOLLOWER to CANDIDATE at term 256 for changeToCandidate
2019-10-25 11:08:07,888 [Thread-5280] INFO  impl.RoleInfo (RoleInfo.java:updateAndGet(143)) - f6cfa8a2-85ff-4bb9-a246-101c53d2d47b: start LeaderElection
2019-10-25 11:08:07,904 [f6cfa8a2-85ff-4bb9-a246-101c53d2d47b@group-49E82E920F3F-LeaderElection666] INFO  impl.LeaderElection (LeaderElection.java:askForVotes(178)) - f6cfa8a2-85ff-4bb9-a246-101c53d2d47b@group-49E82E920F3F-LeaderElection666: begin an election at term 257 for -1: [7fad1e98-7a6b-4998-a30c-ec1ab88068bc:192.168.157.233:35716, bdb27072-dd00-4d3b-a7da-41600e490ca3:192.168.157.233:42906, f6cfa8a2-85ff-4bb9-a246-101c53d2d47b:192.168.157.233:44618], old=null
2019-10-25 11:08:07,905 [f6cfa8a2-85ff-4bb9-a246-101c53d2d47b@group-49E82E920F3F-LeaderElection666] INFO  impl.LeaderElection (LogUtils.java:infoOrTrace(149)) - f6cfa8a2-85ff-4bb9-a246-101c53d2d47b@group-49E82E920F3F-LeaderElection666 got exception when requesting votes: {}
java.util.concurrent.ExecutionException: org.apache.ratis.thirdparty.io.grpc.StatusRuntimeException: UNAVAILABLE: io exception
	at java.util.concurrent.FutureTask.report(FutureTask.java:122)
	at java.util.concurrent.FutureTask.get(FutureTask.java:192)
	at org.apache.ratis.server.impl.LeaderElection.waitForResults(LeaderElection.java:259)
	at org.apache.ratis.server.impl.LeaderElection.askForVotes(LeaderElection.java:197)
	at org.apache.ratis.server.impl.LeaderElection.run(LeaderElection.java:133)
	at java.lang.Thread.run(Thread.java:748)
Caused by: org.apache.ratis.thirdparty.io.grpc.StatusRuntimeException: UNAVAILABLE: io exception
	at org.apache.ratis.thirdparty.io.grpc.stub.ClientCalls.toStatusRuntimeException(ClientCalls.java:233)
	at org.apache.ratis.thirdparty.io.grpc.stub.ClientCalls.getUnchecked(ClientCalls.java:214)
	at org.apache.ratis.thirdparty.io.grpc.stub.ClientCalls.blockingUnaryCall(ClientCalls.java:139)
	at org.apache.ratis.proto.grpc.RaftServerProtocolServiceGrpc$RaftServerProtocolServiceBlockingStub.requestVote(RaftServerProtocolServiceGrpc.java:265)
	at org.apache.ratis.grpc.server.GrpcServerProtocolClient.requestVote(GrpcServerProtocolClient.java:99)
	at org.apache.ratis.grpc.server.GrpcService.requestVote(GrpcService.java:204)
	at org.apache.ratis.server.impl.LeaderElection.lambda$submitRequests$1(LeaderElection.java:234)
	at java.util.concurrent.FutureTask.run(FutureTask.java:266)
	at java.util.concurrent.Executors$RunnableAdapter.call(Executors.java:511)
	at java.util.concurrent.FutureTask.run(FutureTask.java:266)
	at java.util.concurrent.ThreadPoolExecutor.runWorker(ThreadPoolExecutor.java:1149)
	at java.util.concurrent.ThreadPoolExecutor$Worker.run(ThreadPoolExecutor.java:624)
	... 1 more
Caused by: org.apache.ratis.thirdparty.io.netty.channel.AbstractChannel$AnnotatedConnectException: Connection refused: /192.168.157.233:35716
	at sun.nio.ch.SocketChannelImpl.checkConnect(Native Method)
	at sun.nio.ch.SocketChannelImpl.finishConnect(SocketChannelImpl.java:717)
	at org.apache.ratis.thirdparty.io.netty.channel.socket.nio.NioSocketChannel.doFinishConnect(NioSocketChannel.java:327)
	at org.apache.ratis.thirdparty.io.netty.channel.nio.AbstractNioChannel$AbstractNioUnsafe.finishConnect(AbstractNioChannel.java:340)
	at org.apache.ratis.thirdparty.io.netty.channel.nio.NioEventLoop.processSelectedKey(NioEventLoop.java:632)
	at org.apache.ratis.thirdparty.io.netty.channel.nio.NioEventLoop.processSelectedKeysOptimized(NioEventLoop.java:579)
	at org.apache.ratis.thirdparty.io.netty.channel.nio.NioEventLoop.processSelectedKeys(NioEventLoop.java:496)
	at org.apache.ratis.thirdparty.io.netty.channel.nio.NioEventLoop.run(NioEventLoop.java:458)
	at org.apache.ratis.thirdparty.io.netty.util.concurrent.SingleThreadEventExecutor$5.run(SingleThreadEventExecutor.java:897)
	at org.apache.ratis.thirdparty.io.netty.util.concurrent.FastThreadLocalRunnable.run(FastThreadLocalRunnable.java:30)
	... 1 more
Caused by: java.net.ConnectException: Connection refused
	... 11 more
2019-10-25 11:08:07,905 [f6cfa8a2-85ff-4bb9-a246-101c53d2d47b@group-49E82E920F3F-LeaderElection666] INFO  impl.LeaderElection (LogUtils.java:infoOrTrace(149)) - f6cfa8a2-85ff-4bb9-a246-101c53d2d47b@group-49E82E920F3F-LeaderElection666 got exception when requesting votes: {}
java.util.concurrent.ExecutionException: org.apache.ratis.thirdparty.io.grpc.StatusRuntimeException: UNAVAILABLE: io exception
	at java.util.concurrent.FutureTask.report(FutureTask.java:122)
	at java.util.concurrent.FutureTask.get(FutureTask.java:192)
	at org.apache.ratis.server.impl.LeaderElection.waitForResults(LeaderElection.java:259)
	at org.apache.ratis.server.impl.LeaderElection.askForVotes(LeaderElection.java:197)
	at org.apache.ratis.server.impl.LeaderElection.run(LeaderElection.java:133)
	at java.lang.Thread.run(Thread.java:748)
Caused by: org.apache.ratis.thirdparty.io.grpc.StatusRuntimeException: UNAVAILABLE: io exception
	at org.apache.ratis.thirdparty.io.grpc.stub.ClientCalls.toStatusRuntimeException(ClientCalls.java:233)
	at org.apache.ratis.thirdparty.io.grpc.stub.ClientCalls.getUnchecked(ClientCalls.java:214)
	at org.apache.ratis.thirdparty.io.grpc.stub.ClientCalls.blockingUnaryCall(ClientCalls.java:139)
	at org.apache.ratis.proto.grpc.RaftServerProtocolServiceGrpc$RaftServerProtocolServiceBlockingStub.requestVote(RaftServerProtocolServiceGrpc.java:265)
	at org.apache.ratis.grpc.server.GrpcServerProtocolClient.requestVote(GrpcServerProtocolClient.java:99)
	at org.apache.ratis.grpc.server.GrpcService.requestVote(GrpcService.java:204)
	at org.apache.ratis.server.impl.LeaderElection.lambda$submitRequests$1(LeaderElection.java:234)
	at java.util.concurrent.FutureTask.run(FutureTask.java:266)
	at java.util.concurrent.Executors$RunnableAdapter.call(Executors.java:511)
	at java.util.concurrent.FutureTask.run(FutureTask.java:266)
	at java.util.concurrent.ThreadPoolExecutor.runWorker(ThreadPoolExecutor.java:1149)
	at java.util.concurrent.ThreadPoolExecutor$Worker.run(ThreadPoolExecutor.java:624)
	... 1 more
Caused by: org.apache.ratis.thirdparty.io.netty.channel.AbstractChannel$AnnotatedConnectException: Connection refused: /192.168.157.233:42906
	at sun.nio.ch.SocketChannelImpl.checkConnect(Native Method)
	at sun.nio.ch.SocketChannelImpl.finishConnect(SocketChannelImpl.java:717)
	at org.apache.ratis.thirdparty.io.netty.channel.socket.nio.NioSocketChannel.doFinishConnect(NioSocketChannel.java:327)
	at org.apache.ratis.thirdparty.io.netty.channel.nio.AbstractNioChannel$AbstractNioUnsafe.finishConnect(AbstractNioChannel.java:340)
	at org.apache.ratis.thirdparty.io.netty.channel.nio.NioEventLoop.processSelectedKey(NioEventLoop.java:632)
	at org.apache.ratis.thirdparty.io.netty.channel.nio.NioEventLoop.processSelectedKeysOptimized(NioEventLoop.java:579)
	at org.apache.ratis.thirdparty.io.netty.channel.nio.NioEventLoop.processSelectedKeys(NioEventLoop.java:496)
	at org.apache.ratis.thirdparty.io.netty.channel.nio.NioEventLoop.run(NioEventLoop.java:458)
	at org.apache.ratis.thirdparty.io.netty.util.concurrent.SingleThreadEventExecutor$5.run(SingleThreadEventExecutor.java:897)
	at org.apache.ratis.thirdparty.io.netty.util.concurrent.FastThreadLocalRunnable.run(FastThreadLocalRunnable.java:30)
	... 1 more
Caused by: java.net.ConnectException: Connection refused
	... 11 more
2019-10-25 11:08:07,906 [f6cfa8a2-85ff-4bb9-a246-101c53d2d47b@group-49E82E920F3F-LeaderElection666] INFO  impl.LeaderElection (LeaderElection.java:logAndReturn(56)) - f6cfa8a2-85ff-4bb9-a246-101c53d2d47b@group-49E82E920F3F-LeaderElection666: Election REJECTED; received 0 response(s) [] and 2 exception(s); f6cfa8a2-85ff-4bb9-a246-101c53d2d47b@group-49E82E920F3F:t257, leader=null, voted=f6cfa8a2-85ff-4bb9-a246-101c53d2d47b, raftlog=f6cfa8a2-85ff-4bb9-a246-101c53d2d47b@group-49E82E920F3F-SegmentedRaftLog:OPENED:c-1,f-1,i0, conf=-1: [7fad1e98-7a6b-4998-a30c-ec1ab88068bc:192.168.157.233:35716, bdb27072-dd00-4d3b-a7da-41600e490ca3:192.168.157.233:42906, f6cfa8a2-85ff-4bb9-a246-101c53d2d47b:192.168.157.233:44618], old=null
2019-10-25 11:08:07,906 [f6cfa8a2-85ff-4bb9-a246-101c53d2d47b@group-49E82E920F3F-LeaderElection666] INFO  impl.LeaderElection (LogUtils.java:infoOrTrace(149)) -   Exception 0: {}
java.util.concurrent.ExecutionException: org.apache.ratis.thirdparty.io.grpc.StatusRuntimeException: UNAVAILABLE: io exception
	at java.util.concurrent.FutureTask.report(FutureTask.java:122)
	at java.util.concurrent.FutureTask.get(FutureTask.java:192)
	at org.apache.ratis.server.impl.LeaderElection.waitForResults(LeaderElection.java:259)
	at org.apache.ratis.server.impl.LeaderElection.askForVotes(LeaderElection.java:197)
	at org.apache.ratis.server.impl.LeaderElection.run(LeaderElection.java:133)
	at java.lang.Thread.run(Thread.java:748)
Caused by: org.apache.ratis.thirdparty.io.grpc.StatusRuntimeException: UNAVAILABLE: io exception
	at org.apache.ratis.thirdparty.io.grpc.stub.ClientCalls.toStatusRuntimeException(ClientCalls.java:233)
	at org.apache.ratis.thirdparty.io.grpc.stub.ClientCalls.getUnchecked(ClientCalls.java:214)
	at org.apache.ratis.thirdparty.io.grpc.stub.ClientCalls.blockingUnaryCall(ClientCalls.java:139)
	at org.apache.ratis.proto.grpc.RaftServerProtocolServiceGrpc$RaftServerProtocolServiceBlockingStub.requestVote(RaftServerProtocolServiceGrpc.java:265)
	at org.apache.ratis.grpc.server.GrpcServerProtocolClient.requestVote(GrpcServerProtocolClient.java:99)
	at org.apache.ratis.grpc.server.GrpcService.requestVote(GrpcService.java:204)
	at org.apache.ratis.server.impl.LeaderElection.lambda$submitRequests$1(LeaderElection.java:234)
	at java.util.concurrent.FutureTask.run(FutureTask.java:266)
	at java.util.concurrent.Executors$RunnableAdapter.call(Executors.java:511)
	at java.util.concurrent.FutureTask.run(FutureTask.java:266)
	at java.util.concurrent.ThreadPoolExecutor.runWorker(ThreadPoolExecutor.java:1149)
	at java.util.concurrent.ThreadPoolExecutor$Worker.run(ThreadPoolExecutor.java:624)
	... 1 more
Caused by: org.apache.ratis.thirdparty.io.netty.channel.AbstractChannel$AnnotatedConnectException: Connection refused: /192.168.157.233:35716
	at sun.nio.ch.SocketChannelImpl.checkConnect(Native Method)
	at sun.nio.ch.SocketChannelImpl.finishConnect(SocketChannelImpl.java:717)
	at org.apache.ratis.thirdparty.io.netty.channel.socket.nio.NioSocketChannel.doFinishConnect(NioSocketChannel.java:327)
	at org.apache.ratis.thirdparty.io.netty.channel.nio.AbstractNioChannel$AbstractNioUnsafe.finishConnect(AbstractNioChannel.java:340)
	at org.apache.ratis.thirdparty.io.netty.channel.nio.NioEventLoop.processSelectedKey(NioEventLoop.java:632)
	at org.apache.ratis.thirdparty.io.netty.channel.nio.NioEventLoop.processSelectedKeysOptimized(NioEventLoop.java:579)
	at org.apache.ratis.thirdparty.io.netty.channel.nio.NioEventLoop.processSelectedKeys(NioEventLoop.java:496)
	at org.apache.ratis.thirdparty.io.netty.channel.nio.NioEventLoop.run(NioEventLoop.java:458)
	at org.apache.ratis.thirdparty.io.netty.util.concurrent.SingleThreadEventExecutor$5.run(SingleThreadEventExecutor.java:897)
	at org.apache.ratis.thirdparty.io.netty.util.concurrent.FastThreadLocalRunnable.run(FastThreadLocalRunnable.java:30)
	... 1 more
Caused by: java.net.ConnectException: Connection refused
	... 11 more
2019-10-25 11:08:07,906 [f6cfa8a2-85ff-4bb9-a246-101c53d2d47b@group-49E82E920F3F-LeaderElection666] INFO  impl.LeaderElection (LogUtils.java:infoOrTrace(149)) -   Exception 1: {}
java.util.concurrent.ExecutionException: org.apache.ratis.thirdparty.io.grpc.StatusRuntimeException: UNAVAILABLE: io exception
	at java.util.concurrent.FutureTask.report(FutureTask.java:122)
	at java.util.concurrent.FutureTask.get(FutureTask.java:192)
	at org.apache.ratis.server.impl.LeaderElection.waitForResults(LeaderElection.java:259)
	at org.apache.ratis.server.impl.LeaderElection.askForVotes(LeaderElection.java:197)
	at org.apache.ratis.server.impl.LeaderElection.run(LeaderElection.java:133)
	at java.lang.Thread.run(Thread.java:748)
Caused by: org.apache.ratis.thirdparty.io.grpc.StatusRuntimeException: UNAVAILABLE: io exception
	at org.apache.ratis.thirdparty.io.grpc.stub.ClientCalls.toStatusRuntimeException(ClientCalls.java:233)
	at org.apache.ratis.thirdparty.io.grpc.stub.ClientCalls.getUnchecked(ClientCalls.java:214)
	at org.apache.ratis.thirdparty.io.grpc.stub.ClientCalls.blockingUnaryCall(ClientCalls.java:139)
	at org.apache.ratis.proto.grpc.RaftServerProtocolServiceGrpc$RaftServerProtocolServiceBlockingStub.requestVote(RaftServerProtocolServiceGrpc.java:265)
	at org.apache.ratis.grpc.server.GrpcServerProtocolClient.requestVote(GrpcServerProtocolClient.java:99)
	at org.apache.ratis.grpc.server.GrpcService.requestVote(GrpcService.java:204)
	at org.apache.ratis.server.impl.LeaderElection.lambda$submitRequests$1(LeaderElection.java:234)
	at java.util.concurrent.FutureTask.run(FutureTask.java:266)
	at java.util.concurrent.Executors$RunnableAdapter.call(Executors.java:511)
	at java.util.concurrent.FutureTask.run(FutureTask.java:266)
	at java.util.concurrent.ThreadPoolExecutor.runWorker(ThreadPoolExecutor.java:1149)
	at java.util.concurrent.ThreadPoolExecutor$Worker.run(ThreadPoolExecutor.java:624)
	... 1 more
Caused by: org.apache.ratis.thirdparty.io.netty.channel.AbstractChannel$AnnotatedConnectException: Connection refused: /192.168.157.233:42906
	at sun.nio.ch.SocketChannelImpl.checkConnect(Native Method)
	at sun.nio.ch.SocketChannelImpl.finishConnect(SocketChannelImpl.java:717)
	at org.apache.ratis.thirdparty.io.netty.channel.socket.nio.NioSocketChannel.doFinishConnect(NioSocketChannel.java:327)
	at org.apache.ratis.thirdparty.io.netty.channel.nio.AbstractNioChannel$AbstractNioUnsafe.finishConnect(AbstractNioChannel.java:340)
	at org.apache.ratis.thirdparty.io.netty.channel.nio.NioEventLoop.processSelectedKey(NioEventLoop.java:632)
	at org.apache.ratis.thirdparty.io.netty.channel.nio.NioEventLoop.processSelectedKeysOptimized(NioEventLoop.java:579)
	at org.apache.ratis.thirdparty.io.netty.channel.nio.NioEventLoop.processSelectedKeys(NioEventLoop.java:496)
	at org.apache.ratis.thirdparty.io.netty.channel.nio.NioEventLoop.run(NioEventLoop.java:458)
	at org.apache.ratis.thirdparty.io.netty.util.concurrent.SingleThreadEventExecutor$5.run(SingleThreadEventExecutor.java:897)
	at org.apache.ratis.thirdparty.io.netty.util.concurrent.FastThreadLocalRunnable.run(FastThreadLocalRunnable.java:30)
	... 1 more
Caused by: java.net.ConnectException: Connection refused
	... 11 more
2019-10-25 11:08:07,907 [f6cfa8a2-85ff-4bb9-a246-101c53d2d47b@group-49E82E920F3F-LeaderElection666] INFO  impl.RaftServerImpl (RaftServerImpl.java:setRole(184)) - f6cfa8a2-85ff-4bb9-a246-101c53d2d47b@group-49E82E920F3F: changes role from CANDIDATE to FOLLOWER at term 257 for DISCOVERED_A_NEW_TERM
2019-10-25 11:08:07,907 [f6cfa8a2-85ff-4bb9-a246-101c53d2d47b@group-49E82E920F3F-LeaderElection666] INFO  impl.RoleInfo (RoleInfo.java:shutdownLeaderElection(134)) - f6cfa8a2-85ff-4bb9-a246-101c53d2d47b: shutdown LeaderElection
2019-10-25 11:08:07,907 [f6cfa8a2-85ff-4bb9-a246-101c53d2d47b@group-49E82E920F3F-LeaderElection666] INFO  impl.RoleInfo (RoleInfo.java:updateAndGet(143)) - f6cfa8a2-85ff-4bb9-a246-101c53d2d47b: start FollowerState
2019-10-25 11:08:08,054 [Thread-5284] INFO  impl.FollowerState (FollowerState.java:run(108)) - f6cfa8a2-85ff-4bb9-a246-101c53d2d47b@group-49E82E920F3F-FollowerState: change to CANDIDATE, lastRpcTime:147ms, electionTimeout:147ms
2019-10-25 11:08:08,054 [Thread-5284] INFO  impl.RoleInfo (RoleInfo.java:shutdownFollowerState(121)) - f6cfa8a2-85ff-4bb9-a246-101c53d2d47b: shutdown FollowerState
2019-10-25 11:08:08,054 [Thread-5284] INFO  impl.RaftServerImpl (RaftServerImpl.java:setRole(184)) - f6cfa8a2-85ff-4bb9-a246-101c53d2d47b@group-49E82E920F3F: changes role from  FOLLOWER to CANDIDATE at term 257 for changeToCandidate
2019-10-25 11:08:08,054 [Thread-5284] INFO  impl.RoleInfo (RoleInfo.java:updateAndGet(143)) - f6cfa8a2-85ff-4bb9-a246-101c53d2d47b: start LeaderElection
2019-10-25 11:08:08,067 [f6cfa8a2-85ff-4bb9-a246-101c53d2d47b@group-49E82E920F3F-LeaderElection667] INFO  impl.LeaderElection (LeaderElection.java:askForVotes(178)) - f6cfa8a2-85ff-4bb9-a246-101c53d2d47b@group-49E82E920F3F-LeaderElection667: begin an election at term 258 for -1: [7fad1e98-7a6b-4998-a30c-ec1ab88068bc:192.168.157.233:35716, bdb27072-dd00-4d3b-a7da-41600e490ca3:192.168.157.233:42906, f6cfa8a2-85ff-4bb9-a246-101c53d2d47b:192.168.157.233:44618], old=null
2019-10-25 11:08:08,068 [f6cfa8a2-85ff-4bb9-a246-101c53d2d47b@group-49E82E920F3F-LeaderElection667] INFO  impl.LeaderElection (LogUtils.java:infoOrTrace(149)) - f6cfa8a2-85ff-4bb9-a246-101c53d2d47b@group-49E82E920F3F-LeaderElection667 got exception when requesting votes: {}
java.util.concurrent.ExecutionException: org.apache.ratis.thirdparty.io.grpc.StatusRuntimeException: UNAVAILABLE: io exception
	at java.util.concurrent.FutureTask.report(FutureTask.java:122)
	at java.util.concurrent.FutureTask.get(FutureTask.java:192)
	at org.apache.ratis.server.impl.LeaderElection.waitForResults(LeaderElection.java:259)
	at org.apache.ratis.server.impl.LeaderElection.askForVotes(LeaderElection.java:197)
	at org.apache.ratis.server.impl.LeaderElection.run(LeaderElection.java:133)
	at java.lang.Thread.run(Thread.java:748)
Caused by: org.apache.ratis.thirdparty.io.grpc.StatusRuntimeException: UNAVAILABLE: io exception
	at org.apache.ratis.thirdparty.io.grpc.stub.ClientCalls.toStatusRuntimeException(ClientCalls.java:233)
	at org.apache.ratis.thirdparty.io.grpc.stub.ClientCalls.getUnchecked(ClientCalls.java:214)
	at org.apache.ratis.thirdparty.io.grpc.stub.ClientCalls.blockingUnaryCall(ClientCalls.java:139)
	at org.apache.ratis.proto.grpc.RaftServerProtocolServiceGrpc$RaftServerProtocolServiceBlockingStub.requestVote(RaftServerProtocolServiceGrpc.java:265)
	at org.apache.ratis.grpc.server.GrpcServerProtocolClient.requestVote(GrpcServerProtocolClient.java:99)
	at org.apache.ratis.grpc.server.GrpcService.requestVote(GrpcService.java:204)
	at org.apache.ratis.server.impl.LeaderElection.lambda$submitRequests$1(LeaderElection.java:234)
	at java.util.concurrent.FutureTask.run(FutureTask.java:266)
	at java.util.concurrent.Executors$RunnableAdapter.call(Executors.java:511)
	at java.util.concurrent.FutureTask.run(FutureTask.java:266)
	at java.util.concurrent.ThreadPoolExecutor.runWorker(ThreadPoolExecutor.java:1149)
	at java.util.concurrent.ThreadPoolExecutor$Worker.run(ThreadPoolExecutor.java:624)
	... 1 more
Caused by: org.apache.ratis.thirdparty.io.netty.channel.AbstractChannel$AnnotatedConnectException: Connection refused: /192.168.157.233:35716
	at sun.nio.ch.SocketChannelImpl.checkConnect(Native Method)
	at sun.nio.ch.SocketChannelImpl.finishConnect(SocketChannelImpl.java:717)
	at org.apache.ratis.thirdparty.io.netty.channel.socket.nio.NioSocketChannel.doFinishConnect(NioSocketChannel.java:327)
	at org.apache.ratis.thirdparty.io.netty.channel.nio.AbstractNioChannel$AbstractNioUnsafe.finishConnect(AbstractNioChannel.java:340)
	at org.apache.ratis.thirdparty.io.netty.channel.nio.NioEventLoop.processSelectedKey(NioEventLoop.java:632)
	at org.apache.ratis.thirdparty.io.netty.channel.nio.NioEventLoop.processSelectedKeysOptimized(NioEventLoop.java:579)
	at org.apache.ratis.thirdparty.io.netty.channel.nio.NioEventLoop.processSelectedKeys(NioEventLoop.java:496)
	at org.apache.ratis.thirdparty.io.netty.channel.nio.NioEventLoop.run(NioEventLoop.java:458)
	at org.apache.ratis.thirdparty.io.netty.util.concurrent.SingleThreadEventExecutor$5.run(SingleThreadEventExecutor.java:897)
	at org.apache.ratis.thirdparty.io.netty.util.concurrent.FastThreadLocalRunnable.run(FastThreadLocalRunnable.java:30)
	... 1 more
Caused by: java.net.ConnectException: Connection refused
	... 11 more
2019-10-25 11:08:08,068 [f6cfa8a2-85ff-4bb9-a246-101c53d2d47b@group-49E82E920F3F-LeaderElection667] INFO  impl.LeaderElection (LogUtils.java:infoOrTrace(149)) - f6cfa8a2-85ff-4bb9-a246-101c53d2d47b@group-49E82E920F3F-LeaderElection667 got exception when requesting votes: {}
java.util.concurrent.ExecutionException: org.apache.ratis.thirdparty.io.grpc.StatusRuntimeException: UNAVAILABLE: io exception
	at java.util.concurrent.FutureTask.report(FutureTask.java:122)
	at java.util.concurrent.FutureTask.get(FutureTask.java:192)
	at org.apache.ratis.server.impl.LeaderElection.waitForResults(LeaderElection.java:259)
	at org.apache.ratis.server.impl.LeaderElection.askForVotes(LeaderElection.java:197)
	at org.apache.ratis.server.impl.LeaderElection.run(LeaderElection.java:133)
	at java.lang.Thread.run(Thread.java:748)
Caused by: org.apache.ratis.thirdparty.io.grpc.StatusRuntimeException: UNAVAILABLE: io exception
	at org.apache.ratis.thirdparty.io.grpc.stub.ClientCalls.toStatusRuntimeException(ClientCalls.java:233)
	at org.apache.ratis.thirdparty.io.grpc.stub.ClientCalls.getUnchecked(ClientCalls.java:214)
	at org.apache.ratis.thirdparty.io.grpc.stub.ClientCalls.blockingUnaryCall(ClientCalls.java:139)
	at org.apache.ratis.proto.grpc.RaftServerProtocolServiceGrpc$RaftServerProtocolServiceBlockingStub.requestVote(RaftServerProtocolServiceGrpc.java:265)
	at org.apache.ratis.grpc.server.GrpcServerProtocolClient.requestVote(GrpcServerProtocolClient.java:99)
	at org.apache.ratis.grpc.server.GrpcService.requestVote(GrpcService.java:204)
	at org.apache.ratis.server.impl.LeaderElection.lambda$submitRequests$1(LeaderElection.java:234)
	at java.util.concurrent.FutureTask.run(FutureTask.java:266)
	at java.util.concurrent.Executors$RunnableAdapter.call(Executors.java:511)
	at java.util.concurrent.FutureTask.run(FutureTask.java:266)
	at java.util.concurrent.ThreadPoolExecutor.runWorker(ThreadPoolExecutor.java:1149)
	at java.util.concurrent.ThreadPoolExecutor$Worker.run(ThreadPoolExecutor.java:624)
	... 1 more
Caused by: org.apache.ratis.thirdparty.io.netty.channel.AbstractChannel$AnnotatedConnectException: Connection refused: /192.168.157.233:42906
	at sun.nio.ch.SocketChannelImpl.checkConnect(Native Method)
	at sun.nio.ch.SocketChannelImpl.finishConnect(SocketChannelImpl.java:717)
	at org.apache.ratis.thirdparty.io.netty.channel.socket.nio.NioSocketChannel.doFinishConnect(NioSocketChannel.java:327)
	at org.apache.ratis.thirdparty.io.netty.channel.nio.AbstractNioChannel$AbstractNioUnsafe.finishConnect(AbstractNioChannel.java:340)
	at org.apache.ratis.thirdparty.io.netty.channel.nio.NioEventLoop.processSelectedKey(NioEventLoop.java:632)
	at org.apache.ratis.thirdparty.io.netty.channel.nio.NioEventLoop.processSelectedKeysOptimized(NioEventLoop.java:579)
	at org.apache.ratis.thirdparty.io.netty.channel.nio.NioEventLoop.processSelectedKeys(NioEventLoop.java:496)
	at org.apache.ratis.thirdparty.io.netty.channel.nio.NioEventLoop.run(NioEventLoop.java:458)
	at org.apache.ratis.thirdparty.io.netty.util.concurrent.SingleThreadEventExecutor$5.run(SingleThreadEventExecutor.java:897)
	at org.apache.ratis.thirdparty.io.netty.util.concurrent.FastThreadLocalRunnable.run(FastThreadLocalRunnable.java:30)
	... 1 more
Caused by: java.net.ConnectException: Connection refused
	... 11 more
2019-10-25 11:08:08,069 [f6cfa8a2-85ff-4bb9-a246-101c53d2d47b@group-49E82E920F3F-LeaderElection667] INFO  impl.LeaderElection (LeaderElection.java:logAndReturn(56)) - f6cfa8a2-85ff-4bb9-a246-101c53d2d47b@group-49E82E920F3F-LeaderElection667: Election REJECTED; received 0 response(s) [] and 2 exception(s); f6cfa8a2-85ff-4bb9-a246-101c53d2d47b@group-49E82E920F3F:t258, leader=null, voted=f6cfa8a2-85ff-4bb9-a246-101c53d2d47b, raftlog=f6cfa8a2-85ff-4bb9-a246-101c53d2d47b@group-49E82E920F3F-SegmentedRaftLog:OPENED:c-1,f-1,i0, conf=-1: [7fad1e98-7a6b-4998-a30c-ec1ab88068bc:192.168.157.233:35716, bdb27072-dd00-4d3b-a7da-41600e490ca3:192.168.157.233:42906, f6cfa8a2-85ff-4bb9-a246-101c53d2d47b:192.168.157.233:44618], old=null
2019-10-25 11:08:08,069 [f6cfa8a2-85ff-4bb9-a246-101c53d2d47b@group-49E82E920F3F-LeaderElection667] INFO  impl.LeaderElection (LogUtils.java:infoOrTrace(149)) -   Exception 0: {}
java.util.concurrent.ExecutionException: org.apache.ratis.thirdparty.io.grpc.StatusRuntimeException: UNAVAILABLE: io exception
	at java.util.concurrent.FutureTask.report(FutureTask.java:122)
	at java.util.concurrent.FutureTask.get(FutureTask.java:192)
	at org.apache.ratis.server.impl.LeaderElection.waitForResults(LeaderElection.java:259)
	at org.apache.ratis.server.impl.LeaderElection.askForVotes(LeaderElection.java:197)
	at org.apache.ratis.server.impl.LeaderElection.run(LeaderElection.java:133)
	at java.lang.Thread.run(Thread.java:748)
Caused by: org.apache.ratis.thirdparty.io.grpc.StatusRuntimeException: UNAVAILABLE: io exception
	at org.apache.ratis.thirdparty.io.grpc.stub.ClientCalls.toStatusRuntimeException(ClientCalls.java:233)
	at org.apache.ratis.thirdparty.io.grpc.stub.ClientCalls.getUnchecked(ClientCalls.java:214)
	at org.apache.ratis.thirdparty.io.grpc.stub.ClientCalls.blockingUnaryCall(ClientCalls.java:139)
	at org.apache.ratis.proto.grpc.RaftServerProtocolServiceGrpc$RaftServerProtocolServiceBlockingStub.requestVote(RaftServerProtocolServiceGrpc.java:265)
	at org.apache.ratis.grpc.server.GrpcServerProtocolClient.requestVote(GrpcServerProtocolClient.java:99)
	at org.apache.ratis.grpc.server.GrpcService.requestVote(GrpcService.java:204)
	at org.apache.ratis.server.impl.LeaderElection.lambda$submitRequests$1(LeaderElection.java:234)
	at java.util.concurrent.FutureTask.run(FutureTask.java:266)
	at java.util.concurrent.Executors$RunnableAdapter.call(Executors.java:511)
	at java.util.concurrent.FutureTask.run(FutureTask.java:266)
	at java.util.concurrent.ThreadPoolExecutor.runWorker(ThreadPoolExecutor.java:1149)
	at java.util.concurrent.ThreadPoolExecutor$Worker.run(ThreadPoolExecutor.java:624)
	... 1 more
Caused by: org.apache.ratis.thirdparty.io.netty.channel.AbstractChannel$AnnotatedConnectException: Connection refused: /192.168.157.233:35716
	at sun.nio.ch.SocketChannelImpl.checkConnect(Native Method)
	at sun.nio.ch.SocketChannelImpl.finishConnect(SocketChannelImpl.java:717)
	at org.apache.ratis.thirdparty.io.netty.channel.socket.nio.NioSocketChannel.doFinishConnect(NioSocketChannel.java:327)
	at org.apache.ratis.thirdparty.io.netty.channel.nio.AbstractNioChannel$AbstractNioUnsafe.finishConnect(AbstractNioChannel.java:340)
	at org.apache.ratis.thirdparty.io.netty.channel.nio.NioEventLoop.processSelectedKey(NioEventLoop.java:632)
	at org.apache.ratis.thirdparty.io.netty.channel.nio.NioEventLoop.processSelectedKeysOptimized(NioEventLoop.java:579)
	at org.apache.ratis.thirdparty.io.netty.channel.nio.NioEventLoop.processSelectedKeys(NioEventLoop.java:496)
	at org.apache.ratis.thirdparty.io.netty.channel.nio.NioEventLoop.run(NioEventLoop.java:458)
	at org.apache.ratis.thirdparty.io.netty.util.concurrent.SingleThreadEventExecutor$5.run(SingleThreadEventExecutor.java:897)
	at org.apache.ratis.thirdparty.io.netty.util.concurrent.FastThreadLocalRunnable.run(FastThreadLocalRunnable.java:30)
	... 1 more
Caused by: java.net.ConnectException: Connection refused
	... 11 more
2019-10-25 11:08:08,069 [f6cfa8a2-85ff-4bb9-a246-101c53d2d47b@group-49E82E920F3F-LeaderElection667] INFO  impl.LeaderElection (LogUtils.java:infoOrTrace(149)) -   Exception 1: {}
java.util.concurrent.ExecutionException: org.apache.ratis.thirdparty.io.grpc.StatusRuntimeException: UNAVAILABLE: io exception
	at java.util.concurrent.FutureTask.report(FutureTask.java:122)
	at java.util.concurrent.FutureTask.get(FutureTask.java:192)
	at org.apache.ratis.server.impl.LeaderElection.waitForResults(LeaderElection.java:259)
	at org.apache.ratis.server.impl.LeaderElection.askForVotes(LeaderElection.java:197)
	at org.apache.ratis.server.impl.LeaderElection.run(LeaderElection.java:133)
	at java.lang.Thread.run(Thread.java:748)
Caused by: org.apache.ratis.thirdparty.io.grpc.StatusRuntimeException: UNAVAILABLE: io exception
	at org.apache.ratis.thirdparty.io.grpc.stub.ClientCalls.toStatusRuntimeException(ClientCalls.java:233)
	at org.apache.ratis.thirdparty.io.grpc.stub.ClientCalls.getUnchecked(ClientCalls.java:214)
	at org.apache.ratis.thirdparty.io.grpc.stub.ClientCalls.blockingUnaryCall(ClientCalls.java:139)
	at org.apache.ratis.proto.grpc.RaftServerProtocolServiceGrpc$RaftServerProtocolServiceBlockingStub.requestVote(RaftServerProtocolServiceGrpc.java:265)
	at org.apache.ratis.grpc.server.GrpcServerProtocolClient.requestVote(GrpcServerProtocolClient.java:99)
	at org.apache.ratis.grpc.server.GrpcService.requestVote(GrpcService.java:204)
	at org.apache.ratis.server.impl.LeaderElection.lambda$submitRequests$1(LeaderElection.java:234)
	at java.util.concurrent.FutureTask.run(FutureTask.java:266)
	at java.util.concurrent.Executors$RunnableAdapter.call(Executors.java:511)
	at java.util.concurrent.FutureTask.run(FutureTask.java:266)
	at java.util.concurrent.ThreadPoolExecutor.runWorker(ThreadPoolExecutor.java:1149)
	at java.util.concurrent.ThreadPoolExecutor$Worker.run(ThreadPoolExecutor.java:624)
	... 1 more
Caused by: org.apache.ratis.thirdparty.io.netty.channel.AbstractChannel$AnnotatedConnectException: Connection refused: /192.168.157.233:42906
	at sun.nio.ch.SocketChannelImpl.checkConnect(Native Method)
	at sun.nio.ch.SocketChannelImpl.finishConnect(SocketChannelImpl.java:717)
	at org.apache.ratis.thirdparty.io.netty.channel.socket.nio.NioSocketChannel.doFinishConnect(NioSocketChannel.java:327)
	at org.apache.ratis.thirdparty.io.netty.channel.nio.AbstractNioChannel$AbstractNioUnsafe.finishConnect(AbstractNioChannel.java:340)
	at org.apache.ratis.thirdparty.io.netty.channel.nio.NioEventLoop.processSelectedKey(NioEventLoop.java:632)
	at org.apache.ratis.thirdparty.io.netty.channel.nio.NioEventLoop.processSelectedKeysOptimized(NioEventLoop.java:579)
	at org.apache.ratis.thirdparty.io.netty.channel.nio.NioEventLoop.processSelectedKeys(NioEventLoop.java:496)
	at org.apache.ratis.thirdparty.io.netty.channel.nio.NioEventLoop.run(NioEventLoop.java:458)
	at org.apache.ratis.thirdparty.io.netty.util.concurrent.SingleThreadEventExecutor$5.run(SingleThreadEventExecutor.java:897)
	at org.apache.ratis.thirdparty.io.netty.util.concurrent.FastThreadLocalRunnable.run(FastThreadLocalRunnable.java:30)
	... 1 more
Caused by: java.net.ConnectException: Connection refused
	... 11 more
2019-10-25 11:08:08,069 [f6cfa8a2-85ff-4bb9-a246-101c53d2d47b@group-49E82E920F3F-LeaderElection667] INFO  impl.RaftServerImpl (RaftServerImpl.java:setRole(184)) - f6cfa8a2-85ff-4bb9-a246-101c53d2d47b@group-49E82E920F3F: changes role from CANDIDATE to FOLLOWER at term 258 for DISCOVERED_A_NEW_TERM
2019-10-25 11:08:08,069 [f6cfa8a2-85ff-4bb9-a246-101c53d2d47b@group-49E82E920F3F-LeaderElection667] INFO  impl.RoleInfo (RoleInfo.java:shutdownLeaderElection(134)) - f6cfa8a2-85ff-4bb9-a246-101c53d2d47b: shutdown LeaderElection
2019-10-25 11:08:08,070 [f6cfa8a2-85ff-4bb9-a246-101c53d2d47b@group-49E82E920F3F-LeaderElection667] INFO  impl.RoleInfo (RoleInfo.java:updateAndGet(143)) - f6cfa8a2-85ff-4bb9-a246-101c53d2d47b: start FollowerState
2019-10-25 11:08:08,244 [Thread-5288] INFO  impl.FollowerState (FollowerState.java:run(108)) - f6cfa8a2-85ff-4bb9-a246-101c53d2d47b@group-49E82E920F3F-FollowerState: change to CANDIDATE, lastRpcTime:174ms, electionTimeout:174ms
2019-10-25 11:08:08,244 [Thread-5288] INFO  impl.RoleInfo (RoleInfo.java:shutdownFollowerState(121)) - f6cfa8a2-85ff-4bb9-a246-101c53d2d47b: shutdown FollowerState
2019-10-25 11:08:08,244 [Thread-5288] INFO  impl.RaftServerImpl (RaftServerImpl.java:setRole(184)) - f6cfa8a2-85ff-4bb9-a246-101c53d2d47b@group-49E82E920F3F: changes role from  FOLLOWER to CANDIDATE at term 258 for changeToCandidate
2019-10-25 11:08:08,244 [Thread-5288] INFO  impl.RoleInfo (RoleInfo.java:updateAndGet(143)) - f6cfa8a2-85ff-4bb9-a246-101c53d2d47b: start LeaderElection
2019-10-25 11:08:08,257 [f6cfa8a2-85ff-4bb9-a246-101c53d2d47b@group-49E82E920F3F-LeaderElection668] INFO  impl.LeaderElection (LeaderElection.java:askForVotes(178)) - f6cfa8a2-85ff-4bb9-a246-101c53d2d47b@group-49E82E920F3F-LeaderElection668: begin an election at term 259 for -1: [7fad1e98-7a6b-4998-a30c-ec1ab88068bc:192.168.157.233:35716, bdb27072-dd00-4d3b-a7da-41600e490ca3:192.168.157.233:42906, f6cfa8a2-85ff-4bb9-a246-101c53d2d47b:192.168.157.233:44618], old=null
2019-10-25 11:08:08,258 [f6cfa8a2-85ff-4bb9-a246-101c53d2d47b@group-49E82E920F3F-LeaderElection668] INFO  impl.LeaderElection (LogUtils.java:infoOrTrace(149)) - f6cfa8a2-85ff-4bb9-a246-101c53d2d47b@group-49E82E920F3F-LeaderElection668 got exception when requesting votes: {}
java.util.concurrent.ExecutionException: org.apache.ratis.thirdparty.io.grpc.StatusRuntimeException: UNAVAILABLE: io exception
	at java.util.concurrent.FutureTask.report(FutureTask.java:122)
	at java.util.concurrent.FutureTask.get(FutureTask.java:192)
	at org.apache.ratis.server.impl.LeaderElection.waitForResults(LeaderElection.java:259)
	at org.apache.ratis.server.impl.LeaderElection.askForVotes(LeaderElection.java:197)
	at org.apache.ratis.server.impl.LeaderElection.run(LeaderElection.java:133)
	at java.lang.Thread.run(Thread.java:748)
Caused by: org.apache.ratis.thirdparty.io.grpc.StatusRuntimeException: UNAVAILABLE: io exception
	at org.apache.ratis.thirdparty.io.grpc.stub.ClientCalls.toStatusRuntimeException(ClientCalls.java:233)
	at org.apache.ratis.thirdparty.io.grpc.stub.ClientCalls.getUnchecked(ClientCalls.java:214)
	at org.apache.ratis.thirdparty.io.grpc.stub.ClientCalls.blockingUnaryCall(ClientCalls.java:139)
	at org.apache.ratis.proto.grpc.RaftServerProtocolServiceGrpc$RaftServerProtocolServiceBlockingStub.requestVote(RaftServerProtocolServiceGrpc.java:265)
	at org.apache.ratis.grpc.server.GrpcServerProtocolClient.requestVote(GrpcServerProtocolClient.java:99)
	at org.apache.ratis.grpc.server.GrpcService.requestVote(GrpcService.java:204)
	at org.apache.ratis.server.impl.LeaderElection.lambda$submitRequests$1(LeaderElection.java:234)
	at java.util.concurrent.FutureTask.run(FutureTask.java:266)
	at java.util.concurrent.Executors$RunnableAdapter.call(Executors.java:511)
	at java.util.concurrent.FutureTask.run(FutureTask.java:266)
	at java.util.concurrent.ThreadPoolExecutor.runWorker(ThreadPoolExecutor.java:1149)
	at java.util.concurrent.ThreadPoolExecutor$Worker.run(ThreadPoolExecutor.java:624)
	... 1 more
Caused by: org.apache.ratis.thirdparty.io.netty.channel.AbstractChannel$AnnotatedConnectException: Connection refused: /192.168.157.233:35716
	at sun.nio.ch.SocketChannelImpl.checkConnect(Native Method)
	at sun.nio.ch.SocketChannelImpl.finishConnect(SocketChannelImpl.java:717)
	at org.apache.ratis.thirdparty.io.netty.channel.socket.nio.NioSocketChannel.doFinishConnect(NioSocketChannel.java:327)
	at org.apache.ratis.thirdparty.io.netty.channel.nio.AbstractNioChannel$AbstractNioUnsafe.finishConnect(AbstractNioChannel.java:340)
	at org.apache.ratis.thirdparty.io.netty.channel.nio.NioEventLoop.processSelectedKey(NioEventLoop.java:632)
	at org.apache.ratis.thirdparty.io.netty.channel.nio.NioEventLoop.processSelectedKeysOptimized(NioEventLoop.java:579)
	at org.apache.ratis.thirdparty.io.netty.channel.nio.NioEventLoop.processSelectedKeys(NioEventLoop.java:496)
	at org.apache.ratis.thirdparty.io.netty.channel.nio.NioEventLoop.run(NioEventLoop.java:458)
	at org.apache.ratis.thirdparty.io.netty.util.concurrent.SingleThreadEventExecutor$5.run(SingleThreadEventExecutor.java:897)
	at org.apache.ratis.thirdparty.io.netty.util.concurrent.FastThreadLocalRunnable.run(FastThreadLocalRunnable.java:30)
	... 1 more
Caused by: java.net.ConnectException: Connection refused
	... 11 more
2019-10-25 11:08:08,259 [f6cfa8a2-85ff-4bb9-a246-101c53d2d47b@group-49E82E920F3F-LeaderElection668] INFO  impl.LeaderElection (LogUtils.java:infoOrTrace(149)) - f6cfa8a2-85ff-4bb9-a246-101c53d2d47b@group-49E82E920F3F-LeaderElection668 got exception when requesting votes: {}
java.util.concurrent.ExecutionException: org.apache.ratis.thirdparty.io.grpc.StatusRuntimeException: UNAVAILABLE: io exception
	at java.util.concurrent.FutureTask.report(FutureTask.java:122)
	at java.util.concurrent.FutureTask.get(FutureTask.java:192)
	at org.apache.ratis.server.impl.LeaderElection.waitForResults(LeaderElection.java:259)
	at org.apache.ratis.server.impl.LeaderElection.askForVotes(LeaderElection.java:197)
	at org.apache.ratis.server.impl.LeaderElection.run(LeaderElection.java:133)
	at java.lang.Thread.run(Thread.java:748)
Caused by: org.apache.ratis.thirdparty.io.grpc.StatusRuntimeException: UNAVAILABLE: io exception
	at org.apache.ratis.thirdparty.io.grpc.stub.ClientCalls.toStatusRuntimeException(ClientCalls.java:233)
	at org.apache.ratis.thirdparty.io.grpc.stub.ClientCalls.getUnchecked(ClientCalls.java:214)
	at org.apache.ratis.thirdparty.io.grpc.stub.ClientCalls.blockingUnaryCall(ClientCalls.java:139)
	at org.apache.ratis.proto.grpc.RaftServerProtocolServiceGrpc$RaftServerProtocolServiceBlockingStub.requestVote(RaftServerProtocolServiceGrpc.java:265)
	at org.apache.ratis.grpc.server.GrpcServerProtocolClient.requestVote(GrpcServerProtocolClient.java:99)
	at org.apache.ratis.grpc.server.GrpcService.requestVote(GrpcService.java:204)
	at org.apache.ratis.server.impl.LeaderElection.lambda$submitRequests$1(LeaderElection.java:234)
	at java.util.concurrent.FutureTask.run(FutureTask.java:266)
	at java.util.concurrent.Executors$RunnableAdapter.call(Executors.java:511)
	at java.util.concurrent.FutureTask.run(FutureTask.java:266)
	at java.util.concurrent.ThreadPoolExecutor.runWorker(ThreadPoolExecutor.java:1149)
	at java.util.concurrent.ThreadPoolExecutor$Worker.run(ThreadPoolExecutor.java:624)
	... 1 more
Caused by: org.apache.ratis.thirdparty.io.netty.channel.AbstractChannel$AnnotatedConnectException: Connection refused: /192.168.157.233:42906
	at sun.nio.ch.SocketChannelImpl.checkConnect(Native Method)
	at sun.nio.ch.SocketChannelImpl.finishConnect(SocketChannelImpl.java:717)
	at org.apache.ratis.thirdparty.io.netty.channel.socket.nio.NioSocketChannel.doFinishConnect(NioSocketChannel.java:327)
	at org.apache.ratis.thirdparty.io.netty.channel.nio.AbstractNioChannel$AbstractNioUnsafe.finishConnect(AbstractNioChannel.java:340)
	at org.apache.ratis.thirdparty.io.netty.channel.nio.NioEventLoop.processSelectedKey(NioEventLoop.java:632)
	at org.apache.ratis.thirdparty.io.netty.channel.nio.NioEventLoop.processSelectedKeysOptimized(NioEventLoop.java:579)
	at org.apache.ratis.thirdparty.io.netty.channel.nio.NioEventLoop.processSelectedKeys(NioEventLoop.java:496)
	at org.apache.ratis.thirdparty.io.netty.channel.nio.NioEventLoop.run(NioEventLoop.java:458)
	at org.apache.ratis.thirdparty.io.netty.util.concurrent.SingleThreadEventExecutor$5.run(SingleThreadEventExecutor.java:897)
	at org.apache.ratis.thirdparty.io.netty.util.concurrent.FastThreadLocalRunnable.run(FastThreadLocalRunnable.java:30)
	... 1 more
Caused by: java.net.ConnectException: Connection refused
	... 11 more
2019-10-25 11:08:08,260 [f6cfa8a2-85ff-4bb9-a246-101c53d2d47b@group-49E82E920F3F-LeaderElection668] INFO  impl.LeaderElection (LeaderElection.java:logAndReturn(56)) - f6cfa8a2-85ff-4bb9-a246-101c53d2d47b@group-49E82E920F3F-LeaderElection668: Election REJECTED; received 0 response(s) [] and 2 exception(s); f6cfa8a2-85ff-4bb9-a246-101c53d2d47b@group-49E82E920F3F:t259, leader=null, voted=f6cfa8a2-85ff-4bb9-a246-101c53d2d47b, raftlog=f6cfa8a2-85ff-4bb9-a246-101c53d2d47b@group-49E82E920F3F-SegmentedRaftLog:OPENED:c-1,f-1,i0, conf=-1: [7fad1e98-7a6b-4998-a30c-ec1ab88068bc:192.168.157.233:35716, bdb27072-dd00-4d3b-a7da-41600e490ca3:192.168.157.233:42906, f6cfa8a2-85ff-4bb9-a246-101c53d2d47b:192.168.157.233:44618], old=null
2019-10-25 11:08:08,260 [f6cfa8a2-85ff-4bb9-a246-101c53d2d47b@group-49E82E920F3F-LeaderElection668] INFO  impl.LeaderElection (LogUtils.java:infoOrTrace(149)) -   Exception 0: {}
java.util.concurrent.ExecutionException: org.apache.ratis.thirdparty.io.grpc.StatusRuntimeException: UNAVAILABLE: io exception
	at java.util.concurrent.FutureTask.report(FutureTask.java:122)
	at java.util.concurrent.FutureTask.get(FutureTask.java:192)
	at org.apache.ratis.server.impl.LeaderElection.waitForResults(LeaderElection.java:259)
	at org.apache.ratis.server.impl.LeaderElection.askForVotes(LeaderElection.java:197)
	at org.apache.ratis.server.impl.LeaderElection.run(LeaderElection.java:133)
	at java.lang.Thread.run(Thread.java:748)
Caused by: org.apache.ratis.thirdparty.io.grpc.StatusRuntimeException: UNAVAILABLE: io exception
	at org.apache.ratis.thirdparty.io.grpc.stub.ClientCalls.toStatusRuntimeException(ClientCalls.java:233)
	at org.apache.ratis.thirdparty.io.grpc.stub.ClientCalls.getUnchecked(ClientCalls.java:214)
	at org.apache.ratis.thirdparty.io.grpc.stub.ClientCalls.blockingUnaryCall(ClientCalls.java:139)
	at org.apache.ratis.proto.grpc.RaftServerProtocolServiceGrpc$RaftServerProtocolServiceBlockingStub.requestVote(RaftServerProtocolServiceGrpc.java:265)
	at org.apache.ratis.grpc.server.GrpcServerProtocolClient.requestVote(GrpcServerProtocolClient.java:99)
	at org.apache.ratis.grpc.server.GrpcService.requestVote(GrpcService.java:204)
	at org.apache.ratis.server.impl.LeaderElection.lambda$submitRequests$1(LeaderElection.java:234)
	at java.util.concurrent.FutureTask.run(FutureTask.java:266)
	at java.util.concurrent.Executors$RunnableAdapter.call(Executors.java:511)
	at java.util.concurrent.FutureTask.run(FutureTask.java:266)
	at java.util.concurrent.ThreadPoolExecutor.runWorker(ThreadPoolExecutor.java:1149)
	at java.util.concurrent.ThreadPoolExecutor$Worker.run(ThreadPoolExecutor.java:624)
	... 1 more
Caused by: org.apache.ratis.thirdparty.io.netty.channel.AbstractChannel$AnnotatedConnectException: Connection refused: /192.168.157.233:35716
	at sun.nio.ch.SocketChannelImpl.checkConnect(Native Method)
	at sun.nio.ch.SocketChannelImpl.finishConnect(SocketChannelImpl.java:717)
	at org.apache.ratis.thirdparty.io.netty.channel.socket.nio.NioSocketChannel.doFinishConnect(NioSocketChannel.java:327)
	at org.apache.ratis.thirdparty.io.netty.channel.nio.AbstractNioChannel$AbstractNioUnsafe.finishConnect(AbstractNioChannel.java:340)
	at org.apache.ratis.thirdparty.io.netty.channel.nio.NioEventLoop.processSelectedKey(NioEventLoop.java:632)
	at org.apache.ratis.thirdparty.io.netty.channel.nio.NioEventLoop.processSelectedKeysOptimized(NioEventLoop.java:579)
	at org.apache.ratis.thirdparty.io.netty.channel.nio.NioEventLoop.processSelectedKeys(NioEventLoop.java:496)
	at org.apache.ratis.thirdparty.io.netty.channel.nio.NioEventLoop.run(NioEventLoop.java:458)
	at org.apache.ratis.thirdparty.io.netty.util.concurrent.SingleThreadEventExecutor$5.run(SingleThreadEventExecutor.java:897)
	at org.apache.ratis.thirdparty.io.netty.util.concurrent.FastThreadLocalRunnable.run(FastThreadLocalRunnable.java:30)
	... 1 more
Caused by: java.net.ConnectException: Connection refused
	... 11 more
2019-10-25 11:08:08,260 [f6cfa8a2-85ff-4bb9-a246-101c53d2d47b@group-49E82E920F3F-LeaderElection668] INFO  impl.LeaderElection (LogUtils.java:infoOrTrace(149)) -   Exception 1: {}
java.util.concurrent.ExecutionException: org.apache.ratis.thirdparty.io.grpc.StatusRuntimeException: UNAVAILABLE: io exception
	at java.util.concurrent.FutureTask.report(FutureTask.java:122)
	at java.util.concurrent.FutureTask.get(FutureTask.java:192)
	at org.apache.ratis.server.impl.LeaderElection.waitForResults(LeaderElection.java:259)
	at org.apache.ratis.server.impl.LeaderElection.askForVotes(LeaderElection.java:197)
	at org.apache.ratis.server.impl.LeaderElection.run(LeaderElection.java:133)
	at java.lang.Thread.run(Thread.java:748)
Caused by: org.apache.ratis.thirdparty.io.grpc.StatusRuntimeException: UNAVAILABLE: io exception
	at org.apache.ratis.thirdparty.io.grpc.stub.ClientCalls.toStatusRuntimeException(ClientCalls.java:233)
	at org.apache.ratis.thirdparty.io.grpc.stub.ClientCalls.getUnchecked(ClientCalls.java:214)
	at org.apache.ratis.thirdparty.io.grpc.stub.ClientCalls.blockingUnaryCall(ClientCalls.java:139)
	at org.apache.ratis.proto.grpc.RaftServerProtocolServiceGrpc$RaftServerProtocolServiceBlockingStub.requestVote(RaftServerProtocolServiceGrpc.java:265)
	at org.apache.ratis.grpc.server.GrpcServerProtocolClient.requestVote(GrpcServerProtocolClient.java:99)
	at org.apache.ratis.grpc.server.GrpcService.requestVote(GrpcService.java:204)
	at org.apache.ratis.server.impl.LeaderElection.lambda$submitRequests$1(LeaderElection.java:234)
	at java.util.concurrent.FutureTask.run(FutureTask.java:266)
	at java.util.concurrent.Executors$RunnableAdapter.call(Executors.java:511)
	at java.util.concurrent.FutureTask.run(FutureTask.java:266)
	at java.util.concurrent.ThreadPoolExecutor.runWorker(ThreadPoolExecutor.java:1149)
	at java.util.concurrent.ThreadPoolExecutor$Worker.run(ThreadPoolExecutor.java:624)
	... 1 more
Caused by: org.apache.ratis.thirdparty.io.netty.channel.AbstractChannel$AnnotatedConnectException: Connection refused: /192.168.157.233:42906
	at sun.nio.ch.SocketChannelImpl.checkConnect(Native Method)
	at sun.nio.ch.SocketChannelImpl.finishConnect(SocketChannelImpl.java:717)
	at org.apache.ratis.thirdparty.io.netty.channel.socket.nio.NioSocketChannel.doFinishConnect(NioSocketChannel.java:327)
	at org.apache.ratis.thirdparty.io.netty.channel.nio.AbstractNioChannel$AbstractNioUnsafe.finishConnect(AbstractNioChannel.java:340)
	at org.apache.ratis.thirdparty.io.netty.channel.nio.NioEventLoop.processSelectedKey(NioEventLoop.java:632)
	at org.apache.ratis.thirdparty.io.netty.channel.nio.NioEventLoop.processSelectedKeysOptimized(NioEventLoop.java:579)
	at org.apache.ratis.thirdparty.io.netty.channel.nio.NioEventLoop.processSelectedKeys(NioEventLoop.java:496)
	at org.apache.ratis.thirdparty.io.netty.channel.nio.NioEventLoop.run(NioEventLoop.java:458)
	at org.apache.ratis.thirdparty.io.netty.util.concurrent.SingleThreadEventExecutor$5.run(SingleThreadEventExecutor.java:897)
	at org.apache.ratis.thirdparty.io.netty.util.concurrent.FastThreadLocalRunnable.run(FastThreadLocalRunnable.java:30)
	... 1 more
Caused by: java.net.ConnectException: Connection refused
	... 11 more
2019-10-25 11:08:08,261 [f6cfa8a2-85ff-4bb9-a246-101c53d2d47b@group-49E82E920F3F-LeaderElection668] INFO  impl.RaftServerImpl (RaftServerImpl.java:setRole(184)) - f6cfa8a2-85ff-4bb9-a246-101c53d2d47b@group-49E82E920F3F: changes role from CANDIDATE to FOLLOWER at term 259 for DISCOVERED_A_NEW_TERM
2019-10-25 11:08:08,261 [f6cfa8a2-85ff-4bb9-a246-101c53d2d47b@group-49E82E920F3F-LeaderElection668] INFO  impl.RoleInfo (RoleInfo.java:shutdownLeaderElection(134)) - f6cfa8a2-85ff-4bb9-a246-101c53d2d47b: shutdown LeaderElection
2019-10-25 11:08:08,261 [f6cfa8a2-85ff-4bb9-a246-101c53d2d47b@group-49E82E920F3F-LeaderElection668] INFO  impl.RoleInfo (RoleInfo.java:updateAndGet(143)) - f6cfa8a2-85ff-4bb9-a246-101c53d2d47b: start FollowerState
2019-10-25 11:08:08,294 [Thread-5294] INFO  impl.FollowerState (FollowerState.java:run(108)) - f6cfa8a2-85ff-4bb9-a246-101c53d2d47b@group-49E82E920F3F-FollowerState: change to CANDIDATE, lastRpcTime:33ms, electionTimeout:33ms
2019-10-25 11:08:08,294 [Thread-5294] INFO  impl.RoleInfo (RoleInfo.java:shutdownFollowerState(121)) - f6cfa8a2-85ff-4bb9-a246-101c53d2d47b: shutdown FollowerState
2019-10-25 11:08:08,295 [Thread-5294] INFO  impl.RaftServerImpl (RaftServerImpl.java:setRole(184)) - f6cfa8a2-85ff-4bb9-a246-101c53d2d47b@group-49E82E920F3F: changes role from  FOLLOWER to CANDIDATE at term 259 for changeToCandidate
2019-10-25 11:08:08,295 [Thread-5294] INFO  impl.RoleInfo (RoleInfo.java:updateAndGet(143)) - f6cfa8a2-85ff-4bb9-a246-101c53d2d47b: start LeaderElection
2019-10-25 11:08:08,308 [f6cfa8a2-85ff-4bb9-a246-101c53d2d47b@group-49E82E920F3F-LeaderElection669] INFO  impl.LeaderElection (LeaderElection.java:askForVotes(178)) - f6cfa8a2-85ff-4bb9-a246-101c53d2d47b@group-49E82E920F3F-LeaderElection669: begin an election at term 260 for -1: [7fad1e98-7a6b-4998-a30c-ec1ab88068bc:192.168.157.233:35716, bdb27072-dd00-4d3b-a7da-41600e490ca3:192.168.157.233:42906, f6cfa8a2-85ff-4bb9-a246-101c53d2d47b:192.168.157.233:44618], old=null
2019-10-25 11:08:08,309 [f6cfa8a2-85ff-4bb9-a246-101c53d2d47b@group-49E82E920F3F-LeaderElection669] INFO  impl.LeaderElection (LogUtils.java:infoOrTrace(149)) - f6cfa8a2-85ff-4bb9-a246-101c53d2d47b@group-49E82E920F3F-LeaderElection669 got exception when requesting votes: {}
java.util.concurrent.ExecutionException: org.apache.ratis.thirdparty.io.grpc.StatusRuntimeException: UNAVAILABLE: io exception
	at java.util.concurrent.FutureTask.report(FutureTask.java:122)
	at java.util.concurrent.FutureTask.get(FutureTask.java:192)
	at org.apache.ratis.server.impl.LeaderElection.waitForResults(LeaderElection.java:259)
	at org.apache.ratis.server.impl.LeaderElection.askForVotes(LeaderElection.java:197)
	at org.apache.ratis.server.impl.LeaderElection.run(LeaderElection.java:133)
	at java.lang.Thread.run(Thread.java:748)
Caused by: org.apache.ratis.thirdparty.io.grpc.StatusRuntimeException: UNAVAILABLE: io exception
	at org.apache.ratis.thirdparty.io.grpc.stub.ClientCalls.toStatusRuntimeException(ClientCalls.java:233)
	at org.apache.ratis.thirdparty.io.grpc.stub.ClientCalls.getUnchecked(ClientCalls.java:214)
	at org.apache.ratis.thirdparty.io.grpc.stub.ClientCalls.blockingUnaryCall(ClientCalls.java:139)
	at org.apache.ratis.proto.grpc.RaftServerProtocolServiceGrpc$RaftServerProtocolServiceBlockingStub.requestVote(RaftServerProtocolServiceGrpc.java:265)
	at org.apache.ratis.grpc.server.GrpcServerProtocolClient.requestVote(GrpcServerProtocolClient.java:99)
	at org.apache.ratis.grpc.server.GrpcService.requestVote(GrpcService.java:204)
	at org.apache.ratis.server.impl.LeaderElection.lambda$submitRequests$1(LeaderElection.java:234)
	at java.util.concurrent.FutureTask.run(FutureTask.java:266)
	at java.util.concurrent.Executors$RunnableAdapter.call(Executors.java:511)
	at java.util.concurrent.FutureTask.run(FutureTask.java:266)
	at java.util.concurrent.ThreadPoolExecutor.runWorker(ThreadPoolExecutor.java:1149)
	at java.util.concurrent.ThreadPoolExecutor$Worker.run(ThreadPoolExecutor.java:624)
	... 1 more
Caused by: org.apache.ratis.thirdparty.io.netty.channel.AbstractChannel$AnnotatedConnectException: Connection refused: /192.168.157.233:35716
	at sun.nio.ch.SocketChannelImpl.checkConnect(Native Method)
	at sun.nio.ch.SocketChannelImpl.finishConnect(SocketChannelImpl.java:717)
	at org.apache.ratis.thirdparty.io.netty.channel.socket.nio.NioSocketChannel.doFinishConnect(NioSocketChannel.java:327)
	at org.apache.ratis.thirdparty.io.netty.channel.nio.AbstractNioChannel$AbstractNioUnsafe.finishConnect(AbstractNioChannel.java:340)
	at org.apache.ratis.thirdparty.io.netty.channel.nio.NioEventLoop.processSelectedKey(NioEventLoop.java:632)
	at org.apache.ratis.thirdparty.io.netty.channel.nio.NioEventLoop.processSelectedKeysOptimized(NioEventLoop.java:579)
	at org.apache.ratis.thirdparty.io.netty.channel.nio.NioEventLoop.processSelectedKeys(NioEventLoop.java:496)
	at org.apache.ratis.thirdparty.io.netty.channel.nio.NioEventLoop.run(NioEventLoop.java:458)
	at org.apache.ratis.thirdparty.io.netty.util.concurrent.SingleThreadEventExecutor$5.run(SingleThreadEventExecutor.java:897)
	at org.apache.ratis.thirdparty.io.netty.util.concurrent.FastThreadLocalRunnable.run(FastThreadLocalRunnable.java:30)
	... 1 more
Caused by: java.net.ConnectException: Connection refused
	... 11 more
2019-10-25 11:08:08,310 [f6cfa8a2-85ff-4bb9-a246-101c53d2d47b@group-49E82E920F3F-LeaderElection669] INFO  impl.LeaderElection (LogUtils.java:infoOrTrace(149)) - f6cfa8a2-85ff-4bb9-a246-101c53d2d47b@group-49E82E920F3F-LeaderElection669 got exception when requesting votes: {}
java.util.concurrent.ExecutionException: org.apache.ratis.thirdparty.io.grpc.StatusRuntimeException: UNAVAILABLE: io exception
	at java.util.concurrent.FutureTask.report(FutureTask.java:122)
	at java.util.concurrent.FutureTask.get(FutureTask.java:192)
	at org.apache.ratis.server.impl.LeaderElection.waitForResults(LeaderElection.java:259)
	at org.apache.ratis.server.impl.LeaderElection.askForVotes(LeaderElection.java:197)
	at org.apache.ratis.server.impl.LeaderElection.run(LeaderElection.java:133)
	at java.lang.Thread.run(Thread.java:748)
Caused by: org.apache.ratis.thirdparty.io.grpc.StatusRuntimeException: UNAVAILABLE: io exception
	at org.apache.ratis.thirdparty.io.grpc.stub.ClientCalls.toStatusRuntimeException(ClientCalls.java:233)
	at org.apache.ratis.thirdparty.io.grpc.stub.ClientCalls.getUnchecked(ClientCalls.java:214)
	at org.apache.ratis.thirdparty.io.grpc.stub.ClientCalls.blockingUnaryCall(ClientCalls.java:139)
	at org.apache.ratis.proto.grpc.RaftServerProtocolServiceGrpc$RaftServerProtocolServiceBlockingStub.requestVote(RaftServerProtocolServiceGrpc.java:265)
	at org.apache.ratis.grpc.server.GrpcServerProtocolClient.requestVote(GrpcServerProtocolClient.java:99)
	at org.apache.ratis.grpc.server.GrpcService.requestVote(GrpcService.java:204)
	at org.apache.ratis.server.impl.LeaderElection.lambda$submitRequests$1(LeaderElection.java:234)
	at java.util.concurrent.FutureTask.run(FutureTask.java:266)
	at java.util.concurrent.Executors$RunnableAdapter.call(Executors.java:511)
	at java.util.concurrent.FutureTask.run(FutureTask.java:266)
	at java.util.concurrent.ThreadPoolExecutor.runWorker(ThreadPoolExecutor.java:1149)
	at java.util.concurrent.ThreadPoolExecutor$Worker.run(ThreadPoolExecutor.java:624)
	... 1 more
Caused by: org.apache.ratis.thirdparty.io.netty.channel.AbstractChannel$AnnotatedConnectException: Connection refused: /192.168.157.233:42906
	at sun.nio.ch.SocketChannelImpl.checkConnect(Native Method)
	at sun.nio.ch.SocketChannelImpl.finishConnect(SocketChannelImpl.java:717)
	at org.apache.ratis.thirdparty.io.netty.channel.socket.nio.NioSocketChannel.doFinishConnect(NioSocketChannel.java:327)
	at org.apache.ratis.thirdparty.io.netty.channel.nio.AbstractNioChannel$AbstractNioUnsafe.finishConnect(AbstractNioChannel.java:340)
	at org.apache.ratis.thirdparty.io.netty.channel.nio.NioEventLoop.processSelectedKey(NioEventLoop.java:632)
	at org.apache.ratis.thirdparty.io.netty.channel.nio.NioEventLoop.processSelectedKeysOptimized(NioEventLoop.java:579)
	at org.apache.ratis.thirdparty.io.netty.channel.nio.NioEventLoop.processSelectedKeys(NioEventLoop.java:496)
	at org.apache.ratis.thirdparty.io.netty.channel.nio.NioEventLoop.run(NioEventLoop.java:458)
	at org.apache.ratis.thirdparty.io.netty.util.concurrent.SingleThreadEventExecutor$5.run(SingleThreadEventExecutor.java:897)
	at org.apache.ratis.thirdparty.io.netty.util.concurrent.FastThreadLocalRunnable.run(FastThreadLocalRunnable.java:30)
	... 1 more
Caused by: java.net.ConnectException: Connection refused
	... 11 more
2019-10-25 11:08:08,310 [f6cfa8a2-85ff-4bb9-a246-101c53d2d47b@group-49E82E920F3F-LeaderElection669] INFO  impl.LeaderElection (LeaderElection.java:logAndReturn(56)) - f6cfa8a2-85ff-4bb9-a246-101c53d2d47b@group-49E82E920F3F-LeaderElection669: Election REJECTED; received 0 response(s) [] and 2 exception(s); f6cfa8a2-85ff-4bb9-a246-101c53d2d47b@group-49E82E920F3F:t260, leader=null, voted=f6cfa8a2-85ff-4bb9-a246-101c53d2d47b, raftlog=f6cfa8a2-85ff-4bb9-a246-101c53d2d47b@group-49E82E920F3F-SegmentedRaftLog:OPENED:c-1,f-1,i0, conf=-1: [7fad1e98-7a6b-4998-a30c-ec1ab88068bc:192.168.157.233:35716, bdb27072-dd00-4d3b-a7da-41600e490ca3:192.168.157.233:42906, f6cfa8a2-85ff-4bb9-a246-101c53d2d47b:192.168.157.233:44618], old=null
2019-10-25 11:08:08,310 [f6cfa8a2-85ff-4bb9-a246-101c53d2d47b@group-49E82E920F3F-LeaderElection669] INFO  impl.LeaderElection (LogUtils.java:infoOrTrace(149)) -   Exception 0: {}
java.util.concurrent.ExecutionException: org.apache.ratis.thirdparty.io.grpc.StatusRuntimeException: UNAVAILABLE: io exception
	at java.util.concurrent.FutureTask.report(FutureTask.java:122)
	at java.util.concurrent.FutureTask.get(FutureTask.java:192)
	at org.apache.ratis.server.impl.LeaderElection.waitForResults(LeaderElection.java:259)
	at org.apache.ratis.server.impl.LeaderElection.askForVotes(LeaderElection.java:197)
	at org.apache.ratis.server.impl.LeaderElection.run(LeaderElection.java:133)
	at java.lang.Thread.run(Thread.java:748)
Caused by: org.apache.ratis.thirdparty.io.grpc.StatusRuntimeException: UNAVAILABLE: io exception
	at org.apache.ratis.thirdparty.io.grpc.stub.ClientCalls.toStatusRuntimeException(ClientCalls.java:233)
	at org.apache.ratis.thirdparty.io.grpc.stub.ClientCalls.getUnchecked(ClientCalls.java:214)
	at org.apache.ratis.thirdparty.io.grpc.stub.ClientCalls.blockingUnaryCall(ClientCalls.java:139)
	at org.apache.ratis.proto.grpc.RaftServerProtocolServiceGrpc$RaftServerProtocolServiceBlockingStub.requestVote(RaftServerProtocolServiceGrpc.java:265)
	at org.apache.ratis.grpc.server.GrpcServerProtocolClient.requestVote(GrpcServerProtocolClient.java:99)
	at org.apache.ratis.grpc.server.GrpcService.requestVote(GrpcService.java:204)
	at org.apache.ratis.server.impl.LeaderElection.lambda$submitRequests$1(LeaderElection.java:234)
	at java.util.concurrent.FutureTask.run(FutureTask.java:266)
	at java.util.concurrent.Executors$RunnableAdapter.call(Executors.java:511)
	at java.util.concurrent.FutureTask.run(FutureTask.java:266)
	at java.util.concurrent.ThreadPoolExecutor.runWorker(ThreadPoolExecutor.java:1149)
	at java.util.concurrent.ThreadPoolExecutor$Worker.run(ThreadPoolExecutor.java:624)
	... 1 more
Caused by: org.apache.ratis.thirdparty.io.netty.channel.AbstractChannel$AnnotatedConnectException: Connection refused: /192.168.157.233:35716
	at sun.nio.ch.SocketChannelImpl.checkConnect(Native Method)
	at sun.nio.ch.SocketChannelImpl.finishConnect(SocketChannelImpl.java:717)
	at org.apache.ratis.thirdparty.io.netty.channel.socket.nio.NioSocketChannel.doFinishConnect(NioSocketChannel.java:327)
	at org.apache.ratis.thirdparty.io.netty.channel.nio.AbstractNioChannel$AbstractNioUnsafe.finishConnect(AbstractNioChannel.java:340)
	at org.apache.ratis.thirdparty.io.netty.channel.nio.NioEventLoop.processSelectedKey(NioEventLoop.java:632)
	at org.apache.ratis.thirdparty.io.netty.channel.nio.NioEventLoop.processSelectedKeysOptimized(NioEventLoop.java:579)
	at org.apache.ratis.thirdparty.io.netty.channel.nio.NioEventLoop.processSelectedKeys(NioEventLoop.java:496)
	at org.apache.ratis.thirdparty.io.netty.channel.nio.NioEventLoop.run(NioEventLoop.java:458)
	at org.apache.ratis.thirdparty.io.netty.util.concurrent.SingleThreadEventExecutor$5.run(SingleThreadEventExecutor.java:897)
	at org.apache.ratis.thirdparty.io.netty.util.concurrent.FastThreadLocalRunnable.run(FastThreadLocalRunnable.java:30)
	... 1 more
Caused by: java.net.ConnectException: Connection refused
	... 11 more
2019-10-25 11:08:08,311 [f6cfa8a2-85ff-4bb9-a246-101c53d2d47b@group-49E82E920F3F-LeaderElection669] INFO  impl.LeaderElection (LogUtils.java:infoOrTrace(149)) -   Exception 1: {}
java.util.concurrent.ExecutionException: org.apache.ratis.thirdparty.io.grpc.StatusRuntimeException: UNAVAILABLE: io exception
	at java.util.concurrent.FutureTask.report(FutureTask.java:122)
	at java.util.concurrent.FutureTask.get(FutureTask.java:192)
	at org.apache.ratis.server.impl.LeaderElection.waitForResults(LeaderElection.java:259)
	at org.apache.ratis.server.impl.LeaderElection.askForVotes(LeaderElection.java:197)
	at org.apache.ratis.server.impl.LeaderElection.run(LeaderElection.java:133)
	at java.lang.Thread.run(Thread.java:748)
Caused by: org.apache.ratis.thirdparty.io.grpc.StatusRuntimeException: UNAVAILABLE: io exception
	at org.apache.ratis.thirdparty.io.grpc.stub.ClientCalls.toStatusRuntimeException(ClientCalls.java:233)
	at org.apache.ratis.thirdparty.io.grpc.stub.ClientCalls.getUnchecked(ClientCalls.java:214)
	at org.apache.ratis.thirdparty.io.grpc.stub.ClientCalls.blockingUnaryCall(ClientCalls.java:139)
	at org.apache.ratis.proto.grpc.RaftServerProtocolServiceGrpc$RaftServerProtocolServiceBlockingStub.requestVote(RaftServerProtocolServiceGrpc.java:265)
	at org.apache.ratis.grpc.server.GrpcServerProtocolClient.requestVote(GrpcServerProtocolClient.java:99)
	at org.apache.ratis.grpc.server.GrpcService.requestVote(GrpcService.java:204)
	at org.apache.ratis.server.impl.LeaderElection.lambda$submitRequests$1(LeaderElection.java:234)
	at java.util.concurrent.FutureTask.run(FutureTask.java:266)
	at java.util.concurrent.Executors$RunnableAdapter.call(Executors.java:511)
	at java.util.concurrent.FutureTask.run(FutureTask.java:266)
	at java.util.concurrent.ThreadPoolExecutor.runWorker(ThreadPoolExecutor.java:1149)
	at java.util.concurrent.ThreadPoolExecutor$Worker.run(ThreadPoolExecutor.java:624)
	... 1 more
Caused by: org.apache.ratis.thirdparty.io.netty.channel.AbstractChannel$AnnotatedConnectException: Connection refused: /192.168.157.233:42906
	at sun.nio.ch.SocketChannelImpl.checkConnect(Native Method)
	at sun.nio.ch.SocketChannelImpl.finishConnect(SocketChannelImpl.java:717)
	at org.apache.ratis.thirdparty.io.netty.channel.socket.nio.NioSocketChannel.doFinishConnect(NioSocketChannel.java:327)
	at org.apache.ratis.thirdparty.io.netty.channel.nio.AbstractNioChannel$AbstractNioUnsafe.finishConnect(AbstractNioChannel.java:340)
	at org.apache.ratis.thirdparty.io.netty.channel.nio.NioEventLoop.processSelectedKey(NioEventLoop.java:632)
	at org.apache.ratis.thirdparty.io.netty.channel.nio.NioEventLoop.processSelectedKeysOptimized(NioEventLoop.java:579)
	at org.apache.ratis.thirdparty.io.netty.channel.nio.NioEventLoop.processSelectedKeys(NioEventLoop.java:496)
	at org.apache.ratis.thirdparty.io.netty.channel.nio.NioEventLoop.run(NioEventLoop.java:458)
	at org.apache.ratis.thirdparty.io.netty.util.concurrent.SingleThreadEventExecutor$5.run(SingleThreadEventExecutor.java:897)
	at org.apache.ratis.thirdparty.io.netty.util.concurrent.FastThreadLocalRunnable.run(FastThreadLocalRunnable.java:30)
	... 1 more
Caused by: java.net.ConnectException: Connection refused
	... 11 more
2019-10-25 11:08:08,311 [f6cfa8a2-85ff-4bb9-a246-101c53d2d47b@group-49E82E920F3F-LeaderElection669] INFO  impl.RaftServerImpl (RaftServerImpl.java:setRole(184)) - f6cfa8a2-85ff-4bb9-a246-101c53d2d47b@group-49E82E920F3F: changes role from CANDIDATE to FOLLOWER at term 260 for DISCOVERED_A_NEW_TERM
2019-10-25 11:08:08,311 [f6cfa8a2-85ff-4bb9-a246-101c53d2d47b@group-49E82E920F3F-LeaderElection669] INFO  impl.RoleInfo (RoleInfo.java:shutdownLeaderElection(134)) - f6cfa8a2-85ff-4bb9-a246-101c53d2d47b: shutdown LeaderElection
2019-10-25 11:08:08,311 [f6cfa8a2-85ff-4bb9-a246-101c53d2d47b@group-49E82E920F3F-LeaderElection669] INFO  impl.RoleInfo (RoleInfo.java:updateAndGet(143)) - f6cfa8a2-85ff-4bb9-a246-101c53d2d47b: start FollowerState
2019-10-25 11:08:08,357 [Thread-5298] INFO  impl.FollowerState (FollowerState.java:run(108)) - f6cfa8a2-85ff-4bb9-a246-101c53d2d47b@group-49E82E920F3F-FollowerState: change to CANDIDATE, lastRpcTime:45ms, electionTimeout:45ms
2019-10-25 11:08:08,357 [Thread-5298] INFO  impl.RoleInfo (RoleInfo.java:shutdownFollowerState(121)) - f6cfa8a2-85ff-4bb9-a246-101c53d2d47b: shutdown FollowerState
2019-10-25 11:08:08,357 [Thread-5298] INFO  impl.RaftServerImpl (RaftServerImpl.java:setRole(184)) - f6cfa8a2-85ff-4bb9-a246-101c53d2d47b@group-49E82E920F3F: changes role from  FOLLOWER to CANDIDATE at term 260 for changeToCandidate
2019-10-25 11:08:08,357 [Thread-5298] INFO  impl.RoleInfo (RoleInfo.java:updateAndGet(143)) - f6cfa8a2-85ff-4bb9-a246-101c53d2d47b: start LeaderElection
2019-10-25 11:08:08,370 [f6cfa8a2-85ff-4bb9-a246-101c53d2d47b@group-49E82E920F3F-LeaderElection670] INFO  impl.LeaderElection (LeaderElection.java:askForVotes(178)) - f6cfa8a2-85ff-4bb9-a246-101c53d2d47b@group-49E82E920F3F-LeaderElection670: begin an election at term 261 for -1: [7fad1e98-7a6b-4998-a30c-ec1ab88068bc:192.168.157.233:35716, bdb27072-dd00-4d3b-a7da-41600e490ca3:192.168.157.233:42906, f6cfa8a2-85ff-4bb9-a246-101c53d2d47b:192.168.157.233:44618], old=null
2019-10-25 11:08:08,371 [f6cfa8a2-85ff-4bb9-a246-101c53d2d47b@group-49E82E920F3F-LeaderElection670] INFO  impl.LeaderElection (LogUtils.java:infoOrTrace(149)) - f6cfa8a2-85ff-4bb9-a246-101c53d2d47b@group-49E82E920F3F-LeaderElection670 got exception when requesting votes: {}
java.util.concurrent.ExecutionException: org.apache.ratis.thirdparty.io.grpc.StatusRuntimeException: UNAVAILABLE: io exception
	at java.util.concurrent.FutureTask.report(FutureTask.java:122)
	at java.util.concurrent.FutureTask.get(FutureTask.java:192)
	at org.apache.ratis.server.impl.LeaderElection.waitForResults(LeaderElection.java:259)
	at org.apache.ratis.server.impl.LeaderElection.askForVotes(LeaderElection.java:197)
	at org.apache.ratis.server.impl.LeaderElection.run(LeaderElection.java:133)
	at java.lang.Thread.run(Thread.java:748)
Caused by: org.apache.ratis.thirdparty.io.grpc.StatusRuntimeException: UNAVAILABLE: io exception
	at org.apache.ratis.thirdparty.io.grpc.stub.ClientCalls.toStatusRuntimeException(ClientCalls.java:233)
	at org.apache.ratis.thirdparty.io.grpc.stub.ClientCalls.getUnchecked(ClientCalls.java:214)
	at org.apache.ratis.thirdparty.io.grpc.stub.ClientCalls.blockingUnaryCall(ClientCalls.java:139)
	at org.apache.ratis.proto.grpc.RaftServerProtocolServiceGrpc$RaftServerProtocolServiceBlockingStub.requestVote(RaftServerProtocolServiceGrpc.java:265)
	at org.apache.ratis.grpc.server.GrpcServerProtocolClient.requestVote(GrpcServerProtocolClient.java:99)
	at org.apache.ratis.grpc.server.GrpcService.requestVote(GrpcService.java:204)
	at org.apache.ratis.server.impl.LeaderElection.lambda$submitRequests$1(LeaderElection.java:234)
	at java.util.concurrent.FutureTask.run(FutureTask.java:266)
	at java.util.concurrent.Executors$RunnableAdapter.call(Executors.java:511)
	at java.util.concurrent.FutureTask.run(FutureTask.java:266)
	at java.util.concurrent.ThreadPoolExecutor.runWorker(ThreadPoolExecutor.java:1149)
	at java.util.concurrent.ThreadPoolExecutor$Worker.run(ThreadPoolExecutor.java:624)
	... 1 more
Caused by: org.apache.ratis.thirdparty.io.netty.channel.AbstractChannel$AnnotatedConnectException: Connection refused: /192.168.157.233:42906
	at sun.nio.ch.SocketChannelImpl.checkConnect(Native Method)
	at sun.nio.ch.SocketChannelImpl.finishConnect(SocketChannelImpl.java:717)
	at org.apache.ratis.thirdparty.io.netty.channel.socket.nio.NioSocketChannel.doFinishConnect(NioSocketChannel.java:327)
	at org.apache.ratis.thirdparty.io.netty.channel.nio.AbstractNioChannel$AbstractNioUnsafe.finishConnect(AbstractNioChannel.java:340)
	at org.apache.ratis.thirdparty.io.netty.channel.nio.NioEventLoop.processSelectedKey(NioEventLoop.java:632)
	at org.apache.ratis.thirdparty.io.netty.channel.nio.NioEventLoop.processSelectedKeysOptimized(NioEventLoop.java:579)
	at org.apache.ratis.thirdparty.io.netty.channel.nio.NioEventLoop.processSelectedKeys(NioEventLoop.java:496)
	at org.apache.ratis.thirdparty.io.netty.channel.nio.NioEventLoop.run(NioEventLoop.java:458)
	at org.apache.ratis.thirdparty.io.netty.util.concurrent.SingleThreadEventExecutor$5.run(SingleThreadEventExecutor.java:897)
	at org.apache.ratis.thirdparty.io.netty.util.concurrent.FastThreadLocalRunnable.run(FastThreadLocalRunnable.java:30)
	... 1 more
Caused by: java.net.ConnectException: Connection refused
	... 11 more
2019-10-25 11:08:08,372 [f6cfa8a2-85ff-4bb9-a246-101c53d2d47b@group-49E82E920F3F-LeaderElection670] INFO  impl.LeaderElection (LogUtils.java:infoOrTrace(149)) - f6cfa8a2-85ff-4bb9-a246-101c53d2d47b@group-49E82E920F3F-LeaderElection670 got exception when requesting votes: {}
java.util.concurrent.ExecutionException: org.apache.ratis.thirdparty.io.grpc.StatusRuntimeException: UNAVAILABLE: io exception
	at java.util.concurrent.FutureTask.report(FutureTask.java:122)
	at java.util.concurrent.FutureTask.get(FutureTask.java:192)
	at org.apache.ratis.server.impl.LeaderElection.waitForResults(LeaderElection.java:259)
	at org.apache.ratis.server.impl.LeaderElection.askForVotes(LeaderElection.java:197)
	at org.apache.ratis.server.impl.LeaderElection.run(LeaderElection.java:133)
	at java.lang.Thread.run(Thread.java:748)
Caused by: org.apache.ratis.thirdparty.io.grpc.StatusRuntimeException: UNAVAILABLE: io exception
	at org.apache.ratis.thirdparty.io.grpc.stub.ClientCalls.toStatusRuntimeException(ClientCalls.java:233)
	at org.apache.ratis.thirdparty.io.grpc.stub.ClientCalls.getUnchecked(ClientCalls.java:214)
	at org.apache.ratis.thirdparty.io.grpc.stub.ClientCalls.blockingUnaryCall(ClientCalls.java:139)
	at org.apache.ratis.proto.grpc.RaftServerProtocolServiceGrpc$RaftServerProtocolServiceBlockingStub.requestVote(RaftServerProtocolServiceGrpc.java:265)
	at org.apache.ratis.grpc.server.GrpcServerProtocolClient.requestVote(GrpcServerProtocolClient.java:99)
	at org.apache.ratis.grpc.server.GrpcService.requestVote(GrpcService.java:204)
	at org.apache.ratis.server.impl.LeaderElection.lambda$submitRequests$1(LeaderElection.java:234)
	at java.util.concurrent.FutureTask.run(FutureTask.java:266)
	at java.util.concurrent.Executors$RunnableAdapter.call(Executors.java:511)
	at java.util.concurrent.FutureTask.run(FutureTask.java:266)
	at java.util.concurrent.ThreadPoolExecutor.runWorker(ThreadPoolExecutor.java:1149)
	at java.util.concurrent.ThreadPoolExecutor$Worker.run(ThreadPoolExecutor.java:624)
	... 1 more
Caused by: org.apache.ratis.thirdparty.io.netty.channel.AbstractChannel$AnnotatedConnectException: Connection refused: /192.168.157.233:35716
	at sun.nio.ch.SocketChannelImpl.checkConnect(Native Method)
	at sun.nio.ch.SocketChannelImpl.finishConnect(SocketChannelImpl.java:717)
	at org.apache.ratis.thirdparty.io.netty.channel.socket.nio.NioSocketChannel.doFinishConnect(NioSocketChannel.java:327)
	at org.apache.ratis.thirdparty.io.netty.channel.nio.AbstractNioChannel$AbstractNioUnsafe.finishConnect(AbstractNioChannel.java:340)
	at org.apache.ratis.thirdparty.io.netty.channel.nio.NioEventLoop.processSelectedKey(NioEventLoop.java:632)
	at org.apache.ratis.thirdparty.io.netty.channel.nio.NioEventLoop.processSelectedKeysOptimized(NioEventLoop.java:579)
	at org.apache.ratis.thirdparty.io.netty.channel.nio.NioEventLoop.processSelectedKeys(NioEventLoop.java:496)
	at org.apache.ratis.thirdparty.io.netty.channel.nio.NioEventLoop.run(NioEventLoop.java:458)
	at org.apache.ratis.thirdparty.io.netty.util.concurrent.SingleThreadEventExecutor$5.run(SingleThreadEventExecutor.java:897)
	at org.apache.ratis.thirdparty.io.netty.util.concurrent.FastThreadLocalRunnable.run(FastThreadLocalRunnable.java:30)
	... 1 more
Caused by: java.net.ConnectException: Connection refused
	... 11 more
2019-10-25 11:08:08,372 [f6cfa8a2-85ff-4bb9-a246-101c53d2d47b@group-49E82E920F3F-LeaderElection670] INFO  impl.LeaderElection (LeaderElection.java:logAndReturn(56)) - f6cfa8a2-85ff-4bb9-a246-101c53d2d47b@group-49E82E920F3F-LeaderElection670: Election REJECTED; received 0 response(s) [] and 2 exception(s); f6cfa8a2-85ff-4bb9-a246-101c53d2d47b@group-49E82E920F3F:t261, leader=null, voted=f6cfa8a2-85ff-4bb9-a246-101c53d2d47b, raftlog=f6cfa8a2-85ff-4bb9-a246-101c53d2d47b@group-49E82E920F3F-SegmentedRaftLog:OPENED:c-1,f-1,i0, conf=-1: [7fad1e98-7a6b-4998-a30c-ec1ab88068bc:192.168.157.233:35716, bdb27072-dd00-4d3b-a7da-41600e490ca3:192.168.157.233:42906, f6cfa8a2-85ff-4bb9-a246-101c53d2d47b:192.168.157.233:44618], old=null
2019-10-25 11:08:08,373 [f6cfa8a2-85ff-4bb9-a246-101c53d2d47b@group-49E82E920F3F-LeaderElection670] INFO  impl.LeaderElection (LogUtils.java:infoOrTrace(149)) -   Exception 0: {}
java.util.concurrent.ExecutionException: org.apache.ratis.thirdparty.io.grpc.StatusRuntimeException: UNAVAILABLE: io exception
	at java.util.concurrent.FutureTask.report(FutureTask.java:122)
	at java.util.concurrent.FutureTask.get(FutureTask.java:192)
	at org.apache.ratis.server.impl.LeaderElection.waitForResults(LeaderElection.java:259)
	at org.apache.ratis.server.impl.LeaderElection.askForVotes(LeaderElection.java:197)
	at org.apache.ratis.server.impl.LeaderElection.run(LeaderElection.java:133)
	at java.lang.Thread.run(Thread.java:748)
Caused by: org.apache.ratis.thirdparty.io.grpc.StatusRuntimeException: UNAVAILABLE: io exception
	at org.apache.ratis.thirdparty.io.grpc.stub.ClientCalls.toStatusRuntimeException(ClientCalls.java:233)
	at org.apache.ratis.thirdparty.io.grpc.stub.ClientCalls.getUnchecked(ClientCalls.java:214)
	at org.apache.ratis.thirdparty.io.grpc.stub.ClientCalls.blockingUnaryCall(ClientCalls.java:139)
	at org.apache.ratis.proto.grpc.RaftServerProtocolServiceGrpc$RaftServerProtocolServiceBlockingStub.requestVote(RaftServerProtocolServiceGrpc.java:265)
	at org.apache.ratis.grpc.server.GrpcServerProtocolClient.requestVote(GrpcServerProtocolClient.java:99)
	at org.apache.ratis.grpc.server.GrpcService.requestVote(GrpcService.java:204)
	at org.apache.ratis.server.impl.LeaderElection.lambda$submitRequests$1(LeaderElection.java:234)
	at java.util.concurrent.FutureTask.run(FutureTask.java:266)
	at java.util.concurrent.Executors$RunnableAdapter.call(Executors.java:511)
	at java.util.concurrent.FutureTask.run(FutureTask.java:266)
	at java.util.concurrent.ThreadPoolExecutor.runWorker(ThreadPoolExecutor.java:1149)
	at java.util.concurrent.ThreadPoolExecutor$Worker.run(ThreadPoolExecutor.java:624)
	... 1 more
Caused by: org.apache.ratis.thirdparty.io.netty.channel.AbstractChannel$AnnotatedConnectException: Connection refused: /192.168.157.233:42906
	at sun.nio.ch.SocketChannelImpl.checkConnect(Native Method)
	at sun.nio.ch.SocketChannelImpl.finishConnect(SocketChannelImpl.java:717)
	at org.apache.ratis.thirdparty.io.netty.channel.socket.nio.NioSocketChannel.doFinishConnect(NioSocketChannel.java:327)
	at org.apache.ratis.thirdparty.io.netty.channel.nio.AbstractNioChannel$AbstractNioUnsafe.finishConnect(AbstractNioChannel.java:340)
	at org.apache.ratis.thirdparty.io.netty.channel.nio.NioEventLoop.processSelectedKey(NioEventLoop.java:632)
	at org.apache.ratis.thirdparty.io.netty.channel.nio.NioEventLoop.processSelectedKeysOptimized(NioEventLoop.java:579)
	at org.apache.ratis.thirdparty.io.netty.channel.nio.NioEventLoop.processSelectedKeys(NioEventLoop.java:496)
	at org.apache.ratis.thirdparty.io.netty.channel.nio.NioEventLoop.run(NioEventLoop.java:458)
	at org.apache.ratis.thirdparty.io.netty.util.concurrent.SingleThreadEventExecutor$5.run(SingleThreadEventExecutor.java:897)
	at org.apache.ratis.thirdparty.io.netty.util.concurrent.FastThreadLocalRunnable.run(FastThreadLocalRunnable.java:30)
	... 1 more
Caused by: java.net.ConnectException: Connection refused
	... 11 more
2019-10-25 11:08:08,373 [f6cfa8a2-85ff-4bb9-a246-101c53d2d47b@group-49E82E920F3F-LeaderElection670] INFO  impl.LeaderElection (LogUtils.java:infoOrTrace(149)) -   Exception 1: {}
java.util.concurrent.ExecutionException: org.apache.ratis.thirdparty.io.grpc.StatusRuntimeException: UNAVAILABLE: io exception
	at java.util.concurrent.FutureTask.report(FutureTask.java:122)
	at java.util.concurrent.FutureTask.get(FutureTask.java:192)
	at org.apache.ratis.server.impl.LeaderElection.waitForResults(LeaderElection.java:259)
	at org.apache.ratis.server.impl.LeaderElection.askForVotes(LeaderElection.java:197)
	at org.apache.ratis.server.impl.LeaderElection.run(LeaderElection.java:133)
	at java.lang.Thread.run(Thread.java:748)
Caused by: org.apache.ratis.thirdparty.io.grpc.StatusRuntimeException: UNAVAILABLE: io exception
	at org.apache.ratis.thirdparty.io.grpc.stub.ClientCalls.toStatusRuntimeException(ClientCalls.java:233)
	at org.apache.ratis.thirdparty.io.grpc.stub.ClientCalls.getUnchecked(ClientCalls.java:214)
	at org.apache.ratis.thirdparty.io.grpc.stub.ClientCalls.blockingUnaryCall(ClientCalls.java:139)
	at org.apache.ratis.proto.grpc.RaftServerProtocolServiceGrpc$RaftServerProtocolServiceBlockingStub.requestVote(RaftServerProtocolServiceGrpc.java:265)
	at org.apache.ratis.grpc.server.GrpcServerProtocolClient.requestVote(GrpcServerProtocolClient.java:99)
	at org.apache.ratis.grpc.server.GrpcService.requestVote(GrpcService.java:204)
	at org.apache.ratis.server.impl.LeaderElection.lambda$submitRequests$1(LeaderElection.java:234)
	at java.util.concurrent.FutureTask.run(FutureTask.java:266)
	at java.util.concurrent.Executors$RunnableAdapter.call(Executors.java:511)
	at java.util.concurrent.FutureTask.run(FutureTask.java:266)
	at java.util.concurrent.ThreadPoolExecutor.runWorker(ThreadPoolExecutor.java:1149)
	at java.util.concurrent.ThreadPoolExecutor$Worker.run(ThreadPoolExecutor.java:624)
	... 1 more
Caused by: org.apache.ratis.thirdparty.io.netty.channel.AbstractChannel$AnnotatedConnectException: Connection refused: /192.168.157.233:35716
	at sun.nio.ch.SocketChannelImpl.checkConnect(Native Method)
	at sun.nio.ch.SocketChannelImpl.finishConnect(SocketChannelImpl.java:717)
	at org.apache.ratis.thirdparty.io.netty.channel.socket.nio.NioSocketChannel.doFinishConnect(NioSocketChannel.java:327)
	at org.apache.ratis.thirdparty.io.netty.channel.nio.AbstractNioChannel$AbstractNioUnsafe.finishConnect(AbstractNioChannel.java:340)
	at org.apache.ratis.thirdparty.io.netty.channel.nio.NioEventLoop.processSelectedKey(NioEventLoop.java:632)
	at org.apache.ratis.thirdparty.io.netty.channel.nio.NioEventLoop.processSelectedKeysOptimized(NioEventLoop.java:579)
	at org.apache.ratis.thirdparty.io.netty.channel.nio.NioEventLoop.processSelectedKeys(NioEventLoop.java:496)
	at org.apache.ratis.thirdparty.io.netty.channel.nio.NioEventLoop.run(NioEventLoop.java:458)
	at org.apache.ratis.thirdparty.io.netty.util.concurrent.SingleThreadEventExecutor$5.run(SingleThreadEventExecutor.java:897)
	at org.apache.ratis.thirdparty.io.netty.util.concurrent.FastThreadLocalRunnable.run(FastThreadLocalRunnable.java:30)
	... 1 more
Caused by: java.net.ConnectException: Connection refused
	... 11 more
2019-10-25 11:08:08,374 [f6cfa8a2-85ff-4bb9-a246-101c53d2d47b@group-49E82E920F3F-LeaderElection670] INFO  impl.RaftServerImpl (RaftServerImpl.java:setRole(184)) - f6cfa8a2-85ff-4bb9-a246-101c53d2d47b@group-49E82E920F3F: changes role from CANDIDATE to FOLLOWER at term 261 for DISCOVERED_A_NEW_TERM
2019-10-25 11:08:08,374 [f6cfa8a2-85ff-4bb9-a246-101c53d2d47b@group-49E82E920F3F-LeaderElection670] INFO  impl.RoleInfo (RoleInfo.java:shutdownLeaderElection(134)) - f6cfa8a2-85ff-4bb9-a246-101c53d2d47b: shutdown LeaderElection
2019-10-25 11:08:08,374 [f6cfa8a2-85ff-4bb9-a246-101c53d2d47b@group-49E82E920F3F-LeaderElection670] INFO  impl.RoleInfo (RoleInfo.java:updateAndGet(143)) - f6cfa8a2-85ff-4bb9-a246-101c53d2d47b: start FollowerState
2019-10-25 11:08:08,492 [Thread-5302] INFO  impl.FollowerState (FollowerState.java:run(108)) - f6cfa8a2-85ff-4bb9-a246-101c53d2d47b@group-49E82E920F3F-FollowerState: change to CANDIDATE, lastRpcTime:117ms, electionTimeout:116ms
2019-10-25 11:08:08,492 [Thread-5302] INFO  impl.RoleInfo (RoleInfo.java:shutdownFollowerState(121)) - f6cfa8a2-85ff-4bb9-a246-101c53d2d47b: shutdown FollowerState
2019-10-25 11:08:08,492 [Thread-5302] INFO  impl.RaftServerImpl (RaftServerImpl.java:setRole(184)) - f6cfa8a2-85ff-4bb9-a246-101c53d2d47b@group-49E82E920F3F: changes role from  FOLLOWER to CANDIDATE at term 261 for changeToCandidate
2019-10-25 11:08:08,493 [Thread-5302] INFO  impl.RoleInfo (RoleInfo.java:updateAndGet(143)) - f6cfa8a2-85ff-4bb9-a246-101c53d2d47b: start LeaderElection
2019-10-25 11:08:08,513 [f6cfa8a2-85ff-4bb9-a246-101c53d2d47b@group-49E82E920F3F-LeaderElection671] INFO  impl.LeaderElection (LeaderElection.java:askForVotes(178)) - f6cfa8a2-85ff-4bb9-a246-101c53d2d47b@group-49E82E920F3F-LeaderElection671: begin an election at term 262 for -1: [7fad1e98-7a6b-4998-a30c-ec1ab88068bc:192.168.157.233:35716, bdb27072-dd00-4d3b-a7da-41600e490ca3:192.168.157.233:42906, f6cfa8a2-85ff-4bb9-a246-101c53d2d47b:192.168.157.233:44618], old=null
2019-10-25 11:08:08,513 [f6cfa8a2-85ff-4bb9-a246-101c53d2d47b@group-49E82E920F3F-LeaderElection671] INFO  impl.LeaderElection (LogUtils.java:infoOrTrace(149)) - f6cfa8a2-85ff-4bb9-a246-101c53d2d47b@group-49E82E920F3F-LeaderElection671 got exception when requesting votes: {}
java.util.concurrent.ExecutionException: org.apache.ratis.thirdparty.io.grpc.StatusRuntimeException: UNAVAILABLE: io exception
	at java.util.concurrent.FutureTask.report(FutureTask.java:122)
	at java.util.concurrent.FutureTask.get(FutureTask.java:192)
	at org.apache.ratis.server.impl.LeaderElection.waitForResults(LeaderElection.java:259)
	at org.apache.ratis.server.impl.LeaderElection.askForVotes(LeaderElection.java:197)
	at org.apache.ratis.server.impl.LeaderElection.run(LeaderElection.java:133)
	at java.lang.Thread.run(Thread.java:748)
Caused by: org.apache.ratis.thirdparty.io.grpc.StatusRuntimeException: UNAVAILABLE: io exception
	at org.apache.ratis.thirdparty.io.grpc.stub.ClientCalls.toStatusRuntimeException(ClientCalls.java:233)
	at org.apache.ratis.thirdparty.io.grpc.stub.ClientCalls.getUnchecked(ClientCalls.java:214)
	at org.apache.ratis.thirdparty.io.grpc.stub.ClientCalls.blockingUnaryCall(ClientCalls.java:139)
	at org.apache.ratis.proto.grpc.RaftServerProtocolServiceGrpc$RaftServerProtocolServiceBlockingStub.requestVote(RaftServerProtocolServiceGrpc.java:265)
	at org.apache.ratis.grpc.server.GrpcServerProtocolClient.requestVote(GrpcServerProtocolClient.java:99)
	at org.apache.ratis.grpc.server.GrpcService.requestVote(GrpcService.java:204)
	at org.apache.ratis.server.impl.LeaderElection.lambda$submitRequests$1(LeaderElection.java:234)
	at java.util.concurrent.FutureTask.run(FutureTask.java:266)
	at java.util.concurrent.Executors$RunnableAdapter.call(Executors.java:511)
	at java.util.concurrent.FutureTask.run(FutureTask.java:266)
	at java.util.concurrent.ThreadPoolExecutor.runWorker(ThreadPoolExecutor.java:1149)
	at java.util.concurrent.ThreadPoolExecutor$Worker.run(ThreadPoolExecutor.java:624)
	... 1 more
Caused by: org.apache.ratis.thirdparty.io.netty.channel.AbstractChannel$AnnotatedConnectException: Connection refused: /192.168.157.233:35716
	at sun.nio.ch.SocketChannelImpl.checkConnect(Native Method)
	at sun.nio.ch.SocketChannelImpl.finishConnect(SocketChannelImpl.java:717)
	at org.apache.ratis.thirdparty.io.netty.channel.socket.nio.NioSocketChannel.doFinishConnect(NioSocketChannel.java:327)
	at org.apache.ratis.thirdparty.io.netty.channel.nio.AbstractNioChannel$AbstractNioUnsafe.finishConnect(AbstractNioChannel.java:340)
	at org.apache.ratis.thirdparty.io.netty.channel.nio.NioEventLoop.processSelectedKey(NioEventLoop.java:632)
	at org.apache.ratis.thirdparty.io.netty.channel.nio.NioEventLoop.processSelectedKeysOptimized(NioEventLoop.java:579)
	at org.apache.ratis.thirdparty.io.netty.channel.nio.NioEventLoop.processSelectedKeys(NioEventLoop.java:496)
	at org.apache.ratis.thirdparty.io.netty.channel.nio.NioEventLoop.run(NioEventLoop.java:458)
	at org.apache.ratis.thirdparty.io.netty.util.concurrent.SingleThreadEventExecutor$5.run(SingleThreadEventExecutor.java:897)
	at org.apache.ratis.thirdparty.io.netty.util.concurrent.FastThreadLocalRunnable.run(FastThreadLocalRunnable.java:30)
	... 1 more
Caused by: java.net.ConnectException: Connection refused
	... 11 more
2019-10-25 11:08:08,514 [f6cfa8a2-85ff-4bb9-a246-101c53d2d47b@group-49E82E920F3F-LeaderElection671] INFO  impl.LeaderElection (LogUtils.java:infoOrTrace(149)) - f6cfa8a2-85ff-4bb9-a246-101c53d2d47b@group-49E82E920F3F-LeaderElection671 got exception when requesting votes: {}
java.util.concurrent.ExecutionException: org.apache.ratis.thirdparty.io.grpc.StatusRuntimeException: UNAVAILABLE: io exception
	at java.util.concurrent.FutureTask.report(FutureTask.java:122)
	at java.util.concurrent.FutureTask.get(FutureTask.java:192)
	at org.apache.ratis.server.impl.LeaderElection.waitForResults(LeaderElection.java:259)
	at org.apache.ratis.server.impl.LeaderElection.askForVotes(LeaderElection.java:197)
	at org.apache.ratis.server.impl.LeaderElection.run(LeaderElection.java:133)
	at java.lang.Thread.run(Thread.java:748)
Caused by: org.apache.ratis.thirdparty.io.grpc.StatusRuntimeException: UNAVAILABLE: io exception
	at org.apache.ratis.thirdparty.io.grpc.stub.ClientCalls.toStatusRuntimeException(ClientCalls.java:233)
	at org.apache.ratis.thirdparty.io.grpc.stub.ClientCalls.getUnchecked(ClientCalls.java:214)
	at org.apache.ratis.thirdparty.io.grpc.stub.ClientCalls.blockingUnaryCall(ClientCalls.java:139)
	at org.apache.ratis.proto.grpc.RaftServerProtocolServiceGrpc$RaftServerProtocolServiceBlockingStub.requestVote(RaftServerProtocolServiceGrpc.java:265)
	at org.apache.ratis.grpc.server.GrpcServerProtocolClient.requestVote(GrpcServerProtocolClient.java:99)
	at org.apache.ratis.grpc.server.GrpcService.requestVote(GrpcService.java:204)
	at org.apache.ratis.server.impl.LeaderElection.lambda$submitRequests$1(LeaderElection.java:234)
	at java.util.concurrent.FutureTask.run(FutureTask.java:266)
	at java.util.concurrent.Executors$RunnableAdapter.call(Executors.java:511)
	at java.util.concurrent.FutureTask.run(FutureTask.java:266)
	at java.util.concurrent.ThreadPoolExecutor.runWorker(ThreadPoolExecutor.java:1149)
	at java.util.concurrent.ThreadPoolExecutor$Worker.run(ThreadPoolExecutor.java:624)
	... 1 more
Caused by: org.apache.ratis.thirdparty.io.netty.channel.AbstractChannel$AnnotatedConnectException: Connection refused: /192.168.157.233:42906
	at sun.nio.ch.SocketChannelImpl.checkConnect(Native Method)
	at sun.nio.ch.SocketChannelImpl.finishConnect(SocketChannelImpl.java:717)
	at org.apache.ratis.thirdparty.io.netty.channel.socket.nio.NioSocketChannel.doFinishConnect(NioSocketChannel.java:327)
	at org.apache.ratis.thirdparty.io.netty.channel.nio.AbstractNioChannel$AbstractNioUnsafe.finishConnect(AbstractNioChannel.java:340)
	at org.apache.ratis.thirdparty.io.netty.channel.nio.NioEventLoop.processSelectedKey(NioEventLoop.java:632)
	at org.apache.ratis.thirdparty.io.netty.channel.nio.NioEventLoop.processSelectedKeysOptimized(NioEventLoop.java:579)
	at org.apache.ratis.thirdparty.io.netty.channel.nio.NioEventLoop.processSelectedKeys(NioEventLoop.java:496)
	at org.apache.ratis.thirdparty.io.netty.channel.nio.NioEventLoop.run(NioEventLoop.java:458)
	at org.apache.ratis.thirdparty.io.netty.util.concurrent.SingleThreadEventExecutor$5.run(SingleThreadEventExecutor.java:897)
	at org.apache.ratis.thirdparty.io.netty.util.concurrent.FastThreadLocalRunnable.run(FastThreadLocalRunnable.java:30)
	... 1 more
Caused by: java.net.ConnectException: Connection refused
	... 11 more
2019-10-25 11:08:08,514 [f6cfa8a2-85ff-4bb9-a246-101c53d2d47b@group-49E82E920F3F-LeaderElection671] INFO  impl.LeaderElection (LeaderElection.java:logAndReturn(56)) - f6cfa8a2-85ff-4bb9-a246-101c53d2d47b@group-49E82E920F3F-LeaderElection671: Election REJECTED; received 0 response(s) [] and 2 exception(s); f6cfa8a2-85ff-4bb9-a246-101c53d2d47b@group-49E82E920F3F:t262, leader=null, voted=f6cfa8a2-85ff-4bb9-a246-101c53d2d47b, raftlog=f6cfa8a2-85ff-4bb9-a246-101c53d2d47b@group-49E82E920F3F-SegmentedRaftLog:OPENED:c-1,f-1,i0, conf=-1: [7fad1e98-7a6b-4998-a30c-ec1ab88068bc:192.168.157.233:35716, bdb27072-dd00-4d3b-a7da-41600e490ca3:192.168.157.233:42906, f6cfa8a2-85ff-4bb9-a246-101c53d2d47b:192.168.157.233:44618], old=null
2019-10-25 11:08:08,514 [f6cfa8a2-85ff-4bb9-a246-101c53d2d47b@group-49E82E920F3F-LeaderElection671] INFO  impl.LeaderElection (LogUtils.java:infoOrTrace(149)) -   Exception 0: {}
java.util.concurrent.ExecutionException: org.apache.ratis.thirdparty.io.grpc.StatusRuntimeException: UNAVAILABLE: io exception
	at java.util.concurrent.FutureTask.report(FutureTask.java:122)
	at java.util.concurrent.FutureTask.get(FutureTask.java:192)
	at org.apache.ratis.server.impl.LeaderElection.waitForResults(LeaderElection.java:259)
	at org.apache.ratis.server.impl.LeaderElection.askForVotes(LeaderElection.java:197)
	at org.apache.ratis.server.impl.LeaderElection.run(LeaderElection.java:133)
	at java.lang.Thread.run(Thread.java:748)
Caused by: org.apache.ratis.thirdparty.io.grpc.StatusRuntimeException: UNAVAILABLE: io exception
	at org.apache.ratis.thirdparty.io.grpc.stub.ClientCalls.toStatusRuntimeException(ClientCalls.java:233)
	at org.apache.ratis.thirdparty.io.grpc.stub.ClientCalls.getUnchecked(ClientCalls.java:214)
	at org.apache.ratis.thirdparty.io.grpc.stub.ClientCalls.blockingUnaryCall(ClientCalls.java:139)
	at org.apache.ratis.proto.grpc.RaftServerProtocolServiceGrpc$RaftServerProtocolServiceBlockingStub.requestVote(RaftServerProtocolServiceGrpc.java:265)
	at org.apache.ratis.grpc.server.GrpcServerProtocolClient.requestVote(GrpcServerProtocolClient.java:99)
	at org.apache.ratis.grpc.server.GrpcService.requestVote(GrpcService.java:204)
	at org.apache.ratis.server.impl.LeaderElection.lambda$submitRequests$1(LeaderElection.java:234)
	at java.util.concurrent.FutureTask.run(FutureTask.java:266)
	at java.util.concurrent.Executors$RunnableAdapter.call(Executors.java:511)
	at java.util.concurrent.FutureTask.run(FutureTask.java:266)
	at java.util.concurrent.ThreadPoolExecutor.runWorker(ThreadPoolExecutor.java:1149)
	at java.util.concurrent.ThreadPoolExecutor$Worker.run(ThreadPoolExecutor.java:624)
	... 1 more
Caused by: org.apache.ratis.thirdparty.io.netty.channel.AbstractChannel$AnnotatedConnectException: Connection refused: /192.168.157.233:35716
	at sun.nio.ch.SocketChannelImpl.checkConnect(Native Method)
	at sun.nio.ch.SocketChannelImpl.finishConnect(SocketChannelImpl.java:717)
	at org.apache.ratis.thirdparty.io.netty.channel.socket.nio.NioSocketChannel.doFinishConnect(NioSocketChannel.java:327)
	at org.apache.ratis.thirdparty.io.netty.channel.nio.AbstractNioChannel$AbstractNioUnsafe.finishConnect(AbstractNioChannel.java:340)
	at org.apache.ratis.thirdparty.io.netty.channel.nio.NioEventLoop.processSelectedKey(NioEventLoop.java:632)
	at org.apache.ratis.thirdparty.io.netty.channel.nio.NioEventLoop.processSelectedKeysOptimized(NioEventLoop.java:579)
	at org.apache.ratis.thirdparty.io.netty.channel.nio.NioEventLoop.processSelectedKeys(NioEventLoop.java:496)
	at org.apache.ratis.thirdparty.io.netty.channel.nio.NioEventLoop.run(NioEventLoop.java:458)
	at org.apache.ratis.thirdparty.io.netty.util.concurrent.SingleThreadEventExecutor$5.run(SingleThreadEventExecutor.java:897)
	at org.apache.ratis.thirdparty.io.netty.util.concurrent.FastThreadLocalRunnable.run(FastThreadLocalRunnable.java:30)
	... 1 more
Caused by: java.net.ConnectException: Connection refused
	... 11 more
2019-10-25 11:08:08,515 [f6cfa8a2-85ff-4bb9-a246-101c53d2d47b@group-49E82E920F3F-LeaderElection671] INFO  impl.LeaderElection (LogUtils.java:infoOrTrace(149)) -   Exception 1: {}
java.util.concurrent.ExecutionException: org.apache.ratis.thirdparty.io.grpc.StatusRuntimeException: UNAVAILABLE: io exception
	at java.util.concurrent.FutureTask.report(FutureTask.java:122)
	at java.util.concurrent.FutureTask.get(FutureTask.java:192)
	at org.apache.ratis.server.impl.LeaderElection.waitForResults(LeaderElection.java:259)
	at org.apache.ratis.server.impl.LeaderElection.askForVotes(LeaderElection.java:197)
	at org.apache.ratis.server.impl.LeaderElection.run(LeaderElection.java:133)
	at java.lang.Thread.run(Thread.java:748)
Caused by: org.apache.ratis.thirdparty.io.grpc.StatusRuntimeException: UNAVAILABLE: io exception
	at org.apache.ratis.thirdparty.io.grpc.stub.ClientCalls.toStatusRuntimeException(ClientCalls.java:233)
	at org.apache.ratis.thirdparty.io.grpc.stub.ClientCalls.getUnchecked(ClientCalls.java:214)
	at org.apache.ratis.thirdparty.io.grpc.stub.ClientCalls.blockingUnaryCall(ClientCalls.java:139)
	at org.apache.ratis.proto.grpc.RaftServerProtocolServiceGrpc$RaftServerProtocolServiceBlockingStub.requestVote(RaftServerProtocolServiceGrpc.java:265)
	at org.apache.ratis.grpc.server.GrpcServerProtocolClient.requestVote(GrpcServerProtocolClient.java:99)
	at org.apache.ratis.grpc.server.GrpcService.requestVote(GrpcService.java:204)
	at org.apache.ratis.server.impl.LeaderElection.lambda$submitRequests$1(LeaderElection.java:234)
	at java.util.concurrent.FutureTask.run(FutureTask.java:266)
	at java.util.concurrent.Executors$RunnableAdapter.call(Executors.java:511)
	at java.util.concurrent.FutureTask.run(FutureTask.java:266)
	at java.util.concurrent.ThreadPoolExecutor.runWorker(ThreadPoolExecutor.java:1149)
	at java.util.concurrent.ThreadPoolExecutor$Worker.run(ThreadPoolExecutor.java:624)
	... 1 more
Caused by: org.apache.ratis.thirdparty.io.netty.channel.AbstractChannel$AnnotatedConnectException: Connection refused: /192.168.157.233:42906
	at sun.nio.ch.SocketChannelImpl.checkConnect(Native Method)
	at sun.nio.ch.SocketChannelImpl.finishConnect(SocketChannelImpl.java:717)
	at org.apache.ratis.thirdparty.io.netty.channel.socket.nio.NioSocketChannel.doFinishConnect(NioSocketChannel.java:327)
	at org.apache.ratis.thirdparty.io.netty.channel.nio.AbstractNioChannel$AbstractNioUnsafe.finishConnect(AbstractNioChannel.java:340)
	at org.apache.ratis.thirdparty.io.netty.channel.nio.NioEventLoop.processSelectedKey(NioEventLoop.java:632)
	at org.apache.ratis.thirdparty.io.netty.channel.nio.NioEventLoop.processSelectedKeysOptimized(NioEventLoop.java:579)
	at org.apache.ratis.thirdparty.io.netty.channel.nio.NioEventLoop.processSelectedKeys(NioEventLoop.java:496)
	at org.apache.ratis.thirdparty.io.netty.channel.nio.NioEventLoop.run(NioEventLoop.java:458)
	at org.apache.ratis.thirdparty.io.netty.util.concurrent.SingleThreadEventExecutor$5.run(SingleThreadEventExecutor.java:897)
	at org.apache.ratis.thirdparty.io.netty.util.concurrent.FastThreadLocalRunnable.run(FastThreadLocalRunnable.java:30)
	... 1 more
Caused by: java.net.ConnectException: Connection refused
	... 11 more
2019-10-25 11:08:08,515 [f6cfa8a2-85ff-4bb9-a246-101c53d2d47b@group-49E82E920F3F-LeaderElection671] INFO  impl.RaftServerImpl (RaftServerImpl.java:setRole(184)) - f6cfa8a2-85ff-4bb9-a246-101c53d2d47b@group-49E82E920F3F: changes role from CANDIDATE to FOLLOWER at term 262 for DISCOVERED_A_NEW_TERM
2019-10-25 11:08:08,515 [f6cfa8a2-85ff-4bb9-a246-101c53d2d47b@group-49E82E920F3F-LeaderElection671] INFO  impl.RoleInfo (RoleInfo.java:shutdownLeaderElection(134)) - f6cfa8a2-85ff-4bb9-a246-101c53d2d47b: shutdown LeaderElection
2019-10-25 11:08:08,515 [f6cfa8a2-85ff-4bb9-a246-101c53d2d47b@group-49E82E920F3F-LeaderElection671] INFO  impl.RoleInfo (RoleInfo.java:updateAndGet(143)) - f6cfa8a2-85ff-4bb9-a246-101c53d2d47b: start FollowerState
2019-10-25 11:08:08,527 [Thread-5306] INFO  impl.FollowerState (FollowerState.java:run(108)) - f6cfa8a2-85ff-4bb9-a246-101c53d2d47b@group-49E82E920F3F-FollowerState: change to CANDIDATE, lastRpcTime:11ms, electionTimeout:11ms
2019-10-25 11:08:08,527 [Thread-5306] INFO  impl.RoleInfo (RoleInfo.java:shutdownFollowerState(121)) - f6cfa8a2-85ff-4bb9-a246-101c53d2d47b: shutdown FollowerState
2019-10-25 11:08:08,527 [Thread-5306] INFO  impl.RaftServerImpl (RaftServerImpl.java:setRole(184)) - f6cfa8a2-85ff-4bb9-a246-101c53d2d47b@group-49E82E920F3F: changes role from  FOLLOWER to CANDIDATE at term 262 for changeToCandidate
2019-10-25 11:08:08,527 [Thread-5306] INFO  impl.RoleInfo (RoleInfo.java:updateAndGet(143)) - f6cfa8a2-85ff-4bb9-a246-101c53d2d47b: start LeaderElection
2019-10-25 11:08:08,540 [f6cfa8a2-85ff-4bb9-a246-101c53d2d47b@group-49E82E920F3F-LeaderElection672] INFO  impl.LeaderElection (LeaderElection.java:askForVotes(178)) - f6cfa8a2-85ff-4bb9-a246-101c53d2d47b@group-49E82E920F3F-LeaderElection672: begin an election at term 263 for -1: [7fad1e98-7a6b-4998-a30c-ec1ab88068bc:192.168.157.233:35716, bdb27072-dd00-4d3b-a7da-41600e490ca3:192.168.157.233:42906, f6cfa8a2-85ff-4bb9-a246-101c53d2d47b:192.168.157.233:44618], old=null
2019-10-25 11:08:08,541 [f6cfa8a2-85ff-4bb9-a246-101c53d2d47b@group-49E82E920F3F-LeaderElection672] INFO  impl.LeaderElection (LogUtils.java:infoOrTrace(149)) - f6cfa8a2-85ff-4bb9-a246-101c53d2d47b@group-49E82E920F3F-LeaderElection672 got exception when requesting votes: {}
java.util.concurrent.ExecutionException: org.apache.ratis.thirdparty.io.grpc.StatusRuntimeException: UNAVAILABLE: io exception
	at java.util.concurrent.FutureTask.report(FutureTask.java:122)
	at java.util.concurrent.FutureTask.get(FutureTask.java:192)
	at org.apache.ratis.server.impl.LeaderElection.waitForResults(LeaderElection.java:259)
	at org.apache.ratis.server.impl.LeaderElection.askForVotes(LeaderElection.java:197)
	at org.apache.ratis.server.impl.LeaderElection.run(LeaderElection.java:133)
	at java.lang.Thread.run(Thread.java:748)
Caused by: org.apache.ratis.thirdparty.io.grpc.StatusRuntimeException: UNAVAILABLE: io exception
	at org.apache.ratis.thirdparty.io.grpc.stub.ClientCalls.toStatusRuntimeException(ClientCalls.java:233)
	at org.apache.ratis.thirdparty.io.grpc.stub.ClientCalls.getUnchecked(ClientCalls.java:214)
	at org.apache.ratis.thirdparty.io.grpc.stub.ClientCalls.blockingUnaryCall(ClientCalls.java:139)
	at org.apache.ratis.proto.grpc.RaftServerProtocolServiceGrpc$RaftServerProtocolServiceBlockingStub.requestVote(RaftServerProtocolServiceGrpc.java:265)
	at org.apache.ratis.grpc.server.GrpcServerProtocolClient.requestVote(GrpcServerProtocolClient.java:99)
	at org.apache.ratis.grpc.server.GrpcService.requestVote(GrpcService.java:204)
	at org.apache.ratis.server.impl.LeaderElection.lambda$submitRequests$1(LeaderElection.java:234)
	at java.util.concurrent.FutureTask.run(FutureTask.java:266)
	at java.util.concurrent.Executors$RunnableAdapter.call(Executors.java:511)
	at java.util.concurrent.FutureTask.run(FutureTask.java:266)
	at java.util.concurrent.ThreadPoolExecutor.runWorker(ThreadPoolExecutor.java:1149)
	at java.util.concurrent.ThreadPoolExecutor$Worker.run(ThreadPoolExecutor.java:624)
	... 1 more
Caused by: org.apache.ratis.thirdparty.io.netty.channel.AbstractChannel$AnnotatedConnectException: Connection refused: /192.168.157.233:35716
	at sun.nio.ch.SocketChannelImpl.checkConnect(Native Method)
	at sun.nio.ch.SocketChannelImpl.finishConnect(SocketChannelImpl.java:717)
	at org.apache.ratis.thirdparty.io.netty.channel.socket.nio.NioSocketChannel.doFinishConnect(NioSocketChannel.java:327)
	at org.apache.ratis.thirdparty.io.netty.channel.nio.AbstractNioChannel$AbstractNioUnsafe.finishConnect(AbstractNioChannel.java:340)
	at org.apache.ratis.thirdparty.io.netty.channel.nio.NioEventLoop.processSelectedKey(NioEventLoop.java:632)
	at org.apache.ratis.thirdparty.io.netty.channel.nio.NioEventLoop.processSelectedKeysOptimized(NioEventLoop.java:579)
	at org.apache.ratis.thirdparty.io.netty.channel.nio.NioEventLoop.processSelectedKeys(NioEventLoop.java:496)
	at org.apache.ratis.thirdparty.io.netty.channel.nio.NioEventLoop.run(NioEventLoop.java:458)
	at org.apache.ratis.thirdparty.io.netty.util.concurrent.SingleThreadEventExecutor$5.run(SingleThreadEventExecutor.java:897)
	at org.apache.ratis.thirdparty.io.netty.util.concurrent.FastThreadLocalRunnable.run(FastThreadLocalRunnable.java:30)
	... 1 more
Caused by: java.net.ConnectException: Connection refused
	... 11 more
2019-10-25 11:08:08,541 [f6cfa8a2-85ff-4bb9-a246-101c53d2d47b@group-49E82E920F3F-LeaderElection672] INFO  impl.LeaderElection (LogUtils.java:infoOrTrace(149)) - f6cfa8a2-85ff-4bb9-a246-101c53d2d47b@group-49E82E920F3F-LeaderElection672 got exception when requesting votes: {}
java.util.concurrent.ExecutionException: org.apache.ratis.thirdparty.io.grpc.StatusRuntimeException: UNAVAILABLE: io exception
	at java.util.concurrent.FutureTask.report(FutureTask.java:122)
	at java.util.concurrent.FutureTask.get(FutureTask.java:192)
	at org.apache.ratis.server.impl.LeaderElection.waitForResults(LeaderElection.java:259)
	at org.apache.ratis.server.impl.LeaderElection.askForVotes(LeaderElection.java:197)
	at org.apache.ratis.server.impl.LeaderElection.run(LeaderElection.java:133)
	at java.lang.Thread.run(Thread.java:748)
Caused by: org.apache.ratis.thirdparty.io.grpc.StatusRuntimeException: UNAVAILABLE: io exception
	at org.apache.ratis.thirdparty.io.grpc.stub.ClientCalls.toStatusRuntimeException(ClientCalls.java:233)
	at org.apache.ratis.thirdparty.io.grpc.stub.ClientCalls.getUnchecked(ClientCalls.java:214)
	at org.apache.ratis.thirdparty.io.grpc.stub.ClientCalls.blockingUnaryCall(ClientCalls.java:139)
	at org.apache.ratis.proto.grpc.RaftServerProtocolServiceGrpc$RaftServerProtocolServiceBlockingStub.requestVote(RaftServerProtocolServiceGrpc.java:265)
	at org.apache.ratis.grpc.server.GrpcServerProtocolClient.requestVote(GrpcServerProtocolClient.java:99)
	at org.apache.ratis.grpc.server.GrpcService.requestVote(GrpcService.java:204)
	at org.apache.ratis.server.impl.LeaderElection.lambda$submitRequests$1(LeaderElection.java:234)
	at java.util.concurrent.FutureTask.run(FutureTask.java:266)
	at java.util.concurrent.Executors$RunnableAdapter.call(Executors.java:511)
	at java.util.concurrent.FutureTask.run(FutureTask.java:266)
	at java.util.concurrent.ThreadPoolExecutor.runWorker(ThreadPoolExecutor.java:1149)
	at java.util.concurrent.ThreadPoolExecutor$Worker.run(ThreadPoolExecutor.java:624)
	... 1 more
Caused by: org.apache.ratis.thirdparty.io.netty.channel.AbstractChannel$AnnotatedConnectException: Connection refused: /192.168.157.233:42906
	at sun.nio.ch.SocketChannelImpl.checkConnect(Native Method)
	at sun.nio.ch.SocketChannelImpl.finishConnect(SocketChannelImpl.java:717)
	at org.apache.ratis.thirdparty.io.netty.channel.socket.nio.NioSocketChannel.doFinishConnect(NioSocketChannel.java:327)
	at org.apache.ratis.thirdparty.io.netty.channel.nio.AbstractNioChannel$AbstractNioUnsafe.finishConnect(AbstractNioChannel.java:340)
	at org.apache.ratis.thirdparty.io.netty.channel.nio.NioEventLoop.processSelectedKey(NioEventLoop.java:632)
	at org.apache.ratis.thirdparty.io.netty.channel.nio.NioEventLoop.processSelectedKeysOptimized(NioEventLoop.java:579)
	at org.apache.ratis.thirdparty.io.netty.channel.nio.NioEventLoop.processSelectedKeys(NioEventLoop.java:496)
	at org.apache.ratis.thirdparty.io.netty.channel.nio.NioEventLoop.run(NioEventLoop.java:458)
	at org.apache.ratis.thirdparty.io.netty.util.concurrent.SingleThreadEventExecutor$5.run(SingleThreadEventExecutor.java:897)
	at org.apache.ratis.thirdparty.io.netty.util.concurrent.FastThreadLocalRunnable.run(FastThreadLocalRunnable.java:30)
	... 1 more
Caused by: java.net.ConnectException: Connection refused
	... 11 more
2019-10-25 11:08:08,542 [f6cfa8a2-85ff-4bb9-a246-101c53d2d47b@group-49E82E920F3F-LeaderElection672] INFO  impl.LeaderElection (LeaderElection.java:logAndReturn(56)) - f6cfa8a2-85ff-4bb9-a246-101c53d2d47b@group-49E82E920F3F-LeaderElection672: Election REJECTED; received 0 response(s) [] and 2 exception(s); f6cfa8a2-85ff-4bb9-a246-101c53d2d47b@group-49E82E920F3F:t263, leader=null, voted=f6cfa8a2-85ff-4bb9-a246-101c53d2d47b, raftlog=f6cfa8a2-85ff-4bb9-a246-101c53d2d47b@group-49E82E920F3F-SegmentedRaftLog:OPENED:c-1,f-1,i0, conf=-1: [7fad1e98-7a6b-4998-a30c-ec1ab88068bc:192.168.157.233:35716, bdb27072-dd00-4d3b-a7da-41600e490ca3:192.168.157.233:42906, f6cfa8a2-85ff-4bb9-a246-101c53d2d47b:192.168.157.233:44618], old=null
2019-10-25 11:08:08,542 [f6cfa8a2-85ff-4bb9-a246-101c53d2d47b@group-49E82E920F3F-LeaderElection672] INFO  impl.LeaderElection (LogUtils.java:infoOrTrace(149)) -   Exception 0: {}
java.util.concurrent.ExecutionException: org.apache.ratis.thirdparty.io.grpc.StatusRuntimeException: UNAVAILABLE: io exception
	at java.util.concurrent.FutureTask.report(FutureTask.java:122)
	at java.util.concurrent.FutureTask.get(FutureTask.java:192)
	at org.apache.ratis.server.impl.LeaderElection.waitForResults(LeaderElection.java:259)
	at org.apache.ratis.server.impl.LeaderElection.askForVotes(LeaderElection.java:197)
	at org.apache.ratis.server.impl.LeaderElection.run(LeaderElection.java:133)
	at java.lang.Thread.run(Thread.java:748)
Caused by: org.apache.ratis.thirdparty.io.grpc.StatusRuntimeException: UNAVAILABLE: io exception
	at org.apache.ratis.thirdparty.io.grpc.stub.ClientCalls.toStatusRuntimeException(ClientCalls.java:233)
	at org.apache.ratis.thirdparty.io.grpc.stub.ClientCalls.getUnchecked(ClientCalls.java:214)
	at org.apache.ratis.thirdparty.io.grpc.stub.ClientCalls.blockingUnaryCall(ClientCalls.java:139)
	at org.apache.ratis.proto.grpc.RaftServerProtocolServiceGrpc$RaftServerProtocolServiceBlockingStub.requestVote(RaftServerProtocolServiceGrpc.java:265)
	at org.apache.ratis.grpc.server.GrpcServerProtocolClient.requestVote(GrpcServerProtocolClient.java:99)
	at org.apache.ratis.grpc.server.GrpcService.requestVote(GrpcService.java:204)
	at org.apache.ratis.server.impl.LeaderElection.lambda$submitRequests$1(LeaderElection.java:234)
	at java.util.concurrent.FutureTask.run(FutureTask.java:266)
	at java.util.concurrent.Executors$RunnableAdapter.call(Executors.java:511)
	at java.util.concurrent.FutureTask.run(FutureTask.java:266)
	at java.util.concurrent.ThreadPoolExecutor.runWorker(ThreadPoolExecutor.java:1149)
	at java.util.concurrent.ThreadPoolExecutor$Worker.run(ThreadPoolExecutor.java:624)
	... 1 more
Caused by: org.apache.ratis.thirdparty.io.netty.channel.AbstractChannel$AnnotatedConnectException: Connection refused: /192.168.157.233:35716
	at sun.nio.ch.SocketChannelImpl.checkConnect(Native Method)
	at sun.nio.ch.SocketChannelImpl.finishConnect(SocketChannelImpl.java:717)
	at org.apache.ratis.thirdparty.io.netty.channel.socket.nio.NioSocketChannel.doFinishConnect(NioSocketChannel.java:327)
	at org.apache.ratis.thirdparty.io.netty.channel.nio.AbstractNioChannel$AbstractNioUnsafe.finishConnect(AbstractNioChannel.java:340)
	at org.apache.ratis.thirdparty.io.netty.channel.nio.NioEventLoop.processSelectedKey(NioEventLoop.java:632)
	at org.apache.ratis.thirdparty.io.netty.channel.nio.NioEventLoop.processSelectedKeysOptimized(NioEventLoop.java:579)
	at org.apache.ratis.thirdparty.io.netty.channel.nio.NioEventLoop.processSelectedKeys(NioEventLoop.java:496)
	at org.apache.ratis.thirdparty.io.netty.channel.nio.NioEventLoop.run(NioEventLoop.java:458)
	at org.apache.ratis.thirdparty.io.netty.util.concurrent.SingleThreadEventExecutor$5.run(SingleThreadEventExecutor.java:897)
	at org.apache.ratis.thirdparty.io.netty.util.concurrent.FastThreadLocalRunnable.run(FastThreadLocalRunnable.java:30)
	... 1 more
Caused by: java.net.ConnectException: Connection refused
	... 11 more
2019-10-25 11:08:08,542 [f6cfa8a2-85ff-4bb9-a246-101c53d2d47b@group-49E82E920F3F-LeaderElection672] INFO  impl.LeaderElection (LogUtils.java:infoOrTrace(149)) -   Exception 1: {}
java.util.concurrent.ExecutionException: org.apache.ratis.thirdparty.io.grpc.StatusRuntimeException: UNAVAILABLE: io exception
	at java.util.concurrent.FutureTask.report(FutureTask.java:122)
	at java.util.concurrent.FutureTask.get(FutureTask.java:192)
	at org.apache.ratis.server.impl.LeaderElection.waitForResults(LeaderElection.java:259)
	at org.apache.ratis.server.impl.LeaderElection.askForVotes(LeaderElection.java:197)
	at org.apache.ratis.server.impl.LeaderElection.run(LeaderElection.java:133)
	at java.lang.Thread.run(Thread.java:748)
Caused by: org.apache.ratis.thirdparty.io.grpc.StatusRuntimeException: UNAVAILABLE: io exception
	at org.apache.ratis.thirdparty.io.grpc.stub.ClientCalls.toStatusRuntimeException(ClientCalls.java:233)
	at org.apache.ratis.thirdparty.io.grpc.stub.ClientCalls.getUnchecked(ClientCalls.java:214)
	at org.apache.ratis.thirdparty.io.grpc.stub.ClientCalls.blockingUnaryCall(ClientCalls.java:139)
	at org.apache.ratis.proto.grpc.RaftServerProtocolServiceGrpc$RaftServerProtocolServiceBlockingStub.requestVote(RaftServerProtocolServiceGrpc.java:265)
	at org.apache.ratis.grpc.server.GrpcServerProtocolClient.requestVote(GrpcServerProtocolClient.java:99)
	at org.apache.ratis.grpc.server.GrpcService.requestVote(GrpcService.java:204)
	at org.apache.ratis.server.impl.LeaderElection.lambda$submitRequests$1(LeaderElection.java:234)
	at java.util.concurrent.FutureTask.run(FutureTask.java:266)
	at java.util.concurrent.Executors$RunnableAdapter.call(Executors.java:511)
	at java.util.concurrent.FutureTask.run(FutureTask.java:266)
	at java.util.concurrent.ThreadPoolExecutor.runWorker(ThreadPoolExecutor.java:1149)
	at java.util.concurrent.ThreadPoolExecutor$Worker.run(ThreadPoolExecutor.java:624)
	... 1 more
Caused by: org.apache.ratis.thirdparty.io.netty.channel.AbstractChannel$AnnotatedConnectException: Connection refused: /192.168.157.233:42906
	at sun.nio.ch.SocketChannelImpl.checkConnect(Native Method)
	at sun.nio.ch.SocketChannelImpl.finishConnect(SocketChannelImpl.java:717)
	at org.apache.ratis.thirdparty.io.netty.channel.socket.nio.NioSocketChannel.doFinishConnect(NioSocketChannel.java:327)
	at org.apache.ratis.thirdparty.io.netty.channel.nio.AbstractNioChannel$AbstractNioUnsafe.finishConnect(AbstractNioChannel.java:340)
	at org.apache.ratis.thirdparty.io.netty.channel.nio.NioEventLoop.processSelectedKey(NioEventLoop.java:632)
	at org.apache.ratis.thirdparty.io.netty.channel.nio.NioEventLoop.processSelectedKeysOptimized(NioEventLoop.java:579)
	at org.apache.ratis.thirdparty.io.netty.channel.nio.NioEventLoop.processSelectedKeys(NioEventLoop.java:496)
	at org.apache.ratis.thirdparty.io.netty.channel.nio.NioEventLoop.run(NioEventLoop.java:458)
	at org.apache.ratis.thirdparty.io.netty.util.concurrent.SingleThreadEventExecutor$5.run(SingleThreadEventExecutor.java:897)
	at org.apache.ratis.thirdparty.io.netty.util.concurrent.FastThreadLocalRunnable.run(FastThreadLocalRunnable.java:30)
	... 1 more
Caused by: java.net.ConnectException: Connection refused
	... 11 more
2019-10-25 11:08:08,542 [f6cfa8a2-85ff-4bb9-a246-101c53d2d47b@group-49E82E920F3F-LeaderElection672] INFO  impl.RaftServerImpl (RaftServerImpl.java:setRole(184)) - f6cfa8a2-85ff-4bb9-a246-101c53d2d47b@group-49E82E920F3F: changes role from CANDIDATE to FOLLOWER at term 263 for DISCOVERED_A_NEW_TERM
2019-10-25 11:08:08,543 [f6cfa8a2-85ff-4bb9-a246-101c53d2d47b@group-49E82E920F3F-LeaderElection672] INFO  impl.RoleInfo (RoleInfo.java:shutdownLeaderElection(134)) - f6cfa8a2-85ff-4bb9-a246-101c53d2d47b: shutdown LeaderElection
2019-10-25 11:08:08,543 [f6cfa8a2-85ff-4bb9-a246-101c53d2d47b@group-49E82E920F3F-LeaderElection672] INFO  impl.RoleInfo (RoleInfo.java:updateAndGet(143)) - f6cfa8a2-85ff-4bb9-a246-101c53d2d47b: start FollowerState
2019-10-25 11:08:08,691 [Thread-5310] INFO  impl.FollowerState (FollowerState.java:run(108)) - f6cfa8a2-85ff-4bb9-a246-101c53d2d47b@group-49E82E920F3F-FollowerState: change to CANDIDATE, lastRpcTime:148ms, electionTimeout:148ms
2019-10-25 11:08:08,691 [Thread-5310] INFO  impl.RoleInfo (RoleInfo.java:shutdownFollowerState(121)) - f6cfa8a2-85ff-4bb9-a246-101c53d2d47b: shutdown FollowerState
2019-10-25 11:08:08,691 [Thread-5310] INFO  impl.RaftServerImpl (RaftServerImpl.java:setRole(184)) - f6cfa8a2-85ff-4bb9-a246-101c53d2d47b@group-49E82E920F3F: changes role from  FOLLOWER to CANDIDATE at term 263 for changeToCandidate
2019-10-25 11:08:08,692 [Thread-5310] INFO  impl.RoleInfo (RoleInfo.java:updateAndGet(143)) - f6cfa8a2-85ff-4bb9-a246-101c53d2d47b: start LeaderElection
2019-10-25 11:08:08,705 [f6cfa8a2-85ff-4bb9-a246-101c53d2d47b@group-49E82E920F3F-LeaderElection673] INFO  impl.LeaderElection (LeaderElection.java:askForVotes(178)) - f6cfa8a2-85ff-4bb9-a246-101c53d2d47b@group-49E82E920F3F-LeaderElection673: begin an election at term 264 for -1: [7fad1e98-7a6b-4998-a30c-ec1ab88068bc:192.168.157.233:35716, bdb27072-dd00-4d3b-a7da-41600e490ca3:192.168.157.233:42906, f6cfa8a2-85ff-4bb9-a246-101c53d2d47b:192.168.157.233:44618], old=null
2019-10-25 11:08:08,706 [f6cfa8a2-85ff-4bb9-a246-101c53d2d47b@group-49E82E920F3F-LeaderElection673] INFO  impl.LeaderElection (LogUtils.java:infoOrTrace(149)) - f6cfa8a2-85ff-4bb9-a246-101c53d2d47b@group-49E82E920F3F-LeaderElection673 got exception when requesting votes: {}
java.util.concurrent.ExecutionException: org.apache.ratis.thirdparty.io.grpc.StatusRuntimeException: UNAVAILABLE: io exception
	at java.util.concurrent.FutureTask.report(FutureTask.java:122)
	at java.util.concurrent.FutureTask.get(FutureTask.java:192)
	at org.apache.ratis.server.impl.LeaderElection.waitForResults(LeaderElection.java:259)
	at org.apache.ratis.server.impl.LeaderElection.askForVotes(LeaderElection.java:197)
	at org.apache.ratis.server.impl.LeaderElection.run(LeaderElection.java:133)
	at java.lang.Thread.run(Thread.java:748)
Caused by: org.apache.ratis.thirdparty.io.grpc.StatusRuntimeException: UNAVAILABLE: io exception
	at org.apache.ratis.thirdparty.io.grpc.stub.ClientCalls.toStatusRuntimeException(ClientCalls.java:233)
	at org.apache.ratis.thirdparty.io.grpc.stub.ClientCalls.getUnchecked(ClientCalls.java:214)
	at org.apache.ratis.thirdparty.io.grpc.stub.ClientCalls.blockingUnaryCall(ClientCalls.java:139)
	at org.apache.ratis.proto.grpc.RaftServerProtocolServiceGrpc$RaftServerProtocolServiceBlockingStub.requestVote(RaftServerProtocolServiceGrpc.java:265)
	at org.apache.ratis.grpc.server.GrpcServerProtocolClient.requestVote(GrpcServerProtocolClient.java:99)
	at org.apache.ratis.grpc.server.GrpcService.requestVote(GrpcService.java:204)
	at org.apache.ratis.server.impl.LeaderElection.lambda$submitRequests$1(LeaderElection.java:234)
	at java.util.concurrent.FutureTask.run(FutureTask.java:266)
	at java.util.concurrent.Executors$RunnableAdapter.call(Executors.java:511)
	at java.util.concurrent.FutureTask.run(FutureTask.java:266)
	at java.util.concurrent.ThreadPoolExecutor.runWorker(ThreadPoolExecutor.java:1149)
	at java.util.concurrent.ThreadPoolExecutor$Worker.run(ThreadPoolExecutor.java:624)
	... 1 more
Caused by: org.apache.ratis.thirdparty.io.netty.channel.AbstractChannel$AnnotatedConnectException: Connection refused: /192.168.157.233:42906
	at sun.nio.ch.SocketChannelImpl.checkConnect(Native Method)
	at sun.nio.ch.SocketChannelImpl.finishConnect(SocketChannelImpl.java:717)
	at org.apache.ratis.thirdparty.io.netty.channel.socket.nio.NioSocketChannel.doFinishConnect(NioSocketChannel.java:327)
	at org.apache.ratis.thirdparty.io.netty.channel.nio.AbstractNioChannel$AbstractNioUnsafe.finishConnect(AbstractNioChannel.java:340)
	at org.apache.ratis.thirdparty.io.netty.channel.nio.NioEventLoop.processSelectedKey(NioEventLoop.java:632)
	at org.apache.ratis.thirdparty.io.netty.channel.nio.NioEventLoop.processSelectedKeysOptimized(NioEventLoop.java:579)
	at org.apache.ratis.thirdparty.io.netty.channel.nio.NioEventLoop.processSelectedKeys(NioEventLoop.java:496)
	at org.apache.ratis.thirdparty.io.netty.channel.nio.NioEventLoop.run(NioEventLoop.java:458)
	at org.apache.ratis.thirdparty.io.netty.util.concurrent.SingleThreadEventExecutor$5.run(SingleThreadEventExecutor.java:897)
	at org.apache.ratis.thirdparty.io.netty.util.concurrent.FastThreadLocalRunnable.run(FastThreadLocalRunnable.java:30)
	... 1 more
Caused by: java.net.ConnectException: Connection refused
	... 11 more
2019-10-25 11:08:08,706 [f6cfa8a2-85ff-4bb9-a246-101c53d2d47b@group-49E82E920F3F-LeaderElection673] INFO  impl.LeaderElection (LogUtils.java:infoOrTrace(149)) - f6cfa8a2-85ff-4bb9-a246-101c53d2d47b@group-49E82E920F3F-LeaderElection673 got exception when requesting votes: {}
java.util.concurrent.ExecutionException: org.apache.ratis.thirdparty.io.grpc.StatusRuntimeException: UNAVAILABLE: io exception
	at java.util.concurrent.FutureTask.report(FutureTask.java:122)
	at java.util.concurrent.FutureTask.get(FutureTask.java:192)
	at org.apache.ratis.server.impl.LeaderElection.waitForResults(LeaderElection.java:259)
	at org.apache.ratis.server.impl.LeaderElection.askForVotes(LeaderElection.java:197)
	at org.apache.ratis.server.impl.LeaderElection.run(LeaderElection.java:133)
	at java.lang.Thread.run(Thread.java:748)
Caused by: org.apache.ratis.thirdparty.io.grpc.StatusRuntimeException: UNAVAILABLE: io exception
	at org.apache.ratis.thirdparty.io.grpc.stub.ClientCalls.toStatusRuntimeException(ClientCalls.java:233)
	at org.apache.ratis.thirdparty.io.grpc.stub.ClientCalls.getUnchecked(ClientCalls.java:214)
	at org.apache.ratis.thirdparty.io.grpc.stub.ClientCalls.blockingUnaryCall(ClientCalls.java:139)
	at org.apache.ratis.proto.grpc.RaftServerProtocolServiceGrpc$RaftServerProtocolServiceBlockingStub.requestVote(RaftServerProtocolServiceGrpc.java:265)
	at org.apache.ratis.grpc.server.GrpcServerProtocolClient.requestVote(GrpcServerProtocolClient.java:99)
	at org.apache.ratis.grpc.server.GrpcService.requestVote(GrpcService.java:204)
	at org.apache.ratis.server.impl.LeaderElection.lambda$submitRequests$1(LeaderElection.java:234)
	at java.util.concurrent.FutureTask.run(FutureTask.java:266)
	at java.util.concurrent.Executors$RunnableAdapter.call(Executors.java:511)
	at java.util.concurrent.FutureTask.run(FutureTask.java:266)
	at java.util.concurrent.ThreadPoolExecutor.runWorker(ThreadPoolExecutor.java:1149)
	at java.util.concurrent.ThreadPoolExecutor$Worker.run(ThreadPoolExecutor.java:624)
	... 1 more
Caused by: org.apache.ratis.thirdparty.io.netty.channel.AbstractChannel$AnnotatedConnectException: Connection refused: /192.168.157.233:35716
	at sun.nio.ch.SocketChannelImpl.checkConnect(Native Method)
	at sun.nio.ch.SocketChannelImpl.finishConnect(SocketChannelImpl.java:717)
	at org.apache.ratis.thirdparty.io.netty.channel.socket.nio.NioSocketChannel.doFinishConnect(NioSocketChannel.java:327)
	at org.apache.ratis.thirdparty.io.netty.channel.nio.AbstractNioChannel$AbstractNioUnsafe.finishConnect(AbstractNioChannel.java:340)
	at org.apache.ratis.thirdparty.io.netty.channel.nio.NioEventLoop.processSelectedKey(NioEventLoop.java:632)
	at org.apache.ratis.thirdparty.io.netty.channel.nio.NioEventLoop.processSelectedKeysOptimized(NioEventLoop.java:579)
	at org.apache.ratis.thirdparty.io.netty.channel.nio.NioEventLoop.processSelectedKeys(NioEventLoop.java:496)
	at org.apache.ratis.thirdparty.io.netty.channel.nio.NioEventLoop.run(NioEventLoop.java:458)
	at org.apache.ratis.thirdparty.io.netty.util.concurrent.SingleThreadEventExecutor$5.run(SingleThreadEventExecutor.java:897)
	at org.apache.ratis.thirdparty.io.netty.util.concurrent.FastThreadLocalRunnable.run(FastThreadLocalRunnable.java:30)
	... 1 more
Caused by: java.net.ConnectException: Connection refused
	... 11 more
2019-10-25 11:08:08,707 [f6cfa8a2-85ff-4bb9-a246-101c53d2d47b@group-49E82E920F3F-LeaderElection673] INFO  impl.LeaderElection (LeaderElection.java:logAndReturn(56)) - f6cfa8a2-85ff-4bb9-a246-101c53d2d47b@group-49E82E920F3F-LeaderElection673: Election REJECTED; received 0 response(s) [] and 2 exception(s); f6cfa8a2-85ff-4bb9-a246-101c53d2d47b@group-49E82E920F3F:t264, leader=null, voted=f6cfa8a2-85ff-4bb9-a246-101c53d2d47b, raftlog=f6cfa8a2-85ff-4bb9-a246-101c53d2d47b@group-49E82E920F3F-SegmentedRaftLog:OPENED:c-1,f-1,i0, conf=-1: [7fad1e98-7a6b-4998-a30c-ec1ab88068bc:192.168.157.233:35716, bdb27072-dd00-4d3b-a7da-41600e490ca3:192.168.157.233:42906, f6cfa8a2-85ff-4bb9-a246-101c53d2d47b:192.168.157.233:44618], old=null
2019-10-25 11:08:08,707 [f6cfa8a2-85ff-4bb9-a246-101c53d2d47b@group-49E82E920F3F-LeaderElection673] INFO  impl.LeaderElection (LogUtils.java:infoOrTrace(149)) -   Exception 0: {}
java.util.concurrent.ExecutionException: org.apache.ratis.thirdparty.io.grpc.StatusRuntimeException: UNAVAILABLE: io exception
	at java.util.concurrent.FutureTask.report(FutureTask.java:122)
	at java.util.concurrent.FutureTask.get(FutureTask.java:192)
	at org.apache.ratis.server.impl.LeaderElection.waitForResults(LeaderElection.java:259)
	at org.apache.ratis.server.impl.LeaderElection.askForVotes(LeaderElection.java:197)
	at org.apache.ratis.server.impl.LeaderElection.run(LeaderElection.java:133)
	at java.lang.Thread.run(Thread.java:748)
Caused by: org.apache.ratis.thirdparty.io.grpc.StatusRuntimeException: UNAVAILABLE: io exception
	at org.apache.ratis.thirdparty.io.grpc.stub.ClientCalls.toStatusRuntimeException(ClientCalls.java:233)
	at org.apache.ratis.thirdparty.io.grpc.stub.ClientCalls.getUnchecked(ClientCalls.java:214)
	at org.apache.ratis.thirdparty.io.grpc.stub.ClientCalls.blockingUnaryCall(ClientCalls.java:139)
	at org.apache.ratis.proto.grpc.RaftServerProtocolServiceGrpc$RaftServerProtocolServiceBlockingStub.requestVote(RaftServerProtocolServiceGrpc.java:265)
	at org.apache.ratis.grpc.server.GrpcServerProtocolClient.requestVote(GrpcServerProtocolClient.java:99)
	at org.apache.ratis.grpc.server.GrpcService.requestVote(GrpcService.java:204)
	at org.apache.ratis.server.impl.LeaderElection.lambda$submitRequests$1(LeaderElection.java:234)
	at java.util.concurrent.FutureTask.run(FutureTask.java:266)
	at java.util.concurrent.Executors$RunnableAdapter.call(Executors.java:511)
	at java.util.concurrent.FutureTask.run(FutureTask.java:266)
	at java.util.concurrent.ThreadPoolExecutor.runWorker(ThreadPoolExecutor.java:1149)
	at java.util.concurrent.ThreadPoolExecutor$Worker.run(ThreadPoolExecutor.java:624)
	... 1 more
Caused by: org.apache.ratis.thirdparty.io.netty.channel.AbstractChannel$AnnotatedConnectException: Connection refused: /192.168.157.233:42906
	at sun.nio.ch.SocketChannelImpl.checkConnect(Native Method)
	at sun.nio.ch.SocketChannelImpl.finishConnect(SocketChannelImpl.java:717)
	at org.apache.ratis.thirdparty.io.netty.channel.socket.nio.NioSocketChannel.doFinishConnect(NioSocketChannel.java:327)
	at org.apache.ratis.thirdparty.io.netty.channel.nio.AbstractNioChannel$AbstractNioUnsafe.finishConnect(AbstractNioChannel.java:340)
	at org.apache.ratis.thirdparty.io.netty.channel.nio.NioEventLoop.processSelectedKey(NioEventLoop.java:632)
	at org.apache.ratis.thirdparty.io.netty.channel.nio.NioEventLoop.processSelectedKeysOptimized(NioEventLoop.java:579)
	at org.apache.ratis.thirdparty.io.netty.channel.nio.NioEventLoop.processSelectedKeys(NioEventLoop.java:496)
	at org.apache.ratis.thirdparty.io.netty.channel.nio.NioEventLoop.run(NioEventLoop.java:458)
	at org.apache.ratis.thirdparty.io.netty.util.concurrent.SingleThreadEventExecutor$5.run(SingleThreadEventExecutor.java:897)
	at org.apache.ratis.thirdparty.io.netty.util.concurrent.FastThreadLocalRunnable.run(FastThreadLocalRunnable.java:30)
	... 1 more
Caused by: java.net.ConnectException: Connection refused
	... 11 more
2019-10-25 11:08:08,708 [f6cfa8a2-85ff-4bb9-a246-101c53d2d47b@group-49E82E920F3F-LeaderElection673] INFO  impl.LeaderElection (LogUtils.java:infoOrTrace(149)) -   Exception 1: {}
java.util.concurrent.ExecutionException: org.apache.ratis.thirdparty.io.grpc.StatusRuntimeException: UNAVAILABLE: io exception
	at java.util.concurrent.FutureTask.report(FutureTask.java:122)
	at java.util.concurrent.FutureTask.get(FutureTask.java:192)
	at org.apache.ratis.server.impl.LeaderElection.waitForResults(LeaderElection.java:259)
	at org.apache.ratis.server.impl.LeaderElection.askForVotes(LeaderElection.java:197)
	at org.apache.ratis.server.impl.LeaderElection.run(LeaderElection.java:133)
	at java.lang.Thread.run(Thread.java:748)
Caused by: org.apache.ratis.thirdparty.io.grpc.StatusRuntimeException: UNAVAILABLE: io exception
	at org.apache.ratis.thirdparty.io.grpc.stub.ClientCalls.toStatusRuntimeException(ClientCalls.java:233)
	at org.apache.ratis.thirdparty.io.grpc.stub.ClientCalls.getUnchecked(ClientCalls.java:214)
	at org.apache.ratis.thirdparty.io.grpc.stub.ClientCalls.blockingUnaryCall(ClientCalls.java:139)
	at org.apache.ratis.proto.grpc.RaftServerProtocolServiceGrpc$RaftServerProtocolServiceBlockingStub.requestVote(RaftServerProtocolServiceGrpc.java:265)
	at org.apache.ratis.grpc.server.GrpcServerProtocolClient.requestVote(GrpcServerProtocolClient.java:99)
	at org.apache.ratis.grpc.server.GrpcService.requestVote(GrpcService.java:204)
	at org.apache.ratis.server.impl.LeaderElection.lambda$submitRequests$1(LeaderElection.java:234)
	at java.util.concurrent.FutureTask.run(FutureTask.java:266)
	at java.util.concurrent.Executors$RunnableAdapter.call(Executors.java:511)
	at java.util.concurrent.FutureTask.run(FutureTask.java:266)
	at java.util.concurrent.ThreadPoolExecutor.runWorker(ThreadPoolExecutor.java:1149)
	at java.util.concurrent.ThreadPoolExecutor$Worker.run(ThreadPoolExecutor.java:624)
	... 1 more
Caused by: org.apache.ratis.thirdparty.io.netty.channel.AbstractChannel$AnnotatedConnectException: Connection refused: /192.168.157.233:35716
	at sun.nio.ch.SocketChannelImpl.checkConnect(Native Method)
	at sun.nio.ch.SocketChannelImpl.finishConnect(SocketChannelImpl.java:717)
	at org.apache.ratis.thirdparty.io.netty.channel.socket.nio.NioSocketChannel.doFinishConnect(NioSocketChannel.java:327)
	at org.apache.ratis.thirdparty.io.netty.channel.nio.AbstractNioChannel$AbstractNioUnsafe.finishConnect(AbstractNioChannel.java:340)
	at org.apache.ratis.thirdparty.io.netty.channel.nio.NioEventLoop.processSelectedKey(NioEventLoop.java:632)
	at org.apache.ratis.thirdparty.io.netty.channel.nio.NioEventLoop.processSelectedKeysOptimized(NioEventLoop.java:579)
	at org.apache.ratis.thirdparty.io.netty.channel.nio.NioEventLoop.processSelectedKeys(NioEventLoop.java:496)
	at org.apache.ratis.thirdparty.io.netty.channel.nio.NioEventLoop.run(NioEventLoop.java:458)
	at org.apache.ratis.thirdparty.io.netty.util.concurrent.SingleThreadEventExecutor$5.run(SingleThreadEventExecutor.java:897)
	at org.apache.ratis.thirdparty.io.netty.util.concurrent.FastThreadLocalRunnable.run(FastThreadLocalRunnable.java:30)
	... 1 more
Caused by: java.net.ConnectException: Connection refused
	... 11 more
2019-10-25 11:08:08,708 [f6cfa8a2-85ff-4bb9-a246-101c53d2d47b@group-49E82E920F3F-LeaderElection673] INFO  impl.RaftServerImpl (RaftServerImpl.java:setRole(184)) - f6cfa8a2-85ff-4bb9-a246-101c53d2d47b@group-49E82E920F3F: changes role from CANDIDATE to FOLLOWER at term 264 for DISCOVERED_A_NEW_TERM
2019-10-25 11:08:08,708 [f6cfa8a2-85ff-4bb9-a246-101c53d2d47b@group-49E82E920F3F-LeaderElection673] INFO  impl.RoleInfo (RoleInfo.java:shutdownLeaderElection(134)) - f6cfa8a2-85ff-4bb9-a246-101c53d2d47b: shutdown LeaderElection
2019-10-25 11:08:08,708 [f6cfa8a2-85ff-4bb9-a246-101c53d2d47b@group-49E82E920F3F-LeaderElection673] INFO  impl.RoleInfo (RoleInfo.java:updateAndGet(143)) - f6cfa8a2-85ff-4bb9-a246-101c53d2d47b: start FollowerState
2019-10-25 11:08:08,766 [Thread-5314] INFO  impl.FollowerState (FollowerState.java:run(108)) - f6cfa8a2-85ff-4bb9-a246-101c53d2d47b@group-49E82E920F3F-FollowerState: change to CANDIDATE, lastRpcTime:57ms, electionTimeout:57ms
2019-10-25 11:08:08,766 [Thread-5314] INFO  impl.RoleInfo (RoleInfo.java:shutdownFollowerState(121)) - f6cfa8a2-85ff-4bb9-a246-101c53d2d47b: shutdown FollowerState
2019-10-25 11:08:08,766 [Thread-5314] INFO  impl.RaftServerImpl (RaftServerImpl.java:setRole(184)) - f6cfa8a2-85ff-4bb9-a246-101c53d2d47b@group-49E82E920F3F: changes role from  FOLLOWER to CANDIDATE at term 264 for changeToCandidate
2019-10-25 11:08:08,766 [Thread-5314] INFO  impl.RoleInfo (RoleInfo.java:updateAndGet(143)) - f6cfa8a2-85ff-4bb9-a246-101c53d2d47b: start LeaderElection
2019-10-25 11:08:08,779 [f6cfa8a2-85ff-4bb9-a246-101c53d2d47b@group-49E82E920F3F-LeaderElection674] INFO  impl.LeaderElection (LeaderElection.java:askForVotes(178)) - f6cfa8a2-85ff-4bb9-a246-101c53d2d47b@group-49E82E920F3F-LeaderElection674: begin an election at term 265 for -1: [7fad1e98-7a6b-4998-a30c-ec1ab88068bc:192.168.157.233:35716, bdb27072-dd00-4d3b-a7da-41600e490ca3:192.168.157.233:42906, f6cfa8a2-85ff-4bb9-a246-101c53d2d47b:192.168.157.233:44618], old=null
2019-10-25 11:08:08,780 [f6cfa8a2-85ff-4bb9-a246-101c53d2d47b@group-49E82E920F3F-LeaderElection674] INFO  impl.LeaderElection (LogUtils.java:infoOrTrace(149)) - f6cfa8a2-85ff-4bb9-a246-101c53d2d47b@group-49E82E920F3F-LeaderElection674 got exception when requesting votes: {}
java.util.concurrent.ExecutionException: org.apache.ratis.thirdparty.io.grpc.StatusRuntimeException: UNAVAILABLE: io exception
	at java.util.concurrent.FutureTask.report(FutureTask.java:122)
	at java.util.concurrent.FutureTask.get(FutureTask.java:192)
	at org.apache.ratis.server.impl.LeaderElection.waitForResults(LeaderElection.java:259)
	at org.apache.ratis.server.impl.LeaderElection.askForVotes(LeaderElection.java:197)
	at org.apache.ratis.server.impl.LeaderElection.run(LeaderElection.java:133)
	at java.lang.Thread.run(Thread.java:748)
Caused by: org.apache.ratis.thirdparty.io.grpc.StatusRuntimeException: UNAVAILABLE: io exception
	at org.apache.ratis.thirdparty.io.grpc.stub.ClientCalls.toStatusRuntimeException(ClientCalls.java:233)
	at org.apache.ratis.thirdparty.io.grpc.stub.ClientCalls.getUnchecked(ClientCalls.java:214)
	at org.apache.ratis.thirdparty.io.grpc.stub.ClientCalls.blockingUnaryCall(ClientCalls.java:139)
	at org.apache.ratis.proto.grpc.RaftServerProtocolServiceGrpc$RaftServerProtocolServiceBlockingStub.requestVote(RaftServerProtocolServiceGrpc.java:265)
	at org.apache.ratis.grpc.server.GrpcServerProtocolClient.requestVote(GrpcServerProtocolClient.java:99)
	at org.apache.ratis.grpc.server.GrpcService.requestVote(GrpcService.java:204)
	at org.apache.ratis.server.impl.LeaderElection.lambda$submitRequests$1(LeaderElection.java:234)
	at java.util.concurrent.FutureTask.run(FutureTask.java:266)
	at java.util.concurrent.Executors$RunnableAdapter.call(Executors.java:511)
	at java.util.concurrent.FutureTask.run(FutureTask.java:266)
	at java.util.concurrent.ThreadPoolExecutor.runWorker(ThreadPoolExecutor.java:1149)
	at java.util.concurrent.ThreadPoolExecutor$Worker.run(ThreadPoolExecutor.java:624)
	... 1 more
Caused by: org.apache.ratis.thirdparty.io.netty.channel.AbstractChannel$AnnotatedConnectException: Connection refused: /192.168.157.233:42906
	at sun.nio.ch.SocketChannelImpl.checkConnect(Native Method)
	at sun.nio.ch.SocketChannelImpl.finishConnect(SocketChannelImpl.java:717)
	at org.apache.ratis.thirdparty.io.netty.channel.socket.nio.NioSocketChannel.doFinishConnect(NioSocketChannel.java:327)
	at org.apache.ratis.thirdparty.io.netty.channel.nio.AbstractNioChannel$AbstractNioUnsafe.finishConnect(AbstractNioChannel.java:340)
	at org.apache.ratis.thirdparty.io.netty.channel.nio.NioEventLoop.processSelectedKey(NioEventLoop.java:632)
	at org.apache.ratis.thirdparty.io.netty.channel.nio.NioEventLoop.processSelectedKeysOptimized(NioEventLoop.java:579)
	at org.apache.ratis.thirdparty.io.netty.channel.nio.NioEventLoop.processSelectedKeys(NioEventLoop.java:496)
	at org.apache.ratis.thirdparty.io.netty.channel.nio.NioEventLoop.run(NioEventLoop.java:458)
	at org.apache.ratis.thirdparty.io.netty.util.concurrent.SingleThreadEventExecutor$5.run(SingleThreadEventExecutor.java:897)
	at org.apache.ratis.thirdparty.io.netty.util.concurrent.FastThreadLocalRunnable.run(FastThreadLocalRunnable.java:30)
	... 1 more
Caused by: java.net.ConnectException: Connection refused
	... 11 more
2019-10-25 11:08:08,780 [f6cfa8a2-85ff-4bb9-a246-101c53d2d47b@group-49E82E920F3F-LeaderElection674] INFO  impl.LeaderElection (LogUtils.java:infoOrTrace(149)) - f6cfa8a2-85ff-4bb9-a246-101c53d2d47b@group-49E82E920F3F-LeaderElection674 got exception when requesting votes: {}
java.util.concurrent.ExecutionException: org.apache.ratis.thirdparty.io.grpc.StatusRuntimeException: UNAVAILABLE: io exception
	at java.util.concurrent.FutureTask.report(FutureTask.java:122)
	at java.util.concurrent.FutureTask.get(FutureTask.java:192)
	at org.apache.ratis.server.impl.LeaderElection.waitForResults(LeaderElection.java:259)
	at org.apache.ratis.server.impl.LeaderElection.askForVotes(LeaderElection.java:197)
	at org.apache.ratis.server.impl.LeaderElection.run(LeaderElection.java:133)
	at java.lang.Thread.run(Thread.java:748)
Caused by: org.apache.ratis.thirdparty.io.grpc.StatusRuntimeException: UNAVAILABLE: io exception
	at org.apache.ratis.thirdparty.io.grpc.stub.ClientCalls.toStatusRuntimeException(ClientCalls.java:233)
	at org.apache.ratis.thirdparty.io.grpc.stub.ClientCalls.getUnchecked(ClientCalls.java:214)
	at org.apache.ratis.thirdparty.io.grpc.stub.ClientCalls.blockingUnaryCall(ClientCalls.java:139)
	at org.apache.ratis.proto.grpc.RaftServerProtocolServiceGrpc$RaftServerProtocolServiceBlockingStub.requestVote(RaftServerProtocolServiceGrpc.java:265)
	at org.apache.ratis.grpc.server.GrpcServerProtocolClient.requestVote(GrpcServerProtocolClient.java:99)
	at org.apache.ratis.grpc.server.GrpcService.requestVote(GrpcService.java:204)
	at org.apache.ratis.server.impl.LeaderElection.lambda$submitRequests$1(LeaderElection.java:234)
	at java.util.concurrent.FutureTask.run(FutureTask.java:266)
	at java.util.concurrent.Executors$RunnableAdapter.call(Executors.java:511)
	at java.util.concurrent.FutureTask.run(FutureTask.java:266)
	at java.util.concurrent.ThreadPoolExecutor.runWorker(ThreadPoolExecutor.java:1149)
	at java.util.concurrent.ThreadPoolExecutor$Worker.run(ThreadPoolExecutor.java:624)
	... 1 more
Caused by: org.apache.ratis.thirdparty.io.netty.channel.AbstractChannel$AnnotatedConnectException: Connection refused: /192.168.157.233:35716
	at sun.nio.ch.SocketChannelImpl.checkConnect(Native Method)
	at sun.nio.ch.SocketChannelImpl.finishConnect(SocketChannelImpl.java:717)
	at org.apache.ratis.thirdparty.io.netty.channel.socket.nio.NioSocketChannel.doFinishConnect(NioSocketChannel.java:327)
	at org.apache.ratis.thirdparty.io.netty.channel.nio.AbstractNioChannel$AbstractNioUnsafe.finishConnect(AbstractNioChannel.java:340)
	at org.apache.ratis.thirdparty.io.netty.channel.nio.NioEventLoop.processSelectedKey(NioEventLoop.java:632)
	at org.apache.ratis.thirdparty.io.netty.channel.nio.NioEventLoop.processSelectedKeysOptimized(NioEventLoop.java:579)
	at org.apache.ratis.thirdparty.io.netty.channel.nio.NioEventLoop.processSelectedKeys(NioEventLoop.java:496)
	at org.apache.ratis.thirdparty.io.netty.channel.nio.NioEventLoop.run(NioEventLoop.java:458)
	at org.apache.ratis.thirdparty.io.netty.util.concurrent.SingleThreadEventExecutor$5.run(SingleThreadEventExecutor.java:897)
	at org.apache.ratis.thirdparty.io.netty.util.concurrent.FastThreadLocalRunnable.run(FastThreadLocalRunnable.java:30)
	... 1 more
Caused by: java.net.ConnectException: Connection refused
	... 11 more
2019-10-25 11:08:08,781 [f6cfa8a2-85ff-4bb9-a246-101c53d2d47b@group-49E82E920F3F-LeaderElection674] INFO  impl.LeaderElection (LeaderElection.java:logAndReturn(56)) - f6cfa8a2-85ff-4bb9-a246-101c53d2d47b@group-49E82E920F3F-LeaderElection674: Election REJECTED; received 0 response(s) [] and 2 exception(s); f6cfa8a2-85ff-4bb9-a246-101c53d2d47b@group-49E82E920F3F:t265, leader=null, voted=f6cfa8a2-85ff-4bb9-a246-101c53d2d47b, raftlog=f6cfa8a2-85ff-4bb9-a246-101c53d2d47b@group-49E82E920F3F-SegmentedRaftLog:OPENED:c-1,f-1,i0, conf=-1: [7fad1e98-7a6b-4998-a30c-ec1ab88068bc:192.168.157.233:35716, bdb27072-dd00-4d3b-a7da-41600e490ca3:192.168.157.233:42906, f6cfa8a2-85ff-4bb9-a246-101c53d2d47b:192.168.157.233:44618], old=null
2019-10-25 11:08:08,781 [f6cfa8a2-85ff-4bb9-a246-101c53d2d47b@group-49E82E920F3F-LeaderElection674] INFO  impl.LeaderElection (LogUtils.java:infoOrTrace(149)) -   Exception 0: {}
java.util.concurrent.ExecutionException: org.apache.ratis.thirdparty.io.grpc.StatusRuntimeException: UNAVAILABLE: io exception
	at java.util.concurrent.FutureTask.report(FutureTask.java:122)
	at java.util.concurrent.FutureTask.get(FutureTask.java:192)
	at org.apache.ratis.server.impl.LeaderElection.waitForResults(LeaderElection.java:259)
	at org.apache.ratis.server.impl.LeaderElection.askForVotes(LeaderElection.java:197)
	at org.apache.ratis.server.impl.LeaderElection.run(LeaderElection.java:133)
	at java.lang.Thread.run(Thread.java:748)
Caused by: org.apache.ratis.thirdparty.io.grpc.StatusRuntimeException: UNAVAILABLE: io exception
	at org.apache.ratis.thirdparty.io.grpc.stub.ClientCalls.toStatusRuntimeException(ClientCalls.java:233)
	at org.apache.ratis.thirdparty.io.grpc.stub.ClientCalls.getUnchecked(ClientCalls.java:214)
	at org.apache.ratis.thirdparty.io.grpc.stub.ClientCalls.blockingUnaryCall(ClientCalls.java:139)
	at org.apache.ratis.proto.grpc.RaftServerProtocolServiceGrpc$RaftServerProtocolServiceBlockingStub.requestVote(RaftServerProtocolServiceGrpc.java:265)
	at org.apache.ratis.grpc.server.GrpcServerProtocolClient.requestVote(GrpcServerProtocolClient.java:99)
	at org.apache.ratis.grpc.server.GrpcService.requestVote(GrpcService.java:204)
	at org.apache.ratis.server.impl.LeaderElection.lambda$submitRequests$1(LeaderElection.java:234)
	at java.util.concurrent.FutureTask.run(FutureTask.java:266)
	at java.util.concurrent.Executors$RunnableAdapter.call(Executors.java:511)
	at java.util.concurrent.FutureTask.run(FutureTask.java:266)
	at java.util.concurrent.ThreadPoolExecutor.runWorker(ThreadPoolExecutor.java:1149)
	at java.util.concurrent.ThreadPoolExecutor$Worker.run(ThreadPoolExecutor.java:624)
	... 1 more
Caused by: org.apache.ratis.thirdparty.io.netty.channel.AbstractChannel$AnnotatedConnectException: Connection refused: /192.168.157.233:42906
	at sun.nio.ch.SocketChannelImpl.checkConnect(Native Method)
	at sun.nio.ch.SocketChannelImpl.finishConnect(SocketChannelImpl.java:717)
	at org.apache.ratis.thirdparty.io.netty.channel.socket.nio.NioSocketChannel.doFinishConnect(NioSocketChannel.java:327)
	at org.apache.ratis.thirdparty.io.netty.channel.nio.AbstractNioChannel$AbstractNioUnsafe.finishConnect(AbstractNioChannel.java:340)
	at org.apache.ratis.thirdparty.io.netty.channel.nio.NioEventLoop.processSelectedKey(NioEventLoop.java:632)
	at org.apache.ratis.thirdparty.io.netty.channel.nio.NioEventLoop.processSelectedKeysOptimized(NioEventLoop.java:579)
	at org.apache.ratis.thirdparty.io.netty.channel.nio.NioEventLoop.processSelectedKeys(NioEventLoop.java:496)
	at org.apache.ratis.thirdparty.io.netty.channel.nio.NioEventLoop.run(NioEventLoop.java:458)
	at org.apache.ratis.thirdparty.io.netty.util.concurrent.SingleThreadEventExecutor$5.run(SingleThreadEventExecutor.java:897)
	at org.apache.ratis.thirdparty.io.netty.util.concurrent.FastThreadLocalRunnable.run(FastThreadLocalRunnable.java:30)
	... 1 more
Caused by: java.net.ConnectException: Connection refused
	... 11 more
2019-10-25 11:08:08,782 [f6cfa8a2-85ff-4bb9-a246-101c53d2d47b@group-49E82E920F3F-LeaderElection674] INFO  impl.LeaderElection (LogUtils.java:infoOrTrace(149)) -   Exception 1: {}
java.util.concurrent.ExecutionException: org.apache.ratis.thirdparty.io.grpc.StatusRuntimeException: UNAVAILABLE: io exception
	at java.util.concurrent.FutureTask.report(FutureTask.java:122)
	at java.util.concurrent.FutureTask.get(FutureTask.java:192)
	at org.apache.ratis.server.impl.LeaderElection.waitForResults(LeaderElection.java:259)
	at org.apache.ratis.server.impl.LeaderElection.askForVotes(LeaderElection.java:197)
	at org.apache.ratis.server.impl.LeaderElection.run(LeaderElection.java:133)
	at java.lang.Thread.run(Thread.java:748)
Caused by: org.apache.ratis.thirdparty.io.grpc.StatusRuntimeException: UNAVAILABLE: io exception
	at org.apache.ratis.thirdparty.io.grpc.stub.ClientCalls.toStatusRuntimeException(ClientCalls.java:233)
	at org.apache.ratis.thirdparty.io.grpc.stub.ClientCalls.getUnchecked(ClientCalls.java:214)
	at org.apache.ratis.thirdparty.io.grpc.stub.ClientCalls.blockingUnaryCall(ClientCalls.java:139)
	at org.apache.ratis.proto.grpc.RaftServerProtocolServiceGrpc$RaftServerProtocolServiceBlockingStub.requestVote(RaftServerProtocolServiceGrpc.java:265)
	at org.apache.ratis.grpc.server.GrpcServerProtocolClient.requestVote(GrpcServerProtocolClient.java:99)
	at org.apache.ratis.grpc.server.GrpcService.requestVote(GrpcService.java:204)
	at org.apache.ratis.server.impl.LeaderElection.lambda$submitRequests$1(LeaderElection.java:234)
	at java.util.concurrent.FutureTask.run(FutureTask.java:266)
	at java.util.concurrent.Executors$RunnableAdapter.call(Executors.java:511)
	at java.util.concurrent.FutureTask.run(FutureTask.java:266)
	at java.util.concurrent.ThreadPoolExecutor.runWorker(ThreadPoolExecutor.java:1149)
	at java.util.concurrent.ThreadPoolExecutor$Worker.run(ThreadPoolExecutor.java:624)
	... 1 more
Caused by: org.apache.ratis.thirdparty.io.netty.channel.AbstractChannel$AnnotatedConnectException: Connection refused: /192.168.157.233:35716
	at sun.nio.ch.SocketChannelImpl.checkConnect(Native Method)
	at sun.nio.ch.SocketChannelImpl.finishConnect(SocketChannelImpl.java:717)
	at org.apache.ratis.thirdparty.io.netty.channel.socket.nio.NioSocketChannel.doFinishConnect(NioSocketChannel.java:327)
	at org.apache.ratis.thirdparty.io.netty.channel.nio.AbstractNioChannel$AbstractNioUnsafe.finishConnect(AbstractNioChannel.java:340)
	at org.apache.ratis.thirdparty.io.netty.channel.nio.NioEventLoop.processSelectedKey(NioEventLoop.java:632)
	at org.apache.ratis.thirdparty.io.netty.channel.nio.NioEventLoop.processSelectedKeysOptimized(NioEventLoop.java:579)
	at org.apache.ratis.thirdparty.io.netty.channel.nio.NioEventLoop.processSelectedKeys(NioEventLoop.java:496)
	at org.apache.ratis.thirdparty.io.netty.channel.nio.NioEventLoop.run(NioEventLoop.java:458)
	at org.apache.ratis.thirdparty.io.netty.util.concurrent.SingleThreadEventExecutor$5.run(SingleThreadEventExecutor.java:897)
	at org.apache.ratis.thirdparty.io.netty.util.concurrent.FastThreadLocalRunnable.run(FastThreadLocalRunnable.java:30)
	... 1 more
Caused by: java.net.ConnectException: Connection refused
	... 11 more
2019-10-25 11:08:08,782 [f6cfa8a2-85ff-4bb9-a246-101c53d2d47b@group-49E82E920F3F-LeaderElection674] INFO  impl.RaftServerImpl (RaftServerImpl.java:setRole(184)) - f6cfa8a2-85ff-4bb9-a246-101c53d2d47b@group-49E82E920F3F: changes role from CANDIDATE to FOLLOWER at term 265 for DISCOVERED_A_NEW_TERM
2019-10-25 11:08:08,782 [f6cfa8a2-85ff-4bb9-a246-101c53d2d47b@group-49E82E920F3F-LeaderElection674] INFO  impl.RoleInfo (RoleInfo.java:shutdownLeaderElection(134)) - f6cfa8a2-85ff-4bb9-a246-101c53d2d47b: shutdown LeaderElection
2019-10-25 11:08:08,782 [f6cfa8a2-85ff-4bb9-a246-101c53d2d47b@group-49E82E920F3F-LeaderElection674] INFO  impl.RoleInfo (RoleInfo.java:updateAndGet(143)) - f6cfa8a2-85ff-4bb9-a246-101c53d2d47b: start FollowerState
2019-10-25 11:08:08,861 [Thread-5320] INFO  impl.FollowerState (FollowerState.java:run(108)) - f6cfa8a2-85ff-4bb9-a246-101c53d2d47b@group-49E82E920F3F-FollowerState: change to CANDIDATE, lastRpcTime:78ms, electionTimeout:78ms
2019-10-25 11:08:08,861 [Thread-5320] INFO  impl.RoleInfo (RoleInfo.java:shutdownFollowerState(121)) - f6cfa8a2-85ff-4bb9-a246-101c53d2d47b: shutdown FollowerState
2019-10-25 11:08:08,861 [Thread-5320] INFO  impl.RaftServerImpl (RaftServerImpl.java:setRole(184)) - f6cfa8a2-85ff-4bb9-a246-101c53d2d47b@group-49E82E920F3F: changes role from  FOLLOWER to CANDIDATE at term 265 for changeToCandidate
2019-10-25 11:08:08,861 [Thread-5320] INFO  impl.RoleInfo (RoleInfo.java:updateAndGet(143)) - f6cfa8a2-85ff-4bb9-a246-101c53d2d47b: start LeaderElection
2019-10-25 11:08:08,875 [f6cfa8a2-85ff-4bb9-a246-101c53d2d47b@group-49E82E920F3F-LeaderElection675] INFO  impl.LeaderElection (LeaderElection.java:askForVotes(178)) - f6cfa8a2-85ff-4bb9-a246-101c53d2d47b@group-49E82E920F3F-LeaderElection675: begin an election at term 266 for -1: [7fad1e98-7a6b-4998-a30c-ec1ab88068bc:192.168.157.233:35716, bdb27072-dd00-4d3b-a7da-41600e490ca3:192.168.157.233:42906, f6cfa8a2-85ff-4bb9-a246-101c53d2d47b:192.168.157.233:44618], old=null
2019-10-25 11:08:08,876 [f6cfa8a2-85ff-4bb9-a246-101c53d2d47b@group-49E82E920F3F-LeaderElection675] INFO  impl.LeaderElection (LogUtils.java:infoOrTrace(149)) - f6cfa8a2-85ff-4bb9-a246-101c53d2d47b@group-49E82E920F3F-LeaderElection675 got exception when requesting votes: {}
java.util.concurrent.ExecutionException: org.apache.ratis.thirdparty.io.grpc.StatusRuntimeException: UNAVAILABLE: io exception
	at java.util.concurrent.FutureTask.report(FutureTask.java:122)
	at java.util.concurrent.FutureTask.get(FutureTask.java:192)
	at org.apache.ratis.server.impl.LeaderElection.waitForResults(LeaderElection.java:259)
	at org.apache.ratis.server.impl.LeaderElection.askForVotes(LeaderElection.java:197)
	at org.apache.ratis.server.impl.LeaderElection.run(LeaderElection.java:133)
	at java.lang.Thread.run(Thread.java:748)
Caused by: org.apache.ratis.thirdparty.io.grpc.StatusRuntimeException: UNAVAILABLE: io exception
	at org.apache.ratis.thirdparty.io.grpc.stub.ClientCalls.toStatusRuntimeException(ClientCalls.java:233)
	at org.apache.ratis.thirdparty.io.grpc.stub.ClientCalls.getUnchecked(ClientCalls.java:214)
	at org.apache.ratis.thirdparty.io.grpc.stub.ClientCalls.blockingUnaryCall(ClientCalls.java:139)
	at org.apache.ratis.proto.grpc.RaftServerProtocolServiceGrpc$RaftServerProtocolServiceBlockingStub.requestVote(RaftServerProtocolServiceGrpc.java:265)
	at org.apache.ratis.grpc.server.GrpcServerProtocolClient.requestVote(GrpcServerProtocolClient.java:99)
	at org.apache.ratis.grpc.server.GrpcService.requestVote(GrpcService.java:204)
	at org.apache.ratis.server.impl.LeaderElection.lambda$submitRequests$1(LeaderElection.java:234)
	at java.util.concurrent.FutureTask.run(FutureTask.java:266)
	at java.util.concurrent.Executors$RunnableAdapter.call(Executors.java:511)
	at java.util.concurrent.FutureTask.run(FutureTask.java:266)
	at java.util.concurrent.ThreadPoolExecutor.runWorker(ThreadPoolExecutor.java:1149)
	at java.util.concurrent.ThreadPoolExecutor$Worker.run(ThreadPoolExecutor.java:624)
	... 1 more
Caused by: org.apache.ratis.thirdparty.io.netty.channel.AbstractChannel$AnnotatedConnectException: Connection refused: /192.168.157.233:35716
	at sun.nio.ch.SocketChannelImpl.checkConnect(Native Method)
	at sun.nio.ch.SocketChannelImpl.finishConnect(SocketChannelImpl.java:717)
	at org.apache.ratis.thirdparty.io.netty.channel.socket.nio.NioSocketChannel.doFinishConnect(NioSocketChannel.java:327)
	at org.apache.ratis.thirdparty.io.netty.channel.nio.AbstractNioChannel$AbstractNioUnsafe.finishConnect(AbstractNioChannel.java:340)
	at org.apache.ratis.thirdparty.io.netty.channel.nio.NioEventLoop.processSelectedKey(NioEventLoop.java:632)
	at org.apache.ratis.thirdparty.io.netty.channel.nio.NioEventLoop.processSelectedKeysOptimized(NioEventLoop.java:579)
	at org.apache.ratis.thirdparty.io.netty.channel.nio.NioEventLoop.processSelectedKeys(NioEventLoop.java:496)
	at org.apache.ratis.thirdparty.io.netty.channel.nio.NioEventLoop.run(NioEventLoop.java:458)
	at org.apache.ratis.thirdparty.io.netty.util.concurrent.SingleThreadEventExecutor$5.run(SingleThreadEventExecutor.java:897)
	at org.apache.ratis.thirdparty.io.netty.util.concurrent.FastThreadLocalRunnable.run(FastThreadLocalRunnable.java:30)
	... 1 more
Caused by: java.net.ConnectException: Connection refused
	... 11 more
2019-10-25 11:08:08,876 [f6cfa8a2-85ff-4bb9-a246-101c53d2d47b@group-49E82E920F3F-LeaderElection675] INFO  impl.LeaderElection (LogUtils.java:infoOrTrace(149)) - f6cfa8a2-85ff-4bb9-a246-101c53d2d47b@group-49E82E920F3F-LeaderElection675 got exception when requesting votes: {}
java.util.concurrent.ExecutionException: org.apache.ratis.thirdparty.io.grpc.StatusRuntimeException: UNAVAILABLE: io exception
	at java.util.concurrent.FutureTask.report(FutureTask.java:122)
	at java.util.concurrent.FutureTask.get(FutureTask.java:192)
	at org.apache.ratis.server.impl.LeaderElection.waitForResults(LeaderElection.java:259)
	at org.apache.ratis.server.impl.LeaderElection.askForVotes(LeaderElection.java:197)
	at org.apache.ratis.server.impl.LeaderElection.run(LeaderElection.java:133)
	at java.lang.Thread.run(Thread.java:748)
Caused by: org.apache.ratis.thirdparty.io.grpc.StatusRuntimeException: UNAVAILABLE: io exception
	at org.apache.ratis.thirdparty.io.grpc.stub.ClientCalls.toStatusRuntimeException(ClientCalls.java:233)
	at org.apache.ratis.thirdparty.io.grpc.stub.ClientCalls.getUnchecked(ClientCalls.java:214)
	at org.apache.ratis.thirdparty.io.grpc.stub.ClientCalls.blockingUnaryCall(ClientCalls.java:139)
	at org.apache.ratis.proto.grpc.RaftServerProtocolServiceGrpc$RaftServerProtocolServiceBlockingStub.requestVote(RaftServerProtocolServiceGrpc.java:265)
	at org.apache.ratis.grpc.server.GrpcServerProtocolClient.requestVote(GrpcServerProtocolClient.java:99)
	at org.apache.ratis.grpc.server.GrpcService.requestVote(GrpcService.java:204)
	at org.apache.ratis.server.impl.LeaderElection.lambda$submitRequests$1(LeaderElection.java:234)
	at java.util.concurrent.FutureTask.run(FutureTask.java:266)
	at java.util.concurrent.Executors$RunnableAdapter.call(Executors.java:511)
	at java.util.concurrent.FutureTask.run(FutureTask.java:266)
	at java.util.concurrent.ThreadPoolExecutor.runWorker(ThreadPoolExecutor.java:1149)
	at java.util.concurrent.ThreadPoolExecutor$Worker.run(ThreadPoolExecutor.java:624)
	... 1 more
Caused by: org.apache.ratis.thirdparty.io.netty.channel.AbstractChannel$AnnotatedConnectException: Connection refused: /192.168.157.233:42906
	at sun.nio.ch.SocketChannelImpl.checkConnect(Native Method)
	at sun.nio.ch.SocketChannelImpl.finishConnect(SocketChannelImpl.java:717)
	at org.apache.ratis.thirdparty.io.netty.channel.socket.nio.NioSocketChannel.doFinishConnect(NioSocketChannel.java:327)
	at org.apache.ratis.thirdparty.io.netty.channel.nio.AbstractNioChannel$AbstractNioUnsafe.finishConnect(AbstractNioChannel.java:340)
	at org.apache.ratis.thirdparty.io.netty.channel.nio.NioEventLoop.processSelectedKey(NioEventLoop.java:632)
	at org.apache.ratis.thirdparty.io.netty.channel.nio.NioEventLoop.processSelectedKeysOptimized(NioEventLoop.java:579)
	at org.apache.ratis.thirdparty.io.netty.channel.nio.NioEventLoop.processSelectedKeys(NioEventLoop.java:496)
	at org.apache.ratis.thirdparty.io.netty.channel.nio.NioEventLoop.run(NioEventLoop.java:458)
	at org.apache.ratis.thirdparty.io.netty.util.concurrent.SingleThreadEventExecutor$5.run(SingleThreadEventExecutor.java:897)
	at org.apache.ratis.thirdparty.io.netty.util.concurrent.FastThreadLocalRunnable.run(FastThreadLocalRunnable.java:30)
	... 1 more
Caused by: java.net.ConnectException: Connection refused
	... 11 more
2019-10-25 11:08:08,877 [f6cfa8a2-85ff-4bb9-a246-101c53d2d47b@group-49E82E920F3F-LeaderElection675] INFO  impl.LeaderElection (LeaderElection.java:logAndReturn(56)) - f6cfa8a2-85ff-4bb9-a246-101c53d2d47b@group-49E82E920F3F-LeaderElection675: Election REJECTED; received 0 response(s) [] and 2 exception(s); f6cfa8a2-85ff-4bb9-a246-101c53d2d47b@group-49E82E920F3F:t266, leader=null, voted=f6cfa8a2-85ff-4bb9-a246-101c53d2d47b, raftlog=f6cfa8a2-85ff-4bb9-a246-101c53d2d47b@group-49E82E920F3F-SegmentedRaftLog:OPENED:c-1,f-1,i0, conf=-1: [7fad1e98-7a6b-4998-a30c-ec1ab88068bc:192.168.157.233:35716, bdb27072-dd00-4d3b-a7da-41600e490ca3:192.168.157.233:42906, f6cfa8a2-85ff-4bb9-a246-101c53d2d47b:192.168.157.233:44618], old=null
2019-10-25 11:08:08,877 [f6cfa8a2-85ff-4bb9-a246-101c53d2d47b@group-49E82E920F3F-LeaderElection675] INFO  impl.LeaderElection (LogUtils.java:infoOrTrace(149)) -   Exception 0: {}
java.util.concurrent.ExecutionException: org.apache.ratis.thirdparty.io.grpc.StatusRuntimeException: UNAVAILABLE: io exception
	at java.util.concurrent.FutureTask.report(FutureTask.java:122)
	at java.util.concurrent.FutureTask.get(FutureTask.java:192)
	at org.apache.ratis.server.impl.LeaderElection.waitForResults(LeaderElection.java:259)
	at org.apache.ratis.server.impl.LeaderElection.askForVotes(LeaderElection.java:197)
	at org.apache.ratis.server.impl.LeaderElection.run(LeaderElection.java:133)
	at java.lang.Thread.run(Thread.java:748)
Caused by: org.apache.ratis.thirdparty.io.grpc.StatusRuntimeException: UNAVAILABLE: io exception
	at org.apache.ratis.thirdparty.io.grpc.stub.ClientCalls.toStatusRuntimeException(ClientCalls.java:233)
	at org.apache.ratis.thirdparty.io.grpc.stub.ClientCalls.getUnchecked(ClientCalls.java:214)
	at org.apache.ratis.thirdparty.io.grpc.stub.ClientCalls.blockingUnaryCall(ClientCalls.java:139)
	at org.apache.ratis.proto.grpc.RaftServerProtocolServiceGrpc$RaftServerProtocolServiceBlockingStub.requestVote(RaftServerProtocolServiceGrpc.java:265)
	at org.apache.ratis.grpc.server.GrpcServerProtocolClient.requestVote(GrpcServerProtocolClient.java:99)
	at org.apache.ratis.grpc.server.GrpcService.requestVote(GrpcService.java:204)
	at org.apache.ratis.server.impl.LeaderElection.lambda$submitRequests$1(LeaderElection.java:234)
	at java.util.concurrent.FutureTask.run(FutureTask.java:266)
	at java.util.concurrent.Executors$RunnableAdapter.call(Executors.java:511)
	at java.util.concurrent.FutureTask.run(FutureTask.java:266)
	at java.util.concurrent.ThreadPoolExecutor.runWorker(ThreadPoolExecutor.java:1149)
	at java.util.concurrent.ThreadPoolExecutor$Worker.run(ThreadPoolExecutor.java:624)
	... 1 more
Caused by: org.apache.ratis.thirdparty.io.netty.channel.AbstractChannel$AnnotatedConnectException: Connection refused: /192.168.157.233:35716
	at sun.nio.ch.SocketChannelImpl.checkConnect(Native Method)
	at sun.nio.ch.SocketChannelImpl.finishConnect(SocketChannelImpl.java:717)
	at org.apache.ratis.thirdparty.io.netty.channel.socket.nio.NioSocketChannel.doFinishConnect(NioSocketChannel.java:327)
	at org.apache.ratis.thirdparty.io.netty.channel.nio.AbstractNioChannel$AbstractNioUnsafe.finishConnect(AbstractNioChannel.java:340)
	at org.apache.ratis.thirdparty.io.netty.channel.nio.NioEventLoop.processSelectedKey(NioEventLoop.java:632)
	at org.apache.ratis.thirdparty.io.netty.channel.nio.NioEventLoop.processSelectedKeysOptimized(NioEventLoop.java:579)
	at org.apache.ratis.thirdparty.io.netty.channel.nio.NioEventLoop.processSelectedKeys(NioEventLoop.java:496)
	at org.apache.ratis.thirdparty.io.netty.channel.nio.NioEventLoop.run(NioEventLoop.java:458)
	at org.apache.ratis.thirdparty.io.netty.util.concurrent.SingleThreadEventExecutor$5.run(SingleThreadEventExecutor.java:897)
	at org.apache.ratis.thirdparty.io.netty.util.concurrent.FastThreadLocalRunnable.run(FastThreadLocalRunnable.java:30)
	... 1 more
Caused by: java.net.ConnectException: Connection refused
	... 11 more
2019-10-25 11:08:08,877 [f6cfa8a2-85ff-4bb9-a246-101c53d2d47b@group-49E82E920F3F-LeaderElection675] INFO  impl.LeaderElection (LogUtils.java:infoOrTrace(149)) -   Exception 1: {}
java.util.concurrent.ExecutionException: org.apache.ratis.thirdparty.io.grpc.StatusRuntimeException: UNAVAILABLE: io exception
	at java.util.concurrent.FutureTask.report(FutureTask.java:122)
	at java.util.concurrent.FutureTask.get(FutureTask.java:192)
	at org.apache.ratis.server.impl.LeaderElection.waitForResults(LeaderElection.java:259)
	at org.apache.ratis.server.impl.LeaderElection.askForVotes(LeaderElection.java:197)
	at org.apache.ratis.server.impl.LeaderElection.run(LeaderElection.java:133)
	at java.lang.Thread.run(Thread.java:748)
Caused by: org.apache.ratis.thirdparty.io.grpc.StatusRuntimeException: UNAVAILABLE: io exception
	at org.apache.ratis.thirdparty.io.grpc.stub.ClientCalls.toStatusRuntimeException(ClientCalls.java:233)
	at org.apache.ratis.thirdparty.io.grpc.stub.ClientCalls.getUnchecked(ClientCalls.java:214)
	at org.apache.ratis.thirdparty.io.grpc.stub.ClientCalls.blockingUnaryCall(ClientCalls.java:139)
	at org.apache.ratis.proto.grpc.RaftServerProtocolServiceGrpc$RaftServerProtocolServiceBlockingStub.requestVote(RaftServerProtocolServiceGrpc.java:265)
	at org.apache.ratis.grpc.server.GrpcServerProtocolClient.requestVote(GrpcServerProtocolClient.java:99)
	at org.apache.ratis.grpc.server.GrpcService.requestVote(GrpcService.java:204)
	at org.apache.ratis.server.impl.LeaderElection.lambda$submitRequests$1(LeaderElection.java:234)
	at java.util.concurrent.FutureTask.run(FutureTask.java:266)
	at java.util.concurrent.Executors$RunnableAdapter.call(Executors.java:511)
	at java.util.concurrent.FutureTask.run(FutureTask.java:266)
	at java.util.concurrent.ThreadPoolExecutor.runWorker(ThreadPoolExecutor.java:1149)
	at java.util.concurrent.ThreadPoolExecutor$Worker.run(ThreadPoolExecutor.java:624)
	... 1 more
Caused by: org.apache.ratis.thirdparty.io.netty.channel.AbstractChannel$AnnotatedConnectException: Connection refused: /192.168.157.233:42906
	at sun.nio.ch.SocketChannelImpl.checkConnect(Native Method)
	at sun.nio.ch.SocketChannelImpl.finishConnect(SocketChannelImpl.java:717)
	at org.apache.ratis.thirdparty.io.netty.channel.socket.nio.NioSocketChannel.doFinishConnect(NioSocketChannel.java:327)
	at org.apache.ratis.thirdparty.io.netty.channel.nio.AbstractNioChannel$AbstractNioUnsafe.finishConnect(AbstractNioChannel.java:340)
	at org.apache.ratis.thirdparty.io.netty.channel.nio.NioEventLoop.processSelectedKey(NioEventLoop.java:632)
	at org.apache.ratis.thirdparty.io.netty.channel.nio.NioEventLoop.processSelectedKeysOptimized(NioEventLoop.java:579)
	at org.apache.ratis.thirdparty.io.netty.channel.nio.NioEventLoop.processSelectedKeys(NioEventLoop.java:496)
	at org.apache.ratis.thirdparty.io.netty.channel.nio.NioEventLoop.run(NioEventLoop.java:458)
	at org.apache.ratis.thirdparty.io.netty.util.concurrent.SingleThreadEventExecutor$5.run(SingleThreadEventExecutor.java:897)
	at org.apache.ratis.thirdparty.io.netty.util.concurrent.FastThreadLocalRunnable.run(FastThreadLocalRunnable.java:30)
	... 1 more
Caused by: java.net.ConnectException: Connection refused
	... 11 more
2019-10-25 11:08:08,877 [f6cfa8a2-85ff-4bb9-a246-101c53d2d47b@group-49E82E920F3F-LeaderElection675] INFO  impl.RaftServerImpl (RaftServerImpl.java:setRole(184)) - f6cfa8a2-85ff-4bb9-a246-101c53d2d47b@group-49E82E920F3F: changes role from CANDIDATE to FOLLOWER at term 266 for DISCOVERED_A_NEW_TERM
2019-10-25 11:08:08,878 [f6cfa8a2-85ff-4bb9-a246-101c53d2d47b@group-49E82E920F3F-LeaderElection675] INFO  impl.RoleInfo (RoleInfo.java:shutdownLeaderElection(134)) - f6cfa8a2-85ff-4bb9-a246-101c53d2d47b: shutdown LeaderElection
2019-10-25 11:08:08,878 [f6cfa8a2-85ff-4bb9-a246-101c53d2d47b@group-49E82E920F3F-LeaderElection675] INFO  impl.RoleInfo (RoleInfo.java:updateAndGet(143)) - f6cfa8a2-85ff-4bb9-a246-101c53d2d47b: start FollowerState
2019-10-25 11:08:08,913 [Thread-5324] INFO  impl.FollowerState (FollowerState.java:run(108)) - f6cfa8a2-85ff-4bb9-a246-101c53d2d47b@group-49E82E920F3F-FollowerState: change to CANDIDATE, lastRpcTime:35ms, electionTimeout:35ms
2019-10-25 11:08:08,913 [Thread-5324] INFO  impl.RoleInfo (RoleInfo.java:shutdownFollowerState(121)) - f6cfa8a2-85ff-4bb9-a246-101c53d2d47b: shutdown FollowerState
2019-10-25 11:08:08,913 [Thread-5324] INFO  impl.RaftServerImpl (RaftServerImpl.java:setRole(184)) - f6cfa8a2-85ff-4bb9-a246-101c53d2d47b@group-49E82E920F3F: changes role from  FOLLOWER to CANDIDATE at term 266 for changeToCandidate
2019-10-25 11:08:08,913 [Thread-5324] INFO  impl.RoleInfo (RoleInfo.java:updateAndGet(143)) - f6cfa8a2-85ff-4bb9-a246-101c53d2d47b: start LeaderElection
2019-10-25 11:08:08,927 [f6cfa8a2-85ff-4bb9-a246-101c53d2d47b@group-49E82E920F3F-LeaderElection676] INFO  impl.LeaderElection (LeaderElection.java:askForVotes(178)) - f6cfa8a2-85ff-4bb9-a246-101c53d2d47b@group-49E82E920F3F-LeaderElection676: begin an election at term 267 for -1: [7fad1e98-7a6b-4998-a30c-ec1ab88068bc:192.168.157.233:35716, bdb27072-dd00-4d3b-a7da-41600e490ca3:192.168.157.233:42906, f6cfa8a2-85ff-4bb9-a246-101c53d2d47b:192.168.157.233:44618], old=null
2019-10-25 11:08:08,928 [f6cfa8a2-85ff-4bb9-a246-101c53d2d47b@group-49E82E920F3F-LeaderElection676] INFO  impl.LeaderElection (LogUtils.java:infoOrTrace(149)) - f6cfa8a2-85ff-4bb9-a246-101c53d2d47b@group-49E82E920F3F-LeaderElection676 got exception when requesting votes: {}
java.util.concurrent.ExecutionException: org.apache.ratis.thirdparty.io.grpc.StatusRuntimeException: UNAVAILABLE: io exception
	at java.util.concurrent.FutureTask.report(FutureTask.java:122)
	at java.util.concurrent.FutureTask.get(FutureTask.java:192)
	at org.apache.ratis.server.impl.LeaderElection.waitForResults(LeaderElection.java:259)
	at org.apache.ratis.server.impl.LeaderElection.askForVotes(LeaderElection.java:197)
	at org.apache.ratis.server.impl.LeaderElection.run(LeaderElection.java:133)
	at java.lang.Thread.run(Thread.java:748)
Caused by: org.apache.ratis.thirdparty.io.grpc.StatusRuntimeException: UNAVAILABLE: io exception
	at org.apache.ratis.thirdparty.io.grpc.stub.ClientCalls.toStatusRuntimeException(ClientCalls.java:233)
	at org.apache.ratis.thirdparty.io.grpc.stub.ClientCalls.getUnchecked(ClientCalls.java:214)
	at org.apache.ratis.thirdparty.io.grpc.stub.ClientCalls.blockingUnaryCall(ClientCalls.java:139)
	at org.apache.ratis.proto.grpc.RaftServerProtocolServiceGrpc$RaftServerProtocolServiceBlockingStub.requestVote(RaftServerProtocolServiceGrpc.java:265)
	at org.apache.ratis.grpc.server.GrpcServerProtocolClient.requestVote(GrpcServerProtocolClient.java:99)
	at org.apache.ratis.grpc.server.GrpcService.requestVote(GrpcService.java:204)
	at org.apache.ratis.server.impl.LeaderElection.lambda$submitRequests$1(LeaderElection.java:234)
	at java.util.concurrent.FutureTask.run(FutureTask.java:266)
	at java.util.concurrent.Executors$RunnableAdapter.call(Executors.java:511)
	at java.util.concurrent.FutureTask.run(FutureTask.java:266)
	at java.util.concurrent.ThreadPoolExecutor.runWorker(ThreadPoolExecutor.java:1149)
	at java.util.concurrent.ThreadPoolExecutor$Worker.run(ThreadPoolExecutor.java:624)
	... 1 more
Caused by: org.apache.ratis.thirdparty.io.netty.channel.AbstractChannel$AnnotatedConnectException: Connection refused: /192.168.157.233:35716
	at sun.nio.ch.SocketChannelImpl.checkConnect(Native Method)
	at sun.nio.ch.SocketChannelImpl.finishConnect(SocketChannelImpl.java:717)
	at org.apache.ratis.thirdparty.io.netty.channel.socket.nio.NioSocketChannel.doFinishConnect(NioSocketChannel.java:327)
	at org.apache.ratis.thirdparty.io.netty.channel.nio.AbstractNioChannel$AbstractNioUnsafe.finishConnect(AbstractNioChannel.java:340)
	at org.apache.ratis.thirdparty.io.netty.channel.nio.NioEventLoop.processSelectedKey(NioEventLoop.java:632)
	at org.apache.ratis.thirdparty.io.netty.channel.nio.NioEventLoop.processSelectedKeysOptimized(NioEventLoop.java:579)
	at org.apache.ratis.thirdparty.io.netty.channel.nio.NioEventLoop.processSelectedKeys(NioEventLoop.java:496)
	at org.apache.ratis.thirdparty.io.netty.channel.nio.NioEventLoop.run(NioEventLoop.java:458)
	at org.apache.ratis.thirdparty.io.netty.util.concurrent.SingleThreadEventExecutor$5.run(SingleThreadEventExecutor.java:897)
	at org.apache.ratis.thirdparty.io.netty.util.concurrent.FastThreadLocalRunnable.run(FastThreadLocalRunnable.java:30)
	... 1 more
Caused by: java.net.ConnectException: Connection refused
	... 11 more
2019-10-25 11:08:08,928 [f6cfa8a2-85ff-4bb9-a246-101c53d2d47b@group-49E82E920F3F-LeaderElection676] INFO  impl.LeaderElection (LogUtils.java:infoOrTrace(149)) - f6cfa8a2-85ff-4bb9-a246-101c53d2d47b@group-49E82E920F3F-LeaderElection676 got exception when requesting votes: {}
java.util.concurrent.ExecutionException: org.apache.ratis.thirdparty.io.grpc.StatusRuntimeException: UNAVAILABLE: io exception
	at java.util.concurrent.FutureTask.report(FutureTask.java:122)
	at java.util.concurrent.FutureTask.get(FutureTask.java:192)
	at org.apache.ratis.server.impl.LeaderElection.waitForResults(LeaderElection.java:259)
	at org.apache.ratis.server.impl.LeaderElection.askForVotes(LeaderElection.java:197)
	at org.apache.ratis.server.impl.LeaderElection.run(LeaderElection.java:133)
	at java.lang.Thread.run(Thread.java:748)
Caused by: org.apache.ratis.thirdparty.io.grpc.StatusRuntimeException: UNAVAILABLE: io exception
	at org.apache.ratis.thirdparty.io.grpc.stub.ClientCalls.toStatusRuntimeException(ClientCalls.java:233)
	at org.apache.ratis.thirdparty.io.grpc.stub.ClientCalls.getUnchecked(ClientCalls.java:214)
	at org.apache.ratis.thirdparty.io.grpc.stub.ClientCalls.blockingUnaryCall(ClientCalls.java:139)
	at org.apache.ratis.proto.grpc.RaftServerProtocolServiceGrpc$RaftServerProtocolServiceBlockingStub.requestVote(RaftServerProtocolServiceGrpc.java:265)
	at org.apache.ratis.grpc.server.GrpcServerProtocolClient.requestVote(GrpcServerProtocolClient.java:99)
	at org.apache.ratis.grpc.server.GrpcService.requestVote(GrpcService.java:204)
	at org.apache.ratis.server.impl.LeaderElection.lambda$submitRequests$1(LeaderElection.java:234)
	at java.util.concurrent.FutureTask.run(FutureTask.java:266)
	at java.util.concurrent.Executors$RunnableAdapter.call(Executors.java:511)
	at java.util.concurrent.FutureTask.run(FutureTask.java:266)
	at java.util.concurrent.ThreadPoolExecutor.runWorker(ThreadPoolExecutor.java:1149)
	at java.util.concurrent.ThreadPoolExecutor$Worker.run(ThreadPoolExecutor.java:624)
	... 1 more
Caused by: org.apache.ratis.thirdparty.io.netty.channel.AbstractChannel$AnnotatedConnectException: Connection refused: /192.168.157.233:42906
	at sun.nio.ch.SocketChannelImpl.checkConnect(Native Method)
	at sun.nio.ch.SocketChannelImpl.finishConnect(SocketChannelImpl.java:717)
	at org.apache.ratis.thirdparty.io.netty.channel.socket.nio.NioSocketChannel.doFinishConnect(NioSocketChannel.java:327)
	at org.apache.ratis.thirdparty.io.netty.channel.nio.AbstractNioChannel$AbstractNioUnsafe.finishConnect(AbstractNioChannel.java:340)
	at org.apache.ratis.thirdparty.io.netty.channel.nio.NioEventLoop.processSelectedKey(NioEventLoop.java:632)
	at org.apache.ratis.thirdparty.io.netty.channel.nio.NioEventLoop.processSelectedKeysOptimized(NioEventLoop.java:579)
	at org.apache.ratis.thirdparty.io.netty.channel.nio.NioEventLoop.processSelectedKeys(NioEventLoop.java:496)
	at org.apache.ratis.thirdparty.io.netty.channel.nio.NioEventLoop.run(NioEventLoop.java:458)
	at org.apache.ratis.thirdparty.io.netty.util.concurrent.SingleThreadEventExecutor$5.run(SingleThreadEventExecutor.java:897)
	at org.apache.ratis.thirdparty.io.netty.util.concurrent.FastThreadLocalRunnable.run(FastThreadLocalRunnable.java:30)
	... 1 more
Caused by: java.net.ConnectException: Connection refused
	... 11 more
2019-10-25 11:08:08,928 [f6cfa8a2-85ff-4bb9-a246-101c53d2d47b@group-49E82E920F3F-LeaderElection676] INFO  impl.LeaderElection (LeaderElection.java:logAndReturn(56)) - f6cfa8a2-85ff-4bb9-a246-101c53d2d47b@group-49E82E920F3F-LeaderElection676: Election REJECTED; received 0 response(s) [] and 2 exception(s); f6cfa8a2-85ff-4bb9-a246-101c53d2d47b@group-49E82E920F3F:t267, leader=null, voted=f6cfa8a2-85ff-4bb9-a246-101c53d2d47b, raftlog=f6cfa8a2-85ff-4bb9-a246-101c53d2d47b@group-49E82E920F3F-SegmentedRaftLog:OPENED:c-1,f-1,i0, conf=-1: [7fad1e98-7a6b-4998-a30c-ec1ab88068bc:192.168.157.233:35716, bdb27072-dd00-4d3b-a7da-41600e490ca3:192.168.157.233:42906, f6cfa8a2-85ff-4bb9-a246-101c53d2d47b:192.168.157.233:44618], old=null
2019-10-25 11:08:08,928 [f6cfa8a2-85ff-4bb9-a246-101c53d2d47b@group-49E82E920F3F-LeaderElection676] INFO  impl.LeaderElection (LogUtils.java:infoOrTrace(149)) -   Exception 0: {}
java.util.concurrent.ExecutionException: org.apache.ratis.thirdparty.io.grpc.StatusRuntimeException: UNAVAILABLE: io exception
	at java.util.concurrent.FutureTask.report(FutureTask.java:122)
	at java.util.concurrent.FutureTask.get(FutureTask.java:192)
	at org.apache.ratis.server.impl.LeaderElection.waitForResults(LeaderElection.java:259)
	at org.apache.ratis.server.impl.LeaderElection.askForVotes(LeaderElection.java:197)
	at org.apache.ratis.server.impl.LeaderElection.run(LeaderElection.java:133)
	at java.lang.Thread.run(Thread.java:748)
Caused by: org.apache.ratis.thirdparty.io.grpc.StatusRuntimeException: UNAVAILABLE: io exception
	at org.apache.ratis.thirdparty.io.grpc.stub.ClientCalls.toStatusRuntimeException(ClientCalls.java:233)
	at org.apache.ratis.thirdparty.io.grpc.stub.ClientCalls.getUnchecked(ClientCalls.java:214)
	at org.apache.ratis.thirdparty.io.grpc.stub.ClientCalls.blockingUnaryCall(ClientCalls.java:139)
	at org.apache.ratis.proto.grpc.RaftServerProtocolServiceGrpc$RaftServerProtocolServiceBlockingStub.requestVote(RaftServerProtocolServiceGrpc.java:265)
	at org.apache.ratis.grpc.server.GrpcServerProtocolClient.requestVote(GrpcServerProtocolClient.java:99)
	at org.apache.ratis.grpc.server.GrpcService.requestVote(GrpcService.java:204)
	at org.apache.ratis.server.impl.LeaderElection.lambda$submitRequests$1(LeaderElection.java:234)
	at java.util.concurrent.FutureTask.run(FutureTask.java:266)
	at java.util.concurrent.Executors$RunnableAdapter.call(Executors.java:511)
	at java.util.concurrent.FutureTask.run(FutureTask.java:266)
	at java.util.concurrent.ThreadPoolExecutor.runWorker(ThreadPoolExecutor.java:1149)
	at java.util.concurrent.ThreadPoolExecutor$Worker.run(ThreadPoolExecutor.java:624)
	... 1 more
Caused by: org.apache.ratis.thirdparty.io.netty.channel.AbstractChannel$AnnotatedConnectException: Connection refused: /192.168.157.233:35716
	at sun.nio.ch.SocketChannelImpl.checkConnect(Native Method)
	at sun.nio.ch.SocketChannelImpl.finishConnect(SocketChannelImpl.java:717)
	at org.apache.ratis.thirdparty.io.netty.channel.socket.nio.NioSocketChannel.doFinishConnect(NioSocketChannel.java:327)
	at org.apache.ratis.thirdparty.io.netty.channel.nio.AbstractNioChannel$AbstractNioUnsafe.finishConnect(AbstractNioChannel.java:340)
	at org.apache.ratis.thirdparty.io.netty.channel.nio.NioEventLoop.processSelectedKey(NioEventLoop.java:632)
	at org.apache.ratis.thirdparty.io.netty.channel.nio.NioEventLoop.processSelectedKeysOptimized(NioEventLoop.java:579)
	at org.apache.ratis.thirdparty.io.netty.channel.nio.NioEventLoop.processSelectedKeys(NioEventLoop.java:496)
	at org.apache.ratis.thirdparty.io.netty.channel.nio.NioEventLoop.run(NioEventLoop.java:458)
	at org.apache.ratis.thirdparty.io.netty.util.concurrent.SingleThreadEventExecutor$5.run(SingleThreadEventExecutor.java:897)
	at org.apache.ratis.thirdparty.io.netty.util.concurrent.FastThreadLocalRunnable.run(FastThreadLocalRunnable.java:30)
	... 1 more
Caused by: java.net.ConnectException: Connection refused
	... 11 more
2019-10-25 11:08:08,929 [f6cfa8a2-85ff-4bb9-a246-101c53d2d47b@group-49E82E920F3F-LeaderElection676] INFO  impl.LeaderElection (LogUtils.java:infoOrTrace(149)) -   Exception 1: {}
java.util.concurrent.ExecutionException: org.apache.ratis.thirdparty.io.grpc.StatusRuntimeException: UNAVAILABLE: io exception
	at java.util.concurrent.FutureTask.report(FutureTask.java:122)
	at java.util.concurrent.FutureTask.get(FutureTask.java:192)
	at org.apache.ratis.server.impl.LeaderElection.waitForResults(LeaderElection.java:259)
	at org.apache.ratis.server.impl.LeaderElection.askForVotes(LeaderElection.java:197)
	at org.apache.ratis.server.impl.LeaderElection.run(LeaderElection.java:133)
	at java.lang.Thread.run(Thread.java:748)
Caused by: org.apache.ratis.thirdparty.io.grpc.StatusRuntimeException: UNAVAILABLE: io exception
	at org.apache.ratis.thirdparty.io.grpc.stub.ClientCalls.toStatusRuntimeException(ClientCalls.java:233)
	at org.apache.ratis.thirdparty.io.grpc.stub.ClientCalls.getUnchecked(ClientCalls.java:214)
	at org.apache.ratis.thirdparty.io.grpc.stub.ClientCalls.blockingUnaryCall(ClientCalls.java:139)
	at org.apache.ratis.proto.grpc.RaftServerProtocolServiceGrpc$RaftServerProtocolServiceBlockingStub.requestVote(RaftServerProtocolServiceGrpc.java:265)
	at org.apache.ratis.grpc.server.GrpcServerProtocolClient.requestVote(GrpcServerProtocolClient.java:99)
	at org.apache.ratis.grpc.server.GrpcService.requestVote(GrpcService.java:204)
	at org.apache.ratis.server.impl.LeaderElection.lambda$submitRequests$1(LeaderElection.java:234)
	at java.util.concurrent.FutureTask.run(FutureTask.java:266)
	at java.util.concurrent.Executors$RunnableAdapter.call(Executors.java:511)
	at java.util.concurrent.FutureTask.run(FutureTask.java:266)
	at java.util.concurrent.ThreadPoolExecutor.runWorker(ThreadPoolExecutor.java:1149)
	at java.util.concurrent.ThreadPoolExecutor$Worker.run(ThreadPoolExecutor.java:624)
	... 1 more
Caused by: org.apache.ratis.thirdparty.io.netty.channel.AbstractChannel$AnnotatedConnectException: Connection refused: /192.168.157.233:42906
	at sun.nio.ch.SocketChannelImpl.checkConnect(Native Method)
	at sun.nio.ch.SocketChannelImpl.finishConnect(SocketChannelImpl.java:717)
	at org.apache.ratis.thirdparty.io.netty.channel.socket.nio.NioSocketChannel.doFinishConnect(NioSocketChannel.java:327)
	at org.apache.ratis.thirdparty.io.netty.channel.nio.AbstractNioChannel$AbstractNioUnsafe.finishConnect(AbstractNioChannel.java:340)
	at org.apache.ratis.thirdparty.io.netty.channel.nio.NioEventLoop.processSelectedKey(NioEventLoop.java:632)
	at org.apache.ratis.thirdparty.io.netty.channel.nio.NioEventLoop.processSelectedKeysOptimized(NioEventLoop.java:579)
	at org.apache.ratis.thirdparty.io.netty.channel.nio.NioEventLoop.processSelectedKeys(NioEventLoop.java:496)
	at org.apache.ratis.thirdparty.io.netty.channel.nio.NioEventLoop.run(NioEventLoop.java:458)
	at org.apache.ratis.thirdparty.io.netty.util.concurrent.SingleThreadEventExecutor$5.run(SingleThreadEventExecutor.java:897)
	at org.apache.ratis.thirdparty.io.netty.util.concurrent.FastThreadLocalRunnable.run(FastThreadLocalRunnable.java:30)
	... 1 more
Caused by: java.net.ConnectException: Connection refused
	... 11 more
2019-10-25 11:08:08,929 [f6cfa8a2-85ff-4bb9-a246-101c53d2d47b@group-49E82E920F3F-LeaderElection676] INFO  impl.RaftServerImpl (RaftServerImpl.java:setRole(184)) - f6cfa8a2-85ff-4bb9-a246-101c53d2d47b@group-49E82E920F3F: changes role from CANDIDATE to FOLLOWER at term 267 for DISCOVERED_A_NEW_TERM
2019-10-25 11:08:08,929 [f6cfa8a2-85ff-4bb9-a246-101c53d2d47b@group-49E82E920F3F-LeaderElection676] INFO  impl.RoleInfo (RoleInfo.java:shutdownLeaderElection(134)) - f6cfa8a2-85ff-4bb9-a246-101c53d2d47b: shutdown LeaderElection
2019-10-25 11:08:08,929 [f6cfa8a2-85ff-4bb9-a246-101c53d2d47b@group-49E82E920F3F-LeaderElection676] INFO  impl.RoleInfo (RoleInfo.java:updateAndGet(143)) - f6cfa8a2-85ff-4bb9-a246-101c53d2d47b: start FollowerState
2019-10-25 11:08:09,070 [Thread-5328] INFO  impl.FollowerState (FollowerState.java:run(108)) - f6cfa8a2-85ff-4bb9-a246-101c53d2d47b@group-49E82E920F3F-FollowerState: change to CANDIDATE, lastRpcTime:140ms, electionTimeout:140ms
2019-10-25 11:08:09,070 [Thread-5328] INFO  impl.RoleInfo (RoleInfo.java:shutdownFollowerState(121)) - f6cfa8a2-85ff-4bb9-a246-101c53d2d47b: shutdown FollowerState
2019-10-25 11:08:09,070 [Thread-5328] INFO  impl.RaftServerImpl (RaftServerImpl.java:setRole(184)) - f6cfa8a2-85ff-4bb9-a246-101c53d2d47b@group-49E82E920F3F: changes role from  FOLLOWER to CANDIDATE at term 267 for changeToCandidate
2019-10-25 11:08:09,070 [Thread-5328] INFO  impl.RoleInfo (RoleInfo.java:updateAndGet(143)) - f6cfa8a2-85ff-4bb9-a246-101c53d2d47b: start LeaderElection
2019-10-25 11:08:09,083 [f6cfa8a2-85ff-4bb9-a246-101c53d2d47b@group-49E82E920F3F-LeaderElection677] INFO  impl.LeaderElection (LeaderElection.java:askForVotes(178)) - f6cfa8a2-85ff-4bb9-a246-101c53d2d47b@group-49E82E920F3F-LeaderElection677: begin an election at term 268 for -1: [7fad1e98-7a6b-4998-a30c-ec1ab88068bc:192.168.157.233:35716, bdb27072-dd00-4d3b-a7da-41600e490ca3:192.168.157.233:42906, f6cfa8a2-85ff-4bb9-a246-101c53d2d47b:192.168.157.233:44618], old=null
2019-10-25 11:08:09,085 [f6cfa8a2-85ff-4bb9-a246-101c53d2d47b@group-49E82E920F3F-LeaderElection677] INFO  impl.LeaderElection (LogUtils.java:infoOrTrace(149)) - f6cfa8a2-85ff-4bb9-a246-101c53d2d47b@group-49E82E920F3F-LeaderElection677 got exception when requesting votes: {}
java.util.concurrent.ExecutionException: org.apache.ratis.thirdparty.io.grpc.StatusRuntimeException: UNAVAILABLE: io exception
	at java.util.concurrent.FutureTask.report(FutureTask.java:122)
	at java.util.concurrent.FutureTask.get(FutureTask.java:192)
	at org.apache.ratis.server.impl.LeaderElection.waitForResults(LeaderElection.java:259)
	at org.apache.ratis.server.impl.LeaderElection.askForVotes(LeaderElection.java:197)
	at org.apache.ratis.server.impl.LeaderElection.run(LeaderElection.java:133)
	at java.lang.Thread.run(Thread.java:748)
Caused by: org.apache.ratis.thirdparty.io.grpc.StatusRuntimeException: UNAVAILABLE: io exception
	at org.apache.ratis.thirdparty.io.grpc.stub.ClientCalls.toStatusRuntimeException(ClientCalls.java:233)
	at org.apache.ratis.thirdparty.io.grpc.stub.ClientCalls.getUnchecked(ClientCalls.java:214)
	at org.apache.ratis.thirdparty.io.grpc.stub.ClientCalls.blockingUnaryCall(ClientCalls.java:139)
	at org.apache.ratis.proto.grpc.RaftServerProtocolServiceGrpc$RaftServerProtocolServiceBlockingStub.requestVote(RaftServerProtocolServiceGrpc.java:265)
	at org.apache.ratis.grpc.server.GrpcServerProtocolClient.requestVote(GrpcServerProtocolClient.java:99)
	at org.apache.ratis.grpc.server.GrpcService.requestVote(GrpcService.java:204)
	at org.apache.ratis.server.impl.LeaderElection.lambda$submitRequests$1(LeaderElection.java:234)
	at java.util.concurrent.FutureTask.run(FutureTask.java:266)
	at java.util.concurrent.Executors$RunnableAdapter.call(Executors.java:511)
	at java.util.concurrent.FutureTask.run(FutureTask.java:266)
	at java.util.concurrent.ThreadPoolExecutor.runWorker(ThreadPoolExecutor.java:1149)
	at java.util.concurrent.ThreadPoolExecutor$Worker.run(ThreadPoolExecutor.java:624)
	... 1 more
Caused by: org.apache.ratis.thirdparty.io.netty.channel.AbstractChannel$AnnotatedConnectException: Connection refused: /192.168.157.233:35716
	at sun.nio.ch.SocketChannelImpl.checkConnect(Native Method)
	at sun.nio.ch.SocketChannelImpl.finishConnect(SocketChannelImpl.java:717)
	at org.apache.ratis.thirdparty.io.netty.channel.socket.nio.NioSocketChannel.doFinishConnect(NioSocketChannel.java:327)
	at org.apache.ratis.thirdparty.io.netty.channel.nio.AbstractNioChannel$AbstractNioUnsafe.finishConnect(AbstractNioChannel.java:340)
	at org.apache.ratis.thirdparty.io.netty.channel.nio.NioEventLoop.processSelectedKey(NioEventLoop.java:632)
	at org.apache.ratis.thirdparty.io.netty.channel.nio.NioEventLoop.processSelectedKeysOptimized(NioEventLoop.java:579)
	at org.apache.ratis.thirdparty.io.netty.channel.nio.NioEventLoop.processSelectedKeys(NioEventLoop.java:496)
	at org.apache.ratis.thirdparty.io.netty.channel.nio.NioEventLoop.run(NioEventLoop.java:458)
	at org.apache.ratis.thirdparty.io.netty.util.concurrent.SingleThreadEventExecutor$5.run(SingleThreadEventExecutor.java:897)
	at org.apache.ratis.thirdparty.io.netty.util.concurrent.FastThreadLocalRunnable.run(FastThreadLocalRunnable.java:30)
	... 1 more
Caused by: java.net.ConnectException: Connection refused
	... 11 more
2019-10-25 11:08:09,087 [f6cfa8a2-85ff-4bb9-a246-101c53d2d47b@group-49E82E920F3F-LeaderElection677] INFO  impl.LeaderElection (LogUtils.java:infoOrTrace(149)) - f6cfa8a2-85ff-4bb9-a246-101c53d2d47b@group-49E82E920F3F-LeaderElection677 got exception when requesting votes: {}
java.util.concurrent.ExecutionException: org.apache.ratis.thirdparty.io.grpc.StatusRuntimeException: UNAVAILABLE: io exception
	at java.util.concurrent.FutureTask.report(FutureTask.java:122)
	at java.util.concurrent.FutureTask.get(FutureTask.java:192)
	at org.apache.ratis.server.impl.LeaderElection.waitForResults(LeaderElection.java:259)
	at org.apache.ratis.server.impl.LeaderElection.askForVotes(LeaderElection.java:197)
	at org.apache.ratis.server.impl.LeaderElection.run(LeaderElection.java:133)
	at java.lang.Thread.run(Thread.java:748)
Caused by: org.apache.ratis.thirdparty.io.grpc.StatusRuntimeException: UNAVAILABLE: io exception
	at org.apache.ratis.thirdparty.io.grpc.stub.ClientCalls.toStatusRuntimeException(ClientCalls.java:233)
	at org.apache.ratis.thirdparty.io.grpc.stub.ClientCalls.getUnchecked(ClientCalls.java:214)
	at org.apache.ratis.thirdparty.io.grpc.stub.ClientCalls.blockingUnaryCall(ClientCalls.java:139)
	at org.apache.ratis.proto.grpc.RaftServerProtocolServiceGrpc$RaftServerProtocolServiceBlockingStub.requestVote(RaftServerProtocolServiceGrpc.java:265)
	at org.apache.ratis.grpc.server.GrpcServerProtocolClient.requestVote(GrpcServerProtocolClient.java:99)
	at org.apache.ratis.grpc.server.GrpcService.requestVote(GrpcService.java:204)
	at org.apache.ratis.server.impl.LeaderElection.lambda$submitRequests$1(LeaderElection.java:234)
	at java.util.concurrent.FutureTask.run(FutureTask.java:266)
	at java.util.concurrent.Executors$RunnableAdapter.call(Executors.java:511)
	at java.util.concurrent.FutureTask.run(FutureTask.java:266)
	at java.util.concurrent.ThreadPoolExecutor.runWorker(ThreadPoolExecutor.java:1149)
	at java.util.concurrent.ThreadPoolExecutor$Worker.run(ThreadPoolExecutor.java:624)
	... 1 more
Caused by: org.apache.ratis.thirdparty.io.netty.channel.AbstractChannel$AnnotatedConnectException: Connection refused: /192.168.157.233:42906
	at sun.nio.ch.SocketChannelImpl.checkConnect(Native Method)
	at sun.nio.ch.SocketChannelImpl.finishConnect(SocketChannelImpl.java:717)
	at org.apache.ratis.thirdparty.io.netty.channel.socket.nio.NioSocketChannel.doFinishConnect(NioSocketChannel.java:327)
	at org.apache.ratis.thirdparty.io.netty.channel.nio.AbstractNioChannel$AbstractNioUnsafe.finishConnect(AbstractNioChannel.java:340)
	at org.apache.ratis.thirdparty.io.netty.channel.nio.NioEventLoop.processSelectedKey(NioEventLoop.java:632)
	at org.apache.ratis.thirdparty.io.netty.channel.nio.NioEventLoop.processSelectedKeysOptimized(NioEventLoop.java:579)
	at org.apache.ratis.thirdparty.io.netty.channel.nio.NioEventLoop.processSelectedKeys(NioEventLoop.java:496)
	at org.apache.ratis.thirdparty.io.netty.channel.nio.NioEventLoop.run(NioEventLoop.java:458)
	at org.apache.ratis.thirdparty.io.netty.util.concurrent.SingleThreadEventExecutor$5.run(SingleThreadEventExecutor.java:897)
	at org.apache.ratis.thirdparty.io.netty.util.concurrent.FastThreadLocalRunnable.run(FastThreadLocalRunnable.java:30)
	... 1 more
Caused by: java.net.ConnectException: Connection refused
	... 11 more
2019-10-25 11:08:09,088 [f6cfa8a2-85ff-4bb9-a246-101c53d2d47b@group-49E82E920F3F-LeaderElection677] INFO  impl.LeaderElection (LeaderElection.java:logAndReturn(56)) - f6cfa8a2-85ff-4bb9-a246-101c53d2d47b@group-49E82E920F3F-LeaderElection677: Election REJECTED; received 0 response(s) [] and 2 exception(s); f6cfa8a2-85ff-4bb9-a246-101c53d2d47b@group-49E82E920F3F:t268, leader=null, voted=f6cfa8a2-85ff-4bb9-a246-101c53d2d47b, raftlog=f6cfa8a2-85ff-4bb9-a246-101c53d2d47b@group-49E82E920F3F-SegmentedRaftLog:OPENED:c-1,f-1,i0, conf=-1: [7fad1e98-7a6b-4998-a30c-ec1ab88068bc:192.168.157.233:35716, bdb27072-dd00-4d3b-a7da-41600e490ca3:192.168.157.233:42906, f6cfa8a2-85ff-4bb9-a246-101c53d2d47b:192.168.157.233:44618], old=null
2019-10-25 11:08:09,088 [f6cfa8a2-85ff-4bb9-a246-101c53d2d47b@group-49E82E920F3F-LeaderElection677] INFO  impl.LeaderElection (LogUtils.java:infoOrTrace(149)) -   Exception 0: {}
java.util.concurrent.ExecutionException: org.apache.ratis.thirdparty.io.grpc.StatusRuntimeException: UNAVAILABLE: io exception
	at java.util.concurrent.FutureTask.report(FutureTask.java:122)
	at java.util.concurrent.FutureTask.get(FutureTask.java:192)
	at org.apache.ratis.server.impl.LeaderElection.waitForResults(LeaderElection.java:259)
	at org.apache.ratis.server.impl.LeaderElection.askForVotes(LeaderElection.java:197)
	at org.apache.ratis.server.impl.LeaderElection.run(LeaderElection.java:133)
	at java.lang.Thread.run(Thread.java:748)
Caused by: org.apache.ratis.thirdparty.io.grpc.StatusRuntimeException: UNAVAILABLE: io exception
	at org.apache.ratis.thirdparty.io.grpc.stub.ClientCalls.toStatusRuntimeException(ClientCalls.java:233)
	at org.apache.ratis.thirdparty.io.grpc.stub.ClientCalls.getUnchecked(ClientCalls.java:214)
	at org.apache.ratis.thirdparty.io.grpc.stub.ClientCalls.blockingUnaryCall(ClientCalls.java:139)
	at org.apache.ratis.proto.grpc.RaftServerProtocolServiceGrpc$RaftServerProtocolServiceBlockingStub.requestVote(RaftServerProtocolServiceGrpc.java:265)
	at org.apache.ratis.grpc.server.GrpcServerProtocolClient.requestVote(GrpcServerProtocolClient.java:99)
	at org.apache.ratis.grpc.server.GrpcService.requestVote(GrpcService.java:204)
	at org.apache.ratis.server.impl.LeaderElection.lambda$submitRequests$1(LeaderElection.java:234)
	at java.util.concurrent.FutureTask.run(FutureTask.java:266)
	at java.util.concurrent.Executors$RunnableAdapter.call(Executors.java:511)
	at java.util.concurrent.FutureTask.run(FutureTask.java:266)
	at java.util.concurrent.ThreadPoolExecutor.runWorker(ThreadPoolExecutor.java:1149)
	at java.util.concurrent.ThreadPoolExecutor$Worker.run(ThreadPoolExecutor.java:624)
	... 1 more
Caused by: org.apache.ratis.thirdparty.io.netty.channel.AbstractChannel$AnnotatedConnectException: Connection refused: /192.168.157.233:35716
	at sun.nio.ch.SocketChannelImpl.checkConnect(Native Method)
	at sun.nio.ch.SocketChannelImpl.finishConnect(SocketChannelImpl.java:717)
	at org.apache.ratis.thirdparty.io.netty.channel.socket.nio.NioSocketChannel.doFinishConnect(NioSocketChannel.java:327)
	at org.apache.ratis.thirdparty.io.netty.channel.nio.AbstractNioChannel$AbstractNioUnsafe.finishConnect(AbstractNioChannel.java:340)
	at org.apache.ratis.thirdparty.io.netty.channel.nio.NioEventLoop.processSelectedKey(NioEventLoop.java:632)
	at org.apache.ratis.thirdparty.io.netty.channel.nio.NioEventLoop.processSelectedKeysOptimized(NioEventLoop.java:579)
	at org.apache.ratis.thirdparty.io.netty.channel.nio.NioEventLoop.processSelectedKeys(NioEventLoop.java:496)
	at org.apache.ratis.thirdparty.io.netty.channel.nio.NioEventLoop.run(NioEventLoop.java:458)
	at org.apache.ratis.thirdparty.io.netty.util.concurrent.SingleThreadEventExecutor$5.run(SingleThreadEventExecutor.java:897)
	at org.apache.ratis.thirdparty.io.netty.util.concurrent.FastThreadLocalRunnable.run(FastThreadLocalRunnable.java:30)
	... 1 more
Caused by: java.net.ConnectException: Connection refused
	... 11 more
2019-10-25 11:08:09,089 [f6cfa8a2-85ff-4bb9-a246-101c53d2d47b@group-49E82E920F3F-LeaderElection677] INFO  impl.LeaderElection (LogUtils.java:infoOrTrace(149)) -   Exception 1: {}
java.util.concurrent.ExecutionException: org.apache.ratis.thirdparty.io.grpc.StatusRuntimeException: UNAVAILABLE: io exception
	at java.util.concurrent.FutureTask.report(FutureTask.java:122)
	at java.util.concurrent.FutureTask.get(FutureTask.java:192)
	at org.apache.ratis.server.impl.LeaderElection.waitForResults(LeaderElection.java:259)
	at org.apache.ratis.server.impl.LeaderElection.askForVotes(LeaderElection.java:197)
	at org.apache.ratis.server.impl.LeaderElection.run(LeaderElection.java:133)
	at java.lang.Thread.run(Thread.java:748)
Caused by: org.apache.ratis.thirdparty.io.grpc.StatusRuntimeException: UNAVAILABLE: io exception
	at org.apache.ratis.thirdparty.io.grpc.stub.ClientCalls.toStatusRuntimeException(ClientCalls.java:233)
	at org.apache.ratis.thirdparty.io.grpc.stub.ClientCalls.getUnchecked(ClientCalls.java:214)
	at org.apache.ratis.thirdparty.io.grpc.stub.ClientCalls.blockingUnaryCall(ClientCalls.java:139)
	at org.apache.ratis.proto.grpc.RaftServerProtocolServiceGrpc$RaftServerProtocolServiceBlockingStub.requestVote(RaftServerProtocolServiceGrpc.java:265)
	at org.apache.ratis.grpc.server.GrpcServerProtocolClient.requestVote(GrpcServerProtocolClient.java:99)
	at org.apache.ratis.grpc.server.GrpcService.requestVote(GrpcService.java:204)
	at org.apache.ratis.server.impl.LeaderElection.lambda$submitRequests$1(LeaderElection.java:234)
	at java.util.concurrent.FutureTask.run(FutureTask.java:266)
	at java.util.concurrent.Executors$RunnableAdapter.call(Executors.java:511)
	at java.util.concurrent.FutureTask.run(FutureTask.java:266)
	at java.util.concurrent.ThreadPoolExecutor.runWorker(ThreadPoolExecutor.java:1149)
	at java.util.concurrent.ThreadPoolExecutor$Worker.run(ThreadPoolExecutor.java:624)
	... 1 more
Caused by: org.apache.ratis.thirdparty.io.netty.channel.AbstractChannel$AnnotatedConnectException: Connection refused: /192.168.157.233:42906
	at sun.nio.ch.SocketChannelImpl.checkConnect(Native Method)
	at sun.nio.ch.SocketChannelImpl.finishConnect(SocketChannelImpl.java:717)
	at org.apache.ratis.thirdparty.io.netty.channel.socket.nio.NioSocketChannel.doFinishConnect(NioSocketChannel.java:327)
	at org.apache.ratis.thirdparty.io.netty.channel.nio.AbstractNioChannel$AbstractNioUnsafe.finishConnect(AbstractNioChannel.java:340)
	at org.apache.ratis.thirdparty.io.netty.channel.nio.NioEventLoop.processSelectedKey(NioEventLoop.java:632)
	at org.apache.ratis.thirdparty.io.netty.channel.nio.NioEventLoop.processSelectedKeysOptimized(NioEventLoop.java:579)
	at org.apache.ratis.thirdparty.io.netty.channel.nio.NioEventLoop.processSelectedKeys(NioEventLoop.java:496)
	at org.apache.ratis.thirdparty.io.netty.channel.nio.NioEventLoop.run(NioEventLoop.java:458)
	at org.apache.ratis.thirdparty.io.netty.util.concurrent.SingleThreadEventExecutor$5.run(SingleThreadEventExecutor.java:897)
	at org.apache.ratis.thirdparty.io.netty.util.concurrent.FastThreadLocalRunnable.run(FastThreadLocalRunnable.java:30)
	... 1 more
Caused by: java.net.ConnectException: Connection refused
	... 11 more
2019-10-25 11:08:09,089 [f6cfa8a2-85ff-4bb9-a246-101c53d2d47b@group-49E82E920F3F-LeaderElection677] INFO  impl.RaftServerImpl (RaftServerImpl.java:setRole(184)) - f6cfa8a2-85ff-4bb9-a246-101c53d2d47b@group-49E82E920F3F: changes role from CANDIDATE to FOLLOWER at term 268 for DISCOVERED_A_NEW_TERM
2019-10-25 11:08:09,090 [f6cfa8a2-85ff-4bb9-a246-101c53d2d47b@group-49E82E920F3F-LeaderElection677] INFO  impl.RoleInfo (RoleInfo.java:shutdownLeaderElection(134)) - f6cfa8a2-85ff-4bb9-a246-101c53d2d47b: shutdown LeaderElection
2019-10-25 11:08:09,090 [f6cfa8a2-85ff-4bb9-a246-101c53d2d47b@group-49E82E920F3F-LeaderElection677] INFO  impl.RoleInfo (RoleInfo.java:updateAndGet(143)) - f6cfa8a2-85ff-4bb9-a246-101c53d2d47b: start FollowerState
2019-10-25 11:08:09,222 [Thread-5332] INFO  impl.FollowerState (FollowerState.java:run(108)) - f6cfa8a2-85ff-4bb9-a246-101c53d2d47b@group-49E82E920F3F-FollowerState: change to CANDIDATE, lastRpcTime:132ms, electionTimeout:132ms
2019-10-25 11:08:09,223 [Thread-5332] INFO  impl.RoleInfo (RoleInfo.java:shutdownFollowerState(121)) - f6cfa8a2-85ff-4bb9-a246-101c53d2d47b: shutdown FollowerState
2019-10-25 11:08:09,223 [Thread-5332] INFO  impl.RaftServerImpl (RaftServerImpl.java:setRole(184)) - f6cfa8a2-85ff-4bb9-a246-101c53d2d47b@group-49E82E920F3F: changes role from  FOLLOWER to CANDIDATE at term 268 for changeToCandidate
2019-10-25 11:08:09,223 [Thread-5332] INFO  impl.RoleInfo (RoleInfo.java:updateAndGet(143)) - f6cfa8a2-85ff-4bb9-a246-101c53d2d47b: start LeaderElection
2019-10-25 11:08:09,236 [f6cfa8a2-85ff-4bb9-a246-101c53d2d47b@group-49E82E920F3F-LeaderElection678] INFO  impl.LeaderElection (LeaderElection.java:askForVotes(178)) - f6cfa8a2-85ff-4bb9-a246-101c53d2d47b@group-49E82E920F3F-LeaderElection678: begin an election at term 269 for -1: [7fad1e98-7a6b-4998-a30c-ec1ab88068bc:192.168.157.233:35716, bdb27072-dd00-4d3b-a7da-41600e490ca3:192.168.157.233:42906, f6cfa8a2-85ff-4bb9-a246-101c53d2d47b:192.168.157.233:44618], old=null
2019-10-25 11:08:09,237 [f6cfa8a2-85ff-4bb9-a246-101c53d2d47b@group-49E82E920F3F-LeaderElection678] INFO  impl.LeaderElection (LogUtils.java:infoOrTrace(149)) - f6cfa8a2-85ff-4bb9-a246-101c53d2d47b@group-49E82E920F3F-LeaderElection678 got exception when requesting votes: {}
java.util.concurrent.ExecutionException: org.apache.ratis.thirdparty.io.grpc.StatusRuntimeException: UNAVAILABLE: io exception
	at java.util.concurrent.FutureTask.report(FutureTask.java:122)
	at java.util.concurrent.FutureTask.get(FutureTask.java:192)
	at org.apache.ratis.server.impl.LeaderElection.waitForResults(LeaderElection.java:259)
	at org.apache.ratis.server.impl.LeaderElection.askForVotes(LeaderElection.java:197)
	at org.apache.ratis.server.impl.LeaderElection.run(LeaderElection.java:133)
	at java.lang.Thread.run(Thread.java:748)
Caused by: org.apache.ratis.thirdparty.io.grpc.StatusRuntimeException: UNAVAILABLE: io exception
	at org.apache.ratis.thirdparty.io.grpc.stub.ClientCalls.toStatusRuntimeException(ClientCalls.java:233)
	at org.apache.ratis.thirdparty.io.grpc.stub.ClientCalls.getUnchecked(ClientCalls.java:214)
	at org.apache.ratis.thirdparty.io.grpc.stub.ClientCalls.blockingUnaryCall(ClientCalls.java:139)
	at org.apache.ratis.proto.grpc.RaftServerProtocolServiceGrpc$RaftServerProtocolServiceBlockingStub.requestVote(RaftServerProtocolServiceGrpc.java:265)
	at org.apache.ratis.grpc.server.GrpcServerProtocolClient.requestVote(GrpcServerProtocolClient.java:99)
	at org.apache.ratis.grpc.server.GrpcService.requestVote(GrpcService.java:204)
	at org.apache.ratis.server.impl.LeaderElection.lambda$submitRequests$1(LeaderElection.java:234)
	at java.util.concurrent.FutureTask.run(FutureTask.java:266)
	at java.util.concurrent.Executors$RunnableAdapter.call(Executors.java:511)
	at java.util.concurrent.FutureTask.run(FutureTask.java:266)
	at java.util.concurrent.ThreadPoolExecutor.runWorker(ThreadPoolExecutor.java:1149)
	at java.util.concurrent.ThreadPoolExecutor$Worker.run(ThreadPoolExecutor.java:624)
	... 1 more
Caused by: org.apache.ratis.thirdparty.io.netty.channel.AbstractChannel$AnnotatedConnectException: Connection refused: /192.168.157.233:35716
	at sun.nio.ch.SocketChannelImpl.checkConnect(Native Method)
	at sun.nio.ch.SocketChannelImpl.finishConnect(SocketChannelImpl.java:717)
	at org.apache.ratis.thirdparty.io.netty.channel.socket.nio.NioSocketChannel.doFinishConnect(NioSocketChannel.java:327)
	at org.apache.ratis.thirdparty.io.netty.channel.nio.AbstractNioChannel$AbstractNioUnsafe.finishConnect(AbstractNioChannel.java:340)
	at org.apache.ratis.thirdparty.io.netty.channel.nio.NioEventLoop.processSelectedKey(NioEventLoop.java:632)
	at org.apache.ratis.thirdparty.io.netty.channel.nio.NioEventLoop.processSelectedKeysOptimized(NioEventLoop.java:579)
	at org.apache.ratis.thirdparty.io.netty.channel.nio.NioEventLoop.processSelectedKeys(NioEventLoop.java:496)
	at org.apache.ratis.thirdparty.io.netty.channel.nio.NioEventLoop.run(NioEventLoop.java:458)
	at org.apache.ratis.thirdparty.io.netty.util.concurrent.SingleThreadEventExecutor$5.run(SingleThreadEventExecutor.java:897)
	at org.apache.ratis.thirdparty.io.netty.util.concurrent.FastThreadLocalRunnable.run(FastThreadLocalRunnable.java:30)
	... 1 more
Caused by: java.net.ConnectException: Connection refused
	... 11 more
2019-10-25 11:08:09,238 [f6cfa8a2-85ff-4bb9-a246-101c53d2d47b@group-49E82E920F3F-LeaderElection678] INFO  impl.LeaderElection (LogUtils.java:infoOrTrace(149)) - f6cfa8a2-85ff-4bb9-a246-101c53d2d47b@group-49E82E920F3F-LeaderElection678 got exception when requesting votes: {}
java.util.concurrent.ExecutionException: org.apache.ratis.thirdparty.io.grpc.StatusRuntimeException: UNAVAILABLE: io exception
	at java.util.concurrent.FutureTask.report(FutureTask.java:122)
	at java.util.concurrent.FutureTask.get(FutureTask.java:192)
	at org.apache.ratis.server.impl.LeaderElection.waitForResults(LeaderElection.java:259)
	at org.apache.ratis.server.impl.LeaderElection.askForVotes(LeaderElection.java:197)
	at org.apache.ratis.server.impl.LeaderElection.run(LeaderElection.java:133)
	at java.lang.Thread.run(Thread.java:748)
Caused by: org.apache.ratis.thirdparty.io.grpc.StatusRuntimeException: UNAVAILABLE: io exception
	at org.apache.ratis.thirdparty.io.grpc.stub.ClientCalls.toStatusRuntimeException(ClientCalls.java:233)
	at org.apache.ratis.thirdparty.io.grpc.stub.ClientCalls.getUnchecked(ClientCalls.java:214)
	at org.apache.ratis.thirdparty.io.grpc.stub.ClientCalls.blockingUnaryCall(ClientCalls.java:139)
	at org.apache.ratis.proto.grpc.RaftServerProtocolServiceGrpc$RaftServerProtocolServiceBlockingStub.requestVote(RaftServerProtocolServiceGrpc.java:265)
	at org.apache.ratis.grpc.server.GrpcServerProtocolClient.requestVote(GrpcServerProtocolClient.java:99)
	at org.apache.ratis.grpc.server.GrpcService.requestVote(GrpcService.java:204)
	at org.apache.ratis.server.impl.LeaderElection.lambda$submitRequests$1(LeaderElection.java:234)
	at java.util.concurrent.FutureTask.run(FutureTask.java:266)
	at java.util.concurrent.Executors$RunnableAdapter.call(Executors.java:511)
	at java.util.concurrent.FutureTask.run(FutureTask.java:266)
	at java.util.concurrent.ThreadPoolExecutor.runWorker(ThreadPoolExecutor.java:1149)
	at java.util.concurrent.ThreadPoolExecutor$Worker.run(ThreadPoolExecutor.java:624)
	... 1 more
Caused by: org.apache.ratis.thirdparty.io.netty.channel.AbstractChannel$AnnotatedConnectException: Connection refused: /192.168.157.233:42906
	at sun.nio.ch.SocketChannelImpl.checkConnect(Native Method)
	at sun.nio.ch.SocketChannelImpl.finishConnect(SocketChannelImpl.java:717)
	at org.apache.ratis.thirdparty.io.netty.channel.socket.nio.NioSocketChannel.doFinishConnect(NioSocketChannel.java:327)
	at org.apache.ratis.thirdparty.io.netty.channel.nio.AbstractNioChannel$AbstractNioUnsafe.finishConnect(AbstractNioChannel.java:340)
	at org.apache.ratis.thirdparty.io.netty.channel.nio.NioEventLoop.processSelectedKey(NioEventLoop.java:632)
	at org.apache.ratis.thirdparty.io.netty.channel.nio.NioEventLoop.processSelectedKeysOptimized(NioEventLoop.java:579)
	at org.apache.ratis.thirdparty.io.netty.channel.nio.NioEventLoop.processSelectedKeys(NioEventLoop.java:496)
	at org.apache.ratis.thirdparty.io.netty.channel.nio.NioEventLoop.run(NioEventLoop.java:458)
	at org.apache.ratis.thirdparty.io.netty.util.concurrent.SingleThreadEventExecutor$5.run(SingleThreadEventExecutor.java:897)
	at org.apache.ratis.thirdparty.io.netty.util.concurrent.FastThreadLocalRunnable.run(FastThreadLocalRunnable.java:30)
	... 1 more
Caused by: java.net.ConnectException: Connection refused
	... 11 more
2019-10-25 11:08:09,238 [f6cfa8a2-85ff-4bb9-a246-101c53d2d47b@group-49E82E920F3F-LeaderElection678] INFO  impl.LeaderElection (LeaderElection.java:logAndReturn(56)) - f6cfa8a2-85ff-4bb9-a246-101c53d2d47b@group-49E82E920F3F-LeaderElection678: Election REJECTED; received 0 response(s) [] and 2 exception(s); f6cfa8a2-85ff-4bb9-a246-101c53d2d47b@group-49E82E920F3F:t269, leader=null, voted=f6cfa8a2-85ff-4bb9-a246-101c53d2d47b, raftlog=f6cfa8a2-85ff-4bb9-a246-101c53d2d47b@group-49E82E920F3F-SegmentedRaftLog:OPENED:c-1,f-1,i0, conf=-1: [7fad1e98-7a6b-4998-a30c-ec1ab88068bc:192.168.157.233:35716, bdb27072-dd00-4d3b-a7da-41600e490ca3:192.168.157.233:42906, f6cfa8a2-85ff-4bb9-a246-101c53d2d47b:192.168.157.233:44618], old=null
2019-10-25 11:08:09,238 [f6cfa8a2-85ff-4bb9-a246-101c53d2d47b@group-49E82E920F3F-LeaderElection678] INFO  impl.LeaderElection (LogUtils.java:infoOrTrace(149)) -   Exception 0: {}
java.util.concurrent.ExecutionException: org.apache.ratis.thirdparty.io.grpc.StatusRuntimeException: UNAVAILABLE: io exception
	at java.util.concurrent.FutureTask.report(FutureTask.java:122)
	at java.util.concurrent.FutureTask.get(FutureTask.java:192)
	at org.apache.ratis.server.impl.LeaderElection.waitForResults(LeaderElection.java:259)
	at org.apache.ratis.server.impl.LeaderElection.askForVotes(LeaderElection.java:197)
	at org.apache.ratis.server.impl.LeaderElection.run(LeaderElection.java:133)
	at java.lang.Thread.run(Thread.java:748)
Caused by: org.apache.ratis.thirdparty.io.grpc.StatusRuntimeException: UNAVAILABLE: io exception
	at org.apache.ratis.thirdparty.io.grpc.stub.ClientCalls.toStatusRuntimeException(ClientCalls.java:233)
	at org.apache.ratis.thirdparty.io.grpc.stub.ClientCalls.getUnchecked(ClientCalls.java:214)
	at org.apache.ratis.thirdparty.io.grpc.stub.ClientCalls.blockingUnaryCall(ClientCalls.java:139)
	at org.apache.ratis.proto.grpc.RaftServerProtocolServiceGrpc$RaftServerProtocolServiceBlockingStub.requestVote(RaftServerProtocolServiceGrpc.java:265)
	at org.apache.ratis.grpc.server.GrpcServerProtocolClient.requestVote(GrpcServerProtocolClient.java:99)
	at org.apache.ratis.grpc.server.GrpcService.requestVote(GrpcService.java:204)
	at org.apache.ratis.server.impl.LeaderElection.lambda$submitRequests$1(LeaderElection.java:234)
	at java.util.concurrent.FutureTask.run(FutureTask.java:266)
	at java.util.concurrent.Executors$RunnableAdapter.call(Executors.java:511)
	at java.util.concurrent.FutureTask.run(FutureTask.java:266)
	at java.util.concurrent.ThreadPoolExecutor.runWorker(ThreadPoolExecutor.java:1149)
	at java.util.concurrent.ThreadPoolExecutor$Worker.run(ThreadPoolExecutor.java:624)
	... 1 more
Caused by: org.apache.ratis.thirdparty.io.netty.channel.AbstractChannel$AnnotatedConnectException: Connection refused: /192.168.157.233:35716
	at sun.nio.ch.SocketChannelImpl.checkConnect(Native Method)
	at sun.nio.ch.SocketChannelImpl.finishConnect(SocketChannelImpl.java:717)
	at org.apache.ratis.thirdparty.io.netty.channel.socket.nio.NioSocketChannel.doFinishConnect(NioSocketChannel.java:327)
	at org.apache.ratis.thirdparty.io.netty.channel.nio.AbstractNioChannel$AbstractNioUnsafe.finishConnect(AbstractNioChannel.java:340)
	at org.apache.ratis.thirdparty.io.netty.channel.nio.NioEventLoop.processSelectedKey(NioEventLoop.java:632)
	at org.apache.ratis.thirdparty.io.netty.channel.nio.NioEventLoop.processSelectedKeysOptimized(NioEventLoop.java:579)
	at org.apache.ratis.thirdparty.io.netty.channel.nio.NioEventLoop.processSelectedKeys(NioEventLoop.java:496)
	at org.apache.ratis.thirdparty.io.netty.channel.nio.NioEventLoop.run(NioEventLoop.java:458)
	at org.apache.ratis.thirdparty.io.netty.util.concurrent.SingleThreadEventExecutor$5.run(SingleThreadEventExecutor.java:897)
	at org.apache.ratis.thirdparty.io.netty.util.concurrent.FastThreadLocalRunnable.run(FastThreadLocalRunnable.java:30)
	... 1 more
Caused by: java.net.ConnectException: Connection refused
	... 11 more
2019-10-25 11:08:09,238 [f6cfa8a2-85ff-4bb9-a246-101c53d2d47b@group-49E82E920F3F-LeaderElection678] INFO  impl.LeaderElection (LogUtils.java:infoOrTrace(149)) -   Exception 1: {}
java.util.concurrent.ExecutionException: org.apache.ratis.thirdparty.io.grpc.StatusRuntimeException: UNAVAILABLE: io exception
	at java.util.concurrent.FutureTask.report(FutureTask.java:122)
	at java.util.concurrent.FutureTask.get(FutureTask.java:192)
	at org.apache.ratis.server.impl.LeaderElection.waitForResults(LeaderElection.java:259)
	at org.apache.ratis.server.impl.LeaderElection.askForVotes(LeaderElection.java:197)
	at org.apache.ratis.server.impl.LeaderElection.run(LeaderElection.java:133)
	at java.lang.Thread.run(Thread.java:748)
Caused by: org.apache.ratis.thirdparty.io.grpc.StatusRuntimeException: UNAVAILABLE: io exception
	at org.apache.ratis.thirdparty.io.grpc.stub.ClientCalls.toStatusRuntimeException(ClientCalls.java:233)
	at org.apache.ratis.thirdparty.io.grpc.stub.ClientCalls.getUnchecked(ClientCalls.java:214)
	at org.apache.ratis.thirdparty.io.grpc.stub.ClientCalls.blockingUnaryCall(ClientCalls.java:139)
	at org.apache.ratis.proto.grpc.RaftServerProtocolServiceGrpc$RaftServerProtocolServiceBlockingStub.requestVote(RaftServerProtocolServiceGrpc.java:265)
	at org.apache.ratis.grpc.server.GrpcServerProtocolClient.requestVote(GrpcServerProtocolClient.java:99)
	at org.apache.ratis.grpc.server.GrpcService.requestVote(GrpcService.java:204)
	at org.apache.ratis.server.impl.LeaderElection.lambda$submitRequests$1(LeaderElection.java:234)
	at java.util.concurrent.FutureTask.run(FutureTask.java:266)
	at java.util.concurrent.Executors$RunnableAdapter.call(Executors.java:511)
	at java.util.concurrent.FutureTask.run(FutureTask.java:266)
	at java.util.concurrent.ThreadPoolExecutor.runWorker(ThreadPoolExecutor.java:1149)
	at java.util.concurrent.ThreadPoolExecutor$Worker.run(ThreadPoolExecutor.java:624)
	... 1 more
Caused by: org.apache.ratis.thirdparty.io.netty.channel.AbstractChannel$AnnotatedConnectException: Connection refused: /192.168.157.233:42906
	at sun.nio.ch.SocketChannelImpl.checkConnect(Native Method)
	at sun.nio.ch.SocketChannelImpl.finishConnect(SocketChannelImpl.java:717)
	at org.apache.ratis.thirdparty.io.netty.channel.socket.nio.NioSocketChannel.doFinishConnect(NioSocketChannel.java:327)
	at org.apache.ratis.thirdparty.io.netty.channel.nio.AbstractNioChannel$AbstractNioUnsafe.finishConnect(AbstractNioChannel.java:340)
	at org.apache.ratis.thirdparty.io.netty.channel.nio.NioEventLoop.processSelectedKey(NioEventLoop.java:632)
	at org.apache.ratis.thirdparty.io.netty.channel.nio.NioEventLoop.processSelectedKeysOptimized(NioEventLoop.java:579)
	at org.apache.ratis.thirdparty.io.netty.channel.nio.NioEventLoop.processSelectedKeys(NioEventLoop.java:496)
	at org.apache.ratis.thirdparty.io.netty.channel.nio.NioEventLoop.run(NioEventLoop.java:458)
	at org.apache.ratis.thirdparty.io.netty.util.concurrent.SingleThreadEventExecutor$5.run(SingleThreadEventExecutor.java:897)
	at org.apache.ratis.thirdparty.io.netty.util.concurrent.FastThreadLocalRunnable.run(FastThreadLocalRunnable.java:30)
	... 1 more
Caused by: java.net.ConnectException: Connection refused
	... 11 more
2019-10-25 11:08:09,239 [f6cfa8a2-85ff-4bb9-a246-101c53d2d47b@group-49E82E920F3F-LeaderElection678] INFO  impl.RaftServerImpl (RaftServerImpl.java:setRole(184)) - f6cfa8a2-85ff-4bb9-a246-101c53d2d47b@group-49E82E920F3F: changes role from CANDIDATE to FOLLOWER at term 269 for DISCOVERED_A_NEW_TERM
2019-10-25 11:08:09,239 [f6cfa8a2-85ff-4bb9-a246-101c53d2d47b@group-49E82E920F3F-LeaderElection678] INFO  impl.RoleInfo (RoleInfo.java:shutdownLeaderElection(134)) - f6cfa8a2-85ff-4bb9-a246-101c53d2d47b: shutdown LeaderElection
2019-10-25 11:08:09,239 [f6cfa8a2-85ff-4bb9-a246-101c53d2d47b@group-49E82E920F3F-LeaderElection678] INFO  impl.RoleInfo (RoleInfo.java:updateAndGet(143)) - f6cfa8a2-85ff-4bb9-a246-101c53d2d47b: start FollowerState
2019-10-25 11:08:09,424 [Thread-5338] INFO  impl.FollowerState (FollowerState.java:run(108)) - f6cfa8a2-85ff-4bb9-a246-101c53d2d47b@group-49E82E920F3F-FollowerState: change to CANDIDATE, lastRpcTime:185ms, electionTimeout:185ms
2019-10-25 11:08:09,424 [Thread-5338] INFO  impl.RoleInfo (RoleInfo.java:shutdownFollowerState(121)) - f6cfa8a2-85ff-4bb9-a246-101c53d2d47b: shutdown FollowerState
2019-10-25 11:08:09,424 [Thread-5338] INFO  impl.RaftServerImpl (RaftServerImpl.java:setRole(184)) - f6cfa8a2-85ff-4bb9-a246-101c53d2d47b@group-49E82E920F3F: changes role from  FOLLOWER to CANDIDATE at term 269 for changeToCandidate
2019-10-25 11:08:09,425 [Thread-5338] INFO  impl.RoleInfo (RoleInfo.java:updateAndGet(143)) - f6cfa8a2-85ff-4bb9-a246-101c53d2d47b: start LeaderElection
2019-10-25 11:08:09,437 [f6cfa8a2-85ff-4bb9-a246-101c53d2d47b@group-49E82E920F3F-LeaderElection679] INFO  impl.LeaderElection (LeaderElection.java:askForVotes(178)) - f6cfa8a2-85ff-4bb9-a246-101c53d2d47b@group-49E82E920F3F-LeaderElection679: begin an election at term 270 for -1: [7fad1e98-7a6b-4998-a30c-ec1ab88068bc:192.168.157.233:35716, bdb27072-dd00-4d3b-a7da-41600e490ca3:192.168.157.233:42906, f6cfa8a2-85ff-4bb9-a246-101c53d2d47b:192.168.157.233:44618], old=null
2019-10-25 11:08:09,438 [f6cfa8a2-85ff-4bb9-a246-101c53d2d47b@group-49E82E920F3F-LeaderElection679] INFO  impl.LeaderElection (LogUtils.java:infoOrTrace(149)) - f6cfa8a2-85ff-4bb9-a246-101c53d2d47b@group-49E82E920F3F-LeaderElection679 got exception when requesting votes: {}
java.util.concurrent.ExecutionException: org.apache.ratis.thirdparty.io.grpc.StatusRuntimeException: UNAVAILABLE: io exception
	at java.util.concurrent.FutureTask.report(FutureTask.java:122)
	at java.util.concurrent.FutureTask.get(FutureTask.java:192)
	at org.apache.ratis.server.impl.LeaderElection.waitForResults(LeaderElection.java:259)
	at org.apache.ratis.server.impl.LeaderElection.askForVotes(LeaderElection.java:197)
	at org.apache.ratis.server.impl.LeaderElection.run(LeaderElection.java:133)
	at java.lang.Thread.run(Thread.java:748)
Caused by: org.apache.ratis.thirdparty.io.grpc.StatusRuntimeException: UNAVAILABLE: io exception
	at org.apache.ratis.thirdparty.io.grpc.stub.ClientCalls.toStatusRuntimeException(ClientCalls.java:233)
	at org.apache.ratis.thirdparty.io.grpc.stub.ClientCalls.getUnchecked(ClientCalls.java:214)
	at org.apache.ratis.thirdparty.io.grpc.stub.ClientCalls.blockingUnaryCall(ClientCalls.java:139)
	at org.apache.ratis.proto.grpc.RaftServerProtocolServiceGrpc$RaftServerProtocolServiceBlockingStub.requestVote(RaftServerProtocolServiceGrpc.java:265)
	at org.apache.ratis.grpc.server.GrpcServerProtocolClient.requestVote(GrpcServerProtocolClient.java:99)
	at org.apache.ratis.grpc.server.GrpcService.requestVote(GrpcService.java:204)
	at org.apache.ratis.server.impl.LeaderElection.lambda$submitRequests$1(LeaderElection.java:234)
	at java.util.concurrent.FutureTask.run(FutureTask.java:266)
	at java.util.concurrent.Executors$RunnableAdapter.call(Executors.java:511)
	at java.util.concurrent.FutureTask.run(FutureTask.java:266)
	at java.util.concurrent.ThreadPoolExecutor.runWorker(ThreadPoolExecutor.java:1149)
	at java.util.concurrent.ThreadPoolExecutor$Worker.run(ThreadPoolExecutor.java:624)
	... 1 more
Caused by: org.apache.ratis.thirdparty.io.netty.channel.AbstractChannel$AnnotatedConnectException: Connection refused: /192.168.157.233:35716
	at sun.nio.ch.SocketChannelImpl.checkConnect(Native Method)
	at sun.nio.ch.SocketChannelImpl.finishConnect(SocketChannelImpl.java:717)
	at org.apache.ratis.thirdparty.io.netty.channel.socket.nio.NioSocketChannel.doFinishConnect(NioSocketChannel.java:327)
	at org.apache.ratis.thirdparty.io.netty.channel.nio.AbstractNioChannel$AbstractNioUnsafe.finishConnect(AbstractNioChannel.java:340)
	at org.apache.ratis.thirdparty.io.netty.channel.nio.NioEventLoop.processSelectedKey(NioEventLoop.java:632)
	at org.apache.ratis.thirdparty.io.netty.channel.nio.NioEventLoop.processSelectedKeysOptimized(NioEventLoop.java:579)
	at org.apache.ratis.thirdparty.io.netty.channel.nio.NioEventLoop.processSelectedKeys(NioEventLoop.java:496)
	at org.apache.ratis.thirdparty.io.netty.channel.nio.NioEventLoop.run(NioEventLoop.java:458)
	at org.apache.ratis.thirdparty.io.netty.util.concurrent.SingleThreadEventExecutor$5.run(SingleThreadEventExecutor.java:897)
	at org.apache.ratis.thirdparty.io.netty.util.concurrent.FastThreadLocalRunnable.run(FastThreadLocalRunnable.java:30)
	... 1 more
Caused by: java.net.ConnectException: Connection refused
	... 11 more
2019-10-25 11:08:09,439 [f6cfa8a2-85ff-4bb9-a246-101c53d2d47b@group-49E82E920F3F-LeaderElection679] INFO  impl.LeaderElection (LogUtils.java:infoOrTrace(149)) - f6cfa8a2-85ff-4bb9-a246-101c53d2d47b@group-49E82E920F3F-LeaderElection679 got exception when requesting votes: {}
java.util.concurrent.ExecutionException: org.apache.ratis.thirdparty.io.grpc.StatusRuntimeException: UNAVAILABLE: io exception
	at java.util.concurrent.FutureTask.report(FutureTask.java:122)
	at java.util.concurrent.FutureTask.get(FutureTask.java:192)
	at org.apache.ratis.server.impl.LeaderElection.waitForResults(LeaderElection.java:259)
	at org.apache.ratis.server.impl.LeaderElection.askForVotes(LeaderElection.java:197)
	at org.apache.ratis.server.impl.LeaderElection.run(LeaderElection.java:133)
	at java.lang.Thread.run(Thread.java:748)
Caused by: org.apache.ratis.thirdparty.io.grpc.StatusRuntimeException: UNAVAILABLE: io exception
	at org.apache.ratis.thirdparty.io.grpc.stub.ClientCalls.toStatusRuntimeException(ClientCalls.java:233)
	at org.apache.ratis.thirdparty.io.grpc.stub.ClientCalls.getUnchecked(ClientCalls.java:214)
	at org.apache.ratis.thirdparty.io.grpc.stub.ClientCalls.blockingUnaryCall(ClientCalls.java:139)
	at org.apache.ratis.proto.grpc.RaftServerProtocolServiceGrpc$RaftServerProtocolServiceBlockingStub.requestVote(RaftServerProtocolServiceGrpc.java:265)
	at org.apache.ratis.grpc.server.GrpcServerProtocolClient.requestVote(GrpcServerProtocolClient.java:99)
	at org.apache.ratis.grpc.server.GrpcService.requestVote(GrpcService.java:204)
	at org.apache.ratis.server.impl.LeaderElection.lambda$submitRequests$1(LeaderElection.java:234)
	at java.util.concurrent.FutureTask.run(FutureTask.java:266)
	at java.util.concurrent.Executors$RunnableAdapter.call(Executors.java:511)
	at java.util.concurrent.FutureTask.run(FutureTask.java:266)
	at java.util.concurrent.ThreadPoolExecutor.runWorker(ThreadPoolExecutor.java:1149)
	at java.util.concurrent.ThreadPoolExecutor$Worker.run(ThreadPoolExecutor.java:624)
	... 1 more
Caused by: org.apache.ratis.thirdparty.io.netty.channel.AbstractChannel$AnnotatedConnectException: Connection refused: /192.168.157.233:42906
	at sun.nio.ch.SocketChannelImpl.checkConnect(Native Method)
	at sun.nio.ch.SocketChannelImpl.finishConnect(SocketChannelImpl.java:717)
	at org.apache.ratis.thirdparty.io.netty.channel.socket.nio.NioSocketChannel.doFinishConnect(NioSocketChannel.java:327)
	at org.apache.ratis.thirdparty.io.netty.channel.nio.AbstractNioChannel$AbstractNioUnsafe.finishConnect(AbstractNioChannel.java:340)
	at org.apache.ratis.thirdparty.io.netty.channel.nio.NioEventLoop.processSelectedKey(NioEventLoop.java:632)
	at org.apache.ratis.thirdparty.io.netty.channel.nio.NioEventLoop.processSelectedKeysOptimized(NioEventLoop.java:579)
	at org.apache.ratis.thirdparty.io.netty.channel.nio.NioEventLoop.processSelectedKeys(NioEventLoop.java:496)
	at org.apache.ratis.thirdparty.io.netty.channel.nio.NioEventLoop.run(NioEventLoop.java:458)
	at org.apache.ratis.thirdparty.io.netty.util.concurrent.SingleThreadEventExecutor$5.run(SingleThreadEventExecutor.java:897)
	at org.apache.ratis.thirdparty.io.netty.util.concurrent.FastThreadLocalRunnable.run(FastThreadLocalRunnable.java:30)
	... 1 more
Caused by: java.net.ConnectException: Connection refused
	... 11 more
2019-10-25 11:08:09,439 [f6cfa8a2-85ff-4bb9-a246-101c53d2d47b@group-49E82E920F3F-LeaderElection679] INFO  impl.LeaderElection (LeaderElection.java:logAndReturn(56)) - f6cfa8a2-85ff-4bb9-a246-101c53d2d47b@group-49E82E920F3F-LeaderElection679: Election REJECTED; received 0 response(s) [] and 2 exception(s); f6cfa8a2-85ff-4bb9-a246-101c53d2d47b@group-49E82E920F3F:t270, leader=null, voted=f6cfa8a2-85ff-4bb9-a246-101c53d2d47b, raftlog=f6cfa8a2-85ff-4bb9-a246-101c53d2d47b@group-49E82E920F3F-SegmentedRaftLog:OPENED:c-1,f-1,i0, conf=-1: [7fad1e98-7a6b-4998-a30c-ec1ab88068bc:192.168.157.233:35716, bdb27072-dd00-4d3b-a7da-41600e490ca3:192.168.157.233:42906, f6cfa8a2-85ff-4bb9-a246-101c53d2d47b:192.168.157.233:44618], old=null
2019-10-25 11:08:09,439 [f6cfa8a2-85ff-4bb9-a246-101c53d2d47b@group-49E82E920F3F-LeaderElection679] INFO  impl.LeaderElection (LogUtils.java:infoOrTrace(149)) -   Exception 0: {}
java.util.concurrent.ExecutionException: org.apache.ratis.thirdparty.io.grpc.StatusRuntimeException: UNAVAILABLE: io exception
	at java.util.concurrent.FutureTask.report(FutureTask.java:122)
	at java.util.concurrent.FutureTask.get(FutureTask.java:192)
	at org.apache.ratis.server.impl.LeaderElection.waitForResults(LeaderElection.java:259)
	at org.apache.ratis.server.impl.LeaderElection.askForVotes(LeaderElection.java:197)
	at org.apache.ratis.server.impl.LeaderElection.run(LeaderElection.java:133)
	at java.lang.Thread.run(Thread.java:748)
Caused by: org.apache.ratis.thirdparty.io.grpc.StatusRuntimeException: UNAVAILABLE: io exception
	at org.apache.ratis.thirdparty.io.grpc.stub.ClientCalls.toStatusRuntimeException(ClientCalls.java:233)
	at org.apache.ratis.thirdparty.io.grpc.stub.ClientCalls.getUnchecked(ClientCalls.java:214)
	at org.apache.ratis.thirdparty.io.grpc.stub.ClientCalls.blockingUnaryCall(ClientCalls.java:139)
	at org.apache.ratis.proto.grpc.RaftServerProtocolServiceGrpc$RaftServerProtocolServiceBlockingStub.requestVote(RaftServerProtocolServiceGrpc.java:265)
	at org.apache.ratis.grpc.server.GrpcServerProtocolClient.requestVote(GrpcServerProtocolClient.java:99)
	at org.apache.ratis.grpc.server.GrpcService.requestVote(GrpcService.java:204)
	at org.apache.ratis.server.impl.LeaderElection.lambda$submitRequests$1(LeaderElection.java:234)
	at java.util.concurrent.FutureTask.run(FutureTask.java:266)
	at java.util.concurrent.Executors$RunnableAdapter.call(Executors.java:511)
	at java.util.concurrent.FutureTask.run(FutureTask.java:266)
	at java.util.concurrent.ThreadPoolExecutor.runWorker(ThreadPoolExecutor.java:1149)
	at java.util.concurrent.ThreadPoolExecutor$Worker.run(ThreadPoolExecutor.java:624)
	... 1 more
Caused by: org.apache.ratis.thirdparty.io.netty.channel.AbstractChannel$AnnotatedConnectException: Connection refused: /192.168.157.233:35716
	at sun.nio.ch.SocketChannelImpl.checkConnect(Native Method)
	at sun.nio.ch.SocketChannelImpl.finishConnect(SocketChannelImpl.java:717)
	at org.apache.ratis.thirdparty.io.netty.channel.socket.nio.NioSocketChannel.doFinishConnect(NioSocketChannel.java:327)
	at org.apache.ratis.thirdparty.io.netty.channel.nio.AbstractNioChannel$AbstractNioUnsafe.finishConnect(AbstractNioChannel.java:340)
	at org.apache.ratis.thirdparty.io.netty.channel.nio.NioEventLoop.processSelectedKey(NioEventLoop.java:632)
	at org.apache.ratis.thirdparty.io.netty.channel.nio.NioEventLoop.processSelectedKeysOptimized(NioEventLoop.java:579)
	at org.apache.ratis.thirdparty.io.netty.channel.nio.NioEventLoop.processSelectedKeys(NioEventLoop.java:496)
	at org.apache.ratis.thirdparty.io.netty.channel.nio.NioEventLoop.run(NioEventLoop.java:458)
	at org.apache.ratis.thirdparty.io.netty.util.concurrent.SingleThreadEventExecutor$5.run(SingleThreadEventExecutor.java:897)
	at org.apache.ratis.thirdparty.io.netty.util.concurrent.FastThreadLocalRunnable.run(FastThreadLocalRunnable.java:30)
	... 1 more
Caused by: java.net.ConnectException: Connection refused
	... 11 more
2019-10-25 11:08:09,440 [f6cfa8a2-85ff-4bb9-a246-101c53d2d47b@group-49E82E920F3F-LeaderElection679] INFO  impl.LeaderElection (LogUtils.java:infoOrTrace(149)) -   Exception 1: {}
java.util.concurrent.ExecutionException: org.apache.ratis.thirdparty.io.grpc.StatusRuntimeException: UNAVAILABLE: io exception
	at java.util.concurrent.FutureTask.report(FutureTask.java:122)
	at java.util.concurrent.FutureTask.get(FutureTask.java:192)
	at org.apache.ratis.server.impl.LeaderElection.waitForResults(LeaderElection.java:259)
	at org.apache.ratis.server.impl.LeaderElection.askForVotes(LeaderElection.java:197)
	at org.apache.ratis.server.impl.LeaderElection.run(LeaderElection.java:133)
	at java.lang.Thread.run(Thread.java:748)
Caused by: org.apache.ratis.thirdparty.io.grpc.StatusRuntimeException: UNAVAILABLE: io exception
	at org.apache.ratis.thirdparty.io.grpc.stub.ClientCalls.toStatusRuntimeException(ClientCalls.java:233)
	at org.apache.ratis.thirdparty.io.grpc.stub.ClientCalls.getUnchecked(ClientCalls.java:214)
	at org.apache.ratis.thirdparty.io.grpc.stub.ClientCalls.blockingUnaryCall(ClientCalls.java:139)
	at org.apache.ratis.proto.grpc.RaftServerProtocolServiceGrpc$RaftServerProtocolServiceBlockingStub.requestVote(RaftServerProtocolServiceGrpc.java:265)
	at org.apache.ratis.grpc.server.GrpcServerProtocolClient.requestVote(GrpcServerProtocolClient.java:99)
	at org.apache.ratis.grpc.server.GrpcService.requestVote(GrpcService.java:204)
	at org.apache.ratis.server.impl.LeaderElection.lambda$submitRequests$1(LeaderElection.java:234)
	at java.util.concurrent.FutureTask.run(FutureTask.java:266)
	at java.util.concurrent.Executors$RunnableAdapter.call(Executors.java:511)
	at java.util.concurrent.FutureTask.run(FutureTask.java:266)
	at java.util.concurrent.ThreadPoolExecutor.runWorker(ThreadPoolExecutor.java:1149)
	at java.util.concurrent.ThreadPoolExecutor$Worker.run(ThreadPoolExecutor.java:624)
	... 1 more
Caused by: org.apache.ratis.thirdparty.io.netty.channel.AbstractChannel$AnnotatedConnectException: Connection refused: /192.168.157.233:42906
	at sun.nio.ch.SocketChannelImpl.checkConnect(Native Method)
	at sun.nio.ch.SocketChannelImpl.finishConnect(SocketChannelImpl.java:717)
	at org.apache.ratis.thirdparty.io.netty.channel.socket.nio.NioSocketChannel.doFinishConnect(NioSocketChannel.java:327)
	at org.apache.ratis.thirdparty.io.netty.channel.nio.AbstractNioChannel$AbstractNioUnsafe.finishConnect(AbstractNioChannel.java:340)
	at org.apache.ratis.thirdparty.io.netty.channel.nio.NioEventLoop.processSelectedKey(NioEventLoop.java:632)
	at org.apache.ratis.thirdparty.io.netty.channel.nio.NioEventLoop.processSelectedKeysOptimized(NioEventLoop.java:579)
	at org.apache.ratis.thirdparty.io.netty.channel.nio.NioEventLoop.processSelectedKeys(NioEventLoop.java:496)
	at org.apache.ratis.thirdparty.io.netty.channel.nio.NioEventLoop.run(NioEventLoop.java:458)
	at org.apache.ratis.thirdparty.io.netty.util.concurrent.SingleThreadEventExecutor$5.run(SingleThreadEventExecutor.java:897)
	at org.apache.ratis.thirdparty.io.netty.util.concurrent.FastThreadLocalRunnable.run(FastThreadLocalRunnable.java:30)
	... 1 more
Caused by: java.net.ConnectException: Connection refused
	... 11 more
2019-10-25 11:08:09,440 [f6cfa8a2-85ff-4bb9-a246-101c53d2d47b@group-49E82E920F3F-LeaderElection679] INFO  impl.RaftServerImpl (RaftServerImpl.java:setRole(184)) - f6cfa8a2-85ff-4bb9-a246-101c53d2d47b@group-49E82E920F3F: changes role from CANDIDATE to FOLLOWER at term 270 for DISCOVERED_A_NEW_TERM
2019-10-25 11:08:09,440 [f6cfa8a2-85ff-4bb9-a246-101c53d2d47b@group-49E82E920F3F-LeaderElection679] INFO  impl.RoleInfo (RoleInfo.java:shutdownLeaderElection(134)) - f6cfa8a2-85ff-4bb9-a246-101c53d2d47b: shutdown LeaderElection
2019-10-25 11:08:09,440 [f6cfa8a2-85ff-4bb9-a246-101c53d2d47b@group-49E82E920F3F-LeaderElection679] INFO  impl.RoleInfo (RoleInfo.java:updateAndGet(143)) - f6cfa8a2-85ff-4bb9-a246-101c53d2d47b: start FollowerState
2019-10-25 11:08:09,469 [Thread-5342] INFO  impl.FollowerState (FollowerState.java:run(108)) - f6cfa8a2-85ff-4bb9-a246-101c53d2d47b@group-49E82E920F3F-FollowerState: change to CANDIDATE, lastRpcTime:29ms, electionTimeout:29ms
2019-10-25 11:08:09,470 [Thread-5342] INFO  impl.RoleInfo (RoleInfo.java:shutdownFollowerState(121)) - f6cfa8a2-85ff-4bb9-a246-101c53d2d47b: shutdown FollowerState
2019-10-25 11:08:09,470 [Thread-5342] INFO  impl.RaftServerImpl (RaftServerImpl.java:setRole(184)) - f6cfa8a2-85ff-4bb9-a246-101c53d2d47b@group-49E82E920F3F: changes role from  FOLLOWER to CANDIDATE at term 270 for changeToCandidate
2019-10-25 11:08:09,470 [Thread-5342] INFO  impl.RoleInfo (RoleInfo.java:updateAndGet(143)) - f6cfa8a2-85ff-4bb9-a246-101c53d2d47b: start LeaderElection
2019-10-25 11:08:09,483 [f6cfa8a2-85ff-4bb9-a246-101c53d2d47b@group-49E82E920F3F-LeaderElection680] INFO  impl.LeaderElection (LeaderElection.java:askForVotes(178)) - f6cfa8a2-85ff-4bb9-a246-101c53d2d47b@group-49E82E920F3F-LeaderElection680: begin an election at term 271 for -1: [7fad1e98-7a6b-4998-a30c-ec1ab88068bc:192.168.157.233:35716, bdb27072-dd00-4d3b-a7da-41600e490ca3:192.168.157.233:42906, f6cfa8a2-85ff-4bb9-a246-101c53d2d47b:192.168.157.233:44618], old=null
2019-10-25 11:08:09,483 [f6cfa8a2-85ff-4bb9-a246-101c53d2d47b@group-49E82E920F3F-LeaderElection680] INFO  impl.LeaderElection (LogUtils.java:infoOrTrace(149)) - f6cfa8a2-85ff-4bb9-a246-101c53d2d47b@group-49E82E920F3F-LeaderElection680 got exception when requesting votes: {}
java.util.concurrent.ExecutionException: org.apache.ratis.thirdparty.io.grpc.StatusRuntimeException: UNAVAILABLE: io exception
	at java.util.concurrent.FutureTask.report(FutureTask.java:122)
	at java.util.concurrent.FutureTask.get(FutureTask.java:192)
	at org.apache.ratis.server.impl.LeaderElection.waitForResults(LeaderElection.java:259)
	at org.apache.ratis.server.impl.LeaderElection.askForVotes(LeaderElection.java:197)
	at org.apache.ratis.server.impl.LeaderElection.run(LeaderElection.java:133)
	at java.lang.Thread.run(Thread.java:748)
Caused by: org.apache.ratis.thirdparty.io.grpc.StatusRuntimeException: UNAVAILABLE: io exception
	at org.apache.ratis.thirdparty.io.grpc.stub.ClientCalls.toStatusRuntimeException(ClientCalls.java:233)
	at org.apache.ratis.thirdparty.io.grpc.stub.ClientCalls.getUnchecked(ClientCalls.java:214)
	at org.apache.ratis.thirdparty.io.grpc.stub.ClientCalls.blockingUnaryCall(ClientCalls.java:139)
	at org.apache.ratis.proto.grpc.RaftServerProtocolServiceGrpc$RaftServerProtocolServiceBlockingStub.requestVote(RaftServerProtocolServiceGrpc.java:265)
	at org.apache.ratis.grpc.server.GrpcServerProtocolClient.requestVote(GrpcServerProtocolClient.java:99)
	at org.apache.ratis.grpc.server.GrpcService.requestVote(GrpcService.java:204)
	at org.apache.ratis.server.impl.LeaderElection.lambda$submitRequests$1(LeaderElection.java:234)
	at java.util.concurrent.FutureTask.run(FutureTask.java:266)
	at java.util.concurrent.Executors$RunnableAdapter.call(Executors.java:511)
	at java.util.concurrent.FutureTask.run(FutureTask.java:266)
	at java.util.concurrent.ThreadPoolExecutor.runWorker(ThreadPoolExecutor.java:1149)
	at java.util.concurrent.ThreadPoolExecutor$Worker.run(ThreadPoolExecutor.java:624)
	... 1 more
Caused by: org.apache.ratis.thirdparty.io.netty.channel.AbstractChannel$AnnotatedConnectException: Connection refused: /192.168.157.233:42906
	at sun.nio.ch.SocketChannelImpl.checkConnect(Native Method)
	at sun.nio.ch.SocketChannelImpl.finishConnect(SocketChannelImpl.java:717)
	at org.apache.ratis.thirdparty.io.netty.channel.socket.nio.NioSocketChannel.doFinishConnect(NioSocketChannel.java:327)
	at org.apache.ratis.thirdparty.io.netty.channel.nio.AbstractNioChannel$AbstractNioUnsafe.finishConnect(AbstractNioChannel.java:340)
	at org.apache.ratis.thirdparty.io.netty.channel.nio.NioEventLoop.processSelectedKey(NioEventLoop.java:632)
	at org.apache.ratis.thirdparty.io.netty.channel.nio.NioEventLoop.processSelectedKeysOptimized(NioEventLoop.java:579)
	at org.apache.ratis.thirdparty.io.netty.channel.nio.NioEventLoop.processSelectedKeys(NioEventLoop.java:496)
	at org.apache.ratis.thirdparty.io.netty.channel.nio.NioEventLoop.run(NioEventLoop.java:458)
	at org.apache.ratis.thirdparty.io.netty.util.concurrent.SingleThreadEventExecutor$5.run(SingleThreadEventExecutor.java:897)
	at org.apache.ratis.thirdparty.io.netty.util.concurrent.FastThreadLocalRunnable.run(FastThreadLocalRunnable.java:30)
	... 1 more
Caused by: java.net.ConnectException: Connection refused
	... 11 more
2019-10-25 11:08:09,484 [f6cfa8a2-85ff-4bb9-a246-101c53d2d47b@group-49E82E920F3F-LeaderElection680] INFO  impl.LeaderElection (LogUtils.java:infoOrTrace(149)) - f6cfa8a2-85ff-4bb9-a246-101c53d2d47b@group-49E82E920F3F-LeaderElection680 got exception when requesting votes: {}
java.util.concurrent.ExecutionException: org.apache.ratis.thirdparty.io.grpc.StatusRuntimeException: UNAVAILABLE: io exception
	at java.util.concurrent.FutureTask.report(FutureTask.java:122)
	at java.util.concurrent.FutureTask.get(FutureTask.java:192)
	at org.apache.ratis.server.impl.LeaderElection.waitForResults(LeaderElection.java:259)
	at org.apache.ratis.server.impl.LeaderElection.askForVotes(LeaderElection.java:197)
	at org.apache.ratis.server.impl.LeaderElection.run(LeaderElection.java:133)
	at java.lang.Thread.run(Thread.java:748)
Caused by: org.apache.ratis.thirdparty.io.grpc.StatusRuntimeException: UNAVAILABLE: io exception
	at org.apache.ratis.thirdparty.io.grpc.stub.ClientCalls.toStatusRuntimeException(ClientCalls.java:233)
	at org.apache.ratis.thirdparty.io.grpc.stub.ClientCalls.getUnchecked(ClientCalls.java:214)
	at org.apache.ratis.thirdparty.io.grpc.stub.ClientCalls.blockingUnaryCall(ClientCalls.java:139)
	at org.apache.ratis.proto.grpc.RaftServerProtocolServiceGrpc$RaftServerProtocolServiceBlockingStub.requestVote(RaftServerProtocolServiceGrpc.java:265)
	at org.apache.ratis.grpc.server.GrpcServerProtocolClient.requestVote(GrpcServerProtocolClient.java:99)
	at org.apache.ratis.grpc.server.GrpcService.requestVote(GrpcService.java:204)
	at org.apache.ratis.server.impl.LeaderElection.lambda$submitRequests$1(LeaderElection.java:234)
	at java.util.concurrent.FutureTask.run(FutureTask.java:266)
	at java.util.concurrent.Executors$RunnableAdapter.call(Executors.java:511)
	at java.util.concurrent.FutureTask.run(FutureTask.java:266)
	at java.util.concurrent.ThreadPoolExecutor.runWorker(ThreadPoolExecutor.java:1149)
	at java.util.concurrent.ThreadPoolExecutor$Worker.run(ThreadPoolExecutor.java:624)
	... 1 more
Caused by: org.apache.ratis.thirdparty.io.netty.channel.AbstractChannel$AnnotatedConnectException: Connection refused: /192.168.157.233:35716
	at sun.nio.ch.SocketChannelImpl.checkConnect(Native Method)
	at sun.nio.ch.SocketChannelImpl.finishConnect(SocketChannelImpl.java:717)
	at org.apache.ratis.thirdparty.io.netty.channel.socket.nio.NioSocketChannel.doFinishConnect(NioSocketChannel.java:327)
	at org.apache.ratis.thirdparty.io.netty.channel.nio.AbstractNioChannel$AbstractNioUnsafe.finishConnect(AbstractNioChannel.java:340)
	at org.apache.ratis.thirdparty.io.netty.channel.nio.NioEventLoop.processSelectedKey(NioEventLoop.java:632)
	at org.apache.ratis.thirdparty.io.netty.channel.nio.NioEventLoop.processSelectedKeysOptimized(NioEventLoop.java:579)
	at org.apache.ratis.thirdparty.io.netty.channel.nio.NioEventLoop.processSelectedKeys(NioEventLoop.java:496)
	at org.apache.ratis.thirdparty.io.netty.channel.nio.NioEventLoop.run(NioEventLoop.java:458)
	at org.apache.ratis.thirdparty.io.netty.util.concurrent.SingleThreadEventExecutor$5.run(SingleThreadEventExecutor.java:897)
	at org.apache.ratis.thirdparty.io.netty.util.concurrent.FastThreadLocalRunnable.run(FastThreadLocalRunnable.java:30)
	... 1 more
Caused by: java.net.ConnectException: Connection refused
	... 11 more
2019-10-25 11:08:09,484 [f6cfa8a2-85ff-4bb9-a246-101c53d2d47b@group-49E82E920F3F-LeaderElection680] INFO  impl.LeaderElection (LeaderElection.java:logAndReturn(56)) - f6cfa8a2-85ff-4bb9-a246-101c53d2d47b@group-49E82E920F3F-LeaderElection680: Election REJECTED; received 0 response(s) [] and 2 exception(s); f6cfa8a2-85ff-4bb9-a246-101c53d2d47b@group-49E82E920F3F:t271, leader=null, voted=f6cfa8a2-85ff-4bb9-a246-101c53d2d47b, raftlog=f6cfa8a2-85ff-4bb9-a246-101c53d2d47b@group-49E82E920F3F-SegmentedRaftLog:OPENED:c-1,f-1,i0, conf=-1: [7fad1e98-7a6b-4998-a30c-ec1ab88068bc:192.168.157.233:35716, bdb27072-dd00-4d3b-a7da-41600e490ca3:192.168.157.233:42906, f6cfa8a2-85ff-4bb9-a246-101c53d2d47b:192.168.157.233:44618], old=null
2019-10-25 11:08:09,484 [f6cfa8a2-85ff-4bb9-a246-101c53d2d47b@group-49E82E920F3F-LeaderElection680] INFO  impl.LeaderElection (LogUtils.java:infoOrTrace(149)) -   Exception 0: {}
java.util.concurrent.ExecutionException: org.apache.ratis.thirdparty.io.grpc.StatusRuntimeException: UNAVAILABLE: io exception
	at java.util.concurrent.FutureTask.report(FutureTask.java:122)
	at java.util.concurrent.FutureTask.get(FutureTask.java:192)
	at org.apache.ratis.server.impl.LeaderElection.waitForResults(LeaderElection.java:259)
	at org.apache.ratis.server.impl.LeaderElection.askForVotes(LeaderElection.java:197)
	at org.apache.ratis.server.impl.LeaderElection.run(LeaderElection.java:133)
	at java.lang.Thread.run(Thread.java:748)
Caused by: org.apache.ratis.thirdparty.io.grpc.StatusRuntimeException: UNAVAILABLE: io exception
	at org.apache.ratis.thirdparty.io.grpc.stub.ClientCalls.toStatusRuntimeException(ClientCalls.java:233)
	at org.apache.ratis.thirdparty.io.grpc.stub.ClientCalls.getUnchecked(ClientCalls.java:214)
	at org.apache.ratis.thirdparty.io.grpc.stub.ClientCalls.blockingUnaryCall(ClientCalls.java:139)
	at org.apache.ratis.proto.grpc.RaftServerProtocolServiceGrpc$RaftServerProtocolServiceBlockingStub.requestVote(RaftServerProtocolServiceGrpc.java:265)
	at org.apache.ratis.grpc.server.GrpcServerProtocolClient.requestVote(GrpcServerProtocolClient.java:99)
	at org.apache.ratis.grpc.server.GrpcService.requestVote(GrpcService.java:204)
	at org.apache.ratis.server.impl.LeaderElection.lambda$submitRequests$1(LeaderElection.java:234)
	at java.util.concurrent.FutureTask.run(FutureTask.java:266)
	at java.util.concurrent.Executors$RunnableAdapter.call(Executors.java:511)
	at java.util.concurrent.FutureTask.run(FutureTask.java:266)
	at java.util.concurrent.ThreadPoolExecutor.runWorker(ThreadPoolExecutor.java:1149)
	at java.util.concurrent.ThreadPoolExecutor$Worker.run(ThreadPoolExecutor.java:624)
	... 1 more
Caused by: org.apache.ratis.thirdparty.io.netty.channel.AbstractChannel$AnnotatedConnectException: Connection refused: /192.168.157.233:42906
	at sun.nio.ch.SocketChannelImpl.checkConnect(Native Method)
	at sun.nio.ch.SocketChannelImpl.finishConnect(SocketChannelImpl.java:717)
	at org.apache.ratis.thirdparty.io.netty.channel.socket.nio.NioSocketChannel.doFinishConnect(NioSocketChannel.java:327)
	at org.apache.ratis.thirdparty.io.netty.channel.nio.AbstractNioChannel$AbstractNioUnsafe.finishConnect(AbstractNioChannel.java:340)
	at org.apache.ratis.thirdparty.io.netty.channel.nio.NioEventLoop.processSelectedKey(NioEventLoop.java:632)
	at org.apache.ratis.thirdparty.io.netty.channel.nio.NioEventLoop.processSelectedKeysOptimized(NioEventLoop.java:579)
	at org.apache.ratis.thirdparty.io.netty.channel.nio.NioEventLoop.processSelectedKeys(NioEventLoop.java:496)
	at org.apache.ratis.thirdparty.io.netty.channel.nio.NioEventLoop.run(NioEventLoop.java:458)
	at org.apache.ratis.thirdparty.io.netty.util.concurrent.SingleThreadEventExecutor$5.run(SingleThreadEventExecutor.java:897)
	at org.apache.ratis.thirdparty.io.netty.util.concurrent.FastThreadLocalRunnable.run(FastThreadLocalRunnable.java:30)
	... 1 more
Caused by: java.net.ConnectException: Connection refused
	... 11 more
2019-10-25 11:08:09,484 [f6cfa8a2-85ff-4bb9-a246-101c53d2d47b@group-49E82E920F3F-LeaderElection680] INFO  impl.LeaderElection (LogUtils.java:infoOrTrace(149)) -   Exception 1: {}
java.util.concurrent.ExecutionException: org.apache.ratis.thirdparty.io.grpc.StatusRuntimeException: UNAVAILABLE: io exception
	at java.util.concurrent.FutureTask.report(FutureTask.java:122)
	at java.util.concurrent.FutureTask.get(FutureTask.java:192)
	at org.apache.ratis.server.impl.LeaderElection.waitForResults(LeaderElection.java:259)
	at org.apache.ratis.server.impl.LeaderElection.askForVotes(LeaderElection.java:197)
	at org.apache.ratis.server.impl.LeaderElection.run(LeaderElection.java:133)
	at java.lang.Thread.run(Thread.java:748)
Caused by: org.apache.ratis.thirdparty.io.grpc.StatusRuntimeException: UNAVAILABLE: io exception
	at org.apache.ratis.thirdparty.io.grpc.stub.ClientCalls.toStatusRuntimeException(ClientCalls.java:233)
	at org.apache.ratis.thirdparty.io.grpc.stub.ClientCalls.getUnchecked(ClientCalls.java:214)
	at org.apache.ratis.thirdparty.io.grpc.stub.ClientCalls.blockingUnaryCall(ClientCalls.java:139)
	at org.apache.ratis.proto.grpc.RaftServerProtocolServiceGrpc$RaftServerProtocolServiceBlockingStub.requestVote(RaftServerProtocolServiceGrpc.java:265)
	at org.apache.ratis.grpc.server.GrpcServerProtocolClient.requestVote(GrpcServerProtocolClient.java:99)
	at org.apache.ratis.grpc.server.GrpcService.requestVote(GrpcService.java:204)
	at org.apache.ratis.server.impl.LeaderElection.lambda$submitRequests$1(LeaderElection.java:234)
	at java.util.concurrent.FutureTask.run(FutureTask.java:266)
	at java.util.concurrent.Executors$RunnableAdapter.call(Executors.java:511)
	at java.util.concurrent.FutureTask.run(FutureTask.java:266)
	at java.util.concurrent.ThreadPoolExecutor.runWorker(ThreadPoolExecutor.java:1149)
	at java.util.concurrent.ThreadPoolExecutor$Worker.run(ThreadPoolExecutor.java:624)
	... 1 more
Caused by: org.apache.ratis.thirdparty.io.netty.channel.AbstractChannel$AnnotatedConnectException: Connection refused: /192.168.157.233:35716
	at sun.nio.ch.SocketChannelImpl.checkConnect(Native Method)
	at sun.nio.ch.SocketChannelImpl.finishConnect(SocketChannelImpl.java:717)
	at org.apache.ratis.thirdparty.io.netty.channel.socket.nio.NioSocketChannel.doFinishConnect(NioSocketChannel.java:327)
	at org.apache.ratis.thirdparty.io.netty.channel.nio.AbstractNioChannel$AbstractNioUnsafe.finishConnect(AbstractNioChannel.java:340)
	at org.apache.ratis.thirdparty.io.netty.channel.nio.NioEventLoop.processSelectedKey(NioEventLoop.java:632)
	at org.apache.ratis.thirdparty.io.netty.channel.nio.NioEventLoop.processSelectedKeysOptimized(NioEventLoop.java:579)
	at org.apache.ratis.thirdparty.io.netty.channel.nio.NioEventLoop.processSelectedKeys(NioEventLoop.java:496)
	at org.apache.ratis.thirdparty.io.netty.channel.nio.NioEventLoop.run(NioEventLoop.java:458)
	at org.apache.ratis.thirdparty.io.netty.util.concurrent.SingleThreadEventExecutor$5.run(SingleThreadEventExecutor.java:897)
	at org.apache.ratis.thirdparty.io.netty.util.concurrent.FastThreadLocalRunnable.run(FastThreadLocalRunnable.java:30)
	... 1 more
Caused by: java.net.ConnectException: Connection refused
	... 11 more
2019-10-25 11:08:09,485 [f6cfa8a2-85ff-4bb9-a246-101c53d2d47b@group-49E82E920F3F-LeaderElection680] INFO  impl.RaftServerImpl (RaftServerImpl.java:setRole(184)) - f6cfa8a2-85ff-4bb9-a246-101c53d2d47b@group-49E82E920F3F: changes role from CANDIDATE to FOLLOWER at term 271 for DISCOVERED_A_NEW_TERM
2019-10-25 11:08:09,485 [f6cfa8a2-85ff-4bb9-a246-101c53d2d47b@group-49E82E920F3F-LeaderElection680] INFO  impl.RoleInfo (RoleInfo.java:shutdownLeaderElection(134)) - f6cfa8a2-85ff-4bb9-a246-101c53d2d47b: shutdown LeaderElection
2019-10-25 11:08:09,485 [f6cfa8a2-85ff-4bb9-a246-101c53d2d47b@group-49E82E920F3F-LeaderElection680] INFO  impl.RoleInfo (RoleInfo.java:updateAndGet(143)) - f6cfa8a2-85ff-4bb9-a246-101c53d2d47b: start FollowerState
2019-10-25 11:08:09,531 [Thread-5346] INFO  impl.FollowerState (FollowerState.java:run(108)) - f6cfa8a2-85ff-4bb9-a246-101c53d2d47b@group-49E82E920F3F-FollowerState: change to CANDIDATE, lastRpcTime:46ms, electionTimeout:46ms
2019-10-25 11:08:09,531 [Thread-5346] INFO  impl.RoleInfo (RoleInfo.java:shutdownFollowerState(121)) - f6cfa8a2-85ff-4bb9-a246-101c53d2d47b: shutdown FollowerState
2019-10-25 11:08:09,531 [Thread-5346] INFO  impl.RaftServerImpl (RaftServerImpl.java:setRole(184)) - f6cfa8a2-85ff-4bb9-a246-101c53d2d47b@group-49E82E920F3F: changes role from  FOLLOWER to CANDIDATE at term 271 for changeToCandidate
2019-10-25 11:08:09,531 [Thread-5346] INFO  impl.RoleInfo (RoleInfo.java:updateAndGet(143)) - f6cfa8a2-85ff-4bb9-a246-101c53d2d47b: start LeaderElection
2019-10-25 11:08:09,545 [f6cfa8a2-85ff-4bb9-a246-101c53d2d47b@group-49E82E920F3F-LeaderElection681] INFO  impl.LeaderElection (LeaderElection.java:askForVotes(178)) - f6cfa8a2-85ff-4bb9-a246-101c53d2d47b@group-49E82E920F3F-LeaderElection681: begin an election at term 272 for -1: [7fad1e98-7a6b-4998-a30c-ec1ab88068bc:192.168.157.233:35716, bdb27072-dd00-4d3b-a7da-41600e490ca3:192.168.157.233:42906, f6cfa8a2-85ff-4bb9-a246-101c53d2d47b:192.168.157.233:44618], old=null
2019-10-25 11:08:09,545 [f6cfa8a2-85ff-4bb9-a246-101c53d2d47b@group-49E82E920F3F-LeaderElection681] INFO  impl.LeaderElection (LogUtils.java:infoOrTrace(149)) - f6cfa8a2-85ff-4bb9-a246-101c53d2d47b@group-49E82E920F3F-LeaderElection681 got exception when requesting votes: {}
java.util.concurrent.ExecutionException: org.apache.ratis.thirdparty.io.grpc.StatusRuntimeException: UNAVAILABLE: io exception
	at java.util.concurrent.FutureTask.report(FutureTask.java:122)
	at java.util.concurrent.FutureTask.get(FutureTask.java:192)
	at org.apache.ratis.server.impl.LeaderElection.waitForResults(LeaderElection.java:259)
	at org.apache.ratis.server.impl.LeaderElection.askForVotes(LeaderElection.java:197)
	at org.apache.ratis.server.impl.LeaderElection.run(LeaderElection.java:133)
	at java.lang.Thread.run(Thread.java:748)
Caused by: org.apache.ratis.thirdparty.io.grpc.StatusRuntimeException: UNAVAILABLE: io exception
	at org.apache.ratis.thirdparty.io.grpc.stub.ClientCalls.toStatusRuntimeException(ClientCalls.java:233)
	at org.apache.ratis.thirdparty.io.grpc.stub.ClientCalls.getUnchecked(ClientCalls.java:214)
	at org.apache.ratis.thirdparty.io.grpc.stub.ClientCalls.blockingUnaryCall(ClientCalls.java:139)
	at org.apache.ratis.proto.grpc.RaftServerProtocolServiceGrpc$RaftServerProtocolServiceBlockingStub.requestVote(RaftServerProtocolServiceGrpc.java:265)
	at org.apache.ratis.grpc.server.GrpcServerProtocolClient.requestVote(GrpcServerProtocolClient.java:99)
	at org.apache.ratis.grpc.server.GrpcService.requestVote(GrpcService.java:204)
	at org.apache.ratis.server.impl.LeaderElection.lambda$submitRequests$1(LeaderElection.java:234)
	at java.util.concurrent.FutureTask.run(FutureTask.java:266)
	at java.util.concurrent.Executors$RunnableAdapter.call(Executors.java:511)
	at java.util.concurrent.FutureTask.run(FutureTask.java:266)
	at java.util.concurrent.ThreadPoolExecutor.runWorker(ThreadPoolExecutor.java:1149)
	at java.util.concurrent.ThreadPoolExecutor$Worker.run(ThreadPoolExecutor.java:624)
	... 1 more
Caused by: org.apache.ratis.thirdparty.io.netty.channel.AbstractChannel$AnnotatedConnectException: Connection refused: /192.168.157.233:35716
	at sun.nio.ch.SocketChannelImpl.checkConnect(Native Method)
	at sun.nio.ch.SocketChannelImpl.finishConnect(SocketChannelImpl.java:717)
	at org.apache.ratis.thirdparty.io.netty.channel.socket.nio.NioSocketChannel.doFinishConnect(NioSocketChannel.java:327)
	at org.apache.ratis.thirdparty.io.netty.channel.nio.AbstractNioChannel$AbstractNioUnsafe.finishConnect(AbstractNioChannel.java:340)
	at org.apache.ratis.thirdparty.io.netty.channel.nio.NioEventLoop.processSelectedKey(NioEventLoop.java:632)
	at org.apache.ratis.thirdparty.io.netty.channel.nio.NioEventLoop.processSelectedKeysOptimized(NioEventLoop.java:579)
	at org.apache.ratis.thirdparty.io.netty.channel.nio.NioEventLoop.processSelectedKeys(NioEventLoop.java:496)
	at org.apache.ratis.thirdparty.io.netty.channel.nio.NioEventLoop.run(NioEventLoop.java:458)
	at org.apache.ratis.thirdparty.io.netty.util.concurrent.SingleThreadEventExecutor$5.run(SingleThreadEventExecutor.java:897)
	at org.apache.ratis.thirdparty.io.netty.util.concurrent.FastThreadLocalRunnable.run(FastThreadLocalRunnable.java:30)
	... 1 more
Caused by: java.net.ConnectException: Connection refused
	... 11 more
2019-10-25 11:08:09,546 [f6cfa8a2-85ff-4bb9-a246-101c53d2d47b@group-49E82E920F3F-LeaderElection681] INFO  impl.LeaderElection (LogUtils.java:infoOrTrace(149)) - f6cfa8a2-85ff-4bb9-a246-101c53d2d47b@group-49E82E920F3F-LeaderElection681 got exception when requesting votes: {}
java.util.concurrent.ExecutionException: org.apache.ratis.thirdparty.io.grpc.StatusRuntimeException: UNAVAILABLE: io exception
	at java.util.concurrent.FutureTask.report(FutureTask.java:122)
	at java.util.concurrent.FutureTask.get(FutureTask.java:192)
	at org.apache.ratis.server.impl.LeaderElection.waitForResults(LeaderElection.java:259)
	at org.apache.ratis.server.impl.LeaderElection.askForVotes(LeaderElection.java:197)
	at org.apache.ratis.server.impl.LeaderElection.run(LeaderElection.java:133)
	at java.lang.Thread.run(Thread.java:748)
Caused by: org.apache.ratis.thirdparty.io.grpc.StatusRuntimeException: UNAVAILABLE: io exception
	at org.apache.ratis.thirdparty.io.grpc.stub.ClientCalls.toStatusRuntimeException(ClientCalls.java:233)
	at org.apache.ratis.thirdparty.io.grpc.stub.ClientCalls.getUnchecked(ClientCalls.java:214)
	at org.apache.ratis.thirdparty.io.grpc.stub.ClientCalls.blockingUnaryCall(ClientCalls.java:139)
	at org.apache.ratis.proto.grpc.RaftServerProtocolServiceGrpc$RaftServerProtocolServiceBlockingStub.requestVote(RaftServerProtocolServiceGrpc.java:265)
	at org.apache.ratis.grpc.server.GrpcServerProtocolClient.requestVote(GrpcServerProtocolClient.java:99)
	at org.apache.ratis.grpc.server.GrpcService.requestVote(GrpcService.java:204)
	at org.apache.ratis.server.impl.LeaderElection.lambda$submitRequests$1(LeaderElection.java:234)
	at java.util.concurrent.FutureTask.run(FutureTask.java:266)
	at java.util.concurrent.Executors$RunnableAdapter.call(Executors.java:511)
	at java.util.concurrent.FutureTask.run(FutureTask.java:266)
	at java.util.concurrent.ThreadPoolExecutor.runWorker(ThreadPoolExecutor.java:1149)
	at java.util.concurrent.ThreadPoolExecutor$Worker.run(ThreadPoolExecutor.java:624)
	... 1 more
Caused by: org.apache.ratis.thirdparty.io.netty.channel.AbstractChannel$AnnotatedConnectException: Connection refused: /192.168.157.233:42906
	at sun.nio.ch.SocketChannelImpl.checkConnect(Native Method)
	at sun.nio.ch.SocketChannelImpl.finishConnect(SocketChannelImpl.java:717)
	at org.apache.ratis.thirdparty.io.netty.channel.socket.nio.NioSocketChannel.doFinishConnect(NioSocketChannel.java:327)
	at org.apache.ratis.thirdparty.io.netty.channel.nio.AbstractNioChannel$AbstractNioUnsafe.finishConnect(AbstractNioChannel.java:340)
	at org.apache.ratis.thirdparty.io.netty.channel.nio.NioEventLoop.processSelectedKey(NioEventLoop.java:632)
	at org.apache.ratis.thirdparty.io.netty.channel.nio.NioEventLoop.processSelectedKeysOptimized(NioEventLoop.java:579)
	at org.apache.ratis.thirdparty.io.netty.channel.nio.NioEventLoop.processSelectedKeys(NioEventLoop.java:496)
	at org.apache.ratis.thirdparty.io.netty.channel.nio.NioEventLoop.run(NioEventLoop.java:458)
	at org.apache.ratis.thirdparty.io.netty.util.concurrent.SingleThreadEventExecutor$5.run(SingleThreadEventExecutor.java:897)
	at org.apache.ratis.thirdparty.io.netty.util.concurrent.FastThreadLocalRunnable.run(FastThreadLocalRunnable.java:30)
	... 1 more
Caused by: java.net.ConnectException: Connection refused
	... 11 more
2019-10-25 11:08:09,546 [f6cfa8a2-85ff-4bb9-a246-101c53d2d47b@group-49E82E920F3F-LeaderElection681] INFO  impl.LeaderElection (LeaderElection.java:logAndReturn(56)) - f6cfa8a2-85ff-4bb9-a246-101c53d2d47b@group-49E82E920F3F-LeaderElection681: Election REJECTED; received 0 response(s) [] and 2 exception(s); f6cfa8a2-85ff-4bb9-a246-101c53d2d47b@group-49E82E920F3F:t272, leader=null, voted=f6cfa8a2-85ff-4bb9-a246-101c53d2d47b, raftlog=f6cfa8a2-85ff-4bb9-a246-101c53d2d47b@group-49E82E920F3F-SegmentedRaftLog:OPENED:c-1,f-1,i0, conf=-1: [7fad1e98-7a6b-4998-a30c-ec1ab88068bc:192.168.157.233:35716, bdb27072-dd00-4d3b-a7da-41600e490ca3:192.168.157.233:42906, f6cfa8a2-85ff-4bb9-a246-101c53d2d47b:192.168.157.233:44618], old=null
2019-10-25 11:08:09,546 [f6cfa8a2-85ff-4bb9-a246-101c53d2d47b@group-49E82E920F3F-LeaderElection681] INFO  impl.LeaderElection (LogUtils.java:infoOrTrace(149)) -   Exception 0: {}
java.util.concurrent.ExecutionException: org.apache.ratis.thirdparty.io.grpc.StatusRuntimeException: UNAVAILABLE: io exception
	at java.util.concurrent.FutureTask.report(FutureTask.java:122)
	at java.util.concurrent.FutureTask.get(FutureTask.java:192)
	at org.apache.ratis.server.impl.LeaderElection.waitForResults(LeaderElection.java:259)
	at org.apache.ratis.server.impl.LeaderElection.askForVotes(LeaderElection.java:197)
	at org.apache.ratis.server.impl.LeaderElection.run(LeaderElection.java:133)
	at java.lang.Thread.run(Thread.java:748)
Caused by: org.apache.ratis.thirdparty.io.grpc.StatusRuntimeException: UNAVAILABLE: io exception
	at org.apache.ratis.thirdparty.io.grpc.stub.ClientCalls.toStatusRuntimeException(ClientCalls.java:233)
	at org.apache.ratis.thirdparty.io.grpc.stub.ClientCalls.getUnchecked(ClientCalls.java:214)
	at org.apache.ratis.thirdparty.io.grpc.stub.ClientCalls.blockingUnaryCall(ClientCalls.java:139)
	at org.apache.ratis.proto.grpc.RaftServerProtocolServiceGrpc$RaftServerProtocolServiceBlockingStub.requestVote(RaftServerProtocolServiceGrpc.java:265)
	at org.apache.ratis.grpc.server.GrpcServerProtocolClient.requestVote(GrpcServerProtocolClient.java:99)
	at org.apache.ratis.grpc.server.GrpcService.requestVote(GrpcService.java:204)
	at org.apache.ratis.server.impl.LeaderElection.lambda$submitRequests$1(LeaderElection.java:234)
	at java.util.concurrent.FutureTask.run(FutureTask.java:266)
	at java.util.concurrent.Executors$RunnableAdapter.call(Executors.java:511)
	at java.util.concurrent.FutureTask.run(FutureTask.java:266)
	at java.util.concurrent.ThreadPoolExecutor.runWorker(ThreadPoolExecutor.java:1149)
	at java.util.concurrent.ThreadPoolExecutor$Worker.run(ThreadPoolExecutor.java:624)
	... 1 more
Caused by: org.apache.ratis.thirdparty.io.netty.channel.AbstractChannel$AnnotatedConnectException: Connection refused: /192.168.157.233:35716
	at sun.nio.ch.SocketChannelImpl.checkConnect(Native Method)
	at sun.nio.ch.SocketChannelImpl.finishConnect(SocketChannelImpl.java:717)
	at org.apache.ratis.thirdparty.io.netty.channel.socket.nio.NioSocketChannel.doFinishConnect(NioSocketChannel.java:327)
	at org.apache.ratis.thirdparty.io.netty.channel.nio.AbstractNioChannel$AbstractNioUnsafe.finishConnect(AbstractNioChannel.java:340)
	at org.apache.ratis.thirdparty.io.netty.channel.nio.NioEventLoop.processSelectedKey(NioEventLoop.java:632)
	at org.apache.ratis.thirdparty.io.netty.channel.nio.NioEventLoop.processSelectedKeysOptimized(NioEventLoop.java:579)
	at org.apache.ratis.thirdparty.io.netty.channel.nio.NioEventLoop.processSelectedKeys(NioEventLoop.java:496)
	at org.apache.ratis.thirdparty.io.netty.channel.nio.NioEventLoop.run(NioEventLoop.java:458)
	at org.apache.ratis.thirdparty.io.netty.util.concurrent.SingleThreadEventExecutor$5.run(SingleThreadEventExecutor.java:897)
	at org.apache.ratis.thirdparty.io.netty.util.concurrent.FastThreadLocalRunnable.run(FastThreadLocalRunnable.java:30)
	... 1 more
Caused by: java.net.ConnectException: Connection refused
	... 11 more
2019-10-25 11:08:09,547 [f6cfa8a2-85ff-4bb9-a246-101c53d2d47b@group-49E82E920F3F-LeaderElection681] INFO  impl.LeaderElection (LogUtils.java:infoOrTrace(149)) -   Exception 1: {}
java.util.concurrent.ExecutionException: org.apache.ratis.thirdparty.io.grpc.StatusRuntimeException: UNAVAILABLE: io exception
	at java.util.concurrent.FutureTask.report(FutureTask.java:122)
	at java.util.concurrent.FutureTask.get(FutureTask.java:192)
	at org.apache.ratis.server.impl.LeaderElection.waitForResults(LeaderElection.java:259)
	at org.apache.ratis.server.impl.LeaderElection.askForVotes(LeaderElection.java:197)
	at org.apache.ratis.server.impl.LeaderElection.run(LeaderElection.java:133)
	at java.lang.Thread.run(Thread.java:748)
Caused by: org.apache.ratis.thirdparty.io.grpc.StatusRuntimeException: UNAVAILABLE: io exception
	at org.apache.ratis.thirdparty.io.grpc.stub.ClientCalls.toStatusRuntimeException(ClientCalls.java:233)
	at org.apache.ratis.thirdparty.io.grpc.stub.ClientCalls.getUnchecked(ClientCalls.java:214)
	at org.apache.ratis.thirdparty.io.grpc.stub.ClientCalls.blockingUnaryCall(ClientCalls.java:139)
	at org.apache.ratis.proto.grpc.RaftServerProtocolServiceGrpc$RaftServerProtocolServiceBlockingStub.requestVote(RaftServerProtocolServiceGrpc.java:265)
	at org.apache.ratis.grpc.server.GrpcServerProtocolClient.requestVote(GrpcServerProtocolClient.java:99)
	at org.apache.ratis.grpc.server.GrpcService.requestVote(GrpcService.java:204)
	at org.apache.ratis.server.impl.LeaderElection.lambda$submitRequests$1(LeaderElection.java:234)
	at java.util.concurrent.FutureTask.run(FutureTask.java:266)
	at java.util.concurrent.Executors$RunnableAdapter.call(Executors.java:511)
	at java.util.concurrent.FutureTask.run(FutureTask.java:266)
	at java.util.concurrent.ThreadPoolExecutor.runWorker(ThreadPoolExecutor.java:1149)
	at java.util.concurrent.ThreadPoolExecutor$Worker.run(ThreadPoolExecutor.java:624)
	... 1 more
Caused by: org.apache.ratis.thirdparty.io.netty.channel.AbstractChannel$AnnotatedConnectException: Connection refused: /192.168.157.233:42906
	at sun.nio.ch.SocketChannelImpl.checkConnect(Native Method)
	at sun.nio.ch.SocketChannelImpl.finishConnect(SocketChannelImpl.java:717)
	at org.apache.ratis.thirdparty.io.netty.channel.socket.nio.NioSocketChannel.doFinishConnect(NioSocketChannel.java:327)
	at org.apache.ratis.thirdparty.io.netty.channel.nio.AbstractNioChannel$AbstractNioUnsafe.finishConnect(AbstractNioChannel.java:340)
	at org.apache.ratis.thirdparty.io.netty.channel.nio.NioEventLoop.processSelectedKey(NioEventLoop.java:632)
	at org.apache.ratis.thirdparty.io.netty.channel.nio.NioEventLoop.processSelectedKeysOptimized(NioEventLoop.java:579)
	at org.apache.ratis.thirdparty.io.netty.channel.nio.NioEventLoop.processSelectedKeys(NioEventLoop.java:496)
	at org.apache.ratis.thirdparty.io.netty.channel.nio.NioEventLoop.run(NioEventLoop.java:458)
	at org.apache.ratis.thirdparty.io.netty.util.concurrent.SingleThreadEventExecutor$5.run(SingleThreadEventExecutor.java:897)
	at org.apache.ratis.thirdparty.io.netty.util.concurrent.FastThreadLocalRunnable.run(FastThreadLocalRunnable.java:30)
	... 1 more
Caused by: java.net.ConnectException: Connection refused
	... 11 more
2019-10-25 11:08:09,547 [f6cfa8a2-85ff-4bb9-a246-101c53d2d47b@group-49E82E920F3F-LeaderElection681] INFO  impl.RaftServerImpl (RaftServerImpl.java:setRole(184)) - f6cfa8a2-85ff-4bb9-a246-101c53d2d47b@group-49E82E920F3F: changes role from CANDIDATE to FOLLOWER at term 272 for DISCOVERED_A_NEW_TERM
2019-10-25 11:08:09,547 [f6cfa8a2-85ff-4bb9-a246-101c53d2d47b@group-49E82E920F3F-LeaderElection681] INFO  impl.RoleInfo (RoleInfo.java:shutdownLeaderElection(134)) - f6cfa8a2-85ff-4bb9-a246-101c53d2d47b: shutdown LeaderElection
2019-10-25 11:08:09,547 [f6cfa8a2-85ff-4bb9-a246-101c53d2d47b@group-49E82E920F3F-LeaderElection681] INFO  impl.RoleInfo (RoleInfo.java:updateAndGet(143)) - f6cfa8a2-85ff-4bb9-a246-101c53d2d47b: start FollowerState
2019-10-25 11:08:09,635 [Thread-5350] INFO  impl.FollowerState (FollowerState.java:run(108)) - f6cfa8a2-85ff-4bb9-a246-101c53d2d47b@group-49E82E920F3F-FollowerState: change to CANDIDATE, lastRpcTime:87ms, electionTimeout:87ms
2019-10-25 11:08:09,635 [Thread-5350] INFO  impl.RoleInfo (RoleInfo.java:shutdownFollowerState(121)) - f6cfa8a2-85ff-4bb9-a246-101c53d2d47b: shutdown FollowerState
2019-10-25 11:08:09,635 [Thread-5350] INFO  impl.RaftServerImpl (RaftServerImpl.java:setRole(184)) - f6cfa8a2-85ff-4bb9-a246-101c53d2d47b@group-49E82E920F3F: changes role from  FOLLOWER to CANDIDATE at term 272 for changeToCandidate
2019-10-25 11:08:09,635 [Thread-5350] INFO  impl.RoleInfo (RoleInfo.java:updateAndGet(143)) - f6cfa8a2-85ff-4bb9-a246-101c53d2d47b: start LeaderElection
2019-10-25 11:08:09,648 [f6cfa8a2-85ff-4bb9-a246-101c53d2d47b@group-49E82E920F3F-LeaderElection682] INFO  impl.LeaderElection (LeaderElection.java:askForVotes(178)) - f6cfa8a2-85ff-4bb9-a246-101c53d2d47b@group-49E82E920F3F-LeaderElection682: begin an election at term 273 for -1: [7fad1e98-7a6b-4998-a30c-ec1ab88068bc:192.168.157.233:35716, bdb27072-dd00-4d3b-a7da-41600e490ca3:192.168.157.233:42906, f6cfa8a2-85ff-4bb9-a246-101c53d2d47b:192.168.157.233:44618], old=null
2019-10-25 11:08:09,649 [f6cfa8a2-85ff-4bb9-a246-101c53d2d47b@group-49E82E920F3F-LeaderElection682] INFO  impl.LeaderElection (LogUtils.java:infoOrTrace(149)) - f6cfa8a2-85ff-4bb9-a246-101c53d2d47b@group-49E82E920F3F-LeaderElection682 got exception when requesting votes: {}
java.util.concurrent.ExecutionException: org.apache.ratis.thirdparty.io.grpc.StatusRuntimeException: UNAVAILABLE: io exception
	at java.util.concurrent.FutureTask.report(FutureTask.java:122)
	at java.util.concurrent.FutureTask.get(FutureTask.java:192)
	at org.apache.ratis.server.impl.LeaderElection.waitForResults(LeaderElection.java:259)
	at org.apache.ratis.server.impl.LeaderElection.askForVotes(LeaderElection.java:197)
	at org.apache.ratis.server.impl.LeaderElection.run(LeaderElection.java:133)
	at java.lang.Thread.run(Thread.java:748)
Caused by: org.apache.ratis.thirdparty.io.grpc.StatusRuntimeException: UNAVAILABLE: io exception
	at org.apache.ratis.thirdparty.io.grpc.stub.ClientCalls.toStatusRuntimeException(ClientCalls.java:233)
	at org.apache.ratis.thirdparty.io.grpc.stub.ClientCalls.getUnchecked(ClientCalls.java:214)
	at org.apache.ratis.thirdparty.io.grpc.stub.ClientCalls.blockingUnaryCall(ClientCalls.java:139)
	at org.apache.ratis.proto.grpc.RaftServerProtocolServiceGrpc$RaftServerProtocolServiceBlockingStub.requestVote(RaftServerProtocolServiceGrpc.java:265)
	at org.apache.ratis.grpc.server.GrpcServerProtocolClient.requestVote(GrpcServerProtocolClient.java:99)
	at org.apache.ratis.grpc.server.GrpcService.requestVote(GrpcService.java:204)
	at org.apache.ratis.server.impl.LeaderElection.lambda$submitRequests$1(LeaderElection.java:234)
	at java.util.concurrent.FutureTask.run(FutureTask.java:266)
	at java.util.concurrent.Executors$RunnableAdapter.call(Executors.java:511)
	at java.util.concurrent.FutureTask.run(FutureTask.java:266)
	at java.util.concurrent.ThreadPoolExecutor.runWorker(ThreadPoolExecutor.java:1149)
	at java.util.concurrent.ThreadPoolExecutor$Worker.run(ThreadPoolExecutor.java:624)
	... 1 more
Caused by: org.apache.ratis.thirdparty.io.netty.channel.AbstractChannel$AnnotatedConnectException: Connection refused: /192.168.157.233:35716
	at sun.nio.ch.SocketChannelImpl.checkConnect(Native Method)
	at sun.nio.ch.SocketChannelImpl.finishConnect(SocketChannelImpl.java:717)
	at org.apache.ratis.thirdparty.io.netty.channel.socket.nio.NioSocketChannel.doFinishConnect(NioSocketChannel.java:327)
	at org.apache.ratis.thirdparty.io.netty.channel.nio.AbstractNioChannel$AbstractNioUnsafe.finishConnect(AbstractNioChannel.java:340)
	at org.apache.ratis.thirdparty.io.netty.channel.nio.NioEventLoop.processSelectedKey(NioEventLoop.java:632)
	at org.apache.ratis.thirdparty.io.netty.channel.nio.NioEventLoop.processSelectedKeysOptimized(NioEventLoop.java:579)
	at org.apache.ratis.thirdparty.io.netty.channel.nio.NioEventLoop.processSelectedKeys(NioEventLoop.java:496)
	at org.apache.ratis.thirdparty.io.netty.channel.nio.NioEventLoop.run(NioEventLoop.java:458)
	at org.apache.ratis.thirdparty.io.netty.util.concurrent.SingleThreadEventExecutor$5.run(SingleThreadEventExecutor.java:897)
	at org.apache.ratis.thirdparty.io.netty.util.concurrent.FastThreadLocalRunnable.run(FastThreadLocalRunnable.java:30)
	... 1 more
Caused by: java.net.ConnectException: Connection refused
	... 11 more
2019-10-25 11:08:09,650 [f6cfa8a2-85ff-4bb9-a246-101c53d2d47b@group-49E82E920F3F-LeaderElection682] INFO  impl.LeaderElection (LogUtils.java:infoOrTrace(149)) - f6cfa8a2-85ff-4bb9-a246-101c53d2d47b@group-49E82E920F3F-LeaderElection682 got exception when requesting votes: {}
java.util.concurrent.ExecutionException: org.apache.ratis.thirdparty.io.grpc.StatusRuntimeException: UNAVAILABLE: io exception
	at java.util.concurrent.FutureTask.report(FutureTask.java:122)
	at java.util.concurrent.FutureTask.get(FutureTask.java:192)
	at org.apache.ratis.server.impl.LeaderElection.waitForResults(LeaderElection.java:259)
	at org.apache.ratis.server.impl.LeaderElection.askForVotes(LeaderElection.java:197)
	at org.apache.ratis.server.impl.LeaderElection.run(LeaderElection.java:133)
	at java.lang.Thread.run(Thread.java:748)
Caused by: org.apache.ratis.thirdparty.io.grpc.StatusRuntimeException: UNAVAILABLE: io exception
	at org.apache.ratis.thirdparty.io.grpc.stub.ClientCalls.toStatusRuntimeException(ClientCalls.java:233)
	at org.apache.ratis.thirdparty.io.grpc.stub.ClientCalls.getUnchecked(ClientCalls.java:214)
	at org.apache.ratis.thirdparty.io.grpc.stub.ClientCalls.blockingUnaryCall(ClientCalls.java:139)
	at org.apache.ratis.proto.grpc.RaftServerProtocolServiceGrpc$RaftServerProtocolServiceBlockingStub.requestVote(RaftServerProtocolServiceGrpc.java:265)
	at org.apache.ratis.grpc.server.GrpcServerProtocolClient.requestVote(GrpcServerProtocolClient.java:99)
	at org.apache.ratis.grpc.server.GrpcService.requestVote(GrpcService.java:204)
	at org.apache.ratis.server.impl.LeaderElection.lambda$submitRequests$1(LeaderElection.java:234)
	at java.util.concurrent.FutureTask.run(FutureTask.java:266)
	at java.util.concurrent.Executors$RunnableAdapter.call(Executors.java:511)
	at java.util.concurrent.FutureTask.run(FutureTask.java:266)
	at java.util.concurrent.ThreadPoolExecutor.runWorker(ThreadPoolExecutor.java:1149)
	at java.util.concurrent.ThreadPoolExecutor$Worker.run(ThreadPoolExecutor.java:624)
	... 1 more
Caused by: org.apache.ratis.thirdparty.io.netty.channel.AbstractChannel$AnnotatedConnectException: Connection refused: /192.168.157.233:42906
	at sun.nio.ch.SocketChannelImpl.checkConnect(Native Method)
	at sun.nio.ch.SocketChannelImpl.finishConnect(SocketChannelImpl.java:717)
	at org.apache.ratis.thirdparty.io.netty.channel.socket.nio.NioSocketChannel.doFinishConnect(NioSocketChannel.java:327)
	at org.apache.ratis.thirdparty.io.netty.channel.nio.AbstractNioChannel$AbstractNioUnsafe.finishConnect(AbstractNioChannel.java:340)
	at org.apache.ratis.thirdparty.io.netty.channel.nio.NioEventLoop.processSelectedKey(NioEventLoop.java:632)
	at org.apache.ratis.thirdparty.io.netty.channel.nio.NioEventLoop.processSelectedKeysOptimized(NioEventLoop.java:579)
	at org.apache.ratis.thirdparty.io.netty.channel.nio.NioEventLoop.processSelectedKeys(NioEventLoop.java:496)
	at org.apache.ratis.thirdparty.io.netty.channel.nio.NioEventLoop.run(NioEventLoop.java:458)
	at org.apache.ratis.thirdparty.io.netty.util.concurrent.SingleThreadEventExecutor$5.run(SingleThreadEventExecutor.java:897)
	at org.apache.ratis.thirdparty.io.netty.util.concurrent.FastThreadLocalRunnable.run(FastThreadLocalRunnable.java:30)
	... 1 more
Caused by: java.net.ConnectException: Connection refused
	... 11 more
2019-10-25 11:08:09,650 [f6cfa8a2-85ff-4bb9-a246-101c53d2d47b@group-49E82E920F3F-LeaderElection682] INFO  impl.LeaderElection (LeaderElection.java:logAndReturn(56)) - f6cfa8a2-85ff-4bb9-a246-101c53d2d47b@group-49E82E920F3F-LeaderElection682: Election REJECTED; received 0 response(s) [] and 2 exception(s); f6cfa8a2-85ff-4bb9-a246-101c53d2d47b@group-49E82E920F3F:t273, leader=null, voted=f6cfa8a2-85ff-4bb9-a246-101c53d2d47b, raftlog=f6cfa8a2-85ff-4bb9-a246-101c53d2d47b@group-49E82E920F3F-SegmentedRaftLog:OPENED:c-1,f-1,i0, conf=-1: [7fad1e98-7a6b-4998-a30c-ec1ab88068bc:192.168.157.233:35716, bdb27072-dd00-4d3b-a7da-41600e490ca3:192.168.157.233:42906, f6cfa8a2-85ff-4bb9-a246-101c53d2d47b:192.168.157.233:44618], old=null
2019-10-25 11:08:09,650 [f6cfa8a2-85ff-4bb9-a246-101c53d2d47b@group-49E82E920F3F-LeaderElection682] INFO  impl.LeaderElection (LogUtils.java:infoOrTrace(149)) -   Exception 0: {}
java.util.concurrent.ExecutionException: org.apache.ratis.thirdparty.io.grpc.StatusRuntimeException: UNAVAILABLE: io exception
	at java.util.concurrent.FutureTask.report(FutureTask.java:122)
	at java.util.concurrent.FutureTask.get(FutureTask.java:192)
	at org.apache.ratis.server.impl.LeaderElection.waitForResults(LeaderElection.java:259)
	at org.apache.ratis.server.impl.LeaderElection.askForVotes(LeaderElection.java:197)
	at org.apache.ratis.server.impl.LeaderElection.run(LeaderElection.java:133)
	at java.lang.Thread.run(Thread.java:748)
Caused by: org.apache.ratis.thirdparty.io.grpc.StatusRuntimeException: UNAVAILABLE: io exception
	at org.apache.ratis.thirdparty.io.grpc.stub.ClientCalls.toStatusRuntimeException(ClientCalls.java:233)
	at org.apache.ratis.thirdparty.io.grpc.stub.ClientCalls.getUnchecked(ClientCalls.java:214)
	at org.apache.ratis.thirdparty.io.grpc.stub.ClientCalls.blockingUnaryCall(ClientCalls.java:139)
	at org.apache.ratis.proto.grpc.RaftServerProtocolServiceGrpc$RaftServerProtocolServiceBlockingStub.requestVote(RaftServerProtocolServiceGrpc.java:265)
	at org.apache.ratis.grpc.server.GrpcServerProtocolClient.requestVote(GrpcServerProtocolClient.java:99)
	at org.apache.ratis.grpc.server.GrpcService.requestVote(GrpcService.java:204)
	at org.apache.ratis.server.impl.LeaderElection.lambda$submitRequests$1(LeaderElection.java:234)
	at java.util.concurrent.FutureTask.run(FutureTask.java:266)
	at java.util.concurrent.Executors$RunnableAdapter.call(Executors.java:511)
	at java.util.concurrent.FutureTask.run(FutureTask.java:266)
	at java.util.concurrent.ThreadPoolExecutor.runWorker(ThreadPoolExecutor.java:1149)
	at java.util.concurrent.ThreadPoolExecutor$Worker.run(ThreadPoolExecutor.java:624)
	... 1 more
Caused by: org.apache.ratis.thirdparty.io.netty.channel.AbstractChannel$AnnotatedConnectException: Connection refused: /192.168.157.233:35716
	at sun.nio.ch.SocketChannelImpl.checkConnect(Native Method)
	at sun.nio.ch.SocketChannelImpl.finishConnect(SocketChannelImpl.java:717)
	at org.apache.ratis.thirdparty.io.netty.channel.socket.nio.NioSocketChannel.doFinishConnect(NioSocketChannel.java:327)
	at org.apache.ratis.thirdparty.io.netty.channel.nio.AbstractNioChannel$AbstractNioUnsafe.finishConnect(AbstractNioChannel.java:340)
	at org.apache.ratis.thirdparty.io.netty.channel.nio.NioEventLoop.processSelectedKey(NioEventLoop.java:632)
	at org.apache.ratis.thirdparty.io.netty.channel.nio.NioEventLoop.processSelectedKeysOptimized(NioEventLoop.java:579)
	at org.apache.ratis.thirdparty.io.netty.channel.nio.NioEventLoop.processSelectedKeys(NioEventLoop.java:496)
	at org.apache.ratis.thirdparty.io.netty.channel.nio.NioEventLoop.run(NioEventLoop.java:458)
	at org.apache.ratis.thirdparty.io.netty.util.concurrent.SingleThreadEventExecutor$5.run(SingleThreadEventExecutor.java:897)
	at org.apache.ratis.thirdparty.io.netty.util.concurrent.FastThreadLocalRunnable.run(FastThreadLocalRunnable.java:30)
	... 1 more
Caused by: java.net.ConnectException: Connection refused
	... 11 more
2019-10-25 11:08:09,650 [f6cfa8a2-85ff-4bb9-a246-101c53d2d47b@group-49E82E920F3F-LeaderElection682] INFO  impl.LeaderElection (LogUtils.java:infoOrTrace(149)) -   Exception 1: {}
java.util.concurrent.ExecutionException: org.apache.ratis.thirdparty.io.grpc.StatusRuntimeException: UNAVAILABLE: io exception
	at java.util.concurrent.FutureTask.report(FutureTask.java:122)
	at java.util.concurrent.FutureTask.get(FutureTask.java:192)
	at org.apache.ratis.server.impl.LeaderElection.waitForResults(LeaderElection.java:259)
	at org.apache.ratis.server.impl.LeaderElection.askForVotes(LeaderElection.java:197)
	at org.apache.ratis.server.impl.LeaderElection.run(LeaderElection.java:133)
	at java.lang.Thread.run(Thread.java:748)
Caused by: org.apache.ratis.thirdparty.io.grpc.StatusRuntimeException: UNAVAILABLE: io exception
	at org.apache.ratis.thirdparty.io.grpc.stub.ClientCalls.toStatusRuntimeException(ClientCalls.java:233)
	at org.apache.ratis.thirdparty.io.grpc.stub.ClientCalls.getUnchecked(ClientCalls.java:214)
	at org.apache.ratis.thirdparty.io.grpc.stub.ClientCalls.blockingUnaryCall(ClientCalls.java:139)
	at org.apache.ratis.proto.grpc.RaftServerProtocolServiceGrpc$RaftServerProtocolServiceBlockingStub.requestVote(RaftServerProtocolServiceGrpc.java:265)
	at org.apache.ratis.grpc.server.GrpcServerProtocolClient.requestVote(GrpcServerProtocolClient.java:99)
	at org.apache.ratis.grpc.server.GrpcService.requestVote(GrpcService.java:204)
	at org.apache.ratis.server.impl.LeaderElection.lambda$submitRequests$1(LeaderElection.java:234)
	at java.util.concurrent.FutureTask.run(FutureTask.java:266)
	at java.util.concurrent.Executors$RunnableAdapter.call(Executors.java:511)
	at java.util.concurrent.FutureTask.run(FutureTask.java:266)
	at java.util.concurrent.ThreadPoolExecutor.runWorker(ThreadPoolExecutor.java:1149)
	at java.util.concurrent.ThreadPoolExecutor$Worker.run(ThreadPoolExecutor.java:624)
	... 1 more
Caused by: org.apache.ratis.thirdparty.io.netty.channel.AbstractChannel$AnnotatedConnectException: Connection refused: /192.168.157.233:42906
	at sun.nio.ch.SocketChannelImpl.checkConnect(Native Method)
	at sun.nio.ch.SocketChannelImpl.finishConnect(SocketChannelImpl.java:717)
	at org.apache.ratis.thirdparty.io.netty.channel.socket.nio.NioSocketChannel.doFinishConnect(NioSocketChannel.java:327)
	at org.apache.ratis.thirdparty.io.netty.channel.nio.AbstractNioChannel$AbstractNioUnsafe.finishConnect(AbstractNioChannel.java:340)
	at org.apache.ratis.thirdparty.io.netty.channel.nio.NioEventLoop.processSelectedKey(NioEventLoop.java:632)
	at org.apache.ratis.thirdparty.io.netty.channel.nio.NioEventLoop.processSelectedKeysOptimized(NioEventLoop.java:579)
	at org.apache.ratis.thirdparty.io.netty.channel.nio.NioEventLoop.processSelectedKeys(NioEventLoop.java:496)
	at org.apache.ratis.thirdparty.io.netty.channel.nio.NioEventLoop.run(NioEventLoop.java:458)
	at org.apache.ratis.thirdparty.io.netty.util.concurrent.SingleThreadEventExecutor$5.run(SingleThreadEventExecutor.java:897)
	at org.apache.ratis.thirdparty.io.netty.util.concurrent.FastThreadLocalRunnable.run(FastThreadLocalRunnable.java:30)
	... 1 more
Caused by: java.net.ConnectException: Connection refused
	... 11 more
2019-10-25 11:08:09,651 [f6cfa8a2-85ff-4bb9-a246-101c53d2d47b@group-49E82E920F3F-LeaderElection682] INFO  impl.RaftServerImpl (RaftServerImpl.java:setRole(184)) - f6cfa8a2-85ff-4bb9-a246-101c53d2d47b@group-49E82E920F3F: changes role from CANDIDATE to FOLLOWER at term 273 for DISCOVERED_A_NEW_TERM
2019-10-25 11:08:09,651 [f6cfa8a2-85ff-4bb9-a246-101c53d2d47b@group-49E82E920F3F-LeaderElection682] INFO  impl.RoleInfo (RoleInfo.java:shutdownLeaderElection(134)) - f6cfa8a2-85ff-4bb9-a246-101c53d2d47b: shutdown LeaderElection
2019-10-25 11:08:09,651 [f6cfa8a2-85ff-4bb9-a246-101c53d2d47b@group-49E82E920F3F-LeaderElection682] INFO  impl.RoleInfo (RoleInfo.java:updateAndGet(143)) - f6cfa8a2-85ff-4bb9-a246-101c53d2d47b: start FollowerState
2019-10-25 11:08:09,816 [Thread-5354] INFO  impl.FollowerState (FollowerState.java:run(108)) - f6cfa8a2-85ff-4bb9-a246-101c53d2d47b@group-49E82E920F3F-FollowerState: change to CANDIDATE, lastRpcTime:165ms, electionTimeout:165ms
2019-10-25 11:08:09,816 [Thread-5354] INFO  impl.RoleInfo (RoleInfo.java:shutdownFollowerState(121)) - f6cfa8a2-85ff-4bb9-a246-101c53d2d47b: shutdown FollowerState
2019-10-25 11:08:09,817 [Thread-5354] INFO  impl.RaftServerImpl (RaftServerImpl.java:setRole(184)) - f6cfa8a2-85ff-4bb9-a246-101c53d2d47b@group-49E82E920F3F: changes role from  FOLLOWER to CANDIDATE at term 273 for changeToCandidate
2019-10-25 11:08:09,817 [Thread-5354] INFO  impl.RoleInfo (RoleInfo.java:updateAndGet(143)) - f6cfa8a2-85ff-4bb9-a246-101c53d2d47b: start LeaderElection
2019-10-25 11:08:09,831 [f6cfa8a2-85ff-4bb9-a246-101c53d2d47b@group-49E82E920F3F-LeaderElection683] INFO  impl.LeaderElection (LeaderElection.java:askForVotes(178)) - f6cfa8a2-85ff-4bb9-a246-101c53d2d47b@group-49E82E920F3F-LeaderElection683: begin an election at term 274 for -1: [7fad1e98-7a6b-4998-a30c-ec1ab88068bc:192.168.157.233:35716, bdb27072-dd00-4d3b-a7da-41600e490ca3:192.168.157.233:42906, f6cfa8a2-85ff-4bb9-a246-101c53d2d47b:192.168.157.233:44618], old=null
2019-10-25 11:08:09,831 [f6cfa8a2-85ff-4bb9-a246-101c53d2d47b@group-49E82E920F3F-LeaderElection683] INFO  impl.LeaderElection (LogUtils.java:infoOrTrace(149)) - f6cfa8a2-85ff-4bb9-a246-101c53d2d47b@group-49E82E920F3F-LeaderElection683 got exception when requesting votes: {}
java.util.concurrent.ExecutionException: org.apache.ratis.thirdparty.io.grpc.StatusRuntimeException: UNAVAILABLE: io exception
	at java.util.concurrent.FutureTask.report(FutureTask.java:122)
	at java.util.concurrent.FutureTask.get(FutureTask.java:192)
	at org.apache.ratis.server.impl.LeaderElection.waitForResults(LeaderElection.java:259)
	at org.apache.ratis.server.impl.LeaderElection.askForVotes(LeaderElection.java:197)
	at org.apache.ratis.server.impl.LeaderElection.run(LeaderElection.java:133)
	at java.lang.Thread.run(Thread.java:748)
Caused by: org.apache.ratis.thirdparty.io.grpc.StatusRuntimeException: UNAVAILABLE: io exception
	at org.apache.ratis.thirdparty.io.grpc.stub.ClientCalls.toStatusRuntimeException(ClientCalls.java:233)
	at org.apache.ratis.thirdparty.io.grpc.stub.ClientCalls.getUnchecked(ClientCalls.java:214)
	at org.apache.ratis.thirdparty.io.grpc.stub.ClientCalls.blockingUnaryCall(ClientCalls.java:139)
	at org.apache.ratis.proto.grpc.RaftServerProtocolServiceGrpc$RaftServerProtocolServiceBlockingStub.requestVote(RaftServerProtocolServiceGrpc.java:265)
	at org.apache.ratis.grpc.server.GrpcServerProtocolClient.requestVote(GrpcServerProtocolClient.java:99)
	at org.apache.ratis.grpc.server.GrpcService.requestVote(GrpcService.java:204)
	at org.apache.ratis.server.impl.LeaderElection.lambda$submitRequests$1(LeaderElection.java:234)
	at java.util.concurrent.FutureTask.run(FutureTask.java:266)
	at java.util.concurrent.Executors$RunnableAdapter.call(Executors.java:511)
	at java.util.concurrent.FutureTask.run(FutureTask.java:266)
	at java.util.concurrent.ThreadPoolExecutor.runWorker(ThreadPoolExecutor.java:1149)
	at java.util.concurrent.ThreadPoolExecutor$Worker.run(ThreadPoolExecutor.java:624)
	... 1 more
Caused by: org.apache.ratis.thirdparty.io.netty.channel.AbstractChannel$AnnotatedConnectException: Connection refused: /192.168.157.233:35716
	at sun.nio.ch.SocketChannelImpl.checkConnect(Native Method)
	at sun.nio.ch.SocketChannelImpl.finishConnect(SocketChannelImpl.java:717)
	at org.apache.ratis.thirdparty.io.netty.channel.socket.nio.NioSocketChannel.doFinishConnect(NioSocketChannel.java:327)
	at org.apache.ratis.thirdparty.io.netty.channel.nio.AbstractNioChannel$AbstractNioUnsafe.finishConnect(AbstractNioChannel.java:340)
	at org.apache.ratis.thirdparty.io.netty.channel.nio.NioEventLoop.processSelectedKey(NioEventLoop.java:632)
	at org.apache.ratis.thirdparty.io.netty.channel.nio.NioEventLoop.processSelectedKeysOptimized(NioEventLoop.java:579)
	at org.apache.ratis.thirdparty.io.netty.channel.nio.NioEventLoop.processSelectedKeys(NioEventLoop.java:496)
	at org.apache.ratis.thirdparty.io.netty.channel.nio.NioEventLoop.run(NioEventLoop.java:458)
	at org.apache.ratis.thirdparty.io.netty.util.concurrent.SingleThreadEventExecutor$5.run(SingleThreadEventExecutor.java:897)
	at org.apache.ratis.thirdparty.io.netty.util.concurrent.FastThreadLocalRunnable.run(FastThreadLocalRunnable.java:30)
	... 1 more
Caused by: java.net.ConnectException: Connection refused
	... 11 more
2019-10-25 11:08:09,832 [f6cfa8a2-85ff-4bb9-a246-101c53d2d47b@group-49E82E920F3F-LeaderElection683] INFO  impl.LeaderElection (LogUtils.java:infoOrTrace(149)) - f6cfa8a2-85ff-4bb9-a246-101c53d2d47b@group-49E82E920F3F-LeaderElection683 got exception when requesting votes: {}
java.util.concurrent.ExecutionException: org.apache.ratis.thirdparty.io.grpc.StatusRuntimeException: UNAVAILABLE: io exception
	at java.util.concurrent.FutureTask.report(FutureTask.java:122)
	at java.util.concurrent.FutureTask.get(FutureTask.java:192)
	at org.apache.ratis.server.impl.LeaderElection.waitForResults(LeaderElection.java:259)
	at org.apache.ratis.server.impl.LeaderElection.askForVotes(LeaderElection.java:197)
	at org.apache.ratis.server.impl.LeaderElection.run(LeaderElection.java:133)
	at java.lang.Thread.run(Thread.java:748)
Caused by: org.apache.ratis.thirdparty.io.grpc.StatusRuntimeException: UNAVAILABLE: io exception
	at org.apache.ratis.thirdparty.io.grpc.stub.ClientCalls.toStatusRuntimeException(ClientCalls.java:233)
	at org.apache.ratis.thirdparty.io.grpc.stub.ClientCalls.getUnchecked(ClientCalls.java:214)
	at org.apache.ratis.thirdparty.io.grpc.stub.ClientCalls.blockingUnaryCall(ClientCalls.java:139)
	at org.apache.ratis.proto.grpc.RaftServerProtocolServiceGrpc$RaftServerProtocolServiceBlockingStub.requestVote(RaftServerProtocolServiceGrpc.java:265)
	at org.apache.ratis.grpc.server.GrpcServerProtocolClient.requestVote(GrpcServerProtocolClient.java:99)
	at org.apache.ratis.grpc.server.GrpcService.requestVote(GrpcService.java:204)
	at org.apache.ratis.server.impl.LeaderElection.lambda$submitRequests$1(LeaderElection.java:234)
	at java.util.concurrent.FutureTask.run(FutureTask.java:266)
	at java.util.concurrent.Executors$RunnableAdapter.call(Executors.java:511)
	at java.util.concurrent.FutureTask.run(FutureTask.java:266)
	at java.util.concurrent.ThreadPoolExecutor.runWorker(ThreadPoolExecutor.java:1149)
	at java.util.concurrent.ThreadPoolExecutor$Worker.run(ThreadPoolExecutor.java:624)
	... 1 more
Caused by: org.apache.ratis.thirdparty.io.netty.channel.AbstractChannel$AnnotatedConnectException: Connection refused: /192.168.157.233:42906
	at sun.nio.ch.SocketChannelImpl.checkConnect(Native Method)
	at sun.nio.ch.SocketChannelImpl.finishConnect(SocketChannelImpl.java:717)
	at org.apache.ratis.thirdparty.io.netty.channel.socket.nio.NioSocketChannel.doFinishConnect(NioSocketChannel.java:327)
	at org.apache.ratis.thirdparty.io.netty.channel.nio.AbstractNioChannel$AbstractNioUnsafe.finishConnect(AbstractNioChannel.java:340)
	at org.apache.ratis.thirdparty.io.netty.channel.nio.NioEventLoop.processSelectedKey(NioEventLoop.java:632)
	at org.apache.ratis.thirdparty.io.netty.channel.nio.NioEventLoop.processSelectedKeysOptimized(NioEventLoop.java:579)
	at org.apache.ratis.thirdparty.io.netty.channel.nio.NioEventLoop.processSelectedKeys(NioEventLoop.java:496)
	at org.apache.ratis.thirdparty.io.netty.channel.nio.NioEventLoop.run(NioEventLoop.java:458)
	at org.apache.ratis.thirdparty.io.netty.util.concurrent.SingleThreadEventExecutor$5.run(SingleThreadEventExecutor.java:897)
	at org.apache.ratis.thirdparty.io.netty.util.concurrent.FastThreadLocalRunnable.run(FastThreadLocalRunnable.java:30)
	... 1 more
Caused by: java.net.ConnectException: Connection refused
	... 11 more
2019-10-25 11:08:09,832 [f6cfa8a2-85ff-4bb9-a246-101c53d2d47b@group-49E82E920F3F-LeaderElection683] INFO  impl.LeaderElection (LeaderElection.java:logAndReturn(56)) - f6cfa8a2-85ff-4bb9-a246-101c53d2d47b@group-49E82E920F3F-LeaderElection683: Election REJECTED; received 0 response(s) [] and 2 exception(s); f6cfa8a2-85ff-4bb9-a246-101c53d2d47b@group-49E82E920F3F:t274, leader=null, voted=f6cfa8a2-85ff-4bb9-a246-101c53d2d47b, raftlog=f6cfa8a2-85ff-4bb9-a246-101c53d2d47b@group-49E82E920F3F-SegmentedRaftLog:OPENED:c-1,f-1,i0, conf=-1: [7fad1e98-7a6b-4998-a30c-ec1ab88068bc:192.168.157.233:35716, bdb27072-dd00-4d3b-a7da-41600e490ca3:192.168.157.233:42906, f6cfa8a2-85ff-4bb9-a246-101c53d2d47b:192.168.157.233:44618], old=null
2019-10-25 11:08:09,832 [f6cfa8a2-85ff-4bb9-a246-101c53d2d47b@group-49E82E920F3F-LeaderElection683] INFO  impl.LeaderElection (LogUtils.java:infoOrTrace(149)) -   Exception 0: {}
java.util.concurrent.ExecutionException: org.apache.ratis.thirdparty.io.grpc.StatusRuntimeException: UNAVAILABLE: io exception
	at java.util.concurrent.FutureTask.report(FutureTask.java:122)
	at java.util.concurrent.FutureTask.get(FutureTask.java:192)
	at org.apache.ratis.server.impl.LeaderElection.waitForResults(LeaderElection.java:259)
	at org.apache.ratis.server.impl.LeaderElection.askForVotes(LeaderElection.java:197)
	at org.apache.ratis.server.impl.LeaderElection.run(LeaderElection.java:133)
	at java.lang.Thread.run(Thread.java:748)
Caused by: org.apache.ratis.thirdparty.io.grpc.StatusRuntimeException: UNAVAILABLE: io exception
	at org.apache.ratis.thirdparty.io.grpc.stub.ClientCalls.toStatusRuntimeException(ClientCalls.java:233)
	at org.apache.ratis.thirdparty.io.grpc.stub.ClientCalls.getUnchecked(ClientCalls.java:214)
	at org.apache.ratis.thirdparty.io.grpc.stub.ClientCalls.blockingUnaryCall(ClientCalls.java:139)
	at org.apache.ratis.proto.grpc.RaftServerProtocolServiceGrpc$RaftServerProtocolServiceBlockingStub.requestVote(RaftServerProtocolServiceGrpc.java:265)
	at org.apache.ratis.grpc.server.GrpcServerProtocolClient.requestVote(GrpcServerProtocolClient.java:99)
	at org.apache.ratis.grpc.server.GrpcService.requestVote(GrpcService.java:204)
	at org.apache.ratis.server.impl.LeaderElection.lambda$submitRequests$1(LeaderElection.java:234)
	at java.util.concurrent.FutureTask.run(FutureTask.java:266)
	at java.util.concurrent.Executors$RunnableAdapter.call(Executors.java:511)
	at java.util.concurrent.FutureTask.run(FutureTask.java:266)
	at java.util.concurrent.ThreadPoolExecutor.runWorker(ThreadPoolExecutor.java:1149)
	at java.util.concurrent.ThreadPoolExecutor$Worker.run(ThreadPoolExecutor.java:624)
	... 1 more
Caused by: org.apache.ratis.thirdparty.io.netty.channel.AbstractChannel$AnnotatedConnectException: Connection refused: /192.168.157.233:35716
	at sun.nio.ch.SocketChannelImpl.checkConnect(Native Method)
	at sun.nio.ch.SocketChannelImpl.finishConnect(SocketChannelImpl.java:717)
	at org.apache.ratis.thirdparty.io.netty.channel.socket.nio.NioSocketChannel.doFinishConnect(NioSocketChannel.java:327)
	at org.apache.ratis.thirdparty.io.netty.channel.nio.AbstractNioChannel$AbstractNioUnsafe.finishConnect(AbstractNioChannel.java:340)
	at org.apache.ratis.thirdparty.io.netty.channel.nio.NioEventLoop.processSelectedKey(NioEventLoop.java:632)
	at org.apache.ratis.thirdparty.io.netty.channel.nio.NioEventLoop.processSelectedKeysOptimized(NioEventLoop.java:579)
	at org.apache.ratis.thirdparty.io.netty.channel.nio.NioEventLoop.processSelectedKeys(NioEventLoop.java:496)
	at org.apache.ratis.thirdparty.io.netty.channel.nio.NioEventLoop.run(NioEventLoop.java:458)
	at org.apache.ratis.thirdparty.io.netty.util.concurrent.SingleThreadEventExecutor$5.run(SingleThreadEventExecutor.java:897)
	at org.apache.ratis.thirdparty.io.netty.util.concurrent.FastThreadLocalRunnable.run(FastThreadLocalRunnable.java:30)
	... 1 more
Caused by: java.net.ConnectException: Connection refused
	... 11 more
2019-10-25 11:08:09,832 [f6cfa8a2-85ff-4bb9-a246-101c53d2d47b@group-49E82E920F3F-LeaderElection683] INFO  impl.LeaderElection (LogUtils.java:infoOrTrace(149)) -   Exception 1: {}
java.util.concurrent.ExecutionException: org.apache.ratis.thirdparty.io.grpc.StatusRuntimeException: UNAVAILABLE: io exception
	at java.util.concurrent.FutureTask.report(FutureTask.java:122)
	at java.util.concurrent.FutureTask.get(FutureTask.java:192)
	at org.apache.ratis.server.impl.LeaderElection.waitForResults(LeaderElection.java:259)
	at org.apache.ratis.server.impl.LeaderElection.askForVotes(LeaderElection.java:197)
	at org.apache.ratis.server.impl.LeaderElection.run(LeaderElection.java:133)
	at java.lang.Thread.run(Thread.java:748)
Caused by: org.apache.ratis.thirdparty.io.grpc.StatusRuntimeException: UNAVAILABLE: io exception
	at org.apache.ratis.thirdparty.io.grpc.stub.ClientCalls.toStatusRuntimeException(ClientCalls.java:233)
	at org.apache.ratis.thirdparty.io.grpc.stub.ClientCalls.getUnchecked(ClientCalls.java:214)
	at org.apache.ratis.thirdparty.io.grpc.stub.ClientCalls.blockingUnaryCall(ClientCalls.java:139)
	at org.apache.ratis.proto.grpc.RaftServerProtocolServiceGrpc$RaftServerProtocolServiceBlockingStub.requestVote(RaftServerProtocolServiceGrpc.java:265)
	at org.apache.ratis.grpc.server.GrpcServerProtocolClient.requestVote(GrpcServerProtocolClient.java:99)
	at org.apache.ratis.grpc.server.GrpcService.requestVote(GrpcService.java:204)
	at org.apache.ratis.server.impl.LeaderElection.lambda$submitRequests$1(LeaderElection.java:234)
	at java.util.concurrent.FutureTask.run(FutureTask.java:266)
	at java.util.concurrent.Executors$RunnableAdapter.call(Executors.java:511)
	at java.util.concurrent.FutureTask.run(FutureTask.java:266)
	at java.util.concurrent.ThreadPoolExecutor.runWorker(ThreadPoolExecutor.java:1149)
	at java.util.concurrent.ThreadPoolExecutor$Worker.run(ThreadPoolExecutor.java:624)
	... 1 more
Caused by: org.apache.ratis.thirdparty.io.netty.channel.AbstractChannel$AnnotatedConnectException: Connection refused: /192.168.157.233:42906
	at sun.nio.ch.SocketChannelImpl.checkConnect(Native Method)
	at sun.nio.ch.SocketChannelImpl.finishConnect(SocketChannelImpl.java:717)
	at org.apache.ratis.thirdparty.io.netty.channel.socket.nio.NioSocketChannel.doFinishConnect(NioSocketChannel.java:327)
	at org.apache.ratis.thirdparty.io.netty.channel.nio.AbstractNioChannel$AbstractNioUnsafe.finishConnect(AbstractNioChannel.java:340)
	at org.apache.ratis.thirdparty.io.netty.channel.nio.NioEventLoop.processSelectedKey(NioEventLoop.java:632)
	at org.apache.ratis.thirdparty.io.netty.channel.nio.NioEventLoop.processSelectedKeysOptimized(NioEventLoop.java:579)
	at org.apache.ratis.thirdparty.io.netty.channel.nio.NioEventLoop.processSelectedKeys(NioEventLoop.java:496)
	at org.apache.ratis.thirdparty.io.netty.channel.nio.NioEventLoop.run(NioEventLoop.java:458)
	at org.apache.ratis.thirdparty.io.netty.util.concurrent.SingleThreadEventExecutor$5.run(SingleThreadEventExecutor.java:897)
	at org.apache.ratis.thirdparty.io.netty.util.concurrent.FastThreadLocalRunnable.run(FastThreadLocalRunnable.java:30)
	... 1 more
Caused by: java.net.ConnectException: Connection refused
	... 11 more
2019-10-25 11:08:09,833 [f6cfa8a2-85ff-4bb9-a246-101c53d2d47b@group-49E82E920F3F-LeaderElection683] INFO  impl.RaftServerImpl (RaftServerImpl.java:setRole(184)) - f6cfa8a2-85ff-4bb9-a246-101c53d2d47b@group-49E82E920F3F: changes role from CANDIDATE to FOLLOWER at term 274 for DISCOVERED_A_NEW_TERM
2019-10-25 11:08:09,833 [f6cfa8a2-85ff-4bb9-a246-101c53d2d47b@group-49E82E920F3F-LeaderElection683] INFO  impl.RoleInfo (RoleInfo.java:shutdownLeaderElection(134)) - f6cfa8a2-85ff-4bb9-a246-101c53d2d47b: shutdown LeaderElection
2019-10-25 11:08:09,833 [f6cfa8a2-85ff-4bb9-a246-101c53d2d47b@group-49E82E920F3F-LeaderElection683] INFO  impl.RoleInfo (RoleInfo.java:updateAndGet(143)) - f6cfa8a2-85ff-4bb9-a246-101c53d2d47b: start FollowerState
2019-10-25 11:08:09,942 [main] INFO  ozoneimpl.OzoneContainer (OzoneContainer.java:stop(227)) - Attempting to stop container services.
2019-10-25 11:08:09,942 [ForkJoinPool.commonPool-worker-0] INFO  ozoneimpl.OzoneContainer (OzoneContainer.java:stop(227)) - Attempting to stop container services.
2019-10-25 11:08:09,943 [ForkJoinPool.commonPool-worker-0] INFO  impl.RaftServerProxy (RaftServerProxy.java:lambda$close$4(314)) - d6e16d1d-13ec-4d5e-a095-b06e50bc05c8: close
2019-10-25 11:08:09,943 [main] INFO  impl.RaftServerProxy (RaftServerProxy.java:lambda$close$4(314)) - f6cfa8a2-85ff-4bb9-a246-101c53d2d47b: close
2019-10-25 11:08:09,943 [ForkJoinPool.commonPool-worker-0] INFO  impl.RaftServerImpl (RaftServerImpl.java:lambda$shutdown$3(261)) - d6e16d1d-13ec-4d5e-a095-b06e50bc05c8@group-82B9CC752E8C: shutdown
2019-10-25 11:08:09,943 [main] INFO  impl.RaftServerImpl (RaftServerImpl.java:lambda$shutdown$3(261)) - f6cfa8a2-85ff-4bb9-a246-101c53d2d47b@group-037982735EDF: shutdown
2019-10-25 11:08:09,944 [ForkJoinPool.commonPool-worker-0] INFO  util.JmxRegister (JmxRegister.java:unregister(73)) - Successfully un-registered JMX Bean with object name Ratis:service=RaftServer,group=group-82B9CC752E8C,id=d6e16d1d-13ec-4d5e-a095-b06e50bc05c8
2019-10-25 11:08:09,944 [main] INFO  util.JmxRegister (JmxRegister.java:unregister(73)) - Successfully un-registered JMX Bean with object name Ratis:service=RaftServer,group=group-037982735EDF,id=f6cfa8a2-85ff-4bb9-a246-101c53d2d47b
2019-10-25 11:08:09,944 [ForkJoinPool.commonPool-worker-0] INFO  impl.RoleInfo (RoleInfo.java:shutdownLeaderState(104)) - d6e16d1d-13ec-4d5e-a095-b06e50bc05c8: shutdown LeaderState
2019-10-25 11:08:09,944 [main] INFO  impl.RoleInfo (RoleInfo.java:shutdownLeaderState(104)) - f6cfa8a2-85ff-4bb9-a246-101c53d2d47b: shutdown LeaderState
2019-10-25 11:08:09,944 [ForkJoinPool.commonPool-worker-0] INFO  impl.PendingRequests (PendingRequests.java:sendNotLeaderResponses(202)) - d6e16d1d-13ec-4d5e-a095-b06e50bc05c8@group-82B9CC752E8C-PendingRequests: sendNotLeaderResponses
2019-10-25 11:08:09,945 [main] INFO  impl.PendingRequests (PendingRequests.java:sendNotLeaderResponses(202)) - f6cfa8a2-85ff-4bb9-a246-101c53d2d47b@group-037982735EDF-PendingRequests: sendNotLeaderResponses
2019-10-25 11:08:09,945 [ForkJoinPool.commonPool-worker-0] INFO  impl.StateMachineUpdater (StateMachineUpdater.java:stopAndJoin(136)) - d6e16d1d-13ec-4d5e-a095-b06e50bc05c8@group-82B9CC752E8C-StateMachineUpdater: set stopIndex = 0
2019-10-25 11:08:09,945 [main] INFO  impl.StateMachineUpdater (StateMachineUpdater.java:stopAndJoin(136)) - f6cfa8a2-85ff-4bb9-a246-101c53d2d47b@group-037982735EDF-StateMachineUpdater: set stopIndex = 0
2019-10-25 11:08:09,946 [main] INFO  impl.RaftServerImpl (ServerState.java:close(388)) - f6cfa8a2-85ff-4bb9-a246-101c53d2d47b@group-037982735EDF: closes. applyIndex: 0
2019-10-25 11:08:09,946 [ForkJoinPool.commonPool-worker-0] INFO  impl.RaftServerImpl (ServerState.java:close(388)) - d6e16d1d-13ec-4d5e-a095-b06e50bc05c8@group-82B9CC752E8C: closes. applyIndex: 0
2019-10-25 11:08:09,946 [f6cfa8a2-85ff-4bb9-a246-101c53d2d47b@group-037982735EDF-SegmentedRaftLogWorker] INFO  segmented.SegmentedRaftLogWorker (SegmentedRaftLogWorker.java:run(316)) - f6cfa8a2-85ff-4bb9-a246-101c53d2d47b@group-037982735EDF-SegmentedRaftLogWorker was interrupted, exiting. There are 0 tasks remaining in the queue.
2019-10-25 11:08:09,946 [d6e16d1d-13ec-4d5e-a095-b06e50bc05c8@group-82B9CC752E8C-SegmentedRaftLogWorker] INFO  segmented.SegmentedRaftLogWorker (SegmentedRaftLogWorker.java:run(316)) - d6e16d1d-13ec-4d5e-a095-b06e50bc05c8@group-82B9CC752E8C-SegmentedRaftLogWorker was interrupted, exiting. There are 0 tasks remaining in the queue.
2019-10-25 11:08:09,950 [main] INFO  segmented.SegmentedRaftLogWorker (SegmentedRaftLogWorker.java:close(224)) - f6cfa8a2-85ff-4bb9-a246-101c53d2d47b@group-037982735EDF-SegmentedRaftLogWorker close()
2019-10-25 11:08:09,950 [ForkJoinPool.commonPool-worker-0] INFO  segmented.SegmentedRaftLogWorker (SegmentedRaftLogWorker.java:close(224)) - d6e16d1d-13ec-4d5e-a095-b06e50bc05c8@group-82B9CC752E8C-SegmentedRaftLogWorker close()
2019-10-25 11:08:09,950 [main] INFO  impl.RaftServerImpl (RaftServerImpl.java:lambda$shutdown$3(261)) - f6cfa8a2-85ff-4bb9-a246-101c53d2d47b@group-49E82E920F3F: shutdown
2019-10-25 11:08:09,950 [ForkJoinPool.commonPool-worker-0] INFO  impl.RaftServerImpl (RaftServerImpl.java:lambda$shutdown$3(261)) - d6e16d1d-13ec-4d5e-a095-b06e50bc05c8@group-04D1B0FD29CB: shutdown
2019-10-25 11:08:09,951 [main] INFO  util.JmxRegister (JmxRegister.java:unregister(73)) - Successfully un-registered JMX Bean with object name Ratis:service=RaftServer,group=group-49E82E920F3F,id=f6cfa8a2-85ff-4bb9-a246-101c53d2d47b
2019-10-25 11:08:09,951 [ForkJoinPool.commonPool-worker-0] INFO  util.JmxRegister (JmxRegister.java:unregister(73)) - Successfully un-registered JMX Bean with object name Ratis:service=RaftServer,group=group-04D1B0FD29CB,id=d6e16d1d-13ec-4d5e-a095-b06e50bc05c8
2019-10-25 11:08:09,951 [main] INFO  impl.RoleInfo (RoleInfo.java:shutdownFollowerState(121)) - f6cfa8a2-85ff-4bb9-a246-101c53d2d47b: shutdown FollowerState
2019-10-25 11:08:09,951 [ForkJoinPool.commonPool-worker-0] INFO  impl.RoleInfo (RoleInfo.java:shutdownFollowerState(121)) - d6e16d1d-13ec-4d5e-a095-b06e50bc05c8: shutdown FollowerState
2019-10-25 11:08:09,951 [Thread-5360] INFO  impl.FollowerState (FollowerState.java:run(117)) - f6cfa8a2-85ff-4bb9-a246-101c53d2d47b@group-49E82E920F3F-FollowerState was interrupted: java.lang.InterruptedException: sleep interrupted
2019-10-25 11:08:09,951 [main] INFO  impl.StateMachineUpdater (StateMachineUpdater.java:stopAndJoin(136)) - f6cfa8a2-85ff-4bb9-a246-101c53d2d47b@group-49E82E920F3F-StateMachineUpdater: set stopIndex = -1
2019-10-25 11:08:09,952 [d6e16d1d-13ec-4d5e-a095-b06e50bc05c8@group-04D1B0FD29CB-StateMachineUpdater] INFO  ratis.ContainerStateMachine (ContainerStateMachine.java:takeSnapshot(294)) - group-04D1B0FD29CB: Taking a snapshot at:(t:1, i:9) file /workdir/hadoop-ozone/integration-test/target/test-dir/MiniOzoneClusterImpl-0a85d326-9d58-4237-89dd-96557ce3dac1/datanode-0/data/ratis/aae8fc31-cdf3-446b-bb09-04d1b0fd29cb/sm/snapshot.1_9
2019-10-25 11:08:09,952 [Thread-3673] INFO  impl.FollowerState (FollowerState.java:run(117)) - d6e16d1d-13ec-4d5e-a095-b06e50bc05c8@group-04D1B0FD29CB-FollowerState was interrupted: java.lang.InterruptedException: sleep interrupted
2019-10-25 11:08:09,952 [ForkJoinPool.commonPool-worker-0] INFO  impl.StateMachineUpdater (StateMachineUpdater.java:stopAndJoin(136)) - d6e16d1d-13ec-4d5e-a095-b06e50bc05c8@group-04D1B0FD29CB-StateMachineUpdater: set stopIndex = 10
2019-10-25 11:08:09,952 [main] INFO  impl.RaftServerImpl (ServerState.java:close(388)) - f6cfa8a2-85ff-4bb9-a246-101c53d2d47b@group-49E82E920F3F: closes. applyIndex: -1
2019-10-25 11:08:09,953 [f6cfa8a2-85ff-4bb9-a246-101c53d2d47b@group-49E82E920F3F-SegmentedRaftLogWorker] INFO  segmented.SegmentedRaftLogWorker (SegmentedRaftLogWorker.java:run(316)) - f6cfa8a2-85ff-4bb9-a246-101c53d2d47b@group-49E82E920F3F-SegmentedRaftLogWorker was interrupted, exiting. There are 0 tasks remaining in the queue.
2019-10-25 11:08:09,953 [main] INFO  segmented.SegmentedRaftLogWorker (SegmentedRaftLogWorker.java:close(224)) - f6cfa8a2-85ff-4bb9-a246-101c53d2d47b@group-49E82E920F3F-SegmentedRaftLogWorker close()
2019-10-25 11:08:09,953 [main] INFO  server.GrpcService (GrpcService.java:closeImpl(164)) - f6cfa8a2-85ff-4bb9-a246-101c53d2d47b: shutdown server with port 44618 now
2019-10-25 11:08:09,954 [main] INFO  server.GrpcService (GrpcService.java:closeImpl(172)) - f6cfa8a2-85ff-4bb9-a246-101c53d2d47b: shutdown server with port 44618 successfully
2019-10-25 11:08:09,956 [refreshUsed-/workdir/hadoop-ozone/integration-test/target/test-dir/MiniOzoneClusterImpl-0a85d326-9d58-4237-89dd-96557ce3dac1/datanode-9/data/containers] WARN  fs.CachingGetSpaceUsed (CachingGetSpaceUsed.java:run(183)) - Thread Interrupted waiting to refresh disk information: sleep interrupted
2019-10-25 11:08:09,957 [d6e16d1d-13ec-4d5e-a095-b06e50bc05c8@group-04D1B0FD29CB-StateMachineUpdater] INFO  ratis.ContainerStateMachine (ContainerStateMachine.java:takeSnapshot(305)) - group-04D1B0FD29CB: Finished taking a snapshot at:(t:1, i:9) file:/workdir/hadoop-ozone/integration-test/target/test-dir/MiniOzoneClusterImpl-0a85d326-9d58-4237-89dd-96557ce3dac1/datanode-0/data/ratis/aae8fc31-cdf3-446b-bb09-04d1b0fd29cb/sm/snapshot.1_9 time:5
2019-10-25 11:08:09,957 [d6e16d1d-13ec-4d5e-a095-b06e50bc05c8@group-04D1B0FD29CB-StateMachineUpdater] INFO  impl.StateMachineUpdater (StateMachineUpdater.java:takeSnapshot(269)) - d6e16d1d-13ec-4d5e-a095-b06e50bc05c8@group-04D1B0FD29CB-StateMachineUpdater: Took a snapshot at index 9
2019-10-25 11:08:09,957 [d6e16d1d-13ec-4d5e-a095-b06e50bc05c8@group-04D1B0FD29CB-StateMachineUpdater] INFO  impl.StateMachineUpdater (StateMachineUpdater.java:lambda$new$0(84)) - d6e16d1d-13ec-4d5e-a095-b06e50bc05c8@group-04D1B0FD29CB-StateMachineUpdater: snapshotIndex: updateIncreasingly -1 -> 9
2019-10-25 11:08:09,958 [d6e16d1d-13ec-4d5e-a095-b06e50bc05c8@group-04D1B0FD29CB-StateMachineUpdater] INFO  ratis.ContainerStateMachine (ContainerStateMachine.java:takeSnapshot(294)) - group-04D1B0FD29CB: Taking a snapshot at:(t:1, i:9) file /workdir/hadoop-ozone/integration-test/target/test-dir/MiniOzoneClusterImpl-0a85d326-9d58-4237-89dd-96557ce3dac1/datanode-0/data/ratis/aae8fc31-cdf3-446b-bb09-04d1b0fd29cb/sm/snapshot.1_9
2019-10-25 11:08:09,971 [d6e16d1d-13ec-4d5e-a095-b06e50bc05c8@group-04D1B0FD29CB-StateMachineUpdater] INFO  ratis.ContainerStateMachine (ContainerStateMachine.java:takeSnapshot(305)) - group-04D1B0FD29CB: Finished taking a snapshot at:(t:1, i:9) file:/workdir/hadoop-ozone/integration-test/target/test-dir/MiniOzoneClusterImpl-0a85d326-9d58-4237-89dd-96557ce3dac1/datanode-0/data/ratis/aae8fc31-cdf3-446b-bb09-04d1b0fd29cb/sm/snapshot.1_9 time:12
2019-10-25 11:08:09,971 [d6e16d1d-13ec-4d5e-a095-b06e50bc05c8@group-04D1B0FD29CB-StateMachineUpdater] INFO  impl.StateMachineUpdater (StateMachineUpdater.java:takeSnapshot(269)) - d6e16d1d-13ec-4d5e-a095-b06e50bc05c8@group-04D1B0FD29CB-StateMachineUpdater: Took a snapshot at index 9
2019-10-25 11:08:09,971 [d6e16d1d-13ec-4d5e-a095-b06e50bc05c8@group-04D1B0FD29CB-StateMachineUpdater] INFO  impl.StateMachineUpdater (StateMachineUpdater.java:lambda$new$0(84)) - d6e16d1d-13ec-4d5e-a095-b06e50bc05c8@group-04D1B0FD29CB-StateMachineUpdater: snapshotIndex: updateIncreasingly 9 -> 9
2019-10-25 11:08:09,971 [ForkJoinPool.commonPool-worker-0] INFO  impl.RaftServerImpl (ServerState.java:close(388)) - d6e16d1d-13ec-4d5e-a095-b06e50bc05c8@group-04D1B0FD29CB: closes. applyIndex: 10
2019-10-25 11:08:09,972 [d6e16d1d-13ec-4d5e-a095-b06e50bc05c8@group-04D1B0FD29CB-SegmentedRaftLogWorker] INFO  segmented.SegmentedRaftLogWorker (SegmentedRaftLogWorker.java:run(316)) - d6e16d1d-13ec-4d5e-a095-b06e50bc05c8@group-04D1B0FD29CB-SegmentedRaftLogWorker was interrupted, exiting. There are 0 tasks remaining in the queue.
2019-10-25 11:08:09,972 [ForkJoinPool.commonPool-worker-0] INFO  segmented.SegmentedRaftLogWorker (SegmentedRaftLogWorker.java:close(224)) - d6e16d1d-13ec-4d5e-a095-b06e50bc05c8@group-04D1B0FD29CB-SegmentedRaftLogWorker close()
2019-10-25 11:08:09,972 [ForkJoinPool.commonPool-worker-0] INFO  server.GrpcService (GrpcService.java:closeImpl(164)) - d6e16d1d-13ec-4d5e-a095-b06e50bc05c8: shutdown server with port 44794 now
2019-10-25 11:08:09,973 [grpc-default-executor-5] WARN  server.GrpcServerProtocolService (LogUtils.java:warn(134)) - d6e16d1d-13ec-4d5e-a095-b06e50bc05c8: installSnapshot onError, lastRequest: 4ec993a1-c88d-4e26-9851-97b3046e33ae->d6e16d1d-13ec-4d5e-a095-b06e50bc05c8#74-t1, previous=(t:1, i:10), leaderCommit=10, initializing? false, entries: <empty>: org.apache.ratis.thirdparty.io.grpc.StatusRuntimeException: CANCELLED: cancelled before receiving half close
2019-10-25 11:08:09,974 [ForkJoinPool.commonPool-worker-0] INFO  server.GrpcService (GrpcService.java:closeImpl(172)) - d6e16d1d-13ec-4d5e-a095-b06e50bc05c8: shutdown server with port 44794 successfully
2019-10-25 11:08:09,974 [grpc-default-executor-9] WARN  server.GrpcLogAppender (LogUtils.java:warn(134)) - 4ec993a1-c88d-4e26-9851-97b3046e33ae@group-04D1B0FD29CB->d6e16d1d-13ec-4d5e-a095-b06e50bc05c8-AppendLogResponseHandler: Failed appendEntries: org.apache.ratis.thirdparty.io.grpc.StatusRuntimeException: CANCELLED: HTTP/2 error code: CANCEL
Received Rst Stream
2019-10-25 11:08:09,975 [refreshUsed-/workdir/hadoop-ozone/integration-test/target/test-dir/MiniOzoneClusterImpl-0a85d326-9d58-4237-89dd-96557ce3dac1/datanode-0/data/containers] WARN  fs.CachingGetSpaceUsed (CachingGetSpaceUsed.java:run(183)) - Thread Interrupted waiting to refresh disk information: sleep interrupted
2019-10-25 11:08:09,977 [main] INFO  utils.BackgroundService (BackgroundService.java:shutdown(151)) - Shutting down service BlockDeletingService
2019-10-25 11:08:09,990 [main] INFO  statemachine.DatanodeStateMachine (DatanodeStateMachine.java:stopDaemon(395)) - Ozone container server stopped.
2019-10-25 11:08:09,992 [main] INFO  handler.ContextHandler (ContextHandler.java:doStop(910)) - Stopped o.e.j.w.WebAppContext@164642a4{/,null,UNAVAILABLE}{/hddsDatanode}
2019-10-25 11:08:09,992 [main] INFO  server.AbstractConnector (AbstractConnector.java:doStop(318)) - Stopped ServerConnector@75cf0de5{HTTP/1.1,[http/1.1]}{0.0.0.0:0}
2019-10-25 11:08:09,993 [main] INFO  handler.ContextHandler (ContextHandler.java:doStop(910)) - Stopped o.e.j.s.ServletContextHandler@11b32a14{/static,jar:file:/home/user/.m2/repository/org/apache/hadoop/hadoop-hdds-container-service/0.5.0-SNAPSHOT/hadoop-hdds-container-service-0.5.0-SNAPSHOT.jar!/webapps/static,UNAVAILABLE}
2019-10-25 11:08:09,993 [main] INFO  handler.ContextHandler (ContextHandler.java:doStop(910)) - Stopped o.e.j.s.ServletContextHandler@e09f1b6{/logs,file:///workdir/hadoop-ozone/integration-test/target/log,UNAVAILABLE}
2019-10-25 11:08:10,000 [ForkJoinPool.commonPool-worker-0] INFO  utils.BackgroundService (BackgroundService.java:shutdown(151)) - Shutting down service BlockDeletingService
2019-10-25 11:08:10,002 [ForkJoinPool.commonPool-worker-0] INFO  statemachine.DatanodeStateMachine (DatanodeStateMachine.java:stopDaemon(395)) - Ozone container server stopped.
2019-10-25 11:08:10,004 [ForkJoinPool.commonPool-worker-0] INFO  handler.ContextHandler (ContextHandler.java:doStop(910)) - Stopped o.e.j.w.WebAppContext@383caf89{/,null,UNAVAILABLE}{/hddsDatanode}
2019-10-25 11:08:10,005 [ForkJoinPool.commonPool-worker-0] INFO  server.AbstractConnector (AbstractConnector.java:doStop(318)) - Stopped ServerConnector@64c781a9{HTTP/1.1,[http/1.1]}{0.0.0.0:0}
2019-10-25 11:08:10,005 [ForkJoinPool.commonPool-worker-0] INFO  handler.ContextHandler (ContextHandler.java:doStop(910)) - Stopped o.e.j.s.ServletContextHandler@76544c0a{/static,jar:file:/home/user/.m2/repository/org/apache/hadoop/hadoop-hdds-container-service/0.5.0-SNAPSHOT/hadoop-hdds-container-service-0.5.0-SNAPSHOT.jar!/webapps/static,UNAVAILABLE}
2019-10-25 11:08:10,005 [ForkJoinPool.commonPool-worker-0] INFO  handler.ContextHandler (ContextHandler.java:doStop(910)) - Stopped o.e.j.s.ServletContextHandler@748a654a{/logs,file:///workdir/hadoop-ozone/integration-test/target/log,UNAVAILABLE}
2019-10-25 11:08:10,593 [Datanode State Machine Thread - 0] INFO  statemachine.DatanodeStateMachine (DatanodeStateMachine.java:lambda$startDaemon$0(350)) - Ozone container server started.
2019-10-25 11:08:10,594 [Datanode State Machine Thread - 0] INFO  statemachine.DatanodeStateMachine (DatanodeStateMachine.java:lambda$startDaemon$0(350)) - Ozone container server started.
2019-10-25 11:08:13,235 [java.util.concurrent.ThreadPoolExecutor$Worker@57f0e7d5[State = -1, empty queue]] WARN  server.GrpcLogAppender (GrpcLogAppender.java:timeoutAppendRequest(209)) - 4ec993a1-c88d-4e26-9851-97b3046e33ae@group-04D1B0FD29CB->d6e16d1d-13ec-4d5e-a095-b06e50bc05c8-GrpcLogAppender: appendEntries Timeout, request=4ec993a1-c88d-4e26-9851-97b3046e33ae->d6e16d1d-13ec-4d5e-a095-b06e50bc05c8#75-t1, previous=(t:1, i:10), leaderCommit=10, initializing? false, entries: <empty>
2019-10-25 11:08:13,736 [java.util.concurrent.ThreadPoolExecutor$Worker@57f0e7d5[State = -1, empty queue]] WARN  server.GrpcLogAppender (GrpcLogAppender.java:timeoutAppendRequest(209)) - 4ec993a1-c88d-4e26-9851-97b3046e33ae@group-04D1B0FD29CB->d6e16d1d-13ec-4d5e-a095-b06e50bc05c8-GrpcLogAppender: appendEntries Timeout, request=4ec993a1-c88d-4e26-9851-97b3046e33ae->d6e16d1d-13ec-4d5e-a095-b06e50bc05c8#76-t1, previous=(t:1, i:10), leaderCommit=10, initializing? false, entries: <empty>
2019-10-25 11:08:14,235 [java.util.concurrent.ThreadPoolExecutor$Worker@57f0e7d5[State = -1, empty queue]] WARN  server.GrpcLogAppender (GrpcLogAppender.java:timeoutAppendRequest(209)) - 4ec993a1-c88d-4e26-9851-97b3046e33ae@group-04D1B0FD29CB->d6e16d1d-13ec-4d5e-a095-b06e50bc05c8-GrpcLogAppender: appendEntries Timeout, request=4ec993a1-c88d-4e26-9851-97b3046e33ae->d6e16d1d-13ec-4d5e-a095-b06e50bc05c8#77-t1, previous=(t:1, i:10), leaderCommit=10, initializing? false, entries: <empty>
2019-10-25 11:08:14,736 [java.util.concurrent.ThreadPoolExecutor$Worker@57f0e7d5[State = -1, empty queue]] WARN  server.GrpcLogAppender (GrpcLogAppender.java:timeoutAppendRequest(209)) - 4ec993a1-c88d-4e26-9851-97b3046e33ae@group-04D1B0FD29CB->d6e16d1d-13ec-4d5e-a095-b06e50bc05c8-GrpcLogAppender: appendEntries Timeout, request=4ec993a1-c88d-4e26-9851-97b3046e33ae->d6e16d1d-13ec-4d5e-a095-b06e50bc05c8#78-t1, previous=(t:1, i:10), leaderCommit=10, initializing? false, entries: <empty>
2019-10-25 11:08:14,996 [main] INFO  ozoneimpl.OzoneContainer (OzoneContainer.java:stop(227)) - Attempting to stop container services.
2019-10-25 11:08:14,997 [main] INFO  impl.RaftServerProxy (RaftServerProxy.java:lambda$close$4(314)) - 4ec993a1-c88d-4e26-9851-97b3046e33ae: close
2019-10-25 11:08:14,998 [main] INFO  impl.RaftServerImpl (RaftServerImpl.java:lambda$shutdown$3(261)) - 4ec993a1-c88d-4e26-9851-97b3046e33ae@group-00C9B0EC36EF: shutdown
2019-10-25 11:08:14,998 [main] INFO  util.JmxRegister (JmxRegister.java:unregister(73)) - Successfully un-registered JMX Bean with object name Ratis:service=RaftServer,group=group-00C9B0EC36EF,id=4ec993a1-c88d-4e26-9851-97b3046e33ae
2019-10-25 11:08:14,998 [main] INFO  impl.RoleInfo (RoleInfo.java:shutdownLeaderState(104)) - 4ec993a1-c88d-4e26-9851-97b3046e33ae: shutdown LeaderState
2019-10-25 11:08:14,999 [main] INFO  impl.PendingRequests (PendingRequests.java:sendNotLeaderResponses(202)) - 4ec993a1-c88d-4e26-9851-97b3046e33ae@group-00C9B0EC36EF-PendingRequests: sendNotLeaderResponses
2019-10-25 11:08:15,000 [main] INFO  impl.StateMachineUpdater (StateMachineUpdater.java:stopAndJoin(136)) - 4ec993a1-c88d-4e26-9851-97b3046e33ae@group-00C9B0EC36EF-StateMachineUpdater: set stopIndex = 0
2019-10-25 11:08:15,001 [main] INFO  impl.RaftServerImpl (ServerState.java:close(388)) - 4ec993a1-c88d-4e26-9851-97b3046e33ae@group-00C9B0EC36EF: closes. applyIndex: 0
2019-10-25 11:08:15,001 [4ec993a1-c88d-4e26-9851-97b3046e33ae@group-00C9B0EC36EF-SegmentedRaftLogWorker] INFO  segmented.SegmentedRaftLogWorker (SegmentedRaftLogWorker.java:run(316)) - 4ec993a1-c88d-4e26-9851-97b3046e33ae@group-00C9B0EC36EF-SegmentedRaftLogWorker was interrupted, exiting. There are 0 tasks remaining in the queue.
2019-10-25 11:08:15,002 [main] INFO  segmented.SegmentedRaftLogWorker (SegmentedRaftLogWorker.java:close(224)) - 4ec993a1-c88d-4e26-9851-97b3046e33ae@group-00C9B0EC36EF-SegmentedRaftLogWorker close()
2019-10-25 11:08:15,002 [main] INFO  impl.RaftServerImpl (RaftServerImpl.java:lambda$shutdown$3(261)) - 4ec993a1-c88d-4e26-9851-97b3046e33ae@group-04D1B0FD29CB: shutdown
2019-10-25 11:08:15,003 [main] INFO  util.JmxRegister (JmxRegister.java:unregister(73)) - Successfully un-registered JMX Bean with object name Ratis:service=RaftServer,group=group-04D1B0FD29CB,id=4ec993a1-c88d-4e26-9851-97b3046e33ae
2019-10-25 11:08:15,003 [main] INFO  impl.RoleInfo (RoleInfo.java:shutdownLeaderState(104)) - 4ec993a1-c88d-4e26-9851-97b3046e33ae: shutdown LeaderState
2019-10-25 11:08:15,006 [main] INFO  impl.PendingRequests (PendingRequests.java:sendNotLeaderResponses(202)) - 4ec993a1-c88d-4e26-9851-97b3046e33ae@group-04D1B0FD29CB-PendingRequests: sendNotLeaderResponses
2019-10-25 11:08:15,006 [org.apache.ratis.server.impl.LogAppender$AppenderDaemon$$Lambda$446/110636236@69ce98a4] WARN  server.GrpcLogAppender (GrpcLogAppender.java:mayWait(149)) - 4ec993a1-c88d-4e26-9851-97b3046e33ae@group-04D1B0FD29CB->fd698530-c54c-4f87-b269-002f8f3935cd-GrpcLogAppender: Wait interrupted by java.lang.InterruptedException
2019-10-25 11:08:15,006 [org.apache.ratis.server.impl.LogAppender$AppenderDaemon$$Lambda$446/110636236@585c6399] WARN  server.GrpcLogAppender (GrpcLogAppender.java:mayWait(149)) - 4ec993a1-c88d-4e26-9851-97b3046e33ae@group-04D1B0FD29CB->d6e16d1d-13ec-4d5e-a095-b06e50bc05c8-GrpcLogAppender: Wait interrupted by java.lang.InterruptedException
2019-10-25 11:08:15,010 [main] INFO  impl.StateMachineUpdater (StateMachineUpdater.java:stopAndJoin(136)) - 4ec993a1-c88d-4e26-9851-97b3046e33ae@group-04D1B0FD29CB-StateMachineUpdater: set stopIndex = 10
2019-10-25 11:08:15,010 [4ec993a1-c88d-4e26-9851-97b3046e33ae@group-04D1B0FD29CB-StateMachineUpdater] INFO  ratis.ContainerStateMachine (ContainerStateMachine.java:takeSnapshot(294)) - group-04D1B0FD29CB: Taking a snapshot at:(t:1, i:10) file /workdir/hadoop-ozone/integration-test/target/test-dir/MiniOzoneClusterImpl-0a85d326-9d58-4237-89dd-96557ce3dac1/datanode-7/data/ratis/aae8fc31-cdf3-446b-bb09-04d1b0fd29cb/sm/snapshot.1_10
2019-10-25 11:08:15,010 [ForkJoinPool.commonPool-worker-0] INFO  ozoneimpl.OzoneContainer (OzoneContainer.java:stop(227)) - Attempting to stop container services.
2019-10-25 11:08:15,011 [grpc-default-executor-9] INFO  server.GrpcServerProtocolService (GrpcServerProtocolService.java:onCompleted(113)) - fd698530-c54c-4f87-b269-002f8f3935cd: Completed APPEND_ENTRIES, lastRequest: 4ec993a1-c88d-4e26-9851-97b3046e33ae->fd698530-c54c-4f87-b269-002f8f3935cd#84-t1, previous=(t:1, i:10), leaderCommit=10, initializing? false, entries: <empty>
2019-10-25 11:08:15,012 [ForkJoinPool.commonPool-worker-0] INFO  impl.RaftServerProxy (RaftServerProxy.java:lambda$close$4(314)) - fd698530-c54c-4f87-b269-002f8f3935cd: close
2019-10-25 11:08:15,012 [ForkJoinPool.commonPool-worker-0] INFO  impl.RaftServerImpl (RaftServerImpl.java:lambda$shutdown$3(261)) - fd698530-c54c-4f87-b269-002f8f3935cd@group-CA09DB774987: shutdown
2019-10-25 11:08:15,012 [grpc-default-executor-5] INFO  server.GrpcLogAppender (GrpcLogAppender.java:onCompleted(308)) - 4ec993a1-c88d-4e26-9851-97b3046e33ae@group-04D1B0FD29CB->fd698530-c54c-4f87-b269-002f8f3935cd-AppendLogResponseHandler: follower responses appendEntries COMPLETED
2019-10-25 11:08:15,012 [ForkJoinPool.commonPool-worker-0] INFO  util.JmxRegister (JmxRegister.java:unregister(73)) - Successfully un-registered JMX Bean with object name Ratis:service=RaftServer,group=group-CA09DB774987,id=fd698530-c54c-4f87-b269-002f8f3935cd
2019-10-25 11:08:15,013 [ForkJoinPool.commonPool-worker-0] INFO  impl.RoleInfo (RoleInfo.java:shutdownLeaderState(104)) - fd698530-c54c-4f87-b269-002f8f3935cd: shutdown LeaderState
2019-10-25 11:08:15,013 [ForkJoinPool.commonPool-worker-0] INFO  impl.PendingRequests (PendingRequests.java:sendNotLeaderResponses(202)) - fd698530-c54c-4f87-b269-002f8f3935cd@group-CA09DB774987-PendingRequests: sendNotLeaderResponses
2019-10-25 11:08:15,013 [ForkJoinPool.commonPool-worker-0] INFO  impl.StateMachineUpdater (StateMachineUpdater.java:stopAndJoin(136)) - fd698530-c54c-4f87-b269-002f8f3935cd@group-CA09DB774987-StateMachineUpdater: set stopIndex = 0
2019-10-25 11:08:15,014 [ForkJoinPool.commonPool-worker-0] INFO  impl.RaftServerImpl (ServerState.java:close(388)) - fd698530-c54c-4f87-b269-002f8f3935cd@group-CA09DB774987: closes. applyIndex: 0
2019-10-25 11:08:15,014 [fd698530-c54c-4f87-b269-002f8f3935cd@group-CA09DB774987-SegmentedRaftLogWorker] INFO  segmented.SegmentedRaftLogWorker (SegmentedRaftLogWorker.java:run(316)) - fd698530-c54c-4f87-b269-002f8f3935cd@group-CA09DB774987-SegmentedRaftLogWorker was interrupted, exiting. There are 0 tasks remaining in the queue.
2019-10-25 11:08:15,014 [grpc-default-executor-5] INFO  impl.FollowerInfo (FollowerInfo.java:lambda$new$0(51)) - 4ec993a1-c88d-4e26-9851-97b3046e33ae@group-04D1B0FD29CB->fd698530-c54c-4f87-b269-002f8f3935cd: nextIndex: updateUnconditionally 11 -> 10
2019-10-25 11:08:15,016 [ForkJoinPool.commonPool-worker-0] INFO  segmented.SegmentedRaftLogWorker (SegmentedRaftLogWorker.java:close(224)) - fd698530-c54c-4f87-b269-002f8f3935cd@group-CA09DB774987-SegmentedRaftLogWorker close()
2019-10-25 11:08:15,016 [ForkJoinPool.commonPool-worker-0] INFO  impl.RaftServerImpl (RaftServerImpl.java:lambda$shutdown$3(261)) - fd698530-c54c-4f87-b269-002f8f3935cd@group-04D1B0FD29CB: shutdown
2019-10-25 11:08:15,016 [4ec993a1-c88d-4e26-9851-97b3046e33ae@group-04D1B0FD29CB-StateMachineUpdater] INFO  ratis.ContainerStateMachine (ContainerStateMachine.java:takeSnapshot(305)) - group-04D1B0FD29CB: Finished taking a snapshot at:(t:1, i:10) file:/workdir/hadoop-ozone/integration-test/target/test-dir/MiniOzoneClusterImpl-0a85d326-9d58-4237-89dd-96557ce3dac1/datanode-7/data/ratis/aae8fc31-cdf3-446b-bb09-04d1b0fd29cb/sm/snapshot.1_10 time:6
2019-10-25 11:08:15,016 [ForkJoinPool.commonPool-worker-0] INFO  util.JmxRegister (JmxRegister.java:unregister(73)) - Successfully un-registered JMX Bean with object name Ratis:service=RaftServer,group=group-04D1B0FD29CB,id=fd698530-c54c-4f87-b269-002f8f3935cd
2019-10-25 11:08:15,017 [ForkJoinPool.commonPool-worker-0] INFO  impl.RoleInfo (RoleInfo.java:shutdownFollowerState(121)) - fd698530-c54c-4f87-b269-002f8f3935cd: shutdown FollowerState
2019-10-25 11:08:15,017 [4ec993a1-c88d-4e26-9851-97b3046e33ae@group-04D1B0FD29CB-StateMachineUpdater] INFO  impl.StateMachineUpdater (StateMachineUpdater.java:takeSnapshot(269)) - 4ec993a1-c88d-4e26-9851-97b3046e33ae@group-04D1B0FD29CB-StateMachineUpdater: Took a snapshot at index 10
2019-10-25 11:08:15,017 [ForkJoinPool.commonPool-worker-0] INFO  impl.StateMachineUpdater (StateMachineUpdater.java:stopAndJoin(136)) - fd698530-c54c-4f87-b269-002f8f3935cd@group-04D1B0FD29CB-StateMachineUpdater: set stopIndex = 10
2019-10-25 11:08:15,017 [fd698530-c54c-4f87-b269-002f8f3935cd@group-04D1B0FD29CB-StateMachineUpdater] INFO  ratis.ContainerStateMachine (ContainerStateMachine.java:takeSnapshot(294)) - group-04D1B0FD29CB: Taking a snapshot at:(t:1, i:9) file /workdir/hadoop-ozone/integration-test/target/test-dir/MiniOzoneClusterImpl-0a85d326-9d58-4237-89dd-96557ce3dac1/datanode-1/data/ratis/aae8fc31-cdf3-446b-bb09-04d1b0fd29cb/sm/snapshot.1_9
2019-10-25 11:08:15,017 [Thread-3669] INFO  impl.FollowerState (FollowerState.java:run(117)) - fd698530-c54c-4f87-b269-002f8f3935cd@group-04D1B0FD29CB-FollowerState was interrupted: java.lang.InterruptedException: sleep interrupted
2019-10-25 11:08:15,017 [4ec993a1-c88d-4e26-9851-97b3046e33ae@group-04D1B0FD29CB-StateMachineUpdater] INFO  impl.StateMachineUpdater (StateMachineUpdater.java:lambda$new$0(84)) - 4ec993a1-c88d-4e26-9851-97b3046e33ae@group-04D1B0FD29CB-StateMachineUpdater: snapshotIndex: updateIncreasingly -1 -> 10
2019-10-25 11:08:15,018 [main] INFO  impl.RaftServerImpl (ServerState.java:close(388)) - 4ec993a1-c88d-4e26-9851-97b3046e33ae@group-04D1B0FD29CB: closes. applyIndex: 10
2019-10-25 11:08:15,019 [4ec993a1-c88d-4e26-9851-97b3046e33ae@group-04D1B0FD29CB-SegmentedRaftLogWorker] INFO  segmented.SegmentedRaftLogWorker (SegmentedRaftLogWorker.java:run(316)) - 4ec993a1-c88d-4e26-9851-97b3046e33ae@group-04D1B0FD29CB-SegmentedRaftLogWorker was interrupted, exiting. There are 0 tasks remaining in the queue.
2019-10-25 11:08:15,019 [main] INFO  segmented.SegmentedRaftLogWorker (SegmentedRaftLogWorker.java:close(224)) - 4ec993a1-c88d-4e26-9851-97b3046e33ae@group-04D1B0FD29CB-SegmentedRaftLogWorker close()
2019-10-25 11:08:15,019 [main] INFO  server.GrpcService (GrpcService.java:closeImpl(164)) - 4ec993a1-c88d-4e26-9851-97b3046e33ae: shutdown server with port 41510 now
2019-10-25 11:08:15,020 [main] INFO  server.GrpcService (GrpcService.java:closeImpl(172)) - 4ec993a1-c88d-4e26-9851-97b3046e33ae: shutdown server with port 41510 successfully
2019-10-25 11:08:15,028 [refreshUsed-/workdir/hadoop-ozone/integration-test/target/test-dir/MiniOzoneClusterImpl-0a85d326-9d58-4237-89dd-96557ce3dac1/datanode-7/data/containers] WARN  fs.CachingGetSpaceUsed (CachingGetSpaceUsed.java:run(183)) - Thread Interrupted waiting to refresh disk information: sleep interrupted
2019-10-25 11:08:15,030 [fd698530-c54c-4f87-b269-002f8f3935cd@group-04D1B0FD29CB-StateMachineUpdater] INFO  ratis.ContainerStateMachine (ContainerStateMachine.java:takeSnapshot(305)) - group-04D1B0FD29CB: Finished taking a snapshot at:(t:1, i:9) file:/workdir/hadoop-ozone/integration-test/target/test-dir/MiniOzoneClusterImpl-0a85d326-9d58-4237-89dd-96557ce3dac1/datanode-1/data/ratis/aae8fc31-cdf3-446b-bb09-04d1b0fd29cb/sm/snapshot.1_9 time:13
2019-10-25 11:08:15,031 [fd698530-c54c-4f87-b269-002f8f3935cd@group-04D1B0FD29CB-StateMachineUpdater] INFO  impl.StateMachineUpdater (StateMachineUpdater.java:takeSnapshot(269)) - fd698530-c54c-4f87-b269-002f8f3935cd@group-04D1B0FD29CB-StateMachineUpdater: Took a snapshot at index 9
2019-10-25 11:08:15,031 [fd698530-c54c-4f87-b269-002f8f3935cd@group-04D1B0FD29CB-StateMachineUpdater] INFO  impl.StateMachineUpdater (StateMachineUpdater.java:lambda$new$0(84)) - fd698530-c54c-4f87-b269-002f8f3935cd@group-04D1B0FD29CB-StateMachineUpdater: snapshotIndex: updateIncreasingly -1 -> 9
2019-10-25 11:08:15,031 [fd698530-c54c-4f87-b269-002f8f3935cd@group-04D1B0FD29CB-StateMachineUpdater] INFO  ratis.ContainerStateMachine (ContainerStateMachine.java:takeSnapshot(294)) - group-04D1B0FD29CB: Taking a snapshot at:(t:1, i:9) file /workdir/hadoop-ozone/integration-test/target/test-dir/MiniOzoneClusterImpl-0a85d326-9d58-4237-89dd-96557ce3dac1/datanode-1/data/ratis/aae8fc31-cdf3-446b-bb09-04d1b0fd29cb/sm/snapshot.1_9
2019-10-25 11:08:15,044 [fd698530-c54c-4f87-b269-002f8f3935cd@group-04D1B0FD29CB-StateMachineUpdater] INFO  ratis.ContainerStateMachine (ContainerStateMachine.java:takeSnapshot(305)) - group-04D1B0FD29CB: Finished taking a snapshot at:(t:1, i:9) file:/workdir/hadoop-ozone/integration-test/target/test-dir/MiniOzoneClusterImpl-0a85d326-9d58-4237-89dd-96557ce3dac1/datanode-1/data/ratis/aae8fc31-cdf3-446b-bb09-04d1b0fd29cb/sm/snapshot.1_9 time:12
2019-10-25 11:08:15,044 [fd698530-c54c-4f87-b269-002f8f3935cd@group-04D1B0FD29CB-StateMachineUpdater] INFO  impl.StateMachineUpdater (StateMachineUpdater.java:takeSnapshot(269)) - fd698530-c54c-4f87-b269-002f8f3935cd@group-04D1B0FD29CB-StateMachineUpdater: Took a snapshot at index 9
2019-10-25 11:08:15,044 [fd698530-c54c-4f87-b269-002f8f3935cd@group-04D1B0FD29CB-StateMachineUpdater] INFO  impl.StateMachineUpdater (StateMachineUpdater.java:lambda$new$0(84)) - fd698530-c54c-4f87-b269-002f8f3935cd@group-04D1B0FD29CB-StateMachineUpdater: snapshotIndex: updateIncreasingly 9 -> 9
2019-10-25 11:08:15,045 [ForkJoinPool.commonPool-worker-0] INFO  impl.RaftServerImpl (ServerState.java:close(388)) - fd698530-c54c-4f87-b269-002f8f3935cd@group-04D1B0FD29CB: closes. applyIndex: 10
2019-10-25 11:08:15,045 [fd698530-c54c-4f87-b269-002f8f3935cd@group-04D1B0FD29CB-SegmentedRaftLogWorker] INFO  segmented.SegmentedRaftLogWorker (SegmentedRaftLogWorker.java:run(316)) - fd698530-c54c-4f87-b269-002f8f3935cd@group-04D1B0FD29CB-SegmentedRaftLogWorker was interrupted, exiting. There are 0 tasks remaining in the queue.
2019-10-25 11:08:15,045 [ForkJoinPool.commonPool-worker-0] INFO  segmented.SegmentedRaftLogWorker (SegmentedRaftLogWorker.java:close(224)) - fd698530-c54c-4f87-b269-002f8f3935cd@group-04D1B0FD29CB-SegmentedRaftLogWorker close()
2019-10-25 11:08:15,046 [ForkJoinPool.commonPool-worker-0] INFO  server.GrpcService (GrpcService.java:closeImpl(164)) - fd698530-c54c-4f87-b269-002f8f3935cd: shutdown server with port 41166 now
2019-10-25 11:08:15,046 [ForkJoinPool.commonPool-worker-0] INFO  server.GrpcService (GrpcService.java:closeImpl(172)) - fd698530-c54c-4f87-b269-002f8f3935cd: shutdown server with port 41166 successfully
2019-10-25 11:08:15,049 [refreshUsed-/workdir/hadoop-ozone/integration-test/target/test-dir/MiniOzoneClusterImpl-0a85d326-9d58-4237-89dd-96557ce3dac1/datanode-1/data/containers] WARN  fs.CachingGetSpaceUsed (CachingGetSpaceUsed.java:run(183)) - Thread Interrupted waiting to refresh disk information: sleep interrupted
2019-10-25 11:08:15,050 [main] INFO  utils.BackgroundService (BackgroundService.java:shutdown(151)) - Shutting down service BlockDeletingService
2019-10-25 11:08:15,055 [main] INFO  statemachine.DatanodeStateMachine (DatanodeStateMachine.java:stopDaemon(395)) - Ozone container server stopped.
2019-10-25 11:08:15,058 [main] INFO  handler.ContextHandler (ContextHandler.java:doStop(910)) - Stopped o.e.j.w.WebAppContext@629984eb{/,null,UNAVAILABLE}{/hddsDatanode}
2019-10-25 11:08:15,059 [main] INFO  server.AbstractConnector (AbstractConnector.java:doStop(318)) - Stopped ServerConnector@7b1e5e55{HTTP/1.1,[http/1.1]}{0.0.0.0:0}
2019-10-25 11:08:15,060 [main] INFO  handler.ContextHandler (ContextHandler.java:doStop(910)) - Stopped o.e.j.s.ServletContextHandler@7a2ab862{/static,jar:file:/home/user/.m2/repository/org/apache/hadoop/hadoop-hdds-container-service/0.5.0-SNAPSHOT/hadoop-hdds-container-service-0.5.0-SNAPSHOT.jar!/webapps/static,UNAVAILABLE}
2019-10-25 11:08:15,060 [main] INFO  handler.ContextHandler (ContextHandler.java:doStop(910)) - Stopped o.e.j.s.ServletContextHandler@42d6c12d{/logs,file:///workdir/hadoop-ozone/integration-test/target/log,UNAVAILABLE}
2019-10-25 11:08:15,070 [ForkJoinPool.commonPool-worker-0] INFO  utils.BackgroundService (BackgroundService.java:shutdown(151)) - Shutting down service BlockDeletingService
2019-10-25 11:08:15,081 [ForkJoinPool.commonPool-worker-0] INFO  statemachine.DatanodeStateMachine (DatanodeStateMachine.java:stopDaemon(395)) - Ozone container server stopped.
2019-10-25 11:08:15,083 [ForkJoinPool.commonPool-worker-0] INFO  handler.ContextHandler (ContextHandler.java:doStop(910)) - Stopped o.e.j.w.WebAppContext@6968bcec{/,null,UNAVAILABLE}{/hddsDatanode}
2019-10-25 11:08:15,083 [ForkJoinPool.commonPool-worker-0] INFO  server.AbstractConnector (AbstractConnector.java:doStop(318)) - Stopped ServerConnector@5568c66f{HTTP/1.1,[http/1.1]}{0.0.0.0:0}
2019-10-25 11:08:15,084 [ForkJoinPool.commonPool-worker-0] INFO  handler.ContextHandler (ContextHandler.java:doStop(910)) - Stopped o.e.j.s.ServletContextHandler@7134b8a7{/static,jar:file:/home/user/.m2/repository/org/apache/hadoop/hadoop-hdds-container-service/0.5.0-SNAPSHOT/hadoop-hdds-container-service-0.5.0-SNAPSHOT.jar!/webapps/static,UNAVAILABLE}
2019-10-25 11:08:15,084 [ForkJoinPool.commonPool-worker-0] INFO  handler.ContextHandler (ContextHandler.java:doStop(910)) - Stopped o.e.j.s.ServletContextHandler@70025b99{/logs,file:///workdir/hadoop-ozone/integration-test/target/log,UNAVAILABLE}
2019-10-25 11:08:15,085 [main] INFO  ozone.MiniOzoneClusterImpl (MiniOzoneClusterImpl.java:stopSCM(392)) - Stopping the StorageContainerManager
2019-10-25 11:08:15,085 [main] INFO  server.StorageContainerManager (StorageContainerManager.java:stop(810)) - Stopping Replication Manager Service.
2019-10-25 11:08:15,086 [main] INFO  container.ReplicationManager (ReplicationManager.java:stop(203)) - Stopping Replication Monitor Thread.
2019-10-25 11:08:15,086 [main] INFO  server.StorageContainerManager (StorageContainerManager.java:stop(817)) - Stopping Lease Manager of the command watchers
2019-10-25 11:08:15,086 [main] INFO  server.StorageContainerManager (StorageContainerManager.java:stop(824)) - Stopping datanode service RPC server
2019-10-25 11:08:15,086 [main] INFO  server.SCMDatanodeProtocolServer (SCMDatanodeProtocolServer.java:stop(346)) - Stopping the RPC server for DataNodes
2019-10-25 11:08:15,086 [main] INFO  ipc.Server (Server.java:stop(3082)) - Stopping server on 45850
2019-10-25 11:08:15,088 [IPC Server listener on 45850] INFO  ipc.Server (Server.java:run(1185)) - Stopping IPC Server listener on 45850
2019-10-25 11:08:15,089 [IPC Server Responder] INFO  ipc.Server (Server.java:run(1319)) - Stopping IPC Server Responder
2019-10-25 11:08:15,168 [SCM Heartbeat Processing Thread - 0] WARN  node.NodeStateManager (NodeStateManager.java:scheduleNextHealthCheck(646)) - Current Thread is interrupted, shutting down HB processing thread for Node Manager.
2019-10-25 11:08:15,169 [main] INFO  server.StorageContainerManager (StorageContainerManager.java:stop(832)) - Stopping block service RPC server
2019-10-25 11:08:15,169 [main] INFO  server.SCMBlockProtocolServer (SCMBlockProtocolServer.java:stop(155)) - Stopping the RPC server for Block Protocol
2019-10-25 11:08:15,169 [main] INFO  ipc.Server (Server.java:stop(3082)) - Stopping server on 37651
2019-10-25 11:08:15,171 [IPC Server listener on 37651] INFO  ipc.Server (Server.java:run(1185)) - Stopping IPC Server listener on 37651
2019-10-25 11:08:15,171 [main] INFO  server.StorageContainerManager (StorageContainerManager.java:stop(839)) - Stopping the StorageContainerLocationProtocol RPC server
2019-10-25 11:08:15,172 [IPC Server Responder] INFO  ipc.Server (Server.java:run(1319)) - Stopping IPC Server Responder
2019-10-25 11:08:15,173 [main] INFO  server.SCMClientProtocolServer (SCMClientProtocolServer.java:stop(168)) - Stopping the RPC server for Client Protocol
2019-10-25 11:08:15,174 [main] INFO  ipc.Server (Server.java:stop(3082)) - Stopping server on 36911
2019-10-25 11:08:15,175 [IPC Server listener on 36911] INFO  ipc.Server (Server.java:run(1185)) - Stopping IPC Server listener on 36911
2019-10-25 11:08:15,175 [main] INFO  server.StorageContainerManager (StorageContainerManager.java:stop(846)) - Stopping Storage Container Manager HTTP server.
2019-10-25 11:08:15,176 [IPC Server Responder] INFO  ipc.Server (Server.java:run(1319)) - Stopping IPC Server Responder
2019-10-25 11:08:15,177 [main] INFO  handler.ContextHandler (ContextHandler.java:doStop(910)) - Stopped o.e.j.w.WebAppContext@33a55bd8{/,null,UNAVAILABLE}{/scm}
2019-10-25 11:08:15,178 [main] INFO  server.AbstractConnector (AbstractConnector.java:doStop(318)) - Stopped ServerConnector@73a8e994{HTTP/1.1,[http/1.1]}{0.0.0.0:0}
2019-10-25 11:08:15,178 [main] INFO  handler.ContextHandler (ContextHandler.java:doStop(910)) - Stopped o.e.j.s.ServletContextHandler@49e4c2d5{/static,file:///workdir/hadoop-ozone/integration-test/target/test-classes/webapps/static,UNAVAILABLE}
2019-10-25 11:08:15,179 [main] INFO  handler.ContextHandler (ContextHandler.java:doStop(910)) - Stopped o.e.j.s.ServletContextHandler@4a8a0099{/logs,file:///workdir/hadoop-ozone/integration-test/target/log,UNAVAILABLE}
2019-10-25 11:08:15,180 [main] INFO  server.StorageContainerManager (StorageContainerManager.java:stop(857)) - Stopping Block Manager Service.
2019-10-25 11:08:15,180 [main] INFO  utils.BackgroundService (BackgroundService.java:shutdown(151)) - Shutting down service SCMBlockDeletingService
2019-10-25 11:08:15,180 [main] INFO  utils.BackgroundService (BackgroundService.java:shutdown(151)) - Shutting down service SCMBlockDeletingService
2019-10-25 11:08:15,181 [main] INFO  server.StorageContainerManager (StorageContainerManager.java:stop(879)) - Stopping SCM Event Queue.
2019-10-25 11:08:15,186 [main] INFO  impl.MetricsSystemImpl (MetricsSystemImpl.java:stop(210)) - Stopping HddsDatanode metrics system...
2019-10-25 11:08:15,202 [main] INFO  impl.MetricsSystemImpl (MetricsSystemImpl.java:stop(216)) - HddsDatanode metrics system stopped.
2019-10-25 11:08:15,236 [java.util.concurrent.ThreadPoolExecutor$Worker@57f0e7d5[State = -1, empty queue]] WARN  server.GrpcLogAppender (GrpcLogAppender.java:timeoutAppendRequest(209)) - 4ec993a1-c88d-4e26-9851-97b3046e33ae@group-04D1B0FD29CB->d6e16d1d-13ec-4d5e-a095-b06e50bc05c8-GrpcLogAppender: appendEntries Timeout, request=4ec993a1-c88d-4e26-9851-97b3046e33ae->d6e16d1d-13ec-4d5e-a095-b06e50bc05c8#79-t1, previous=(t:1, i:10), leaderCommit=10, initializing? false, entries: <empty>
]]></system-out>
    <system-err><![CDATA[Oct 25, 2019 11:07:54 AM org.apache.ratis.thirdparty.io.grpc.internal.SerializingExecutor run
SEVERE: Exception while executing runnable org.apache.ratis.thirdparty.io.grpc.internal.ServerImpl$JumpToApplicationThreadServerStreamListener$1Closed@34fdbfbd
org.apache.ratis.thirdparty.io.grpc.StatusRuntimeException: CANCELLED: call already cancelled
	at org.apache.ratis.thirdparty.io.grpc.Status.asRuntimeException(Status.java:517)
	at org.apache.ratis.thirdparty.io.grpc.stub.ServerCalls$ServerCallStreamObserverImpl.onCompleted(ServerCalls.java:356)
	at org.apache.ratis.grpc.server.GrpcServerProtocolService$ServerRequestStreamObserver.onError(GrpcServerProtocolService.java:121)
	at org.apache.ratis.thirdparty.io.grpc.stub.ServerCalls$StreamingServerCallHandler$StreamingServerCallListener.onCancel(ServerCalls.java:269)
	at org.apache.ratis.thirdparty.io.grpc.internal.ServerCallImpl$ServerStreamListenerImpl.closed(ServerCallImpl.java:293)
	at org.apache.ratis.thirdparty.io.grpc.internal.ServerImpl$JumpToApplicationThreadServerStreamListener$1Closed.runInContext(ServerImpl.java:741)
	at org.apache.ratis.thirdparty.io.grpc.internal.ContextRunnable.run(ContextRunnable.java:37)
	at org.apache.ratis.thirdparty.io.grpc.internal.SerializingExecutor.run(SerializingExecutor.java:123)
	at java.util.concurrent.ThreadPoolExecutor.runWorker(ThreadPoolExecutor.java:1149)
	at java.util.concurrent.ThreadPoolExecutor$Worker.run(ThreadPoolExecutor.java:624)
	at java.lang.Thread.run(Thread.java:748)

Oct 25, 2019 11:07:54 AM org.apache.ratis.thirdparty.io.grpc.internal.SerializingExecutor run
SEVERE: Exception while executing runnable org.apache.ratis.thirdparty.io.grpc.internal.ClientCallImpl$ClientStreamListenerImpl$1StreamClosed@17657485
java.lang.NullPointerException
	at org.apache.ratis.grpc.server.GrpcLogAppender$AppendLogResponseHandler.onError(GrpcLogAppender.java:303)
	at org.apache.ratis.thirdparty.io.grpc.stub.ClientCalls$StreamObserverToCallListenerAdapter.onClose(ClientCalls.java:434)
	at org.apache.ratis.thirdparty.io.grpc.PartialForwardingClientCallListener.onClose(PartialForwardingClientCallListener.java:39)
	at org.apache.ratis.thirdparty.io.grpc.ForwardingClientCallListener.onClose(ForwardingClientCallListener.java:23)
	at org.apache.ratis.thirdparty.io.grpc.ForwardingClientCallListener$SimpleForwardingClientCallListener.onClose(ForwardingClientCallListener.java:40)
	at org.apache.ratis.thirdparty.io.grpc.internal.CensusStatsModule$StatsClientInterceptor$1$1.onClose(CensusStatsModule.java:678)
	at org.apache.ratis.thirdparty.io.grpc.PartialForwardingClientCallListener.onClose(PartialForwardingClientCallListener.java:39)
	at org.apache.ratis.thirdparty.io.grpc.ForwardingClientCallListener.onClose(ForwardingClientCallListener.java:23)
	at org.apache.ratis.thirdparty.io.grpc.ForwardingClientCallListener$SimpleForwardingClientCallListener.onClose(ForwardingClientCallListener.java:40)
	at org.apache.ratis.thirdparty.io.grpc.internal.CensusTracingModule$TracingClientInterceptor$1$1.onClose(CensusTracingModule.java:397)
	at org.apache.ratis.thirdparty.io.grpc.internal.ClientCallImpl.closeObserver(ClientCallImpl.java:459)
	at org.apache.ratis.thirdparty.io.grpc.internal.ClientCallImpl.access$300(ClientCallImpl.java:63)
	at org.apache.ratis.thirdparty.io.grpc.internal.ClientCallImpl$ClientStreamListenerImpl.close(ClientCallImpl.java:546)
	at org.apache.ratis.thirdparty.io.grpc.internal.ClientCallImpl$ClientStreamListenerImpl.access$600(ClientCallImpl.java:467)
	at org.apache.ratis.thirdparty.io.grpc.internal.ClientCallImpl$ClientStreamListenerImpl$1StreamClosed.runInContext(ClientCallImpl.java:584)
	at org.apache.ratis.thirdparty.io.grpc.internal.ContextRunnable.run(ContextRunnable.java:37)
	at org.apache.ratis.thirdparty.io.grpc.internal.SerializingExecutor.run(SerializingExecutor.java:123)
	at java.util.concurrent.ThreadPoolExecutor.runWorker(ThreadPoolExecutor.java:1149)
	at java.util.concurrent.ThreadPoolExecutor$Worker.run(ThreadPoolExecutor.java:624)
	at java.lang.Thread.run(Thread.java:748)

Oct 25, 2019 11:07:59 AM org.apache.ratis.thirdparty.io.grpc.internal.SerializingExecutor run
SEVERE: Exception while executing runnable org.apache.ratis.thirdparty.io.grpc.internal.ServerImpl$JumpToApplicationThreadServerStreamListener$1Closed@7c96e94f
org.apache.ratis.thirdparty.io.grpc.StatusRuntimeException: CANCELLED: call already cancelled
	at org.apache.ratis.thirdparty.io.grpc.Status.asRuntimeException(Status.java:517)
	at org.apache.ratis.thirdparty.io.grpc.stub.ServerCalls$ServerCallStreamObserverImpl.onCompleted(ServerCalls.java:356)
	at org.apache.ratis.grpc.server.GrpcServerProtocolService$ServerRequestStreamObserver.onError(GrpcServerProtocolService.java:121)
	at org.apache.ratis.thirdparty.io.grpc.stub.ServerCalls$StreamingServerCallHandler$StreamingServerCallListener.onCancel(ServerCalls.java:269)
	at org.apache.ratis.thirdparty.io.grpc.internal.ServerCallImpl$ServerStreamListenerImpl.closed(ServerCallImpl.java:293)
	at org.apache.ratis.thirdparty.io.grpc.internal.ServerImpl$JumpToApplicationThreadServerStreamListener$1Closed.runInContext(ServerImpl.java:741)
	at org.apache.ratis.thirdparty.io.grpc.internal.ContextRunnable.run(ContextRunnable.java:37)
	at org.apache.ratis.thirdparty.io.grpc.internal.SerializingExecutor.run(SerializingExecutor.java:123)
	at java.util.concurrent.ThreadPoolExecutor.runWorker(ThreadPoolExecutor.java:1149)
	at java.util.concurrent.ThreadPoolExecutor$Worker.run(ThreadPoolExecutor.java:624)
	at java.lang.Thread.run(Thread.java:748)

Oct 25, 2019 11:07:59 AM org.apache.ratis.thirdparty.io.grpc.internal.SerializingExecutor run
SEVERE: Exception while executing runnable org.apache.ratis.thirdparty.io.grpc.internal.ClientCallImpl$ClientStreamListenerImpl$1StreamClosed@5aa414bc
java.lang.NullPointerException
	at org.apache.ratis.grpc.server.GrpcLogAppender$AppendLogResponseHandler.onError(GrpcLogAppender.java:303)
	at org.apache.ratis.thirdparty.io.grpc.stub.ClientCalls$StreamObserverToCallListenerAdapter.onClose(ClientCalls.java:434)
	at org.apache.ratis.thirdparty.io.grpc.PartialForwardingClientCallListener.onClose(PartialForwardingClientCallListener.java:39)
	at org.apache.ratis.thirdparty.io.grpc.ForwardingClientCallListener.onClose(ForwardingClientCallListener.java:23)
	at org.apache.ratis.thirdparty.io.grpc.ForwardingClientCallListener$SimpleForwardingClientCallListener.onClose(ForwardingClientCallListener.java:40)
	at org.apache.ratis.thirdparty.io.grpc.internal.CensusStatsModule$StatsClientInterceptor$1$1.onClose(CensusStatsModule.java:678)
	at org.apache.ratis.thirdparty.io.grpc.PartialForwardingClientCallListener.onClose(PartialForwardingClientCallListener.java:39)
	at org.apache.ratis.thirdparty.io.grpc.ForwardingClientCallListener.onClose(ForwardingClientCallListener.java:23)
	at org.apache.ratis.thirdparty.io.grpc.ForwardingClientCallListener$SimpleForwardingClientCallListener.onClose(ForwardingClientCallListener.java:40)
	at org.apache.ratis.thirdparty.io.grpc.internal.CensusTracingModule$TracingClientInterceptor$1$1.onClose(CensusTracingModule.java:397)
	at org.apache.ratis.thirdparty.io.grpc.internal.ClientCallImpl.closeObserver(ClientCallImpl.java:459)
	at org.apache.ratis.thirdparty.io.grpc.internal.ClientCallImpl.access$300(ClientCallImpl.java:63)
	at org.apache.ratis.thirdparty.io.grpc.internal.ClientCallImpl$ClientStreamListenerImpl.close(ClientCallImpl.java:546)
	at org.apache.ratis.thirdparty.io.grpc.internal.ClientCallImpl$ClientStreamListenerImpl.access$600(ClientCallImpl.java:467)
	at org.apache.ratis.thirdparty.io.grpc.internal.ClientCallImpl$ClientStreamListenerImpl$1StreamClosed.runInContext(ClientCallImpl.java:584)
	at org.apache.ratis.thirdparty.io.grpc.internal.ContextRunnable.run(ContextRunnable.java:37)
	at org.apache.ratis.thirdparty.io.grpc.internal.SerializingExecutor.run(SerializingExecutor.java:123)
	at java.util.concurrent.ThreadPoolExecutor.runWorker(ThreadPoolExecutor.java:1149)
	at java.util.concurrent.ThreadPoolExecutor$Worker.run(ThreadPoolExecutor.java:624)
	at java.lang.Thread.run(Thread.java:748)

Oct 25, 2019 11:08:09 AM org.apache.ratis.thirdparty.io.grpc.internal.SerializingExecutor run
SEVERE: Exception while executing runnable org.apache.ratis.thirdparty.io.grpc.internal.ServerImpl$JumpToApplicationThreadServerStreamListener$1Closed@335c3702
org.apache.ratis.thirdparty.io.grpc.StatusRuntimeException: CANCELLED: call already cancelled
	at org.apache.ratis.thirdparty.io.grpc.Status.asRuntimeException(Status.java:517)
	at org.apache.ratis.thirdparty.io.grpc.stub.ServerCalls$ServerCallStreamObserverImpl.onCompleted(ServerCalls.java:356)
	at org.apache.ratis.grpc.server.GrpcServerProtocolService$ServerRequestStreamObserver.onError(GrpcServerProtocolService.java:121)
	at org.apache.ratis.thirdparty.io.grpc.stub.ServerCalls$StreamingServerCallHandler$StreamingServerCallListener.onCancel(ServerCalls.java:269)
	at org.apache.ratis.thirdparty.io.grpc.internal.ServerCallImpl$ServerStreamListenerImpl.closed(ServerCallImpl.java:293)
	at org.apache.ratis.thirdparty.io.grpc.internal.ServerImpl$JumpToApplicationThreadServerStreamListener$1Closed.runInContext(ServerImpl.java:741)
	at org.apache.ratis.thirdparty.io.grpc.internal.ContextRunnable.run(ContextRunnable.java:37)
	at org.apache.ratis.thirdparty.io.grpc.internal.SerializingExecutor.run(SerializingExecutor.java:123)
	at java.util.concurrent.ThreadPoolExecutor.runWorker(ThreadPoolExecutor.java:1149)
	at java.util.concurrent.ThreadPoolExecutor$Worker.run(ThreadPoolExecutor.java:624)
	at java.lang.Thread.run(Thread.java:748)

Oct 25, 2019 11:08:09 AM org.apache.ratis.thirdparty.io.grpc.internal.SerializingExecutor run
SEVERE: Exception while executing runnable org.apache.ratis.thirdparty.io.grpc.internal.ClientCallImpl$ClientStreamListenerImpl$1StreamClosed@140e065e
java.lang.NullPointerException
	at org.apache.ratis.grpc.server.GrpcLogAppender$AppendLogResponseHandler.onError(GrpcLogAppender.java:303)
	at org.apache.ratis.thirdparty.io.grpc.stub.ClientCalls$StreamObserverToCallListenerAdapter.onClose(ClientCalls.java:434)
	at org.apache.ratis.thirdparty.io.grpc.PartialForwardingClientCallListener.onClose(PartialForwardingClientCallListener.java:39)
	at org.apache.ratis.thirdparty.io.grpc.ForwardingClientCallListener.onClose(ForwardingClientCallListener.java:23)
	at org.apache.ratis.thirdparty.io.grpc.ForwardingClientCallListener$SimpleForwardingClientCallListener.onClose(ForwardingClientCallListener.java:40)
	at org.apache.ratis.thirdparty.io.grpc.internal.CensusStatsModule$StatsClientInterceptor$1$1.onClose(CensusStatsModule.java:678)
	at org.apache.ratis.thirdparty.io.grpc.PartialForwardingClientCallListener.onClose(PartialForwardingClientCallListener.java:39)
	at org.apache.ratis.thirdparty.io.grpc.ForwardingClientCallListener.onClose(ForwardingClientCallListener.java:23)
	at org.apache.ratis.thirdparty.io.grpc.ForwardingClientCallListener$SimpleForwardingClientCallListener.onClose(ForwardingClientCallListener.java:40)
	at org.apache.ratis.thirdparty.io.grpc.internal.CensusTracingModule$TracingClientInterceptor$1$1.onClose(CensusTracingModule.java:397)
	at org.apache.ratis.thirdparty.io.grpc.internal.ClientCallImpl.closeObserver(ClientCallImpl.java:459)
	at org.apache.ratis.thirdparty.io.grpc.internal.ClientCallImpl.access$300(ClientCallImpl.java:63)
	at org.apache.ratis.thirdparty.io.grpc.internal.ClientCallImpl$ClientStreamListenerImpl.close(ClientCallImpl.java:546)
	at org.apache.ratis.thirdparty.io.grpc.internal.ClientCallImpl$ClientStreamListenerImpl.access$600(ClientCallImpl.java:467)
	at org.apache.ratis.thirdparty.io.grpc.internal.ClientCallImpl$ClientStreamListenerImpl$1StreamClosed.runInContext(ClientCallImpl.java:584)
	at org.apache.ratis.thirdparty.io.grpc.internal.ContextRunnable.run(ContextRunnable.java:37)
	at org.apache.ratis.thirdparty.io.grpc.internal.SerializingExecutor.run(SerializingExecutor.java:123)
	at java.util.concurrent.ThreadPoolExecutor.runWorker(ThreadPoolExecutor.java:1149)
	at java.util.concurrent.ThreadPoolExecutor$Worker.run(ThreadPoolExecutor.java:624)
	at java.lang.Thread.run(Thread.java:748)

]]></system-err>
  </testcase>
  <testcase name="testWriteSmallFile" classname="org.apache.hadoop.ozone.client.rpc.TestFailureHandlingByClient" time="89.059"/>
  <testcase name="testBlockWritesWithDnFailures" classname="org.apache.hadoop.ozone.client.rpc.TestFailureHandlingByClient" time="55.577"/>
  <testcase name="testDatanodeExclusionWithMajorityCommit" classname="org.apache.hadoop.ozone.client.rpc.TestFailureHandlingByClient" time="59.265"/>
</testsuite>