<?xml version="1.0" encoding="UTF-8"?>
<testsuite xmlns:xsi="http://www.w3.org/2001/XMLSchema-instance" xsi:noNamespaceSchemaLocation="https://maven.apache.org/surefire/maven-surefire-plugin/xsd/surefire-test-report.xsd" name="org.apache.hadoop.ozone.client.rpc.TestDeleteWithSlowFollower" time="132.948" tests="1" errors="0" skipped="0" failures="1">
  <properties>
    <property name="awt.toolkit" value="sun.awt.X11.XToolkit"/>
    <property name="file.encoding.pkg" value="sun.io"/>
    <property name="java.specification.version" value="1.8"/>
    <property name="sun.cpu.isalist" value=""/>
    <property name="sun.jnu.encoding" value="ANSI_X3.4-1968"/>
    <property name="java.class.path" value="/workdir/hadoop-ozone/integration-test/target/test-classes:/workdir/hadoop-ozone/integration-test/target/classes:/home/user/.m2/repository/org/apache/hadoop/hadoop-ozone-common/0.5.0-SNAPSHOT/hadoop-ozone-common-0.5.0-SNAPSHOT.jar:/home/user/.m2/repository/org/apache/commons/commons-compress/1.4.1/commons-compress-1.4.1.jar:/home/user/.m2/repository/org/tukaani/xz/1.0/xz-1.0.jar:/home/user/.m2/repository/org/apache/hadoop/hadoop-common/3.2.0/hadoop-common-3.2.0.jar:/home/user/.m2/repository/org/apache/hadoop/hadoop-hdfs/3.2.0/hadoop-hdfs-3.2.0.jar:/home/user/.m2/repository/org/apache/hadoop/hadoop-hdfs-client/3.2.0/hadoop-hdfs-client-3.2.0.jar:/home/user/.m2/repository/com/fasterxml/jackson/core/jackson-annotations/2.9.9/jackson-annotations-2.9.9.jar:/home/user/.m2/repository/org/apache/hadoop/hadoop-hdds-common/0.5.0-SNAPSHOT/hadoop-hdds-common-0.5.0-SNAPSHOT.jar:/home/user/.m2/repository/javax/annotation/javax.annotation-api/1.2/javax.annotation-api-1.2.jar:/home/user/.m2/repository/org/apache/ratis/ratis-server/0.5.0-3f446aa-SNAPSHOT/ratis-server-0.5.0-3f446aa-SNAPSHOT.jar:/home/user/.m2/repository/org/apache/ratis/ratis-thirdparty-misc/0.2.0/ratis-thirdparty-misc-0.2.0.jar:/home/user/.m2/repository/org/apache/ratis/ratis-proto/0.5.0-3f446aa-SNAPSHOT/ratis-proto-0.5.0-3f446aa-SNAPSHOT.jar:/home/user/.m2/repository/org/apache/ratis/ratis-common/0.5.0-3f446aa-SNAPSHOT/ratis-common-0.5.0-3f446aa-SNAPSHOT.jar:/home/user/.m2/repository/org/apache/ratis/ratis-client/0.5.0-3f446aa-SNAPSHOT/ratis-client-0.5.0-3f446aa-SNAPSHOT.jar:/home/user/.m2/repository/org/apache/ratis/ratis-metrics/0.5.0-3f446aa-SNAPSHOT/ratis-metrics-0.5.0-3f446aa-SNAPSHOT.jar:/home/user/.m2/repository/com/github/joshelser/dropwizard-metrics-hadoop-metrics2-reporter/0.1.2/dropwizard-metrics-hadoop-metrics2-reporter-0.1.2.jar:/home/user/.m2/repository/io/dropwizard/metrics/metrics-jvm/3.2.5/metrics-jvm-3.2.5.jar:/home/user/.m2/repository/io/dropwizard/metrics/metrics-ganglia/3.2.5/metrics-ganglia-3.2.5.jar:/home/user/.m2/repository/info/ganglia/gmetric4j/gmetric4j/1.0.7/gmetric4j-1.0.7.jar:/home/user/.m2/repository/org/apache/ratis/ratis-netty/0.5.0-3f446aa-SNAPSHOT/ratis-netty-0.5.0-3f446aa-SNAPSHOT.jar:/home/user/.m2/repository/org/apache/ratis/ratis-grpc/0.5.0-3f446aa-SNAPSHOT/ratis-grpc-0.5.0-3f446aa-SNAPSHOT.jar:/home/user/.m2/repository/org/rocksdb/rocksdbjni/6.0.1/rocksdbjni-6.0.1.jar:/home/user/.m2/repository/org/apache/logging/log4j/log4j-api/2.11.0/log4j-api-2.11.0.jar:/home/user/.m2/repository/org/apache/logging/log4j/log4j-core/2.11.0/log4j-core-2.11.0.jar:/home/user/.m2/repository/com/lmax/disruptor/3.4.2/disruptor-3.4.2.jar:/home/user/.m2/repository/org/apache/commons/commons-pool2/2.6.0/commons-pool2-2.6.0.jar:/home/user/.m2/repository/org/bouncycastle/bcpkix-jdk15on/1.60/bcpkix-jdk15on-1.60.jar:/home/user/.m2/repository/commons-validator/commons-validator/1.6/commons-validator-1.6.jar:/home/user/.m2/repository/commons-digester/commons-digester/1.8.1/commons-digester-1.8.1.jar:/home/user/.m2/repository/io/jaegertracing/jaeger-client/0.34.0/jaeger-client-0.34.0.jar:/home/user/.m2/repository/io/jaegertracing/jaeger-thrift/0.34.0/jaeger-thrift-0.34.0.jar:/home/user/.m2/repository/org/apache/thrift/libthrift/0.12.0/libthrift-0.12.0.jar:/home/user/.m2/repository/com/squareup/okhttp3/okhttp/3.9.0/okhttp-3.9.0.jar:/home/user/.m2/repository/com/squareup/okio/okio/1.13.0/okio-1.13.0.jar:/home/user/.m2/repository/io/jaegertracing/jaeger-core/0.34.0/jaeger-core-0.34.0.jar:/home/user/.m2/repository/io/jaegertracing/jaeger-tracerresolver/0.34.0/jaeger-tracerresolver-0.34.0.jar:/home/user/.m2/repository/io/opentracing/contrib/opentracing-tracerresolver/0.1.5/opentracing-tracerresolver-0.1.5.jar:/home/user/.m2/repository/io/opentracing/opentracing-util/0.31.0/opentracing-util-0.31.0.jar:/home/user/.m2/repository/io/opentracing/opentracing-api/0.31.0/opentracing-api-0.31.0.jar:/home/user/.m2/repository/io/opentracing/opentracing-noop/0.31.0/opentracing-noop-0.31.0.jar:/home/user/.m2/repository/org/apache/hadoop/hadoop-hdds-server-framework/0.5.0-SNAPSHOT/hadoop-hdds-server-framework-0.5.0-SNAPSHOT.jar:/home/user/.m2/repository/org/apache/hadoop/hadoop-hdds-container-service/0.5.0-SNAPSHOT/hadoop-hdds-container-service-0.5.0-SNAPSHOT.jar:/home/user/.m2/repository/org/apache/hadoop/hadoop-hdds-client/0.5.0-SNAPSHOT/hadoop-hdds-client-0.5.0-SNAPSHOT.jar:/home/user/.m2/repository/org/apache/hadoop/hadoop-hdds-tools/0.5.0-SNAPSHOT/hadoop-hdds-tools-0.5.0-SNAPSHOT.jar:/home/user/.m2/repository/org/apache/hadoop/hadoop-hdds-server-scm/0.5.0-SNAPSHOT/hadoop-hdds-server-scm-0.5.0-SNAPSHOT.jar:/home/user/.m2/repository/org/apache/hadoop/hadoop-hdds-docs/0.5.0-SNAPSHOT/hadoop-hdds-docs-0.5.0-SNAPSHOT.jar:/home/user/.m2/repository/io/dropwizard/metrics/metrics-core/3.2.4/metrics-core-3.2.4.jar:/home/user/.m2/repository/org/hamcrest/hamcrest-all/1.3/hamcrest-all-1.3.jar:/home/user/.m2/repository/org/bouncycastle/bcprov-jdk15on/1.60/bcprov-jdk15on-1.60.jar:/home/user/.m2/repository/info/picocli/picocli/3.9.6/picocli-3.9.6.jar:/home/user/.m2/repository/com/google/protobuf/protobuf-java/2.5.0/protobuf-java-2.5.0.jar:/home/user/.m2/repository/com/google/guava/guava/11.0.2/guava-11.0.2.jar:/home/user/.m2/repository/org/apache/hadoop/hadoop-ozone-ozone-manager/0.5.0-SNAPSHOT/hadoop-ozone-ozone-manager-0.5.0-SNAPSHOT.jar:/home/user/.m2/repository/org/apache/hadoop/hadoop-minikdc/3.2.0/hadoop-minikdc-3.2.0.jar:/home/user/.m2/repository/commons-io/commons-io/2.5/commons-io-2.5.jar:/home/user/.m2/repository/org/apache/kerby/kerb-simplekdc/1.0.1/kerb-simplekdc-1.0.1.jar:/home/user/.m2/repository/org/apache/kerby/kerb-client/1.0.1/kerb-client-1.0.1.jar:/home/user/.m2/repository/org/apache/kerby/kerby-config/1.0.1/kerby-config-1.0.1.jar:/home/user/.m2/repository/org/apache/kerby/kerb-core/1.0.1/kerb-core-1.0.1.jar:/home/user/.m2/repository/org/apache/kerby/kerby-pkix/1.0.1/kerby-pkix-1.0.1.jar:/home/user/.m2/repository/org/apache/kerby/kerby-asn1/1.0.1/kerby-asn1-1.0.1.jar:/home/user/.m2/repository/org/apache/kerby/kerby-util/1.0.1/kerby-util-1.0.1.jar:/home/user/.m2/repository/org/apache/kerby/kerb-common/1.0.1/kerb-common-1.0.1.jar:/home/user/.m2/repository/org/apache/kerby/kerb-crypto/1.0.1/kerb-crypto-1.0.1.jar:/home/user/.m2/repository/org/apache/kerby/kerb-util/1.0.1/kerb-util-1.0.1.jar:/home/user/.m2/repository/org/apache/kerby/token-provider/1.0.1/token-provider-1.0.1.jar:/home/user/.m2/repository/org/apache/kerby/kerb-admin/1.0.1/kerb-admin-1.0.1.jar:/home/user/.m2/repository/org/apache/kerby/kerb-server/1.0.1/kerb-server-1.0.1.jar:/home/user/.m2/repository/org/apache/kerby/kerb-identity/1.0.1/kerb-identity-1.0.1.jar:/home/user/.m2/repository/org/apache/kerby/kerby-xdr/1.0.1/kerby-xdr-1.0.1.jar:/home/user/.m2/repository/org/slf4j/slf4j-log4j12/1.7.25/slf4j-log4j12-1.7.25.jar:/home/user/.m2/repository/org/apache/hadoop/hadoop-ozone-s3gateway/0.5.0-SNAPSHOT/hadoop-ozone-s3gateway-0.5.0-SNAPSHOT.jar:/home/user/.m2/repository/org/jboss/weld/servlet/weld-servlet/2.4.7.Final/weld-servlet-2.4.7.Final.jar:/home/user/.m2/repository/org/glassfish/jersey/containers/jersey-container-servlet-core/2.27/jersey-container-servlet-core-2.27.jar:/home/user/.m2/repository/org/glassfish/hk2/external/javax.inject/2.5.0-b42/javax.inject-2.5.0-b42.jar:/home/user/.m2/repository/org/glassfish/jersey/core/jersey-common/2.27/jersey-common-2.27.jar:/home/user/.m2/repository/org/glassfish/hk2/osgi-resource-locator/1.0.1/osgi-resource-locator-1.0.1.jar:/home/user/.m2/repository/javax/ws/rs/javax.ws.rs-api/2.1/javax.ws.rs-api-2.1.jar:/home/user/.m2/repository/org/glassfish/jersey/ext/cdi/jersey-cdi1x/2.27/jersey-cdi1x-2.27.jar:/home/user/.m2/repository/org/glassfish/jersey/inject/jersey-hk2/2.27/jersey-hk2-2.27.jar:/home/user/.m2/repository/org/glassfish/hk2/hk2-locator/2.5.0-b42/hk2-locator-2.5.0-b42.jar:/home/user/.m2/repository/org/javassist/javassist/3.22.0-CR2/javassist-3.22.0-CR2.jar:/home/user/.m2/repository/org/glassfish/hk2/hk2-api/2.5.0/hk2-api-2.5.0.jar:/home/user/.m2/repository/org/glassfish/hk2/external/jakarta.inject/2.5.0/jakarta.inject-2.5.0.jar:/home/user/.m2/repository/org/glassfish/hk2/hk2-utils/2.5.0/hk2-utils-2.5.0.jar:/home/user/.m2/repository/jakarta/annotation/jakarta.annotation-api/1.3.4/jakarta.annotation-api-1.3.4.jar:/home/user/.m2/repository/org/glassfish/hk2/external/aopalliance-repackaged/2.5.0/aopalliance-repackaged-2.5.0.jar:/home/user/.m2/repository/com/fasterxml/jackson/dataformat/jackson-dataformat-xml/2.9.0/jackson-dataformat-xml-2.9.0.jar:/home/user/.m2/repository/com/fasterxml/jackson/core/jackson-core/2.9.9/jackson-core-2.9.9.jar:/home/user/.m2/repository/com/fasterxml/jackson/module/jackson-module-jaxb-annotations/2.9.9/jackson-module-jaxb-annotations-2.9.9.jar:/home/user/.m2/repository/javax/enterprise/cdi-api/1.2/cdi-api-1.2.jar:/home/user/.m2/repository/javax/el/javax.el-api/3.0.0/javax.el-api-3.0.0.jar:/home/user/.m2/repository/javax/interceptor/javax.interceptor-api/1.2/javax.interceptor-api-1.2.jar:/home/user/.m2/repository/javax/inject/javax.inject/1/javax.inject-1.jar:/home/user/.m2/repository/com/sun/xml/bind/jaxb-impl/2.3.0.1/jaxb-impl-2.3.0.1.jar:/home/user/.m2/repository/com/sun/xml/bind/jaxb-core/2.3.0.1/jaxb-core-2.3.0.1.jar:/home/user/.m2/repository/javax/xml/bind/jaxb-api/2.3.0/jaxb-api-2.3.0.jar:/home/user/.m2/repository/javax/activation/activation/1.1.1/activation-1.1.1.jar:/home/user/.m2/repository/org/apache/hadoop/hadoop-ozone-csi/0.5.0-SNAPSHOT/hadoop-ozone-csi-0.5.0-SNAPSHOT.jar:/home/user/.m2/repository/com/google/protobuf/protobuf-java-util/3.5.1/protobuf-java-util-3.5.1.jar:/home/user/.m2/repository/org/apache/hadoop/hadoop-hdds-config/0.5.0-SNAPSHOT/hadoop-hdds-config-0.5.0-SNAPSHOT.jar:/home/user/.m2/repository/io/grpc/grpc-netty/1.17.1/grpc-netty-1.17.1.jar:/home/user/.m2/repository/io/grpc/grpc-core/1.17.1/grpc-core-1.17.1.jar:/home/user/.m2/repository/io/grpc/grpc-context/1.17.1/grpc-context-1.17.1.jar:/home/user/.m2/repository/com/google/errorprone/error_prone_annotations/2.2.0/error_prone_annotations-2.2.0.jar:/home/user/.m2/repository/org/codehaus/mojo/animal-sniffer-annotations/1.17/animal-sniffer-annotations-1.17.jar:/home/user/.m2/repository/io/opencensus/opencensus-api/0.17.0/opencensus-api-0.17.0.jar:/home/user/.m2/repository/io/opencensus/opencensus-contrib-grpc-metrics/0.17.0/opencensus-contrib-grpc-metrics-0.17.0.jar:/home/user/.m2/repository/io/netty/netty-codec-http2/4.1.30.Final/netty-codec-http2-4.1.30.Final.jar:/home/user/.m2/repository/io/netty/netty-codec-http/4.1.30.Final/netty-codec-http-4.1.30.Final.jar:/home/user/.m2/repository/io/netty/netty-codec/4.1.30.Final/netty-codec-4.1.30.Final.jar:/home/user/.m2/repository/io/netty/netty-handler/4.1.30.Final/netty-handler-4.1.30.Final.jar:/home/user/.m2/repository/io/netty/netty-handler-proxy/4.1.30.Final/netty-handler-proxy-4.1.30.Final.jar:/home/user/.m2/repository/io/netty/netty-codec-socks/4.1.30.Final/netty-codec-socks-4.1.30.Final.jar:/home/user/.m2/repository/io/netty/netty-transport-native-epoll/4.1.30.Final/netty-transport-native-epoll-4.1.30.Final.jar:/home/user/.m2/repository/io/netty/netty-common/4.1.30.Final/netty-common-4.1.30.Final.jar:/home/user/.m2/repository/io/netty/netty-buffer/4.1.30.Final/netty-buffer-4.1.30.Final.jar:/home/user/.m2/repository/io/netty/netty-transport/4.1.30.Final/netty-transport-4.1.30.Final.jar:/home/user/.m2/repository/io/netty/netty-resolver/4.1.30.Final/netty-resolver-4.1.30.Final.jar:/home/user/.m2/repository/io/netty/netty-transport-native-unix-common/4.1.30.Final/netty-transport-native-unix-common-4.1.30.Final.jar:/home/user/.m2/repository/io/grpc/grpc-protobuf/1.17.1/grpc-protobuf-1.17.1.jar:/home/user/.m2/repository/com/google/api/grpc/proto-google-common-protos/1.0.0/proto-google-common-protos-1.0.0.jar:/home/user/.m2/repository/io/grpc/grpc-protobuf-lite/1.17.1/grpc-protobuf-lite-1.17.1.jar:/home/user/.m2/repository/io/grpc/grpc-stub/1.17.1/grpc-stub-1.17.1.jar:/home/user/.m2/repository/org/apache/hadoop/hadoop-ozone-recon/0.5.0-SNAPSHOT/hadoop-ozone-recon-0.5.0-SNAPSHOT.jar:/home/user/.m2/repository/org/apache/hadoop/hadoop-ozone-reconcodegen/0.5.0-SNAPSHOT/hadoop-ozone-reconcodegen-0.5.0-SNAPSHOT.jar:/home/user/.m2/repository/com/google/inject/extensions/guice-multibindings/4.0/guice-multibindings-4.0.jar:/home/user/.m2/repository/com/google/inject/guice/4.0/guice-4.0.jar:/home/user/.m2/repository/aopalliance/aopalliance/1.0/aopalliance-1.0.jar:/home/user/.m2/repository/com/google/inject/extensions/guice-servlet/4.0/guice-servlet-4.0.jar:/home/user/.m2/repository/org/glassfish/jersey/containers/jersey-container-servlet/2.27/jersey-container-servlet-2.27.jar:/home/user/.m2/repository/org/glassfish/hk2/guice-bridge/2.5.0/guice-bridge-2.5.0.jar:/home/user/.m2/repository/org/glassfish/jersey/core/jersey-server/2.27/jersey-server-2.27.jar:/home/user/.m2/repository/org/glassfish/jersey/core/jersey-client/2.27/jersey-client-2.27.jar:/home/user/.m2/repository/org/glassfish/jersey/media/jersey-media-jaxb/2.27/jersey-media-jaxb-2.27.jar:/home/user/.m2/repository/javax/validation/validation-api/1.1.0.Final/validation-api-1.1.0.Final.jar:/home/user/.m2/repository/org/glassfish/jersey/media/jersey-media-json-jackson/2.27/jersey-media-json-jackson-2.27.jar:/home/user/.m2/repository/org/glassfish/jersey/ext/jersey-entity-filtering/2.27/jersey-entity-filtering-2.27.jar:/home/user/.m2/repository/com/google/inject/extensions/guice-assistedinject/4.0/guice-assistedinject-4.0.jar:/home/user/.m2/repository/org/jooq/jooq/3.11.10/jooq-3.11.10.jar:/home/user/.m2/repository/org/jooq/jooq-meta/3.11.10/jooq-meta-3.11.10.jar:/home/user/.m2/repository/org/jooq/jooq-codegen/3.11.10/jooq-codegen-3.11.10.jar:/home/user/.m2/repository/com/jolbox/bonecp/0.8.0.RELEASE/bonecp-0.8.0.RELEASE.jar:/home/user/.m2/repository/org/xerial/sqlite-jdbc/3.25.2/sqlite-jdbc-3.25.2.jar:/home/user/.m2/repository/org/springframework/spring-jdbc/5.1.3.RELEASE/spring-jdbc-5.1.3.RELEASE.jar:/home/user/.m2/repository/org/springframework/spring-beans/5.1.3.RELEASE/spring-beans-5.1.3.RELEASE.jar:/home/user/.m2/repository/org/springframework/spring-core/5.1.3.RELEASE/spring-core-5.1.3.RELEASE.jar:/home/user/.m2/repository/org/springframework/spring-jcl/5.1.3.RELEASE/spring-jcl-5.1.3.RELEASE.jar:/home/user/.m2/repository/org/springframework/spring-tx/5.1.3.RELEASE/spring-tx-5.1.3.RELEASE.jar:/home/user/.m2/repository/org/apache/hadoop/hadoop-ozone-client/0.5.0-SNAPSHOT/hadoop-ozone-client-0.5.0-SNAPSHOT.jar:/home/user/.m2/repository/commons-lang/commons-lang/2.6/commons-lang-2.6.jar:/home/user/.m2/repository/org/apache/hadoop/hadoop-ozone-ozone-manager/0.5.0-SNAPSHOT/hadoop-ozone-ozone-manager-0.5.0-SNAPSHOT-tests.jar:/home/user/.m2/repository/junit/junit/4.11/junit-4.11.jar:/home/user/.m2/repository/org/hamcrest/hamcrest-core/1.3/hamcrest-core-1.3.jar:/home/user/.m2/repository/org/openjdk/jmh/jmh-core/1.19/jmh-core-1.19.jar:/home/user/.m2/repository/net/sf/jopt-simple/jopt-simple/4.6/jopt-simple-4.6.jar:/home/user/.m2/repository/org/apache/commons/commons-math3/3.1.1/commons-math3-3.1.1.jar:/home/user/.m2/repository/org/openjdk/jmh/jmh-generator-annprocess/1.19/jmh-generator-annprocess-1.19.jar:/home/user/.m2/repository/org/mockito/mockito-all/1.8.5/mockito-all-1.8.5.jar:/home/user/.m2/repository/org/apache/hadoop/hadoop-kms/3.2.0/hadoop-kms-3.2.0.jar:/home/user/.m2/repository/org/apache/hadoop/hadoop-auth/3.2.0/hadoop-auth-3.2.0.jar:/home/user/.m2/repository/com/nimbusds/nimbus-jose-jwt/4.41.1/nimbus-jose-jwt-4.41.1.jar:/home/user/.m2/repository/com/github/stephenc/jcip/jcip-annotations/1.0-1/jcip-annotations-1.0-1.jar:/home/user/.m2/repository/net/minidev/json-smart/2.3/json-smart-2.3.jar:/home/user/.m2/repository/net/minidev/accessors-smart/1.2/accessors-smart-1.2.jar:/home/user/.m2/repository/org/ow2/asm/asm/5.0.4/asm-5.0.4.jar:/home/user/.m2/repository/org/apache/curator/curator-framework/2.12.0/curator-framework-2.12.0.jar:/home/user/.m2/repository/com/sun/jersey/jersey-core/1.19/jersey-core-1.19.jar:/home/user/.m2/repository/javax/ws/rs/jsr311-api/1.1.1/jsr311-api-1.1.1.jar:/home/user/.m2/repository/com/sun/jersey/jersey-server/1.19/jersey-server-1.19.jar:/home/user/.m2/repository/javax/servlet/javax.servlet-api/3.1.0/javax.servlet-api-3.1.0.jar:/home/user/.m2/repository/org/eclipse/jetty/jetty-server/9.3.25.v20180904/jetty-server-9.3.25.v20180904.jar:/home/user/.m2/repository/org/eclipse/jetty/jetty-http/9.3.25.v20180904/jetty-http-9.3.25.v20180904.jar:/home/user/.m2/repository/org/eclipse/jetty/jetty-io/9.3.25.v20180904/jetty-io-9.3.25.v20180904.jar:/home/user/.m2/repository/org/eclipse/jetty/jetty-webapp/9.3.25.v20180904/jetty-webapp-9.3.25.v20180904.jar:/home/user/.m2/repository/org/eclipse/jetty/jetty-xml/9.3.25.v20180904/jetty-xml-9.3.25.v20180904.jar:/home/user/.m2/repository/log4j/log4j/1.2.17/log4j-1.2.17.jar:/home/user/.m2/repository/org/slf4j/slf4j-api/1.7.25/slf4j-api-1.7.25.jar:/home/user/.m2/repository/org/slf4j/jul-to-slf4j/1.7.25/jul-to-slf4j-1.7.25.jar:/home/user/.m2/repository/org/eclipse/jetty/jetty-util/9.3.25.v20180904/jetty-util-9.3.25.v20180904.jar:/home/user/.m2/repository/com/fasterxml/jackson/core/jackson-databind/2.9.9/jackson-databind-2.9.9.jar:/home/user/.m2/repository/org/apache/hadoop/hadoop-kms/3.2.0/hadoop-kms-3.2.0-tests.jar:/home/user/.m2/repository/org/apache/hadoop/hadoop-hdds-server-scm/0.5.0-SNAPSHOT/hadoop-hdds-server-scm-0.5.0-SNAPSHOT-tests.jar:/home/user/.m2/repository/org/apache/hadoop/hadoop-hdds-container-service/0.5.0-SNAPSHOT/hadoop-hdds-container-service-0.5.0-SNAPSHOT-tests.jar:/home/user/.m2/repository/org/yaml/snakeyaml/1.16/snakeyaml-1.16.jar:/home/user/.m2/repository/org/apache/hadoop/hadoop-common/3.2.0/hadoop-common-3.2.0-tests.jar:/home/user/.m2/repository/org/apache/hadoop/hadoop-annotations/3.2.0/hadoop-annotations-3.2.0.jar:/usr/lib/jvm/java-1.8.0-openjdk-1.8.0.222.b10-1.el7_7.x86_64/jre/../lib/tools.jar:/home/user/.m2/repository/commons-cli/commons-cli/1.2/commons-cli-1.2.jar:/home/user/.m2/repository/org/apache/httpcomponents/httpclient/4.5.2/httpclient-4.5.2.jar:/home/user/.m2/repository/org/apache/httpcomponents/httpcore/4.4.4/httpcore-4.4.4.jar:/home/user/.m2/repository/commons-codec/commons-codec/1.11/commons-codec-1.11.jar:/home/user/.m2/repository/commons-net/commons-net/3.6/commons-net-3.6.jar:/home/user/.m2/repository/commons-collections/commons-collections/3.2.2/commons-collections-3.2.2.jar:/home/user/.m2/repository/org/eclipse/jetty/jetty-servlet/9.3.25.v20180904/jetty-servlet-9.3.25.v20180904.jar:/home/user/.m2/repository/org/eclipse/jetty/jetty-security/9.3.25.v20180904/jetty-security-9.3.25.v20180904.jar:/home/user/.m2/repository/javax/servlet/jsp/jsp-api/2.1/jsp-api-2.1.jar:/home/user/.m2/repository/com/sun/jersey/jersey-servlet/1.19/jersey-servlet-1.19.jar:/home/user/.m2/repository/com/sun/jersey/jersey-json/1.19/jersey-json-1.19.jar:/home/user/.m2/repository/org/codehaus/jettison/jettison/1.1/jettison-1.1.jar:/home/user/.m2/repository/org/codehaus/jackson/jackson-core-asl/1.9.13/jackson-core-asl-1.9.13.jar:/home/user/.m2/repository/org/codehaus/jackson/jackson-mapper-asl/1.9.13/jackson-mapper-asl-1.9.13.jar:/home/user/.m2/repository/org/codehaus/jackson/jackson-jaxrs/1.9.13/jackson-jaxrs-1.9.13.jar:/home/user/.m2/repository/org/codehaus/jackson/jackson-xc/1.9.13/jackson-xc-1.9.13.jar:/home/user/.m2/repository/commons-logging/commons-logging/1.1.3/commons-logging-1.1.3.jar:/home/user/.m2/repository/commons-beanutils/commons-beanutils/1.9.4/commons-beanutils-1.9.4.jar:/home/user/.m2/repository/org/apache/commons/commons-configuration2/2.1.1/commons-configuration2-2.1.1.jar:/home/user/.m2/repository/org/apache/commons/commons-lang3/3.7/commons-lang3-3.7.jar:/home/user/.m2/repository/org/apache/commons/commons-text/1.4/commons-text-1.4.jar:/home/user/.m2/repository/org/apache/avro/avro/1.7.7/avro-1.7.7.jar:/home/user/.m2/repository/com/thoughtworks/paranamer/paranamer/2.3/paranamer-2.3.jar:/home/user/.m2/repository/org/xerial/snappy/snappy-java/1.0.5/snappy-java-1.0.5.jar:/home/user/.m2/repository/com/google/re2j/re2j/1.1/re2j-1.1.jar:/home/user/.m2/repository/com/google/code/gson/gson/2.2.4/gson-2.2.4.jar:/home/user/.m2/repository/com/jcraft/jsch/0.1.54/jsch-0.1.54.jar:/home/user/.m2/repository/org/apache/curator/curator-client/2.12.0/curator-client-2.12.0.jar:/home/user/.m2/repository/org/apache/curator/curator-recipes/2.12.0/curator-recipes-2.12.0.jar:/home/user/.m2/repository/com/google/code/findbugs/jsr305/3.0.0/jsr305-3.0.0.jar:/home/user/.m2/repository/org/apache/htrace/htrace-core4/4.1.0-incubating/htrace-core4-4.1.0-incubating.jar:/home/user/.m2/repository/org/apache/zookeeper/zookeeper/3.4.13/zookeeper-3.4.13.jar:/home/user/.m2/repository/jline/jline/0.9.94/jline-0.9.94.jar:/home/user/.m2/repository/org/apache/yetus/audience-annotations/0.5.0/audience-annotations-0.5.0.jar:/home/user/.m2/repository/org/codehaus/woodstox/stax2-api/3.1.4/stax2-api-3.1.4.jar:/home/user/.m2/repository/com/fasterxml/woodstox/woodstox-core/5.0.3/woodstox-core-5.0.3.jar:/home/user/.m2/repository/dnsjava/dnsjava/2.1.7/dnsjava-2.1.7.jar:/home/user/.m2/repository/org/apache/hadoop/hadoop-hdfs/3.2.0/hadoop-hdfs-3.2.0-tests.jar:/home/user/.m2/repository/org/eclipse/jetty/jetty-util-ajax/9.3.25.v20180904/jetty-util-ajax-9.3.25.v20180904.jar:/home/user/.m2/repository/commons-daemon/commons-daemon/1.0.13/commons-daemon-1.0.13.jar:/home/user/.m2/repository/io/netty/netty/3.10.5.Final/netty-3.10.5.Final.jar:/home/user/.m2/repository/io/netty/netty-all/4.0.52.Final/netty-all-4.0.52.Final.jar:/home/user/.m2/repository/org/fusesource/leveldbjni/leveldbjni-all/1.8/leveldbjni-all-1.8.jar:"/>
    <property name="java.vm.vendor" value="Oracle Corporation"/>
    <property name="sun.arch.data.model" value="64"/>
    <property name="test.build.dir" value="/workdir/hadoop-ozone/integration-test/target/test-dir"/>
    <property name="test.cache.data" value=""/>
    <property name="java.vendor.url" value="http://java.oracle.com/"/>
    <property name="user.timezone" value=""/>
    <property name="java.vm.specification.version" value="1.8"/>
    <property name="os.name" value="Linux"/>
    <property name="test.build.data" value="/workdir/hadoop-ozone/integration-test/target/test-dir"/>
    <property name="user.country" value="US"/>
    <property name="sun.java.launcher" value="SUN_STANDARD"/>
    <property name="sun.boot.library.path" value="/usr/lib/jvm/java-1.8.0-openjdk-1.8.0.222.b10-1.el7_7.x86_64/jre/lib/amd64"/>
    <property name="sun.java.command" value="/workdir/hadoop-ozone/integration-test/target/surefire/surefirebooter8313011824694693123.jar /workdir/hadoop-ozone/integration-test/target/surefire 2019-10-25T10-19-10_089-jvmRun1 surefire3787047449142740928tmp surefire_304283060342013814422tmp"/>
    <property name="surefire.test.class.path" value="/workdir/hadoop-ozone/integration-test/target/test-classes:/workdir/hadoop-ozone/integration-test/target/classes:/home/user/.m2/repository/org/apache/hadoop/hadoop-ozone-common/0.5.0-SNAPSHOT/hadoop-ozone-common-0.5.0-SNAPSHOT.jar:/home/user/.m2/repository/org/apache/commons/commons-compress/1.4.1/commons-compress-1.4.1.jar:/home/user/.m2/repository/org/tukaani/xz/1.0/xz-1.0.jar:/home/user/.m2/repository/org/apache/hadoop/hadoop-common/3.2.0/hadoop-common-3.2.0.jar:/home/user/.m2/repository/org/apache/hadoop/hadoop-hdfs/3.2.0/hadoop-hdfs-3.2.0.jar:/home/user/.m2/repository/org/apache/hadoop/hadoop-hdfs-client/3.2.0/hadoop-hdfs-client-3.2.0.jar:/home/user/.m2/repository/com/fasterxml/jackson/core/jackson-annotations/2.9.9/jackson-annotations-2.9.9.jar:/home/user/.m2/repository/org/apache/hadoop/hadoop-hdds-common/0.5.0-SNAPSHOT/hadoop-hdds-common-0.5.0-SNAPSHOT.jar:/home/user/.m2/repository/javax/annotation/javax.annotation-api/1.2/javax.annotation-api-1.2.jar:/home/user/.m2/repository/org/apache/ratis/ratis-server/0.5.0-3f446aa-SNAPSHOT/ratis-server-0.5.0-3f446aa-SNAPSHOT.jar:/home/user/.m2/repository/org/apache/ratis/ratis-thirdparty-misc/0.2.0/ratis-thirdparty-misc-0.2.0.jar:/home/user/.m2/repository/org/apache/ratis/ratis-proto/0.5.0-3f446aa-SNAPSHOT/ratis-proto-0.5.0-3f446aa-SNAPSHOT.jar:/home/user/.m2/repository/org/apache/ratis/ratis-common/0.5.0-3f446aa-SNAPSHOT/ratis-common-0.5.0-3f446aa-SNAPSHOT.jar:/home/user/.m2/repository/org/apache/ratis/ratis-client/0.5.0-3f446aa-SNAPSHOT/ratis-client-0.5.0-3f446aa-SNAPSHOT.jar:/home/user/.m2/repository/org/apache/ratis/ratis-metrics/0.5.0-3f446aa-SNAPSHOT/ratis-metrics-0.5.0-3f446aa-SNAPSHOT.jar:/home/user/.m2/repository/com/github/joshelser/dropwizard-metrics-hadoop-metrics2-reporter/0.1.2/dropwizard-metrics-hadoop-metrics2-reporter-0.1.2.jar:/home/user/.m2/repository/io/dropwizard/metrics/metrics-jvm/3.2.5/metrics-jvm-3.2.5.jar:/home/user/.m2/repository/io/dropwizard/metrics/metrics-ganglia/3.2.5/metrics-ganglia-3.2.5.jar:/home/user/.m2/repository/info/ganglia/gmetric4j/gmetric4j/1.0.7/gmetric4j-1.0.7.jar:/home/user/.m2/repository/org/apache/ratis/ratis-netty/0.5.0-3f446aa-SNAPSHOT/ratis-netty-0.5.0-3f446aa-SNAPSHOT.jar:/home/user/.m2/repository/org/apache/ratis/ratis-grpc/0.5.0-3f446aa-SNAPSHOT/ratis-grpc-0.5.0-3f446aa-SNAPSHOT.jar:/home/user/.m2/repository/org/rocksdb/rocksdbjni/6.0.1/rocksdbjni-6.0.1.jar:/home/user/.m2/repository/org/apache/logging/log4j/log4j-api/2.11.0/log4j-api-2.11.0.jar:/home/user/.m2/repository/org/apache/logging/log4j/log4j-core/2.11.0/log4j-core-2.11.0.jar:/home/user/.m2/repository/com/lmax/disruptor/3.4.2/disruptor-3.4.2.jar:/home/user/.m2/repository/org/apache/commons/commons-pool2/2.6.0/commons-pool2-2.6.0.jar:/home/user/.m2/repository/org/bouncycastle/bcpkix-jdk15on/1.60/bcpkix-jdk15on-1.60.jar:/home/user/.m2/repository/commons-validator/commons-validator/1.6/commons-validator-1.6.jar:/home/user/.m2/repository/commons-digester/commons-digester/1.8.1/commons-digester-1.8.1.jar:/home/user/.m2/repository/io/jaegertracing/jaeger-client/0.34.0/jaeger-client-0.34.0.jar:/home/user/.m2/repository/io/jaegertracing/jaeger-thrift/0.34.0/jaeger-thrift-0.34.0.jar:/home/user/.m2/repository/org/apache/thrift/libthrift/0.12.0/libthrift-0.12.0.jar:/home/user/.m2/repository/com/squareup/okhttp3/okhttp/3.9.0/okhttp-3.9.0.jar:/home/user/.m2/repository/com/squareup/okio/okio/1.13.0/okio-1.13.0.jar:/home/user/.m2/repository/io/jaegertracing/jaeger-core/0.34.0/jaeger-core-0.34.0.jar:/home/user/.m2/repository/io/jaegertracing/jaeger-tracerresolver/0.34.0/jaeger-tracerresolver-0.34.0.jar:/home/user/.m2/repository/io/opentracing/contrib/opentracing-tracerresolver/0.1.5/opentracing-tracerresolver-0.1.5.jar:/home/user/.m2/repository/io/opentracing/opentracing-util/0.31.0/opentracing-util-0.31.0.jar:/home/user/.m2/repository/io/opentracing/opentracing-api/0.31.0/opentracing-api-0.31.0.jar:/home/user/.m2/repository/io/opentracing/opentracing-noop/0.31.0/opentracing-noop-0.31.0.jar:/home/user/.m2/repository/org/apache/hadoop/hadoop-hdds-server-framework/0.5.0-SNAPSHOT/hadoop-hdds-server-framework-0.5.0-SNAPSHOT.jar:/home/user/.m2/repository/org/apache/hadoop/hadoop-hdds-container-service/0.5.0-SNAPSHOT/hadoop-hdds-container-service-0.5.0-SNAPSHOT.jar:/home/user/.m2/repository/org/apache/hadoop/hadoop-hdds-client/0.5.0-SNAPSHOT/hadoop-hdds-client-0.5.0-SNAPSHOT.jar:/home/user/.m2/repository/org/apache/hadoop/hadoop-hdds-tools/0.5.0-SNAPSHOT/hadoop-hdds-tools-0.5.0-SNAPSHOT.jar:/home/user/.m2/repository/org/apache/hadoop/hadoop-hdds-server-scm/0.5.0-SNAPSHOT/hadoop-hdds-server-scm-0.5.0-SNAPSHOT.jar:/home/user/.m2/repository/org/apache/hadoop/hadoop-hdds-docs/0.5.0-SNAPSHOT/hadoop-hdds-docs-0.5.0-SNAPSHOT.jar:/home/user/.m2/repository/io/dropwizard/metrics/metrics-core/3.2.4/metrics-core-3.2.4.jar:/home/user/.m2/repository/org/hamcrest/hamcrest-all/1.3/hamcrest-all-1.3.jar:/home/user/.m2/repository/org/bouncycastle/bcprov-jdk15on/1.60/bcprov-jdk15on-1.60.jar:/home/user/.m2/repository/info/picocli/picocli/3.9.6/picocli-3.9.6.jar:/home/user/.m2/repository/com/google/protobuf/protobuf-java/2.5.0/protobuf-java-2.5.0.jar:/home/user/.m2/repository/com/google/guava/guava/11.0.2/guava-11.0.2.jar:/home/user/.m2/repository/org/apache/hadoop/hadoop-ozone-ozone-manager/0.5.0-SNAPSHOT/hadoop-ozone-ozone-manager-0.5.0-SNAPSHOT.jar:/home/user/.m2/repository/org/apache/hadoop/hadoop-minikdc/3.2.0/hadoop-minikdc-3.2.0.jar:/home/user/.m2/repository/commons-io/commons-io/2.5/commons-io-2.5.jar:/home/user/.m2/repository/org/apache/kerby/kerb-simplekdc/1.0.1/kerb-simplekdc-1.0.1.jar:/home/user/.m2/repository/org/apache/kerby/kerb-client/1.0.1/kerb-client-1.0.1.jar:/home/user/.m2/repository/org/apache/kerby/kerby-config/1.0.1/kerby-config-1.0.1.jar:/home/user/.m2/repository/org/apache/kerby/kerb-core/1.0.1/kerb-core-1.0.1.jar:/home/user/.m2/repository/org/apache/kerby/kerby-pkix/1.0.1/kerby-pkix-1.0.1.jar:/home/user/.m2/repository/org/apache/kerby/kerby-asn1/1.0.1/kerby-asn1-1.0.1.jar:/home/user/.m2/repository/org/apache/kerby/kerby-util/1.0.1/kerby-util-1.0.1.jar:/home/user/.m2/repository/org/apache/kerby/kerb-common/1.0.1/kerb-common-1.0.1.jar:/home/user/.m2/repository/org/apache/kerby/kerb-crypto/1.0.1/kerb-crypto-1.0.1.jar:/home/user/.m2/repository/org/apache/kerby/kerb-util/1.0.1/kerb-util-1.0.1.jar:/home/user/.m2/repository/org/apache/kerby/token-provider/1.0.1/token-provider-1.0.1.jar:/home/user/.m2/repository/org/apache/kerby/kerb-admin/1.0.1/kerb-admin-1.0.1.jar:/home/user/.m2/repository/org/apache/kerby/kerb-server/1.0.1/kerb-server-1.0.1.jar:/home/user/.m2/repository/org/apache/kerby/kerb-identity/1.0.1/kerb-identity-1.0.1.jar:/home/user/.m2/repository/org/apache/kerby/kerby-xdr/1.0.1/kerby-xdr-1.0.1.jar:/home/user/.m2/repository/org/slf4j/slf4j-log4j12/1.7.25/slf4j-log4j12-1.7.25.jar:/home/user/.m2/repository/org/apache/hadoop/hadoop-ozone-s3gateway/0.5.0-SNAPSHOT/hadoop-ozone-s3gateway-0.5.0-SNAPSHOT.jar:/home/user/.m2/repository/org/jboss/weld/servlet/weld-servlet/2.4.7.Final/weld-servlet-2.4.7.Final.jar:/home/user/.m2/repository/org/glassfish/jersey/containers/jersey-container-servlet-core/2.27/jersey-container-servlet-core-2.27.jar:/home/user/.m2/repository/org/glassfish/hk2/external/javax.inject/2.5.0-b42/javax.inject-2.5.0-b42.jar:/home/user/.m2/repository/org/glassfish/jersey/core/jersey-common/2.27/jersey-common-2.27.jar:/home/user/.m2/repository/org/glassfish/hk2/osgi-resource-locator/1.0.1/osgi-resource-locator-1.0.1.jar:/home/user/.m2/repository/javax/ws/rs/javax.ws.rs-api/2.1/javax.ws.rs-api-2.1.jar:/home/user/.m2/repository/org/glassfish/jersey/ext/cdi/jersey-cdi1x/2.27/jersey-cdi1x-2.27.jar:/home/user/.m2/repository/org/glassfish/jersey/inject/jersey-hk2/2.27/jersey-hk2-2.27.jar:/home/user/.m2/repository/org/glassfish/hk2/hk2-locator/2.5.0-b42/hk2-locator-2.5.0-b42.jar:/home/user/.m2/repository/org/javassist/javassist/3.22.0-CR2/javassist-3.22.0-CR2.jar:/home/user/.m2/repository/org/glassfish/hk2/hk2-api/2.5.0/hk2-api-2.5.0.jar:/home/user/.m2/repository/org/glassfish/hk2/external/jakarta.inject/2.5.0/jakarta.inject-2.5.0.jar:/home/user/.m2/repository/org/glassfish/hk2/hk2-utils/2.5.0/hk2-utils-2.5.0.jar:/home/user/.m2/repository/jakarta/annotation/jakarta.annotation-api/1.3.4/jakarta.annotation-api-1.3.4.jar:/home/user/.m2/repository/org/glassfish/hk2/external/aopalliance-repackaged/2.5.0/aopalliance-repackaged-2.5.0.jar:/home/user/.m2/repository/com/fasterxml/jackson/dataformat/jackson-dataformat-xml/2.9.0/jackson-dataformat-xml-2.9.0.jar:/home/user/.m2/repository/com/fasterxml/jackson/core/jackson-core/2.9.9/jackson-core-2.9.9.jar:/home/user/.m2/repository/com/fasterxml/jackson/module/jackson-module-jaxb-annotations/2.9.9/jackson-module-jaxb-annotations-2.9.9.jar:/home/user/.m2/repository/javax/enterprise/cdi-api/1.2/cdi-api-1.2.jar:/home/user/.m2/repository/javax/el/javax.el-api/3.0.0/javax.el-api-3.0.0.jar:/home/user/.m2/repository/javax/interceptor/javax.interceptor-api/1.2/javax.interceptor-api-1.2.jar:/home/user/.m2/repository/javax/inject/javax.inject/1/javax.inject-1.jar:/home/user/.m2/repository/com/sun/xml/bind/jaxb-impl/2.3.0.1/jaxb-impl-2.3.0.1.jar:/home/user/.m2/repository/com/sun/xml/bind/jaxb-core/2.3.0.1/jaxb-core-2.3.0.1.jar:/home/user/.m2/repository/javax/xml/bind/jaxb-api/2.3.0/jaxb-api-2.3.0.jar:/home/user/.m2/repository/javax/activation/activation/1.1.1/activation-1.1.1.jar:/home/user/.m2/repository/org/apache/hadoop/hadoop-ozone-csi/0.5.0-SNAPSHOT/hadoop-ozone-csi-0.5.0-SNAPSHOT.jar:/home/user/.m2/repository/com/google/protobuf/protobuf-java-util/3.5.1/protobuf-java-util-3.5.1.jar:/home/user/.m2/repository/org/apache/hadoop/hadoop-hdds-config/0.5.0-SNAPSHOT/hadoop-hdds-config-0.5.0-SNAPSHOT.jar:/home/user/.m2/repository/io/grpc/grpc-netty/1.17.1/grpc-netty-1.17.1.jar:/home/user/.m2/repository/io/grpc/grpc-core/1.17.1/grpc-core-1.17.1.jar:/home/user/.m2/repository/io/grpc/grpc-context/1.17.1/grpc-context-1.17.1.jar:/home/user/.m2/repository/com/google/errorprone/error_prone_annotations/2.2.0/error_prone_annotations-2.2.0.jar:/home/user/.m2/repository/org/codehaus/mojo/animal-sniffer-annotations/1.17/animal-sniffer-annotations-1.17.jar:/home/user/.m2/repository/io/opencensus/opencensus-api/0.17.0/opencensus-api-0.17.0.jar:/home/user/.m2/repository/io/opencensus/opencensus-contrib-grpc-metrics/0.17.0/opencensus-contrib-grpc-metrics-0.17.0.jar:/home/user/.m2/repository/io/netty/netty-codec-http2/4.1.30.Final/netty-codec-http2-4.1.30.Final.jar:/home/user/.m2/repository/io/netty/netty-codec-http/4.1.30.Final/netty-codec-http-4.1.30.Final.jar:/home/user/.m2/repository/io/netty/netty-codec/4.1.30.Final/netty-codec-4.1.30.Final.jar:/home/user/.m2/repository/io/netty/netty-handler/4.1.30.Final/netty-handler-4.1.30.Final.jar:/home/user/.m2/repository/io/netty/netty-handler-proxy/4.1.30.Final/netty-handler-proxy-4.1.30.Final.jar:/home/user/.m2/repository/io/netty/netty-codec-socks/4.1.30.Final/netty-codec-socks-4.1.30.Final.jar:/home/user/.m2/repository/io/netty/netty-transport-native-epoll/4.1.30.Final/netty-transport-native-epoll-4.1.30.Final.jar:/home/user/.m2/repository/io/netty/netty-common/4.1.30.Final/netty-common-4.1.30.Final.jar:/home/user/.m2/repository/io/netty/netty-buffer/4.1.30.Final/netty-buffer-4.1.30.Final.jar:/home/user/.m2/repository/io/netty/netty-transport/4.1.30.Final/netty-transport-4.1.30.Final.jar:/home/user/.m2/repository/io/netty/netty-resolver/4.1.30.Final/netty-resolver-4.1.30.Final.jar:/home/user/.m2/repository/io/netty/netty-transport-native-unix-common/4.1.30.Final/netty-transport-native-unix-common-4.1.30.Final.jar:/home/user/.m2/repository/io/grpc/grpc-protobuf/1.17.1/grpc-protobuf-1.17.1.jar:/home/user/.m2/repository/com/google/api/grpc/proto-google-common-protos/1.0.0/proto-google-common-protos-1.0.0.jar:/home/user/.m2/repository/io/grpc/grpc-protobuf-lite/1.17.1/grpc-protobuf-lite-1.17.1.jar:/home/user/.m2/repository/io/grpc/grpc-stub/1.17.1/grpc-stub-1.17.1.jar:/home/user/.m2/repository/org/apache/hadoop/hadoop-ozone-recon/0.5.0-SNAPSHOT/hadoop-ozone-recon-0.5.0-SNAPSHOT.jar:/home/user/.m2/repository/org/apache/hadoop/hadoop-ozone-reconcodegen/0.5.0-SNAPSHOT/hadoop-ozone-reconcodegen-0.5.0-SNAPSHOT.jar:/home/user/.m2/repository/com/google/inject/extensions/guice-multibindings/4.0/guice-multibindings-4.0.jar:/home/user/.m2/repository/com/google/inject/guice/4.0/guice-4.0.jar:/home/user/.m2/repository/aopalliance/aopalliance/1.0/aopalliance-1.0.jar:/home/user/.m2/repository/com/google/inject/extensions/guice-servlet/4.0/guice-servlet-4.0.jar:/home/user/.m2/repository/org/glassfish/jersey/containers/jersey-container-servlet/2.27/jersey-container-servlet-2.27.jar:/home/user/.m2/repository/org/glassfish/hk2/guice-bridge/2.5.0/guice-bridge-2.5.0.jar:/home/user/.m2/repository/org/glassfish/jersey/core/jersey-server/2.27/jersey-server-2.27.jar:/home/user/.m2/repository/org/glassfish/jersey/core/jersey-client/2.27/jersey-client-2.27.jar:/home/user/.m2/repository/org/glassfish/jersey/media/jersey-media-jaxb/2.27/jersey-media-jaxb-2.27.jar:/home/user/.m2/repository/javax/validation/validation-api/1.1.0.Final/validation-api-1.1.0.Final.jar:/home/user/.m2/repository/org/glassfish/jersey/media/jersey-media-json-jackson/2.27/jersey-media-json-jackson-2.27.jar:/home/user/.m2/repository/org/glassfish/jersey/ext/jersey-entity-filtering/2.27/jersey-entity-filtering-2.27.jar:/home/user/.m2/repository/com/google/inject/extensions/guice-assistedinject/4.0/guice-assistedinject-4.0.jar:/home/user/.m2/repository/org/jooq/jooq/3.11.10/jooq-3.11.10.jar:/home/user/.m2/repository/org/jooq/jooq-meta/3.11.10/jooq-meta-3.11.10.jar:/home/user/.m2/repository/org/jooq/jooq-codegen/3.11.10/jooq-codegen-3.11.10.jar:/home/user/.m2/repository/com/jolbox/bonecp/0.8.0.RELEASE/bonecp-0.8.0.RELEASE.jar:/home/user/.m2/repository/org/xerial/sqlite-jdbc/3.25.2/sqlite-jdbc-3.25.2.jar:/home/user/.m2/repository/org/springframework/spring-jdbc/5.1.3.RELEASE/spring-jdbc-5.1.3.RELEASE.jar:/home/user/.m2/repository/org/springframework/spring-beans/5.1.3.RELEASE/spring-beans-5.1.3.RELEASE.jar:/home/user/.m2/repository/org/springframework/spring-core/5.1.3.RELEASE/spring-core-5.1.3.RELEASE.jar:/home/user/.m2/repository/org/springframework/spring-jcl/5.1.3.RELEASE/spring-jcl-5.1.3.RELEASE.jar:/home/user/.m2/repository/org/springframework/spring-tx/5.1.3.RELEASE/spring-tx-5.1.3.RELEASE.jar:/home/user/.m2/repository/org/apache/hadoop/hadoop-ozone-client/0.5.0-SNAPSHOT/hadoop-ozone-client-0.5.0-SNAPSHOT.jar:/home/user/.m2/repository/commons-lang/commons-lang/2.6/commons-lang-2.6.jar:/home/user/.m2/repository/org/apache/hadoop/hadoop-ozone-ozone-manager/0.5.0-SNAPSHOT/hadoop-ozone-ozone-manager-0.5.0-SNAPSHOT-tests.jar:/home/user/.m2/repository/junit/junit/4.11/junit-4.11.jar:/home/user/.m2/repository/org/hamcrest/hamcrest-core/1.3/hamcrest-core-1.3.jar:/home/user/.m2/repository/org/openjdk/jmh/jmh-core/1.19/jmh-core-1.19.jar:/home/user/.m2/repository/net/sf/jopt-simple/jopt-simple/4.6/jopt-simple-4.6.jar:/home/user/.m2/repository/org/apache/commons/commons-math3/3.1.1/commons-math3-3.1.1.jar:/home/user/.m2/repository/org/openjdk/jmh/jmh-generator-annprocess/1.19/jmh-generator-annprocess-1.19.jar:/home/user/.m2/repository/org/mockito/mockito-all/1.8.5/mockito-all-1.8.5.jar:/home/user/.m2/repository/org/apache/hadoop/hadoop-kms/3.2.0/hadoop-kms-3.2.0.jar:/home/user/.m2/repository/org/apache/hadoop/hadoop-auth/3.2.0/hadoop-auth-3.2.0.jar:/home/user/.m2/repository/com/nimbusds/nimbus-jose-jwt/4.41.1/nimbus-jose-jwt-4.41.1.jar:/home/user/.m2/repository/com/github/stephenc/jcip/jcip-annotations/1.0-1/jcip-annotations-1.0-1.jar:/home/user/.m2/repository/net/minidev/json-smart/2.3/json-smart-2.3.jar:/home/user/.m2/repository/net/minidev/accessors-smart/1.2/accessors-smart-1.2.jar:/home/user/.m2/repository/org/ow2/asm/asm/5.0.4/asm-5.0.4.jar:/home/user/.m2/repository/org/apache/curator/curator-framework/2.12.0/curator-framework-2.12.0.jar:/home/user/.m2/repository/com/sun/jersey/jersey-core/1.19/jersey-core-1.19.jar:/home/user/.m2/repository/javax/ws/rs/jsr311-api/1.1.1/jsr311-api-1.1.1.jar:/home/user/.m2/repository/com/sun/jersey/jersey-server/1.19/jersey-server-1.19.jar:/home/user/.m2/repository/javax/servlet/javax.servlet-api/3.1.0/javax.servlet-api-3.1.0.jar:/home/user/.m2/repository/org/eclipse/jetty/jetty-server/9.3.25.v20180904/jetty-server-9.3.25.v20180904.jar:/home/user/.m2/repository/org/eclipse/jetty/jetty-http/9.3.25.v20180904/jetty-http-9.3.25.v20180904.jar:/home/user/.m2/repository/org/eclipse/jetty/jetty-io/9.3.25.v20180904/jetty-io-9.3.25.v20180904.jar:/home/user/.m2/repository/org/eclipse/jetty/jetty-webapp/9.3.25.v20180904/jetty-webapp-9.3.25.v20180904.jar:/home/user/.m2/repository/org/eclipse/jetty/jetty-xml/9.3.25.v20180904/jetty-xml-9.3.25.v20180904.jar:/home/user/.m2/repository/log4j/log4j/1.2.17/log4j-1.2.17.jar:/home/user/.m2/repository/org/slf4j/slf4j-api/1.7.25/slf4j-api-1.7.25.jar:/home/user/.m2/repository/org/slf4j/jul-to-slf4j/1.7.25/jul-to-slf4j-1.7.25.jar:/home/user/.m2/repository/org/eclipse/jetty/jetty-util/9.3.25.v20180904/jetty-util-9.3.25.v20180904.jar:/home/user/.m2/repository/com/fasterxml/jackson/core/jackson-databind/2.9.9/jackson-databind-2.9.9.jar:/home/user/.m2/repository/org/apache/hadoop/hadoop-kms/3.2.0/hadoop-kms-3.2.0-tests.jar:/home/user/.m2/repository/org/apache/hadoop/hadoop-hdds-server-scm/0.5.0-SNAPSHOT/hadoop-hdds-server-scm-0.5.0-SNAPSHOT-tests.jar:/home/user/.m2/repository/org/apache/hadoop/hadoop-hdds-container-service/0.5.0-SNAPSHOT/hadoop-hdds-container-service-0.5.0-SNAPSHOT-tests.jar:/home/user/.m2/repository/org/yaml/snakeyaml/1.16/snakeyaml-1.16.jar:/home/user/.m2/repository/org/apache/hadoop/hadoop-common/3.2.0/hadoop-common-3.2.0-tests.jar:/home/user/.m2/repository/org/apache/hadoop/hadoop-annotations/3.2.0/hadoop-annotations-3.2.0.jar:/usr/lib/jvm/java-1.8.0-openjdk-1.8.0.222.b10-1.el7_7.x86_64/jre/../lib/tools.jar:/home/user/.m2/repository/commons-cli/commons-cli/1.2/commons-cli-1.2.jar:/home/user/.m2/repository/org/apache/httpcomponents/httpclient/4.5.2/httpclient-4.5.2.jar:/home/user/.m2/repository/org/apache/httpcomponents/httpcore/4.4.4/httpcore-4.4.4.jar:/home/user/.m2/repository/commons-codec/commons-codec/1.11/commons-codec-1.11.jar:/home/user/.m2/repository/commons-net/commons-net/3.6/commons-net-3.6.jar:/home/user/.m2/repository/commons-collections/commons-collections/3.2.2/commons-collections-3.2.2.jar:/home/user/.m2/repository/org/eclipse/jetty/jetty-servlet/9.3.25.v20180904/jetty-servlet-9.3.25.v20180904.jar:/home/user/.m2/repository/org/eclipse/jetty/jetty-security/9.3.25.v20180904/jetty-security-9.3.25.v20180904.jar:/home/user/.m2/repository/javax/servlet/jsp/jsp-api/2.1/jsp-api-2.1.jar:/home/user/.m2/repository/com/sun/jersey/jersey-servlet/1.19/jersey-servlet-1.19.jar:/home/user/.m2/repository/com/sun/jersey/jersey-json/1.19/jersey-json-1.19.jar:/home/user/.m2/repository/org/codehaus/jettison/jettison/1.1/jettison-1.1.jar:/home/user/.m2/repository/org/codehaus/jackson/jackson-core-asl/1.9.13/jackson-core-asl-1.9.13.jar:/home/user/.m2/repository/org/codehaus/jackson/jackson-mapper-asl/1.9.13/jackson-mapper-asl-1.9.13.jar:/home/user/.m2/repository/org/codehaus/jackson/jackson-jaxrs/1.9.13/jackson-jaxrs-1.9.13.jar:/home/user/.m2/repository/org/codehaus/jackson/jackson-xc/1.9.13/jackson-xc-1.9.13.jar:/home/user/.m2/repository/commons-logging/commons-logging/1.1.3/commons-logging-1.1.3.jar:/home/user/.m2/repository/commons-beanutils/commons-beanutils/1.9.4/commons-beanutils-1.9.4.jar:/home/user/.m2/repository/org/apache/commons/commons-configuration2/2.1.1/commons-configuration2-2.1.1.jar:/home/user/.m2/repository/org/apache/commons/commons-lang3/3.7/commons-lang3-3.7.jar:/home/user/.m2/repository/org/apache/commons/commons-text/1.4/commons-text-1.4.jar:/home/user/.m2/repository/org/apache/avro/avro/1.7.7/avro-1.7.7.jar:/home/user/.m2/repository/com/thoughtworks/paranamer/paranamer/2.3/paranamer-2.3.jar:/home/user/.m2/repository/org/xerial/snappy/snappy-java/1.0.5/snappy-java-1.0.5.jar:/home/user/.m2/repository/com/google/re2j/re2j/1.1/re2j-1.1.jar:/home/user/.m2/repository/com/google/code/gson/gson/2.2.4/gson-2.2.4.jar:/home/user/.m2/repository/com/jcraft/jsch/0.1.54/jsch-0.1.54.jar:/home/user/.m2/repository/org/apache/curator/curator-client/2.12.0/curator-client-2.12.0.jar:/home/user/.m2/repository/org/apache/curator/curator-recipes/2.12.0/curator-recipes-2.12.0.jar:/home/user/.m2/repository/com/google/code/findbugs/jsr305/3.0.0/jsr305-3.0.0.jar:/home/user/.m2/repository/org/apache/htrace/htrace-core4/4.1.0-incubating/htrace-core4-4.1.0-incubating.jar:/home/user/.m2/repository/org/apache/zookeeper/zookeeper/3.4.13/zookeeper-3.4.13.jar:/home/user/.m2/repository/jline/jline/0.9.94/jline-0.9.94.jar:/home/user/.m2/repository/org/apache/yetus/audience-annotations/0.5.0/audience-annotations-0.5.0.jar:/home/user/.m2/repository/org/codehaus/woodstox/stax2-api/3.1.4/stax2-api-3.1.4.jar:/home/user/.m2/repository/com/fasterxml/woodstox/woodstox-core/5.0.3/woodstox-core-5.0.3.jar:/home/user/.m2/repository/dnsjava/dnsjava/2.1.7/dnsjava-2.1.7.jar:/home/user/.m2/repository/org/apache/hadoop/hadoop-hdfs/3.2.0/hadoop-hdfs-3.2.0-tests.jar:/home/user/.m2/repository/org/eclipse/jetty/jetty-util-ajax/9.3.25.v20180904/jetty-util-ajax-9.3.25.v20180904.jar:/home/user/.m2/repository/commons-daemon/commons-daemon/1.0.13/commons-daemon-1.0.13.jar:/home/user/.m2/repository/io/netty/netty/3.10.5.Final/netty-3.10.5.Final.jar:/home/user/.m2/repository/io/netty/netty-all/4.0.52.Final/netty-all-4.0.52.Final.jar:/home/user/.m2/repository/org/fusesource/leveldbjni/leveldbjni-all/1.8/leveldbjni-all-1.8.jar:"/>
    <property name="sun.cpu.endian" value="little"/>
    <property name="user.home" value="/home/user"/>
    <property name="user.language" value="en"/>
    <property name="java.specification.vendor" value="Oracle Corporation"/>
    <property name="java.home" value="/usr/lib/jvm/java-1.8.0-openjdk-1.8.0.222.b10-1.el7_7.x86_64/jre"/>
    <property name="surefire.excludesFile" value="/tools/ozone-bad-unit-tests"/>
    <property name="java.security.krb5.conf" value="/workdir/hadoop-ozone/integration-test/target/test-classes/krb5.conf"/>
    <property name="basedir" value="/workdir/hadoop-ozone/integration-test"/>
    <property name="file.separator" value="/"/>
    <property name="line.separator" value="&#10;"/>
    <property name="java.vm.specification.vendor" value="Oracle Corporation"/>
    <property name="java.specification.name" value="Java Platform API Specification"/>
    <property name="java.awt.graphicsenv" value="sun.awt.X11GraphicsEnvironment"/>
    <property name="surefire.real.class.path" value="/workdir/hadoop-ozone/integration-test/target/surefire/surefirebooter8313011824694693123.jar"/>
    <property name="hadoop.log.dir" value="/workdir/hadoop-ozone/integration-test/target/log"/>
    <property name="sun.boot.class.path" value="/usr/lib/jvm/java-1.8.0-openjdk-1.8.0.222.b10-1.el7_7.x86_64/jre/lib/resources.jar:/usr/lib/jvm/java-1.8.0-openjdk-1.8.0.222.b10-1.el7_7.x86_64/jre/lib/rt.jar:/usr/lib/jvm/java-1.8.0-openjdk-1.8.0.222.b10-1.el7_7.x86_64/jre/lib/sunrsasign.jar:/usr/lib/jvm/java-1.8.0-openjdk-1.8.0.222.b10-1.el7_7.x86_64/jre/lib/jsse.jar:/usr/lib/jvm/java-1.8.0-openjdk-1.8.0.222.b10-1.el7_7.x86_64/jre/lib/jce.jar:/usr/lib/jvm/java-1.8.0-openjdk-1.8.0.222.b10-1.el7_7.x86_64/jre/lib/charsets.jar:/usr/lib/jvm/java-1.8.0-openjdk-1.8.0.222.b10-1.el7_7.x86_64/jre/lib/jfr.jar:/usr/lib/jvm/java-1.8.0-openjdk-1.8.0.222.b10-1.el7_7.x86_64/jre/classes"/>
    <property name="sun.management.compiler" value="HotSpot 64-Bit Tiered Compilers"/>
    <property name="java.runtime.version" value="1.8.0_222-b10"/>
    <property name="java.net.preferIPv4Stack" value="true"/>
    <property name="user.name" value="jenkins1000"/>
    <property name="path.separator" value=":"/>
    <property name="java.security.egd" value="file:///dev/urandom"/>
    <property name="os.version" value="3.10.0-957.12.2.el7.x86_64"/>
    <property name="java.endorsed.dirs" value="/usr/lib/jvm/java-1.8.0-openjdk-1.8.0.222.b10-1.el7_7.x86_64/jre/lib/endorsed"/>
    <property name="java.runtime.name" value="OpenJDK Runtime Environment"/>
    <property name="file.encoding" value="ANSI_X3.4-1968"/>
    <property name="java.vm.name" value="OpenJDK 64-Bit Server VM"/>
    <property name="test.build.webapps" value=""/>
    <property name="localRepository" value="/home/user/.m2/repository"/>
    <property name="java.vendor.url.bug" value="http://bugreport.sun.com/bugreport/"/>
    <property name="java.io.tmpdir" value="/tmp"/>
    <property name="require.test.libhadoop" value=""/>
    <property name="java.version" value="1.8.0_222"/>
    <property name="user.dir" value="/workdir/hadoop-ozone/integration-test"/>
    <property name="os.arch" value="amd64"/>
    <property name="java.vm.specification.name" value="Java Virtual Machine Specification"/>
    <property name="test.build.classes" value="/workdir/hadoop-ozone/integration-test/target/test-classes"/>
    <property name="java.awt.printerjob" value="sun.print.PSPrinterJob"/>
    <property name="sun.os.patch.level" value="unknown"/>
    <property name="hadoop.tmp.dir" value="/workdir/hadoop-ozone/integration-test/target/tmp"/>
    <property name="java.library.path" value="/usr/lib:/workdir/hadoop-ozone/integration-test/target/native/target/usr/local/lib:/workdir/hadoop-ozone/integration-test/../../hadoop-common-project/hadoop-common/target/native/target/usr/local/lib:/usr/java/packages/lib/amd64:/usr/lib64:/lib64:/lib:/usr/lib"/>
    <property name="java.vm.info" value="mixed mode"/>
    <property name="java.vendor" value="Oracle Corporation"/>
    <property name="java.vm.version" value="25.222-b10"/>
    <property name="java.ext.dirs" value="/usr/lib/jvm/java-1.8.0-openjdk-1.8.0.222.b10-1.el7_7.x86_64/jre/lib/ext:/usr/java/packages/lib/ext"/>
    <property name="sun.io.unicode.encoding" value="UnicodeLittle"/>
    <property name="java.class.version" value="52.0"/>
  </properties>
  <testcase name="testDeleteKeyWithSlowFollower" classname="org.apache.hadoop.ozone.client.rpc.TestDeleteWithSlowFollower" time="112.17">
    <failure type="java.lang.AssertionError">java.lang.AssertionError
	at org.junit.Assert.fail(Assert.java:86)
	at org.junit.Assert.assertTrue(Assert.java:41)
	at org.junit.Assert.assertTrue(Assert.java:52)
	at org.apache.hadoop.ozone.client.rpc.TestDeleteWithSlowFollower.testDeleteKeyWithSlowFollower(TestDeleteWithSlowFollower.java:265)
	at sun.reflect.NativeMethodAccessorImpl.invoke0(Native Method)
	at sun.reflect.NativeMethodAccessorImpl.invoke(NativeMethodAccessorImpl.java:62)
	at sun.reflect.DelegatingMethodAccessorImpl.invoke(DelegatingMethodAccessorImpl.java:43)
	at java.lang.reflect.Method.invoke(Method.java:498)
	at org.junit.runners.model.FrameworkMethod$1.runReflectiveCall(FrameworkMethod.java:47)
	at org.junit.internal.runners.model.ReflectiveCallable.run(ReflectiveCallable.java:12)
	at org.junit.runners.model.FrameworkMethod.invokeExplosively(FrameworkMethod.java:44)
	at org.junit.internal.runners.statements.InvokeMethod.evaluate(InvokeMethod.java:17)
	at org.junit.runners.ParentRunner.runLeaf(ParentRunner.java:271)
	at org.junit.runners.BlockJUnit4ClassRunner.runChild(BlockJUnit4ClassRunner.java:70)
	at org.junit.runners.BlockJUnit4ClassRunner.runChild(BlockJUnit4ClassRunner.java:50)
	at org.junit.runners.ParentRunner$3.run(ParentRunner.java:238)
	at org.junit.runners.ParentRunner$1.schedule(ParentRunner.java:63)
	at org.junit.runners.ParentRunner.runChildren(ParentRunner.java:236)
	at org.junit.runners.ParentRunner.access$000(ParentRunner.java:53)
	at org.junit.runners.ParentRunner$2.evaluate(ParentRunner.java:229)
	at org.junit.internal.runners.statements.RunBefores.evaluate(RunBefores.java:26)
	at org.junit.internal.runners.statements.RunAfters.evaluate(RunAfters.java:27)
	at org.junit.runners.ParentRunner.run(ParentRunner.java:309)
	at org.apache.maven.surefire.junit4.JUnit4Provider.execute(JUnit4Provider.java:365)
	at org.apache.maven.surefire.junit4.JUnit4Provider.executeWithRerun(JUnit4Provider.java:273)
	at org.apache.maven.surefire.junit4.JUnit4Provider.executeTestSet(JUnit4Provider.java:238)
	at org.apache.maven.surefire.junit4.JUnit4Provider.invoke(JUnit4Provider.java:159)
	at org.apache.maven.surefire.booter.ForkedBooter.invokeProviderInSameClassLoader(ForkedBooter.java:384)
	at org.apache.maven.surefire.booter.ForkedBooter.runSuitesInProcess(ForkedBooter.java:345)
	at org.apache.maven.surefire.booter.ForkedBooter.execute(ForkedBooter.java:126)
	at org.apache.maven.surefire.booter.ForkedBooter.main(ForkedBooter.java:418)
</failure>
    <system-out><![CDATA[2019-10-25 10:59:00,960 [main] WARN  server.ServerUtils (ServerUtils.java:getScmDbDir(145)) - ozone.scm.db.dirs is not configured. We recommend adding this setting. Falling back to ozone.metadata.dirs instead.
2019-10-25 10:59:01,089 [main] WARN  server.ServerUtils (ServerUtils.java:getScmDbDir(145)) - ozone.scm.db.dirs is not configured. We recommend adding this setting. Falling back to ozone.metadata.dirs instead.
2019-10-25 10:59:01,092 [main] WARN  server.ServerUtils (ServerUtils.java:getScmDbDir(145)) - ozone.scm.db.dirs is not configured. We recommend adding this setting. Falling back to ozone.metadata.dirs instead.
2019-10-25 10:59:01,120 [main] INFO  util.log (Log.java:initialized(192)) - Logging initialized @824ms
2019-10-25 10:59:01,217 [main] INFO  db.DBStoreBuilder (DBStoreBuilder.java:addTable(117)) - using custom profile for table: deletedBlocks
2019-10-25 10:59:01,217 [main] INFO  db.DBStoreBuilder (DBStoreBuilder.java:processTables(168)) - Using default column profile:DBProfile.DISK for Table:deletedBlocks
2019-10-25 10:59:01,217 [main] INFO  db.DBStoreBuilder (DBStoreBuilder.java:addTable(117)) - using custom profile for table: validCerts
2019-10-25 10:59:01,217 [main] INFO  db.DBStoreBuilder (DBStoreBuilder.java:processTables(168)) - Using default column profile:DBProfile.DISK for Table:validCerts
2019-10-25 10:59:01,218 [main] INFO  db.DBStoreBuilder (DBStoreBuilder.java:addTable(117)) - using custom profile for table: revokedCerts
2019-10-25 10:59:01,218 [main] INFO  db.DBStoreBuilder (DBStoreBuilder.java:processTables(168)) - Using default column profile:DBProfile.DISK for Table:revokedCerts
2019-10-25 10:59:01,229 [main] INFO  db.DBStoreBuilder (DBStoreBuilder.java:addTable(117)) - using custom profile for table: default
2019-10-25 10:59:01,229 [main] INFO  db.DBStoreBuilder (DBStoreBuilder.java:processTables(174)) - Using default column profile:DBProfile.DISK for Table:default
2019-10-25 10:59:01,230 [main] INFO  db.DBStoreBuilder (DBStoreBuilder.java:getDbProfile(205)) - Using default options. DBProfile.DISK
2019-10-25 10:59:01,458 [main] INFO  net.NodeSchemaLoader (NodeSchemaLoader.java:loadSchemaFromFile(125)) - Loading file from sun.misc.CompoundEnumeration@74235045
2019-10-25 10:59:01,460 [main] INFO  net.NodeSchemaLoader (NodeSchemaLoader.java:loadSchema(171)) - Loading network topology layer schema file
2019-10-25 10:59:01,517 [main] WARN  server.ServerUtils (ServerUtils.java:sanitizeUserArgs(70)) - ozone.scm.stale.node.interval value = 1000000 is larger than max = 100000 based on the key value of ozone.scm.heartbeat.thread.interval, reset to the max value 100000.
2019-10-25 10:59:01,519 [main] WARN  server.ServerUtils (ServerUtils.java:sanitizeUserArgs(70)) - ozone.scm.stale.node.interval value = 1000000 is larger than max = 100000 based on the key value of ozone.scm.heartbeat.thread.interval, reset to the max value 100000.
2019-10-25 10:59:01,522 [main] INFO  node.SCMNodeManager (SCMNodeManager.java:<init>(116)) - Entering startup safe mode.
2019-10-25 10:59:01,584 [main] INFO  algorithms.ContainerPlacementPolicyFactory (ContainerPlacementPolicyFactory.java:getPolicy(57)) - Create container placement policy of type org.apache.hadoop.hdds.scm.container.placement.algorithms.SCMContainerPlacementRandom
2019-10-25 10:59:01,596 [main] WARN  server.ServerUtils (ServerUtils.java:getScmDbDir(145)) - ozone.scm.db.dirs is not configured. We recommend adding this setting. Falling back to ozone.metadata.dirs instead.
2019-10-25 10:59:01,653 [main] INFO  pipeline.SCMPipelineManager (SCMPipelineManager.java:initializePipelineState(132)) - No pipeline exists in current db
2019-10-25 10:59:01,655 [main] WARN  server.ServerUtils (ServerUtils.java:getScmDbDir(145)) - ozone.scm.db.dirs is not configured. We recommend adding this setting. Falling back to ozone.metadata.dirs instead.
2019-10-25 10:59:01,765 [main] WARN  events.EventQueue (EventQueue.java:fireEvent(183)) - No event handler registered for event TypedEvent{payloadType=SafeModeStatus, name='SafeModeStatus'}
2019-10-25 10:59:02,144 [main] INFO  ipc.CallQueueManager (CallQueueManager.java:<init>(84)) - Using callQueue: class java.util.concurrent.LinkedBlockingQueue, queueCapacity: 2000, scheduler: class org.apache.hadoop.ipc.DefaultRpcScheduler, ipcBackoff: false.
2019-10-25 10:59:02,249 [Socket Reader #1 for port 41577] INFO  ipc.Server (Server.java:run(1074)) - Starting Socket Reader #1 for port 41577
2019-10-25 10:59:02,270 [main] INFO  ipc.CallQueueManager (CallQueueManager.java:<init>(84)) - Using callQueue: class java.util.concurrent.LinkedBlockingQueue, queueCapacity: 2000, scheduler: class org.apache.hadoop.ipc.DefaultRpcScheduler, ipcBackoff: false.
2019-10-25 10:59:02,271 [Socket Reader #1 for port 38715] INFO  ipc.Server (Server.java:run(1074)) - Starting Socket Reader #1 for port 38715
2019-10-25 10:59:02,277 [main] INFO  ipc.CallQueueManager (CallQueueManager.java:<init>(84)) - Using callQueue: class java.util.concurrent.LinkedBlockingQueue, queueCapacity: 2000, scheduler: class org.apache.hadoop.ipc.DefaultRpcScheduler, ipcBackoff: false.
2019-10-25 10:59:02,278 [Socket Reader #1 for port 35699] INFO  ipc.Server (Server.java:run(1074)) - Starting Socket Reader #1 for port 35699
2019-10-25 10:59:02,299 [main] INFO  hdfs.DFSUtil (DFSUtil.java:httpServerTemplateForNNAndJN(1641)) - Starting Web-server for scm at: http://0.0.0.0:0
2019-10-25 10:59:02,414 [main] INFO  server.AuthenticationFilter (AuthenticationFilter.java:constructSecretProvider(240)) - Unable to initialize FileSignerSecretProvider, falling back to use random secrets.
2019-10-25 10:59:02,421 [main] WARN  http.HttpRequestLog (HttpRequestLog.java:getRequestLog(97)) - Jetty request log can only be enabled using Log4j
2019-10-25 10:59:02,428 [main] INFO  http.HttpServer2 (HttpServer2.java:addGlobalFilter(975)) - Added global filter 'safety' (class=org.apache.hadoop.http.HttpServer2$QuotingInputFilter)
2019-10-25 10:59:02,431 [main] INFO  http.HttpServer2 (HttpServer2.java:addFilter(948)) - Added filter static_user_filter (class=org.apache.hadoop.http.lib.StaticUserWebFilter$StaticUserFilter) to context scm
2019-10-25 10:59:02,431 [main] INFO  http.HttpServer2 (HttpServer2.java:addFilter(958)) - Added filter static_user_filter (class=org.apache.hadoop.http.lib.StaticUserWebFilter$StaticUserFilter) to context logs
2019-10-25 10:59:02,431 [main] INFO  http.HttpServer2 (HttpServer2.java:addFilter(958)) - Added filter static_user_filter (class=org.apache.hadoop.http.lib.StaticUserWebFilter$StaticUserFilter) to context static
2019-10-25 10:59:02,460 [main] INFO  server.StorageContainerManager (StorageContainerManager.java:start(772)) - StorageContainerLocationProtocol RPC server is listening at /0.0.0.0:35699
2019-10-25 10:59:02,515 [main] WARN  impl.MetricsConfig (MetricsConfig.java:loadFirst(134)) - Cannot locate configuration: tried hadoop-metrics2-storagecontainermanager.properties,hadoop-metrics2.properties
2019-10-25 10:59:02,526 [main] INFO  impl.MetricsSystemImpl (MetricsSystemImpl.java:startTimer(374)) - Scheduled Metric snapshot period at 10 second(s).
2019-10-25 10:59:02,527 [main] INFO  impl.MetricsSystemImpl (MetricsSystemImpl.java:start(191)) - StorageContainerManager metrics system started
2019-10-25 10:59:02,720 [main] INFO  server.SCMClientProtocolServer (SCMClientProtocolServer.java:start(159)) - RPC server for Client  is listening at /0.0.0.0:35699
2019-10-25 10:59:02,720 [IPC Server Responder] INFO  ipc.Server (Server.java:run(1314)) - IPC Server Responder: starting
2019-10-25 10:59:02,720 [IPC Server listener on 35699] INFO  ipc.Server (Server.java:run(1153)) - IPC Server listener on 35699: starting
2019-10-25 10:59:02,723 [main] INFO  server.StorageContainerManager (StorageContainerManager.java:start(782)) - ScmBlockLocationProtocol RPC server is listening at /0.0.0.0:38715
2019-10-25 10:59:02,724 [main] INFO  server.SCMBlockProtocolServer (SCMBlockProtocolServer.java:start(146)) - RPC server for Block Protocol is listening at /0.0.0.0:38715
2019-10-25 10:59:02,724 [IPC Server Responder] INFO  ipc.Server (Server.java:run(1314)) - IPC Server Responder: starting
2019-10-25 10:59:02,724 [IPC Server listener on 38715] INFO  ipc.Server (Server.java:run(1153)) - IPC Server listener on 38715: starting
2019-10-25 10:59:02,727 [main] INFO  server.StorageContainerManager (StorageContainerManager.java:start(786)) - ScmDatanodeProtocl RPC server is listening at /0.0.0.0:41577
2019-10-25 10:59:02,727 [main] INFO  server.SCMDatanodeProtocolServer (SCMDatanodeProtocolServer.java:start(169)) - RPC server for DataNodes is listening at /0.0.0.0:41577
2019-10-25 10:59:02,728 [IPC Server Responder] INFO  ipc.Server (Server.java:run(1314)) - IPC Server Responder: starting
2019-10-25 10:59:02,728 [IPC Server listener on 41577] INFO  ipc.Server (Server.java:run(1153)) - IPC Server listener on 41577: starting
2019-10-25 10:59:02,731 [main] INFO  http.HttpServer2 (HttpServer2.java:bindListener(1191)) - Jetty bound to port 33646
2019-10-25 10:59:02,733 [main] INFO  server.Server (Server.java:doStart(351)) - jetty-9.3.25.v20180904, build timestamp: 2018-09-04T21:11:46Z, git hash: 3ce520221d0240229c862b122d2b06c12a625732
2019-10-25 10:59:02,765 [main] INFO  handler.ContextHandler (ContextHandler.java:doStart(781)) - Started o.e.j.s.ServletContextHandler@42f8285e{/logs,file:///workdir/hadoop-ozone/integration-test/target/log,AVAILABLE}
2019-10-25 10:59:02,765 [main] INFO  handler.ContextHandler (ContextHandler.java:doStart(781)) - Started o.e.j.s.ServletContextHandler@3724af13{/static,file:///workdir/hadoop-ozone/integration-test/target/test-classes/webapps/static,AVAILABLE}
2019-10-25 10:59:02,793 [main] INFO  handler.ContextHandler (ContextHandler.java:doStart(781)) - Started o.e.j.w.WebAppContext@24a1c17f{/,file:///workdir/hadoop-ozone/integration-test/target/test-classes/webapps/scm/,AVAILABLE}{/scm}
2019-10-25 10:59:02,797 [main] INFO  server.AbstractConnector (AbstractConnector.java:doStart(278)) - Started ServerConnector@4d63b624{HTTP/1.1,[http/1.1]}{0.0.0.0:33646}
2019-10-25 10:59:02,798 [main] INFO  server.Server (Server.java:doStart(419)) - Started @2502ms
2019-10-25 10:59:02,800 [main] INFO  impl.MetricsSinkAdapter (MetricsSinkAdapter.java:start(204)) - Sink prometheus started
2019-10-25 10:59:02,800 [main] INFO  impl.MetricsSystemImpl (MetricsSystemImpl.java:registerSink(301)) - Registered sink prometheus
2019-10-25 10:59:02,801 [main] INFO  server.BaseHttpServer (BaseHttpServer.java:updateConnectorAddress(215)) - HTTP server of SCM is listening at http://0.0.0.0:33646
2019-10-25 10:59:02,806 [org.apache.hadoop.util.JvmPauseMonitor$Monitor@4b629f13] INFO  util.JvmPauseMonitor (JvmPauseMonitor.java:run(188)) - Starting JVM pause monitor
2019-10-25 10:59:02,808 [main] WARN  server.ServerUtils (ServerUtils.java:getDBPath(222)) - ozone.om.db.dirs is not configured. We recommend adding this setting. Falling back to ozone.metadata.dirs instead.
2019-10-25 10:59:02,906 [main] INFO  ha.OMHANodeDetails (OMHANodeDetails.java:loadOMHAConfig(190)) - Configuration either no ozone.om.address set. Falling back to the default OM address /127.0.0.1:0
2019-10-25 10:59:02,906 [main] INFO  ha.OMHANodeDetails (OMHANodeDetails.java:getOMNodeDetails(220)) - OM Service ID is not set. Setting it to the default ID: omServiceIdDefault
2019-10-25 10:59:02,908 [main] WARN  server.ServerUtils (ServerUtils.java:getDBPath(222)) - ozone.om.db.dirs is not configured. We recommend adding this setting. Falling back to ozone.metadata.dirs instead.
2019-10-25 10:59:02,909 [main] WARN  server.ServerUtils (ServerUtils.java:getDBPath(222)) - ozone.om.db.dirs is not configured. We recommend adding this setting. Falling back to ozone.metadata.dirs instead.
2019-10-25 10:59:03,483 [main] WARN  server.ServerUtils (ServerUtils.java:getDBPath(222)) - ozone.om.db.dirs is not configured. We recommend adding this setting. Falling back to ozone.metadata.dirs instead.
2019-10-25 10:59:03,491 [main] INFO  db.DBStoreBuilder (DBStoreBuilder.java:addTable(117)) - using custom profile for table: userTable
2019-10-25 10:59:03,491 [main] INFO  db.DBStoreBuilder (DBStoreBuilder.java:processTables(168)) - Using default column profile:DBProfile.DISK for Table:userTable
2019-10-25 10:59:03,492 [main] INFO  db.DBStoreBuilder (DBStoreBuilder.java:addTable(117)) - using custom profile for table: volumeTable
2019-10-25 10:59:03,492 [main] INFO  db.DBStoreBuilder (DBStoreBuilder.java:processTables(168)) - Using default column profile:DBProfile.DISK for Table:volumeTable
2019-10-25 10:59:03,492 [main] INFO  db.DBStoreBuilder (DBStoreBuilder.java:addTable(117)) - using custom profile for table: bucketTable
2019-10-25 10:59:03,492 [main] INFO  db.DBStoreBuilder (DBStoreBuilder.java:processTables(168)) - Using default column profile:DBProfile.DISK for Table:bucketTable
2019-10-25 10:59:03,493 [main] INFO  db.DBStoreBuilder (DBStoreBuilder.java:addTable(117)) - using custom profile for table: keyTable
2019-10-25 10:59:03,493 [main] INFO  db.DBStoreBuilder (DBStoreBuilder.java:processTables(168)) - Using default column profile:DBProfile.DISK for Table:keyTable
2019-10-25 10:59:03,493 [main] INFO  db.DBStoreBuilder (DBStoreBuilder.java:addTable(117)) - using custom profile for table: deletedTable
2019-10-25 10:59:03,493 [main] INFO  db.DBStoreBuilder (DBStoreBuilder.java:processTables(168)) - Using default column profile:DBProfile.DISK for Table:deletedTable
2019-10-25 10:59:03,493 [main] INFO  db.DBStoreBuilder (DBStoreBuilder.java:addTable(117)) - using custom profile for table: openKeyTable
2019-10-25 10:59:03,494 [main] INFO  db.DBStoreBuilder (DBStoreBuilder.java:processTables(168)) - Using default column profile:DBProfile.DISK for Table:openKeyTable
2019-10-25 10:59:03,494 [main] INFO  db.DBStoreBuilder (DBStoreBuilder.java:addTable(117)) - using custom profile for table: s3Table
2019-10-25 10:59:03,494 [main] INFO  db.DBStoreBuilder (DBStoreBuilder.java:processTables(168)) - Using default column profile:DBProfile.DISK for Table:s3Table
2019-10-25 10:59:03,494 [main] INFO  db.DBStoreBuilder (DBStoreBuilder.java:addTable(117)) - using custom profile for table: multipartInfoTable
2019-10-25 10:59:03,494 [main] INFO  db.DBStoreBuilder (DBStoreBuilder.java:processTables(168)) - Using default column profile:DBProfile.DISK for Table:multipartInfoTable
2019-10-25 10:59:03,495 [main] INFO  db.DBStoreBuilder (DBStoreBuilder.java:addTable(117)) - using custom profile for table: dTokenTable
2019-10-25 10:59:03,495 [main] INFO  db.DBStoreBuilder (DBStoreBuilder.java:processTables(168)) - Using default column profile:DBProfile.DISK for Table:dTokenTable
2019-10-25 10:59:03,495 [main] INFO  db.DBStoreBuilder (DBStoreBuilder.java:addTable(117)) - using custom profile for table: s3SecretTable
2019-10-25 10:59:03,495 [main] INFO  db.DBStoreBuilder (DBStoreBuilder.java:processTables(168)) - Using default column profile:DBProfile.DISK for Table:s3SecretTable
2019-10-25 10:59:03,496 [main] INFO  db.DBStoreBuilder (DBStoreBuilder.java:addTable(117)) - using custom profile for table: prefixTable
2019-10-25 10:59:03,496 [main] INFO  db.DBStoreBuilder (DBStoreBuilder.java:processTables(168)) - Using default column profile:DBProfile.DISK for Table:prefixTable
2019-10-25 10:59:03,496 [main] INFO  db.DBStoreBuilder (DBStoreBuilder.java:addTable(117)) - using custom profile for table: default
2019-10-25 10:59:03,496 [main] INFO  db.DBStoreBuilder (DBStoreBuilder.java:processTables(174)) - Using default column profile:DBProfile.DISK for Table:default
2019-10-25 10:59:03,496 [main] INFO  db.DBStoreBuilder (DBStoreBuilder.java:getDbProfile(205)) - Using default options. DBProfile.DISK
2019-10-25 10:59:03,860 [main] INFO  ipc.CallQueueManager (CallQueueManager.java:<init>(84)) - Using callQueue: class java.util.concurrent.LinkedBlockingQueue, queueCapacity: 2000, scheduler: class org.apache.hadoop.ipc.DefaultRpcScheduler, ipcBackoff: false.
2019-10-25 10:59:03,861 [Socket Reader #1 for port 34126] INFO  ipc.Server (Server.java:run(1074)) - Starting Socket Reader #1 for port 34126
2019-10-25 10:59:03,884 [main] INFO  om.OzoneManager (OzoneManager.java:start(1074)) - OzoneManager RPC server is listening at localhost/127.0.0.1:34126
2019-10-25 10:59:03,885 [main] INFO  impl.MetricsSystemImpl (MetricsSystemImpl.java:init(158)) - OzoneManager metrics system started (again)
2019-10-25 10:59:03,893 [IPC Server Responder] INFO  ipc.Server (Server.java:run(1314)) - IPC Server Responder: starting
2019-10-25 10:59:03,894 [IPC Server listener on 34126] INFO  ipc.Server (Server.java:run(1153)) - IPC Server listener on 34126: starting
2019-10-25 10:59:03,898 [main] INFO  hdfs.DFSUtil (DFSUtil.java:httpServerTemplateForNNAndJN(1641)) - Starting Web-server for ozoneManager at: http://0.0.0.0:0
2019-10-25 10:59:03,900 [main] INFO  server.AuthenticationFilter (AuthenticationFilter.java:constructSecretProvider(240)) - Unable to initialize FileSignerSecretProvider, falling back to use random secrets.
2019-10-25 10:59:03,901 [main] WARN  http.HttpRequestLog (HttpRequestLog.java:getRequestLog(97)) - Jetty request log can only be enabled using Log4j
2019-10-25 10:59:03,904 [main] INFO  http.HttpServer2 (HttpServer2.java:addGlobalFilter(975)) - Added global filter 'safety' (class=org.apache.hadoop.http.HttpServer2$QuotingInputFilter)
2019-10-25 10:59:03,905 [main] INFO  http.HttpServer2 (HttpServer2.java:addFilter(948)) - Added filter static_user_filter (class=org.apache.hadoop.http.lib.StaticUserWebFilter$StaticUserFilter) to context ozoneManager
2019-10-25 10:59:03,905 [main] INFO  http.HttpServer2 (HttpServer2.java:addFilter(958)) - Added filter static_user_filter (class=org.apache.hadoop.http.lib.StaticUserWebFilter$StaticUserFilter) to context static
2019-10-25 10:59:03,905 [main] INFO  http.HttpServer2 (HttpServer2.java:addFilter(958)) - Added filter static_user_filter (class=org.apache.hadoop.http.lib.StaticUserWebFilter$StaticUserFilter) to context logs
2019-10-25 10:59:03,908 [main] INFO  http.HttpServer2 (HttpServer2.java:bindListener(1191)) - Jetty bound to port 42819
2019-10-25 10:59:03,908 [main] INFO  server.Server (Server.java:doStart(351)) - jetty-9.3.25.v20180904, build timestamp: 2018-09-04T21:11:46Z, git hash: 3ce520221d0240229c862b122d2b06c12a625732
2019-10-25 10:59:03,910 [main] INFO  handler.ContextHandler (ContextHandler.java:doStart(781)) - Started o.e.j.s.ServletContextHandler@aa10649{/logs,file:///workdir/hadoop-ozone/integration-test/target/log,AVAILABLE}
2019-10-25 10:59:03,911 [main] INFO  handler.ContextHandler (ContextHandler.java:doStart(781)) - Started o.e.j.s.ServletContextHandler@37095ded{/static,file:///workdir/hadoop-ozone/integration-test/target/test-classes/webapps/static,AVAILABLE}
2019-10-25 10:59:03,917 [main] INFO  handler.ContextHandler (ContextHandler.java:doStart(781)) - Started o.e.j.w.WebAppContext@75b3673{/,file:///workdir/hadoop-ozone/integration-test/target/test-classes/webapps/ozoneManager/,AVAILABLE}{/ozoneManager}
2019-10-25 10:59:03,918 [main] INFO  server.AbstractConnector (AbstractConnector.java:doStart(278)) - Started ServerConnector@1bcb79c2{HTTP/1.1,[http/1.1]}{0.0.0.0:42819}
2019-10-25 10:59:03,918 [main] INFO  server.Server (Server.java:doStart(419)) - Started @3622ms
2019-10-25 10:59:03,918 [main] WARN  impl.MetricsSystemImpl (MetricsSystemImpl.java:register(276)) - Sink prometheus already exists!
2019-10-25 10:59:03,919 [main] INFO  server.BaseHttpServer (BaseHttpServer.java:updateConnectorAddress(215)) - HTTP server of OZONEMANAGER is listening at http://0.0.0.0:42819
2019-10-25 10:59:04,205 [main] INFO  impl.MetricsSystemImpl (MetricsSystemImpl.java:init(158)) - HddsDatanode metrics system started (again)
2019-10-25 10:59:04,257 [main] INFO  ozone.HddsDatanodeService (HddsDatanodeService.java:start(184)) - HddsDatanodeService host:pr-hdds-2359-lls5b-3453883328 ip:192.168.157.233
2019-10-25 10:59:04,286 [main] INFO  volume.HddsVolume (HddsVolume.java:<init>(176)) - Creating Volume: /workdir/hadoop-ozone/integration-test/target/test-dir/MiniOzoneClusterImpl-6ab75f42-d005-46c3-b20f-f10c1b9a2e9f/datanode-0/data/containers/hdds of  storage type : DISK and capacity : 1482555576320
2019-10-25 10:59:04,288 [main] INFO  volume.VolumeSet (VolumeSet.java:initializeVolumeSet(170)) - Added Volume : /workdir/hadoop-ozone/integration-test/target/test-dir/MiniOzoneClusterImpl-6ab75f42-d005-46c3-b20f-f10c1b9a2e9f/datanode-0/data/containers/hdds to VolumeSet
2019-10-25 10:59:04,291 [main] INFO  volume.ThrottledAsyncChecker (ThrottledAsyncChecker.java:schedule(141)) - Scheduling a check for /workdir/hadoop-ozone/integration-test/target/test-dir/MiniOzoneClusterImpl-6ab75f42-d005-46c3-b20f-f10c1b9a2e9f/datanode-0/data/containers/hdds
2019-10-25 10:59:04,307 [main] INFO  volume.HddsVolumeChecker (HddsVolumeChecker.java:checkAllVolumes(204)) - Scheduled health check for volume /workdir/hadoop-ozone/integration-test/target/test-dir/MiniOzoneClusterImpl-6ab75f42-d005-46c3-b20f-f10c1b9a2e9f/datanode-0/data/containers/hdds
2019-10-25 10:59:04,431 [main] INFO  impl.RaftServerProxy (ConfUtils.java:logGet(43)) - raft.rpc.type = GRPC (default)
2019-10-25 10:59:04,512 [main] INFO  grpc.GrpcFactory (GrpcFactory.java:checkPooledByteBufAllocatorUseCacheForAllThreads(45)) - PERFORMANCE WARNING: useCacheForAllThreads is true that may cause Netty to create a lot garbage objects and, as a result, trigger GC.
	It is recommended to disable useCacheForAllThreads by setting -Dorg.apache.ratis.thirdparty.io.netty.allocator.useCacheForAllThreads=false in command line.
2019-10-25 10:59:04,518 [main] INFO  grpc.GrpcConfigKeys$Server (ConfUtils.java:logGet(43)) - raft.grpc.server.port = 0 (default)
2019-10-25 10:59:04,519 [main] INFO  server.GrpcService (ConfUtils.java:logGet(43)) - raft.grpc.message.size.max = 33570816 (custom)
2019-10-25 10:59:04,520 [main] INFO  server.RaftServerConfigKeys (ConfUtils.java:logGet(43)) - raft.server.log.appender.buffer.byte-limit = 33554432 (custom)
2019-10-25 10:59:04,521 [main] INFO  server.GrpcService (ConfUtils.java:logGet(43)) - raft.grpc.flow.control.window = 1MB (=1048576) (default)
2019-10-25 10:59:04,522 [main] INFO  server.RaftServerConfigKeys (ConfUtils.java:logGet(43)) - raft.server.rpc.request.timeout = 3000ms (default)
2019-10-25 10:59:04,715 [main] INFO  server.RaftServerConfigKeys (ConfUtils.java:logGet(43)) - raft.server.storage.dir = [/workdir/hadoop-ozone/integration-test/target/test-dir/MiniOzoneClusterImpl-6ab75f42-d005-46c3-b20f-f10c1b9a2e9f/datanode-0/data/ratis] (custom)
2019-10-25 10:59:04,769 [main] INFO  hdfs.DFSUtil (DFSUtil.java:httpServerTemplateForNNAndJN(1641)) - Starting Web-server for hddsDatanode at: http://0.0.0.0:0
2019-10-25 10:59:04,771 [main] INFO  server.AuthenticationFilter (AuthenticationFilter.java:constructSecretProvider(240)) - Unable to initialize FileSignerSecretProvider, falling back to use random secrets.
2019-10-25 10:59:04,772 [main] WARN  http.HttpRequestLog (HttpRequestLog.java:getRequestLog(97)) - Jetty request log can only be enabled using Log4j
2019-10-25 10:59:04,775 [main] INFO  http.HttpServer2 (HttpServer2.java:addGlobalFilter(975)) - Added global filter 'safety' (class=org.apache.hadoop.http.HttpServer2$QuotingInputFilter)
2019-10-25 10:59:04,776 [main] INFO  http.HttpServer2 (HttpServer2.java:addFilter(948)) - Added filter static_user_filter (class=org.apache.hadoop.http.lib.StaticUserWebFilter$StaticUserFilter) to context hddsDatanode
2019-10-25 10:59:04,776 [main] INFO  http.HttpServer2 (HttpServer2.java:addFilter(958)) - Added filter static_user_filter (class=org.apache.hadoop.http.lib.StaticUserWebFilter$StaticUserFilter) to context logs
2019-10-25 10:59:04,777 [main] INFO  http.HttpServer2 (HttpServer2.java:addFilter(958)) - Added filter static_user_filter (class=org.apache.hadoop.http.lib.StaticUserWebFilter$StaticUserFilter) to context static
2019-10-25 10:59:04,778 [main] INFO  http.HttpServer2 (HttpServer2.java:bindListener(1191)) - Jetty bound to port 43054
2019-10-25 10:59:04,778 [main] INFO  server.Server (Server.java:doStart(351)) - jetty-9.3.25.v20180904, build timestamp: 2018-09-04T21:11:46Z, git hash: 3ce520221d0240229c862b122d2b06c12a625732
2019-10-25 10:59:04,782 [main] INFO  handler.ContextHandler (ContextHandler.java:doStart(781)) - Started o.e.j.s.ServletContextHandler@60cf62ad{/logs,file:///workdir/hadoop-ozone/integration-test/target/log,AVAILABLE}
2019-10-25 10:59:04,783 [main] INFO  handler.ContextHandler (ContextHandler.java:doStart(781)) - Started o.e.j.s.ServletContextHandler@1ac4ccad{/static,jar:file:/home/user/.m2/repository/org/apache/hadoop/hadoop-hdds-container-service/0.5.0-SNAPSHOT/hadoop-hdds-container-service-0.5.0-SNAPSHOT.jar!/webapps/static,AVAILABLE}
2019-10-25 10:59:04,831 [main] INFO  handler.ContextHandler (ContextHandler.java:doStart(781)) - Started o.e.j.w.WebAppContext@de8039f{/,file:///tmp/jetty-0.0.0.0-43054-hddsDatanode-_-any-7915813949839870239.dir/webapp/,AVAILABLE}{/hddsDatanode}
2019-10-25 10:59:04,832 [main] INFO  server.AbstractConnector (AbstractConnector.java:doStart(278)) - Started ServerConnector@1deceb67{HTTP/1.1,[http/1.1]}{0.0.0.0:43054}
2019-10-25 10:59:04,832 [main] INFO  server.Server (Server.java:doStart(419)) - Started @4537ms
2019-10-25 10:59:04,833 [main] WARN  impl.MetricsSystemImpl (MetricsSystemImpl.java:register(276)) - Sink prometheus already exists!
2019-10-25 10:59:04,836 [main] INFO  server.BaseHttpServer (BaseHttpServer.java:updateConnectorAddress(215)) - HTTP server of HDDSDATANODE is listening at http://0.0.0.0:43054
2019-10-25 10:59:04,837 [main] INFO  impl.MetricsSystemImpl (MetricsSystemImpl.java:init(158)) - HddsDatanode metrics system started (again)
2019-10-25 10:59:04,840 [main] INFO  ozone.HddsDatanodeService (HddsDatanodeService.java:start(184)) - HddsDatanodeService host:pr-hdds-2359-lls5b-3453883328 ip:192.168.157.233
2019-10-25 10:59:04,843 [org.apache.hadoop.util.JvmPauseMonitor$Monitor@3bd58376] INFO  util.JvmPauseMonitor (JvmPauseMonitor.java:run(188)) - Starting JVM pause monitor
2019-10-25 10:59:04,851 [main] INFO  volume.HddsVolume (HddsVolume.java:<init>(176)) - Creating Volume: /workdir/hadoop-ozone/integration-test/target/test-dir/MiniOzoneClusterImpl-6ab75f42-d005-46c3-b20f-f10c1b9a2e9f/datanode-1/data/containers/hdds of  storage type : DISK and capacity : 1482555576320
2019-10-25 10:59:04,851 [main] INFO  volume.VolumeSet (VolumeSet.java:initializeVolumeSet(170)) - Added Volume : /workdir/hadoop-ozone/integration-test/target/test-dir/MiniOzoneClusterImpl-6ab75f42-d005-46c3-b20f-f10c1b9a2e9f/datanode-1/data/containers/hdds to VolumeSet
2019-10-25 10:59:04,852 [main] INFO  volume.ThrottledAsyncChecker (ThrottledAsyncChecker.java:schedule(141)) - Scheduling a check for /workdir/hadoop-ozone/integration-test/target/test-dir/MiniOzoneClusterImpl-6ab75f42-d005-46c3-b20f-f10c1b9a2e9f/datanode-1/data/containers/hdds
2019-10-25 10:59:04,853 [main] INFO  volume.HddsVolumeChecker (HddsVolumeChecker.java:checkAllVolumes(204)) - Scheduled health check for volume /workdir/hadoop-ozone/integration-test/target/test-dir/MiniOzoneClusterImpl-6ab75f42-d005-46c3-b20f-f10c1b9a2e9f/datanode-1/data/containers/hdds
2019-10-25 10:59:04,872 [main] INFO  impl.RaftServerProxy (ConfUtils.java:logGet(43)) - raft.rpc.type = GRPC (default)
2019-10-25 10:59:04,872 [main] INFO  grpc.GrpcFactory (GrpcFactory.java:checkPooledByteBufAllocatorUseCacheForAllThreads(45)) - PERFORMANCE WARNING: useCacheForAllThreads is true that may cause Netty to create a lot garbage objects and, as a result, trigger GC.
	It is recommended to disable useCacheForAllThreads by setting -Dorg.apache.ratis.thirdparty.io.netty.allocator.useCacheForAllThreads=false in command line.
2019-10-25 10:59:04,872 [main] INFO  grpc.GrpcConfigKeys$Server (ConfUtils.java:logGet(43)) - raft.grpc.server.port = 0 (default)
2019-10-25 10:59:04,873 [main] INFO  server.GrpcService (ConfUtils.java:logGet(43)) - raft.grpc.message.size.max = 33570816 (custom)
2019-10-25 10:59:04,873 [main] INFO  server.RaftServerConfigKeys (ConfUtils.java:logGet(43)) - raft.server.log.appender.buffer.byte-limit = 33554432 (custom)
2019-10-25 10:59:04,873 [main] INFO  server.GrpcService (ConfUtils.java:logGet(43)) - raft.grpc.flow.control.window = 1MB (=1048576) (default)
2019-10-25 10:59:04,874 [main] INFO  server.RaftServerConfigKeys (ConfUtils.java:logGet(43)) - raft.server.rpc.request.timeout = 3000ms (default)
2019-10-25 10:59:04,874 [main] INFO  server.RaftServerConfigKeys (ConfUtils.java:logGet(43)) - raft.server.storage.dir = [/workdir/hadoop-ozone/integration-test/target/test-dir/MiniOzoneClusterImpl-6ab75f42-d005-46c3-b20f-f10c1b9a2e9f/datanode-1/data/ratis] (custom)
2019-10-25 10:59:04,877 [main] INFO  hdfs.DFSUtil (DFSUtil.java:httpServerTemplateForNNAndJN(1641)) - Starting Web-server for hddsDatanode at: http://0.0.0.0:0
2019-10-25 10:59:04,879 [main] INFO  server.AuthenticationFilter (AuthenticationFilter.java:constructSecretProvider(240)) - Unable to initialize FileSignerSecretProvider, falling back to use random secrets.
2019-10-25 10:59:04,880 [main] WARN  http.HttpRequestLog (HttpRequestLog.java:getRequestLog(97)) - Jetty request log can only be enabled using Log4j
2019-10-25 10:59:04,882 [main] INFO  http.HttpServer2 (HttpServer2.java:addGlobalFilter(975)) - Added global filter 'safety' (class=org.apache.hadoop.http.HttpServer2$QuotingInputFilter)
2019-10-25 10:59:04,883 [main] INFO  http.HttpServer2 (HttpServer2.java:addFilter(948)) - Added filter static_user_filter (class=org.apache.hadoop.http.lib.StaticUserWebFilter$StaticUserFilter) to context hddsDatanode
2019-10-25 10:59:04,884 [main] INFO  http.HttpServer2 (HttpServer2.java:addFilter(958)) - Added filter static_user_filter (class=org.apache.hadoop.http.lib.StaticUserWebFilter$StaticUserFilter) to context logs
2019-10-25 10:59:04,884 [main] INFO  http.HttpServer2 (HttpServer2.java:addFilter(958)) - Added filter static_user_filter (class=org.apache.hadoop.http.lib.StaticUserWebFilter$StaticUserFilter) to context static
2019-10-25 10:59:04,885 [main] INFO  http.HttpServer2 (HttpServer2.java:bindListener(1191)) - Jetty bound to port 40811
2019-10-25 10:59:04,885 [main] INFO  server.Server (Server.java:doStart(351)) - jetty-9.3.25.v20180904, build timestamp: 2018-09-04T21:11:46Z, git hash: 3ce520221d0240229c862b122d2b06c12a625732
2019-10-25 10:59:04,888 [main] INFO  handler.ContextHandler (ContextHandler.java:doStart(781)) - Started o.e.j.s.ServletContextHandler@5e65afb6{/logs,file:///workdir/hadoop-ozone/integration-test/target/log,AVAILABLE}
2019-10-25 10:59:04,889 [main] INFO  handler.ContextHandler (ContextHandler.java:doStart(781)) - Started o.e.j.s.ServletContextHandler@8851ce1{/static,jar:file:/home/user/.m2/repository/org/apache/hadoop/hadoop-hdds-container-service/0.5.0-SNAPSHOT/hadoop-hdds-container-service-0.5.0-SNAPSHOT.jar!/webapps/static,AVAILABLE}
2019-10-25 10:59:04,933 [main] INFO  handler.ContextHandler (ContextHandler.java:doStart(781)) - Started o.e.j.w.WebAppContext@7a0ef219{/,file:///tmp/jetty-0.0.0.0-40811-hddsDatanode-_-any-4549718063766244990.dir/webapp/,AVAILABLE}{/hddsDatanode}
2019-10-25 10:59:04,934 [main] INFO  server.AbstractConnector (AbstractConnector.java:doStart(278)) - Started ServerConnector@1b1f5012{HTTP/1.1,[http/1.1]}{0.0.0.0:40811}
2019-10-25 10:59:04,935 [main] INFO  server.Server (Server.java:doStart(419)) - Started @4639ms
2019-10-25 10:59:04,935 [main] WARN  impl.MetricsSystemImpl (MetricsSystemImpl.java:register(276)) - Sink prometheus already exists!
2019-10-25 10:59:04,937 [main] INFO  server.BaseHttpServer (BaseHttpServer.java:updateConnectorAddress(215)) - HTTP server of HDDSDATANODE is listening at http://0.0.0.0:40811
2019-10-25 10:59:04,937 [main] INFO  impl.MetricsSystemImpl (MetricsSystemImpl.java:init(158)) - HddsDatanode metrics system started (again)
2019-10-25 10:59:04,940 [main] INFO  ozone.HddsDatanodeService (HddsDatanodeService.java:start(184)) - HddsDatanodeService host:pr-hdds-2359-lls5b-3453883328 ip:192.168.157.233
2019-10-25 10:59:04,940 [org.apache.hadoop.util.JvmPauseMonitor$Monitor@702d8d3d] INFO  util.JvmPauseMonitor (JvmPauseMonitor.java:run(188)) - Starting JVM pause monitor
2019-10-25 10:59:04,950 [main] INFO  volume.HddsVolume (HddsVolume.java:<init>(176)) - Creating Volume: /workdir/hadoop-ozone/integration-test/target/test-dir/MiniOzoneClusterImpl-6ab75f42-d005-46c3-b20f-f10c1b9a2e9f/datanode-2/data/containers/hdds of  storage type : DISK and capacity : 1482555576320
2019-10-25 10:59:04,950 [main] INFO  volume.VolumeSet (VolumeSet.java:initializeVolumeSet(170)) - Added Volume : /workdir/hadoop-ozone/integration-test/target/test-dir/MiniOzoneClusterImpl-6ab75f42-d005-46c3-b20f-f10c1b9a2e9f/datanode-2/data/containers/hdds to VolumeSet
2019-10-25 10:59:04,951 [main] INFO  volume.ThrottledAsyncChecker (ThrottledAsyncChecker.java:schedule(141)) - Scheduling a check for /workdir/hadoop-ozone/integration-test/target/test-dir/MiniOzoneClusterImpl-6ab75f42-d005-46c3-b20f-f10c1b9a2e9f/datanode-2/data/containers/hdds
2019-10-25 10:59:04,951 [main] INFO  volume.HddsVolumeChecker (HddsVolumeChecker.java:checkAllVolumes(204)) - Scheduled health check for volume /workdir/hadoop-ozone/integration-test/target/test-dir/MiniOzoneClusterImpl-6ab75f42-d005-46c3-b20f-f10c1b9a2e9f/datanode-2/data/containers/hdds
2019-10-25 10:59:04,952 [Datanode State Machine Thread - 0] INFO  datanode.InitDatanodeState (InitDatanodeState.java:persistContainerDatanodeDetails(140)) - DatanodeDetails is persisted to /workdir/hadoop-ozone/integration-test/target/test-dir/MiniOzoneClusterImpl-6ab75f42-d005-46c3-b20f-f10c1b9a2e9f/datanode-0/meta/datanode.id
2019-10-25 10:59:04,956 [Datanode State Machine Thread - 0] INFO  datanode.InitDatanodeState (InitDatanodeState.java:persistContainerDatanodeDetails(140)) - DatanodeDetails is persisted to /workdir/hadoop-ozone/integration-test/target/test-dir/MiniOzoneClusterImpl-6ab75f42-d005-46c3-b20f-f10c1b9a2e9f/datanode-1/meta/datanode.id
2019-10-25 10:59:04,969 [main] INFO  impl.RaftServerProxy (ConfUtils.java:logGet(43)) - raft.rpc.type = GRPC (default)
2019-10-25 10:59:04,969 [main] INFO  grpc.GrpcFactory (GrpcFactory.java:checkPooledByteBufAllocatorUseCacheForAllThreads(45)) - PERFORMANCE WARNING: useCacheForAllThreads is true that may cause Netty to create a lot garbage objects and, as a result, trigger GC.
	It is recommended to disable useCacheForAllThreads by setting -Dorg.apache.ratis.thirdparty.io.netty.allocator.useCacheForAllThreads=false in command line.
2019-10-25 10:59:04,969 [main] INFO  grpc.GrpcConfigKeys$Server (ConfUtils.java:logGet(43)) - raft.grpc.server.port = 0 (default)
2019-10-25 10:59:04,969 [main] INFO  server.GrpcService (ConfUtils.java:logGet(43)) - raft.grpc.message.size.max = 33570816 (custom)
2019-10-25 10:59:04,970 [main] INFO  server.RaftServerConfigKeys (ConfUtils.java:logGet(43)) - raft.server.log.appender.buffer.byte-limit = 33554432 (custom)
2019-10-25 10:59:04,970 [main] INFO  server.GrpcService (ConfUtils.java:logGet(43)) - raft.grpc.flow.control.window = 1MB (=1048576) (default)
2019-10-25 10:59:04,970 [main] INFO  server.RaftServerConfigKeys (ConfUtils.java:logGet(43)) - raft.server.rpc.request.timeout = 3000ms (default)
2019-10-25 10:59:04,971 [main] INFO  server.RaftServerConfigKeys (ConfUtils.java:logGet(43)) - raft.server.storage.dir = [/workdir/hadoop-ozone/integration-test/target/test-dir/MiniOzoneClusterImpl-6ab75f42-d005-46c3-b20f-f10c1b9a2e9f/datanode-2/data/ratis] (custom)
2019-10-25 10:59:04,973 [main] INFO  hdfs.DFSUtil (DFSUtil.java:httpServerTemplateForNNAndJN(1641)) - Starting Web-server for hddsDatanode at: http://0.0.0.0:0
2019-10-25 10:59:04,975 [main] INFO  server.AuthenticationFilter (AuthenticationFilter.java:constructSecretProvider(240)) - Unable to initialize FileSignerSecretProvider, falling back to use random secrets.
2019-10-25 10:59:04,975 [main] WARN  http.HttpRequestLog (HttpRequestLog.java:getRequestLog(97)) - Jetty request log can only be enabled using Log4j
2019-10-25 10:59:04,978 [main] INFO  http.HttpServer2 (HttpServer2.java:addGlobalFilter(975)) - Added global filter 'safety' (class=org.apache.hadoop.http.HttpServer2$QuotingInputFilter)
2019-10-25 10:59:04,979 [main] INFO  http.HttpServer2 (HttpServer2.java:addFilter(948)) - Added filter static_user_filter (class=org.apache.hadoop.http.lib.StaticUserWebFilter$StaticUserFilter) to context hddsDatanode
2019-10-25 10:59:04,979 [main] INFO  http.HttpServer2 (HttpServer2.java:addFilter(958)) - Added filter static_user_filter (class=org.apache.hadoop.http.lib.StaticUserWebFilter$StaticUserFilter) to context logs
2019-10-25 10:59:04,979 [main] INFO  http.HttpServer2 (HttpServer2.java:addFilter(958)) - Added filter static_user_filter (class=org.apache.hadoop.http.lib.StaticUserWebFilter$StaticUserFilter) to context static
2019-10-25 10:59:04,980 [main] INFO  http.HttpServer2 (HttpServer2.java:bindListener(1191)) - Jetty bound to port 41608
2019-10-25 10:59:04,981 [main] INFO  server.Server (Server.java:doStart(351)) - jetty-9.3.25.v20180904, build timestamp: 2018-09-04T21:11:46Z, git hash: 3ce520221d0240229c862b122d2b06c12a625732
2019-10-25 10:59:04,985 [main] INFO  handler.ContextHandler (ContextHandler.java:doStart(781)) - Started o.e.j.s.ServletContextHandler@5fa23c{/logs,file:///workdir/hadoop-ozone/integration-test/target/log,AVAILABLE}
2019-10-25 10:59:04,986 [main] INFO  handler.ContextHandler (ContextHandler.java:doStart(781)) - Started o.e.j.s.ServletContextHandler@433348bc{/static,jar:file:/home/user/.m2/repository/org/apache/hadoop/hadoop-hdds-container-service/0.5.0-SNAPSHOT/hadoop-hdds-container-service-0.5.0-SNAPSHOT.jar!/webapps/static,AVAILABLE}
2019-10-25 10:59:05,018 [main] INFO  handler.ContextHandler (ContextHandler.java:doStart(781)) - Started o.e.j.w.WebAppContext@43e9089{/,file:///tmp/jetty-0.0.0.0-41608-hddsDatanode-_-any-3967084189571247623.dir/webapp/,AVAILABLE}{/hddsDatanode}
2019-10-25 10:59:05,018 [main] INFO  server.AbstractConnector (AbstractConnector.java:doStart(278)) - Started ServerConnector@3c5dbdf8{HTTP/1.1,[http/1.1]}{0.0.0.0:41608}
2019-10-25 10:59:05,019 [main] INFO  server.Server (Server.java:doStart(419)) - Started @4723ms
2019-10-25 10:59:05,019 [main] WARN  impl.MetricsSystemImpl (MetricsSystemImpl.java:register(276)) - Sink prometheus already exists!
2019-10-25 10:59:05,021 [main] INFO  server.BaseHttpServer (BaseHttpServer.java:updateConnectorAddress(215)) - HTTP server of HDDSDATANODE is listening at http://0.0.0.0:41608
2019-10-25 10:59:05,023 [main] INFO  ozone.MiniOzoneClusterImpl (MiniOzoneClusterImpl.java:lambda$waitForClusterToBeReady$0(147)) - Waiting for cluster to be ready. Got 0 of 3 DN Heartbeats.
2019-10-25 10:59:05,024 [org.apache.hadoop.util.JvmPauseMonitor$Monitor@2e32dc0c] INFO  util.JvmPauseMonitor (JvmPauseMonitor.java:run(188)) - Starting JVM pause monitor
2019-10-25 10:59:05,029 [Datanode State Machine Thread - 0] INFO  datanode.InitDatanodeState (InitDatanodeState.java:persistContainerDatanodeDetails(140)) - DatanodeDetails is persisted to /workdir/hadoop-ozone/integration-test/target/test-dir/MiniOzoneClusterImpl-6ab75f42-d005-46c3-b20f-f10c1b9a2e9f/datanode-2/meta/datanode.id
2019-10-25 10:59:06,023 [main] INFO  ozone.MiniOzoneClusterImpl (MiniOzoneClusterImpl.java:lambda$waitForClusterToBeReady$0(147)) - Waiting for cluster to be ready. Got 0 of 3 DN Heartbeats.
2019-10-25 10:59:06,930 [Datanode State Machine Thread - 0] INFO  ozoneimpl.OzoneContainer (OzoneContainer.java:start(213)) - Attempting to start container services.
2019-10-25 10:59:06,932 [Datanode State Machine Thread - 0] INFO  ozoneimpl.OzoneContainer (OzoneContainer.java:startContainerScrub(177)) - Background container scanner has been disabled.
2019-10-25 10:59:06,933 [Datanode State Machine Thread - 0] INFO  ratis.XceiverServerRatis (XceiverServerRatis.java:start(418)) - Starting XceiverServerRatis 98a94502-2c87-40a7-b3de-b58821969ff5 at port 0
2019-10-25 10:59:06,957 [Datanode State Machine Thread - 0] INFO  ozoneimpl.OzoneContainer (OzoneContainer.java:start(213)) - Attempting to start container services.
2019-10-25 10:59:06,960 [Datanode State Machine Thread - 0] INFO  impl.RaftServerProxy (RaftServerProxy.java:lambda$start$3(299)) - 98a94502-2c87-40a7-b3de-b58821969ff5: start RPC server
2019-10-25 10:59:06,962 [Datanode State Machine Thread - 0] INFO  ozoneimpl.OzoneContainer (OzoneContainer.java:startContainerScrub(177)) - Background container scanner has been disabled.
2019-10-25 10:59:06,962 [Datanode State Machine Thread - 0] INFO  ratis.XceiverServerRatis (XceiverServerRatis.java:start(418)) - Starting XceiverServerRatis c661ec13-19db-400c-b7a5-525d9c97029d at port 0
2019-10-25 10:59:06,972 [Datanode State Machine Thread - 0] INFO  impl.RaftServerProxy (RaftServerProxy.java:lambda$start$3(299)) - c661ec13-19db-400c-b7a5-525d9c97029d: start RPC server
2019-10-25 10:59:07,024 [main] INFO  ozone.MiniOzoneClusterImpl (MiniOzoneClusterImpl.java:lambda$waitForClusterToBeReady$0(147)) - Waiting for cluster to be ready. Got 0 of 3 DN Heartbeats.
2019-10-25 10:59:07,040 [Datanode State Machine Thread - 0] INFO  ozoneimpl.OzoneContainer (OzoneContainer.java:start(213)) - Attempting to start container services.
2019-10-25 10:59:07,041 [Datanode State Machine Thread - 0] INFO  ozoneimpl.OzoneContainer (OzoneContainer.java:startContainerScrub(177)) - Background container scanner has been disabled.
2019-10-25 10:59:07,041 [Datanode State Machine Thread - 0] INFO  ratis.XceiverServerRatis (XceiverServerRatis.java:start(418)) - Starting XceiverServerRatis ef252736-79c5-4662-a0c7-91e85b60cae7 at port 0
2019-10-25 10:59:07,054 [Datanode State Machine Thread - 0] INFO  impl.RaftServerProxy (RaftServerProxy.java:lambda$start$3(299)) - ef252736-79c5-4662-a0c7-91e85b60cae7: start RPC server
2019-10-25 10:59:07,118 [Datanode State Machine Thread - 0] INFO  server.GrpcService (GrpcService.java:startImpl(158)) - 98a94502-2c87-40a7-b3de-b58821969ff5: GrpcService started, listening on 0.0.0.0/0.0.0.0:45458
2019-10-25 10:59:07,118 [Datanode State Machine Thread - 0] INFO  server.GrpcService (GrpcService.java:startImpl(158)) - ef252736-79c5-4662-a0c7-91e85b60cae7: GrpcService started, listening on 0.0.0.0/0.0.0.0:36823
2019-10-25 10:59:07,118 [Datanode State Machine Thread - 0] INFO  server.GrpcService (GrpcService.java:startImpl(158)) - c661ec13-19db-400c-b7a5-525d9c97029d: GrpcService started, listening on 0.0.0.0/0.0.0.0:33523
2019-10-25 10:59:07,119 [Datanode State Machine Thread - 0] INFO  ratis.XceiverServerRatis (XceiverServerRatis.java:start(428)) - XceiverServerRatis ef252736-79c5-4662-a0c7-91e85b60cae7 is started using port 36823
2019-10-25 10:59:07,119 [Datanode State Machine Thread - 0] INFO  ratis.XceiverServerRatis (XceiverServerRatis.java:start(428)) - XceiverServerRatis 98a94502-2c87-40a7-b3de-b58821969ff5 is started using port 45458
2019-10-25 10:59:07,119 [Datanode State Machine Thread - 0] INFO  ratis.XceiverServerRatis (XceiverServerRatis.java:start(428)) - XceiverServerRatis c661ec13-19db-400c-b7a5-525d9c97029d is started using port 33523
2019-10-25 10:59:07,125 [Datanode State Machine Thread - 0] INFO  server.XceiverServerGrpc (XceiverServerGrpc.java:start(149)) - XceiverServerGrpc ef252736-79c5-4662-a0c7-91e85b60cae7 is started using port 43818
2019-10-25 10:59:07,125 [Datanode State Machine Thread - 0] INFO  server.XceiverServerGrpc (XceiverServerGrpc.java:start(149)) - XceiverServerGrpc 98a94502-2c87-40a7-b3de-b58821969ff5 is started using port 34416
2019-10-25 10:59:07,125 [Datanode State Machine Thread - 0] INFO  server.XceiverServerGrpc (XceiverServerGrpc.java:start(149)) - XceiverServerGrpc c661ec13-19db-400c-b7a5-525d9c97029d is started using port 36154
2019-10-25 10:59:08,024 [main] INFO  ozone.MiniOzoneClusterImpl (MiniOzoneClusterImpl.java:lambda$waitForClusterToBeReady$0(147)) - Waiting for cluster to be ready. Got 0 of 3 DN Heartbeats.
2019-10-25 10:59:08,876 [IPC Server handler 0 on 41577] INFO  net.NetworkTopology (NetworkTopologyImpl.java:add(111)) - Added a new node: /default-rack/98a94502-2c87-40a7-b3de-b58821969ff5
2019-10-25 10:59:08,877 [IPC Server handler 0 on 41577] INFO  node.SCMNodeManager (SCMNodeManager.java:register(268)) - Registered Data node : 98a94502-2c87-40a7-b3de-b58821969ff5{ip: 192.168.157.233, host: pr-hdds-2359-lls5b-3453883328, networkLocation: /default-rack, certSerialId: null}
2019-10-25 10:59:08,881 [EventQueue-NodeRegistrationContainerReportForDataNodeSafeModeRule] INFO  safemode.SCMSafeModeManager (DataNodeSafeModeRule.java:process(71)) - SCM in safe mode. 1 DataNodes registered, 1 required.
2019-10-25 10:59:08,881 [EventQueue-NodeRegistrationContainerReportForDataNodeSafeModeRule] INFO  safemode.SCMSafeModeManager (SCMSafeModeManager.java:validateSafeModeExitRules(177)) - ScmSafeModeManager, all rules are successfully validated
2019-10-25 10:59:08,881 [EventQueue-NodeRegistrationContainerReportForDataNodeSafeModeRule] INFO  safemode.SCMSafeModeManager (SCMSafeModeManager.java:exitSafeMode(193)) - SCM exiting safe mode.
2019-10-25 10:59:08,942 [IPC Server handler 1 on 41577] INFO  net.NetworkTopology (NetworkTopologyImpl.java:add(111)) - Added a new node: /default-rack/c661ec13-19db-400c-b7a5-525d9c97029d
2019-10-25 10:59:08,943 [IPC Server handler 1 on 41577] INFO  node.SCMNodeManager (SCMNodeManager.java:register(268)) - Registered Data node : c661ec13-19db-400c-b7a5-525d9c97029d{ip: 192.168.157.233, host: pr-hdds-2359-lls5b-3453883328, networkLocation: /default-rack, certSerialId: null}
2019-10-25 10:59:09,025 [main] INFO  ozone.MiniOzoneClusterImpl (MiniOzoneClusterImpl.java:lambda$waitForClusterToBeReady$0(147)) - Waiting for cluster to be ready. Got 2 of 3 DN Heartbeats.
2019-10-25 10:59:09,027 [IPC Server handler 2 on 41577] INFO  net.NetworkTopology (NetworkTopologyImpl.java:add(111)) - Added a new node: /default-rack/ef252736-79c5-4662-a0c7-91e85b60cae7
2019-10-25 10:59:09,027 [IPC Server handler 2 on 41577] INFO  node.SCMNodeManager (SCMNodeManager.java:register(268)) - Registered Data node : ef252736-79c5-4662-a0c7-91e85b60cae7{ip: 192.168.157.233, host: pr-hdds-2359-lls5b-3453883328, networkLocation: /default-rack, certSerialId: null}
2019-10-25 10:59:09,356 [grpc-default-executor-0] INFO  impl.RaftServerProxy (RaftServerProxy.java:addNew(89)) - 98a94502-2c87-40a7-b3de-b58821969ff5: addNew group-BB9563802AB8:[98a94502-2c87-40a7-b3de-b58821969ff5:192.168.157.233:45458] returns group-BB9563802AB8:java.util.concurrent.CompletableFuture@7afd0da4[Not completed]
2019-10-25 10:59:09,373 [pool-27-thread-1] INFO  impl.RaftServerImpl (RaftServerImpl.java:<init>(104)) - 98a94502-2c87-40a7-b3de-b58821969ff5: new RaftServerImpl for group-BB9563802AB8:[98a94502-2c87-40a7-b3de-b58821969ff5:192.168.157.233:45458] with ContainerStateMachine:uninitialized
2019-10-25 10:59:09,375 [pool-27-thread-1] INFO  server.RaftServerConfigKeys (ConfUtils.java:logGet(43)) - raft.server.rpc.timeout.min = 5s (custom)
2019-10-25 10:59:09,376 [pool-27-thread-1] INFO  server.RaftServerConfigKeys (ConfUtils.java:logGet(43)) - raft.server.rpc.timeout.max = 5200ms (custom)
2019-10-25 10:59:09,376 [pool-27-thread-1] INFO  server.RaftServerConfigKeys (ConfUtils.java:logGet(43)) - raft.server.rpcslowness.timeout = 1000s (custom)
2019-10-25 10:59:09,377 [pool-27-thread-1] INFO  server.RaftServerConfigKeys (ConfUtils.java:logGet(43)) - raft.server.sleep.deviation.threshold = 300 (default)
2019-10-25 10:59:09,378 [pool-27-thread-1] INFO  server.RaftServerConfigKeys (ConfUtils.java:logGet(43)) - raft.server.log.appender.install.snapshot.enabled = false (custom)
2019-10-25 10:59:09,386 [pool-27-thread-1] INFO  impl.RaftServerImpl (ServerState.java:<init>(103)) - 98a94502-2c87-40a7-b3de-b58821969ff5@group-BB9563802AB8: ConfigurationManager, init=-1: [98a94502-2c87-40a7-b3de-b58821969ff5:192.168.157.233:45458], old=null, confs=<EMPTY_MAP>
2019-10-25 10:59:09,387 [pool-27-thread-1] INFO  server.RaftServerConfigKeys (ConfUtils.java:logGet(43)) - raft.server.storage.dir = [/workdir/hadoop-ozone/integration-test/target/test-dir/MiniOzoneClusterImpl-6ab75f42-d005-46c3-b20f-f10c1b9a2e9f/datanode-0/data/ratis] (custom)
2019-10-25 10:59:09,393 [pool-27-thread-1] INFO  server.RaftServerConfigKeys (ConfUtils.java:logGet(43)) - raft.server.log.corruption.policy = EXCEPTION (default)
2019-10-25 10:59:09,395 [pool-27-thread-1] INFO  storage.RaftStorageDirectory (RaftStorageDirectory.java:analyzeStorage(246)) - The storage directory /workdir/hadoop-ozone/integration-test/target/test-dir/MiniOzoneClusterImpl-6ab75f42-d005-46c3-b20f-f10c1b9a2e9f/datanode-0/data/ratis/2e2dcc89-c84a-4f76-91a6-bb9563802ab8 does not exist. Creating ...
2019-10-25 10:59:09,425 [pool-27-thread-1] INFO  storage.RaftStorageDirectory (RaftStorageDirectory.java:tryLock(328)) - Lock on /workdir/hadoop-ozone/integration-test/target/test-dir/MiniOzoneClusterImpl-6ab75f42-d005-46c3-b20f-f10c1b9a2e9f/datanode-0/data/ratis/2e2dcc89-c84a-4f76-91a6-bb9563802ab8/in_use.lock acquired by nodename 8158@pr-hdds-2359-lls5b-3453883328
2019-10-25 10:59:09,463 [pool-27-thread-1] INFO  storage.RaftStorage (RaftStorage.java:format(84)) - Storage directory /workdir/hadoop-ozone/integration-test/target/test-dir/MiniOzoneClusterImpl-6ab75f42-d005-46c3-b20f-f10c1b9a2e9f/datanode-0/data/ratis/2e2dcc89-c84a-4f76-91a6-bb9563802ab8 has been successfully formatted.
2019-10-25 10:59:09,466 [pool-27-thread-1] INFO  ratis.ContainerStateMachine (ContainerStateMachine.java:loadSnapshot(231)) - group-BB9563802AB8: The snapshot info is null. Setting the last applied indexto:(t:0, i:~)
2019-10-25 10:59:09,467 [pool-27-thread-1] INFO  server.RaftServerConfigKeys (ConfUtils.java:logGet(43)) - raft.server.notification.no-leader.timeout = 1000s (custom)
2019-10-25 10:59:09,469 [pool-27-thread-1] INFO  server.RaftServerConfigKeys (ConfUtils.java:logGet(43)) - raft.server.log.use.memory = false (default)
2019-10-25 10:59:09,475 [pool-27-thread-1] INFO  server.RaftServerConfigKeys (ConfUtils.java:logGet(43)) - raft.server.log.purge.gap = 1000000 (custom)
2019-10-25 10:59:09,476 [pool-27-thread-1] INFO  server.RaftServerConfigKeys (ConfUtils.java:logGet(43)) - raft.server.log.appender.buffer.byte-limit = 33554432 (custom)
2019-10-25 10:59:09,478 [pool-27-thread-1] INFO  server.RaftServerConfigKeys (ConfUtils.java:logGet(43)) - raft.server.log.segment.size.max = 1048576 (custom)
2019-10-25 10:59:09,480 [pool-27-thread-1] INFO  impl.MetricsSystemImpl (MetricsSystemImpl.java:init(158)) - ratis metrics system started (again)
2019-10-25 10:59:09,485 [pool-27-thread-1] INFO  metrics.MetricRegistries (MetricRegistriesLoader.java:load(64)) - Loaded MetricRegistries class org.apache.ratis.metrics.impl.MetricRegistriesImpl
2019-10-25 10:59:09,523 [pool-27-thread-1] INFO  server.RaftServerConfigKeys (ConfUtils.java:logGet(43)) - raft.server.log.segment.cache.num.max = 2 (custom)
2019-10-25 10:59:09,529 [pool-27-thread-1] INFO  segmented.SegmentedRaftLogWorker (SegmentedRaftLogWorker.java:<init>(173)) - new 98a94502-2c87-40a7-b3de-b58821969ff5@group-BB9563802AB8-SegmentedRaftLogWorker for RaftStorage:Storage Directory /workdir/hadoop-ozone/integration-test/target/test-dir/MiniOzoneClusterImpl-6ab75f42-d005-46c3-b20f-f10c1b9a2e9f/datanode-0/data/ratis/2e2dcc89-c84a-4f76-91a6-bb9563802ab8
2019-10-25 10:59:09,529 [pool-27-thread-1] INFO  server.RaftServerConfigKeys (ConfUtils.java:logGet(43)) - raft.server.log.queue.byte-limit = 2147483647 (custom)
2019-10-25 10:59:09,530 [pool-27-thread-1] INFO  server.RaftServerConfigKeys (ConfUtils.java:logGet(43)) - raft.server.log.queue.element-limit = 1024 (custom)
2019-10-25 10:59:09,531 [pool-27-thread-1] INFO  server.RaftServerConfigKeys (ConfUtils.java:logGet(43)) - raft.server.log.segment.size.max = 1048576 (custom)
2019-10-25 10:59:09,532 [pool-27-thread-1] INFO  server.RaftServerConfigKeys (ConfUtils.java:logGet(43)) - raft.server.log.preallocated.size = 16384 (custom)
2019-10-25 10:59:09,532 [pool-27-thread-1] INFO  server.RaftServerConfigKeys (ConfUtils.java:logGet(43)) - raft.server.log.write.buffer.size = 33554432 (custom)
2019-10-25 10:59:09,533 [pool-27-thread-1] INFO  server.RaftServerConfigKeys (ConfUtils.java:logGet(43)) - raft.server.log.force.sync.num = 128 (default)
2019-10-25 10:59:09,534 [pool-27-thread-1] INFO  server.RaftServerConfigKeys (ConfUtils.java:logGet(43)) - raft.server.log.statemachine.data.sync = true (default)
2019-10-25 10:59:09,534 [pool-27-thread-1] INFO  server.RaftServerConfigKeys (ConfUtils.java:logGet(43)) - raft.server.log.statemachine.data.sync.timeout = 10s (default)
2019-10-25 10:59:09,535 [pool-27-thread-1] INFO  server.RaftServerConfigKeys (ConfUtils.java:logGet(43)) - raft.server.log.statemachine.data.sync.timeout.retry = -1 (default)
2019-10-25 10:59:09,548 [pool-27-thread-1] INFO  server.RaftServerConfigKeys (ConfUtils.java:logGet(43)) - raft.server.log.statemachine.data.caching.enabled = true (custom)
2019-10-25 10:59:09,552 [pool-27-thread-1] INFO  segmented.SegmentedRaftLogWorker (SegmentedRaftLogWorker.java:lambda$new$0(128)) - 98a94502-2c87-40a7-b3de-b58821969ff5@group-BB9563802AB8-SegmentedRaftLogWorker: flushIndex: setUnconditionally 0 -> -1
2019-10-25 10:59:09,556 [pool-27-thread-1] INFO  server.RaftServerConfigKeys (ConfUtils.java:logGet(43)) - raft.server.snapshot.auto.trigger.enabled = true (custom)
2019-10-25 10:59:09,557 [pool-27-thread-1] INFO  server.RaftServerConfigKeys (ConfUtils.java:logGet(43)) - raft.server.snapshot.auto.trigger.threshold = 10000 (custom)
2019-10-25 10:59:09,558 [pool-27-thread-1] INFO  server.RaftServerConfigKeys (ConfUtils.java:logGet(43)) - raft.server.snapshot.retention.file.num = 5 (custom)
2019-10-25 10:59:09,558 [pool-27-thread-1] INFO  server.RaftServerConfigKeys (ConfUtils.java:logGet(43)) - raft.server.retrycache.expirytime = 600000ms (custom)
2019-10-25 10:59:09,586 [pool-27-thread-1] INFO  impl.RaftServerImpl (RaftServerImpl.java:start(195)) - 98a94502-2c87-40a7-b3de-b58821969ff5@group-BB9563802AB8: start as a follower, conf=-1: [98a94502-2c87-40a7-b3de-b58821969ff5:192.168.157.233:45458], old=null
2019-10-25 10:59:09,587 [pool-27-thread-1] INFO  impl.RaftServerImpl (RaftServerImpl.java:setRole(184)) - 98a94502-2c87-40a7-b3de-b58821969ff5@group-BB9563802AB8: changes role from      null to FOLLOWER at term 0 for startAsFollower
2019-10-25 10:59:09,588 [pool-27-thread-1] INFO  impl.RoleInfo (RoleInfo.java:updateAndGet(143)) - 98a94502-2c87-40a7-b3de-b58821969ff5: start FollowerState
2019-10-25 10:59:09,590 [pool-27-thread-1] INFO  util.JmxRegister (JmxRegister.java:tryRegister(44)) - Successfully registered JMX Bean with object name Ratis:service=RaftServer,group=group-BB9563802AB8,id=98a94502-2c87-40a7-b3de-b58821969ff5
2019-10-25 10:59:09,642 [RatisPipelineUtilsThread] INFO  pipeline.PipelineStateManager (PipelineStateManager.java:addPipeline(56)) - Created pipeline Pipeline[ Id: 2e2dcc89-c84a-4f76-91a6-bb9563802ab8, Nodes: 98a94502-2c87-40a7-b3de-b58821969ff5{ip: 192.168.157.233, host: pr-hdds-2359-lls5b-3453883328, networkLocation: /default-rack, certSerialId: null}, Type:RATIS, Factor:ONE, State:OPEN]
2019-10-25 10:59:09,658 [grpc-default-executor-0] INFO  impl.RaftServerProxy (RaftServerProxy.java:addNew(89)) - c661ec13-19db-400c-b7a5-525d9c97029d: addNew group-F8F143B02786:[c661ec13-19db-400c-b7a5-525d9c97029d:192.168.157.233:33523] returns group-F8F143B02786:java.util.concurrent.CompletableFuture@38f16af0[Not completed]
2019-10-25 10:59:09,664 [Thread-186] INFO  impl.FollowerState (FollowerState.java:run(108)) - 98a94502-2c87-40a7-b3de-b58821969ff5@group-BB9563802AB8-FollowerState: change to CANDIDATE, lastRpcTime:76ms, electionTimeout:74ms
2019-10-25 10:59:09,676 [pool-37-thread-1] INFO  impl.RaftServerImpl (RaftServerImpl.java:<init>(104)) - c661ec13-19db-400c-b7a5-525d9c97029d: new RaftServerImpl for group-F8F143B02786:[c661ec13-19db-400c-b7a5-525d9c97029d:192.168.157.233:33523] with ContainerStateMachine:uninitialized
2019-10-25 10:59:09,676 [Thread-186] INFO  impl.RoleInfo (RoleInfo.java:shutdownFollowerState(121)) - 98a94502-2c87-40a7-b3de-b58821969ff5: shutdown FollowerState
2019-10-25 10:59:09,678 [Thread-186] INFO  impl.RaftServerImpl (RaftServerImpl.java:setRole(184)) - 98a94502-2c87-40a7-b3de-b58821969ff5@group-BB9563802AB8: changes role from  FOLLOWER to CANDIDATE at term 0 for changeToCandidate
2019-10-25 10:59:09,678 [pool-37-thread-1] INFO  server.RaftServerConfigKeys (ConfUtils.java:logGet(43)) - raft.server.rpc.timeout.min = 5s (custom)
2019-10-25 10:59:09,678 [pool-37-thread-1] INFO  server.RaftServerConfigKeys (ConfUtils.java:logGet(43)) - raft.server.rpc.timeout.max = 5200ms (custom)
2019-10-25 10:59:09,678 [pool-37-thread-1] INFO  server.RaftServerConfigKeys (ConfUtils.java:logGet(43)) - raft.server.rpcslowness.timeout = 1000s (custom)
2019-10-25 10:59:09,679 [pool-37-thread-1] INFO  server.RaftServerConfigKeys (ConfUtils.java:logGet(43)) - raft.server.sleep.deviation.threshold = 300 (default)
2019-10-25 10:59:09,679 [pool-37-thread-1] INFO  server.RaftServerConfigKeys (ConfUtils.java:logGet(43)) - raft.server.log.appender.install.snapshot.enabled = false (custom)
2019-10-25 10:59:09,679 [pool-37-thread-1] INFO  impl.RaftServerImpl (ServerState.java:<init>(103)) - c661ec13-19db-400c-b7a5-525d9c97029d@group-F8F143B02786: ConfigurationManager, init=-1: [c661ec13-19db-400c-b7a5-525d9c97029d:192.168.157.233:33523], old=null, confs=<EMPTY_MAP>
2019-10-25 10:59:09,679 [pool-37-thread-1] INFO  server.RaftServerConfigKeys (ConfUtils.java:logGet(43)) - raft.server.storage.dir = [/workdir/hadoop-ozone/integration-test/target/test-dir/MiniOzoneClusterImpl-6ab75f42-d005-46c3-b20f-f10c1b9a2e9f/datanode-1/data/ratis] (custom)
2019-10-25 10:59:09,680 [pool-37-thread-1] INFO  server.RaftServerConfigKeys (ConfUtils.java:logGet(43)) - raft.server.log.corruption.policy = EXCEPTION (default)
2019-10-25 10:59:09,680 [pool-37-thread-1] INFO  storage.RaftStorageDirectory (RaftStorageDirectory.java:analyzeStorage(246)) - The storage directory /workdir/hadoop-ozone/integration-test/target/test-dir/MiniOzoneClusterImpl-6ab75f42-d005-46c3-b20f-f10c1b9a2e9f/datanode-1/data/ratis/4415c6a0-2e95-4ec2-8830-f8f143b02786 does not exist. Creating ...
2019-10-25 10:59:09,682 [Thread-186] INFO  impl.RoleInfo (RoleInfo.java:updateAndGet(143)) - 98a94502-2c87-40a7-b3de-b58821969ff5: start LeaderElection
2019-10-25 10:59:09,695 [pool-37-thread-1] INFO  storage.RaftStorageDirectory (RaftStorageDirectory.java:tryLock(328)) - Lock on /workdir/hadoop-ozone/integration-test/target/test-dir/MiniOzoneClusterImpl-6ab75f42-d005-46c3-b20f-f10c1b9a2e9f/datanode-1/data/ratis/4415c6a0-2e95-4ec2-8830-f8f143b02786/in_use.lock acquired by nodename 8158@pr-hdds-2359-lls5b-3453883328
2019-10-25 10:59:09,695 [98a94502-2c87-40a7-b3de-b58821969ff5@group-BB9563802AB8-LeaderElection1] INFO  impl.LeaderElection (LeaderElection.java:askForVotes(178)) - 98a94502-2c87-40a7-b3de-b58821969ff5@group-BB9563802AB8-LeaderElection1: begin an election at term 1 for -1: [98a94502-2c87-40a7-b3de-b58821969ff5:192.168.157.233:45458], old=null
2019-10-25 10:59:09,697 [98a94502-2c87-40a7-b3de-b58821969ff5@group-BB9563802AB8-LeaderElection1] INFO  impl.RoleInfo (RoleInfo.java:shutdownLeaderElection(134)) - 98a94502-2c87-40a7-b3de-b58821969ff5: shutdown LeaderElection
2019-10-25 10:59:09,698 [98a94502-2c87-40a7-b3de-b58821969ff5@group-BB9563802AB8-LeaderElection1] INFO  impl.RaftServerImpl (RaftServerImpl.java:setRole(184)) - 98a94502-2c87-40a7-b3de-b58821969ff5@group-BB9563802AB8: changes role from CANDIDATE to LEADER at term 1 for changeToLeader
2019-10-25 10:59:09,698 [98a94502-2c87-40a7-b3de-b58821969ff5@group-BB9563802AB8-LeaderElection1] INFO  impl.RaftServerImpl (ServerState.java:setLeader(256)) - 98a94502-2c87-40a7-b3de-b58821969ff5@group-BB9563802AB8: change Leader from null to 98a94502-2c87-40a7-b3de-b58821969ff5 at term 1 for becomeLeader, leader elected after 231ms
2019-10-25 10:59:09,703 [98a94502-2c87-40a7-b3de-b58821969ff5@group-BB9563802AB8-LeaderElection1] INFO  server.RaftServerConfigKeys (ConfUtils.java:logGet(43)) - raft.server.staging.catchup.gap = 1000 (default)
2019-10-25 10:59:09,703 [98a94502-2c87-40a7-b3de-b58821969ff5@group-BB9563802AB8-LeaderElection1] INFO  server.RaftServerConfigKeys (ConfUtils.java:logGet(43)) - raft.server.rpc.sleep.time = 25ms (default)
2019-10-25 10:59:09,706 [98a94502-2c87-40a7-b3de-b58821969ff5@group-BB9563802AB8-LeaderElection1] INFO  server.RaftServerConfigKeys (ConfUtils.java:logGet(43)) - raft.server.write.element-limit = 4096 (default)
2019-10-25 10:59:09,709 [98a94502-2c87-40a7-b3de-b58821969ff5@group-BB9563802AB8-LeaderElection1] INFO  server.RaftServerConfigKeys (ConfUtils.java:logGet(43)) - raft.server.watch.timeout = 10s (default)
2019-10-25 10:59:09,709 [98a94502-2c87-40a7-b3de-b58821969ff5@group-BB9563802AB8-LeaderElection1] INFO  server.RaftServerConfigKeys (ConfUtils.java:logGet(43)) - raft.server.watch.timeout.denomination = 1s (default)
2019-10-25 10:59:09,709 [98a94502-2c87-40a7-b3de-b58821969ff5@group-BB9563802AB8-LeaderElection1] INFO  server.RaftServerConfigKeys (ConfUtils.java:logGet(43)) - raft.server.watch.element-limit = 65536 (default)
2019-10-25 10:59:09,717 [pool-37-thread-1] INFO  storage.RaftStorage (RaftStorage.java:format(84)) - Storage directory /workdir/hadoop-ozone/integration-test/target/test-dir/MiniOzoneClusterImpl-6ab75f42-d005-46c3-b20f-f10c1b9a2e9f/datanode-1/data/ratis/4415c6a0-2e95-4ec2-8830-f8f143b02786 has been successfully formatted.
2019-10-25 10:59:09,719 [pool-37-thread-1] INFO  ratis.ContainerStateMachine (ContainerStateMachine.java:loadSnapshot(231)) - group-F8F143B02786: The snapshot info is null. Setting the last applied indexto:(t:0, i:~)
2019-10-25 10:59:09,721 [pool-37-thread-1] INFO  server.RaftServerConfigKeys (ConfUtils.java:logGet(43)) - raft.server.notification.no-leader.timeout = 1000s (custom)
2019-10-25 10:59:09,721 [pool-37-thread-1] INFO  server.RaftServerConfigKeys (ConfUtils.java:logGet(43)) - raft.server.log.use.memory = false (default)
2019-10-25 10:59:09,721 [pool-37-thread-1] INFO  server.RaftServerConfigKeys (ConfUtils.java:logGet(43)) - raft.server.log.purge.gap = 1000000 (custom)
2019-10-25 10:59:09,721 [pool-37-thread-1] INFO  server.RaftServerConfigKeys (ConfUtils.java:logGet(43)) - raft.server.log.appender.buffer.byte-limit = 33554432 (custom)
2019-10-25 10:59:09,721 [pool-37-thread-1] INFO  server.RaftServerConfigKeys (ConfUtils.java:logGet(43)) - raft.server.log.segment.size.max = 1048576 (custom)
2019-10-25 10:59:09,747 [pool-37-thread-1] INFO  server.RaftServerConfigKeys (ConfUtils.java:logGet(43)) - raft.server.log.segment.cache.num.max = 2 (custom)
2019-10-25 10:59:09,747 [pool-37-thread-1] INFO  segmented.SegmentedRaftLogWorker (SegmentedRaftLogWorker.java:<init>(173)) - new c661ec13-19db-400c-b7a5-525d9c97029d@group-F8F143B02786-SegmentedRaftLogWorker for RaftStorage:Storage Directory /workdir/hadoop-ozone/integration-test/target/test-dir/MiniOzoneClusterImpl-6ab75f42-d005-46c3-b20f-f10c1b9a2e9f/datanode-1/data/ratis/4415c6a0-2e95-4ec2-8830-f8f143b02786
2019-10-25 10:59:09,748 [98a94502-2c87-40a7-b3de-b58821969ff5@group-BB9563802AB8-LeaderElection1] INFO  impl.RoleInfo (RoleInfo.java:updateAndGet(143)) - 98a94502-2c87-40a7-b3de-b58821969ff5: start LeaderState
2019-10-25 10:59:09,748 [pool-37-thread-1] INFO  server.RaftServerConfigKeys (ConfUtils.java:logGet(43)) - raft.server.log.queue.byte-limit = 2147483647 (custom)
2019-10-25 10:59:09,748 [pool-37-thread-1] INFO  server.RaftServerConfigKeys (ConfUtils.java:logGet(43)) - raft.server.log.queue.element-limit = 1024 (custom)
2019-10-25 10:59:09,748 [pool-37-thread-1] INFO  server.RaftServerConfigKeys (ConfUtils.java:logGet(43)) - raft.server.log.segment.size.max = 1048576 (custom)
2019-10-25 10:59:09,749 [pool-37-thread-1] INFO  server.RaftServerConfigKeys (ConfUtils.java:logGet(43)) - raft.server.log.preallocated.size = 16384 (custom)
2019-10-25 10:59:09,749 [pool-37-thread-1] INFO  server.RaftServerConfigKeys (ConfUtils.java:logGet(43)) - raft.server.log.write.buffer.size = 33554432 (custom)
2019-10-25 10:59:09,749 [pool-37-thread-1] INFO  server.RaftServerConfigKeys (ConfUtils.java:logGet(43)) - raft.server.log.force.sync.num = 128 (default)
2019-10-25 10:59:09,749 [pool-37-thread-1] INFO  server.RaftServerConfigKeys (ConfUtils.java:logGet(43)) - raft.server.log.statemachine.data.sync = true (default)
2019-10-25 10:59:09,749 [pool-37-thread-1] INFO  server.RaftServerConfigKeys (ConfUtils.java:logGet(43)) - raft.server.log.statemachine.data.sync.timeout = 10s (default)
2019-10-25 10:59:09,749 [pool-37-thread-1] INFO  server.RaftServerConfigKeys (ConfUtils.java:logGet(43)) - raft.server.log.statemachine.data.sync.timeout.retry = -1 (default)
2019-10-25 10:59:09,750 [pool-37-thread-1] INFO  server.RaftServerConfigKeys (ConfUtils.java:logGet(43)) - raft.server.log.statemachine.data.caching.enabled = true (custom)
2019-10-25 10:59:09,750 [pool-37-thread-1] INFO  segmented.SegmentedRaftLogWorker (SegmentedRaftLogWorker.java:lambda$new$0(128)) - c661ec13-19db-400c-b7a5-525d9c97029d@group-F8F143B02786-SegmentedRaftLogWorker: flushIndex: setUnconditionally 0 -> -1
2019-10-25 10:59:09,751 [pool-37-thread-1] INFO  server.RaftServerConfigKeys (ConfUtils.java:logGet(43)) - raft.server.snapshot.auto.trigger.enabled = true (custom)
2019-10-25 10:59:09,751 [pool-37-thread-1] INFO  server.RaftServerConfigKeys (ConfUtils.java:logGet(43)) - raft.server.snapshot.auto.trigger.threshold = 10000 (custom)
2019-10-25 10:59:09,751 [pool-37-thread-1] INFO  server.RaftServerConfigKeys (ConfUtils.java:logGet(43)) - raft.server.snapshot.retention.file.num = 5 (custom)
2019-10-25 10:59:09,751 [pool-37-thread-1] INFO  server.RaftServerConfigKeys (ConfUtils.java:logGet(43)) - raft.server.retrycache.expirytime = 600000ms (custom)
2019-10-25 10:59:09,758 [pool-37-thread-1] INFO  impl.RaftServerImpl (RaftServerImpl.java:start(195)) - c661ec13-19db-400c-b7a5-525d9c97029d@group-F8F143B02786: start as a follower, conf=-1: [c661ec13-19db-400c-b7a5-525d9c97029d:192.168.157.233:33523], old=null
2019-10-25 10:59:09,758 [pool-37-thread-1] INFO  impl.RaftServerImpl (RaftServerImpl.java:setRole(184)) - c661ec13-19db-400c-b7a5-525d9c97029d@group-F8F143B02786: changes role from      null to FOLLOWER at term 0 for startAsFollower
2019-10-25 10:59:09,758 [pool-37-thread-1] INFO  impl.RoleInfo (RoleInfo.java:updateAndGet(143)) - c661ec13-19db-400c-b7a5-525d9c97029d: start FollowerState
2019-10-25 10:59:09,759 [pool-37-thread-1] INFO  util.JmxRegister (JmxRegister.java:tryRegister(44)) - Successfully registered JMX Bean with object name Ratis:service=RaftServer,group=group-F8F143B02786,id=c661ec13-19db-400c-b7a5-525d9c97029d
2019-10-25 10:59:09,774 [RatisPipelineUtilsThread] INFO  pipeline.PipelineStateManager (PipelineStateManager.java:addPipeline(56)) - Created pipeline Pipeline[ Id: 4415c6a0-2e95-4ec2-8830-f8f143b02786, Nodes: c661ec13-19db-400c-b7a5-525d9c97029d{ip: 192.168.157.233, host: pr-hdds-2359-lls5b-3453883328, networkLocation: /default-rack, certSerialId: null}, Type:RATIS, Factor:ONE, State:OPEN]
2019-10-25 10:59:09,774 [98a94502-2c87-40a7-b3de-b58821969ff5@group-BB9563802AB8-LeaderElection1] INFO  segmented.SegmentedRaftLogWorker (SegmentedRaftLogWorker.java:startLogSegment(385)) - 98a94502-2c87-40a7-b3de-b58821969ff5@group-BB9563802AB8-SegmentedRaftLogWorker: Starting segment from index:0
2019-10-25 10:59:09,790 [grpc-default-executor-0] INFO  impl.RaftServerProxy (RaftServerProxy.java:addNew(89)) - ef252736-79c5-4662-a0c7-91e85b60cae7: addNew group-A2970954B891:[ef252736-79c5-4662-a0c7-91e85b60cae7:192.168.157.233:36823] returns group-A2970954B891:java.util.concurrent.CompletableFuture@4c71fe4c[Not completed]
2019-10-25 10:59:09,791 [pool-47-thread-1] INFO  impl.RaftServerImpl (RaftServerImpl.java:<init>(104)) - ef252736-79c5-4662-a0c7-91e85b60cae7: new RaftServerImpl for group-A2970954B891:[ef252736-79c5-4662-a0c7-91e85b60cae7:192.168.157.233:36823] with ContainerStateMachine:uninitialized
2019-10-25 10:59:09,792 [98a94502-2c87-40a7-b3de-b58821969ff5@group-BB9563802AB8-LeaderElection1] INFO  impl.RaftServerImpl (ServerState.java:setRaftConf(357)) - 98a94502-2c87-40a7-b3de-b58821969ff5@group-BB9563802AB8: set configuration 0: [98a94502-2c87-40a7-b3de-b58821969ff5:192.168.157.233:45458], old=null at 0
2019-10-25 10:59:09,792 [pool-47-thread-1] INFO  server.RaftServerConfigKeys (ConfUtils.java:logGet(43)) - raft.server.rpc.timeout.min = 5s (custom)
2019-10-25 10:59:09,792 [pool-47-thread-1] INFO  server.RaftServerConfigKeys (ConfUtils.java:logGet(43)) - raft.server.rpc.timeout.max = 5200ms (custom)
2019-10-25 10:59:09,792 [pool-47-thread-1] INFO  server.RaftServerConfigKeys (ConfUtils.java:logGet(43)) - raft.server.rpcslowness.timeout = 1000s (custom)
2019-10-25 10:59:09,793 [pool-47-thread-1] INFO  server.RaftServerConfigKeys (ConfUtils.java:logGet(43)) - raft.server.sleep.deviation.threshold = 300 (default)
2019-10-25 10:59:09,793 [pool-47-thread-1] INFO  server.RaftServerConfigKeys (ConfUtils.java:logGet(43)) - raft.server.log.appender.install.snapshot.enabled = false (custom)
2019-10-25 10:59:09,793 [pool-47-thread-1] INFO  impl.RaftServerImpl (ServerState.java:<init>(103)) - ef252736-79c5-4662-a0c7-91e85b60cae7@group-A2970954B891: ConfigurationManager, init=-1: [ef252736-79c5-4662-a0c7-91e85b60cae7:192.168.157.233:36823], old=null, confs=<EMPTY_MAP>
2019-10-25 10:59:09,793 [pool-47-thread-1] INFO  server.RaftServerConfigKeys (ConfUtils.java:logGet(43)) - raft.server.storage.dir = [/workdir/hadoop-ozone/integration-test/target/test-dir/MiniOzoneClusterImpl-6ab75f42-d005-46c3-b20f-f10c1b9a2e9f/datanode-2/data/ratis] (custom)
2019-10-25 10:59:09,793 [pool-47-thread-1] INFO  server.RaftServerConfigKeys (ConfUtils.java:logGet(43)) - raft.server.log.corruption.policy = EXCEPTION (default)
2019-10-25 10:59:09,793 [pool-47-thread-1] INFO  storage.RaftStorageDirectory (RaftStorageDirectory.java:analyzeStorage(246)) - The storage directory /workdir/hadoop-ozone/integration-test/target/test-dir/MiniOzoneClusterImpl-6ab75f42-d005-46c3-b20f-f10c1b9a2e9f/datanode-2/data/ratis/37ce62f8-09d9-4129-a6fa-a2970954b891 does not exist. Creating ...
2019-10-25 10:59:09,806 [pool-47-thread-1] INFO  storage.RaftStorageDirectory (RaftStorageDirectory.java:tryLock(328)) - Lock on /workdir/hadoop-ozone/integration-test/target/test-dir/MiniOzoneClusterImpl-6ab75f42-d005-46c3-b20f-f10c1b9a2e9f/datanode-2/data/ratis/37ce62f8-09d9-4129-a6fa-a2970954b891/in_use.lock acquired by nodename 8158@pr-hdds-2359-lls5b-3453883328
2019-10-25 10:59:09,819 [pool-47-thread-1] INFO  storage.RaftStorage (RaftStorage.java:format(84)) - Storage directory /workdir/hadoop-ozone/integration-test/target/test-dir/MiniOzoneClusterImpl-6ab75f42-d005-46c3-b20f-f10c1b9a2e9f/datanode-2/data/ratis/37ce62f8-09d9-4129-a6fa-a2970954b891 has been successfully formatted.
2019-10-25 10:59:09,819 [pool-47-thread-1] INFO  ratis.ContainerStateMachine (ContainerStateMachine.java:loadSnapshot(231)) - group-A2970954B891: The snapshot info is null. Setting the last applied indexto:(t:0, i:~)
2019-10-25 10:59:09,819 [pool-47-thread-1] INFO  server.RaftServerConfigKeys (ConfUtils.java:logGet(43)) - raft.server.notification.no-leader.timeout = 1000s (custom)
2019-10-25 10:59:09,819 [pool-47-thread-1] INFO  server.RaftServerConfigKeys (ConfUtils.java:logGet(43)) - raft.server.log.use.memory = false (default)
2019-10-25 10:59:09,819 [pool-47-thread-1] INFO  server.RaftServerConfigKeys (ConfUtils.java:logGet(43)) - raft.server.log.purge.gap = 1000000 (custom)
2019-10-25 10:59:09,819 [pool-47-thread-1] INFO  server.RaftServerConfigKeys (ConfUtils.java:logGet(43)) - raft.server.log.appender.buffer.byte-limit = 33554432 (custom)
2019-10-25 10:59:09,820 [pool-47-thread-1] INFO  server.RaftServerConfigKeys (ConfUtils.java:logGet(43)) - raft.server.log.segment.size.max = 1048576 (custom)
2019-10-25 10:59:09,822 [pool-47-thread-1] INFO  server.RaftServerConfigKeys (ConfUtils.java:logGet(43)) - raft.server.log.segment.cache.num.max = 2 (custom)
2019-10-25 10:59:09,822 [pool-47-thread-1] INFO  segmented.SegmentedRaftLogWorker (SegmentedRaftLogWorker.java:<init>(173)) - new ef252736-79c5-4662-a0c7-91e85b60cae7@group-A2970954B891-SegmentedRaftLogWorker for RaftStorage:Storage Directory /workdir/hadoop-ozone/integration-test/target/test-dir/MiniOzoneClusterImpl-6ab75f42-d005-46c3-b20f-f10c1b9a2e9f/datanode-2/data/ratis/37ce62f8-09d9-4129-a6fa-a2970954b891
2019-10-25 10:59:09,823 [pool-47-thread-1] INFO  server.RaftServerConfigKeys (ConfUtils.java:logGet(43)) - raft.server.log.queue.byte-limit = 2147483647 (custom)
2019-10-25 10:59:09,823 [pool-47-thread-1] INFO  server.RaftServerConfigKeys (ConfUtils.java:logGet(43)) - raft.server.log.queue.element-limit = 1024 (custom)
2019-10-25 10:59:09,823 [pool-47-thread-1] INFO  server.RaftServerConfigKeys (ConfUtils.java:logGet(43)) - raft.server.log.segment.size.max = 1048576 (custom)
2019-10-25 10:59:09,823 [pool-47-thread-1] INFO  server.RaftServerConfigKeys (ConfUtils.java:logGet(43)) - raft.server.log.preallocated.size = 16384 (custom)
2019-10-25 10:59:09,823 [pool-47-thread-1] INFO  server.RaftServerConfigKeys (ConfUtils.java:logGet(43)) - raft.server.log.write.buffer.size = 33554432 (custom)
2019-10-25 10:59:09,823 [pool-47-thread-1] INFO  server.RaftServerConfigKeys (ConfUtils.java:logGet(43)) - raft.server.log.force.sync.num = 128 (default)
2019-10-25 10:59:09,823 [pool-47-thread-1] INFO  server.RaftServerConfigKeys (ConfUtils.java:logGet(43)) - raft.server.log.statemachine.data.sync = true (default)
2019-10-25 10:59:09,823 [pool-47-thread-1] INFO  server.RaftServerConfigKeys (ConfUtils.java:logGet(43)) - raft.server.log.statemachine.data.sync.timeout = 10s (default)
2019-10-25 10:59:09,823 [pool-47-thread-1] INFO  server.RaftServerConfigKeys (ConfUtils.java:logGet(43)) - raft.server.log.statemachine.data.sync.timeout.retry = -1 (default)
2019-10-25 10:59:09,824 [pool-47-thread-1] INFO  server.RaftServerConfigKeys (ConfUtils.java:logGet(43)) - raft.server.log.statemachine.data.caching.enabled = true (custom)
2019-10-25 10:59:09,824 [pool-47-thread-1] INFO  segmented.SegmentedRaftLogWorker (SegmentedRaftLogWorker.java:lambda$new$0(128)) - ef252736-79c5-4662-a0c7-91e85b60cae7@group-A2970954B891-SegmentedRaftLogWorker: flushIndex: setUnconditionally 0 -> -1
2019-10-25 10:59:09,825 [pool-47-thread-1] INFO  server.RaftServerConfigKeys (ConfUtils.java:logGet(43)) - raft.server.snapshot.auto.trigger.enabled = true (custom)
2019-10-25 10:59:09,825 [pool-47-thread-1] INFO  server.RaftServerConfigKeys (ConfUtils.java:logGet(43)) - raft.server.snapshot.auto.trigger.threshold = 10000 (custom)
2019-10-25 10:59:09,825 [pool-47-thread-1] INFO  server.RaftServerConfigKeys (ConfUtils.java:logGet(43)) - raft.server.snapshot.retention.file.num = 5 (custom)
2019-10-25 10:59:09,825 [pool-47-thread-1] INFO  server.RaftServerConfigKeys (ConfUtils.java:logGet(43)) - raft.server.retrycache.expirytime = 600000ms (custom)
2019-10-25 10:59:09,829 [pool-47-thread-1] INFO  impl.RaftServerImpl (RaftServerImpl.java:start(195)) - ef252736-79c5-4662-a0c7-91e85b60cae7@group-A2970954B891: start as a follower, conf=-1: [ef252736-79c5-4662-a0c7-91e85b60cae7:192.168.157.233:36823], old=null
2019-10-25 10:59:09,829 [pool-47-thread-1] INFO  impl.RaftServerImpl (RaftServerImpl.java:setRole(184)) - ef252736-79c5-4662-a0c7-91e85b60cae7@group-A2970954B891: changes role from      null to FOLLOWER at term 0 for startAsFollower
2019-10-25 10:59:09,830 [pool-47-thread-1] INFO  impl.RoleInfo (RoleInfo.java:updateAndGet(143)) - ef252736-79c5-4662-a0c7-91e85b60cae7: start FollowerState
2019-10-25 10:59:09,830 [pool-47-thread-1] INFO  util.JmxRegister (JmxRegister.java:tryRegister(44)) - Successfully registered JMX Bean with object name Ratis:service=RaftServer,group=group-A2970954B891,id=ef252736-79c5-4662-a0c7-91e85b60cae7
2019-10-25 10:59:09,839 [RatisPipelineUtilsThread] INFO  pipeline.PipelineStateManager (PipelineStateManager.java:addPipeline(56)) - Created pipeline Pipeline[ Id: 37ce62f8-09d9-4129-a6fa-a2970954b891, Nodes: ef252736-79c5-4662-a0c7-91e85b60cae7{ip: 192.168.157.233, host: pr-hdds-2359-lls5b-3453883328, networkLocation: /default-rack, certSerialId: null}, Type:RATIS, Factor:ONE, State:OPEN]
2019-10-25 10:59:09,842 [Thread-194] INFO  impl.FollowerState (FollowerState.java:run(108)) - ef252736-79c5-4662-a0c7-91e85b60cae7@group-A2970954B891-FollowerState: change to CANDIDATE, lastRpcTime:12ms, electionTimeout:12ms
2019-10-25 10:59:09,843 [Thread-194] INFO  impl.RoleInfo (RoleInfo.java:shutdownFollowerState(121)) - ef252736-79c5-4662-a0c7-91e85b60cae7: shutdown FollowerState
2019-10-25 10:59:09,843 [Thread-194] INFO  impl.RaftServerImpl (RaftServerImpl.java:setRole(184)) - ef252736-79c5-4662-a0c7-91e85b60cae7@group-A2970954B891: changes role from  FOLLOWER to CANDIDATE at term 0 for changeToCandidate
2019-10-25 10:59:09,844 [Thread-194] INFO  impl.RoleInfo (RoleInfo.java:updateAndGet(143)) - ef252736-79c5-4662-a0c7-91e85b60cae7: start LeaderElection
2019-10-25 10:59:09,846 [Thread-191] INFO  impl.FollowerState (FollowerState.java:run(108)) - c661ec13-19db-400c-b7a5-525d9c97029d@group-F8F143B02786-FollowerState: change to CANDIDATE, lastRpcTime:87ms, electionTimeout:87ms
2019-10-25 10:59:09,847 [Thread-191] INFO  impl.RoleInfo (RoleInfo.java:shutdownFollowerState(121)) - c661ec13-19db-400c-b7a5-525d9c97029d: shutdown FollowerState
2019-10-25 10:59:09,847 [Thread-191] INFO  impl.RaftServerImpl (RaftServerImpl.java:setRole(184)) - c661ec13-19db-400c-b7a5-525d9c97029d@group-F8F143B02786: changes role from  FOLLOWER to CANDIDATE at term 0 for changeToCandidate
2019-10-25 10:59:09,847 [Thread-191] INFO  impl.RoleInfo (RoleInfo.java:updateAndGet(143)) - c661ec13-19db-400c-b7a5-525d9c97029d: start LeaderElection
2019-10-25 10:59:09,860 [grpc-default-executor-2] INFO  impl.RaftServerProxy (RaftServerProxy.java:addNew(89)) - ef252736-79c5-4662-a0c7-91e85b60cae7: addNew group-75E956CAE081:[98a94502-2c87-40a7-b3de-b58821969ff5:192.168.157.233:45458, ef252736-79c5-4662-a0c7-91e85b60cae7:192.168.157.233:36823, c661ec13-19db-400c-b7a5-525d9c97029d:192.168.157.233:33523] returns group-75E956CAE081:java.util.concurrent.CompletableFuture@71653058[Not completed]
2019-10-25 10:59:09,861 [ef252736-79c5-4662-a0c7-91e85b60cae7@group-A2970954B891-LeaderElection2] INFO  impl.LeaderElection (LeaderElection.java:askForVotes(178)) - ef252736-79c5-4662-a0c7-91e85b60cae7@group-A2970954B891-LeaderElection2: begin an election at term 1 for -1: [ef252736-79c5-4662-a0c7-91e85b60cae7:192.168.157.233:36823], old=null
2019-10-25 10:59:09,862 [c661ec13-19db-400c-b7a5-525d9c97029d@group-F8F143B02786-LeaderElection3] INFO  impl.LeaderElection (LeaderElection.java:askForVotes(178)) - c661ec13-19db-400c-b7a5-525d9c97029d@group-F8F143B02786-LeaderElection3: begin an election at term 1 for -1: [c661ec13-19db-400c-b7a5-525d9c97029d:192.168.157.233:33523], old=null
2019-10-25 10:59:09,862 [ef252736-79c5-4662-a0c7-91e85b60cae7@group-A2970954B891-LeaderElection2] INFO  impl.RoleInfo (RoleInfo.java:shutdownLeaderElection(134)) - ef252736-79c5-4662-a0c7-91e85b60cae7: shutdown LeaderElection
2019-10-25 10:59:09,863 [c661ec13-19db-400c-b7a5-525d9c97029d@group-F8F143B02786-LeaderElection3] INFO  impl.RoleInfo (RoleInfo.java:shutdownLeaderElection(134)) - c661ec13-19db-400c-b7a5-525d9c97029d: shutdown LeaderElection
2019-10-25 10:59:09,863 [ef252736-79c5-4662-a0c7-91e85b60cae7@group-A2970954B891-LeaderElection2] INFO  impl.RaftServerImpl (RaftServerImpl.java:setRole(184)) - ef252736-79c5-4662-a0c7-91e85b60cae7@group-A2970954B891: changes role from CANDIDATE to LEADER at term 1 for changeToLeader
2019-10-25 10:59:09,863 [c661ec13-19db-400c-b7a5-525d9c97029d@group-F8F143B02786-LeaderElection3] INFO  impl.RaftServerImpl (RaftServerImpl.java:setRole(184)) - c661ec13-19db-400c-b7a5-525d9c97029d@group-F8F143B02786: changes role from CANDIDATE to LEADER at term 1 for changeToLeader
2019-10-25 10:59:09,863 [ef252736-79c5-4662-a0c7-91e85b60cae7@group-A2970954B891-LeaderElection2] INFO  impl.RaftServerImpl (ServerState.java:setLeader(256)) - ef252736-79c5-4662-a0c7-91e85b60cae7@group-A2970954B891: change Leader from null to ef252736-79c5-4662-a0c7-91e85b60cae7 at term 1 for becomeLeader, leader elected after 43ms
2019-10-25 10:59:09,863 [grpc-default-executor-2] INFO  impl.RaftServerProxy (RaftServerProxy.java:addNew(89)) - c661ec13-19db-400c-b7a5-525d9c97029d: addNew group-75E956CAE081:[98a94502-2c87-40a7-b3de-b58821969ff5:192.168.157.233:45458, ef252736-79c5-4662-a0c7-91e85b60cae7:192.168.157.233:36823, c661ec13-19db-400c-b7a5-525d9c97029d:192.168.157.233:33523] returns group-75E956CAE081:java.util.concurrent.CompletableFuture@30583a63[Not completed]
2019-10-25 10:59:09,863 [ef252736-79c5-4662-a0c7-91e85b60cae7@group-A2970954B891-LeaderElection2] INFO  server.RaftServerConfigKeys (ConfUtils.java:logGet(43)) - raft.server.staging.catchup.gap = 1000 (default)
2019-10-25 10:59:09,863 [c661ec13-19db-400c-b7a5-525d9c97029d@group-F8F143B02786-LeaderElection3] INFO  impl.RaftServerImpl (ServerState.java:setLeader(256)) - c661ec13-19db-400c-b7a5-525d9c97029d@group-F8F143B02786: change Leader from null to c661ec13-19db-400c-b7a5-525d9c97029d at term 1 for becomeLeader, leader elected after 142ms
2019-10-25 10:59:09,863 [ef252736-79c5-4662-a0c7-91e85b60cae7@group-A2970954B891-LeaderElection2] INFO  server.RaftServerConfigKeys (ConfUtils.java:logGet(43)) - raft.server.rpc.sleep.time = 25ms (default)
2019-10-25 10:59:09,863 [pool-47-thread-1] INFO  impl.RaftServerImpl (RaftServerImpl.java:<init>(104)) - ef252736-79c5-4662-a0c7-91e85b60cae7: new RaftServerImpl for group-75E956CAE081:[98a94502-2c87-40a7-b3de-b58821969ff5:192.168.157.233:45458, ef252736-79c5-4662-a0c7-91e85b60cae7:192.168.157.233:36823, c661ec13-19db-400c-b7a5-525d9c97029d:192.168.157.233:33523] with ContainerStateMachine:uninitialized
2019-10-25 10:59:09,863 [c661ec13-19db-400c-b7a5-525d9c97029d@group-F8F143B02786-LeaderElection3] INFO  server.RaftServerConfigKeys (ConfUtils.java:logGet(43)) - raft.server.staging.catchup.gap = 1000 (default)
2019-10-25 10:59:09,863 [ef252736-79c5-4662-a0c7-91e85b60cae7@group-A2970954B891-LeaderElection2] INFO  server.RaftServerConfigKeys (ConfUtils.java:logGet(43)) - raft.server.write.element-limit = 4096 (default)
2019-10-25 10:59:09,863 [pool-47-thread-1] INFO  server.RaftServerConfigKeys (ConfUtils.java:logGet(43)) - raft.server.rpc.timeout.min = 5s (custom)
2019-10-25 10:59:09,864 [ef252736-79c5-4662-a0c7-91e85b60cae7@group-A2970954B891-LeaderElection2] INFO  server.RaftServerConfigKeys (ConfUtils.java:logGet(43)) - raft.server.watch.timeout = 10s (default)
2019-10-25 10:59:09,863 [c661ec13-19db-400c-b7a5-525d9c97029d@group-F8F143B02786-LeaderElection3] INFO  server.RaftServerConfigKeys (ConfUtils.java:logGet(43)) - raft.server.rpc.sleep.time = 25ms (default)
2019-10-25 10:59:09,864 [ef252736-79c5-4662-a0c7-91e85b60cae7@group-A2970954B891-LeaderElection2] INFO  server.RaftServerConfigKeys (ConfUtils.java:logGet(43)) - raft.server.watch.timeout.denomination = 1s (default)
2019-10-25 10:59:09,864 [pool-47-thread-1] INFO  server.RaftServerConfigKeys (ConfUtils.java:logGet(43)) - raft.server.rpc.timeout.max = 5200ms (custom)
2019-10-25 10:59:09,864 [pool-37-thread-1] INFO  impl.RaftServerImpl (RaftServerImpl.java:<init>(104)) - c661ec13-19db-400c-b7a5-525d9c97029d: new RaftServerImpl for group-75E956CAE081:[98a94502-2c87-40a7-b3de-b58821969ff5:192.168.157.233:45458, ef252736-79c5-4662-a0c7-91e85b60cae7:192.168.157.233:36823, c661ec13-19db-400c-b7a5-525d9c97029d:192.168.157.233:33523] with ContainerStateMachine:uninitialized
2019-10-25 10:59:09,865 [pool-47-thread-1] INFO  server.RaftServerConfigKeys (ConfUtils.java:logGet(43)) - raft.server.rpcslowness.timeout = 1000s (custom)
2019-10-25 10:59:09,865 [ef252736-79c5-4662-a0c7-91e85b60cae7@group-A2970954B891-LeaderElection2] INFO  server.RaftServerConfigKeys (ConfUtils.java:logGet(43)) - raft.server.watch.element-limit = 65536 (default)
2019-10-25 10:59:09,865 [c661ec13-19db-400c-b7a5-525d9c97029d@group-F8F143B02786-LeaderElection3] INFO  server.RaftServerConfigKeys (ConfUtils.java:logGet(43)) - raft.server.write.element-limit = 4096 (default)
2019-10-25 10:59:09,865 [pool-47-thread-1] INFO  server.RaftServerConfigKeys (ConfUtils.java:logGet(43)) - raft.server.sleep.deviation.threshold = 300 (default)
2019-10-25 10:59:09,866 [pool-47-thread-1] INFO  server.RaftServerConfigKeys (ConfUtils.java:logGet(43)) - raft.server.log.appender.install.snapshot.enabled = false (custom)
2019-10-25 10:59:09,865 [pool-37-thread-1] INFO  server.RaftServerConfigKeys (ConfUtils.java:logGet(43)) - raft.server.rpc.timeout.min = 5s (custom)
2019-10-25 10:59:09,866 [pool-47-thread-1] INFO  impl.RaftServerImpl (ServerState.java:<init>(103)) - ef252736-79c5-4662-a0c7-91e85b60cae7@group-75E956CAE081: ConfigurationManager, init=-1: [98a94502-2c87-40a7-b3de-b58821969ff5:192.168.157.233:45458, ef252736-79c5-4662-a0c7-91e85b60cae7:192.168.157.233:36823, c661ec13-19db-400c-b7a5-525d9c97029d:192.168.157.233:33523], old=null, confs=<EMPTY_MAP>
2019-10-25 10:59:09,866 [grpc-default-executor-2] INFO  impl.RaftServerProxy (RaftServerProxy.java:addNew(89)) - 98a94502-2c87-40a7-b3de-b58821969ff5: addNew group-75E956CAE081:[98a94502-2c87-40a7-b3de-b58821969ff5:192.168.157.233:45458, ef252736-79c5-4662-a0c7-91e85b60cae7:192.168.157.233:36823, c661ec13-19db-400c-b7a5-525d9c97029d:192.168.157.233:33523] returns group-75E956CAE081:java.util.concurrent.CompletableFuture@599da195[Not completed]
2019-10-25 10:59:09,866 [c661ec13-19db-400c-b7a5-525d9c97029d@group-F8F143B02786-LeaderElection3] INFO  server.RaftServerConfigKeys (ConfUtils.java:logGet(43)) - raft.server.watch.timeout = 10s (default)
2019-10-25 10:59:09,867 [pool-47-thread-1] INFO  server.RaftServerConfigKeys (ConfUtils.java:logGet(43)) - raft.server.storage.dir = [/workdir/hadoop-ozone/integration-test/target/test-dir/MiniOzoneClusterImpl-6ab75f42-d005-46c3-b20f-f10c1b9a2e9f/datanode-2/data/ratis] (custom)
2019-10-25 10:59:09,868 [c661ec13-19db-400c-b7a5-525d9c97029d@group-F8F143B02786-LeaderElection3] INFO  server.RaftServerConfigKeys (ConfUtils.java:logGet(43)) - raft.server.watch.timeout.denomination = 1s (default)
2019-10-25 10:59:09,868 [c661ec13-19db-400c-b7a5-525d9c97029d@group-F8F143B02786-LeaderElection3] INFO  server.RaftServerConfigKeys (ConfUtils.java:logGet(43)) - raft.server.watch.element-limit = 65536 (default)
2019-10-25 10:59:09,868 [pool-27-thread-1] INFO  impl.RaftServerImpl (RaftServerImpl.java:<init>(104)) - 98a94502-2c87-40a7-b3de-b58821969ff5: new RaftServerImpl for group-75E956CAE081:[98a94502-2c87-40a7-b3de-b58821969ff5:192.168.157.233:45458, ef252736-79c5-4662-a0c7-91e85b60cae7:192.168.157.233:36823, c661ec13-19db-400c-b7a5-525d9c97029d:192.168.157.233:33523] with ContainerStateMachine:uninitialized
2019-10-25 10:59:09,868 [pool-37-thread-1] INFO  server.RaftServerConfigKeys (ConfUtils.java:logGet(43)) - raft.server.rpc.timeout.max = 5200ms (custom)
2019-10-25 10:59:09,868 [pool-47-thread-1] INFO  server.RaftServerConfigKeys (ConfUtils.java:logGet(43)) - raft.server.log.corruption.policy = EXCEPTION (default)
2019-10-25 10:59:09,868 [ef252736-79c5-4662-a0c7-91e85b60cae7@group-A2970954B891-LeaderElection2] INFO  impl.RoleInfo (RoleInfo.java:updateAndGet(143)) - ef252736-79c5-4662-a0c7-91e85b60cae7: start LeaderState
2019-10-25 10:59:09,869 [pool-47-thread-1] INFO  storage.RaftStorageDirectory (RaftStorageDirectory.java:analyzeStorage(246)) - The storage directory /workdir/hadoop-ozone/integration-test/target/test-dir/MiniOzoneClusterImpl-6ab75f42-d005-46c3-b20f-f10c1b9a2e9f/datanode-2/data/ratis/4b59a773-7942-4ce0-97fc-75e956cae081 does not exist. Creating ...
2019-10-25 10:59:09,868 [pool-27-thread-1] INFO  server.RaftServerConfigKeys (ConfUtils.java:logGet(43)) - raft.server.rpc.timeout.min = 5s (custom)
2019-10-25 10:59:09,869 [pool-27-thread-1] INFO  server.RaftServerConfigKeys (ConfUtils.java:logGet(43)) - raft.server.rpc.timeout.max = 5200ms (custom)
2019-10-25 10:59:09,869 [ef252736-79c5-4662-a0c7-91e85b60cae7@group-A2970954B891-LeaderElection2] INFO  segmented.SegmentedRaftLogWorker (SegmentedRaftLogWorker.java:startLogSegment(385)) - ef252736-79c5-4662-a0c7-91e85b60cae7@group-A2970954B891-SegmentedRaftLogWorker: Starting segment from index:0
2019-10-25 10:59:09,869 [pool-37-thread-1] INFO  server.RaftServerConfigKeys (ConfUtils.java:logGet(43)) - raft.server.rpcslowness.timeout = 1000s (custom)
2019-10-25 10:59:09,870 [ef252736-79c5-4662-a0c7-91e85b60cae7@group-A2970954B891-LeaderElection2] INFO  impl.RaftServerImpl (ServerState.java:setRaftConf(357)) - ef252736-79c5-4662-a0c7-91e85b60cae7@group-A2970954B891: set configuration 0: [ef252736-79c5-4662-a0c7-91e85b60cae7:192.168.157.233:36823], old=null at 0
2019-10-25 10:59:09,870 [c661ec13-19db-400c-b7a5-525d9c97029d@group-F8F143B02786-LeaderElection3] INFO  impl.RoleInfo (RoleInfo.java:updateAndGet(143)) - c661ec13-19db-400c-b7a5-525d9c97029d: start LeaderState
2019-10-25 10:59:09,869 [pool-27-thread-1] INFO  server.RaftServerConfigKeys (ConfUtils.java:logGet(43)) - raft.server.rpcslowness.timeout = 1000s (custom)
2019-10-25 10:59:09,872 [pool-27-thread-1] INFO  server.RaftServerConfigKeys (ConfUtils.java:logGet(43)) - raft.server.sleep.deviation.threshold = 300 (default)
2019-10-25 10:59:09,872 [c661ec13-19db-400c-b7a5-525d9c97029d@group-F8F143B02786-LeaderElection3] INFO  segmented.SegmentedRaftLogWorker (SegmentedRaftLogWorker.java:startLogSegment(385)) - c661ec13-19db-400c-b7a5-525d9c97029d@group-F8F143B02786-SegmentedRaftLogWorker: Starting segment from index:0
2019-10-25 10:59:09,872 [pool-27-thread-1] INFO  server.RaftServerConfigKeys (ConfUtils.java:logGet(43)) - raft.server.log.appender.install.snapshot.enabled = false (custom)
2019-10-25 10:59:09,872 [pool-37-thread-1] INFO  server.RaftServerConfigKeys (ConfUtils.java:logGet(43)) - raft.server.sleep.deviation.threshold = 300 (default)
2019-10-25 10:59:09,873 [c661ec13-19db-400c-b7a5-525d9c97029d@group-F8F143B02786-LeaderElection3] INFO  impl.RaftServerImpl (ServerState.java:setRaftConf(357)) - c661ec13-19db-400c-b7a5-525d9c97029d@group-F8F143B02786: set configuration 0: [c661ec13-19db-400c-b7a5-525d9c97029d:192.168.157.233:33523], old=null at 0
2019-10-25 10:59:09,872 [pool-27-thread-1] INFO  impl.RaftServerImpl (ServerState.java:<init>(103)) - 98a94502-2c87-40a7-b3de-b58821969ff5@group-75E956CAE081: ConfigurationManager, init=-1: [98a94502-2c87-40a7-b3de-b58821969ff5:192.168.157.233:45458, ef252736-79c5-4662-a0c7-91e85b60cae7:192.168.157.233:36823, c661ec13-19db-400c-b7a5-525d9c97029d:192.168.157.233:33523], old=null, confs=<EMPTY_MAP>
2019-10-25 10:59:09,874 [pool-27-thread-1] INFO  server.RaftServerConfigKeys (ConfUtils.java:logGet(43)) - raft.server.storage.dir = [/workdir/hadoop-ozone/integration-test/target/test-dir/MiniOzoneClusterImpl-6ab75f42-d005-46c3-b20f-f10c1b9a2e9f/datanode-0/data/ratis] (custom)
2019-10-25 10:59:09,875 [pool-37-thread-1] INFO  server.RaftServerConfigKeys (ConfUtils.java:logGet(43)) - raft.server.log.appender.install.snapshot.enabled = false (custom)
2019-10-25 10:59:09,875 [pool-27-thread-1] INFO  server.RaftServerConfigKeys (ConfUtils.java:logGet(43)) - raft.server.log.corruption.policy = EXCEPTION (default)
2019-10-25 10:59:09,876 [pool-27-thread-1] INFO  storage.RaftStorageDirectory (RaftStorageDirectory.java:analyzeStorage(246)) - The storage directory /workdir/hadoop-ozone/integration-test/target/test-dir/MiniOzoneClusterImpl-6ab75f42-d005-46c3-b20f-f10c1b9a2e9f/datanode-0/data/ratis/4b59a773-7942-4ce0-97fc-75e956cae081 does not exist. Creating ...
2019-10-25 10:59:09,877 [pool-37-thread-1] INFO  impl.RaftServerImpl (ServerState.java:<init>(103)) - c661ec13-19db-400c-b7a5-525d9c97029d@group-75E956CAE081: ConfigurationManager, init=-1: [98a94502-2c87-40a7-b3de-b58821969ff5:192.168.157.233:45458, ef252736-79c5-4662-a0c7-91e85b60cae7:192.168.157.233:36823, c661ec13-19db-400c-b7a5-525d9c97029d:192.168.157.233:33523], old=null, confs=<EMPTY_MAP>
2019-10-25 10:59:09,879 [pool-37-thread-1] INFO  server.RaftServerConfigKeys (ConfUtils.java:logGet(43)) - raft.server.storage.dir = [/workdir/hadoop-ozone/integration-test/target/test-dir/MiniOzoneClusterImpl-6ab75f42-d005-46c3-b20f-f10c1b9a2e9f/datanode-1/data/ratis] (custom)
2019-10-25 10:59:09,881 [pool-37-thread-1] INFO  server.RaftServerConfigKeys (ConfUtils.java:logGet(43)) - raft.server.log.corruption.policy = EXCEPTION (default)
2019-10-25 10:59:09,883 [pool-37-thread-1] INFO  storage.RaftStorageDirectory (RaftStorageDirectory.java:analyzeStorage(246)) - The storage directory /workdir/hadoop-ozone/integration-test/target/test-dir/MiniOzoneClusterImpl-6ab75f42-d005-46c3-b20f-f10c1b9a2e9f/datanode-1/data/ratis/4b59a773-7942-4ce0-97fc-75e956cae081 does not exist. Creating ...
2019-10-25 10:59:09,894 [pool-47-thread-1] INFO  storage.RaftStorageDirectory (RaftStorageDirectory.java:tryLock(328)) - Lock on /workdir/hadoop-ozone/integration-test/target/test-dir/MiniOzoneClusterImpl-6ab75f42-d005-46c3-b20f-f10c1b9a2e9f/datanode-2/data/ratis/4b59a773-7942-4ce0-97fc-75e956cae081/in_use.lock acquired by nodename 8158@pr-hdds-2359-lls5b-3453883328
2019-10-25 10:59:09,894 [pool-27-thread-1] INFO  storage.RaftStorageDirectory (RaftStorageDirectory.java:tryLock(328)) - Lock on /workdir/hadoop-ozone/integration-test/target/test-dir/MiniOzoneClusterImpl-6ab75f42-d005-46c3-b20f-f10c1b9a2e9f/datanode-0/data/ratis/4b59a773-7942-4ce0-97fc-75e956cae081/in_use.lock acquired by nodename 8158@pr-hdds-2359-lls5b-3453883328
2019-10-25 10:59:09,896 [pool-37-thread-1] INFO  storage.RaftStorageDirectory (RaftStorageDirectory.java:tryLock(328)) - Lock on /workdir/hadoop-ozone/integration-test/target/test-dir/MiniOzoneClusterImpl-6ab75f42-d005-46c3-b20f-f10c1b9a2e9f/datanode-1/data/ratis/4b59a773-7942-4ce0-97fc-75e956cae081/in_use.lock acquired by nodename 8158@pr-hdds-2359-lls5b-3453883328
2019-10-25 10:59:09,898 [pool-47-thread-1] INFO  storage.RaftStorage (RaftStorage.java:format(84)) - Storage directory /workdir/hadoop-ozone/integration-test/target/test-dir/MiniOzoneClusterImpl-6ab75f42-d005-46c3-b20f-f10c1b9a2e9f/datanode-2/data/ratis/4b59a773-7942-4ce0-97fc-75e956cae081 has been successfully formatted.
2019-10-25 10:59:09,898 [pool-27-thread-1] INFO  storage.RaftStorage (RaftStorage.java:format(84)) - Storage directory /workdir/hadoop-ozone/integration-test/target/test-dir/MiniOzoneClusterImpl-6ab75f42-d005-46c3-b20f-f10c1b9a2e9f/datanode-0/data/ratis/4b59a773-7942-4ce0-97fc-75e956cae081 has been successfully formatted.
2019-10-25 10:59:09,899 [pool-47-thread-1] INFO  ratis.ContainerStateMachine (ContainerStateMachine.java:loadSnapshot(231)) - group-75E956CAE081: The snapshot info is null. Setting the last applied indexto:(t:0, i:~)
2019-10-25 10:59:09,899 [pool-27-thread-1] INFO  ratis.ContainerStateMachine (ContainerStateMachine.java:loadSnapshot(231)) - group-75E956CAE081: The snapshot info is null. Setting the last applied indexto:(t:0, i:~)
2019-10-25 10:59:09,899 [pool-47-thread-1] INFO  server.RaftServerConfigKeys (ConfUtils.java:logGet(43)) - raft.server.notification.no-leader.timeout = 1000s (custom)
2019-10-25 10:59:09,899 [pool-27-thread-1] INFO  server.RaftServerConfigKeys (ConfUtils.java:logGet(43)) - raft.server.notification.no-leader.timeout = 1000s (custom)
2019-10-25 10:59:09,899 [pool-27-thread-1] INFO  server.RaftServerConfigKeys (ConfUtils.java:logGet(43)) - raft.server.log.use.memory = false (default)
2019-10-25 10:59:09,899 [pool-47-thread-1] INFO  server.RaftServerConfigKeys (ConfUtils.java:logGet(43)) - raft.server.log.use.memory = false (default)
2019-10-25 10:59:09,899 [pool-27-thread-1] INFO  server.RaftServerConfigKeys (ConfUtils.java:logGet(43)) - raft.server.log.purge.gap = 1000000 (custom)
2019-10-25 10:59:09,899 [pool-47-thread-1] INFO  server.RaftServerConfigKeys (ConfUtils.java:logGet(43)) - raft.server.log.purge.gap = 1000000 (custom)
2019-10-25 10:59:09,899 [pool-27-thread-1] INFO  server.RaftServerConfigKeys (ConfUtils.java:logGet(43)) - raft.server.log.appender.buffer.byte-limit = 33554432 (custom)
2019-10-25 10:59:09,900 [pool-47-thread-1] INFO  server.RaftServerConfigKeys (ConfUtils.java:logGet(43)) - raft.server.log.appender.buffer.byte-limit = 33554432 (custom)
2019-10-25 10:59:09,900 [pool-27-thread-1] INFO  server.RaftServerConfigKeys (ConfUtils.java:logGet(43)) - raft.server.log.segment.size.max = 1048576 (custom)
2019-10-25 10:59:09,900 [pool-47-thread-1] INFO  server.RaftServerConfigKeys (ConfUtils.java:logGet(43)) - raft.server.log.segment.size.max = 1048576 (custom)
2019-10-25 10:59:09,900 [pool-27-thread-1] INFO  server.RaftServerConfigKeys (ConfUtils.java:logGet(43)) - raft.server.log.segment.cache.num.max = 2 (custom)
2019-10-25 10:59:09,900 [pool-47-thread-1] INFO  server.RaftServerConfigKeys (ConfUtils.java:logGet(43)) - raft.server.log.segment.cache.num.max = 2 (custom)
2019-10-25 10:59:09,900 [pool-37-thread-1] INFO  storage.RaftStorage (RaftStorage.java:format(84)) - Storage directory /workdir/hadoop-ozone/integration-test/target/test-dir/MiniOzoneClusterImpl-6ab75f42-d005-46c3-b20f-f10c1b9a2e9f/datanode-1/data/ratis/4b59a773-7942-4ce0-97fc-75e956cae081 has been successfully formatted.
2019-10-25 10:59:09,900 [pool-27-thread-1] INFO  segmented.SegmentedRaftLogWorker (SegmentedRaftLogWorker.java:<init>(173)) - new 98a94502-2c87-40a7-b3de-b58821969ff5@group-75E956CAE081-SegmentedRaftLogWorker for RaftStorage:Storage Directory /workdir/hadoop-ozone/integration-test/target/test-dir/MiniOzoneClusterImpl-6ab75f42-d005-46c3-b20f-f10c1b9a2e9f/datanode-0/data/ratis/4b59a773-7942-4ce0-97fc-75e956cae081
2019-10-25 10:59:09,900 [pool-47-thread-1] INFO  segmented.SegmentedRaftLogWorker (SegmentedRaftLogWorker.java:<init>(173)) - new ef252736-79c5-4662-a0c7-91e85b60cae7@group-75E956CAE081-SegmentedRaftLogWorker for RaftStorage:Storage Directory /workdir/hadoop-ozone/integration-test/target/test-dir/MiniOzoneClusterImpl-6ab75f42-d005-46c3-b20f-f10c1b9a2e9f/datanode-2/data/ratis/4b59a773-7942-4ce0-97fc-75e956cae081
2019-10-25 10:59:09,900 [pool-37-thread-1] INFO  ratis.ContainerStateMachine (ContainerStateMachine.java:loadSnapshot(231)) - group-75E956CAE081: The snapshot info is null. Setting the last applied indexto:(t:0, i:~)
2019-10-25 10:59:09,900 [pool-27-thread-1] INFO  server.RaftServerConfigKeys (ConfUtils.java:logGet(43)) - raft.server.log.queue.byte-limit = 2147483647 (custom)
2019-10-25 10:59:09,901 [pool-37-thread-1] INFO  server.RaftServerConfigKeys (ConfUtils.java:logGet(43)) - raft.server.notification.no-leader.timeout = 1000s (custom)
2019-10-25 10:59:09,901 [pool-47-thread-1] INFO  server.RaftServerConfigKeys (ConfUtils.java:logGet(43)) - raft.server.log.queue.byte-limit = 2147483647 (custom)
2019-10-25 10:59:09,901 [pool-37-thread-1] INFO  server.RaftServerConfigKeys (ConfUtils.java:logGet(43)) - raft.server.log.use.memory = false (default)
2019-10-25 10:59:09,901 [pool-27-thread-1] INFO  server.RaftServerConfigKeys (ConfUtils.java:logGet(43)) - raft.server.log.queue.element-limit = 1024 (custom)
2019-10-25 10:59:09,901 [pool-37-thread-1] INFO  server.RaftServerConfigKeys (ConfUtils.java:logGet(43)) - raft.server.log.purge.gap = 1000000 (custom)
2019-10-25 10:59:09,901 [pool-47-thread-1] INFO  server.RaftServerConfigKeys (ConfUtils.java:logGet(43)) - raft.server.log.queue.element-limit = 1024 (custom)
2019-10-25 10:59:09,901 [pool-37-thread-1] INFO  server.RaftServerConfigKeys (ConfUtils.java:logGet(43)) - raft.server.log.appender.buffer.byte-limit = 33554432 (custom)
2019-10-25 10:59:09,901 [pool-27-thread-1] INFO  server.RaftServerConfigKeys (ConfUtils.java:logGet(43)) - raft.server.log.segment.size.max = 1048576 (custom)
2019-10-25 10:59:09,902 [pool-37-thread-1] INFO  server.RaftServerConfigKeys (ConfUtils.java:logGet(43)) - raft.server.log.segment.size.max = 1048576 (custom)
2019-10-25 10:59:09,901 [pool-47-thread-1] INFO  server.RaftServerConfigKeys (ConfUtils.java:logGet(43)) - raft.server.log.segment.size.max = 1048576 (custom)
2019-10-25 10:59:09,902 [pool-37-thread-1] INFO  server.RaftServerConfigKeys (ConfUtils.java:logGet(43)) - raft.server.log.segment.cache.num.max = 2 (custom)
2019-10-25 10:59:09,902 [pool-27-thread-1] INFO  server.RaftServerConfigKeys (ConfUtils.java:logGet(43)) - raft.server.log.preallocated.size = 16384 (custom)
2019-10-25 10:59:09,902 [pool-37-thread-1] INFO  segmented.SegmentedRaftLogWorker (SegmentedRaftLogWorker.java:<init>(173)) - new c661ec13-19db-400c-b7a5-525d9c97029d@group-75E956CAE081-SegmentedRaftLogWorker for RaftStorage:Storage Directory /workdir/hadoop-ozone/integration-test/target/test-dir/MiniOzoneClusterImpl-6ab75f42-d005-46c3-b20f-f10c1b9a2e9f/datanode-1/data/ratis/4b59a773-7942-4ce0-97fc-75e956cae081
2019-10-25 10:59:09,902 [pool-47-thread-1] INFO  server.RaftServerConfigKeys (ConfUtils.java:logGet(43)) - raft.server.log.preallocated.size = 16384 (custom)
2019-10-25 10:59:09,902 [pool-37-thread-1] INFO  server.RaftServerConfigKeys (ConfUtils.java:logGet(43)) - raft.server.log.queue.byte-limit = 2147483647 (custom)
2019-10-25 10:59:09,902 [pool-27-thread-1] INFO  server.RaftServerConfigKeys (ConfUtils.java:logGet(43)) - raft.server.log.write.buffer.size = 33554432 (custom)
2019-10-25 10:59:09,902 [pool-37-thread-1] INFO  server.RaftServerConfigKeys (ConfUtils.java:logGet(43)) - raft.server.log.queue.element-limit = 1024 (custom)
2019-10-25 10:59:09,902 [pool-47-thread-1] INFO  server.RaftServerConfigKeys (ConfUtils.java:logGet(43)) - raft.server.log.write.buffer.size = 33554432 (custom)
2019-10-25 10:59:09,903 [pool-37-thread-1] INFO  server.RaftServerConfigKeys (ConfUtils.java:logGet(43)) - raft.server.log.segment.size.max = 1048576 (custom)
2019-10-25 10:59:09,903 [pool-27-thread-1] INFO  server.RaftServerConfigKeys (ConfUtils.java:logGet(43)) - raft.server.log.force.sync.num = 128 (default)
2019-10-25 10:59:09,903 [pool-37-thread-1] INFO  server.RaftServerConfigKeys (ConfUtils.java:logGet(43)) - raft.server.log.preallocated.size = 16384 (custom)
2019-10-25 10:59:09,903 [pool-47-thread-1] INFO  server.RaftServerConfigKeys (ConfUtils.java:logGet(43)) - raft.server.log.force.sync.num = 128 (default)
2019-10-25 10:59:09,903 [pool-37-thread-1] INFO  server.RaftServerConfigKeys (ConfUtils.java:logGet(43)) - raft.server.log.write.buffer.size = 33554432 (custom)
2019-10-25 10:59:09,903 [pool-27-thread-1] INFO  server.RaftServerConfigKeys (ConfUtils.java:logGet(43)) - raft.server.log.statemachine.data.sync = true (default)
2019-10-25 10:59:09,903 [pool-37-thread-1] INFO  server.RaftServerConfigKeys (ConfUtils.java:logGet(43)) - raft.server.log.force.sync.num = 128 (default)
2019-10-25 10:59:09,903 [pool-47-thread-1] INFO  server.RaftServerConfigKeys (ConfUtils.java:logGet(43)) - raft.server.log.statemachine.data.sync = true (default)
2019-10-25 10:59:09,904 [pool-37-thread-1] INFO  server.RaftServerConfigKeys (ConfUtils.java:logGet(43)) - raft.server.log.statemachine.data.sync = true (default)
2019-10-25 10:59:09,904 [pool-27-thread-1] INFO  server.RaftServerConfigKeys (ConfUtils.java:logGet(43)) - raft.server.log.statemachine.data.sync.timeout = 10s (default)
2019-10-25 10:59:09,904 [pool-37-thread-1] INFO  server.RaftServerConfigKeys (ConfUtils.java:logGet(43)) - raft.server.log.statemachine.data.sync.timeout = 10s (default)
2019-10-25 10:59:09,904 [pool-47-thread-1] INFO  server.RaftServerConfigKeys (ConfUtils.java:logGet(43)) - raft.server.log.statemachine.data.sync.timeout = 10s (default)
2019-10-25 10:59:09,904 [pool-37-thread-1] INFO  server.RaftServerConfigKeys (ConfUtils.java:logGet(43)) - raft.server.log.statemachine.data.sync.timeout.retry = -1 (default)
2019-10-25 10:59:09,904 [pool-27-thread-1] INFO  server.RaftServerConfigKeys (ConfUtils.java:logGet(43)) - raft.server.log.statemachine.data.sync.timeout.retry = -1 (default)
2019-10-25 10:59:09,904 [pool-37-thread-1] INFO  server.RaftServerConfigKeys (ConfUtils.java:logGet(43)) - raft.server.log.statemachine.data.caching.enabled = true (custom)
2019-10-25 10:59:09,904 [pool-47-thread-1] INFO  server.RaftServerConfigKeys (ConfUtils.java:logGet(43)) - raft.server.log.statemachine.data.sync.timeout.retry = -1 (default)
2019-10-25 10:59:09,905 [pool-27-thread-1] INFO  server.RaftServerConfigKeys (ConfUtils.java:logGet(43)) - raft.server.log.statemachine.data.caching.enabled = true (custom)
2019-10-25 10:59:09,905 [pool-47-thread-1] INFO  server.RaftServerConfigKeys (ConfUtils.java:logGet(43)) - raft.server.log.statemachine.data.caching.enabled = true (custom)
2019-10-25 10:59:09,905 [pool-37-thread-1] INFO  segmented.SegmentedRaftLogWorker (SegmentedRaftLogWorker.java:lambda$new$0(128)) - c661ec13-19db-400c-b7a5-525d9c97029d@group-75E956CAE081-SegmentedRaftLogWorker: flushIndex: setUnconditionally 0 -> -1
2019-10-25 10:59:09,905 [pool-27-thread-1] INFO  segmented.SegmentedRaftLogWorker (SegmentedRaftLogWorker.java:lambda$new$0(128)) - 98a94502-2c87-40a7-b3de-b58821969ff5@group-75E956CAE081-SegmentedRaftLogWorker: flushIndex: setUnconditionally 0 -> -1
2019-10-25 10:59:09,905 [pool-37-thread-1] INFO  server.RaftServerConfigKeys (ConfUtils.java:logGet(43)) - raft.server.snapshot.auto.trigger.enabled = true (custom)
2019-10-25 10:59:09,905 [pool-47-thread-1] INFO  segmented.SegmentedRaftLogWorker (SegmentedRaftLogWorker.java:lambda$new$0(128)) - ef252736-79c5-4662-a0c7-91e85b60cae7@group-75E956CAE081-SegmentedRaftLogWorker: flushIndex: setUnconditionally 0 -> -1
2019-10-25 10:59:09,905 [pool-37-thread-1] INFO  server.RaftServerConfigKeys (ConfUtils.java:logGet(43)) - raft.server.snapshot.auto.trigger.threshold = 10000 (custom)
2019-10-25 10:59:09,906 [pool-27-thread-1] INFO  server.RaftServerConfigKeys (ConfUtils.java:logGet(43)) - raft.server.snapshot.auto.trigger.enabled = true (custom)
2019-10-25 10:59:09,906 [pool-47-thread-1] INFO  server.RaftServerConfigKeys (ConfUtils.java:logGet(43)) - raft.server.snapshot.auto.trigger.enabled = true (custom)
2019-10-25 10:59:09,906 [pool-37-thread-1] INFO  server.RaftServerConfigKeys (ConfUtils.java:logGet(43)) - raft.server.snapshot.retention.file.num = 5 (custom)
2019-10-25 10:59:09,906 [pool-47-thread-1] INFO  server.RaftServerConfigKeys (ConfUtils.java:logGet(43)) - raft.server.snapshot.auto.trigger.threshold = 10000 (custom)
2019-10-25 10:59:09,906 [pool-27-thread-1] INFO  server.RaftServerConfigKeys (ConfUtils.java:logGet(43)) - raft.server.snapshot.auto.trigger.threshold = 10000 (custom)
2019-10-25 10:59:09,906 [pool-47-thread-1] INFO  server.RaftServerConfigKeys (ConfUtils.java:logGet(43)) - raft.server.snapshot.retention.file.num = 5 (custom)
2019-10-25 10:59:09,906 [pool-37-thread-1] INFO  server.RaftServerConfigKeys (ConfUtils.java:logGet(43)) - raft.server.retrycache.expirytime = 600000ms (custom)
2019-10-25 10:59:09,906 [pool-47-thread-1] INFO  server.RaftServerConfigKeys (ConfUtils.java:logGet(43)) - raft.server.retrycache.expirytime = 600000ms (custom)
2019-10-25 10:59:09,906 [pool-27-thread-1] INFO  server.RaftServerConfigKeys (ConfUtils.java:logGet(43)) - raft.server.snapshot.retention.file.num = 5 (custom)
2019-10-25 10:59:09,907 [pool-27-thread-1] INFO  server.RaftServerConfigKeys (ConfUtils.java:logGet(43)) - raft.server.retrycache.expirytime = 600000ms (custom)
2019-10-25 10:59:09,910 [pool-37-thread-1] INFO  impl.RaftServerImpl (RaftServerImpl.java:start(195)) - c661ec13-19db-400c-b7a5-525d9c97029d@group-75E956CAE081: start as a follower, conf=-1: [98a94502-2c87-40a7-b3de-b58821969ff5:192.168.157.233:45458, ef252736-79c5-4662-a0c7-91e85b60cae7:192.168.157.233:36823, c661ec13-19db-400c-b7a5-525d9c97029d:192.168.157.233:33523], old=null
2019-10-25 10:59:09,910 [pool-37-thread-1] INFO  impl.RaftServerImpl (RaftServerImpl.java:setRole(184)) - c661ec13-19db-400c-b7a5-525d9c97029d@group-75E956CAE081: changes role from      null to FOLLOWER at term 0 for startAsFollower
2019-10-25 10:59:09,910 [pool-37-thread-1] INFO  impl.RoleInfo (RoleInfo.java:updateAndGet(143)) - c661ec13-19db-400c-b7a5-525d9c97029d: start FollowerState
2019-10-25 10:59:09,910 [pool-47-thread-1] INFO  impl.RaftServerImpl (RaftServerImpl.java:start(195)) - ef252736-79c5-4662-a0c7-91e85b60cae7@group-75E956CAE081: start as a follower, conf=-1: [98a94502-2c87-40a7-b3de-b58821969ff5:192.168.157.233:45458, ef252736-79c5-4662-a0c7-91e85b60cae7:192.168.157.233:36823, c661ec13-19db-400c-b7a5-525d9c97029d:192.168.157.233:33523], old=null
2019-10-25 10:59:09,910 [pool-47-thread-1] INFO  impl.RaftServerImpl (RaftServerImpl.java:setRole(184)) - ef252736-79c5-4662-a0c7-91e85b60cae7@group-75E956CAE081: changes role from      null to FOLLOWER at term 0 for startAsFollower
2019-10-25 10:59:09,910 [pool-37-thread-1] INFO  util.JmxRegister (JmxRegister.java:tryRegister(44)) - Successfully registered JMX Bean with object name Ratis:service=RaftServer,group=group-75E956CAE081,id=c661ec13-19db-400c-b7a5-525d9c97029d
2019-10-25 10:59:09,910 [pool-47-thread-1] INFO  impl.RoleInfo (RoleInfo.java:updateAndGet(143)) - ef252736-79c5-4662-a0c7-91e85b60cae7: start FollowerState
2019-10-25 10:59:09,910 [pool-27-thread-1] INFO  impl.RaftServerImpl (RaftServerImpl.java:start(195)) - 98a94502-2c87-40a7-b3de-b58821969ff5@group-75E956CAE081: start as a follower, conf=-1: [98a94502-2c87-40a7-b3de-b58821969ff5:192.168.157.233:45458, ef252736-79c5-4662-a0c7-91e85b60cae7:192.168.157.233:36823, c661ec13-19db-400c-b7a5-525d9c97029d:192.168.157.233:33523], old=null
2019-10-25 10:59:09,910 [pool-27-thread-1] INFO  impl.RaftServerImpl (RaftServerImpl.java:setRole(184)) - 98a94502-2c87-40a7-b3de-b58821969ff5@group-75E956CAE081: changes role from      null to FOLLOWER at term 0 for startAsFollower
2019-10-25 10:59:09,911 [pool-47-thread-1] INFO  util.JmxRegister (JmxRegister.java:tryRegister(44)) - Successfully registered JMX Bean with object name Ratis:service=RaftServer,group=group-75E956CAE081,id=ef252736-79c5-4662-a0c7-91e85b60cae7
2019-10-25 10:59:09,911 [pool-27-thread-1] INFO  impl.RoleInfo (RoleInfo.java:updateAndGet(143)) - 98a94502-2c87-40a7-b3de-b58821969ff5: start FollowerState
2019-10-25 10:59:09,911 [pool-27-thread-1] INFO  util.JmxRegister (JmxRegister.java:tryRegister(44)) - Successfully registered JMX Bean with object name Ratis:service=RaftServer,group=group-75E956CAE081,id=98a94502-2c87-40a7-b3de-b58821969ff5
2019-10-25 10:59:09,950 [RatisPipelineUtilsThread] INFO  pipeline.PipelineStateManager (PipelineStateManager.java:addPipeline(56)) - Created pipeline Pipeline[ Id: 4b59a773-7942-4ce0-97fc-75e956cae081, Nodes: c661ec13-19db-400c-b7a5-525d9c97029d{ip: 192.168.157.233, host: pr-hdds-2359-lls5b-3453883328, networkLocation: /default-rack, certSerialId: null}ef252736-79c5-4662-a0c7-91e85b60cae7{ip: 192.168.157.233, host: pr-hdds-2359-lls5b-3453883328, networkLocation: /default-rack, certSerialId: null}98a94502-2c87-40a7-b3de-b58821969ff5{ip: 192.168.157.233, host: pr-hdds-2359-lls5b-3453883328, networkLocation: /default-rack, certSerialId: null}, Type:RATIS, Factor:THREE, State:OPEN]
2019-10-25 10:59:09,958 [c661ec13-19db-400c-b7a5-525d9c97029d@group-F8F143B02786-SegmentedRaftLogWorker] INFO  segmented.SegmentedRaftLogWorker (SegmentedRaftLogWorker.java:execute(576)) - c661ec13-19db-400c-b7a5-525d9c97029d@group-F8F143B02786-SegmentedRaftLogWorker: created new log segment /workdir/hadoop-ozone/integration-test/target/test-dir/MiniOzoneClusterImpl-6ab75f42-d005-46c3-b20f-f10c1b9a2e9f/datanode-1/data/ratis/4415c6a0-2e95-4ec2-8830-f8f143b02786/current/log_inprogress_0
2019-10-25 10:59:09,958 [ef252736-79c5-4662-a0c7-91e85b60cae7@group-A2970954B891-SegmentedRaftLogWorker] INFO  segmented.SegmentedRaftLogWorker (SegmentedRaftLogWorker.java:execute(576)) - ef252736-79c5-4662-a0c7-91e85b60cae7@group-A2970954B891-SegmentedRaftLogWorker: created new log segment /workdir/hadoop-ozone/integration-test/target/test-dir/MiniOzoneClusterImpl-6ab75f42-d005-46c3-b20f-f10c1b9a2e9f/datanode-2/data/ratis/37ce62f8-09d9-4129-a6fa-a2970954b891/current/log_inprogress_0
2019-10-25 10:59:09,958 [98a94502-2c87-40a7-b3de-b58821969ff5@group-BB9563802AB8-SegmentedRaftLogWorker] INFO  segmented.SegmentedRaftLogWorker (SegmentedRaftLogWorker.java:execute(576)) - 98a94502-2c87-40a7-b3de-b58821969ff5@group-BB9563802AB8-SegmentedRaftLogWorker: created new log segment /workdir/hadoop-ozone/integration-test/target/test-dir/MiniOzoneClusterImpl-6ab75f42-d005-46c3-b20f-f10c1b9a2e9f/datanode-0/data/ratis/2e2dcc89-c84a-4f76-91a6-bb9563802ab8/current/log_inprogress_0
2019-10-25 10:59:10,026 [main] INFO  ozone.MiniOzoneClusterImpl (MiniOzoneClusterImpl.java:lambda$waitForClusterToBeReady$0(147)) - Cluster is ready. Got 3 of 3 DN Heartbeats.
2019-10-25 10:59:10,048 [Thread-203] INFO  impl.FollowerState (FollowerState.java:run(108)) - c661ec13-19db-400c-b7a5-525d9c97029d@group-75E956CAE081-FollowerState: change to CANDIDATE, lastRpcTime:138ms, electionTimeout:138ms
2019-10-25 10:59:10,049 [Thread-203] INFO  impl.RoleInfo (RoleInfo.java:shutdownFollowerState(121)) - c661ec13-19db-400c-b7a5-525d9c97029d: shutdown FollowerState
2019-10-25 10:59:10,049 [Thread-203] INFO  impl.RaftServerImpl (RaftServerImpl.java:setRole(184)) - c661ec13-19db-400c-b7a5-525d9c97029d@group-75E956CAE081: changes role from  FOLLOWER to CANDIDATE at term 0 for changeToCandidate
2019-10-25 10:59:10,049 [Thread-203] INFO  impl.RoleInfo (RoleInfo.java:updateAndGet(143)) - c661ec13-19db-400c-b7a5-525d9c97029d: start LeaderElection
2019-10-25 10:59:10,062 [Thread-204] INFO  impl.FollowerState (FollowerState.java:run(108)) - ef252736-79c5-4662-a0c7-91e85b60cae7@group-75E956CAE081-FollowerState: change to CANDIDATE, lastRpcTime:151ms, electionTimeout:151ms
2019-10-25 10:59:10,062 [Thread-204] INFO  impl.RoleInfo (RoleInfo.java:shutdownFollowerState(121)) - ef252736-79c5-4662-a0c7-91e85b60cae7: shutdown FollowerState
2019-10-25 10:59:10,062 [Thread-204] INFO  impl.RaftServerImpl (RaftServerImpl.java:setRole(184)) - ef252736-79c5-4662-a0c7-91e85b60cae7@group-75E956CAE081: changes role from  FOLLOWER to CANDIDATE at term 0 for changeToCandidate
2019-10-25 10:59:10,062 [Thread-204] INFO  impl.RoleInfo (RoleInfo.java:updateAndGet(143)) - ef252736-79c5-4662-a0c7-91e85b60cae7: start LeaderElection
2019-10-25 10:59:10,076 [c661ec13-19db-400c-b7a5-525d9c97029d@group-75E956CAE081-LeaderElection4] INFO  impl.LeaderElection (LeaderElection.java:askForVotes(178)) - c661ec13-19db-400c-b7a5-525d9c97029d@group-75E956CAE081-LeaderElection4: begin an election at term 1 for -1: [98a94502-2c87-40a7-b3de-b58821969ff5:192.168.157.233:45458, ef252736-79c5-4662-a0c7-91e85b60cae7:192.168.157.233:36823, c661ec13-19db-400c-b7a5-525d9c97029d:192.168.157.233:33523], old=null
2019-10-25 10:59:10,078 [ef252736-79c5-4662-a0c7-91e85b60cae7@group-75E956CAE081-LeaderElection5] INFO  impl.LeaderElection (LeaderElection.java:askForVotes(178)) - ef252736-79c5-4662-a0c7-91e85b60cae7@group-75E956CAE081-LeaderElection5: begin an election at term 1 for -1: [98a94502-2c87-40a7-b3de-b58821969ff5:192.168.157.233:45458, ef252736-79c5-4662-a0c7-91e85b60cae7:192.168.157.233:36823, c661ec13-19db-400c-b7a5-525d9c97029d:192.168.157.233:33523], old=null
2019-10-25 10:59:10,086 [Thread-205] INFO  impl.FollowerState (FollowerState.java:run(108)) - 98a94502-2c87-40a7-b3de-b58821969ff5@group-75E956CAE081-FollowerState: change to CANDIDATE, lastRpcTime:175ms, electionTimeout:175ms
2019-10-25 10:59:10,090 [Thread-205] INFO  impl.RoleInfo (RoleInfo.java:shutdownFollowerState(121)) - 98a94502-2c87-40a7-b3de-b58821969ff5: shutdown FollowerState
2019-10-25 10:59:10,090 [Thread-205] INFO  impl.RaftServerImpl (RaftServerImpl.java:setRole(184)) - 98a94502-2c87-40a7-b3de-b58821969ff5@group-75E956CAE081: changes role from  FOLLOWER to CANDIDATE at term 0 for changeToCandidate
2019-10-25 10:59:10,091 [Thread-205] INFO  impl.RoleInfo (RoleInfo.java:updateAndGet(143)) - 98a94502-2c87-40a7-b3de-b58821969ff5: start LeaderElection
2019-10-25 10:59:10,109 [98a94502-2c87-40a7-b3de-b58821969ff5@group-75E956CAE081-LeaderElection6] INFO  impl.LeaderElection (LeaderElection.java:askForVotes(178)) - 98a94502-2c87-40a7-b3de-b58821969ff5@group-75E956CAE081-LeaderElection6: begin an election at term 1 for -1: [98a94502-2c87-40a7-b3de-b58821969ff5:192.168.157.233:45458, ef252736-79c5-4662-a0c7-91e85b60cae7:192.168.157.233:36823, c661ec13-19db-400c-b7a5-525d9c97029d:192.168.157.233:33523], old=null
2019-10-25 10:59:10,134 [c661ec13-19db-400c-b7a5-525d9c97029d@group-75E956CAE081-LeaderElection4] INFO  impl.LeaderElection (LeaderElection.java:logAndReturn(56)) - c661ec13-19db-400c-b7a5-525d9c97029d@group-75E956CAE081-LeaderElection4: Election REJECTED; received 2 response(s) [c661ec13-19db-400c-b7a5-525d9c97029d<-98a94502-2c87-40a7-b3de-b58821969ff5#0:FAIL-t1, c661ec13-19db-400c-b7a5-525d9c97029d<-ef252736-79c5-4662-a0c7-91e85b60cae7#0:FAIL-t1] and 0 exception(s); c661ec13-19db-400c-b7a5-525d9c97029d@group-75E956CAE081:t1, leader=null, voted=c661ec13-19db-400c-b7a5-525d9c97029d, raftlog=c661ec13-19db-400c-b7a5-525d9c97029d@group-75E956CAE081-SegmentedRaftLog:OPENED:c-1,f-1,i0, conf=-1: [98a94502-2c87-40a7-b3de-b58821969ff5:192.168.157.233:45458, ef252736-79c5-4662-a0c7-91e85b60cae7:192.168.157.233:36823, c661ec13-19db-400c-b7a5-525d9c97029d:192.168.157.233:33523], old=null
2019-10-25 10:59:10,134 [ef252736-79c5-4662-a0c7-91e85b60cae7@group-75E956CAE081-LeaderElection5] INFO  impl.LeaderElection (LeaderElection.java:logAndReturn(56)) - ef252736-79c5-4662-a0c7-91e85b60cae7@group-75E956CAE081-LeaderElection5: Election REJECTED; received 2 response(s) [ef252736-79c5-4662-a0c7-91e85b60cae7<-98a94502-2c87-40a7-b3de-b58821969ff5#0:FAIL-t1, ef252736-79c5-4662-a0c7-91e85b60cae7<-c661ec13-19db-400c-b7a5-525d9c97029d#0:FAIL-t1] and 0 exception(s); ef252736-79c5-4662-a0c7-91e85b60cae7@group-75E956CAE081:t1, leader=null, voted=ef252736-79c5-4662-a0c7-91e85b60cae7, raftlog=ef252736-79c5-4662-a0c7-91e85b60cae7@group-75E956CAE081-SegmentedRaftLog:OPENED:c-1,f-1,i0, conf=-1: [98a94502-2c87-40a7-b3de-b58821969ff5:192.168.157.233:45458, ef252736-79c5-4662-a0c7-91e85b60cae7:192.168.157.233:36823, c661ec13-19db-400c-b7a5-525d9c97029d:192.168.157.233:33523], old=null
2019-10-25 10:59:10,143 [98a94502-2c87-40a7-b3de-b58821969ff5@group-75E956CAE081-LeaderElection6] INFO  impl.LeaderElection (LeaderElection.java:logAndReturn(56)) - 98a94502-2c87-40a7-b3de-b58821969ff5@group-75E956CAE081-LeaderElection6: Election REJECTED; received 2 response(s) [98a94502-2c87-40a7-b3de-b58821969ff5<-ef252736-79c5-4662-a0c7-91e85b60cae7#0:FAIL-t1, 98a94502-2c87-40a7-b3de-b58821969ff5<-c661ec13-19db-400c-b7a5-525d9c97029d#0:FAIL-t1] and 0 exception(s); 98a94502-2c87-40a7-b3de-b58821969ff5@group-75E956CAE081:t1, leader=null, voted=98a94502-2c87-40a7-b3de-b58821969ff5, raftlog=98a94502-2c87-40a7-b3de-b58821969ff5@group-75E956CAE081-SegmentedRaftLog:OPENED:c-1,f-1,i0, conf=-1: [98a94502-2c87-40a7-b3de-b58821969ff5:192.168.157.233:45458, ef252736-79c5-4662-a0c7-91e85b60cae7:192.168.157.233:36823, c661ec13-19db-400c-b7a5-525d9c97029d:192.168.157.233:33523], old=null
2019-10-25 10:59:10,144 [c661ec13-19db-400c-b7a5-525d9c97029d@group-75E956CAE081-LeaderElection4] INFO  impl.RaftServerImpl (RaftServerImpl.java:setRole(184)) - c661ec13-19db-400c-b7a5-525d9c97029d@group-75E956CAE081: changes role from CANDIDATE to FOLLOWER at term 1 for DISCOVERED_A_NEW_TERM
2019-10-25 10:59:10,144 [98a94502-2c87-40a7-b3de-b58821969ff5@group-75E956CAE081-LeaderElection6] INFO  impl.RaftServerImpl (RaftServerImpl.java:setRole(184)) - 98a94502-2c87-40a7-b3de-b58821969ff5@group-75E956CAE081: changes role from CANDIDATE to FOLLOWER at term 1 for DISCOVERED_A_NEW_TERM
2019-10-25 10:59:10,144 [ef252736-79c5-4662-a0c7-91e85b60cae7@group-75E956CAE081-LeaderElection5] INFO  impl.RaftServerImpl (RaftServerImpl.java:setRole(184)) - ef252736-79c5-4662-a0c7-91e85b60cae7@group-75E956CAE081: changes role from CANDIDATE to FOLLOWER at term 1 for DISCOVERED_A_NEW_TERM
2019-10-25 10:59:10,146 [98a94502-2c87-40a7-b3de-b58821969ff5@group-75E956CAE081-LeaderElection6] INFO  impl.RoleInfo (RoleInfo.java:shutdownLeaderElection(134)) - 98a94502-2c87-40a7-b3de-b58821969ff5: shutdown LeaderElection
2019-10-25 10:59:10,145 [c661ec13-19db-400c-b7a5-525d9c97029d@group-75E956CAE081-LeaderElection4] INFO  impl.RoleInfo (RoleInfo.java:shutdownLeaderElection(134)) - c661ec13-19db-400c-b7a5-525d9c97029d: shutdown LeaderElection
2019-10-25 10:59:10,146 [ef252736-79c5-4662-a0c7-91e85b60cae7@group-75E956CAE081-LeaderElection5] INFO  impl.RoleInfo (RoleInfo.java:shutdownLeaderElection(134)) - ef252736-79c5-4662-a0c7-91e85b60cae7: shutdown LeaderElection
2019-10-25 10:59:10,146 [c661ec13-19db-400c-b7a5-525d9c97029d@group-75E956CAE081-LeaderElection4] INFO  impl.RoleInfo (RoleInfo.java:updateAndGet(143)) - c661ec13-19db-400c-b7a5-525d9c97029d: start FollowerState
2019-10-25 10:59:10,146 [98a94502-2c87-40a7-b3de-b58821969ff5@group-75E956CAE081-LeaderElection6] INFO  impl.RoleInfo (RoleInfo.java:updateAndGet(143)) - 98a94502-2c87-40a7-b3de-b58821969ff5: start FollowerState
2019-10-25 10:59:10,146 [ef252736-79c5-4662-a0c7-91e85b60cae7@group-75E956CAE081-LeaderElection5] INFO  impl.RoleInfo (RoleInfo.java:updateAndGet(143)) - ef252736-79c5-4662-a0c7-91e85b60cae7: start FollowerState
2019-10-25 10:59:10,194 [Thread-221] INFO  impl.FollowerState (FollowerState.java:run(108)) - 98a94502-2c87-40a7-b3de-b58821969ff5@group-75E956CAE081-FollowerState: change to CANDIDATE, lastRpcTime:47ms, electionTimeout:46ms
2019-10-25 10:59:10,194 [Thread-221] INFO  impl.RoleInfo (RoleInfo.java:shutdownFollowerState(121)) - 98a94502-2c87-40a7-b3de-b58821969ff5: shutdown FollowerState
2019-10-25 10:59:10,194 [Thread-221] INFO  impl.RaftServerImpl (RaftServerImpl.java:setRole(184)) - 98a94502-2c87-40a7-b3de-b58821969ff5@group-75E956CAE081: changes role from  FOLLOWER to CANDIDATE at term 1 for changeToCandidate
2019-10-25 10:59:10,195 [Thread-221] INFO  impl.RoleInfo (RoleInfo.java:updateAndGet(143)) - 98a94502-2c87-40a7-b3de-b58821969ff5: start LeaderElection
2019-10-25 10:59:10,196 [Thread-222] INFO  impl.FollowerState (FollowerState.java:run(108)) - c661ec13-19db-400c-b7a5-525d9c97029d@group-75E956CAE081-FollowerState: change to CANDIDATE, lastRpcTime:49ms, electionTimeout:49ms
2019-10-25 10:59:10,196 [Thread-222] INFO  impl.RoleInfo (RoleInfo.java:shutdownFollowerState(121)) - c661ec13-19db-400c-b7a5-525d9c97029d: shutdown FollowerState
2019-10-25 10:59:10,196 [Thread-222] INFO  impl.RaftServerImpl (RaftServerImpl.java:setRole(184)) - c661ec13-19db-400c-b7a5-525d9c97029d@group-75E956CAE081: changes role from  FOLLOWER to CANDIDATE at term 1 for changeToCandidate
2019-10-25 10:59:10,196 [Thread-222] INFO  impl.RoleInfo (RoleInfo.java:updateAndGet(143)) - c661ec13-19db-400c-b7a5-525d9c97029d: start LeaderElection
2019-10-25 10:59:10,211 [c661ec13-19db-400c-b7a5-525d9c97029d@group-75E956CAE081-LeaderElection8] INFO  impl.LeaderElection (LeaderElection.java:askForVotes(178)) - c661ec13-19db-400c-b7a5-525d9c97029d@group-75E956CAE081-LeaderElection8: begin an election at term 2 for -1: [98a94502-2c87-40a7-b3de-b58821969ff5:192.168.157.233:45458, ef252736-79c5-4662-a0c7-91e85b60cae7:192.168.157.233:36823, c661ec13-19db-400c-b7a5-525d9c97029d:192.168.157.233:33523], old=null
2019-10-25 10:59:10,211 [98a94502-2c87-40a7-b3de-b58821969ff5@group-75E956CAE081-LeaderElection7] INFO  impl.LeaderElection (LeaderElection.java:askForVotes(178)) - 98a94502-2c87-40a7-b3de-b58821969ff5@group-75E956CAE081-LeaderElection7: begin an election at term 2 for -1: [98a94502-2c87-40a7-b3de-b58821969ff5:192.168.157.233:45458, ef252736-79c5-4662-a0c7-91e85b60cae7:192.168.157.233:36823, c661ec13-19db-400c-b7a5-525d9c97029d:192.168.157.233:33523], old=null
2019-10-25 10:59:10,221 [grpc-default-executor-2] INFO  impl.RaftServerImpl (RaftServerImpl.java:setRole(184)) - ef252736-79c5-4662-a0c7-91e85b60cae7@group-75E956CAE081: changes role from  FOLLOWER to FOLLOWER at term 2 for recognizeCandidate:98a94502-2c87-40a7-b3de-b58821969ff5
2019-10-25 10:59:10,221 [grpc-default-executor-2] INFO  impl.RoleInfo (RoleInfo.java:shutdownFollowerState(121)) - ef252736-79c5-4662-a0c7-91e85b60cae7: shutdown FollowerState
2019-10-25 10:59:10,222 [grpc-default-executor-2] INFO  impl.RoleInfo (RoleInfo.java:updateAndGet(143)) - ef252736-79c5-4662-a0c7-91e85b60cae7: start FollowerState
2019-10-25 10:59:10,222 [Thread-223] INFO  impl.FollowerState (FollowerState.java:run(117)) - ef252736-79c5-4662-a0c7-91e85b60cae7@group-75E956CAE081-FollowerState was interrupted: java.lang.InterruptedException: sleep interrupted
2019-10-25 10:59:10,254 [98a94502-2c87-40a7-b3de-b58821969ff5@group-75E956CAE081-LeaderElection7] INFO  impl.LeaderElection (LeaderElection.java:logAndReturn(56)) - 98a94502-2c87-40a7-b3de-b58821969ff5@group-75E956CAE081-LeaderElection7: Election PASSED; received 2 response(s) [98a94502-2c87-40a7-b3de-b58821969ff5<-ef252736-79c5-4662-a0c7-91e85b60cae7#0:OK-t2, 98a94502-2c87-40a7-b3de-b58821969ff5<-c661ec13-19db-400c-b7a5-525d9c97029d#0:FAIL-t2] and 0 exception(s); 98a94502-2c87-40a7-b3de-b58821969ff5@group-75E956CAE081:t2, leader=null, voted=98a94502-2c87-40a7-b3de-b58821969ff5, raftlog=98a94502-2c87-40a7-b3de-b58821969ff5@group-75E956CAE081-SegmentedRaftLog:OPENED:c-1,f-1,i0, conf=-1: [98a94502-2c87-40a7-b3de-b58821969ff5:192.168.157.233:45458, ef252736-79c5-4662-a0c7-91e85b60cae7:192.168.157.233:36823, c661ec13-19db-400c-b7a5-525d9c97029d:192.168.157.233:33523], old=null
2019-10-25 10:59:10,254 [98a94502-2c87-40a7-b3de-b58821969ff5@group-75E956CAE081-LeaderElection7] INFO  impl.RoleInfo (RoleInfo.java:shutdownLeaderElection(134)) - 98a94502-2c87-40a7-b3de-b58821969ff5: shutdown LeaderElection
2019-10-25 10:59:10,255 [98a94502-2c87-40a7-b3de-b58821969ff5@group-75E956CAE081-LeaderElection7] INFO  impl.RaftServerImpl (RaftServerImpl.java:setRole(184)) - 98a94502-2c87-40a7-b3de-b58821969ff5@group-75E956CAE081: changes role from CANDIDATE to LEADER at term 2 for changeToLeader
2019-10-25 10:59:10,255 [98a94502-2c87-40a7-b3de-b58821969ff5@group-75E956CAE081-LeaderElection7] INFO  impl.RaftServerImpl (ServerState.java:setLeader(256)) - 98a94502-2c87-40a7-b3de-b58821969ff5@group-75E956CAE081: change Leader from null to 98a94502-2c87-40a7-b3de-b58821969ff5 at term 2 for becomeLeader, leader elected after 356ms
2019-10-25 10:59:10,255 [98a94502-2c87-40a7-b3de-b58821969ff5@group-75E956CAE081-LeaderElection7] INFO  server.RaftServerConfigKeys (ConfUtils.java:logGet(43)) - raft.server.staging.catchup.gap = 1000 (default)
2019-10-25 10:59:10,255 [98a94502-2c87-40a7-b3de-b58821969ff5@group-75E956CAE081-LeaderElection7] INFO  server.RaftServerConfigKeys (ConfUtils.java:logGet(43)) - raft.server.rpc.sleep.time = 25ms (default)
2019-10-25 10:59:10,255 [98a94502-2c87-40a7-b3de-b58821969ff5@group-75E956CAE081-LeaderElection7] INFO  server.RaftServerConfigKeys (ConfUtils.java:logGet(43)) - raft.server.write.element-limit = 4096 (default)
2019-10-25 10:59:10,255 [98a94502-2c87-40a7-b3de-b58821969ff5@group-75E956CAE081-LeaderElection7] INFO  server.RaftServerConfigKeys (ConfUtils.java:logGet(43)) - raft.server.watch.timeout = 10s (default)
2019-10-25 10:59:10,256 [98a94502-2c87-40a7-b3de-b58821969ff5@group-75E956CAE081-LeaderElection7] INFO  server.RaftServerConfigKeys (ConfUtils.java:logGet(43)) - raft.server.watch.timeout.denomination = 1s (default)
2019-10-25 10:59:10,256 [98a94502-2c87-40a7-b3de-b58821969ff5@group-75E956CAE081-LeaderElection7] INFO  server.RaftServerConfigKeys (ConfUtils.java:logGet(43)) - raft.server.watch.element-limit = 65536 (default)
2019-10-25 10:59:10,258 [c661ec13-19db-400c-b7a5-525d9c97029d@group-75E956CAE081-LeaderElection8] INFO  impl.LeaderElection (LeaderElection.java:logAndReturn(56)) - c661ec13-19db-400c-b7a5-525d9c97029d@group-75E956CAE081-LeaderElection8: Election REJECTED; received 2 response(s) [c661ec13-19db-400c-b7a5-525d9c97029d<-98a94502-2c87-40a7-b3de-b58821969ff5#0:FAIL-t2, c661ec13-19db-400c-b7a5-525d9c97029d<-ef252736-79c5-4662-a0c7-91e85b60cae7#0:FAIL-t2] and 0 exception(s); c661ec13-19db-400c-b7a5-525d9c97029d@group-75E956CAE081:t2, leader=null, voted=c661ec13-19db-400c-b7a5-525d9c97029d, raftlog=c661ec13-19db-400c-b7a5-525d9c97029d@group-75E956CAE081-SegmentedRaftLog:OPENED:c-1,f-1,i0, conf=-1: [98a94502-2c87-40a7-b3de-b58821969ff5:192.168.157.233:45458, ef252736-79c5-4662-a0c7-91e85b60cae7:192.168.157.233:36823, c661ec13-19db-400c-b7a5-525d9c97029d:192.168.157.233:33523], old=null
2019-10-25 10:59:10,258 [c661ec13-19db-400c-b7a5-525d9c97029d@group-75E956CAE081-LeaderElection8] INFO  impl.RaftServerImpl (RaftServerImpl.java:setRole(184)) - c661ec13-19db-400c-b7a5-525d9c97029d@group-75E956CAE081: changes role from CANDIDATE to FOLLOWER at term 2 for DISCOVERED_A_NEW_TERM
2019-10-25 10:59:10,259 [c661ec13-19db-400c-b7a5-525d9c97029d@group-75E956CAE081-LeaderElection8] INFO  impl.RoleInfo (RoleInfo.java:shutdownLeaderElection(134)) - c661ec13-19db-400c-b7a5-525d9c97029d: shutdown LeaderElection
2019-10-25 10:59:10,259 [c661ec13-19db-400c-b7a5-525d9c97029d@group-75E956CAE081-LeaderElection8] INFO  impl.RoleInfo (RoleInfo.java:updateAndGet(143)) - c661ec13-19db-400c-b7a5-525d9c97029d: start FollowerState
2019-10-25 10:59:10,265 [98a94502-2c87-40a7-b3de-b58821969ff5@group-75E956CAE081-LeaderElection7] INFO  server.RaftServerConfigKeys (ConfUtils.java:logGet(43)) - raft.server.log.appender.snapshot.chunk.size.max = 16MB (=16777216) (default)
2019-10-25 10:59:10,266 [98a94502-2c87-40a7-b3de-b58821969ff5@group-75E956CAE081-LeaderElection7] INFO  server.RaftServerConfigKeys (ConfUtils.java:logGet(43)) - raft.server.log.appender.buffer.byte-limit = 33554432 (custom)
2019-10-25 10:59:10,267 [98a94502-2c87-40a7-b3de-b58821969ff5@group-75E956CAE081-LeaderElection7] INFO  server.RaftServerConfigKeys (ConfUtils.java:logGet(43)) - raft.server.log.appender.buffer.element-limit = 1 (custom)
2019-10-25 10:59:10,270 [98a94502-2c87-40a7-b3de-b58821969ff5@group-75E956CAE081-LeaderElection7] INFO  grpc.GrpcConfigKeys$Server (ConfUtils.java:logGet(43)) - raft.grpc.server.leader.outstanding.appends.max = 128 (default)
2019-10-25 10:59:10,271 [98a94502-2c87-40a7-b3de-b58821969ff5@group-75E956CAE081-LeaderElection7] INFO  server.RaftServerConfigKeys (ConfUtils.java:logGet(43)) - raft.server.rpc.request.timeout = 3000ms (default)
2019-10-25 10:59:10,272 [98a94502-2c87-40a7-b3de-b58821969ff5@group-75E956CAE081-LeaderElection7] INFO  server.RaftServerConfigKeys (ConfUtils.java:logGet(43)) - raft.server.log.appender.install.snapshot.enabled = false (custom)
2019-10-25 10:59:10,275 [98a94502-2c87-40a7-b3de-b58821969ff5@group-75E956CAE081-LeaderElection7] INFO  server.RaftServerConfigKeys (ConfUtils.java:logGet(43)) - raft.server.log.appender.snapshot.chunk.size.max = 16MB (=16777216) (default)
2019-10-25 10:59:10,275 [98a94502-2c87-40a7-b3de-b58821969ff5@group-75E956CAE081-LeaderElection7] INFO  server.RaftServerConfigKeys (ConfUtils.java:logGet(43)) - raft.server.log.appender.buffer.byte-limit = 33554432 (custom)
2019-10-25 10:59:10,275 [98a94502-2c87-40a7-b3de-b58821969ff5@group-75E956CAE081-LeaderElection7] INFO  server.RaftServerConfigKeys (ConfUtils.java:logGet(43)) - raft.server.log.appender.buffer.element-limit = 1 (custom)
2019-10-25 10:59:10,275 [98a94502-2c87-40a7-b3de-b58821969ff5@group-75E956CAE081-LeaderElection7] INFO  grpc.GrpcConfigKeys$Server (ConfUtils.java:logGet(43)) - raft.grpc.server.leader.outstanding.appends.max = 128 (default)
2019-10-25 10:59:10,276 [98a94502-2c87-40a7-b3de-b58821969ff5@group-75E956CAE081-LeaderElection7] INFO  server.RaftServerConfigKeys (ConfUtils.java:logGet(43)) - raft.server.rpc.request.timeout = 3000ms (default)
2019-10-25 10:59:10,276 [98a94502-2c87-40a7-b3de-b58821969ff5@group-75E956CAE081-LeaderElection7] INFO  server.RaftServerConfigKeys (ConfUtils.java:logGet(43)) - raft.server.log.appender.install.snapshot.enabled = false (custom)
2019-10-25 10:59:10,279 [98a94502-2c87-40a7-b3de-b58821969ff5@group-75E956CAE081-LeaderElection7] INFO  impl.RoleInfo (RoleInfo.java:updateAndGet(143)) - 98a94502-2c87-40a7-b3de-b58821969ff5: start LeaderState
2019-10-25 10:59:10,280 [98a94502-2c87-40a7-b3de-b58821969ff5@group-75E956CAE081-LeaderElection7] INFO  segmented.SegmentedRaftLogWorker (SegmentedRaftLogWorker.java:startLogSegment(385)) - 98a94502-2c87-40a7-b3de-b58821969ff5@group-75E956CAE081-SegmentedRaftLogWorker: Starting segment from index:0
2019-10-25 10:59:10,280 [98a94502-2c87-40a7-b3de-b58821969ff5@group-75E956CAE081-LeaderElection7] INFO  impl.RaftServerImpl (ServerState.java:setRaftConf(357)) - 98a94502-2c87-40a7-b3de-b58821969ff5@group-75E956CAE081: set configuration 0: [98a94502-2c87-40a7-b3de-b58821969ff5:192.168.157.233:45458, ef252736-79c5-4662-a0c7-91e85b60cae7:192.168.157.233:36823, c661ec13-19db-400c-b7a5-525d9c97029d:192.168.157.233:33523], old=null at 0
2019-10-25 10:59:10,308 [Thread-230] INFO  impl.FollowerState (FollowerState.java:run(108)) - ef252736-79c5-4662-a0c7-91e85b60cae7@group-75E956CAE081-FollowerState: change to CANDIDATE, lastRpcTime:85ms, electionTimeout:73ms
2019-10-25 10:59:10,308 [Thread-230] INFO  impl.RoleInfo (RoleInfo.java:shutdownFollowerState(121)) - ef252736-79c5-4662-a0c7-91e85b60cae7: shutdown FollowerState
2019-10-25 10:59:10,308 [Thread-230] INFO  impl.RaftServerImpl (RaftServerImpl.java:setRole(184)) - ef252736-79c5-4662-a0c7-91e85b60cae7@group-75E956CAE081: changes role from  FOLLOWER to CANDIDATE at term 2 for changeToCandidate
2019-10-25 10:59:10,308 [Thread-230] INFO  impl.RoleInfo (RoleInfo.java:updateAndGet(143)) - ef252736-79c5-4662-a0c7-91e85b60cae7: start LeaderElection
2019-10-25 10:59:10,320 [98a94502-2c87-40a7-b3de-b58821969ff5@group-75E956CAE081-SegmentedRaftLogWorker] INFO  segmented.SegmentedRaftLogWorker (SegmentedRaftLogWorker.java:execute(576)) - 98a94502-2c87-40a7-b3de-b58821969ff5@group-75E956CAE081-SegmentedRaftLogWorker: created new log segment /workdir/hadoop-ozone/integration-test/target/test-dir/MiniOzoneClusterImpl-6ab75f42-d005-46c3-b20f-f10c1b9a2e9f/datanode-0/data/ratis/4b59a773-7942-4ce0-97fc-75e956cae081/current/log_inprogress_0
2019-10-25 10:59:10,320 [ef252736-79c5-4662-a0c7-91e85b60cae7@group-75E956CAE081-LeaderElection9] INFO  impl.LeaderElection (LeaderElection.java:askForVotes(178)) - ef252736-79c5-4662-a0c7-91e85b60cae7@group-75E956CAE081-LeaderElection9: begin an election at term 3 for -1: [98a94502-2c87-40a7-b3de-b58821969ff5:192.168.157.233:45458, ef252736-79c5-4662-a0c7-91e85b60cae7:192.168.157.233:36823, c661ec13-19db-400c-b7a5-525d9c97029d:192.168.157.233:33523], old=null
2019-10-25 10:59:10,325 [grpc-default-executor-0] INFO  impl.RaftServerImpl (RaftServerImpl.java:setRole(184)) - c661ec13-19db-400c-b7a5-525d9c97029d@group-75E956CAE081: changes role from  FOLLOWER to FOLLOWER at term 3 for recognizeCandidate:ef252736-79c5-4662-a0c7-91e85b60cae7
2019-10-25 10:59:10,325 [grpc-default-executor-0] INFO  impl.RoleInfo (RoleInfo.java:shutdownFollowerState(121)) - c661ec13-19db-400c-b7a5-525d9c97029d: shutdown FollowerState
2019-10-25 10:59:10,327 [Thread-233] INFO  impl.FollowerState (FollowerState.java:run(117)) - c661ec13-19db-400c-b7a5-525d9c97029d@group-75E956CAE081-FollowerState was interrupted: java.lang.InterruptedException: sleep interrupted
2019-10-25 10:59:10,327 [grpc-default-executor-0] INFO  impl.RoleInfo (RoleInfo.java:updateAndGet(143)) - c661ec13-19db-400c-b7a5-525d9c97029d: start FollowerState
2019-10-25 10:59:10,328 [grpc-default-executor-3] INFO  impl.RaftServerImpl (ServerState.java:setLeader(256)) - 98a94502-2c87-40a7-b3de-b58821969ff5@group-75E956CAE081: change Leader from 98a94502-2c87-40a7-b3de-b58821969ff5 to null at term 3 for updateCurrentTerm
2019-10-25 10:59:10,329 [grpc-default-executor-3] INFO  impl.RaftServerImpl (RaftServerImpl.java:setRole(184)) - 98a94502-2c87-40a7-b3de-b58821969ff5@group-75E956CAE081: changes role from    LEADER to FOLLOWER at term 3 for recognizeCandidate:ef252736-79c5-4662-a0c7-91e85b60cae7
2019-10-25 10:59:10,330 [grpc-default-executor-3] INFO  impl.RoleInfo (RoleInfo.java:shutdownLeaderState(104)) - 98a94502-2c87-40a7-b3de-b58821969ff5: shutdown LeaderState
2019-10-25 10:59:10,333 [org.apache.ratis.server.impl.LogAppender$AppenderDaemon$$Lambda$439/1766115881@22525893] WARN  server.GrpcLogAppender (GrpcLogAppender.java:mayWait(149)) - 98a94502-2c87-40a7-b3de-b58821969ff5@group-75E956CAE081->ef252736-79c5-4662-a0c7-91e85b60cae7-GrpcLogAppender: Wait interrupted by java.lang.InterruptedException
2019-10-25 10:59:10,333 [org.apache.ratis.server.impl.LogAppender$AppenderDaemon$$Lambda$439/1766115881@73469f5d] WARN  server.GrpcLogAppender (GrpcLogAppender.java:mayWait(149)) - 98a94502-2c87-40a7-b3de-b58821969ff5@group-75E956CAE081->c661ec13-19db-400c-b7a5-525d9c97029d-GrpcLogAppender: Wait interrupted by java.lang.InterruptedException
2019-10-25 10:59:10,339 [grpc-default-executor-3] INFO  impl.PendingRequests (PendingRequests.java:sendNotLeaderResponses(202)) - 98a94502-2c87-40a7-b3de-b58821969ff5@group-75E956CAE081-PendingRequests: sendNotLeaderResponses
2019-10-25 10:59:10,341 [ef252736-79c5-4662-a0c7-91e85b60cae7@group-75E956CAE081-LeaderElection9] INFO  impl.LeaderElection (LeaderElection.java:logAndReturn(56)) - ef252736-79c5-4662-a0c7-91e85b60cae7@group-75E956CAE081-LeaderElection9: Election PASSED; received 1 response(s) [ef252736-79c5-4662-a0c7-91e85b60cae7<-c661ec13-19db-400c-b7a5-525d9c97029d#0:OK-t3] and 0 exception(s); ef252736-79c5-4662-a0c7-91e85b60cae7@group-75E956CAE081:t3, leader=null, voted=ef252736-79c5-4662-a0c7-91e85b60cae7, raftlog=ef252736-79c5-4662-a0c7-91e85b60cae7@group-75E956CAE081-SegmentedRaftLog:OPENED:c-1,f-1,i0, conf=-1: [98a94502-2c87-40a7-b3de-b58821969ff5:192.168.157.233:45458, ef252736-79c5-4662-a0c7-91e85b60cae7:192.168.157.233:36823, c661ec13-19db-400c-b7a5-525d9c97029d:192.168.157.233:33523], old=null
2019-10-25 10:59:10,343 [grpc-default-executor-3] INFO  impl.RoleInfo (RoleInfo.java:updateAndGet(143)) - 98a94502-2c87-40a7-b3de-b58821969ff5: start FollowerState
2019-10-25 10:59:10,344 [ef252736-79c5-4662-a0c7-91e85b60cae7@group-75E956CAE081-LeaderElection9] INFO  impl.RoleInfo (RoleInfo.java:shutdownLeaderElection(134)) - ef252736-79c5-4662-a0c7-91e85b60cae7: shutdown LeaderElection
2019-10-25 10:59:10,345 [ef252736-79c5-4662-a0c7-91e85b60cae7@group-75E956CAE081-LeaderElection9] INFO  impl.RaftServerImpl (RaftServerImpl.java:setRole(184)) - ef252736-79c5-4662-a0c7-91e85b60cae7@group-75E956CAE081: changes role from CANDIDATE to LEADER at term 3 for changeToLeader
2019-10-25 10:59:10,345 [ef252736-79c5-4662-a0c7-91e85b60cae7@group-75E956CAE081-LeaderElection9] INFO  impl.RaftServerImpl (ServerState.java:setLeader(256)) - ef252736-79c5-4662-a0c7-91e85b60cae7@group-75E956CAE081: change Leader from null to ef252736-79c5-4662-a0c7-91e85b60cae7 at term 3 for becomeLeader, leader elected after 446ms
2019-10-25 10:59:10,345 [ef252736-79c5-4662-a0c7-91e85b60cae7@group-75E956CAE081-LeaderElection9] INFO  server.RaftServerConfigKeys (ConfUtils.java:logGet(43)) - raft.server.staging.catchup.gap = 1000 (default)
2019-10-25 10:59:10,345 [ef252736-79c5-4662-a0c7-91e85b60cae7@group-75E956CAE081-LeaderElection9] INFO  server.RaftServerConfigKeys (ConfUtils.java:logGet(43)) - raft.server.rpc.sleep.time = 25ms (default)
2019-10-25 10:59:10,346 [ef252736-79c5-4662-a0c7-91e85b60cae7@group-75E956CAE081-LeaderElection9] INFO  server.RaftServerConfigKeys (ConfUtils.java:logGet(43)) - raft.server.write.element-limit = 4096 (default)
2019-10-25 10:59:10,346 [ef252736-79c5-4662-a0c7-91e85b60cae7@group-75E956CAE081-LeaderElection9] INFO  server.RaftServerConfigKeys (ConfUtils.java:logGet(43)) - raft.server.watch.timeout = 10s (default)
2019-10-25 10:59:10,346 [ef252736-79c5-4662-a0c7-91e85b60cae7@group-75E956CAE081-LeaderElection9] INFO  server.RaftServerConfigKeys (ConfUtils.java:logGet(43)) - raft.server.watch.timeout.denomination = 1s (default)
2019-10-25 10:59:10,346 [ef252736-79c5-4662-a0c7-91e85b60cae7@group-75E956CAE081-LeaderElection9] INFO  server.RaftServerConfigKeys (ConfUtils.java:logGet(43)) - raft.server.watch.element-limit = 65536 (default)
2019-10-25 10:59:10,347 [grpc-default-executor-2] INFO  server.GrpcServerProtocolService (GrpcServerProtocolService.java:onCompleted(113)) - c661ec13-19db-400c-b7a5-525d9c97029d: Completed APPEND_ENTRIES, lastRequest: 98a94502-2c87-40a7-b3de-b58821969ff5->c661ec13-19db-400c-b7a5-525d9c97029d#0-t2, previous=(t:0, i:0), leaderCommit=-1, initializing? false, entries: <empty>
2019-10-25 10:59:10,347 [grpc-default-executor-1] INFO  server.GrpcServerProtocolService (GrpcServerProtocolService.java:onCompleted(113)) - ef252736-79c5-4662-a0c7-91e85b60cae7: Completed APPEND_ENTRIES, lastRequest: 98a94502-2c87-40a7-b3de-b58821969ff5->ef252736-79c5-4662-a0c7-91e85b60cae7#0-t2, previous=(t:0, i:0), leaderCommit=-1, initializing? false, entries: <empty>
2019-10-25 10:59:10,350 [ef252736-79c5-4662-a0c7-91e85b60cae7@group-75E956CAE081-LeaderElection9] INFO  server.RaftServerConfigKeys (ConfUtils.java:logGet(43)) - raft.server.log.appender.snapshot.chunk.size.max = 16MB (=16777216) (default)
2019-10-25 10:59:10,351 [ef252736-79c5-4662-a0c7-91e85b60cae7@group-75E956CAE081-LeaderElection9] INFO  server.RaftServerConfigKeys (ConfUtils.java:logGet(43)) - raft.server.log.appender.buffer.byte-limit = 33554432 (custom)
2019-10-25 10:59:10,351 [ef252736-79c5-4662-a0c7-91e85b60cae7@group-75E956CAE081-LeaderElection9] INFO  server.RaftServerConfigKeys (ConfUtils.java:logGet(43)) - raft.server.log.appender.buffer.element-limit = 1 (custom)
2019-10-25 10:59:10,351 [ef252736-79c5-4662-a0c7-91e85b60cae7@group-75E956CAE081-LeaderElection9] INFO  grpc.GrpcConfigKeys$Server (ConfUtils.java:logGet(43)) - raft.grpc.server.leader.outstanding.appends.max = 128 (default)
2019-10-25 10:59:10,351 [ef252736-79c5-4662-a0c7-91e85b60cae7@group-75E956CAE081-LeaderElection9] INFO  server.RaftServerConfigKeys (ConfUtils.java:logGet(43)) - raft.server.rpc.request.timeout = 3000ms (default)
2019-10-25 10:59:10,351 [ef252736-79c5-4662-a0c7-91e85b60cae7@group-75E956CAE081-LeaderElection9] INFO  server.RaftServerConfigKeys (ConfUtils.java:logGet(43)) - raft.server.log.appender.install.snapshot.enabled = false (custom)
2019-10-25 10:59:10,354 [ef252736-79c5-4662-a0c7-91e85b60cae7@group-75E956CAE081-LeaderElection9] INFO  server.RaftServerConfigKeys (ConfUtils.java:logGet(43)) - raft.server.log.appender.snapshot.chunk.size.max = 16MB (=16777216) (default)
2019-10-25 10:59:10,354 [ef252736-79c5-4662-a0c7-91e85b60cae7@group-75E956CAE081-LeaderElection9] INFO  server.RaftServerConfigKeys (ConfUtils.java:logGet(43)) - raft.server.log.appender.buffer.byte-limit = 33554432 (custom)
2019-10-25 10:59:10,354 [ef252736-79c5-4662-a0c7-91e85b60cae7@group-75E956CAE081-LeaderElection9] INFO  server.RaftServerConfigKeys (ConfUtils.java:logGet(43)) - raft.server.log.appender.buffer.element-limit = 1 (custom)
2019-10-25 10:59:10,354 [ef252736-79c5-4662-a0c7-91e85b60cae7@group-75E956CAE081-LeaderElection9] INFO  grpc.GrpcConfigKeys$Server (ConfUtils.java:logGet(43)) - raft.grpc.server.leader.outstanding.appends.max = 128 (default)
2019-10-25 10:59:10,354 [ef252736-79c5-4662-a0c7-91e85b60cae7@group-75E956CAE081-LeaderElection9] INFO  server.RaftServerConfigKeys (ConfUtils.java:logGet(43)) - raft.server.rpc.request.timeout = 3000ms (default)
2019-10-25 10:59:10,354 [ef252736-79c5-4662-a0c7-91e85b60cae7@group-75E956CAE081-LeaderElection9] INFO  server.RaftServerConfigKeys (ConfUtils.java:logGet(43)) - raft.server.log.appender.install.snapshot.enabled = false (custom)
2019-10-25 10:59:10,356 [grpc-default-executor-4] INFO  server.GrpcLogAppender (GrpcLogAppender.java:onCompleted(308)) - 98a94502-2c87-40a7-b3de-b58821969ff5@group-75E956CAE081->ef252736-79c5-4662-a0c7-91e85b60cae7-AppendLogResponseHandler: follower responses appendEntries COMPLETED
2019-10-25 10:59:10,356 [grpc-default-executor-0] INFO  server.GrpcLogAppender (GrpcLogAppender.java:onCompleted(308)) - 98a94502-2c87-40a7-b3de-b58821969ff5@group-75E956CAE081->c661ec13-19db-400c-b7a5-525d9c97029d-AppendLogResponseHandler: follower responses appendEntries COMPLETED
2019-10-25 10:59:10,356 [ef252736-79c5-4662-a0c7-91e85b60cae7@group-75E956CAE081-LeaderElection9] INFO  impl.RoleInfo (RoleInfo.java:updateAndGet(143)) - ef252736-79c5-4662-a0c7-91e85b60cae7: start LeaderState
2019-10-25 10:59:10,358 [ef252736-79c5-4662-a0c7-91e85b60cae7@group-75E956CAE081-LeaderElection9] INFO  segmented.SegmentedRaftLogWorker (SegmentedRaftLogWorker.java:startLogSegment(385)) - ef252736-79c5-4662-a0c7-91e85b60cae7@group-75E956CAE081-SegmentedRaftLogWorker: Starting segment from index:0
2019-10-25 10:59:10,385 [ef252736-79c5-4662-a0c7-91e85b60cae7@group-75E956CAE081-LeaderElection9] INFO  impl.RaftServerImpl (ServerState.java:setRaftConf(357)) - ef252736-79c5-4662-a0c7-91e85b60cae7@group-75E956CAE081: set configuration 0: [98a94502-2c87-40a7-b3de-b58821969ff5:192.168.157.233:45458, ef252736-79c5-4662-a0c7-91e85b60cae7:192.168.157.233:36823, c661ec13-19db-400c-b7a5-525d9c97029d:192.168.157.233:33523], old=null at 0
2019-10-25 10:59:10,387 [grpc-default-executor-4] INFO  impl.FollowerInfo (FollowerInfo.java:lambda$new$0(51)) - 98a94502-2c87-40a7-b3de-b58821969ff5@group-75E956CAE081->ef252736-79c5-4662-a0c7-91e85b60cae7: nextIndex: updateUnconditionally 0 -> 0
2019-10-25 10:59:10,387 [grpc-default-executor-0] INFO  impl.FollowerInfo (FollowerInfo.java:lambda$new$0(51)) - 98a94502-2c87-40a7-b3de-b58821969ff5@group-75E956CAE081->c661ec13-19db-400c-b7a5-525d9c97029d: nextIndex: updateUnconditionally 0 -> 0
2019-10-25 10:59:10,393 [grpc-default-executor-0] INFO  impl.RaftServerImpl (ServerState.java:setLeader(256)) - c661ec13-19db-400c-b7a5-525d9c97029d@group-75E956CAE081: change Leader from null to ef252736-79c5-4662-a0c7-91e85b60cae7 at term 3 for appendEntries, leader elected after 492ms
2019-10-25 10:59:10,394 [grpc-default-executor-4] INFO  impl.RaftServerImpl (ServerState.java:setLeader(256)) - 98a94502-2c87-40a7-b3de-b58821969ff5@group-75E956CAE081: change Leader from null to ef252736-79c5-4662-a0c7-91e85b60cae7 at term 3 for appendEntries, leader elected after 65ms
2019-10-25 10:59:10,398 [ef252736-79c5-4662-a0c7-91e85b60cae7@group-75E956CAE081-SegmentedRaftLogWorker] INFO  segmented.SegmentedRaftLogWorker (SegmentedRaftLogWorker.java:execute(576)) - ef252736-79c5-4662-a0c7-91e85b60cae7@group-75E956CAE081-SegmentedRaftLogWorker: created new log segment /workdir/hadoop-ozone/integration-test/target/test-dir/MiniOzoneClusterImpl-6ab75f42-d005-46c3-b20f-f10c1b9a2e9f/datanode-2/data/ratis/4b59a773-7942-4ce0-97fc-75e956cae081/current/log_inprogress_0
2019-10-25 10:59:10,421 [grpc-default-executor-0] INFO  impl.RaftServerImpl (ServerState.java:setRaftConf(357)) - c661ec13-19db-400c-b7a5-525d9c97029d@group-75E956CAE081: set configuration 0: [98a94502-2c87-40a7-b3de-b58821969ff5:192.168.157.233:45458, ef252736-79c5-4662-a0c7-91e85b60cae7:192.168.157.233:36823, c661ec13-19db-400c-b7a5-525d9c97029d:192.168.157.233:33523], old=null at 0
2019-10-25 10:59:10,421 [grpc-default-executor-4] INFO  impl.RaftServerImpl (ServerState.java:setRaftConf(357)) - 98a94502-2c87-40a7-b3de-b58821969ff5@group-75E956CAE081: set configuration 0: [98a94502-2c87-40a7-b3de-b58821969ff5:192.168.157.233:45458, ef252736-79c5-4662-a0c7-91e85b60cae7:192.168.157.233:36823, c661ec13-19db-400c-b7a5-525d9c97029d:192.168.157.233:33523], old=null at 0
2019-10-25 10:59:10,422 [grpc-default-executor-0] INFO  segmented.SegmentedRaftLogWorker (SegmentedRaftLogWorker.java:startLogSegment(385)) - c661ec13-19db-400c-b7a5-525d9c97029d@group-75E956CAE081-SegmentedRaftLogWorker: Starting segment from index:0
2019-10-25 10:59:10,425 [grpc-default-executor-4] INFO  segmented.SegmentedRaftLogWorker (SegmentedRaftLogWorker.java:truncate(401)) - 98a94502-2c87-40a7-b3de-b58821969ff5@group-75E956CAE081-SegmentedRaftLogWorker: Truncating segments toTruncate: null
  toDelete: [(0, 0) isOpen? true, length=0, newEndIndex=-1], start index 0
2019-10-25 10:59:10,426 [grpc-default-executor-4] INFO  segmented.SegmentedRaftLogWorker (SegmentedRaftLogWorker.java:startLogSegment(385)) - 98a94502-2c87-40a7-b3de-b58821969ff5@group-75E956CAE081-SegmentedRaftLogWorker: Starting segment from index:0
2019-10-25 10:59:10,428 [98a94502-2c87-40a7-b3de-b58821969ff5@group-75E956CAE081-SegmentedRaftLogWorker] INFO  segmented.SegmentedRaftLogWorker (SegmentedRaftLogWorker.java:execute(640)) - 98a94502-2c87-40a7-b3de-b58821969ff5@group-75E956CAE081-SegmentedRaftLogWorker: Deleted log file /workdir/hadoop-ozone/integration-test/target/test-dir/MiniOzoneClusterImpl-6ab75f42-d005-46c3-b20f-f10c1b9a2e9f/datanode-0/data/ratis/4b59a773-7942-4ce0-97fc-75e956cae081/current/log_inprogress_0
2019-10-25 10:59:10,428 [98a94502-2c87-40a7-b3de-b58821969ff5@group-75E956CAE081-SegmentedRaftLogWorker] INFO  segmented.SegmentedRaftLogWorker (SegmentedRaftLogWorker.java:lambda$new$0(128)) - 98a94502-2c87-40a7-b3de-b58821969ff5@group-75E956CAE081-SegmentedRaftLogWorker: flushIndex: setUnconditionally 0 -> -1
2019-10-25 10:59:10,459 [98a94502-2c87-40a7-b3de-b58821969ff5@group-75E956CAE081-SegmentedRaftLogWorker] INFO  segmented.SegmentedRaftLogWorker (SegmentedRaftLogWorker.java:execute(576)) - 98a94502-2c87-40a7-b3de-b58821969ff5@group-75E956CAE081-SegmentedRaftLogWorker: created new log segment /workdir/hadoop-ozone/integration-test/target/test-dir/MiniOzoneClusterImpl-6ab75f42-d005-46c3-b20f-f10c1b9a2e9f/datanode-0/data/ratis/4b59a773-7942-4ce0-97fc-75e956cae081/current/log_inprogress_0
2019-10-25 10:59:10,459 [c661ec13-19db-400c-b7a5-525d9c97029d@group-75E956CAE081-SegmentedRaftLogWorker] INFO  segmented.SegmentedRaftLogWorker (SegmentedRaftLogWorker.java:execute(576)) - c661ec13-19db-400c-b7a5-525d9c97029d@group-75E956CAE081-SegmentedRaftLogWorker: created new log segment /workdir/hadoop-ozone/integration-test/target/test-dir/MiniOzoneClusterImpl-6ab75f42-d005-46c3-b20f-f10c1b9a2e9f/datanode-1/data/ratis/4b59a773-7942-4ce0-97fc-75e956cae081/current/log_inprogress_0
2019-10-25 10:59:10,949 [main] INFO  rpc.RpcClient (RpcClient.java:createVolume(272)) - Creating Volume: testcontainerstatemachinefailures, with jenkins1000 as owner.
2019-10-25 10:59:11,052 [IPC Server handler 1 on 34126] INFO  volume.OMVolumeCreateRequest (OMVolumeCreateRequest.java:validateAndUpdateCache(193)) - created volume:testcontainerstatemachinefailures for user:jenkins1000
2019-10-25 10:59:11,075 [main] INFO  rpc.RpcClient (RpcClient.java:createBucket(411)) - Creating Bucket: testcontainerstatemachinefailures/testcontainerstatemachinefailures, with Versioning false and Storage Type set to DISK and Encryption set to false 
2019-10-25 10:59:11,207 [main] INFO  impl.MetricsSystemImpl (MetricsSystemImpl.java:init(158)) - XceiverClientMetrics metrics system started (again)
2019-10-25 10:59:11,672 [Datanode State Machine Thread - 0] INFO  statemachine.DatanodeStateMachine (DatanodeStateMachine.java:lambda$startDaemon$0(350)) - Ozone container server started.
2019-10-25 10:59:11,886 [Thread-181] INFO  container.ReplicationManager (ReplicationManager.java:start(162)) - Starting Replication Monitor Thread.
2019-10-25 10:59:11,888 [ReplicationMonitor] INFO  container.ReplicationManager (ReplicationManager.java:run(225)) - Replication Monitor Thread took 1 milliseconds for processing 1 containers.
2019-10-25 10:59:16,663 [main] INFO  ozoneimpl.OzoneContainer (OzoneContainer.java:stop(227)) - Attempting to stop container services.
2019-10-25 10:59:16,664 [main] INFO  impl.RaftServerProxy (RaftServerProxy.java:lambda$close$4(314)) - c661ec13-19db-400c-b7a5-525d9c97029d: close
2019-10-25 10:59:16,665 [main] INFO  impl.RaftServerImpl (RaftServerImpl.java:lambda$shutdown$3(261)) - c661ec13-19db-400c-b7a5-525d9c97029d@group-F8F143B02786: shutdown
2019-10-25 10:59:16,666 [main] INFO  util.JmxRegister (JmxRegister.java:unregister(73)) - Successfully un-registered JMX Bean with object name Ratis:service=RaftServer,group=group-F8F143B02786,id=c661ec13-19db-400c-b7a5-525d9c97029d
2019-10-25 10:59:16,666 [main] INFO  impl.RoleInfo (RoleInfo.java:shutdownLeaderState(104)) - c661ec13-19db-400c-b7a5-525d9c97029d: shutdown LeaderState
2019-10-25 10:59:16,666 [main] INFO  impl.PendingRequests (PendingRequests.java:sendNotLeaderResponses(202)) - c661ec13-19db-400c-b7a5-525d9c97029d@group-F8F143B02786-PendingRequests: sendNotLeaderResponses
2019-10-25 10:59:16,666 [main] INFO  impl.StateMachineUpdater (StateMachineUpdater.java:stopAndJoin(136)) - c661ec13-19db-400c-b7a5-525d9c97029d@group-F8F143B02786-StateMachineUpdater: set stopIndex = 0
2019-10-25 10:59:16,667 [main] INFO  impl.RaftServerImpl (ServerState.java:close(388)) - c661ec13-19db-400c-b7a5-525d9c97029d@group-F8F143B02786: closes. applyIndex: 0
2019-10-25 10:59:16,668 [c661ec13-19db-400c-b7a5-525d9c97029d@group-F8F143B02786-SegmentedRaftLogWorker] INFO  segmented.SegmentedRaftLogWorker (SegmentedRaftLogWorker.java:run(316)) - c661ec13-19db-400c-b7a5-525d9c97029d@group-F8F143B02786-SegmentedRaftLogWorker was interrupted, exiting. There are 0 tasks remaining in the queue.
2019-10-25 10:59:16,671 [main] INFO  segmented.SegmentedRaftLogWorker (SegmentedRaftLogWorker.java:close(224)) - c661ec13-19db-400c-b7a5-525d9c97029d@group-F8F143B02786-SegmentedRaftLogWorker close()
2019-10-25 10:59:16,674 [main] INFO  impl.RaftServerImpl (RaftServerImpl.java:lambda$shutdown$3(261)) - c661ec13-19db-400c-b7a5-525d9c97029d@group-75E956CAE081: shutdown
2019-10-25 10:59:16,674 [main] INFO  util.JmxRegister (JmxRegister.java:unregister(73)) - Successfully un-registered JMX Bean with object name Ratis:service=RaftServer,group=group-75E956CAE081,id=c661ec13-19db-400c-b7a5-525d9c97029d
2019-10-25 10:59:16,674 [main] INFO  impl.RoleInfo (RoleInfo.java:shutdownFollowerState(121)) - c661ec13-19db-400c-b7a5-525d9c97029d: shutdown FollowerState
2019-10-25 10:59:16,674 [main] INFO  impl.StateMachineUpdater (StateMachineUpdater.java:stopAndJoin(136)) - c661ec13-19db-400c-b7a5-525d9c97029d@group-75E956CAE081-StateMachineUpdater: set stopIndex = 4
2019-10-25 10:59:16,675 [Thread-241] INFO  impl.FollowerState (FollowerState.java:run(117)) - c661ec13-19db-400c-b7a5-525d9c97029d@group-75E956CAE081-FollowerState was interrupted: java.lang.InterruptedException: sleep interrupted
2019-10-25 10:59:16,675 [c661ec13-19db-400c-b7a5-525d9c97029d@group-75E956CAE081-StateMachineUpdater] INFO  ratis.ContainerStateMachine (ContainerStateMachine.java:takeSnapshot(294)) - group-75E956CAE081: Taking a snapshot at:(t:3, i:3) file /workdir/hadoop-ozone/integration-test/target/test-dir/MiniOzoneClusterImpl-6ab75f42-d005-46c3-b20f-f10c1b9a2e9f/datanode-1/data/ratis/4b59a773-7942-4ce0-97fc-75e956cae081/sm/snapshot.3_3
2019-10-25 10:59:16,761 [c661ec13-19db-400c-b7a5-525d9c97029d@group-75E956CAE081-StateMachineUpdater] INFO  ratis.ContainerStateMachine (ContainerStateMachine.java:takeSnapshot(305)) - group-75E956CAE081: Finished taking a snapshot at:(t:3, i:3) file:/workdir/hadoop-ozone/integration-test/target/test-dir/MiniOzoneClusterImpl-6ab75f42-d005-46c3-b20f-f10c1b9a2e9f/datanode-1/data/ratis/4b59a773-7942-4ce0-97fc-75e956cae081/sm/snapshot.3_3 time:87
2019-10-25 10:59:16,763 [c661ec13-19db-400c-b7a5-525d9c97029d@group-75E956CAE081-StateMachineUpdater] INFO  impl.StateMachineUpdater (StateMachineUpdater.java:takeSnapshot(269)) - c661ec13-19db-400c-b7a5-525d9c97029d@group-75E956CAE081-StateMachineUpdater: Took a snapshot at index 3
2019-10-25 10:59:16,764 [c661ec13-19db-400c-b7a5-525d9c97029d@group-75E956CAE081-StateMachineUpdater] INFO  impl.StateMachineUpdater (StateMachineUpdater.java:lambda$new$0(84)) - c661ec13-19db-400c-b7a5-525d9c97029d@group-75E956CAE081-StateMachineUpdater: snapshotIndex: updateIncreasingly -1 -> 3
2019-10-25 10:59:16,768 [c661ec13-19db-400c-b7a5-525d9c97029d@group-75E956CAE081-StateMachineUpdater] INFO  ratis.ContainerStateMachine (ContainerStateMachine.java:takeSnapshot(294)) - group-75E956CAE081: Taking a snapshot at:(t:3, i:3) file /workdir/hadoop-ozone/integration-test/target/test-dir/MiniOzoneClusterImpl-6ab75f42-d005-46c3-b20f-f10c1b9a2e9f/datanode-1/data/ratis/4b59a773-7942-4ce0-97fc-75e956cae081/sm/snapshot.3_3
2019-10-25 10:59:16,780 [c661ec13-19db-400c-b7a5-525d9c97029d@group-75E956CAE081-StateMachineUpdater] INFO  ratis.ContainerStateMachine (ContainerStateMachine.java:takeSnapshot(305)) - group-75E956CAE081: Finished taking a snapshot at:(t:3, i:3) file:/workdir/hadoop-ozone/integration-test/target/test-dir/MiniOzoneClusterImpl-6ab75f42-d005-46c3-b20f-f10c1b9a2e9f/datanode-1/data/ratis/4b59a773-7942-4ce0-97fc-75e956cae081/sm/snapshot.3_3 time:12
2019-10-25 10:59:16,780 [c661ec13-19db-400c-b7a5-525d9c97029d@group-75E956CAE081-StateMachineUpdater] INFO  impl.StateMachineUpdater (StateMachineUpdater.java:takeSnapshot(269)) - c661ec13-19db-400c-b7a5-525d9c97029d@group-75E956CAE081-StateMachineUpdater: Took a snapshot at index 3
2019-10-25 10:59:16,780 [c661ec13-19db-400c-b7a5-525d9c97029d@group-75E956CAE081-StateMachineUpdater] INFO  impl.StateMachineUpdater (StateMachineUpdater.java:lambda$new$0(84)) - c661ec13-19db-400c-b7a5-525d9c97029d@group-75E956CAE081-StateMachineUpdater: snapshotIndex: updateIncreasingly 3 -> 3
2019-10-25 10:59:16,780 [main] INFO  impl.RaftServerImpl (ServerState.java:close(388)) - c661ec13-19db-400c-b7a5-525d9c97029d@group-75E956CAE081: closes. applyIndex: 4
2019-10-25 10:59:16,781 [c661ec13-19db-400c-b7a5-525d9c97029d@group-75E956CAE081-SegmentedRaftLogWorker] INFO  segmented.SegmentedRaftLogWorker (SegmentedRaftLogWorker.java:run(316)) - c661ec13-19db-400c-b7a5-525d9c97029d@group-75E956CAE081-SegmentedRaftLogWorker was interrupted, exiting. There are 0 tasks remaining in the queue.
2019-10-25 10:59:16,782 [main] INFO  segmented.SegmentedRaftLogWorker (SegmentedRaftLogWorker.java:close(224)) - c661ec13-19db-400c-b7a5-525d9c97029d@group-75E956CAE081-SegmentedRaftLogWorker close()
2019-10-25 10:59:16,785 [main] INFO  server.GrpcService (GrpcService.java:closeImpl(164)) - c661ec13-19db-400c-b7a5-525d9c97029d: shutdown server with port 33523 now
2019-10-25 10:59:16,790 [grpc-default-executor-4] WARN  server.GrpcServerProtocolService (LogUtils.java:warn(134)) - c661ec13-19db-400c-b7a5-525d9c97029d: installSnapshot onError, lastRequest: ef252736-79c5-4662-a0c7-91e85b60cae7->c661ec13-19db-400c-b7a5-525d9c97029d#7-t3, previous=(t:3, i:4), leaderCommit=4, initializing? false, entries: <empty>: org.apache.ratis.thirdparty.io.grpc.StatusRuntimeException: CANCELLED: cancelled before receiving half close
2019-10-25 10:59:16,791 [main] INFO  server.GrpcService (GrpcService.java:closeImpl(172)) - c661ec13-19db-400c-b7a5-525d9c97029d: shutdown server with port 33523 successfully
2019-10-25 10:59:16,794 [refreshUsed-/workdir/hadoop-ozone/integration-test/target/test-dir/MiniOzoneClusterImpl-6ab75f42-d005-46c3-b20f-f10c1b9a2e9f/datanode-1/data/containers] WARN  fs.CachingGetSpaceUsed (CachingGetSpaceUsed.java:run(183)) - Thread Interrupted waiting to refresh disk information: sleep interrupted
2019-10-25 10:59:16,796 [grpc-default-executor-0] WARN  server.GrpcLogAppender (LogUtils.java:warn(134)) - ef252736-79c5-4662-a0c7-91e85b60cae7@group-75E956CAE081->c661ec13-19db-400c-b7a5-525d9c97029d-AppendLogResponseHandler: Failed appendEntries: org.apache.ratis.thirdparty.io.grpc.StatusRuntimeException: CANCELLED: HTTP/2 error code: CANCEL
Received Rst Stream
2019-10-25 10:59:16,811 [main] INFO  utils.BackgroundService (BackgroundService.java:shutdown(151)) - Shutting down service BlockDeletingService
2019-10-25 10:59:16,815 [main] INFO  statemachine.DatanodeStateMachine (DatanodeStateMachine.java:stopDaemon(395)) - Ozone container server stopped.
2019-10-25 10:59:16,818 [main] INFO  handler.ContextHandler (ContextHandler.java:doStop(910)) - Stopped o.e.j.w.WebAppContext@7a0ef219{/,null,UNAVAILABLE}{/hddsDatanode}
2019-10-25 10:59:16,823 [main] INFO  server.AbstractConnector (AbstractConnector.java:doStop(318)) - Stopped ServerConnector@1b1f5012{HTTP/1.1,[http/1.1]}{0.0.0.0:0}
2019-10-25 10:59:16,823 [main] INFO  handler.ContextHandler (ContextHandler.java:doStop(910)) - Stopped o.e.j.s.ServletContextHandler@8851ce1{/static,jar:file:/home/user/.m2/repository/org/apache/hadoop/hadoop-hdds-container-service/0.5.0-SNAPSHOT/hadoop-hdds-container-service-0.5.0-SNAPSHOT.jar!/webapps/static,UNAVAILABLE}
2019-10-25 10:59:16,823 [main] INFO  handler.ContextHandler (ContextHandler.java:doStop(910)) - Stopped o.e.j.s.ServletContextHandler@5e65afb6{/logs,file:///workdir/hadoop-ozone/integration-test/target/log,UNAVAILABLE}
2019-10-25 10:59:19,831 [java.util.concurrent.ThreadPoolExecutor$Worker@6ad81b1e[State = -1, empty queue]] WARN  server.GrpcLogAppender (GrpcLogAppender.java:timeoutAppendRequest(209)) - ef252736-79c5-4662-a0c7-91e85b60cae7@group-75E956CAE081->c661ec13-19db-400c-b7a5-525d9c97029d-GrpcLogAppender: appendEntries Timeout, request=ef252736-79c5-4662-a0c7-91e85b60cae7->c661ec13-19db-400c-b7a5-525d9c97029d#8-t3, previous=(t:3, i:4), leaderCommit=4, initializing? false, entries: size=1, first=(t:3, i:5), STATEMACHINELOGENTRY, client-E2DCCEC0A424, cid=8
2019-10-25 10:59:19,832 [java.util.concurrent.ThreadPoolExecutor$Worker@6ad81b1e[State = -1, empty queue]] WARN  server.GrpcLogAppender (GrpcLogAppender.java:timeoutAppendRequest(209)) - ef252736-79c5-4662-a0c7-91e85b60cae7@group-75E956CAE081->c661ec13-19db-400c-b7a5-525d9c97029d-GrpcLogAppender: appendEntries Timeout, request=ef252736-79c5-4662-a0c7-91e85b60cae7->c661ec13-19db-400c-b7a5-525d9c97029d#9-t3, previous=(t:3, i:5), leaderCommit=4, initializing? false, entries: size=1, first=(t:3, i:6), STATEMACHINELOGENTRY, client-E2DCCEC0A424, cid=9
2019-10-25 10:59:19,843 [java.util.concurrent.ThreadPoolExecutor$Worker@6ad81b1e[State = -1, empty queue]] WARN  server.GrpcLogAppender (GrpcLogAppender.java:timeoutAppendRequest(209)) - ef252736-79c5-4662-a0c7-91e85b60cae7@group-75E956CAE081->c661ec13-19db-400c-b7a5-525d9c97029d-GrpcLogAppender: appendEntries Timeout, request=ef252736-79c5-4662-a0c7-91e85b60cae7->c661ec13-19db-400c-b7a5-525d9c97029d#10-t3, previous=(t:3, i:6), leaderCommit=5, initializing? false, entries: size=1, first=(t:3, i:7), METADATAENTRY(c5)
2019-10-25 10:59:19,857 [java.util.concurrent.ThreadPoolExecutor$Worker@6ad81b1e[State = -1, empty queue]] WARN  server.GrpcLogAppender (GrpcLogAppender.java:timeoutAppendRequest(209)) - ef252736-79c5-4662-a0c7-91e85b60cae7@group-75E956CAE081->c661ec13-19db-400c-b7a5-525d9c97029d-GrpcLogAppender: appendEntries Timeout, request=ef252736-79c5-4662-a0c7-91e85b60cae7->c661ec13-19db-400c-b7a5-525d9c97029d#11-t3, previous=(t:3, i:7), leaderCommit=6, initializing? false, entries: size=1, first=(t:3, i:8), METADATAENTRY(c6)
2019-10-25 10:59:22,359 [java.util.concurrent.ThreadPoolExecutor$Worker@6ad81b1e[State = -1, empty queue]] WARN  server.GrpcLogAppender (GrpcLogAppender.java:timeoutAppendRequest(209)) - ef252736-79c5-4662-a0c7-91e85b60cae7@group-75E956CAE081->c661ec13-19db-400c-b7a5-525d9c97029d-GrpcLogAppender: appendEntries Timeout, request=ef252736-79c5-4662-a0c7-91e85b60cae7->c661ec13-19db-400c-b7a5-525d9c97029d#12-t3, previous=(t:3, i:8), leaderCommit=8, initializing? false, entries: <empty>
2019-10-25 10:59:24,860 [java.util.concurrent.ThreadPoolExecutor$Worker@6ad81b1e[State = -1, empty queue]] WARN  server.GrpcLogAppender (GrpcLogAppender.java:timeoutAppendRequest(209)) - ef252736-79c5-4662-a0c7-91e85b60cae7@group-75E956CAE081->c661ec13-19db-400c-b7a5-525d9c97029d-GrpcLogAppender: appendEntries Timeout, request=ef252736-79c5-4662-a0c7-91e85b60cae7->c661ec13-19db-400c-b7a5-525d9c97029d#13-t3, previous=(t:3, i:8), leaderCommit=8, initializing? false, entries: <empty>
2019-10-25 10:59:25,897 [Thread-304] INFO  client.GrpcClientProtocolService (GrpcClientProtocolService.java:lambda$processClientRequest$0(278)) - Failed RaftClientRequest:client-E2DCCEC0A424->98a94502-2c87-40a7-b3de-b58821969ff5@group-75E956CAE081, cid=10, seq=0, Watch-ALL_COMMITTED(6), Message:<EMPTY>, reply=RaftClientReply:client-E2DCCEC0A424->98a94502-2c87-40a7-b3de-b58821969ff5@group-75E956CAE081, cid=10, FAILED org.apache.ratis.protocol.NotLeaderException: Server 98a94502-2c87-40a7-b3de-b58821969ff5@group-75E956CAE081 is not the leader ef252736-79c5-4662-a0c7-91e85b60cae7:192.168.157.233:36823, logIndex=0, commits[98a94502-2c87-40a7-b3de-b58821969ff5:c8, ef252736-79c5-4662-a0c7-91e85b60cae7:c8, c661ec13-19db-400c-b7a5-525d9c97029d:c4]
2019-10-25 10:59:27,365 [java.util.concurrent.ThreadPoolExecutor$Worker@6ad81b1e[State = -1, empty queue]] WARN  server.GrpcLogAppender (GrpcLogAppender.java:timeoutAppendRequest(209)) - ef252736-79c5-4662-a0c7-91e85b60cae7@group-75E956CAE081->c661ec13-19db-400c-b7a5-525d9c97029d-GrpcLogAppender: appendEntries Timeout, request=ef252736-79c5-4662-a0c7-91e85b60cae7->c661ec13-19db-400c-b7a5-525d9c97029d#14-t3, previous=(t:3, i:8), leaderCommit=8, initializing? false, entries: <empty>
2019-10-25 10:59:27,587 [Thread-308] INFO  client.GrpcClientProtocolService (GrpcClientProtocolService.java:lambda$processClientRequest$0(278)) - Failed RaftClientRequest:client-E2DCCEC0A424->ef252736-79c5-4662-a0c7-91e85b60cae7@group-75E956CAE081, cid=10, seq=0, Watch-ALL_COMMITTED(6), Message:<EMPTY>, reply=RaftClientReply:client-E2DCCEC0A424->ef252736-79c5-4662-a0c7-91e85b60cae7@group-75E956CAE081, cid=10, FAILED org.apache.ratis.protocol.NotReplicatedException: Request with call Id 10 and log index 6 is not yet replicated to ALL_COMMITTED, logIndex=6, commits[ef252736-79c5-4662-a0c7-91e85b60cae7:c8, 98a94502-2c87-40a7-b3de-b58821969ff5:c8, c661ec13-19db-400c-b7a5-525d9c97029d:c4]
2019-10-25 10:59:29,865 [java.util.concurrent.ThreadPoolExecutor$Worker@6ad81b1e[State = -1, empty queue]] WARN  server.GrpcLogAppender (GrpcLogAppender.java:timeoutAppendRequest(209)) - ef252736-79c5-4662-a0c7-91e85b60cae7@group-75E956CAE081->c661ec13-19db-400c-b7a5-525d9c97029d-GrpcLogAppender: appendEntries Timeout, request=ef252736-79c5-4662-a0c7-91e85b60cae7->c661ec13-19db-400c-b7a5-525d9c97029d#15-t3, previous=(t:3, i:8), leaderCommit=8, initializing? false, entries: <empty>
2019-10-25 10:59:32,366 [java.util.concurrent.ThreadPoolExecutor$Worker@6ad81b1e[State = -1, empty queue]] WARN  server.GrpcLogAppender (GrpcLogAppender.java:timeoutAppendRequest(209)) - ef252736-79c5-4662-a0c7-91e85b60cae7@group-75E956CAE081->c661ec13-19db-400c-b7a5-525d9c97029d-GrpcLogAppender: appendEntries Timeout, request=ef252736-79c5-4662-a0c7-91e85b60cae7->c661ec13-19db-400c-b7a5-525d9c97029d#16-t3, previous=(t:3, i:8), leaderCommit=8, initializing? false, entries: <empty>
2019-10-25 10:59:34,867 [java.util.concurrent.ThreadPoolExecutor$Worker@6ad81b1e[State = -1, empty queue]] WARN  server.GrpcLogAppender (GrpcLogAppender.java:timeoutAppendRequest(209)) - ef252736-79c5-4662-a0c7-91e85b60cae7@group-75E956CAE081->c661ec13-19db-400c-b7a5-525d9c97029d-GrpcLogAppender: appendEntries Timeout, request=ef252736-79c5-4662-a0c7-91e85b60cae7->c661ec13-19db-400c-b7a5-525d9c97029d#17-t3, previous=(t:3, i:8), leaderCommit=8, initializing? false, entries: <empty>
2019-10-25 10:59:34,925 [Thread-314] INFO  client.GrpcClientProtocolService (GrpcClientProtocolService.java:lambda$processClientRequest$0(278)) - Failed RaftClientRequest:client-E2DCCEC0A424->98a94502-2c87-40a7-b3de-b58821969ff5@group-75E956CAE081, cid=10, seq=0, Watch-ALL_COMMITTED(6), Message:<EMPTY>, reply=RaftClientReply:client-E2DCCEC0A424->98a94502-2c87-40a7-b3de-b58821969ff5@group-75E956CAE081, cid=10, FAILED org.apache.ratis.protocol.NotLeaderException: Server 98a94502-2c87-40a7-b3de-b58821969ff5@group-75E956CAE081 is not the leader ef252736-79c5-4662-a0c7-91e85b60cae7:192.168.157.233:36823, logIndex=0, commits[98a94502-2c87-40a7-b3de-b58821969ff5:c8, ef252736-79c5-4662-a0c7-91e85b60cae7:c8, c661ec13-19db-400c-b7a5-525d9c97029d:c4]
2019-10-25 10:59:36,584 [Thread-317] INFO  client.GrpcClientProtocolService (GrpcClientProtocolService.java:lambda$processClientRequest$0(278)) - Failed RaftClientRequest:client-E2DCCEC0A424->ef252736-79c5-4662-a0c7-91e85b60cae7@group-75E956CAE081, cid=10, seq=0, Watch-ALL_COMMITTED(6), Message:<EMPTY>, reply=RaftClientReply:client-E2DCCEC0A424->ef252736-79c5-4662-a0c7-91e85b60cae7@group-75E956CAE081, cid=10, FAILED org.apache.ratis.protocol.NotReplicatedException: Request with call Id 10 and log index 6 is not yet replicated to ALL_COMMITTED, logIndex=6, commits[ef252736-79c5-4662-a0c7-91e85b60cae7:c8, 98a94502-2c87-40a7-b3de-b58821969ff5:c8, c661ec13-19db-400c-b7a5-525d9c97029d:c4]
2019-10-25 10:59:37,368 [java.util.concurrent.ThreadPoolExecutor$Worker@6ad81b1e[State = -1, empty queue]] WARN  server.GrpcLogAppender (GrpcLogAppender.java:timeoutAppendRequest(209)) - ef252736-79c5-4662-a0c7-91e85b60cae7@group-75E956CAE081->c661ec13-19db-400c-b7a5-525d9c97029d-GrpcLogAppender: appendEntries Timeout, request=ef252736-79c5-4662-a0c7-91e85b60cae7->c661ec13-19db-400c-b7a5-525d9c97029d#18-t3, previous=(t:3, i:8), leaderCommit=8, initializing? false, entries: <empty>
2019-10-25 10:59:39,869 [java.util.concurrent.ThreadPoolExecutor$Worker@6ad81b1e[State = -1, empty queue]] WARN  server.GrpcLogAppender (GrpcLogAppender.java:timeoutAppendRequest(209)) - ef252736-79c5-4662-a0c7-91e85b60cae7@group-75E956CAE081->c661ec13-19db-400c-b7a5-525d9c97029d-GrpcLogAppender: appendEntries Timeout, request=ef252736-79c5-4662-a0c7-91e85b60cae7->c661ec13-19db-400c-b7a5-525d9c97029d#19-t3, previous=(t:3, i:8), leaderCommit=8, initializing? false, entries: <empty>
2019-10-25 10:59:42,373 [java.util.concurrent.ThreadPoolExecutor$Worker@6ad81b1e[State = -1, empty queue]] WARN  server.GrpcLogAppender (GrpcLogAppender.java:timeoutAppendRequest(209)) - ef252736-79c5-4662-a0c7-91e85b60cae7@group-75E956CAE081->c661ec13-19db-400c-b7a5-525d9c97029d-GrpcLogAppender: appendEntries Timeout, request=ef252736-79c5-4662-a0c7-91e85b60cae7->c661ec13-19db-400c-b7a5-525d9c97029d#20-t3, previous=(t:3, i:8), leaderCommit=8, initializing? false, entries: <empty>
2019-10-25 10:59:44,875 [java.util.concurrent.ThreadPoolExecutor$Worker@6ad81b1e[State = -1, empty queue]] WARN  server.GrpcLogAppender (GrpcLogAppender.java:timeoutAppendRequest(209)) - ef252736-79c5-4662-a0c7-91e85b60cae7@group-75E956CAE081->c661ec13-19db-400c-b7a5-525d9c97029d-GrpcLogAppender: appendEntries Timeout, request=ef252736-79c5-4662-a0c7-91e85b60cae7->c661ec13-19db-400c-b7a5-525d9c97029d#21-t3, previous=(t:3, i:8), leaderCommit=8, initializing? false, entries: <empty>
2019-10-25 10:59:44,985 [Thread-326] INFO  client.GrpcClientProtocolService (GrpcClientProtocolService.java:lambda$processClientRequest$0(278)) - Failed RaftClientRequest:client-E2DCCEC0A424->98a94502-2c87-40a7-b3de-b58821969ff5@group-75E956CAE081, cid=10, seq=0, Watch-ALL_COMMITTED(6), Message:<EMPTY>, reply=RaftClientReply:client-E2DCCEC0A424->98a94502-2c87-40a7-b3de-b58821969ff5@group-75E956CAE081, cid=10, FAILED org.apache.ratis.protocol.NotLeaderException: Server 98a94502-2c87-40a7-b3de-b58821969ff5@group-75E956CAE081 is not the leader ef252736-79c5-4662-a0c7-91e85b60cae7:192.168.157.233:36823, logIndex=0, commits[98a94502-2c87-40a7-b3de-b58821969ff5:c8, ef252736-79c5-4662-a0c7-91e85b60cae7:c8, c661ec13-19db-400c-b7a5-525d9c97029d:c4]
2019-10-25 10:59:45,585 [Thread-329] INFO  client.GrpcClientProtocolService (GrpcClientProtocolService.java:lambda$processClientRequest$0(278)) - Failed RaftClientRequest:client-E2DCCEC0A424->ef252736-79c5-4662-a0c7-91e85b60cae7@group-75E956CAE081, cid=10, seq=0, Watch-ALL_COMMITTED(6), Message:<EMPTY>, reply=RaftClientReply:client-E2DCCEC0A424->ef252736-79c5-4662-a0c7-91e85b60cae7@group-75E956CAE081, cid=10, FAILED org.apache.ratis.protocol.NotReplicatedException: Request with call Id 10 and log index 6 is not yet replicated to ALL_COMMITTED, logIndex=6, commits[ef252736-79c5-4662-a0c7-91e85b60cae7:c8, 98a94502-2c87-40a7-b3de-b58821969ff5:c8, c661ec13-19db-400c-b7a5-525d9c97029d:c4]
2019-10-25 10:59:46,875 [main] WARN  scm.XceiverClientRatis (XceiverClientRatis.java:watchForCommit(277)) - 3 way commit failed on pipeline Pipeline[ Id: 4b59a773-7942-4ce0-97fc-75e956cae081, Nodes: c661ec13-19db-400c-b7a5-525d9c97029d{ip: 192.168.157.233, host: pr-hdds-2359-lls5b-3453883328, networkLocation: /default-rack, certSerialId: null}ef252736-79c5-4662-a0c7-91e85b60cae7{ip: 192.168.157.233, host: pr-hdds-2359-lls5b-3453883328, networkLocation: /default-rack, certSerialId: null}98a94502-2c87-40a7-b3de-b58821969ff5{ip: 192.168.157.233, host: pr-hdds-2359-lls5b-3453883328, networkLocation: /default-rack, certSerialId: null}, Type:RATIS, Factor:THREE, State:OPEN]
java.util.concurrent.TimeoutException
	at java.util.concurrent.CompletableFuture.timedGet(CompletableFuture.java:1771)
	at java.util.concurrent.CompletableFuture.get(CompletableFuture.java:1915)
	at org.apache.hadoop.hdds.scm.XceiverClientRatis.watchForCommit(XceiverClientRatis.java:274)
	at org.apache.hadoop.hdds.scm.storage.CommitWatcher.watchForCommit(CommitWatcher.java:198)
	at org.apache.hadoop.hdds.scm.storage.CommitWatcher.watchOnLastIndex(CommitWatcher.java:161)
	at org.apache.hadoop.hdds.scm.storage.BlockOutputStream.watchForCommit(BlockOutputStream.java:346)
	at org.apache.hadoop.hdds.scm.storage.BlockOutputStream.handleFlush(BlockOutputStream.java:482)
	at org.apache.hadoop.hdds.scm.storage.BlockOutputStream.close(BlockOutputStream.java:496)
	at org.apache.hadoop.ozone.client.io.BlockOutputStreamEntry.close(BlockOutputStreamEntry.java:143)
	at org.apache.hadoop.ozone.client.io.KeyOutputStream.handleFlushOrClose(KeyOutputStream.java:435)
	at org.apache.hadoop.ozone.client.io.KeyOutputStream.close(KeyOutputStream.java:473)
	at org.apache.hadoop.ozone.client.io.OzoneOutputStream.close(OzoneOutputStream.java:60)
	at org.apache.hadoop.ozone.client.rpc.TestDeleteWithSlowFollower.testDeleteKeyWithSlowFollower(TestDeleteWithSlowFollower.java:193)
	at sun.reflect.NativeMethodAccessorImpl.invoke0(Native Method)
	at sun.reflect.NativeMethodAccessorImpl.invoke(NativeMethodAccessorImpl.java:62)
	at sun.reflect.DelegatingMethodAccessorImpl.invoke(DelegatingMethodAccessorImpl.java:43)
	at java.lang.reflect.Method.invoke(Method.java:498)
	at org.junit.runners.model.FrameworkMethod$1.runReflectiveCall(FrameworkMethod.java:47)
	at org.junit.internal.runners.model.ReflectiveCallable.run(ReflectiveCallable.java:12)
	at org.junit.runners.model.FrameworkMethod.invokeExplosively(FrameworkMethod.java:44)
	at org.junit.internal.runners.statements.InvokeMethod.evaluate(InvokeMethod.java:17)
	at org.junit.runners.ParentRunner.runLeaf(ParentRunner.java:271)
	at org.junit.runners.BlockJUnit4ClassRunner.runChild(BlockJUnit4ClassRunner.java:70)
	at org.junit.runners.BlockJUnit4ClassRunner.runChild(BlockJUnit4ClassRunner.java:50)
	at org.junit.runners.ParentRunner$3.run(ParentRunner.java:238)
	at org.junit.runners.ParentRunner$1.schedule(ParentRunner.java:63)
	at org.junit.runners.ParentRunner.runChildren(ParentRunner.java:236)
	at org.junit.runners.ParentRunner.access$000(ParentRunner.java:53)
	at org.junit.runners.ParentRunner$2.evaluate(ParentRunner.java:229)
	at org.junit.internal.runners.statements.RunBefores.evaluate(RunBefores.java:26)
	at org.junit.internal.runners.statements.RunAfters.evaluate(RunAfters.java:27)
	at org.junit.runners.ParentRunner.run(ParentRunner.java:309)
	at org.apache.maven.surefire.junit4.JUnit4Provider.execute(JUnit4Provider.java:365)
	at org.apache.maven.surefire.junit4.JUnit4Provider.executeWithRerun(JUnit4Provider.java:273)
	at org.apache.maven.surefire.junit4.JUnit4Provider.executeTestSet(JUnit4Provider.java:238)
	at org.apache.maven.surefire.junit4.JUnit4Provider.invoke(JUnit4Provider.java:159)
	at org.apache.maven.surefire.booter.ForkedBooter.invokeProviderInSameClassLoader(ForkedBooter.java:384)
	at org.apache.maven.surefire.booter.ForkedBooter.runSuitesInProcess(ForkedBooter.java:345)
	at org.apache.maven.surefire.booter.ForkedBooter.execute(ForkedBooter.java:126)
	at org.apache.maven.surefire.booter.ForkedBooter.main(ForkedBooter.java:418)
2019-10-25 10:59:46,905 [main] INFO  scm.XceiverClientRatis (XceiverClientRatis.java:lambda$watchForCommit$5(295)) - Could not commit index 6 on pipeline Pipeline[ Id: 4b59a773-7942-4ce0-97fc-75e956cae081, Nodes: c661ec13-19db-400c-b7a5-525d9c97029d{ip: 192.168.157.233, host: pr-hdds-2359-lls5b-3453883328, networkLocation: /default-rack, certSerialId: null}ef252736-79c5-4662-a0c7-91e85b60cae7{ip: 192.168.157.233, host: pr-hdds-2359-lls5b-3453883328, networkLocation: /default-rack, certSerialId: null}98a94502-2c87-40a7-b3de-b58821969ff5{ip: 192.168.157.233, host: pr-hdds-2359-lls5b-3453883328, networkLocation: /default-rack, certSerialId: null}, Type:RATIS, Factor:THREE, State:OPEN] to all the nodes. Server c661ec13-19db-400c-b7a5-525d9c97029d has failed. Committed by majority.
2019-10-25 10:59:46,906 [main] WARN  storage.BlockOutputStream (BlockOutputStream.java:watchForCommit(352)) - Failed to commit BlockId conID: 1 locID: 103022667441897472 bcsId: 6 on Pipeline[ Id: 4b59a773-7942-4ce0-97fc-75e956cae081, Nodes: c661ec13-19db-400c-b7a5-525d9c97029d{ip: 192.168.157.233, host: pr-hdds-2359-lls5b-3453883328, networkLocation: /default-rack, certSerialId: null}ef252736-79c5-4662-a0c7-91e85b60cae7{ip: 192.168.157.233, host: pr-hdds-2359-lls5b-3453883328, networkLocation: /default-rack, certSerialId: null}98a94502-2c87-40a7-b3de-b58821969ff5{ip: 192.168.157.233, host: pr-hdds-2359-lls5b-3453883328, networkLocation: /default-rack, certSerialId: null}, Type:RATIS, Factor:THREE, State:OPEN]. Failed nodes: [c661ec13-19db-400c-b7a5-525d9c97029d{ip: null, host: null, networkLocation: /default-rack, certSerialId: null}]
2019-10-25 10:59:47,377 [java.util.concurrent.ThreadPoolExecutor$Worker@6ad81b1e[State = -1, empty queue]] WARN  server.GrpcLogAppender (GrpcLogAppender.java:timeoutAppendRequest(209)) - ef252736-79c5-4662-a0c7-91e85b60cae7@group-75E956CAE081->c661ec13-19db-400c-b7a5-525d9c97029d-GrpcLogAppender: appendEntries Timeout, request=ef252736-79c5-4662-a0c7-91e85b60cae7->c661ec13-19db-400c-b7a5-525d9c97029d#22-t3, previous=(t:3, i:8), leaderCommit=8, initializing? false, entries: <empty>
2019-10-25 10:59:48,004 [EventQueue-IncrementalContainerReportForIncrementalContainerReportHandler] WARN  container.IncrementalContainerReportHandler (AbstractContainerReportHandler.java:updateContainerState(145)) - Container #1 is in OPEN state, but the datanode ef252736-79c5-4662-a0c7-91e85b60cae7{ip: 192.168.157.233, host: pr-hdds-2359-lls5b-3453883328, networkLocation: /default-rack, certSerialId: null} reports an CLOSING replica.
2019-10-25 10:59:48,014 [EventQueue-ContainerReportForContainerReportHandler] WARN  container.ContainerReportHandler (AbstractContainerReportHandler.java:updateContainerState(145)) - Container #1 is in OPEN state, but the datanode 98a94502-2c87-40a7-b3de-b58821969ff5{ip: 192.168.157.233, host: pr-hdds-2359-lls5b-3453883328, networkLocation: /default-rack, certSerialId: null} reports an CLOSING replica.
2019-10-25 10:59:48,015 [RatisApplyTransactionExecutor 1] INFO  interfaces.Container (KeyValueContainer.java:flushAndSyncDB(386)) - Container 1 is synced with bcsId 6.
2019-10-25 10:59:48,015 [RatisApplyTransactionExecutor 1] INFO  interfaces.Container (KeyValueContainer.java:flushAndSyncDB(386)) - Container 1 is synced with bcsId 6.
2019-10-25 10:59:48,030 [EventQueue-IncrementalContainerReportForIncrementalContainerReportHandler] WARN  container.IncrementalContainerReportHandler (AbstractContainerReportHandler.java:updateContainerState(145)) - Container #1 is in OPEN state, but the datanode 98a94502-2c87-40a7-b3de-b58821969ff5{ip: 192.168.157.233, host: pr-hdds-2359-lls5b-3453883328, networkLocation: /default-rack, certSerialId: null} reports an CLOSING replica.
2019-10-25 10:59:48,031 [RatisApplyTransactionExecutor 1] INFO  interfaces.Container (KeyValueContainer.java:flushAndSyncDB(386)) - Container 1 is synced with bcsId 6.
2019-10-25 10:59:48,031 [RatisApplyTransactionExecutor 1] INFO  interfaces.Container (KeyValueContainer.java:flushAndSyncDB(386)) - Container 1 is synced with bcsId 6.
2019-10-25 10:59:48,032 [RatisApplyTransactionExecutor 1] INFO  interfaces.Container (KeyValueContainer.java:close(335)) - Container 1 is closed with bcsId 6.
2019-10-25 10:59:48,034 [EventQueue-IncrementalContainerReportForIncrementalContainerReportHandler] WARN  container.IncrementalContainerReportHandler (AbstractContainerReportHandler.java:updateContainerState(145)) - Container #1 is in OPEN state, but the datanode ef252736-79c5-4662-a0c7-91e85b60cae7{ip: 192.168.157.233, host: pr-hdds-2359-lls5b-3453883328, networkLocation: /default-rack, certSerialId: null} reports an CLOSED replica.
2019-10-25 10:59:48,047 [RatisApplyTransactionExecutor 1] INFO  interfaces.Container (KeyValueContainer.java:close(335)) - Container 1 is closed with bcsId 6.
2019-10-25 10:59:48,048 [EventQueue-IncrementalContainerReportForIncrementalContainerReportHandler] WARN  container.IncrementalContainerReportHandler (AbstractContainerReportHandler.java:updateContainerState(145)) - Container #1 is in OPEN state, but the datanode 98a94502-2c87-40a7-b3de-b58821969ff5{ip: 192.168.157.233, host: pr-hdds-2359-lls5b-3453883328, networkLocation: /default-rack, certSerialId: null} reports an CLOSED replica.
2019-10-25 10:59:48,164 [BlockDeletingService#2] WARN  background.BlockDeletingService (BlockDeletingService.java:isDeletionAllowed(187)) - Close Container log Index 6 is not replicated across allthe servers in the pipeline 4b59a773-7942-4ce0-97fc-75e956cae081 as the min replicated index is 4. Deletion is not allowed in this container yet.
2019-10-25 10:59:48,165 [BlockDeletingService#2] WARN  background.BlockDeletingService (BlockDeletingService.java:isDeletionAllowed(187)) - Close Container log Index 6 is not replicated across allthe servers in the pipeline 4b59a773-7942-4ce0-97fc-75e956cae081 as the min replicated index is 4. Deletion is not allowed in this container yet.
2019-10-25 10:59:48,233 [EventQueue-ContainerReportForContainerReportHandler] WARN  container.ContainerReportHandler (AbstractContainerReportHandler.java:updateContainerState(145)) - Container #1 is in OPEN state, but the datanode ef252736-79c5-4662-a0c7-91e85b60cae7{ip: 192.168.157.233, host: pr-hdds-2359-lls5b-3453883328, networkLocation: /default-rack, certSerialId: null} reports an CLOSED replica.
2019-10-25 10:59:48,248 [EventQueue-ContainerReportForContainerReportHandler] WARN  container.ContainerReportHandler (AbstractContainerReportHandler.java:updateContainerState(145)) - Container #1 is in OPEN state, but the datanode 98a94502-2c87-40a7-b3de-b58821969ff5{ip: 192.168.157.233, host: pr-hdds-2359-lls5b-3453883328, networkLocation: /default-rack, certSerialId: null} reports an CLOSED replica.
2019-10-25 10:59:48,448 [EventQueue-ContainerReportForContainerReportHandler] WARN  container.ContainerReportHandler (AbstractContainerReportHandler.java:updateContainerState(145)) - Container #1 is in OPEN state, but the datanode 98a94502-2c87-40a7-b3de-b58821969ff5{ip: 192.168.157.233, host: pr-hdds-2359-lls5b-3453883328, networkLocation: /default-rack, certSerialId: null} reports an CLOSED replica.
2019-10-25 10:59:48,633 [EventQueue-ContainerReportForContainerReportHandler] WARN  container.ContainerReportHandler (AbstractContainerReportHandler.java:updateContainerState(145)) - Container #1 is in OPEN state, but the datanode ef252736-79c5-4662-a0c7-91e85b60cae7{ip: 192.168.157.233, host: pr-hdds-2359-lls5b-3453883328, networkLocation: /default-rack, certSerialId: null} reports an CLOSED replica.
2019-10-25 10:59:48,749 [EventQueue-ContainerReportForContainerReportHandler] WARN  container.ContainerReportHandler (AbstractContainerReportHandler.java:updateContainerState(145)) - Container #1 is in OPEN state, but the datanode 98a94502-2c87-40a7-b3de-b58821969ff5{ip: 192.168.157.233, host: pr-hdds-2359-lls5b-3453883328, networkLocation: /default-rack, certSerialId: null} reports an CLOSED replica.
2019-10-25 10:59:48,833 [EventQueue-ContainerReportForContainerReportHandler] WARN  container.ContainerReportHandler (AbstractContainerReportHandler.java:updateContainerState(145)) - Container #1 is in OPEN state, but the datanode ef252736-79c5-4662-a0c7-91e85b60cae7{ip: 192.168.157.233, host: pr-hdds-2359-lls5b-3453883328, networkLocation: /default-rack, certSerialId: null} reports an CLOSED replica.
2019-10-25 10:59:48,927 [IPC Server handler 0 on 38715] INFO  server.SCMBlockProtocolServer (SCMBlockProtocolServer.java:deleteKeyBlocks(212)) - SCM is informed by OM to delete 1 blocks
2019-10-25 10:59:48,928 [IPC Server handler 0 on 38715] INFO  block.BlockManagerImpl (BlockManagerImpl.java:deleteBlocks(285)) - Deleting blocks conID: 1 locID: 103022667441897472 bcsId: 0
2019-10-25 10:59:49,034 [EventQueue-ContainerReportForContainerReportHandler] WARN  container.ContainerReportHandler (AbstractContainerReportHandler.java:updateContainerState(145)) - Container #1 is in OPEN state, but the datanode ef252736-79c5-4662-a0c7-91e85b60cae7{ip: 192.168.157.233, host: pr-hdds-2359-lls5b-3453883328, networkLocation: /default-rack, certSerialId: null} reports an CLOSED replica.
2019-10-25 10:59:49,049 [EventQueue-ContainerReportForContainerReportHandler] WARN  container.ContainerReportHandler (AbstractContainerReportHandler.java:updateContainerState(145)) - Container #1 is in OPEN state, but the datanode 98a94502-2c87-40a7-b3de-b58821969ff5{ip: 192.168.157.233, host: pr-hdds-2359-lls5b-3453883328, networkLocation: /default-rack, certSerialId: null} reports an CLOSED replica.
2019-10-25 10:59:49,165 [BlockDeletingService#2] WARN  background.BlockDeletingService (BlockDeletingService.java:isDeletionAllowed(187)) - Close Container log Index 6 is not replicated across allthe servers in the pipeline 4b59a773-7942-4ce0-97fc-75e956cae081 as the min replicated index is 4. Deletion is not allowed in this container yet.
2019-10-25 10:59:49,167 [BlockDeletingService#2] WARN  background.BlockDeletingService (BlockDeletingService.java:isDeletionAllowed(187)) - Close Container log Index 6 is not replicated across allthe servers in the pipeline 4b59a773-7942-4ce0-97fc-75e956cae081 as the min replicated index is 4. Deletion is not allowed in this container yet.
2019-10-25 10:59:49,333 [EventQueue-ContainerReportForContainerReportHandler] WARN  container.ContainerReportHandler (AbstractContainerReportHandler.java:updateContainerState(145)) - Container #1 is in OPEN state, but the datanode ef252736-79c5-4662-a0c7-91e85b60cae7{ip: 192.168.157.233, host: pr-hdds-2359-lls5b-3453883328, networkLocation: /default-rack, certSerialId: null} reports an CLOSED replica.
2019-10-25 10:59:49,350 [EventQueue-ContainerReportForContainerReportHandler] WARN  container.ContainerReportHandler (AbstractContainerReportHandler.java:updateContainerState(145)) - Container #1 is in OPEN state, but the datanode 98a94502-2c87-40a7-b3de-b58821969ff5{ip: 192.168.157.233, host: pr-hdds-2359-lls5b-3453883328, networkLocation: /default-rack, certSerialId: null} reports an CLOSED replica.
2019-10-25 10:59:49,533 [EventQueue-ContainerReportForContainerReportHandler] WARN  container.ContainerReportHandler (AbstractContainerReportHandler.java:updateContainerState(145)) - Container #1 is in OPEN state, but the datanode ef252736-79c5-4662-a0c7-91e85b60cae7{ip: 192.168.157.233, host: pr-hdds-2359-lls5b-3453883328, networkLocation: /default-rack, certSerialId: null} reports an CLOSED replica.
2019-10-25 10:59:49,550 [EventQueue-ContainerReportForContainerReportHandler] WARN  container.ContainerReportHandler (AbstractContainerReportHandler.java:updateContainerState(145)) - Container #1 is in OPEN state, but the datanode 98a94502-2c87-40a7-b3de-b58821969ff5{ip: 192.168.157.233, host: pr-hdds-2359-lls5b-3453883328, networkLocation: /default-rack, certSerialId: null} reports an CLOSED replica.
2019-10-25 10:59:49,834 [EventQueue-ContainerReportForContainerReportHandler] WARN  container.ContainerReportHandler (AbstractContainerReportHandler.java:updateContainerState(145)) - Container #1 is in OPEN state, but the datanode ef252736-79c5-4662-a0c7-91e85b60cae7{ip: 192.168.157.233, host: pr-hdds-2359-lls5b-3453883328, networkLocation: /default-rack, certSerialId: null} reports an CLOSED replica.
2019-10-25 10:59:49,879 [java.util.concurrent.ThreadPoolExecutor$Worker@6ad81b1e[State = -1, empty queue]] WARN  server.GrpcLogAppender (GrpcLogAppender.java:timeoutAppendRequest(209)) - ef252736-79c5-4662-a0c7-91e85b60cae7@group-75E956CAE081->c661ec13-19db-400c-b7a5-525d9c97029d-GrpcLogAppender: appendEntries Timeout, request=ef252736-79c5-4662-a0c7-91e85b60cae7->c661ec13-19db-400c-b7a5-525d9c97029d#23-t3, previous=(t:3, i:8), leaderCommit=8, initializing? false, entries: <empty>
2019-10-25 10:59:49,950 [EventQueue-ContainerReportForContainerReportHandler] WARN  container.ContainerReportHandler (AbstractContainerReportHandler.java:updateContainerState(145)) - Container #1 is in OPEN state, but the datanode 98a94502-2c87-40a7-b3de-b58821969ff5{ip: 192.168.157.233, host: pr-hdds-2359-lls5b-3453883328, networkLocation: /default-rack, certSerialId: null} reports an CLOSED replica.
2019-10-25 10:59:50,035 [EventQueue-ContainerReportForContainerReportHandler] WARN  container.ContainerReportHandler (AbstractContainerReportHandler.java:updateContainerState(145)) - Container #1 is in OPEN state, but the datanode ef252736-79c5-4662-a0c7-91e85b60cae7{ip: 192.168.157.233, host: pr-hdds-2359-lls5b-3453883328, networkLocation: /default-rack, certSerialId: null} reports an CLOSED replica.
2019-10-25 10:59:50,150 [EventQueue-ContainerReportForContainerReportHandler] WARN  container.ContainerReportHandler (AbstractContainerReportHandler.java:updateContainerState(145)) - Container #1 is in OPEN state, but the datanode 98a94502-2c87-40a7-b3de-b58821969ff5{ip: 192.168.157.233, host: pr-hdds-2359-lls5b-3453883328, networkLocation: /default-rack, certSerialId: null} reports an CLOSED replica.
2019-10-25 10:59:50,167 [BlockDeletingService#2] WARN  background.BlockDeletingService (BlockDeletingService.java:isDeletionAllowed(187)) - Close Container log Index 6 is not replicated across allthe servers in the pipeline 4b59a773-7942-4ce0-97fc-75e956cae081 as the min replicated index is 4. Deletion is not allowed in this container yet.
2019-10-25 10:59:50,168 [BlockDeletingService#2] WARN  background.BlockDeletingService (BlockDeletingService.java:isDeletionAllowed(187)) - Close Container log Index 6 is not replicated across allthe servers in the pipeline 4b59a773-7942-4ce0-97fc-75e956cae081 as the min replicated index is 4. Deletion is not allowed in this container yet.
2019-10-25 10:59:50,435 [EventQueue-ContainerReportForContainerReportHandler] WARN  container.ContainerReportHandler (AbstractContainerReportHandler.java:updateContainerState(145)) - Container #1 is in OPEN state, but the datanode ef252736-79c5-4662-a0c7-91e85b60cae7{ip: 192.168.157.233, host: pr-hdds-2359-lls5b-3453883328, networkLocation: /default-rack, certSerialId: null} reports an CLOSED replica.
2019-10-25 10:59:50,551 [EventQueue-ContainerReportForContainerReportHandler] WARN  container.ContainerReportHandler (AbstractContainerReportHandler.java:updateContainerState(145)) - Container #1 is in OPEN state, but the datanode 98a94502-2c87-40a7-b3de-b58821969ff5{ip: 192.168.157.233, host: pr-hdds-2359-lls5b-3453883328, networkLocation: /default-rack, certSerialId: null} reports an CLOSED replica.
2019-10-25 10:59:50,734 [EventQueue-ContainerReportForContainerReportHandler] WARN  container.ContainerReportHandler (AbstractContainerReportHandler.java:updateContainerState(145)) - Container #1 is in OPEN state, but the datanode ef252736-79c5-4662-a0c7-91e85b60cae7{ip: 192.168.157.233, host: pr-hdds-2359-lls5b-3453883328, networkLocation: /default-rack, certSerialId: null} reports an CLOSED replica.
2019-10-25 10:59:50,853 [EventQueue-ContainerReportForContainerReportHandler] WARN  container.ContainerReportHandler (AbstractContainerReportHandler.java:updateContainerState(145)) - Container #1 is in OPEN state, but the datanode 98a94502-2c87-40a7-b3de-b58821969ff5{ip: 192.168.157.233, host: pr-hdds-2359-lls5b-3453883328, networkLocation: /default-rack, certSerialId: null} reports an CLOSED replica.
2019-10-25 10:59:50,976 [java.util.concurrent.ThreadPoolExecutor$Worker@6ad81b1e[State = -1, empty queue]] WARN  server.GrpcLogAppender (GrpcLogAppender.java:timeoutAppendRequest(209)) - ef252736-79c5-4662-a0c7-91e85b60cae7@group-75E956CAE081->c661ec13-19db-400c-b7a5-525d9c97029d-GrpcLogAppender: appendEntries Timeout, request=ef252736-79c5-4662-a0c7-91e85b60cae7->c661ec13-19db-400c-b7a5-525d9c97029d#24-t3, previous=(t:3, i:8), leaderCommit=8, initializing? false, entries: size=1, first=(t:3, i:9), STATEMACHINELOGENTRY, client-C1F4B92DB3E0, cid=12
2019-10-25 10:59:50,989 [java.util.concurrent.ThreadPoolExecutor$Worker@6ad81b1e[State = -1, empty queue]] WARN  server.GrpcLogAppender (GrpcLogAppender.java:timeoutAppendRequest(209)) - ef252736-79c5-4662-a0c7-91e85b60cae7@group-75E956CAE081->c661ec13-19db-400c-b7a5-525d9c97029d-GrpcLogAppender: appendEntries Timeout, request=ef252736-79c5-4662-a0c7-91e85b60cae7->c661ec13-19db-400c-b7a5-525d9c97029d#25-t3, previous=(t:3, i:9), leaderCommit=9, initializing? false, entries: size=1, first=(t:3, i:10), METADATAENTRY(c9)
2019-10-25 10:59:51,036 [EventQueue-ContainerReportForContainerReportHandler] WARN  container.ContainerReportHandler (AbstractContainerReportHandler.java:updateContainerState(145)) - Container #1 is in OPEN state, but the datanode ef252736-79c5-4662-a0c7-91e85b60cae7{ip: 192.168.157.233, host: pr-hdds-2359-lls5b-3453883328, networkLocation: /default-rack, certSerialId: null} reports an CLOSED replica.
2019-10-25 10:59:51,168 [BlockDeletingService#2] WARN  background.BlockDeletingService (BlockDeletingService.java:isDeletionAllowed(187)) - Close Container log Index 6 is not replicated across allthe servers in the pipeline 4b59a773-7942-4ce0-97fc-75e956cae081 as the min replicated index is 4. Deletion is not allowed in this container yet.
2019-10-25 10:59:51,170 [BlockDeletingService#2] WARN  background.BlockDeletingService (BlockDeletingService.java:isDeletionAllowed(187)) - Close Container log Index 6 is not replicated across allthe servers in the pipeline 4b59a773-7942-4ce0-97fc-75e956cae081 as the min replicated index is 4. Deletion is not allowed in this container yet.
2019-10-25 10:59:51,257 [EventQueue-ContainerReportForContainerReportHandler] WARN  container.ContainerReportHandler (AbstractContainerReportHandler.java:updateContainerState(145)) - Container #1 is in OPEN state, but the datanode 98a94502-2c87-40a7-b3de-b58821969ff5{ip: 192.168.157.233, host: pr-hdds-2359-lls5b-3453883328, networkLocation: /default-rack, certSerialId: null} reports an CLOSED replica.
2019-10-25 10:59:51,336 [EventQueue-ContainerReportForContainerReportHandler] WARN  container.ContainerReportHandler (AbstractContainerReportHandler.java:updateContainerState(145)) - Container #1 is in OPEN state, but the datanode ef252736-79c5-4662-a0c7-91e85b60cae7{ip: 192.168.157.233, host: pr-hdds-2359-lls5b-3453883328, networkLocation: /default-rack, certSerialId: null} reports an CLOSED replica.
2019-10-25 10:59:51,456 [EventQueue-ContainerReportForContainerReportHandler] WARN  container.ContainerReportHandler (AbstractContainerReportHandler.java:updateContainerState(145)) - Container #1 is in OPEN state, but the datanode 98a94502-2c87-40a7-b3de-b58821969ff5{ip: 192.168.157.233, host: pr-hdds-2359-lls5b-3453883328, networkLocation: /default-rack, certSerialId: null} reports an CLOSED replica.
2019-10-25 10:59:51,637 [EventQueue-ContainerReportForContainerReportHandler] WARN  container.ContainerReportHandler (AbstractContainerReportHandler.java:updateContainerState(145)) - Container #1 is in OPEN state, but the datanode ef252736-79c5-4662-a0c7-91e85b60cae7{ip: 192.168.157.233, host: pr-hdds-2359-lls5b-3453883328, networkLocation: /default-rack, certSerialId: null} reports an CLOSED replica.
2019-10-25 10:59:51,656 [EventQueue-ContainerReportForContainerReportHandler] WARN  container.ContainerReportHandler (AbstractContainerReportHandler.java:updateContainerState(145)) - Container #1 is in OPEN state, but the datanode 98a94502-2c87-40a7-b3de-b58821969ff5{ip: 192.168.157.233, host: pr-hdds-2359-lls5b-3453883328, networkLocation: /default-rack, certSerialId: null} reports an CLOSED replica.
2019-10-25 10:59:51,937 [EventQueue-ContainerReportForContainerReportHandler] WARN  container.ContainerReportHandler (AbstractContainerReportHandler.java:updateContainerState(145)) - Container #1 is in OPEN state, but the datanode ef252736-79c5-4662-a0c7-91e85b60cae7{ip: 192.168.157.233, host: pr-hdds-2359-lls5b-3453883328, networkLocation: /default-rack, certSerialId: null} reports an CLOSED replica.
2019-10-25 10:59:51,956 [EventQueue-ContainerReportForContainerReportHandler] WARN  container.ContainerReportHandler (AbstractContainerReportHandler.java:updateContainerState(145)) - Container #1 is in OPEN state, but the datanode 98a94502-2c87-40a7-b3de-b58821969ff5{ip: 192.168.157.233, host: pr-hdds-2359-lls5b-3453883328, networkLocation: /default-rack, certSerialId: null} reports an CLOSED replica.
2019-10-25 10:59:52,172 [BlockDeletingService#2] WARN  background.BlockDeletingService (BlockDeletingService.java:isDeletionAllowed(187)) - Close Container log Index 6 is not replicated across allthe servers in the pipeline 4b59a773-7942-4ce0-97fc-75e956cae081 as the min replicated index is 4. Deletion is not allowed in this container yet.
2019-10-25 10:59:52,172 [BlockDeletingService#2] WARN  background.BlockDeletingService (BlockDeletingService.java:isDeletionAllowed(187)) - Close Container log Index 6 is not replicated across allthe servers in the pipeline 4b59a773-7942-4ce0-97fc-75e956cae081 as the min replicated index is 4. Deletion is not allowed in this container yet.
2019-10-25 10:59:52,236 [EventQueue-ContainerReportForContainerReportHandler] WARN  container.ContainerReportHandler (AbstractContainerReportHandler.java:updateContainerState(145)) - Container #1 is in OPEN state, but the datanode ef252736-79c5-4662-a0c7-91e85b60cae7{ip: 192.168.157.233, host: pr-hdds-2359-lls5b-3453883328, networkLocation: /default-rack, certSerialId: null} reports an CLOSED replica.
2019-10-25 10:59:52,257 [EventQueue-ContainerReportForContainerReportHandler] WARN  container.ContainerReportHandler (AbstractContainerReportHandler.java:updateContainerState(145)) - Container #1 is in OPEN state, but the datanode 98a94502-2c87-40a7-b3de-b58821969ff5{ip: 192.168.157.233, host: pr-hdds-2359-lls5b-3453883328, networkLocation: /default-rack, certSerialId: null} reports an CLOSED replica.
2019-10-25 10:59:52,457 [EventQueue-ContainerReportForContainerReportHandler] WARN  container.ContainerReportHandler (AbstractContainerReportHandler.java:updateContainerState(145)) - Container #1 is in OPEN state, but the datanode 98a94502-2c87-40a7-b3de-b58821969ff5{ip: 192.168.157.233, host: pr-hdds-2359-lls5b-3453883328, networkLocation: /default-rack, certSerialId: null} reports an CLOSED replica.
2019-10-25 10:59:52,536 [EventQueue-ContainerReportForContainerReportHandler] WARN  container.ContainerReportHandler (AbstractContainerReportHandler.java:updateContainerState(145)) - Container #1 is in OPEN state, but the datanode ef252736-79c5-4662-a0c7-91e85b60cae7{ip: 192.168.157.233, host: pr-hdds-2359-lls5b-3453883328, networkLocation: /default-rack, certSerialId: null} reports an CLOSED replica.
2019-10-25 10:59:52,736 [EventQueue-ContainerReportForContainerReportHandler] WARN  container.ContainerReportHandler (AbstractContainerReportHandler.java:updateContainerState(145)) - Container #1 is in OPEN state, but the datanode ef252736-79c5-4662-a0c7-91e85b60cae7{ip: 192.168.157.233, host: pr-hdds-2359-lls5b-3453883328, networkLocation: /default-rack, certSerialId: null} reports an CLOSED replica.
2019-10-25 10:59:52,858 [EventQueue-ContainerReportForContainerReportHandler] WARN  container.ContainerReportHandler (AbstractContainerReportHandler.java:updateContainerState(145)) - Container #1 is in OPEN state, but the datanode 98a94502-2c87-40a7-b3de-b58821969ff5{ip: 192.168.157.233, host: pr-hdds-2359-lls5b-3453883328, networkLocation: /default-rack, certSerialId: null} reports an CLOSED replica.
2019-10-25 10:59:53,037 [EventQueue-ContainerReportForContainerReportHandler] WARN  container.ContainerReportHandler (AbstractContainerReportHandler.java:updateContainerState(145)) - Container #1 is in OPEN state, but the datanode ef252736-79c5-4662-a0c7-91e85b60cae7{ip: 192.168.157.233, host: pr-hdds-2359-lls5b-3453883328, networkLocation: /default-rack, certSerialId: null} reports an CLOSED replica.
2019-10-25 10:59:53,158 [EventQueue-ContainerReportForContainerReportHandler] WARN  container.ContainerReportHandler (AbstractContainerReportHandler.java:updateContainerState(145)) - Container #1 is in OPEN state, but the datanode 98a94502-2c87-40a7-b3de-b58821969ff5{ip: 192.168.157.233, host: pr-hdds-2359-lls5b-3453883328, networkLocation: /default-rack, certSerialId: null} reports an CLOSED replica.
2019-10-25 10:59:53,175 [BlockDeletingService#2] WARN  background.BlockDeletingService (BlockDeletingService.java:isDeletionAllowed(187)) - Close Container log Index 6 is not replicated across allthe servers in the pipeline 4b59a773-7942-4ce0-97fc-75e956cae081 as the min replicated index is 4. Deletion is not allowed in this container yet.
2019-10-25 10:59:53,175 [BlockDeletingService#2] WARN  background.BlockDeletingService (BlockDeletingService.java:isDeletionAllowed(187)) - Close Container log Index 6 is not replicated across allthe servers in the pipeline 4b59a773-7942-4ce0-97fc-75e956cae081 as the min replicated index is 4. Deletion is not allowed in this container yet.
2019-10-25 10:59:53,338 [EventQueue-ContainerReportForContainerReportHandler] WARN  container.ContainerReportHandler (AbstractContainerReportHandler.java:updateContainerState(145)) - Container #1 is in OPEN state, but the datanode ef252736-79c5-4662-a0c7-91e85b60cae7{ip: 192.168.157.233, host: pr-hdds-2359-lls5b-3453883328, networkLocation: /default-rack, certSerialId: null} reports an CLOSED replica.
2019-10-25 10:59:53,458 [EventQueue-ContainerReportForContainerReportHandler] WARN  container.ContainerReportHandler (AbstractContainerReportHandler.java:updateContainerState(145)) - Container #1 is in OPEN state, but the datanode 98a94502-2c87-40a7-b3de-b58821969ff5{ip: 192.168.157.233, host: pr-hdds-2359-lls5b-3453883328, networkLocation: /default-rack, certSerialId: null} reports an CLOSED replica.
2019-10-25 10:59:53,491 [java.util.concurrent.ThreadPoolExecutor$Worker@6ad81b1e[State = -1, empty queue]] WARN  server.GrpcLogAppender (GrpcLogAppender.java:timeoutAppendRequest(209)) - ef252736-79c5-4662-a0c7-91e85b60cae7@group-75E956CAE081->c661ec13-19db-400c-b7a5-525d9c97029d-GrpcLogAppender: appendEntries Timeout, request=ef252736-79c5-4662-a0c7-91e85b60cae7->c661ec13-19db-400c-b7a5-525d9c97029d#26-t3, previous=(t:3, i:10), leaderCommit=10, initializing? false, entries: <empty>
2019-10-25 10:59:53,639 [EventQueue-ContainerReportForContainerReportHandler] WARN  container.ContainerReportHandler (AbstractContainerReportHandler.java:updateContainerState(145)) - Container #1 is in OPEN state, but the datanode ef252736-79c5-4662-a0c7-91e85b60cae7{ip: 192.168.157.233, host: pr-hdds-2359-lls5b-3453883328, networkLocation: /default-rack, certSerialId: null} reports an CLOSED replica.
2019-10-25 10:59:53,760 [EventQueue-ContainerReportForContainerReportHandler] WARN  container.ContainerReportHandler (AbstractContainerReportHandler.java:updateContainerState(145)) - Container #1 is in OPEN state, but the datanode 98a94502-2c87-40a7-b3de-b58821969ff5{ip: 192.168.157.233, host: pr-hdds-2359-lls5b-3453883328, networkLocation: /default-rack, certSerialId: null} reports an CLOSED replica.
2019-10-25 10:59:53,940 [EventQueue-ContainerReportForContainerReportHandler] WARN  container.ContainerReportHandler (AbstractContainerReportHandler.java:updateContainerState(145)) - Container #1 is in OPEN state, but the datanode ef252736-79c5-4662-a0c7-91e85b60cae7{ip: 192.168.157.233, host: pr-hdds-2359-lls5b-3453883328, networkLocation: /default-rack, certSerialId: null} reports an CLOSED replica.
2019-10-25 10:59:54,020 [Thread-359] INFO  client.GrpcClientProtocolService (GrpcClientProtocolService.java:lambda$processClientRequest$0(278)) - Failed RaftClientRequest:client-E2DCCEC0A424->98a94502-2c87-40a7-b3de-b58821969ff5@group-75E956CAE081, cid=10, seq=0, Watch-ALL_COMMITTED(6), Message:<EMPTY>, reply=RaftClientReply:client-E2DCCEC0A424->98a94502-2c87-40a7-b3de-b58821969ff5@group-75E956CAE081, cid=10, FAILED org.apache.ratis.protocol.NotLeaderException: Server 98a94502-2c87-40a7-b3de-b58821969ff5@group-75E956CAE081 is not the leader ef252736-79c5-4662-a0c7-91e85b60cae7:192.168.157.233:36823, logIndex=0, commits[98a94502-2c87-40a7-b3de-b58821969ff5:c10, ef252736-79c5-4662-a0c7-91e85b60cae7:c10, c661ec13-19db-400c-b7a5-525d9c97029d:c4]
2019-10-25 10:59:54,058 [EventQueue-ContainerReportForContainerReportHandler] WARN  container.ContainerReportHandler (AbstractContainerReportHandler.java:updateContainerState(145)) - Container #1 is in OPEN state, but the datanode 98a94502-2c87-40a7-b3de-b58821969ff5{ip: 192.168.157.233, host: pr-hdds-2359-lls5b-3453883328, networkLocation: /default-rack, certSerialId: null} reports an CLOSED replica.
2019-10-25 10:59:54,177 [BlockDeletingService#2] WARN  background.BlockDeletingService (BlockDeletingService.java:isDeletionAllowed(187)) - Close Container log Index 6 is not replicated across allthe servers in the pipeline 4b59a773-7942-4ce0-97fc-75e956cae081 as the min replicated index is 4. Deletion is not allowed in this container yet.
2019-10-25 10:59:54,177 [BlockDeletingService#2] WARN  background.BlockDeletingService (BlockDeletingService.java:isDeletionAllowed(187)) - Close Container log Index 6 is not replicated across allthe servers in the pipeline 4b59a773-7942-4ce0-97fc-75e956cae081 as the min replicated index is 4. Deletion is not allowed in this container yet.
2019-10-25 10:59:54,258 [EventQueue-ContainerReportForContainerReportHandler] WARN  container.ContainerReportHandler (AbstractContainerReportHandler.java:updateContainerState(145)) - Container #1 is in OPEN state, but the datanode 98a94502-2c87-40a7-b3de-b58821969ff5{ip: 192.168.157.233, host: pr-hdds-2359-lls5b-3453883328, networkLocation: /default-rack, certSerialId: null} reports an CLOSED replica.
2019-10-25 10:59:54,345 [EventQueue-ContainerReportForContainerReportHandler] WARN  container.ContainerReportHandler (AbstractContainerReportHandler.java:updateContainerState(145)) - Container #1 is in OPEN state, but the datanode ef252736-79c5-4662-a0c7-91e85b60cae7{ip: 192.168.157.233, host: pr-hdds-2359-lls5b-3453883328, networkLocation: /default-rack, certSerialId: null} reports an CLOSED replica.
2019-10-25 10:59:54,558 [EventQueue-ContainerReportForContainerReportHandler] WARN  container.ContainerReportHandler (AbstractContainerReportHandler.java:updateContainerState(145)) - Container #1 is in OPEN state, but the datanode 98a94502-2c87-40a7-b3de-b58821969ff5{ip: 192.168.157.233, host: pr-hdds-2359-lls5b-3453883328, networkLocation: /default-rack, certSerialId: null} reports an CLOSED replica.
2019-10-25 10:59:54,645 [EventQueue-ContainerReportForContainerReportHandler] WARN  container.ContainerReportHandler (AbstractContainerReportHandler.java:updateContainerState(145)) - Container #1 is in OPEN state, but the datanode ef252736-79c5-4662-a0c7-91e85b60cae7{ip: 192.168.157.233, host: pr-hdds-2359-lls5b-3453883328, networkLocation: /default-rack, certSerialId: null} reports an CLOSED replica.
2019-10-25 10:59:54,845 [EventQueue-ContainerReportForContainerReportHandler] WARN  container.ContainerReportHandler (AbstractContainerReportHandler.java:updateContainerState(145)) - Container #1 is in OPEN state, but the datanode ef252736-79c5-4662-a0c7-91e85b60cae7{ip: 192.168.157.233, host: pr-hdds-2359-lls5b-3453883328, networkLocation: /default-rack, certSerialId: null} reports an CLOSED replica.
2019-10-25 10:59:54,958 [EventQueue-ContainerReportForContainerReportHandler] WARN  container.ContainerReportHandler (AbstractContainerReportHandler.java:updateContainerState(145)) - Container #1 is in OPEN state, but the datanode 98a94502-2c87-40a7-b3de-b58821969ff5{ip: 192.168.157.233, host: pr-hdds-2359-lls5b-3453883328, networkLocation: /default-rack, certSerialId: null} reports an CLOSED replica.
2019-10-25 10:59:55,181 [BlockDeletingService#2] WARN  background.BlockDeletingService (BlockDeletingService.java:isDeletionAllowed(187)) - Close Container log Index 6 is not replicated across allthe servers in the pipeline 4b59a773-7942-4ce0-97fc-75e956cae081 as the min replicated index is 4. Deletion is not allowed in this container yet.
2019-10-25 10:59:55,181 [BlockDeletingService#2] WARN  background.BlockDeletingService (BlockDeletingService.java:isDeletionAllowed(187)) - Close Container log Index 6 is not replicated across allthe servers in the pipeline 4b59a773-7942-4ce0-97fc-75e956cae081 as the min replicated index is 4. Deletion is not allowed in this container yet.
2019-10-25 10:59:55,245 [EventQueue-ContainerReportForContainerReportHandler] WARN  container.ContainerReportHandler (AbstractContainerReportHandler.java:updateContainerState(145)) - Container #1 is in OPEN state, but the datanode ef252736-79c5-4662-a0c7-91e85b60cae7{ip: 192.168.157.233, host: pr-hdds-2359-lls5b-3453883328, networkLocation: /default-rack, certSerialId: null} reports an CLOSED replica.
2019-10-25 10:59:55,258 [EventQueue-ContainerReportForContainerReportHandler] WARN  container.ContainerReportHandler (AbstractContainerReportHandler.java:updateContainerState(145)) - Container #1 is in OPEN state, but the datanode 98a94502-2c87-40a7-b3de-b58821969ff5{ip: 192.168.157.233, host: pr-hdds-2359-lls5b-3453883328, networkLocation: /default-rack, certSerialId: null} reports an CLOSED replica.
2019-10-25 10:59:55,545 [EventQueue-ContainerReportForContainerReportHandler] WARN  container.ContainerReportHandler (AbstractContainerReportHandler.java:updateContainerState(145)) - Container #1 is in OPEN state, but the datanode ef252736-79c5-4662-a0c7-91e85b60cae7{ip: 192.168.157.233, host: pr-hdds-2359-lls5b-3453883328, networkLocation: /default-rack, certSerialId: null} reports an CLOSED replica.
2019-10-25 10:59:55,585 [Thread-367] INFO  client.GrpcClientProtocolService (GrpcClientProtocolService.java:lambda$processClientRequest$0(278)) - Failed RaftClientRequest:client-E2DCCEC0A424->ef252736-79c5-4662-a0c7-91e85b60cae7@group-75E956CAE081, cid=10, seq=0, Watch-ALL_COMMITTED(6), Message:<EMPTY>, reply=RaftClientReply:client-E2DCCEC0A424->ef252736-79c5-4662-a0c7-91e85b60cae7@group-75E956CAE081, cid=10, FAILED org.apache.ratis.protocol.NotReplicatedException: Request with call Id 10 and log index 6 is not yet replicated to ALL_COMMITTED, logIndex=6, commits[ef252736-79c5-4662-a0c7-91e85b60cae7:c10, 98a94502-2c87-40a7-b3de-b58821969ff5:c10, c661ec13-19db-400c-b7a5-525d9c97029d:c4]
2019-10-25 10:59:55,660 [EventQueue-ContainerReportForContainerReportHandler] WARN  container.ContainerReportHandler (AbstractContainerReportHandler.java:updateContainerState(145)) - Container #1 is in OPEN state, but the datanode 98a94502-2c87-40a7-b3de-b58821969ff5{ip: 192.168.157.233, host: pr-hdds-2359-lls5b-3453883328, networkLocation: /default-rack, certSerialId: null} reports an CLOSED replica.
2019-10-25 10:59:55,846 [EventQueue-ContainerReportForContainerReportHandler] WARN  container.ContainerReportHandler (AbstractContainerReportHandler.java:updateContainerState(145)) - Container #1 is in OPEN state, but the datanode ef252736-79c5-4662-a0c7-91e85b60cae7{ip: 192.168.157.233, host: pr-hdds-2359-lls5b-3453883328, networkLocation: /default-rack, certSerialId: null} reports an CLOSED replica.
2019-10-25 10:59:55,959 [EventQueue-ContainerReportForContainerReportHandler] WARN  container.ContainerReportHandler (AbstractContainerReportHandler.java:updateContainerState(145)) - Container #1 is in OPEN state, but the datanode 98a94502-2c87-40a7-b3de-b58821969ff5{ip: 192.168.157.233, host: pr-hdds-2359-lls5b-3453883328, networkLocation: /default-rack, certSerialId: null} reports an CLOSED replica.
2019-10-25 10:59:55,992 [java.util.concurrent.ThreadPoolExecutor$Worker@6ad81b1e[State = -1, empty queue]] WARN  server.GrpcLogAppender (GrpcLogAppender.java:timeoutAppendRequest(209)) - ef252736-79c5-4662-a0c7-91e85b60cae7@group-75E956CAE081->c661ec13-19db-400c-b7a5-525d9c97029d-GrpcLogAppender: appendEntries Timeout, request=ef252736-79c5-4662-a0c7-91e85b60cae7->c661ec13-19db-400c-b7a5-525d9c97029d#27-t3, previous=(t:3, i:10), leaderCommit=10, initializing? false, entries: <empty>
2019-10-25 10:59:56,145 [EventQueue-ContainerReportForContainerReportHandler] WARN  container.ContainerReportHandler (AbstractContainerReportHandler.java:updateContainerState(145)) - Container #1 is in OPEN state, but the datanode ef252736-79c5-4662-a0c7-91e85b60cae7{ip: 192.168.157.233, host: pr-hdds-2359-lls5b-3453883328, networkLocation: /default-rack, certSerialId: null} reports an CLOSED replica.
2019-10-25 10:59:56,184 [BlockDeletingService#2] WARN  background.BlockDeletingService (BlockDeletingService.java:isDeletionAllowed(187)) - Close Container log Index 6 is not replicated across allthe servers in the pipeline 4b59a773-7942-4ce0-97fc-75e956cae081 as the min replicated index is 4. Deletion is not allowed in this container yet.
2019-10-25 10:59:56,184 [BlockDeletingService#2] WARN  background.BlockDeletingService (BlockDeletingService.java:isDeletionAllowed(187)) - Close Container log Index 6 is not replicated across allthe servers in the pipeline 4b59a773-7942-4ce0-97fc-75e956cae081 as the min replicated index is 4. Deletion is not allowed in this container yet.
2019-10-25 10:59:56,259 [EventQueue-ContainerReportForContainerReportHandler] WARN  container.ContainerReportHandler (AbstractContainerReportHandler.java:updateContainerState(145)) - Container #1 is in OPEN state, but the datanode 98a94502-2c87-40a7-b3de-b58821969ff5{ip: 192.168.157.233, host: pr-hdds-2359-lls5b-3453883328, networkLocation: /default-rack, certSerialId: null} reports an CLOSED replica.
2019-10-25 10:59:56,445 [EventQueue-ContainerReportForContainerReportHandler] WARN  container.ContainerReportHandler (AbstractContainerReportHandler.java:updateContainerState(145)) - Container #1 is in OPEN state, but the datanode ef252736-79c5-4662-a0c7-91e85b60cae7{ip: 192.168.157.233, host: pr-hdds-2359-lls5b-3453883328, networkLocation: /default-rack, certSerialId: null} reports an CLOSED replica.
2019-10-25 10:59:56,459 [EventQueue-ContainerReportForContainerReportHandler] WARN  container.ContainerReportHandler (AbstractContainerReportHandler.java:updateContainerState(145)) - Container #1 is in OPEN state, but the datanode 98a94502-2c87-40a7-b3de-b58821969ff5{ip: 192.168.157.233, host: pr-hdds-2359-lls5b-3453883328, networkLocation: /default-rack, certSerialId: null} reports an CLOSED replica.
2019-10-25 10:59:56,660 [EventQueue-ContainerReportForContainerReportHandler] WARN  container.ContainerReportHandler (AbstractContainerReportHandler.java:updateContainerState(145)) - Container #1 is in OPEN state, but the datanode 98a94502-2c87-40a7-b3de-b58821969ff5{ip: 192.168.157.233, host: pr-hdds-2359-lls5b-3453883328, networkLocation: /default-rack, certSerialId: null} reports an CLOSED replica.
2019-10-25 10:59:56,746 [EventQueue-ContainerReportForContainerReportHandler] WARN  container.ContainerReportHandler (AbstractContainerReportHandler.java:updateContainerState(145)) - Container #1 is in OPEN state, but the datanode ef252736-79c5-4662-a0c7-91e85b60cae7{ip: 192.168.157.233, host: pr-hdds-2359-lls5b-3453883328, networkLocation: /default-rack, certSerialId: null} reports an CLOSED replica.
2019-10-25 10:59:56,961 [EventQueue-ContainerReportForContainerReportHandler] WARN  container.ContainerReportHandler (AbstractContainerReportHandler.java:updateContainerState(145)) - Container #1 is in OPEN state, but the datanode 98a94502-2c87-40a7-b3de-b58821969ff5{ip: 192.168.157.233, host: pr-hdds-2359-lls5b-3453883328, networkLocation: /default-rack, certSerialId: null} reports an CLOSED replica.
2019-10-25 10:59:57,047 [EventQueue-ContainerReportForContainerReportHandler] WARN  container.ContainerReportHandler (AbstractContainerReportHandler.java:updateContainerState(145)) - Container #1 is in OPEN state, but the datanode ef252736-79c5-4662-a0c7-91e85b60cae7{ip: 192.168.157.233, host: pr-hdds-2359-lls5b-3453883328, networkLocation: /default-rack, certSerialId: null} reports an CLOSED replica.
2019-10-25 10:59:57,186 [BlockDeletingService#2] WARN  background.BlockDeletingService (BlockDeletingService.java:isDeletionAllowed(187)) - Close Container log Index 6 is not replicated across allthe servers in the pipeline 4b59a773-7942-4ce0-97fc-75e956cae081 as the min replicated index is 4. Deletion is not allowed in this container yet.
2019-10-25 10:59:57,186 [BlockDeletingService#2] WARN  background.BlockDeletingService (BlockDeletingService.java:isDeletionAllowed(187)) - Close Container log Index 6 is not replicated across allthe servers in the pipeline 4b59a773-7942-4ce0-97fc-75e956cae081 as the min replicated index is 4. Deletion is not allowed in this container yet.
2019-10-25 10:59:57,261 [EventQueue-ContainerReportForContainerReportHandler] WARN  container.ContainerReportHandler (AbstractContainerReportHandler.java:updateContainerState(145)) - Container #1 is in OPEN state, but the datanode 98a94502-2c87-40a7-b3de-b58821969ff5{ip: 192.168.157.233, host: pr-hdds-2359-lls5b-3453883328, networkLocation: /default-rack, certSerialId: null} reports an CLOSED replica.
2019-10-25 10:59:57,347 [EventQueue-ContainerReportForContainerReportHandler] WARN  container.ContainerReportHandler (AbstractContainerReportHandler.java:updateContainerState(145)) - Container #1 is in OPEN state, but the datanode ef252736-79c5-4662-a0c7-91e85b60cae7{ip: 192.168.157.233, host: pr-hdds-2359-lls5b-3453883328, networkLocation: /default-rack, certSerialId: null} reports an CLOSED replica.
2019-10-25 10:59:57,649 [EventQueue-ContainerReportForContainerReportHandler] WARN  container.ContainerReportHandler (AbstractContainerReportHandler.java:updateContainerState(145)) - Container #1 is in OPEN state, but the datanode ef252736-79c5-4662-a0c7-91e85b60cae7{ip: 192.168.157.233, host: pr-hdds-2359-lls5b-3453883328, networkLocation: /default-rack, certSerialId: null} reports an CLOSED replica.
2019-10-25 10:59:57,662 [EventQueue-ContainerReportForContainerReportHandler] WARN  container.ContainerReportHandler (AbstractContainerReportHandler.java:updateContainerState(145)) - Container #1 is in OPEN state, but the datanode 98a94502-2c87-40a7-b3de-b58821969ff5{ip: 192.168.157.233, host: pr-hdds-2359-lls5b-3453883328, networkLocation: /default-rack, certSerialId: null} reports an CLOSED replica.
2019-10-25 10:59:57,862 [EventQueue-ContainerReportForContainerReportHandler] WARN  container.ContainerReportHandler (AbstractContainerReportHandler.java:updateContainerState(145)) - Container #1 is in OPEN state, but the datanode 98a94502-2c87-40a7-b3de-b58821969ff5{ip: 192.168.157.233, host: pr-hdds-2359-lls5b-3453883328, networkLocation: /default-rack, certSerialId: null} reports an CLOSED replica.
2019-10-25 10:59:57,948 [EventQueue-ContainerReportForContainerReportHandler] WARN  container.ContainerReportHandler (AbstractContainerReportHandler.java:updateContainerState(145)) - Container #1 is in OPEN state, but the datanode ef252736-79c5-4662-a0c7-91e85b60cae7{ip: 192.168.157.233, host: pr-hdds-2359-lls5b-3453883328, networkLocation: /default-rack, certSerialId: null} reports an CLOSED replica.
2019-10-25 10:59:58,062 [EventQueue-ContainerReportForContainerReportHandler] WARN  container.ContainerReportHandler (AbstractContainerReportHandler.java:updateContainerState(145)) - Container #1 is in OPEN state, but the datanode 98a94502-2c87-40a7-b3de-b58821969ff5{ip: 192.168.157.233, host: pr-hdds-2359-lls5b-3453883328, networkLocation: /default-rack, certSerialId: null} reports an CLOSED replica.
2019-10-25 10:59:58,187 [BlockDeletingService#2] WARN  background.BlockDeletingService (BlockDeletingService.java:isDeletionAllowed(187)) - Close Container log Index 6 is not replicated across allthe servers in the pipeline 4b59a773-7942-4ce0-97fc-75e956cae081 as the min replicated index is 4. Deletion is not allowed in this container yet.
2019-10-25 10:59:58,187 [BlockDeletingService#2] WARN  background.BlockDeletingService (BlockDeletingService.java:isDeletionAllowed(187)) - Close Container log Index 6 is not replicated across allthe servers in the pipeline 4b59a773-7942-4ce0-97fc-75e956cae081 as the min replicated index is 4. Deletion is not allowed in this container yet.
2019-10-25 10:59:58,348 [EventQueue-ContainerReportForContainerReportHandler] WARN  container.ContainerReportHandler (AbstractContainerReportHandler.java:updateContainerState(145)) - Container #1 is in OPEN state, but the datanode ef252736-79c5-4662-a0c7-91e85b60cae7{ip: 192.168.157.233, host: pr-hdds-2359-lls5b-3453883328, networkLocation: /default-rack, certSerialId: null} reports an CLOSED replica.
2019-10-25 10:59:58,463 [EventQueue-ContainerReportForContainerReportHandler] WARN  container.ContainerReportHandler (AbstractContainerReportHandler.java:updateContainerState(145)) - Container #1 is in OPEN state, but the datanode 98a94502-2c87-40a7-b3de-b58821969ff5{ip: 192.168.157.233, host: pr-hdds-2359-lls5b-3453883328, networkLocation: /default-rack, certSerialId: null} reports an CLOSED replica.
2019-10-25 10:59:58,493 [java.util.concurrent.ThreadPoolExecutor$Worker@6ad81b1e[State = -1, empty queue]] WARN  server.GrpcLogAppender (GrpcLogAppender.java:timeoutAppendRequest(209)) - ef252736-79c5-4662-a0c7-91e85b60cae7@group-75E956CAE081->c661ec13-19db-400c-b7a5-525d9c97029d-GrpcLogAppender: appendEntries Timeout, request=ef252736-79c5-4662-a0c7-91e85b60cae7->c661ec13-19db-400c-b7a5-525d9c97029d#28-t3, previous=(t:3, i:10), leaderCommit=10, initializing? false, entries: <empty>
2019-10-25 10:59:58,648 [EventQueue-ContainerReportForContainerReportHandler] WARN  container.ContainerReportHandler (AbstractContainerReportHandler.java:updateContainerState(145)) - Container #1 is in OPEN state, but the datanode ef252736-79c5-4662-a0c7-91e85b60cae7{ip: 192.168.157.233, host: pr-hdds-2359-lls5b-3453883328, networkLocation: /default-rack, certSerialId: null} reports an CLOSED replica.
2019-10-25 10:59:58,764 [EventQueue-ContainerReportForContainerReportHandler] WARN  container.ContainerReportHandler (AbstractContainerReportHandler.java:updateContainerState(145)) - Container #1 is in OPEN state, but the datanode 98a94502-2c87-40a7-b3de-b58821969ff5{ip: 192.168.157.233, host: pr-hdds-2359-lls5b-3453883328, networkLocation: /default-rack, certSerialId: null} reports an CLOSED replica.
2019-10-25 10:59:58,948 [EventQueue-ContainerReportForContainerReportHandler] WARN  container.ContainerReportHandler (AbstractContainerReportHandler.java:updateContainerState(145)) - Container #1 is in OPEN state, but the datanode ef252736-79c5-4662-a0c7-91e85b60cae7{ip: 192.168.157.233, host: pr-hdds-2359-lls5b-3453883328, networkLocation: /default-rack, certSerialId: null} reports an CLOSED replica.
2019-10-25 10:59:58,963 [EventQueue-ContainerReportForContainerReportHandler] WARN  container.ContainerReportHandler (AbstractContainerReportHandler.java:updateContainerState(145)) - Container #1 is in OPEN state, but the datanode 98a94502-2c87-40a7-b3de-b58821969ff5{ip: 192.168.157.233, host: pr-hdds-2359-lls5b-3453883328, networkLocation: /default-rack, certSerialId: null} reports an CLOSED replica.
2019-10-25 10:59:59,163 [EventQueue-ContainerReportForContainerReportHandler] WARN  container.ContainerReportHandler (AbstractContainerReportHandler.java:updateContainerState(145)) - Container #1 is in OPEN state, but the datanode 98a94502-2c87-40a7-b3de-b58821969ff5{ip: 192.168.157.233, host: pr-hdds-2359-lls5b-3453883328, networkLocation: /default-rack, certSerialId: null} reports an CLOSED replica.
2019-10-25 10:59:59,190 [BlockDeletingService#2] WARN  background.BlockDeletingService (BlockDeletingService.java:isDeletionAllowed(187)) - Close Container log Index 6 is not replicated across allthe servers in the pipeline 4b59a773-7942-4ce0-97fc-75e956cae081 as the min replicated index is 4. Deletion is not allowed in this container yet.
2019-10-25 10:59:59,190 [BlockDeletingService#2] WARN  background.BlockDeletingService (BlockDeletingService.java:isDeletionAllowed(187)) - Close Container log Index 6 is not replicated across allthe servers in the pipeline 4b59a773-7942-4ce0-97fc-75e956cae081 as the min replicated index is 4. Deletion is not allowed in this container yet.
2019-10-25 10:59:59,349 [EventQueue-ContainerReportForContainerReportHandler] WARN  container.ContainerReportHandler (AbstractContainerReportHandler.java:updateContainerState(145)) - Container #1 is in OPEN state, but the datanode ef252736-79c5-4662-a0c7-91e85b60cae7{ip: 192.168.157.233, host: pr-hdds-2359-lls5b-3453883328, networkLocation: /default-rack, certSerialId: null} reports an CLOSED replica.
2019-10-25 10:59:59,549 [EventQueue-ContainerReportForContainerReportHandler] WARN  container.ContainerReportHandler (AbstractContainerReportHandler.java:updateContainerState(145)) - Container #1 is in OPEN state, but the datanode ef252736-79c5-4662-a0c7-91e85b60cae7{ip: 192.168.157.233, host: pr-hdds-2359-lls5b-3453883328, networkLocation: /default-rack, certSerialId: null} reports an CLOSED replica.
2019-10-25 10:59:59,565 [EventQueue-ContainerReportForContainerReportHandler] WARN  container.ContainerReportHandler (AbstractContainerReportHandler.java:updateContainerState(145)) - Container #1 is in OPEN state, but the datanode 98a94502-2c87-40a7-b3de-b58821969ff5{ip: 192.168.157.233, host: pr-hdds-2359-lls5b-3453883328, networkLocation: /default-rack, certSerialId: null} reports an CLOSED replica.
2019-10-25 10:59:59,850 [EventQueue-ContainerReportForContainerReportHandler] WARN  container.ContainerReportHandler (AbstractContainerReportHandler.java:updateContainerState(145)) - Container #1 is in OPEN state, but the datanode ef252736-79c5-4662-a0c7-91e85b60cae7{ip: 192.168.157.233, host: pr-hdds-2359-lls5b-3453883328, networkLocation: /default-rack, certSerialId: null} reports an CLOSED replica.
2019-10-25 10:59:59,864 [EventQueue-ContainerReportForContainerReportHandler] WARN  container.ContainerReportHandler (AbstractContainerReportHandler.java:updateContainerState(145)) - Container #1 is in OPEN state, but the datanode 98a94502-2c87-40a7-b3de-b58821969ff5{ip: 192.168.157.233, host: pr-hdds-2359-lls5b-3453883328, networkLocation: /default-rack, certSerialId: null} reports an CLOSED replica.
2019-10-25 11:00:00,152 [EventQueue-ContainerReportForContainerReportHandler] WARN  container.ContainerReportHandler (AbstractContainerReportHandler.java:updateContainerState(145)) - Container #1 is in OPEN state, but the datanode ef252736-79c5-4662-a0c7-91e85b60cae7{ip: 192.168.157.233, host: pr-hdds-2359-lls5b-3453883328, networkLocation: /default-rack, certSerialId: null} reports an CLOSED replica.
2019-10-25 11:00:00,165 [EventQueue-ContainerReportForContainerReportHandler] WARN  container.ContainerReportHandler (AbstractContainerReportHandler.java:updateContainerState(145)) - Container #1 is in OPEN state, but the datanode 98a94502-2c87-40a7-b3de-b58821969ff5{ip: 192.168.157.233, host: pr-hdds-2359-lls5b-3453883328, networkLocation: /default-rack, certSerialId: null} reports an CLOSED replica.
2019-10-25 11:00:00,191 [BlockDeletingService#2] WARN  background.BlockDeletingService (BlockDeletingService.java:isDeletionAllowed(187)) - Close Container log Index 6 is not replicated across allthe servers in the pipeline 4b59a773-7942-4ce0-97fc-75e956cae081 as the min replicated index is 4. Deletion is not allowed in this container yet.
2019-10-25 11:00:00,191 [BlockDeletingService#2] WARN  background.BlockDeletingService (BlockDeletingService.java:isDeletionAllowed(187)) - Close Container log Index 6 is not replicated across allthe servers in the pipeline 4b59a773-7942-4ce0-97fc-75e956cae081 as the min replicated index is 4. Deletion is not allowed in this container yet.
2019-10-25 11:00:00,352 [EventQueue-ContainerReportForContainerReportHandler] WARN  container.ContainerReportHandler (AbstractContainerReportHandler.java:updateContainerState(145)) - Container #1 is in OPEN state, but the datanode ef252736-79c5-4662-a0c7-91e85b60cae7{ip: 192.168.157.233, host: pr-hdds-2359-lls5b-3453883328, networkLocation: /default-rack, certSerialId: null} reports an CLOSED replica.
2019-10-25 11:00:00,566 [EventQueue-ContainerReportForContainerReportHandler] WARN  container.ContainerReportHandler (AbstractContainerReportHandler.java:updateContainerState(145)) - Container #1 is in OPEN state, but the datanode 98a94502-2c87-40a7-b3de-b58821969ff5{ip: 192.168.157.233, host: pr-hdds-2359-lls5b-3453883328, networkLocation: /default-rack, certSerialId: null} reports an CLOSED replica.
2019-10-25 11:00:00,653 [EventQueue-ContainerReportForContainerReportHandler] WARN  container.ContainerReportHandler (AbstractContainerReportHandler.java:updateContainerState(145)) - Container #1 is in OPEN state, but the datanode ef252736-79c5-4662-a0c7-91e85b60cae7{ip: 192.168.157.233, host: pr-hdds-2359-lls5b-3453883328, networkLocation: /default-rack, certSerialId: null} reports an CLOSED replica.
2019-10-25 11:00:00,767 [EventQueue-ContainerReportForContainerReportHandler] WARN  container.ContainerReportHandler (AbstractContainerReportHandler.java:updateContainerState(145)) - Container #1 is in OPEN state, but the datanode 98a94502-2c87-40a7-b3de-b58821969ff5{ip: 192.168.157.233, host: pr-hdds-2359-lls5b-3453883328, networkLocation: /default-rack, certSerialId: null} reports an CLOSED replica.
2019-10-25 11:00:00,952 [EventQueue-ContainerReportForContainerReportHandler] WARN  container.ContainerReportHandler (AbstractContainerReportHandler.java:updateContainerState(145)) - Container #1 is in OPEN state, but the datanode ef252736-79c5-4662-a0c7-91e85b60cae7{ip: 192.168.157.233, host: pr-hdds-2359-lls5b-3453883328, networkLocation: /default-rack, certSerialId: null} reports an CLOSED replica.
2019-10-25 11:00:00,994 [java.util.concurrent.ThreadPoolExecutor$Worker@6ad81b1e[State = -1, empty queue]] WARN  server.GrpcLogAppender (GrpcLogAppender.java:timeoutAppendRequest(209)) - ef252736-79c5-4662-a0c7-91e85b60cae7@group-75E956CAE081->c661ec13-19db-400c-b7a5-525d9c97029d-GrpcLogAppender: appendEntries Timeout, request=ef252736-79c5-4662-a0c7-91e85b60cae7->c661ec13-19db-400c-b7a5-525d9c97029d#29-t3, previous=(t:3, i:10), leaderCommit=10, initializing? false, entries: <empty>
2019-10-25 11:00:01,067 [EventQueue-ContainerReportForContainerReportHandler] WARN  container.ContainerReportHandler (AbstractContainerReportHandler.java:updateContainerState(145)) - Container #1 is in OPEN state, but the datanode 98a94502-2c87-40a7-b3de-b58821969ff5{ip: 192.168.157.233, host: pr-hdds-2359-lls5b-3453883328, networkLocation: /default-rack, certSerialId: null} reports an CLOSED replica.
2019-10-25 11:00:01,193 [BlockDeletingService#2] WARN  background.BlockDeletingService (BlockDeletingService.java:isDeletionAllowed(187)) - Close Container log Index 6 is not replicated across allthe servers in the pipeline 4b59a773-7942-4ce0-97fc-75e956cae081 as the min replicated index is 4. Deletion is not allowed in this container yet.
2019-10-25 11:00:01,193 [BlockDeletingService#2] WARN  background.BlockDeletingService (BlockDeletingService.java:isDeletionAllowed(187)) - Close Container log Index 6 is not replicated across allthe servers in the pipeline 4b59a773-7942-4ce0-97fc-75e956cae081 as the min replicated index is 4. Deletion is not allowed in this container yet.
2019-10-25 11:00:01,253 [EventQueue-ContainerReportForContainerReportHandler] WARN  container.ContainerReportHandler (AbstractContainerReportHandler.java:updateContainerState(145)) - Container #1 is in OPEN state, but the datanode ef252736-79c5-4662-a0c7-91e85b60cae7{ip: 192.168.157.233, host: pr-hdds-2359-lls5b-3453883328, networkLocation: /default-rack, certSerialId: null} reports an CLOSED replica.
2019-10-25 11:00:01,267 [EventQueue-ContainerReportForContainerReportHandler] WARN  container.ContainerReportHandler (AbstractContainerReportHandler.java:updateContainerState(145)) - Container #1 is in OPEN state, but the datanode 98a94502-2c87-40a7-b3de-b58821969ff5{ip: 192.168.157.233, host: pr-hdds-2359-lls5b-3453883328, networkLocation: /default-rack, certSerialId: null} reports an CLOSED replica.
2019-10-25 11:00:01,467 [EventQueue-ContainerReportForContainerReportHandler] WARN  container.ContainerReportHandler (AbstractContainerReportHandler.java:updateContainerState(145)) - Container #1 is in OPEN state, but the datanode 98a94502-2c87-40a7-b3de-b58821969ff5{ip: 192.168.157.233, host: pr-hdds-2359-lls5b-3453883328, networkLocation: /default-rack, certSerialId: null} reports an CLOSED replica.
2019-10-25 11:00:01,556 [EventQueue-ContainerReportForContainerReportHandler] WARN  container.ContainerReportHandler (AbstractContainerReportHandler.java:updateContainerState(145)) - Container #1 is in OPEN state, but the datanode ef252736-79c5-4662-a0c7-91e85b60cae7{ip: 192.168.157.233, host: pr-hdds-2359-lls5b-3453883328, networkLocation: /default-rack, certSerialId: null} reports an CLOSED replica.
2019-10-25 11:00:01,855 [EventQueue-ContainerReportForContainerReportHandler] WARN  container.ContainerReportHandler (AbstractContainerReportHandler.java:updateContainerState(145)) - Container #1 is in OPEN state, but the datanode ef252736-79c5-4662-a0c7-91e85b60cae7{ip: 192.168.157.233, host: pr-hdds-2359-lls5b-3453883328, networkLocation: /default-rack, certSerialId: null} reports an CLOSED replica.
2019-10-25 11:00:01,868 [EventQueue-ContainerReportForContainerReportHandler] WARN  container.ContainerReportHandler (AbstractContainerReportHandler.java:updateContainerState(145)) - Container #1 is in OPEN state, but the datanode 98a94502-2c87-40a7-b3de-b58821969ff5{ip: 192.168.157.233, host: pr-hdds-2359-lls5b-3453883328, networkLocation: /default-rack, certSerialId: null} reports an CLOSED replica.
2019-10-25 11:00:02,068 [EventQueue-ContainerReportForContainerReportHandler] WARN  container.ContainerReportHandler (AbstractContainerReportHandler.java:updateContainerState(145)) - Container #1 is in OPEN state, but the datanode 98a94502-2c87-40a7-b3de-b58821969ff5{ip: 192.168.157.233, host: pr-hdds-2359-lls5b-3453883328, networkLocation: /default-rack, certSerialId: null} reports an CLOSED replica.
2019-10-25 11:00:02,194 [BlockDeletingService#2] WARN  background.BlockDeletingService (BlockDeletingService.java:isDeletionAllowed(187)) - Close Container log Index 6 is not replicated across allthe servers in the pipeline 4b59a773-7942-4ce0-97fc-75e956cae081 as the min replicated index is 4. Deletion is not allowed in this container yet.
2019-10-25 11:00:02,194 [BlockDeletingService#2] WARN  background.BlockDeletingService (BlockDeletingService.java:isDeletionAllowed(187)) - Close Container log Index 6 is not replicated across allthe servers in the pipeline 4b59a773-7942-4ce0-97fc-75e956cae081 as the min replicated index is 4. Deletion is not allowed in this container yet.
2019-10-25 11:00:02,255 [EventQueue-ContainerReportForContainerReportHandler] WARN  container.ContainerReportHandler (AbstractContainerReportHandler.java:updateContainerState(145)) - Container #1 is in OPEN state, but the datanode ef252736-79c5-4662-a0c7-91e85b60cae7{ip: 192.168.157.233, host: pr-hdds-2359-lls5b-3453883328, networkLocation: /default-rack, certSerialId: null} reports an CLOSED replica.
2019-10-25 11:00:02,468 [EventQueue-ContainerReportForContainerReportHandler] WARN  container.ContainerReportHandler (AbstractContainerReportHandler.java:updateContainerState(145)) - Container #1 is in OPEN state, but the datanode 98a94502-2c87-40a7-b3de-b58821969ff5{ip: 192.168.157.233, host: pr-hdds-2359-lls5b-3453883328, networkLocation: /default-rack, certSerialId: null} reports an CLOSED replica.
2019-10-25 11:00:02,555 [EventQueue-ContainerReportForContainerReportHandler] WARN  container.ContainerReportHandler (AbstractContainerReportHandler.java:updateContainerState(145)) - Container #1 is in OPEN state, but the datanode ef252736-79c5-4662-a0c7-91e85b60cae7{ip: 192.168.157.233, host: pr-hdds-2359-lls5b-3453883328, networkLocation: /default-rack, certSerialId: null} reports an CLOSED replica.
2019-10-25 11:00:02,670 [EventQueue-ContainerReportForContainerReportHandler] WARN  container.ContainerReportHandler (AbstractContainerReportHandler.java:updateContainerState(145)) - Container #1 is in OPEN state, but the datanode 98a94502-2c87-40a7-b3de-b58821969ff5{ip: 192.168.157.233, host: pr-hdds-2359-lls5b-3453883328, networkLocation: /default-rack, certSerialId: null} reports an CLOSED replica.
2019-10-25 11:00:02,855 [EventQueue-ContainerReportForContainerReportHandler] WARN  container.ContainerReportHandler (AbstractContainerReportHandler.java:updateContainerState(145)) - Container #1 is in OPEN state, but the datanode ef252736-79c5-4662-a0c7-91e85b60cae7{ip: 192.168.157.233, host: pr-hdds-2359-lls5b-3453883328, networkLocation: /default-rack, certSerialId: null} reports an CLOSED replica.
2019-10-25 11:00:02,872 [EventQueue-ContainerReportForContainerReportHandler] WARN  container.ContainerReportHandler (AbstractContainerReportHandler.java:updateContainerState(145)) - Container #1 is in OPEN state, but the datanode 98a94502-2c87-40a7-b3de-b58821969ff5{ip: 192.168.157.233, host: pr-hdds-2359-lls5b-3453883328, networkLocation: /default-rack, certSerialId: null} reports an CLOSED replica.
2019-10-25 11:00:03,066 [Thread-387] INFO  client.GrpcClientProtocolService (GrpcClientProtocolService.java:lambda$processClientRequest$0(278)) - Failed RaftClientRequest:client-E2DCCEC0A424->98a94502-2c87-40a7-b3de-b58821969ff5@group-75E956CAE081, cid=10, seq=0, Watch-ALL_COMMITTED(6), Message:<EMPTY>, reply=RaftClientReply:client-E2DCCEC0A424->98a94502-2c87-40a7-b3de-b58821969ff5@group-75E956CAE081, cid=10, FAILED org.apache.ratis.protocol.NotLeaderException: Server 98a94502-2c87-40a7-b3de-b58821969ff5@group-75E956CAE081 is not the leader ef252736-79c5-4662-a0c7-91e85b60cae7:192.168.157.233:36823, logIndex=0, commits[98a94502-2c87-40a7-b3de-b58821969ff5:c10, ef252736-79c5-4662-a0c7-91e85b60cae7:c10, c661ec13-19db-400c-b7a5-525d9c97029d:c4]
2019-10-25 11:00:03,196 [BlockDeletingService#2] WARN  background.BlockDeletingService (BlockDeletingService.java:isDeletionAllowed(187)) - Close Container log Index 6 is not replicated across allthe servers in the pipeline 4b59a773-7942-4ce0-97fc-75e956cae081 as the min replicated index is 4. Deletion is not allowed in this container yet.
2019-10-25 11:00:03,196 [BlockDeletingService#2] WARN  background.BlockDeletingService (BlockDeletingService.java:isDeletionAllowed(187)) - Close Container log Index 6 is not replicated across allthe servers in the pipeline 4b59a773-7942-4ce0-97fc-75e956cae081 as the min replicated index is 4. Deletion is not allowed in this container yet.
2019-10-25 11:00:03,256 [EventQueue-ContainerReportForContainerReportHandler] WARN  container.ContainerReportHandler (AbstractContainerReportHandler.java:updateContainerState(145)) - Container #1 is in OPEN state, but the datanode ef252736-79c5-4662-a0c7-91e85b60cae7{ip: 192.168.157.233, host: pr-hdds-2359-lls5b-3453883328, networkLocation: /default-rack, certSerialId: null} reports an CLOSED replica.
2019-10-25 11:00:03,272 [EventQueue-ContainerReportForContainerReportHandler] WARN  container.ContainerReportHandler (AbstractContainerReportHandler.java:updateContainerState(145)) - Container #1 is in OPEN state, but the datanode 98a94502-2c87-40a7-b3de-b58821969ff5{ip: 192.168.157.233, host: pr-hdds-2359-lls5b-3453883328, networkLocation: /default-rack, certSerialId: null} reports an CLOSED replica.
2019-10-25 11:00:03,456 [EventQueue-ContainerReportForContainerReportHandler] WARN  container.ContainerReportHandler (AbstractContainerReportHandler.java:updateContainerState(145)) - Container #1 is in OPEN state, but the datanode ef252736-79c5-4662-a0c7-91e85b60cae7{ip: 192.168.157.233, host: pr-hdds-2359-lls5b-3453883328, networkLocation: /default-rack, certSerialId: null} reports an CLOSED replica.
2019-10-25 11:00:03,495 [java.util.concurrent.ThreadPoolExecutor$Worker@6ad81b1e[State = -1, empty queue]] WARN  server.GrpcLogAppender (GrpcLogAppender.java:timeoutAppendRequest(209)) - ef252736-79c5-4662-a0c7-91e85b60cae7@group-75E956CAE081->c661ec13-19db-400c-b7a5-525d9c97029d-GrpcLogAppender: appendEntries Timeout, request=ef252736-79c5-4662-a0c7-91e85b60cae7->c661ec13-19db-400c-b7a5-525d9c97029d#30-t3, previous=(t:3, i:10), leaderCommit=10, initializing? false, entries: <empty>
2019-10-25 11:00:03,572 [EventQueue-ContainerReportForContainerReportHandler] WARN  container.ContainerReportHandler (AbstractContainerReportHandler.java:updateContainerState(145)) - Container #1 is in OPEN state, but the datanode 98a94502-2c87-40a7-b3de-b58821969ff5{ip: 192.168.157.233, host: pr-hdds-2359-lls5b-3453883328, networkLocation: /default-rack, certSerialId: null} reports an CLOSED replica.
2019-10-25 11:00:03,756 [EventQueue-ContainerReportForContainerReportHandler] WARN  container.ContainerReportHandler (AbstractContainerReportHandler.java:updateContainerState(145)) - Container #1 is in OPEN state, but the datanode ef252736-79c5-4662-a0c7-91e85b60cae7{ip: 192.168.157.233, host: pr-hdds-2359-lls5b-3453883328, networkLocation: /default-rack, certSerialId: null} reports an CLOSED replica.
2019-10-25 11:00:03,872 [EventQueue-ContainerReportForContainerReportHandler] WARN  container.ContainerReportHandler (AbstractContainerReportHandler.java:updateContainerState(145)) - Container #1 is in OPEN state, but the datanode 98a94502-2c87-40a7-b3de-b58821969ff5{ip: 192.168.157.233, host: pr-hdds-2359-lls5b-3453883328, networkLocation: /default-rack, certSerialId: null} reports an CLOSED replica.
2019-10-25 11:00:04,072 [EventQueue-ContainerReportForContainerReportHandler] WARN  container.ContainerReportHandler (AbstractContainerReportHandler.java:updateContainerState(145)) - Container #1 is in OPEN state, but the datanode 98a94502-2c87-40a7-b3de-b58821969ff5{ip: 192.168.157.233, host: pr-hdds-2359-lls5b-3453883328, networkLocation: /default-rack, certSerialId: null} reports an CLOSED replica.
2019-10-25 11:00:04,157 [EventQueue-ContainerReportForContainerReportHandler] WARN  container.ContainerReportHandler (AbstractContainerReportHandler.java:updateContainerState(145)) - Container #1 is in OPEN state, but the datanode ef252736-79c5-4662-a0c7-91e85b60cae7{ip: 192.168.157.233, host: pr-hdds-2359-lls5b-3453883328, networkLocation: /default-rack, certSerialId: null} reports an CLOSED replica.
2019-10-25 11:00:04,198 [BlockDeletingService#2] WARN  background.BlockDeletingService (BlockDeletingService.java:isDeletionAllowed(187)) - Close Container log Index 6 is not replicated across allthe servers in the pipeline 4b59a773-7942-4ce0-97fc-75e956cae081 as the min replicated index is 4. Deletion is not allowed in this container yet.
2019-10-25 11:00:04,201 [BlockDeletingService#2] WARN  background.BlockDeletingService (BlockDeletingService.java:isDeletionAllowed(187)) - Close Container log Index 6 is not replicated across allthe servers in the pipeline 4b59a773-7942-4ce0-97fc-75e956cae081 as the min replicated index is 4. Deletion is not allowed in this container yet.
2019-10-25 11:00:04,358 [EventQueue-ContainerReportForContainerReportHandler] WARN  container.ContainerReportHandler (AbstractContainerReportHandler.java:updateContainerState(145)) - Container #1 is in OPEN state, but the datanode ef252736-79c5-4662-a0c7-91e85b60cae7{ip: 192.168.157.233, host: pr-hdds-2359-lls5b-3453883328, networkLocation: /default-rack, certSerialId: null} reports an CLOSED replica.
2019-10-25 11:00:04,372 [EventQueue-ContainerReportForContainerReportHandler] WARN  container.ContainerReportHandler (AbstractContainerReportHandler.java:updateContainerState(145)) - Container #1 is in OPEN state, but the datanode 98a94502-2c87-40a7-b3de-b58821969ff5{ip: 192.168.157.233, host: pr-hdds-2359-lls5b-3453883328, networkLocation: /default-rack, certSerialId: null} reports an CLOSED replica.
2019-10-25 11:00:04,572 [EventQueue-ContainerReportForContainerReportHandler] WARN  container.ContainerReportHandler (AbstractContainerReportHandler.java:updateContainerState(145)) - Container #1 is in OPEN state, but the datanode 98a94502-2c87-40a7-b3de-b58821969ff5{ip: 192.168.157.233, host: pr-hdds-2359-lls5b-3453883328, networkLocation: /default-rack, certSerialId: null} reports an CLOSED replica.
2019-10-25 11:00:04,584 [Thread-394] INFO  client.GrpcClientProtocolService (GrpcClientProtocolService.java:lambda$processClientRequest$0(278)) - Failed RaftClientRequest:client-E2DCCEC0A424->ef252736-79c5-4662-a0c7-91e85b60cae7@group-75E956CAE081, cid=10, seq=0, Watch-ALL_COMMITTED(6), Message:<EMPTY>, reply=RaftClientReply:client-E2DCCEC0A424->ef252736-79c5-4662-a0c7-91e85b60cae7@group-75E956CAE081, cid=10, FAILED org.apache.ratis.protocol.NotReplicatedException: Request with call Id 10 and log index 6 is not yet replicated to ALL_COMMITTED, logIndex=6, commits[ef252736-79c5-4662-a0c7-91e85b60cae7:c10, 98a94502-2c87-40a7-b3de-b58821969ff5:c10, c661ec13-19db-400c-b7a5-525d9c97029d:c4]
2019-10-25 11:00:04,658 [EventQueue-ContainerReportForContainerReportHandler] WARN  container.ContainerReportHandler (AbstractContainerReportHandler.java:updateContainerState(145)) - Container #1 is in OPEN state, but the datanode ef252736-79c5-4662-a0c7-91e85b60cae7{ip: 192.168.157.233, host: pr-hdds-2359-lls5b-3453883328, networkLocation: /default-rack, certSerialId: null} reports an CLOSED replica.
2019-10-25 11:00:04,874 [EventQueue-ContainerReportForContainerReportHandler] WARN  container.ContainerReportHandler (AbstractContainerReportHandler.java:updateContainerState(145)) - Container #1 is in OPEN state, but the datanode 98a94502-2c87-40a7-b3de-b58821969ff5{ip: 192.168.157.233, host: pr-hdds-2359-lls5b-3453883328, networkLocation: /default-rack, certSerialId: null} reports an CLOSED replica.
2019-10-25 11:00:05,057 [EventQueue-ContainerReportForContainerReportHandler] WARN  container.ContainerReportHandler (AbstractContainerReportHandler.java:updateContainerState(145)) - Container #1 is in OPEN state, but the datanode ef252736-79c5-4662-a0c7-91e85b60cae7{ip: 192.168.157.233, host: pr-hdds-2359-lls5b-3453883328, networkLocation: /default-rack, certSerialId: null} reports an CLOSED replica.
2019-10-25 11:00:05,172 [EventQueue-ContainerReportForContainerReportHandler] WARN  container.ContainerReportHandler (AbstractContainerReportHandler.java:updateContainerState(145)) - Container #1 is in OPEN state, but the datanode 98a94502-2c87-40a7-b3de-b58821969ff5{ip: 192.168.157.233, host: pr-hdds-2359-lls5b-3453883328, networkLocation: /default-rack, certSerialId: null} reports an CLOSED replica.
2019-10-25 11:00:05,199 [BlockDeletingService#2] WARN  background.BlockDeletingService (BlockDeletingService.java:isDeletionAllowed(187)) - Close Container log Index 6 is not replicated across allthe servers in the pipeline 4b59a773-7942-4ce0-97fc-75e956cae081 as the min replicated index is 4. Deletion is not allowed in this container yet.
2019-10-25 11:00:05,202 [BlockDeletingService#2] WARN  background.BlockDeletingService (BlockDeletingService.java:isDeletionAllowed(187)) - Close Container log Index 6 is not replicated across allthe servers in the pipeline 4b59a773-7942-4ce0-97fc-75e956cae081 as the min replicated index is 4. Deletion is not allowed in this container yet.
2019-10-25 11:00:05,358 [EventQueue-ContainerReportForContainerReportHandler] WARN  container.ContainerReportHandler (AbstractContainerReportHandler.java:updateContainerState(145)) - Container #1 is in OPEN state, but the datanode ef252736-79c5-4662-a0c7-91e85b60cae7{ip: 192.168.157.233, host: pr-hdds-2359-lls5b-3453883328, networkLocation: /default-rack, certSerialId: null} reports an CLOSED replica.
2019-10-25 11:00:05,372 [EventQueue-ContainerReportForContainerReportHandler] WARN  container.ContainerReportHandler (AbstractContainerReportHandler.java:updateContainerState(145)) - Container #1 is in OPEN state, but the datanode 98a94502-2c87-40a7-b3de-b58821969ff5{ip: 192.168.157.233, host: pr-hdds-2359-lls5b-3453883328, networkLocation: /default-rack, certSerialId: null} reports an CLOSED replica.
2019-10-25 11:00:05,573 [EventQueue-ContainerReportForContainerReportHandler] WARN  container.ContainerReportHandler (AbstractContainerReportHandler.java:updateContainerState(145)) - Container #1 is in OPEN state, but the datanode 98a94502-2c87-40a7-b3de-b58821969ff5{ip: 192.168.157.233, host: pr-hdds-2359-lls5b-3453883328, networkLocation: /default-rack, certSerialId: null} reports an CLOSED replica.
2019-10-25 11:00:05,658 [EventQueue-ContainerReportForContainerReportHandler] WARN  container.ContainerReportHandler (AbstractContainerReportHandler.java:updateContainerState(145)) - Container #1 is in OPEN state, but the datanode ef252736-79c5-4662-a0c7-91e85b60cae7{ip: 192.168.157.233, host: pr-hdds-2359-lls5b-3453883328, networkLocation: /default-rack, certSerialId: null} reports an CLOSED replica.
2019-10-25 11:00:05,858 [EventQueue-ContainerReportForContainerReportHandler] WARN  container.ContainerReportHandler (AbstractContainerReportHandler.java:updateContainerState(145)) - Container #1 is in OPEN state, but the datanode ef252736-79c5-4662-a0c7-91e85b60cae7{ip: 192.168.157.233, host: pr-hdds-2359-lls5b-3453883328, networkLocation: /default-rack, certSerialId: null} reports an CLOSED replica.
2019-10-25 11:00:05,873 [EventQueue-ContainerReportForContainerReportHandler] WARN  container.ContainerReportHandler (AbstractContainerReportHandler.java:updateContainerState(145)) - Container #1 is in OPEN state, but the datanode 98a94502-2c87-40a7-b3de-b58821969ff5{ip: 192.168.157.233, host: pr-hdds-2359-lls5b-3453883328, networkLocation: /default-rack, certSerialId: null} reports an CLOSED replica.
2019-10-25 11:00:05,997 [java.util.concurrent.ThreadPoolExecutor$Worker@6ad81b1e[State = -1, empty queue]] WARN  server.GrpcLogAppender (GrpcLogAppender.java:timeoutAppendRequest(209)) - ef252736-79c5-4662-a0c7-91e85b60cae7@group-75E956CAE081->c661ec13-19db-400c-b7a5-525d9c97029d-GrpcLogAppender: appendEntries Timeout, request=ef252736-79c5-4662-a0c7-91e85b60cae7->c661ec13-19db-400c-b7a5-525d9c97029d#31-t3, previous=(t:3, i:10), leaderCommit=10, initializing? false, entries: <empty>
2019-10-25 11:00:06,073 [EventQueue-ContainerReportForContainerReportHandler] WARN  container.ContainerReportHandler (AbstractContainerReportHandler.java:updateContainerState(145)) - Container #1 is in OPEN state, but the datanode 98a94502-2c87-40a7-b3de-b58821969ff5{ip: 192.168.157.233, host: pr-hdds-2359-lls5b-3453883328, networkLocation: /default-rack, certSerialId: null} reports an CLOSED replica.
2019-10-25 11:00:06,159 [EventQueue-ContainerReportForContainerReportHandler] WARN  container.ContainerReportHandler (AbstractContainerReportHandler.java:updateContainerState(145)) - Container #1 is in OPEN state, but the datanode ef252736-79c5-4662-a0c7-91e85b60cae7{ip: 192.168.157.233, host: pr-hdds-2359-lls5b-3453883328, networkLocation: /default-rack, certSerialId: null} reports an CLOSED replica.
2019-10-25 11:00:06,201 [BlockDeletingService#2] WARN  background.BlockDeletingService (BlockDeletingService.java:isDeletionAllowed(187)) - Close Container log Index 6 is not replicated across allthe servers in the pipeline 4b59a773-7942-4ce0-97fc-75e956cae081 as the min replicated index is 4. Deletion is not allowed in this container yet.
2019-10-25 11:00:06,203 [BlockDeletingService#2] WARN  background.BlockDeletingService (BlockDeletingService.java:isDeletionAllowed(187)) - Close Container log Index 6 is not replicated across allthe servers in the pipeline 4b59a773-7942-4ce0-97fc-75e956cae081 as the min replicated index is 4. Deletion is not allowed in this container yet.
2019-10-25 11:00:06,459 [EventQueue-ContainerReportForContainerReportHandler] WARN  container.ContainerReportHandler (AbstractContainerReportHandler.java:updateContainerState(145)) - Container #1 is in OPEN state, but the datanode ef252736-79c5-4662-a0c7-91e85b60cae7{ip: 192.168.157.233, host: pr-hdds-2359-lls5b-3453883328, networkLocation: /default-rack, certSerialId: null} reports an CLOSED replica.
2019-10-25 11:00:06,474 [EventQueue-ContainerReportForContainerReportHandler] WARN  container.ContainerReportHandler (AbstractContainerReportHandler.java:updateContainerState(145)) - Container #1 is in OPEN state, but the datanode 98a94502-2c87-40a7-b3de-b58821969ff5{ip: 192.168.157.233, host: pr-hdds-2359-lls5b-3453883328, networkLocation: /default-rack, certSerialId: null} reports an CLOSED replica.
2019-10-25 11:00:06,659 [EventQueue-ContainerReportForContainerReportHandler] WARN  container.ContainerReportHandler (AbstractContainerReportHandler.java:updateContainerState(145)) - Container #1 is in OPEN state, but the datanode ef252736-79c5-4662-a0c7-91e85b60cae7{ip: 192.168.157.233, host: pr-hdds-2359-lls5b-3453883328, networkLocation: /default-rack, certSerialId: null} reports an CLOSED replica.
2019-10-25 11:00:06,774 [EventQueue-ContainerReportForContainerReportHandler] WARN  container.ContainerReportHandler (AbstractContainerReportHandler.java:updateContainerState(145)) - Container #1 is in OPEN state, but the datanode 98a94502-2c87-40a7-b3de-b58821969ff5{ip: 192.168.157.233, host: pr-hdds-2359-lls5b-3453883328, networkLocation: /default-rack, certSerialId: null} reports an CLOSED replica.
2019-10-25 11:00:06,960 [EventQueue-ContainerReportForContainerReportHandler] WARN  container.ContainerReportHandler (AbstractContainerReportHandler.java:updateContainerState(145)) - Container #1 is in OPEN state, but the datanode ef252736-79c5-4662-a0c7-91e85b60cae7{ip: 192.168.157.233, host: pr-hdds-2359-lls5b-3453883328, networkLocation: /default-rack, certSerialId: null} reports an CLOSED replica.
2019-10-25 11:00:07,074 [EventQueue-ContainerReportForContainerReportHandler] WARN  container.ContainerReportHandler (AbstractContainerReportHandler.java:updateContainerState(145)) - Container #1 is in OPEN state, but the datanode 98a94502-2c87-40a7-b3de-b58821969ff5{ip: 192.168.157.233, host: pr-hdds-2359-lls5b-3453883328, networkLocation: /default-rack, certSerialId: null} reports an CLOSED replica.
2019-10-25 11:00:07,204 [BlockDeletingService#2] WARN  background.BlockDeletingService (BlockDeletingService.java:isDeletionAllowed(187)) - Close Container log Index 6 is not replicated across allthe servers in the pipeline 4b59a773-7942-4ce0-97fc-75e956cae081 as the min replicated index is 4. Deletion is not allowed in this container yet.
2019-10-25 11:00:07,204 [BlockDeletingService#2] WARN  background.BlockDeletingService (BlockDeletingService.java:isDeletionAllowed(187)) - Close Container log Index 6 is not replicated across allthe servers in the pipeline 4b59a773-7942-4ce0-97fc-75e956cae081 as the min replicated index is 4. Deletion is not allowed in this container yet.
2019-10-25 11:00:07,262 [EventQueue-ContainerReportForContainerReportHandler] WARN  container.ContainerReportHandler (AbstractContainerReportHandler.java:updateContainerState(145)) - Container #1 is in OPEN state, but the datanode ef252736-79c5-4662-a0c7-91e85b60cae7{ip: 192.168.157.233, host: pr-hdds-2359-lls5b-3453883328, networkLocation: /default-rack, certSerialId: null} reports an CLOSED replica.
2019-10-25 11:00:07,375 [EventQueue-ContainerReportForContainerReportHandler] WARN  container.ContainerReportHandler (AbstractContainerReportHandler.java:updateContainerState(145)) - Container #1 is in OPEN state, but the datanode 98a94502-2c87-40a7-b3de-b58821969ff5{ip: 192.168.157.233, host: pr-hdds-2359-lls5b-3453883328, networkLocation: /default-rack, certSerialId: null} reports an CLOSED replica.
2019-10-25 11:00:07,461 [EventQueue-ContainerReportForContainerReportHandler] WARN  container.ContainerReportHandler (AbstractContainerReportHandler.java:updateContainerState(145)) - Container #1 is in OPEN state, but the datanode ef252736-79c5-4662-a0c7-91e85b60cae7{ip: 192.168.157.233, host: pr-hdds-2359-lls5b-3453883328, networkLocation: /default-rack, certSerialId: null} reports an CLOSED replica.
2019-10-25 11:00:07,674 [EventQueue-ContainerReportForContainerReportHandler] WARN  container.ContainerReportHandler (AbstractContainerReportHandler.java:updateContainerState(145)) - Container #1 is in OPEN state, but the datanode 98a94502-2c87-40a7-b3de-b58821969ff5{ip: 192.168.157.233, host: pr-hdds-2359-lls5b-3453883328, networkLocation: /default-rack, certSerialId: null} reports an CLOSED replica.
2019-10-25 11:00:07,861 [EventQueue-ContainerReportForContainerReportHandler] WARN  container.ContainerReportHandler (AbstractContainerReportHandler.java:updateContainerState(145)) - Container #1 is in OPEN state, but the datanode ef252736-79c5-4662-a0c7-91e85b60cae7{ip: 192.168.157.233, host: pr-hdds-2359-lls5b-3453883328, networkLocation: /default-rack, certSerialId: null} reports an CLOSED replica.
2019-10-25 11:00:07,874 [EventQueue-ContainerReportForContainerReportHandler] WARN  container.ContainerReportHandler (AbstractContainerReportHandler.java:updateContainerState(145)) - Container #1 is in OPEN state, but the datanode 98a94502-2c87-40a7-b3de-b58821969ff5{ip: 192.168.157.233, host: pr-hdds-2359-lls5b-3453883328, networkLocation: /default-rack, certSerialId: null} reports an CLOSED replica.
2019-10-25 11:00:08,061 [EventQueue-ContainerReportForContainerReportHandler] WARN  container.ContainerReportHandler (AbstractContainerReportHandler.java:updateContainerState(145)) - Container #1 is in OPEN state, but the datanode ef252736-79c5-4662-a0c7-91e85b60cae7{ip: 192.168.157.233, host: pr-hdds-2359-lls5b-3453883328, networkLocation: /default-rack, certSerialId: null} reports an CLOSED replica.
2019-10-25 11:00:08,074 [EventQueue-ContainerReportForContainerReportHandler] WARN  container.ContainerReportHandler (AbstractContainerReportHandler.java:updateContainerState(145)) - Container #1 is in OPEN state, but the datanode 98a94502-2c87-40a7-b3de-b58821969ff5{ip: 192.168.157.233, host: pr-hdds-2359-lls5b-3453883328, networkLocation: /default-rack, certSerialId: null} reports an CLOSED replica.
2019-10-25 11:00:08,206 [BlockDeletingService#2] WARN  background.BlockDeletingService (BlockDeletingService.java:isDeletionAllowed(187)) - Close Container log Index 6 is not replicated across allthe servers in the pipeline 4b59a773-7942-4ce0-97fc-75e956cae081 as the min replicated index is 4. Deletion is not allowed in this container yet.
2019-10-25 11:00:08,206 [BlockDeletingService#2] WARN  background.BlockDeletingService (BlockDeletingService.java:isDeletionAllowed(187)) - Close Container log Index 6 is not replicated across allthe servers in the pipeline 4b59a773-7942-4ce0-97fc-75e956cae081 as the min replicated index is 4. Deletion is not allowed in this container yet.
2019-10-25 11:00:08,262 [EventQueue-ContainerReportForContainerReportHandler] WARN  container.ContainerReportHandler (AbstractContainerReportHandler.java:updateContainerState(145)) - Container #1 is in OPEN state, but the datanode ef252736-79c5-4662-a0c7-91e85b60cae7{ip: 192.168.157.233, host: pr-hdds-2359-lls5b-3453883328, networkLocation: /default-rack, certSerialId: null} reports an CLOSED replica.
2019-10-25 11:00:08,374 [EventQueue-ContainerReportForContainerReportHandler] WARN  container.ContainerReportHandler (AbstractContainerReportHandler.java:updateContainerState(145)) - Container #1 is in OPEN state, but the datanode 98a94502-2c87-40a7-b3de-b58821969ff5{ip: 192.168.157.233, host: pr-hdds-2359-lls5b-3453883328, networkLocation: /default-rack, certSerialId: null} reports an CLOSED replica.
2019-10-25 11:00:08,462 [EventQueue-ContainerReportForContainerReportHandler] WARN  container.ContainerReportHandler (AbstractContainerReportHandler.java:updateContainerState(145)) - Container #1 is in OPEN state, but the datanode ef252736-79c5-4662-a0c7-91e85b60cae7{ip: 192.168.157.233, host: pr-hdds-2359-lls5b-3453883328, networkLocation: /default-rack, certSerialId: null} reports an CLOSED replica.
2019-10-25 11:00:08,498 [java.util.concurrent.ThreadPoolExecutor$Worker@6ad81b1e[State = -1, empty queue]] WARN  server.GrpcLogAppender (GrpcLogAppender.java:timeoutAppendRequest(209)) - ef252736-79c5-4662-a0c7-91e85b60cae7@group-75E956CAE081->c661ec13-19db-400c-b7a5-525d9c97029d-GrpcLogAppender: appendEntries Timeout, request=ef252736-79c5-4662-a0c7-91e85b60cae7->c661ec13-19db-400c-b7a5-525d9c97029d#32-t3, previous=(t:3, i:10), leaderCommit=10, initializing? false, entries: <empty>
2019-10-25 11:00:08,574 [EventQueue-ContainerReportForContainerReportHandler] WARN  container.ContainerReportHandler (AbstractContainerReportHandler.java:updateContainerState(145)) - Container #1 is in OPEN state, but the datanode 98a94502-2c87-40a7-b3de-b58821969ff5{ip: 192.168.157.233, host: pr-hdds-2359-lls5b-3453883328, networkLocation: /default-rack, certSerialId: null} reports an CLOSED replica.
2019-10-25 11:00:08,774 [EventQueue-ContainerReportForContainerReportHandler] WARN  container.ContainerReportHandler (AbstractContainerReportHandler.java:updateContainerState(145)) - Container #1 is in OPEN state, but the datanode 98a94502-2c87-40a7-b3de-b58821969ff5{ip: 192.168.157.233, host: pr-hdds-2359-lls5b-3453883328, networkLocation: /default-rack, certSerialId: null} reports an CLOSED replica.
2019-10-25 11:00:08,863 [EventQueue-ContainerReportForContainerReportHandler] WARN  container.ContainerReportHandler (AbstractContainerReportHandler.java:updateContainerState(145)) - Container #1 is in OPEN state, but the datanode ef252736-79c5-4662-a0c7-91e85b60cae7{ip: 192.168.157.233, host: pr-hdds-2359-lls5b-3453883328, networkLocation: /default-rack, certSerialId: null} reports an CLOSED replica.
2019-10-25 11:00:09,163 [EventQueue-ContainerReportForContainerReportHandler] WARN  container.ContainerReportHandler (AbstractContainerReportHandler.java:updateContainerState(145)) - Container #1 is in OPEN state, but the datanode ef252736-79c5-4662-a0c7-91e85b60cae7{ip: 192.168.157.233, host: pr-hdds-2359-lls5b-3453883328, networkLocation: /default-rack, certSerialId: null} reports an CLOSED replica.
2019-10-25 11:00:09,174 [EventQueue-ContainerReportForContainerReportHandler] WARN  container.ContainerReportHandler (AbstractContainerReportHandler.java:updateContainerState(145)) - Container #1 is in OPEN state, but the datanode 98a94502-2c87-40a7-b3de-b58821969ff5{ip: 192.168.157.233, host: pr-hdds-2359-lls5b-3453883328, networkLocation: /default-rack, certSerialId: null} reports an CLOSED replica.
2019-10-25 11:00:09,208 [BlockDeletingService#2] WARN  background.BlockDeletingService (BlockDeletingService.java:isDeletionAllowed(187)) - Close Container log Index 6 is not replicated across allthe servers in the pipeline 4b59a773-7942-4ce0-97fc-75e956cae081 as the min replicated index is 4. Deletion is not allowed in this container yet.
2019-10-25 11:00:09,208 [BlockDeletingService#2] WARN  background.BlockDeletingService (BlockDeletingService.java:isDeletionAllowed(187)) - Close Container log Index 6 is not replicated across allthe servers in the pipeline 4b59a773-7942-4ce0-97fc-75e956cae081 as the min replicated index is 4. Deletion is not allowed in this container yet.
2019-10-25 11:00:09,363 [EventQueue-ContainerReportForContainerReportHandler] WARN  container.ContainerReportHandler (AbstractContainerReportHandler.java:updateContainerState(145)) - Container #1 is in OPEN state, but the datanode ef252736-79c5-4662-a0c7-91e85b60cae7{ip: 192.168.157.233, host: pr-hdds-2359-lls5b-3453883328, networkLocation: /default-rack, certSerialId: null} reports an CLOSED replica.
2019-10-25 11:00:09,375 [EventQueue-ContainerReportForContainerReportHandler] WARN  container.ContainerReportHandler (AbstractContainerReportHandler.java:updateContainerState(145)) - Container #1 is in OPEN state, but the datanode 98a94502-2c87-40a7-b3de-b58821969ff5{ip: 192.168.157.233, host: pr-hdds-2359-lls5b-3453883328, networkLocation: /default-rack, certSerialId: null} reports an CLOSED replica.
2019-10-25 11:00:09,564 [EventQueue-ContainerReportForContainerReportHandler] WARN  container.ContainerReportHandler (AbstractContainerReportHandler.java:updateContainerState(145)) - Container #1 is in OPEN state, but the datanode ef252736-79c5-4662-a0c7-91e85b60cae7{ip: 192.168.157.233, host: pr-hdds-2359-lls5b-3453883328, networkLocation: /default-rack, certSerialId: null} reports an CLOSED replica.
2019-10-25 11:00:09,774 [EventQueue-ContainerReportForContainerReportHandler] WARN  container.ContainerReportHandler (AbstractContainerReportHandler.java:updateContainerState(145)) - Container #1 is in OPEN state, but the datanode 98a94502-2c87-40a7-b3de-b58821969ff5{ip: 192.168.157.233, host: pr-hdds-2359-lls5b-3453883328, networkLocation: /default-rack, certSerialId: null} reports an CLOSED replica.
2019-10-25 11:00:09,964 [EventQueue-ContainerReportForContainerReportHandler] WARN  container.ContainerReportHandler (AbstractContainerReportHandler.java:updateContainerState(145)) - Container #1 is in OPEN state, but the datanode ef252736-79c5-4662-a0c7-91e85b60cae7{ip: 192.168.157.233, host: pr-hdds-2359-lls5b-3453883328, networkLocation: /default-rack, certSerialId: null} reports an CLOSED replica.
2019-10-25 11:00:10,175 [EventQueue-ContainerReportForContainerReportHandler] WARN  container.ContainerReportHandler (AbstractContainerReportHandler.java:updateContainerState(145)) - Container #1 is in OPEN state, but the datanode 98a94502-2c87-40a7-b3de-b58821969ff5{ip: 192.168.157.233, host: pr-hdds-2359-lls5b-3453883328, networkLocation: /default-rack, certSerialId: null} reports an CLOSED replica.
2019-10-25 11:00:10,211 [BlockDeletingService#2] WARN  background.BlockDeletingService (BlockDeletingService.java:isDeletionAllowed(187)) - Close Container log Index 6 is not replicated across allthe servers in the pipeline 4b59a773-7942-4ce0-97fc-75e956cae081 as the min replicated index is 4. Deletion is not allowed in this container yet.
2019-10-25 11:00:10,211 [BlockDeletingService#2] WARN  background.BlockDeletingService (BlockDeletingService.java:isDeletionAllowed(187)) - Close Container log Index 6 is not replicated across allthe servers in the pipeline 4b59a773-7942-4ce0-97fc-75e956cae081 as the min replicated index is 4. Deletion is not allowed in this container yet.
2019-10-25 11:00:10,365 [EventQueue-ContainerReportForContainerReportHandler] WARN  container.ContainerReportHandler (AbstractContainerReportHandler.java:updateContainerState(145)) - Container #1 is in OPEN state, but the datanode ef252736-79c5-4662-a0c7-91e85b60cae7{ip: 192.168.157.233, host: pr-hdds-2359-lls5b-3453883328, networkLocation: /default-rack, certSerialId: null} reports an CLOSED replica.
2019-10-25 11:00:10,375 [EventQueue-ContainerReportForContainerReportHandler] WARN  container.ContainerReportHandler (AbstractContainerReportHandler.java:updateContainerState(145)) - Container #1 is in OPEN state, but the datanode 98a94502-2c87-40a7-b3de-b58821969ff5{ip: 192.168.157.233, host: pr-hdds-2359-lls5b-3453883328, networkLocation: /default-rack, certSerialId: null} reports an CLOSED replica.
2019-10-25 11:00:10,676 [EventQueue-ContainerReportForContainerReportHandler] WARN  container.ContainerReportHandler (AbstractContainerReportHandler.java:updateContainerState(145)) - Container #1 is in OPEN state, but the datanode 98a94502-2c87-40a7-b3de-b58821969ff5{ip: 192.168.157.233, host: pr-hdds-2359-lls5b-3453883328, networkLocation: /default-rack, certSerialId: null} reports an CLOSED replica.
2019-10-25 11:00:10,765 [EventQueue-ContainerReportForContainerReportHandler] WARN  container.ContainerReportHandler (AbstractContainerReportHandler.java:updateContainerState(145)) - Container #1 is in OPEN state, but the datanode ef252736-79c5-4662-a0c7-91e85b60cae7{ip: 192.168.157.233, host: pr-hdds-2359-lls5b-3453883328, networkLocation: /default-rack, certSerialId: null} reports an CLOSED replica.
2019-10-25 11:00:10,999 [java.util.concurrent.ThreadPoolExecutor$Worker@6ad81b1e[State = -1, empty queue]] WARN  server.GrpcLogAppender (GrpcLogAppender.java:timeoutAppendRequest(209)) - ef252736-79c5-4662-a0c7-91e85b60cae7@group-75E956CAE081->c661ec13-19db-400c-b7a5-525d9c97029d-GrpcLogAppender: appendEntries Timeout, request=ef252736-79c5-4662-a0c7-91e85b60cae7->c661ec13-19db-400c-b7a5-525d9c97029d#33-t3, previous=(t:3, i:10), leaderCommit=10, initializing? false, entries: <empty>
2019-10-25 11:00:11,075 [EventQueue-ContainerReportForContainerReportHandler] WARN  container.ContainerReportHandler (AbstractContainerReportHandler.java:updateContainerState(145)) - Container #1 is in OPEN state, but the datanode 98a94502-2c87-40a7-b3de-b58821969ff5{ip: 192.168.157.233, host: pr-hdds-2359-lls5b-3453883328, networkLocation: /default-rack, certSerialId: null} reports an CLOSED replica.
2019-10-25 11:00:11,166 [EventQueue-ContainerReportForContainerReportHandler] WARN  container.ContainerReportHandler (AbstractContainerReportHandler.java:updateContainerState(145)) - Container #1 is in OPEN state, but the datanode ef252736-79c5-4662-a0c7-91e85b60cae7{ip: 192.168.157.233, host: pr-hdds-2359-lls5b-3453883328, networkLocation: /default-rack, certSerialId: null} reports an CLOSED replica.
2019-10-25 11:00:11,213 [BlockDeletingService#2] WARN  background.BlockDeletingService (BlockDeletingService.java:isDeletionAllowed(187)) - Close Container log Index 6 is not replicated across allthe servers in the pipeline 4b59a773-7942-4ce0-97fc-75e956cae081 as the min replicated index is 4. Deletion is not allowed in this container yet.
2019-10-25 11:00:11,213 [BlockDeletingService#2] WARN  background.BlockDeletingService (BlockDeletingService.java:isDeletionAllowed(187)) - Close Container log Index 6 is not replicated across allthe servers in the pipeline 4b59a773-7942-4ce0-97fc-75e956cae081 as the min replicated index is 4. Deletion is not allowed in this container yet.
2019-10-25 11:00:11,275 [EventQueue-ContainerReportForContainerReportHandler] WARN  container.ContainerReportHandler (AbstractContainerReportHandler.java:updateContainerState(145)) - Container #1 is in OPEN state, but the datanode 98a94502-2c87-40a7-b3de-b58821969ff5{ip: 192.168.157.233, host: pr-hdds-2359-lls5b-3453883328, networkLocation: /default-rack, certSerialId: null} reports an CLOSED replica.
2019-10-25 11:00:11,467 [EventQueue-ContainerReportForContainerReportHandler] WARN  container.ContainerReportHandler (AbstractContainerReportHandler.java:updateContainerState(145)) - Container #1 is in OPEN state, but the datanode ef252736-79c5-4662-a0c7-91e85b60cae7{ip: 192.168.157.233, host: pr-hdds-2359-lls5b-3453883328, networkLocation: /default-rack, certSerialId: null} reports an CLOSED replica.
2019-10-25 11:00:11,575 [EventQueue-ContainerReportForContainerReportHandler] WARN  container.ContainerReportHandler (AbstractContainerReportHandler.java:updateContainerState(145)) - Container #1 is in OPEN state, but the datanode 98a94502-2c87-40a7-b3de-b58821969ff5{ip: 192.168.157.233, host: pr-hdds-2359-lls5b-3453883328, networkLocation: /default-rack, certSerialId: null} reports an CLOSED replica.
2019-10-25 11:00:11,668 [EventQueue-ContainerReportForContainerReportHandler] WARN  container.ContainerReportHandler (AbstractContainerReportHandler.java:updateContainerState(145)) - Container #1 is in OPEN state, but the datanode ef252736-79c5-4662-a0c7-91e85b60cae7{ip: 192.168.157.233, host: pr-hdds-2359-lls5b-3453883328, networkLocation: /default-rack, certSerialId: null} reports an CLOSED replica.
2019-10-25 11:00:11,876 [EventQueue-ContainerReportForContainerReportHandler] WARN  container.ContainerReportHandler (AbstractContainerReportHandler.java:updateContainerState(145)) - Container #1 is in OPEN state, but the datanode 98a94502-2c87-40a7-b3de-b58821969ff5{ip: 192.168.157.233, host: pr-hdds-2359-lls5b-3453883328, networkLocation: /default-rack, certSerialId: null} reports an CLOSED replica.
2019-10-25 11:00:11,968 [EventQueue-ContainerReportForContainerReportHandler] WARN  container.ContainerReportHandler (AbstractContainerReportHandler.java:updateContainerState(145)) - Container #1 is in OPEN state, but the datanode ef252736-79c5-4662-a0c7-91e85b60cae7{ip: 192.168.157.233, host: pr-hdds-2359-lls5b-3453883328, networkLocation: /default-rack, certSerialId: null} reports an CLOSED replica.
2019-10-25 11:00:12,093 [Thread-415] INFO  client.GrpcClientProtocolService (GrpcClientProtocolService.java:lambda$processClientRequest$0(278)) - Failed RaftClientRequest:client-E2DCCEC0A424->98a94502-2c87-40a7-b3de-b58821969ff5@group-75E956CAE081, cid=10, seq=0, Watch-ALL_COMMITTED(6), Message:<EMPTY>, reply=RaftClientReply:client-E2DCCEC0A424->98a94502-2c87-40a7-b3de-b58821969ff5@group-75E956CAE081, cid=10, FAILED org.apache.ratis.protocol.NotLeaderException: Server 98a94502-2c87-40a7-b3de-b58821969ff5@group-75E956CAE081 is not the leader ef252736-79c5-4662-a0c7-91e85b60cae7:192.168.157.233:36823, logIndex=0, commits[98a94502-2c87-40a7-b3de-b58821969ff5:c10, ef252736-79c5-4662-a0c7-91e85b60cae7:c10, c661ec13-19db-400c-b7a5-525d9c97029d:c4]
2019-10-25 11:00:12,175 [EventQueue-ContainerReportForContainerReportHandler] WARN  container.ContainerReportHandler (AbstractContainerReportHandler.java:updateContainerState(145)) - Container #1 is in OPEN state, but the datanode 98a94502-2c87-40a7-b3de-b58821969ff5{ip: 192.168.157.233, host: pr-hdds-2359-lls5b-3453883328, networkLocation: /default-rack, certSerialId: null} reports an CLOSED replica.
2019-10-25 11:00:12,215 [BlockDeletingService#2] WARN  background.BlockDeletingService (BlockDeletingService.java:isDeletionAllowed(187)) - Close Container log Index 6 is not replicated across allthe servers in the pipeline 4b59a773-7942-4ce0-97fc-75e956cae081 as the min replicated index is 4. Deletion is not allowed in this container yet.
2019-10-25 11:00:12,215 [BlockDeletingService#2] WARN  background.BlockDeletingService (BlockDeletingService.java:isDeletionAllowed(187)) - Close Container log Index 6 is not replicated across allthe servers in the pipeline 4b59a773-7942-4ce0-97fc-75e956cae081 as the min replicated index is 4. Deletion is not allowed in this container yet.
2019-10-25 11:00:12,268 [EventQueue-ContainerReportForContainerReportHandler] WARN  container.ContainerReportHandler (AbstractContainerReportHandler.java:updateContainerState(145)) - Container #1 is in OPEN state, but the datanode ef252736-79c5-4662-a0c7-91e85b60cae7{ip: 192.168.157.233, host: pr-hdds-2359-lls5b-3453883328, networkLocation: /default-rack, certSerialId: null} reports an CLOSED replica.
2019-10-25 11:00:12,469 [EventQueue-ContainerReportForContainerReportHandler] WARN  container.ContainerReportHandler (AbstractContainerReportHandler.java:updateContainerState(145)) - Container #1 is in OPEN state, but the datanode ef252736-79c5-4662-a0c7-91e85b60cae7{ip: 192.168.157.233, host: pr-hdds-2359-lls5b-3453883328, networkLocation: /default-rack, certSerialId: null} reports an CLOSED replica.
2019-10-25 11:00:12,475 [EventQueue-ContainerReportForContainerReportHandler] WARN  container.ContainerReportHandler (AbstractContainerReportHandler.java:updateContainerState(145)) - Container #1 is in OPEN state, but the datanode 98a94502-2c87-40a7-b3de-b58821969ff5{ip: 192.168.157.233, host: pr-hdds-2359-lls5b-3453883328, networkLocation: /default-rack, certSerialId: null} reports an CLOSED replica.
2019-10-25 11:00:12,676 [EventQueue-ContainerReportForContainerReportHandler] WARN  container.ContainerReportHandler (AbstractContainerReportHandler.java:updateContainerState(145)) - Container #1 is in OPEN state, but the datanode 98a94502-2c87-40a7-b3de-b58821969ff5{ip: 192.168.157.233, host: pr-hdds-2359-lls5b-3453883328, networkLocation: /default-rack, certSerialId: null} reports an CLOSED replica.
2019-10-25 11:00:12,770 [EventQueue-ContainerReportForContainerReportHandler] WARN  container.ContainerReportHandler (AbstractContainerReportHandler.java:updateContainerState(145)) - Container #1 is in OPEN state, but the datanode ef252736-79c5-4662-a0c7-91e85b60cae7{ip: 192.168.157.233, host: pr-hdds-2359-lls5b-3453883328, networkLocation: /default-rack, certSerialId: null} reports an CLOSED replica.
2019-10-25 11:00:12,976 [EventQueue-ContainerReportForContainerReportHandler] WARN  container.ContainerReportHandler (AbstractContainerReportHandler.java:updateContainerState(145)) - Container #1 is in OPEN state, but the datanode 98a94502-2c87-40a7-b3de-b58821969ff5{ip: 192.168.157.233, host: pr-hdds-2359-lls5b-3453883328, networkLocation: /default-rack, certSerialId: null} reports an CLOSED replica.
2019-10-25 11:00:13,070 [EventQueue-ContainerReportForContainerReportHandler] WARN  container.ContainerReportHandler (AbstractContainerReportHandler.java:updateContainerState(145)) - Container #1 is in OPEN state, but the datanode ef252736-79c5-4662-a0c7-91e85b60cae7{ip: 192.168.157.233, host: pr-hdds-2359-lls5b-3453883328, networkLocation: /default-rack, certSerialId: null} reports an CLOSED replica.
2019-10-25 11:00:13,176 [EventQueue-ContainerReportForContainerReportHandler] WARN  container.ContainerReportHandler (AbstractContainerReportHandler.java:updateContainerState(145)) - Container #1 is in OPEN state, but the datanode 98a94502-2c87-40a7-b3de-b58821969ff5{ip: 192.168.157.233, host: pr-hdds-2359-lls5b-3453883328, networkLocation: /default-rack, certSerialId: null} reports an CLOSED replica.
2019-10-25 11:00:13,218 [BlockDeletingService#2] WARN  background.BlockDeletingService (BlockDeletingService.java:isDeletionAllowed(187)) - Close Container log Index 6 is not replicated across allthe servers in the pipeline 4b59a773-7942-4ce0-97fc-75e956cae081 as the min replicated index is 4. Deletion is not allowed in this container yet.
2019-10-25 11:00:13,218 [BlockDeletingService#2] WARN  background.BlockDeletingService (BlockDeletingService.java:isDeletionAllowed(187)) - Close Container log Index 6 is not replicated across allthe servers in the pipeline 4b59a773-7942-4ce0-97fc-75e956cae081 as the min replicated index is 4. Deletion is not allowed in this container yet.
2019-10-25 11:00:13,271 [EventQueue-ContainerReportForContainerReportHandler] WARN  container.ContainerReportHandler (AbstractContainerReportHandler.java:updateContainerState(145)) - Container #1 is in OPEN state, but the datanode ef252736-79c5-4662-a0c7-91e85b60cae7{ip: 192.168.157.233, host: pr-hdds-2359-lls5b-3453883328, networkLocation: /default-rack, certSerialId: null} reports an CLOSED replica.
2019-10-25 11:00:13,500 [java.util.concurrent.ThreadPoolExecutor$Worker@6ad81b1e[State = -1, empty queue]] WARN  server.GrpcLogAppender (GrpcLogAppender.java:timeoutAppendRequest(209)) - ef252736-79c5-4662-a0c7-91e85b60cae7@group-75E956CAE081->c661ec13-19db-400c-b7a5-525d9c97029d-GrpcLogAppender: appendEntries Timeout, request=ef252736-79c5-4662-a0c7-91e85b60cae7->c661ec13-19db-400c-b7a5-525d9c97029d#34-t3, previous=(t:3, i:10), leaderCommit=10, initializing? false, entries: <empty>
2019-10-25 11:00:13,571 [EventQueue-ContainerReportForContainerReportHandler] WARN  container.ContainerReportHandler (AbstractContainerReportHandler.java:updateContainerState(145)) - Container #1 is in OPEN state, but the datanode ef252736-79c5-4662-a0c7-91e85b60cae7{ip: 192.168.157.233, host: pr-hdds-2359-lls5b-3453883328, networkLocation: /default-rack, certSerialId: null} reports an CLOSED replica.
2019-10-25 11:00:13,576 [EventQueue-ContainerReportForContainerReportHandler] WARN  container.ContainerReportHandler (AbstractContainerReportHandler.java:updateContainerState(145)) - Container #1 is in OPEN state, but the datanode 98a94502-2c87-40a7-b3de-b58821969ff5{ip: 192.168.157.233, host: pr-hdds-2359-lls5b-3453883328, networkLocation: /default-rack, certSerialId: null} reports an CLOSED replica.
2019-10-25 11:00:13,584 [Thread-423] INFO  client.GrpcClientProtocolService (GrpcClientProtocolService.java:lambda$processClientRequest$0(278)) - Failed RaftClientRequest:client-E2DCCEC0A424->ef252736-79c5-4662-a0c7-91e85b60cae7@group-75E956CAE081, cid=10, seq=0, Watch-ALL_COMMITTED(6), Message:<EMPTY>, reply=RaftClientReply:client-E2DCCEC0A424->ef252736-79c5-4662-a0c7-91e85b60cae7@group-75E956CAE081, cid=10, FAILED org.apache.ratis.protocol.NotReplicatedException: Request with call Id 10 and log index 6 is not yet replicated to ALL_COMMITTED, logIndex=6, commits[ef252736-79c5-4662-a0c7-91e85b60cae7:c10, 98a94502-2c87-40a7-b3de-b58821969ff5:c10, c661ec13-19db-400c-b7a5-525d9c97029d:c4]
2019-10-25 11:00:13,777 [EventQueue-ContainerReportForContainerReportHandler] WARN  container.ContainerReportHandler (AbstractContainerReportHandler.java:updateContainerState(145)) - Container #1 is in OPEN state, but the datanode 98a94502-2c87-40a7-b3de-b58821969ff5{ip: 192.168.157.233, host: pr-hdds-2359-lls5b-3453883328, networkLocation: /default-rack, certSerialId: null} reports an CLOSED replica.
2019-10-25 11:00:13,871 [EventQueue-ContainerReportForContainerReportHandler] WARN  container.ContainerReportHandler (AbstractContainerReportHandler.java:updateContainerState(145)) - Container #1 is in OPEN state, but the datanode ef252736-79c5-4662-a0c7-91e85b60cae7{ip: 192.168.157.233, host: pr-hdds-2359-lls5b-3453883328, networkLocation: /default-rack, certSerialId: null} reports an CLOSED replica.
2019-10-25 11:00:14,071 [EventQueue-ContainerReportForContainerReportHandler] WARN  container.ContainerReportHandler (AbstractContainerReportHandler.java:updateContainerState(145)) - Container #1 is in OPEN state, but the datanode ef252736-79c5-4662-a0c7-91e85b60cae7{ip: 192.168.157.233, host: pr-hdds-2359-lls5b-3453883328, networkLocation: /default-rack, certSerialId: null} reports an CLOSED replica.
2019-10-25 11:00:14,177 [EventQueue-ContainerReportForContainerReportHandler] WARN  container.ContainerReportHandler (AbstractContainerReportHandler.java:updateContainerState(145)) - Container #1 is in OPEN state, but the datanode 98a94502-2c87-40a7-b3de-b58821969ff5{ip: 192.168.157.233, host: pr-hdds-2359-lls5b-3453883328, networkLocation: /default-rack, certSerialId: null} reports an CLOSED replica.
2019-10-25 11:00:14,220 [BlockDeletingService#2] WARN  background.BlockDeletingService (BlockDeletingService.java:isDeletionAllowed(187)) - Close Container log Index 6 is not replicated across allthe servers in the pipeline 4b59a773-7942-4ce0-97fc-75e956cae081 as the min replicated index is 4. Deletion is not allowed in this container yet.
2019-10-25 11:00:14,220 [BlockDeletingService#2] WARN  background.BlockDeletingService (BlockDeletingService.java:isDeletionAllowed(187)) - Close Container log Index 6 is not replicated across allthe servers in the pipeline 4b59a773-7942-4ce0-97fc-75e956cae081 as the min replicated index is 4. Deletion is not allowed in this container yet.
2019-10-25 11:00:14,471 [EventQueue-ContainerReportForContainerReportHandler] WARN  container.ContainerReportHandler (AbstractContainerReportHandler.java:updateContainerState(145)) - Container #1 is in OPEN state, but the datanode ef252736-79c5-4662-a0c7-91e85b60cae7{ip: 192.168.157.233, host: pr-hdds-2359-lls5b-3453883328, networkLocation: /default-rack, certSerialId: null} reports an CLOSED replica.
2019-10-25 11:00:14,577 [EventQueue-ContainerReportForContainerReportHandler] WARN  container.ContainerReportHandler (AbstractContainerReportHandler.java:updateContainerState(145)) - Container #1 is in OPEN state, but the datanode 98a94502-2c87-40a7-b3de-b58821969ff5{ip: 192.168.157.233, host: pr-hdds-2359-lls5b-3453883328, networkLocation: /default-rack, certSerialId: null} reports an CLOSED replica.
2019-10-25 11:00:14,671 [EventQueue-ContainerReportForContainerReportHandler] WARN  container.ContainerReportHandler (AbstractContainerReportHandler.java:updateContainerState(145)) - Container #1 is in OPEN state, but the datanode ef252736-79c5-4662-a0c7-91e85b60cae7{ip: 192.168.157.233, host: pr-hdds-2359-lls5b-3453883328, networkLocation: /default-rack, certSerialId: null} reports an CLOSED replica.
2019-10-25 11:00:14,878 [EventQueue-ContainerReportForContainerReportHandler] WARN  container.ContainerReportHandler (AbstractContainerReportHandler.java:updateContainerState(145)) - Container #1 is in OPEN state, but the datanode 98a94502-2c87-40a7-b3de-b58821969ff5{ip: 192.168.157.233, host: pr-hdds-2359-lls5b-3453883328, networkLocation: /default-rack, certSerialId: null} reports an CLOSED replica.
2019-10-25 11:00:14,971 [EventQueue-ContainerReportForContainerReportHandler] WARN  container.ContainerReportHandler (AbstractContainerReportHandler.java:updateContainerState(145)) - Container #1 is in OPEN state, but the datanode ef252736-79c5-4662-a0c7-91e85b60cae7{ip: 192.168.157.233, host: pr-hdds-2359-lls5b-3453883328, networkLocation: /default-rack, certSerialId: null} reports an CLOSED replica.
2019-10-25 11:00:15,171 [EventQueue-ContainerReportForContainerReportHandler] WARN  container.ContainerReportHandler (AbstractContainerReportHandler.java:updateContainerState(145)) - Container #1 is in OPEN state, but the datanode ef252736-79c5-4662-a0c7-91e85b60cae7{ip: 192.168.157.233, host: pr-hdds-2359-lls5b-3453883328, networkLocation: /default-rack, certSerialId: null} reports an CLOSED replica.
2019-10-25 11:00:15,178 [EventQueue-ContainerReportForContainerReportHandler] WARN  container.ContainerReportHandler (AbstractContainerReportHandler.java:updateContainerState(145)) - Container #1 is in OPEN state, but the datanode 98a94502-2c87-40a7-b3de-b58821969ff5{ip: 192.168.157.233, host: pr-hdds-2359-lls5b-3453883328, networkLocation: /default-rack, certSerialId: null} reports an CLOSED replica.
2019-10-25 11:00:15,222 [BlockDeletingService#2] WARN  background.BlockDeletingService (BlockDeletingService.java:isDeletionAllowed(187)) - Close Container log Index 6 is not replicated across allthe servers in the pipeline 4b59a773-7942-4ce0-97fc-75e956cae081 as the min replicated index is 4. Deletion is not allowed in this container yet.
2019-10-25 11:00:15,222 [BlockDeletingService#2] WARN  background.BlockDeletingService (BlockDeletingService.java:isDeletionAllowed(187)) - Close Container log Index 6 is not replicated across allthe servers in the pipeline 4b59a773-7942-4ce0-97fc-75e956cae081 as the min replicated index is 4. Deletion is not allowed in this container yet.
2019-10-25 11:00:15,480 [EventQueue-ContainerReportForContainerReportHandler] WARN  container.ContainerReportHandler (AbstractContainerReportHandler.java:updateContainerState(145)) - Container #1 is in OPEN state, but the datanode 98a94502-2c87-40a7-b3de-b58821969ff5{ip: 192.168.157.233, host: pr-hdds-2359-lls5b-3453883328, networkLocation: /default-rack, certSerialId: null} reports an CLOSED replica.
2019-10-25 11:00:15,571 [EventQueue-ContainerReportForContainerReportHandler] WARN  container.ContainerReportHandler (AbstractContainerReportHandler.java:updateContainerState(145)) - Container #1 is in OPEN state, but the datanode ef252736-79c5-4662-a0c7-91e85b60cae7{ip: 192.168.157.233, host: pr-hdds-2359-lls5b-3453883328, networkLocation: /default-rack, certSerialId: null} reports an CLOSED replica.
2019-10-25 11:00:15,781 [EventQueue-ContainerReportForContainerReportHandler] WARN  container.ContainerReportHandler (AbstractContainerReportHandler.java:updateContainerState(145)) - Container #1 is in OPEN state, but the datanode 98a94502-2c87-40a7-b3de-b58821969ff5{ip: 192.168.157.233, host: pr-hdds-2359-lls5b-3453883328, networkLocation: /default-rack, certSerialId: null} reports an CLOSED replica.
2019-10-25 11:00:15,873 [EventQueue-ContainerReportForContainerReportHandler] WARN  container.ContainerReportHandler (AbstractContainerReportHandler.java:updateContainerState(145)) - Container #1 is in OPEN state, but the datanode ef252736-79c5-4662-a0c7-91e85b60cae7{ip: 192.168.157.233, host: pr-hdds-2359-lls5b-3453883328, networkLocation: /default-rack, certSerialId: null} reports an CLOSED replica.
2019-10-25 11:00:16,001 [java.util.concurrent.ThreadPoolExecutor$Worker@6ad81b1e[State = -1, empty queue]] WARN  server.GrpcLogAppender (GrpcLogAppender.java:timeoutAppendRequest(209)) - ef252736-79c5-4662-a0c7-91e85b60cae7@group-75E956CAE081->c661ec13-19db-400c-b7a5-525d9c97029d-GrpcLogAppender: appendEntries Timeout, request=ef252736-79c5-4662-a0c7-91e85b60cae7->c661ec13-19db-400c-b7a5-525d9c97029d#35-t3, previous=(t:3, i:10), leaderCommit=10, initializing? false, entries: <empty>
2019-10-25 11:00:16,083 [EventQueue-ContainerReportForContainerReportHandler] WARN  container.ContainerReportHandler (AbstractContainerReportHandler.java:updateContainerState(145)) - Container #1 is in OPEN state, but the datanode 98a94502-2c87-40a7-b3de-b58821969ff5{ip: 192.168.157.233, host: pr-hdds-2359-lls5b-3453883328, networkLocation: /default-rack, certSerialId: null} reports an CLOSED replica.
2019-10-25 11:00:16,224 [BlockDeletingService#2] WARN  background.BlockDeletingService (BlockDeletingService.java:isDeletionAllowed(187)) - Close Container log Index 6 is not replicated across allthe servers in the pipeline 4b59a773-7942-4ce0-97fc-75e956cae081 as the min replicated index is 4. Deletion is not allowed in this container yet.
2019-10-25 11:00:16,224 [BlockDeletingService#2] WARN  background.BlockDeletingService (BlockDeletingService.java:isDeletionAllowed(187)) - Close Container log Index 6 is not replicated across allthe servers in the pipeline 4b59a773-7942-4ce0-97fc-75e956cae081 as the min replicated index is 4. Deletion is not allowed in this container yet.
2019-10-25 11:00:16,273 [EventQueue-ContainerReportForContainerReportHandler] WARN  container.ContainerReportHandler (AbstractContainerReportHandler.java:updateContainerState(145)) - Container #1 is in OPEN state, but the datanode ef252736-79c5-4662-a0c7-91e85b60cae7{ip: 192.168.157.233, host: pr-hdds-2359-lls5b-3453883328, networkLocation: /default-rack, certSerialId: null} reports an CLOSED replica.
2019-10-25 11:00:16,383 [EventQueue-ContainerReportForContainerReportHandler] WARN  container.ContainerReportHandler (AbstractContainerReportHandler.java:updateContainerState(145)) - Container #1 is in OPEN state, but the datanode 98a94502-2c87-40a7-b3de-b58821969ff5{ip: 192.168.157.233, host: pr-hdds-2359-lls5b-3453883328, networkLocation: /default-rack, certSerialId: null} reports an CLOSED replica.
2019-10-25 11:00:16,574 [EventQueue-ContainerReportForContainerReportHandler] WARN  container.ContainerReportHandler (AbstractContainerReportHandler.java:updateContainerState(145)) - Container #1 is in OPEN state, but the datanode ef252736-79c5-4662-a0c7-91e85b60cae7{ip: 192.168.157.233, host: pr-hdds-2359-lls5b-3453883328, networkLocation: /default-rack, certSerialId: null} reports an CLOSED replica.
2019-10-25 11:00:16,684 [EventQueue-ContainerReportForContainerReportHandler] WARN  container.ContainerReportHandler (AbstractContainerReportHandler.java:updateContainerState(145)) - Container #1 is in OPEN state, but the datanode 98a94502-2c87-40a7-b3de-b58821969ff5{ip: 192.168.157.233, host: pr-hdds-2359-lls5b-3453883328, networkLocation: /default-rack, certSerialId: null} reports an CLOSED replica.
2019-10-25 11:00:16,874 [EventQueue-ContainerReportForContainerReportHandler] WARN  container.ContainerReportHandler (AbstractContainerReportHandler.java:updateContainerState(145)) - Container #1 is in OPEN state, but the datanode ef252736-79c5-4662-a0c7-91e85b60cae7{ip: 192.168.157.233, host: pr-hdds-2359-lls5b-3453883328, networkLocation: /default-rack, certSerialId: null} reports an CLOSED replica.
2019-10-25 11:00:17,085 [EventQueue-ContainerReportForContainerReportHandler] WARN  container.ContainerReportHandler (AbstractContainerReportHandler.java:updateContainerState(145)) - Container #1 is in OPEN state, but the datanode 98a94502-2c87-40a7-b3de-b58821969ff5{ip: 192.168.157.233, host: pr-hdds-2359-lls5b-3453883328, networkLocation: /default-rack, certSerialId: null} reports an CLOSED replica.
2019-10-25 11:00:17,225 [BlockDeletingService#2] WARN  background.BlockDeletingService (BlockDeletingService.java:isDeletionAllowed(187)) - Close Container log Index 6 is not replicated across allthe servers in the pipeline 4b59a773-7942-4ce0-97fc-75e956cae081 as the min replicated index is 4. Deletion is not allowed in this container yet.
2019-10-25 11:00:17,225 [BlockDeletingService#2] WARN  background.BlockDeletingService (BlockDeletingService.java:isDeletionAllowed(187)) - Close Container log Index 6 is not replicated across allthe servers in the pipeline 4b59a773-7942-4ce0-97fc-75e956cae081 as the min replicated index is 4. Deletion is not allowed in this container yet.
2019-10-25 11:00:17,275 [EventQueue-ContainerReportForContainerReportHandler] WARN  container.ContainerReportHandler (AbstractContainerReportHandler.java:updateContainerState(145)) - Container #1 is in OPEN state, but the datanode ef252736-79c5-4662-a0c7-91e85b60cae7{ip: 192.168.157.233, host: pr-hdds-2359-lls5b-3453883328, networkLocation: /default-rack, certSerialId: null} reports an CLOSED replica.
2019-10-25 11:00:17,476 [EventQueue-ContainerReportForContainerReportHandler] WARN  container.ContainerReportHandler (AbstractContainerReportHandler.java:updateContainerState(145)) - Container #1 is in OPEN state, but the datanode ef252736-79c5-4662-a0c7-91e85b60cae7{ip: 192.168.157.233, host: pr-hdds-2359-lls5b-3453883328, networkLocation: /default-rack, certSerialId: null} reports an CLOSED replica.
2019-10-25 11:00:17,484 [EventQueue-ContainerReportForContainerReportHandler] WARN  container.ContainerReportHandler (AbstractContainerReportHandler.java:updateContainerState(145)) - Container #1 is in OPEN state, but the datanode 98a94502-2c87-40a7-b3de-b58821969ff5{ip: 192.168.157.233, host: pr-hdds-2359-lls5b-3453883328, networkLocation: /default-rack, certSerialId: null} reports an CLOSED replica.
2019-10-25 11:00:17,685 [EventQueue-ContainerReportForContainerReportHandler] WARN  container.ContainerReportHandler (AbstractContainerReportHandler.java:updateContainerState(145)) - Container #1 is in OPEN state, but the datanode 98a94502-2c87-40a7-b3de-b58821969ff5{ip: 192.168.157.233, host: pr-hdds-2359-lls5b-3453883328, networkLocation: /default-rack, certSerialId: null} reports an CLOSED replica.
2019-10-25 11:00:17,775 [EventQueue-ContainerReportForContainerReportHandler] WARN  container.ContainerReportHandler (AbstractContainerReportHandler.java:updateContainerState(145)) - Container #1 is in OPEN state, but the datanode ef252736-79c5-4662-a0c7-91e85b60cae7{ip: 192.168.157.233, host: pr-hdds-2359-lls5b-3453883328, networkLocation: /default-rack, certSerialId: null} reports an CLOSED replica.
2019-10-25 11:00:18,086 [EventQueue-ContainerReportForContainerReportHandler] WARN  container.ContainerReportHandler (AbstractContainerReportHandler.java:updateContainerState(145)) - Container #1 is in OPEN state, but the datanode 98a94502-2c87-40a7-b3de-b58821969ff5{ip: 192.168.157.233, host: pr-hdds-2359-lls5b-3453883328, networkLocation: /default-rack, certSerialId: null} reports an CLOSED replica.
2019-10-25 11:00:18,177 [EventQueue-ContainerReportForContainerReportHandler] WARN  container.ContainerReportHandler (AbstractContainerReportHandler.java:updateContainerState(145)) - Container #1 is in OPEN state, but the datanode ef252736-79c5-4662-a0c7-91e85b60cae7{ip: 192.168.157.233, host: pr-hdds-2359-lls5b-3453883328, networkLocation: /default-rack, certSerialId: null} reports an CLOSED replica.
2019-10-25 11:00:18,227 [BlockDeletingService#2] WARN  background.BlockDeletingService (BlockDeletingService.java:isDeletionAllowed(187)) - Close Container log Index 6 is not replicated across allthe servers in the pipeline 4b59a773-7942-4ce0-97fc-75e956cae081 as the min replicated index is 4. Deletion is not allowed in this container yet.
2019-10-25 11:00:18,227 [BlockDeletingService#2] WARN  background.BlockDeletingService (BlockDeletingService.java:isDeletionAllowed(187)) - Close Container log Index 6 is not replicated across allthe servers in the pipeline 4b59a773-7942-4ce0-97fc-75e956cae081 as the min replicated index is 4. Deletion is not allowed in this container yet.
2019-10-25 11:00:18,284 [EventQueue-ContainerReportForContainerReportHandler] WARN  container.ContainerReportHandler (AbstractContainerReportHandler.java:updateContainerState(145)) - Container #1 is in OPEN state, but the datanode 98a94502-2c87-40a7-b3de-b58821969ff5{ip: 192.168.157.233, host: pr-hdds-2359-lls5b-3453883328, networkLocation: /default-rack, certSerialId: null} reports an CLOSED replica.
2019-10-25 11:00:18,478 [EventQueue-ContainerReportForContainerReportHandler] WARN  container.ContainerReportHandler (AbstractContainerReportHandler.java:updateContainerState(145)) - Container #1 is in OPEN state, but the datanode ef252736-79c5-4662-a0c7-91e85b60cae7{ip: 192.168.157.233, host: pr-hdds-2359-lls5b-3453883328, networkLocation: /default-rack, certSerialId: null} reports an CLOSED replica.
2019-10-25 11:00:18,502 [java.util.concurrent.ThreadPoolExecutor$Worker@6ad81b1e[State = -1, empty queue]] WARN  server.GrpcLogAppender (GrpcLogAppender.java:timeoutAppendRequest(209)) - ef252736-79c5-4662-a0c7-91e85b60cae7@group-75E956CAE081->c661ec13-19db-400c-b7a5-525d9c97029d-GrpcLogAppender: appendEntries Timeout, request=ef252736-79c5-4662-a0c7-91e85b60cae7->c661ec13-19db-400c-b7a5-525d9c97029d#36-t3, previous=(t:3, i:10), leaderCommit=10, initializing? false, entries: <empty>
2019-10-25 11:00:18,585 [EventQueue-ContainerReportForContainerReportHandler] WARN  container.ContainerReportHandler (AbstractContainerReportHandler.java:updateContainerState(145)) - Container #1 is in OPEN state, but the datanode 98a94502-2c87-40a7-b3de-b58821969ff5{ip: 192.168.157.233, host: pr-hdds-2359-lls5b-3453883328, networkLocation: /default-rack, certSerialId: null} reports an CLOSED replica.
2019-10-25 11:00:18,779 [EventQueue-ContainerReportForContainerReportHandler] WARN  container.ContainerReportHandler (AbstractContainerReportHandler.java:updateContainerState(145)) - Container #1 is in OPEN state, but the datanode ef252736-79c5-4662-a0c7-91e85b60cae7{ip: 192.168.157.233, host: pr-hdds-2359-lls5b-3453883328, networkLocation: /default-rack, certSerialId: null} reports an CLOSED replica.
2019-10-25 11:00:18,986 [EventQueue-ContainerReportForContainerReportHandler] WARN  container.ContainerReportHandler (AbstractContainerReportHandler.java:updateContainerState(145)) - Container #1 is in OPEN state, but the datanode 98a94502-2c87-40a7-b3de-b58821969ff5{ip: 192.168.157.233, host: pr-hdds-2359-lls5b-3453883328, networkLocation: /default-rack, certSerialId: null} reports an CLOSED replica.
2019-10-25 11:00:19,079 [EventQueue-ContainerReportForContainerReportHandler] WARN  container.ContainerReportHandler (AbstractContainerReportHandler.java:updateContainerState(145)) - Container #1 is in OPEN state, but the datanode ef252736-79c5-4662-a0c7-91e85b60cae7{ip: 192.168.157.233, host: pr-hdds-2359-lls5b-3453883328, networkLocation: /default-rack, certSerialId: null} reports an CLOSED replica.
2019-10-25 11:00:19,229 [BlockDeletingService#2] WARN  background.BlockDeletingService (BlockDeletingService.java:isDeletionAllowed(187)) - Close Container log Index 6 is not replicated across allthe servers in the pipeline 4b59a773-7942-4ce0-97fc-75e956cae081 as the min replicated index is 4. Deletion is not allowed in this container yet.
2019-10-25 11:00:19,229 [BlockDeletingService#2] WARN  background.BlockDeletingService (BlockDeletingService.java:isDeletionAllowed(187)) - Close Container log Index 6 is not replicated across allthe servers in the pipeline 4b59a773-7942-4ce0-97fc-75e956cae081 as the min replicated index is 4. Deletion is not allowed in this container yet.
2019-10-25 11:00:19,279 [EventQueue-ContainerReportForContainerReportHandler] WARN  container.ContainerReportHandler (AbstractContainerReportHandler.java:updateContainerState(145)) - Container #1 is in OPEN state, but the datanode ef252736-79c5-4662-a0c7-91e85b60cae7{ip: 192.168.157.233, host: pr-hdds-2359-lls5b-3453883328, networkLocation: /default-rack, certSerialId: null} reports an CLOSED replica.
2019-10-25 11:00:19,386 [EventQueue-ContainerReportForContainerReportHandler] WARN  container.ContainerReportHandler (AbstractContainerReportHandler.java:updateContainerState(145)) - Container #1 is in OPEN state, but the datanode 98a94502-2c87-40a7-b3de-b58821969ff5{ip: 192.168.157.233, host: pr-hdds-2359-lls5b-3453883328, networkLocation: /default-rack, certSerialId: null} reports an CLOSED replica.
2019-10-25 11:00:19,680 [EventQueue-ContainerReportForContainerReportHandler] WARN  container.ContainerReportHandler (AbstractContainerReportHandler.java:updateContainerState(145)) - Container #1 is in OPEN state, but the datanode ef252736-79c5-4662-a0c7-91e85b60cae7{ip: 192.168.157.233, host: pr-hdds-2359-lls5b-3453883328, networkLocation: /default-rack, certSerialId: null} reports an CLOSED replica.
2019-10-25 11:00:19,686 [EventQueue-ContainerReportForContainerReportHandler] WARN  container.ContainerReportHandler (AbstractContainerReportHandler.java:updateContainerState(145)) - Container #1 is in OPEN state, but the datanode 98a94502-2c87-40a7-b3de-b58821969ff5{ip: 192.168.157.233, host: pr-hdds-2359-lls5b-3453883328, networkLocation: /default-rack, certSerialId: null} reports an CLOSED replica.
2019-10-25 11:00:19,986 [EventQueue-ContainerReportForContainerReportHandler] WARN  container.ContainerReportHandler (AbstractContainerReportHandler.java:updateContainerState(145)) - Container #1 is in OPEN state, but the datanode 98a94502-2c87-40a7-b3de-b58821969ff5{ip: 192.168.157.233, host: pr-hdds-2359-lls5b-3453883328, networkLocation: /default-rack, certSerialId: null} reports an CLOSED replica.
2019-10-25 11:00:20,080 [EventQueue-ContainerReportForContainerReportHandler] WARN  container.ContainerReportHandler (AbstractContainerReportHandler.java:updateContainerState(145)) - Container #1 is in OPEN state, but the datanode ef252736-79c5-4662-a0c7-91e85b60cae7{ip: 192.168.157.233, host: pr-hdds-2359-lls5b-3453883328, networkLocation: /default-rack, certSerialId: null} reports an CLOSED replica.
2019-10-25 11:00:20,232 [BlockDeletingService#2] WARN  background.BlockDeletingService (BlockDeletingService.java:isDeletionAllowed(187)) - Close Container log Index 6 is not replicated across allthe servers in the pipeline 4b59a773-7942-4ce0-97fc-75e956cae081 as the min replicated index is 4. Deletion is not allowed in this container yet.
2019-10-25 11:00:20,233 [BlockDeletingService#2] WARN  background.BlockDeletingService (BlockDeletingService.java:isDeletionAllowed(187)) - Close Container log Index 6 is not replicated across allthe servers in the pipeline 4b59a773-7942-4ce0-97fc-75e956cae081 as the min replicated index is 4. Deletion is not allowed in this container yet.
2019-10-25 11:00:20,287 [EventQueue-ContainerReportForContainerReportHandler] WARN  container.ContainerReportHandler (AbstractContainerReportHandler.java:updateContainerState(145)) - Container #1 is in OPEN state, but the datanode 98a94502-2c87-40a7-b3de-b58821969ff5{ip: 192.168.157.233, host: pr-hdds-2359-lls5b-3453883328, networkLocation: /default-rack, certSerialId: null} reports an CLOSED replica.
2019-10-25 11:00:20,380 [EventQueue-ContainerReportForContainerReportHandler] WARN  container.ContainerReportHandler (AbstractContainerReportHandler.java:updateContainerState(145)) - Container #1 is in OPEN state, but the datanode ef252736-79c5-4662-a0c7-91e85b60cae7{ip: 192.168.157.233, host: pr-hdds-2359-lls5b-3453883328, networkLocation: /default-rack, certSerialId: null} reports an CLOSED replica.
2019-10-25 11:00:20,587 [EventQueue-ContainerReportForContainerReportHandler] WARN  container.ContainerReportHandler (AbstractContainerReportHandler.java:updateContainerState(145)) - Container #1 is in OPEN state, but the datanode 98a94502-2c87-40a7-b3de-b58821969ff5{ip: 192.168.157.233, host: pr-hdds-2359-lls5b-3453883328, networkLocation: /default-rack, certSerialId: null} reports an CLOSED replica.
2019-10-25 11:00:20,680 [EventQueue-ContainerReportForContainerReportHandler] WARN  container.ContainerReportHandler (AbstractContainerReportHandler.java:updateContainerState(145)) - Container #1 is in OPEN state, but the datanode ef252736-79c5-4662-a0c7-91e85b60cae7{ip: 192.168.157.233, host: pr-hdds-2359-lls5b-3453883328, networkLocation: /default-rack, certSerialId: null} reports an CLOSED replica.
2019-10-25 11:00:20,980 [EventQueue-ContainerReportForContainerReportHandler] WARN  container.ContainerReportHandler (AbstractContainerReportHandler.java:updateContainerState(145)) - Container #1 is in OPEN state, but the datanode ef252736-79c5-4662-a0c7-91e85b60cae7{ip: 192.168.157.233, host: pr-hdds-2359-lls5b-3453883328, networkLocation: /default-rack, certSerialId: null} reports an CLOSED replica.
2019-10-25 11:00:20,987 [EventQueue-ContainerReportForContainerReportHandler] WARN  container.ContainerReportHandler (AbstractContainerReportHandler.java:updateContainerState(145)) - Container #1 is in OPEN state, but the datanode 98a94502-2c87-40a7-b3de-b58821969ff5{ip: 192.168.157.233, host: pr-hdds-2359-lls5b-3453883328, networkLocation: /default-rack, certSerialId: null} reports an CLOSED replica.
2019-10-25 11:00:21,005 [java.util.concurrent.ThreadPoolExecutor$Worker@6ad81b1e[State = -1, empty queue]] WARN  server.GrpcLogAppender (GrpcLogAppender.java:timeoutAppendRequest(209)) - ef252736-79c5-4662-a0c7-91e85b60cae7@group-75E956CAE081->c661ec13-19db-400c-b7a5-525d9c97029d-GrpcLogAppender: appendEntries Timeout, request=ef252736-79c5-4662-a0c7-91e85b60cae7->c661ec13-19db-400c-b7a5-525d9c97029d#37-t3, previous=(t:3, i:10), leaderCommit=10, initializing? false, entries: <empty>
2019-10-25 11:00:21,126 [Thread-443] INFO  client.GrpcClientProtocolService (GrpcClientProtocolService.java:lambda$processClientRequest$0(278)) - Failed RaftClientRequest:client-E2DCCEC0A424->98a94502-2c87-40a7-b3de-b58821969ff5@group-75E956CAE081, cid=10, seq=0, Watch-ALL_COMMITTED(6), Message:<EMPTY>, reply=RaftClientReply:client-E2DCCEC0A424->98a94502-2c87-40a7-b3de-b58821969ff5@group-75E956CAE081, cid=10, FAILED org.apache.ratis.protocol.NotLeaderException: Server 98a94502-2c87-40a7-b3de-b58821969ff5@group-75E956CAE081 is not the leader ef252736-79c5-4662-a0c7-91e85b60cae7:192.168.157.233:36823, logIndex=0, commits[98a94502-2c87-40a7-b3de-b58821969ff5:c10, ef252736-79c5-4662-a0c7-91e85b60cae7:c10, c661ec13-19db-400c-b7a5-525d9c97029d:c4]
2019-10-25 11:00:21,187 [EventQueue-ContainerReportForContainerReportHandler] WARN  container.ContainerReportHandler (AbstractContainerReportHandler.java:updateContainerState(145)) - Container #1 is in OPEN state, but the datanode 98a94502-2c87-40a7-b3de-b58821969ff5{ip: 192.168.157.233, host: pr-hdds-2359-lls5b-3453883328, networkLocation: /default-rack, certSerialId: null} reports an CLOSED replica.
2019-10-25 11:00:21,233 [BlockDeletingService#2] WARN  background.BlockDeletingService (BlockDeletingService.java:isDeletionAllowed(187)) - Close Container log Index 6 is not replicated across allthe servers in the pipeline 4b59a773-7942-4ce0-97fc-75e956cae081 as the min replicated index is 4. Deletion is not allowed in this container yet.
2019-10-25 11:00:21,235 [BlockDeletingService#2] WARN  background.BlockDeletingService (BlockDeletingService.java:isDeletionAllowed(187)) - Close Container log Index 6 is not replicated across allthe servers in the pipeline 4b59a773-7942-4ce0-97fc-75e956cae081 as the min replicated index is 4. Deletion is not allowed in this container yet.
2019-10-25 11:00:21,281 [EventQueue-ContainerReportForContainerReportHandler] WARN  container.ContainerReportHandler (AbstractContainerReportHandler.java:updateContainerState(145)) - Container #1 is in OPEN state, but the datanode ef252736-79c5-4662-a0c7-91e85b60cae7{ip: 192.168.157.233, host: pr-hdds-2359-lls5b-3453883328, networkLocation: /default-rack, certSerialId: null} reports an CLOSED replica.
2019-10-25 11:00:21,387 [EventQueue-ContainerReportForContainerReportHandler] WARN  container.ContainerReportHandler (AbstractContainerReportHandler.java:updateContainerState(145)) - Container #1 is in OPEN state, but the datanode 98a94502-2c87-40a7-b3de-b58821969ff5{ip: 192.168.157.233, host: pr-hdds-2359-lls5b-3453883328, networkLocation: /default-rack, certSerialId: null} reports an CLOSED replica.
2019-10-25 11:00:21,481 [EventQueue-ContainerReportForContainerReportHandler] WARN  container.ContainerReportHandler (AbstractContainerReportHandler.java:updateContainerState(145)) - Container #1 is in OPEN state, but the datanode ef252736-79c5-4662-a0c7-91e85b60cae7{ip: 192.168.157.233, host: pr-hdds-2359-lls5b-3453883328, networkLocation: /default-rack, certSerialId: null} reports an CLOSED replica.
2019-10-25 11:00:21,780 [EventQueue-ContainerReportForContainerReportHandler] WARN  container.ContainerReportHandler (AbstractContainerReportHandler.java:updateContainerState(145)) - Container #1 is in OPEN state, but the datanode ef252736-79c5-4662-a0c7-91e85b60cae7{ip: 192.168.157.233, host: pr-hdds-2359-lls5b-3453883328, networkLocation: /default-rack, certSerialId: null} reports an CLOSED replica.
2019-10-25 11:00:21,788 [EventQueue-ContainerReportForContainerReportHandler] WARN  container.ContainerReportHandler (AbstractContainerReportHandler.java:updateContainerState(145)) - Container #1 is in OPEN state, but the datanode 98a94502-2c87-40a7-b3de-b58821969ff5{ip: 192.168.157.233, host: pr-hdds-2359-lls5b-3453883328, networkLocation: /default-rack, certSerialId: null} reports an CLOSED replica.
2019-10-25 11:00:22,081 [EventQueue-ContainerReportForContainerReportHandler] WARN  container.ContainerReportHandler (AbstractContainerReportHandler.java:updateContainerState(145)) - Container #1 is in OPEN state, but the datanode ef252736-79c5-4662-a0c7-91e85b60cae7{ip: 192.168.157.233, host: pr-hdds-2359-lls5b-3453883328, networkLocation: /default-rack, certSerialId: null} reports an CLOSED replica.
2019-10-25 11:00:22,188 [EventQueue-ContainerReportForContainerReportHandler] WARN  container.ContainerReportHandler (AbstractContainerReportHandler.java:updateContainerState(145)) - Container #1 is in OPEN state, but the datanode 98a94502-2c87-40a7-b3de-b58821969ff5{ip: 192.168.157.233, host: pr-hdds-2359-lls5b-3453883328, networkLocation: /default-rack, certSerialId: null} reports an CLOSED replica.
2019-10-25 11:00:22,236 [BlockDeletingService#2] WARN  background.BlockDeletingService (BlockDeletingService.java:isDeletionAllowed(187)) - Close Container log Index 6 is not replicated across allthe servers in the pipeline 4b59a773-7942-4ce0-97fc-75e956cae081 as the min replicated index is 4. Deletion is not allowed in this container yet.
2019-10-25 11:00:22,236 [BlockDeletingService#2] WARN  background.BlockDeletingService (BlockDeletingService.java:isDeletionAllowed(187)) - Close Container log Index 6 is not replicated across allthe servers in the pipeline 4b59a773-7942-4ce0-97fc-75e956cae081 as the min replicated index is 4. Deletion is not allowed in this container yet.
2019-10-25 11:00:22,380 [EventQueue-ContainerReportForContainerReportHandler] WARN  container.ContainerReportHandler (AbstractContainerReportHandler.java:updateContainerState(145)) - Container #1 is in OPEN state, but the datanode ef252736-79c5-4662-a0c7-91e85b60cae7{ip: 192.168.157.233, host: pr-hdds-2359-lls5b-3453883328, networkLocation: /default-rack, certSerialId: null} reports an CLOSED replica.
2019-10-25 11:00:22,388 [EventQueue-ContainerReportForContainerReportHandler] WARN  container.ContainerReportHandler (AbstractContainerReportHandler.java:updateContainerState(145)) - Container #1 is in OPEN state, but the datanode 98a94502-2c87-40a7-b3de-b58821969ff5{ip: 192.168.157.233, host: pr-hdds-2359-lls5b-3453883328, networkLocation: /default-rack, certSerialId: null} reports an CLOSED replica.
2019-10-25 11:00:22,580 [EventQueue-ContainerReportForContainerReportHandler] WARN  container.ContainerReportHandler (AbstractContainerReportHandler.java:updateContainerState(145)) - Container #1 is in OPEN state, but the datanode ef252736-79c5-4662-a0c7-91e85b60cae7{ip: 192.168.157.233, host: pr-hdds-2359-lls5b-3453883328, networkLocation: /default-rack, certSerialId: null} reports an CLOSED replica.
2019-10-25 11:00:22,584 [Thread-450] INFO  client.GrpcClientProtocolService (GrpcClientProtocolService.java:lambda$processClientRequest$0(278)) - Failed RaftClientRequest:client-E2DCCEC0A424->ef252736-79c5-4662-a0c7-91e85b60cae7@group-75E956CAE081, cid=10, seq=0, Watch-ALL_COMMITTED(6), Message:<EMPTY>, reply=RaftClientReply:client-E2DCCEC0A424->ef252736-79c5-4662-a0c7-91e85b60cae7@group-75E956CAE081, cid=10, FAILED org.apache.ratis.protocol.NotReplicatedException: Request with call Id 10 and log index 6 is not yet replicated to ALL_COMMITTED, logIndex=6, commits[ef252736-79c5-4662-a0c7-91e85b60cae7:c10, 98a94502-2c87-40a7-b3de-b58821969ff5:c10, c661ec13-19db-400c-b7a5-525d9c97029d:c4]
2019-10-25 11:00:22,688 [EventQueue-ContainerReportForContainerReportHandler] WARN  container.ContainerReportHandler (AbstractContainerReportHandler.java:updateContainerState(145)) - Container #1 is in OPEN state, but the datanode 98a94502-2c87-40a7-b3de-b58821969ff5{ip: 192.168.157.233, host: pr-hdds-2359-lls5b-3453883328, networkLocation: /default-rack, certSerialId: null} reports an CLOSED replica.
2019-10-25 11:00:22,781 [EventQueue-ContainerReportForContainerReportHandler] WARN  container.ContainerReportHandler (AbstractContainerReportHandler.java:updateContainerState(145)) - Container #1 is in OPEN state, but the datanode ef252736-79c5-4662-a0c7-91e85b60cae7{ip: 192.168.157.233, host: pr-hdds-2359-lls5b-3453883328, networkLocation: /default-rack, certSerialId: null} reports an CLOSED replica.
2019-10-25 11:00:22,989 [EventQueue-ContainerReportForContainerReportHandler] WARN  container.ContainerReportHandler (AbstractContainerReportHandler.java:updateContainerState(145)) - Container #1 is in OPEN state, but the datanode 98a94502-2c87-40a7-b3de-b58821969ff5{ip: 192.168.157.233, host: pr-hdds-2359-lls5b-3453883328, networkLocation: /default-rack, certSerialId: null} reports an CLOSED replica.
2019-10-25 11:00:23,081 [EventQueue-ContainerReportForContainerReportHandler] WARN  container.ContainerReportHandler (AbstractContainerReportHandler.java:updateContainerState(145)) - Container #1 is in OPEN state, but the datanode ef252736-79c5-4662-a0c7-91e85b60cae7{ip: 192.168.157.233, host: pr-hdds-2359-lls5b-3453883328, networkLocation: /default-rack, certSerialId: null} reports an CLOSED replica.
2019-10-25 11:00:23,188 [EventQueue-ContainerReportForContainerReportHandler] WARN  container.ContainerReportHandler (AbstractContainerReportHandler.java:updateContainerState(145)) - Container #1 is in OPEN state, but the datanode 98a94502-2c87-40a7-b3de-b58821969ff5{ip: 192.168.157.233, host: pr-hdds-2359-lls5b-3453883328, networkLocation: /default-rack, certSerialId: null} reports an CLOSED replica.
2019-10-25 11:00:23,238 [BlockDeletingService#2] WARN  background.BlockDeletingService (BlockDeletingService.java:isDeletionAllowed(187)) - Close Container log Index 6 is not replicated across allthe servers in the pipeline 4b59a773-7942-4ce0-97fc-75e956cae081 as the min replicated index is 4. Deletion is not allowed in this container yet.
2019-10-25 11:00:23,238 [BlockDeletingService#2] WARN  background.BlockDeletingService (BlockDeletingService.java:isDeletionAllowed(187)) - Close Container log Index 6 is not replicated across allthe servers in the pipeline 4b59a773-7942-4ce0-97fc-75e956cae081 as the min replicated index is 4. Deletion is not allowed in this container yet.
2019-10-25 11:00:23,482 [EventQueue-ContainerReportForContainerReportHandler] WARN  container.ContainerReportHandler (AbstractContainerReportHandler.java:updateContainerState(145)) - Container #1 is in OPEN state, but the datanode ef252736-79c5-4662-a0c7-91e85b60cae7{ip: 192.168.157.233, host: pr-hdds-2359-lls5b-3453883328, networkLocation: /default-rack, certSerialId: null} reports an CLOSED replica.
2019-10-25 11:00:23,488 [EventQueue-ContainerReportForContainerReportHandler] WARN  container.ContainerReportHandler (AbstractContainerReportHandler.java:updateContainerState(145)) - Container #1 is in OPEN state, but the datanode 98a94502-2c87-40a7-b3de-b58821969ff5{ip: 192.168.157.233, host: pr-hdds-2359-lls5b-3453883328, networkLocation: /default-rack, certSerialId: null} reports an CLOSED replica.
2019-10-25 11:00:23,507 [java.util.concurrent.ThreadPoolExecutor$Worker@6ad81b1e[State = -1, empty queue]] WARN  server.GrpcLogAppender (GrpcLogAppender.java:timeoutAppendRequest(209)) - ef252736-79c5-4662-a0c7-91e85b60cae7@group-75E956CAE081->c661ec13-19db-400c-b7a5-525d9c97029d-GrpcLogAppender: appendEntries Timeout, request=ef252736-79c5-4662-a0c7-91e85b60cae7->c661ec13-19db-400c-b7a5-525d9c97029d#38-t3, previous=(t:3, i:10), leaderCommit=10, initializing? false, entries: <empty>
2019-10-25 11:00:23,882 [EventQueue-ContainerReportForContainerReportHandler] WARN  container.ContainerReportHandler (AbstractContainerReportHandler.java:updateContainerState(145)) - Container #1 is in OPEN state, but the datanode ef252736-79c5-4662-a0c7-91e85b60cae7{ip: 192.168.157.233, host: pr-hdds-2359-lls5b-3453883328, networkLocation: /default-rack, certSerialId: null} reports an CLOSED replica.
2019-10-25 11:00:23,888 [EventQueue-ContainerReportForContainerReportHandler] WARN  container.ContainerReportHandler (AbstractContainerReportHandler.java:updateContainerState(145)) - Container #1 is in OPEN state, but the datanode 98a94502-2c87-40a7-b3de-b58821969ff5{ip: 192.168.157.233, host: pr-hdds-2359-lls5b-3453883328, networkLocation: /default-rack, certSerialId: null} reports an CLOSED replica.
2019-10-25 11:00:24,082 [EventQueue-ContainerReportForContainerReportHandler] WARN  container.ContainerReportHandler (AbstractContainerReportHandler.java:updateContainerState(145)) - Container #1 is in OPEN state, but the datanode ef252736-79c5-4662-a0c7-91e85b60cae7{ip: 192.168.157.233, host: pr-hdds-2359-lls5b-3453883328, networkLocation: /default-rack, certSerialId: null} reports an CLOSED replica.
2019-10-25 11:00:24,241 [BlockDeletingService#2] WARN  background.BlockDeletingService (BlockDeletingService.java:isDeletionAllowed(187)) - Close Container log Index 6 is not replicated across allthe servers in the pipeline 4b59a773-7942-4ce0-97fc-75e956cae081 as the min replicated index is 4. Deletion is not allowed in this container yet.
2019-10-25 11:00:24,241 [BlockDeletingService#2] WARN  background.BlockDeletingService (BlockDeletingService.java:isDeletionAllowed(187)) - Close Container log Index 6 is not replicated across allthe servers in the pipeline 4b59a773-7942-4ce0-97fc-75e956cae081 as the min replicated index is 4. Deletion is not allowed in this container yet.
2019-10-25 11:00:24,282 [EventQueue-ContainerReportForContainerReportHandler] WARN  container.ContainerReportHandler (AbstractContainerReportHandler.java:updateContainerState(145)) - Container #1 is in OPEN state, but the datanode ef252736-79c5-4662-a0c7-91e85b60cae7{ip: 192.168.157.233, host: pr-hdds-2359-lls5b-3453883328, networkLocation: /default-rack, certSerialId: null} reports an CLOSED replica.
2019-10-25 11:00:24,288 [EventQueue-ContainerReportForContainerReportHandler] WARN  container.ContainerReportHandler (AbstractContainerReportHandler.java:updateContainerState(145)) - Container #1 is in OPEN state, but the datanode 98a94502-2c87-40a7-b3de-b58821969ff5{ip: 192.168.157.233, host: pr-hdds-2359-lls5b-3453883328, networkLocation: /default-rack, certSerialId: null} reports an CLOSED replica.
2019-10-25 11:00:24,482 [EventQueue-ContainerReportForContainerReportHandler] WARN  container.ContainerReportHandler (AbstractContainerReportHandler.java:updateContainerState(145)) - Container #1 is in OPEN state, but the datanode ef252736-79c5-4662-a0c7-91e85b60cae7{ip: 192.168.157.233, host: pr-hdds-2359-lls5b-3453883328, networkLocation: /default-rack, certSerialId: null} reports an CLOSED replica.
2019-10-25 11:00:24,588 [EventQueue-ContainerReportForContainerReportHandler] WARN  container.ContainerReportHandler (AbstractContainerReportHandler.java:updateContainerState(145)) - Container #1 is in OPEN state, but the datanode 98a94502-2c87-40a7-b3de-b58821969ff5{ip: 192.168.157.233, host: pr-hdds-2359-lls5b-3453883328, networkLocation: /default-rack, certSerialId: null} reports an CLOSED replica.
2019-10-25 11:00:24,782 [EventQueue-ContainerReportForContainerReportHandler] WARN  container.ContainerReportHandler (AbstractContainerReportHandler.java:updateContainerState(145)) - Container #1 is in OPEN state, but the datanode ef252736-79c5-4662-a0c7-91e85b60cae7{ip: 192.168.157.233, host: pr-hdds-2359-lls5b-3453883328, networkLocation: /default-rack, certSerialId: null} reports an CLOSED replica.
2019-10-25 11:00:24,789 [EventQueue-ContainerReportForContainerReportHandler] WARN  container.ContainerReportHandler (AbstractContainerReportHandler.java:updateContainerState(145)) - Container #1 is in OPEN state, but the datanode 98a94502-2c87-40a7-b3de-b58821969ff5{ip: 192.168.157.233, host: pr-hdds-2359-lls5b-3453883328, networkLocation: /default-rack, certSerialId: null} reports an CLOSED replica.
2019-10-25 11:00:24,982 [EventQueue-ContainerReportForContainerReportHandler] WARN  container.ContainerReportHandler (AbstractContainerReportHandler.java:updateContainerState(145)) - Container #1 is in OPEN state, but the datanode ef252736-79c5-4662-a0c7-91e85b60cae7{ip: 192.168.157.233, host: pr-hdds-2359-lls5b-3453883328, networkLocation: /default-rack, certSerialId: null} reports an CLOSED replica.
2019-10-25 11:00:25,089 [EventQueue-ContainerReportForContainerReportHandler] WARN  container.ContainerReportHandler (AbstractContainerReportHandler.java:updateContainerState(145)) - Container #1 is in OPEN state, but the datanode 98a94502-2c87-40a7-b3de-b58821969ff5{ip: 192.168.157.233, host: pr-hdds-2359-lls5b-3453883328, networkLocation: /default-rack, certSerialId: null} reports an CLOSED replica.
2019-10-25 11:00:25,243 [BlockDeletingService#2] WARN  background.BlockDeletingService (BlockDeletingService.java:isDeletionAllowed(187)) - Close Container log Index 6 is not replicated across allthe servers in the pipeline 4b59a773-7942-4ce0-97fc-75e956cae081 as the min replicated index is 4. Deletion is not allowed in this container yet.
2019-10-25 11:00:25,243 [BlockDeletingService#2] WARN  background.BlockDeletingService (BlockDeletingService.java:isDeletionAllowed(187)) - Close Container log Index 6 is not replicated across allthe servers in the pipeline 4b59a773-7942-4ce0-97fc-75e956cae081 as the min replicated index is 4. Deletion is not allowed in this container yet.
2019-10-25 11:00:25,383 [EventQueue-ContainerReportForContainerReportHandler] WARN  container.ContainerReportHandler (AbstractContainerReportHandler.java:updateContainerState(145)) - Container #1 is in OPEN state, but the datanode ef252736-79c5-4662-a0c7-91e85b60cae7{ip: 192.168.157.233, host: pr-hdds-2359-lls5b-3453883328, networkLocation: /default-rack, certSerialId: null} reports an CLOSED replica.
2019-10-25 11:00:25,390 [EventQueue-ContainerReportForContainerReportHandler] WARN  container.ContainerReportHandler (AbstractContainerReportHandler.java:updateContainerState(145)) - Container #1 is in OPEN state, but the datanode 98a94502-2c87-40a7-b3de-b58821969ff5{ip: 192.168.157.233, host: pr-hdds-2359-lls5b-3453883328, networkLocation: /default-rack, certSerialId: null} reports an CLOSED replica.
2019-10-25 11:00:25,582 [EventQueue-ContainerReportForContainerReportHandler] WARN  container.ContainerReportHandler (AbstractContainerReportHandler.java:updateContainerState(145)) - Container #1 is in OPEN state, but the datanode ef252736-79c5-4662-a0c7-91e85b60cae7{ip: 192.168.157.233, host: pr-hdds-2359-lls5b-3453883328, networkLocation: /default-rack, certSerialId: null} reports an CLOSED replica.
2019-10-25 11:00:25,590 [EventQueue-ContainerReportForContainerReportHandler] WARN  container.ContainerReportHandler (AbstractContainerReportHandler.java:updateContainerState(145)) - Container #1 is in OPEN state, but the datanode 98a94502-2c87-40a7-b3de-b58821969ff5{ip: 192.168.157.233, host: pr-hdds-2359-lls5b-3453883328, networkLocation: /default-rack, certSerialId: null} reports an CLOSED replica.
2019-10-25 11:00:25,782 [EventQueue-ContainerReportForContainerReportHandler] WARN  container.ContainerReportHandler (AbstractContainerReportHandler.java:updateContainerState(145)) - Container #1 is in OPEN state, but the datanode ef252736-79c5-4662-a0c7-91e85b60cae7{ip: 192.168.157.233, host: pr-hdds-2359-lls5b-3453883328, networkLocation: /default-rack, certSerialId: null} reports an CLOSED replica.
2019-10-25 11:00:25,890 [EventQueue-ContainerReportForContainerReportHandler] WARN  container.ContainerReportHandler (AbstractContainerReportHandler.java:updateContainerState(145)) - Container #1 is in OPEN state, but the datanode 98a94502-2c87-40a7-b3de-b58821969ff5{ip: 192.168.157.233, host: pr-hdds-2359-lls5b-3453883328, networkLocation: /default-rack, certSerialId: null} reports an CLOSED replica.
2019-10-25 11:00:26,009 [java.util.concurrent.ThreadPoolExecutor$Worker@6ad81b1e[State = -1, empty queue]] WARN  server.GrpcLogAppender (GrpcLogAppender.java:timeoutAppendRequest(209)) - ef252736-79c5-4662-a0c7-91e85b60cae7@group-75E956CAE081->c661ec13-19db-400c-b7a5-525d9c97029d-GrpcLogAppender: appendEntries Timeout, request=ef252736-79c5-4662-a0c7-91e85b60cae7->c661ec13-19db-400c-b7a5-525d9c97029d#39-t3, previous=(t:3, i:10), leaderCommit=10, initializing? false, entries: <empty>
2019-10-25 11:00:26,182 [EventQueue-ContainerReportForContainerReportHandler] WARN  container.ContainerReportHandler (AbstractContainerReportHandler.java:updateContainerState(145)) - Container #1 is in OPEN state, but the datanode ef252736-79c5-4662-a0c7-91e85b60cae7{ip: 192.168.157.233, host: pr-hdds-2359-lls5b-3453883328, networkLocation: /default-rack, certSerialId: null} reports an CLOSED replica.
2019-10-25 11:00:26,191 [EventQueue-ContainerReportForContainerReportHandler] WARN  container.ContainerReportHandler (AbstractContainerReportHandler.java:updateContainerState(145)) - Container #1 is in OPEN state, but the datanode 98a94502-2c87-40a7-b3de-b58821969ff5{ip: 192.168.157.233, host: pr-hdds-2359-lls5b-3453883328, networkLocation: /default-rack, certSerialId: null} reports an CLOSED replica.
2019-10-25 11:00:26,244 [BlockDeletingService#2] WARN  background.BlockDeletingService (BlockDeletingService.java:isDeletionAllowed(187)) - Close Container log Index 6 is not replicated across allthe servers in the pipeline 4b59a773-7942-4ce0-97fc-75e956cae081 as the min replicated index is 4. Deletion is not allowed in this container yet.
2019-10-25 11:00:26,244 [BlockDeletingService#2] WARN  background.BlockDeletingService (BlockDeletingService.java:isDeletionAllowed(187)) - Close Container log Index 6 is not replicated across allthe servers in the pipeline 4b59a773-7942-4ce0-97fc-75e956cae081 as the min replicated index is 4. Deletion is not allowed in this container yet.
2019-10-25 11:00:26,482 [EventQueue-ContainerReportForContainerReportHandler] WARN  container.ContainerReportHandler (AbstractContainerReportHandler.java:updateContainerState(145)) - Container #1 is in OPEN state, but the datanode ef252736-79c5-4662-a0c7-91e85b60cae7{ip: 192.168.157.233, host: pr-hdds-2359-lls5b-3453883328, networkLocation: /default-rack, certSerialId: null} reports an CLOSED replica.
2019-10-25 11:00:26,491 [EventQueue-ContainerReportForContainerReportHandler] WARN  container.ContainerReportHandler (AbstractContainerReportHandler.java:updateContainerState(145)) - Container #1 is in OPEN state, but the datanode 98a94502-2c87-40a7-b3de-b58821969ff5{ip: 192.168.157.233, host: pr-hdds-2359-lls5b-3453883328, networkLocation: /default-rack, certSerialId: null} reports an CLOSED replica.
2019-10-25 11:00:26,792 [EventQueue-ContainerReportForContainerReportHandler] WARN  container.ContainerReportHandler (AbstractContainerReportHandler.java:updateContainerState(145)) - Container #1 is in OPEN state, but the datanode 98a94502-2c87-40a7-b3de-b58821969ff5{ip: 192.168.157.233, host: pr-hdds-2359-lls5b-3453883328, networkLocation: /default-rack, certSerialId: null} reports an CLOSED replica.
2019-10-25 11:00:26,882 [EventQueue-ContainerReportForContainerReportHandler] WARN  container.ContainerReportHandler (AbstractContainerReportHandler.java:updateContainerState(145)) - Container #1 is in OPEN state, but the datanode ef252736-79c5-4662-a0c7-91e85b60cae7{ip: 192.168.157.233, host: pr-hdds-2359-lls5b-3453883328, networkLocation: /default-rack, certSerialId: null} reports an CLOSED replica.
2019-10-25 11:00:27,182 [EventQueue-ContainerReportForContainerReportHandler] WARN  container.ContainerReportHandler (AbstractContainerReportHandler.java:updateContainerState(145)) - Container #1 is in OPEN state, but the datanode ef252736-79c5-4662-a0c7-91e85b60cae7{ip: 192.168.157.233, host: pr-hdds-2359-lls5b-3453883328, networkLocation: /default-rack, certSerialId: null} reports an CLOSED replica.
2019-10-25 11:00:27,192 [EventQueue-ContainerReportForContainerReportHandler] WARN  container.ContainerReportHandler (AbstractContainerReportHandler.java:updateContainerState(145)) - Container #1 is in OPEN state, but the datanode 98a94502-2c87-40a7-b3de-b58821969ff5{ip: 192.168.157.233, host: pr-hdds-2359-lls5b-3453883328, networkLocation: /default-rack, certSerialId: null} reports an CLOSED replica.
2019-10-25 11:00:27,246 [BlockDeletingService#2] WARN  background.BlockDeletingService (BlockDeletingService.java:isDeletionAllowed(187)) - Close Container log Index 6 is not replicated across allthe servers in the pipeline 4b59a773-7942-4ce0-97fc-75e956cae081 as the min replicated index is 4. Deletion is not allowed in this container yet.
2019-10-25 11:00:27,246 [BlockDeletingService#2] WARN  background.BlockDeletingService (BlockDeletingService.java:isDeletionAllowed(187)) - Close Container log Index 6 is not replicated across allthe servers in the pipeline 4b59a773-7942-4ce0-97fc-75e956cae081 as the min replicated index is 4. Deletion is not allowed in this container yet.
2019-10-25 11:00:27,382 [EventQueue-ContainerReportForContainerReportHandler] WARN  container.ContainerReportHandler (AbstractContainerReportHandler.java:updateContainerState(145)) - Container #1 is in OPEN state, but the datanode ef252736-79c5-4662-a0c7-91e85b60cae7{ip: 192.168.157.233, host: pr-hdds-2359-lls5b-3453883328, networkLocation: /default-rack, certSerialId: null} reports an CLOSED replica.
2019-10-25 11:00:27,582 [EventQueue-ContainerReportForContainerReportHandler] WARN  container.ContainerReportHandler (AbstractContainerReportHandler.java:updateContainerState(145)) - Container #1 is in OPEN state, but the datanode ef252736-79c5-4662-a0c7-91e85b60cae7{ip: 192.168.157.233, host: pr-hdds-2359-lls5b-3453883328, networkLocation: /default-rack, certSerialId: null} reports an CLOSED replica.
2019-10-25 11:00:27,593 [EventQueue-ContainerReportForContainerReportHandler] WARN  container.ContainerReportHandler (AbstractContainerReportHandler.java:updateContainerState(145)) - Container #1 is in OPEN state, but the datanode 98a94502-2c87-40a7-b3de-b58821969ff5{ip: 192.168.157.233, host: pr-hdds-2359-lls5b-3453883328, networkLocation: /default-rack, certSerialId: null} reports an CLOSED replica.
2019-10-25 11:00:27,782 [EventQueue-ContainerReportForContainerReportHandler] WARN  container.ContainerReportHandler (AbstractContainerReportHandler.java:updateContainerState(145)) - Container #1 is in OPEN state, but the datanode ef252736-79c5-4662-a0c7-91e85b60cae7{ip: 192.168.157.233, host: pr-hdds-2359-lls5b-3453883328, networkLocation: /default-rack, certSerialId: null} reports an CLOSED replica.
2019-10-25 11:00:27,893 [EventQueue-ContainerReportForContainerReportHandler] WARN  container.ContainerReportHandler (AbstractContainerReportHandler.java:updateContainerState(145)) - Container #1 is in OPEN state, but the datanode 98a94502-2c87-40a7-b3de-b58821969ff5{ip: 192.168.157.233, host: pr-hdds-2359-lls5b-3453883328, networkLocation: /default-rack, certSerialId: null} reports an CLOSED replica.
2019-10-25 11:00:28,082 [EventQueue-ContainerReportForContainerReportHandler] WARN  container.ContainerReportHandler (AbstractContainerReportHandler.java:updateContainerState(145)) - Container #1 is in OPEN state, but the datanode ef252736-79c5-4662-a0c7-91e85b60cae7{ip: 192.168.157.233, host: pr-hdds-2359-lls5b-3453883328, networkLocation: /default-rack, certSerialId: null} reports an CLOSED replica.
2019-10-25 11:00:28,094 [EventQueue-ContainerReportForContainerReportHandler] WARN  container.ContainerReportHandler (AbstractContainerReportHandler.java:updateContainerState(145)) - Container #1 is in OPEN state, but the datanode 98a94502-2c87-40a7-b3de-b58821969ff5{ip: 192.168.157.233, host: pr-hdds-2359-lls5b-3453883328, networkLocation: /default-rack, certSerialId: null} reports an CLOSED replica.
2019-10-25 11:00:28,247 [BlockDeletingService#2] WARN  background.BlockDeletingService (BlockDeletingService.java:isDeletionAllowed(187)) - Close Container log Index 6 is not replicated across allthe servers in the pipeline 4b59a773-7942-4ce0-97fc-75e956cae081 as the min replicated index is 4. Deletion is not allowed in this container yet.
2019-10-25 11:00:28,247 [BlockDeletingService#2] WARN  background.BlockDeletingService (BlockDeletingService.java:isDeletionAllowed(187)) - Close Container log Index 6 is not replicated across allthe servers in the pipeline 4b59a773-7942-4ce0-97fc-75e956cae081 as the min replicated index is 4. Deletion is not allowed in this container yet.
2019-10-25 11:00:28,382 [EventQueue-ContainerReportForContainerReportHandler] WARN  container.ContainerReportHandler (AbstractContainerReportHandler.java:updateContainerState(145)) - Container #1 is in OPEN state, but the datanode ef252736-79c5-4662-a0c7-91e85b60cae7{ip: 192.168.157.233, host: pr-hdds-2359-lls5b-3453883328, networkLocation: /default-rack, certSerialId: null} reports an CLOSED replica.
2019-10-25 11:00:28,495 [EventQueue-ContainerReportForContainerReportHandler] WARN  container.ContainerReportHandler (AbstractContainerReportHandler.java:updateContainerState(145)) - Container #1 is in OPEN state, but the datanode 98a94502-2c87-40a7-b3de-b58821969ff5{ip: 192.168.157.233, host: pr-hdds-2359-lls5b-3453883328, networkLocation: /default-rack, certSerialId: null} reports an CLOSED replica.
2019-10-25 11:00:28,509 [java.util.concurrent.ThreadPoolExecutor$Worker@6ad81b1e[State = -1, empty queue]] WARN  server.GrpcLogAppender (GrpcLogAppender.java:timeoutAppendRequest(209)) - ef252736-79c5-4662-a0c7-91e85b60cae7@group-75E956CAE081->c661ec13-19db-400c-b7a5-525d9c97029d-GrpcLogAppender: appendEntries Timeout, request=ef252736-79c5-4662-a0c7-91e85b60cae7->c661ec13-19db-400c-b7a5-525d9c97029d#40-t3, previous=(t:3, i:10), leaderCommit=10, initializing? false, entries: <empty>
2019-10-25 11:00:28,582 [EventQueue-ContainerReportForContainerReportHandler] WARN  container.ContainerReportHandler (AbstractContainerReportHandler.java:updateContainerState(145)) - Container #1 is in OPEN state, but the datanode ef252736-79c5-4662-a0c7-91e85b60cae7{ip: 192.168.157.233, host: pr-hdds-2359-lls5b-3453883328, networkLocation: /default-rack, certSerialId: null} reports an CLOSED replica.
2019-10-25 11:00:28,882 [EventQueue-ContainerReportForContainerReportHandler] WARN  container.ContainerReportHandler (AbstractContainerReportHandler.java:updateContainerState(145)) - Container #1 is in OPEN state, but the datanode ef252736-79c5-4662-a0c7-91e85b60cae7{ip: 192.168.157.233, host: pr-hdds-2359-lls5b-3453883328, networkLocation: /default-rack, certSerialId: null} reports an CLOSED replica.
2019-10-25 11:00:28,896 [EventQueue-ContainerReportForContainerReportHandler] WARN  container.ContainerReportHandler (AbstractContainerReportHandler.java:updateContainerState(145)) - Container #1 is in OPEN state, but the datanode 98a94502-2c87-40a7-b3de-b58821969ff5{ip: 192.168.157.233, host: pr-hdds-2359-lls5b-3453883328, networkLocation: /default-rack, certSerialId: null} reports an CLOSED replica.
2019-10-25 11:00:29,248 [BlockDeletingService#2] WARN  background.BlockDeletingService (BlockDeletingService.java:isDeletionAllowed(187)) - Close Container log Index 6 is not replicated across allthe servers in the pipeline 4b59a773-7942-4ce0-97fc-75e956cae081 as the min replicated index is 4. Deletion is not allowed in this container yet.
2019-10-25 11:00:29,249 [BlockDeletingService#2] WARN  background.BlockDeletingService (BlockDeletingService.java:isDeletionAllowed(187)) - Close Container log Index 6 is not replicated across allthe servers in the pipeline 4b59a773-7942-4ce0-97fc-75e956cae081 as the min replicated index is 4. Deletion is not allowed in this container yet.
2019-10-25 11:00:29,282 [EventQueue-ContainerReportForContainerReportHandler] WARN  container.ContainerReportHandler (AbstractContainerReportHandler.java:updateContainerState(145)) - Container #1 is in OPEN state, but the datanode ef252736-79c5-4662-a0c7-91e85b60cae7{ip: 192.168.157.233, host: pr-hdds-2359-lls5b-3453883328, networkLocation: /default-rack, certSerialId: null} reports an CLOSED replica.
2019-10-25 11:00:29,296 [EventQueue-ContainerReportForContainerReportHandler] WARN  container.ContainerReportHandler (AbstractContainerReportHandler.java:updateContainerState(145)) - Container #1 is in OPEN state, but the datanode 98a94502-2c87-40a7-b3de-b58821969ff5{ip: 192.168.157.233, host: pr-hdds-2359-lls5b-3453883328, networkLocation: /default-rack, certSerialId: null} reports an CLOSED replica.
2019-10-25 11:00:29,482 [EventQueue-ContainerReportForContainerReportHandler] WARN  container.ContainerReportHandler (AbstractContainerReportHandler.java:updateContainerState(145)) - Container #1 is in OPEN state, but the datanode ef252736-79c5-4662-a0c7-91e85b60cae7{ip: 192.168.157.233, host: pr-hdds-2359-lls5b-3453883328, networkLocation: /default-rack, certSerialId: null} reports an CLOSED replica.
2019-10-25 11:00:29,496 [EventQueue-ContainerReportForContainerReportHandler] WARN  container.ContainerReportHandler (AbstractContainerReportHandler.java:updateContainerState(145)) - Container #1 is in OPEN state, but the datanode 98a94502-2c87-40a7-b3de-b58821969ff5{ip: 192.168.157.233, host: pr-hdds-2359-lls5b-3453883328, networkLocation: /default-rack, certSerialId: null} reports an CLOSED replica.
2019-10-25 11:00:29,782 [EventQueue-ContainerReportForContainerReportHandler] WARN  container.ContainerReportHandler (AbstractContainerReportHandler.java:updateContainerState(145)) - Container #1 is in OPEN state, but the datanode ef252736-79c5-4662-a0c7-91e85b60cae7{ip: 192.168.157.233, host: pr-hdds-2359-lls5b-3453883328, networkLocation: /default-rack, certSerialId: null} reports an CLOSED replica.
2019-10-25 11:00:29,796 [EventQueue-ContainerReportForContainerReportHandler] WARN  container.ContainerReportHandler (AbstractContainerReportHandler.java:updateContainerState(145)) - Container #1 is in OPEN state, but the datanode 98a94502-2c87-40a7-b3de-b58821969ff5{ip: 192.168.157.233, host: pr-hdds-2359-lls5b-3453883328, networkLocation: /default-rack, certSerialId: null} reports an CLOSED replica.
2019-10-25 11:00:30,082 [EventQueue-ContainerReportForContainerReportHandler] WARN  container.ContainerReportHandler (AbstractContainerReportHandler.java:updateContainerState(145)) - Container #1 is in OPEN state, but the datanode ef252736-79c5-4662-a0c7-91e85b60cae7{ip: 192.168.157.233, host: pr-hdds-2359-lls5b-3453883328, networkLocation: /default-rack, certSerialId: null} reports an CLOSED replica.
2019-10-25 11:00:30,152 [Thread-470] INFO  client.GrpcClientProtocolService (GrpcClientProtocolService.java:lambda$processClientRequest$0(278)) - Failed RaftClientRequest:client-E2DCCEC0A424->98a94502-2c87-40a7-b3de-b58821969ff5@group-75E956CAE081, cid=10, seq=0, Watch-ALL_COMMITTED(6), Message:<EMPTY>, reply=RaftClientReply:client-E2DCCEC0A424->98a94502-2c87-40a7-b3de-b58821969ff5@group-75E956CAE081, cid=10, FAILED org.apache.ratis.protocol.NotLeaderException: Server 98a94502-2c87-40a7-b3de-b58821969ff5@group-75E956CAE081 is not the leader ef252736-79c5-4662-a0c7-91e85b60cae7:192.168.157.233:36823, logIndex=0, commits[98a94502-2c87-40a7-b3de-b58821969ff5:c10, ef252736-79c5-4662-a0c7-91e85b60cae7:c10, c661ec13-19db-400c-b7a5-525d9c97029d:c4]
2019-10-25 11:00:30,197 [EventQueue-ContainerReportForContainerReportHandler] WARN  container.ContainerReportHandler (AbstractContainerReportHandler.java:updateContainerState(145)) - Container #1 is in OPEN state, but the datanode 98a94502-2c87-40a7-b3de-b58821969ff5{ip: 192.168.157.233, host: pr-hdds-2359-lls5b-3453883328, networkLocation: /default-rack, certSerialId: null} reports an CLOSED replica.
2019-10-25 11:00:30,249 [BlockDeletingService#2] WARN  background.BlockDeletingService (BlockDeletingService.java:isDeletionAllowed(187)) - Close Container log Index 6 is not replicated across allthe servers in the pipeline 4b59a773-7942-4ce0-97fc-75e956cae081 as the min replicated index is 4. Deletion is not allowed in this container yet.
2019-10-25 11:00:30,251 [BlockDeletingService#2] WARN  background.BlockDeletingService (BlockDeletingService.java:isDeletionAllowed(187)) - Close Container log Index 6 is not replicated across allthe servers in the pipeline 4b59a773-7942-4ce0-97fc-75e956cae081 as the min replicated index is 4. Deletion is not allowed in this container yet.
2019-10-25 11:00:30,482 [EventQueue-ContainerReportForContainerReportHandler] WARN  container.ContainerReportHandler (AbstractContainerReportHandler.java:updateContainerState(145)) - Container #1 is in OPEN state, but the datanode ef252736-79c5-4662-a0c7-91e85b60cae7{ip: 192.168.157.233, host: pr-hdds-2359-lls5b-3453883328, networkLocation: /default-rack, certSerialId: null} reports an CLOSED replica.
2019-10-25 11:00:30,497 [EventQueue-ContainerReportForContainerReportHandler] WARN  container.ContainerReportHandler (AbstractContainerReportHandler.java:updateContainerState(145)) - Container #1 is in OPEN state, but the datanode 98a94502-2c87-40a7-b3de-b58821969ff5{ip: 192.168.157.233, host: pr-hdds-2359-lls5b-3453883328, networkLocation: /default-rack, certSerialId: null} reports an CLOSED replica.
2019-10-25 11:00:30,783 [EventQueue-ContainerReportForContainerReportHandler] WARN  container.ContainerReportHandler (AbstractContainerReportHandler.java:updateContainerState(145)) - Container #1 is in OPEN state, but the datanode ef252736-79c5-4662-a0c7-91e85b60cae7{ip: 192.168.157.233, host: pr-hdds-2359-lls5b-3453883328, networkLocation: /default-rack, certSerialId: null} reports an CLOSED replica.
2019-10-25 11:00:30,797 [EventQueue-ContainerReportForContainerReportHandler] WARN  container.ContainerReportHandler (AbstractContainerReportHandler.java:updateContainerState(145)) - Container #1 is in OPEN state, but the datanode 98a94502-2c87-40a7-b3de-b58821969ff5{ip: 192.168.157.233, host: pr-hdds-2359-lls5b-3453883328, networkLocation: /default-rack, certSerialId: null} reports an CLOSED replica.
2019-10-25 11:00:30,982 [EventQueue-ContainerReportForContainerReportHandler] WARN  container.ContainerReportHandler (AbstractContainerReportHandler.java:updateContainerState(145)) - Container #1 is in OPEN state, but the datanode ef252736-79c5-4662-a0c7-91e85b60cae7{ip: 192.168.157.233, host: pr-hdds-2359-lls5b-3453883328, networkLocation: /default-rack, certSerialId: null} reports an CLOSED replica.
2019-10-25 11:00:31,010 [java.util.concurrent.ThreadPoolExecutor$Worker@6ad81b1e[State = -1, empty queue]] WARN  server.GrpcLogAppender (GrpcLogAppender.java:timeoutAppendRequest(209)) - ef252736-79c5-4662-a0c7-91e85b60cae7@group-75E956CAE081->c661ec13-19db-400c-b7a5-525d9c97029d-GrpcLogAppender: appendEntries Timeout, request=ef252736-79c5-4662-a0c7-91e85b60cae7->c661ec13-19db-400c-b7a5-525d9c97029d#41-t3, previous=(t:3, i:10), leaderCommit=10, initializing? false, entries: <empty>
2019-10-25 11:00:31,101 [EventQueue-ContainerReportForContainerReportHandler] WARN  container.ContainerReportHandler (AbstractContainerReportHandler.java:updateContainerState(145)) - Container #1 is in OPEN state, but the datanode 98a94502-2c87-40a7-b3de-b58821969ff5{ip: 192.168.157.233, host: pr-hdds-2359-lls5b-3453883328, networkLocation: /default-rack, certSerialId: null} reports an CLOSED replica.
2019-10-25 11:00:31,182 [EventQueue-ContainerReportForContainerReportHandler] WARN  container.ContainerReportHandler (AbstractContainerReportHandler.java:updateContainerState(145)) - Container #1 is in OPEN state, but the datanode ef252736-79c5-4662-a0c7-91e85b60cae7{ip: 192.168.157.233, host: pr-hdds-2359-lls5b-3453883328, networkLocation: /default-rack, certSerialId: null} reports an CLOSED replica.
2019-10-25 11:00:31,253 [BlockDeletingService#2] WARN  background.BlockDeletingService (BlockDeletingService.java:isDeletionAllowed(187)) - Close Container log Index 6 is not replicated across allthe servers in the pipeline 4b59a773-7942-4ce0-97fc-75e956cae081 as the min replicated index is 4. Deletion is not allowed in this container yet.
2019-10-25 11:00:31,253 [BlockDeletingService#2] WARN  background.BlockDeletingService (BlockDeletingService.java:isDeletionAllowed(187)) - Close Container log Index 6 is not replicated across allthe servers in the pipeline 4b59a773-7942-4ce0-97fc-75e956cae081 as the min replicated index is 4. Deletion is not allowed in this container yet.
2019-10-25 11:00:31,397 [EventQueue-ContainerReportForContainerReportHandler] WARN  container.ContainerReportHandler (AbstractContainerReportHandler.java:updateContainerState(145)) - Container #1 is in OPEN state, but the datanode 98a94502-2c87-40a7-b3de-b58821969ff5{ip: 192.168.157.233, host: pr-hdds-2359-lls5b-3453883328, networkLocation: /default-rack, certSerialId: null} reports an CLOSED replica.
2019-10-25 11:00:31,483 [EventQueue-ContainerReportForContainerReportHandler] WARN  container.ContainerReportHandler (AbstractContainerReportHandler.java:updateContainerState(145)) - Container #1 is in OPEN state, but the datanode ef252736-79c5-4662-a0c7-91e85b60cae7{ip: 192.168.157.233, host: pr-hdds-2359-lls5b-3453883328, networkLocation: /default-rack, certSerialId: null} reports an CLOSED replica.
2019-10-25 11:00:31,584 [Thread-478] INFO  client.GrpcClientProtocolService (GrpcClientProtocolService.java:lambda$processClientRequest$0(278)) - Failed RaftClientRequest:client-E2DCCEC0A424->ef252736-79c5-4662-a0c7-91e85b60cae7@group-75E956CAE081, cid=10, seq=0, Watch-ALL_COMMITTED(6), Message:<EMPTY>, reply=RaftClientReply:client-E2DCCEC0A424->ef252736-79c5-4662-a0c7-91e85b60cae7@group-75E956CAE081, cid=10, FAILED org.apache.ratis.protocol.NotReplicatedException: Request with call Id 10 and log index 6 is not yet replicated to ALL_COMMITTED, logIndex=6, commits[ef252736-79c5-4662-a0c7-91e85b60cae7:c10, 98a94502-2c87-40a7-b3de-b58821969ff5:c10, c661ec13-19db-400c-b7a5-525d9c97029d:c4]
2019-10-25 11:00:31,598 [EventQueue-ContainerReportForContainerReportHandler] WARN  container.ContainerReportHandler (AbstractContainerReportHandler.java:updateContainerState(145)) - Container #1 is in OPEN state, but the datanode 98a94502-2c87-40a7-b3de-b58821969ff5{ip: 192.168.157.233, host: pr-hdds-2359-lls5b-3453883328, networkLocation: /default-rack, certSerialId: null} reports an CLOSED replica.
2019-10-25 11:00:31,782 [EventQueue-ContainerReportForContainerReportHandler] WARN  container.ContainerReportHandler (AbstractContainerReportHandler.java:updateContainerState(145)) - Container #1 is in OPEN state, but the datanode ef252736-79c5-4662-a0c7-91e85b60cae7{ip: 192.168.157.233, host: pr-hdds-2359-lls5b-3453883328, networkLocation: /default-rack, certSerialId: null} reports an CLOSED replica.
2019-10-25 11:00:31,898 [EventQueue-ContainerReportForContainerReportHandler] WARN  container.ContainerReportHandler (AbstractContainerReportHandler.java:updateContainerState(145)) - Container #1 is in OPEN state, but the datanode 98a94502-2c87-40a7-b3de-b58821969ff5{ip: 192.168.157.233, host: pr-hdds-2359-lls5b-3453883328, networkLocation: /default-rack, certSerialId: null} reports an CLOSED replica.
2019-10-25 11:00:32,082 [EventQueue-ContainerReportForContainerReportHandler] WARN  container.ContainerReportHandler (AbstractContainerReportHandler.java:updateContainerState(145)) - Container #1 is in OPEN state, but the datanode ef252736-79c5-4662-a0c7-91e85b60cae7{ip: 192.168.157.233, host: pr-hdds-2359-lls5b-3453883328, networkLocation: /default-rack, certSerialId: null} reports an CLOSED replica.
2019-10-25 11:00:32,198 [EventQueue-ContainerReportForContainerReportHandler] WARN  container.ContainerReportHandler (AbstractContainerReportHandler.java:updateContainerState(145)) - Container #1 is in OPEN state, but the datanode 98a94502-2c87-40a7-b3de-b58821969ff5{ip: 192.168.157.233, host: pr-hdds-2359-lls5b-3453883328, networkLocation: /default-rack, certSerialId: null} reports an CLOSED replica.
2019-10-25 11:00:32,255 [BlockDeletingService#2] WARN  background.BlockDeletingService (BlockDeletingService.java:isDeletionAllowed(187)) - Close Container log Index 6 is not replicated across allthe servers in the pipeline 4b59a773-7942-4ce0-97fc-75e956cae081 as the min replicated index is 4. Deletion is not allowed in this container yet.
2019-10-25 11:00:32,255 [BlockDeletingService#2] WARN  background.BlockDeletingService (BlockDeletingService.java:isDeletionAllowed(187)) - Close Container log Index 6 is not replicated across allthe servers in the pipeline 4b59a773-7942-4ce0-97fc-75e956cae081 as the min replicated index is 4. Deletion is not allowed in this container yet.
2019-10-25 11:00:32,383 [EventQueue-ContainerReportForContainerReportHandler] WARN  container.ContainerReportHandler (AbstractContainerReportHandler.java:updateContainerState(145)) - Container #1 is in OPEN state, but the datanode ef252736-79c5-4662-a0c7-91e85b60cae7{ip: 192.168.157.233, host: pr-hdds-2359-lls5b-3453883328, networkLocation: /default-rack, certSerialId: null} reports an CLOSED replica.
2019-10-25 11:00:32,498 [EventQueue-ContainerReportForContainerReportHandler] WARN  container.ContainerReportHandler (AbstractContainerReportHandler.java:updateContainerState(145)) - Container #1 is in OPEN state, but the datanode 98a94502-2c87-40a7-b3de-b58821969ff5{ip: 192.168.157.233, host: pr-hdds-2359-lls5b-3453883328, networkLocation: /default-rack, certSerialId: null} reports an CLOSED replica.
2019-10-25 11:00:32,684 [EventQueue-ContainerReportForContainerReportHandler] WARN  container.ContainerReportHandler (AbstractContainerReportHandler.java:updateContainerState(145)) - Container #1 is in OPEN state, but the datanode ef252736-79c5-4662-a0c7-91e85b60cae7{ip: 192.168.157.233, host: pr-hdds-2359-lls5b-3453883328, networkLocation: /default-rack, certSerialId: null} reports an CLOSED replica.
2019-10-25 11:00:32,799 [EventQueue-ContainerReportForContainerReportHandler] WARN  container.ContainerReportHandler (AbstractContainerReportHandler.java:updateContainerState(145)) - Container #1 is in OPEN state, but the datanode 98a94502-2c87-40a7-b3de-b58821969ff5{ip: 192.168.157.233, host: pr-hdds-2359-lls5b-3453883328, networkLocation: /default-rack, certSerialId: null} reports an CLOSED replica.
2019-10-25 11:00:32,984 [EventQueue-ContainerReportForContainerReportHandler] WARN  container.ContainerReportHandler (AbstractContainerReportHandler.java:updateContainerState(145)) - Container #1 is in OPEN state, but the datanode ef252736-79c5-4662-a0c7-91e85b60cae7{ip: 192.168.157.233, host: pr-hdds-2359-lls5b-3453883328, networkLocation: /default-rack, certSerialId: null} reports an CLOSED replica.
2019-10-25 11:00:32,999 [EventQueue-ContainerReportForContainerReportHandler] WARN  container.ContainerReportHandler (AbstractContainerReportHandler.java:updateContainerState(145)) - Container #1 is in OPEN state, but the datanode 98a94502-2c87-40a7-b3de-b58821969ff5{ip: 192.168.157.233, host: pr-hdds-2359-lls5b-3453883328, networkLocation: /default-rack, certSerialId: null} reports an CLOSED replica.
2019-10-25 11:00:33,184 [EventQueue-ContainerReportForContainerReportHandler] WARN  container.ContainerReportHandler (AbstractContainerReportHandler.java:updateContainerState(145)) - Container #1 is in OPEN state, but the datanode ef252736-79c5-4662-a0c7-91e85b60cae7{ip: 192.168.157.233, host: pr-hdds-2359-lls5b-3453883328, networkLocation: /default-rack, certSerialId: null} reports an CLOSED replica.
2019-10-25 11:00:33,199 [EventQueue-ContainerReportForContainerReportHandler] WARN  container.ContainerReportHandler (AbstractContainerReportHandler.java:updateContainerState(145)) - Container #1 is in OPEN state, but the datanode 98a94502-2c87-40a7-b3de-b58821969ff5{ip: 192.168.157.233, host: pr-hdds-2359-lls5b-3453883328, networkLocation: /default-rack, certSerialId: null} reports an CLOSED replica.
2019-10-25 11:00:33,257 [BlockDeletingService#2] WARN  background.BlockDeletingService (BlockDeletingService.java:isDeletionAllowed(187)) - Close Container log Index 6 is not replicated across allthe servers in the pipeline 4b59a773-7942-4ce0-97fc-75e956cae081 as the min replicated index is 4. Deletion is not allowed in this container yet.
2019-10-25 11:00:33,257 [BlockDeletingService#2] WARN  background.BlockDeletingService (BlockDeletingService.java:isDeletionAllowed(187)) - Close Container log Index 6 is not replicated across allthe servers in the pipeline 4b59a773-7942-4ce0-97fc-75e956cae081 as the min replicated index is 4. Deletion is not allowed in this container yet.
2019-10-25 11:00:33,499 [EventQueue-ContainerReportForContainerReportHandler] WARN  container.ContainerReportHandler (AbstractContainerReportHandler.java:updateContainerState(145)) - Container #1 is in OPEN state, but the datanode 98a94502-2c87-40a7-b3de-b58821969ff5{ip: 192.168.157.233, host: pr-hdds-2359-lls5b-3453883328, networkLocation: /default-rack, certSerialId: null} reports an CLOSED replica.
2019-10-25 11:00:33,511 [java.util.concurrent.ThreadPoolExecutor$Worker@6ad81b1e[State = -1, empty queue]] WARN  server.GrpcLogAppender (GrpcLogAppender.java:timeoutAppendRequest(209)) - ef252736-79c5-4662-a0c7-91e85b60cae7@group-75E956CAE081->c661ec13-19db-400c-b7a5-525d9c97029d-GrpcLogAppender: appendEntries Timeout, request=ef252736-79c5-4662-a0c7-91e85b60cae7->c661ec13-19db-400c-b7a5-525d9c97029d#42-t3, previous=(t:3, i:10), leaderCommit=10, initializing? false, entries: <empty>
2019-10-25 11:00:33,584 [EventQueue-ContainerReportForContainerReportHandler] WARN  container.ContainerReportHandler (AbstractContainerReportHandler.java:updateContainerState(145)) - Container #1 is in OPEN state, but the datanode ef252736-79c5-4662-a0c7-91e85b60cae7{ip: 192.168.157.233, host: pr-hdds-2359-lls5b-3453883328, networkLocation: /default-rack, certSerialId: null} reports an CLOSED replica.
2019-10-25 11:00:33,699 [EventQueue-ContainerReportForContainerReportHandler] WARN  container.ContainerReportHandler (AbstractContainerReportHandler.java:updateContainerState(145)) - Container #1 is in OPEN state, but the datanode 98a94502-2c87-40a7-b3de-b58821969ff5{ip: 192.168.157.233, host: pr-hdds-2359-lls5b-3453883328, networkLocation: /default-rack, certSerialId: null} reports an CLOSED replica.
2019-10-25 11:00:33,885 [EventQueue-ContainerReportForContainerReportHandler] WARN  container.ContainerReportHandler (AbstractContainerReportHandler.java:updateContainerState(145)) - Container #1 is in OPEN state, but the datanode ef252736-79c5-4662-a0c7-91e85b60cae7{ip: 192.168.157.233, host: pr-hdds-2359-lls5b-3453883328, networkLocation: /default-rack, certSerialId: null} reports an CLOSED replica.
2019-10-25 11:00:33,999 [EventQueue-ContainerReportForContainerReportHandler] WARN  container.ContainerReportHandler (AbstractContainerReportHandler.java:updateContainerState(145)) - Container #1 is in OPEN state, but the datanode 98a94502-2c87-40a7-b3de-b58821969ff5{ip: 192.168.157.233, host: pr-hdds-2359-lls5b-3453883328, networkLocation: /default-rack, certSerialId: null} reports an CLOSED replica.
2019-10-25 11:00:34,185 [EventQueue-ContainerReportForContainerReportHandler] WARN  container.ContainerReportHandler (AbstractContainerReportHandler.java:updateContainerState(145)) - Container #1 is in OPEN state, but the datanode ef252736-79c5-4662-a0c7-91e85b60cae7{ip: 192.168.157.233, host: pr-hdds-2359-lls5b-3453883328, networkLocation: /default-rack, certSerialId: null} reports an CLOSED replica.
2019-10-25 11:00:34,199 [EventQueue-ContainerReportForContainerReportHandler] WARN  container.ContainerReportHandler (AbstractContainerReportHandler.java:updateContainerState(145)) - Container #1 is in OPEN state, but the datanode 98a94502-2c87-40a7-b3de-b58821969ff5{ip: 192.168.157.233, host: pr-hdds-2359-lls5b-3453883328, networkLocation: /default-rack, certSerialId: null} reports an CLOSED replica.
2019-10-25 11:00:34,258 [BlockDeletingService#2] WARN  background.BlockDeletingService (BlockDeletingService.java:isDeletionAllowed(187)) - Close Container log Index 6 is not replicated across allthe servers in the pipeline 4b59a773-7942-4ce0-97fc-75e956cae081 as the min replicated index is 4. Deletion is not allowed in this container yet.
2019-10-25 11:00:34,258 [BlockDeletingService#2] WARN  background.BlockDeletingService (BlockDeletingService.java:isDeletionAllowed(187)) - Close Container log Index 6 is not replicated across allthe servers in the pipeline 4b59a773-7942-4ce0-97fc-75e956cae081 as the min replicated index is 4. Deletion is not allowed in this container yet.
2019-10-25 11:00:34,485 [EventQueue-ContainerReportForContainerReportHandler] WARN  container.ContainerReportHandler (AbstractContainerReportHandler.java:updateContainerState(145)) - Container #1 is in OPEN state, but the datanode ef252736-79c5-4662-a0c7-91e85b60cae7{ip: 192.168.157.233, host: pr-hdds-2359-lls5b-3453883328, networkLocation: /default-rack, certSerialId: null} reports an CLOSED replica.
2019-10-25 11:00:34,599 [EventQueue-ContainerReportForContainerReportHandler] WARN  container.ContainerReportHandler (AbstractContainerReportHandler.java:updateContainerState(145)) - Container #1 is in OPEN state, but the datanode 98a94502-2c87-40a7-b3de-b58821969ff5{ip: 192.168.157.233, host: pr-hdds-2359-lls5b-3453883328, networkLocation: /default-rack, certSerialId: null} reports an CLOSED replica.
2019-10-25 11:00:34,785 [EventQueue-ContainerReportForContainerReportHandler] WARN  container.ContainerReportHandler (AbstractContainerReportHandler.java:updateContainerState(145)) - Container #1 is in OPEN state, but the datanode ef252736-79c5-4662-a0c7-91e85b60cae7{ip: 192.168.157.233, host: pr-hdds-2359-lls5b-3453883328, networkLocation: /default-rack, certSerialId: null} reports an CLOSED replica.
2019-10-25 11:00:34,901 [EventQueue-ContainerReportForContainerReportHandler] WARN  container.ContainerReportHandler (AbstractContainerReportHandler.java:updateContainerState(145)) - Container #1 is in OPEN state, but the datanode 98a94502-2c87-40a7-b3de-b58821969ff5{ip: 192.168.157.233, host: pr-hdds-2359-lls5b-3453883328, networkLocation: /default-rack, certSerialId: null} reports an CLOSED replica.
2019-10-25 11:00:35,085 [EventQueue-ContainerReportForContainerReportHandler] WARN  container.ContainerReportHandler (AbstractContainerReportHandler.java:updateContainerState(145)) - Container #1 is in OPEN state, but the datanode ef252736-79c5-4662-a0c7-91e85b60cae7{ip: 192.168.157.233, host: pr-hdds-2359-lls5b-3453883328, networkLocation: /default-rack, certSerialId: null} reports an CLOSED replica.
2019-10-25 11:00:35,260 [BlockDeletingService#2] WARN  background.BlockDeletingService (BlockDeletingService.java:isDeletionAllowed(187)) - Close Container log Index 6 is not replicated across allthe servers in the pipeline 4b59a773-7942-4ce0-97fc-75e956cae081 as the min replicated index is 4. Deletion is not allowed in this container yet.
2019-10-25 11:00:35,260 [BlockDeletingService#2] WARN  background.BlockDeletingService (BlockDeletingService.java:isDeletionAllowed(187)) - Close Container log Index 6 is not replicated across allthe servers in the pipeline 4b59a773-7942-4ce0-97fc-75e956cae081 as the min replicated index is 4. Deletion is not allowed in this container yet.
2019-10-25 11:00:35,301 [EventQueue-ContainerReportForContainerReportHandler] WARN  container.ContainerReportHandler (AbstractContainerReportHandler.java:updateContainerState(145)) - Container #1 is in OPEN state, but the datanode 98a94502-2c87-40a7-b3de-b58821969ff5{ip: 192.168.157.233, host: pr-hdds-2359-lls5b-3453883328, networkLocation: /default-rack, certSerialId: null} reports an CLOSED replica.
2019-10-25 11:00:35,485 [EventQueue-ContainerReportForContainerReportHandler] WARN  container.ContainerReportHandler (AbstractContainerReportHandler.java:updateContainerState(145)) - Container #1 is in OPEN state, but the datanode ef252736-79c5-4662-a0c7-91e85b60cae7{ip: 192.168.157.233, host: pr-hdds-2359-lls5b-3453883328, networkLocation: /default-rack, certSerialId: null} reports an CLOSED replica.
2019-10-25 11:00:35,702 [EventQueue-ContainerReportForContainerReportHandler] WARN  container.ContainerReportHandler (AbstractContainerReportHandler.java:updateContainerState(145)) - Container #1 is in OPEN state, but the datanode 98a94502-2c87-40a7-b3de-b58821969ff5{ip: 192.168.157.233, host: pr-hdds-2359-lls5b-3453883328, networkLocation: /default-rack, certSerialId: null} reports an CLOSED replica.
2019-10-25 11:00:35,885 [EventQueue-ContainerReportForContainerReportHandler] WARN  container.ContainerReportHandler (AbstractContainerReportHandler.java:updateContainerState(145)) - Container #1 is in OPEN state, but the datanode ef252736-79c5-4662-a0c7-91e85b60cae7{ip: 192.168.157.233, host: pr-hdds-2359-lls5b-3453883328, networkLocation: /default-rack, certSerialId: null} reports an CLOSED replica.
2019-10-25 11:00:36,003 [EventQueue-ContainerReportForContainerReportHandler] WARN  container.ContainerReportHandler (AbstractContainerReportHandler.java:updateContainerState(145)) - Container #1 is in OPEN state, but the datanode 98a94502-2c87-40a7-b3de-b58821969ff5{ip: 192.168.157.233, host: pr-hdds-2359-lls5b-3453883328, networkLocation: /default-rack, certSerialId: null} reports an CLOSED replica.
2019-10-25 11:00:36,011 [java.util.concurrent.ThreadPoolExecutor$Worker@6ad81b1e[State = -1, empty queue]] WARN  server.GrpcLogAppender (GrpcLogAppender.java:timeoutAppendRequest(209)) - ef252736-79c5-4662-a0c7-91e85b60cae7@group-75E956CAE081->c661ec13-19db-400c-b7a5-525d9c97029d-GrpcLogAppender: appendEntries Timeout, request=ef252736-79c5-4662-a0c7-91e85b60cae7->c661ec13-19db-400c-b7a5-525d9c97029d#43-t3, previous=(t:3, i:10), leaderCommit=10, initializing? false, entries: <empty>
2019-10-25 11:00:36,186 [EventQueue-ContainerReportForContainerReportHandler] WARN  container.ContainerReportHandler (AbstractContainerReportHandler.java:updateContainerState(145)) - Container #1 is in OPEN state, but the datanode ef252736-79c5-4662-a0c7-91e85b60cae7{ip: 192.168.157.233, host: pr-hdds-2359-lls5b-3453883328, networkLocation: /default-rack, certSerialId: null} reports an CLOSED replica.
2019-10-25 11:00:36,261 [BlockDeletingService#2] WARN  background.BlockDeletingService (BlockDeletingService.java:isDeletionAllowed(187)) - Close Container log Index 6 is not replicated across allthe servers in the pipeline 4b59a773-7942-4ce0-97fc-75e956cae081 as the min replicated index is 4. Deletion is not allowed in this container yet.
2019-10-25 11:00:36,261 [BlockDeletingService#2] WARN  background.BlockDeletingService (BlockDeletingService.java:isDeletionAllowed(187)) - Close Container log Index 6 is not replicated across allthe servers in the pipeline 4b59a773-7942-4ce0-97fc-75e956cae081 as the min replicated index is 4. Deletion is not allowed in this container yet.
2019-10-25 11:00:36,386 [EventQueue-ContainerReportForContainerReportHandler] WARN  container.ContainerReportHandler (AbstractContainerReportHandler.java:updateContainerState(145)) - Container #1 is in OPEN state, but the datanode ef252736-79c5-4662-a0c7-91e85b60cae7{ip: 192.168.157.233, host: pr-hdds-2359-lls5b-3453883328, networkLocation: /default-rack, certSerialId: null} reports an CLOSED replica.
2019-10-25 11:00:36,403 [EventQueue-ContainerReportForContainerReportHandler] WARN  container.ContainerReportHandler (AbstractContainerReportHandler.java:updateContainerState(145)) - Container #1 is in OPEN state, but the datanode 98a94502-2c87-40a7-b3de-b58821969ff5{ip: 192.168.157.233, host: pr-hdds-2359-lls5b-3453883328, networkLocation: /default-rack, certSerialId: null} reports an CLOSED replica.
2019-10-25 11:00:36,585 [EventQueue-ContainerReportForContainerReportHandler] WARN  container.ContainerReportHandler (AbstractContainerReportHandler.java:updateContainerState(145)) - Container #1 is in OPEN state, but the datanode ef252736-79c5-4662-a0c7-91e85b60cae7{ip: 192.168.157.233, host: pr-hdds-2359-lls5b-3453883328, networkLocation: /default-rack, certSerialId: null} reports an CLOSED replica.
2019-10-25 11:00:36,804 [EventQueue-ContainerReportForContainerReportHandler] WARN  container.ContainerReportHandler (AbstractContainerReportHandler.java:updateContainerState(145)) - Container #1 is in OPEN state, but the datanode 98a94502-2c87-40a7-b3de-b58821969ff5{ip: 192.168.157.233, host: pr-hdds-2359-lls5b-3453883328, networkLocation: /default-rack, certSerialId: null} reports an CLOSED replica.
2019-10-25 11:00:36,985 [EventQueue-ContainerReportForContainerReportHandler] WARN  container.ContainerReportHandler (AbstractContainerReportHandler.java:updateContainerState(145)) - Container #1 is in OPEN state, but the datanode ef252736-79c5-4662-a0c7-91e85b60cae7{ip: 192.168.157.233, host: pr-hdds-2359-lls5b-3453883328, networkLocation: /default-rack, certSerialId: null} reports an CLOSED replica.
2019-10-25 11:00:37,004 [EventQueue-ContainerReportForContainerReportHandler] WARN  container.ContainerReportHandler (AbstractContainerReportHandler.java:updateContainerState(145)) - Container #1 is in OPEN state, but the datanode 98a94502-2c87-40a7-b3de-b58821969ff5{ip: 192.168.157.233, host: pr-hdds-2359-lls5b-3453883328, networkLocation: /default-rack, certSerialId: null} reports an CLOSED replica.
2019-10-25 11:00:37,186 [EventQueue-ContainerReportForContainerReportHandler] WARN  container.ContainerReportHandler (AbstractContainerReportHandler.java:updateContainerState(145)) - Container #1 is in OPEN state, but the datanode ef252736-79c5-4662-a0c7-91e85b60cae7{ip: 192.168.157.233, host: pr-hdds-2359-lls5b-3453883328, networkLocation: /default-rack, certSerialId: null} reports an CLOSED replica.
2019-10-25 11:00:37,263 [BlockDeletingService#2] WARN  background.BlockDeletingService (BlockDeletingService.java:isDeletionAllowed(187)) - Close Container log Index 6 is not replicated across allthe servers in the pipeline 4b59a773-7942-4ce0-97fc-75e956cae081 as the min replicated index is 4. Deletion is not allowed in this container yet.
2019-10-25 11:00:37,263 [BlockDeletingService#2] WARN  background.BlockDeletingService (BlockDeletingService.java:isDeletionAllowed(187)) - Close Container log Index 6 is not replicated across allthe servers in the pipeline 4b59a773-7942-4ce0-97fc-75e956cae081 as the min replicated index is 4. Deletion is not allowed in this container yet.
2019-10-25 11:00:37,405 [EventQueue-ContainerReportForContainerReportHandler] WARN  container.ContainerReportHandler (AbstractContainerReportHandler.java:updateContainerState(145)) - Container #1 is in OPEN state, but the datanode 98a94502-2c87-40a7-b3de-b58821969ff5{ip: 192.168.157.233, host: pr-hdds-2359-lls5b-3453883328, networkLocation: /default-rack, certSerialId: null} reports an CLOSED replica.
2019-10-25 11:00:37,488 [EventQueue-ContainerReportForContainerReportHandler] WARN  container.ContainerReportHandler (AbstractContainerReportHandler.java:updateContainerState(145)) - Container #1 is in OPEN state, but the datanode ef252736-79c5-4662-a0c7-91e85b60cae7{ip: 192.168.157.233, host: pr-hdds-2359-lls5b-3453883328, networkLocation: /default-rack, certSerialId: null} reports an CLOSED replica.
2019-10-25 11:00:37,788 [EventQueue-ContainerReportForContainerReportHandler] WARN  container.ContainerReportHandler (AbstractContainerReportHandler.java:updateContainerState(145)) - Container #1 is in OPEN state, but the datanode ef252736-79c5-4662-a0c7-91e85b60cae7{ip: 192.168.157.233, host: pr-hdds-2359-lls5b-3453883328, networkLocation: /default-rack, certSerialId: null} reports an CLOSED replica.
2019-10-25 11:00:37,806 [EventQueue-ContainerReportForContainerReportHandler] WARN  container.ContainerReportHandler (AbstractContainerReportHandler.java:updateContainerState(145)) - Container #1 is in OPEN state, but the datanode 98a94502-2c87-40a7-b3de-b58821969ff5{ip: 192.168.157.233, host: pr-hdds-2359-lls5b-3453883328, networkLocation: /default-rack, certSerialId: null} reports an CLOSED replica.
2019-10-25 11:00:38,007 [EventQueue-ContainerReportForContainerReportHandler] WARN  container.ContainerReportHandler (AbstractContainerReportHandler.java:updateContainerState(145)) - Container #1 is in OPEN state, but the datanode 98a94502-2c87-40a7-b3de-b58821969ff5{ip: 192.168.157.233, host: pr-hdds-2359-lls5b-3453883328, networkLocation: /default-rack, certSerialId: null} reports an CLOSED replica.
2019-10-25 11:00:38,188 [EventQueue-ContainerReportForContainerReportHandler] WARN  container.ContainerReportHandler (AbstractContainerReportHandler.java:updateContainerState(145)) - Container #1 is in OPEN state, but the datanode ef252736-79c5-4662-a0c7-91e85b60cae7{ip: 192.168.157.233, host: pr-hdds-2359-lls5b-3453883328, networkLocation: /default-rack, certSerialId: null} reports an CLOSED replica.
2019-10-25 11:00:38,207 [EventQueue-ContainerReportForContainerReportHandler] WARN  container.ContainerReportHandler (AbstractContainerReportHandler.java:updateContainerState(145)) - Container #1 is in OPEN state, but the datanode 98a94502-2c87-40a7-b3de-b58821969ff5{ip: 192.168.157.233, host: pr-hdds-2359-lls5b-3453883328, networkLocation: /default-rack, certSerialId: null} reports an CLOSED replica.
2019-10-25 11:00:38,264 [BlockDeletingService#2] WARN  background.BlockDeletingService (BlockDeletingService.java:isDeletionAllowed(187)) - Close Container log Index 6 is not replicated across allthe servers in the pipeline 4b59a773-7942-4ce0-97fc-75e956cae081 as the min replicated index is 4. Deletion is not allowed in this container yet.
2019-10-25 11:00:38,264 [BlockDeletingService#2] WARN  background.BlockDeletingService (BlockDeletingService.java:isDeletionAllowed(187)) - Close Container log Index 6 is not replicated across allthe servers in the pipeline 4b59a773-7942-4ce0-97fc-75e956cae081 as the min replicated index is 4. Deletion is not allowed in this container yet.
2019-10-25 11:00:38,407 [EventQueue-ContainerReportForContainerReportHandler] WARN  container.ContainerReportHandler (AbstractContainerReportHandler.java:updateContainerState(145)) - Container #1 is in OPEN state, but the datanode 98a94502-2c87-40a7-b3de-b58821969ff5{ip: 192.168.157.233, host: pr-hdds-2359-lls5b-3453883328, networkLocation: /default-rack, certSerialId: null} reports an CLOSED replica.
2019-10-25 11:00:38,488 [EventQueue-ContainerReportForContainerReportHandler] WARN  container.ContainerReportHandler (AbstractContainerReportHandler.java:updateContainerState(145)) - Container #1 is in OPEN state, but the datanode ef252736-79c5-4662-a0c7-91e85b60cae7{ip: 192.168.157.233, host: pr-hdds-2359-lls5b-3453883328, networkLocation: /default-rack, certSerialId: null} reports an CLOSED replica.
2019-10-25 11:00:38,512 [java.util.concurrent.ThreadPoolExecutor$Worker@6ad81b1e[State = -1, empty queue]] WARN  server.GrpcLogAppender (GrpcLogAppender.java:timeoutAppendRequest(209)) - ef252736-79c5-4662-a0c7-91e85b60cae7@group-75E956CAE081->c661ec13-19db-400c-b7a5-525d9c97029d-GrpcLogAppender: appendEntries Timeout, request=ef252736-79c5-4662-a0c7-91e85b60cae7->c661ec13-19db-400c-b7a5-525d9c97029d#44-t3, previous=(t:3, i:10), leaderCommit=10, initializing? false, entries: <empty>
2019-10-25 11:00:38,607 [EventQueue-ContainerReportForContainerReportHandler] WARN  container.ContainerReportHandler (AbstractContainerReportHandler.java:updateContainerState(145)) - Container #1 is in OPEN state, but the datanode 98a94502-2c87-40a7-b3de-b58821969ff5{ip: 192.168.157.233, host: pr-hdds-2359-lls5b-3453883328, networkLocation: /default-rack, certSerialId: null} reports an CLOSED replica.
2019-10-25 11:00:38,788 [EventQueue-ContainerReportForContainerReportHandler] WARN  container.ContainerReportHandler (AbstractContainerReportHandler.java:updateContainerState(145)) - Container #1 is in OPEN state, but the datanode ef252736-79c5-4662-a0c7-91e85b60cae7{ip: 192.168.157.233, host: pr-hdds-2359-lls5b-3453883328, networkLocation: /default-rack, certSerialId: null} reports an CLOSED replica.
2019-10-25 11:00:38,807 [EventQueue-ContainerReportForContainerReportHandler] WARN  container.ContainerReportHandler (AbstractContainerReportHandler.java:updateContainerState(145)) - Container #1 is in OPEN state, but the datanode 98a94502-2c87-40a7-b3de-b58821969ff5{ip: 192.168.157.233, host: pr-hdds-2359-lls5b-3453883328, networkLocation: /default-rack, certSerialId: null} reports an CLOSED replica.
2019-10-25 11:00:38,988 [EventQueue-ContainerReportForContainerReportHandler] WARN  container.ContainerReportHandler (AbstractContainerReportHandler.java:updateContainerState(145)) - Container #1 is in OPEN state, but the datanode ef252736-79c5-4662-a0c7-91e85b60cae7{ip: 192.168.157.233, host: pr-hdds-2359-lls5b-3453883328, networkLocation: /default-rack, certSerialId: null} reports an CLOSED replica.
2019-10-25 11:00:39,208 [EventQueue-ContainerReportForContainerReportHandler] WARN  container.ContainerReportHandler (AbstractContainerReportHandler.java:updateContainerState(145)) - Container #1 is in OPEN state, but the datanode 98a94502-2c87-40a7-b3de-b58821969ff5{ip: 192.168.157.233, host: pr-hdds-2359-lls5b-3453883328, networkLocation: /default-rack, certSerialId: null} reports an CLOSED replica.
2019-10-25 11:00:39,265 [BlockDeletingService#2] WARN  background.BlockDeletingService (BlockDeletingService.java:isDeletionAllowed(187)) - Close Container log Index 6 is not replicated across allthe servers in the pipeline 4b59a773-7942-4ce0-97fc-75e956cae081 as the min replicated index is 4. Deletion is not allowed in this container yet.
2019-10-25 11:00:39,265 [BlockDeletingService#2] WARN  background.BlockDeletingService (BlockDeletingService.java:isDeletionAllowed(187)) - Close Container log Index 6 is not replicated across allthe servers in the pipeline 4b59a773-7942-4ce0-97fc-75e956cae081 as the min replicated index is 4. Deletion is not allowed in this container yet.
2019-10-25 11:00:39,389 [EventQueue-ContainerReportForContainerReportHandler] WARN  container.ContainerReportHandler (AbstractContainerReportHandler.java:updateContainerState(145)) - Container #1 is in OPEN state, but the datanode ef252736-79c5-4662-a0c7-91e85b60cae7{ip: 192.168.157.233, host: pr-hdds-2359-lls5b-3453883328, networkLocation: /default-rack, certSerialId: null} reports an CLOSED replica.
2019-10-25 11:00:39,408 [EventQueue-ContainerReportForContainerReportHandler] WARN  container.ContainerReportHandler (AbstractContainerReportHandler.java:updateContainerState(145)) - Container #1 is in OPEN state, but the datanode 98a94502-2c87-40a7-b3de-b58821969ff5{ip: 192.168.157.233, host: pr-hdds-2359-lls5b-3453883328, networkLocation: /default-rack, certSerialId: null} reports an CLOSED replica.
2019-10-25 11:00:39,689 [EventQueue-ContainerReportForContainerReportHandler] WARN  container.ContainerReportHandler (AbstractContainerReportHandler.java:updateContainerState(145)) - Container #1 is in OPEN state, but the datanode ef252736-79c5-4662-a0c7-91e85b60cae7{ip: 192.168.157.233, host: pr-hdds-2359-lls5b-3453883328, networkLocation: /default-rack, certSerialId: null} reports an CLOSED replica.
2019-10-25 11:00:39,810 [EventQueue-ContainerReportForContainerReportHandler] WARN  container.ContainerReportHandler (AbstractContainerReportHandler.java:updateContainerState(145)) - Container #1 is in OPEN state, but the datanode 98a94502-2c87-40a7-b3de-b58821969ff5{ip: 192.168.157.233, host: pr-hdds-2359-lls5b-3453883328, networkLocation: /default-rack, certSerialId: null} reports an CLOSED replica.
2019-10-25 11:00:40,090 [EventQueue-ContainerReportForContainerReportHandler] WARN  container.ContainerReportHandler (AbstractContainerReportHandler.java:updateContainerState(145)) - Container #1 is in OPEN state, but the datanode ef252736-79c5-4662-a0c7-91e85b60cae7{ip: 192.168.157.233, host: pr-hdds-2359-lls5b-3453883328, networkLocation: /default-rack, certSerialId: null} reports an CLOSED replica.
2019-10-25 11:00:40,109 [EventQueue-ContainerReportForContainerReportHandler] WARN  container.ContainerReportHandler (AbstractContainerReportHandler.java:updateContainerState(145)) - Container #1 is in OPEN state, but the datanode 98a94502-2c87-40a7-b3de-b58821969ff5{ip: 192.168.157.233, host: pr-hdds-2359-lls5b-3453883328, networkLocation: /default-rack, certSerialId: null} reports an CLOSED replica.
2019-10-25 11:00:40,266 [BlockDeletingService#2] WARN  background.BlockDeletingService (BlockDeletingService.java:isDeletionAllowed(187)) - Close Container log Index 6 is not replicated across allthe servers in the pipeline 4b59a773-7942-4ce0-97fc-75e956cae081 as the min replicated index is 4. Deletion is not allowed in this container yet.
2019-10-25 11:00:40,267 [BlockDeletingService#2] WARN  background.BlockDeletingService (BlockDeletingService.java:isDeletionAllowed(187)) - Close Container log Index 6 is not replicated across allthe servers in the pipeline 4b59a773-7942-4ce0-97fc-75e956cae081 as the min replicated index is 4. Deletion is not allowed in this container yet.
2019-10-25 11:00:40,390 [EventQueue-ContainerReportForContainerReportHandler] WARN  container.ContainerReportHandler (AbstractContainerReportHandler.java:updateContainerState(145)) - Container #1 is in OPEN state, but the datanode ef252736-79c5-4662-a0c7-91e85b60cae7{ip: 192.168.157.233, host: pr-hdds-2359-lls5b-3453883328, networkLocation: /default-rack, certSerialId: null} reports an CLOSED replica.
2019-10-25 11:00:40,410 [EventQueue-ContainerReportForContainerReportHandler] WARN  container.ContainerReportHandler (AbstractContainerReportHandler.java:updateContainerState(145)) - Container #1 is in OPEN state, but the datanode 98a94502-2c87-40a7-b3de-b58821969ff5{ip: 192.168.157.233, host: pr-hdds-2359-lls5b-3453883328, networkLocation: /default-rack, certSerialId: null} reports an CLOSED replica.
2019-10-25 11:00:40,584 [Thread-504] INFO  client.GrpcClientProtocolService (GrpcClientProtocolService.java:lambda$processClientRequest$0(278)) - Failed RaftClientRequest:client-E2DCCEC0A424->ef252736-79c5-4662-a0c7-91e85b60cae7@group-75E956CAE081, cid=10, seq=0, Watch-ALL_COMMITTED(6), Message:<EMPTY>, reply=RaftClientReply:client-E2DCCEC0A424->ef252736-79c5-4662-a0c7-91e85b60cae7@group-75E956CAE081, cid=10, FAILED org.apache.ratis.protocol.NotReplicatedException: Request with call Id 10 and log index 6 is not yet replicated to ALL_COMMITTED, logIndex=6, commits[ef252736-79c5-4662-a0c7-91e85b60cae7:c10, 98a94502-2c87-40a7-b3de-b58821969ff5:c10, c661ec13-19db-400c-b7a5-525d9c97029d:c4]
2019-10-25 11:00:40,690 [EventQueue-ContainerReportForContainerReportHandler] WARN  container.ContainerReportHandler (AbstractContainerReportHandler.java:updateContainerState(145)) - Container #1 is in OPEN state, but the datanode ef252736-79c5-4662-a0c7-91e85b60cae7{ip: 192.168.157.233, host: pr-hdds-2359-lls5b-3453883328, networkLocation: /default-rack, certSerialId: null} reports an CLOSED replica.
2019-10-25 11:00:40,710 [EventQueue-ContainerReportForContainerReportHandler] WARN  container.ContainerReportHandler (AbstractContainerReportHandler.java:updateContainerState(145)) - Container #1 is in OPEN state, but the datanode 98a94502-2c87-40a7-b3de-b58821969ff5{ip: 192.168.157.233, host: pr-hdds-2359-lls5b-3453883328, networkLocation: /default-rack, certSerialId: null} reports an CLOSED replica.
2019-10-25 11:00:40,894 [EventQueue-ContainerReportForContainerReportHandler] WARN  container.ContainerReportHandler (AbstractContainerReportHandler.java:updateContainerState(145)) - Container #1 is in OPEN state, but the datanode ef252736-79c5-4662-a0c7-91e85b60cae7{ip: 192.168.157.233, host: pr-hdds-2359-lls5b-3453883328, networkLocation: /default-rack, certSerialId: null} reports an CLOSED replica.
2019-10-25 11:00:41,010 [EventQueue-ContainerReportForContainerReportHandler] WARN  container.ContainerReportHandler (AbstractContainerReportHandler.java:updateContainerState(145)) - Container #1 is in OPEN state, but the datanode 98a94502-2c87-40a7-b3de-b58821969ff5{ip: 192.168.157.233, host: pr-hdds-2359-lls5b-3453883328, networkLocation: /default-rack, certSerialId: null} reports an CLOSED replica.
2019-10-25 11:00:41,012 [java.util.concurrent.ThreadPoolExecutor$Worker@6ad81b1e[State = -1, empty queue]] WARN  server.GrpcLogAppender (GrpcLogAppender.java:timeoutAppendRequest(209)) - ef252736-79c5-4662-a0c7-91e85b60cae7@group-75E956CAE081->c661ec13-19db-400c-b7a5-525d9c97029d-GrpcLogAppender: appendEntries Timeout, request=ef252736-79c5-4662-a0c7-91e85b60cae7->c661ec13-19db-400c-b7a5-525d9c97029d#45-t3, previous=(t:3, i:10), leaderCommit=10, initializing? false, entries: <empty>
2019-10-25 11:00:41,094 [EventQueue-ContainerReportForContainerReportHandler] WARN  container.ContainerReportHandler (AbstractContainerReportHandler.java:updateContainerState(145)) - Container #1 is in OPEN state, but the datanode ef252736-79c5-4662-a0c7-91e85b60cae7{ip: 192.168.157.233, host: pr-hdds-2359-lls5b-3453883328, networkLocation: /default-rack, certSerialId: null} reports an CLOSED replica.
2019-10-25 11:00:41,269 [BlockDeletingService#2] WARN  background.BlockDeletingService (BlockDeletingService.java:isDeletionAllowed(187)) - Close Container log Index 6 is not replicated across allthe servers in the pipeline 4b59a773-7942-4ce0-97fc-75e956cae081 as the min replicated index is 4. Deletion is not allowed in this container yet.
2019-10-25 11:00:41,269 [BlockDeletingService#2] WARN  background.BlockDeletingService (BlockDeletingService.java:isDeletionAllowed(187)) - Close Container log Index 6 is not replicated across allthe servers in the pipeline 4b59a773-7942-4ce0-97fc-75e956cae081 as the min replicated index is 4. Deletion is not allowed in this container yet.
2019-10-25 11:00:41,310 [EventQueue-ContainerReportForContainerReportHandler] WARN  container.ContainerReportHandler (AbstractContainerReportHandler.java:updateContainerState(145)) - Container #1 is in OPEN state, but the datanode 98a94502-2c87-40a7-b3de-b58821969ff5{ip: 192.168.157.233, host: pr-hdds-2359-lls5b-3453883328, networkLocation: /default-rack, certSerialId: null} reports an CLOSED replica.
2019-10-25 11:00:41,494 [EventQueue-ContainerReportForContainerReportHandler] WARN  container.ContainerReportHandler (AbstractContainerReportHandler.java:updateContainerState(145)) - Container #1 is in OPEN state, but the datanode ef252736-79c5-4662-a0c7-91e85b60cae7{ip: 192.168.157.233, host: pr-hdds-2359-lls5b-3453883328, networkLocation: /default-rack, certSerialId: null} reports an CLOSED replica.
2019-10-25 11:00:41,511 [EventQueue-ContainerReportForContainerReportHandler] WARN  container.ContainerReportHandler (AbstractContainerReportHandler.java:updateContainerState(145)) - Container #1 is in OPEN state, but the datanode 98a94502-2c87-40a7-b3de-b58821969ff5{ip: 192.168.157.233, host: pr-hdds-2359-lls5b-3453883328, networkLocation: /default-rack, certSerialId: null} reports an CLOSED replica.
2019-10-25 11:00:41,694 [EventQueue-ContainerReportForContainerReportHandler] WARN  container.ContainerReportHandler (AbstractContainerReportHandler.java:updateContainerState(145)) - Container #1 is in OPEN state, but the datanode ef252736-79c5-4662-a0c7-91e85b60cae7{ip: 192.168.157.233, host: pr-hdds-2359-lls5b-3453883328, networkLocation: /default-rack, certSerialId: null} reports an CLOSED replica.
2019-10-25 11:00:41,811 [EventQueue-ContainerReportForContainerReportHandler] WARN  container.ContainerReportHandler (AbstractContainerReportHandler.java:updateContainerState(145)) - Container #1 is in OPEN state, but the datanode 98a94502-2c87-40a7-b3de-b58821969ff5{ip: 192.168.157.233, host: pr-hdds-2359-lls5b-3453883328, networkLocation: /default-rack, certSerialId: null} reports an CLOSED replica.
2019-10-25 11:00:42,094 [EventQueue-ContainerReportForContainerReportHandler] WARN  container.ContainerReportHandler (AbstractContainerReportHandler.java:updateContainerState(145)) - Container #1 is in OPEN state, but the datanode ef252736-79c5-4662-a0c7-91e85b60cae7{ip: 192.168.157.233, host: pr-hdds-2359-lls5b-3453883328, networkLocation: /default-rack, certSerialId: null} reports an CLOSED replica.
2019-10-25 11:00:42,111 [EventQueue-ContainerReportForContainerReportHandler] WARN  container.ContainerReportHandler (AbstractContainerReportHandler.java:updateContainerState(145)) - Container #1 is in OPEN state, but the datanode 98a94502-2c87-40a7-b3de-b58821969ff5{ip: 192.168.157.233, host: pr-hdds-2359-lls5b-3453883328, networkLocation: /default-rack, certSerialId: null} reports an CLOSED replica.
2019-10-25 11:00:42,270 [BlockDeletingService#2] WARN  background.BlockDeletingService (BlockDeletingService.java:isDeletionAllowed(187)) - Close Container log Index 6 is not replicated across allthe servers in the pipeline 4b59a773-7942-4ce0-97fc-75e956cae081 as the min replicated index is 4. Deletion is not allowed in this container yet.
2019-10-25 11:00:42,270 [BlockDeletingService#2] WARN  background.BlockDeletingService (BlockDeletingService.java:isDeletionAllowed(187)) - Close Container log Index 6 is not replicated across allthe servers in the pipeline 4b59a773-7942-4ce0-97fc-75e956cae081 as the min replicated index is 4. Deletion is not allowed in this container yet.
2019-10-25 11:00:42,394 [EventQueue-ContainerReportForContainerReportHandler] WARN  container.ContainerReportHandler (AbstractContainerReportHandler.java:updateContainerState(145)) - Container #1 is in OPEN state, but the datanode ef252736-79c5-4662-a0c7-91e85b60cae7{ip: 192.168.157.233, host: pr-hdds-2359-lls5b-3453883328, networkLocation: /default-rack, certSerialId: null} reports an CLOSED replica.
2019-10-25 11:00:42,411 [EventQueue-ContainerReportForContainerReportHandler] WARN  container.ContainerReportHandler (AbstractContainerReportHandler.java:updateContainerState(145)) - Container #1 is in OPEN state, but the datanode 98a94502-2c87-40a7-b3de-b58821969ff5{ip: 192.168.157.233, host: pr-hdds-2359-lls5b-3453883328, networkLocation: /default-rack, certSerialId: null} reports an CLOSED replica.
2019-10-25 11:00:42,711 [EventQueue-ContainerReportForContainerReportHandler] WARN  container.ContainerReportHandler (AbstractContainerReportHandler.java:updateContainerState(145)) - Container #1 is in OPEN state, but the datanode 98a94502-2c87-40a7-b3de-b58821969ff5{ip: 192.168.157.233, host: pr-hdds-2359-lls5b-3453883328, networkLocation: /default-rack, certSerialId: null} reports an CLOSED replica.
2019-10-25 11:00:42,795 [EventQueue-ContainerReportForContainerReportHandler] WARN  container.ContainerReportHandler (AbstractContainerReportHandler.java:updateContainerState(145)) - Container #1 is in OPEN state, but the datanode ef252736-79c5-4662-a0c7-91e85b60cae7{ip: 192.168.157.233, host: pr-hdds-2359-lls5b-3453883328, networkLocation: /default-rack, certSerialId: null} reports an CLOSED replica.
2019-10-25 11:00:43,095 [EventQueue-ContainerReportForContainerReportHandler] WARN  container.ContainerReportHandler (AbstractContainerReportHandler.java:updateContainerState(145)) - Container #1 is in OPEN state, but the datanode ef252736-79c5-4662-a0c7-91e85b60cae7{ip: 192.168.157.233, host: pr-hdds-2359-lls5b-3453883328, networkLocation: /default-rack, certSerialId: null} reports an CLOSED replica.
2019-10-25 11:00:43,112 [EventQueue-ContainerReportForContainerReportHandler] WARN  container.ContainerReportHandler (AbstractContainerReportHandler.java:updateContainerState(145)) - Container #1 is in OPEN state, but the datanode 98a94502-2c87-40a7-b3de-b58821969ff5{ip: 192.168.157.233, host: pr-hdds-2359-lls5b-3453883328, networkLocation: /default-rack, certSerialId: null} reports an CLOSED replica.
2019-10-25 11:00:43,271 [BlockDeletingService#2] WARN  background.BlockDeletingService (BlockDeletingService.java:isDeletionAllowed(187)) - Close Container log Index 6 is not replicated across allthe servers in the pipeline 4b59a773-7942-4ce0-97fc-75e956cae081 as the min replicated index is 4. Deletion is not allowed in this container yet.
2019-10-25 11:00:43,272 [BlockDeletingService#2] WARN  background.BlockDeletingService (BlockDeletingService.java:isDeletionAllowed(187)) - Close Container log Index 6 is not replicated across allthe servers in the pipeline 4b59a773-7942-4ce0-97fc-75e956cae081 as the min replicated index is 4. Deletion is not allowed in this container yet.
2019-10-25 11:00:43,495 [EventQueue-ContainerReportForContainerReportHandler] WARN  container.ContainerReportHandler (AbstractContainerReportHandler.java:updateContainerState(145)) - Container #1 is in OPEN state, but the datanode ef252736-79c5-4662-a0c7-91e85b60cae7{ip: 192.168.157.233, host: pr-hdds-2359-lls5b-3453883328, networkLocation: /default-rack, certSerialId: null} reports an CLOSED replica.
2019-10-25 11:00:43,512 [EventQueue-ContainerReportForContainerReportHandler] WARN  container.ContainerReportHandler (AbstractContainerReportHandler.java:updateContainerState(145)) - Container #1 is in OPEN state, but the datanode 98a94502-2c87-40a7-b3de-b58821969ff5{ip: 192.168.157.233, host: pr-hdds-2359-lls5b-3453883328, networkLocation: /default-rack, certSerialId: null} reports an CLOSED replica.
2019-10-25 11:00:43,513 [java.util.concurrent.ThreadPoolExecutor$Worker@6ad81b1e[State = -1, empty queue]] WARN  server.GrpcLogAppender (GrpcLogAppender.java:timeoutAppendRequest(209)) - ef252736-79c5-4662-a0c7-91e85b60cae7@group-75E956CAE081->c661ec13-19db-400c-b7a5-525d9c97029d-GrpcLogAppender: appendEntries Timeout, request=ef252736-79c5-4662-a0c7-91e85b60cae7->c661ec13-19db-400c-b7a5-525d9c97029d#46-t3, previous=(t:3, i:10), leaderCommit=10, initializing? false, entries: <empty>
2019-10-25 11:00:43,796 [EventQueue-ContainerReportForContainerReportHandler] WARN  container.ContainerReportHandler (AbstractContainerReportHandler.java:updateContainerState(145)) - Container #1 is in OPEN state, but the datanode ef252736-79c5-4662-a0c7-91e85b60cae7{ip: 192.168.157.233, host: pr-hdds-2359-lls5b-3453883328, networkLocation: /default-rack, certSerialId: null} reports an CLOSED replica.
2019-10-25 11:00:43,812 [EventQueue-ContainerReportForContainerReportHandler] WARN  container.ContainerReportHandler (AbstractContainerReportHandler.java:updateContainerState(145)) - Container #1 is in OPEN state, but the datanode 98a94502-2c87-40a7-b3de-b58821969ff5{ip: 192.168.157.233, host: pr-hdds-2359-lls5b-3453883328, networkLocation: /default-rack, certSerialId: null} reports an CLOSED replica.
2019-10-25 11:00:43,995 [EventQueue-ContainerReportForContainerReportHandler] WARN  container.ContainerReportHandler (AbstractContainerReportHandler.java:updateContainerState(145)) - Container #1 is in OPEN state, but the datanode ef252736-79c5-4662-a0c7-91e85b60cae7{ip: 192.168.157.233, host: pr-hdds-2359-lls5b-3453883328, networkLocation: /default-rack, certSerialId: null} reports an CLOSED replica.
2019-10-25 11:00:44,012 [EventQueue-ContainerReportForContainerReportHandler] WARN  container.ContainerReportHandler (AbstractContainerReportHandler.java:updateContainerState(145)) - Container #1 is in OPEN state, but the datanode 98a94502-2c87-40a7-b3de-b58821969ff5{ip: 192.168.157.233, host: pr-hdds-2359-lls5b-3453883328, networkLocation: /default-rack, certSerialId: null} reports an CLOSED replica.
2019-10-25 11:00:44,273 [BlockDeletingService#2] WARN  background.BlockDeletingService (BlockDeletingService.java:isDeletionAllowed(187)) - Close Container log Index 6 is not replicated across allthe servers in the pipeline 4b59a773-7942-4ce0-97fc-75e956cae081 as the min replicated index is 4. Deletion is not allowed in this container yet.
2019-10-25 11:00:44,273 [BlockDeletingService#2] WARN  background.BlockDeletingService (BlockDeletingService.java:isDeletionAllowed(187)) - Close Container log Index 6 is not replicated across allthe servers in the pipeline 4b59a773-7942-4ce0-97fc-75e956cae081 as the min replicated index is 4. Deletion is not allowed in this container yet.
2019-10-25 11:00:44,296 [EventQueue-ContainerReportForContainerReportHandler] WARN  container.ContainerReportHandler (AbstractContainerReportHandler.java:updateContainerState(145)) - Container #1 is in OPEN state, but the datanode ef252736-79c5-4662-a0c7-91e85b60cae7{ip: 192.168.157.233, host: pr-hdds-2359-lls5b-3453883328, networkLocation: /default-rack, certSerialId: null} reports an CLOSED replica.
2019-10-25 11:00:44,313 [EventQueue-ContainerReportForContainerReportHandler] WARN  container.ContainerReportHandler (AbstractContainerReportHandler.java:updateContainerState(145)) - Container #1 is in OPEN state, but the datanode 98a94502-2c87-40a7-b3de-b58821969ff5{ip: 192.168.157.233, host: pr-hdds-2359-lls5b-3453883328, networkLocation: /default-rack, certSerialId: null} reports an CLOSED replica.
2019-10-25 11:00:44,497 [EventQueue-ContainerReportForContainerReportHandler] WARN  container.ContainerReportHandler (AbstractContainerReportHandler.java:updateContainerState(145)) - Container #1 is in OPEN state, but the datanode ef252736-79c5-4662-a0c7-91e85b60cae7{ip: 192.168.157.233, host: pr-hdds-2359-lls5b-3453883328, networkLocation: /default-rack, certSerialId: null} reports an CLOSED replica.
2019-10-25 11:00:44,614 [EventQueue-ContainerReportForContainerReportHandler] WARN  container.ContainerReportHandler (AbstractContainerReportHandler.java:updateContainerState(145)) - Container #1 is in OPEN state, but the datanode 98a94502-2c87-40a7-b3de-b58821969ff5{ip: 192.168.157.233, host: pr-hdds-2359-lls5b-3453883328, networkLocation: /default-rack, certSerialId: null} reports an CLOSED replica.
2019-10-25 11:00:44,697 [EventQueue-ContainerReportForContainerReportHandler] WARN  container.ContainerReportHandler (AbstractContainerReportHandler.java:updateContainerState(145)) - Container #1 is in OPEN state, but the datanode ef252736-79c5-4662-a0c7-91e85b60cae7{ip: 192.168.157.233, host: pr-hdds-2359-lls5b-3453883328, networkLocation: /default-rack, certSerialId: null} reports an CLOSED replica.
2019-10-25 11:00:44,999 [EventQueue-ContainerReportForContainerReportHandler] WARN  container.ContainerReportHandler (AbstractContainerReportHandler.java:updateContainerState(145)) - Container #1 is in OPEN state, but the datanode ef252736-79c5-4662-a0c7-91e85b60cae7{ip: 192.168.157.233, host: pr-hdds-2359-lls5b-3453883328, networkLocation: /default-rack, certSerialId: null} reports an CLOSED replica.
2019-10-25 11:00:45,014 [EventQueue-ContainerReportForContainerReportHandler] WARN  container.ContainerReportHandler (AbstractContainerReportHandler.java:updateContainerState(145)) - Container #1 is in OPEN state, but the datanode 98a94502-2c87-40a7-b3de-b58821969ff5{ip: 192.168.157.233, host: pr-hdds-2359-lls5b-3453883328, networkLocation: /default-rack, certSerialId: null} reports an CLOSED replica.
2019-10-25 11:00:45,275 [BlockDeletingService#4] WARN  background.BlockDeletingService (BlockDeletingService.java:isDeletionAllowed(187)) - Close Container log Index 6 is not replicated across allthe servers in the pipeline 4b59a773-7942-4ce0-97fc-75e956cae081 as the min replicated index is 4. Deletion is not allowed in this container yet.
2019-10-25 11:00:45,275 [BlockDeletingService#2] WARN  background.BlockDeletingService (BlockDeletingService.java:isDeletionAllowed(187)) - Close Container log Index 6 is not replicated across allthe servers in the pipeline 4b59a773-7942-4ce0-97fc-75e956cae081 as the min replicated index is 4. Deletion is not allowed in this container yet.
2019-10-25 11:00:45,300 [EventQueue-ContainerReportForContainerReportHandler] WARN  container.ContainerReportHandler (AbstractContainerReportHandler.java:updateContainerState(145)) - Container #1 is in OPEN state, but the datanode ef252736-79c5-4662-a0c7-91e85b60cae7{ip: 192.168.157.233, host: pr-hdds-2359-lls5b-3453883328, networkLocation: /default-rack, certSerialId: null} reports an CLOSED replica.
2019-10-25 11:00:45,315 [EventQueue-ContainerReportForContainerReportHandler] WARN  container.ContainerReportHandler (AbstractContainerReportHandler.java:updateContainerState(145)) - Container #1 is in OPEN state, but the datanode 98a94502-2c87-40a7-b3de-b58821969ff5{ip: 192.168.157.233, host: pr-hdds-2359-lls5b-3453883328, networkLocation: /default-rack, certSerialId: null} reports an CLOSED replica.
2019-10-25 11:00:45,601 [EventQueue-ContainerReportForContainerReportHandler] WARN  container.ContainerReportHandler (AbstractContainerReportHandler.java:updateContainerState(145)) - Container #1 is in OPEN state, but the datanode ef252736-79c5-4662-a0c7-91e85b60cae7{ip: 192.168.157.233, host: pr-hdds-2359-lls5b-3453883328, networkLocation: /default-rack, certSerialId: null} reports an CLOSED replica.
2019-10-25 11:00:45,615 [EventQueue-ContainerReportForContainerReportHandler] WARN  container.ContainerReportHandler (AbstractContainerReportHandler.java:updateContainerState(145)) - Container #1 is in OPEN state, but the datanode 98a94502-2c87-40a7-b3de-b58821969ff5{ip: 192.168.157.233, host: pr-hdds-2359-lls5b-3453883328, networkLocation: /default-rack, certSerialId: null} reports an CLOSED replica.
2019-10-25 11:00:45,901 [EventQueue-ContainerReportForContainerReportHandler] WARN  container.ContainerReportHandler (AbstractContainerReportHandler.java:updateContainerState(145)) - Container #1 is in OPEN state, but the datanode ef252736-79c5-4662-a0c7-91e85b60cae7{ip: 192.168.157.233, host: pr-hdds-2359-lls5b-3453883328, networkLocation: /default-rack, certSerialId: null} reports an CLOSED replica.
2019-10-25 11:00:46,014 [java.util.concurrent.ThreadPoolExecutor$Worker@6ad81b1e[State = -1, empty queue]] WARN  server.GrpcLogAppender (GrpcLogAppender.java:timeoutAppendRequest(209)) - ef252736-79c5-4662-a0c7-91e85b60cae7@group-75E956CAE081->c661ec13-19db-400c-b7a5-525d9c97029d-GrpcLogAppender: appendEntries Timeout, request=ef252736-79c5-4662-a0c7-91e85b60cae7->c661ec13-19db-400c-b7a5-525d9c97029d#47-t3, previous=(t:3, i:10), leaderCommit=10, initializing? false, entries: <empty>
2019-10-25 11:00:46,015 [EventQueue-ContainerReportForContainerReportHandler] WARN  container.ContainerReportHandler (AbstractContainerReportHandler.java:updateContainerState(145)) - Container #1 is in OPEN state, but the datanode 98a94502-2c87-40a7-b3de-b58821969ff5{ip: 192.168.157.233, host: pr-hdds-2359-lls5b-3453883328, networkLocation: /default-rack, certSerialId: null} reports an CLOSED replica.
2019-10-25 11:00:46,201 [EventQueue-ContainerReportForContainerReportHandler] WARN  container.ContainerReportHandler (AbstractContainerReportHandler.java:updateContainerState(145)) - Container #1 is in OPEN state, but the datanode ef252736-79c5-4662-a0c7-91e85b60cae7{ip: 192.168.157.233, host: pr-hdds-2359-lls5b-3453883328, networkLocation: /default-rack, certSerialId: null} reports an CLOSED replica.
2019-10-25 11:00:46,276 [BlockDeletingService#2] WARN  background.BlockDeletingService (BlockDeletingService.java:isDeletionAllowed(187)) - Close Container log Index 6 is not replicated across allthe servers in the pipeline 4b59a773-7942-4ce0-97fc-75e956cae081 as the min replicated index is 4. Deletion is not allowed in this container yet.
2019-10-25 11:00:46,276 [BlockDeletingService#4] WARN  background.BlockDeletingService (BlockDeletingService.java:isDeletionAllowed(187)) - Close Container log Index 6 is not replicated across allthe servers in the pipeline 4b59a773-7942-4ce0-97fc-75e956cae081 as the min replicated index is 4. Deletion is not allowed in this container yet.
2019-10-25 11:00:46,316 [EventQueue-ContainerReportForContainerReportHandler] WARN  container.ContainerReportHandler (AbstractContainerReportHandler.java:updateContainerState(145)) - Container #1 is in OPEN state, but the datanode 98a94502-2c87-40a7-b3de-b58821969ff5{ip: 192.168.157.233, host: pr-hdds-2359-lls5b-3453883328, networkLocation: /default-rack, certSerialId: null} reports an CLOSED replica.
2019-10-25 11:00:46,601 [EventQueue-ContainerReportForContainerReportHandler] WARN  container.ContainerReportHandler (AbstractContainerReportHandler.java:updateContainerState(145)) - Container #1 is in OPEN state, but the datanode ef252736-79c5-4662-a0c7-91e85b60cae7{ip: 192.168.157.233, host: pr-hdds-2359-lls5b-3453883328, networkLocation: /default-rack, certSerialId: null} reports an CLOSED replica.
2019-10-25 11:00:46,616 [EventQueue-ContainerReportForContainerReportHandler] WARN  container.ContainerReportHandler (AbstractContainerReportHandler.java:updateContainerState(145)) - Container #1 is in OPEN state, but the datanode 98a94502-2c87-40a7-b3de-b58821969ff5{ip: 192.168.157.233, host: pr-hdds-2359-lls5b-3453883328, networkLocation: /default-rack, certSerialId: null} reports an CLOSED replica.
2019-10-25 11:00:46,902 [EventQueue-ContainerReportForContainerReportHandler] WARN  container.ContainerReportHandler (AbstractContainerReportHandler.java:updateContainerState(145)) - Container #1 is in OPEN state, but the datanode ef252736-79c5-4662-a0c7-91e85b60cae7{ip: 192.168.157.233, host: pr-hdds-2359-lls5b-3453883328, networkLocation: /default-rack, certSerialId: null} reports an CLOSED replica.
2019-10-25 11:00:46,916 [EventQueue-ContainerReportForContainerReportHandler] WARN  container.ContainerReportHandler (AbstractContainerReportHandler.java:updateContainerState(145)) - Container #1 is in OPEN state, but the datanode 98a94502-2c87-40a7-b3de-b58821969ff5{ip: 192.168.157.233, host: pr-hdds-2359-lls5b-3453883328, networkLocation: /default-rack, certSerialId: null} reports an CLOSED replica.
2019-10-25 11:00:47,202 [EventQueue-ContainerReportForContainerReportHandler] WARN  container.ContainerReportHandler (AbstractContainerReportHandler.java:updateContainerState(145)) - Container #1 is in OPEN state, but the datanode ef252736-79c5-4662-a0c7-91e85b60cae7{ip: 192.168.157.233, host: pr-hdds-2359-lls5b-3453883328, networkLocation: /default-rack, certSerialId: null} reports an CLOSED replica.
2019-10-25 11:00:47,278 [BlockDeletingService#4] WARN  background.BlockDeletingService (BlockDeletingService.java:isDeletionAllowed(187)) - Close Container log Index 6 is not replicated across allthe servers in the pipeline 4b59a773-7942-4ce0-97fc-75e956cae081 as the min replicated index is 4. Deletion is not allowed in this container yet.
2019-10-25 11:00:47,278 [BlockDeletingService#2] WARN  background.BlockDeletingService (BlockDeletingService.java:isDeletionAllowed(187)) - Close Container log Index 6 is not replicated across allthe servers in the pipeline 4b59a773-7942-4ce0-97fc-75e956cae081 as the min replicated index is 4. Deletion is not allowed in this container yet.
2019-10-25 11:00:47,316 [EventQueue-ContainerReportForContainerReportHandler] WARN  container.ContainerReportHandler (AbstractContainerReportHandler.java:updateContainerState(145)) - Container #1 is in OPEN state, but the datanode 98a94502-2c87-40a7-b3de-b58821969ff5{ip: 192.168.157.233, host: pr-hdds-2359-lls5b-3453883328, networkLocation: /default-rack, certSerialId: null} reports an CLOSED replica.
2019-10-25 11:00:47,502 [EventQueue-ContainerReportForContainerReportHandler] WARN  container.ContainerReportHandler (AbstractContainerReportHandler.java:updateContainerState(145)) - Container #1 is in OPEN state, but the datanode ef252736-79c5-4662-a0c7-91e85b60cae7{ip: 192.168.157.233, host: pr-hdds-2359-lls5b-3453883328, networkLocation: /default-rack, certSerialId: null} reports an CLOSED replica.
2019-10-25 11:00:47,702 [EventQueue-ContainerReportForContainerReportHandler] WARN  container.ContainerReportHandler (AbstractContainerReportHandler.java:updateContainerState(145)) - Container #1 is in OPEN state, but the datanode ef252736-79c5-4662-a0c7-91e85b60cae7{ip: 192.168.157.233, host: pr-hdds-2359-lls5b-3453883328, networkLocation: /default-rack, certSerialId: null} reports an CLOSED replica.
2019-10-25 11:00:47,716 [EventQueue-ContainerReportForContainerReportHandler] WARN  container.ContainerReportHandler (AbstractContainerReportHandler.java:updateContainerState(145)) - Container #1 is in OPEN state, but the datanode 98a94502-2c87-40a7-b3de-b58821969ff5{ip: 192.168.157.233, host: pr-hdds-2359-lls5b-3453883328, networkLocation: /default-rack, certSerialId: null} reports an CLOSED replica.
2019-10-25 11:00:47,916 [EventQueue-ContainerReportForContainerReportHandler] WARN  container.ContainerReportHandler (AbstractContainerReportHandler.java:updateContainerState(145)) - Container #1 is in OPEN state, but the datanode 98a94502-2c87-40a7-b3de-b58821969ff5{ip: 192.168.157.233, host: pr-hdds-2359-lls5b-3453883328, networkLocation: /default-rack, certSerialId: null} reports an CLOSED replica.
2019-10-25 11:00:48,002 [EventQueue-ContainerReportForContainerReportHandler] WARN  container.ContainerReportHandler (AbstractContainerReportHandler.java:updateContainerState(145)) - Container #1 is in OPEN state, but the datanode ef252736-79c5-4662-a0c7-91e85b60cae7{ip: 192.168.157.233, host: pr-hdds-2359-lls5b-3453883328, networkLocation: /default-rack, certSerialId: null} reports an CLOSED replica.
2019-10-25 11:00:48,280 [BlockDeletingService#4] WARN  background.BlockDeletingService (BlockDeletingService.java:isDeletionAllowed(187)) - Close Container log Index 6 is not replicated across allthe servers in the pipeline 4b59a773-7942-4ce0-97fc-75e956cae081 as the min replicated index is 4. Deletion is not allowed in this container yet.
2019-10-25 11:00:48,280 [BlockDeletingService#2] WARN  background.BlockDeletingService (BlockDeletingService.java:isDeletionAllowed(187)) - Close Container log Index 6 is not replicated across allthe servers in the pipeline 4b59a773-7942-4ce0-97fc-75e956cae081 as the min replicated index is 4. Deletion is not allowed in this container yet.
2019-10-25 11:00:48,302 [EventQueue-ContainerReportForContainerReportHandler] WARN  container.ContainerReportHandler (AbstractContainerReportHandler.java:updateContainerState(145)) - Container #1 is in OPEN state, but the datanode ef252736-79c5-4662-a0c7-91e85b60cae7{ip: 192.168.157.233, host: pr-hdds-2359-lls5b-3453883328, networkLocation: /default-rack, certSerialId: null} reports an CLOSED replica.
2019-10-25 11:00:48,317 [EventQueue-ContainerReportForContainerReportHandler] WARN  container.ContainerReportHandler (AbstractContainerReportHandler.java:updateContainerState(145)) - Container #1 is in OPEN state, but the datanode 98a94502-2c87-40a7-b3de-b58821969ff5{ip: 192.168.157.233, host: pr-hdds-2359-lls5b-3453883328, networkLocation: /default-rack, certSerialId: null} reports an CLOSED replica.
2019-10-25 11:00:48,503 [EventQueue-ContainerReportForContainerReportHandler] WARN  container.ContainerReportHandler (AbstractContainerReportHandler.java:updateContainerState(145)) - Container #1 is in OPEN state, but the datanode ef252736-79c5-4662-a0c7-91e85b60cae7{ip: 192.168.157.233, host: pr-hdds-2359-lls5b-3453883328, networkLocation: /default-rack, certSerialId: null} reports an CLOSED replica.
2019-10-25 11:00:48,515 [java.util.concurrent.ThreadPoolExecutor$Worker@6ad81b1e[State = -1, empty queue]] WARN  server.GrpcLogAppender (GrpcLogAppender.java:timeoutAppendRequest(209)) - ef252736-79c5-4662-a0c7-91e85b60cae7@group-75E956CAE081->c661ec13-19db-400c-b7a5-525d9c97029d-GrpcLogAppender: appendEntries Timeout, request=ef252736-79c5-4662-a0c7-91e85b60cae7->c661ec13-19db-400c-b7a5-525d9c97029d#48-t3, previous=(t:3, i:10), leaderCommit=10, initializing? false, entries: <empty>
2019-10-25 11:00:48,703 [EventQueue-ContainerReportForContainerReportHandler] WARN  container.ContainerReportHandler (AbstractContainerReportHandler.java:updateContainerState(145)) - Container #1 is in OPEN state, but the datanode ef252736-79c5-4662-a0c7-91e85b60cae7{ip: 192.168.157.233, host: pr-hdds-2359-lls5b-3453883328, networkLocation: /default-rack, certSerialId: null} reports an CLOSED replica.
2019-10-25 11:00:48,720 [EventQueue-ContainerReportForContainerReportHandler] WARN  container.ContainerReportHandler (AbstractContainerReportHandler.java:updateContainerState(145)) - Container #1 is in OPEN state, but the datanode 98a94502-2c87-40a7-b3de-b58821969ff5{ip: 192.168.157.233, host: pr-hdds-2359-lls5b-3453883328, networkLocation: /default-rack, certSerialId: null} reports an CLOSED replica.
2019-10-25 11:00:49,004 [EventQueue-ContainerReportForContainerReportHandler] WARN  container.ContainerReportHandler (AbstractContainerReportHandler.java:updateContainerState(145)) - Container #1 is in OPEN state, but the datanode ef252736-79c5-4662-a0c7-91e85b60cae7{ip: 192.168.157.233, host: pr-hdds-2359-lls5b-3453883328, networkLocation: /default-rack, certSerialId: null} reports an CLOSED replica.
2019-10-25 11:00:49,020 [EventQueue-ContainerReportForContainerReportHandler] WARN  container.ContainerReportHandler (AbstractContainerReportHandler.java:updateContainerState(145)) - Container #1 is in OPEN state, but the datanode 98a94502-2c87-40a7-b3de-b58821969ff5{ip: 192.168.157.233, host: pr-hdds-2359-lls5b-3453883328, networkLocation: /default-rack, certSerialId: null} reports an CLOSED replica.
2019-10-25 11:00:49,282 [BlockDeletingService#4] WARN  background.BlockDeletingService (BlockDeletingService.java:isDeletionAllowed(187)) - Close Container log Index 6 is not replicated across allthe servers in the pipeline 4b59a773-7942-4ce0-97fc-75e956cae081 as the min replicated index is 4. Deletion is not allowed in this container yet.
2019-10-25 11:00:49,282 [BlockDeletingService#2] WARN  background.BlockDeletingService (BlockDeletingService.java:isDeletionAllowed(187)) - Close Container log Index 6 is not replicated across allthe servers in the pipeline 4b59a773-7942-4ce0-97fc-75e956cae081 as the min replicated index is 4. Deletion is not allowed in this container yet.
2019-10-25 11:00:49,320 [EventQueue-ContainerReportForContainerReportHandler] WARN  container.ContainerReportHandler (AbstractContainerReportHandler.java:updateContainerState(145)) - Container #1 is in OPEN state, but the datanode 98a94502-2c87-40a7-b3de-b58821969ff5{ip: 192.168.157.233, host: pr-hdds-2359-lls5b-3453883328, networkLocation: /default-rack, certSerialId: null} reports an CLOSED replica.
2019-10-25 11:00:49,406 [EventQueue-ContainerReportForContainerReportHandler] WARN  container.ContainerReportHandler (AbstractContainerReportHandler.java:updateContainerState(145)) - Container #1 is in OPEN state, but the datanode ef252736-79c5-4662-a0c7-91e85b60cae7{ip: 192.168.157.233, host: pr-hdds-2359-lls5b-3453883328, networkLocation: /default-rack, certSerialId: null} reports an CLOSED replica.
2019-10-25 11:00:49,606 [EventQueue-ContainerReportForContainerReportHandler] WARN  container.ContainerReportHandler (AbstractContainerReportHandler.java:updateContainerState(145)) - Container #1 is in OPEN state, but the datanode ef252736-79c5-4662-a0c7-91e85b60cae7{ip: 192.168.157.233, host: pr-hdds-2359-lls5b-3453883328, networkLocation: /default-rack, certSerialId: null} reports an CLOSED replica.
2019-10-25 11:00:49,620 [EventQueue-ContainerReportForContainerReportHandler] WARN  container.ContainerReportHandler (AbstractContainerReportHandler.java:updateContainerState(145)) - Container #1 is in OPEN state, but the datanode 98a94502-2c87-40a7-b3de-b58821969ff5{ip: 192.168.157.233, host: pr-hdds-2359-lls5b-3453883328, networkLocation: /default-rack, certSerialId: null} reports an CLOSED replica.
2019-10-25 11:00:49,920 [EventQueue-ContainerReportForContainerReportHandler] WARN  container.ContainerReportHandler (AbstractContainerReportHandler.java:updateContainerState(145)) - Container #1 is in OPEN state, but the datanode 98a94502-2c87-40a7-b3de-b58821969ff5{ip: 192.168.157.233, host: pr-hdds-2359-lls5b-3453883328, networkLocation: /default-rack, certSerialId: null} reports an CLOSED replica.
2019-10-25 11:00:50,006 [EventQueue-ContainerReportForContainerReportHandler] WARN  container.ContainerReportHandler (AbstractContainerReportHandler.java:updateContainerState(145)) - Container #1 is in OPEN state, but the datanode ef252736-79c5-4662-a0c7-91e85b60cae7{ip: 192.168.157.233, host: pr-hdds-2359-lls5b-3453883328, networkLocation: /default-rack, certSerialId: null} reports an CLOSED replica.
2019-10-25 11:00:50,283 [BlockDeletingService#4] WARN  background.BlockDeletingService (BlockDeletingService.java:isDeletionAllowed(187)) - Close Container log Index 6 is not replicated across allthe servers in the pipeline 4b59a773-7942-4ce0-97fc-75e956cae081 as the min replicated index is 4. Deletion is not allowed in this container yet.
2019-10-25 11:00:50,283 [BlockDeletingService#2] WARN  background.BlockDeletingService (BlockDeletingService.java:isDeletionAllowed(187)) - Close Container log Index 6 is not replicated across allthe servers in the pipeline 4b59a773-7942-4ce0-97fc-75e956cae081 as the min replicated index is 4. Deletion is not allowed in this container yet.
2019-10-25 11:00:50,320 [EventQueue-ContainerReportForContainerReportHandler] WARN  container.ContainerReportHandler (AbstractContainerReportHandler.java:updateContainerState(145)) - Container #1 is in OPEN state, but the datanode 98a94502-2c87-40a7-b3de-b58821969ff5{ip: 192.168.157.233, host: pr-hdds-2359-lls5b-3453883328, networkLocation: /default-rack, certSerialId: null} reports an CLOSED replica.
2019-10-25 11:00:50,406 [EventQueue-ContainerReportForContainerReportHandler] WARN  container.ContainerReportHandler (AbstractContainerReportHandler.java:updateContainerState(145)) - Container #1 is in OPEN state, but the datanode ef252736-79c5-4662-a0c7-91e85b60cae7{ip: 192.168.157.233, host: pr-hdds-2359-lls5b-3453883328, networkLocation: /default-rack, certSerialId: null} reports an CLOSED replica.
2019-10-25 11:00:50,584 [Thread-533] INFO  client.GrpcClientProtocolService (GrpcClientProtocolService.java:lambda$processClientRequest$0(278)) - Failed RaftClientRequest:client-E2DCCEC0A424->ef252736-79c5-4662-a0c7-91e85b60cae7@group-75E956CAE081, cid=10, seq=0, Watch-ALL_COMMITTED(6), Message:<EMPTY>, reply=RaftClientReply:client-E2DCCEC0A424->ef252736-79c5-4662-a0c7-91e85b60cae7@group-75E956CAE081, cid=10, FAILED org.apache.ratis.protocol.NotReplicatedException: Request with call Id 10 and log index 6 is not yet replicated to ALL_COMMITTED, logIndex=6, commits[ef252736-79c5-4662-a0c7-91e85b60cae7:c10, 98a94502-2c87-40a7-b3de-b58821969ff5:c10, c661ec13-19db-400c-b7a5-525d9c97029d:c4]
2019-10-25 11:00:50,706 [EventQueue-ContainerReportForContainerReportHandler] WARN  container.ContainerReportHandler (AbstractContainerReportHandler.java:updateContainerState(145)) - Container #1 is in OPEN state, but the datanode ef252736-79c5-4662-a0c7-91e85b60cae7{ip: 192.168.157.233, host: pr-hdds-2359-lls5b-3453883328, networkLocation: /default-rack, certSerialId: null} reports an CLOSED replica.
2019-10-25 11:00:50,722 [EventQueue-ContainerReportForContainerReportHandler] WARN  container.ContainerReportHandler (AbstractContainerReportHandler.java:updateContainerState(145)) - Container #1 is in OPEN state, but the datanode 98a94502-2c87-40a7-b3de-b58821969ff5{ip: 192.168.157.233, host: pr-hdds-2359-lls5b-3453883328, networkLocation: /default-rack, certSerialId: null} reports an CLOSED replica.
2019-10-25 11:00:50,922 [EventQueue-ContainerReportForContainerReportHandler] WARN  container.ContainerReportHandler (AbstractContainerReportHandler.java:updateContainerState(145)) - Container #1 is in OPEN state, but the datanode 98a94502-2c87-40a7-b3de-b58821969ff5{ip: 192.168.157.233, host: pr-hdds-2359-lls5b-3453883328, networkLocation: /default-rack, certSerialId: null} reports an CLOSED replica.
2019-10-25 11:00:51,006 [EventQueue-ContainerReportForContainerReportHandler] WARN  container.ContainerReportHandler (AbstractContainerReportHandler.java:updateContainerState(145)) - Container #1 is in OPEN state, but the datanode ef252736-79c5-4662-a0c7-91e85b60cae7{ip: 192.168.157.233, host: pr-hdds-2359-lls5b-3453883328, networkLocation: /default-rack, certSerialId: null} reports an CLOSED replica.
2019-10-25 11:00:51,016 [java.util.concurrent.ThreadPoolExecutor$Worker@6ad81b1e[State = -1, empty queue]] WARN  server.GrpcLogAppender (GrpcLogAppender.java:timeoutAppendRequest(209)) - ef252736-79c5-4662-a0c7-91e85b60cae7@group-75E956CAE081->c661ec13-19db-400c-b7a5-525d9c97029d-GrpcLogAppender: appendEntries Timeout, request=ef252736-79c5-4662-a0c7-91e85b60cae7->c661ec13-19db-400c-b7a5-525d9c97029d#49-t3, previous=(t:3, i:10), leaderCommit=10, initializing? false, entries: <empty>
2019-10-25 11:00:51,123 [EventQueue-ContainerReportForContainerReportHandler] WARN  container.ContainerReportHandler (AbstractContainerReportHandler.java:updateContainerState(145)) - Container #1 is in OPEN state, but the datanode 98a94502-2c87-40a7-b3de-b58821969ff5{ip: 192.168.157.233, host: pr-hdds-2359-lls5b-3453883328, networkLocation: /default-rack, certSerialId: null} reports an CLOSED replica.
2019-10-25 11:00:51,206 [EventQueue-ContainerReportForContainerReportHandler] WARN  container.ContainerReportHandler (AbstractContainerReportHandler.java:updateContainerState(145)) - Container #1 is in OPEN state, but the datanode ef252736-79c5-4662-a0c7-91e85b60cae7{ip: 192.168.157.233, host: pr-hdds-2359-lls5b-3453883328, networkLocation: /default-rack, certSerialId: null} reports an CLOSED replica.
2019-10-25 11:00:51,284 [BlockDeletingService#4] WARN  background.BlockDeletingService (BlockDeletingService.java:isDeletionAllowed(187)) - Close Container log Index 6 is not replicated across allthe servers in the pipeline 4b59a773-7942-4ce0-97fc-75e956cae081 as the min replicated index is 4. Deletion is not allowed in this container yet.
2019-10-25 11:00:51,284 [BlockDeletingService#2] WARN  background.BlockDeletingService (BlockDeletingService.java:isDeletionAllowed(187)) - Close Container log Index 6 is not replicated across allthe servers in the pipeline 4b59a773-7942-4ce0-97fc-75e956cae081 as the min replicated index is 4. Deletion is not allowed in this container yet.
2019-10-25 11:00:51,324 [EventQueue-ContainerReportForContainerReportHandler] WARN  container.ContainerReportHandler (AbstractContainerReportHandler.java:updateContainerState(145)) - Container #1 is in OPEN state, but the datanode 98a94502-2c87-40a7-b3de-b58821969ff5{ip: 192.168.157.233, host: pr-hdds-2359-lls5b-3453883328, networkLocation: /default-rack, certSerialId: null} reports an CLOSED replica.
2019-10-25 11:00:51,606 [EventQueue-ContainerReportForContainerReportHandler] WARN  container.ContainerReportHandler (AbstractContainerReportHandler.java:updateContainerState(145)) - Container #1 is in OPEN state, but the datanode ef252736-79c5-4662-a0c7-91e85b60cae7{ip: 192.168.157.233, host: pr-hdds-2359-lls5b-3453883328, networkLocation: /default-rack, certSerialId: null} reports an CLOSED replica.
2019-10-25 11:00:51,608 [EventQueue-StaleNodeForStaleNodeHandler] INFO  node.StaleNodeHandler (StaleNodeHandler.java:onMessage(58)) - Datanode c661ec13-19db-400c-b7a5-525d9c97029d{ip: 192.168.157.233, host: pr-hdds-2359-lls5b-3453883328, networkLocation: /default-rack, certSerialId: null} moved to stale state. Finalizing its pipelines [PipelineID=4415c6a0-2e95-4ec2-8830-f8f143b02786, PipelineID=4b59a773-7942-4ce0-97fc-75e956cae081]
2019-10-25 11:00:51,609 [EventQueue-StaleNodeForStaleNodeHandler] INFO  pipeline.SCMPipelineManager (SCMPipelineManager.java:finalizeAndDestroyPipeline(315)) - destroying pipeline:Pipeline[ Id: 4415c6a0-2e95-4ec2-8830-f8f143b02786, Nodes: c661ec13-19db-400c-b7a5-525d9c97029d{ip: 192.168.157.233, host: pr-hdds-2359-lls5b-3453883328, networkLocation: /default-rack, certSerialId: null}, Type:RATIS, Factor:ONE, State:OPEN]
2019-10-25 11:00:51,611 [EventQueue-StaleNodeForStaleNodeHandler] INFO  pipeline.PipelineStateManager (PipelineStateManager.java:finalizePipeline(123)) - Pipeline Pipeline[ Id: 4415c6a0-2e95-4ec2-8830-f8f143b02786, Nodes: c661ec13-19db-400c-b7a5-525d9c97029d{ip: 192.168.157.233, host: pr-hdds-2359-lls5b-3453883328, networkLocation: /default-rack, certSerialId: null}, Type:RATIS, Factor:ONE, State:CLOSED] moved to CLOSED state
2019-10-25 11:00:51,613 [EventQueue-StaleNodeForStaleNodeHandler] INFO  pipeline.SCMPipelineManager (SCMPipelineManager.java:finalizeAndDestroyPipeline(315)) - destroying pipeline:Pipeline[ Id: 4b59a773-7942-4ce0-97fc-75e956cae081, Nodes: c661ec13-19db-400c-b7a5-525d9c97029d{ip: 192.168.157.233, host: pr-hdds-2359-lls5b-3453883328, networkLocation: /default-rack, certSerialId: null}ef252736-79c5-4662-a0c7-91e85b60cae7{ip: 192.168.157.233, host: pr-hdds-2359-lls5b-3453883328, networkLocation: /default-rack, certSerialId: null}98a94502-2c87-40a7-b3de-b58821969ff5{ip: 192.168.157.233, host: pr-hdds-2359-lls5b-3453883328, networkLocation: /default-rack, certSerialId: null}, Type:RATIS, Factor:THREE, State:OPEN]
2019-10-25 11:00:51,613 [EventQueue-StaleNodeForStaleNodeHandler] INFO  pipeline.PipelineStateManager (PipelineStateManager.java:finalizePipeline(123)) - Pipeline Pipeline[ Id: 4b59a773-7942-4ce0-97fc-75e956cae081, Nodes: c661ec13-19db-400c-b7a5-525d9c97029d{ip: 192.168.157.233, host: pr-hdds-2359-lls5b-3453883328, networkLocation: /default-rack, certSerialId: null}ef252736-79c5-4662-a0c7-91e85b60cae7{ip: 192.168.157.233, host: pr-hdds-2359-lls5b-3453883328, networkLocation: /default-rack, certSerialId: null}98a94502-2c87-40a7-b3de-b58821969ff5{ip: 192.168.157.233, host: pr-hdds-2359-lls5b-3453883328, networkLocation: /default-rack, certSerialId: null}, Type:RATIS, Factor:THREE, State:CLOSED] moved to CLOSED state
2019-10-25 11:00:51,614 [EventQueue-CloseContainerForCloseContainerEventHandler] INFO  container.CloseContainerEventHandler (CloseContainerEventHandler.java:onMessage(61)) - Close container Event triggered for container : #1
2019-10-25 11:00:51,626 [EventQueue-ContainerReportForContainerReportHandler] INFO  container.ContainerReportHandler (AbstractContainerReportHandler.java:updateContainerState(178)) - Moving container #1 to CLOSED state, datanode 98a94502-2c87-40a7-b3de-b58821969ff5{ip: 192.168.157.233, host: pr-hdds-2359-lls5b-3453883328, networkLocation: /default-rack, certSerialId: null} reported CLOSED replica.
2019-10-25 11:00:51,937 [SCMBlockDeletingService#1] INFO  block.SCMBlockDeletingService (SCMBlockDeletingService.java:call(184)) - Totally added 3 delete blocks command for 3 datanodes, task elapsed time: 6ms
2019-10-25 11:00:52,008 [EventQueue-PendingDeleteStatusForPendingDeleteHandler] INFO  block.SCMBlockDeletingService (SCMBlockDeletingService.java:handlePendingDeletes(115)) - Block deletion txnID mismatch in datanode ef252736-79c5-4662-a0c7-91e85b60cae7 for containerID 1. Datanode delete txnID: 0, SCM txnID: 1
2019-10-25 11:00:52,225 [EventQueue-PendingDeleteStatusForPendingDeleteHandler] INFO  block.SCMBlockDeletingService (SCMBlockDeletingService.java:handlePendingDeletes(115)) - Block deletion txnID mismatch in datanode 98a94502-2c87-40a7-b3de-b58821969ff5 for containerID 1. Datanode delete txnID: 0, SCM txnID: 1
2019-10-25 11:00:52,286 [BlockDeletingService#4] WARN  background.BlockDeletingService (BlockDeletingService.java:isDeletionAllowed(187)) - Close Container log Index 6 is not replicated across allthe servers in the pipeline 4b59a773-7942-4ce0-97fc-75e956cae081 as the min replicated index is 4. Deletion is not allowed in this container yet.
2019-10-25 11:00:52,286 [BlockDeletingService#2] WARN  background.BlockDeletingService (BlockDeletingService.java:isDeletionAllowed(187)) - Close Container log Index 6 is not replicated across allthe servers in the pipeline 4b59a773-7942-4ce0-97fc-75e956cae081 as the min replicated index is 4. Deletion is not allowed in this container yet.
2019-10-25 11:00:52,407 [EventQueue-PendingDeleteStatusForPendingDeleteHandler] INFO  block.SCMBlockDeletingService (SCMBlockDeletingService.java:handlePendingDeletes(115)) - Block deletion txnID mismatch in datanode ef252736-79c5-4662-a0c7-91e85b60cae7 for containerID 1. Datanode delete txnID: 0, SCM txnID: 1
2019-10-25 11:00:52,425 [EventQueue-PendingDeleteStatusForPendingDeleteHandler] INFO  block.SCMBlockDeletingService (SCMBlockDeletingService.java:handlePendingDeletes(115)) - Block deletion txnID mismatch in datanode 98a94502-2c87-40a7-b3de-b58821969ff5 for containerID 1. Datanode delete txnID: 0, SCM txnID: 1
2019-10-25 11:00:52,707 [EventQueue-PendingDeleteStatusForPendingDeleteHandler] INFO  block.SCMBlockDeletingService (SCMBlockDeletingService.java:handlePendingDeletes(115)) - Block deletion txnID mismatch in datanode ef252736-79c5-4662-a0c7-91e85b60cae7 for containerID 1. Datanode delete txnID: 0, SCM txnID: 1
2019-10-25 11:00:52,708 [Command processor thread] INFO  commandhandler.DeleteBlocksCommandHandler (DeleteBlocksCommandHandler.java:handle(106)) - Start to delete container blocks, TXIDs=[1(0)], numOfContainers=1, numOfBlocks=1
2019-10-25 11:00:52,825 [EventQueue-PendingDeleteStatusForPendingDeleteHandler] INFO  block.SCMBlockDeletingService (SCMBlockDeletingService.java:handlePendingDeletes(115)) - Block deletion txnID mismatch in datanode 98a94502-2c87-40a7-b3de-b58821969ff5 for containerID 1. Datanode delete txnID: 0, SCM txnID: 1
2019-10-25 11:00:52,938 [pool-7-thread-1] INFO  commands.RetriableDatanodeEventWatcher (RetriableDatanodeEventWatcher.java:onTimeout(47)) - RetriableDatanodeCommand type=deleteBlocksCommand with id=1572001251936 timed out. Retrying.
2019-10-25 11:00:52,938 [SCMBlockDeletingService#1] INFO  block.SCMBlockDeletingService (SCMBlockDeletingService.java:call(184)) - Totally added 2 delete blocks command for 2 datanodes, task elapsed time: 1ms
2019-10-25 11:00:52,938 [pool-7-thread-2] INFO  commands.RetriableDatanodeEventWatcher (RetriableDatanodeEventWatcher.java:onTimeout(47)) - RetriableDatanodeCommand type=deleteBlocksCommand with id=1572001251938 timed out. Retrying.
2019-10-25 11:00:53,025 [Command processor thread] INFO  commandhandler.DeleteBlocksCommandHandler (DeleteBlocksCommandHandler.java:handle(106)) - Start to delete container blocks, TXIDs=[1(0)], numOfContainers=1, numOfBlocks=1
2019-10-25 11:00:53,077 [main] INFO  impl.MetricsSystemImpl (MetricsSystemImpl.java:init(158)) - HddsDatanode metrics system started (again)
2019-10-25 11:00:53,129 [main] INFO  ozone.HddsDatanodeService (HddsDatanodeService.java:start(184)) - HddsDatanodeService host:pr-hdds-2359-lls5b-3453883328 ip:192.168.157.233
2019-10-25 11:00:53,133 [main] INFO  volume.VolumeUsage (VolumeUsage.java:loadScmUsed(144)) - Cached ScmUsed found for /workdir/hadoop-ozone/integration-test/target/test-dir/MiniOzoneClusterImpl-6ab75f42-d005-46c3-b20f-f10c1b9a2e9f/datanode-1/data/containers : 4096 
2019-10-25 11:00:53,133 [main] INFO  volume.HddsVolume (HddsVolume.java:<init>(176)) - Creating Volume: /workdir/hadoop-ozone/integration-test/target/test-dir/MiniOzoneClusterImpl-6ab75f42-d005-46c3-b20f-f10c1b9a2e9f/datanode-1/data/containers/hdds of  storage type : DISK and capacity : 1482555576320
2019-10-25 11:00:53,134 [main] INFO  volume.VolumeSet (VolumeSet.java:initializeVolumeSet(170)) - Added Volume : /workdir/hadoop-ozone/integration-test/target/test-dir/MiniOzoneClusterImpl-6ab75f42-d005-46c3-b20f-f10c1b9a2e9f/datanode-1/data/containers/hdds to VolumeSet
2019-10-25 11:00:53,134 [main] INFO  volume.ThrottledAsyncChecker (ThrottledAsyncChecker.java:schedule(141)) - Scheduling a check for /workdir/hadoop-ozone/integration-test/target/test-dir/MiniOzoneClusterImpl-6ab75f42-d005-46c3-b20f-f10c1b9a2e9f/datanode-1/data/containers/hdds
2019-10-25 11:00:53,135 [main] INFO  volume.HddsVolumeChecker (HddsVolumeChecker.java:checkAllVolumes(204)) - Scheduled health check for volume /workdir/hadoop-ozone/integration-test/target/test-dir/MiniOzoneClusterImpl-6ab75f42-d005-46c3-b20f-f10c1b9a2e9f/datanode-1/data/containers/hdds
2019-10-25 11:00:53,180 [main] INFO  impl.RaftServerProxy (ConfUtils.java:logGet(43)) - raft.rpc.type = GRPC (default)
2019-10-25 11:00:53,180 [main] INFO  grpc.GrpcFactory (GrpcFactory.java:checkPooledByteBufAllocatorUseCacheForAllThreads(45)) - PERFORMANCE WARNING: useCacheForAllThreads is true that may cause Netty to create a lot garbage objects and, as a result, trigger GC.
	It is recommended to disable useCacheForAllThreads by setting -Dorg.apache.ratis.thirdparty.io.netty.allocator.useCacheForAllThreads=false in command line.
2019-10-25 11:00:53,180 [main] INFO  grpc.GrpcConfigKeys$Server (ConfUtils.java:logGet(43)) - raft.grpc.server.port = 33523 (custom)
2019-10-25 11:00:53,181 [main] INFO  server.GrpcService (ConfUtils.java:logGet(43)) - raft.grpc.message.size.max = 33570816 (custom)
2019-10-25 11:00:53,181 [main] INFO  server.RaftServerConfigKeys (ConfUtils.java:logGet(43)) - raft.server.log.appender.buffer.byte-limit = 33554432 (custom)
2019-10-25 11:00:53,181 [main] INFO  server.GrpcService (ConfUtils.java:logGet(43)) - raft.grpc.flow.control.window = 1MB (=1048576) (default)
2019-10-25 11:00:53,181 [main] INFO  server.RaftServerConfigKeys (ConfUtils.java:logGet(43)) - raft.server.rpc.request.timeout = 3000ms (default)
2019-10-25 11:00:53,182 [main] INFO  server.RaftServerConfigKeys (ConfUtils.java:logGet(43)) - raft.server.storage.dir = [/workdir/hadoop-ozone/integration-test/target/test-dir/MiniOzoneClusterImpl-6ab75f42-d005-46c3-b20f-f10c1b9a2e9f/datanode-1/data/ratis] (custom)
2019-10-25 11:00:53,182 [main] INFO  impl.RaftServerProxy (RaftServerProxy.java:lambda$null$0(191)) - c661ec13-19db-400c-b7a5-525d9c97029d: found a subdirectory /workdir/hadoop-ozone/integration-test/target/test-dir/MiniOzoneClusterImpl-6ab75f42-d005-46c3-b20f-f10c1b9a2e9f/datanode-1/data/ratis/4b59a773-7942-4ce0-97fc-75e956cae081
2019-10-25 11:00:53,184 [main] INFO  impl.RaftServerProxy (RaftServerProxy.java:addNew(89)) - c661ec13-19db-400c-b7a5-525d9c97029d: addNew group-75E956CAE081:[] returns group-75E956CAE081:java.util.concurrent.CompletableFuture@2b5c4f17[Not completed]
2019-10-25 11:00:53,184 [main] INFO  impl.RaftServerProxy (RaftServerProxy.java:lambda$null$0(191)) - c661ec13-19db-400c-b7a5-525d9c97029d: found a subdirectory /workdir/hadoop-ozone/integration-test/target/test-dir/MiniOzoneClusterImpl-6ab75f42-d005-46c3-b20f-f10c1b9a2e9f/datanode-1/data/ratis/4415c6a0-2e95-4ec2-8830-f8f143b02786
2019-10-25 11:00:53,184 [main] INFO  impl.RaftServerProxy (RaftServerProxy.java:addNew(89)) - c661ec13-19db-400c-b7a5-525d9c97029d: addNew group-F8F143B02786:[] returns group-F8F143B02786:java.util.concurrent.CompletableFuture@6ca8fcf3[Not completed]
2019-10-25 11:00:53,187 [pool-59-thread-1] INFO  impl.RaftServerImpl (RaftServerImpl.java:<init>(104)) - c661ec13-19db-400c-b7a5-525d9c97029d: new RaftServerImpl for group-75E956CAE081:[] with ContainerStateMachine:uninitialized
2019-10-25 11:00:53,187 [pool-59-thread-1] INFO  server.RaftServerConfigKeys (ConfUtils.java:logGet(43)) - raft.server.rpc.timeout.min = 5s (custom)
2019-10-25 11:00:53,188 [pool-59-thread-1] INFO  server.RaftServerConfigKeys (ConfUtils.java:logGet(43)) - raft.server.rpc.timeout.max = 5200ms (custom)
2019-10-25 11:00:53,188 [pool-59-thread-1] INFO  server.RaftServerConfigKeys (ConfUtils.java:logGet(43)) - raft.server.rpcslowness.timeout = 1000s (custom)
2019-10-25 11:00:53,188 [pool-59-thread-1] INFO  server.RaftServerConfigKeys (ConfUtils.java:logGet(43)) - raft.server.sleep.deviation.threshold = 300 (default)
2019-10-25 11:00:53,188 [pool-59-thread-1] INFO  server.RaftServerConfigKeys (ConfUtils.java:logGet(43)) - raft.server.log.appender.install.snapshot.enabled = false (custom)
2019-10-25 11:00:53,188 [pool-59-thread-1] INFO  impl.RaftServerImpl (ServerState.java:<init>(103)) - c661ec13-19db-400c-b7a5-525d9c97029d@group-75E956CAE081: ConfigurationManager, init=-1: [], old=null, confs=<EMPTY_MAP>
2019-10-25 11:00:53,188 [pool-59-thread-1] INFO  server.RaftServerConfigKeys (ConfUtils.java:logGet(43)) - raft.server.storage.dir = [/workdir/hadoop-ozone/integration-test/target/test-dir/MiniOzoneClusterImpl-6ab75f42-d005-46c3-b20f-f10c1b9a2e9f/datanode-1/data/ratis] (custom)
2019-10-25 11:00:53,189 [pool-59-thread-1] INFO  server.RaftServerConfigKeys (ConfUtils.java:logGet(43)) - raft.server.log.corruption.policy = EXCEPTION (default)
2019-10-25 11:00:53,189 [main] INFO  hdfs.DFSUtil (DFSUtil.java:httpServerTemplateForNNAndJN(1641)) - Starting Web-server for hddsDatanode at: http://0.0.0.0:40811
2019-10-25 11:00:53,191 [main] INFO  server.AuthenticationFilter (AuthenticationFilter.java:constructSecretProvider(240)) - Unable to initialize FileSignerSecretProvider, falling back to use random secrets.
2019-10-25 11:00:53,192 [main] WARN  http.HttpRequestLog (HttpRequestLog.java:getRequestLog(97)) - Jetty request log can only be enabled using Log4j
2019-10-25 11:00:53,201 [main] INFO  http.HttpServer2 (HttpServer2.java:addGlobalFilter(975)) - Added global filter 'safety' (class=org.apache.hadoop.http.HttpServer2$QuotingInputFilter)
2019-10-25 11:00:53,201 [pool-59-thread-1] INFO  storage.RaftStorageDirectory (RaftStorageDirectory.java:tryLock(328)) - Lock on /workdir/hadoop-ozone/integration-test/target/test-dir/MiniOzoneClusterImpl-6ab75f42-d005-46c3-b20f-f10c1b9a2e9f/datanode-1/data/ratis/4b59a773-7942-4ce0-97fc-75e956cae081/in_use.lock acquired by nodename 8158@pr-hdds-2359-lls5b-3453883328
2019-10-25 11:00:53,203 [main] INFO  http.HttpServer2 (HttpServer2.java:addFilter(948)) - Added filter static_user_filter (class=org.apache.hadoop.http.lib.StaticUserWebFilter$StaticUserFilter) to context hddsDatanode
2019-10-25 11:00:53,203 [main] INFO  http.HttpServer2 (HttpServer2.java:addFilter(958)) - Added filter static_user_filter (class=org.apache.hadoop.http.lib.StaticUserWebFilter$StaticUserFilter) to context static
2019-10-25 11:00:53,203 [main] INFO  http.HttpServer2 (HttpServer2.java:addFilter(958)) - Added filter static_user_filter (class=org.apache.hadoop.http.lib.StaticUserWebFilter$StaticUserFilter) to context logs
2019-10-25 11:00:53,206 [pool-59-thread-1] INFO  ratis.ContainerStateMachine (ContainerStateMachine.java:loadSnapshot(240)) - group-75E956CAE081: Setting the last applied index to (t:3, i:3)
2019-10-25 11:00:53,206 [main] INFO  http.HttpServer2 (HttpServer2.java:bindListener(1191)) - Jetty bound to port 40811
2019-10-25 11:00:53,206 [main] INFO  server.Server (Server.java:doStart(351)) - jetty-9.3.25.v20180904, build timestamp: 2018-09-04T21:11:46Z, git hash: 3ce520221d0240229c862b122d2b06c12a625732
2019-10-25 11:00:53,209 [main] INFO  handler.ContextHandler (ContextHandler.java:doStart(781)) - Started o.e.j.s.ServletContextHandler@177c41d7{/logs,file:///workdir/hadoop-ozone/integration-test/target/log,AVAILABLE}
2019-10-25 11:00:53,210 [main] INFO  handler.ContextHandler (ContextHandler.java:doStart(781)) - Started o.e.j.s.ServletContextHandler@1d61a348{/static,jar:file:/home/user/.m2/repository/org/apache/hadoop/hadoop-hdds-container-service/0.5.0-SNAPSHOT/hadoop-hdds-container-service-0.5.0-SNAPSHOT.jar!/webapps/static,AVAILABLE}
2019-10-25 11:00:53,213 [pool-59-thread-1] INFO  impl.RaftServerImpl (ServerState.java:setRaftConf(357)) - c661ec13-19db-400c-b7a5-525d9c97029d@group-75E956CAE081: set configuration 0: [98a94502-2c87-40a7-b3de-b58821969ff5:192.168.157.233:45458, ef252736-79c5-4662-a0c7-91e85b60cae7:192.168.157.233:36823, c661ec13-19db-400c-b7a5-525d9c97029d:192.168.157.233:33523], old=null at 0
2019-10-25 11:00:53,213 [pool-59-thread-1] INFO  server.RaftServerConfigKeys (ConfUtils.java:logGet(43)) - raft.server.notification.no-leader.timeout = 1000s (custom)
2019-10-25 11:00:53,213 [pool-59-thread-1] INFO  server.RaftServerConfigKeys (ConfUtils.java:logGet(43)) - raft.server.log.use.memory = false (default)
2019-10-25 11:00:53,213 [pool-59-thread-1] INFO  server.RaftServerConfigKeys (ConfUtils.java:logGet(43)) - raft.server.log.purge.gap = 1000000 (custom)
2019-10-25 11:00:53,213 [pool-59-thread-1] INFO  server.RaftServerConfigKeys (ConfUtils.java:logGet(43)) - raft.server.log.appender.buffer.byte-limit = 33554432 (custom)
2019-10-25 11:00:53,213 [pool-59-thread-1] INFO  server.RaftServerConfigKeys (ConfUtils.java:logGet(43)) - raft.server.log.segment.size.max = 1048576 (custom)
2019-10-25 11:00:53,214 [pool-59-thread-1] INFO  server.RaftServerConfigKeys (ConfUtils.java:logGet(43)) - raft.server.log.segment.cache.num.max = 2 (custom)
2019-10-25 11:00:53,214 [pool-59-thread-1] INFO  segmented.SegmentedRaftLogWorker (SegmentedRaftLogWorker.java:<init>(173)) - new c661ec13-19db-400c-b7a5-525d9c97029d@group-75E956CAE081-SegmentedRaftLogWorker for RaftStorage:Storage Directory /workdir/hadoop-ozone/integration-test/target/test-dir/MiniOzoneClusterImpl-6ab75f42-d005-46c3-b20f-f10c1b9a2e9f/datanode-1/data/ratis/4b59a773-7942-4ce0-97fc-75e956cae081
2019-10-25 11:00:53,214 [pool-59-thread-1] INFO  server.RaftServerConfigKeys (ConfUtils.java:logGet(43)) - raft.server.log.queue.byte-limit = 2147483647 (custom)
2019-10-25 11:00:53,214 [pool-59-thread-1] INFO  server.RaftServerConfigKeys (ConfUtils.java:logGet(43)) - raft.server.log.queue.element-limit = 1024 (custom)
2019-10-25 11:00:53,214 [pool-59-thread-1] INFO  server.RaftServerConfigKeys (ConfUtils.java:logGet(43)) - raft.server.log.segment.size.max = 1048576 (custom)
2019-10-25 11:00:53,214 [pool-59-thread-1] INFO  server.RaftServerConfigKeys (ConfUtils.java:logGet(43)) - raft.server.log.preallocated.size = 16384 (custom)
2019-10-25 11:00:53,215 [pool-59-thread-1] INFO  server.RaftServerConfigKeys (ConfUtils.java:logGet(43)) - raft.server.log.write.buffer.size = 33554432 (custom)
2019-10-25 11:00:53,215 [pool-59-thread-1] INFO  server.RaftServerConfigKeys (ConfUtils.java:logGet(43)) - raft.server.log.force.sync.num = 128 (default)
2019-10-25 11:00:53,215 [pool-59-thread-1] INFO  server.RaftServerConfigKeys (ConfUtils.java:logGet(43)) - raft.server.log.statemachine.data.sync = true (default)
2019-10-25 11:00:53,215 [pool-59-thread-1] INFO  server.RaftServerConfigKeys (ConfUtils.java:logGet(43)) - raft.server.log.statemachine.data.sync.timeout = 10s (default)
2019-10-25 11:00:53,215 [pool-59-thread-1] INFO  server.RaftServerConfigKeys (ConfUtils.java:logGet(43)) - raft.server.log.statemachine.data.sync.timeout.retry = -1 (default)
2019-10-25 11:00:53,215 [pool-59-thread-1] INFO  server.RaftServerConfigKeys (ConfUtils.java:logGet(43)) - raft.server.log.statemachine.data.caching.enabled = true (custom)
2019-10-25 11:00:53,221 [pool-59-thread-1] INFO  impl.RaftServerImpl (ServerState.java:setRaftConf(357)) - c661ec13-19db-400c-b7a5-525d9c97029d@group-75E956CAE081: set configuration 0: [98a94502-2c87-40a7-b3de-b58821969ff5:192.168.157.233:45458, ef252736-79c5-4662-a0c7-91e85b60cae7:192.168.157.233:36823, c661ec13-19db-400c-b7a5-525d9c97029d:192.168.157.233:33523], old=null at 0
2019-10-25 11:00:53,222 [pool-59-thread-1] INFO  segmented.LogSegment (LogSegment.java:loadSegment(140)) - Successfully read 5 entries from segment file /workdir/hadoop-ozone/integration-test/target/test-dir/MiniOzoneClusterImpl-6ab75f42-d005-46c3-b20f-f10c1b9a2e9f/datanode-1/data/ratis/4b59a773-7942-4ce0-97fc-75e956cae081/current/log_inprogress_0
2019-10-25 11:00:53,222 [pool-59-thread-1] INFO  segmented.SegmentedRaftLogWorker (SegmentedRaftLogWorker.java:lambda$new$0(128)) - c661ec13-19db-400c-b7a5-525d9c97029d@group-75E956CAE081-SegmentedRaftLogWorker: flushIndex: setUnconditionally 0 -> 4
2019-10-25 11:00:53,245 [pool-59-thread-1] INFO  raftlog.RaftLog (RaftLog.java:lambda$new$0(61)) - c661ec13-19db-400c-b7a5-525d9c97029d@group-75E956CAE081-SegmentedRaftLog: commitIndex: updateToMax old=3, new=3, updated? false
2019-10-25 11:00:53,246 [pool-59-thread-1] INFO  server.RaftServerConfigKeys (ConfUtils.java:logGet(43)) - raft.server.snapshot.auto.trigger.enabled = true (custom)
2019-10-25 11:00:53,246 [pool-59-thread-1] INFO  server.RaftServerConfigKeys (ConfUtils.java:logGet(43)) - raft.server.snapshot.auto.trigger.threshold = 10000 (custom)
2019-10-25 11:00:53,246 [pool-59-thread-1] INFO  server.RaftServerConfigKeys (ConfUtils.java:logGet(43)) - raft.server.snapshot.retention.file.num = 5 (custom)
2019-10-25 11:00:53,246 [pool-59-thread-1] INFO  server.RaftServerConfigKeys (ConfUtils.java:logGet(43)) - raft.server.retrycache.expirytime = 600000ms (custom)
2019-10-25 11:00:53,248 [pool-59-thread-1] INFO  impl.RaftServerImpl (RaftServerImpl.java:<init>(104)) - c661ec13-19db-400c-b7a5-525d9c97029d: new RaftServerImpl for group-F8F143B02786:[] with ContainerStateMachine:uninitialized
2019-10-25 11:00:53,248 [pool-59-thread-1] INFO  server.RaftServerConfigKeys (ConfUtils.java:logGet(43)) - raft.server.rpc.timeout.min = 5s (custom)
2019-10-25 11:00:53,248 [pool-59-thread-1] INFO  server.RaftServerConfigKeys (ConfUtils.java:logGet(43)) - raft.server.rpc.timeout.max = 5200ms (custom)
2019-10-25 11:00:53,248 [pool-59-thread-1] INFO  server.RaftServerConfigKeys (ConfUtils.java:logGet(43)) - raft.server.rpcslowness.timeout = 1000s (custom)
2019-10-25 11:00:53,248 [pool-59-thread-1] INFO  server.RaftServerConfigKeys (ConfUtils.java:logGet(43)) - raft.server.sleep.deviation.threshold = 300 (default)
2019-10-25 11:00:53,249 [pool-59-thread-1] INFO  server.RaftServerConfigKeys (ConfUtils.java:logGet(43)) - raft.server.log.appender.install.snapshot.enabled = false (custom)
2019-10-25 11:00:53,249 [pool-59-thread-1] INFO  impl.RaftServerImpl (ServerState.java:<init>(103)) - c661ec13-19db-400c-b7a5-525d9c97029d@group-F8F143B02786: ConfigurationManager, init=-1: [], old=null, confs=<EMPTY_MAP>
2019-10-25 11:00:53,249 [pool-59-thread-1] INFO  server.RaftServerConfigKeys (ConfUtils.java:logGet(43)) - raft.server.storage.dir = [/workdir/hadoop-ozone/integration-test/target/test-dir/MiniOzoneClusterImpl-6ab75f42-d005-46c3-b20f-f10c1b9a2e9f/datanode-1/data/ratis] (custom)
2019-10-25 11:00:53,249 [pool-59-thread-1] INFO  server.RaftServerConfigKeys (ConfUtils.java:logGet(43)) - raft.server.log.corruption.policy = EXCEPTION (default)
2019-10-25 11:00:53,255 [main] INFO  handler.ContextHandler (ContextHandler.java:doStart(781)) - Started o.e.j.w.WebAppContext@79518e00{/,file:///tmp/jetty-0.0.0.0-40811-hddsDatanode-_-any-2198399947360289702.dir/webapp/,AVAILABLE}{/hddsDatanode}
2019-10-25 11:00:53,255 [main] INFO  server.AbstractConnector (AbstractConnector.java:doStart(278)) - Started ServerConnector@3c91530d{HTTP/1.1,[http/1.1]}{0.0.0.0:40811}
2019-10-25 11:00:53,257 [main] INFO  server.Server (Server.java:doStart(419)) - Started @112961ms
2019-10-25 11:00:53,257 [main] WARN  impl.MetricsSystemImpl (MetricsSystemImpl.java:register(276)) - Sink prometheus already exists!
2019-10-25 11:00:53,258 [main] INFO  server.BaseHttpServer (BaseHttpServer.java:updateConnectorAddress(215)) - HTTP server of HDDSDATANODE is listening at http://0.0.0.0:40811
2019-10-25 11:00:53,259 [org.apache.hadoop.util.JvmPauseMonitor$Monitor@12ea4f24] INFO  util.JvmPauseMonitor (JvmPauseMonitor.java:run(188)) - Starting JVM pause monitor
2019-10-25 11:00:53,261 [pool-59-thread-1] INFO  storage.RaftStorageDirectory (RaftStorageDirectory.java:tryLock(328)) - Lock on /workdir/hadoop-ozone/integration-test/target/test-dir/MiniOzoneClusterImpl-6ab75f42-d005-46c3-b20f-f10c1b9a2e9f/datanode-1/data/ratis/4415c6a0-2e95-4ec2-8830-f8f143b02786/in_use.lock acquired by nodename 8158@pr-hdds-2359-lls5b-3453883328
2019-10-25 11:00:53,262 [pool-59-thread-1] INFO  ratis.ContainerStateMachine (ContainerStateMachine.java:loadSnapshot(231)) - group-F8F143B02786: The snapshot info is null. Setting the last applied indexto:(t:0, i:~)
2019-10-25 11:00:53,262 [pool-59-thread-1] INFO  server.RaftServerConfigKeys (ConfUtils.java:logGet(43)) - raft.server.notification.no-leader.timeout = 1000s (custom)
2019-10-25 11:00:53,262 [pool-59-thread-1] INFO  server.RaftServerConfigKeys (ConfUtils.java:logGet(43)) - raft.server.log.use.memory = false (default)
2019-10-25 11:00:53,262 [pool-59-thread-1] INFO  server.RaftServerConfigKeys (ConfUtils.java:logGet(43)) - raft.server.log.purge.gap = 1000000 (custom)
2019-10-25 11:00:53,262 [pool-59-thread-1] INFO  server.RaftServerConfigKeys (ConfUtils.java:logGet(43)) - raft.server.log.appender.buffer.byte-limit = 33554432 (custom)
2019-10-25 11:00:53,262 [pool-59-thread-1] INFO  server.RaftServerConfigKeys (ConfUtils.java:logGet(43)) - raft.server.log.segment.size.max = 1048576 (custom)
2019-10-25 11:00:53,262 [pool-59-thread-1] INFO  server.RaftServerConfigKeys (ConfUtils.java:logGet(43)) - raft.server.log.segment.cache.num.max = 2 (custom)
2019-10-25 11:00:53,262 [pool-59-thread-1] INFO  segmented.SegmentedRaftLogWorker (SegmentedRaftLogWorker.java:<init>(173)) - new c661ec13-19db-400c-b7a5-525d9c97029d@group-F8F143B02786-SegmentedRaftLogWorker for RaftStorage:Storage Directory /workdir/hadoop-ozone/integration-test/target/test-dir/MiniOzoneClusterImpl-6ab75f42-d005-46c3-b20f-f10c1b9a2e9f/datanode-1/data/ratis/4415c6a0-2e95-4ec2-8830-f8f143b02786
2019-10-25 11:00:53,262 [pool-59-thread-1] INFO  server.RaftServerConfigKeys (ConfUtils.java:logGet(43)) - raft.server.log.queue.byte-limit = 2147483647 (custom)
2019-10-25 11:00:53,262 [pool-59-thread-1] INFO  server.RaftServerConfigKeys (ConfUtils.java:logGet(43)) - raft.server.log.queue.element-limit = 1024 (custom)
2019-10-25 11:00:53,263 [pool-59-thread-1] INFO  server.RaftServerConfigKeys (ConfUtils.java:logGet(43)) - raft.server.log.segment.size.max = 1048576 (custom)
2019-10-25 11:00:53,263 [pool-59-thread-1] INFO  server.RaftServerConfigKeys (ConfUtils.java:logGet(43)) - raft.server.log.preallocated.size = 16384 (custom)
2019-10-25 11:00:53,263 [pool-59-thread-1] INFO  server.RaftServerConfigKeys (ConfUtils.java:logGet(43)) - raft.server.log.write.buffer.size = 33554432 (custom)
2019-10-25 11:00:53,263 [pool-59-thread-1] INFO  server.RaftServerConfigKeys (ConfUtils.java:logGet(43)) - raft.server.log.force.sync.num = 128 (default)
2019-10-25 11:00:53,263 [pool-59-thread-1] INFO  server.RaftServerConfigKeys (ConfUtils.java:logGet(43)) - raft.server.log.statemachine.data.sync = true (default)
2019-10-25 11:00:53,263 [pool-59-thread-1] INFO  server.RaftServerConfigKeys (ConfUtils.java:logGet(43)) - raft.server.log.statemachine.data.sync.timeout = 10s (default)
2019-10-25 11:00:53,263 [pool-59-thread-1] INFO  server.RaftServerConfigKeys (ConfUtils.java:logGet(43)) - raft.server.log.statemachine.data.sync.timeout.retry = -1 (default)
2019-10-25 11:00:53,263 [pool-59-thread-1] INFO  server.RaftServerConfigKeys (ConfUtils.java:logGet(43)) - raft.server.log.statemachine.data.caching.enabled = true (custom)
2019-10-25 11:00:53,264 [pool-59-thread-1] INFO  impl.RaftServerImpl (ServerState.java:setRaftConf(357)) - c661ec13-19db-400c-b7a5-525d9c97029d@group-F8F143B02786: set configuration 0: [c661ec13-19db-400c-b7a5-525d9c97029d:192.168.157.233:33523], old=null at 0
2019-10-25 11:00:53,264 [pool-59-thread-1] INFO  segmented.LogSegment (LogSegment.java:loadSegment(140)) - Successfully read 1 entries from segment file /workdir/hadoop-ozone/integration-test/target/test-dir/MiniOzoneClusterImpl-6ab75f42-d005-46c3-b20f-f10c1b9a2e9f/datanode-1/data/ratis/4415c6a0-2e95-4ec2-8830-f8f143b02786/current/log_inprogress_0
2019-10-25 11:00:53,264 [pool-59-thread-1] INFO  segmented.SegmentedRaftLogWorker (SegmentedRaftLogWorker.java:lambda$new$0(128)) - c661ec13-19db-400c-b7a5-525d9c97029d@group-F8F143B02786-SegmentedRaftLogWorker: flushIndex: setUnconditionally 0 -> 0
2019-10-25 11:00:53,286 [pool-59-thread-1] INFO  server.RaftServerConfigKeys (ConfUtils.java:logGet(43)) - raft.server.snapshot.auto.trigger.enabled = true (custom)
2019-10-25 11:00:53,287 [pool-59-thread-1] INFO  server.RaftServerConfigKeys (ConfUtils.java:logGet(43)) - raft.server.snapshot.auto.trigger.threshold = 10000 (custom)
2019-10-25 11:00:53,287 [pool-59-thread-1] INFO  server.RaftServerConfigKeys (ConfUtils.java:logGet(43)) - raft.server.snapshot.retention.file.num = 5 (custom)
2019-10-25 11:00:53,287 [pool-59-thread-1] INFO  server.RaftServerConfigKeys (ConfUtils.java:logGet(43)) - raft.server.retrycache.expirytime = 600000ms (custom)
2019-10-25 11:00:53,287 [BlockDeletingService#4] WARN  background.BlockDeletingService (BlockDeletingService.java:isDeletionAllowed(187)) - Close Container log Index 6 is not replicated across allthe servers in the pipeline 4b59a773-7942-4ce0-97fc-75e956cae081 as the min replicated index is 4. Deletion is not allowed in this container yet.
2019-10-25 11:00:53,287 [BlockDeletingService#2] WARN  background.BlockDeletingService (BlockDeletingService.java:isDeletionAllowed(187)) - Close Container log Index 6 is not replicated across allthe servers in the pipeline 4b59a773-7942-4ce0-97fc-75e956cae081 as the min replicated index is 4. Deletion is not allowed in this container yet.
2019-10-25 11:00:53,516 [java.util.concurrent.ThreadPoolExecutor$Worker@6ad81b1e[State = -1, empty queue]] WARN  server.GrpcLogAppender (GrpcLogAppender.java:timeoutAppendRequest(209)) - ef252736-79c5-4662-a0c7-91e85b60cae7@group-75E956CAE081->c661ec13-19db-400c-b7a5-525d9c97029d-GrpcLogAppender: appendEntries Timeout, request=ef252736-79c5-4662-a0c7-91e85b60cae7->c661ec13-19db-400c-b7a5-525d9c97029d#50-t3, previous=(t:3, i:10), leaderCommit=10, initializing? false, entries: <empty>
2019-10-25 11:00:53,938 [pool-7-thread-2] INFO  commands.RetriableDatanodeEventWatcher (RetriableDatanodeEventWatcher.java:onTimeout(47)) - RetriableDatanodeCommand type=deleteBlocksCommand with id=1572001251940 timed out. Retrying.
2019-10-25 11:00:53,938 [pool-7-thread-1] INFO  commands.RetriableDatanodeEventWatcher (RetriableDatanodeEventWatcher.java:onTimeout(47)) - RetriableDatanodeCommand type=deleteBlocksCommand with id=1572001251936 timed out. Retrying.
2019-10-25 11:00:53,938 [pool-7-thread-4] INFO  commands.RetriableDatanodeEventWatcher (RetriableDatanodeEventWatcher.java:onTimeout(47)) - RetriableDatanodeCommand type=deleteBlocksCommand with id=1572001251938 timed out. Retrying.
2019-10-25 11:00:53,939 [pool-7-thread-3] INFO  commands.RetriableDatanodeEventWatcher (RetriableDatanodeEventWatcher.java:onTimeout(47)) - RetriableDatanodeCommand type=deleteBlocksCommand with id=1572001251939 timed out. Retrying.
2019-10-25 11:00:53,939 [SCMBlockDeletingService#1] INFO  block.SCMBlockDeletingService (SCMBlockDeletingService.java:call(184)) - Totally added 2 delete blocks command for 2 datanodes, task elapsed time: 1ms
2019-10-25 11:00:54,124 [Command processor thread] INFO  commandhandler.DeleteBlocksCommandHandler (DeleteBlocksCommandHandler.java:handle(106)) - Start to delete container blocks, TXIDs=[1(2)], numOfContainers=1, numOfBlocks=1
2019-10-25 11:00:54,125 [Command processor thread] INFO  commandhandler.DeleteBlocksCommandHandler (DeleteBlocksCommandHandler.java:handle(106)) - Start to delete container blocks, TXIDs=[1(0)], numOfContainers=1, numOfBlocks=1
2019-10-25 11:00:54,125 [Command processor thread] INFO  commandhandler.DeleteBlocksCommandHandler (DeleteBlocksCommandHandler.java:handle(106)) - Start to delete container blocks, TXIDs=[1(2)], numOfContainers=1, numOfBlocks=1
2019-10-25 11:00:54,125 [Command processor thread] INFO  commandhandler.DeleteBlocksCommandHandler (DeleteBlocksCommandHandler.java:handle(106)) - Start to delete container blocks, TXIDs=[1(0)], numOfContainers=1, numOfBlocks=1
2019-10-25 11:00:54,125 [Command processor thread] INFO  commandhandler.DeleteBlocksCommandHandler (DeleteBlocksCommandHandler.java:handle(106)) - Start to delete container blocks, TXIDs=[1(4)], numOfContainers=1, numOfBlocks=1
2019-10-25 11:00:54,289 [BlockDeletingService#4] WARN  background.BlockDeletingService (BlockDeletingService.java:isDeletionAllowed(187)) - Close Container log Index 6 is not replicated across allthe servers in the pipeline 4b59a773-7942-4ce0-97fc-75e956cae081 as the min replicated index is 4. Deletion is not allowed in this container yet.
2019-10-25 11:00:54,289 [BlockDeletingService#2] WARN  background.BlockDeletingService (BlockDeletingService.java:isDeletionAllowed(187)) - Close Container log Index 6 is not replicated across allthe servers in the pipeline 4b59a773-7942-4ce0-97fc-75e956cae081 as the min replicated index is 4. Deletion is not allowed in this container yet.
2019-10-25 11:00:54,938 [pool-7-thread-3] INFO  commands.RetriableDatanodeEventWatcher (RetriableDatanodeEventWatcher.java:onTimeout(47)) - RetriableDatanodeCommand type=deleteBlocksCommand with id=1572001251936 timed out. Retrying.
2019-10-25 11:00:54,939 [pool-7-thread-3] INFO  commands.RetriableDatanodeEventWatcher (RetriableDatanodeEventWatcher.java:onTimeout(47)) - RetriableDatanodeCommand type=deleteBlocksCommand with id=1572001251941 timed out. Retrying.
2019-10-25 11:00:54,939 [pool-7-thread-4] INFO  commands.RetriableDatanodeEventWatcher (RetriableDatanodeEventWatcher.java:onTimeout(47)) - RetriableDatanodeCommand type=deleteBlocksCommand with id=1572001251939 timed out. Retrying.
2019-10-25 11:00:54,940 [SCMBlockDeletingService#1] INFO  block.SCMBlockDeletingService (SCMBlockDeletingService.java:call(184)) - Totally added 1 delete blocks command for 1 datanodes, task elapsed time: 1ms
2019-10-25 11:00:55,262 [Datanode State Machine Thread - 0] INFO  ozoneimpl.OzoneContainer (OzoneContainer.java:start(213)) - Attempting to start container services.
2019-10-25 11:00:55,262 [Datanode State Machine Thread - 0] INFO  ozoneimpl.OzoneContainer (OzoneContainer.java:startContainerScrub(177)) - Background container scanner has been disabled.
2019-10-25 11:00:55,262 [Datanode State Machine Thread - 0] INFO  ratis.XceiverServerRatis (XceiverServerRatis.java:start(418)) - Starting XceiverServerRatis c661ec13-19db-400c-b7a5-525d9c97029d at port 33523
2019-10-25 11:00:55,341 [BlockDeletingService#4] WARN  background.BlockDeletingService (BlockDeletingService.java:isDeletionAllowed(187)) - Close Container log Index 6 is not replicated across allthe servers in the pipeline 4b59a773-7942-4ce0-97fc-75e956cae081 as the min replicated index is 4. Deletion is not allowed in this container yet.
2019-10-25 11:00:55,341 [BlockDeletingService#2] WARN  background.BlockDeletingService (BlockDeletingService.java:isDeletionAllowed(187)) - Close Container log Index 6 is not replicated across allthe servers in the pipeline 4b59a773-7942-4ce0-97fc-75e956cae081 as the min replicated index is 4. Deletion is not allowed in this container yet.
2019-10-25 11:00:55,354 [Datanode State Machine Thread - 0] INFO  impl.RaftServerImpl (RaftServerImpl.java:start(195)) - c661ec13-19db-400c-b7a5-525d9c97029d@group-75E956CAE081: start as a follower, conf=0: [98a94502-2c87-40a7-b3de-b58821969ff5:192.168.157.233:45458, ef252736-79c5-4662-a0c7-91e85b60cae7:192.168.157.233:36823, c661ec13-19db-400c-b7a5-525d9c97029d:192.168.157.233:33523], old=null
2019-10-25 11:00:55,354 [ForkJoinPool.commonPool-worker-0] INFO  impl.RaftServerImpl (RaftServerImpl.java:start(195)) - c661ec13-19db-400c-b7a5-525d9c97029d@group-F8F143B02786: start as a follower, conf=0: [c661ec13-19db-400c-b7a5-525d9c97029d:192.168.157.233:33523], old=null
2019-10-25 11:00:55,355 [Datanode State Machine Thread - 0] INFO  impl.RaftServerImpl (RaftServerImpl.java:setRole(184)) - c661ec13-19db-400c-b7a5-525d9c97029d@group-75E956CAE081: changes role from      null to FOLLOWER at term 3 for startAsFollower
2019-10-25 11:00:55,355 [ForkJoinPool.commonPool-worker-0] INFO  impl.RaftServerImpl (RaftServerImpl.java:setRole(184)) - c661ec13-19db-400c-b7a5-525d9c97029d@group-F8F143B02786: changes role from      null to FOLLOWER at term 1 for startAsFollower
2019-10-25 11:00:55,355 [Datanode State Machine Thread - 0] INFO  impl.RoleInfo (RoleInfo.java:updateAndGet(143)) - c661ec13-19db-400c-b7a5-525d9c97029d: start FollowerState
2019-10-25 11:00:55,355 [ForkJoinPool.commonPool-worker-0] INFO  impl.RoleInfo (RoleInfo.java:updateAndGet(143)) - c661ec13-19db-400c-b7a5-525d9c97029d: start FollowerState
2019-10-25 11:00:55,356 [ForkJoinPool.commonPool-worker-0] INFO  util.JmxRegister (JmxRegister.java:tryRegister(44)) - Successfully registered JMX Bean with object name Ratis:service=RaftServer,group=group-F8F143B02786,id=c661ec13-19db-400c-b7a5-525d9c97029d
2019-10-25 11:00:55,356 [Datanode State Machine Thread - 0] INFO  util.JmxRegister (JmxRegister.java:tryRegister(44)) - Successfully registered JMX Bean with object name Ratis:service=RaftServer,group=group-75E956CAE081,id=c661ec13-19db-400c-b7a5-525d9c97029d
2019-10-25 11:00:55,357 [Datanode State Machine Thread - 0] INFO  impl.RaftServerProxy (RaftServerProxy.java:lambda$start$3(299)) - c661ec13-19db-400c-b7a5-525d9c97029d: start RPC server
2019-10-25 11:00:55,358 [Datanode State Machine Thread - 0] INFO  server.GrpcService (GrpcService.java:startImpl(158)) - c661ec13-19db-400c-b7a5-525d9c97029d: GrpcService started, listening on 0.0.0.0/0.0.0.0:33523
2019-10-25 11:00:55,425 [Thread-570] INFO  impl.FollowerState (FollowerState.java:run(108)) - c661ec13-19db-400c-b7a5-525d9c97029d@group-75E956CAE081-FollowerState: change to CANDIDATE, lastRpcTime:70ms, electionTimeout:70ms
2019-10-25 11:00:55,426 [Thread-570] INFO  impl.RoleInfo (RoleInfo.java:shutdownFollowerState(121)) - c661ec13-19db-400c-b7a5-525d9c97029d: shutdown FollowerState
2019-10-25 11:00:55,426 [Thread-570] INFO  impl.RaftServerImpl (RaftServerImpl.java:setRole(184)) - c661ec13-19db-400c-b7a5-525d9c97029d@group-75E956CAE081: changes role from  FOLLOWER to CANDIDATE at term 3 for changeToCandidate
2019-10-25 11:00:55,426 [Thread-570] INFO  impl.RoleInfo (RoleInfo.java:updateAndGet(143)) - c661ec13-19db-400c-b7a5-525d9c97029d: start LeaderElection
2019-10-25 11:00:55,441 [c661ec13-19db-400c-b7a5-525d9c97029d@group-75E956CAE081-LeaderElection10] INFO  impl.LeaderElection (LeaderElection.java:askForVotes(178)) - c661ec13-19db-400c-b7a5-525d9c97029d@group-75E956CAE081-LeaderElection10: begin an election at term 4 for 0: [98a94502-2c87-40a7-b3de-b58821969ff5:192.168.157.233:45458, ef252736-79c5-4662-a0c7-91e85b60cae7:192.168.157.233:36823, c661ec13-19db-400c-b7a5-525d9c97029d:192.168.157.233:33523], old=null
2019-10-25 11:00:55,449 [grpc-default-executor-0] INFO  impl.RaftServerImpl (ServerState.java:setLeader(256)) - 98a94502-2c87-40a7-b3de-b58821969ff5@group-75E956CAE081: change Leader from ef252736-79c5-4662-a0c7-91e85b60cae7 to null at term 4 for updateCurrentTerm
2019-10-25 11:00:55,449 [grpc-default-executor-0] INFO  impl.RaftServerImpl (RaftServerImpl.java:setRole(184)) - 98a94502-2c87-40a7-b3de-b58821969ff5@group-75E956CAE081: changes role from  FOLLOWER to FOLLOWER at term 4 for recognizeCandidate:c661ec13-19db-400c-b7a5-525d9c97029d
2019-10-25 11:00:55,449 [grpc-default-executor-0] INFO  impl.RoleInfo (RoleInfo.java:shutdownFollowerState(121)) - 98a94502-2c87-40a7-b3de-b58821969ff5: shutdown FollowerState
2019-10-25 11:00:55,450 [Thread-242] INFO  impl.FollowerState (FollowerState.java:run(117)) - 98a94502-2c87-40a7-b3de-b58821969ff5@group-75E956CAE081-FollowerState was interrupted: java.lang.InterruptedException: sleep interrupted
2019-10-25 11:00:55,450 [grpc-default-executor-4] INFO  impl.RaftServerImpl (ServerState.java:setLeader(256)) - ef252736-79c5-4662-a0c7-91e85b60cae7@group-75E956CAE081: change Leader from ef252736-79c5-4662-a0c7-91e85b60cae7 to null at term 4 for updateCurrentTerm
2019-10-25 11:00:55,450 [grpc-default-executor-0] INFO  impl.RoleInfo (RoleInfo.java:updateAndGet(143)) - 98a94502-2c87-40a7-b3de-b58821969ff5: start FollowerState
2019-10-25 11:00:55,451 [grpc-default-executor-4] INFO  impl.RaftServerImpl (RaftServerImpl.java:setRole(184)) - ef252736-79c5-4662-a0c7-91e85b60cae7@group-75E956CAE081: changes role from    LEADER to FOLLOWER at term 4 for recognizeCandidate:c661ec13-19db-400c-b7a5-525d9c97029d
2019-10-25 11:00:55,451 [grpc-default-executor-4] INFO  impl.RoleInfo (RoleInfo.java:shutdownLeaderState(104)) - ef252736-79c5-4662-a0c7-91e85b60cae7: shutdown LeaderState
2019-10-25 11:00:55,453 [org.apache.ratis.server.impl.LogAppender$AppenderDaemon$$Lambda$439/1766115881@405227fc] WARN  server.GrpcLogAppender (GrpcLogAppender.java:mayWait(149)) - ef252736-79c5-4662-a0c7-91e85b60cae7@group-75E956CAE081->c661ec13-19db-400c-b7a5-525d9c97029d-GrpcLogAppender: Wait interrupted by java.lang.InterruptedException
2019-10-25 11:00:55,453 [grpc-default-executor-4] INFO  impl.PendingRequests (PendingRequests.java:sendNotLeaderResponses(202)) - ef252736-79c5-4662-a0c7-91e85b60cae7@group-75E956CAE081-PendingRequests: sendNotLeaderResponses
2019-10-25 11:00:55,453 [org.apache.ratis.server.impl.LogAppender$AppenderDaemon$$Lambda$439/1766115881@71e95052] WARN  server.GrpcLogAppender (GrpcLogAppender.java:mayWait(149)) - ef252736-79c5-4662-a0c7-91e85b60cae7@group-75E956CAE081->98a94502-2c87-40a7-b3de-b58821969ff5-GrpcLogAppender: Wait interrupted by java.lang.InterruptedException
2019-10-25 11:00:55,456 [Thread-578] INFO  client.GrpcClientProtocolService (GrpcClientProtocolService.java:lambda$processClientRequest$0(278)) - Failed RaftClientRequest:client-E2DCCEC0A424->ef252736-79c5-4662-a0c7-91e85b60cae7@group-75E956CAE081, cid=10, seq=0, Watch-ALL_COMMITTED(6), Message:<EMPTY>, reply=RaftClientReply:client-E2DCCEC0A424->ef252736-79c5-4662-a0c7-91e85b60cae7@group-75E956CAE081, cid=10, FAILED org.apache.ratis.protocol.NotLeaderException: Server ef252736-79c5-4662-a0c7-91e85b60cae7@group-75E956CAE081 is not the leader, logIndex=0, commits[ef252736-79c5-4662-a0c7-91e85b60cae7:c10, 98a94502-2c87-40a7-b3de-b58821969ff5:c10, c661ec13-19db-400c-b7a5-525d9c97029d:c4]
2019-10-25 11:00:55,456 [grpc-default-executor-4] INFO  impl.RoleInfo (RoleInfo.java:updateAndGet(143)) - ef252736-79c5-4662-a0c7-91e85b60cae7: start FollowerState
2019-10-25 11:00:55,459 [grpc-default-executor-6] INFO  server.GrpcServerProtocolService (GrpcServerProtocolService.java:onCompleted(113)) - 98a94502-2c87-40a7-b3de-b58821969ff5: Completed APPEND_ENTRIES, lastRequest: ef252736-79c5-4662-a0c7-91e85b60cae7->98a94502-2c87-40a7-b3de-b58821969ff5#51-t3, previous=(t:3, i:10), leaderCommit=10, initializing? false, entries: <empty>
2019-10-25 11:00:55,463 [grpc-default-executor-6] INFO  server.GrpcLogAppender (GrpcLogAppender.java:onCompleted(308)) - ef252736-79c5-4662-a0c7-91e85b60cae7@group-75E956CAE081->98a94502-2c87-40a7-b3de-b58821969ff5-AppendLogResponseHandler: follower responses appendEntries COMPLETED
2019-10-25 11:00:55,464 [grpc-default-executor-6] INFO  impl.FollowerInfo (FollowerInfo.java:lambda$new$0(51)) - ef252736-79c5-4662-a0c7-91e85b60cae7@group-75E956CAE081->98a94502-2c87-40a7-b3de-b58821969ff5: nextIndex: updateUnconditionally 11 -> 10
2019-10-25 11:00:55,471 [c661ec13-19db-400c-b7a5-525d9c97029d@group-75E956CAE081-LeaderElection10] INFO  impl.LeaderElection (LeaderElection.java:logAndReturn(56)) - c661ec13-19db-400c-b7a5-525d9c97029d@group-75E956CAE081-LeaderElection10: Election REJECTED; received 2 response(s) [c661ec13-19db-400c-b7a5-525d9c97029d<-98a94502-2c87-40a7-b3de-b58821969ff5#0:FAIL-t4, c661ec13-19db-400c-b7a5-525d9c97029d<-ef252736-79c5-4662-a0c7-91e85b60cae7#0:FAIL-t4] and 0 exception(s); c661ec13-19db-400c-b7a5-525d9c97029d@group-75E956CAE081:t4, leader=null, voted=c661ec13-19db-400c-b7a5-525d9c97029d, raftlog=c661ec13-19db-400c-b7a5-525d9c97029d@group-75E956CAE081-SegmentedRaftLog:OPENED:c3,f4,i4, conf=0: [98a94502-2c87-40a7-b3de-b58821969ff5:192.168.157.233:45458, ef252736-79c5-4662-a0c7-91e85b60cae7:192.168.157.233:36823, c661ec13-19db-400c-b7a5-525d9c97029d:192.168.157.233:33523], old=null
2019-10-25 11:00:55,471 [c661ec13-19db-400c-b7a5-525d9c97029d@group-75E956CAE081-LeaderElection10] INFO  impl.RaftServerImpl (RaftServerImpl.java:setRole(184)) - c661ec13-19db-400c-b7a5-525d9c97029d@group-75E956CAE081: changes role from CANDIDATE to FOLLOWER at term 4 for DISCOVERED_A_NEW_TERM
2019-10-25 11:00:55,472 [c661ec13-19db-400c-b7a5-525d9c97029d@group-75E956CAE081-LeaderElection10] INFO  impl.RoleInfo (RoleInfo.java:shutdownLeaderElection(134)) - c661ec13-19db-400c-b7a5-525d9c97029d: shutdown LeaderElection
2019-10-25 11:00:55,472 [c661ec13-19db-400c-b7a5-525d9c97029d@group-75E956CAE081-LeaderElection10] INFO  impl.RoleInfo (RoleInfo.java:updateAndGet(143)) - c661ec13-19db-400c-b7a5-525d9c97029d: start FollowerState
2019-10-25 11:00:55,532 [Thread-571] INFO  impl.FollowerState (FollowerState.java:run(108)) - c661ec13-19db-400c-b7a5-525d9c97029d@group-F8F143B02786-FollowerState: change to CANDIDATE, lastRpcTime:176ms, electionTimeout:176ms
2019-10-25 11:00:55,533 [Thread-571] INFO  impl.RoleInfo (RoleInfo.java:shutdownFollowerState(121)) - c661ec13-19db-400c-b7a5-525d9c97029d: shutdown FollowerState
2019-10-25 11:00:55,533 [Thread-571] INFO  impl.RaftServerImpl (RaftServerImpl.java:setRole(184)) - c661ec13-19db-400c-b7a5-525d9c97029d@group-F8F143B02786: changes role from  FOLLOWER to CANDIDATE at term 1 for changeToCandidate
2019-10-25 11:00:55,534 [Thread-571] INFO  impl.RoleInfo (RoleInfo.java:updateAndGet(143)) - c661ec13-19db-400c-b7a5-525d9c97029d: start LeaderElection
2019-10-25 11:00:55,548 [c661ec13-19db-400c-b7a5-525d9c97029d@group-F8F143B02786-LeaderElection11] INFO  impl.LeaderElection (LeaderElection.java:askForVotes(178)) - c661ec13-19db-400c-b7a5-525d9c97029d@group-F8F143B02786-LeaderElection11: begin an election at term 2 for 0: [c661ec13-19db-400c-b7a5-525d9c97029d:192.168.157.233:33523], old=null
2019-10-25 11:00:55,549 [c661ec13-19db-400c-b7a5-525d9c97029d@group-F8F143B02786-LeaderElection11] INFO  impl.RoleInfo (RoleInfo.java:shutdownLeaderElection(134)) - c661ec13-19db-400c-b7a5-525d9c97029d: shutdown LeaderElection
2019-10-25 11:00:55,549 [c661ec13-19db-400c-b7a5-525d9c97029d@group-F8F143B02786-LeaderElection11] INFO  impl.RaftServerImpl (RaftServerImpl.java:setRole(184)) - c661ec13-19db-400c-b7a5-525d9c97029d@group-F8F143B02786: changes role from CANDIDATE to LEADER at term 2 for changeToLeader
2019-10-25 11:00:55,549 [c661ec13-19db-400c-b7a5-525d9c97029d@group-F8F143B02786-LeaderElection11] INFO  impl.RaftServerImpl (ServerState.java:setLeader(256)) - c661ec13-19db-400c-b7a5-525d9c97029d@group-F8F143B02786: change Leader from null to c661ec13-19db-400c-b7a5-525d9c97029d at term 2 for becomeLeader, leader elected after 2287ms
2019-10-25 11:00:55,549 [c661ec13-19db-400c-b7a5-525d9c97029d@group-F8F143B02786-LeaderElection11] INFO  server.RaftServerConfigKeys (ConfUtils.java:logGet(43)) - raft.server.staging.catchup.gap = 1000 (default)
2019-10-25 11:00:55,549 [c661ec13-19db-400c-b7a5-525d9c97029d@group-F8F143B02786-LeaderElection11] INFO  server.RaftServerConfigKeys (ConfUtils.java:logGet(43)) - raft.server.rpc.sleep.time = 25ms (default)
2019-10-25 11:00:55,549 [c661ec13-19db-400c-b7a5-525d9c97029d@group-F8F143B02786-LeaderElection11] INFO  server.RaftServerConfigKeys (ConfUtils.java:logGet(43)) - raft.server.write.element-limit = 4096 (default)
2019-10-25 11:00:55,550 [c661ec13-19db-400c-b7a5-525d9c97029d@group-F8F143B02786-LeaderElection11] INFO  server.RaftServerConfigKeys (ConfUtils.java:logGet(43)) - raft.server.watch.timeout = 10s (default)
2019-10-25 11:00:55,550 [c661ec13-19db-400c-b7a5-525d9c97029d@group-F8F143B02786-LeaderElection11] INFO  server.RaftServerConfigKeys (ConfUtils.java:logGet(43)) - raft.server.watch.timeout.denomination = 1s (default)
2019-10-25 11:00:55,550 [c661ec13-19db-400c-b7a5-525d9c97029d@group-F8F143B02786-LeaderElection11] INFO  server.RaftServerConfigKeys (ConfUtils.java:logGet(43)) - raft.server.watch.element-limit = 65536 (default)
2019-10-25 11:00:55,550 [c661ec13-19db-400c-b7a5-525d9c97029d@group-F8F143B02786-LeaderElection11] INFO  impl.RoleInfo (RoleInfo.java:updateAndGet(143)) - c661ec13-19db-400c-b7a5-525d9c97029d: start LeaderState
2019-10-25 11:00:55,551 [c661ec13-19db-400c-b7a5-525d9c97029d@group-F8F143B02786-LeaderElection11] INFO  segmented.SegmentedRaftLogWorker (SegmentedRaftLogWorker.java:rollLogSegment(390)) - c661ec13-19db-400c-b7a5-525d9c97029d@group-F8F143B02786-SegmentedRaftLogWorker: Rolling segment log-0_0 to index:0
2019-10-25 11:00:55,553 [c661ec13-19db-400c-b7a5-525d9c97029d@group-F8F143B02786-LeaderElection11] INFO  impl.RaftServerImpl (ServerState.java:setRaftConf(357)) - c661ec13-19db-400c-b7a5-525d9c97029d@group-F8F143B02786: set configuration 1: [c661ec13-19db-400c-b7a5-525d9c97029d:192.168.157.233:33523], old=null at 1
2019-10-25 11:00:55,555 [c661ec13-19db-400c-b7a5-525d9c97029d@group-F8F143B02786-SegmentedRaftLogWorker] INFO  segmented.SegmentedRaftLogWorker (SegmentedRaftLogWorker.java:execute(533)) - c661ec13-19db-400c-b7a5-525d9c97029d@group-F8F143B02786-SegmentedRaftLogWorker: Rolled log segment from /workdir/hadoop-ozone/integration-test/target/test-dir/MiniOzoneClusterImpl-6ab75f42-d005-46c3-b20f-f10c1b9a2e9f/datanode-1/data/ratis/4415c6a0-2e95-4ec2-8830-f8f143b02786/current/log_inprogress_0 to /workdir/hadoop-ozone/integration-test/target/test-dir/MiniOzoneClusterImpl-6ab75f42-d005-46c3-b20f-f10c1b9a2e9f/datanode-1/data/ratis/4415c6a0-2e95-4ec2-8830-f8f143b02786/current/log_0-0
2019-10-25 11:00:55,584 [Thread-580] INFO  impl.FollowerState (FollowerState.java:run(108)) - c661ec13-19db-400c-b7a5-525d9c97029d@group-75E956CAE081-FollowerState: change to CANDIDATE, lastRpcTime:111ms, electionTimeout:111ms
2019-10-25 11:00:55,584 [Thread-580] INFO  impl.RoleInfo (RoleInfo.java:shutdownFollowerState(121)) - c661ec13-19db-400c-b7a5-525d9c97029d: shutdown FollowerState
2019-10-25 11:00:55,584 [Thread-580] INFO  impl.RaftServerImpl (RaftServerImpl.java:setRole(184)) - c661ec13-19db-400c-b7a5-525d9c97029d@group-75E956CAE081: changes role from  FOLLOWER to CANDIDATE at term 4 for changeToCandidate
2019-10-25 11:00:55,585 [Thread-580] INFO  impl.RoleInfo (RoleInfo.java:updateAndGet(143)) - c661ec13-19db-400c-b7a5-525d9c97029d: start LeaderElection
2019-10-25 11:00:55,595 [c661ec13-19db-400c-b7a5-525d9c97029d@group-F8F143B02786-SegmentedRaftLogWorker] INFO  segmented.SegmentedRaftLogWorker (SegmentedRaftLogWorker.java:execute(576)) - c661ec13-19db-400c-b7a5-525d9c97029d@group-F8F143B02786-SegmentedRaftLogWorker: created new log segment /workdir/hadoop-ozone/integration-test/target/test-dir/MiniOzoneClusterImpl-6ab75f42-d005-46c3-b20f-f10c1b9a2e9f/datanode-1/data/ratis/4415c6a0-2e95-4ec2-8830-f8f143b02786/current/log_inprogress_1
2019-10-25 11:00:55,595 [c661ec13-19db-400c-b7a5-525d9c97029d@group-75E956CAE081-LeaderElection12] INFO  impl.LeaderElection (LeaderElection.java:askForVotes(178)) - c661ec13-19db-400c-b7a5-525d9c97029d@group-75E956CAE081-LeaderElection12: begin an election at term 5 for 0: [98a94502-2c87-40a7-b3de-b58821969ff5:192.168.157.233:45458, ef252736-79c5-4662-a0c7-91e85b60cae7:192.168.157.233:36823, c661ec13-19db-400c-b7a5-525d9c97029d:192.168.157.233:33523], old=null
2019-10-25 11:00:55,599 [grpc-default-executor-4] INFO  impl.RaftServerImpl (RaftServerImpl.java:setRole(184)) - 98a94502-2c87-40a7-b3de-b58821969ff5@group-75E956CAE081: changes role from  FOLLOWER to FOLLOWER at term 5 for recognizeCandidate:c661ec13-19db-400c-b7a5-525d9c97029d
2019-10-25 11:00:55,600 [grpc-default-executor-4] INFO  impl.RoleInfo (RoleInfo.java:shutdownFollowerState(121)) - 98a94502-2c87-40a7-b3de-b58821969ff5: shutdown FollowerState
2019-10-25 11:00:55,600 [grpc-default-executor-0] INFO  impl.RaftServerImpl (RaftServerImpl.java:setRole(184)) - ef252736-79c5-4662-a0c7-91e85b60cae7@group-75E956CAE081: changes role from  FOLLOWER to FOLLOWER at term 5 for recognizeCandidate:c661ec13-19db-400c-b7a5-525d9c97029d
2019-10-25 11:00:55,600 [grpc-default-executor-4] INFO  impl.RoleInfo (RoleInfo.java:updateAndGet(143)) - 98a94502-2c87-40a7-b3de-b58821969ff5: start FollowerState
2019-10-25 11:00:55,600 [grpc-default-executor-0] INFO  impl.RoleInfo (RoleInfo.java:shutdownFollowerState(121)) - ef252736-79c5-4662-a0c7-91e85b60cae7: shutdown FollowerState
2019-10-25 11:00:55,600 [Thread-577] INFO  impl.FollowerState (FollowerState.java:run(117)) - 98a94502-2c87-40a7-b3de-b58821969ff5@group-75E956CAE081-FollowerState was interrupted: java.lang.InterruptedException: sleep interrupted
2019-10-25 11:00:55,600 [grpc-default-executor-0] INFO  impl.RoleInfo (RoleInfo.java:updateAndGet(143)) - ef252736-79c5-4662-a0c7-91e85b60cae7: start FollowerState
2019-10-25 11:00:55,600 [Thread-579] INFO  impl.FollowerState (FollowerState.java:run(117)) - ef252736-79c5-4662-a0c7-91e85b60cae7@group-75E956CAE081-FollowerState was interrupted: java.lang.InterruptedException: sleep interrupted
2019-10-25 11:00:55,614 [c661ec13-19db-400c-b7a5-525d9c97029d@group-75E956CAE081-LeaderElection12] INFO  impl.LeaderElection (LeaderElection.java:logAndReturn(56)) - c661ec13-19db-400c-b7a5-525d9c97029d@group-75E956CAE081-LeaderElection12: Election REJECTED; received 2 response(s) [c661ec13-19db-400c-b7a5-525d9c97029d<-98a94502-2c87-40a7-b3de-b58821969ff5#0:FAIL-t5, c661ec13-19db-400c-b7a5-525d9c97029d<-ef252736-79c5-4662-a0c7-91e85b60cae7#0:FAIL-t5] and 0 exception(s); c661ec13-19db-400c-b7a5-525d9c97029d@group-75E956CAE081:t5, leader=null, voted=c661ec13-19db-400c-b7a5-525d9c97029d, raftlog=c661ec13-19db-400c-b7a5-525d9c97029d@group-75E956CAE081-SegmentedRaftLog:OPENED:c3,f4,i4, conf=0: [98a94502-2c87-40a7-b3de-b58821969ff5:192.168.157.233:45458, ef252736-79c5-4662-a0c7-91e85b60cae7:192.168.157.233:36823, c661ec13-19db-400c-b7a5-525d9c97029d:192.168.157.233:33523], old=null
2019-10-25 11:00:55,614 [c661ec13-19db-400c-b7a5-525d9c97029d@group-75E956CAE081-LeaderElection12] INFO  impl.RaftServerImpl (RaftServerImpl.java:setRole(184)) - c661ec13-19db-400c-b7a5-525d9c97029d@group-75E956CAE081: changes role from CANDIDATE to FOLLOWER at term 5 for DISCOVERED_A_NEW_TERM
2019-10-25 11:00:55,615 [c661ec13-19db-400c-b7a5-525d9c97029d@group-75E956CAE081-LeaderElection12] INFO  impl.RoleInfo (RoleInfo.java:shutdownLeaderElection(134)) - c661ec13-19db-400c-b7a5-525d9c97029d: shutdown LeaderElection
2019-10-25 11:00:55,616 [c661ec13-19db-400c-b7a5-525d9c97029d@group-75E956CAE081-LeaderElection12] INFO  impl.RoleInfo (RoleInfo.java:updateAndGet(143)) - c661ec13-19db-400c-b7a5-525d9c97029d: start FollowerState
2019-10-25 11:00:55,699 [Thread-588] INFO  impl.FollowerState (FollowerState.java:run(108)) - c661ec13-19db-400c-b7a5-525d9c97029d@group-75E956CAE081-FollowerState: change to CANDIDATE, lastRpcTime:82ms, electionTimeout:82ms
2019-10-25 11:00:55,700 [Thread-588] INFO  impl.RoleInfo (RoleInfo.java:shutdownFollowerState(121)) - c661ec13-19db-400c-b7a5-525d9c97029d: shutdown FollowerState
2019-10-25 11:00:55,700 [Thread-588] INFO  impl.RaftServerImpl (RaftServerImpl.java:setRole(184)) - c661ec13-19db-400c-b7a5-525d9c97029d@group-75E956CAE081: changes role from  FOLLOWER to CANDIDATE at term 5 for changeToCandidate
2019-10-25 11:00:55,700 [Thread-588] INFO  impl.RoleInfo (RoleInfo.java:updateAndGet(143)) - c661ec13-19db-400c-b7a5-525d9c97029d: start LeaderElection
2019-10-25 11:00:55,714 [c661ec13-19db-400c-b7a5-525d9c97029d@group-75E956CAE081-LeaderElection13] INFO  impl.LeaderElection (LeaderElection.java:askForVotes(178)) - c661ec13-19db-400c-b7a5-525d9c97029d@group-75E956CAE081-LeaderElection13: begin an election at term 6 for 0: [98a94502-2c87-40a7-b3de-b58821969ff5:192.168.157.233:45458, ef252736-79c5-4662-a0c7-91e85b60cae7:192.168.157.233:36823, c661ec13-19db-400c-b7a5-525d9c97029d:192.168.157.233:33523], old=null
2019-10-25 11:00:55,717 [grpc-default-executor-0] INFO  impl.RaftServerImpl (RaftServerImpl.java:setRole(184)) - 98a94502-2c87-40a7-b3de-b58821969ff5@group-75E956CAE081: changes role from  FOLLOWER to FOLLOWER at term 6 for recognizeCandidate:c661ec13-19db-400c-b7a5-525d9c97029d
2019-10-25 11:00:55,718 [grpc-default-executor-0] INFO  impl.RoleInfo (RoleInfo.java:shutdownFollowerState(121)) - 98a94502-2c87-40a7-b3de-b58821969ff5: shutdown FollowerState
2019-10-25 11:00:55,718 [grpc-default-executor-4] INFO  impl.RaftServerImpl (RaftServerImpl.java:setRole(184)) - ef252736-79c5-4662-a0c7-91e85b60cae7@group-75E956CAE081: changes role from  FOLLOWER to FOLLOWER at term 6 for recognizeCandidate:c661ec13-19db-400c-b7a5-525d9c97029d
2019-10-25 11:00:55,718 [grpc-default-executor-0] INFO  impl.RoleInfo (RoleInfo.java:updateAndGet(143)) - 98a94502-2c87-40a7-b3de-b58821969ff5: start FollowerState
2019-10-25 11:00:55,718 [Thread-586] INFO  impl.FollowerState (FollowerState.java:run(117)) - 98a94502-2c87-40a7-b3de-b58821969ff5@group-75E956CAE081-FollowerState was interrupted: java.lang.InterruptedException: sleep interrupted
2019-10-25 11:00:55,719 [grpc-default-executor-4] INFO  impl.RoleInfo (RoleInfo.java:shutdownFollowerState(121)) - ef252736-79c5-4662-a0c7-91e85b60cae7: shutdown FollowerState
2019-10-25 11:00:55,722 [Thread-587] INFO  impl.FollowerState (FollowerState.java:run(117)) - ef252736-79c5-4662-a0c7-91e85b60cae7@group-75E956CAE081-FollowerState was interrupted: java.lang.InterruptedException: sleep interrupted
2019-10-25 11:00:55,722 [grpc-default-executor-4] INFO  impl.RoleInfo (RoleInfo.java:updateAndGet(143)) - ef252736-79c5-4662-a0c7-91e85b60cae7: start FollowerState
2019-10-25 11:00:55,737 [c661ec13-19db-400c-b7a5-525d9c97029d@group-75E956CAE081-LeaderElection13] INFO  impl.LeaderElection (LeaderElection.java:logAndReturn(56)) - c661ec13-19db-400c-b7a5-525d9c97029d@group-75E956CAE081-LeaderElection13: Election REJECTED; received 2 response(s) [c661ec13-19db-400c-b7a5-525d9c97029d<-98a94502-2c87-40a7-b3de-b58821969ff5#0:FAIL-t6, c661ec13-19db-400c-b7a5-525d9c97029d<-ef252736-79c5-4662-a0c7-91e85b60cae7#0:FAIL-t6] and 0 exception(s); c661ec13-19db-400c-b7a5-525d9c97029d@group-75E956CAE081:t6, leader=null, voted=c661ec13-19db-400c-b7a5-525d9c97029d, raftlog=c661ec13-19db-400c-b7a5-525d9c97029d@group-75E956CAE081-SegmentedRaftLog:OPENED:c3,f4,i4, conf=0: [98a94502-2c87-40a7-b3de-b58821969ff5:192.168.157.233:45458, ef252736-79c5-4662-a0c7-91e85b60cae7:192.168.157.233:36823, c661ec13-19db-400c-b7a5-525d9c97029d:192.168.157.233:33523], old=null
2019-10-25 11:00:55,737 [c661ec13-19db-400c-b7a5-525d9c97029d@group-75E956CAE081-LeaderElection13] INFO  impl.RaftServerImpl (RaftServerImpl.java:setRole(184)) - c661ec13-19db-400c-b7a5-525d9c97029d@group-75E956CAE081: changes role from CANDIDATE to FOLLOWER at term 6 for DISCOVERED_A_NEW_TERM
2019-10-25 11:00:55,738 [c661ec13-19db-400c-b7a5-525d9c97029d@group-75E956CAE081-LeaderElection13] INFO  impl.RoleInfo (RoleInfo.java:shutdownLeaderElection(134)) - c661ec13-19db-400c-b7a5-525d9c97029d: shutdown LeaderElection
2019-10-25 11:00:55,739 [c661ec13-19db-400c-b7a5-525d9c97029d@group-75E956CAE081-LeaderElection13] INFO  impl.RoleInfo (RoleInfo.java:updateAndGet(143)) - c661ec13-19db-400c-b7a5-525d9c97029d: start FollowerState
2019-10-25 11:00:55,920 [Thread-594] INFO  impl.FollowerState (FollowerState.java:run(108)) - c661ec13-19db-400c-b7a5-525d9c97029d@group-75E956CAE081-FollowerState: change to CANDIDATE, lastRpcTime:180ms, electionTimeout:180ms
2019-10-25 11:00:55,921 [Thread-594] INFO  impl.RoleInfo (RoleInfo.java:shutdownFollowerState(121)) - c661ec13-19db-400c-b7a5-525d9c97029d: shutdown FollowerState
2019-10-25 11:00:55,921 [Thread-594] INFO  impl.RaftServerImpl (RaftServerImpl.java:setRole(184)) - c661ec13-19db-400c-b7a5-525d9c97029d@group-75E956CAE081: changes role from  FOLLOWER to CANDIDATE at term 6 for changeToCandidate
2019-10-25 11:00:55,922 [Thread-594] INFO  impl.RoleInfo (RoleInfo.java:updateAndGet(143)) - c661ec13-19db-400c-b7a5-525d9c97029d: start LeaderElection
2019-10-25 11:00:55,936 [c661ec13-19db-400c-b7a5-525d9c97029d@group-75E956CAE081-LeaderElection14] INFO  impl.LeaderElection (LeaderElection.java:askForVotes(178)) - c661ec13-19db-400c-b7a5-525d9c97029d@group-75E956CAE081-LeaderElection14: begin an election at term 7 for 0: [98a94502-2c87-40a7-b3de-b58821969ff5:192.168.157.233:45458, ef252736-79c5-4662-a0c7-91e85b60cae7:192.168.157.233:36823, c661ec13-19db-400c-b7a5-525d9c97029d:192.168.157.233:33523], old=null
2019-10-25 11:00:55,940 [pool-7-thread-4] INFO  commands.RetriableDatanodeEventWatcher (RetriableDatanodeEventWatcher.java:onTimeout(47)) - RetriableDatanodeCommand type=deleteBlocksCommand with id=1572001251941 timed out. Retrying.
2019-10-25 11:00:55,940 [grpc-default-executor-0] INFO  impl.RaftServerImpl (RaftServerImpl.java:setRole(184)) - ef252736-79c5-4662-a0c7-91e85b60cae7@group-75E956CAE081: changes role from  FOLLOWER to FOLLOWER at term 7 for recognizeCandidate:c661ec13-19db-400c-b7a5-525d9c97029d
2019-10-25 11:00:55,940 [pool-7-thread-3] INFO  commands.RetriableDatanodeEventWatcher (RetriableDatanodeEventWatcher.java:onTimeout(47)) - RetriableDatanodeCommand type=deleteBlocksCommand with id=1572001251943 timed out. Retrying.
2019-10-25 11:00:55,940 [grpc-default-executor-4] INFO  impl.RaftServerImpl (RaftServerImpl.java:setRole(184)) - 98a94502-2c87-40a7-b3de-b58821969ff5@group-75E956CAE081: changes role from  FOLLOWER to FOLLOWER at term 7 for recognizeCandidate:c661ec13-19db-400c-b7a5-525d9c97029d
2019-10-25 11:00:55,940 [pool-7-thread-1] INFO  commands.RetriableDatanodeEventWatcher (RetriableDatanodeEventWatcher.java:onTimeout(47)) - RetriableDatanodeCommand type=deleteBlocksCommand with id=1572001251936 timed out. Retrying.
2019-10-25 11:00:55,940 [grpc-default-executor-0] INFO  impl.RoleInfo (RoleInfo.java:shutdownFollowerState(121)) - ef252736-79c5-4662-a0c7-91e85b60cae7: shutdown FollowerState
2019-10-25 11:00:55,941 [pool-7-thread-2] INFO  commands.RetriableDatanodeEventWatcher (RetriableDatanodeEventWatcher.java:onTimeout(47)) - RetriableDatanodeCommand type=deleteBlocksCommand with id=1572001251939 timed out. Retrying.
2019-10-25 11:00:55,941 [Thread-593] INFO  impl.FollowerState (FollowerState.java:run(117)) - ef252736-79c5-4662-a0c7-91e85b60cae7@group-75E956CAE081-FollowerState was interrupted: java.lang.InterruptedException: sleep interrupted
2019-10-25 11:00:55,940 [grpc-default-executor-4] INFO  impl.RoleInfo (RoleInfo.java:shutdownFollowerState(121)) - 98a94502-2c87-40a7-b3de-b58821969ff5: shutdown FollowerState
2019-10-25 11:00:55,942 [SCMBlockDeletingService#1] INFO  block.SCMBlockDeletingService (SCMBlockDeletingService.java:call(184)) - Totally added 1 delete blocks command for 1 datanodes, task elapsed time: 1ms
2019-10-25 11:00:55,941 [grpc-default-executor-0] INFO  impl.RoleInfo (RoleInfo.java:updateAndGet(143)) - ef252736-79c5-4662-a0c7-91e85b60cae7: start FollowerState
2019-10-25 11:00:55,942 [Thread-592] INFO  impl.FollowerState (FollowerState.java:run(117)) - 98a94502-2c87-40a7-b3de-b58821969ff5@group-75E956CAE081-FollowerState was interrupted: java.lang.InterruptedException: sleep interrupted
2019-10-25 11:00:55,942 [grpc-default-executor-4] INFO  impl.RoleInfo (RoleInfo.java:updateAndGet(143)) - 98a94502-2c87-40a7-b3de-b58821969ff5: start FollowerState
2019-10-25 11:00:55,957 [c661ec13-19db-400c-b7a5-525d9c97029d@group-75E956CAE081-LeaderElection14] INFO  impl.LeaderElection (LeaderElection.java:logAndReturn(56)) - c661ec13-19db-400c-b7a5-525d9c97029d@group-75E956CAE081-LeaderElection14: Election REJECTED; received 2 response(s) [c661ec13-19db-400c-b7a5-525d9c97029d<-98a94502-2c87-40a7-b3de-b58821969ff5#0:FAIL-t7, c661ec13-19db-400c-b7a5-525d9c97029d<-ef252736-79c5-4662-a0c7-91e85b60cae7#0:FAIL-t7] and 0 exception(s); c661ec13-19db-400c-b7a5-525d9c97029d@group-75E956CAE081:t7, leader=null, voted=c661ec13-19db-400c-b7a5-525d9c97029d, raftlog=c661ec13-19db-400c-b7a5-525d9c97029d@group-75E956CAE081-SegmentedRaftLog:OPENED:c3,f4,i4, conf=0: [98a94502-2c87-40a7-b3de-b58821969ff5:192.168.157.233:45458, ef252736-79c5-4662-a0c7-91e85b60cae7:192.168.157.233:36823, c661ec13-19db-400c-b7a5-525d9c97029d:192.168.157.233:33523], old=null
2019-10-25 11:00:55,957 [c661ec13-19db-400c-b7a5-525d9c97029d@group-75E956CAE081-LeaderElection14] INFO  impl.RaftServerImpl (RaftServerImpl.java:setRole(184)) - c661ec13-19db-400c-b7a5-525d9c97029d@group-75E956CAE081: changes role from CANDIDATE to FOLLOWER at term 7 for DISCOVERED_A_NEW_TERM
2019-10-25 11:00:55,958 [c661ec13-19db-400c-b7a5-525d9c97029d@group-75E956CAE081-LeaderElection14] INFO  impl.RoleInfo (RoleInfo.java:shutdownLeaderElection(134)) - c661ec13-19db-400c-b7a5-525d9c97029d: shutdown LeaderElection
2019-10-25 11:00:55,958 [c661ec13-19db-400c-b7a5-525d9c97029d@group-75E956CAE081-LeaderElection14] INFO  impl.RoleInfo (RoleInfo.java:updateAndGet(143)) - c661ec13-19db-400c-b7a5-525d9c97029d: start FollowerState
2019-10-25 11:00:56,017 [java.util.concurrent.ThreadPoolExecutor$Worker@6ad81b1e[State = -1, empty queue]] WARN  server.GrpcLogAppender (GrpcLogAppender.java:timeoutAppendRequest(209)) - ef252736-79c5-4662-a0c7-91e85b60cae7@group-75E956CAE081->c661ec13-19db-400c-b7a5-525d9c97029d-GrpcLogAppender: appendEntries Timeout, request=ef252736-79c5-4662-a0c7-91e85b60cae7->c661ec13-19db-400c-b7a5-525d9c97029d#51-t3, previous=(t:3, i:10), leaderCommit=10, initializing? false, entries: <empty>
2019-10-25 11:00:56,041 [Thread-600] INFO  impl.FollowerState (FollowerState.java:run(108)) - c661ec13-19db-400c-b7a5-525d9c97029d@group-75E956CAE081-FollowerState: change to CANDIDATE, lastRpcTime:82ms, electionTimeout:82ms
2019-10-25 11:00:56,041 [Thread-600] INFO  impl.RoleInfo (RoleInfo.java:shutdownFollowerState(121)) - c661ec13-19db-400c-b7a5-525d9c97029d: shutdown FollowerState
2019-10-25 11:00:56,041 [Thread-600] INFO  impl.RaftServerImpl (RaftServerImpl.java:setRole(184)) - c661ec13-19db-400c-b7a5-525d9c97029d@group-75E956CAE081: changes role from  FOLLOWER to CANDIDATE at term 7 for changeToCandidate
2019-10-25 11:00:56,041 [Thread-600] INFO  impl.RoleInfo (RoleInfo.java:updateAndGet(143)) - c661ec13-19db-400c-b7a5-525d9c97029d: start LeaderElection
2019-10-25 11:00:56,055 [c661ec13-19db-400c-b7a5-525d9c97029d@group-75E956CAE081-LeaderElection15] INFO  impl.LeaderElection (LeaderElection.java:askForVotes(178)) - c661ec13-19db-400c-b7a5-525d9c97029d@group-75E956CAE081-LeaderElection15: begin an election at term 8 for 0: [98a94502-2c87-40a7-b3de-b58821969ff5:192.168.157.233:45458, ef252736-79c5-4662-a0c7-91e85b60cae7:192.168.157.233:36823, c661ec13-19db-400c-b7a5-525d9c97029d:192.168.157.233:33523], old=null
2019-10-25 11:00:56,060 [grpc-default-executor-4] INFO  impl.RaftServerImpl (RaftServerImpl.java:setRole(184)) - 98a94502-2c87-40a7-b3de-b58821969ff5@group-75E956CAE081: changes role from  FOLLOWER to FOLLOWER at term 8 for recognizeCandidate:c661ec13-19db-400c-b7a5-525d9c97029d
2019-10-25 11:00:56,060 [grpc-default-executor-0] INFO  impl.RaftServerImpl (RaftServerImpl.java:setRole(184)) - ef252736-79c5-4662-a0c7-91e85b60cae7@group-75E956CAE081: changes role from  FOLLOWER to FOLLOWER at term 8 for recognizeCandidate:c661ec13-19db-400c-b7a5-525d9c97029d
2019-10-25 11:00:56,060 [grpc-default-executor-4] INFO  impl.RoleInfo (RoleInfo.java:shutdownFollowerState(121)) - 98a94502-2c87-40a7-b3de-b58821969ff5: shutdown FollowerState
2019-10-25 11:00:56,060 [grpc-default-executor-0] INFO  impl.RoleInfo (RoleInfo.java:shutdownFollowerState(121)) - ef252736-79c5-4662-a0c7-91e85b60cae7: shutdown FollowerState
2019-10-25 11:00:56,060 [Thread-599] INFO  impl.FollowerState (FollowerState.java:run(117)) - 98a94502-2c87-40a7-b3de-b58821969ff5@group-75E956CAE081-FollowerState was interrupted: java.lang.InterruptedException: sleep interrupted
2019-10-25 11:00:56,060 [grpc-default-executor-4] INFO  impl.RoleInfo (RoleInfo.java:updateAndGet(143)) - 98a94502-2c87-40a7-b3de-b58821969ff5: start FollowerState
2019-10-25 11:00:56,060 [Thread-598] INFO  impl.FollowerState (FollowerState.java:run(117)) - ef252736-79c5-4662-a0c7-91e85b60cae7@group-75E956CAE081-FollowerState was interrupted: java.lang.InterruptedException: sleep interrupted
2019-10-25 11:00:56,060 [grpc-default-executor-0] INFO  impl.RoleInfo (RoleInfo.java:updateAndGet(143)) - ef252736-79c5-4662-a0c7-91e85b60cae7: start FollowerState
2019-10-25 11:00:56,076 [c661ec13-19db-400c-b7a5-525d9c97029d@group-75E956CAE081-LeaderElection15] INFO  impl.LeaderElection (LeaderElection.java:logAndReturn(56)) - c661ec13-19db-400c-b7a5-525d9c97029d@group-75E956CAE081-LeaderElection15: Election REJECTED; received 2 response(s) [c661ec13-19db-400c-b7a5-525d9c97029d<-98a94502-2c87-40a7-b3de-b58821969ff5#0:FAIL-t8, c661ec13-19db-400c-b7a5-525d9c97029d<-ef252736-79c5-4662-a0c7-91e85b60cae7#0:FAIL-t8] and 0 exception(s); c661ec13-19db-400c-b7a5-525d9c97029d@group-75E956CAE081:t8, leader=null, voted=c661ec13-19db-400c-b7a5-525d9c97029d, raftlog=c661ec13-19db-400c-b7a5-525d9c97029d@group-75E956CAE081-SegmentedRaftLog:OPENED:c3,f4,i4, conf=0: [98a94502-2c87-40a7-b3de-b58821969ff5:192.168.157.233:45458, ef252736-79c5-4662-a0c7-91e85b60cae7:192.168.157.233:36823, c661ec13-19db-400c-b7a5-525d9c97029d:192.168.157.233:33523], old=null
2019-10-25 11:00:56,077 [c661ec13-19db-400c-b7a5-525d9c97029d@group-75E956CAE081-LeaderElection15] INFO  impl.RaftServerImpl (RaftServerImpl.java:setRole(184)) - c661ec13-19db-400c-b7a5-525d9c97029d@group-75E956CAE081: changes role from CANDIDATE to FOLLOWER at term 8 for DISCOVERED_A_NEW_TERM
2019-10-25 11:00:56,078 [c661ec13-19db-400c-b7a5-525d9c97029d@group-75E956CAE081-LeaderElection15] INFO  impl.RoleInfo (RoleInfo.java:shutdownLeaderElection(134)) - c661ec13-19db-400c-b7a5-525d9c97029d: shutdown LeaderElection
2019-10-25 11:00:56,078 [c661ec13-19db-400c-b7a5-525d9c97029d@group-75E956CAE081-LeaderElection15] INFO  impl.RoleInfo (RoleInfo.java:updateAndGet(143)) - c661ec13-19db-400c-b7a5-525d9c97029d: start FollowerState
2019-10-25 11:00:56,251 [Thread-606] INFO  impl.FollowerState (FollowerState.java:run(108)) - c661ec13-19db-400c-b7a5-525d9c97029d@group-75E956CAE081-FollowerState: change to CANDIDATE, lastRpcTime:172ms, electionTimeout:172ms
2019-10-25 11:00:56,252 [Thread-606] INFO  impl.RoleInfo (RoleInfo.java:shutdownFollowerState(121)) - c661ec13-19db-400c-b7a5-525d9c97029d: shutdown FollowerState
2019-10-25 11:00:56,252 [Thread-606] INFO  impl.RaftServerImpl (RaftServerImpl.java:setRole(184)) - c661ec13-19db-400c-b7a5-525d9c97029d@group-75E956CAE081: changes role from  FOLLOWER to CANDIDATE at term 8 for changeToCandidate
2019-10-25 11:00:56,252 [Thread-606] INFO  impl.RoleInfo (RoleInfo.java:updateAndGet(143)) - c661ec13-19db-400c-b7a5-525d9c97029d: start LeaderElection
2019-10-25 11:00:56,266 [c661ec13-19db-400c-b7a5-525d9c97029d@group-75E956CAE081-LeaderElection16] INFO  impl.LeaderElection (LeaderElection.java:askForVotes(178)) - c661ec13-19db-400c-b7a5-525d9c97029d@group-75E956CAE081-LeaderElection16: begin an election at term 9 for 0: [98a94502-2c87-40a7-b3de-b58821969ff5:192.168.157.233:45458, ef252736-79c5-4662-a0c7-91e85b60cae7:192.168.157.233:36823, c661ec13-19db-400c-b7a5-525d9c97029d:192.168.157.233:33523], old=null
2019-10-25 11:00:56,273 [grpc-default-executor-4] INFO  impl.RaftServerImpl (RaftServerImpl.java:setRole(184)) - ef252736-79c5-4662-a0c7-91e85b60cae7@group-75E956CAE081: changes role from  FOLLOWER to FOLLOWER at term 9 for recognizeCandidate:c661ec13-19db-400c-b7a5-525d9c97029d
2019-10-25 11:00:56,273 [grpc-default-executor-0] INFO  impl.RaftServerImpl (RaftServerImpl.java:setRole(184)) - 98a94502-2c87-40a7-b3de-b58821969ff5@group-75E956CAE081: changes role from  FOLLOWER to FOLLOWER at term 9 for recognizeCandidate:c661ec13-19db-400c-b7a5-525d9c97029d
2019-10-25 11:00:56,274 [grpc-default-executor-4] INFO  impl.RoleInfo (RoleInfo.java:shutdownFollowerState(121)) - ef252736-79c5-4662-a0c7-91e85b60cae7: shutdown FollowerState
2019-10-25 11:00:56,274 [grpc-default-executor-0] INFO  impl.RoleInfo (RoleInfo.java:shutdownFollowerState(121)) - 98a94502-2c87-40a7-b3de-b58821969ff5: shutdown FollowerState
2019-10-25 11:00:56,274 [grpc-default-executor-4] INFO  impl.RoleInfo (RoleInfo.java:updateAndGet(143)) - ef252736-79c5-4662-a0c7-91e85b60cae7: start FollowerState
2019-10-25 11:00:56,274 [Thread-605] INFO  impl.FollowerState (FollowerState.java:run(117)) - ef252736-79c5-4662-a0c7-91e85b60cae7@group-75E956CAE081-FollowerState was interrupted: java.lang.InterruptedException: sleep interrupted
2019-10-25 11:00:56,274 [grpc-default-executor-0] INFO  impl.RoleInfo (RoleInfo.java:updateAndGet(143)) - 98a94502-2c87-40a7-b3de-b58821969ff5: start FollowerState
2019-10-25 11:00:56,274 [Thread-604] INFO  impl.FollowerState (FollowerState.java:run(117)) - 98a94502-2c87-40a7-b3de-b58821969ff5@group-75E956CAE081-FollowerState was interrupted: java.lang.InterruptedException: sleep interrupted
2019-10-25 11:00:56,292 [c661ec13-19db-400c-b7a5-525d9c97029d@group-75E956CAE081-LeaderElection16] INFO  impl.LeaderElection (LeaderElection.java:logAndReturn(56)) - c661ec13-19db-400c-b7a5-525d9c97029d@group-75E956CAE081-LeaderElection16: Election REJECTED; received 2 response(s) [c661ec13-19db-400c-b7a5-525d9c97029d<-98a94502-2c87-40a7-b3de-b58821969ff5#0:FAIL-t9, c661ec13-19db-400c-b7a5-525d9c97029d<-ef252736-79c5-4662-a0c7-91e85b60cae7#0:FAIL-t9] and 0 exception(s); c661ec13-19db-400c-b7a5-525d9c97029d@group-75E956CAE081:t9, leader=null, voted=c661ec13-19db-400c-b7a5-525d9c97029d, raftlog=c661ec13-19db-400c-b7a5-525d9c97029d@group-75E956CAE081-SegmentedRaftLog:OPENED:c3,f4,i4, conf=0: [98a94502-2c87-40a7-b3de-b58821969ff5:192.168.157.233:45458, ef252736-79c5-4662-a0c7-91e85b60cae7:192.168.157.233:36823, c661ec13-19db-400c-b7a5-525d9c97029d:192.168.157.233:33523], old=null
2019-10-25 11:00:56,292 [c661ec13-19db-400c-b7a5-525d9c97029d@group-75E956CAE081-LeaderElection16] INFO  impl.RaftServerImpl (RaftServerImpl.java:setRole(184)) - c661ec13-19db-400c-b7a5-525d9c97029d@group-75E956CAE081: changes role from CANDIDATE to FOLLOWER at term 9 for DISCOVERED_A_NEW_TERM
2019-10-25 11:00:56,296 [c661ec13-19db-400c-b7a5-525d9c97029d@group-75E956CAE081-LeaderElection16] INFO  impl.RoleInfo (RoleInfo.java:shutdownLeaderElection(134)) - c661ec13-19db-400c-b7a5-525d9c97029d: shutdown LeaderElection
2019-10-25 11:00:56,296 [c661ec13-19db-400c-b7a5-525d9c97029d@group-75E956CAE081-LeaderElection16] INFO  impl.RoleInfo (RoleInfo.java:updateAndGet(143)) - c661ec13-19db-400c-b7a5-525d9c97029d: start FollowerState
2019-10-25 11:00:56,342 [BlockDeletingService#4] WARN  background.BlockDeletingService (BlockDeletingService.java:isDeletionAllowed(187)) - Close Container log Index 6 is not replicated across allthe servers in the pipeline 4b59a773-7942-4ce0-97fc-75e956cae081 as the min replicated index is 4. Deletion is not allowed in this container yet.
2019-10-25 11:00:56,343 [BlockDeletingService#2] WARN  background.BlockDeletingService (BlockDeletingService.java:isDeletionAllowed(187)) - Close Container log Index 6 is not replicated across allthe servers in the pipeline 4b59a773-7942-4ce0-97fc-75e956cae081 as the min replicated index is 4. Deletion is not allowed in this container yet.
2019-10-25 11:00:56,393 [Thread-612] INFO  impl.FollowerState (FollowerState.java:run(108)) - c661ec13-19db-400c-b7a5-525d9c97029d@group-75E956CAE081-FollowerState: change to CANDIDATE, lastRpcTime:96ms, electionTimeout:96ms
2019-10-25 11:00:56,393 [Thread-612] INFO  impl.RoleInfo (RoleInfo.java:shutdownFollowerState(121)) - c661ec13-19db-400c-b7a5-525d9c97029d: shutdown FollowerState
2019-10-25 11:00:56,393 [Thread-612] INFO  impl.RaftServerImpl (RaftServerImpl.java:setRole(184)) - c661ec13-19db-400c-b7a5-525d9c97029d@group-75E956CAE081: changes role from  FOLLOWER to CANDIDATE at term 9 for changeToCandidate
2019-10-25 11:00:56,393 [Thread-612] INFO  impl.RoleInfo (RoleInfo.java:updateAndGet(143)) - c661ec13-19db-400c-b7a5-525d9c97029d: start LeaderElection
2019-10-25 11:00:56,409 [c661ec13-19db-400c-b7a5-525d9c97029d@group-75E956CAE081-LeaderElection17] INFO  impl.LeaderElection (LeaderElection.java:askForVotes(178)) - c661ec13-19db-400c-b7a5-525d9c97029d@group-75E956CAE081-LeaderElection17: begin an election at term 10 for 0: [98a94502-2c87-40a7-b3de-b58821969ff5:192.168.157.233:45458, ef252736-79c5-4662-a0c7-91e85b60cae7:192.168.157.233:36823, c661ec13-19db-400c-b7a5-525d9c97029d:192.168.157.233:33523], old=null
2019-10-25 11:00:56,414 [grpc-default-executor-4] INFO  impl.RaftServerImpl (RaftServerImpl.java:setRole(184)) - ef252736-79c5-4662-a0c7-91e85b60cae7@group-75E956CAE081: changes role from  FOLLOWER to FOLLOWER at term 10 for recognizeCandidate:c661ec13-19db-400c-b7a5-525d9c97029d
2019-10-25 11:00:56,414 [grpc-default-executor-0] INFO  impl.RaftServerImpl (RaftServerImpl.java:setRole(184)) - 98a94502-2c87-40a7-b3de-b58821969ff5@group-75E956CAE081: changes role from  FOLLOWER to FOLLOWER at term 10 for recognizeCandidate:c661ec13-19db-400c-b7a5-525d9c97029d
2019-10-25 11:00:56,414 [grpc-default-executor-4] INFO  impl.RoleInfo (RoleInfo.java:shutdownFollowerState(121)) - ef252736-79c5-4662-a0c7-91e85b60cae7: shutdown FollowerState
2019-10-25 11:00:56,414 [grpc-default-executor-0] INFO  impl.RoleInfo (RoleInfo.java:shutdownFollowerState(121)) - 98a94502-2c87-40a7-b3de-b58821969ff5: shutdown FollowerState
2019-10-25 11:00:56,414 [Thread-610] INFO  impl.FollowerState (FollowerState.java:run(117)) - ef252736-79c5-4662-a0c7-91e85b60cae7@group-75E956CAE081-FollowerState was interrupted: java.lang.InterruptedException: sleep interrupted
2019-10-25 11:00:56,415 [Thread-611] INFO  impl.FollowerState (FollowerState.java:run(117)) - 98a94502-2c87-40a7-b3de-b58821969ff5@group-75E956CAE081-FollowerState was interrupted: java.lang.InterruptedException: sleep interrupted
2019-10-25 11:00:56,414 [grpc-default-executor-0] INFO  impl.RoleInfo (RoleInfo.java:updateAndGet(143)) - 98a94502-2c87-40a7-b3de-b58821969ff5: start FollowerState
2019-10-25 11:00:56,414 [grpc-default-executor-4] INFO  impl.RoleInfo (RoleInfo.java:updateAndGet(143)) - ef252736-79c5-4662-a0c7-91e85b60cae7: start FollowerState
2019-10-25 11:00:56,431 [c661ec13-19db-400c-b7a5-525d9c97029d@group-75E956CAE081-LeaderElection17] INFO  impl.LeaderElection (LeaderElection.java:logAndReturn(56)) - c661ec13-19db-400c-b7a5-525d9c97029d@group-75E956CAE081-LeaderElection17: Election REJECTED; received 2 response(s) [c661ec13-19db-400c-b7a5-525d9c97029d<-98a94502-2c87-40a7-b3de-b58821969ff5#0:FAIL-t10, c661ec13-19db-400c-b7a5-525d9c97029d<-ef252736-79c5-4662-a0c7-91e85b60cae7#0:FAIL-t10] and 0 exception(s); c661ec13-19db-400c-b7a5-525d9c97029d@group-75E956CAE081:t10, leader=null, voted=c661ec13-19db-400c-b7a5-525d9c97029d, raftlog=c661ec13-19db-400c-b7a5-525d9c97029d@group-75E956CAE081-SegmentedRaftLog:OPENED:c3,f4,i4, conf=0: [98a94502-2c87-40a7-b3de-b58821969ff5:192.168.157.233:45458, ef252736-79c5-4662-a0c7-91e85b60cae7:192.168.157.233:36823, c661ec13-19db-400c-b7a5-525d9c97029d:192.168.157.233:33523], old=null
2019-10-25 11:00:56,431 [c661ec13-19db-400c-b7a5-525d9c97029d@group-75E956CAE081-LeaderElection17] INFO  impl.RaftServerImpl (RaftServerImpl.java:setRole(184)) - c661ec13-19db-400c-b7a5-525d9c97029d@group-75E956CAE081: changes role from CANDIDATE to FOLLOWER at term 10 for DISCOVERED_A_NEW_TERM
2019-10-25 11:00:56,431 [c661ec13-19db-400c-b7a5-525d9c97029d@group-75E956CAE081-LeaderElection17] INFO  impl.RoleInfo (RoleInfo.java:shutdownLeaderElection(134)) - c661ec13-19db-400c-b7a5-525d9c97029d: shutdown LeaderElection
2019-10-25 11:00:56,431 [c661ec13-19db-400c-b7a5-525d9c97029d@group-75E956CAE081-LeaderElection17] INFO  impl.RoleInfo (RoleInfo.java:updateAndGet(143)) - c661ec13-19db-400c-b7a5-525d9c97029d: start FollowerState
2019-10-25 11:00:56,469 [Thread-623] INFO  client.GrpcClientProtocolService (GrpcClientProtocolService.java:lambda$processClientRequest$0(278)) - Failed RaftClientRequest:client-E2DCCEC0A424->98a94502-2c87-40a7-b3de-b58821969ff5@group-75E956CAE081, cid=10, seq=0, Watch-ALL_COMMITTED(6), Message:<EMPTY>, reply=RaftClientReply:client-E2DCCEC0A424->98a94502-2c87-40a7-b3de-b58821969ff5@group-75E956CAE081, cid=10, FAILED org.apache.ratis.protocol.NotLeaderException: Server 98a94502-2c87-40a7-b3de-b58821969ff5@group-75E956CAE081 is not the leader, logIndex=0, commits[98a94502-2c87-40a7-b3de-b58821969ff5:c10, ef252736-79c5-4662-a0c7-91e85b60cae7:c10, c661ec13-19db-400c-b7a5-525d9c97029d:c4]
2019-10-25 11:00:56,579 [Thread-621] INFO  impl.FollowerState (FollowerState.java:run(108)) - c661ec13-19db-400c-b7a5-525d9c97029d@group-75E956CAE081-FollowerState: change to CANDIDATE, lastRpcTime:147ms, electionTimeout:147ms
2019-10-25 11:00:56,580 [Thread-621] INFO  impl.RoleInfo (RoleInfo.java:shutdownFollowerState(121)) - c661ec13-19db-400c-b7a5-525d9c97029d: shutdown FollowerState
2019-10-25 11:00:56,581 [Thread-621] INFO  impl.RaftServerImpl (RaftServerImpl.java:setRole(184)) - c661ec13-19db-400c-b7a5-525d9c97029d@group-75E956CAE081: changes role from  FOLLOWER to CANDIDATE at term 10 for changeToCandidate
2019-10-25 11:00:56,581 [Thread-621] INFO  impl.RoleInfo (RoleInfo.java:updateAndGet(143)) - c661ec13-19db-400c-b7a5-525d9c97029d: start LeaderElection
2019-10-25 11:00:56,595 [c661ec13-19db-400c-b7a5-525d9c97029d@group-75E956CAE081-LeaderElection18] INFO  impl.LeaderElection (LeaderElection.java:askForVotes(178)) - c661ec13-19db-400c-b7a5-525d9c97029d@group-75E956CAE081-LeaderElection18: begin an election at term 11 for 0: [98a94502-2c87-40a7-b3de-b58821969ff5:192.168.157.233:45458, ef252736-79c5-4662-a0c7-91e85b60cae7:192.168.157.233:36823, c661ec13-19db-400c-b7a5-525d9c97029d:192.168.157.233:33523], old=null
2019-10-25 11:00:56,601 [grpc-default-executor-4] INFO  impl.RaftServerImpl (RaftServerImpl.java:setRole(184)) - ef252736-79c5-4662-a0c7-91e85b60cae7@group-75E956CAE081: changes role from  FOLLOWER to FOLLOWER at term 11 for recognizeCandidate:c661ec13-19db-400c-b7a5-525d9c97029d
2019-10-25 11:00:56,601 [grpc-default-executor-0] INFO  impl.RaftServerImpl (RaftServerImpl.java:setRole(184)) - 98a94502-2c87-40a7-b3de-b58821969ff5@group-75E956CAE081: changes role from  FOLLOWER to FOLLOWER at term 11 for recognizeCandidate:c661ec13-19db-400c-b7a5-525d9c97029d
2019-10-25 11:00:56,601 [grpc-default-executor-4] INFO  impl.RoleInfo (RoleInfo.java:shutdownFollowerState(121)) - ef252736-79c5-4662-a0c7-91e85b60cae7: shutdown FollowerState
2019-10-25 11:00:56,601 [grpc-default-executor-0] INFO  impl.RoleInfo (RoleInfo.java:shutdownFollowerState(121)) - 98a94502-2c87-40a7-b3de-b58821969ff5: shutdown FollowerState
2019-10-25 11:00:56,601 [grpc-default-executor-4] INFO  impl.RoleInfo (RoleInfo.java:updateAndGet(143)) - ef252736-79c5-4662-a0c7-91e85b60cae7: start FollowerState
2019-10-25 11:00:56,601 [Thread-620] INFO  impl.FollowerState (FollowerState.java:run(117)) - 98a94502-2c87-40a7-b3de-b58821969ff5@group-75E956CAE081-FollowerState was interrupted: java.lang.InterruptedException: sleep interrupted
2019-10-25 11:00:56,601 [Thread-619] INFO  impl.FollowerState (FollowerState.java:run(117)) - ef252736-79c5-4662-a0c7-91e85b60cae7@group-75E956CAE081-FollowerState was interrupted: java.lang.InterruptedException: sleep interrupted
2019-10-25 11:00:56,601 [grpc-default-executor-0] INFO  impl.RoleInfo (RoleInfo.java:updateAndGet(143)) - 98a94502-2c87-40a7-b3de-b58821969ff5: start FollowerState
2019-10-25 11:00:56,618 [c661ec13-19db-400c-b7a5-525d9c97029d@group-75E956CAE081-LeaderElection18] INFO  impl.LeaderElection (LeaderElection.java:logAndReturn(56)) - c661ec13-19db-400c-b7a5-525d9c97029d@group-75E956CAE081-LeaderElection18: Election REJECTED; received 2 response(s) [c661ec13-19db-400c-b7a5-525d9c97029d<-98a94502-2c87-40a7-b3de-b58821969ff5#0:FAIL-t11, c661ec13-19db-400c-b7a5-525d9c97029d<-ef252736-79c5-4662-a0c7-91e85b60cae7#0:FAIL-t11] and 0 exception(s); c661ec13-19db-400c-b7a5-525d9c97029d@group-75E956CAE081:t11, leader=null, voted=c661ec13-19db-400c-b7a5-525d9c97029d, raftlog=c661ec13-19db-400c-b7a5-525d9c97029d@group-75E956CAE081-SegmentedRaftLog:OPENED:c3,f4,i4, conf=0: [98a94502-2c87-40a7-b3de-b58821969ff5:192.168.157.233:45458, ef252736-79c5-4662-a0c7-91e85b60cae7:192.168.157.233:36823, c661ec13-19db-400c-b7a5-525d9c97029d:192.168.157.233:33523], old=null
2019-10-25 11:00:56,618 [c661ec13-19db-400c-b7a5-525d9c97029d@group-75E956CAE081-LeaderElection18] INFO  impl.RaftServerImpl (RaftServerImpl.java:setRole(184)) - c661ec13-19db-400c-b7a5-525d9c97029d@group-75E956CAE081: changes role from CANDIDATE to FOLLOWER at term 11 for DISCOVERED_A_NEW_TERM
2019-10-25 11:00:56,619 [c661ec13-19db-400c-b7a5-525d9c97029d@group-75E956CAE081-LeaderElection18] INFO  impl.RoleInfo (RoleInfo.java:shutdownLeaderElection(134)) - c661ec13-19db-400c-b7a5-525d9c97029d: shutdown LeaderElection
2019-10-25 11:00:56,619 [c661ec13-19db-400c-b7a5-525d9c97029d@group-75E956CAE081-LeaderElection18] INFO  impl.RoleInfo (RoleInfo.java:updateAndGet(143)) - c661ec13-19db-400c-b7a5-525d9c97029d: start FollowerState
2019-10-25 11:00:56,686 [Thread-630] INFO  impl.FollowerState (FollowerState.java:run(108)) - c661ec13-19db-400c-b7a5-525d9c97029d@group-75E956CAE081-FollowerState: change to CANDIDATE, lastRpcTime:67ms, electionTimeout:67ms
2019-10-25 11:00:56,688 [Thread-630] INFO  impl.RoleInfo (RoleInfo.java:shutdownFollowerState(121)) - c661ec13-19db-400c-b7a5-525d9c97029d: shutdown FollowerState
2019-10-25 11:00:56,688 [Thread-630] INFO  impl.RaftServerImpl (RaftServerImpl.java:setRole(184)) - c661ec13-19db-400c-b7a5-525d9c97029d@group-75E956CAE081: changes role from  FOLLOWER to CANDIDATE at term 11 for changeToCandidate
2019-10-25 11:00:56,688 [Thread-630] INFO  impl.RoleInfo (RoleInfo.java:updateAndGet(143)) - c661ec13-19db-400c-b7a5-525d9c97029d: start LeaderElection
2019-10-25 11:00:56,711 [c661ec13-19db-400c-b7a5-525d9c97029d@group-75E956CAE081-LeaderElection19] INFO  impl.LeaderElection (LeaderElection.java:askForVotes(178)) - c661ec13-19db-400c-b7a5-525d9c97029d@group-75E956CAE081-LeaderElection19: begin an election at term 12 for 0: [98a94502-2c87-40a7-b3de-b58821969ff5:192.168.157.233:45458, ef252736-79c5-4662-a0c7-91e85b60cae7:192.168.157.233:36823, c661ec13-19db-400c-b7a5-525d9c97029d:192.168.157.233:33523], old=null
2019-10-25 11:00:56,716 [grpc-default-executor-4] INFO  impl.RaftServerImpl (RaftServerImpl.java:setRole(184)) - 98a94502-2c87-40a7-b3de-b58821969ff5@group-75E956CAE081: changes role from  FOLLOWER to FOLLOWER at term 12 for recognizeCandidate:c661ec13-19db-400c-b7a5-525d9c97029d
2019-10-25 11:00:56,716 [grpc-default-executor-4] INFO  impl.RoleInfo (RoleInfo.java:shutdownFollowerState(121)) - 98a94502-2c87-40a7-b3de-b58821969ff5: shutdown FollowerState
2019-10-25 11:00:56,716 [grpc-default-executor-0] INFO  impl.RaftServerImpl (RaftServerImpl.java:setRole(184)) - ef252736-79c5-4662-a0c7-91e85b60cae7@group-75E956CAE081: changes role from  FOLLOWER to FOLLOWER at term 12 for recognizeCandidate:c661ec13-19db-400c-b7a5-525d9c97029d
2019-10-25 11:00:56,717 [Thread-629] INFO  impl.FollowerState (FollowerState.java:run(117)) - 98a94502-2c87-40a7-b3de-b58821969ff5@group-75E956CAE081-FollowerState was interrupted: java.lang.InterruptedException: sleep interrupted
2019-10-25 11:00:56,717 [grpc-default-executor-4] INFO  impl.RoleInfo (RoleInfo.java:updateAndGet(143)) - 98a94502-2c87-40a7-b3de-b58821969ff5: start FollowerState
2019-10-25 11:00:56,717 [grpc-default-executor-0] INFO  impl.RoleInfo (RoleInfo.java:shutdownFollowerState(121)) - ef252736-79c5-4662-a0c7-91e85b60cae7: shutdown FollowerState
2019-10-25 11:00:56,718 [Thread-628] INFO  impl.FollowerState (FollowerState.java:run(117)) - ef252736-79c5-4662-a0c7-91e85b60cae7@group-75E956CAE081-FollowerState was interrupted: java.lang.InterruptedException: sleep interrupted
2019-10-25 11:00:56,718 [grpc-default-executor-0] INFO  impl.RoleInfo (RoleInfo.java:updateAndGet(143)) - ef252736-79c5-4662-a0c7-91e85b60cae7: start FollowerState
2019-10-25 11:00:56,733 [c661ec13-19db-400c-b7a5-525d9c97029d@group-75E956CAE081-LeaderElection19] INFO  impl.LeaderElection (LeaderElection.java:logAndReturn(56)) - c661ec13-19db-400c-b7a5-525d9c97029d@group-75E956CAE081-LeaderElection19: Election REJECTED; received 2 response(s) [c661ec13-19db-400c-b7a5-525d9c97029d<-98a94502-2c87-40a7-b3de-b58821969ff5#0:FAIL-t12, c661ec13-19db-400c-b7a5-525d9c97029d<-ef252736-79c5-4662-a0c7-91e85b60cae7#0:FAIL-t12] and 0 exception(s); c661ec13-19db-400c-b7a5-525d9c97029d@group-75E956CAE081:t12, leader=null, voted=c661ec13-19db-400c-b7a5-525d9c97029d, raftlog=c661ec13-19db-400c-b7a5-525d9c97029d@group-75E956CAE081-SegmentedRaftLog:OPENED:c3,f4,i4, conf=0: [98a94502-2c87-40a7-b3de-b58821969ff5:192.168.157.233:45458, ef252736-79c5-4662-a0c7-91e85b60cae7:192.168.157.233:36823, c661ec13-19db-400c-b7a5-525d9c97029d:192.168.157.233:33523], old=null
2019-10-25 11:00:56,733 [c661ec13-19db-400c-b7a5-525d9c97029d@group-75E956CAE081-LeaderElection19] INFO  impl.RaftServerImpl (RaftServerImpl.java:setRole(184)) - c661ec13-19db-400c-b7a5-525d9c97029d@group-75E956CAE081: changes role from CANDIDATE to FOLLOWER at term 12 for DISCOVERED_A_NEW_TERM
2019-10-25 11:00:56,733 [c661ec13-19db-400c-b7a5-525d9c97029d@group-75E956CAE081-LeaderElection19] INFO  impl.RoleInfo (RoleInfo.java:shutdownLeaderElection(134)) - c661ec13-19db-400c-b7a5-525d9c97029d: shutdown LeaderElection
2019-10-25 11:00:56,733 [c661ec13-19db-400c-b7a5-525d9c97029d@group-75E956CAE081-LeaderElection19] INFO  impl.RoleInfo (RoleInfo.java:updateAndGet(143)) - c661ec13-19db-400c-b7a5-525d9c97029d: start FollowerState
2019-10-25 11:00:56,888 [Thread-636] INFO  impl.FollowerState (FollowerState.java:run(108)) - c661ec13-19db-400c-b7a5-525d9c97029d@group-75E956CAE081-FollowerState: change to CANDIDATE, lastRpcTime:154ms, electionTimeout:154ms
2019-10-25 11:00:56,889 [Thread-636] INFO  impl.RoleInfo (RoleInfo.java:shutdownFollowerState(121)) - c661ec13-19db-400c-b7a5-525d9c97029d: shutdown FollowerState
2019-10-25 11:00:56,889 [Thread-636] INFO  impl.RaftServerImpl (RaftServerImpl.java:setRole(184)) - c661ec13-19db-400c-b7a5-525d9c97029d@group-75E956CAE081: changes role from  FOLLOWER to CANDIDATE at term 12 for changeToCandidate
2019-10-25 11:00:56,890 [Thread-636] INFO  impl.RoleInfo (RoleInfo.java:updateAndGet(143)) - c661ec13-19db-400c-b7a5-525d9c97029d: start LeaderElection
2019-10-25 11:00:56,904 [c661ec13-19db-400c-b7a5-525d9c97029d@group-75E956CAE081-LeaderElection20] INFO  impl.LeaderElection (LeaderElection.java:askForVotes(178)) - c661ec13-19db-400c-b7a5-525d9c97029d@group-75E956CAE081-LeaderElection20: begin an election at term 13 for 0: [98a94502-2c87-40a7-b3de-b58821969ff5:192.168.157.233:45458, ef252736-79c5-4662-a0c7-91e85b60cae7:192.168.157.233:36823, c661ec13-19db-400c-b7a5-525d9c97029d:192.168.157.233:33523], old=null
2019-10-25 11:00:56,909 [grpc-default-executor-0] INFO  impl.RaftServerImpl (RaftServerImpl.java:setRole(184)) - 98a94502-2c87-40a7-b3de-b58821969ff5@group-75E956CAE081: changes role from  FOLLOWER to FOLLOWER at term 13 for recognizeCandidate:c661ec13-19db-400c-b7a5-525d9c97029d
2019-10-25 11:00:56,909 [grpc-default-executor-4] INFO  impl.RaftServerImpl (RaftServerImpl.java:setRole(184)) - ef252736-79c5-4662-a0c7-91e85b60cae7@group-75E956CAE081: changes role from  FOLLOWER to FOLLOWER at term 13 for recognizeCandidate:c661ec13-19db-400c-b7a5-525d9c97029d
2019-10-25 11:00:56,909 [grpc-default-executor-0] INFO  impl.RoleInfo (RoleInfo.java:shutdownFollowerState(121)) - 98a94502-2c87-40a7-b3de-b58821969ff5: shutdown FollowerState
2019-10-25 11:00:56,909 [grpc-default-executor-4] INFO  impl.RoleInfo (RoleInfo.java:shutdownFollowerState(121)) - ef252736-79c5-4662-a0c7-91e85b60cae7: shutdown FollowerState
2019-10-25 11:00:56,910 [Thread-634] INFO  impl.FollowerState (FollowerState.java:run(117)) - 98a94502-2c87-40a7-b3de-b58821969ff5@group-75E956CAE081-FollowerState was interrupted: java.lang.InterruptedException: sleep interrupted
2019-10-25 11:00:56,910 [grpc-default-executor-0] INFO  impl.RoleInfo (RoleInfo.java:updateAndGet(143)) - 98a94502-2c87-40a7-b3de-b58821969ff5: start FollowerState
2019-10-25 11:00:56,910 [Thread-635] INFO  impl.FollowerState (FollowerState.java:run(117)) - ef252736-79c5-4662-a0c7-91e85b60cae7@group-75E956CAE081-FollowerState was interrupted: java.lang.InterruptedException: sleep interrupted
2019-10-25 11:00:56,910 [grpc-default-executor-4] INFO  impl.RoleInfo (RoleInfo.java:updateAndGet(143)) - ef252736-79c5-4662-a0c7-91e85b60cae7: start FollowerState
2019-10-25 11:00:56,941 [pool-7-thread-1] INFO  commands.RetriableDatanodeEventWatcher (RetriableDatanodeEventWatcher.java:onTimeout(47)) - RetriableDatanodeCommand type=deleteBlocksCommand with id=1572001251941 timed out. Retrying.
2019-10-25 11:00:56,941 [c661ec13-19db-400c-b7a5-525d9c97029d@group-75E956CAE081-LeaderElection20] INFO  impl.LeaderElection (LeaderElection.java:logAndReturn(56)) - c661ec13-19db-400c-b7a5-525d9c97029d@group-75E956CAE081-LeaderElection20: Election REJECTED; received 2 response(s) [c661ec13-19db-400c-b7a5-525d9c97029d<-98a94502-2c87-40a7-b3de-b58821969ff5#0:FAIL-t13, c661ec13-19db-400c-b7a5-525d9c97029d<-ef252736-79c5-4662-a0c7-91e85b60cae7#0:FAIL-t13] and 0 exception(s); c661ec13-19db-400c-b7a5-525d9c97029d@group-75E956CAE081:t13, leader=null, voted=c661ec13-19db-400c-b7a5-525d9c97029d, raftlog=c661ec13-19db-400c-b7a5-525d9c97029d@group-75E956CAE081-SegmentedRaftLog:OPENED:c3,f4,i4, conf=0: [98a94502-2c87-40a7-b3de-b58821969ff5:192.168.157.233:45458, ef252736-79c5-4662-a0c7-91e85b60cae7:192.168.157.233:36823, c661ec13-19db-400c-b7a5-525d9c97029d:192.168.157.233:33523], old=null
2019-10-25 11:00:56,941 [pool-7-thread-4] INFO  commands.RetriableDatanodeEventWatcher (RetriableDatanodeEventWatcher.java:onTimeout(47)) - RetriableDatanodeCommand type=deleteBlocksCommand with id=1572001251936 timed out. Retrying.
2019-10-25 11:00:56,941 [c661ec13-19db-400c-b7a5-525d9c97029d@group-75E956CAE081-LeaderElection20] INFO  impl.RaftServerImpl (RaftServerImpl.java:setRole(184)) - c661ec13-19db-400c-b7a5-525d9c97029d@group-75E956CAE081: changes role from CANDIDATE to FOLLOWER at term 13 for DISCOVERED_A_NEW_TERM
2019-10-25 11:00:56,943 [c661ec13-19db-400c-b7a5-525d9c97029d@group-75E956CAE081-LeaderElection20] INFO  impl.RoleInfo (RoleInfo.java:shutdownLeaderElection(134)) - c661ec13-19db-400c-b7a5-525d9c97029d: shutdown LeaderElection
2019-10-25 11:00:56,943 [pool-7-thread-2] INFO  commands.RetriableDatanodeEventWatcher (RetriableDatanodeEventWatcher.java:onTimeout(47)) - RetriableDatanodeCommand type=deleteBlocksCommand with id=1572001251944 timed out. Retrying.
2019-10-25 11:00:56,943 [c661ec13-19db-400c-b7a5-525d9c97029d@group-75E956CAE081-LeaderElection20] INFO  impl.RoleInfo (RoleInfo.java:updateAndGet(143)) - c661ec13-19db-400c-b7a5-525d9c97029d: start FollowerState
2019-10-25 11:00:56,943 [SCMBlockDeletingService#1] INFO  block.SCMBlockDeletingService (SCMBlockDeletingService.java:call(184)) - Totally added 1 delete blocks command for 1 datanodes, task elapsed time: 1ms
2019-10-25 11:00:56,943 [pool-7-thread-3] INFO  commands.RetriableDatanodeEventWatcher (RetriableDatanodeEventWatcher.java:onTimeout(47)) - RetriableDatanodeCommand type=deleteBlocksCommand with id=1572001251943 timed out. Retrying.
2019-10-25 11:00:56,943 [pool-7-thread-5] INFO  commands.RetriableDatanodeEventWatcher (RetriableDatanodeEventWatcher.java:onTimeout(47)) - RetriableDatanodeCommand type=deleteBlocksCommand with id=1572001251939 timed out. Retrying.
2019-10-25 11:00:57,116 [Thread-642] INFO  impl.FollowerState (FollowerState.java:run(108)) - c661ec13-19db-400c-b7a5-525d9c97029d@group-75E956CAE081-FollowerState: change to CANDIDATE, lastRpcTime:173ms, electionTimeout:173ms
2019-10-25 11:00:57,117 [Thread-642] INFO  impl.RoleInfo (RoleInfo.java:shutdownFollowerState(121)) - c661ec13-19db-400c-b7a5-525d9c97029d: shutdown FollowerState
2019-10-25 11:00:57,117 [Thread-642] INFO  impl.RaftServerImpl (RaftServerImpl.java:setRole(184)) - c661ec13-19db-400c-b7a5-525d9c97029d@group-75E956CAE081: changes role from  FOLLOWER to CANDIDATE at term 13 for changeToCandidate
2019-10-25 11:00:57,117 [Thread-642] INFO  impl.RoleInfo (RoleInfo.java:updateAndGet(143)) - c661ec13-19db-400c-b7a5-525d9c97029d: start LeaderElection
2019-10-25 11:00:57,130 [c661ec13-19db-400c-b7a5-525d9c97029d@group-75E956CAE081-LeaderElection21] INFO  impl.LeaderElection (LeaderElection.java:askForVotes(178)) - c661ec13-19db-400c-b7a5-525d9c97029d@group-75E956CAE081-LeaderElection21: begin an election at term 14 for 0: [98a94502-2c87-40a7-b3de-b58821969ff5:192.168.157.233:45458, ef252736-79c5-4662-a0c7-91e85b60cae7:192.168.157.233:36823, c661ec13-19db-400c-b7a5-525d9c97029d:192.168.157.233:33523], old=null
2019-10-25 11:00:57,135 [grpc-default-executor-0] INFO  impl.RaftServerImpl (RaftServerImpl.java:setRole(184)) - 98a94502-2c87-40a7-b3de-b58821969ff5@group-75E956CAE081: changes role from  FOLLOWER to FOLLOWER at term 14 for recognizeCandidate:c661ec13-19db-400c-b7a5-525d9c97029d
2019-10-25 11:00:57,135 [grpc-default-executor-4] INFO  impl.RaftServerImpl (RaftServerImpl.java:setRole(184)) - ef252736-79c5-4662-a0c7-91e85b60cae7@group-75E956CAE081: changes role from  FOLLOWER to FOLLOWER at term 14 for recognizeCandidate:c661ec13-19db-400c-b7a5-525d9c97029d
2019-10-25 11:00:57,135 [grpc-default-executor-0] INFO  impl.RoleInfo (RoleInfo.java:shutdownFollowerState(121)) - 98a94502-2c87-40a7-b3de-b58821969ff5: shutdown FollowerState
2019-10-25 11:00:57,135 [grpc-default-executor-4] INFO  impl.RoleInfo (RoleInfo.java:shutdownFollowerState(121)) - ef252736-79c5-4662-a0c7-91e85b60cae7: shutdown FollowerState
2019-10-25 11:00:57,136 [Thread-640] INFO  impl.FollowerState (FollowerState.java:run(117)) - 98a94502-2c87-40a7-b3de-b58821969ff5@group-75E956CAE081-FollowerState was interrupted: java.lang.InterruptedException: sleep interrupted
2019-10-25 11:00:57,136 [Thread-641] INFO  impl.FollowerState (FollowerState.java:run(117)) - ef252736-79c5-4662-a0c7-91e85b60cae7@group-75E956CAE081-FollowerState was interrupted: java.lang.InterruptedException: sleep interrupted
2019-10-25 11:00:57,136 [grpc-default-executor-0] INFO  impl.RoleInfo (RoleInfo.java:updateAndGet(143)) - 98a94502-2c87-40a7-b3de-b58821969ff5: start FollowerState
2019-10-25 11:00:57,136 [grpc-default-executor-4] INFO  impl.RoleInfo (RoleInfo.java:updateAndGet(143)) - ef252736-79c5-4662-a0c7-91e85b60cae7: start FollowerState
2019-10-25 11:00:57,151 [c661ec13-19db-400c-b7a5-525d9c97029d@group-75E956CAE081-LeaderElection21] INFO  impl.LeaderElection (LeaderElection.java:logAndReturn(56)) - c661ec13-19db-400c-b7a5-525d9c97029d@group-75E956CAE081-LeaderElection21: Election REJECTED; received 2 response(s) [c661ec13-19db-400c-b7a5-525d9c97029d<-98a94502-2c87-40a7-b3de-b58821969ff5#0:FAIL-t14, c661ec13-19db-400c-b7a5-525d9c97029d<-ef252736-79c5-4662-a0c7-91e85b60cae7#0:FAIL-t14] and 0 exception(s); c661ec13-19db-400c-b7a5-525d9c97029d@group-75E956CAE081:t14, leader=null, voted=c661ec13-19db-400c-b7a5-525d9c97029d, raftlog=c661ec13-19db-400c-b7a5-525d9c97029d@group-75E956CAE081-SegmentedRaftLog:OPENED:c3,f4,i4, conf=0: [98a94502-2c87-40a7-b3de-b58821969ff5:192.168.157.233:45458, ef252736-79c5-4662-a0c7-91e85b60cae7:192.168.157.233:36823, c661ec13-19db-400c-b7a5-525d9c97029d:192.168.157.233:33523], old=null
2019-10-25 11:00:57,151 [c661ec13-19db-400c-b7a5-525d9c97029d@group-75E956CAE081-LeaderElection21] INFO  impl.RaftServerImpl (RaftServerImpl.java:setRole(184)) - c661ec13-19db-400c-b7a5-525d9c97029d@group-75E956CAE081: changes role from CANDIDATE to FOLLOWER at term 14 for DISCOVERED_A_NEW_TERM
2019-10-25 11:00:57,152 [c661ec13-19db-400c-b7a5-525d9c97029d@group-75E956CAE081-LeaderElection21] INFO  impl.RoleInfo (RoleInfo.java:shutdownLeaderElection(134)) - c661ec13-19db-400c-b7a5-525d9c97029d: shutdown LeaderElection
2019-10-25 11:00:57,152 [c661ec13-19db-400c-b7a5-525d9c97029d@group-75E956CAE081-LeaderElection21] INFO  impl.RoleInfo (RoleInfo.java:updateAndGet(143)) - c661ec13-19db-400c-b7a5-525d9c97029d: start FollowerState
2019-10-25 11:00:57,197 [Thread-648] INFO  impl.FollowerState (FollowerState.java:run(108)) - c661ec13-19db-400c-b7a5-525d9c97029d@group-75E956CAE081-FollowerState: change to CANDIDATE, lastRpcTime:45ms, electionTimeout:45ms
2019-10-25 11:00:57,202 [Thread-648] INFO  impl.RoleInfo (RoleInfo.java:shutdownFollowerState(121)) - c661ec13-19db-400c-b7a5-525d9c97029d: shutdown FollowerState
2019-10-25 11:00:57,202 [Thread-648] INFO  impl.RaftServerImpl (RaftServerImpl.java:setRole(184)) - c661ec13-19db-400c-b7a5-525d9c97029d@group-75E956CAE081: changes role from  FOLLOWER to CANDIDATE at term 14 for changeToCandidate
2019-10-25 11:00:57,203 [Thread-648] INFO  impl.RoleInfo (RoleInfo.java:updateAndGet(143)) - c661ec13-19db-400c-b7a5-525d9c97029d: start LeaderElection
2019-10-25 11:00:57,215 [c661ec13-19db-400c-b7a5-525d9c97029d@group-75E956CAE081-LeaderElection22] INFO  impl.LeaderElection (LeaderElection.java:askForVotes(178)) - c661ec13-19db-400c-b7a5-525d9c97029d@group-75E956CAE081-LeaderElection22: begin an election at term 15 for 0: [98a94502-2c87-40a7-b3de-b58821969ff5:192.168.157.233:45458, ef252736-79c5-4662-a0c7-91e85b60cae7:192.168.157.233:36823, c661ec13-19db-400c-b7a5-525d9c97029d:192.168.157.233:33523], old=null
2019-10-25 11:00:57,220 [grpc-default-executor-0] INFO  impl.RaftServerImpl (RaftServerImpl.java:setRole(184)) - 98a94502-2c87-40a7-b3de-b58821969ff5@group-75E956CAE081: changes role from  FOLLOWER to FOLLOWER at term 15 for recognizeCandidate:c661ec13-19db-400c-b7a5-525d9c97029d
2019-10-25 11:00:57,220 [grpc-default-executor-4] INFO  impl.RaftServerImpl (RaftServerImpl.java:setRole(184)) - ef252736-79c5-4662-a0c7-91e85b60cae7@group-75E956CAE081: changes role from  FOLLOWER to FOLLOWER at term 15 for recognizeCandidate:c661ec13-19db-400c-b7a5-525d9c97029d
2019-10-25 11:00:57,221 [grpc-default-executor-0] INFO  impl.RoleInfo (RoleInfo.java:shutdownFollowerState(121)) - 98a94502-2c87-40a7-b3de-b58821969ff5: shutdown FollowerState
2019-10-25 11:00:57,221 [grpc-default-executor-4] INFO  impl.RoleInfo (RoleInfo.java:shutdownFollowerState(121)) - ef252736-79c5-4662-a0c7-91e85b60cae7: shutdown FollowerState
2019-10-25 11:00:57,221 [grpc-default-executor-0] INFO  impl.RoleInfo (RoleInfo.java:updateAndGet(143)) - 98a94502-2c87-40a7-b3de-b58821969ff5: start FollowerState
2019-10-25 11:00:57,221 [Thread-646] INFO  impl.FollowerState (FollowerState.java:run(117)) - 98a94502-2c87-40a7-b3de-b58821969ff5@group-75E956CAE081-FollowerState was interrupted: java.lang.InterruptedException: sleep interrupted
2019-10-25 11:00:57,221 [Thread-647] INFO  impl.FollowerState (FollowerState.java:run(117)) - ef252736-79c5-4662-a0c7-91e85b60cae7@group-75E956CAE081-FollowerState was interrupted: java.lang.InterruptedException: sleep interrupted
2019-10-25 11:00:57,221 [grpc-default-executor-4] INFO  impl.RoleInfo (RoleInfo.java:updateAndGet(143)) - ef252736-79c5-4662-a0c7-91e85b60cae7: start FollowerState
2019-10-25 11:00:57,236 [c661ec13-19db-400c-b7a5-525d9c97029d@group-75E956CAE081-LeaderElection22] INFO  impl.LeaderElection (LeaderElection.java:logAndReturn(56)) - c661ec13-19db-400c-b7a5-525d9c97029d@group-75E956CAE081-LeaderElection22: Election REJECTED; received 2 response(s) [c661ec13-19db-400c-b7a5-525d9c97029d<-98a94502-2c87-40a7-b3de-b58821969ff5#0:FAIL-t15, c661ec13-19db-400c-b7a5-525d9c97029d<-ef252736-79c5-4662-a0c7-91e85b60cae7#0:FAIL-t15] and 0 exception(s); c661ec13-19db-400c-b7a5-525d9c97029d@group-75E956CAE081:t15, leader=null, voted=c661ec13-19db-400c-b7a5-525d9c97029d, raftlog=c661ec13-19db-400c-b7a5-525d9c97029d@group-75E956CAE081-SegmentedRaftLog:OPENED:c3,f4,i4, conf=0: [98a94502-2c87-40a7-b3de-b58821969ff5:192.168.157.233:45458, ef252736-79c5-4662-a0c7-91e85b60cae7:192.168.157.233:36823, c661ec13-19db-400c-b7a5-525d9c97029d:192.168.157.233:33523], old=null
2019-10-25 11:00:57,236 [c661ec13-19db-400c-b7a5-525d9c97029d@group-75E956CAE081-LeaderElection22] INFO  impl.RaftServerImpl (RaftServerImpl.java:setRole(184)) - c661ec13-19db-400c-b7a5-525d9c97029d@group-75E956CAE081: changes role from CANDIDATE to FOLLOWER at term 15 for DISCOVERED_A_NEW_TERM
2019-10-25 11:00:57,236 [c661ec13-19db-400c-b7a5-525d9c97029d@group-75E956CAE081-LeaderElection22] INFO  impl.RoleInfo (RoleInfo.java:shutdownLeaderElection(134)) - c661ec13-19db-400c-b7a5-525d9c97029d: shutdown LeaderElection
2019-10-25 11:00:57,236 [c661ec13-19db-400c-b7a5-525d9c97029d@group-75E956CAE081-LeaderElection22] INFO  impl.RoleInfo (RoleInfo.java:updateAndGet(143)) - c661ec13-19db-400c-b7a5-525d9c97029d: start FollowerState
2019-10-25 11:00:57,262 [EventQueue-PendingDeleteStatusForPendingDeleteHandler] INFO  block.SCMBlockDeletingService (SCMBlockDeletingService.java:handlePendingDeletes(115)) - Block deletion txnID mismatch in datanode c661ec13-19db-400c-b7a5-525d9c97029d for containerID 1. Datanode delete txnID: 0, SCM txnID: 1
2019-10-25 11:00:57,344 [BlockDeletingService#4] WARN  background.BlockDeletingService (BlockDeletingService.java:isDeletionAllowed(187)) - Close Container log Index 6 is not replicated across allthe servers in the pipeline 4b59a773-7942-4ce0-97fc-75e956cae081 as the min replicated index is 4. Deletion is not allowed in this container yet.
2019-10-25 11:00:57,345 [BlockDeletingService#2] WARN  background.BlockDeletingService (BlockDeletingService.java:isDeletionAllowed(187)) - Close Container log Index 6 is not replicated across allthe servers in the pipeline 4b59a773-7942-4ce0-97fc-75e956cae081 as the min replicated index is 4. Deletion is not allowed in this container yet.
2019-10-25 11:00:57,384 [Thread-654] INFO  impl.FollowerState (FollowerState.java:run(108)) - c661ec13-19db-400c-b7a5-525d9c97029d@group-75E956CAE081-FollowerState: change to CANDIDATE, lastRpcTime:148ms, electionTimeout:148ms
2019-10-25 11:00:57,385 [Thread-654] INFO  impl.RoleInfo (RoleInfo.java:shutdownFollowerState(121)) - c661ec13-19db-400c-b7a5-525d9c97029d: shutdown FollowerState
2019-10-25 11:00:57,385 [Thread-654] INFO  impl.RaftServerImpl (RaftServerImpl.java:setRole(184)) - c661ec13-19db-400c-b7a5-525d9c97029d@group-75E956CAE081: changes role from  FOLLOWER to CANDIDATE at term 15 for changeToCandidate
2019-10-25 11:00:57,385 [Thread-654] INFO  impl.RoleInfo (RoleInfo.java:updateAndGet(143)) - c661ec13-19db-400c-b7a5-525d9c97029d: start LeaderElection
2019-10-25 11:00:57,399 [c661ec13-19db-400c-b7a5-525d9c97029d@group-75E956CAE081-LeaderElection23] INFO  impl.LeaderElection (LeaderElection.java:askForVotes(178)) - c661ec13-19db-400c-b7a5-525d9c97029d@group-75E956CAE081-LeaderElection23: begin an election at term 16 for 0: [98a94502-2c87-40a7-b3de-b58821969ff5:192.168.157.233:45458, ef252736-79c5-4662-a0c7-91e85b60cae7:192.168.157.233:36823, c661ec13-19db-400c-b7a5-525d9c97029d:192.168.157.233:33523], old=null
2019-10-25 11:00:57,404 [grpc-default-executor-0] INFO  impl.RaftServerImpl (RaftServerImpl.java:setRole(184)) - ef252736-79c5-4662-a0c7-91e85b60cae7@group-75E956CAE081: changes role from  FOLLOWER to FOLLOWER at term 16 for recognizeCandidate:c661ec13-19db-400c-b7a5-525d9c97029d
2019-10-25 11:00:57,404 [grpc-default-executor-4] INFO  impl.RaftServerImpl (RaftServerImpl.java:setRole(184)) - 98a94502-2c87-40a7-b3de-b58821969ff5@group-75E956CAE081: changes role from  FOLLOWER to FOLLOWER at term 16 for recognizeCandidate:c661ec13-19db-400c-b7a5-525d9c97029d
2019-10-25 11:00:57,404 [grpc-default-executor-0] INFO  impl.RoleInfo (RoleInfo.java:shutdownFollowerState(121)) - ef252736-79c5-4662-a0c7-91e85b60cae7: shutdown FollowerState
2019-10-25 11:00:57,404 [grpc-default-executor-4] INFO  impl.RoleInfo (RoleInfo.java:shutdownFollowerState(121)) - 98a94502-2c87-40a7-b3de-b58821969ff5: shutdown FollowerState
2019-10-25 11:00:57,404 [Thread-653] INFO  impl.FollowerState (FollowerState.java:run(117)) - ef252736-79c5-4662-a0c7-91e85b60cae7@group-75E956CAE081-FollowerState was interrupted: java.lang.InterruptedException: sleep interrupted
2019-10-25 11:00:57,404 [grpc-default-executor-0] INFO  impl.RoleInfo (RoleInfo.java:updateAndGet(143)) - ef252736-79c5-4662-a0c7-91e85b60cae7: start FollowerState
2019-10-25 11:00:57,405 [Thread-652] INFO  impl.FollowerState (FollowerState.java:run(117)) - 98a94502-2c87-40a7-b3de-b58821969ff5@group-75E956CAE081-FollowerState was interrupted: java.lang.InterruptedException: sleep interrupted
2019-10-25 11:00:57,405 [grpc-default-executor-4] INFO  impl.RoleInfo (RoleInfo.java:updateAndGet(143)) - 98a94502-2c87-40a7-b3de-b58821969ff5: start FollowerState
2019-10-25 11:00:57,420 [c661ec13-19db-400c-b7a5-525d9c97029d@group-75E956CAE081-LeaderElection23] INFO  impl.LeaderElection (LeaderElection.java:logAndReturn(56)) - c661ec13-19db-400c-b7a5-525d9c97029d@group-75E956CAE081-LeaderElection23: Election REJECTED; received 2 response(s) [c661ec13-19db-400c-b7a5-525d9c97029d<-98a94502-2c87-40a7-b3de-b58821969ff5#0:FAIL-t16, c661ec13-19db-400c-b7a5-525d9c97029d<-ef252736-79c5-4662-a0c7-91e85b60cae7#0:FAIL-t16] and 0 exception(s); c661ec13-19db-400c-b7a5-525d9c97029d@group-75E956CAE081:t16, leader=null, voted=c661ec13-19db-400c-b7a5-525d9c97029d, raftlog=c661ec13-19db-400c-b7a5-525d9c97029d@group-75E956CAE081-SegmentedRaftLog:OPENED:c3,f4,i4, conf=0: [98a94502-2c87-40a7-b3de-b58821969ff5:192.168.157.233:45458, ef252736-79c5-4662-a0c7-91e85b60cae7:192.168.157.233:36823, c661ec13-19db-400c-b7a5-525d9c97029d:192.168.157.233:33523], old=null
2019-10-25 11:00:57,420 [c661ec13-19db-400c-b7a5-525d9c97029d@group-75E956CAE081-LeaderElection23] INFO  impl.RaftServerImpl (RaftServerImpl.java:setRole(184)) - c661ec13-19db-400c-b7a5-525d9c97029d@group-75E956CAE081: changes role from CANDIDATE to FOLLOWER at term 16 for DISCOVERED_A_NEW_TERM
2019-10-25 11:00:57,420 [c661ec13-19db-400c-b7a5-525d9c97029d@group-75E956CAE081-LeaderElection23] INFO  impl.RoleInfo (RoleInfo.java:shutdownLeaderElection(134)) - c661ec13-19db-400c-b7a5-525d9c97029d: shutdown LeaderElection
2019-10-25 11:00:57,420 [c661ec13-19db-400c-b7a5-525d9c97029d@group-75E956CAE081-LeaderElection23] INFO  impl.RoleInfo (RoleInfo.java:updateAndGet(143)) - c661ec13-19db-400c-b7a5-525d9c97029d: start FollowerState
2019-10-25 11:00:57,485 [Thread-665] INFO  client.GrpcClientProtocolService (GrpcClientProtocolService.java:lambda$processClientRequest$0(278)) - Failed RaftClientRequest:client-E2DCCEC0A424->ef252736-79c5-4662-a0c7-91e85b60cae7@group-75E956CAE081, cid=10, seq=0, Watch-ALL_COMMITTED(6), Message:<EMPTY>, reply=RaftClientReply:client-E2DCCEC0A424->ef252736-79c5-4662-a0c7-91e85b60cae7@group-75E956CAE081, cid=10, FAILED org.apache.ratis.protocol.NotLeaderException: Server ef252736-79c5-4662-a0c7-91e85b60cae7@group-75E956CAE081 is not the leader, logIndex=0, commits[ef252736-79c5-4662-a0c7-91e85b60cae7:c10, 98a94502-2c87-40a7-b3de-b58821969ff5:c10, c661ec13-19db-400c-b7a5-525d9c97029d:c4]
2019-10-25 11:00:57,607 [Thread-663] INFO  impl.FollowerState (FollowerState.java:run(108)) - c661ec13-19db-400c-b7a5-525d9c97029d@group-75E956CAE081-FollowerState: change to CANDIDATE, lastRpcTime:186ms, electionTimeout:186ms
2019-10-25 11:00:57,607 [Thread-663] INFO  impl.RoleInfo (RoleInfo.java:shutdownFollowerState(121)) - c661ec13-19db-400c-b7a5-525d9c97029d: shutdown FollowerState
2019-10-25 11:00:57,607 [Thread-663] INFO  impl.RaftServerImpl (RaftServerImpl.java:setRole(184)) - c661ec13-19db-400c-b7a5-525d9c97029d@group-75E956CAE081: changes role from  FOLLOWER to CANDIDATE at term 16 for changeToCandidate
2019-10-25 11:00:57,607 [Thread-663] INFO  impl.RoleInfo (RoleInfo.java:updateAndGet(143)) - c661ec13-19db-400c-b7a5-525d9c97029d: start LeaderElection
2019-10-25 11:00:57,621 [c661ec13-19db-400c-b7a5-525d9c97029d@group-75E956CAE081-LeaderElection24] INFO  impl.LeaderElection (LeaderElection.java:askForVotes(178)) - c661ec13-19db-400c-b7a5-525d9c97029d@group-75E956CAE081-LeaderElection24: begin an election at term 17 for 0: [98a94502-2c87-40a7-b3de-b58821969ff5:192.168.157.233:45458, ef252736-79c5-4662-a0c7-91e85b60cae7:192.168.157.233:36823, c661ec13-19db-400c-b7a5-525d9c97029d:192.168.157.233:33523], old=null
2019-10-25 11:00:57,626 [grpc-default-executor-4] INFO  impl.RaftServerImpl (RaftServerImpl.java:setRole(184)) - ef252736-79c5-4662-a0c7-91e85b60cae7@group-75E956CAE081: changes role from  FOLLOWER to FOLLOWER at term 17 for recognizeCandidate:c661ec13-19db-400c-b7a5-525d9c97029d
2019-10-25 11:00:57,626 [grpc-default-executor-0] INFO  impl.RaftServerImpl (RaftServerImpl.java:setRole(184)) - 98a94502-2c87-40a7-b3de-b58821969ff5@group-75E956CAE081: changes role from  FOLLOWER to FOLLOWER at term 17 for recognizeCandidate:c661ec13-19db-400c-b7a5-525d9c97029d
2019-10-25 11:00:57,627 [grpc-default-executor-4] INFO  impl.RoleInfo (RoleInfo.java:shutdownFollowerState(121)) - ef252736-79c5-4662-a0c7-91e85b60cae7: shutdown FollowerState
2019-10-25 11:00:57,627 [grpc-default-executor-0] INFO  impl.RoleInfo (RoleInfo.java:shutdownFollowerState(121)) - 98a94502-2c87-40a7-b3de-b58821969ff5: shutdown FollowerState
2019-10-25 11:00:57,627 [Thread-661] INFO  impl.FollowerState (FollowerState.java:run(117)) - ef252736-79c5-4662-a0c7-91e85b60cae7@group-75E956CAE081-FollowerState was interrupted: java.lang.InterruptedException: sleep interrupted
2019-10-25 11:00:57,627 [grpc-default-executor-4] INFO  impl.RoleInfo (RoleInfo.java:updateAndGet(143)) - ef252736-79c5-4662-a0c7-91e85b60cae7: start FollowerState
2019-10-25 11:00:57,627 [grpc-default-executor-0] INFO  impl.RoleInfo (RoleInfo.java:updateAndGet(143)) - 98a94502-2c87-40a7-b3de-b58821969ff5: start FollowerState
2019-10-25 11:00:57,627 [Thread-662] INFO  impl.FollowerState (FollowerState.java:run(117)) - 98a94502-2c87-40a7-b3de-b58821969ff5@group-75E956CAE081-FollowerState was interrupted: java.lang.InterruptedException: sleep interrupted
2019-10-25 11:00:57,642 [c661ec13-19db-400c-b7a5-525d9c97029d@group-75E956CAE081-LeaderElection24] INFO  impl.LeaderElection (LeaderElection.java:logAndReturn(56)) - c661ec13-19db-400c-b7a5-525d9c97029d@group-75E956CAE081-LeaderElection24: Election REJECTED; received 2 response(s) [c661ec13-19db-400c-b7a5-525d9c97029d<-98a94502-2c87-40a7-b3de-b58821969ff5#0:FAIL-t17, c661ec13-19db-400c-b7a5-525d9c97029d<-ef252736-79c5-4662-a0c7-91e85b60cae7#0:FAIL-t17] and 0 exception(s); c661ec13-19db-400c-b7a5-525d9c97029d@group-75E956CAE081:t17, leader=null, voted=c661ec13-19db-400c-b7a5-525d9c97029d, raftlog=c661ec13-19db-400c-b7a5-525d9c97029d@group-75E956CAE081-SegmentedRaftLog:OPENED:c3,f4,i4, conf=0: [98a94502-2c87-40a7-b3de-b58821969ff5:192.168.157.233:45458, ef252736-79c5-4662-a0c7-91e85b60cae7:192.168.157.233:36823, c661ec13-19db-400c-b7a5-525d9c97029d:192.168.157.233:33523], old=null
2019-10-25 11:00:57,642 [c661ec13-19db-400c-b7a5-525d9c97029d@group-75E956CAE081-LeaderElection24] INFO  impl.RaftServerImpl (RaftServerImpl.java:setRole(184)) - c661ec13-19db-400c-b7a5-525d9c97029d@group-75E956CAE081: changes role from CANDIDATE to FOLLOWER at term 17 for DISCOVERED_A_NEW_TERM
2019-10-25 11:00:57,642 [c661ec13-19db-400c-b7a5-525d9c97029d@group-75E956CAE081-LeaderElection24] INFO  impl.RoleInfo (RoleInfo.java:shutdownLeaderElection(134)) - c661ec13-19db-400c-b7a5-525d9c97029d: shutdown LeaderElection
2019-10-25 11:00:57,642 [c661ec13-19db-400c-b7a5-525d9c97029d@group-75E956CAE081-LeaderElection24] INFO  impl.RoleInfo (RoleInfo.java:updateAndGet(143)) - c661ec13-19db-400c-b7a5-525d9c97029d: start FollowerState
2019-10-25 11:00:57,792 [Thread-672] INFO  impl.FollowerState (FollowerState.java:run(108)) - c661ec13-19db-400c-b7a5-525d9c97029d@group-75E956CAE081-FollowerState: change to CANDIDATE, lastRpcTime:149ms, electionTimeout:149ms
2019-10-25 11:00:57,794 [Thread-672] INFO  impl.RoleInfo (RoleInfo.java:shutdownFollowerState(121)) - c661ec13-19db-400c-b7a5-525d9c97029d: shutdown FollowerState
2019-10-25 11:00:57,794 [Thread-672] INFO  impl.RaftServerImpl (RaftServerImpl.java:setRole(184)) - c661ec13-19db-400c-b7a5-525d9c97029d@group-75E956CAE081: changes role from  FOLLOWER to CANDIDATE at term 17 for changeToCandidate
2019-10-25 11:00:57,794 [Thread-672] INFO  impl.RoleInfo (RoleInfo.java:updateAndGet(143)) - c661ec13-19db-400c-b7a5-525d9c97029d: start LeaderElection
2019-10-25 11:00:57,808 [c661ec13-19db-400c-b7a5-525d9c97029d@group-75E956CAE081-LeaderElection25] INFO  impl.LeaderElection (LeaderElection.java:askForVotes(178)) - c661ec13-19db-400c-b7a5-525d9c97029d@group-75E956CAE081-LeaderElection25: begin an election at term 18 for 0: [98a94502-2c87-40a7-b3de-b58821969ff5:192.168.157.233:45458, ef252736-79c5-4662-a0c7-91e85b60cae7:192.168.157.233:36823, c661ec13-19db-400c-b7a5-525d9c97029d:192.168.157.233:33523], old=null
2019-10-25 11:00:57,812 [grpc-default-executor-0] INFO  impl.RaftServerImpl (RaftServerImpl.java:setRole(184)) - 98a94502-2c87-40a7-b3de-b58821969ff5@group-75E956CAE081: changes role from  FOLLOWER to FOLLOWER at term 18 for recognizeCandidate:c661ec13-19db-400c-b7a5-525d9c97029d
2019-10-25 11:00:57,813 [grpc-default-executor-0] INFO  impl.RoleInfo (RoleInfo.java:shutdownFollowerState(121)) - 98a94502-2c87-40a7-b3de-b58821969ff5: shutdown FollowerState
2019-10-25 11:00:57,812 [grpc-default-executor-4] INFO  impl.RaftServerImpl (RaftServerImpl.java:setRole(184)) - ef252736-79c5-4662-a0c7-91e85b60cae7@group-75E956CAE081: changes role from  FOLLOWER to FOLLOWER at term 18 for recognizeCandidate:c661ec13-19db-400c-b7a5-525d9c97029d
2019-10-25 11:00:57,813 [Thread-671] INFO  impl.FollowerState (FollowerState.java:run(117)) - 98a94502-2c87-40a7-b3de-b58821969ff5@group-75E956CAE081-FollowerState was interrupted: java.lang.InterruptedException: sleep interrupted
2019-10-25 11:00:57,813 [grpc-default-executor-0] INFO  impl.RoleInfo (RoleInfo.java:updateAndGet(143)) - 98a94502-2c87-40a7-b3de-b58821969ff5: start FollowerState
2019-10-25 11:00:57,813 [grpc-default-executor-4] INFO  impl.RoleInfo (RoleInfo.java:shutdownFollowerState(121)) - ef252736-79c5-4662-a0c7-91e85b60cae7: shutdown FollowerState
2019-10-25 11:00:57,813 [grpc-default-executor-4] INFO  impl.RoleInfo (RoleInfo.java:updateAndGet(143)) - ef252736-79c5-4662-a0c7-91e85b60cae7: start FollowerState
2019-10-25 11:00:57,813 [Thread-670] INFO  impl.FollowerState (FollowerState.java:run(117)) - ef252736-79c5-4662-a0c7-91e85b60cae7@group-75E956CAE081-FollowerState was interrupted: java.lang.InterruptedException: sleep interrupted
2019-10-25 11:00:57,828 [c661ec13-19db-400c-b7a5-525d9c97029d@group-75E956CAE081-LeaderElection25] INFO  impl.LeaderElection (LeaderElection.java:logAndReturn(56)) - c661ec13-19db-400c-b7a5-525d9c97029d@group-75E956CAE081-LeaderElection25: Election REJECTED; received 2 response(s) [c661ec13-19db-400c-b7a5-525d9c97029d<-98a94502-2c87-40a7-b3de-b58821969ff5#0:FAIL-t18, c661ec13-19db-400c-b7a5-525d9c97029d<-ef252736-79c5-4662-a0c7-91e85b60cae7#0:FAIL-t18] and 0 exception(s); c661ec13-19db-400c-b7a5-525d9c97029d@group-75E956CAE081:t18, leader=null, voted=c661ec13-19db-400c-b7a5-525d9c97029d, raftlog=c661ec13-19db-400c-b7a5-525d9c97029d@group-75E956CAE081-SegmentedRaftLog:OPENED:c3,f4,i4, conf=0: [98a94502-2c87-40a7-b3de-b58821969ff5:192.168.157.233:45458, ef252736-79c5-4662-a0c7-91e85b60cae7:192.168.157.233:36823, c661ec13-19db-400c-b7a5-525d9c97029d:192.168.157.233:33523], old=null
2019-10-25 11:00:57,828 [c661ec13-19db-400c-b7a5-525d9c97029d@group-75E956CAE081-LeaderElection25] INFO  impl.RaftServerImpl (RaftServerImpl.java:setRole(184)) - c661ec13-19db-400c-b7a5-525d9c97029d@group-75E956CAE081: changes role from CANDIDATE to FOLLOWER at term 18 for DISCOVERED_A_NEW_TERM
2019-10-25 11:00:57,828 [c661ec13-19db-400c-b7a5-525d9c97029d@group-75E956CAE081-LeaderElection25] INFO  impl.RoleInfo (RoleInfo.java:shutdownLeaderElection(134)) - c661ec13-19db-400c-b7a5-525d9c97029d: shutdown LeaderElection
2019-10-25 11:00:57,828 [c661ec13-19db-400c-b7a5-525d9c97029d@group-75E956CAE081-LeaderElection25] INFO  impl.RoleInfo (RoleInfo.java:updateAndGet(143)) - c661ec13-19db-400c-b7a5-525d9c97029d: start FollowerState
2019-10-25 11:00:57,911 [Thread-678] INFO  impl.FollowerState (FollowerState.java:run(108)) - c661ec13-19db-400c-b7a5-525d9c97029d@group-75E956CAE081-FollowerState: change to CANDIDATE, lastRpcTime:82ms, electionTimeout:82ms
2019-10-25 11:00:57,912 [Thread-678] INFO  impl.RoleInfo (RoleInfo.java:shutdownFollowerState(121)) - c661ec13-19db-400c-b7a5-525d9c97029d: shutdown FollowerState
2019-10-25 11:00:57,912 [Thread-678] INFO  impl.RaftServerImpl (RaftServerImpl.java:setRole(184)) - c661ec13-19db-400c-b7a5-525d9c97029d@group-75E956CAE081: changes role from  FOLLOWER to CANDIDATE at term 18 for changeToCandidate
2019-10-25 11:00:57,912 [Thread-678] INFO  impl.RoleInfo (RoleInfo.java:updateAndGet(143)) - c661ec13-19db-400c-b7a5-525d9c97029d: start LeaderElection
2019-10-25 11:00:57,925 [c661ec13-19db-400c-b7a5-525d9c97029d@group-75E956CAE081-LeaderElection26] INFO  impl.LeaderElection (LeaderElection.java:askForVotes(178)) - c661ec13-19db-400c-b7a5-525d9c97029d@group-75E956CAE081-LeaderElection26: begin an election at term 19 for 0: [98a94502-2c87-40a7-b3de-b58821969ff5:192.168.157.233:45458, ef252736-79c5-4662-a0c7-91e85b60cae7:192.168.157.233:36823, c661ec13-19db-400c-b7a5-525d9c97029d:192.168.157.233:33523], old=null
2019-10-25 11:00:57,933 [grpc-default-executor-0] INFO  impl.RaftServerImpl (RaftServerImpl.java:setRole(184)) - ef252736-79c5-4662-a0c7-91e85b60cae7@group-75E956CAE081: changes role from  FOLLOWER to FOLLOWER at term 19 for recognizeCandidate:c661ec13-19db-400c-b7a5-525d9c97029d
2019-10-25 11:00:57,933 [grpc-default-executor-4] INFO  impl.RaftServerImpl (RaftServerImpl.java:setRole(184)) - 98a94502-2c87-40a7-b3de-b58821969ff5@group-75E956CAE081: changes role from  FOLLOWER to FOLLOWER at term 19 for recognizeCandidate:c661ec13-19db-400c-b7a5-525d9c97029d
2019-10-25 11:00:57,933 [grpc-default-executor-0] INFO  impl.RoleInfo (RoleInfo.java:shutdownFollowerState(121)) - ef252736-79c5-4662-a0c7-91e85b60cae7: shutdown FollowerState
2019-10-25 11:00:57,933 [grpc-default-executor-4] INFO  impl.RoleInfo (RoleInfo.java:shutdownFollowerState(121)) - 98a94502-2c87-40a7-b3de-b58821969ff5: shutdown FollowerState
2019-10-25 11:00:57,934 [Thread-677] INFO  impl.FollowerState (FollowerState.java:run(117)) - ef252736-79c5-4662-a0c7-91e85b60cae7@group-75E956CAE081-FollowerState was interrupted: java.lang.InterruptedException: sleep interrupted
2019-10-25 11:00:57,933 [grpc-default-executor-0] INFO  impl.RoleInfo (RoleInfo.java:updateAndGet(143)) - ef252736-79c5-4662-a0c7-91e85b60cae7: start FollowerState
2019-10-25 11:00:57,934 [Thread-676] INFO  impl.FollowerState (FollowerState.java:run(117)) - 98a94502-2c87-40a7-b3de-b58821969ff5@group-75E956CAE081-FollowerState was interrupted: java.lang.InterruptedException: sleep interrupted
2019-10-25 11:00:57,934 [grpc-default-executor-4] INFO  impl.RoleInfo (RoleInfo.java:updateAndGet(143)) - 98a94502-2c87-40a7-b3de-b58821969ff5: start FollowerState
2019-10-25 11:00:57,944 [pool-7-thread-5] INFO  commands.RetriableDatanodeEventWatcher (RetriableDatanodeEventWatcher.java:onTimeout(47)) - RetriableDatanodeCommand type=deleteBlocksCommand with id=1572001251945 timed out. Retrying.
2019-10-25 11:00:57,944 [SCMBlockDeletingService#1] INFO  block.SCMBlockDeletingService (SCMBlockDeletingService.java:call(184)) - Totally added 1 delete blocks command for 1 datanodes, task elapsed time: 0ms
2019-10-25 11:00:57,944 [pool-7-thread-6] INFO  commands.RetriableDatanodeEventWatcher (RetriableDatanodeEventWatcher.java:onTimeout(47)) - RetriableDatanodeCommand type=deleteBlocksCommand with id=1572001251939 timed out. Retrying.
2019-10-25 11:00:57,944 [c661ec13-19db-400c-b7a5-525d9c97029d@group-75E956CAE081-LeaderElection26] INFO  impl.LeaderElection (LeaderElection.java:logAndReturn(56)) - c661ec13-19db-400c-b7a5-525d9c97029d@group-75E956CAE081-LeaderElection26: Election REJECTED; received 2 response(s) [c661ec13-19db-400c-b7a5-525d9c97029d<-98a94502-2c87-40a7-b3de-b58821969ff5#0:FAIL-t19, c661ec13-19db-400c-b7a5-525d9c97029d<-ef252736-79c5-4662-a0c7-91e85b60cae7#0:FAIL-t19] and 0 exception(s); c661ec13-19db-400c-b7a5-525d9c97029d@group-75E956CAE081:t19, leader=null, voted=c661ec13-19db-400c-b7a5-525d9c97029d, raftlog=c661ec13-19db-400c-b7a5-525d9c97029d@group-75E956CAE081-SegmentedRaftLog:OPENED:c3,f4,i4, conf=0: [98a94502-2c87-40a7-b3de-b58821969ff5:192.168.157.233:45458, ef252736-79c5-4662-a0c7-91e85b60cae7:192.168.157.233:36823, c661ec13-19db-400c-b7a5-525d9c97029d:192.168.157.233:33523], old=null
2019-10-25 11:00:57,944 [pool-7-thread-2] INFO  commands.RetriableDatanodeEventWatcher (RetriableDatanodeEventWatcher.java:onTimeout(47)) - RetriableDatanodeCommand type=deleteBlocksCommand with id=1572001251941 timed out. Retrying.
2019-10-25 11:00:57,945 [c661ec13-19db-400c-b7a5-525d9c97029d@group-75E956CAE081-LeaderElection26] INFO  impl.RaftServerImpl (RaftServerImpl.java:setRole(184)) - c661ec13-19db-400c-b7a5-525d9c97029d@group-75E956CAE081: changes role from CANDIDATE to FOLLOWER at term 19 for DISCOVERED_A_NEW_TERM
2019-10-25 11:00:57,946 [pool-7-thread-1] INFO  commands.RetriableDatanodeEventWatcher (RetriableDatanodeEventWatcher.java:onTimeout(47)) - RetriableDatanodeCommand type=deleteBlocksCommand with id=1572001251936 timed out. Retrying.
2019-10-25 11:00:57,946 [c661ec13-19db-400c-b7a5-525d9c97029d@group-75E956CAE081-LeaderElection26] INFO  impl.RoleInfo (RoleInfo.java:shutdownLeaderElection(134)) - c661ec13-19db-400c-b7a5-525d9c97029d: shutdown LeaderElection
2019-10-25 11:00:57,946 [pool-7-thread-3] INFO  commands.RetriableDatanodeEventWatcher (RetriableDatanodeEventWatcher.java:onTimeout(47)) - RetriableDatanodeCommand type=deleteBlocksCommand with id=1572001251944 timed out. Retrying.
2019-10-25 11:00:57,946 [c661ec13-19db-400c-b7a5-525d9c97029d@group-75E956CAE081-LeaderElection26] INFO  impl.RoleInfo (RoleInfo.java:updateAndGet(143)) - c661ec13-19db-400c-b7a5-525d9c97029d: start FollowerState
2019-10-25 11:00:57,946 [pool-7-thread-4] INFO  commands.RetriableDatanodeEventWatcher (RetriableDatanodeEventWatcher.java:onTimeout(47)) - RetriableDatanodeCommand type=deleteBlocksCommand with id=1572001251943 timed out. Retrying.
2019-10-25 11:00:58,051 [Thread-684] INFO  impl.FollowerState (FollowerState.java:run(108)) - c661ec13-19db-400c-b7a5-525d9c97029d@group-75E956CAE081-FollowerState: change to CANDIDATE, lastRpcTime:104ms, electionTimeout:104ms
2019-10-25 11:00:58,051 [Thread-684] INFO  impl.RoleInfo (RoleInfo.java:shutdownFollowerState(121)) - c661ec13-19db-400c-b7a5-525d9c97029d: shutdown FollowerState
2019-10-25 11:00:58,051 [Thread-684] INFO  impl.RaftServerImpl (RaftServerImpl.java:setRole(184)) - c661ec13-19db-400c-b7a5-525d9c97029d@group-75E956CAE081: changes role from  FOLLOWER to CANDIDATE at term 19 for changeToCandidate
2019-10-25 11:00:58,051 [Thread-684] INFO  impl.RoleInfo (RoleInfo.java:updateAndGet(143)) - c661ec13-19db-400c-b7a5-525d9c97029d: start LeaderElection
2019-10-25 11:00:58,065 [c661ec13-19db-400c-b7a5-525d9c97029d@group-75E956CAE081-LeaderElection27] INFO  impl.LeaderElection (LeaderElection.java:askForVotes(178)) - c661ec13-19db-400c-b7a5-525d9c97029d@group-75E956CAE081-LeaderElection27: begin an election at term 20 for 0: [98a94502-2c87-40a7-b3de-b58821969ff5:192.168.157.233:45458, ef252736-79c5-4662-a0c7-91e85b60cae7:192.168.157.233:36823, c661ec13-19db-400c-b7a5-525d9c97029d:192.168.157.233:33523], old=null
2019-10-25 11:00:58,068 [grpc-default-executor-0] INFO  impl.RaftServerImpl (RaftServerImpl.java:setRole(184)) - 98a94502-2c87-40a7-b3de-b58821969ff5@group-75E956CAE081: changes role from  FOLLOWER to FOLLOWER at term 20 for recognizeCandidate:c661ec13-19db-400c-b7a5-525d9c97029d
2019-10-25 11:00:58,068 [grpc-default-executor-0] INFO  impl.RoleInfo (RoleInfo.java:shutdownFollowerState(121)) - 98a94502-2c87-40a7-b3de-b58821969ff5: shutdown FollowerState
2019-10-25 11:00:58,069 [grpc-default-executor-4] INFO  impl.RaftServerImpl (RaftServerImpl.java:setRole(184)) - ef252736-79c5-4662-a0c7-91e85b60cae7@group-75E956CAE081: changes role from  FOLLOWER to FOLLOWER at term 20 for recognizeCandidate:c661ec13-19db-400c-b7a5-525d9c97029d
2019-10-25 11:00:58,069 [grpc-default-executor-0] INFO  impl.RoleInfo (RoleInfo.java:updateAndGet(143)) - 98a94502-2c87-40a7-b3de-b58821969ff5: start FollowerState
2019-10-25 11:00:58,069 [Thread-683] INFO  impl.FollowerState (FollowerState.java:run(117)) - 98a94502-2c87-40a7-b3de-b58821969ff5@group-75E956CAE081-FollowerState was interrupted: java.lang.InterruptedException: sleep interrupted
2019-10-25 11:00:58,069 [grpc-default-executor-4] INFO  impl.RoleInfo (RoleInfo.java:shutdownFollowerState(121)) - ef252736-79c5-4662-a0c7-91e85b60cae7: shutdown FollowerState
2019-10-25 11:00:58,069 [Thread-682] INFO  impl.FollowerState (FollowerState.java:run(117)) - ef252736-79c5-4662-a0c7-91e85b60cae7@group-75E956CAE081-FollowerState was interrupted: java.lang.InterruptedException: sleep interrupted
2019-10-25 11:00:58,069 [grpc-default-executor-4] INFO  impl.RoleInfo (RoleInfo.java:updateAndGet(143)) - ef252736-79c5-4662-a0c7-91e85b60cae7: start FollowerState
2019-10-25 11:00:58,084 [c661ec13-19db-400c-b7a5-525d9c97029d@group-75E956CAE081-LeaderElection27] INFO  impl.LeaderElection (LeaderElection.java:logAndReturn(56)) - c661ec13-19db-400c-b7a5-525d9c97029d@group-75E956CAE081-LeaderElection27: Election REJECTED; received 2 response(s) [c661ec13-19db-400c-b7a5-525d9c97029d<-98a94502-2c87-40a7-b3de-b58821969ff5#0:FAIL-t20, c661ec13-19db-400c-b7a5-525d9c97029d<-ef252736-79c5-4662-a0c7-91e85b60cae7#0:FAIL-t20] and 0 exception(s); c661ec13-19db-400c-b7a5-525d9c97029d@group-75E956CAE081:t20, leader=null, voted=c661ec13-19db-400c-b7a5-525d9c97029d, raftlog=c661ec13-19db-400c-b7a5-525d9c97029d@group-75E956CAE081-SegmentedRaftLog:OPENED:c3,f4,i4, conf=0: [98a94502-2c87-40a7-b3de-b58821969ff5:192.168.157.233:45458, ef252736-79c5-4662-a0c7-91e85b60cae7:192.168.157.233:36823, c661ec13-19db-400c-b7a5-525d9c97029d:192.168.157.233:33523], old=null
2019-10-25 11:00:58,084 [c661ec13-19db-400c-b7a5-525d9c97029d@group-75E956CAE081-LeaderElection27] INFO  impl.RaftServerImpl (RaftServerImpl.java:setRole(184)) - c661ec13-19db-400c-b7a5-525d9c97029d@group-75E956CAE081: changes role from CANDIDATE to FOLLOWER at term 20 for DISCOVERED_A_NEW_TERM
2019-10-25 11:00:58,084 [c661ec13-19db-400c-b7a5-525d9c97029d@group-75E956CAE081-LeaderElection27] INFO  impl.RoleInfo (RoleInfo.java:shutdownLeaderElection(134)) - c661ec13-19db-400c-b7a5-525d9c97029d: shutdown LeaderElection
2019-10-25 11:00:58,085 [c661ec13-19db-400c-b7a5-525d9c97029d@group-75E956CAE081-LeaderElection27] INFO  impl.RoleInfo (RoleInfo.java:updateAndGet(143)) - c661ec13-19db-400c-b7a5-525d9c97029d: start FollowerState
2019-10-25 11:00:58,263 [Thread-690] INFO  impl.FollowerState (FollowerState.java:run(108)) - c661ec13-19db-400c-b7a5-525d9c97029d@group-75E956CAE081-FollowerState: change to CANDIDATE, lastRpcTime:178ms, electionTimeout:178ms
2019-10-25 11:00:58,265 [Thread-690] INFO  impl.RoleInfo (RoleInfo.java:shutdownFollowerState(121)) - c661ec13-19db-400c-b7a5-525d9c97029d: shutdown FollowerState
2019-10-25 11:00:58,265 [Thread-690] INFO  impl.RaftServerImpl (RaftServerImpl.java:setRole(184)) - c661ec13-19db-400c-b7a5-525d9c97029d@group-75E956CAE081: changes role from  FOLLOWER to CANDIDATE at term 20 for changeToCandidate
2019-10-25 11:00:58,265 [Thread-690] INFO  impl.RoleInfo (RoleInfo.java:updateAndGet(143)) - c661ec13-19db-400c-b7a5-525d9c97029d: start LeaderElection
2019-10-25 11:00:58,279 [c661ec13-19db-400c-b7a5-525d9c97029d@group-75E956CAE081-LeaderElection28] INFO  impl.LeaderElection (LeaderElection.java:askForVotes(178)) - c661ec13-19db-400c-b7a5-525d9c97029d@group-75E956CAE081-LeaderElection28: begin an election at term 21 for 0: [98a94502-2c87-40a7-b3de-b58821969ff5:192.168.157.233:45458, ef252736-79c5-4662-a0c7-91e85b60cae7:192.168.157.233:36823, c661ec13-19db-400c-b7a5-525d9c97029d:192.168.157.233:33523], old=null
2019-10-25 11:00:58,282 [grpc-default-executor-0] INFO  impl.RaftServerImpl (RaftServerImpl.java:setRole(184)) - 98a94502-2c87-40a7-b3de-b58821969ff5@group-75E956CAE081: changes role from  FOLLOWER to FOLLOWER at term 21 for recognizeCandidate:c661ec13-19db-400c-b7a5-525d9c97029d
2019-10-25 11:00:58,282 [grpc-default-executor-4] INFO  impl.RaftServerImpl (RaftServerImpl.java:setRole(184)) - ef252736-79c5-4662-a0c7-91e85b60cae7@group-75E956CAE081: changes role from  FOLLOWER to FOLLOWER at term 21 for recognizeCandidate:c661ec13-19db-400c-b7a5-525d9c97029d
2019-10-25 11:00:58,282 [grpc-default-executor-0] INFO  impl.RoleInfo (RoleInfo.java:shutdownFollowerState(121)) - 98a94502-2c87-40a7-b3de-b58821969ff5: shutdown FollowerState
2019-10-25 11:00:58,282 [grpc-default-executor-4] INFO  impl.RoleInfo (RoleInfo.java:shutdownFollowerState(121)) - ef252736-79c5-4662-a0c7-91e85b60cae7: shutdown FollowerState
2019-10-25 11:00:58,283 [Thread-688] INFO  impl.FollowerState (FollowerState.java:run(117)) - 98a94502-2c87-40a7-b3de-b58821969ff5@group-75E956CAE081-FollowerState was interrupted: java.lang.InterruptedException: sleep interrupted
2019-10-25 11:00:58,282 [grpc-default-executor-0] INFO  impl.RoleInfo (RoleInfo.java:updateAndGet(143)) - 98a94502-2c87-40a7-b3de-b58821969ff5: start FollowerState
2019-10-25 11:00:58,283 [Thread-689] INFO  impl.FollowerState (FollowerState.java:run(117)) - ef252736-79c5-4662-a0c7-91e85b60cae7@group-75E956CAE081-FollowerState was interrupted: java.lang.InterruptedException: sleep interrupted
2019-10-25 11:00:58,283 [grpc-default-executor-4] INFO  impl.RoleInfo (RoleInfo.java:updateAndGet(143)) - ef252736-79c5-4662-a0c7-91e85b60cae7: start FollowerState
2019-10-25 11:00:58,298 [c661ec13-19db-400c-b7a5-525d9c97029d@group-75E956CAE081-LeaderElection28] INFO  impl.LeaderElection (LeaderElection.java:logAndReturn(56)) - c661ec13-19db-400c-b7a5-525d9c97029d@group-75E956CAE081-LeaderElection28: Election REJECTED; received 2 response(s) [c661ec13-19db-400c-b7a5-525d9c97029d<-98a94502-2c87-40a7-b3de-b58821969ff5#0:FAIL-t21, c661ec13-19db-400c-b7a5-525d9c97029d<-ef252736-79c5-4662-a0c7-91e85b60cae7#0:FAIL-t21] and 0 exception(s); c661ec13-19db-400c-b7a5-525d9c97029d@group-75E956CAE081:t21, leader=null, voted=c661ec13-19db-400c-b7a5-525d9c97029d, raftlog=c661ec13-19db-400c-b7a5-525d9c97029d@group-75E956CAE081-SegmentedRaftLog:OPENED:c3,f4,i4, conf=0: [98a94502-2c87-40a7-b3de-b58821969ff5:192.168.157.233:45458, ef252736-79c5-4662-a0c7-91e85b60cae7:192.168.157.233:36823, c661ec13-19db-400c-b7a5-525d9c97029d:192.168.157.233:33523], old=null
2019-10-25 11:00:58,298 [c661ec13-19db-400c-b7a5-525d9c97029d@group-75E956CAE081-LeaderElection28] INFO  impl.RaftServerImpl (RaftServerImpl.java:setRole(184)) - c661ec13-19db-400c-b7a5-525d9c97029d@group-75E956CAE081: changes role from CANDIDATE to FOLLOWER at term 21 for DISCOVERED_A_NEW_TERM
2019-10-25 11:00:58,298 [c661ec13-19db-400c-b7a5-525d9c97029d@group-75E956CAE081-LeaderElection28] INFO  impl.RoleInfo (RoleInfo.java:shutdownLeaderElection(134)) - c661ec13-19db-400c-b7a5-525d9c97029d: shutdown LeaderElection
2019-10-25 11:00:58,299 [c661ec13-19db-400c-b7a5-525d9c97029d@group-75E956CAE081-LeaderElection28] INFO  impl.RoleInfo (RoleInfo.java:updateAndGet(143)) - c661ec13-19db-400c-b7a5-525d9c97029d: start FollowerState
2019-10-25 11:00:58,346 [BlockDeletingService#4] WARN  background.BlockDeletingService (BlockDeletingService.java:isDeletionAllowed(187)) - Close Container log Index 6 is not replicated across allthe servers in the pipeline 4b59a773-7942-4ce0-97fc-75e956cae081 as the min replicated index is 4. Deletion is not allowed in this container yet.
2019-10-25 11:00:58,346 [BlockDeletingService#2] WARN  background.BlockDeletingService (BlockDeletingService.java:isDeletionAllowed(187)) - Close Container log Index 6 is not replicated across allthe servers in the pipeline 4b59a773-7942-4ce0-97fc-75e956cae081 as the min replicated index is 4. Deletion is not allowed in this container yet.
2019-10-25 11:00:58,404 [Thread-696] INFO  impl.FollowerState (FollowerState.java:run(108)) - c661ec13-19db-400c-b7a5-525d9c97029d@group-75E956CAE081-FollowerState: change to CANDIDATE, lastRpcTime:105ms, electionTimeout:105ms
2019-10-25 11:00:58,404 [Thread-696] INFO  impl.RoleInfo (RoleInfo.java:shutdownFollowerState(121)) - c661ec13-19db-400c-b7a5-525d9c97029d: shutdown FollowerState
2019-10-25 11:00:58,404 [Thread-696] INFO  impl.RaftServerImpl (RaftServerImpl.java:setRole(184)) - c661ec13-19db-400c-b7a5-525d9c97029d@group-75E956CAE081: changes role from  FOLLOWER to CANDIDATE at term 21 for changeToCandidate
2019-10-25 11:00:58,404 [Thread-696] INFO  impl.RoleInfo (RoleInfo.java:updateAndGet(143)) - c661ec13-19db-400c-b7a5-525d9c97029d: start LeaderElection
2019-10-25 11:00:58,430 [c661ec13-19db-400c-b7a5-525d9c97029d@group-75E956CAE081-LeaderElection29] INFO  impl.LeaderElection (LeaderElection.java:askForVotes(178)) - c661ec13-19db-400c-b7a5-525d9c97029d@group-75E956CAE081-LeaderElection29: begin an election at term 22 for 0: [98a94502-2c87-40a7-b3de-b58821969ff5:192.168.157.233:45458, ef252736-79c5-4662-a0c7-91e85b60cae7:192.168.157.233:36823, c661ec13-19db-400c-b7a5-525d9c97029d:192.168.157.233:33523], old=null
2019-10-25 11:00:58,432 [grpc-default-executor-0] INFO  impl.RaftServerImpl (RaftServerImpl.java:setRole(184)) - 98a94502-2c87-40a7-b3de-b58821969ff5@group-75E956CAE081: changes role from  FOLLOWER to FOLLOWER at term 22 for recognizeCandidate:c661ec13-19db-400c-b7a5-525d9c97029d
2019-10-25 11:00:58,433 [grpc-default-executor-0] INFO  impl.RoleInfo (RoleInfo.java:shutdownFollowerState(121)) - 98a94502-2c87-40a7-b3de-b58821969ff5: shutdown FollowerState
2019-10-25 11:00:58,433 [grpc-default-executor-4] INFO  impl.RaftServerImpl (RaftServerImpl.java:setRole(184)) - ef252736-79c5-4662-a0c7-91e85b60cae7@group-75E956CAE081: changes role from  FOLLOWER to FOLLOWER at term 22 for recognizeCandidate:c661ec13-19db-400c-b7a5-525d9c97029d
2019-10-25 11:00:58,433 [Thread-694] INFO  impl.FollowerState (FollowerState.java:run(117)) - 98a94502-2c87-40a7-b3de-b58821969ff5@group-75E956CAE081-FollowerState was interrupted: java.lang.InterruptedException: sleep interrupted
2019-10-25 11:00:58,433 [grpc-default-executor-0] INFO  impl.RoleInfo (RoleInfo.java:updateAndGet(143)) - 98a94502-2c87-40a7-b3de-b58821969ff5: start FollowerState
2019-10-25 11:00:58,433 [grpc-default-executor-4] INFO  impl.RoleInfo (RoleInfo.java:shutdownFollowerState(121)) - ef252736-79c5-4662-a0c7-91e85b60cae7: shutdown FollowerState
2019-10-25 11:00:58,434 [Thread-695] INFO  impl.FollowerState (FollowerState.java:run(117)) - ef252736-79c5-4662-a0c7-91e85b60cae7@group-75E956CAE081-FollowerState was interrupted: java.lang.InterruptedException: sleep interrupted
2019-10-25 11:00:58,434 [grpc-default-executor-4] INFO  impl.RoleInfo (RoleInfo.java:updateAndGet(143)) - ef252736-79c5-4662-a0c7-91e85b60cae7: start FollowerState
2019-10-25 11:00:58,448 [c661ec13-19db-400c-b7a5-525d9c97029d@group-75E956CAE081-LeaderElection29] INFO  impl.LeaderElection (LeaderElection.java:logAndReturn(56)) - c661ec13-19db-400c-b7a5-525d9c97029d@group-75E956CAE081-LeaderElection29: Election REJECTED; received 2 response(s) [c661ec13-19db-400c-b7a5-525d9c97029d<-98a94502-2c87-40a7-b3de-b58821969ff5#0:FAIL-t22, c661ec13-19db-400c-b7a5-525d9c97029d<-ef252736-79c5-4662-a0c7-91e85b60cae7#0:FAIL-t22] and 0 exception(s); c661ec13-19db-400c-b7a5-525d9c97029d@group-75E956CAE081:t22, leader=null, voted=c661ec13-19db-400c-b7a5-525d9c97029d, raftlog=c661ec13-19db-400c-b7a5-525d9c97029d@group-75E956CAE081-SegmentedRaftLog:OPENED:c3,f4,i4, conf=0: [98a94502-2c87-40a7-b3de-b58821969ff5:192.168.157.233:45458, ef252736-79c5-4662-a0c7-91e85b60cae7:192.168.157.233:36823, c661ec13-19db-400c-b7a5-525d9c97029d:192.168.157.233:33523], old=null
2019-10-25 11:00:58,448 [c661ec13-19db-400c-b7a5-525d9c97029d@group-75E956CAE081-LeaderElection29] INFO  impl.RaftServerImpl (RaftServerImpl.java:setRole(184)) - c661ec13-19db-400c-b7a5-525d9c97029d@group-75E956CAE081: changes role from CANDIDATE to FOLLOWER at term 22 for DISCOVERED_A_NEW_TERM
2019-10-25 11:00:58,448 [c661ec13-19db-400c-b7a5-525d9c97029d@group-75E956CAE081-LeaderElection29] INFO  impl.RoleInfo (RoleInfo.java:shutdownLeaderElection(134)) - c661ec13-19db-400c-b7a5-525d9c97029d: shutdown LeaderElection
2019-10-25 11:00:58,449 [c661ec13-19db-400c-b7a5-525d9c97029d@group-75E956CAE081-LeaderElection29] INFO  impl.RoleInfo (RoleInfo.java:updateAndGet(143)) - c661ec13-19db-400c-b7a5-525d9c97029d: start FollowerState
2019-10-25 11:00:58,500 [Thread-707] INFO  client.GrpcClientProtocolService (GrpcClientProtocolService.java:lambda$processClientRequest$0(278)) - Failed RaftClientRequest:client-E2DCCEC0A424->c661ec13-19db-400c-b7a5-525d9c97029d@group-75E956CAE081, cid=10, seq=0, Watch-ALL_COMMITTED(6), Message:<EMPTY>, reply=RaftClientReply:client-E2DCCEC0A424->c661ec13-19db-400c-b7a5-525d9c97029d@group-75E956CAE081, cid=10, FAILED org.apache.ratis.protocol.NotLeaderException: Server c661ec13-19db-400c-b7a5-525d9c97029d@group-75E956CAE081 is not the leader, logIndex=0, commits[c661ec13-19db-400c-b7a5-525d9c97029d:c3]
2019-10-25 11:00:58,555 [Thread-705] INFO  impl.FollowerState (FollowerState.java:run(108)) - c661ec13-19db-400c-b7a5-525d9c97029d@group-75E956CAE081-FollowerState: change to CANDIDATE, lastRpcTime:106ms, electionTimeout:106ms
2019-10-25 11:00:58,555 [Thread-705] INFO  impl.RoleInfo (RoleInfo.java:shutdownFollowerState(121)) - c661ec13-19db-400c-b7a5-525d9c97029d: shutdown FollowerState
2019-10-25 11:00:58,555 [Thread-705] INFO  impl.RaftServerImpl (RaftServerImpl.java:setRole(184)) - c661ec13-19db-400c-b7a5-525d9c97029d@group-75E956CAE081: changes role from  FOLLOWER to CANDIDATE at term 22 for changeToCandidate
2019-10-25 11:00:58,556 [Thread-705] INFO  impl.RoleInfo (RoleInfo.java:updateAndGet(143)) - c661ec13-19db-400c-b7a5-525d9c97029d: start LeaderElection
2019-10-25 11:00:58,582 [c661ec13-19db-400c-b7a5-525d9c97029d@group-75E956CAE081-LeaderElection30] INFO  impl.LeaderElection (LeaderElection.java:askForVotes(178)) - c661ec13-19db-400c-b7a5-525d9c97029d@group-75E956CAE081-LeaderElection30: begin an election at term 23 for 0: [98a94502-2c87-40a7-b3de-b58821969ff5:192.168.157.233:45458, ef252736-79c5-4662-a0c7-91e85b60cae7:192.168.157.233:36823, c661ec13-19db-400c-b7a5-525d9c97029d:192.168.157.233:33523], old=null
2019-10-25 11:00:58,587 [grpc-default-executor-4] INFO  impl.RaftServerImpl (RaftServerImpl.java:setRole(184)) - ef252736-79c5-4662-a0c7-91e85b60cae7@group-75E956CAE081: changes role from  FOLLOWER to FOLLOWER at term 23 for recognizeCandidate:c661ec13-19db-400c-b7a5-525d9c97029d
2019-10-25 11:00:58,587 [grpc-default-executor-4] INFO  impl.RoleInfo (RoleInfo.java:shutdownFollowerState(121)) - ef252736-79c5-4662-a0c7-91e85b60cae7: shutdown FollowerState
2019-10-25 11:00:58,587 [grpc-default-executor-0] INFO  impl.RaftServerImpl (RaftServerImpl.java:setRole(184)) - 98a94502-2c87-40a7-b3de-b58821969ff5@group-75E956CAE081: changes role from  FOLLOWER to FOLLOWER at term 23 for recognizeCandidate:c661ec13-19db-400c-b7a5-525d9c97029d
2019-10-25 11:00:58,587 [grpc-default-executor-4] INFO  impl.RoleInfo (RoleInfo.java:updateAndGet(143)) - ef252736-79c5-4662-a0c7-91e85b60cae7: start FollowerState
2019-10-25 11:00:58,587 [Thread-704] INFO  impl.FollowerState (FollowerState.java:run(117)) - ef252736-79c5-4662-a0c7-91e85b60cae7@group-75E956CAE081-FollowerState was interrupted: java.lang.InterruptedException: sleep interrupted
2019-10-25 11:00:58,587 [grpc-default-executor-0] INFO  impl.RoleInfo (RoleInfo.java:shutdownFollowerState(121)) - 98a94502-2c87-40a7-b3de-b58821969ff5: shutdown FollowerState
2019-10-25 11:00:58,588 [grpc-default-executor-0] INFO  impl.RoleInfo (RoleInfo.java:updateAndGet(143)) - 98a94502-2c87-40a7-b3de-b58821969ff5: start FollowerState
2019-10-25 11:00:58,588 [Thread-703] INFO  impl.FollowerState (FollowerState.java:run(117)) - 98a94502-2c87-40a7-b3de-b58821969ff5@group-75E956CAE081-FollowerState was interrupted: java.lang.InterruptedException: sleep interrupted
2019-10-25 11:00:58,603 [c661ec13-19db-400c-b7a5-525d9c97029d@group-75E956CAE081-LeaderElection30] INFO  impl.LeaderElection (LeaderElection.java:logAndReturn(56)) - c661ec13-19db-400c-b7a5-525d9c97029d@group-75E956CAE081-LeaderElection30: Election REJECTED; received 2 response(s) [c661ec13-19db-400c-b7a5-525d9c97029d<-98a94502-2c87-40a7-b3de-b58821969ff5#0:FAIL-t23, c661ec13-19db-400c-b7a5-525d9c97029d<-ef252736-79c5-4662-a0c7-91e85b60cae7#0:FAIL-t23] and 0 exception(s); c661ec13-19db-400c-b7a5-525d9c97029d@group-75E956CAE081:t23, leader=null, voted=c661ec13-19db-400c-b7a5-525d9c97029d, raftlog=c661ec13-19db-400c-b7a5-525d9c97029d@group-75E956CAE081-SegmentedRaftLog:OPENED:c3,f4,i4, conf=0: [98a94502-2c87-40a7-b3de-b58821969ff5:192.168.157.233:45458, ef252736-79c5-4662-a0c7-91e85b60cae7:192.168.157.233:36823, c661ec13-19db-400c-b7a5-525d9c97029d:192.168.157.233:33523], old=null
2019-10-25 11:00:58,603 [c661ec13-19db-400c-b7a5-525d9c97029d@group-75E956CAE081-LeaderElection30] INFO  impl.RaftServerImpl (RaftServerImpl.java:setRole(184)) - c661ec13-19db-400c-b7a5-525d9c97029d@group-75E956CAE081: changes role from CANDIDATE to FOLLOWER at term 23 for DISCOVERED_A_NEW_TERM
2019-10-25 11:00:58,603 [c661ec13-19db-400c-b7a5-525d9c97029d@group-75E956CAE081-LeaderElection30] INFO  impl.RoleInfo (RoleInfo.java:shutdownLeaderElection(134)) - c661ec13-19db-400c-b7a5-525d9c97029d: shutdown LeaderElection
2019-10-25 11:00:58,603 [c661ec13-19db-400c-b7a5-525d9c97029d@group-75E956CAE081-LeaderElection30] INFO  impl.RoleInfo (RoleInfo.java:updateAndGet(143)) - c661ec13-19db-400c-b7a5-525d9c97029d: start FollowerState
2019-10-25 11:00:58,765 [Thread-714] INFO  impl.FollowerState (FollowerState.java:run(108)) - c661ec13-19db-400c-b7a5-525d9c97029d@group-75E956CAE081-FollowerState: change to CANDIDATE, lastRpcTime:161ms, electionTimeout:161ms
2019-10-25 11:00:58,767 [Thread-714] INFO  impl.RoleInfo (RoleInfo.java:shutdownFollowerState(121)) - c661ec13-19db-400c-b7a5-525d9c97029d: shutdown FollowerState
2019-10-25 11:00:58,767 [Thread-714] INFO  impl.RaftServerImpl (RaftServerImpl.java:setRole(184)) - c661ec13-19db-400c-b7a5-525d9c97029d@group-75E956CAE081: changes role from  FOLLOWER to CANDIDATE at term 23 for changeToCandidate
2019-10-25 11:00:58,767 [Thread-714] INFO  impl.RoleInfo (RoleInfo.java:updateAndGet(143)) - c661ec13-19db-400c-b7a5-525d9c97029d: start LeaderElection
2019-10-25 11:00:58,781 [c661ec13-19db-400c-b7a5-525d9c97029d@group-75E956CAE081-LeaderElection31] INFO  impl.LeaderElection (LeaderElection.java:askForVotes(178)) - c661ec13-19db-400c-b7a5-525d9c97029d@group-75E956CAE081-LeaderElection31: begin an election at term 24 for 0: [98a94502-2c87-40a7-b3de-b58821969ff5:192.168.157.233:45458, ef252736-79c5-4662-a0c7-91e85b60cae7:192.168.157.233:36823, c661ec13-19db-400c-b7a5-525d9c97029d:192.168.157.233:33523], old=null
2019-10-25 11:00:58,784 [grpc-default-executor-0] INFO  impl.RaftServerImpl (RaftServerImpl.java:setRole(184)) - ef252736-79c5-4662-a0c7-91e85b60cae7@group-75E956CAE081: changes role from  FOLLOWER to FOLLOWER at term 24 for recognizeCandidate:c661ec13-19db-400c-b7a5-525d9c97029d
2019-10-25 11:00:58,784 [grpc-default-executor-4] INFO  impl.RaftServerImpl (RaftServerImpl.java:setRole(184)) - 98a94502-2c87-40a7-b3de-b58821969ff5@group-75E956CAE081: changes role from  FOLLOWER to FOLLOWER at term 24 for recognizeCandidate:c661ec13-19db-400c-b7a5-525d9c97029d
2019-10-25 11:00:58,784 [grpc-default-executor-0] INFO  impl.RoleInfo (RoleInfo.java:shutdownFollowerState(121)) - ef252736-79c5-4662-a0c7-91e85b60cae7: shutdown FollowerState
2019-10-25 11:00:58,784 [grpc-default-executor-4] INFO  impl.RoleInfo (RoleInfo.java:shutdownFollowerState(121)) - 98a94502-2c87-40a7-b3de-b58821969ff5: shutdown FollowerState
2019-10-25 11:00:58,785 [Thread-712] INFO  impl.FollowerState (FollowerState.java:run(117)) - ef252736-79c5-4662-a0c7-91e85b60cae7@group-75E956CAE081-FollowerState was interrupted: java.lang.InterruptedException: sleep interrupted
2019-10-25 11:00:58,785 [grpc-default-executor-0] INFO  impl.RoleInfo (RoleInfo.java:updateAndGet(143)) - ef252736-79c5-4662-a0c7-91e85b60cae7: start FollowerState
2019-10-25 11:00:58,785 [Thread-713] INFO  impl.FollowerState (FollowerState.java:run(117)) - 98a94502-2c87-40a7-b3de-b58821969ff5@group-75E956CAE081-FollowerState was interrupted: java.lang.InterruptedException: sleep interrupted
2019-10-25 11:00:58,785 [grpc-default-executor-4] INFO  impl.RoleInfo (RoleInfo.java:updateAndGet(143)) - 98a94502-2c87-40a7-b3de-b58821969ff5: start FollowerState
2019-10-25 11:00:58,800 [c661ec13-19db-400c-b7a5-525d9c97029d@group-75E956CAE081-LeaderElection31] INFO  impl.LeaderElection (LeaderElection.java:logAndReturn(56)) - c661ec13-19db-400c-b7a5-525d9c97029d@group-75E956CAE081-LeaderElection31: Election REJECTED; received 2 response(s) [c661ec13-19db-400c-b7a5-525d9c97029d<-98a94502-2c87-40a7-b3de-b58821969ff5#0:FAIL-t24, c661ec13-19db-400c-b7a5-525d9c97029d<-ef252736-79c5-4662-a0c7-91e85b60cae7#0:FAIL-t24] and 0 exception(s); c661ec13-19db-400c-b7a5-525d9c97029d@group-75E956CAE081:t24, leader=null, voted=c661ec13-19db-400c-b7a5-525d9c97029d, raftlog=c661ec13-19db-400c-b7a5-525d9c97029d@group-75E956CAE081-SegmentedRaftLog:OPENED:c3,f4,i4, conf=0: [98a94502-2c87-40a7-b3de-b58821969ff5:192.168.157.233:45458, ef252736-79c5-4662-a0c7-91e85b60cae7:192.168.157.233:36823, c661ec13-19db-400c-b7a5-525d9c97029d:192.168.157.233:33523], old=null
2019-10-25 11:00:58,801 [c661ec13-19db-400c-b7a5-525d9c97029d@group-75E956CAE081-LeaderElection31] INFO  impl.RaftServerImpl (RaftServerImpl.java:setRole(184)) - c661ec13-19db-400c-b7a5-525d9c97029d@group-75E956CAE081: changes role from CANDIDATE to FOLLOWER at term 24 for DISCOVERED_A_NEW_TERM
2019-10-25 11:00:58,801 [c661ec13-19db-400c-b7a5-525d9c97029d@group-75E956CAE081-LeaderElection31] INFO  impl.RoleInfo (RoleInfo.java:shutdownLeaderElection(134)) - c661ec13-19db-400c-b7a5-525d9c97029d: shutdown LeaderElection
2019-10-25 11:00:58,801 [c661ec13-19db-400c-b7a5-525d9c97029d@group-75E956CAE081-LeaderElection31] INFO  impl.RoleInfo (RoleInfo.java:updateAndGet(143)) - c661ec13-19db-400c-b7a5-525d9c97029d: start FollowerState
2019-10-25 11:00:58,861 [Thread-720] INFO  impl.FollowerState (FollowerState.java:run(108)) - c661ec13-19db-400c-b7a5-525d9c97029d@group-75E956CAE081-FollowerState: change to CANDIDATE, lastRpcTime:60ms, electionTimeout:60ms
2019-10-25 11:00:58,863 [Thread-720] INFO  impl.RoleInfo (RoleInfo.java:shutdownFollowerState(121)) - c661ec13-19db-400c-b7a5-525d9c97029d: shutdown FollowerState
2019-10-25 11:00:58,863 [Thread-720] INFO  impl.RaftServerImpl (RaftServerImpl.java:setRole(184)) - c661ec13-19db-400c-b7a5-525d9c97029d@group-75E956CAE081: changes role from  FOLLOWER to CANDIDATE at term 24 for changeToCandidate
2019-10-25 11:00:58,863 [Thread-720] INFO  impl.RoleInfo (RoleInfo.java:updateAndGet(143)) - c661ec13-19db-400c-b7a5-525d9c97029d: start LeaderElection
2019-10-25 11:00:58,889 [c661ec13-19db-400c-b7a5-525d9c97029d@group-75E956CAE081-LeaderElection32] INFO  impl.LeaderElection (LeaderElection.java:askForVotes(178)) - c661ec13-19db-400c-b7a5-525d9c97029d@group-75E956CAE081-LeaderElection32: begin an election at term 25 for 0: [98a94502-2c87-40a7-b3de-b58821969ff5:192.168.157.233:45458, ef252736-79c5-4662-a0c7-91e85b60cae7:192.168.157.233:36823, c661ec13-19db-400c-b7a5-525d9c97029d:192.168.157.233:33523], old=null
2019-10-25 11:00:58,891 [grpc-default-executor-4] INFO  impl.RaftServerImpl (RaftServerImpl.java:setRole(184)) - 98a94502-2c87-40a7-b3de-b58821969ff5@group-75E956CAE081: changes role from  FOLLOWER to FOLLOWER at term 25 for recognizeCandidate:c661ec13-19db-400c-b7a5-525d9c97029d
2019-10-25 11:00:58,891 [grpc-default-executor-4] INFO  impl.RoleInfo (RoleInfo.java:shutdownFollowerState(121)) - 98a94502-2c87-40a7-b3de-b58821969ff5: shutdown FollowerState
2019-10-25 11:00:58,891 [grpc-default-executor-0] INFO  impl.RaftServerImpl (RaftServerImpl.java:setRole(184)) - ef252736-79c5-4662-a0c7-91e85b60cae7@group-75E956CAE081: changes role from  FOLLOWER to FOLLOWER at term 25 for recognizeCandidate:c661ec13-19db-400c-b7a5-525d9c97029d
2019-10-25 11:00:58,891 [Thread-719] INFO  impl.FollowerState (FollowerState.java:run(117)) - 98a94502-2c87-40a7-b3de-b58821969ff5@group-75E956CAE081-FollowerState was interrupted: java.lang.InterruptedException: sleep interrupted
2019-10-25 11:00:58,891 [grpc-default-executor-4] INFO  impl.RoleInfo (RoleInfo.java:updateAndGet(143)) - 98a94502-2c87-40a7-b3de-b58821969ff5: start FollowerState
2019-10-25 11:00:58,892 [grpc-default-executor-0] INFO  impl.RoleInfo (RoleInfo.java:shutdownFollowerState(121)) - ef252736-79c5-4662-a0c7-91e85b60cae7: shutdown FollowerState
2019-10-25 11:00:58,892 [grpc-default-executor-0] INFO  impl.RoleInfo (RoleInfo.java:updateAndGet(143)) - ef252736-79c5-4662-a0c7-91e85b60cae7: start FollowerState
2019-10-25 11:00:58,892 [Thread-718] INFO  impl.FollowerState (FollowerState.java:run(117)) - ef252736-79c5-4662-a0c7-91e85b60cae7@group-75E956CAE081-FollowerState was interrupted: java.lang.InterruptedException: sleep interrupted
2019-10-25 11:00:58,906 [c661ec13-19db-400c-b7a5-525d9c97029d@group-75E956CAE081-LeaderElection32] INFO  impl.LeaderElection (LeaderElection.java:logAndReturn(56)) - c661ec13-19db-400c-b7a5-525d9c97029d@group-75E956CAE081-LeaderElection32: Election REJECTED; received 2 response(s) [c661ec13-19db-400c-b7a5-525d9c97029d<-98a94502-2c87-40a7-b3de-b58821969ff5#0:FAIL-t25, c661ec13-19db-400c-b7a5-525d9c97029d<-ef252736-79c5-4662-a0c7-91e85b60cae7#0:FAIL-t25] and 0 exception(s); c661ec13-19db-400c-b7a5-525d9c97029d@group-75E956CAE081:t25, leader=null, voted=c661ec13-19db-400c-b7a5-525d9c97029d, raftlog=c661ec13-19db-400c-b7a5-525d9c97029d@group-75E956CAE081-SegmentedRaftLog:OPENED:c3,f4,i4, conf=0: [98a94502-2c87-40a7-b3de-b58821969ff5:192.168.157.233:45458, ef252736-79c5-4662-a0c7-91e85b60cae7:192.168.157.233:36823, c661ec13-19db-400c-b7a5-525d9c97029d:192.168.157.233:33523], old=null
2019-10-25 11:00:58,907 [c661ec13-19db-400c-b7a5-525d9c97029d@group-75E956CAE081-LeaderElection32] INFO  impl.RaftServerImpl (RaftServerImpl.java:setRole(184)) - c661ec13-19db-400c-b7a5-525d9c97029d@group-75E956CAE081: changes role from CANDIDATE to FOLLOWER at term 25 for DISCOVERED_A_NEW_TERM
2019-10-25 11:00:58,907 [c661ec13-19db-400c-b7a5-525d9c97029d@group-75E956CAE081-LeaderElection32] INFO  impl.RoleInfo (RoleInfo.java:shutdownLeaderElection(134)) - c661ec13-19db-400c-b7a5-525d9c97029d: shutdown LeaderElection
2019-10-25 11:00:58,907 [c661ec13-19db-400c-b7a5-525d9c97029d@group-75E956CAE081-LeaderElection32] INFO  impl.RoleInfo (RoleInfo.java:updateAndGet(143)) - c661ec13-19db-400c-b7a5-525d9c97029d: start FollowerState
2019-10-25 11:00:58,944 [pool-7-thread-4] INFO  commands.RetriableDatanodeEventWatcher (RetriableDatanodeEventWatcher.java:onTimeout(47)) - RetriableDatanodeCommand type=deleteBlocksCommand with id=1572001251946 timed out. Retrying.
2019-10-25 11:00:58,946 [pool-7-thread-2] INFO  commands.RetriableDatanodeEventWatcher (RetriableDatanodeEventWatcher.java:onTimeout(47)) - RetriableDatanodeCommand type=deleteBlocksCommand with id=1572001251939 timed out. Retrying.
2019-10-25 11:00:58,946 [SCMBlockDeletingService#1] INFO  block.SCMBlockDeletingService (SCMBlockDeletingService.java:call(184)) - Totally added 1 delete blocks command for 1 datanodes, task elapsed time: 1ms
2019-10-25 11:00:58,946 [pool-7-thread-1] INFO  commands.RetriableDatanodeEventWatcher (RetriableDatanodeEventWatcher.java:onTimeout(47)) - RetriableDatanodeCommand type=deleteBlocksCommand with id=1572001251941 timed out. Retrying.
2019-10-25 11:00:58,946 [pool-7-thread-3] INFO  commands.RetriableDatanodeEventWatcher (RetriableDatanodeEventWatcher.java:onTimeout(47)) - RetriableDatanodeCommand type=deleteBlocksCommand with id=1572001251945 timed out. Retrying.
2019-10-25 11:00:58,947 [pool-7-thread-3] INFO  commands.RetriableDatanodeEventWatcher (RetriableDatanodeEventWatcher.java:onTimeout(47)) - RetriableDatanodeCommand type=deleteBlocksCommand with id=1572001251944 timed out. Retrying.
2019-10-25 11:00:58,947 [pool-7-thread-1] INFO  commands.RetriableDatanodeEventWatcher (RetriableDatanodeEventWatcher.java:onTimeout(47)) - RetriableDatanodeCommand type=deleteBlocksCommand with id=1572001251943 timed out. Retrying.
2019-10-25 11:00:58,947 [pool-7-thread-2] INFO  commands.RetriableDatanodeEventWatcher (RetriableDatanodeEventWatcher.java:onTimeout(47)) - RetriableDatanodeCommand type=deleteBlocksCommand with id=1572001251936 timed out. Retrying.
2019-10-25 11:00:59,041 [Thread-726] INFO  impl.FollowerState (FollowerState.java:run(108)) - c661ec13-19db-400c-b7a5-525d9c97029d@group-75E956CAE081-FollowerState: change to CANDIDATE, lastRpcTime:134ms, electionTimeout:134ms
2019-10-25 11:00:59,042 [Thread-726] INFO  impl.RoleInfo (RoleInfo.java:shutdownFollowerState(121)) - c661ec13-19db-400c-b7a5-525d9c97029d: shutdown FollowerState
2019-10-25 11:00:59,042 [Thread-726] INFO  impl.RaftServerImpl (RaftServerImpl.java:setRole(184)) - c661ec13-19db-400c-b7a5-525d9c97029d@group-75E956CAE081: changes role from  FOLLOWER to CANDIDATE at term 25 for changeToCandidate
2019-10-25 11:00:59,042 [Thread-726] INFO  impl.RoleInfo (RoleInfo.java:updateAndGet(143)) - c661ec13-19db-400c-b7a5-525d9c97029d: start LeaderElection
2019-10-25 11:00:59,059 [c661ec13-19db-400c-b7a5-525d9c97029d@group-75E956CAE081-LeaderElection33] INFO  impl.LeaderElection (LeaderElection.java:askForVotes(178)) - c661ec13-19db-400c-b7a5-525d9c97029d@group-75E956CAE081-LeaderElection33: begin an election at term 26 for 0: [98a94502-2c87-40a7-b3de-b58821969ff5:192.168.157.233:45458, ef252736-79c5-4662-a0c7-91e85b60cae7:192.168.157.233:36823, c661ec13-19db-400c-b7a5-525d9c97029d:192.168.157.233:33523], old=null
2019-10-25 11:00:59,062 [grpc-default-executor-4] INFO  impl.RaftServerImpl (RaftServerImpl.java:setRole(184)) - ef252736-79c5-4662-a0c7-91e85b60cae7@group-75E956CAE081: changes role from  FOLLOWER to FOLLOWER at term 26 for recognizeCandidate:c661ec13-19db-400c-b7a5-525d9c97029d
2019-10-25 11:00:59,062 [grpc-default-executor-0] INFO  impl.RaftServerImpl (RaftServerImpl.java:setRole(184)) - 98a94502-2c87-40a7-b3de-b58821969ff5@group-75E956CAE081: changes role from  FOLLOWER to FOLLOWER at term 26 for recognizeCandidate:c661ec13-19db-400c-b7a5-525d9c97029d
2019-10-25 11:00:59,062 [grpc-default-executor-4] INFO  impl.RoleInfo (RoleInfo.java:shutdownFollowerState(121)) - ef252736-79c5-4662-a0c7-91e85b60cae7: shutdown FollowerState
2019-10-25 11:00:59,062 [grpc-default-executor-0] INFO  impl.RoleInfo (RoleInfo.java:shutdownFollowerState(121)) - 98a94502-2c87-40a7-b3de-b58821969ff5: shutdown FollowerState
2019-10-25 11:00:59,062 [Thread-725] INFO  impl.FollowerState (FollowerState.java:run(117)) - ef252736-79c5-4662-a0c7-91e85b60cae7@group-75E956CAE081-FollowerState was interrupted: java.lang.InterruptedException: sleep interrupted
2019-10-25 11:00:59,063 [Thread-724] INFO  impl.FollowerState (FollowerState.java:run(117)) - 98a94502-2c87-40a7-b3de-b58821969ff5@group-75E956CAE081-FollowerState was interrupted: java.lang.InterruptedException: sleep interrupted
2019-10-25 11:00:59,062 [grpc-default-executor-4] INFO  impl.RoleInfo (RoleInfo.java:updateAndGet(143)) - ef252736-79c5-4662-a0c7-91e85b60cae7: start FollowerState
2019-10-25 11:00:59,063 [grpc-default-executor-0] INFO  impl.RoleInfo (RoleInfo.java:updateAndGet(143)) - 98a94502-2c87-40a7-b3de-b58821969ff5: start FollowerState
2019-10-25 11:00:59,077 [c661ec13-19db-400c-b7a5-525d9c97029d@group-75E956CAE081-LeaderElection33] INFO  impl.LeaderElection (LeaderElection.java:logAndReturn(56)) - c661ec13-19db-400c-b7a5-525d9c97029d@group-75E956CAE081-LeaderElection33: Election REJECTED; received 2 response(s) [c661ec13-19db-400c-b7a5-525d9c97029d<-98a94502-2c87-40a7-b3de-b58821969ff5#0:FAIL-t26, c661ec13-19db-400c-b7a5-525d9c97029d<-ef252736-79c5-4662-a0c7-91e85b60cae7#0:FAIL-t26] and 0 exception(s); c661ec13-19db-400c-b7a5-525d9c97029d@group-75E956CAE081:t26, leader=null, voted=c661ec13-19db-400c-b7a5-525d9c97029d, raftlog=c661ec13-19db-400c-b7a5-525d9c97029d@group-75E956CAE081-SegmentedRaftLog:OPENED:c3,f4,i4, conf=0: [98a94502-2c87-40a7-b3de-b58821969ff5:192.168.157.233:45458, ef252736-79c5-4662-a0c7-91e85b60cae7:192.168.157.233:36823, c661ec13-19db-400c-b7a5-525d9c97029d:192.168.157.233:33523], old=null
2019-10-25 11:00:59,077 [c661ec13-19db-400c-b7a5-525d9c97029d@group-75E956CAE081-LeaderElection33] INFO  impl.RaftServerImpl (RaftServerImpl.java:setRole(184)) - c661ec13-19db-400c-b7a5-525d9c97029d@group-75E956CAE081: changes role from CANDIDATE to FOLLOWER at term 26 for DISCOVERED_A_NEW_TERM
2019-10-25 11:00:59,077 [c661ec13-19db-400c-b7a5-525d9c97029d@group-75E956CAE081-LeaderElection33] INFO  impl.RoleInfo (RoleInfo.java:shutdownLeaderElection(134)) - c661ec13-19db-400c-b7a5-525d9c97029d: shutdown LeaderElection
2019-10-25 11:00:59,078 [c661ec13-19db-400c-b7a5-525d9c97029d@group-75E956CAE081-LeaderElection33] INFO  impl.RoleInfo (RoleInfo.java:updateAndGet(143)) - c661ec13-19db-400c-b7a5-525d9c97029d: start FollowerState
2019-10-25 11:00:59,116 [Thread-732] INFO  impl.FollowerState (FollowerState.java:run(108)) - c661ec13-19db-400c-b7a5-525d9c97029d@group-75E956CAE081-FollowerState: change to CANDIDATE, lastRpcTime:38ms, electionTimeout:38ms
2019-10-25 11:00:59,118 [Thread-732] INFO  impl.RoleInfo (RoleInfo.java:shutdownFollowerState(121)) - c661ec13-19db-400c-b7a5-525d9c97029d: shutdown FollowerState
2019-10-25 11:00:59,118 [Thread-732] INFO  impl.RaftServerImpl (RaftServerImpl.java:setRole(184)) - c661ec13-19db-400c-b7a5-525d9c97029d@group-75E956CAE081: changes role from  FOLLOWER to CANDIDATE at term 26 for changeToCandidate
2019-10-25 11:00:59,118 [Thread-732] INFO  impl.RoleInfo (RoleInfo.java:updateAndGet(143)) - c661ec13-19db-400c-b7a5-525d9c97029d: start LeaderElection
2019-10-25 11:00:59,132 [c661ec13-19db-400c-b7a5-525d9c97029d@group-75E956CAE081-LeaderElection34] INFO  impl.LeaderElection (LeaderElection.java:askForVotes(178)) - c661ec13-19db-400c-b7a5-525d9c97029d@group-75E956CAE081-LeaderElection34: begin an election at term 27 for 0: [98a94502-2c87-40a7-b3de-b58821969ff5:192.168.157.233:45458, ef252736-79c5-4662-a0c7-91e85b60cae7:192.168.157.233:36823, c661ec13-19db-400c-b7a5-525d9c97029d:192.168.157.233:33523], old=null
2019-10-25 11:00:59,134 [grpc-default-executor-0] INFO  impl.RaftServerImpl (RaftServerImpl.java:setRole(184)) - 98a94502-2c87-40a7-b3de-b58821969ff5@group-75E956CAE081: changes role from  FOLLOWER to FOLLOWER at term 27 for recognizeCandidate:c661ec13-19db-400c-b7a5-525d9c97029d
2019-10-25 11:00:59,134 [grpc-default-executor-4] INFO  impl.RaftServerImpl (RaftServerImpl.java:setRole(184)) - ef252736-79c5-4662-a0c7-91e85b60cae7@group-75E956CAE081: changes role from  FOLLOWER to FOLLOWER at term 27 for recognizeCandidate:c661ec13-19db-400c-b7a5-525d9c97029d
2019-10-25 11:00:59,135 [grpc-default-executor-0] INFO  impl.RoleInfo (RoleInfo.java:shutdownFollowerState(121)) - 98a94502-2c87-40a7-b3de-b58821969ff5: shutdown FollowerState
2019-10-25 11:00:59,135 [grpc-default-executor-4] INFO  impl.RoleInfo (RoleInfo.java:shutdownFollowerState(121)) - ef252736-79c5-4662-a0c7-91e85b60cae7: shutdown FollowerState
2019-10-25 11:00:59,135 [Thread-731] INFO  impl.FollowerState (FollowerState.java:run(117)) - 98a94502-2c87-40a7-b3de-b58821969ff5@group-75E956CAE081-FollowerState was interrupted: java.lang.InterruptedException: sleep interrupted
2019-10-25 11:00:59,135 [grpc-default-executor-0] INFO  impl.RoleInfo (RoleInfo.java:updateAndGet(143)) - 98a94502-2c87-40a7-b3de-b58821969ff5: start FollowerState
2019-10-25 11:00:59,135 [Thread-730] INFO  impl.FollowerState (FollowerState.java:run(117)) - ef252736-79c5-4662-a0c7-91e85b60cae7@group-75E956CAE081-FollowerState was interrupted: java.lang.InterruptedException: sleep interrupted
2019-10-25 11:00:59,135 [grpc-default-executor-4] INFO  impl.RoleInfo (RoleInfo.java:updateAndGet(143)) - ef252736-79c5-4662-a0c7-91e85b60cae7: start FollowerState
2019-10-25 11:00:59,150 [c661ec13-19db-400c-b7a5-525d9c97029d@group-75E956CAE081-LeaderElection34] INFO  impl.LeaderElection (LeaderElection.java:logAndReturn(56)) - c661ec13-19db-400c-b7a5-525d9c97029d@group-75E956CAE081-LeaderElection34: Election REJECTED; received 2 response(s) [c661ec13-19db-400c-b7a5-525d9c97029d<-98a94502-2c87-40a7-b3de-b58821969ff5#0:FAIL-t27, c661ec13-19db-400c-b7a5-525d9c97029d<-ef252736-79c5-4662-a0c7-91e85b60cae7#0:FAIL-t27] and 0 exception(s); c661ec13-19db-400c-b7a5-525d9c97029d@group-75E956CAE081:t27, leader=null, voted=c661ec13-19db-400c-b7a5-525d9c97029d, raftlog=c661ec13-19db-400c-b7a5-525d9c97029d@group-75E956CAE081-SegmentedRaftLog:OPENED:c3,f4,i4, conf=0: [98a94502-2c87-40a7-b3de-b58821969ff5:192.168.157.233:45458, ef252736-79c5-4662-a0c7-91e85b60cae7:192.168.157.233:36823, c661ec13-19db-400c-b7a5-525d9c97029d:192.168.157.233:33523], old=null
2019-10-25 11:00:59,150 [c661ec13-19db-400c-b7a5-525d9c97029d@group-75E956CAE081-LeaderElection34] INFO  impl.RaftServerImpl (RaftServerImpl.java:setRole(184)) - c661ec13-19db-400c-b7a5-525d9c97029d@group-75E956CAE081: changes role from CANDIDATE to FOLLOWER at term 27 for DISCOVERED_A_NEW_TERM
2019-10-25 11:00:59,150 [c661ec13-19db-400c-b7a5-525d9c97029d@group-75E956CAE081-LeaderElection34] INFO  impl.RoleInfo (RoleInfo.java:shutdownLeaderElection(134)) - c661ec13-19db-400c-b7a5-525d9c97029d: shutdown LeaderElection
2019-10-25 11:00:59,150 [c661ec13-19db-400c-b7a5-525d9c97029d@group-75E956CAE081-LeaderElection34] INFO  impl.RoleInfo (RoleInfo.java:updateAndGet(143)) - c661ec13-19db-400c-b7a5-525d9c97029d: start FollowerState
2019-10-25 11:00:59,156 [Thread-738] INFO  impl.FollowerState (FollowerState.java:run(108)) - c661ec13-19db-400c-b7a5-525d9c97029d@group-75E956CAE081-FollowerState: change to CANDIDATE, lastRpcTime:5ms, electionTimeout:5ms
2019-10-25 11:00:59,157 [Thread-738] INFO  impl.RoleInfo (RoleInfo.java:shutdownFollowerState(121)) - c661ec13-19db-400c-b7a5-525d9c97029d: shutdown FollowerState
2019-10-25 11:00:59,158 [Thread-738] INFO  impl.RaftServerImpl (RaftServerImpl.java:setRole(184)) - c661ec13-19db-400c-b7a5-525d9c97029d@group-75E956CAE081: changes role from  FOLLOWER to CANDIDATE at term 27 for changeToCandidate
2019-10-25 11:00:59,158 [Thread-738] INFO  impl.RoleInfo (RoleInfo.java:updateAndGet(143)) - c661ec13-19db-400c-b7a5-525d9c97029d: start LeaderElection
2019-10-25 11:00:59,171 [c661ec13-19db-400c-b7a5-525d9c97029d@group-75E956CAE081-LeaderElection35] INFO  impl.LeaderElection (LeaderElection.java:askForVotes(178)) - c661ec13-19db-400c-b7a5-525d9c97029d@group-75E956CAE081-LeaderElection35: begin an election at term 28 for 0: [98a94502-2c87-40a7-b3de-b58821969ff5:192.168.157.233:45458, ef252736-79c5-4662-a0c7-91e85b60cae7:192.168.157.233:36823, c661ec13-19db-400c-b7a5-525d9c97029d:192.168.157.233:33523], old=null
2019-10-25 11:00:59,173 [grpc-default-executor-4] INFO  impl.RaftServerImpl (RaftServerImpl.java:setRole(184)) - ef252736-79c5-4662-a0c7-91e85b60cae7@group-75E956CAE081: changes role from  FOLLOWER to FOLLOWER at term 28 for recognizeCandidate:c661ec13-19db-400c-b7a5-525d9c97029d
2019-10-25 11:00:59,173 [grpc-default-executor-0] INFO  impl.RaftServerImpl (RaftServerImpl.java:setRole(184)) - 98a94502-2c87-40a7-b3de-b58821969ff5@group-75E956CAE081: changes role from  FOLLOWER to FOLLOWER at term 28 for recognizeCandidate:c661ec13-19db-400c-b7a5-525d9c97029d
2019-10-25 11:00:59,173 [grpc-default-executor-4] INFO  impl.RoleInfo (RoleInfo.java:shutdownFollowerState(121)) - ef252736-79c5-4662-a0c7-91e85b60cae7: shutdown FollowerState
2019-10-25 11:00:59,173 [grpc-default-executor-0] INFO  impl.RoleInfo (RoleInfo.java:shutdownFollowerState(121)) - 98a94502-2c87-40a7-b3de-b58821969ff5: shutdown FollowerState
2019-10-25 11:00:59,173 [Thread-737] INFO  impl.FollowerState (FollowerState.java:run(117)) - ef252736-79c5-4662-a0c7-91e85b60cae7@group-75E956CAE081-FollowerState was interrupted: java.lang.InterruptedException: sleep interrupted
2019-10-25 11:00:59,173 [grpc-default-executor-4] INFO  impl.RoleInfo (RoleInfo.java:updateAndGet(143)) - ef252736-79c5-4662-a0c7-91e85b60cae7: start FollowerState
2019-10-25 11:00:59,174 [Thread-736] INFO  impl.FollowerState (FollowerState.java:run(117)) - 98a94502-2c87-40a7-b3de-b58821969ff5@group-75E956CAE081-FollowerState was interrupted: java.lang.InterruptedException: sleep interrupted
2019-10-25 11:00:59,174 [grpc-default-executor-0] INFO  impl.RoleInfo (RoleInfo.java:updateAndGet(143)) - 98a94502-2c87-40a7-b3de-b58821969ff5: start FollowerState
2019-10-25 11:00:59,188 [c661ec13-19db-400c-b7a5-525d9c97029d@group-75E956CAE081-LeaderElection35] INFO  impl.LeaderElection (LeaderElection.java:logAndReturn(56)) - c661ec13-19db-400c-b7a5-525d9c97029d@group-75E956CAE081-LeaderElection35: Election REJECTED; received 2 response(s) [c661ec13-19db-400c-b7a5-525d9c97029d<-98a94502-2c87-40a7-b3de-b58821969ff5#0:FAIL-t28, c661ec13-19db-400c-b7a5-525d9c97029d<-ef252736-79c5-4662-a0c7-91e85b60cae7#0:FAIL-t28] and 0 exception(s); c661ec13-19db-400c-b7a5-525d9c97029d@group-75E956CAE081:t28, leader=null, voted=c661ec13-19db-400c-b7a5-525d9c97029d, raftlog=c661ec13-19db-400c-b7a5-525d9c97029d@group-75E956CAE081-SegmentedRaftLog:OPENED:c3,f4,i4, conf=0: [98a94502-2c87-40a7-b3de-b58821969ff5:192.168.157.233:45458, ef252736-79c5-4662-a0c7-91e85b60cae7:192.168.157.233:36823, c661ec13-19db-400c-b7a5-525d9c97029d:192.168.157.233:33523], old=null
2019-10-25 11:00:59,188 [c661ec13-19db-400c-b7a5-525d9c97029d@group-75E956CAE081-LeaderElection35] INFO  impl.RaftServerImpl (RaftServerImpl.java:setRole(184)) - c661ec13-19db-400c-b7a5-525d9c97029d@group-75E956CAE081: changes role from CANDIDATE to FOLLOWER at term 28 for DISCOVERED_A_NEW_TERM
2019-10-25 11:00:59,188 [c661ec13-19db-400c-b7a5-525d9c97029d@group-75E956CAE081-LeaderElection35] INFO  impl.RoleInfo (RoleInfo.java:shutdownLeaderElection(134)) - c661ec13-19db-400c-b7a5-525d9c97029d: shutdown LeaderElection
2019-10-25 11:00:59,188 [c661ec13-19db-400c-b7a5-525d9c97029d@group-75E956CAE081-LeaderElection35] INFO  impl.RoleInfo (RoleInfo.java:updateAndGet(143)) - c661ec13-19db-400c-b7a5-525d9c97029d: start FollowerState
2019-10-25 11:00:59,214 [Thread-744] INFO  impl.FollowerState (FollowerState.java:run(108)) - c661ec13-19db-400c-b7a5-525d9c97029d@group-75E956CAE081-FollowerState: change to CANDIDATE, lastRpcTime:25ms, electionTimeout:25ms
2019-10-25 11:00:59,215 [Thread-744] INFO  impl.RoleInfo (RoleInfo.java:shutdownFollowerState(121)) - c661ec13-19db-400c-b7a5-525d9c97029d: shutdown FollowerState
2019-10-25 11:00:59,215 [Thread-744] INFO  impl.RaftServerImpl (RaftServerImpl.java:setRole(184)) - c661ec13-19db-400c-b7a5-525d9c97029d@group-75E956CAE081: changes role from  FOLLOWER to CANDIDATE at term 28 for changeToCandidate
2019-10-25 11:00:59,215 [Thread-744] INFO  impl.RoleInfo (RoleInfo.java:updateAndGet(143)) - c661ec13-19db-400c-b7a5-525d9c97029d: start LeaderElection
2019-10-25 11:00:59,228 [c661ec13-19db-400c-b7a5-525d9c97029d@group-75E956CAE081-LeaderElection36] INFO  impl.LeaderElection (LeaderElection.java:askForVotes(178)) - c661ec13-19db-400c-b7a5-525d9c97029d@group-75E956CAE081-LeaderElection36: begin an election at term 29 for 0: [98a94502-2c87-40a7-b3de-b58821969ff5:192.168.157.233:45458, ef252736-79c5-4662-a0c7-91e85b60cae7:192.168.157.233:36823, c661ec13-19db-400c-b7a5-525d9c97029d:192.168.157.233:33523], old=null
2019-10-25 11:00:59,231 [grpc-default-executor-4] INFO  impl.RaftServerImpl (RaftServerImpl.java:setRole(184)) - 98a94502-2c87-40a7-b3de-b58821969ff5@group-75E956CAE081: changes role from  FOLLOWER to FOLLOWER at term 29 for recognizeCandidate:c661ec13-19db-400c-b7a5-525d9c97029d
2019-10-25 11:00:59,231 [grpc-default-executor-4] INFO  impl.RoleInfo (RoleInfo.java:shutdownFollowerState(121)) - 98a94502-2c87-40a7-b3de-b58821969ff5: shutdown FollowerState
2019-10-25 11:00:59,231 [grpc-default-executor-0] INFO  impl.RaftServerImpl (RaftServerImpl.java:setRole(184)) - ef252736-79c5-4662-a0c7-91e85b60cae7@group-75E956CAE081: changes role from  FOLLOWER to FOLLOWER at term 29 for recognizeCandidate:c661ec13-19db-400c-b7a5-525d9c97029d
2019-10-25 11:00:59,231 [Thread-743] INFO  impl.FollowerState (FollowerState.java:run(117)) - 98a94502-2c87-40a7-b3de-b58821969ff5@group-75E956CAE081-FollowerState was interrupted: java.lang.InterruptedException: sleep interrupted
2019-10-25 11:00:59,231 [grpc-default-executor-4] INFO  impl.RoleInfo (RoleInfo.java:updateAndGet(143)) - 98a94502-2c87-40a7-b3de-b58821969ff5: start FollowerState
2019-10-25 11:00:59,231 [grpc-default-executor-0] INFO  impl.RoleInfo (RoleInfo.java:shutdownFollowerState(121)) - ef252736-79c5-4662-a0c7-91e85b60cae7: shutdown FollowerState
2019-10-25 11:00:59,232 [grpc-default-executor-0] INFO  impl.RoleInfo (RoleInfo.java:updateAndGet(143)) - ef252736-79c5-4662-a0c7-91e85b60cae7: start FollowerState
2019-10-25 11:00:59,232 [Thread-742] INFO  impl.FollowerState (FollowerState.java:run(117)) - ef252736-79c5-4662-a0c7-91e85b60cae7@group-75E956CAE081-FollowerState was interrupted: java.lang.InterruptedException: sleep interrupted
2019-10-25 11:00:59,245 [c661ec13-19db-400c-b7a5-525d9c97029d@group-75E956CAE081-LeaderElection36] INFO  impl.LeaderElection (LeaderElection.java:logAndReturn(56)) - c661ec13-19db-400c-b7a5-525d9c97029d@group-75E956CAE081-LeaderElection36: Election REJECTED; received 2 response(s) [c661ec13-19db-400c-b7a5-525d9c97029d<-98a94502-2c87-40a7-b3de-b58821969ff5#0:FAIL-t29, c661ec13-19db-400c-b7a5-525d9c97029d<-ef252736-79c5-4662-a0c7-91e85b60cae7#0:FAIL-t29] and 0 exception(s); c661ec13-19db-400c-b7a5-525d9c97029d@group-75E956CAE081:t29, leader=null, voted=c661ec13-19db-400c-b7a5-525d9c97029d, raftlog=c661ec13-19db-400c-b7a5-525d9c97029d@group-75E956CAE081-SegmentedRaftLog:OPENED:c3,f4,i4, conf=0: [98a94502-2c87-40a7-b3de-b58821969ff5:192.168.157.233:45458, ef252736-79c5-4662-a0c7-91e85b60cae7:192.168.157.233:36823, c661ec13-19db-400c-b7a5-525d9c97029d:192.168.157.233:33523], old=null
2019-10-25 11:00:59,245 [c661ec13-19db-400c-b7a5-525d9c97029d@group-75E956CAE081-LeaderElection36] INFO  impl.RaftServerImpl (RaftServerImpl.java:setRole(184)) - c661ec13-19db-400c-b7a5-525d9c97029d@group-75E956CAE081: changes role from CANDIDATE to FOLLOWER at term 29 for DISCOVERED_A_NEW_TERM
2019-10-25 11:00:59,245 [c661ec13-19db-400c-b7a5-525d9c97029d@group-75E956CAE081-LeaderElection36] INFO  impl.RoleInfo (RoleInfo.java:shutdownLeaderElection(134)) - c661ec13-19db-400c-b7a5-525d9c97029d: shutdown LeaderElection
2019-10-25 11:00:59,245 [c661ec13-19db-400c-b7a5-525d9c97029d@group-75E956CAE081-LeaderElection36] INFO  impl.RoleInfo (RoleInfo.java:updateAndGet(143)) - c661ec13-19db-400c-b7a5-525d9c97029d: start FollowerState
2019-10-25 11:00:59,261 [EventQueue-PendingDeleteStatusForPendingDeleteHandler] INFO  block.SCMBlockDeletingService (SCMBlockDeletingService.java:handlePendingDeletes(115)) - Block deletion txnID mismatch in datanode c661ec13-19db-400c-b7a5-525d9c97029d for containerID 1. Datanode delete txnID: 0, SCM txnID: 1
2019-10-25 11:00:59,349 [BlockDeletingService#4] WARN  background.BlockDeletingService (BlockDeletingService.java:isDeletionAllowed(187)) - Close Container log Index 6 is not replicated across allthe servers in the pipeline 4b59a773-7942-4ce0-97fc-75e956cae081 as the min replicated index is 4. Deletion is not allowed in this container yet.
2019-10-25 11:00:59,349 [BlockDeletingService#2] WARN  background.BlockDeletingService (BlockDeletingService.java:isDeletionAllowed(187)) - Close Container log Index 6 is not replicated across allthe servers in the pipeline 4b59a773-7942-4ce0-97fc-75e956cae081 as the min replicated index is 4. Deletion is not allowed in this container yet.
2019-10-25 11:00:59,351 [grpc-default-executor-4] INFO  impl.RaftServerProxy (RaftServerProxy.java:addNew(89)) - c661ec13-19db-400c-b7a5-525d9c97029d: addNew group-56BF710DA6C1:[c661ec13-19db-400c-b7a5-525d9c97029d:192.168.157.233:33523] returns group-56BF710DA6C1:java.util.concurrent.CompletableFuture@4df4a7d2[Not completed]
2019-10-25 11:00:59,352 [pool-59-thread-1] INFO  impl.RaftServerImpl (RaftServerImpl.java:<init>(104)) - c661ec13-19db-400c-b7a5-525d9c97029d: new RaftServerImpl for group-56BF710DA6C1:[c661ec13-19db-400c-b7a5-525d9c97029d:192.168.157.233:33523] with ContainerStateMachine:uninitialized
2019-10-25 11:00:59,352 [pool-59-thread-1] INFO  server.RaftServerConfigKeys (ConfUtils.java:logGet(43)) - raft.server.rpc.timeout.min = 5s (custom)
2019-10-25 11:00:59,352 [pool-59-thread-1] INFO  server.RaftServerConfigKeys (ConfUtils.java:logGet(43)) - raft.server.rpc.timeout.max = 5200ms (custom)
2019-10-25 11:00:59,352 [pool-59-thread-1] INFO  server.RaftServerConfigKeys (ConfUtils.java:logGet(43)) - raft.server.rpcslowness.timeout = 1000s (custom)
2019-10-25 11:00:59,352 [pool-59-thread-1] INFO  server.RaftServerConfigKeys (ConfUtils.java:logGet(43)) - raft.server.sleep.deviation.threshold = 300 (default)
2019-10-25 11:00:59,352 [pool-59-thread-1] INFO  server.RaftServerConfigKeys (ConfUtils.java:logGet(43)) - raft.server.log.appender.install.snapshot.enabled = false (custom)
2019-10-25 11:00:59,352 [pool-59-thread-1] INFO  impl.RaftServerImpl (ServerState.java:<init>(103)) - c661ec13-19db-400c-b7a5-525d9c97029d@group-56BF710DA6C1: ConfigurationManager, init=-1: [c661ec13-19db-400c-b7a5-525d9c97029d:192.168.157.233:33523], old=null, confs=<EMPTY_MAP>
2019-10-25 11:00:59,353 [pool-59-thread-1] INFO  server.RaftServerConfigKeys (ConfUtils.java:logGet(43)) - raft.server.storage.dir = [/workdir/hadoop-ozone/integration-test/target/test-dir/MiniOzoneClusterImpl-6ab75f42-d005-46c3-b20f-f10c1b9a2e9f/datanode-1/data/ratis] (custom)
2019-10-25 11:00:59,353 [pool-59-thread-1] INFO  server.RaftServerConfigKeys (ConfUtils.java:logGet(43)) - raft.server.log.corruption.policy = EXCEPTION (default)
2019-10-25 11:00:59,353 [pool-59-thread-1] INFO  storage.RaftStorageDirectory (RaftStorageDirectory.java:analyzeStorage(246)) - The storage directory /workdir/hadoop-ozone/integration-test/target/test-dir/MiniOzoneClusterImpl-6ab75f42-d005-46c3-b20f-f10c1b9a2e9f/datanode-1/data/ratis/18506481-62dd-4db5-996c-56bf710da6c1 does not exist. Creating ...
2019-10-25 11:00:59,382 [pool-59-thread-1] INFO  storage.RaftStorageDirectory (RaftStorageDirectory.java:tryLock(328)) - Lock on /workdir/hadoop-ozone/integration-test/target/test-dir/MiniOzoneClusterImpl-6ab75f42-d005-46c3-b20f-f10c1b9a2e9f/datanode-1/data/ratis/18506481-62dd-4db5-996c-56bf710da6c1/in_use.lock acquired by nodename 8158@pr-hdds-2359-lls5b-3453883328
2019-10-25 11:00:59,394 [pool-59-thread-1] INFO  storage.RaftStorage (RaftStorage.java:format(84)) - Storage directory /workdir/hadoop-ozone/integration-test/target/test-dir/MiniOzoneClusterImpl-6ab75f42-d005-46c3-b20f-f10c1b9a2e9f/datanode-1/data/ratis/18506481-62dd-4db5-996c-56bf710da6c1 has been successfully formatted.
2019-10-25 11:00:59,395 [pool-59-thread-1] INFO  ratis.ContainerStateMachine (ContainerStateMachine.java:loadSnapshot(231)) - group-56BF710DA6C1: The snapshot info is null. Setting the last applied indexto:(t:0, i:~)
2019-10-25 11:00:59,395 [pool-59-thread-1] INFO  server.RaftServerConfigKeys (ConfUtils.java:logGet(43)) - raft.server.notification.no-leader.timeout = 1000s (custom)
2019-10-25 11:00:59,395 [pool-59-thread-1] INFO  server.RaftServerConfigKeys (ConfUtils.java:logGet(43)) - raft.server.log.use.memory = false (default)
2019-10-25 11:00:59,395 [pool-59-thread-1] INFO  server.RaftServerConfigKeys (ConfUtils.java:logGet(43)) - raft.server.log.purge.gap = 1000000 (custom)
2019-10-25 11:00:59,395 [pool-59-thread-1] INFO  server.RaftServerConfigKeys (ConfUtils.java:logGet(43)) - raft.server.log.appender.buffer.byte-limit = 33554432 (custom)
2019-10-25 11:00:59,395 [pool-59-thread-1] INFO  server.RaftServerConfigKeys (ConfUtils.java:logGet(43)) - raft.server.log.segment.size.max = 1048576 (custom)
2019-10-25 11:00:59,395 [pool-59-thread-1] INFO  server.RaftServerConfigKeys (ConfUtils.java:logGet(43)) - raft.server.log.segment.cache.num.max = 2 (custom)
2019-10-25 11:00:59,395 [pool-59-thread-1] INFO  segmented.SegmentedRaftLogWorker (SegmentedRaftLogWorker.java:<init>(173)) - new c661ec13-19db-400c-b7a5-525d9c97029d@group-56BF710DA6C1-SegmentedRaftLogWorker for RaftStorage:Storage Directory /workdir/hadoop-ozone/integration-test/target/test-dir/MiniOzoneClusterImpl-6ab75f42-d005-46c3-b20f-f10c1b9a2e9f/datanode-1/data/ratis/18506481-62dd-4db5-996c-56bf710da6c1
2019-10-25 11:00:59,396 [pool-59-thread-1] INFO  server.RaftServerConfigKeys (ConfUtils.java:logGet(43)) - raft.server.log.queue.byte-limit = 2147483647 (custom)
2019-10-25 11:00:59,396 [pool-59-thread-1] INFO  server.RaftServerConfigKeys (ConfUtils.java:logGet(43)) - raft.server.log.queue.element-limit = 1024 (custom)
2019-10-25 11:00:59,396 [pool-59-thread-1] INFO  server.RaftServerConfigKeys (ConfUtils.java:logGet(43)) - raft.server.log.segment.size.max = 1048576 (custom)
2019-10-25 11:00:59,396 [pool-59-thread-1] INFO  server.RaftServerConfigKeys (ConfUtils.java:logGet(43)) - raft.server.log.preallocated.size = 16384 (custom)
2019-10-25 11:00:59,396 [pool-59-thread-1] INFO  server.RaftServerConfigKeys (ConfUtils.java:logGet(43)) - raft.server.log.write.buffer.size = 33554432 (custom)
2019-10-25 11:00:59,396 [pool-59-thread-1] INFO  server.RaftServerConfigKeys (ConfUtils.java:logGet(43)) - raft.server.log.force.sync.num = 128 (default)
2019-10-25 11:00:59,396 [pool-59-thread-1] INFO  server.RaftServerConfigKeys (ConfUtils.java:logGet(43)) - raft.server.log.statemachine.data.sync = true (default)
2019-10-25 11:00:59,396 [pool-59-thread-1] INFO  server.RaftServerConfigKeys (ConfUtils.java:logGet(43)) - raft.server.log.statemachine.data.sync.timeout = 10s (default)
2019-10-25 11:00:59,396 [pool-59-thread-1] INFO  server.RaftServerConfigKeys (ConfUtils.java:logGet(43)) - raft.server.log.statemachine.data.sync.timeout.retry = -1 (default)
2019-10-25 11:00:59,397 [pool-59-thread-1] INFO  server.RaftServerConfigKeys (ConfUtils.java:logGet(43)) - raft.server.log.statemachine.data.caching.enabled = true (custom)
2019-10-25 11:00:59,397 [pool-59-thread-1] INFO  segmented.SegmentedRaftLogWorker (SegmentedRaftLogWorker.java:lambda$new$0(128)) - c661ec13-19db-400c-b7a5-525d9c97029d@group-56BF710DA6C1-SegmentedRaftLogWorker: flushIndex: setUnconditionally 0 -> -1
2019-10-25 11:00:59,397 [pool-59-thread-1] INFO  server.RaftServerConfigKeys (ConfUtils.java:logGet(43)) - raft.server.snapshot.auto.trigger.enabled = true (custom)
2019-10-25 11:00:59,397 [pool-59-thread-1] INFO  server.RaftServerConfigKeys (ConfUtils.java:logGet(43)) - raft.server.snapshot.auto.trigger.threshold = 10000 (custom)
2019-10-25 11:00:59,397 [pool-59-thread-1] INFO  server.RaftServerConfigKeys (ConfUtils.java:logGet(43)) - raft.server.snapshot.retention.file.num = 5 (custom)
2019-10-25 11:00:59,398 [pool-59-thread-1] INFO  server.RaftServerConfigKeys (ConfUtils.java:logGet(43)) - raft.server.retrycache.expirytime = 600000ms (custom)
2019-10-25 11:00:59,399 [Thread-750] INFO  impl.FollowerState (FollowerState.java:run(108)) - c661ec13-19db-400c-b7a5-525d9c97029d@group-75E956CAE081-FollowerState: change to CANDIDATE, lastRpcTime:154ms, electionTimeout:154ms
2019-10-25 11:00:59,400 [Thread-750] INFO  impl.RoleInfo (RoleInfo.java:shutdownFollowerState(121)) - c661ec13-19db-400c-b7a5-525d9c97029d: shutdown FollowerState
2019-10-25 11:00:59,400 [Thread-750] INFO  impl.RaftServerImpl (RaftServerImpl.java:setRole(184)) - c661ec13-19db-400c-b7a5-525d9c97029d@group-75E956CAE081: changes role from  FOLLOWER to CANDIDATE at term 29 for changeToCandidate
2019-10-25 11:00:59,400 [Thread-750] INFO  impl.RoleInfo (RoleInfo.java:updateAndGet(143)) - c661ec13-19db-400c-b7a5-525d9c97029d: start LeaderElection
2019-10-25 11:00:59,401 [pool-59-thread-1] INFO  impl.RaftServerImpl (RaftServerImpl.java:start(195)) - c661ec13-19db-400c-b7a5-525d9c97029d@group-56BF710DA6C1: start as a follower, conf=-1: [c661ec13-19db-400c-b7a5-525d9c97029d:192.168.157.233:33523], old=null
2019-10-25 11:00:59,401 [pool-59-thread-1] INFO  impl.RaftServerImpl (RaftServerImpl.java:setRole(184)) - c661ec13-19db-400c-b7a5-525d9c97029d@group-56BF710DA6C1: changes role from      null to FOLLOWER at term 0 for startAsFollower
2019-10-25 11:00:59,401 [pool-59-thread-1] INFO  impl.RoleInfo (RoleInfo.java:updateAndGet(143)) - c661ec13-19db-400c-b7a5-525d9c97029d: start FollowerState
2019-10-25 11:00:59,401 [pool-59-thread-1] INFO  util.JmxRegister (JmxRegister.java:tryRegister(44)) - Successfully registered JMX Bean with object name Ratis:service=RaftServer,group=group-56BF710DA6C1,id=c661ec13-19db-400c-b7a5-525d9c97029d
2019-10-25 11:00:59,407 [c661ec13-19db-400c-b7a5-525d9c97029d@group-75E956CAE081-LeaderElection37] INFO  impl.LeaderElection (LeaderElection.java:askForVotes(178)) - c661ec13-19db-400c-b7a5-525d9c97029d@group-75E956CAE081-LeaderElection37: begin an election at term 30 for 0: [98a94502-2c87-40a7-b3de-b58821969ff5:192.168.157.233:45458, ef252736-79c5-4662-a0c7-91e85b60cae7:192.168.157.233:36823, c661ec13-19db-400c-b7a5-525d9c97029d:192.168.157.233:33523], old=null
2019-10-25 11:00:59,408 [RatisPipelineUtilsThread] INFO  pipeline.PipelineStateManager (PipelineStateManager.java:addPipeline(56)) - Created pipeline Pipeline[ Id: 18506481-62dd-4db5-996c-56bf710da6c1, Nodes: c661ec13-19db-400c-b7a5-525d9c97029d{ip: 192.168.157.233, host: pr-hdds-2359-lls5b-3453883328, networkLocation: /default-rack, certSerialId: null}, Type:RATIS, Factor:ONE, State:OPEN]
2019-10-25 11:00:59,410 [grpc-default-executor-4] INFO  impl.RaftServerImpl (RaftServerImpl.java:setRole(184)) - ef252736-79c5-4662-a0c7-91e85b60cae7@group-75E956CAE081: changes role from  FOLLOWER to FOLLOWER at term 30 for recognizeCandidate:c661ec13-19db-400c-b7a5-525d9c97029d
2019-10-25 11:00:59,410 [grpc-default-executor-0] INFO  impl.RaftServerImpl (RaftServerImpl.java:setRole(184)) - 98a94502-2c87-40a7-b3de-b58821969ff5@group-75E956CAE081: changes role from  FOLLOWER to FOLLOWER at term 30 for recognizeCandidate:c661ec13-19db-400c-b7a5-525d9c97029d
2019-10-25 11:00:59,411 [grpc-default-executor-4] INFO  impl.RoleInfo (RoleInfo.java:shutdownFollowerState(121)) - ef252736-79c5-4662-a0c7-91e85b60cae7: shutdown FollowerState
2019-10-25 11:00:59,411 [grpc-default-executor-0] INFO  impl.RoleInfo (RoleInfo.java:shutdownFollowerState(121)) - 98a94502-2c87-40a7-b3de-b58821969ff5: shutdown FollowerState
2019-10-25 11:00:59,411 [Thread-749] INFO  impl.FollowerState (FollowerState.java:run(117)) - ef252736-79c5-4662-a0c7-91e85b60cae7@group-75E956CAE081-FollowerState was interrupted: java.lang.InterruptedException: sleep interrupted
2019-10-25 11:00:59,411 [grpc-default-executor-4] INFO  impl.RoleInfo (RoleInfo.java:updateAndGet(143)) - ef252736-79c5-4662-a0c7-91e85b60cae7: start FollowerState
2019-10-25 11:00:59,411 [Thread-748] INFO  impl.FollowerState (FollowerState.java:run(117)) - 98a94502-2c87-40a7-b3de-b58821969ff5@group-75E956CAE081-FollowerState was interrupted: java.lang.InterruptedException: sleep interrupted
2019-10-25 11:00:59,411 [grpc-default-executor-0] INFO  impl.RoleInfo (RoleInfo.java:updateAndGet(143)) - 98a94502-2c87-40a7-b3de-b58821969ff5: start FollowerState
2019-10-25 11:00:59,420 [c661ec13-19db-400c-b7a5-525d9c97029d@group-75E956CAE081-LeaderElection37] INFO  impl.LeaderElection (LeaderElection.java:logAndReturn(56)) - c661ec13-19db-400c-b7a5-525d9c97029d@group-75E956CAE081-LeaderElection37: Election REJECTED; received 2 response(s) [c661ec13-19db-400c-b7a5-525d9c97029d<-98a94502-2c87-40a7-b3de-b58821969ff5#0:FAIL-t30, c661ec13-19db-400c-b7a5-525d9c97029d<-ef252736-79c5-4662-a0c7-91e85b60cae7#0:FAIL-t30] and 0 exception(s); c661ec13-19db-400c-b7a5-525d9c97029d@group-75E956CAE081:t30, leader=null, voted=c661ec13-19db-400c-b7a5-525d9c97029d, raftlog=c661ec13-19db-400c-b7a5-525d9c97029d@group-75E956CAE081-SegmentedRaftLog:OPENED:c3,f4,i4, conf=0: [98a94502-2c87-40a7-b3de-b58821969ff5:192.168.157.233:45458, ef252736-79c5-4662-a0c7-91e85b60cae7:192.168.157.233:36823, c661ec13-19db-400c-b7a5-525d9c97029d:192.168.157.233:33523], old=null
2019-10-25 11:00:59,420 [grpc-default-executor-4] INFO  impl.RaftServerProxy (RaftServerProxy.java:addNew(89)) - c661ec13-19db-400c-b7a5-525d9c97029d: addNew group-9BBB60E0F790:[98a94502-2c87-40a7-b3de-b58821969ff5:192.168.157.233:45458, ef252736-79c5-4662-a0c7-91e85b60cae7:192.168.157.233:36823, c661ec13-19db-400c-b7a5-525d9c97029d:192.168.157.233:33523] returns group-9BBB60E0F790:java.util.concurrent.CompletableFuture@3d65d8e[Not completed]
2019-10-25 11:00:59,420 [c661ec13-19db-400c-b7a5-525d9c97029d@group-75E956CAE081-LeaderElection37] INFO  impl.RaftServerImpl (RaftServerImpl.java:setRole(184)) - c661ec13-19db-400c-b7a5-525d9c97029d@group-75E956CAE081: changes role from CANDIDATE to FOLLOWER at term 30 for DISCOVERED_A_NEW_TERM
2019-10-25 11:00:59,420 [grpc-default-executor-0] INFO  impl.RaftServerProxy (RaftServerProxy.java:addNew(89)) - ef252736-79c5-4662-a0c7-91e85b60cae7: addNew group-9BBB60E0F790:[98a94502-2c87-40a7-b3de-b58821969ff5:192.168.157.233:45458, ef252736-79c5-4662-a0c7-91e85b60cae7:192.168.157.233:36823, c661ec13-19db-400c-b7a5-525d9c97029d:192.168.157.233:33523] returns group-9BBB60E0F790:java.util.concurrent.CompletableFuture@1fce2ab6[Not completed]
2019-10-25 11:00:59,422 [grpc-default-executor-7] INFO  impl.RaftServerProxy (RaftServerProxy.java:addNew(89)) - 98a94502-2c87-40a7-b3de-b58821969ff5: addNew group-9BBB60E0F790:[98a94502-2c87-40a7-b3de-b58821969ff5:192.168.157.233:45458, ef252736-79c5-4662-a0c7-91e85b60cae7:192.168.157.233:36823, c661ec13-19db-400c-b7a5-525d9c97029d:192.168.157.233:33523] returns group-9BBB60E0F790:java.util.concurrent.CompletableFuture@4489a111[Not completed]
2019-10-25 11:00:59,421 [c661ec13-19db-400c-b7a5-525d9c97029d@group-75E956CAE081-LeaderElection37] INFO  impl.RoleInfo (RoleInfo.java:shutdownLeaderElection(134)) - c661ec13-19db-400c-b7a5-525d9c97029d: shutdown LeaderElection
2019-10-25 11:00:59,422 [c661ec13-19db-400c-b7a5-525d9c97029d@group-75E956CAE081-LeaderElection37] INFO  impl.RoleInfo (RoleInfo.java:updateAndGet(143)) - c661ec13-19db-400c-b7a5-525d9c97029d: start FollowerState
2019-10-25 11:00:59,423 [pool-59-thread-1] INFO  impl.RaftServerImpl (RaftServerImpl.java:<init>(104)) - c661ec13-19db-400c-b7a5-525d9c97029d: new RaftServerImpl for group-9BBB60E0F790:[98a94502-2c87-40a7-b3de-b58821969ff5:192.168.157.233:45458, ef252736-79c5-4662-a0c7-91e85b60cae7:192.168.157.233:36823, c661ec13-19db-400c-b7a5-525d9c97029d:192.168.157.233:33523] with ContainerStateMachine:uninitialized
2019-10-25 11:00:59,423 [pool-59-thread-1] INFO  server.RaftServerConfigKeys (ConfUtils.java:logGet(43)) - raft.server.rpc.timeout.min = 5s (custom)
2019-10-25 11:00:59,423 [pool-59-thread-1] INFO  server.RaftServerConfigKeys (ConfUtils.java:logGet(43)) - raft.server.rpc.timeout.max = 5200ms (custom)
2019-10-25 11:00:59,423 [pool-59-thread-1] INFO  server.RaftServerConfigKeys (ConfUtils.java:logGet(43)) - raft.server.rpcslowness.timeout = 1000s (custom)
2019-10-25 11:00:59,423 [pool-59-thread-1] INFO  server.RaftServerConfigKeys (ConfUtils.java:logGet(43)) - raft.server.sleep.deviation.threshold = 300 (default)
2019-10-25 11:00:59,423 [pool-59-thread-1] INFO  server.RaftServerConfigKeys (ConfUtils.java:logGet(43)) - raft.server.log.appender.install.snapshot.enabled = false (custom)
2019-10-25 11:00:59,423 [pool-59-thread-1] INFO  impl.RaftServerImpl (ServerState.java:<init>(103)) - c661ec13-19db-400c-b7a5-525d9c97029d@group-9BBB60E0F790: ConfigurationManager, init=-1: [98a94502-2c87-40a7-b3de-b58821969ff5:192.168.157.233:45458, ef252736-79c5-4662-a0c7-91e85b60cae7:192.168.157.233:36823, c661ec13-19db-400c-b7a5-525d9c97029d:192.168.157.233:33523], old=null, confs=<EMPTY_MAP>
2019-10-25 11:00:59,423 [pool-59-thread-1] INFO  server.RaftServerConfigKeys (ConfUtils.java:logGet(43)) - raft.server.storage.dir = [/workdir/hadoop-ozone/integration-test/target/test-dir/MiniOzoneClusterImpl-6ab75f42-d005-46c3-b20f-f10c1b9a2e9f/datanode-1/data/ratis] (custom)
2019-10-25 11:00:59,424 [pool-27-thread-1] INFO  impl.RaftServerImpl (RaftServerImpl.java:<init>(104)) - 98a94502-2c87-40a7-b3de-b58821969ff5: new RaftServerImpl for group-9BBB60E0F790:[98a94502-2c87-40a7-b3de-b58821969ff5:192.168.157.233:45458, ef252736-79c5-4662-a0c7-91e85b60cae7:192.168.157.233:36823, c661ec13-19db-400c-b7a5-525d9c97029d:192.168.157.233:33523] with ContainerStateMachine:uninitialized
2019-10-25 11:00:59,424 [pool-59-thread-1] INFO  server.RaftServerConfigKeys (ConfUtils.java:logGet(43)) - raft.server.log.corruption.policy = EXCEPTION (default)
2019-10-25 11:00:59,424 [pool-27-thread-1] INFO  server.RaftServerConfigKeys (ConfUtils.java:logGet(43)) - raft.server.rpc.timeout.min = 5s (custom)
2019-10-25 11:00:59,424 [pool-59-thread-1] INFO  storage.RaftStorageDirectory (RaftStorageDirectory.java:analyzeStorage(246)) - The storage directory /workdir/hadoop-ozone/integration-test/target/test-dir/MiniOzoneClusterImpl-6ab75f42-d005-46c3-b20f-f10c1b9a2e9f/datanode-1/data/ratis/1bcd2b07-2624-4f6b-900e-9bbb60e0f790 does not exist. Creating ...
2019-10-25 11:00:59,424 [pool-27-thread-1] INFO  server.RaftServerConfigKeys (ConfUtils.java:logGet(43)) - raft.server.rpc.timeout.max = 5200ms (custom)
2019-10-25 11:00:59,424 [pool-47-thread-1] INFO  impl.RaftServerImpl (RaftServerImpl.java:<init>(104)) - ef252736-79c5-4662-a0c7-91e85b60cae7: new RaftServerImpl for group-9BBB60E0F790:[98a94502-2c87-40a7-b3de-b58821969ff5:192.168.157.233:45458, ef252736-79c5-4662-a0c7-91e85b60cae7:192.168.157.233:36823, c661ec13-19db-400c-b7a5-525d9c97029d:192.168.157.233:33523] with ContainerStateMachine:uninitialized
2019-10-25 11:00:59,424 [pool-27-thread-1] INFO  server.RaftServerConfigKeys (ConfUtils.java:logGet(43)) - raft.server.rpcslowness.timeout = 1000s (custom)
2019-10-25 11:00:59,424 [pool-47-thread-1] INFO  server.RaftServerConfigKeys (ConfUtils.java:logGet(43)) - raft.server.rpc.timeout.min = 5s (custom)
2019-10-25 11:00:59,424 [pool-27-thread-1] INFO  server.RaftServerConfigKeys (ConfUtils.java:logGet(43)) - raft.server.sleep.deviation.threshold = 300 (default)
2019-10-25 11:00:59,424 [pool-47-thread-1] INFO  server.RaftServerConfigKeys (ConfUtils.java:logGet(43)) - raft.server.rpc.timeout.max = 5200ms (custom)
2019-10-25 11:00:59,425 [pool-27-thread-1] INFO  server.RaftServerConfigKeys (ConfUtils.java:logGet(43)) - raft.server.log.appender.install.snapshot.enabled = false (custom)
2019-10-25 11:00:59,425 [pool-47-thread-1] INFO  server.RaftServerConfigKeys (ConfUtils.java:logGet(43)) - raft.server.rpcslowness.timeout = 1000s (custom)
2019-10-25 11:00:59,425 [pool-27-thread-1] INFO  impl.RaftServerImpl (ServerState.java:<init>(103)) - 98a94502-2c87-40a7-b3de-b58821969ff5@group-9BBB60E0F790: ConfigurationManager, init=-1: [98a94502-2c87-40a7-b3de-b58821969ff5:192.168.157.233:45458, ef252736-79c5-4662-a0c7-91e85b60cae7:192.168.157.233:36823, c661ec13-19db-400c-b7a5-525d9c97029d:192.168.157.233:33523], old=null, confs=<EMPTY_MAP>
2019-10-25 11:00:59,425 [pool-47-thread-1] INFO  server.RaftServerConfigKeys (ConfUtils.java:logGet(43)) - raft.server.sleep.deviation.threshold = 300 (default)
2019-10-25 11:00:59,425 [pool-47-thread-1] INFO  server.RaftServerConfigKeys (ConfUtils.java:logGet(43)) - raft.server.log.appender.install.snapshot.enabled = false (custom)
2019-10-25 11:00:59,425 [pool-27-thread-1] INFO  server.RaftServerConfigKeys (ConfUtils.java:logGet(43)) - raft.server.storage.dir = [/workdir/hadoop-ozone/integration-test/target/test-dir/MiniOzoneClusterImpl-6ab75f42-d005-46c3-b20f-f10c1b9a2e9f/datanode-0/data/ratis] (custom)
2019-10-25 11:00:59,425 [pool-47-thread-1] INFO  impl.RaftServerImpl (ServerState.java:<init>(103)) - ef252736-79c5-4662-a0c7-91e85b60cae7@group-9BBB60E0F790: ConfigurationManager, init=-1: [98a94502-2c87-40a7-b3de-b58821969ff5:192.168.157.233:45458, ef252736-79c5-4662-a0c7-91e85b60cae7:192.168.157.233:36823, c661ec13-19db-400c-b7a5-525d9c97029d:192.168.157.233:33523], old=null, confs=<EMPTY_MAP>
2019-10-25 11:00:59,425 [pool-47-thread-1] INFO  server.RaftServerConfigKeys (ConfUtils.java:logGet(43)) - raft.server.storage.dir = [/workdir/hadoop-ozone/integration-test/target/test-dir/MiniOzoneClusterImpl-6ab75f42-d005-46c3-b20f-f10c1b9a2e9f/datanode-2/data/ratis] (custom)
2019-10-25 11:00:59,425 [pool-27-thread-1] INFO  server.RaftServerConfigKeys (ConfUtils.java:logGet(43)) - raft.server.log.corruption.policy = EXCEPTION (default)
2019-10-25 11:00:59,425 [pool-47-thread-1] INFO  server.RaftServerConfigKeys (ConfUtils.java:logGet(43)) - raft.server.log.corruption.policy = EXCEPTION (default)
2019-10-25 11:00:59,426 [pool-27-thread-1] INFO  storage.RaftStorageDirectory (RaftStorageDirectory.java:analyzeStorage(246)) - The storage directory /workdir/hadoop-ozone/integration-test/target/test-dir/MiniOzoneClusterImpl-6ab75f42-d005-46c3-b20f-f10c1b9a2e9f/datanode-0/data/ratis/1bcd2b07-2624-4f6b-900e-9bbb60e0f790 does not exist. Creating ...
2019-10-25 11:00:59,426 [pool-47-thread-1] INFO  storage.RaftStorageDirectory (RaftStorageDirectory.java:analyzeStorage(246)) - The storage directory /workdir/hadoop-ozone/integration-test/target/test-dir/MiniOzoneClusterImpl-6ab75f42-d005-46c3-b20f-f10c1b9a2e9f/datanode-2/data/ratis/1bcd2b07-2624-4f6b-900e-9bbb60e0f790 does not exist. Creating ...
2019-10-25 11:00:59,430 [pool-27-thread-1] INFO  storage.RaftStorageDirectory (RaftStorageDirectory.java:tryLock(328)) - Lock on /workdir/hadoop-ozone/integration-test/target/test-dir/MiniOzoneClusterImpl-6ab75f42-d005-46c3-b20f-f10c1b9a2e9f/datanode-0/data/ratis/1bcd2b07-2624-4f6b-900e-9bbb60e0f790/in_use.lock acquired by nodename 8158@pr-hdds-2359-lls5b-3453883328
2019-10-25 11:00:59,430 [pool-47-thread-1] INFO  storage.RaftStorageDirectory (RaftStorageDirectory.java:tryLock(328)) - Lock on /workdir/hadoop-ozone/integration-test/target/test-dir/MiniOzoneClusterImpl-6ab75f42-d005-46c3-b20f-f10c1b9a2e9f/datanode-2/data/ratis/1bcd2b07-2624-4f6b-900e-9bbb60e0f790/in_use.lock acquired by nodename 8158@pr-hdds-2359-lls5b-3453883328
2019-10-25 11:00:59,430 [pool-59-thread-1] INFO  storage.RaftStorageDirectory (RaftStorageDirectory.java:tryLock(328)) - Lock on /workdir/hadoop-ozone/integration-test/target/test-dir/MiniOzoneClusterImpl-6ab75f42-d005-46c3-b20f-f10c1b9a2e9f/datanode-1/data/ratis/1bcd2b07-2624-4f6b-900e-9bbb60e0f790/in_use.lock acquired by nodename 8158@pr-hdds-2359-lls5b-3453883328
2019-10-25 11:00:59,443 [pool-27-thread-1] INFO  storage.RaftStorage (RaftStorage.java:format(84)) - Storage directory /workdir/hadoop-ozone/integration-test/target/test-dir/MiniOzoneClusterImpl-6ab75f42-d005-46c3-b20f-f10c1b9a2e9f/datanode-0/data/ratis/1bcd2b07-2624-4f6b-900e-9bbb60e0f790 has been successfully formatted.
2019-10-25 11:00:59,443 [pool-47-thread-1] INFO  storage.RaftStorage (RaftStorage.java:format(84)) - Storage directory /workdir/hadoop-ozone/integration-test/target/test-dir/MiniOzoneClusterImpl-6ab75f42-d005-46c3-b20f-f10c1b9a2e9f/datanode-2/data/ratis/1bcd2b07-2624-4f6b-900e-9bbb60e0f790 has been successfully formatted.
2019-10-25 11:00:59,443 [pool-27-thread-1] INFO  ratis.ContainerStateMachine (ContainerStateMachine.java:loadSnapshot(231)) - group-9BBB60E0F790: The snapshot info is null. Setting the last applied indexto:(t:0, i:~)
2019-10-25 11:00:59,443 [pool-59-thread-1] INFO  storage.RaftStorage (RaftStorage.java:format(84)) - Storage directory /workdir/hadoop-ozone/integration-test/target/test-dir/MiniOzoneClusterImpl-6ab75f42-d005-46c3-b20f-f10c1b9a2e9f/datanode-1/data/ratis/1bcd2b07-2624-4f6b-900e-9bbb60e0f790 has been successfully formatted.
2019-10-25 11:00:59,444 [pool-47-thread-1] INFO  ratis.ContainerStateMachine (ContainerStateMachine.java:loadSnapshot(231)) - group-9BBB60E0F790: The snapshot info is null. Setting the last applied indexto:(t:0, i:~)
2019-10-25 11:00:59,443 [pool-27-thread-1] INFO  server.RaftServerConfigKeys (ConfUtils.java:logGet(43)) - raft.server.notification.no-leader.timeout = 1000s (custom)
2019-10-25 11:00:59,444 [pool-47-thread-1] INFO  server.RaftServerConfigKeys (ConfUtils.java:logGet(43)) - raft.server.notification.no-leader.timeout = 1000s (custom)
2019-10-25 11:00:59,444 [pool-59-thread-1] INFO  ratis.ContainerStateMachine (ContainerStateMachine.java:loadSnapshot(231)) - group-9BBB60E0F790: The snapshot info is null. Setting the last applied indexto:(t:0, i:~)
2019-10-25 11:00:59,444 [pool-47-thread-1] INFO  server.RaftServerConfigKeys (ConfUtils.java:logGet(43)) - raft.server.log.use.memory = false (default)
2019-10-25 11:00:59,444 [pool-27-thread-1] INFO  server.RaftServerConfigKeys (ConfUtils.java:logGet(43)) - raft.server.log.use.memory = false (default)
2019-10-25 11:00:59,444 [pool-47-thread-1] INFO  server.RaftServerConfigKeys (ConfUtils.java:logGet(43)) - raft.server.log.purge.gap = 1000000 (custom)
2019-10-25 11:00:59,444 [pool-59-thread-1] INFO  server.RaftServerConfigKeys (ConfUtils.java:logGet(43)) - raft.server.notification.no-leader.timeout = 1000s (custom)
2019-10-25 11:00:59,444 [pool-47-thread-1] INFO  server.RaftServerConfigKeys (ConfUtils.java:logGet(43)) - raft.server.log.appender.buffer.byte-limit = 33554432 (custom)
2019-10-25 11:00:59,444 [pool-27-thread-1] INFO  server.RaftServerConfigKeys (ConfUtils.java:logGet(43)) - raft.server.log.purge.gap = 1000000 (custom)
2019-10-25 11:00:59,445 [pool-47-thread-1] INFO  server.RaftServerConfigKeys (ConfUtils.java:logGet(43)) - raft.server.log.segment.size.max = 1048576 (custom)
2019-10-25 11:00:59,444 [pool-59-thread-1] INFO  server.RaftServerConfigKeys (ConfUtils.java:logGet(43)) - raft.server.log.use.memory = false (default)
2019-10-25 11:00:59,445 [pool-27-thread-1] INFO  server.RaftServerConfigKeys (ConfUtils.java:logGet(43)) - raft.server.log.appender.buffer.byte-limit = 33554432 (custom)
2019-10-25 11:00:59,445 [pool-59-thread-1] INFO  server.RaftServerConfigKeys (ConfUtils.java:logGet(43)) - raft.server.log.purge.gap = 1000000 (custom)
2019-10-25 11:00:59,445 [pool-47-thread-1] INFO  server.RaftServerConfigKeys (ConfUtils.java:logGet(43)) - raft.server.log.segment.cache.num.max = 2 (custom)
2019-10-25 11:00:59,445 [pool-59-thread-1] INFO  server.RaftServerConfigKeys (ConfUtils.java:logGet(43)) - raft.server.log.appender.buffer.byte-limit = 33554432 (custom)
2019-10-25 11:00:59,445 [pool-27-thread-1] INFO  server.RaftServerConfigKeys (ConfUtils.java:logGet(43)) - raft.server.log.segment.size.max = 1048576 (custom)
2019-10-25 11:00:59,445 [pool-59-thread-1] INFO  server.RaftServerConfigKeys (ConfUtils.java:logGet(43)) - raft.server.log.segment.size.max = 1048576 (custom)
2019-10-25 11:00:59,445 [pool-47-thread-1] INFO  segmented.SegmentedRaftLogWorker (SegmentedRaftLogWorker.java:<init>(173)) - new ef252736-79c5-4662-a0c7-91e85b60cae7@group-9BBB60E0F790-SegmentedRaftLogWorker for RaftStorage:Storage Directory /workdir/hadoop-ozone/integration-test/target/test-dir/MiniOzoneClusterImpl-6ab75f42-d005-46c3-b20f-f10c1b9a2e9f/datanode-2/data/ratis/1bcd2b07-2624-4f6b-900e-9bbb60e0f790
2019-10-25 11:00:59,446 [pool-59-thread-1] INFO  server.RaftServerConfigKeys (ConfUtils.java:logGet(43)) - raft.server.log.segment.cache.num.max = 2 (custom)
2019-10-25 11:00:59,445 [pool-27-thread-1] INFO  server.RaftServerConfigKeys (ConfUtils.java:logGet(43)) - raft.server.log.segment.cache.num.max = 2 (custom)
2019-10-25 11:00:59,446 [pool-59-thread-1] INFO  segmented.SegmentedRaftLogWorker (SegmentedRaftLogWorker.java:<init>(173)) - new c661ec13-19db-400c-b7a5-525d9c97029d@group-9BBB60E0F790-SegmentedRaftLogWorker for RaftStorage:Storage Directory /workdir/hadoop-ozone/integration-test/target/test-dir/MiniOzoneClusterImpl-6ab75f42-d005-46c3-b20f-f10c1b9a2e9f/datanode-1/data/ratis/1bcd2b07-2624-4f6b-900e-9bbb60e0f790
2019-10-25 11:00:59,446 [pool-47-thread-1] INFO  server.RaftServerConfigKeys (ConfUtils.java:logGet(43)) - raft.server.log.queue.byte-limit = 2147483647 (custom)
2019-10-25 11:00:59,446 [pool-59-thread-1] INFO  server.RaftServerConfigKeys (ConfUtils.java:logGet(43)) - raft.server.log.queue.byte-limit = 2147483647 (custom)
2019-10-25 11:00:59,446 [pool-27-thread-1] INFO  segmented.SegmentedRaftLogWorker (SegmentedRaftLogWorker.java:<init>(173)) - new 98a94502-2c87-40a7-b3de-b58821969ff5@group-9BBB60E0F790-SegmentedRaftLogWorker for RaftStorage:Storage Directory /workdir/hadoop-ozone/integration-test/target/test-dir/MiniOzoneClusterImpl-6ab75f42-d005-46c3-b20f-f10c1b9a2e9f/datanode-0/data/ratis/1bcd2b07-2624-4f6b-900e-9bbb60e0f790
2019-10-25 11:00:59,446 [pool-59-thread-1] INFO  server.RaftServerConfigKeys (ConfUtils.java:logGet(43)) - raft.server.log.queue.element-limit = 1024 (custom)
2019-10-25 11:00:59,446 [pool-59-thread-1] INFO  server.RaftServerConfigKeys (ConfUtils.java:logGet(43)) - raft.server.log.segment.size.max = 1048576 (custom)
2019-10-25 11:00:59,446 [pool-47-thread-1] INFO  server.RaftServerConfigKeys (ConfUtils.java:logGet(43)) - raft.server.log.queue.element-limit = 1024 (custom)
2019-10-25 11:00:59,446 [pool-59-thread-1] INFO  server.RaftServerConfigKeys (ConfUtils.java:logGet(43)) - raft.server.log.preallocated.size = 16384 (custom)
2019-10-25 11:00:59,446 [pool-27-thread-1] INFO  server.RaftServerConfigKeys (ConfUtils.java:logGet(43)) - raft.server.log.queue.byte-limit = 2147483647 (custom)
2019-10-25 11:00:59,447 [pool-59-thread-1] INFO  server.RaftServerConfigKeys (ConfUtils.java:logGet(43)) - raft.server.log.write.buffer.size = 33554432 (custom)
2019-10-25 11:00:59,447 [pool-59-thread-1] INFO  server.RaftServerConfigKeys (ConfUtils.java:logGet(43)) - raft.server.log.force.sync.num = 128 (default)
2019-10-25 11:00:59,447 [pool-47-thread-1] INFO  server.RaftServerConfigKeys (ConfUtils.java:logGet(43)) - raft.server.log.segment.size.max = 1048576 (custom)
2019-10-25 11:00:59,447 [pool-59-thread-1] INFO  server.RaftServerConfigKeys (ConfUtils.java:logGet(43)) - raft.server.log.statemachine.data.sync = true (default)
2019-10-25 11:00:59,447 [pool-27-thread-1] INFO  server.RaftServerConfigKeys (ConfUtils.java:logGet(43)) - raft.server.log.queue.element-limit = 1024 (custom)
2019-10-25 11:00:59,447 [pool-59-thread-1] INFO  server.RaftServerConfigKeys (ConfUtils.java:logGet(43)) - raft.server.log.statemachine.data.sync.timeout = 10s (default)
2019-10-25 11:00:59,447 [pool-47-thread-1] INFO  server.RaftServerConfigKeys (ConfUtils.java:logGet(43)) - raft.server.log.preallocated.size = 16384 (custom)
2019-10-25 11:00:59,447 [pool-59-thread-1] INFO  server.RaftServerConfigKeys (ConfUtils.java:logGet(43)) - raft.server.log.statemachine.data.sync.timeout.retry = -1 (default)
2019-10-25 11:00:59,447 [pool-27-thread-1] INFO  server.RaftServerConfigKeys (ConfUtils.java:logGet(43)) - raft.server.log.segment.size.max = 1048576 (custom)
2019-10-25 11:00:59,448 [pool-59-thread-1] INFO  server.RaftServerConfigKeys (ConfUtils.java:logGet(43)) - raft.server.log.statemachine.data.caching.enabled = true (custom)
2019-10-25 11:00:59,448 [pool-47-thread-1] INFO  server.RaftServerConfigKeys (ConfUtils.java:logGet(43)) - raft.server.log.write.buffer.size = 33554432 (custom)
2019-10-25 11:00:59,448 [pool-59-thread-1] INFO  segmented.SegmentedRaftLogWorker (SegmentedRaftLogWorker.java:lambda$new$0(128)) - c661ec13-19db-400c-b7a5-525d9c97029d@group-9BBB60E0F790-SegmentedRaftLogWorker: flushIndex: setUnconditionally 0 -> -1
2019-10-25 11:00:59,448 [pool-27-thread-1] INFO  server.RaftServerConfigKeys (ConfUtils.java:logGet(43)) - raft.server.log.preallocated.size = 16384 (custom)
2019-10-25 11:00:59,448 [pool-47-thread-1] INFO  server.RaftServerConfigKeys (ConfUtils.java:logGet(43)) - raft.server.log.force.sync.num = 128 (default)
2019-10-25 11:00:59,448 [pool-59-thread-1] INFO  server.RaftServerConfigKeys (ConfUtils.java:logGet(43)) - raft.server.snapshot.auto.trigger.enabled = true (custom)
2019-10-25 11:00:59,448 [pool-27-thread-1] INFO  server.RaftServerConfigKeys (ConfUtils.java:logGet(43)) - raft.server.log.write.buffer.size = 33554432 (custom)
2019-10-25 11:00:59,449 [pool-59-thread-1] INFO  server.RaftServerConfigKeys (ConfUtils.java:logGet(43)) - raft.server.snapshot.auto.trigger.threshold = 10000 (custom)
2019-10-25 11:00:59,449 [pool-59-thread-1] INFO  server.RaftServerConfigKeys (ConfUtils.java:logGet(43)) - raft.server.snapshot.retention.file.num = 5 (custom)
2019-10-25 11:00:59,448 [pool-47-thread-1] INFO  server.RaftServerConfigKeys (ConfUtils.java:logGet(43)) - raft.server.log.statemachine.data.sync = true (default)
2019-10-25 11:00:59,449 [pool-59-thread-1] INFO  server.RaftServerConfigKeys (ConfUtils.java:logGet(43)) - raft.server.retrycache.expirytime = 600000ms (custom)
2019-10-25 11:00:59,449 [pool-27-thread-1] INFO  server.RaftServerConfigKeys (ConfUtils.java:logGet(43)) - raft.server.log.force.sync.num = 128 (default)
2019-10-25 11:00:59,449 [pool-47-thread-1] INFO  server.RaftServerConfigKeys (ConfUtils.java:logGet(43)) - raft.server.log.statemachine.data.sync.timeout = 10s (default)
2019-10-25 11:00:59,449 [pool-27-thread-1] INFO  server.RaftServerConfigKeys (ConfUtils.java:logGet(43)) - raft.server.log.statemachine.data.sync = true (default)
2019-10-25 11:00:59,449 [pool-47-thread-1] INFO  server.RaftServerConfigKeys (ConfUtils.java:logGet(43)) - raft.server.log.statemachine.data.sync.timeout.retry = -1 (default)
2019-10-25 11:00:59,449 [pool-27-thread-1] INFO  server.RaftServerConfigKeys (ConfUtils.java:logGet(43)) - raft.server.log.statemachine.data.sync.timeout = 10s (default)
2019-10-25 11:00:59,450 [pool-47-thread-1] INFO  server.RaftServerConfigKeys (ConfUtils.java:logGet(43)) - raft.server.log.statemachine.data.caching.enabled = true (custom)
2019-10-25 11:00:59,450 [pool-27-thread-1] INFO  server.RaftServerConfigKeys (ConfUtils.java:logGet(43)) - raft.server.log.statemachine.data.sync.timeout.retry = -1 (default)
2019-10-25 11:00:59,450 [pool-27-thread-1] INFO  server.RaftServerConfigKeys (ConfUtils.java:logGet(43)) - raft.server.log.statemachine.data.caching.enabled = true (custom)
2019-10-25 11:00:59,450 [pool-47-thread-1] INFO  segmented.SegmentedRaftLogWorker (SegmentedRaftLogWorker.java:lambda$new$0(128)) - ef252736-79c5-4662-a0c7-91e85b60cae7@group-9BBB60E0F790-SegmentedRaftLogWorker: flushIndex: setUnconditionally 0 -> -1
2019-10-25 11:00:59,450 [pool-27-thread-1] INFO  segmented.SegmentedRaftLogWorker (SegmentedRaftLogWorker.java:lambda$new$0(128)) - 98a94502-2c87-40a7-b3de-b58821969ff5@group-9BBB60E0F790-SegmentedRaftLogWorker: flushIndex: setUnconditionally 0 -> -1
2019-10-25 11:00:59,450 [pool-47-thread-1] INFO  server.RaftServerConfigKeys (ConfUtils.java:logGet(43)) - raft.server.snapshot.auto.trigger.enabled = true (custom)
2019-10-25 11:00:59,451 [pool-27-thread-1] INFO  server.RaftServerConfigKeys (ConfUtils.java:logGet(43)) - raft.server.snapshot.auto.trigger.enabled = true (custom)
2019-10-25 11:00:59,451 [pool-47-thread-1] INFO  server.RaftServerConfigKeys (ConfUtils.java:logGet(43)) - raft.server.snapshot.auto.trigger.threshold = 10000 (custom)
2019-10-25 11:00:59,451 [pool-27-thread-1] INFO  server.RaftServerConfigKeys (ConfUtils.java:logGet(43)) - raft.server.snapshot.auto.trigger.threshold = 10000 (custom)
2019-10-25 11:00:59,451 [pool-47-thread-1] INFO  server.RaftServerConfigKeys (ConfUtils.java:logGet(43)) - raft.server.snapshot.retention.file.num = 5 (custom)
2019-10-25 11:00:59,451 [pool-27-thread-1] INFO  server.RaftServerConfigKeys (ConfUtils.java:logGet(43)) - raft.server.snapshot.retention.file.num = 5 (custom)
2019-10-25 11:00:59,451 [pool-47-thread-1] INFO  server.RaftServerConfigKeys (ConfUtils.java:logGet(43)) - raft.server.retrycache.expirytime = 600000ms (custom)
2019-10-25 11:00:59,451 [pool-27-thread-1] INFO  server.RaftServerConfigKeys (ConfUtils.java:logGet(43)) - raft.server.retrycache.expirytime = 600000ms (custom)
2019-10-25 11:00:59,451 [pool-59-thread-1] INFO  impl.RaftServerImpl (RaftServerImpl.java:start(195)) - c661ec13-19db-400c-b7a5-525d9c97029d@group-9BBB60E0F790: start as a follower, conf=-1: [98a94502-2c87-40a7-b3de-b58821969ff5:192.168.157.233:45458, ef252736-79c5-4662-a0c7-91e85b60cae7:192.168.157.233:36823, c661ec13-19db-400c-b7a5-525d9c97029d:192.168.157.233:33523], old=null
2019-10-25 11:00:59,452 [pool-59-thread-1] INFO  impl.RaftServerImpl (RaftServerImpl.java:setRole(184)) - c661ec13-19db-400c-b7a5-525d9c97029d@group-9BBB60E0F790: changes role from      null to FOLLOWER at term 0 for startAsFollower
2019-10-25 11:00:59,452 [pool-59-thread-1] INFO  impl.RoleInfo (RoleInfo.java:updateAndGet(143)) - c661ec13-19db-400c-b7a5-525d9c97029d: start FollowerState
2019-10-25 11:00:59,452 [pool-59-thread-1] INFO  util.JmxRegister (JmxRegister.java:tryRegister(44)) - Successfully registered JMX Bean with object name Ratis:service=RaftServer,group=group-9BBB60E0F790,id=c661ec13-19db-400c-b7a5-525d9c97029d
2019-10-25 11:00:59,456 [pool-47-thread-1] INFO  impl.RaftServerImpl (RaftServerImpl.java:start(195)) - ef252736-79c5-4662-a0c7-91e85b60cae7@group-9BBB60E0F790: start as a follower, conf=-1: [98a94502-2c87-40a7-b3de-b58821969ff5:192.168.157.233:45458, ef252736-79c5-4662-a0c7-91e85b60cae7:192.168.157.233:36823, c661ec13-19db-400c-b7a5-525d9c97029d:192.168.157.233:33523], old=null
2019-10-25 11:00:59,456 [pool-47-thread-1] INFO  impl.RaftServerImpl (RaftServerImpl.java:setRole(184)) - ef252736-79c5-4662-a0c7-91e85b60cae7@group-9BBB60E0F790: changes role from      null to FOLLOWER at term 0 for startAsFollower
2019-10-25 11:00:59,456 [pool-27-thread-1] INFO  impl.RaftServerImpl (RaftServerImpl.java:start(195)) - 98a94502-2c87-40a7-b3de-b58821969ff5@group-9BBB60E0F790: start as a follower, conf=-1: [98a94502-2c87-40a7-b3de-b58821969ff5:192.168.157.233:45458, ef252736-79c5-4662-a0c7-91e85b60cae7:192.168.157.233:36823, c661ec13-19db-400c-b7a5-525d9c97029d:192.168.157.233:33523], old=null
2019-10-25 11:00:59,456 [pool-47-thread-1] INFO  impl.RoleInfo (RoleInfo.java:updateAndGet(143)) - ef252736-79c5-4662-a0c7-91e85b60cae7: start FollowerState
2019-10-25 11:00:59,456 [pool-27-thread-1] INFO  impl.RaftServerImpl (RaftServerImpl.java:setRole(184)) - 98a94502-2c87-40a7-b3de-b58821969ff5@group-9BBB60E0F790: changes role from      null to FOLLOWER at term 0 for startAsFollower
2019-10-25 11:00:59,457 [pool-27-thread-1] INFO  impl.RoleInfo (RoleInfo.java:updateAndGet(143)) - 98a94502-2c87-40a7-b3de-b58821969ff5: start FollowerState
2019-10-25 11:00:59,457 [pool-47-thread-1] INFO  util.JmxRegister (JmxRegister.java:tryRegister(44)) - Successfully registered JMX Bean with object name Ratis:service=RaftServer,group=group-9BBB60E0F790,id=ef252736-79c5-4662-a0c7-91e85b60cae7
2019-10-25 11:00:59,457 [pool-27-thread-1] INFO  util.JmxRegister (JmxRegister.java:tryRegister(44)) - Successfully registered JMX Bean with object name Ratis:service=RaftServer,group=group-9BBB60E0F790,id=98a94502-2c87-40a7-b3de-b58821969ff5
2019-10-25 11:00:59,461 [EventQueue-PendingDeleteStatusForPendingDeleteHandler] INFO  block.SCMBlockDeletingService (SCMBlockDeletingService.java:handlePendingDeletes(115)) - Block deletion txnID mismatch in datanode c661ec13-19db-400c-b7a5-525d9c97029d for containerID 1. Datanode delete txnID: 0, SCM txnID: 1
2019-10-25 11:00:59,466 [RatisPipelineUtilsThread] INFO  pipeline.PipelineStateManager (PipelineStateManager.java:addPipeline(56)) - Created pipeline Pipeline[ Id: 1bcd2b07-2624-4f6b-900e-9bbb60e0f790, Nodes: c661ec13-19db-400c-b7a5-525d9c97029d{ip: 192.168.157.233, host: pr-hdds-2359-lls5b-3453883328, networkLocation: /default-rack, certSerialId: null}ef252736-79c5-4662-a0c7-91e85b60cae7{ip: 192.168.157.233, host: pr-hdds-2359-lls5b-3453883328, networkLocation: /default-rack, certSerialId: null}98a94502-2c87-40a7-b3de-b58821969ff5{ip: 192.168.157.233, host: pr-hdds-2359-lls5b-3453883328, networkLocation: /default-rack, certSerialId: null}, Type:RATIS, Factor:THREE, State:OPEN]
2019-10-25 11:00:59,467 [Thread-763] INFO  impl.FollowerState (FollowerState.java:run(108)) - c661ec13-19db-400c-b7a5-525d9c97029d@group-75E956CAE081-FollowerState: change to CANDIDATE, lastRpcTime:45ms, electionTimeout:45ms
2019-10-25 11:00:59,467 [Thread-763] INFO  impl.RoleInfo (RoleInfo.java:shutdownFollowerState(121)) - c661ec13-19db-400c-b7a5-525d9c97029d: shutdown FollowerState
2019-10-25 11:00:59,467 [Thread-763] INFO  impl.RaftServerImpl (RaftServerImpl.java:setRole(184)) - c661ec13-19db-400c-b7a5-525d9c97029d@group-75E956CAE081: changes role from  FOLLOWER to CANDIDATE at term 30 for changeToCandidate
2019-10-25 11:00:59,468 [Thread-763] INFO  impl.RoleInfo (RoleInfo.java:updateAndGet(143)) - c661ec13-19db-400c-b7a5-525d9c97029d: start LeaderElection
2019-10-25 11:00:59,486 [c661ec13-19db-400c-b7a5-525d9c97029d@group-75E956CAE081-LeaderElection38] INFO  impl.LeaderElection (LeaderElection.java:askForVotes(178)) - c661ec13-19db-400c-b7a5-525d9c97029d@group-75E956CAE081-LeaderElection38: begin an election at term 31 for 0: [98a94502-2c87-40a7-b3de-b58821969ff5:192.168.157.233:45458, ef252736-79c5-4662-a0c7-91e85b60cae7:192.168.157.233:36823, c661ec13-19db-400c-b7a5-525d9c97029d:192.168.157.233:33523], old=null
2019-10-25 11:00:59,489 [Thread-767] INFO  impl.FollowerState (FollowerState.java:run(108)) - c661ec13-19db-400c-b7a5-525d9c97029d@group-9BBB60E0F790-FollowerState: change to CANDIDATE, lastRpcTime:37ms, electionTimeout:34ms
2019-10-25 11:00:59,489 [Thread-767] INFO  impl.RoleInfo (RoleInfo.java:shutdownFollowerState(121)) - c661ec13-19db-400c-b7a5-525d9c97029d: shutdown FollowerState
2019-10-25 11:00:59,490 [Thread-767] INFO  impl.RaftServerImpl (RaftServerImpl.java:setRole(184)) - c661ec13-19db-400c-b7a5-525d9c97029d@group-9BBB60E0F790: changes role from  FOLLOWER to CANDIDATE at term 0 for changeToCandidate
2019-10-25 11:00:59,490 [Thread-767] INFO  impl.RoleInfo (RoleInfo.java:updateAndGet(143)) - c661ec13-19db-400c-b7a5-525d9c97029d: start LeaderElection
2019-10-25 11:00:59,493 [grpc-default-executor-7] INFO  impl.RaftServerImpl (RaftServerImpl.java:setRole(184)) - 98a94502-2c87-40a7-b3de-b58821969ff5@group-75E956CAE081: changes role from  FOLLOWER to FOLLOWER at term 31 for recognizeCandidate:c661ec13-19db-400c-b7a5-525d9c97029d
2019-10-25 11:00:59,493 [grpc-default-executor-0] INFO  impl.RaftServerImpl (RaftServerImpl.java:setRole(184)) - ef252736-79c5-4662-a0c7-91e85b60cae7@group-75E956CAE081: changes role from  FOLLOWER to FOLLOWER at term 31 for recognizeCandidate:c661ec13-19db-400c-b7a5-525d9c97029d
2019-10-25 11:00:59,493 [grpc-default-executor-7] INFO  impl.RoleInfo (RoleInfo.java:shutdownFollowerState(121)) - 98a94502-2c87-40a7-b3de-b58821969ff5: shutdown FollowerState
2019-10-25 11:00:59,493 [grpc-default-executor-0] INFO  impl.RoleInfo (RoleInfo.java:shutdownFollowerState(121)) - ef252736-79c5-4662-a0c7-91e85b60cae7: shutdown FollowerState
2019-10-25 11:00:59,494 [Thread-762] INFO  impl.FollowerState (FollowerState.java:run(117)) - 98a94502-2c87-40a7-b3de-b58821969ff5@group-75E956CAE081-FollowerState was interrupted: java.lang.InterruptedException: sleep interrupted
2019-10-25 11:00:59,494 [grpc-default-executor-7] INFO  impl.RoleInfo (RoleInfo.java:updateAndGet(143)) - 98a94502-2c87-40a7-b3de-b58821969ff5: start FollowerState
2019-10-25 11:00:59,494 [Thread-761] INFO  impl.FollowerState (FollowerState.java:run(117)) - ef252736-79c5-4662-a0c7-91e85b60cae7@group-75E956CAE081-FollowerState was interrupted: java.lang.InterruptedException: sleep interrupted
2019-10-25 11:00:59,494 [grpc-default-executor-0] INFO  impl.RoleInfo (RoleInfo.java:updateAndGet(143)) - ef252736-79c5-4662-a0c7-91e85b60cae7: start FollowerState
2019-10-25 11:00:59,499 [c661ec13-19db-400c-b7a5-525d9c97029d@group-9BBB60E0F790-LeaderElection39] INFO  impl.LeaderElection (LeaderElection.java:askForVotes(178)) - c661ec13-19db-400c-b7a5-525d9c97029d@group-9BBB60E0F790-LeaderElection39: begin an election at term 1 for -1: [98a94502-2c87-40a7-b3de-b58821969ff5:192.168.157.233:45458, ef252736-79c5-4662-a0c7-91e85b60cae7:192.168.157.233:36823, c661ec13-19db-400c-b7a5-525d9c97029d:192.168.157.233:33523], old=null
2019-10-25 11:00:59,500 [c661ec13-19db-400c-b7a5-525d9c97029d@group-75E956CAE081-LeaderElection38] INFO  impl.LeaderElection (LeaderElection.java:logAndReturn(56)) - c661ec13-19db-400c-b7a5-525d9c97029d@group-75E956CAE081-LeaderElection38: Election REJECTED; received 2 response(s) [c661ec13-19db-400c-b7a5-525d9c97029d<-98a94502-2c87-40a7-b3de-b58821969ff5#0:FAIL-t31, c661ec13-19db-400c-b7a5-525d9c97029d<-ef252736-79c5-4662-a0c7-91e85b60cae7#0:FAIL-t31] and 0 exception(s); c661ec13-19db-400c-b7a5-525d9c97029d@group-75E956CAE081:t31, leader=null, voted=c661ec13-19db-400c-b7a5-525d9c97029d, raftlog=c661ec13-19db-400c-b7a5-525d9c97029d@group-75E956CAE081-SegmentedRaftLog:OPENED:c3,f4,i4, conf=0: [98a94502-2c87-40a7-b3de-b58821969ff5:192.168.157.233:45458, ef252736-79c5-4662-a0c7-91e85b60cae7:192.168.157.233:36823, c661ec13-19db-400c-b7a5-525d9c97029d:192.168.157.233:33523], old=null
2019-10-25 11:00:59,500 [c661ec13-19db-400c-b7a5-525d9c97029d@group-75E956CAE081-LeaderElection38] INFO  impl.RaftServerImpl (RaftServerImpl.java:setRole(184)) - c661ec13-19db-400c-b7a5-525d9c97029d@group-75E956CAE081: changes role from CANDIDATE to FOLLOWER at term 31 for DISCOVERED_A_NEW_TERM
2019-10-25 11:00:59,500 [c661ec13-19db-400c-b7a5-525d9c97029d@group-75E956CAE081-LeaderElection38] INFO  impl.RoleInfo (RoleInfo.java:shutdownLeaderElection(134)) - c661ec13-19db-400c-b7a5-525d9c97029d: shutdown LeaderElection
2019-10-25 11:00:59,500 [c661ec13-19db-400c-b7a5-525d9c97029d@group-75E956CAE081-LeaderElection38] INFO  impl.RoleInfo (RoleInfo.java:updateAndGet(143)) - c661ec13-19db-400c-b7a5-525d9c97029d: start FollowerState
2019-10-25 11:00:59,502 [grpc-default-executor-7] INFO  impl.RaftServerImpl (RaftServerImpl.java:setRole(184)) - 98a94502-2c87-40a7-b3de-b58821969ff5@group-9BBB60E0F790: changes role from  FOLLOWER to FOLLOWER at term 1 for recognizeCandidate:c661ec13-19db-400c-b7a5-525d9c97029d
2019-10-25 11:00:59,502 [grpc-default-executor-0] INFO  impl.RaftServerImpl (RaftServerImpl.java:setRole(184)) - ef252736-79c5-4662-a0c7-91e85b60cae7@group-9BBB60E0F790: changes role from  FOLLOWER to FOLLOWER at term 1 for recognizeCandidate:c661ec13-19db-400c-b7a5-525d9c97029d
2019-10-25 11:00:59,503 [grpc-default-executor-7] INFO  impl.RoleInfo (RoleInfo.java:shutdownFollowerState(121)) - 98a94502-2c87-40a7-b3de-b58821969ff5: shutdown FollowerState
2019-10-25 11:00:59,503 [grpc-default-executor-0] INFO  impl.RoleInfo (RoleInfo.java:shutdownFollowerState(121)) - ef252736-79c5-4662-a0c7-91e85b60cae7: shutdown FollowerState
2019-10-25 11:00:59,503 [Thread-770] INFO  impl.FollowerState (FollowerState.java:run(117)) - 98a94502-2c87-40a7-b3de-b58821969ff5@group-9BBB60E0F790-FollowerState was interrupted: java.lang.InterruptedException: sleep interrupted
2019-10-25 11:00:59,503 [Thread-768] INFO  impl.FollowerState (FollowerState.java:run(117)) - ef252736-79c5-4662-a0c7-91e85b60cae7@group-9BBB60E0F790-FollowerState was interrupted: java.lang.InterruptedException: sleep interrupted
2019-10-25 11:00:59,503 [grpc-default-executor-7] INFO  impl.RoleInfo (RoleInfo.java:updateAndGet(143)) - 98a94502-2c87-40a7-b3de-b58821969ff5: start FollowerState
2019-10-25 11:00:59,503 [grpc-default-executor-0] INFO  impl.RoleInfo (RoleInfo.java:updateAndGet(143)) - ef252736-79c5-4662-a0c7-91e85b60cae7: start FollowerState
2019-10-25 11:00:59,517 [Thread-785] INFO  client.GrpcClientProtocolService (GrpcClientProtocolService.java:lambda$processClientRequest$0(278)) - Failed RaftClientRequest:client-E2DCCEC0A424->ef252736-79c5-4662-a0c7-91e85b60cae7@group-75E956CAE081, cid=10, seq=0, Watch-ALL_COMMITTED(6), Message:<EMPTY>, reply=RaftClientReply:client-E2DCCEC0A424->ef252736-79c5-4662-a0c7-91e85b60cae7@group-75E956CAE081, cid=10, FAILED org.apache.ratis.protocol.NotLeaderException: Server ef252736-79c5-4662-a0c7-91e85b60cae7@group-75E956CAE081 is not the leader, logIndex=0, commits[ef252736-79c5-4662-a0c7-91e85b60cae7:c10, 98a94502-2c87-40a7-b3de-b58821969ff5:c10, c661ec13-19db-400c-b7a5-525d9c97029d:c4]
2019-10-25 11:00:59,525 [c661ec13-19db-400c-b7a5-525d9c97029d@group-9BBB60E0F790-LeaderElection39] INFO  impl.LeaderElection (LeaderElection.java:logAndReturn(56)) - c661ec13-19db-400c-b7a5-525d9c97029d@group-9BBB60E0F790-LeaderElection39: Election PASSED; received 1 response(s) [c661ec13-19db-400c-b7a5-525d9c97029d<-98a94502-2c87-40a7-b3de-b58821969ff5#0:OK-t1] and 0 exception(s); c661ec13-19db-400c-b7a5-525d9c97029d@group-9BBB60E0F790:t1, leader=null, voted=c661ec13-19db-400c-b7a5-525d9c97029d, raftlog=c661ec13-19db-400c-b7a5-525d9c97029d@group-9BBB60E0F790-SegmentedRaftLog:OPENED:c-1,f-1,i0, conf=-1: [98a94502-2c87-40a7-b3de-b58821969ff5:192.168.157.233:45458, ef252736-79c5-4662-a0c7-91e85b60cae7:192.168.157.233:36823, c661ec13-19db-400c-b7a5-525d9c97029d:192.168.157.233:33523], old=null
2019-10-25 11:00:59,525 [c661ec13-19db-400c-b7a5-525d9c97029d@group-9BBB60E0F790-LeaderElection39] INFO  impl.RoleInfo (RoleInfo.java:shutdownLeaderElection(134)) - c661ec13-19db-400c-b7a5-525d9c97029d: shutdown LeaderElection
2019-10-25 11:00:59,525 [c661ec13-19db-400c-b7a5-525d9c97029d@group-9BBB60E0F790-LeaderElection39] INFO  impl.RaftServerImpl (RaftServerImpl.java:setRole(184)) - c661ec13-19db-400c-b7a5-525d9c97029d@group-9BBB60E0F790: changes role from CANDIDATE to LEADER at term 1 for changeToLeader
2019-10-25 11:00:59,525 [c661ec13-19db-400c-b7a5-525d9c97029d@group-9BBB60E0F790-LeaderElection39] INFO  impl.RaftServerImpl (ServerState.java:setLeader(256)) - c661ec13-19db-400c-b7a5-525d9c97029d@group-9BBB60E0F790: change Leader from null to c661ec13-19db-400c-b7a5-525d9c97029d at term 1 for becomeLeader, leader elected after 81ms
2019-10-25 11:00:59,525 [c661ec13-19db-400c-b7a5-525d9c97029d@group-9BBB60E0F790-LeaderElection39] INFO  server.RaftServerConfigKeys (ConfUtils.java:logGet(43)) - raft.server.staging.catchup.gap = 1000 (default)
2019-10-25 11:00:59,525 [c661ec13-19db-400c-b7a5-525d9c97029d@group-9BBB60E0F790-LeaderElection39] INFO  server.RaftServerConfigKeys (ConfUtils.java:logGet(43)) - raft.server.rpc.sleep.time = 25ms (default)
2019-10-25 11:00:59,526 [c661ec13-19db-400c-b7a5-525d9c97029d@group-9BBB60E0F790-LeaderElection39] INFO  server.RaftServerConfigKeys (ConfUtils.java:logGet(43)) - raft.server.write.element-limit = 4096 (default)
2019-10-25 11:00:59,526 [c661ec13-19db-400c-b7a5-525d9c97029d@group-9BBB60E0F790-LeaderElection39] INFO  server.RaftServerConfigKeys (ConfUtils.java:logGet(43)) - raft.server.watch.timeout = 10s (default)
2019-10-25 11:00:59,526 [c661ec13-19db-400c-b7a5-525d9c97029d@group-9BBB60E0F790-LeaderElection39] INFO  server.RaftServerConfigKeys (ConfUtils.java:logGet(43)) - raft.server.watch.timeout.denomination = 1s (default)
2019-10-25 11:00:59,526 [c661ec13-19db-400c-b7a5-525d9c97029d@group-9BBB60E0F790-LeaderElection39] INFO  server.RaftServerConfigKeys (ConfUtils.java:logGet(43)) - raft.server.watch.element-limit = 65536 (default)
2019-10-25 11:00:59,528 [c661ec13-19db-400c-b7a5-525d9c97029d@group-9BBB60E0F790-LeaderElection39] INFO  server.RaftServerConfigKeys (ConfUtils.java:logGet(43)) - raft.server.log.appender.snapshot.chunk.size.max = 16MB (=16777216) (default)
2019-10-25 11:00:59,528 [c661ec13-19db-400c-b7a5-525d9c97029d@group-9BBB60E0F790-LeaderElection39] INFO  server.RaftServerConfigKeys (ConfUtils.java:logGet(43)) - raft.server.log.appender.buffer.byte-limit = 33554432 (custom)
2019-10-25 11:00:59,529 [c661ec13-19db-400c-b7a5-525d9c97029d@group-9BBB60E0F790-LeaderElection39] INFO  server.RaftServerConfigKeys (ConfUtils.java:logGet(43)) - raft.server.log.appender.buffer.element-limit = 1 (custom)
2019-10-25 11:00:59,529 [c661ec13-19db-400c-b7a5-525d9c97029d@group-9BBB60E0F790-LeaderElection39] INFO  grpc.GrpcConfigKeys$Server (ConfUtils.java:logGet(43)) - raft.grpc.server.leader.outstanding.appends.max = 128 (default)
2019-10-25 11:00:59,529 [c661ec13-19db-400c-b7a5-525d9c97029d@group-9BBB60E0F790-LeaderElection39] INFO  server.RaftServerConfigKeys (ConfUtils.java:logGet(43)) - raft.server.rpc.request.timeout = 3000ms (default)
2019-10-25 11:00:59,529 [c661ec13-19db-400c-b7a5-525d9c97029d@group-9BBB60E0F790-LeaderElection39] INFO  server.RaftServerConfigKeys (ConfUtils.java:logGet(43)) - raft.server.log.appender.install.snapshot.enabled = false (custom)
2019-10-25 11:00:59,532 [c661ec13-19db-400c-b7a5-525d9c97029d@group-9BBB60E0F790-LeaderElection39] INFO  server.RaftServerConfigKeys (ConfUtils.java:logGet(43)) - raft.server.log.appender.snapshot.chunk.size.max = 16MB (=16777216) (default)
2019-10-25 11:00:59,532 [c661ec13-19db-400c-b7a5-525d9c97029d@group-9BBB60E0F790-LeaderElection39] INFO  server.RaftServerConfigKeys (ConfUtils.java:logGet(43)) - raft.server.log.appender.buffer.byte-limit = 33554432 (custom)
2019-10-25 11:00:59,532 [c661ec13-19db-400c-b7a5-525d9c97029d@group-9BBB60E0F790-LeaderElection39] INFO  server.RaftServerConfigKeys (ConfUtils.java:logGet(43)) - raft.server.log.appender.buffer.element-limit = 1 (custom)
2019-10-25 11:00:59,533 [c661ec13-19db-400c-b7a5-525d9c97029d@group-9BBB60E0F790-LeaderElection39] INFO  grpc.GrpcConfigKeys$Server (ConfUtils.java:logGet(43)) - raft.grpc.server.leader.outstanding.appends.max = 128 (default)
2019-10-25 11:00:59,533 [c661ec13-19db-400c-b7a5-525d9c97029d@group-9BBB60E0F790-LeaderElection39] INFO  server.RaftServerConfigKeys (ConfUtils.java:logGet(43)) - raft.server.rpc.request.timeout = 3000ms (default)
2019-10-25 11:00:59,533 [c661ec13-19db-400c-b7a5-525d9c97029d@group-9BBB60E0F790-LeaderElection39] INFO  server.RaftServerConfigKeys (ConfUtils.java:logGet(43)) - raft.server.log.appender.install.snapshot.enabled = false (custom)
2019-10-25 11:00:59,535 [c661ec13-19db-400c-b7a5-525d9c97029d@group-9BBB60E0F790-LeaderElection39] INFO  impl.RoleInfo (RoleInfo.java:updateAndGet(143)) - c661ec13-19db-400c-b7a5-525d9c97029d: start LeaderState
2019-10-25 11:00:59,536 [c661ec13-19db-400c-b7a5-525d9c97029d@group-9BBB60E0F790-LeaderElection39] INFO  segmented.SegmentedRaftLogWorker (SegmentedRaftLogWorker.java:startLogSegment(385)) - c661ec13-19db-400c-b7a5-525d9c97029d@group-9BBB60E0F790-SegmentedRaftLogWorker: Starting segment from index:0
2019-10-25 11:00:59,536 [c661ec13-19db-400c-b7a5-525d9c97029d@group-9BBB60E0F790-LeaderElection39] INFO  impl.RaftServerImpl (ServerState.java:setRaftConf(357)) - c661ec13-19db-400c-b7a5-525d9c97029d@group-9BBB60E0F790: set configuration 0: [98a94502-2c87-40a7-b3de-b58821969ff5:192.168.157.233:45458, ef252736-79c5-4662-a0c7-91e85b60cae7:192.168.157.233:36823, c661ec13-19db-400c-b7a5-525d9c97029d:192.168.157.233:33523], old=null at 0
2019-10-25 11:00:59,538 [grpc-default-executor-0] INFO  impl.RaftServerImpl (ServerState.java:setLeader(256)) - ef252736-79c5-4662-a0c7-91e85b60cae7@group-9BBB60E0F790: change Leader from null to c661ec13-19db-400c-b7a5-525d9c97029d at term 1 for appendEntries, leader elected after 94ms
2019-10-25 11:00:59,538 [grpc-default-executor-7] INFO  impl.RaftServerImpl (ServerState.java:setLeader(256)) - 98a94502-2c87-40a7-b3de-b58821969ff5@group-9BBB60E0F790: change Leader from null to c661ec13-19db-400c-b7a5-525d9c97029d at term 1 for appendEntries, leader elected after 94ms
2019-10-25 11:00:59,564 [grpc-default-executor-0] INFO  impl.RaftServerImpl (ServerState.java:setRaftConf(357)) - 98a94502-2c87-40a7-b3de-b58821969ff5@group-9BBB60E0F790: set configuration 0: [98a94502-2c87-40a7-b3de-b58821969ff5:192.168.157.233:45458, ef252736-79c5-4662-a0c7-91e85b60cae7:192.168.157.233:36823, c661ec13-19db-400c-b7a5-525d9c97029d:192.168.157.233:33523], old=null at 0
2019-10-25 11:00:59,564 [grpc-default-executor-7] INFO  impl.RaftServerImpl (ServerState.java:setRaftConf(357)) - ef252736-79c5-4662-a0c7-91e85b60cae7@group-9BBB60E0F790: set configuration 0: [98a94502-2c87-40a7-b3de-b58821969ff5:192.168.157.233:45458, ef252736-79c5-4662-a0c7-91e85b60cae7:192.168.157.233:36823, c661ec13-19db-400c-b7a5-525d9c97029d:192.168.157.233:33523], old=null at 0
2019-10-25 11:00:59,564 [grpc-default-executor-0] INFO  segmented.SegmentedRaftLogWorker (SegmentedRaftLogWorker.java:startLogSegment(385)) - 98a94502-2c87-40a7-b3de-b58821969ff5@group-9BBB60E0F790-SegmentedRaftLogWorker: Starting segment from index:0
2019-10-25 11:00:59,564 [grpc-default-executor-7] INFO  segmented.SegmentedRaftLogWorker (SegmentedRaftLogWorker.java:startLogSegment(385)) - ef252736-79c5-4662-a0c7-91e85b60cae7@group-9BBB60E0F790-SegmentedRaftLogWorker: Starting segment from index:0
2019-10-25 11:00:59,567 [c661ec13-19db-400c-b7a5-525d9c97029d@group-9BBB60E0F790-SegmentedRaftLogWorker] INFO  segmented.SegmentedRaftLogWorker (SegmentedRaftLogWorker.java:execute(576)) - c661ec13-19db-400c-b7a5-525d9c97029d@group-9BBB60E0F790-SegmentedRaftLogWorker: created new log segment /workdir/hadoop-ozone/integration-test/target/test-dir/MiniOzoneClusterImpl-6ab75f42-d005-46c3-b20f-f10c1b9a2e9f/datanode-1/data/ratis/1bcd2b07-2624-4f6b-900e-9bbb60e0f790/current/log_inprogress_0
2019-10-25 11:00:59,589 [Thread-757] INFO  impl.FollowerState (FollowerState.java:run(108)) - c661ec13-19db-400c-b7a5-525d9c97029d@group-56BF710DA6C1-FollowerState: change to CANDIDATE, lastRpcTime:188ms, electionTimeout:188ms
2019-10-25 11:00:59,590 [Thread-757] INFO  impl.RoleInfo (RoleInfo.java:shutdownFollowerState(121)) - c661ec13-19db-400c-b7a5-525d9c97029d: shutdown FollowerState
2019-10-25 11:00:59,590 [Thread-757] INFO  impl.RaftServerImpl (RaftServerImpl.java:setRole(184)) - c661ec13-19db-400c-b7a5-525d9c97029d@group-56BF710DA6C1: changes role from  FOLLOWER to CANDIDATE at term 0 for changeToCandidate
2019-10-25 11:00:59,590 [Thread-757] INFO  impl.RoleInfo (RoleInfo.java:updateAndGet(143)) - c661ec13-19db-400c-b7a5-525d9c97029d: start LeaderElection
2019-10-25 11:00:59,624 [Thread-781] INFO  impl.FollowerState (FollowerState.java:run(108)) - c661ec13-19db-400c-b7a5-525d9c97029d@group-75E956CAE081-FollowerState: change to CANDIDATE, lastRpcTime:123ms, electionTimeout:121ms
2019-10-25 11:00:59,624 [Thread-781] INFO  impl.RoleInfo (RoleInfo.java:shutdownFollowerState(121)) - c661ec13-19db-400c-b7a5-525d9c97029d: shutdown FollowerState
2019-10-25 11:00:59,624 [Thread-781] INFO  impl.RaftServerImpl (RaftServerImpl.java:setRole(184)) - c661ec13-19db-400c-b7a5-525d9c97029d@group-75E956CAE081: changes role from  FOLLOWER to CANDIDATE at term 31 for changeToCandidate
2019-10-25 11:00:59,624 [Thread-781] INFO  impl.RoleInfo (RoleInfo.java:updateAndGet(143)) - c661ec13-19db-400c-b7a5-525d9c97029d: start LeaderElection
2019-10-25 11:00:59,630 [ef252736-79c5-4662-a0c7-91e85b60cae7@group-9BBB60E0F790-SegmentedRaftLogWorker] INFO  segmented.SegmentedRaftLogWorker (SegmentedRaftLogWorker.java:execute(576)) - ef252736-79c5-4662-a0c7-91e85b60cae7@group-9BBB60E0F790-SegmentedRaftLogWorker: created new log segment /workdir/hadoop-ozone/integration-test/target/test-dir/MiniOzoneClusterImpl-6ab75f42-d005-46c3-b20f-f10c1b9a2e9f/datanode-2/data/ratis/1bcd2b07-2624-4f6b-900e-9bbb60e0f790/current/log_inprogress_0
2019-10-25 11:00:59,630 [c661ec13-19db-400c-b7a5-525d9c97029d@group-56BF710DA6C1-LeaderElection40] INFO  impl.LeaderElection (LeaderElection.java:askForVotes(178)) - c661ec13-19db-400c-b7a5-525d9c97029d@group-56BF710DA6C1-LeaderElection40: begin an election at term 1 for -1: [c661ec13-19db-400c-b7a5-525d9c97029d:192.168.157.233:33523], old=null
2019-10-25 11:00:59,630 [98a94502-2c87-40a7-b3de-b58821969ff5@group-9BBB60E0F790-SegmentedRaftLogWorker] INFO  segmented.SegmentedRaftLogWorker (SegmentedRaftLogWorker.java:execute(576)) - 98a94502-2c87-40a7-b3de-b58821969ff5@group-9BBB60E0F790-SegmentedRaftLogWorker: created new log segment /workdir/hadoop-ozone/integration-test/target/test-dir/MiniOzoneClusterImpl-6ab75f42-d005-46c3-b20f-f10c1b9a2e9f/datanode-0/data/ratis/1bcd2b07-2624-4f6b-900e-9bbb60e0f790/current/log_inprogress_0
2019-10-25 11:00:59,631 [c661ec13-19db-400c-b7a5-525d9c97029d@group-56BF710DA6C1-LeaderElection40] INFO  impl.RoleInfo (RoleInfo.java:shutdownLeaderElection(134)) - c661ec13-19db-400c-b7a5-525d9c97029d: shutdown LeaderElection
2019-10-25 11:00:59,631 [c661ec13-19db-400c-b7a5-525d9c97029d@group-56BF710DA6C1-LeaderElection40] INFO  impl.RaftServerImpl (RaftServerImpl.java:setRole(184)) - c661ec13-19db-400c-b7a5-525d9c97029d@group-56BF710DA6C1: changes role from CANDIDATE to LEADER at term 1 for changeToLeader
2019-10-25 11:00:59,631 [c661ec13-19db-400c-b7a5-525d9c97029d@group-56BF710DA6C1-LeaderElection40] INFO  impl.RaftServerImpl (ServerState.java:setLeader(256)) - c661ec13-19db-400c-b7a5-525d9c97029d@group-56BF710DA6C1: change Leader from null to c661ec13-19db-400c-b7a5-525d9c97029d at term 1 for becomeLeader, leader elected after 236ms
2019-10-25 11:00:59,631 [c661ec13-19db-400c-b7a5-525d9c97029d@group-56BF710DA6C1-LeaderElection40] INFO  server.RaftServerConfigKeys (ConfUtils.java:logGet(43)) - raft.server.staging.catchup.gap = 1000 (default)
2019-10-25 11:00:59,631 [c661ec13-19db-400c-b7a5-525d9c97029d@group-56BF710DA6C1-LeaderElection40] INFO  server.RaftServerConfigKeys (ConfUtils.java:logGet(43)) - raft.server.rpc.sleep.time = 25ms (default)
2019-10-25 11:00:59,631 [c661ec13-19db-400c-b7a5-525d9c97029d@group-56BF710DA6C1-LeaderElection40] INFO  server.RaftServerConfigKeys (ConfUtils.java:logGet(43)) - raft.server.write.element-limit = 4096 (default)
2019-10-25 11:00:59,631 [c661ec13-19db-400c-b7a5-525d9c97029d@group-56BF710DA6C1-LeaderElection40] INFO  server.RaftServerConfigKeys (ConfUtils.java:logGet(43)) - raft.server.watch.timeout = 10s (default)
2019-10-25 11:00:59,632 [c661ec13-19db-400c-b7a5-525d9c97029d@group-56BF710DA6C1-LeaderElection40] INFO  server.RaftServerConfigKeys (ConfUtils.java:logGet(43)) - raft.server.watch.timeout.denomination = 1s (default)
2019-10-25 11:00:59,632 [c661ec13-19db-400c-b7a5-525d9c97029d@group-56BF710DA6C1-LeaderElection40] INFO  server.RaftServerConfigKeys (ConfUtils.java:logGet(43)) - raft.server.watch.element-limit = 65536 (default)
2019-10-25 11:00:59,633 [c661ec13-19db-400c-b7a5-525d9c97029d@group-75E956CAE081-LeaderElection41] INFO  impl.LeaderElection (LeaderElection.java:askForVotes(178)) - c661ec13-19db-400c-b7a5-525d9c97029d@group-75E956CAE081-LeaderElection41: begin an election at term 32 for 0: [98a94502-2c87-40a7-b3de-b58821969ff5:192.168.157.233:45458, ef252736-79c5-4662-a0c7-91e85b60cae7:192.168.157.233:36823, c661ec13-19db-400c-b7a5-525d9c97029d:192.168.157.233:33523], old=null
2019-10-25 11:00:59,634 [c661ec13-19db-400c-b7a5-525d9c97029d@group-56BF710DA6C1-LeaderElection40] INFO  impl.RoleInfo (RoleInfo.java:updateAndGet(143)) - c661ec13-19db-400c-b7a5-525d9c97029d: start LeaderState
2019-10-25 11:00:59,635 [c661ec13-19db-400c-b7a5-525d9c97029d@group-56BF710DA6C1-LeaderElection40] INFO  segmented.SegmentedRaftLogWorker (SegmentedRaftLogWorker.java:startLogSegment(385)) - c661ec13-19db-400c-b7a5-525d9c97029d@group-56BF710DA6C1-SegmentedRaftLogWorker: Starting segment from index:0
2019-10-25 11:00:59,635 [c661ec13-19db-400c-b7a5-525d9c97029d@group-56BF710DA6C1-LeaderElection40] INFO  impl.RaftServerImpl (ServerState.java:setRaftConf(357)) - c661ec13-19db-400c-b7a5-525d9c97029d@group-56BF710DA6C1: set configuration 0: [c661ec13-19db-400c-b7a5-525d9c97029d:192.168.157.233:33523], old=null at 0
2019-10-25 11:00:59,636 [grpc-default-executor-0] INFO  impl.RaftServerImpl (RaftServerImpl.java:setRole(184)) - ef252736-79c5-4662-a0c7-91e85b60cae7@group-75E956CAE081: changes role from  FOLLOWER to FOLLOWER at term 32 for recognizeCandidate:c661ec13-19db-400c-b7a5-525d9c97029d
2019-10-25 11:00:59,636 [grpc-default-executor-7] INFO  impl.RaftServerImpl (RaftServerImpl.java:setRole(184)) - 98a94502-2c87-40a7-b3de-b58821969ff5@group-75E956CAE081: changes role from  FOLLOWER to FOLLOWER at term 32 for recognizeCandidate:c661ec13-19db-400c-b7a5-525d9c97029d
2019-10-25 11:00:59,636 [grpc-default-executor-0] INFO  impl.RoleInfo (RoleInfo.java:shutdownFollowerState(121)) - ef252736-79c5-4662-a0c7-91e85b60cae7: shutdown FollowerState
2019-10-25 11:00:59,636 [grpc-default-executor-7] INFO  impl.RoleInfo (RoleInfo.java:shutdownFollowerState(121)) - 98a94502-2c87-40a7-b3de-b58821969ff5: shutdown FollowerState
2019-10-25 11:00:59,636 [grpc-default-executor-0] INFO  impl.RoleInfo (RoleInfo.java:updateAndGet(143)) - ef252736-79c5-4662-a0c7-91e85b60cae7: start FollowerState
2019-10-25 11:00:59,636 [Thread-778] INFO  impl.FollowerState (FollowerState.java:run(117)) - ef252736-79c5-4662-a0c7-91e85b60cae7@group-75E956CAE081-FollowerState was interrupted: java.lang.InterruptedException: sleep interrupted
2019-10-25 11:00:59,637 [Thread-777] INFO  impl.FollowerState (FollowerState.java:run(117)) - 98a94502-2c87-40a7-b3de-b58821969ff5@group-75E956CAE081-FollowerState was interrupted: java.lang.InterruptedException: sleep interrupted
2019-10-25 11:00:59,637 [grpc-default-executor-7] INFO  impl.RoleInfo (RoleInfo.java:updateAndGet(143)) - 98a94502-2c87-40a7-b3de-b58821969ff5: start FollowerState
2019-10-25 11:00:59,655 [c661ec13-19db-400c-b7a5-525d9c97029d@group-75E956CAE081-LeaderElection41] INFO  impl.LeaderElection (LeaderElection.java:logAndReturn(56)) - c661ec13-19db-400c-b7a5-525d9c97029d@group-75E956CAE081-LeaderElection41: Election REJECTED; received 2 response(s) [c661ec13-19db-400c-b7a5-525d9c97029d<-98a94502-2c87-40a7-b3de-b58821969ff5#0:FAIL-t32, c661ec13-19db-400c-b7a5-525d9c97029d<-ef252736-79c5-4662-a0c7-91e85b60cae7#0:FAIL-t32] and 0 exception(s); c661ec13-19db-400c-b7a5-525d9c97029d@group-75E956CAE081:t32, leader=null, voted=c661ec13-19db-400c-b7a5-525d9c97029d, raftlog=c661ec13-19db-400c-b7a5-525d9c97029d@group-75E956CAE081-SegmentedRaftLog:OPENED:c3,f4,i4, conf=0: [98a94502-2c87-40a7-b3de-b58821969ff5:192.168.157.233:45458, ef252736-79c5-4662-a0c7-91e85b60cae7:192.168.157.233:36823, c661ec13-19db-400c-b7a5-525d9c97029d:192.168.157.233:33523], old=null
2019-10-25 11:00:59,655 [c661ec13-19db-400c-b7a5-525d9c97029d@group-75E956CAE081-LeaderElection41] INFO  impl.RaftServerImpl (RaftServerImpl.java:setRole(184)) - c661ec13-19db-400c-b7a5-525d9c97029d@group-75E956CAE081: changes role from CANDIDATE to FOLLOWER at term 32 for DISCOVERED_A_NEW_TERM
2019-10-25 11:00:59,655 [c661ec13-19db-400c-b7a5-525d9c97029d@group-75E956CAE081-LeaderElection41] INFO  impl.RoleInfo (RoleInfo.java:shutdownLeaderElection(134)) - c661ec13-19db-400c-b7a5-525d9c97029d: shutdown LeaderElection
2019-10-25 11:00:59,656 [c661ec13-19db-400c-b7a5-525d9c97029d@group-75E956CAE081-LeaderElection41] INFO  impl.RoleInfo (RoleInfo.java:updateAndGet(143)) - c661ec13-19db-400c-b7a5-525d9c97029d: start FollowerState
2019-10-25 11:00:59,680 [c661ec13-19db-400c-b7a5-525d9c97029d@group-56BF710DA6C1-SegmentedRaftLogWorker] INFO  segmented.SegmentedRaftLogWorker (SegmentedRaftLogWorker.java:execute(576)) - c661ec13-19db-400c-b7a5-525d9c97029d@group-56BF710DA6C1-SegmentedRaftLogWorker: created new log segment /workdir/hadoop-ozone/integration-test/target/test-dir/MiniOzoneClusterImpl-6ab75f42-d005-46c3-b20f-f10c1b9a2e9f/datanode-1/data/ratis/18506481-62dd-4db5-996c-56bf710da6c1/current/log_inprogress_0
2019-10-25 11:00:59,691 [Thread-803] INFO  impl.FollowerState (FollowerState.java:run(108)) - c661ec13-19db-400c-b7a5-525d9c97029d@group-75E956CAE081-FollowerState: change to CANDIDATE, lastRpcTime:35ms, electionTimeout:35ms
2019-10-25 11:00:59,691 [Thread-803] INFO  impl.RoleInfo (RoleInfo.java:shutdownFollowerState(121)) - c661ec13-19db-400c-b7a5-525d9c97029d: shutdown FollowerState
2019-10-25 11:00:59,691 [Thread-803] INFO  impl.RaftServerImpl (RaftServerImpl.java:setRole(184)) - c661ec13-19db-400c-b7a5-525d9c97029d@group-75E956CAE081: changes role from  FOLLOWER to CANDIDATE at term 32 for changeToCandidate
2019-10-25 11:00:59,691 [Thread-803] INFO  impl.RoleInfo (RoleInfo.java:updateAndGet(143)) - c661ec13-19db-400c-b7a5-525d9c97029d: start LeaderElection
2019-10-25 11:00:59,704 [c661ec13-19db-400c-b7a5-525d9c97029d@group-75E956CAE081-LeaderElection42] INFO  impl.LeaderElection (LeaderElection.java:askForVotes(178)) - c661ec13-19db-400c-b7a5-525d9c97029d@group-75E956CAE081-LeaderElection42: begin an election at term 33 for 0: [98a94502-2c87-40a7-b3de-b58821969ff5:192.168.157.233:45458, ef252736-79c5-4662-a0c7-91e85b60cae7:192.168.157.233:36823, c661ec13-19db-400c-b7a5-525d9c97029d:192.168.157.233:33523], old=null
2019-10-25 11:00:59,707 [grpc-default-executor-0] INFO  impl.RaftServerImpl (RaftServerImpl.java:setRole(184)) - ef252736-79c5-4662-a0c7-91e85b60cae7@group-75E956CAE081: changes role from  FOLLOWER to FOLLOWER at term 33 for recognizeCandidate:c661ec13-19db-400c-b7a5-525d9c97029d
2019-10-25 11:00:59,707 [grpc-default-executor-7] INFO  impl.RaftServerImpl (RaftServerImpl.java:setRole(184)) - 98a94502-2c87-40a7-b3de-b58821969ff5@group-75E956CAE081: changes role from  FOLLOWER to FOLLOWER at term 33 for recognizeCandidate:c661ec13-19db-400c-b7a5-525d9c97029d
2019-10-25 11:00:59,707 [grpc-default-executor-0] INFO  impl.RoleInfo (RoleInfo.java:shutdownFollowerState(121)) - ef252736-79c5-4662-a0c7-91e85b60cae7: shutdown FollowerState
2019-10-25 11:00:59,707 [grpc-default-executor-7] INFO  impl.RoleInfo (RoleInfo.java:shutdownFollowerState(121)) - 98a94502-2c87-40a7-b3de-b58821969ff5: shutdown FollowerState
2019-10-25 11:00:59,707 [grpc-default-executor-0] INFO  impl.RoleInfo (RoleInfo.java:updateAndGet(143)) - ef252736-79c5-4662-a0c7-91e85b60cae7: start FollowerState
2019-10-25 11:00:59,708 [Thread-802] INFO  impl.FollowerState (FollowerState.java:run(117)) - 98a94502-2c87-40a7-b3de-b58821969ff5@group-75E956CAE081-FollowerState was interrupted: java.lang.InterruptedException: sleep interrupted
2019-10-25 11:00:59,708 [grpc-default-executor-7] INFO  impl.RoleInfo (RoleInfo.java:updateAndGet(143)) - 98a94502-2c87-40a7-b3de-b58821969ff5: start FollowerState
2019-10-25 11:00:59,708 [Thread-801] INFO  impl.FollowerState (FollowerState.java:run(117)) - ef252736-79c5-4662-a0c7-91e85b60cae7@group-75E956CAE081-FollowerState was interrupted: java.lang.InterruptedException: sleep interrupted
2019-10-25 11:00:59,722 [c661ec13-19db-400c-b7a5-525d9c97029d@group-75E956CAE081-LeaderElection42] INFO  impl.LeaderElection (LeaderElection.java:logAndReturn(56)) - c661ec13-19db-400c-b7a5-525d9c97029d@group-75E956CAE081-LeaderElection42: Election REJECTED; received 2 response(s) [c661ec13-19db-400c-b7a5-525d9c97029d<-98a94502-2c87-40a7-b3de-b58821969ff5#0:FAIL-t33, c661ec13-19db-400c-b7a5-525d9c97029d<-ef252736-79c5-4662-a0c7-91e85b60cae7#0:FAIL-t33] and 0 exception(s); c661ec13-19db-400c-b7a5-525d9c97029d@group-75E956CAE081:t33, leader=null, voted=c661ec13-19db-400c-b7a5-525d9c97029d, raftlog=c661ec13-19db-400c-b7a5-525d9c97029d@group-75E956CAE081-SegmentedRaftLog:OPENED:c3,f4,i4, conf=0: [98a94502-2c87-40a7-b3de-b58821969ff5:192.168.157.233:45458, ef252736-79c5-4662-a0c7-91e85b60cae7:192.168.157.233:36823, c661ec13-19db-400c-b7a5-525d9c97029d:192.168.157.233:33523], old=null
2019-10-25 11:00:59,723 [c661ec13-19db-400c-b7a5-525d9c97029d@group-75E956CAE081-LeaderElection42] INFO  impl.RaftServerImpl (RaftServerImpl.java:setRole(184)) - c661ec13-19db-400c-b7a5-525d9c97029d@group-75E956CAE081: changes role from CANDIDATE to FOLLOWER at term 33 for DISCOVERED_A_NEW_TERM
2019-10-25 11:00:59,723 [c661ec13-19db-400c-b7a5-525d9c97029d@group-75E956CAE081-LeaderElection42] INFO  impl.RoleInfo (RoleInfo.java:shutdownLeaderElection(134)) - c661ec13-19db-400c-b7a5-525d9c97029d: shutdown LeaderElection
2019-10-25 11:00:59,723 [c661ec13-19db-400c-b7a5-525d9c97029d@group-75E956CAE081-LeaderElection42] INFO  impl.RoleInfo (RoleInfo.java:updateAndGet(143)) - c661ec13-19db-400c-b7a5-525d9c97029d: start FollowerState
2019-10-25 11:00:59,761 [EventQueue-PendingDeleteStatusForPendingDeleteHandler] INFO  block.SCMBlockDeletingService (SCMBlockDeletingService.java:handlePendingDeletes(115)) - Block deletion txnID mismatch in datanode c661ec13-19db-400c-b7a5-525d9c97029d for containerID 1. Datanode delete txnID: 0, SCM txnID: 1
2019-10-25 11:00:59,793 [Thread-809] INFO  impl.FollowerState (FollowerState.java:run(108)) - c661ec13-19db-400c-b7a5-525d9c97029d@group-75E956CAE081-FollowerState: change to CANDIDATE, lastRpcTime:70ms, electionTimeout:70ms
2019-10-25 11:00:59,793 [Thread-809] INFO  impl.RoleInfo (RoleInfo.java:shutdownFollowerState(121)) - c661ec13-19db-400c-b7a5-525d9c97029d: shutdown FollowerState
2019-10-25 11:00:59,794 [Thread-809] INFO  impl.RaftServerImpl (RaftServerImpl.java:setRole(184)) - c661ec13-19db-400c-b7a5-525d9c97029d@group-75E956CAE081: changes role from  FOLLOWER to CANDIDATE at term 33 for changeToCandidate
2019-10-25 11:00:59,794 [Thread-809] INFO  impl.RoleInfo (RoleInfo.java:updateAndGet(143)) - c661ec13-19db-400c-b7a5-525d9c97029d: start LeaderElection
2019-10-25 11:00:59,807 [c661ec13-19db-400c-b7a5-525d9c97029d@group-75E956CAE081-LeaderElection43] INFO  impl.LeaderElection (LeaderElection.java:askForVotes(178)) - c661ec13-19db-400c-b7a5-525d9c97029d@group-75E956CAE081-LeaderElection43: begin an election at term 34 for 0: [98a94502-2c87-40a7-b3de-b58821969ff5:192.168.157.233:45458, ef252736-79c5-4662-a0c7-91e85b60cae7:192.168.157.233:36823, c661ec13-19db-400c-b7a5-525d9c97029d:192.168.157.233:33523], old=null
2019-10-25 11:00:59,810 [grpc-default-executor-7] INFO  impl.RaftServerImpl (RaftServerImpl.java:setRole(184)) - 98a94502-2c87-40a7-b3de-b58821969ff5@group-75E956CAE081: changes role from  FOLLOWER to FOLLOWER at term 34 for recognizeCandidate:c661ec13-19db-400c-b7a5-525d9c97029d
2019-10-25 11:00:59,810 [grpc-default-executor-0] INFO  impl.RaftServerImpl (RaftServerImpl.java:setRole(184)) - ef252736-79c5-4662-a0c7-91e85b60cae7@group-75E956CAE081: changes role from  FOLLOWER to FOLLOWER at term 34 for recognizeCandidate:c661ec13-19db-400c-b7a5-525d9c97029d
2019-10-25 11:00:59,810 [grpc-default-executor-7] INFO  impl.RoleInfo (RoleInfo.java:shutdownFollowerState(121)) - 98a94502-2c87-40a7-b3de-b58821969ff5: shutdown FollowerState
2019-10-25 11:00:59,810 [grpc-default-executor-0] INFO  impl.RoleInfo (RoleInfo.java:shutdownFollowerState(121)) - ef252736-79c5-4662-a0c7-91e85b60cae7: shutdown FollowerState
2019-10-25 11:00:59,810 [grpc-default-executor-7] INFO  impl.RoleInfo (RoleInfo.java:updateAndGet(143)) - 98a94502-2c87-40a7-b3de-b58821969ff5: start FollowerState
2019-10-25 11:00:59,810 [Thread-808] INFO  impl.FollowerState (FollowerState.java:run(117)) - 98a94502-2c87-40a7-b3de-b58821969ff5@group-75E956CAE081-FollowerState was interrupted: java.lang.InterruptedException: sleep interrupted
2019-10-25 11:00:59,810 [Thread-807] INFO  impl.FollowerState (FollowerState.java:run(117)) - ef252736-79c5-4662-a0c7-91e85b60cae7@group-75E956CAE081-FollowerState was interrupted: java.lang.InterruptedException: sleep interrupted
2019-10-25 11:00:59,810 [grpc-default-executor-0] INFO  impl.RoleInfo (RoleInfo.java:updateAndGet(143)) - ef252736-79c5-4662-a0c7-91e85b60cae7: start FollowerState
2019-10-25 11:00:59,815 [c661ec13-19db-400c-b7a5-525d9c97029d@group-75E956CAE081-LeaderElection43] INFO  impl.LeaderElection (LeaderElection.java:logAndReturn(56)) - c661ec13-19db-400c-b7a5-525d9c97029d@group-75E956CAE081-LeaderElection43: Election REJECTED; received 2 response(s) [c661ec13-19db-400c-b7a5-525d9c97029d<-98a94502-2c87-40a7-b3de-b58821969ff5#0:FAIL-t34, c661ec13-19db-400c-b7a5-525d9c97029d<-ef252736-79c5-4662-a0c7-91e85b60cae7#0:FAIL-t34] and 0 exception(s); c661ec13-19db-400c-b7a5-525d9c97029d@group-75E956CAE081:t34, leader=null, voted=c661ec13-19db-400c-b7a5-525d9c97029d, raftlog=c661ec13-19db-400c-b7a5-525d9c97029d@group-75E956CAE081-SegmentedRaftLog:OPENED:c3,f4,i4, conf=0: [98a94502-2c87-40a7-b3de-b58821969ff5:192.168.157.233:45458, ef252736-79c5-4662-a0c7-91e85b60cae7:192.168.157.233:36823, c661ec13-19db-400c-b7a5-525d9c97029d:192.168.157.233:33523], old=null
2019-10-25 11:00:59,815 [c661ec13-19db-400c-b7a5-525d9c97029d@group-75E956CAE081-LeaderElection43] INFO  impl.RaftServerImpl (RaftServerImpl.java:setRole(184)) - c661ec13-19db-400c-b7a5-525d9c97029d@group-75E956CAE081: changes role from CANDIDATE to FOLLOWER at term 34 for DISCOVERED_A_NEW_TERM
2019-10-25 11:00:59,815 [c661ec13-19db-400c-b7a5-525d9c97029d@group-75E956CAE081-LeaderElection43] INFO  impl.RoleInfo (RoleInfo.java:shutdownLeaderElection(134)) - c661ec13-19db-400c-b7a5-525d9c97029d: shutdown LeaderElection
2019-10-25 11:00:59,815 [c661ec13-19db-400c-b7a5-525d9c97029d@group-75E956CAE081-LeaderElection43] INFO  impl.RoleInfo (RoleInfo.java:updateAndGet(143)) - c661ec13-19db-400c-b7a5-525d9c97029d: start FollowerState
2019-10-25 11:00:59,874 [Thread-815] INFO  impl.FollowerState (FollowerState.java:run(108)) - c661ec13-19db-400c-b7a5-525d9c97029d@group-75E956CAE081-FollowerState: change to CANDIDATE, lastRpcTime:59ms, electionTimeout:59ms
2019-10-25 11:00:59,875 [Thread-815] INFO  impl.RoleInfo (RoleInfo.java:shutdownFollowerState(121)) - c661ec13-19db-400c-b7a5-525d9c97029d: shutdown FollowerState
2019-10-25 11:00:59,875 [Thread-815] INFO  impl.RaftServerImpl (RaftServerImpl.java:setRole(184)) - c661ec13-19db-400c-b7a5-525d9c97029d@group-75E956CAE081: changes role from  FOLLOWER to CANDIDATE at term 34 for changeToCandidate
2019-10-25 11:00:59,875 [Thread-815] INFO  impl.RoleInfo (RoleInfo.java:updateAndGet(143)) - c661ec13-19db-400c-b7a5-525d9c97029d: start LeaderElection
2019-10-25 11:00:59,887 [c661ec13-19db-400c-b7a5-525d9c97029d@group-75E956CAE081-LeaderElection44] INFO  impl.LeaderElection (LeaderElection.java:askForVotes(178)) - c661ec13-19db-400c-b7a5-525d9c97029d@group-75E956CAE081-LeaderElection44: begin an election at term 35 for 0: [98a94502-2c87-40a7-b3de-b58821969ff5:192.168.157.233:45458, ef252736-79c5-4662-a0c7-91e85b60cae7:192.168.157.233:36823, c661ec13-19db-400c-b7a5-525d9c97029d:192.168.157.233:33523], old=null
2019-10-25 11:00:59,890 [grpc-default-executor-0] INFO  impl.RaftServerImpl (RaftServerImpl.java:setRole(184)) - 98a94502-2c87-40a7-b3de-b58821969ff5@group-75E956CAE081: changes role from  FOLLOWER to FOLLOWER at term 35 for recognizeCandidate:c661ec13-19db-400c-b7a5-525d9c97029d
2019-10-25 11:00:59,890 [grpc-default-executor-0] INFO  impl.RoleInfo (RoleInfo.java:shutdownFollowerState(121)) - 98a94502-2c87-40a7-b3de-b58821969ff5: shutdown FollowerState
2019-10-25 11:00:59,890 [grpc-default-executor-0] INFO  impl.RoleInfo (RoleInfo.java:updateAndGet(143)) - 98a94502-2c87-40a7-b3de-b58821969ff5: start FollowerState
2019-10-25 11:00:59,890 [Thread-813] INFO  impl.FollowerState (FollowerState.java:run(117)) - 98a94502-2c87-40a7-b3de-b58821969ff5@group-75E956CAE081-FollowerState was interrupted: java.lang.InterruptedException: sleep interrupted
2019-10-25 11:00:59,890 [grpc-default-executor-7] INFO  impl.RaftServerImpl (RaftServerImpl.java:setRole(184)) - ef252736-79c5-4662-a0c7-91e85b60cae7@group-75E956CAE081: changes role from  FOLLOWER to FOLLOWER at term 35 for recognizeCandidate:c661ec13-19db-400c-b7a5-525d9c97029d
2019-10-25 11:00:59,891 [grpc-default-executor-7] INFO  impl.RoleInfo (RoleInfo.java:shutdownFollowerState(121)) - ef252736-79c5-4662-a0c7-91e85b60cae7: shutdown FollowerState
2019-10-25 11:00:59,891 [grpc-default-executor-7] INFO  impl.RoleInfo (RoleInfo.java:updateAndGet(143)) - ef252736-79c5-4662-a0c7-91e85b60cae7: start FollowerState
2019-10-25 11:00:59,891 [Thread-814] INFO  impl.FollowerState (FollowerState.java:run(117)) - ef252736-79c5-4662-a0c7-91e85b60cae7@group-75E956CAE081-FollowerState was interrupted: java.lang.InterruptedException: sleep interrupted
2019-10-25 11:00:59,912 [c661ec13-19db-400c-b7a5-525d9c97029d@group-75E956CAE081-LeaderElection44] INFO  impl.LeaderElection (LeaderElection.java:logAndReturn(56)) - c661ec13-19db-400c-b7a5-525d9c97029d@group-75E956CAE081-LeaderElection44: Election REJECTED; received 2 response(s) [c661ec13-19db-400c-b7a5-525d9c97029d<-98a94502-2c87-40a7-b3de-b58821969ff5#0:FAIL-t35, c661ec13-19db-400c-b7a5-525d9c97029d<-ef252736-79c5-4662-a0c7-91e85b60cae7#0:FAIL-t35] and 0 exception(s); c661ec13-19db-400c-b7a5-525d9c97029d@group-75E956CAE081:t35, leader=null, voted=c661ec13-19db-400c-b7a5-525d9c97029d, raftlog=c661ec13-19db-400c-b7a5-525d9c97029d@group-75E956CAE081-SegmentedRaftLog:OPENED:c3,f4,i4, conf=0: [98a94502-2c87-40a7-b3de-b58821969ff5:192.168.157.233:45458, ef252736-79c5-4662-a0c7-91e85b60cae7:192.168.157.233:36823, c661ec13-19db-400c-b7a5-525d9c97029d:192.168.157.233:33523], old=null
2019-10-25 11:00:59,912 [c661ec13-19db-400c-b7a5-525d9c97029d@group-75E956CAE081-LeaderElection44] INFO  impl.RaftServerImpl (RaftServerImpl.java:setRole(184)) - c661ec13-19db-400c-b7a5-525d9c97029d@group-75E956CAE081: changes role from CANDIDATE to FOLLOWER at term 35 for DISCOVERED_A_NEW_TERM
2019-10-25 11:00:59,912 [c661ec13-19db-400c-b7a5-525d9c97029d@group-75E956CAE081-LeaderElection44] INFO  impl.RoleInfo (RoleInfo.java:shutdownLeaderElection(134)) - c661ec13-19db-400c-b7a5-525d9c97029d: shutdown LeaderElection
2019-10-25 11:00:59,912 [c661ec13-19db-400c-b7a5-525d9c97029d@group-75E956CAE081-LeaderElection44] INFO  impl.RoleInfo (RoleInfo.java:updateAndGet(143)) - c661ec13-19db-400c-b7a5-525d9c97029d: start FollowerState
2019-10-25 11:00:59,946 [pool-7-thread-2] INFO  commands.RetriableDatanodeEventWatcher (RetriableDatanodeEventWatcher.java:onTimeout(47)) - RetriableDatanodeCommand type=deleteBlocksCommand with id=1572001251946 timed out. Retrying.
2019-10-25 11:00:59,946 [pool-7-thread-2] INFO  commands.RetriableDatanodeEventWatcher (RetriableDatanodeEventWatcher.java:onTimeout(47)) - RetriableDatanodeCommand type=deleteBlocksCommand with id=1572001251945 timed out. Retrying.
2019-10-25 11:00:59,946 [pool-7-thread-4] INFO  commands.RetriableDatanodeEventWatcher (RetriableDatanodeEventWatcher.java:onTimeout(47)) - RetriableDatanodeCommand type=deleteBlocksCommand with id=1572001251941 timed out. Retrying.
2019-10-25 11:00:59,947 [pool-7-thread-6] INFO  commands.RetriableDatanodeEventWatcher (RetriableDatanodeEventWatcher.java:onTimeout(47)) - RetriableDatanodeCommand type=deleteBlocksCommand with id=1572001251939 timed out. Retrying.
2019-10-25 11:00:59,947 [pool-7-thread-1] INFO  commands.RetriableDatanodeEventWatcher (RetriableDatanodeEventWatcher.java:onTimeout(47)) - RetriableDatanodeCommand type=deleteBlocksCommand with id=1572001251944 timed out. Retrying.
2019-10-25 11:00:59,947 [pool-7-thread-3] INFO  commands.RetriableDatanodeEventWatcher (RetriableDatanodeEventWatcher.java:onTimeout(47)) - RetriableDatanodeCommand type=deleteBlocksCommand with id=1572001251947 timed out. Retrying.
2019-10-25 11:00:59,947 [SCMBlockDeletingService#1] INFO  block.SCMBlockDeletingService (SCMBlockDeletingService.java:call(184)) - Totally added 1 delete blocks command for 1 datanodes, task elapsed time: 1ms
2019-10-25 11:00:59,947 [pool-7-thread-3] INFO  commands.RetriableDatanodeEventWatcher (RetriableDatanodeEventWatcher.java:onTimeout(47)) - RetriableDatanodeCommand type=deleteBlocksCommand with id=1572001251943 timed out. Retrying.
2019-10-25 11:00:59,947 [pool-7-thread-1] INFO  commands.RetriableDatanodeEventWatcher (RetriableDatanodeEventWatcher.java:onTimeout(47)) - RetriableDatanodeCommand type=deleteBlocksCommand with id=1572001251936 timed out. Retrying.
2019-10-25 11:00:59,984 [Thread-821] INFO  impl.FollowerState (FollowerState.java:run(108)) - c661ec13-19db-400c-b7a5-525d9c97029d@group-75E956CAE081-FollowerState: change to CANDIDATE, lastRpcTime:72ms, electionTimeout:72ms
2019-10-25 11:00:59,984 [Thread-821] INFO  impl.RoleInfo (RoleInfo.java:shutdownFollowerState(121)) - c661ec13-19db-400c-b7a5-525d9c97029d: shutdown FollowerState
2019-10-25 11:00:59,984 [Thread-821] INFO  impl.RaftServerImpl (RaftServerImpl.java:setRole(184)) - c661ec13-19db-400c-b7a5-525d9c97029d@group-75E956CAE081: changes role from  FOLLOWER to CANDIDATE at term 35 for changeToCandidate
2019-10-25 11:00:59,985 [Thread-821] INFO  impl.RoleInfo (RoleInfo.java:updateAndGet(143)) - c661ec13-19db-400c-b7a5-525d9c97029d: start LeaderElection
2019-10-25 11:00:59,998 [c661ec13-19db-400c-b7a5-525d9c97029d@group-75E956CAE081-LeaderElection45] INFO  impl.LeaderElection (LeaderElection.java:askForVotes(178)) - c661ec13-19db-400c-b7a5-525d9c97029d@group-75E956CAE081-LeaderElection45: begin an election at term 36 for 0: [98a94502-2c87-40a7-b3de-b58821969ff5:192.168.157.233:45458, ef252736-79c5-4662-a0c7-91e85b60cae7:192.168.157.233:36823, c661ec13-19db-400c-b7a5-525d9c97029d:192.168.157.233:33523], old=null
2019-10-25 11:01:00,001 [grpc-default-executor-0] INFO  impl.RaftServerImpl (RaftServerImpl.java:setRole(184)) - 98a94502-2c87-40a7-b3de-b58821969ff5@group-75E956CAE081: changes role from  FOLLOWER to FOLLOWER at term 36 for recognizeCandidate:c661ec13-19db-400c-b7a5-525d9c97029d
2019-10-25 11:01:00,001 [grpc-default-executor-7] INFO  impl.RaftServerImpl (RaftServerImpl.java:setRole(184)) - ef252736-79c5-4662-a0c7-91e85b60cae7@group-75E956CAE081: changes role from  FOLLOWER to FOLLOWER at term 36 for recognizeCandidate:c661ec13-19db-400c-b7a5-525d9c97029d
2019-10-25 11:01:00,001 [grpc-default-executor-0] INFO  impl.RoleInfo (RoleInfo.java:shutdownFollowerState(121)) - 98a94502-2c87-40a7-b3de-b58821969ff5: shutdown FollowerState
2019-10-25 11:01:00,002 [grpc-default-executor-7] INFO  impl.RoleInfo (RoleInfo.java:shutdownFollowerState(121)) - ef252736-79c5-4662-a0c7-91e85b60cae7: shutdown FollowerState
2019-10-25 11:01:00,002 [Thread-819] INFO  impl.FollowerState (FollowerState.java:run(117)) - 98a94502-2c87-40a7-b3de-b58821969ff5@group-75E956CAE081-FollowerState was interrupted: java.lang.InterruptedException: sleep interrupted
2019-10-25 11:01:00,002 [grpc-default-executor-0] INFO  impl.RoleInfo (RoleInfo.java:updateAndGet(143)) - 98a94502-2c87-40a7-b3de-b58821969ff5: start FollowerState
2019-10-25 11:01:00,002 [grpc-default-executor-7] INFO  impl.RoleInfo (RoleInfo.java:updateAndGet(143)) - ef252736-79c5-4662-a0c7-91e85b60cae7: start FollowerState
2019-10-25 11:01:00,002 [Thread-820] INFO  impl.FollowerState (FollowerState.java:run(117)) - ef252736-79c5-4662-a0c7-91e85b60cae7@group-75E956CAE081-FollowerState was interrupted: java.lang.InterruptedException: sleep interrupted
2019-10-25 11:01:00,025 [c661ec13-19db-400c-b7a5-525d9c97029d@group-75E956CAE081-LeaderElection45] INFO  impl.LeaderElection (LeaderElection.java:logAndReturn(56)) - c661ec13-19db-400c-b7a5-525d9c97029d@group-75E956CAE081-LeaderElection45: Election REJECTED; received 2 response(s) [c661ec13-19db-400c-b7a5-525d9c97029d<-98a94502-2c87-40a7-b3de-b58821969ff5#0:FAIL-t36, c661ec13-19db-400c-b7a5-525d9c97029d<-ef252736-79c5-4662-a0c7-91e85b60cae7#0:FAIL-t36] and 0 exception(s); c661ec13-19db-400c-b7a5-525d9c97029d@group-75E956CAE081:t36, leader=null, voted=c661ec13-19db-400c-b7a5-525d9c97029d, raftlog=c661ec13-19db-400c-b7a5-525d9c97029d@group-75E956CAE081-SegmentedRaftLog:OPENED:c3,f4,i4, conf=0: [98a94502-2c87-40a7-b3de-b58821969ff5:192.168.157.233:45458, ef252736-79c5-4662-a0c7-91e85b60cae7:192.168.157.233:36823, c661ec13-19db-400c-b7a5-525d9c97029d:192.168.157.233:33523], old=null
2019-10-25 11:01:00,025 [c661ec13-19db-400c-b7a5-525d9c97029d@group-75E956CAE081-LeaderElection45] INFO  impl.RaftServerImpl (RaftServerImpl.java:setRole(184)) - c661ec13-19db-400c-b7a5-525d9c97029d@group-75E956CAE081: changes role from CANDIDATE to FOLLOWER at term 36 for DISCOVERED_A_NEW_TERM
2019-10-25 11:01:00,025 [c661ec13-19db-400c-b7a5-525d9c97029d@group-75E956CAE081-LeaderElection45] INFO  impl.RoleInfo (RoleInfo.java:shutdownLeaderElection(134)) - c661ec13-19db-400c-b7a5-525d9c97029d: shutdown LeaderElection
2019-10-25 11:01:00,025 [c661ec13-19db-400c-b7a5-525d9c97029d@group-75E956CAE081-LeaderElection45] INFO  impl.RoleInfo (RoleInfo.java:updateAndGet(143)) - c661ec13-19db-400c-b7a5-525d9c97029d: start FollowerState
2019-10-25 11:01:00,061 [EventQueue-PendingDeleteStatusForPendingDeleteHandler] INFO  block.SCMBlockDeletingService (SCMBlockDeletingService.java:handlePendingDeletes(115)) - Block deletion txnID mismatch in datanode c661ec13-19db-400c-b7a5-525d9c97029d for containerID 1. Datanode delete txnID: 0, SCM txnID: 1
2019-10-25 11:01:00,119 [Thread-827] INFO  impl.FollowerState (FollowerState.java:run(108)) - c661ec13-19db-400c-b7a5-525d9c97029d@group-75E956CAE081-FollowerState: change to CANDIDATE, lastRpcTime:93ms, electionTimeout:93ms
2019-10-25 11:01:00,119 [Thread-827] INFO  impl.RoleInfo (RoleInfo.java:shutdownFollowerState(121)) - c661ec13-19db-400c-b7a5-525d9c97029d: shutdown FollowerState
2019-10-25 11:01:00,119 [Thread-827] INFO  impl.RaftServerImpl (RaftServerImpl.java:setRole(184)) - c661ec13-19db-400c-b7a5-525d9c97029d@group-75E956CAE081: changes role from  FOLLOWER to CANDIDATE at term 36 for changeToCandidate
2019-10-25 11:01:00,119 [Thread-827] INFO  impl.RoleInfo (RoleInfo.java:updateAndGet(143)) - c661ec13-19db-400c-b7a5-525d9c97029d: start LeaderElection
2019-10-25 11:01:00,134 [c661ec13-19db-400c-b7a5-525d9c97029d@group-75E956CAE081-LeaderElection46] INFO  impl.LeaderElection (LeaderElection.java:askForVotes(178)) - c661ec13-19db-400c-b7a5-525d9c97029d@group-75E956CAE081-LeaderElection46: begin an election at term 37 for 0: [98a94502-2c87-40a7-b3de-b58821969ff5:192.168.157.233:45458, ef252736-79c5-4662-a0c7-91e85b60cae7:192.168.157.233:36823, c661ec13-19db-400c-b7a5-525d9c97029d:192.168.157.233:33523], old=null
2019-10-25 11:01:00,137 [grpc-default-executor-0] INFO  impl.RaftServerImpl (RaftServerImpl.java:setRole(184)) - ef252736-79c5-4662-a0c7-91e85b60cae7@group-75E956CAE081: changes role from  FOLLOWER to FOLLOWER at term 37 for recognizeCandidate:c661ec13-19db-400c-b7a5-525d9c97029d
2019-10-25 11:01:00,137 [grpc-default-executor-7] INFO  impl.RaftServerImpl (RaftServerImpl.java:setRole(184)) - 98a94502-2c87-40a7-b3de-b58821969ff5@group-75E956CAE081: changes role from  FOLLOWER to FOLLOWER at term 37 for recognizeCandidate:c661ec13-19db-400c-b7a5-525d9c97029d
2019-10-25 11:01:00,137 [grpc-default-executor-0] INFO  impl.RoleInfo (RoleInfo.java:shutdownFollowerState(121)) - ef252736-79c5-4662-a0c7-91e85b60cae7: shutdown FollowerState
2019-10-25 11:01:00,138 [grpc-default-executor-7] INFO  impl.RoleInfo (RoleInfo.java:shutdownFollowerState(121)) - 98a94502-2c87-40a7-b3de-b58821969ff5: shutdown FollowerState
2019-10-25 11:01:00,138 [Thread-826] INFO  impl.FollowerState (FollowerState.java:run(117)) - ef252736-79c5-4662-a0c7-91e85b60cae7@group-75E956CAE081-FollowerState was interrupted: java.lang.InterruptedException: sleep interrupted
2019-10-25 11:01:00,138 [grpc-default-executor-0] INFO  impl.RoleInfo (RoleInfo.java:updateAndGet(143)) - ef252736-79c5-4662-a0c7-91e85b60cae7: start FollowerState
2019-10-25 11:01:00,138 [grpc-default-executor-7] INFO  impl.RoleInfo (RoleInfo.java:updateAndGet(143)) - 98a94502-2c87-40a7-b3de-b58821969ff5: start FollowerState
2019-10-25 11:01:00,138 [Thread-825] INFO  impl.FollowerState (FollowerState.java:run(117)) - 98a94502-2c87-40a7-b3de-b58821969ff5@group-75E956CAE081-FollowerState was interrupted: java.lang.InterruptedException: sleep interrupted
2019-10-25 11:01:00,154 [c661ec13-19db-400c-b7a5-525d9c97029d@group-75E956CAE081-LeaderElection46] INFO  impl.LeaderElection (LeaderElection.java:logAndReturn(56)) - c661ec13-19db-400c-b7a5-525d9c97029d@group-75E956CAE081-LeaderElection46: Election REJECTED; received 2 response(s) [c661ec13-19db-400c-b7a5-525d9c97029d<-98a94502-2c87-40a7-b3de-b58821969ff5#0:FAIL-t37, c661ec13-19db-400c-b7a5-525d9c97029d<-ef252736-79c5-4662-a0c7-91e85b60cae7#0:FAIL-t37] and 0 exception(s); c661ec13-19db-400c-b7a5-525d9c97029d@group-75E956CAE081:t37, leader=null, voted=c661ec13-19db-400c-b7a5-525d9c97029d, raftlog=c661ec13-19db-400c-b7a5-525d9c97029d@group-75E956CAE081-SegmentedRaftLog:OPENED:c3,f4,i4, conf=0: [98a94502-2c87-40a7-b3de-b58821969ff5:192.168.157.233:45458, ef252736-79c5-4662-a0c7-91e85b60cae7:192.168.157.233:36823, c661ec13-19db-400c-b7a5-525d9c97029d:192.168.157.233:33523], old=null
2019-10-25 11:01:00,155 [c661ec13-19db-400c-b7a5-525d9c97029d@group-75E956CAE081-LeaderElection46] INFO  impl.RaftServerImpl (RaftServerImpl.java:setRole(184)) - c661ec13-19db-400c-b7a5-525d9c97029d@group-75E956CAE081: changes role from CANDIDATE to FOLLOWER at term 37 for DISCOVERED_A_NEW_TERM
2019-10-25 11:01:00,155 [c661ec13-19db-400c-b7a5-525d9c97029d@group-75E956CAE081-LeaderElection46] INFO  impl.RoleInfo (RoleInfo.java:shutdownLeaderElection(134)) - c661ec13-19db-400c-b7a5-525d9c97029d: shutdown LeaderElection
2019-10-25 11:01:00,155 [c661ec13-19db-400c-b7a5-525d9c97029d@group-75E956CAE081-LeaderElection46] INFO  impl.RoleInfo (RoleInfo.java:updateAndGet(143)) - c661ec13-19db-400c-b7a5-525d9c97029d: start FollowerState
2019-10-25 11:01:00,279 [Command processor thread] INFO  commandhandler.DeleteBlocksCommandHandler (DeleteBlocksCommandHandler.java:handle(106)) - Start to delete container blocks, TXIDs=[1(0)], numOfContainers=1, numOfBlocks=1
2019-10-25 11:01:00,279 [Command processor thread] INFO  commandhandler.DeleteBlocksCommandHandler (DeleteBlocksCommandHandler.java:handle(106)) - Start to delete container blocks, TXIDs=[1(2)], numOfContainers=1, numOfBlocks=1
2019-10-25 11:01:00,279 [Command processor thread] INFO  commandhandler.DeleteBlocksCommandHandler (DeleteBlocksCommandHandler.java:handle(106)) - Start to delete container blocks, TXIDs=[1(0)], numOfContainers=1, numOfBlocks=1
2019-10-25 11:01:00,280 [Command processor thread] INFO  commandhandler.DeleteBlocksCommandHandler (DeleteBlocksCommandHandler.java:handle(106)) - Start to delete container blocks, TXIDs=[1(0)], numOfContainers=1, numOfBlocks=1
2019-10-25 11:01:00,280 [Command processor thread] INFO  commandhandler.DeleteBlocksCommandHandler (DeleteBlocksCommandHandler.java:handle(106)) - Start to delete container blocks, TXIDs=[1(4)], numOfContainers=1, numOfBlocks=1
2019-10-25 11:01:00,280 [Command processor thread] INFO  commandhandler.DeleteBlocksCommandHandler (DeleteBlocksCommandHandler.java:handle(106)) - Start to delete container blocks, TXIDs=[1(2)], numOfContainers=1, numOfBlocks=1
2019-10-25 11:01:00,280 [Command processor thread] INFO  commandhandler.DeleteBlocksCommandHandler (DeleteBlocksCommandHandler.java:handle(106)) - Start to delete container blocks, TXIDs=[1(0)], numOfContainers=1, numOfBlocks=1
2019-10-25 11:01:00,281 [Command processor thread] INFO  commandhandler.DeleteBlocksCommandHandler (DeleteBlocksCommandHandler.java:handle(106)) - Start to delete container blocks, TXIDs=[1(4)], numOfContainers=1, numOfBlocks=1
2019-10-25 11:01:00,281 [Command processor thread] INFO  commandhandler.DeleteBlocksCommandHandler (DeleteBlocksCommandHandler.java:handle(106)) - Start to delete container blocks, TXIDs=[1(2)], numOfContainers=1, numOfBlocks=1
2019-10-25 11:01:00,281 [Command processor thread] INFO  commandhandler.DeleteBlocksCommandHandler (DeleteBlocksCommandHandler.java:handle(106)) - Start to delete container blocks, TXIDs=[1(7)], numOfContainers=1, numOfBlocks=1
2019-10-25 11:01:00,281 [Command processor thread] INFO  commandhandler.DeleteBlocksCommandHandler (DeleteBlocksCommandHandler.java:handle(106)) - Start to delete container blocks, TXIDs=[1(4)], numOfContainers=1, numOfBlocks=1
2019-10-25 11:01:00,282 [Command processor thread] INFO  commandhandler.DeleteBlocksCommandHandler (DeleteBlocksCommandHandler.java:handle(106)) - Start to delete container blocks, TXIDs=[1(7)], numOfContainers=1, numOfBlocks=1
2019-10-25 11:01:00,282 [Command processor thread] INFO  commandhandler.DeleteBlocksCommandHandler (DeleteBlocksCommandHandler.java:handle(106)) - Start to delete container blocks, TXIDs=[1(0)], numOfContainers=1, numOfBlocks=1
2019-10-25 11:01:00,282 [Command processor thread] INFO  commandhandler.DeleteBlocksCommandHandler (DeleteBlocksCommandHandler.java:handle(106)) - Start to delete container blocks, TXIDs=[1(7)], numOfContainers=1, numOfBlocks=1
2019-10-25 11:01:00,282 [Command processor thread] INFO  commandhandler.DeleteBlocksCommandHandler (DeleteBlocksCommandHandler.java:handle(106)) - Start to delete container blocks, TXIDs=[1(2)], numOfContainers=1, numOfBlocks=1
2019-10-25 11:01:00,283 [Command processor thread] INFO  commandhandler.DeleteBlocksCommandHandler (DeleteBlocksCommandHandler.java:handle(106)) - Start to delete container blocks, TXIDs=[1(4)], numOfContainers=1, numOfBlocks=1
2019-10-25 11:01:00,283 [Command processor thread] INFO  commandhandler.DeleteBlocksCommandHandler (DeleteBlocksCommandHandler.java:handle(106)) - Start to delete container blocks, TXIDs=[1(0)], numOfContainers=1, numOfBlocks=1
2019-10-25 11:01:00,283 [Command processor thread] INFO  commandhandler.DeleteBlocksCommandHandler (DeleteBlocksCommandHandler.java:handle(106)) - Start to delete container blocks, TXIDs=[1(7)], numOfContainers=1, numOfBlocks=1
2019-10-25 11:01:00,283 [Command processor thread] INFO  commandhandler.DeleteBlocksCommandHandler (DeleteBlocksCommandHandler.java:handle(106)) - Start to delete container blocks, TXIDs=[1(7)], numOfContainers=1, numOfBlocks=1
2019-10-25 11:01:00,283 [Command processor thread] INFO  commandhandler.DeleteBlocksCommandHandler (DeleteBlocksCommandHandler.java:handle(106)) - Start to delete container blocks, TXIDs=[1(7)], numOfContainers=1, numOfBlocks=1
2019-10-25 11:01:00,284 [Command processor thread] INFO  commandhandler.DeleteBlocksCommandHandler (DeleteBlocksCommandHandler.java:handle(106)) - Start to delete container blocks, TXIDs=[1(2)], numOfContainers=1, numOfBlocks=1
2019-10-25 11:01:00,284 [Command processor thread] INFO  commandhandler.DeleteBlocksCommandHandler (DeleteBlocksCommandHandler.java:handle(106)) - Start to delete container blocks, TXIDs=[1(7)], numOfContainers=1, numOfBlocks=1
2019-10-25 11:01:00,284 [Command processor thread] INFO  commandhandler.DeleteBlocksCommandHandler (DeleteBlocksCommandHandler.java:handle(106)) - Start to delete container blocks, TXIDs=[1(7)], numOfContainers=1, numOfBlocks=1
2019-10-25 11:01:00,284 [Command processor thread] INFO  commandhandler.DeleteBlocksCommandHandler (DeleteBlocksCommandHandler.java:handle(106)) - Start to delete container blocks, TXIDs=[1(2)], numOfContainers=1, numOfBlocks=1
2019-10-25 11:01:00,285 [Command processor thread] INFO  commandhandler.DeleteBlocksCommandHandler (DeleteBlocksCommandHandler.java:handle(106)) - Start to delete container blocks, TXIDs=[1(4)], numOfContainers=1, numOfBlocks=1
2019-10-25 11:01:00,285 [Command processor thread] INFO  commandhandler.DeleteBlocksCommandHandler (DeleteBlocksCommandHandler.java:handle(106)) - Start to delete container blocks, TXIDs=[1(0)], numOfContainers=1, numOfBlocks=1
2019-10-25 11:01:00,285 [Command processor thread] INFO  commandhandler.DeleteBlocksCommandHandler (DeleteBlocksCommandHandler.java:handle(106)) - Start to delete container blocks, TXIDs=[1(7)], numOfContainers=1, numOfBlocks=1
2019-10-25 11:01:00,285 [Command processor thread] INFO  commandhandler.DeleteBlocksCommandHandler (DeleteBlocksCommandHandler.java:handle(106)) - Start to delete container blocks, TXIDs=[1(7)], numOfContainers=1, numOfBlocks=1
2019-10-25 11:01:00,286 [Command processor thread] INFO  commandhandler.DeleteBlocksCommandHandler (DeleteBlocksCommandHandler.java:handle(106)) - Start to delete container blocks, TXIDs=[1(7)], numOfContainers=1, numOfBlocks=1
2019-10-25 11:01:00,286 [Command processor thread] INFO  commandhandler.DeleteBlocksCommandHandler (DeleteBlocksCommandHandler.java:handle(106)) - Start to delete container blocks, TXIDs=[1(7)], numOfContainers=1, numOfBlocks=1
2019-10-25 11:01:00,286 [Command processor thread] INFO  commandhandler.DeleteBlocksCommandHandler (DeleteBlocksCommandHandler.java:handle(106)) - Start to delete container blocks, TXIDs=[1(2)], numOfContainers=1, numOfBlocks=1
2019-10-25 11:01:00,286 [Command processor thread] INFO  commandhandler.DeleteBlocksCommandHandler (DeleteBlocksCommandHandler.java:handle(106)) - Start to delete container blocks, TXIDs=[1(4)], numOfContainers=1, numOfBlocks=1
2019-10-25 11:01:00,286 [Command processor thread] INFO  commandhandler.DeleteBlocksCommandHandler (DeleteBlocksCommandHandler.java:handle(106)) - Start to delete container blocks, TXIDs=[1(7)], numOfContainers=1, numOfBlocks=1
2019-10-25 11:01:00,287 [Command processor thread] INFO  commandhandler.DeleteBlocksCommandHandler (DeleteBlocksCommandHandler.java:handle(106)) - Start to delete container blocks, TXIDs=[1(7)], numOfContainers=1, numOfBlocks=1
2019-10-25 11:01:00,287 [Command processor thread] INFO  commandhandler.DeleteBlocksCommandHandler (DeleteBlocksCommandHandler.java:handle(106)) - Start to delete container blocks, TXIDs=[1(7)], numOfContainers=1, numOfBlocks=1
2019-10-25 11:01:00,287 [Command processor thread] INFO  commandhandler.DeleteBlocksCommandHandler (DeleteBlocksCommandHandler.java:handle(106)) - Start to delete container blocks, TXIDs=[1(0)], numOfContainers=1, numOfBlocks=1
2019-10-25 11:01:00,287 [Command processor thread] INFO  commandhandler.DeleteBlocksCommandHandler (DeleteBlocksCommandHandler.java:handle(106)) - Start to delete container blocks, TXIDs=[1(7)], numOfContainers=1, numOfBlocks=1
2019-10-25 11:01:00,288 [Command processor thread] INFO  commandhandler.DeleteBlocksCommandHandler (DeleteBlocksCommandHandler.java:handle(106)) - Start to delete container blocks, TXIDs=[1(7)], numOfContainers=1, numOfBlocks=1
2019-10-25 11:01:00,288 [Command processor thread] INFO  commandhandler.DeleteBlocksCommandHandler (DeleteBlocksCommandHandler.java:handle(106)) - Start to delete container blocks, TXIDs=[1(4)], numOfContainers=1, numOfBlocks=1
2019-10-25 11:01:00,288 [Command processor thread] INFO  commandhandler.DeleteBlocksCommandHandler (DeleteBlocksCommandHandler.java:handle(106)) - Start to delete container blocks, TXIDs=[1(43)], numOfContainers=1, numOfBlocks=1
2019-10-25 11:01:00,288 [Command processor thread] INFO  commandhandler.DeleteBlocksCommandHandler (DeleteBlocksCommandHandler.java:handle(106)) - Start to delete container blocks, TXIDs=[1(2)], numOfContainers=1, numOfBlocks=1
2019-10-25 11:01:00,288 [Command processor thread] INFO  commandhandler.DeleteBlocksCommandHandler (DeleteBlocksCommandHandler.java:handle(106)) - Start to delete container blocks, TXIDs=[1(7)], numOfContainers=1, numOfBlocks=1
2019-10-25 11:01:00,289 [Command processor thread] INFO  commandhandler.DeleteBlocksCommandHandler (DeleteBlocksCommandHandler.java:handle(106)) - Start to delete container blocks, TXIDs=[1(7)], numOfContainers=1, numOfBlocks=1
2019-10-25 11:01:00,289 [Command processor thread] INFO  commandhandler.DeleteBlocksCommandHandler (DeleteBlocksCommandHandler.java:handle(106)) - Start to delete container blocks, TXIDs=[1(7)], numOfContainers=1, numOfBlocks=1
2019-10-25 11:01:00,289 [Command processor thread] INFO  commandhandler.DeleteBlocksCommandHandler (DeleteBlocksCommandHandler.java:handle(106)) - Start to delete container blocks, TXIDs=[1(0)], numOfContainers=1, numOfBlocks=1
2019-10-25 11:01:00,317 [Thread-833] INFO  impl.FollowerState (FollowerState.java:run(108)) - c661ec13-19db-400c-b7a5-525d9c97029d@group-75E956CAE081-FollowerState: change to CANDIDATE, lastRpcTime:161ms, electionTimeout:161ms
2019-10-25 11:01:00,317 [Thread-833] INFO  impl.RoleInfo (RoleInfo.java:shutdownFollowerState(121)) - c661ec13-19db-400c-b7a5-525d9c97029d: shutdown FollowerState
2019-10-25 11:01:00,317 [Thread-833] INFO  impl.RaftServerImpl (RaftServerImpl.java:setRole(184)) - c661ec13-19db-400c-b7a5-525d9c97029d@group-75E956CAE081: changes role from  FOLLOWER to CANDIDATE at term 37 for changeToCandidate
2019-10-25 11:01:00,317 [Thread-833] INFO  impl.RoleInfo (RoleInfo.java:updateAndGet(143)) - c661ec13-19db-400c-b7a5-525d9c97029d: start LeaderElection
2019-10-25 11:01:00,331 [c661ec13-19db-400c-b7a5-525d9c97029d@group-75E956CAE081-LeaderElection47] INFO  impl.LeaderElection (LeaderElection.java:askForVotes(178)) - c661ec13-19db-400c-b7a5-525d9c97029d@group-75E956CAE081-LeaderElection47: begin an election at term 38 for 0: [98a94502-2c87-40a7-b3de-b58821969ff5:192.168.157.233:45458, ef252736-79c5-4662-a0c7-91e85b60cae7:192.168.157.233:36823, c661ec13-19db-400c-b7a5-525d9c97029d:192.168.157.233:33523], old=null
2019-10-25 11:01:00,335 [grpc-default-executor-0] INFO  impl.RaftServerImpl (RaftServerImpl.java:setRole(184)) - ef252736-79c5-4662-a0c7-91e85b60cae7@group-75E956CAE081: changes role from  FOLLOWER to FOLLOWER at term 38 for recognizeCandidate:c661ec13-19db-400c-b7a5-525d9c97029d
2019-10-25 11:01:00,335 [grpc-default-executor-7] INFO  impl.RaftServerImpl (RaftServerImpl.java:setRole(184)) - 98a94502-2c87-40a7-b3de-b58821969ff5@group-75E956CAE081: changes role from  FOLLOWER to FOLLOWER at term 38 for recognizeCandidate:c661ec13-19db-400c-b7a5-525d9c97029d
2019-10-25 11:01:00,335 [grpc-default-executor-0] INFO  impl.RoleInfo (RoleInfo.java:shutdownFollowerState(121)) - ef252736-79c5-4662-a0c7-91e85b60cae7: shutdown FollowerState
2019-10-25 11:01:00,335 [grpc-default-executor-7] INFO  impl.RoleInfo (RoleInfo.java:shutdownFollowerState(121)) - 98a94502-2c87-40a7-b3de-b58821969ff5: shutdown FollowerState
2019-10-25 11:01:00,335 [grpc-default-executor-0] INFO  impl.RoleInfo (RoleInfo.java:updateAndGet(143)) - ef252736-79c5-4662-a0c7-91e85b60cae7: start FollowerState
2019-10-25 11:01:00,335 [Thread-831] INFO  impl.FollowerState (FollowerState.java:run(117)) - ef252736-79c5-4662-a0c7-91e85b60cae7@group-75E956CAE081-FollowerState was interrupted: java.lang.InterruptedException: sleep interrupted
2019-10-25 11:01:00,335 [grpc-default-executor-7] INFO  impl.RoleInfo (RoleInfo.java:updateAndGet(143)) - 98a94502-2c87-40a7-b3de-b58821969ff5: start FollowerState
2019-10-25 11:01:00,335 [Thread-832] INFO  impl.FollowerState (FollowerState.java:run(117)) - 98a94502-2c87-40a7-b3de-b58821969ff5@group-75E956CAE081-FollowerState was interrupted: java.lang.InterruptedException: sleep interrupted
2019-10-25 11:01:00,350 [BlockDeletingService#4] WARN  background.BlockDeletingService (BlockDeletingService.java:isDeletionAllowed(187)) - Close Container log Index 6 is not replicated across allthe servers in the pipeline 4b59a773-7942-4ce0-97fc-75e956cae081 as the min replicated index is 4. Deletion is not allowed in this container yet.
2019-10-25 11:01:00,351 [BlockDeletingService#2] WARN  background.BlockDeletingService (BlockDeletingService.java:isDeletionAllowed(187)) - Close Container log Index 6 is not replicated across allthe servers in the pipeline 4b59a773-7942-4ce0-97fc-75e956cae081 as the min replicated index is 4. Deletion is not allowed in this container yet.
2019-10-25 11:01:00,359 [c661ec13-19db-400c-b7a5-525d9c97029d@group-75E956CAE081-LeaderElection47] INFO  impl.LeaderElection (LeaderElection.java:logAndReturn(56)) - c661ec13-19db-400c-b7a5-525d9c97029d@group-75E956CAE081-LeaderElection47: Election REJECTED; received 2 response(s) [c661ec13-19db-400c-b7a5-525d9c97029d<-98a94502-2c87-40a7-b3de-b58821969ff5#0:FAIL-t38, c661ec13-19db-400c-b7a5-525d9c97029d<-ef252736-79c5-4662-a0c7-91e85b60cae7#0:FAIL-t38] and 0 exception(s); c661ec13-19db-400c-b7a5-525d9c97029d@group-75E956CAE081:t38, leader=null, voted=c661ec13-19db-400c-b7a5-525d9c97029d, raftlog=c661ec13-19db-400c-b7a5-525d9c97029d@group-75E956CAE081-SegmentedRaftLog:OPENED:c3,f4,i4, conf=0: [98a94502-2c87-40a7-b3de-b58821969ff5:192.168.157.233:45458, ef252736-79c5-4662-a0c7-91e85b60cae7:192.168.157.233:36823, c661ec13-19db-400c-b7a5-525d9c97029d:192.168.157.233:33523], old=null
2019-10-25 11:01:00,359 [c661ec13-19db-400c-b7a5-525d9c97029d@group-75E956CAE081-LeaderElection47] INFO  impl.RaftServerImpl (RaftServerImpl.java:setRole(184)) - c661ec13-19db-400c-b7a5-525d9c97029d@group-75E956CAE081: changes role from CANDIDATE to FOLLOWER at term 38 for DISCOVERED_A_NEW_TERM
2019-10-25 11:01:00,359 [c661ec13-19db-400c-b7a5-525d9c97029d@group-75E956CAE081-LeaderElection47] INFO  impl.RoleInfo (RoleInfo.java:shutdownLeaderElection(134)) - c661ec13-19db-400c-b7a5-525d9c97029d: shutdown LeaderElection
2019-10-25 11:01:00,359 [c661ec13-19db-400c-b7a5-525d9c97029d@group-75E956CAE081-LeaderElection47] INFO  impl.RoleInfo (RoleInfo.java:updateAndGet(143)) - c661ec13-19db-400c-b7a5-525d9c97029d: start FollowerState
2019-10-25 11:01:00,481 [EventQueue-DeleteBlockStatusForDeletedBlockLogImpl] WARN  block.DeletedBlockLogImpl (DeletedBlockLogImpl.java:commitTransactions(205)) - Transaction txId=1 commit by dnId=c661ec13-19db-400c-b7a5-525d9c97029d for containerID=#1 failed. Corresponding entry not found.
2019-10-25 11:01:00,481 [EventQueue-DeleteBlockStatusForDeletedBlockLogImpl] WARN  block.DeletedBlockLogImpl (DeletedBlockLogImpl.java:commitTransactions(205)) - Transaction txId=1 commit by dnId=c661ec13-19db-400c-b7a5-525d9c97029d for containerID=#1 failed. Corresponding entry not found.
2019-10-25 11:01:00,482 [EventQueue-DeleteBlockStatusForDeletedBlockLogImpl] WARN  block.DeletedBlockLogImpl (DeletedBlockLogImpl.java:commitTransactions(205)) - Transaction txId=1 commit by dnId=c661ec13-19db-400c-b7a5-525d9c97029d for containerID=#1 failed. Corresponding entry not found.
2019-10-25 11:01:00,482 [EventQueue-DeleteBlockStatusForDeletedBlockLogImpl] WARN  block.DeletedBlockLogImpl (DeletedBlockLogImpl.java:commitTransactions(205)) - Transaction txId=1 commit by dnId=c661ec13-19db-400c-b7a5-525d9c97029d for containerID=#1 failed. Corresponding entry not found.
2019-10-25 11:01:00,482 [EventQueue-DeleteBlockStatusForDeletedBlockLogImpl] WARN  block.DeletedBlockLogImpl (DeletedBlockLogImpl.java:commitTransactions(205)) - Transaction txId=1 commit by dnId=c661ec13-19db-400c-b7a5-525d9c97029d for containerID=#1 failed. Corresponding entry not found.
2019-10-25 11:01:00,482 [EventQueue-DeleteBlockStatusForDeletedBlockLogImpl] WARN  block.DeletedBlockLogImpl (DeletedBlockLogImpl.java:commitTransactions(205)) - Transaction txId=1 commit by dnId=c661ec13-19db-400c-b7a5-525d9c97029d for containerID=#1 failed. Corresponding entry not found.
2019-10-25 11:01:00,482 [EventQueue-DeleteBlockStatusForDeletedBlockLogImpl] WARN  block.DeletedBlockLogImpl (DeletedBlockLogImpl.java:commitTransactions(205)) - Transaction txId=1 commit by dnId=c661ec13-19db-400c-b7a5-525d9c97029d for containerID=#1 failed. Corresponding entry not found.
2019-10-25 11:01:00,482 [EventQueue-DeleteBlockStatusForDeletedBlockLogImpl] WARN  block.DeletedBlockLogImpl (DeletedBlockLogImpl.java:commitTransactions(205)) - Transaction txId=1 commit by dnId=c661ec13-19db-400c-b7a5-525d9c97029d for containerID=#1 failed. Corresponding entry not found.
2019-10-25 11:01:00,532 [Thread-844] INFO  client.GrpcClientProtocolService (GrpcClientProtocolService.java:lambda$processClientRequest$0(278)) - Failed RaftClientRequest:client-E2DCCEC0A424->c661ec13-19db-400c-b7a5-525d9c97029d@group-75E956CAE081, cid=10, seq=0, Watch-ALL_COMMITTED(6), Message:<EMPTY>, reply=RaftClientReply:client-E2DCCEC0A424->c661ec13-19db-400c-b7a5-525d9c97029d@group-75E956CAE081, cid=10, FAILED org.apache.ratis.protocol.NotLeaderException: Server c661ec13-19db-400c-b7a5-525d9c97029d@group-75E956CAE081 is not the leader, logIndex=0, commits[c661ec13-19db-400c-b7a5-525d9c97029d:c3]
2019-10-25 11:01:00,542 [Thread-841] INFO  impl.FollowerState (FollowerState.java:run(108)) - c661ec13-19db-400c-b7a5-525d9c97029d@group-75E956CAE081-FollowerState: change to CANDIDATE, lastRpcTime:181ms, electionTimeout:181ms
2019-10-25 11:01:00,542 [Thread-841] INFO  impl.RoleInfo (RoleInfo.java:shutdownFollowerState(121)) - c661ec13-19db-400c-b7a5-525d9c97029d: shutdown FollowerState
2019-10-25 11:01:00,542 [Thread-841] INFO  impl.RaftServerImpl (RaftServerImpl.java:setRole(184)) - c661ec13-19db-400c-b7a5-525d9c97029d@group-75E956CAE081: changes role from  FOLLOWER to CANDIDATE at term 38 for changeToCandidate
2019-10-25 11:01:00,544 [Thread-841] INFO  impl.RoleInfo (RoleInfo.java:updateAndGet(143)) - c661ec13-19db-400c-b7a5-525d9c97029d: start LeaderElection
2019-10-25 11:01:00,570 [c661ec13-19db-400c-b7a5-525d9c97029d@group-75E956CAE081-LeaderElection48] INFO  impl.LeaderElection (LeaderElection.java:askForVotes(178)) - c661ec13-19db-400c-b7a5-525d9c97029d@group-75E956CAE081-LeaderElection48: begin an election at term 39 for 0: [98a94502-2c87-40a7-b3de-b58821969ff5:192.168.157.233:45458, ef252736-79c5-4662-a0c7-91e85b60cae7:192.168.157.233:36823, c661ec13-19db-400c-b7a5-525d9c97029d:192.168.157.233:33523], old=null
2019-10-25 11:01:00,573 [grpc-default-executor-7] INFO  impl.RaftServerImpl (RaftServerImpl.java:setRole(184)) - 98a94502-2c87-40a7-b3de-b58821969ff5@group-75E956CAE081: changes role from  FOLLOWER to FOLLOWER at term 39 for recognizeCandidate:c661ec13-19db-400c-b7a5-525d9c97029d
2019-10-25 11:01:00,573 [grpc-default-executor-7] INFO  impl.RoleInfo (RoleInfo.java:shutdownFollowerState(121)) - 98a94502-2c87-40a7-b3de-b58821969ff5: shutdown FollowerState
2019-10-25 11:01:00,574 [grpc-default-executor-7] INFO  impl.RoleInfo (RoleInfo.java:updateAndGet(143)) - 98a94502-2c87-40a7-b3de-b58821969ff5: start FollowerState
2019-10-25 11:01:00,574 [grpc-default-executor-0] INFO  impl.RaftServerImpl (RaftServerImpl.java:setRole(184)) - ef252736-79c5-4662-a0c7-91e85b60cae7@group-75E956CAE081: changes role from  FOLLOWER to FOLLOWER at term 39 for recognizeCandidate:c661ec13-19db-400c-b7a5-525d9c97029d
2019-10-25 11:01:00,574 [Thread-838] INFO  impl.FollowerState (FollowerState.java:run(117)) - 98a94502-2c87-40a7-b3de-b58821969ff5@group-75E956CAE081-FollowerState was interrupted: java.lang.InterruptedException: sleep interrupted
2019-10-25 11:01:00,574 [grpc-default-executor-0] INFO  impl.RoleInfo (RoleInfo.java:shutdownFollowerState(121)) - ef252736-79c5-4662-a0c7-91e85b60cae7: shutdown FollowerState
2019-10-25 11:01:00,574 [grpc-default-executor-0] INFO  impl.RoleInfo (RoleInfo.java:updateAndGet(143)) - ef252736-79c5-4662-a0c7-91e85b60cae7: start FollowerState
2019-10-25 11:01:00,574 [Thread-837] INFO  impl.FollowerState (FollowerState.java:run(117)) - ef252736-79c5-4662-a0c7-91e85b60cae7@group-75E956CAE081-FollowerState was interrupted: java.lang.InterruptedException: sleep interrupted
2019-10-25 11:01:00,590 [c661ec13-19db-400c-b7a5-525d9c97029d@group-75E956CAE081-LeaderElection48] INFO  impl.LeaderElection (LeaderElection.java:logAndReturn(56)) - c661ec13-19db-400c-b7a5-525d9c97029d@group-75E956CAE081-LeaderElection48: Election REJECTED; received 2 response(s) [c661ec13-19db-400c-b7a5-525d9c97029d<-98a94502-2c87-40a7-b3de-b58821969ff5#0:FAIL-t39, c661ec13-19db-400c-b7a5-525d9c97029d<-ef252736-79c5-4662-a0c7-91e85b60cae7#0:FAIL-t39] and 0 exception(s); c661ec13-19db-400c-b7a5-525d9c97029d@group-75E956CAE081:t39, leader=null, voted=c661ec13-19db-400c-b7a5-525d9c97029d, raftlog=c661ec13-19db-400c-b7a5-525d9c97029d@group-75E956CAE081-SegmentedRaftLog:OPENED:c3,f4,i4, conf=0: [98a94502-2c87-40a7-b3de-b58821969ff5:192.168.157.233:45458, ef252736-79c5-4662-a0c7-91e85b60cae7:192.168.157.233:36823, c661ec13-19db-400c-b7a5-525d9c97029d:192.168.157.233:33523], old=null
2019-10-25 11:01:00,590 [c661ec13-19db-400c-b7a5-525d9c97029d@group-75E956CAE081-LeaderElection48] INFO  impl.RaftServerImpl (RaftServerImpl.java:setRole(184)) - c661ec13-19db-400c-b7a5-525d9c97029d@group-75E956CAE081: changes role from CANDIDATE to FOLLOWER at term 39 for DISCOVERED_A_NEW_TERM
2019-10-25 11:01:00,591 [c661ec13-19db-400c-b7a5-525d9c97029d@group-75E956CAE081-LeaderElection48] INFO  impl.RoleInfo (RoleInfo.java:shutdownLeaderElection(134)) - c661ec13-19db-400c-b7a5-525d9c97029d: shutdown LeaderElection
2019-10-25 11:01:00,591 [c661ec13-19db-400c-b7a5-525d9c97029d@group-75E956CAE081-LeaderElection48] INFO  impl.RoleInfo (RoleInfo.java:updateAndGet(143)) - c661ec13-19db-400c-b7a5-525d9c97029d: start FollowerState
2019-10-25 11:01:00,661 [Thread-851] INFO  impl.FollowerState (FollowerState.java:run(108)) - c661ec13-19db-400c-b7a5-525d9c97029d@group-75E956CAE081-FollowerState: change to CANDIDATE, lastRpcTime:70ms, electionTimeout:70ms
2019-10-25 11:01:00,661 [Thread-851] INFO  impl.RoleInfo (RoleInfo.java:shutdownFollowerState(121)) - c661ec13-19db-400c-b7a5-525d9c97029d: shutdown FollowerState
2019-10-25 11:01:00,661 [Thread-851] INFO  impl.RaftServerImpl (RaftServerImpl.java:setRole(184)) - c661ec13-19db-400c-b7a5-525d9c97029d@group-75E956CAE081: changes role from  FOLLOWER to CANDIDATE at term 39 for changeToCandidate
2019-10-25 11:01:00,661 [Thread-851] INFO  impl.RoleInfo (RoleInfo.java:updateAndGet(143)) - c661ec13-19db-400c-b7a5-525d9c97029d: start LeaderElection
2019-10-25 11:01:00,674 [c661ec13-19db-400c-b7a5-525d9c97029d@group-75E956CAE081-LeaderElection49] INFO  impl.LeaderElection (LeaderElection.java:askForVotes(178)) - c661ec13-19db-400c-b7a5-525d9c97029d@group-75E956CAE081-LeaderElection49: begin an election at term 40 for 0: [98a94502-2c87-40a7-b3de-b58821969ff5:192.168.157.233:45458, ef252736-79c5-4662-a0c7-91e85b60cae7:192.168.157.233:36823, c661ec13-19db-400c-b7a5-525d9c97029d:192.168.157.233:33523], old=null
2019-10-25 11:01:00,677 [grpc-default-executor-7] INFO  impl.RaftServerImpl (RaftServerImpl.java:setRole(184)) - 98a94502-2c87-40a7-b3de-b58821969ff5@group-75E956CAE081: changes role from  FOLLOWER to FOLLOWER at term 40 for recognizeCandidate:c661ec13-19db-400c-b7a5-525d9c97029d
2019-10-25 11:01:00,677 [grpc-default-executor-0] INFO  impl.RaftServerImpl (RaftServerImpl.java:setRole(184)) - ef252736-79c5-4662-a0c7-91e85b60cae7@group-75E956CAE081: changes role from  FOLLOWER to FOLLOWER at term 40 for recognizeCandidate:c661ec13-19db-400c-b7a5-525d9c97029d
2019-10-25 11:01:00,677 [grpc-default-executor-7] INFO  impl.RoleInfo (RoleInfo.java:shutdownFollowerState(121)) - 98a94502-2c87-40a7-b3de-b58821969ff5: shutdown FollowerState
2019-10-25 11:01:00,678 [grpc-default-executor-0] INFO  impl.RoleInfo (RoleInfo.java:shutdownFollowerState(121)) - ef252736-79c5-4662-a0c7-91e85b60cae7: shutdown FollowerState
2019-10-25 11:01:00,678 [Thread-849] INFO  impl.FollowerState (FollowerState.java:run(117)) - 98a94502-2c87-40a7-b3de-b58821969ff5@group-75E956CAE081-FollowerState was interrupted: java.lang.InterruptedException: sleep interrupted
2019-10-25 11:01:00,678 [grpc-default-executor-7] INFO  impl.RoleInfo (RoleInfo.java:updateAndGet(143)) - 98a94502-2c87-40a7-b3de-b58821969ff5: start FollowerState
2019-10-25 11:01:00,678 [Thread-850] INFO  impl.FollowerState (FollowerState.java:run(117)) - ef252736-79c5-4662-a0c7-91e85b60cae7@group-75E956CAE081-FollowerState was interrupted: java.lang.InterruptedException: sleep interrupted
2019-10-25 11:01:00,678 [grpc-default-executor-0] INFO  impl.RoleInfo (RoleInfo.java:updateAndGet(143)) - ef252736-79c5-4662-a0c7-91e85b60cae7: start FollowerState
2019-10-25 11:01:00,693 [c661ec13-19db-400c-b7a5-525d9c97029d@group-75E956CAE081-LeaderElection49] INFO  impl.LeaderElection (LeaderElection.java:logAndReturn(56)) - c661ec13-19db-400c-b7a5-525d9c97029d@group-75E956CAE081-LeaderElection49: Election REJECTED; received 2 response(s) [c661ec13-19db-400c-b7a5-525d9c97029d<-98a94502-2c87-40a7-b3de-b58821969ff5#0:FAIL-t40, c661ec13-19db-400c-b7a5-525d9c97029d<-ef252736-79c5-4662-a0c7-91e85b60cae7#0:FAIL-t40] and 0 exception(s); c661ec13-19db-400c-b7a5-525d9c97029d@group-75E956CAE081:t40, leader=null, voted=c661ec13-19db-400c-b7a5-525d9c97029d, raftlog=c661ec13-19db-400c-b7a5-525d9c97029d@group-75E956CAE081-SegmentedRaftLog:OPENED:c3,f4,i4, conf=0: [98a94502-2c87-40a7-b3de-b58821969ff5:192.168.157.233:45458, ef252736-79c5-4662-a0c7-91e85b60cae7:192.168.157.233:36823, c661ec13-19db-400c-b7a5-525d9c97029d:192.168.157.233:33523], old=null
2019-10-25 11:01:00,693 [c661ec13-19db-400c-b7a5-525d9c97029d@group-75E956CAE081-LeaderElection49] INFO  impl.RaftServerImpl (RaftServerImpl.java:setRole(184)) - c661ec13-19db-400c-b7a5-525d9c97029d@group-75E956CAE081: changes role from CANDIDATE to FOLLOWER at term 40 for DISCOVERED_A_NEW_TERM
2019-10-25 11:01:00,694 [c661ec13-19db-400c-b7a5-525d9c97029d@group-75E956CAE081-LeaderElection49] INFO  impl.RoleInfo (RoleInfo.java:shutdownLeaderElection(134)) - c661ec13-19db-400c-b7a5-525d9c97029d: shutdown LeaderElection
2019-10-25 11:01:00,694 [c661ec13-19db-400c-b7a5-525d9c97029d@group-75E956CAE081-LeaderElection49] INFO  impl.RoleInfo (RoleInfo.java:updateAndGet(143)) - c661ec13-19db-400c-b7a5-525d9c97029d: start FollowerState
2019-10-25 11:01:00,829 [Thread-857] INFO  impl.FollowerState (FollowerState.java:run(108)) - c661ec13-19db-400c-b7a5-525d9c97029d@group-75E956CAE081-FollowerState: change to CANDIDATE, lastRpcTime:134ms, electionTimeout:134ms
2019-10-25 11:01:00,829 [Thread-857] INFO  impl.RoleInfo (RoleInfo.java:shutdownFollowerState(121)) - c661ec13-19db-400c-b7a5-525d9c97029d: shutdown FollowerState
2019-10-25 11:01:00,829 [Thread-857] INFO  impl.RaftServerImpl (RaftServerImpl.java:setRole(184)) - c661ec13-19db-400c-b7a5-525d9c97029d@group-75E956CAE081: changes role from  FOLLOWER to CANDIDATE at term 40 for changeToCandidate
2019-10-25 11:01:00,829 [Thread-857] INFO  impl.RoleInfo (RoleInfo.java:updateAndGet(143)) - c661ec13-19db-400c-b7a5-525d9c97029d: start LeaderElection
2019-10-25 11:01:00,844 [c661ec13-19db-400c-b7a5-525d9c97029d@group-75E956CAE081-LeaderElection50] INFO  impl.LeaderElection (LeaderElection.java:askForVotes(178)) - c661ec13-19db-400c-b7a5-525d9c97029d@group-75E956CAE081-LeaderElection50: begin an election at term 41 for 0: [98a94502-2c87-40a7-b3de-b58821969ff5:192.168.157.233:45458, ef252736-79c5-4662-a0c7-91e85b60cae7:192.168.157.233:36823, c661ec13-19db-400c-b7a5-525d9c97029d:192.168.157.233:33523], old=null
2019-10-25 11:01:00,847 [grpc-default-executor-0] INFO  impl.RaftServerImpl (RaftServerImpl.java:setRole(184)) - 98a94502-2c87-40a7-b3de-b58821969ff5@group-75E956CAE081: changes role from  FOLLOWER to FOLLOWER at term 41 for recognizeCandidate:c661ec13-19db-400c-b7a5-525d9c97029d
2019-10-25 11:01:00,847 [grpc-default-executor-0] INFO  impl.RoleInfo (RoleInfo.java:shutdownFollowerState(121)) - 98a94502-2c87-40a7-b3de-b58821969ff5: shutdown FollowerState
2019-10-25 11:01:00,848 [grpc-default-executor-7] INFO  impl.RaftServerImpl (RaftServerImpl.java:setRole(184)) - ef252736-79c5-4662-a0c7-91e85b60cae7@group-75E956CAE081: changes role from  FOLLOWER to FOLLOWER at term 41 for recognizeCandidate:c661ec13-19db-400c-b7a5-525d9c97029d
2019-10-25 11:01:00,848 [Thread-855] INFO  impl.FollowerState (FollowerState.java:run(117)) - 98a94502-2c87-40a7-b3de-b58821969ff5@group-75E956CAE081-FollowerState was interrupted: java.lang.InterruptedException: sleep interrupted
2019-10-25 11:01:00,848 [grpc-default-executor-0] INFO  impl.RoleInfo (RoleInfo.java:updateAndGet(143)) - 98a94502-2c87-40a7-b3de-b58821969ff5: start FollowerState
2019-10-25 11:01:00,848 [grpc-default-executor-7] INFO  impl.RoleInfo (RoleInfo.java:shutdownFollowerState(121)) - ef252736-79c5-4662-a0c7-91e85b60cae7: shutdown FollowerState
2019-10-25 11:01:00,848 [grpc-default-executor-7] INFO  impl.RoleInfo (RoleInfo.java:updateAndGet(143)) - ef252736-79c5-4662-a0c7-91e85b60cae7: start FollowerState
2019-10-25 11:01:00,848 [Thread-856] INFO  impl.FollowerState (FollowerState.java:run(117)) - ef252736-79c5-4662-a0c7-91e85b60cae7@group-75E956CAE081-FollowerState was interrupted: java.lang.InterruptedException: sleep interrupted
2019-10-25 11:01:00,863 [c661ec13-19db-400c-b7a5-525d9c97029d@group-75E956CAE081-LeaderElection50] INFO  impl.LeaderElection (LeaderElection.java:logAndReturn(56)) - c661ec13-19db-400c-b7a5-525d9c97029d@group-75E956CAE081-LeaderElection50: Election REJECTED; received 2 response(s) [c661ec13-19db-400c-b7a5-525d9c97029d<-98a94502-2c87-40a7-b3de-b58821969ff5#0:FAIL-t41, c661ec13-19db-400c-b7a5-525d9c97029d<-ef252736-79c5-4662-a0c7-91e85b60cae7#0:FAIL-t41] and 0 exception(s); c661ec13-19db-400c-b7a5-525d9c97029d@group-75E956CAE081:t41, leader=null, voted=c661ec13-19db-400c-b7a5-525d9c97029d, raftlog=c661ec13-19db-400c-b7a5-525d9c97029d@group-75E956CAE081-SegmentedRaftLog:OPENED:c3,f4,i4, conf=0: [98a94502-2c87-40a7-b3de-b58821969ff5:192.168.157.233:45458, ef252736-79c5-4662-a0c7-91e85b60cae7:192.168.157.233:36823, c661ec13-19db-400c-b7a5-525d9c97029d:192.168.157.233:33523], old=null
2019-10-25 11:01:00,864 [c661ec13-19db-400c-b7a5-525d9c97029d@group-75E956CAE081-LeaderElection50] INFO  impl.RaftServerImpl (RaftServerImpl.java:setRole(184)) - c661ec13-19db-400c-b7a5-525d9c97029d@group-75E956CAE081: changes role from CANDIDATE to FOLLOWER at term 41 for DISCOVERED_A_NEW_TERM
2019-10-25 11:01:00,864 [c661ec13-19db-400c-b7a5-525d9c97029d@group-75E956CAE081-LeaderElection50] INFO  impl.RoleInfo (RoleInfo.java:shutdownLeaderElection(134)) - c661ec13-19db-400c-b7a5-525d9c97029d: shutdown LeaderElection
2019-10-25 11:01:00,864 [c661ec13-19db-400c-b7a5-525d9c97029d@group-75E956CAE081-LeaderElection50] INFO  impl.RoleInfo (RoleInfo.java:updateAndGet(143)) - c661ec13-19db-400c-b7a5-525d9c97029d: start FollowerState
2019-10-25 11:01:01,028 [Thread-863] INFO  impl.FollowerState (FollowerState.java:run(108)) - c661ec13-19db-400c-b7a5-525d9c97029d@group-75E956CAE081-FollowerState: change to CANDIDATE, lastRpcTime:164ms, electionTimeout:164ms
2019-10-25 11:01:01,029 [Thread-863] INFO  impl.RoleInfo (RoleInfo.java:shutdownFollowerState(121)) - c661ec13-19db-400c-b7a5-525d9c97029d: shutdown FollowerState
2019-10-25 11:01:01,029 [Thread-863] INFO  impl.RaftServerImpl (RaftServerImpl.java:setRole(184)) - c661ec13-19db-400c-b7a5-525d9c97029d@group-75E956CAE081: changes role from  FOLLOWER to CANDIDATE at term 41 for changeToCandidate
2019-10-25 11:01:01,029 [Thread-863] INFO  impl.RoleInfo (RoleInfo.java:updateAndGet(143)) - c661ec13-19db-400c-b7a5-525d9c97029d: start LeaderElection
2019-10-25 11:01:01,043 [c661ec13-19db-400c-b7a5-525d9c97029d@group-75E956CAE081-LeaderElection51] INFO  impl.LeaderElection (LeaderElection.java:askForVotes(178)) - c661ec13-19db-400c-b7a5-525d9c97029d@group-75E956CAE081-LeaderElection51: begin an election at term 42 for 0: [98a94502-2c87-40a7-b3de-b58821969ff5:192.168.157.233:45458, ef252736-79c5-4662-a0c7-91e85b60cae7:192.168.157.233:36823, c661ec13-19db-400c-b7a5-525d9c97029d:192.168.157.233:33523], old=null
2019-10-25 11:01:01,047 [grpc-default-executor-0] INFO  impl.RaftServerImpl (RaftServerImpl.java:setRole(184)) - ef252736-79c5-4662-a0c7-91e85b60cae7@group-75E956CAE081: changes role from  FOLLOWER to FOLLOWER at term 42 for recognizeCandidate:c661ec13-19db-400c-b7a5-525d9c97029d
2019-10-25 11:01:01,047 [grpc-default-executor-7] INFO  impl.RaftServerImpl (RaftServerImpl.java:setRole(184)) - 98a94502-2c87-40a7-b3de-b58821969ff5@group-75E956CAE081: changes role from  FOLLOWER to FOLLOWER at term 42 for recognizeCandidate:c661ec13-19db-400c-b7a5-525d9c97029d
2019-10-25 11:01:01,047 [grpc-default-executor-0] INFO  impl.RoleInfo (RoleInfo.java:shutdownFollowerState(121)) - ef252736-79c5-4662-a0c7-91e85b60cae7: shutdown FollowerState
2019-10-25 11:01:01,047 [grpc-default-executor-7] INFO  impl.RoleInfo (RoleInfo.java:shutdownFollowerState(121)) - 98a94502-2c87-40a7-b3de-b58821969ff5: shutdown FollowerState
2019-10-25 11:01:01,048 [grpc-default-executor-0] INFO  impl.RoleInfo (RoleInfo.java:updateAndGet(143)) - ef252736-79c5-4662-a0c7-91e85b60cae7: start FollowerState
2019-10-25 11:01:01,048 [Thread-862] INFO  impl.FollowerState (FollowerState.java:run(117)) - ef252736-79c5-4662-a0c7-91e85b60cae7@group-75E956CAE081-FollowerState was interrupted: java.lang.InterruptedException: sleep interrupted
2019-10-25 11:01:01,048 [grpc-default-executor-7] INFO  impl.RoleInfo (RoleInfo.java:updateAndGet(143)) - 98a94502-2c87-40a7-b3de-b58821969ff5: start FollowerState
2019-10-25 11:01:01,048 [Thread-861] INFO  impl.FollowerState (FollowerState.java:run(117)) - 98a94502-2c87-40a7-b3de-b58821969ff5@group-75E956CAE081-FollowerState was interrupted: java.lang.InterruptedException: sleep interrupted
2019-10-25 11:01:01,062 [c661ec13-19db-400c-b7a5-525d9c97029d@group-75E956CAE081-LeaderElection51] INFO  impl.LeaderElection (LeaderElection.java:logAndReturn(56)) - c661ec13-19db-400c-b7a5-525d9c97029d@group-75E956CAE081-LeaderElection51: Election REJECTED; received 2 response(s) [c661ec13-19db-400c-b7a5-525d9c97029d<-98a94502-2c87-40a7-b3de-b58821969ff5#0:FAIL-t42, c661ec13-19db-400c-b7a5-525d9c97029d<-ef252736-79c5-4662-a0c7-91e85b60cae7#0:FAIL-t42] and 0 exception(s); c661ec13-19db-400c-b7a5-525d9c97029d@group-75E956CAE081:t42, leader=null, voted=c661ec13-19db-400c-b7a5-525d9c97029d, raftlog=c661ec13-19db-400c-b7a5-525d9c97029d@group-75E956CAE081-SegmentedRaftLog:OPENED:c3,f4,i4, conf=0: [98a94502-2c87-40a7-b3de-b58821969ff5:192.168.157.233:45458, ef252736-79c5-4662-a0c7-91e85b60cae7:192.168.157.233:36823, c661ec13-19db-400c-b7a5-525d9c97029d:192.168.157.233:33523], old=null
2019-10-25 11:01:01,062 [c661ec13-19db-400c-b7a5-525d9c97029d@group-75E956CAE081-LeaderElection51] INFO  impl.RaftServerImpl (RaftServerImpl.java:setRole(184)) - c661ec13-19db-400c-b7a5-525d9c97029d@group-75E956CAE081: changes role from CANDIDATE to FOLLOWER at term 42 for DISCOVERED_A_NEW_TERM
2019-10-25 11:01:01,062 [c661ec13-19db-400c-b7a5-525d9c97029d@group-75E956CAE081-LeaderElection51] INFO  impl.RoleInfo (RoleInfo.java:shutdownLeaderElection(134)) - c661ec13-19db-400c-b7a5-525d9c97029d: shutdown LeaderElection
2019-10-25 11:01:01,063 [c661ec13-19db-400c-b7a5-525d9c97029d@group-75E956CAE081-LeaderElection51] INFO  impl.RoleInfo (RoleInfo.java:updateAndGet(143)) - c661ec13-19db-400c-b7a5-525d9c97029d: start FollowerState
2019-10-25 11:01:01,179 [Thread-869] INFO  impl.FollowerState (FollowerState.java:run(108)) - c661ec13-19db-400c-b7a5-525d9c97029d@group-75E956CAE081-FollowerState: change to CANDIDATE, lastRpcTime:116ms, electionTimeout:116ms
2019-10-25 11:01:01,179 [Thread-869] INFO  impl.RoleInfo (RoleInfo.java:shutdownFollowerState(121)) - c661ec13-19db-400c-b7a5-525d9c97029d: shutdown FollowerState
2019-10-25 11:01:01,179 [Thread-869] INFO  impl.RaftServerImpl (RaftServerImpl.java:setRole(184)) - c661ec13-19db-400c-b7a5-525d9c97029d@group-75E956CAE081: changes role from  FOLLOWER to CANDIDATE at term 42 for changeToCandidate
2019-10-25 11:01:01,179 [Thread-869] INFO  impl.RoleInfo (RoleInfo.java:updateAndGet(143)) - c661ec13-19db-400c-b7a5-525d9c97029d: start LeaderElection
2019-10-25 11:01:01,193 [c661ec13-19db-400c-b7a5-525d9c97029d@group-75E956CAE081-LeaderElection52] INFO  impl.LeaderElection (LeaderElection.java:askForVotes(178)) - c661ec13-19db-400c-b7a5-525d9c97029d@group-75E956CAE081-LeaderElection52: begin an election at term 43 for 0: [98a94502-2c87-40a7-b3de-b58821969ff5:192.168.157.233:45458, ef252736-79c5-4662-a0c7-91e85b60cae7:192.168.157.233:36823, c661ec13-19db-400c-b7a5-525d9c97029d:192.168.157.233:33523], old=null
2019-10-25 11:01:01,195 [grpc-default-executor-0] INFO  impl.RaftServerImpl (RaftServerImpl.java:setRole(184)) - ef252736-79c5-4662-a0c7-91e85b60cae7@group-75E956CAE081: changes role from  FOLLOWER to FOLLOWER at term 43 for recognizeCandidate:c661ec13-19db-400c-b7a5-525d9c97029d
2019-10-25 11:01:01,195 [grpc-default-executor-0] INFO  impl.RoleInfo (RoleInfo.java:shutdownFollowerState(121)) - ef252736-79c5-4662-a0c7-91e85b60cae7: shutdown FollowerState
2019-10-25 11:01:01,195 [grpc-default-executor-7] INFO  impl.RaftServerImpl (RaftServerImpl.java:setRole(184)) - 98a94502-2c87-40a7-b3de-b58821969ff5@group-75E956CAE081: changes role from  FOLLOWER to FOLLOWER at term 43 for recognizeCandidate:c661ec13-19db-400c-b7a5-525d9c97029d
2019-10-25 11:01:01,195 [Thread-867] INFO  impl.FollowerState (FollowerState.java:run(117)) - ef252736-79c5-4662-a0c7-91e85b60cae7@group-75E956CAE081-FollowerState was interrupted: java.lang.InterruptedException: sleep interrupted
2019-10-25 11:01:01,195 [grpc-default-executor-0] INFO  impl.RoleInfo (RoleInfo.java:updateAndGet(143)) - ef252736-79c5-4662-a0c7-91e85b60cae7: start FollowerState
2019-10-25 11:01:01,196 [grpc-default-executor-7] INFO  impl.RoleInfo (RoleInfo.java:shutdownFollowerState(121)) - 98a94502-2c87-40a7-b3de-b58821969ff5: shutdown FollowerState
2019-10-25 11:01:01,196 [grpc-default-executor-7] INFO  impl.RoleInfo (RoleInfo.java:updateAndGet(143)) - 98a94502-2c87-40a7-b3de-b58821969ff5: start FollowerState
2019-10-25 11:01:01,196 [Thread-868] INFO  impl.FollowerState (FollowerState.java:run(117)) - 98a94502-2c87-40a7-b3de-b58821969ff5@group-75E956CAE081-FollowerState was interrupted: java.lang.InterruptedException: sleep interrupted
2019-10-25 11:01:01,210 [c661ec13-19db-400c-b7a5-525d9c97029d@group-75E956CAE081-LeaderElection52] INFO  impl.LeaderElection (LeaderElection.java:logAndReturn(56)) - c661ec13-19db-400c-b7a5-525d9c97029d@group-75E956CAE081-LeaderElection52: Election REJECTED; received 2 response(s) [c661ec13-19db-400c-b7a5-525d9c97029d<-98a94502-2c87-40a7-b3de-b58821969ff5#0:FAIL-t43, c661ec13-19db-400c-b7a5-525d9c97029d<-ef252736-79c5-4662-a0c7-91e85b60cae7#0:FAIL-t43] and 0 exception(s); c661ec13-19db-400c-b7a5-525d9c97029d@group-75E956CAE081:t43, leader=null, voted=c661ec13-19db-400c-b7a5-525d9c97029d, raftlog=c661ec13-19db-400c-b7a5-525d9c97029d@group-75E956CAE081-SegmentedRaftLog:OPENED:c3,f4,i4, conf=0: [98a94502-2c87-40a7-b3de-b58821969ff5:192.168.157.233:45458, ef252736-79c5-4662-a0c7-91e85b60cae7:192.168.157.233:36823, c661ec13-19db-400c-b7a5-525d9c97029d:192.168.157.233:33523], old=null
2019-10-25 11:01:01,210 [c661ec13-19db-400c-b7a5-525d9c97029d@group-75E956CAE081-LeaderElection52] INFO  impl.RaftServerImpl (RaftServerImpl.java:setRole(184)) - c661ec13-19db-400c-b7a5-525d9c97029d@group-75E956CAE081: changes role from CANDIDATE to FOLLOWER at term 43 for DISCOVERED_A_NEW_TERM
2019-10-25 11:01:01,211 [c661ec13-19db-400c-b7a5-525d9c97029d@group-75E956CAE081-LeaderElection52] INFO  impl.RoleInfo (RoleInfo.java:shutdownLeaderElection(134)) - c661ec13-19db-400c-b7a5-525d9c97029d: shutdown LeaderElection
2019-10-25 11:01:01,211 [c661ec13-19db-400c-b7a5-525d9c97029d@group-75E956CAE081-LeaderElection52] INFO  impl.RoleInfo (RoleInfo.java:updateAndGet(143)) - c661ec13-19db-400c-b7a5-525d9c97029d: start FollowerState
2019-10-25 11:01:01,282 [Thread-875] INFO  impl.FollowerState (FollowerState.java:run(108)) - c661ec13-19db-400c-b7a5-525d9c97029d@group-75E956CAE081-FollowerState: change to CANDIDATE, lastRpcTime:71ms, electionTimeout:71ms
2019-10-25 11:01:01,282 [Thread-875] INFO  impl.RoleInfo (RoleInfo.java:shutdownFollowerState(121)) - c661ec13-19db-400c-b7a5-525d9c97029d: shutdown FollowerState
2019-10-25 11:01:01,283 [Thread-875] INFO  impl.RaftServerImpl (RaftServerImpl.java:setRole(184)) - c661ec13-19db-400c-b7a5-525d9c97029d@group-75E956CAE081: changes role from  FOLLOWER to CANDIDATE at term 43 for changeToCandidate
2019-10-25 11:01:01,283 [Thread-875] INFO  impl.RoleInfo (RoleInfo.java:updateAndGet(143)) - c661ec13-19db-400c-b7a5-525d9c97029d: start LeaderElection
2019-10-25 11:01:01,297 [c661ec13-19db-400c-b7a5-525d9c97029d@group-75E956CAE081-LeaderElection53] INFO  impl.LeaderElection (LeaderElection.java:askForVotes(178)) - c661ec13-19db-400c-b7a5-525d9c97029d@group-75E956CAE081-LeaderElection53: begin an election at term 44 for 0: [98a94502-2c87-40a7-b3de-b58821969ff5:192.168.157.233:45458, ef252736-79c5-4662-a0c7-91e85b60cae7:192.168.157.233:36823, c661ec13-19db-400c-b7a5-525d9c97029d:192.168.157.233:33523], old=null
2019-10-25 11:01:01,299 [grpc-default-executor-0] INFO  impl.RaftServerImpl (RaftServerImpl.java:setRole(184)) - 98a94502-2c87-40a7-b3de-b58821969ff5@group-75E956CAE081: changes role from  FOLLOWER to FOLLOWER at term 44 for recognizeCandidate:c661ec13-19db-400c-b7a5-525d9c97029d
2019-10-25 11:01:01,299 [grpc-default-executor-7] INFO  impl.RaftServerImpl (RaftServerImpl.java:setRole(184)) - ef252736-79c5-4662-a0c7-91e85b60cae7@group-75E956CAE081: changes role from  FOLLOWER to FOLLOWER at term 44 for recognizeCandidate:c661ec13-19db-400c-b7a5-525d9c97029d
2019-10-25 11:01:01,299 [grpc-default-executor-0] INFO  impl.RoleInfo (RoleInfo.java:shutdownFollowerState(121)) - 98a94502-2c87-40a7-b3de-b58821969ff5: shutdown FollowerState
2019-10-25 11:01:01,299 [grpc-default-executor-7] INFO  impl.RoleInfo (RoleInfo.java:shutdownFollowerState(121)) - ef252736-79c5-4662-a0c7-91e85b60cae7: shutdown FollowerState
2019-10-25 11:01:01,300 [Thread-874] INFO  impl.FollowerState (FollowerState.java:run(117)) - 98a94502-2c87-40a7-b3de-b58821969ff5@group-75E956CAE081-FollowerState was interrupted: java.lang.InterruptedException: sleep interrupted
2019-10-25 11:01:01,300 [grpc-default-executor-0] INFO  impl.RoleInfo (RoleInfo.java:updateAndGet(143)) - 98a94502-2c87-40a7-b3de-b58821969ff5: start FollowerState
2019-10-25 11:01:01,300 [grpc-default-executor-7] INFO  impl.RoleInfo (RoleInfo.java:updateAndGet(143)) - ef252736-79c5-4662-a0c7-91e85b60cae7: start FollowerState
2019-10-25 11:01:01,300 [Thread-873] INFO  impl.FollowerState (FollowerState.java:run(117)) - ef252736-79c5-4662-a0c7-91e85b60cae7@group-75E956CAE081-FollowerState was interrupted: java.lang.InterruptedException: sleep interrupted
2019-10-25 11:01:01,315 [c661ec13-19db-400c-b7a5-525d9c97029d@group-75E956CAE081-LeaderElection53] INFO  impl.LeaderElection (LeaderElection.java:logAndReturn(56)) - c661ec13-19db-400c-b7a5-525d9c97029d@group-75E956CAE081-LeaderElection53: Election REJECTED; received 2 response(s) [c661ec13-19db-400c-b7a5-525d9c97029d<-98a94502-2c87-40a7-b3de-b58821969ff5#0:FAIL-t44, c661ec13-19db-400c-b7a5-525d9c97029d<-ef252736-79c5-4662-a0c7-91e85b60cae7#0:FAIL-t44] and 0 exception(s); c661ec13-19db-400c-b7a5-525d9c97029d@group-75E956CAE081:t44, leader=null, voted=c661ec13-19db-400c-b7a5-525d9c97029d, raftlog=c661ec13-19db-400c-b7a5-525d9c97029d@group-75E956CAE081-SegmentedRaftLog:OPENED:c3,f4,i4, conf=0: [98a94502-2c87-40a7-b3de-b58821969ff5:192.168.157.233:45458, ef252736-79c5-4662-a0c7-91e85b60cae7:192.168.157.233:36823, c661ec13-19db-400c-b7a5-525d9c97029d:192.168.157.233:33523], old=null
2019-10-25 11:01:01,315 [c661ec13-19db-400c-b7a5-525d9c97029d@group-75E956CAE081-LeaderElection53] INFO  impl.RaftServerImpl (RaftServerImpl.java:setRole(184)) - c661ec13-19db-400c-b7a5-525d9c97029d@group-75E956CAE081: changes role from CANDIDATE to FOLLOWER at term 44 for DISCOVERED_A_NEW_TERM
2019-10-25 11:01:01,315 [c661ec13-19db-400c-b7a5-525d9c97029d@group-75E956CAE081-LeaderElection53] INFO  impl.RoleInfo (RoleInfo.java:shutdownLeaderElection(134)) - c661ec13-19db-400c-b7a5-525d9c97029d: shutdown LeaderElection
2019-10-25 11:01:01,315 [c661ec13-19db-400c-b7a5-525d9c97029d@group-75E956CAE081-LeaderElection53] INFO  impl.RoleInfo (RoleInfo.java:updateAndGet(143)) - c661ec13-19db-400c-b7a5-525d9c97029d: start FollowerState
2019-10-25 11:01:01,351 [BlockDeletingService#4] WARN  background.BlockDeletingService (BlockDeletingService.java:isDeletionAllowed(187)) - Close Container log Index 6 is not replicated across allthe servers in the pipeline 4b59a773-7942-4ce0-97fc-75e956cae081 as the min replicated index is 4. Deletion is not allowed in this container yet.
2019-10-25 11:01:01,352 [BlockDeletingService#2] WARN  background.BlockDeletingService (BlockDeletingService.java:isDeletionAllowed(187)) - Close Container log Index 6 is not replicated across allthe servers in the pipeline 4b59a773-7942-4ce0-97fc-75e956cae081 as the min replicated index is 4. Deletion is not allowed in this container yet.
2019-10-25 11:01:01,485 [Thread-881] INFO  impl.FollowerState (FollowerState.java:run(108)) - c661ec13-19db-400c-b7a5-525d9c97029d@group-75E956CAE081-FollowerState: change to CANDIDATE, lastRpcTime:169ms, electionTimeout:169ms
2019-10-25 11:01:01,485 [Thread-881] INFO  impl.RoleInfo (RoleInfo.java:shutdownFollowerState(121)) - c661ec13-19db-400c-b7a5-525d9c97029d: shutdown FollowerState
2019-10-25 11:01:01,485 [Thread-881] INFO  impl.RaftServerImpl (RaftServerImpl.java:setRole(184)) - c661ec13-19db-400c-b7a5-525d9c97029d@group-75E956CAE081: changes role from  FOLLOWER to CANDIDATE at term 44 for changeToCandidate
2019-10-25 11:01:01,486 [Thread-881] INFO  impl.RoleInfo (RoleInfo.java:updateAndGet(143)) - c661ec13-19db-400c-b7a5-525d9c97029d: start LeaderElection
2019-10-25 11:01:01,499 [c661ec13-19db-400c-b7a5-525d9c97029d@group-75E956CAE081-LeaderElection54] INFO  impl.LeaderElection (LeaderElection.java:askForVotes(178)) - c661ec13-19db-400c-b7a5-525d9c97029d@group-75E956CAE081-LeaderElection54: begin an election at term 45 for 0: [98a94502-2c87-40a7-b3de-b58821969ff5:192.168.157.233:45458, ef252736-79c5-4662-a0c7-91e85b60cae7:192.168.157.233:36823, c661ec13-19db-400c-b7a5-525d9c97029d:192.168.157.233:33523], old=null
2019-10-25 11:01:01,503 [grpc-default-executor-7] INFO  impl.RaftServerImpl (RaftServerImpl.java:setRole(184)) - 98a94502-2c87-40a7-b3de-b58821969ff5@group-75E956CAE081: changes role from  FOLLOWER to FOLLOWER at term 45 for recognizeCandidate:c661ec13-19db-400c-b7a5-525d9c97029d
2019-10-25 11:01:01,503 [grpc-default-executor-0] INFO  impl.RaftServerImpl (RaftServerImpl.java:setRole(184)) - ef252736-79c5-4662-a0c7-91e85b60cae7@group-75E956CAE081: changes role from  FOLLOWER to FOLLOWER at term 45 for recognizeCandidate:c661ec13-19db-400c-b7a5-525d9c97029d
2019-10-25 11:01:01,503 [grpc-default-executor-7] INFO  impl.RoleInfo (RoleInfo.java:shutdownFollowerState(121)) - 98a94502-2c87-40a7-b3de-b58821969ff5: shutdown FollowerState
2019-10-25 11:01:01,503 [grpc-default-executor-0] INFO  impl.RoleInfo (RoleInfo.java:shutdownFollowerState(121)) - ef252736-79c5-4662-a0c7-91e85b60cae7: shutdown FollowerState
2019-10-25 11:01:01,503 [grpc-default-executor-7] INFO  impl.RoleInfo (RoleInfo.java:updateAndGet(143)) - 98a94502-2c87-40a7-b3de-b58821969ff5: start FollowerState
2019-10-25 11:01:01,504 [Thread-880] INFO  impl.FollowerState (FollowerState.java:run(117)) - ef252736-79c5-4662-a0c7-91e85b60cae7@group-75E956CAE081-FollowerState was interrupted: java.lang.InterruptedException: sleep interrupted
2019-10-25 11:01:01,503 [Thread-879] INFO  impl.FollowerState (FollowerState.java:run(117)) - 98a94502-2c87-40a7-b3de-b58821969ff5@group-75E956CAE081-FollowerState was interrupted: java.lang.InterruptedException: sleep interrupted
2019-10-25 11:01:01,504 [grpc-default-executor-0] INFO  impl.RoleInfo (RoleInfo.java:updateAndGet(143)) - ef252736-79c5-4662-a0c7-91e85b60cae7: start FollowerState
2019-10-25 11:01:01,519 [c661ec13-19db-400c-b7a5-525d9c97029d@group-75E956CAE081-LeaderElection54] INFO  impl.LeaderElection (LeaderElection.java:logAndReturn(56)) - c661ec13-19db-400c-b7a5-525d9c97029d@group-75E956CAE081-LeaderElection54: Election REJECTED; received 2 response(s) [c661ec13-19db-400c-b7a5-525d9c97029d<-98a94502-2c87-40a7-b3de-b58821969ff5#0:FAIL-t45, c661ec13-19db-400c-b7a5-525d9c97029d<-ef252736-79c5-4662-a0c7-91e85b60cae7#0:FAIL-t45] and 0 exception(s); c661ec13-19db-400c-b7a5-525d9c97029d@group-75E956CAE081:t45, leader=null, voted=c661ec13-19db-400c-b7a5-525d9c97029d, raftlog=c661ec13-19db-400c-b7a5-525d9c97029d@group-75E956CAE081-SegmentedRaftLog:OPENED:c3,f4,i4, conf=0: [98a94502-2c87-40a7-b3de-b58821969ff5:192.168.157.233:45458, ef252736-79c5-4662-a0c7-91e85b60cae7:192.168.157.233:36823, c661ec13-19db-400c-b7a5-525d9c97029d:192.168.157.233:33523], old=null
2019-10-25 11:01:01,519 [c661ec13-19db-400c-b7a5-525d9c97029d@group-75E956CAE081-LeaderElection54] INFO  impl.RaftServerImpl (RaftServerImpl.java:setRole(184)) - c661ec13-19db-400c-b7a5-525d9c97029d@group-75E956CAE081: changes role from CANDIDATE to FOLLOWER at term 45 for DISCOVERED_A_NEW_TERM
2019-10-25 11:01:01,519 [c661ec13-19db-400c-b7a5-525d9c97029d@group-75E956CAE081-LeaderElection54] INFO  impl.RoleInfo (RoleInfo.java:shutdownLeaderElection(134)) - c661ec13-19db-400c-b7a5-525d9c97029d: shutdown LeaderElection
2019-10-25 11:01:01,519 [c661ec13-19db-400c-b7a5-525d9c97029d@group-75E956CAE081-LeaderElection54] INFO  impl.RoleInfo (RoleInfo.java:updateAndGet(143)) - c661ec13-19db-400c-b7a5-525d9c97029d: start FollowerState
2019-10-25 11:01:01,552 [Thread-892] INFO  client.GrpcClientProtocolService (GrpcClientProtocolService.java:lambda$processClientRequest$0(278)) - Failed RaftClientRequest:client-E2DCCEC0A424->ef252736-79c5-4662-a0c7-91e85b60cae7@group-75E956CAE081, cid=10, seq=0, Watch-ALL_COMMITTED(6), Message:<EMPTY>, reply=RaftClientReply:client-E2DCCEC0A424->ef252736-79c5-4662-a0c7-91e85b60cae7@group-75E956CAE081, cid=10, FAILED org.apache.ratis.protocol.NotLeaderException: Server ef252736-79c5-4662-a0c7-91e85b60cae7@group-75E956CAE081 is not the leader, logIndex=0, commits[ef252736-79c5-4662-a0c7-91e85b60cae7:c10, 98a94502-2c87-40a7-b3de-b58821969ff5:c10, c661ec13-19db-400c-b7a5-525d9c97029d:c4]
2019-10-25 11:01:01,600 [Thread-890] INFO  impl.FollowerState (FollowerState.java:run(108)) - c661ec13-19db-400c-b7a5-525d9c97029d@group-75E956CAE081-FollowerState: change to CANDIDATE, lastRpcTime:81ms, electionTimeout:81ms
2019-10-25 11:01:01,601 [Thread-890] INFO  impl.RoleInfo (RoleInfo.java:shutdownFollowerState(121)) - c661ec13-19db-400c-b7a5-525d9c97029d: shutdown FollowerState
2019-10-25 11:01:01,601 [Thread-890] INFO  impl.RaftServerImpl (RaftServerImpl.java:setRole(184)) - c661ec13-19db-400c-b7a5-525d9c97029d@group-75E956CAE081: changes role from  FOLLOWER to CANDIDATE at term 45 for changeToCandidate
2019-10-25 11:01:01,601 [Thread-890] INFO  impl.RoleInfo (RoleInfo.java:updateAndGet(143)) - c661ec13-19db-400c-b7a5-525d9c97029d: start LeaderElection
2019-10-25 11:01:01,615 [c661ec13-19db-400c-b7a5-525d9c97029d@group-75E956CAE081-LeaderElection55] INFO  impl.LeaderElection (LeaderElection.java:askForVotes(178)) - c661ec13-19db-400c-b7a5-525d9c97029d@group-75E956CAE081-LeaderElection55: begin an election at term 46 for 0: [98a94502-2c87-40a7-b3de-b58821969ff5:192.168.157.233:45458, ef252736-79c5-4662-a0c7-91e85b60cae7:192.168.157.233:36823, c661ec13-19db-400c-b7a5-525d9c97029d:192.168.157.233:33523], old=null
2019-10-25 11:01:01,618 [grpc-default-executor-0] INFO  impl.RaftServerImpl (RaftServerImpl.java:setRole(184)) - 98a94502-2c87-40a7-b3de-b58821969ff5@group-75E956CAE081: changes role from  FOLLOWER to FOLLOWER at term 46 for recognizeCandidate:c661ec13-19db-400c-b7a5-525d9c97029d
2019-10-25 11:01:01,618 [grpc-default-executor-7] INFO  impl.RaftServerImpl (RaftServerImpl.java:setRole(184)) - ef252736-79c5-4662-a0c7-91e85b60cae7@group-75E956CAE081: changes role from  FOLLOWER to FOLLOWER at term 46 for recognizeCandidate:c661ec13-19db-400c-b7a5-525d9c97029d
2019-10-25 11:01:01,618 [grpc-default-executor-0] INFO  impl.RoleInfo (RoleInfo.java:shutdownFollowerState(121)) - 98a94502-2c87-40a7-b3de-b58821969ff5: shutdown FollowerState
2019-10-25 11:01:01,618 [grpc-default-executor-7] INFO  impl.RoleInfo (RoleInfo.java:shutdownFollowerState(121)) - ef252736-79c5-4662-a0c7-91e85b60cae7: shutdown FollowerState
2019-10-25 11:01:01,618 [Thread-888] INFO  impl.FollowerState (FollowerState.java:run(117)) - 98a94502-2c87-40a7-b3de-b58821969ff5@group-75E956CAE081-FollowerState was interrupted: java.lang.InterruptedException: sleep interrupted
2019-10-25 11:01:01,618 [grpc-default-executor-0] INFO  impl.RoleInfo (RoleInfo.java:updateAndGet(143)) - 98a94502-2c87-40a7-b3de-b58821969ff5: start FollowerState
2019-10-25 11:01:01,619 [Thread-889] INFO  impl.FollowerState (FollowerState.java:run(117)) - ef252736-79c5-4662-a0c7-91e85b60cae7@group-75E956CAE081-FollowerState was interrupted: java.lang.InterruptedException: sleep interrupted
2019-10-25 11:01:01,619 [grpc-default-executor-7] INFO  impl.RoleInfo (RoleInfo.java:updateAndGet(143)) - ef252736-79c5-4662-a0c7-91e85b60cae7: start FollowerState
2019-10-25 11:01:01,634 [c661ec13-19db-400c-b7a5-525d9c97029d@group-75E956CAE081-LeaderElection55] INFO  impl.LeaderElection (LeaderElection.java:logAndReturn(56)) - c661ec13-19db-400c-b7a5-525d9c97029d@group-75E956CAE081-LeaderElection55: Election REJECTED; received 2 response(s) [c661ec13-19db-400c-b7a5-525d9c97029d<-98a94502-2c87-40a7-b3de-b58821969ff5#0:FAIL-t46, c661ec13-19db-400c-b7a5-525d9c97029d<-ef252736-79c5-4662-a0c7-91e85b60cae7#0:FAIL-t46] and 0 exception(s); c661ec13-19db-400c-b7a5-525d9c97029d@group-75E956CAE081:t46, leader=null, voted=c661ec13-19db-400c-b7a5-525d9c97029d, raftlog=c661ec13-19db-400c-b7a5-525d9c97029d@group-75E956CAE081-SegmentedRaftLog:OPENED:c3,f4,i4, conf=0: [98a94502-2c87-40a7-b3de-b58821969ff5:192.168.157.233:45458, ef252736-79c5-4662-a0c7-91e85b60cae7:192.168.157.233:36823, c661ec13-19db-400c-b7a5-525d9c97029d:192.168.157.233:33523], old=null
2019-10-25 11:01:01,634 [c661ec13-19db-400c-b7a5-525d9c97029d@group-75E956CAE081-LeaderElection55] INFO  impl.RaftServerImpl (RaftServerImpl.java:setRole(184)) - c661ec13-19db-400c-b7a5-525d9c97029d@group-75E956CAE081: changes role from CANDIDATE to FOLLOWER at term 46 for DISCOVERED_A_NEW_TERM
2019-10-25 11:01:01,634 [c661ec13-19db-400c-b7a5-525d9c97029d@group-75E956CAE081-LeaderElection55] INFO  impl.RoleInfo (RoleInfo.java:shutdownLeaderElection(134)) - c661ec13-19db-400c-b7a5-525d9c97029d: shutdown LeaderElection
2019-10-25 11:01:01,634 [c661ec13-19db-400c-b7a5-525d9c97029d@group-75E956CAE081-LeaderElection55] INFO  impl.RoleInfo (RoleInfo.java:updateAndGet(143)) - c661ec13-19db-400c-b7a5-525d9c97029d: start FollowerState
2019-10-25 11:01:01,770 [Thread-899] INFO  impl.FollowerState (FollowerState.java:run(108)) - c661ec13-19db-400c-b7a5-525d9c97029d@group-75E956CAE081-FollowerState: change to CANDIDATE, lastRpcTime:135ms, electionTimeout:135ms
2019-10-25 11:01:01,770 [Thread-899] INFO  impl.RoleInfo (RoleInfo.java:shutdownFollowerState(121)) - c661ec13-19db-400c-b7a5-525d9c97029d: shutdown FollowerState
2019-10-25 11:01:01,770 [Thread-899] INFO  impl.RaftServerImpl (RaftServerImpl.java:setRole(184)) - c661ec13-19db-400c-b7a5-525d9c97029d@group-75E956CAE081: changes role from  FOLLOWER to CANDIDATE at term 46 for changeToCandidate
2019-10-25 11:01:01,770 [Thread-899] INFO  impl.RoleInfo (RoleInfo.java:updateAndGet(143)) - c661ec13-19db-400c-b7a5-525d9c97029d: start LeaderElection
2019-10-25 11:01:01,784 [c661ec13-19db-400c-b7a5-525d9c97029d@group-75E956CAE081-LeaderElection56] INFO  impl.LeaderElection (LeaderElection.java:askForVotes(178)) - c661ec13-19db-400c-b7a5-525d9c97029d@group-75E956CAE081-LeaderElection56: begin an election at term 47 for 0: [98a94502-2c87-40a7-b3de-b58821969ff5:192.168.157.233:45458, ef252736-79c5-4662-a0c7-91e85b60cae7:192.168.157.233:36823, c661ec13-19db-400c-b7a5-525d9c97029d:192.168.157.233:33523], old=null
2019-10-25 11:01:01,787 [grpc-default-executor-0] INFO  impl.RaftServerImpl (RaftServerImpl.java:setRole(184)) - 98a94502-2c87-40a7-b3de-b58821969ff5@group-75E956CAE081: changes role from  FOLLOWER to FOLLOWER at term 47 for recognizeCandidate:c661ec13-19db-400c-b7a5-525d9c97029d
2019-10-25 11:01:01,787 [grpc-default-executor-7] INFO  impl.RaftServerImpl (RaftServerImpl.java:setRole(184)) - ef252736-79c5-4662-a0c7-91e85b60cae7@group-75E956CAE081: changes role from  FOLLOWER to FOLLOWER at term 47 for recognizeCandidate:c661ec13-19db-400c-b7a5-525d9c97029d
2019-10-25 11:01:01,787 [grpc-default-executor-0] INFO  impl.RoleInfo (RoleInfo.java:shutdownFollowerState(121)) - 98a94502-2c87-40a7-b3de-b58821969ff5: shutdown FollowerState
2019-10-25 11:01:01,787 [grpc-default-executor-7] INFO  impl.RoleInfo (RoleInfo.java:shutdownFollowerState(121)) - ef252736-79c5-4662-a0c7-91e85b60cae7: shutdown FollowerState
2019-10-25 11:01:01,788 [Thread-897] INFO  impl.FollowerState (FollowerState.java:run(117)) - 98a94502-2c87-40a7-b3de-b58821969ff5@group-75E956CAE081-FollowerState was interrupted: java.lang.InterruptedException: sleep interrupted
2019-10-25 11:01:01,788 [grpc-default-executor-0] INFO  impl.RoleInfo (RoleInfo.java:updateAndGet(143)) - 98a94502-2c87-40a7-b3de-b58821969ff5: start FollowerState
2019-10-25 11:01:01,788 [Thread-898] INFO  impl.FollowerState (FollowerState.java:run(117)) - ef252736-79c5-4662-a0c7-91e85b60cae7@group-75E956CAE081-FollowerState was interrupted: java.lang.InterruptedException: sleep interrupted
2019-10-25 11:01:01,788 [grpc-default-executor-7] INFO  impl.RoleInfo (RoleInfo.java:updateAndGet(143)) - ef252736-79c5-4662-a0c7-91e85b60cae7: start FollowerState
2019-10-25 11:01:01,803 [c661ec13-19db-400c-b7a5-525d9c97029d@group-75E956CAE081-LeaderElection56] INFO  impl.LeaderElection (LeaderElection.java:logAndReturn(56)) - c661ec13-19db-400c-b7a5-525d9c97029d@group-75E956CAE081-LeaderElection56: Election REJECTED; received 2 response(s) [c661ec13-19db-400c-b7a5-525d9c97029d<-98a94502-2c87-40a7-b3de-b58821969ff5#0:FAIL-t47, c661ec13-19db-400c-b7a5-525d9c97029d<-ef252736-79c5-4662-a0c7-91e85b60cae7#0:FAIL-t47] and 0 exception(s); c661ec13-19db-400c-b7a5-525d9c97029d@group-75E956CAE081:t47, leader=null, voted=c661ec13-19db-400c-b7a5-525d9c97029d, raftlog=c661ec13-19db-400c-b7a5-525d9c97029d@group-75E956CAE081-SegmentedRaftLog:OPENED:c3,f4,i4, conf=0: [98a94502-2c87-40a7-b3de-b58821969ff5:192.168.157.233:45458, ef252736-79c5-4662-a0c7-91e85b60cae7:192.168.157.233:36823, c661ec13-19db-400c-b7a5-525d9c97029d:192.168.157.233:33523], old=null
2019-10-25 11:01:01,803 [c661ec13-19db-400c-b7a5-525d9c97029d@group-75E956CAE081-LeaderElection56] INFO  impl.RaftServerImpl (RaftServerImpl.java:setRole(184)) - c661ec13-19db-400c-b7a5-525d9c97029d@group-75E956CAE081: changes role from CANDIDATE to FOLLOWER at term 47 for DISCOVERED_A_NEW_TERM
2019-10-25 11:01:01,803 [c661ec13-19db-400c-b7a5-525d9c97029d@group-75E956CAE081-LeaderElection56] INFO  impl.RoleInfo (RoleInfo.java:shutdownLeaderElection(134)) - c661ec13-19db-400c-b7a5-525d9c97029d: shutdown LeaderElection
2019-10-25 11:01:01,803 [c661ec13-19db-400c-b7a5-525d9c97029d@group-75E956CAE081-LeaderElection56] INFO  impl.RoleInfo (RoleInfo.java:updateAndGet(143)) - c661ec13-19db-400c-b7a5-525d9c97029d: start FollowerState
2019-10-25 11:01:01,816 [Thread-905] INFO  impl.FollowerState (FollowerState.java:run(108)) - c661ec13-19db-400c-b7a5-525d9c97029d@group-75E956CAE081-FollowerState: change to CANDIDATE, lastRpcTime:12ms, electionTimeout:12ms
2019-10-25 11:01:01,816 [Thread-905] INFO  impl.RoleInfo (RoleInfo.java:shutdownFollowerState(121)) - c661ec13-19db-400c-b7a5-525d9c97029d: shutdown FollowerState
2019-10-25 11:01:01,816 [Thread-905] INFO  impl.RaftServerImpl (RaftServerImpl.java:setRole(184)) - c661ec13-19db-400c-b7a5-525d9c97029d@group-75E956CAE081: changes role from  FOLLOWER to CANDIDATE at term 47 for changeToCandidate
2019-10-25 11:01:01,816 [Thread-905] INFO  impl.RoleInfo (RoleInfo.java:updateAndGet(143)) - c661ec13-19db-400c-b7a5-525d9c97029d: start LeaderElection
2019-10-25 11:01:01,844 [c661ec13-19db-400c-b7a5-525d9c97029d@group-75E956CAE081-LeaderElection57] INFO  impl.LeaderElection (LeaderElection.java:askForVotes(178)) - c661ec13-19db-400c-b7a5-525d9c97029d@group-75E956CAE081-LeaderElection57: begin an election at term 48 for 0: [98a94502-2c87-40a7-b3de-b58821969ff5:192.168.157.233:45458, ef252736-79c5-4662-a0c7-91e85b60cae7:192.168.157.233:36823, c661ec13-19db-400c-b7a5-525d9c97029d:192.168.157.233:33523], old=null
2019-10-25 11:01:01,846 [grpc-default-executor-7] INFO  impl.RaftServerImpl (RaftServerImpl.java:setRole(184)) - 98a94502-2c87-40a7-b3de-b58821969ff5@group-75E956CAE081: changes role from  FOLLOWER to FOLLOWER at term 48 for recognizeCandidate:c661ec13-19db-400c-b7a5-525d9c97029d
2019-10-25 11:01:01,846 [grpc-default-executor-0] INFO  impl.RaftServerImpl (RaftServerImpl.java:setRole(184)) - ef252736-79c5-4662-a0c7-91e85b60cae7@group-75E956CAE081: changes role from  FOLLOWER to FOLLOWER at term 48 for recognizeCandidate:c661ec13-19db-400c-b7a5-525d9c97029d
2019-10-25 11:01:01,846 [grpc-default-executor-7] INFO  impl.RoleInfo (RoleInfo.java:shutdownFollowerState(121)) - 98a94502-2c87-40a7-b3de-b58821969ff5: shutdown FollowerState
2019-10-25 11:01:01,847 [grpc-default-executor-0] INFO  impl.RoleInfo (RoleInfo.java:shutdownFollowerState(121)) - ef252736-79c5-4662-a0c7-91e85b60cae7: shutdown FollowerState
2019-10-25 11:01:01,847 [grpc-default-executor-7] INFO  impl.RoleInfo (RoleInfo.java:updateAndGet(143)) - 98a94502-2c87-40a7-b3de-b58821969ff5: start FollowerState
2019-10-25 11:01:01,847 [Thread-903] INFO  impl.FollowerState (FollowerState.java:run(117)) - 98a94502-2c87-40a7-b3de-b58821969ff5@group-75E956CAE081-FollowerState was interrupted: java.lang.InterruptedException: sleep interrupted
2019-10-25 11:01:01,847 [grpc-default-executor-0] INFO  impl.RoleInfo (RoleInfo.java:updateAndGet(143)) - ef252736-79c5-4662-a0c7-91e85b60cae7: start FollowerState
2019-10-25 11:01:01,847 [Thread-904] INFO  impl.FollowerState (FollowerState.java:run(117)) - ef252736-79c5-4662-a0c7-91e85b60cae7@group-75E956CAE081-FollowerState was interrupted: java.lang.InterruptedException: sleep interrupted
2019-10-25 11:01:01,862 [c661ec13-19db-400c-b7a5-525d9c97029d@group-75E956CAE081-LeaderElection57] INFO  impl.LeaderElection (LeaderElection.java:logAndReturn(56)) - c661ec13-19db-400c-b7a5-525d9c97029d@group-75E956CAE081-LeaderElection57: Election REJECTED; received 2 response(s) [c661ec13-19db-400c-b7a5-525d9c97029d<-98a94502-2c87-40a7-b3de-b58821969ff5#0:FAIL-t48, c661ec13-19db-400c-b7a5-525d9c97029d<-ef252736-79c5-4662-a0c7-91e85b60cae7#0:FAIL-t48] and 0 exception(s); c661ec13-19db-400c-b7a5-525d9c97029d@group-75E956CAE081:t48, leader=null, voted=c661ec13-19db-400c-b7a5-525d9c97029d, raftlog=c661ec13-19db-400c-b7a5-525d9c97029d@group-75E956CAE081-SegmentedRaftLog:OPENED:c3,f4,i4, conf=0: [98a94502-2c87-40a7-b3de-b58821969ff5:192.168.157.233:45458, ef252736-79c5-4662-a0c7-91e85b60cae7:192.168.157.233:36823, c661ec13-19db-400c-b7a5-525d9c97029d:192.168.157.233:33523], old=null
2019-10-25 11:01:01,862 [c661ec13-19db-400c-b7a5-525d9c97029d@group-75E956CAE081-LeaderElection57] INFO  impl.RaftServerImpl (RaftServerImpl.java:setRole(184)) - c661ec13-19db-400c-b7a5-525d9c97029d@group-75E956CAE081: changes role from CANDIDATE to FOLLOWER at term 48 for DISCOVERED_A_NEW_TERM
2019-10-25 11:01:01,862 [c661ec13-19db-400c-b7a5-525d9c97029d@group-75E956CAE081-LeaderElection57] INFO  impl.RoleInfo (RoleInfo.java:shutdownLeaderElection(134)) - c661ec13-19db-400c-b7a5-525d9c97029d: shutdown LeaderElection
2019-10-25 11:01:01,862 [c661ec13-19db-400c-b7a5-525d9c97029d@group-75E956CAE081-LeaderElection57] INFO  impl.RoleInfo (RoleInfo.java:updateAndGet(143)) - c661ec13-19db-400c-b7a5-525d9c97029d: start FollowerState
2019-10-25 11:01:02,043 [Thread-911] INFO  impl.FollowerState (FollowerState.java:run(108)) - c661ec13-19db-400c-b7a5-525d9c97029d@group-75E956CAE081-FollowerState: change to CANDIDATE, lastRpcTime:180ms, electionTimeout:180ms
2019-10-25 11:01:02,043 [Thread-911] INFO  impl.RoleInfo (RoleInfo.java:shutdownFollowerState(121)) - c661ec13-19db-400c-b7a5-525d9c97029d: shutdown FollowerState
2019-10-25 11:01:02,043 [Thread-911] INFO  impl.RaftServerImpl (RaftServerImpl.java:setRole(184)) - c661ec13-19db-400c-b7a5-525d9c97029d@group-75E956CAE081: changes role from  FOLLOWER to CANDIDATE at term 48 for changeToCandidate
2019-10-25 11:01:02,043 [Thread-911] INFO  impl.RoleInfo (RoleInfo.java:updateAndGet(143)) - c661ec13-19db-400c-b7a5-525d9c97029d: start LeaderElection
2019-10-25 11:01:02,057 [c661ec13-19db-400c-b7a5-525d9c97029d@group-75E956CAE081-LeaderElection58] INFO  impl.LeaderElection (LeaderElection.java:askForVotes(178)) - c661ec13-19db-400c-b7a5-525d9c97029d@group-75E956CAE081-LeaderElection58: begin an election at term 49 for 0: [98a94502-2c87-40a7-b3de-b58821969ff5:192.168.157.233:45458, ef252736-79c5-4662-a0c7-91e85b60cae7:192.168.157.233:36823, c661ec13-19db-400c-b7a5-525d9c97029d:192.168.157.233:33523], old=null
2019-10-25 11:01:02,060 [grpc-default-executor-0] INFO  impl.RaftServerImpl (RaftServerImpl.java:setRole(184)) - ef252736-79c5-4662-a0c7-91e85b60cae7@group-75E956CAE081: changes role from  FOLLOWER to FOLLOWER at term 49 for recognizeCandidate:c661ec13-19db-400c-b7a5-525d9c97029d
2019-10-25 11:01:02,060 [grpc-default-executor-7] INFO  impl.RaftServerImpl (RaftServerImpl.java:setRole(184)) - 98a94502-2c87-40a7-b3de-b58821969ff5@group-75E956CAE081: changes role from  FOLLOWER to FOLLOWER at term 49 for recognizeCandidate:c661ec13-19db-400c-b7a5-525d9c97029d
2019-10-25 11:01:02,060 [grpc-default-executor-0] INFO  impl.RoleInfo (RoleInfo.java:shutdownFollowerState(121)) - ef252736-79c5-4662-a0c7-91e85b60cae7: shutdown FollowerState
2019-10-25 11:01:02,060 [grpc-default-executor-7] INFO  impl.RoleInfo (RoleInfo.java:shutdownFollowerState(121)) - 98a94502-2c87-40a7-b3de-b58821969ff5: shutdown FollowerState
2019-10-25 11:01:02,061 [grpc-default-executor-0] INFO  impl.RoleInfo (RoleInfo.java:updateAndGet(143)) - ef252736-79c5-4662-a0c7-91e85b60cae7: start FollowerState
2019-10-25 11:01:02,061 [Thread-910] INFO  impl.FollowerState (FollowerState.java:run(117)) - ef252736-79c5-4662-a0c7-91e85b60cae7@group-75E956CAE081-FollowerState was interrupted: java.lang.InterruptedException: sleep interrupted
2019-10-25 11:01:02,061 [grpc-default-executor-7] INFO  impl.RoleInfo (RoleInfo.java:updateAndGet(143)) - 98a94502-2c87-40a7-b3de-b58821969ff5: start FollowerState
2019-10-25 11:01:02,061 [Thread-909] INFO  impl.FollowerState (FollowerState.java:run(117)) - 98a94502-2c87-40a7-b3de-b58821969ff5@group-75E956CAE081-FollowerState was interrupted: java.lang.InterruptedException: sleep interrupted
2019-10-25 11:01:02,076 [c661ec13-19db-400c-b7a5-525d9c97029d@group-75E956CAE081-LeaderElection58] INFO  impl.LeaderElection (LeaderElection.java:logAndReturn(56)) - c661ec13-19db-400c-b7a5-525d9c97029d@group-75E956CAE081-LeaderElection58: Election REJECTED; received 2 response(s) [c661ec13-19db-400c-b7a5-525d9c97029d<-98a94502-2c87-40a7-b3de-b58821969ff5#0:FAIL-t49, c661ec13-19db-400c-b7a5-525d9c97029d<-ef252736-79c5-4662-a0c7-91e85b60cae7#0:FAIL-t49] and 0 exception(s); c661ec13-19db-400c-b7a5-525d9c97029d@group-75E956CAE081:t49, leader=null, voted=c661ec13-19db-400c-b7a5-525d9c97029d, raftlog=c661ec13-19db-400c-b7a5-525d9c97029d@group-75E956CAE081-SegmentedRaftLog:OPENED:c3,f4,i4, conf=0: [98a94502-2c87-40a7-b3de-b58821969ff5:192.168.157.233:45458, ef252736-79c5-4662-a0c7-91e85b60cae7:192.168.157.233:36823, c661ec13-19db-400c-b7a5-525d9c97029d:192.168.157.233:33523], old=null
2019-10-25 11:01:02,076 [c661ec13-19db-400c-b7a5-525d9c97029d@group-75E956CAE081-LeaderElection58] INFO  impl.RaftServerImpl (RaftServerImpl.java:setRole(184)) - c661ec13-19db-400c-b7a5-525d9c97029d@group-75E956CAE081: changes role from CANDIDATE to FOLLOWER at term 49 for DISCOVERED_A_NEW_TERM
2019-10-25 11:01:02,076 [c661ec13-19db-400c-b7a5-525d9c97029d@group-75E956CAE081-LeaderElection58] INFO  impl.RoleInfo (RoleInfo.java:shutdownLeaderElection(134)) - c661ec13-19db-400c-b7a5-525d9c97029d: shutdown LeaderElection
2019-10-25 11:01:02,076 [c661ec13-19db-400c-b7a5-525d9c97029d@group-75E956CAE081-LeaderElection58] INFO  impl.RoleInfo (RoleInfo.java:updateAndGet(143)) - c661ec13-19db-400c-b7a5-525d9c97029d: start FollowerState
2019-10-25 11:01:02,235 [Thread-917] INFO  impl.FollowerState (FollowerState.java:run(108)) - c661ec13-19db-400c-b7a5-525d9c97029d@group-75E956CAE081-FollowerState: change to CANDIDATE, lastRpcTime:158ms, electionTimeout:158ms
2019-10-25 11:01:02,235 [Thread-917] INFO  impl.RoleInfo (RoleInfo.java:shutdownFollowerState(121)) - c661ec13-19db-400c-b7a5-525d9c97029d: shutdown FollowerState
2019-10-25 11:01:02,235 [Thread-917] INFO  impl.RaftServerImpl (RaftServerImpl.java:setRole(184)) - c661ec13-19db-400c-b7a5-525d9c97029d@group-75E956CAE081: changes role from  FOLLOWER to CANDIDATE at term 49 for changeToCandidate
2019-10-25 11:01:02,235 [Thread-917] INFO  impl.RoleInfo (RoleInfo.java:updateAndGet(143)) - c661ec13-19db-400c-b7a5-525d9c97029d: start LeaderElection
2019-10-25 11:01:02,262 [c661ec13-19db-400c-b7a5-525d9c97029d@group-75E956CAE081-LeaderElection59] INFO  impl.LeaderElection (LeaderElection.java:askForVotes(178)) - c661ec13-19db-400c-b7a5-525d9c97029d@group-75E956CAE081-LeaderElection59: begin an election at term 50 for 0: [98a94502-2c87-40a7-b3de-b58821969ff5:192.168.157.233:45458, ef252736-79c5-4662-a0c7-91e85b60cae7:192.168.157.233:36823, c661ec13-19db-400c-b7a5-525d9c97029d:192.168.157.233:33523], old=null
2019-10-25 11:01:02,264 [grpc-default-executor-7] INFO  impl.RaftServerImpl (RaftServerImpl.java:setRole(184)) - 98a94502-2c87-40a7-b3de-b58821969ff5@group-75E956CAE081: changes role from  FOLLOWER to FOLLOWER at term 50 for recognizeCandidate:c661ec13-19db-400c-b7a5-525d9c97029d
2019-10-25 11:01:02,265 [grpc-default-executor-7] INFO  impl.RoleInfo (RoleInfo.java:shutdownFollowerState(121)) - 98a94502-2c87-40a7-b3de-b58821969ff5: shutdown FollowerState
2019-10-25 11:01:02,264 [grpc-default-executor-0] INFO  impl.RaftServerImpl (RaftServerImpl.java:setRole(184)) - ef252736-79c5-4662-a0c7-91e85b60cae7@group-75E956CAE081: changes role from  FOLLOWER to FOLLOWER at term 50 for recognizeCandidate:c661ec13-19db-400c-b7a5-525d9c97029d
2019-10-25 11:01:02,265 [grpc-default-executor-0] INFO  impl.RoleInfo (RoleInfo.java:shutdownFollowerState(121)) - ef252736-79c5-4662-a0c7-91e85b60cae7: shutdown FollowerState
2019-10-25 11:01:02,265 [grpc-default-executor-7] INFO  impl.RoleInfo (RoleInfo.java:updateAndGet(143)) - 98a94502-2c87-40a7-b3de-b58821969ff5: start FollowerState
2019-10-25 11:01:02,265 [Thread-916] INFO  impl.FollowerState (FollowerState.java:run(117)) - 98a94502-2c87-40a7-b3de-b58821969ff5@group-75E956CAE081-FollowerState was interrupted: java.lang.InterruptedException: sleep interrupted
2019-10-25 11:01:02,265 [Thread-915] INFO  impl.FollowerState (FollowerState.java:run(117)) - ef252736-79c5-4662-a0c7-91e85b60cae7@group-75E956CAE081-FollowerState was interrupted: java.lang.InterruptedException: sleep interrupted
2019-10-25 11:01:02,265 [grpc-default-executor-0] INFO  impl.RoleInfo (RoleInfo.java:updateAndGet(143)) - ef252736-79c5-4662-a0c7-91e85b60cae7: start FollowerState
2019-10-25 11:01:02,280 [c661ec13-19db-400c-b7a5-525d9c97029d@group-75E956CAE081-LeaderElection59] INFO  impl.LeaderElection (LeaderElection.java:logAndReturn(56)) - c661ec13-19db-400c-b7a5-525d9c97029d@group-75E956CAE081-LeaderElection59: Election REJECTED; received 2 response(s) [c661ec13-19db-400c-b7a5-525d9c97029d<-98a94502-2c87-40a7-b3de-b58821969ff5#0:FAIL-t50, c661ec13-19db-400c-b7a5-525d9c97029d<-ef252736-79c5-4662-a0c7-91e85b60cae7#0:FAIL-t50] and 0 exception(s); c661ec13-19db-400c-b7a5-525d9c97029d@group-75E956CAE081:t50, leader=null, voted=c661ec13-19db-400c-b7a5-525d9c97029d, raftlog=c661ec13-19db-400c-b7a5-525d9c97029d@group-75E956CAE081-SegmentedRaftLog:OPENED:c3,f4,i4, conf=0: [98a94502-2c87-40a7-b3de-b58821969ff5:192.168.157.233:45458, ef252736-79c5-4662-a0c7-91e85b60cae7:192.168.157.233:36823, c661ec13-19db-400c-b7a5-525d9c97029d:192.168.157.233:33523], old=null
2019-10-25 11:01:02,280 [c661ec13-19db-400c-b7a5-525d9c97029d@group-75E956CAE081-LeaderElection59] INFO  impl.RaftServerImpl (RaftServerImpl.java:setRole(184)) - c661ec13-19db-400c-b7a5-525d9c97029d@group-75E956CAE081: changes role from CANDIDATE to FOLLOWER at term 50 for DISCOVERED_A_NEW_TERM
2019-10-25 11:01:02,280 [c661ec13-19db-400c-b7a5-525d9c97029d@group-75E956CAE081-LeaderElection59] INFO  impl.RoleInfo (RoleInfo.java:shutdownLeaderElection(134)) - c661ec13-19db-400c-b7a5-525d9c97029d: shutdown LeaderElection
2019-10-25 11:01:02,280 [c661ec13-19db-400c-b7a5-525d9c97029d@group-75E956CAE081-LeaderElection59] INFO  impl.RoleInfo (RoleInfo.java:updateAndGet(143)) - c661ec13-19db-400c-b7a5-525d9c97029d: start FollowerState
2019-10-25 11:01:02,289 [Thread-925] INFO  impl.FollowerState (FollowerState.java:run(108)) - c661ec13-19db-400c-b7a5-525d9c97029d@group-75E956CAE081-FollowerState: change to CANDIDATE, lastRpcTime:8ms, electionTimeout:8ms
2019-10-25 11:01:02,289 [Thread-925] INFO  impl.RoleInfo (RoleInfo.java:shutdownFollowerState(121)) - c661ec13-19db-400c-b7a5-525d9c97029d: shutdown FollowerState
2019-10-25 11:01:02,289 [Thread-925] INFO  impl.RaftServerImpl (RaftServerImpl.java:setRole(184)) - c661ec13-19db-400c-b7a5-525d9c97029d@group-75E956CAE081: changes role from  FOLLOWER to CANDIDATE at term 50 for changeToCandidate
2019-10-25 11:01:02,289 [Thread-925] INFO  impl.RoleInfo (RoleInfo.java:updateAndGet(143)) - c661ec13-19db-400c-b7a5-525d9c97029d: start LeaderElection
2019-10-25 11:01:02,302 [c661ec13-19db-400c-b7a5-525d9c97029d@group-75E956CAE081-LeaderElection60] INFO  impl.LeaderElection (LeaderElection.java:askForVotes(178)) - c661ec13-19db-400c-b7a5-525d9c97029d@group-75E956CAE081-LeaderElection60: begin an election at term 51 for 0: [98a94502-2c87-40a7-b3de-b58821969ff5:192.168.157.233:45458, ef252736-79c5-4662-a0c7-91e85b60cae7:192.168.157.233:36823, c661ec13-19db-400c-b7a5-525d9c97029d:192.168.157.233:33523], old=null
2019-10-25 11:01:02,304 [grpc-default-executor-0] INFO  impl.RaftServerImpl (RaftServerImpl.java:setRole(184)) - ef252736-79c5-4662-a0c7-91e85b60cae7@group-75E956CAE081: changes role from  FOLLOWER to FOLLOWER at term 51 for recognizeCandidate:c661ec13-19db-400c-b7a5-525d9c97029d
2019-10-25 11:01:02,304 [grpc-default-executor-0] INFO  impl.RoleInfo (RoleInfo.java:shutdownFollowerState(121)) - ef252736-79c5-4662-a0c7-91e85b60cae7: shutdown FollowerState
2019-10-25 11:01:02,304 [grpc-default-executor-0] INFO  impl.RoleInfo (RoleInfo.java:updateAndGet(143)) - ef252736-79c5-4662-a0c7-91e85b60cae7: start FollowerState
2019-10-25 11:01:02,305 [grpc-default-executor-7] INFO  impl.RaftServerImpl (RaftServerImpl.java:setRole(184)) - 98a94502-2c87-40a7-b3de-b58821969ff5@group-75E956CAE081: changes role from  FOLLOWER to FOLLOWER at term 51 for recognizeCandidate:c661ec13-19db-400c-b7a5-525d9c97029d
2019-10-25 11:01:02,305 [grpc-default-executor-7] INFO  impl.RoleInfo (RoleInfo.java:shutdownFollowerState(121)) - 98a94502-2c87-40a7-b3de-b58821969ff5: shutdown FollowerState
2019-10-25 11:01:02,304 [Thread-924] INFO  impl.FollowerState (FollowerState.java:run(117)) - ef252736-79c5-4662-a0c7-91e85b60cae7@group-75E956CAE081-FollowerState was interrupted: java.lang.InterruptedException: sleep interrupted
2019-10-25 11:01:02,305 [Thread-923] INFO  impl.FollowerState (FollowerState.java:run(117)) - 98a94502-2c87-40a7-b3de-b58821969ff5@group-75E956CAE081-FollowerState was interrupted: java.lang.InterruptedException: sleep interrupted
2019-10-25 11:01:02,305 [grpc-default-executor-7] INFO  impl.RoleInfo (RoleInfo.java:updateAndGet(143)) - 98a94502-2c87-40a7-b3de-b58821969ff5: start FollowerState
2019-10-25 11:01:02,327 [c661ec13-19db-400c-b7a5-525d9c97029d@group-75E956CAE081-LeaderElection60] INFO  impl.LeaderElection (LeaderElection.java:logAndReturn(56)) - c661ec13-19db-400c-b7a5-525d9c97029d@group-75E956CAE081-LeaderElection60: Election REJECTED; received 2 response(s) [c661ec13-19db-400c-b7a5-525d9c97029d<-98a94502-2c87-40a7-b3de-b58821969ff5#0:FAIL-t51, c661ec13-19db-400c-b7a5-525d9c97029d<-ef252736-79c5-4662-a0c7-91e85b60cae7#0:FAIL-t51] and 0 exception(s); c661ec13-19db-400c-b7a5-525d9c97029d@group-75E956CAE081:t51, leader=null, voted=c661ec13-19db-400c-b7a5-525d9c97029d, raftlog=c661ec13-19db-400c-b7a5-525d9c97029d@group-75E956CAE081-SegmentedRaftLog:OPENED:c3,f4,i4, conf=0: [98a94502-2c87-40a7-b3de-b58821969ff5:192.168.157.233:45458, ef252736-79c5-4662-a0c7-91e85b60cae7:192.168.157.233:36823, c661ec13-19db-400c-b7a5-525d9c97029d:192.168.157.233:33523], old=null
2019-10-25 11:01:02,327 [c661ec13-19db-400c-b7a5-525d9c97029d@group-75E956CAE081-LeaderElection60] INFO  impl.RaftServerImpl (RaftServerImpl.java:setRole(184)) - c661ec13-19db-400c-b7a5-525d9c97029d@group-75E956CAE081: changes role from CANDIDATE to FOLLOWER at term 51 for DISCOVERED_A_NEW_TERM
2019-10-25 11:01:02,327 [c661ec13-19db-400c-b7a5-525d9c97029d@group-75E956CAE081-LeaderElection60] INFO  impl.RoleInfo (RoleInfo.java:shutdownLeaderElection(134)) - c661ec13-19db-400c-b7a5-525d9c97029d: shutdown LeaderElection
2019-10-25 11:01:02,327 [c661ec13-19db-400c-b7a5-525d9c97029d@group-75E956CAE081-LeaderElection60] INFO  impl.RoleInfo (RoleInfo.java:updateAndGet(143)) - c661ec13-19db-400c-b7a5-525d9c97029d: start FollowerState
2019-10-25 11:01:02,353 [BlockDeletingService#4] WARN  background.BlockDeletingService (BlockDeletingService.java:isDeletionAllowed(187)) - Close Container log Index 6 is not replicated across allthe servers in the pipeline 4b59a773-7942-4ce0-97fc-75e956cae081 as the min replicated index is 4. Deletion is not allowed in this container yet.
2019-10-25 11:01:02,353 [BlockDeletingService#2] WARN  background.BlockDeletingService (BlockDeletingService.java:isDeletionAllowed(187)) - Close Container log Index 6 is not replicated across allthe servers in the pipeline 4b59a773-7942-4ce0-97fc-75e956cae081 as the min replicated index is 4. Deletion is not allowed in this container yet.
2019-10-25 11:01:02,526 [Thread-931] INFO  impl.FollowerState (FollowerState.java:run(108)) - c661ec13-19db-400c-b7a5-525d9c97029d@group-75E956CAE081-FollowerState: change to CANDIDATE, lastRpcTime:198ms, electionTimeout:198ms
2019-10-25 11:01:02,526 [Thread-931] INFO  impl.RoleInfo (RoleInfo.java:shutdownFollowerState(121)) - c661ec13-19db-400c-b7a5-525d9c97029d: shutdown FollowerState
2019-10-25 11:01:02,526 [Thread-931] INFO  impl.RaftServerImpl (RaftServerImpl.java:setRole(184)) - c661ec13-19db-400c-b7a5-525d9c97029d@group-75E956CAE081: changes role from  FOLLOWER to CANDIDATE at term 51 for changeToCandidate
2019-10-25 11:01:02,526 [Thread-931] INFO  impl.RoleInfo (RoleInfo.java:updateAndGet(143)) - c661ec13-19db-400c-b7a5-525d9c97029d: start LeaderElection
2019-10-25 11:01:02,552 [c661ec13-19db-400c-b7a5-525d9c97029d@group-75E956CAE081-LeaderElection61] INFO  impl.LeaderElection (LeaderElection.java:askForVotes(178)) - c661ec13-19db-400c-b7a5-525d9c97029d@group-75E956CAE081-LeaderElection61: begin an election at term 52 for 0: [98a94502-2c87-40a7-b3de-b58821969ff5:192.168.157.233:45458, ef252736-79c5-4662-a0c7-91e85b60cae7:192.168.157.233:36823, c661ec13-19db-400c-b7a5-525d9c97029d:192.168.157.233:33523], old=null
2019-10-25 11:01:02,556 [grpc-default-executor-0] INFO  impl.RaftServerImpl (RaftServerImpl.java:setRole(184)) - 98a94502-2c87-40a7-b3de-b58821969ff5@group-75E956CAE081: changes role from  FOLLOWER to FOLLOWER at term 52 for recognizeCandidate:c661ec13-19db-400c-b7a5-525d9c97029d
2019-10-25 11:01:02,556 [grpc-default-executor-0] INFO  impl.RoleInfo (RoleInfo.java:shutdownFollowerState(121)) - 98a94502-2c87-40a7-b3de-b58821969ff5: shutdown FollowerState
2019-10-25 11:01:02,556 [grpc-default-executor-7] INFO  impl.RaftServerImpl (RaftServerImpl.java:setRole(184)) - ef252736-79c5-4662-a0c7-91e85b60cae7@group-75E956CAE081: changes role from  FOLLOWER to FOLLOWER at term 52 for recognizeCandidate:c661ec13-19db-400c-b7a5-525d9c97029d
2019-10-25 11:01:02,556 [grpc-default-executor-7] INFO  impl.RoleInfo (RoleInfo.java:shutdownFollowerState(121)) - ef252736-79c5-4662-a0c7-91e85b60cae7: shutdown FollowerState
2019-10-25 11:01:02,559 [Thread-929] INFO  impl.FollowerState (FollowerState.java:run(117)) - ef252736-79c5-4662-a0c7-91e85b60cae7@group-75E956CAE081-FollowerState was interrupted: java.lang.InterruptedException: sleep interrupted
2019-10-25 11:01:02,559 [grpc-default-executor-7] INFO  impl.RoleInfo (RoleInfo.java:updateAndGet(143)) - ef252736-79c5-4662-a0c7-91e85b60cae7: start FollowerState
2019-10-25 11:01:02,559 [Thread-930] INFO  impl.FollowerState (FollowerState.java:run(117)) - 98a94502-2c87-40a7-b3de-b58821969ff5@group-75E956CAE081-FollowerState was interrupted: java.lang.InterruptedException: sleep interrupted
2019-10-25 11:01:02,559 [grpc-default-executor-0] INFO  impl.RoleInfo (RoleInfo.java:updateAndGet(143)) - 98a94502-2c87-40a7-b3de-b58821969ff5: start FollowerState
2019-10-25 11:01:02,590 [Thread-941] INFO  client.GrpcClientProtocolService (GrpcClientProtocolService.java:lambda$processClientRequest$0(278)) - Failed RaftClientRequest:client-E2DCCEC0A424->c661ec13-19db-400c-b7a5-525d9c97029d@group-75E956CAE081, cid=10, seq=0, Watch-ALL_COMMITTED(6), Message:<EMPTY>, reply=RaftClientReply:client-E2DCCEC0A424->c661ec13-19db-400c-b7a5-525d9c97029d@group-75E956CAE081, cid=10, FAILED org.apache.ratis.protocol.NotLeaderException: Server c661ec13-19db-400c-b7a5-525d9c97029d@group-75E956CAE081 is not the leader, logIndex=0, commits[c661ec13-19db-400c-b7a5-525d9c97029d:c3]
2019-10-25 11:01:02,592 [c661ec13-19db-400c-b7a5-525d9c97029d@group-75E956CAE081-LeaderElection61] INFO  impl.LeaderElection (LeaderElection.java:logAndReturn(56)) - c661ec13-19db-400c-b7a5-525d9c97029d@group-75E956CAE081-LeaderElection61: Election REJECTED; received 2 response(s) [c661ec13-19db-400c-b7a5-525d9c97029d<-98a94502-2c87-40a7-b3de-b58821969ff5#0:FAIL-t52, c661ec13-19db-400c-b7a5-525d9c97029d<-ef252736-79c5-4662-a0c7-91e85b60cae7#0:FAIL-t52] and 0 exception(s); c661ec13-19db-400c-b7a5-525d9c97029d@group-75E956CAE081:t52, leader=null, voted=c661ec13-19db-400c-b7a5-525d9c97029d, raftlog=c661ec13-19db-400c-b7a5-525d9c97029d@group-75E956CAE081-SegmentedRaftLog:OPENED:c3,f4,i4, conf=0: [98a94502-2c87-40a7-b3de-b58821969ff5:192.168.157.233:45458, ef252736-79c5-4662-a0c7-91e85b60cae7:192.168.157.233:36823, c661ec13-19db-400c-b7a5-525d9c97029d:192.168.157.233:33523], old=null
2019-10-25 11:01:02,593 [c661ec13-19db-400c-b7a5-525d9c97029d@group-75E956CAE081-LeaderElection61] INFO  impl.RaftServerImpl (RaftServerImpl.java:setRole(184)) - c661ec13-19db-400c-b7a5-525d9c97029d@group-75E956CAE081: changes role from CANDIDATE to FOLLOWER at term 52 for DISCOVERED_A_NEW_TERM
2019-10-25 11:01:02,593 [c661ec13-19db-400c-b7a5-525d9c97029d@group-75E956CAE081-LeaderElection61] INFO  impl.RoleInfo (RoleInfo.java:shutdownLeaderElection(134)) - c661ec13-19db-400c-b7a5-525d9c97029d: shutdown LeaderElection
2019-10-25 11:01:02,593 [c661ec13-19db-400c-b7a5-525d9c97029d@group-75E956CAE081-LeaderElection61] INFO  impl.RoleInfo (RoleInfo.java:updateAndGet(143)) - c661ec13-19db-400c-b7a5-525d9c97029d: start FollowerState
2019-10-25 11:01:02,688 [Thread-943] INFO  impl.FollowerState (FollowerState.java:run(108)) - c661ec13-19db-400c-b7a5-525d9c97029d@group-75E956CAE081-FollowerState: change to CANDIDATE, lastRpcTime:95ms, electionTimeout:94ms
2019-10-25 11:01:02,688 [Thread-943] INFO  impl.RoleInfo (RoleInfo.java:shutdownFollowerState(121)) - c661ec13-19db-400c-b7a5-525d9c97029d: shutdown FollowerState
2019-10-25 11:01:02,689 [Thread-943] INFO  impl.RaftServerImpl (RaftServerImpl.java:setRole(184)) - c661ec13-19db-400c-b7a5-525d9c97029d@group-75E956CAE081: changes role from  FOLLOWER to CANDIDATE at term 52 for changeToCandidate
2019-10-25 11:01:02,689 [Thread-943] INFO  impl.RoleInfo (RoleInfo.java:updateAndGet(143)) - c661ec13-19db-400c-b7a5-525d9c97029d: start LeaderElection
2019-10-25 11:01:02,711 [c661ec13-19db-400c-b7a5-525d9c97029d@group-75E956CAE081-LeaderElection62] INFO  impl.LeaderElection (LeaderElection.java:askForVotes(178)) - c661ec13-19db-400c-b7a5-525d9c97029d@group-75E956CAE081-LeaderElection62: begin an election at term 53 for 0: [98a94502-2c87-40a7-b3de-b58821969ff5:192.168.157.233:45458, ef252736-79c5-4662-a0c7-91e85b60cae7:192.168.157.233:36823, c661ec13-19db-400c-b7a5-525d9c97029d:192.168.157.233:33523], old=null
2019-10-25 11:01:02,713 [grpc-default-executor-7] INFO  impl.RaftServerImpl (RaftServerImpl.java:setRole(184)) - ef252736-79c5-4662-a0c7-91e85b60cae7@group-75E956CAE081: changes role from  FOLLOWER to FOLLOWER at term 53 for recognizeCandidate:c661ec13-19db-400c-b7a5-525d9c97029d
2019-10-25 11:01:02,714 [grpc-default-executor-0] INFO  impl.RaftServerImpl (RaftServerImpl.java:setRole(184)) - 98a94502-2c87-40a7-b3de-b58821969ff5@group-75E956CAE081: changes role from  FOLLOWER to FOLLOWER at term 53 for recognizeCandidate:c661ec13-19db-400c-b7a5-525d9c97029d
2019-10-25 11:01:02,714 [grpc-default-executor-7] INFO  impl.RoleInfo (RoleInfo.java:shutdownFollowerState(121)) - ef252736-79c5-4662-a0c7-91e85b60cae7: shutdown FollowerState
2019-10-25 11:01:02,714 [grpc-default-executor-0] INFO  impl.RoleInfo (RoleInfo.java:shutdownFollowerState(121)) - 98a94502-2c87-40a7-b3de-b58821969ff5: shutdown FollowerState
2019-10-25 11:01:02,714 [Thread-938] INFO  impl.FollowerState (FollowerState.java:run(117)) - ef252736-79c5-4662-a0c7-91e85b60cae7@group-75E956CAE081-FollowerState was interrupted: java.lang.InterruptedException: sleep interrupted
2019-10-25 11:01:02,714 [grpc-default-executor-7] INFO  impl.RoleInfo (RoleInfo.java:updateAndGet(143)) - ef252736-79c5-4662-a0c7-91e85b60cae7: start FollowerState
2019-10-25 11:01:02,714 [Thread-939] INFO  impl.FollowerState (FollowerState.java:run(117)) - 98a94502-2c87-40a7-b3de-b58821969ff5@group-75E956CAE081-FollowerState was interrupted: java.lang.InterruptedException: sleep interrupted
2019-10-25 11:01:02,714 [grpc-default-executor-0] INFO  impl.RoleInfo (RoleInfo.java:updateAndGet(143)) - 98a94502-2c87-40a7-b3de-b58821969ff5: start FollowerState
2019-10-25 11:01:02,730 [c661ec13-19db-400c-b7a5-525d9c97029d@group-75E956CAE081-LeaderElection62] INFO  impl.LeaderElection (LeaderElection.java:logAndReturn(56)) - c661ec13-19db-400c-b7a5-525d9c97029d@group-75E956CAE081-LeaderElection62: Election REJECTED; received 2 response(s) [c661ec13-19db-400c-b7a5-525d9c97029d<-98a94502-2c87-40a7-b3de-b58821969ff5#0:FAIL-t53, c661ec13-19db-400c-b7a5-525d9c97029d<-ef252736-79c5-4662-a0c7-91e85b60cae7#0:FAIL-t53] and 0 exception(s); c661ec13-19db-400c-b7a5-525d9c97029d@group-75E956CAE081:t53, leader=null, voted=c661ec13-19db-400c-b7a5-525d9c97029d, raftlog=c661ec13-19db-400c-b7a5-525d9c97029d@group-75E956CAE081-SegmentedRaftLog:OPENED:c3,f4,i4, conf=0: [98a94502-2c87-40a7-b3de-b58821969ff5:192.168.157.233:45458, ef252736-79c5-4662-a0c7-91e85b60cae7:192.168.157.233:36823, c661ec13-19db-400c-b7a5-525d9c97029d:192.168.157.233:33523], old=null
2019-10-25 11:01:02,730 [c661ec13-19db-400c-b7a5-525d9c97029d@group-75E956CAE081-LeaderElection62] INFO  impl.RaftServerImpl (RaftServerImpl.java:setRole(184)) - c661ec13-19db-400c-b7a5-525d9c97029d@group-75E956CAE081: changes role from CANDIDATE to FOLLOWER at term 53 for DISCOVERED_A_NEW_TERM
2019-10-25 11:01:02,730 [c661ec13-19db-400c-b7a5-525d9c97029d@group-75E956CAE081-LeaderElection62] INFO  impl.RoleInfo (RoleInfo.java:shutdownLeaderElection(134)) - c661ec13-19db-400c-b7a5-525d9c97029d: shutdown LeaderElection
2019-10-25 11:01:02,730 [c661ec13-19db-400c-b7a5-525d9c97029d@group-75E956CAE081-LeaderElection62] INFO  impl.RoleInfo (RoleInfo.java:updateAndGet(143)) - c661ec13-19db-400c-b7a5-525d9c97029d: start FollowerState
2019-10-25 11:01:02,771 [Thread-949] INFO  impl.FollowerState (FollowerState.java:run(108)) - c661ec13-19db-400c-b7a5-525d9c97029d@group-75E956CAE081-FollowerState: change to CANDIDATE, lastRpcTime:40ms, electionTimeout:40ms
2019-10-25 11:01:02,771 [Thread-949] INFO  impl.RoleInfo (RoleInfo.java:shutdownFollowerState(121)) - c661ec13-19db-400c-b7a5-525d9c97029d: shutdown FollowerState
2019-10-25 11:01:02,771 [Thread-949] INFO  impl.RaftServerImpl (RaftServerImpl.java:setRole(184)) - c661ec13-19db-400c-b7a5-525d9c97029d@group-75E956CAE081: changes role from  FOLLOWER to CANDIDATE at term 53 for changeToCandidate
2019-10-25 11:01:02,771 [Thread-949] INFO  impl.RoleInfo (RoleInfo.java:updateAndGet(143)) - c661ec13-19db-400c-b7a5-525d9c97029d: start LeaderElection
2019-10-25 11:01:02,793 [c661ec13-19db-400c-b7a5-525d9c97029d@group-75E956CAE081-LeaderElection63] INFO  impl.LeaderElection (LeaderElection.java:askForVotes(178)) - c661ec13-19db-400c-b7a5-525d9c97029d@group-75E956CAE081-LeaderElection63: begin an election at term 54 for 0: [98a94502-2c87-40a7-b3de-b58821969ff5:192.168.157.233:45458, ef252736-79c5-4662-a0c7-91e85b60cae7:192.168.157.233:36823, c661ec13-19db-400c-b7a5-525d9c97029d:192.168.157.233:33523], old=null
2019-10-25 11:01:02,795 [grpc-default-executor-0] INFO  impl.RaftServerImpl (RaftServerImpl.java:setRole(184)) - ef252736-79c5-4662-a0c7-91e85b60cae7@group-75E956CAE081: changes role from  FOLLOWER to FOLLOWER at term 54 for recognizeCandidate:c661ec13-19db-400c-b7a5-525d9c97029d
2019-10-25 11:01:02,795 [grpc-default-executor-0] INFO  impl.RoleInfo (RoleInfo.java:shutdownFollowerState(121)) - ef252736-79c5-4662-a0c7-91e85b60cae7: shutdown FollowerState
2019-10-25 11:01:02,795 [grpc-default-executor-7] INFO  impl.RaftServerImpl (RaftServerImpl.java:setRole(184)) - 98a94502-2c87-40a7-b3de-b58821969ff5@group-75E956CAE081: changes role from  FOLLOWER to FOLLOWER at term 54 for recognizeCandidate:c661ec13-19db-400c-b7a5-525d9c97029d
2019-10-25 11:01:02,796 [Thread-947] INFO  impl.FollowerState (FollowerState.java:run(117)) - ef252736-79c5-4662-a0c7-91e85b60cae7@group-75E956CAE081-FollowerState was interrupted: java.lang.InterruptedException: sleep interrupted
2019-10-25 11:01:02,796 [grpc-default-executor-0] INFO  impl.RoleInfo (RoleInfo.java:updateAndGet(143)) - ef252736-79c5-4662-a0c7-91e85b60cae7: start FollowerState
2019-10-25 11:01:02,796 [grpc-default-executor-7] INFO  impl.RoleInfo (RoleInfo.java:shutdownFollowerState(121)) - 98a94502-2c87-40a7-b3de-b58821969ff5: shutdown FollowerState
2019-10-25 11:01:02,796 [grpc-default-executor-7] INFO  impl.RoleInfo (RoleInfo.java:updateAndGet(143)) - 98a94502-2c87-40a7-b3de-b58821969ff5: start FollowerState
2019-10-25 11:01:02,796 [Thread-948] INFO  impl.FollowerState (FollowerState.java:run(117)) - 98a94502-2c87-40a7-b3de-b58821969ff5@group-75E956CAE081-FollowerState was interrupted: java.lang.InterruptedException: sleep interrupted
2019-10-25 11:01:02,799 [c661ec13-19db-400c-b7a5-525d9c97029d@group-75E956CAE081-LeaderElection63] INFO  impl.LeaderElection (LeaderElection.java:logAndReturn(56)) - c661ec13-19db-400c-b7a5-525d9c97029d@group-75E956CAE081-LeaderElection63: Election TIMEOUT; received 0 response(s) [] and 0 exception(s); c661ec13-19db-400c-b7a5-525d9c97029d@group-75E956CAE081:t54, leader=null, voted=c661ec13-19db-400c-b7a5-525d9c97029d, raftlog=c661ec13-19db-400c-b7a5-525d9c97029d@group-75E956CAE081-SegmentedRaftLog:OPENED:c3,f4,i4, conf=0: [98a94502-2c87-40a7-b3de-b58821969ff5:192.168.157.233:45458, ef252736-79c5-4662-a0c7-91e85b60cae7:192.168.157.233:36823, c661ec13-19db-400c-b7a5-525d9c97029d:192.168.157.233:33523], old=null
2019-10-25 11:01:02,810 [c661ec13-19db-400c-b7a5-525d9c97029d@group-75E956CAE081-LeaderElection63] INFO  impl.LeaderElection (LeaderElection.java:askForVotes(178)) - c661ec13-19db-400c-b7a5-525d9c97029d@group-75E956CAE081-LeaderElection63: begin an election at term 55 for 0: [98a94502-2c87-40a7-b3de-b58821969ff5:192.168.157.233:45458, ef252736-79c5-4662-a0c7-91e85b60cae7:192.168.157.233:36823, c661ec13-19db-400c-b7a5-525d9c97029d:192.168.157.233:33523], old=null
2019-10-25 11:01:02,811 [grpc-default-executor-0] INFO  impl.RaftServerImpl (RaftServerImpl.java:setRole(184)) - ef252736-79c5-4662-a0c7-91e85b60cae7@group-75E956CAE081: changes role from  FOLLOWER to FOLLOWER at term 55 for recognizeCandidate:c661ec13-19db-400c-b7a5-525d9c97029d
2019-10-25 11:01:02,811 [grpc-default-executor-7] INFO  impl.RaftServerImpl (RaftServerImpl.java:setRole(184)) - 98a94502-2c87-40a7-b3de-b58821969ff5@group-75E956CAE081: changes role from  FOLLOWER to FOLLOWER at term 55 for recognizeCandidate:c661ec13-19db-400c-b7a5-525d9c97029d
2019-10-25 11:01:02,812 [grpc-default-executor-0] INFO  impl.RoleInfo (RoleInfo.java:shutdownFollowerState(121)) - ef252736-79c5-4662-a0c7-91e85b60cae7: shutdown FollowerState
2019-10-25 11:01:02,812 [grpc-default-executor-7] INFO  impl.RoleInfo (RoleInfo.java:shutdownFollowerState(121)) - 98a94502-2c87-40a7-b3de-b58821969ff5: shutdown FollowerState
2019-10-25 11:01:02,812 [Thread-953] INFO  impl.FollowerState (FollowerState.java:run(117)) - ef252736-79c5-4662-a0c7-91e85b60cae7@group-75E956CAE081-FollowerState was interrupted: java.lang.InterruptedException: sleep interrupted
2019-10-25 11:01:02,812 [Thread-954] INFO  impl.FollowerState (FollowerState.java:run(117)) - 98a94502-2c87-40a7-b3de-b58821969ff5@group-75E956CAE081-FollowerState was interrupted: java.lang.InterruptedException: sleep interrupted
2019-10-25 11:01:02,812 [grpc-default-executor-0] INFO  impl.RoleInfo (RoleInfo.java:updateAndGet(143)) - ef252736-79c5-4662-a0c7-91e85b60cae7: start FollowerState
2019-10-25 11:01:02,812 [grpc-default-executor-7] INFO  impl.RoleInfo (RoleInfo.java:updateAndGet(143)) - 98a94502-2c87-40a7-b3de-b58821969ff5: start FollowerState
2019-10-25 11:01:02,820 [c661ec13-19db-400c-b7a5-525d9c97029d@group-75E956CAE081-LeaderElection63] INFO  impl.LeaderElection (LeaderElection.java:logAndReturn(56)) - c661ec13-19db-400c-b7a5-525d9c97029d@group-75E956CAE081-LeaderElection63: Election TIMEOUT; received 0 response(s) [] and 0 exception(s); c661ec13-19db-400c-b7a5-525d9c97029d@group-75E956CAE081:t55, leader=null, voted=c661ec13-19db-400c-b7a5-525d9c97029d, raftlog=c661ec13-19db-400c-b7a5-525d9c97029d@group-75E956CAE081-SegmentedRaftLog:OPENED:c3,f4,i4, conf=0: [98a94502-2c87-40a7-b3de-b58821969ff5:192.168.157.233:45458, ef252736-79c5-4662-a0c7-91e85b60cae7:192.168.157.233:36823, c661ec13-19db-400c-b7a5-525d9c97029d:192.168.157.233:33523], old=null
2019-10-25 11:01:02,827 [c661ec13-19db-400c-b7a5-525d9c97029d@group-75E956CAE081-LeaderElection63] INFO  impl.LeaderElection (LeaderElection.java:askForVotes(178)) - c661ec13-19db-400c-b7a5-525d9c97029d@group-75E956CAE081-LeaderElection63: begin an election at term 56 for 0: [98a94502-2c87-40a7-b3de-b58821969ff5:192.168.157.233:45458, ef252736-79c5-4662-a0c7-91e85b60cae7:192.168.157.233:36823, c661ec13-19db-400c-b7a5-525d9c97029d:192.168.157.233:33523], old=null
2019-10-25 11:01:02,829 [grpc-default-executor-0] INFO  impl.RaftServerImpl (RaftServerImpl.java:setRole(184)) - ef252736-79c5-4662-a0c7-91e85b60cae7@group-75E956CAE081: changes role from  FOLLOWER to FOLLOWER at term 56 for recognizeCandidate:c661ec13-19db-400c-b7a5-525d9c97029d
2019-10-25 11:01:02,829 [grpc-default-executor-0] INFO  impl.RoleInfo (RoleInfo.java:shutdownFollowerState(121)) - ef252736-79c5-4662-a0c7-91e85b60cae7: shutdown FollowerState
2019-10-25 11:01:02,829 [grpc-default-executor-7] INFO  impl.RaftServerImpl (RaftServerImpl.java:setRole(184)) - 98a94502-2c87-40a7-b3de-b58821969ff5@group-75E956CAE081: changes role from  FOLLOWER to FOLLOWER at term 56 for recognizeCandidate:c661ec13-19db-400c-b7a5-525d9c97029d
2019-10-25 11:01:02,829 [Thread-957] INFO  impl.FollowerState (FollowerState.java:run(117)) - ef252736-79c5-4662-a0c7-91e85b60cae7@group-75E956CAE081-FollowerState was interrupted: java.lang.InterruptedException: sleep interrupted
2019-10-25 11:01:02,829 [grpc-default-executor-0] INFO  impl.RoleInfo (RoleInfo.java:updateAndGet(143)) - ef252736-79c5-4662-a0c7-91e85b60cae7: start FollowerState
2019-10-25 11:01:02,829 [grpc-default-executor-7] INFO  impl.RoleInfo (RoleInfo.java:shutdownFollowerState(121)) - 98a94502-2c87-40a7-b3de-b58821969ff5: shutdown FollowerState
2019-10-25 11:01:02,829 [grpc-default-executor-7] INFO  impl.RoleInfo (RoleInfo.java:updateAndGet(143)) - 98a94502-2c87-40a7-b3de-b58821969ff5: start FollowerState
2019-10-25 11:01:02,829 [Thread-958] INFO  impl.FollowerState (FollowerState.java:run(117)) - 98a94502-2c87-40a7-b3de-b58821969ff5@group-75E956CAE081-FollowerState was interrupted: java.lang.InterruptedException: sleep interrupted
2019-10-25 11:01:02,840 [c661ec13-19db-400c-b7a5-525d9c97029d@group-75E956CAE081-LeaderElection63] INFO  impl.LeaderElection (LeaderElection.java:logAndReturn(56)) - c661ec13-19db-400c-b7a5-525d9c97029d@group-75E956CAE081-LeaderElection63: Election REJECTED; received 2 response(s) [c661ec13-19db-400c-b7a5-525d9c97029d<-98a94502-2c87-40a7-b3de-b58821969ff5#0:FAIL-t56, c661ec13-19db-400c-b7a5-525d9c97029d<-ef252736-79c5-4662-a0c7-91e85b60cae7#0:FAIL-t56] and 0 exception(s); c661ec13-19db-400c-b7a5-525d9c97029d@group-75E956CAE081:t56, leader=null, voted=c661ec13-19db-400c-b7a5-525d9c97029d, raftlog=c661ec13-19db-400c-b7a5-525d9c97029d@group-75E956CAE081-SegmentedRaftLog:OPENED:c3,f4,i4, conf=0: [98a94502-2c87-40a7-b3de-b58821969ff5:192.168.157.233:45458, ef252736-79c5-4662-a0c7-91e85b60cae7:192.168.157.233:36823, c661ec13-19db-400c-b7a5-525d9c97029d:192.168.157.233:33523], old=null
2019-10-25 11:01:02,840 [c661ec13-19db-400c-b7a5-525d9c97029d@group-75E956CAE081-LeaderElection63] INFO  impl.RaftServerImpl (RaftServerImpl.java:setRole(184)) - c661ec13-19db-400c-b7a5-525d9c97029d@group-75E956CAE081: changes role from CANDIDATE to FOLLOWER at term 56 for DISCOVERED_A_NEW_TERM
2019-10-25 11:01:02,840 [c661ec13-19db-400c-b7a5-525d9c97029d@group-75E956CAE081-LeaderElection63] INFO  impl.RoleInfo (RoleInfo.java:shutdownLeaderElection(134)) - c661ec13-19db-400c-b7a5-525d9c97029d: shutdown LeaderElection
2019-10-25 11:01:02,840 [c661ec13-19db-400c-b7a5-525d9c97029d@group-75E956CAE081-LeaderElection63] INFO  impl.RoleInfo (RoleInfo.java:updateAndGet(143)) - c661ec13-19db-400c-b7a5-525d9c97029d: start FollowerState
2019-10-25 11:01:02,971 [Thread-963] INFO  impl.FollowerState (FollowerState.java:run(108)) - c661ec13-19db-400c-b7a5-525d9c97029d@group-75E956CAE081-FollowerState: change to CANDIDATE, lastRpcTime:131ms, electionTimeout:131ms
2019-10-25 11:01:02,971 [Thread-963] INFO  impl.RoleInfo (RoleInfo.java:shutdownFollowerState(121)) - c661ec13-19db-400c-b7a5-525d9c97029d: shutdown FollowerState
2019-10-25 11:01:02,972 [Thread-963] INFO  impl.RaftServerImpl (RaftServerImpl.java:setRole(184)) - c661ec13-19db-400c-b7a5-525d9c97029d@group-75E956CAE081: changes role from  FOLLOWER to CANDIDATE at term 56 for changeToCandidate
2019-10-25 11:01:02,972 [Thread-963] INFO  impl.RoleInfo (RoleInfo.java:updateAndGet(143)) - c661ec13-19db-400c-b7a5-525d9c97029d: start LeaderElection
2019-10-25 11:01:02,986 [c661ec13-19db-400c-b7a5-525d9c97029d@group-75E956CAE081-LeaderElection64] INFO  impl.LeaderElection (LeaderElection.java:askForVotes(178)) - c661ec13-19db-400c-b7a5-525d9c97029d@group-75E956CAE081-LeaderElection64: begin an election at term 57 for 0: [98a94502-2c87-40a7-b3de-b58821969ff5:192.168.157.233:45458, ef252736-79c5-4662-a0c7-91e85b60cae7:192.168.157.233:36823, c661ec13-19db-400c-b7a5-525d9c97029d:192.168.157.233:33523], old=null
2019-10-25 11:01:02,988 [grpc-default-executor-7] INFO  impl.RaftServerImpl (RaftServerImpl.java:setRole(184)) - 98a94502-2c87-40a7-b3de-b58821969ff5@group-75E956CAE081: changes role from  FOLLOWER to FOLLOWER at term 57 for recognizeCandidate:c661ec13-19db-400c-b7a5-525d9c97029d
2019-10-25 11:01:02,988 [grpc-default-executor-0] INFO  impl.RaftServerImpl (RaftServerImpl.java:setRole(184)) - ef252736-79c5-4662-a0c7-91e85b60cae7@group-75E956CAE081: changes role from  FOLLOWER to FOLLOWER at term 57 for recognizeCandidate:c661ec13-19db-400c-b7a5-525d9c97029d
2019-10-25 11:01:02,988 [grpc-default-executor-7] INFO  impl.RoleInfo (RoleInfo.java:shutdownFollowerState(121)) - 98a94502-2c87-40a7-b3de-b58821969ff5: shutdown FollowerState
2019-10-25 11:01:02,989 [grpc-default-executor-0] INFO  impl.RoleInfo (RoleInfo.java:shutdownFollowerState(121)) - ef252736-79c5-4662-a0c7-91e85b60cae7: shutdown FollowerState
2019-10-25 11:01:02,989 [Thread-962] INFO  impl.FollowerState (FollowerState.java:run(117)) - 98a94502-2c87-40a7-b3de-b58821969ff5@group-75E956CAE081-FollowerState was interrupted: java.lang.InterruptedException: sleep interrupted
2019-10-25 11:01:02,989 [grpc-default-executor-7] INFO  impl.RoleInfo (RoleInfo.java:updateAndGet(143)) - 98a94502-2c87-40a7-b3de-b58821969ff5: start FollowerState
2019-10-25 11:01:02,989 [Thread-961] INFO  impl.FollowerState (FollowerState.java:run(117)) - ef252736-79c5-4662-a0c7-91e85b60cae7@group-75E956CAE081-FollowerState was interrupted: java.lang.InterruptedException: sleep interrupted
2019-10-25 11:01:02,989 [grpc-default-executor-0] INFO  impl.RoleInfo (RoleInfo.java:updateAndGet(143)) - ef252736-79c5-4662-a0c7-91e85b60cae7: start FollowerState
2019-10-25 11:01:03,003 [c661ec13-19db-400c-b7a5-525d9c97029d@group-75E956CAE081-LeaderElection64] INFO  impl.LeaderElection (LeaderElection.java:logAndReturn(56)) - c661ec13-19db-400c-b7a5-525d9c97029d@group-75E956CAE081-LeaderElection64: Election REJECTED; received 2 response(s) [c661ec13-19db-400c-b7a5-525d9c97029d<-98a94502-2c87-40a7-b3de-b58821969ff5#0:FAIL-t57, c661ec13-19db-400c-b7a5-525d9c97029d<-ef252736-79c5-4662-a0c7-91e85b60cae7#0:FAIL-t57] and 0 exception(s); c661ec13-19db-400c-b7a5-525d9c97029d@group-75E956CAE081:t57, leader=null, voted=c661ec13-19db-400c-b7a5-525d9c97029d, raftlog=c661ec13-19db-400c-b7a5-525d9c97029d@group-75E956CAE081-SegmentedRaftLog:OPENED:c3,f4,i4, conf=0: [98a94502-2c87-40a7-b3de-b58821969ff5:192.168.157.233:45458, ef252736-79c5-4662-a0c7-91e85b60cae7:192.168.157.233:36823, c661ec13-19db-400c-b7a5-525d9c97029d:192.168.157.233:33523], old=null
2019-10-25 11:01:03,004 [c661ec13-19db-400c-b7a5-525d9c97029d@group-75E956CAE081-LeaderElection64] INFO  impl.RaftServerImpl (RaftServerImpl.java:setRole(184)) - c661ec13-19db-400c-b7a5-525d9c97029d@group-75E956CAE081: changes role from CANDIDATE to FOLLOWER at term 57 for DISCOVERED_A_NEW_TERM
2019-10-25 11:01:03,004 [c661ec13-19db-400c-b7a5-525d9c97029d@group-75E956CAE081-LeaderElection64] INFO  impl.RoleInfo (RoleInfo.java:shutdownLeaderElection(134)) - c661ec13-19db-400c-b7a5-525d9c97029d: shutdown LeaderElection
2019-10-25 11:01:03,004 [c661ec13-19db-400c-b7a5-525d9c97029d@group-75E956CAE081-LeaderElection64] INFO  impl.RoleInfo (RoleInfo.java:updateAndGet(143)) - c661ec13-19db-400c-b7a5-525d9c97029d: start FollowerState
2019-10-25 11:01:03,101 [Thread-969] INFO  impl.FollowerState (FollowerState.java:run(108)) - c661ec13-19db-400c-b7a5-525d9c97029d@group-75E956CAE081-FollowerState: change to CANDIDATE, lastRpcTime:97ms, electionTimeout:97ms
2019-10-25 11:01:03,101 [Thread-969] INFO  impl.RoleInfo (RoleInfo.java:shutdownFollowerState(121)) - c661ec13-19db-400c-b7a5-525d9c97029d: shutdown FollowerState
2019-10-25 11:01:03,102 [Thread-969] INFO  impl.RaftServerImpl (RaftServerImpl.java:setRole(184)) - c661ec13-19db-400c-b7a5-525d9c97029d@group-75E956CAE081: changes role from  FOLLOWER to CANDIDATE at term 57 for changeToCandidate
2019-10-25 11:01:03,102 [Thread-969] INFO  impl.RoleInfo (RoleInfo.java:updateAndGet(143)) - c661ec13-19db-400c-b7a5-525d9c97029d: start LeaderElection
2019-10-25 11:01:03,108 [c661ec13-19db-400c-b7a5-525d9c97029d@group-75E956CAE081-LeaderElection65] INFO  impl.LeaderElection (LeaderElection.java:askForVotes(178)) - c661ec13-19db-400c-b7a5-525d9c97029d@group-75E956CAE081-LeaderElection65: begin an election at term 58 for 0: [98a94502-2c87-40a7-b3de-b58821969ff5:192.168.157.233:45458, ef252736-79c5-4662-a0c7-91e85b60cae7:192.168.157.233:36823, c661ec13-19db-400c-b7a5-525d9c97029d:192.168.157.233:33523], old=null
2019-10-25 11:01:03,110 [grpc-default-executor-7] INFO  impl.RaftServerImpl (RaftServerImpl.java:setRole(184)) - ef252736-79c5-4662-a0c7-91e85b60cae7@group-75E956CAE081: changes role from  FOLLOWER to FOLLOWER at term 58 for recognizeCandidate:c661ec13-19db-400c-b7a5-525d9c97029d
2019-10-25 11:01:03,110 [grpc-default-executor-0] INFO  impl.RaftServerImpl (RaftServerImpl.java:setRole(184)) - 98a94502-2c87-40a7-b3de-b58821969ff5@group-75E956CAE081: changes role from  FOLLOWER to FOLLOWER at term 58 for recognizeCandidate:c661ec13-19db-400c-b7a5-525d9c97029d
2019-10-25 11:01:03,111 [grpc-default-executor-7] INFO  impl.RoleInfo (RoleInfo.java:shutdownFollowerState(121)) - ef252736-79c5-4662-a0c7-91e85b60cae7: shutdown FollowerState
2019-10-25 11:01:03,111 [grpc-default-executor-0] INFO  impl.RoleInfo (RoleInfo.java:shutdownFollowerState(121)) - 98a94502-2c87-40a7-b3de-b58821969ff5: shutdown FollowerState
2019-10-25 11:01:03,111 [Thread-968] INFO  impl.FollowerState (FollowerState.java:run(117)) - ef252736-79c5-4662-a0c7-91e85b60cae7@group-75E956CAE081-FollowerState was interrupted: java.lang.InterruptedException: sleep interrupted
2019-10-25 11:01:03,111 [grpc-default-executor-7] INFO  impl.RoleInfo (RoleInfo.java:updateAndGet(143)) - ef252736-79c5-4662-a0c7-91e85b60cae7: start FollowerState
2019-10-25 11:01:03,111 [grpc-default-executor-0] INFO  impl.RoleInfo (RoleInfo.java:updateAndGet(143)) - 98a94502-2c87-40a7-b3de-b58821969ff5: start FollowerState
2019-10-25 11:01:03,111 [Thread-967] INFO  impl.FollowerState (FollowerState.java:run(117)) - 98a94502-2c87-40a7-b3de-b58821969ff5@group-75E956CAE081-FollowerState was interrupted: java.lang.InterruptedException: sleep interrupted
2019-10-25 11:01:03,126 [c661ec13-19db-400c-b7a5-525d9c97029d@group-75E956CAE081-LeaderElection65] INFO  impl.LeaderElection (LeaderElection.java:logAndReturn(56)) - c661ec13-19db-400c-b7a5-525d9c97029d@group-75E956CAE081-LeaderElection65: Election REJECTED; received 2 response(s) [c661ec13-19db-400c-b7a5-525d9c97029d<-98a94502-2c87-40a7-b3de-b58821969ff5#0:FAIL-t58, c661ec13-19db-400c-b7a5-525d9c97029d<-ef252736-79c5-4662-a0c7-91e85b60cae7#0:FAIL-t58] and 0 exception(s); c661ec13-19db-400c-b7a5-525d9c97029d@group-75E956CAE081:t58, leader=null, voted=c661ec13-19db-400c-b7a5-525d9c97029d, raftlog=c661ec13-19db-400c-b7a5-525d9c97029d@group-75E956CAE081-SegmentedRaftLog:OPENED:c3,f4,i4, conf=0: [98a94502-2c87-40a7-b3de-b58821969ff5:192.168.157.233:45458, ef252736-79c5-4662-a0c7-91e85b60cae7:192.168.157.233:36823, c661ec13-19db-400c-b7a5-525d9c97029d:192.168.157.233:33523], old=null
2019-10-25 11:01:03,126 [c661ec13-19db-400c-b7a5-525d9c97029d@group-75E956CAE081-LeaderElection65] INFO  impl.RaftServerImpl (RaftServerImpl.java:setRole(184)) - c661ec13-19db-400c-b7a5-525d9c97029d@group-75E956CAE081: changes role from CANDIDATE to FOLLOWER at term 58 for DISCOVERED_A_NEW_TERM
2019-10-25 11:01:03,126 [c661ec13-19db-400c-b7a5-525d9c97029d@group-75E956CAE081-LeaderElection65] INFO  impl.RoleInfo (RoleInfo.java:shutdownLeaderElection(134)) - c661ec13-19db-400c-b7a5-525d9c97029d: shutdown LeaderElection
2019-10-25 11:01:03,126 [c661ec13-19db-400c-b7a5-525d9c97029d@group-75E956CAE081-LeaderElection65] INFO  impl.RoleInfo (RoleInfo.java:updateAndGet(143)) - c661ec13-19db-400c-b7a5-525d9c97029d: start FollowerState
2019-10-25 11:01:03,203 [Thread-975] INFO  impl.FollowerState (FollowerState.java:run(108)) - c661ec13-19db-400c-b7a5-525d9c97029d@group-75E956CAE081-FollowerState: change to CANDIDATE, lastRpcTime:76ms, electionTimeout:76ms
2019-10-25 11:01:03,203 [Thread-975] INFO  impl.RoleInfo (RoleInfo.java:shutdownFollowerState(121)) - c661ec13-19db-400c-b7a5-525d9c97029d: shutdown FollowerState
2019-10-25 11:01:03,203 [Thread-975] INFO  impl.RaftServerImpl (RaftServerImpl.java:setRole(184)) - c661ec13-19db-400c-b7a5-525d9c97029d@group-75E956CAE081: changes role from  FOLLOWER to CANDIDATE at term 58 for changeToCandidate
2019-10-25 11:01:03,203 [Thread-975] INFO  impl.RoleInfo (RoleInfo.java:updateAndGet(143)) - c661ec13-19db-400c-b7a5-525d9c97029d: start LeaderElection
2019-10-25 11:01:03,216 [c661ec13-19db-400c-b7a5-525d9c97029d@group-75E956CAE081-LeaderElection66] INFO  impl.LeaderElection (LeaderElection.java:askForVotes(178)) - c661ec13-19db-400c-b7a5-525d9c97029d@group-75E956CAE081-LeaderElection66: begin an election at term 59 for 0: [98a94502-2c87-40a7-b3de-b58821969ff5:192.168.157.233:45458, ef252736-79c5-4662-a0c7-91e85b60cae7:192.168.157.233:36823, c661ec13-19db-400c-b7a5-525d9c97029d:192.168.157.233:33523], old=null
2019-10-25 11:01:03,219 [grpc-default-executor-0] INFO  impl.RaftServerImpl (RaftServerImpl.java:setRole(184)) - ef252736-79c5-4662-a0c7-91e85b60cae7@group-75E956CAE081: changes role from  FOLLOWER to FOLLOWER at term 59 for recognizeCandidate:c661ec13-19db-400c-b7a5-525d9c97029d
2019-10-25 11:01:03,219 [grpc-default-executor-0] INFO  impl.RoleInfo (RoleInfo.java:shutdownFollowerState(121)) - ef252736-79c5-4662-a0c7-91e85b60cae7: shutdown FollowerState
2019-10-25 11:01:03,219 [grpc-default-executor-7] INFO  impl.RaftServerImpl (RaftServerImpl.java:setRole(184)) - 98a94502-2c87-40a7-b3de-b58821969ff5@group-75E956CAE081: changes role from  FOLLOWER to FOLLOWER at term 59 for recognizeCandidate:c661ec13-19db-400c-b7a5-525d9c97029d
2019-10-25 11:01:03,219 [Thread-973] INFO  impl.FollowerState (FollowerState.java:run(117)) - ef252736-79c5-4662-a0c7-91e85b60cae7@group-75E956CAE081-FollowerState was interrupted: java.lang.InterruptedException: sleep interrupted
2019-10-25 11:01:03,219 [grpc-default-executor-0] INFO  impl.RoleInfo (RoleInfo.java:updateAndGet(143)) - ef252736-79c5-4662-a0c7-91e85b60cae7: start FollowerState
2019-10-25 11:01:03,219 [grpc-default-executor-7] INFO  impl.RoleInfo (RoleInfo.java:shutdownFollowerState(121)) - 98a94502-2c87-40a7-b3de-b58821969ff5: shutdown FollowerState
2019-10-25 11:01:03,219 [grpc-default-executor-7] INFO  impl.RoleInfo (RoleInfo.java:updateAndGet(143)) - 98a94502-2c87-40a7-b3de-b58821969ff5: start FollowerState
2019-10-25 11:01:03,219 [Thread-974] INFO  impl.FollowerState (FollowerState.java:run(117)) - 98a94502-2c87-40a7-b3de-b58821969ff5@group-75E956CAE081-FollowerState was interrupted: java.lang.InterruptedException: sleep interrupted
2019-10-25 11:01:03,233 [c661ec13-19db-400c-b7a5-525d9c97029d@group-75E956CAE081-LeaderElection66] INFO  impl.LeaderElection (LeaderElection.java:logAndReturn(56)) - c661ec13-19db-400c-b7a5-525d9c97029d@group-75E956CAE081-LeaderElection66: Election REJECTED; received 2 response(s) [c661ec13-19db-400c-b7a5-525d9c97029d<-98a94502-2c87-40a7-b3de-b58821969ff5#0:FAIL-t59, c661ec13-19db-400c-b7a5-525d9c97029d<-ef252736-79c5-4662-a0c7-91e85b60cae7#0:FAIL-t59] and 0 exception(s); c661ec13-19db-400c-b7a5-525d9c97029d@group-75E956CAE081:t59, leader=null, voted=c661ec13-19db-400c-b7a5-525d9c97029d, raftlog=c661ec13-19db-400c-b7a5-525d9c97029d@group-75E956CAE081-SegmentedRaftLog:OPENED:c3,f4,i4, conf=0: [98a94502-2c87-40a7-b3de-b58821969ff5:192.168.157.233:45458, ef252736-79c5-4662-a0c7-91e85b60cae7:192.168.157.233:36823, c661ec13-19db-400c-b7a5-525d9c97029d:192.168.157.233:33523], old=null
2019-10-25 11:01:03,233 [c661ec13-19db-400c-b7a5-525d9c97029d@group-75E956CAE081-LeaderElection66] INFO  impl.RaftServerImpl (RaftServerImpl.java:setRole(184)) - c661ec13-19db-400c-b7a5-525d9c97029d@group-75E956CAE081: changes role from CANDIDATE to FOLLOWER at term 59 for DISCOVERED_A_NEW_TERM
2019-10-25 11:01:03,234 [c661ec13-19db-400c-b7a5-525d9c97029d@group-75E956CAE081-LeaderElection66] INFO  impl.RoleInfo (RoleInfo.java:shutdownLeaderElection(134)) - c661ec13-19db-400c-b7a5-525d9c97029d: shutdown LeaderElection
2019-10-25 11:01:03,234 [c661ec13-19db-400c-b7a5-525d9c97029d@group-75E956CAE081-LeaderElection66] INFO  impl.RoleInfo (RoleInfo.java:updateAndGet(143)) - c661ec13-19db-400c-b7a5-525d9c97029d: start FollowerState
]]></system-out>
    <system-err><![CDATA[ERROR StatusLogger No Log4j 2 configuration file found. Using default configuration (logging only errors to the console), or user programmatically provided configurations. Set system property 'log4j2.debug' to show Log4j 2 internal initialization logging. See https://logging.apache.org/log4j/2.x/manual/configuration.html for instructions on how to configure Log4j 2
Oct 25, 2019 10:59:16 AM org.apache.ratis.thirdparty.io.grpc.internal.SerializingExecutor run
SEVERE: Exception while executing runnable org.apache.ratis.thirdparty.io.grpc.internal.ServerImpl$JumpToApplicationThreadServerStreamListener$1Closed@6ee1d02a
org.apache.ratis.thirdparty.io.grpc.StatusRuntimeException: CANCELLED: call already cancelled
	at org.apache.ratis.thirdparty.io.grpc.Status.asRuntimeException(Status.java:517)
	at org.apache.ratis.thirdparty.io.grpc.stub.ServerCalls$ServerCallStreamObserverImpl.onCompleted(ServerCalls.java:356)
	at org.apache.ratis.grpc.server.GrpcServerProtocolService$ServerRequestStreamObserver.onError(GrpcServerProtocolService.java:121)
	at org.apache.ratis.thirdparty.io.grpc.stub.ServerCalls$StreamingServerCallHandler$StreamingServerCallListener.onCancel(ServerCalls.java:269)
	at org.apache.ratis.thirdparty.io.grpc.internal.ServerCallImpl$ServerStreamListenerImpl.closed(ServerCallImpl.java:293)
	at org.apache.ratis.thirdparty.io.grpc.internal.ServerImpl$JumpToApplicationThreadServerStreamListener$1Closed.runInContext(ServerImpl.java:741)
	at org.apache.ratis.thirdparty.io.grpc.internal.ContextRunnable.run(ContextRunnable.java:37)
	at org.apache.ratis.thirdparty.io.grpc.internal.SerializingExecutor.run(SerializingExecutor.java:123)
	at java.util.concurrent.ThreadPoolExecutor.runWorker(ThreadPoolExecutor.java:1149)
	at java.util.concurrent.ThreadPoolExecutor$Worker.run(ThreadPoolExecutor.java:624)
	at java.lang.Thread.run(Thread.java:748)

Oct 25, 2019 10:59:16 AM org.apache.ratis.thirdparty.io.grpc.internal.SerializingExecutor run
SEVERE: Exception while executing runnable org.apache.ratis.thirdparty.io.grpc.internal.ClientCallImpl$ClientStreamListenerImpl$1StreamClosed@660703e9
java.lang.NullPointerException
	at org.apache.ratis.grpc.server.GrpcLogAppender$AppendLogResponseHandler.onError(GrpcLogAppender.java:303)
	at org.apache.ratis.thirdparty.io.grpc.stub.ClientCalls$StreamObserverToCallListenerAdapter.onClose(ClientCalls.java:434)
	at org.apache.ratis.thirdparty.io.grpc.PartialForwardingClientCallListener.onClose(PartialForwardingClientCallListener.java:39)
	at org.apache.ratis.thirdparty.io.grpc.ForwardingClientCallListener.onClose(ForwardingClientCallListener.java:23)
	at org.apache.ratis.thirdparty.io.grpc.ForwardingClientCallListener$SimpleForwardingClientCallListener.onClose(ForwardingClientCallListener.java:40)
	at org.apache.ratis.thirdparty.io.grpc.internal.CensusStatsModule$StatsClientInterceptor$1$1.onClose(CensusStatsModule.java:678)
	at org.apache.ratis.thirdparty.io.grpc.PartialForwardingClientCallListener.onClose(PartialForwardingClientCallListener.java:39)
	at org.apache.ratis.thirdparty.io.grpc.ForwardingClientCallListener.onClose(ForwardingClientCallListener.java:23)
	at org.apache.ratis.thirdparty.io.grpc.ForwardingClientCallListener$SimpleForwardingClientCallListener.onClose(ForwardingClientCallListener.java:40)
	at org.apache.ratis.thirdparty.io.grpc.internal.CensusTracingModule$TracingClientInterceptor$1$1.onClose(CensusTracingModule.java:397)
	at org.apache.ratis.thirdparty.io.grpc.internal.ClientCallImpl.closeObserver(ClientCallImpl.java:459)
	at org.apache.ratis.thirdparty.io.grpc.internal.ClientCallImpl.access$300(ClientCallImpl.java:63)
	at org.apache.ratis.thirdparty.io.grpc.internal.ClientCallImpl$ClientStreamListenerImpl.close(ClientCallImpl.java:546)
	at org.apache.ratis.thirdparty.io.grpc.internal.ClientCallImpl$ClientStreamListenerImpl.access$600(ClientCallImpl.java:467)
	at org.apache.ratis.thirdparty.io.grpc.internal.ClientCallImpl$ClientStreamListenerImpl$1StreamClosed.runInContext(ClientCallImpl.java:584)
	at org.apache.ratis.thirdparty.io.grpc.internal.ContextRunnable.run(ContextRunnable.java:37)
	at org.apache.ratis.thirdparty.io.grpc.internal.SerializingExecutor.run(SerializingExecutor.java:123)
	at java.util.concurrent.ThreadPoolExecutor.runWorker(ThreadPoolExecutor.java:1149)
	at java.util.concurrent.ThreadPoolExecutor$Worker.run(ThreadPoolExecutor.java:624)
	at java.lang.Thread.run(Thread.java:748)

]]></system-err>
  </testcase>
</testsuite>