<?xml version="1.0" encoding="UTF-8"?>
<testsuite xmlns:xsi="http://www.w3.org/2001/XMLSchema-instance" xsi:noNamespaceSchemaLocation="https://maven.apache.org/surefire/maven-surefire-plugin/xsd/surefire-test-report.xsd" name="org.apache.hadoop.ozone.client.rpc.TestFailureHandlingByClient" time="258.295" tests="5" errors="0" skipped="0" failures="1">
  <properties>
    <property name="awt.toolkit" value="sun.awt.X11.XToolkit"/>
    <property name="file.encoding.pkg" value="sun.io"/>
    <property name="java.specification.version" value="1.8"/>
    <property name="sun.cpu.isalist" value=""/>
    <property name="sun.jnu.encoding" value="ANSI_X3.4-1968"/>
    <property name="java.class.path" value="/workdir/hadoop-ozone/integration-test/target/test-classes:/workdir/hadoop-ozone/integration-test/target/classes:/home/user/.m2/repository/org/apache/hadoop/hadoop-ozone-common/0.5.0-SNAPSHOT/hadoop-ozone-common-0.5.0-SNAPSHOT.jar:/home/user/.m2/repository/org/apache/commons/commons-compress/1.4.1/commons-compress-1.4.1.jar:/home/user/.m2/repository/org/tukaani/xz/1.0/xz-1.0.jar:/home/user/.m2/repository/org/apache/hadoop/hadoop-common/3.2.0/hadoop-common-3.2.0.jar:/home/user/.m2/repository/org/apache/hadoop/hadoop-hdfs/3.2.0/hadoop-hdfs-3.2.0.jar:/home/user/.m2/repository/org/apache/hadoop/hadoop-hdfs-client/3.2.0/hadoop-hdfs-client-3.2.0.jar:/home/user/.m2/repository/com/fasterxml/jackson/core/jackson-annotations/2.9.9/jackson-annotations-2.9.9.jar:/home/user/.m2/repository/org/apache/hadoop/hadoop-hdds-common/0.5.0-SNAPSHOT/hadoop-hdds-common-0.5.0-SNAPSHOT.jar:/home/user/.m2/repository/javax/annotation/javax.annotation-api/1.2/javax.annotation-api-1.2.jar:/home/user/.m2/repository/org/apache/ratis/ratis-server/0.5.0-d6d58d0-SNAPSHOT/ratis-server-0.5.0-d6d58d0-SNAPSHOT.jar:/home/user/.m2/repository/org/apache/ratis/ratis-thirdparty-misc/0.2.0/ratis-thirdparty-misc-0.2.0.jar:/home/user/.m2/repository/org/apache/ratis/ratis-proto/0.5.0-d6d58d0-SNAPSHOT/ratis-proto-0.5.0-d6d58d0-SNAPSHOT.jar:/home/user/.m2/repository/org/apache/ratis/ratis-common/0.5.0-d6d58d0-SNAPSHOT/ratis-common-0.5.0-d6d58d0-SNAPSHOT.jar:/home/user/.m2/repository/org/apache/ratis/ratis-client/0.5.0-d6d58d0-SNAPSHOT/ratis-client-0.5.0-d6d58d0-SNAPSHOT.jar:/home/user/.m2/repository/org/apache/ratis/ratis-metrics/0.5.0-d6d58d0-SNAPSHOT/ratis-metrics-0.5.0-d6d58d0-SNAPSHOT.jar:/home/user/.m2/repository/org/apache/ratis/ratis-netty/0.5.0-d6d58d0-SNAPSHOT/ratis-netty-0.5.0-d6d58d0-SNAPSHOT.jar:/home/user/.m2/repository/org/apache/ratis/ratis-grpc/0.5.0-d6d58d0-SNAPSHOT/ratis-grpc-0.5.0-d6d58d0-SNAPSHOT.jar:/home/user/.m2/repository/org/rocksdb/rocksdbjni/6.0.1/rocksdbjni-6.0.1.jar:/home/user/.m2/repository/org/apache/logging/log4j/log4j-api/2.11.0/log4j-api-2.11.0.jar:/home/user/.m2/repository/org/apache/logging/log4j/log4j-core/2.11.0/log4j-core-2.11.0.jar:/home/user/.m2/repository/com/lmax/disruptor/3.4.2/disruptor-3.4.2.jar:/home/user/.m2/repository/org/apache/commons/commons-pool2/2.6.0/commons-pool2-2.6.0.jar:/home/user/.m2/repository/org/bouncycastle/bcpkix-jdk15on/1.60/bcpkix-jdk15on-1.60.jar:/home/user/.m2/repository/commons-validator/commons-validator/1.6/commons-validator-1.6.jar:/home/user/.m2/repository/commons-digester/commons-digester/1.8.1/commons-digester-1.8.1.jar:/home/user/.m2/repository/io/jaegertracing/jaeger-client/0.34.0/jaeger-client-0.34.0.jar:/home/user/.m2/repository/io/jaegertracing/jaeger-thrift/0.34.0/jaeger-thrift-0.34.0.jar:/home/user/.m2/repository/org/apache/thrift/libthrift/0.12.0/libthrift-0.12.0.jar:/home/user/.m2/repository/com/squareup/okhttp3/okhttp/3.9.0/okhttp-3.9.0.jar:/home/user/.m2/repository/com/squareup/okio/okio/1.13.0/okio-1.13.0.jar:/home/user/.m2/repository/io/jaegertracing/jaeger-core/0.34.0/jaeger-core-0.34.0.jar:/home/user/.m2/repository/io/jaegertracing/jaeger-tracerresolver/0.34.0/jaeger-tracerresolver-0.34.0.jar:/home/user/.m2/repository/io/opentracing/contrib/opentracing-tracerresolver/0.1.5/opentracing-tracerresolver-0.1.5.jar:/home/user/.m2/repository/io/opentracing/opentracing-util/0.31.0/opentracing-util-0.31.0.jar:/home/user/.m2/repository/io/opentracing/opentracing-api/0.31.0/opentracing-api-0.31.0.jar:/home/user/.m2/repository/io/opentracing/opentracing-noop/0.31.0/opentracing-noop-0.31.0.jar:/home/user/.m2/repository/org/apache/hadoop/hadoop-hdds-server-framework/0.5.0-SNAPSHOT/hadoop-hdds-server-framework-0.5.0-SNAPSHOT.jar:/home/user/.m2/repository/org/apache/hadoop/hadoop-hdds-container-service/0.5.0-SNAPSHOT/hadoop-hdds-container-service-0.5.0-SNAPSHOT.jar:/home/user/.m2/repository/org/apache/hadoop/hadoop-hdds-client/0.5.0-SNAPSHOT/hadoop-hdds-client-0.5.0-SNAPSHOT.jar:/home/user/.m2/repository/org/apache/hadoop/hadoop-hdds-tools/0.5.0-SNAPSHOT/hadoop-hdds-tools-0.5.0-SNAPSHOT.jar:/home/user/.m2/repository/org/apache/hadoop/hadoop-hdds-server-scm/0.5.0-SNAPSHOT/hadoop-hdds-server-scm-0.5.0-SNAPSHOT.jar:/home/user/.m2/repository/org/apache/hadoop/hadoop-hdds-docs/0.5.0-SNAPSHOT/hadoop-hdds-docs-0.5.0-SNAPSHOT.jar:/home/user/.m2/repository/io/dropwizard/metrics/metrics-core/3.2.4/metrics-core-3.2.4.jar:/home/user/.m2/repository/org/hamcrest/hamcrest-all/1.3/hamcrest-all-1.3.jar:/home/user/.m2/repository/org/bouncycastle/bcprov-jdk15on/1.60/bcprov-jdk15on-1.60.jar:/home/user/.m2/repository/info/picocli/picocli/3.9.6/picocli-3.9.6.jar:/home/user/.m2/repository/com/google/protobuf/protobuf-java/2.5.0/protobuf-java-2.5.0.jar:/home/user/.m2/repository/com/google/guava/guava/11.0.2/guava-11.0.2.jar:/home/user/.m2/repository/org/apache/hadoop/hadoop-ozone-ozone-manager/0.5.0-SNAPSHOT/hadoop-ozone-ozone-manager-0.5.0-SNAPSHOT.jar:/home/user/.m2/repository/org/apache/hadoop/hadoop-minikdc/3.2.0/hadoop-minikdc-3.2.0.jar:/home/user/.m2/repository/commons-io/commons-io/2.5/commons-io-2.5.jar:/home/user/.m2/repository/org/apache/kerby/kerb-simplekdc/1.0.1/kerb-simplekdc-1.0.1.jar:/home/user/.m2/repository/org/apache/kerby/kerb-client/1.0.1/kerb-client-1.0.1.jar:/home/user/.m2/repository/org/apache/kerby/kerby-config/1.0.1/kerby-config-1.0.1.jar:/home/user/.m2/repository/org/apache/kerby/kerb-core/1.0.1/kerb-core-1.0.1.jar:/home/user/.m2/repository/org/apache/kerby/kerby-pkix/1.0.1/kerby-pkix-1.0.1.jar:/home/user/.m2/repository/org/apache/kerby/kerby-asn1/1.0.1/kerby-asn1-1.0.1.jar:/home/user/.m2/repository/org/apache/kerby/kerby-util/1.0.1/kerby-util-1.0.1.jar:/home/user/.m2/repository/org/apache/kerby/kerb-common/1.0.1/kerb-common-1.0.1.jar:/home/user/.m2/repository/org/apache/kerby/kerb-crypto/1.0.1/kerb-crypto-1.0.1.jar:/home/user/.m2/repository/org/apache/kerby/kerb-util/1.0.1/kerb-util-1.0.1.jar:/home/user/.m2/repository/org/apache/kerby/token-provider/1.0.1/token-provider-1.0.1.jar:/home/user/.m2/repository/org/apache/kerby/kerb-admin/1.0.1/kerb-admin-1.0.1.jar:/home/user/.m2/repository/org/apache/kerby/kerb-server/1.0.1/kerb-server-1.0.1.jar:/home/user/.m2/repository/org/apache/kerby/kerb-identity/1.0.1/kerb-identity-1.0.1.jar:/home/user/.m2/repository/org/apache/kerby/kerby-xdr/1.0.1/kerby-xdr-1.0.1.jar:/home/user/.m2/repository/org/slf4j/slf4j-log4j12/1.7.25/slf4j-log4j12-1.7.25.jar:/home/user/.m2/repository/org/apache/hadoop/hadoop-ozone-s3gateway/0.5.0-SNAPSHOT/hadoop-ozone-s3gateway-0.5.0-SNAPSHOT.jar:/home/user/.m2/repository/org/jboss/weld/servlet/weld-servlet/2.4.7.Final/weld-servlet-2.4.7.Final.jar:/home/user/.m2/repository/org/glassfish/jersey/containers/jersey-container-servlet-core/2.27/jersey-container-servlet-core-2.27.jar:/home/user/.m2/repository/org/glassfish/hk2/external/javax.inject/2.5.0-b42/javax.inject-2.5.0-b42.jar:/home/user/.m2/repository/org/glassfish/jersey/core/jersey-common/2.27/jersey-common-2.27.jar:/home/user/.m2/repository/org/glassfish/hk2/osgi-resource-locator/1.0.1/osgi-resource-locator-1.0.1.jar:/home/user/.m2/repository/javax/ws/rs/javax.ws.rs-api/2.1/javax.ws.rs-api-2.1.jar:/home/user/.m2/repository/org/glassfish/jersey/ext/cdi/jersey-cdi1x/2.27/jersey-cdi1x-2.27.jar:/home/user/.m2/repository/org/glassfish/jersey/inject/jersey-hk2/2.27/jersey-hk2-2.27.jar:/home/user/.m2/repository/org/glassfish/hk2/hk2-locator/2.5.0-b42/hk2-locator-2.5.0-b42.jar:/home/user/.m2/repository/org/javassist/javassist/3.22.0-CR2/javassist-3.22.0-CR2.jar:/home/user/.m2/repository/org/glassfish/hk2/hk2-api/2.5.0/hk2-api-2.5.0.jar:/home/user/.m2/repository/org/glassfish/hk2/external/jakarta.inject/2.5.0/jakarta.inject-2.5.0.jar:/home/user/.m2/repository/org/glassfish/hk2/hk2-utils/2.5.0/hk2-utils-2.5.0.jar:/home/user/.m2/repository/jakarta/annotation/jakarta.annotation-api/1.3.4/jakarta.annotation-api-1.3.4.jar:/home/user/.m2/repository/org/glassfish/hk2/external/aopalliance-repackaged/2.5.0/aopalliance-repackaged-2.5.0.jar:/home/user/.m2/repository/com/fasterxml/jackson/dataformat/jackson-dataformat-xml/2.9.0/jackson-dataformat-xml-2.9.0.jar:/home/user/.m2/repository/com/fasterxml/jackson/core/jackson-core/2.9.9/jackson-core-2.9.9.jar:/home/user/.m2/repository/com/fasterxml/jackson/module/jackson-module-jaxb-annotations/2.9.9/jackson-module-jaxb-annotations-2.9.9.jar:/home/user/.m2/repository/javax/enterprise/cdi-api/1.2/cdi-api-1.2.jar:/home/user/.m2/repository/javax/el/javax.el-api/3.0.0/javax.el-api-3.0.0.jar:/home/user/.m2/repository/javax/interceptor/javax.interceptor-api/1.2/javax.interceptor-api-1.2.jar:/home/user/.m2/repository/javax/inject/javax.inject/1/javax.inject-1.jar:/home/user/.m2/repository/com/sun/xml/bind/jaxb-impl/2.3.0.1/jaxb-impl-2.3.0.1.jar:/home/user/.m2/repository/com/sun/xml/bind/jaxb-core/2.3.0.1/jaxb-core-2.3.0.1.jar:/home/user/.m2/repository/javax/xml/bind/jaxb-api/2.3.0/jaxb-api-2.3.0.jar:/home/user/.m2/repository/javax/activation/activation/1.1.1/activation-1.1.1.jar:/home/user/.m2/repository/org/apache/hadoop/hadoop-ozone-csi/0.5.0-SNAPSHOT/hadoop-ozone-csi-0.5.0-SNAPSHOT.jar:/home/user/.m2/repository/com/google/protobuf/protobuf-java-util/3.5.1/protobuf-java-util-3.5.1.jar:/home/user/.m2/repository/org/apache/hadoop/hadoop-hdds-config/0.5.0-SNAPSHOT/hadoop-hdds-config-0.5.0-SNAPSHOT.jar:/home/user/.m2/repository/io/grpc/grpc-netty/1.17.1/grpc-netty-1.17.1.jar:/home/user/.m2/repository/io/grpc/grpc-core/1.17.1/grpc-core-1.17.1.jar:/home/user/.m2/repository/io/grpc/grpc-context/1.17.1/grpc-context-1.17.1.jar:/home/user/.m2/repository/com/google/errorprone/error_prone_annotations/2.2.0/error_prone_annotations-2.2.0.jar:/home/user/.m2/repository/org/codehaus/mojo/animal-sniffer-annotations/1.17/animal-sniffer-annotations-1.17.jar:/home/user/.m2/repository/io/opencensus/opencensus-api/0.17.0/opencensus-api-0.17.0.jar:/home/user/.m2/repository/io/opencensus/opencensus-contrib-grpc-metrics/0.17.0/opencensus-contrib-grpc-metrics-0.17.0.jar:/home/user/.m2/repository/io/netty/netty-codec-http2/4.1.30.Final/netty-codec-http2-4.1.30.Final.jar:/home/user/.m2/repository/io/netty/netty-codec-http/4.1.30.Final/netty-codec-http-4.1.30.Final.jar:/home/user/.m2/repository/io/netty/netty-codec/4.1.30.Final/netty-codec-4.1.30.Final.jar:/home/user/.m2/repository/io/netty/netty-handler/4.1.30.Final/netty-handler-4.1.30.Final.jar:/home/user/.m2/repository/io/netty/netty-handler-proxy/4.1.30.Final/netty-handler-proxy-4.1.30.Final.jar:/home/user/.m2/repository/io/netty/netty-codec-socks/4.1.30.Final/netty-codec-socks-4.1.30.Final.jar:/home/user/.m2/repository/io/netty/netty-transport-native-epoll/4.1.30.Final/netty-transport-native-epoll-4.1.30.Final.jar:/home/user/.m2/repository/io/netty/netty-common/4.1.30.Final/netty-common-4.1.30.Final.jar:/home/user/.m2/repository/io/netty/netty-buffer/4.1.30.Final/netty-buffer-4.1.30.Final.jar:/home/user/.m2/repository/io/netty/netty-transport/4.1.30.Final/netty-transport-4.1.30.Final.jar:/home/user/.m2/repository/io/netty/netty-resolver/4.1.30.Final/netty-resolver-4.1.30.Final.jar:/home/user/.m2/repository/io/netty/netty-transport-native-unix-common/4.1.30.Final/netty-transport-native-unix-common-4.1.30.Final.jar:/home/user/.m2/repository/io/grpc/grpc-protobuf/1.17.1/grpc-protobuf-1.17.1.jar:/home/user/.m2/repository/com/google/api/grpc/proto-google-common-protos/1.0.0/proto-google-common-protos-1.0.0.jar:/home/user/.m2/repository/io/grpc/grpc-protobuf-lite/1.17.1/grpc-protobuf-lite-1.17.1.jar:/home/user/.m2/repository/io/grpc/grpc-stub/1.17.1/grpc-stub-1.17.1.jar:/home/user/.m2/repository/org/apache/hadoop/hadoop-ozone-recon/0.5.0-SNAPSHOT/hadoop-ozone-recon-0.5.0-SNAPSHOT.jar:/home/user/.m2/repository/org/apache/hadoop/hadoop-ozone-reconcodegen/0.5.0-SNAPSHOT/hadoop-ozone-reconcodegen-0.5.0-SNAPSHOT.jar:/home/user/.m2/repository/com/google/inject/extensions/guice-multibindings/4.0/guice-multibindings-4.0.jar:/home/user/.m2/repository/com/google/inject/guice/4.0/guice-4.0.jar:/home/user/.m2/repository/aopalliance/aopalliance/1.0/aopalliance-1.0.jar:/home/user/.m2/repository/com/google/inject/extensions/guice-servlet/4.0/guice-servlet-4.0.jar:/home/user/.m2/repository/org/glassfish/jersey/containers/jersey-container-servlet/2.27/jersey-container-servlet-2.27.jar:/home/user/.m2/repository/org/glassfish/hk2/guice-bridge/2.5.0/guice-bridge-2.5.0.jar:/home/user/.m2/repository/org/glassfish/jersey/core/jersey-server/2.27/jersey-server-2.27.jar:/home/user/.m2/repository/org/glassfish/jersey/core/jersey-client/2.27/jersey-client-2.27.jar:/home/user/.m2/repository/org/glassfish/jersey/media/jersey-media-jaxb/2.27/jersey-media-jaxb-2.27.jar:/home/user/.m2/repository/javax/validation/validation-api/1.1.0.Final/validation-api-1.1.0.Final.jar:/home/user/.m2/repository/org/glassfish/jersey/media/jersey-media-json-jackson/2.27/jersey-media-json-jackson-2.27.jar:/home/user/.m2/repository/org/glassfish/jersey/ext/jersey-entity-filtering/2.27/jersey-entity-filtering-2.27.jar:/home/user/.m2/repository/com/google/inject/extensions/guice-assistedinject/4.0/guice-assistedinject-4.0.jar:/home/user/.m2/repository/org/jooq/jooq/3.11.10/jooq-3.11.10.jar:/home/user/.m2/repository/org/jooq/jooq-meta/3.11.10/jooq-meta-3.11.10.jar:/home/user/.m2/repository/org/jooq/jooq-codegen/3.11.10/jooq-codegen-3.11.10.jar:/home/user/.m2/repository/com/jolbox/bonecp/0.8.0.RELEASE/bonecp-0.8.0.RELEASE.jar:/home/user/.m2/repository/org/xerial/sqlite-jdbc/3.25.2/sqlite-jdbc-3.25.2.jar:/home/user/.m2/repository/org/springframework/spring-jdbc/5.1.3.RELEASE/spring-jdbc-5.1.3.RELEASE.jar:/home/user/.m2/repository/org/springframework/spring-beans/5.1.3.RELEASE/spring-beans-5.1.3.RELEASE.jar:/home/user/.m2/repository/org/springframework/spring-core/5.1.3.RELEASE/spring-core-5.1.3.RELEASE.jar:/home/user/.m2/repository/org/springframework/spring-jcl/5.1.3.RELEASE/spring-jcl-5.1.3.RELEASE.jar:/home/user/.m2/repository/org/springframework/spring-tx/5.1.3.RELEASE/spring-tx-5.1.3.RELEASE.jar:/home/user/.m2/repository/org/apache/hadoop/hadoop-ozone-client/0.5.0-SNAPSHOT/hadoop-ozone-client-0.5.0-SNAPSHOT.jar:/home/user/.m2/repository/commons-lang/commons-lang/2.6/commons-lang-2.6.jar:/home/user/.m2/repository/org/apache/hadoop/hadoop-ozone-ozone-manager/0.5.0-SNAPSHOT/hadoop-ozone-ozone-manager-0.5.0-SNAPSHOT-tests.jar:/home/user/.m2/repository/junit/junit/4.11/junit-4.11.jar:/home/user/.m2/repository/org/hamcrest/hamcrest-core/1.3/hamcrest-core-1.3.jar:/home/user/.m2/repository/org/openjdk/jmh/jmh-core/1.19/jmh-core-1.19.jar:/home/user/.m2/repository/net/sf/jopt-simple/jopt-simple/4.6/jopt-simple-4.6.jar:/home/user/.m2/repository/org/apache/commons/commons-math3/3.1.1/commons-math3-3.1.1.jar:/home/user/.m2/repository/org/openjdk/jmh/jmh-generator-annprocess/1.19/jmh-generator-annprocess-1.19.jar:/home/user/.m2/repository/org/mockito/mockito-all/1.8.5/mockito-all-1.8.5.jar:/home/user/.m2/repository/org/apache/hadoop/hadoop-kms/3.2.0/hadoop-kms-3.2.0.jar:/home/user/.m2/repository/org/apache/hadoop/hadoop-auth/3.2.0/hadoop-auth-3.2.0.jar:/home/user/.m2/repository/com/nimbusds/nimbus-jose-jwt/4.41.1/nimbus-jose-jwt-4.41.1.jar:/home/user/.m2/repository/com/github/stephenc/jcip/jcip-annotations/1.0-1/jcip-annotations-1.0-1.jar:/home/user/.m2/repository/net/minidev/json-smart/2.3/json-smart-2.3.jar:/home/user/.m2/repository/net/minidev/accessors-smart/1.2/accessors-smart-1.2.jar:/home/user/.m2/repository/org/ow2/asm/asm/5.0.4/asm-5.0.4.jar:/home/user/.m2/repository/org/apache/curator/curator-framework/2.12.0/curator-framework-2.12.0.jar:/home/user/.m2/repository/com/sun/jersey/jersey-core/1.19/jersey-core-1.19.jar:/home/user/.m2/repository/javax/ws/rs/jsr311-api/1.1.1/jsr311-api-1.1.1.jar:/home/user/.m2/repository/com/sun/jersey/jersey-server/1.19/jersey-server-1.19.jar:/home/user/.m2/repository/javax/servlet/javax.servlet-api/3.1.0/javax.servlet-api-3.1.0.jar:/home/user/.m2/repository/org/eclipse/jetty/jetty-server/9.3.25.v20180904/jetty-server-9.3.25.v20180904.jar:/home/user/.m2/repository/org/eclipse/jetty/jetty-http/9.3.25.v20180904/jetty-http-9.3.25.v20180904.jar:/home/user/.m2/repository/org/eclipse/jetty/jetty-io/9.3.25.v20180904/jetty-io-9.3.25.v20180904.jar:/home/user/.m2/repository/org/eclipse/jetty/jetty-webapp/9.3.25.v20180904/jetty-webapp-9.3.25.v20180904.jar:/home/user/.m2/repository/org/eclipse/jetty/jetty-xml/9.3.25.v20180904/jetty-xml-9.3.25.v20180904.jar:/home/user/.m2/repository/log4j/log4j/1.2.17/log4j-1.2.17.jar:/home/user/.m2/repository/org/slf4j/slf4j-api/1.7.25/slf4j-api-1.7.25.jar:/home/user/.m2/repository/org/slf4j/jul-to-slf4j/1.7.25/jul-to-slf4j-1.7.25.jar:/home/user/.m2/repository/org/eclipse/jetty/jetty-util/9.3.25.v20180904/jetty-util-9.3.25.v20180904.jar:/home/user/.m2/repository/com/fasterxml/jackson/core/jackson-databind/2.9.9/jackson-databind-2.9.9.jar:/home/user/.m2/repository/org/apache/hadoop/hadoop-kms/3.2.0/hadoop-kms-3.2.0-tests.jar:/home/user/.m2/repository/org/apache/hadoop/hadoop-hdds-server-scm/0.5.0-SNAPSHOT/hadoop-hdds-server-scm-0.5.0-SNAPSHOT-tests.jar:/home/user/.m2/repository/org/apache/hadoop/hadoop-hdds-container-service/0.5.0-SNAPSHOT/hadoop-hdds-container-service-0.5.0-SNAPSHOT-tests.jar:/home/user/.m2/repository/org/yaml/snakeyaml/1.16/snakeyaml-1.16.jar:/home/user/.m2/repository/org/apache/hadoop/hadoop-common/3.2.0/hadoop-common-3.2.0-tests.jar:/home/user/.m2/repository/org/apache/hadoop/hadoop-annotations/3.2.0/hadoop-annotations-3.2.0.jar:/usr/lib/jvm/java-1.8.0-openjdk-1.8.0.222.b10-1.el7_7.x86_64/jre/../lib/tools.jar:/home/user/.m2/repository/commons-cli/commons-cli/1.2/commons-cli-1.2.jar:/home/user/.m2/repository/org/apache/httpcomponents/httpclient/4.5.2/httpclient-4.5.2.jar:/home/user/.m2/repository/org/apache/httpcomponents/httpcore/4.4.4/httpcore-4.4.4.jar:/home/user/.m2/repository/commons-codec/commons-codec/1.11/commons-codec-1.11.jar:/home/user/.m2/repository/commons-net/commons-net/3.6/commons-net-3.6.jar:/home/user/.m2/repository/commons-collections/commons-collections/3.2.2/commons-collections-3.2.2.jar:/home/user/.m2/repository/org/eclipse/jetty/jetty-servlet/9.3.25.v20180904/jetty-servlet-9.3.25.v20180904.jar:/home/user/.m2/repository/org/eclipse/jetty/jetty-security/9.3.25.v20180904/jetty-security-9.3.25.v20180904.jar:/home/user/.m2/repository/javax/servlet/jsp/jsp-api/2.1/jsp-api-2.1.jar:/home/user/.m2/repository/com/sun/jersey/jersey-servlet/1.19/jersey-servlet-1.19.jar:/home/user/.m2/repository/com/sun/jersey/jersey-json/1.19/jersey-json-1.19.jar:/home/user/.m2/repository/org/codehaus/jettison/jettison/1.1/jettison-1.1.jar:/home/user/.m2/repository/org/codehaus/jackson/jackson-core-asl/1.9.13/jackson-core-asl-1.9.13.jar:/home/user/.m2/repository/org/codehaus/jackson/jackson-mapper-asl/1.9.13/jackson-mapper-asl-1.9.13.jar:/home/user/.m2/repository/org/codehaus/jackson/jackson-jaxrs/1.9.13/jackson-jaxrs-1.9.13.jar:/home/user/.m2/repository/org/codehaus/jackson/jackson-xc/1.9.13/jackson-xc-1.9.13.jar:/home/user/.m2/repository/commons-logging/commons-logging/1.1.3/commons-logging-1.1.3.jar:/home/user/.m2/repository/commons-beanutils/commons-beanutils/1.9.4/commons-beanutils-1.9.4.jar:/home/user/.m2/repository/org/apache/commons/commons-configuration2/2.1.1/commons-configuration2-2.1.1.jar:/home/user/.m2/repository/org/apache/commons/commons-lang3/3.7/commons-lang3-3.7.jar:/home/user/.m2/repository/org/apache/commons/commons-text/1.4/commons-text-1.4.jar:/home/user/.m2/repository/org/apache/avro/avro/1.7.7/avro-1.7.7.jar:/home/user/.m2/repository/com/thoughtworks/paranamer/paranamer/2.3/paranamer-2.3.jar:/home/user/.m2/repository/org/xerial/snappy/snappy-java/1.0.5/snappy-java-1.0.5.jar:/home/user/.m2/repository/com/google/re2j/re2j/1.1/re2j-1.1.jar:/home/user/.m2/repository/com/google/code/gson/gson/2.2.4/gson-2.2.4.jar:/home/user/.m2/repository/com/jcraft/jsch/0.1.54/jsch-0.1.54.jar:/home/user/.m2/repository/org/apache/curator/curator-client/2.12.0/curator-client-2.12.0.jar:/home/user/.m2/repository/org/apache/curator/curator-recipes/2.12.0/curator-recipes-2.12.0.jar:/home/user/.m2/repository/com/google/code/findbugs/jsr305/3.0.0/jsr305-3.0.0.jar:/home/user/.m2/repository/org/apache/htrace/htrace-core4/4.1.0-incubating/htrace-core4-4.1.0-incubating.jar:/home/user/.m2/repository/org/apache/zookeeper/zookeeper/3.4.13/zookeeper-3.4.13.jar:/home/user/.m2/repository/jline/jline/0.9.94/jline-0.9.94.jar:/home/user/.m2/repository/org/apache/yetus/audience-annotations/0.5.0/audience-annotations-0.5.0.jar:/home/user/.m2/repository/org/codehaus/woodstox/stax2-api/3.1.4/stax2-api-3.1.4.jar:/home/user/.m2/repository/com/fasterxml/woodstox/woodstox-core/5.0.3/woodstox-core-5.0.3.jar:/home/user/.m2/repository/dnsjava/dnsjava/2.1.7/dnsjava-2.1.7.jar:/home/user/.m2/repository/org/apache/hadoop/hadoop-hdfs/3.2.0/hadoop-hdfs-3.2.0-tests.jar:/home/user/.m2/repository/org/eclipse/jetty/jetty-util-ajax/9.3.25.v20180904/jetty-util-ajax-9.3.25.v20180904.jar:/home/user/.m2/repository/commons-daemon/commons-daemon/1.0.13/commons-daemon-1.0.13.jar:/home/user/.m2/repository/io/netty/netty/3.10.5.Final/netty-3.10.5.Final.jar:/home/user/.m2/repository/io/netty/netty-all/4.0.52.Final/netty-all-4.0.52.Final.jar:/home/user/.m2/repository/org/fusesource/leveldbjni/leveldbjni-all/1.8/leveldbjni-all-1.8.jar:"/>
    <property name="java.vm.vendor" value="Oracle Corporation"/>
    <property name="sun.arch.data.model" value="64"/>
    <property name="test.build.dir" value="/workdir/hadoop-ozone/integration-test/target/test-dir"/>
    <property name="test.cache.data" value=""/>
    <property name="java.vendor.url" value="http://java.oracle.com/"/>
    <property name="user.timezone" value=""/>
    <property name="java.vm.specification.version" value="1.8"/>
    <property name="os.name" value="Linux"/>
    <property name="test.build.data" value="/workdir/hadoop-ozone/integration-test/target/test-dir"/>
    <property name="user.country" value="US"/>
    <property name="sun.java.launcher" value="SUN_STANDARD"/>
    <property name="sun.boot.library.path" value="/usr/lib/jvm/java-1.8.0-openjdk-1.8.0.222.b10-1.el7_7.x86_64/jre/lib/amd64"/>
    <property name="sun.java.command" value="/workdir/hadoop-ozone/integration-test/target/surefire/surefirebooter735712597026168716.jar /workdir/hadoop-ozone/integration-test/target/surefire 2019-11-12T22-36-50_334-jvmRun1 surefire8507769902556611961tmp surefire_511279296129751423398tmp"/>
    <property name="surefire.test.class.path" value="/workdir/hadoop-ozone/integration-test/target/test-classes:/workdir/hadoop-ozone/integration-test/target/classes:/home/user/.m2/repository/org/apache/hadoop/hadoop-ozone-common/0.5.0-SNAPSHOT/hadoop-ozone-common-0.5.0-SNAPSHOT.jar:/home/user/.m2/repository/org/apache/commons/commons-compress/1.4.1/commons-compress-1.4.1.jar:/home/user/.m2/repository/org/tukaani/xz/1.0/xz-1.0.jar:/home/user/.m2/repository/org/apache/hadoop/hadoop-common/3.2.0/hadoop-common-3.2.0.jar:/home/user/.m2/repository/org/apache/hadoop/hadoop-hdfs/3.2.0/hadoop-hdfs-3.2.0.jar:/home/user/.m2/repository/org/apache/hadoop/hadoop-hdfs-client/3.2.0/hadoop-hdfs-client-3.2.0.jar:/home/user/.m2/repository/com/fasterxml/jackson/core/jackson-annotations/2.9.9/jackson-annotations-2.9.9.jar:/home/user/.m2/repository/org/apache/hadoop/hadoop-hdds-common/0.5.0-SNAPSHOT/hadoop-hdds-common-0.5.0-SNAPSHOT.jar:/home/user/.m2/repository/javax/annotation/javax.annotation-api/1.2/javax.annotation-api-1.2.jar:/home/user/.m2/repository/org/apache/ratis/ratis-server/0.5.0-d6d58d0-SNAPSHOT/ratis-server-0.5.0-d6d58d0-SNAPSHOT.jar:/home/user/.m2/repository/org/apache/ratis/ratis-thirdparty-misc/0.2.0/ratis-thirdparty-misc-0.2.0.jar:/home/user/.m2/repository/org/apache/ratis/ratis-proto/0.5.0-d6d58d0-SNAPSHOT/ratis-proto-0.5.0-d6d58d0-SNAPSHOT.jar:/home/user/.m2/repository/org/apache/ratis/ratis-common/0.5.0-d6d58d0-SNAPSHOT/ratis-common-0.5.0-d6d58d0-SNAPSHOT.jar:/home/user/.m2/repository/org/apache/ratis/ratis-client/0.5.0-d6d58d0-SNAPSHOT/ratis-client-0.5.0-d6d58d0-SNAPSHOT.jar:/home/user/.m2/repository/org/apache/ratis/ratis-metrics/0.5.0-d6d58d0-SNAPSHOT/ratis-metrics-0.5.0-d6d58d0-SNAPSHOT.jar:/home/user/.m2/repository/org/apache/ratis/ratis-netty/0.5.0-d6d58d0-SNAPSHOT/ratis-netty-0.5.0-d6d58d0-SNAPSHOT.jar:/home/user/.m2/repository/org/apache/ratis/ratis-grpc/0.5.0-d6d58d0-SNAPSHOT/ratis-grpc-0.5.0-d6d58d0-SNAPSHOT.jar:/home/user/.m2/repository/org/rocksdb/rocksdbjni/6.0.1/rocksdbjni-6.0.1.jar:/home/user/.m2/repository/org/apache/logging/log4j/log4j-api/2.11.0/log4j-api-2.11.0.jar:/home/user/.m2/repository/org/apache/logging/log4j/log4j-core/2.11.0/log4j-core-2.11.0.jar:/home/user/.m2/repository/com/lmax/disruptor/3.4.2/disruptor-3.4.2.jar:/home/user/.m2/repository/org/apache/commons/commons-pool2/2.6.0/commons-pool2-2.6.0.jar:/home/user/.m2/repository/org/bouncycastle/bcpkix-jdk15on/1.60/bcpkix-jdk15on-1.60.jar:/home/user/.m2/repository/commons-validator/commons-validator/1.6/commons-validator-1.6.jar:/home/user/.m2/repository/commons-digester/commons-digester/1.8.1/commons-digester-1.8.1.jar:/home/user/.m2/repository/io/jaegertracing/jaeger-client/0.34.0/jaeger-client-0.34.0.jar:/home/user/.m2/repository/io/jaegertracing/jaeger-thrift/0.34.0/jaeger-thrift-0.34.0.jar:/home/user/.m2/repository/org/apache/thrift/libthrift/0.12.0/libthrift-0.12.0.jar:/home/user/.m2/repository/com/squareup/okhttp3/okhttp/3.9.0/okhttp-3.9.0.jar:/home/user/.m2/repository/com/squareup/okio/okio/1.13.0/okio-1.13.0.jar:/home/user/.m2/repository/io/jaegertracing/jaeger-core/0.34.0/jaeger-core-0.34.0.jar:/home/user/.m2/repository/io/jaegertracing/jaeger-tracerresolver/0.34.0/jaeger-tracerresolver-0.34.0.jar:/home/user/.m2/repository/io/opentracing/contrib/opentracing-tracerresolver/0.1.5/opentracing-tracerresolver-0.1.5.jar:/home/user/.m2/repository/io/opentracing/opentracing-util/0.31.0/opentracing-util-0.31.0.jar:/home/user/.m2/repository/io/opentracing/opentracing-api/0.31.0/opentracing-api-0.31.0.jar:/home/user/.m2/repository/io/opentracing/opentracing-noop/0.31.0/opentracing-noop-0.31.0.jar:/home/user/.m2/repository/org/apache/hadoop/hadoop-hdds-server-framework/0.5.0-SNAPSHOT/hadoop-hdds-server-framework-0.5.0-SNAPSHOT.jar:/home/user/.m2/repository/org/apache/hadoop/hadoop-hdds-container-service/0.5.0-SNAPSHOT/hadoop-hdds-container-service-0.5.0-SNAPSHOT.jar:/home/user/.m2/repository/org/apache/hadoop/hadoop-hdds-client/0.5.0-SNAPSHOT/hadoop-hdds-client-0.5.0-SNAPSHOT.jar:/home/user/.m2/repository/org/apache/hadoop/hadoop-hdds-tools/0.5.0-SNAPSHOT/hadoop-hdds-tools-0.5.0-SNAPSHOT.jar:/home/user/.m2/repository/org/apache/hadoop/hadoop-hdds-server-scm/0.5.0-SNAPSHOT/hadoop-hdds-server-scm-0.5.0-SNAPSHOT.jar:/home/user/.m2/repository/org/apache/hadoop/hadoop-hdds-docs/0.5.0-SNAPSHOT/hadoop-hdds-docs-0.5.0-SNAPSHOT.jar:/home/user/.m2/repository/io/dropwizard/metrics/metrics-core/3.2.4/metrics-core-3.2.4.jar:/home/user/.m2/repository/org/hamcrest/hamcrest-all/1.3/hamcrest-all-1.3.jar:/home/user/.m2/repository/org/bouncycastle/bcprov-jdk15on/1.60/bcprov-jdk15on-1.60.jar:/home/user/.m2/repository/info/picocli/picocli/3.9.6/picocli-3.9.6.jar:/home/user/.m2/repository/com/google/protobuf/protobuf-java/2.5.0/protobuf-java-2.5.0.jar:/home/user/.m2/repository/com/google/guava/guava/11.0.2/guava-11.0.2.jar:/home/user/.m2/repository/org/apache/hadoop/hadoop-ozone-ozone-manager/0.5.0-SNAPSHOT/hadoop-ozone-ozone-manager-0.5.0-SNAPSHOT.jar:/home/user/.m2/repository/org/apache/hadoop/hadoop-minikdc/3.2.0/hadoop-minikdc-3.2.0.jar:/home/user/.m2/repository/commons-io/commons-io/2.5/commons-io-2.5.jar:/home/user/.m2/repository/org/apache/kerby/kerb-simplekdc/1.0.1/kerb-simplekdc-1.0.1.jar:/home/user/.m2/repository/org/apache/kerby/kerb-client/1.0.1/kerb-client-1.0.1.jar:/home/user/.m2/repository/org/apache/kerby/kerby-config/1.0.1/kerby-config-1.0.1.jar:/home/user/.m2/repository/org/apache/kerby/kerb-core/1.0.1/kerb-core-1.0.1.jar:/home/user/.m2/repository/org/apache/kerby/kerby-pkix/1.0.1/kerby-pkix-1.0.1.jar:/home/user/.m2/repository/org/apache/kerby/kerby-asn1/1.0.1/kerby-asn1-1.0.1.jar:/home/user/.m2/repository/org/apache/kerby/kerby-util/1.0.1/kerby-util-1.0.1.jar:/home/user/.m2/repository/org/apache/kerby/kerb-common/1.0.1/kerb-common-1.0.1.jar:/home/user/.m2/repository/org/apache/kerby/kerb-crypto/1.0.1/kerb-crypto-1.0.1.jar:/home/user/.m2/repository/org/apache/kerby/kerb-util/1.0.1/kerb-util-1.0.1.jar:/home/user/.m2/repository/org/apache/kerby/token-provider/1.0.1/token-provider-1.0.1.jar:/home/user/.m2/repository/org/apache/kerby/kerb-admin/1.0.1/kerb-admin-1.0.1.jar:/home/user/.m2/repository/org/apache/kerby/kerb-server/1.0.1/kerb-server-1.0.1.jar:/home/user/.m2/repository/org/apache/kerby/kerb-identity/1.0.1/kerb-identity-1.0.1.jar:/home/user/.m2/repository/org/apache/kerby/kerby-xdr/1.0.1/kerby-xdr-1.0.1.jar:/home/user/.m2/repository/org/slf4j/slf4j-log4j12/1.7.25/slf4j-log4j12-1.7.25.jar:/home/user/.m2/repository/org/apache/hadoop/hadoop-ozone-s3gateway/0.5.0-SNAPSHOT/hadoop-ozone-s3gateway-0.5.0-SNAPSHOT.jar:/home/user/.m2/repository/org/jboss/weld/servlet/weld-servlet/2.4.7.Final/weld-servlet-2.4.7.Final.jar:/home/user/.m2/repository/org/glassfish/jersey/containers/jersey-container-servlet-core/2.27/jersey-container-servlet-core-2.27.jar:/home/user/.m2/repository/org/glassfish/hk2/external/javax.inject/2.5.0-b42/javax.inject-2.5.0-b42.jar:/home/user/.m2/repository/org/glassfish/jersey/core/jersey-common/2.27/jersey-common-2.27.jar:/home/user/.m2/repository/org/glassfish/hk2/osgi-resource-locator/1.0.1/osgi-resource-locator-1.0.1.jar:/home/user/.m2/repository/javax/ws/rs/javax.ws.rs-api/2.1/javax.ws.rs-api-2.1.jar:/home/user/.m2/repository/org/glassfish/jersey/ext/cdi/jersey-cdi1x/2.27/jersey-cdi1x-2.27.jar:/home/user/.m2/repository/org/glassfish/jersey/inject/jersey-hk2/2.27/jersey-hk2-2.27.jar:/home/user/.m2/repository/org/glassfish/hk2/hk2-locator/2.5.0-b42/hk2-locator-2.5.0-b42.jar:/home/user/.m2/repository/org/javassist/javassist/3.22.0-CR2/javassist-3.22.0-CR2.jar:/home/user/.m2/repository/org/glassfish/hk2/hk2-api/2.5.0/hk2-api-2.5.0.jar:/home/user/.m2/repository/org/glassfish/hk2/external/jakarta.inject/2.5.0/jakarta.inject-2.5.0.jar:/home/user/.m2/repository/org/glassfish/hk2/hk2-utils/2.5.0/hk2-utils-2.5.0.jar:/home/user/.m2/repository/jakarta/annotation/jakarta.annotation-api/1.3.4/jakarta.annotation-api-1.3.4.jar:/home/user/.m2/repository/org/glassfish/hk2/external/aopalliance-repackaged/2.5.0/aopalliance-repackaged-2.5.0.jar:/home/user/.m2/repository/com/fasterxml/jackson/dataformat/jackson-dataformat-xml/2.9.0/jackson-dataformat-xml-2.9.0.jar:/home/user/.m2/repository/com/fasterxml/jackson/core/jackson-core/2.9.9/jackson-core-2.9.9.jar:/home/user/.m2/repository/com/fasterxml/jackson/module/jackson-module-jaxb-annotations/2.9.9/jackson-module-jaxb-annotations-2.9.9.jar:/home/user/.m2/repository/javax/enterprise/cdi-api/1.2/cdi-api-1.2.jar:/home/user/.m2/repository/javax/el/javax.el-api/3.0.0/javax.el-api-3.0.0.jar:/home/user/.m2/repository/javax/interceptor/javax.interceptor-api/1.2/javax.interceptor-api-1.2.jar:/home/user/.m2/repository/javax/inject/javax.inject/1/javax.inject-1.jar:/home/user/.m2/repository/com/sun/xml/bind/jaxb-impl/2.3.0.1/jaxb-impl-2.3.0.1.jar:/home/user/.m2/repository/com/sun/xml/bind/jaxb-core/2.3.0.1/jaxb-core-2.3.0.1.jar:/home/user/.m2/repository/javax/xml/bind/jaxb-api/2.3.0/jaxb-api-2.3.0.jar:/home/user/.m2/repository/javax/activation/activation/1.1.1/activation-1.1.1.jar:/home/user/.m2/repository/org/apache/hadoop/hadoop-ozone-csi/0.5.0-SNAPSHOT/hadoop-ozone-csi-0.5.0-SNAPSHOT.jar:/home/user/.m2/repository/com/google/protobuf/protobuf-java-util/3.5.1/protobuf-java-util-3.5.1.jar:/home/user/.m2/repository/org/apache/hadoop/hadoop-hdds-config/0.5.0-SNAPSHOT/hadoop-hdds-config-0.5.0-SNAPSHOT.jar:/home/user/.m2/repository/io/grpc/grpc-netty/1.17.1/grpc-netty-1.17.1.jar:/home/user/.m2/repository/io/grpc/grpc-core/1.17.1/grpc-core-1.17.1.jar:/home/user/.m2/repository/io/grpc/grpc-context/1.17.1/grpc-context-1.17.1.jar:/home/user/.m2/repository/com/google/errorprone/error_prone_annotations/2.2.0/error_prone_annotations-2.2.0.jar:/home/user/.m2/repository/org/codehaus/mojo/animal-sniffer-annotations/1.17/animal-sniffer-annotations-1.17.jar:/home/user/.m2/repository/io/opencensus/opencensus-api/0.17.0/opencensus-api-0.17.0.jar:/home/user/.m2/repository/io/opencensus/opencensus-contrib-grpc-metrics/0.17.0/opencensus-contrib-grpc-metrics-0.17.0.jar:/home/user/.m2/repository/io/netty/netty-codec-http2/4.1.30.Final/netty-codec-http2-4.1.30.Final.jar:/home/user/.m2/repository/io/netty/netty-codec-http/4.1.30.Final/netty-codec-http-4.1.30.Final.jar:/home/user/.m2/repository/io/netty/netty-codec/4.1.30.Final/netty-codec-4.1.30.Final.jar:/home/user/.m2/repository/io/netty/netty-handler/4.1.30.Final/netty-handler-4.1.30.Final.jar:/home/user/.m2/repository/io/netty/netty-handler-proxy/4.1.30.Final/netty-handler-proxy-4.1.30.Final.jar:/home/user/.m2/repository/io/netty/netty-codec-socks/4.1.30.Final/netty-codec-socks-4.1.30.Final.jar:/home/user/.m2/repository/io/netty/netty-transport-native-epoll/4.1.30.Final/netty-transport-native-epoll-4.1.30.Final.jar:/home/user/.m2/repository/io/netty/netty-common/4.1.30.Final/netty-common-4.1.30.Final.jar:/home/user/.m2/repository/io/netty/netty-buffer/4.1.30.Final/netty-buffer-4.1.30.Final.jar:/home/user/.m2/repository/io/netty/netty-transport/4.1.30.Final/netty-transport-4.1.30.Final.jar:/home/user/.m2/repository/io/netty/netty-resolver/4.1.30.Final/netty-resolver-4.1.30.Final.jar:/home/user/.m2/repository/io/netty/netty-transport-native-unix-common/4.1.30.Final/netty-transport-native-unix-common-4.1.30.Final.jar:/home/user/.m2/repository/io/grpc/grpc-protobuf/1.17.1/grpc-protobuf-1.17.1.jar:/home/user/.m2/repository/com/google/api/grpc/proto-google-common-protos/1.0.0/proto-google-common-protos-1.0.0.jar:/home/user/.m2/repository/io/grpc/grpc-protobuf-lite/1.17.1/grpc-protobuf-lite-1.17.1.jar:/home/user/.m2/repository/io/grpc/grpc-stub/1.17.1/grpc-stub-1.17.1.jar:/home/user/.m2/repository/org/apache/hadoop/hadoop-ozone-recon/0.5.0-SNAPSHOT/hadoop-ozone-recon-0.5.0-SNAPSHOT.jar:/home/user/.m2/repository/org/apache/hadoop/hadoop-ozone-reconcodegen/0.5.0-SNAPSHOT/hadoop-ozone-reconcodegen-0.5.0-SNAPSHOT.jar:/home/user/.m2/repository/com/google/inject/extensions/guice-multibindings/4.0/guice-multibindings-4.0.jar:/home/user/.m2/repository/com/google/inject/guice/4.0/guice-4.0.jar:/home/user/.m2/repository/aopalliance/aopalliance/1.0/aopalliance-1.0.jar:/home/user/.m2/repository/com/google/inject/extensions/guice-servlet/4.0/guice-servlet-4.0.jar:/home/user/.m2/repository/org/glassfish/jersey/containers/jersey-container-servlet/2.27/jersey-container-servlet-2.27.jar:/home/user/.m2/repository/org/glassfish/hk2/guice-bridge/2.5.0/guice-bridge-2.5.0.jar:/home/user/.m2/repository/org/glassfish/jersey/core/jersey-server/2.27/jersey-server-2.27.jar:/home/user/.m2/repository/org/glassfish/jersey/core/jersey-client/2.27/jersey-client-2.27.jar:/home/user/.m2/repository/org/glassfish/jersey/media/jersey-media-jaxb/2.27/jersey-media-jaxb-2.27.jar:/home/user/.m2/repository/javax/validation/validation-api/1.1.0.Final/validation-api-1.1.0.Final.jar:/home/user/.m2/repository/org/glassfish/jersey/media/jersey-media-json-jackson/2.27/jersey-media-json-jackson-2.27.jar:/home/user/.m2/repository/org/glassfish/jersey/ext/jersey-entity-filtering/2.27/jersey-entity-filtering-2.27.jar:/home/user/.m2/repository/com/google/inject/extensions/guice-assistedinject/4.0/guice-assistedinject-4.0.jar:/home/user/.m2/repository/org/jooq/jooq/3.11.10/jooq-3.11.10.jar:/home/user/.m2/repository/org/jooq/jooq-meta/3.11.10/jooq-meta-3.11.10.jar:/home/user/.m2/repository/org/jooq/jooq-codegen/3.11.10/jooq-codegen-3.11.10.jar:/home/user/.m2/repository/com/jolbox/bonecp/0.8.0.RELEASE/bonecp-0.8.0.RELEASE.jar:/home/user/.m2/repository/org/xerial/sqlite-jdbc/3.25.2/sqlite-jdbc-3.25.2.jar:/home/user/.m2/repository/org/springframework/spring-jdbc/5.1.3.RELEASE/spring-jdbc-5.1.3.RELEASE.jar:/home/user/.m2/repository/org/springframework/spring-beans/5.1.3.RELEASE/spring-beans-5.1.3.RELEASE.jar:/home/user/.m2/repository/org/springframework/spring-core/5.1.3.RELEASE/spring-core-5.1.3.RELEASE.jar:/home/user/.m2/repository/org/springframework/spring-jcl/5.1.3.RELEASE/spring-jcl-5.1.3.RELEASE.jar:/home/user/.m2/repository/org/springframework/spring-tx/5.1.3.RELEASE/spring-tx-5.1.3.RELEASE.jar:/home/user/.m2/repository/org/apache/hadoop/hadoop-ozone-client/0.5.0-SNAPSHOT/hadoop-ozone-client-0.5.0-SNAPSHOT.jar:/home/user/.m2/repository/commons-lang/commons-lang/2.6/commons-lang-2.6.jar:/home/user/.m2/repository/org/apache/hadoop/hadoop-ozone-ozone-manager/0.5.0-SNAPSHOT/hadoop-ozone-ozone-manager-0.5.0-SNAPSHOT-tests.jar:/home/user/.m2/repository/junit/junit/4.11/junit-4.11.jar:/home/user/.m2/repository/org/hamcrest/hamcrest-core/1.3/hamcrest-core-1.3.jar:/home/user/.m2/repository/org/openjdk/jmh/jmh-core/1.19/jmh-core-1.19.jar:/home/user/.m2/repository/net/sf/jopt-simple/jopt-simple/4.6/jopt-simple-4.6.jar:/home/user/.m2/repository/org/apache/commons/commons-math3/3.1.1/commons-math3-3.1.1.jar:/home/user/.m2/repository/org/openjdk/jmh/jmh-generator-annprocess/1.19/jmh-generator-annprocess-1.19.jar:/home/user/.m2/repository/org/mockito/mockito-all/1.8.5/mockito-all-1.8.5.jar:/home/user/.m2/repository/org/apache/hadoop/hadoop-kms/3.2.0/hadoop-kms-3.2.0.jar:/home/user/.m2/repository/org/apache/hadoop/hadoop-auth/3.2.0/hadoop-auth-3.2.0.jar:/home/user/.m2/repository/com/nimbusds/nimbus-jose-jwt/4.41.1/nimbus-jose-jwt-4.41.1.jar:/home/user/.m2/repository/com/github/stephenc/jcip/jcip-annotations/1.0-1/jcip-annotations-1.0-1.jar:/home/user/.m2/repository/net/minidev/json-smart/2.3/json-smart-2.3.jar:/home/user/.m2/repository/net/minidev/accessors-smart/1.2/accessors-smart-1.2.jar:/home/user/.m2/repository/org/ow2/asm/asm/5.0.4/asm-5.0.4.jar:/home/user/.m2/repository/org/apache/curator/curator-framework/2.12.0/curator-framework-2.12.0.jar:/home/user/.m2/repository/com/sun/jersey/jersey-core/1.19/jersey-core-1.19.jar:/home/user/.m2/repository/javax/ws/rs/jsr311-api/1.1.1/jsr311-api-1.1.1.jar:/home/user/.m2/repository/com/sun/jersey/jersey-server/1.19/jersey-server-1.19.jar:/home/user/.m2/repository/javax/servlet/javax.servlet-api/3.1.0/javax.servlet-api-3.1.0.jar:/home/user/.m2/repository/org/eclipse/jetty/jetty-server/9.3.25.v20180904/jetty-server-9.3.25.v20180904.jar:/home/user/.m2/repository/org/eclipse/jetty/jetty-http/9.3.25.v20180904/jetty-http-9.3.25.v20180904.jar:/home/user/.m2/repository/org/eclipse/jetty/jetty-io/9.3.25.v20180904/jetty-io-9.3.25.v20180904.jar:/home/user/.m2/repository/org/eclipse/jetty/jetty-webapp/9.3.25.v20180904/jetty-webapp-9.3.25.v20180904.jar:/home/user/.m2/repository/org/eclipse/jetty/jetty-xml/9.3.25.v20180904/jetty-xml-9.3.25.v20180904.jar:/home/user/.m2/repository/log4j/log4j/1.2.17/log4j-1.2.17.jar:/home/user/.m2/repository/org/slf4j/slf4j-api/1.7.25/slf4j-api-1.7.25.jar:/home/user/.m2/repository/org/slf4j/jul-to-slf4j/1.7.25/jul-to-slf4j-1.7.25.jar:/home/user/.m2/repository/org/eclipse/jetty/jetty-util/9.3.25.v20180904/jetty-util-9.3.25.v20180904.jar:/home/user/.m2/repository/com/fasterxml/jackson/core/jackson-databind/2.9.9/jackson-databind-2.9.9.jar:/home/user/.m2/repository/org/apache/hadoop/hadoop-kms/3.2.0/hadoop-kms-3.2.0-tests.jar:/home/user/.m2/repository/org/apache/hadoop/hadoop-hdds-server-scm/0.5.0-SNAPSHOT/hadoop-hdds-server-scm-0.5.0-SNAPSHOT-tests.jar:/home/user/.m2/repository/org/apache/hadoop/hadoop-hdds-container-service/0.5.0-SNAPSHOT/hadoop-hdds-container-service-0.5.0-SNAPSHOT-tests.jar:/home/user/.m2/repository/org/yaml/snakeyaml/1.16/snakeyaml-1.16.jar:/home/user/.m2/repository/org/apache/hadoop/hadoop-common/3.2.0/hadoop-common-3.2.0-tests.jar:/home/user/.m2/repository/org/apache/hadoop/hadoop-annotations/3.2.0/hadoop-annotations-3.2.0.jar:/usr/lib/jvm/java-1.8.0-openjdk-1.8.0.222.b10-1.el7_7.x86_64/jre/../lib/tools.jar:/home/user/.m2/repository/commons-cli/commons-cli/1.2/commons-cli-1.2.jar:/home/user/.m2/repository/org/apache/httpcomponents/httpclient/4.5.2/httpclient-4.5.2.jar:/home/user/.m2/repository/org/apache/httpcomponents/httpcore/4.4.4/httpcore-4.4.4.jar:/home/user/.m2/repository/commons-codec/commons-codec/1.11/commons-codec-1.11.jar:/home/user/.m2/repository/commons-net/commons-net/3.6/commons-net-3.6.jar:/home/user/.m2/repository/commons-collections/commons-collections/3.2.2/commons-collections-3.2.2.jar:/home/user/.m2/repository/org/eclipse/jetty/jetty-servlet/9.3.25.v20180904/jetty-servlet-9.3.25.v20180904.jar:/home/user/.m2/repository/org/eclipse/jetty/jetty-security/9.3.25.v20180904/jetty-security-9.3.25.v20180904.jar:/home/user/.m2/repository/javax/servlet/jsp/jsp-api/2.1/jsp-api-2.1.jar:/home/user/.m2/repository/com/sun/jersey/jersey-servlet/1.19/jersey-servlet-1.19.jar:/home/user/.m2/repository/com/sun/jersey/jersey-json/1.19/jersey-json-1.19.jar:/home/user/.m2/repository/org/codehaus/jettison/jettison/1.1/jettison-1.1.jar:/home/user/.m2/repository/org/codehaus/jackson/jackson-core-asl/1.9.13/jackson-core-asl-1.9.13.jar:/home/user/.m2/repository/org/codehaus/jackson/jackson-mapper-asl/1.9.13/jackson-mapper-asl-1.9.13.jar:/home/user/.m2/repository/org/codehaus/jackson/jackson-jaxrs/1.9.13/jackson-jaxrs-1.9.13.jar:/home/user/.m2/repository/org/codehaus/jackson/jackson-xc/1.9.13/jackson-xc-1.9.13.jar:/home/user/.m2/repository/commons-logging/commons-logging/1.1.3/commons-logging-1.1.3.jar:/home/user/.m2/repository/commons-beanutils/commons-beanutils/1.9.4/commons-beanutils-1.9.4.jar:/home/user/.m2/repository/org/apache/commons/commons-configuration2/2.1.1/commons-configuration2-2.1.1.jar:/home/user/.m2/repository/org/apache/commons/commons-lang3/3.7/commons-lang3-3.7.jar:/home/user/.m2/repository/org/apache/commons/commons-text/1.4/commons-text-1.4.jar:/home/user/.m2/repository/org/apache/avro/avro/1.7.7/avro-1.7.7.jar:/home/user/.m2/repository/com/thoughtworks/paranamer/paranamer/2.3/paranamer-2.3.jar:/home/user/.m2/repository/org/xerial/snappy/snappy-java/1.0.5/snappy-java-1.0.5.jar:/home/user/.m2/repository/com/google/re2j/re2j/1.1/re2j-1.1.jar:/home/user/.m2/repository/com/google/code/gson/gson/2.2.4/gson-2.2.4.jar:/home/user/.m2/repository/com/jcraft/jsch/0.1.54/jsch-0.1.54.jar:/home/user/.m2/repository/org/apache/curator/curator-client/2.12.0/curator-client-2.12.0.jar:/home/user/.m2/repository/org/apache/curator/curator-recipes/2.12.0/curator-recipes-2.12.0.jar:/home/user/.m2/repository/com/google/code/findbugs/jsr305/3.0.0/jsr305-3.0.0.jar:/home/user/.m2/repository/org/apache/htrace/htrace-core4/4.1.0-incubating/htrace-core4-4.1.0-incubating.jar:/home/user/.m2/repository/org/apache/zookeeper/zookeeper/3.4.13/zookeeper-3.4.13.jar:/home/user/.m2/repository/jline/jline/0.9.94/jline-0.9.94.jar:/home/user/.m2/repository/org/apache/yetus/audience-annotations/0.5.0/audience-annotations-0.5.0.jar:/home/user/.m2/repository/org/codehaus/woodstox/stax2-api/3.1.4/stax2-api-3.1.4.jar:/home/user/.m2/repository/com/fasterxml/woodstox/woodstox-core/5.0.3/woodstox-core-5.0.3.jar:/home/user/.m2/repository/dnsjava/dnsjava/2.1.7/dnsjava-2.1.7.jar:/home/user/.m2/repository/org/apache/hadoop/hadoop-hdfs/3.2.0/hadoop-hdfs-3.2.0-tests.jar:/home/user/.m2/repository/org/eclipse/jetty/jetty-util-ajax/9.3.25.v20180904/jetty-util-ajax-9.3.25.v20180904.jar:/home/user/.m2/repository/commons-daemon/commons-daemon/1.0.13/commons-daemon-1.0.13.jar:/home/user/.m2/repository/io/netty/netty/3.10.5.Final/netty-3.10.5.Final.jar:/home/user/.m2/repository/io/netty/netty-all/4.0.52.Final/netty-all-4.0.52.Final.jar:/home/user/.m2/repository/org/fusesource/leveldbjni/leveldbjni-all/1.8/leveldbjni-all-1.8.jar:"/>
    <property name="sun.cpu.endian" value="little"/>
    <property name="user.home" value="/home/user"/>
    <property name="user.language" value="en"/>
    <property name="java.specification.vendor" value="Oracle Corporation"/>
    <property name="java.home" value="/usr/lib/jvm/java-1.8.0-openjdk-1.8.0.222.b10-1.el7_7.x86_64/jre"/>
    <property name="surefire.excludesFile" value="/tools/ozone-bad-unit-tests"/>
    <property name="java.security.krb5.conf" value="/workdir/hadoop-ozone/integration-test/target/test-classes/krb5.conf"/>
    <property name="basedir" value="/workdir/hadoop-ozone/integration-test"/>
    <property name="file.separator" value="/"/>
    <property name="line.separator" value="&#10;"/>
    <property name="java.vm.specification.vendor" value="Oracle Corporation"/>
    <property name="java.specification.name" value="Java Platform API Specification"/>
    <property name="java.awt.graphicsenv" value="sun.awt.X11GraphicsEnvironment"/>
    <property name="surefire.real.class.path" value="/workdir/hadoop-ozone/integration-test/target/surefire/surefirebooter735712597026168716.jar"/>
    <property name="hadoop.log.dir" value="/workdir/hadoop-ozone/integration-test/target/log"/>
    <property name="sun.boot.class.path" value="/usr/lib/jvm/java-1.8.0-openjdk-1.8.0.222.b10-1.el7_7.x86_64/jre/lib/resources.jar:/usr/lib/jvm/java-1.8.0-openjdk-1.8.0.222.b10-1.el7_7.x86_64/jre/lib/rt.jar:/usr/lib/jvm/java-1.8.0-openjdk-1.8.0.222.b10-1.el7_7.x86_64/jre/lib/sunrsasign.jar:/usr/lib/jvm/java-1.8.0-openjdk-1.8.0.222.b10-1.el7_7.x86_64/jre/lib/jsse.jar:/usr/lib/jvm/java-1.8.0-openjdk-1.8.0.222.b10-1.el7_7.x86_64/jre/lib/jce.jar:/usr/lib/jvm/java-1.8.0-openjdk-1.8.0.222.b10-1.el7_7.x86_64/jre/lib/charsets.jar:/usr/lib/jvm/java-1.8.0-openjdk-1.8.0.222.b10-1.el7_7.x86_64/jre/lib/jfr.jar:/usr/lib/jvm/java-1.8.0-openjdk-1.8.0.222.b10-1.el7_7.x86_64/jre/classes"/>
    <property name="sun.management.compiler" value="HotSpot 64-Bit Tiered Compilers"/>
    <property name="java.runtime.version" value="1.8.0_222-b10"/>
    <property name="java.net.preferIPv4Stack" value="true"/>
    <property name="user.name" value="jenkins1000"/>
    <property name="path.separator" value=":"/>
    <property name="java.security.egd" value="file:///dev/urandom"/>
    <property name="os.version" value="3.10.0-957.12.2.el7.x86_64"/>
    <property name="java.endorsed.dirs" value="/usr/lib/jvm/java-1.8.0-openjdk-1.8.0.222.b10-1.el7_7.x86_64/jre/lib/endorsed"/>
    <property name="java.runtime.name" value="OpenJDK Runtime Environment"/>
    <property name="file.encoding" value="ANSI_X3.4-1968"/>
    <property name="java.vm.name" value="OpenJDK 64-Bit Server VM"/>
    <property name="test.build.webapps" value=""/>
    <property name="localRepository" value="/home/user/.m2/repository"/>
    <property name="java.vendor.url.bug" value="http://bugreport.sun.com/bugreport/"/>
    <property name="java.io.tmpdir" value="/tmp"/>
    <property name="require.test.libhadoop" value=""/>
    <property name="java.version" value="1.8.0_222"/>
    <property name="user.dir" value="/workdir/hadoop-ozone/integration-test"/>
    <property name="os.arch" value="amd64"/>
    <property name="java.vm.specification.name" value="Java Virtual Machine Specification"/>
    <property name="test.build.classes" value="/workdir/hadoop-ozone/integration-test/target/test-classes"/>
    <property name="java.awt.printerjob" value="sun.print.PSPrinterJob"/>
    <property name="sun.os.patch.level" value="unknown"/>
    <property name="hadoop.tmp.dir" value="/workdir/hadoop-ozone/integration-test/target/tmp"/>
    <property name="java.library.path" value="/usr/lib:/workdir/hadoop-ozone/integration-test/target/native/target/usr/local/lib:/workdir/hadoop-ozone/integration-test/../../hadoop-common-project/hadoop-common/target/native/target/usr/local/lib:/usr/java/packages/lib/amd64:/usr/lib64:/lib64:/lib:/usr/lib"/>
    <property name="java.vm.info" value="mixed mode"/>
    <property name="java.vendor" value="Oracle Corporation"/>
    <property name="java.vm.version" value="25.222-b10"/>
    <property name="java.ext.dirs" value="/usr/lib/jvm/java-1.8.0-openjdk-1.8.0.222.b10-1.el7_7.x86_64/jre/lib/ext:/usr/java/packages/lib/ext"/>
    <property name="sun.io.unicode.encoding" value="UnicodeLittle"/>
    <property name="java.class.version" value="52.0"/>
  </properties>
  <testcase name="testPipelineExclusionWithPipelineFailure" classname="org.apache.hadoop.ozone.client.rpc.TestFailureHandlingByClient" time="88.61"/>
  <testcase name="testContainerExclusionWithClosedContainerException" classname="org.apache.hadoop.ozone.client.rpc.TestFailureHandlingByClient" time="38.716"/>
  <testcase name="testWriteSmallFile" classname="org.apache.hadoop.ozone.client.rpc.TestFailureHandlingByClient" time="47.964"/>
  <testcase name="testBlockWritesWithDnFailures" classname="org.apache.hadoop.ozone.client.rpc.TestFailureHandlingByClient" time="41.197"/>
  <testcase name="testDatanodeExclusionWithMajorityCommit" classname="org.apache.hadoop.ozone.client.rpc.TestFailureHandlingByClient" time="41.751">
    <failure type="java.lang.AssertionError">java.lang.AssertionError
	at org.junit.Assert.fail(Assert.java:86)
	at org.junit.Assert.assertTrue(Assert.java:41)
	at org.junit.Assert.assertTrue(Assert.java:52)
	at org.apache.hadoop.ozone.client.rpc.TestFailureHandlingByClient.testDatanodeExclusionWithMajorityCommit(TestFailureHandlingByClient.java:318)
	at sun.reflect.NativeMethodAccessorImpl.invoke0(Native Method)
	at sun.reflect.NativeMethodAccessorImpl.invoke(NativeMethodAccessorImpl.java:62)
	at sun.reflect.DelegatingMethodAccessorImpl.invoke(DelegatingMethodAccessorImpl.java:43)
	at java.lang.reflect.Method.invoke(Method.java:498)
	at org.junit.runners.model.FrameworkMethod$1.runReflectiveCall(FrameworkMethod.java:47)
	at org.junit.internal.runners.model.ReflectiveCallable.run(ReflectiveCallable.java:12)
	at org.junit.runners.model.FrameworkMethod.invokeExplosively(FrameworkMethod.java:44)
	at org.junit.internal.runners.statements.InvokeMethod.evaluate(InvokeMethod.java:17)
	at org.junit.internal.runners.statements.RunAfters.evaluate(RunAfters.java:27)
	at org.junit.runners.ParentRunner.runLeaf(ParentRunner.java:271)
	at org.junit.runners.BlockJUnit4ClassRunner.runChild(BlockJUnit4ClassRunner.java:70)
	at org.junit.runners.BlockJUnit4ClassRunner.runChild(BlockJUnit4ClassRunner.java:50)
	at org.junit.runners.ParentRunner$3.run(ParentRunner.java:238)
	at org.junit.runners.ParentRunner$1.schedule(ParentRunner.java:63)
	at org.junit.runners.ParentRunner.runChildren(ParentRunner.java:236)
	at org.junit.runners.ParentRunner.access$000(ParentRunner.java:53)
	at org.junit.runners.ParentRunner$2.evaluate(ParentRunner.java:229)
	at org.junit.runners.ParentRunner.run(ParentRunner.java:309)
	at org.apache.maven.surefire.junit4.JUnit4Provider.execute(JUnit4Provider.java:365)
	at org.apache.maven.surefire.junit4.JUnit4Provider.executeWithRerun(JUnit4Provider.java:273)
	at org.apache.maven.surefire.junit4.JUnit4Provider.executeTestSet(JUnit4Provider.java:238)
	at org.apache.maven.surefire.junit4.JUnit4Provider.invoke(JUnit4Provider.java:159)
	at org.apache.maven.surefire.booter.ForkedBooter.invokeProviderInSameClassLoader(ForkedBooter.java:384)
	at org.apache.maven.surefire.booter.ForkedBooter.runSuitesInProcess(ForkedBooter.java:345)
	at org.apache.maven.surefire.booter.ForkedBooter.execute(ForkedBooter.java:126)
	at org.apache.maven.surefire.booter.ForkedBooter.main(ForkedBooter.java:418)
</failure>
    <system-out><![CDATA[2019-11-12 23:38:58,795 [main] WARN  server.ServerUtils (ServerUtils.java:getScmDbDir(145)) - ozone.scm.db.dirs is not configured. We recommend adding this setting. Falling back to ozone.metadata.dirs instead.
2019-11-12 23:38:58,825 [main] WARN  server.ServerUtils (ServerUtils.java:getScmDbDir(145)) - ozone.scm.db.dirs is not configured. We recommend adding this setting. Falling back to ozone.metadata.dirs instead.
2019-11-12 23:38:58,826 [main] WARN  server.ServerUtils (ServerUtils.java:getScmDbDir(145)) - ozone.scm.db.dirs is not configured. We recommend adding this setting. Falling back to ozone.metadata.dirs instead.
2019-11-12 23:38:58,826 [main] INFO  db.DBStoreBuilder (DBStoreBuilder.java:addTable(127)) - using custom profile for table: deletedBlocks
2019-11-12 23:38:58,826 [main] INFO  db.DBStoreBuilder (DBStoreBuilder.java:processTables(183)) - Using default column profile:DBProfile.DISK for Table:deletedBlocks
2019-11-12 23:38:58,826 [main] INFO  db.DBStoreBuilder (DBStoreBuilder.java:addTable(127)) - using custom profile for table: validCerts
2019-11-12 23:38:58,826 [main] INFO  db.DBStoreBuilder (DBStoreBuilder.java:processTables(183)) - Using default column profile:DBProfile.DISK for Table:validCerts
2019-11-12 23:38:58,827 [main] INFO  db.DBStoreBuilder (DBStoreBuilder.java:addTable(127)) - using custom profile for table: revokedCerts
2019-11-12 23:38:58,827 [main] INFO  db.DBStoreBuilder (DBStoreBuilder.java:processTables(183)) - Using default column profile:DBProfile.DISK for Table:revokedCerts
2019-11-12 23:38:58,827 [main] INFO  db.DBStoreBuilder (DBStoreBuilder.java:addTable(127)) - using custom profile for table: default
2019-11-12 23:38:58,827 [main] INFO  db.DBStoreBuilder (DBStoreBuilder.java:processTables(189)) - Using default column profile:DBProfile.DISK for Table:default
2019-11-12 23:38:58,827 [main] INFO  db.DBStoreBuilder (DBStoreBuilder.java:getDbProfile(220)) - Using default options. DBProfile.DISK
2019-11-12 23:38:59,020 [main] INFO  net.NodeSchemaLoader (NodeSchemaLoader.java:loadSchemaFromFile(125)) - Loading file from sun.misc.CompoundEnumeration@5ec9eefa
2019-11-12 23:38:59,020 [main] INFO  net.NodeSchemaLoader (NodeSchemaLoader.java:loadSchema(171)) - Loading network topology layer schema file
2019-11-12 23:38:59,025 [main] INFO  node.SCMNodeManager (SCMNodeManager.java:<init>(116)) - Entering startup safe mode.
2019-11-12 23:38:59,026 [main] INFO  algorithms.ContainerPlacementPolicyFactory (ContainerPlacementPolicyFactory.java:getPolicy(57)) - Create container placement policy of type org.apache.hadoop.hdds.scm.container.placement.algorithms.SCMContainerPlacementRandom
2019-11-12 23:38:59,026 [main] WARN  server.ServerUtils (ServerUtils.java:getScmDbDir(145)) - ozone.scm.db.dirs is not configured. We recommend adding this setting. Falling back to ozone.metadata.dirs instead.
2019-11-12 23:38:59,086 [main] INFO  pipeline.SCMPipelineManager (SCMPipelineManager.java:initializePipelineState(132)) - No pipeline exists in current db
2019-11-12 23:38:59,087 [main] WARN  server.ServerUtils (ServerUtils.java:getScmDbDir(145)) - ozone.scm.db.dirs is not configured. We recommend adding this setting. Falling back to ozone.metadata.dirs instead.
2019-11-12 23:38:59,171 [main] WARN  events.EventQueue (EventQueue.java:fireEvent(183)) - No event handler registered for event TypedEvent{payloadType=SafeModeStatus, name='SafeModeStatus'}
2019-11-12 23:38:59,172 [main] INFO  ipc.CallQueueManager (CallQueueManager.java:<init>(84)) - Using callQueue: class java.util.concurrent.LinkedBlockingQueue, queueCapacity: 2000, scheduler: class org.apache.hadoop.ipc.DefaultRpcScheduler, ipcBackoff: false.
2019-11-12 23:38:59,173 [Socket Reader #1 for port 40128] INFO  ipc.Server (Server.java:run(1074)) - Starting Socket Reader #1 for port 40128
2019-11-12 23:38:59,175 [main] INFO  ipc.CallQueueManager (CallQueueManager.java:<init>(84)) - Using callQueue: class java.util.concurrent.LinkedBlockingQueue, queueCapacity: 2000, scheduler: class org.apache.hadoop.ipc.DefaultRpcScheduler, ipcBackoff: false.
2019-11-12 23:38:59,176 [Socket Reader #1 for port 45895] INFO  ipc.Server (Server.java:run(1074)) - Starting Socket Reader #1 for port 45895
2019-11-12 23:38:59,177 [main] INFO  ipc.CallQueueManager (CallQueueManager.java:<init>(84)) - Using callQueue: class java.util.concurrent.LinkedBlockingQueue, queueCapacity: 2000, scheduler: class org.apache.hadoop.ipc.DefaultRpcScheduler, ipcBackoff: false.
2019-11-12 23:38:59,177 [Socket Reader #1 for port 41032] INFO  ipc.Server (Server.java:run(1074)) - Starting Socket Reader #1 for port 41032
2019-11-12 23:38:59,179 [main] INFO  hdfs.DFSUtil (DFSUtil.java:httpServerTemplateForNNAndJN(1641)) - Starting Web-server for scm at: http://0.0.0.0:0
2019-11-12 23:38:59,181 [main] INFO  server.AuthenticationFilter (AuthenticationFilter.java:constructSecretProvider(240)) - Unable to initialize FileSignerSecretProvider, falling back to use random secrets.
2019-11-12 23:38:59,182 [main] WARN  http.HttpRequestLog (HttpRequestLog.java:getRequestLog(97)) - Jetty request log can only be enabled using Log4j
2019-11-12 23:38:59,184 [main] INFO  http.HttpServer2 (HttpServer2.java:addGlobalFilter(975)) - Added global filter 'safety' (class=org.apache.hadoop.http.HttpServer2$QuotingInputFilter)
2019-11-12 23:38:59,184 [main] INFO  http.HttpServer2 (HttpServer2.java:addFilter(948)) - Added filter static_user_filter (class=org.apache.hadoop.http.lib.StaticUserWebFilter$StaticUserFilter) to context scm
2019-11-12 23:38:59,184 [main] INFO  http.HttpServer2 (HttpServer2.java:addFilter(958)) - Added filter static_user_filter (class=org.apache.hadoop.http.lib.StaticUserWebFilter$StaticUserFilter) to context static
2019-11-12 23:38:59,184 [main] INFO  http.HttpServer2 (HttpServer2.java:addFilter(958)) - Added filter static_user_filter (class=org.apache.hadoop.http.lib.StaticUserWebFilter$StaticUserFilter) to context logs
2019-11-12 23:38:59,186 [main] INFO  server.StorageContainerManager (StorageContainerManager.java:start(764)) - StorageContainerLocationProtocol RPC server is listening at /0.0.0.0:41032
2019-11-12 23:38:59,188 [main] WARN  impl.MetricsConfig (MetricsConfig.java:loadFirst(134)) - Cannot locate configuration: tried hadoop-metrics2-storagecontainermanager.properties,hadoop-metrics2.properties
2019-11-12 23:38:59,189 [main] INFO  impl.MetricsSystemImpl (MetricsSystemImpl.java:startTimer(374)) - Scheduled Metric snapshot period at 10 second(s).
2019-11-12 23:38:59,189 [main] INFO  impl.MetricsSystemImpl (MetricsSystemImpl.java:start(191)) - StorageContainerManager metrics system started
2019-11-12 23:38:59,250 [main] WARN  impl.MetricsSystemImpl (MetricsSystemImpl.java:register(276)) - Sink prometheus already exists!
2019-11-12 23:38:59,784 [main] INFO  server.SCMClientProtocolServer (SCMClientProtocolServer.java:start(159)) - RPC server for Client  is listening at /0.0.0.0:41032
2019-11-12 23:38:59,784 [IPC Server Responder] INFO  ipc.Server (Server.java:run(1314)) - IPC Server Responder: starting
2019-11-12 23:38:59,785 [IPC Server listener on 41032] INFO  ipc.Server (Server.java:run(1153)) - IPC Server listener on 41032: starting
2019-11-12 23:38:59,787 [main] INFO  server.StorageContainerManager (StorageContainerManager.java:start(774)) - ScmBlockLocationProtocol RPC server is listening at /0.0.0.0:45895
2019-11-12 23:38:59,787 [main] INFO  server.SCMBlockProtocolServer (SCMBlockProtocolServer.java:start(146)) - RPC server for Block Protocol is listening at /0.0.0.0:45895
2019-11-12 23:38:59,787 [IPC Server Responder] INFO  ipc.Server (Server.java:run(1314)) - IPC Server Responder: starting
2019-11-12 23:38:59,787 [IPC Server listener on 45895] INFO  ipc.Server (Server.java:run(1153)) - IPC Server listener on 45895: starting
2019-11-12 23:38:59,789 [main] INFO  server.StorageContainerManager (StorageContainerManager.java:start(778)) - ScmDatanodeProtocl RPC server is listening at /0.0.0.0:40128
2019-11-12 23:38:59,790 [main] INFO  server.SCMDatanodeProtocolServer (SCMDatanodeProtocolServer.java:start(169)) - RPC server for DataNodes is listening at /0.0.0.0:40128
2019-11-12 23:38:59,790 [IPC Server Responder] INFO  ipc.Server (Server.java:run(1314)) - IPC Server Responder: starting
2019-11-12 23:38:59,790 [IPC Server listener on 40128] INFO  ipc.Server (Server.java:run(1153)) - IPC Server listener on 40128: starting
2019-11-12 23:38:59,792 [main] INFO  http.HttpServer2 (HttpServer2.java:bindListener(1191)) - Jetty bound to port 46344
2019-11-12 23:38:59,793 [main] INFO  server.Server (Server.java:doStart(351)) - jetty-9.3.25.v20180904, build timestamp: 2018-09-04T21:11:46Z, git hash: 3ce520221d0240229c862b122d2b06c12a625732
2019-11-12 23:38:59,794 [main] INFO  handler.ContextHandler (ContextHandler.java:doStart(781)) - Started o.e.j.s.ServletContextHandler@31ab1e67{/logs,file:///workdir/hadoop-ozone/integration-test/target/log,AVAILABLE}
2019-11-12 23:38:59,795 [main] INFO  handler.ContextHandler (ContextHandler.java:doStart(781)) - Started o.e.j.s.ServletContextHandler@3487442d{/static,file:///workdir/hadoop-ozone/integration-test/target/test-classes/webapps/static,AVAILABLE}
2019-11-12 23:38:59,798 [main] INFO  handler.ContextHandler (ContextHandler.java:doStart(781)) - Started o.e.j.w.WebAppContext@28b523a{/,file:///workdir/hadoop-ozone/integration-test/target/test-classes/webapps/scm/,AVAILABLE}{/scm}
2019-11-12 23:38:59,799 [main] INFO  server.AbstractConnector (AbstractConnector.java:doStart(278)) - Started ServerConnector@52ba685a{HTTP/1.1,[http/1.1]}{0.0.0.0:46344}
2019-11-12 23:38:59,799 [main] INFO  server.Server (Server.java:doStart(419)) - Started @217890ms
2019-11-12 23:38:59,799 [main] WARN  impl.MetricsSystemImpl (MetricsSystemImpl.java:register(276)) - Sink prometheus already exists!
2019-11-12 23:38:59,800 [main] INFO  server.BaseHttpServer (BaseHttpServer.java:updateConnectorAddress(215)) - HTTP server of SCM is listening at http://0.0.0.0:46344
2019-11-12 23:38:59,801 [main] WARN  server.ServerUtils (ServerUtils.java:getDBPath(222)) - ozone.om.db.dirs is not configured. We recommend adding this setting. Falling back to ozone.metadata.dirs instead.
2019-11-12 23:38:59,801 [org.apache.hadoop.util.JvmPauseMonitor$Monitor@71d55b7e] INFO  util.JvmPauseMonitor (JvmPauseMonitor.java:run(188)) - Starting JVM pause monitor
2019-11-12 23:38:59,806 [main] INFO  ha.OMHANodeDetails (OMHANodeDetails.java:loadOMHAConfig(190)) - Configuration either no ozone.om.address set. Falling back to the default OM address /127.0.0.1:0
2019-11-12 23:38:59,806 [main] INFO  ha.OMHANodeDetails (OMHANodeDetails.java:getOMNodeDetails(220)) - OM Service ID is not set. Setting it to the default ID: omServiceIdDefault
2019-11-12 23:38:59,807 [main] WARN  server.ServerUtils (ServerUtils.java:getDBPath(222)) - ozone.om.db.dirs is not configured. We recommend adding this setting. Falling back to ozone.metadata.dirs instead.
2019-11-12 23:38:59,807 [main] WARN  server.ServerUtils (ServerUtils.java:getDBPath(222)) - ozone.om.db.dirs is not configured. We recommend adding this setting. Falling back to ozone.metadata.dirs instead.
2019-11-12 23:38:59,814 [main] WARN  server.ServerUtils (ServerUtils.java:getDBPath(222)) - ozone.om.db.dirs is not configured. We recommend adding this setting. Falling back to ozone.metadata.dirs instead.
2019-11-12 23:38:59,814 [main] INFO  db.DBStoreBuilder (DBStoreBuilder.java:addTable(127)) - using custom profile for table: userTable
2019-11-12 23:38:59,814 [main] INFO  db.DBStoreBuilder (DBStoreBuilder.java:processTables(183)) - Using default column profile:DBProfile.DISK for Table:userTable
2019-11-12 23:38:59,815 [main] INFO  db.DBStoreBuilder (DBStoreBuilder.java:addTable(127)) - using custom profile for table: volumeTable
2019-11-12 23:38:59,815 [main] INFO  db.DBStoreBuilder (DBStoreBuilder.java:processTables(183)) - Using default column profile:DBProfile.DISK for Table:volumeTable
2019-11-12 23:38:59,815 [main] INFO  db.DBStoreBuilder (DBStoreBuilder.java:addTable(127)) - using custom profile for table: bucketTable
2019-11-12 23:38:59,815 [main] INFO  db.DBStoreBuilder (DBStoreBuilder.java:processTables(183)) - Using default column profile:DBProfile.DISK for Table:bucketTable
2019-11-12 23:38:59,815 [main] INFO  db.DBStoreBuilder (DBStoreBuilder.java:addTable(127)) - using custom profile for table: keyTable
2019-11-12 23:38:59,815 [main] INFO  db.DBStoreBuilder (DBStoreBuilder.java:processTables(183)) - Using default column profile:DBProfile.DISK for Table:keyTable
2019-11-12 23:38:59,816 [main] INFO  db.DBStoreBuilder (DBStoreBuilder.java:addTable(127)) - using custom profile for table: deletedTable
2019-11-12 23:38:59,816 [main] INFO  db.DBStoreBuilder (DBStoreBuilder.java:processTables(183)) - Using default column profile:DBProfile.DISK for Table:deletedTable
2019-11-12 23:38:59,816 [main] INFO  db.DBStoreBuilder (DBStoreBuilder.java:addTable(127)) - using custom profile for table: openKeyTable
2019-11-12 23:38:59,816 [main] INFO  db.DBStoreBuilder (DBStoreBuilder.java:processTables(183)) - Using default column profile:DBProfile.DISK for Table:openKeyTable
2019-11-12 23:38:59,816 [main] INFO  db.DBStoreBuilder (DBStoreBuilder.java:addTable(127)) - using custom profile for table: s3Table
2019-11-12 23:38:59,817 [main] INFO  db.DBStoreBuilder (DBStoreBuilder.java:processTables(183)) - Using default column profile:DBProfile.DISK for Table:s3Table
2019-11-12 23:38:59,817 [main] INFO  db.DBStoreBuilder (DBStoreBuilder.java:addTable(127)) - using custom profile for table: multipartInfoTable
2019-11-12 23:38:59,817 [main] INFO  db.DBStoreBuilder (DBStoreBuilder.java:processTables(183)) - Using default column profile:DBProfile.DISK for Table:multipartInfoTable
2019-11-12 23:38:59,817 [main] INFO  db.DBStoreBuilder (DBStoreBuilder.java:addTable(127)) - using custom profile for table: dTokenTable
2019-11-12 23:38:59,817 [main] INFO  db.DBStoreBuilder (DBStoreBuilder.java:processTables(183)) - Using default column profile:DBProfile.DISK for Table:dTokenTable
2019-11-12 23:38:59,818 [main] INFO  db.DBStoreBuilder (DBStoreBuilder.java:addTable(127)) - using custom profile for table: s3SecretTable
2019-11-12 23:38:59,818 [main] INFO  db.DBStoreBuilder (DBStoreBuilder.java:processTables(183)) - Using default column profile:DBProfile.DISK for Table:s3SecretTable
2019-11-12 23:38:59,818 [main] INFO  db.DBStoreBuilder (DBStoreBuilder.java:addTable(127)) - using custom profile for table: prefixTable
2019-11-12 23:38:59,818 [main] INFO  db.DBStoreBuilder (DBStoreBuilder.java:processTables(183)) - Using default column profile:DBProfile.DISK for Table:prefixTable
2019-11-12 23:38:59,818 [main] INFO  db.DBStoreBuilder (DBStoreBuilder.java:addTable(127)) - using custom profile for table: default
2019-11-12 23:38:59,819 [main] INFO  db.DBStoreBuilder (DBStoreBuilder.java:processTables(189)) - Using default column profile:DBProfile.DISK for Table:default
2019-11-12 23:38:59,819 [main] INFO  db.DBStoreBuilder (DBStoreBuilder.java:getDbProfile(220)) - Using default options. DBProfile.DISK
2019-11-12 23:39:00,297 [main] INFO  ipc.CallQueueManager (CallQueueManager.java:<init>(84)) - Using callQueue: class java.util.concurrent.LinkedBlockingQueue, queueCapacity: 2000, scheduler: class org.apache.hadoop.ipc.DefaultRpcScheduler, ipcBackoff: false.
2019-11-12 23:39:00,298 [Socket Reader #1 for port 39383] INFO  ipc.Server (Server.java:run(1074)) - Starting Socket Reader #1 for port 39383
2019-11-12 23:39:00,310 [main] INFO  om.OzoneManager (OzoneManager.java:start(1077)) - OzoneManager RPC server is listening at localhost/127.0.0.1:39383
2019-11-12 23:39:00,311 [main] INFO  impl.MetricsSystemImpl (MetricsSystemImpl.java:init(158)) - OzoneManager metrics system started (again)
2019-11-12 23:39:00,313 [IPC Server Responder] INFO  ipc.Server (Server.java:run(1314)) - IPC Server Responder: starting
2019-11-12 23:39:00,313 [IPC Server listener on 39383] INFO  ipc.Server (Server.java:run(1153)) - IPC Server listener on 39383: starting
2019-11-12 23:39:00,317 [main] INFO  hdfs.DFSUtil (DFSUtil.java:httpServerTemplateForNNAndJN(1641)) - Starting Web-server for ozoneManager at: http://0.0.0.0:0
2019-11-12 23:39:00,319 [main] INFO  server.AuthenticationFilter (AuthenticationFilter.java:constructSecretProvider(240)) - Unable to initialize FileSignerSecretProvider, falling back to use random secrets.
2019-11-12 23:39:00,319 [main] WARN  http.HttpRequestLog (HttpRequestLog.java:getRequestLog(97)) - Jetty request log can only be enabled using Log4j
2019-11-12 23:39:00,321 [main] INFO  http.HttpServer2 (HttpServer2.java:addGlobalFilter(975)) - Added global filter 'safety' (class=org.apache.hadoop.http.HttpServer2$QuotingInputFilter)
2019-11-12 23:39:00,321 [main] INFO  http.HttpServer2 (HttpServer2.java:addFilter(948)) - Added filter static_user_filter (class=org.apache.hadoop.http.lib.StaticUserWebFilter$StaticUserFilter) to context ozoneManager
2019-11-12 23:39:00,321 [main] INFO  http.HttpServer2 (HttpServer2.java:addFilter(958)) - Added filter static_user_filter (class=org.apache.hadoop.http.lib.StaticUserWebFilter$StaticUserFilter) to context static
2019-11-12 23:39:00,321 [main] INFO  http.HttpServer2 (HttpServer2.java:addFilter(958)) - Added filter static_user_filter (class=org.apache.hadoop.http.lib.StaticUserWebFilter$StaticUserFilter) to context logs
2019-11-12 23:39:00,322 [main] INFO  http.HttpServer2 (HttpServer2.java:bindListener(1191)) - Jetty bound to port 45884
2019-11-12 23:39:00,322 [main] INFO  server.Server (Server.java:doStart(351)) - jetty-9.3.25.v20180904, build timestamp: 2018-09-04T21:11:46Z, git hash: 3ce520221d0240229c862b122d2b06c12a625732
2019-11-12 23:39:00,324 [main] INFO  handler.ContextHandler (ContextHandler.java:doStart(781)) - Started o.e.j.s.ServletContextHandler@5fd43e58{/logs,file:///workdir/hadoop-ozone/integration-test/target/log,AVAILABLE}
2019-11-12 23:39:00,324 [main] INFO  handler.ContextHandler (ContextHandler.java:doStart(781)) - Started o.e.j.s.ServletContextHandler@68dfda77{/static,file:///workdir/hadoop-ozone/integration-test/target/test-classes/webapps/static,AVAILABLE}
2019-11-12 23:39:00,328 [main] INFO  handler.ContextHandler (ContextHandler.java:doStart(781)) - Started o.e.j.w.WebAppContext@5ca4dce5{/,file:///workdir/hadoop-ozone/integration-test/target/test-classes/webapps/ozoneManager/,AVAILABLE}{/ozoneManager}
2019-11-12 23:39:00,328 [main] INFO  server.AbstractConnector (AbstractConnector.java:doStart(278)) - Started ServerConnector@1291aab5{HTTP/1.1,[http/1.1]}{0.0.0.0:45884}
2019-11-12 23:39:00,328 [main] INFO  server.Server (Server.java:doStart(419)) - Started @218419ms
2019-11-12 23:39:00,329 [main] WARN  impl.MetricsSystemImpl (MetricsSystemImpl.java:register(276)) - Sink prometheus already exists!
2019-11-12 23:39:00,330 [main] INFO  server.BaseHttpServer (BaseHttpServer.java:updateConnectorAddress(215)) - HTTP server of OZONEMANAGER is listening at http://0.0.0.0:45884
2019-11-12 23:39:00,353 [main] INFO  impl.MetricsSystemImpl (MetricsSystemImpl.java:init(158)) - HddsDatanode metrics system started (again)
2019-11-12 23:39:00,355 [main] INFO  ozone.HddsDatanodeService (HddsDatanodeService.java:start(186)) - HddsDatanodeService host:pr-hdds-2375-hvwjp-2869937553 ip:192.168.164.236
2019-11-12 23:39:00,360 [main] INFO  volume.HddsVolume (HddsVolume.java:<init>(176)) - Creating Volume: /workdir/hadoop-ozone/integration-test/target/test-dir/MiniOzoneClusterImpl-af41d755-250d-41c0-9b7d-b62086ffbdd4/datanode-0/data/containers/hdds of  storage type : DISK and capacity : 1482555576320
2019-11-12 23:39:00,372 [main] INFO  volume.VolumeSet (VolumeSet.java:initializeVolumeSet(170)) - Added Volume : /workdir/hadoop-ozone/integration-test/target/test-dir/MiniOzoneClusterImpl-af41d755-250d-41c0-9b7d-b62086ffbdd4/datanode-0/data/containers/hdds to VolumeSet
2019-11-12 23:39:00,372 [main] INFO  volume.ThrottledAsyncChecker (ThrottledAsyncChecker.java:schedule(141)) - Scheduling a check for /workdir/hadoop-ozone/integration-test/target/test-dir/MiniOzoneClusterImpl-af41d755-250d-41c0-9b7d-b62086ffbdd4/datanode-0/data/containers/hdds
2019-11-12 23:39:00,373 [main] INFO  volume.HddsVolumeChecker (HddsVolumeChecker.java:checkAllVolumes(204)) - Scheduled health check for volume /workdir/hadoop-ozone/integration-test/target/test-dir/MiniOzoneClusterImpl-af41d755-250d-41c0-9b7d-b62086ffbdd4/datanode-0/data/containers/hdds
2019-11-12 23:39:00,384 [main] INFO  impl.RaftServerProxy (ConfUtils.java:logGet(43)) - raft.rpc.type = GRPC (default)
2019-11-12 23:39:00,384 [main] INFO  grpc.GrpcFactory (GrpcFactory.java:checkPooledByteBufAllocatorUseCacheForAllThreads(45)) - PERFORMANCE WARNING: useCacheForAllThreads is true that may cause Netty to create a lot garbage objects and, as a result, trigger GC.
	It is recommended to disable useCacheForAllThreads by setting -Dorg.apache.ratis.thirdparty.io.netty.allocator.useCacheForAllThreads=false in command line.
2019-11-12 23:39:00,385 [main] INFO  grpc.GrpcConfigKeys$Server (ConfUtils.java:logGet(43)) - raft.grpc.server.port = 0 (default)
2019-11-12 23:39:00,385 [main] INFO  server.GrpcService (ConfUtils.java:logGet(43)) - raft.grpc.message.size.max = 33570816 (custom)
2019-11-12 23:39:00,385 [main] INFO  server.RaftServerConfigKeys (ConfUtils.java:logGet(43)) - raft.server.log.appender.buffer.byte-limit = 33554432 (custom)
2019-11-12 23:39:00,385 [main] INFO  server.GrpcService (ConfUtils.java:logGet(43)) - raft.grpc.flow.control.window = 1MB (=1048576) (default)
2019-11-12 23:39:00,385 [main] INFO  server.RaftServerConfigKeys (ConfUtils.java:logGet(43)) - raft.server.rpc.request.timeout = 3000ms (default)
2019-11-12 23:39:00,386 [main] INFO  server.RaftServerConfigKeys (ConfUtils.java:logGet(43)) - raft.server.storage.dir = [/workdir/hadoop-ozone/integration-test/target/test-dir/MiniOzoneClusterImpl-af41d755-250d-41c0-9b7d-b62086ffbdd4/datanode-0/data/ratis] (custom)
2019-11-12 23:39:00,387 [main] INFO  hdfs.DFSUtil (DFSUtil.java:httpServerTemplateForNNAndJN(1641)) - Starting Web-server for hddsDatanode at: http://0.0.0.0:0
2019-11-12 23:39:00,388 [main] INFO  server.AuthenticationFilter (AuthenticationFilter.java:constructSecretProvider(240)) - Unable to initialize FileSignerSecretProvider, falling back to use random secrets.
2019-11-12 23:39:00,389 [main] WARN  http.HttpRequestLog (HttpRequestLog.java:getRequestLog(97)) - Jetty request log can only be enabled using Log4j
2019-11-12 23:39:00,390 [main] INFO  http.HttpServer2 (HttpServer2.java:addGlobalFilter(975)) - Added global filter 'safety' (class=org.apache.hadoop.http.HttpServer2$QuotingInputFilter)
2019-11-12 23:39:00,390 [main] INFO  http.HttpServer2 (HttpServer2.java:addFilter(948)) - Added filter static_user_filter (class=org.apache.hadoop.http.lib.StaticUserWebFilter$StaticUserFilter) to context hddsDatanode
2019-11-12 23:39:00,390 [main] INFO  http.HttpServer2 (HttpServer2.java:addFilter(958)) - Added filter static_user_filter (class=org.apache.hadoop.http.lib.StaticUserWebFilter$StaticUserFilter) to context logs
2019-11-12 23:39:00,390 [main] INFO  http.HttpServer2 (HttpServer2.java:addFilter(958)) - Added filter static_user_filter (class=org.apache.hadoop.http.lib.StaticUserWebFilter$StaticUserFilter) to context static
2019-11-12 23:39:00,391 [main] INFO  http.HttpServer2 (HttpServer2.java:bindListener(1191)) - Jetty bound to port 44765
2019-11-12 23:39:00,391 [main] INFO  server.Server (Server.java:doStart(351)) - jetty-9.3.25.v20180904, build timestamp: 2018-09-04T21:11:46Z, git hash: 3ce520221d0240229c862b122d2b06c12a625732
2019-11-12 23:39:00,392 [main] INFO  handler.ContextHandler (ContextHandler.java:doStart(781)) - Started o.e.j.s.ServletContextHandler@78d92eef{/logs,file:///workdir/hadoop-ozone/integration-test/target/log,AVAILABLE}
2019-11-12 23:39:00,393 [main] INFO  handler.ContextHandler (ContextHandler.java:doStart(781)) - Started o.e.j.s.ServletContextHandler@6e95973c{/static,jar:file:/home/user/.m2/repository/org/apache/hadoop/hadoop-hdds-container-service/0.5.0-SNAPSHOT/hadoop-hdds-container-service-0.5.0-SNAPSHOT.jar!/webapps/static,AVAILABLE}
2019-11-12 23:39:00,422 [main] INFO  handler.ContextHandler (ContextHandler.java:doStart(781)) - Started o.e.j.w.WebAppContext@5122e4bf{/,file:///tmp/jetty-0.0.0.0-44765-hddsDatanode-_-any-2068778485840625653.dir/webapp/,AVAILABLE}{/hddsDatanode}
2019-11-12 23:39:00,422 [main] INFO  server.AbstractConnector (AbstractConnector.java:doStart(278)) - Started ServerConnector@23e61112{HTTP/1.1,[http/1.1]}{0.0.0.0:44765}
2019-11-12 23:39:00,422 [main] INFO  server.Server (Server.java:doStart(419)) - Started @218513ms
2019-11-12 23:39:00,423 [main] WARN  impl.MetricsSystemImpl (MetricsSystemImpl.java:register(276)) - Sink prometheus already exists!
2019-11-12 23:39:00,424 [main] INFO  server.BaseHttpServer (BaseHttpServer.java:updateConnectorAddress(215)) - HTTP server of HDDSDATANODE is listening at http://0.0.0.0:44765
2019-11-12 23:39:00,424 [main] INFO  impl.MetricsSystemImpl (MetricsSystemImpl.java:init(158)) - HddsDatanode metrics system started (again)
2019-11-12 23:39:00,426 [main] INFO  ozone.HddsDatanodeService (HddsDatanodeService.java:start(186)) - HddsDatanodeService host:pr-hdds-2375-hvwjp-2869937553 ip:192.168.164.236
2019-11-12 23:39:00,427 [org.apache.hadoop.util.JvmPauseMonitor$Monitor@32ee3f3b] INFO  util.JvmPauseMonitor (JvmPauseMonitor.java:run(188)) - Starting JVM pause monitor
2019-11-12 23:39:00,428 [Datanode State Machine Thread - 0] INFO  datanode.InitDatanodeState (InitDatanodeState.java:persistContainerDatanodeDetails(140)) - DatanodeDetails is persisted to /workdir/hadoop-ozone/integration-test/target/test-dir/MiniOzoneClusterImpl-af41d755-250d-41c0-9b7d-b62086ffbdd4/datanode-0/meta/datanode.id
2019-11-12 23:39:00,433 [main] INFO  volume.HddsVolume (HddsVolume.java:<init>(176)) - Creating Volume: /workdir/hadoop-ozone/integration-test/target/test-dir/MiniOzoneClusterImpl-af41d755-250d-41c0-9b7d-b62086ffbdd4/datanode-1/data/containers/hdds of  storage type : DISK and capacity : 1482555576320
2019-11-12 23:39:00,442 [main] INFO  volume.VolumeSet (VolumeSet.java:initializeVolumeSet(170)) - Added Volume : /workdir/hadoop-ozone/integration-test/target/test-dir/MiniOzoneClusterImpl-af41d755-250d-41c0-9b7d-b62086ffbdd4/datanode-1/data/containers/hdds to VolumeSet
2019-11-12 23:39:00,443 [main] INFO  volume.ThrottledAsyncChecker (ThrottledAsyncChecker.java:schedule(141)) - Scheduling a check for /workdir/hadoop-ozone/integration-test/target/test-dir/MiniOzoneClusterImpl-af41d755-250d-41c0-9b7d-b62086ffbdd4/datanode-1/data/containers/hdds
2019-11-12 23:39:00,443 [main] INFO  volume.HddsVolumeChecker (HddsVolumeChecker.java:checkAllVolumes(204)) - Scheduled health check for volume /workdir/hadoop-ozone/integration-test/target/test-dir/MiniOzoneClusterImpl-af41d755-250d-41c0-9b7d-b62086ffbdd4/datanode-1/data/containers/hdds
2019-11-12 23:39:00,455 [main] INFO  impl.RaftServerProxy (ConfUtils.java:logGet(43)) - raft.rpc.type = GRPC (default)
2019-11-12 23:39:00,455 [main] INFO  grpc.GrpcFactory (GrpcFactory.java:checkPooledByteBufAllocatorUseCacheForAllThreads(45)) - PERFORMANCE WARNING: useCacheForAllThreads is true that may cause Netty to create a lot garbage objects and, as a result, trigger GC.
	It is recommended to disable useCacheForAllThreads by setting -Dorg.apache.ratis.thirdparty.io.netty.allocator.useCacheForAllThreads=false in command line.
2019-11-12 23:39:00,455 [main] INFO  grpc.GrpcConfigKeys$Server (ConfUtils.java:logGet(43)) - raft.grpc.server.port = 0 (default)
2019-11-12 23:39:00,455 [main] INFO  server.GrpcService (ConfUtils.java:logGet(43)) - raft.grpc.message.size.max = 33570816 (custom)
2019-11-12 23:39:00,455 [main] INFO  server.RaftServerConfigKeys (ConfUtils.java:logGet(43)) - raft.server.log.appender.buffer.byte-limit = 33554432 (custom)
2019-11-12 23:39:00,455 [main] INFO  server.GrpcService (ConfUtils.java:logGet(43)) - raft.grpc.flow.control.window = 1MB (=1048576) (default)
2019-11-12 23:39:00,455 [main] INFO  server.RaftServerConfigKeys (ConfUtils.java:logGet(43)) - raft.server.rpc.request.timeout = 3000ms (default)
2019-11-12 23:39:00,456 [main] INFO  server.RaftServerConfigKeys (ConfUtils.java:logGet(43)) - raft.server.storage.dir = [/workdir/hadoop-ozone/integration-test/target/test-dir/MiniOzoneClusterImpl-af41d755-250d-41c0-9b7d-b62086ffbdd4/datanode-1/data/ratis] (custom)
2019-11-12 23:39:00,457 [main] INFO  hdfs.DFSUtil (DFSUtil.java:httpServerTemplateForNNAndJN(1641)) - Starting Web-server for hddsDatanode at: http://0.0.0.0:0
2019-11-12 23:39:00,459 [main] INFO  server.AuthenticationFilter (AuthenticationFilter.java:constructSecretProvider(240)) - Unable to initialize FileSignerSecretProvider, falling back to use random secrets.
2019-11-12 23:39:00,459 [main] WARN  http.HttpRequestLog (HttpRequestLog.java:getRequestLog(97)) - Jetty request log can only be enabled using Log4j
2019-11-12 23:39:00,461 [main] INFO  http.HttpServer2 (HttpServer2.java:addGlobalFilter(975)) - Added global filter 'safety' (class=org.apache.hadoop.http.HttpServer2$QuotingInputFilter)
2019-11-12 23:39:00,462 [main] INFO  http.HttpServer2 (HttpServer2.java:addFilter(948)) - Added filter static_user_filter (class=org.apache.hadoop.http.lib.StaticUserWebFilter$StaticUserFilter) to context hddsDatanode
2019-11-12 23:39:00,462 [main] INFO  http.HttpServer2 (HttpServer2.java:addFilter(958)) - Added filter static_user_filter (class=org.apache.hadoop.http.lib.StaticUserWebFilter$StaticUserFilter) to context logs
2019-11-12 23:39:00,462 [main] INFO  http.HttpServer2 (HttpServer2.java:addFilter(958)) - Added filter static_user_filter (class=org.apache.hadoop.http.lib.StaticUserWebFilter$StaticUserFilter) to context static
2019-11-12 23:39:00,463 [main] INFO  http.HttpServer2 (HttpServer2.java:bindListener(1191)) - Jetty bound to port 40444
2019-11-12 23:39:00,463 [main] INFO  server.Server (Server.java:doStart(351)) - jetty-9.3.25.v20180904, build timestamp: 2018-09-04T21:11:46Z, git hash: 3ce520221d0240229c862b122d2b06c12a625732
2019-11-12 23:39:00,465 [main] INFO  handler.ContextHandler (ContextHandler.java:doStart(781)) - Started o.e.j.s.ServletContextHandler@125f16b2{/logs,file:///workdir/hadoop-ozone/integration-test/target/log,AVAILABLE}
2019-11-12 23:39:00,466 [main] INFO  handler.ContextHandler (ContextHandler.java:doStart(781)) - Started o.e.j.s.ServletContextHandler@6b42e36d{/static,jar:file:/home/user/.m2/repository/org/apache/hadoop/hadoop-hdds-container-service/0.5.0-SNAPSHOT/hadoop-hdds-container-service-0.5.0-SNAPSHOT.jar!/webapps/static,AVAILABLE}
2019-11-12 23:39:00,502 [main] INFO  handler.ContextHandler (ContextHandler.java:doStart(781)) - Started o.e.j.w.WebAppContext@1e56bc9b{/,file:///tmp/jetty-0.0.0.0-40444-hddsDatanode-_-any-1461716958904234597.dir/webapp/,AVAILABLE}{/hddsDatanode}
2019-11-12 23:39:00,502 [main] INFO  server.AbstractConnector (AbstractConnector.java:doStart(278)) - Started ServerConnector@6f3bd37f{HTTP/1.1,[http/1.1]}{0.0.0.0:40444}
2019-11-12 23:39:00,503 [main] INFO  server.Server (Server.java:doStart(419)) - Started @218593ms
2019-11-12 23:39:00,504 [main] WARN  impl.MetricsSystemImpl (MetricsSystemImpl.java:register(276)) - Sink prometheus already exists!
2019-11-12 23:39:00,505 [main] INFO  server.BaseHttpServer (BaseHttpServer.java:updateConnectorAddress(215)) - HTTP server of HDDSDATANODE is listening at http://0.0.0.0:40444
2019-11-12 23:39:00,505 [main] INFO  impl.MetricsSystemImpl (MetricsSystemImpl.java:init(158)) - HddsDatanode metrics system started (again)
2019-11-12 23:39:00,508 [org.apache.hadoop.util.JvmPauseMonitor$Monitor@68e21a0] INFO  util.JvmPauseMonitor (JvmPauseMonitor.java:run(188)) - Starting JVM pause monitor
2019-11-12 23:39:00,508 [main] INFO  ozone.HddsDatanodeService (HddsDatanodeService.java:start(186)) - HddsDatanodeService host:pr-hdds-2375-hvwjp-2869937553 ip:192.168.164.236
2019-11-12 23:39:00,509 [Datanode State Machine Thread - 0] INFO  datanode.InitDatanodeState (InitDatanodeState.java:persistContainerDatanodeDetails(140)) - DatanodeDetails is persisted to /workdir/hadoop-ozone/integration-test/target/test-dir/MiniOzoneClusterImpl-af41d755-250d-41c0-9b7d-b62086ffbdd4/datanode-1/meta/datanode.id
2019-11-12 23:39:00,515 [main] INFO  volume.HddsVolume (HddsVolume.java:<init>(176)) - Creating Volume: /workdir/hadoop-ozone/integration-test/target/test-dir/MiniOzoneClusterImpl-af41d755-250d-41c0-9b7d-b62086ffbdd4/datanode-2/data/containers/hdds of  storage type : DISK and capacity : 1482555576320
2019-11-12 23:39:00,522 [main] INFO  volume.VolumeSet (VolumeSet.java:initializeVolumeSet(170)) - Added Volume : /workdir/hadoop-ozone/integration-test/target/test-dir/MiniOzoneClusterImpl-af41d755-250d-41c0-9b7d-b62086ffbdd4/datanode-2/data/containers/hdds to VolumeSet
2019-11-12 23:39:00,522 [main] INFO  volume.ThrottledAsyncChecker (ThrottledAsyncChecker.java:schedule(141)) - Scheduling a check for /workdir/hadoop-ozone/integration-test/target/test-dir/MiniOzoneClusterImpl-af41d755-250d-41c0-9b7d-b62086ffbdd4/datanode-2/data/containers/hdds
2019-11-12 23:39:00,523 [main] INFO  volume.HddsVolumeChecker (HddsVolumeChecker.java:checkAllVolumes(204)) - Scheduled health check for volume /workdir/hadoop-ozone/integration-test/target/test-dir/MiniOzoneClusterImpl-af41d755-250d-41c0-9b7d-b62086ffbdd4/datanode-2/data/containers/hdds
2019-11-12 23:39:00,534 [main] INFO  impl.RaftServerProxy (ConfUtils.java:logGet(43)) - raft.rpc.type = GRPC (default)
2019-11-12 23:39:00,534 [main] INFO  grpc.GrpcFactory (GrpcFactory.java:checkPooledByteBufAllocatorUseCacheForAllThreads(45)) - PERFORMANCE WARNING: useCacheForAllThreads is true that may cause Netty to create a lot garbage objects and, as a result, trigger GC.
	It is recommended to disable useCacheForAllThreads by setting -Dorg.apache.ratis.thirdparty.io.netty.allocator.useCacheForAllThreads=false in command line.
2019-11-12 23:39:00,534 [main] INFO  grpc.GrpcConfigKeys$Server (ConfUtils.java:logGet(43)) - raft.grpc.server.port = 0 (default)
2019-11-12 23:39:00,534 [main] INFO  server.GrpcService (ConfUtils.java:logGet(43)) - raft.grpc.message.size.max = 33570816 (custom)
2019-11-12 23:39:00,535 [main] INFO  server.RaftServerConfigKeys (ConfUtils.java:logGet(43)) - raft.server.log.appender.buffer.byte-limit = 33554432 (custom)
2019-11-12 23:39:00,535 [main] INFO  server.GrpcService (ConfUtils.java:logGet(43)) - raft.grpc.flow.control.window = 1MB (=1048576) (default)
2019-11-12 23:39:00,535 [main] INFO  server.RaftServerConfigKeys (ConfUtils.java:logGet(43)) - raft.server.rpc.request.timeout = 3000ms (default)
2019-11-12 23:39:00,535 [main] INFO  server.RaftServerConfigKeys (ConfUtils.java:logGet(43)) - raft.server.storage.dir = [/workdir/hadoop-ozone/integration-test/target/test-dir/MiniOzoneClusterImpl-af41d755-250d-41c0-9b7d-b62086ffbdd4/datanode-2/data/ratis] (custom)
2019-11-12 23:39:00,537 [main] INFO  hdfs.DFSUtil (DFSUtil.java:httpServerTemplateForNNAndJN(1641)) - Starting Web-server for hddsDatanode at: http://0.0.0.0:0
2019-11-12 23:39:00,538 [main] INFO  server.AuthenticationFilter (AuthenticationFilter.java:constructSecretProvider(240)) - Unable to initialize FileSignerSecretProvider, falling back to use random secrets.
2019-11-12 23:39:00,538 [main] WARN  http.HttpRequestLog (HttpRequestLog.java:getRequestLog(97)) - Jetty request log can only be enabled using Log4j
2019-11-12 23:39:00,540 [main] INFO  http.HttpServer2 (HttpServer2.java:addGlobalFilter(975)) - Added global filter 'safety' (class=org.apache.hadoop.http.HttpServer2$QuotingInputFilter)
2019-11-12 23:39:00,540 [main] INFO  http.HttpServer2 (HttpServer2.java:addFilter(948)) - Added filter static_user_filter (class=org.apache.hadoop.http.lib.StaticUserWebFilter$StaticUserFilter) to context hddsDatanode
2019-11-12 23:39:00,540 [main] INFO  http.HttpServer2 (HttpServer2.java:addFilter(958)) - Added filter static_user_filter (class=org.apache.hadoop.http.lib.StaticUserWebFilter$StaticUserFilter) to context static
2019-11-12 23:39:00,540 [main] INFO  http.HttpServer2 (HttpServer2.java:addFilter(958)) - Added filter static_user_filter (class=org.apache.hadoop.http.lib.StaticUserWebFilter$StaticUserFilter) to context logs
2019-11-12 23:39:00,541 [main] INFO  http.HttpServer2 (HttpServer2.java:bindListener(1191)) - Jetty bound to port 44213
2019-11-12 23:39:00,541 [main] INFO  server.Server (Server.java:doStart(351)) - jetty-9.3.25.v20180904, build timestamp: 2018-09-04T21:11:46Z, git hash: 3ce520221d0240229c862b122d2b06c12a625732
2019-11-12 23:39:00,543 [main] INFO  handler.ContextHandler (ContextHandler.java:doStart(781)) - Started o.e.j.s.ServletContextHandler@7911cc15{/logs,file:///workdir/hadoop-ozone/integration-test/target/log,AVAILABLE}
2019-11-12 23:39:00,543 [main] INFO  handler.ContextHandler (ContextHandler.java:doStart(781)) - Started o.e.j.s.ServletContextHandler@14e750c5{/static,jar:file:/home/user/.m2/repository/org/apache/hadoop/hadoop-hdds-container-service/0.5.0-SNAPSHOT/hadoop-hdds-container-service-0.5.0-SNAPSHOT.jar!/webapps/static,AVAILABLE}
2019-11-12 23:39:00,576 [main] INFO  handler.ContextHandler (ContextHandler.java:doStart(781)) - Started o.e.j.w.WebAppContext@7af327e3{/,file:///tmp/jetty-0.0.0.0-44213-hddsDatanode-_-any-113718398018731296.dir/webapp/,AVAILABLE}{/hddsDatanode}
2019-11-12 23:39:00,577 [main] INFO  server.AbstractConnector (AbstractConnector.java:doStart(278)) - Started ServerConnector@743d0d44{HTTP/1.1,[http/1.1]}{0.0.0.0:44213}
2019-11-12 23:39:00,578 [main] INFO  server.Server (Server.java:doStart(419)) - Started @218668ms
2019-11-12 23:39:00,578 [main] WARN  impl.MetricsSystemImpl (MetricsSystemImpl.java:register(276)) - Sink prometheus already exists!
2019-11-12 23:39:00,579 [main] INFO  server.BaseHttpServer (BaseHttpServer.java:updateConnectorAddress(215)) - HTTP server of HDDSDATANODE is listening at http://0.0.0.0:44213
2019-11-12 23:39:00,580 [main] INFO  impl.MetricsSystemImpl (MetricsSystemImpl.java:init(158)) - HddsDatanode metrics system started (again)
2019-11-12 23:39:00,583 [org.apache.hadoop.util.JvmPauseMonitor$Monitor@5b8d6b02] INFO  util.JvmPauseMonitor (JvmPauseMonitor.java:run(188)) - Starting JVM pause monitor
2019-11-12 23:39:00,583 [main] INFO  ozone.HddsDatanodeService (HddsDatanodeService.java:start(186)) - HddsDatanodeService host:pr-hdds-2375-hvwjp-2869937553 ip:192.168.164.236
2019-11-12 23:39:00,585 [Datanode State Machine Thread - 0] INFO  datanode.InitDatanodeState (InitDatanodeState.java:persistContainerDatanodeDetails(140)) - DatanodeDetails is persisted to /workdir/hadoop-ozone/integration-test/target/test-dir/MiniOzoneClusterImpl-af41d755-250d-41c0-9b7d-b62086ffbdd4/datanode-2/meta/datanode.id
2019-11-12 23:39:00,591 [main] INFO  volume.HddsVolume (HddsVolume.java:<init>(176)) - Creating Volume: /workdir/hadoop-ozone/integration-test/target/test-dir/MiniOzoneClusterImpl-af41d755-250d-41c0-9b7d-b62086ffbdd4/datanode-3/data/containers/hdds of  storage type : DISK and capacity : 1482555576320
2019-11-12 23:39:00,592 [main] INFO  volume.VolumeSet (VolumeSet.java:initializeVolumeSet(170)) - Added Volume : /workdir/hadoop-ozone/integration-test/target/test-dir/MiniOzoneClusterImpl-af41d755-250d-41c0-9b7d-b62086ffbdd4/datanode-3/data/containers/hdds to VolumeSet
2019-11-12 23:39:00,592 [main] INFO  volume.ThrottledAsyncChecker (ThrottledAsyncChecker.java:schedule(141)) - Scheduling a check for /workdir/hadoop-ozone/integration-test/target/test-dir/MiniOzoneClusterImpl-af41d755-250d-41c0-9b7d-b62086ffbdd4/datanode-3/data/containers/hdds
2019-11-12 23:39:00,592 [main] INFO  volume.HddsVolumeChecker (HddsVolumeChecker.java:checkAllVolumes(204)) - Scheduled health check for volume /workdir/hadoop-ozone/integration-test/target/test-dir/MiniOzoneClusterImpl-af41d755-250d-41c0-9b7d-b62086ffbdd4/datanode-3/data/containers/hdds
2019-11-12 23:39:00,623 [main] INFO  impl.RaftServerProxy (ConfUtils.java:logGet(43)) - raft.rpc.type = GRPC (default)
2019-11-12 23:39:00,623 [main] INFO  grpc.GrpcFactory (GrpcFactory.java:checkPooledByteBufAllocatorUseCacheForAllThreads(45)) - PERFORMANCE WARNING: useCacheForAllThreads is true that may cause Netty to create a lot garbage objects and, as a result, trigger GC.
	It is recommended to disable useCacheForAllThreads by setting -Dorg.apache.ratis.thirdparty.io.netty.allocator.useCacheForAllThreads=false in command line.
2019-11-12 23:39:00,624 [main] INFO  grpc.GrpcConfigKeys$Server (ConfUtils.java:logGet(43)) - raft.grpc.server.port = 0 (default)
2019-11-12 23:39:00,624 [main] INFO  server.GrpcService (ConfUtils.java:logGet(43)) - raft.grpc.message.size.max = 33570816 (custom)
2019-11-12 23:39:00,624 [main] INFO  server.RaftServerConfigKeys (ConfUtils.java:logGet(43)) - raft.server.log.appender.buffer.byte-limit = 33554432 (custom)
2019-11-12 23:39:00,625 [main] INFO  server.GrpcService (ConfUtils.java:logGet(43)) - raft.grpc.flow.control.window = 1MB (=1048576) (default)
2019-11-12 23:39:00,625 [main] INFO  server.RaftServerConfigKeys (ConfUtils.java:logGet(43)) - raft.server.rpc.request.timeout = 3000ms (default)
2019-11-12 23:39:00,626 [main] INFO  server.RaftServerConfigKeys (ConfUtils.java:logGet(43)) - raft.server.storage.dir = [/workdir/hadoop-ozone/integration-test/target/test-dir/MiniOzoneClusterImpl-af41d755-250d-41c0-9b7d-b62086ffbdd4/datanode-3/data/ratis] (custom)
2019-11-12 23:39:00,628 [main] INFO  hdfs.DFSUtil (DFSUtil.java:httpServerTemplateForNNAndJN(1641)) - Starting Web-server for hddsDatanode at: http://0.0.0.0:0
2019-11-12 23:39:00,631 [main] INFO  server.AuthenticationFilter (AuthenticationFilter.java:constructSecretProvider(240)) - Unable to initialize FileSignerSecretProvider, falling back to use random secrets.
2019-11-12 23:39:00,631 [main] WARN  http.HttpRequestLog (HttpRequestLog.java:getRequestLog(97)) - Jetty request log can only be enabled using Log4j
2019-11-12 23:39:00,633 [main] INFO  http.HttpServer2 (HttpServer2.java:addGlobalFilter(975)) - Added global filter 'safety' (class=org.apache.hadoop.http.HttpServer2$QuotingInputFilter)
2019-11-12 23:39:00,633 [main] INFO  http.HttpServer2 (HttpServer2.java:addFilter(948)) - Added filter static_user_filter (class=org.apache.hadoop.http.lib.StaticUserWebFilter$StaticUserFilter) to context hddsDatanode
2019-11-12 23:39:00,633 [main] INFO  http.HttpServer2 (HttpServer2.java:addFilter(958)) - Added filter static_user_filter (class=org.apache.hadoop.http.lib.StaticUserWebFilter$StaticUserFilter) to context logs
2019-11-12 23:39:00,634 [main] INFO  http.HttpServer2 (HttpServer2.java:addFilter(958)) - Added filter static_user_filter (class=org.apache.hadoop.http.lib.StaticUserWebFilter$StaticUserFilter) to context static
2019-11-12 23:39:00,634 [main] INFO  http.HttpServer2 (HttpServer2.java:bindListener(1191)) - Jetty bound to port 41336
2019-11-12 23:39:00,634 [main] INFO  server.Server (Server.java:doStart(351)) - jetty-9.3.25.v20180904, build timestamp: 2018-09-04T21:11:46Z, git hash: 3ce520221d0240229c862b122d2b06c12a625732
2019-11-12 23:39:00,636 [main] INFO  handler.ContextHandler (ContextHandler.java:doStart(781)) - Started o.e.j.s.ServletContextHandler@56cfe6be{/logs,file:///workdir/hadoop-ozone/integration-test/target/log,AVAILABLE}
2019-11-12 23:39:00,637 [main] INFO  handler.ContextHandler (ContextHandler.java:doStart(781)) - Started o.e.j.s.ServletContextHandler@149aa7b2{/static,jar:file:/home/user/.m2/repository/org/apache/hadoop/hadoop-hdds-container-service/0.5.0-SNAPSHOT/hadoop-hdds-container-service-0.5.0-SNAPSHOT.jar!/webapps/static,AVAILABLE}
2019-11-12 23:39:00,666 [main] INFO  handler.ContextHandler (ContextHandler.java:doStart(781)) - Started o.e.j.w.WebAppContext@6d874695{/,file:///tmp/jetty-0.0.0.0-41336-hddsDatanode-_-any-7094339729012015207.dir/webapp/,AVAILABLE}{/hddsDatanode}
2019-11-12 23:39:00,666 [main] INFO  server.AbstractConnector (AbstractConnector.java:doStart(278)) - Started ServerConnector@20bb85b4{HTTP/1.1,[http/1.1]}{0.0.0.0:41336}
2019-11-12 23:39:00,668 [main] INFO  server.Server (Server.java:doStart(419)) - Started @218758ms
2019-11-12 23:39:00,668 [main] WARN  impl.MetricsSystemImpl (MetricsSystemImpl.java:register(276)) - Sink prometheus already exists!
2019-11-12 23:39:00,669 [main] INFO  server.BaseHttpServer (BaseHttpServer.java:updateConnectorAddress(215)) - HTTP server of HDDSDATANODE is listening at http://0.0.0.0:41336
2019-11-12 23:39:00,669 [main] INFO  impl.MetricsSystemImpl (MetricsSystemImpl.java:init(158)) - HddsDatanode metrics system started (again)
2019-11-12 23:39:00,673 [org.apache.hadoop.util.JvmPauseMonitor$Monitor@3150a5f4] INFO  util.JvmPauseMonitor (JvmPauseMonitor.java:run(188)) - Starting JVM pause monitor
2019-11-12 23:39:00,674 [main] INFO  ozone.HddsDatanodeService (HddsDatanodeService.java:start(186)) - HddsDatanodeService host:pr-hdds-2375-hvwjp-2869937553 ip:192.168.164.236
2019-11-12 23:39:00,674 [Datanode State Machine Thread - 0] INFO  datanode.InitDatanodeState (InitDatanodeState.java:persistContainerDatanodeDetails(140)) - DatanodeDetails is persisted to /workdir/hadoop-ozone/integration-test/target/test-dir/MiniOzoneClusterImpl-af41d755-250d-41c0-9b7d-b62086ffbdd4/datanode-3/meta/datanode.id
2019-11-12 23:39:00,682 [main] INFO  volume.HddsVolume (HddsVolume.java:<init>(176)) - Creating Volume: /workdir/hadoop-ozone/integration-test/target/test-dir/MiniOzoneClusterImpl-af41d755-250d-41c0-9b7d-b62086ffbdd4/datanode-4/data/containers/hdds of  storage type : DISK and capacity : 1482555576320
2019-11-12 23:39:00,682 [main] INFO  volume.VolumeSet (VolumeSet.java:initializeVolumeSet(170)) - Added Volume : /workdir/hadoop-ozone/integration-test/target/test-dir/MiniOzoneClusterImpl-af41d755-250d-41c0-9b7d-b62086ffbdd4/datanode-4/data/containers/hdds to VolumeSet
2019-11-12 23:39:00,683 [main] INFO  volume.ThrottledAsyncChecker (ThrottledAsyncChecker.java:schedule(141)) - Scheduling a check for /workdir/hadoop-ozone/integration-test/target/test-dir/MiniOzoneClusterImpl-af41d755-250d-41c0-9b7d-b62086ffbdd4/datanode-4/data/containers/hdds
2019-11-12 23:39:00,683 [main] INFO  volume.HddsVolumeChecker (HddsVolumeChecker.java:checkAllVolumes(204)) - Scheduled health check for volume /workdir/hadoop-ozone/integration-test/target/test-dir/MiniOzoneClusterImpl-af41d755-250d-41c0-9b7d-b62086ffbdd4/datanode-4/data/containers/hdds
2019-11-12 23:39:00,699 [main] INFO  impl.RaftServerProxy (ConfUtils.java:logGet(43)) - raft.rpc.type = GRPC (default)
2019-11-12 23:39:00,699 [main] INFO  grpc.GrpcFactory (GrpcFactory.java:checkPooledByteBufAllocatorUseCacheForAllThreads(45)) - PERFORMANCE WARNING: useCacheForAllThreads is true that may cause Netty to create a lot garbage objects and, as a result, trigger GC.
	It is recommended to disable useCacheForAllThreads by setting -Dorg.apache.ratis.thirdparty.io.netty.allocator.useCacheForAllThreads=false in command line.
2019-11-12 23:39:00,699 [main] INFO  grpc.GrpcConfigKeys$Server (ConfUtils.java:logGet(43)) - raft.grpc.server.port = 0 (default)
2019-11-12 23:39:00,699 [main] INFO  server.GrpcService (ConfUtils.java:logGet(43)) - raft.grpc.message.size.max = 33570816 (custom)
2019-11-12 23:39:00,699 [main] INFO  server.RaftServerConfigKeys (ConfUtils.java:logGet(43)) - raft.server.log.appender.buffer.byte-limit = 33554432 (custom)
2019-11-12 23:39:00,700 [main] INFO  server.GrpcService (ConfUtils.java:logGet(43)) - raft.grpc.flow.control.window = 1MB (=1048576) (default)
2019-11-12 23:39:00,700 [main] INFO  server.RaftServerConfigKeys (ConfUtils.java:logGet(43)) - raft.server.rpc.request.timeout = 3000ms (default)
2019-11-12 23:39:00,700 [main] INFO  server.RaftServerConfigKeys (ConfUtils.java:logGet(43)) - raft.server.storage.dir = [/workdir/hadoop-ozone/integration-test/target/test-dir/MiniOzoneClusterImpl-af41d755-250d-41c0-9b7d-b62086ffbdd4/datanode-4/data/ratis] (custom)
2019-11-12 23:39:00,702 [main] INFO  hdfs.DFSUtil (DFSUtil.java:httpServerTemplateForNNAndJN(1641)) - Starting Web-server for hddsDatanode at: http://0.0.0.0:0
2019-11-12 23:39:00,703 [main] INFO  server.AuthenticationFilter (AuthenticationFilter.java:constructSecretProvider(240)) - Unable to initialize FileSignerSecretProvider, falling back to use random secrets.
2019-11-12 23:39:00,703 [main] WARN  http.HttpRequestLog (HttpRequestLog.java:getRequestLog(97)) - Jetty request log can only be enabled using Log4j
2019-11-12 23:39:00,705 [main] INFO  http.HttpServer2 (HttpServer2.java:addGlobalFilter(975)) - Added global filter 'safety' (class=org.apache.hadoop.http.HttpServer2$QuotingInputFilter)
2019-11-12 23:39:00,705 [main] INFO  http.HttpServer2 (HttpServer2.java:addFilter(948)) - Added filter static_user_filter (class=org.apache.hadoop.http.lib.StaticUserWebFilter$StaticUserFilter) to context hddsDatanode
2019-11-12 23:39:00,705 [main] INFO  http.HttpServer2 (HttpServer2.java:addFilter(958)) - Added filter static_user_filter (class=org.apache.hadoop.http.lib.StaticUserWebFilter$StaticUserFilter) to context static
2019-11-12 23:39:00,706 [main] INFO  http.HttpServer2 (HttpServer2.java:addFilter(958)) - Added filter static_user_filter (class=org.apache.hadoop.http.lib.StaticUserWebFilter$StaticUserFilter) to context logs
2019-11-12 23:39:00,706 [main] INFO  http.HttpServer2 (HttpServer2.java:bindListener(1191)) - Jetty bound to port 34405
2019-11-12 23:39:00,707 [main] INFO  server.Server (Server.java:doStart(351)) - jetty-9.3.25.v20180904, build timestamp: 2018-09-04T21:11:46Z, git hash: 3ce520221d0240229c862b122d2b06c12a625732
2019-11-12 23:39:00,708 [main] INFO  handler.ContextHandler (ContextHandler.java:doStart(781)) - Started o.e.j.s.ServletContextHandler@6dae70f9{/logs,file:///workdir/hadoop-ozone/integration-test/target/log,AVAILABLE}
2019-11-12 23:39:00,708 [main] INFO  handler.ContextHandler (ContextHandler.java:doStart(781)) - Started o.e.j.s.ServletContextHandler@53a301f3{/static,jar:file:/home/user/.m2/repository/org/apache/hadoop/hadoop-hdds-container-service/0.5.0-SNAPSHOT/hadoop-hdds-container-service-0.5.0-SNAPSHOT.jar!/webapps/static,AVAILABLE}
2019-11-12 23:39:00,744 [main] INFO  handler.ContextHandler (ContextHandler.java:doStart(781)) - Started o.e.j.w.WebAppContext@2becfd4c{/,file:///tmp/jetty-0.0.0.0-34405-hddsDatanode-_-any-6271420152821375022.dir/webapp/,AVAILABLE}{/hddsDatanode}
2019-11-12 23:39:00,744 [main] INFO  server.AbstractConnector (AbstractConnector.java:doStart(278)) - Started ServerConnector@7c71c889{HTTP/1.1,[http/1.1]}{0.0.0.0:34405}
2019-11-12 23:39:00,744 [main] INFO  server.Server (Server.java:doStart(419)) - Started @218835ms
2019-11-12 23:39:00,746 [main] WARN  impl.MetricsSystemImpl (MetricsSystemImpl.java:register(276)) - Sink prometheus already exists!
2019-11-12 23:39:00,746 [main] INFO  server.BaseHttpServer (BaseHttpServer.java:updateConnectorAddress(215)) - HTTP server of HDDSDATANODE is listening at http://0.0.0.0:34405
2019-11-12 23:39:00,747 [main] INFO  impl.MetricsSystemImpl (MetricsSystemImpl.java:init(158)) - HddsDatanode metrics system started (again)
2019-11-12 23:39:00,751 [org.apache.hadoop.util.JvmPauseMonitor$Monitor@4cdbf647] INFO  util.JvmPauseMonitor (JvmPauseMonitor.java:run(188)) - Starting JVM pause monitor
2019-11-12 23:39:00,751 [main] INFO  ozone.HddsDatanodeService (HddsDatanodeService.java:start(186)) - HddsDatanodeService host:pr-hdds-2375-hvwjp-2869937553 ip:192.168.164.236
2019-11-12 23:39:00,752 [Datanode State Machine Thread - 0] INFO  datanode.InitDatanodeState (InitDatanodeState.java:persistContainerDatanodeDetails(140)) - DatanodeDetails is persisted to /workdir/hadoop-ozone/integration-test/target/test-dir/MiniOzoneClusterImpl-af41d755-250d-41c0-9b7d-b62086ffbdd4/datanode-4/meta/datanode.id
2019-11-12 23:39:00,759 [main] INFO  volume.HddsVolume (HddsVolume.java:<init>(176)) - Creating Volume: /workdir/hadoop-ozone/integration-test/target/test-dir/MiniOzoneClusterImpl-af41d755-250d-41c0-9b7d-b62086ffbdd4/datanode-5/data/containers/hdds of  storage type : DISK and capacity : 1482555576320
2019-11-12 23:39:00,759 [main] INFO  volume.VolumeSet (VolumeSet.java:initializeVolumeSet(170)) - Added Volume : /workdir/hadoop-ozone/integration-test/target/test-dir/MiniOzoneClusterImpl-af41d755-250d-41c0-9b7d-b62086ffbdd4/datanode-5/data/containers/hdds to VolumeSet
2019-11-12 23:39:00,759 [main] INFO  volume.ThrottledAsyncChecker (ThrottledAsyncChecker.java:schedule(141)) - Scheduling a check for /workdir/hadoop-ozone/integration-test/target/test-dir/MiniOzoneClusterImpl-af41d755-250d-41c0-9b7d-b62086ffbdd4/datanode-5/data/containers/hdds
2019-11-12 23:39:00,760 [main] INFO  volume.HddsVolumeChecker (HddsVolumeChecker.java:checkAllVolumes(204)) - Scheduled health check for volume /workdir/hadoop-ozone/integration-test/target/test-dir/MiniOzoneClusterImpl-af41d755-250d-41c0-9b7d-b62086ffbdd4/datanode-5/data/containers/hdds
2019-11-12 23:39:00,771 [main] INFO  impl.RaftServerProxy (ConfUtils.java:logGet(43)) - raft.rpc.type = GRPC (default)
2019-11-12 23:39:00,771 [main] INFO  grpc.GrpcFactory (GrpcFactory.java:checkPooledByteBufAllocatorUseCacheForAllThreads(45)) - PERFORMANCE WARNING: useCacheForAllThreads is true that may cause Netty to create a lot garbage objects and, as a result, trigger GC.
	It is recommended to disable useCacheForAllThreads by setting -Dorg.apache.ratis.thirdparty.io.netty.allocator.useCacheForAllThreads=false in command line.
2019-11-12 23:39:00,771 [main] INFO  grpc.GrpcConfigKeys$Server (ConfUtils.java:logGet(43)) - raft.grpc.server.port = 0 (default)
2019-11-12 23:39:00,771 [main] INFO  server.GrpcService (ConfUtils.java:logGet(43)) - raft.grpc.message.size.max = 33570816 (custom)
2019-11-12 23:39:00,771 [main] INFO  server.RaftServerConfigKeys (ConfUtils.java:logGet(43)) - raft.server.log.appender.buffer.byte-limit = 33554432 (custom)
2019-11-12 23:39:00,772 [main] INFO  server.GrpcService (ConfUtils.java:logGet(43)) - raft.grpc.flow.control.window = 1MB (=1048576) (default)
2019-11-12 23:39:00,772 [main] INFO  server.RaftServerConfigKeys (ConfUtils.java:logGet(43)) - raft.server.rpc.request.timeout = 3000ms (default)
2019-11-12 23:39:00,772 [main] INFO  server.RaftServerConfigKeys (ConfUtils.java:logGet(43)) - raft.server.storage.dir = [/workdir/hadoop-ozone/integration-test/target/test-dir/MiniOzoneClusterImpl-af41d755-250d-41c0-9b7d-b62086ffbdd4/datanode-5/data/ratis] (custom)
2019-11-12 23:39:00,773 [main] INFO  hdfs.DFSUtil (DFSUtil.java:httpServerTemplateForNNAndJN(1641)) - Starting Web-server for hddsDatanode at: http://0.0.0.0:0
2019-11-12 23:39:00,775 [main] INFO  server.AuthenticationFilter (AuthenticationFilter.java:constructSecretProvider(240)) - Unable to initialize FileSignerSecretProvider, falling back to use random secrets.
2019-11-12 23:39:00,775 [main] WARN  http.HttpRequestLog (HttpRequestLog.java:getRequestLog(97)) - Jetty request log can only be enabled using Log4j
2019-11-12 23:39:00,776 [main] INFO  http.HttpServer2 (HttpServer2.java:addGlobalFilter(975)) - Added global filter 'safety' (class=org.apache.hadoop.http.HttpServer2$QuotingInputFilter)
2019-11-12 23:39:00,777 [main] INFO  http.HttpServer2 (HttpServer2.java:addFilter(948)) - Added filter static_user_filter (class=org.apache.hadoop.http.lib.StaticUserWebFilter$StaticUserFilter) to context hddsDatanode
2019-11-12 23:39:00,777 [main] INFO  http.HttpServer2 (HttpServer2.java:addFilter(958)) - Added filter static_user_filter (class=org.apache.hadoop.http.lib.StaticUserWebFilter$StaticUserFilter) to context static
2019-11-12 23:39:00,777 [main] INFO  http.HttpServer2 (HttpServer2.java:addFilter(958)) - Added filter static_user_filter (class=org.apache.hadoop.http.lib.StaticUserWebFilter$StaticUserFilter) to context logs
2019-11-12 23:39:00,778 [main] INFO  http.HttpServer2 (HttpServer2.java:bindListener(1191)) - Jetty bound to port 41796
2019-11-12 23:39:00,778 [main] INFO  server.Server (Server.java:doStart(351)) - jetty-9.3.25.v20180904, build timestamp: 2018-09-04T21:11:46Z, git hash: 3ce520221d0240229c862b122d2b06c12a625732
2019-11-12 23:39:00,780 [main] INFO  handler.ContextHandler (ContextHandler.java:doStart(781)) - Started o.e.j.s.ServletContextHandler@77aea{/logs,file:///workdir/hadoop-ozone/integration-test/target/log,AVAILABLE}
2019-11-12 23:39:00,780 [main] INFO  handler.ContextHandler (ContextHandler.java:doStart(781)) - Started o.e.j.s.ServletContextHandler@9a9aa68{/static,jar:file:/home/user/.m2/repository/org/apache/hadoop/hadoop-hdds-container-service/0.5.0-SNAPSHOT/hadoop-hdds-container-service-0.5.0-SNAPSHOT.jar!/webapps/static,AVAILABLE}
2019-11-12 23:39:00,819 [main] INFO  handler.ContextHandler (ContextHandler.java:doStart(781)) - Started o.e.j.w.WebAppContext@175581eb{/,file:///tmp/jetty-0.0.0.0-41796-hddsDatanode-_-any-8053834093678046657.dir/webapp/,AVAILABLE}{/hddsDatanode}
2019-11-12 23:39:00,819 [main] INFO  server.AbstractConnector (AbstractConnector.java:doStart(278)) - Started ServerConnector@2b79c8ff{HTTP/1.1,[http/1.1]}{0.0.0.0:41796}
2019-11-12 23:39:00,821 [main] INFO  server.Server (Server.java:doStart(419)) - Started @218911ms
2019-11-12 23:39:00,821 [main] WARN  impl.MetricsSystemImpl (MetricsSystemImpl.java:register(276)) - Sink prometheus already exists!
2019-11-12 23:39:00,822 [main] INFO  server.BaseHttpServer (BaseHttpServer.java:updateConnectorAddress(215)) - HTTP server of HDDSDATANODE is listening at http://0.0.0.0:41796
2019-11-12 23:39:00,822 [main] INFO  impl.MetricsSystemImpl (MetricsSystemImpl.java:init(158)) - HddsDatanode metrics system started (again)
2019-11-12 23:39:00,826 [org.apache.hadoop.util.JvmPauseMonitor$Monitor@6ffcc6d6] INFO  util.JvmPauseMonitor (JvmPauseMonitor.java:run(188)) - Starting JVM pause monitor
2019-11-12 23:39:00,826 [main] INFO  ozone.HddsDatanodeService (HddsDatanodeService.java:start(186)) - HddsDatanodeService host:pr-hdds-2375-hvwjp-2869937553 ip:192.168.164.236
2019-11-12 23:39:00,827 [Datanode State Machine Thread - 0] INFO  datanode.InitDatanodeState (InitDatanodeState.java:persistContainerDatanodeDetails(140)) - DatanodeDetails is persisted to /workdir/hadoop-ozone/integration-test/target/test-dir/MiniOzoneClusterImpl-af41d755-250d-41c0-9b7d-b62086ffbdd4/datanode-5/meta/datanode.id
2019-11-12 23:39:00,834 [main] INFO  volume.HddsVolume (HddsVolume.java:<init>(176)) - Creating Volume: /workdir/hadoop-ozone/integration-test/target/test-dir/MiniOzoneClusterImpl-af41d755-250d-41c0-9b7d-b62086ffbdd4/datanode-6/data/containers/hdds of  storage type : DISK and capacity : 1482555576320
2019-11-12 23:39:00,834 [main] INFO  volume.VolumeSet (VolumeSet.java:initializeVolumeSet(170)) - Added Volume : /workdir/hadoop-ozone/integration-test/target/test-dir/MiniOzoneClusterImpl-af41d755-250d-41c0-9b7d-b62086ffbdd4/datanode-6/data/containers/hdds to VolumeSet
2019-11-12 23:39:00,834 [main] INFO  volume.ThrottledAsyncChecker (ThrottledAsyncChecker.java:schedule(141)) - Scheduling a check for /workdir/hadoop-ozone/integration-test/target/test-dir/MiniOzoneClusterImpl-af41d755-250d-41c0-9b7d-b62086ffbdd4/datanode-6/data/containers/hdds
2019-11-12 23:39:00,835 [main] INFO  volume.HddsVolumeChecker (HddsVolumeChecker.java:checkAllVolumes(204)) - Scheduled health check for volume /workdir/hadoop-ozone/integration-test/target/test-dir/MiniOzoneClusterImpl-af41d755-250d-41c0-9b7d-b62086ffbdd4/datanode-6/data/containers/hdds
2019-11-12 23:39:00,849 [main] INFO  impl.RaftServerProxy (ConfUtils.java:logGet(43)) - raft.rpc.type = GRPC (default)
2019-11-12 23:39:00,850 [main] INFO  grpc.GrpcFactory (GrpcFactory.java:checkPooledByteBufAllocatorUseCacheForAllThreads(45)) - PERFORMANCE WARNING: useCacheForAllThreads is true that may cause Netty to create a lot garbage objects and, as a result, trigger GC.
	It is recommended to disable useCacheForAllThreads by setting -Dorg.apache.ratis.thirdparty.io.netty.allocator.useCacheForAllThreads=false in command line.
2019-11-12 23:39:00,850 [main] INFO  grpc.GrpcConfigKeys$Server (ConfUtils.java:logGet(43)) - raft.grpc.server.port = 0 (default)
2019-11-12 23:39:00,850 [main] INFO  server.GrpcService (ConfUtils.java:logGet(43)) - raft.grpc.message.size.max = 33570816 (custom)
2019-11-12 23:39:00,850 [main] INFO  server.RaftServerConfigKeys (ConfUtils.java:logGet(43)) - raft.server.log.appender.buffer.byte-limit = 33554432 (custom)
2019-11-12 23:39:00,850 [main] INFO  server.GrpcService (ConfUtils.java:logGet(43)) - raft.grpc.flow.control.window = 1MB (=1048576) (default)
2019-11-12 23:39:00,851 [main] INFO  server.RaftServerConfigKeys (ConfUtils.java:logGet(43)) - raft.server.rpc.request.timeout = 3000ms (default)
2019-11-12 23:39:00,851 [main] INFO  server.RaftServerConfigKeys (ConfUtils.java:logGet(43)) - raft.server.storage.dir = [/workdir/hadoop-ozone/integration-test/target/test-dir/MiniOzoneClusterImpl-af41d755-250d-41c0-9b7d-b62086ffbdd4/datanode-6/data/ratis] (custom)
2019-11-12 23:39:00,852 [main] INFO  hdfs.DFSUtil (DFSUtil.java:httpServerTemplateForNNAndJN(1641)) - Starting Web-server for hddsDatanode at: http://0.0.0.0:0
2019-11-12 23:39:00,854 [main] INFO  server.AuthenticationFilter (AuthenticationFilter.java:constructSecretProvider(240)) - Unable to initialize FileSignerSecretProvider, falling back to use random secrets.
2019-11-12 23:39:00,854 [main] WARN  http.HttpRequestLog (HttpRequestLog.java:getRequestLog(97)) - Jetty request log can only be enabled using Log4j
2019-11-12 23:39:00,855 [main] INFO  http.HttpServer2 (HttpServer2.java:addGlobalFilter(975)) - Added global filter 'safety' (class=org.apache.hadoop.http.HttpServer2$QuotingInputFilter)
2019-11-12 23:39:00,856 [main] INFO  http.HttpServer2 (HttpServer2.java:addFilter(948)) - Added filter static_user_filter (class=org.apache.hadoop.http.lib.StaticUserWebFilter$StaticUserFilter) to context hddsDatanode
2019-11-12 23:39:00,856 [main] INFO  http.HttpServer2 (HttpServer2.java:addFilter(958)) - Added filter static_user_filter (class=org.apache.hadoop.http.lib.StaticUserWebFilter$StaticUserFilter) to context static
2019-11-12 23:39:00,857 [main] INFO  http.HttpServer2 (HttpServer2.java:addFilter(958)) - Added filter static_user_filter (class=org.apache.hadoop.http.lib.StaticUserWebFilter$StaticUserFilter) to context logs
2019-11-12 23:39:00,857 [main] INFO  http.HttpServer2 (HttpServer2.java:bindListener(1191)) - Jetty bound to port 35036
2019-11-12 23:39:00,857 [main] INFO  server.Server (Server.java:doStart(351)) - jetty-9.3.25.v20180904, build timestamp: 2018-09-04T21:11:46Z, git hash: 3ce520221d0240229c862b122d2b06c12a625732
2019-11-12 23:39:00,859 [main] INFO  handler.ContextHandler (ContextHandler.java:doStart(781)) - Started o.e.j.s.ServletContextHandler@1b30a54e{/logs,file:///workdir/hadoop-ozone/integration-test/target/log,AVAILABLE}
2019-11-12 23:39:00,859 [main] INFO  handler.ContextHandler (ContextHandler.java:doStart(781)) - Started o.e.j.s.ServletContextHandler@3e9beef2{/static,jar:file:/home/user/.m2/repository/org/apache/hadoop/hadoop-hdds-container-service/0.5.0-SNAPSHOT/hadoop-hdds-container-service-0.5.0-SNAPSHOT.jar!/webapps/static,AVAILABLE}
2019-11-12 23:39:00,889 [main] INFO  handler.ContextHandler (ContextHandler.java:doStart(781)) - Started o.e.j.w.WebAppContext@4c176ff1{/,file:///tmp/jetty-0.0.0.0-35036-hddsDatanode-_-any-7760910546266312368.dir/webapp/,AVAILABLE}{/hddsDatanode}
2019-11-12 23:39:00,890 [main] INFO  server.AbstractConnector (AbstractConnector.java:doStart(278)) - Started ServerConnector@27c53c32{HTTP/1.1,[http/1.1]}{0.0.0.0:35036}
2019-11-12 23:39:00,890 [main] INFO  server.Server (Server.java:doStart(419)) - Started @218980ms
2019-11-12 23:39:00,891 [main] WARN  impl.MetricsSystemImpl (MetricsSystemImpl.java:register(276)) - Sink prometheus already exists!
2019-11-12 23:39:00,892 [main] INFO  server.BaseHttpServer (BaseHttpServer.java:updateConnectorAddress(215)) - HTTP server of HDDSDATANODE is listening at http://0.0.0.0:35036
2019-11-12 23:39:00,892 [main] INFO  impl.MetricsSystemImpl (MetricsSystemImpl.java:init(158)) - HddsDatanode metrics system started (again)
2019-11-12 23:39:00,896 [org.apache.hadoop.util.JvmPauseMonitor$Monitor@b1d2c87] INFO  util.JvmPauseMonitor (JvmPauseMonitor.java:run(188)) - Starting JVM pause monitor
2019-11-12 23:39:00,896 [main] INFO  ozone.HddsDatanodeService (HddsDatanodeService.java:start(186)) - HddsDatanodeService host:pr-hdds-2375-hvwjp-2869937553 ip:192.168.164.236
2019-11-12 23:39:00,897 [Datanode State Machine Thread - 0] INFO  datanode.InitDatanodeState (InitDatanodeState.java:persistContainerDatanodeDetails(140)) - DatanodeDetails is persisted to /workdir/hadoop-ozone/integration-test/target/test-dir/MiniOzoneClusterImpl-af41d755-250d-41c0-9b7d-b62086ffbdd4/datanode-6/meta/datanode.id
2019-11-12 23:39:00,903 [main] INFO  volume.HddsVolume (HddsVolume.java:<init>(176)) - Creating Volume: /workdir/hadoop-ozone/integration-test/target/test-dir/MiniOzoneClusterImpl-af41d755-250d-41c0-9b7d-b62086ffbdd4/datanode-7/data/containers/hdds of  storage type : DISK and capacity : 1482555576320
2019-11-12 23:39:00,903 [main] INFO  volume.VolumeSet (VolumeSet.java:initializeVolumeSet(170)) - Added Volume : /workdir/hadoop-ozone/integration-test/target/test-dir/MiniOzoneClusterImpl-af41d755-250d-41c0-9b7d-b62086ffbdd4/datanode-7/data/containers/hdds to VolumeSet
2019-11-12 23:39:00,903 [main] INFO  volume.ThrottledAsyncChecker (ThrottledAsyncChecker.java:schedule(141)) - Scheduling a check for /workdir/hadoop-ozone/integration-test/target/test-dir/MiniOzoneClusterImpl-af41d755-250d-41c0-9b7d-b62086ffbdd4/datanode-7/data/containers/hdds
2019-11-12 23:39:00,904 [main] INFO  volume.HddsVolumeChecker (HddsVolumeChecker.java:checkAllVolumes(204)) - Scheduled health check for volume /workdir/hadoop-ozone/integration-test/target/test-dir/MiniOzoneClusterImpl-af41d755-250d-41c0-9b7d-b62086ffbdd4/datanode-7/data/containers/hdds
2019-11-12 23:39:00,917 [main] INFO  impl.RaftServerProxy (ConfUtils.java:logGet(43)) - raft.rpc.type = GRPC (default)
2019-11-12 23:39:00,917 [main] INFO  grpc.GrpcFactory (GrpcFactory.java:checkPooledByteBufAllocatorUseCacheForAllThreads(45)) - PERFORMANCE WARNING: useCacheForAllThreads is true that may cause Netty to create a lot garbage objects and, as a result, trigger GC.
	It is recommended to disable useCacheForAllThreads by setting -Dorg.apache.ratis.thirdparty.io.netty.allocator.useCacheForAllThreads=false in command line.
2019-11-12 23:39:00,918 [main] INFO  grpc.GrpcConfigKeys$Server (ConfUtils.java:logGet(43)) - raft.grpc.server.port = 0 (default)
2019-11-12 23:39:00,918 [main] INFO  server.GrpcService (ConfUtils.java:logGet(43)) - raft.grpc.message.size.max = 33570816 (custom)
2019-11-12 23:39:00,918 [main] INFO  server.RaftServerConfigKeys (ConfUtils.java:logGet(43)) - raft.server.log.appender.buffer.byte-limit = 33554432 (custom)
2019-11-12 23:39:00,918 [main] INFO  server.GrpcService (ConfUtils.java:logGet(43)) - raft.grpc.flow.control.window = 1MB (=1048576) (default)
2019-11-12 23:39:00,918 [main] INFO  server.RaftServerConfigKeys (ConfUtils.java:logGet(43)) - raft.server.rpc.request.timeout = 3000ms (default)
2019-11-12 23:39:00,919 [main] INFO  server.RaftServerConfigKeys (ConfUtils.java:logGet(43)) - raft.server.storage.dir = [/workdir/hadoop-ozone/integration-test/target/test-dir/MiniOzoneClusterImpl-af41d755-250d-41c0-9b7d-b62086ffbdd4/datanode-7/data/ratis] (custom)
2019-11-12 23:39:00,920 [main] INFO  hdfs.DFSUtil (DFSUtil.java:httpServerTemplateForNNAndJN(1641)) - Starting Web-server for hddsDatanode at: http://0.0.0.0:0
2019-11-12 23:39:00,924 [main] INFO  server.AuthenticationFilter (AuthenticationFilter.java:constructSecretProvider(240)) - Unable to initialize FileSignerSecretProvider, falling back to use random secrets.
2019-11-12 23:39:00,925 [main] WARN  http.HttpRequestLog (HttpRequestLog.java:getRequestLog(97)) - Jetty request log can only be enabled using Log4j
2019-11-12 23:39:00,927 [main] INFO  http.HttpServer2 (HttpServer2.java:addGlobalFilter(975)) - Added global filter 'safety' (class=org.apache.hadoop.http.HttpServer2$QuotingInputFilter)
2019-11-12 23:39:00,927 [main] INFO  http.HttpServer2 (HttpServer2.java:addFilter(948)) - Added filter static_user_filter (class=org.apache.hadoop.http.lib.StaticUserWebFilter$StaticUserFilter) to context hddsDatanode
2019-11-12 23:39:00,927 [main] INFO  http.HttpServer2 (HttpServer2.java:addFilter(958)) - Added filter static_user_filter (class=org.apache.hadoop.http.lib.StaticUserWebFilter$StaticUserFilter) to context static
2019-11-12 23:39:00,928 [main] INFO  http.HttpServer2 (HttpServer2.java:addFilter(958)) - Added filter static_user_filter (class=org.apache.hadoop.http.lib.StaticUserWebFilter$StaticUserFilter) to context logs
2019-11-12 23:39:00,928 [main] INFO  http.HttpServer2 (HttpServer2.java:bindListener(1191)) - Jetty bound to port 35718
2019-11-12 23:39:00,928 [main] INFO  server.Server (Server.java:doStart(351)) - jetty-9.3.25.v20180904, build timestamp: 2018-09-04T21:11:46Z, git hash: 3ce520221d0240229c862b122d2b06c12a625732
2019-11-12 23:39:00,931 [main] INFO  handler.ContextHandler (ContextHandler.java:doStart(781)) - Started o.e.j.s.ServletContextHandler@5aea8994{/logs,file:///workdir/hadoop-ozone/integration-test/target/log,AVAILABLE}
2019-11-12 23:39:00,931 [main] INFO  handler.ContextHandler (ContextHandler.java:doStart(781)) - Started o.e.j.s.ServletContextHandler@426c0486{/static,jar:file:/home/user/.m2/repository/org/apache/hadoop/hadoop-hdds-container-service/0.5.0-SNAPSHOT/hadoop-hdds-container-service-0.5.0-SNAPSHOT.jar!/webapps/static,AVAILABLE}
2019-11-12 23:39:00,969 [main] INFO  handler.ContextHandler (ContextHandler.java:doStart(781)) - Started o.e.j.w.WebAppContext@7a358613{/,file:///tmp/jetty-0.0.0.0-35718-hddsDatanode-_-any-1014200515798679857.dir/webapp/,AVAILABLE}{/hddsDatanode}
2019-11-12 23:39:00,969 [main] INFO  server.AbstractConnector (AbstractConnector.java:doStart(278)) - Started ServerConnector@760f1081{HTTP/1.1,[http/1.1]}{0.0.0.0:35718}
2019-11-12 23:39:00,970 [main] INFO  server.Server (Server.java:doStart(419)) - Started @219060ms
2019-11-12 23:39:00,971 [main] WARN  impl.MetricsSystemImpl (MetricsSystemImpl.java:register(276)) - Sink prometheus already exists!
2019-11-12 23:39:00,972 [main] INFO  server.BaseHttpServer (BaseHttpServer.java:updateConnectorAddress(215)) - HTTP server of HDDSDATANODE is listening at http://0.0.0.0:35718
2019-11-12 23:39:00,973 [main] INFO  impl.MetricsSystemImpl (MetricsSystemImpl.java:init(158)) - HddsDatanode metrics system started (again)
2019-11-12 23:39:00,979 [org.apache.hadoop.util.JvmPauseMonitor$Monitor@db5a06f] INFO  util.JvmPauseMonitor (JvmPauseMonitor.java:run(188)) - Starting JVM pause monitor
2019-11-12 23:39:00,980 [main] INFO  ozone.HddsDatanodeService (HddsDatanodeService.java:start(186)) - HddsDatanodeService host:pr-hdds-2375-hvwjp-2869937553 ip:192.168.164.236
2019-11-12 23:39:00,981 [Datanode State Machine Thread - 0] INFO  datanode.InitDatanodeState (InitDatanodeState.java:persistContainerDatanodeDetails(140)) - DatanodeDetails is persisted to /workdir/hadoop-ozone/integration-test/target/test-dir/MiniOzoneClusterImpl-af41d755-250d-41c0-9b7d-b62086ffbdd4/datanode-7/meta/datanode.id
2019-11-12 23:39:00,988 [main] INFO  volume.HddsVolume (HddsVolume.java:<init>(176)) - Creating Volume: /workdir/hadoop-ozone/integration-test/target/test-dir/MiniOzoneClusterImpl-af41d755-250d-41c0-9b7d-b62086ffbdd4/datanode-8/data/containers/hdds of  storage type : DISK and capacity : 1482555576320
2019-11-12 23:39:00,989 [main] INFO  volume.VolumeSet (VolumeSet.java:initializeVolumeSet(170)) - Added Volume : /workdir/hadoop-ozone/integration-test/target/test-dir/MiniOzoneClusterImpl-af41d755-250d-41c0-9b7d-b62086ffbdd4/datanode-8/data/containers/hdds to VolumeSet
2019-11-12 23:39:00,989 [main] INFO  volume.ThrottledAsyncChecker (ThrottledAsyncChecker.java:schedule(141)) - Scheduling a check for /workdir/hadoop-ozone/integration-test/target/test-dir/MiniOzoneClusterImpl-af41d755-250d-41c0-9b7d-b62086ffbdd4/datanode-8/data/containers/hdds
2019-11-12 23:39:00,989 [main] INFO  volume.HddsVolumeChecker (HddsVolumeChecker.java:checkAllVolumes(204)) - Scheduled health check for volume /workdir/hadoop-ozone/integration-test/target/test-dir/MiniOzoneClusterImpl-af41d755-250d-41c0-9b7d-b62086ffbdd4/datanode-8/data/containers/hdds
2019-11-12 23:39:01,005 [main] INFO  impl.RaftServerProxy (ConfUtils.java:logGet(43)) - raft.rpc.type = GRPC (default)
2019-11-12 23:39:01,005 [main] INFO  grpc.GrpcFactory (GrpcFactory.java:checkPooledByteBufAllocatorUseCacheForAllThreads(45)) - PERFORMANCE WARNING: useCacheForAllThreads is true that may cause Netty to create a lot garbage objects and, as a result, trigger GC.
	It is recommended to disable useCacheForAllThreads by setting -Dorg.apache.ratis.thirdparty.io.netty.allocator.useCacheForAllThreads=false in command line.
2019-11-12 23:39:01,005 [main] INFO  grpc.GrpcConfigKeys$Server (ConfUtils.java:logGet(43)) - raft.grpc.server.port = 0 (default)
2019-11-12 23:39:01,005 [main] INFO  server.GrpcService (ConfUtils.java:logGet(43)) - raft.grpc.message.size.max = 33570816 (custom)
2019-11-12 23:39:01,006 [main] INFO  server.RaftServerConfigKeys (ConfUtils.java:logGet(43)) - raft.server.log.appender.buffer.byte-limit = 33554432 (custom)
2019-11-12 23:39:01,006 [main] INFO  server.GrpcService (ConfUtils.java:logGet(43)) - raft.grpc.flow.control.window = 1MB (=1048576) (default)
2019-11-12 23:39:01,006 [main] INFO  server.RaftServerConfigKeys (ConfUtils.java:logGet(43)) - raft.server.rpc.request.timeout = 3000ms (default)
2019-11-12 23:39:01,006 [main] INFO  server.RaftServerConfigKeys (ConfUtils.java:logGet(43)) - raft.server.storage.dir = [/workdir/hadoop-ozone/integration-test/target/test-dir/MiniOzoneClusterImpl-af41d755-250d-41c0-9b7d-b62086ffbdd4/datanode-8/data/ratis] (custom)
2019-11-12 23:39:01,008 [main] INFO  hdfs.DFSUtil (DFSUtil.java:httpServerTemplateForNNAndJN(1641)) - Starting Web-server for hddsDatanode at: http://0.0.0.0:0
2019-11-12 23:39:01,009 [main] INFO  server.AuthenticationFilter (AuthenticationFilter.java:constructSecretProvider(240)) - Unable to initialize FileSignerSecretProvider, falling back to use random secrets.
2019-11-12 23:39:01,009 [main] WARN  http.HttpRequestLog (HttpRequestLog.java:getRequestLog(97)) - Jetty request log can only be enabled using Log4j
2019-11-12 23:39:01,010 [main] INFO  http.HttpServer2 (HttpServer2.java:addGlobalFilter(975)) - Added global filter 'safety' (class=org.apache.hadoop.http.HttpServer2$QuotingInputFilter)
2019-11-12 23:39:01,011 [main] INFO  http.HttpServer2 (HttpServer2.java:addFilter(948)) - Added filter static_user_filter (class=org.apache.hadoop.http.lib.StaticUserWebFilter$StaticUserFilter) to context hddsDatanode
2019-11-12 23:39:01,011 [main] INFO  http.HttpServer2 (HttpServer2.java:addFilter(958)) - Added filter static_user_filter (class=org.apache.hadoop.http.lib.StaticUserWebFilter$StaticUserFilter) to context logs
2019-11-12 23:39:01,011 [main] INFO  http.HttpServer2 (HttpServer2.java:addFilter(958)) - Added filter static_user_filter (class=org.apache.hadoop.http.lib.StaticUserWebFilter$StaticUserFilter) to context static
2019-11-12 23:39:01,012 [main] INFO  http.HttpServer2 (HttpServer2.java:bindListener(1191)) - Jetty bound to port 45433
2019-11-12 23:39:01,012 [main] INFO  server.Server (Server.java:doStart(351)) - jetty-9.3.25.v20180904, build timestamp: 2018-09-04T21:11:46Z, git hash: 3ce520221d0240229c862b122d2b06c12a625732
2019-11-12 23:39:01,013 [main] INFO  handler.ContextHandler (ContextHandler.java:doStart(781)) - Started o.e.j.s.ServletContextHandler@4ae8fb2a{/logs,file:///workdir/hadoop-ozone/integration-test/target/log,AVAILABLE}
2019-11-12 23:39:01,014 [main] INFO  handler.ContextHandler (ContextHandler.java:doStart(781)) - Started o.e.j.s.ServletContextHandler@20216016{/static,jar:file:/home/user/.m2/repository/org/apache/hadoop/hadoop-hdds-container-service/0.5.0-SNAPSHOT/hadoop-hdds-container-service-0.5.0-SNAPSHOT.jar!/webapps/static,AVAILABLE}
2019-11-12 23:39:01,042 [main] INFO  handler.ContextHandler (ContextHandler.java:doStart(781)) - Started o.e.j.w.WebAppContext@3ace6346{/,file:///tmp/jetty-0.0.0.0-45433-hddsDatanode-_-any-4809711166676421476.dir/webapp/,AVAILABLE}{/hddsDatanode}
2019-11-12 23:39:01,042 [main] INFO  server.AbstractConnector (AbstractConnector.java:doStart(278)) - Started ServerConnector@4e48462d{HTTP/1.1,[http/1.1]}{0.0.0.0:45433}
2019-11-12 23:39:01,042 [main] INFO  server.Server (Server.java:doStart(419)) - Started @219133ms
2019-11-12 23:39:01,043 [main] WARN  impl.MetricsSystemImpl (MetricsSystemImpl.java:register(276)) - Sink prometheus already exists!
2019-11-12 23:39:01,044 [main] INFO  server.BaseHttpServer (BaseHttpServer.java:updateConnectorAddress(215)) - HTTP server of HDDSDATANODE is listening at http://0.0.0.0:45433
2019-11-12 23:39:01,044 [main] INFO  impl.MetricsSystemImpl (MetricsSystemImpl.java:init(158)) - HddsDatanode metrics system started (again)
2019-11-12 23:39:01,049 [main] INFO  ozone.HddsDatanodeService (HddsDatanodeService.java:start(186)) - HddsDatanodeService host:pr-hdds-2375-hvwjp-2869937553 ip:192.168.164.236
2019-11-12 23:39:01,049 [org.apache.hadoop.util.JvmPauseMonitor$Monitor@336d27ca] INFO  util.JvmPauseMonitor (JvmPauseMonitor.java:run(188)) - Starting JVM pause monitor
2019-11-12 23:39:01,050 [Datanode State Machine Thread - 0] INFO  datanode.InitDatanodeState (InitDatanodeState.java:persistContainerDatanodeDetails(140)) - DatanodeDetails is persisted to /workdir/hadoop-ozone/integration-test/target/test-dir/MiniOzoneClusterImpl-af41d755-250d-41c0-9b7d-b62086ffbdd4/datanode-8/meta/datanode.id
2019-11-12 23:39:01,055 [main] INFO  volume.HddsVolume (HddsVolume.java:<init>(176)) - Creating Volume: /workdir/hadoop-ozone/integration-test/target/test-dir/MiniOzoneClusterImpl-af41d755-250d-41c0-9b7d-b62086ffbdd4/datanode-9/data/containers/hdds of  storage type : DISK and capacity : 1482555576320
2019-11-12 23:39:01,056 [main] INFO  volume.VolumeSet (VolumeSet.java:initializeVolumeSet(170)) - Added Volume : /workdir/hadoop-ozone/integration-test/target/test-dir/MiniOzoneClusterImpl-af41d755-250d-41c0-9b7d-b62086ffbdd4/datanode-9/data/containers/hdds to VolumeSet
2019-11-12 23:39:01,056 [main] INFO  volume.ThrottledAsyncChecker (ThrottledAsyncChecker.java:schedule(141)) - Scheduling a check for /workdir/hadoop-ozone/integration-test/target/test-dir/MiniOzoneClusterImpl-af41d755-250d-41c0-9b7d-b62086ffbdd4/datanode-9/data/containers/hdds
2019-11-12 23:39:01,056 [main] INFO  volume.HddsVolumeChecker (HddsVolumeChecker.java:checkAllVolumes(204)) - Scheduled health check for volume /workdir/hadoop-ozone/integration-test/target/test-dir/MiniOzoneClusterImpl-af41d755-250d-41c0-9b7d-b62086ffbdd4/datanode-9/data/containers/hdds
2019-11-12 23:39:01,067 [main] INFO  impl.RaftServerProxy (ConfUtils.java:logGet(43)) - raft.rpc.type = GRPC (default)
2019-11-12 23:39:01,067 [main] INFO  grpc.GrpcFactory (GrpcFactory.java:checkPooledByteBufAllocatorUseCacheForAllThreads(45)) - PERFORMANCE WARNING: useCacheForAllThreads is true that may cause Netty to create a lot garbage objects and, as a result, trigger GC.
	It is recommended to disable useCacheForAllThreads by setting -Dorg.apache.ratis.thirdparty.io.netty.allocator.useCacheForAllThreads=false in command line.
2019-11-12 23:39:01,068 [main] INFO  grpc.GrpcConfigKeys$Server (ConfUtils.java:logGet(43)) - raft.grpc.server.port = 0 (default)
2019-11-12 23:39:01,068 [main] INFO  server.GrpcService (ConfUtils.java:logGet(43)) - raft.grpc.message.size.max = 33570816 (custom)
2019-11-12 23:39:01,068 [main] INFO  server.RaftServerConfigKeys (ConfUtils.java:logGet(43)) - raft.server.log.appender.buffer.byte-limit = 33554432 (custom)
2019-11-12 23:39:01,068 [main] INFO  server.GrpcService (ConfUtils.java:logGet(43)) - raft.grpc.flow.control.window = 1MB (=1048576) (default)
2019-11-12 23:39:01,068 [main] INFO  server.RaftServerConfigKeys (ConfUtils.java:logGet(43)) - raft.server.rpc.request.timeout = 3000ms (default)
2019-11-12 23:39:01,069 [main] INFO  server.RaftServerConfigKeys (ConfUtils.java:logGet(43)) - raft.server.storage.dir = [/workdir/hadoop-ozone/integration-test/target/test-dir/MiniOzoneClusterImpl-af41d755-250d-41c0-9b7d-b62086ffbdd4/datanode-9/data/ratis] (custom)
2019-11-12 23:39:01,070 [main] INFO  hdfs.DFSUtil (DFSUtil.java:httpServerTemplateForNNAndJN(1641)) - Starting Web-server for hddsDatanode at: http://0.0.0.0:0
2019-11-12 23:39:01,071 [main] INFO  server.AuthenticationFilter (AuthenticationFilter.java:constructSecretProvider(240)) - Unable to initialize FileSignerSecretProvider, falling back to use random secrets.
2019-11-12 23:39:01,071 [main] WARN  http.HttpRequestLog (HttpRequestLog.java:getRequestLog(97)) - Jetty request log can only be enabled using Log4j
2019-11-12 23:39:01,072 [main] INFO  http.HttpServer2 (HttpServer2.java:addGlobalFilter(975)) - Added global filter 'safety' (class=org.apache.hadoop.http.HttpServer2$QuotingInputFilter)
2019-11-12 23:39:01,073 [main] INFO  http.HttpServer2 (HttpServer2.java:addFilter(948)) - Added filter static_user_filter (class=org.apache.hadoop.http.lib.StaticUserWebFilter$StaticUserFilter) to context hddsDatanode
2019-11-12 23:39:01,073 [main] INFO  http.HttpServer2 (HttpServer2.java:addFilter(958)) - Added filter static_user_filter (class=org.apache.hadoop.http.lib.StaticUserWebFilter$StaticUserFilter) to context logs
2019-11-12 23:39:01,073 [main] INFO  http.HttpServer2 (HttpServer2.java:addFilter(958)) - Added filter static_user_filter (class=org.apache.hadoop.http.lib.StaticUserWebFilter$StaticUserFilter) to context static
2019-11-12 23:39:01,074 [main] INFO  http.HttpServer2 (HttpServer2.java:bindListener(1191)) - Jetty bound to port 42000
2019-11-12 23:39:01,074 [main] INFO  server.Server (Server.java:doStart(351)) - jetty-9.3.25.v20180904, build timestamp: 2018-09-04T21:11:46Z, git hash: 3ce520221d0240229c862b122d2b06c12a625732
2019-11-12 23:39:01,077 [main] INFO  handler.ContextHandler (ContextHandler.java:doStart(781)) - Started o.e.j.s.ServletContextHandler@7ae590f6{/logs,file:///workdir/hadoop-ozone/integration-test/target/log,AVAILABLE}
2019-11-12 23:39:01,078 [main] INFO  handler.ContextHandler (ContextHandler.java:doStart(781)) - Started o.e.j.s.ServletContextHandler@4e974b9e{/static,jar:file:/home/user/.m2/repository/org/apache/hadoop/hadoop-hdds-container-service/0.5.0-SNAPSHOT/hadoop-hdds-container-service-0.5.0-SNAPSHOT.jar!/webapps/static,AVAILABLE}
2019-11-12 23:39:01,109 [main] INFO  handler.ContextHandler (ContextHandler.java:doStart(781)) - Started o.e.j.w.WebAppContext@1510b9a2{/,file:///tmp/jetty-0.0.0.0-42000-hddsDatanode-_-any-469312046012400603.dir/webapp/,AVAILABLE}{/hddsDatanode}
2019-11-12 23:39:01,110 [main] INFO  server.AbstractConnector (AbstractConnector.java:doStart(278)) - Started ServerConnector@76a6f045{HTTP/1.1,[http/1.1]}{0.0.0.0:42000}
2019-11-12 23:39:01,111 [main] INFO  server.Server (Server.java:doStart(419)) - Started @219202ms
2019-11-12 23:39:01,111 [main] WARN  impl.MetricsSystemImpl (MetricsSystemImpl.java:register(276)) - Sink prometheus already exists!
2019-11-12 23:39:01,112 [main] INFO  server.BaseHttpServer (BaseHttpServer.java:updateConnectorAddress(215)) - HTTP server of HDDSDATANODE is listening at http://0.0.0.0:42000
2019-11-12 23:39:01,113 [main] INFO  ozone.MiniOzoneClusterImpl (MiniOzoneClusterImpl.java:lambda$waitForClusterToBeReady$2(171)) - Waiting for cluster to be ready. Got 0 of 10 DN Heartbeats.
2019-11-12 23:39:01,114 [org.apache.hadoop.util.JvmPauseMonitor$Monitor@5b13179] INFO  util.JvmPauseMonitor (JvmPauseMonitor.java:run(188)) - Starting JVM pause monitor
2019-11-12 23:39:01,116 [Datanode State Machine Thread - 0] INFO  datanode.InitDatanodeState (InitDatanodeState.java:persistContainerDatanodeDetails(140)) - DatanodeDetails is persisted to /workdir/hadoop-ozone/integration-test/target/test-dir/MiniOzoneClusterImpl-af41d755-250d-41c0-9b7d-b62086ffbdd4/datanode-9/meta/datanode.id
2019-11-12 23:39:02,113 [main] INFO  ozone.MiniOzoneClusterImpl (MiniOzoneClusterImpl.java:lambda$waitForClusterToBeReady$2(171)) - Waiting for cluster to be ready. Got 0 of 10 DN Heartbeats.
2019-11-12 23:39:02,806 [Datanode State Machine Thread - 0] INFO  ozoneimpl.OzoneContainer (OzoneContainer.java:start(230)) - Attempting to start container services.
2019-11-12 23:39:02,806 [Datanode State Machine Thread - 0] INFO  ozoneimpl.OzoneContainer (OzoneContainer.java:start(230)) - Attempting to start container services.
2019-11-12 23:39:02,806 [Datanode State Machine Thread - 0] INFO  ozoneimpl.OzoneContainer (OzoneContainer.java:start(230)) - Attempting to start container services.
2019-11-12 23:39:02,806 [Datanode State Machine Thread - 0] INFO  ozoneimpl.OzoneContainer (OzoneContainer.java:start(230)) - Attempting to start container services.
2019-11-12 23:39:02,807 [Datanode State Machine Thread - 0] INFO  ozoneimpl.OzoneContainer (OzoneContainer.java:startContainerScrub(194)) - Background container scanner has been disabled.
2019-11-12 23:39:02,806 [Datanode State Machine Thread - 0] INFO  ozoneimpl.OzoneContainer (OzoneContainer.java:start(230)) - Attempting to start container services.
2019-11-12 23:39:02,807 [Datanode State Machine Thread - 0] INFO  ozoneimpl.OzoneContainer (OzoneContainer.java:startContainerScrub(194)) - Background container scanner has been disabled.
2019-11-12 23:39:02,807 [Datanode State Machine Thread - 0] INFO  ozoneimpl.OzoneContainer (OzoneContainer.java:startContainerScrub(194)) - Background container scanner has been disabled.
2019-11-12 23:39:02,807 [Datanode State Machine Thread - 0] INFO  ozoneimpl.OzoneContainer (OzoneContainer.java:startContainerScrub(194)) - Background container scanner has been disabled.
2019-11-12 23:39:02,807 [Datanode State Machine Thread - 0] INFO  ratis.XceiverServerRatis (XceiverServerRatis.java:start(421)) - Starting XceiverServerRatis 7c2b8f83-a523-49c2-afdc-9b713bfd472f at port 0
2019-11-12 23:39:02,807 [Datanode State Machine Thread - 0] INFO  ratis.XceiverServerRatis (XceiverServerRatis.java:start(421)) - Starting XceiverServerRatis 1f658cad-a8c7-4c86-bbeb-2b40079268d7 at port 0
2019-11-12 23:39:02,807 [Datanode State Machine Thread - 0] INFO  ozoneimpl.OzoneContainer (OzoneContainer.java:startContainerScrub(194)) - Background container scanner has been disabled.
2019-11-12 23:39:02,807 [Datanode State Machine Thread - 0] INFO  ratis.XceiverServerRatis (XceiverServerRatis.java:start(421)) - Starting XceiverServerRatis 568551cc-7cda-4cdf-9ff0-2cea755fc381 at port 0
2019-11-12 23:39:02,808 [Datanode State Machine Thread - 0] INFO  ratis.XceiverServerRatis (XceiverServerRatis.java:start(421)) - Starting XceiverServerRatis 56d70f56-ceb9-47f6-9690-e0ced3248985 at port 0
2019-11-12 23:39:02,808 [Datanode State Machine Thread - 0] INFO  ratis.XceiverServerRatis (XceiverServerRatis.java:start(421)) - Starting XceiverServerRatis 98dbddad-cff4-4f87-9188-db1d76df9501 at port 0
2019-11-12 23:39:02,831 [Datanode State Machine Thread - 0] INFO  ozoneimpl.OzoneContainer (OzoneContainer.java:start(230)) - Attempting to start container services.
2019-11-12 23:39:02,831 [Datanode State Machine Thread - 0] INFO  ozoneimpl.OzoneContainer (OzoneContainer.java:startContainerScrub(194)) - Background container scanner has been disabled.
2019-11-12 23:39:02,831 [Datanode State Machine Thread - 0] INFO  ratis.XceiverServerRatis (XceiverServerRatis.java:start(421)) - Starting XceiverServerRatis e78e490f-dcb2-4ec6-aeec-6e1e9400be8d at port 0
2019-11-12 23:39:02,840 [Datanode State Machine Thread - 0] INFO  impl.RaftServerProxy (RaftServerProxy.java:lambda$start$3(299)) - 568551cc-7cda-4cdf-9ff0-2cea755fc381: start RPC server
2019-11-12 23:39:02,847 [Datanode State Machine Thread - 0] INFO  server.GrpcService (GrpcService.java:startImpl(158)) - 568551cc-7cda-4cdf-9ff0-2cea755fc381: GrpcService started, listening on 0.0.0.0/0.0.0.0:38434
2019-11-12 23:39:02,847 [Datanode State Machine Thread - 0] INFO  ratis.XceiverServerRatis (XceiverServerRatis.java:start(431)) - XceiverServerRatis 568551cc-7cda-4cdf-9ff0-2cea755fc381 is started using port 38434
2019-11-12 23:39:02,848 [Datanode State Machine Thread - 0] INFO  server.XceiverServerGrpc (XceiverServerGrpc.java:start(145)) - XceiverServerGrpc 568551cc-7cda-4cdf-9ff0-2cea755fc381 is started using port 39829
2019-11-12 23:39:02,855 [Datanode State Machine Thread - 0] INFO  impl.RaftServerProxy (RaftServerProxy.java:lambda$start$3(299)) - 7c2b8f83-a523-49c2-afdc-9b713bfd472f: start RPC server
2019-11-12 23:39:02,857 [Datanode State Machine Thread - 0] INFO  server.GrpcService (GrpcService.java:startImpl(158)) - 7c2b8f83-a523-49c2-afdc-9b713bfd472f: GrpcService started, listening on 0.0.0.0/0.0.0.0:43042
2019-11-12 23:39:02,857 [Datanode State Machine Thread - 0] INFO  ratis.XceiverServerRatis (XceiverServerRatis.java:start(431)) - XceiverServerRatis 7c2b8f83-a523-49c2-afdc-9b713bfd472f is started using port 43042
2019-11-12 23:39:02,858 [Datanode State Machine Thread - 0] INFO  server.XceiverServerGrpc (XceiverServerGrpc.java:start(145)) - XceiverServerGrpc 7c2b8f83-a523-49c2-afdc-9b713bfd472f is started using port 42946
2019-11-12 23:39:02,862 [Datanode State Machine Thread - 0] INFO  impl.RaftServerProxy (RaftServerProxy.java:lambda$start$3(299)) - 1f658cad-a8c7-4c86-bbeb-2b40079268d7: start RPC server
2019-11-12 23:39:02,864 [Datanode State Machine Thread - 0] INFO  server.GrpcService (GrpcService.java:startImpl(158)) - 1f658cad-a8c7-4c86-bbeb-2b40079268d7: GrpcService started, listening on 0.0.0.0/0.0.0.0:44556
2019-11-12 23:39:02,864 [Datanode State Machine Thread - 0] INFO  ratis.XceiverServerRatis (XceiverServerRatis.java:start(431)) - XceiverServerRatis 1f658cad-a8c7-4c86-bbeb-2b40079268d7 is started using port 44556
2019-11-12 23:39:02,865 [Datanode State Machine Thread - 0] INFO  server.XceiverServerGrpc (XceiverServerGrpc.java:start(145)) - XceiverServerGrpc 1f658cad-a8c7-4c86-bbeb-2b40079268d7 is started using port 42731
2019-11-12 23:39:02,867 [Datanode State Machine Thread - 0] INFO  impl.RaftServerProxy (RaftServerProxy.java:lambda$start$3(299)) - 98dbddad-cff4-4f87-9188-db1d76df9501: start RPC server
2019-11-12 23:39:02,869 [Datanode State Machine Thread - 0] INFO  server.GrpcService (GrpcService.java:startImpl(158)) - 98dbddad-cff4-4f87-9188-db1d76df9501: GrpcService started, listening on 0.0.0.0/0.0.0.0:45282
2019-11-12 23:39:02,869 [Datanode State Machine Thread - 0] INFO  ratis.XceiverServerRatis (XceiverServerRatis.java:start(431)) - XceiverServerRatis 98dbddad-cff4-4f87-9188-db1d76df9501 is started using port 45282
2019-11-12 23:39:02,869 [Datanode State Machine Thread - 0] INFO  server.XceiverServerGrpc (XceiverServerGrpc.java:start(145)) - XceiverServerGrpc 98dbddad-cff4-4f87-9188-db1d76df9501 is started using port 44258
2019-11-12 23:39:02,870 [Datanode State Machine Thread - 0] INFO  impl.RaftServerProxy (RaftServerProxy.java:lambda$start$3(299)) - 56d70f56-ceb9-47f6-9690-e0ced3248985: start RPC server
2019-11-12 23:39:02,873 [Datanode State Machine Thread - 0] INFO  server.GrpcService (GrpcService.java:startImpl(158)) - 56d70f56-ceb9-47f6-9690-e0ced3248985: GrpcService started, listening on 0.0.0.0/0.0.0.0:34224
2019-11-12 23:39:02,873 [Datanode State Machine Thread - 0] INFO  ratis.XceiverServerRatis (XceiverServerRatis.java:start(431)) - XceiverServerRatis 56d70f56-ceb9-47f6-9690-e0ced3248985 is started using port 34224
2019-11-12 23:39:02,874 [Datanode State Machine Thread - 0] INFO  server.XceiverServerGrpc (XceiverServerGrpc.java:start(145)) - XceiverServerGrpc 56d70f56-ceb9-47f6-9690-e0ced3248985 is started using port 45347
2019-11-12 23:39:02,878 [Datanode State Machine Thread - 0] INFO  impl.RaftServerProxy (RaftServerProxy.java:lambda$start$3(299)) - e78e490f-dcb2-4ec6-aeec-6e1e9400be8d: start RPC server
2019-11-12 23:39:02,880 [Datanode State Machine Thread - 0] INFO  server.GrpcService (GrpcService.java:startImpl(158)) - e78e490f-dcb2-4ec6-aeec-6e1e9400be8d: GrpcService started, listening on 0.0.0.0/0.0.0.0:41531
2019-11-12 23:39:02,880 [Datanode State Machine Thread - 0] INFO  ratis.XceiverServerRatis (XceiverServerRatis.java:start(431)) - XceiverServerRatis e78e490f-dcb2-4ec6-aeec-6e1e9400be8d is started using port 41531
2019-11-12 23:39:02,880 [Datanode State Machine Thread - 0] INFO  server.XceiverServerGrpc (XceiverServerGrpc.java:start(145)) - XceiverServerGrpc e78e490f-dcb2-4ec6-aeec-6e1e9400be8d is started using port 37819
2019-11-12 23:39:02,909 [Datanode State Machine Thread - 0] INFO  ozoneimpl.OzoneContainer (OzoneContainer.java:start(230)) - Attempting to start container services.
2019-11-12 23:39:02,909 [Datanode State Machine Thread - 0] INFO  ozoneimpl.OzoneContainer (OzoneContainer.java:startContainerScrub(194)) - Background container scanner has been disabled.
2019-11-12 23:39:02,909 [Datanode State Machine Thread - 0] INFO  ratis.XceiverServerRatis (XceiverServerRatis.java:start(421)) - Starting XceiverServerRatis 0cfa4e5a-af9b-49e5-b2c2-1a2dc6cf0616 at port 0
2019-11-12 23:39:02,915 [Datanode State Machine Thread - 0] INFO  impl.RaftServerProxy (RaftServerProxy.java:lambda$start$3(299)) - 0cfa4e5a-af9b-49e5-b2c2-1a2dc6cf0616: start RPC server
2019-11-12 23:39:02,917 [Datanode State Machine Thread - 0] INFO  server.GrpcService (GrpcService.java:startImpl(158)) - 0cfa4e5a-af9b-49e5-b2c2-1a2dc6cf0616: GrpcService started, listening on 0.0.0.0/0.0.0.0:41598
2019-11-12 23:39:02,918 [Datanode State Machine Thread - 0] INFO  ratis.XceiverServerRatis (XceiverServerRatis.java:start(431)) - XceiverServerRatis 0cfa4e5a-af9b-49e5-b2c2-1a2dc6cf0616 is started using port 41598
2019-11-12 23:39:02,929 [Datanode State Machine Thread - 0] INFO  server.XceiverServerGrpc (XceiverServerGrpc.java:start(145)) - XceiverServerGrpc 0cfa4e5a-af9b-49e5-b2c2-1a2dc6cf0616 is started using port 43432
2019-11-12 23:39:02,994 [Datanode State Machine Thread - 0] INFO  ozoneimpl.OzoneContainer (OzoneContainer.java:start(230)) - Attempting to start container services.
2019-11-12 23:39:02,995 [Datanode State Machine Thread - 0] INFO  ozoneimpl.OzoneContainer (OzoneContainer.java:startContainerScrub(194)) - Background container scanner has been disabled.
2019-11-12 23:39:02,995 [Datanode State Machine Thread - 0] INFO  ratis.XceiverServerRatis (XceiverServerRatis.java:start(421)) - Starting XceiverServerRatis 2cdd6ea3-e978-43ee-a05f-f9ece739edb4 at port 0
2019-11-12 23:39:03,004 [Datanode State Machine Thread - 0] INFO  impl.RaftServerProxy (RaftServerProxy.java:lambda$start$3(299)) - 2cdd6ea3-e978-43ee-a05f-f9ece739edb4: start RPC server
2019-11-12 23:39:03,005 [Datanode State Machine Thread - 0] INFO  server.GrpcService (GrpcService.java:startImpl(158)) - 2cdd6ea3-e978-43ee-a05f-f9ece739edb4: GrpcService started, listening on 0.0.0.0/0.0.0.0:34677
2019-11-12 23:39:03,005 [Datanode State Machine Thread - 0] INFO  ratis.XceiverServerRatis (XceiverServerRatis.java:start(431)) - XceiverServerRatis 2cdd6ea3-e978-43ee-a05f-f9ece739edb4 is started using port 34677
2019-11-12 23:39:03,006 [Datanode State Machine Thread - 0] INFO  server.XceiverServerGrpc (XceiverServerGrpc.java:start(145)) - XceiverServerGrpc 2cdd6ea3-e978-43ee-a05f-f9ece739edb4 is started using port 43817
2019-11-12 23:39:03,064 [Datanode State Machine Thread - 0] INFO  ozoneimpl.OzoneContainer (OzoneContainer.java:start(230)) - Attempting to start container services.
2019-11-12 23:39:03,064 [Datanode State Machine Thread - 0] INFO  ozoneimpl.OzoneContainer (OzoneContainer.java:startContainerScrub(194)) - Background container scanner has been disabled.
2019-11-12 23:39:03,064 [Datanode State Machine Thread - 0] INFO  ratis.XceiverServerRatis (XceiverServerRatis.java:start(421)) - Starting XceiverServerRatis bf4ebe41-a6c2-4458-a321-fc167af3521b at port 0
2019-11-12 23:39:03,074 [Datanode State Machine Thread - 0] INFO  impl.RaftServerProxy (RaftServerProxy.java:lambda$start$3(299)) - bf4ebe41-a6c2-4458-a321-fc167af3521b: start RPC server
2019-11-12 23:39:03,074 [Datanode State Machine Thread - 0] INFO  server.GrpcService (GrpcService.java:startImpl(158)) - bf4ebe41-a6c2-4458-a321-fc167af3521b: GrpcService started, listening on 0.0.0.0/0.0.0.0:39425
2019-11-12 23:39:03,074 [Datanode State Machine Thread - 0] INFO  ratis.XceiverServerRatis (XceiverServerRatis.java:start(431)) - XceiverServerRatis bf4ebe41-a6c2-4458-a321-fc167af3521b is started using port 39425
2019-11-12 23:39:03,075 [Datanode State Machine Thread - 0] INFO  server.XceiverServerGrpc (XceiverServerGrpc.java:start(145)) - XceiverServerGrpc bf4ebe41-a6c2-4458-a321-fc167af3521b is started using port 39925
2019-11-12 23:39:03,114 [main] INFO  ozone.MiniOzoneClusterImpl (MiniOzoneClusterImpl.java:lambda$waitForClusterToBeReady$2(171)) - Waiting for cluster to be ready. Got 0 of 10 DN Heartbeats.
2019-11-12 23:39:03,128 [Datanode State Machine Thread - 0] INFO  ozoneimpl.OzoneContainer (OzoneContainer.java:start(230)) - Attempting to start container services.
2019-11-12 23:39:03,128 [Datanode State Machine Thread - 0] INFO  ozoneimpl.OzoneContainer (OzoneContainer.java:startContainerScrub(194)) - Background container scanner has been disabled.
2019-11-12 23:39:03,128 [Datanode State Machine Thread - 0] INFO  ratis.XceiverServerRatis (XceiverServerRatis.java:start(421)) - Starting XceiverServerRatis ba8cdd06-c5bd-4e11-819a-217b7aca0c32 at port 0
2019-11-12 23:39:03,137 [Datanode State Machine Thread - 0] INFO  impl.RaftServerProxy (RaftServerProxy.java:lambda$start$3(299)) - ba8cdd06-c5bd-4e11-819a-217b7aca0c32: start RPC server
2019-11-12 23:39:03,138 [Datanode State Machine Thread - 0] INFO  server.GrpcService (GrpcService.java:startImpl(158)) - ba8cdd06-c5bd-4e11-819a-217b7aca0c32: GrpcService started, listening on 0.0.0.0/0.0.0.0:45373
2019-11-12 23:39:03,138 [Datanode State Machine Thread - 0] INFO  ratis.XceiverServerRatis (XceiverServerRatis.java:start(431)) - XceiverServerRatis ba8cdd06-c5bd-4e11-819a-217b7aca0c32 is started using port 45373
2019-11-12 23:39:03,149 [Datanode State Machine Thread - 0] INFO  server.XceiverServerGrpc (XceiverServerGrpc.java:start(145)) - XceiverServerGrpc ba8cdd06-c5bd-4e11-819a-217b7aca0c32 is started using port 43160
2019-11-12 23:39:04,114 [main] INFO  ozone.MiniOzoneClusterImpl (MiniOzoneClusterImpl.java:lambda$waitForClusterToBeReady$2(171)) - Waiting for cluster to be ready. Got 0 of 10 DN Heartbeats.
2019-11-12 23:39:04,432 [IPC Server handler 5 on 40128] INFO  net.NetworkTopology (NetworkTopologyImpl.java:add(111)) - Added a new node: /rack1/1f658cad-a8c7-4c86-bbeb-2b40079268d7
2019-11-12 23:39:04,434 [IPC Server handler 5 on 40128] INFO  node.SCMNodeManager (SCMNodeManager.java:register(267)) - Registered Data node : 1f658cad-a8c7-4c86-bbeb-2b40079268d7{ip: 192.168.164.236, host: pr-hdds-2375-hvwjp-2869937553, networkLocation: /rack1, certSerialId: null}
2019-11-12 23:39:04,434 [EventQueue-NodeRegistrationContainerReportForDataNodeSafeModeRule] INFO  safemode.SCMSafeModeManager (DataNodeSafeModeRule.java:process(71)) - SCM in safe mode. 1 DataNodes registered, 1 required.
2019-11-12 23:39:04,436 [EventQueue-NodeRegistrationContainerReportForDataNodeSafeModeRule] INFO  safemode.SCMSafeModeManager (SCMSafeModeManager.java:validateSafeModeExitRules(177)) - ScmSafeModeManager, all rules are successfully validated
2019-11-12 23:39:04,436 [EventQueue-NodeRegistrationContainerReportForDataNodeSafeModeRule] INFO  safemode.SCMSafeModeManager (SCMSafeModeManager.java:exitSafeMode(193)) - SCM exiting safe mode.
2019-11-12 23:39:04,457 [grpc-default-executor-7] INFO  impl.RaftServerProxy (RaftServerProxy.java:addNew(89)) - 1f658cad-a8c7-4c86-bbeb-2b40079268d7: addNew group-88C4C379140B:[1f658cad-a8c7-4c86-bbeb-2b40079268d7:192.168.164.236:44556] returns group-88C4C379140B:java.util.concurrent.CompletableFuture@163d9f21[Not completed]
2019-11-12 23:39:04,460 [pool-509-thread-1] INFO  impl.RaftServerImpl (RaftServerImpl.java:<init>(98)) - 1f658cad-a8c7-4c86-bbeb-2b40079268d7: new RaftServerImpl for group-88C4C379140B:[1f658cad-a8c7-4c86-bbeb-2b40079268d7:192.168.164.236:44556] with ContainerStateMachine:uninitialized
2019-11-12 23:39:04,461 [pool-509-thread-1] INFO  server.RaftServerConfigKeys (ConfUtils.java:logGet(43)) - raft.server.rpc.timeout.min = 1s (custom)
2019-11-12 23:39:04,461 [pool-509-thread-1] INFO  server.RaftServerConfigKeys (ConfUtils.java:logGet(43)) - raft.server.rpc.timeout.max = 1200ms (custom)
2019-11-12 23:39:04,461 [pool-509-thread-1] INFO  server.RaftServerConfigKeys (ConfUtils.java:logGet(43)) - raft.server.rpcslowness.timeout = 120s (custom)
2019-11-12 23:39:04,461 [pool-509-thread-1] INFO  server.RaftServerConfigKeys (ConfUtils.java:logGet(43)) - raft.server.sleep.deviation.threshold = 300 (default)
2019-11-12 23:39:04,461 [pool-509-thread-1] INFO  server.RaftServerConfigKeys (ConfUtils.java:logGet(43)) - raft.server.log.appender.install.snapshot.enabled = false (custom)
2019-11-12 23:39:04,461 [pool-509-thread-1] INFO  impl.RaftServerImpl (ServerState.java:<init>(103)) - 1f658cad-a8c7-4c86-bbeb-2b40079268d7@group-88C4C379140B: ConfigurationManager, init=-1: [1f658cad-a8c7-4c86-bbeb-2b40079268d7:192.168.164.236:44556], old=null, confs=<EMPTY_MAP>
2019-11-12 23:39:04,462 [pool-509-thread-1] INFO  server.RaftServerConfigKeys (ConfUtils.java:logGet(43)) - raft.server.storage.dir = [/workdir/hadoop-ozone/integration-test/target/test-dir/MiniOzoneClusterImpl-af41d755-250d-41c0-9b7d-b62086ffbdd4/datanode-0/data/ratis] (custom)
2019-11-12 23:39:04,462 [pool-509-thread-1] INFO  server.RaftServerConfigKeys (ConfUtils.java:logGet(43)) - raft.server.log.corruption.policy = EXCEPTION (default)
2019-11-12 23:39:04,462 [pool-509-thread-1] INFO  storage.RaftStorageDirectory (RaftStorageDirectory.java:analyzeStorage(246)) - The storage directory /workdir/hadoop-ozone/integration-test/target/test-dir/MiniOzoneClusterImpl-af41d755-250d-41c0-9b7d-b62086ffbdd4/datanode-0/data/ratis/34dcad94-258b-4d1c-a9ae-88c4c379140b does not exist. Creating ...
2019-11-12 23:39:04,476 [pool-509-thread-1] INFO  storage.RaftStorageDirectory (RaftStorageDirectory.java:tryLock(328)) - Lock on /workdir/hadoop-ozone/integration-test/target/test-dir/MiniOzoneClusterImpl-af41d755-250d-41c0-9b7d-b62086ffbdd4/datanode-0/data/ratis/34dcad94-258b-4d1c-a9ae-88c4c379140b/in_use.lock acquired by nodename 11492@pr-hdds-2375-hvwjp-2869937553
2019-11-12 23:39:04,490 [pool-509-thread-1] INFO  storage.RaftStorage (RaftStorage.java:format(84)) - Storage directory /workdir/hadoop-ozone/integration-test/target/test-dir/MiniOzoneClusterImpl-af41d755-250d-41c0-9b7d-b62086ffbdd4/datanode-0/data/ratis/34dcad94-258b-4d1c-a9ae-88c4c379140b has been successfully formatted.
2019-11-12 23:39:04,490 [pool-509-thread-1] INFO  ratis.ContainerStateMachine (ContainerStateMachine.java:loadSnapshot(223)) - group-88C4C379140B: The snapshot info is null. Setting the last applied indexto:(t:0, i:~)
2019-11-12 23:39:04,490 [pool-509-thread-1] INFO  server.RaftServerConfigKeys (ConfUtils.java:logGet(43)) - raft.server.notification.no-leader.timeout = 120s (custom)
2019-11-12 23:39:04,490 [pool-509-thread-1] INFO  server.RaftServerConfigKeys (ConfUtils.java:logGet(43)) - raft.server.log.use.memory = false (default)
2019-11-12 23:39:04,490 [pool-509-thread-1] INFO  server.RaftServerConfigKeys (ConfUtils.java:logGet(43)) - raft.server.log.purge.gap = 1000000 (custom)
2019-11-12 23:39:04,491 [pool-509-thread-1] INFO  server.RaftServerConfigKeys (ConfUtils.java:logGet(43)) - raft.server.log.appender.buffer.byte-limit = 33554432 (custom)
2019-11-12 23:39:04,491 [pool-509-thread-1] INFO  server.RaftServerConfigKeys (ConfUtils.java:logGet(43)) - raft.server.log.segment.size.max = 1048576 (custom)
2019-11-12 23:39:04,491 [pool-509-thread-1] WARN  impl.MetricRegistriesImpl (MetricRegistriesImpl.java:lambda$create$1(61)) - First MetricRegistry has been created without registering reporters. You may need to call MetricRegistries.global().addReportRegistration(...) before.
2019-11-12 23:39:04,491 [pool-509-thread-1] INFO  server.RaftServerConfigKeys (ConfUtils.java:logGet(43)) - raft.server.log.segment.cache.num.max = 2 (custom)
2019-11-12 23:39:04,492 [pool-509-thread-1] INFO  segmented.SegmentedRaftLogWorker (SegmentedRaftLogWorker.java:<init>(173)) - new 1f658cad-a8c7-4c86-bbeb-2b40079268d7@group-88C4C379140B-SegmentedRaftLogWorker for RaftStorage:Storage Directory /workdir/hadoop-ozone/integration-test/target/test-dir/MiniOzoneClusterImpl-af41d755-250d-41c0-9b7d-b62086ffbdd4/datanode-0/data/ratis/34dcad94-258b-4d1c-a9ae-88c4c379140b
2019-11-12 23:39:04,492 [pool-509-thread-1] INFO  server.RaftServerConfigKeys (ConfUtils.java:logGet(43)) - raft.server.log.queue.byte-limit = 2147483647 (custom)
2019-11-12 23:39:04,492 [pool-509-thread-1] INFO  server.RaftServerConfigKeys (ConfUtils.java:logGet(43)) - raft.server.log.queue.element-limit = 1024 (custom)
2019-11-12 23:39:04,492 [pool-509-thread-1] INFO  server.RaftServerConfigKeys (ConfUtils.java:logGet(43)) - raft.server.log.segment.size.max = 1048576 (custom)
2019-11-12 23:39:04,492 [pool-509-thread-1] INFO  server.RaftServerConfigKeys (ConfUtils.java:logGet(43)) - raft.server.log.preallocated.size = 16384 (custom)
2019-11-12 23:39:04,492 [pool-509-thread-1] INFO  server.RaftServerConfigKeys (ConfUtils.java:logGet(43)) - raft.server.log.write.buffer.size = 33554432 (custom)
2019-11-12 23:39:04,492 [pool-509-thread-1] INFO  server.RaftServerConfigKeys (ConfUtils.java:logGet(43)) - raft.server.log.force.sync.num = 128 (default)
2019-11-12 23:39:04,492 [pool-509-thread-1] INFO  server.RaftServerConfigKeys (ConfUtils.java:logGet(43)) - raft.server.log.statemachine.data.sync = true (default)
2019-11-12 23:39:04,493 [pool-509-thread-1] INFO  server.RaftServerConfigKeys (ConfUtils.java:logGet(43)) - raft.server.log.statemachine.data.sync.timeout = 10s (default)
2019-11-12 23:39:04,493 [pool-509-thread-1] INFO  server.RaftServerConfigKeys (ConfUtils.java:logGet(43)) - raft.server.log.statemachine.data.sync.timeout.retry = -1 (default)
2019-11-12 23:39:04,493 [pool-509-thread-1] INFO  server.RaftServerConfigKeys (ConfUtils.java:logGet(43)) - raft.server.log.statemachine.data.caching.enabled = true (custom)
2019-11-12 23:39:04,493 [pool-509-thread-1] INFO  segmented.SegmentedRaftLogWorker (SegmentedRaftLogWorker.java:lambda$new$0(128)) - 1f658cad-a8c7-4c86-bbeb-2b40079268d7@group-88C4C379140B-SegmentedRaftLogWorker: flushIndex: setUnconditionally 0 -> -1
2019-11-12 23:39:04,494 [pool-509-thread-1] INFO  server.RaftServerConfigKeys (ConfUtils.java:logGet(43)) - raft.server.snapshot.auto.trigger.enabled = true (custom)
2019-11-12 23:39:04,494 [pool-509-thread-1] INFO  server.RaftServerConfigKeys (ConfUtils.java:logGet(43)) - raft.server.snapshot.auto.trigger.threshold = 10000 (custom)
2019-11-12 23:39:04,494 [pool-509-thread-1] INFO  server.RaftServerConfigKeys (ConfUtils.java:logGet(43)) - raft.server.snapshot.retention.file.num = 5 (custom)
2019-11-12 23:39:04,494 [pool-509-thread-1] INFO  server.RaftServerConfigKeys (ConfUtils.java:logGet(43)) - raft.server.retrycache.expirytime = 600000ms (custom)
2019-11-12 23:39:04,494 [pool-509-thread-1] WARN  impl.MetricRegistriesImpl (MetricRegistriesImpl.java:lambda$create$1(61)) - First MetricRegistry has been created without registering reporters. You may need to call MetricRegistries.global().addReportRegistration(...) before.
2019-11-12 23:39:04,495 [pool-509-thread-1] WARN  impl.MetricRegistriesImpl (MetricRegistriesImpl.java:lambda$create$1(61)) - First MetricRegistry has been created without registering reporters. You may need to call MetricRegistries.global().addReportRegistration(...) before.
2019-11-12 23:39:04,495 [pool-509-thread-1] INFO  impl.RaftServerImpl (RaftServerImpl.java:start(184)) - 1f658cad-a8c7-4c86-bbeb-2b40079268d7@group-88C4C379140B: start as a follower, conf=-1: [1f658cad-a8c7-4c86-bbeb-2b40079268d7:192.168.164.236:44556], old=null
2019-11-12 23:39:04,495 [pool-509-thread-1] INFO  impl.RaftServerImpl (RaftServerImpl.java:setRole(173)) - 1f658cad-a8c7-4c86-bbeb-2b40079268d7@group-88C4C379140B: changes role from      null to FOLLOWER at term 0 for startAsFollower
2019-11-12 23:39:04,495 [pool-509-thread-1] INFO  impl.RoleInfo (RoleInfo.java:updateAndGet(143)) - 1f658cad-a8c7-4c86-bbeb-2b40079268d7: start FollowerState
2019-11-12 23:39:04,496 [pool-509-thread-1] INFO  util.JmxRegister (JmxRegister.java:tryRegister(44)) - Successfully registered JMX Bean with object name Ratis:service=RaftServer,group=group-88C4C379140B,id=1f658cad-a8c7-4c86-bbeb-2b40079268d7
2019-11-12 23:39:04,496 [pool-509-thread-1] WARN  impl.MetricRegistriesImpl (MetricRegistriesImpl.java:lambda$create$1(61)) - First MetricRegistry has been created without registering reporters. You may need to call MetricRegistries.global().addReportRegistration(...) before.
2019-11-12 23:39:04,500 [RatisPipelineUtilsThread] INFO  pipeline.PipelineStateManager (PipelineStateManager.java:addPipeline(55)) - Created pipeline Pipeline[ Id: 34dcad94-258b-4d1c-a9ae-88c4c379140b, Nodes: 1f658cad-a8c7-4c86-bbeb-2b40079268d7{ip: 192.168.164.236, host: pr-hdds-2375-hvwjp-2869937553, networkLocation: /rack1, certSerialId: null}, Type:RATIS, Factor:ONE, State:ALLOCATED]
2019-11-12 23:39:04,509 [IPC Server handler 6 on 40128] INFO  net.NetworkTopology (NetworkTopologyImpl.java:add(111)) - Added a new node: /rack1/56d70f56-ceb9-47f6-9690-e0ced3248985
2019-11-12 23:39:04,509 [IPC Server handler 6 on 40128] INFO  node.SCMNodeManager (SCMNodeManager.java:register(267)) - Registered Data node : 56d70f56-ceb9-47f6-9690-e0ced3248985{ip: 192.168.164.236, host: pr-hdds-2375-hvwjp-2869937553, networkLocation: /rack1, certSerialId: null}
2019-11-12 23:39:04,515 [grpc-default-executor-7] INFO  impl.RaftServerProxy (RaftServerProxy.java:addNew(89)) - 56d70f56-ceb9-47f6-9690-e0ced3248985: addNew group-915DDFA4325C:[56d70f56-ceb9-47f6-9690-e0ced3248985:192.168.164.236:34224] returns group-915DDFA4325C:java.util.concurrent.CompletableFuture@74a8746a[Not completed]
2019-11-12 23:39:04,516 [pool-519-thread-1] INFO  impl.RaftServerImpl (RaftServerImpl.java:<init>(98)) - 56d70f56-ceb9-47f6-9690-e0ced3248985: new RaftServerImpl for group-915DDFA4325C:[56d70f56-ceb9-47f6-9690-e0ced3248985:192.168.164.236:34224] with ContainerStateMachine:uninitialized
2019-11-12 23:39:04,516 [pool-519-thread-1] INFO  server.RaftServerConfigKeys (ConfUtils.java:logGet(43)) - raft.server.rpc.timeout.min = 1s (custom)
2019-11-12 23:39:04,517 [pool-519-thread-1] INFO  server.RaftServerConfigKeys (ConfUtils.java:logGet(43)) - raft.server.rpc.timeout.max = 1200ms (custom)
2019-11-12 23:39:04,517 [pool-519-thread-1] INFO  server.RaftServerConfigKeys (ConfUtils.java:logGet(43)) - raft.server.rpcslowness.timeout = 120s (custom)
2019-11-12 23:39:04,517 [pool-519-thread-1] INFO  server.RaftServerConfigKeys (ConfUtils.java:logGet(43)) - raft.server.sleep.deviation.threshold = 300 (default)
2019-11-12 23:39:04,517 [pool-519-thread-1] INFO  server.RaftServerConfigKeys (ConfUtils.java:logGet(43)) - raft.server.log.appender.install.snapshot.enabled = false (custom)
2019-11-12 23:39:04,517 [pool-519-thread-1] INFO  impl.RaftServerImpl (ServerState.java:<init>(103)) - 56d70f56-ceb9-47f6-9690-e0ced3248985@group-915DDFA4325C: ConfigurationManager, init=-1: [56d70f56-ceb9-47f6-9690-e0ced3248985:192.168.164.236:34224], old=null, confs=<EMPTY_MAP>
2019-11-12 23:39:04,517 [pool-519-thread-1] INFO  server.RaftServerConfigKeys (ConfUtils.java:logGet(43)) - raft.server.storage.dir = [/workdir/hadoop-ozone/integration-test/target/test-dir/MiniOzoneClusterImpl-af41d755-250d-41c0-9b7d-b62086ffbdd4/datanode-1/data/ratis] (custom)
2019-11-12 23:39:04,517 [pool-519-thread-1] INFO  server.RaftServerConfigKeys (ConfUtils.java:logGet(43)) - raft.server.log.corruption.policy = EXCEPTION (default)
2019-11-12 23:39:04,517 [pool-519-thread-1] INFO  storage.RaftStorageDirectory (RaftStorageDirectory.java:analyzeStorage(246)) - The storage directory /workdir/hadoop-ozone/integration-test/target/test-dir/MiniOzoneClusterImpl-af41d755-250d-41c0-9b7d-b62086ffbdd4/datanode-1/data/ratis/848b1c69-284f-48d7-b62e-915ddfa4325c does not exist. Creating ...
2019-11-12 23:39:04,530 [pool-519-thread-1] INFO  storage.RaftStorageDirectory (RaftStorageDirectory.java:tryLock(328)) - Lock on /workdir/hadoop-ozone/integration-test/target/test-dir/MiniOzoneClusterImpl-af41d755-250d-41c0-9b7d-b62086ffbdd4/datanode-1/data/ratis/848b1c69-284f-48d7-b62e-915ddfa4325c/in_use.lock acquired by nodename 11492@pr-hdds-2375-hvwjp-2869937553
2019-11-12 23:39:04,543 [pool-519-thread-1] INFO  storage.RaftStorage (RaftStorage.java:format(84)) - Storage directory /workdir/hadoop-ozone/integration-test/target/test-dir/MiniOzoneClusterImpl-af41d755-250d-41c0-9b7d-b62086ffbdd4/datanode-1/data/ratis/848b1c69-284f-48d7-b62e-915ddfa4325c has been successfully formatted.
2019-11-12 23:39:04,543 [pool-519-thread-1] INFO  ratis.ContainerStateMachine (ContainerStateMachine.java:loadSnapshot(223)) - group-915DDFA4325C: The snapshot info is null. Setting the last applied indexto:(t:0, i:~)
2019-11-12 23:39:04,544 [pool-519-thread-1] INFO  server.RaftServerConfigKeys (ConfUtils.java:logGet(43)) - raft.server.notification.no-leader.timeout = 120s (custom)
2019-11-12 23:39:04,544 [pool-519-thread-1] INFO  server.RaftServerConfigKeys (ConfUtils.java:logGet(43)) - raft.server.log.use.memory = false (default)
2019-11-12 23:39:04,544 [pool-519-thread-1] INFO  server.RaftServerConfigKeys (ConfUtils.java:logGet(43)) - raft.server.log.purge.gap = 1000000 (custom)
2019-11-12 23:39:04,544 [pool-519-thread-1] INFO  server.RaftServerConfigKeys (ConfUtils.java:logGet(43)) - raft.server.log.appender.buffer.byte-limit = 33554432 (custom)
2019-11-12 23:39:04,544 [pool-519-thread-1] INFO  server.RaftServerConfigKeys (ConfUtils.java:logGet(43)) - raft.server.log.segment.size.max = 1048576 (custom)
2019-11-12 23:39:04,544 [pool-519-thread-1] WARN  impl.MetricRegistriesImpl (MetricRegistriesImpl.java:lambda$create$1(61)) - First MetricRegistry has been created without registering reporters. You may need to call MetricRegistries.global().addReportRegistration(...) before.
2019-11-12 23:39:04,544 [pool-519-thread-1] INFO  server.RaftServerConfigKeys (ConfUtils.java:logGet(43)) - raft.server.log.segment.cache.num.max = 2 (custom)
2019-11-12 23:39:04,544 [pool-519-thread-1] INFO  segmented.SegmentedRaftLogWorker (SegmentedRaftLogWorker.java:<init>(173)) - new 56d70f56-ceb9-47f6-9690-e0ced3248985@group-915DDFA4325C-SegmentedRaftLogWorker for RaftStorage:Storage Directory /workdir/hadoop-ozone/integration-test/target/test-dir/MiniOzoneClusterImpl-af41d755-250d-41c0-9b7d-b62086ffbdd4/datanode-1/data/ratis/848b1c69-284f-48d7-b62e-915ddfa4325c
2019-11-12 23:39:04,545 [pool-519-thread-1] INFO  server.RaftServerConfigKeys (ConfUtils.java:logGet(43)) - raft.server.log.queue.byte-limit = 2147483647 (custom)
2019-11-12 23:39:04,545 [pool-519-thread-1] INFO  server.RaftServerConfigKeys (ConfUtils.java:logGet(43)) - raft.server.log.queue.element-limit = 1024 (custom)
2019-11-12 23:39:04,545 [pool-519-thread-1] INFO  server.RaftServerConfigKeys (ConfUtils.java:logGet(43)) - raft.server.log.segment.size.max = 1048576 (custom)
2019-11-12 23:39:04,545 [pool-519-thread-1] INFO  server.RaftServerConfigKeys (ConfUtils.java:logGet(43)) - raft.server.log.preallocated.size = 16384 (custom)
2019-11-12 23:39:04,545 [pool-519-thread-1] INFO  server.RaftServerConfigKeys (ConfUtils.java:logGet(43)) - raft.server.log.write.buffer.size = 33554432 (custom)
2019-11-12 23:39:04,545 [pool-519-thread-1] INFO  server.RaftServerConfigKeys (ConfUtils.java:logGet(43)) - raft.server.log.force.sync.num = 128 (default)
2019-11-12 23:39:04,545 [pool-519-thread-1] INFO  server.RaftServerConfigKeys (ConfUtils.java:logGet(43)) - raft.server.log.statemachine.data.sync = true (default)
2019-11-12 23:39:04,545 [pool-519-thread-1] INFO  server.RaftServerConfigKeys (ConfUtils.java:logGet(43)) - raft.server.log.statemachine.data.sync.timeout = 10s (default)
2019-11-12 23:39:04,545 [pool-519-thread-1] INFO  server.RaftServerConfigKeys (ConfUtils.java:logGet(43)) - raft.server.log.statemachine.data.sync.timeout.retry = -1 (default)
2019-11-12 23:39:04,546 [pool-519-thread-1] INFO  server.RaftServerConfigKeys (ConfUtils.java:logGet(43)) - raft.server.log.statemachine.data.caching.enabled = true (custom)
2019-11-12 23:39:04,546 [pool-519-thread-1] INFO  segmented.SegmentedRaftLogWorker (SegmentedRaftLogWorker.java:lambda$new$0(128)) - 56d70f56-ceb9-47f6-9690-e0ced3248985@group-915DDFA4325C-SegmentedRaftLogWorker: flushIndex: setUnconditionally 0 -> -1
2019-11-12 23:39:04,546 [pool-519-thread-1] INFO  server.RaftServerConfigKeys (ConfUtils.java:logGet(43)) - raft.server.snapshot.auto.trigger.enabled = true (custom)
2019-11-12 23:39:04,546 [pool-519-thread-1] INFO  server.RaftServerConfigKeys (ConfUtils.java:logGet(43)) - raft.server.snapshot.auto.trigger.threshold = 10000 (custom)
2019-11-12 23:39:04,546 [pool-519-thread-1] INFO  server.RaftServerConfigKeys (ConfUtils.java:logGet(43)) - raft.server.snapshot.retention.file.num = 5 (custom)
2019-11-12 23:39:04,546 [pool-519-thread-1] INFO  server.RaftServerConfigKeys (ConfUtils.java:logGet(43)) - raft.server.retrycache.expirytime = 600000ms (custom)
2019-11-12 23:39:04,546 [pool-519-thread-1] WARN  impl.MetricRegistriesImpl (MetricRegistriesImpl.java:lambda$create$1(61)) - First MetricRegistry has been created without registering reporters. You may need to call MetricRegistries.global().addReportRegistration(...) before.
2019-11-12 23:39:04,547 [pool-519-thread-1] WARN  impl.MetricRegistriesImpl (MetricRegistriesImpl.java:lambda$create$1(61)) - First MetricRegistry has been created without registering reporters. You may need to call MetricRegistries.global().addReportRegistration(...) before.
2019-11-12 23:39:04,547 [pool-519-thread-1] INFO  impl.RaftServerImpl (RaftServerImpl.java:start(184)) - 56d70f56-ceb9-47f6-9690-e0ced3248985@group-915DDFA4325C: start as a follower, conf=-1: [56d70f56-ceb9-47f6-9690-e0ced3248985:192.168.164.236:34224], old=null
2019-11-12 23:39:04,547 [pool-519-thread-1] INFO  impl.RaftServerImpl (RaftServerImpl.java:setRole(173)) - 56d70f56-ceb9-47f6-9690-e0ced3248985@group-915DDFA4325C: changes role from      null to FOLLOWER at term 0 for startAsFollower
2019-11-12 23:39:04,547 [pool-519-thread-1] INFO  impl.RoleInfo (RoleInfo.java:updateAndGet(143)) - 56d70f56-ceb9-47f6-9690-e0ced3248985: start FollowerState
2019-11-12 23:39:04,547 [pool-519-thread-1] INFO  util.JmxRegister (JmxRegister.java:tryRegister(44)) - Successfully registered JMX Bean with object name Ratis:service=RaftServer,group=group-915DDFA4325C,id=56d70f56-ceb9-47f6-9690-e0ced3248985
2019-11-12 23:39:04,547 [pool-519-thread-1] WARN  impl.MetricRegistriesImpl (MetricRegistriesImpl.java:lambda$create$1(61)) - First MetricRegistry has been created without registering reporters. You may need to call MetricRegistries.global().addReportRegistration(...) before.
2019-11-12 23:39:04,550 [RatisPipelineUtilsThread] INFO  pipeline.PipelineStateManager (PipelineStateManager.java:addPipeline(55)) - Created pipeline Pipeline[ Id: 848b1c69-284f-48d7-b62e-915ddfa4325c, Nodes: 56d70f56-ceb9-47f6-9690-e0ced3248985{ip: 192.168.164.236, host: pr-hdds-2375-hvwjp-2869937553, networkLocation: /rack1, certSerialId: null}, Type:RATIS, Factor:ONE, State:ALLOCATED]
2019-11-12 23:39:04,585 [IPC Server handler 7 on 40128] INFO  net.NetworkTopology (NetworkTopologyImpl.java:add(111)) - Added a new node: /rack1/98dbddad-cff4-4f87-9188-db1d76df9501
2019-11-12 23:39:04,585 [IPC Server handler 7 on 40128] INFO  node.SCMNodeManager (SCMNodeManager.java:register(267)) - Registered Data node : 98dbddad-cff4-4f87-9188-db1d76df9501{ip: 192.168.164.236, host: pr-hdds-2375-hvwjp-2869937553, networkLocation: /rack1, certSerialId: null}
2019-11-12 23:39:04,591 [grpc-default-executor-7] INFO  impl.RaftServerProxy (RaftServerProxy.java:addNew(89)) - 98dbddad-cff4-4f87-9188-db1d76df9501: addNew group-B25351C4867C:[98dbddad-cff4-4f87-9188-db1d76df9501:192.168.164.236:45282] returns group-B25351C4867C:java.util.concurrent.CompletableFuture@4118c477[Not completed]
2019-11-12 23:39:04,593 [pool-529-thread-1] INFO  impl.RaftServerImpl (RaftServerImpl.java:<init>(98)) - 98dbddad-cff4-4f87-9188-db1d76df9501: new RaftServerImpl for group-B25351C4867C:[98dbddad-cff4-4f87-9188-db1d76df9501:192.168.164.236:45282] with ContainerStateMachine:uninitialized
2019-11-12 23:39:04,593 [pool-529-thread-1] INFO  server.RaftServerConfigKeys (ConfUtils.java:logGet(43)) - raft.server.rpc.timeout.min = 1s (custom)
2019-11-12 23:39:04,593 [pool-529-thread-1] INFO  server.RaftServerConfigKeys (ConfUtils.java:logGet(43)) - raft.server.rpc.timeout.max = 1200ms (custom)
2019-11-12 23:39:04,593 [pool-529-thread-1] INFO  server.RaftServerConfigKeys (ConfUtils.java:logGet(43)) - raft.server.rpcslowness.timeout = 120s (custom)
2019-11-12 23:39:04,593 [pool-529-thread-1] INFO  server.RaftServerConfigKeys (ConfUtils.java:logGet(43)) - raft.server.sleep.deviation.threshold = 300 (default)
2019-11-12 23:39:04,594 [pool-529-thread-1] INFO  server.RaftServerConfigKeys (ConfUtils.java:logGet(43)) - raft.server.log.appender.install.snapshot.enabled = false (custom)
2019-11-12 23:39:04,594 [pool-529-thread-1] INFO  impl.RaftServerImpl (ServerState.java:<init>(103)) - 98dbddad-cff4-4f87-9188-db1d76df9501@group-B25351C4867C: ConfigurationManager, init=-1: [98dbddad-cff4-4f87-9188-db1d76df9501:192.168.164.236:45282], old=null, confs=<EMPTY_MAP>
2019-11-12 23:39:04,594 [pool-529-thread-1] INFO  server.RaftServerConfigKeys (ConfUtils.java:logGet(43)) - raft.server.storage.dir = [/workdir/hadoop-ozone/integration-test/target/test-dir/MiniOzoneClusterImpl-af41d755-250d-41c0-9b7d-b62086ffbdd4/datanode-2/data/ratis] (custom)
2019-11-12 23:39:04,594 [pool-529-thread-1] INFO  server.RaftServerConfigKeys (ConfUtils.java:logGet(43)) - raft.server.log.corruption.policy = EXCEPTION (default)
2019-11-12 23:39:04,595 [pool-529-thread-1] INFO  storage.RaftStorageDirectory (RaftStorageDirectory.java:analyzeStorage(246)) - The storage directory /workdir/hadoop-ozone/integration-test/target/test-dir/MiniOzoneClusterImpl-af41d755-250d-41c0-9b7d-b62086ffbdd4/datanode-2/data/ratis/8cdc8555-2082-43e6-803f-b25351c4867c does not exist. Creating ...
2019-11-12 23:39:04,608 [pool-529-thread-1] INFO  storage.RaftStorageDirectory (RaftStorageDirectory.java:tryLock(328)) - Lock on /workdir/hadoop-ozone/integration-test/target/test-dir/MiniOzoneClusterImpl-af41d755-250d-41c0-9b7d-b62086ffbdd4/datanode-2/data/ratis/8cdc8555-2082-43e6-803f-b25351c4867c/in_use.lock acquired by nodename 11492@pr-hdds-2375-hvwjp-2869937553
2019-11-12 23:39:04,622 [pool-529-thread-1] INFO  storage.RaftStorage (RaftStorage.java:format(84)) - Storage directory /workdir/hadoop-ozone/integration-test/target/test-dir/MiniOzoneClusterImpl-af41d755-250d-41c0-9b7d-b62086ffbdd4/datanode-2/data/ratis/8cdc8555-2082-43e6-803f-b25351c4867c has been successfully formatted.
2019-11-12 23:39:04,622 [pool-529-thread-1] INFO  ratis.ContainerStateMachine (ContainerStateMachine.java:loadSnapshot(223)) - group-B25351C4867C: The snapshot info is null. Setting the last applied indexto:(t:0, i:~)
2019-11-12 23:39:04,622 [pool-529-thread-1] INFO  server.RaftServerConfigKeys (ConfUtils.java:logGet(43)) - raft.server.notification.no-leader.timeout = 120s (custom)
2019-11-12 23:39:04,622 [pool-529-thread-1] INFO  server.RaftServerConfigKeys (ConfUtils.java:logGet(43)) - raft.server.log.use.memory = false (default)
2019-11-12 23:39:04,622 [pool-529-thread-1] INFO  server.RaftServerConfigKeys (ConfUtils.java:logGet(43)) - raft.server.log.purge.gap = 1000000 (custom)
2019-11-12 23:39:04,622 [pool-529-thread-1] INFO  server.RaftServerConfigKeys (ConfUtils.java:logGet(43)) - raft.server.log.appender.buffer.byte-limit = 33554432 (custom)
2019-11-12 23:39:04,623 [pool-529-thread-1] INFO  server.RaftServerConfigKeys (ConfUtils.java:logGet(43)) - raft.server.log.segment.size.max = 1048576 (custom)
2019-11-12 23:39:04,623 [pool-529-thread-1] WARN  impl.MetricRegistriesImpl (MetricRegistriesImpl.java:lambda$create$1(61)) - First MetricRegistry has been created without registering reporters. You may need to call MetricRegistries.global().addReportRegistration(...) before.
2019-11-12 23:39:04,623 [pool-529-thread-1] INFO  server.RaftServerConfigKeys (ConfUtils.java:logGet(43)) - raft.server.log.segment.cache.num.max = 2 (custom)
2019-11-12 23:39:04,623 [pool-529-thread-1] INFO  segmented.SegmentedRaftLogWorker (SegmentedRaftLogWorker.java:<init>(173)) - new 98dbddad-cff4-4f87-9188-db1d76df9501@group-B25351C4867C-SegmentedRaftLogWorker for RaftStorage:Storage Directory /workdir/hadoop-ozone/integration-test/target/test-dir/MiniOzoneClusterImpl-af41d755-250d-41c0-9b7d-b62086ffbdd4/datanode-2/data/ratis/8cdc8555-2082-43e6-803f-b25351c4867c
2019-11-12 23:39:04,623 [pool-529-thread-1] INFO  server.RaftServerConfigKeys (ConfUtils.java:logGet(43)) - raft.server.log.queue.byte-limit = 2147483647 (custom)
2019-11-12 23:39:04,623 [pool-529-thread-1] INFO  server.RaftServerConfigKeys (ConfUtils.java:logGet(43)) - raft.server.log.queue.element-limit = 1024 (custom)
2019-11-12 23:39:04,623 [pool-529-thread-1] INFO  server.RaftServerConfigKeys (ConfUtils.java:logGet(43)) - raft.server.log.segment.size.max = 1048576 (custom)
2019-11-12 23:39:04,624 [pool-529-thread-1] INFO  server.RaftServerConfigKeys (ConfUtils.java:logGet(43)) - raft.server.log.preallocated.size = 16384 (custom)
2019-11-12 23:39:04,624 [pool-529-thread-1] INFO  server.RaftServerConfigKeys (ConfUtils.java:logGet(43)) - raft.server.log.write.buffer.size = 33554432 (custom)
2019-11-12 23:39:04,624 [pool-529-thread-1] INFO  server.RaftServerConfigKeys (ConfUtils.java:logGet(43)) - raft.server.log.force.sync.num = 128 (default)
2019-11-12 23:39:04,624 [pool-529-thread-1] INFO  server.RaftServerConfigKeys (ConfUtils.java:logGet(43)) - raft.server.log.statemachine.data.sync = true (default)
2019-11-12 23:39:04,624 [pool-529-thread-1] INFO  server.RaftServerConfigKeys (ConfUtils.java:logGet(43)) - raft.server.log.statemachine.data.sync.timeout = 10s (default)
2019-11-12 23:39:04,624 [pool-529-thread-1] INFO  server.RaftServerConfigKeys (ConfUtils.java:logGet(43)) - raft.server.log.statemachine.data.sync.timeout.retry = -1 (default)
2019-11-12 23:39:04,624 [pool-529-thread-1] INFO  server.RaftServerConfigKeys (ConfUtils.java:logGet(43)) - raft.server.log.statemachine.data.caching.enabled = true (custom)
2019-11-12 23:39:04,625 [pool-529-thread-1] INFO  segmented.SegmentedRaftLogWorker (SegmentedRaftLogWorker.java:lambda$new$0(128)) - 98dbddad-cff4-4f87-9188-db1d76df9501@group-B25351C4867C-SegmentedRaftLogWorker: flushIndex: setUnconditionally 0 -> -1
2019-11-12 23:39:04,625 [pool-529-thread-1] INFO  server.RaftServerConfigKeys (ConfUtils.java:logGet(43)) - raft.server.snapshot.auto.trigger.enabled = true (custom)
2019-11-12 23:39:04,625 [pool-529-thread-1] INFO  server.RaftServerConfigKeys (ConfUtils.java:logGet(43)) - raft.server.snapshot.auto.trigger.threshold = 10000 (custom)
2019-11-12 23:39:04,625 [pool-529-thread-1] INFO  server.RaftServerConfigKeys (ConfUtils.java:logGet(43)) - raft.server.snapshot.retention.file.num = 5 (custom)
2019-11-12 23:39:04,625 [pool-529-thread-1] INFO  server.RaftServerConfigKeys (ConfUtils.java:logGet(43)) - raft.server.retrycache.expirytime = 600000ms (custom)
2019-11-12 23:39:04,626 [pool-529-thread-1] WARN  impl.MetricRegistriesImpl (MetricRegistriesImpl.java:lambda$create$1(61)) - First MetricRegistry has been created without registering reporters. You may need to call MetricRegistries.global().addReportRegistration(...) before.
2019-11-12 23:39:04,626 [pool-529-thread-1] WARN  impl.MetricRegistriesImpl (MetricRegistriesImpl.java:lambda$create$1(61)) - First MetricRegistry has been created without registering reporters. You may need to call MetricRegistries.global().addReportRegistration(...) before.
2019-11-12 23:39:04,626 [pool-529-thread-1] INFO  impl.RaftServerImpl (RaftServerImpl.java:start(184)) - 98dbddad-cff4-4f87-9188-db1d76df9501@group-B25351C4867C: start as a follower, conf=-1: [98dbddad-cff4-4f87-9188-db1d76df9501:192.168.164.236:45282], old=null
2019-11-12 23:39:04,626 [pool-529-thread-1] INFO  impl.RaftServerImpl (RaftServerImpl.java:setRole(173)) - 98dbddad-cff4-4f87-9188-db1d76df9501@group-B25351C4867C: changes role from      null to FOLLOWER at term 0 for startAsFollower
2019-11-12 23:39:04,626 [pool-529-thread-1] INFO  impl.RoleInfo (RoleInfo.java:updateAndGet(143)) - 98dbddad-cff4-4f87-9188-db1d76df9501: start FollowerState
2019-11-12 23:39:04,627 [pool-529-thread-1] INFO  util.JmxRegister (JmxRegister.java:tryRegister(44)) - Successfully registered JMX Bean with object name Ratis:service=RaftServer,group=group-B25351C4867C,id=98dbddad-cff4-4f87-9188-db1d76df9501
2019-11-12 23:39:04,627 [pool-529-thread-1] WARN  impl.MetricRegistriesImpl (MetricRegistriesImpl.java:lambda$create$1(61)) - First MetricRegistry has been created without registering reporters. You may need to call MetricRegistries.global().addReportRegistration(...) before.
2019-11-12 23:39:04,629 [RatisPipelineUtilsThread] INFO  pipeline.PipelineStateManager (PipelineStateManager.java:addPipeline(55)) - Created pipeline Pipeline[ Id: 8cdc8555-2082-43e6-803f-b25351c4867c, Nodes: 98dbddad-cff4-4f87-9188-db1d76df9501{ip: 192.168.164.236, host: pr-hdds-2375-hvwjp-2869937553, networkLocation: /rack1, certSerialId: null}, Type:RATIS, Factor:ONE, State:ALLOCATED]
2019-11-12 23:39:04,641 [grpc-default-executor-7] INFO  impl.RaftServerProxy (RaftServerProxy.java:addNew(89)) - 1f658cad-a8c7-4c86-bbeb-2b40079268d7: addNew group-EC001728B81A:[56d70f56-ceb9-47f6-9690-e0ced3248985:192.168.164.236:34224, 1f658cad-a8c7-4c86-bbeb-2b40079268d7:192.168.164.236:44556, 98dbddad-cff4-4f87-9188-db1d76df9501:192.168.164.236:45282] returns group-EC001728B81A:java.util.concurrent.CompletableFuture@3b77219e[Not completed]
2019-11-12 23:39:04,641 [grpc-default-executor-4] INFO  impl.RaftServerProxy (RaftServerProxy.java:addNew(89)) - 56d70f56-ceb9-47f6-9690-e0ced3248985: addNew group-EC001728B81A:[56d70f56-ceb9-47f6-9690-e0ced3248985:192.168.164.236:34224, 1f658cad-a8c7-4c86-bbeb-2b40079268d7:192.168.164.236:44556, 98dbddad-cff4-4f87-9188-db1d76df9501:192.168.164.236:45282] returns group-EC001728B81A:java.util.concurrent.CompletableFuture@2f704b3b[Not completed]
2019-11-12 23:39:04,641 [grpc-default-executor-7] INFO  impl.RaftServerProxy (RaftServerProxy.java:addNew(89)) - 98dbddad-cff4-4f87-9188-db1d76df9501: addNew group-EC001728B81A:[56d70f56-ceb9-47f6-9690-e0ced3248985:192.168.164.236:34224, 1f658cad-a8c7-4c86-bbeb-2b40079268d7:192.168.164.236:44556, 98dbddad-cff4-4f87-9188-db1d76df9501:192.168.164.236:45282] returns group-EC001728B81A:java.util.concurrent.CompletableFuture@3c4b61fb[Not completed]
2019-11-12 23:39:04,642 [pool-509-thread-1] INFO  impl.RaftServerImpl (RaftServerImpl.java:<init>(98)) - 1f658cad-a8c7-4c86-bbeb-2b40079268d7: new RaftServerImpl for group-EC001728B81A:[56d70f56-ceb9-47f6-9690-e0ced3248985:192.168.164.236:34224, 1f658cad-a8c7-4c86-bbeb-2b40079268d7:192.168.164.236:44556, 98dbddad-cff4-4f87-9188-db1d76df9501:192.168.164.236:45282] with ContainerStateMachine:uninitialized
2019-11-12 23:39:04,643 [pool-509-thread-1] INFO  server.RaftServerConfigKeys (ConfUtils.java:logGet(43)) - raft.server.rpc.timeout.min = 1s (custom)
2019-11-12 23:39:04,643 [pool-509-thread-1] INFO  server.RaftServerConfigKeys (ConfUtils.java:logGet(43)) - raft.server.rpc.timeout.max = 1200ms (custom)
2019-11-12 23:39:04,643 [pool-509-thread-1] INFO  server.RaftServerConfigKeys (ConfUtils.java:logGet(43)) - raft.server.rpcslowness.timeout = 120s (custom)
2019-11-12 23:39:04,643 [pool-509-thread-1] INFO  server.RaftServerConfigKeys (ConfUtils.java:logGet(43)) - raft.server.sleep.deviation.threshold = 300 (default)
2019-11-12 23:39:04,643 [pool-529-thread-1] INFO  impl.RaftServerImpl (RaftServerImpl.java:<init>(98)) - 98dbddad-cff4-4f87-9188-db1d76df9501: new RaftServerImpl for group-EC001728B81A:[56d70f56-ceb9-47f6-9690-e0ced3248985:192.168.164.236:34224, 1f658cad-a8c7-4c86-bbeb-2b40079268d7:192.168.164.236:44556, 98dbddad-cff4-4f87-9188-db1d76df9501:192.168.164.236:45282] with ContainerStateMachine:uninitialized
2019-11-12 23:39:04,643 [pool-509-thread-1] INFO  server.RaftServerConfigKeys (ConfUtils.java:logGet(43)) - raft.server.log.appender.install.snapshot.enabled = false (custom)
2019-11-12 23:39:04,643 [pool-529-thread-1] INFO  server.RaftServerConfigKeys (ConfUtils.java:logGet(43)) - raft.server.rpc.timeout.min = 1s (custom)
2019-11-12 23:39:04,644 [pool-509-thread-1] INFO  impl.RaftServerImpl (ServerState.java:<init>(103)) - 1f658cad-a8c7-4c86-bbeb-2b40079268d7@group-EC001728B81A: ConfigurationManager, init=-1: [56d70f56-ceb9-47f6-9690-e0ced3248985:192.168.164.236:34224, 1f658cad-a8c7-4c86-bbeb-2b40079268d7:192.168.164.236:44556, 98dbddad-cff4-4f87-9188-db1d76df9501:192.168.164.236:45282], old=null, confs=<EMPTY_MAP>
2019-11-12 23:39:04,644 [pool-529-thread-1] INFO  server.RaftServerConfigKeys (ConfUtils.java:logGet(43)) - raft.server.rpc.timeout.max = 1200ms (custom)
2019-11-12 23:39:04,644 [pool-509-thread-1] INFO  server.RaftServerConfigKeys (ConfUtils.java:logGet(43)) - raft.server.storage.dir = [/workdir/hadoop-ozone/integration-test/target/test-dir/MiniOzoneClusterImpl-af41d755-250d-41c0-9b7d-b62086ffbdd4/datanode-0/data/ratis] (custom)
2019-11-12 23:39:04,644 [pool-519-thread-1] INFO  impl.RaftServerImpl (RaftServerImpl.java:<init>(98)) - 56d70f56-ceb9-47f6-9690-e0ced3248985: new RaftServerImpl for group-EC001728B81A:[56d70f56-ceb9-47f6-9690-e0ced3248985:192.168.164.236:34224, 1f658cad-a8c7-4c86-bbeb-2b40079268d7:192.168.164.236:44556, 98dbddad-cff4-4f87-9188-db1d76df9501:192.168.164.236:45282] with ContainerStateMachine:uninitialized
2019-11-12 23:39:04,644 [pool-509-thread-1] INFO  server.RaftServerConfigKeys (ConfUtils.java:logGet(43)) - raft.server.log.corruption.policy = EXCEPTION (default)
2019-11-12 23:39:04,644 [pool-529-thread-1] INFO  server.RaftServerConfigKeys (ConfUtils.java:logGet(43)) - raft.server.rpcslowness.timeout = 120s (custom)
2019-11-12 23:39:04,644 [pool-509-thread-1] INFO  storage.RaftStorageDirectory (RaftStorageDirectory.java:analyzeStorage(246)) - The storage directory /workdir/hadoop-ozone/integration-test/target/test-dir/MiniOzoneClusterImpl-af41d755-250d-41c0-9b7d-b62086ffbdd4/datanode-0/data/ratis/a4415209-55a4-4fcc-b8a2-ec001728b81a does not exist. Creating ...
2019-11-12 23:39:04,644 [pool-519-thread-1] INFO  server.RaftServerConfigKeys (ConfUtils.java:logGet(43)) - raft.server.rpc.timeout.min = 1s (custom)
2019-11-12 23:39:04,644 [pool-529-thread-1] INFO  server.RaftServerConfigKeys (ConfUtils.java:logGet(43)) - raft.server.sleep.deviation.threshold = 300 (default)
2019-11-12 23:39:04,645 [pool-519-thread-1] INFO  server.RaftServerConfigKeys (ConfUtils.java:logGet(43)) - raft.server.rpc.timeout.max = 1200ms (custom)
2019-11-12 23:39:04,645 [pool-529-thread-1] INFO  server.RaftServerConfigKeys (ConfUtils.java:logGet(43)) - raft.server.log.appender.install.snapshot.enabled = false (custom)
2019-11-12 23:39:04,645 [pool-519-thread-1] INFO  server.RaftServerConfigKeys (ConfUtils.java:logGet(43)) - raft.server.rpcslowness.timeout = 120s (custom)
2019-11-12 23:39:04,645 [pool-529-thread-1] INFO  impl.RaftServerImpl (ServerState.java:<init>(103)) - 98dbddad-cff4-4f87-9188-db1d76df9501@group-EC001728B81A: ConfigurationManager, init=-1: [56d70f56-ceb9-47f6-9690-e0ced3248985:192.168.164.236:34224, 1f658cad-a8c7-4c86-bbeb-2b40079268d7:192.168.164.236:44556, 98dbddad-cff4-4f87-9188-db1d76df9501:192.168.164.236:45282], old=null, confs=<EMPTY_MAP>
2019-11-12 23:39:04,645 [pool-519-thread-1] INFO  server.RaftServerConfigKeys (ConfUtils.java:logGet(43)) - raft.server.sleep.deviation.threshold = 300 (default)
2019-11-12 23:39:04,645 [pool-529-thread-1] INFO  server.RaftServerConfigKeys (ConfUtils.java:logGet(43)) - raft.server.storage.dir = [/workdir/hadoop-ozone/integration-test/target/test-dir/MiniOzoneClusterImpl-af41d755-250d-41c0-9b7d-b62086ffbdd4/datanode-2/data/ratis] (custom)
2019-11-12 23:39:04,645 [pool-519-thread-1] INFO  server.RaftServerConfigKeys (ConfUtils.java:logGet(43)) - raft.server.log.appender.install.snapshot.enabled = false (custom)
2019-11-12 23:39:04,646 [pool-529-thread-1] INFO  server.RaftServerConfigKeys (ConfUtils.java:logGet(43)) - raft.server.log.corruption.policy = EXCEPTION (default)
2019-11-12 23:39:04,646 [pool-519-thread-1] INFO  impl.RaftServerImpl (ServerState.java:<init>(103)) - 56d70f56-ceb9-47f6-9690-e0ced3248985@group-EC001728B81A: ConfigurationManager, init=-1: [56d70f56-ceb9-47f6-9690-e0ced3248985:192.168.164.236:34224, 1f658cad-a8c7-4c86-bbeb-2b40079268d7:192.168.164.236:44556, 98dbddad-cff4-4f87-9188-db1d76df9501:192.168.164.236:45282], old=null, confs=<EMPTY_MAP>
2019-11-12 23:39:04,646 [pool-529-thread-1] INFO  storage.RaftStorageDirectory (RaftStorageDirectory.java:analyzeStorage(246)) - The storage directory /workdir/hadoop-ozone/integration-test/target/test-dir/MiniOzoneClusterImpl-af41d755-250d-41c0-9b7d-b62086ffbdd4/datanode-2/data/ratis/a4415209-55a4-4fcc-b8a2-ec001728b81a does not exist. Creating ...
2019-11-12 23:39:04,646 [pool-519-thread-1] INFO  server.RaftServerConfigKeys (ConfUtils.java:logGet(43)) - raft.server.storage.dir = [/workdir/hadoop-ozone/integration-test/target/test-dir/MiniOzoneClusterImpl-af41d755-250d-41c0-9b7d-b62086ffbdd4/datanode-1/data/ratis] (custom)
2019-11-12 23:39:04,646 [pool-519-thread-1] INFO  server.RaftServerConfigKeys (ConfUtils.java:logGet(43)) - raft.server.log.corruption.policy = EXCEPTION (default)
2019-11-12 23:39:04,646 [pool-519-thread-1] INFO  storage.RaftStorageDirectory (RaftStorageDirectory.java:analyzeStorage(246)) - The storage directory /workdir/hadoop-ozone/integration-test/target/test-dir/MiniOzoneClusterImpl-af41d755-250d-41c0-9b7d-b62086ffbdd4/datanode-1/data/ratis/a4415209-55a4-4fcc-b8a2-ec001728b81a does not exist. Creating ...
2019-11-12 23:39:04,658 [pool-529-thread-1] INFO  storage.RaftStorageDirectory (RaftStorageDirectory.java:tryLock(328)) - Lock on /workdir/hadoop-ozone/integration-test/target/test-dir/MiniOzoneClusterImpl-af41d755-250d-41c0-9b7d-b62086ffbdd4/datanode-2/data/ratis/a4415209-55a4-4fcc-b8a2-ec001728b81a/in_use.lock acquired by nodename 11492@pr-hdds-2375-hvwjp-2869937553
2019-11-12 23:39:04,658 [pool-509-thread-1] INFO  storage.RaftStorageDirectory (RaftStorageDirectory.java:tryLock(328)) - Lock on /workdir/hadoop-ozone/integration-test/target/test-dir/MiniOzoneClusterImpl-af41d755-250d-41c0-9b7d-b62086ffbdd4/datanode-0/data/ratis/a4415209-55a4-4fcc-b8a2-ec001728b81a/in_use.lock acquired by nodename 11492@pr-hdds-2375-hvwjp-2869937553
2019-11-12 23:39:04,658 [pool-519-thread-1] INFO  storage.RaftStorageDirectory (RaftStorageDirectory.java:tryLock(328)) - Lock on /workdir/hadoop-ozone/integration-test/target/test-dir/MiniOzoneClusterImpl-af41d755-250d-41c0-9b7d-b62086ffbdd4/datanode-1/data/ratis/a4415209-55a4-4fcc-b8a2-ec001728b81a/in_use.lock acquired by nodename 11492@pr-hdds-2375-hvwjp-2869937553
2019-11-12 23:39:04,672 [pool-529-thread-1] INFO  storage.RaftStorage (RaftStorage.java:format(84)) - Storage directory /workdir/hadoop-ozone/integration-test/target/test-dir/MiniOzoneClusterImpl-af41d755-250d-41c0-9b7d-b62086ffbdd4/datanode-2/data/ratis/a4415209-55a4-4fcc-b8a2-ec001728b81a has been successfully formatted.
2019-11-12 23:39:04,672 [pool-519-thread-1] INFO  storage.RaftStorage (RaftStorage.java:format(84)) - Storage directory /workdir/hadoop-ozone/integration-test/target/test-dir/MiniOzoneClusterImpl-af41d755-250d-41c0-9b7d-b62086ffbdd4/datanode-1/data/ratis/a4415209-55a4-4fcc-b8a2-ec001728b81a has been successfully formatted.
2019-11-12 23:39:04,672 [pool-509-thread-1] INFO  storage.RaftStorage (RaftStorage.java:format(84)) - Storage directory /workdir/hadoop-ozone/integration-test/target/test-dir/MiniOzoneClusterImpl-af41d755-250d-41c0-9b7d-b62086ffbdd4/datanode-0/data/ratis/a4415209-55a4-4fcc-b8a2-ec001728b81a has been successfully formatted.
2019-11-12 23:39:04,672 [pool-519-thread-1] INFO  ratis.ContainerStateMachine (ContainerStateMachine.java:loadSnapshot(223)) - group-EC001728B81A: The snapshot info is null. Setting the last applied indexto:(t:0, i:~)
2019-11-12 23:39:04,672 [pool-509-thread-1] INFO  ratis.ContainerStateMachine (ContainerStateMachine.java:loadSnapshot(223)) - group-EC001728B81A: The snapshot info is null. Setting the last applied indexto:(t:0, i:~)
2019-11-12 23:39:04,672 [pool-529-thread-1] INFO  ratis.ContainerStateMachine (ContainerStateMachine.java:loadSnapshot(223)) - group-EC001728B81A: The snapshot info is null. Setting the last applied indexto:(t:0, i:~)
2019-11-12 23:39:04,672 [pool-509-thread-1] INFO  server.RaftServerConfigKeys (ConfUtils.java:logGet(43)) - raft.server.notification.no-leader.timeout = 120s (custom)
2019-11-12 23:39:04,672 [pool-519-thread-1] INFO  server.RaftServerConfigKeys (ConfUtils.java:logGet(43)) - raft.server.notification.no-leader.timeout = 120s (custom)
2019-11-12 23:39:04,673 [pool-509-thread-1] INFO  server.RaftServerConfigKeys (ConfUtils.java:logGet(43)) - raft.server.log.use.memory = false (default)
2019-11-12 23:39:04,673 [pool-529-thread-1] INFO  server.RaftServerConfigKeys (ConfUtils.java:logGet(43)) - raft.server.notification.no-leader.timeout = 120s (custom)
2019-11-12 23:39:04,673 [pool-509-thread-1] INFO  server.RaftServerConfigKeys (ConfUtils.java:logGet(43)) - raft.server.log.purge.gap = 1000000 (custom)
2019-11-12 23:39:04,673 [pool-519-thread-1] INFO  server.RaftServerConfigKeys (ConfUtils.java:logGet(43)) - raft.server.log.use.memory = false (default)
2019-11-12 23:39:04,673 [pool-509-thread-1] INFO  server.RaftServerConfigKeys (ConfUtils.java:logGet(43)) - raft.server.log.appender.buffer.byte-limit = 33554432 (custom)
2019-11-12 23:39:04,673 [pool-529-thread-1] INFO  server.RaftServerConfigKeys (ConfUtils.java:logGet(43)) - raft.server.log.use.memory = false (default)
2019-11-12 23:39:04,673 [pool-509-thread-1] INFO  server.RaftServerConfigKeys (ConfUtils.java:logGet(43)) - raft.server.log.segment.size.max = 1048576 (custom)
2019-11-12 23:39:04,673 [pool-519-thread-1] INFO  server.RaftServerConfigKeys (ConfUtils.java:logGet(43)) - raft.server.log.purge.gap = 1000000 (custom)
2019-11-12 23:39:04,674 [pool-509-thread-1] INFO  server.RaftServerConfigKeys (ConfUtils.java:logGet(43)) - raft.server.log.segment.cache.num.max = 2 (custom)
2019-11-12 23:39:04,674 [pool-509-thread-1] INFO  segmented.SegmentedRaftLogWorker (SegmentedRaftLogWorker.java:<init>(173)) - new 1f658cad-a8c7-4c86-bbeb-2b40079268d7@group-EC001728B81A-SegmentedRaftLogWorker for RaftStorage:Storage Directory /workdir/hadoop-ozone/integration-test/target/test-dir/MiniOzoneClusterImpl-af41d755-250d-41c0-9b7d-b62086ffbdd4/datanode-0/data/ratis/a4415209-55a4-4fcc-b8a2-ec001728b81a
2019-11-12 23:39:04,673 [pool-529-thread-1] INFO  server.RaftServerConfigKeys (ConfUtils.java:logGet(43)) - raft.server.log.purge.gap = 1000000 (custom)
2019-11-12 23:39:04,674 [pool-509-thread-1] INFO  server.RaftServerConfigKeys (ConfUtils.java:logGet(43)) - raft.server.log.queue.byte-limit = 2147483647 (custom)
2019-11-12 23:39:04,674 [pool-519-thread-1] INFO  server.RaftServerConfigKeys (ConfUtils.java:logGet(43)) - raft.server.log.appender.buffer.byte-limit = 33554432 (custom)
2019-11-12 23:39:04,674 [IPC Server handler 8 on 40128] INFO  net.NetworkTopology (NetworkTopologyImpl.java:add(111)) - Added a new node: /rack1/7c2b8f83-a523-49c2-afdc-9b713bfd472f
2019-11-12 23:39:04,674 [pool-509-thread-1] INFO  server.RaftServerConfigKeys (ConfUtils.java:logGet(43)) - raft.server.log.queue.element-limit = 1024 (custom)
2019-11-12 23:39:04,674 [pool-529-thread-1] INFO  server.RaftServerConfigKeys (ConfUtils.java:logGet(43)) - raft.server.log.appender.buffer.byte-limit = 33554432 (custom)
2019-11-12 23:39:04,675 [pool-509-thread-1] INFO  server.RaftServerConfigKeys (ConfUtils.java:logGet(43)) - raft.server.log.segment.size.max = 1048576 (custom)
2019-11-12 23:39:04,675 [IPC Server handler 8 on 40128] INFO  node.SCMNodeManager (SCMNodeManager.java:register(267)) - Registered Data node : 7c2b8f83-a523-49c2-afdc-9b713bfd472f{ip: 192.168.164.236, host: pr-hdds-2375-hvwjp-2869937553, networkLocation: /rack1, certSerialId: null}
2019-11-12 23:39:04,674 [pool-519-thread-1] INFO  server.RaftServerConfigKeys (ConfUtils.java:logGet(43)) - raft.server.log.segment.size.max = 1048576 (custom)
2019-11-12 23:39:04,675 [pool-509-thread-1] INFO  server.RaftServerConfigKeys (ConfUtils.java:logGet(43)) - raft.server.log.preallocated.size = 16384 (custom)
2019-11-12 23:39:04,675 [pool-529-thread-1] INFO  server.RaftServerConfigKeys (ConfUtils.java:logGet(43)) - raft.server.log.segment.size.max = 1048576 (custom)
2019-11-12 23:39:04,675 [pool-509-thread-1] INFO  server.RaftServerConfigKeys (ConfUtils.java:logGet(43)) - raft.server.log.write.buffer.size = 33554432 (custom)
2019-11-12 23:39:04,675 [pool-519-thread-1] INFO  server.RaftServerConfigKeys (ConfUtils.java:logGet(43)) - raft.server.log.segment.cache.num.max = 2 (custom)
2019-11-12 23:39:04,675 [pool-509-thread-1] INFO  server.RaftServerConfigKeys (ConfUtils.java:logGet(43)) - raft.server.log.force.sync.num = 128 (default)
2019-11-12 23:39:04,675 [pool-529-thread-1] INFO  server.RaftServerConfigKeys (ConfUtils.java:logGet(43)) - raft.server.log.segment.cache.num.max = 2 (custom)
2019-11-12 23:39:04,676 [pool-509-thread-1] INFO  server.RaftServerConfigKeys (ConfUtils.java:logGet(43)) - raft.server.log.statemachine.data.sync = true (default)
2019-11-12 23:39:04,676 [pool-509-thread-1] INFO  server.RaftServerConfigKeys (ConfUtils.java:logGet(43)) - raft.server.log.statemachine.data.sync.timeout = 10s (default)
2019-11-12 23:39:04,676 [pool-519-thread-1] INFO  segmented.SegmentedRaftLogWorker (SegmentedRaftLogWorker.java:<init>(173)) - new 56d70f56-ceb9-47f6-9690-e0ced3248985@group-EC001728B81A-SegmentedRaftLogWorker for RaftStorage:Storage Directory /workdir/hadoop-ozone/integration-test/target/test-dir/MiniOzoneClusterImpl-af41d755-250d-41c0-9b7d-b62086ffbdd4/datanode-1/data/ratis/a4415209-55a4-4fcc-b8a2-ec001728b81a
2019-11-12 23:39:04,676 [pool-509-thread-1] INFO  server.RaftServerConfigKeys (ConfUtils.java:logGet(43)) - raft.server.log.statemachine.data.sync.timeout.retry = -1 (default)
2019-11-12 23:39:04,676 [pool-529-thread-1] INFO  segmented.SegmentedRaftLogWorker (SegmentedRaftLogWorker.java:<init>(173)) - new 98dbddad-cff4-4f87-9188-db1d76df9501@group-EC001728B81A-SegmentedRaftLogWorker for RaftStorage:Storage Directory /workdir/hadoop-ozone/integration-test/target/test-dir/MiniOzoneClusterImpl-af41d755-250d-41c0-9b7d-b62086ffbdd4/datanode-2/data/ratis/a4415209-55a4-4fcc-b8a2-ec001728b81a
2019-11-12 23:39:04,676 [pool-509-thread-1] INFO  server.RaftServerConfigKeys (ConfUtils.java:logGet(43)) - raft.server.log.statemachine.data.caching.enabled = true (custom)
2019-11-12 23:39:04,676 [pool-519-thread-1] INFO  server.RaftServerConfigKeys (ConfUtils.java:logGet(43)) - raft.server.log.queue.byte-limit = 2147483647 (custom)
2019-11-12 23:39:04,677 [pool-509-thread-1] INFO  segmented.SegmentedRaftLogWorker (SegmentedRaftLogWorker.java:lambda$new$0(128)) - 1f658cad-a8c7-4c86-bbeb-2b40079268d7@group-EC001728B81A-SegmentedRaftLogWorker: flushIndex: setUnconditionally 0 -> -1
2019-11-12 23:39:04,676 [pool-529-thread-1] INFO  server.RaftServerConfigKeys (ConfUtils.java:logGet(43)) - raft.server.log.queue.byte-limit = 2147483647 (custom)
2019-11-12 23:39:04,677 [pool-519-thread-1] INFO  server.RaftServerConfigKeys (ConfUtils.java:logGet(43)) - raft.server.log.queue.element-limit = 1024 (custom)
2019-11-12 23:39:04,677 [pool-529-thread-1] INFO  server.RaftServerConfigKeys (ConfUtils.java:logGet(43)) - raft.server.log.queue.element-limit = 1024 (custom)
2019-11-12 23:39:04,678 [pool-529-thread-1] INFO  server.RaftServerConfigKeys (ConfUtils.java:logGet(43)) - raft.server.log.segment.size.max = 1048576 (custom)
2019-11-12 23:39:04,678 [pool-509-thread-1] INFO  server.RaftServerConfigKeys (ConfUtils.java:logGet(43)) - raft.server.snapshot.auto.trigger.enabled = true (custom)
2019-11-12 23:39:04,678 [pool-519-thread-1] INFO  server.RaftServerConfigKeys (ConfUtils.java:logGet(43)) - raft.server.log.segment.size.max = 1048576 (custom)
2019-11-12 23:39:04,678 [pool-509-thread-1] INFO  server.RaftServerConfigKeys (ConfUtils.java:logGet(43)) - raft.server.snapshot.auto.trigger.threshold = 10000 (custom)
2019-11-12 23:39:04,678 [pool-529-thread-1] INFO  server.RaftServerConfigKeys (ConfUtils.java:logGet(43)) - raft.server.log.preallocated.size = 16384 (custom)
2019-11-12 23:39:04,678 [pool-509-thread-1] INFO  server.RaftServerConfigKeys (ConfUtils.java:logGet(43)) - raft.server.snapshot.retention.file.num = 5 (custom)
2019-11-12 23:39:04,678 [pool-519-thread-1] INFO  server.RaftServerConfigKeys (ConfUtils.java:logGet(43)) - raft.server.log.preallocated.size = 16384 (custom)
2019-11-12 23:39:04,678 [pool-509-thread-1] INFO  server.RaftServerConfigKeys (ConfUtils.java:logGet(43)) - raft.server.retrycache.expirytime = 600000ms (custom)
2019-11-12 23:39:04,678 [pool-529-thread-1] INFO  server.RaftServerConfigKeys (ConfUtils.java:logGet(43)) - raft.server.log.write.buffer.size = 33554432 (custom)
2019-11-12 23:39:04,679 [pool-509-thread-1] WARN  impl.MetricRegistriesImpl (MetricRegistriesImpl.java:lambda$create$1(61)) - First MetricRegistry has been created without registering reporters. You may need to call MetricRegistries.global().addReportRegistration(...) before.
2019-11-12 23:39:04,678 [pool-519-thread-1] INFO  server.RaftServerConfigKeys (ConfUtils.java:logGet(43)) - raft.server.log.write.buffer.size = 33554432 (custom)
2019-11-12 23:39:04,679 [pool-509-thread-1] WARN  impl.MetricRegistriesImpl (MetricRegistriesImpl.java:lambda$create$1(61)) - First MetricRegistry has been created without registering reporters. You may need to call MetricRegistries.global().addReportRegistration(...) before.
2019-11-12 23:39:04,679 [pool-529-thread-1] INFO  server.RaftServerConfigKeys (ConfUtils.java:logGet(43)) - raft.server.log.force.sync.num = 128 (default)
2019-11-12 23:39:04,679 [pool-509-thread-1] INFO  impl.RaftServerImpl (RaftServerImpl.java:start(184)) - 1f658cad-a8c7-4c86-bbeb-2b40079268d7@group-EC001728B81A: start as a follower, conf=-1: [56d70f56-ceb9-47f6-9690-e0ced3248985:192.168.164.236:34224, 1f658cad-a8c7-4c86-bbeb-2b40079268d7:192.168.164.236:44556, 98dbddad-cff4-4f87-9188-db1d76df9501:192.168.164.236:45282], old=null
2019-11-12 23:39:04,679 [pool-519-thread-1] INFO  server.RaftServerConfigKeys (ConfUtils.java:logGet(43)) - raft.server.log.force.sync.num = 128 (default)
2019-11-12 23:39:04,679 [pool-509-thread-1] INFO  impl.RaftServerImpl (RaftServerImpl.java:setRole(173)) - 1f658cad-a8c7-4c86-bbeb-2b40079268d7@group-EC001728B81A: changes role from      null to FOLLOWER at term 0 for startAsFollower
2019-11-12 23:39:04,679 [pool-529-thread-1] INFO  server.RaftServerConfigKeys (ConfUtils.java:logGet(43)) - raft.server.log.statemachine.data.sync = true (default)
2019-11-12 23:39:04,680 [pool-509-thread-1] INFO  impl.RoleInfo (RoleInfo.java:updateAndGet(143)) - 1f658cad-a8c7-4c86-bbeb-2b40079268d7: start FollowerState
2019-11-12 23:39:04,679 [pool-519-thread-1] INFO  server.RaftServerConfigKeys (ConfUtils.java:logGet(43)) - raft.server.log.statemachine.data.sync = true (default)
2019-11-12 23:39:04,680 [pool-529-thread-1] INFO  server.RaftServerConfigKeys (ConfUtils.java:logGet(43)) - raft.server.log.statemachine.data.sync.timeout = 10s (default)
2019-11-12 23:39:04,680 [pool-509-thread-1] INFO  util.JmxRegister (JmxRegister.java:tryRegister(44)) - Successfully registered JMX Bean with object name Ratis:service=RaftServer,group=group-EC001728B81A,id=1f658cad-a8c7-4c86-bbeb-2b40079268d7
2019-11-12 23:39:04,680 [pool-519-thread-1] INFO  server.RaftServerConfigKeys (ConfUtils.java:logGet(43)) - raft.server.log.statemachine.data.sync.timeout = 10s (default)
2019-11-12 23:39:04,680 [pool-509-thread-1] WARN  impl.MetricRegistriesImpl (MetricRegistriesImpl.java:lambda$create$1(61)) - First MetricRegistry has been created without registering reporters. You may need to call MetricRegistries.global().addReportRegistration(...) before.
2019-11-12 23:39:04,680 [pool-529-thread-1] INFO  server.RaftServerConfigKeys (ConfUtils.java:logGet(43)) - raft.server.log.statemachine.data.sync.timeout.retry = -1 (default)
2019-11-12 23:39:04,680 [pool-519-thread-1] INFO  server.RaftServerConfigKeys (ConfUtils.java:logGet(43)) - raft.server.log.statemachine.data.sync.timeout.retry = -1 (default)
2019-11-12 23:39:04,681 [pool-529-thread-1] INFO  server.RaftServerConfigKeys (ConfUtils.java:logGet(43)) - raft.server.log.statemachine.data.caching.enabled = true (custom)
2019-11-12 23:39:04,681 [pool-519-thread-1] INFO  server.RaftServerConfigKeys (ConfUtils.java:logGet(43)) - raft.server.log.statemachine.data.caching.enabled = true (custom)
2019-11-12 23:39:04,681 [pool-529-thread-1] INFO  segmented.SegmentedRaftLogWorker (SegmentedRaftLogWorker.java:lambda$new$0(128)) - 98dbddad-cff4-4f87-9188-db1d76df9501@group-EC001728B81A-SegmentedRaftLogWorker: flushIndex: setUnconditionally 0 -> -1
2019-11-12 23:39:04,681 [pool-519-thread-1] INFO  segmented.SegmentedRaftLogWorker (SegmentedRaftLogWorker.java:lambda$new$0(128)) - 56d70f56-ceb9-47f6-9690-e0ced3248985@group-EC001728B81A-SegmentedRaftLogWorker: flushIndex: setUnconditionally 0 -> -1
2019-11-12 23:39:04,681 [pool-529-thread-1] INFO  server.RaftServerConfigKeys (ConfUtils.java:logGet(43)) - raft.server.snapshot.auto.trigger.enabled = true (custom)
2019-11-12 23:39:04,682 [pool-519-thread-1] INFO  server.RaftServerConfigKeys (ConfUtils.java:logGet(43)) - raft.server.snapshot.auto.trigger.enabled = true (custom)
2019-11-12 23:39:04,682 [pool-529-thread-1] INFO  server.RaftServerConfigKeys (ConfUtils.java:logGet(43)) - raft.server.snapshot.auto.trigger.threshold = 10000 (custom)
2019-11-12 23:39:04,682 [pool-519-thread-1] INFO  server.RaftServerConfigKeys (ConfUtils.java:logGet(43)) - raft.server.snapshot.auto.trigger.threshold = 10000 (custom)
2019-11-12 23:39:04,682 [pool-529-thread-1] INFO  server.RaftServerConfigKeys (ConfUtils.java:logGet(43)) - raft.server.snapshot.retention.file.num = 5 (custom)
2019-11-12 23:39:04,682 [pool-519-thread-1] INFO  server.RaftServerConfigKeys (ConfUtils.java:logGet(43)) - raft.server.snapshot.retention.file.num = 5 (custom)
2019-11-12 23:39:04,682 [pool-529-thread-1] INFO  server.RaftServerConfigKeys (ConfUtils.java:logGet(43)) - raft.server.retrycache.expirytime = 600000ms (custom)
2019-11-12 23:39:04,682 [pool-519-thread-1] INFO  server.RaftServerConfigKeys (ConfUtils.java:logGet(43)) - raft.server.retrycache.expirytime = 600000ms (custom)
2019-11-12 23:39:04,682 [pool-529-thread-1] WARN  impl.MetricRegistriesImpl (MetricRegistriesImpl.java:lambda$create$1(61)) - First MetricRegistry has been created without registering reporters. You may need to call MetricRegistries.global().addReportRegistration(...) before.
2019-11-12 23:39:04,683 [pool-519-thread-1] WARN  impl.MetricRegistriesImpl (MetricRegistriesImpl.java:lambda$create$1(61)) - First MetricRegistry has been created without registering reporters. You may need to call MetricRegistries.global().addReportRegistration(...) before.
2019-11-12 23:39:04,683 [pool-529-thread-1] WARN  impl.MetricRegistriesImpl (MetricRegistriesImpl.java:lambda$create$1(61)) - First MetricRegistry has been created without registering reporters. You may need to call MetricRegistries.global().addReportRegistration(...) before.
2019-11-12 23:39:04,683 [pool-519-thread-1] WARN  impl.MetricRegistriesImpl (MetricRegistriesImpl.java:lambda$create$1(61)) - First MetricRegistry has been created without registering reporters. You may need to call MetricRegistries.global().addReportRegistration(...) before.
2019-11-12 23:39:04,683 [pool-529-thread-1] INFO  impl.RaftServerImpl (RaftServerImpl.java:start(184)) - 98dbddad-cff4-4f87-9188-db1d76df9501@group-EC001728B81A: start as a follower, conf=-1: [56d70f56-ceb9-47f6-9690-e0ced3248985:192.168.164.236:34224, 1f658cad-a8c7-4c86-bbeb-2b40079268d7:192.168.164.236:44556, 98dbddad-cff4-4f87-9188-db1d76df9501:192.168.164.236:45282], old=null
2019-11-12 23:39:04,683 [pool-519-thread-1] INFO  impl.RaftServerImpl (RaftServerImpl.java:start(184)) - 56d70f56-ceb9-47f6-9690-e0ced3248985@group-EC001728B81A: start as a follower, conf=-1: [56d70f56-ceb9-47f6-9690-e0ced3248985:192.168.164.236:34224, 1f658cad-a8c7-4c86-bbeb-2b40079268d7:192.168.164.236:44556, 98dbddad-cff4-4f87-9188-db1d76df9501:192.168.164.236:45282], old=null
2019-11-12 23:39:04,683 [pool-529-thread-1] INFO  impl.RaftServerImpl (RaftServerImpl.java:setRole(173)) - 98dbddad-cff4-4f87-9188-db1d76df9501@group-EC001728B81A: changes role from      null to FOLLOWER at term 0 for startAsFollower
2019-11-12 23:39:04,683 [pool-519-thread-1] INFO  impl.RaftServerImpl (RaftServerImpl.java:setRole(173)) - 56d70f56-ceb9-47f6-9690-e0ced3248985@group-EC001728B81A: changes role from      null to FOLLOWER at term 0 for startAsFollower
2019-11-12 23:39:04,683 [pool-529-thread-1] INFO  impl.RoleInfo (RoleInfo.java:updateAndGet(143)) - 98dbddad-cff4-4f87-9188-db1d76df9501: start FollowerState
2019-11-12 23:39:04,683 [pool-519-thread-1] INFO  impl.RoleInfo (RoleInfo.java:updateAndGet(143)) - 56d70f56-ceb9-47f6-9690-e0ced3248985: start FollowerState
2019-11-12 23:39:04,684 [pool-529-thread-1] INFO  util.JmxRegister (JmxRegister.java:tryRegister(44)) - Successfully registered JMX Bean with object name Ratis:service=RaftServer,group=group-EC001728B81A,id=98dbddad-cff4-4f87-9188-db1d76df9501
2019-11-12 23:39:04,684 [pool-519-thread-1] INFO  util.JmxRegister (JmxRegister.java:tryRegister(44)) - Successfully registered JMX Bean with object name Ratis:service=RaftServer,group=group-EC001728B81A,id=56d70f56-ceb9-47f6-9690-e0ced3248985
2019-11-12 23:39:04,684 [pool-529-thread-1] WARN  impl.MetricRegistriesImpl (MetricRegistriesImpl.java:lambda$create$1(61)) - First MetricRegistry has been created without registering reporters. You may need to call MetricRegistries.global().addReportRegistration(...) before.
2019-11-12 23:39:04,684 [pool-519-thread-1] WARN  impl.MetricRegistriesImpl (MetricRegistriesImpl.java:lambda$create$1(61)) - First MetricRegistry has been created without registering reporters. You may need to call MetricRegistries.global().addReportRegistration(...) before.
2019-11-12 23:39:04,686 [RatisPipelineUtilsThread] INFO  pipeline.PipelineStateManager (PipelineStateManager.java:addPipeline(55)) - Created pipeline Pipeline[ Id: a4415209-55a4-4fcc-b8a2-ec001728b81a, Nodes: 56d70f56-ceb9-47f6-9690-e0ced3248985{ip: 192.168.164.236, host: pr-hdds-2375-hvwjp-2869937553, networkLocation: /rack1, certSerialId: null}1f658cad-a8c7-4c86-bbeb-2b40079268d7{ip: 192.168.164.236, host: pr-hdds-2375-hvwjp-2869937553, networkLocation: /rack1, certSerialId: null}98dbddad-cff4-4f87-9188-db1d76df9501{ip: 192.168.164.236, host: pr-hdds-2375-hvwjp-2869937553, networkLocation: /rack1, certSerialId: null}, Type:RATIS, Factor:THREE, State:ALLOCATED]
2019-11-12 23:39:04,752 [IPC Server handler 9 on 40128] INFO  net.NetworkTopology (NetworkTopologyImpl.java:add(111)) - Added a new node: /rack1/568551cc-7cda-4cdf-9ff0-2cea755fc381
2019-11-12 23:39:04,752 [IPC Server handler 9 on 40128] INFO  node.SCMNodeManager (SCMNodeManager.java:register(267)) - Registered Data node : 568551cc-7cda-4cdf-9ff0-2cea755fc381{ip: 192.168.164.236, host: pr-hdds-2375-hvwjp-2869937553, networkLocation: /rack1, certSerialId: null}
2019-11-12 23:39:04,760 [grpc-default-executor-7] INFO  impl.RaftServerProxy (RaftServerProxy.java:addNew(89)) - 7c2b8f83-a523-49c2-afdc-9b713bfd472f: addNew group-94A906CB7B28:[7c2b8f83-a523-49c2-afdc-9b713bfd472f:192.168.164.236:43042] returns group-94A906CB7B28:java.util.concurrent.CompletableFuture@1c6ced64[Not completed]
2019-11-12 23:39:04,761 [pool-539-thread-1] INFO  impl.RaftServerImpl (RaftServerImpl.java:<init>(98)) - 7c2b8f83-a523-49c2-afdc-9b713bfd472f: new RaftServerImpl for group-94A906CB7B28:[7c2b8f83-a523-49c2-afdc-9b713bfd472f:192.168.164.236:43042] with ContainerStateMachine:uninitialized
2019-11-12 23:39:04,761 [pool-539-thread-1] INFO  server.RaftServerConfigKeys (ConfUtils.java:logGet(43)) - raft.server.rpc.timeout.min = 1s (custom)
2019-11-12 23:39:04,761 [pool-539-thread-1] INFO  server.RaftServerConfigKeys (ConfUtils.java:logGet(43)) - raft.server.rpc.timeout.max = 1200ms (custom)
2019-11-12 23:39:04,761 [pool-539-thread-1] INFO  server.RaftServerConfigKeys (ConfUtils.java:logGet(43)) - raft.server.rpcslowness.timeout = 120s (custom)
2019-11-12 23:39:04,761 [pool-539-thread-1] INFO  server.RaftServerConfigKeys (ConfUtils.java:logGet(43)) - raft.server.sleep.deviation.threshold = 300 (default)
2019-11-12 23:39:04,762 [pool-539-thread-1] INFO  server.RaftServerConfigKeys (ConfUtils.java:logGet(43)) - raft.server.log.appender.install.snapshot.enabled = false (custom)
2019-11-12 23:39:04,762 [pool-539-thread-1] INFO  impl.RaftServerImpl (ServerState.java:<init>(103)) - 7c2b8f83-a523-49c2-afdc-9b713bfd472f@group-94A906CB7B28: ConfigurationManager, init=-1: [7c2b8f83-a523-49c2-afdc-9b713bfd472f:192.168.164.236:43042], old=null, confs=<EMPTY_MAP>
2019-11-12 23:39:04,762 [pool-539-thread-1] INFO  server.RaftServerConfigKeys (ConfUtils.java:logGet(43)) - raft.server.storage.dir = [/workdir/hadoop-ozone/integration-test/target/test-dir/MiniOzoneClusterImpl-af41d755-250d-41c0-9b7d-b62086ffbdd4/datanode-3/data/ratis] (custom)
2019-11-12 23:39:04,762 [pool-539-thread-1] INFO  server.RaftServerConfigKeys (ConfUtils.java:logGet(43)) - raft.server.log.corruption.policy = EXCEPTION (default)
2019-11-12 23:39:04,762 [pool-539-thread-1] INFO  storage.RaftStorageDirectory (RaftStorageDirectory.java:analyzeStorage(246)) - The storage directory /workdir/hadoop-ozone/integration-test/target/test-dir/MiniOzoneClusterImpl-af41d755-250d-41c0-9b7d-b62086ffbdd4/datanode-3/data/ratis/6023c11a-288e-478f-88d0-94a906cb7b28 does not exist. Creating ...
2019-11-12 23:39:04,776 [pool-539-thread-1] INFO  storage.RaftStorageDirectory (RaftStorageDirectory.java:tryLock(328)) - Lock on /workdir/hadoop-ozone/integration-test/target/test-dir/MiniOzoneClusterImpl-af41d755-250d-41c0-9b7d-b62086ffbdd4/datanode-3/data/ratis/6023c11a-288e-478f-88d0-94a906cb7b28/in_use.lock acquired by nodename 11492@pr-hdds-2375-hvwjp-2869937553
2019-11-12 23:39:04,789 [pool-539-thread-1] INFO  storage.RaftStorage (RaftStorage.java:format(84)) - Storage directory /workdir/hadoop-ozone/integration-test/target/test-dir/MiniOzoneClusterImpl-af41d755-250d-41c0-9b7d-b62086ffbdd4/datanode-3/data/ratis/6023c11a-288e-478f-88d0-94a906cb7b28 has been successfully formatted.
2019-11-12 23:39:04,789 [pool-539-thread-1] INFO  ratis.ContainerStateMachine (ContainerStateMachine.java:loadSnapshot(223)) - group-94A906CB7B28: The snapshot info is null. Setting the last applied indexto:(t:0, i:~)
2019-11-12 23:39:04,789 [pool-539-thread-1] INFO  server.RaftServerConfigKeys (ConfUtils.java:logGet(43)) - raft.server.notification.no-leader.timeout = 120s (custom)
2019-11-12 23:39:04,789 [pool-539-thread-1] INFO  server.RaftServerConfigKeys (ConfUtils.java:logGet(43)) - raft.server.log.use.memory = false (default)
2019-11-12 23:39:04,789 [pool-539-thread-1] INFO  server.RaftServerConfigKeys (ConfUtils.java:logGet(43)) - raft.server.log.purge.gap = 1000000 (custom)
2019-11-12 23:39:04,790 [pool-539-thread-1] INFO  server.RaftServerConfigKeys (ConfUtils.java:logGet(43)) - raft.server.log.appender.buffer.byte-limit = 33554432 (custom)
2019-11-12 23:39:04,790 [pool-539-thread-1] INFO  server.RaftServerConfigKeys (ConfUtils.java:logGet(43)) - raft.server.log.segment.size.max = 1048576 (custom)
2019-11-12 23:39:04,790 [pool-539-thread-1] WARN  impl.MetricRegistriesImpl (MetricRegistriesImpl.java:lambda$create$1(61)) - First MetricRegistry has been created without registering reporters. You may need to call MetricRegistries.global().addReportRegistration(...) before.
2019-11-12 23:39:04,790 [pool-539-thread-1] INFO  server.RaftServerConfigKeys (ConfUtils.java:logGet(43)) - raft.server.log.segment.cache.num.max = 2 (custom)
2019-11-12 23:39:04,790 [pool-539-thread-1] INFO  segmented.SegmentedRaftLogWorker (SegmentedRaftLogWorker.java:<init>(173)) - new 7c2b8f83-a523-49c2-afdc-9b713bfd472f@group-94A906CB7B28-SegmentedRaftLogWorker for RaftStorage:Storage Directory /workdir/hadoop-ozone/integration-test/target/test-dir/MiniOzoneClusterImpl-af41d755-250d-41c0-9b7d-b62086ffbdd4/datanode-3/data/ratis/6023c11a-288e-478f-88d0-94a906cb7b28
2019-11-12 23:39:04,790 [pool-539-thread-1] INFO  server.RaftServerConfigKeys (ConfUtils.java:logGet(43)) - raft.server.log.queue.byte-limit = 2147483647 (custom)
2019-11-12 23:39:04,790 [pool-539-thread-1] INFO  server.RaftServerConfigKeys (ConfUtils.java:logGet(43)) - raft.server.log.queue.element-limit = 1024 (custom)
2019-11-12 23:39:04,790 [pool-539-thread-1] INFO  server.RaftServerConfigKeys (ConfUtils.java:logGet(43)) - raft.server.log.segment.size.max = 1048576 (custom)
2019-11-12 23:39:04,791 [pool-539-thread-1] INFO  server.RaftServerConfigKeys (ConfUtils.java:logGet(43)) - raft.server.log.preallocated.size = 16384 (custom)
2019-11-12 23:39:04,791 [pool-539-thread-1] INFO  server.RaftServerConfigKeys (ConfUtils.java:logGet(43)) - raft.server.log.write.buffer.size = 33554432 (custom)
2019-11-12 23:39:04,791 [pool-539-thread-1] INFO  server.RaftServerConfigKeys (ConfUtils.java:logGet(43)) - raft.server.log.force.sync.num = 128 (default)
2019-11-12 23:39:04,791 [pool-539-thread-1] INFO  server.RaftServerConfigKeys (ConfUtils.java:logGet(43)) - raft.server.log.statemachine.data.sync = true (default)
2019-11-12 23:39:04,791 [pool-539-thread-1] INFO  server.RaftServerConfigKeys (ConfUtils.java:logGet(43)) - raft.server.log.statemachine.data.sync.timeout = 10s (default)
2019-11-12 23:39:04,791 [pool-539-thread-1] INFO  server.RaftServerConfigKeys (ConfUtils.java:logGet(43)) - raft.server.log.statemachine.data.sync.timeout.retry = -1 (default)
2019-11-12 23:39:04,791 [pool-539-thread-1] INFO  server.RaftServerConfigKeys (ConfUtils.java:logGet(43)) - raft.server.log.statemachine.data.caching.enabled = true (custom)
2019-11-12 23:39:04,791 [pool-539-thread-1] INFO  segmented.SegmentedRaftLogWorker (SegmentedRaftLogWorker.java:lambda$new$0(128)) - 7c2b8f83-a523-49c2-afdc-9b713bfd472f@group-94A906CB7B28-SegmentedRaftLogWorker: flushIndex: setUnconditionally 0 -> -1
2019-11-12 23:39:04,792 [pool-539-thread-1] INFO  server.RaftServerConfigKeys (ConfUtils.java:logGet(43)) - raft.server.snapshot.auto.trigger.enabled = true (custom)
2019-11-12 23:39:04,792 [pool-539-thread-1] INFO  server.RaftServerConfigKeys (ConfUtils.java:logGet(43)) - raft.server.snapshot.auto.trigger.threshold = 10000 (custom)
2019-11-12 23:39:04,792 [pool-539-thread-1] INFO  server.RaftServerConfigKeys (ConfUtils.java:logGet(43)) - raft.server.snapshot.retention.file.num = 5 (custom)
2019-11-12 23:39:04,792 [pool-539-thread-1] INFO  server.RaftServerConfigKeys (ConfUtils.java:logGet(43)) - raft.server.retrycache.expirytime = 600000ms (custom)
2019-11-12 23:39:04,792 [pool-539-thread-1] WARN  impl.MetricRegistriesImpl (MetricRegistriesImpl.java:lambda$create$1(61)) - First MetricRegistry has been created without registering reporters. You may need to call MetricRegistries.global().addReportRegistration(...) before.
2019-11-12 23:39:04,792 [pool-539-thread-1] WARN  impl.MetricRegistriesImpl (MetricRegistriesImpl.java:lambda$create$1(61)) - First MetricRegistry has been created without registering reporters. You may need to call MetricRegistries.global().addReportRegistration(...) before.
2019-11-12 23:39:04,793 [pool-539-thread-1] INFO  impl.RaftServerImpl (RaftServerImpl.java:start(184)) - 7c2b8f83-a523-49c2-afdc-9b713bfd472f@group-94A906CB7B28: start as a follower, conf=-1: [7c2b8f83-a523-49c2-afdc-9b713bfd472f:192.168.164.236:43042], old=null
2019-11-12 23:39:04,793 [pool-539-thread-1] INFO  impl.RaftServerImpl (RaftServerImpl.java:setRole(173)) - 7c2b8f83-a523-49c2-afdc-9b713bfd472f@group-94A906CB7B28: changes role from      null to FOLLOWER at term 0 for startAsFollower
2019-11-12 23:39:04,793 [pool-539-thread-1] INFO  impl.RoleInfo (RoleInfo.java:updateAndGet(143)) - 7c2b8f83-a523-49c2-afdc-9b713bfd472f: start FollowerState
2019-11-12 23:39:04,793 [pool-539-thread-1] INFO  util.JmxRegister (JmxRegister.java:tryRegister(44)) - Successfully registered JMX Bean with object name Ratis:service=RaftServer,group=group-94A906CB7B28,id=7c2b8f83-a523-49c2-afdc-9b713bfd472f
2019-11-12 23:39:04,793 [pool-539-thread-1] WARN  impl.MetricRegistriesImpl (MetricRegistriesImpl.java:lambda$create$1(61)) - First MetricRegistry has been created without registering reporters. You may need to call MetricRegistries.global().addReportRegistration(...) before.
2019-11-12 23:39:04,796 [RatisPipelineUtilsThread] INFO  pipeline.PipelineStateManager (PipelineStateManager.java:addPipeline(55)) - Created pipeline Pipeline[ Id: 6023c11a-288e-478f-88d0-94a906cb7b28, Nodes: 7c2b8f83-a523-49c2-afdc-9b713bfd472f{ip: 192.168.164.236, host: pr-hdds-2375-hvwjp-2869937553, networkLocation: /rack1, certSerialId: null}, Type:RATIS, Factor:ONE, State:ALLOCATED]
2019-11-12 23:39:04,802 [grpc-default-executor-7] INFO  impl.RaftServerProxy (RaftServerProxy.java:addNew(89)) - 568551cc-7cda-4cdf-9ff0-2cea755fc381: addNew group-38B0BED17646:[568551cc-7cda-4cdf-9ff0-2cea755fc381:192.168.164.236:38434] returns group-38B0BED17646:java.util.concurrent.CompletableFuture@157f6b72[Not completed]
2019-11-12 23:39:04,804 [pool-549-thread-1] INFO  impl.RaftServerImpl (RaftServerImpl.java:<init>(98)) - 568551cc-7cda-4cdf-9ff0-2cea755fc381: new RaftServerImpl for group-38B0BED17646:[568551cc-7cda-4cdf-9ff0-2cea755fc381:192.168.164.236:38434] with ContainerStateMachine:uninitialized
2019-11-12 23:39:04,804 [pool-549-thread-1] INFO  server.RaftServerConfigKeys (ConfUtils.java:logGet(43)) - raft.server.rpc.timeout.min = 1s (custom)
2019-11-12 23:39:04,804 [pool-549-thread-1] INFO  server.RaftServerConfigKeys (ConfUtils.java:logGet(43)) - raft.server.rpc.timeout.max = 1200ms (custom)
2019-11-12 23:39:04,804 [pool-549-thread-1] INFO  server.RaftServerConfigKeys (ConfUtils.java:logGet(43)) - raft.server.rpcslowness.timeout = 120s (custom)
2019-11-12 23:39:04,804 [pool-549-thread-1] INFO  server.RaftServerConfigKeys (ConfUtils.java:logGet(43)) - raft.server.sleep.deviation.threshold = 300 (default)
2019-11-12 23:39:04,804 [pool-549-thread-1] INFO  server.RaftServerConfigKeys (ConfUtils.java:logGet(43)) - raft.server.log.appender.install.snapshot.enabled = false (custom)
2019-11-12 23:39:04,804 [pool-549-thread-1] INFO  impl.RaftServerImpl (ServerState.java:<init>(103)) - 568551cc-7cda-4cdf-9ff0-2cea755fc381@group-38B0BED17646: ConfigurationManager, init=-1: [568551cc-7cda-4cdf-9ff0-2cea755fc381:192.168.164.236:38434], old=null, confs=<EMPTY_MAP>
2019-11-12 23:39:04,804 [pool-549-thread-1] INFO  server.RaftServerConfigKeys (ConfUtils.java:logGet(43)) - raft.server.storage.dir = [/workdir/hadoop-ozone/integration-test/target/test-dir/MiniOzoneClusterImpl-af41d755-250d-41c0-9b7d-b62086ffbdd4/datanode-4/data/ratis] (custom)
2019-11-12 23:39:04,805 [pool-549-thread-1] INFO  server.RaftServerConfigKeys (ConfUtils.java:logGet(43)) - raft.server.log.corruption.policy = EXCEPTION (default)
2019-11-12 23:39:04,805 [pool-549-thread-1] INFO  storage.RaftStorageDirectory (RaftStorageDirectory.java:analyzeStorage(246)) - The storage directory /workdir/hadoop-ozone/integration-test/target/test-dir/MiniOzoneClusterImpl-af41d755-250d-41c0-9b7d-b62086ffbdd4/datanode-4/data/ratis/52737557-58d9-4943-94d3-38b0bed17646 does not exist. Creating ...
2019-11-12 23:39:04,818 [pool-549-thread-1] INFO  storage.RaftStorageDirectory (RaftStorageDirectory.java:tryLock(328)) - Lock on /workdir/hadoop-ozone/integration-test/target/test-dir/MiniOzoneClusterImpl-af41d755-250d-41c0-9b7d-b62086ffbdd4/datanode-4/data/ratis/52737557-58d9-4943-94d3-38b0bed17646/in_use.lock acquired by nodename 11492@pr-hdds-2375-hvwjp-2869937553
2019-11-12 23:39:04,823 [pool-549-thread-1] INFO  storage.RaftStorage (RaftStorage.java:format(84)) - Storage directory /workdir/hadoop-ozone/integration-test/target/test-dir/MiniOzoneClusterImpl-af41d755-250d-41c0-9b7d-b62086ffbdd4/datanode-4/data/ratis/52737557-58d9-4943-94d3-38b0bed17646 has been successfully formatted.
2019-11-12 23:39:04,823 [pool-549-thread-1] INFO  ratis.ContainerStateMachine (ContainerStateMachine.java:loadSnapshot(223)) - group-38B0BED17646: The snapshot info is null. Setting the last applied indexto:(t:0, i:~)
2019-11-12 23:39:04,823 [pool-549-thread-1] INFO  server.RaftServerConfigKeys (ConfUtils.java:logGet(43)) - raft.server.notification.no-leader.timeout = 120s (custom)
2019-11-12 23:39:04,823 [pool-549-thread-1] INFO  server.RaftServerConfigKeys (ConfUtils.java:logGet(43)) - raft.server.log.use.memory = false (default)
2019-11-12 23:39:04,823 [pool-549-thread-1] INFO  server.RaftServerConfigKeys (ConfUtils.java:logGet(43)) - raft.server.log.purge.gap = 1000000 (custom)
2019-11-12 23:39:04,824 [pool-549-thread-1] INFO  server.RaftServerConfigKeys (ConfUtils.java:logGet(43)) - raft.server.log.appender.buffer.byte-limit = 33554432 (custom)
2019-11-12 23:39:04,824 [pool-549-thread-1] INFO  server.RaftServerConfigKeys (ConfUtils.java:logGet(43)) - raft.server.log.segment.size.max = 1048576 (custom)
2019-11-12 23:39:04,824 [pool-549-thread-1] WARN  impl.MetricRegistriesImpl (MetricRegistriesImpl.java:lambda$create$1(61)) - First MetricRegistry has been created without registering reporters. You may need to call MetricRegistries.global().addReportRegistration(...) before.
2019-11-12 23:39:04,824 [pool-549-thread-1] INFO  server.RaftServerConfigKeys (ConfUtils.java:logGet(43)) - raft.server.log.segment.cache.num.max = 2 (custom)
2019-11-12 23:39:04,824 [pool-549-thread-1] INFO  segmented.SegmentedRaftLogWorker (SegmentedRaftLogWorker.java:<init>(173)) - new 568551cc-7cda-4cdf-9ff0-2cea755fc381@group-38B0BED17646-SegmentedRaftLogWorker for RaftStorage:Storage Directory /workdir/hadoop-ozone/integration-test/target/test-dir/MiniOzoneClusterImpl-af41d755-250d-41c0-9b7d-b62086ffbdd4/datanode-4/data/ratis/52737557-58d9-4943-94d3-38b0bed17646
2019-11-12 23:39:04,824 [pool-549-thread-1] INFO  server.RaftServerConfigKeys (ConfUtils.java:logGet(43)) - raft.server.log.queue.byte-limit = 2147483647 (custom)
2019-11-12 23:39:04,824 [pool-549-thread-1] INFO  server.RaftServerConfigKeys (ConfUtils.java:logGet(43)) - raft.server.log.queue.element-limit = 1024 (custom)
2019-11-12 23:39:04,824 [pool-549-thread-1] INFO  server.RaftServerConfigKeys (ConfUtils.java:logGet(43)) - raft.server.log.segment.size.max = 1048576 (custom)
2019-11-12 23:39:04,824 [pool-549-thread-1] INFO  server.RaftServerConfigKeys (ConfUtils.java:logGet(43)) - raft.server.log.preallocated.size = 16384 (custom)
2019-11-12 23:39:04,825 [pool-549-thread-1] INFO  server.RaftServerConfigKeys (ConfUtils.java:logGet(43)) - raft.server.log.write.buffer.size = 33554432 (custom)
2019-11-12 23:39:04,825 [pool-549-thread-1] INFO  server.RaftServerConfigKeys (ConfUtils.java:logGet(43)) - raft.server.log.force.sync.num = 128 (default)
2019-11-12 23:39:04,825 [pool-549-thread-1] INFO  server.RaftServerConfigKeys (ConfUtils.java:logGet(43)) - raft.server.log.statemachine.data.sync = true (default)
2019-11-12 23:39:04,825 [pool-549-thread-1] INFO  server.RaftServerConfigKeys (ConfUtils.java:logGet(43)) - raft.server.log.statemachine.data.sync.timeout = 10s (default)
2019-11-12 23:39:04,825 [pool-549-thread-1] INFO  server.RaftServerConfigKeys (ConfUtils.java:logGet(43)) - raft.server.log.statemachine.data.sync.timeout.retry = -1 (default)
2019-11-12 23:39:04,825 [pool-549-thread-1] INFO  server.RaftServerConfigKeys (ConfUtils.java:logGet(43)) - raft.server.log.statemachine.data.caching.enabled = true (custom)
2019-11-12 23:39:04,825 [pool-549-thread-1] INFO  segmented.SegmentedRaftLogWorker (SegmentedRaftLogWorker.java:lambda$new$0(128)) - 568551cc-7cda-4cdf-9ff0-2cea755fc381@group-38B0BED17646-SegmentedRaftLogWorker: flushIndex: setUnconditionally 0 -> -1
2019-11-12 23:39:04,826 [pool-549-thread-1] INFO  server.RaftServerConfigKeys (ConfUtils.java:logGet(43)) - raft.server.snapshot.auto.trigger.enabled = true (custom)
2019-11-12 23:39:04,826 [pool-549-thread-1] INFO  server.RaftServerConfigKeys (ConfUtils.java:logGet(43)) - raft.server.snapshot.auto.trigger.threshold = 10000 (custom)
2019-11-12 23:39:04,826 [pool-549-thread-1] INFO  server.RaftServerConfigKeys (ConfUtils.java:logGet(43)) - raft.server.snapshot.retention.file.num = 5 (custom)
2019-11-12 23:39:04,826 [pool-549-thread-1] INFO  server.RaftServerConfigKeys (ConfUtils.java:logGet(43)) - raft.server.retrycache.expirytime = 600000ms (custom)
2019-11-12 23:39:04,826 [pool-549-thread-1] WARN  impl.MetricRegistriesImpl (MetricRegistriesImpl.java:lambda$create$1(61)) - First MetricRegistry has been created without registering reporters. You may need to call MetricRegistries.global().addReportRegistration(...) before.
2019-11-12 23:39:04,826 [pool-549-thread-1] WARN  impl.MetricRegistriesImpl (MetricRegistriesImpl.java:lambda$create$1(61)) - First MetricRegistry has been created without registering reporters. You may need to call MetricRegistries.global().addReportRegistration(...) before.
2019-11-12 23:39:04,826 [pool-549-thread-1] INFO  impl.RaftServerImpl (RaftServerImpl.java:start(184)) - 568551cc-7cda-4cdf-9ff0-2cea755fc381@group-38B0BED17646: start as a follower, conf=-1: [568551cc-7cda-4cdf-9ff0-2cea755fc381:192.168.164.236:38434], old=null
2019-11-12 23:39:04,827 [pool-549-thread-1] INFO  impl.RaftServerImpl (RaftServerImpl.java:setRole(173)) - 568551cc-7cda-4cdf-9ff0-2cea755fc381@group-38B0BED17646: changes role from      null to FOLLOWER at term 0 for startAsFollower
2019-11-12 23:39:04,827 [pool-549-thread-1] INFO  impl.RoleInfo (RoleInfo.java:updateAndGet(143)) - 568551cc-7cda-4cdf-9ff0-2cea755fc381: start FollowerState
2019-11-12 23:39:04,827 [pool-549-thread-1] INFO  util.JmxRegister (JmxRegister.java:tryRegister(44)) - Successfully registered JMX Bean with object name Ratis:service=RaftServer,group=group-38B0BED17646,id=568551cc-7cda-4cdf-9ff0-2cea755fc381
2019-11-12 23:39:04,827 [IPC Server handler 0 on 40128] INFO  net.NetworkTopology (NetworkTopologyImpl.java:add(111)) - Added a new node: /rack1/e78e490f-dcb2-4ec6-aeec-6e1e9400be8d
2019-11-12 23:39:04,827 [pool-549-thread-1] WARN  impl.MetricRegistriesImpl (MetricRegistriesImpl.java:lambda$create$1(61)) - First MetricRegistry has been created without registering reporters. You may need to call MetricRegistries.global().addReportRegistration(...) before.
2019-11-12 23:39:04,827 [IPC Server handler 0 on 40128] INFO  node.SCMNodeManager (SCMNodeManager.java:register(267)) - Registered Data node : e78e490f-dcb2-4ec6-aeec-6e1e9400be8d{ip: 192.168.164.236, host: pr-hdds-2375-hvwjp-2869937553, networkLocation: /rack1, certSerialId: null}
2019-11-12 23:39:04,830 [RatisPipelineUtilsThread] INFO  pipeline.PipelineStateManager (PipelineStateManager.java:addPipeline(55)) - Created pipeline Pipeline[ Id: 52737557-58d9-4943-94d3-38b0bed17646, Nodes: 568551cc-7cda-4cdf-9ff0-2cea755fc381{ip: 192.168.164.236, host: pr-hdds-2375-hvwjp-2869937553, networkLocation: /rack1, certSerialId: null}, Type:RATIS, Factor:ONE, State:ALLOCATED]
2019-11-12 23:39:04,836 [grpc-default-executor-7] INFO  impl.RaftServerProxy (RaftServerProxy.java:addNew(89)) - e78e490f-dcb2-4ec6-aeec-6e1e9400be8d: addNew group-CCC45F9E3FF2:[e78e490f-dcb2-4ec6-aeec-6e1e9400be8d:192.168.164.236:41531] returns group-CCC45F9E3FF2:java.util.concurrent.CompletableFuture@6494bc7[Not completed]
2019-11-12 23:39:04,838 [pool-559-thread-1] INFO  impl.RaftServerImpl (RaftServerImpl.java:<init>(98)) - e78e490f-dcb2-4ec6-aeec-6e1e9400be8d: new RaftServerImpl for group-CCC45F9E3FF2:[e78e490f-dcb2-4ec6-aeec-6e1e9400be8d:192.168.164.236:41531] with ContainerStateMachine:uninitialized
2019-11-12 23:39:04,838 [pool-559-thread-1] INFO  server.RaftServerConfigKeys (ConfUtils.java:logGet(43)) - raft.server.rpc.timeout.min = 1s (custom)
2019-11-12 23:39:04,838 [pool-559-thread-1] INFO  server.RaftServerConfigKeys (ConfUtils.java:logGet(43)) - raft.server.rpc.timeout.max = 1200ms (custom)
2019-11-12 23:39:04,838 [pool-559-thread-1] INFO  server.RaftServerConfigKeys (ConfUtils.java:logGet(43)) - raft.server.rpcslowness.timeout = 120s (custom)
2019-11-12 23:39:04,838 [pool-559-thread-1] INFO  server.RaftServerConfigKeys (ConfUtils.java:logGet(43)) - raft.server.sleep.deviation.threshold = 300 (default)
2019-11-12 23:39:04,838 [pool-559-thread-1] INFO  server.RaftServerConfigKeys (ConfUtils.java:logGet(43)) - raft.server.log.appender.install.snapshot.enabled = false (custom)
2019-11-12 23:39:04,839 [pool-559-thread-1] INFO  impl.RaftServerImpl (ServerState.java:<init>(103)) - e78e490f-dcb2-4ec6-aeec-6e1e9400be8d@group-CCC45F9E3FF2: ConfigurationManager, init=-1: [e78e490f-dcb2-4ec6-aeec-6e1e9400be8d:192.168.164.236:41531], old=null, confs=<EMPTY_MAP>
2019-11-12 23:39:04,839 [pool-559-thread-1] INFO  server.RaftServerConfigKeys (ConfUtils.java:logGet(43)) - raft.server.storage.dir = [/workdir/hadoop-ozone/integration-test/target/test-dir/MiniOzoneClusterImpl-af41d755-250d-41c0-9b7d-b62086ffbdd4/datanode-5/data/ratis] (custom)
2019-11-12 23:39:04,839 [pool-559-thread-1] INFO  server.RaftServerConfigKeys (ConfUtils.java:logGet(43)) - raft.server.log.corruption.policy = EXCEPTION (default)
2019-11-12 23:39:04,839 [pool-559-thread-1] INFO  storage.RaftStorageDirectory (RaftStorageDirectory.java:analyzeStorage(246)) - The storage directory /workdir/hadoop-ozone/integration-test/target/test-dir/MiniOzoneClusterImpl-af41d755-250d-41c0-9b7d-b62086ffbdd4/datanode-5/data/ratis/eb54cf1d-1337-40cc-80eb-ccc45f9e3ff2 does not exist. Creating ...
2019-11-12 23:39:04,852 [pool-559-thread-1] INFO  storage.RaftStorageDirectory (RaftStorageDirectory.java:tryLock(328)) - Lock on /workdir/hadoop-ozone/integration-test/target/test-dir/MiniOzoneClusterImpl-af41d755-250d-41c0-9b7d-b62086ffbdd4/datanode-5/data/ratis/eb54cf1d-1337-40cc-80eb-ccc45f9e3ff2/in_use.lock acquired by nodename 11492@pr-hdds-2375-hvwjp-2869937553
2019-11-12 23:39:04,865 [pool-559-thread-1] INFO  storage.RaftStorage (RaftStorage.java:format(84)) - Storage directory /workdir/hadoop-ozone/integration-test/target/test-dir/MiniOzoneClusterImpl-af41d755-250d-41c0-9b7d-b62086ffbdd4/datanode-5/data/ratis/eb54cf1d-1337-40cc-80eb-ccc45f9e3ff2 has been successfully formatted.
2019-11-12 23:39:04,865 [pool-559-thread-1] INFO  ratis.ContainerStateMachine (ContainerStateMachine.java:loadSnapshot(223)) - group-CCC45F9E3FF2: The snapshot info is null. Setting the last applied indexto:(t:0, i:~)
2019-11-12 23:39:04,865 [pool-559-thread-1] INFO  server.RaftServerConfigKeys (ConfUtils.java:logGet(43)) - raft.server.notification.no-leader.timeout = 120s (custom)
2019-11-12 23:39:04,865 [pool-559-thread-1] INFO  server.RaftServerConfigKeys (ConfUtils.java:logGet(43)) - raft.server.log.use.memory = false (default)
2019-11-12 23:39:04,865 [pool-559-thread-1] INFO  server.RaftServerConfigKeys (ConfUtils.java:logGet(43)) - raft.server.log.purge.gap = 1000000 (custom)
2019-11-12 23:39:04,866 [pool-559-thread-1] INFO  server.RaftServerConfigKeys (ConfUtils.java:logGet(43)) - raft.server.log.appender.buffer.byte-limit = 33554432 (custom)
2019-11-12 23:39:04,866 [pool-559-thread-1] INFO  server.RaftServerConfigKeys (ConfUtils.java:logGet(43)) - raft.server.log.segment.size.max = 1048576 (custom)
2019-11-12 23:39:04,866 [pool-559-thread-1] WARN  impl.MetricRegistriesImpl (MetricRegistriesImpl.java:lambda$create$1(61)) - First MetricRegistry has been created without registering reporters. You may need to call MetricRegistries.global().addReportRegistration(...) before.
2019-11-12 23:39:04,866 [pool-559-thread-1] INFO  server.RaftServerConfigKeys (ConfUtils.java:logGet(43)) - raft.server.log.segment.cache.num.max = 2 (custom)
2019-11-12 23:39:04,866 [pool-559-thread-1] INFO  segmented.SegmentedRaftLogWorker (SegmentedRaftLogWorker.java:<init>(173)) - new e78e490f-dcb2-4ec6-aeec-6e1e9400be8d@group-CCC45F9E3FF2-SegmentedRaftLogWorker for RaftStorage:Storage Directory /workdir/hadoop-ozone/integration-test/target/test-dir/MiniOzoneClusterImpl-af41d755-250d-41c0-9b7d-b62086ffbdd4/datanode-5/data/ratis/eb54cf1d-1337-40cc-80eb-ccc45f9e3ff2
2019-11-12 23:39:04,866 [pool-559-thread-1] INFO  server.RaftServerConfigKeys (ConfUtils.java:logGet(43)) - raft.server.log.queue.byte-limit = 2147483647 (custom)
2019-11-12 23:39:04,866 [pool-559-thread-1] INFO  server.RaftServerConfigKeys (ConfUtils.java:logGet(43)) - raft.server.log.queue.element-limit = 1024 (custom)
2019-11-12 23:39:04,866 [pool-559-thread-1] INFO  server.RaftServerConfigKeys (ConfUtils.java:logGet(43)) - raft.server.log.segment.size.max = 1048576 (custom)
2019-11-12 23:39:04,867 [pool-559-thread-1] INFO  server.RaftServerConfigKeys (ConfUtils.java:logGet(43)) - raft.server.log.preallocated.size = 16384 (custom)
2019-11-12 23:39:04,867 [pool-559-thread-1] INFO  server.RaftServerConfigKeys (ConfUtils.java:logGet(43)) - raft.server.log.write.buffer.size = 33554432 (custom)
2019-11-12 23:39:04,867 [pool-559-thread-1] INFO  server.RaftServerConfigKeys (ConfUtils.java:logGet(43)) - raft.server.log.force.sync.num = 128 (default)
2019-11-12 23:39:04,867 [pool-559-thread-1] INFO  server.RaftServerConfigKeys (ConfUtils.java:logGet(43)) - raft.server.log.statemachine.data.sync = true (default)
2019-11-12 23:39:04,867 [pool-559-thread-1] INFO  server.RaftServerConfigKeys (ConfUtils.java:logGet(43)) - raft.server.log.statemachine.data.sync.timeout = 10s (default)
2019-11-12 23:39:04,867 [pool-559-thread-1] INFO  server.RaftServerConfigKeys (ConfUtils.java:logGet(43)) - raft.server.log.statemachine.data.sync.timeout.retry = -1 (default)
2019-11-12 23:39:04,867 [pool-559-thread-1] INFO  server.RaftServerConfigKeys (ConfUtils.java:logGet(43)) - raft.server.log.statemachine.data.caching.enabled = true (custom)
2019-11-12 23:39:04,868 [pool-559-thread-1] INFO  segmented.SegmentedRaftLogWorker (SegmentedRaftLogWorker.java:lambda$new$0(128)) - e78e490f-dcb2-4ec6-aeec-6e1e9400be8d@group-CCC45F9E3FF2-SegmentedRaftLogWorker: flushIndex: setUnconditionally 0 -> -1
2019-11-12 23:39:04,868 [pool-559-thread-1] INFO  server.RaftServerConfigKeys (ConfUtils.java:logGet(43)) - raft.server.snapshot.auto.trigger.enabled = true (custom)
2019-11-12 23:39:04,868 [pool-559-thread-1] INFO  server.RaftServerConfigKeys (ConfUtils.java:logGet(43)) - raft.server.snapshot.auto.trigger.threshold = 10000 (custom)
2019-11-12 23:39:04,868 [pool-559-thread-1] INFO  server.RaftServerConfigKeys (ConfUtils.java:logGet(43)) - raft.server.snapshot.retention.file.num = 5 (custom)
2019-11-12 23:39:04,868 [pool-559-thread-1] INFO  server.RaftServerConfigKeys (ConfUtils.java:logGet(43)) - raft.server.retrycache.expirytime = 600000ms (custom)
2019-11-12 23:39:04,868 [pool-559-thread-1] WARN  impl.MetricRegistriesImpl (MetricRegistriesImpl.java:lambda$create$1(61)) - First MetricRegistry has been created without registering reporters. You may need to call MetricRegistries.global().addReportRegistration(...) before.
2019-11-12 23:39:04,868 [pool-559-thread-1] WARN  impl.MetricRegistriesImpl (MetricRegistriesImpl.java:lambda$create$1(61)) - First MetricRegistry has been created without registering reporters. You may need to call MetricRegistries.global().addReportRegistration(...) before.
2019-11-12 23:39:04,869 [pool-559-thread-1] INFO  impl.RaftServerImpl (RaftServerImpl.java:start(184)) - e78e490f-dcb2-4ec6-aeec-6e1e9400be8d@group-CCC45F9E3FF2: start as a follower, conf=-1: [e78e490f-dcb2-4ec6-aeec-6e1e9400be8d:192.168.164.236:41531], old=null
2019-11-12 23:39:04,869 [pool-559-thread-1] INFO  impl.RaftServerImpl (RaftServerImpl.java:setRole(173)) - e78e490f-dcb2-4ec6-aeec-6e1e9400be8d@group-CCC45F9E3FF2: changes role from      null to FOLLOWER at term 0 for startAsFollower
2019-11-12 23:39:04,869 [pool-559-thread-1] INFO  impl.RoleInfo (RoleInfo.java:updateAndGet(143)) - e78e490f-dcb2-4ec6-aeec-6e1e9400be8d: start FollowerState
2019-11-12 23:39:04,869 [pool-559-thread-1] INFO  util.JmxRegister (JmxRegister.java:tryRegister(44)) - Successfully registered JMX Bean with object name Ratis:service=RaftServer,group=group-CCC45F9E3FF2,id=e78e490f-dcb2-4ec6-aeec-6e1e9400be8d
2019-11-12 23:39:04,869 [pool-559-thread-1] WARN  impl.MetricRegistriesImpl (MetricRegistriesImpl.java:lambda$create$1(61)) - First MetricRegistry has been created without registering reporters. You may need to call MetricRegistries.global().addReportRegistration(...) before.
2019-11-12 23:39:04,871 [RatisPipelineUtilsThread] INFO  pipeline.PipelineStateManager (PipelineStateManager.java:addPipeline(55)) - Created pipeline Pipeline[ Id: eb54cf1d-1337-40cc-80eb-ccc45f9e3ff2, Nodes: e78e490f-dcb2-4ec6-aeec-6e1e9400be8d{ip: 192.168.164.236, host: pr-hdds-2375-hvwjp-2869937553, networkLocation: /rack1, certSerialId: null}, Type:RATIS, Factor:ONE, State:ALLOCATED]
2019-11-12 23:39:04,882 [grpc-default-executor-7] INFO  impl.RaftServerProxy (RaftServerProxy.java:addNew(89)) - 568551cc-7cda-4cdf-9ff0-2cea755fc381: addNew group-959D08EB2AC8:[e78e490f-dcb2-4ec6-aeec-6e1e9400be8d:192.168.164.236:41531, 568551cc-7cda-4cdf-9ff0-2cea755fc381:192.168.164.236:38434, 7c2b8f83-a523-49c2-afdc-9b713bfd472f:192.168.164.236:43042] returns group-959D08EB2AC8:java.util.concurrent.CompletableFuture@1b6892e0[Not completed]
2019-11-12 23:39:04,882 [grpc-default-executor-4] INFO  impl.RaftServerProxy (RaftServerProxy.java:addNew(89)) - e78e490f-dcb2-4ec6-aeec-6e1e9400be8d: addNew group-959D08EB2AC8:[e78e490f-dcb2-4ec6-aeec-6e1e9400be8d:192.168.164.236:41531, 568551cc-7cda-4cdf-9ff0-2cea755fc381:192.168.164.236:38434, 7c2b8f83-a523-49c2-afdc-9b713bfd472f:192.168.164.236:43042] returns group-959D08EB2AC8:java.util.concurrent.CompletableFuture@5e4d28e9[Not completed]
2019-11-12 23:39:04,882 [grpc-default-executor-6] INFO  impl.RaftServerProxy (RaftServerProxy.java:addNew(89)) - 7c2b8f83-a523-49c2-afdc-9b713bfd472f: addNew group-959D08EB2AC8:[e78e490f-dcb2-4ec6-aeec-6e1e9400be8d:192.168.164.236:41531, 568551cc-7cda-4cdf-9ff0-2cea755fc381:192.168.164.236:38434, 7c2b8f83-a523-49c2-afdc-9b713bfd472f:192.168.164.236:43042] returns group-959D08EB2AC8:java.util.concurrent.CompletableFuture@4ea7c376[Not completed]
2019-11-12 23:39:04,883 [pool-559-thread-1] INFO  impl.RaftServerImpl (RaftServerImpl.java:<init>(98)) - e78e490f-dcb2-4ec6-aeec-6e1e9400be8d: new RaftServerImpl for group-959D08EB2AC8:[e78e490f-dcb2-4ec6-aeec-6e1e9400be8d:192.168.164.236:41531, 568551cc-7cda-4cdf-9ff0-2cea755fc381:192.168.164.236:38434, 7c2b8f83-a523-49c2-afdc-9b713bfd472f:192.168.164.236:43042] with ContainerStateMachine:uninitialized
2019-11-12 23:39:04,883 [pool-559-thread-1] INFO  server.RaftServerConfigKeys (ConfUtils.java:logGet(43)) - raft.server.rpc.timeout.min = 1s (custom)
2019-11-12 23:39:04,883 [pool-559-thread-1] INFO  server.RaftServerConfigKeys (ConfUtils.java:logGet(43)) - raft.server.rpc.timeout.max = 1200ms (custom)
2019-11-12 23:39:04,884 [pool-559-thread-1] INFO  server.RaftServerConfigKeys (ConfUtils.java:logGet(43)) - raft.server.rpcslowness.timeout = 120s (custom)
2019-11-12 23:39:04,884 [pool-559-thread-1] INFO  server.RaftServerConfigKeys (ConfUtils.java:logGet(43)) - raft.server.sleep.deviation.threshold = 300 (default)
2019-11-12 23:39:04,884 [pool-559-thread-1] INFO  server.RaftServerConfigKeys (ConfUtils.java:logGet(43)) - raft.server.log.appender.install.snapshot.enabled = false (custom)
2019-11-12 23:39:04,884 [pool-559-thread-1] INFO  impl.RaftServerImpl (ServerState.java:<init>(103)) - e78e490f-dcb2-4ec6-aeec-6e1e9400be8d@group-959D08EB2AC8: ConfigurationManager, init=-1: [e78e490f-dcb2-4ec6-aeec-6e1e9400be8d:192.168.164.236:41531, 568551cc-7cda-4cdf-9ff0-2cea755fc381:192.168.164.236:38434, 7c2b8f83-a523-49c2-afdc-9b713bfd472f:192.168.164.236:43042], old=null, confs=<EMPTY_MAP>
2019-11-12 23:39:04,884 [pool-549-thread-1] INFO  impl.RaftServerImpl (RaftServerImpl.java:<init>(98)) - 568551cc-7cda-4cdf-9ff0-2cea755fc381: new RaftServerImpl for group-959D08EB2AC8:[e78e490f-dcb2-4ec6-aeec-6e1e9400be8d:192.168.164.236:41531, 568551cc-7cda-4cdf-9ff0-2cea755fc381:192.168.164.236:38434, 7c2b8f83-a523-49c2-afdc-9b713bfd472f:192.168.164.236:43042] with ContainerStateMachine:uninitialized
2019-11-12 23:39:04,884 [pool-559-thread-1] INFO  server.RaftServerConfigKeys (ConfUtils.java:logGet(43)) - raft.server.storage.dir = [/workdir/hadoop-ozone/integration-test/target/test-dir/MiniOzoneClusterImpl-af41d755-250d-41c0-9b7d-b62086ffbdd4/datanode-5/data/ratis] (custom)
2019-11-12 23:39:04,884 [pool-549-thread-1] INFO  server.RaftServerConfigKeys (ConfUtils.java:logGet(43)) - raft.server.rpc.timeout.min = 1s (custom)
2019-11-12 23:39:04,885 [pool-539-thread-1] INFO  impl.RaftServerImpl (RaftServerImpl.java:<init>(98)) - 7c2b8f83-a523-49c2-afdc-9b713bfd472f: new RaftServerImpl for group-959D08EB2AC8:[e78e490f-dcb2-4ec6-aeec-6e1e9400be8d:192.168.164.236:41531, 568551cc-7cda-4cdf-9ff0-2cea755fc381:192.168.164.236:38434, 7c2b8f83-a523-49c2-afdc-9b713bfd472f:192.168.164.236:43042] with ContainerStateMachine:uninitialized
2019-11-12 23:39:04,885 [pool-549-thread-1] INFO  server.RaftServerConfigKeys (ConfUtils.java:logGet(43)) - raft.server.rpc.timeout.max = 1200ms (custom)
2019-11-12 23:39:04,885 [pool-559-thread-1] INFO  server.RaftServerConfigKeys (ConfUtils.java:logGet(43)) - raft.server.log.corruption.policy = EXCEPTION (default)
2019-11-12 23:39:04,885 [pool-549-thread-1] INFO  server.RaftServerConfigKeys (ConfUtils.java:logGet(43)) - raft.server.rpcslowness.timeout = 120s (custom)
2019-11-12 23:39:04,885 [pool-539-thread-1] INFO  server.RaftServerConfigKeys (ConfUtils.java:logGet(43)) - raft.server.rpc.timeout.min = 1s (custom)
2019-11-12 23:39:04,885 [pool-549-thread-1] INFO  server.RaftServerConfigKeys (ConfUtils.java:logGet(43)) - raft.server.sleep.deviation.threshold = 300 (default)
2019-11-12 23:39:04,885 [pool-559-thread-1] INFO  storage.RaftStorageDirectory (RaftStorageDirectory.java:analyzeStorage(246)) - The storage directory /workdir/hadoop-ozone/integration-test/target/test-dir/MiniOzoneClusterImpl-af41d755-250d-41c0-9b7d-b62086ffbdd4/datanode-5/data/ratis/cbb9cda9-9b85-4e84-95a9-959d08eb2ac8 does not exist. Creating ...
2019-11-12 23:39:04,885 [pool-549-thread-1] INFO  server.RaftServerConfigKeys (ConfUtils.java:logGet(43)) - raft.server.log.appender.install.snapshot.enabled = false (custom)
2019-11-12 23:39:04,885 [pool-539-thread-1] INFO  server.RaftServerConfigKeys (ConfUtils.java:logGet(43)) - raft.server.rpc.timeout.max = 1200ms (custom)
2019-11-12 23:39:04,886 [pool-549-thread-1] INFO  impl.RaftServerImpl (ServerState.java:<init>(103)) - 568551cc-7cda-4cdf-9ff0-2cea755fc381@group-959D08EB2AC8: ConfigurationManager, init=-1: [e78e490f-dcb2-4ec6-aeec-6e1e9400be8d:192.168.164.236:41531, 568551cc-7cda-4cdf-9ff0-2cea755fc381:192.168.164.236:38434, 7c2b8f83-a523-49c2-afdc-9b713bfd472f:192.168.164.236:43042], old=null, confs=<EMPTY_MAP>
2019-11-12 23:39:04,886 [pool-539-thread-1] INFO  server.RaftServerConfigKeys (ConfUtils.java:logGet(43)) - raft.server.rpcslowness.timeout = 120s (custom)
2019-11-12 23:39:04,886 [pool-539-thread-1] INFO  server.RaftServerConfigKeys (ConfUtils.java:logGet(43)) - raft.server.sleep.deviation.threshold = 300 (default)
2019-11-12 23:39:04,886 [pool-539-thread-1] INFO  server.RaftServerConfigKeys (ConfUtils.java:logGet(43)) - raft.server.log.appender.install.snapshot.enabled = false (custom)
2019-11-12 23:39:04,886 [pool-549-thread-1] INFO  server.RaftServerConfigKeys (ConfUtils.java:logGet(43)) - raft.server.storage.dir = [/workdir/hadoop-ozone/integration-test/target/test-dir/MiniOzoneClusterImpl-af41d755-250d-41c0-9b7d-b62086ffbdd4/datanode-4/data/ratis] (custom)
2019-11-12 23:39:04,886 [pool-539-thread-1] INFO  impl.RaftServerImpl (ServerState.java:<init>(103)) - 7c2b8f83-a523-49c2-afdc-9b713bfd472f@group-959D08EB2AC8: ConfigurationManager, init=-1: [e78e490f-dcb2-4ec6-aeec-6e1e9400be8d:192.168.164.236:41531, 568551cc-7cda-4cdf-9ff0-2cea755fc381:192.168.164.236:38434, 7c2b8f83-a523-49c2-afdc-9b713bfd472f:192.168.164.236:43042], old=null, confs=<EMPTY_MAP>
2019-11-12 23:39:04,886 [pool-539-thread-1] INFO  server.RaftServerConfigKeys (ConfUtils.java:logGet(43)) - raft.server.storage.dir = [/workdir/hadoop-ozone/integration-test/target/test-dir/MiniOzoneClusterImpl-af41d755-250d-41c0-9b7d-b62086ffbdd4/datanode-3/data/ratis] (custom)
2019-11-12 23:39:04,887 [pool-549-thread-1] INFO  server.RaftServerConfigKeys (ConfUtils.java:logGet(43)) - raft.server.log.corruption.policy = EXCEPTION (default)
2019-11-12 23:39:04,887 [pool-539-thread-1] INFO  server.RaftServerConfigKeys (ConfUtils.java:logGet(43)) - raft.server.log.corruption.policy = EXCEPTION (default)
2019-11-12 23:39:04,887 [pool-549-thread-1] INFO  storage.RaftStorageDirectory (RaftStorageDirectory.java:analyzeStorage(246)) - The storage directory /workdir/hadoop-ozone/integration-test/target/test-dir/MiniOzoneClusterImpl-af41d755-250d-41c0-9b7d-b62086ffbdd4/datanode-4/data/ratis/cbb9cda9-9b85-4e84-95a9-959d08eb2ac8 does not exist. Creating ...
2019-11-12 23:39:04,887 [pool-539-thread-1] INFO  storage.RaftStorageDirectory (RaftStorageDirectory.java:analyzeStorage(246)) - The storage directory /workdir/hadoop-ozone/integration-test/target/test-dir/MiniOzoneClusterImpl-af41d755-250d-41c0-9b7d-b62086ffbdd4/datanode-3/data/ratis/cbb9cda9-9b85-4e84-95a9-959d08eb2ac8 does not exist. Creating ...
2019-11-12 23:39:04,897 [IPC Server handler 4 on 40128] INFO  net.NetworkTopology (NetworkTopologyImpl.java:add(111)) - Added a new node: /rack1/0cfa4e5a-af9b-49e5-b2c2-1a2dc6cf0616
2019-11-12 23:39:04,897 [IPC Server handler 4 on 40128] INFO  node.SCMNodeManager (SCMNodeManager.java:register(267)) - Registered Data node : 0cfa4e5a-af9b-49e5-b2c2-1a2dc6cf0616{ip: 192.168.164.236, host: pr-hdds-2375-hvwjp-2869937553, networkLocation: /rack1, certSerialId: null}
2019-11-12 23:39:04,899 [pool-539-thread-1] INFO  storage.RaftStorageDirectory (RaftStorageDirectory.java:tryLock(328)) - Lock on /workdir/hadoop-ozone/integration-test/target/test-dir/MiniOzoneClusterImpl-af41d755-250d-41c0-9b7d-b62086ffbdd4/datanode-3/data/ratis/cbb9cda9-9b85-4e84-95a9-959d08eb2ac8/in_use.lock acquired by nodename 11492@pr-hdds-2375-hvwjp-2869937553
2019-11-12 23:39:04,899 [pool-559-thread-1] INFO  storage.RaftStorageDirectory (RaftStorageDirectory.java:tryLock(328)) - Lock on /workdir/hadoop-ozone/integration-test/target/test-dir/MiniOzoneClusterImpl-af41d755-250d-41c0-9b7d-b62086ffbdd4/datanode-5/data/ratis/cbb9cda9-9b85-4e84-95a9-959d08eb2ac8/in_use.lock acquired by nodename 11492@pr-hdds-2375-hvwjp-2869937553
2019-11-12 23:39:04,899 [pool-549-thread-1] INFO  storage.RaftStorageDirectory (RaftStorageDirectory.java:tryLock(328)) - Lock on /workdir/hadoop-ozone/integration-test/target/test-dir/MiniOzoneClusterImpl-af41d755-250d-41c0-9b7d-b62086ffbdd4/datanode-4/data/ratis/cbb9cda9-9b85-4e84-95a9-959d08eb2ac8/in_use.lock acquired by nodename 11492@pr-hdds-2375-hvwjp-2869937553
2019-11-12 23:39:04,913 [pool-549-thread-1] INFO  storage.RaftStorage (RaftStorage.java:format(84)) - Storage directory /workdir/hadoop-ozone/integration-test/target/test-dir/MiniOzoneClusterImpl-af41d755-250d-41c0-9b7d-b62086ffbdd4/datanode-4/data/ratis/cbb9cda9-9b85-4e84-95a9-959d08eb2ac8 has been successfully formatted.
2019-11-12 23:39:04,913 [pool-539-thread-1] INFO  storage.RaftStorage (RaftStorage.java:format(84)) - Storage directory /workdir/hadoop-ozone/integration-test/target/test-dir/MiniOzoneClusterImpl-af41d755-250d-41c0-9b7d-b62086ffbdd4/datanode-3/data/ratis/cbb9cda9-9b85-4e84-95a9-959d08eb2ac8 has been successfully formatted.
2019-11-12 23:39:04,913 [pool-559-thread-1] INFO  storage.RaftStorage (RaftStorage.java:format(84)) - Storage directory /workdir/hadoop-ozone/integration-test/target/test-dir/MiniOzoneClusterImpl-af41d755-250d-41c0-9b7d-b62086ffbdd4/datanode-5/data/ratis/cbb9cda9-9b85-4e84-95a9-959d08eb2ac8 has been successfully formatted.
2019-11-12 23:39:04,913 [pool-539-thread-1] INFO  ratis.ContainerStateMachine (ContainerStateMachine.java:loadSnapshot(223)) - group-959D08EB2AC8: The snapshot info is null. Setting the last applied indexto:(t:0, i:~)
2019-11-12 23:39:04,913 [pool-559-thread-1] INFO  ratis.ContainerStateMachine (ContainerStateMachine.java:loadSnapshot(223)) - group-959D08EB2AC8: The snapshot info is null. Setting the last applied indexto:(t:0, i:~)
2019-11-12 23:39:04,913 [pool-549-thread-1] INFO  ratis.ContainerStateMachine (ContainerStateMachine.java:loadSnapshot(223)) - group-959D08EB2AC8: The snapshot info is null. Setting the last applied indexto:(t:0, i:~)
2019-11-12 23:39:04,914 [pool-559-thread-1] INFO  server.RaftServerConfigKeys (ConfUtils.java:logGet(43)) - raft.server.notification.no-leader.timeout = 120s (custom)
2019-11-12 23:39:04,914 [pool-539-thread-1] INFO  server.RaftServerConfigKeys (ConfUtils.java:logGet(43)) - raft.server.notification.no-leader.timeout = 120s (custom)
2019-11-12 23:39:04,914 [pool-559-thread-1] INFO  server.RaftServerConfigKeys (ConfUtils.java:logGet(43)) - raft.server.log.use.memory = false (default)
2019-11-12 23:39:04,914 [pool-549-thread-1] INFO  server.RaftServerConfigKeys (ConfUtils.java:logGet(43)) - raft.server.notification.no-leader.timeout = 120s (custom)
2019-11-12 23:39:04,914 [pool-559-thread-1] INFO  server.RaftServerConfigKeys (ConfUtils.java:logGet(43)) - raft.server.log.purge.gap = 1000000 (custom)
2019-11-12 23:39:04,914 [pool-539-thread-1] INFO  server.RaftServerConfigKeys (ConfUtils.java:logGet(43)) - raft.server.log.use.memory = false (default)
2019-11-12 23:39:04,914 [pool-559-thread-1] INFO  server.RaftServerConfigKeys (ConfUtils.java:logGet(43)) - raft.server.log.appender.buffer.byte-limit = 33554432 (custom)
2019-11-12 23:39:04,915 [pool-559-thread-1] INFO  server.RaftServerConfigKeys (ConfUtils.java:logGet(43)) - raft.server.log.segment.size.max = 1048576 (custom)
2019-11-12 23:39:04,914 [pool-549-thread-1] INFO  server.RaftServerConfigKeys (ConfUtils.java:logGet(43)) - raft.server.log.use.memory = false (default)
2019-11-12 23:39:04,915 [pool-559-thread-1] INFO  server.RaftServerConfigKeys (ConfUtils.java:logGet(43)) - raft.server.log.segment.cache.num.max = 2 (custom)
2019-11-12 23:39:04,914 [pool-539-thread-1] INFO  server.RaftServerConfigKeys (ConfUtils.java:logGet(43)) - raft.server.log.purge.gap = 1000000 (custom)
2019-11-12 23:39:04,915 [pool-559-thread-1] INFO  segmented.SegmentedRaftLogWorker (SegmentedRaftLogWorker.java:<init>(173)) - new e78e490f-dcb2-4ec6-aeec-6e1e9400be8d@group-959D08EB2AC8-SegmentedRaftLogWorker for RaftStorage:Storage Directory /workdir/hadoop-ozone/integration-test/target/test-dir/MiniOzoneClusterImpl-af41d755-250d-41c0-9b7d-b62086ffbdd4/datanode-5/data/ratis/cbb9cda9-9b85-4e84-95a9-959d08eb2ac8
2019-11-12 23:39:04,915 [pool-549-thread-1] INFO  server.RaftServerConfigKeys (ConfUtils.java:logGet(43)) - raft.server.log.purge.gap = 1000000 (custom)
2019-11-12 23:39:04,915 [pool-559-thread-1] INFO  server.RaftServerConfigKeys (ConfUtils.java:logGet(43)) - raft.server.log.queue.byte-limit = 2147483647 (custom)
2019-11-12 23:39:04,915 [pool-539-thread-1] INFO  server.RaftServerConfigKeys (ConfUtils.java:logGet(43)) - raft.server.log.appender.buffer.byte-limit = 33554432 (custom)
2019-11-12 23:39:04,915 [pool-559-thread-1] INFO  server.RaftServerConfigKeys (ConfUtils.java:logGet(43)) - raft.server.log.queue.element-limit = 1024 (custom)
2019-11-12 23:39:04,915 [pool-549-thread-1] INFO  server.RaftServerConfigKeys (ConfUtils.java:logGet(43)) - raft.server.log.appender.buffer.byte-limit = 33554432 (custom)
2019-11-12 23:39:04,916 [pool-559-thread-1] INFO  server.RaftServerConfigKeys (ConfUtils.java:logGet(43)) - raft.server.log.segment.size.max = 1048576 (custom)
2019-11-12 23:39:04,916 [pool-559-thread-1] INFO  server.RaftServerConfigKeys (ConfUtils.java:logGet(43)) - raft.server.log.preallocated.size = 16384 (custom)
2019-11-12 23:39:04,915 [pool-539-thread-1] INFO  server.RaftServerConfigKeys (ConfUtils.java:logGet(43)) - raft.server.log.segment.size.max = 1048576 (custom)
2019-11-12 23:39:04,916 [pool-559-thread-1] INFO  server.RaftServerConfigKeys (ConfUtils.java:logGet(43)) - raft.server.log.write.buffer.size = 33554432 (custom)
2019-11-12 23:39:04,916 [pool-549-thread-1] INFO  server.RaftServerConfigKeys (ConfUtils.java:logGet(43)) - raft.server.log.segment.size.max = 1048576 (custom)
2019-11-12 23:39:04,916 [pool-559-thread-1] INFO  server.RaftServerConfigKeys (ConfUtils.java:logGet(43)) - raft.server.log.force.sync.num = 128 (default)
2019-11-12 23:39:04,916 [pool-539-thread-1] INFO  server.RaftServerConfigKeys (ConfUtils.java:logGet(43)) - raft.server.log.segment.cache.num.max = 2 (custom)
2019-11-12 23:39:04,916 [pool-559-thread-1] INFO  server.RaftServerConfigKeys (ConfUtils.java:logGet(43)) - raft.server.log.statemachine.data.sync = true (default)
2019-11-12 23:39:04,916 [pool-549-thread-1] INFO  server.RaftServerConfigKeys (ConfUtils.java:logGet(43)) - raft.server.log.segment.cache.num.max = 2 (custom)
2019-11-12 23:39:04,917 [pool-559-thread-1] INFO  server.RaftServerConfigKeys (ConfUtils.java:logGet(43)) - raft.server.log.statemachine.data.sync.timeout = 10s (default)
2019-11-12 23:39:04,917 [pool-559-thread-1] INFO  server.RaftServerConfigKeys (ConfUtils.java:logGet(43)) - raft.server.log.statemachine.data.sync.timeout.retry = -1 (default)
2019-11-12 23:39:04,917 [pool-539-thread-1] INFO  segmented.SegmentedRaftLogWorker (SegmentedRaftLogWorker.java:<init>(173)) - new 7c2b8f83-a523-49c2-afdc-9b713bfd472f@group-959D08EB2AC8-SegmentedRaftLogWorker for RaftStorage:Storage Directory /workdir/hadoop-ozone/integration-test/target/test-dir/MiniOzoneClusterImpl-af41d755-250d-41c0-9b7d-b62086ffbdd4/datanode-3/data/ratis/cbb9cda9-9b85-4e84-95a9-959d08eb2ac8
2019-11-12 23:39:04,917 [pool-559-thread-1] INFO  server.RaftServerConfigKeys (ConfUtils.java:logGet(43)) - raft.server.log.statemachine.data.caching.enabled = true (custom)
2019-11-12 23:39:04,917 [pool-549-thread-1] INFO  segmented.SegmentedRaftLogWorker (SegmentedRaftLogWorker.java:<init>(173)) - new 568551cc-7cda-4cdf-9ff0-2cea755fc381@group-959D08EB2AC8-SegmentedRaftLogWorker for RaftStorage:Storage Directory /workdir/hadoop-ozone/integration-test/target/test-dir/MiniOzoneClusterImpl-af41d755-250d-41c0-9b7d-b62086ffbdd4/datanode-4/data/ratis/cbb9cda9-9b85-4e84-95a9-959d08eb2ac8
2019-11-12 23:39:04,917 [pool-539-thread-1] INFO  server.RaftServerConfigKeys (ConfUtils.java:logGet(43)) - raft.server.log.queue.byte-limit = 2147483647 (custom)
2019-11-12 23:39:04,917 [pool-559-thread-1] INFO  segmented.SegmentedRaftLogWorker (SegmentedRaftLogWorker.java:lambda$new$0(128)) - e78e490f-dcb2-4ec6-aeec-6e1e9400be8d@group-959D08EB2AC8-SegmentedRaftLogWorker: flushIndex: setUnconditionally 0 -> -1
2019-11-12 23:39:04,917 [pool-549-thread-1] INFO  server.RaftServerConfigKeys (ConfUtils.java:logGet(43)) - raft.server.log.queue.byte-limit = 2147483647 (custom)
2019-11-12 23:39:04,917 [pool-539-thread-1] INFO  server.RaftServerConfigKeys (ConfUtils.java:logGet(43)) - raft.server.log.queue.element-limit = 1024 (custom)
2019-11-12 23:39:04,918 [pool-559-thread-1] INFO  server.RaftServerConfigKeys (ConfUtils.java:logGet(43)) - raft.server.snapshot.auto.trigger.enabled = true (custom)
2019-11-12 23:39:04,918 [pool-549-thread-1] INFO  server.RaftServerConfigKeys (ConfUtils.java:logGet(43)) - raft.server.log.queue.element-limit = 1024 (custom)
2019-11-12 23:39:04,918 [pool-559-thread-1] INFO  server.RaftServerConfigKeys (ConfUtils.java:logGet(43)) - raft.server.snapshot.auto.trigger.threshold = 10000 (custom)
2019-11-12 23:39:04,918 [pool-539-thread-1] INFO  server.RaftServerConfigKeys (ConfUtils.java:logGet(43)) - raft.server.log.segment.size.max = 1048576 (custom)
2019-11-12 23:39:04,918 [pool-559-thread-1] INFO  server.RaftServerConfigKeys (ConfUtils.java:logGet(43)) - raft.server.snapshot.retention.file.num = 5 (custom)
2019-11-12 23:39:04,918 [pool-549-thread-1] INFO  server.RaftServerConfigKeys (ConfUtils.java:logGet(43)) - raft.server.log.segment.size.max = 1048576 (custom)
2019-11-12 23:39:04,918 [pool-559-thread-1] INFO  server.RaftServerConfigKeys (ConfUtils.java:logGet(43)) - raft.server.retrycache.expirytime = 600000ms (custom)
2019-11-12 23:39:04,918 [pool-539-thread-1] INFO  server.RaftServerConfigKeys (ConfUtils.java:logGet(43)) - raft.server.log.preallocated.size = 16384 (custom)
2019-11-12 23:39:04,919 [pool-559-thread-1] WARN  impl.MetricRegistriesImpl (MetricRegistriesImpl.java:lambda$create$1(61)) - First MetricRegistry has been created without registering reporters. You may need to call MetricRegistries.global().addReportRegistration(...) before.
2019-11-12 23:39:04,919 [pool-559-thread-1] WARN  impl.MetricRegistriesImpl (MetricRegistriesImpl.java:lambda$create$1(61)) - First MetricRegistry has been created without registering reporters. You may need to call MetricRegistries.global().addReportRegistration(...) before.
2019-11-12 23:39:04,918 [pool-549-thread-1] INFO  server.RaftServerConfigKeys (ConfUtils.java:logGet(43)) - raft.server.log.preallocated.size = 16384 (custom)
2019-11-12 23:39:04,919 [pool-559-thread-1] INFO  impl.RaftServerImpl (RaftServerImpl.java:start(184)) - e78e490f-dcb2-4ec6-aeec-6e1e9400be8d@group-959D08EB2AC8: start as a follower, conf=-1: [e78e490f-dcb2-4ec6-aeec-6e1e9400be8d:192.168.164.236:41531, 568551cc-7cda-4cdf-9ff0-2cea755fc381:192.168.164.236:38434, 7c2b8f83-a523-49c2-afdc-9b713bfd472f:192.168.164.236:43042], old=null
2019-11-12 23:39:04,919 [pool-559-thread-1] INFO  impl.RaftServerImpl (RaftServerImpl.java:setRole(173)) - e78e490f-dcb2-4ec6-aeec-6e1e9400be8d@group-959D08EB2AC8: changes role from      null to FOLLOWER at term 0 for startAsFollower
2019-11-12 23:39:04,919 [pool-539-thread-1] INFO  server.RaftServerConfigKeys (ConfUtils.java:logGet(43)) - raft.server.log.write.buffer.size = 33554432 (custom)
2019-11-12 23:39:04,919 [pool-559-thread-1] INFO  impl.RoleInfo (RoleInfo.java:updateAndGet(143)) - e78e490f-dcb2-4ec6-aeec-6e1e9400be8d: start FollowerState
2019-11-12 23:39:04,919 [pool-549-thread-1] INFO  server.RaftServerConfigKeys (ConfUtils.java:logGet(43)) - raft.server.log.write.buffer.size = 33554432 (custom)
2019-11-12 23:39:04,919 [pool-539-thread-1] INFO  server.RaftServerConfigKeys (ConfUtils.java:logGet(43)) - raft.server.log.force.sync.num = 128 (default)
2019-11-12 23:39:04,920 [pool-549-thread-1] INFO  server.RaftServerConfigKeys (ConfUtils.java:logGet(43)) - raft.server.log.force.sync.num = 128 (default)
2019-11-12 23:39:04,920 [pool-559-thread-1] INFO  util.JmxRegister (JmxRegister.java:tryRegister(44)) - Successfully registered JMX Bean with object name Ratis:service=RaftServer,group=group-959D08EB2AC8,id=e78e490f-dcb2-4ec6-aeec-6e1e9400be8d
2019-11-12 23:39:04,920 [pool-539-thread-1] INFO  server.RaftServerConfigKeys (ConfUtils.java:logGet(43)) - raft.server.log.statemachine.data.sync = true (default)
2019-11-12 23:39:04,920 [pool-559-thread-1] WARN  impl.MetricRegistriesImpl (MetricRegistriesImpl.java:lambda$create$1(61)) - First MetricRegistry has been created without registering reporters. You may need to call MetricRegistries.global().addReportRegistration(...) before.
2019-11-12 23:39:04,920 [pool-549-thread-1] INFO  server.RaftServerConfigKeys (ConfUtils.java:logGet(43)) - raft.server.log.statemachine.data.sync = true (default)
2019-11-12 23:39:04,920 [pool-539-thread-1] INFO  server.RaftServerConfigKeys (ConfUtils.java:logGet(43)) - raft.server.log.statemachine.data.sync.timeout = 10s (default)
2019-11-12 23:39:04,920 [pool-549-thread-1] INFO  server.RaftServerConfigKeys (ConfUtils.java:logGet(43)) - raft.server.log.statemachine.data.sync.timeout = 10s (default)
2019-11-12 23:39:04,921 [pool-539-thread-1] INFO  server.RaftServerConfigKeys (ConfUtils.java:logGet(43)) - raft.server.log.statemachine.data.sync.timeout.retry = -1 (default)
2019-11-12 23:39:04,921 [pool-549-thread-1] INFO  server.RaftServerConfigKeys (ConfUtils.java:logGet(43)) - raft.server.log.statemachine.data.sync.timeout.retry = -1 (default)
2019-11-12 23:39:04,921 [pool-539-thread-1] INFO  server.RaftServerConfigKeys (ConfUtils.java:logGet(43)) - raft.server.log.statemachine.data.caching.enabled = true (custom)
2019-11-12 23:39:04,921 [pool-549-thread-1] INFO  server.RaftServerConfigKeys (ConfUtils.java:logGet(43)) - raft.server.log.statemachine.data.caching.enabled = true (custom)
2019-11-12 23:39:04,921 [pool-539-thread-1] INFO  segmented.SegmentedRaftLogWorker (SegmentedRaftLogWorker.java:lambda$new$0(128)) - 7c2b8f83-a523-49c2-afdc-9b713bfd472f@group-959D08EB2AC8-SegmentedRaftLogWorker: flushIndex: setUnconditionally 0 -> -1
2019-11-12 23:39:04,921 [pool-549-thread-1] INFO  segmented.SegmentedRaftLogWorker (SegmentedRaftLogWorker.java:lambda$new$0(128)) - 568551cc-7cda-4cdf-9ff0-2cea755fc381@group-959D08EB2AC8-SegmentedRaftLogWorker: flushIndex: setUnconditionally 0 -> -1
2019-11-12 23:39:04,921 [pool-539-thread-1] INFO  server.RaftServerConfigKeys (ConfUtils.java:logGet(43)) - raft.server.snapshot.auto.trigger.enabled = true (custom)
2019-11-12 23:39:04,922 [pool-549-thread-1] INFO  server.RaftServerConfigKeys (ConfUtils.java:logGet(43)) - raft.server.snapshot.auto.trigger.enabled = true (custom)
2019-11-12 23:39:04,922 [pool-539-thread-1] INFO  server.RaftServerConfigKeys (ConfUtils.java:logGet(43)) - raft.server.snapshot.auto.trigger.threshold = 10000 (custom)
2019-11-12 23:39:04,922 [pool-549-thread-1] INFO  server.RaftServerConfigKeys (ConfUtils.java:logGet(43)) - raft.server.snapshot.auto.trigger.threshold = 10000 (custom)
2019-11-12 23:39:04,922 [pool-539-thread-1] INFO  server.RaftServerConfigKeys (ConfUtils.java:logGet(43)) - raft.server.snapshot.retention.file.num = 5 (custom)
2019-11-12 23:39:04,922 [pool-549-thread-1] INFO  server.RaftServerConfigKeys (ConfUtils.java:logGet(43)) - raft.server.snapshot.retention.file.num = 5 (custom)
2019-11-12 23:39:04,922 [pool-539-thread-1] INFO  server.RaftServerConfigKeys (ConfUtils.java:logGet(43)) - raft.server.retrycache.expirytime = 600000ms (custom)
2019-11-12 23:39:04,922 [pool-549-thread-1] INFO  server.RaftServerConfigKeys (ConfUtils.java:logGet(43)) - raft.server.retrycache.expirytime = 600000ms (custom)
2019-11-12 23:39:04,922 [pool-539-thread-1] WARN  impl.MetricRegistriesImpl (MetricRegistriesImpl.java:lambda$create$1(61)) - First MetricRegistry has been created without registering reporters. You may need to call MetricRegistries.global().addReportRegistration(...) before.
2019-11-12 23:39:04,922 [pool-549-thread-1] WARN  impl.MetricRegistriesImpl (MetricRegistriesImpl.java:lambda$create$1(61)) - First MetricRegistry has been created without registering reporters. You may need to call MetricRegistries.global().addReportRegistration(...) before.
2019-11-12 23:39:04,922 [pool-539-thread-1] WARN  impl.MetricRegistriesImpl (MetricRegistriesImpl.java:lambda$create$1(61)) - First MetricRegistry has been created without registering reporters. You may need to call MetricRegistries.global().addReportRegistration(...) before.
2019-11-12 23:39:04,923 [pool-549-thread-1] WARN  impl.MetricRegistriesImpl (MetricRegistriesImpl.java:lambda$create$1(61)) - First MetricRegistry has been created without registering reporters. You may need to call MetricRegistries.global().addReportRegistration(...) before.
2019-11-12 23:39:04,923 [pool-539-thread-1] INFO  impl.RaftServerImpl (RaftServerImpl.java:start(184)) - 7c2b8f83-a523-49c2-afdc-9b713bfd472f@group-959D08EB2AC8: start as a follower, conf=-1: [e78e490f-dcb2-4ec6-aeec-6e1e9400be8d:192.168.164.236:41531, 568551cc-7cda-4cdf-9ff0-2cea755fc381:192.168.164.236:38434, 7c2b8f83-a523-49c2-afdc-9b713bfd472f:192.168.164.236:43042], old=null
2019-11-12 23:39:04,923 [pool-549-thread-1] INFO  impl.RaftServerImpl (RaftServerImpl.java:start(184)) - 568551cc-7cda-4cdf-9ff0-2cea755fc381@group-959D08EB2AC8: start as a follower, conf=-1: [e78e490f-dcb2-4ec6-aeec-6e1e9400be8d:192.168.164.236:41531, 568551cc-7cda-4cdf-9ff0-2cea755fc381:192.168.164.236:38434, 7c2b8f83-a523-49c2-afdc-9b713bfd472f:192.168.164.236:43042], old=null
2019-11-12 23:39:04,923 [pool-539-thread-1] INFO  impl.RaftServerImpl (RaftServerImpl.java:setRole(173)) - 7c2b8f83-a523-49c2-afdc-9b713bfd472f@group-959D08EB2AC8: changes role from      null to FOLLOWER at term 0 for startAsFollower
2019-11-12 23:39:04,923 [pool-549-thread-1] INFO  impl.RaftServerImpl (RaftServerImpl.java:setRole(173)) - 568551cc-7cda-4cdf-9ff0-2cea755fc381@group-959D08EB2AC8: changes role from      null to FOLLOWER at term 0 for startAsFollower
2019-11-12 23:39:04,923 [pool-539-thread-1] INFO  impl.RoleInfo (RoleInfo.java:updateAndGet(143)) - 7c2b8f83-a523-49c2-afdc-9b713bfd472f: start FollowerState
2019-11-12 23:39:04,923 [pool-549-thread-1] INFO  impl.RoleInfo (RoleInfo.java:updateAndGet(143)) - 568551cc-7cda-4cdf-9ff0-2cea755fc381: start FollowerState
2019-11-12 23:39:04,923 [pool-539-thread-1] INFO  util.JmxRegister (JmxRegister.java:tryRegister(44)) - Successfully registered JMX Bean with object name Ratis:service=RaftServer,group=group-959D08EB2AC8,id=7c2b8f83-a523-49c2-afdc-9b713bfd472f
2019-11-12 23:39:04,924 [pool-539-thread-1] WARN  impl.MetricRegistriesImpl (MetricRegistriesImpl.java:lambda$create$1(61)) - First MetricRegistry has been created without registering reporters. You may need to call MetricRegistries.global().addReportRegistration(...) before.
2019-11-12 23:39:04,924 [pool-549-thread-1] INFO  util.JmxRegister (JmxRegister.java:tryRegister(44)) - Successfully registered JMX Bean with object name Ratis:service=RaftServer,group=group-959D08EB2AC8,id=568551cc-7cda-4cdf-9ff0-2cea755fc381
2019-11-12 23:39:04,924 [pool-549-thread-1] WARN  impl.MetricRegistriesImpl (MetricRegistriesImpl.java:lambda$create$1(61)) - First MetricRegistry has been created without registering reporters. You may need to call MetricRegistries.global().addReportRegistration(...) before.
2019-11-12 23:39:04,926 [RatisPipelineUtilsThread] INFO  pipeline.PipelineStateManager (PipelineStateManager.java:addPipeline(55)) - Created pipeline Pipeline[ Id: cbb9cda9-9b85-4e84-95a9-959d08eb2ac8, Nodes: 7c2b8f83-a523-49c2-afdc-9b713bfd472f{ip: 192.168.164.236, host: pr-hdds-2375-hvwjp-2869937553, networkLocation: /rack1, certSerialId: null}568551cc-7cda-4cdf-9ff0-2cea755fc381{ip: 192.168.164.236, host: pr-hdds-2375-hvwjp-2869937553, networkLocation: /rack1, certSerialId: null}e78e490f-dcb2-4ec6-aeec-6e1e9400be8d{ip: 192.168.164.236, host: pr-hdds-2375-hvwjp-2869937553, networkLocation: /rack1, certSerialId: null}, Type:RATIS, Factor:THREE, State:ALLOCATED]
2019-11-12 23:39:04,981 [IPC Server handler 1 on 40128] INFO  net.NetworkTopology (NetworkTopologyImpl.java:add(111)) - Added a new node: /rack1/2cdd6ea3-e978-43ee-a05f-f9ece739edb4
2019-11-12 23:39:04,981 [IPC Server handler 1 on 40128] INFO  node.SCMNodeManager (SCMNodeManager.java:register(267)) - Registered Data node : 2cdd6ea3-e978-43ee-a05f-f9ece739edb4{ip: 192.168.164.236, host: pr-hdds-2375-hvwjp-2869937553, networkLocation: /rack1, certSerialId: null}
2019-11-12 23:39:04,988 [grpc-default-executor-6] INFO  impl.RaftServerProxy (RaftServerProxy.java:addNew(89)) - 2cdd6ea3-e978-43ee-a05f-f9ece739edb4: addNew group-40C4960585A8:[2cdd6ea3-e978-43ee-a05f-f9ece739edb4:192.168.164.236:34677] returns group-40C4960585A8:java.util.concurrent.CompletableFuture@30a84fa9[Not completed]
2019-11-12 23:39:04,990 [pool-579-thread-1] INFO  impl.RaftServerImpl (RaftServerImpl.java:<init>(98)) - 2cdd6ea3-e978-43ee-a05f-f9ece739edb4: new RaftServerImpl for group-40C4960585A8:[2cdd6ea3-e978-43ee-a05f-f9ece739edb4:192.168.164.236:34677] with ContainerStateMachine:uninitialized
2019-11-12 23:39:04,990 [pool-579-thread-1] INFO  server.RaftServerConfigKeys (ConfUtils.java:logGet(43)) - raft.server.rpc.timeout.min = 1s (custom)
2019-11-12 23:39:04,990 [pool-579-thread-1] INFO  server.RaftServerConfigKeys (ConfUtils.java:logGet(43)) - raft.server.rpc.timeout.max = 1200ms (custom)
2019-11-12 23:39:04,990 [pool-579-thread-1] INFO  server.RaftServerConfigKeys (ConfUtils.java:logGet(43)) - raft.server.rpcslowness.timeout = 120s (custom)
2019-11-12 23:39:04,991 [pool-579-thread-1] INFO  server.RaftServerConfigKeys (ConfUtils.java:logGet(43)) - raft.server.sleep.deviation.threshold = 300 (default)
2019-11-12 23:39:04,991 [pool-579-thread-1] INFO  server.RaftServerConfigKeys (ConfUtils.java:logGet(43)) - raft.server.log.appender.install.snapshot.enabled = false (custom)
2019-11-12 23:39:04,991 [pool-579-thread-1] INFO  impl.RaftServerImpl (ServerState.java:<init>(103)) - 2cdd6ea3-e978-43ee-a05f-f9ece739edb4@group-40C4960585A8: ConfigurationManager, init=-1: [2cdd6ea3-e978-43ee-a05f-f9ece739edb4:192.168.164.236:34677], old=null, confs=<EMPTY_MAP>
2019-11-12 23:39:04,991 [pool-579-thread-1] INFO  server.RaftServerConfigKeys (ConfUtils.java:logGet(43)) - raft.server.storage.dir = [/workdir/hadoop-ozone/integration-test/target/test-dir/MiniOzoneClusterImpl-af41d755-250d-41c0-9b7d-b62086ffbdd4/datanode-7/data/ratis] (custom)
2019-11-12 23:39:04,991 [pool-579-thread-1] INFO  server.RaftServerConfigKeys (ConfUtils.java:logGet(43)) - raft.server.log.corruption.policy = EXCEPTION (default)
2019-11-12 23:39:04,992 [pool-579-thread-1] INFO  storage.RaftStorageDirectory (RaftStorageDirectory.java:analyzeStorage(246)) - The storage directory /workdir/hadoop-ozone/integration-test/target/test-dir/MiniOzoneClusterImpl-af41d755-250d-41c0-9b7d-b62086ffbdd4/datanode-7/data/ratis/a6a85990-6e56-4232-b549-40c4960585a8 does not exist. Creating ...
2019-11-12 23:39:05,003 [pool-579-thread-1] INFO  storage.RaftStorageDirectory (RaftStorageDirectory.java:tryLock(328)) - Lock on /workdir/hadoop-ozone/integration-test/target/test-dir/MiniOzoneClusterImpl-af41d755-250d-41c0-9b7d-b62086ffbdd4/datanode-7/data/ratis/a6a85990-6e56-4232-b549-40c4960585a8/in_use.lock acquired by nodename 11492@pr-hdds-2375-hvwjp-2869937553
2019-11-12 23:39:05,022 [pool-579-thread-1] INFO  storage.RaftStorage (RaftStorage.java:format(84)) - Storage directory /workdir/hadoop-ozone/integration-test/target/test-dir/MiniOzoneClusterImpl-af41d755-250d-41c0-9b7d-b62086ffbdd4/datanode-7/data/ratis/a6a85990-6e56-4232-b549-40c4960585a8 has been successfully formatted.
2019-11-12 23:39:05,022 [pool-579-thread-1] INFO  ratis.ContainerStateMachine (ContainerStateMachine.java:loadSnapshot(223)) - group-40C4960585A8: The snapshot info is null. Setting the last applied indexto:(t:0, i:~)
2019-11-12 23:39:05,022 [pool-579-thread-1] INFO  server.RaftServerConfigKeys (ConfUtils.java:logGet(43)) - raft.server.notification.no-leader.timeout = 120s (custom)
2019-11-12 23:39:05,022 [pool-579-thread-1] INFO  server.RaftServerConfigKeys (ConfUtils.java:logGet(43)) - raft.server.log.use.memory = false (default)
2019-11-12 23:39:05,022 [pool-579-thread-1] INFO  server.RaftServerConfigKeys (ConfUtils.java:logGet(43)) - raft.server.log.purge.gap = 1000000 (custom)
2019-11-12 23:39:05,023 [pool-579-thread-1] INFO  server.RaftServerConfigKeys (ConfUtils.java:logGet(43)) - raft.server.log.appender.buffer.byte-limit = 33554432 (custom)
2019-11-12 23:39:05,023 [pool-579-thread-1] INFO  server.RaftServerConfigKeys (ConfUtils.java:logGet(43)) - raft.server.log.segment.size.max = 1048576 (custom)
2019-11-12 23:39:05,023 [pool-579-thread-1] WARN  impl.MetricRegistriesImpl (MetricRegistriesImpl.java:lambda$create$1(61)) - First MetricRegistry has been created without registering reporters. You may need to call MetricRegistries.global().addReportRegistration(...) before.
2019-11-12 23:39:05,023 [pool-579-thread-1] INFO  server.RaftServerConfigKeys (ConfUtils.java:logGet(43)) - raft.server.log.segment.cache.num.max = 2 (custom)
2019-11-12 23:39:05,023 [pool-579-thread-1] INFO  segmented.SegmentedRaftLogWorker (SegmentedRaftLogWorker.java:<init>(173)) - new 2cdd6ea3-e978-43ee-a05f-f9ece739edb4@group-40C4960585A8-SegmentedRaftLogWorker for RaftStorage:Storage Directory /workdir/hadoop-ozone/integration-test/target/test-dir/MiniOzoneClusterImpl-af41d755-250d-41c0-9b7d-b62086ffbdd4/datanode-7/data/ratis/a6a85990-6e56-4232-b549-40c4960585a8
2019-11-12 23:39:05,023 [pool-579-thread-1] INFO  server.RaftServerConfigKeys (ConfUtils.java:logGet(43)) - raft.server.log.queue.byte-limit = 2147483647 (custom)
2019-11-12 23:39:05,023 [pool-579-thread-1] INFO  server.RaftServerConfigKeys (ConfUtils.java:logGet(43)) - raft.server.log.queue.element-limit = 1024 (custom)
2019-11-12 23:39:05,023 [pool-579-thread-1] INFO  server.RaftServerConfigKeys (ConfUtils.java:logGet(43)) - raft.server.log.segment.size.max = 1048576 (custom)
2019-11-12 23:39:05,024 [pool-579-thread-1] INFO  server.RaftServerConfigKeys (ConfUtils.java:logGet(43)) - raft.server.log.preallocated.size = 16384 (custom)
2019-11-12 23:39:05,024 [pool-579-thread-1] INFO  server.RaftServerConfigKeys (ConfUtils.java:logGet(43)) - raft.server.log.write.buffer.size = 33554432 (custom)
2019-11-12 23:39:05,024 [pool-579-thread-1] INFO  server.RaftServerConfigKeys (ConfUtils.java:logGet(43)) - raft.server.log.force.sync.num = 128 (default)
2019-11-12 23:39:05,024 [pool-579-thread-1] INFO  server.RaftServerConfigKeys (ConfUtils.java:logGet(43)) - raft.server.log.statemachine.data.sync = true (default)
2019-11-12 23:39:05,024 [pool-579-thread-1] INFO  server.RaftServerConfigKeys (ConfUtils.java:logGet(43)) - raft.server.log.statemachine.data.sync.timeout = 10s (default)
2019-11-12 23:39:05,024 [pool-579-thread-1] INFO  server.RaftServerConfigKeys (ConfUtils.java:logGet(43)) - raft.server.log.statemachine.data.sync.timeout.retry = -1 (default)
2019-11-12 23:39:05,024 [pool-579-thread-1] INFO  server.RaftServerConfigKeys (ConfUtils.java:logGet(43)) - raft.server.log.statemachine.data.caching.enabled = true (custom)
2019-11-12 23:39:05,025 [pool-579-thread-1] INFO  segmented.SegmentedRaftLogWorker (SegmentedRaftLogWorker.java:lambda$new$0(128)) - 2cdd6ea3-e978-43ee-a05f-f9ece739edb4@group-40C4960585A8-SegmentedRaftLogWorker: flushIndex: setUnconditionally 0 -> -1
2019-11-12 23:39:05,025 [pool-579-thread-1] INFO  server.RaftServerConfigKeys (ConfUtils.java:logGet(43)) - raft.server.snapshot.auto.trigger.enabled = true (custom)
2019-11-12 23:39:05,025 [pool-579-thread-1] INFO  server.RaftServerConfigKeys (ConfUtils.java:logGet(43)) - raft.server.snapshot.auto.trigger.threshold = 10000 (custom)
2019-11-12 23:39:05,025 [pool-579-thread-1] INFO  server.RaftServerConfigKeys (ConfUtils.java:logGet(43)) - raft.server.snapshot.retention.file.num = 5 (custom)
2019-11-12 23:39:05,025 [pool-579-thread-1] INFO  server.RaftServerConfigKeys (ConfUtils.java:logGet(43)) - raft.server.retrycache.expirytime = 600000ms (custom)
2019-11-12 23:39:05,026 [pool-579-thread-1] WARN  impl.MetricRegistriesImpl (MetricRegistriesImpl.java:lambda$create$1(61)) - First MetricRegistry has been created without registering reporters. You may need to call MetricRegistries.global().addReportRegistration(...) before.
2019-11-12 23:39:05,026 [pool-579-thread-1] WARN  impl.MetricRegistriesImpl (MetricRegistriesImpl.java:lambda$create$1(61)) - First MetricRegistry has been created without registering reporters. You may need to call MetricRegistries.global().addReportRegistration(...) before.
2019-11-12 23:39:05,026 [pool-579-thread-1] INFO  impl.RaftServerImpl (RaftServerImpl.java:start(184)) - 2cdd6ea3-e978-43ee-a05f-f9ece739edb4@group-40C4960585A8: start as a follower, conf=-1: [2cdd6ea3-e978-43ee-a05f-f9ece739edb4:192.168.164.236:34677], old=null
2019-11-12 23:39:05,026 [pool-579-thread-1] INFO  impl.RaftServerImpl (RaftServerImpl.java:setRole(173)) - 2cdd6ea3-e978-43ee-a05f-f9ece739edb4@group-40C4960585A8: changes role from      null to FOLLOWER at term 0 for startAsFollower
2019-11-12 23:39:05,026 [pool-579-thread-1] INFO  impl.RoleInfo (RoleInfo.java:updateAndGet(143)) - 2cdd6ea3-e978-43ee-a05f-f9ece739edb4: start FollowerState
2019-11-12 23:39:05,026 [pool-579-thread-1] INFO  util.JmxRegister (JmxRegister.java:tryRegister(44)) - Successfully registered JMX Bean with object name Ratis:service=RaftServer,group=group-40C4960585A8,id=2cdd6ea3-e978-43ee-a05f-f9ece739edb4
2019-11-12 23:39:05,027 [pool-579-thread-1] WARN  impl.MetricRegistriesImpl (MetricRegistriesImpl.java:lambda$create$1(61)) - First MetricRegistry has been created without registering reporters. You may need to call MetricRegistries.global().addReportRegistration(...) before.
2019-11-12 23:39:05,029 [RatisPipelineUtilsThread] INFO  pipeline.PipelineStateManager (PipelineStateManager.java:addPipeline(55)) - Created pipeline Pipeline[ Id: a6a85990-6e56-4232-b549-40c4960585a8, Nodes: 2cdd6ea3-e978-43ee-a05f-f9ece739edb4{ip: 192.168.164.236, host: pr-hdds-2375-hvwjp-2869937553, networkLocation: /rack1, certSerialId: null}, Type:RATIS, Factor:ONE, State:ALLOCATED]
2019-11-12 23:39:05,036 [grpc-default-executor-6] INFO  impl.RaftServerProxy (RaftServerProxy.java:addNew(89)) - 0cfa4e5a-af9b-49e5-b2c2-1a2dc6cf0616: addNew group-5207EFFDFAC9:[0cfa4e5a-af9b-49e5-b2c2-1a2dc6cf0616:192.168.164.236:41598] returns group-5207EFFDFAC9:java.util.concurrent.CompletableFuture@59dc3e3[Not completed]
2019-11-12 23:39:05,037 [pool-569-thread-1] INFO  impl.RaftServerImpl (RaftServerImpl.java:<init>(98)) - 0cfa4e5a-af9b-49e5-b2c2-1a2dc6cf0616: new RaftServerImpl for group-5207EFFDFAC9:[0cfa4e5a-af9b-49e5-b2c2-1a2dc6cf0616:192.168.164.236:41598] with ContainerStateMachine:uninitialized
2019-11-12 23:39:05,037 [pool-569-thread-1] INFO  server.RaftServerConfigKeys (ConfUtils.java:logGet(43)) - raft.server.rpc.timeout.min = 1s (custom)
2019-11-12 23:39:05,037 [pool-569-thread-1] INFO  server.RaftServerConfigKeys (ConfUtils.java:logGet(43)) - raft.server.rpc.timeout.max = 1200ms (custom)
2019-11-12 23:39:05,037 [pool-569-thread-1] INFO  server.RaftServerConfigKeys (ConfUtils.java:logGet(43)) - raft.server.rpcslowness.timeout = 120s (custom)
2019-11-12 23:39:05,037 [pool-569-thread-1] INFO  server.RaftServerConfigKeys (ConfUtils.java:logGet(43)) - raft.server.sleep.deviation.threshold = 300 (default)
2019-11-12 23:39:05,037 [pool-569-thread-1] INFO  server.RaftServerConfigKeys (ConfUtils.java:logGet(43)) - raft.server.log.appender.install.snapshot.enabled = false (custom)
2019-11-12 23:39:05,037 [pool-569-thread-1] INFO  impl.RaftServerImpl (ServerState.java:<init>(103)) - 0cfa4e5a-af9b-49e5-b2c2-1a2dc6cf0616@group-5207EFFDFAC9: ConfigurationManager, init=-1: [0cfa4e5a-af9b-49e5-b2c2-1a2dc6cf0616:192.168.164.236:41598], old=null, confs=<EMPTY_MAP>
2019-11-12 23:39:05,037 [pool-569-thread-1] INFO  server.RaftServerConfigKeys (ConfUtils.java:logGet(43)) - raft.server.storage.dir = [/workdir/hadoop-ozone/integration-test/target/test-dir/MiniOzoneClusterImpl-af41d755-250d-41c0-9b7d-b62086ffbdd4/datanode-6/data/ratis] (custom)
2019-11-12 23:39:05,038 [pool-569-thread-1] INFO  server.RaftServerConfigKeys (ConfUtils.java:logGet(43)) - raft.server.log.corruption.policy = EXCEPTION (default)
2019-11-12 23:39:05,038 [pool-569-thread-1] INFO  storage.RaftStorageDirectory (RaftStorageDirectory.java:analyzeStorage(246)) - The storage directory /workdir/hadoop-ozone/integration-test/target/test-dir/MiniOzoneClusterImpl-af41d755-250d-41c0-9b7d-b62086ffbdd4/datanode-6/data/ratis/422cf0a9-9439-4c64-afae-5207effdfac9 does not exist. Creating ...
2019-11-12 23:39:05,049 [IPC Server handler 3 on 40128] INFO  net.NetworkTopology (NetworkTopologyImpl.java:add(111)) - Added a new node: /rack1/bf4ebe41-a6c2-4458-a321-fc167af3521b
2019-11-12 23:39:05,050 [IPC Server handler 3 on 40128] INFO  node.SCMNodeManager (SCMNodeManager.java:register(267)) - Registered Data node : bf4ebe41-a6c2-4458-a321-fc167af3521b{ip: 192.168.164.236, host: pr-hdds-2375-hvwjp-2869937553, networkLocation: /rack1, certSerialId: null}
2019-11-12 23:39:05,051 [pool-569-thread-1] INFO  storage.RaftStorageDirectory (RaftStorageDirectory.java:tryLock(328)) - Lock on /workdir/hadoop-ozone/integration-test/target/test-dir/MiniOzoneClusterImpl-af41d755-250d-41c0-9b7d-b62086ffbdd4/datanode-6/data/ratis/422cf0a9-9439-4c64-afae-5207effdfac9/in_use.lock acquired by nodename 11492@pr-hdds-2375-hvwjp-2869937553
2019-11-12 23:39:05,064 [pool-569-thread-1] INFO  storage.RaftStorage (RaftStorage.java:format(84)) - Storage directory /workdir/hadoop-ozone/integration-test/target/test-dir/MiniOzoneClusterImpl-af41d755-250d-41c0-9b7d-b62086ffbdd4/datanode-6/data/ratis/422cf0a9-9439-4c64-afae-5207effdfac9 has been successfully formatted.
2019-11-12 23:39:05,064 [pool-569-thread-1] INFO  ratis.ContainerStateMachine (ContainerStateMachine.java:loadSnapshot(223)) - group-5207EFFDFAC9: The snapshot info is null. Setting the last applied indexto:(t:0, i:~)
2019-11-12 23:39:05,064 [pool-569-thread-1] INFO  server.RaftServerConfigKeys (ConfUtils.java:logGet(43)) - raft.server.notification.no-leader.timeout = 120s (custom)
2019-11-12 23:39:05,064 [pool-569-thread-1] INFO  server.RaftServerConfigKeys (ConfUtils.java:logGet(43)) - raft.server.log.use.memory = false (default)
2019-11-12 23:39:05,064 [pool-569-thread-1] INFO  server.RaftServerConfigKeys (ConfUtils.java:logGet(43)) - raft.server.log.purge.gap = 1000000 (custom)
2019-11-12 23:39:05,064 [pool-569-thread-1] INFO  server.RaftServerConfigKeys (ConfUtils.java:logGet(43)) - raft.server.log.appender.buffer.byte-limit = 33554432 (custom)
2019-11-12 23:39:05,065 [pool-569-thread-1] INFO  server.RaftServerConfigKeys (ConfUtils.java:logGet(43)) - raft.server.log.segment.size.max = 1048576 (custom)
2019-11-12 23:39:05,065 [pool-569-thread-1] WARN  impl.MetricRegistriesImpl (MetricRegistriesImpl.java:lambda$create$1(61)) - First MetricRegistry has been created without registering reporters. You may need to call MetricRegistries.global().addReportRegistration(...) before.
2019-11-12 23:39:05,065 [pool-569-thread-1] INFO  server.RaftServerConfigKeys (ConfUtils.java:logGet(43)) - raft.server.log.segment.cache.num.max = 2 (custom)
2019-11-12 23:39:05,065 [pool-569-thread-1] INFO  segmented.SegmentedRaftLogWorker (SegmentedRaftLogWorker.java:<init>(173)) - new 0cfa4e5a-af9b-49e5-b2c2-1a2dc6cf0616@group-5207EFFDFAC9-SegmentedRaftLogWorker for RaftStorage:Storage Directory /workdir/hadoop-ozone/integration-test/target/test-dir/MiniOzoneClusterImpl-af41d755-250d-41c0-9b7d-b62086ffbdd4/datanode-6/data/ratis/422cf0a9-9439-4c64-afae-5207effdfac9
2019-11-12 23:39:05,065 [pool-569-thread-1] INFO  server.RaftServerConfigKeys (ConfUtils.java:logGet(43)) - raft.server.log.queue.byte-limit = 2147483647 (custom)
2019-11-12 23:39:05,065 [pool-569-thread-1] INFO  server.RaftServerConfigKeys (ConfUtils.java:logGet(43)) - raft.server.log.queue.element-limit = 1024 (custom)
2019-11-12 23:39:05,065 [pool-569-thread-1] INFO  server.RaftServerConfigKeys (ConfUtils.java:logGet(43)) - raft.server.log.segment.size.max = 1048576 (custom)
2019-11-12 23:39:05,065 [pool-569-thread-1] INFO  server.RaftServerConfigKeys (ConfUtils.java:logGet(43)) - raft.server.log.preallocated.size = 16384 (custom)
2019-11-12 23:39:05,065 [pool-569-thread-1] INFO  server.RaftServerConfigKeys (ConfUtils.java:logGet(43)) - raft.server.log.write.buffer.size = 33554432 (custom)
2019-11-12 23:39:05,065 [pool-569-thread-1] INFO  server.RaftServerConfigKeys (ConfUtils.java:logGet(43)) - raft.server.log.force.sync.num = 128 (default)
2019-11-12 23:39:05,066 [pool-569-thread-1] INFO  server.RaftServerConfigKeys (ConfUtils.java:logGet(43)) - raft.server.log.statemachine.data.sync = true (default)
2019-11-12 23:39:05,066 [pool-569-thread-1] INFO  server.RaftServerConfigKeys (ConfUtils.java:logGet(43)) - raft.server.log.statemachine.data.sync.timeout = 10s (default)
2019-11-12 23:39:05,066 [pool-569-thread-1] INFO  server.RaftServerConfigKeys (ConfUtils.java:logGet(43)) - raft.server.log.statemachine.data.sync.timeout.retry = -1 (default)
2019-11-12 23:39:05,066 [pool-569-thread-1] INFO  server.RaftServerConfigKeys (ConfUtils.java:logGet(43)) - raft.server.log.statemachine.data.caching.enabled = true (custom)
2019-11-12 23:39:05,066 [pool-569-thread-1] INFO  segmented.SegmentedRaftLogWorker (SegmentedRaftLogWorker.java:lambda$new$0(128)) - 0cfa4e5a-af9b-49e5-b2c2-1a2dc6cf0616@group-5207EFFDFAC9-SegmentedRaftLogWorker: flushIndex: setUnconditionally 0 -> -1
2019-11-12 23:39:05,066 [pool-569-thread-1] INFO  server.RaftServerConfigKeys (ConfUtils.java:logGet(43)) - raft.server.snapshot.auto.trigger.enabled = true (custom)
2019-11-12 23:39:05,067 [pool-569-thread-1] INFO  server.RaftServerConfigKeys (ConfUtils.java:logGet(43)) - raft.server.snapshot.auto.trigger.threshold = 10000 (custom)
2019-11-12 23:39:05,067 [pool-569-thread-1] INFO  server.RaftServerConfigKeys (ConfUtils.java:logGet(43)) - raft.server.snapshot.retention.file.num = 5 (custom)
2019-11-12 23:39:05,067 [pool-569-thread-1] INFO  server.RaftServerConfigKeys (ConfUtils.java:logGet(43)) - raft.server.retrycache.expirytime = 600000ms (custom)
2019-11-12 23:39:05,067 [pool-569-thread-1] WARN  impl.MetricRegistriesImpl (MetricRegistriesImpl.java:lambda$create$1(61)) - First MetricRegistry has been created without registering reporters. You may need to call MetricRegistries.global().addReportRegistration(...) before.
2019-11-12 23:39:05,067 [pool-569-thread-1] WARN  impl.MetricRegistriesImpl (MetricRegistriesImpl.java:lambda$create$1(61)) - First MetricRegistry has been created without registering reporters. You may need to call MetricRegistries.global().addReportRegistration(...) before.
2019-11-12 23:39:05,067 [pool-569-thread-1] INFO  impl.RaftServerImpl (RaftServerImpl.java:start(184)) - 0cfa4e5a-af9b-49e5-b2c2-1a2dc6cf0616@group-5207EFFDFAC9: start as a follower, conf=-1: [0cfa4e5a-af9b-49e5-b2c2-1a2dc6cf0616:192.168.164.236:41598], old=null
2019-11-12 23:39:05,067 [pool-569-thread-1] INFO  impl.RaftServerImpl (RaftServerImpl.java:setRole(173)) - 0cfa4e5a-af9b-49e5-b2c2-1a2dc6cf0616@group-5207EFFDFAC9: changes role from      null to FOLLOWER at term 0 for startAsFollower
2019-11-12 23:39:05,067 [pool-569-thread-1] INFO  impl.RoleInfo (RoleInfo.java:updateAndGet(143)) - 0cfa4e5a-af9b-49e5-b2c2-1a2dc6cf0616: start FollowerState
2019-11-12 23:39:05,068 [pool-569-thread-1] INFO  util.JmxRegister (JmxRegister.java:tryRegister(44)) - Successfully registered JMX Bean with object name Ratis:service=RaftServer,group=group-5207EFFDFAC9,id=0cfa4e5a-af9b-49e5-b2c2-1a2dc6cf0616
2019-11-12 23:39:05,068 [pool-569-thread-1] WARN  impl.MetricRegistriesImpl (MetricRegistriesImpl.java:lambda$create$1(61)) - First MetricRegistry has been created without registering reporters. You may need to call MetricRegistries.global().addReportRegistration(...) before.
2019-11-12 23:39:05,070 [RatisPipelineUtilsThread] INFO  pipeline.PipelineStateManager (PipelineStateManager.java:addPipeline(55)) - Created pipeline Pipeline[ Id: 422cf0a9-9439-4c64-afae-5207effdfac9, Nodes: 0cfa4e5a-af9b-49e5-b2c2-1a2dc6cf0616{ip: 192.168.164.236, host: pr-hdds-2375-hvwjp-2869937553, networkLocation: /rack1, certSerialId: null}, Type:RATIS, Factor:ONE, State:ALLOCATED]
2019-11-12 23:39:05,076 [grpc-default-executor-6] INFO  impl.RaftServerProxy (RaftServerProxy.java:addNew(89)) - bf4ebe41-a6c2-4458-a321-fc167af3521b: addNew group-51BB75F0ED71:[bf4ebe41-a6c2-4458-a321-fc167af3521b:192.168.164.236:39425] returns group-51BB75F0ED71:java.util.concurrent.CompletableFuture@314dc7b2[Not completed]
2019-11-12 23:39:05,078 [pool-589-thread-1] INFO  impl.RaftServerImpl (RaftServerImpl.java:<init>(98)) - bf4ebe41-a6c2-4458-a321-fc167af3521b: new RaftServerImpl for group-51BB75F0ED71:[bf4ebe41-a6c2-4458-a321-fc167af3521b:192.168.164.236:39425] with ContainerStateMachine:uninitialized
2019-11-12 23:39:05,078 [pool-589-thread-1] INFO  server.RaftServerConfigKeys (ConfUtils.java:logGet(43)) - raft.server.rpc.timeout.min = 1s (custom)
2019-11-12 23:39:05,078 [pool-589-thread-1] INFO  server.RaftServerConfigKeys (ConfUtils.java:logGet(43)) - raft.server.rpc.timeout.max = 1200ms (custom)
2019-11-12 23:39:05,078 [pool-589-thread-1] INFO  server.RaftServerConfigKeys (ConfUtils.java:logGet(43)) - raft.server.rpcslowness.timeout = 120s (custom)
2019-11-12 23:39:05,078 [pool-589-thread-1] INFO  server.RaftServerConfigKeys (ConfUtils.java:logGet(43)) - raft.server.sleep.deviation.threshold = 300 (default)
2019-11-12 23:39:05,079 [pool-589-thread-1] INFO  server.RaftServerConfigKeys (ConfUtils.java:logGet(43)) - raft.server.log.appender.install.snapshot.enabled = false (custom)
2019-11-12 23:39:05,079 [pool-589-thread-1] INFO  impl.RaftServerImpl (ServerState.java:<init>(103)) - bf4ebe41-a6c2-4458-a321-fc167af3521b@group-51BB75F0ED71: ConfigurationManager, init=-1: [bf4ebe41-a6c2-4458-a321-fc167af3521b:192.168.164.236:39425], old=null, confs=<EMPTY_MAP>
2019-11-12 23:39:05,079 [pool-589-thread-1] INFO  server.RaftServerConfigKeys (ConfUtils.java:logGet(43)) - raft.server.storage.dir = [/workdir/hadoop-ozone/integration-test/target/test-dir/MiniOzoneClusterImpl-af41d755-250d-41c0-9b7d-b62086ffbdd4/datanode-8/data/ratis] (custom)
2019-11-12 23:39:05,079 [pool-589-thread-1] INFO  server.RaftServerConfigKeys (ConfUtils.java:logGet(43)) - raft.server.log.corruption.policy = EXCEPTION (default)
2019-11-12 23:39:05,079 [pool-589-thread-1] INFO  storage.RaftStorageDirectory (RaftStorageDirectory.java:analyzeStorage(246)) - The storage directory /workdir/hadoop-ozone/integration-test/target/test-dir/MiniOzoneClusterImpl-af41d755-250d-41c0-9b7d-b62086ffbdd4/datanode-8/data/ratis/22af130e-a2c4-4099-9963-51bb75f0ed71 does not exist. Creating ...
2019-11-12 23:39:05,092 [pool-589-thread-1] INFO  storage.RaftStorageDirectory (RaftStorageDirectory.java:tryLock(328)) - Lock on /workdir/hadoop-ozone/integration-test/target/test-dir/MiniOzoneClusterImpl-af41d755-250d-41c0-9b7d-b62086ffbdd4/datanode-8/data/ratis/22af130e-a2c4-4099-9963-51bb75f0ed71/in_use.lock acquired by nodename 11492@pr-hdds-2375-hvwjp-2869937553
2019-11-12 23:39:05,106 [pool-589-thread-1] INFO  storage.RaftStorage (RaftStorage.java:format(84)) - Storage directory /workdir/hadoop-ozone/integration-test/target/test-dir/MiniOzoneClusterImpl-af41d755-250d-41c0-9b7d-b62086ffbdd4/datanode-8/data/ratis/22af130e-a2c4-4099-9963-51bb75f0ed71 has been successfully formatted.
2019-11-12 23:39:05,106 [pool-589-thread-1] INFO  ratis.ContainerStateMachine (ContainerStateMachine.java:loadSnapshot(223)) - group-51BB75F0ED71: The snapshot info is null. Setting the last applied indexto:(t:0, i:~)
2019-11-12 23:39:05,106 [pool-589-thread-1] INFO  server.RaftServerConfigKeys (ConfUtils.java:logGet(43)) - raft.server.notification.no-leader.timeout = 120s (custom)
2019-11-12 23:39:05,106 [pool-589-thread-1] INFO  server.RaftServerConfigKeys (ConfUtils.java:logGet(43)) - raft.server.log.use.memory = false (default)
2019-11-12 23:39:05,106 [pool-589-thread-1] INFO  server.RaftServerConfigKeys (ConfUtils.java:logGet(43)) - raft.server.log.purge.gap = 1000000 (custom)
2019-11-12 23:39:05,106 [pool-589-thread-1] INFO  server.RaftServerConfigKeys (ConfUtils.java:logGet(43)) - raft.server.log.appender.buffer.byte-limit = 33554432 (custom)
2019-11-12 23:39:05,106 [pool-589-thread-1] INFO  server.RaftServerConfigKeys (ConfUtils.java:logGet(43)) - raft.server.log.segment.size.max = 1048576 (custom)
2019-11-12 23:39:05,107 [pool-589-thread-1] WARN  impl.MetricRegistriesImpl (MetricRegistriesImpl.java:lambda$create$1(61)) - First MetricRegistry has been created without registering reporters. You may need to call MetricRegistries.global().addReportRegistration(...) before.
2019-11-12 23:39:05,107 [pool-589-thread-1] INFO  server.RaftServerConfigKeys (ConfUtils.java:logGet(43)) - raft.server.log.segment.cache.num.max = 2 (custom)
2019-11-12 23:39:05,107 [pool-589-thread-1] INFO  segmented.SegmentedRaftLogWorker (SegmentedRaftLogWorker.java:<init>(173)) - new bf4ebe41-a6c2-4458-a321-fc167af3521b@group-51BB75F0ED71-SegmentedRaftLogWorker for RaftStorage:Storage Directory /workdir/hadoop-ozone/integration-test/target/test-dir/MiniOzoneClusterImpl-af41d755-250d-41c0-9b7d-b62086ffbdd4/datanode-8/data/ratis/22af130e-a2c4-4099-9963-51bb75f0ed71
2019-11-12 23:39:05,107 [pool-589-thread-1] INFO  server.RaftServerConfigKeys (ConfUtils.java:logGet(43)) - raft.server.log.queue.byte-limit = 2147483647 (custom)
2019-11-12 23:39:05,107 [pool-589-thread-1] INFO  server.RaftServerConfigKeys (ConfUtils.java:logGet(43)) - raft.server.log.queue.element-limit = 1024 (custom)
2019-11-12 23:39:05,107 [pool-589-thread-1] INFO  server.RaftServerConfigKeys (ConfUtils.java:logGet(43)) - raft.server.log.segment.size.max = 1048576 (custom)
2019-11-12 23:39:05,107 [pool-589-thread-1] INFO  server.RaftServerConfigKeys (ConfUtils.java:logGet(43)) - raft.server.log.preallocated.size = 16384 (custom)
2019-11-12 23:39:05,107 [pool-589-thread-1] INFO  server.RaftServerConfigKeys (ConfUtils.java:logGet(43)) - raft.server.log.write.buffer.size = 33554432 (custom)
2019-11-12 23:39:05,107 [pool-589-thread-1] INFO  server.RaftServerConfigKeys (ConfUtils.java:logGet(43)) - raft.server.log.force.sync.num = 128 (default)
2019-11-12 23:39:05,108 [pool-589-thread-1] INFO  server.RaftServerConfigKeys (ConfUtils.java:logGet(43)) - raft.server.log.statemachine.data.sync = true (default)
2019-11-12 23:39:05,108 [pool-589-thread-1] INFO  server.RaftServerConfigKeys (ConfUtils.java:logGet(43)) - raft.server.log.statemachine.data.sync.timeout = 10s (default)
2019-11-12 23:39:05,108 [pool-589-thread-1] INFO  server.RaftServerConfigKeys (ConfUtils.java:logGet(43)) - raft.server.log.statemachine.data.sync.timeout.retry = -1 (default)
2019-11-12 23:39:05,108 [pool-589-thread-1] INFO  server.RaftServerConfigKeys (ConfUtils.java:logGet(43)) - raft.server.log.statemachine.data.caching.enabled = true (custom)
2019-11-12 23:39:05,108 [pool-589-thread-1] INFO  segmented.SegmentedRaftLogWorker (SegmentedRaftLogWorker.java:lambda$new$0(128)) - bf4ebe41-a6c2-4458-a321-fc167af3521b@group-51BB75F0ED71-SegmentedRaftLogWorker: flushIndex: setUnconditionally 0 -> -1
2019-11-12 23:39:05,109 [pool-589-thread-1] INFO  server.RaftServerConfigKeys (ConfUtils.java:logGet(43)) - raft.server.snapshot.auto.trigger.enabled = true (custom)
2019-11-12 23:39:05,109 [pool-589-thread-1] INFO  server.RaftServerConfigKeys (ConfUtils.java:logGet(43)) - raft.server.snapshot.auto.trigger.threshold = 10000 (custom)
2019-11-12 23:39:05,109 [pool-589-thread-1] INFO  server.RaftServerConfigKeys (ConfUtils.java:logGet(43)) - raft.server.snapshot.retention.file.num = 5 (custom)
2019-11-12 23:39:05,109 [pool-589-thread-1] INFO  server.RaftServerConfigKeys (ConfUtils.java:logGet(43)) - raft.server.retrycache.expirytime = 600000ms (custom)
2019-11-12 23:39:05,109 [pool-589-thread-1] WARN  impl.MetricRegistriesImpl (MetricRegistriesImpl.java:lambda$create$1(61)) - First MetricRegistry has been created without registering reporters. You may need to call MetricRegistries.global().addReportRegistration(...) before.
2019-11-12 23:39:05,109 [pool-589-thread-1] WARN  impl.MetricRegistriesImpl (MetricRegistriesImpl.java:lambda$create$1(61)) - First MetricRegistry has been created without registering reporters. You may need to call MetricRegistries.global().addReportRegistration(...) before.
2019-11-12 23:39:05,109 [pool-589-thread-1] INFO  impl.RaftServerImpl (RaftServerImpl.java:start(184)) - bf4ebe41-a6c2-4458-a321-fc167af3521b@group-51BB75F0ED71: start as a follower, conf=-1: [bf4ebe41-a6c2-4458-a321-fc167af3521b:192.168.164.236:39425], old=null
2019-11-12 23:39:05,109 [pool-589-thread-1] INFO  impl.RaftServerImpl (RaftServerImpl.java:setRole(173)) - bf4ebe41-a6c2-4458-a321-fc167af3521b@group-51BB75F0ED71: changes role from      null to FOLLOWER at term 0 for startAsFollower
2019-11-12 23:39:05,110 [pool-589-thread-1] INFO  impl.RoleInfo (RoleInfo.java:updateAndGet(143)) - bf4ebe41-a6c2-4458-a321-fc167af3521b: start FollowerState
2019-11-12 23:39:05,110 [pool-589-thread-1] INFO  util.JmxRegister (JmxRegister.java:tryRegister(44)) - Successfully registered JMX Bean with object name Ratis:service=RaftServer,group=group-51BB75F0ED71,id=bf4ebe41-a6c2-4458-a321-fc167af3521b
2019-11-12 23:39:05,110 [pool-589-thread-1] WARN  impl.MetricRegistriesImpl (MetricRegistriesImpl.java:lambda$create$1(61)) - First MetricRegistry has been created without registering reporters. You may need to call MetricRegistries.global().addReportRegistration(...) before.
2019-11-12 23:39:05,112 [RatisPipelineUtilsThread] INFO  pipeline.PipelineStateManager (PipelineStateManager.java:addPipeline(55)) - Created pipeline Pipeline[ Id: 22af130e-a2c4-4099-9963-51bb75f0ed71, Nodes: bf4ebe41-a6c2-4458-a321-fc167af3521b{ip: 192.168.164.236, host: pr-hdds-2375-hvwjp-2869937553, networkLocation: /rack1, certSerialId: null}, Type:RATIS, Factor:ONE, State:ALLOCATED]
2019-11-12 23:39:05,121 [IPC Server handler 5 on 40128] INFO  net.NetworkTopology (NetworkTopologyImpl.java:add(111)) - Added a new node: /rack1/ba8cdd06-c5bd-4e11-819a-217b7aca0c32
2019-11-12 23:39:05,121 [IPC Server handler 5 on 40128] INFO  node.SCMNodeManager (SCMNodeManager.java:register(267)) - Registered Data node : ba8cdd06-c5bd-4e11-819a-217b7aca0c32{ip: 192.168.164.236, host: pr-hdds-2375-hvwjp-2869937553, networkLocation: /rack1, certSerialId: null}
2019-11-12 23:39:05,122 [grpc-default-executor-4] INFO  impl.RaftServerProxy (RaftServerProxy.java:addNew(89)) - bf4ebe41-a6c2-4458-a321-fc167af3521b: addNew group-79031BFF9747:[0cfa4e5a-af9b-49e5-b2c2-1a2dc6cf0616:192.168.164.236:41598, 2cdd6ea3-e978-43ee-a05f-f9ece739edb4:192.168.164.236:34677, bf4ebe41-a6c2-4458-a321-fc167af3521b:192.168.164.236:39425] returns group-79031BFF9747:java.util.concurrent.CompletableFuture@14a3df1e[Not completed]
2019-11-12 23:39:05,122 [grpc-default-executor-7] INFO  impl.RaftServerProxy (RaftServerProxy.java:addNew(89)) - 2cdd6ea3-e978-43ee-a05f-f9ece739edb4: addNew group-79031BFF9747:[0cfa4e5a-af9b-49e5-b2c2-1a2dc6cf0616:192.168.164.236:41598, 2cdd6ea3-e978-43ee-a05f-f9ece739edb4:192.168.164.236:34677, bf4ebe41-a6c2-4458-a321-fc167af3521b:192.168.164.236:39425] returns group-79031BFF9747:java.util.concurrent.CompletableFuture@2fa30605[Not completed]
2019-11-12 23:39:05,122 [grpc-default-executor-6] INFO  impl.RaftServerProxy (RaftServerProxy.java:addNew(89)) - 0cfa4e5a-af9b-49e5-b2c2-1a2dc6cf0616: addNew group-79031BFF9747:[0cfa4e5a-af9b-49e5-b2c2-1a2dc6cf0616:192.168.164.236:41598, 2cdd6ea3-e978-43ee-a05f-f9ece739edb4:192.168.164.236:34677, bf4ebe41-a6c2-4458-a321-fc167af3521b:192.168.164.236:39425] returns group-79031BFF9747:java.util.concurrent.CompletableFuture@7d3657f8[Not completed]
2019-11-12 23:39:05,123 [pool-589-thread-1] INFO  impl.RaftServerImpl (RaftServerImpl.java:<init>(98)) - bf4ebe41-a6c2-4458-a321-fc167af3521b: new RaftServerImpl for group-79031BFF9747:[0cfa4e5a-af9b-49e5-b2c2-1a2dc6cf0616:192.168.164.236:41598, 2cdd6ea3-e978-43ee-a05f-f9ece739edb4:192.168.164.236:34677, bf4ebe41-a6c2-4458-a321-fc167af3521b:192.168.164.236:39425] with ContainerStateMachine:uninitialized
2019-11-12 23:39:05,123 [pool-589-thread-1] INFO  server.RaftServerConfigKeys (ConfUtils.java:logGet(43)) - raft.server.rpc.timeout.min = 1s (custom)
2019-11-12 23:39:05,123 [pool-589-thread-1] INFO  server.RaftServerConfigKeys (ConfUtils.java:logGet(43)) - raft.server.rpc.timeout.max = 1200ms (custom)
2019-11-12 23:39:05,123 [pool-589-thread-1] INFO  server.RaftServerConfigKeys (ConfUtils.java:logGet(43)) - raft.server.rpcslowness.timeout = 120s (custom)
2019-11-12 23:39:05,124 [pool-589-thread-1] INFO  server.RaftServerConfigKeys (ConfUtils.java:logGet(43)) - raft.server.sleep.deviation.threshold = 300 (default)
2019-11-12 23:39:05,124 [pool-589-thread-1] INFO  server.RaftServerConfigKeys (ConfUtils.java:logGet(43)) - raft.server.log.appender.install.snapshot.enabled = false (custom)
2019-11-12 23:39:05,124 [pool-589-thread-1] INFO  impl.RaftServerImpl (ServerState.java:<init>(103)) - bf4ebe41-a6c2-4458-a321-fc167af3521b@group-79031BFF9747: ConfigurationManager, init=-1: [0cfa4e5a-af9b-49e5-b2c2-1a2dc6cf0616:192.168.164.236:41598, 2cdd6ea3-e978-43ee-a05f-f9ece739edb4:192.168.164.236:34677, bf4ebe41-a6c2-4458-a321-fc167af3521b:192.168.164.236:39425], old=null, confs=<EMPTY_MAP>
2019-11-12 23:39:05,124 [pool-569-thread-1] INFO  impl.RaftServerImpl (RaftServerImpl.java:<init>(98)) - 0cfa4e5a-af9b-49e5-b2c2-1a2dc6cf0616: new RaftServerImpl for group-79031BFF9747:[0cfa4e5a-af9b-49e5-b2c2-1a2dc6cf0616:192.168.164.236:41598, 2cdd6ea3-e978-43ee-a05f-f9ece739edb4:192.168.164.236:34677, bf4ebe41-a6c2-4458-a321-fc167af3521b:192.168.164.236:39425] with ContainerStateMachine:uninitialized
2019-11-12 23:39:05,124 [pool-589-thread-1] INFO  server.RaftServerConfigKeys (ConfUtils.java:logGet(43)) - raft.server.storage.dir = [/workdir/hadoop-ozone/integration-test/target/test-dir/MiniOzoneClusterImpl-af41d755-250d-41c0-9b7d-b62086ffbdd4/datanode-8/data/ratis] (custom)
2019-11-12 23:39:05,124 [pool-569-thread-1] INFO  server.RaftServerConfigKeys (ConfUtils.java:logGet(43)) - raft.server.rpc.timeout.min = 1s (custom)
2019-11-12 23:39:05,124 [pool-569-thread-1] INFO  server.RaftServerConfigKeys (ConfUtils.java:logGet(43)) - raft.server.rpc.timeout.max = 1200ms (custom)
2019-11-12 23:39:05,124 [pool-589-thread-1] INFO  server.RaftServerConfigKeys (ConfUtils.java:logGet(43)) - raft.server.log.corruption.policy = EXCEPTION (default)
2019-11-12 23:39:05,124 [pool-569-thread-1] INFO  server.RaftServerConfigKeys (ConfUtils.java:logGet(43)) - raft.server.rpcslowness.timeout = 120s (custom)
2019-11-12 23:39:05,125 [pool-569-thread-1] INFO  server.RaftServerConfigKeys (ConfUtils.java:logGet(43)) - raft.server.sleep.deviation.threshold = 300 (default)
2019-11-12 23:39:05,125 [pool-579-thread-1] INFO  impl.RaftServerImpl (RaftServerImpl.java:<init>(98)) - 2cdd6ea3-e978-43ee-a05f-f9ece739edb4: new RaftServerImpl for group-79031BFF9747:[0cfa4e5a-af9b-49e5-b2c2-1a2dc6cf0616:192.168.164.236:41598, 2cdd6ea3-e978-43ee-a05f-f9ece739edb4:192.168.164.236:34677, bf4ebe41-a6c2-4458-a321-fc167af3521b:192.168.164.236:39425] with ContainerStateMachine:uninitialized
2019-11-12 23:39:05,125 [pool-589-thread-1] INFO  storage.RaftStorageDirectory (RaftStorageDirectory.java:analyzeStorage(246)) - The storage directory /workdir/hadoop-ozone/integration-test/target/test-dir/MiniOzoneClusterImpl-af41d755-250d-41c0-9b7d-b62086ffbdd4/datanode-8/data/ratis/6d7e9d7f-7b1f-40bf-9971-79031bff9747 does not exist. Creating ...
2019-11-12 23:39:05,125 [pool-579-thread-1] INFO  server.RaftServerConfigKeys (ConfUtils.java:logGet(43)) - raft.server.rpc.timeout.min = 1s (custom)
2019-11-12 23:39:05,125 [pool-569-thread-1] INFO  server.RaftServerConfigKeys (ConfUtils.java:logGet(43)) - raft.server.log.appender.install.snapshot.enabled = false (custom)
2019-11-12 23:39:05,125 [pool-579-thread-1] INFO  server.RaftServerConfigKeys (ConfUtils.java:logGet(43)) - raft.server.rpc.timeout.max = 1200ms (custom)
2019-11-12 23:39:05,125 [pool-569-thread-1] INFO  impl.RaftServerImpl (ServerState.java:<init>(103)) - 0cfa4e5a-af9b-49e5-b2c2-1a2dc6cf0616@group-79031BFF9747: ConfigurationManager, init=-1: [0cfa4e5a-af9b-49e5-b2c2-1a2dc6cf0616:192.168.164.236:41598, 2cdd6ea3-e978-43ee-a05f-f9ece739edb4:192.168.164.236:34677, bf4ebe41-a6c2-4458-a321-fc167af3521b:192.168.164.236:39425], old=null, confs=<EMPTY_MAP>
2019-11-12 23:39:05,125 [pool-579-thread-1] INFO  server.RaftServerConfigKeys (ConfUtils.java:logGet(43)) - raft.server.rpcslowness.timeout = 120s (custom)
2019-11-12 23:39:05,126 [pool-569-thread-1] INFO  server.RaftServerConfigKeys (ConfUtils.java:logGet(43)) - raft.server.storage.dir = [/workdir/hadoop-ozone/integration-test/target/test-dir/MiniOzoneClusterImpl-af41d755-250d-41c0-9b7d-b62086ffbdd4/datanode-6/data/ratis] (custom)
2019-11-12 23:39:05,126 [pool-579-thread-1] INFO  server.RaftServerConfigKeys (ConfUtils.java:logGet(43)) - raft.server.sleep.deviation.threshold = 300 (default)
2019-11-12 23:39:05,126 [pool-579-thread-1] INFO  server.RaftServerConfigKeys (ConfUtils.java:logGet(43)) - raft.server.log.appender.install.snapshot.enabled = false (custom)
2019-11-12 23:39:05,126 [pool-569-thread-1] INFO  server.RaftServerConfigKeys (ConfUtils.java:logGet(43)) - raft.server.log.corruption.policy = EXCEPTION (default)
2019-11-12 23:39:05,126 [pool-579-thread-1] INFO  impl.RaftServerImpl (ServerState.java:<init>(103)) - 2cdd6ea3-e978-43ee-a05f-f9ece739edb4@group-79031BFF9747: ConfigurationManager, init=-1: [0cfa4e5a-af9b-49e5-b2c2-1a2dc6cf0616:192.168.164.236:41598, 2cdd6ea3-e978-43ee-a05f-f9ece739edb4:192.168.164.236:34677, bf4ebe41-a6c2-4458-a321-fc167af3521b:192.168.164.236:39425], old=null, confs=<EMPTY_MAP>
2019-11-12 23:39:05,126 [pool-569-thread-1] INFO  storage.RaftStorageDirectory (RaftStorageDirectory.java:analyzeStorage(246)) - The storage directory /workdir/hadoop-ozone/integration-test/target/test-dir/MiniOzoneClusterImpl-af41d755-250d-41c0-9b7d-b62086ffbdd4/datanode-6/data/ratis/6d7e9d7f-7b1f-40bf-9971-79031bff9747 does not exist. Creating ...
2019-11-12 23:39:05,126 [pool-579-thread-1] INFO  server.RaftServerConfigKeys (ConfUtils.java:logGet(43)) - raft.server.storage.dir = [/workdir/hadoop-ozone/integration-test/target/test-dir/MiniOzoneClusterImpl-af41d755-250d-41c0-9b7d-b62086ffbdd4/datanode-7/data/ratis] (custom)
2019-11-12 23:39:05,126 [pool-579-thread-1] INFO  server.RaftServerConfigKeys (ConfUtils.java:logGet(43)) - raft.server.log.corruption.policy = EXCEPTION (default)
2019-11-12 23:39:05,127 [pool-579-thread-1] INFO  storage.RaftStorageDirectory (RaftStorageDirectory.java:analyzeStorage(246)) - The storage directory /workdir/hadoop-ozone/integration-test/target/test-dir/MiniOzoneClusterImpl-af41d755-250d-41c0-9b7d-b62086ffbdd4/datanode-7/data/ratis/6d7e9d7f-7b1f-40bf-9971-79031bff9747 does not exist. Creating ...
2019-11-12 23:39:05,139 [pool-589-thread-1] INFO  storage.RaftStorageDirectory (RaftStorageDirectory.java:tryLock(328)) - Lock on /workdir/hadoop-ozone/integration-test/target/test-dir/MiniOzoneClusterImpl-af41d755-250d-41c0-9b7d-b62086ffbdd4/datanode-8/data/ratis/6d7e9d7f-7b1f-40bf-9971-79031bff9747/in_use.lock acquired by nodename 11492@pr-hdds-2375-hvwjp-2869937553
2019-11-12 23:39:05,139 [pool-569-thread-1] INFO  storage.RaftStorageDirectory (RaftStorageDirectory.java:tryLock(328)) - Lock on /workdir/hadoop-ozone/integration-test/target/test-dir/MiniOzoneClusterImpl-af41d755-250d-41c0-9b7d-b62086ffbdd4/datanode-6/data/ratis/6d7e9d7f-7b1f-40bf-9971-79031bff9747/in_use.lock acquired by nodename 11492@pr-hdds-2375-hvwjp-2869937553
2019-11-12 23:39:05,139 [pool-579-thread-1] INFO  storage.RaftStorageDirectory (RaftStorageDirectory.java:tryLock(328)) - Lock on /workdir/hadoop-ozone/integration-test/target/test-dir/MiniOzoneClusterImpl-af41d755-250d-41c0-9b7d-b62086ffbdd4/datanode-7/data/ratis/6d7e9d7f-7b1f-40bf-9971-79031bff9747/in_use.lock acquired by nodename 11492@pr-hdds-2375-hvwjp-2869937553
2019-11-12 23:39:05,152 [pool-579-thread-1] INFO  storage.RaftStorage (RaftStorage.java:format(84)) - Storage directory /workdir/hadoop-ozone/integration-test/target/test-dir/MiniOzoneClusterImpl-af41d755-250d-41c0-9b7d-b62086ffbdd4/datanode-7/data/ratis/6d7e9d7f-7b1f-40bf-9971-79031bff9747 has been successfully formatted.
2019-11-12 23:39:05,152 [pool-569-thread-1] INFO  storage.RaftStorage (RaftStorage.java:format(84)) - Storage directory /workdir/hadoop-ozone/integration-test/target/test-dir/MiniOzoneClusterImpl-af41d755-250d-41c0-9b7d-b62086ffbdd4/datanode-6/data/ratis/6d7e9d7f-7b1f-40bf-9971-79031bff9747 has been successfully formatted.
2019-11-12 23:39:05,152 [pool-579-thread-1] INFO  ratis.ContainerStateMachine (ContainerStateMachine.java:loadSnapshot(223)) - group-79031BFF9747: The snapshot info is null. Setting the last applied indexto:(t:0, i:~)
2019-11-12 23:39:05,152 [pool-569-thread-1] INFO  ratis.ContainerStateMachine (ContainerStateMachine.java:loadSnapshot(223)) - group-79031BFF9747: The snapshot info is null. Setting the last applied indexto:(t:0, i:~)
2019-11-12 23:39:05,152 [pool-589-thread-1] INFO  storage.RaftStorage (RaftStorage.java:format(84)) - Storage directory /workdir/hadoop-ozone/integration-test/target/test-dir/MiniOzoneClusterImpl-af41d755-250d-41c0-9b7d-b62086ffbdd4/datanode-8/data/ratis/6d7e9d7f-7b1f-40bf-9971-79031bff9747 has been successfully formatted.
2019-11-12 23:39:05,152 [pool-569-thread-1] INFO  server.RaftServerConfigKeys (ConfUtils.java:logGet(43)) - raft.server.notification.no-leader.timeout = 120s (custom)
2019-11-12 23:39:05,152 [pool-579-thread-1] INFO  server.RaftServerConfigKeys (ConfUtils.java:logGet(43)) - raft.server.notification.no-leader.timeout = 120s (custom)
2019-11-12 23:39:05,153 [pool-569-thread-1] INFO  server.RaftServerConfigKeys (ConfUtils.java:logGet(43)) - raft.server.log.use.memory = false (default)
2019-11-12 23:39:05,152 [pool-589-thread-1] INFO  ratis.ContainerStateMachine (ContainerStateMachine.java:loadSnapshot(223)) - group-79031BFF9747: The snapshot info is null. Setting the last applied indexto:(t:0, i:~)
2019-11-12 23:39:05,153 [pool-569-thread-1] INFO  server.RaftServerConfigKeys (ConfUtils.java:logGet(43)) - raft.server.log.purge.gap = 1000000 (custom)
2019-11-12 23:39:05,153 [pool-579-thread-1] INFO  server.RaftServerConfigKeys (ConfUtils.java:logGet(43)) - raft.server.log.use.memory = false (default)
2019-11-12 23:39:05,153 [pool-569-thread-1] INFO  server.RaftServerConfigKeys (ConfUtils.java:logGet(43)) - raft.server.log.appender.buffer.byte-limit = 33554432 (custom)
2019-11-12 23:39:05,153 [pool-589-thread-1] INFO  server.RaftServerConfigKeys (ConfUtils.java:logGet(43)) - raft.server.notification.no-leader.timeout = 120s (custom)
2019-11-12 23:39:05,153 [pool-569-thread-1] INFO  server.RaftServerConfigKeys (ConfUtils.java:logGet(43)) - raft.server.log.segment.size.max = 1048576 (custom)
2019-11-12 23:39:05,153 [pool-579-thread-1] INFO  server.RaftServerConfigKeys (ConfUtils.java:logGet(43)) - raft.server.log.purge.gap = 1000000 (custom)
2019-11-12 23:39:05,153 [pool-569-thread-1] INFO  server.RaftServerConfigKeys (ConfUtils.java:logGet(43)) - raft.server.log.segment.cache.num.max = 2 (custom)
2019-11-12 23:39:05,153 [pool-589-thread-1] INFO  server.RaftServerConfigKeys (ConfUtils.java:logGet(43)) - raft.server.log.use.memory = false (default)
2019-11-12 23:39:05,154 [pool-569-thread-1] INFO  segmented.SegmentedRaftLogWorker (SegmentedRaftLogWorker.java:<init>(173)) - new 0cfa4e5a-af9b-49e5-b2c2-1a2dc6cf0616@group-79031BFF9747-SegmentedRaftLogWorker for RaftStorage:Storage Directory /workdir/hadoop-ozone/integration-test/target/test-dir/MiniOzoneClusterImpl-af41d755-250d-41c0-9b7d-b62086ffbdd4/datanode-6/data/ratis/6d7e9d7f-7b1f-40bf-9971-79031bff9747
2019-11-12 23:39:05,153 [pool-579-thread-1] INFO  server.RaftServerConfigKeys (ConfUtils.java:logGet(43)) - raft.server.log.appender.buffer.byte-limit = 33554432 (custom)
2019-11-12 23:39:05,154 [pool-569-thread-1] INFO  server.RaftServerConfigKeys (ConfUtils.java:logGet(43)) - raft.server.log.queue.byte-limit = 2147483647 (custom)
2019-11-12 23:39:05,154 [pool-589-thread-1] INFO  server.RaftServerConfigKeys (ConfUtils.java:logGet(43)) - raft.server.log.purge.gap = 1000000 (custom)
2019-11-12 23:39:05,154 [pool-569-thread-1] INFO  server.RaftServerConfigKeys (ConfUtils.java:logGet(43)) - raft.server.log.queue.element-limit = 1024 (custom)
2019-11-12 23:39:05,154 [pool-579-thread-1] INFO  server.RaftServerConfigKeys (ConfUtils.java:logGet(43)) - raft.server.log.segment.size.max = 1048576 (custom)
2019-11-12 23:39:05,154 [pool-569-thread-1] INFO  server.RaftServerConfigKeys (ConfUtils.java:logGet(43)) - raft.server.log.segment.size.max = 1048576 (custom)
2019-11-12 23:39:05,154 [pool-589-thread-1] INFO  server.RaftServerConfigKeys (ConfUtils.java:logGet(43)) - raft.server.log.appender.buffer.byte-limit = 33554432 (custom)
2019-11-12 23:39:05,154 [pool-569-thread-1] INFO  server.RaftServerConfigKeys (ConfUtils.java:logGet(43)) - raft.server.log.preallocated.size = 16384 (custom)
2019-11-12 23:39:05,154 [pool-579-thread-1] INFO  server.RaftServerConfigKeys (ConfUtils.java:logGet(43)) - raft.server.log.segment.cache.num.max = 2 (custom)
2019-11-12 23:39:05,155 [pool-569-thread-1] INFO  server.RaftServerConfigKeys (ConfUtils.java:logGet(43)) - raft.server.log.write.buffer.size = 33554432 (custom)
2019-11-12 23:39:05,155 [pool-569-thread-1] INFO  server.RaftServerConfigKeys (ConfUtils.java:logGet(43)) - raft.server.log.force.sync.num = 128 (default)
2019-11-12 23:39:05,155 [pool-589-thread-1] INFO  server.RaftServerConfigKeys (ConfUtils.java:logGet(43)) - raft.server.log.segment.size.max = 1048576 (custom)
2019-11-12 23:39:05,155 [pool-569-thread-1] INFO  server.RaftServerConfigKeys (ConfUtils.java:logGet(43)) - raft.server.log.statemachine.data.sync = true (default)
2019-11-12 23:39:05,155 [pool-579-thread-1] INFO  segmented.SegmentedRaftLogWorker (SegmentedRaftLogWorker.java:<init>(173)) - new 2cdd6ea3-e978-43ee-a05f-f9ece739edb4@group-79031BFF9747-SegmentedRaftLogWorker for RaftStorage:Storage Directory /workdir/hadoop-ozone/integration-test/target/test-dir/MiniOzoneClusterImpl-af41d755-250d-41c0-9b7d-b62086ffbdd4/datanode-7/data/ratis/6d7e9d7f-7b1f-40bf-9971-79031bff9747
2019-11-12 23:39:05,155 [pool-569-thread-1] INFO  server.RaftServerConfigKeys (ConfUtils.java:logGet(43)) - raft.server.log.statemachine.data.sync.timeout = 10s (default)
2019-11-12 23:39:05,155 [pool-589-thread-1] INFO  server.RaftServerConfigKeys (ConfUtils.java:logGet(43)) - raft.server.log.segment.cache.num.max = 2 (custom)
2019-11-12 23:39:05,155 [pool-569-thread-1] INFO  server.RaftServerConfigKeys (ConfUtils.java:logGet(43)) - raft.server.log.statemachine.data.sync.timeout.retry = -1 (default)
2019-11-12 23:39:05,155 [pool-579-thread-1] INFO  server.RaftServerConfigKeys (ConfUtils.java:logGet(43)) - raft.server.log.queue.byte-limit = 2147483647 (custom)
2019-11-12 23:39:05,156 [pool-569-thread-1] INFO  server.RaftServerConfigKeys (ConfUtils.java:logGet(43)) - raft.server.log.statemachine.data.caching.enabled = true (custom)
2019-11-12 23:39:05,155 [pool-589-thread-1] INFO  segmented.SegmentedRaftLogWorker (SegmentedRaftLogWorker.java:<init>(173)) - new bf4ebe41-a6c2-4458-a321-fc167af3521b@group-79031BFF9747-SegmentedRaftLogWorker for RaftStorage:Storage Directory /workdir/hadoop-ozone/integration-test/target/test-dir/MiniOzoneClusterImpl-af41d755-250d-41c0-9b7d-b62086ffbdd4/datanode-8/data/ratis/6d7e9d7f-7b1f-40bf-9971-79031bff9747
2019-11-12 23:39:05,156 [pool-579-thread-1] INFO  server.RaftServerConfigKeys (ConfUtils.java:logGet(43)) - raft.server.log.queue.element-limit = 1024 (custom)
2019-11-12 23:39:05,156 [pool-569-thread-1] INFO  segmented.SegmentedRaftLogWorker (SegmentedRaftLogWorker.java:lambda$new$0(128)) - 0cfa4e5a-af9b-49e5-b2c2-1a2dc6cf0616@group-79031BFF9747-SegmentedRaftLogWorker: flushIndex: setUnconditionally 0 -> -1
2019-11-12 23:39:05,156 [pool-589-thread-1] INFO  server.RaftServerConfigKeys (ConfUtils.java:logGet(43)) - raft.server.log.queue.byte-limit = 2147483647 (custom)
2019-11-12 23:39:05,156 [pool-579-thread-1] INFO  server.RaftServerConfigKeys (ConfUtils.java:logGet(43)) - raft.server.log.segment.size.max = 1048576 (custom)
2019-11-12 23:39:05,156 [pool-569-thread-1] INFO  server.RaftServerConfigKeys (ConfUtils.java:logGet(43)) - raft.server.snapshot.auto.trigger.enabled = true (custom)
2019-11-12 23:39:05,156 [pool-589-thread-1] INFO  server.RaftServerConfigKeys (ConfUtils.java:logGet(43)) - raft.server.log.queue.element-limit = 1024 (custom)
2019-11-12 23:39:05,157 [pool-569-thread-1] INFO  server.RaftServerConfigKeys (ConfUtils.java:logGet(43)) - raft.server.snapshot.auto.trigger.threshold = 10000 (custom)
2019-11-12 23:39:05,157 [pool-569-thread-1] INFO  server.RaftServerConfigKeys (ConfUtils.java:logGet(43)) - raft.server.snapshot.retention.file.num = 5 (custom)
2019-11-12 23:39:05,156 [pool-579-thread-1] INFO  server.RaftServerConfigKeys (ConfUtils.java:logGet(43)) - raft.server.log.preallocated.size = 16384 (custom)
2019-11-12 23:39:05,157 [pool-569-thread-1] INFO  server.RaftServerConfigKeys (ConfUtils.java:logGet(43)) - raft.server.retrycache.expirytime = 600000ms (custom)
2019-11-12 23:39:05,157 [pool-589-thread-1] INFO  server.RaftServerConfigKeys (ConfUtils.java:logGet(43)) - raft.server.log.segment.size.max = 1048576 (custom)
2019-11-12 23:39:05,157 [pool-569-thread-1] WARN  impl.MetricRegistriesImpl (MetricRegistriesImpl.java:lambda$create$1(61)) - First MetricRegistry has been created without registering reporters. You may need to call MetricRegistries.global().addReportRegistration(...) before.
2019-11-12 23:39:05,157 [pool-579-thread-1] INFO  server.RaftServerConfigKeys (ConfUtils.java:logGet(43)) - raft.server.log.write.buffer.size = 33554432 (custom)
2019-11-12 23:39:05,157 [pool-569-thread-1] WARN  impl.MetricRegistriesImpl (MetricRegistriesImpl.java:lambda$create$1(61)) - First MetricRegistry has been created without registering reporters. You may need to call MetricRegistries.global().addReportRegistration(...) before.
2019-11-12 23:39:05,157 [pool-589-thread-1] INFO  server.RaftServerConfigKeys (ConfUtils.java:logGet(43)) - raft.server.log.preallocated.size = 16384 (custom)
2019-11-12 23:39:05,158 [pool-569-thread-1] INFO  impl.RaftServerImpl (RaftServerImpl.java:start(184)) - 0cfa4e5a-af9b-49e5-b2c2-1a2dc6cf0616@group-79031BFF9747: start as a follower, conf=-1: [0cfa4e5a-af9b-49e5-b2c2-1a2dc6cf0616:192.168.164.236:41598, 2cdd6ea3-e978-43ee-a05f-f9ece739edb4:192.168.164.236:34677, bf4ebe41-a6c2-4458-a321-fc167af3521b:192.168.164.236:39425], old=null
2019-11-12 23:39:05,158 [pool-569-thread-1] INFO  impl.RaftServerImpl (RaftServerImpl.java:setRole(173)) - 0cfa4e5a-af9b-49e5-b2c2-1a2dc6cf0616@group-79031BFF9747: changes role from      null to FOLLOWER at term 0 for startAsFollower
2019-11-12 23:39:05,157 [pool-579-thread-1] INFO  server.RaftServerConfigKeys (ConfUtils.java:logGet(43)) - raft.server.log.force.sync.num = 128 (default)
2019-11-12 23:39:05,158 [pool-569-thread-1] INFO  impl.RoleInfo (RoleInfo.java:updateAndGet(143)) - 0cfa4e5a-af9b-49e5-b2c2-1a2dc6cf0616: start FollowerState
2019-11-12 23:39:05,158 [pool-589-thread-1] INFO  server.RaftServerConfigKeys (ConfUtils.java:logGet(43)) - raft.server.log.write.buffer.size = 33554432 (custom)
2019-11-12 23:39:05,158 [pool-579-thread-1] INFO  server.RaftServerConfigKeys (ConfUtils.java:logGet(43)) - raft.server.log.statemachine.data.sync = true (default)
2019-11-12 23:39:05,158 [pool-589-thread-1] INFO  server.RaftServerConfigKeys (ConfUtils.java:logGet(43)) - raft.server.log.force.sync.num = 128 (default)
2019-11-12 23:39:05,158 [pool-569-thread-1] INFO  util.JmxRegister (JmxRegister.java:tryRegister(44)) - Successfully registered JMX Bean with object name Ratis:service=RaftServer,group=group-79031BFF9747,id=0cfa4e5a-af9b-49e5-b2c2-1a2dc6cf0616
2019-11-12 23:39:05,158 [pool-579-thread-1] INFO  server.RaftServerConfigKeys (ConfUtils.java:logGet(43)) - raft.server.log.statemachine.data.sync.timeout = 10s (default)
2019-11-12 23:39:05,159 [pool-569-thread-1] WARN  impl.MetricRegistriesImpl (MetricRegistriesImpl.java:lambda$create$1(61)) - First MetricRegistry has been created without registering reporters. You may need to call MetricRegistries.global().addReportRegistration(...) before.
2019-11-12 23:39:05,158 [pool-589-thread-1] INFO  server.RaftServerConfigKeys (ConfUtils.java:logGet(43)) - raft.server.log.statemachine.data.sync = true (default)
2019-11-12 23:39:05,159 [pool-579-thread-1] INFO  server.RaftServerConfigKeys (ConfUtils.java:logGet(43)) - raft.server.log.statemachine.data.sync.timeout.retry = -1 (default)
2019-11-12 23:39:05,159 [pool-589-thread-1] INFO  server.RaftServerConfigKeys (ConfUtils.java:logGet(43)) - raft.server.log.statemachine.data.sync.timeout = 10s (default)
2019-11-12 23:39:05,159 [pool-579-thread-1] INFO  server.RaftServerConfigKeys (ConfUtils.java:logGet(43)) - raft.server.log.statemachine.data.caching.enabled = true (custom)
2019-11-12 23:39:05,159 [pool-589-thread-1] INFO  server.RaftServerConfigKeys (ConfUtils.java:logGet(43)) - raft.server.log.statemachine.data.sync.timeout.retry = -1 (default)
2019-11-12 23:39:05,159 [pool-579-thread-1] INFO  segmented.SegmentedRaftLogWorker (SegmentedRaftLogWorker.java:lambda$new$0(128)) - 2cdd6ea3-e978-43ee-a05f-f9ece739edb4@group-79031BFF9747-SegmentedRaftLogWorker: flushIndex: setUnconditionally 0 -> -1
2019-11-12 23:39:05,159 [pool-589-thread-1] INFO  server.RaftServerConfigKeys (ConfUtils.java:logGet(43)) - raft.server.log.statemachine.data.caching.enabled = true (custom)
2019-11-12 23:39:05,160 [pool-589-thread-1] INFO  segmented.SegmentedRaftLogWorker (SegmentedRaftLogWorker.java:lambda$new$0(128)) - bf4ebe41-a6c2-4458-a321-fc167af3521b@group-79031BFF9747-SegmentedRaftLogWorker: flushIndex: setUnconditionally 0 -> -1
2019-11-12 23:39:05,160 [pool-579-thread-1] INFO  server.RaftServerConfigKeys (ConfUtils.java:logGet(43)) - raft.server.snapshot.auto.trigger.enabled = true (custom)
2019-11-12 23:39:05,160 [pool-589-thread-1] INFO  server.RaftServerConfigKeys (ConfUtils.java:logGet(43)) - raft.server.snapshot.auto.trigger.enabled = true (custom)
2019-11-12 23:39:05,160 [pool-579-thread-1] INFO  server.RaftServerConfigKeys (ConfUtils.java:logGet(43)) - raft.server.snapshot.auto.trigger.threshold = 10000 (custom)
2019-11-12 23:39:05,160 [pool-589-thread-1] INFO  server.RaftServerConfigKeys (ConfUtils.java:logGet(43)) - raft.server.snapshot.auto.trigger.threshold = 10000 (custom)
2019-11-12 23:39:05,160 [pool-579-thread-1] INFO  server.RaftServerConfigKeys (ConfUtils.java:logGet(43)) - raft.server.snapshot.retention.file.num = 5 (custom)
2019-11-12 23:39:05,160 [pool-589-thread-1] INFO  server.RaftServerConfigKeys (ConfUtils.java:logGet(43)) - raft.server.snapshot.retention.file.num = 5 (custom)
2019-11-12 23:39:05,160 [pool-579-thread-1] INFO  server.RaftServerConfigKeys (ConfUtils.java:logGet(43)) - raft.server.retrycache.expirytime = 600000ms (custom)
2019-11-12 23:39:05,161 [pool-589-thread-1] INFO  server.RaftServerConfigKeys (ConfUtils.java:logGet(43)) - raft.server.retrycache.expirytime = 600000ms (custom)
2019-11-12 23:39:05,161 [pool-579-thread-1] WARN  impl.MetricRegistriesImpl (MetricRegistriesImpl.java:lambda$create$1(61)) - First MetricRegistry has been created without registering reporters. You may need to call MetricRegistries.global().addReportRegistration(...) before.
2019-11-12 23:39:05,161 [pool-589-thread-1] WARN  impl.MetricRegistriesImpl (MetricRegistriesImpl.java:lambda$create$1(61)) - First MetricRegistry has been created without registering reporters. You may need to call MetricRegistries.global().addReportRegistration(...) before.
2019-11-12 23:39:05,161 [pool-579-thread-1] WARN  impl.MetricRegistriesImpl (MetricRegistriesImpl.java:lambda$create$1(61)) - First MetricRegistry has been created without registering reporters. You may need to call MetricRegistries.global().addReportRegistration(...) before.
2019-11-12 23:39:05,161 [pool-589-thread-1] WARN  impl.MetricRegistriesImpl (MetricRegistriesImpl.java:lambda$create$1(61)) - First MetricRegistry has been created without registering reporters. You may need to call MetricRegistries.global().addReportRegistration(...) before.
2019-11-12 23:39:05,161 [pool-579-thread-1] INFO  impl.RaftServerImpl (RaftServerImpl.java:start(184)) - 2cdd6ea3-e978-43ee-a05f-f9ece739edb4@group-79031BFF9747: start as a follower, conf=-1: [0cfa4e5a-af9b-49e5-b2c2-1a2dc6cf0616:192.168.164.236:41598, 2cdd6ea3-e978-43ee-a05f-f9ece739edb4:192.168.164.236:34677, bf4ebe41-a6c2-4458-a321-fc167af3521b:192.168.164.236:39425], old=null
2019-11-12 23:39:05,161 [pool-589-thread-1] INFO  impl.RaftServerImpl (RaftServerImpl.java:start(184)) - bf4ebe41-a6c2-4458-a321-fc167af3521b@group-79031BFF9747: start as a follower, conf=-1: [0cfa4e5a-af9b-49e5-b2c2-1a2dc6cf0616:192.168.164.236:41598, 2cdd6ea3-e978-43ee-a05f-f9ece739edb4:192.168.164.236:34677, bf4ebe41-a6c2-4458-a321-fc167af3521b:192.168.164.236:39425], old=null
2019-11-12 23:39:05,161 [pool-579-thread-1] INFO  impl.RaftServerImpl (RaftServerImpl.java:setRole(173)) - 2cdd6ea3-e978-43ee-a05f-f9ece739edb4@group-79031BFF9747: changes role from      null to FOLLOWER at term 0 for startAsFollower
2019-11-12 23:39:05,161 [pool-589-thread-1] INFO  impl.RaftServerImpl (RaftServerImpl.java:setRole(173)) - bf4ebe41-a6c2-4458-a321-fc167af3521b@group-79031BFF9747: changes role from      null to FOLLOWER at term 0 for startAsFollower
2019-11-12 23:39:05,161 [pool-579-thread-1] INFO  impl.RoleInfo (RoleInfo.java:updateAndGet(143)) - 2cdd6ea3-e978-43ee-a05f-f9ece739edb4: start FollowerState
2019-11-12 23:39:05,161 [pool-589-thread-1] INFO  impl.RoleInfo (RoleInfo.java:updateAndGet(143)) - bf4ebe41-a6c2-4458-a321-fc167af3521b: start FollowerState
2019-11-12 23:39:05,162 [pool-579-thread-1] INFO  util.JmxRegister (JmxRegister.java:tryRegister(44)) - Successfully registered JMX Bean with object name Ratis:service=RaftServer,group=group-79031BFF9747,id=2cdd6ea3-e978-43ee-a05f-f9ece739edb4
2019-11-12 23:39:05,162 [pool-589-thread-1] INFO  util.JmxRegister (JmxRegister.java:tryRegister(44)) - Successfully registered JMX Bean with object name Ratis:service=RaftServer,group=group-79031BFF9747,id=bf4ebe41-a6c2-4458-a321-fc167af3521b
2019-11-12 23:39:05,162 [pool-579-thread-1] WARN  impl.MetricRegistriesImpl (MetricRegistriesImpl.java:lambda$create$1(61)) - First MetricRegistry has been created without registering reporters. You may need to call MetricRegistries.global().addReportRegistration(...) before.
2019-11-12 23:39:05,162 [pool-589-thread-1] WARN  impl.MetricRegistriesImpl (MetricRegistriesImpl.java:lambda$create$1(61)) - First MetricRegistry has been created without registering reporters. You may need to call MetricRegistries.global().addReportRegistration(...) before.
2019-11-12 23:39:05,164 [RatisPipelineUtilsThread] INFO  pipeline.PipelineStateManager (PipelineStateManager.java:addPipeline(55)) - Created pipeline Pipeline[ Id: 6d7e9d7f-7b1f-40bf-9971-79031bff9747, Nodes: 2cdd6ea3-e978-43ee-a05f-f9ece739edb4{ip: 192.168.164.236, host: pr-hdds-2375-hvwjp-2869937553, networkLocation: /rack1, certSerialId: null}0cfa4e5a-af9b-49e5-b2c2-1a2dc6cf0616{ip: 192.168.164.236, host: pr-hdds-2375-hvwjp-2869937553, networkLocation: /rack1, certSerialId: null}bf4ebe41-a6c2-4458-a321-fc167af3521b{ip: 192.168.164.236, host: pr-hdds-2375-hvwjp-2869937553, networkLocation: /rack1, certSerialId: null}, Type:RATIS, Factor:THREE, State:ALLOCATED]
2019-11-12 23:39:05,165 [main] INFO  ozone.MiniOzoneClusterImpl (MiniOzoneClusterImpl.java:lambda$waitForClusterToBeReady$2(163)) - Waiting for 12 number of pipelines out of 12, to report a leader.
2019-11-12 23:39:05,561 [Thread-3933] INFO  impl.FollowerState (FollowerState.java:run(111)) - 1f658cad-a8c7-4c86-bbeb-2b40079268d7@group-88C4C379140B-FollowerState: change to CANDIDATE, lastRpcTime:1065ms, electionTimeout:1065ms
2019-11-12 23:39:05,561 [Thread-3933] INFO  impl.RoleInfo (RoleInfo.java:shutdownFollowerState(121)) - 1f658cad-a8c7-4c86-bbeb-2b40079268d7: shutdown FollowerState
2019-11-12 23:39:05,561 [Thread-3933] INFO  impl.RaftServerImpl (RaftServerImpl.java:setRole(173)) - 1f658cad-a8c7-4c86-bbeb-2b40079268d7@group-88C4C379140B: changes role from  FOLLOWER to CANDIDATE at term 0 for changeToCandidate
2019-11-12 23:39:05,561 [Thread-3933] INFO  impl.RoleInfo (RoleInfo.java:updateAndGet(143)) - 1f658cad-a8c7-4c86-bbeb-2b40079268d7: start LeaderElection
2019-11-12 23:39:05,580 [1f658cad-a8c7-4c86-bbeb-2b40079268d7@group-88C4C379140B-LeaderElection160] INFO  impl.LeaderElection (LeaderElection.java:askForVotes(178)) - 1f658cad-a8c7-4c86-bbeb-2b40079268d7@group-88C4C379140B-LeaderElection160: begin an election at term 1 for -1: [1f658cad-a8c7-4c86-bbeb-2b40079268d7:192.168.164.236:44556], old=null
2019-11-12 23:39:05,581 [1f658cad-a8c7-4c86-bbeb-2b40079268d7@group-88C4C379140B-LeaderElection160] INFO  impl.RoleInfo (RoleInfo.java:shutdownLeaderElection(134)) - 1f658cad-a8c7-4c86-bbeb-2b40079268d7: shutdown LeaderElection
2019-11-12 23:39:05,581 [1f658cad-a8c7-4c86-bbeb-2b40079268d7@group-88C4C379140B-LeaderElection160] INFO  impl.RaftServerImpl (RaftServerImpl.java:setRole(173)) - 1f658cad-a8c7-4c86-bbeb-2b40079268d7@group-88C4C379140B: changes role from CANDIDATE to LEADER at term 1 for changeToLeader
2019-11-12 23:39:05,581 [1f658cad-a8c7-4c86-bbeb-2b40079268d7@group-88C4C379140B-LeaderElection160] INFO  ratis.XceiverServerRatis (XceiverServerRatis.java:handleLeaderChangedNotification(697)) - Leader change notification received for group: group-88C4C379140B with new leaderId: 1f658cad-a8c7-4c86-bbeb-2b40079268d7
2019-11-12 23:39:05,581 [1f658cad-a8c7-4c86-bbeb-2b40079268d7@group-88C4C379140B-LeaderElection160] INFO  impl.RaftServerImpl (ServerState.java:setLeader(255)) - 1f658cad-a8c7-4c86-bbeb-2b40079268d7@group-88C4C379140B: change Leader from null to 1f658cad-a8c7-4c86-bbeb-2b40079268d7 at term 1 for becomeLeader, leader elected after 1090ms
2019-11-12 23:39:05,581 [1f658cad-a8c7-4c86-bbeb-2b40079268d7@group-88C4C379140B-LeaderElection160] INFO  server.RaftServerConfigKeys (ConfUtils.java:logGet(43)) - raft.server.staging.catchup.gap = 1000 (default)
2019-11-12 23:39:05,583 [1f658cad-a8c7-4c86-bbeb-2b40079268d7@group-88C4C379140B-LeaderElection160] INFO  server.RaftServerConfigKeys (ConfUtils.java:logGet(43)) - raft.server.rpc.sleep.time = 25ms (default)
2019-11-12 23:39:05,583 [1f658cad-a8c7-4c86-bbeb-2b40079268d7@group-88C4C379140B-LeaderElection160] INFO  server.RaftServerConfigKeys (ConfUtils.java:logGet(43)) - raft.server.write.element-limit = 4096 (default)
2019-11-12 23:39:05,584 [1f658cad-a8c7-4c86-bbeb-2b40079268d7@group-88C4C379140B-LeaderElection160] INFO  server.RaftServerConfigKeys (ConfUtils.java:logGet(43)) - raft.server.watch.timeout = 10s (default)
2019-11-12 23:39:05,584 [1f658cad-a8c7-4c86-bbeb-2b40079268d7@group-88C4C379140B-LeaderElection160] INFO  server.RaftServerConfigKeys (ConfUtils.java:logGet(43)) - raft.server.watch.timeout.denomination = 1s (default)
2019-11-12 23:39:05,584 [1f658cad-a8c7-4c86-bbeb-2b40079268d7@group-88C4C379140B-LeaderElection160] INFO  server.RaftServerConfigKeys (ConfUtils.java:logGet(43)) - raft.server.watch.element-limit = 65536 (default)
2019-11-12 23:39:05,584 [EventQueue-PipelineReportForPipelineReportHandler] INFO  pipeline.PipelineStateManager (PipelineStateManager.java:openPipeline(134)) - Pipeline Pipeline[ Id: 34dcad94-258b-4d1c-a9ae-88c4c379140b, Nodes: 1f658cad-a8c7-4c86-bbeb-2b40079268d7{ip: 192.168.164.236, host: pr-hdds-2375-hvwjp-2869937553, networkLocation: /rack1, certSerialId: null}, Type:RATIS, Factor:ONE, State:OPEN] moved to OPEN state
2019-11-12 23:39:05,584 [1f658cad-a8c7-4c86-bbeb-2b40079268d7@group-88C4C379140B-LeaderElection160] INFO  impl.RoleInfo (RoleInfo.java:updateAndGet(143)) - 1f658cad-a8c7-4c86-bbeb-2b40079268d7: start LeaderState
2019-11-12 23:39:05,585 [1f658cad-a8c7-4c86-bbeb-2b40079268d7@group-88C4C379140B-LeaderElection160] INFO  segmented.SegmentedRaftLogWorker (SegmentedRaftLogWorker.java:startLogSegment(385)) - 1f658cad-a8c7-4c86-bbeb-2b40079268d7@group-88C4C379140B-SegmentedRaftLogWorker: Starting segment from index:0
2019-11-12 23:39:05,585 [1f658cad-a8c7-4c86-bbeb-2b40079268d7@group-88C4C379140B-LeaderElection160] INFO  impl.RaftServerImpl (ServerState.java:setRaftConf(356)) - 1f658cad-a8c7-4c86-bbeb-2b40079268d7@group-88C4C379140B: set configuration 0: [1f658cad-a8c7-4c86-bbeb-2b40079268d7:192.168.164.236:44556], old=null at 0
2019-11-12 23:39:05,674 [1f658cad-a8c7-4c86-bbeb-2b40079268d7@group-88C4C379140B-SegmentedRaftLogWorker] INFO  segmented.SegmentedRaftLogWorker (SegmentedRaftLogWorker.java:execute(576)) - 1f658cad-a8c7-4c86-bbeb-2b40079268d7@group-88C4C379140B-SegmentedRaftLogWorker: created new log segment /workdir/hadoop-ozone/integration-test/target/test-dir/MiniOzoneClusterImpl-af41d755-250d-41c0-9b7d-b62086ffbdd4/datanode-0/data/ratis/34dcad94-258b-4d1c-a9ae-88c4c379140b/current/log_inprogress_0
2019-11-12 23:39:05,721 [Thread-3942] INFO  impl.FollowerState (FollowerState.java:run(111)) - 1f658cad-a8c7-4c86-bbeb-2b40079268d7@group-EC001728B81A-FollowerState: change to CANDIDATE, lastRpcTime:1041ms, electionTimeout:1041ms
2019-11-12 23:39:05,721 [Thread-3936] INFO  impl.FollowerState (FollowerState.java:run(111)) - 56d70f56-ceb9-47f6-9690-e0ced3248985@group-915DDFA4325C-FollowerState: change to CANDIDATE, lastRpcTime:1174ms, electionTimeout:1174ms
2019-11-12 23:39:05,721 [Thread-3942] INFO  impl.RoleInfo (RoleInfo.java:shutdownFollowerState(121)) - 1f658cad-a8c7-4c86-bbeb-2b40079268d7: shutdown FollowerState
2019-11-12 23:39:05,722 [Thread-3936] INFO  impl.RoleInfo (RoleInfo.java:shutdownFollowerState(121)) - 56d70f56-ceb9-47f6-9690-e0ced3248985: shutdown FollowerState
2019-11-12 23:39:05,722 [Thread-3942] INFO  impl.RaftServerImpl (RaftServerImpl.java:setRole(173)) - 1f658cad-a8c7-4c86-bbeb-2b40079268d7@group-EC001728B81A: changes role from  FOLLOWER to CANDIDATE at term 0 for changeToCandidate
2019-11-12 23:39:05,722 [Thread-3936] INFO  impl.RaftServerImpl (RaftServerImpl.java:setRole(173)) - 56d70f56-ceb9-47f6-9690-e0ced3248985@group-915DDFA4325C: changes role from  FOLLOWER to CANDIDATE at term 0 for changeToCandidate
2019-11-12 23:39:05,722 [Thread-3942] INFO  impl.RoleInfo (RoleInfo.java:updateAndGet(143)) - 1f658cad-a8c7-4c86-bbeb-2b40079268d7: start LeaderElection
2019-11-12 23:39:05,722 [Thread-3936] INFO  impl.RoleInfo (RoleInfo.java:updateAndGet(143)) - 56d70f56-ceb9-47f6-9690-e0ced3248985: start LeaderElection
2019-11-12 23:39:05,744 [56d70f56-ceb9-47f6-9690-e0ced3248985@group-915DDFA4325C-LeaderElection162] INFO  impl.LeaderElection (LeaderElection.java:askForVotes(178)) - 56d70f56-ceb9-47f6-9690-e0ced3248985@group-915DDFA4325C-LeaderElection162: begin an election at term 1 for -1: [56d70f56-ceb9-47f6-9690-e0ced3248985:192.168.164.236:34224], old=null
2019-11-12 23:39:05,744 [1f658cad-a8c7-4c86-bbeb-2b40079268d7@group-EC001728B81A-LeaderElection161] INFO  impl.LeaderElection (LeaderElection.java:askForVotes(178)) - 1f658cad-a8c7-4c86-bbeb-2b40079268d7@group-EC001728B81A-LeaderElection161: begin an election at term 1 for -1: [56d70f56-ceb9-47f6-9690-e0ced3248985:192.168.164.236:34224, 1f658cad-a8c7-4c86-bbeb-2b40079268d7:192.168.164.236:44556, 98dbddad-cff4-4f87-9188-db1d76df9501:192.168.164.236:45282], old=null
2019-11-12 23:39:05,744 [56d70f56-ceb9-47f6-9690-e0ced3248985@group-915DDFA4325C-LeaderElection162] INFO  impl.RoleInfo (RoleInfo.java:shutdownLeaderElection(134)) - 56d70f56-ceb9-47f6-9690-e0ced3248985: shutdown LeaderElection
2019-11-12 23:39:05,744 [56d70f56-ceb9-47f6-9690-e0ced3248985@group-915DDFA4325C-LeaderElection162] INFO  impl.RaftServerImpl (RaftServerImpl.java:setRole(173)) - 56d70f56-ceb9-47f6-9690-e0ced3248985@group-915DDFA4325C: changes role from CANDIDATE to LEADER at term 1 for changeToLeader
2019-11-12 23:39:05,744 [56d70f56-ceb9-47f6-9690-e0ced3248985@group-915DDFA4325C-LeaderElection162] INFO  ratis.XceiverServerRatis (XceiverServerRatis.java:handleLeaderChangedNotification(697)) - Leader change notification received for group: group-915DDFA4325C with new leaderId: 56d70f56-ceb9-47f6-9690-e0ced3248985
2019-11-12 23:39:05,745 [56d70f56-ceb9-47f6-9690-e0ced3248985@group-915DDFA4325C-LeaderElection162] INFO  impl.RaftServerImpl (ServerState.java:setLeader(255)) - 56d70f56-ceb9-47f6-9690-e0ced3248985@group-915DDFA4325C: change Leader from null to 56d70f56-ceb9-47f6-9690-e0ced3248985 at term 1 for becomeLeader, leader elected after 1200ms
2019-11-12 23:39:05,745 [56d70f56-ceb9-47f6-9690-e0ced3248985@group-915DDFA4325C-LeaderElection162] INFO  server.RaftServerConfigKeys (ConfUtils.java:logGet(43)) - raft.server.staging.catchup.gap = 1000 (default)
2019-11-12 23:39:05,745 [56d70f56-ceb9-47f6-9690-e0ced3248985@group-915DDFA4325C-LeaderElection162] INFO  server.RaftServerConfigKeys (ConfUtils.java:logGet(43)) - raft.server.rpc.sleep.time = 25ms (default)
2019-11-12 23:39:05,748 [56d70f56-ceb9-47f6-9690-e0ced3248985@group-915DDFA4325C-LeaderElection162] INFO  server.RaftServerConfigKeys (ConfUtils.java:logGet(43)) - raft.server.write.element-limit = 4096 (default)
2019-11-12 23:39:05,748 [56d70f56-ceb9-47f6-9690-e0ced3248985@group-915DDFA4325C-LeaderElection162] INFO  server.RaftServerConfigKeys (ConfUtils.java:logGet(43)) - raft.server.watch.timeout = 10s (default)
2019-11-12 23:39:05,748 [56d70f56-ceb9-47f6-9690-e0ced3248985@group-915DDFA4325C-LeaderElection162] INFO  server.RaftServerConfigKeys (ConfUtils.java:logGet(43)) - raft.server.watch.timeout.denomination = 1s (default)
2019-11-12 23:39:05,748 [EventQueue-PipelineReportForPipelineReportHandler] INFO  pipeline.PipelineStateManager (PipelineStateManager.java:openPipeline(134)) - Pipeline Pipeline[ Id: 848b1c69-284f-48d7-b62e-915ddfa4325c, Nodes: 56d70f56-ceb9-47f6-9690-e0ced3248985{ip: 192.168.164.236, host: pr-hdds-2375-hvwjp-2869937553, networkLocation: /rack1, certSerialId: null}, Type:RATIS, Factor:ONE, State:OPEN] moved to OPEN state
2019-11-12 23:39:05,748 [56d70f56-ceb9-47f6-9690-e0ced3248985@group-915DDFA4325C-LeaderElection162] INFO  server.RaftServerConfigKeys (ConfUtils.java:logGet(43)) - raft.server.watch.element-limit = 65536 (default)
2019-11-12 23:39:05,748 [56d70f56-ceb9-47f6-9690-e0ced3248985@group-915DDFA4325C-LeaderElection162] INFO  impl.RoleInfo (RoleInfo.java:updateAndGet(143)) - 56d70f56-ceb9-47f6-9690-e0ced3248985: start LeaderState
2019-11-12 23:39:05,749 [56d70f56-ceb9-47f6-9690-e0ced3248985@group-915DDFA4325C-LeaderElection162] INFO  segmented.SegmentedRaftLogWorker (SegmentedRaftLogWorker.java:startLogSegment(385)) - 56d70f56-ceb9-47f6-9690-e0ced3248985@group-915DDFA4325C-SegmentedRaftLogWorker: Starting segment from index:0
2019-11-12 23:39:05,749 [56d70f56-ceb9-47f6-9690-e0ced3248985@group-915DDFA4325C-LeaderElection162] INFO  impl.RaftServerImpl (ServerState.java:setRaftConf(356)) - 56d70f56-ceb9-47f6-9690-e0ced3248985@group-915DDFA4325C: set configuration 0: [56d70f56-ceb9-47f6-9690-e0ced3248985:192.168.164.236:34224], old=null at 0
2019-11-12 23:39:05,786 [grpc-default-executor-6] INFO  impl.RaftServerImpl (RaftServerImpl.java:setRole(173)) - 56d70f56-ceb9-47f6-9690-e0ced3248985@group-EC001728B81A: changes role from  FOLLOWER to FOLLOWER at term 1 for recognizeCandidate:1f658cad-a8c7-4c86-bbeb-2b40079268d7
2019-11-12 23:39:05,788 [grpc-default-executor-7] INFO  impl.RaftServerImpl (RaftServerImpl.java:setRole(173)) - 98dbddad-cff4-4f87-9188-db1d76df9501@group-EC001728B81A: changes role from  FOLLOWER to FOLLOWER at term 1 for recognizeCandidate:1f658cad-a8c7-4c86-bbeb-2b40079268d7
2019-11-12 23:39:05,788 [grpc-default-executor-6] INFO  impl.RoleInfo (RoleInfo.java:shutdownFollowerState(121)) - 56d70f56-ceb9-47f6-9690-e0ced3248985: shutdown FollowerState
2019-11-12 23:39:05,788 [grpc-default-executor-7] INFO  impl.RoleInfo (RoleInfo.java:shutdownFollowerState(121)) - 98dbddad-cff4-4f87-9188-db1d76df9501: shutdown FollowerState
2019-11-12 23:39:05,789 [grpc-default-executor-6] INFO  impl.RoleInfo (RoleInfo.java:updateAndGet(143)) - 56d70f56-ceb9-47f6-9690-e0ced3248985: start FollowerState
2019-11-12 23:39:05,789 [Thread-3946] INFO  impl.FollowerState (FollowerState.java:run(120)) - 98dbddad-cff4-4f87-9188-db1d76df9501@group-EC001728B81A-FollowerState was interrupted: java.lang.InterruptedException: sleep interrupted
2019-11-12 23:39:05,789 [grpc-default-executor-7] INFO  impl.RoleInfo (RoleInfo.java:updateAndGet(143)) - 98dbddad-cff4-4f87-9188-db1d76df9501: start FollowerState
2019-11-12 23:39:05,789 [Thread-3947] INFO  impl.FollowerState (FollowerState.java:run(120)) - 56d70f56-ceb9-47f6-9690-e0ced3248985@group-EC001728B81A-FollowerState was interrupted: java.lang.InterruptedException: sleep interrupted
2019-11-12 23:39:05,799 [56d70f56-ceb9-47f6-9690-e0ced3248985@group-915DDFA4325C-SegmentedRaftLogWorker] INFO  segmented.SegmentedRaftLogWorker (SegmentedRaftLogWorker.java:execute(576)) - 56d70f56-ceb9-47f6-9690-e0ced3248985@group-915DDFA4325C-SegmentedRaftLogWorker: created new log segment /workdir/hadoop-ozone/integration-test/target/test-dir/MiniOzoneClusterImpl-af41d755-250d-41c0-9b7d-b62086ffbdd4/datanode-1/data/ratis/848b1c69-284f-48d7-b62e-915ddfa4325c/current/log_inprogress_0
2019-11-12 23:39:05,800 [1f658cad-a8c7-4c86-bbeb-2b40079268d7@group-EC001728B81A-LeaderElection161] INFO  impl.LeaderElection (LeaderElection.java:logAndReturn(56)) - 1f658cad-a8c7-4c86-bbeb-2b40079268d7@group-EC001728B81A-LeaderElection161: Election PASSED; received 1 response(s) [1f658cad-a8c7-4c86-bbeb-2b40079268d7<-56d70f56-ceb9-47f6-9690-e0ced3248985#0:OK-t1] and 0 exception(s); 1f658cad-a8c7-4c86-bbeb-2b40079268d7@group-EC001728B81A:t1, leader=null, voted=1f658cad-a8c7-4c86-bbeb-2b40079268d7, raftlog=1f658cad-a8c7-4c86-bbeb-2b40079268d7@group-EC001728B81A-SegmentedRaftLog:OPENED:c-1,f-1,i0, conf=-1: [56d70f56-ceb9-47f6-9690-e0ced3248985:192.168.164.236:34224, 1f658cad-a8c7-4c86-bbeb-2b40079268d7:192.168.164.236:44556, 98dbddad-cff4-4f87-9188-db1d76df9501:192.168.164.236:45282], old=null
2019-11-12 23:39:05,800 [1f658cad-a8c7-4c86-bbeb-2b40079268d7@group-EC001728B81A-LeaderElection161] INFO  impl.RoleInfo (RoleInfo.java:shutdownLeaderElection(134)) - 1f658cad-a8c7-4c86-bbeb-2b40079268d7: shutdown LeaderElection
2019-11-12 23:39:05,800 [1f658cad-a8c7-4c86-bbeb-2b40079268d7@group-EC001728B81A-LeaderElection161] INFO  impl.RaftServerImpl (RaftServerImpl.java:setRole(173)) - 1f658cad-a8c7-4c86-bbeb-2b40079268d7@group-EC001728B81A: changes role from CANDIDATE to LEADER at term 1 for changeToLeader
2019-11-12 23:39:05,800 [1f658cad-a8c7-4c86-bbeb-2b40079268d7@group-EC001728B81A-LeaderElection161] INFO  ratis.XceiverServerRatis (XceiverServerRatis.java:handleLeaderChangedNotification(697)) - Leader change notification received for group: group-EC001728B81A with new leaderId: 1f658cad-a8c7-4c86-bbeb-2b40079268d7
2019-11-12 23:39:05,800 [1f658cad-a8c7-4c86-bbeb-2b40079268d7@group-EC001728B81A-LeaderElection161] INFO  impl.RaftServerImpl (ServerState.java:setLeader(255)) - 1f658cad-a8c7-4c86-bbeb-2b40079268d7@group-EC001728B81A: change Leader from null to 1f658cad-a8c7-4c86-bbeb-2b40079268d7 at term 1 for becomeLeader, leader elected after 1127ms
2019-11-12 23:39:05,801 [1f658cad-a8c7-4c86-bbeb-2b40079268d7@group-EC001728B81A-LeaderElection161] INFO  server.RaftServerConfigKeys (ConfUtils.java:logGet(43)) - raft.server.staging.catchup.gap = 1000 (default)
2019-11-12 23:39:05,801 [1f658cad-a8c7-4c86-bbeb-2b40079268d7@group-EC001728B81A-LeaderElection161] INFO  server.RaftServerConfigKeys (ConfUtils.java:logGet(43)) - raft.server.rpc.sleep.time = 25ms (default)
2019-11-12 23:39:05,801 [Thread-3939] INFO  impl.FollowerState (FollowerState.java:run(111)) - 98dbddad-cff4-4f87-9188-db1d76df9501@group-B25351C4867C-FollowerState: change to CANDIDATE, lastRpcTime:1174ms, electionTimeout:1174ms
2019-11-12 23:39:05,801 [1f658cad-a8c7-4c86-bbeb-2b40079268d7@group-EC001728B81A-LeaderElection161] INFO  server.RaftServerConfigKeys (ConfUtils.java:logGet(43)) - raft.server.write.element-limit = 4096 (default)
2019-11-12 23:39:05,801 [Thread-3939] INFO  impl.RoleInfo (RoleInfo.java:shutdownFollowerState(121)) - 98dbddad-cff4-4f87-9188-db1d76df9501: shutdown FollowerState
2019-11-12 23:39:05,801 [1f658cad-a8c7-4c86-bbeb-2b40079268d7@group-EC001728B81A-LeaderElection161] INFO  server.RaftServerConfigKeys (ConfUtils.java:logGet(43)) - raft.server.watch.timeout = 10s (default)
2019-11-12 23:39:05,801 [Thread-3939] INFO  impl.RaftServerImpl (RaftServerImpl.java:setRole(173)) - 98dbddad-cff4-4f87-9188-db1d76df9501@group-B25351C4867C: changes role from  FOLLOWER to CANDIDATE at term 0 for changeToCandidate
2019-11-12 23:39:05,801 [EventQueue-PipelineReportForPipelineReportHandler] INFO  pipeline.PipelineStateManager (PipelineStateManager.java:openPipeline(134)) - Pipeline Pipeline[ Id: a4415209-55a4-4fcc-b8a2-ec001728b81a, Nodes: 56d70f56-ceb9-47f6-9690-e0ced3248985{ip: 192.168.164.236, host: pr-hdds-2375-hvwjp-2869937553, networkLocation: /rack1, certSerialId: null}1f658cad-a8c7-4c86-bbeb-2b40079268d7{ip: 192.168.164.236, host: pr-hdds-2375-hvwjp-2869937553, networkLocation: /rack1, certSerialId: null}98dbddad-cff4-4f87-9188-db1d76df9501{ip: 192.168.164.236, host: pr-hdds-2375-hvwjp-2869937553, networkLocation: /rack1, certSerialId: null}, Type:RATIS, Factor:THREE, State:OPEN] moved to OPEN state
2019-11-12 23:39:05,801 [1f658cad-a8c7-4c86-bbeb-2b40079268d7@group-EC001728B81A-LeaderElection161] INFO  server.RaftServerConfigKeys (ConfUtils.java:logGet(43)) - raft.server.watch.timeout.denomination = 1s (default)
2019-11-12 23:39:05,801 [Thread-3939] INFO  impl.RoleInfo (RoleInfo.java:updateAndGet(143)) - 98dbddad-cff4-4f87-9188-db1d76df9501: start LeaderElection
2019-11-12 23:39:05,802 [1f658cad-a8c7-4c86-bbeb-2b40079268d7@group-EC001728B81A-LeaderElection161] INFO  server.RaftServerConfigKeys (ConfUtils.java:logGet(43)) - raft.server.watch.element-limit = 65536 (default)
2019-11-12 23:39:05,802 [1f658cad-a8c7-4c86-bbeb-2b40079268d7@group-EC001728B81A-LeaderElection161] INFO  server.RaftServerConfigKeys (ConfUtils.java:logGet(43)) - raft.server.log.appender.snapshot.chunk.size.max = 16MB (=16777216) (default)
2019-11-12 23:39:05,806 [1f658cad-a8c7-4c86-bbeb-2b40079268d7@group-EC001728B81A-LeaderElection161] INFO  server.RaftServerConfigKeys (ConfUtils.java:logGet(43)) - raft.server.log.appender.buffer.byte-limit = 33554432 (custom)
2019-11-12 23:39:05,806 [1f658cad-a8c7-4c86-bbeb-2b40079268d7@group-EC001728B81A-LeaderElection161] INFO  server.RaftServerConfigKeys (ConfUtils.java:logGet(43)) - raft.server.log.appender.buffer.element-limit = 1 (custom)
2019-11-12 23:39:05,806 [1f658cad-a8c7-4c86-bbeb-2b40079268d7@group-EC001728B81A-LeaderElection161] INFO  grpc.GrpcConfigKeys$Server (ConfUtils.java:logGet(43)) - raft.grpc.server.leader.outstanding.appends.max = 128 (default)
2019-11-12 23:39:05,806 [1f658cad-a8c7-4c86-bbeb-2b40079268d7@group-EC001728B81A-LeaderElection161] INFO  server.RaftServerConfigKeys (ConfUtils.java:logGet(43)) - raft.server.rpc.request.timeout = 3000ms (default)
2019-11-12 23:39:05,807 [1f658cad-a8c7-4c86-bbeb-2b40079268d7@group-EC001728B81A-LeaderElection161] INFO  server.RaftServerConfigKeys (ConfUtils.java:logGet(43)) - raft.server.log.appender.install.snapshot.enabled = false (custom)
2019-11-12 23:39:05,807 [1f658cad-a8c7-4c86-bbeb-2b40079268d7@group-EC001728B81A-LeaderElection161] WARN  impl.MetricRegistriesImpl (MetricRegistriesImpl.java:lambda$create$1(61)) - First MetricRegistry has been created without registering reporters. You may need to call MetricRegistries.global().addReportRegistration(...) before.
2019-11-12 23:39:05,807 [1f658cad-a8c7-4c86-bbeb-2b40079268d7@group-EC001728B81A-LeaderElection161] INFO  server.RaftServerConfigKeys (ConfUtils.java:logGet(43)) - raft.server.log.appender.snapshot.chunk.size.max = 16MB (=16777216) (default)
2019-11-12 23:39:05,807 [1f658cad-a8c7-4c86-bbeb-2b40079268d7@group-EC001728B81A-LeaderElection161] INFO  server.RaftServerConfigKeys (ConfUtils.java:logGet(43)) - raft.server.log.appender.buffer.byte-limit = 33554432 (custom)
2019-11-12 23:39:05,807 [1f658cad-a8c7-4c86-bbeb-2b40079268d7@group-EC001728B81A-LeaderElection161] INFO  server.RaftServerConfigKeys (ConfUtils.java:logGet(43)) - raft.server.log.appender.buffer.element-limit = 1 (custom)
2019-11-12 23:39:05,808 [1f658cad-a8c7-4c86-bbeb-2b40079268d7@group-EC001728B81A-LeaderElection161] INFO  grpc.GrpcConfigKeys$Server (ConfUtils.java:logGet(43)) - raft.grpc.server.leader.outstanding.appends.max = 128 (default)
2019-11-12 23:39:05,808 [1f658cad-a8c7-4c86-bbeb-2b40079268d7@group-EC001728B81A-LeaderElection161] INFO  server.RaftServerConfigKeys (ConfUtils.java:logGet(43)) - raft.server.rpc.request.timeout = 3000ms (default)
2019-11-12 23:39:05,808 [1f658cad-a8c7-4c86-bbeb-2b40079268d7@group-EC001728B81A-LeaderElection161] INFO  server.RaftServerConfigKeys (ConfUtils.java:logGet(43)) - raft.server.log.appender.install.snapshot.enabled = false (custom)
2019-11-12 23:39:05,808 [1f658cad-a8c7-4c86-bbeb-2b40079268d7@group-EC001728B81A-LeaderElection161] INFO  impl.RoleInfo (RoleInfo.java:updateAndGet(143)) - 1f658cad-a8c7-4c86-bbeb-2b40079268d7: start LeaderState
2019-11-12 23:39:05,808 [1f658cad-a8c7-4c86-bbeb-2b40079268d7@group-EC001728B81A-LeaderElection161] INFO  segmented.SegmentedRaftLogWorker (SegmentedRaftLogWorker.java:startLogSegment(385)) - 1f658cad-a8c7-4c86-bbeb-2b40079268d7@group-EC001728B81A-SegmentedRaftLogWorker: Starting segment from index:0
2019-11-12 23:39:05,809 [1f658cad-a8c7-4c86-bbeb-2b40079268d7@group-EC001728B81A-LeaderElection161] INFO  impl.RaftServerImpl (ServerState.java:setRaftConf(356)) - 1f658cad-a8c7-4c86-bbeb-2b40079268d7@group-EC001728B81A: set configuration 0: [56d70f56-ceb9-47f6-9690-e0ced3248985:192.168.164.236:34224, 1f658cad-a8c7-4c86-bbeb-2b40079268d7:192.168.164.236:44556, 98dbddad-cff4-4f87-9188-db1d76df9501:192.168.164.236:45282], old=null at 0
2019-11-12 23:39:05,839 [grpc-default-executor-6] INFO  ratis.XceiverServerRatis (XceiverServerRatis.java:handleLeaderChangedNotification(697)) - Leader change notification received for group: group-EC001728B81A with new leaderId: 1f658cad-a8c7-4c86-bbeb-2b40079268d7
2019-11-12 23:39:05,843 [grpc-default-executor-7] INFO  ratis.XceiverServerRatis (XceiverServerRatis.java:handleLeaderChangedNotification(697)) - Leader change notification received for group: group-EC001728B81A with new leaderId: 1f658cad-a8c7-4c86-bbeb-2b40079268d7
2019-11-12 23:39:05,844 [grpc-default-executor-7] INFO  impl.RaftServerImpl (ServerState.java:setLeader(255)) - 56d70f56-ceb9-47f6-9690-e0ced3248985@group-EC001728B81A: change Leader from null to 1f658cad-a8c7-4c86-bbeb-2b40079268d7 at term 1 for appendEntries, leader elected after 1171ms
2019-11-12 23:39:05,843 [98dbddad-cff4-4f87-9188-db1d76df9501@group-B25351C4867C-LeaderElection163] INFO  impl.LeaderElection (LeaderElection.java:askForVotes(178)) - 98dbddad-cff4-4f87-9188-db1d76df9501@group-B25351C4867C-LeaderElection163: begin an election at term 1 for -1: [98dbddad-cff4-4f87-9188-db1d76df9501:192.168.164.236:45282], old=null
2019-11-12 23:39:05,844 [grpc-default-executor-6] INFO  impl.RaftServerImpl (ServerState.java:setLeader(255)) - 98dbddad-cff4-4f87-9188-db1d76df9501@group-EC001728B81A: change Leader from null to 1f658cad-a8c7-4c86-bbeb-2b40079268d7 at term 1 for appendEntries, leader elected after 1166ms
2019-11-12 23:39:05,845 [98dbddad-cff4-4f87-9188-db1d76df9501@group-B25351C4867C-LeaderElection163] INFO  impl.RoleInfo (RoleInfo.java:shutdownLeaderElection(134)) - 98dbddad-cff4-4f87-9188-db1d76df9501: shutdown LeaderElection
2019-11-12 23:39:05,846 [98dbddad-cff4-4f87-9188-db1d76df9501@group-B25351C4867C-LeaderElection163] INFO  impl.RaftServerImpl (RaftServerImpl.java:setRole(173)) - 98dbddad-cff4-4f87-9188-db1d76df9501@group-B25351C4867C: changes role from CANDIDATE to LEADER at term 1 for changeToLeader
2019-11-12 23:39:05,846 [98dbddad-cff4-4f87-9188-db1d76df9501@group-B25351C4867C-LeaderElection163] INFO  ratis.XceiverServerRatis (XceiverServerRatis.java:handleLeaderChangedNotification(697)) - Leader change notification received for group: group-B25351C4867C with new leaderId: 98dbddad-cff4-4f87-9188-db1d76df9501
2019-11-12 23:39:05,847 [98dbddad-cff4-4f87-9188-db1d76df9501@group-B25351C4867C-LeaderElection163] INFO  impl.RaftServerImpl (ServerState.java:setLeader(255)) - 98dbddad-cff4-4f87-9188-db1d76df9501@group-B25351C4867C: change Leader from null to 98dbddad-cff4-4f87-9188-db1d76df9501 at term 1 for becomeLeader, leader elected after 1224ms
2019-11-12 23:39:05,847 [98dbddad-cff4-4f87-9188-db1d76df9501@group-B25351C4867C-LeaderElection163] INFO  server.RaftServerConfigKeys (ConfUtils.java:logGet(43)) - raft.server.staging.catchup.gap = 1000 (default)
2019-11-12 23:39:05,850 [98dbddad-cff4-4f87-9188-db1d76df9501@group-B25351C4867C-LeaderElection163] INFO  server.RaftServerConfigKeys (ConfUtils.java:logGet(43)) - raft.server.rpc.sleep.time = 25ms (default)
2019-11-12 23:39:05,850 [grpc-default-executor-6] INFO  impl.RaftServerImpl (ServerState.java:setRaftConf(356)) - 56d70f56-ceb9-47f6-9690-e0ced3248985@group-EC001728B81A: set configuration 0: [56d70f56-ceb9-47f6-9690-e0ced3248985:192.168.164.236:34224, 1f658cad-a8c7-4c86-bbeb-2b40079268d7:192.168.164.236:44556, 98dbddad-cff4-4f87-9188-db1d76df9501:192.168.164.236:45282], old=null at 0
2019-11-12 23:39:05,850 [98dbddad-cff4-4f87-9188-db1d76df9501@group-B25351C4867C-LeaderElection163] INFO  server.RaftServerConfigKeys (ConfUtils.java:logGet(43)) - raft.server.write.element-limit = 4096 (default)
2019-11-12 23:39:05,850 [grpc-default-executor-6] INFO  segmented.SegmentedRaftLogWorker (SegmentedRaftLogWorker.java:startLogSegment(385)) - 56d70f56-ceb9-47f6-9690-e0ced3248985@group-EC001728B81A-SegmentedRaftLogWorker: Starting segment from index:0
2019-11-12 23:39:05,850 [98dbddad-cff4-4f87-9188-db1d76df9501@group-B25351C4867C-LeaderElection163] INFO  server.RaftServerConfigKeys (ConfUtils.java:logGet(43)) - raft.server.watch.timeout = 10s (default)
2019-11-12 23:39:05,851 [EventQueue-PipelineReportForPipelineReportHandler] INFO  pipeline.PipelineStateManager (PipelineStateManager.java:openPipeline(134)) - Pipeline Pipeline[ Id: 8cdc8555-2082-43e6-803f-b25351c4867c, Nodes: 98dbddad-cff4-4f87-9188-db1d76df9501{ip: 192.168.164.236, host: pr-hdds-2375-hvwjp-2869937553, networkLocation: /rack1, certSerialId: null}, Type:RATIS, Factor:ONE, State:OPEN] moved to OPEN state
2019-11-12 23:39:05,851 [grpc-default-executor-7] INFO  impl.RaftServerImpl (ServerState.java:setRaftConf(356)) - 98dbddad-cff4-4f87-9188-db1d76df9501@group-EC001728B81A: set configuration 0: [56d70f56-ceb9-47f6-9690-e0ced3248985:192.168.164.236:34224, 1f658cad-a8c7-4c86-bbeb-2b40079268d7:192.168.164.236:44556, 98dbddad-cff4-4f87-9188-db1d76df9501:192.168.164.236:45282], old=null at 0
2019-11-12 23:39:05,851 [98dbddad-cff4-4f87-9188-db1d76df9501@group-B25351C4867C-LeaderElection163] INFO  server.RaftServerConfigKeys (ConfUtils.java:logGet(43)) - raft.server.watch.timeout.denomination = 1s (default)
2019-11-12 23:39:05,851 [grpc-default-executor-7] INFO  segmented.SegmentedRaftLogWorker (SegmentedRaftLogWorker.java:startLogSegment(385)) - 98dbddad-cff4-4f87-9188-db1d76df9501@group-EC001728B81A-SegmentedRaftLogWorker: Starting segment from index:0
2019-11-12 23:39:05,851 [98dbddad-cff4-4f87-9188-db1d76df9501@group-B25351C4867C-LeaderElection163] INFO  server.RaftServerConfigKeys (ConfUtils.java:logGet(43)) - raft.server.watch.element-limit = 65536 (default)
2019-11-12 23:39:05,851 [98dbddad-cff4-4f87-9188-db1d76df9501@group-B25351C4867C-LeaderElection163] INFO  impl.RoleInfo (RoleInfo.java:updateAndGet(143)) - 98dbddad-cff4-4f87-9188-db1d76df9501: start LeaderState
2019-11-12 23:39:05,851 [98dbddad-cff4-4f87-9188-db1d76df9501@group-B25351C4867C-LeaderElection163] INFO  segmented.SegmentedRaftLogWorker (SegmentedRaftLogWorker.java:startLogSegment(385)) - 98dbddad-cff4-4f87-9188-db1d76df9501@group-B25351C4867C-SegmentedRaftLogWorker: Starting segment from index:0
2019-11-12 23:39:05,852 [98dbddad-cff4-4f87-9188-db1d76df9501@group-B25351C4867C-LeaderElection163] INFO  impl.RaftServerImpl (ServerState.java:setRaftConf(356)) - 98dbddad-cff4-4f87-9188-db1d76df9501@group-B25351C4867C: set configuration 0: [98dbddad-cff4-4f87-9188-db1d76df9501:192.168.164.236:45282], old=null at 0
2019-11-12 23:39:05,852 [1f658cad-a8c7-4c86-bbeb-2b40079268d7@group-EC001728B81A-SegmentedRaftLogWorker] INFO  segmented.SegmentedRaftLogWorker (SegmentedRaftLogWorker.java:execute(576)) - 1f658cad-a8c7-4c86-bbeb-2b40079268d7@group-EC001728B81A-SegmentedRaftLogWorker: created new log segment /workdir/hadoop-ozone/integration-test/target/test-dir/MiniOzoneClusterImpl-af41d755-250d-41c0-9b7d-b62086ffbdd4/datanode-0/data/ratis/a4415209-55a4-4fcc-b8a2-ec001728b81a/current/log_inprogress_0
2019-11-12 23:39:05,876 [Thread-3951] INFO  impl.FollowerState (FollowerState.java:run(111)) - 7c2b8f83-a523-49c2-afdc-9b713bfd472f@group-94A906CB7B28-FollowerState: change to CANDIDATE, lastRpcTime:1083ms, electionTimeout:1083ms
2019-11-12 23:39:05,877 [Thread-3951] INFO  impl.RoleInfo (RoleInfo.java:shutdownFollowerState(121)) - 7c2b8f83-a523-49c2-afdc-9b713bfd472f: shutdown FollowerState
2019-11-12 23:39:05,877 [Thread-3951] INFO  impl.RaftServerImpl (RaftServerImpl.java:setRole(173)) - 7c2b8f83-a523-49c2-afdc-9b713bfd472f@group-94A906CB7B28: changes role from  FOLLOWER to CANDIDATE at term 0 for changeToCandidate
2019-11-12 23:39:05,877 [Thread-3951] INFO  impl.RoleInfo (RoleInfo.java:updateAndGet(143)) - 7c2b8f83-a523-49c2-afdc-9b713bfd472f: start LeaderElection
2019-11-12 23:39:05,898 [Thread-3954] INFO  impl.FollowerState (FollowerState.java:run(111)) - 568551cc-7cda-4cdf-9ff0-2cea755fc381@group-38B0BED17646-FollowerState: change to CANDIDATE, lastRpcTime:1071ms, electionTimeout:1071ms
2019-11-12 23:39:05,898 [Thread-3954] INFO  impl.RoleInfo (RoleInfo.java:shutdownFollowerState(121)) - 568551cc-7cda-4cdf-9ff0-2cea755fc381: shutdown FollowerState
2019-11-12 23:39:05,898 [Thread-3954] INFO  impl.RaftServerImpl (RaftServerImpl.java:setRole(173)) - 568551cc-7cda-4cdf-9ff0-2cea755fc381@group-38B0BED17646: changes role from  FOLLOWER to CANDIDATE at term 0 for changeToCandidate
2019-11-12 23:39:05,898 [Thread-3954] INFO  impl.RoleInfo (RoleInfo.java:updateAndGet(143)) - 568551cc-7cda-4cdf-9ff0-2cea755fc381: start LeaderElection
2019-11-12 23:39:05,902 [98dbddad-cff4-4f87-9188-db1d76df9501@group-B25351C4867C-SegmentedRaftLogWorker] INFO  segmented.SegmentedRaftLogWorker (SegmentedRaftLogWorker.java:execute(576)) - 98dbddad-cff4-4f87-9188-db1d76df9501@group-B25351C4867C-SegmentedRaftLogWorker: created new log segment /workdir/hadoop-ozone/integration-test/target/test-dir/MiniOzoneClusterImpl-af41d755-250d-41c0-9b7d-b62086ffbdd4/datanode-2/data/ratis/8cdc8555-2082-43e6-803f-b25351c4867c/current/log_inprogress_0
2019-11-12 23:39:05,902 [56d70f56-ceb9-47f6-9690-e0ced3248985@group-EC001728B81A-SegmentedRaftLogWorker] INFO  segmented.SegmentedRaftLogWorker (SegmentedRaftLogWorker.java:execute(576)) - 56d70f56-ceb9-47f6-9690-e0ced3248985@group-EC001728B81A-SegmentedRaftLogWorker: created new log segment /workdir/hadoop-ozone/integration-test/target/test-dir/MiniOzoneClusterImpl-af41d755-250d-41c0-9b7d-b62086ffbdd4/datanode-1/data/ratis/a4415209-55a4-4fcc-b8a2-ec001728b81a/current/log_inprogress_0
2019-11-12 23:39:05,902 [7c2b8f83-a523-49c2-afdc-9b713bfd472f@group-94A906CB7B28-LeaderElection164] INFO  impl.LeaderElection (LeaderElection.java:askForVotes(178)) - 7c2b8f83-a523-49c2-afdc-9b713bfd472f@group-94A906CB7B28-LeaderElection164: begin an election at term 1 for -1: [7c2b8f83-a523-49c2-afdc-9b713bfd472f:192.168.164.236:43042], old=null
2019-11-12 23:39:05,902 [98dbddad-cff4-4f87-9188-db1d76df9501@group-EC001728B81A-SegmentedRaftLogWorker] INFO  segmented.SegmentedRaftLogWorker (SegmentedRaftLogWorker.java:execute(576)) - 98dbddad-cff4-4f87-9188-db1d76df9501@group-EC001728B81A-SegmentedRaftLogWorker: created new log segment /workdir/hadoop-ozone/integration-test/target/test-dir/MiniOzoneClusterImpl-af41d755-250d-41c0-9b7d-b62086ffbdd4/datanode-2/data/ratis/a4415209-55a4-4fcc-b8a2-ec001728b81a/current/log_inprogress_0
2019-11-12 23:39:05,902 [7c2b8f83-a523-49c2-afdc-9b713bfd472f@group-94A906CB7B28-LeaderElection164] INFO  impl.RoleInfo (RoleInfo.java:shutdownLeaderElection(134)) - 7c2b8f83-a523-49c2-afdc-9b713bfd472f: shutdown LeaderElection
2019-11-12 23:39:05,903 [7c2b8f83-a523-49c2-afdc-9b713bfd472f@group-94A906CB7B28-LeaderElection164] INFO  impl.RaftServerImpl (RaftServerImpl.java:setRole(173)) - 7c2b8f83-a523-49c2-afdc-9b713bfd472f@group-94A906CB7B28: changes role from CANDIDATE to LEADER at term 1 for changeToLeader
2019-11-12 23:39:05,903 [7c2b8f83-a523-49c2-afdc-9b713bfd472f@group-94A906CB7B28-LeaderElection164] INFO  ratis.XceiverServerRatis (XceiverServerRatis.java:handleLeaderChangedNotification(697)) - Leader change notification received for group: group-94A906CB7B28 with new leaderId: 7c2b8f83-a523-49c2-afdc-9b713bfd472f
2019-11-12 23:39:05,903 [7c2b8f83-a523-49c2-afdc-9b713bfd472f@group-94A906CB7B28-LeaderElection164] INFO  impl.RaftServerImpl (ServerState.java:setLeader(255)) - 7c2b8f83-a523-49c2-afdc-9b713bfd472f@group-94A906CB7B28: change Leader from null to 7c2b8f83-a523-49c2-afdc-9b713bfd472f at term 1 for becomeLeader, leader elected after 1113ms
2019-11-12 23:39:05,903 [7c2b8f83-a523-49c2-afdc-9b713bfd472f@group-94A906CB7B28-LeaderElection164] INFO  server.RaftServerConfigKeys (ConfUtils.java:logGet(43)) - raft.server.staging.catchup.gap = 1000 (default)
2019-11-12 23:39:05,903 [7c2b8f83-a523-49c2-afdc-9b713bfd472f@group-94A906CB7B28-LeaderElection164] INFO  server.RaftServerConfigKeys (ConfUtils.java:logGet(43)) - raft.server.rpc.sleep.time = 25ms (default)
2019-11-12 23:39:05,905 [7c2b8f83-a523-49c2-afdc-9b713bfd472f@group-94A906CB7B28-LeaderElection164] INFO  server.RaftServerConfigKeys (ConfUtils.java:logGet(43)) - raft.server.write.element-limit = 4096 (default)
2019-11-12 23:39:05,905 [568551cc-7cda-4cdf-9ff0-2cea755fc381@group-38B0BED17646-LeaderElection165] INFO  impl.LeaderElection (LeaderElection.java:askForVotes(178)) - 568551cc-7cda-4cdf-9ff0-2cea755fc381@group-38B0BED17646-LeaderElection165: begin an election at term 1 for -1: [568551cc-7cda-4cdf-9ff0-2cea755fc381:192.168.164.236:38434], old=null
2019-11-12 23:39:05,905 [7c2b8f83-a523-49c2-afdc-9b713bfd472f@group-94A906CB7B28-LeaderElection164] INFO  server.RaftServerConfigKeys (ConfUtils.java:logGet(43)) - raft.server.watch.timeout = 10s (default)
2019-11-12 23:39:05,905 [568551cc-7cda-4cdf-9ff0-2cea755fc381@group-38B0BED17646-LeaderElection165] INFO  impl.RoleInfo (RoleInfo.java:shutdownLeaderElection(134)) - 568551cc-7cda-4cdf-9ff0-2cea755fc381: shutdown LeaderElection
2019-11-12 23:39:05,905 [7c2b8f83-a523-49c2-afdc-9b713bfd472f@group-94A906CB7B28-LeaderElection164] INFO  server.RaftServerConfigKeys (ConfUtils.java:logGet(43)) - raft.server.watch.timeout.denomination = 1s (default)
2019-11-12 23:39:05,905 [568551cc-7cda-4cdf-9ff0-2cea755fc381@group-38B0BED17646-LeaderElection165] INFO  impl.RaftServerImpl (RaftServerImpl.java:setRole(173)) - 568551cc-7cda-4cdf-9ff0-2cea755fc381@group-38B0BED17646: changes role from CANDIDATE to LEADER at term 1 for changeToLeader
2019-11-12 23:39:05,905 [7c2b8f83-a523-49c2-afdc-9b713bfd472f@group-94A906CB7B28-LeaderElection164] INFO  server.RaftServerConfigKeys (ConfUtils.java:logGet(43)) - raft.server.watch.element-limit = 65536 (default)
2019-11-12 23:39:05,905 [EventQueue-PipelineReportForPipelineReportHandler] INFO  pipeline.PipelineStateManager (PipelineStateManager.java:openPipeline(134)) - Pipeline Pipeline[ Id: 6023c11a-288e-478f-88d0-94a906cb7b28, Nodes: 7c2b8f83-a523-49c2-afdc-9b713bfd472f{ip: 192.168.164.236, host: pr-hdds-2375-hvwjp-2869937553, networkLocation: /rack1, certSerialId: null}, Type:RATIS, Factor:ONE, State:OPEN] moved to OPEN state
2019-11-12 23:39:05,905 [568551cc-7cda-4cdf-9ff0-2cea755fc381@group-38B0BED17646-LeaderElection165] INFO  ratis.XceiverServerRatis (XceiverServerRatis.java:handleLeaderChangedNotification(697)) - Leader change notification received for group: group-38B0BED17646 with new leaderId: 568551cc-7cda-4cdf-9ff0-2cea755fc381
2019-11-12 23:39:05,906 [7c2b8f83-a523-49c2-afdc-9b713bfd472f@group-94A906CB7B28-LeaderElection164] INFO  impl.RoleInfo (RoleInfo.java:updateAndGet(143)) - 7c2b8f83-a523-49c2-afdc-9b713bfd472f: start LeaderState
2019-11-12 23:39:05,906 [568551cc-7cda-4cdf-9ff0-2cea755fc381@group-38B0BED17646-LeaderElection165] INFO  impl.RaftServerImpl (ServerState.java:setLeader(255)) - 568551cc-7cda-4cdf-9ff0-2cea755fc381@group-38B0BED17646: change Leader from null to 568551cc-7cda-4cdf-9ff0-2cea755fc381 at term 1 for becomeLeader, leader elected after 1082ms
2019-11-12 23:39:05,906 [568551cc-7cda-4cdf-9ff0-2cea755fc381@group-38B0BED17646-LeaderElection165] INFO  server.RaftServerConfigKeys (ConfUtils.java:logGet(43)) - raft.server.staging.catchup.gap = 1000 (default)
2019-11-12 23:39:05,906 [7c2b8f83-a523-49c2-afdc-9b713bfd472f@group-94A906CB7B28-LeaderElection164] INFO  segmented.SegmentedRaftLogWorker (SegmentedRaftLogWorker.java:startLogSegment(385)) - 7c2b8f83-a523-49c2-afdc-9b713bfd472f@group-94A906CB7B28-SegmentedRaftLogWorker: Starting segment from index:0
2019-11-12 23:39:05,907 [568551cc-7cda-4cdf-9ff0-2cea755fc381@group-38B0BED17646-LeaderElection165] INFO  server.RaftServerConfigKeys (ConfUtils.java:logGet(43)) - raft.server.rpc.sleep.time = 25ms (default)
2019-11-12 23:39:05,908 [568551cc-7cda-4cdf-9ff0-2cea755fc381@group-38B0BED17646-LeaderElection165] INFO  server.RaftServerConfigKeys (ConfUtils.java:logGet(43)) - raft.server.write.element-limit = 4096 (default)
2019-11-12 23:39:05,908 [7c2b8f83-a523-49c2-afdc-9b713bfd472f@group-94A906CB7B28-LeaderElection164] INFO  impl.RaftServerImpl (ServerState.java:setRaftConf(356)) - 7c2b8f83-a523-49c2-afdc-9b713bfd472f@group-94A906CB7B28: set configuration 0: [7c2b8f83-a523-49c2-afdc-9b713bfd472f:192.168.164.236:43042], old=null at 0
2019-11-12 23:39:05,908 [568551cc-7cda-4cdf-9ff0-2cea755fc381@group-38B0BED17646-LeaderElection165] INFO  server.RaftServerConfigKeys (ConfUtils.java:logGet(43)) - raft.server.watch.timeout = 10s (default)
2019-11-12 23:39:05,908 [EventQueue-PipelineReportForPipelineReportHandler] INFO  pipeline.PipelineStateManager (PipelineStateManager.java:openPipeline(134)) - Pipeline Pipeline[ Id: 52737557-58d9-4943-94d3-38b0bed17646, Nodes: 568551cc-7cda-4cdf-9ff0-2cea755fc381{ip: 192.168.164.236, host: pr-hdds-2375-hvwjp-2869937553, networkLocation: /rack1, certSerialId: null}, Type:RATIS, Factor:ONE, State:OPEN] moved to OPEN state
2019-11-12 23:39:05,908 [568551cc-7cda-4cdf-9ff0-2cea755fc381@group-38B0BED17646-LeaderElection165] INFO  server.RaftServerConfigKeys (ConfUtils.java:logGet(43)) - raft.server.watch.timeout.denomination = 1s (default)
2019-11-12 23:39:05,908 [568551cc-7cda-4cdf-9ff0-2cea755fc381@group-38B0BED17646-LeaderElection165] INFO  server.RaftServerConfigKeys (ConfUtils.java:logGet(43)) - raft.server.watch.element-limit = 65536 (default)
2019-11-12 23:39:05,908 [568551cc-7cda-4cdf-9ff0-2cea755fc381@group-38B0BED17646-LeaderElection165] INFO  impl.RoleInfo (RoleInfo.java:updateAndGet(143)) - 568551cc-7cda-4cdf-9ff0-2cea755fc381: start LeaderState
2019-11-12 23:39:05,908 [568551cc-7cda-4cdf-9ff0-2cea755fc381@group-38B0BED17646-LeaderElection165] INFO  segmented.SegmentedRaftLogWorker (SegmentedRaftLogWorker.java:startLogSegment(385)) - 568551cc-7cda-4cdf-9ff0-2cea755fc381@group-38B0BED17646-SegmentedRaftLogWorker: Starting segment from index:0
2019-11-12 23:39:05,909 [568551cc-7cda-4cdf-9ff0-2cea755fc381@group-38B0BED17646-LeaderElection165] INFO  impl.RaftServerImpl (ServerState.java:setRaftConf(356)) - 568551cc-7cda-4cdf-9ff0-2cea755fc381@group-38B0BED17646: set configuration 0: [568551cc-7cda-4cdf-9ff0-2cea755fc381:192.168.164.236:38434], old=null at 0
2019-11-12 23:39:05,939 [Thread-3960] INFO  impl.FollowerState (FollowerState.java:run(111)) - e78e490f-dcb2-4ec6-aeec-6e1e9400be8d@group-959D08EB2AC8-FollowerState: change to CANDIDATE, lastRpcTime:1019ms, electionTimeout:1019ms
2019-11-12 23:39:05,939 [Thread-3960] INFO  impl.RoleInfo (RoleInfo.java:shutdownFollowerState(121)) - e78e490f-dcb2-4ec6-aeec-6e1e9400be8d: shutdown FollowerState
2019-11-12 23:39:05,939 [Thread-3960] INFO  impl.RaftServerImpl (RaftServerImpl.java:setRole(173)) - e78e490f-dcb2-4ec6-aeec-6e1e9400be8d@group-959D08EB2AC8: changes role from  FOLLOWER to CANDIDATE at term 0 for changeToCandidate
2019-11-12 23:39:05,939 [Thread-3960] INFO  impl.RoleInfo (RoleInfo.java:updateAndGet(143)) - e78e490f-dcb2-4ec6-aeec-6e1e9400be8d: start LeaderElection
2019-11-12 23:39:05,950 [568551cc-7cda-4cdf-9ff0-2cea755fc381@group-38B0BED17646-SegmentedRaftLogWorker] INFO  segmented.SegmentedRaftLogWorker (SegmentedRaftLogWorker.java:execute(576)) - 568551cc-7cda-4cdf-9ff0-2cea755fc381@group-38B0BED17646-SegmentedRaftLogWorker: created new log segment /workdir/hadoop-ozone/integration-test/target/test-dir/MiniOzoneClusterImpl-af41d755-250d-41c0-9b7d-b62086ffbdd4/datanode-4/data/ratis/52737557-58d9-4943-94d3-38b0bed17646/current/log_inprogress_0
2019-11-12 23:39:05,950 [7c2b8f83-a523-49c2-afdc-9b713bfd472f@group-94A906CB7B28-SegmentedRaftLogWorker] INFO  segmented.SegmentedRaftLogWorker (SegmentedRaftLogWorker.java:execute(576)) - 7c2b8f83-a523-49c2-afdc-9b713bfd472f@group-94A906CB7B28-SegmentedRaftLogWorker: created new log segment /workdir/hadoop-ozone/integration-test/target/test-dir/MiniOzoneClusterImpl-af41d755-250d-41c0-9b7d-b62086ffbdd4/datanode-3/data/ratis/6023c11a-288e-478f-88d0-94a906cb7b28/current/log_inprogress_0
2019-11-12 23:39:05,950 [e78e490f-dcb2-4ec6-aeec-6e1e9400be8d@group-959D08EB2AC8-LeaderElection166] INFO  impl.LeaderElection (LeaderElection.java:askForVotes(178)) - e78e490f-dcb2-4ec6-aeec-6e1e9400be8d@group-959D08EB2AC8-LeaderElection166: begin an election at term 1 for -1: [e78e490f-dcb2-4ec6-aeec-6e1e9400be8d:192.168.164.236:41531, 568551cc-7cda-4cdf-9ff0-2cea755fc381:192.168.164.236:38434, 7c2b8f83-a523-49c2-afdc-9b713bfd472f:192.168.164.236:43042], old=null
2019-11-12 23:39:05,958 [grpc-default-executor-6] INFO  impl.RaftServerImpl (RaftServerImpl.java:setRole(173)) - 568551cc-7cda-4cdf-9ff0-2cea755fc381@group-959D08EB2AC8: changes role from  FOLLOWER to FOLLOWER at term 1 for recognizeCandidate:e78e490f-dcb2-4ec6-aeec-6e1e9400be8d
2019-11-12 23:39:05,958 [grpc-default-executor-6] INFO  impl.RoleInfo (RoleInfo.java:shutdownFollowerState(121)) - 568551cc-7cda-4cdf-9ff0-2cea755fc381: shutdown FollowerState
2019-11-12 23:39:05,958 [grpc-default-executor-6] INFO  impl.RoleInfo (RoleInfo.java:updateAndGet(143)) - 568551cc-7cda-4cdf-9ff0-2cea755fc381: start FollowerState
2019-11-12 23:39:05,958 [Thread-3965] INFO  impl.FollowerState (FollowerState.java:run(120)) - 568551cc-7cda-4cdf-9ff0-2cea755fc381@group-959D08EB2AC8-FollowerState was interrupted: java.lang.InterruptedException: sleep interrupted
2019-11-12 23:39:05,963 [grpc-default-executor-7] INFO  impl.RaftServerImpl (RaftServerImpl.java:setRole(173)) - 7c2b8f83-a523-49c2-afdc-9b713bfd472f@group-959D08EB2AC8: changes role from  FOLLOWER to FOLLOWER at term 1 for recognizeCandidate:e78e490f-dcb2-4ec6-aeec-6e1e9400be8d
2019-11-12 23:39:05,963 [grpc-default-executor-7] INFO  impl.RoleInfo (RoleInfo.java:shutdownFollowerState(121)) - 7c2b8f83-a523-49c2-afdc-9b713bfd472f: shutdown FollowerState
2019-11-12 23:39:05,963 [grpc-default-executor-7] INFO  impl.RoleInfo (RoleInfo.java:updateAndGet(143)) - 7c2b8f83-a523-49c2-afdc-9b713bfd472f: start FollowerState
2019-11-12 23:39:05,963 [Thread-3964] INFO  impl.FollowerState (FollowerState.java:run(120)) - 7c2b8f83-a523-49c2-afdc-9b713bfd472f@group-959D08EB2AC8-FollowerState was interrupted: java.lang.InterruptedException: sleep interrupted
2019-11-12 23:39:05,973 [e78e490f-dcb2-4ec6-aeec-6e1e9400be8d@group-959D08EB2AC8-LeaderElection166] INFO  impl.LeaderElection (LeaderElection.java:logAndReturn(56)) - e78e490f-dcb2-4ec6-aeec-6e1e9400be8d@group-959D08EB2AC8-LeaderElection166: Election PASSED; received 1 response(s) [e78e490f-dcb2-4ec6-aeec-6e1e9400be8d<-7c2b8f83-a523-49c2-afdc-9b713bfd472f#0:OK-t1] and 0 exception(s); e78e490f-dcb2-4ec6-aeec-6e1e9400be8d@group-959D08EB2AC8:t1, leader=null, voted=e78e490f-dcb2-4ec6-aeec-6e1e9400be8d, raftlog=e78e490f-dcb2-4ec6-aeec-6e1e9400be8d@group-959D08EB2AC8-SegmentedRaftLog:OPENED:c-1,f-1,i0, conf=-1: [e78e490f-dcb2-4ec6-aeec-6e1e9400be8d:192.168.164.236:41531, 568551cc-7cda-4cdf-9ff0-2cea755fc381:192.168.164.236:38434, 7c2b8f83-a523-49c2-afdc-9b713bfd472f:192.168.164.236:43042], old=null
2019-11-12 23:39:05,973 [e78e490f-dcb2-4ec6-aeec-6e1e9400be8d@group-959D08EB2AC8-LeaderElection166] INFO  impl.RoleInfo (RoleInfo.java:shutdownLeaderElection(134)) - e78e490f-dcb2-4ec6-aeec-6e1e9400be8d: shutdown LeaderElection
2019-11-12 23:39:05,973 [e78e490f-dcb2-4ec6-aeec-6e1e9400be8d@group-959D08EB2AC8-LeaderElection166] INFO  impl.RaftServerImpl (RaftServerImpl.java:setRole(173)) - e78e490f-dcb2-4ec6-aeec-6e1e9400be8d@group-959D08EB2AC8: changes role from CANDIDATE to LEADER at term 1 for changeToLeader
2019-11-12 23:39:05,974 [e78e490f-dcb2-4ec6-aeec-6e1e9400be8d@group-959D08EB2AC8-LeaderElection166] INFO  ratis.XceiverServerRatis (XceiverServerRatis.java:handleLeaderChangedNotification(697)) - Leader change notification received for group: group-959D08EB2AC8 with new leaderId: e78e490f-dcb2-4ec6-aeec-6e1e9400be8d
2019-11-12 23:39:05,974 [e78e490f-dcb2-4ec6-aeec-6e1e9400be8d@group-959D08EB2AC8-LeaderElection166] INFO  impl.RaftServerImpl (ServerState.java:setLeader(255)) - e78e490f-dcb2-4ec6-aeec-6e1e9400be8d@group-959D08EB2AC8: change Leader from null to e78e490f-dcb2-4ec6-aeec-6e1e9400be8d at term 1 for becomeLeader, leader elected after 1059ms
2019-11-12 23:39:05,974 [e78e490f-dcb2-4ec6-aeec-6e1e9400be8d@group-959D08EB2AC8-LeaderElection166] INFO  server.RaftServerConfigKeys (ConfUtils.java:logGet(43)) - raft.server.staging.catchup.gap = 1000 (default)
2019-11-12 23:39:05,974 [e78e490f-dcb2-4ec6-aeec-6e1e9400be8d@group-959D08EB2AC8-LeaderElection166] INFO  server.RaftServerConfigKeys (ConfUtils.java:logGet(43)) - raft.server.rpc.sleep.time = 25ms (default)
2019-11-12 23:39:05,977 [e78e490f-dcb2-4ec6-aeec-6e1e9400be8d@group-959D08EB2AC8-LeaderElection166] INFO  server.RaftServerConfigKeys (ConfUtils.java:logGet(43)) - raft.server.write.element-limit = 4096 (default)
2019-11-12 23:39:05,977 [e78e490f-dcb2-4ec6-aeec-6e1e9400be8d@group-959D08EB2AC8-LeaderElection166] INFO  server.RaftServerConfigKeys (ConfUtils.java:logGet(43)) - raft.server.watch.timeout = 10s (default)
2019-11-12 23:39:05,977 [e78e490f-dcb2-4ec6-aeec-6e1e9400be8d@group-959D08EB2AC8-LeaderElection166] INFO  server.RaftServerConfigKeys (ConfUtils.java:logGet(43)) - raft.server.watch.timeout.denomination = 1s (default)
2019-11-12 23:39:05,977 [e78e490f-dcb2-4ec6-aeec-6e1e9400be8d@group-959D08EB2AC8-LeaderElection166] INFO  server.RaftServerConfigKeys (ConfUtils.java:logGet(43)) - raft.server.watch.element-limit = 65536 (default)
2019-11-12 23:39:05,977 [e78e490f-dcb2-4ec6-aeec-6e1e9400be8d@group-959D08EB2AC8-LeaderElection166] INFO  server.RaftServerConfigKeys (ConfUtils.java:logGet(43)) - raft.server.log.appender.snapshot.chunk.size.max = 16MB (=16777216) (default)
2019-11-12 23:39:05,978 [e78e490f-dcb2-4ec6-aeec-6e1e9400be8d@group-959D08EB2AC8-LeaderElection166] INFO  server.RaftServerConfigKeys (ConfUtils.java:logGet(43)) - raft.server.log.appender.buffer.byte-limit = 33554432 (custom)
2019-11-12 23:39:05,978 [EventQueue-PipelineReportForPipelineReportHandler] INFO  pipeline.PipelineStateManager (PipelineStateManager.java:openPipeline(134)) - Pipeline Pipeline[ Id: cbb9cda9-9b85-4e84-95a9-959d08eb2ac8, Nodes: 7c2b8f83-a523-49c2-afdc-9b713bfd472f{ip: 192.168.164.236, host: pr-hdds-2375-hvwjp-2869937553, networkLocation: /rack1, certSerialId: null}568551cc-7cda-4cdf-9ff0-2cea755fc381{ip: 192.168.164.236, host: pr-hdds-2375-hvwjp-2869937553, networkLocation: /rack1, certSerialId: null}e78e490f-dcb2-4ec6-aeec-6e1e9400be8d{ip: 192.168.164.236, host: pr-hdds-2375-hvwjp-2869937553, networkLocation: /rack1, certSerialId: null}, Type:RATIS, Factor:THREE, State:OPEN] moved to OPEN state
2019-11-12 23:39:05,978 [e78e490f-dcb2-4ec6-aeec-6e1e9400be8d@group-959D08EB2AC8-LeaderElection166] INFO  server.RaftServerConfigKeys (ConfUtils.java:logGet(43)) - raft.server.log.appender.buffer.element-limit = 1 (custom)
2019-11-12 23:39:05,978 [e78e490f-dcb2-4ec6-aeec-6e1e9400be8d@group-959D08EB2AC8-LeaderElection166] INFO  grpc.GrpcConfigKeys$Server (ConfUtils.java:logGet(43)) - raft.grpc.server.leader.outstanding.appends.max = 128 (default)
2019-11-12 23:39:05,978 [e78e490f-dcb2-4ec6-aeec-6e1e9400be8d@group-959D08EB2AC8-LeaderElection166] INFO  server.RaftServerConfigKeys (ConfUtils.java:logGet(43)) - raft.server.rpc.request.timeout = 3000ms (default)
2019-11-12 23:39:05,978 [e78e490f-dcb2-4ec6-aeec-6e1e9400be8d@group-959D08EB2AC8-LeaderElection166] INFO  server.RaftServerConfigKeys (ConfUtils.java:logGet(43)) - raft.server.log.appender.install.snapshot.enabled = false (custom)
2019-11-12 23:39:05,979 [e78e490f-dcb2-4ec6-aeec-6e1e9400be8d@group-959D08EB2AC8-LeaderElection166] WARN  impl.MetricRegistriesImpl (MetricRegistriesImpl.java:lambda$create$1(61)) - First MetricRegistry has been created without registering reporters. You may need to call MetricRegistries.global().addReportRegistration(...) before.
2019-11-12 23:39:05,979 [e78e490f-dcb2-4ec6-aeec-6e1e9400be8d@group-959D08EB2AC8-LeaderElection166] INFO  server.RaftServerConfigKeys (ConfUtils.java:logGet(43)) - raft.server.log.appender.snapshot.chunk.size.max = 16MB (=16777216) (default)
2019-11-12 23:39:05,979 [e78e490f-dcb2-4ec6-aeec-6e1e9400be8d@group-959D08EB2AC8-LeaderElection166] INFO  server.RaftServerConfigKeys (ConfUtils.java:logGet(43)) - raft.server.log.appender.buffer.byte-limit = 33554432 (custom)
2019-11-12 23:39:05,979 [e78e490f-dcb2-4ec6-aeec-6e1e9400be8d@group-959D08EB2AC8-LeaderElection166] INFO  server.RaftServerConfigKeys (ConfUtils.java:logGet(43)) - raft.server.log.appender.buffer.element-limit = 1 (custom)
2019-11-12 23:39:05,979 [e78e490f-dcb2-4ec6-aeec-6e1e9400be8d@group-959D08EB2AC8-LeaderElection166] INFO  grpc.GrpcConfigKeys$Server (ConfUtils.java:logGet(43)) - raft.grpc.server.leader.outstanding.appends.max = 128 (default)
2019-11-12 23:39:05,979 [e78e490f-dcb2-4ec6-aeec-6e1e9400be8d@group-959D08EB2AC8-LeaderElection166] INFO  server.RaftServerConfigKeys (ConfUtils.java:logGet(43)) - raft.server.rpc.request.timeout = 3000ms (default)
2019-11-12 23:39:05,979 [e78e490f-dcb2-4ec6-aeec-6e1e9400be8d@group-959D08EB2AC8-LeaderElection166] INFO  server.RaftServerConfigKeys (ConfUtils.java:logGet(43)) - raft.server.log.appender.install.snapshot.enabled = false (custom)
2019-11-12 23:39:05,980 [e78e490f-dcb2-4ec6-aeec-6e1e9400be8d@group-959D08EB2AC8-LeaderElection166] INFO  impl.RoleInfo (RoleInfo.java:updateAndGet(143)) - e78e490f-dcb2-4ec6-aeec-6e1e9400be8d: start LeaderState
2019-11-12 23:39:05,980 [e78e490f-dcb2-4ec6-aeec-6e1e9400be8d@group-959D08EB2AC8-LeaderElection166] INFO  segmented.SegmentedRaftLogWorker (SegmentedRaftLogWorker.java:startLogSegment(385)) - e78e490f-dcb2-4ec6-aeec-6e1e9400be8d@group-959D08EB2AC8-SegmentedRaftLogWorker: Starting segment from index:0
2019-11-12 23:39:05,980 [e78e490f-dcb2-4ec6-aeec-6e1e9400be8d@group-959D08EB2AC8-LeaderElection166] INFO  impl.RaftServerImpl (ServerState.java:setRaftConf(356)) - e78e490f-dcb2-4ec6-aeec-6e1e9400be8d@group-959D08EB2AC8: set configuration 0: [e78e490f-dcb2-4ec6-aeec-6e1e9400be8d:192.168.164.236:41531, 568551cc-7cda-4cdf-9ff0-2cea755fc381:192.168.164.236:38434, 7c2b8f83-a523-49c2-afdc-9b713bfd472f:192.168.164.236:43042], old=null at 0
2019-11-12 23:39:05,981 [Thread-3957] INFO  impl.FollowerState (FollowerState.java:run(111)) - e78e490f-dcb2-4ec6-aeec-6e1e9400be8d@group-CCC45F9E3FF2-FollowerState: change to CANDIDATE, lastRpcTime:1112ms, electionTimeout:1112ms
2019-11-12 23:39:05,981 [Thread-3957] INFO  impl.RoleInfo (RoleInfo.java:shutdownFollowerState(121)) - e78e490f-dcb2-4ec6-aeec-6e1e9400be8d: shutdown FollowerState
2019-11-12 23:39:05,981 [Thread-3957] INFO  impl.RaftServerImpl (RaftServerImpl.java:setRole(173)) - e78e490f-dcb2-4ec6-aeec-6e1e9400be8d@group-CCC45F9E3FF2: changes role from  FOLLOWER to CANDIDATE at term 0 for changeToCandidate
2019-11-12 23:39:05,982 [Thread-3957] INFO  impl.RoleInfo (RoleInfo.java:updateAndGet(143)) - e78e490f-dcb2-4ec6-aeec-6e1e9400be8d: start LeaderElection
2019-11-12 23:39:05,982 [grpc-default-executor-6] INFO  ratis.XceiverServerRatis (XceiverServerRatis.java:handleLeaderChangedNotification(697)) - Leader change notification received for group: group-959D08EB2AC8 with new leaderId: e78e490f-dcb2-4ec6-aeec-6e1e9400be8d
2019-11-12 23:39:05,982 [grpc-default-executor-6] INFO  impl.RaftServerImpl (ServerState.java:setLeader(255)) - 568551cc-7cda-4cdf-9ff0-2cea755fc381@group-959D08EB2AC8: change Leader from null to e78e490f-dcb2-4ec6-aeec-6e1e9400be8d at term 1 for appendEntries, leader elected after 1067ms
2019-11-12 23:39:06,010 [grpc-default-executor-7] INFO  ratis.XceiverServerRatis (XceiverServerRatis.java:handleLeaderChangedNotification(697)) - Leader change notification received for group: group-959D08EB2AC8 with new leaderId: e78e490f-dcb2-4ec6-aeec-6e1e9400be8d
2019-11-12 23:39:06,010 [grpc-default-executor-7] INFO  impl.RaftServerImpl (ServerState.java:setLeader(255)) - 7c2b8f83-a523-49c2-afdc-9b713bfd472f@group-959D08EB2AC8: change Leader from null to e78e490f-dcb2-4ec6-aeec-6e1e9400be8d at term 1 for appendEntries, leader elected after 1096ms
2019-11-12 23:39:06,016 [grpc-default-executor-6] INFO  impl.RaftServerImpl (ServerState.java:setRaftConf(356)) - 568551cc-7cda-4cdf-9ff0-2cea755fc381@group-959D08EB2AC8: set configuration 0: [e78e490f-dcb2-4ec6-aeec-6e1e9400be8d:192.168.164.236:41531, 568551cc-7cda-4cdf-9ff0-2cea755fc381:192.168.164.236:38434, 7c2b8f83-a523-49c2-afdc-9b713bfd472f:192.168.164.236:43042], old=null at 0
2019-11-12 23:39:06,016 [grpc-default-executor-7] INFO  impl.RaftServerImpl (ServerState.java:setRaftConf(356)) - 7c2b8f83-a523-49c2-afdc-9b713bfd472f@group-959D08EB2AC8: set configuration 0: [e78e490f-dcb2-4ec6-aeec-6e1e9400be8d:192.168.164.236:41531, 568551cc-7cda-4cdf-9ff0-2cea755fc381:192.168.164.236:38434, 7c2b8f83-a523-49c2-afdc-9b713bfd472f:192.168.164.236:43042], old=null at 0
2019-11-12 23:39:06,016 [grpc-default-executor-6] INFO  segmented.SegmentedRaftLogWorker (SegmentedRaftLogWorker.java:startLogSegment(385)) - 568551cc-7cda-4cdf-9ff0-2cea755fc381@group-959D08EB2AC8-SegmentedRaftLogWorker: Starting segment from index:0
2019-11-12 23:39:06,016 [grpc-default-executor-7] INFO  segmented.SegmentedRaftLogWorker (SegmentedRaftLogWorker.java:startLogSegment(385)) - 7c2b8f83-a523-49c2-afdc-9b713bfd472f@group-959D08EB2AC8-SegmentedRaftLogWorker: Starting segment from index:0
2019-11-12 23:39:06,023 [e78e490f-dcb2-4ec6-aeec-6e1e9400be8d@group-959D08EB2AC8-SegmentedRaftLogWorker] INFO  segmented.SegmentedRaftLogWorker (SegmentedRaftLogWorker.java:execute(576)) - e78e490f-dcb2-4ec6-aeec-6e1e9400be8d@group-959D08EB2AC8-SegmentedRaftLogWorker: created new log segment /workdir/hadoop-ozone/integration-test/target/test-dir/MiniOzoneClusterImpl-af41d755-250d-41c0-9b7d-b62086ffbdd4/datanode-5/data/ratis/cbb9cda9-9b85-4e84-95a9-959d08eb2ac8/current/log_inprogress_0
2019-11-12 23:39:06,023 [e78e490f-dcb2-4ec6-aeec-6e1e9400be8d@group-CCC45F9E3FF2-LeaderElection167] INFO  impl.LeaderElection (LeaderElection.java:askForVotes(178)) - e78e490f-dcb2-4ec6-aeec-6e1e9400be8d@group-CCC45F9E3FF2-LeaderElection167: begin an election at term 1 for -1: [e78e490f-dcb2-4ec6-aeec-6e1e9400be8d:192.168.164.236:41531], old=null
2019-11-12 23:39:06,023 [e78e490f-dcb2-4ec6-aeec-6e1e9400be8d@group-CCC45F9E3FF2-LeaderElection167] INFO  impl.RoleInfo (RoleInfo.java:shutdownLeaderElection(134)) - e78e490f-dcb2-4ec6-aeec-6e1e9400be8d: shutdown LeaderElection
2019-11-12 23:39:06,023 [e78e490f-dcb2-4ec6-aeec-6e1e9400be8d@group-CCC45F9E3FF2-LeaderElection167] INFO  impl.RaftServerImpl (RaftServerImpl.java:setRole(173)) - e78e490f-dcb2-4ec6-aeec-6e1e9400be8d@group-CCC45F9E3FF2: changes role from CANDIDATE to LEADER at term 1 for changeToLeader
2019-11-12 23:39:06,023 [e78e490f-dcb2-4ec6-aeec-6e1e9400be8d@group-CCC45F9E3FF2-LeaderElection167] INFO  ratis.XceiverServerRatis (XceiverServerRatis.java:handleLeaderChangedNotification(697)) - Leader change notification received for group: group-CCC45F9E3FF2 with new leaderId: e78e490f-dcb2-4ec6-aeec-6e1e9400be8d
2019-11-12 23:39:06,023 [e78e490f-dcb2-4ec6-aeec-6e1e9400be8d@group-CCC45F9E3FF2-LeaderElection167] INFO  impl.RaftServerImpl (ServerState.java:setLeader(255)) - e78e490f-dcb2-4ec6-aeec-6e1e9400be8d@group-CCC45F9E3FF2: change Leader from null to e78e490f-dcb2-4ec6-aeec-6e1e9400be8d at term 1 for becomeLeader, leader elected after 1157ms
2019-11-12 23:39:06,024 [e78e490f-dcb2-4ec6-aeec-6e1e9400be8d@group-CCC45F9E3FF2-LeaderElection167] INFO  server.RaftServerConfigKeys (ConfUtils.java:logGet(43)) - raft.server.staging.catchup.gap = 1000 (default)
2019-11-12 23:39:06,024 [e78e490f-dcb2-4ec6-aeec-6e1e9400be8d@group-CCC45F9E3FF2-LeaderElection167] INFO  server.RaftServerConfigKeys (ConfUtils.java:logGet(43)) - raft.server.rpc.sleep.time = 25ms (default)
2019-11-12 23:39:06,024 [e78e490f-dcb2-4ec6-aeec-6e1e9400be8d@group-CCC45F9E3FF2-LeaderElection167] INFO  server.RaftServerConfigKeys (ConfUtils.java:logGet(43)) - raft.server.write.element-limit = 4096 (default)
2019-11-12 23:39:06,024 [e78e490f-dcb2-4ec6-aeec-6e1e9400be8d@group-CCC45F9E3FF2-LeaderElection167] INFO  server.RaftServerConfigKeys (ConfUtils.java:logGet(43)) - raft.server.watch.timeout = 10s (default)
2019-11-12 23:39:06,024 [e78e490f-dcb2-4ec6-aeec-6e1e9400be8d@group-CCC45F9E3FF2-LeaderElection167] INFO  server.RaftServerConfigKeys (ConfUtils.java:logGet(43)) - raft.server.watch.timeout.denomination = 1s (default)
2019-11-12 23:39:06,024 [EventQueue-PipelineReportForPipelineReportHandler] INFO  pipeline.PipelineStateManager (PipelineStateManager.java:openPipeline(134)) - Pipeline Pipeline[ Id: eb54cf1d-1337-40cc-80eb-ccc45f9e3ff2, Nodes: e78e490f-dcb2-4ec6-aeec-6e1e9400be8d{ip: 192.168.164.236, host: pr-hdds-2375-hvwjp-2869937553, networkLocation: /rack1, certSerialId: null}, Type:RATIS, Factor:ONE, State:OPEN] moved to OPEN state
2019-11-12 23:39:06,024 [e78e490f-dcb2-4ec6-aeec-6e1e9400be8d@group-CCC45F9E3FF2-LeaderElection167] INFO  server.RaftServerConfigKeys (ConfUtils.java:logGet(43)) - raft.server.watch.element-limit = 65536 (default)
2019-11-12 23:39:06,025 [e78e490f-dcb2-4ec6-aeec-6e1e9400be8d@group-CCC45F9E3FF2-LeaderElection167] INFO  impl.RoleInfo (RoleInfo.java:updateAndGet(143)) - e78e490f-dcb2-4ec6-aeec-6e1e9400be8d: start LeaderState
2019-11-12 23:39:06,025 [e78e490f-dcb2-4ec6-aeec-6e1e9400be8d@group-CCC45F9E3FF2-LeaderElection167] INFO  segmented.SegmentedRaftLogWorker (SegmentedRaftLogWorker.java:startLogSegment(385)) - e78e490f-dcb2-4ec6-aeec-6e1e9400be8d@group-CCC45F9E3FF2-SegmentedRaftLogWorker: Starting segment from index:0
2019-11-12 23:39:06,025 [e78e490f-dcb2-4ec6-aeec-6e1e9400be8d@group-CCC45F9E3FF2-LeaderElection167] INFO  impl.RaftServerImpl (ServerState.java:setRaftConf(356)) - e78e490f-dcb2-4ec6-aeec-6e1e9400be8d@group-CCC45F9E3FF2: set configuration 0: [e78e490f-dcb2-4ec6-aeec-6e1e9400be8d:192.168.164.236:41531], old=null at 0
2019-11-12 23:39:06,049 [7c2b8f83-a523-49c2-afdc-9b713bfd472f@group-959D08EB2AC8-SegmentedRaftLogWorker] INFO  segmented.SegmentedRaftLogWorker (SegmentedRaftLogWorker.java:execute(576)) - 7c2b8f83-a523-49c2-afdc-9b713bfd472f@group-959D08EB2AC8-SegmentedRaftLogWorker: created new log segment /workdir/hadoop-ozone/integration-test/target/test-dir/MiniOzoneClusterImpl-af41d755-250d-41c0-9b7d-b62086ffbdd4/datanode-3/data/ratis/cbb9cda9-9b85-4e84-95a9-959d08eb2ac8/current/log_inprogress_0
2019-11-12 23:39:06,052 [568551cc-7cda-4cdf-9ff0-2cea755fc381@group-959D08EB2AC8-SegmentedRaftLogWorker] INFO  segmented.SegmentedRaftLogWorker (SegmentedRaftLogWorker.java:execute(576)) - 568551cc-7cda-4cdf-9ff0-2cea755fc381@group-959D08EB2AC8-SegmentedRaftLogWorker: created new log segment /workdir/hadoop-ozone/integration-test/target/test-dir/MiniOzoneClusterImpl-af41d755-250d-41c0-9b7d-b62086ffbdd4/datanode-4/data/ratis/cbb9cda9-9b85-4e84-95a9-959d08eb2ac8/current/log_inprogress_0
2019-11-12 23:39:06,055 [e78e490f-dcb2-4ec6-aeec-6e1e9400be8d@group-CCC45F9E3FF2-SegmentedRaftLogWorker] INFO  segmented.SegmentedRaftLogWorker (SegmentedRaftLogWorker.java:execute(576)) - e78e490f-dcb2-4ec6-aeec-6e1e9400be8d@group-CCC45F9E3FF2-SegmentedRaftLogWorker: created new log segment /workdir/hadoop-ozone/integration-test/target/test-dir/MiniOzoneClusterImpl-af41d755-250d-41c0-9b7d-b62086ffbdd4/datanode-5/data/ratis/eb54cf1d-1337-40cc-80eb-ccc45f9e3ff2/current/log_inprogress_0
2019-11-12 23:39:06,165 [main] INFO  ozone.MiniOzoneClusterImpl (MiniOzoneClusterImpl.java:lambda$waitForClusterToBeReady$2(163)) - Waiting for 4 number of pipelines out of 12, to report a leader.
2019-11-12 23:39:06,179 [Thread-3978] INFO  impl.FollowerState (FollowerState.java:run(111)) - 0cfa4e5a-af9b-49e5-b2c2-1a2dc6cf0616@group-79031BFF9747-FollowerState: change to CANDIDATE, lastRpcTime:1021ms, electionTimeout:1021ms
2019-11-12 23:39:06,180 [Thread-3978] INFO  impl.RoleInfo (RoleInfo.java:shutdownFollowerState(121)) - 0cfa4e5a-af9b-49e5-b2c2-1a2dc6cf0616: shutdown FollowerState
2019-11-12 23:39:06,180 [Thread-3978] INFO  impl.RaftServerImpl (RaftServerImpl.java:setRole(173)) - 0cfa4e5a-af9b-49e5-b2c2-1a2dc6cf0616@group-79031BFF9747: changes role from  FOLLOWER to CANDIDATE at term 0 for changeToCandidate
2019-11-12 23:39:06,180 [Thread-3978] INFO  impl.RoleInfo (RoleInfo.java:updateAndGet(143)) - 0cfa4e5a-af9b-49e5-b2c2-1a2dc6cf0616: start LeaderElection
2019-11-12 23:39:06,190 [Thread-3983] INFO  impl.FollowerState (FollowerState.java:run(111)) - bf4ebe41-a6c2-4458-a321-fc167af3521b@group-79031BFF9747-FollowerState: change to CANDIDATE, lastRpcTime:1028ms, electionTimeout:1028ms
2019-11-12 23:39:06,190 [Thread-3983] INFO  impl.RoleInfo (RoleInfo.java:shutdownFollowerState(121)) - bf4ebe41-a6c2-4458-a321-fc167af3521b: shutdown FollowerState
2019-11-12 23:39:06,190 [Thread-3983] INFO  impl.RaftServerImpl (RaftServerImpl.java:setRole(173)) - bf4ebe41-a6c2-4458-a321-fc167af3521b@group-79031BFF9747: changes role from  FOLLOWER to CANDIDATE at term 0 for changeToCandidate
2019-11-12 23:39:06,190 [Thread-3983] INFO  impl.RoleInfo (RoleInfo.java:updateAndGet(143)) - bf4ebe41-a6c2-4458-a321-fc167af3521b: start LeaderElection
2019-11-12 23:39:06,201 [bf4ebe41-a6c2-4458-a321-fc167af3521b@group-79031BFF9747-LeaderElection169] INFO  impl.LeaderElection (LeaderElection.java:askForVotes(178)) - bf4ebe41-a6c2-4458-a321-fc167af3521b@group-79031BFF9747-LeaderElection169: begin an election at term 1 for -1: [0cfa4e5a-af9b-49e5-b2c2-1a2dc6cf0616:192.168.164.236:41598, 2cdd6ea3-e978-43ee-a05f-f9ece739edb4:192.168.164.236:34677, bf4ebe41-a6c2-4458-a321-fc167af3521b:192.168.164.236:39425], old=null
2019-11-12 23:39:06,201 [0cfa4e5a-af9b-49e5-b2c2-1a2dc6cf0616@group-79031BFF9747-LeaderElection168] INFO  impl.LeaderElection (LeaderElection.java:askForVotes(178)) - 0cfa4e5a-af9b-49e5-b2c2-1a2dc6cf0616@group-79031BFF9747-LeaderElection168: begin an election at term 1 for -1: [0cfa4e5a-af9b-49e5-b2c2-1a2dc6cf0616:192.168.164.236:41598, 2cdd6ea3-e978-43ee-a05f-f9ece739edb4:192.168.164.236:34677, bf4ebe41-a6c2-4458-a321-fc167af3521b:192.168.164.236:39425], old=null
2019-11-12 23:39:06,210 [grpc-default-executor-6] INFO  impl.RaftServerImpl (RaftServerImpl.java:setRole(173)) - 2cdd6ea3-e978-43ee-a05f-f9ece739edb4@group-79031BFF9747: changes role from  FOLLOWER to FOLLOWER at term 1 for recognizeCandidate:bf4ebe41-a6c2-4458-a321-fc167af3521b
2019-11-12 23:39:06,212 [grpc-default-executor-6] INFO  impl.RoleInfo (RoleInfo.java:shutdownFollowerState(121)) - 2cdd6ea3-e978-43ee-a05f-f9ece739edb4: shutdown FollowerState
2019-11-12 23:39:06,212 [grpc-default-executor-6] INFO  impl.RoleInfo (RoleInfo.java:updateAndGet(143)) - 2cdd6ea3-e978-43ee-a05f-f9ece739edb4: start FollowerState
2019-11-12 23:39:06,212 [Thread-3982] INFO  impl.FollowerState (FollowerState.java:run(120)) - 2cdd6ea3-e978-43ee-a05f-f9ece739edb4@group-79031BFF9747-FollowerState was interrupted: java.lang.InterruptedException: sleep interrupted
2019-11-12 23:39:06,216 [Thread-3975] INFO  impl.FollowerState (FollowerState.java:run(111)) - bf4ebe41-a6c2-4458-a321-fc167af3521b@group-51BB75F0ED71-FollowerState: change to CANDIDATE, lastRpcTime:1106ms, electionTimeout:1106ms
2019-11-12 23:39:06,216 [Thread-3975] INFO  impl.RoleInfo (RoleInfo.java:shutdownFollowerState(121)) - bf4ebe41-a6c2-4458-a321-fc167af3521b: shutdown FollowerState
2019-11-12 23:39:06,216 [Thread-3975] INFO  impl.RaftServerImpl (RaftServerImpl.java:setRole(173)) - bf4ebe41-a6c2-4458-a321-fc167af3521b@group-51BB75F0ED71: changes role from  FOLLOWER to CANDIDATE at term 0 for changeToCandidate
2019-11-12 23:39:06,216 [Thread-3975] INFO  impl.RoleInfo (RoleInfo.java:updateAndGet(143)) - bf4ebe41-a6c2-4458-a321-fc167af3521b: start LeaderElection
2019-11-12 23:39:06,224 [Thread-3972] INFO  impl.FollowerState (FollowerState.java:run(111)) - 0cfa4e5a-af9b-49e5-b2c2-1a2dc6cf0616@group-5207EFFDFAC9-FollowerState: change to CANDIDATE, lastRpcTime:1156ms, electionTimeout:1156ms
2019-11-12 23:39:06,224 [Thread-3972] INFO  impl.RoleInfo (RoleInfo.java:shutdownFollowerState(121)) - 0cfa4e5a-af9b-49e5-b2c2-1a2dc6cf0616: shutdown FollowerState
2019-11-12 23:39:06,224 [Thread-3972] INFO  impl.RaftServerImpl (RaftServerImpl.java:setRole(173)) - 0cfa4e5a-af9b-49e5-b2c2-1a2dc6cf0616@group-5207EFFDFAC9: changes role from  FOLLOWER to CANDIDATE at term 0 for changeToCandidate
2019-11-12 23:39:06,224 [Thread-3972] INFO  impl.RoleInfo (RoleInfo.java:updateAndGet(143)) - 0cfa4e5a-af9b-49e5-b2c2-1a2dc6cf0616: start LeaderElection
2019-11-12 23:39:06,227 [Thread-3969] INFO  impl.FollowerState (FollowerState.java:run(111)) - 2cdd6ea3-e978-43ee-a05f-f9ece739edb4@group-40C4960585A8-FollowerState: change to CANDIDATE, lastRpcTime:1200ms, electionTimeout:1200ms
2019-11-12 23:39:06,229 [Thread-3969] INFO  impl.RoleInfo (RoleInfo.java:shutdownFollowerState(121)) - 2cdd6ea3-e978-43ee-a05f-f9ece739edb4: shutdown FollowerState
2019-11-12 23:39:06,229 [Thread-3969] INFO  impl.RaftServerImpl (RaftServerImpl.java:setRole(173)) - 2cdd6ea3-e978-43ee-a05f-f9ece739edb4@group-40C4960585A8: changes role from  FOLLOWER to CANDIDATE at term 0 for changeToCandidate
2019-11-12 23:39:06,229 [bf4ebe41-a6c2-4458-a321-fc167af3521b@group-51BB75F0ED71-LeaderElection170] INFO  impl.LeaderElection (LeaderElection.java:askForVotes(178)) - bf4ebe41-a6c2-4458-a321-fc167af3521b@group-51BB75F0ED71-LeaderElection170: begin an election at term 1 for -1: [bf4ebe41-a6c2-4458-a321-fc167af3521b:192.168.164.236:39425], old=null
2019-11-12 23:39:06,229 [Thread-3969] INFO  impl.RoleInfo (RoleInfo.java:updateAndGet(143)) - 2cdd6ea3-e978-43ee-a05f-f9ece739edb4: start LeaderElection
2019-11-12 23:39:06,229 [bf4ebe41-a6c2-4458-a321-fc167af3521b@group-51BB75F0ED71-LeaderElection170] INFO  impl.RoleInfo (RoleInfo.java:shutdownLeaderElection(134)) - bf4ebe41-a6c2-4458-a321-fc167af3521b: shutdown LeaderElection
2019-11-12 23:39:06,229 [bf4ebe41-a6c2-4458-a321-fc167af3521b@group-51BB75F0ED71-LeaderElection170] INFO  impl.RaftServerImpl (RaftServerImpl.java:setRole(173)) - bf4ebe41-a6c2-4458-a321-fc167af3521b@group-51BB75F0ED71: changes role from CANDIDATE to LEADER at term 1 for changeToLeader
2019-11-12 23:39:06,229 [bf4ebe41-a6c2-4458-a321-fc167af3521b@group-51BB75F0ED71-LeaderElection170] INFO  ratis.XceiverServerRatis (XceiverServerRatis.java:handleLeaderChangedNotification(697)) - Leader change notification received for group: group-51BB75F0ED71 with new leaderId: bf4ebe41-a6c2-4458-a321-fc167af3521b
2019-11-12 23:39:06,231 [0cfa4e5a-af9b-49e5-b2c2-1a2dc6cf0616@group-79031BFF9747-LeaderElection168] INFO  impl.LeaderElection (LeaderElection.java:logAndReturn(56)) - 0cfa4e5a-af9b-49e5-b2c2-1a2dc6cf0616@group-79031BFF9747-LeaderElection168: Election REJECTED; received 2 response(s) [0cfa4e5a-af9b-49e5-b2c2-1a2dc6cf0616<-2cdd6ea3-e978-43ee-a05f-f9ece739edb4#0:FAIL-t1, 0cfa4e5a-af9b-49e5-b2c2-1a2dc6cf0616<-bf4ebe41-a6c2-4458-a321-fc167af3521b#0:FAIL-t1] and 0 exception(s); 0cfa4e5a-af9b-49e5-b2c2-1a2dc6cf0616@group-79031BFF9747:t1, leader=null, voted=0cfa4e5a-af9b-49e5-b2c2-1a2dc6cf0616, raftlog=0cfa4e5a-af9b-49e5-b2c2-1a2dc6cf0616@group-79031BFF9747-SegmentedRaftLog:OPENED:c-1,f-1,i0, conf=-1: [0cfa4e5a-af9b-49e5-b2c2-1a2dc6cf0616:192.168.164.236:41598, 2cdd6ea3-e978-43ee-a05f-f9ece739edb4:192.168.164.236:34677, bf4ebe41-a6c2-4458-a321-fc167af3521b:192.168.164.236:39425], old=null
2019-11-12 23:39:06,234 [bf4ebe41-a6c2-4458-a321-fc167af3521b@group-51BB75F0ED71-LeaderElection170] INFO  impl.RaftServerImpl (ServerState.java:setLeader(255)) - bf4ebe41-a6c2-4458-a321-fc167af3521b@group-51BB75F0ED71: change Leader from null to bf4ebe41-a6c2-4458-a321-fc167af3521b at term 1 for becomeLeader, leader elected after 1123ms
2019-11-12 23:39:06,234 [bf4ebe41-a6c2-4458-a321-fc167af3521b@group-79031BFF9747-LeaderElection169] INFO  impl.LeaderElection (LeaderElection.java:logAndReturn(56)) - bf4ebe41-a6c2-4458-a321-fc167af3521b@group-79031BFF9747-LeaderElection169: Election PASSED; received 2 response(s) [bf4ebe41-a6c2-4458-a321-fc167af3521b<-0cfa4e5a-af9b-49e5-b2c2-1a2dc6cf0616#0:FAIL-t1, bf4ebe41-a6c2-4458-a321-fc167af3521b<-2cdd6ea3-e978-43ee-a05f-f9ece739edb4#0:OK-t1] and 0 exception(s); bf4ebe41-a6c2-4458-a321-fc167af3521b@group-79031BFF9747:t1, leader=null, voted=bf4ebe41-a6c2-4458-a321-fc167af3521b, raftlog=bf4ebe41-a6c2-4458-a321-fc167af3521b@group-79031BFF9747-SegmentedRaftLog:OPENED:c-1,f-1,i0, conf=-1: [0cfa4e5a-af9b-49e5-b2c2-1a2dc6cf0616:192.168.164.236:41598, 2cdd6ea3-e978-43ee-a05f-f9ece739edb4:192.168.164.236:34677, bf4ebe41-a6c2-4458-a321-fc167af3521b:192.168.164.236:39425], old=null
2019-11-12 23:39:06,236 [bf4ebe41-a6c2-4458-a321-fc167af3521b@group-79031BFF9747-LeaderElection169] INFO  impl.RoleInfo (RoleInfo.java:shutdownLeaderElection(134)) - bf4ebe41-a6c2-4458-a321-fc167af3521b: shutdown LeaderElection
2019-11-12 23:39:06,236 [bf4ebe41-a6c2-4458-a321-fc167af3521b@group-51BB75F0ED71-LeaderElection170] INFO  server.RaftServerConfigKeys (ConfUtils.java:logGet(43)) - raft.server.staging.catchup.gap = 1000 (default)
2019-11-12 23:39:06,234 [0cfa4e5a-af9b-49e5-b2c2-1a2dc6cf0616@group-79031BFF9747-LeaderElection168] INFO  impl.RaftServerImpl (RaftServerImpl.java:setRole(173)) - 0cfa4e5a-af9b-49e5-b2c2-1a2dc6cf0616@group-79031BFF9747: changes role from CANDIDATE to FOLLOWER at term 1 for DISCOVERED_A_NEW_TERM
2019-11-12 23:39:06,236 [bf4ebe41-a6c2-4458-a321-fc167af3521b@group-51BB75F0ED71-LeaderElection170] INFO  server.RaftServerConfigKeys (ConfUtils.java:logGet(43)) - raft.server.rpc.sleep.time = 25ms (default)
2019-11-12 23:39:06,236 [bf4ebe41-a6c2-4458-a321-fc167af3521b@group-79031BFF9747-LeaderElection169] INFO  impl.RaftServerImpl (RaftServerImpl.java:setRole(173)) - bf4ebe41-a6c2-4458-a321-fc167af3521b@group-79031BFF9747: changes role from CANDIDATE to LEADER at term 1 for changeToLeader
2019-11-12 23:39:06,236 [0cfa4e5a-af9b-49e5-b2c2-1a2dc6cf0616@group-79031BFF9747-LeaderElection168] INFO  impl.RoleInfo (RoleInfo.java:shutdownLeaderElection(134)) - 0cfa4e5a-af9b-49e5-b2c2-1a2dc6cf0616: shutdown LeaderElection
2019-11-12 23:39:06,237 [bf4ebe41-a6c2-4458-a321-fc167af3521b@group-51BB75F0ED71-LeaderElection170] INFO  server.RaftServerConfigKeys (ConfUtils.java:logGet(43)) - raft.server.write.element-limit = 4096 (default)
2019-11-12 23:39:06,237 [bf4ebe41-a6c2-4458-a321-fc167af3521b@group-79031BFF9747-LeaderElection169] INFO  ratis.XceiverServerRatis (XceiverServerRatis.java:handleLeaderChangedNotification(697)) - Leader change notification received for group: group-79031BFF9747 with new leaderId: bf4ebe41-a6c2-4458-a321-fc167af3521b
2019-11-12 23:39:06,237 [bf4ebe41-a6c2-4458-a321-fc167af3521b@group-51BB75F0ED71-LeaderElection170] INFO  server.RaftServerConfigKeys (ConfUtils.java:logGet(43)) - raft.server.watch.timeout = 10s (default)
2019-11-12 23:39:06,237 [0cfa4e5a-af9b-49e5-b2c2-1a2dc6cf0616@group-79031BFF9747-LeaderElection168] INFO  impl.RoleInfo (RoleInfo.java:updateAndGet(143)) - 0cfa4e5a-af9b-49e5-b2c2-1a2dc6cf0616: start FollowerState
2019-11-12 23:39:06,237 [EventQueue-PipelineReportForPipelineReportHandler] INFO  pipeline.PipelineStateManager (PipelineStateManager.java:openPipeline(134)) - Pipeline Pipeline[ Id: 22af130e-a2c4-4099-9963-51bb75f0ed71, Nodes: bf4ebe41-a6c2-4458-a321-fc167af3521b{ip: 192.168.164.236, host: pr-hdds-2375-hvwjp-2869937553, networkLocation: /rack1, certSerialId: null}, Type:RATIS, Factor:ONE, State:OPEN] moved to OPEN state
2019-11-12 23:39:06,237 [bf4ebe41-a6c2-4458-a321-fc167af3521b@group-51BB75F0ED71-LeaderElection170] INFO  server.RaftServerConfigKeys (ConfUtils.java:logGet(43)) - raft.server.watch.timeout.denomination = 1s (default)
2019-11-12 23:39:06,237 [bf4ebe41-a6c2-4458-a321-fc167af3521b@group-79031BFF9747-LeaderElection169] INFO  impl.RaftServerImpl (ServerState.java:setLeader(255)) - bf4ebe41-a6c2-4458-a321-fc167af3521b@group-79031BFF9747: change Leader from null to bf4ebe41-a6c2-4458-a321-fc167af3521b at term 1 for becomeLeader, leader elected after 1083ms
2019-11-12 23:39:06,238 [EventQueue-PipelineReportForPipelineReportHandler] INFO  pipeline.PipelineStateManager (PipelineStateManager.java:openPipeline(134)) - Pipeline Pipeline[ Id: 6d7e9d7f-7b1f-40bf-9971-79031bff9747, Nodes: 2cdd6ea3-e978-43ee-a05f-f9ece739edb4{ip: 192.168.164.236, host: pr-hdds-2375-hvwjp-2869937553, networkLocation: /rack1, certSerialId: null}0cfa4e5a-af9b-49e5-b2c2-1a2dc6cf0616{ip: 192.168.164.236, host: pr-hdds-2375-hvwjp-2869937553, networkLocation: /rack1, certSerialId: null}bf4ebe41-a6c2-4458-a321-fc167af3521b{ip: 192.168.164.236, host: pr-hdds-2375-hvwjp-2869937553, networkLocation: /rack1, certSerialId: null}, Type:RATIS, Factor:THREE, State:OPEN] moved to OPEN state
2019-11-12 23:39:06,238 [bf4ebe41-a6c2-4458-a321-fc167af3521b@group-51BB75F0ED71-LeaderElection170] INFO  server.RaftServerConfigKeys (ConfUtils.java:logGet(43)) - raft.server.watch.element-limit = 65536 (default)
2019-11-12 23:39:06,238 [bf4ebe41-a6c2-4458-a321-fc167af3521b@group-79031BFF9747-LeaderElection169] INFO  server.RaftServerConfigKeys (ConfUtils.java:logGet(43)) - raft.server.staging.catchup.gap = 1000 (default)
2019-11-12 23:39:06,238 [bf4ebe41-a6c2-4458-a321-fc167af3521b@group-51BB75F0ED71-LeaderElection170] INFO  impl.RoleInfo (RoleInfo.java:updateAndGet(143)) - bf4ebe41-a6c2-4458-a321-fc167af3521b: start LeaderState
2019-11-12 23:39:06,238 [bf4ebe41-a6c2-4458-a321-fc167af3521b@group-79031BFF9747-LeaderElection169] INFO  server.RaftServerConfigKeys (ConfUtils.java:logGet(43)) - raft.server.rpc.sleep.time = 25ms (default)
2019-11-12 23:39:06,238 [bf4ebe41-a6c2-4458-a321-fc167af3521b@group-51BB75F0ED71-LeaderElection170] INFO  segmented.SegmentedRaftLogWorker (SegmentedRaftLogWorker.java:startLogSegment(385)) - bf4ebe41-a6c2-4458-a321-fc167af3521b@group-51BB75F0ED71-SegmentedRaftLogWorker: Starting segment from index:0
2019-11-12 23:39:06,238 [bf4ebe41-a6c2-4458-a321-fc167af3521b@group-79031BFF9747-LeaderElection169] INFO  server.RaftServerConfigKeys (ConfUtils.java:logGet(43)) - raft.server.write.element-limit = 4096 (default)
2019-11-12 23:39:06,239 [bf4ebe41-a6c2-4458-a321-fc167af3521b@group-79031BFF9747-LeaderElection169] INFO  server.RaftServerConfigKeys (ConfUtils.java:logGet(43)) - raft.server.watch.timeout = 10s (default)
2019-11-12 23:39:06,239 [bf4ebe41-a6c2-4458-a321-fc167af3521b@group-79031BFF9747-LeaderElection169] INFO  server.RaftServerConfigKeys (ConfUtils.java:logGet(43)) - raft.server.watch.timeout.denomination = 1s (default)
2019-11-12 23:39:06,239 [bf4ebe41-a6c2-4458-a321-fc167af3521b@group-51BB75F0ED71-LeaderElection170] INFO  impl.RaftServerImpl (ServerState.java:setRaftConf(356)) - bf4ebe41-a6c2-4458-a321-fc167af3521b@group-51BB75F0ED71: set configuration 0: [bf4ebe41-a6c2-4458-a321-fc167af3521b:192.168.164.236:39425], old=null at 0
2019-11-12 23:39:06,239 [bf4ebe41-a6c2-4458-a321-fc167af3521b@group-79031BFF9747-LeaderElection169] INFO  server.RaftServerConfigKeys (ConfUtils.java:logGet(43)) - raft.server.watch.element-limit = 65536 (default)
2019-11-12 23:39:06,239 [bf4ebe41-a6c2-4458-a321-fc167af3521b@group-79031BFF9747-LeaderElection169] INFO  server.RaftServerConfigKeys (ConfUtils.java:logGet(43)) - raft.server.log.appender.snapshot.chunk.size.max = 16MB (=16777216) (default)
2019-11-12 23:39:06,239 [bf4ebe41-a6c2-4458-a321-fc167af3521b@group-79031BFF9747-LeaderElection169] INFO  server.RaftServerConfigKeys (ConfUtils.java:logGet(43)) - raft.server.log.appender.buffer.byte-limit = 33554432 (custom)
2019-11-12 23:39:06,239 [bf4ebe41-a6c2-4458-a321-fc167af3521b@group-79031BFF9747-LeaderElection169] INFO  server.RaftServerConfigKeys (ConfUtils.java:logGet(43)) - raft.server.log.appender.buffer.element-limit = 1 (custom)
2019-11-12 23:39:06,240 [bf4ebe41-a6c2-4458-a321-fc167af3521b@group-79031BFF9747-LeaderElection169] INFO  grpc.GrpcConfigKeys$Server (ConfUtils.java:logGet(43)) - raft.grpc.server.leader.outstanding.appends.max = 128 (default)
2019-11-12 23:39:06,240 [bf4ebe41-a6c2-4458-a321-fc167af3521b@group-79031BFF9747-LeaderElection169] INFO  server.RaftServerConfigKeys (ConfUtils.java:logGet(43)) - raft.server.rpc.request.timeout = 3000ms (default)
2019-11-12 23:39:06,240 [bf4ebe41-a6c2-4458-a321-fc167af3521b@group-79031BFF9747-LeaderElection169] INFO  server.RaftServerConfigKeys (ConfUtils.java:logGet(43)) - raft.server.log.appender.install.snapshot.enabled = false (custom)
2019-11-12 23:39:06,240 [bf4ebe41-a6c2-4458-a321-fc167af3521b@group-79031BFF9747-LeaderElection169] WARN  impl.MetricRegistriesImpl (MetricRegistriesImpl.java:lambda$create$1(61)) - First MetricRegistry has been created without registering reporters. You may need to call MetricRegistries.global().addReportRegistration(...) before.
2019-11-12 23:39:06,240 [bf4ebe41-a6c2-4458-a321-fc167af3521b@group-79031BFF9747-LeaderElection169] INFO  server.RaftServerConfigKeys (ConfUtils.java:logGet(43)) - raft.server.log.appender.snapshot.chunk.size.max = 16MB (=16777216) (default)
2019-11-12 23:39:06,240 [bf4ebe41-a6c2-4458-a321-fc167af3521b@group-79031BFF9747-LeaderElection169] INFO  server.RaftServerConfigKeys (ConfUtils.java:logGet(43)) - raft.server.log.appender.buffer.byte-limit = 33554432 (custom)
2019-11-12 23:39:06,240 [bf4ebe41-a6c2-4458-a321-fc167af3521b@group-79031BFF9747-LeaderElection169] INFO  server.RaftServerConfigKeys (ConfUtils.java:logGet(43)) - raft.server.log.appender.buffer.element-limit = 1 (custom)
2019-11-12 23:39:06,240 [bf4ebe41-a6c2-4458-a321-fc167af3521b@group-79031BFF9747-LeaderElection169] INFO  grpc.GrpcConfigKeys$Server (ConfUtils.java:logGet(43)) - raft.grpc.server.leader.outstanding.appends.max = 128 (default)
2019-11-12 23:39:06,241 [bf4ebe41-a6c2-4458-a321-fc167af3521b@group-79031BFF9747-LeaderElection169] INFO  server.RaftServerConfigKeys (ConfUtils.java:logGet(43)) - raft.server.rpc.request.timeout = 3000ms (default)
2019-11-12 23:39:06,241 [bf4ebe41-a6c2-4458-a321-fc167af3521b@group-79031BFF9747-LeaderElection169] INFO  server.RaftServerConfigKeys (ConfUtils.java:logGet(43)) - raft.server.log.appender.install.snapshot.enabled = false (custom)
2019-11-12 23:39:06,241 [bf4ebe41-a6c2-4458-a321-fc167af3521b@group-79031BFF9747-LeaderElection169] INFO  impl.RoleInfo (RoleInfo.java:updateAndGet(143)) - bf4ebe41-a6c2-4458-a321-fc167af3521b: start LeaderState
2019-11-12 23:39:06,241 [bf4ebe41-a6c2-4458-a321-fc167af3521b@group-79031BFF9747-LeaderElection169] INFO  segmented.SegmentedRaftLogWorker (SegmentedRaftLogWorker.java:startLogSegment(385)) - bf4ebe41-a6c2-4458-a321-fc167af3521b@group-79031BFF9747-SegmentedRaftLogWorker: Starting segment from index:0
2019-11-12 23:39:06,241 [bf4ebe41-a6c2-4458-a321-fc167af3521b@group-79031BFF9747-LeaderElection169] INFO  impl.RaftServerImpl (ServerState.java:setRaftConf(356)) - bf4ebe41-a6c2-4458-a321-fc167af3521b@group-79031BFF9747: set configuration 0: [0cfa4e5a-af9b-49e5-b2c2-1a2dc6cf0616:192.168.164.236:41598, 2cdd6ea3-e978-43ee-a05f-f9ece739edb4:192.168.164.236:34677, bf4ebe41-a6c2-4458-a321-fc167af3521b:192.168.164.236:39425], old=null at 0
2019-11-12 23:39:06,242 [0cfa4e5a-af9b-49e5-b2c2-1a2dc6cf0616@group-5207EFFDFAC9-LeaderElection171] INFO  impl.LeaderElection (LeaderElection.java:askForVotes(178)) - 0cfa4e5a-af9b-49e5-b2c2-1a2dc6cf0616@group-5207EFFDFAC9-LeaderElection171: begin an election at term 1 for -1: [0cfa4e5a-af9b-49e5-b2c2-1a2dc6cf0616:192.168.164.236:41598], old=null
2019-11-12 23:39:06,242 [2cdd6ea3-e978-43ee-a05f-f9ece739edb4@group-40C4960585A8-LeaderElection172] INFO  impl.LeaderElection (LeaderElection.java:askForVotes(178)) - 2cdd6ea3-e978-43ee-a05f-f9ece739edb4@group-40C4960585A8-LeaderElection172: begin an election at term 1 for -1: [2cdd6ea3-e978-43ee-a05f-f9ece739edb4:192.168.164.236:34677], old=null
2019-11-12 23:39:06,242 [0cfa4e5a-af9b-49e5-b2c2-1a2dc6cf0616@group-5207EFFDFAC9-LeaderElection171] INFO  impl.RoleInfo (RoleInfo.java:shutdownLeaderElection(134)) - 0cfa4e5a-af9b-49e5-b2c2-1a2dc6cf0616: shutdown LeaderElection
2019-11-12 23:39:06,242 [2cdd6ea3-e978-43ee-a05f-f9ece739edb4@group-40C4960585A8-LeaderElection172] INFO  impl.RoleInfo (RoleInfo.java:shutdownLeaderElection(134)) - 2cdd6ea3-e978-43ee-a05f-f9ece739edb4: shutdown LeaderElection
2019-11-12 23:39:06,243 [grpc-default-executor-6] INFO  ratis.XceiverServerRatis (XceiverServerRatis.java:handleLeaderChangedNotification(697)) - Leader change notification received for group: group-79031BFF9747 with new leaderId: bf4ebe41-a6c2-4458-a321-fc167af3521b
2019-11-12 23:39:06,243 [0cfa4e5a-af9b-49e5-b2c2-1a2dc6cf0616@group-5207EFFDFAC9-LeaderElection171] INFO  impl.RaftServerImpl (RaftServerImpl.java:setRole(173)) - 0cfa4e5a-af9b-49e5-b2c2-1a2dc6cf0616@group-5207EFFDFAC9: changes role from CANDIDATE to LEADER at term 1 for changeToLeader
2019-11-12 23:39:06,243 [grpc-default-executor-6] INFO  impl.RaftServerImpl (ServerState.java:setLeader(255)) - 2cdd6ea3-e978-43ee-a05f-f9ece739edb4@group-79031BFF9747: change Leader from null to bf4ebe41-a6c2-4458-a321-fc167af3521b at term 1 for appendEntries, leader elected after 1090ms
2019-11-12 23:39:06,243 [2cdd6ea3-e978-43ee-a05f-f9ece739edb4@group-40C4960585A8-LeaderElection172] INFO  impl.RaftServerImpl (RaftServerImpl.java:setRole(173)) - 2cdd6ea3-e978-43ee-a05f-f9ece739edb4@group-40C4960585A8: changes role from CANDIDATE to LEADER at term 1 for changeToLeader
2019-11-12 23:39:06,243 [0cfa4e5a-af9b-49e5-b2c2-1a2dc6cf0616@group-5207EFFDFAC9-LeaderElection171] INFO  ratis.XceiverServerRatis (XceiverServerRatis.java:handleLeaderChangedNotification(697)) - Leader change notification received for group: group-5207EFFDFAC9 with new leaderId: 0cfa4e5a-af9b-49e5-b2c2-1a2dc6cf0616
2019-11-12 23:39:06,243 [2cdd6ea3-e978-43ee-a05f-f9ece739edb4@group-40C4960585A8-LeaderElection172] INFO  ratis.XceiverServerRatis (XceiverServerRatis.java:handleLeaderChangedNotification(697)) - Leader change notification received for group: group-40C4960585A8 with new leaderId: 2cdd6ea3-e978-43ee-a05f-f9ece739edb4
2019-11-12 23:39:06,243 [grpc-default-executor-3] INFO  ratis.XceiverServerRatis (XceiverServerRatis.java:handleLeaderChangedNotification(697)) - Leader change notification received for group: group-79031BFF9747 with new leaderId: bf4ebe41-a6c2-4458-a321-fc167af3521b
2019-11-12 23:39:06,244 [0cfa4e5a-af9b-49e5-b2c2-1a2dc6cf0616@group-5207EFFDFAC9-LeaderElection171] INFO  impl.RaftServerImpl (ServerState.java:setLeader(255)) - 0cfa4e5a-af9b-49e5-b2c2-1a2dc6cf0616@group-5207EFFDFAC9: change Leader from null to 0cfa4e5a-af9b-49e5-b2c2-1a2dc6cf0616 at term 1 for becomeLeader, leader elected after 1178ms
2019-11-12 23:39:06,280 [grpc-default-executor-3] INFO  impl.RaftServerImpl (ServerState.java:setLeader(255)) - 0cfa4e5a-af9b-49e5-b2c2-1a2dc6cf0616@group-79031BFF9747: change Leader from null to bf4ebe41-a6c2-4458-a321-fc167af3521b at term 1 for appendEntries, leader elected after 1090ms
2019-11-12 23:39:06,280 [0cfa4e5a-af9b-49e5-b2c2-1a2dc6cf0616@group-5207EFFDFAC9-LeaderElection171] INFO  server.RaftServerConfigKeys (ConfUtils.java:logGet(43)) - raft.server.staging.catchup.gap = 1000 (default)
2019-11-12 23:39:06,280 [2cdd6ea3-e978-43ee-a05f-f9ece739edb4@group-40C4960585A8-LeaderElection172] INFO  impl.RaftServerImpl (ServerState.java:setLeader(255)) - 2cdd6ea3-e978-43ee-a05f-f9ece739edb4@group-40C4960585A8: change Leader from null to 2cdd6ea3-e978-43ee-a05f-f9ece739edb4 at term 1 for becomeLeader, leader elected after 1221ms
2019-11-12 23:39:06,296 [bf4ebe41-a6c2-4458-a321-fc167af3521b@group-79031BFF9747-SegmentedRaftLogWorker] INFO  segmented.SegmentedRaftLogWorker (SegmentedRaftLogWorker.java:execute(576)) - bf4ebe41-a6c2-4458-a321-fc167af3521b@group-79031BFF9747-SegmentedRaftLogWorker: created new log segment /workdir/hadoop-ozone/integration-test/target/test-dir/MiniOzoneClusterImpl-af41d755-250d-41c0-9b7d-b62086ffbdd4/datanode-8/data/ratis/6d7e9d7f-7b1f-40bf-9971-79031bff9747/current/log_inprogress_0
2019-11-12 23:39:06,296 [bf4ebe41-a6c2-4458-a321-fc167af3521b@group-51BB75F0ED71-SegmentedRaftLogWorker] INFO  segmented.SegmentedRaftLogWorker (SegmentedRaftLogWorker.java:execute(576)) - bf4ebe41-a6c2-4458-a321-fc167af3521b@group-51BB75F0ED71-SegmentedRaftLogWorker: created new log segment /workdir/hadoop-ozone/integration-test/target/test-dir/MiniOzoneClusterImpl-af41d755-250d-41c0-9b7d-b62086ffbdd4/datanode-8/data/ratis/22af130e-a2c4-4099-9963-51bb75f0ed71/current/log_inprogress_0
2019-11-12 23:39:06,281 [0cfa4e5a-af9b-49e5-b2c2-1a2dc6cf0616@group-5207EFFDFAC9-LeaderElection171] INFO  server.RaftServerConfigKeys (ConfUtils.java:logGet(43)) - raft.server.rpc.sleep.time = 25ms (default)
2019-11-12 23:39:06,281 [EventQueue-PipelineReportForPipelineReportHandler] INFO  pipeline.PipelineStateManager (PipelineStateManager.java:openPipeline(134)) - Pipeline Pipeline[ Id: 422cf0a9-9439-4c64-afae-5207effdfac9, Nodes: 0cfa4e5a-af9b-49e5-b2c2-1a2dc6cf0616{ip: 192.168.164.236, host: pr-hdds-2375-hvwjp-2869937553, networkLocation: /rack1, certSerialId: null}, Type:RATIS, Factor:ONE, State:OPEN] moved to OPEN state
2019-11-12 23:39:06,297 [0cfa4e5a-af9b-49e5-b2c2-1a2dc6cf0616@group-5207EFFDFAC9-LeaderElection171] INFO  server.RaftServerConfigKeys (ConfUtils.java:logGet(43)) - raft.server.write.element-limit = 4096 (default)
2019-11-12 23:39:06,297 [2cdd6ea3-e978-43ee-a05f-f9ece739edb4@group-40C4960585A8-LeaderElection172] INFO  server.RaftServerConfigKeys (ConfUtils.java:logGet(43)) - raft.server.staging.catchup.gap = 1000 (default)
2019-11-12 23:39:06,297 [EventQueue-PipelineReportForPipelineReportHandler] INFO  pipeline.PipelineStateManager (PipelineStateManager.java:openPipeline(134)) - Pipeline Pipeline[ Id: a6a85990-6e56-4232-b549-40c4960585a8, Nodes: 2cdd6ea3-e978-43ee-a05f-f9ece739edb4{ip: 192.168.164.236, host: pr-hdds-2375-hvwjp-2869937553, networkLocation: /rack1, certSerialId: null}, Type:RATIS, Factor:ONE, State:OPEN] moved to OPEN state
2019-11-12 23:39:06,297 [0cfa4e5a-af9b-49e5-b2c2-1a2dc6cf0616@group-5207EFFDFAC9-LeaderElection171] INFO  server.RaftServerConfigKeys (ConfUtils.java:logGet(43)) - raft.server.watch.timeout = 10s (default)
2019-11-12 23:39:06,298 [grpc-default-executor-6] INFO  impl.RaftServerImpl (ServerState.java:setRaftConf(356)) - 2cdd6ea3-e978-43ee-a05f-f9ece739edb4@group-79031BFF9747: set configuration 0: [0cfa4e5a-af9b-49e5-b2c2-1a2dc6cf0616:192.168.164.236:41598, 2cdd6ea3-e978-43ee-a05f-f9ece739edb4:192.168.164.236:34677, bf4ebe41-a6c2-4458-a321-fc167af3521b:192.168.164.236:39425], old=null at 0
2019-11-12 23:39:06,298 [0cfa4e5a-af9b-49e5-b2c2-1a2dc6cf0616@group-5207EFFDFAC9-LeaderElection171] INFO  server.RaftServerConfigKeys (ConfUtils.java:logGet(43)) - raft.server.watch.timeout.denomination = 1s (default)
2019-11-12 23:39:06,298 [0cfa4e5a-af9b-49e5-b2c2-1a2dc6cf0616@group-5207EFFDFAC9-LeaderElection171] INFO  server.RaftServerConfigKeys (ConfUtils.java:logGet(43)) - raft.server.watch.element-limit = 65536 (default)
2019-11-12 23:39:06,298 [2cdd6ea3-e978-43ee-a05f-f9ece739edb4@group-40C4960585A8-LeaderElection172] INFO  server.RaftServerConfigKeys (ConfUtils.java:logGet(43)) - raft.server.rpc.sleep.time = 25ms (default)
2019-11-12 23:39:06,298 [0cfa4e5a-af9b-49e5-b2c2-1a2dc6cf0616@group-5207EFFDFAC9-LeaderElection171] INFO  impl.RoleInfo (RoleInfo.java:updateAndGet(143)) - 0cfa4e5a-af9b-49e5-b2c2-1a2dc6cf0616: start LeaderState
2019-11-12 23:39:06,298 [grpc-default-executor-3] INFO  impl.RaftServerImpl (ServerState.java:setRaftConf(356)) - 0cfa4e5a-af9b-49e5-b2c2-1a2dc6cf0616@group-79031BFF9747: set configuration 0: [0cfa4e5a-af9b-49e5-b2c2-1a2dc6cf0616:192.168.164.236:41598, 2cdd6ea3-e978-43ee-a05f-f9ece739edb4:192.168.164.236:34677, bf4ebe41-a6c2-4458-a321-fc167af3521b:192.168.164.236:39425], old=null at 0
2019-11-12 23:39:06,298 [grpc-default-executor-6] INFO  segmented.SegmentedRaftLogWorker (SegmentedRaftLogWorker.java:startLogSegment(385)) - 2cdd6ea3-e978-43ee-a05f-f9ece739edb4@group-79031BFF9747-SegmentedRaftLogWorker: Starting segment from index:0
2019-11-12 23:39:06,299 [grpc-default-executor-3] INFO  segmented.SegmentedRaftLogWorker (SegmentedRaftLogWorker.java:startLogSegment(385)) - 0cfa4e5a-af9b-49e5-b2c2-1a2dc6cf0616@group-79031BFF9747-SegmentedRaftLogWorker: Starting segment from index:0
2019-11-12 23:39:06,299 [0cfa4e5a-af9b-49e5-b2c2-1a2dc6cf0616@group-5207EFFDFAC9-LeaderElection171] INFO  segmented.SegmentedRaftLogWorker (SegmentedRaftLogWorker.java:startLogSegment(385)) - 0cfa4e5a-af9b-49e5-b2c2-1a2dc6cf0616@group-5207EFFDFAC9-SegmentedRaftLogWorker: Starting segment from index:0
2019-11-12 23:39:06,299 [2cdd6ea3-e978-43ee-a05f-f9ece739edb4@group-40C4960585A8-LeaderElection172] INFO  server.RaftServerConfigKeys (ConfUtils.java:logGet(43)) - raft.server.write.element-limit = 4096 (default)
2019-11-12 23:39:06,299 [0cfa4e5a-af9b-49e5-b2c2-1a2dc6cf0616@group-5207EFFDFAC9-LeaderElection171] INFO  impl.RaftServerImpl (ServerState.java:setRaftConf(356)) - 0cfa4e5a-af9b-49e5-b2c2-1a2dc6cf0616@group-5207EFFDFAC9: set configuration 0: [0cfa4e5a-af9b-49e5-b2c2-1a2dc6cf0616:192.168.164.236:41598], old=null at 0
2019-11-12 23:39:06,299 [2cdd6ea3-e978-43ee-a05f-f9ece739edb4@group-40C4960585A8-LeaderElection172] INFO  server.RaftServerConfigKeys (ConfUtils.java:logGet(43)) - raft.server.watch.timeout = 10s (default)
2019-11-12 23:39:06,300 [2cdd6ea3-e978-43ee-a05f-f9ece739edb4@group-40C4960585A8-LeaderElection172] INFO  server.RaftServerConfigKeys (ConfUtils.java:logGet(43)) - raft.server.watch.timeout.denomination = 1s (default)
2019-11-12 23:39:06,300 [2cdd6ea3-e978-43ee-a05f-f9ece739edb4@group-40C4960585A8-LeaderElection172] INFO  server.RaftServerConfigKeys (ConfUtils.java:logGet(43)) - raft.server.watch.element-limit = 65536 (default)
2019-11-12 23:39:06,300 [2cdd6ea3-e978-43ee-a05f-f9ece739edb4@group-40C4960585A8-LeaderElection172] INFO  impl.RoleInfo (RoleInfo.java:updateAndGet(143)) - 2cdd6ea3-e978-43ee-a05f-f9ece739edb4: start LeaderState
2019-11-12 23:39:06,300 [2cdd6ea3-e978-43ee-a05f-f9ece739edb4@group-40C4960585A8-LeaderElection172] INFO  segmented.SegmentedRaftLogWorker (SegmentedRaftLogWorker.java:startLogSegment(385)) - 2cdd6ea3-e978-43ee-a05f-f9ece739edb4@group-40C4960585A8-SegmentedRaftLogWorker: Starting segment from index:0
2019-11-12 23:39:06,301 [2cdd6ea3-e978-43ee-a05f-f9ece739edb4@group-40C4960585A8-LeaderElection172] INFO  impl.RaftServerImpl (ServerState.java:setRaftConf(356)) - 2cdd6ea3-e978-43ee-a05f-f9ece739edb4@group-40C4960585A8: set configuration 0: [2cdd6ea3-e978-43ee-a05f-f9ece739edb4:192.168.164.236:34677], old=null at 0
2019-11-12 23:39:06,337 [0cfa4e5a-af9b-49e5-b2c2-1a2dc6cf0616@group-79031BFF9747-SegmentedRaftLogWorker] INFO  segmented.SegmentedRaftLogWorker (SegmentedRaftLogWorker.java:execute(576)) - 0cfa4e5a-af9b-49e5-b2c2-1a2dc6cf0616@group-79031BFF9747-SegmentedRaftLogWorker: created new log segment /workdir/hadoop-ozone/integration-test/target/test-dir/MiniOzoneClusterImpl-af41d755-250d-41c0-9b7d-b62086ffbdd4/datanode-6/data/ratis/6d7e9d7f-7b1f-40bf-9971-79031bff9747/current/log_inprogress_0
2019-11-12 23:39:06,337 [2cdd6ea3-e978-43ee-a05f-f9ece739edb4@group-79031BFF9747-SegmentedRaftLogWorker] INFO  segmented.SegmentedRaftLogWorker (SegmentedRaftLogWorker.java:execute(576)) - 2cdd6ea3-e978-43ee-a05f-f9ece739edb4@group-79031BFF9747-SegmentedRaftLogWorker: created new log segment /workdir/hadoop-ozone/integration-test/target/test-dir/MiniOzoneClusterImpl-af41d755-250d-41c0-9b7d-b62086ffbdd4/datanode-7/data/ratis/6d7e9d7f-7b1f-40bf-9971-79031bff9747/current/log_inprogress_0
2019-11-12 23:39:06,340 [2cdd6ea3-e978-43ee-a05f-f9ece739edb4@group-40C4960585A8-SegmentedRaftLogWorker] INFO  segmented.SegmentedRaftLogWorker (SegmentedRaftLogWorker.java:execute(576)) - 2cdd6ea3-e978-43ee-a05f-f9ece739edb4@group-40C4960585A8-SegmentedRaftLogWorker: created new log segment /workdir/hadoop-ozone/integration-test/target/test-dir/MiniOzoneClusterImpl-af41d755-250d-41c0-9b7d-b62086ffbdd4/datanode-7/data/ratis/a6a85990-6e56-4232-b549-40c4960585a8/current/log_inprogress_0
2019-11-12 23:39:06,340 [0cfa4e5a-af9b-49e5-b2c2-1a2dc6cf0616@group-5207EFFDFAC9-SegmentedRaftLogWorker] INFO  segmented.SegmentedRaftLogWorker (SegmentedRaftLogWorker.java:execute(576)) - 0cfa4e5a-af9b-49e5-b2c2-1a2dc6cf0616@group-5207EFFDFAC9-SegmentedRaftLogWorker: created new log segment /workdir/hadoop-ozone/integration-test/target/test-dir/MiniOzoneClusterImpl-af41d755-250d-41c0-9b7d-b62086ffbdd4/datanode-6/data/ratis/422cf0a9-9439-4c64-afae-5207effdfac9/current/log_inprogress_0
2019-11-12 23:39:07,169 [main] INFO  ozone.MiniOzoneClusterImpl (MiniOzoneClusterImpl.java:lambda$waitForClusterToBeReady$2(171)) - Cluster is ready. Got 10 of 10 DN Heartbeats.
2019-11-12 23:39:07,201 [main] INFO  rpc.RpcClient (RpcClient.java:createVolume(292)) - Creating Volume: datanodefailurehandlingtest, with jenkins1000 as owner.
2019-11-12 23:39:07,204 [IPC Server handler 3 on 39383] INFO  volume.OMVolumeCreateRequest (OMVolumeCreateRequest.java:validateAndUpdateCache(193)) - created volume:datanodefailurehandlingtest for user:jenkins1000
2019-11-12 23:39:07,241 [main] INFO  rpc.RpcClient (RpcClient.java:createBucket(431)) - Creating Bucket: datanodefailurehandlingtest/datanodefailurehandlingtest, with Versioning false and Storage Type set to DISK and Encryption set to false 
2019-11-12 23:39:07,438 [Thread-3931] INFO  container.ReplicationManager (ReplicationManager.java:start(162)) - Starting Replication Monitor Thread.
2019-11-12 23:39:07,439 [Thread-3931] INFO  pipeline.SCMPipelineManager (SCMPipelineManager.java:finalizeAndDestroyPipeline(315)) - destroying pipeline:Pipeline[ Id: a4415209-55a4-4fcc-b8a2-ec001728b81a, Nodes: 56d70f56-ceb9-47f6-9690-e0ced3248985{ip: 192.168.164.236, host: pr-hdds-2375-hvwjp-2869937553, networkLocation: /rack1, certSerialId: null}1f658cad-a8c7-4c86-bbeb-2b40079268d7{ip: 192.168.164.236, host: pr-hdds-2375-hvwjp-2869937553, networkLocation: /rack1, certSerialId: null}98dbddad-cff4-4f87-9188-db1d76df9501{ip: 192.168.164.236, host: pr-hdds-2375-hvwjp-2869937553, networkLocation: /rack1, certSerialId: null}, Type:RATIS, Factor:THREE, State:OPEN]
2019-11-12 23:39:07,442 [ReplicationMonitor] INFO  container.ReplicationManager (ReplicationManager.java:run(225)) - Replication Monitor Thread took 0 milliseconds for processing 1 containers.
2019-11-12 23:39:07,442 [Thread-3931] INFO  pipeline.PipelineStateManager (PipelineStateManager.java:finalizePipeline(121)) - Pipeline Pipeline[ Id: a4415209-55a4-4fcc-b8a2-ec001728b81a, Nodes: 56d70f56-ceb9-47f6-9690-e0ced3248985{ip: 192.168.164.236, host: pr-hdds-2375-hvwjp-2869937553, networkLocation: /rack1, certSerialId: null}1f658cad-a8c7-4c86-bbeb-2b40079268d7{ip: 192.168.164.236, host: pr-hdds-2375-hvwjp-2869937553, networkLocation: /rack1, certSerialId: null}98dbddad-cff4-4f87-9188-db1d76df9501{ip: 192.168.164.236, host: pr-hdds-2375-hvwjp-2869937553, networkLocation: /rack1, certSerialId: null}, Type:RATIS, Factor:THREE, State:CLOSED] moved to CLOSED state
2019-11-12 23:39:07,446 [grpc-default-executor-3] INFO  impl.RaftServerProxy (RaftServerProxy.java:remove(95)) - 56d70f56-ceb9-47f6-9690-e0ced3248985: remove  FOLLOWER 56d70f56-ceb9-47f6-9690-e0ced3248985@group-EC001728B81A:t1, leader=1f658cad-a8c7-4c86-bbeb-2b40079268d7, voted=1f658cad-a8c7-4c86-bbeb-2b40079268d7, raftlog=56d70f56-ceb9-47f6-9690-e0ced3248985@group-EC001728B81A-SegmentedRaftLog:OPENED:c0,f0,i0, conf=0: [56d70f56-ceb9-47f6-9690-e0ced3248985:192.168.164.236:34224, 1f658cad-a8c7-4c86-bbeb-2b40079268d7:192.168.164.236:44556, 98dbddad-cff4-4f87-9188-db1d76df9501:192.168.164.236:45282], old=null RUNNING
2019-11-12 23:39:07,446 [grpc-default-executor-3] INFO  impl.RaftServerImpl (RaftServerImpl.java:lambda$shutdown$3(250)) - 56d70f56-ceb9-47f6-9690-e0ced3248985@group-EC001728B81A: shutdown
2019-11-12 23:39:07,447 [grpc-default-executor-3] INFO  util.JmxRegister (JmxRegister.java:unregister(73)) - Successfully un-registered JMX Bean with object name Ratis:service=RaftServer,group=group-EC001728B81A,id=56d70f56-ceb9-47f6-9690-e0ced3248985
2019-11-12 23:39:07,447 [grpc-default-executor-3] INFO  impl.RoleInfo (RoleInfo.java:shutdownFollowerState(121)) - 56d70f56-ceb9-47f6-9690-e0ced3248985: shutdown FollowerState
2019-11-12 23:39:07,447 [grpc-default-executor-3] INFO  impl.StateMachineUpdater (StateMachineUpdater.java:stopAndJoin(136)) - 56d70f56-ceb9-47f6-9690-e0ced3248985@group-EC001728B81A-StateMachineUpdater: set stopIndex = 0
2019-11-12 23:39:07,447 [Thread-3993] INFO  impl.FollowerState (FollowerState.java:run(120)) - 56d70f56-ceb9-47f6-9690-e0ced3248985@group-EC001728B81A-FollowerState was interrupted: java.lang.InterruptedException: sleep interrupted
2019-11-12 23:39:07,447 [grpc-default-executor-3] INFO  impl.RaftServerImpl (ServerState.java:close(387)) - 56d70f56-ceb9-47f6-9690-e0ced3248985@group-EC001728B81A: closes. applyIndex: 0
2019-11-12 23:39:07,450 [56d70f56-ceb9-47f6-9690-e0ced3248985@group-EC001728B81A-SegmentedRaftLogWorker] INFO  segmented.SegmentedRaftLogWorker (SegmentedRaftLogWorker.java:run(316)) - 56d70f56-ceb9-47f6-9690-e0ced3248985@group-EC001728B81A-SegmentedRaftLogWorker was interrupted, exiting. There are 0 tasks remaining in the queue.
2019-11-12 23:39:07,450 [grpc-default-executor-3] INFO  segmented.SegmentedRaftLogWorker (SegmentedRaftLogWorker.java:close(224)) - 56d70f56-ceb9-47f6-9690-e0ced3248985@group-EC001728B81A-SegmentedRaftLogWorker close()
2019-11-12 23:39:07,459 [grpc-default-executor-3] INFO  impl.RaftServerProxy (RaftServerProxy.java:remove(95)) - 1f658cad-a8c7-4c86-bbeb-2b40079268d7: remove    LEADER 1f658cad-a8c7-4c86-bbeb-2b40079268d7@group-EC001728B81A:t1, leader=1f658cad-a8c7-4c86-bbeb-2b40079268d7, voted=1f658cad-a8c7-4c86-bbeb-2b40079268d7, raftlog=1f658cad-a8c7-4c86-bbeb-2b40079268d7@group-EC001728B81A-SegmentedRaftLog:OPENED:c0,f0,i0, conf=0: [56d70f56-ceb9-47f6-9690-e0ced3248985:192.168.164.236:34224, 1f658cad-a8c7-4c86-bbeb-2b40079268d7:192.168.164.236:44556, 98dbddad-cff4-4f87-9188-db1d76df9501:192.168.164.236:45282], old=null RUNNING
2019-11-12 23:39:07,459 [grpc-default-executor-3] INFO  impl.RaftServerImpl (RaftServerImpl.java:lambda$shutdown$3(250)) - 1f658cad-a8c7-4c86-bbeb-2b40079268d7@group-EC001728B81A: shutdown
2019-11-12 23:39:07,459 [grpc-default-executor-3] INFO  util.JmxRegister (JmxRegister.java:unregister(73)) - Successfully un-registered JMX Bean with object name Ratis:service=RaftServer,group=group-EC001728B81A,id=1f658cad-a8c7-4c86-bbeb-2b40079268d7
2019-11-12 23:39:07,459 [grpc-default-executor-3] INFO  impl.RoleInfo (RoleInfo.java:shutdownLeaderState(104)) - 1f658cad-a8c7-4c86-bbeb-2b40079268d7: shutdown LeaderState
2019-11-12 23:39:07,464 [grpc-default-executor-3] INFO  impl.PendingRequests (PendingRequests.java:sendNotLeaderResponses(206)) - 1f658cad-a8c7-4c86-bbeb-2b40079268d7@group-EC001728B81A-PendingRequests: sendNotLeaderResponses
2019-11-12 23:39:07,464 [org.apache.ratis.server.impl.LogAppender$AppenderDaemon$$Lambda$407/373218175@68232423] WARN  server.GrpcLogAppender (GrpcLogAppender.java:mayWait(151)) - 1f658cad-a8c7-4c86-bbeb-2b40079268d7@group-EC001728B81A->56d70f56-ceb9-47f6-9690-e0ced3248985-GrpcLogAppender: Wait interrupted by java.lang.InterruptedException
2019-11-12 23:39:07,464 [grpc-default-executor-3] INFO  impl.StateMachineUpdater (StateMachineUpdater.java:stopAndJoin(136)) - 1f658cad-a8c7-4c86-bbeb-2b40079268d7@group-EC001728B81A-StateMachineUpdater: set stopIndex = 0
2019-11-12 23:39:07,464 [org.apache.ratis.server.impl.LogAppender$AppenderDaemon$$Lambda$407/373218175@2d21a743] WARN  server.GrpcLogAppender (GrpcLogAppender.java:mayWait(151)) - 1f658cad-a8c7-4c86-bbeb-2b40079268d7@group-EC001728B81A->98dbddad-cff4-4f87-9188-db1d76df9501-GrpcLogAppender: Wait interrupted by java.lang.InterruptedException
2019-11-12 23:39:07,464 [grpc-default-executor-3] INFO  impl.RaftServerImpl (ServerState.java:close(387)) - 1f658cad-a8c7-4c86-bbeb-2b40079268d7@group-EC001728B81A: closes. applyIndex: 0
2019-11-12 23:39:07,464 [grpc-default-executor-6] INFO  server.GrpcServerProtocolService (GrpcServerProtocolService.java:onCompleted(113)) - 56d70f56-ceb9-47f6-9690-e0ced3248985: Completed APPEND_ENTRIES, lastRequest: 1f658cad-a8c7-4c86-bbeb-2b40079268d7->56d70f56-ceb9-47f6-9690-e0ced3248985#4-t1, previous=(t:1, i:0), leaderCommit=0, initializing? false, entries: <empty>
2019-11-12 23:39:07,465 [1f658cad-a8c7-4c86-bbeb-2b40079268d7@group-EC001728B81A-SegmentedRaftLogWorker] INFO  segmented.SegmentedRaftLogWorker (SegmentedRaftLogWorker.java:run(316)) - 1f658cad-a8c7-4c86-bbeb-2b40079268d7@group-EC001728B81A-SegmentedRaftLogWorker was interrupted, exiting. There are 0 tasks remaining in the queue.
2019-11-12 23:39:07,465 [grpc-default-executor-7] INFO  server.GrpcServerProtocolService (GrpcServerProtocolService.java:onCompleted(113)) - 98dbddad-cff4-4f87-9188-db1d76df9501: Completed APPEND_ENTRIES, lastRequest: 1f658cad-a8c7-4c86-bbeb-2b40079268d7->98dbddad-cff4-4f87-9188-db1d76df9501#4-t1, previous=(t:1, i:0), leaderCommit=0, initializing? false, entries: <empty>
2019-11-12 23:39:07,465 [grpc-default-executor-6] INFO  server.GrpcLogAppender (GrpcLogAppender.java:onCompleted(308)) - 1f658cad-a8c7-4c86-bbeb-2b40079268d7@group-EC001728B81A->56d70f56-ceb9-47f6-9690-e0ced3248985-AppendLogResponseHandler: follower responses appendEntries COMPLETED
2019-11-12 23:39:07,465 [grpc-default-executor-7] INFO  server.GrpcLogAppender (GrpcLogAppender.java:onCompleted(308)) - 1f658cad-a8c7-4c86-bbeb-2b40079268d7@group-EC001728B81A->98dbddad-cff4-4f87-9188-db1d76df9501-AppendLogResponseHandler: follower responses appendEntries COMPLETED
2019-11-12 23:39:07,465 [grpc-default-executor-3] INFO  segmented.SegmentedRaftLogWorker (SegmentedRaftLogWorker.java:close(224)) - 1f658cad-a8c7-4c86-bbeb-2b40079268d7@group-EC001728B81A-SegmentedRaftLogWorker close()
2019-11-12 23:39:07,466 [grpc-default-executor-6] INFO  impl.FollowerInfo (FollowerInfo.java:lambda$new$0(51)) - 1f658cad-a8c7-4c86-bbeb-2b40079268d7@group-EC001728B81A->56d70f56-ceb9-47f6-9690-e0ced3248985: nextIndex: updateUnconditionally 1 -> 0
2019-11-12 23:39:07,468 [grpc-default-executor-7] INFO  impl.FollowerInfo (FollowerInfo.java:lambda$new$0(51)) - 1f658cad-a8c7-4c86-bbeb-2b40079268d7@group-EC001728B81A->98dbddad-cff4-4f87-9188-db1d76df9501: nextIndex: updateUnconditionally 1 -> 0
2019-11-12 23:39:07,478 [grpc-default-executor-7] INFO  impl.RaftServerProxy (RaftServerProxy.java:remove(95)) - 98dbddad-cff4-4f87-9188-db1d76df9501: remove  FOLLOWER 98dbddad-cff4-4f87-9188-db1d76df9501@group-EC001728B81A:t1, leader=1f658cad-a8c7-4c86-bbeb-2b40079268d7, voted=1f658cad-a8c7-4c86-bbeb-2b40079268d7, raftlog=98dbddad-cff4-4f87-9188-db1d76df9501@group-EC001728B81A-SegmentedRaftLog:OPENED:c0,f0,i0, conf=0: [56d70f56-ceb9-47f6-9690-e0ced3248985:192.168.164.236:34224, 1f658cad-a8c7-4c86-bbeb-2b40079268d7:192.168.164.236:44556, 98dbddad-cff4-4f87-9188-db1d76df9501:192.168.164.236:45282], old=null RUNNING
2019-11-12 23:39:07,478 [grpc-default-executor-7] INFO  impl.RaftServerImpl (RaftServerImpl.java:lambda$shutdown$3(250)) - 98dbddad-cff4-4f87-9188-db1d76df9501@group-EC001728B81A: shutdown
2019-11-12 23:39:07,478 [grpc-default-executor-7] INFO  util.JmxRegister (JmxRegister.java:unregister(73)) - Successfully un-registered JMX Bean with object name Ratis:service=RaftServer,group=group-EC001728B81A,id=98dbddad-cff4-4f87-9188-db1d76df9501
2019-11-12 23:39:07,479 [grpc-default-executor-7] INFO  impl.RoleInfo (RoleInfo.java:shutdownFollowerState(121)) - 98dbddad-cff4-4f87-9188-db1d76df9501: shutdown FollowerState
2019-11-12 23:39:07,479 [grpc-default-executor-7] INFO  impl.StateMachineUpdater (StateMachineUpdater.java:stopAndJoin(136)) - 98dbddad-cff4-4f87-9188-db1d76df9501@group-EC001728B81A-StateMachineUpdater: set stopIndex = 0
2019-11-12 23:39:07,479 [Thread-3994] INFO  impl.FollowerState (FollowerState.java:run(120)) - 98dbddad-cff4-4f87-9188-db1d76df9501@group-EC001728B81A-FollowerState was interrupted: java.lang.InterruptedException: sleep interrupted
2019-11-12 23:39:07,479 [grpc-default-executor-7] INFO  impl.RaftServerImpl (ServerState.java:close(387)) - 98dbddad-cff4-4f87-9188-db1d76df9501@group-EC001728B81A: closes. applyIndex: 0
2019-11-12 23:39:07,479 [98dbddad-cff4-4f87-9188-db1d76df9501@group-EC001728B81A-SegmentedRaftLogWorker] INFO  segmented.SegmentedRaftLogWorker (SegmentedRaftLogWorker.java:run(316)) - 98dbddad-cff4-4f87-9188-db1d76df9501@group-EC001728B81A-SegmentedRaftLogWorker was interrupted, exiting. There are 0 tasks remaining in the queue.
2019-11-12 23:39:07,480 [grpc-default-executor-7] INFO  segmented.SegmentedRaftLogWorker (SegmentedRaftLogWorker.java:close(224)) - 98dbddad-cff4-4f87-9188-db1d76df9501@group-EC001728B81A-SegmentedRaftLogWorker close()
2019-11-12 23:39:07,484 [Thread-3931] INFO  pipeline.PipelineStateManager (PipelineStateManager.java:removePipeline(106)) - Pipeline Pipeline[ Id: a4415209-55a4-4fcc-b8a2-ec001728b81a, Nodes: 56d70f56-ceb9-47f6-9690-e0ced3248985{ip: 192.168.164.236, host: pr-hdds-2375-hvwjp-2869937553, networkLocation: /rack1, certSerialId: null}1f658cad-a8c7-4c86-bbeb-2b40079268d7{ip: 192.168.164.236, host: pr-hdds-2375-hvwjp-2869937553, networkLocation: /rack1, certSerialId: null}98dbddad-cff4-4f87-9188-db1d76df9501{ip: 192.168.164.236, host: pr-hdds-2375-hvwjp-2869937553, networkLocation: /rack1, certSerialId: null}, Type:RATIS, Factor:THREE, State:CLOSED] removed from db
2019-11-12 23:39:07,487 [Thread-3931] INFO  pipeline.SCMPipelineManager (SCMPipelineManager.java:finalizeAndDestroyPipeline(315)) - destroying pipeline:Pipeline[ Id: 848b1c69-284f-48d7-b62e-915ddfa4325c, Nodes: 56d70f56-ceb9-47f6-9690-e0ced3248985{ip: 192.168.164.236, host: pr-hdds-2375-hvwjp-2869937553, networkLocation: /rack1, certSerialId: null}, Type:RATIS, Factor:ONE, State:OPEN]
2019-11-12 23:39:07,495 [grpc-default-executor-4] INFO  impl.RaftServerProxy (RaftServerProxy.java:addNew(89)) - ba8cdd06-c5bd-4e11-819a-217b7aca0c32: addNew group-27F51BAEDF16:[ba8cdd06-c5bd-4e11-819a-217b7aca0c32:192.168.164.236:45373] returns group-27F51BAEDF16:java.util.concurrent.CompletableFuture@75047fd2[Not completed]
2019-11-12 23:39:07,496 [pool-599-thread-1] INFO  impl.RaftServerImpl (RaftServerImpl.java:<init>(98)) - ba8cdd06-c5bd-4e11-819a-217b7aca0c32: new RaftServerImpl for group-27F51BAEDF16:[ba8cdd06-c5bd-4e11-819a-217b7aca0c32:192.168.164.236:45373] with ContainerStateMachine:uninitialized
2019-11-12 23:39:07,496 [pool-599-thread-1] INFO  server.RaftServerConfigKeys (ConfUtils.java:logGet(43)) - raft.server.rpc.timeout.min = 1s (custom)
2019-11-12 23:39:07,497 [pool-599-thread-1] INFO  server.RaftServerConfigKeys (ConfUtils.java:logGet(43)) - raft.server.rpc.timeout.max = 1200ms (custom)
2019-11-12 23:39:07,497 [pool-599-thread-1] INFO  server.RaftServerConfigKeys (ConfUtils.java:logGet(43)) - raft.server.rpcslowness.timeout = 120s (custom)
2019-11-12 23:39:07,497 [pool-599-thread-1] INFO  server.RaftServerConfigKeys (ConfUtils.java:logGet(43)) - raft.server.sleep.deviation.threshold = 300 (default)
2019-11-12 23:39:07,497 [pool-599-thread-1] INFO  server.RaftServerConfigKeys (ConfUtils.java:logGet(43)) - raft.server.log.appender.install.snapshot.enabled = false (custom)
2019-11-12 23:39:07,497 [pool-599-thread-1] INFO  impl.RaftServerImpl (ServerState.java:<init>(103)) - ba8cdd06-c5bd-4e11-819a-217b7aca0c32@group-27F51BAEDF16: ConfigurationManager, init=-1: [ba8cdd06-c5bd-4e11-819a-217b7aca0c32:192.168.164.236:45373], old=null, confs=<EMPTY_MAP>
2019-11-12 23:39:07,497 [pool-599-thread-1] INFO  server.RaftServerConfigKeys (ConfUtils.java:logGet(43)) - raft.server.storage.dir = [/workdir/hadoop-ozone/integration-test/target/test-dir/MiniOzoneClusterImpl-af41d755-250d-41c0-9b7d-b62086ffbdd4/datanode-9/data/ratis] (custom)
2019-11-12 23:39:07,497 [pool-599-thread-1] INFO  server.RaftServerConfigKeys (ConfUtils.java:logGet(43)) - raft.server.log.corruption.policy = EXCEPTION (default)
2019-11-12 23:39:07,497 [pool-599-thread-1] INFO  storage.RaftStorageDirectory (RaftStorageDirectory.java:analyzeStorage(246)) - The storage directory /workdir/hadoop-ozone/integration-test/target/test-dir/MiniOzoneClusterImpl-af41d755-250d-41c0-9b7d-b62086ffbdd4/datanode-9/data/ratis/29bef7fb-937b-4f4a-965d-27f51baedf16 does not exist. Creating ...
2019-11-12 23:39:07,511 [pool-599-thread-1] INFO  storage.RaftStorageDirectory (RaftStorageDirectory.java:tryLock(328)) - Lock on /workdir/hadoop-ozone/integration-test/target/test-dir/MiniOzoneClusterImpl-af41d755-250d-41c0-9b7d-b62086ffbdd4/datanode-9/data/ratis/29bef7fb-937b-4f4a-965d-27f51baedf16/in_use.lock acquired by nodename 11492@pr-hdds-2375-hvwjp-2869937553
2019-11-12 23:39:07,514 [pool-599-thread-1] INFO  storage.RaftStorage (RaftStorage.java:format(84)) - Storage directory /workdir/hadoop-ozone/integration-test/target/test-dir/MiniOzoneClusterImpl-af41d755-250d-41c0-9b7d-b62086ffbdd4/datanode-9/data/ratis/29bef7fb-937b-4f4a-965d-27f51baedf16 has been successfully formatted.
2019-11-12 23:39:07,514 [pool-599-thread-1] INFO  ratis.ContainerStateMachine (ContainerStateMachine.java:loadSnapshot(223)) - group-27F51BAEDF16: The snapshot info is null. Setting the last applied indexto:(t:0, i:~)
2019-11-12 23:39:07,514 [pool-599-thread-1] INFO  server.RaftServerConfigKeys (ConfUtils.java:logGet(43)) - raft.server.notification.no-leader.timeout = 120s (custom)
2019-11-12 23:39:07,515 [pool-599-thread-1] INFO  server.RaftServerConfigKeys (ConfUtils.java:logGet(43)) - raft.server.log.use.memory = false (default)
2019-11-12 23:39:07,515 [pool-599-thread-1] INFO  server.RaftServerConfigKeys (ConfUtils.java:logGet(43)) - raft.server.log.purge.gap = 1000000 (custom)
2019-11-12 23:39:07,515 [pool-599-thread-1] INFO  server.RaftServerConfigKeys (ConfUtils.java:logGet(43)) - raft.server.log.appender.buffer.byte-limit = 33554432 (custom)
2019-11-12 23:39:07,515 [pool-599-thread-1] INFO  server.RaftServerConfigKeys (ConfUtils.java:logGet(43)) - raft.server.log.segment.size.max = 1048576 (custom)
2019-11-12 23:39:07,515 [pool-599-thread-1] WARN  impl.MetricRegistriesImpl (MetricRegistriesImpl.java:lambda$create$1(61)) - First MetricRegistry has been created without registering reporters. You may need to call MetricRegistries.global().addReportRegistration(...) before.
2019-11-12 23:39:07,515 [pool-599-thread-1] INFO  server.RaftServerConfigKeys (ConfUtils.java:logGet(43)) - raft.server.log.segment.cache.num.max = 2 (custom)
2019-11-12 23:39:07,515 [pool-599-thread-1] INFO  segmented.SegmentedRaftLogWorker (SegmentedRaftLogWorker.java:<init>(173)) - new ba8cdd06-c5bd-4e11-819a-217b7aca0c32@group-27F51BAEDF16-SegmentedRaftLogWorker for RaftStorage:Storage Directory /workdir/hadoop-ozone/integration-test/target/test-dir/MiniOzoneClusterImpl-af41d755-250d-41c0-9b7d-b62086ffbdd4/datanode-9/data/ratis/29bef7fb-937b-4f4a-965d-27f51baedf16
2019-11-12 23:39:07,515 [pool-599-thread-1] INFO  server.RaftServerConfigKeys (ConfUtils.java:logGet(43)) - raft.server.log.queue.byte-limit = 2147483647 (custom)
2019-11-12 23:39:07,515 [pool-599-thread-1] INFO  server.RaftServerConfigKeys (ConfUtils.java:logGet(43)) - raft.server.log.queue.element-limit = 1024 (custom)
2019-11-12 23:39:07,516 [pool-599-thread-1] INFO  server.RaftServerConfigKeys (ConfUtils.java:logGet(43)) - raft.server.log.segment.size.max = 1048576 (custom)
2019-11-12 23:39:07,516 [pool-599-thread-1] INFO  server.RaftServerConfigKeys (ConfUtils.java:logGet(43)) - raft.server.log.preallocated.size = 16384 (custom)
2019-11-12 23:39:07,516 [pool-599-thread-1] INFO  server.RaftServerConfigKeys (ConfUtils.java:logGet(43)) - raft.server.log.write.buffer.size = 33554432 (custom)
2019-11-12 23:39:07,516 [pool-599-thread-1] INFO  server.RaftServerConfigKeys (ConfUtils.java:logGet(43)) - raft.server.log.force.sync.num = 128 (default)
2019-11-12 23:39:07,516 [pool-599-thread-1] INFO  server.RaftServerConfigKeys (ConfUtils.java:logGet(43)) - raft.server.log.statemachine.data.sync = true (default)
2019-11-12 23:39:07,516 [pool-599-thread-1] INFO  server.RaftServerConfigKeys (ConfUtils.java:logGet(43)) - raft.server.log.statemachine.data.sync.timeout = 10s (default)
2019-11-12 23:39:07,516 [pool-599-thread-1] INFO  server.RaftServerConfigKeys (ConfUtils.java:logGet(43)) - raft.server.log.statemachine.data.sync.timeout.retry = -1 (default)
2019-11-12 23:39:07,516 [pool-599-thread-1] INFO  server.RaftServerConfigKeys (ConfUtils.java:logGet(43)) - raft.server.log.statemachine.data.caching.enabled = true (custom)
2019-11-12 23:39:07,526 [pool-599-thread-1] INFO  segmented.SegmentedRaftLogWorker (SegmentedRaftLogWorker.java:lambda$new$0(128)) - ba8cdd06-c5bd-4e11-819a-217b7aca0c32@group-27F51BAEDF16-SegmentedRaftLogWorker: flushIndex: setUnconditionally 0 -> -1
2019-11-12 23:39:07,526 [pool-599-thread-1] INFO  server.RaftServerConfigKeys (ConfUtils.java:logGet(43)) - raft.server.snapshot.auto.trigger.enabled = true (custom)
2019-11-12 23:39:07,526 [pool-599-thread-1] INFO  server.RaftServerConfigKeys (ConfUtils.java:logGet(43)) - raft.server.snapshot.auto.trigger.threshold = 10000 (custom)
2019-11-12 23:39:07,526 [pool-599-thread-1] INFO  server.RaftServerConfigKeys (ConfUtils.java:logGet(43)) - raft.server.snapshot.retention.file.num = 5 (custom)
2019-11-12 23:39:07,526 [pool-599-thread-1] INFO  server.RaftServerConfigKeys (ConfUtils.java:logGet(43)) - raft.server.retrycache.expirytime = 600000ms (custom)
2019-11-12 23:39:07,526 [pool-599-thread-1] WARN  impl.MetricRegistriesImpl (MetricRegistriesImpl.java:lambda$create$1(61)) - First MetricRegistry has been created without registering reporters. You may need to call MetricRegistries.global().addReportRegistration(...) before.
2019-11-12 23:39:07,526 [pool-599-thread-1] WARN  impl.MetricRegistriesImpl (MetricRegistriesImpl.java:lambda$create$1(61)) - First MetricRegistry has been created without registering reporters. You may need to call MetricRegistries.global().addReportRegistration(...) before.
2019-11-12 23:39:07,527 [pool-599-thread-1] INFO  impl.RaftServerImpl (RaftServerImpl.java:start(184)) - ba8cdd06-c5bd-4e11-819a-217b7aca0c32@group-27F51BAEDF16: start as a follower, conf=-1: [ba8cdd06-c5bd-4e11-819a-217b7aca0c32:192.168.164.236:45373], old=null
2019-11-12 23:39:07,527 [pool-599-thread-1] INFO  impl.RaftServerImpl (RaftServerImpl.java:setRole(173)) - ba8cdd06-c5bd-4e11-819a-217b7aca0c32@group-27F51BAEDF16: changes role from      null to FOLLOWER at term 0 for startAsFollower
2019-11-12 23:39:07,527 [pool-599-thread-1] INFO  impl.RoleInfo (RoleInfo.java:updateAndGet(143)) - ba8cdd06-c5bd-4e11-819a-217b7aca0c32: start FollowerState
2019-11-12 23:39:07,527 [pool-599-thread-1] INFO  util.JmxRegister (JmxRegister.java:tryRegister(44)) - Successfully registered JMX Bean with object name Ratis:service=RaftServer,group=group-27F51BAEDF16,id=ba8cdd06-c5bd-4e11-819a-217b7aca0c32
2019-11-12 23:39:07,527 [pool-599-thread-1] WARN  impl.MetricRegistriesImpl (MetricRegistriesImpl.java:lambda$create$1(61)) - First MetricRegistry has been created without registering reporters. You may need to call MetricRegistries.global().addReportRegistration(...) before.
2019-11-12 23:39:07,529 [RatisPipelineUtilsThread] INFO  pipeline.PipelineStateManager (PipelineStateManager.java:addPipeline(55)) - Created pipeline Pipeline[ Id: 29bef7fb-937b-4f4a-965d-27f51baedf16, Nodes: ba8cdd06-c5bd-4e11-819a-217b7aca0c32{ip: 192.168.164.236, host: pr-hdds-2375-hvwjp-2869937553, networkLocation: /rack1, certSerialId: null}, Type:RATIS, Factor:ONE, State:ALLOCATED]
2019-11-12 23:39:07,532 [grpc-default-executor-4] INFO  impl.RaftServerProxy (RaftServerProxy.java:addNew(89)) - 56d70f56-ceb9-47f6-9690-e0ced3248985: addNew group-52F5F982BB9D:[56d70f56-ceb9-47f6-9690-e0ced3248985:192.168.164.236:34224, 1f658cad-a8c7-4c86-bbeb-2b40079268d7:192.168.164.236:44556, 98dbddad-cff4-4f87-9188-db1d76df9501:192.168.164.236:45282] returns group-52F5F982BB9D:java.util.concurrent.CompletableFuture@4f556b20[Not completed]
2019-11-12 23:39:07,533 [grpc-default-executor-7] INFO  impl.RaftServerProxy (RaftServerProxy.java:addNew(89)) - 1f658cad-a8c7-4c86-bbeb-2b40079268d7: addNew group-52F5F982BB9D:[56d70f56-ceb9-47f6-9690-e0ced3248985:192.168.164.236:34224, 1f658cad-a8c7-4c86-bbeb-2b40079268d7:192.168.164.236:44556, 98dbddad-cff4-4f87-9188-db1d76df9501:192.168.164.236:45282] returns group-52F5F982BB9D:java.util.concurrent.CompletableFuture@4f965adf[Not completed]
2019-11-12 23:39:07,533 [grpc-default-executor-4] INFO  impl.RaftServerProxy (RaftServerProxy.java:addNew(89)) - 98dbddad-cff4-4f87-9188-db1d76df9501: addNew group-52F5F982BB9D:[56d70f56-ceb9-47f6-9690-e0ced3248985:192.168.164.236:34224, 1f658cad-a8c7-4c86-bbeb-2b40079268d7:192.168.164.236:44556, 98dbddad-cff4-4f87-9188-db1d76df9501:192.168.164.236:45282] returns group-52F5F982BB9D:java.util.concurrent.CompletableFuture@19f977f7[Not completed]
2019-11-12 23:39:07,534 [pool-519-thread-1] INFO  impl.RaftServerImpl (RaftServerImpl.java:<init>(98)) - 56d70f56-ceb9-47f6-9690-e0ced3248985: new RaftServerImpl for group-52F5F982BB9D:[56d70f56-ceb9-47f6-9690-e0ced3248985:192.168.164.236:34224, 1f658cad-a8c7-4c86-bbeb-2b40079268d7:192.168.164.236:44556, 98dbddad-cff4-4f87-9188-db1d76df9501:192.168.164.236:45282] with ContainerStateMachine:uninitialized
2019-11-12 23:39:07,534 [pool-519-thread-1] INFO  server.RaftServerConfigKeys (ConfUtils.java:logGet(43)) - raft.server.rpc.timeout.min = 1s (custom)
2019-11-12 23:39:07,534 [pool-519-thread-1] INFO  server.RaftServerConfigKeys (ConfUtils.java:logGet(43)) - raft.server.rpc.timeout.max = 1200ms (custom)
2019-11-12 23:39:07,534 [pool-519-thread-1] INFO  server.RaftServerConfigKeys (ConfUtils.java:logGet(43)) - raft.server.rpcslowness.timeout = 120s (custom)
2019-11-12 23:39:07,534 [pool-519-thread-1] INFO  server.RaftServerConfigKeys (ConfUtils.java:logGet(43)) - raft.server.sleep.deviation.threshold = 300 (default)
2019-11-12 23:39:07,534 [pool-519-thread-1] INFO  server.RaftServerConfigKeys (ConfUtils.java:logGet(43)) - raft.server.log.appender.install.snapshot.enabled = false (custom)
2019-11-12 23:39:07,535 [pool-529-thread-1] INFO  impl.RaftServerImpl (RaftServerImpl.java:<init>(98)) - 98dbddad-cff4-4f87-9188-db1d76df9501: new RaftServerImpl for group-52F5F982BB9D:[56d70f56-ceb9-47f6-9690-e0ced3248985:192.168.164.236:34224, 1f658cad-a8c7-4c86-bbeb-2b40079268d7:192.168.164.236:44556, 98dbddad-cff4-4f87-9188-db1d76df9501:192.168.164.236:45282] with ContainerStateMachine:uninitialized
2019-11-12 23:39:07,535 [pool-519-thread-1] INFO  impl.RaftServerImpl (ServerState.java:<init>(103)) - 56d70f56-ceb9-47f6-9690-e0ced3248985@group-52F5F982BB9D: ConfigurationManager, init=-1: [56d70f56-ceb9-47f6-9690-e0ced3248985:192.168.164.236:34224, 1f658cad-a8c7-4c86-bbeb-2b40079268d7:192.168.164.236:44556, 98dbddad-cff4-4f87-9188-db1d76df9501:192.168.164.236:45282], old=null, confs=<EMPTY_MAP>
2019-11-12 23:39:07,535 [pool-529-thread-1] INFO  server.RaftServerConfigKeys (ConfUtils.java:logGet(43)) - raft.server.rpc.timeout.min = 1s (custom)
2019-11-12 23:39:07,535 [pool-509-thread-1] INFO  impl.RaftServerImpl (RaftServerImpl.java:<init>(98)) - 1f658cad-a8c7-4c86-bbeb-2b40079268d7: new RaftServerImpl for group-52F5F982BB9D:[56d70f56-ceb9-47f6-9690-e0ced3248985:192.168.164.236:34224, 1f658cad-a8c7-4c86-bbeb-2b40079268d7:192.168.164.236:44556, 98dbddad-cff4-4f87-9188-db1d76df9501:192.168.164.236:45282] with ContainerStateMachine:uninitialized
2019-11-12 23:39:07,535 [pool-519-thread-1] INFO  server.RaftServerConfigKeys (ConfUtils.java:logGet(43)) - raft.server.storage.dir = [/workdir/hadoop-ozone/integration-test/target/test-dir/MiniOzoneClusterImpl-af41d755-250d-41c0-9b7d-b62086ffbdd4/datanode-1/data/ratis] (custom)
2019-11-12 23:39:07,535 [pool-509-thread-1] INFO  server.RaftServerConfigKeys (ConfUtils.java:logGet(43)) - raft.server.rpc.timeout.min = 1s (custom)
2019-11-12 23:39:07,535 [pool-529-thread-1] INFO  server.RaftServerConfigKeys (ConfUtils.java:logGet(43)) - raft.server.rpc.timeout.max = 1200ms (custom)
2019-11-12 23:39:07,535 [pool-519-thread-1] INFO  server.RaftServerConfigKeys (ConfUtils.java:logGet(43)) - raft.server.log.corruption.policy = EXCEPTION (default)
2019-11-12 23:39:07,535 [pool-529-thread-1] INFO  server.RaftServerConfigKeys (ConfUtils.java:logGet(43)) - raft.server.rpcslowness.timeout = 120s (custom)
2019-11-12 23:39:07,535 [pool-509-thread-1] INFO  server.RaftServerConfigKeys (ConfUtils.java:logGet(43)) - raft.server.rpc.timeout.max = 1200ms (custom)
2019-11-12 23:39:07,536 [pool-529-thread-1] INFO  server.RaftServerConfigKeys (ConfUtils.java:logGet(43)) - raft.server.sleep.deviation.threshold = 300 (default)
2019-11-12 23:39:07,536 [pool-519-thread-1] INFO  storage.RaftStorageDirectory (RaftStorageDirectory.java:analyzeStorage(246)) - The storage directory /workdir/hadoop-ozone/integration-test/target/test-dir/MiniOzoneClusterImpl-af41d755-250d-41c0-9b7d-b62086ffbdd4/datanode-1/data/ratis/902052f6-9394-4a90-85bd-52f5f982bb9d does not exist. Creating ...
2019-11-12 23:39:07,536 [pool-529-thread-1] INFO  server.RaftServerConfigKeys (ConfUtils.java:logGet(43)) - raft.server.log.appender.install.snapshot.enabled = false (custom)
2019-11-12 23:39:07,536 [pool-509-thread-1] INFO  server.RaftServerConfigKeys (ConfUtils.java:logGet(43)) - raft.server.rpcslowness.timeout = 120s (custom)
2019-11-12 23:39:07,536 [pool-529-thread-1] INFO  impl.RaftServerImpl (ServerState.java:<init>(103)) - 98dbddad-cff4-4f87-9188-db1d76df9501@group-52F5F982BB9D: ConfigurationManager, init=-1: [56d70f56-ceb9-47f6-9690-e0ced3248985:192.168.164.236:34224, 1f658cad-a8c7-4c86-bbeb-2b40079268d7:192.168.164.236:44556, 98dbddad-cff4-4f87-9188-db1d76df9501:192.168.164.236:45282], old=null, confs=<EMPTY_MAP>
2019-11-12 23:39:07,536 [pool-509-thread-1] INFO  server.RaftServerConfigKeys (ConfUtils.java:logGet(43)) - raft.server.sleep.deviation.threshold = 300 (default)
2019-11-12 23:39:07,536 [pool-529-thread-1] INFO  server.RaftServerConfigKeys (ConfUtils.java:logGet(43)) - raft.server.storage.dir = [/workdir/hadoop-ozone/integration-test/target/test-dir/MiniOzoneClusterImpl-af41d755-250d-41c0-9b7d-b62086ffbdd4/datanode-2/data/ratis] (custom)
2019-11-12 23:39:07,536 [pool-509-thread-1] INFO  server.RaftServerConfigKeys (ConfUtils.java:logGet(43)) - raft.server.log.appender.install.snapshot.enabled = false (custom)
2019-11-12 23:39:07,536 [pool-509-thread-1] INFO  impl.RaftServerImpl (ServerState.java:<init>(103)) - 1f658cad-a8c7-4c86-bbeb-2b40079268d7@group-52F5F982BB9D: ConfigurationManager, init=-1: [56d70f56-ceb9-47f6-9690-e0ced3248985:192.168.164.236:34224, 1f658cad-a8c7-4c86-bbeb-2b40079268d7:192.168.164.236:44556, 98dbddad-cff4-4f87-9188-db1d76df9501:192.168.164.236:45282], old=null, confs=<EMPTY_MAP>
2019-11-12 23:39:07,536 [pool-529-thread-1] INFO  server.RaftServerConfigKeys (ConfUtils.java:logGet(43)) - raft.server.log.corruption.policy = EXCEPTION (default)
2019-11-12 23:39:07,536 [pool-509-thread-1] INFO  server.RaftServerConfigKeys (ConfUtils.java:logGet(43)) - raft.server.storage.dir = [/workdir/hadoop-ozone/integration-test/target/test-dir/MiniOzoneClusterImpl-af41d755-250d-41c0-9b7d-b62086ffbdd4/datanode-0/data/ratis] (custom)
2019-11-12 23:39:07,537 [pool-529-thread-1] INFO  storage.RaftStorageDirectory (RaftStorageDirectory.java:analyzeStorage(246)) - The storage directory /workdir/hadoop-ozone/integration-test/target/test-dir/MiniOzoneClusterImpl-af41d755-250d-41c0-9b7d-b62086ffbdd4/datanode-2/data/ratis/902052f6-9394-4a90-85bd-52f5f982bb9d does not exist. Creating ...
2019-11-12 23:39:07,537 [pool-509-thread-1] INFO  server.RaftServerConfigKeys (ConfUtils.java:logGet(43)) - raft.server.log.corruption.policy = EXCEPTION (default)
2019-11-12 23:39:07,537 [pool-509-thread-1] INFO  storage.RaftStorageDirectory (RaftStorageDirectory.java:analyzeStorage(246)) - The storage directory /workdir/hadoop-ozone/integration-test/target/test-dir/MiniOzoneClusterImpl-af41d755-250d-41c0-9b7d-b62086ffbdd4/datanode-0/data/ratis/902052f6-9394-4a90-85bd-52f5f982bb9d does not exist. Creating ...
2019-11-12 23:39:07,541 [pool-529-thread-1] INFO  storage.RaftStorageDirectory (RaftStorageDirectory.java:tryLock(328)) - Lock on /workdir/hadoop-ozone/integration-test/target/test-dir/MiniOzoneClusterImpl-af41d755-250d-41c0-9b7d-b62086ffbdd4/datanode-2/data/ratis/902052f6-9394-4a90-85bd-52f5f982bb9d/in_use.lock acquired by nodename 11492@pr-hdds-2375-hvwjp-2869937553
2019-11-12 23:39:07,541 [pool-509-thread-1] INFO  storage.RaftStorageDirectory (RaftStorageDirectory.java:tryLock(328)) - Lock on /workdir/hadoop-ozone/integration-test/target/test-dir/MiniOzoneClusterImpl-af41d755-250d-41c0-9b7d-b62086ffbdd4/datanode-0/data/ratis/902052f6-9394-4a90-85bd-52f5f982bb9d/in_use.lock acquired by nodename 11492@pr-hdds-2375-hvwjp-2869937553
2019-11-12 23:39:07,541 [pool-519-thread-1] INFO  storage.RaftStorageDirectory (RaftStorageDirectory.java:tryLock(328)) - Lock on /workdir/hadoop-ozone/integration-test/target/test-dir/MiniOzoneClusterImpl-af41d755-250d-41c0-9b7d-b62086ffbdd4/datanode-1/data/ratis/902052f6-9394-4a90-85bd-52f5f982bb9d/in_use.lock acquired by nodename 11492@pr-hdds-2375-hvwjp-2869937553
2019-11-12 23:39:07,566 [pool-519-thread-1] INFO  storage.RaftStorage (RaftStorage.java:format(84)) - Storage directory /workdir/hadoop-ozone/integration-test/target/test-dir/MiniOzoneClusterImpl-af41d755-250d-41c0-9b7d-b62086ffbdd4/datanode-1/data/ratis/902052f6-9394-4a90-85bd-52f5f982bb9d has been successfully formatted.
2019-11-12 23:39:07,566 [pool-529-thread-1] INFO  storage.RaftStorage (RaftStorage.java:format(84)) - Storage directory /workdir/hadoop-ozone/integration-test/target/test-dir/MiniOzoneClusterImpl-af41d755-250d-41c0-9b7d-b62086ffbdd4/datanode-2/data/ratis/902052f6-9394-4a90-85bd-52f5f982bb9d has been successfully formatted.
2019-11-12 23:39:07,566 [pool-519-thread-1] INFO  ratis.ContainerStateMachine (ContainerStateMachine.java:loadSnapshot(223)) - group-52F5F982BB9D: The snapshot info is null. Setting the last applied indexto:(t:0, i:~)
2019-11-12 23:39:07,566 [pool-509-thread-1] INFO  storage.RaftStorage (RaftStorage.java:format(84)) - Storage directory /workdir/hadoop-ozone/integration-test/target/test-dir/MiniOzoneClusterImpl-af41d755-250d-41c0-9b7d-b62086ffbdd4/datanode-0/data/ratis/902052f6-9394-4a90-85bd-52f5f982bb9d has been successfully formatted.
2019-11-12 23:39:07,566 [pool-529-thread-1] INFO  ratis.ContainerStateMachine (ContainerStateMachine.java:loadSnapshot(223)) - group-52F5F982BB9D: The snapshot info is null. Setting the last applied indexto:(t:0, i:~)
2019-11-12 23:39:07,566 [pool-519-thread-1] INFO  server.RaftServerConfigKeys (ConfUtils.java:logGet(43)) - raft.server.notification.no-leader.timeout = 120s (custom)
2019-11-12 23:39:07,567 [pool-529-thread-1] INFO  server.RaftServerConfigKeys (ConfUtils.java:logGet(43)) - raft.server.notification.no-leader.timeout = 120s (custom)
2019-11-12 23:39:07,566 [pool-509-thread-1] INFO  ratis.ContainerStateMachine (ContainerStateMachine.java:loadSnapshot(223)) - group-52F5F982BB9D: The snapshot info is null. Setting the last applied indexto:(t:0, i:~)
2019-11-12 23:39:07,567 [pool-529-thread-1] INFO  server.RaftServerConfigKeys (ConfUtils.java:logGet(43)) - raft.server.log.use.memory = false (default)
2019-11-12 23:39:07,567 [pool-519-thread-1] INFO  server.RaftServerConfigKeys (ConfUtils.java:logGet(43)) - raft.server.log.use.memory = false (default)
2019-11-12 23:39:07,567 [pool-529-thread-1] INFO  server.RaftServerConfigKeys (ConfUtils.java:logGet(43)) - raft.server.log.purge.gap = 1000000 (custom)
2019-11-12 23:39:07,567 [pool-509-thread-1] INFO  server.RaftServerConfigKeys (ConfUtils.java:logGet(43)) - raft.server.notification.no-leader.timeout = 120s (custom)
2019-11-12 23:39:07,567 [pool-529-thread-1] INFO  server.RaftServerConfigKeys (ConfUtils.java:logGet(43)) - raft.server.log.appender.buffer.byte-limit = 33554432 (custom)
2019-11-12 23:39:07,567 [pool-519-thread-1] INFO  server.RaftServerConfigKeys (ConfUtils.java:logGet(43)) - raft.server.log.purge.gap = 1000000 (custom)
2019-11-12 23:39:07,567 [pool-529-thread-1] INFO  server.RaftServerConfigKeys (ConfUtils.java:logGet(43)) - raft.server.log.segment.size.max = 1048576 (custom)
2019-11-12 23:39:07,567 [pool-509-thread-1] INFO  server.RaftServerConfigKeys (ConfUtils.java:logGet(43)) - raft.server.log.use.memory = false (default)
2019-11-12 23:39:07,568 [pool-529-thread-1] INFO  server.RaftServerConfigKeys (ConfUtils.java:logGet(43)) - raft.server.log.segment.cache.num.max = 2 (custom)
2019-11-12 23:39:07,568 [pool-519-thread-1] INFO  server.RaftServerConfigKeys (ConfUtils.java:logGet(43)) - raft.server.log.appender.buffer.byte-limit = 33554432 (custom)
2019-11-12 23:39:07,568 [pool-529-thread-1] INFO  segmented.SegmentedRaftLogWorker (SegmentedRaftLogWorker.java:<init>(173)) - new 98dbddad-cff4-4f87-9188-db1d76df9501@group-52F5F982BB9D-SegmentedRaftLogWorker for RaftStorage:Storage Directory /workdir/hadoop-ozone/integration-test/target/test-dir/MiniOzoneClusterImpl-af41d755-250d-41c0-9b7d-b62086ffbdd4/datanode-2/data/ratis/902052f6-9394-4a90-85bd-52f5f982bb9d
2019-11-12 23:39:07,568 [pool-509-thread-1] INFO  server.RaftServerConfigKeys (ConfUtils.java:logGet(43)) - raft.server.log.purge.gap = 1000000 (custom)
2019-11-12 23:39:07,568 [pool-529-thread-1] INFO  server.RaftServerConfigKeys (ConfUtils.java:logGet(43)) - raft.server.log.queue.byte-limit = 2147483647 (custom)
2019-11-12 23:39:07,568 [pool-519-thread-1] INFO  server.RaftServerConfigKeys (ConfUtils.java:logGet(43)) - raft.server.log.segment.size.max = 1048576 (custom)
2019-11-12 23:39:07,568 [pool-529-thread-1] INFO  server.RaftServerConfigKeys (ConfUtils.java:logGet(43)) - raft.server.log.queue.element-limit = 1024 (custom)
2019-11-12 23:39:07,569 [pool-529-thread-1] INFO  server.RaftServerConfigKeys (ConfUtils.java:logGet(43)) - raft.server.log.segment.size.max = 1048576 (custom)
2019-11-12 23:39:07,568 [pool-509-thread-1] INFO  server.RaftServerConfigKeys (ConfUtils.java:logGet(43)) - raft.server.log.appender.buffer.byte-limit = 33554432 (custom)
2019-11-12 23:39:07,569 [pool-529-thread-1] INFO  server.RaftServerConfigKeys (ConfUtils.java:logGet(43)) - raft.server.log.preallocated.size = 16384 (custom)
2019-11-12 23:39:07,569 [pool-519-thread-1] INFO  server.RaftServerConfigKeys (ConfUtils.java:logGet(43)) - raft.server.log.segment.cache.num.max = 2 (custom)
2019-11-12 23:39:07,569 [pool-529-thread-1] INFO  server.RaftServerConfigKeys (ConfUtils.java:logGet(43)) - raft.server.log.write.buffer.size = 33554432 (custom)
2019-11-12 23:39:07,569 [pool-509-thread-1] INFO  server.RaftServerConfigKeys (ConfUtils.java:logGet(43)) - raft.server.log.segment.size.max = 1048576 (custom)
2019-11-12 23:39:07,569 [pool-529-thread-1] INFO  server.RaftServerConfigKeys (ConfUtils.java:logGet(43)) - raft.server.log.force.sync.num = 128 (default)
2019-11-12 23:39:07,569 [pool-519-thread-1] INFO  segmented.SegmentedRaftLogWorker (SegmentedRaftLogWorker.java:<init>(173)) - new 56d70f56-ceb9-47f6-9690-e0ced3248985@group-52F5F982BB9D-SegmentedRaftLogWorker for RaftStorage:Storage Directory /workdir/hadoop-ozone/integration-test/target/test-dir/MiniOzoneClusterImpl-af41d755-250d-41c0-9b7d-b62086ffbdd4/datanode-1/data/ratis/902052f6-9394-4a90-85bd-52f5f982bb9d
2019-11-12 23:39:07,569 [pool-529-thread-1] INFO  server.RaftServerConfigKeys (ConfUtils.java:logGet(43)) - raft.server.log.statemachine.data.sync = true (default)
2019-11-12 23:39:07,569 [pool-509-thread-1] INFO  server.RaftServerConfigKeys (ConfUtils.java:logGet(43)) - raft.server.log.segment.cache.num.max = 2 (custom)
2019-11-12 23:39:07,570 [pool-529-thread-1] INFO  server.RaftServerConfigKeys (ConfUtils.java:logGet(43)) - raft.server.log.statemachine.data.sync.timeout = 10s (default)
2019-11-12 23:39:07,570 [pool-519-thread-1] INFO  server.RaftServerConfigKeys (ConfUtils.java:logGet(43)) - raft.server.log.queue.byte-limit = 2147483647 (custom)
2019-11-12 23:39:07,570 [pool-529-thread-1] INFO  server.RaftServerConfigKeys (ConfUtils.java:logGet(43)) - raft.server.log.statemachine.data.sync.timeout.retry = -1 (default)
2019-11-12 23:39:07,570 [pool-509-thread-1] INFO  segmented.SegmentedRaftLogWorker (SegmentedRaftLogWorker.java:<init>(173)) - new 1f658cad-a8c7-4c86-bbeb-2b40079268d7@group-52F5F982BB9D-SegmentedRaftLogWorker for RaftStorage:Storage Directory /workdir/hadoop-ozone/integration-test/target/test-dir/MiniOzoneClusterImpl-af41d755-250d-41c0-9b7d-b62086ffbdd4/datanode-0/data/ratis/902052f6-9394-4a90-85bd-52f5f982bb9d
2019-11-12 23:39:07,570 [pool-529-thread-1] INFO  server.RaftServerConfigKeys (ConfUtils.java:logGet(43)) - raft.server.log.statemachine.data.caching.enabled = true (custom)
2019-11-12 23:39:07,570 [pool-519-thread-1] INFO  server.RaftServerConfigKeys (ConfUtils.java:logGet(43)) - raft.server.log.queue.element-limit = 1024 (custom)
2019-11-12 23:39:07,570 [pool-509-thread-1] INFO  server.RaftServerConfigKeys (ConfUtils.java:logGet(43)) - raft.server.log.queue.byte-limit = 2147483647 (custom)
2019-11-12 23:39:07,571 [pool-509-thread-1] INFO  server.RaftServerConfigKeys (ConfUtils.java:logGet(43)) - raft.server.log.queue.element-limit = 1024 (custom)
2019-11-12 23:39:07,571 [pool-529-thread-1] INFO  segmented.SegmentedRaftLogWorker (SegmentedRaftLogWorker.java:lambda$new$0(128)) - 98dbddad-cff4-4f87-9188-db1d76df9501@group-52F5F982BB9D-SegmentedRaftLogWorker: flushIndex: setUnconditionally 0 -> -1
2019-11-12 23:39:07,571 [pool-519-thread-1] INFO  server.RaftServerConfigKeys (ConfUtils.java:logGet(43)) - raft.server.log.segment.size.max = 1048576 (custom)
2019-11-12 23:39:07,571 [pool-509-thread-1] INFO  server.RaftServerConfigKeys (ConfUtils.java:logGet(43)) - raft.server.log.segment.size.max = 1048576 (custom)
2019-11-12 23:39:07,571 [pool-529-thread-1] INFO  server.RaftServerConfigKeys (ConfUtils.java:logGet(43)) - raft.server.snapshot.auto.trigger.enabled = true (custom)
2019-11-12 23:39:07,571 [pool-519-thread-1] INFO  server.RaftServerConfigKeys (ConfUtils.java:logGet(43)) - raft.server.log.preallocated.size = 16384 (custom)
2019-11-12 23:39:07,571 [pool-529-thread-1] INFO  server.RaftServerConfigKeys (ConfUtils.java:logGet(43)) - raft.server.snapshot.auto.trigger.threshold = 10000 (custom)
2019-11-12 23:39:07,571 [pool-509-thread-1] INFO  server.RaftServerConfigKeys (ConfUtils.java:logGet(43)) - raft.server.log.preallocated.size = 16384 (custom)
2019-11-12 23:39:07,571 [pool-529-thread-1] INFO  server.RaftServerConfigKeys (ConfUtils.java:logGet(43)) - raft.server.snapshot.retention.file.num = 5 (custom)
2019-11-12 23:39:07,571 [pool-519-thread-1] INFO  server.RaftServerConfigKeys (ConfUtils.java:logGet(43)) - raft.server.log.write.buffer.size = 33554432 (custom)
2019-11-12 23:39:07,572 [pool-529-thread-1] INFO  server.RaftServerConfigKeys (ConfUtils.java:logGet(43)) - raft.server.retrycache.expirytime = 600000ms (custom)
2019-11-12 23:39:07,572 [pool-509-thread-1] INFO  server.RaftServerConfigKeys (ConfUtils.java:logGet(43)) - raft.server.log.write.buffer.size = 33554432 (custom)
2019-11-12 23:39:07,572 [pool-529-thread-1] WARN  impl.MetricRegistriesImpl (MetricRegistriesImpl.java:lambda$create$1(61)) - First MetricRegistry has been created without registering reporters. You may need to call MetricRegistries.global().addReportRegistration(...) before.
2019-11-12 23:39:07,572 [pool-519-thread-1] INFO  server.RaftServerConfigKeys (ConfUtils.java:logGet(43)) - raft.server.log.force.sync.num = 128 (default)
2019-11-12 23:39:07,572 [pool-529-thread-1] WARN  impl.MetricRegistriesImpl (MetricRegistriesImpl.java:lambda$create$1(61)) - First MetricRegistry has been created without registering reporters. You may need to call MetricRegistries.global().addReportRegistration(...) before.
2019-11-12 23:39:07,572 [pool-509-thread-1] INFO  server.RaftServerConfigKeys (ConfUtils.java:logGet(43)) - raft.server.log.force.sync.num = 128 (default)
2019-11-12 23:39:07,572 [pool-529-thread-1] INFO  impl.RaftServerImpl (RaftServerImpl.java:start(184)) - 98dbddad-cff4-4f87-9188-db1d76df9501@group-52F5F982BB9D: start as a follower, conf=-1: [56d70f56-ceb9-47f6-9690-e0ced3248985:192.168.164.236:34224, 1f658cad-a8c7-4c86-bbeb-2b40079268d7:192.168.164.236:44556, 98dbddad-cff4-4f87-9188-db1d76df9501:192.168.164.236:45282], old=null
2019-11-12 23:39:07,572 [pool-519-thread-1] INFO  server.RaftServerConfigKeys (ConfUtils.java:logGet(43)) - raft.server.log.statemachine.data.sync = true (default)
2019-11-12 23:39:07,573 [pool-529-thread-1] INFO  impl.RaftServerImpl (RaftServerImpl.java:setRole(173)) - 98dbddad-cff4-4f87-9188-db1d76df9501@group-52F5F982BB9D: changes role from      null to FOLLOWER at term 0 for startAsFollower
2019-11-12 23:39:07,572 [pool-509-thread-1] INFO  server.RaftServerConfigKeys (ConfUtils.java:logGet(43)) - raft.server.log.statemachine.data.sync = true (default)
2019-11-12 23:39:07,573 [pool-509-thread-1] INFO  server.RaftServerConfigKeys (ConfUtils.java:logGet(43)) - raft.server.log.statemachine.data.sync.timeout = 10s (default)
2019-11-12 23:39:07,573 [pool-529-thread-1] INFO  impl.RoleInfo (RoleInfo.java:updateAndGet(143)) - 98dbddad-cff4-4f87-9188-db1d76df9501: start FollowerState
2019-11-12 23:39:07,573 [pool-519-thread-1] INFO  server.RaftServerConfigKeys (ConfUtils.java:logGet(43)) - raft.server.log.statemachine.data.sync.timeout = 10s (default)
2019-11-12 23:39:07,573 [pool-509-thread-1] INFO  server.RaftServerConfigKeys (ConfUtils.java:logGet(43)) - raft.server.log.statemachine.data.sync.timeout.retry = -1 (default)
2019-11-12 23:39:07,573 [pool-519-thread-1] INFO  server.RaftServerConfigKeys (ConfUtils.java:logGet(43)) - raft.server.log.statemachine.data.sync.timeout.retry = -1 (default)
2019-11-12 23:39:07,584 [pool-509-thread-1] INFO  server.RaftServerConfigKeys (ConfUtils.java:logGet(43)) - raft.server.log.statemachine.data.caching.enabled = true (custom)
2019-11-12 23:39:07,584 [pool-529-thread-1] INFO  util.JmxRegister (JmxRegister.java:tryRegister(44)) - Successfully registered JMX Bean with object name Ratis:service=RaftServer,group=group-52F5F982BB9D,id=98dbddad-cff4-4f87-9188-db1d76df9501
2019-11-12 23:39:07,585 [pool-509-thread-1] INFO  segmented.SegmentedRaftLogWorker (SegmentedRaftLogWorker.java:lambda$new$0(128)) - 1f658cad-a8c7-4c86-bbeb-2b40079268d7@group-52F5F982BB9D-SegmentedRaftLogWorker: flushIndex: setUnconditionally 0 -> -1
2019-11-12 23:39:07,584 [pool-519-thread-1] INFO  server.RaftServerConfigKeys (ConfUtils.java:logGet(43)) - raft.server.log.statemachine.data.caching.enabled = true (custom)
2019-11-12 23:39:07,585 [pool-529-thread-1] WARN  impl.MetricRegistriesImpl (MetricRegistriesImpl.java:lambda$create$1(61)) - First MetricRegistry has been created without registering reporters. You may need to call MetricRegistries.global().addReportRegistration(...) before.
2019-11-12 23:39:07,585 [pool-519-thread-1] INFO  segmented.SegmentedRaftLogWorker (SegmentedRaftLogWorker.java:lambda$new$0(128)) - 56d70f56-ceb9-47f6-9690-e0ced3248985@group-52F5F982BB9D-SegmentedRaftLogWorker: flushIndex: setUnconditionally 0 -> -1
2019-11-12 23:39:07,585 [pool-509-thread-1] INFO  server.RaftServerConfigKeys (ConfUtils.java:logGet(43)) - raft.server.snapshot.auto.trigger.enabled = true (custom)
2019-11-12 23:39:07,585 [pool-509-thread-1] INFO  server.RaftServerConfigKeys (ConfUtils.java:logGet(43)) - raft.server.snapshot.auto.trigger.threshold = 10000 (custom)
2019-11-12 23:39:07,585 [pool-509-thread-1] INFO  server.RaftServerConfigKeys (ConfUtils.java:logGet(43)) - raft.server.snapshot.retention.file.num = 5 (custom)
2019-11-12 23:39:07,585 [pool-509-thread-1] INFO  server.RaftServerConfigKeys (ConfUtils.java:logGet(43)) - raft.server.retrycache.expirytime = 600000ms (custom)
2019-11-12 23:39:07,585 [pool-519-thread-1] INFO  server.RaftServerConfigKeys (ConfUtils.java:logGet(43)) - raft.server.snapshot.auto.trigger.enabled = true (custom)
2019-11-12 23:39:07,594 [pool-519-thread-1] INFO  server.RaftServerConfigKeys (ConfUtils.java:logGet(43)) - raft.server.snapshot.auto.trigger.threshold = 10000 (custom)
2019-11-12 23:39:07,586 [pool-509-thread-1] WARN  impl.MetricRegistriesImpl (MetricRegistriesImpl.java:lambda$create$1(61)) - First MetricRegistry has been created without registering reporters. You may need to call MetricRegistries.global().addReportRegistration(...) before.
2019-11-12 23:39:07,594 [pool-519-thread-1] INFO  server.RaftServerConfigKeys (ConfUtils.java:logGet(43)) - raft.server.snapshot.retention.file.num = 5 (custom)
2019-11-12 23:39:07,595 [pool-509-thread-1] WARN  impl.MetricRegistriesImpl (MetricRegistriesImpl.java:lambda$create$1(61)) - First MetricRegistry has been created without registering reporters. You may need to call MetricRegistries.global().addReportRegistration(...) before.
2019-11-12 23:39:07,595 [pool-519-thread-1] INFO  server.RaftServerConfigKeys (ConfUtils.java:logGet(43)) - raft.server.retrycache.expirytime = 600000ms (custom)
2019-11-12 23:39:07,595 [pool-509-thread-1] INFO  impl.RaftServerImpl (RaftServerImpl.java:start(184)) - 1f658cad-a8c7-4c86-bbeb-2b40079268d7@group-52F5F982BB9D: start as a follower, conf=-1: [56d70f56-ceb9-47f6-9690-e0ced3248985:192.168.164.236:34224, 1f658cad-a8c7-4c86-bbeb-2b40079268d7:192.168.164.236:44556, 98dbddad-cff4-4f87-9188-db1d76df9501:192.168.164.236:45282], old=null
2019-11-12 23:39:07,595 [pool-519-thread-1] WARN  impl.MetricRegistriesImpl (MetricRegistriesImpl.java:lambda$create$1(61)) - First MetricRegistry has been created without registering reporters. You may need to call MetricRegistries.global().addReportRegistration(...) before.
2019-11-12 23:39:07,595 [pool-509-thread-1] INFO  impl.RaftServerImpl (RaftServerImpl.java:setRole(173)) - 1f658cad-a8c7-4c86-bbeb-2b40079268d7@group-52F5F982BB9D: changes role from      null to FOLLOWER at term 0 for startAsFollower
2019-11-12 23:39:07,595 [pool-519-thread-1] WARN  impl.MetricRegistriesImpl (MetricRegistriesImpl.java:lambda$create$1(61)) - First MetricRegistry has been created without registering reporters. You may need to call MetricRegistries.global().addReportRegistration(...) before.
2019-11-12 23:39:07,595 [pool-509-thread-1] INFO  impl.RoleInfo (RoleInfo.java:updateAndGet(143)) - 1f658cad-a8c7-4c86-bbeb-2b40079268d7: start FollowerState
2019-11-12 23:39:07,595 [pool-519-thread-1] INFO  impl.RaftServerImpl (RaftServerImpl.java:start(184)) - 56d70f56-ceb9-47f6-9690-e0ced3248985@group-52F5F982BB9D: start as a follower, conf=-1: [56d70f56-ceb9-47f6-9690-e0ced3248985:192.168.164.236:34224, 1f658cad-a8c7-4c86-bbeb-2b40079268d7:192.168.164.236:44556, 98dbddad-cff4-4f87-9188-db1d76df9501:192.168.164.236:45282], old=null
2019-11-12 23:39:07,595 [pool-519-thread-1] INFO  impl.RaftServerImpl (RaftServerImpl.java:setRole(173)) - 56d70f56-ceb9-47f6-9690-e0ced3248985@group-52F5F982BB9D: changes role from      null to FOLLOWER at term 0 for startAsFollower
2019-11-12 23:39:07,595 [pool-519-thread-1] INFO  impl.RoleInfo (RoleInfo.java:updateAndGet(143)) - 56d70f56-ceb9-47f6-9690-e0ced3248985: start FollowerState
2019-11-12 23:39:07,595 [pool-509-thread-1] INFO  util.JmxRegister (JmxRegister.java:tryRegister(44)) - Successfully registered JMX Bean with object name Ratis:service=RaftServer,group=group-52F5F982BB9D,id=1f658cad-a8c7-4c86-bbeb-2b40079268d7
2019-11-12 23:39:07,596 [pool-509-thread-1] WARN  impl.MetricRegistriesImpl (MetricRegistriesImpl.java:lambda$create$1(61)) - First MetricRegistry has been created without registering reporters. You may need to call MetricRegistries.global().addReportRegistration(...) before.
2019-11-12 23:39:07,596 [pool-519-thread-1] INFO  util.JmxRegister (JmxRegister.java:tryRegister(44)) - Successfully registered JMX Bean with object name Ratis:service=RaftServer,group=group-52F5F982BB9D,id=56d70f56-ceb9-47f6-9690-e0ced3248985
2019-11-12 23:39:07,596 [pool-519-thread-1] WARN  impl.MetricRegistriesImpl (MetricRegistriesImpl.java:lambda$create$1(61)) - First MetricRegistry has been created without registering reporters. You may need to call MetricRegistries.global().addReportRegistration(...) before.
2019-11-12 23:39:07,598 [RatisPipelineUtilsThread] INFO  pipeline.PipelineStateManager (PipelineStateManager.java:addPipeline(55)) - Created pipeline Pipeline[ Id: 902052f6-9394-4a90-85bd-52f5f982bb9d, Nodes: 56d70f56-ceb9-47f6-9690-e0ced3248985{ip: 192.168.164.236, host: pr-hdds-2375-hvwjp-2869937553, networkLocation: /rack1, certSerialId: null}1f658cad-a8c7-4c86-bbeb-2b40079268d7{ip: 192.168.164.236, host: pr-hdds-2375-hvwjp-2869937553, networkLocation: /rack1, certSerialId: null}98dbddad-cff4-4f87-9188-db1d76df9501{ip: 192.168.164.236, host: pr-hdds-2375-hvwjp-2869937553, networkLocation: /rack1, certSerialId: null}, Type:RATIS, Factor:THREE, State:ALLOCATED]
2019-11-12 23:39:07,599 [Thread-3931] INFO  pipeline.PipelineStateManager (PipelineStateManager.java:finalizePipeline(121)) - Pipeline Pipeline[ Id: 848b1c69-284f-48d7-b62e-915ddfa4325c, Nodes: 56d70f56-ceb9-47f6-9690-e0ced3248985{ip: 192.168.164.236, host: pr-hdds-2375-hvwjp-2869937553, networkLocation: /rack1, certSerialId: null}, Type:RATIS, Factor:ONE, State:CLOSED] moved to CLOSED state
2019-11-12 23:39:07,602 [grpc-default-executor-4] INFO  impl.RaftServerProxy (RaftServerProxy.java:remove(95)) - 56d70f56-ceb9-47f6-9690-e0ced3248985: remove    LEADER 56d70f56-ceb9-47f6-9690-e0ced3248985@group-915DDFA4325C:t1, leader=56d70f56-ceb9-47f6-9690-e0ced3248985, voted=56d70f56-ceb9-47f6-9690-e0ced3248985, raftlog=56d70f56-ceb9-47f6-9690-e0ced3248985@group-915DDFA4325C-SegmentedRaftLog:OPENED:c0,f0,i0, conf=0: [56d70f56-ceb9-47f6-9690-e0ced3248985:192.168.164.236:34224], old=null RUNNING
2019-11-12 23:39:07,602 [grpc-default-executor-4] INFO  impl.RaftServerImpl (RaftServerImpl.java:lambda$shutdown$3(250)) - 56d70f56-ceb9-47f6-9690-e0ced3248985@group-915DDFA4325C: shutdown
2019-11-12 23:39:07,602 [grpc-default-executor-4] INFO  util.JmxRegister (JmxRegister.java:unregister(73)) - Successfully un-registered JMX Bean with object name Ratis:service=RaftServer,group=group-915DDFA4325C,id=56d70f56-ceb9-47f6-9690-e0ced3248985
2019-11-12 23:39:07,602 [grpc-default-executor-4] INFO  impl.RoleInfo (RoleInfo.java:shutdownLeaderState(104)) - 56d70f56-ceb9-47f6-9690-e0ced3248985: shutdown LeaderState
2019-11-12 23:39:07,603 [grpc-default-executor-4] INFO  impl.PendingRequests (PendingRequests.java:sendNotLeaderResponses(206)) - 56d70f56-ceb9-47f6-9690-e0ced3248985@group-915DDFA4325C-PendingRequests: sendNotLeaderResponses
2019-11-12 23:39:07,603 [grpc-default-executor-4] INFO  impl.StateMachineUpdater (StateMachineUpdater.java:stopAndJoin(136)) - 56d70f56-ceb9-47f6-9690-e0ced3248985@group-915DDFA4325C-StateMachineUpdater: set stopIndex = 0
2019-11-12 23:39:07,603 [grpc-default-executor-4] INFO  impl.RaftServerImpl (ServerState.java:close(387)) - 56d70f56-ceb9-47f6-9690-e0ced3248985@group-915DDFA4325C: closes. applyIndex: 0
2019-11-12 23:39:07,603 [56d70f56-ceb9-47f6-9690-e0ced3248985@group-915DDFA4325C-SegmentedRaftLogWorker] INFO  segmented.SegmentedRaftLogWorker (SegmentedRaftLogWorker.java:run(316)) - 56d70f56-ceb9-47f6-9690-e0ced3248985@group-915DDFA4325C-SegmentedRaftLogWorker was interrupted, exiting. There are 0 tasks remaining in the queue.
2019-11-12 23:39:07,607 [grpc-default-executor-4] INFO  segmented.SegmentedRaftLogWorker (SegmentedRaftLogWorker.java:close(224)) - 56d70f56-ceb9-47f6-9690-e0ced3248985@group-915DDFA4325C-SegmentedRaftLogWorker close()
2019-11-12 23:39:07,612 [Thread-3931] INFO  pipeline.PipelineStateManager (PipelineStateManager.java:removePipeline(106)) - Pipeline Pipeline[ Id: 848b1c69-284f-48d7-b62e-915ddfa4325c, Nodes: 56d70f56-ceb9-47f6-9690-e0ced3248985{ip: 192.168.164.236, host: pr-hdds-2375-hvwjp-2869937553, networkLocation: /rack1, certSerialId: null}, Type:RATIS, Factor:ONE, State:CLOSED] removed from db
2019-11-12 23:39:07,612 [Thread-3931] INFO  pipeline.SCMPipelineManager (SCMPipelineManager.java:finalizeAndDestroyPipeline(315)) - destroying pipeline:Pipeline[ Id: eb54cf1d-1337-40cc-80eb-ccc45f9e3ff2, Nodes: e78e490f-dcb2-4ec6-aeec-6e1e9400be8d{ip: 192.168.164.236, host: pr-hdds-2375-hvwjp-2869937553, networkLocation: /rack1, certSerialId: null}, Type:RATIS, Factor:ONE, State:OPEN]
2019-11-12 23:39:07,612 [Thread-3931] INFO  pipeline.PipelineStateManager (PipelineStateManager.java:finalizePipeline(121)) - Pipeline Pipeline[ Id: eb54cf1d-1337-40cc-80eb-ccc45f9e3ff2, Nodes: e78e490f-dcb2-4ec6-aeec-6e1e9400be8d{ip: 192.168.164.236, host: pr-hdds-2375-hvwjp-2869937553, networkLocation: /rack1, certSerialId: null}, Type:RATIS, Factor:ONE, State:CLOSED] moved to CLOSED state
2019-11-12 23:39:07,614 [grpc-default-executor-4] INFO  impl.RaftServerProxy (RaftServerProxy.java:addNew(89)) - 56d70f56-ceb9-47f6-9690-e0ced3248985: addNew group-CE99C0433129:[56d70f56-ceb9-47f6-9690-e0ced3248985:192.168.164.236:34224] returns group-CE99C0433129:java.util.concurrent.CompletableFuture@3a07af84[Not completed]
2019-11-12 23:39:07,615 [grpc-default-executor-7] INFO  impl.RaftServerProxy (RaftServerProxy.java:remove(95)) - e78e490f-dcb2-4ec6-aeec-6e1e9400be8d: remove    LEADER e78e490f-dcb2-4ec6-aeec-6e1e9400be8d@group-CCC45F9E3FF2:t1, leader=e78e490f-dcb2-4ec6-aeec-6e1e9400be8d, voted=e78e490f-dcb2-4ec6-aeec-6e1e9400be8d, raftlog=e78e490f-dcb2-4ec6-aeec-6e1e9400be8d@group-CCC45F9E3FF2-SegmentedRaftLog:OPENED:c0,f0,i0, conf=0: [e78e490f-dcb2-4ec6-aeec-6e1e9400be8d:192.168.164.236:41531], old=null RUNNING
2019-11-12 23:39:07,615 [grpc-default-executor-7] INFO  impl.RaftServerImpl (RaftServerImpl.java:lambda$shutdown$3(250)) - e78e490f-dcb2-4ec6-aeec-6e1e9400be8d@group-CCC45F9E3FF2: shutdown
2019-11-12 23:39:07,615 [grpc-default-executor-7] INFO  util.JmxRegister (JmxRegister.java:unregister(73)) - Successfully un-registered JMX Bean with object name Ratis:service=RaftServer,group=group-CCC45F9E3FF2,id=e78e490f-dcb2-4ec6-aeec-6e1e9400be8d
2019-11-12 23:39:07,615 [grpc-default-executor-7] INFO  impl.RoleInfo (RoleInfo.java:shutdownLeaderState(104)) - e78e490f-dcb2-4ec6-aeec-6e1e9400be8d: shutdown LeaderState
2019-11-12 23:39:07,615 [pool-519-thread-1] INFO  impl.RaftServerImpl (RaftServerImpl.java:<init>(98)) - 56d70f56-ceb9-47f6-9690-e0ced3248985: new RaftServerImpl for group-CE99C0433129:[56d70f56-ceb9-47f6-9690-e0ced3248985:192.168.164.236:34224] with ContainerStateMachine:uninitialized
2019-11-12 23:39:07,615 [grpc-default-executor-7] INFO  impl.PendingRequests (PendingRequests.java:sendNotLeaderResponses(206)) - e78e490f-dcb2-4ec6-aeec-6e1e9400be8d@group-CCC45F9E3FF2-PendingRequests: sendNotLeaderResponses
2019-11-12 23:39:07,615 [pool-519-thread-1] INFO  server.RaftServerConfigKeys (ConfUtils.java:logGet(43)) - raft.server.rpc.timeout.min = 1s (custom)
2019-11-12 23:39:07,616 [grpc-default-executor-7] INFO  impl.StateMachineUpdater (StateMachineUpdater.java:stopAndJoin(136)) - e78e490f-dcb2-4ec6-aeec-6e1e9400be8d@group-CCC45F9E3FF2-StateMachineUpdater: set stopIndex = 0
2019-11-12 23:39:07,616 [pool-519-thread-1] INFO  server.RaftServerConfigKeys (ConfUtils.java:logGet(43)) - raft.server.rpc.timeout.max = 1200ms (custom)
2019-11-12 23:39:07,616 [grpc-default-executor-7] INFO  impl.RaftServerImpl (ServerState.java:close(387)) - e78e490f-dcb2-4ec6-aeec-6e1e9400be8d@group-CCC45F9E3FF2: closes. applyIndex: 0
2019-11-12 23:39:07,616 [pool-519-thread-1] INFO  server.RaftServerConfigKeys (ConfUtils.java:logGet(43)) - raft.server.rpcslowness.timeout = 120s (custom)
2019-11-12 23:39:07,616 [e78e490f-dcb2-4ec6-aeec-6e1e9400be8d@group-CCC45F9E3FF2-SegmentedRaftLogWorker] INFO  segmented.SegmentedRaftLogWorker (SegmentedRaftLogWorker.java:run(316)) - e78e490f-dcb2-4ec6-aeec-6e1e9400be8d@group-CCC45F9E3FF2-SegmentedRaftLogWorker was interrupted, exiting. There are 0 tasks remaining in the queue.
2019-11-12 23:39:07,616 [pool-519-thread-1] INFO  server.RaftServerConfigKeys (ConfUtils.java:logGet(43)) - raft.server.sleep.deviation.threshold = 300 (default)
2019-11-12 23:39:07,616 [pool-519-thread-1] INFO  server.RaftServerConfigKeys (ConfUtils.java:logGet(43)) - raft.server.log.appender.install.snapshot.enabled = false (custom)
2019-11-12 23:39:07,616 [pool-519-thread-1] INFO  impl.RaftServerImpl (ServerState.java:<init>(103)) - 56d70f56-ceb9-47f6-9690-e0ced3248985@group-CE99C0433129: ConfigurationManager, init=-1: [56d70f56-ceb9-47f6-9690-e0ced3248985:192.168.164.236:34224], old=null, confs=<EMPTY_MAP>
2019-11-12 23:39:07,616 [pool-519-thread-1] INFO  server.RaftServerConfigKeys (ConfUtils.java:logGet(43)) - raft.server.storage.dir = [/workdir/hadoop-ozone/integration-test/target/test-dir/MiniOzoneClusterImpl-af41d755-250d-41c0-9b7d-b62086ffbdd4/datanode-1/data/ratis] (custom)
2019-11-12 23:39:07,622 [pool-519-thread-1] INFO  server.RaftServerConfigKeys (ConfUtils.java:logGet(43)) - raft.server.log.corruption.policy = EXCEPTION (default)
2019-11-12 23:39:07,622 [grpc-default-executor-7] INFO  segmented.SegmentedRaftLogWorker (SegmentedRaftLogWorker.java:close(224)) - e78e490f-dcb2-4ec6-aeec-6e1e9400be8d@group-CCC45F9E3FF2-SegmentedRaftLogWorker close()
2019-11-12 23:39:07,622 [pool-519-thread-1] INFO  storage.RaftStorageDirectory (RaftStorageDirectory.java:analyzeStorage(246)) - The storage directory /workdir/hadoop-ozone/integration-test/target/test-dir/MiniOzoneClusterImpl-af41d755-250d-41c0-9b7d-b62086ffbdd4/datanode-1/data/ratis/d8e42a1d-20a5-40c3-8fb9-ce99c0433129 does not exist. Creating ...
2019-11-12 23:39:07,638 [pool-519-thread-1] INFO  storage.RaftStorageDirectory (RaftStorageDirectory.java:tryLock(328)) - Lock on /workdir/hadoop-ozone/integration-test/target/test-dir/MiniOzoneClusterImpl-af41d755-250d-41c0-9b7d-b62086ffbdd4/datanode-1/data/ratis/d8e42a1d-20a5-40c3-8fb9-ce99c0433129/in_use.lock acquired by nodename 11492@pr-hdds-2375-hvwjp-2869937553
2019-11-12 23:39:07,650 [pool-519-thread-1] INFO  storage.RaftStorage (RaftStorage.java:format(84)) - Storage directory /workdir/hadoop-ozone/integration-test/target/test-dir/MiniOzoneClusterImpl-af41d755-250d-41c0-9b7d-b62086ffbdd4/datanode-1/data/ratis/d8e42a1d-20a5-40c3-8fb9-ce99c0433129 has been successfully formatted.
2019-11-12 23:39:07,650 [pool-519-thread-1] INFO  ratis.ContainerStateMachine (ContainerStateMachine.java:loadSnapshot(223)) - group-CE99C0433129: The snapshot info is null. Setting the last applied indexto:(t:0, i:~)
2019-11-12 23:39:07,650 [pool-519-thread-1] INFO  server.RaftServerConfigKeys (ConfUtils.java:logGet(43)) - raft.server.notification.no-leader.timeout = 120s (custom)
2019-11-12 23:39:07,651 [pool-519-thread-1] INFO  server.RaftServerConfigKeys (ConfUtils.java:logGet(43)) - raft.server.log.use.memory = false (default)
2019-11-12 23:39:07,651 [pool-519-thread-1] INFO  server.RaftServerConfigKeys (ConfUtils.java:logGet(43)) - raft.server.log.purge.gap = 1000000 (custom)
2019-11-12 23:39:07,651 [pool-519-thread-1] INFO  server.RaftServerConfigKeys (ConfUtils.java:logGet(43)) - raft.server.log.appender.buffer.byte-limit = 33554432 (custom)
2019-11-12 23:39:07,651 [pool-519-thread-1] INFO  server.RaftServerConfigKeys (ConfUtils.java:logGet(43)) - raft.server.log.segment.size.max = 1048576 (custom)
2019-11-12 23:39:07,651 [pool-519-thread-1] INFO  server.RaftServerConfigKeys (ConfUtils.java:logGet(43)) - raft.server.log.segment.cache.num.max = 2 (custom)
2019-11-12 23:39:07,651 [pool-519-thread-1] INFO  segmented.SegmentedRaftLogWorker (SegmentedRaftLogWorker.java:<init>(173)) - new 56d70f56-ceb9-47f6-9690-e0ced3248985@group-CE99C0433129-SegmentedRaftLogWorker for RaftStorage:Storage Directory /workdir/hadoop-ozone/integration-test/target/test-dir/MiniOzoneClusterImpl-af41d755-250d-41c0-9b7d-b62086ffbdd4/datanode-1/data/ratis/d8e42a1d-20a5-40c3-8fb9-ce99c0433129
2019-11-12 23:39:07,651 [pool-519-thread-1] INFO  server.RaftServerConfigKeys (ConfUtils.java:logGet(43)) - raft.server.log.queue.byte-limit = 2147483647 (custom)
2019-11-12 23:39:07,651 [pool-519-thread-1] INFO  server.RaftServerConfigKeys (ConfUtils.java:logGet(43)) - raft.server.log.queue.element-limit = 1024 (custom)
2019-11-12 23:39:07,651 [pool-519-thread-1] INFO  server.RaftServerConfigKeys (ConfUtils.java:logGet(43)) - raft.server.log.segment.size.max = 1048576 (custom)
2019-11-12 23:39:07,651 [pool-519-thread-1] INFO  server.RaftServerConfigKeys (ConfUtils.java:logGet(43)) - raft.server.log.preallocated.size = 16384 (custom)
2019-11-12 23:39:07,651 [pool-519-thread-1] INFO  server.RaftServerConfigKeys (ConfUtils.java:logGet(43)) - raft.server.log.write.buffer.size = 33554432 (custom)
2019-11-12 23:39:07,651 [pool-519-thread-1] INFO  server.RaftServerConfigKeys (ConfUtils.java:logGet(43)) - raft.server.log.force.sync.num = 128 (default)
2019-11-12 23:39:07,651 [pool-519-thread-1] INFO  server.RaftServerConfigKeys (ConfUtils.java:logGet(43)) - raft.server.log.statemachine.data.sync = true (default)
2019-11-12 23:39:07,651 [pool-519-thread-1] INFO  server.RaftServerConfigKeys (ConfUtils.java:logGet(43)) - raft.server.log.statemachine.data.sync.timeout = 10s (default)
2019-11-12 23:39:07,652 [pool-519-thread-1] INFO  server.RaftServerConfigKeys (ConfUtils.java:logGet(43)) - raft.server.log.statemachine.data.sync.timeout.retry = -1 (default)
2019-11-12 23:39:07,652 [pool-519-thread-1] INFO  server.RaftServerConfigKeys (ConfUtils.java:logGet(43)) - raft.server.log.statemachine.data.caching.enabled = true (custom)
2019-11-12 23:39:07,652 [pool-519-thread-1] INFO  segmented.SegmentedRaftLogWorker (SegmentedRaftLogWorker.java:lambda$new$0(128)) - 56d70f56-ceb9-47f6-9690-e0ced3248985@group-CE99C0433129-SegmentedRaftLogWorker: flushIndex: setUnconditionally 0 -> -1
2019-11-12 23:39:07,652 [pool-519-thread-1] INFO  server.RaftServerConfigKeys (ConfUtils.java:logGet(43)) - raft.server.snapshot.auto.trigger.enabled = true (custom)
2019-11-12 23:39:07,652 [pool-519-thread-1] INFO  server.RaftServerConfigKeys (ConfUtils.java:logGet(43)) - raft.server.snapshot.auto.trigger.threshold = 10000 (custom)
2019-11-12 23:39:07,652 [pool-519-thread-1] INFO  server.RaftServerConfigKeys (ConfUtils.java:logGet(43)) - raft.server.snapshot.retention.file.num = 5 (custom)
2019-11-12 23:39:07,652 [pool-519-thread-1] INFO  server.RaftServerConfigKeys (ConfUtils.java:logGet(43)) - raft.server.retrycache.expirytime = 600000ms (custom)
2019-11-12 23:39:07,652 [pool-519-thread-1] WARN  impl.MetricRegistriesImpl (MetricRegistriesImpl.java:lambda$create$1(61)) - First MetricRegistry has been created without registering reporters. You may need to call MetricRegistries.global().addReportRegistration(...) before.
2019-11-12 23:39:07,652 [pool-519-thread-1] WARN  impl.MetricRegistriesImpl (MetricRegistriesImpl.java:lambda$create$1(61)) - First MetricRegistry has been created without registering reporters. You may need to call MetricRegistries.global().addReportRegistration(...) before.
2019-11-12 23:39:07,653 [pool-519-thread-1] INFO  impl.RaftServerImpl (RaftServerImpl.java:start(184)) - 56d70f56-ceb9-47f6-9690-e0ced3248985@group-CE99C0433129: start as a follower, conf=-1: [56d70f56-ceb9-47f6-9690-e0ced3248985:192.168.164.236:34224], old=null
2019-11-12 23:39:07,653 [pool-519-thread-1] INFO  impl.RaftServerImpl (RaftServerImpl.java:setRole(173)) - 56d70f56-ceb9-47f6-9690-e0ced3248985@group-CE99C0433129: changes role from      null to FOLLOWER at term 0 for startAsFollower
2019-11-12 23:39:07,653 [pool-519-thread-1] INFO  impl.RoleInfo (RoleInfo.java:updateAndGet(143)) - 56d70f56-ceb9-47f6-9690-e0ced3248985: start FollowerState
2019-11-12 23:39:07,653 [pool-519-thread-1] INFO  util.JmxRegister (JmxRegister.java:tryRegister(44)) - Successfully registered JMX Bean with object name Ratis:service=RaftServer,group=group-CE99C0433129,id=56d70f56-ceb9-47f6-9690-e0ced3248985
2019-11-12 23:39:07,653 [pool-519-thread-1] WARN  impl.MetricRegistriesImpl (MetricRegistriesImpl.java:lambda$create$1(61)) - First MetricRegistry has been created without registering reporters. You may need to call MetricRegistries.global().addReportRegistration(...) before.
2019-11-12 23:39:07,655 [RatisPipelineUtilsThread] INFO  pipeline.PipelineStateManager (PipelineStateManager.java:addPipeline(55)) - Created pipeline Pipeline[ Id: d8e42a1d-20a5-40c3-8fb9-ce99c0433129, Nodes: 56d70f56-ceb9-47f6-9690-e0ced3248985{ip: 192.168.164.236, host: pr-hdds-2375-hvwjp-2869937553, networkLocation: /rack1, certSerialId: null}, Type:RATIS, Factor:ONE, State:ALLOCATED]
2019-11-12 23:39:07,658 [grpc-default-executor-7] INFO  impl.RaftServerProxy (RaftServerProxy.java:addNew(89)) - e78e490f-dcb2-4ec6-aeec-6e1e9400be8d: addNew group-E0782CB4127B:[e78e490f-dcb2-4ec6-aeec-6e1e9400be8d:192.168.164.236:41531] returns group-E0782CB4127B:java.util.concurrent.CompletableFuture@5d6db009[Not completed]
2019-11-12 23:39:07,659 [pool-559-thread-1] INFO  impl.RaftServerImpl (RaftServerImpl.java:<init>(98)) - e78e490f-dcb2-4ec6-aeec-6e1e9400be8d: new RaftServerImpl for group-E0782CB4127B:[e78e490f-dcb2-4ec6-aeec-6e1e9400be8d:192.168.164.236:41531] with ContainerStateMachine:uninitialized
2019-11-12 23:39:07,659 [pool-559-thread-1] INFO  server.RaftServerConfigKeys (ConfUtils.java:logGet(43)) - raft.server.rpc.timeout.min = 1s (custom)
2019-11-12 23:39:07,659 [pool-559-thread-1] INFO  server.RaftServerConfigKeys (ConfUtils.java:logGet(43)) - raft.server.rpc.timeout.max = 1200ms (custom)
2019-11-12 23:39:07,659 [pool-559-thread-1] INFO  server.RaftServerConfigKeys (ConfUtils.java:logGet(43)) - raft.server.rpcslowness.timeout = 120s (custom)
2019-11-12 23:39:07,659 [pool-559-thread-1] INFO  server.RaftServerConfigKeys (ConfUtils.java:logGet(43)) - raft.server.sleep.deviation.threshold = 300 (default)
2019-11-12 23:39:07,660 [pool-559-thread-1] INFO  server.RaftServerConfigKeys (ConfUtils.java:logGet(43)) - raft.server.log.appender.install.snapshot.enabled = false (custom)
2019-11-12 23:39:07,660 [pool-559-thread-1] INFO  impl.RaftServerImpl (ServerState.java:<init>(103)) - e78e490f-dcb2-4ec6-aeec-6e1e9400be8d@group-E0782CB4127B: ConfigurationManager, init=-1: [e78e490f-dcb2-4ec6-aeec-6e1e9400be8d:192.168.164.236:41531], old=null, confs=<EMPTY_MAP>
2019-11-12 23:39:07,660 [pool-559-thread-1] INFO  server.RaftServerConfigKeys (ConfUtils.java:logGet(43)) - raft.server.storage.dir = [/workdir/hadoop-ozone/integration-test/target/test-dir/MiniOzoneClusterImpl-af41d755-250d-41c0-9b7d-b62086ffbdd4/datanode-5/data/ratis] (custom)
2019-11-12 23:39:07,660 [pool-559-thread-1] INFO  server.RaftServerConfigKeys (ConfUtils.java:logGet(43)) - raft.server.log.corruption.policy = EXCEPTION (default)
2019-11-12 23:39:07,660 [pool-559-thread-1] INFO  storage.RaftStorageDirectory (RaftStorageDirectory.java:analyzeStorage(246)) - The storage directory /workdir/hadoop-ozone/integration-test/target/test-dir/MiniOzoneClusterImpl-af41d755-250d-41c0-9b7d-b62086ffbdd4/datanode-5/data/ratis/f881ce0f-18a5-427a-bfa1-e0782cb4127b does not exist. Creating ...
2019-11-12 23:39:07,663 [pool-559-thread-1] INFO  storage.RaftStorageDirectory (RaftStorageDirectory.java:tryLock(328)) - Lock on /workdir/hadoop-ozone/integration-test/target/test-dir/MiniOzoneClusterImpl-af41d755-250d-41c0-9b7d-b62086ffbdd4/datanode-5/data/ratis/f881ce0f-18a5-427a-bfa1-e0782cb4127b/in_use.lock acquired by nodename 11492@pr-hdds-2375-hvwjp-2869937553
2019-11-12 23:39:07,667 [pool-559-thread-1] INFO  storage.RaftStorage (RaftStorage.java:format(84)) - Storage directory /workdir/hadoop-ozone/integration-test/target/test-dir/MiniOzoneClusterImpl-af41d755-250d-41c0-9b7d-b62086ffbdd4/datanode-5/data/ratis/f881ce0f-18a5-427a-bfa1-e0782cb4127b has been successfully formatted.
2019-11-12 23:39:07,668 [pool-559-thread-1] INFO  ratis.ContainerStateMachine (ContainerStateMachine.java:loadSnapshot(223)) - group-E0782CB4127B: The snapshot info is null. Setting the last applied indexto:(t:0, i:~)
2019-11-12 23:39:07,668 [pool-559-thread-1] INFO  server.RaftServerConfigKeys (ConfUtils.java:logGet(43)) - raft.server.notification.no-leader.timeout = 120s (custom)
2019-11-12 23:39:07,668 [pool-559-thread-1] INFO  server.RaftServerConfigKeys (ConfUtils.java:logGet(43)) - raft.server.log.use.memory = false (default)
2019-11-12 23:39:07,668 [pool-559-thread-1] INFO  server.RaftServerConfigKeys (ConfUtils.java:logGet(43)) - raft.server.log.purge.gap = 1000000 (custom)
2019-11-12 23:39:07,668 [pool-559-thread-1] INFO  server.RaftServerConfigKeys (ConfUtils.java:logGet(43)) - raft.server.log.appender.buffer.byte-limit = 33554432 (custom)
2019-11-12 23:39:07,668 [pool-559-thread-1] INFO  server.RaftServerConfigKeys (ConfUtils.java:logGet(43)) - raft.server.log.segment.size.max = 1048576 (custom)
2019-11-12 23:39:07,668 [pool-559-thread-1] INFO  server.RaftServerConfigKeys (ConfUtils.java:logGet(43)) - raft.server.log.segment.cache.num.max = 2 (custom)
2019-11-12 23:39:07,668 [pool-559-thread-1] INFO  segmented.SegmentedRaftLogWorker (SegmentedRaftLogWorker.java:<init>(173)) - new e78e490f-dcb2-4ec6-aeec-6e1e9400be8d@group-E0782CB4127B-SegmentedRaftLogWorker for RaftStorage:Storage Directory /workdir/hadoop-ozone/integration-test/target/test-dir/MiniOzoneClusterImpl-af41d755-250d-41c0-9b7d-b62086ffbdd4/datanode-5/data/ratis/f881ce0f-18a5-427a-bfa1-e0782cb4127b
2019-11-12 23:39:07,669 [pool-559-thread-1] INFO  server.RaftServerConfigKeys (ConfUtils.java:logGet(43)) - raft.server.log.queue.byte-limit = 2147483647 (custom)
2019-11-12 23:39:07,669 [pool-559-thread-1] INFO  server.RaftServerConfigKeys (ConfUtils.java:logGet(43)) - raft.server.log.queue.element-limit = 1024 (custom)
2019-11-12 23:39:07,669 [pool-559-thread-1] INFO  server.RaftServerConfigKeys (ConfUtils.java:logGet(43)) - raft.server.log.segment.size.max = 1048576 (custom)
2019-11-12 23:39:07,669 [pool-559-thread-1] INFO  server.RaftServerConfigKeys (ConfUtils.java:logGet(43)) - raft.server.log.preallocated.size = 16384 (custom)
2019-11-12 23:39:07,669 [pool-559-thread-1] INFO  server.RaftServerConfigKeys (ConfUtils.java:logGet(43)) - raft.server.log.write.buffer.size = 33554432 (custom)
2019-11-12 23:39:07,669 [pool-559-thread-1] INFO  server.RaftServerConfigKeys (ConfUtils.java:logGet(43)) - raft.server.log.force.sync.num = 128 (default)
2019-11-12 23:39:07,669 [pool-559-thread-1] INFO  server.RaftServerConfigKeys (ConfUtils.java:logGet(43)) - raft.server.log.statemachine.data.sync = true (default)
2019-11-12 23:39:07,669 [pool-559-thread-1] INFO  server.RaftServerConfigKeys (ConfUtils.java:logGet(43)) - raft.server.log.statemachine.data.sync.timeout = 10s (default)
2019-11-12 23:39:07,669 [pool-559-thread-1] INFO  server.RaftServerConfigKeys (ConfUtils.java:logGet(43)) - raft.server.log.statemachine.data.sync.timeout.retry = -1 (default)
2019-11-12 23:39:07,669 [pool-559-thread-1] INFO  server.RaftServerConfigKeys (ConfUtils.java:logGet(43)) - raft.server.log.statemachine.data.caching.enabled = true (custom)
2019-11-12 23:39:07,670 [pool-559-thread-1] INFO  segmented.SegmentedRaftLogWorker (SegmentedRaftLogWorker.java:lambda$new$0(128)) - e78e490f-dcb2-4ec6-aeec-6e1e9400be8d@group-E0782CB4127B-SegmentedRaftLogWorker: flushIndex: setUnconditionally 0 -> -1
2019-11-12 23:39:07,670 [pool-559-thread-1] INFO  server.RaftServerConfigKeys (ConfUtils.java:logGet(43)) - raft.server.snapshot.auto.trigger.enabled = true (custom)
2019-11-12 23:39:07,670 [pool-559-thread-1] INFO  server.RaftServerConfigKeys (ConfUtils.java:logGet(43)) - raft.server.snapshot.auto.trigger.threshold = 10000 (custom)
2019-11-12 23:39:07,670 [pool-559-thread-1] INFO  server.RaftServerConfigKeys (ConfUtils.java:logGet(43)) - raft.server.snapshot.retention.file.num = 5 (custom)
2019-11-12 23:39:07,670 [pool-559-thread-1] INFO  server.RaftServerConfigKeys (ConfUtils.java:logGet(43)) - raft.server.retrycache.expirytime = 600000ms (custom)
2019-11-12 23:39:07,670 [pool-559-thread-1] WARN  impl.MetricRegistriesImpl (MetricRegistriesImpl.java:lambda$create$1(61)) - First MetricRegistry has been created without registering reporters. You may need to call MetricRegistries.global().addReportRegistration(...) before.
2019-11-12 23:39:07,671 [pool-559-thread-1] WARN  impl.MetricRegistriesImpl (MetricRegistriesImpl.java:lambda$create$1(61)) - First MetricRegistry has been created without registering reporters. You may need to call MetricRegistries.global().addReportRegistration(...) before.
2019-11-12 23:39:07,671 [pool-559-thread-1] INFO  impl.RaftServerImpl (RaftServerImpl.java:start(184)) - e78e490f-dcb2-4ec6-aeec-6e1e9400be8d@group-E0782CB4127B: start as a follower, conf=-1: [e78e490f-dcb2-4ec6-aeec-6e1e9400be8d:192.168.164.236:41531], old=null
2019-11-12 23:39:07,671 [pool-559-thread-1] INFO  impl.RaftServerImpl (RaftServerImpl.java:setRole(173)) - e78e490f-dcb2-4ec6-aeec-6e1e9400be8d@group-E0782CB4127B: changes role from      null to FOLLOWER at term 0 for startAsFollower
2019-11-12 23:39:07,671 [pool-559-thread-1] INFO  impl.RoleInfo (RoleInfo.java:updateAndGet(143)) - e78e490f-dcb2-4ec6-aeec-6e1e9400be8d: start FollowerState
2019-11-12 23:39:07,671 [pool-559-thread-1] INFO  util.JmxRegister (JmxRegister.java:tryRegister(44)) - Successfully registered JMX Bean with object name Ratis:service=RaftServer,group=group-E0782CB4127B,id=e78e490f-dcb2-4ec6-aeec-6e1e9400be8d
2019-11-12 23:39:07,671 [pool-559-thread-1] WARN  impl.MetricRegistriesImpl (MetricRegistriesImpl.java:lambda$create$1(61)) - First MetricRegistry has been created without registering reporters. You may need to call MetricRegistries.global().addReportRegistration(...) before.
2019-11-12 23:39:07,673 [RatisPipelineUtilsThread] INFO  pipeline.PipelineStateManager (PipelineStateManager.java:addPipeline(55)) - Created pipeline Pipeline[ Id: f881ce0f-18a5-427a-bfa1-e0782cb4127b, Nodes: e78e490f-dcb2-4ec6-aeec-6e1e9400be8d{ip: 192.168.164.236, host: pr-hdds-2375-hvwjp-2869937553, networkLocation: /rack1, certSerialId: null}, Type:RATIS, Factor:ONE, State:ALLOCATED]
2019-11-12 23:39:07,674 [Thread-3931] INFO  pipeline.PipelineStateManager (PipelineStateManager.java:removePipeline(106)) - Pipeline Pipeline[ Id: eb54cf1d-1337-40cc-80eb-ccc45f9e3ff2, Nodes: e78e490f-dcb2-4ec6-aeec-6e1e9400be8d{ip: 192.168.164.236, host: pr-hdds-2375-hvwjp-2869937553, networkLocation: /rack1, certSerialId: null}, Type:RATIS, Factor:ONE, State:CLOSED] removed from db
2019-11-12 23:39:07,674 [Thread-3931] INFO  pipeline.SCMPipelineManager (SCMPipelineManager.java:finalizeAndDestroyPipeline(315)) - destroying pipeline:Pipeline[ Id: 6023c11a-288e-478f-88d0-94a906cb7b28, Nodes: 7c2b8f83-a523-49c2-afdc-9b713bfd472f{ip: 192.168.164.236, host: pr-hdds-2375-hvwjp-2869937553, networkLocation: /rack1, certSerialId: null}, Type:RATIS, Factor:ONE, State:OPEN]
2019-11-12 23:39:07,674 [Thread-3931] INFO  pipeline.PipelineStateManager (PipelineStateManager.java:finalizePipeline(121)) - Pipeline Pipeline[ Id: 6023c11a-288e-478f-88d0-94a906cb7b28, Nodes: 7c2b8f83-a523-49c2-afdc-9b713bfd472f{ip: 192.168.164.236, host: pr-hdds-2375-hvwjp-2869937553, networkLocation: /rack1, certSerialId: null}, Type:RATIS, Factor:ONE, State:CLOSED] moved to CLOSED state
2019-11-12 23:39:07,679 [grpc-default-executor-7] INFO  impl.RaftServerProxy (RaftServerProxy.java:remove(95)) - 7c2b8f83-a523-49c2-afdc-9b713bfd472f: remove    LEADER 7c2b8f83-a523-49c2-afdc-9b713bfd472f@group-94A906CB7B28:t1, leader=7c2b8f83-a523-49c2-afdc-9b713bfd472f, voted=7c2b8f83-a523-49c2-afdc-9b713bfd472f, raftlog=7c2b8f83-a523-49c2-afdc-9b713bfd472f@group-94A906CB7B28-SegmentedRaftLog:OPENED:c0,f0,i0, conf=0: [7c2b8f83-a523-49c2-afdc-9b713bfd472f:192.168.164.236:43042], old=null RUNNING
2019-11-12 23:39:07,679 [grpc-default-executor-7] INFO  impl.RaftServerImpl (RaftServerImpl.java:lambda$shutdown$3(250)) - 7c2b8f83-a523-49c2-afdc-9b713bfd472f@group-94A906CB7B28: shutdown
2019-11-12 23:39:07,679 [grpc-default-executor-7] INFO  util.JmxRegister (JmxRegister.java:unregister(73)) - Successfully un-registered JMX Bean with object name Ratis:service=RaftServer,group=group-94A906CB7B28,id=7c2b8f83-a523-49c2-afdc-9b713bfd472f
2019-11-12 23:39:07,680 [grpc-default-executor-7] INFO  impl.RoleInfo (RoleInfo.java:shutdownLeaderState(104)) - 7c2b8f83-a523-49c2-afdc-9b713bfd472f: shutdown LeaderState
2019-11-12 23:39:07,680 [grpc-default-executor-7] INFO  impl.PendingRequests (PendingRequests.java:sendNotLeaderResponses(206)) - 7c2b8f83-a523-49c2-afdc-9b713bfd472f@group-94A906CB7B28-PendingRequests: sendNotLeaderResponses
2019-11-12 23:39:07,680 [grpc-default-executor-7] INFO  impl.StateMachineUpdater (StateMachineUpdater.java:stopAndJoin(136)) - 7c2b8f83-a523-49c2-afdc-9b713bfd472f@group-94A906CB7B28-StateMachineUpdater: set stopIndex = 0
2019-11-12 23:39:07,680 [grpc-default-executor-7] INFO  impl.RaftServerImpl (ServerState.java:close(387)) - 7c2b8f83-a523-49c2-afdc-9b713bfd472f@group-94A906CB7B28: closes. applyIndex: 0
2019-11-12 23:39:07,680 [7c2b8f83-a523-49c2-afdc-9b713bfd472f@group-94A906CB7B28-SegmentedRaftLogWorker] INFO  segmented.SegmentedRaftLogWorker (SegmentedRaftLogWorker.java:run(316)) - 7c2b8f83-a523-49c2-afdc-9b713bfd472f@group-94A906CB7B28-SegmentedRaftLogWorker was interrupted, exiting. There are 0 tasks remaining in the queue.
2019-11-12 23:39:07,680 [grpc-default-executor-7] INFO  segmented.SegmentedRaftLogWorker (SegmentedRaftLogWorker.java:close(224)) - 7c2b8f83-a523-49c2-afdc-9b713bfd472f@group-94A906CB7B28-SegmentedRaftLogWorker close()
2019-11-12 23:39:07,684 [Thread-3931] INFO  pipeline.PipelineStateManager (PipelineStateManager.java:removePipeline(106)) - Pipeline Pipeline[ Id: 6023c11a-288e-478f-88d0-94a906cb7b28, Nodes: 7c2b8f83-a523-49c2-afdc-9b713bfd472f{ip: 192.168.164.236, host: pr-hdds-2375-hvwjp-2869937553, networkLocation: /rack1, certSerialId: null}, Type:RATIS, Factor:ONE, State:CLOSED] removed from db
2019-11-12 23:39:07,684 [Thread-3931] INFO  pipeline.SCMPipelineManager (SCMPipelineManager.java:finalizeAndDestroyPipeline(315)) - destroying pipeline:Pipeline[ Id: 422cf0a9-9439-4c64-afae-5207effdfac9, Nodes: 0cfa4e5a-af9b-49e5-b2c2-1a2dc6cf0616{ip: 192.168.164.236, host: pr-hdds-2375-hvwjp-2869937553, networkLocation: /rack1, certSerialId: null}, Type:RATIS, Factor:ONE, State:OPEN]
2019-11-12 23:39:07,686 [grpc-default-executor-7] INFO  impl.RaftServerProxy (RaftServerProxy.java:addNew(89)) - 7c2b8f83-a523-49c2-afdc-9b713bfd472f: addNew group-60212FBC3C2E:[7c2b8f83-a523-49c2-afdc-9b713bfd472f:192.168.164.236:43042] returns group-60212FBC3C2E:java.util.concurrent.CompletableFuture@37dcd11c[Not completed]
2019-11-12 23:39:07,687 [pool-539-thread-1] INFO  impl.RaftServerImpl (RaftServerImpl.java:<init>(98)) - 7c2b8f83-a523-49c2-afdc-9b713bfd472f: new RaftServerImpl for group-60212FBC3C2E:[7c2b8f83-a523-49c2-afdc-9b713bfd472f:192.168.164.236:43042] with ContainerStateMachine:uninitialized
2019-11-12 23:39:07,688 [pool-539-thread-1] INFO  server.RaftServerConfigKeys (ConfUtils.java:logGet(43)) - raft.server.rpc.timeout.min = 1s (custom)
2019-11-12 23:39:07,688 [pool-539-thread-1] INFO  server.RaftServerConfigKeys (ConfUtils.java:logGet(43)) - raft.server.rpc.timeout.max = 1200ms (custom)
2019-11-12 23:39:07,688 [pool-539-thread-1] INFO  server.RaftServerConfigKeys (ConfUtils.java:logGet(43)) - raft.server.rpcslowness.timeout = 120s (custom)
2019-11-12 23:39:07,688 [pool-539-thread-1] INFO  server.RaftServerConfigKeys (ConfUtils.java:logGet(43)) - raft.server.sleep.deviation.threshold = 300 (default)
2019-11-12 23:39:07,688 [pool-539-thread-1] INFO  server.RaftServerConfigKeys (ConfUtils.java:logGet(43)) - raft.server.log.appender.install.snapshot.enabled = false (custom)
2019-11-12 23:39:07,688 [pool-539-thread-1] INFO  impl.RaftServerImpl (ServerState.java:<init>(103)) - 7c2b8f83-a523-49c2-afdc-9b713bfd472f@group-60212FBC3C2E: ConfigurationManager, init=-1: [7c2b8f83-a523-49c2-afdc-9b713bfd472f:192.168.164.236:43042], old=null, confs=<EMPTY_MAP>
2019-11-12 23:39:07,688 [pool-539-thread-1] INFO  server.RaftServerConfigKeys (ConfUtils.java:logGet(43)) - raft.server.storage.dir = [/workdir/hadoop-ozone/integration-test/target/test-dir/MiniOzoneClusterImpl-af41d755-250d-41c0-9b7d-b62086ffbdd4/datanode-3/data/ratis] (custom)
2019-11-12 23:39:07,688 [pool-539-thread-1] INFO  server.RaftServerConfigKeys (ConfUtils.java:logGet(43)) - raft.server.log.corruption.policy = EXCEPTION (default)
2019-11-12 23:39:07,689 [pool-539-thread-1] INFO  storage.RaftStorageDirectory (RaftStorageDirectory.java:analyzeStorage(246)) - The storage directory /workdir/hadoop-ozone/integration-test/target/test-dir/MiniOzoneClusterImpl-af41d755-250d-41c0-9b7d-b62086ffbdd4/datanode-3/data/ratis/0c746560-e8b2-4423-bb79-60212fbc3c2e does not exist. Creating ...
2019-11-12 23:39:07,693 [pool-539-thread-1] INFO  storage.RaftStorageDirectory (RaftStorageDirectory.java:tryLock(328)) - Lock on /workdir/hadoop-ozone/integration-test/target/test-dir/MiniOzoneClusterImpl-af41d755-250d-41c0-9b7d-b62086ffbdd4/datanode-3/data/ratis/0c746560-e8b2-4423-bb79-60212fbc3c2e/in_use.lock acquired by nodename 11492@pr-hdds-2375-hvwjp-2869937553
2019-11-12 23:39:07,696 [pool-539-thread-1] INFO  storage.RaftStorage (RaftStorage.java:format(84)) - Storage directory /workdir/hadoop-ozone/integration-test/target/test-dir/MiniOzoneClusterImpl-af41d755-250d-41c0-9b7d-b62086ffbdd4/datanode-3/data/ratis/0c746560-e8b2-4423-bb79-60212fbc3c2e has been successfully formatted.
2019-11-12 23:39:07,697 [pool-539-thread-1] INFO  ratis.ContainerStateMachine (ContainerStateMachine.java:loadSnapshot(223)) - group-60212FBC3C2E: The snapshot info is null. Setting the last applied indexto:(t:0, i:~)
2019-11-12 23:39:07,697 [pool-539-thread-1] INFO  server.RaftServerConfigKeys (ConfUtils.java:logGet(43)) - raft.server.notification.no-leader.timeout = 120s (custom)
2019-11-12 23:39:07,697 [pool-539-thread-1] INFO  server.RaftServerConfigKeys (ConfUtils.java:logGet(43)) - raft.server.log.use.memory = false (default)
2019-11-12 23:39:07,697 [pool-539-thread-1] INFO  server.RaftServerConfigKeys (ConfUtils.java:logGet(43)) - raft.server.log.purge.gap = 1000000 (custom)
2019-11-12 23:39:07,697 [pool-539-thread-1] INFO  server.RaftServerConfigKeys (ConfUtils.java:logGet(43)) - raft.server.log.appender.buffer.byte-limit = 33554432 (custom)
2019-11-12 23:39:07,697 [pool-539-thread-1] INFO  server.RaftServerConfigKeys (ConfUtils.java:logGet(43)) - raft.server.log.segment.size.max = 1048576 (custom)
2019-11-12 23:39:07,697 [pool-539-thread-1] INFO  server.RaftServerConfigKeys (ConfUtils.java:logGet(43)) - raft.server.log.segment.cache.num.max = 2 (custom)
2019-11-12 23:39:07,698 [pool-539-thread-1] INFO  segmented.SegmentedRaftLogWorker (SegmentedRaftLogWorker.java:<init>(173)) - new 7c2b8f83-a523-49c2-afdc-9b713bfd472f@group-60212FBC3C2E-SegmentedRaftLogWorker for RaftStorage:Storage Directory /workdir/hadoop-ozone/integration-test/target/test-dir/MiniOzoneClusterImpl-af41d755-250d-41c0-9b7d-b62086ffbdd4/datanode-3/data/ratis/0c746560-e8b2-4423-bb79-60212fbc3c2e
2019-11-12 23:39:07,698 [pool-539-thread-1] INFO  server.RaftServerConfigKeys (ConfUtils.java:logGet(43)) - raft.server.log.queue.byte-limit = 2147483647 (custom)
2019-11-12 23:39:07,698 [pool-539-thread-1] INFO  server.RaftServerConfigKeys (ConfUtils.java:logGet(43)) - raft.server.log.queue.element-limit = 1024 (custom)
2019-11-12 23:39:07,698 [pool-539-thread-1] INFO  server.RaftServerConfigKeys (ConfUtils.java:logGet(43)) - raft.server.log.segment.size.max = 1048576 (custom)
2019-11-12 23:39:07,698 [pool-539-thread-1] INFO  server.RaftServerConfigKeys (ConfUtils.java:logGet(43)) - raft.server.log.preallocated.size = 16384 (custom)
2019-11-12 23:39:07,698 [pool-539-thread-1] INFO  server.RaftServerConfigKeys (ConfUtils.java:logGet(43)) - raft.server.log.write.buffer.size = 33554432 (custom)
2019-11-12 23:39:07,698 [pool-539-thread-1] INFO  server.RaftServerConfigKeys (ConfUtils.java:logGet(43)) - raft.server.log.force.sync.num = 128 (default)
2019-11-12 23:39:07,698 [pool-539-thread-1] INFO  server.RaftServerConfigKeys (ConfUtils.java:logGet(43)) - raft.server.log.statemachine.data.sync = true (default)
2019-11-12 23:39:07,698 [pool-539-thread-1] INFO  server.RaftServerConfigKeys (ConfUtils.java:logGet(43)) - raft.server.log.statemachine.data.sync.timeout = 10s (default)
2019-11-12 23:39:07,699 [pool-539-thread-1] INFO  server.RaftServerConfigKeys (ConfUtils.java:logGet(43)) - raft.server.log.statemachine.data.sync.timeout.retry = -1 (default)
2019-11-12 23:39:07,699 [pool-539-thread-1] INFO  server.RaftServerConfigKeys (ConfUtils.java:logGet(43)) - raft.server.log.statemachine.data.caching.enabled = true (custom)
2019-11-12 23:39:07,699 [pool-539-thread-1] INFO  segmented.SegmentedRaftLogWorker (SegmentedRaftLogWorker.java:lambda$new$0(128)) - 7c2b8f83-a523-49c2-afdc-9b713bfd472f@group-60212FBC3C2E-SegmentedRaftLogWorker: flushIndex: setUnconditionally 0 -> -1
2019-11-12 23:39:07,699 [pool-539-thread-1] INFO  server.RaftServerConfigKeys (ConfUtils.java:logGet(43)) - raft.server.snapshot.auto.trigger.enabled = true (custom)
2019-11-12 23:39:07,699 [pool-539-thread-1] INFO  server.RaftServerConfigKeys (ConfUtils.java:logGet(43)) - raft.server.snapshot.auto.trigger.threshold = 10000 (custom)
2019-11-12 23:39:07,699 [pool-539-thread-1] INFO  server.RaftServerConfigKeys (ConfUtils.java:logGet(43)) - raft.server.snapshot.retention.file.num = 5 (custom)
2019-11-12 23:39:07,700 [pool-539-thread-1] INFO  server.RaftServerConfigKeys (ConfUtils.java:logGet(43)) - raft.server.retrycache.expirytime = 600000ms (custom)
2019-11-12 23:39:07,700 [pool-539-thread-1] WARN  impl.MetricRegistriesImpl (MetricRegistriesImpl.java:lambda$create$1(61)) - First MetricRegistry has been created without registering reporters. You may need to call MetricRegistries.global().addReportRegistration(...) before.
2019-11-12 23:39:07,700 [pool-539-thread-1] WARN  impl.MetricRegistriesImpl (MetricRegistriesImpl.java:lambda$create$1(61)) - First MetricRegistry has been created without registering reporters. You may need to call MetricRegistries.global().addReportRegistration(...) before.
2019-11-12 23:39:07,700 [pool-539-thread-1] INFO  impl.RaftServerImpl (RaftServerImpl.java:start(184)) - 7c2b8f83-a523-49c2-afdc-9b713bfd472f@group-60212FBC3C2E: start as a follower, conf=-1: [7c2b8f83-a523-49c2-afdc-9b713bfd472f:192.168.164.236:43042], old=null
2019-11-12 23:39:07,700 [pool-539-thread-1] INFO  impl.RaftServerImpl (RaftServerImpl.java:setRole(173)) - 7c2b8f83-a523-49c2-afdc-9b713bfd472f@group-60212FBC3C2E: changes role from      null to FOLLOWER at term 0 for startAsFollower
2019-11-12 23:39:07,700 [pool-539-thread-1] INFO  impl.RoleInfo (RoleInfo.java:updateAndGet(143)) - 7c2b8f83-a523-49c2-afdc-9b713bfd472f: start FollowerState
2019-11-12 23:39:07,701 [pool-539-thread-1] INFO  util.JmxRegister (JmxRegister.java:tryRegister(44)) - Successfully registered JMX Bean with object name Ratis:service=RaftServer,group=group-60212FBC3C2E,id=7c2b8f83-a523-49c2-afdc-9b713bfd472f
2019-11-12 23:39:07,701 [pool-539-thread-1] WARN  impl.MetricRegistriesImpl (MetricRegistriesImpl.java:lambda$create$1(61)) - First MetricRegistry has been created without registering reporters. You may need to call MetricRegistries.global().addReportRegistration(...) before.
2019-11-12 23:39:07,702 [RatisPipelineUtilsThread] INFO  pipeline.PipelineStateManager (PipelineStateManager.java:addPipeline(55)) - Created pipeline Pipeline[ Id: 0c746560-e8b2-4423-bb79-60212fbc3c2e, Nodes: 7c2b8f83-a523-49c2-afdc-9b713bfd472f{ip: 192.168.164.236, host: pr-hdds-2375-hvwjp-2869937553, networkLocation: /rack1, certSerialId: null}, Type:RATIS, Factor:ONE, State:ALLOCATED]
2019-11-12 23:39:07,703 [Thread-3931] INFO  pipeline.PipelineStateManager (PipelineStateManager.java:finalizePipeline(121)) - Pipeline Pipeline[ Id: 422cf0a9-9439-4c64-afae-5207effdfac9, Nodes: 0cfa4e5a-af9b-49e5-b2c2-1a2dc6cf0616{ip: 192.168.164.236, host: pr-hdds-2375-hvwjp-2869937553, networkLocation: /rack1, certSerialId: null}, Type:RATIS, Factor:ONE, State:CLOSED] moved to CLOSED state
2019-11-12 23:39:07,705 [grpc-default-executor-7] INFO  impl.RaftServerProxy (RaftServerProxy.java:remove(95)) - 0cfa4e5a-af9b-49e5-b2c2-1a2dc6cf0616: remove    LEADER 0cfa4e5a-af9b-49e5-b2c2-1a2dc6cf0616@group-5207EFFDFAC9:t1, leader=0cfa4e5a-af9b-49e5-b2c2-1a2dc6cf0616, voted=0cfa4e5a-af9b-49e5-b2c2-1a2dc6cf0616, raftlog=0cfa4e5a-af9b-49e5-b2c2-1a2dc6cf0616@group-5207EFFDFAC9-SegmentedRaftLog:OPENED:c0,f0,i0, conf=0: [0cfa4e5a-af9b-49e5-b2c2-1a2dc6cf0616:192.168.164.236:41598], old=null RUNNING
2019-11-12 23:39:07,705 [grpc-default-executor-7] INFO  impl.RaftServerImpl (RaftServerImpl.java:lambda$shutdown$3(250)) - 0cfa4e5a-af9b-49e5-b2c2-1a2dc6cf0616@group-5207EFFDFAC9: shutdown
2019-11-12 23:39:07,705 [grpc-default-executor-7] INFO  util.JmxRegister (JmxRegister.java:unregister(73)) - Successfully un-registered JMX Bean with object name Ratis:service=RaftServer,group=group-5207EFFDFAC9,id=0cfa4e5a-af9b-49e5-b2c2-1a2dc6cf0616
2019-11-12 23:39:07,705 [grpc-default-executor-7] INFO  impl.RoleInfo (RoleInfo.java:shutdownLeaderState(104)) - 0cfa4e5a-af9b-49e5-b2c2-1a2dc6cf0616: shutdown LeaderState
2019-11-12 23:39:07,705 [grpc-default-executor-7] INFO  impl.PendingRequests (PendingRequests.java:sendNotLeaderResponses(206)) - 0cfa4e5a-af9b-49e5-b2c2-1a2dc6cf0616@group-5207EFFDFAC9-PendingRequests: sendNotLeaderResponses
2019-11-12 23:39:07,706 [grpc-default-executor-7] INFO  impl.StateMachineUpdater (StateMachineUpdater.java:stopAndJoin(136)) - 0cfa4e5a-af9b-49e5-b2c2-1a2dc6cf0616@group-5207EFFDFAC9-StateMachineUpdater: set stopIndex = 0
2019-11-12 23:39:07,706 [grpc-default-executor-7] INFO  impl.RaftServerImpl (ServerState.java:close(387)) - 0cfa4e5a-af9b-49e5-b2c2-1a2dc6cf0616@group-5207EFFDFAC9: closes. applyIndex: 0
2019-11-12 23:39:07,706 [0cfa4e5a-af9b-49e5-b2c2-1a2dc6cf0616@group-5207EFFDFAC9-SegmentedRaftLogWorker] INFO  segmented.SegmentedRaftLogWorker (SegmentedRaftLogWorker.java:run(316)) - 0cfa4e5a-af9b-49e5-b2c2-1a2dc6cf0616@group-5207EFFDFAC9-SegmentedRaftLogWorker was interrupted, exiting. There are 0 tasks remaining in the queue.
2019-11-12 23:39:07,706 [grpc-default-executor-7] INFO  segmented.SegmentedRaftLogWorker (SegmentedRaftLogWorker.java:close(224)) - 0cfa4e5a-af9b-49e5-b2c2-1a2dc6cf0616@group-5207EFFDFAC9-SegmentedRaftLogWorker close()
2019-11-12 23:39:07,711 [Thread-3931] INFO  pipeline.PipelineStateManager (PipelineStateManager.java:removePipeline(106)) - Pipeline Pipeline[ Id: 422cf0a9-9439-4c64-afae-5207effdfac9, Nodes: 0cfa4e5a-af9b-49e5-b2c2-1a2dc6cf0616{ip: 192.168.164.236, host: pr-hdds-2375-hvwjp-2869937553, networkLocation: /rack1, certSerialId: null}, Type:RATIS, Factor:ONE, State:CLOSED] removed from db
2019-11-12 23:39:07,711 [Thread-3931] INFO  pipeline.SCMPipelineManager (SCMPipelineManager.java:finalizeAndDestroyPipeline(315)) - destroying pipeline:Pipeline[ Id: 8cdc8555-2082-43e6-803f-b25351c4867c, Nodes: 98dbddad-cff4-4f87-9188-db1d76df9501{ip: 192.168.164.236, host: pr-hdds-2375-hvwjp-2869937553, networkLocation: /rack1, certSerialId: null}, Type:RATIS, Factor:ONE, State:OPEN]
2019-11-12 23:39:07,713 [grpc-default-executor-7] INFO  impl.RaftServerProxy (RaftServerProxy.java:addNew(89)) - 0cfa4e5a-af9b-49e5-b2c2-1a2dc6cf0616: addNew group-92A2B2584643:[0cfa4e5a-af9b-49e5-b2c2-1a2dc6cf0616:192.168.164.236:41598] returns group-92A2B2584643:java.util.concurrent.CompletableFuture@1515bb61[Not completed]
2019-11-12 23:39:07,714 [pool-569-thread-1] INFO  impl.RaftServerImpl (RaftServerImpl.java:<init>(98)) - 0cfa4e5a-af9b-49e5-b2c2-1a2dc6cf0616: new RaftServerImpl for group-92A2B2584643:[0cfa4e5a-af9b-49e5-b2c2-1a2dc6cf0616:192.168.164.236:41598] with ContainerStateMachine:uninitialized
2019-11-12 23:39:07,714 [pool-569-thread-1] INFO  server.RaftServerConfigKeys (ConfUtils.java:logGet(43)) - raft.server.rpc.timeout.min = 1s (custom)
2019-11-12 23:39:07,714 [pool-569-thread-1] INFO  server.RaftServerConfigKeys (ConfUtils.java:logGet(43)) - raft.server.rpc.timeout.max = 1200ms (custom)
2019-11-12 23:39:07,714 [pool-569-thread-1] INFO  server.RaftServerConfigKeys (ConfUtils.java:logGet(43)) - raft.server.rpcslowness.timeout = 120s (custom)
2019-11-12 23:39:07,714 [pool-569-thread-1] INFO  server.RaftServerConfigKeys (ConfUtils.java:logGet(43)) - raft.server.sleep.deviation.threshold = 300 (default)
2019-11-12 23:39:07,714 [pool-569-thread-1] INFO  server.RaftServerConfigKeys (ConfUtils.java:logGet(43)) - raft.server.log.appender.install.snapshot.enabled = false (custom)
2019-11-12 23:39:07,714 [pool-569-thread-1] INFO  impl.RaftServerImpl (ServerState.java:<init>(103)) - 0cfa4e5a-af9b-49e5-b2c2-1a2dc6cf0616@group-92A2B2584643: ConfigurationManager, init=-1: [0cfa4e5a-af9b-49e5-b2c2-1a2dc6cf0616:192.168.164.236:41598], old=null, confs=<EMPTY_MAP>
2019-11-12 23:39:07,714 [pool-569-thread-1] INFO  server.RaftServerConfigKeys (ConfUtils.java:logGet(43)) - raft.server.storage.dir = [/workdir/hadoop-ozone/integration-test/target/test-dir/MiniOzoneClusterImpl-af41d755-250d-41c0-9b7d-b62086ffbdd4/datanode-6/data/ratis] (custom)
2019-11-12 23:39:07,715 [pool-569-thread-1] INFO  server.RaftServerConfigKeys (ConfUtils.java:logGet(43)) - raft.server.log.corruption.policy = EXCEPTION (default)
2019-11-12 23:39:07,715 [pool-569-thread-1] INFO  storage.RaftStorageDirectory (RaftStorageDirectory.java:analyzeStorage(246)) - The storage directory /workdir/hadoop-ozone/integration-test/target/test-dir/MiniOzoneClusterImpl-af41d755-250d-41c0-9b7d-b62086ffbdd4/datanode-6/data/ratis/48029057-e8e2-479d-a130-92a2b2584643 does not exist. Creating ...
2019-11-12 23:39:07,718 [pool-569-thread-1] INFO  storage.RaftStorageDirectory (RaftStorageDirectory.java:tryLock(328)) - Lock on /workdir/hadoop-ozone/integration-test/target/test-dir/MiniOzoneClusterImpl-af41d755-250d-41c0-9b7d-b62086ffbdd4/datanode-6/data/ratis/48029057-e8e2-479d-a130-92a2b2584643/in_use.lock acquired by nodename 11492@pr-hdds-2375-hvwjp-2869937553
2019-11-12 23:39:07,722 [pool-569-thread-1] INFO  storage.RaftStorage (RaftStorage.java:format(84)) - Storage directory /workdir/hadoop-ozone/integration-test/target/test-dir/MiniOzoneClusterImpl-af41d755-250d-41c0-9b7d-b62086ffbdd4/datanode-6/data/ratis/48029057-e8e2-479d-a130-92a2b2584643 has been successfully formatted.
2019-11-12 23:39:07,722 [pool-569-thread-1] INFO  ratis.ContainerStateMachine (ContainerStateMachine.java:loadSnapshot(223)) - group-92A2B2584643: The snapshot info is null. Setting the last applied indexto:(t:0, i:~)
2019-11-12 23:39:07,722 [pool-569-thread-1] INFO  server.RaftServerConfigKeys (ConfUtils.java:logGet(43)) - raft.server.notification.no-leader.timeout = 120s (custom)
2019-11-12 23:39:07,722 [pool-569-thread-1] INFO  server.RaftServerConfigKeys (ConfUtils.java:logGet(43)) - raft.server.log.use.memory = false (default)
2019-11-12 23:39:07,722 [pool-569-thread-1] INFO  server.RaftServerConfigKeys (ConfUtils.java:logGet(43)) - raft.server.log.purge.gap = 1000000 (custom)
2019-11-12 23:39:07,722 [pool-569-thread-1] INFO  server.RaftServerConfigKeys (ConfUtils.java:logGet(43)) - raft.server.log.appender.buffer.byte-limit = 33554432 (custom)
2019-11-12 23:39:07,722 [pool-569-thread-1] INFO  server.RaftServerConfigKeys (ConfUtils.java:logGet(43)) - raft.server.log.segment.size.max = 1048576 (custom)
2019-11-12 23:39:07,722 [pool-569-thread-1] INFO  server.RaftServerConfigKeys (ConfUtils.java:logGet(43)) - raft.server.log.segment.cache.num.max = 2 (custom)
2019-11-12 23:39:07,722 [pool-569-thread-1] INFO  segmented.SegmentedRaftLogWorker (SegmentedRaftLogWorker.java:<init>(173)) - new 0cfa4e5a-af9b-49e5-b2c2-1a2dc6cf0616@group-92A2B2584643-SegmentedRaftLogWorker for RaftStorage:Storage Directory /workdir/hadoop-ozone/integration-test/target/test-dir/MiniOzoneClusterImpl-af41d755-250d-41c0-9b7d-b62086ffbdd4/datanode-6/data/ratis/48029057-e8e2-479d-a130-92a2b2584643
2019-11-12 23:39:07,722 [pool-569-thread-1] INFO  server.RaftServerConfigKeys (ConfUtils.java:logGet(43)) - raft.server.log.queue.byte-limit = 2147483647 (custom)
2019-11-12 23:39:07,723 [pool-569-thread-1] INFO  server.RaftServerConfigKeys (ConfUtils.java:logGet(43)) - raft.server.log.queue.element-limit = 1024 (custom)
2019-11-12 23:39:07,723 [pool-569-thread-1] INFO  server.RaftServerConfigKeys (ConfUtils.java:logGet(43)) - raft.server.log.segment.size.max = 1048576 (custom)
2019-11-12 23:39:07,723 [pool-569-thread-1] INFO  server.RaftServerConfigKeys (ConfUtils.java:logGet(43)) - raft.server.log.preallocated.size = 16384 (custom)
2019-11-12 23:39:07,723 [pool-569-thread-1] INFO  server.RaftServerConfigKeys (ConfUtils.java:logGet(43)) - raft.server.log.write.buffer.size = 33554432 (custom)
2019-11-12 23:39:07,723 [pool-569-thread-1] INFO  server.RaftServerConfigKeys (ConfUtils.java:logGet(43)) - raft.server.log.force.sync.num = 128 (default)
2019-11-12 23:39:07,723 [pool-569-thread-1] INFO  server.RaftServerConfigKeys (ConfUtils.java:logGet(43)) - raft.server.log.statemachine.data.sync = true (default)
2019-11-12 23:39:07,723 [pool-569-thread-1] INFO  server.RaftServerConfigKeys (ConfUtils.java:logGet(43)) - raft.server.log.statemachine.data.sync.timeout = 10s (default)
2019-11-12 23:39:07,723 [pool-569-thread-1] INFO  server.RaftServerConfigKeys (ConfUtils.java:logGet(43)) - raft.server.log.statemachine.data.sync.timeout.retry = -1 (default)
2019-11-12 23:39:07,723 [pool-569-thread-1] INFO  server.RaftServerConfigKeys (ConfUtils.java:logGet(43)) - raft.server.log.statemachine.data.caching.enabled = true (custom)
2019-11-12 23:39:07,723 [pool-569-thread-1] INFO  segmented.SegmentedRaftLogWorker (SegmentedRaftLogWorker.java:lambda$new$0(128)) - 0cfa4e5a-af9b-49e5-b2c2-1a2dc6cf0616@group-92A2B2584643-SegmentedRaftLogWorker: flushIndex: setUnconditionally 0 -> -1
2019-11-12 23:39:07,724 [pool-569-thread-1] INFO  server.RaftServerConfigKeys (ConfUtils.java:logGet(43)) - raft.server.snapshot.auto.trigger.enabled = true (custom)
2019-11-12 23:39:07,724 [pool-569-thread-1] INFO  server.RaftServerConfigKeys (ConfUtils.java:logGet(43)) - raft.server.snapshot.auto.trigger.threshold = 10000 (custom)
2019-11-12 23:39:07,724 [pool-569-thread-1] INFO  server.RaftServerConfigKeys (ConfUtils.java:logGet(43)) - raft.server.snapshot.retention.file.num = 5 (custom)
2019-11-12 23:39:07,724 [pool-569-thread-1] INFO  server.RaftServerConfigKeys (ConfUtils.java:logGet(43)) - raft.server.retrycache.expirytime = 600000ms (custom)
2019-11-12 23:39:07,724 [pool-569-thread-1] WARN  impl.MetricRegistriesImpl (MetricRegistriesImpl.java:lambda$create$1(61)) - First MetricRegistry has been created without registering reporters. You may need to call MetricRegistries.global().addReportRegistration(...) before.
2019-11-12 23:39:07,724 [pool-569-thread-1] WARN  impl.MetricRegistriesImpl (MetricRegistriesImpl.java:lambda$create$1(61)) - First MetricRegistry has been created without registering reporters. You may need to call MetricRegistries.global().addReportRegistration(...) before.
2019-11-12 23:39:07,724 [pool-569-thread-1] INFO  impl.RaftServerImpl (RaftServerImpl.java:start(184)) - 0cfa4e5a-af9b-49e5-b2c2-1a2dc6cf0616@group-92A2B2584643: start as a follower, conf=-1: [0cfa4e5a-af9b-49e5-b2c2-1a2dc6cf0616:192.168.164.236:41598], old=null
2019-11-12 23:39:07,724 [pool-569-thread-1] INFO  impl.RaftServerImpl (RaftServerImpl.java:setRole(173)) - 0cfa4e5a-af9b-49e5-b2c2-1a2dc6cf0616@group-92A2B2584643: changes role from      null to FOLLOWER at term 0 for startAsFollower
2019-11-12 23:39:07,725 [pool-569-thread-1] INFO  impl.RoleInfo (RoleInfo.java:updateAndGet(143)) - 0cfa4e5a-af9b-49e5-b2c2-1a2dc6cf0616: start FollowerState
2019-11-12 23:39:07,725 [pool-569-thread-1] INFO  util.JmxRegister (JmxRegister.java:tryRegister(44)) - Successfully registered JMX Bean with object name Ratis:service=RaftServer,group=group-92A2B2584643,id=0cfa4e5a-af9b-49e5-b2c2-1a2dc6cf0616
2019-11-12 23:39:07,725 [pool-569-thread-1] WARN  impl.MetricRegistriesImpl (MetricRegistriesImpl.java:lambda$create$1(61)) - First MetricRegistry has been created without registering reporters. You may need to call MetricRegistries.global().addReportRegistration(...) before.
2019-11-12 23:39:07,726 [RatisPipelineUtilsThread] INFO  pipeline.PipelineStateManager (PipelineStateManager.java:addPipeline(55)) - Created pipeline Pipeline[ Id: 48029057-e8e2-479d-a130-92a2b2584643, Nodes: 0cfa4e5a-af9b-49e5-b2c2-1a2dc6cf0616{ip: 192.168.164.236, host: pr-hdds-2375-hvwjp-2869937553, networkLocation: /rack1, certSerialId: null}, Type:RATIS, Factor:ONE, State:ALLOCATED]
2019-11-12 23:39:07,727 [Thread-3931] INFO  pipeline.PipelineStateManager (PipelineStateManager.java:finalizePipeline(121)) - Pipeline Pipeline[ Id: 8cdc8555-2082-43e6-803f-b25351c4867c, Nodes: 98dbddad-cff4-4f87-9188-db1d76df9501{ip: 192.168.164.236, host: pr-hdds-2375-hvwjp-2869937553, networkLocation: /rack1, certSerialId: null}, Type:RATIS, Factor:ONE, State:CLOSED] moved to CLOSED state
2019-11-12 23:39:07,729 [grpc-default-executor-7] INFO  impl.RaftServerProxy (RaftServerProxy.java:remove(95)) - 98dbddad-cff4-4f87-9188-db1d76df9501: remove    LEADER 98dbddad-cff4-4f87-9188-db1d76df9501@group-B25351C4867C:t1, leader=98dbddad-cff4-4f87-9188-db1d76df9501, voted=98dbddad-cff4-4f87-9188-db1d76df9501, raftlog=98dbddad-cff4-4f87-9188-db1d76df9501@group-B25351C4867C-SegmentedRaftLog:OPENED:c0,f0,i0, conf=0: [98dbddad-cff4-4f87-9188-db1d76df9501:192.168.164.236:45282], old=null RUNNING
2019-11-12 23:39:07,729 [grpc-default-executor-7] INFO  impl.RaftServerImpl (RaftServerImpl.java:lambda$shutdown$3(250)) - 98dbddad-cff4-4f87-9188-db1d76df9501@group-B25351C4867C: shutdown
2019-11-12 23:39:07,729 [grpc-default-executor-7] INFO  util.JmxRegister (JmxRegister.java:unregister(73)) - Successfully un-registered JMX Bean with object name Ratis:service=RaftServer,group=group-B25351C4867C,id=98dbddad-cff4-4f87-9188-db1d76df9501
2019-11-12 23:39:07,729 [grpc-default-executor-7] INFO  impl.RoleInfo (RoleInfo.java:shutdownLeaderState(104)) - 98dbddad-cff4-4f87-9188-db1d76df9501: shutdown LeaderState
2019-11-12 23:39:07,729 [grpc-default-executor-7] INFO  impl.PendingRequests (PendingRequests.java:sendNotLeaderResponses(206)) - 98dbddad-cff4-4f87-9188-db1d76df9501@group-B25351C4867C-PendingRequests: sendNotLeaderResponses
2019-11-12 23:39:07,730 [grpc-default-executor-7] INFO  impl.StateMachineUpdater (StateMachineUpdater.java:stopAndJoin(136)) - 98dbddad-cff4-4f87-9188-db1d76df9501@group-B25351C4867C-StateMachineUpdater: set stopIndex = 0
2019-11-12 23:39:07,730 [grpc-default-executor-7] INFO  impl.RaftServerImpl (ServerState.java:close(387)) - 98dbddad-cff4-4f87-9188-db1d76df9501@group-B25351C4867C: closes. applyIndex: 0
2019-11-12 23:39:07,730 [98dbddad-cff4-4f87-9188-db1d76df9501@group-B25351C4867C-SegmentedRaftLogWorker] INFO  segmented.SegmentedRaftLogWorker (SegmentedRaftLogWorker.java:run(316)) - 98dbddad-cff4-4f87-9188-db1d76df9501@group-B25351C4867C-SegmentedRaftLogWorker was interrupted, exiting. There are 0 tasks remaining in the queue.
2019-11-12 23:39:07,730 [grpc-default-executor-7] INFO  segmented.SegmentedRaftLogWorker (SegmentedRaftLogWorker.java:close(224)) - 98dbddad-cff4-4f87-9188-db1d76df9501@group-B25351C4867C-SegmentedRaftLogWorker close()
2019-11-12 23:39:07,734 [Thread-3931] INFO  pipeline.PipelineStateManager (PipelineStateManager.java:removePipeline(106)) - Pipeline Pipeline[ Id: 8cdc8555-2082-43e6-803f-b25351c4867c, Nodes: 98dbddad-cff4-4f87-9188-db1d76df9501{ip: 192.168.164.236, host: pr-hdds-2375-hvwjp-2869937553, networkLocation: /rack1, certSerialId: null}, Type:RATIS, Factor:ONE, State:CLOSED] removed from db
2019-11-12 23:39:07,735 [Thread-3931] INFO  pipeline.SCMPipelineManager (SCMPipelineManager.java:finalizeAndDestroyPipeline(315)) - destroying pipeline:Pipeline[ Id: 52737557-58d9-4943-94d3-38b0bed17646, Nodes: 568551cc-7cda-4cdf-9ff0-2cea755fc381{ip: 192.168.164.236, host: pr-hdds-2375-hvwjp-2869937553, networkLocation: /rack1, certSerialId: null}, Type:RATIS, Factor:ONE, State:OPEN]
2019-11-12 23:39:07,737 [grpc-default-executor-7] INFO  impl.RaftServerProxy (RaftServerProxy.java:addNew(89)) - 98dbddad-cff4-4f87-9188-db1d76df9501: addNew group-662806A6C9CE:[98dbddad-cff4-4f87-9188-db1d76df9501:192.168.164.236:45282] returns group-662806A6C9CE:java.util.concurrent.CompletableFuture@3f87428[Not completed]
2019-11-12 23:39:07,737 [pool-529-thread-1] INFO  impl.RaftServerImpl (RaftServerImpl.java:<init>(98)) - 98dbddad-cff4-4f87-9188-db1d76df9501: new RaftServerImpl for group-662806A6C9CE:[98dbddad-cff4-4f87-9188-db1d76df9501:192.168.164.236:45282] with ContainerStateMachine:uninitialized
2019-11-12 23:39:07,738 [pool-529-thread-1] INFO  server.RaftServerConfigKeys (ConfUtils.java:logGet(43)) - raft.server.rpc.timeout.min = 1s (custom)
2019-11-12 23:39:07,738 [pool-529-thread-1] INFO  server.RaftServerConfigKeys (ConfUtils.java:logGet(43)) - raft.server.rpc.timeout.max = 1200ms (custom)
2019-11-12 23:39:07,738 [pool-529-thread-1] INFO  server.RaftServerConfigKeys (ConfUtils.java:logGet(43)) - raft.server.rpcslowness.timeout = 120s (custom)
2019-11-12 23:39:07,738 [pool-529-thread-1] INFO  server.RaftServerConfigKeys (ConfUtils.java:logGet(43)) - raft.server.sleep.deviation.threshold = 300 (default)
2019-11-12 23:39:07,738 [pool-529-thread-1] INFO  server.RaftServerConfigKeys (ConfUtils.java:logGet(43)) - raft.server.log.appender.install.snapshot.enabled = false (custom)
2019-11-12 23:39:07,738 [pool-529-thread-1] INFO  impl.RaftServerImpl (ServerState.java:<init>(103)) - 98dbddad-cff4-4f87-9188-db1d76df9501@group-662806A6C9CE: ConfigurationManager, init=-1: [98dbddad-cff4-4f87-9188-db1d76df9501:192.168.164.236:45282], old=null, confs=<EMPTY_MAP>
2019-11-12 23:39:07,738 [pool-529-thread-1] INFO  server.RaftServerConfigKeys (ConfUtils.java:logGet(43)) - raft.server.storage.dir = [/workdir/hadoop-ozone/integration-test/target/test-dir/MiniOzoneClusterImpl-af41d755-250d-41c0-9b7d-b62086ffbdd4/datanode-2/data/ratis] (custom)
2019-11-12 23:39:07,738 [pool-529-thread-1] INFO  server.RaftServerConfigKeys (ConfUtils.java:logGet(43)) - raft.server.log.corruption.policy = EXCEPTION (default)
2019-11-12 23:39:07,739 [pool-529-thread-1] INFO  storage.RaftStorageDirectory (RaftStorageDirectory.java:analyzeStorage(246)) - The storage directory /workdir/hadoop-ozone/integration-test/target/test-dir/MiniOzoneClusterImpl-af41d755-250d-41c0-9b7d-b62086ffbdd4/datanode-2/data/ratis/acb54b3f-db42-45bc-a3ca-662806a6c9ce does not exist. Creating ...
2019-11-12 23:39:07,745 [pool-529-thread-1] INFO  storage.RaftStorageDirectory (RaftStorageDirectory.java:tryLock(328)) - Lock on /workdir/hadoop-ozone/integration-test/target/test-dir/MiniOzoneClusterImpl-af41d755-250d-41c0-9b7d-b62086ffbdd4/datanode-2/data/ratis/acb54b3f-db42-45bc-a3ca-662806a6c9ce/in_use.lock acquired by nodename 11492@pr-hdds-2375-hvwjp-2869937553
2019-11-12 23:39:07,759 [pool-529-thread-1] INFO  storage.RaftStorage (RaftStorage.java:format(84)) - Storage directory /workdir/hadoop-ozone/integration-test/target/test-dir/MiniOzoneClusterImpl-af41d755-250d-41c0-9b7d-b62086ffbdd4/datanode-2/data/ratis/acb54b3f-db42-45bc-a3ca-662806a6c9ce has been successfully formatted.
2019-11-12 23:39:07,759 [pool-529-thread-1] INFO  ratis.ContainerStateMachine (ContainerStateMachine.java:loadSnapshot(223)) - group-662806A6C9CE: The snapshot info is null. Setting the last applied indexto:(t:0, i:~)
2019-11-12 23:39:07,759 [pool-529-thread-1] INFO  server.RaftServerConfigKeys (ConfUtils.java:logGet(43)) - raft.server.notification.no-leader.timeout = 120s (custom)
2019-11-12 23:39:07,759 [pool-529-thread-1] INFO  server.RaftServerConfigKeys (ConfUtils.java:logGet(43)) - raft.server.log.use.memory = false (default)
2019-11-12 23:39:07,760 [pool-529-thread-1] INFO  server.RaftServerConfigKeys (ConfUtils.java:logGet(43)) - raft.server.log.purge.gap = 1000000 (custom)
2019-11-12 23:39:07,760 [pool-529-thread-1] INFO  server.RaftServerConfigKeys (ConfUtils.java:logGet(43)) - raft.server.log.appender.buffer.byte-limit = 33554432 (custom)
2019-11-12 23:39:07,760 [pool-529-thread-1] INFO  server.RaftServerConfigKeys (ConfUtils.java:logGet(43)) - raft.server.log.segment.size.max = 1048576 (custom)
2019-11-12 23:39:07,760 [pool-529-thread-1] INFO  server.RaftServerConfigKeys (ConfUtils.java:logGet(43)) - raft.server.log.segment.cache.num.max = 2 (custom)
2019-11-12 23:39:07,760 [pool-529-thread-1] INFO  segmented.SegmentedRaftLogWorker (SegmentedRaftLogWorker.java:<init>(173)) - new 98dbddad-cff4-4f87-9188-db1d76df9501@group-662806A6C9CE-SegmentedRaftLogWorker for RaftStorage:Storage Directory /workdir/hadoop-ozone/integration-test/target/test-dir/MiniOzoneClusterImpl-af41d755-250d-41c0-9b7d-b62086ffbdd4/datanode-2/data/ratis/acb54b3f-db42-45bc-a3ca-662806a6c9ce
2019-11-12 23:39:07,760 [pool-529-thread-1] INFO  server.RaftServerConfigKeys (ConfUtils.java:logGet(43)) - raft.server.log.queue.byte-limit = 2147483647 (custom)
2019-11-12 23:39:07,760 [pool-529-thread-1] INFO  server.RaftServerConfigKeys (ConfUtils.java:logGet(43)) - raft.server.log.queue.element-limit = 1024 (custom)
2019-11-12 23:39:07,760 [pool-529-thread-1] INFO  server.RaftServerConfigKeys (ConfUtils.java:logGet(43)) - raft.server.log.segment.size.max = 1048576 (custom)
2019-11-12 23:39:07,760 [pool-529-thread-1] INFO  server.RaftServerConfigKeys (ConfUtils.java:logGet(43)) - raft.server.log.preallocated.size = 16384 (custom)
2019-11-12 23:39:07,760 [pool-529-thread-1] INFO  server.RaftServerConfigKeys (ConfUtils.java:logGet(43)) - raft.server.log.write.buffer.size = 33554432 (custom)
2019-11-12 23:39:07,760 [pool-529-thread-1] INFO  server.RaftServerConfigKeys (ConfUtils.java:logGet(43)) - raft.server.log.force.sync.num = 128 (default)
2019-11-12 23:39:07,761 [pool-529-thread-1] INFO  server.RaftServerConfigKeys (ConfUtils.java:logGet(43)) - raft.server.log.statemachine.data.sync = true (default)
2019-11-12 23:39:07,761 [pool-529-thread-1] INFO  server.RaftServerConfigKeys (ConfUtils.java:logGet(43)) - raft.server.log.statemachine.data.sync.timeout = 10s (default)
2019-11-12 23:39:07,761 [pool-529-thread-1] INFO  server.RaftServerConfigKeys (ConfUtils.java:logGet(43)) - raft.server.log.statemachine.data.sync.timeout.retry = -1 (default)
2019-11-12 23:39:07,761 [pool-529-thread-1] INFO  server.RaftServerConfigKeys (ConfUtils.java:logGet(43)) - raft.server.log.statemachine.data.caching.enabled = true (custom)
2019-11-12 23:39:07,761 [pool-529-thread-1] INFO  segmented.SegmentedRaftLogWorker (SegmentedRaftLogWorker.java:lambda$new$0(128)) - 98dbddad-cff4-4f87-9188-db1d76df9501@group-662806A6C9CE-SegmentedRaftLogWorker: flushIndex: setUnconditionally 0 -> -1
2019-11-12 23:39:07,761 [pool-529-thread-1] INFO  server.RaftServerConfigKeys (ConfUtils.java:logGet(43)) - raft.server.snapshot.auto.trigger.enabled = true (custom)
2019-11-12 23:39:07,761 [pool-529-thread-1] INFO  server.RaftServerConfigKeys (ConfUtils.java:logGet(43)) - raft.server.snapshot.auto.trigger.threshold = 10000 (custom)
2019-11-12 23:39:07,762 [pool-529-thread-1] INFO  server.RaftServerConfigKeys (ConfUtils.java:logGet(43)) - raft.server.snapshot.retention.file.num = 5 (custom)
2019-11-12 23:39:07,762 [pool-529-thread-1] INFO  server.RaftServerConfigKeys (ConfUtils.java:logGet(43)) - raft.server.retrycache.expirytime = 600000ms (custom)
2019-11-12 23:39:07,762 [pool-529-thread-1] WARN  impl.MetricRegistriesImpl (MetricRegistriesImpl.java:lambda$create$1(61)) - First MetricRegistry has been created without registering reporters. You may need to call MetricRegistries.global().addReportRegistration(...) before.
2019-11-12 23:39:07,762 [pool-529-thread-1] WARN  impl.MetricRegistriesImpl (MetricRegistriesImpl.java:lambda$create$1(61)) - First MetricRegistry has been created without registering reporters. You may need to call MetricRegistries.global().addReportRegistration(...) before.
2019-11-12 23:39:07,762 [pool-529-thread-1] INFO  impl.RaftServerImpl (RaftServerImpl.java:start(184)) - 98dbddad-cff4-4f87-9188-db1d76df9501@group-662806A6C9CE: start as a follower, conf=-1: [98dbddad-cff4-4f87-9188-db1d76df9501:192.168.164.236:45282], old=null
2019-11-12 23:39:07,762 [pool-529-thread-1] INFO  impl.RaftServerImpl (RaftServerImpl.java:setRole(173)) - 98dbddad-cff4-4f87-9188-db1d76df9501@group-662806A6C9CE: changes role from      null to FOLLOWER at term 0 for startAsFollower
2019-11-12 23:39:07,762 [pool-529-thread-1] INFO  impl.RoleInfo (RoleInfo.java:updateAndGet(143)) - 98dbddad-cff4-4f87-9188-db1d76df9501: start FollowerState
2019-11-12 23:39:07,763 [pool-529-thread-1] INFO  util.JmxRegister (JmxRegister.java:tryRegister(44)) - Successfully registered JMX Bean with object name Ratis:service=RaftServer,group=group-662806A6C9CE,id=98dbddad-cff4-4f87-9188-db1d76df9501
2019-11-12 23:39:07,763 [pool-529-thread-1] WARN  impl.MetricRegistriesImpl (MetricRegistriesImpl.java:lambda$create$1(61)) - First MetricRegistry has been created without registering reporters. You may need to call MetricRegistries.global().addReportRegistration(...) before.
2019-11-12 23:39:07,764 [RatisPipelineUtilsThread] INFO  pipeline.PipelineStateManager (PipelineStateManager.java:addPipeline(55)) - Created pipeline Pipeline[ Id: acb54b3f-db42-45bc-a3ca-662806a6c9ce, Nodes: 98dbddad-cff4-4f87-9188-db1d76df9501{ip: 192.168.164.236, host: pr-hdds-2375-hvwjp-2869937553, networkLocation: /rack1, certSerialId: null}, Type:RATIS, Factor:ONE, State:ALLOCATED]
2019-11-12 23:39:07,765 [Thread-3931] INFO  pipeline.PipelineStateManager (PipelineStateManager.java:finalizePipeline(121)) - Pipeline Pipeline[ Id: 52737557-58d9-4943-94d3-38b0bed17646, Nodes: 568551cc-7cda-4cdf-9ff0-2cea755fc381{ip: 192.168.164.236, host: pr-hdds-2375-hvwjp-2869937553, networkLocation: /rack1, certSerialId: null}, Type:RATIS, Factor:ONE, State:CLOSED] moved to CLOSED state
2019-11-12 23:39:07,767 [grpc-default-executor-7] INFO  impl.RaftServerProxy (RaftServerProxy.java:remove(95)) - 568551cc-7cda-4cdf-9ff0-2cea755fc381: remove    LEADER 568551cc-7cda-4cdf-9ff0-2cea755fc381@group-38B0BED17646:t1, leader=568551cc-7cda-4cdf-9ff0-2cea755fc381, voted=568551cc-7cda-4cdf-9ff0-2cea755fc381, raftlog=568551cc-7cda-4cdf-9ff0-2cea755fc381@group-38B0BED17646-SegmentedRaftLog:OPENED:c0,f0,i0, conf=0: [568551cc-7cda-4cdf-9ff0-2cea755fc381:192.168.164.236:38434], old=null RUNNING
2019-11-12 23:39:07,767 [grpc-default-executor-7] INFO  impl.RaftServerImpl (RaftServerImpl.java:lambda$shutdown$3(250)) - 568551cc-7cda-4cdf-9ff0-2cea755fc381@group-38B0BED17646: shutdown
2019-11-12 23:39:07,767 [grpc-default-executor-7] INFO  util.JmxRegister (JmxRegister.java:unregister(73)) - Successfully un-registered JMX Bean with object name Ratis:service=RaftServer,group=group-38B0BED17646,id=568551cc-7cda-4cdf-9ff0-2cea755fc381
2019-11-12 23:39:07,767 [grpc-default-executor-7] INFO  impl.RoleInfo (RoleInfo.java:shutdownLeaderState(104)) - 568551cc-7cda-4cdf-9ff0-2cea755fc381: shutdown LeaderState
2019-11-12 23:39:07,768 [grpc-default-executor-7] INFO  impl.PendingRequests (PendingRequests.java:sendNotLeaderResponses(206)) - 568551cc-7cda-4cdf-9ff0-2cea755fc381@group-38B0BED17646-PendingRequests: sendNotLeaderResponses
2019-11-12 23:39:07,768 [grpc-default-executor-7] INFO  impl.StateMachineUpdater (StateMachineUpdater.java:stopAndJoin(136)) - 568551cc-7cda-4cdf-9ff0-2cea755fc381@group-38B0BED17646-StateMachineUpdater: set stopIndex = 0
2019-11-12 23:39:07,768 [grpc-default-executor-7] INFO  impl.RaftServerImpl (ServerState.java:close(387)) - 568551cc-7cda-4cdf-9ff0-2cea755fc381@group-38B0BED17646: closes. applyIndex: 0
2019-11-12 23:39:07,768 [568551cc-7cda-4cdf-9ff0-2cea755fc381@group-38B0BED17646-SegmentedRaftLogWorker] INFO  segmented.SegmentedRaftLogWorker (SegmentedRaftLogWorker.java:run(316)) - 568551cc-7cda-4cdf-9ff0-2cea755fc381@group-38B0BED17646-SegmentedRaftLogWorker was interrupted, exiting. There are 0 tasks remaining in the queue.
2019-11-12 23:39:07,768 [grpc-default-executor-7] INFO  segmented.SegmentedRaftLogWorker (SegmentedRaftLogWorker.java:close(224)) - 568551cc-7cda-4cdf-9ff0-2cea755fc381@group-38B0BED17646-SegmentedRaftLogWorker close()
2019-11-12 23:39:07,773 [Thread-3931] INFO  pipeline.PipelineStateManager (PipelineStateManager.java:removePipeline(106)) - Pipeline Pipeline[ Id: 52737557-58d9-4943-94d3-38b0bed17646, Nodes: 568551cc-7cda-4cdf-9ff0-2cea755fc381{ip: 192.168.164.236, host: pr-hdds-2375-hvwjp-2869937553, networkLocation: /rack1, certSerialId: null}, Type:RATIS, Factor:ONE, State:CLOSED] removed from db
2019-11-12 23:39:07,773 [Thread-3931] INFO  pipeline.SCMPipelineManager (SCMPipelineManager.java:finalizeAndDestroyPipeline(315)) - destroying pipeline:Pipeline[ Id: 6d7e9d7f-7b1f-40bf-9971-79031bff9747, Nodes: 2cdd6ea3-e978-43ee-a05f-f9ece739edb4{ip: 192.168.164.236, host: pr-hdds-2375-hvwjp-2869937553, networkLocation: /rack1, certSerialId: null}0cfa4e5a-af9b-49e5-b2c2-1a2dc6cf0616{ip: 192.168.164.236, host: pr-hdds-2375-hvwjp-2869937553, networkLocation: /rack1, certSerialId: null}bf4ebe41-a6c2-4458-a321-fc167af3521b{ip: 192.168.164.236, host: pr-hdds-2375-hvwjp-2869937553, networkLocation: /rack1, certSerialId: null}, Type:RATIS, Factor:THREE, State:OPEN]
2019-11-12 23:39:07,784 [grpc-default-executor-7] INFO  impl.RaftServerProxy (RaftServerProxy.java:addNew(89)) - 568551cc-7cda-4cdf-9ff0-2cea755fc381: addNew group-C5C4C1D6B5CF:[568551cc-7cda-4cdf-9ff0-2cea755fc381:192.168.164.236:38434] returns group-C5C4C1D6B5CF:java.util.concurrent.CompletableFuture@71838dee[Not completed]
2019-11-12 23:39:07,785 [pool-549-thread-1] INFO  impl.RaftServerImpl (RaftServerImpl.java:<init>(98)) - 568551cc-7cda-4cdf-9ff0-2cea755fc381: new RaftServerImpl for group-C5C4C1D6B5CF:[568551cc-7cda-4cdf-9ff0-2cea755fc381:192.168.164.236:38434] with ContainerStateMachine:uninitialized
2019-11-12 23:39:07,785 [pool-549-thread-1] INFO  server.RaftServerConfigKeys (ConfUtils.java:logGet(43)) - raft.server.rpc.timeout.min = 1s (custom)
2019-11-12 23:39:07,785 [pool-549-thread-1] INFO  server.RaftServerConfigKeys (ConfUtils.java:logGet(43)) - raft.server.rpc.timeout.max = 1200ms (custom)
2019-11-12 23:39:07,786 [pool-549-thread-1] INFO  server.RaftServerConfigKeys (ConfUtils.java:logGet(43)) - raft.server.rpcslowness.timeout = 120s (custom)
2019-11-12 23:39:07,786 [pool-549-thread-1] INFO  server.RaftServerConfigKeys (ConfUtils.java:logGet(43)) - raft.server.sleep.deviation.threshold = 300 (default)
2019-11-12 23:39:07,786 [pool-549-thread-1] INFO  server.RaftServerConfigKeys (ConfUtils.java:logGet(43)) - raft.server.log.appender.install.snapshot.enabled = false (custom)
2019-11-12 23:39:07,786 [pool-549-thread-1] INFO  impl.RaftServerImpl (ServerState.java:<init>(103)) - 568551cc-7cda-4cdf-9ff0-2cea755fc381@group-C5C4C1D6B5CF: ConfigurationManager, init=-1: [568551cc-7cda-4cdf-9ff0-2cea755fc381:192.168.164.236:38434], old=null, confs=<EMPTY_MAP>
2019-11-12 23:39:07,786 [pool-549-thread-1] INFO  server.RaftServerConfigKeys (ConfUtils.java:logGet(43)) - raft.server.storage.dir = [/workdir/hadoop-ozone/integration-test/target/test-dir/MiniOzoneClusterImpl-af41d755-250d-41c0-9b7d-b62086ffbdd4/datanode-4/data/ratis] (custom)
2019-11-12 23:39:07,786 [pool-549-thread-1] INFO  server.RaftServerConfigKeys (ConfUtils.java:logGet(43)) - raft.server.log.corruption.policy = EXCEPTION (default)
2019-11-12 23:39:07,786 [pool-549-thread-1] INFO  storage.RaftStorageDirectory (RaftStorageDirectory.java:analyzeStorage(246)) - The storage directory /workdir/hadoop-ozone/integration-test/target/test-dir/MiniOzoneClusterImpl-af41d755-250d-41c0-9b7d-b62086ffbdd4/datanode-4/data/ratis/2d816cc9-fc9a-45e9-ab35-c5c4c1d6b5cf does not exist. Creating ...
2019-11-12 23:39:07,799 [pool-549-thread-1] INFO  storage.RaftStorageDirectory (RaftStorageDirectory.java:tryLock(328)) - Lock on /workdir/hadoop-ozone/integration-test/target/test-dir/MiniOzoneClusterImpl-af41d755-250d-41c0-9b7d-b62086ffbdd4/datanode-4/data/ratis/2d816cc9-fc9a-45e9-ab35-c5c4c1d6b5cf/in_use.lock acquired by nodename 11492@pr-hdds-2375-hvwjp-2869937553
2019-11-12 23:39:07,812 [pool-549-thread-1] INFO  storage.RaftStorage (RaftStorage.java:format(84)) - Storage directory /workdir/hadoop-ozone/integration-test/target/test-dir/MiniOzoneClusterImpl-af41d755-250d-41c0-9b7d-b62086ffbdd4/datanode-4/data/ratis/2d816cc9-fc9a-45e9-ab35-c5c4c1d6b5cf has been successfully formatted.
2019-11-12 23:39:07,813 [pool-549-thread-1] INFO  ratis.ContainerStateMachine (ContainerStateMachine.java:loadSnapshot(223)) - group-C5C4C1D6B5CF: The snapshot info is null. Setting the last applied indexto:(t:0, i:~)
2019-11-12 23:39:07,813 [pool-549-thread-1] INFO  server.RaftServerConfigKeys (ConfUtils.java:logGet(43)) - raft.server.notification.no-leader.timeout = 120s (custom)
2019-11-12 23:39:07,813 [pool-549-thread-1] INFO  server.RaftServerConfigKeys (ConfUtils.java:logGet(43)) - raft.server.log.use.memory = false (default)
2019-11-12 23:39:07,813 [pool-549-thread-1] INFO  server.RaftServerConfigKeys (ConfUtils.java:logGet(43)) - raft.server.log.purge.gap = 1000000 (custom)
2019-11-12 23:39:07,813 [pool-549-thread-1] INFO  server.RaftServerConfigKeys (ConfUtils.java:logGet(43)) - raft.server.log.appender.buffer.byte-limit = 33554432 (custom)
2019-11-12 23:39:07,813 [pool-549-thread-1] INFO  server.RaftServerConfigKeys (ConfUtils.java:logGet(43)) - raft.server.log.segment.size.max = 1048576 (custom)
2019-11-12 23:39:07,813 [pool-549-thread-1] INFO  server.RaftServerConfigKeys (ConfUtils.java:logGet(43)) - raft.server.log.segment.cache.num.max = 2 (custom)
2019-11-12 23:39:07,813 [pool-549-thread-1] INFO  segmented.SegmentedRaftLogWorker (SegmentedRaftLogWorker.java:<init>(173)) - new 568551cc-7cda-4cdf-9ff0-2cea755fc381@group-C5C4C1D6B5CF-SegmentedRaftLogWorker for RaftStorage:Storage Directory /workdir/hadoop-ozone/integration-test/target/test-dir/MiniOzoneClusterImpl-af41d755-250d-41c0-9b7d-b62086ffbdd4/datanode-4/data/ratis/2d816cc9-fc9a-45e9-ab35-c5c4c1d6b5cf
2019-11-12 23:39:07,814 [pool-549-thread-1] INFO  server.RaftServerConfigKeys (ConfUtils.java:logGet(43)) - raft.server.log.queue.byte-limit = 2147483647 (custom)
2019-11-12 23:39:07,814 [pool-549-thread-1] INFO  server.RaftServerConfigKeys (ConfUtils.java:logGet(43)) - raft.server.log.queue.element-limit = 1024 (custom)
2019-11-12 23:39:07,814 [pool-549-thread-1] INFO  server.RaftServerConfigKeys (ConfUtils.java:logGet(43)) - raft.server.log.segment.size.max = 1048576 (custom)
2019-11-12 23:39:07,814 [pool-549-thread-1] INFO  server.RaftServerConfigKeys (ConfUtils.java:logGet(43)) - raft.server.log.preallocated.size = 16384 (custom)
2019-11-12 23:39:07,814 [pool-549-thread-1] INFO  server.RaftServerConfigKeys (ConfUtils.java:logGet(43)) - raft.server.log.write.buffer.size = 33554432 (custom)
2019-11-12 23:39:07,814 [pool-549-thread-1] INFO  server.RaftServerConfigKeys (ConfUtils.java:logGet(43)) - raft.server.log.force.sync.num = 128 (default)
2019-11-12 23:39:07,814 [pool-549-thread-1] INFO  server.RaftServerConfigKeys (ConfUtils.java:logGet(43)) - raft.server.log.statemachine.data.sync = true (default)
2019-11-12 23:39:07,814 [pool-549-thread-1] INFO  server.RaftServerConfigKeys (ConfUtils.java:logGet(43)) - raft.server.log.statemachine.data.sync.timeout = 10s (default)
2019-11-12 23:39:07,814 [pool-549-thread-1] INFO  server.RaftServerConfigKeys (ConfUtils.java:logGet(43)) - raft.server.log.statemachine.data.sync.timeout.retry = -1 (default)
2019-11-12 23:39:07,815 [pool-549-thread-1] INFO  server.RaftServerConfigKeys (ConfUtils.java:logGet(43)) - raft.server.log.statemachine.data.caching.enabled = true (custom)
2019-11-12 23:39:07,815 [pool-549-thread-1] INFO  segmented.SegmentedRaftLogWorker (SegmentedRaftLogWorker.java:lambda$new$0(128)) - 568551cc-7cda-4cdf-9ff0-2cea755fc381@group-C5C4C1D6B5CF-SegmentedRaftLogWorker: flushIndex: setUnconditionally 0 -> -1
2019-11-12 23:39:07,815 [pool-549-thread-1] INFO  server.RaftServerConfigKeys (ConfUtils.java:logGet(43)) - raft.server.snapshot.auto.trigger.enabled = true (custom)
2019-11-12 23:39:07,815 [pool-549-thread-1] INFO  server.RaftServerConfigKeys (ConfUtils.java:logGet(43)) - raft.server.snapshot.auto.trigger.threshold = 10000 (custom)
2019-11-12 23:39:07,815 [pool-549-thread-1] INFO  server.RaftServerConfigKeys (ConfUtils.java:logGet(43)) - raft.server.snapshot.retention.file.num = 5 (custom)
2019-11-12 23:39:07,815 [pool-549-thread-1] INFO  server.RaftServerConfigKeys (ConfUtils.java:logGet(43)) - raft.server.retrycache.expirytime = 600000ms (custom)
2019-11-12 23:39:07,816 [pool-549-thread-1] WARN  impl.MetricRegistriesImpl (MetricRegistriesImpl.java:lambda$create$1(61)) - First MetricRegistry has been created without registering reporters. You may need to call MetricRegistries.global().addReportRegistration(...) before.
2019-11-12 23:39:07,816 [pool-549-thread-1] WARN  impl.MetricRegistriesImpl (MetricRegistriesImpl.java:lambda$create$1(61)) - First MetricRegistry has been created without registering reporters. You may need to call MetricRegistries.global().addReportRegistration(...) before.
2019-11-12 23:39:07,816 [pool-549-thread-1] INFO  impl.RaftServerImpl (RaftServerImpl.java:start(184)) - 568551cc-7cda-4cdf-9ff0-2cea755fc381@group-C5C4C1D6B5CF: start as a follower, conf=-1: [568551cc-7cda-4cdf-9ff0-2cea755fc381:192.168.164.236:38434], old=null
2019-11-12 23:39:07,816 [pool-549-thread-1] INFO  impl.RaftServerImpl (RaftServerImpl.java:setRole(173)) - 568551cc-7cda-4cdf-9ff0-2cea755fc381@group-C5C4C1D6B5CF: changes role from      null to FOLLOWER at term 0 for startAsFollower
2019-11-12 23:39:07,816 [pool-549-thread-1] INFO  impl.RoleInfo (RoleInfo.java:updateAndGet(143)) - 568551cc-7cda-4cdf-9ff0-2cea755fc381: start FollowerState
2019-11-12 23:39:07,817 [pool-549-thread-1] INFO  util.JmxRegister (JmxRegister.java:tryRegister(44)) - Successfully registered JMX Bean with object name Ratis:service=RaftServer,group=group-C5C4C1D6B5CF,id=568551cc-7cda-4cdf-9ff0-2cea755fc381
2019-11-12 23:39:07,817 [pool-549-thread-1] WARN  impl.MetricRegistriesImpl (MetricRegistriesImpl.java:lambda$create$1(61)) - First MetricRegistry has been created without registering reporters. You may need to call MetricRegistries.global().addReportRegistration(...) before.
2019-11-12 23:39:07,819 [RatisPipelineUtilsThread] INFO  pipeline.PipelineStateManager (PipelineStateManager.java:addPipeline(55)) - Created pipeline Pipeline[ Id: 2d816cc9-fc9a-45e9-ab35-c5c4c1d6b5cf, Nodes: 568551cc-7cda-4cdf-9ff0-2cea755fc381{ip: 192.168.164.236, host: pr-hdds-2375-hvwjp-2869937553, networkLocation: /rack1, certSerialId: null}, Type:RATIS, Factor:ONE, State:ALLOCATED]
2019-11-12 23:39:07,819 [Thread-3931] INFO  pipeline.PipelineStateManager (PipelineStateManager.java:finalizePipeline(121)) - Pipeline Pipeline[ Id: 6d7e9d7f-7b1f-40bf-9971-79031bff9747, Nodes: 2cdd6ea3-e978-43ee-a05f-f9ece739edb4{ip: 192.168.164.236, host: pr-hdds-2375-hvwjp-2869937553, networkLocation: /rack1, certSerialId: null}0cfa4e5a-af9b-49e5-b2c2-1a2dc6cf0616{ip: 192.168.164.236, host: pr-hdds-2375-hvwjp-2869937553, networkLocation: /rack1, certSerialId: null}bf4ebe41-a6c2-4458-a321-fc167af3521b{ip: 192.168.164.236, host: pr-hdds-2375-hvwjp-2869937553, networkLocation: /rack1, certSerialId: null}, Type:RATIS, Factor:THREE, State:CLOSED] moved to CLOSED state
2019-11-12 23:39:07,820 [EventQueue-CloseContainerForCloseContainerEventHandler] INFO  container.CloseContainerEventHandler (CloseContainerEventHandler.java:onMessage(61)) - Close container Event triggered for container : #1
2019-11-12 23:39:07,822 [grpc-default-executor-7] INFO  impl.RaftServerProxy (RaftServerProxy.java:remove(95)) - 2cdd6ea3-e978-43ee-a05f-f9ece739edb4: remove  FOLLOWER 2cdd6ea3-e978-43ee-a05f-f9ece739edb4@group-79031BFF9747:t1, leader=bf4ebe41-a6c2-4458-a321-fc167af3521b, voted=bf4ebe41-a6c2-4458-a321-fc167af3521b, raftlog=2cdd6ea3-e978-43ee-a05f-f9ece739edb4@group-79031BFF9747-SegmentedRaftLog:OPENED:c2,f4,i4, conf=0: [0cfa4e5a-af9b-49e5-b2c2-1a2dc6cf0616:192.168.164.236:41598, 2cdd6ea3-e978-43ee-a05f-f9ece739edb4:192.168.164.236:34677, bf4ebe41-a6c2-4458-a321-fc167af3521b:192.168.164.236:39425], old=null RUNNING
2019-11-12 23:39:07,822 [grpc-default-executor-7] INFO  impl.RaftServerImpl (RaftServerImpl.java:lambda$shutdown$3(250)) - 2cdd6ea3-e978-43ee-a05f-f9ece739edb4@group-79031BFF9747: shutdown
2019-11-12 23:39:07,823 [grpc-default-executor-7] INFO  util.JmxRegister (JmxRegister.java:unregister(73)) - Successfully un-registered JMX Bean with object name Ratis:service=RaftServer,group=group-79031BFF9747,id=2cdd6ea3-e978-43ee-a05f-f9ece739edb4
2019-11-12 23:39:07,823 [grpc-default-executor-7] INFO  impl.RoleInfo (RoleInfo.java:shutdownFollowerState(121)) - 2cdd6ea3-e978-43ee-a05f-f9ece739edb4: shutdown FollowerState
2019-11-12 23:39:07,823 [grpc-default-executor-7] INFO  impl.StateMachineUpdater (StateMachineUpdater.java:stopAndJoin(136)) - 2cdd6ea3-e978-43ee-a05f-f9ece739edb4@group-79031BFF9747-StateMachineUpdater: set stopIndex = 2
2019-11-12 23:39:07,823 [Thread-4029] INFO  impl.FollowerState (FollowerState.java:run(120)) - 2cdd6ea3-e978-43ee-a05f-f9ece739edb4@group-79031BFF9747-FollowerState was interrupted: java.lang.InterruptedException: sleep interrupted
2019-11-12 23:39:07,823 [2cdd6ea3-e978-43ee-a05f-f9ece739edb4@group-79031BFF9747-StateMachineUpdater] INFO  ratis.ContainerStateMachine (ContainerStateMachine.java:takeSnapshot(285)) - group-79031BFF9747: Taking a snapshot at:(t:1, i:2) file /workdir/hadoop-ozone/integration-test/target/test-dir/MiniOzoneClusterImpl-af41d755-250d-41c0-9b7d-b62086ffbdd4/datanode-7/data/ratis/6d7e9d7f-7b1f-40bf-9971-79031bff9747/sm/snapshot.1_2
2019-11-12 23:39:07,836 [2cdd6ea3-e978-43ee-a05f-f9ece739edb4@group-79031BFF9747-StateMachineUpdater] INFO  ratis.ContainerStateMachine (ContainerStateMachine.java:takeSnapshot(296)) - group-79031BFF9747: Finished taking a snapshot at:(t:1, i:2) file:/workdir/hadoop-ozone/integration-test/target/test-dir/MiniOzoneClusterImpl-af41d755-250d-41c0-9b7d-b62086ffbdd4/datanode-7/data/ratis/6d7e9d7f-7b1f-40bf-9971-79031bff9747/sm/snapshot.1_2 time:13
2019-11-12 23:39:07,837 [2cdd6ea3-e978-43ee-a05f-f9ece739edb4@group-79031BFF9747-StateMachineUpdater] INFO  impl.StateMachineUpdater (StateMachineUpdater.java:takeSnapshot(269)) - 2cdd6ea3-e978-43ee-a05f-f9ece739edb4@group-79031BFF9747-StateMachineUpdater: Took a snapshot at index 2
2019-11-12 23:39:07,837 [2cdd6ea3-e978-43ee-a05f-f9ece739edb4@group-79031BFF9747-StateMachineUpdater] INFO  impl.StateMachineUpdater (StateMachineUpdater.java:lambda$new$0(84)) - 2cdd6ea3-e978-43ee-a05f-f9ece739edb4@group-79031BFF9747-StateMachineUpdater: snapshotIndex: updateIncreasingly -1 -> 2
2019-11-12 23:39:07,837 [grpc-default-executor-7] INFO  impl.RaftServerImpl (ServerState.java:close(387)) - 2cdd6ea3-e978-43ee-a05f-f9ece739edb4@group-79031BFF9747: closes. applyIndex: 2
2019-11-12 23:39:07,838 [2cdd6ea3-e978-43ee-a05f-f9ece739edb4@group-79031BFF9747-SegmentedRaftLogWorker] INFO  segmented.SegmentedRaftLogWorker (SegmentedRaftLogWorker.java:run(316)) - 2cdd6ea3-e978-43ee-a05f-f9ece739edb4@group-79031BFF9747-SegmentedRaftLogWorker was interrupted, exiting. There are 0 tasks remaining in the queue.
2019-11-12 23:39:07,838 [grpc-default-executor-7] INFO  segmented.SegmentedRaftLogWorker (SegmentedRaftLogWorker.java:close(224)) - 2cdd6ea3-e978-43ee-a05f-f9ece739edb4@group-79031BFF9747-SegmentedRaftLogWorker close()
2019-11-12 23:39:07,857 [Datanode State Machine Thread - 0] INFO  statemachine.DatanodeStateMachine (DatanodeStateMachine.java:lambda$startDaemon$0(350)) - Ozone container server started.
2019-11-12 23:39:07,879 [grpc-default-executor-7] INFO  interfaces.Container (KeyValueContainer.java:flushAndSyncDB(400)) - Container 1 is synced with bcsId 2.
2019-11-12 23:39:07,880 [grpc-default-executor-7] INFO  interfaces.Container (KeyValueContainer.java:flushAndSyncDB(400)) - Container 1 is synced with bcsId 2.
2019-11-12 23:39:07,899 [grpc-default-executor-7] INFO  impl.RaftServerProxy (RaftServerProxy.java:remove(95)) - 0cfa4e5a-af9b-49e5-b2c2-1a2dc6cf0616: remove  FOLLOWER 0cfa4e5a-af9b-49e5-b2c2-1a2dc6cf0616@group-79031BFF9747:t1, leader=bf4ebe41-a6c2-4458-a321-fc167af3521b, voted=0cfa4e5a-af9b-49e5-b2c2-1a2dc6cf0616, raftlog=0cfa4e5a-af9b-49e5-b2c2-1a2dc6cf0616@group-79031BFF9747-SegmentedRaftLog:OPENED:c2,f4,i4, conf=0: [0cfa4e5a-af9b-49e5-b2c2-1a2dc6cf0616:192.168.164.236:41598, 2cdd6ea3-e978-43ee-a05f-f9ece739edb4:192.168.164.236:34677, bf4ebe41-a6c2-4458-a321-fc167af3521b:192.168.164.236:39425], old=null RUNNING
2019-11-12 23:39:07,899 [grpc-default-executor-7] INFO  impl.RaftServerImpl (RaftServerImpl.java:lambda$shutdown$3(250)) - 0cfa4e5a-af9b-49e5-b2c2-1a2dc6cf0616@group-79031BFF9747: shutdown
2019-11-12 23:39:07,899 [grpc-default-executor-7] INFO  util.JmxRegister (JmxRegister.java:unregister(73)) - Successfully un-registered JMX Bean with object name Ratis:service=RaftServer,group=group-79031BFF9747,id=0cfa4e5a-af9b-49e5-b2c2-1a2dc6cf0616
2019-11-12 23:39:07,899 [grpc-default-executor-7] INFO  impl.RoleInfo (RoleInfo.java:shutdownFollowerState(121)) - 0cfa4e5a-af9b-49e5-b2c2-1a2dc6cf0616: shutdown FollowerState
2019-11-12 23:39:07,900 [grpc-default-executor-7] INFO  impl.StateMachineUpdater (StateMachineUpdater.java:stopAndJoin(136)) - 0cfa4e5a-af9b-49e5-b2c2-1a2dc6cf0616@group-79031BFF9747-StateMachineUpdater: set stopIndex = 2
2019-11-12 23:39:07,900 [0cfa4e5a-af9b-49e5-b2c2-1a2dc6cf0616@group-79031BFF9747-StateMachineUpdater] INFO  ratis.ContainerStateMachine (ContainerStateMachine.java:takeSnapshot(285)) - group-79031BFF9747: Taking a snapshot at:(t:1, i:2) file /workdir/hadoop-ozone/integration-test/target/test-dir/MiniOzoneClusterImpl-af41d755-250d-41c0-9b7d-b62086ffbdd4/datanode-6/data/ratis/6d7e9d7f-7b1f-40bf-9971-79031bff9747/sm/snapshot.1_2
2019-11-12 23:39:07,900 [Thread-4034] INFO  impl.FollowerState (FollowerState.java:run(120)) - 0cfa4e5a-af9b-49e5-b2c2-1a2dc6cf0616@group-79031BFF9747-FollowerState was interrupted: java.lang.InterruptedException: sleep interrupted
2019-11-12 23:39:07,913 [0cfa4e5a-af9b-49e5-b2c2-1a2dc6cf0616@group-79031BFF9747-StateMachineUpdater] INFO  ratis.ContainerStateMachine (ContainerStateMachine.java:takeSnapshot(296)) - group-79031BFF9747: Finished taking a snapshot at:(t:1, i:2) file:/workdir/hadoop-ozone/integration-test/target/test-dir/MiniOzoneClusterImpl-af41d755-250d-41c0-9b7d-b62086ffbdd4/datanode-6/data/ratis/6d7e9d7f-7b1f-40bf-9971-79031bff9747/sm/snapshot.1_2 time:13
2019-11-12 23:39:07,913 [0cfa4e5a-af9b-49e5-b2c2-1a2dc6cf0616@group-79031BFF9747-StateMachineUpdater] INFO  impl.StateMachineUpdater (StateMachineUpdater.java:takeSnapshot(269)) - 0cfa4e5a-af9b-49e5-b2c2-1a2dc6cf0616@group-79031BFF9747-StateMachineUpdater: Took a snapshot at index 2
2019-11-12 23:39:07,913 [0cfa4e5a-af9b-49e5-b2c2-1a2dc6cf0616@group-79031BFF9747-StateMachineUpdater] INFO  impl.StateMachineUpdater (StateMachineUpdater.java:lambda$new$0(84)) - 0cfa4e5a-af9b-49e5-b2c2-1a2dc6cf0616@group-79031BFF9747-StateMachineUpdater: snapshotIndex: updateIncreasingly -1 -> 2
2019-11-12 23:39:07,913 [grpc-default-executor-7] INFO  impl.RaftServerImpl (ServerState.java:close(387)) - 0cfa4e5a-af9b-49e5-b2c2-1a2dc6cf0616@group-79031BFF9747: closes. applyIndex: 2
2019-11-12 23:39:07,913 [0cfa4e5a-af9b-49e5-b2c2-1a2dc6cf0616@group-79031BFF9747-SegmentedRaftLogWorker] INFO  segmented.SegmentedRaftLogWorker (SegmentedRaftLogWorker.java:run(316)) - 0cfa4e5a-af9b-49e5-b2c2-1a2dc6cf0616@group-79031BFF9747-SegmentedRaftLogWorker was interrupted, exiting. There are 0 tasks remaining in the queue.
2019-11-12 23:39:07,913 [grpc-default-executor-7] INFO  segmented.SegmentedRaftLogWorker (SegmentedRaftLogWorker.java:close(224)) - 0cfa4e5a-af9b-49e5-b2c2-1a2dc6cf0616@group-79031BFF9747-SegmentedRaftLogWorker close()
2019-11-12 23:39:07,945 [grpc-default-executor-7] INFO  interfaces.Container (KeyValueContainer.java:flushAndSyncDB(400)) - Container 1 is synced with bcsId 2.
2019-11-12 23:39:07,945 [grpc-default-executor-7] INFO  interfaces.Container (KeyValueContainer.java:flushAndSyncDB(400)) - Container 1 is synced with bcsId 2.
2019-11-12 23:39:07,959 [EventQueue-IncrementalContainerReportForIncrementalContainerReportHandler] INFO  container.IncrementalContainerReportHandler (AbstractContainerReportHandler.java:updateContainerState(171)) - Moving container #1 to QUASI_CLOSED state, datanode 0cfa4e5a-af9b-49e5-b2c2-1a2dc6cf0616{ip: 192.168.164.236, host: pr-hdds-2375-hvwjp-2869937553, networkLocation: /rack1, certSerialId: null} reported QUASI_CLOSED replica.
2019-11-12 23:39:07,963 [grpc-default-executor-7] INFO  impl.RaftServerProxy (RaftServerProxy.java:remove(95)) - bf4ebe41-a6c2-4458-a321-fc167af3521b: remove    LEADER bf4ebe41-a6c2-4458-a321-fc167af3521b@group-79031BFF9747:t1, leader=bf4ebe41-a6c2-4458-a321-fc167af3521b, voted=bf4ebe41-a6c2-4458-a321-fc167af3521b, raftlog=bf4ebe41-a6c2-4458-a321-fc167af3521b@group-79031BFF9747-SegmentedRaftLog:OPENED:c4,f4,i4, conf=0: [0cfa4e5a-af9b-49e5-b2c2-1a2dc6cf0616:192.168.164.236:41598, 2cdd6ea3-e978-43ee-a05f-f9ece739edb4:192.168.164.236:34677, bf4ebe41-a6c2-4458-a321-fc167af3521b:192.168.164.236:39425], old=null RUNNING
2019-11-12 23:39:07,963 [grpc-default-executor-7] INFO  impl.RaftServerImpl (RaftServerImpl.java:lambda$shutdown$3(250)) - bf4ebe41-a6c2-4458-a321-fc167af3521b@group-79031BFF9747: shutdown
2019-11-12 23:39:07,963 [grpc-default-executor-7] INFO  util.JmxRegister (JmxRegister.java:unregister(73)) - Successfully un-registered JMX Bean with object name Ratis:service=RaftServer,group=group-79031BFF9747,id=bf4ebe41-a6c2-4458-a321-fc167af3521b
2019-11-12 23:39:07,963 [grpc-default-executor-7] INFO  impl.RoleInfo (RoleInfo.java:shutdownLeaderState(104)) - bf4ebe41-a6c2-4458-a321-fc167af3521b: shutdown LeaderState
2019-11-12 23:39:07,968 [grpc-default-executor-7] INFO  impl.PendingRequests (PendingRequests.java:sendNotLeaderResponses(206)) - bf4ebe41-a6c2-4458-a321-fc167af3521b@group-79031BFF9747-PendingRequests: sendNotLeaderResponses
2019-11-12 23:39:07,968 [org.apache.ratis.server.impl.LogAppender$AppenderDaemon$$Lambda$407/373218175@2555bfe6] WARN  server.GrpcLogAppender (GrpcLogAppender.java:mayWait(151)) - bf4ebe41-a6c2-4458-a321-fc167af3521b@group-79031BFF9747->2cdd6ea3-e978-43ee-a05f-f9ece739edb4-GrpcLogAppender: Wait interrupted by java.lang.InterruptedException
2019-11-12 23:39:07,979 [bf4ebe41-a6c2-4458-a321-fc167af3521b@group-79031BFF9747-StateMachineUpdater] INFO  ratis.ContainerStateMachine (ContainerStateMachine.java:takeSnapshot(285)) - group-79031BFF9747: Taking a snapshot at:(t:1, i:4) file /workdir/hadoop-ozone/integration-test/target/test-dir/MiniOzoneClusterImpl-af41d755-250d-41c0-9b7d-b62086ffbdd4/datanode-8/data/ratis/6d7e9d7f-7b1f-40bf-9971-79031bff9747/sm/snapshot.1_4
2019-11-12 23:39:07,978 [grpc-default-executor-7] INFO  impl.StateMachineUpdater (StateMachineUpdater.java:stopAndJoin(136)) - bf4ebe41-a6c2-4458-a321-fc167af3521b@group-79031BFF9747-StateMachineUpdater: set stopIndex = 4
2019-11-12 23:39:07,968 [org.apache.ratis.server.impl.LogAppender$AppenderDaemon$$Lambda$407/373218175@60572d88] WARN  server.GrpcLogAppender (GrpcLogAppender.java:mayWait(151)) - bf4ebe41-a6c2-4458-a321-fc167af3521b@group-79031BFF9747->0cfa4e5a-af9b-49e5-b2c2-1a2dc6cf0616-GrpcLogAppender: Wait interrupted by java.lang.InterruptedException
2019-11-12 23:39:07,979 [grpc-default-executor-4] INFO  server.GrpcServerProtocolService (GrpcServerProtocolService.java:onCompleted(113)) - 2cdd6ea3-e978-43ee-a05f-f9ece739edb4: Completed APPEND_ENTRIES, lastRequest: bf4ebe41-a6c2-4458-a321-fc167af3521b->2cdd6ea3-e978-43ee-a05f-f9ece739edb4#7-t1, previous=(t:1, i:3), leaderCommit=2, initializing? false, entries: size=1, first=(t:1, i:4), METADATAENTRY(c2)
2019-11-12 23:39:07,979 [grpc-default-executor-6] INFO  server.GrpcServerProtocolService (GrpcServerProtocolService.java:onCompleted(113)) - 0cfa4e5a-af9b-49e5-b2c2-1a2dc6cf0616: Completed APPEND_ENTRIES, lastRequest: bf4ebe41-a6c2-4458-a321-fc167af3521b->0cfa4e5a-af9b-49e5-b2c2-1a2dc6cf0616#7-t1, previous=(t:1, i:3), leaderCommit=2, initializing? false, entries: size=1, first=(t:1, i:4), METADATAENTRY(c2)
2019-11-12 23:39:07,979 [grpc-default-executor-4] INFO  server.GrpcLogAppender (GrpcLogAppender.java:onCompleted(308)) - bf4ebe41-a6c2-4458-a321-fc167af3521b@group-79031BFF9747->0cfa4e5a-af9b-49e5-b2c2-1a2dc6cf0616-AppendLogResponseHandler: follower responses appendEntries COMPLETED
2019-11-12 23:39:07,980 [grpc-default-executor-6] INFO  server.GrpcLogAppender (GrpcLogAppender.java:onCompleted(308)) - bf4ebe41-a6c2-4458-a321-fc167af3521b@group-79031BFF9747->2cdd6ea3-e978-43ee-a05f-f9ece739edb4-AppendLogResponseHandler: follower responses appendEntries COMPLETED
2019-11-12 23:39:07,980 [grpc-default-executor-4] INFO  impl.FollowerInfo (FollowerInfo.java:lambda$new$0(51)) - bf4ebe41-a6c2-4458-a321-fc167af3521b@group-79031BFF9747->0cfa4e5a-af9b-49e5-b2c2-1a2dc6cf0616: nextIndex: updateUnconditionally 5 -> 4
2019-11-12 23:39:07,980 [grpc-default-executor-6] INFO  impl.FollowerInfo (FollowerInfo.java:lambda$new$0(51)) - bf4ebe41-a6c2-4458-a321-fc167af3521b@group-79031BFF9747->2cdd6ea3-e978-43ee-a05f-f9ece739edb4: nextIndex: updateUnconditionally 5 -> 4
2019-11-12 23:39:07,991 [bf4ebe41-a6c2-4458-a321-fc167af3521b@group-79031BFF9747-StateMachineUpdater] INFO  ratis.ContainerStateMachine (ContainerStateMachine.java:takeSnapshot(296)) - group-79031BFF9747: Finished taking a snapshot at:(t:1, i:4) file:/workdir/hadoop-ozone/integration-test/target/test-dir/MiniOzoneClusterImpl-af41d755-250d-41c0-9b7d-b62086ffbdd4/datanode-8/data/ratis/6d7e9d7f-7b1f-40bf-9971-79031bff9747/sm/snapshot.1_4 time:12
2019-11-12 23:39:07,991 [bf4ebe41-a6c2-4458-a321-fc167af3521b@group-79031BFF9747-StateMachineUpdater] INFO  impl.StateMachineUpdater (StateMachineUpdater.java:takeSnapshot(269)) - bf4ebe41-a6c2-4458-a321-fc167af3521b@group-79031BFF9747-StateMachineUpdater: Took a snapshot at index 4
2019-11-12 23:39:07,992 [bf4ebe41-a6c2-4458-a321-fc167af3521b@group-79031BFF9747-StateMachineUpdater] INFO  impl.StateMachineUpdater (StateMachineUpdater.java:lambda$new$0(84)) - bf4ebe41-a6c2-4458-a321-fc167af3521b@group-79031BFF9747-StateMachineUpdater: snapshotIndex: updateIncreasingly -1 -> 4
2019-11-12 23:39:07,992 [grpc-default-executor-7] INFO  impl.RaftServerImpl (ServerState.java:close(387)) - bf4ebe41-a6c2-4458-a321-fc167af3521b@group-79031BFF9747: closes. applyIndex: 4
2019-11-12 23:39:07,992 [bf4ebe41-a6c2-4458-a321-fc167af3521b@group-79031BFF9747-SegmentedRaftLogWorker] INFO  segmented.SegmentedRaftLogWorker (SegmentedRaftLogWorker.java:run(316)) - bf4ebe41-a6c2-4458-a321-fc167af3521b@group-79031BFF9747-SegmentedRaftLogWorker was interrupted, exiting. There are 0 tasks remaining in the queue.
2019-11-12 23:39:07,992 [grpc-default-executor-7] INFO  segmented.SegmentedRaftLogWorker (SegmentedRaftLogWorker.java:close(224)) - bf4ebe41-a6c2-4458-a321-fc167af3521b@group-79031BFF9747-SegmentedRaftLogWorker close()
2019-11-12 23:39:08,055 [grpc-default-executor-7] INFO  interfaces.Container (KeyValueContainer.java:flushAndSyncDB(400)) - Container 1 is synced with bcsId 2.
2019-11-12 23:39:08,055 [grpc-default-executor-7] INFO  interfaces.Container (KeyValueContainer.java:flushAndSyncDB(400)) - Container 1 is synced with bcsId 2.
2019-11-12 23:39:08,071 [Thread-3931] INFO  pipeline.PipelineStateManager (PipelineStateManager.java:removePipeline(106)) - Pipeline Pipeline[ Id: 6d7e9d7f-7b1f-40bf-9971-79031bff9747, Nodes: 2cdd6ea3-e978-43ee-a05f-f9ece739edb4{ip: 192.168.164.236, host: pr-hdds-2375-hvwjp-2869937553, networkLocation: /rack1, certSerialId: null}0cfa4e5a-af9b-49e5-b2c2-1a2dc6cf0616{ip: 192.168.164.236, host: pr-hdds-2375-hvwjp-2869937553, networkLocation: /rack1, certSerialId: null}bf4ebe41-a6c2-4458-a321-fc167af3521b{ip: 192.168.164.236, host: pr-hdds-2375-hvwjp-2869937553, networkLocation: /rack1, certSerialId: null}, Type:RATIS, Factor:THREE, State:CLOSED] removed from db
2019-11-12 23:39:08,071 [Thread-3931] INFO  pipeline.SCMPipelineManager (SCMPipelineManager.java:finalizeAndDestroyPipeline(315)) - destroying pipeline:Pipeline[ Id: a6a85990-6e56-4232-b549-40c4960585a8, Nodes: 2cdd6ea3-e978-43ee-a05f-f9ece739edb4{ip: 192.168.164.236, host: pr-hdds-2375-hvwjp-2869937553, networkLocation: /rack1, certSerialId: null}, Type:RATIS, Factor:ONE, State:OPEN]
2019-11-12 23:39:08,078 [grpc-default-executor-7] INFO  impl.RaftServerProxy (RaftServerProxy.java:addNew(89)) - 2cdd6ea3-e978-43ee-a05f-f9ece739edb4: addNew group-296741F00278:[0cfa4e5a-af9b-49e5-b2c2-1a2dc6cf0616:192.168.164.236:41598, 2cdd6ea3-e978-43ee-a05f-f9ece739edb4:192.168.164.236:34677, bf4ebe41-a6c2-4458-a321-fc167af3521b:192.168.164.236:39425] returns group-296741F00278:java.util.concurrent.CompletableFuture@7419b653[Not completed]
2019-11-12 23:39:08,078 [grpc-default-executor-6] INFO  impl.RaftServerProxy (RaftServerProxy.java:addNew(89)) - 0cfa4e5a-af9b-49e5-b2c2-1a2dc6cf0616: addNew group-296741F00278:[0cfa4e5a-af9b-49e5-b2c2-1a2dc6cf0616:192.168.164.236:41598, 2cdd6ea3-e978-43ee-a05f-f9ece739edb4:192.168.164.236:34677, bf4ebe41-a6c2-4458-a321-fc167af3521b:192.168.164.236:39425] returns group-296741F00278:java.util.concurrent.CompletableFuture@796d980e[Not completed]
2019-11-12 23:39:08,078 [grpc-default-executor-7] INFO  impl.RaftServerProxy (RaftServerProxy.java:addNew(89)) - bf4ebe41-a6c2-4458-a321-fc167af3521b: addNew group-296741F00278:[0cfa4e5a-af9b-49e5-b2c2-1a2dc6cf0616:192.168.164.236:41598, 2cdd6ea3-e978-43ee-a05f-f9ece739edb4:192.168.164.236:34677, bf4ebe41-a6c2-4458-a321-fc167af3521b:192.168.164.236:39425] returns group-296741F00278:java.util.concurrent.CompletableFuture@2e6a6612[Not completed]
2019-11-12 23:39:08,079 [pool-579-thread-1] INFO  impl.RaftServerImpl (RaftServerImpl.java:<init>(98)) - 2cdd6ea3-e978-43ee-a05f-f9ece739edb4: new RaftServerImpl for group-296741F00278:[0cfa4e5a-af9b-49e5-b2c2-1a2dc6cf0616:192.168.164.236:41598, 2cdd6ea3-e978-43ee-a05f-f9ece739edb4:192.168.164.236:34677, bf4ebe41-a6c2-4458-a321-fc167af3521b:192.168.164.236:39425] with ContainerStateMachine:uninitialized
2019-11-12 23:39:08,080 [pool-579-thread-1] INFO  server.RaftServerConfigKeys (ConfUtils.java:logGet(43)) - raft.server.rpc.timeout.min = 1s (custom)
2019-11-12 23:39:08,080 [pool-579-thread-1] INFO  server.RaftServerConfigKeys (ConfUtils.java:logGet(43)) - raft.server.rpc.timeout.max = 1200ms (custom)
2019-11-12 23:39:08,080 [pool-579-thread-1] INFO  server.RaftServerConfigKeys (ConfUtils.java:logGet(43)) - raft.server.rpcslowness.timeout = 120s (custom)
2019-11-12 23:39:08,080 [pool-579-thread-1] INFO  server.RaftServerConfigKeys (ConfUtils.java:logGet(43)) - raft.server.sleep.deviation.threshold = 300 (default)
2019-11-12 23:39:08,080 [pool-579-thread-1] INFO  server.RaftServerConfigKeys (ConfUtils.java:logGet(43)) - raft.server.log.appender.install.snapshot.enabled = false (custom)
2019-11-12 23:39:08,080 [pool-589-thread-1] INFO  impl.RaftServerImpl (RaftServerImpl.java:<init>(98)) - bf4ebe41-a6c2-4458-a321-fc167af3521b: new RaftServerImpl for group-296741F00278:[0cfa4e5a-af9b-49e5-b2c2-1a2dc6cf0616:192.168.164.236:41598, 2cdd6ea3-e978-43ee-a05f-f9ece739edb4:192.168.164.236:34677, bf4ebe41-a6c2-4458-a321-fc167af3521b:192.168.164.236:39425] with ContainerStateMachine:uninitialized
2019-11-12 23:39:08,080 [pool-579-thread-1] INFO  impl.RaftServerImpl (ServerState.java:<init>(103)) - 2cdd6ea3-e978-43ee-a05f-f9ece739edb4@group-296741F00278: ConfigurationManager, init=-1: [0cfa4e5a-af9b-49e5-b2c2-1a2dc6cf0616:192.168.164.236:41598, 2cdd6ea3-e978-43ee-a05f-f9ece739edb4:192.168.164.236:34677, bf4ebe41-a6c2-4458-a321-fc167af3521b:192.168.164.236:39425], old=null, confs=<EMPTY_MAP>
2019-11-12 23:39:08,080 [pool-589-thread-1] INFO  server.RaftServerConfigKeys (ConfUtils.java:logGet(43)) - raft.server.rpc.timeout.min = 1s (custom)
2019-11-12 23:39:08,080 [pool-579-thread-1] INFO  server.RaftServerConfigKeys (ConfUtils.java:logGet(43)) - raft.server.storage.dir = [/workdir/hadoop-ozone/integration-test/target/test-dir/MiniOzoneClusterImpl-af41d755-250d-41c0-9b7d-b62086ffbdd4/datanode-7/data/ratis] (custom)
2019-11-12 23:39:08,081 [pool-589-thread-1] INFO  server.RaftServerConfigKeys (ConfUtils.java:logGet(43)) - raft.server.rpc.timeout.max = 1200ms (custom)
2019-11-12 23:39:08,081 [pool-589-thread-1] INFO  server.RaftServerConfigKeys (ConfUtils.java:logGet(43)) - raft.server.rpcslowness.timeout = 120s (custom)
2019-11-12 23:39:08,081 [pool-579-thread-1] INFO  server.RaftServerConfigKeys (ConfUtils.java:logGet(43)) - raft.server.log.corruption.policy = EXCEPTION (default)
2019-11-12 23:39:08,081 [pool-589-thread-1] INFO  server.RaftServerConfigKeys (ConfUtils.java:logGet(43)) - raft.server.sleep.deviation.threshold = 300 (default)
2019-11-12 23:39:08,081 [pool-569-thread-1] INFO  impl.RaftServerImpl (RaftServerImpl.java:<init>(98)) - 0cfa4e5a-af9b-49e5-b2c2-1a2dc6cf0616: new RaftServerImpl for group-296741F00278:[0cfa4e5a-af9b-49e5-b2c2-1a2dc6cf0616:192.168.164.236:41598, 2cdd6ea3-e978-43ee-a05f-f9ece739edb4:192.168.164.236:34677, bf4ebe41-a6c2-4458-a321-fc167af3521b:192.168.164.236:39425] with ContainerStateMachine:uninitialized
2019-11-12 23:39:08,081 [pool-589-thread-1] INFO  server.RaftServerConfigKeys (ConfUtils.java:logGet(43)) - raft.server.log.appender.install.snapshot.enabled = false (custom)
2019-11-12 23:39:08,081 [pool-579-thread-1] INFO  storage.RaftStorageDirectory (RaftStorageDirectory.java:analyzeStorage(246)) - The storage directory /workdir/hadoop-ozone/integration-test/target/test-dir/MiniOzoneClusterImpl-af41d755-250d-41c0-9b7d-b62086ffbdd4/datanode-7/data/ratis/8d136716-8b0f-49ae-a252-296741f00278 does not exist. Creating ...
2019-11-12 23:39:08,082 [pool-589-thread-1] INFO  impl.RaftServerImpl (ServerState.java:<init>(103)) - bf4ebe41-a6c2-4458-a321-fc167af3521b@group-296741F00278: ConfigurationManager, init=-1: [0cfa4e5a-af9b-49e5-b2c2-1a2dc6cf0616:192.168.164.236:41598, 2cdd6ea3-e978-43ee-a05f-f9ece739edb4:192.168.164.236:34677, bf4ebe41-a6c2-4458-a321-fc167af3521b:192.168.164.236:39425], old=null, confs=<EMPTY_MAP>
2019-11-12 23:39:08,081 [pool-569-thread-1] INFO  server.RaftServerConfigKeys (ConfUtils.java:logGet(43)) - raft.server.rpc.timeout.min = 1s (custom)
2019-11-12 23:39:08,082 [pool-589-thread-1] INFO  server.RaftServerConfigKeys (ConfUtils.java:logGet(43)) - raft.server.storage.dir = [/workdir/hadoop-ozone/integration-test/target/test-dir/MiniOzoneClusterImpl-af41d755-250d-41c0-9b7d-b62086ffbdd4/datanode-8/data/ratis] (custom)
2019-11-12 23:39:08,082 [pool-569-thread-1] INFO  server.RaftServerConfigKeys (ConfUtils.java:logGet(43)) - raft.server.rpc.timeout.max = 1200ms (custom)
2019-11-12 23:39:08,082 [pool-569-thread-1] INFO  server.RaftServerConfigKeys (ConfUtils.java:logGet(43)) - raft.server.rpcslowness.timeout = 120s (custom)
2019-11-12 23:39:08,082 [pool-589-thread-1] INFO  server.RaftServerConfigKeys (ConfUtils.java:logGet(43)) - raft.server.log.corruption.policy = EXCEPTION (default)
2019-11-12 23:39:08,083 [pool-569-thread-1] INFO  server.RaftServerConfigKeys (ConfUtils.java:logGet(43)) - raft.server.sleep.deviation.threshold = 300 (default)
2019-11-12 23:39:08,083 [pool-589-thread-1] INFO  storage.RaftStorageDirectory (RaftStorageDirectory.java:analyzeStorage(246)) - The storage directory /workdir/hadoop-ozone/integration-test/target/test-dir/MiniOzoneClusterImpl-af41d755-250d-41c0-9b7d-b62086ffbdd4/datanode-8/data/ratis/8d136716-8b0f-49ae-a252-296741f00278 does not exist. Creating ...
2019-11-12 23:39:08,083 [pool-569-thread-1] INFO  server.RaftServerConfigKeys (ConfUtils.java:logGet(43)) - raft.server.log.appender.install.snapshot.enabled = false (custom)
2019-11-12 23:39:08,083 [pool-569-thread-1] INFO  impl.RaftServerImpl (ServerState.java:<init>(103)) - 0cfa4e5a-af9b-49e5-b2c2-1a2dc6cf0616@group-296741F00278: ConfigurationManager, init=-1: [0cfa4e5a-af9b-49e5-b2c2-1a2dc6cf0616:192.168.164.236:41598, 2cdd6ea3-e978-43ee-a05f-f9ece739edb4:192.168.164.236:34677, bf4ebe41-a6c2-4458-a321-fc167af3521b:192.168.164.236:39425], old=null, confs=<EMPTY_MAP>
2019-11-12 23:39:08,083 [pool-569-thread-1] INFO  server.RaftServerConfigKeys (ConfUtils.java:logGet(43)) - raft.server.storage.dir = [/workdir/hadoop-ozone/integration-test/target/test-dir/MiniOzoneClusterImpl-af41d755-250d-41c0-9b7d-b62086ffbdd4/datanode-6/data/ratis] (custom)
2019-11-12 23:39:08,084 [pool-569-thread-1] INFO  server.RaftServerConfigKeys (ConfUtils.java:logGet(43)) - raft.server.log.corruption.policy = EXCEPTION (default)
2019-11-12 23:39:08,084 [pool-569-thread-1] INFO  storage.RaftStorageDirectory (RaftStorageDirectory.java:analyzeStorage(246)) - The storage directory /workdir/hadoop-ozone/integration-test/target/test-dir/MiniOzoneClusterImpl-af41d755-250d-41c0-9b7d-b62086ffbdd4/datanode-6/data/ratis/8d136716-8b0f-49ae-a252-296741f00278 does not exist. Creating ...
2019-11-12 23:39:08,087 [pool-589-thread-1] INFO  storage.RaftStorageDirectory (RaftStorageDirectory.java:tryLock(328)) - Lock on /workdir/hadoop-ozone/integration-test/target/test-dir/MiniOzoneClusterImpl-af41d755-250d-41c0-9b7d-b62086ffbdd4/datanode-8/data/ratis/8d136716-8b0f-49ae-a252-296741f00278/in_use.lock acquired by nodename 11492@pr-hdds-2375-hvwjp-2869937553
2019-11-12 23:39:08,087 [pool-579-thread-1] INFO  storage.RaftStorageDirectory (RaftStorageDirectory.java:tryLock(328)) - Lock on /workdir/hadoop-ozone/integration-test/target/test-dir/MiniOzoneClusterImpl-af41d755-250d-41c0-9b7d-b62086ffbdd4/datanode-7/data/ratis/8d136716-8b0f-49ae-a252-296741f00278/in_use.lock acquired by nodename 11492@pr-hdds-2375-hvwjp-2869937553
2019-11-12 23:39:08,089 [pool-569-thread-1] INFO  storage.RaftStorageDirectory (RaftStorageDirectory.java:tryLock(328)) - Lock on /workdir/hadoop-ozone/integration-test/target/test-dir/MiniOzoneClusterImpl-af41d755-250d-41c0-9b7d-b62086ffbdd4/datanode-6/data/ratis/8d136716-8b0f-49ae-a252-296741f00278/in_use.lock acquired by nodename 11492@pr-hdds-2375-hvwjp-2869937553
2019-11-12 23:39:08,089 [pool-589-thread-1] INFO  storage.RaftStorage (RaftStorage.java:format(84)) - Storage directory /workdir/hadoop-ozone/integration-test/target/test-dir/MiniOzoneClusterImpl-af41d755-250d-41c0-9b7d-b62086ffbdd4/datanode-8/data/ratis/8d136716-8b0f-49ae-a252-296741f00278 has been successfully formatted.
2019-11-12 23:39:08,089 [pool-589-thread-1] INFO  ratis.ContainerStateMachine (ContainerStateMachine.java:loadSnapshot(223)) - group-296741F00278: The snapshot info is null. Setting the last applied indexto:(t:0, i:~)
2019-11-12 23:39:08,089 [pool-589-thread-1] INFO  server.RaftServerConfigKeys (ConfUtils.java:logGet(43)) - raft.server.notification.no-leader.timeout = 120s (custom)
2019-11-12 23:39:08,089 [pool-589-thread-1] INFO  server.RaftServerConfigKeys (ConfUtils.java:logGet(43)) - raft.server.log.use.memory = false (default)
2019-11-12 23:39:08,089 [pool-589-thread-1] INFO  server.RaftServerConfigKeys (ConfUtils.java:logGet(43)) - raft.server.log.purge.gap = 1000000 (custom)
2019-11-12 23:39:08,090 [pool-589-thread-1] INFO  server.RaftServerConfigKeys (ConfUtils.java:logGet(43)) - raft.server.log.appender.buffer.byte-limit = 33554432 (custom)
2019-11-12 23:39:08,090 [pool-589-thread-1] INFO  server.RaftServerConfigKeys (ConfUtils.java:logGet(43)) - raft.server.log.segment.size.max = 1048576 (custom)
2019-11-12 23:39:08,090 [pool-589-thread-1] INFO  server.RaftServerConfigKeys (ConfUtils.java:logGet(43)) - raft.server.log.segment.cache.num.max = 2 (custom)
2019-11-12 23:39:08,090 [pool-589-thread-1] INFO  segmented.SegmentedRaftLogWorker (SegmentedRaftLogWorker.java:<init>(173)) - new bf4ebe41-a6c2-4458-a321-fc167af3521b@group-296741F00278-SegmentedRaftLogWorker for RaftStorage:Storage Directory /workdir/hadoop-ozone/integration-test/target/test-dir/MiniOzoneClusterImpl-af41d755-250d-41c0-9b7d-b62086ffbdd4/datanode-8/data/ratis/8d136716-8b0f-49ae-a252-296741f00278
2019-11-12 23:39:08,090 [pool-589-thread-1] INFO  server.RaftServerConfigKeys (ConfUtils.java:logGet(43)) - raft.server.log.queue.byte-limit = 2147483647 (custom)
2019-11-12 23:39:08,090 [pool-589-thread-1] INFO  server.RaftServerConfigKeys (ConfUtils.java:logGet(43)) - raft.server.log.queue.element-limit = 1024 (custom)
2019-11-12 23:39:08,090 [pool-589-thread-1] INFO  server.RaftServerConfigKeys (ConfUtils.java:logGet(43)) - raft.server.log.segment.size.max = 1048576 (custom)
2019-11-12 23:39:08,090 [pool-589-thread-1] INFO  server.RaftServerConfigKeys (ConfUtils.java:logGet(43)) - raft.server.log.preallocated.size = 16384 (custom)
2019-11-12 23:39:08,090 [pool-589-thread-1] INFO  server.RaftServerConfigKeys (ConfUtils.java:logGet(43)) - raft.server.log.write.buffer.size = 33554432 (custom)
2019-11-12 23:39:08,090 [pool-589-thread-1] INFO  server.RaftServerConfigKeys (ConfUtils.java:logGet(43)) - raft.server.log.force.sync.num = 128 (default)
2019-11-12 23:39:08,090 [pool-589-thread-1] INFO  server.RaftServerConfigKeys (ConfUtils.java:logGet(43)) - raft.server.log.statemachine.data.sync = true (default)
2019-11-12 23:39:08,090 [pool-589-thread-1] INFO  server.RaftServerConfigKeys (ConfUtils.java:logGet(43)) - raft.server.log.statemachine.data.sync.timeout = 10s (default)
2019-11-12 23:39:08,091 [pool-589-thread-1] INFO  server.RaftServerConfigKeys (ConfUtils.java:logGet(43)) - raft.server.log.statemachine.data.sync.timeout.retry = -1 (default)
2019-11-12 23:39:08,091 [pool-589-thread-1] INFO  server.RaftServerConfigKeys (ConfUtils.java:logGet(43)) - raft.server.log.statemachine.data.caching.enabled = true (custom)
2019-11-12 23:39:08,091 [pool-589-thread-1] INFO  segmented.SegmentedRaftLogWorker (SegmentedRaftLogWorker.java:lambda$new$0(128)) - bf4ebe41-a6c2-4458-a321-fc167af3521b@group-296741F00278-SegmentedRaftLogWorker: flushIndex: setUnconditionally 0 -> -1
2019-11-12 23:39:08,091 [pool-589-thread-1] INFO  server.RaftServerConfigKeys (ConfUtils.java:logGet(43)) - raft.server.snapshot.auto.trigger.enabled = true (custom)
2019-11-12 23:39:08,091 [pool-589-thread-1] INFO  server.RaftServerConfigKeys (ConfUtils.java:logGet(43)) - raft.server.snapshot.auto.trigger.threshold = 10000 (custom)
2019-11-12 23:39:08,091 [pool-589-thread-1] INFO  server.RaftServerConfigKeys (ConfUtils.java:logGet(43)) - raft.server.snapshot.retention.file.num = 5 (custom)
2019-11-12 23:39:08,091 [pool-589-thread-1] INFO  server.RaftServerConfigKeys (ConfUtils.java:logGet(43)) - raft.server.retrycache.expirytime = 600000ms (custom)
2019-11-12 23:39:08,091 [pool-589-thread-1] WARN  impl.MetricRegistriesImpl (MetricRegistriesImpl.java:lambda$create$1(61)) - First MetricRegistry has been created without registering reporters. You may need to call MetricRegistries.global().addReportRegistration(...) before.
2019-11-12 23:39:08,092 [pool-589-thread-1] WARN  impl.MetricRegistriesImpl (MetricRegistriesImpl.java:lambda$create$1(61)) - First MetricRegistry has been created without registering reporters. You may need to call MetricRegistries.global().addReportRegistration(...) before.
2019-11-12 23:39:08,092 [pool-589-thread-1] INFO  impl.RaftServerImpl (RaftServerImpl.java:start(184)) - bf4ebe41-a6c2-4458-a321-fc167af3521b@group-296741F00278: start as a follower, conf=-1: [0cfa4e5a-af9b-49e5-b2c2-1a2dc6cf0616:192.168.164.236:41598, 2cdd6ea3-e978-43ee-a05f-f9ece739edb4:192.168.164.236:34677, bf4ebe41-a6c2-4458-a321-fc167af3521b:192.168.164.236:39425], old=null
2019-11-12 23:39:08,092 [pool-589-thread-1] INFO  impl.RaftServerImpl (RaftServerImpl.java:setRole(173)) - bf4ebe41-a6c2-4458-a321-fc167af3521b@group-296741F00278: changes role from      null to FOLLOWER at term 0 for startAsFollower
2019-11-12 23:39:08,092 [pool-589-thread-1] INFO  impl.RoleInfo (RoleInfo.java:updateAndGet(143)) - bf4ebe41-a6c2-4458-a321-fc167af3521b: start FollowerState
2019-11-12 23:39:08,092 [pool-589-thread-1] INFO  util.JmxRegister (JmxRegister.java:tryRegister(44)) - Successfully registered JMX Bean with object name Ratis:service=RaftServer,group=group-296741F00278,id=bf4ebe41-a6c2-4458-a321-fc167af3521b
2019-11-12 23:39:08,092 [pool-589-thread-1] WARN  impl.MetricRegistriesImpl (MetricRegistriesImpl.java:lambda$create$1(61)) - First MetricRegistry has been created without registering reporters. You may need to call MetricRegistries.global().addReportRegistration(...) before.
2019-11-12 23:39:08,092 [pool-579-thread-1] INFO  storage.RaftStorage (RaftStorage.java:format(84)) - Storage directory /workdir/hadoop-ozone/integration-test/target/test-dir/MiniOzoneClusterImpl-af41d755-250d-41c0-9b7d-b62086ffbdd4/datanode-7/data/ratis/8d136716-8b0f-49ae-a252-296741f00278 has been successfully formatted.
2019-11-12 23:39:08,092 [pool-579-thread-1] INFO  ratis.ContainerStateMachine (ContainerStateMachine.java:loadSnapshot(223)) - group-296741F00278: The snapshot info is null. Setting the last applied indexto:(t:0, i:~)
2019-11-12 23:39:08,093 [pool-579-thread-1] INFO  server.RaftServerConfigKeys (ConfUtils.java:logGet(43)) - raft.server.notification.no-leader.timeout = 120s (custom)
2019-11-12 23:39:08,093 [pool-579-thread-1] INFO  server.RaftServerConfigKeys (ConfUtils.java:logGet(43)) - raft.server.log.use.memory = false (default)
2019-11-12 23:39:08,093 [pool-579-thread-1] INFO  server.RaftServerConfigKeys (ConfUtils.java:logGet(43)) - raft.server.log.purge.gap = 1000000 (custom)
2019-11-12 23:39:08,093 [pool-579-thread-1] INFO  server.RaftServerConfigKeys (ConfUtils.java:logGet(43)) - raft.server.log.appender.buffer.byte-limit = 33554432 (custom)
2019-11-12 23:39:08,093 [pool-579-thread-1] INFO  server.RaftServerConfigKeys (ConfUtils.java:logGet(43)) - raft.server.log.segment.size.max = 1048576 (custom)
2019-11-12 23:39:08,093 [pool-579-thread-1] INFO  server.RaftServerConfigKeys (ConfUtils.java:logGet(43)) - raft.server.log.segment.cache.num.max = 2 (custom)
2019-11-12 23:39:08,093 [pool-579-thread-1] INFO  segmented.SegmentedRaftLogWorker (SegmentedRaftLogWorker.java:<init>(173)) - new 2cdd6ea3-e978-43ee-a05f-f9ece739edb4@group-296741F00278-SegmentedRaftLogWorker for RaftStorage:Storage Directory /workdir/hadoop-ozone/integration-test/target/test-dir/MiniOzoneClusterImpl-af41d755-250d-41c0-9b7d-b62086ffbdd4/datanode-7/data/ratis/8d136716-8b0f-49ae-a252-296741f00278
2019-11-12 23:39:08,093 [pool-579-thread-1] INFO  server.RaftServerConfigKeys (ConfUtils.java:logGet(43)) - raft.server.log.queue.byte-limit = 2147483647 (custom)
2019-11-12 23:39:08,093 [pool-579-thread-1] INFO  server.RaftServerConfigKeys (ConfUtils.java:logGet(43)) - raft.server.log.queue.element-limit = 1024 (custom)
2019-11-12 23:39:08,094 [pool-579-thread-1] INFO  server.RaftServerConfigKeys (ConfUtils.java:logGet(43)) - raft.server.log.segment.size.max = 1048576 (custom)
2019-11-12 23:39:08,094 [pool-579-thread-1] INFO  server.RaftServerConfigKeys (ConfUtils.java:logGet(43)) - raft.server.log.preallocated.size = 16384 (custom)
2019-11-12 23:39:08,094 [pool-579-thread-1] INFO  server.RaftServerConfigKeys (ConfUtils.java:logGet(43)) - raft.server.log.write.buffer.size = 33554432 (custom)
2019-11-12 23:39:08,094 [pool-579-thread-1] INFO  server.RaftServerConfigKeys (ConfUtils.java:logGet(43)) - raft.server.log.force.sync.num = 128 (default)
2019-11-12 23:39:08,094 [pool-579-thread-1] INFO  server.RaftServerConfigKeys (ConfUtils.java:logGet(43)) - raft.server.log.statemachine.data.sync = true (default)
2019-11-12 23:39:08,094 [pool-579-thread-1] INFO  server.RaftServerConfigKeys (ConfUtils.java:logGet(43)) - raft.server.log.statemachine.data.sync.timeout = 10s (default)
2019-11-12 23:39:08,094 [pool-579-thread-1] INFO  server.RaftServerConfigKeys (ConfUtils.java:logGet(43)) - raft.server.log.statemachine.data.sync.timeout.retry = -1 (default)
2019-11-12 23:39:08,094 [pool-579-thread-1] INFO  server.RaftServerConfigKeys (ConfUtils.java:logGet(43)) - raft.server.log.statemachine.data.caching.enabled = true (custom)
2019-11-12 23:39:08,094 [pool-579-thread-1] INFO  segmented.SegmentedRaftLogWorker (SegmentedRaftLogWorker.java:lambda$new$0(128)) - 2cdd6ea3-e978-43ee-a05f-f9ece739edb4@group-296741F00278-SegmentedRaftLogWorker: flushIndex: setUnconditionally 0 -> -1
2019-11-12 23:39:08,095 [pool-579-thread-1] INFO  server.RaftServerConfigKeys (ConfUtils.java:logGet(43)) - raft.server.snapshot.auto.trigger.enabled = true (custom)
2019-11-12 23:39:08,095 [pool-579-thread-1] INFO  server.RaftServerConfigKeys (ConfUtils.java:logGet(43)) - raft.server.snapshot.auto.trigger.threshold = 10000 (custom)
2019-11-12 23:39:08,095 [pool-579-thread-1] INFO  server.RaftServerConfigKeys (ConfUtils.java:logGet(43)) - raft.server.snapshot.retention.file.num = 5 (custom)
2019-11-12 23:39:08,095 [pool-579-thread-1] INFO  server.RaftServerConfigKeys (ConfUtils.java:logGet(43)) - raft.server.retrycache.expirytime = 600000ms (custom)
2019-11-12 23:39:08,095 [pool-579-thread-1] WARN  impl.MetricRegistriesImpl (MetricRegistriesImpl.java:lambda$create$1(61)) - First MetricRegistry has been created without registering reporters. You may need to call MetricRegistries.global().addReportRegistration(...) before.
2019-11-12 23:39:08,095 [pool-579-thread-1] WARN  impl.MetricRegistriesImpl (MetricRegistriesImpl.java:lambda$create$1(61)) - First MetricRegistry has been created without registering reporters. You may need to call MetricRegistries.global().addReportRegistration(...) before.
2019-11-12 23:39:08,095 [pool-579-thread-1] INFO  impl.RaftServerImpl (RaftServerImpl.java:start(184)) - 2cdd6ea3-e978-43ee-a05f-f9ece739edb4@group-296741F00278: start as a follower, conf=-1: [0cfa4e5a-af9b-49e5-b2c2-1a2dc6cf0616:192.168.164.236:41598, 2cdd6ea3-e978-43ee-a05f-f9ece739edb4:192.168.164.236:34677, bf4ebe41-a6c2-4458-a321-fc167af3521b:192.168.164.236:39425], old=null
2019-11-12 23:39:08,095 [pool-579-thread-1] INFO  impl.RaftServerImpl (RaftServerImpl.java:setRole(173)) - 2cdd6ea3-e978-43ee-a05f-f9ece739edb4@group-296741F00278: changes role from      null to FOLLOWER at term 0 for startAsFollower
2019-11-12 23:39:08,095 [pool-579-thread-1] INFO  impl.RoleInfo (RoleInfo.java:updateAndGet(143)) - 2cdd6ea3-e978-43ee-a05f-f9ece739edb4: start FollowerState
2019-11-12 23:39:08,096 [pool-579-thread-1] INFO  util.JmxRegister (JmxRegister.java:tryRegister(44)) - Successfully registered JMX Bean with object name Ratis:service=RaftServer,group=group-296741F00278,id=2cdd6ea3-e978-43ee-a05f-f9ece739edb4
2019-11-12 23:39:08,096 [pool-579-thread-1] WARN  impl.MetricRegistriesImpl (MetricRegistriesImpl.java:lambda$create$1(61)) - First MetricRegistry has been created without registering reporters. You may need to call MetricRegistries.global().addReportRegistration(...) before.
2019-11-12 23:39:08,104 [pool-569-thread-1] INFO  storage.RaftStorage (RaftStorage.java:format(84)) - Storage directory /workdir/hadoop-ozone/integration-test/target/test-dir/MiniOzoneClusterImpl-af41d755-250d-41c0-9b7d-b62086ffbdd4/datanode-6/data/ratis/8d136716-8b0f-49ae-a252-296741f00278 has been successfully formatted.
2019-11-12 23:39:08,104 [pool-569-thread-1] INFO  ratis.ContainerStateMachine (ContainerStateMachine.java:loadSnapshot(223)) - group-296741F00278: The snapshot info is null. Setting the last applied indexto:(t:0, i:~)
2019-11-12 23:39:08,104 [pool-569-thread-1] INFO  server.RaftServerConfigKeys (ConfUtils.java:logGet(43)) - raft.server.notification.no-leader.timeout = 120s (custom)
2019-11-12 23:39:08,104 [pool-569-thread-1] INFO  server.RaftServerConfigKeys (ConfUtils.java:logGet(43)) - raft.server.log.use.memory = false (default)
2019-11-12 23:39:08,104 [pool-569-thread-1] INFO  server.RaftServerConfigKeys (ConfUtils.java:logGet(43)) - raft.server.log.purge.gap = 1000000 (custom)
2019-11-12 23:39:08,105 [pool-569-thread-1] INFO  server.RaftServerConfigKeys (ConfUtils.java:logGet(43)) - raft.server.log.appender.buffer.byte-limit = 33554432 (custom)
2019-11-12 23:39:08,105 [pool-569-thread-1] INFO  server.RaftServerConfigKeys (ConfUtils.java:logGet(43)) - raft.server.log.segment.size.max = 1048576 (custom)
2019-11-12 23:39:08,105 [pool-569-thread-1] INFO  server.RaftServerConfigKeys (ConfUtils.java:logGet(43)) - raft.server.log.segment.cache.num.max = 2 (custom)
2019-11-12 23:39:08,105 [pool-569-thread-1] INFO  segmented.SegmentedRaftLogWorker (SegmentedRaftLogWorker.java:<init>(173)) - new 0cfa4e5a-af9b-49e5-b2c2-1a2dc6cf0616@group-296741F00278-SegmentedRaftLogWorker for RaftStorage:Storage Directory /workdir/hadoop-ozone/integration-test/target/test-dir/MiniOzoneClusterImpl-af41d755-250d-41c0-9b7d-b62086ffbdd4/datanode-6/data/ratis/8d136716-8b0f-49ae-a252-296741f00278
2019-11-12 23:39:08,105 [pool-569-thread-1] INFO  server.RaftServerConfigKeys (ConfUtils.java:logGet(43)) - raft.server.log.queue.byte-limit = 2147483647 (custom)
2019-11-12 23:39:08,105 [pool-569-thread-1] INFO  server.RaftServerConfigKeys (ConfUtils.java:logGet(43)) - raft.server.log.queue.element-limit = 1024 (custom)
2019-11-12 23:39:08,105 [pool-569-thread-1] INFO  server.RaftServerConfigKeys (ConfUtils.java:logGet(43)) - raft.server.log.segment.size.max = 1048576 (custom)
2019-11-12 23:39:08,105 [pool-569-thread-1] INFO  server.RaftServerConfigKeys (ConfUtils.java:logGet(43)) - raft.server.log.preallocated.size = 16384 (custom)
2019-11-12 23:39:08,105 [pool-569-thread-1] INFO  server.RaftServerConfigKeys (ConfUtils.java:logGet(43)) - raft.server.log.write.buffer.size = 33554432 (custom)
2019-11-12 23:39:08,105 [pool-569-thread-1] INFO  server.RaftServerConfigKeys (ConfUtils.java:logGet(43)) - raft.server.log.force.sync.num = 128 (default)
2019-11-12 23:39:08,105 [pool-569-thread-1] INFO  server.RaftServerConfigKeys (ConfUtils.java:logGet(43)) - raft.server.log.statemachine.data.sync = true (default)
2019-11-12 23:39:08,106 [pool-569-thread-1] INFO  server.RaftServerConfigKeys (ConfUtils.java:logGet(43)) - raft.server.log.statemachine.data.sync.timeout = 10s (default)
2019-11-12 23:39:08,106 [pool-569-thread-1] INFO  server.RaftServerConfigKeys (ConfUtils.java:logGet(43)) - raft.server.log.statemachine.data.sync.timeout.retry = -1 (default)
2019-11-12 23:39:08,106 [pool-569-thread-1] INFO  server.RaftServerConfigKeys (ConfUtils.java:logGet(43)) - raft.server.log.statemachine.data.caching.enabled = true (custom)
2019-11-12 23:39:08,106 [pool-569-thread-1] INFO  segmented.SegmentedRaftLogWorker (SegmentedRaftLogWorker.java:lambda$new$0(128)) - 0cfa4e5a-af9b-49e5-b2c2-1a2dc6cf0616@group-296741F00278-SegmentedRaftLogWorker: flushIndex: setUnconditionally 0 -> -1
2019-11-12 23:39:08,106 [pool-569-thread-1] INFO  server.RaftServerConfigKeys (ConfUtils.java:logGet(43)) - raft.server.snapshot.auto.trigger.enabled = true (custom)
2019-11-12 23:39:08,106 [pool-569-thread-1] INFO  server.RaftServerConfigKeys (ConfUtils.java:logGet(43)) - raft.server.snapshot.auto.trigger.threshold = 10000 (custom)
2019-11-12 23:39:08,106 [pool-569-thread-1] INFO  server.RaftServerConfigKeys (ConfUtils.java:logGet(43)) - raft.server.snapshot.retention.file.num = 5 (custom)
2019-11-12 23:39:08,107 [pool-569-thread-1] INFO  server.RaftServerConfigKeys (ConfUtils.java:logGet(43)) - raft.server.retrycache.expirytime = 600000ms (custom)
2019-11-12 23:39:08,107 [pool-569-thread-1] WARN  impl.MetricRegistriesImpl (MetricRegistriesImpl.java:lambda$create$1(61)) - First MetricRegistry has been created without registering reporters. You may need to call MetricRegistries.global().addReportRegistration(...) before.
2019-11-12 23:39:08,107 [pool-569-thread-1] WARN  impl.MetricRegistriesImpl (MetricRegistriesImpl.java:lambda$create$1(61)) - First MetricRegistry has been created without registering reporters. You may need to call MetricRegistries.global().addReportRegistration(...) before.
2019-11-12 23:39:08,107 [pool-569-thread-1] INFO  impl.RaftServerImpl (RaftServerImpl.java:start(184)) - 0cfa4e5a-af9b-49e5-b2c2-1a2dc6cf0616@group-296741F00278: start as a follower, conf=-1: [0cfa4e5a-af9b-49e5-b2c2-1a2dc6cf0616:192.168.164.236:41598, 2cdd6ea3-e978-43ee-a05f-f9ece739edb4:192.168.164.236:34677, bf4ebe41-a6c2-4458-a321-fc167af3521b:192.168.164.236:39425], old=null
2019-11-12 23:39:08,107 [pool-569-thread-1] INFO  impl.RaftServerImpl (RaftServerImpl.java:setRole(173)) - 0cfa4e5a-af9b-49e5-b2c2-1a2dc6cf0616@group-296741F00278: changes role from      null to FOLLOWER at term 0 for startAsFollower
2019-11-12 23:39:08,107 [pool-569-thread-1] INFO  impl.RoleInfo (RoleInfo.java:updateAndGet(143)) - 0cfa4e5a-af9b-49e5-b2c2-1a2dc6cf0616: start FollowerState
2019-11-12 23:39:08,107 [pool-569-thread-1] INFO  util.JmxRegister (JmxRegister.java:tryRegister(44)) - Successfully registered JMX Bean with object name Ratis:service=RaftServer,group=group-296741F00278,id=0cfa4e5a-af9b-49e5-b2c2-1a2dc6cf0616
2019-11-12 23:39:08,108 [pool-569-thread-1] WARN  impl.MetricRegistriesImpl (MetricRegistriesImpl.java:lambda$create$1(61)) - First MetricRegistry has been created without registering reporters. You may need to call MetricRegistries.global().addReportRegistration(...) before.
2019-11-12 23:39:08,109 [RatisPipelineUtilsThread] INFO  pipeline.PipelineStateManager (PipelineStateManager.java:addPipeline(55)) - Created pipeline Pipeline[ Id: 8d136716-8b0f-49ae-a252-296741f00278, Nodes: 2cdd6ea3-e978-43ee-a05f-f9ece739edb4{ip: 192.168.164.236, host: pr-hdds-2375-hvwjp-2869937553, networkLocation: /rack1, certSerialId: null}0cfa4e5a-af9b-49e5-b2c2-1a2dc6cf0616{ip: 192.168.164.236, host: pr-hdds-2375-hvwjp-2869937553, networkLocation: /rack1, certSerialId: null}bf4ebe41-a6c2-4458-a321-fc167af3521b{ip: 192.168.164.236, host: pr-hdds-2375-hvwjp-2869937553, networkLocation: /rack1, certSerialId: null}, Type:RATIS, Factor:THREE, State:ALLOCATED]
2019-11-12 23:39:08,110 [Thread-3931] INFO  pipeline.PipelineStateManager (PipelineStateManager.java:finalizePipeline(121)) - Pipeline Pipeline[ Id: a6a85990-6e56-4232-b549-40c4960585a8, Nodes: 2cdd6ea3-e978-43ee-a05f-f9ece739edb4{ip: 192.168.164.236, host: pr-hdds-2375-hvwjp-2869937553, networkLocation: /rack1, certSerialId: null}, Type:RATIS, Factor:ONE, State:CLOSED] moved to CLOSED state
2019-11-12 23:39:08,112 [grpc-default-executor-7] INFO  impl.RaftServerProxy (RaftServerProxy.java:remove(95)) - 2cdd6ea3-e978-43ee-a05f-f9ece739edb4: remove    LEADER 2cdd6ea3-e978-43ee-a05f-f9ece739edb4@group-40C4960585A8:t1, leader=2cdd6ea3-e978-43ee-a05f-f9ece739edb4, voted=2cdd6ea3-e978-43ee-a05f-f9ece739edb4, raftlog=2cdd6ea3-e978-43ee-a05f-f9ece739edb4@group-40C4960585A8-SegmentedRaftLog:OPENED:c0,f0,i0, conf=0: [2cdd6ea3-e978-43ee-a05f-f9ece739edb4:192.168.164.236:34677], old=null RUNNING
2019-11-12 23:39:08,112 [grpc-default-executor-7] INFO  impl.RaftServerImpl (RaftServerImpl.java:lambda$shutdown$3(250)) - 2cdd6ea3-e978-43ee-a05f-f9ece739edb4@group-40C4960585A8: shutdown
2019-11-12 23:39:08,113 [grpc-default-executor-7] INFO  util.JmxRegister (JmxRegister.java:unregister(73)) - Successfully un-registered JMX Bean with object name Ratis:service=RaftServer,group=group-40C4960585A8,id=2cdd6ea3-e978-43ee-a05f-f9ece739edb4
2019-11-12 23:39:08,113 [grpc-default-executor-7] INFO  impl.RoleInfo (RoleInfo.java:shutdownLeaderState(104)) - 2cdd6ea3-e978-43ee-a05f-f9ece739edb4: shutdown LeaderState
2019-11-12 23:39:08,113 [grpc-default-executor-7] INFO  impl.PendingRequests (PendingRequests.java:sendNotLeaderResponses(206)) - 2cdd6ea3-e978-43ee-a05f-f9ece739edb4@group-40C4960585A8-PendingRequests: sendNotLeaderResponses
2019-11-12 23:39:08,113 [grpc-default-executor-7] INFO  impl.StateMachineUpdater (StateMachineUpdater.java:stopAndJoin(136)) - 2cdd6ea3-e978-43ee-a05f-f9ece739edb4@group-40C4960585A8-StateMachineUpdater: set stopIndex = 0
2019-11-12 23:39:08,113 [grpc-default-executor-7] INFO  impl.RaftServerImpl (ServerState.java:close(387)) - 2cdd6ea3-e978-43ee-a05f-f9ece739edb4@group-40C4960585A8: closes. applyIndex: 0
2019-11-12 23:39:08,114 [2cdd6ea3-e978-43ee-a05f-f9ece739edb4@group-40C4960585A8-SegmentedRaftLogWorker] INFO  segmented.SegmentedRaftLogWorker (SegmentedRaftLogWorker.java:run(316)) - 2cdd6ea3-e978-43ee-a05f-f9ece739edb4@group-40C4960585A8-SegmentedRaftLogWorker was interrupted, exiting. There are 0 tasks remaining in the queue.
2019-11-12 23:39:08,114 [grpc-default-executor-7] INFO  segmented.SegmentedRaftLogWorker (SegmentedRaftLogWorker.java:close(224)) - 2cdd6ea3-e978-43ee-a05f-f9ece739edb4@group-40C4960585A8-SegmentedRaftLogWorker close()
2019-11-12 23:39:08,115 [Thread-3931] INFO  pipeline.PipelineStateManager (PipelineStateManager.java:removePipeline(106)) - Pipeline Pipeline[ Id: a6a85990-6e56-4232-b549-40c4960585a8, Nodes: 2cdd6ea3-e978-43ee-a05f-f9ece739edb4{ip: 192.168.164.236, host: pr-hdds-2375-hvwjp-2869937553, networkLocation: /rack1, certSerialId: null}, Type:RATIS, Factor:ONE, State:CLOSED] removed from db
2019-11-12 23:39:08,118 [grpc-default-executor-7] INFO  impl.RaftServerProxy (RaftServerProxy.java:addNew(89)) - 2cdd6ea3-e978-43ee-a05f-f9ece739edb4: addNew group-1391C67F3379:[2cdd6ea3-e978-43ee-a05f-f9ece739edb4:192.168.164.236:34677] returns group-1391C67F3379:java.util.concurrent.CompletableFuture@65b9108d[Not completed]
2019-11-12 23:39:08,119 [pool-579-thread-1] INFO  impl.RaftServerImpl (RaftServerImpl.java:<init>(98)) - 2cdd6ea3-e978-43ee-a05f-f9ece739edb4: new RaftServerImpl for group-1391C67F3379:[2cdd6ea3-e978-43ee-a05f-f9ece739edb4:192.168.164.236:34677] with ContainerStateMachine:uninitialized
2019-11-12 23:39:08,119 [pool-579-thread-1] INFO  server.RaftServerConfigKeys (ConfUtils.java:logGet(43)) - raft.server.rpc.timeout.min = 1s (custom)
2019-11-12 23:39:08,119 [pool-579-thread-1] INFO  server.RaftServerConfigKeys (ConfUtils.java:logGet(43)) - raft.server.rpc.timeout.max = 1200ms (custom)
2019-11-12 23:39:08,119 [pool-579-thread-1] INFO  server.RaftServerConfigKeys (ConfUtils.java:logGet(43)) - raft.server.rpcslowness.timeout = 120s (custom)
2019-11-12 23:39:08,119 [pool-579-thread-1] INFO  server.RaftServerConfigKeys (ConfUtils.java:logGet(43)) - raft.server.sleep.deviation.threshold = 300 (default)
2019-11-12 23:39:08,119 [pool-579-thread-1] INFO  server.RaftServerConfigKeys (ConfUtils.java:logGet(43)) - raft.server.log.appender.install.snapshot.enabled = false (custom)
2019-11-12 23:39:08,119 [pool-579-thread-1] INFO  impl.RaftServerImpl (ServerState.java:<init>(103)) - 2cdd6ea3-e978-43ee-a05f-f9ece739edb4@group-1391C67F3379: ConfigurationManager, init=-1: [2cdd6ea3-e978-43ee-a05f-f9ece739edb4:192.168.164.236:34677], old=null, confs=<EMPTY_MAP>
2019-11-12 23:39:08,119 [pool-579-thread-1] INFO  server.RaftServerConfigKeys (ConfUtils.java:logGet(43)) - raft.server.storage.dir = [/workdir/hadoop-ozone/integration-test/target/test-dir/MiniOzoneClusterImpl-af41d755-250d-41c0-9b7d-b62086ffbdd4/datanode-7/data/ratis] (custom)
2019-11-12 23:39:08,120 [pool-579-thread-1] INFO  server.RaftServerConfigKeys (ConfUtils.java:logGet(43)) - raft.server.log.corruption.policy = EXCEPTION (default)
2019-11-12 23:39:08,120 [pool-579-thread-1] INFO  storage.RaftStorageDirectory (RaftStorageDirectory.java:analyzeStorage(246)) - The storage directory /workdir/hadoop-ozone/integration-test/target/test-dir/MiniOzoneClusterImpl-af41d755-250d-41c0-9b7d-b62086ffbdd4/datanode-7/data/ratis/63d40cfe-4ff3-43e0-9078-1391c67f3379 does not exist. Creating ...
2019-11-12 23:39:08,132 [pool-579-thread-1] INFO  storage.RaftStorageDirectory (RaftStorageDirectory.java:tryLock(328)) - Lock on /workdir/hadoop-ozone/integration-test/target/test-dir/MiniOzoneClusterImpl-af41d755-250d-41c0-9b7d-b62086ffbdd4/datanode-7/data/ratis/63d40cfe-4ff3-43e0-9078-1391c67f3379/in_use.lock acquired by nodename 11492@pr-hdds-2375-hvwjp-2869937553
2019-11-12 23:39:08,145 [pool-579-thread-1] INFO  storage.RaftStorage (RaftStorage.java:format(84)) - Storage directory /workdir/hadoop-ozone/integration-test/target/test-dir/MiniOzoneClusterImpl-af41d755-250d-41c0-9b7d-b62086ffbdd4/datanode-7/data/ratis/63d40cfe-4ff3-43e0-9078-1391c67f3379 has been successfully formatted.
2019-11-12 23:39:08,145 [pool-579-thread-1] INFO  ratis.ContainerStateMachine (ContainerStateMachine.java:loadSnapshot(223)) - group-1391C67F3379: The snapshot info is null. Setting the last applied indexto:(t:0, i:~)
2019-11-12 23:39:08,145 [pool-579-thread-1] INFO  server.RaftServerConfigKeys (ConfUtils.java:logGet(43)) - raft.server.notification.no-leader.timeout = 120s (custom)
2019-11-12 23:39:08,145 [pool-579-thread-1] INFO  server.RaftServerConfigKeys (ConfUtils.java:logGet(43)) - raft.server.log.use.memory = false (default)
2019-11-12 23:39:08,146 [pool-579-thread-1] INFO  server.RaftServerConfigKeys (ConfUtils.java:logGet(43)) - raft.server.log.purge.gap = 1000000 (custom)
2019-11-12 23:39:08,146 [pool-579-thread-1] INFO  server.RaftServerConfigKeys (ConfUtils.java:logGet(43)) - raft.server.log.appender.buffer.byte-limit = 33554432 (custom)
2019-11-12 23:39:08,146 [pool-579-thread-1] INFO  server.RaftServerConfigKeys (ConfUtils.java:logGet(43)) - raft.server.log.segment.size.max = 1048576 (custom)
2019-11-12 23:39:08,146 [pool-579-thread-1] INFO  server.RaftServerConfigKeys (ConfUtils.java:logGet(43)) - raft.server.log.segment.cache.num.max = 2 (custom)
2019-11-12 23:39:08,146 [pool-579-thread-1] INFO  segmented.SegmentedRaftLogWorker (SegmentedRaftLogWorker.java:<init>(173)) - new 2cdd6ea3-e978-43ee-a05f-f9ece739edb4@group-1391C67F3379-SegmentedRaftLogWorker for RaftStorage:Storage Directory /workdir/hadoop-ozone/integration-test/target/test-dir/MiniOzoneClusterImpl-af41d755-250d-41c0-9b7d-b62086ffbdd4/datanode-7/data/ratis/63d40cfe-4ff3-43e0-9078-1391c67f3379
2019-11-12 23:39:08,146 [pool-579-thread-1] INFO  server.RaftServerConfigKeys (ConfUtils.java:logGet(43)) - raft.server.log.queue.byte-limit = 2147483647 (custom)
2019-11-12 23:39:08,146 [pool-579-thread-1] INFO  server.RaftServerConfigKeys (ConfUtils.java:logGet(43)) - raft.server.log.queue.element-limit = 1024 (custom)
2019-11-12 23:39:08,146 [pool-579-thread-1] INFO  server.RaftServerConfigKeys (ConfUtils.java:logGet(43)) - raft.server.log.segment.size.max = 1048576 (custom)
2019-11-12 23:39:08,146 [pool-579-thread-1] INFO  server.RaftServerConfigKeys (ConfUtils.java:logGet(43)) - raft.server.log.preallocated.size = 16384 (custom)
2019-11-12 23:39:08,146 [pool-579-thread-1] INFO  server.RaftServerConfigKeys (ConfUtils.java:logGet(43)) - raft.server.log.write.buffer.size = 33554432 (custom)
2019-11-12 23:39:08,147 [pool-579-thread-1] INFO  server.RaftServerConfigKeys (ConfUtils.java:logGet(43)) - raft.server.log.force.sync.num = 128 (default)
2019-11-12 23:39:08,147 [pool-579-thread-1] INFO  server.RaftServerConfigKeys (ConfUtils.java:logGet(43)) - raft.server.log.statemachine.data.sync = true (default)
2019-11-12 23:39:08,147 [pool-579-thread-1] INFO  server.RaftServerConfigKeys (ConfUtils.java:logGet(43)) - raft.server.log.statemachine.data.sync.timeout = 10s (default)
2019-11-12 23:39:08,147 [pool-579-thread-1] INFO  server.RaftServerConfigKeys (ConfUtils.java:logGet(43)) - raft.server.log.statemachine.data.sync.timeout.retry = -1 (default)
2019-11-12 23:39:08,147 [pool-579-thread-1] INFO  server.RaftServerConfigKeys (ConfUtils.java:logGet(43)) - raft.server.log.statemachine.data.caching.enabled = true (custom)
2019-11-12 23:39:08,147 [pool-579-thread-1] INFO  segmented.SegmentedRaftLogWorker (SegmentedRaftLogWorker.java:lambda$new$0(128)) - 2cdd6ea3-e978-43ee-a05f-f9ece739edb4@group-1391C67F3379-SegmentedRaftLogWorker: flushIndex: setUnconditionally 0 -> -1
2019-11-12 23:39:08,147 [pool-579-thread-1] INFO  server.RaftServerConfigKeys (ConfUtils.java:logGet(43)) - raft.server.snapshot.auto.trigger.enabled = true (custom)
2019-11-12 23:39:08,147 [pool-579-thread-1] INFO  server.RaftServerConfigKeys (ConfUtils.java:logGet(43)) - raft.server.snapshot.auto.trigger.threshold = 10000 (custom)
2019-11-12 23:39:08,148 [pool-579-thread-1] INFO  server.RaftServerConfigKeys (ConfUtils.java:logGet(43)) - raft.server.snapshot.retention.file.num = 5 (custom)
2019-11-12 23:39:08,148 [pool-579-thread-1] INFO  server.RaftServerConfigKeys (ConfUtils.java:logGet(43)) - raft.server.retrycache.expirytime = 600000ms (custom)
2019-11-12 23:39:08,148 [pool-579-thread-1] WARN  impl.MetricRegistriesImpl (MetricRegistriesImpl.java:lambda$create$1(61)) - First MetricRegistry has been created without registering reporters. You may need to call MetricRegistries.global().addReportRegistration(...) before.
2019-11-12 23:39:08,148 [pool-579-thread-1] WARN  impl.MetricRegistriesImpl (MetricRegistriesImpl.java:lambda$create$1(61)) - First MetricRegistry has been created without registering reporters. You may need to call MetricRegistries.global().addReportRegistration(...) before.
2019-11-12 23:39:08,148 [pool-579-thread-1] INFO  impl.RaftServerImpl (RaftServerImpl.java:start(184)) - 2cdd6ea3-e978-43ee-a05f-f9ece739edb4@group-1391C67F3379: start as a follower, conf=-1: [2cdd6ea3-e978-43ee-a05f-f9ece739edb4:192.168.164.236:34677], old=null
2019-11-12 23:39:08,148 [pool-579-thread-1] INFO  impl.RaftServerImpl (RaftServerImpl.java:setRole(173)) - 2cdd6ea3-e978-43ee-a05f-f9ece739edb4@group-1391C67F3379: changes role from      null to FOLLOWER at term 0 for startAsFollower
2019-11-12 23:39:08,148 [pool-579-thread-1] INFO  impl.RoleInfo (RoleInfo.java:updateAndGet(143)) - 2cdd6ea3-e978-43ee-a05f-f9ece739edb4: start FollowerState
2019-11-12 23:39:08,149 [pool-579-thread-1] INFO  util.JmxRegister (JmxRegister.java:tryRegister(44)) - Successfully registered JMX Bean with object name Ratis:service=RaftServer,group=group-1391C67F3379,id=2cdd6ea3-e978-43ee-a05f-f9ece739edb4
2019-11-12 23:39:08,149 [pool-579-thread-1] WARN  impl.MetricRegistriesImpl (MetricRegistriesImpl.java:lambda$create$1(61)) - First MetricRegistry has been created without registering reporters. You may need to call MetricRegistries.global().addReportRegistration(...) before.
2019-11-12 23:39:08,150 [RatisPipelineUtilsThread] INFO  pipeline.PipelineStateManager (PipelineStateManager.java:addPipeline(55)) - Created pipeline Pipeline[ Id: 63d40cfe-4ff3-43e0-9078-1391c67f3379, Nodes: 2cdd6ea3-e978-43ee-a05f-f9ece739edb4{ip: 192.168.164.236, host: pr-hdds-2375-hvwjp-2869937553, networkLocation: /rack1, certSerialId: null}, Type:RATIS, Factor:ONE, State:ALLOCATED]
2019-11-12 23:39:08,603 [Thread-4082] INFO  impl.FollowerState (FollowerState.java:run(111)) - ba8cdd06-c5bd-4e11-819a-217b7aca0c32@group-27F51BAEDF16-FollowerState: change to CANDIDATE, lastRpcTime:1076ms, electionTimeout:1076ms
2019-11-12 23:39:08,603 [Thread-4082] INFO  impl.RoleInfo (RoleInfo.java:shutdownFollowerState(121)) - ba8cdd06-c5bd-4e11-819a-217b7aca0c32: shutdown FollowerState
2019-11-12 23:39:08,604 [Thread-4082] INFO  impl.RaftServerImpl (RaftServerImpl.java:setRole(173)) - ba8cdd06-c5bd-4e11-819a-217b7aca0c32@group-27F51BAEDF16: changes role from  FOLLOWER to CANDIDATE at term 0 for changeToCandidate
2019-11-12 23:39:08,604 [Thread-4082] INFO  impl.RoleInfo (RoleInfo.java:updateAndGet(143)) - ba8cdd06-c5bd-4e11-819a-217b7aca0c32: start LeaderElection
2019-11-12 23:39:08,615 [Thread-4093] INFO  impl.FollowerState (FollowerState.java:run(111)) - 1f658cad-a8c7-4c86-bbeb-2b40079268d7@group-52F5F982BB9D-FollowerState: change to CANDIDATE, lastRpcTime:1019ms, electionTimeout:1019ms
2019-11-12 23:39:08,615 [Thread-4093] INFO  impl.RoleInfo (RoleInfo.java:shutdownFollowerState(121)) - 1f658cad-a8c7-4c86-bbeb-2b40079268d7: shutdown FollowerState
2019-11-12 23:39:08,615 [Thread-4093] INFO  impl.RaftServerImpl (RaftServerImpl.java:setRole(173)) - 1f658cad-a8c7-4c86-bbeb-2b40079268d7@group-52F5F982BB9D: changes role from  FOLLOWER to CANDIDATE at term 0 for changeToCandidate
2019-11-12 23:39:08,615 [Thread-4093] INFO  impl.RoleInfo (RoleInfo.java:updateAndGet(143)) - 1f658cad-a8c7-4c86-bbeb-2b40079268d7: start LeaderElection
2019-11-12 23:39:08,633 [ba8cdd06-c5bd-4e11-819a-217b7aca0c32@group-27F51BAEDF16-LeaderElection173] INFO  impl.LeaderElection (LeaderElection.java:askForVotes(178)) - ba8cdd06-c5bd-4e11-819a-217b7aca0c32@group-27F51BAEDF16-LeaderElection173: begin an election at term 1 for -1: [ba8cdd06-c5bd-4e11-819a-217b7aca0c32:192.168.164.236:45373], old=null
2019-11-12 23:39:08,633 [ba8cdd06-c5bd-4e11-819a-217b7aca0c32@group-27F51BAEDF16-LeaderElection173] INFO  impl.RoleInfo (RoleInfo.java:shutdownLeaderElection(134)) - ba8cdd06-c5bd-4e11-819a-217b7aca0c32: shutdown LeaderElection
2019-11-12 23:39:08,633 [ba8cdd06-c5bd-4e11-819a-217b7aca0c32@group-27F51BAEDF16-LeaderElection173] INFO  impl.RaftServerImpl (RaftServerImpl.java:setRole(173)) - ba8cdd06-c5bd-4e11-819a-217b7aca0c32@group-27F51BAEDF16: changes role from CANDIDATE to LEADER at term 1 for changeToLeader
2019-11-12 23:39:08,633 [ba8cdd06-c5bd-4e11-819a-217b7aca0c32@group-27F51BAEDF16-LeaderElection173] INFO  ratis.XceiverServerRatis (XceiverServerRatis.java:handleLeaderChangedNotification(697)) - Leader change notification received for group: group-27F51BAEDF16 with new leaderId: ba8cdd06-c5bd-4e11-819a-217b7aca0c32
2019-11-12 23:39:08,636 [ba8cdd06-c5bd-4e11-819a-217b7aca0c32@group-27F51BAEDF16-LeaderElection173] INFO  impl.RaftServerImpl (ServerState.java:setLeader(255)) - ba8cdd06-c5bd-4e11-819a-217b7aca0c32@group-27F51BAEDF16: change Leader from null to ba8cdd06-c5bd-4e11-819a-217b7aca0c32 at term 1 for becomeLeader, leader elected after 1118ms
2019-11-12 23:39:08,636 [ba8cdd06-c5bd-4e11-819a-217b7aca0c32@group-27F51BAEDF16-LeaderElection173] INFO  server.RaftServerConfigKeys (ConfUtils.java:logGet(43)) - raft.server.staging.catchup.gap = 1000 (default)
2019-11-12 23:39:08,636 [ba8cdd06-c5bd-4e11-819a-217b7aca0c32@group-27F51BAEDF16-LeaderElection173] INFO  server.RaftServerConfigKeys (ConfUtils.java:logGet(43)) - raft.server.rpc.sleep.time = 25ms (default)
2019-11-12 23:39:08,636 [ba8cdd06-c5bd-4e11-819a-217b7aca0c32@group-27F51BAEDF16-LeaderElection173] INFO  server.RaftServerConfigKeys (ConfUtils.java:logGet(43)) - raft.server.write.element-limit = 4096 (default)
2019-11-12 23:39:08,636 [ba8cdd06-c5bd-4e11-819a-217b7aca0c32@group-27F51BAEDF16-LeaderElection173] INFO  server.RaftServerConfigKeys (ConfUtils.java:logGet(43)) - raft.server.watch.timeout = 10s (default)
2019-11-12 23:39:08,636 [ba8cdd06-c5bd-4e11-819a-217b7aca0c32@group-27F51BAEDF16-LeaderElection173] INFO  server.RaftServerConfigKeys (ConfUtils.java:logGet(43)) - raft.server.watch.timeout.denomination = 1s (default)
2019-11-12 23:39:08,636 [ba8cdd06-c5bd-4e11-819a-217b7aca0c32@group-27F51BAEDF16-LeaderElection173] INFO  server.RaftServerConfigKeys (ConfUtils.java:logGet(43)) - raft.server.watch.element-limit = 65536 (default)
2019-11-12 23:39:08,637 [ba8cdd06-c5bd-4e11-819a-217b7aca0c32@group-27F51BAEDF16-LeaderElection173] INFO  impl.RoleInfo (RoleInfo.java:updateAndGet(143)) - ba8cdd06-c5bd-4e11-819a-217b7aca0c32: start LeaderState
2019-11-12 23:39:08,637 [ba8cdd06-c5bd-4e11-819a-217b7aca0c32@group-27F51BAEDF16-LeaderElection173] INFO  segmented.SegmentedRaftLogWorker (SegmentedRaftLogWorker.java:startLogSegment(385)) - ba8cdd06-c5bd-4e11-819a-217b7aca0c32@group-27F51BAEDF16-SegmentedRaftLogWorker: Starting segment from index:0
2019-11-12 23:39:08,637 [EventQueue-PipelineReportForPipelineReportHandler] INFO  pipeline.PipelineStateManager (PipelineStateManager.java:openPipeline(134)) - Pipeline Pipeline[ Id: 29bef7fb-937b-4f4a-965d-27f51baedf16, Nodes: ba8cdd06-c5bd-4e11-819a-217b7aca0c32{ip: 192.168.164.236, host: pr-hdds-2375-hvwjp-2869937553, networkLocation: /rack1, certSerialId: null}, Type:RATIS, Factor:ONE, State:OPEN] moved to OPEN state
2019-11-12 23:39:08,637 [ba8cdd06-c5bd-4e11-819a-217b7aca0c32@group-27F51BAEDF16-LeaderElection173] INFO  impl.RaftServerImpl (ServerState.java:setRaftConf(356)) - ba8cdd06-c5bd-4e11-819a-217b7aca0c32@group-27F51BAEDF16: set configuration 0: [ba8cdd06-c5bd-4e11-819a-217b7aca0c32:192.168.164.236:45373], old=null at 0
2019-11-12 23:39:08,638 [Thread-4089] INFO  impl.FollowerState (FollowerState.java:run(111)) - 98dbddad-cff4-4f87-9188-db1d76df9501@group-52F5F982BB9D-FollowerState: change to CANDIDATE, lastRpcTime:1065ms, electionTimeout:1065ms
2019-11-12 23:39:08,638 [Thread-4089] INFO  impl.RoleInfo (RoleInfo.java:shutdownFollowerState(121)) - 98dbddad-cff4-4f87-9188-db1d76df9501: shutdown FollowerState
2019-11-12 23:39:08,639 [Thread-4089] INFO  impl.RaftServerImpl (RaftServerImpl.java:setRole(173)) - 98dbddad-cff4-4f87-9188-db1d76df9501@group-52F5F982BB9D: changes role from  FOLLOWER to CANDIDATE at term 0 for changeToCandidate
2019-11-12 23:39:08,639 [Thread-4089] INFO  impl.RoleInfo (RoleInfo.java:updateAndGet(143)) - 98dbddad-cff4-4f87-9188-db1d76df9501: start LeaderElection
2019-11-12 23:39:08,673 [1f658cad-a8c7-4c86-bbeb-2b40079268d7@group-52F5F982BB9D-LeaderElection174] INFO  impl.LeaderElection (LeaderElection.java:askForVotes(178)) - 1f658cad-a8c7-4c86-bbeb-2b40079268d7@group-52F5F982BB9D-LeaderElection174: begin an election at term 1 for -1: [56d70f56-ceb9-47f6-9690-e0ced3248985:192.168.164.236:34224, 1f658cad-a8c7-4c86-bbeb-2b40079268d7:192.168.164.236:44556, 98dbddad-cff4-4f87-9188-db1d76df9501:192.168.164.236:45282], old=null
2019-11-12 23:39:08,677 [grpc-default-executor-7] INFO  impl.RaftServerImpl (RaftServerImpl.java:setRole(173)) - 56d70f56-ceb9-47f6-9690-e0ced3248985@group-52F5F982BB9D: changes role from  FOLLOWER to FOLLOWER at term 1 for recognizeCandidate:1f658cad-a8c7-4c86-bbeb-2b40079268d7
2019-11-12 23:39:08,677 [grpc-default-executor-7] INFO  impl.RoleInfo (RoleInfo.java:shutdownFollowerState(121)) - 56d70f56-ceb9-47f6-9690-e0ced3248985: shutdown FollowerState
2019-11-12 23:39:08,677 [grpc-default-executor-7] INFO  impl.RoleInfo (RoleInfo.java:updateAndGet(143)) - 56d70f56-ceb9-47f6-9690-e0ced3248985: start FollowerState
2019-11-12 23:39:08,677 [Thread-4094] INFO  impl.FollowerState (FollowerState.java:run(120)) - 56d70f56-ceb9-47f6-9690-e0ced3248985@group-52F5F982BB9D-FollowerState was interrupted: java.lang.InterruptedException: sleep interrupted
2019-11-12 23:39:08,686 [ba8cdd06-c5bd-4e11-819a-217b7aca0c32@group-27F51BAEDF16-SegmentedRaftLogWorker] INFO  segmented.SegmentedRaftLogWorker (SegmentedRaftLogWorker.java:execute(576)) - ba8cdd06-c5bd-4e11-819a-217b7aca0c32@group-27F51BAEDF16-SegmentedRaftLogWorker: created new log segment /workdir/hadoop-ozone/integration-test/target/test-dir/MiniOzoneClusterImpl-af41d755-250d-41c0-9b7d-b62086ffbdd4/datanode-9/data/ratis/29bef7fb-937b-4f4a-965d-27f51baedf16/current/log_inprogress_0
2019-11-12 23:39:08,686 [98dbddad-cff4-4f87-9188-db1d76df9501@group-52F5F982BB9D-LeaderElection175] INFO  impl.LeaderElection (LeaderElection.java:askForVotes(178)) - 98dbddad-cff4-4f87-9188-db1d76df9501@group-52F5F982BB9D-LeaderElection175: begin an election at term 1 for -1: [56d70f56-ceb9-47f6-9690-e0ced3248985:192.168.164.236:34224, 1f658cad-a8c7-4c86-bbeb-2b40079268d7:192.168.164.236:44556, 98dbddad-cff4-4f87-9188-db1d76df9501:192.168.164.236:45282], old=null
2019-11-12 23:39:08,690 [1f658cad-a8c7-4c86-bbeb-2b40079268d7@group-52F5F982BB9D-LeaderElection174] INFO  impl.LeaderElection (LeaderElection.java:logAndReturn(56)) - 1f658cad-a8c7-4c86-bbeb-2b40079268d7@group-52F5F982BB9D-LeaderElection174: Election PASSED; received 2 response(s) [1f658cad-a8c7-4c86-bbeb-2b40079268d7<-56d70f56-ceb9-47f6-9690-e0ced3248985#0:OK-t1, 1f658cad-a8c7-4c86-bbeb-2b40079268d7<-98dbddad-cff4-4f87-9188-db1d76df9501#0:FAIL-t1] and 0 exception(s); 1f658cad-a8c7-4c86-bbeb-2b40079268d7@group-52F5F982BB9D:t1, leader=null, voted=1f658cad-a8c7-4c86-bbeb-2b40079268d7, raftlog=1f658cad-a8c7-4c86-bbeb-2b40079268d7@group-52F5F982BB9D-SegmentedRaftLog:OPENED:c-1,f-1,i0, conf=-1: [56d70f56-ceb9-47f6-9690-e0ced3248985:192.168.164.236:34224, 1f658cad-a8c7-4c86-bbeb-2b40079268d7:192.168.164.236:44556, 98dbddad-cff4-4f87-9188-db1d76df9501:192.168.164.236:45282], old=null
2019-11-12 23:39:08,690 [1f658cad-a8c7-4c86-bbeb-2b40079268d7@group-52F5F982BB9D-LeaderElection174] INFO  impl.RoleInfo (RoleInfo.java:shutdownLeaderElection(134)) - 1f658cad-a8c7-4c86-bbeb-2b40079268d7: shutdown LeaderElection
2019-11-12 23:39:08,690 [1f658cad-a8c7-4c86-bbeb-2b40079268d7@group-52F5F982BB9D-LeaderElection174] INFO  impl.RaftServerImpl (RaftServerImpl.java:setRole(173)) - 1f658cad-a8c7-4c86-bbeb-2b40079268d7@group-52F5F982BB9D: changes role from CANDIDATE to LEADER at term 1 for changeToLeader
2019-11-12 23:39:08,690 [1f658cad-a8c7-4c86-bbeb-2b40079268d7@group-52F5F982BB9D-LeaderElection174] INFO  ratis.XceiverServerRatis (XceiverServerRatis.java:handleLeaderChangedNotification(697)) - Leader change notification received for group: group-52F5F982BB9D with new leaderId: 1f658cad-a8c7-4c86-bbeb-2b40079268d7
2019-11-12 23:39:08,690 [1f658cad-a8c7-4c86-bbeb-2b40079268d7@group-52F5F982BB9D-LeaderElection174] INFO  impl.RaftServerImpl (ServerState.java:setLeader(255)) - 1f658cad-a8c7-4c86-bbeb-2b40079268d7@group-52F5F982BB9D: change Leader from null to 1f658cad-a8c7-4c86-bbeb-2b40079268d7 at term 1 for becomeLeader, leader elected after 1123ms
2019-11-12 23:39:08,690 [1f658cad-a8c7-4c86-bbeb-2b40079268d7@group-52F5F982BB9D-LeaderElection174] INFO  server.RaftServerConfigKeys (ConfUtils.java:logGet(43)) - raft.server.staging.catchup.gap = 1000 (default)
2019-11-12 23:39:08,690 [1f658cad-a8c7-4c86-bbeb-2b40079268d7@group-52F5F982BB9D-LeaderElection174] INFO  server.RaftServerConfigKeys (ConfUtils.java:logGet(43)) - raft.server.rpc.sleep.time = 25ms (default)
2019-11-12 23:39:08,691 [1f658cad-a8c7-4c86-bbeb-2b40079268d7@group-52F5F982BB9D-LeaderElection174] INFO  server.RaftServerConfigKeys (ConfUtils.java:logGet(43)) - raft.server.write.element-limit = 4096 (default)
2019-11-12 23:39:08,691 [1f658cad-a8c7-4c86-bbeb-2b40079268d7@group-52F5F982BB9D-LeaderElection174] INFO  server.RaftServerConfigKeys (ConfUtils.java:logGet(43)) - raft.server.watch.timeout = 10s (default)
2019-11-12 23:39:08,693 [1f658cad-a8c7-4c86-bbeb-2b40079268d7@group-52F5F982BB9D-LeaderElection174] INFO  server.RaftServerConfigKeys (ConfUtils.java:logGet(43)) - raft.server.watch.timeout.denomination = 1s (default)
2019-11-12 23:39:08,694 [1f658cad-a8c7-4c86-bbeb-2b40079268d7@group-52F5F982BB9D-LeaderElection174] INFO  server.RaftServerConfigKeys (ConfUtils.java:logGet(43)) - raft.server.watch.element-limit = 65536 (default)
2019-11-12 23:39:08,694 [1f658cad-a8c7-4c86-bbeb-2b40079268d7@group-52F5F982BB9D-LeaderElection174] INFO  server.RaftServerConfigKeys (ConfUtils.java:logGet(43)) - raft.server.log.appender.snapshot.chunk.size.max = 16MB (=16777216) (default)
2019-11-12 23:39:08,694 [1f658cad-a8c7-4c86-bbeb-2b40079268d7@group-52F5F982BB9D-LeaderElection174] INFO  server.RaftServerConfigKeys (ConfUtils.java:logGet(43)) - raft.server.log.appender.buffer.byte-limit = 33554432 (custom)
2019-11-12 23:39:08,694 [1f658cad-a8c7-4c86-bbeb-2b40079268d7@group-52F5F982BB9D-LeaderElection174] INFO  server.RaftServerConfigKeys (ConfUtils.java:logGet(43)) - raft.server.log.appender.buffer.element-limit = 1 (custom)
2019-11-12 23:39:08,694 [1f658cad-a8c7-4c86-bbeb-2b40079268d7@group-52F5F982BB9D-LeaderElection174] INFO  grpc.GrpcConfigKeys$Server (ConfUtils.java:logGet(43)) - raft.grpc.server.leader.outstanding.appends.max = 128 (default)
2019-11-12 23:39:08,699 [1f658cad-a8c7-4c86-bbeb-2b40079268d7@group-52F5F982BB9D-LeaderElection174] INFO  server.RaftServerConfigKeys (ConfUtils.java:logGet(43)) - raft.server.rpc.request.timeout = 3000ms (default)
2019-11-12 23:39:08,699 [EventQueue-PipelineReportForPipelineReportHandler] INFO  pipeline.PipelineStateManager (PipelineStateManager.java:openPipeline(134)) - Pipeline Pipeline[ Id: 902052f6-9394-4a90-85bd-52f5f982bb9d, Nodes: 56d70f56-ceb9-47f6-9690-e0ced3248985{ip: 192.168.164.236, host: pr-hdds-2375-hvwjp-2869937553, networkLocation: /rack1, certSerialId: null}1f658cad-a8c7-4c86-bbeb-2b40079268d7{ip: 192.168.164.236, host: pr-hdds-2375-hvwjp-2869937553, networkLocation: /rack1, certSerialId: null}98dbddad-cff4-4f87-9188-db1d76df9501{ip: 192.168.164.236, host: pr-hdds-2375-hvwjp-2869937553, networkLocation: /rack1, certSerialId: null}, Type:RATIS, Factor:THREE, State:OPEN] moved to OPEN state
2019-11-12 23:39:08,699 [1f658cad-a8c7-4c86-bbeb-2b40079268d7@group-52F5F982BB9D-LeaderElection174] INFO  server.RaftServerConfigKeys (ConfUtils.java:logGet(43)) - raft.server.log.appender.install.snapshot.enabled = false (custom)
2019-11-12 23:39:08,702 [1f658cad-a8c7-4c86-bbeb-2b40079268d7@group-52F5F982BB9D-LeaderElection174] WARN  impl.MetricRegistriesImpl (MetricRegistriesImpl.java:lambda$create$1(61)) - First MetricRegistry has been created without registering reporters. You may need to call MetricRegistries.global().addReportRegistration(...) before.
2019-11-12 23:39:08,702 [1f658cad-a8c7-4c86-bbeb-2b40079268d7@group-52F5F982BB9D-LeaderElection174] INFO  server.RaftServerConfigKeys (ConfUtils.java:logGet(43)) - raft.server.log.appender.snapshot.chunk.size.max = 16MB (=16777216) (default)
2019-11-12 23:39:08,702 [1f658cad-a8c7-4c86-bbeb-2b40079268d7@group-52F5F982BB9D-LeaderElection174] INFO  server.RaftServerConfigKeys (ConfUtils.java:logGet(43)) - raft.server.log.appender.buffer.byte-limit = 33554432 (custom)
2019-11-12 23:39:08,702 [1f658cad-a8c7-4c86-bbeb-2b40079268d7@group-52F5F982BB9D-LeaderElection174] INFO  server.RaftServerConfigKeys (ConfUtils.java:logGet(43)) - raft.server.log.appender.buffer.element-limit = 1 (custom)
2019-11-12 23:39:08,702 [1f658cad-a8c7-4c86-bbeb-2b40079268d7@group-52F5F982BB9D-LeaderElection174] INFO  grpc.GrpcConfigKeys$Server (ConfUtils.java:logGet(43)) - raft.grpc.server.leader.outstanding.appends.max = 128 (default)
2019-11-12 23:39:08,702 [1f658cad-a8c7-4c86-bbeb-2b40079268d7@group-52F5F982BB9D-LeaderElection174] INFO  server.RaftServerConfigKeys (ConfUtils.java:logGet(43)) - raft.server.rpc.request.timeout = 3000ms (default)
2019-11-12 23:39:08,702 [1f658cad-a8c7-4c86-bbeb-2b40079268d7@group-52F5F982BB9D-LeaderElection174] INFO  server.RaftServerConfigKeys (ConfUtils.java:logGet(43)) - raft.server.log.appender.install.snapshot.enabled = false (custom)
2019-11-12 23:39:08,703 [1f658cad-a8c7-4c86-bbeb-2b40079268d7@group-52F5F982BB9D-LeaderElection174] INFO  impl.RoleInfo (RoleInfo.java:updateAndGet(143)) - 1f658cad-a8c7-4c86-bbeb-2b40079268d7: start LeaderState
2019-11-12 23:39:08,703 [1f658cad-a8c7-4c86-bbeb-2b40079268d7@group-52F5F982BB9D-LeaderElection174] INFO  segmented.SegmentedRaftLogWorker (SegmentedRaftLogWorker.java:startLogSegment(385)) - 1f658cad-a8c7-4c86-bbeb-2b40079268d7@group-52F5F982BB9D-SegmentedRaftLogWorker: Starting segment from index:0
2019-11-12 23:39:08,703 [1f658cad-a8c7-4c86-bbeb-2b40079268d7@group-52F5F982BB9D-LeaderElection174] INFO  impl.RaftServerImpl (ServerState.java:setRaftConf(356)) - 1f658cad-a8c7-4c86-bbeb-2b40079268d7@group-52F5F982BB9D: set configuration 0: [56d70f56-ceb9-47f6-9690-e0ced3248985:192.168.164.236:34224, 1f658cad-a8c7-4c86-bbeb-2b40079268d7:192.168.164.236:44556, 98dbddad-cff4-4f87-9188-db1d76df9501:192.168.164.236:45282], old=null at 0
2019-11-12 23:39:08,730 [grpc-default-executor-6] INFO  impl.RaftServerImpl (RaftServerImpl.java:requestVote(776)) - 1f658cad-a8c7-4c86-bbeb-2b40079268d7@group-52F5F982BB9D-   LEADER: Withhold vote from candidate 98dbddad-cff4-4f87-9188-db1d76df9501 with term 1. State: leader=1f658cad-a8c7-4c86-bbeb-2b40079268d7, term=1, lastRpcElapsed=null
2019-11-12 23:39:08,731 [98dbddad-cff4-4f87-9188-db1d76df9501@group-52F5F982BB9D-LeaderElection175] INFO  impl.LeaderElection (LeaderElection.java:logAndReturn(56)) - 98dbddad-cff4-4f87-9188-db1d76df9501@group-52F5F982BB9D-LeaderElection175: Election REJECTED; received 2 response(s) [98dbddad-cff4-4f87-9188-db1d76df9501<-56d70f56-ceb9-47f6-9690-e0ced3248985#0:FAIL-t1, 98dbddad-cff4-4f87-9188-db1d76df9501<-1f658cad-a8c7-4c86-bbeb-2b40079268d7#0:FAIL-t1] and 0 exception(s); 98dbddad-cff4-4f87-9188-db1d76df9501@group-52F5F982BB9D:t1, leader=null, voted=98dbddad-cff4-4f87-9188-db1d76df9501, raftlog=98dbddad-cff4-4f87-9188-db1d76df9501@group-52F5F982BB9D-SegmentedRaftLog:OPENED:c-1,f-1,i0, conf=-1: [56d70f56-ceb9-47f6-9690-e0ced3248985:192.168.164.236:34224, 1f658cad-a8c7-4c86-bbeb-2b40079268d7:192.168.164.236:44556, 98dbddad-cff4-4f87-9188-db1d76df9501:192.168.164.236:45282], old=null
2019-11-12 23:39:08,731 [grpc-default-executor-7] INFO  impl.RaftServerImpl (RaftServerImpl.java:setRole(173)) - 98dbddad-cff4-4f87-9188-db1d76df9501@group-52F5F982BB9D: changes role from CANDIDATE to FOLLOWER at term 1 for appendEntries
2019-11-12 23:39:08,731 [grpc-default-executor-6] INFO  ratis.XceiverServerRatis (XceiverServerRatis.java:handleLeaderChangedNotification(697)) - Leader change notification received for group: group-52F5F982BB9D with new leaderId: 1f658cad-a8c7-4c86-bbeb-2b40079268d7
2019-11-12 23:39:08,731 [grpc-default-executor-7] INFO  impl.RoleInfo (RoleInfo.java:shutdownLeaderElection(134)) - 98dbddad-cff4-4f87-9188-db1d76df9501: shutdown LeaderElection
2019-11-12 23:39:08,732 [grpc-default-executor-6] INFO  impl.RaftServerImpl (ServerState.java:setLeader(255)) - 56d70f56-ceb9-47f6-9690-e0ced3248985@group-52F5F982BB9D: change Leader from null to 1f658cad-a8c7-4c86-bbeb-2b40079268d7 at term 1 for appendEntries, leader elected after 1165ms
2019-11-12 23:39:08,732 [grpc-default-executor-7] INFO  impl.RoleInfo (RoleInfo.java:updateAndGet(143)) - 98dbddad-cff4-4f87-9188-db1d76df9501: start FollowerState
2019-11-12 23:39:08,732 [grpc-default-executor-7] INFO  ratis.XceiverServerRatis (XceiverServerRatis.java:handleLeaderChangedNotification(697)) - Leader change notification received for group: group-52F5F982BB9D with new leaderId: 1f658cad-a8c7-4c86-bbeb-2b40079268d7
2019-11-12 23:39:08,732 [grpc-default-executor-7] INFO  impl.RaftServerImpl (ServerState.java:setLeader(255)) - 98dbddad-cff4-4f87-9188-db1d76df9501@group-52F5F982BB9D: change Leader from null to 1f658cad-a8c7-4c86-bbeb-2b40079268d7 at term 1 for appendEntries, leader elected after 1165ms
2019-11-12 23:39:08,734 [grpc-default-executor-6] INFO  impl.RaftServerImpl (ServerState.java:setRaftConf(356)) - 56d70f56-ceb9-47f6-9690-e0ced3248985@group-52F5F982BB9D: set configuration 0: [56d70f56-ceb9-47f6-9690-e0ced3248985:192.168.164.236:34224, 1f658cad-a8c7-4c86-bbeb-2b40079268d7:192.168.164.236:44556, 98dbddad-cff4-4f87-9188-db1d76df9501:192.168.164.236:45282], old=null at 0
2019-11-12 23:39:08,734 [grpc-default-executor-6] INFO  segmented.SegmentedRaftLogWorker (SegmentedRaftLogWorker.java:startLogSegment(385)) - 56d70f56-ceb9-47f6-9690-e0ced3248985@group-52F5F982BB9D-SegmentedRaftLogWorker: Starting segment from index:0
2019-11-12 23:39:08,734 [grpc-default-executor-7] INFO  impl.RaftServerImpl (ServerState.java:setRaftConf(356)) - 98dbddad-cff4-4f87-9188-db1d76df9501@group-52F5F982BB9D: set configuration 0: [56d70f56-ceb9-47f6-9690-e0ced3248985:192.168.164.236:34224, 1f658cad-a8c7-4c86-bbeb-2b40079268d7:192.168.164.236:44556, 98dbddad-cff4-4f87-9188-db1d76df9501:192.168.164.236:45282], old=null at 0
2019-11-12 23:39:08,734 [grpc-default-executor-7] INFO  segmented.SegmentedRaftLogWorker (SegmentedRaftLogWorker.java:startLogSegment(385)) - 98dbddad-cff4-4f87-9188-db1d76df9501@group-52F5F982BB9D-SegmentedRaftLogWorker: Starting segment from index:0
2019-11-12 23:39:08,777 [Thread-4103] INFO  impl.FollowerState (FollowerState.java:run(111)) - e78e490f-dcb2-4ec6-aeec-6e1e9400be8d@group-E0782CB4127B-FollowerState: change to CANDIDATE, lastRpcTime:1105ms, electionTimeout:1096ms
2019-11-12 23:39:08,777 [Thread-4111] INFO  impl.FollowerState (FollowerState.java:run(111)) - 0cfa4e5a-af9b-49e5-b2c2-1a2dc6cf0616@group-92A2B2584643-FollowerState: change to CANDIDATE, lastRpcTime:1052ms, electionTimeout:1029ms
2019-11-12 23:39:08,777 [1f658cad-a8c7-4c86-bbeb-2b40079268d7@group-52F5F982BB9D-SegmentedRaftLogWorker] INFO  segmented.SegmentedRaftLogWorker (SegmentedRaftLogWorker.java:execute(576)) - 1f658cad-a8c7-4c86-bbeb-2b40079268d7@group-52F5F982BB9D-SegmentedRaftLogWorker: created new log segment /workdir/hadoop-ozone/integration-test/target/test-dir/MiniOzoneClusterImpl-af41d755-250d-41c0-9b7d-b62086ffbdd4/datanode-0/data/ratis/902052f6-9394-4a90-85bd-52f5f982bb9d/current/log_inprogress_0
2019-11-12 23:39:08,777 [Thread-4111] INFO  impl.RoleInfo (RoleInfo.java:shutdownFollowerState(121)) - 0cfa4e5a-af9b-49e5-b2c2-1a2dc6cf0616: shutdown FollowerState
2019-11-12 23:39:08,777 [Thread-4103] INFO  impl.RoleInfo (RoleInfo.java:shutdownFollowerState(121)) - e78e490f-dcb2-4ec6-aeec-6e1e9400be8d: shutdown FollowerState
2019-11-12 23:39:08,777 [Thread-4111] INFO  impl.RaftServerImpl (RaftServerImpl.java:setRole(173)) - 0cfa4e5a-af9b-49e5-b2c2-1a2dc6cf0616@group-92A2B2584643: changes role from  FOLLOWER to CANDIDATE at term 0 for changeToCandidate
2019-11-12 23:39:08,781 [Thread-4103] INFO  impl.RaftServerImpl (RaftServerImpl.java:setRole(173)) - e78e490f-dcb2-4ec6-aeec-6e1e9400be8d@group-E0782CB4127B: changes role from  FOLLOWER to CANDIDATE at term 0 for changeToCandidate
2019-11-12 23:39:08,781 [Thread-4111] INFO  impl.RoleInfo (RoleInfo.java:updateAndGet(143)) - 0cfa4e5a-af9b-49e5-b2c2-1a2dc6cf0616: start LeaderElection
2019-11-12 23:39:08,781 [Thread-4103] INFO  impl.RoleInfo (RoleInfo.java:updateAndGet(143)) - e78e490f-dcb2-4ec6-aeec-6e1e9400be8d: start LeaderElection
2019-11-12 23:39:08,790 [98dbddad-cff4-4f87-9188-db1d76df9501@group-52F5F982BB9D-SegmentedRaftLogWorker] INFO  segmented.SegmentedRaftLogWorker (SegmentedRaftLogWorker.java:execute(576)) - 98dbddad-cff4-4f87-9188-db1d76df9501@group-52F5F982BB9D-SegmentedRaftLogWorker: created new log segment /workdir/hadoop-ozone/integration-test/target/test-dir/MiniOzoneClusterImpl-af41d755-250d-41c0-9b7d-b62086ffbdd4/datanode-2/data/ratis/902052f6-9394-4a90-85bd-52f5f982bb9d/current/log_inprogress_0
2019-11-12 23:39:08,790 [56d70f56-ceb9-47f6-9690-e0ced3248985@group-52F5F982BB9D-SegmentedRaftLogWorker] INFO  segmented.SegmentedRaftLogWorker (SegmentedRaftLogWorker.java:execute(576)) - 56d70f56-ceb9-47f6-9690-e0ced3248985@group-52F5F982BB9D-SegmentedRaftLogWorker: created new log segment /workdir/hadoop-ozone/integration-test/target/test-dir/MiniOzoneClusterImpl-af41d755-250d-41c0-9b7d-b62086ffbdd4/datanode-1/data/ratis/902052f6-9394-4a90-85bd-52f5f982bb9d/current/log_inprogress_0
2019-11-12 23:39:08,790 [0cfa4e5a-af9b-49e5-b2c2-1a2dc6cf0616@group-92A2B2584643-LeaderElection176] INFO  impl.LeaderElection (LeaderElection.java:askForVotes(178)) - 0cfa4e5a-af9b-49e5-b2c2-1a2dc6cf0616@group-92A2B2584643-LeaderElection176: begin an election at term 1 for -1: [0cfa4e5a-af9b-49e5-b2c2-1a2dc6cf0616:192.168.164.236:41598], old=null
2019-11-12 23:39:08,790 [e78e490f-dcb2-4ec6-aeec-6e1e9400be8d@group-E0782CB4127B-LeaderElection177] INFO  impl.LeaderElection (LeaderElection.java:askForVotes(178)) - e78e490f-dcb2-4ec6-aeec-6e1e9400be8d@group-E0782CB4127B-LeaderElection177: begin an election at term 1 for -1: [e78e490f-dcb2-4ec6-aeec-6e1e9400be8d:192.168.164.236:41531], old=null
2019-11-12 23:39:08,790 [0cfa4e5a-af9b-49e5-b2c2-1a2dc6cf0616@group-92A2B2584643-LeaderElection176] INFO  impl.RoleInfo (RoleInfo.java:shutdownLeaderElection(134)) - 0cfa4e5a-af9b-49e5-b2c2-1a2dc6cf0616: shutdown LeaderElection
2019-11-12 23:39:08,790 [e78e490f-dcb2-4ec6-aeec-6e1e9400be8d@group-E0782CB4127B-LeaderElection177] INFO  impl.RoleInfo (RoleInfo.java:shutdownLeaderElection(134)) - e78e490f-dcb2-4ec6-aeec-6e1e9400be8d: shutdown LeaderElection
2019-11-12 23:39:08,790 [0cfa4e5a-af9b-49e5-b2c2-1a2dc6cf0616@group-92A2B2584643-LeaderElection176] INFO  impl.RaftServerImpl (RaftServerImpl.java:setRole(173)) - 0cfa4e5a-af9b-49e5-b2c2-1a2dc6cf0616@group-92A2B2584643: changes role from CANDIDATE to LEADER at term 1 for changeToLeader
2019-11-12 23:39:08,790 [e78e490f-dcb2-4ec6-aeec-6e1e9400be8d@group-E0782CB4127B-LeaderElection177] INFO  impl.RaftServerImpl (RaftServerImpl.java:setRole(173)) - e78e490f-dcb2-4ec6-aeec-6e1e9400be8d@group-E0782CB4127B: changes role from CANDIDATE to LEADER at term 1 for changeToLeader
2019-11-12 23:39:08,790 [e78e490f-dcb2-4ec6-aeec-6e1e9400be8d@group-E0782CB4127B-LeaderElection177] INFO  ratis.XceiverServerRatis (XceiverServerRatis.java:handleLeaderChangedNotification(697)) - Leader change notification received for group: group-E0782CB4127B with new leaderId: e78e490f-dcb2-4ec6-aeec-6e1e9400be8d
2019-11-12 23:39:08,790 [0cfa4e5a-af9b-49e5-b2c2-1a2dc6cf0616@group-92A2B2584643-LeaderElection176] INFO  ratis.XceiverServerRatis (XceiverServerRatis.java:handleLeaderChangedNotification(697)) - Leader change notification received for group: group-92A2B2584643 with new leaderId: 0cfa4e5a-af9b-49e5-b2c2-1a2dc6cf0616
2019-11-12 23:39:08,791 [e78e490f-dcb2-4ec6-aeec-6e1e9400be8d@group-E0782CB4127B-LeaderElection177] INFO  impl.RaftServerImpl (ServerState.java:setLeader(255)) - e78e490f-dcb2-4ec6-aeec-6e1e9400be8d@group-E0782CB4127B: change Leader from null to e78e490f-dcb2-4ec6-aeec-6e1e9400be8d at term 1 for becomeLeader, leader elected after 1122ms
2019-11-12 23:39:08,791 [0cfa4e5a-af9b-49e5-b2c2-1a2dc6cf0616@group-92A2B2584643-LeaderElection176] INFO  impl.RaftServerImpl (ServerState.java:setLeader(255)) - 0cfa4e5a-af9b-49e5-b2c2-1a2dc6cf0616@group-92A2B2584643: change Leader from null to 0cfa4e5a-af9b-49e5-b2c2-1a2dc6cf0616 at term 1 for becomeLeader, leader elected after 1068ms
2019-11-12 23:39:08,791 [e78e490f-dcb2-4ec6-aeec-6e1e9400be8d@group-E0782CB4127B-LeaderElection177] INFO  server.RaftServerConfigKeys (ConfUtils.java:logGet(43)) - raft.server.staging.catchup.gap = 1000 (default)
2019-11-12 23:39:08,791 [0cfa4e5a-af9b-49e5-b2c2-1a2dc6cf0616@group-92A2B2584643-LeaderElection176] INFO  server.RaftServerConfigKeys (ConfUtils.java:logGet(43)) - raft.server.staging.catchup.gap = 1000 (default)
2019-11-12 23:39:08,791 [e78e490f-dcb2-4ec6-aeec-6e1e9400be8d@group-E0782CB4127B-LeaderElection177] INFO  server.RaftServerConfigKeys (ConfUtils.java:logGet(43)) - raft.server.rpc.sleep.time = 25ms (default)
2019-11-12 23:39:08,791 [0cfa4e5a-af9b-49e5-b2c2-1a2dc6cf0616@group-92A2B2584643-LeaderElection176] INFO  server.RaftServerConfigKeys (ConfUtils.java:logGet(43)) - raft.server.rpc.sleep.time = 25ms (default)
2019-11-12 23:39:08,791 [e78e490f-dcb2-4ec6-aeec-6e1e9400be8d@group-E0782CB4127B-LeaderElection177] INFO  server.RaftServerConfigKeys (ConfUtils.java:logGet(43)) - raft.server.write.element-limit = 4096 (default)
2019-11-12 23:39:08,791 [0cfa4e5a-af9b-49e5-b2c2-1a2dc6cf0616@group-92A2B2584643-LeaderElection176] INFO  server.RaftServerConfigKeys (ConfUtils.java:logGet(43)) - raft.server.write.element-limit = 4096 (default)
2019-11-12 23:39:08,792 [EventQueue-PipelineReportForPipelineReportHandler] INFO  pipeline.PipelineStateManager (PipelineStateManager.java:openPipeline(134)) - Pipeline Pipeline[ Id: f881ce0f-18a5-427a-bfa1-e0782cb4127b, Nodes: e78e490f-dcb2-4ec6-aeec-6e1e9400be8d{ip: 192.168.164.236, host: pr-hdds-2375-hvwjp-2869937553, networkLocation: /rack1, certSerialId: null}, Type:RATIS, Factor:ONE, State:OPEN] moved to OPEN state
2019-11-12 23:39:08,792 [e78e490f-dcb2-4ec6-aeec-6e1e9400be8d@group-E0782CB4127B-LeaderElection177] INFO  server.RaftServerConfigKeys (ConfUtils.java:logGet(43)) - raft.server.watch.timeout = 10s (default)
2019-11-12 23:39:08,792 [EventQueue-PipelineReportForPipelineReportHandler] INFO  pipeline.PipelineStateManager (PipelineStateManager.java:openPipeline(134)) - Pipeline Pipeline[ Id: 48029057-e8e2-479d-a130-92a2b2584643, Nodes: 0cfa4e5a-af9b-49e5-b2c2-1a2dc6cf0616{ip: 192.168.164.236, host: pr-hdds-2375-hvwjp-2869937553, networkLocation: /rack1, certSerialId: null}, Type:RATIS, Factor:ONE, State:OPEN] moved to OPEN state
2019-11-12 23:39:08,792 [0cfa4e5a-af9b-49e5-b2c2-1a2dc6cf0616@group-92A2B2584643-LeaderElection176] INFO  server.RaftServerConfigKeys (ConfUtils.java:logGet(43)) - raft.server.watch.timeout = 10s (default)
2019-11-12 23:39:08,792 [e78e490f-dcb2-4ec6-aeec-6e1e9400be8d@group-E0782CB4127B-LeaderElection177] INFO  server.RaftServerConfigKeys (ConfUtils.java:logGet(43)) - raft.server.watch.timeout.denomination = 1s (default)
2019-11-12 23:39:08,792 [0cfa4e5a-af9b-49e5-b2c2-1a2dc6cf0616@group-92A2B2584643-LeaderElection176] INFO  server.RaftServerConfigKeys (ConfUtils.java:logGet(43)) - raft.server.watch.timeout.denomination = 1s (default)
2019-11-12 23:39:08,792 [e78e490f-dcb2-4ec6-aeec-6e1e9400be8d@group-E0782CB4127B-LeaderElection177] INFO  server.RaftServerConfigKeys (ConfUtils.java:logGet(43)) - raft.server.watch.element-limit = 65536 (default)
2019-11-12 23:39:08,792 [0cfa4e5a-af9b-49e5-b2c2-1a2dc6cf0616@group-92A2B2584643-LeaderElection176] INFO  server.RaftServerConfigKeys (ConfUtils.java:logGet(43)) - raft.server.watch.element-limit = 65536 (default)
2019-11-12 23:39:08,792 [e78e490f-dcb2-4ec6-aeec-6e1e9400be8d@group-E0782CB4127B-LeaderElection177] INFO  impl.RoleInfo (RoleInfo.java:updateAndGet(143)) - e78e490f-dcb2-4ec6-aeec-6e1e9400be8d: start LeaderState
2019-11-12 23:39:08,793 [0cfa4e5a-af9b-49e5-b2c2-1a2dc6cf0616@group-92A2B2584643-LeaderElection176] INFO  impl.RoleInfo (RoleInfo.java:updateAndGet(143)) - 0cfa4e5a-af9b-49e5-b2c2-1a2dc6cf0616: start LeaderState
2019-11-12 23:39:08,793 [e78e490f-dcb2-4ec6-aeec-6e1e9400be8d@group-E0782CB4127B-LeaderElection177] INFO  segmented.SegmentedRaftLogWorker (SegmentedRaftLogWorker.java:startLogSegment(385)) - e78e490f-dcb2-4ec6-aeec-6e1e9400be8d@group-E0782CB4127B-SegmentedRaftLogWorker: Starting segment from index:0
2019-11-12 23:39:08,793 [0cfa4e5a-af9b-49e5-b2c2-1a2dc6cf0616@group-92A2B2584643-LeaderElection176] INFO  segmented.SegmentedRaftLogWorker (SegmentedRaftLogWorker.java:startLogSegment(385)) - 0cfa4e5a-af9b-49e5-b2c2-1a2dc6cf0616@group-92A2B2584643-SegmentedRaftLogWorker: Starting segment from index:0
2019-11-12 23:39:08,793 [e78e490f-dcb2-4ec6-aeec-6e1e9400be8d@group-E0782CB4127B-LeaderElection177] INFO  impl.RaftServerImpl (ServerState.java:setRaftConf(356)) - e78e490f-dcb2-4ec6-aeec-6e1e9400be8d@group-E0782CB4127B: set configuration 0: [e78e490f-dcb2-4ec6-aeec-6e1e9400be8d:192.168.164.236:41531], old=null at 0
2019-11-12 23:39:08,830 [Thread-4107] INFO  impl.FollowerState (FollowerState.java:run(111)) - 7c2b8f83-a523-49c2-afdc-9b713bfd472f@group-60212FBC3C2E-FollowerState: change to CANDIDATE, lastRpcTime:1129ms, electionTimeout:1118ms
2019-11-12 23:39:08,830 [Thread-4100] INFO  impl.FollowerState (FollowerState.java:run(111)) - 56d70f56-ceb9-47f6-9690-e0ced3248985@group-CE99C0433129-FollowerState: change to CANDIDATE, lastRpcTime:1177ms, electionTimeout:1158ms
2019-11-12 23:39:08,831 [Thread-4107] INFO  impl.RoleInfo (RoleInfo.java:shutdownFollowerState(121)) - 7c2b8f83-a523-49c2-afdc-9b713bfd472f: shutdown FollowerState
2019-11-12 23:39:08,831 [Thread-4100] INFO  impl.RoleInfo (RoleInfo.java:shutdownFollowerState(121)) - 56d70f56-ceb9-47f6-9690-e0ced3248985: shutdown FollowerState
2019-11-12 23:39:08,831 [0cfa4e5a-af9b-49e5-b2c2-1a2dc6cf0616@group-92A2B2584643-LeaderElection176] INFO  impl.RaftServerImpl (ServerState.java:setRaftConf(356)) - 0cfa4e5a-af9b-49e5-b2c2-1a2dc6cf0616@group-92A2B2584643: set configuration 0: [0cfa4e5a-af9b-49e5-b2c2-1a2dc6cf0616:192.168.164.236:41598], old=null at 0
2019-11-12 23:39:08,831 [Thread-4100] INFO  impl.RaftServerImpl (RaftServerImpl.java:setRole(173)) - 56d70f56-ceb9-47f6-9690-e0ced3248985@group-CE99C0433129: changes role from  FOLLOWER to CANDIDATE at term 0 for changeToCandidate
2019-11-12 23:39:08,831 [Thread-4107] INFO  impl.RaftServerImpl (RaftServerImpl.java:setRole(173)) - 7c2b8f83-a523-49c2-afdc-9b713bfd472f@group-60212FBC3C2E: changes role from  FOLLOWER to CANDIDATE at term 0 for changeToCandidate
2019-11-12 23:39:08,831 [Thread-4100] INFO  impl.RoleInfo (RoleInfo.java:updateAndGet(143)) - 56d70f56-ceb9-47f6-9690-e0ced3248985: start LeaderElection
2019-11-12 23:39:08,833 [Thread-4107] INFO  impl.RoleInfo (RoleInfo.java:updateAndGet(143)) - 7c2b8f83-a523-49c2-afdc-9b713bfd472f: start LeaderElection
2019-11-12 23:39:08,870 [Thread-4115] INFO  impl.FollowerState (FollowerState.java:run(111)) - 98dbddad-cff4-4f87-9188-db1d76df9501@group-662806A6C9CE-FollowerState: change to CANDIDATE, lastRpcTime:1107ms, electionTimeout:1100ms
2019-11-12 23:39:08,870 [e78e490f-dcb2-4ec6-aeec-6e1e9400be8d@group-E0782CB4127B-SegmentedRaftLogWorker] INFO  segmented.SegmentedRaftLogWorker (SegmentedRaftLogWorker.java:execute(576)) - e78e490f-dcb2-4ec6-aeec-6e1e9400be8d@group-E0782CB4127B-SegmentedRaftLogWorker: created new log segment /workdir/hadoop-ozone/integration-test/target/test-dir/MiniOzoneClusterImpl-af41d755-250d-41c0-9b7d-b62086ffbdd4/datanode-5/data/ratis/f881ce0f-18a5-427a-bfa1-e0782cb4127b/current/log_inprogress_0
2019-11-12 23:39:08,870 [Thread-4119] INFO  impl.FollowerState (FollowerState.java:run(111)) - 568551cc-7cda-4cdf-9ff0-2cea755fc381@group-C5C4C1D6B5CF-FollowerState: change to CANDIDATE, lastRpcTime:1054ms, electionTimeout:1023ms
2019-11-12 23:39:08,870 [Thread-4115] INFO  impl.RoleInfo (RoleInfo.java:shutdownFollowerState(121)) - 98dbddad-cff4-4f87-9188-db1d76df9501: shutdown FollowerState
2019-11-12 23:39:08,871 [Thread-4119] INFO  impl.RoleInfo (RoleInfo.java:shutdownFollowerState(121)) - 568551cc-7cda-4cdf-9ff0-2cea755fc381: shutdown FollowerState
2019-11-12 23:39:08,871 [Thread-4115] INFO  impl.RaftServerImpl (RaftServerImpl.java:setRole(173)) - 98dbddad-cff4-4f87-9188-db1d76df9501@group-662806A6C9CE: changes role from  FOLLOWER to CANDIDATE at term 0 for changeToCandidate
2019-11-12 23:39:08,871 [Thread-4119] INFO  impl.RaftServerImpl (RaftServerImpl.java:setRole(173)) - 568551cc-7cda-4cdf-9ff0-2cea755fc381@group-C5C4C1D6B5CF: changes role from  FOLLOWER to CANDIDATE at term 0 for changeToCandidate
2019-11-12 23:39:08,871 [Thread-4115] INFO  impl.RoleInfo (RoleInfo.java:updateAndGet(143)) - 98dbddad-cff4-4f87-9188-db1d76df9501: start LeaderElection
2019-11-12 23:39:08,871 [Thread-4119] INFO  impl.RoleInfo (RoleInfo.java:updateAndGet(143)) - 568551cc-7cda-4cdf-9ff0-2cea755fc381: start LeaderElection
2019-11-12 23:39:08,884 [0cfa4e5a-af9b-49e5-b2c2-1a2dc6cf0616@group-92A2B2584643-SegmentedRaftLogWorker] INFO  segmented.SegmentedRaftLogWorker (SegmentedRaftLogWorker.java:execute(576)) - 0cfa4e5a-af9b-49e5-b2c2-1a2dc6cf0616@group-92A2B2584643-SegmentedRaftLogWorker: created new log segment /workdir/hadoop-ozone/integration-test/target/test-dir/MiniOzoneClusterImpl-af41d755-250d-41c0-9b7d-b62086ffbdd4/datanode-6/data/ratis/48029057-e8e2-479d-a130-92a2b2584643/current/log_inprogress_0
2019-11-12 23:39:08,884 [7c2b8f83-a523-49c2-afdc-9b713bfd472f@group-60212FBC3C2E-LeaderElection179] INFO  impl.LeaderElection (LeaderElection.java:askForVotes(178)) - 7c2b8f83-a523-49c2-afdc-9b713bfd472f@group-60212FBC3C2E-LeaderElection179: begin an election at term 1 for -1: [7c2b8f83-a523-49c2-afdc-9b713bfd472f:192.168.164.236:43042], old=null
2019-11-12 23:39:08,884 [56d70f56-ceb9-47f6-9690-e0ced3248985@group-CE99C0433129-LeaderElection178] INFO  impl.LeaderElection (LeaderElection.java:askForVotes(178)) - 56d70f56-ceb9-47f6-9690-e0ced3248985@group-CE99C0433129-LeaderElection178: begin an election at term 1 for -1: [56d70f56-ceb9-47f6-9690-e0ced3248985:192.168.164.236:34224], old=null
2019-11-12 23:39:08,884 [7c2b8f83-a523-49c2-afdc-9b713bfd472f@group-60212FBC3C2E-LeaderElection179] INFO  impl.RoleInfo (RoleInfo.java:shutdownLeaderElection(134)) - 7c2b8f83-a523-49c2-afdc-9b713bfd472f: shutdown LeaderElection
2019-11-12 23:39:08,884 [568551cc-7cda-4cdf-9ff0-2cea755fc381@group-C5C4C1D6B5CF-LeaderElection181] INFO  impl.LeaderElection (LeaderElection.java:askForVotes(178)) - 568551cc-7cda-4cdf-9ff0-2cea755fc381@group-C5C4C1D6B5CF-LeaderElection181: begin an election at term 1 for -1: [568551cc-7cda-4cdf-9ff0-2cea755fc381:192.168.164.236:38434], old=null
2019-11-12 23:39:08,884 [98dbddad-cff4-4f87-9188-db1d76df9501@group-662806A6C9CE-LeaderElection180] INFO  impl.LeaderElection (LeaderElection.java:askForVotes(178)) - 98dbddad-cff4-4f87-9188-db1d76df9501@group-662806A6C9CE-LeaderElection180: begin an election at term 1 for -1: [98dbddad-cff4-4f87-9188-db1d76df9501:192.168.164.236:45282], old=null
2019-11-12 23:39:08,884 [568551cc-7cda-4cdf-9ff0-2cea755fc381@group-C5C4C1D6B5CF-LeaderElection181] INFO  impl.RoleInfo (RoleInfo.java:shutdownLeaderElection(134)) - 568551cc-7cda-4cdf-9ff0-2cea755fc381: shutdown LeaderElection
2019-11-12 23:39:08,884 [7c2b8f83-a523-49c2-afdc-9b713bfd472f@group-60212FBC3C2E-LeaderElection179] INFO  impl.RaftServerImpl (RaftServerImpl.java:setRole(173)) - 7c2b8f83-a523-49c2-afdc-9b713bfd472f@group-60212FBC3C2E: changes role from CANDIDATE to LEADER at term 1 for changeToLeader
2019-11-12 23:39:08,885 [7c2b8f83-a523-49c2-afdc-9b713bfd472f@group-60212FBC3C2E-LeaderElection179] INFO  ratis.XceiverServerRatis (XceiverServerRatis.java:handleLeaderChangedNotification(697)) - Leader change notification received for group: group-60212FBC3C2E with new leaderId: 7c2b8f83-a523-49c2-afdc-9b713bfd472f
2019-11-12 23:39:08,884 [56d70f56-ceb9-47f6-9690-e0ced3248985@group-CE99C0433129-LeaderElection178] INFO  impl.RoleInfo (RoleInfo.java:shutdownLeaderElection(134)) - 56d70f56-ceb9-47f6-9690-e0ced3248985: shutdown LeaderElection
2019-11-12 23:39:08,885 [7c2b8f83-a523-49c2-afdc-9b713bfd472f@group-60212FBC3C2E-LeaderElection179] INFO  impl.RaftServerImpl (ServerState.java:setLeader(255)) - 7c2b8f83-a523-49c2-afdc-9b713bfd472f@group-60212FBC3C2E: change Leader from null to 7c2b8f83-a523-49c2-afdc-9b713bfd472f at term 1 for becomeLeader, leader elected after 1187ms
2019-11-12 23:39:08,885 [568551cc-7cda-4cdf-9ff0-2cea755fc381@group-C5C4C1D6B5CF-LeaderElection181] INFO  impl.RaftServerImpl (RaftServerImpl.java:setRole(173)) - 568551cc-7cda-4cdf-9ff0-2cea755fc381@group-C5C4C1D6B5CF: changes role from CANDIDATE to LEADER at term 1 for changeToLeader
2019-11-12 23:39:08,884 [98dbddad-cff4-4f87-9188-db1d76df9501@group-662806A6C9CE-LeaderElection180] INFO  impl.RoleInfo (RoleInfo.java:shutdownLeaderElection(134)) - 98dbddad-cff4-4f87-9188-db1d76df9501: shutdown LeaderElection
2019-11-12 23:39:08,885 [568551cc-7cda-4cdf-9ff0-2cea755fc381@group-C5C4C1D6B5CF-LeaderElection181] INFO  ratis.XceiverServerRatis (XceiverServerRatis.java:handleLeaderChangedNotification(697)) - Leader change notification received for group: group-C5C4C1D6B5CF with new leaderId: 568551cc-7cda-4cdf-9ff0-2cea755fc381
2019-11-12 23:39:08,885 [7c2b8f83-a523-49c2-afdc-9b713bfd472f@group-60212FBC3C2E-LeaderElection179] INFO  server.RaftServerConfigKeys (ConfUtils.java:logGet(43)) - raft.server.staging.catchup.gap = 1000 (default)
2019-11-12 23:39:08,885 [56d70f56-ceb9-47f6-9690-e0ced3248985@group-CE99C0433129-LeaderElection178] INFO  impl.RaftServerImpl (RaftServerImpl.java:setRole(173)) - 56d70f56-ceb9-47f6-9690-e0ced3248985@group-CE99C0433129: changes role from CANDIDATE to LEADER at term 1 for changeToLeader
2019-11-12 23:39:08,885 [7c2b8f83-a523-49c2-afdc-9b713bfd472f@group-60212FBC3C2E-LeaderElection179] INFO  server.RaftServerConfigKeys (ConfUtils.java:logGet(43)) - raft.server.rpc.sleep.time = 25ms (default)
2019-11-12 23:39:08,886 [EventQueue-PipelineReportForPipelineReportHandler] INFO  pipeline.PipelineStateManager (PipelineStateManager.java:openPipeline(134)) - Pipeline Pipeline[ Id: 0c746560-e8b2-4423-bb79-60212fbc3c2e, Nodes: 7c2b8f83-a523-49c2-afdc-9b713bfd472f{ip: 192.168.164.236, host: pr-hdds-2375-hvwjp-2869937553, networkLocation: /rack1, certSerialId: null}, Type:RATIS, Factor:ONE, State:OPEN] moved to OPEN state
2019-11-12 23:39:08,885 [568551cc-7cda-4cdf-9ff0-2cea755fc381@group-C5C4C1D6B5CF-LeaderElection181] INFO  impl.RaftServerImpl (ServerState.java:setLeader(255)) - 568551cc-7cda-4cdf-9ff0-2cea755fc381@group-C5C4C1D6B5CF: change Leader from null to 568551cc-7cda-4cdf-9ff0-2cea755fc381 at term 1 for becomeLeader, leader elected after 1072ms
2019-11-12 23:39:08,885 [98dbddad-cff4-4f87-9188-db1d76df9501@group-662806A6C9CE-LeaderElection180] INFO  impl.RaftServerImpl (RaftServerImpl.java:setRole(173)) - 98dbddad-cff4-4f87-9188-db1d76df9501@group-662806A6C9CE: changes role from CANDIDATE to LEADER at term 1 for changeToLeader
2019-11-12 23:39:08,886 [EventQueue-PipelineReportForPipelineReportHandler] INFO  pipeline.PipelineStateManager (PipelineStateManager.java:openPipeline(134)) - Pipeline Pipeline[ Id: 2d816cc9-fc9a-45e9-ab35-c5c4c1d6b5cf, Nodes: 568551cc-7cda-4cdf-9ff0-2cea755fc381{ip: 192.168.164.236, host: pr-hdds-2375-hvwjp-2869937553, networkLocation: /rack1, certSerialId: null}, Type:RATIS, Factor:ONE, State:OPEN] moved to OPEN state
2019-11-12 23:39:08,886 [568551cc-7cda-4cdf-9ff0-2cea755fc381@group-C5C4C1D6B5CF-LeaderElection181] INFO  server.RaftServerConfigKeys (ConfUtils.java:logGet(43)) - raft.server.staging.catchup.gap = 1000 (default)
2019-11-12 23:39:08,886 [7c2b8f83-a523-49c2-afdc-9b713bfd472f@group-60212FBC3C2E-LeaderElection179] INFO  server.RaftServerConfigKeys (ConfUtils.java:logGet(43)) - raft.server.write.element-limit = 4096 (default)
2019-11-12 23:39:08,886 [56d70f56-ceb9-47f6-9690-e0ced3248985@group-CE99C0433129-LeaderElection178] INFO  ratis.XceiverServerRatis (XceiverServerRatis.java:handleLeaderChangedNotification(697)) - Leader change notification received for group: group-CE99C0433129 with new leaderId: 56d70f56-ceb9-47f6-9690-e0ced3248985
2019-11-12 23:39:08,886 [7c2b8f83-a523-49c2-afdc-9b713bfd472f@group-60212FBC3C2E-LeaderElection179] INFO  server.RaftServerConfigKeys (ConfUtils.java:logGet(43)) - raft.server.watch.timeout = 10s (default)
2019-11-12 23:39:08,886 [568551cc-7cda-4cdf-9ff0-2cea755fc381@group-C5C4C1D6B5CF-LeaderElection181] INFO  server.RaftServerConfigKeys (ConfUtils.java:logGet(43)) - raft.server.rpc.sleep.time = 25ms (default)
2019-11-12 23:39:08,886 [98dbddad-cff4-4f87-9188-db1d76df9501@group-662806A6C9CE-LeaderElection180] INFO  ratis.XceiverServerRatis (XceiverServerRatis.java:handleLeaderChangedNotification(697)) - Leader change notification received for group: group-662806A6C9CE with new leaderId: 98dbddad-cff4-4f87-9188-db1d76df9501
2019-11-12 23:39:08,887 [568551cc-7cda-4cdf-9ff0-2cea755fc381@group-C5C4C1D6B5CF-LeaderElection181] INFO  server.RaftServerConfigKeys (ConfUtils.java:logGet(43)) - raft.server.write.element-limit = 4096 (default)
2019-11-12 23:39:08,887 [7c2b8f83-a523-49c2-afdc-9b713bfd472f@group-60212FBC3C2E-LeaderElection179] INFO  server.RaftServerConfigKeys (ConfUtils.java:logGet(43)) - raft.server.watch.timeout.denomination = 1s (default)
2019-11-12 23:39:08,887 [56d70f56-ceb9-47f6-9690-e0ced3248985@group-CE99C0433129-LeaderElection178] INFO  impl.RaftServerImpl (ServerState.java:setLeader(255)) - 56d70f56-ceb9-47f6-9690-e0ced3248985@group-CE99C0433129: change Leader from null to 56d70f56-ceb9-47f6-9690-e0ced3248985 at term 1 for becomeLeader, leader elected after 1235ms
2019-11-12 23:39:08,887 [EventQueue-PipelineReportForPipelineReportHandler] INFO  pipeline.PipelineStateManager (PipelineStateManager.java:openPipeline(134)) - Pipeline Pipeline[ Id: d8e42a1d-20a5-40c3-8fb9-ce99c0433129, Nodes: 56d70f56-ceb9-47f6-9690-e0ced3248985{ip: 192.168.164.236, host: pr-hdds-2375-hvwjp-2869937553, networkLocation: /rack1, certSerialId: null}, Type:RATIS, Factor:ONE, State:OPEN] moved to OPEN state
2019-11-12 23:39:08,887 [7c2b8f83-a523-49c2-afdc-9b713bfd472f@group-60212FBC3C2E-LeaderElection179] INFO  server.RaftServerConfigKeys (ConfUtils.java:logGet(43)) - raft.server.watch.element-limit = 65536 (default)
2019-11-12 23:39:08,887 [568551cc-7cda-4cdf-9ff0-2cea755fc381@group-C5C4C1D6B5CF-LeaderElection181] INFO  server.RaftServerConfigKeys (ConfUtils.java:logGet(43)) - raft.server.watch.timeout = 10s (default)
2019-11-12 23:39:08,887 [98dbddad-cff4-4f87-9188-db1d76df9501@group-662806A6C9CE-LeaderElection180] INFO  impl.RaftServerImpl (ServerState.java:setLeader(255)) - 98dbddad-cff4-4f87-9188-db1d76df9501@group-662806A6C9CE: change Leader from null to 98dbddad-cff4-4f87-9188-db1d76df9501 at term 1 for becomeLeader, leader elected after 1126ms
2019-11-12 23:39:08,888 [568551cc-7cda-4cdf-9ff0-2cea755fc381@group-C5C4C1D6B5CF-LeaderElection181] INFO  server.RaftServerConfigKeys (ConfUtils.java:logGet(43)) - raft.server.watch.timeout.denomination = 1s (default)
2019-11-12 23:39:08,888 [EventQueue-PipelineReportForPipelineReportHandler] INFO  pipeline.PipelineStateManager (PipelineStateManager.java:openPipeline(134)) - Pipeline Pipeline[ Id: acb54b3f-db42-45bc-a3ca-662806a6c9ce, Nodes: 98dbddad-cff4-4f87-9188-db1d76df9501{ip: 192.168.164.236, host: pr-hdds-2375-hvwjp-2869937553, networkLocation: /rack1, certSerialId: null}, Type:RATIS, Factor:ONE, State:OPEN] moved to OPEN state
2019-11-12 23:39:08,888 [7c2b8f83-a523-49c2-afdc-9b713bfd472f@group-60212FBC3C2E-LeaderElection179] INFO  impl.RoleInfo (RoleInfo.java:updateAndGet(143)) - 7c2b8f83-a523-49c2-afdc-9b713bfd472f: start LeaderState
2019-11-12 23:39:08,887 [56d70f56-ceb9-47f6-9690-e0ced3248985@group-CE99C0433129-LeaderElection178] INFO  server.RaftServerConfigKeys (ConfUtils.java:logGet(43)) - raft.server.staging.catchup.gap = 1000 (default)
2019-11-12 23:39:08,888 [7c2b8f83-a523-49c2-afdc-9b713bfd472f@group-60212FBC3C2E-LeaderElection179] INFO  segmented.SegmentedRaftLogWorker (SegmentedRaftLogWorker.java:startLogSegment(385)) - 7c2b8f83-a523-49c2-afdc-9b713bfd472f@group-60212FBC3C2E-SegmentedRaftLogWorker: Starting segment from index:0
2019-11-12 23:39:08,888 [568551cc-7cda-4cdf-9ff0-2cea755fc381@group-C5C4C1D6B5CF-LeaderElection181] INFO  server.RaftServerConfigKeys (ConfUtils.java:logGet(43)) - raft.server.watch.element-limit = 65536 (default)
2019-11-12 23:39:08,888 [98dbddad-cff4-4f87-9188-db1d76df9501@group-662806A6C9CE-LeaderElection180] INFO  server.RaftServerConfigKeys (ConfUtils.java:logGet(43)) - raft.server.staging.catchup.gap = 1000 (default)
2019-11-12 23:39:08,889 [568551cc-7cda-4cdf-9ff0-2cea755fc381@group-C5C4C1D6B5CF-LeaderElection181] INFO  impl.RoleInfo (RoleInfo.java:updateAndGet(143)) - 568551cc-7cda-4cdf-9ff0-2cea755fc381: start LeaderState
2019-11-12 23:39:08,888 [56d70f56-ceb9-47f6-9690-e0ced3248985@group-CE99C0433129-LeaderElection178] INFO  server.RaftServerConfigKeys (ConfUtils.java:logGet(43)) - raft.server.rpc.sleep.time = 25ms (default)
2019-11-12 23:39:08,889 [568551cc-7cda-4cdf-9ff0-2cea755fc381@group-C5C4C1D6B5CF-LeaderElection181] INFO  segmented.SegmentedRaftLogWorker (SegmentedRaftLogWorker.java:startLogSegment(385)) - 568551cc-7cda-4cdf-9ff0-2cea755fc381@group-C5C4C1D6B5CF-SegmentedRaftLogWorker: Starting segment from index:0
2019-11-12 23:39:08,889 [98dbddad-cff4-4f87-9188-db1d76df9501@group-662806A6C9CE-LeaderElection180] INFO  server.RaftServerConfigKeys (ConfUtils.java:logGet(43)) - raft.server.rpc.sleep.time = 25ms (default)
2019-11-12 23:39:08,889 [7c2b8f83-a523-49c2-afdc-9b713bfd472f@group-60212FBC3C2E-LeaderElection179] INFO  impl.RaftServerImpl (ServerState.java:setRaftConf(356)) - 7c2b8f83-a523-49c2-afdc-9b713bfd472f@group-60212FBC3C2E: set configuration 0: [7c2b8f83-a523-49c2-afdc-9b713bfd472f:192.168.164.236:43042], old=null at 0
2019-11-12 23:39:08,889 [568551cc-7cda-4cdf-9ff0-2cea755fc381@group-C5C4C1D6B5CF-LeaderElection181] INFO  impl.RaftServerImpl (ServerState.java:setRaftConf(356)) - 568551cc-7cda-4cdf-9ff0-2cea755fc381@group-C5C4C1D6B5CF: set configuration 0: [568551cc-7cda-4cdf-9ff0-2cea755fc381:192.168.164.236:38434], old=null at 0
2019-11-12 23:39:08,889 [98dbddad-cff4-4f87-9188-db1d76df9501@group-662806A6C9CE-LeaderElection180] INFO  server.RaftServerConfigKeys (ConfUtils.java:logGet(43)) - raft.server.write.element-limit = 4096 (default)
2019-11-12 23:39:08,889 [56d70f56-ceb9-47f6-9690-e0ced3248985@group-CE99C0433129-LeaderElection178] INFO  server.RaftServerConfigKeys (ConfUtils.java:logGet(43)) - raft.server.write.element-limit = 4096 (default)
2019-11-12 23:39:08,922 [98dbddad-cff4-4f87-9188-db1d76df9501@group-662806A6C9CE-LeaderElection180] INFO  server.RaftServerConfigKeys (ConfUtils.java:logGet(43)) - raft.server.watch.timeout = 10s (default)
2019-11-12 23:39:08,922 [56d70f56-ceb9-47f6-9690-e0ced3248985@group-CE99C0433129-LeaderElection178] INFO  server.RaftServerConfigKeys (ConfUtils.java:logGet(43)) - raft.server.watch.timeout = 10s (default)
2019-11-12 23:39:08,923 [98dbddad-cff4-4f87-9188-db1d76df9501@group-662806A6C9CE-LeaderElection180] INFO  server.RaftServerConfigKeys (ConfUtils.java:logGet(43)) - raft.server.watch.timeout.denomination = 1s (default)
2019-11-12 23:39:08,923 [56d70f56-ceb9-47f6-9690-e0ced3248985@group-CE99C0433129-LeaderElection178] INFO  server.RaftServerConfigKeys (ConfUtils.java:logGet(43)) - raft.server.watch.timeout.denomination = 1s (default)
2019-11-12 23:39:08,923 [98dbddad-cff4-4f87-9188-db1d76df9501@group-662806A6C9CE-LeaderElection180] INFO  server.RaftServerConfigKeys (ConfUtils.java:logGet(43)) - raft.server.watch.element-limit = 65536 (default)
2019-11-12 23:39:08,923 [56d70f56-ceb9-47f6-9690-e0ced3248985@group-CE99C0433129-LeaderElection178] INFO  server.RaftServerConfigKeys (ConfUtils.java:logGet(43)) - raft.server.watch.element-limit = 65536 (default)
2019-11-12 23:39:08,923 [98dbddad-cff4-4f87-9188-db1d76df9501@group-662806A6C9CE-LeaderElection180] INFO  impl.RoleInfo (RoleInfo.java:updateAndGet(143)) - 98dbddad-cff4-4f87-9188-db1d76df9501: start LeaderState
2019-11-12 23:39:08,923 [56d70f56-ceb9-47f6-9690-e0ced3248985@group-CE99C0433129-LeaderElection178] INFO  impl.RoleInfo (RoleInfo.java:updateAndGet(143)) - 56d70f56-ceb9-47f6-9690-e0ced3248985: start LeaderState
2019-11-12 23:39:08,923 [98dbddad-cff4-4f87-9188-db1d76df9501@group-662806A6C9CE-LeaderElection180] INFO  segmented.SegmentedRaftLogWorker (SegmentedRaftLogWorker.java:startLogSegment(385)) - 98dbddad-cff4-4f87-9188-db1d76df9501@group-662806A6C9CE-SegmentedRaftLogWorker: Starting segment from index:0
2019-11-12 23:39:08,924 [56d70f56-ceb9-47f6-9690-e0ced3248985@group-CE99C0433129-LeaderElection178] INFO  segmented.SegmentedRaftLogWorker (SegmentedRaftLogWorker.java:startLogSegment(385)) - 56d70f56-ceb9-47f6-9690-e0ced3248985@group-CE99C0433129-SegmentedRaftLogWorker: Starting segment from index:0
2019-11-12 23:39:08,924 [98dbddad-cff4-4f87-9188-db1d76df9501@group-662806A6C9CE-LeaderElection180] INFO  impl.RaftServerImpl (ServerState.java:setRaftConf(356)) - 98dbddad-cff4-4f87-9188-db1d76df9501@group-662806A6C9CE: set configuration 0: [98dbddad-cff4-4f87-9188-db1d76df9501:192.168.164.236:45282], old=null at 0
2019-11-12 23:39:08,924 [56d70f56-ceb9-47f6-9690-e0ced3248985@group-CE99C0433129-LeaderElection178] INFO  impl.RaftServerImpl (ServerState.java:setRaftConf(356)) - 56d70f56-ceb9-47f6-9690-e0ced3248985@group-CE99C0433129: set configuration 0: [56d70f56-ceb9-47f6-9690-e0ced3248985:192.168.164.236:34224], old=null at 0
2019-11-12 23:39:08,951 [568551cc-7cda-4cdf-9ff0-2cea755fc381@group-C5C4C1D6B5CF-SegmentedRaftLogWorker] INFO  segmented.SegmentedRaftLogWorker (SegmentedRaftLogWorker.java:execute(576)) - 568551cc-7cda-4cdf-9ff0-2cea755fc381@group-C5C4C1D6B5CF-SegmentedRaftLogWorker: created new log segment /workdir/hadoop-ozone/integration-test/target/test-dir/MiniOzoneClusterImpl-af41d755-250d-41c0-9b7d-b62086ffbdd4/datanode-4/data/ratis/2d816cc9-fc9a-45e9-ab35-c5c4c1d6b5cf/current/log_inprogress_0
2019-11-12 23:39:08,951 [7c2b8f83-a523-49c2-afdc-9b713bfd472f@group-60212FBC3C2E-SegmentedRaftLogWorker] INFO  segmented.SegmentedRaftLogWorker (SegmentedRaftLogWorker.java:execute(576)) - 7c2b8f83-a523-49c2-afdc-9b713bfd472f@group-60212FBC3C2E-SegmentedRaftLogWorker: created new log segment /workdir/hadoop-ozone/integration-test/target/test-dir/MiniOzoneClusterImpl-af41d755-250d-41c0-9b7d-b62086ffbdd4/datanode-3/data/ratis/0c746560-e8b2-4423-bb79-60212fbc3c2e/current/log_inprogress_0
2019-11-12 23:39:08,965 [98dbddad-cff4-4f87-9188-db1d76df9501@group-662806A6C9CE-SegmentedRaftLogWorker] INFO  segmented.SegmentedRaftLogWorker (SegmentedRaftLogWorker.java:execute(576)) - 98dbddad-cff4-4f87-9188-db1d76df9501@group-662806A6C9CE-SegmentedRaftLogWorker: created new log segment /workdir/hadoop-ozone/integration-test/target/test-dir/MiniOzoneClusterImpl-af41d755-250d-41c0-9b7d-b62086ffbdd4/datanode-2/data/ratis/acb54b3f-db42-45bc-a3ca-662806a6c9ce/current/log_inprogress_0
2019-11-12 23:39:08,990 [56d70f56-ceb9-47f6-9690-e0ced3248985@group-CE99C0433129-SegmentedRaftLogWorker] INFO  segmented.SegmentedRaftLogWorker (SegmentedRaftLogWorker.java:execute(576)) - 56d70f56-ceb9-47f6-9690-e0ced3248985@group-CE99C0433129-SegmentedRaftLogWorker: created new log segment /workdir/hadoop-ozone/integration-test/target/test-dir/MiniOzoneClusterImpl-af41d755-250d-41c0-9b7d-b62086ffbdd4/datanode-1/data/ratis/d8e42a1d-20a5-40c3-8fb9-ce99c0433129/current/log_inprogress_0
2019-11-12 23:39:09,123 [Thread-4136] INFO  impl.FollowerState (FollowerState.java:run(111)) - 0cfa4e5a-af9b-49e5-b2c2-1a2dc6cf0616@group-296741F00278-FollowerState: change to CANDIDATE, lastRpcTime:1016ms, electionTimeout:1016ms
2019-11-12 23:39:09,124 [Thread-4136] INFO  impl.RoleInfo (RoleInfo.java:shutdownFollowerState(121)) - 0cfa4e5a-af9b-49e5-b2c2-1a2dc6cf0616: shutdown FollowerState
2019-11-12 23:39:09,124 [Thread-4136] INFO  impl.RaftServerImpl (RaftServerImpl.java:setRole(173)) - 0cfa4e5a-af9b-49e5-b2c2-1a2dc6cf0616@group-296741F00278: changes role from  FOLLOWER to CANDIDATE at term 0 for changeToCandidate
2019-11-12 23:39:09,124 [Thread-4136] INFO  impl.RoleInfo (RoleInfo.java:updateAndGet(143)) - 0cfa4e5a-af9b-49e5-b2c2-1a2dc6cf0616: start LeaderElection
2019-11-12 23:39:09,142 [0cfa4e5a-af9b-49e5-b2c2-1a2dc6cf0616@group-296741F00278-LeaderElection182] INFO  impl.LeaderElection (LeaderElection.java:askForVotes(178)) - 0cfa4e5a-af9b-49e5-b2c2-1a2dc6cf0616@group-296741F00278-LeaderElection182: begin an election at term 1 for -1: [0cfa4e5a-af9b-49e5-b2c2-1a2dc6cf0616:192.168.164.236:41598, 2cdd6ea3-e978-43ee-a05f-f9ece739edb4:192.168.164.236:34677, bf4ebe41-a6c2-4458-a321-fc167af3521b:192.168.164.236:39425], old=null
2019-11-12 23:39:09,144 [grpc-default-executor-7] INFO  impl.RaftServerImpl (RaftServerImpl.java:setRole(173)) - bf4ebe41-a6c2-4458-a321-fc167af3521b@group-296741F00278: changes role from  FOLLOWER to FOLLOWER at term 1 for recognizeCandidate:0cfa4e5a-af9b-49e5-b2c2-1a2dc6cf0616
2019-11-12 23:39:09,144 [grpc-default-executor-6] INFO  impl.RaftServerImpl (RaftServerImpl.java:setRole(173)) - 2cdd6ea3-e978-43ee-a05f-f9ece739edb4@group-296741F00278: changes role from  FOLLOWER to FOLLOWER at term 1 for recognizeCandidate:0cfa4e5a-af9b-49e5-b2c2-1a2dc6cf0616
2019-11-12 23:39:09,144 [grpc-default-executor-7] INFO  impl.RoleInfo (RoleInfo.java:shutdownFollowerState(121)) - bf4ebe41-a6c2-4458-a321-fc167af3521b: shutdown FollowerState
2019-11-12 23:39:09,144 [grpc-default-executor-6] INFO  impl.RoleInfo (RoleInfo.java:shutdownFollowerState(121)) - 2cdd6ea3-e978-43ee-a05f-f9ece739edb4: shutdown FollowerState
2019-11-12 23:39:09,145 [Thread-4130] INFO  impl.FollowerState (FollowerState.java:run(120)) - bf4ebe41-a6c2-4458-a321-fc167af3521b@group-296741F00278-FollowerState was interrupted: java.lang.InterruptedException: sleep interrupted
2019-11-12 23:39:09,145 [grpc-default-executor-6] INFO  impl.RoleInfo (RoleInfo.java:updateAndGet(143)) - 2cdd6ea3-e978-43ee-a05f-f9ece739edb4: start FollowerState
2019-11-12 23:39:09,145 [Thread-4133] INFO  impl.FollowerState (FollowerState.java:run(120)) - 2cdd6ea3-e978-43ee-a05f-f9ece739edb4@group-296741F00278-FollowerState was interrupted: java.lang.InterruptedException: sleep interrupted
2019-11-12 23:39:09,145 [grpc-default-executor-7] INFO  impl.RoleInfo (RoleInfo.java:updateAndGet(143)) - bf4ebe41-a6c2-4458-a321-fc167af3521b: start FollowerState
2019-11-12 23:39:09,159 [0cfa4e5a-af9b-49e5-b2c2-1a2dc6cf0616@group-296741F00278-LeaderElection182] INFO  impl.LeaderElection (LeaderElection.java:logAndReturn(56)) - 0cfa4e5a-af9b-49e5-b2c2-1a2dc6cf0616@group-296741F00278-LeaderElection182: Election PASSED; received 1 response(s) [0cfa4e5a-af9b-49e5-b2c2-1a2dc6cf0616<-bf4ebe41-a6c2-4458-a321-fc167af3521b#0:OK-t1] and 0 exception(s); 0cfa4e5a-af9b-49e5-b2c2-1a2dc6cf0616@group-296741F00278:t1, leader=null, voted=0cfa4e5a-af9b-49e5-b2c2-1a2dc6cf0616, raftlog=0cfa4e5a-af9b-49e5-b2c2-1a2dc6cf0616@group-296741F00278-SegmentedRaftLog:OPENED:c-1,f-1,i0, conf=-1: [0cfa4e5a-af9b-49e5-b2c2-1a2dc6cf0616:192.168.164.236:41598, 2cdd6ea3-e978-43ee-a05f-f9ece739edb4:192.168.164.236:34677, bf4ebe41-a6c2-4458-a321-fc167af3521b:192.168.164.236:39425], old=null
2019-11-12 23:39:09,160 [0cfa4e5a-af9b-49e5-b2c2-1a2dc6cf0616@group-296741F00278-LeaderElection182] INFO  impl.RoleInfo (RoleInfo.java:shutdownLeaderElection(134)) - 0cfa4e5a-af9b-49e5-b2c2-1a2dc6cf0616: shutdown LeaderElection
2019-11-12 23:39:09,160 [0cfa4e5a-af9b-49e5-b2c2-1a2dc6cf0616@group-296741F00278-LeaderElection182] INFO  impl.RaftServerImpl (RaftServerImpl.java:setRole(173)) - 0cfa4e5a-af9b-49e5-b2c2-1a2dc6cf0616@group-296741F00278: changes role from CANDIDATE to LEADER at term 1 for changeToLeader
2019-11-12 23:39:09,160 [0cfa4e5a-af9b-49e5-b2c2-1a2dc6cf0616@group-296741F00278-LeaderElection182] INFO  ratis.XceiverServerRatis (XceiverServerRatis.java:handleLeaderChangedNotification(697)) - Leader change notification received for group: group-296741F00278 with new leaderId: 0cfa4e5a-af9b-49e5-b2c2-1a2dc6cf0616
2019-11-12 23:39:09,160 [0cfa4e5a-af9b-49e5-b2c2-1a2dc6cf0616@group-296741F00278-LeaderElection182] INFO  impl.RaftServerImpl (ServerState.java:setLeader(255)) - 0cfa4e5a-af9b-49e5-b2c2-1a2dc6cf0616@group-296741F00278: change Leader from null to 0cfa4e5a-af9b-49e5-b2c2-1a2dc6cf0616 at term 1 for becomeLeader, leader elected after 1055ms
2019-11-12 23:39:09,160 [0cfa4e5a-af9b-49e5-b2c2-1a2dc6cf0616@group-296741F00278-LeaderElection182] INFO  server.RaftServerConfigKeys (ConfUtils.java:logGet(43)) - raft.server.staging.catchup.gap = 1000 (default)
2019-11-12 23:39:09,160 [0cfa4e5a-af9b-49e5-b2c2-1a2dc6cf0616@group-296741F00278-LeaderElection182] INFO  server.RaftServerConfigKeys (ConfUtils.java:logGet(43)) - raft.server.rpc.sleep.time = 25ms (default)
2019-11-12 23:39:09,161 [0cfa4e5a-af9b-49e5-b2c2-1a2dc6cf0616@group-296741F00278-LeaderElection182] INFO  server.RaftServerConfigKeys (ConfUtils.java:logGet(43)) - raft.server.write.element-limit = 4096 (default)
2019-11-12 23:39:09,161 [0cfa4e5a-af9b-49e5-b2c2-1a2dc6cf0616@group-296741F00278-LeaderElection182] INFO  server.RaftServerConfigKeys (ConfUtils.java:logGet(43)) - raft.server.watch.timeout = 10s (default)
2019-11-12 23:39:09,161 [0cfa4e5a-af9b-49e5-b2c2-1a2dc6cf0616@group-296741F00278-LeaderElection182] INFO  server.RaftServerConfigKeys (ConfUtils.java:logGet(43)) - raft.server.watch.timeout.denomination = 1s (default)
2019-11-12 23:39:09,161 [0cfa4e5a-af9b-49e5-b2c2-1a2dc6cf0616@group-296741F00278-LeaderElection182] INFO  server.RaftServerConfigKeys (ConfUtils.java:logGet(43)) - raft.server.watch.element-limit = 65536 (default)
2019-11-12 23:39:09,161 [EventQueue-PipelineReportForPipelineReportHandler] INFO  pipeline.PipelineStateManager (PipelineStateManager.java:openPipeline(134)) - Pipeline Pipeline[ Id: 8d136716-8b0f-49ae-a252-296741f00278, Nodes: 2cdd6ea3-e978-43ee-a05f-f9ece739edb4{ip: 192.168.164.236, host: pr-hdds-2375-hvwjp-2869937553, networkLocation: /rack1, certSerialId: null}0cfa4e5a-af9b-49e5-b2c2-1a2dc6cf0616{ip: 192.168.164.236, host: pr-hdds-2375-hvwjp-2869937553, networkLocation: /rack1, certSerialId: null}bf4ebe41-a6c2-4458-a321-fc167af3521b{ip: 192.168.164.236, host: pr-hdds-2375-hvwjp-2869937553, networkLocation: /rack1, certSerialId: null}, Type:RATIS, Factor:THREE, State:OPEN] moved to OPEN state
2019-11-12 23:39:09,161 [0cfa4e5a-af9b-49e5-b2c2-1a2dc6cf0616@group-296741F00278-LeaderElection182] INFO  server.RaftServerConfigKeys (ConfUtils.java:logGet(43)) - raft.server.log.appender.snapshot.chunk.size.max = 16MB (=16777216) (default)
2019-11-12 23:39:09,162 [0cfa4e5a-af9b-49e5-b2c2-1a2dc6cf0616@group-296741F00278-LeaderElection182] INFO  server.RaftServerConfigKeys (ConfUtils.java:logGet(43)) - raft.server.log.appender.buffer.byte-limit = 33554432 (custom)
2019-11-12 23:39:09,162 [0cfa4e5a-af9b-49e5-b2c2-1a2dc6cf0616@group-296741F00278-LeaderElection182] INFO  server.RaftServerConfigKeys (ConfUtils.java:logGet(43)) - raft.server.log.appender.buffer.element-limit = 1 (custom)
2019-11-12 23:39:09,162 [0cfa4e5a-af9b-49e5-b2c2-1a2dc6cf0616@group-296741F00278-LeaderElection182] INFO  grpc.GrpcConfigKeys$Server (ConfUtils.java:logGet(43)) - raft.grpc.server.leader.outstanding.appends.max = 128 (default)
2019-11-12 23:39:09,162 [0cfa4e5a-af9b-49e5-b2c2-1a2dc6cf0616@group-296741F00278-LeaderElection182] INFO  server.RaftServerConfigKeys (ConfUtils.java:logGet(43)) - raft.server.rpc.request.timeout = 3000ms (default)
2019-11-12 23:39:09,162 [0cfa4e5a-af9b-49e5-b2c2-1a2dc6cf0616@group-296741F00278-LeaderElection182] INFO  server.RaftServerConfigKeys (ConfUtils.java:logGet(43)) - raft.server.log.appender.install.snapshot.enabled = false (custom)
2019-11-12 23:39:09,163 [0cfa4e5a-af9b-49e5-b2c2-1a2dc6cf0616@group-296741F00278-LeaderElection182] WARN  impl.MetricRegistriesImpl (MetricRegistriesImpl.java:lambda$create$1(61)) - First MetricRegistry has been created without registering reporters. You may need to call MetricRegistries.global().addReportRegistration(...) before.
2019-11-12 23:39:09,163 [0cfa4e5a-af9b-49e5-b2c2-1a2dc6cf0616@group-296741F00278-LeaderElection182] INFO  server.RaftServerConfigKeys (ConfUtils.java:logGet(43)) - raft.server.log.appender.snapshot.chunk.size.max = 16MB (=16777216) (default)
2019-11-12 23:39:09,163 [0cfa4e5a-af9b-49e5-b2c2-1a2dc6cf0616@group-296741F00278-LeaderElection182] INFO  server.RaftServerConfigKeys (ConfUtils.java:logGet(43)) - raft.server.log.appender.buffer.byte-limit = 33554432 (custom)
2019-11-12 23:39:09,163 [0cfa4e5a-af9b-49e5-b2c2-1a2dc6cf0616@group-296741F00278-LeaderElection182] INFO  server.RaftServerConfigKeys (ConfUtils.java:logGet(43)) - raft.server.log.appender.buffer.element-limit = 1 (custom)
2019-11-12 23:39:09,163 [0cfa4e5a-af9b-49e5-b2c2-1a2dc6cf0616@group-296741F00278-LeaderElection182] INFO  grpc.GrpcConfigKeys$Server (ConfUtils.java:logGet(43)) - raft.grpc.server.leader.outstanding.appends.max = 128 (default)
2019-11-12 23:39:09,163 [0cfa4e5a-af9b-49e5-b2c2-1a2dc6cf0616@group-296741F00278-LeaderElection182] INFO  server.RaftServerConfigKeys (ConfUtils.java:logGet(43)) - raft.server.rpc.request.timeout = 3000ms (default)
2019-11-12 23:39:09,163 [0cfa4e5a-af9b-49e5-b2c2-1a2dc6cf0616@group-296741F00278-LeaderElection182] INFO  server.RaftServerConfigKeys (ConfUtils.java:logGet(43)) - raft.server.log.appender.install.snapshot.enabled = false (custom)
2019-11-12 23:39:09,164 [0cfa4e5a-af9b-49e5-b2c2-1a2dc6cf0616@group-296741F00278-LeaderElection182] INFO  impl.RoleInfo (RoleInfo.java:updateAndGet(143)) - 0cfa4e5a-af9b-49e5-b2c2-1a2dc6cf0616: start LeaderState
2019-11-12 23:39:09,164 [0cfa4e5a-af9b-49e5-b2c2-1a2dc6cf0616@group-296741F00278-LeaderElection182] INFO  segmented.SegmentedRaftLogWorker (SegmentedRaftLogWorker.java:startLogSegment(385)) - 0cfa4e5a-af9b-49e5-b2c2-1a2dc6cf0616@group-296741F00278-SegmentedRaftLogWorker: Starting segment from index:0
2019-11-12 23:39:09,164 [0cfa4e5a-af9b-49e5-b2c2-1a2dc6cf0616@group-296741F00278-LeaderElection182] INFO  impl.RaftServerImpl (ServerState.java:setRaftConf(356)) - 0cfa4e5a-af9b-49e5-b2c2-1a2dc6cf0616@group-296741F00278: set configuration 0: [0cfa4e5a-af9b-49e5-b2c2-1a2dc6cf0616:192.168.164.236:41598, 2cdd6ea3-e978-43ee-a05f-f9ece739edb4:192.168.164.236:34677, bf4ebe41-a6c2-4458-a321-fc167af3521b:192.168.164.236:39425], old=null at 0
2019-11-12 23:39:09,196 [grpc-default-executor-6] INFO  ratis.XceiverServerRatis (XceiverServerRatis.java:handleLeaderChangedNotification(697)) - Leader change notification received for group: group-296741F00278 with new leaderId: 0cfa4e5a-af9b-49e5-b2c2-1a2dc6cf0616
2019-11-12 23:39:09,196 [grpc-default-executor-6] INFO  impl.RaftServerImpl (ServerState.java:setLeader(255)) - bf4ebe41-a6c2-4458-a321-fc167af3521b@group-296741F00278: change Leader from null to 0cfa4e5a-af9b-49e5-b2c2-1a2dc6cf0616 at term 1 for appendEntries, leader elected after 1106ms
2019-11-12 23:39:09,196 [grpc-default-executor-7] INFO  ratis.XceiverServerRatis (XceiverServerRatis.java:handleLeaderChangedNotification(697)) - Leader change notification received for group: group-296741F00278 with new leaderId: 0cfa4e5a-af9b-49e5-b2c2-1a2dc6cf0616
2019-11-12 23:39:09,196 [grpc-default-executor-7] INFO  impl.RaftServerImpl (ServerState.java:setLeader(255)) - 2cdd6ea3-e978-43ee-a05f-f9ece739edb4@group-296741F00278: change Leader from null to 0cfa4e5a-af9b-49e5-b2c2-1a2dc6cf0616 at term 1 for appendEntries, leader elected after 1103ms
2019-11-12 23:39:09,200 [grpc-default-executor-6] INFO  impl.RaftServerImpl (ServerState.java:setRaftConf(356)) - bf4ebe41-a6c2-4458-a321-fc167af3521b@group-296741F00278: set configuration 0: [0cfa4e5a-af9b-49e5-b2c2-1a2dc6cf0616:192.168.164.236:41598, 2cdd6ea3-e978-43ee-a05f-f9ece739edb4:192.168.164.236:34677, bf4ebe41-a6c2-4458-a321-fc167af3521b:192.168.164.236:39425], old=null at 0
2019-11-12 23:39:09,200 [grpc-default-executor-6] INFO  segmented.SegmentedRaftLogWorker (SegmentedRaftLogWorker.java:startLogSegment(385)) - bf4ebe41-a6c2-4458-a321-fc167af3521b@group-296741F00278-SegmentedRaftLogWorker: Starting segment from index:0
2019-11-12 23:39:09,202 [grpc-default-executor-7] INFO  impl.RaftServerImpl (ServerState.java:setRaftConf(356)) - 2cdd6ea3-e978-43ee-a05f-f9ece739edb4@group-296741F00278: set configuration 0: [0cfa4e5a-af9b-49e5-b2c2-1a2dc6cf0616:192.168.164.236:41598, 2cdd6ea3-e978-43ee-a05f-f9ece739edb4:192.168.164.236:34677, bf4ebe41-a6c2-4458-a321-fc167af3521b:192.168.164.236:39425], old=null at 0
2019-11-12 23:39:09,202 [grpc-default-executor-7] INFO  segmented.SegmentedRaftLogWorker (SegmentedRaftLogWorker.java:startLogSegment(385)) - 2cdd6ea3-e978-43ee-a05f-f9ece739edb4@group-296741F00278-SegmentedRaftLogWorker: Starting segment from index:0
2019-11-12 23:39:09,204 [0cfa4e5a-af9b-49e5-b2c2-1a2dc6cf0616@group-296741F00278-SegmentedRaftLogWorker] INFO  segmented.SegmentedRaftLogWorker (SegmentedRaftLogWorker.java:execute(576)) - 0cfa4e5a-af9b-49e5-b2c2-1a2dc6cf0616@group-296741F00278-SegmentedRaftLogWorker: created new log segment /workdir/hadoop-ozone/integration-test/target/test-dir/MiniOzoneClusterImpl-af41d755-250d-41c0-9b7d-b62086ffbdd4/datanode-6/data/ratis/8d136716-8b0f-49ae-a252-296741f00278/current/log_inprogress_0
2019-11-12 23:39:09,242 [2cdd6ea3-e978-43ee-a05f-f9ece739edb4@group-296741F00278-SegmentedRaftLogWorker] INFO  segmented.SegmentedRaftLogWorker (SegmentedRaftLogWorker.java:execute(576)) - 2cdd6ea3-e978-43ee-a05f-f9ece739edb4@group-296741F00278-SegmentedRaftLogWorker: created new log segment /workdir/hadoop-ozone/integration-test/target/test-dir/MiniOzoneClusterImpl-af41d755-250d-41c0-9b7d-b62086ffbdd4/datanode-7/data/ratis/8d136716-8b0f-49ae-a252-296741f00278/current/log_inprogress_0
2019-11-12 23:39:09,242 [bf4ebe41-a6c2-4458-a321-fc167af3521b@group-296741F00278-SegmentedRaftLogWorker] INFO  segmented.SegmentedRaftLogWorker (SegmentedRaftLogWorker.java:execute(576)) - bf4ebe41-a6c2-4458-a321-fc167af3521b@group-296741F00278-SegmentedRaftLogWorker: created new log segment /workdir/hadoop-ozone/integration-test/target/test-dir/MiniOzoneClusterImpl-af41d755-250d-41c0-9b7d-b62086ffbdd4/datanode-8/data/ratis/8d136716-8b0f-49ae-a252-296741f00278/current/log_inprogress_0
2019-11-12 23:39:09,277 [Thread-4140] INFO  impl.FollowerState (FollowerState.java:run(111)) - 2cdd6ea3-e978-43ee-a05f-f9ece739edb4@group-1391C67F3379-FollowerState: change to CANDIDATE, lastRpcTime:1128ms, electionTimeout:1128ms
2019-11-12 23:39:09,277 [Thread-4140] INFO  impl.RoleInfo (RoleInfo.java:shutdownFollowerState(121)) - 2cdd6ea3-e978-43ee-a05f-f9ece739edb4: shutdown FollowerState
2019-11-12 23:39:09,277 [Thread-4140] INFO  impl.RaftServerImpl (RaftServerImpl.java:setRole(173)) - 2cdd6ea3-e978-43ee-a05f-f9ece739edb4@group-1391C67F3379: changes role from  FOLLOWER to CANDIDATE at term 0 for changeToCandidate
2019-11-12 23:39:09,277 [Thread-4140] INFO  impl.RoleInfo (RoleInfo.java:updateAndGet(143)) - 2cdd6ea3-e978-43ee-a05f-f9ece739edb4: start LeaderElection
2019-11-12 23:39:09,293 [2cdd6ea3-e978-43ee-a05f-f9ece739edb4@group-1391C67F3379-LeaderElection183] INFO  impl.LeaderElection (LeaderElection.java:askForVotes(178)) - 2cdd6ea3-e978-43ee-a05f-f9ece739edb4@group-1391C67F3379-LeaderElection183: begin an election at term 1 for -1: [2cdd6ea3-e978-43ee-a05f-f9ece739edb4:192.168.164.236:34677], old=null
2019-11-12 23:39:09,293 [2cdd6ea3-e978-43ee-a05f-f9ece739edb4@group-1391C67F3379-LeaderElection183] INFO  impl.RoleInfo (RoleInfo.java:shutdownLeaderElection(134)) - 2cdd6ea3-e978-43ee-a05f-f9ece739edb4: shutdown LeaderElection
2019-11-12 23:39:09,293 [2cdd6ea3-e978-43ee-a05f-f9ece739edb4@group-1391C67F3379-LeaderElection183] INFO  impl.RaftServerImpl (RaftServerImpl.java:setRole(173)) - 2cdd6ea3-e978-43ee-a05f-f9ece739edb4@group-1391C67F3379: changes role from CANDIDATE to LEADER at term 1 for changeToLeader
2019-11-12 23:39:09,293 [2cdd6ea3-e978-43ee-a05f-f9ece739edb4@group-1391C67F3379-LeaderElection183] INFO  ratis.XceiverServerRatis (XceiverServerRatis.java:handleLeaderChangedNotification(697)) - Leader change notification received for group: group-1391C67F3379 with new leaderId: 2cdd6ea3-e978-43ee-a05f-f9ece739edb4
2019-11-12 23:39:09,293 [2cdd6ea3-e978-43ee-a05f-f9ece739edb4@group-1391C67F3379-LeaderElection183] INFO  impl.RaftServerImpl (ServerState.java:setLeader(255)) - 2cdd6ea3-e978-43ee-a05f-f9ece739edb4@group-1391C67F3379: change Leader from null to 2cdd6ea3-e978-43ee-a05f-f9ece739edb4 at term 1 for becomeLeader, leader elected after 1147ms
2019-11-12 23:39:09,293 [2cdd6ea3-e978-43ee-a05f-f9ece739edb4@group-1391C67F3379-LeaderElection183] INFO  server.RaftServerConfigKeys (ConfUtils.java:logGet(43)) - raft.server.staging.catchup.gap = 1000 (default)
2019-11-12 23:39:09,294 [2cdd6ea3-e978-43ee-a05f-f9ece739edb4@group-1391C67F3379-LeaderElection183] INFO  server.RaftServerConfigKeys (ConfUtils.java:logGet(43)) - raft.server.rpc.sleep.time = 25ms (default)
2019-11-12 23:39:09,294 [2cdd6ea3-e978-43ee-a05f-f9ece739edb4@group-1391C67F3379-LeaderElection183] INFO  server.RaftServerConfigKeys (ConfUtils.java:logGet(43)) - raft.server.write.element-limit = 4096 (default)
2019-11-12 23:39:09,294 [2cdd6ea3-e978-43ee-a05f-f9ece739edb4@group-1391C67F3379-LeaderElection183] INFO  server.RaftServerConfigKeys (ConfUtils.java:logGet(43)) - raft.server.watch.timeout = 10s (default)
2019-11-12 23:39:09,294 [2cdd6ea3-e978-43ee-a05f-f9ece739edb4@group-1391C67F3379-LeaderElection183] INFO  server.RaftServerConfigKeys (ConfUtils.java:logGet(43)) - raft.server.watch.timeout.denomination = 1s (default)
2019-11-12 23:39:09,294 [2cdd6ea3-e978-43ee-a05f-f9ece739edb4@group-1391C67F3379-LeaderElection183] INFO  server.RaftServerConfigKeys (ConfUtils.java:logGet(43)) - raft.server.watch.element-limit = 65536 (default)
2019-11-12 23:39:09,294 [2cdd6ea3-e978-43ee-a05f-f9ece739edb4@group-1391C67F3379-LeaderElection183] INFO  impl.RoleInfo (RoleInfo.java:updateAndGet(143)) - 2cdd6ea3-e978-43ee-a05f-f9ece739edb4: start LeaderState
2019-11-12 23:39:09,294 [2cdd6ea3-e978-43ee-a05f-f9ece739edb4@group-1391C67F3379-LeaderElection183] INFO  segmented.SegmentedRaftLogWorker (SegmentedRaftLogWorker.java:startLogSegment(385)) - 2cdd6ea3-e978-43ee-a05f-f9ece739edb4@group-1391C67F3379-SegmentedRaftLogWorker: Starting segment from index:0
2019-11-12 23:39:09,295 [2cdd6ea3-e978-43ee-a05f-f9ece739edb4@group-1391C67F3379-LeaderElection183] INFO  impl.RaftServerImpl (ServerState.java:setRaftConf(356)) - 2cdd6ea3-e978-43ee-a05f-f9ece739edb4@group-1391C67F3379: set configuration 0: [2cdd6ea3-e978-43ee-a05f-f9ece739edb4:192.168.164.236:34677], old=null at 0
2019-11-12 23:39:09,335 [2cdd6ea3-e978-43ee-a05f-f9ece739edb4@group-1391C67F3379-SegmentedRaftLogWorker] INFO  segmented.SegmentedRaftLogWorker (SegmentedRaftLogWorker.java:execute(576)) - 2cdd6ea3-e978-43ee-a05f-f9ece739edb4@group-1391C67F3379-SegmentedRaftLogWorker: created new log segment /workdir/hadoop-ozone/integration-test/target/test-dir/MiniOzoneClusterImpl-af41d755-250d-41c0-9b7d-b62086ffbdd4/datanode-7/data/ratis/63d40cfe-4ff3-43e0-9078-1391c67f3379/current/log_inprogress_0
2019-11-12 23:39:12,599 [main] INFO  ozoneimpl.OzoneContainer (OzoneContainer.java:stop(244)) - Attempting to stop container services.
2019-11-12 23:39:12,600 [main] INFO  impl.RaftServerProxy (RaftServerProxy.java:lambda$close$4(314)) - 2cdd6ea3-e978-43ee-a05f-f9ece739edb4: close
2019-11-12 23:39:12,601 [main] INFO  impl.RaftServerImpl (RaftServerImpl.java:lambda$shutdown$3(250)) - 2cdd6ea3-e978-43ee-a05f-f9ece739edb4@group-1391C67F3379: shutdown
2019-11-12 23:39:12,601 [ForkJoinPool.commonPool-worker-0] INFO  impl.RaftServerImpl (RaftServerImpl.java:lambda$shutdown$3(250)) - 2cdd6ea3-e978-43ee-a05f-f9ece739edb4@group-296741F00278: shutdown
2019-11-12 23:39:12,601 [main] INFO  util.JmxRegister (JmxRegister.java:unregister(73)) - Successfully un-registered JMX Bean with object name Ratis:service=RaftServer,group=group-1391C67F3379,id=2cdd6ea3-e978-43ee-a05f-f9ece739edb4
2019-11-12 23:39:12,601 [ForkJoinPool.commonPool-worker-0] INFO  util.JmxRegister (JmxRegister.java:unregister(73)) - Successfully un-registered JMX Bean with object name Ratis:service=RaftServer,group=group-296741F00278,id=2cdd6ea3-e978-43ee-a05f-f9ece739edb4
2019-11-12 23:39:12,601 [main] INFO  impl.RoleInfo (RoleInfo.java:shutdownLeaderState(104)) - 2cdd6ea3-e978-43ee-a05f-f9ece739edb4: shutdown LeaderState
2019-11-12 23:39:12,602 [ForkJoinPool.commonPool-worker-0] INFO  impl.RoleInfo (RoleInfo.java:shutdownFollowerState(121)) - 2cdd6ea3-e978-43ee-a05f-f9ece739edb4: shutdown FollowerState
2019-11-12 23:39:12,602 [main] INFO  impl.PendingRequests (PendingRequests.java:sendNotLeaderResponses(206)) - 2cdd6ea3-e978-43ee-a05f-f9ece739edb4@group-1391C67F3379-PendingRequests: sendNotLeaderResponses
2019-11-12 23:39:12,602 [Thread-4180] INFO  impl.FollowerState (FollowerState.java:run(120)) - 2cdd6ea3-e978-43ee-a05f-f9ece739edb4@group-296741F00278-FollowerState was interrupted: java.lang.InterruptedException: sleep interrupted
2019-11-12 23:39:12,602 [ForkJoinPool.commonPool-worker-0] INFO  impl.StateMachineUpdater (StateMachineUpdater.java:stopAndJoin(136)) - 2cdd6ea3-e978-43ee-a05f-f9ece739edb4@group-296741F00278-StateMachineUpdater: set stopIndex = 0
2019-11-12 23:39:12,602 [main] INFO  impl.StateMachineUpdater (StateMachineUpdater.java:stopAndJoin(136)) - 2cdd6ea3-e978-43ee-a05f-f9ece739edb4@group-1391C67F3379-StateMachineUpdater: set stopIndex = 0
2019-11-12 23:39:12,603 [ForkJoinPool.commonPool-worker-0] INFO  impl.RaftServerImpl (ServerState.java:close(387)) - 2cdd6ea3-e978-43ee-a05f-f9ece739edb4@group-296741F00278: closes. applyIndex: 0
2019-11-12 23:39:12,603 [main] INFO  impl.RaftServerImpl (ServerState.java:close(387)) - 2cdd6ea3-e978-43ee-a05f-f9ece739edb4@group-1391C67F3379: closes. applyIndex: 0
2019-11-12 23:39:12,603 [2cdd6ea3-e978-43ee-a05f-f9ece739edb4@group-296741F00278-SegmentedRaftLogWorker] INFO  segmented.SegmentedRaftLogWorker (SegmentedRaftLogWorker.java:run(316)) - 2cdd6ea3-e978-43ee-a05f-f9ece739edb4@group-296741F00278-SegmentedRaftLogWorker was interrupted, exiting. There are 0 tasks remaining in the queue.
2019-11-12 23:39:12,604 [2cdd6ea3-e978-43ee-a05f-f9ece739edb4@group-1391C67F3379-SegmentedRaftLogWorker] INFO  segmented.SegmentedRaftLogWorker (SegmentedRaftLogWorker.java:run(316)) - 2cdd6ea3-e978-43ee-a05f-f9ece739edb4@group-1391C67F3379-SegmentedRaftLogWorker was interrupted, exiting. There are 0 tasks remaining in the queue.
2019-11-12 23:39:12,604 [ForkJoinPool.commonPool-worker-0] INFO  segmented.SegmentedRaftLogWorker (SegmentedRaftLogWorker.java:close(224)) - 2cdd6ea3-e978-43ee-a05f-f9ece739edb4@group-296741F00278-SegmentedRaftLogWorker close()
2019-11-12 23:39:12,604 [main] INFO  segmented.SegmentedRaftLogWorker (SegmentedRaftLogWorker.java:close(224)) - 2cdd6ea3-e978-43ee-a05f-f9ece739edb4@group-1391C67F3379-SegmentedRaftLogWorker close()
2019-11-12 23:39:12,610 [main] INFO  server.GrpcService (GrpcService.java:closeImpl(164)) - 2cdd6ea3-e978-43ee-a05f-f9ece739edb4: shutdown server with port 34677 now
2019-11-12 23:39:12,610 [grpc-default-executor-6] WARN  server.GrpcServerProtocolService (LogUtils.java:warn(134)) - 2cdd6ea3-e978-43ee-a05f-f9ece739edb4: installSnapshot onError, lastRequest: 0cfa4e5a-af9b-49e5-b2c2-1a2dc6cf0616->2cdd6ea3-e978-43ee-a05f-f9ece739edb4#7-t1, previous=(t:1, i:0), leaderCommit=0, initializing? false, entries: <empty>: org.apache.ratis.thirdparty.io.grpc.StatusRuntimeException: CANCELLED: cancelled before receiving half close
2019-11-12 23:39:12,611 [main] INFO  server.GrpcService (GrpcService.java:closeImpl(172)) - 2cdd6ea3-e978-43ee-a05f-f9ece739edb4: shutdown server with port 34677 successfully
2019-11-12 23:39:12,611 [grpc-default-executor-4] WARN  server.GrpcLogAppender (LogUtils.java:warn(134)) - 0cfa4e5a-af9b-49e5-b2c2-1a2dc6cf0616@group-296741F00278->2cdd6ea3-e978-43ee-a05f-f9ece739edb4-AppendLogResponseHandler: Failed appendEntries: org.apache.ratis.thirdparty.io.grpc.StatusRuntimeException: CANCELLED: HTTP/2 error code: CANCEL
Received Rst Stream
2019-11-12 23:39:12,611 [grpc-default-executor-4] INFO  impl.FollowerInfo (FollowerInfo.java:lambda$new$0(51)) - 0cfa4e5a-af9b-49e5-b2c2-1a2dc6cf0616@group-296741F00278->2cdd6ea3-e978-43ee-a05f-f9ece739edb4: nextIndex: updateUnconditionally 1 -> 0
2019-11-12 23:39:12,612 [refreshUsed-/workdir/hadoop-ozone/integration-test/target/test-dir/MiniOzoneClusterImpl-af41d755-250d-41c0-9b7d-b62086ffbdd4/datanode-7/data/containers] WARN  fs.CachingGetSpaceUsed (CachingGetSpaceUsed.java:run(183)) - Thread Interrupted waiting to refresh disk information: sleep interrupted
2019-11-12 23:39:12,630 [main] INFO  utils.BackgroundService (BackgroundService.java:shutdown(151)) - Shutting down service BlockDeletingService
2019-11-12 23:39:12,637 [main] INFO  statemachine.DatanodeStateMachine (DatanodeStateMachine.java:stopDaemon(395)) - Ozone container server stopped.
2019-11-12 23:39:12,639 [main] INFO  handler.ContextHandler (ContextHandler.java:doStop(910)) - Stopped o.e.j.w.WebAppContext@7a358613{/,null,UNAVAILABLE}{/hddsDatanode}
2019-11-12 23:39:12,640 [main] INFO  server.AbstractConnector (AbstractConnector.java:doStop(318)) - Stopped ServerConnector@760f1081{HTTP/1.1,[http/1.1]}{0.0.0.0:0}
2019-11-12 23:39:12,640 [main] INFO  handler.ContextHandler (ContextHandler.java:doStop(910)) - Stopped o.e.j.s.ServletContextHandler@426c0486{/static,jar:file:/home/user/.m2/repository/org/apache/hadoop/hadoop-hdds-container-service/0.5.0-SNAPSHOT/hadoop-hdds-container-service-0.5.0-SNAPSHOT.jar!/webapps/static,UNAVAILABLE}
2019-11-12 23:39:12,641 [main] INFO  handler.ContextHandler (ContextHandler.java:doStop(910)) - Stopped o.e.j.s.ServletContextHandler@5aea8994{/logs,file:///workdir/hadoop-ozone/integration-test/target/log,UNAVAILABLE}
2019-11-12 23:39:12,765 [grpc-default-executor-7] WARN  server.GrpcLogAppender (LogUtils.java:warn(134)) - 0cfa4e5a-af9b-49e5-b2c2-1a2dc6cf0616@group-296741F00278->2cdd6ea3-e978-43ee-a05f-f9ece739edb4-AppendLogResponseHandler: Failed appendEntries: org.apache.ratis.thirdparty.io.grpc.StatusRuntimeException: UNAVAILABLE: io exception
2019-11-12 23:39:12,765 [grpc-default-executor-7] INFO  impl.FollowerInfo (FollowerInfo.java:lambda$new$0(51)) - 0cfa4e5a-af9b-49e5-b2c2-1a2dc6cf0616@group-296741F00278->2cdd6ea3-e978-43ee-a05f-f9ece739edb4: nextIndex: updateUnconditionally 0 -> 0
2019-11-12 23:39:13,266 [grpc-default-executor-6] WARN  server.GrpcLogAppender (LogUtils.java:warn(134)) - 0cfa4e5a-af9b-49e5-b2c2-1a2dc6cf0616@group-296741F00278->2cdd6ea3-e978-43ee-a05f-f9ece739edb4-AppendLogResponseHandler: Failed appendEntries: org.apache.ratis.thirdparty.io.grpc.StatusRuntimeException: UNAVAILABLE: io exception
2019-11-12 23:39:13,266 [grpc-default-executor-6] INFO  impl.FollowerInfo (FollowerInfo.java:lambda$new$0(51)) - 0cfa4e5a-af9b-49e5-b2c2-1a2dc6cf0616@group-296741F00278->2cdd6ea3-e978-43ee-a05f-f9ece739edb4: nextIndex: updateUnconditionally 0 -> 0
2019-11-12 23:39:13,766 [grpc-default-executor-6] WARN  server.GrpcLogAppender (LogUtils.java:warn(134)) - 0cfa4e5a-af9b-49e5-b2c2-1a2dc6cf0616@group-296741F00278->2cdd6ea3-e978-43ee-a05f-f9ece739edb4-AppendLogResponseHandler: Failed appendEntries: org.apache.ratis.thirdparty.io.grpc.StatusRuntimeException: UNAVAILABLE: io exception
2019-11-12 23:39:13,766 [grpc-default-executor-6] INFO  impl.FollowerInfo (FollowerInfo.java:lambda$new$0(51)) - 0cfa4e5a-af9b-49e5-b2c2-1a2dc6cf0616@group-296741F00278->2cdd6ea3-e978-43ee-a05f-f9ece739edb4: nextIndex: updateUnconditionally 0 -> 0
2019-11-12 23:39:14,266 [grpc-default-executor-7] WARN  server.GrpcLogAppender (LogUtils.java:warn(134)) - 0cfa4e5a-af9b-49e5-b2c2-1a2dc6cf0616@group-296741F00278->2cdd6ea3-e978-43ee-a05f-f9ece739edb4-AppendLogResponseHandler: Failed appendEntries: org.apache.ratis.thirdparty.io.grpc.StatusRuntimeException: UNAVAILABLE: io exception
2019-11-12 23:39:14,267 [grpc-default-executor-7] INFO  impl.FollowerInfo (FollowerInfo.java:lambda$new$0(51)) - 0cfa4e5a-af9b-49e5-b2c2-1a2dc6cf0616@group-296741F00278->2cdd6ea3-e978-43ee-a05f-f9ece739edb4: nextIndex: updateUnconditionally 0 -> 0
2019-11-12 23:39:14,676 [main] WARN  io.KeyOutputStream (KeyOutputStream.java:handleException(274)) - Encountered exception java.io.IOException: Unexpected Storage Container Exception: java.util.concurrent.CompletionException: java.util.concurrent.CompletionException: org.apache.ratis.protocol.GroupMismatchException: 0cfa4e5a-af9b-49e5-b2c2-1a2dc6cf0616: group-79031BFF9747 not found. on the pipeline Pipeline[ Id: 6d7e9d7f-7b1f-40bf-9971-79031bff9747, Nodes: 2cdd6ea3-e978-43ee-a05f-f9ece739edb4{ip: 192.168.164.236, host: pr-hdds-2375-hvwjp-2869937553, networkLocation: /rack1, certSerialId: null}0cfa4e5a-af9b-49e5-b2c2-1a2dc6cf0616{ip: 192.168.164.236, host: pr-hdds-2375-hvwjp-2869937553, networkLocation: /rack1, certSerialId: null}bf4ebe41-a6c2-4458-a321-fc167af3521b{ip: 192.168.164.236, host: pr-hdds-2375-hvwjp-2869937553, networkLocation: /rack1, certSerialId: null}, Type:RATIS, Factor:THREE, State:OPEN]. The last committed block length is 1048576, uncommitted data length is 2097152 retry count 0
2019-11-12 23:39:14,676 [main] INFO  io.BlockOutputStreamEntryPool (BlockOutputStreamEntryPool.java:allocateNewBlock(257)) - Allocating block with ExcludeList {datanodes = [], containerIds = [], pipelineIds = [PipelineID=6d7e9d7f-7b1f-40bf-9971-79031bff9747]}
2019-11-12 23:39:14,767 [grpc-default-executor-6] WARN  server.GrpcLogAppender (LogUtils.java:warn(134)) - 0cfa4e5a-af9b-49e5-b2c2-1a2dc6cf0616@group-296741F00278->2cdd6ea3-e978-43ee-a05f-f9ece739edb4-AppendLogResponseHandler: Failed appendEntries: org.apache.ratis.thirdparty.io.grpc.StatusRuntimeException: UNAVAILABLE: io exception
2019-11-12 23:39:14,767 [grpc-default-executor-6] INFO  impl.FollowerInfo (FollowerInfo.java:lambda$new$0(51)) - 0cfa4e5a-af9b-49e5-b2c2-1a2dc6cf0616@group-296741F00278->2cdd6ea3-e978-43ee-a05f-f9ece739edb4: nextIndex: updateUnconditionally 0 -> 0
2019-11-12 23:39:14,970 [main] INFO  ozone.MiniOzoneClusterImpl (MiniOzoneClusterImpl.java:shutdown(352)) - Shutting down the Mini Ozone Cluster
2019-11-12 23:39:14,970 [main] INFO  ozone.MiniOzoneClusterImpl (MiniOzoneClusterImpl.java:stop(368)) - Stopping the Mini Ozone Cluster
2019-11-12 23:39:14,971 [main] INFO  ozone.MiniOzoneClusterImpl (MiniOzoneClusterImpl.java:stopOM(438)) - Stopping the OzoneManager
2019-11-12 23:39:14,971 [main] INFO  ipc.Server (Server.java:stop(3082)) - Stopping server on 39383
2019-11-12 23:39:14,984 [main] INFO  ratis.OzoneManagerDoubleBuffer (OzoneManagerDoubleBuffer.java:stop(261)) - Stopping OMDoubleBuffer flush thread
2019-11-12 23:39:14,984 [IPC Server Responder] INFO  ipc.Server (Server.java:run(1319)) - Stopping IPC Server Responder
2019-11-12 23:39:14,984 [OMDoubleBufferFlushThread] INFO  ratis.OzoneManagerDoubleBuffer (OzoneManagerDoubleBuffer.java:flushTransactions(199)) - OMDoubleBuffer flush thread OMDoubleBufferFlushThread is interrupted and will exit. OMDoubleBufferFlushThread
2019-11-12 23:39:14,984 [IPC Server listener on 39383] INFO  ipc.Server (Server.java:run(1185)) - Stopping IPC Server listener on 39383
2019-11-12 23:39:14,991 [main] INFO  utils.BackgroundService (BackgroundService.java:shutdown(151)) - Shutting down service KeyDeletingService
2019-11-12 23:39:14,999 [main] INFO  handler.ContextHandler (ContextHandler.java:doStop(910)) - Stopped o.e.j.w.WebAppContext@5ca4dce5{/,null,UNAVAILABLE}{/ozoneManager}
2019-11-12 23:39:14,999 [main] INFO  server.AbstractConnector (AbstractConnector.java:doStop(318)) - Stopped ServerConnector@1291aab5{HTTP/1.1,[http/1.1]}{0.0.0.0:0}
2019-11-12 23:39:14,999 [main] INFO  handler.ContextHandler (ContextHandler.java:doStop(910)) - Stopped o.e.j.s.ServletContextHandler@68dfda77{/static,file:///workdir/hadoop-ozone/integration-test/target/test-classes/webapps/static,UNAVAILABLE}
2019-11-12 23:39:15,000 [main] INFO  handler.ContextHandler (ContextHandler.java:doStop(910)) - Stopped o.e.j.s.ServletContextHandler@5fd43e58{/logs,file:///workdir/hadoop-ozone/integration-test/target/log,UNAVAILABLE}
2019-11-12 23:39:15,003 [main] INFO  ozone.MiniOzoneClusterImpl (MiniOzoneClusterImpl.java:stopDatanodes(415)) - Stopping the HddsDatanodes
2019-11-12 23:39:15,268 [grpc-default-executor-4] WARN  server.GrpcLogAppender (LogUtils.java:warn(134)) - 0cfa4e5a-af9b-49e5-b2c2-1a2dc6cf0616@group-296741F00278->2cdd6ea3-e978-43ee-a05f-f9ece739edb4-AppendLogResponseHandler: Failed appendEntries: org.apache.ratis.thirdparty.io.grpc.StatusRuntimeException: UNAVAILABLE: io exception
2019-11-12 23:39:15,268 [grpc-default-executor-4] INFO  impl.FollowerInfo (FollowerInfo.java:lambda$new$0(51)) - 0cfa4e5a-af9b-49e5-b2c2-1a2dc6cf0616@group-296741F00278->2cdd6ea3-e978-43ee-a05f-f9ece739edb4: nextIndex: updateUnconditionally 0 -> 0
2019-11-12 23:39:15,768 [grpc-default-executor-6] WARN  server.GrpcLogAppender (LogUtils.java:warn(134)) - 0cfa4e5a-af9b-49e5-b2c2-1a2dc6cf0616@group-296741F00278->2cdd6ea3-e978-43ee-a05f-f9ece739edb4-AppendLogResponseHandler: Failed appendEntries: org.apache.ratis.thirdparty.io.grpc.StatusRuntimeException: UNAVAILABLE: io exception
2019-11-12 23:39:15,769 [grpc-default-executor-6] INFO  impl.FollowerInfo (FollowerInfo.java:lambda$new$0(51)) - 0cfa4e5a-af9b-49e5-b2c2-1a2dc6cf0616@group-296741F00278->2cdd6ea3-e978-43ee-a05f-f9ece739edb4: nextIndex: updateUnconditionally 0 -> 0
2019-11-12 23:39:15,790 [Datanode State Machine Thread - 0] INFO  statemachine.DatanodeStateMachine (DatanodeStateMachine.java:lambda$startDaemon$0(350)) - Ozone container server started.
2019-11-12 23:39:15,848 [Datanode State Machine Thread - 0] INFO  statemachine.DatanodeStateMachine (DatanodeStateMachine.java:lambda$startDaemon$0(350)) - Ozone container server started.
2019-11-12 23:39:16,269 [grpc-default-executor-6] WARN  server.GrpcLogAppender (LogUtils.java:warn(134)) - 0cfa4e5a-af9b-49e5-b2c2-1a2dc6cf0616@group-296741F00278->2cdd6ea3-e978-43ee-a05f-f9ece739edb4-AppendLogResponseHandler: Failed appendEntries: org.apache.ratis.thirdparty.io.grpc.StatusRuntimeException: UNAVAILABLE: io exception
2019-11-12 23:39:16,269 [grpc-default-executor-6] INFO  impl.FollowerInfo (FollowerInfo.java:lambda$new$0(51)) - 0cfa4e5a-af9b-49e5-b2c2-1a2dc6cf0616@group-296741F00278->2cdd6ea3-e978-43ee-a05f-f9ece739edb4: nextIndex: updateUnconditionally 0 -> 0
2019-11-12 23:39:16,769 [grpc-default-executor-7] WARN  server.GrpcLogAppender (LogUtils.java:warn(134)) - 0cfa4e5a-af9b-49e5-b2c2-1a2dc6cf0616@group-296741F00278->2cdd6ea3-e978-43ee-a05f-f9ece739edb4-AppendLogResponseHandler: Failed appendEntries: org.apache.ratis.thirdparty.io.grpc.StatusRuntimeException: UNAVAILABLE: io exception
2019-11-12 23:39:16,770 [grpc-default-executor-7] INFO  impl.FollowerInfo (FollowerInfo.java:lambda$new$0(51)) - 0cfa4e5a-af9b-49e5-b2c2-1a2dc6cf0616@group-296741F00278->2cdd6ea3-e978-43ee-a05f-f9ece739edb4: nextIndex: updateUnconditionally 0 -> 0
2019-11-12 23:39:17,270 [grpc-default-executor-6] WARN  server.GrpcLogAppender (LogUtils.java:warn(134)) - 0cfa4e5a-af9b-49e5-b2c2-1a2dc6cf0616@group-296741F00278->2cdd6ea3-e978-43ee-a05f-f9ece739edb4-AppendLogResponseHandler: Failed appendEntries: org.apache.ratis.thirdparty.io.grpc.StatusRuntimeException: UNAVAILABLE: io exception
2019-11-12 23:39:17,271 [grpc-default-executor-6] INFO  impl.FollowerInfo (FollowerInfo.java:lambda$new$0(51)) - 0cfa4e5a-af9b-49e5-b2c2-1a2dc6cf0616@group-296741F00278->2cdd6ea3-e978-43ee-a05f-f9ece739edb4: nextIndex: updateUnconditionally 0 -> 0
2019-11-12 23:39:17,773 [grpc-default-executor-4] WARN  server.GrpcLogAppender (LogUtils.java:warn(134)) - 0cfa4e5a-af9b-49e5-b2c2-1a2dc6cf0616@group-296741F00278->2cdd6ea3-e978-43ee-a05f-f9ece739edb4-AppendLogResponseHandler: Failed appendEntries: org.apache.ratis.thirdparty.io.grpc.StatusRuntimeException: UNAVAILABLE: io exception
2019-11-12 23:39:17,774 [grpc-default-executor-4] INFO  impl.FollowerInfo (FollowerInfo.java:lambda$new$0(51)) - 0cfa4e5a-af9b-49e5-b2c2-1a2dc6cf0616@group-296741F00278->2cdd6ea3-e978-43ee-a05f-f9ece739edb4: nextIndex: updateUnconditionally 0 -> 0
2019-11-12 23:39:18,273 [grpc-default-executor-7] WARN  server.GrpcLogAppender (LogUtils.java:warn(134)) - 0cfa4e5a-af9b-49e5-b2c2-1a2dc6cf0616@group-296741F00278->2cdd6ea3-e978-43ee-a05f-f9ece739edb4-AppendLogResponseHandler: Failed appendEntries: org.apache.ratis.thirdparty.io.grpc.StatusRuntimeException: UNAVAILABLE: io exception
2019-11-12 23:39:18,273 [grpc-default-executor-7] INFO  impl.FollowerInfo (FollowerInfo.java:lambda$new$0(51)) - 0cfa4e5a-af9b-49e5-b2c2-1a2dc6cf0616@group-296741F00278->2cdd6ea3-e978-43ee-a05f-f9ece739edb4: nextIndex: updateUnconditionally 0 -> 0
2019-11-12 23:39:18,773 [grpc-default-executor-4] WARN  server.GrpcLogAppender (LogUtils.java:warn(134)) - 0cfa4e5a-af9b-49e5-b2c2-1a2dc6cf0616@group-296741F00278->2cdd6ea3-e978-43ee-a05f-f9ece739edb4-AppendLogResponseHandler: Failed appendEntries: org.apache.ratis.thirdparty.io.grpc.StatusRuntimeException: UNAVAILABLE: io exception
2019-11-12 23:39:18,774 [grpc-default-executor-4] INFO  impl.FollowerInfo (FollowerInfo.java:lambda$new$0(51)) - 0cfa4e5a-af9b-49e5-b2c2-1a2dc6cf0616@group-296741F00278->2cdd6ea3-e978-43ee-a05f-f9ece739edb4: nextIndex: updateUnconditionally 0 -> 0
2019-11-12 23:39:19,274 [grpc-default-executor-6] WARN  server.GrpcLogAppender (LogUtils.java:warn(134)) - 0cfa4e5a-af9b-49e5-b2c2-1a2dc6cf0616@group-296741F00278->2cdd6ea3-e978-43ee-a05f-f9ece739edb4-AppendLogResponseHandler: Failed appendEntries: org.apache.ratis.thirdparty.io.grpc.StatusRuntimeException: UNAVAILABLE: io exception
2019-11-12 23:39:19,274 [grpc-default-executor-6] INFO  impl.FollowerInfo (FollowerInfo.java:lambda$new$0(51)) - 0cfa4e5a-af9b-49e5-b2c2-1a2dc6cf0616@group-296741F00278->2cdd6ea3-e978-43ee-a05f-f9ece739edb4: nextIndex: updateUnconditionally 0 -> 0
2019-11-12 23:39:19,775 [grpc-default-executor-4] WARN  server.GrpcLogAppender (LogUtils.java:warn(134)) - 0cfa4e5a-af9b-49e5-b2c2-1a2dc6cf0616@group-296741F00278->2cdd6ea3-e978-43ee-a05f-f9ece739edb4-AppendLogResponseHandler: Failed appendEntries: org.apache.ratis.thirdparty.io.grpc.StatusRuntimeException: UNAVAILABLE: io exception
2019-11-12 23:39:19,775 [grpc-default-executor-4] INFO  impl.FollowerInfo (FollowerInfo.java:lambda$new$0(51)) - 0cfa4e5a-af9b-49e5-b2c2-1a2dc6cf0616@group-296741F00278->2cdd6ea3-e978-43ee-a05f-f9ece739edb4: nextIndex: updateUnconditionally 0 -> 0
2019-11-12 23:39:20,004 [ForkJoinPool.commonPool-worker-1] INFO  ozoneimpl.OzoneContainer (OzoneContainer.java:stop(244)) - Attempting to stop container services.
2019-11-12 23:39:20,004 [main] INFO  ozoneimpl.OzoneContainer (OzoneContainer.java:stop(244)) - Attempting to stop container services.
2019-11-12 23:39:20,004 [ForkJoinPool.commonPool-worker-1] INFO  impl.RaftServerProxy (RaftServerProxy.java:lambda$close$4(314)) - 98dbddad-cff4-4f87-9188-db1d76df9501: close
2019-11-12 23:39:20,005 [main] INFO  impl.RaftServerProxy (RaftServerProxy.java:lambda$close$4(314)) - e78e490f-dcb2-4ec6-aeec-6e1e9400be8d: close
2019-11-12 23:39:20,005 [ForkJoinPool.commonPool-worker-1] INFO  impl.RaftServerImpl (RaftServerImpl.java:lambda$shutdown$3(250)) - 98dbddad-cff4-4f87-9188-db1d76df9501@group-52F5F982BB9D: shutdown
2019-11-12 23:39:20,005 [main] INFO  impl.RaftServerImpl (RaftServerImpl.java:lambda$shutdown$3(250)) - e78e490f-dcb2-4ec6-aeec-6e1e9400be8d@group-959D08EB2AC8: shutdown
2019-11-12 23:39:20,005 [ForkJoinPool.commonPool-worker-1] INFO  util.JmxRegister (JmxRegister.java:unregister(73)) - Successfully un-registered JMX Bean with object name Ratis:service=RaftServer,group=group-52F5F982BB9D,id=98dbddad-cff4-4f87-9188-db1d76df9501
2019-11-12 23:39:20,005 [main] INFO  util.JmxRegister (JmxRegister.java:unregister(73)) - Successfully un-registered JMX Bean with object name Ratis:service=RaftServer,group=group-959D08EB2AC8,id=e78e490f-dcb2-4ec6-aeec-6e1e9400be8d
2019-11-12 23:39:20,006 [ForkJoinPool.commonPool-worker-1] INFO  impl.RoleInfo (RoleInfo.java:shutdownFollowerState(121)) - 98dbddad-cff4-4f87-9188-db1d76df9501: shutdown FollowerState
2019-11-12 23:39:20,006 [main] INFO  impl.RoleInfo (RoleInfo.java:shutdownLeaderState(104)) - e78e490f-dcb2-4ec6-aeec-6e1e9400be8d: shutdown LeaderState
2019-11-12 23:39:20,006 [98dbddad-cff4-4f87-9188-db1d76df9501@group-52F5F982BB9D-StateMachineUpdater] INFO  ratis.ContainerStateMachine (ContainerStateMachine.java:takeSnapshot(285)) - group-52F5F982BB9D: Taking a snapshot at:(t:1, i:4) file /workdir/hadoop-ozone/integration-test/target/test-dir/MiniOzoneClusterImpl-af41d755-250d-41c0-9b7d-b62086ffbdd4/datanode-2/data/ratis/902052f6-9394-4a90-85bd-52f5f982bb9d/sm/snapshot.1_4
2019-11-12 23:39:20,006 [Thread-4157] INFO  impl.FollowerState (FollowerState.java:run(120)) - 98dbddad-cff4-4f87-9188-db1d76df9501@group-52F5F982BB9D-FollowerState was interrupted: java.lang.InterruptedException: sleep interrupted
2019-11-12 23:39:20,006 [ForkJoinPool.commonPool-worker-1] INFO  impl.StateMachineUpdater (StateMachineUpdater.java:stopAndJoin(136)) - 98dbddad-cff4-4f87-9188-db1d76df9501@group-52F5F982BB9D-StateMachineUpdater: set stopIndex = 7
2019-11-12 23:39:20,013 [org.apache.ratis.server.impl.LogAppender$AppenderDaemon$$Lambda$407/373218175@1d68de4d] WARN  server.GrpcLogAppender (GrpcLogAppender.java:mayWait(151)) - e78e490f-dcb2-4ec6-aeec-6e1e9400be8d@group-959D08EB2AC8->568551cc-7cda-4cdf-9ff0-2cea755fc381-GrpcLogAppender: Wait interrupted by java.lang.InterruptedException
2019-11-12 23:39:20,013 [main] INFO  impl.PendingRequests (PendingRequests.java:sendNotLeaderResponses(206)) - e78e490f-dcb2-4ec6-aeec-6e1e9400be8d@group-959D08EB2AC8-PendingRequests: sendNotLeaderResponses
2019-11-12 23:39:20,013 [org.apache.ratis.server.impl.LogAppender$AppenderDaemon$$Lambda$407/373218175@586a4384] WARN  server.GrpcLogAppender (GrpcLogAppender.java:mayWait(151)) - e78e490f-dcb2-4ec6-aeec-6e1e9400be8d@group-959D08EB2AC8->7c2b8f83-a523-49c2-afdc-9b713bfd472f-GrpcLogAppender: Wait interrupted by java.lang.InterruptedException
2019-11-12 23:39:20,015 [main] INFO  impl.StateMachineUpdater (StateMachineUpdater.java:stopAndJoin(136)) - e78e490f-dcb2-4ec6-aeec-6e1e9400be8d@group-959D08EB2AC8-StateMachineUpdater: set stopIndex = 0
2019-11-12 23:39:20,015 [grpc-default-executor-4] INFO  server.GrpcServerProtocolService (GrpcServerProtocolService.java:onCompleted(113)) - 568551cc-7cda-4cdf-9ff0-2cea755fc381: Completed APPEND_ENTRIES, lastRequest: e78e490f-dcb2-4ec6-aeec-6e1e9400be8d->568551cc-7cda-4cdf-9ff0-2cea755fc381#28-t1, previous=(t:1, i:0), leaderCommit=0, initializing? false, entries: <empty>
2019-11-12 23:39:20,015 [grpc-default-executor-6] INFO  server.GrpcServerProtocolService (GrpcServerProtocolService.java:onCompleted(113)) - 7c2b8f83-a523-49c2-afdc-9b713bfd472f: Completed APPEND_ENTRIES, lastRequest: e78e490f-dcb2-4ec6-aeec-6e1e9400be8d->7c2b8f83-a523-49c2-afdc-9b713bfd472f#28-t1, previous=(t:1, i:0), leaderCommit=0, initializing? false, entries: <empty>
2019-11-12 23:39:20,016 [main] INFO  impl.RaftServerImpl (ServerState.java:close(387)) - e78e490f-dcb2-4ec6-aeec-6e1e9400be8d@group-959D08EB2AC8: closes. applyIndex: 0
2019-11-12 23:39:20,016 [grpc-default-executor-4] INFO  server.GrpcLogAppender (GrpcLogAppender.java:onCompleted(308)) - e78e490f-dcb2-4ec6-aeec-6e1e9400be8d@group-959D08EB2AC8->568551cc-7cda-4cdf-9ff0-2cea755fc381-AppendLogResponseHandler: follower responses appendEntries COMPLETED
2019-11-12 23:39:20,016 [grpc-default-executor-6] INFO  server.GrpcLogAppender (GrpcLogAppender.java:onCompleted(308)) - e78e490f-dcb2-4ec6-aeec-6e1e9400be8d@group-959D08EB2AC8->7c2b8f83-a523-49c2-afdc-9b713bfd472f-AppendLogResponseHandler: follower responses appendEntries COMPLETED
2019-11-12 23:39:20,016 [e78e490f-dcb2-4ec6-aeec-6e1e9400be8d@group-959D08EB2AC8-SegmentedRaftLogWorker] INFO  segmented.SegmentedRaftLogWorker (SegmentedRaftLogWorker.java:run(316)) - e78e490f-dcb2-4ec6-aeec-6e1e9400be8d@group-959D08EB2AC8-SegmentedRaftLogWorker was interrupted, exiting. There are 0 tasks remaining in the queue.
2019-11-12 23:39:20,017 [main] INFO  segmented.SegmentedRaftLogWorker (SegmentedRaftLogWorker.java:close(224)) - e78e490f-dcb2-4ec6-aeec-6e1e9400be8d@group-959D08EB2AC8-SegmentedRaftLogWorker close()
2019-11-12 23:39:20,017 [grpc-default-executor-6] INFO  impl.FollowerInfo (FollowerInfo.java:lambda$new$0(51)) - e78e490f-dcb2-4ec6-aeec-6e1e9400be8d@group-959D08EB2AC8->7c2b8f83-a523-49c2-afdc-9b713bfd472f: nextIndex: updateUnconditionally 1 -> 0
2019-11-12 23:39:20,017 [grpc-default-executor-4] INFO  impl.FollowerInfo (FollowerInfo.java:lambda$new$0(51)) - e78e490f-dcb2-4ec6-aeec-6e1e9400be8d@group-959D08EB2AC8->568551cc-7cda-4cdf-9ff0-2cea755fc381: nextIndex: updateUnconditionally 1 -> 0
2019-11-12 23:39:20,017 [main] INFO  impl.RaftServerImpl (RaftServerImpl.java:lambda$shutdown$3(250)) - e78e490f-dcb2-4ec6-aeec-6e1e9400be8d@group-E0782CB4127B: shutdown
2019-11-12 23:39:20,018 [main] INFO  util.JmxRegister (JmxRegister.java:unregister(73)) - Successfully un-registered JMX Bean with object name Ratis:service=RaftServer,group=group-E0782CB4127B,id=e78e490f-dcb2-4ec6-aeec-6e1e9400be8d
2019-11-12 23:39:20,018 [main] INFO  impl.RoleInfo (RoleInfo.java:shutdownLeaderState(104)) - e78e490f-dcb2-4ec6-aeec-6e1e9400be8d: shutdown LeaderState
2019-11-12 23:39:20,018 [main] INFO  impl.PendingRequests (PendingRequests.java:sendNotLeaderResponses(206)) - e78e490f-dcb2-4ec6-aeec-6e1e9400be8d@group-E0782CB4127B-PendingRequests: sendNotLeaderResponses
2019-11-12 23:39:20,018 [main] INFO  impl.StateMachineUpdater (StateMachineUpdater.java:stopAndJoin(136)) - e78e490f-dcb2-4ec6-aeec-6e1e9400be8d@group-E0782CB4127B-StateMachineUpdater: set stopIndex = 0
2019-11-12 23:39:20,019 [main] INFO  impl.RaftServerImpl (ServerState.java:close(387)) - e78e490f-dcb2-4ec6-aeec-6e1e9400be8d@group-E0782CB4127B: closes. applyIndex: 0
2019-11-12 23:39:20,019 [e78e490f-dcb2-4ec6-aeec-6e1e9400be8d@group-E0782CB4127B-SegmentedRaftLogWorker] INFO  segmented.SegmentedRaftLogWorker (SegmentedRaftLogWorker.java:run(316)) - e78e490f-dcb2-4ec6-aeec-6e1e9400be8d@group-E0782CB4127B-SegmentedRaftLogWorker was interrupted, exiting. There are 0 tasks remaining in the queue.
2019-11-12 23:39:20,019 [main] INFO  segmented.SegmentedRaftLogWorker (SegmentedRaftLogWorker.java:close(224)) - e78e490f-dcb2-4ec6-aeec-6e1e9400be8d@group-E0782CB4127B-SegmentedRaftLogWorker close()
2019-11-12 23:39:20,019 [main] INFO  server.GrpcService (GrpcService.java:closeImpl(164)) - e78e490f-dcb2-4ec6-aeec-6e1e9400be8d: shutdown server with port 41531 now
2019-11-12 23:39:20,020 [main] INFO  server.GrpcService (GrpcService.java:closeImpl(172)) - e78e490f-dcb2-4ec6-aeec-6e1e9400be8d: shutdown server with port 41531 successfully
2019-11-12 23:39:20,021 [refreshUsed-/workdir/hadoop-ozone/integration-test/target/test-dir/MiniOzoneClusterImpl-af41d755-250d-41c0-9b7d-b62086ffbdd4/datanode-5/data/containers] WARN  fs.CachingGetSpaceUsed (CachingGetSpaceUsed.java:run(183)) - Thread Interrupted waiting to refresh disk information: sleep interrupted
2019-11-12 23:39:20,025 [98dbddad-cff4-4f87-9188-db1d76df9501@group-52F5F982BB9D-StateMachineUpdater] INFO  ratis.ContainerStateMachine (ContainerStateMachine.java:takeSnapshot(296)) - group-52F5F982BB9D: Finished taking a snapshot at:(t:1, i:4) file:/workdir/hadoop-ozone/integration-test/target/test-dir/MiniOzoneClusterImpl-af41d755-250d-41c0-9b7d-b62086ffbdd4/datanode-2/data/ratis/902052f6-9394-4a90-85bd-52f5f982bb9d/sm/snapshot.1_4 time:19
2019-11-12 23:39:20,026 [98dbddad-cff4-4f87-9188-db1d76df9501@group-52F5F982BB9D-StateMachineUpdater] INFO  impl.StateMachineUpdater (StateMachineUpdater.java:takeSnapshot(269)) - 98dbddad-cff4-4f87-9188-db1d76df9501@group-52F5F982BB9D-StateMachineUpdater: Took a snapshot at index 4
2019-11-12 23:39:20,026 [98dbddad-cff4-4f87-9188-db1d76df9501@group-52F5F982BB9D-StateMachineUpdater] INFO  impl.StateMachineUpdater (StateMachineUpdater.java:lambda$new$0(84)) - 98dbddad-cff4-4f87-9188-db1d76df9501@group-52F5F982BB9D-StateMachineUpdater: snapshotIndex: updateIncreasingly -1 -> 4
2019-11-12 23:39:20,027 [98dbddad-cff4-4f87-9188-db1d76df9501@group-52F5F982BB9D-StateMachineUpdater] INFO  ratis.ContainerStateMachine (ContainerStateMachine.java:takeSnapshot(285)) - group-52F5F982BB9D: Taking a snapshot at:(t:1, i:4) file /workdir/hadoop-ozone/integration-test/target/test-dir/MiniOzoneClusterImpl-af41d755-250d-41c0-9b7d-b62086ffbdd4/datanode-2/data/ratis/902052f6-9394-4a90-85bd-52f5f982bb9d/sm/snapshot.1_4
2019-11-12 23:39:20,039 [98dbddad-cff4-4f87-9188-db1d76df9501@group-52F5F982BB9D-StateMachineUpdater] INFO  ratis.ContainerStateMachine (ContainerStateMachine.java:takeSnapshot(296)) - group-52F5F982BB9D: Finished taking a snapshot at:(t:1, i:4) file:/workdir/hadoop-ozone/integration-test/target/test-dir/MiniOzoneClusterImpl-af41d755-250d-41c0-9b7d-b62086ffbdd4/datanode-2/data/ratis/902052f6-9394-4a90-85bd-52f5f982bb9d/sm/snapshot.1_4 time:13
2019-11-12 23:39:20,040 [98dbddad-cff4-4f87-9188-db1d76df9501@group-52F5F982BB9D-StateMachineUpdater] INFO  impl.StateMachineUpdater (StateMachineUpdater.java:takeSnapshot(269)) - 98dbddad-cff4-4f87-9188-db1d76df9501@group-52F5F982BB9D-StateMachineUpdater: Took a snapshot at index 4
2019-11-12 23:39:20,040 [98dbddad-cff4-4f87-9188-db1d76df9501@group-52F5F982BB9D-StateMachineUpdater] INFO  impl.StateMachineUpdater (StateMachineUpdater.java:lambda$new$0(84)) - 98dbddad-cff4-4f87-9188-db1d76df9501@group-52F5F982BB9D-StateMachineUpdater: snapshotIndex: updateIncreasingly 4 -> 4
2019-11-12 23:39:20,040 [ForkJoinPool.commonPool-worker-1] INFO  impl.RaftServerImpl (ServerState.java:close(387)) - 98dbddad-cff4-4f87-9188-db1d76df9501@group-52F5F982BB9D: closes. applyIndex: 7
2019-11-12 23:39:20,040 [98dbddad-cff4-4f87-9188-db1d76df9501@group-52F5F982BB9D-SegmentedRaftLogWorker] INFO  segmented.SegmentedRaftLogWorker (SegmentedRaftLogWorker.java:run(316)) - 98dbddad-cff4-4f87-9188-db1d76df9501@group-52F5F982BB9D-SegmentedRaftLogWorker was interrupted, exiting. There are 0 tasks remaining in the queue.
2019-11-12 23:39:20,040 [ForkJoinPool.commonPool-worker-1] INFO  segmented.SegmentedRaftLogWorker (SegmentedRaftLogWorker.java:close(224)) - 98dbddad-cff4-4f87-9188-db1d76df9501@group-52F5F982BB9D-SegmentedRaftLogWorker close()
2019-11-12 23:39:20,041 [ForkJoinPool.commonPool-worker-1] INFO  impl.RaftServerImpl (RaftServerImpl.java:lambda$shutdown$3(250)) - 98dbddad-cff4-4f87-9188-db1d76df9501@group-662806A6C9CE: shutdown
2019-11-12 23:39:20,041 [ForkJoinPool.commonPool-worker-1] INFO  util.JmxRegister (JmxRegister.java:unregister(73)) - Successfully un-registered JMX Bean with object name Ratis:service=RaftServer,group=group-662806A6C9CE,id=98dbddad-cff4-4f87-9188-db1d76df9501
2019-11-12 23:39:20,041 [ForkJoinPool.commonPool-worker-1] INFO  impl.RoleInfo (RoleInfo.java:shutdownLeaderState(104)) - 98dbddad-cff4-4f87-9188-db1d76df9501: shutdown LeaderState
2019-11-12 23:39:20,041 [ForkJoinPool.commonPool-worker-1] INFO  impl.PendingRequests (PendingRequests.java:sendNotLeaderResponses(206)) - 98dbddad-cff4-4f87-9188-db1d76df9501@group-662806A6C9CE-PendingRequests: sendNotLeaderResponses
2019-11-12 23:39:20,042 [ForkJoinPool.commonPool-worker-1] INFO  impl.StateMachineUpdater (StateMachineUpdater.java:stopAndJoin(136)) - 98dbddad-cff4-4f87-9188-db1d76df9501@group-662806A6C9CE-StateMachineUpdater: set stopIndex = 0
2019-11-12 23:39:20,042 [ForkJoinPool.commonPool-worker-1] INFO  impl.RaftServerImpl (ServerState.java:close(387)) - 98dbddad-cff4-4f87-9188-db1d76df9501@group-662806A6C9CE: closes. applyIndex: 0
2019-11-12 23:39:20,042 [main] INFO  utils.BackgroundService (BackgroundService.java:shutdown(151)) - Shutting down service BlockDeletingService
2019-11-12 23:39:20,042 [98dbddad-cff4-4f87-9188-db1d76df9501@group-662806A6C9CE-SegmentedRaftLogWorker] INFO  segmented.SegmentedRaftLogWorker (SegmentedRaftLogWorker.java:run(316)) - 98dbddad-cff4-4f87-9188-db1d76df9501@group-662806A6C9CE-SegmentedRaftLogWorker was interrupted, exiting. There are 0 tasks remaining in the queue.
2019-11-12 23:39:20,042 [ForkJoinPool.commonPool-worker-1] INFO  segmented.SegmentedRaftLogWorker (SegmentedRaftLogWorker.java:close(224)) - 98dbddad-cff4-4f87-9188-db1d76df9501@group-662806A6C9CE-SegmentedRaftLogWorker close()
2019-11-12 23:39:20,043 [ForkJoinPool.commonPool-worker-1] INFO  server.GrpcService (GrpcService.java:closeImpl(164)) - 98dbddad-cff4-4f87-9188-db1d76df9501: shutdown server with port 45282 now
2019-11-12 23:39:20,064 [main] INFO  statemachine.DatanodeStateMachine (DatanodeStateMachine.java:stopDaemon(395)) - Ozone container server stopped.
2019-11-12 23:39:20,065 [grpc-default-executor-6] WARN  server.GrpcServerProtocolService (LogUtils.java:warn(134)) - 98dbddad-cff4-4f87-9188-db1d76df9501: installSnapshot onError, lastRequest: 1f658cad-a8c7-4c86-bbeb-2b40079268d7->98dbddad-cff4-4f87-9188-db1d76df9501#29-t1, previous=(t:1, i:7), leaderCommit=7, initializing? false, entries: <empty>: org.apache.ratis.thirdparty.io.grpc.StatusRuntimeException: CANCELLED: cancelled before receiving half close
2019-11-12 23:39:20,065 [grpc-default-executor-4] WARN  server.GrpcLogAppender (LogUtils.java:warn(134)) - 1f658cad-a8c7-4c86-bbeb-2b40079268d7@group-52F5F982BB9D->98dbddad-cff4-4f87-9188-db1d76df9501-AppendLogResponseHandler: Failed appendEntries: org.apache.ratis.thirdparty.io.grpc.StatusRuntimeException: CANCELLED: HTTP/2 error code: CANCEL
Received Rst Stream
2019-11-12 23:39:20,065 [ForkJoinPool.commonPool-worker-1] INFO  server.GrpcService (GrpcService.java:closeImpl(172)) - 98dbddad-cff4-4f87-9188-db1d76df9501: shutdown server with port 45282 successfully
2019-11-12 23:39:20,065 [grpc-default-executor-4] INFO  impl.FollowerInfo (FollowerInfo.java:lambda$new$0(51)) - 1f658cad-a8c7-4c86-bbeb-2b40079268d7@group-52F5F982BB9D->98dbddad-cff4-4f87-9188-db1d76df9501: nextIndex: updateUnconditionally 8 -> 7
2019-11-12 23:39:20,068 [refreshUsed-/workdir/hadoop-ozone/integration-test/target/test-dir/MiniOzoneClusterImpl-af41d755-250d-41c0-9b7d-b62086ffbdd4/datanode-2/data/containers] WARN  fs.CachingGetSpaceUsed (CachingGetSpaceUsed.java:run(183)) - Thread Interrupted waiting to refresh disk information: sleep interrupted
2019-11-12 23:39:20,068 [main] INFO  handler.ContextHandler (ContextHandler.java:doStop(910)) - Stopped o.e.j.w.WebAppContext@175581eb{/,null,UNAVAILABLE}{/hddsDatanode}
2019-11-12 23:39:20,071 [main] INFO  server.AbstractConnector (AbstractConnector.java:doStop(318)) - Stopped ServerConnector@2b79c8ff{HTTP/1.1,[http/1.1]}{0.0.0.0:0}
2019-11-12 23:39:20,072 [main] INFO  handler.ContextHandler (ContextHandler.java:doStop(910)) - Stopped o.e.j.s.ServletContextHandler@9a9aa68{/static,jar:file:/home/user/.m2/repository/org/apache/hadoop/hadoop-hdds-container-service/0.5.0-SNAPSHOT/hadoop-hdds-container-service-0.5.0-SNAPSHOT.jar!/webapps/static,UNAVAILABLE}
2019-11-12 23:39:20,072 [main] INFO  handler.ContextHandler (ContextHandler.java:doStop(910)) - Stopped o.e.j.s.ServletContextHandler@77aea{/logs,file:///workdir/hadoop-ozone/integration-test/target/log,UNAVAILABLE}
2019-11-12 23:39:20,083 [ForkJoinPool.commonPool-worker-1] INFO  utils.BackgroundService (BackgroundService.java:shutdown(151)) - Shutting down service BlockDeletingService
2019-11-12 23:39:20,086 [ForkJoinPool.commonPool-worker-1] INFO  statemachine.DatanodeStateMachine (DatanodeStateMachine.java:stopDaemon(395)) - Ozone container server stopped.
2019-11-12 23:39:20,090 [ForkJoinPool.commonPool-worker-1] INFO  handler.ContextHandler (ContextHandler.java:doStop(910)) - Stopped o.e.j.w.WebAppContext@7af327e3{/,null,UNAVAILABLE}{/hddsDatanode}
2019-11-12 23:39:20,091 [ForkJoinPool.commonPool-worker-1] INFO  server.AbstractConnector (AbstractConnector.java:doStop(318)) - Stopped ServerConnector@743d0d44{HTTP/1.1,[http/1.1]}{0.0.0.0:0}
2019-11-12 23:39:20,093 [ForkJoinPool.commonPool-worker-1] INFO  handler.ContextHandler (ContextHandler.java:doStop(910)) - Stopped o.e.j.s.ServletContextHandler@14e750c5{/static,jar:file:/home/user/.m2/repository/org/apache/hadoop/hadoop-hdds-container-service/0.5.0-SNAPSHOT/hadoop-hdds-container-service-0.5.0-SNAPSHOT.jar!/webapps/static,UNAVAILABLE}
2019-11-12 23:39:20,094 [ForkJoinPool.commonPool-worker-1] INFO  handler.ContextHandler (ContextHandler.java:doStop(910)) - Stopped o.e.j.s.ServletContextHandler@7911cc15{/logs,file:///workdir/hadoop-ozone/integration-test/target/log,UNAVAILABLE}
2019-11-12 23:39:20,161 [Datanode State Machine Thread - 0] INFO  statemachine.DatanodeStateMachine (DatanodeStateMachine.java:lambda$startDaemon$0(350)) - Ozone container server started.
2019-11-12 23:39:20,275 [grpc-default-executor-7] WARN  server.GrpcLogAppender (LogUtils.java:warn(134)) - 0cfa4e5a-af9b-49e5-b2c2-1a2dc6cf0616@group-296741F00278->2cdd6ea3-e978-43ee-a05f-f9ece739edb4-AppendLogResponseHandler: Failed appendEntries: org.apache.ratis.thirdparty.io.grpc.StatusRuntimeException: UNAVAILABLE: io exception
2019-11-12 23:39:20,275 [grpc-default-executor-7] INFO  impl.FollowerInfo (FollowerInfo.java:lambda$new$0(51)) - 0cfa4e5a-af9b-49e5-b2c2-1a2dc6cf0616@group-296741F00278->2cdd6ea3-e978-43ee-a05f-f9ece739edb4: nextIndex: updateUnconditionally 0 -> 0
2019-11-12 23:39:20,403 [grpc-default-executor-4] WARN  server.GrpcLogAppender (LogUtils.java:warn(134)) - 1f658cad-a8c7-4c86-bbeb-2b40079268d7@group-52F5F982BB9D->98dbddad-cff4-4f87-9188-db1d76df9501-AppendLogResponseHandler: Failed appendEntries: org.apache.ratis.thirdparty.io.grpc.StatusRuntimeException: UNAVAILABLE: io exception
2019-11-12 23:39:20,403 [grpc-default-executor-4] INFO  impl.FollowerInfo (FollowerInfo.java:lambda$new$0(51)) - 1f658cad-a8c7-4c86-bbeb-2b40079268d7@group-52F5F982BB9D->98dbddad-cff4-4f87-9188-db1d76df9501: nextIndex: updateUnconditionally 7 -> 6
2019-11-12 23:39:20,776 [grpc-default-executor-4] WARN  server.GrpcLogAppender (LogUtils.java:warn(134)) - 0cfa4e5a-af9b-49e5-b2c2-1a2dc6cf0616@group-296741F00278->2cdd6ea3-e978-43ee-a05f-f9ece739edb4-AppendLogResponseHandler: Failed appendEntries: org.apache.ratis.thirdparty.io.grpc.StatusRuntimeException: UNAVAILABLE: io exception
2019-11-12 23:39:20,776 [grpc-default-executor-4] INFO  impl.FollowerInfo (FollowerInfo.java:lambda$new$0(51)) - 0cfa4e5a-af9b-49e5-b2c2-1a2dc6cf0616@group-296741F00278->2cdd6ea3-e978-43ee-a05f-f9ece739edb4: nextIndex: updateUnconditionally 0 -> 0
2019-11-12 23:39:20,886 [Datanode State Machine Thread - 0] INFO  statemachine.DatanodeStateMachine (DatanodeStateMachine.java:lambda$startDaemon$0(350)) - Ozone container server started.
2019-11-12 23:39:20,903 [grpc-default-executor-4] WARN  server.GrpcLogAppender (LogUtils.java:warn(134)) - 1f658cad-a8c7-4c86-bbeb-2b40079268d7@group-52F5F982BB9D->98dbddad-cff4-4f87-9188-db1d76df9501-AppendLogResponseHandler: Failed appendEntries: org.apache.ratis.thirdparty.io.grpc.StatusRuntimeException: UNAVAILABLE: io exception
2019-11-12 23:39:20,904 [grpc-default-executor-4] INFO  impl.FollowerInfo (FollowerInfo.java:lambda$new$0(51)) - 1f658cad-a8c7-4c86-bbeb-2b40079268d7@group-52F5F982BB9D->98dbddad-cff4-4f87-9188-db1d76df9501: nextIndex: updateUnconditionally 6 -> 5
2019-11-12 23:39:21,237 [Thread-4013] INFO  impl.FollowerState (FollowerState.java:run(111)) - 7c2b8f83-a523-49c2-afdc-9b713bfd472f@group-959D08EB2AC8-FollowerState: change to CANDIDATE, lastRpcTime:1635ms, electionTimeout:1031ms
2019-11-12 23:39:21,237 [Thread-4013] INFO  impl.RoleInfo (RoleInfo.java:shutdownFollowerState(121)) - 7c2b8f83-a523-49c2-afdc-9b713bfd472f: shutdown FollowerState
2019-11-12 23:39:21,237 [Thread-4013] INFO  impl.RaftServerImpl (RaftServerImpl.java:setRole(173)) - 7c2b8f83-a523-49c2-afdc-9b713bfd472f@group-959D08EB2AC8: changes role from  FOLLOWER to CANDIDATE at term 1 for changeToCandidate
2019-11-12 23:39:21,237 [Thread-4013] INFO  impl.RoleInfo (RoleInfo.java:updateAndGet(143)) - 7c2b8f83-a523-49c2-afdc-9b713bfd472f: start LeaderElection
2019-11-12 23:39:21,238 [7c2b8f83-a523-49c2-afdc-9b713bfd472f@group-959D08EB2AC8-LeaderElection184] INFO  impl.RaftServerImpl (ServerState.java:setLeader(255)) - 7c2b8f83-a523-49c2-afdc-9b713bfd472f@group-959D08EB2AC8: change Leader from e78e490f-dcb2-4ec6-aeec-6e1e9400be8d to null at term 1 for initElection
2019-11-12 23:39:21,270 [7c2b8f83-a523-49c2-afdc-9b713bfd472f@group-959D08EB2AC8-LeaderElection184] INFO  impl.LeaderElection (LeaderElection.java:askForVotes(178)) - 7c2b8f83-a523-49c2-afdc-9b713bfd472f@group-959D08EB2AC8-LeaderElection184: begin an election at term 2 for 0: [e78e490f-dcb2-4ec6-aeec-6e1e9400be8d:192.168.164.236:41531, 568551cc-7cda-4cdf-9ff0-2cea755fc381:192.168.164.236:38434, 7c2b8f83-a523-49c2-afdc-9b713bfd472f:192.168.164.236:43042], old=null
2019-11-12 23:39:21,272 [7c2b8f83-a523-49c2-afdc-9b713bfd472f@group-959D08EB2AC8-LeaderElection184] INFO  impl.LeaderElection (LogUtils.java:infoOrTrace(149)) - 7c2b8f83-a523-49c2-afdc-9b713bfd472f@group-959D08EB2AC8-LeaderElection184 got exception when requesting votes: {}
java.util.concurrent.ExecutionException: org.apache.ratis.thirdparty.io.grpc.StatusRuntimeException: UNAVAILABLE: io exception
	at java.util.concurrent.FutureTask.report(FutureTask.java:122)
	at java.util.concurrent.FutureTask.get(FutureTask.java:192)
	at org.apache.ratis.server.impl.LeaderElection.waitForResults(LeaderElection.java:259)
	at org.apache.ratis.server.impl.LeaderElection.askForVotes(LeaderElection.java:197)
	at org.apache.ratis.server.impl.LeaderElection.run(LeaderElection.java:133)
	at java.lang.Thread.run(Thread.java:748)
Caused by: org.apache.ratis.thirdparty.io.grpc.StatusRuntimeException: UNAVAILABLE: io exception
	at org.apache.ratis.thirdparty.io.grpc.stub.ClientCalls.toStatusRuntimeException(ClientCalls.java:233)
	at org.apache.ratis.thirdparty.io.grpc.stub.ClientCalls.getUnchecked(ClientCalls.java:214)
	at org.apache.ratis.thirdparty.io.grpc.stub.ClientCalls.blockingUnaryCall(ClientCalls.java:139)
	at org.apache.ratis.proto.grpc.RaftServerProtocolServiceGrpc$RaftServerProtocolServiceBlockingStub.requestVote(RaftServerProtocolServiceGrpc.java:265)
	at org.apache.ratis.grpc.server.GrpcServerProtocolClient.requestVote(GrpcServerProtocolClient.java:99)
	at org.apache.ratis.grpc.server.GrpcService.requestVote(GrpcService.java:204)
	at org.apache.ratis.server.impl.LeaderElection.lambda$submitRequests$1(LeaderElection.java:234)
	at java.util.concurrent.FutureTask.run(FutureTask.java:266)
	at java.util.concurrent.Executors$RunnableAdapter.call(Executors.java:511)
	at java.util.concurrent.FutureTask.run(FutureTask.java:266)
	at java.util.concurrent.ThreadPoolExecutor.runWorker(ThreadPoolExecutor.java:1149)
	at java.util.concurrent.ThreadPoolExecutor$Worker.run(ThreadPoolExecutor.java:624)
	... 1 more
Caused by: org.apache.ratis.thirdparty.io.netty.channel.AbstractChannel$AnnotatedConnectException: Connection refused: /192.168.164.236:41531
	at sun.nio.ch.SocketChannelImpl.checkConnect(Native Method)
	at sun.nio.ch.SocketChannelImpl.finishConnect(SocketChannelImpl.java:717)
	at org.apache.ratis.thirdparty.io.netty.channel.socket.nio.NioSocketChannel.doFinishConnect(NioSocketChannel.java:327)
	at org.apache.ratis.thirdparty.io.netty.channel.nio.AbstractNioChannel$AbstractNioUnsafe.finishConnect(AbstractNioChannel.java:340)
	at org.apache.ratis.thirdparty.io.netty.channel.nio.NioEventLoop.processSelectedKey(NioEventLoop.java:632)
	at org.apache.ratis.thirdparty.io.netty.channel.nio.NioEventLoop.processSelectedKeysOptimized(NioEventLoop.java:579)
	at org.apache.ratis.thirdparty.io.netty.channel.nio.NioEventLoop.processSelectedKeys(NioEventLoop.java:496)
	at org.apache.ratis.thirdparty.io.netty.channel.nio.NioEventLoop.run(NioEventLoop.java:458)
	at org.apache.ratis.thirdparty.io.netty.util.concurrent.SingleThreadEventExecutor$5.run(SingleThreadEventExecutor.java:897)
	at org.apache.ratis.thirdparty.io.netty.util.concurrent.FastThreadLocalRunnable.run(FastThreadLocalRunnable.java:30)
	... 1 more
Caused by: java.net.ConnectException: Connection refused
	... 11 more
2019-11-12 23:39:21,274 [grpc-default-executor-7] INFO  impl.RaftServerImpl (ServerState.java:setLeader(255)) - 568551cc-7cda-4cdf-9ff0-2cea755fc381@group-959D08EB2AC8: change Leader from e78e490f-dcb2-4ec6-aeec-6e1e9400be8d to null at term 2 for updateCurrentTerm
2019-11-12 23:39:21,274 [grpc-default-executor-7] INFO  impl.RaftServerImpl (RaftServerImpl.java:setRole(173)) - 568551cc-7cda-4cdf-9ff0-2cea755fc381@group-959D08EB2AC8: changes role from  FOLLOWER to FOLLOWER at term 2 for recognizeCandidate:7c2b8f83-a523-49c2-afdc-9b713bfd472f
2019-11-12 23:39:21,274 [grpc-default-executor-7] INFO  impl.RoleInfo (RoleInfo.java:shutdownFollowerState(121)) - 568551cc-7cda-4cdf-9ff0-2cea755fc381: shutdown FollowerState
2019-11-12 23:39:21,274 [Thread-4012] INFO  impl.FollowerState (FollowerState.java:run(120)) - 568551cc-7cda-4cdf-9ff0-2cea755fc381@group-959D08EB2AC8-FollowerState was interrupted: java.lang.InterruptedException: sleep interrupted
2019-11-12 23:39:21,274 [grpc-default-executor-7] INFO  impl.RoleInfo (RoleInfo.java:updateAndGet(143)) - 568551cc-7cda-4cdf-9ff0-2cea755fc381: start FollowerState
2019-11-12 23:39:21,275 [grpc-default-executor-3] WARN  server.GrpcLogAppender (LogUtils.java:warn(134)) - 0cfa4e5a-af9b-49e5-b2c2-1a2dc6cf0616@group-296741F00278->2cdd6ea3-e978-43ee-a05f-f9ece739edb4-AppendLogResponseHandler: Failed appendEntries: org.apache.ratis.thirdparty.io.grpc.StatusRuntimeException: UNAVAILABLE: io exception
2019-11-12 23:39:21,276 [grpc-default-executor-3] INFO  impl.FollowerInfo (FollowerInfo.java:lambda$new$0(51)) - 0cfa4e5a-af9b-49e5-b2c2-1a2dc6cf0616@group-296741F00278->2cdd6ea3-e978-43ee-a05f-f9ece739edb4: nextIndex: updateUnconditionally 0 -> 0
2019-11-12 23:39:21,284 [7c2b8f83-a523-49c2-afdc-9b713bfd472f@group-959D08EB2AC8-LeaderElection184] INFO  impl.LeaderElection (LeaderElection.java:logAndReturn(56)) - 7c2b8f83-a523-49c2-afdc-9b713bfd472f@group-959D08EB2AC8-LeaderElection184: Election PASSED; received 1 response(s) [7c2b8f83-a523-49c2-afdc-9b713bfd472f<-568551cc-7cda-4cdf-9ff0-2cea755fc381#0:OK-t2] and 1 exception(s); 7c2b8f83-a523-49c2-afdc-9b713bfd472f@group-959D08EB2AC8:t2, leader=null, voted=7c2b8f83-a523-49c2-afdc-9b713bfd472f, raftlog=7c2b8f83-a523-49c2-afdc-9b713bfd472f@group-959D08EB2AC8-SegmentedRaftLog:OPENED:c0,f0,i0, conf=0: [e78e490f-dcb2-4ec6-aeec-6e1e9400be8d:192.168.164.236:41531, 568551cc-7cda-4cdf-9ff0-2cea755fc381:192.168.164.236:38434, 7c2b8f83-a523-49c2-afdc-9b713bfd472f:192.168.164.236:43042], old=null
2019-11-12 23:39:21,284 [7c2b8f83-a523-49c2-afdc-9b713bfd472f@group-959D08EB2AC8-LeaderElection184] INFO  impl.LeaderElection (LogUtils.java:infoOrTrace(149)) -   Exception 0: {}
java.util.concurrent.ExecutionException: org.apache.ratis.thirdparty.io.grpc.StatusRuntimeException: UNAVAILABLE: io exception
	at java.util.concurrent.FutureTask.report(FutureTask.java:122)
	at java.util.concurrent.FutureTask.get(FutureTask.java:192)
	at org.apache.ratis.server.impl.LeaderElection.waitForResults(LeaderElection.java:259)
	at org.apache.ratis.server.impl.LeaderElection.askForVotes(LeaderElection.java:197)
	at org.apache.ratis.server.impl.LeaderElection.run(LeaderElection.java:133)
	at java.lang.Thread.run(Thread.java:748)
Caused by: org.apache.ratis.thirdparty.io.grpc.StatusRuntimeException: UNAVAILABLE: io exception
	at org.apache.ratis.thirdparty.io.grpc.stub.ClientCalls.toStatusRuntimeException(ClientCalls.java:233)
	at org.apache.ratis.thirdparty.io.grpc.stub.ClientCalls.getUnchecked(ClientCalls.java:214)
	at org.apache.ratis.thirdparty.io.grpc.stub.ClientCalls.blockingUnaryCall(ClientCalls.java:139)
	at org.apache.ratis.proto.grpc.RaftServerProtocolServiceGrpc$RaftServerProtocolServiceBlockingStub.requestVote(RaftServerProtocolServiceGrpc.java:265)
	at org.apache.ratis.grpc.server.GrpcServerProtocolClient.requestVote(GrpcServerProtocolClient.java:99)
	at org.apache.ratis.grpc.server.GrpcService.requestVote(GrpcService.java:204)
	at org.apache.ratis.server.impl.LeaderElection.lambda$submitRequests$1(LeaderElection.java:234)
	at java.util.concurrent.FutureTask.run(FutureTask.java:266)
	at java.util.concurrent.Executors$RunnableAdapter.call(Executors.java:511)
	at java.util.concurrent.FutureTask.run(FutureTask.java:266)
	at java.util.concurrent.ThreadPoolExecutor.runWorker(ThreadPoolExecutor.java:1149)
	at java.util.concurrent.ThreadPoolExecutor$Worker.run(ThreadPoolExecutor.java:624)
	... 1 more
Caused by: org.apache.ratis.thirdparty.io.netty.channel.AbstractChannel$AnnotatedConnectException: Connection refused: /192.168.164.236:41531
	at sun.nio.ch.SocketChannelImpl.checkConnect(Native Method)
	at sun.nio.ch.SocketChannelImpl.finishConnect(SocketChannelImpl.java:717)
	at org.apache.ratis.thirdparty.io.netty.channel.socket.nio.NioSocketChannel.doFinishConnect(NioSocketChannel.java:327)
	at org.apache.ratis.thirdparty.io.netty.channel.nio.AbstractNioChannel$AbstractNioUnsafe.finishConnect(AbstractNioChannel.java:340)
	at org.apache.ratis.thirdparty.io.netty.channel.nio.NioEventLoop.processSelectedKey(NioEventLoop.java:632)
	at org.apache.ratis.thirdparty.io.netty.channel.nio.NioEventLoop.processSelectedKeysOptimized(NioEventLoop.java:579)
	at org.apache.ratis.thirdparty.io.netty.channel.nio.NioEventLoop.processSelectedKeys(NioEventLoop.java:496)
	at org.apache.ratis.thirdparty.io.netty.channel.nio.NioEventLoop.run(NioEventLoop.java:458)
	at org.apache.ratis.thirdparty.io.netty.util.concurrent.SingleThreadEventExecutor$5.run(SingleThreadEventExecutor.java:897)
	at org.apache.ratis.thirdparty.io.netty.util.concurrent.FastThreadLocalRunnable.run(FastThreadLocalRunnable.java:30)
	... 1 more
Caused by: java.net.ConnectException: Connection refused
	... 11 more
2019-11-12 23:39:21,284 [7c2b8f83-a523-49c2-afdc-9b713bfd472f@group-959D08EB2AC8-LeaderElection184] INFO  impl.RoleInfo (RoleInfo.java:shutdownLeaderElection(134)) - 7c2b8f83-a523-49c2-afdc-9b713bfd472f: shutdown LeaderElection
2019-11-12 23:39:21,284 [7c2b8f83-a523-49c2-afdc-9b713bfd472f@group-959D08EB2AC8-LeaderElection184] INFO  impl.RaftServerImpl (RaftServerImpl.java:setRole(173)) - 7c2b8f83-a523-49c2-afdc-9b713bfd472f@group-959D08EB2AC8: changes role from CANDIDATE to LEADER at term 2 for changeToLeader
2019-11-12 23:39:21,284 [7c2b8f83-a523-49c2-afdc-9b713bfd472f@group-959D08EB2AC8-LeaderElection184] INFO  ratis.XceiverServerRatis (XceiverServerRatis.java:handleLeaderChangedNotification(697)) - Leader change notification received for group: group-959D08EB2AC8 with new leaderId: 7c2b8f83-a523-49c2-afdc-9b713bfd472f
2019-11-12 23:39:21,285 [7c2b8f83-a523-49c2-afdc-9b713bfd472f@group-959D08EB2AC8-LeaderElection184] INFO  impl.RaftServerImpl (ServerState.java:setLeader(255)) - 7c2b8f83-a523-49c2-afdc-9b713bfd472f@group-959D08EB2AC8: change Leader from null to 7c2b8f83-a523-49c2-afdc-9b713bfd472f at term 2 for becomeLeader, leader elected after 46ms
2019-11-12 23:39:21,285 [7c2b8f83-a523-49c2-afdc-9b713bfd472f@group-959D08EB2AC8-LeaderElection184] INFO  server.RaftServerConfigKeys (ConfUtils.java:logGet(43)) - raft.server.staging.catchup.gap = 1000 (default)
2019-11-12 23:39:21,285 [7c2b8f83-a523-49c2-afdc-9b713bfd472f@group-959D08EB2AC8-LeaderElection184] INFO  server.RaftServerConfigKeys (ConfUtils.java:logGet(43)) - raft.server.rpc.sleep.time = 25ms (default)
2019-11-12 23:39:21,285 [7c2b8f83-a523-49c2-afdc-9b713bfd472f@group-959D08EB2AC8-LeaderElection184] INFO  server.RaftServerConfigKeys (ConfUtils.java:logGet(43)) - raft.server.write.element-limit = 4096 (default)
2019-11-12 23:39:21,286 [7c2b8f83-a523-49c2-afdc-9b713bfd472f@group-959D08EB2AC8-LeaderElection184] INFO  server.RaftServerConfigKeys (ConfUtils.java:logGet(43)) - raft.server.watch.timeout = 10s (default)
2019-11-12 23:39:21,286 [7c2b8f83-a523-49c2-afdc-9b713bfd472f@group-959D08EB2AC8-LeaderElection184] INFO  server.RaftServerConfigKeys (ConfUtils.java:logGet(43)) - raft.server.watch.timeout.denomination = 1s (default)
2019-11-12 23:39:21,286 [7c2b8f83-a523-49c2-afdc-9b713bfd472f@group-959D08EB2AC8-LeaderElection184] INFO  server.RaftServerConfigKeys (ConfUtils.java:logGet(43)) - raft.server.watch.element-limit = 65536 (default)
2019-11-12 23:39:21,286 [7c2b8f83-a523-49c2-afdc-9b713bfd472f@group-959D08EB2AC8-LeaderElection184] INFO  server.RaftServerConfigKeys (ConfUtils.java:logGet(43)) - raft.server.log.appender.snapshot.chunk.size.max = 16MB (=16777216) (default)
2019-11-12 23:39:21,286 [7c2b8f83-a523-49c2-afdc-9b713bfd472f@group-959D08EB2AC8-LeaderElection184] INFO  server.RaftServerConfigKeys (ConfUtils.java:logGet(43)) - raft.server.log.appender.buffer.byte-limit = 33554432 (custom)
2019-11-12 23:39:21,286 [7c2b8f83-a523-49c2-afdc-9b713bfd472f@group-959D08EB2AC8-LeaderElection184] INFO  server.RaftServerConfigKeys (ConfUtils.java:logGet(43)) - raft.server.log.appender.buffer.element-limit = 1 (custom)
2019-11-12 23:39:21,287 [7c2b8f83-a523-49c2-afdc-9b713bfd472f@group-959D08EB2AC8-LeaderElection184] INFO  grpc.GrpcConfigKeys$Server (ConfUtils.java:logGet(43)) - raft.grpc.server.leader.outstanding.appends.max = 128 (default)
2019-11-12 23:39:21,287 [7c2b8f83-a523-49c2-afdc-9b713bfd472f@group-959D08EB2AC8-LeaderElection184] INFO  server.RaftServerConfigKeys (ConfUtils.java:logGet(43)) - raft.server.rpc.request.timeout = 3000ms (default)
2019-11-12 23:39:21,287 [7c2b8f83-a523-49c2-afdc-9b713bfd472f@group-959D08EB2AC8-LeaderElection184] INFO  server.RaftServerConfigKeys (ConfUtils.java:logGet(43)) - raft.server.log.appender.install.snapshot.enabled = false (custom)
2019-11-12 23:39:21,287 [7c2b8f83-a523-49c2-afdc-9b713bfd472f@group-959D08EB2AC8-LeaderElection184] WARN  impl.MetricRegistriesImpl (MetricRegistriesImpl.java:lambda$create$1(61)) - First MetricRegistry has been created without registering reporters. You may need to call MetricRegistries.global().addReportRegistration(...) before.
2019-11-12 23:39:21,287 [7c2b8f83-a523-49c2-afdc-9b713bfd472f@group-959D08EB2AC8-LeaderElection184] INFO  server.RaftServerConfigKeys (ConfUtils.java:logGet(43)) - raft.server.log.appender.snapshot.chunk.size.max = 16MB (=16777216) (default)
2019-11-12 23:39:21,287 [7c2b8f83-a523-49c2-afdc-9b713bfd472f@group-959D08EB2AC8-LeaderElection184] INFO  server.RaftServerConfigKeys (ConfUtils.java:logGet(43)) - raft.server.log.appender.buffer.byte-limit = 33554432 (custom)
2019-11-12 23:39:21,288 [7c2b8f83-a523-49c2-afdc-9b713bfd472f@group-959D08EB2AC8-LeaderElection184] INFO  server.RaftServerConfigKeys (ConfUtils.java:logGet(43)) - raft.server.log.appender.buffer.element-limit = 1 (custom)
2019-11-12 23:39:21,288 [7c2b8f83-a523-49c2-afdc-9b713bfd472f@group-959D08EB2AC8-LeaderElection184] INFO  grpc.GrpcConfigKeys$Server (ConfUtils.java:logGet(43)) - raft.grpc.server.leader.outstanding.appends.max = 128 (default)
2019-11-12 23:39:21,288 [7c2b8f83-a523-49c2-afdc-9b713bfd472f@group-959D08EB2AC8-LeaderElection184] INFO  server.RaftServerConfigKeys (ConfUtils.java:logGet(43)) - raft.server.rpc.request.timeout = 3000ms (default)
2019-11-12 23:39:21,288 [7c2b8f83-a523-49c2-afdc-9b713bfd472f@group-959D08EB2AC8-LeaderElection184] INFO  server.RaftServerConfigKeys (ConfUtils.java:logGet(43)) - raft.server.log.appender.install.snapshot.enabled = false (custom)
2019-11-12 23:39:21,288 [7c2b8f83-a523-49c2-afdc-9b713bfd472f@group-959D08EB2AC8-LeaderElection184] INFO  impl.RoleInfo (RoleInfo.java:updateAndGet(143)) - 7c2b8f83-a523-49c2-afdc-9b713bfd472f: start LeaderState
2019-11-12 23:39:21,289 [7c2b8f83-a523-49c2-afdc-9b713bfd472f@group-959D08EB2AC8-LeaderElection184] INFO  segmented.SegmentedRaftLogWorker (SegmentedRaftLogWorker.java:rollLogSegment(390)) - 7c2b8f83-a523-49c2-afdc-9b713bfd472f@group-959D08EB2AC8-SegmentedRaftLogWorker: Rolling segment log-0_0 to index:0
2019-11-12 23:39:21,290 [7c2b8f83-a523-49c2-afdc-9b713bfd472f@group-959D08EB2AC8-SegmentedRaftLogWorker] INFO  segmented.SegmentedRaftLogWorker (SegmentedRaftLogWorker.java:execute(533)) - 7c2b8f83-a523-49c2-afdc-9b713bfd472f@group-959D08EB2AC8-SegmentedRaftLogWorker: Rolled log segment from /workdir/hadoop-ozone/integration-test/target/test-dir/MiniOzoneClusterImpl-af41d755-250d-41c0-9b7d-b62086ffbdd4/datanode-3/data/ratis/cbb9cda9-9b85-4e84-95a9-959d08eb2ac8/current/log_inprogress_0 to /workdir/hadoop-ozone/integration-test/target/test-dir/MiniOzoneClusterImpl-af41d755-250d-41c0-9b7d-b62086ffbdd4/datanode-3/data/ratis/cbb9cda9-9b85-4e84-95a9-959d08eb2ac8/current/log_0-0
2019-11-12 23:39:21,290 [7c2b8f83-a523-49c2-afdc-9b713bfd472f@group-959D08EB2AC8-LeaderElection184] INFO  impl.RaftServerImpl (ServerState.java:setRaftConf(356)) - 7c2b8f83-a523-49c2-afdc-9b713bfd472f@group-959D08EB2AC8: set configuration 1: [e78e490f-dcb2-4ec6-aeec-6e1e9400be8d:192.168.164.236:41531, 568551cc-7cda-4cdf-9ff0-2cea755fc381:192.168.164.236:38434, 7c2b8f83-a523-49c2-afdc-9b713bfd472f:192.168.164.236:43042], old=null at 1
2019-11-12 23:39:21,290 [grpc-default-executor-7] WARN  server.GrpcLogAppender (LogUtils.java:warn(134)) - 7c2b8f83-a523-49c2-afdc-9b713bfd472f@group-959D08EB2AC8->e78e490f-dcb2-4ec6-aeec-6e1e9400be8d-AppendLogResponseHandler: Failed appendEntries: org.apache.ratis.thirdparty.io.grpc.StatusRuntimeException: UNAVAILABLE: io exception
2019-11-12 23:39:21,290 [grpc-default-executor-7] INFO  impl.FollowerInfo (FollowerInfo.java:lambda$new$0(51)) - 7c2b8f83-a523-49c2-afdc-9b713bfd472f@group-959D08EB2AC8->e78e490f-dcb2-4ec6-aeec-6e1e9400be8d: nextIndex: updateUnconditionally 1 -> 0
2019-11-12 23:39:21,291 [grpc-default-executor-7] INFO  ratis.XceiverServerRatis (XceiverServerRatis.java:handleLeaderChangedNotification(697)) - Leader change notification received for group: group-959D08EB2AC8 with new leaderId: 7c2b8f83-a523-49c2-afdc-9b713bfd472f
2019-11-12 23:39:21,291 [grpc-default-executor-7] INFO  impl.RaftServerImpl (ServerState.java:setLeader(255)) - 568551cc-7cda-4cdf-9ff0-2cea755fc381@group-959D08EB2AC8: change Leader from null to 7c2b8f83-a523-49c2-afdc-9b713bfd472f at term 2 for appendEntries, leader elected after 16ms
2019-11-12 23:39:21,292 [grpc-default-executor-7] INFO  impl.RaftServerImpl (ServerState.java:setRaftConf(356)) - 568551cc-7cda-4cdf-9ff0-2cea755fc381@group-959D08EB2AC8: set configuration 1: [e78e490f-dcb2-4ec6-aeec-6e1e9400be8d:192.168.164.236:41531, 568551cc-7cda-4cdf-9ff0-2cea755fc381:192.168.164.236:38434, 7c2b8f83-a523-49c2-afdc-9b713bfd472f:192.168.164.236:43042], old=null at 1
2019-11-12 23:39:21,292 [grpc-default-executor-7] INFO  segmented.SegmentedRaftLogWorker (SegmentedRaftLogWorker.java:rollLogSegment(390)) - 568551cc-7cda-4cdf-9ff0-2cea755fc381@group-959D08EB2AC8-SegmentedRaftLogWorker: Rolling segment log-0_0 to index:0
2019-11-12 23:39:21,293 [568551cc-7cda-4cdf-9ff0-2cea755fc381@group-959D08EB2AC8-SegmentedRaftLogWorker] INFO  segmented.SegmentedRaftLogWorker (SegmentedRaftLogWorker.java:execute(533)) - 568551cc-7cda-4cdf-9ff0-2cea755fc381@group-959D08EB2AC8-SegmentedRaftLogWorker: Rolled log segment from /workdir/hadoop-ozone/integration-test/target/test-dir/MiniOzoneClusterImpl-af41d755-250d-41c0-9b7d-b62086ffbdd4/datanode-4/data/ratis/cbb9cda9-9b85-4e84-95a9-959d08eb2ac8/current/log_inprogress_0 to /workdir/hadoop-ozone/integration-test/target/test-dir/MiniOzoneClusterImpl-af41d755-250d-41c0-9b7d-b62086ffbdd4/datanode-4/data/ratis/cbb9cda9-9b85-4e84-95a9-959d08eb2ac8/current/log_0-0
2019-11-12 23:39:21,336 [7c2b8f83-a523-49c2-afdc-9b713bfd472f@group-959D08EB2AC8-SegmentedRaftLogWorker] INFO  segmented.SegmentedRaftLogWorker (SegmentedRaftLogWorker.java:execute(576)) - 7c2b8f83-a523-49c2-afdc-9b713bfd472f@group-959D08EB2AC8-SegmentedRaftLogWorker: created new log segment /workdir/hadoop-ozone/integration-test/target/test-dir/MiniOzoneClusterImpl-af41d755-250d-41c0-9b7d-b62086ffbdd4/datanode-3/data/ratis/cbb9cda9-9b85-4e84-95a9-959d08eb2ac8/current/log_inprogress_1
2019-11-12 23:39:21,338 [568551cc-7cda-4cdf-9ff0-2cea755fc381@group-959D08EB2AC8-SegmentedRaftLogWorker] INFO  segmented.SegmentedRaftLogWorker (SegmentedRaftLogWorker.java:execute(576)) - 568551cc-7cda-4cdf-9ff0-2cea755fc381@group-959D08EB2AC8-SegmentedRaftLogWorker: created new log segment /workdir/hadoop-ozone/integration-test/target/test-dir/MiniOzoneClusterImpl-af41d755-250d-41c0-9b7d-b62086ffbdd4/datanode-4/data/ratis/cbb9cda9-9b85-4e84-95a9-959d08eb2ac8/current/log_inprogress_1
2019-11-12 23:39:21,342 [grpc-default-executor-3] WARN  server.GrpcLogAppender (LogUtils.java:warn(134)) - 7c2b8f83-a523-49c2-afdc-9b713bfd472f@group-959D08EB2AC8->e78e490f-dcb2-4ec6-aeec-6e1e9400be8d-AppendLogResponseHandler: Failed appendEntries: org.apache.ratis.thirdparty.io.grpc.StatusRuntimeException: UNAVAILABLE: io exception
2019-11-12 23:39:21,342 [grpc-default-executor-3] INFO  impl.FollowerInfo (FollowerInfo.java:lambda$new$0(51)) - 7c2b8f83-a523-49c2-afdc-9b713bfd472f@group-959D08EB2AC8->e78e490f-dcb2-4ec6-aeec-6e1e9400be8d: nextIndex: updateUnconditionally 1 -> 0
2019-11-12 23:39:21,354 [grpc-default-executor-7] WARN  server.GrpcLogAppender (LogUtils.java:warn(134)) - 7c2b8f83-a523-49c2-afdc-9b713bfd472f@group-959D08EB2AC8->e78e490f-dcb2-4ec6-aeec-6e1e9400be8d-AppendLogResponseHandler: Failed appendEntries: org.apache.ratis.thirdparty.io.grpc.StatusRuntimeException: UNAVAILABLE: io exception
2019-11-12 23:39:21,354 [grpc-default-executor-7] INFO  impl.FollowerInfo (FollowerInfo.java:lambda$new$0(51)) - 7c2b8f83-a523-49c2-afdc-9b713bfd472f@group-959D08EB2AC8->e78e490f-dcb2-4ec6-aeec-6e1e9400be8d: nextIndex: updateUnconditionally 1 -> 0
2019-11-12 23:39:21,403 [grpc-default-executor-7] WARN  server.GrpcLogAppender (LogUtils.java:warn(134)) - 1f658cad-a8c7-4c86-bbeb-2b40079268d7@group-52F5F982BB9D->98dbddad-cff4-4f87-9188-db1d76df9501-AppendLogResponseHandler: Failed appendEntries: org.apache.ratis.thirdparty.io.grpc.StatusRuntimeException: UNAVAILABLE: io exception
2019-11-12 23:39:21,404 [grpc-default-executor-7] INFO  impl.FollowerInfo (FollowerInfo.java:lambda$new$0(51)) - 1f658cad-a8c7-4c86-bbeb-2b40079268d7@group-52F5F982BB9D->98dbddad-cff4-4f87-9188-db1d76df9501: nextIndex: updateUnconditionally 5 -> 4
2019-11-12 23:39:21,777 [grpc-default-executor-7] WARN  server.GrpcLogAppender (LogUtils.java:warn(134)) - 0cfa4e5a-af9b-49e5-b2c2-1a2dc6cf0616@group-296741F00278->2cdd6ea3-e978-43ee-a05f-f9ece739edb4-AppendLogResponseHandler: Failed appendEntries: org.apache.ratis.thirdparty.io.grpc.StatusRuntimeException: UNAVAILABLE: io exception
2019-11-12 23:39:21,777 [grpc-default-executor-7] INFO  impl.FollowerInfo (FollowerInfo.java:lambda$new$0(51)) - 0cfa4e5a-af9b-49e5-b2c2-1a2dc6cf0616@group-296741F00278->2cdd6ea3-e978-43ee-a05f-f9ece739edb4: nextIndex: updateUnconditionally 0 -> 0
2019-11-12 23:39:21,855 [grpc-default-executor-3] WARN  server.GrpcLogAppender (LogUtils.java:warn(134)) - 7c2b8f83-a523-49c2-afdc-9b713bfd472f@group-959D08EB2AC8->e78e490f-dcb2-4ec6-aeec-6e1e9400be8d-AppendLogResponseHandler: Failed appendEntries: org.apache.ratis.thirdparty.io.grpc.StatusRuntimeException: UNAVAILABLE: io exception
2019-11-12 23:39:21,857 [grpc-default-executor-3] INFO  impl.FollowerInfo (FollowerInfo.java:lambda$new$0(51)) - 7c2b8f83-a523-49c2-afdc-9b713bfd472f@group-959D08EB2AC8->e78e490f-dcb2-4ec6-aeec-6e1e9400be8d: nextIndex: updateUnconditionally 0 -> 0
2019-11-12 23:39:21,904 [grpc-default-executor-7] WARN  server.GrpcLogAppender (LogUtils.java:warn(134)) - 1f658cad-a8c7-4c86-bbeb-2b40079268d7@group-52F5F982BB9D->98dbddad-cff4-4f87-9188-db1d76df9501-AppendLogResponseHandler: Failed appendEntries: org.apache.ratis.thirdparty.io.grpc.StatusRuntimeException: UNAVAILABLE: io exception
2019-11-12 23:39:21,904 [grpc-default-executor-7] INFO  impl.FollowerInfo (FollowerInfo.java:lambda$new$0(51)) - 1f658cad-a8c7-4c86-bbeb-2b40079268d7@group-52F5F982BB9D->98dbddad-cff4-4f87-9188-db1d76df9501: nextIndex: updateUnconditionally 4 -> 3
2019-11-12 23:39:22,277 [grpc-default-executor-6] WARN  server.GrpcLogAppender (LogUtils.java:warn(134)) - 0cfa4e5a-af9b-49e5-b2c2-1a2dc6cf0616@group-296741F00278->2cdd6ea3-e978-43ee-a05f-f9ece739edb4-AppendLogResponseHandler: Failed appendEntries: org.apache.ratis.thirdparty.io.grpc.StatusRuntimeException: UNAVAILABLE: io exception
2019-11-12 23:39:22,278 [grpc-default-executor-6] INFO  impl.FollowerInfo (FollowerInfo.java:lambda$new$0(51)) - 0cfa4e5a-af9b-49e5-b2c2-1a2dc6cf0616@group-296741F00278->2cdd6ea3-e978-43ee-a05f-f9ece739edb4: nextIndex: updateUnconditionally 0 -> 0
2019-11-12 23:39:22,355 [grpc-default-executor-6] WARN  server.GrpcLogAppender (LogUtils.java:warn(134)) - 7c2b8f83-a523-49c2-afdc-9b713bfd472f@group-959D08EB2AC8->e78e490f-dcb2-4ec6-aeec-6e1e9400be8d-AppendLogResponseHandler: Failed appendEntries: org.apache.ratis.thirdparty.io.grpc.StatusRuntimeException: UNAVAILABLE: io exception
2019-11-12 23:39:22,355 [grpc-default-executor-6] INFO  impl.FollowerInfo (FollowerInfo.java:lambda$new$0(51)) - 7c2b8f83-a523-49c2-afdc-9b713bfd472f@group-959D08EB2AC8->e78e490f-dcb2-4ec6-aeec-6e1e9400be8d: nextIndex: updateUnconditionally 0 -> 0
2019-11-12 23:39:22,407 [grpc-default-executor-6] WARN  server.GrpcLogAppender (LogUtils.java:warn(134)) - 1f658cad-a8c7-4c86-bbeb-2b40079268d7@group-52F5F982BB9D->98dbddad-cff4-4f87-9188-db1d76df9501-AppendLogResponseHandler: Failed appendEntries: org.apache.ratis.thirdparty.io.grpc.StatusRuntimeException: UNAVAILABLE: io exception
2019-11-12 23:39:22,408 [grpc-default-executor-6] INFO  impl.FollowerInfo (FollowerInfo.java:lambda$new$0(51)) - 1f658cad-a8c7-4c86-bbeb-2b40079268d7@group-52F5F982BB9D->98dbddad-cff4-4f87-9188-db1d76df9501: nextIndex: updateUnconditionally 3 -> 2
2019-11-12 23:39:22,778 [grpc-default-executor-6] WARN  server.GrpcLogAppender (LogUtils.java:warn(134)) - 0cfa4e5a-af9b-49e5-b2c2-1a2dc6cf0616@group-296741F00278->2cdd6ea3-e978-43ee-a05f-f9ece739edb4-AppendLogResponseHandler: Failed appendEntries: org.apache.ratis.thirdparty.io.grpc.StatusRuntimeException: UNAVAILABLE: io exception
2019-11-12 23:39:22,779 [grpc-default-executor-6] INFO  impl.FollowerInfo (FollowerInfo.java:lambda$new$0(51)) - 0cfa4e5a-af9b-49e5-b2c2-1a2dc6cf0616@group-296741F00278->2cdd6ea3-e978-43ee-a05f-f9ece739edb4: nextIndex: updateUnconditionally 0 -> 0
2019-11-12 23:39:22,856 [grpc-default-executor-3] WARN  server.GrpcLogAppender (LogUtils.java:warn(134)) - 7c2b8f83-a523-49c2-afdc-9b713bfd472f@group-959D08EB2AC8->e78e490f-dcb2-4ec6-aeec-6e1e9400be8d-AppendLogResponseHandler: Failed appendEntries: org.apache.ratis.thirdparty.io.grpc.StatusRuntimeException: UNAVAILABLE: io exception
2019-11-12 23:39:22,856 [grpc-default-executor-3] INFO  impl.FollowerInfo (FollowerInfo.java:lambda$new$0(51)) - 7c2b8f83-a523-49c2-afdc-9b713bfd472f@group-959D08EB2AC8->e78e490f-dcb2-4ec6-aeec-6e1e9400be8d: nextIndex: updateUnconditionally 0 -> 0
2019-11-12 23:39:22,907 [grpc-default-executor-7] WARN  server.GrpcLogAppender (LogUtils.java:warn(134)) - 1f658cad-a8c7-4c86-bbeb-2b40079268d7@group-52F5F982BB9D->98dbddad-cff4-4f87-9188-db1d76df9501-AppendLogResponseHandler: Failed appendEntries: org.apache.ratis.thirdparty.io.grpc.StatusRuntimeException: UNAVAILABLE: io exception
2019-11-12 23:39:22,907 [grpc-default-executor-7] INFO  impl.FollowerInfo (FollowerInfo.java:lambda$new$0(51)) - 1f658cad-a8c7-4c86-bbeb-2b40079268d7@group-52F5F982BB9D->98dbddad-cff4-4f87-9188-db1d76df9501: nextIndex: updateUnconditionally 2 -> 1
2019-11-12 23:39:23,279 [grpc-default-executor-6] WARN  server.GrpcLogAppender (LogUtils.java:warn(134)) - 0cfa4e5a-af9b-49e5-b2c2-1a2dc6cf0616@group-296741F00278->2cdd6ea3-e978-43ee-a05f-f9ece739edb4-AppendLogResponseHandler: Failed appendEntries: org.apache.ratis.thirdparty.io.grpc.StatusRuntimeException: UNAVAILABLE: io exception
2019-11-12 23:39:23,279 [grpc-default-executor-6] INFO  impl.FollowerInfo (FollowerInfo.java:lambda$new$0(51)) - 0cfa4e5a-af9b-49e5-b2c2-1a2dc6cf0616@group-296741F00278->2cdd6ea3-e978-43ee-a05f-f9ece739edb4: nextIndex: updateUnconditionally 0 -> 0
2019-11-12 23:39:23,357 [grpc-default-executor-3] WARN  server.GrpcLogAppender (LogUtils.java:warn(134)) - 7c2b8f83-a523-49c2-afdc-9b713bfd472f@group-959D08EB2AC8->e78e490f-dcb2-4ec6-aeec-6e1e9400be8d-AppendLogResponseHandler: Failed appendEntries: org.apache.ratis.thirdparty.io.grpc.StatusRuntimeException: UNAVAILABLE: io exception
2019-11-12 23:39:23,357 [grpc-default-executor-3] INFO  impl.FollowerInfo (FollowerInfo.java:lambda$new$0(51)) - 7c2b8f83-a523-49c2-afdc-9b713bfd472f@group-959D08EB2AC8->e78e490f-dcb2-4ec6-aeec-6e1e9400be8d: nextIndex: updateUnconditionally 0 -> 0
2019-11-12 23:39:23,407 [grpc-default-executor-7] WARN  server.GrpcLogAppender (LogUtils.java:warn(134)) - 1f658cad-a8c7-4c86-bbeb-2b40079268d7@group-52F5F982BB9D->98dbddad-cff4-4f87-9188-db1d76df9501-AppendLogResponseHandler: Failed appendEntries: org.apache.ratis.thirdparty.io.grpc.StatusRuntimeException: UNAVAILABLE: io exception
2019-11-12 23:39:23,407 [grpc-default-executor-7] INFO  impl.FollowerInfo (FollowerInfo.java:lambda$new$0(51)) - 1f658cad-a8c7-4c86-bbeb-2b40079268d7@group-52F5F982BB9D->98dbddad-cff4-4f87-9188-db1d76df9501: nextIndex: updateUnconditionally 1 -> 0
2019-11-12 23:39:23,780 [grpc-default-executor-6] WARN  server.GrpcLogAppender (LogUtils.java:warn(134)) - 0cfa4e5a-af9b-49e5-b2c2-1a2dc6cf0616@group-296741F00278->2cdd6ea3-e978-43ee-a05f-f9ece739edb4-AppendLogResponseHandler: Failed appendEntries: org.apache.ratis.thirdparty.io.grpc.StatusRuntimeException: UNAVAILABLE: io exception
2019-11-12 23:39:23,780 [grpc-default-executor-6] INFO  impl.FollowerInfo (FollowerInfo.java:lambda$new$0(51)) - 0cfa4e5a-af9b-49e5-b2c2-1a2dc6cf0616@group-296741F00278->2cdd6ea3-e978-43ee-a05f-f9ece739edb4: nextIndex: updateUnconditionally 0 -> 0
2019-11-12 23:39:23,858 [grpc-default-executor-7] WARN  server.GrpcLogAppender (LogUtils.java:warn(134)) - 7c2b8f83-a523-49c2-afdc-9b713bfd472f@group-959D08EB2AC8->e78e490f-dcb2-4ec6-aeec-6e1e9400be8d-AppendLogResponseHandler: Failed appendEntries: org.apache.ratis.thirdparty.io.grpc.StatusRuntimeException: UNAVAILABLE: io exception
2019-11-12 23:39:23,858 [grpc-default-executor-7] INFO  impl.FollowerInfo (FollowerInfo.java:lambda$new$0(51)) - 7c2b8f83-a523-49c2-afdc-9b713bfd472f@group-959D08EB2AC8->e78e490f-dcb2-4ec6-aeec-6e1e9400be8d: nextIndex: updateUnconditionally 0 -> 0
2019-11-12 23:39:23,907 [grpc-default-executor-7] WARN  server.GrpcLogAppender (LogUtils.java:warn(134)) - 1f658cad-a8c7-4c86-bbeb-2b40079268d7@group-52F5F982BB9D->98dbddad-cff4-4f87-9188-db1d76df9501-AppendLogResponseHandler: Failed appendEntries: org.apache.ratis.thirdparty.io.grpc.StatusRuntimeException: UNAVAILABLE: io exception
2019-11-12 23:39:23,907 [grpc-default-executor-7] INFO  impl.FollowerInfo (FollowerInfo.java:lambda$new$0(51)) - 1f658cad-a8c7-4c86-bbeb-2b40079268d7@group-52F5F982BB9D->98dbddad-cff4-4f87-9188-db1d76df9501: nextIndex: updateUnconditionally 0 -> 0
2019-11-12 23:39:24,280 [grpc-default-executor-7] WARN  server.GrpcLogAppender (LogUtils.java:warn(134)) - 0cfa4e5a-af9b-49e5-b2c2-1a2dc6cf0616@group-296741F00278->2cdd6ea3-e978-43ee-a05f-f9ece739edb4-AppendLogResponseHandler: Failed appendEntries: org.apache.ratis.thirdparty.io.grpc.StatusRuntimeException: UNAVAILABLE: io exception
2019-11-12 23:39:24,281 [grpc-default-executor-7] INFO  impl.FollowerInfo (FollowerInfo.java:lambda$new$0(51)) - 0cfa4e5a-af9b-49e5-b2c2-1a2dc6cf0616@group-296741F00278->2cdd6ea3-e978-43ee-a05f-f9ece739edb4: nextIndex: updateUnconditionally 0 -> 0
2019-11-12 23:39:24,358 [grpc-default-executor-7] WARN  server.GrpcLogAppender (LogUtils.java:warn(134)) - 7c2b8f83-a523-49c2-afdc-9b713bfd472f@group-959D08EB2AC8->e78e490f-dcb2-4ec6-aeec-6e1e9400be8d-AppendLogResponseHandler: Failed appendEntries: org.apache.ratis.thirdparty.io.grpc.StatusRuntimeException: UNAVAILABLE: io exception
2019-11-12 23:39:24,358 [grpc-default-executor-7] INFO  impl.FollowerInfo (FollowerInfo.java:lambda$new$0(51)) - 7c2b8f83-a523-49c2-afdc-9b713bfd472f@group-959D08EB2AC8->e78e490f-dcb2-4ec6-aeec-6e1e9400be8d: nextIndex: updateUnconditionally 0 -> 0
2019-11-12 23:39:24,407 [grpc-default-executor-7] WARN  server.GrpcLogAppender (LogUtils.java:warn(134)) - 1f658cad-a8c7-4c86-bbeb-2b40079268d7@group-52F5F982BB9D->98dbddad-cff4-4f87-9188-db1d76df9501-AppendLogResponseHandler: Failed appendEntries: org.apache.ratis.thirdparty.io.grpc.StatusRuntimeException: UNAVAILABLE: io exception
2019-11-12 23:39:24,408 [grpc-default-executor-7] INFO  impl.FollowerInfo (FollowerInfo.java:lambda$new$0(51)) - 1f658cad-a8c7-4c86-bbeb-2b40079268d7@group-52F5F982BB9D->98dbddad-cff4-4f87-9188-db1d76df9501: nextIndex: updateUnconditionally 0 -> 0
2019-11-12 23:39:24,782 [grpc-default-executor-7] WARN  server.GrpcLogAppender (LogUtils.java:warn(134)) - 0cfa4e5a-af9b-49e5-b2c2-1a2dc6cf0616@group-296741F00278->2cdd6ea3-e978-43ee-a05f-f9ece739edb4-AppendLogResponseHandler: Failed appendEntries: org.apache.ratis.thirdparty.io.grpc.StatusRuntimeException: UNAVAILABLE: io exception
2019-11-12 23:39:24,782 [grpc-default-executor-7] INFO  impl.FollowerInfo (FollowerInfo.java:lambda$new$0(51)) - 0cfa4e5a-af9b-49e5-b2c2-1a2dc6cf0616@group-296741F00278->2cdd6ea3-e978-43ee-a05f-f9ece739edb4: nextIndex: updateUnconditionally 0 -> 0
2019-11-12 23:39:24,861 [grpc-default-executor-7] WARN  server.GrpcLogAppender (LogUtils.java:warn(134)) - 7c2b8f83-a523-49c2-afdc-9b713bfd472f@group-959D08EB2AC8->e78e490f-dcb2-4ec6-aeec-6e1e9400be8d-AppendLogResponseHandler: Failed appendEntries: org.apache.ratis.thirdparty.io.grpc.StatusRuntimeException: UNAVAILABLE: io exception
2019-11-12 23:39:24,862 [grpc-default-executor-7] INFO  impl.FollowerInfo (FollowerInfo.java:lambda$new$0(51)) - 7c2b8f83-a523-49c2-afdc-9b713bfd472f@group-959D08EB2AC8->e78e490f-dcb2-4ec6-aeec-6e1e9400be8d: nextIndex: updateUnconditionally 0 -> 0
2019-11-12 23:39:24,908 [grpc-default-executor-6] WARN  server.GrpcLogAppender (LogUtils.java:warn(134)) - 1f658cad-a8c7-4c86-bbeb-2b40079268d7@group-52F5F982BB9D->98dbddad-cff4-4f87-9188-db1d76df9501-AppendLogResponseHandler: Failed appendEntries: org.apache.ratis.thirdparty.io.grpc.StatusRuntimeException: UNAVAILABLE: io exception
2019-11-12 23:39:24,908 [grpc-default-executor-6] INFO  impl.FollowerInfo (FollowerInfo.java:lambda$new$0(51)) - 1f658cad-a8c7-4c86-bbeb-2b40079268d7@group-52F5F982BB9D->98dbddad-cff4-4f87-9188-db1d76df9501: nextIndex: updateUnconditionally 0 -> 0
2019-11-12 23:39:25,075 [main] INFO  ozoneimpl.OzoneContainer (OzoneContainer.java:stop(244)) - Attempting to stop container services.
2019-11-12 23:39:25,077 [main] INFO  impl.RaftServerProxy (RaftServerProxy.java:lambda$close$4(314)) - 0cfa4e5a-af9b-49e5-b2c2-1a2dc6cf0616: close
2019-11-12 23:39:25,077 [main] INFO  impl.RaftServerImpl (RaftServerImpl.java:lambda$shutdown$3(250)) - 0cfa4e5a-af9b-49e5-b2c2-1a2dc6cf0616@group-92A2B2584643: shutdown
2019-11-12 23:39:25,078 [main] INFO  util.JmxRegister (JmxRegister.java:unregister(73)) - Successfully un-registered JMX Bean with object name Ratis:service=RaftServer,group=group-92A2B2584643,id=0cfa4e5a-af9b-49e5-b2c2-1a2dc6cf0616
2019-11-12 23:39:25,078 [main] INFO  impl.RoleInfo (RoleInfo.java:shutdownLeaderState(104)) - 0cfa4e5a-af9b-49e5-b2c2-1a2dc6cf0616: shutdown LeaderState
2019-11-12 23:39:25,079 [main] INFO  impl.PendingRequests (PendingRequests.java:sendNotLeaderResponses(206)) - 0cfa4e5a-af9b-49e5-b2c2-1a2dc6cf0616@group-92A2B2584643-PendingRequests: sendNotLeaderResponses
2019-11-12 23:39:25,079 [main] INFO  impl.StateMachineUpdater (StateMachineUpdater.java:stopAndJoin(136)) - 0cfa4e5a-af9b-49e5-b2c2-1a2dc6cf0616@group-92A2B2584643-StateMachineUpdater: set stopIndex = 0
2019-11-12 23:39:25,080 [main] INFO  impl.RaftServerImpl (ServerState.java:close(387)) - 0cfa4e5a-af9b-49e5-b2c2-1a2dc6cf0616@group-92A2B2584643: closes. applyIndex: 0
2019-11-12 23:39:25,081 [0cfa4e5a-af9b-49e5-b2c2-1a2dc6cf0616@group-92A2B2584643-SegmentedRaftLogWorker] INFO  segmented.SegmentedRaftLogWorker (SegmentedRaftLogWorker.java:run(316)) - 0cfa4e5a-af9b-49e5-b2c2-1a2dc6cf0616@group-92A2B2584643-SegmentedRaftLogWorker was interrupted, exiting. There are 0 tasks remaining in the queue.
2019-11-12 23:39:25,081 [main] INFO  segmented.SegmentedRaftLogWorker (SegmentedRaftLogWorker.java:close(224)) - 0cfa4e5a-af9b-49e5-b2c2-1a2dc6cf0616@group-92A2B2584643-SegmentedRaftLogWorker close()
2019-11-12 23:39:25,082 [main] INFO  impl.RaftServerImpl (RaftServerImpl.java:lambda$shutdown$3(250)) - 0cfa4e5a-af9b-49e5-b2c2-1a2dc6cf0616@group-296741F00278: shutdown
2019-11-12 23:39:25,082 [main] INFO  util.JmxRegister (JmxRegister.java:unregister(73)) - Successfully un-registered JMX Bean with object name Ratis:service=RaftServer,group=group-296741F00278,id=0cfa4e5a-af9b-49e5-b2c2-1a2dc6cf0616
2019-11-12 23:39:25,082 [main] INFO  impl.RoleInfo (RoleInfo.java:shutdownLeaderState(104)) - 0cfa4e5a-af9b-49e5-b2c2-1a2dc6cf0616: shutdown LeaderState
2019-11-12 23:39:25,092 [main] INFO  impl.PendingRequests (PendingRequests.java:sendNotLeaderResponses(206)) - 0cfa4e5a-af9b-49e5-b2c2-1a2dc6cf0616@group-296741F00278-PendingRequests: sendNotLeaderResponses
2019-11-12 23:39:25,092 [org.apache.ratis.server.impl.LogAppender$AppenderDaemon$$Lambda$407/373218175@41c9b702] WARN  server.GrpcLogAppender (GrpcLogAppender.java:mayWait(151)) - 0cfa4e5a-af9b-49e5-b2c2-1a2dc6cf0616@group-296741F00278->2cdd6ea3-e978-43ee-a05f-f9ece739edb4-GrpcLogAppender: Wait interrupted by java.lang.InterruptedException
2019-11-12 23:39:25,092 [org.apache.ratis.server.impl.LogAppender$AppenderDaemon$$Lambda$407/373218175@4cb315f] WARN  server.GrpcLogAppender (GrpcLogAppender.java:mayWait(151)) - 0cfa4e5a-af9b-49e5-b2c2-1a2dc6cf0616@group-296741F00278->bf4ebe41-a6c2-4458-a321-fc167af3521b-GrpcLogAppender: Wait interrupted by java.lang.InterruptedException
2019-11-12 23:39:25,092 [main] INFO  impl.StateMachineUpdater (StateMachineUpdater.java:stopAndJoin(136)) - 0cfa4e5a-af9b-49e5-b2c2-1a2dc6cf0616@group-296741F00278-StateMachineUpdater: set stopIndex = 0
2019-11-12 23:39:25,093 [main] INFO  impl.RaftServerImpl (ServerState.java:close(387)) - 0cfa4e5a-af9b-49e5-b2c2-1a2dc6cf0616@group-296741F00278: closes. applyIndex: 0
2019-11-12 23:39:25,093 [0cfa4e5a-af9b-49e5-b2c2-1a2dc6cf0616@group-296741F00278-SegmentedRaftLogWorker] INFO  segmented.SegmentedRaftLogWorker (SegmentedRaftLogWorker.java:run(316)) - 0cfa4e5a-af9b-49e5-b2c2-1a2dc6cf0616@group-296741F00278-SegmentedRaftLogWorker was interrupted, exiting. There are 0 tasks remaining in the queue.
2019-11-12 23:39:25,093 [grpc-default-executor-6] INFO  server.GrpcServerProtocolService (GrpcServerProtocolService.java:onCompleted(113)) - bf4ebe41-a6c2-4458-a321-fc167af3521b: Completed APPEND_ENTRIES, lastRequest: 0cfa4e5a-af9b-49e5-b2c2-1a2dc6cf0616->bf4ebe41-a6c2-4458-a321-fc167af3521b#32-t1, previous=(t:1, i:0), leaderCommit=0, initializing? false, entries: <empty>
2019-11-12 23:39:25,093 [main] INFO  segmented.SegmentedRaftLogWorker (SegmentedRaftLogWorker.java:close(224)) - 0cfa4e5a-af9b-49e5-b2c2-1a2dc6cf0616@group-296741F00278-SegmentedRaftLogWorker close()
2019-11-12 23:39:25,096 [main] INFO  server.GrpcService (GrpcService.java:closeImpl(164)) - 0cfa4e5a-af9b-49e5-b2c2-1a2dc6cf0616: shutdown server with port 41598 now
2019-11-12 23:39:25,096 [ForkJoinPool.commonPool-worker-1] INFO  ozoneimpl.OzoneContainer (OzoneContainer.java:stop(244)) - Attempting to stop container services.
2019-11-12 23:39:25,096 [grpc-default-executor-6] INFO  server.GrpcLogAppender (GrpcLogAppender.java:onCompleted(308)) - 0cfa4e5a-af9b-49e5-b2c2-1a2dc6cf0616@group-296741F00278->bf4ebe41-a6c2-4458-a321-fc167af3521b-AppendLogResponseHandler: follower responses appendEntries COMPLETED
2019-11-12 23:39:25,097 [grpc-default-executor-6] INFO  impl.FollowerInfo (FollowerInfo.java:lambda$new$0(51)) - 0cfa4e5a-af9b-49e5-b2c2-1a2dc6cf0616@group-296741F00278->bf4ebe41-a6c2-4458-a321-fc167af3521b: nextIndex: updateUnconditionally 1 -> 0
2019-11-12 23:39:25,097 [ForkJoinPool.commonPool-worker-1] INFO  impl.RaftServerProxy (RaftServerProxy.java:lambda$close$4(314)) - 7c2b8f83-a523-49c2-afdc-9b713bfd472f: close
2019-11-12 23:39:25,097 [ForkJoinPool.commonPool-worker-1] INFO  impl.RaftServerImpl (RaftServerImpl.java:lambda$shutdown$3(250)) - 7c2b8f83-a523-49c2-afdc-9b713bfd472f@group-959D08EB2AC8: shutdown
2019-11-12 23:39:25,097 [main] INFO  server.GrpcService (GrpcService.java:closeImpl(172)) - 0cfa4e5a-af9b-49e5-b2c2-1a2dc6cf0616: shutdown server with port 41598 successfully
2019-11-12 23:39:25,097 [ForkJoinPool.commonPool-worker-1] INFO  util.JmxRegister (JmxRegister.java:unregister(73)) - Successfully un-registered JMX Bean with object name Ratis:service=RaftServer,group=group-959D08EB2AC8,id=7c2b8f83-a523-49c2-afdc-9b713bfd472f
2019-11-12 23:39:25,098 [ForkJoinPool.commonPool-worker-1] INFO  impl.RoleInfo (RoleInfo.java:shutdownLeaderState(104)) - 7c2b8f83-a523-49c2-afdc-9b713bfd472f: shutdown LeaderState
2019-11-12 23:39:25,102 [ForkJoinPool.commonPool-worker-1] INFO  impl.PendingRequests (PendingRequests.java:sendNotLeaderResponses(206)) - 7c2b8f83-a523-49c2-afdc-9b713bfd472f@group-959D08EB2AC8-PendingRequests: sendNotLeaderResponses
2019-11-12 23:39:25,102 [org.apache.ratis.server.impl.LogAppender$AppenderDaemon$$Lambda$407/373218175@66ec1b26] WARN  server.GrpcLogAppender (GrpcLogAppender.java:mayWait(151)) - 7c2b8f83-a523-49c2-afdc-9b713bfd472f@group-959D08EB2AC8->568551cc-7cda-4cdf-9ff0-2cea755fc381-GrpcLogAppender: Wait interrupted by java.lang.InterruptedException
2019-11-12 23:39:25,105 [org.apache.ratis.server.impl.LogAppender$AppenderDaemon$$Lambda$407/373218175@1651ecf9] WARN  server.GrpcLogAppender (GrpcLogAppender.java:mayWait(151)) - 7c2b8f83-a523-49c2-afdc-9b713bfd472f@group-959D08EB2AC8->e78e490f-dcb2-4ec6-aeec-6e1e9400be8d-GrpcLogAppender: Wait interrupted by java.lang.InterruptedException
2019-11-12 23:39:25,105 [ForkJoinPool.commonPool-worker-1] INFO  impl.StateMachineUpdater (StateMachineUpdater.java:stopAndJoin(136)) - 7c2b8f83-a523-49c2-afdc-9b713bfd472f@group-959D08EB2AC8-StateMachineUpdater: set stopIndex = 2
2019-11-12 23:39:25,106 [ForkJoinPool.commonPool-worker-1] INFO  impl.RaftServerImpl (ServerState.java:close(387)) - 7c2b8f83-a523-49c2-afdc-9b713bfd472f@group-959D08EB2AC8: closes. applyIndex: 2
2019-11-12 23:39:25,106 [grpc-default-executor-6] INFO  server.GrpcServerProtocolService (GrpcServerProtocolService.java:onCompleted(113)) - 568551cc-7cda-4cdf-9ff0-2cea755fc381: Completed APPEND_ENTRIES, lastRequest: 7c2b8f83-a523-49c2-afdc-9b713bfd472f->568551cc-7cda-4cdf-9ff0-2cea755fc381#9-t2, previous=(t:2, i:2), leaderCommit=2, initializing? false, entries: <empty>
2019-11-12 23:39:25,107 [7c2b8f83-a523-49c2-afdc-9b713bfd472f@group-959D08EB2AC8-SegmentedRaftLogWorker] INFO  segmented.SegmentedRaftLogWorker (SegmentedRaftLogWorker.java:run(316)) - 7c2b8f83-a523-49c2-afdc-9b713bfd472f@group-959D08EB2AC8-SegmentedRaftLogWorker was interrupted, exiting. There are 0 tasks remaining in the queue.
2019-11-12 23:39:25,107 [grpc-default-executor-6] INFO  server.GrpcLogAppender (GrpcLogAppender.java:onCompleted(308)) - 7c2b8f83-a523-49c2-afdc-9b713bfd472f@group-959D08EB2AC8->568551cc-7cda-4cdf-9ff0-2cea755fc381-AppendLogResponseHandler: follower responses appendEntries COMPLETED
2019-11-12 23:39:25,107 [ForkJoinPool.commonPool-worker-1] INFO  segmented.SegmentedRaftLogWorker (SegmentedRaftLogWorker.java:close(224)) - 7c2b8f83-a523-49c2-afdc-9b713bfd472f@group-959D08EB2AC8-SegmentedRaftLogWorker close()
2019-11-12 23:39:25,108 [grpc-default-executor-6] INFO  impl.FollowerInfo (FollowerInfo.java:lambda$new$0(51)) - 7c2b8f83-a523-49c2-afdc-9b713bfd472f@group-959D08EB2AC8->568551cc-7cda-4cdf-9ff0-2cea755fc381: nextIndex: updateUnconditionally 3 -> 2
2019-11-12 23:39:25,108 [ForkJoinPool.commonPool-worker-1] INFO  impl.RaftServerImpl (RaftServerImpl.java:lambda$shutdown$3(250)) - 7c2b8f83-a523-49c2-afdc-9b713bfd472f@group-60212FBC3C2E: shutdown
2019-11-12 23:39:25,108 [refreshUsed-/workdir/hadoop-ozone/integration-test/target/test-dir/MiniOzoneClusterImpl-af41d755-250d-41c0-9b7d-b62086ffbdd4/datanode-6/data/containers] WARN  fs.CachingGetSpaceUsed (CachingGetSpaceUsed.java:run(183)) - Thread Interrupted waiting to refresh disk information: sleep interrupted
2019-11-12 23:39:25,109 [ForkJoinPool.commonPool-worker-1] INFO  util.JmxRegister (JmxRegister.java:unregister(73)) - Successfully un-registered JMX Bean with object name Ratis:service=RaftServer,group=group-60212FBC3C2E,id=7c2b8f83-a523-49c2-afdc-9b713bfd472f
2019-11-12 23:39:25,109 [ForkJoinPool.commonPool-worker-1] INFO  impl.RoleInfo (RoleInfo.java:shutdownLeaderState(104)) - 7c2b8f83-a523-49c2-afdc-9b713bfd472f: shutdown LeaderState
2019-11-12 23:39:25,110 [ForkJoinPool.commonPool-worker-1] INFO  impl.PendingRequests (PendingRequests.java:sendNotLeaderResponses(206)) - 7c2b8f83-a523-49c2-afdc-9b713bfd472f@group-60212FBC3C2E-PendingRequests: sendNotLeaderResponses
2019-11-12 23:39:25,110 [ForkJoinPool.commonPool-worker-1] INFO  impl.StateMachineUpdater (StateMachineUpdater.java:stopAndJoin(136)) - 7c2b8f83-a523-49c2-afdc-9b713bfd472f@group-60212FBC3C2E-StateMachineUpdater: set stopIndex = 0
2019-11-12 23:39:25,112 [ForkJoinPool.commonPool-worker-1] INFO  impl.RaftServerImpl (ServerState.java:close(387)) - 7c2b8f83-a523-49c2-afdc-9b713bfd472f@group-60212FBC3C2E: closes. applyIndex: 0
2019-11-12 23:39:25,112 [7c2b8f83-a523-49c2-afdc-9b713bfd472f@group-60212FBC3C2E-SegmentedRaftLogWorker] INFO  segmented.SegmentedRaftLogWorker (SegmentedRaftLogWorker.java:run(316)) - 7c2b8f83-a523-49c2-afdc-9b713bfd472f@group-60212FBC3C2E-SegmentedRaftLogWorker was interrupted, exiting. There are 0 tasks remaining in the queue.
2019-11-12 23:39:25,113 [ForkJoinPool.commonPool-worker-1] INFO  segmented.SegmentedRaftLogWorker (SegmentedRaftLogWorker.java:close(224)) - 7c2b8f83-a523-49c2-afdc-9b713bfd472f@group-60212FBC3C2E-SegmentedRaftLogWorker close()
2019-11-12 23:39:25,113 [ForkJoinPool.commonPool-worker-1] INFO  server.GrpcService (GrpcService.java:closeImpl(164)) - 7c2b8f83-a523-49c2-afdc-9b713bfd472f: shutdown server with port 43042 now
2019-11-12 23:39:25,113 [ForkJoinPool.commonPool-worker-1] INFO  server.GrpcService (GrpcService.java:closeImpl(172)) - 7c2b8f83-a523-49c2-afdc-9b713bfd472f: shutdown server with port 43042 successfully
2019-11-12 23:39:25,115 [refreshUsed-/workdir/hadoop-ozone/integration-test/target/test-dir/MiniOzoneClusterImpl-af41d755-250d-41c0-9b7d-b62086ffbdd4/datanode-3/data/containers] WARN  fs.CachingGetSpaceUsed (CachingGetSpaceUsed.java:run(183)) - Thread Interrupted waiting to refresh disk information: sleep interrupted
2019-11-12 23:39:25,133 [main] INFO  utils.BackgroundService (BackgroundService.java:shutdown(151)) - Shutting down service BlockDeletingService
2019-11-12 23:39:25,133 [ForkJoinPool.commonPool-worker-1] INFO  utils.BackgroundService (BackgroundService.java:shutdown(151)) - Shutting down service BlockDeletingService
2019-11-12 23:39:25,136 [main] INFO  statemachine.DatanodeStateMachine (DatanodeStateMachine.java:stopDaemon(395)) - Ozone container server stopped.
2019-11-12 23:39:25,136 [ForkJoinPool.commonPool-worker-1] INFO  statemachine.DatanodeStateMachine (DatanodeStateMachine.java:stopDaemon(395)) - Ozone container server stopped.
2019-11-12 23:39:25,141 [ForkJoinPool.commonPool-worker-1] INFO  handler.ContextHandler (ContextHandler.java:doStop(910)) - Stopped o.e.j.w.WebAppContext@6d874695{/,null,UNAVAILABLE}{/hddsDatanode}
2019-11-12 23:39:25,141 [main] INFO  handler.ContextHandler (ContextHandler.java:doStop(910)) - Stopped o.e.j.w.WebAppContext@4c176ff1{/,null,UNAVAILABLE}{/hddsDatanode}
2019-11-12 23:39:25,142 [main] INFO  server.AbstractConnector (AbstractConnector.java:doStop(318)) - Stopped ServerConnector@27c53c32{HTTP/1.1,[http/1.1]}{0.0.0.0:0}
2019-11-12 23:39:25,142 [ForkJoinPool.commonPool-worker-1] INFO  server.AbstractConnector (AbstractConnector.java:doStop(318)) - Stopped ServerConnector@20bb85b4{HTTP/1.1,[http/1.1]}{0.0.0.0:0}
2019-11-12 23:39:25,142 [main] INFO  handler.ContextHandler (ContextHandler.java:doStop(910)) - Stopped o.e.j.s.ServletContextHandler@3e9beef2{/static,jar:file:/home/user/.m2/repository/org/apache/hadoop/hadoop-hdds-container-service/0.5.0-SNAPSHOT/hadoop-hdds-container-service-0.5.0-SNAPSHOT.jar!/webapps/static,UNAVAILABLE}
2019-11-12 23:39:25,144 [ForkJoinPool.commonPool-worker-1] INFO  handler.ContextHandler (ContextHandler.java:doStop(910)) - Stopped o.e.j.s.ServletContextHandler@149aa7b2{/static,jar:file:/home/user/.m2/repository/org/apache/hadoop/hadoop-hdds-container-service/0.5.0-SNAPSHOT/hadoop-hdds-container-service-0.5.0-SNAPSHOT.jar!/webapps/static,UNAVAILABLE}
2019-11-12 23:39:25,144 [main] INFO  handler.ContextHandler (ContextHandler.java:doStop(910)) - Stopped o.e.j.s.ServletContextHandler@1b30a54e{/logs,file:///workdir/hadoop-ozone/integration-test/target/log,UNAVAILABLE}
2019-11-12 23:39:25,145 [ForkJoinPool.commonPool-worker-1] INFO  handler.ContextHandler (ContextHandler.java:doStop(910)) - Stopped o.e.j.s.ServletContextHandler@56cfe6be{/logs,file:///workdir/hadoop-ozone/integration-test/target/log,UNAVAILABLE}
2019-11-12 23:39:25,409 [grpc-default-executor-3] WARN  server.GrpcLogAppender (LogUtils.java:warn(134)) - 1f658cad-a8c7-4c86-bbeb-2b40079268d7@group-52F5F982BB9D->98dbddad-cff4-4f87-9188-db1d76df9501-AppendLogResponseHandler: Failed appendEntries: org.apache.ratis.thirdparty.io.grpc.StatusRuntimeException: UNAVAILABLE: io exception
2019-11-12 23:39:25,409 [grpc-default-executor-3] INFO  impl.FollowerInfo (FollowerInfo.java:lambda$new$0(51)) - 1f658cad-a8c7-4c86-bbeb-2b40079268d7@group-52F5F982BB9D->98dbddad-cff4-4f87-9188-db1d76df9501: nextIndex: updateUnconditionally 0 -> 0
2019-11-12 23:39:25,887 [Datanode State Machine Thread - 0] INFO  statemachine.DatanodeStateMachine (DatanodeStateMachine.java:lambda$startDaemon$0(350)) - Ozone container server started.
2019-11-12 23:39:25,910 [grpc-default-executor-7] WARN  server.GrpcLogAppender (LogUtils.java:warn(134)) - 1f658cad-a8c7-4c86-bbeb-2b40079268d7@group-52F5F982BB9D->98dbddad-cff4-4f87-9188-db1d76df9501-AppendLogResponseHandler: Failed appendEntries: org.apache.ratis.thirdparty.io.grpc.StatusRuntimeException: UNAVAILABLE: io exception
2019-11-12 23:39:25,910 [grpc-default-executor-7] INFO  impl.FollowerInfo (FollowerInfo.java:lambda$new$0(51)) - 1f658cad-a8c7-4c86-bbeb-2b40079268d7@group-52F5F982BB9D->98dbddad-cff4-4f87-9188-db1d76df9501: nextIndex: updateUnconditionally 0 -> 0
2019-11-12 23:39:26,090 [Datanode State Machine Thread - 0] INFO  statemachine.DatanodeStateMachine (DatanodeStateMachine.java:lambda$startDaemon$0(350)) - Ozone container server started.
2019-11-12 23:39:26,410 [grpc-default-executor-7] WARN  server.GrpcLogAppender (LogUtils.java:warn(134)) - 1f658cad-a8c7-4c86-bbeb-2b40079268d7@group-52F5F982BB9D->98dbddad-cff4-4f87-9188-db1d76df9501-AppendLogResponseHandler: Failed appendEntries: org.apache.ratis.thirdparty.io.grpc.StatusRuntimeException: UNAVAILABLE: io exception
2019-11-12 23:39:26,410 [grpc-default-executor-7] INFO  impl.FollowerInfo (FollowerInfo.java:lambda$new$0(51)) - 1f658cad-a8c7-4c86-bbeb-2b40079268d7@group-52F5F982BB9D->98dbddad-cff4-4f87-9188-db1d76df9501: nextIndex: updateUnconditionally 0 -> 0
2019-11-12 23:39:26,859 [Thread-4334] INFO  impl.FollowerState (FollowerState.java:run(111)) - 568551cc-7cda-4cdf-9ff0-2cea755fc381@group-959D08EB2AC8-FollowerState: change to CANDIDATE, lastRpcTime:1992ms, electionTimeout:1192ms
2019-11-12 23:39:26,860 [Thread-4334] INFO  impl.RoleInfo (RoleInfo.java:shutdownFollowerState(121)) - 568551cc-7cda-4cdf-9ff0-2cea755fc381: shutdown FollowerState
2019-11-12 23:39:26,860 [Thread-4334] INFO  impl.RaftServerImpl (RaftServerImpl.java:setRole(173)) - 568551cc-7cda-4cdf-9ff0-2cea755fc381@group-959D08EB2AC8: changes role from  FOLLOWER to CANDIDATE at term 2 for changeToCandidate
2019-11-12 23:39:26,860 [Thread-4334] INFO  impl.RoleInfo (RoleInfo.java:updateAndGet(143)) - 568551cc-7cda-4cdf-9ff0-2cea755fc381: start LeaderElection
2019-11-12 23:39:26,860 [568551cc-7cda-4cdf-9ff0-2cea755fc381@group-959D08EB2AC8-LeaderElection185] INFO  impl.RaftServerImpl (ServerState.java:setLeader(255)) - 568551cc-7cda-4cdf-9ff0-2cea755fc381@group-959D08EB2AC8: change Leader from 7c2b8f83-a523-49c2-afdc-9b713bfd472f to null at term 2 for initElection
2019-11-12 23:39:26,875 [568551cc-7cda-4cdf-9ff0-2cea755fc381@group-959D08EB2AC8-LeaderElection185] INFO  impl.LeaderElection (LeaderElection.java:askForVotes(178)) - 568551cc-7cda-4cdf-9ff0-2cea755fc381@group-959D08EB2AC8-LeaderElection185: begin an election at term 3 for 1: [e78e490f-dcb2-4ec6-aeec-6e1e9400be8d:192.168.164.236:41531, 568551cc-7cda-4cdf-9ff0-2cea755fc381:192.168.164.236:38434, 7c2b8f83-a523-49c2-afdc-9b713bfd472f:192.168.164.236:43042], old=null
2019-11-12 23:39:26,877 [568551cc-7cda-4cdf-9ff0-2cea755fc381@group-959D08EB2AC8-LeaderElection185] INFO  impl.LeaderElection (LogUtils.java:infoOrTrace(149)) - 568551cc-7cda-4cdf-9ff0-2cea755fc381@group-959D08EB2AC8-LeaderElection185 got exception when requesting votes: {}
java.util.concurrent.ExecutionException: org.apache.ratis.thirdparty.io.grpc.StatusRuntimeException: UNAVAILABLE: io exception
	at java.util.concurrent.FutureTask.report(FutureTask.java:122)
	at java.util.concurrent.FutureTask.get(FutureTask.java:192)
	at org.apache.ratis.server.impl.LeaderElection.waitForResults(LeaderElection.java:259)
	at org.apache.ratis.server.impl.LeaderElection.askForVotes(LeaderElection.java:197)
	at org.apache.ratis.server.impl.LeaderElection.run(LeaderElection.java:133)
	at java.lang.Thread.run(Thread.java:748)
Caused by: org.apache.ratis.thirdparty.io.grpc.StatusRuntimeException: UNAVAILABLE: io exception
	at org.apache.ratis.thirdparty.io.grpc.stub.ClientCalls.toStatusRuntimeException(ClientCalls.java:233)
	at org.apache.ratis.thirdparty.io.grpc.stub.ClientCalls.getUnchecked(ClientCalls.java:214)
	at org.apache.ratis.thirdparty.io.grpc.stub.ClientCalls.blockingUnaryCall(ClientCalls.java:139)
	at org.apache.ratis.proto.grpc.RaftServerProtocolServiceGrpc$RaftServerProtocolServiceBlockingStub.requestVote(RaftServerProtocolServiceGrpc.java:265)
	at org.apache.ratis.grpc.server.GrpcServerProtocolClient.requestVote(GrpcServerProtocolClient.java:99)
	at org.apache.ratis.grpc.server.GrpcService.requestVote(GrpcService.java:204)
	at org.apache.ratis.server.impl.LeaderElection.lambda$submitRequests$1(LeaderElection.java:234)
	at java.util.concurrent.FutureTask.run(FutureTask.java:266)
	at java.util.concurrent.Executors$RunnableAdapter.call(Executors.java:511)
	at java.util.concurrent.FutureTask.run(FutureTask.java:266)
	at java.util.concurrent.ThreadPoolExecutor.runWorker(ThreadPoolExecutor.java:1149)
	at java.util.concurrent.ThreadPoolExecutor$Worker.run(ThreadPoolExecutor.java:624)
	... 1 more
Caused by: org.apache.ratis.thirdparty.io.netty.channel.AbstractChannel$AnnotatedConnectException: Connection refused: /192.168.164.236:41531
	at sun.nio.ch.SocketChannelImpl.checkConnect(Native Method)
	at sun.nio.ch.SocketChannelImpl.finishConnect(SocketChannelImpl.java:717)
	at org.apache.ratis.thirdparty.io.netty.channel.socket.nio.NioSocketChannel.doFinishConnect(NioSocketChannel.java:327)
	at org.apache.ratis.thirdparty.io.netty.channel.nio.AbstractNioChannel$AbstractNioUnsafe.finishConnect(AbstractNioChannel.java:340)
	at org.apache.ratis.thirdparty.io.netty.channel.nio.NioEventLoop.processSelectedKey(NioEventLoop.java:632)
	at org.apache.ratis.thirdparty.io.netty.channel.nio.NioEventLoop.processSelectedKeysOptimized(NioEventLoop.java:579)
	at org.apache.ratis.thirdparty.io.netty.channel.nio.NioEventLoop.processSelectedKeys(NioEventLoop.java:496)
	at org.apache.ratis.thirdparty.io.netty.channel.nio.NioEventLoop.run(NioEventLoop.java:458)
	at org.apache.ratis.thirdparty.io.netty.util.concurrent.SingleThreadEventExecutor$5.run(SingleThreadEventExecutor.java:897)
	at org.apache.ratis.thirdparty.io.netty.util.concurrent.FastThreadLocalRunnable.run(FastThreadLocalRunnable.java:30)
	... 1 more
Caused by: java.net.ConnectException: Connection refused
	... 11 more
2019-11-12 23:39:26,878 [568551cc-7cda-4cdf-9ff0-2cea755fc381@group-959D08EB2AC8-LeaderElection185] INFO  impl.LeaderElection (LogUtils.java:infoOrTrace(149)) - 568551cc-7cda-4cdf-9ff0-2cea755fc381@group-959D08EB2AC8-LeaderElection185 got exception when requesting votes: {}
java.util.concurrent.ExecutionException: org.apache.ratis.thirdparty.io.grpc.StatusRuntimeException: UNAVAILABLE: io exception
	at java.util.concurrent.FutureTask.report(FutureTask.java:122)
	at java.util.concurrent.FutureTask.get(FutureTask.java:192)
	at org.apache.ratis.server.impl.LeaderElection.waitForResults(LeaderElection.java:259)
	at org.apache.ratis.server.impl.LeaderElection.askForVotes(LeaderElection.java:197)
	at org.apache.ratis.server.impl.LeaderElection.run(LeaderElection.java:133)
	at java.lang.Thread.run(Thread.java:748)
Caused by: org.apache.ratis.thirdparty.io.grpc.StatusRuntimeException: UNAVAILABLE: io exception
	at org.apache.ratis.thirdparty.io.grpc.stub.ClientCalls.toStatusRuntimeException(ClientCalls.java:233)
	at org.apache.ratis.thirdparty.io.grpc.stub.ClientCalls.getUnchecked(ClientCalls.java:214)
	at org.apache.ratis.thirdparty.io.grpc.stub.ClientCalls.blockingUnaryCall(ClientCalls.java:139)
	at org.apache.ratis.proto.grpc.RaftServerProtocolServiceGrpc$RaftServerProtocolServiceBlockingStub.requestVote(RaftServerProtocolServiceGrpc.java:265)
	at org.apache.ratis.grpc.server.GrpcServerProtocolClient.requestVote(GrpcServerProtocolClient.java:99)
	at org.apache.ratis.grpc.server.GrpcService.requestVote(GrpcService.java:204)
	at org.apache.ratis.server.impl.LeaderElection.lambda$submitRequests$1(LeaderElection.java:234)
	at java.util.concurrent.FutureTask.run(FutureTask.java:266)
	at java.util.concurrent.Executors$RunnableAdapter.call(Executors.java:511)
	at java.util.concurrent.FutureTask.run(FutureTask.java:266)
	at java.util.concurrent.ThreadPoolExecutor.runWorker(ThreadPoolExecutor.java:1149)
	at java.util.concurrent.ThreadPoolExecutor$Worker.run(ThreadPoolExecutor.java:624)
	... 1 more
Caused by: org.apache.ratis.thirdparty.io.netty.channel.AbstractChannel$AnnotatedConnectException: Connection refused: /192.168.164.236:43042
	at sun.nio.ch.SocketChannelImpl.checkConnect(Native Method)
	at sun.nio.ch.SocketChannelImpl.finishConnect(SocketChannelImpl.java:717)
	at org.apache.ratis.thirdparty.io.netty.channel.socket.nio.NioSocketChannel.doFinishConnect(NioSocketChannel.java:327)
	at org.apache.ratis.thirdparty.io.netty.channel.nio.AbstractNioChannel$AbstractNioUnsafe.finishConnect(AbstractNioChannel.java:340)
	at org.apache.ratis.thirdparty.io.netty.channel.nio.NioEventLoop.processSelectedKey(NioEventLoop.java:632)
	at org.apache.ratis.thirdparty.io.netty.channel.nio.NioEventLoop.processSelectedKeysOptimized(NioEventLoop.java:579)
	at org.apache.ratis.thirdparty.io.netty.channel.nio.NioEventLoop.processSelectedKeys(NioEventLoop.java:496)
	at org.apache.ratis.thirdparty.io.netty.channel.nio.NioEventLoop.run(NioEventLoop.java:458)
	at org.apache.ratis.thirdparty.io.netty.util.concurrent.SingleThreadEventExecutor$5.run(SingleThreadEventExecutor.java:897)
	at org.apache.ratis.thirdparty.io.netty.util.concurrent.FastThreadLocalRunnable.run(FastThreadLocalRunnable.java:30)
	... 1 more
Caused by: java.net.ConnectException: Connection refused
	... 11 more
2019-11-12 23:39:26,878 [568551cc-7cda-4cdf-9ff0-2cea755fc381@group-959D08EB2AC8-LeaderElection185] INFO  impl.LeaderElection (LeaderElection.java:logAndReturn(56)) - 568551cc-7cda-4cdf-9ff0-2cea755fc381@group-959D08EB2AC8-LeaderElection185: Election REJECTED; received 0 response(s) [] and 2 exception(s); 568551cc-7cda-4cdf-9ff0-2cea755fc381@group-959D08EB2AC8:t3, leader=null, voted=568551cc-7cda-4cdf-9ff0-2cea755fc381, raftlog=568551cc-7cda-4cdf-9ff0-2cea755fc381@group-959D08EB2AC8-SegmentedRaftLog:OPENED:c2,f2,i2, conf=1: [e78e490f-dcb2-4ec6-aeec-6e1e9400be8d:192.168.164.236:41531, 568551cc-7cda-4cdf-9ff0-2cea755fc381:192.168.164.236:38434, 7c2b8f83-a523-49c2-afdc-9b713bfd472f:192.168.164.236:43042], old=null
2019-11-12 23:39:26,879 [568551cc-7cda-4cdf-9ff0-2cea755fc381@group-959D08EB2AC8-LeaderElection185] INFO  impl.LeaderElection (LogUtils.java:infoOrTrace(149)) -   Exception 0: {}
java.util.concurrent.ExecutionException: org.apache.ratis.thirdparty.io.grpc.StatusRuntimeException: UNAVAILABLE: io exception
	at java.util.concurrent.FutureTask.report(FutureTask.java:122)
	at java.util.concurrent.FutureTask.get(FutureTask.java:192)
	at org.apache.ratis.server.impl.LeaderElection.waitForResults(LeaderElection.java:259)
	at org.apache.ratis.server.impl.LeaderElection.askForVotes(LeaderElection.java:197)
	at org.apache.ratis.server.impl.LeaderElection.run(LeaderElection.java:133)
	at java.lang.Thread.run(Thread.java:748)
Caused by: org.apache.ratis.thirdparty.io.grpc.StatusRuntimeException: UNAVAILABLE: io exception
	at org.apache.ratis.thirdparty.io.grpc.stub.ClientCalls.toStatusRuntimeException(ClientCalls.java:233)
	at org.apache.ratis.thirdparty.io.grpc.stub.ClientCalls.getUnchecked(ClientCalls.java:214)
	at org.apache.ratis.thirdparty.io.grpc.stub.ClientCalls.blockingUnaryCall(ClientCalls.java:139)
	at org.apache.ratis.proto.grpc.RaftServerProtocolServiceGrpc$RaftServerProtocolServiceBlockingStub.requestVote(RaftServerProtocolServiceGrpc.java:265)
	at org.apache.ratis.grpc.server.GrpcServerProtocolClient.requestVote(GrpcServerProtocolClient.java:99)
	at org.apache.ratis.grpc.server.GrpcService.requestVote(GrpcService.java:204)
	at org.apache.ratis.server.impl.LeaderElection.lambda$submitRequests$1(LeaderElection.java:234)
	at java.util.concurrent.FutureTask.run(FutureTask.java:266)
	at java.util.concurrent.Executors$RunnableAdapter.call(Executors.java:511)
	at java.util.concurrent.FutureTask.run(FutureTask.java:266)
	at java.util.concurrent.ThreadPoolExecutor.runWorker(ThreadPoolExecutor.java:1149)
	at java.util.concurrent.ThreadPoolExecutor$Worker.run(ThreadPoolExecutor.java:624)
	... 1 more
Caused by: org.apache.ratis.thirdparty.io.netty.channel.AbstractChannel$AnnotatedConnectException: Connection refused: /192.168.164.236:41531
	at sun.nio.ch.SocketChannelImpl.checkConnect(Native Method)
	at sun.nio.ch.SocketChannelImpl.finishConnect(SocketChannelImpl.java:717)
	at org.apache.ratis.thirdparty.io.netty.channel.socket.nio.NioSocketChannel.doFinishConnect(NioSocketChannel.java:327)
	at org.apache.ratis.thirdparty.io.netty.channel.nio.AbstractNioChannel$AbstractNioUnsafe.finishConnect(AbstractNioChannel.java:340)
	at org.apache.ratis.thirdparty.io.netty.channel.nio.NioEventLoop.processSelectedKey(NioEventLoop.java:632)
	at org.apache.ratis.thirdparty.io.netty.channel.nio.NioEventLoop.processSelectedKeysOptimized(NioEventLoop.java:579)
	at org.apache.ratis.thirdparty.io.netty.channel.nio.NioEventLoop.processSelectedKeys(NioEventLoop.java:496)
	at org.apache.ratis.thirdparty.io.netty.channel.nio.NioEventLoop.run(NioEventLoop.java:458)
	at org.apache.ratis.thirdparty.io.netty.util.concurrent.SingleThreadEventExecutor$5.run(SingleThreadEventExecutor.java:897)
	at org.apache.ratis.thirdparty.io.netty.util.concurrent.FastThreadLocalRunnable.run(FastThreadLocalRunnable.java:30)
	... 1 more
Caused by: java.net.ConnectException: Connection refused
	... 11 more
2019-11-12 23:39:26,879 [568551cc-7cda-4cdf-9ff0-2cea755fc381@group-959D08EB2AC8-LeaderElection185] INFO  impl.LeaderElection (LogUtils.java:infoOrTrace(149)) -   Exception 1: {}
java.util.concurrent.ExecutionException: org.apache.ratis.thirdparty.io.grpc.StatusRuntimeException: UNAVAILABLE: io exception
	at java.util.concurrent.FutureTask.report(FutureTask.java:122)
	at java.util.concurrent.FutureTask.get(FutureTask.java:192)
	at org.apache.ratis.server.impl.LeaderElection.waitForResults(LeaderElection.java:259)
	at org.apache.ratis.server.impl.LeaderElection.askForVotes(LeaderElection.java:197)
	at org.apache.ratis.server.impl.LeaderElection.run(LeaderElection.java:133)
	at java.lang.Thread.run(Thread.java:748)
Caused by: org.apache.ratis.thirdparty.io.grpc.StatusRuntimeException: UNAVAILABLE: io exception
	at org.apache.ratis.thirdparty.io.grpc.stub.ClientCalls.toStatusRuntimeException(ClientCalls.java:233)
	at org.apache.ratis.thirdparty.io.grpc.stub.ClientCalls.getUnchecked(ClientCalls.java:214)
	at org.apache.ratis.thirdparty.io.grpc.stub.ClientCalls.blockingUnaryCall(ClientCalls.java:139)
	at org.apache.ratis.proto.grpc.RaftServerProtocolServiceGrpc$RaftServerProtocolServiceBlockingStub.requestVote(RaftServerProtocolServiceGrpc.java:265)
	at org.apache.ratis.grpc.server.GrpcServerProtocolClient.requestVote(GrpcServerProtocolClient.java:99)
	at org.apache.ratis.grpc.server.GrpcService.requestVote(GrpcService.java:204)
	at org.apache.ratis.server.impl.LeaderElection.lambda$submitRequests$1(LeaderElection.java:234)
	at java.util.concurrent.FutureTask.run(FutureTask.java:266)
	at java.util.concurrent.Executors$RunnableAdapter.call(Executors.java:511)
	at java.util.concurrent.FutureTask.run(FutureTask.java:266)
	at java.util.concurrent.ThreadPoolExecutor.runWorker(ThreadPoolExecutor.java:1149)
	at java.util.concurrent.ThreadPoolExecutor$Worker.run(ThreadPoolExecutor.java:624)
	... 1 more
Caused by: org.apache.ratis.thirdparty.io.netty.channel.AbstractChannel$AnnotatedConnectException: Connection refused: /192.168.164.236:43042
	at sun.nio.ch.SocketChannelImpl.checkConnect(Native Method)
	at sun.nio.ch.SocketChannelImpl.finishConnect(SocketChannelImpl.java:717)
	at org.apache.ratis.thirdparty.io.netty.channel.socket.nio.NioSocketChannel.doFinishConnect(NioSocketChannel.java:327)
	at org.apache.ratis.thirdparty.io.netty.channel.nio.AbstractNioChannel$AbstractNioUnsafe.finishConnect(AbstractNioChannel.java:340)
	at org.apache.ratis.thirdparty.io.netty.channel.nio.NioEventLoop.processSelectedKey(NioEventLoop.java:632)
	at org.apache.ratis.thirdparty.io.netty.channel.nio.NioEventLoop.processSelectedKeysOptimized(NioEventLoop.java:579)
	at org.apache.ratis.thirdparty.io.netty.channel.nio.NioEventLoop.processSelectedKeys(NioEventLoop.java:496)
	at org.apache.ratis.thirdparty.io.netty.channel.nio.NioEventLoop.run(NioEventLoop.java:458)
	at org.apache.ratis.thirdparty.io.netty.util.concurrent.SingleThreadEventExecutor$5.run(SingleThreadEventExecutor.java:897)
	at org.apache.ratis.thirdparty.io.netty.util.concurrent.FastThreadLocalRunnable.run(FastThreadLocalRunnable.java:30)
	... 1 more
Caused by: java.net.ConnectException: Connection refused
	... 11 more
2019-11-12 23:39:26,879 [568551cc-7cda-4cdf-9ff0-2cea755fc381@group-959D08EB2AC8-LeaderElection185] INFO  impl.RaftServerImpl (RaftServerImpl.java:setRole(173)) - 568551cc-7cda-4cdf-9ff0-2cea755fc381@group-959D08EB2AC8: changes role from CANDIDATE to FOLLOWER at term 3 for DISCOVERED_A_NEW_TERM
2019-11-12 23:39:26,879 [568551cc-7cda-4cdf-9ff0-2cea755fc381@group-959D08EB2AC8-LeaderElection185] INFO  impl.RoleInfo (RoleInfo.java:shutdownLeaderElection(134)) - 568551cc-7cda-4cdf-9ff0-2cea755fc381: shutdown LeaderElection
2019-11-12 23:39:26,880 [568551cc-7cda-4cdf-9ff0-2cea755fc381@group-959D08EB2AC8-LeaderElection185] INFO  impl.RoleInfo (RoleInfo.java:updateAndGet(143)) - 568551cc-7cda-4cdf-9ff0-2cea755fc381: start FollowerState
2019-11-12 23:39:26,896 [Thread-4179] INFO  impl.FollowerState (FollowerState.java:run(111)) - bf4ebe41-a6c2-4458-a321-fc167af3521b@group-296741F00278-FollowerState: change to CANDIDATE, lastRpcTime:2092ms, electionTimeout:1177ms
2019-11-12 23:39:26,896 [Thread-4179] INFO  impl.RoleInfo (RoleInfo.java:shutdownFollowerState(121)) - bf4ebe41-a6c2-4458-a321-fc167af3521b: shutdown FollowerState
2019-11-12 23:39:26,896 [Thread-4179] INFO  impl.RaftServerImpl (RaftServerImpl.java:setRole(173)) - bf4ebe41-a6c2-4458-a321-fc167af3521b@group-296741F00278: changes role from  FOLLOWER to CANDIDATE at term 1 for changeToCandidate
2019-11-12 23:39:26,896 [Thread-4179] INFO  impl.RoleInfo (RoleInfo.java:updateAndGet(143)) - bf4ebe41-a6c2-4458-a321-fc167af3521b: start LeaderElection
2019-11-12 23:39:26,897 [bf4ebe41-a6c2-4458-a321-fc167af3521b@group-296741F00278-LeaderElection186] INFO  impl.RaftServerImpl (ServerState.java:setLeader(255)) - bf4ebe41-a6c2-4458-a321-fc167af3521b@group-296741F00278: change Leader from 0cfa4e5a-af9b-49e5-b2c2-1a2dc6cf0616 to null at term 1 for initElection
2019-11-12 23:39:26,910 [grpc-default-executor-6] WARN  server.GrpcLogAppender (LogUtils.java:warn(134)) - 1f658cad-a8c7-4c86-bbeb-2b40079268d7@group-52F5F982BB9D->98dbddad-cff4-4f87-9188-db1d76df9501-AppendLogResponseHandler: Failed appendEntries: org.apache.ratis.thirdparty.io.grpc.StatusRuntimeException: UNAVAILABLE: io exception
2019-11-12 23:39:26,910 [bf4ebe41-a6c2-4458-a321-fc167af3521b@group-296741F00278-LeaderElection186] INFO  impl.LeaderElection (LeaderElection.java:askForVotes(178)) - bf4ebe41-a6c2-4458-a321-fc167af3521b@group-296741F00278-LeaderElection186: begin an election at term 2 for 0: [0cfa4e5a-af9b-49e5-b2c2-1a2dc6cf0616:192.168.164.236:41598, 2cdd6ea3-e978-43ee-a05f-f9ece739edb4:192.168.164.236:34677, bf4ebe41-a6c2-4458-a321-fc167af3521b:192.168.164.236:39425], old=null
2019-11-12 23:39:26,910 [grpc-default-executor-6] INFO  impl.FollowerInfo (FollowerInfo.java:lambda$new$0(51)) - 1f658cad-a8c7-4c86-bbeb-2b40079268d7@group-52F5F982BB9D->98dbddad-cff4-4f87-9188-db1d76df9501: nextIndex: updateUnconditionally 0 -> 0
2019-11-12 23:39:26,912 [bf4ebe41-a6c2-4458-a321-fc167af3521b@group-296741F00278-LeaderElection186] INFO  impl.LeaderElection (LogUtils.java:infoOrTrace(149)) - bf4ebe41-a6c2-4458-a321-fc167af3521b@group-296741F00278-LeaderElection186 got exception when requesting votes: {}
java.util.concurrent.ExecutionException: org.apache.ratis.thirdparty.io.grpc.StatusRuntimeException: UNAVAILABLE: io exception
	at java.util.concurrent.FutureTask.report(FutureTask.java:122)
	at java.util.concurrent.FutureTask.get(FutureTask.java:192)
	at org.apache.ratis.server.impl.LeaderElection.waitForResults(LeaderElection.java:259)
	at org.apache.ratis.server.impl.LeaderElection.askForVotes(LeaderElection.java:197)
	at org.apache.ratis.server.impl.LeaderElection.run(LeaderElection.java:133)
	at java.lang.Thread.run(Thread.java:748)
Caused by: org.apache.ratis.thirdparty.io.grpc.StatusRuntimeException: UNAVAILABLE: io exception
	at org.apache.ratis.thirdparty.io.grpc.stub.ClientCalls.toStatusRuntimeException(ClientCalls.java:233)
	at org.apache.ratis.thirdparty.io.grpc.stub.ClientCalls.getUnchecked(ClientCalls.java:214)
	at org.apache.ratis.thirdparty.io.grpc.stub.ClientCalls.blockingUnaryCall(ClientCalls.java:139)
	at org.apache.ratis.proto.grpc.RaftServerProtocolServiceGrpc$RaftServerProtocolServiceBlockingStub.requestVote(RaftServerProtocolServiceGrpc.java:265)
	at org.apache.ratis.grpc.server.GrpcServerProtocolClient.requestVote(GrpcServerProtocolClient.java:99)
	at org.apache.ratis.grpc.server.GrpcService.requestVote(GrpcService.java:204)
	at org.apache.ratis.server.impl.LeaderElection.lambda$submitRequests$1(LeaderElection.java:234)
	at java.util.concurrent.FutureTask.run(FutureTask.java:266)
	at java.util.concurrent.Executors$RunnableAdapter.call(Executors.java:511)
	at java.util.concurrent.FutureTask.run(FutureTask.java:266)
	at java.util.concurrent.ThreadPoolExecutor.runWorker(ThreadPoolExecutor.java:1149)
	at java.util.concurrent.ThreadPoolExecutor$Worker.run(ThreadPoolExecutor.java:624)
	... 1 more
Caused by: org.apache.ratis.thirdparty.io.netty.channel.AbstractChannel$AnnotatedConnectException: Connection refused: /192.168.164.236:41598
	at sun.nio.ch.SocketChannelImpl.checkConnect(Native Method)
	at sun.nio.ch.SocketChannelImpl.finishConnect(SocketChannelImpl.java:717)
	at org.apache.ratis.thirdparty.io.netty.channel.socket.nio.NioSocketChannel.doFinishConnect(NioSocketChannel.java:327)
	at org.apache.ratis.thirdparty.io.netty.channel.nio.AbstractNioChannel$AbstractNioUnsafe.finishConnect(AbstractNioChannel.java:340)
	at org.apache.ratis.thirdparty.io.netty.channel.nio.NioEventLoop.processSelectedKey(NioEventLoop.java:632)
	at org.apache.ratis.thirdparty.io.netty.channel.nio.NioEventLoop.processSelectedKeysOptimized(NioEventLoop.java:579)
	at org.apache.ratis.thirdparty.io.netty.channel.nio.NioEventLoop.processSelectedKeys(NioEventLoop.java:496)
	at org.apache.ratis.thirdparty.io.netty.channel.nio.NioEventLoop.run(NioEventLoop.java:458)
	at org.apache.ratis.thirdparty.io.netty.util.concurrent.SingleThreadEventExecutor$5.run(SingleThreadEventExecutor.java:897)
	at org.apache.ratis.thirdparty.io.netty.util.concurrent.FastThreadLocalRunnable.run(FastThreadLocalRunnable.java:30)
	... 1 more
Caused by: java.net.ConnectException: Connection refused
	... 11 more
2019-11-12 23:39:26,913 [bf4ebe41-a6c2-4458-a321-fc167af3521b@group-296741F00278-LeaderElection186] INFO  impl.LeaderElection (LogUtils.java:infoOrTrace(149)) - bf4ebe41-a6c2-4458-a321-fc167af3521b@group-296741F00278-LeaderElection186 got exception when requesting votes: {}
java.util.concurrent.ExecutionException: org.apache.ratis.thirdparty.io.grpc.StatusRuntimeException: UNAVAILABLE: io exception
	at java.util.concurrent.FutureTask.report(FutureTask.java:122)
	at java.util.concurrent.FutureTask.get(FutureTask.java:192)
	at org.apache.ratis.server.impl.LeaderElection.waitForResults(LeaderElection.java:259)
	at org.apache.ratis.server.impl.LeaderElection.askForVotes(LeaderElection.java:197)
	at org.apache.ratis.server.impl.LeaderElection.run(LeaderElection.java:133)
	at java.lang.Thread.run(Thread.java:748)
Caused by: org.apache.ratis.thirdparty.io.grpc.StatusRuntimeException: UNAVAILABLE: io exception
	at org.apache.ratis.thirdparty.io.grpc.stub.ClientCalls.toStatusRuntimeException(ClientCalls.java:233)
	at org.apache.ratis.thirdparty.io.grpc.stub.ClientCalls.getUnchecked(ClientCalls.java:214)
	at org.apache.ratis.thirdparty.io.grpc.stub.ClientCalls.blockingUnaryCall(ClientCalls.java:139)
	at org.apache.ratis.proto.grpc.RaftServerProtocolServiceGrpc$RaftServerProtocolServiceBlockingStub.requestVote(RaftServerProtocolServiceGrpc.java:265)
	at org.apache.ratis.grpc.server.GrpcServerProtocolClient.requestVote(GrpcServerProtocolClient.java:99)
	at org.apache.ratis.grpc.server.GrpcService.requestVote(GrpcService.java:204)
	at org.apache.ratis.server.impl.LeaderElection.lambda$submitRequests$1(LeaderElection.java:234)
	at java.util.concurrent.FutureTask.run(FutureTask.java:266)
	at java.util.concurrent.Executors$RunnableAdapter.call(Executors.java:511)
	at java.util.concurrent.FutureTask.run(FutureTask.java:266)
	at java.util.concurrent.ThreadPoolExecutor.runWorker(ThreadPoolExecutor.java:1149)
	at java.util.concurrent.ThreadPoolExecutor$Worker.run(ThreadPoolExecutor.java:624)
	... 1 more
Caused by: org.apache.ratis.thirdparty.io.netty.channel.AbstractChannel$AnnotatedConnectException: Connection refused: /192.168.164.236:34677
	at sun.nio.ch.SocketChannelImpl.checkConnect(Native Method)
	at sun.nio.ch.SocketChannelImpl.finishConnect(SocketChannelImpl.java:717)
	at org.apache.ratis.thirdparty.io.netty.channel.socket.nio.NioSocketChannel.doFinishConnect(NioSocketChannel.java:327)
	at org.apache.ratis.thirdparty.io.netty.channel.nio.AbstractNioChannel$AbstractNioUnsafe.finishConnect(AbstractNioChannel.java:340)
	at org.apache.ratis.thirdparty.io.netty.channel.nio.NioEventLoop.processSelectedKey(NioEventLoop.java:632)
	at org.apache.ratis.thirdparty.io.netty.channel.nio.NioEventLoop.processSelectedKeysOptimized(NioEventLoop.java:579)
	at org.apache.ratis.thirdparty.io.netty.channel.nio.NioEventLoop.processSelectedKeys(NioEventLoop.java:496)
	at org.apache.ratis.thirdparty.io.netty.channel.nio.NioEventLoop.run(NioEventLoop.java:458)
	at org.apache.ratis.thirdparty.io.netty.util.concurrent.SingleThreadEventExecutor$5.run(SingleThreadEventExecutor.java:897)
	at org.apache.ratis.thirdparty.io.netty.util.concurrent.FastThreadLocalRunnable.run(FastThreadLocalRunnable.java:30)
	... 1 more
Caused by: java.net.ConnectException: Connection refused
	... 11 more
2019-11-12 23:39:26,913 [bf4ebe41-a6c2-4458-a321-fc167af3521b@group-296741F00278-LeaderElection186] INFO  impl.LeaderElection (LeaderElection.java:logAndReturn(56)) - bf4ebe41-a6c2-4458-a321-fc167af3521b@group-296741F00278-LeaderElection186: Election REJECTED; received 0 response(s) [] and 2 exception(s); bf4ebe41-a6c2-4458-a321-fc167af3521b@group-296741F00278:t2, leader=null, voted=bf4ebe41-a6c2-4458-a321-fc167af3521b, raftlog=bf4ebe41-a6c2-4458-a321-fc167af3521b@group-296741F00278-SegmentedRaftLog:OPENED:c0,f0,i0, conf=0: [0cfa4e5a-af9b-49e5-b2c2-1a2dc6cf0616:192.168.164.236:41598, 2cdd6ea3-e978-43ee-a05f-f9ece739edb4:192.168.164.236:34677, bf4ebe41-a6c2-4458-a321-fc167af3521b:192.168.164.236:39425], old=null
2019-11-12 23:39:26,913 [bf4ebe41-a6c2-4458-a321-fc167af3521b@group-296741F00278-LeaderElection186] INFO  impl.LeaderElection (LogUtils.java:infoOrTrace(149)) -   Exception 0: {}
java.util.concurrent.ExecutionException: org.apache.ratis.thirdparty.io.grpc.StatusRuntimeException: UNAVAILABLE: io exception
	at java.util.concurrent.FutureTask.report(FutureTask.java:122)
	at java.util.concurrent.FutureTask.get(FutureTask.java:192)
	at org.apache.ratis.server.impl.LeaderElection.waitForResults(LeaderElection.java:259)
	at org.apache.ratis.server.impl.LeaderElection.askForVotes(LeaderElection.java:197)
	at org.apache.ratis.server.impl.LeaderElection.run(LeaderElection.java:133)
	at java.lang.Thread.run(Thread.java:748)
Caused by: org.apache.ratis.thirdparty.io.grpc.StatusRuntimeException: UNAVAILABLE: io exception
	at org.apache.ratis.thirdparty.io.grpc.stub.ClientCalls.toStatusRuntimeException(ClientCalls.java:233)
	at org.apache.ratis.thirdparty.io.grpc.stub.ClientCalls.getUnchecked(ClientCalls.java:214)
	at org.apache.ratis.thirdparty.io.grpc.stub.ClientCalls.blockingUnaryCall(ClientCalls.java:139)
	at org.apache.ratis.proto.grpc.RaftServerProtocolServiceGrpc$RaftServerProtocolServiceBlockingStub.requestVote(RaftServerProtocolServiceGrpc.java:265)
	at org.apache.ratis.grpc.server.GrpcServerProtocolClient.requestVote(GrpcServerProtocolClient.java:99)
	at org.apache.ratis.grpc.server.GrpcService.requestVote(GrpcService.java:204)
	at org.apache.ratis.server.impl.LeaderElection.lambda$submitRequests$1(LeaderElection.java:234)
	at java.util.concurrent.FutureTask.run(FutureTask.java:266)
	at java.util.concurrent.Executors$RunnableAdapter.call(Executors.java:511)
	at java.util.concurrent.FutureTask.run(FutureTask.java:266)
	at java.util.concurrent.ThreadPoolExecutor.runWorker(ThreadPoolExecutor.java:1149)
	at java.util.concurrent.ThreadPoolExecutor$Worker.run(ThreadPoolExecutor.java:624)
	... 1 more
Caused by: org.apache.ratis.thirdparty.io.netty.channel.AbstractChannel$AnnotatedConnectException: Connection refused: /192.168.164.236:41598
	at sun.nio.ch.SocketChannelImpl.checkConnect(Native Method)
	at sun.nio.ch.SocketChannelImpl.finishConnect(SocketChannelImpl.java:717)
	at org.apache.ratis.thirdparty.io.netty.channel.socket.nio.NioSocketChannel.doFinishConnect(NioSocketChannel.java:327)
	at org.apache.ratis.thirdparty.io.netty.channel.nio.AbstractNioChannel$AbstractNioUnsafe.finishConnect(AbstractNioChannel.java:340)
	at org.apache.ratis.thirdparty.io.netty.channel.nio.NioEventLoop.processSelectedKey(NioEventLoop.java:632)
	at org.apache.ratis.thirdparty.io.netty.channel.nio.NioEventLoop.processSelectedKeysOptimized(NioEventLoop.java:579)
	at org.apache.ratis.thirdparty.io.netty.channel.nio.NioEventLoop.processSelectedKeys(NioEventLoop.java:496)
	at org.apache.ratis.thirdparty.io.netty.channel.nio.NioEventLoop.run(NioEventLoop.java:458)
	at org.apache.ratis.thirdparty.io.netty.util.concurrent.SingleThreadEventExecutor$5.run(SingleThreadEventExecutor.java:897)
	at org.apache.ratis.thirdparty.io.netty.util.concurrent.FastThreadLocalRunnable.run(FastThreadLocalRunnable.java:30)
	... 1 more
Caused by: java.net.ConnectException: Connection refused
	... 11 more
2019-11-12 23:39:26,914 [bf4ebe41-a6c2-4458-a321-fc167af3521b@group-296741F00278-LeaderElection186] INFO  impl.LeaderElection (LogUtils.java:infoOrTrace(149)) -   Exception 1: {}
java.util.concurrent.ExecutionException: org.apache.ratis.thirdparty.io.grpc.StatusRuntimeException: UNAVAILABLE: io exception
	at java.util.concurrent.FutureTask.report(FutureTask.java:122)
	at java.util.concurrent.FutureTask.get(FutureTask.java:192)
	at org.apache.ratis.server.impl.LeaderElection.waitForResults(LeaderElection.java:259)
	at org.apache.ratis.server.impl.LeaderElection.askForVotes(LeaderElection.java:197)
	at org.apache.ratis.server.impl.LeaderElection.run(LeaderElection.java:133)
	at java.lang.Thread.run(Thread.java:748)
Caused by: org.apache.ratis.thirdparty.io.grpc.StatusRuntimeException: UNAVAILABLE: io exception
	at org.apache.ratis.thirdparty.io.grpc.stub.ClientCalls.toStatusRuntimeException(ClientCalls.java:233)
	at org.apache.ratis.thirdparty.io.grpc.stub.ClientCalls.getUnchecked(ClientCalls.java:214)
	at org.apache.ratis.thirdparty.io.grpc.stub.ClientCalls.blockingUnaryCall(ClientCalls.java:139)
	at org.apache.ratis.proto.grpc.RaftServerProtocolServiceGrpc$RaftServerProtocolServiceBlockingStub.requestVote(RaftServerProtocolServiceGrpc.java:265)
	at org.apache.ratis.grpc.server.GrpcServerProtocolClient.requestVote(GrpcServerProtocolClient.java:99)
	at org.apache.ratis.grpc.server.GrpcService.requestVote(GrpcService.java:204)
	at org.apache.ratis.server.impl.LeaderElection.lambda$submitRequests$1(LeaderElection.java:234)
	at java.util.concurrent.FutureTask.run(FutureTask.java:266)
	at java.util.concurrent.Executors$RunnableAdapter.call(Executors.java:511)
	at java.util.concurrent.FutureTask.run(FutureTask.java:266)
	at java.util.concurrent.ThreadPoolExecutor.runWorker(ThreadPoolExecutor.java:1149)
	at java.util.concurrent.ThreadPoolExecutor$Worker.run(ThreadPoolExecutor.java:624)
	... 1 more
Caused by: org.apache.ratis.thirdparty.io.netty.channel.AbstractChannel$AnnotatedConnectException: Connection refused: /192.168.164.236:34677
	at sun.nio.ch.SocketChannelImpl.checkConnect(Native Method)
	at sun.nio.ch.SocketChannelImpl.finishConnect(SocketChannelImpl.java:717)
	at org.apache.ratis.thirdparty.io.netty.channel.socket.nio.NioSocketChannel.doFinishConnect(NioSocketChannel.java:327)
	at org.apache.ratis.thirdparty.io.netty.channel.nio.AbstractNioChannel$AbstractNioUnsafe.finishConnect(AbstractNioChannel.java:340)
	at org.apache.ratis.thirdparty.io.netty.channel.nio.NioEventLoop.processSelectedKey(NioEventLoop.java:632)
	at org.apache.ratis.thirdparty.io.netty.channel.nio.NioEventLoop.processSelectedKeysOptimized(NioEventLoop.java:579)
	at org.apache.ratis.thirdparty.io.netty.channel.nio.NioEventLoop.processSelectedKeys(NioEventLoop.java:496)
	at org.apache.ratis.thirdparty.io.netty.channel.nio.NioEventLoop.run(NioEventLoop.java:458)
	at org.apache.ratis.thirdparty.io.netty.util.concurrent.SingleThreadEventExecutor$5.run(SingleThreadEventExecutor.java:897)
	at org.apache.ratis.thirdparty.io.netty.util.concurrent.FastThreadLocalRunnable.run(FastThreadLocalRunnable.java:30)
	... 1 more
Caused by: java.net.ConnectException: Connection refused
	... 11 more
2019-11-12 23:39:26,914 [bf4ebe41-a6c2-4458-a321-fc167af3521b@group-296741F00278-LeaderElection186] INFO  impl.RaftServerImpl (RaftServerImpl.java:setRole(173)) - bf4ebe41-a6c2-4458-a321-fc167af3521b@group-296741F00278: changes role from CANDIDATE to FOLLOWER at term 2 for DISCOVERED_A_NEW_TERM
2019-11-12 23:39:26,914 [bf4ebe41-a6c2-4458-a321-fc167af3521b@group-296741F00278-LeaderElection186] INFO  impl.RoleInfo (RoleInfo.java:shutdownLeaderElection(134)) - bf4ebe41-a6c2-4458-a321-fc167af3521b: shutdown LeaderElection
2019-11-12 23:39:26,914 [bf4ebe41-a6c2-4458-a321-fc167af3521b@group-296741F00278-LeaderElection186] INFO  impl.RoleInfo (RoleInfo.java:updateAndGet(143)) - bf4ebe41-a6c2-4458-a321-fc167af3521b: start FollowerState
2019-11-12 23:39:27,411 [grpc-default-executor-3] WARN  server.GrpcLogAppender (LogUtils.java:warn(134)) - 1f658cad-a8c7-4c86-bbeb-2b40079268d7@group-52F5F982BB9D->98dbddad-cff4-4f87-9188-db1d76df9501-AppendLogResponseHandler: Failed appendEntries: org.apache.ratis.thirdparty.io.grpc.StatusRuntimeException: UNAVAILABLE: io exception
2019-11-12 23:39:27,412 [grpc-default-executor-3] INFO  impl.FollowerInfo (FollowerInfo.java:lambda$new$0(51)) - 1f658cad-a8c7-4c86-bbeb-2b40079268d7@group-52F5F982BB9D->98dbddad-cff4-4f87-9188-db1d76df9501: nextIndex: updateUnconditionally 0 -> 0
2019-11-12 23:39:27,912 [grpc-default-executor-6] WARN  server.GrpcLogAppender (LogUtils.java:warn(134)) - 1f658cad-a8c7-4c86-bbeb-2b40079268d7@group-52F5F982BB9D->98dbddad-cff4-4f87-9188-db1d76df9501-AppendLogResponseHandler: Failed appendEntries: org.apache.ratis.thirdparty.io.grpc.StatusRuntimeException: UNAVAILABLE: io exception
2019-11-12 23:39:27,913 [grpc-default-executor-6] INFO  impl.FollowerInfo (FollowerInfo.java:lambda$new$0(51)) - 1f658cad-a8c7-4c86-bbeb-2b40079268d7@group-52F5F982BB9D->98dbddad-cff4-4f87-9188-db1d76df9501: nextIndex: updateUnconditionally 0 -> 0
2019-11-12 23:39:27,928 [Thread-4374] INFO  impl.FollowerState (FollowerState.java:run(111)) - bf4ebe41-a6c2-4458-a321-fc167af3521b@group-296741F00278-FollowerState: change to CANDIDATE, lastRpcTime:1013ms, electionTimeout:1013ms
2019-11-12 23:39:27,928 [Thread-4374] INFO  impl.RoleInfo (RoleInfo.java:shutdownFollowerState(121)) - bf4ebe41-a6c2-4458-a321-fc167af3521b: shutdown FollowerState
2019-11-12 23:39:27,928 [Thread-4374] INFO  impl.RaftServerImpl (RaftServerImpl.java:setRole(173)) - bf4ebe41-a6c2-4458-a321-fc167af3521b@group-296741F00278: changes role from  FOLLOWER to CANDIDATE at term 2 for changeToCandidate
2019-11-12 23:39:27,928 [Thread-4374] INFO  impl.RoleInfo (RoleInfo.java:updateAndGet(143)) - bf4ebe41-a6c2-4458-a321-fc167af3521b: start LeaderElection
2019-11-12 23:39:27,942 [bf4ebe41-a6c2-4458-a321-fc167af3521b@group-296741F00278-LeaderElection187] INFO  impl.LeaderElection (LeaderElection.java:askForVotes(178)) - bf4ebe41-a6c2-4458-a321-fc167af3521b@group-296741F00278-LeaderElection187: begin an election at term 3 for 0: [0cfa4e5a-af9b-49e5-b2c2-1a2dc6cf0616:192.168.164.236:41598, 2cdd6ea3-e978-43ee-a05f-f9ece739edb4:192.168.164.236:34677, bf4ebe41-a6c2-4458-a321-fc167af3521b:192.168.164.236:39425], old=null
2019-11-12 23:39:27,943 [bf4ebe41-a6c2-4458-a321-fc167af3521b@group-296741F00278-LeaderElection187] INFO  impl.LeaderElection (LogUtils.java:infoOrTrace(149)) - bf4ebe41-a6c2-4458-a321-fc167af3521b@group-296741F00278-LeaderElection187 got exception when requesting votes: {}
java.util.concurrent.ExecutionException: org.apache.ratis.thirdparty.io.grpc.StatusRuntimeException: UNAVAILABLE: io exception
	at java.util.concurrent.FutureTask.report(FutureTask.java:122)
	at java.util.concurrent.FutureTask.get(FutureTask.java:192)
	at org.apache.ratis.server.impl.LeaderElection.waitForResults(LeaderElection.java:259)
	at org.apache.ratis.server.impl.LeaderElection.askForVotes(LeaderElection.java:197)
	at org.apache.ratis.server.impl.LeaderElection.run(LeaderElection.java:133)
	at java.lang.Thread.run(Thread.java:748)
Caused by: org.apache.ratis.thirdparty.io.grpc.StatusRuntimeException: UNAVAILABLE: io exception
	at org.apache.ratis.thirdparty.io.grpc.stub.ClientCalls.toStatusRuntimeException(ClientCalls.java:233)
	at org.apache.ratis.thirdparty.io.grpc.stub.ClientCalls.getUnchecked(ClientCalls.java:214)
	at org.apache.ratis.thirdparty.io.grpc.stub.ClientCalls.blockingUnaryCall(ClientCalls.java:139)
	at org.apache.ratis.proto.grpc.RaftServerProtocolServiceGrpc$RaftServerProtocolServiceBlockingStub.requestVote(RaftServerProtocolServiceGrpc.java:265)
	at org.apache.ratis.grpc.server.GrpcServerProtocolClient.requestVote(GrpcServerProtocolClient.java:99)
	at org.apache.ratis.grpc.server.GrpcService.requestVote(GrpcService.java:204)
	at org.apache.ratis.server.impl.LeaderElection.lambda$submitRequests$1(LeaderElection.java:234)
	at java.util.concurrent.FutureTask.run(FutureTask.java:266)
	at java.util.concurrent.Executors$RunnableAdapter.call(Executors.java:511)
	at java.util.concurrent.FutureTask.run(FutureTask.java:266)
	at java.util.concurrent.ThreadPoolExecutor.runWorker(ThreadPoolExecutor.java:1149)
	at java.util.concurrent.ThreadPoolExecutor$Worker.run(ThreadPoolExecutor.java:624)
	... 1 more
Caused by: org.apache.ratis.thirdparty.io.netty.channel.AbstractChannel$AnnotatedConnectException: Connection refused: /192.168.164.236:41598
	at sun.nio.ch.SocketChannelImpl.checkConnect(Native Method)
	at sun.nio.ch.SocketChannelImpl.finishConnect(SocketChannelImpl.java:717)
	at org.apache.ratis.thirdparty.io.netty.channel.socket.nio.NioSocketChannel.doFinishConnect(NioSocketChannel.java:327)
	at org.apache.ratis.thirdparty.io.netty.channel.nio.AbstractNioChannel$AbstractNioUnsafe.finishConnect(AbstractNioChannel.java:340)
	at org.apache.ratis.thirdparty.io.netty.channel.nio.NioEventLoop.processSelectedKey(NioEventLoop.java:632)
	at org.apache.ratis.thirdparty.io.netty.channel.nio.NioEventLoop.processSelectedKeysOptimized(NioEventLoop.java:579)
	at org.apache.ratis.thirdparty.io.netty.channel.nio.NioEventLoop.processSelectedKeys(NioEventLoop.java:496)
	at org.apache.ratis.thirdparty.io.netty.channel.nio.NioEventLoop.run(NioEventLoop.java:458)
	at org.apache.ratis.thirdparty.io.netty.util.concurrent.SingleThreadEventExecutor$5.run(SingleThreadEventExecutor.java:897)
	at org.apache.ratis.thirdparty.io.netty.util.concurrent.FastThreadLocalRunnable.run(FastThreadLocalRunnable.java:30)
	... 1 more
Caused by: java.net.ConnectException: Connection refused
	... 11 more
2019-11-12 23:39:27,943 [bf4ebe41-a6c2-4458-a321-fc167af3521b@group-296741F00278-LeaderElection187] INFO  impl.LeaderElection (LogUtils.java:infoOrTrace(149)) - bf4ebe41-a6c2-4458-a321-fc167af3521b@group-296741F00278-LeaderElection187 got exception when requesting votes: {}
java.util.concurrent.ExecutionException: org.apache.ratis.thirdparty.io.grpc.StatusRuntimeException: UNAVAILABLE: io exception
	at java.util.concurrent.FutureTask.report(FutureTask.java:122)
	at java.util.concurrent.FutureTask.get(FutureTask.java:192)
	at org.apache.ratis.server.impl.LeaderElection.waitForResults(LeaderElection.java:259)
	at org.apache.ratis.server.impl.LeaderElection.askForVotes(LeaderElection.java:197)
	at org.apache.ratis.server.impl.LeaderElection.run(LeaderElection.java:133)
	at java.lang.Thread.run(Thread.java:748)
Caused by: org.apache.ratis.thirdparty.io.grpc.StatusRuntimeException: UNAVAILABLE: io exception
	at org.apache.ratis.thirdparty.io.grpc.stub.ClientCalls.toStatusRuntimeException(ClientCalls.java:233)
	at org.apache.ratis.thirdparty.io.grpc.stub.ClientCalls.getUnchecked(ClientCalls.java:214)
	at org.apache.ratis.thirdparty.io.grpc.stub.ClientCalls.blockingUnaryCall(ClientCalls.java:139)
	at org.apache.ratis.proto.grpc.RaftServerProtocolServiceGrpc$RaftServerProtocolServiceBlockingStub.requestVote(RaftServerProtocolServiceGrpc.java:265)
	at org.apache.ratis.grpc.server.GrpcServerProtocolClient.requestVote(GrpcServerProtocolClient.java:99)
	at org.apache.ratis.grpc.server.GrpcService.requestVote(GrpcService.java:204)
	at org.apache.ratis.server.impl.LeaderElection.lambda$submitRequests$1(LeaderElection.java:234)
	at java.util.concurrent.FutureTask.run(FutureTask.java:266)
	at java.util.concurrent.Executors$RunnableAdapter.call(Executors.java:511)
	at java.util.concurrent.FutureTask.run(FutureTask.java:266)
	at java.util.concurrent.ThreadPoolExecutor.runWorker(ThreadPoolExecutor.java:1149)
	at java.util.concurrent.ThreadPoolExecutor$Worker.run(ThreadPoolExecutor.java:624)
	... 1 more
Caused by: org.apache.ratis.thirdparty.io.netty.channel.AbstractChannel$AnnotatedConnectException: Connection refused: /192.168.164.236:34677
	at sun.nio.ch.SocketChannelImpl.checkConnect(Native Method)
	at sun.nio.ch.SocketChannelImpl.finishConnect(SocketChannelImpl.java:717)
	at org.apache.ratis.thirdparty.io.netty.channel.socket.nio.NioSocketChannel.doFinishConnect(NioSocketChannel.java:327)
	at org.apache.ratis.thirdparty.io.netty.channel.nio.AbstractNioChannel$AbstractNioUnsafe.finishConnect(AbstractNioChannel.java:340)
	at org.apache.ratis.thirdparty.io.netty.channel.nio.NioEventLoop.processSelectedKey(NioEventLoop.java:632)
	at org.apache.ratis.thirdparty.io.netty.channel.nio.NioEventLoop.processSelectedKeysOptimized(NioEventLoop.java:579)
	at org.apache.ratis.thirdparty.io.netty.channel.nio.NioEventLoop.processSelectedKeys(NioEventLoop.java:496)
	at org.apache.ratis.thirdparty.io.netty.channel.nio.NioEventLoop.run(NioEventLoop.java:458)
	at org.apache.ratis.thirdparty.io.netty.util.concurrent.SingleThreadEventExecutor$5.run(SingleThreadEventExecutor.java:897)
	at org.apache.ratis.thirdparty.io.netty.util.concurrent.FastThreadLocalRunnable.run(FastThreadLocalRunnable.java:30)
	... 1 more
Caused by: java.net.ConnectException: Connection refused
	... 11 more
2019-11-12 23:39:27,943 [bf4ebe41-a6c2-4458-a321-fc167af3521b@group-296741F00278-LeaderElection187] INFO  impl.LeaderElection (LeaderElection.java:logAndReturn(56)) - bf4ebe41-a6c2-4458-a321-fc167af3521b@group-296741F00278-LeaderElection187: Election REJECTED; received 0 response(s) [] and 2 exception(s); bf4ebe41-a6c2-4458-a321-fc167af3521b@group-296741F00278:t3, leader=null, voted=bf4ebe41-a6c2-4458-a321-fc167af3521b, raftlog=bf4ebe41-a6c2-4458-a321-fc167af3521b@group-296741F00278-SegmentedRaftLog:OPENED:c0,f0,i0, conf=0: [0cfa4e5a-af9b-49e5-b2c2-1a2dc6cf0616:192.168.164.236:41598, 2cdd6ea3-e978-43ee-a05f-f9ece739edb4:192.168.164.236:34677, bf4ebe41-a6c2-4458-a321-fc167af3521b:192.168.164.236:39425], old=null
2019-11-12 23:39:27,943 [bf4ebe41-a6c2-4458-a321-fc167af3521b@group-296741F00278-LeaderElection187] INFO  impl.LeaderElection (LogUtils.java:infoOrTrace(149)) -   Exception 0: {}
java.util.concurrent.ExecutionException: org.apache.ratis.thirdparty.io.grpc.StatusRuntimeException: UNAVAILABLE: io exception
	at java.util.concurrent.FutureTask.report(FutureTask.java:122)
	at java.util.concurrent.FutureTask.get(FutureTask.java:192)
	at org.apache.ratis.server.impl.LeaderElection.waitForResults(LeaderElection.java:259)
	at org.apache.ratis.server.impl.LeaderElection.askForVotes(LeaderElection.java:197)
	at org.apache.ratis.server.impl.LeaderElection.run(LeaderElection.java:133)
	at java.lang.Thread.run(Thread.java:748)
Caused by: org.apache.ratis.thirdparty.io.grpc.StatusRuntimeException: UNAVAILABLE: io exception
	at org.apache.ratis.thirdparty.io.grpc.stub.ClientCalls.toStatusRuntimeException(ClientCalls.java:233)
	at org.apache.ratis.thirdparty.io.grpc.stub.ClientCalls.getUnchecked(ClientCalls.java:214)
	at org.apache.ratis.thirdparty.io.grpc.stub.ClientCalls.blockingUnaryCall(ClientCalls.java:139)
	at org.apache.ratis.proto.grpc.RaftServerProtocolServiceGrpc$RaftServerProtocolServiceBlockingStub.requestVote(RaftServerProtocolServiceGrpc.java:265)
	at org.apache.ratis.grpc.server.GrpcServerProtocolClient.requestVote(GrpcServerProtocolClient.java:99)
	at org.apache.ratis.grpc.server.GrpcService.requestVote(GrpcService.java:204)
	at org.apache.ratis.server.impl.LeaderElection.lambda$submitRequests$1(LeaderElection.java:234)
	at java.util.concurrent.FutureTask.run(FutureTask.java:266)
	at java.util.concurrent.Executors$RunnableAdapter.call(Executors.java:511)
	at java.util.concurrent.FutureTask.run(FutureTask.java:266)
	at java.util.concurrent.ThreadPoolExecutor.runWorker(ThreadPoolExecutor.java:1149)
	at java.util.concurrent.ThreadPoolExecutor$Worker.run(ThreadPoolExecutor.java:624)
	... 1 more
Caused by: org.apache.ratis.thirdparty.io.netty.channel.AbstractChannel$AnnotatedConnectException: Connection refused: /192.168.164.236:41598
	at sun.nio.ch.SocketChannelImpl.checkConnect(Native Method)
	at sun.nio.ch.SocketChannelImpl.finishConnect(SocketChannelImpl.java:717)
	at org.apache.ratis.thirdparty.io.netty.channel.socket.nio.NioSocketChannel.doFinishConnect(NioSocketChannel.java:327)
	at org.apache.ratis.thirdparty.io.netty.channel.nio.AbstractNioChannel$AbstractNioUnsafe.finishConnect(AbstractNioChannel.java:340)
	at org.apache.ratis.thirdparty.io.netty.channel.nio.NioEventLoop.processSelectedKey(NioEventLoop.java:632)
	at org.apache.ratis.thirdparty.io.netty.channel.nio.NioEventLoop.processSelectedKeysOptimized(NioEventLoop.java:579)
	at org.apache.ratis.thirdparty.io.netty.channel.nio.NioEventLoop.processSelectedKeys(NioEventLoop.java:496)
	at org.apache.ratis.thirdparty.io.netty.channel.nio.NioEventLoop.run(NioEventLoop.java:458)
	at org.apache.ratis.thirdparty.io.netty.util.concurrent.SingleThreadEventExecutor$5.run(SingleThreadEventExecutor.java:897)
	at org.apache.ratis.thirdparty.io.netty.util.concurrent.FastThreadLocalRunnable.run(FastThreadLocalRunnable.java:30)
	... 1 more
Caused by: java.net.ConnectException: Connection refused
	... 11 more
2019-11-12 23:39:27,944 [bf4ebe41-a6c2-4458-a321-fc167af3521b@group-296741F00278-LeaderElection187] INFO  impl.LeaderElection (LogUtils.java:infoOrTrace(149)) -   Exception 1: {}
java.util.concurrent.ExecutionException: org.apache.ratis.thirdparty.io.grpc.StatusRuntimeException: UNAVAILABLE: io exception
	at java.util.concurrent.FutureTask.report(FutureTask.java:122)
	at java.util.concurrent.FutureTask.get(FutureTask.java:192)
	at org.apache.ratis.server.impl.LeaderElection.waitForResults(LeaderElection.java:259)
	at org.apache.ratis.server.impl.LeaderElection.askForVotes(LeaderElection.java:197)
	at org.apache.ratis.server.impl.LeaderElection.run(LeaderElection.java:133)
	at java.lang.Thread.run(Thread.java:748)
Caused by: org.apache.ratis.thirdparty.io.grpc.StatusRuntimeException: UNAVAILABLE: io exception
	at org.apache.ratis.thirdparty.io.grpc.stub.ClientCalls.toStatusRuntimeException(ClientCalls.java:233)
	at org.apache.ratis.thirdparty.io.grpc.stub.ClientCalls.getUnchecked(ClientCalls.java:214)
	at org.apache.ratis.thirdparty.io.grpc.stub.ClientCalls.blockingUnaryCall(ClientCalls.java:139)
	at org.apache.ratis.proto.grpc.RaftServerProtocolServiceGrpc$RaftServerProtocolServiceBlockingStub.requestVote(RaftServerProtocolServiceGrpc.java:265)
	at org.apache.ratis.grpc.server.GrpcServerProtocolClient.requestVote(GrpcServerProtocolClient.java:99)
	at org.apache.ratis.grpc.server.GrpcService.requestVote(GrpcService.java:204)
	at org.apache.ratis.server.impl.LeaderElection.lambda$submitRequests$1(LeaderElection.java:234)
	at java.util.concurrent.FutureTask.run(FutureTask.java:266)
	at java.util.concurrent.Executors$RunnableAdapter.call(Executors.java:511)
	at java.util.concurrent.FutureTask.run(FutureTask.java:266)
	at java.util.concurrent.ThreadPoolExecutor.runWorker(ThreadPoolExecutor.java:1149)
	at java.util.concurrent.ThreadPoolExecutor$Worker.run(ThreadPoolExecutor.java:624)
	... 1 more
Caused by: org.apache.ratis.thirdparty.io.netty.channel.AbstractChannel$AnnotatedConnectException: Connection refused: /192.168.164.236:34677
	at sun.nio.ch.SocketChannelImpl.checkConnect(Native Method)
	at sun.nio.ch.SocketChannelImpl.finishConnect(SocketChannelImpl.java:717)
	at org.apache.ratis.thirdparty.io.netty.channel.socket.nio.NioSocketChannel.doFinishConnect(NioSocketChannel.java:327)
	at org.apache.ratis.thirdparty.io.netty.channel.nio.AbstractNioChannel$AbstractNioUnsafe.finishConnect(AbstractNioChannel.java:340)
	at org.apache.ratis.thirdparty.io.netty.channel.nio.NioEventLoop.processSelectedKey(NioEventLoop.java:632)
	at org.apache.ratis.thirdparty.io.netty.channel.nio.NioEventLoop.processSelectedKeysOptimized(NioEventLoop.java:579)
	at org.apache.ratis.thirdparty.io.netty.channel.nio.NioEventLoop.processSelectedKeys(NioEventLoop.java:496)
	at org.apache.ratis.thirdparty.io.netty.channel.nio.NioEventLoop.run(NioEventLoop.java:458)
	at org.apache.ratis.thirdparty.io.netty.util.concurrent.SingleThreadEventExecutor$5.run(SingleThreadEventExecutor.java:897)
	at org.apache.ratis.thirdparty.io.netty.util.concurrent.FastThreadLocalRunnable.run(FastThreadLocalRunnable.java:30)
	... 1 more
Caused by: java.net.ConnectException: Connection refused
	... 11 more
2019-11-12 23:39:27,944 [bf4ebe41-a6c2-4458-a321-fc167af3521b@group-296741F00278-LeaderElection187] INFO  impl.RaftServerImpl (RaftServerImpl.java:setRole(173)) - bf4ebe41-a6c2-4458-a321-fc167af3521b@group-296741F00278: changes role from CANDIDATE to FOLLOWER at term 3 for DISCOVERED_A_NEW_TERM
2019-11-12 23:39:27,944 [bf4ebe41-a6c2-4458-a321-fc167af3521b@group-296741F00278-LeaderElection187] INFO  impl.RoleInfo (RoleInfo.java:shutdownLeaderElection(134)) - bf4ebe41-a6c2-4458-a321-fc167af3521b: shutdown LeaderElection
2019-11-12 23:39:27,944 [bf4ebe41-a6c2-4458-a321-fc167af3521b@group-296741F00278-LeaderElection187] INFO  impl.RoleInfo (RoleInfo.java:updateAndGet(143)) - bf4ebe41-a6c2-4458-a321-fc167af3521b: start FollowerState
2019-11-12 23:39:28,043 [Thread-4370] INFO  impl.FollowerState (FollowerState.java:run(111)) - 568551cc-7cda-4cdf-9ff0-2cea755fc381@group-959D08EB2AC8-FollowerState: change to CANDIDATE, lastRpcTime:1163ms, electionTimeout:1163ms
2019-11-12 23:39:28,043 [Thread-4370] INFO  impl.RoleInfo (RoleInfo.java:shutdownFollowerState(121)) - 568551cc-7cda-4cdf-9ff0-2cea755fc381: shutdown FollowerState
2019-11-12 23:39:28,043 [Thread-4370] INFO  impl.RaftServerImpl (RaftServerImpl.java:setRole(173)) - 568551cc-7cda-4cdf-9ff0-2cea755fc381@group-959D08EB2AC8: changes role from  FOLLOWER to CANDIDATE at term 3 for changeToCandidate
2019-11-12 23:39:28,044 [Thread-4370] INFO  impl.RoleInfo (RoleInfo.java:updateAndGet(143)) - 568551cc-7cda-4cdf-9ff0-2cea755fc381: start LeaderElection
2019-11-12 23:39:28,079 [568551cc-7cda-4cdf-9ff0-2cea755fc381@group-959D08EB2AC8-LeaderElection188] INFO  impl.LeaderElection (LeaderElection.java:askForVotes(178)) - 568551cc-7cda-4cdf-9ff0-2cea755fc381@group-959D08EB2AC8-LeaderElection188: begin an election at term 4 for 1: [e78e490f-dcb2-4ec6-aeec-6e1e9400be8d:192.168.164.236:41531, 568551cc-7cda-4cdf-9ff0-2cea755fc381:192.168.164.236:38434, 7c2b8f83-a523-49c2-afdc-9b713bfd472f:192.168.164.236:43042], old=null
2019-11-12 23:39:28,092 [568551cc-7cda-4cdf-9ff0-2cea755fc381@group-959D08EB2AC8-LeaderElection188] INFO  impl.LeaderElection (LogUtils.java:infoOrTrace(149)) - 568551cc-7cda-4cdf-9ff0-2cea755fc381@group-959D08EB2AC8-LeaderElection188 got exception when requesting votes: {}
java.util.concurrent.ExecutionException: org.apache.ratis.thirdparty.io.grpc.StatusRuntimeException: UNAVAILABLE: io exception
	at java.util.concurrent.FutureTask.report(FutureTask.java:122)
	at java.util.concurrent.FutureTask.get(FutureTask.java:192)
	at org.apache.ratis.server.impl.LeaderElection.waitForResults(LeaderElection.java:259)
	at org.apache.ratis.server.impl.LeaderElection.askForVotes(LeaderElection.java:197)
	at org.apache.ratis.server.impl.LeaderElection.run(LeaderElection.java:133)
	at java.lang.Thread.run(Thread.java:748)
Caused by: org.apache.ratis.thirdparty.io.grpc.StatusRuntimeException: UNAVAILABLE: io exception
	at org.apache.ratis.thirdparty.io.grpc.stub.ClientCalls.toStatusRuntimeException(ClientCalls.java:233)
	at org.apache.ratis.thirdparty.io.grpc.stub.ClientCalls.getUnchecked(ClientCalls.java:214)
	at org.apache.ratis.thirdparty.io.grpc.stub.ClientCalls.blockingUnaryCall(ClientCalls.java:139)
	at org.apache.ratis.proto.grpc.RaftServerProtocolServiceGrpc$RaftServerProtocolServiceBlockingStub.requestVote(RaftServerProtocolServiceGrpc.java:265)
	at org.apache.ratis.grpc.server.GrpcServerProtocolClient.requestVote(GrpcServerProtocolClient.java:99)
	at org.apache.ratis.grpc.server.GrpcService.requestVote(GrpcService.java:204)
	at org.apache.ratis.server.impl.LeaderElection.lambda$submitRequests$1(LeaderElection.java:234)
	at java.util.concurrent.FutureTask.run(FutureTask.java:266)
	at java.util.concurrent.Executors$RunnableAdapter.call(Executors.java:511)
	at java.util.concurrent.FutureTask.run(FutureTask.java:266)
	at java.util.concurrent.ThreadPoolExecutor.runWorker(ThreadPoolExecutor.java:1149)
	at java.util.concurrent.ThreadPoolExecutor$Worker.run(ThreadPoolExecutor.java:624)
	... 1 more
Caused by: org.apache.ratis.thirdparty.io.netty.channel.AbstractChannel$AnnotatedConnectException: Connection refused: /192.168.164.236:43042
	at sun.nio.ch.SocketChannelImpl.checkConnect(Native Method)
	at sun.nio.ch.SocketChannelImpl.finishConnect(SocketChannelImpl.java:717)
	at org.apache.ratis.thirdparty.io.netty.channel.socket.nio.NioSocketChannel.doFinishConnect(NioSocketChannel.java:327)
	at org.apache.ratis.thirdparty.io.netty.channel.nio.AbstractNioChannel$AbstractNioUnsafe.finishConnect(AbstractNioChannel.java:340)
	at org.apache.ratis.thirdparty.io.netty.channel.nio.NioEventLoop.processSelectedKey(NioEventLoop.java:632)
	at org.apache.ratis.thirdparty.io.netty.channel.nio.NioEventLoop.processSelectedKeysOptimized(NioEventLoop.java:579)
	at org.apache.ratis.thirdparty.io.netty.channel.nio.NioEventLoop.processSelectedKeys(NioEventLoop.java:496)
	at org.apache.ratis.thirdparty.io.netty.channel.nio.NioEventLoop.run(NioEventLoop.java:458)
	at org.apache.ratis.thirdparty.io.netty.util.concurrent.SingleThreadEventExecutor$5.run(SingleThreadEventExecutor.java:897)
	at org.apache.ratis.thirdparty.io.netty.util.concurrent.FastThreadLocalRunnable.run(FastThreadLocalRunnable.java:30)
	... 1 more
Caused by: java.net.ConnectException: Connection refused
	... 11 more
2019-11-12 23:39:28,093 [568551cc-7cda-4cdf-9ff0-2cea755fc381@group-959D08EB2AC8-LeaderElection188] INFO  impl.LeaderElection (LogUtils.java:infoOrTrace(149)) - 568551cc-7cda-4cdf-9ff0-2cea755fc381@group-959D08EB2AC8-LeaderElection188 got exception when requesting votes: {}
java.util.concurrent.ExecutionException: org.apache.ratis.thirdparty.io.grpc.StatusRuntimeException: UNAVAILABLE: io exception
	at java.util.concurrent.FutureTask.report(FutureTask.java:122)
	at java.util.concurrent.FutureTask.get(FutureTask.java:192)
	at org.apache.ratis.server.impl.LeaderElection.waitForResults(LeaderElection.java:259)
	at org.apache.ratis.server.impl.LeaderElection.askForVotes(LeaderElection.java:197)
	at org.apache.ratis.server.impl.LeaderElection.run(LeaderElection.java:133)
	at java.lang.Thread.run(Thread.java:748)
Caused by: org.apache.ratis.thirdparty.io.grpc.StatusRuntimeException: UNAVAILABLE: io exception
	at org.apache.ratis.thirdparty.io.grpc.stub.ClientCalls.toStatusRuntimeException(ClientCalls.java:233)
	at org.apache.ratis.thirdparty.io.grpc.stub.ClientCalls.getUnchecked(ClientCalls.java:214)
	at org.apache.ratis.thirdparty.io.grpc.stub.ClientCalls.blockingUnaryCall(ClientCalls.java:139)
	at org.apache.ratis.proto.grpc.RaftServerProtocolServiceGrpc$RaftServerProtocolServiceBlockingStub.requestVote(RaftServerProtocolServiceGrpc.java:265)
	at org.apache.ratis.grpc.server.GrpcServerProtocolClient.requestVote(GrpcServerProtocolClient.java:99)
	at org.apache.ratis.grpc.server.GrpcService.requestVote(GrpcService.java:204)
	at org.apache.ratis.server.impl.LeaderElection.lambda$submitRequests$1(LeaderElection.java:234)
	at java.util.concurrent.FutureTask.run(FutureTask.java:266)
	at java.util.concurrent.Executors$RunnableAdapter.call(Executors.java:511)
	at java.util.concurrent.FutureTask.run(FutureTask.java:266)
	at java.util.concurrent.ThreadPoolExecutor.runWorker(ThreadPoolExecutor.java:1149)
	at java.util.concurrent.ThreadPoolExecutor$Worker.run(ThreadPoolExecutor.java:624)
	... 1 more
Caused by: org.apache.ratis.thirdparty.io.netty.channel.AbstractChannel$AnnotatedConnectException: Connection refused: /192.168.164.236:41531
	at sun.nio.ch.SocketChannelImpl.checkConnect(Native Method)
	at sun.nio.ch.SocketChannelImpl.finishConnect(SocketChannelImpl.java:717)
	at org.apache.ratis.thirdparty.io.netty.channel.socket.nio.NioSocketChannel.doFinishConnect(NioSocketChannel.java:327)
	at org.apache.ratis.thirdparty.io.netty.channel.nio.AbstractNioChannel$AbstractNioUnsafe.finishConnect(AbstractNioChannel.java:340)
	at org.apache.ratis.thirdparty.io.netty.channel.nio.NioEventLoop.processSelectedKey(NioEventLoop.java:632)
	at org.apache.ratis.thirdparty.io.netty.channel.nio.NioEventLoop.processSelectedKeysOptimized(NioEventLoop.java:579)
	at org.apache.ratis.thirdparty.io.netty.channel.nio.NioEventLoop.processSelectedKeys(NioEventLoop.java:496)
	at org.apache.ratis.thirdparty.io.netty.channel.nio.NioEventLoop.run(NioEventLoop.java:458)
	at org.apache.ratis.thirdparty.io.netty.util.concurrent.SingleThreadEventExecutor$5.run(SingleThreadEventExecutor.java:897)
	at org.apache.ratis.thirdparty.io.netty.util.concurrent.FastThreadLocalRunnable.run(FastThreadLocalRunnable.java:30)
	... 1 more
Caused by: java.net.ConnectException: Connection refused
	... 11 more
2019-11-12 23:39:28,093 [568551cc-7cda-4cdf-9ff0-2cea755fc381@group-959D08EB2AC8-LeaderElection188] INFO  impl.LeaderElection (LeaderElection.java:logAndReturn(56)) - 568551cc-7cda-4cdf-9ff0-2cea755fc381@group-959D08EB2AC8-LeaderElection188: Election REJECTED; received 0 response(s) [] and 2 exception(s); 568551cc-7cda-4cdf-9ff0-2cea755fc381@group-959D08EB2AC8:t4, leader=null, voted=568551cc-7cda-4cdf-9ff0-2cea755fc381, raftlog=568551cc-7cda-4cdf-9ff0-2cea755fc381@group-959D08EB2AC8-SegmentedRaftLog:OPENED:c2,f2,i2, conf=1: [e78e490f-dcb2-4ec6-aeec-6e1e9400be8d:192.168.164.236:41531, 568551cc-7cda-4cdf-9ff0-2cea755fc381:192.168.164.236:38434, 7c2b8f83-a523-49c2-afdc-9b713bfd472f:192.168.164.236:43042], old=null
2019-11-12 23:39:28,094 [568551cc-7cda-4cdf-9ff0-2cea755fc381@group-959D08EB2AC8-LeaderElection188] INFO  impl.LeaderElection (LogUtils.java:infoOrTrace(149)) -   Exception 0: {}
java.util.concurrent.ExecutionException: org.apache.ratis.thirdparty.io.grpc.StatusRuntimeException: UNAVAILABLE: io exception
	at java.util.concurrent.FutureTask.report(FutureTask.java:122)
	at java.util.concurrent.FutureTask.get(FutureTask.java:192)
	at org.apache.ratis.server.impl.LeaderElection.waitForResults(LeaderElection.java:259)
	at org.apache.ratis.server.impl.LeaderElection.askForVotes(LeaderElection.java:197)
	at org.apache.ratis.server.impl.LeaderElection.run(LeaderElection.java:133)
	at java.lang.Thread.run(Thread.java:748)
Caused by: org.apache.ratis.thirdparty.io.grpc.StatusRuntimeException: UNAVAILABLE: io exception
	at org.apache.ratis.thirdparty.io.grpc.stub.ClientCalls.toStatusRuntimeException(ClientCalls.java:233)
	at org.apache.ratis.thirdparty.io.grpc.stub.ClientCalls.getUnchecked(ClientCalls.java:214)
	at org.apache.ratis.thirdparty.io.grpc.stub.ClientCalls.blockingUnaryCall(ClientCalls.java:139)
	at org.apache.ratis.proto.grpc.RaftServerProtocolServiceGrpc$RaftServerProtocolServiceBlockingStub.requestVote(RaftServerProtocolServiceGrpc.java:265)
	at org.apache.ratis.grpc.server.GrpcServerProtocolClient.requestVote(GrpcServerProtocolClient.java:99)
	at org.apache.ratis.grpc.server.GrpcService.requestVote(GrpcService.java:204)
	at org.apache.ratis.server.impl.LeaderElection.lambda$submitRequests$1(LeaderElection.java:234)
	at java.util.concurrent.FutureTask.run(FutureTask.java:266)
	at java.util.concurrent.Executors$RunnableAdapter.call(Executors.java:511)
	at java.util.concurrent.FutureTask.run(FutureTask.java:266)
	at java.util.concurrent.ThreadPoolExecutor.runWorker(ThreadPoolExecutor.java:1149)
	at java.util.concurrent.ThreadPoolExecutor$Worker.run(ThreadPoolExecutor.java:624)
	... 1 more
Caused by: org.apache.ratis.thirdparty.io.netty.channel.AbstractChannel$AnnotatedConnectException: Connection refused: /192.168.164.236:43042
	at sun.nio.ch.SocketChannelImpl.checkConnect(Native Method)
	at sun.nio.ch.SocketChannelImpl.finishConnect(SocketChannelImpl.java:717)
	at org.apache.ratis.thirdparty.io.netty.channel.socket.nio.NioSocketChannel.doFinishConnect(NioSocketChannel.java:327)
	at org.apache.ratis.thirdparty.io.netty.channel.nio.AbstractNioChannel$AbstractNioUnsafe.finishConnect(AbstractNioChannel.java:340)
	at org.apache.ratis.thirdparty.io.netty.channel.nio.NioEventLoop.processSelectedKey(NioEventLoop.java:632)
	at org.apache.ratis.thirdparty.io.netty.channel.nio.NioEventLoop.processSelectedKeysOptimized(NioEventLoop.java:579)
	at org.apache.ratis.thirdparty.io.netty.channel.nio.NioEventLoop.processSelectedKeys(NioEventLoop.java:496)
	at org.apache.ratis.thirdparty.io.netty.channel.nio.NioEventLoop.run(NioEventLoop.java:458)
	at org.apache.ratis.thirdparty.io.netty.util.concurrent.SingleThreadEventExecutor$5.run(SingleThreadEventExecutor.java:897)
	at org.apache.ratis.thirdparty.io.netty.util.concurrent.FastThreadLocalRunnable.run(FastThreadLocalRunnable.java:30)
	... 1 more
Caused by: java.net.ConnectException: Connection refused
	... 11 more
2019-11-12 23:39:28,094 [568551cc-7cda-4cdf-9ff0-2cea755fc381@group-959D08EB2AC8-LeaderElection188] INFO  impl.LeaderElection (LogUtils.java:infoOrTrace(149)) -   Exception 1: {}
java.util.concurrent.ExecutionException: org.apache.ratis.thirdparty.io.grpc.StatusRuntimeException: UNAVAILABLE: io exception
	at java.util.concurrent.FutureTask.report(FutureTask.java:122)
	at java.util.concurrent.FutureTask.get(FutureTask.java:192)
	at org.apache.ratis.server.impl.LeaderElection.waitForResults(LeaderElection.java:259)
	at org.apache.ratis.server.impl.LeaderElection.askForVotes(LeaderElection.java:197)
	at org.apache.ratis.server.impl.LeaderElection.run(LeaderElection.java:133)
	at java.lang.Thread.run(Thread.java:748)
Caused by: org.apache.ratis.thirdparty.io.grpc.StatusRuntimeException: UNAVAILABLE: io exception
	at org.apache.ratis.thirdparty.io.grpc.stub.ClientCalls.toStatusRuntimeException(ClientCalls.java:233)
	at org.apache.ratis.thirdparty.io.grpc.stub.ClientCalls.getUnchecked(ClientCalls.java:214)
	at org.apache.ratis.thirdparty.io.grpc.stub.ClientCalls.blockingUnaryCall(ClientCalls.java:139)
	at org.apache.ratis.proto.grpc.RaftServerProtocolServiceGrpc$RaftServerProtocolServiceBlockingStub.requestVote(RaftServerProtocolServiceGrpc.java:265)
	at org.apache.ratis.grpc.server.GrpcServerProtocolClient.requestVote(GrpcServerProtocolClient.java:99)
	at org.apache.ratis.grpc.server.GrpcService.requestVote(GrpcService.java:204)
	at org.apache.ratis.server.impl.LeaderElection.lambda$submitRequests$1(LeaderElection.java:234)
	at java.util.concurrent.FutureTask.run(FutureTask.java:266)
	at java.util.concurrent.Executors$RunnableAdapter.call(Executors.java:511)
	at java.util.concurrent.FutureTask.run(FutureTask.java:266)
	at java.util.concurrent.ThreadPoolExecutor.runWorker(ThreadPoolExecutor.java:1149)
	at java.util.concurrent.ThreadPoolExecutor$Worker.run(ThreadPoolExecutor.java:624)
	... 1 more
Caused by: org.apache.ratis.thirdparty.io.netty.channel.AbstractChannel$AnnotatedConnectException: Connection refused: /192.168.164.236:41531
	at sun.nio.ch.SocketChannelImpl.checkConnect(Native Method)
	at sun.nio.ch.SocketChannelImpl.finishConnect(SocketChannelImpl.java:717)
	at org.apache.ratis.thirdparty.io.netty.channel.socket.nio.NioSocketChannel.doFinishConnect(NioSocketChannel.java:327)
	at org.apache.ratis.thirdparty.io.netty.channel.nio.AbstractNioChannel$AbstractNioUnsafe.finishConnect(AbstractNioChannel.java:340)
	at org.apache.ratis.thirdparty.io.netty.channel.nio.NioEventLoop.processSelectedKey(NioEventLoop.java:632)
	at org.apache.ratis.thirdparty.io.netty.channel.nio.NioEventLoop.processSelectedKeysOptimized(NioEventLoop.java:579)
	at org.apache.ratis.thirdparty.io.netty.channel.nio.NioEventLoop.processSelectedKeys(NioEventLoop.java:496)
	at org.apache.ratis.thirdparty.io.netty.channel.nio.NioEventLoop.run(NioEventLoop.java:458)
	at org.apache.ratis.thirdparty.io.netty.util.concurrent.SingleThreadEventExecutor$5.run(SingleThreadEventExecutor.java:897)
	at org.apache.ratis.thirdparty.io.netty.util.concurrent.FastThreadLocalRunnable.run(FastThreadLocalRunnable.java:30)
	... 1 more
Caused by: java.net.ConnectException: Connection refused
	... 11 more
2019-11-12 23:39:28,095 [568551cc-7cda-4cdf-9ff0-2cea755fc381@group-959D08EB2AC8-LeaderElection188] INFO  impl.RaftServerImpl (RaftServerImpl.java:setRole(173)) - 568551cc-7cda-4cdf-9ff0-2cea755fc381@group-959D08EB2AC8: changes role from CANDIDATE to FOLLOWER at term 4 for DISCOVERED_A_NEW_TERM
2019-11-12 23:39:28,095 [568551cc-7cda-4cdf-9ff0-2cea755fc381@group-959D08EB2AC8-LeaderElection188] INFO  impl.RoleInfo (RoleInfo.java:shutdownLeaderElection(134)) - 568551cc-7cda-4cdf-9ff0-2cea755fc381: shutdown LeaderElection
2019-11-12 23:39:28,095 [568551cc-7cda-4cdf-9ff0-2cea755fc381@group-959D08EB2AC8-LeaderElection188] INFO  impl.RoleInfo (RoleInfo.java:updateAndGet(143)) - 568551cc-7cda-4cdf-9ff0-2cea755fc381: start FollowerState
2019-11-12 23:39:28,413 [grpc-default-executor-6] WARN  server.GrpcLogAppender (LogUtils.java:warn(134)) - 1f658cad-a8c7-4c86-bbeb-2b40079268d7@group-52F5F982BB9D->98dbddad-cff4-4f87-9188-db1d76df9501-AppendLogResponseHandler: Failed appendEntries: org.apache.ratis.thirdparty.io.grpc.StatusRuntimeException: UNAVAILABLE: io exception
2019-11-12 23:39:28,413 [grpc-default-executor-6] INFO  impl.FollowerInfo (FollowerInfo.java:lambda$new$0(51)) - 1f658cad-a8c7-4c86-bbeb-2b40079268d7@group-52F5F982BB9D->98dbddad-cff4-4f87-9188-db1d76df9501: nextIndex: updateUnconditionally 0 -> 0
2019-11-12 23:39:28,913 [grpc-default-executor-6] WARN  server.GrpcLogAppender (LogUtils.java:warn(134)) - 1f658cad-a8c7-4c86-bbeb-2b40079268d7@group-52F5F982BB9D->98dbddad-cff4-4f87-9188-db1d76df9501-AppendLogResponseHandler: Failed appendEntries: org.apache.ratis.thirdparty.io.grpc.StatusRuntimeException: UNAVAILABLE: io exception
2019-11-12 23:39:28,914 [grpc-default-executor-6] INFO  impl.FollowerInfo (FollowerInfo.java:lambda$new$0(51)) - 1f658cad-a8c7-4c86-bbeb-2b40079268d7@group-52F5F982BB9D->98dbddad-cff4-4f87-9188-db1d76df9501: nextIndex: updateUnconditionally 0 -> 0
2019-11-12 23:39:29,012 [Thread-4381] INFO  impl.FollowerState (FollowerState.java:run(111)) - bf4ebe41-a6c2-4458-a321-fc167af3521b@group-296741F00278-FollowerState: change to CANDIDATE, lastRpcTime:1067ms, electionTimeout:1067ms
2019-11-12 23:39:29,012 [Thread-4381] INFO  impl.RoleInfo (RoleInfo.java:shutdownFollowerState(121)) - bf4ebe41-a6c2-4458-a321-fc167af3521b: shutdown FollowerState
2019-11-12 23:39:29,012 [Thread-4381] INFO  impl.RaftServerImpl (RaftServerImpl.java:setRole(173)) - bf4ebe41-a6c2-4458-a321-fc167af3521b@group-296741F00278: changes role from  FOLLOWER to CANDIDATE at term 3 for changeToCandidate
2019-11-12 23:39:29,012 [Thread-4381] INFO  impl.RoleInfo (RoleInfo.java:updateAndGet(143)) - bf4ebe41-a6c2-4458-a321-fc167af3521b: start LeaderElection
2019-11-12 23:39:29,027 [bf4ebe41-a6c2-4458-a321-fc167af3521b@group-296741F00278-LeaderElection189] INFO  impl.LeaderElection (LeaderElection.java:askForVotes(178)) - bf4ebe41-a6c2-4458-a321-fc167af3521b@group-296741F00278-LeaderElection189: begin an election at term 4 for 0: [0cfa4e5a-af9b-49e5-b2c2-1a2dc6cf0616:192.168.164.236:41598, 2cdd6ea3-e978-43ee-a05f-f9ece739edb4:192.168.164.236:34677, bf4ebe41-a6c2-4458-a321-fc167af3521b:192.168.164.236:39425], old=null
2019-11-12 23:39:29,028 [bf4ebe41-a6c2-4458-a321-fc167af3521b@group-296741F00278-LeaderElection189] INFO  impl.LeaderElection (LogUtils.java:infoOrTrace(149)) - bf4ebe41-a6c2-4458-a321-fc167af3521b@group-296741F00278-LeaderElection189 got exception when requesting votes: {}
java.util.concurrent.ExecutionException: org.apache.ratis.thirdparty.io.grpc.StatusRuntimeException: UNAVAILABLE: io exception
	at java.util.concurrent.FutureTask.report(FutureTask.java:122)
	at java.util.concurrent.FutureTask.get(FutureTask.java:192)
	at org.apache.ratis.server.impl.LeaderElection.waitForResults(LeaderElection.java:259)
	at org.apache.ratis.server.impl.LeaderElection.askForVotes(LeaderElection.java:197)
	at org.apache.ratis.server.impl.LeaderElection.run(LeaderElection.java:133)
	at java.lang.Thread.run(Thread.java:748)
Caused by: org.apache.ratis.thirdparty.io.grpc.StatusRuntimeException: UNAVAILABLE: io exception
	at org.apache.ratis.thirdparty.io.grpc.stub.ClientCalls.toStatusRuntimeException(ClientCalls.java:233)
	at org.apache.ratis.thirdparty.io.grpc.stub.ClientCalls.getUnchecked(ClientCalls.java:214)
	at org.apache.ratis.thirdparty.io.grpc.stub.ClientCalls.blockingUnaryCall(ClientCalls.java:139)
	at org.apache.ratis.proto.grpc.RaftServerProtocolServiceGrpc$RaftServerProtocolServiceBlockingStub.requestVote(RaftServerProtocolServiceGrpc.java:265)
	at org.apache.ratis.grpc.server.GrpcServerProtocolClient.requestVote(GrpcServerProtocolClient.java:99)
	at org.apache.ratis.grpc.server.GrpcService.requestVote(GrpcService.java:204)
	at org.apache.ratis.server.impl.LeaderElection.lambda$submitRequests$1(LeaderElection.java:234)
	at java.util.concurrent.FutureTask.run(FutureTask.java:266)
	at java.util.concurrent.Executors$RunnableAdapter.call(Executors.java:511)
	at java.util.concurrent.FutureTask.run(FutureTask.java:266)
	at java.util.concurrent.ThreadPoolExecutor.runWorker(ThreadPoolExecutor.java:1149)
	at java.util.concurrent.ThreadPoolExecutor$Worker.run(ThreadPoolExecutor.java:624)
	... 1 more
Caused by: org.apache.ratis.thirdparty.io.netty.channel.AbstractChannel$AnnotatedConnectException: Connection refused: /192.168.164.236:41598
	at sun.nio.ch.SocketChannelImpl.checkConnect(Native Method)
	at sun.nio.ch.SocketChannelImpl.finishConnect(SocketChannelImpl.java:717)
	at org.apache.ratis.thirdparty.io.netty.channel.socket.nio.NioSocketChannel.doFinishConnect(NioSocketChannel.java:327)
	at org.apache.ratis.thirdparty.io.netty.channel.nio.AbstractNioChannel$AbstractNioUnsafe.finishConnect(AbstractNioChannel.java:340)
	at org.apache.ratis.thirdparty.io.netty.channel.nio.NioEventLoop.processSelectedKey(NioEventLoop.java:632)
	at org.apache.ratis.thirdparty.io.netty.channel.nio.NioEventLoop.processSelectedKeysOptimized(NioEventLoop.java:579)
	at org.apache.ratis.thirdparty.io.netty.channel.nio.NioEventLoop.processSelectedKeys(NioEventLoop.java:496)
	at org.apache.ratis.thirdparty.io.netty.channel.nio.NioEventLoop.run(NioEventLoop.java:458)
	at org.apache.ratis.thirdparty.io.netty.util.concurrent.SingleThreadEventExecutor$5.run(SingleThreadEventExecutor.java:897)
	at org.apache.ratis.thirdparty.io.netty.util.concurrent.FastThreadLocalRunnable.run(FastThreadLocalRunnable.java:30)
	... 1 more
Caused by: java.net.ConnectException: Connection refused
	... 11 more
2019-11-12 23:39:29,029 [bf4ebe41-a6c2-4458-a321-fc167af3521b@group-296741F00278-LeaderElection189] INFO  impl.LeaderElection (LogUtils.java:infoOrTrace(149)) - bf4ebe41-a6c2-4458-a321-fc167af3521b@group-296741F00278-LeaderElection189 got exception when requesting votes: {}
java.util.concurrent.ExecutionException: org.apache.ratis.thirdparty.io.grpc.StatusRuntimeException: UNAVAILABLE: io exception
	at java.util.concurrent.FutureTask.report(FutureTask.java:122)
	at java.util.concurrent.FutureTask.get(FutureTask.java:192)
	at org.apache.ratis.server.impl.LeaderElection.waitForResults(LeaderElection.java:259)
	at org.apache.ratis.server.impl.LeaderElection.askForVotes(LeaderElection.java:197)
	at org.apache.ratis.server.impl.LeaderElection.run(LeaderElection.java:133)
	at java.lang.Thread.run(Thread.java:748)
Caused by: org.apache.ratis.thirdparty.io.grpc.StatusRuntimeException: UNAVAILABLE: io exception
	at org.apache.ratis.thirdparty.io.grpc.stub.ClientCalls.toStatusRuntimeException(ClientCalls.java:233)
	at org.apache.ratis.thirdparty.io.grpc.stub.ClientCalls.getUnchecked(ClientCalls.java:214)
	at org.apache.ratis.thirdparty.io.grpc.stub.ClientCalls.blockingUnaryCall(ClientCalls.java:139)
	at org.apache.ratis.proto.grpc.RaftServerProtocolServiceGrpc$RaftServerProtocolServiceBlockingStub.requestVote(RaftServerProtocolServiceGrpc.java:265)
	at org.apache.ratis.grpc.server.GrpcServerProtocolClient.requestVote(GrpcServerProtocolClient.java:99)
	at org.apache.ratis.grpc.server.GrpcService.requestVote(GrpcService.java:204)
	at org.apache.ratis.server.impl.LeaderElection.lambda$submitRequests$1(LeaderElection.java:234)
	at java.util.concurrent.FutureTask.run(FutureTask.java:266)
	at java.util.concurrent.Executors$RunnableAdapter.call(Executors.java:511)
	at java.util.concurrent.FutureTask.run(FutureTask.java:266)
	at java.util.concurrent.ThreadPoolExecutor.runWorker(ThreadPoolExecutor.java:1149)
	at java.util.concurrent.ThreadPoolExecutor$Worker.run(ThreadPoolExecutor.java:624)
	... 1 more
Caused by: org.apache.ratis.thirdparty.io.netty.channel.AbstractChannel$AnnotatedConnectException: Connection refused: /192.168.164.236:34677
	at sun.nio.ch.SocketChannelImpl.checkConnect(Native Method)
	at sun.nio.ch.SocketChannelImpl.finishConnect(SocketChannelImpl.java:717)
	at org.apache.ratis.thirdparty.io.netty.channel.socket.nio.NioSocketChannel.doFinishConnect(NioSocketChannel.java:327)
	at org.apache.ratis.thirdparty.io.netty.channel.nio.AbstractNioChannel$AbstractNioUnsafe.finishConnect(AbstractNioChannel.java:340)
	at org.apache.ratis.thirdparty.io.netty.channel.nio.NioEventLoop.processSelectedKey(NioEventLoop.java:632)
	at org.apache.ratis.thirdparty.io.netty.channel.nio.NioEventLoop.processSelectedKeysOptimized(NioEventLoop.java:579)
	at org.apache.ratis.thirdparty.io.netty.channel.nio.NioEventLoop.processSelectedKeys(NioEventLoop.java:496)
	at org.apache.ratis.thirdparty.io.netty.channel.nio.NioEventLoop.run(NioEventLoop.java:458)
	at org.apache.ratis.thirdparty.io.netty.util.concurrent.SingleThreadEventExecutor$5.run(SingleThreadEventExecutor.java:897)
	at org.apache.ratis.thirdparty.io.netty.util.concurrent.FastThreadLocalRunnable.run(FastThreadLocalRunnable.java:30)
	... 1 more
Caused by: java.net.ConnectException: Connection refused
	... 11 more
2019-11-12 23:39:29,030 [bf4ebe41-a6c2-4458-a321-fc167af3521b@group-296741F00278-LeaderElection189] INFO  impl.LeaderElection (LeaderElection.java:logAndReturn(56)) - bf4ebe41-a6c2-4458-a321-fc167af3521b@group-296741F00278-LeaderElection189: Election REJECTED; received 0 response(s) [] and 2 exception(s); bf4ebe41-a6c2-4458-a321-fc167af3521b@group-296741F00278:t4, leader=null, voted=bf4ebe41-a6c2-4458-a321-fc167af3521b, raftlog=bf4ebe41-a6c2-4458-a321-fc167af3521b@group-296741F00278-SegmentedRaftLog:OPENED:c0,f0,i0, conf=0: [0cfa4e5a-af9b-49e5-b2c2-1a2dc6cf0616:192.168.164.236:41598, 2cdd6ea3-e978-43ee-a05f-f9ece739edb4:192.168.164.236:34677, bf4ebe41-a6c2-4458-a321-fc167af3521b:192.168.164.236:39425], old=null
2019-11-12 23:39:29,030 [bf4ebe41-a6c2-4458-a321-fc167af3521b@group-296741F00278-LeaderElection189] INFO  impl.LeaderElection (LogUtils.java:infoOrTrace(149)) -   Exception 0: {}
java.util.concurrent.ExecutionException: org.apache.ratis.thirdparty.io.grpc.StatusRuntimeException: UNAVAILABLE: io exception
	at java.util.concurrent.FutureTask.report(FutureTask.java:122)
	at java.util.concurrent.FutureTask.get(FutureTask.java:192)
	at org.apache.ratis.server.impl.LeaderElection.waitForResults(LeaderElection.java:259)
	at org.apache.ratis.server.impl.LeaderElection.askForVotes(LeaderElection.java:197)
	at org.apache.ratis.server.impl.LeaderElection.run(LeaderElection.java:133)
	at java.lang.Thread.run(Thread.java:748)
Caused by: org.apache.ratis.thirdparty.io.grpc.StatusRuntimeException: UNAVAILABLE: io exception
	at org.apache.ratis.thirdparty.io.grpc.stub.ClientCalls.toStatusRuntimeException(ClientCalls.java:233)
	at org.apache.ratis.thirdparty.io.grpc.stub.ClientCalls.getUnchecked(ClientCalls.java:214)
	at org.apache.ratis.thirdparty.io.grpc.stub.ClientCalls.blockingUnaryCall(ClientCalls.java:139)
	at org.apache.ratis.proto.grpc.RaftServerProtocolServiceGrpc$RaftServerProtocolServiceBlockingStub.requestVote(RaftServerProtocolServiceGrpc.java:265)
	at org.apache.ratis.grpc.server.GrpcServerProtocolClient.requestVote(GrpcServerProtocolClient.java:99)
	at org.apache.ratis.grpc.server.GrpcService.requestVote(GrpcService.java:204)
	at org.apache.ratis.server.impl.LeaderElection.lambda$submitRequests$1(LeaderElection.java:234)
	at java.util.concurrent.FutureTask.run(FutureTask.java:266)
	at java.util.concurrent.Executors$RunnableAdapter.call(Executors.java:511)
	at java.util.concurrent.FutureTask.run(FutureTask.java:266)
	at java.util.concurrent.ThreadPoolExecutor.runWorker(ThreadPoolExecutor.java:1149)
	at java.util.concurrent.ThreadPoolExecutor$Worker.run(ThreadPoolExecutor.java:624)
	... 1 more
Caused by: org.apache.ratis.thirdparty.io.netty.channel.AbstractChannel$AnnotatedConnectException: Connection refused: /192.168.164.236:41598
	at sun.nio.ch.SocketChannelImpl.checkConnect(Native Method)
	at sun.nio.ch.SocketChannelImpl.finishConnect(SocketChannelImpl.java:717)
	at org.apache.ratis.thirdparty.io.netty.channel.socket.nio.NioSocketChannel.doFinishConnect(NioSocketChannel.java:327)
	at org.apache.ratis.thirdparty.io.netty.channel.nio.AbstractNioChannel$AbstractNioUnsafe.finishConnect(AbstractNioChannel.java:340)
	at org.apache.ratis.thirdparty.io.netty.channel.nio.NioEventLoop.processSelectedKey(NioEventLoop.java:632)
	at org.apache.ratis.thirdparty.io.netty.channel.nio.NioEventLoop.processSelectedKeysOptimized(NioEventLoop.java:579)
	at org.apache.ratis.thirdparty.io.netty.channel.nio.NioEventLoop.processSelectedKeys(NioEventLoop.java:496)
	at org.apache.ratis.thirdparty.io.netty.channel.nio.NioEventLoop.run(NioEventLoop.java:458)
	at org.apache.ratis.thirdparty.io.netty.util.concurrent.SingleThreadEventExecutor$5.run(SingleThreadEventExecutor.java:897)
	at org.apache.ratis.thirdparty.io.netty.util.concurrent.FastThreadLocalRunnable.run(FastThreadLocalRunnable.java:30)
	... 1 more
Caused by: java.net.ConnectException: Connection refused
	... 11 more
2019-11-12 23:39:29,030 [bf4ebe41-a6c2-4458-a321-fc167af3521b@group-296741F00278-LeaderElection189] INFO  impl.LeaderElection (LogUtils.java:infoOrTrace(149)) -   Exception 1: {}
java.util.concurrent.ExecutionException: org.apache.ratis.thirdparty.io.grpc.StatusRuntimeException: UNAVAILABLE: io exception
	at java.util.concurrent.FutureTask.report(FutureTask.java:122)
	at java.util.concurrent.FutureTask.get(FutureTask.java:192)
	at org.apache.ratis.server.impl.LeaderElection.waitForResults(LeaderElection.java:259)
	at org.apache.ratis.server.impl.LeaderElection.askForVotes(LeaderElection.java:197)
	at org.apache.ratis.server.impl.LeaderElection.run(LeaderElection.java:133)
	at java.lang.Thread.run(Thread.java:748)
Caused by: org.apache.ratis.thirdparty.io.grpc.StatusRuntimeException: UNAVAILABLE: io exception
	at org.apache.ratis.thirdparty.io.grpc.stub.ClientCalls.toStatusRuntimeException(ClientCalls.java:233)
	at org.apache.ratis.thirdparty.io.grpc.stub.ClientCalls.getUnchecked(ClientCalls.java:214)
	at org.apache.ratis.thirdparty.io.grpc.stub.ClientCalls.blockingUnaryCall(ClientCalls.java:139)
	at org.apache.ratis.proto.grpc.RaftServerProtocolServiceGrpc$RaftServerProtocolServiceBlockingStub.requestVote(RaftServerProtocolServiceGrpc.java:265)
	at org.apache.ratis.grpc.server.GrpcServerProtocolClient.requestVote(GrpcServerProtocolClient.java:99)
	at org.apache.ratis.grpc.server.GrpcService.requestVote(GrpcService.java:204)
	at org.apache.ratis.server.impl.LeaderElection.lambda$submitRequests$1(LeaderElection.java:234)
	at java.util.concurrent.FutureTask.run(FutureTask.java:266)
	at java.util.concurrent.Executors$RunnableAdapter.call(Executors.java:511)
	at java.util.concurrent.FutureTask.run(FutureTask.java:266)
	at java.util.concurrent.ThreadPoolExecutor.runWorker(ThreadPoolExecutor.java:1149)
	at java.util.concurrent.ThreadPoolExecutor$Worker.run(ThreadPoolExecutor.java:624)
	... 1 more
Caused by: org.apache.ratis.thirdparty.io.netty.channel.AbstractChannel$AnnotatedConnectException: Connection refused: /192.168.164.236:34677
	at sun.nio.ch.SocketChannelImpl.checkConnect(Native Method)
	at sun.nio.ch.SocketChannelImpl.finishConnect(SocketChannelImpl.java:717)
	at org.apache.ratis.thirdparty.io.netty.channel.socket.nio.NioSocketChannel.doFinishConnect(NioSocketChannel.java:327)
	at org.apache.ratis.thirdparty.io.netty.channel.nio.AbstractNioChannel$AbstractNioUnsafe.finishConnect(AbstractNioChannel.java:340)
	at org.apache.ratis.thirdparty.io.netty.channel.nio.NioEventLoop.processSelectedKey(NioEventLoop.java:632)
	at org.apache.ratis.thirdparty.io.netty.channel.nio.NioEventLoop.processSelectedKeysOptimized(NioEventLoop.java:579)
	at org.apache.ratis.thirdparty.io.netty.channel.nio.NioEventLoop.processSelectedKeys(NioEventLoop.java:496)
	at org.apache.ratis.thirdparty.io.netty.channel.nio.NioEventLoop.run(NioEventLoop.java:458)
	at org.apache.ratis.thirdparty.io.netty.util.concurrent.SingleThreadEventExecutor$5.run(SingleThreadEventExecutor.java:897)
	at org.apache.ratis.thirdparty.io.netty.util.concurrent.FastThreadLocalRunnable.run(FastThreadLocalRunnable.java:30)
	... 1 more
Caused by: java.net.ConnectException: Connection refused
	... 11 more
2019-11-12 23:39:29,030 [bf4ebe41-a6c2-4458-a321-fc167af3521b@group-296741F00278-LeaderElection189] INFO  impl.RaftServerImpl (RaftServerImpl.java:setRole(173)) - bf4ebe41-a6c2-4458-a321-fc167af3521b@group-296741F00278: changes role from CANDIDATE to FOLLOWER at term 4 for DISCOVERED_A_NEW_TERM
2019-11-12 23:39:29,031 [bf4ebe41-a6c2-4458-a321-fc167af3521b@group-296741F00278-LeaderElection189] INFO  impl.RoleInfo (RoleInfo.java:shutdownLeaderElection(134)) - bf4ebe41-a6c2-4458-a321-fc167af3521b: shutdown LeaderElection
2019-11-12 23:39:29,031 [bf4ebe41-a6c2-4458-a321-fc167af3521b@group-296741F00278-LeaderElection189] INFO  impl.RoleInfo (RoleInfo.java:updateAndGet(143)) - bf4ebe41-a6c2-4458-a321-fc167af3521b: start FollowerState
2019-11-12 23:39:29,285 [Thread-4385] INFO  impl.FollowerState (FollowerState.java:run(111)) - 568551cc-7cda-4cdf-9ff0-2cea755fc381@group-959D08EB2AC8-FollowerState: change to CANDIDATE, lastRpcTime:1190ms, electionTimeout:1190ms
2019-11-12 23:39:29,286 [Thread-4385] INFO  impl.RoleInfo (RoleInfo.java:shutdownFollowerState(121)) - 568551cc-7cda-4cdf-9ff0-2cea755fc381: shutdown FollowerState
2019-11-12 23:39:29,286 [Thread-4385] INFO  impl.RaftServerImpl (RaftServerImpl.java:setRole(173)) - 568551cc-7cda-4cdf-9ff0-2cea755fc381@group-959D08EB2AC8: changes role from  FOLLOWER to CANDIDATE at term 4 for changeToCandidate
2019-11-12 23:39:29,286 [Thread-4385] INFO  impl.RoleInfo (RoleInfo.java:updateAndGet(143)) - 568551cc-7cda-4cdf-9ff0-2cea755fc381: start LeaderElection
2019-11-12 23:39:29,300 [568551cc-7cda-4cdf-9ff0-2cea755fc381@group-959D08EB2AC8-LeaderElection190] INFO  impl.LeaderElection (LeaderElection.java:askForVotes(178)) - 568551cc-7cda-4cdf-9ff0-2cea755fc381@group-959D08EB2AC8-LeaderElection190: begin an election at term 5 for 1: [e78e490f-dcb2-4ec6-aeec-6e1e9400be8d:192.168.164.236:41531, 568551cc-7cda-4cdf-9ff0-2cea755fc381:192.168.164.236:38434, 7c2b8f83-a523-49c2-afdc-9b713bfd472f:192.168.164.236:43042], old=null
2019-11-12 23:39:29,301 [568551cc-7cda-4cdf-9ff0-2cea755fc381@group-959D08EB2AC8-LeaderElection190] INFO  impl.LeaderElection (LogUtils.java:infoOrTrace(149)) - 568551cc-7cda-4cdf-9ff0-2cea755fc381@group-959D08EB2AC8-LeaderElection190 got exception when requesting votes: {}
java.util.concurrent.ExecutionException: org.apache.ratis.thirdparty.io.grpc.StatusRuntimeException: UNAVAILABLE: io exception
	at java.util.concurrent.FutureTask.report(FutureTask.java:122)
	at java.util.concurrent.FutureTask.get(FutureTask.java:192)
	at org.apache.ratis.server.impl.LeaderElection.waitForResults(LeaderElection.java:259)
	at org.apache.ratis.server.impl.LeaderElection.askForVotes(LeaderElection.java:197)
	at org.apache.ratis.server.impl.LeaderElection.run(LeaderElection.java:133)
	at java.lang.Thread.run(Thread.java:748)
Caused by: org.apache.ratis.thirdparty.io.grpc.StatusRuntimeException: UNAVAILABLE: io exception
	at org.apache.ratis.thirdparty.io.grpc.stub.ClientCalls.toStatusRuntimeException(ClientCalls.java:233)
	at org.apache.ratis.thirdparty.io.grpc.stub.ClientCalls.getUnchecked(ClientCalls.java:214)
	at org.apache.ratis.thirdparty.io.grpc.stub.ClientCalls.blockingUnaryCall(ClientCalls.java:139)
	at org.apache.ratis.proto.grpc.RaftServerProtocolServiceGrpc$RaftServerProtocolServiceBlockingStub.requestVote(RaftServerProtocolServiceGrpc.java:265)
	at org.apache.ratis.grpc.server.GrpcServerProtocolClient.requestVote(GrpcServerProtocolClient.java:99)
	at org.apache.ratis.grpc.server.GrpcService.requestVote(GrpcService.java:204)
	at org.apache.ratis.server.impl.LeaderElection.lambda$submitRequests$1(LeaderElection.java:234)
	at java.util.concurrent.FutureTask.run(FutureTask.java:266)
	at java.util.concurrent.Executors$RunnableAdapter.call(Executors.java:511)
	at java.util.concurrent.FutureTask.run(FutureTask.java:266)
	at java.util.concurrent.ThreadPoolExecutor.runWorker(ThreadPoolExecutor.java:1149)
	at java.util.concurrent.ThreadPoolExecutor$Worker.run(ThreadPoolExecutor.java:624)
	... 1 more
Caused by: org.apache.ratis.thirdparty.io.netty.channel.AbstractChannel$AnnotatedConnectException: Connection refused: /192.168.164.236:41531
	at sun.nio.ch.SocketChannelImpl.checkConnect(Native Method)
	at sun.nio.ch.SocketChannelImpl.finishConnect(SocketChannelImpl.java:717)
	at org.apache.ratis.thirdparty.io.netty.channel.socket.nio.NioSocketChannel.doFinishConnect(NioSocketChannel.java:327)
	at org.apache.ratis.thirdparty.io.netty.channel.nio.AbstractNioChannel$AbstractNioUnsafe.finishConnect(AbstractNioChannel.java:340)
	at org.apache.ratis.thirdparty.io.netty.channel.nio.NioEventLoop.processSelectedKey(NioEventLoop.java:632)
	at org.apache.ratis.thirdparty.io.netty.channel.nio.NioEventLoop.processSelectedKeysOptimized(NioEventLoop.java:579)
	at org.apache.ratis.thirdparty.io.netty.channel.nio.NioEventLoop.processSelectedKeys(NioEventLoop.java:496)
	at org.apache.ratis.thirdparty.io.netty.channel.nio.NioEventLoop.run(NioEventLoop.java:458)
	at org.apache.ratis.thirdparty.io.netty.util.concurrent.SingleThreadEventExecutor$5.run(SingleThreadEventExecutor.java:897)
	at org.apache.ratis.thirdparty.io.netty.util.concurrent.FastThreadLocalRunnable.run(FastThreadLocalRunnable.java:30)
	... 1 more
Caused by: java.net.ConnectException: Connection refused
	... 11 more
2019-11-12 23:39:29,302 [568551cc-7cda-4cdf-9ff0-2cea755fc381@group-959D08EB2AC8-LeaderElection190] INFO  impl.LeaderElection (LogUtils.java:infoOrTrace(149)) - 568551cc-7cda-4cdf-9ff0-2cea755fc381@group-959D08EB2AC8-LeaderElection190 got exception when requesting votes: {}
java.util.concurrent.ExecutionException: org.apache.ratis.thirdparty.io.grpc.StatusRuntimeException: UNAVAILABLE: io exception
	at java.util.concurrent.FutureTask.report(FutureTask.java:122)
	at java.util.concurrent.FutureTask.get(FutureTask.java:192)
	at org.apache.ratis.server.impl.LeaderElection.waitForResults(LeaderElection.java:259)
	at org.apache.ratis.server.impl.LeaderElection.askForVotes(LeaderElection.java:197)
	at org.apache.ratis.server.impl.LeaderElection.run(LeaderElection.java:133)
	at java.lang.Thread.run(Thread.java:748)
Caused by: org.apache.ratis.thirdparty.io.grpc.StatusRuntimeException: UNAVAILABLE: io exception
	at org.apache.ratis.thirdparty.io.grpc.stub.ClientCalls.toStatusRuntimeException(ClientCalls.java:233)
	at org.apache.ratis.thirdparty.io.grpc.stub.ClientCalls.getUnchecked(ClientCalls.java:214)
	at org.apache.ratis.thirdparty.io.grpc.stub.ClientCalls.blockingUnaryCall(ClientCalls.java:139)
	at org.apache.ratis.proto.grpc.RaftServerProtocolServiceGrpc$RaftServerProtocolServiceBlockingStub.requestVote(RaftServerProtocolServiceGrpc.java:265)
	at org.apache.ratis.grpc.server.GrpcServerProtocolClient.requestVote(GrpcServerProtocolClient.java:99)
	at org.apache.ratis.grpc.server.GrpcService.requestVote(GrpcService.java:204)
	at org.apache.ratis.server.impl.LeaderElection.lambda$submitRequests$1(LeaderElection.java:234)
	at java.util.concurrent.FutureTask.run(FutureTask.java:266)
	at java.util.concurrent.Executors$RunnableAdapter.call(Executors.java:511)
	at java.util.concurrent.FutureTask.run(FutureTask.java:266)
	at java.util.concurrent.ThreadPoolExecutor.runWorker(ThreadPoolExecutor.java:1149)
	at java.util.concurrent.ThreadPoolExecutor$Worker.run(ThreadPoolExecutor.java:624)
	... 1 more
Caused by: org.apache.ratis.thirdparty.io.netty.channel.AbstractChannel$AnnotatedConnectException: Connection refused: /192.168.164.236:43042
	at sun.nio.ch.SocketChannelImpl.checkConnect(Native Method)
	at sun.nio.ch.SocketChannelImpl.finishConnect(SocketChannelImpl.java:717)
	at org.apache.ratis.thirdparty.io.netty.channel.socket.nio.NioSocketChannel.doFinishConnect(NioSocketChannel.java:327)
	at org.apache.ratis.thirdparty.io.netty.channel.nio.AbstractNioChannel$AbstractNioUnsafe.finishConnect(AbstractNioChannel.java:340)
	at org.apache.ratis.thirdparty.io.netty.channel.nio.NioEventLoop.processSelectedKey(NioEventLoop.java:632)
	at org.apache.ratis.thirdparty.io.netty.channel.nio.NioEventLoop.processSelectedKeysOptimized(NioEventLoop.java:579)
	at org.apache.ratis.thirdparty.io.netty.channel.nio.NioEventLoop.processSelectedKeys(NioEventLoop.java:496)
	at org.apache.ratis.thirdparty.io.netty.channel.nio.NioEventLoop.run(NioEventLoop.java:458)
	at org.apache.ratis.thirdparty.io.netty.util.concurrent.SingleThreadEventExecutor$5.run(SingleThreadEventExecutor.java:897)
	at org.apache.ratis.thirdparty.io.netty.util.concurrent.FastThreadLocalRunnable.run(FastThreadLocalRunnable.java:30)
	... 1 more
Caused by: java.net.ConnectException: Connection refused
	... 11 more
2019-11-12 23:39:29,302 [568551cc-7cda-4cdf-9ff0-2cea755fc381@group-959D08EB2AC8-LeaderElection190] INFO  impl.LeaderElection (LeaderElection.java:logAndReturn(56)) - 568551cc-7cda-4cdf-9ff0-2cea755fc381@group-959D08EB2AC8-LeaderElection190: Election REJECTED; received 0 response(s) [] and 2 exception(s); 568551cc-7cda-4cdf-9ff0-2cea755fc381@group-959D08EB2AC8:t5, leader=null, voted=568551cc-7cda-4cdf-9ff0-2cea755fc381, raftlog=568551cc-7cda-4cdf-9ff0-2cea755fc381@group-959D08EB2AC8-SegmentedRaftLog:OPENED:c2,f2,i2, conf=1: [e78e490f-dcb2-4ec6-aeec-6e1e9400be8d:192.168.164.236:41531, 568551cc-7cda-4cdf-9ff0-2cea755fc381:192.168.164.236:38434, 7c2b8f83-a523-49c2-afdc-9b713bfd472f:192.168.164.236:43042], old=null
2019-11-12 23:39:29,303 [568551cc-7cda-4cdf-9ff0-2cea755fc381@group-959D08EB2AC8-LeaderElection190] INFO  impl.LeaderElection (LogUtils.java:infoOrTrace(149)) -   Exception 0: {}
java.util.concurrent.ExecutionException: org.apache.ratis.thirdparty.io.grpc.StatusRuntimeException: UNAVAILABLE: io exception
	at java.util.concurrent.FutureTask.report(FutureTask.java:122)
	at java.util.concurrent.FutureTask.get(FutureTask.java:192)
	at org.apache.ratis.server.impl.LeaderElection.waitForResults(LeaderElection.java:259)
	at org.apache.ratis.server.impl.LeaderElection.askForVotes(LeaderElection.java:197)
	at org.apache.ratis.server.impl.LeaderElection.run(LeaderElection.java:133)
	at java.lang.Thread.run(Thread.java:748)
Caused by: org.apache.ratis.thirdparty.io.grpc.StatusRuntimeException: UNAVAILABLE: io exception
	at org.apache.ratis.thirdparty.io.grpc.stub.ClientCalls.toStatusRuntimeException(ClientCalls.java:233)
	at org.apache.ratis.thirdparty.io.grpc.stub.ClientCalls.getUnchecked(ClientCalls.java:214)
	at org.apache.ratis.thirdparty.io.grpc.stub.ClientCalls.blockingUnaryCall(ClientCalls.java:139)
	at org.apache.ratis.proto.grpc.RaftServerProtocolServiceGrpc$RaftServerProtocolServiceBlockingStub.requestVote(RaftServerProtocolServiceGrpc.java:265)
	at org.apache.ratis.grpc.server.GrpcServerProtocolClient.requestVote(GrpcServerProtocolClient.java:99)
	at org.apache.ratis.grpc.server.GrpcService.requestVote(GrpcService.java:204)
	at org.apache.ratis.server.impl.LeaderElection.lambda$submitRequests$1(LeaderElection.java:234)
	at java.util.concurrent.FutureTask.run(FutureTask.java:266)
	at java.util.concurrent.Executors$RunnableAdapter.call(Executors.java:511)
	at java.util.concurrent.FutureTask.run(FutureTask.java:266)
	at java.util.concurrent.ThreadPoolExecutor.runWorker(ThreadPoolExecutor.java:1149)
	at java.util.concurrent.ThreadPoolExecutor$Worker.run(ThreadPoolExecutor.java:624)
	... 1 more
Caused by: org.apache.ratis.thirdparty.io.netty.channel.AbstractChannel$AnnotatedConnectException: Connection refused: /192.168.164.236:41531
	at sun.nio.ch.SocketChannelImpl.checkConnect(Native Method)
	at sun.nio.ch.SocketChannelImpl.finishConnect(SocketChannelImpl.java:717)
	at org.apache.ratis.thirdparty.io.netty.channel.socket.nio.NioSocketChannel.doFinishConnect(NioSocketChannel.java:327)
	at org.apache.ratis.thirdparty.io.netty.channel.nio.AbstractNioChannel$AbstractNioUnsafe.finishConnect(AbstractNioChannel.java:340)
	at org.apache.ratis.thirdparty.io.netty.channel.nio.NioEventLoop.processSelectedKey(NioEventLoop.java:632)
	at org.apache.ratis.thirdparty.io.netty.channel.nio.NioEventLoop.processSelectedKeysOptimized(NioEventLoop.java:579)
	at org.apache.ratis.thirdparty.io.netty.channel.nio.NioEventLoop.processSelectedKeys(NioEventLoop.java:496)
	at org.apache.ratis.thirdparty.io.netty.channel.nio.NioEventLoop.run(NioEventLoop.java:458)
	at org.apache.ratis.thirdparty.io.netty.util.concurrent.SingleThreadEventExecutor$5.run(SingleThreadEventExecutor.java:897)
	at org.apache.ratis.thirdparty.io.netty.util.concurrent.FastThreadLocalRunnable.run(FastThreadLocalRunnable.java:30)
	... 1 more
Caused by: java.net.ConnectException: Connection refused
	... 11 more
2019-11-12 23:39:29,303 [568551cc-7cda-4cdf-9ff0-2cea755fc381@group-959D08EB2AC8-LeaderElection190] INFO  impl.LeaderElection (LogUtils.java:infoOrTrace(149)) -   Exception 1: {}
java.util.concurrent.ExecutionException: org.apache.ratis.thirdparty.io.grpc.StatusRuntimeException: UNAVAILABLE: io exception
	at java.util.concurrent.FutureTask.report(FutureTask.java:122)
	at java.util.concurrent.FutureTask.get(FutureTask.java:192)
	at org.apache.ratis.server.impl.LeaderElection.waitForResults(LeaderElection.java:259)
	at org.apache.ratis.server.impl.LeaderElection.askForVotes(LeaderElection.java:197)
	at org.apache.ratis.server.impl.LeaderElection.run(LeaderElection.java:133)
	at java.lang.Thread.run(Thread.java:748)
Caused by: org.apache.ratis.thirdparty.io.grpc.StatusRuntimeException: UNAVAILABLE: io exception
	at org.apache.ratis.thirdparty.io.grpc.stub.ClientCalls.toStatusRuntimeException(ClientCalls.java:233)
	at org.apache.ratis.thirdparty.io.grpc.stub.ClientCalls.getUnchecked(ClientCalls.java:214)
	at org.apache.ratis.thirdparty.io.grpc.stub.ClientCalls.blockingUnaryCall(ClientCalls.java:139)
	at org.apache.ratis.proto.grpc.RaftServerProtocolServiceGrpc$RaftServerProtocolServiceBlockingStub.requestVote(RaftServerProtocolServiceGrpc.java:265)
	at org.apache.ratis.grpc.server.GrpcServerProtocolClient.requestVote(GrpcServerProtocolClient.java:99)
	at org.apache.ratis.grpc.server.GrpcService.requestVote(GrpcService.java:204)
	at org.apache.ratis.server.impl.LeaderElection.lambda$submitRequests$1(LeaderElection.java:234)
	at java.util.concurrent.FutureTask.run(FutureTask.java:266)
	at java.util.concurrent.Executors$RunnableAdapter.call(Executors.java:511)
	at java.util.concurrent.FutureTask.run(FutureTask.java:266)
	at java.util.concurrent.ThreadPoolExecutor.runWorker(ThreadPoolExecutor.java:1149)
	at java.util.concurrent.ThreadPoolExecutor$Worker.run(ThreadPoolExecutor.java:624)
	... 1 more
Caused by: org.apache.ratis.thirdparty.io.netty.channel.AbstractChannel$AnnotatedConnectException: Connection refused: /192.168.164.236:43042
	at sun.nio.ch.SocketChannelImpl.checkConnect(Native Method)
	at sun.nio.ch.SocketChannelImpl.finishConnect(SocketChannelImpl.java:717)
	at org.apache.ratis.thirdparty.io.netty.channel.socket.nio.NioSocketChannel.doFinishConnect(NioSocketChannel.java:327)
	at org.apache.ratis.thirdparty.io.netty.channel.nio.AbstractNioChannel$AbstractNioUnsafe.finishConnect(AbstractNioChannel.java:340)
	at org.apache.ratis.thirdparty.io.netty.channel.nio.NioEventLoop.processSelectedKey(NioEventLoop.java:632)
	at org.apache.ratis.thirdparty.io.netty.channel.nio.NioEventLoop.processSelectedKeysOptimized(NioEventLoop.java:579)
	at org.apache.ratis.thirdparty.io.netty.channel.nio.NioEventLoop.processSelectedKeys(NioEventLoop.java:496)
	at org.apache.ratis.thirdparty.io.netty.channel.nio.NioEventLoop.run(NioEventLoop.java:458)
	at org.apache.ratis.thirdparty.io.netty.util.concurrent.SingleThreadEventExecutor$5.run(SingleThreadEventExecutor.java:897)
	at org.apache.ratis.thirdparty.io.netty.util.concurrent.FastThreadLocalRunnable.run(FastThreadLocalRunnable.java:30)
	... 1 more
Caused by: java.net.ConnectException: Connection refused
	... 11 more
2019-11-12 23:39:29,303 [568551cc-7cda-4cdf-9ff0-2cea755fc381@group-959D08EB2AC8-LeaderElection190] INFO  impl.RaftServerImpl (RaftServerImpl.java:setRole(173)) - 568551cc-7cda-4cdf-9ff0-2cea755fc381@group-959D08EB2AC8: changes role from CANDIDATE to FOLLOWER at term 5 for DISCOVERED_A_NEW_TERM
2019-11-12 23:39:29,303 [568551cc-7cda-4cdf-9ff0-2cea755fc381@group-959D08EB2AC8-LeaderElection190] INFO  impl.RoleInfo (RoleInfo.java:shutdownLeaderElection(134)) - 568551cc-7cda-4cdf-9ff0-2cea755fc381: shutdown LeaderElection
2019-11-12 23:39:29,304 [568551cc-7cda-4cdf-9ff0-2cea755fc381@group-959D08EB2AC8-LeaderElection190] INFO  impl.RoleInfo (RoleInfo.java:updateAndGet(143)) - 568551cc-7cda-4cdf-9ff0-2cea755fc381: start FollowerState
2019-11-12 23:39:29,414 [grpc-default-executor-6] WARN  server.GrpcLogAppender (LogUtils.java:warn(134)) - 1f658cad-a8c7-4c86-bbeb-2b40079268d7@group-52F5F982BB9D->98dbddad-cff4-4f87-9188-db1d76df9501-AppendLogResponseHandler: Failed appendEntries: org.apache.ratis.thirdparty.io.grpc.StatusRuntimeException: UNAVAILABLE: io exception
2019-11-12 23:39:29,415 [grpc-default-executor-6] INFO  impl.FollowerInfo (FollowerInfo.java:lambda$new$0(51)) - 1f658cad-a8c7-4c86-bbeb-2b40079268d7@group-52F5F982BB9D->98dbddad-cff4-4f87-9188-db1d76df9501: nextIndex: updateUnconditionally 0 -> 0
2019-11-12 23:39:29,914 [grpc-default-executor-7] WARN  server.GrpcLogAppender (LogUtils.java:warn(134)) - 1f658cad-a8c7-4c86-bbeb-2b40079268d7@group-52F5F982BB9D->98dbddad-cff4-4f87-9188-db1d76df9501-AppendLogResponseHandler: Failed appendEntries: org.apache.ratis.thirdparty.io.grpc.StatusRuntimeException: UNAVAILABLE: io exception
2019-11-12 23:39:29,915 [grpc-default-executor-7] INFO  impl.FollowerInfo (FollowerInfo.java:lambda$new$0(51)) - 1f658cad-a8c7-4c86-bbeb-2b40079268d7@group-52F5F982BB9D->98dbddad-cff4-4f87-9188-db1d76df9501: nextIndex: updateUnconditionally 0 -> 0
2019-11-12 23:39:30,064 [Thread-4391] INFO  impl.FollowerState (FollowerState.java:run(111)) - bf4ebe41-a6c2-4458-a321-fc167af3521b@group-296741F00278-FollowerState: change to CANDIDATE, lastRpcTime:1033ms, electionTimeout:1033ms
2019-11-12 23:39:30,064 [Thread-4391] INFO  impl.RoleInfo (RoleInfo.java:shutdownFollowerState(121)) - bf4ebe41-a6c2-4458-a321-fc167af3521b: shutdown FollowerState
2019-11-12 23:39:30,065 [Thread-4391] INFO  impl.RaftServerImpl (RaftServerImpl.java:setRole(173)) - bf4ebe41-a6c2-4458-a321-fc167af3521b@group-296741F00278: changes role from  FOLLOWER to CANDIDATE at term 4 for changeToCandidate
2019-11-12 23:39:30,065 [Thread-4391] INFO  impl.RoleInfo (RoleInfo.java:updateAndGet(143)) - bf4ebe41-a6c2-4458-a321-fc167af3521b: start LeaderElection
2019-11-12 23:39:30,079 [bf4ebe41-a6c2-4458-a321-fc167af3521b@group-296741F00278-LeaderElection191] INFO  impl.LeaderElection (LeaderElection.java:askForVotes(178)) - bf4ebe41-a6c2-4458-a321-fc167af3521b@group-296741F00278-LeaderElection191: begin an election at term 5 for 0: [0cfa4e5a-af9b-49e5-b2c2-1a2dc6cf0616:192.168.164.236:41598, 2cdd6ea3-e978-43ee-a05f-f9ece739edb4:192.168.164.236:34677, bf4ebe41-a6c2-4458-a321-fc167af3521b:192.168.164.236:39425], old=null
2019-11-12 23:39:30,080 [bf4ebe41-a6c2-4458-a321-fc167af3521b@group-296741F00278-LeaderElection191] INFO  impl.LeaderElection (LogUtils.java:infoOrTrace(149)) - bf4ebe41-a6c2-4458-a321-fc167af3521b@group-296741F00278-LeaderElection191 got exception when requesting votes: {}
java.util.concurrent.ExecutionException: org.apache.ratis.thirdparty.io.grpc.StatusRuntimeException: UNAVAILABLE: io exception
	at java.util.concurrent.FutureTask.report(FutureTask.java:122)
	at java.util.concurrent.FutureTask.get(FutureTask.java:192)
	at org.apache.ratis.server.impl.LeaderElection.waitForResults(LeaderElection.java:259)
	at org.apache.ratis.server.impl.LeaderElection.askForVotes(LeaderElection.java:197)
	at org.apache.ratis.server.impl.LeaderElection.run(LeaderElection.java:133)
	at java.lang.Thread.run(Thread.java:748)
Caused by: org.apache.ratis.thirdparty.io.grpc.StatusRuntimeException: UNAVAILABLE: io exception
	at org.apache.ratis.thirdparty.io.grpc.stub.ClientCalls.toStatusRuntimeException(ClientCalls.java:233)
	at org.apache.ratis.thirdparty.io.grpc.stub.ClientCalls.getUnchecked(ClientCalls.java:214)
	at org.apache.ratis.thirdparty.io.grpc.stub.ClientCalls.blockingUnaryCall(ClientCalls.java:139)
	at org.apache.ratis.proto.grpc.RaftServerProtocolServiceGrpc$RaftServerProtocolServiceBlockingStub.requestVote(RaftServerProtocolServiceGrpc.java:265)
	at org.apache.ratis.grpc.server.GrpcServerProtocolClient.requestVote(GrpcServerProtocolClient.java:99)
	at org.apache.ratis.grpc.server.GrpcService.requestVote(GrpcService.java:204)
	at org.apache.ratis.server.impl.LeaderElection.lambda$submitRequests$1(LeaderElection.java:234)
	at java.util.concurrent.FutureTask.run(FutureTask.java:266)
	at java.util.concurrent.Executors$RunnableAdapter.call(Executors.java:511)
	at java.util.concurrent.FutureTask.run(FutureTask.java:266)
	at java.util.concurrent.ThreadPoolExecutor.runWorker(ThreadPoolExecutor.java:1149)
	at java.util.concurrent.ThreadPoolExecutor$Worker.run(ThreadPoolExecutor.java:624)
	... 1 more
Caused by: org.apache.ratis.thirdparty.io.netty.channel.AbstractChannel$AnnotatedConnectException: Connection refused: /192.168.164.236:41598
	at sun.nio.ch.SocketChannelImpl.checkConnect(Native Method)
	at sun.nio.ch.SocketChannelImpl.finishConnect(SocketChannelImpl.java:717)
	at org.apache.ratis.thirdparty.io.netty.channel.socket.nio.NioSocketChannel.doFinishConnect(NioSocketChannel.java:327)
	at org.apache.ratis.thirdparty.io.netty.channel.nio.AbstractNioChannel$AbstractNioUnsafe.finishConnect(AbstractNioChannel.java:340)
	at org.apache.ratis.thirdparty.io.netty.channel.nio.NioEventLoop.processSelectedKey(NioEventLoop.java:632)
	at org.apache.ratis.thirdparty.io.netty.channel.nio.NioEventLoop.processSelectedKeysOptimized(NioEventLoop.java:579)
	at org.apache.ratis.thirdparty.io.netty.channel.nio.NioEventLoop.processSelectedKeys(NioEventLoop.java:496)
	at org.apache.ratis.thirdparty.io.netty.channel.nio.NioEventLoop.run(NioEventLoop.java:458)
	at org.apache.ratis.thirdparty.io.netty.util.concurrent.SingleThreadEventExecutor$5.run(SingleThreadEventExecutor.java:897)
	at org.apache.ratis.thirdparty.io.netty.util.concurrent.FastThreadLocalRunnable.run(FastThreadLocalRunnable.java:30)
	... 1 more
Caused by: java.net.ConnectException: Connection refused
	... 11 more
2019-11-12 23:39:30,081 [bf4ebe41-a6c2-4458-a321-fc167af3521b@group-296741F00278-LeaderElection191] INFO  impl.LeaderElection (LogUtils.java:infoOrTrace(149)) - bf4ebe41-a6c2-4458-a321-fc167af3521b@group-296741F00278-LeaderElection191 got exception when requesting votes: {}
java.util.concurrent.ExecutionException: org.apache.ratis.thirdparty.io.grpc.StatusRuntimeException: UNAVAILABLE: io exception
	at java.util.concurrent.FutureTask.report(FutureTask.java:122)
	at java.util.concurrent.FutureTask.get(FutureTask.java:192)
	at org.apache.ratis.server.impl.LeaderElection.waitForResults(LeaderElection.java:259)
	at org.apache.ratis.server.impl.LeaderElection.askForVotes(LeaderElection.java:197)
	at org.apache.ratis.server.impl.LeaderElection.run(LeaderElection.java:133)
	at java.lang.Thread.run(Thread.java:748)
Caused by: org.apache.ratis.thirdparty.io.grpc.StatusRuntimeException: UNAVAILABLE: io exception
	at org.apache.ratis.thirdparty.io.grpc.stub.ClientCalls.toStatusRuntimeException(ClientCalls.java:233)
	at org.apache.ratis.thirdparty.io.grpc.stub.ClientCalls.getUnchecked(ClientCalls.java:214)
	at org.apache.ratis.thirdparty.io.grpc.stub.ClientCalls.blockingUnaryCall(ClientCalls.java:139)
	at org.apache.ratis.proto.grpc.RaftServerProtocolServiceGrpc$RaftServerProtocolServiceBlockingStub.requestVote(RaftServerProtocolServiceGrpc.java:265)
	at org.apache.ratis.grpc.server.GrpcServerProtocolClient.requestVote(GrpcServerProtocolClient.java:99)
	at org.apache.ratis.grpc.server.GrpcService.requestVote(GrpcService.java:204)
	at org.apache.ratis.server.impl.LeaderElection.lambda$submitRequests$1(LeaderElection.java:234)
	at java.util.concurrent.FutureTask.run(FutureTask.java:266)
	at java.util.concurrent.Executors$RunnableAdapter.call(Executors.java:511)
	at java.util.concurrent.FutureTask.run(FutureTask.java:266)
	at java.util.concurrent.ThreadPoolExecutor.runWorker(ThreadPoolExecutor.java:1149)
	at java.util.concurrent.ThreadPoolExecutor$Worker.run(ThreadPoolExecutor.java:624)
	... 1 more
Caused by: org.apache.ratis.thirdparty.io.netty.channel.AbstractChannel$AnnotatedConnectException: Connection refused: /192.168.164.236:34677
	at sun.nio.ch.SocketChannelImpl.checkConnect(Native Method)
	at sun.nio.ch.SocketChannelImpl.finishConnect(SocketChannelImpl.java:717)
	at org.apache.ratis.thirdparty.io.netty.channel.socket.nio.NioSocketChannel.doFinishConnect(NioSocketChannel.java:327)
	at org.apache.ratis.thirdparty.io.netty.channel.nio.AbstractNioChannel$AbstractNioUnsafe.finishConnect(AbstractNioChannel.java:340)
	at org.apache.ratis.thirdparty.io.netty.channel.nio.NioEventLoop.processSelectedKey(NioEventLoop.java:632)
	at org.apache.ratis.thirdparty.io.netty.channel.nio.NioEventLoop.processSelectedKeysOptimized(NioEventLoop.java:579)
	at org.apache.ratis.thirdparty.io.netty.channel.nio.NioEventLoop.processSelectedKeys(NioEventLoop.java:496)
	at org.apache.ratis.thirdparty.io.netty.channel.nio.NioEventLoop.run(NioEventLoop.java:458)
	at org.apache.ratis.thirdparty.io.netty.util.concurrent.SingleThreadEventExecutor$5.run(SingleThreadEventExecutor.java:897)
	at org.apache.ratis.thirdparty.io.netty.util.concurrent.FastThreadLocalRunnable.run(FastThreadLocalRunnable.java:30)
	... 1 more
Caused by: java.net.ConnectException: Connection refused
	... 11 more
2019-11-12 23:39:30,081 [bf4ebe41-a6c2-4458-a321-fc167af3521b@group-296741F00278-LeaderElection191] INFO  impl.LeaderElection (LeaderElection.java:logAndReturn(56)) - bf4ebe41-a6c2-4458-a321-fc167af3521b@group-296741F00278-LeaderElection191: Election REJECTED; received 0 response(s) [] and 2 exception(s); bf4ebe41-a6c2-4458-a321-fc167af3521b@group-296741F00278:t5, leader=null, voted=bf4ebe41-a6c2-4458-a321-fc167af3521b, raftlog=bf4ebe41-a6c2-4458-a321-fc167af3521b@group-296741F00278-SegmentedRaftLog:OPENED:c0,f0,i0, conf=0: [0cfa4e5a-af9b-49e5-b2c2-1a2dc6cf0616:192.168.164.236:41598, 2cdd6ea3-e978-43ee-a05f-f9ece739edb4:192.168.164.236:34677, bf4ebe41-a6c2-4458-a321-fc167af3521b:192.168.164.236:39425], old=null
2019-11-12 23:39:30,081 [bf4ebe41-a6c2-4458-a321-fc167af3521b@group-296741F00278-LeaderElection191] INFO  impl.LeaderElection (LogUtils.java:infoOrTrace(149)) -   Exception 0: {}
java.util.concurrent.ExecutionException: org.apache.ratis.thirdparty.io.grpc.StatusRuntimeException: UNAVAILABLE: io exception
	at java.util.concurrent.FutureTask.report(FutureTask.java:122)
	at java.util.concurrent.FutureTask.get(FutureTask.java:192)
	at org.apache.ratis.server.impl.LeaderElection.waitForResults(LeaderElection.java:259)
	at org.apache.ratis.server.impl.LeaderElection.askForVotes(LeaderElection.java:197)
	at org.apache.ratis.server.impl.LeaderElection.run(LeaderElection.java:133)
	at java.lang.Thread.run(Thread.java:748)
Caused by: org.apache.ratis.thirdparty.io.grpc.StatusRuntimeException: UNAVAILABLE: io exception
	at org.apache.ratis.thirdparty.io.grpc.stub.ClientCalls.toStatusRuntimeException(ClientCalls.java:233)
	at org.apache.ratis.thirdparty.io.grpc.stub.ClientCalls.getUnchecked(ClientCalls.java:214)
	at org.apache.ratis.thirdparty.io.grpc.stub.ClientCalls.blockingUnaryCall(ClientCalls.java:139)
	at org.apache.ratis.proto.grpc.RaftServerProtocolServiceGrpc$RaftServerProtocolServiceBlockingStub.requestVote(RaftServerProtocolServiceGrpc.java:265)
	at org.apache.ratis.grpc.server.GrpcServerProtocolClient.requestVote(GrpcServerProtocolClient.java:99)
	at org.apache.ratis.grpc.server.GrpcService.requestVote(GrpcService.java:204)
	at org.apache.ratis.server.impl.LeaderElection.lambda$submitRequests$1(LeaderElection.java:234)
	at java.util.concurrent.FutureTask.run(FutureTask.java:266)
	at java.util.concurrent.Executors$RunnableAdapter.call(Executors.java:511)
	at java.util.concurrent.FutureTask.run(FutureTask.java:266)
	at java.util.concurrent.ThreadPoolExecutor.runWorker(ThreadPoolExecutor.java:1149)
	at java.util.concurrent.ThreadPoolExecutor$Worker.run(ThreadPoolExecutor.java:624)
	... 1 more
Caused by: org.apache.ratis.thirdparty.io.netty.channel.AbstractChannel$AnnotatedConnectException: Connection refused: /192.168.164.236:41598
	at sun.nio.ch.SocketChannelImpl.checkConnect(Native Method)
	at sun.nio.ch.SocketChannelImpl.finishConnect(SocketChannelImpl.java:717)
	at org.apache.ratis.thirdparty.io.netty.channel.socket.nio.NioSocketChannel.doFinishConnect(NioSocketChannel.java:327)
	at org.apache.ratis.thirdparty.io.netty.channel.nio.AbstractNioChannel$AbstractNioUnsafe.finishConnect(AbstractNioChannel.java:340)
	at org.apache.ratis.thirdparty.io.netty.channel.nio.NioEventLoop.processSelectedKey(NioEventLoop.java:632)
	at org.apache.ratis.thirdparty.io.netty.channel.nio.NioEventLoop.processSelectedKeysOptimized(NioEventLoop.java:579)
	at org.apache.ratis.thirdparty.io.netty.channel.nio.NioEventLoop.processSelectedKeys(NioEventLoop.java:496)
	at org.apache.ratis.thirdparty.io.netty.channel.nio.NioEventLoop.run(NioEventLoop.java:458)
	at org.apache.ratis.thirdparty.io.netty.util.concurrent.SingleThreadEventExecutor$5.run(SingleThreadEventExecutor.java:897)
	at org.apache.ratis.thirdparty.io.netty.util.concurrent.FastThreadLocalRunnable.run(FastThreadLocalRunnable.java:30)
	... 1 more
Caused by: java.net.ConnectException: Connection refused
	... 11 more
2019-11-12 23:39:30,082 [bf4ebe41-a6c2-4458-a321-fc167af3521b@group-296741F00278-LeaderElection191] INFO  impl.LeaderElection (LogUtils.java:infoOrTrace(149)) -   Exception 1: {}
java.util.concurrent.ExecutionException: org.apache.ratis.thirdparty.io.grpc.StatusRuntimeException: UNAVAILABLE: io exception
	at java.util.concurrent.FutureTask.report(FutureTask.java:122)
	at java.util.concurrent.FutureTask.get(FutureTask.java:192)
	at org.apache.ratis.server.impl.LeaderElection.waitForResults(LeaderElection.java:259)
	at org.apache.ratis.server.impl.LeaderElection.askForVotes(LeaderElection.java:197)
	at org.apache.ratis.server.impl.LeaderElection.run(LeaderElection.java:133)
	at java.lang.Thread.run(Thread.java:748)
Caused by: org.apache.ratis.thirdparty.io.grpc.StatusRuntimeException: UNAVAILABLE: io exception
	at org.apache.ratis.thirdparty.io.grpc.stub.ClientCalls.toStatusRuntimeException(ClientCalls.java:233)
	at org.apache.ratis.thirdparty.io.grpc.stub.ClientCalls.getUnchecked(ClientCalls.java:214)
	at org.apache.ratis.thirdparty.io.grpc.stub.ClientCalls.blockingUnaryCall(ClientCalls.java:139)
	at org.apache.ratis.proto.grpc.RaftServerProtocolServiceGrpc$RaftServerProtocolServiceBlockingStub.requestVote(RaftServerProtocolServiceGrpc.java:265)
	at org.apache.ratis.grpc.server.GrpcServerProtocolClient.requestVote(GrpcServerProtocolClient.java:99)
	at org.apache.ratis.grpc.server.GrpcService.requestVote(GrpcService.java:204)
	at org.apache.ratis.server.impl.LeaderElection.lambda$submitRequests$1(LeaderElection.java:234)
	at java.util.concurrent.FutureTask.run(FutureTask.java:266)
	at java.util.concurrent.Executors$RunnableAdapter.call(Executors.java:511)
	at java.util.concurrent.FutureTask.run(FutureTask.java:266)
	at java.util.concurrent.ThreadPoolExecutor.runWorker(ThreadPoolExecutor.java:1149)
	at java.util.concurrent.ThreadPoolExecutor$Worker.run(ThreadPoolExecutor.java:624)
	... 1 more
Caused by: org.apache.ratis.thirdparty.io.netty.channel.AbstractChannel$AnnotatedConnectException: Connection refused: /192.168.164.236:34677
	at sun.nio.ch.SocketChannelImpl.checkConnect(Native Method)
	at sun.nio.ch.SocketChannelImpl.finishConnect(SocketChannelImpl.java:717)
	at org.apache.ratis.thirdparty.io.netty.channel.socket.nio.NioSocketChannel.doFinishConnect(NioSocketChannel.java:327)
	at org.apache.ratis.thirdparty.io.netty.channel.nio.AbstractNioChannel$AbstractNioUnsafe.finishConnect(AbstractNioChannel.java:340)
	at org.apache.ratis.thirdparty.io.netty.channel.nio.NioEventLoop.processSelectedKey(NioEventLoop.java:632)
	at org.apache.ratis.thirdparty.io.netty.channel.nio.NioEventLoop.processSelectedKeysOptimized(NioEventLoop.java:579)
	at org.apache.ratis.thirdparty.io.netty.channel.nio.NioEventLoop.processSelectedKeys(NioEventLoop.java:496)
	at org.apache.ratis.thirdparty.io.netty.channel.nio.NioEventLoop.run(NioEventLoop.java:458)
	at org.apache.ratis.thirdparty.io.netty.util.concurrent.SingleThreadEventExecutor$5.run(SingleThreadEventExecutor.java:897)
	at org.apache.ratis.thirdparty.io.netty.util.concurrent.FastThreadLocalRunnable.run(FastThreadLocalRunnable.java:30)
	... 1 more
Caused by: java.net.ConnectException: Connection refused
	... 11 more
2019-11-12 23:39:30,082 [bf4ebe41-a6c2-4458-a321-fc167af3521b@group-296741F00278-LeaderElection191] INFO  impl.RaftServerImpl (RaftServerImpl.java:setRole(173)) - bf4ebe41-a6c2-4458-a321-fc167af3521b@group-296741F00278: changes role from CANDIDATE to FOLLOWER at term 5 for DISCOVERED_A_NEW_TERM
2019-11-12 23:39:30,082 [bf4ebe41-a6c2-4458-a321-fc167af3521b@group-296741F00278-LeaderElection191] INFO  impl.RoleInfo (RoleInfo.java:shutdownLeaderElection(134)) - bf4ebe41-a6c2-4458-a321-fc167af3521b: shutdown LeaderElection
2019-11-12 23:39:30,083 [bf4ebe41-a6c2-4458-a321-fc167af3521b@group-296741F00278-LeaderElection191] INFO  impl.RoleInfo (RoleInfo.java:updateAndGet(143)) - bf4ebe41-a6c2-4458-a321-fc167af3521b: start FollowerState
2019-11-12 23:39:30,148 [main] INFO  ozoneimpl.OzoneContainer (OzoneContainer.java:stop(244)) - Attempting to stop container services.
2019-11-12 23:39:30,148 [ForkJoinPool.commonPool-worker-1] INFO  ozoneimpl.OzoneContainer (OzoneContainer.java:stop(244)) - Attempting to stop container services.
2019-11-12 23:39:30,149 [main] INFO  impl.RaftServerProxy (RaftServerProxy.java:lambda$close$4(314)) - bf4ebe41-a6c2-4458-a321-fc167af3521b: close
2019-11-12 23:39:30,149 [ForkJoinPool.commonPool-worker-1] INFO  impl.RaftServerProxy (RaftServerProxy.java:lambda$close$4(314)) - 568551cc-7cda-4cdf-9ff0-2cea755fc381: close
2019-11-12 23:39:30,149 [main] INFO  impl.RaftServerImpl (RaftServerImpl.java:lambda$shutdown$3(250)) - bf4ebe41-a6c2-4458-a321-fc167af3521b@group-51BB75F0ED71: shutdown
2019-11-12 23:39:30,149 [ForkJoinPool.commonPool-worker-1] INFO  impl.RaftServerImpl (RaftServerImpl.java:lambda$shutdown$3(250)) - 568551cc-7cda-4cdf-9ff0-2cea755fc381@group-C5C4C1D6B5CF: shutdown
2019-11-12 23:39:30,150 [main] INFO  util.JmxRegister (JmxRegister.java:unregister(73)) - Successfully un-registered JMX Bean with object name Ratis:service=RaftServer,group=group-51BB75F0ED71,id=bf4ebe41-a6c2-4458-a321-fc167af3521b
2019-11-12 23:39:30,150 [ForkJoinPool.commonPool-worker-1] INFO  util.JmxRegister (JmxRegister.java:unregister(73)) - Successfully un-registered JMX Bean with object name Ratis:service=RaftServer,group=group-C5C4C1D6B5CF,id=568551cc-7cda-4cdf-9ff0-2cea755fc381
2019-11-12 23:39:30,150 [main] INFO  impl.RoleInfo (RoleInfo.java:shutdownLeaderState(104)) - bf4ebe41-a6c2-4458-a321-fc167af3521b: shutdown LeaderState
2019-11-12 23:39:30,150 [ForkJoinPool.commonPool-worker-1] INFO  impl.RoleInfo (RoleInfo.java:shutdownLeaderState(104)) - 568551cc-7cda-4cdf-9ff0-2cea755fc381: shutdown LeaderState
2019-11-12 23:39:30,151 [main] INFO  impl.PendingRequests (PendingRequests.java:sendNotLeaderResponses(206)) - bf4ebe41-a6c2-4458-a321-fc167af3521b@group-51BB75F0ED71-PendingRequests: sendNotLeaderResponses
2019-11-12 23:39:30,151 [ForkJoinPool.commonPool-worker-1] INFO  impl.PendingRequests (PendingRequests.java:sendNotLeaderResponses(206)) - 568551cc-7cda-4cdf-9ff0-2cea755fc381@group-C5C4C1D6B5CF-PendingRequests: sendNotLeaderResponses
2019-11-12 23:39:30,151 [main] INFO  impl.StateMachineUpdater (StateMachineUpdater.java:stopAndJoin(136)) - bf4ebe41-a6c2-4458-a321-fc167af3521b@group-51BB75F0ED71-StateMachineUpdater: set stopIndex = 0
2019-11-12 23:39:30,151 [ForkJoinPool.commonPool-worker-1] INFO  impl.StateMachineUpdater (StateMachineUpdater.java:stopAndJoin(136)) - 568551cc-7cda-4cdf-9ff0-2cea755fc381@group-C5C4C1D6B5CF-StateMachineUpdater: set stopIndex = 0
2019-11-12 23:39:30,152 [main] INFO  impl.RaftServerImpl (ServerState.java:close(387)) - bf4ebe41-a6c2-4458-a321-fc167af3521b@group-51BB75F0ED71: closes. applyIndex: 0
2019-11-12 23:39:30,152 [ForkJoinPool.commonPool-worker-1] INFO  impl.RaftServerImpl (ServerState.java:close(387)) - 568551cc-7cda-4cdf-9ff0-2cea755fc381@group-C5C4C1D6B5CF: closes. applyIndex: 0
2019-11-12 23:39:30,153 [568551cc-7cda-4cdf-9ff0-2cea755fc381@group-C5C4C1D6B5CF-SegmentedRaftLogWorker] INFO  segmented.SegmentedRaftLogWorker (SegmentedRaftLogWorker.java:run(316)) - 568551cc-7cda-4cdf-9ff0-2cea755fc381@group-C5C4C1D6B5CF-SegmentedRaftLogWorker was interrupted, exiting. There are 0 tasks remaining in the queue.
2019-11-12 23:39:30,153 [bf4ebe41-a6c2-4458-a321-fc167af3521b@group-51BB75F0ED71-SegmentedRaftLogWorker] INFO  segmented.SegmentedRaftLogWorker (SegmentedRaftLogWorker.java:run(316)) - bf4ebe41-a6c2-4458-a321-fc167af3521b@group-51BB75F0ED71-SegmentedRaftLogWorker was interrupted, exiting. There are 0 tasks remaining in the queue.
2019-11-12 23:39:30,153 [ForkJoinPool.commonPool-worker-1] INFO  segmented.SegmentedRaftLogWorker (SegmentedRaftLogWorker.java:close(224)) - 568551cc-7cda-4cdf-9ff0-2cea755fc381@group-C5C4C1D6B5CF-SegmentedRaftLogWorker close()
2019-11-12 23:39:30,153 [main] INFO  segmented.SegmentedRaftLogWorker (SegmentedRaftLogWorker.java:close(224)) - bf4ebe41-a6c2-4458-a321-fc167af3521b@group-51BB75F0ED71-SegmentedRaftLogWorker close()
2019-11-12 23:39:30,154 [ForkJoinPool.commonPool-worker-1] INFO  impl.RaftServerImpl (RaftServerImpl.java:lambda$shutdown$3(250)) - 568551cc-7cda-4cdf-9ff0-2cea755fc381@group-959D08EB2AC8: shutdown
2019-11-12 23:39:30,154 [main] INFO  impl.RaftServerImpl (RaftServerImpl.java:lambda$shutdown$3(250)) - bf4ebe41-a6c2-4458-a321-fc167af3521b@group-296741F00278: shutdown
2019-11-12 23:39:30,154 [ForkJoinPool.commonPool-worker-1] INFO  util.JmxRegister (JmxRegister.java:unregister(73)) - Successfully un-registered JMX Bean with object name Ratis:service=RaftServer,group=group-959D08EB2AC8,id=568551cc-7cda-4cdf-9ff0-2cea755fc381
2019-11-12 23:39:30,155 [main] INFO  util.JmxRegister (JmxRegister.java:unregister(73)) - Successfully un-registered JMX Bean with object name Ratis:service=RaftServer,group=group-296741F00278,id=bf4ebe41-a6c2-4458-a321-fc167af3521b
2019-11-12 23:39:30,155 [ForkJoinPool.commonPool-worker-1] INFO  impl.RoleInfo (RoleInfo.java:shutdownFollowerState(121)) - 568551cc-7cda-4cdf-9ff0-2cea755fc381: shutdown FollowerState
2019-11-12 23:39:30,155 [main] INFO  impl.RoleInfo (RoleInfo.java:shutdownFollowerState(121)) - bf4ebe41-a6c2-4458-a321-fc167af3521b: shutdown FollowerState
2019-11-12 23:39:30,155 [Thread-4395] INFO  impl.FollowerState (FollowerState.java:run(120)) - 568551cc-7cda-4cdf-9ff0-2cea755fc381@group-959D08EB2AC8-FollowerState was interrupted: java.lang.InterruptedException: sleep interrupted
2019-11-12 23:39:30,155 [ForkJoinPool.commonPool-worker-1] INFO  impl.StateMachineUpdater (StateMachineUpdater.java:stopAndJoin(136)) - 568551cc-7cda-4cdf-9ff0-2cea755fc381@group-959D08EB2AC8-StateMachineUpdater: set stopIndex = 2
2019-11-12 23:39:30,156 [ForkJoinPool.commonPool-worker-1] INFO  impl.RaftServerImpl (ServerState.java:close(387)) - 568551cc-7cda-4cdf-9ff0-2cea755fc381@group-959D08EB2AC8: closes. applyIndex: 2
2019-11-12 23:39:30,156 [Thread-4401] INFO  impl.FollowerState (FollowerState.java:run(120)) - bf4ebe41-a6c2-4458-a321-fc167af3521b@group-296741F00278-FollowerState was interrupted: java.lang.InterruptedException: sleep interrupted
2019-11-12 23:39:30,157 [568551cc-7cda-4cdf-9ff0-2cea755fc381@group-959D08EB2AC8-SegmentedRaftLogWorker] INFO  segmented.SegmentedRaftLogWorker (SegmentedRaftLogWorker.java:run(316)) - 568551cc-7cda-4cdf-9ff0-2cea755fc381@group-959D08EB2AC8-SegmentedRaftLogWorker was interrupted, exiting. There are 0 tasks remaining in the queue.
2019-11-12 23:39:30,156 [main] INFO  impl.StateMachineUpdater (StateMachineUpdater.java:stopAndJoin(136)) - bf4ebe41-a6c2-4458-a321-fc167af3521b@group-296741F00278-StateMachineUpdater: set stopIndex = 0
2019-11-12 23:39:30,157 [ForkJoinPool.commonPool-worker-1] INFO  segmented.SegmentedRaftLogWorker (SegmentedRaftLogWorker.java:close(224)) - 568551cc-7cda-4cdf-9ff0-2cea755fc381@group-959D08EB2AC8-SegmentedRaftLogWorker close()
2019-11-12 23:39:30,157 [main] INFO  impl.RaftServerImpl (ServerState.java:close(387)) - bf4ebe41-a6c2-4458-a321-fc167af3521b@group-296741F00278: closes. applyIndex: 0
2019-11-12 23:39:30,158 [ForkJoinPool.commonPool-worker-1] INFO  server.GrpcService (GrpcService.java:closeImpl(164)) - 568551cc-7cda-4cdf-9ff0-2cea755fc381: shutdown server with port 38434 now
2019-11-12 23:39:30,158 [bf4ebe41-a6c2-4458-a321-fc167af3521b@group-296741F00278-SegmentedRaftLogWorker] INFO  segmented.SegmentedRaftLogWorker (SegmentedRaftLogWorker.java:run(316)) - bf4ebe41-a6c2-4458-a321-fc167af3521b@group-296741F00278-SegmentedRaftLogWorker was interrupted, exiting. There are 0 tasks remaining in the queue.
2019-11-12 23:39:30,158 [main] INFO  segmented.SegmentedRaftLogWorker (SegmentedRaftLogWorker.java:close(224)) - bf4ebe41-a6c2-4458-a321-fc167af3521b@group-296741F00278-SegmentedRaftLogWorker close()
2019-11-12 23:39:30,158 [ForkJoinPool.commonPool-worker-1] INFO  server.GrpcService (GrpcService.java:closeImpl(172)) - 568551cc-7cda-4cdf-9ff0-2cea755fc381: shutdown server with port 38434 successfully
2019-11-12 23:39:30,162 [main] INFO  server.GrpcService (GrpcService.java:closeImpl(164)) - bf4ebe41-a6c2-4458-a321-fc167af3521b: shutdown server with port 39425 now
2019-11-12 23:39:30,163 [main] INFO  server.GrpcService (GrpcService.java:closeImpl(172)) - bf4ebe41-a6c2-4458-a321-fc167af3521b: shutdown server with port 39425 successfully
2019-11-12 23:39:30,164 [refreshUsed-/workdir/hadoop-ozone/integration-test/target/test-dir/MiniOzoneClusterImpl-af41d755-250d-41c0-9b7d-b62086ffbdd4/datanode-4/data/containers] WARN  fs.CachingGetSpaceUsed (CachingGetSpaceUsed.java:run(183)) - Thread Interrupted waiting to refresh disk information: sleep interrupted
2019-11-12 23:39:30,166 [refreshUsed-/workdir/hadoop-ozone/integration-test/target/test-dir/MiniOzoneClusterImpl-af41d755-250d-41c0-9b7d-b62086ffbdd4/datanode-8/data/containers] WARN  fs.CachingGetSpaceUsed (CachingGetSpaceUsed.java:run(183)) - Thread Interrupted waiting to refresh disk information: sleep interrupted
2019-11-12 23:39:30,186 [main] INFO  utils.BackgroundService (BackgroundService.java:shutdown(151)) - Shutting down service BlockDeletingService
2019-11-12 23:39:30,186 [ForkJoinPool.commonPool-worker-1] INFO  utils.BackgroundService (BackgroundService.java:shutdown(151)) - Shutting down service BlockDeletingService
2019-11-12 23:39:30,188 [main] INFO  statemachine.DatanodeStateMachine (DatanodeStateMachine.java:stopDaemon(395)) - Ozone container server stopped.
2019-11-12 23:39:30,188 [ForkJoinPool.commonPool-worker-1] INFO  statemachine.DatanodeStateMachine (DatanodeStateMachine.java:stopDaemon(395)) - Ozone container server stopped.
2019-11-12 23:39:30,199 [ForkJoinPool.commonPool-worker-1] INFO  handler.ContextHandler (ContextHandler.java:doStop(910)) - Stopped o.e.j.w.WebAppContext@2becfd4c{/,null,UNAVAILABLE}{/hddsDatanode}
2019-11-12 23:39:30,199 [main] INFO  handler.ContextHandler (ContextHandler.java:doStop(910)) - Stopped o.e.j.w.WebAppContext@3ace6346{/,null,UNAVAILABLE}{/hddsDatanode}
2019-11-12 23:39:30,200 [ForkJoinPool.commonPool-worker-1] INFO  server.AbstractConnector (AbstractConnector.java:doStop(318)) - Stopped ServerConnector@7c71c889{HTTP/1.1,[http/1.1]}{0.0.0.0:0}
2019-11-12 23:39:30,200 [main] INFO  server.AbstractConnector (AbstractConnector.java:doStop(318)) - Stopped ServerConnector@4e48462d{HTTP/1.1,[http/1.1]}{0.0.0.0:0}
2019-11-12 23:39:30,202 [ForkJoinPool.commonPool-worker-1] INFO  handler.ContextHandler (ContextHandler.java:doStop(910)) - Stopped o.e.j.s.ServletContextHandler@53a301f3{/static,jar:file:/home/user/.m2/repository/org/apache/hadoop/hadoop-hdds-container-service/0.5.0-SNAPSHOT/hadoop-hdds-container-service-0.5.0-SNAPSHOT.jar!/webapps/static,UNAVAILABLE}
2019-11-12 23:39:30,202 [main] INFO  handler.ContextHandler (ContextHandler.java:doStop(910)) - Stopped o.e.j.s.ServletContextHandler@20216016{/static,jar:file:/home/user/.m2/repository/org/apache/hadoop/hadoop-hdds-container-service/0.5.0-SNAPSHOT/hadoop-hdds-container-service-0.5.0-SNAPSHOT.jar!/webapps/static,UNAVAILABLE}
2019-11-12 23:39:30,203 [ForkJoinPool.commonPool-worker-1] INFO  handler.ContextHandler (ContextHandler.java:doStop(910)) - Stopped o.e.j.s.ServletContextHandler@6dae70f9{/logs,file:///workdir/hadoop-ozone/integration-test/target/log,UNAVAILABLE}
2019-11-12 23:39:30,203 [main] INFO  handler.ContextHandler (ContextHandler.java:doStop(910)) - Stopped o.e.j.s.ServletContextHandler@4ae8fb2a{/logs,file:///workdir/hadoop-ozone/integration-test/target/log,UNAVAILABLE}
2019-11-12 23:39:30,415 [grpc-default-executor-7] WARN  server.GrpcLogAppender (LogUtils.java:warn(134)) - 1f658cad-a8c7-4c86-bbeb-2b40079268d7@group-52F5F982BB9D->98dbddad-cff4-4f87-9188-db1d76df9501-AppendLogResponseHandler: Failed appendEntries: org.apache.ratis.thirdparty.io.grpc.StatusRuntimeException: UNAVAILABLE: io exception
2019-11-12 23:39:30,415 [grpc-default-executor-7] INFO  impl.FollowerInfo (FollowerInfo.java:lambda$new$0(51)) - 1f658cad-a8c7-4c86-bbeb-2b40079268d7@group-52F5F982BB9D->98dbddad-cff4-4f87-9188-db1d76df9501: nextIndex: updateUnconditionally 0 -> 0
2019-11-12 23:39:30,639 [Datanode State Machine Thread - 0] INFO  statemachine.DatanodeStateMachine (DatanodeStateMachine.java:lambda$startDaemon$0(350)) - Ozone container server started.
2019-11-12 23:39:30,849 [Datanode State Machine Thread - 0] INFO  statemachine.DatanodeStateMachine (DatanodeStateMachine.java:lambda$startDaemon$0(350)) - Ozone container server started.
2019-11-12 23:39:30,915 [grpc-default-executor-3] WARN  server.GrpcLogAppender (LogUtils.java:warn(134)) - 1f658cad-a8c7-4c86-bbeb-2b40079268d7@group-52F5F982BB9D->98dbddad-cff4-4f87-9188-db1d76df9501-AppendLogResponseHandler: Failed appendEntries: org.apache.ratis.thirdparty.io.grpc.StatusRuntimeException: UNAVAILABLE: io exception
2019-11-12 23:39:30,916 [grpc-default-executor-3] INFO  impl.FollowerInfo (FollowerInfo.java:lambda$new$0(51)) - 1f658cad-a8c7-4c86-bbeb-2b40079268d7@group-52F5F982BB9D->98dbddad-cff4-4f87-9188-db1d76df9501: nextIndex: updateUnconditionally 0 -> 0
2019-11-12 23:39:31,416 [grpc-default-executor-3] WARN  server.GrpcLogAppender (LogUtils.java:warn(134)) - 1f658cad-a8c7-4c86-bbeb-2b40079268d7@group-52F5F982BB9D->98dbddad-cff4-4f87-9188-db1d76df9501-AppendLogResponseHandler: Failed appendEntries: org.apache.ratis.thirdparty.io.grpc.StatusRuntimeException: UNAVAILABLE: io exception
2019-11-12 23:39:31,416 [grpc-default-executor-3] INFO  impl.FollowerInfo (FollowerInfo.java:lambda$new$0(51)) - 1f658cad-a8c7-4c86-bbeb-2b40079268d7@group-52F5F982BB9D->98dbddad-cff4-4f87-9188-db1d76df9501: nextIndex: updateUnconditionally 0 -> 0
2019-11-12 23:39:31,917 [grpc-default-executor-6] WARN  server.GrpcLogAppender (LogUtils.java:warn(134)) - 1f658cad-a8c7-4c86-bbeb-2b40079268d7@group-52F5F982BB9D->98dbddad-cff4-4f87-9188-db1d76df9501-AppendLogResponseHandler: Failed appendEntries: org.apache.ratis.thirdparty.io.grpc.StatusRuntimeException: UNAVAILABLE: io exception
2019-11-12 23:39:31,917 [grpc-default-executor-6] INFO  impl.FollowerInfo (FollowerInfo.java:lambda$new$0(51)) - 1f658cad-a8c7-4c86-bbeb-2b40079268d7@group-52F5F982BB9D->98dbddad-cff4-4f87-9188-db1d76df9501: nextIndex: updateUnconditionally 0 -> 0
2019-11-12 23:39:32,417 [grpc-default-executor-7] WARN  server.GrpcLogAppender (LogUtils.java:warn(134)) - 1f658cad-a8c7-4c86-bbeb-2b40079268d7@group-52F5F982BB9D->98dbddad-cff4-4f87-9188-db1d76df9501-AppendLogResponseHandler: Failed appendEntries: org.apache.ratis.thirdparty.io.grpc.StatusRuntimeException: UNAVAILABLE: io exception
2019-11-12 23:39:32,418 [grpc-default-executor-7] INFO  impl.FollowerInfo (FollowerInfo.java:lambda$new$0(51)) - 1f658cad-a8c7-4c86-bbeb-2b40079268d7@group-52F5F982BB9D->98dbddad-cff4-4f87-9188-db1d76df9501: nextIndex: updateUnconditionally 0 -> 0
2019-11-12 23:39:32,921 [grpc-default-executor-7] WARN  server.GrpcLogAppender (LogUtils.java:warn(134)) - 1f658cad-a8c7-4c86-bbeb-2b40079268d7@group-52F5F982BB9D->98dbddad-cff4-4f87-9188-db1d76df9501-AppendLogResponseHandler: Failed appendEntries: org.apache.ratis.thirdparty.io.grpc.StatusRuntimeException: UNAVAILABLE: io exception
2019-11-12 23:39:32,922 [grpc-default-executor-7] INFO  impl.FollowerInfo (FollowerInfo.java:lambda$new$0(51)) - 1f658cad-a8c7-4c86-bbeb-2b40079268d7@group-52F5F982BB9D->98dbddad-cff4-4f87-9188-db1d76df9501: nextIndex: updateUnconditionally 0 -> 0
2019-11-12 23:39:33,420 [grpc-default-executor-6] WARN  server.GrpcLogAppender (LogUtils.java:warn(134)) - 1f658cad-a8c7-4c86-bbeb-2b40079268d7@group-52F5F982BB9D->98dbddad-cff4-4f87-9188-db1d76df9501-AppendLogResponseHandler: Failed appendEntries: org.apache.ratis.thirdparty.io.grpc.StatusRuntimeException: UNAVAILABLE: io exception
2019-11-12 23:39:33,421 [grpc-default-executor-6] INFO  impl.FollowerInfo (FollowerInfo.java:lambda$new$0(51)) - 1f658cad-a8c7-4c86-bbeb-2b40079268d7@group-52F5F982BB9D->98dbddad-cff4-4f87-9188-db1d76df9501: nextIndex: updateUnconditionally 0 -> 0
2019-11-12 23:39:33,922 [grpc-default-executor-3] WARN  server.GrpcLogAppender (LogUtils.java:warn(134)) - 1f658cad-a8c7-4c86-bbeb-2b40079268d7@group-52F5F982BB9D->98dbddad-cff4-4f87-9188-db1d76df9501-AppendLogResponseHandler: Failed appendEntries: org.apache.ratis.thirdparty.io.grpc.StatusRuntimeException: UNAVAILABLE: io exception
2019-11-12 23:39:33,922 [grpc-default-executor-3] INFO  impl.FollowerInfo (FollowerInfo.java:lambda$new$0(51)) - 1f658cad-a8c7-4c86-bbeb-2b40079268d7@group-52F5F982BB9D->98dbddad-cff4-4f87-9188-db1d76df9501: nextIndex: updateUnconditionally 0 -> 0
2019-11-12 23:39:34,422 [grpc-default-executor-3] WARN  server.GrpcLogAppender (LogUtils.java:warn(134)) - 1f658cad-a8c7-4c86-bbeb-2b40079268d7@group-52F5F982BB9D->98dbddad-cff4-4f87-9188-db1d76df9501-AppendLogResponseHandler: Failed appendEntries: org.apache.ratis.thirdparty.io.grpc.StatusRuntimeException: UNAVAILABLE: io exception
2019-11-12 23:39:34,423 [grpc-default-executor-3] INFO  impl.FollowerInfo (FollowerInfo.java:lambda$new$0(51)) - 1f658cad-a8c7-4c86-bbeb-2b40079268d7@group-52F5F982BB9D->98dbddad-cff4-4f87-9188-db1d76df9501: nextIndex: updateUnconditionally 0 -> 0
2019-11-12 23:39:34,926 [grpc-default-executor-3] WARN  server.GrpcLogAppender (LogUtils.java:warn(134)) - 1f658cad-a8c7-4c86-bbeb-2b40079268d7@group-52F5F982BB9D->98dbddad-cff4-4f87-9188-db1d76df9501-AppendLogResponseHandler: Failed appendEntries: org.apache.ratis.thirdparty.io.grpc.StatusRuntimeException: UNAVAILABLE: io exception
2019-11-12 23:39:34,927 [grpc-default-executor-3] INFO  impl.FollowerInfo (FollowerInfo.java:lambda$new$0(51)) - 1f658cad-a8c7-4c86-bbeb-2b40079268d7@group-52F5F982BB9D->98dbddad-cff4-4f87-9188-db1d76df9501: nextIndex: updateUnconditionally 0 -> 0
2019-11-12 23:39:35,206 [main] INFO  ozoneimpl.OzoneContainer (OzoneContainer.java:stop(244)) - Attempting to stop container services.
2019-11-12 23:39:35,206 [ForkJoinPool.commonPool-worker-1] INFO  ozoneimpl.OzoneContainer (OzoneContainer.java:stop(244)) - Attempting to stop container services.
2019-11-12 23:39:35,209 [main] INFO  impl.RaftServerProxy (RaftServerProxy.java:lambda$close$4(314)) - ba8cdd06-c5bd-4e11-819a-217b7aca0c32: close
2019-11-12 23:39:35,209 [ForkJoinPool.commonPool-worker-1] INFO  impl.RaftServerProxy (RaftServerProxy.java:lambda$close$4(314)) - 1f658cad-a8c7-4c86-bbeb-2b40079268d7: close
2019-11-12 23:39:35,210 [ForkJoinPool.commonPool-worker-1] INFO  impl.RaftServerImpl (RaftServerImpl.java:lambda$shutdown$3(250)) - 1f658cad-a8c7-4c86-bbeb-2b40079268d7@group-52F5F982BB9D: shutdown
2019-11-12 23:39:35,210 [main] INFO  impl.RaftServerImpl (RaftServerImpl.java:lambda$shutdown$3(250)) - ba8cdd06-c5bd-4e11-819a-217b7aca0c32@group-27F51BAEDF16: shutdown
2019-11-12 23:39:35,210 [ForkJoinPool.commonPool-worker-1] INFO  util.JmxRegister (JmxRegister.java:unregister(73)) - Successfully un-registered JMX Bean with object name Ratis:service=RaftServer,group=group-52F5F982BB9D,id=1f658cad-a8c7-4c86-bbeb-2b40079268d7
2019-11-12 23:39:35,210 [main] INFO  util.JmxRegister (JmxRegister.java:unregister(73)) - Successfully un-registered JMX Bean with object name Ratis:service=RaftServer,group=group-27F51BAEDF16,id=ba8cdd06-c5bd-4e11-819a-217b7aca0c32
2019-11-12 23:39:35,210 [ForkJoinPool.commonPool-worker-1] INFO  impl.RoleInfo (RoleInfo.java:shutdownLeaderState(104)) - 1f658cad-a8c7-4c86-bbeb-2b40079268d7: shutdown LeaderState
2019-11-12 23:39:35,211 [main] INFO  impl.RoleInfo (RoleInfo.java:shutdownLeaderState(104)) - ba8cdd06-c5bd-4e11-819a-217b7aca0c32: shutdown LeaderState
2019-11-12 23:39:35,217 [org.apache.ratis.server.impl.LogAppender$AppenderDaemon$$Lambda$407/373218175@3edf19c] WARN  server.GrpcLogAppender (GrpcLogAppender.java:mayWait(151)) - 1f658cad-a8c7-4c86-bbeb-2b40079268d7@group-52F5F982BB9D->56d70f56-ceb9-47f6-9690-e0ced3248985-GrpcLogAppender: Wait interrupted by java.lang.InterruptedException
2019-11-12 23:39:35,216 [org.apache.ratis.server.impl.LogAppender$AppenderDaemon$$Lambda$407/373218175@46ef7f85] WARN  server.GrpcLogAppender (GrpcLogAppender.java:mayWait(151)) - 1f658cad-a8c7-4c86-bbeb-2b40079268d7@group-52F5F982BB9D->98dbddad-cff4-4f87-9188-db1d76df9501-GrpcLogAppender: Wait interrupted by java.lang.InterruptedException
2019-11-12 23:39:35,216 [ForkJoinPool.commonPool-worker-1] INFO  impl.PendingRequests (PendingRequests.java:sendNotLeaderResponses(206)) - 1f658cad-a8c7-4c86-bbeb-2b40079268d7@group-52F5F982BB9D-PendingRequests: sendNotLeaderResponses
2019-11-12 23:39:35,217 [main] INFO  impl.PendingRequests (PendingRequests.java:sendNotLeaderResponses(206)) - ba8cdd06-c5bd-4e11-819a-217b7aca0c32@group-27F51BAEDF16-PendingRequests: sendNotLeaderResponses
2019-11-12 23:39:35,218 [grpc-default-executor-3] INFO  server.GrpcServerProtocolService (GrpcServerProtocolService.java:onCompleted(113)) - 56d70f56-ceb9-47f6-9690-e0ced3248985: Completed APPEND_ENTRIES, lastRequest: 1f658cad-a8c7-4c86-bbeb-2b40079268d7->56d70f56-ceb9-47f6-9690-e0ced3248985#59-t1, previous=(t:1, i:7), leaderCommit=7, initializing? false, entries: <empty>
2019-11-12 23:39:35,222 [main] INFO  impl.StateMachineUpdater (StateMachineUpdater.java:stopAndJoin(136)) - ba8cdd06-c5bd-4e11-819a-217b7aca0c32@group-27F51BAEDF16-StateMachineUpdater: set stopIndex = 0
2019-11-12 23:39:35,222 [1f658cad-a8c7-4c86-bbeb-2b40079268d7@group-52F5F982BB9D-StateMachineUpdater] INFO  ratis.ContainerStateMachine (ContainerStateMachine.java:takeSnapshot(285)) - group-52F5F982BB9D: Taking a snapshot at:(t:1, i:7) file /workdir/hadoop-ozone/integration-test/target/test-dir/MiniOzoneClusterImpl-af41d755-250d-41c0-9b7d-b62086ffbdd4/datanode-0/data/ratis/902052f6-9394-4a90-85bd-52f5f982bb9d/sm/snapshot.1_7
2019-11-12 23:39:35,222 [ForkJoinPool.commonPool-worker-1] INFO  impl.StateMachineUpdater (StateMachineUpdater.java:stopAndJoin(136)) - 1f658cad-a8c7-4c86-bbeb-2b40079268d7@group-52F5F982BB9D-StateMachineUpdater: set stopIndex = 7
2019-11-12 23:39:35,223 [grpc-default-executor-3] INFO  server.GrpcLogAppender (GrpcLogAppender.java:onCompleted(308)) - 1f658cad-a8c7-4c86-bbeb-2b40079268d7@group-52F5F982BB9D->56d70f56-ceb9-47f6-9690-e0ced3248985-AppendLogResponseHandler: follower responses appendEntries COMPLETED
2019-11-12 23:39:35,223 [main] INFO  impl.RaftServerImpl (ServerState.java:close(387)) - ba8cdd06-c5bd-4e11-819a-217b7aca0c32@group-27F51BAEDF16: closes. applyIndex: 0
2019-11-12 23:39:35,224 [grpc-default-executor-3] INFO  impl.FollowerInfo (FollowerInfo.java:lambda$new$0(51)) - 1f658cad-a8c7-4c86-bbeb-2b40079268d7@group-52F5F982BB9D->56d70f56-ceb9-47f6-9690-e0ced3248985: nextIndex: updateUnconditionally 8 -> 7
2019-11-12 23:39:35,224 [ba8cdd06-c5bd-4e11-819a-217b7aca0c32@group-27F51BAEDF16-SegmentedRaftLogWorker] INFO  segmented.SegmentedRaftLogWorker (SegmentedRaftLogWorker.java:run(316)) - ba8cdd06-c5bd-4e11-819a-217b7aca0c32@group-27F51BAEDF16-SegmentedRaftLogWorker was interrupted, exiting. There are 0 tasks remaining in the queue.
2019-11-12 23:39:35,225 [main] INFO  segmented.SegmentedRaftLogWorker (SegmentedRaftLogWorker.java:close(224)) - ba8cdd06-c5bd-4e11-819a-217b7aca0c32@group-27F51BAEDF16-SegmentedRaftLogWorker close()
2019-11-12 23:39:35,225 [main] INFO  server.GrpcService (GrpcService.java:closeImpl(164)) - ba8cdd06-c5bd-4e11-819a-217b7aca0c32: shutdown server with port 45373 now
2019-11-12 23:39:35,227 [main] INFO  server.GrpcService (GrpcService.java:closeImpl(172)) - ba8cdd06-c5bd-4e11-819a-217b7aca0c32: shutdown server with port 45373 successfully
2019-11-12 23:39:35,230 [refreshUsed-/workdir/hadoop-ozone/integration-test/target/test-dir/MiniOzoneClusterImpl-af41d755-250d-41c0-9b7d-b62086ffbdd4/datanode-9/data/containers] WARN  fs.CachingGetSpaceUsed (CachingGetSpaceUsed.java:run(183)) - Thread Interrupted waiting to refresh disk information: sleep interrupted
2019-11-12 23:39:35,253 [main] INFO  utils.BackgroundService (BackgroundService.java:shutdown(151)) - Shutting down service BlockDeletingService
2019-11-12 23:39:35,255 [main] INFO  statemachine.DatanodeStateMachine (DatanodeStateMachine.java:stopDaemon(395)) - Ozone container server stopped.
2019-11-12 23:39:35,255 [1f658cad-a8c7-4c86-bbeb-2b40079268d7@group-52F5F982BB9D-StateMachineUpdater] INFO  ratis.ContainerStateMachine (ContainerStateMachine.java:takeSnapshot(296)) - group-52F5F982BB9D: Finished taking a snapshot at:(t:1, i:7) file:/workdir/hadoop-ozone/integration-test/target/test-dir/MiniOzoneClusterImpl-af41d755-250d-41c0-9b7d-b62086ffbdd4/datanode-0/data/ratis/902052f6-9394-4a90-85bd-52f5f982bb9d/sm/snapshot.1_7 time:34
2019-11-12 23:39:35,256 [1f658cad-a8c7-4c86-bbeb-2b40079268d7@group-52F5F982BB9D-StateMachineUpdater] INFO  impl.StateMachineUpdater (StateMachineUpdater.java:takeSnapshot(269)) - 1f658cad-a8c7-4c86-bbeb-2b40079268d7@group-52F5F982BB9D-StateMachineUpdater: Took a snapshot at index 7
2019-11-12 23:39:35,256 [1f658cad-a8c7-4c86-bbeb-2b40079268d7@group-52F5F982BB9D-StateMachineUpdater] INFO  impl.StateMachineUpdater (StateMachineUpdater.java:lambda$new$0(84)) - 1f658cad-a8c7-4c86-bbeb-2b40079268d7@group-52F5F982BB9D-StateMachineUpdater: snapshotIndex: updateIncreasingly -1 -> 7
2019-11-12 23:39:35,257 [ForkJoinPool.commonPool-worker-1] INFO  impl.RaftServerImpl (ServerState.java:close(387)) - 1f658cad-a8c7-4c86-bbeb-2b40079268d7@group-52F5F982BB9D: closes. applyIndex: 7
2019-11-12 23:39:35,258 [1f658cad-a8c7-4c86-bbeb-2b40079268d7@group-52F5F982BB9D-SegmentedRaftLogWorker] INFO  segmented.SegmentedRaftLogWorker (SegmentedRaftLogWorker.java:run(316)) - 1f658cad-a8c7-4c86-bbeb-2b40079268d7@group-52F5F982BB9D-SegmentedRaftLogWorker was interrupted, exiting. There are 0 tasks remaining in the queue.
2019-11-12 23:39:35,258 [ForkJoinPool.commonPool-worker-1] INFO  segmented.SegmentedRaftLogWorker (SegmentedRaftLogWorker.java:close(224)) - 1f658cad-a8c7-4c86-bbeb-2b40079268d7@group-52F5F982BB9D-SegmentedRaftLogWorker close()
2019-11-12 23:39:35,258 [main] INFO  handler.ContextHandler (ContextHandler.java:doStop(910)) - Stopped o.e.j.w.WebAppContext@1510b9a2{/,null,UNAVAILABLE}{/hddsDatanode}
2019-11-12 23:39:35,258 [ForkJoinPool.commonPool-worker-1] INFO  impl.RaftServerImpl (RaftServerImpl.java:lambda$shutdown$3(250)) - 1f658cad-a8c7-4c86-bbeb-2b40079268d7@group-88C4C379140B: shutdown
2019-11-12 23:39:35,259 [ForkJoinPool.commonPool-worker-1] INFO  util.JmxRegister (JmxRegister.java:unregister(73)) - Successfully un-registered JMX Bean with object name Ratis:service=RaftServer,group=group-88C4C379140B,id=1f658cad-a8c7-4c86-bbeb-2b40079268d7
2019-11-12 23:39:35,259 [ForkJoinPool.commonPool-worker-1] INFO  impl.RoleInfo (RoleInfo.java:shutdownLeaderState(104)) - 1f658cad-a8c7-4c86-bbeb-2b40079268d7: shutdown LeaderState
2019-11-12 23:39:35,259 [ForkJoinPool.commonPool-worker-1] INFO  impl.PendingRequests (PendingRequests.java:sendNotLeaderResponses(206)) - 1f658cad-a8c7-4c86-bbeb-2b40079268d7@group-88C4C379140B-PendingRequests: sendNotLeaderResponses
2019-11-12 23:39:35,259 [main] INFO  server.AbstractConnector (AbstractConnector.java:doStop(318)) - Stopped ServerConnector@76a6f045{HTTP/1.1,[http/1.1]}{0.0.0.0:0}
2019-11-12 23:39:35,259 [ForkJoinPool.commonPool-worker-1] INFO  impl.StateMachineUpdater (StateMachineUpdater.java:stopAndJoin(136)) - 1f658cad-a8c7-4c86-bbeb-2b40079268d7@group-88C4C379140B-StateMachineUpdater: set stopIndex = 0
2019-11-12 23:39:35,260 [main] INFO  handler.ContextHandler (ContextHandler.java:doStop(910)) - Stopped o.e.j.s.ServletContextHandler@4e974b9e{/static,jar:file:/home/user/.m2/repository/org/apache/hadoop/hadoop-hdds-container-service/0.5.0-SNAPSHOT/hadoop-hdds-container-service-0.5.0-SNAPSHOT.jar!/webapps/static,UNAVAILABLE}
2019-11-12 23:39:35,260 [ForkJoinPool.commonPool-worker-1] INFO  impl.RaftServerImpl (ServerState.java:close(387)) - 1f658cad-a8c7-4c86-bbeb-2b40079268d7@group-88C4C379140B: closes. applyIndex: 0
2019-11-12 23:39:35,260 [main] INFO  handler.ContextHandler (ContextHandler.java:doStop(910)) - Stopped o.e.j.s.ServletContextHandler@7ae590f6{/logs,file:///workdir/hadoop-ozone/integration-test/target/log,UNAVAILABLE}
2019-11-12 23:39:35,260 [1f658cad-a8c7-4c86-bbeb-2b40079268d7@group-88C4C379140B-SegmentedRaftLogWorker] INFO  segmented.SegmentedRaftLogWorker (SegmentedRaftLogWorker.java:run(316)) - 1f658cad-a8c7-4c86-bbeb-2b40079268d7@group-88C4C379140B-SegmentedRaftLogWorker was interrupted, exiting. There are 0 tasks remaining in the queue.
2019-11-12 23:39:35,261 [ForkJoinPool.commonPool-worker-1] INFO  segmented.SegmentedRaftLogWorker (SegmentedRaftLogWorker.java:close(224)) - 1f658cad-a8c7-4c86-bbeb-2b40079268d7@group-88C4C379140B-SegmentedRaftLogWorker close()
2019-11-12 23:39:35,261 [ForkJoinPool.commonPool-worker-1] INFO  server.GrpcService (GrpcService.java:closeImpl(164)) - 1f658cad-a8c7-4c86-bbeb-2b40079268d7: shutdown server with port 44556 now
2019-11-12 23:39:35,262 [ForkJoinPool.commonPool-worker-1] INFO  server.GrpcService (GrpcService.java:closeImpl(172)) - 1f658cad-a8c7-4c86-bbeb-2b40079268d7: shutdown server with port 44556 successfully
2019-11-12 23:39:35,264 [refreshUsed-/workdir/hadoop-ozone/integration-test/target/test-dir/MiniOzoneClusterImpl-af41d755-250d-41c0-9b7d-b62086ffbdd4/datanode-0/data/containers] WARN  fs.CachingGetSpaceUsed (CachingGetSpaceUsed.java:run(183)) - Thread Interrupted waiting to refresh disk information: sleep interrupted
2019-11-12 23:39:35,284 [ForkJoinPool.commonPool-worker-1] INFO  utils.BackgroundService (BackgroundService.java:shutdown(151)) - Shutting down service BlockDeletingService
2019-11-12 23:39:35,285 [ForkJoinPool.commonPool-worker-1] INFO  statemachine.DatanodeStateMachine (DatanodeStateMachine.java:stopDaemon(395)) - Ozone container server stopped.
2019-11-12 23:39:35,287 [ForkJoinPool.commonPool-worker-1] INFO  handler.ContextHandler (ContextHandler.java:doStop(910)) - Stopped o.e.j.w.WebAppContext@5122e4bf{/,null,UNAVAILABLE}{/hddsDatanode}
2019-11-12 23:39:35,287 [ForkJoinPool.commonPool-worker-1] INFO  server.AbstractConnector (AbstractConnector.java:doStop(318)) - Stopped ServerConnector@23e61112{HTTP/1.1,[http/1.1]}{0.0.0.0:0}
2019-11-12 23:39:35,288 [ForkJoinPool.commonPool-worker-1] INFO  handler.ContextHandler (ContextHandler.java:doStop(910)) - Stopped o.e.j.s.ServletContextHandler@6e95973c{/static,jar:file:/home/user/.m2/repository/org/apache/hadoop/hadoop-hdds-container-service/0.5.0-SNAPSHOT/hadoop-hdds-container-service-0.5.0-SNAPSHOT.jar!/webapps/static,UNAVAILABLE}
2019-11-12 23:39:35,289 [ForkJoinPool.commonPool-worker-1] INFO  handler.ContextHandler (ContextHandler.java:doStop(910)) - Stopped o.e.j.s.ServletContextHandler@78d92eef{/logs,file:///workdir/hadoop-ozone/integration-test/target/log,UNAVAILABLE}
2019-11-12 23:39:35,851 [Datanode State Machine Thread - 0] INFO  statemachine.DatanodeStateMachine (DatanodeStateMachine.java:lambda$startDaemon$0(350)) - Ozone container server started.
2019-11-12 23:39:36,920 [Thread-4151] INFO  impl.FollowerState (FollowerState.java:run(111)) - 56d70f56-ceb9-47f6-9690-e0ced3248985@group-52F5F982BB9D-FollowerState: change to CANDIDATE, lastRpcTime:1957ms, electionTimeout:1012ms
2019-11-12 23:39:36,921 [Thread-4151] INFO  impl.RoleInfo (RoleInfo.java:shutdownFollowerState(121)) - 56d70f56-ceb9-47f6-9690-e0ced3248985: shutdown FollowerState
2019-11-12 23:39:36,921 [Thread-4151] INFO  impl.RaftServerImpl (RaftServerImpl.java:setRole(173)) - 56d70f56-ceb9-47f6-9690-e0ced3248985@group-52F5F982BB9D: changes role from  FOLLOWER to CANDIDATE at term 1 for changeToCandidate
2019-11-12 23:39:36,921 [Thread-4151] INFO  impl.RoleInfo (RoleInfo.java:updateAndGet(143)) - 56d70f56-ceb9-47f6-9690-e0ced3248985: start LeaderElection
2019-11-12 23:39:36,921 [56d70f56-ceb9-47f6-9690-e0ced3248985@group-52F5F982BB9D-LeaderElection192] INFO  impl.RaftServerImpl (ServerState.java:setLeader(255)) - 56d70f56-ceb9-47f6-9690-e0ced3248985@group-52F5F982BB9D: change Leader from 1f658cad-a8c7-4c86-bbeb-2b40079268d7 to null at term 1 for initElection
2019-11-12 23:39:36,948 [56d70f56-ceb9-47f6-9690-e0ced3248985@group-52F5F982BB9D-LeaderElection192] INFO  impl.LeaderElection (LeaderElection.java:askForVotes(178)) - 56d70f56-ceb9-47f6-9690-e0ced3248985@group-52F5F982BB9D-LeaderElection192: begin an election at term 2 for 0: [56d70f56-ceb9-47f6-9690-e0ced3248985:192.168.164.236:34224, 1f658cad-a8c7-4c86-bbeb-2b40079268d7:192.168.164.236:44556, 98dbddad-cff4-4f87-9188-db1d76df9501:192.168.164.236:45282], old=null
2019-11-12 23:39:36,950 [56d70f56-ceb9-47f6-9690-e0ced3248985@group-52F5F982BB9D-LeaderElection192] INFO  impl.LeaderElection (LogUtils.java:infoOrTrace(149)) - 56d70f56-ceb9-47f6-9690-e0ced3248985@group-52F5F982BB9D-LeaderElection192 got exception when requesting votes: {}
java.util.concurrent.ExecutionException: org.apache.ratis.thirdparty.io.grpc.StatusRuntimeException: UNAVAILABLE: io exception
	at java.util.concurrent.FutureTask.report(FutureTask.java:122)
	at java.util.concurrent.FutureTask.get(FutureTask.java:192)
	at org.apache.ratis.server.impl.LeaderElection.waitForResults(LeaderElection.java:259)
	at org.apache.ratis.server.impl.LeaderElection.askForVotes(LeaderElection.java:197)
	at org.apache.ratis.server.impl.LeaderElection.run(LeaderElection.java:133)
	at java.lang.Thread.run(Thread.java:748)
Caused by: org.apache.ratis.thirdparty.io.grpc.StatusRuntimeException: UNAVAILABLE: io exception
	at org.apache.ratis.thirdparty.io.grpc.stub.ClientCalls.toStatusRuntimeException(ClientCalls.java:233)
	at org.apache.ratis.thirdparty.io.grpc.stub.ClientCalls.getUnchecked(ClientCalls.java:214)
	at org.apache.ratis.thirdparty.io.grpc.stub.ClientCalls.blockingUnaryCall(ClientCalls.java:139)
	at org.apache.ratis.proto.grpc.RaftServerProtocolServiceGrpc$RaftServerProtocolServiceBlockingStub.requestVote(RaftServerProtocolServiceGrpc.java:265)
	at org.apache.ratis.grpc.server.GrpcServerProtocolClient.requestVote(GrpcServerProtocolClient.java:99)
	at org.apache.ratis.grpc.server.GrpcService.requestVote(GrpcService.java:204)
	at org.apache.ratis.server.impl.LeaderElection.lambda$submitRequests$1(LeaderElection.java:234)
	at java.util.concurrent.FutureTask.run(FutureTask.java:266)
	at java.util.concurrent.Executors$RunnableAdapter.call(Executors.java:511)
	at java.util.concurrent.FutureTask.run(FutureTask.java:266)
	at java.util.concurrent.ThreadPoolExecutor.runWorker(ThreadPoolExecutor.java:1149)
	at java.util.concurrent.ThreadPoolExecutor$Worker.run(ThreadPoolExecutor.java:624)
	... 1 more
Caused by: org.apache.ratis.thirdparty.io.netty.channel.AbstractChannel$AnnotatedConnectException: Connection refused: /192.168.164.236:45282
	at sun.nio.ch.SocketChannelImpl.checkConnect(Native Method)
	at sun.nio.ch.SocketChannelImpl.finishConnect(SocketChannelImpl.java:717)
	at org.apache.ratis.thirdparty.io.netty.channel.socket.nio.NioSocketChannel.doFinishConnect(NioSocketChannel.java:327)
	at org.apache.ratis.thirdparty.io.netty.channel.nio.AbstractNioChannel$AbstractNioUnsafe.finishConnect(AbstractNioChannel.java:340)
	at org.apache.ratis.thirdparty.io.netty.channel.nio.NioEventLoop.processSelectedKey(NioEventLoop.java:632)
	at org.apache.ratis.thirdparty.io.netty.channel.nio.NioEventLoop.processSelectedKeysOptimized(NioEventLoop.java:579)
	at org.apache.ratis.thirdparty.io.netty.channel.nio.NioEventLoop.processSelectedKeys(NioEventLoop.java:496)
	at org.apache.ratis.thirdparty.io.netty.channel.nio.NioEventLoop.run(NioEventLoop.java:458)
	at org.apache.ratis.thirdparty.io.netty.util.concurrent.SingleThreadEventExecutor$5.run(SingleThreadEventExecutor.java:897)
	at org.apache.ratis.thirdparty.io.netty.util.concurrent.FastThreadLocalRunnable.run(FastThreadLocalRunnable.java:30)
	... 1 more
Caused by: java.net.ConnectException: Connection refused
	... 11 more
2019-11-12 23:39:36,951 [56d70f56-ceb9-47f6-9690-e0ced3248985@group-52F5F982BB9D-LeaderElection192] INFO  impl.LeaderElection (LogUtils.java:infoOrTrace(149)) - 56d70f56-ceb9-47f6-9690-e0ced3248985@group-52F5F982BB9D-LeaderElection192 got exception when requesting votes: {}
java.util.concurrent.ExecutionException: org.apache.ratis.thirdparty.io.grpc.StatusRuntimeException: UNAVAILABLE: io exception
	at java.util.concurrent.FutureTask.report(FutureTask.java:122)
	at java.util.concurrent.FutureTask.get(FutureTask.java:192)
	at org.apache.ratis.server.impl.LeaderElection.waitForResults(LeaderElection.java:259)
	at org.apache.ratis.server.impl.LeaderElection.askForVotes(LeaderElection.java:197)
	at org.apache.ratis.server.impl.LeaderElection.run(LeaderElection.java:133)
	at java.lang.Thread.run(Thread.java:748)
Caused by: org.apache.ratis.thirdparty.io.grpc.StatusRuntimeException: UNAVAILABLE: io exception
	at org.apache.ratis.thirdparty.io.grpc.stub.ClientCalls.toStatusRuntimeException(ClientCalls.java:233)
	at org.apache.ratis.thirdparty.io.grpc.stub.ClientCalls.getUnchecked(ClientCalls.java:214)
	at org.apache.ratis.thirdparty.io.grpc.stub.ClientCalls.blockingUnaryCall(ClientCalls.java:139)
	at org.apache.ratis.proto.grpc.RaftServerProtocolServiceGrpc$RaftServerProtocolServiceBlockingStub.requestVote(RaftServerProtocolServiceGrpc.java:265)
	at org.apache.ratis.grpc.server.GrpcServerProtocolClient.requestVote(GrpcServerProtocolClient.java:99)
	at org.apache.ratis.grpc.server.GrpcService.requestVote(GrpcService.java:204)
	at org.apache.ratis.server.impl.LeaderElection.lambda$submitRequests$1(LeaderElection.java:234)
	at java.util.concurrent.FutureTask.run(FutureTask.java:266)
	at java.util.concurrent.Executors$RunnableAdapter.call(Executors.java:511)
	at java.util.concurrent.FutureTask.run(FutureTask.java:266)
	at java.util.concurrent.ThreadPoolExecutor.runWorker(ThreadPoolExecutor.java:1149)
	at java.util.concurrent.ThreadPoolExecutor$Worker.run(ThreadPoolExecutor.java:624)
	... 1 more
Caused by: org.apache.ratis.thirdparty.io.netty.channel.AbstractChannel$AnnotatedConnectException: Connection refused: /192.168.164.236:44556
	at sun.nio.ch.SocketChannelImpl.checkConnect(Native Method)
	at sun.nio.ch.SocketChannelImpl.finishConnect(SocketChannelImpl.java:717)
	at org.apache.ratis.thirdparty.io.netty.channel.socket.nio.NioSocketChannel.doFinishConnect(NioSocketChannel.java:327)
	at org.apache.ratis.thirdparty.io.netty.channel.nio.AbstractNioChannel$AbstractNioUnsafe.finishConnect(AbstractNioChannel.java:340)
	at org.apache.ratis.thirdparty.io.netty.channel.nio.NioEventLoop.processSelectedKey(NioEventLoop.java:632)
	at org.apache.ratis.thirdparty.io.netty.channel.nio.NioEventLoop.processSelectedKeysOptimized(NioEventLoop.java:579)
	at org.apache.ratis.thirdparty.io.netty.channel.nio.NioEventLoop.processSelectedKeys(NioEventLoop.java:496)
	at org.apache.ratis.thirdparty.io.netty.channel.nio.NioEventLoop.run(NioEventLoop.java:458)
	at org.apache.ratis.thirdparty.io.netty.util.concurrent.SingleThreadEventExecutor$5.run(SingleThreadEventExecutor.java:897)
	at org.apache.ratis.thirdparty.io.netty.util.concurrent.FastThreadLocalRunnable.run(FastThreadLocalRunnable.java:30)
	... 1 more
Caused by: java.net.ConnectException: Connection refused
	... 11 more
2019-11-12 23:39:36,952 [56d70f56-ceb9-47f6-9690-e0ced3248985@group-52F5F982BB9D-LeaderElection192] INFO  impl.LeaderElection (LeaderElection.java:logAndReturn(56)) - 56d70f56-ceb9-47f6-9690-e0ced3248985@group-52F5F982BB9D-LeaderElection192: Election REJECTED; received 0 response(s) [] and 2 exception(s); 56d70f56-ceb9-47f6-9690-e0ced3248985@group-52F5F982BB9D:t2, leader=null, voted=56d70f56-ceb9-47f6-9690-e0ced3248985, raftlog=56d70f56-ceb9-47f6-9690-e0ced3248985@group-52F5F982BB9D-SegmentedRaftLog:OPENED:c7,f7,i7, conf=0: [56d70f56-ceb9-47f6-9690-e0ced3248985:192.168.164.236:34224, 1f658cad-a8c7-4c86-bbeb-2b40079268d7:192.168.164.236:44556, 98dbddad-cff4-4f87-9188-db1d76df9501:192.168.164.236:45282], old=null
2019-11-12 23:39:36,952 [56d70f56-ceb9-47f6-9690-e0ced3248985@group-52F5F982BB9D-LeaderElection192] INFO  impl.LeaderElection (LogUtils.java:infoOrTrace(149)) -   Exception 0: {}
java.util.concurrent.ExecutionException: org.apache.ratis.thirdparty.io.grpc.StatusRuntimeException: UNAVAILABLE: io exception
	at java.util.concurrent.FutureTask.report(FutureTask.java:122)
	at java.util.concurrent.FutureTask.get(FutureTask.java:192)
	at org.apache.ratis.server.impl.LeaderElection.waitForResults(LeaderElection.java:259)
	at org.apache.ratis.server.impl.LeaderElection.askForVotes(LeaderElection.java:197)
	at org.apache.ratis.server.impl.LeaderElection.run(LeaderElection.java:133)
	at java.lang.Thread.run(Thread.java:748)
Caused by: org.apache.ratis.thirdparty.io.grpc.StatusRuntimeException: UNAVAILABLE: io exception
	at org.apache.ratis.thirdparty.io.grpc.stub.ClientCalls.toStatusRuntimeException(ClientCalls.java:233)
	at org.apache.ratis.thirdparty.io.grpc.stub.ClientCalls.getUnchecked(ClientCalls.java:214)
	at org.apache.ratis.thirdparty.io.grpc.stub.ClientCalls.blockingUnaryCall(ClientCalls.java:139)
	at org.apache.ratis.proto.grpc.RaftServerProtocolServiceGrpc$RaftServerProtocolServiceBlockingStub.requestVote(RaftServerProtocolServiceGrpc.java:265)
	at org.apache.ratis.grpc.server.GrpcServerProtocolClient.requestVote(GrpcServerProtocolClient.java:99)
	at org.apache.ratis.grpc.server.GrpcService.requestVote(GrpcService.java:204)
	at org.apache.ratis.server.impl.LeaderElection.lambda$submitRequests$1(LeaderElection.java:234)
	at java.util.concurrent.FutureTask.run(FutureTask.java:266)
	at java.util.concurrent.Executors$RunnableAdapter.call(Executors.java:511)
	at java.util.concurrent.FutureTask.run(FutureTask.java:266)
	at java.util.concurrent.ThreadPoolExecutor.runWorker(ThreadPoolExecutor.java:1149)
	at java.util.concurrent.ThreadPoolExecutor$Worker.run(ThreadPoolExecutor.java:624)
	... 1 more
Caused by: org.apache.ratis.thirdparty.io.netty.channel.AbstractChannel$AnnotatedConnectException: Connection refused: /192.168.164.236:45282
	at sun.nio.ch.SocketChannelImpl.checkConnect(Native Method)
	at sun.nio.ch.SocketChannelImpl.finishConnect(SocketChannelImpl.java:717)
	at org.apache.ratis.thirdparty.io.netty.channel.socket.nio.NioSocketChannel.doFinishConnect(NioSocketChannel.java:327)
	at org.apache.ratis.thirdparty.io.netty.channel.nio.AbstractNioChannel$AbstractNioUnsafe.finishConnect(AbstractNioChannel.java:340)
	at org.apache.ratis.thirdparty.io.netty.channel.nio.NioEventLoop.processSelectedKey(NioEventLoop.java:632)
	at org.apache.ratis.thirdparty.io.netty.channel.nio.NioEventLoop.processSelectedKeysOptimized(NioEventLoop.java:579)
	at org.apache.ratis.thirdparty.io.netty.channel.nio.NioEventLoop.processSelectedKeys(NioEventLoop.java:496)
	at org.apache.ratis.thirdparty.io.netty.channel.nio.NioEventLoop.run(NioEventLoop.java:458)
	at org.apache.ratis.thirdparty.io.netty.util.concurrent.SingleThreadEventExecutor$5.run(SingleThreadEventExecutor.java:897)
	at org.apache.ratis.thirdparty.io.netty.util.concurrent.FastThreadLocalRunnable.run(FastThreadLocalRunnable.java:30)
	... 1 more
Caused by: java.net.ConnectException: Connection refused
	... 11 more
2019-11-12 23:39:36,952 [56d70f56-ceb9-47f6-9690-e0ced3248985@group-52F5F982BB9D-LeaderElection192] INFO  impl.LeaderElection (LogUtils.java:infoOrTrace(149)) -   Exception 1: {}
java.util.concurrent.ExecutionException: org.apache.ratis.thirdparty.io.grpc.StatusRuntimeException: UNAVAILABLE: io exception
	at java.util.concurrent.FutureTask.report(FutureTask.java:122)
	at java.util.concurrent.FutureTask.get(FutureTask.java:192)
	at org.apache.ratis.server.impl.LeaderElection.waitForResults(LeaderElection.java:259)
	at org.apache.ratis.server.impl.LeaderElection.askForVotes(LeaderElection.java:197)
	at org.apache.ratis.server.impl.LeaderElection.run(LeaderElection.java:133)
	at java.lang.Thread.run(Thread.java:748)
Caused by: org.apache.ratis.thirdparty.io.grpc.StatusRuntimeException: UNAVAILABLE: io exception
	at org.apache.ratis.thirdparty.io.grpc.stub.ClientCalls.toStatusRuntimeException(ClientCalls.java:233)
	at org.apache.ratis.thirdparty.io.grpc.stub.ClientCalls.getUnchecked(ClientCalls.java:214)
	at org.apache.ratis.thirdparty.io.grpc.stub.ClientCalls.blockingUnaryCall(ClientCalls.java:139)
	at org.apache.ratis.proto.grpc.RaftServerProtocolServiceGrpc$RaftServerProtocolServiceBlockingStub.requestVote(RaftServerProtocolServiceGrpc.java:265)
	at org.apache.ratis.grpc.server.GrpcServerProtocolClient.requestVote(GrpcServerProtocolClient.java:99)
	at org.apache.ratis.grpc.server.GrpcService.requestVote(GrpcService.java:204)
	at org.apache.ratis.server.impl.LeaderElection.lambda$submitRequests$1(LeaderElection.java:234)
	at java.util.concurrent.FutureTask.run(FutureTask.java:266)
	at java.util.concurrent.Executors$RunnableAdapter.call(Executors.java:511)
	at java.util.concurrent.FutureTask.run(FutureTask.java:266)
	at java.util.concurrent.ThreadPoolExecutor.runWorker(ThreadPoolExecutor.java:1149)
	at java.util.concurrent.ThreadPoolExecutor$Worker.run(ThreadPoolExecutor.java:624)
	... 1 more
Caused by: org.apache.ratis.thirdparty.io.netty.channel.AbstractChannel$AnnotatedConnectException: Connection refused: /192.168.164.236:44556
	at sun.nio.ch.SocketChannelImpl.checkConnect(Native Method)
	at sun.nio.ch.SocketChannelImpl.finishConnect(SocketChannelImpl.java:717)
	at org.apache.ratis.thirdparty.io.netty.channel.socket.nio.NioSocketChannel.doFinishConnect(NioSocketChannel.java:327)
	at org.apache.ratis.thirdparty.io.netty.channel.nio.AbstractNioChannel$AbstractNioUnsafe.finishConnect(AbstractNioChannel.java:340)
	at org.apache.ratis.thirdparty.io.netty.channel.nio.NioEventLoop.processSelectedKey(NioEventLoop.java:632)
	at org.apache.ratis.thirdparty.io.netty.channel.nio.NioEventLoop.processSelectedKeysOptimized(NioEventLoop.java:579)
	at org.apache.ratis.thirdparty.io.netty.channel.nio.NioEventLoop.processSelectedKeys(NioEventLoop.java:496)
	at org.apache.ratis.thirdparty.io.netty.channel.nio.NioEventLoop.run(NioEventLoop.java:458)
	at org.apache.ratis.thirdparty.io.netty.util.concurrent.SingleThreadEventExecutor$5.run(SingleThreadEventExecutor.java:897)
	at org.apache.ratis.thirdparty.io.netty.util.concurrent.FastThreadLocalRunnable.run(FastThreadLocalRunnable.java:30)
	... 1 more
Caused by: java.net.ConnectException: Connection refused
	... 11 more
2019-11-12 23:39:36,953 [56d70f56-ceb9-47f6-9690-e0ced3248985@group-52F5F982BB9D-LeaderElection192] INFO  impl.RaftServerImpl (RaftServerImpl.java:setRole(173)) - 56d70f56-ceb9-47f6-9690-e0ced3248985@group-52F5F982BB9D: changes role from CANDIDATE to FOLLOWER at term 2 for DISCOVERED_A_NEW_TERM
2019-11-12 23:39:36,953 [56d70f56-ceb9-47f6-9690-e0ced3248985@group-52F5F982BB9D-LeaderElection192] INFO  impl.RoleInfo (RoleInfo.java:shutdownLeaderElection(134)) - 56d70f56-ceb9-47f6-9690-e0ced3248985: shutdown LeaderElection
2019-11-12 23:39:36,953 [56d70f56-ceb9-47f6-9690-e0ced3248985@group-52F5F982BB9D-LeaderElection192] INFO  impl.RoleInfo (RoleInfo.java:updateAndGet(143)) - 56d70f56-ceb9-47f6-9690-e0ced3248985: start FollowerState
2019-11-12 23:39:38,137 [Thread-4415] INFO  impl.FollowerState (FollowerState.java:run(111)) - 56d70f56-ceb9-47f6-9690-e0ced3248985@group-52F5F982BB9D-FollowerState: change to CANDIDATE, lastRpcTime:1183ms, electionTimeout:1183ms
2019-11-12 23:39:38,137 [Thread-4415] INFO  impl.RoleInfo (RoleInfo.java:shutdownFollowerState(121)) - 56d70f56-ceb9-47f6-9690-e0ced3248985: shutdown FollowerState
2019-11-12 23:39:38,137 [Thread-4415] INFO  impl.RaftServerImpl (RaftServerImpl.java:setRole(173)) - 56d70f56-ceb9-47f6-9690-e0ced3248985@group-52F5F982BB9D: changes role from  FOLLOWER to CANDIDATE at term 2 for changeToCandidate
2019-11-12 23:39:38,138 [Thread-4415] INFO  impl.RoleInfo (RoleInfo.java:updateAndGet(143)) - 56d70f56-ceb9-47f6-9690-e0ced3248985: start LeaderElection
2019-11-12 23:39:38,152 [56d70f56-ceb9-47f6-9690-e0ced3248985@group-52F5F982BB9D-LeaderElection193] INFO  impl.LeaderElection (LeaderElection.java:askForVotes(178)) - 56d70f56-ceb9-47f6-9690-e0ced3248985@group-52F5F982BB9D-LeaderElection193: begin an election at term 3 for 0: [56d70f56-ceb9-47f6-9690-e0ced3248985:192.168.164.236:34224, 1f658cad-a8c7-4c86-bbeb-2b40079268d7:192.168.164.236:44556, 98dbddad-cff4-4f87-9188-db1d76df9501:192.168.164.236:45282], old=null
2019-11-12 23:39:38,154 [56d70f56-ceb9-47f6-9690-e0ced3248985@group-52F5F982BB9D-LeaderElection193] INFO  impl.LeaderElection (LogUtils.java:infoOrTrace(149)) - 56d70f56-ceb9-47f6-9690-e0ced3248985@group-52F5F982BB9D-LeaderElection193 got exception when requesting votes: {}
java.util.concurrent.ExecutionException: org.apache.ratis.thirdparty.io.grpc.StatusRuntimeException: UNAVAILABLE: io exception
	at java.util.concurrent.FutureTask.report(FutureTask.java:122)
	at java.util.concurrent.FutureTask.get(FutureTask.java:192)
	at org.apache.ratis.server.impl.LeaderElection.waitForResults(LeaderElection.java:259)
	at org.apache.ratis.server.impl.LeaderElection.askForVotes(LeaderElection.java:197)
	at org.apache.ratis.server.impl.LeaderElection.run(LeaderElection.java:133)
	at java.lang.Thread.run(Thread.java:748)
Caused by: org.apache.ratis.thirdparty.io.grpc.StatusRuntimeException: UNAVAILABLE: io exception
	at org.apache.ratis.thirdparty.io.grpc.stub.ClientCalls.toStatusRuntimeException(ClientCalls.java:233)
	at org.apache.ratis.thirdparty.io.grpc.stub.ClientCalls.getUnchecked(ClientCalls.java:214)
	at org.apache.ratis.thirdparty.io.grpc.stub.ClientCalls.blockingUnaryCall(ClientCalls.java:139)
	at org.apache.ratis.proto.grpc.RaftServerProtocolServiceGrpc$RaftServerProtocolServiceBlockingStub.requestVote(RaftServerProtocolServiceGrpc.java:265)
	at org.apache.ratis.grpc.server.GrpcServerProtocolClient.requestVote(GrpcServerProtocolClient.java:99)
	at org.apache.ratis.grpc.server.GrpcService.requestVote(GrpcService.java:204)
	at org.apache.ratis.server.impl.LeaderElection.lambda$submitRequests$1(LeaderElection.java:234)
	at java.util.concurrent.FutureTask.run(FutureTask.java:266)
	at java.util.concurrent.Executors$RunnableAdapter.call(Executors.java:511)
	at java.util.concurrent.FutureTask.run(FutureTask.java:266)
	at java.util.concurrent.ThreadPoolExecutor.runWorker(ThreadPoolExecutor.java:1149)
	at java.util.concurrent.ThreadPoolExecutor$Worker.run(ThreadPoolExecutor.java:624)
	... 1 more
Caused by: org.apache.ratis.thirdparty.io.netty.channel.AbstractChannel$AnnotatedConnectException: Connection refused: /192.168.164.236:44556
	at sun.nio.ch.SocketChannelImpl.checkConnect(Native Method)
	at sun.nio.ch.SocketChannelImpl.finishConnect(SocketChannelImpl.java:717)
	at org.apache.ratis.thirdparty.io.netty.channel.socket.nio.NioSocketChannel.doFinishConnect(NioSocketChannel.java:327)
	at org.apache.ratis.thirdparty.io.netty.channel.nio.AbstractNioChannel$AbstractNioUnsafe.finishConnect(AbstractNioChannel.java:340)
	at org.apache.ratis.thirdparty.io.netty.channel.nio.NioEventLoop.processSelectedKey(NioEventLoop.java:632)
	at org.apache.ratis.thirdparty.io.netty.channel.nio.NioEventLoop.processSelectedKeysOptimized(NioEventLoop.java:579)
	at org.apache.ratis.thirdparty.io.netty.channel.nio.NioEventLoop.processSelectedKeys(NioEventLoop.java:496)
	at org.apache.ratis.thirdparty.io.netty.channel.nio.NioEventLoop.run(NioEventLoop.java:458)
	at org.apache.ratis.thirdparty.io.netty.util.concurrent.SingleThreadEventExecutor$5.run(SingleThreadEventExecutor.java:897)
	at org.apache.ratis.thirdparty.io.netty.util.concurrent.FastThreadLocalRunnable.run(FastThreadLocalRunnable.java:30)
	... 1 more
Caused by: java.net.ConnectException: Connection refused
	... 11 more
2019-11-12 23:39:38,154 [56d70f56-ceb9-47f6-9690-e0ced3248985@group-52F5F982BB9D-LeaderElection193] INFO  impl.LeaderElection (LogUtils.java:infoOrTrace(149)) - 56d70f56-ceb9-47f6-9690-e0ced3248985@group-52F5F982BB9D-LeaderElection193 got exception when requesting votes: {}
java.util.concurrent.ExecutionException: org.apache.ratis.thirdparty.io.grpc.StatusRuntimeException: UNAVAILABLE: io exception
	at java.util.concurrent.FutureTask.report(FutureTask.java:122)
	at java.util.concurrent.FutureTask.get(FutureTask.java:192)
	at org.apache.ratis.server.impl.LeaderElection.waitForResults(LeaderElection.java:259)
	at org.apache.ratis.server.impl.LeaderElection.askForVotes(LeaderElection.java:197)
	at org.apache.ratis.server.impl.LeaderElection.run(LeaderElection.java:133)
	at java.lang.Thread.run(Thread.java:748)
Caused by: org.apache.ratis.thirdparty.io.grpc.StatusRuntimeException: UNAVAILABLE: io exception
	at org.apache.ratis.thirdparty.io.grpc.stub.ClientCalls.toStatusRuntimeException(ClientCalls.java:233)
	at org.apache.ratis.thirdparty.io.grpc.stub.ClientCalls.getUnchecked(ClientCalls.java:214)
	at org.apache.ratis.thirdparty.io.grpc.stub.ClientCalls.blockingUnaryCall(ClientCalls.java:139)
	at org.apache.ratis.proto.grpc.RaftServerProtocolServiceGrpc$RaftServerProtocolServiceBlockingStub.requestVote(RaftServerProtocolServiceGrpc.java:265)
	at org.apache.ratis.grpc.server.GrpcServerProtocolClient.requestVote(GrpcServerProtocolClient.java:99)
	at org.apache.ratis.grpc.server.GrpcService.requestVote(GrpcService.java:204)
	at org.apache.ratis.server.impl.LeaderElection.lambda$submitRequests$1(LeaderElection.java:234)
	at java.util.concurrent.FutureTask.run(FutureTask.java:266)
	at java.util.concurrent.Executors$RunnableAdapter.call(Executors.java:511)
	at java.util.concurrent.FutureTask.run(FutureTask.java:266)
	at java.util.concurrent.ThreadPoolExecutor.runWorker(ThreadPoolExecutor.java:1149)
	at java.util.concurrent.ThreadPoolExecutor$Worker.run(ThreadPoolExecutor.java:624)
	... 1 more
Caused by: org.apache.ratis.thirdparty.io.netty.channel.AbstractChannel$AnnotatedConnectException: Connection refused: /192.168.164.236:45282
	at sun.nio.ch.SocketChannelImpl.checkConnect(Native Method)
	at sun.nio.ch.SocketChannelImpl.finishConnect(SocketChannelImpl.java:717)
	at org.apache.ratis.thirdparty.io.netty.channel.socket.nio.NioSocketChannel.doFinishConnect(NioSocketChannel.java:327)
	at org.apache.ratis.thirdparty.io.netty.channel.nio.AbstractNioChannel$AbstractNioUnsafe.finishConnect(AbstractNioChannel.java:340)
	at org.apache.ratis.thirdparty.io.netty.channel.nio.NioEventLoop.processSelectedKey(NioEventLoop.java:632)
	at org.apache.ratis.thirdparty.io.netty.channel.nio.NioEventLoop.processSelectedKeysOptimized(NioEventLoop.java:579)
	at org.apache.ratis.thirdparty.io.netty.channel.nio.NioEventLoop.processSelectedKeys(NioEventLoop.java:496)
	at org.apache.ratis.thirdparty.io.netty.channel.nio.NioEventLoop.run(NioEventLoop.java:458)
	at org.apache.ratis.thirdparty.io.netty.util.concurrent.SingleThreadEventExecutor$5.run(SingleThreadEventExecutor.java:897)
	at org.apache.ratis.thirdparty.io.netty.util.concurrent.FastThreadLocalRunnable.run(FastThreadLocalRunnable.java:30)
	... 1 more
Caused by: java.net.ConnectException: Connection refused
	... 11 more
2019-11-12 23:39:38,155 [56d70f56-ceb9-47f6-9690-e0ced3248985@group-52F5F982BB9D-LeaderElection193] INFO  impl.LeaderElection (LeaderElection.java:logAndReturn(56)) - 56d70f56-ceb9-47f6-9690-e0ced3248985@group-52F5F982BB9D-LeaderElection193: Election REJECTED; received 0 response(s) [] and 2 exception(s); 56d70f56-ceb9-47f6-9690-e0ced3248985@group-52F5F982BB9D:t3, leader=null, voted=56d70f56-ceb9-47f6-9690-e0ced3248985, raftlog=56d70f56-ceb9-47f6-9690-e0ced3248985@group-52F5F982BB9D-SegmentedRaftLog:OPENED:c7,f7,i7, conf=0: [56d70f56-ceb9-47f6-9690-e0ced3248985:192.168.164.236:34224, 1f658cad-a8c7-4c86-bbeb-2b40079268d7:192.168.164.236:44556, 98dbddad-cff4-4f87-9188-db1d76df9501:192.168.164.236:45282], old=null
2019-11-12 23:39:38,155 [56d70f56-ceb9-47f6-9690-e0ced3248985@group-52F5F982BB9D-LeaderElection193] INFO  impl.LeaderElection (LogUtils.java:infoOrTrace(149)) -   Exception 0: {}
java.util.concurrent.ExecutionException: org.apache.ratis.thirdparty.io.grpc.StatusRuntimeException: UNAVAILABLE: io exception
	at java.util.concurrent.FutureTask.report(FutureTask.java:122)
	at java.util.concurrent.FutureTask.get(FutureTask.java:192)
	at org.apache.ratis.server.impl.LeaderElection.waitForResults(LeaderElection.java:259)
	at org.apache.ratis.server.impl.LeaderElection.askForVotes(LeaderElection.java:197)
	at org.apache.ratis.server.impl.LeaderElection.run(LeaderElection.java:133)
	at java.lang.Thread.run(Thread.java:748)
Caused by: org.apache.ratis.thirdparty.io.grpc.StatusRuntimeException: UNAVAILABLE: io exception
	at org.apache.ratis.thirdparty.io.grpc.stub.ClientCalls.toStatusRuntimeException(ClientCalls.java:233)
	at org.apache.ratis.thirdparty.io.grpc.stub.ClientCalls.getUnchecked(ClientCalls.java:214)
	at org.apache.ratis.thirdparty.io.grpc.stub.ClientCalls.blockingUnaryCall(ClientCalls.java:139)
	at org.apache.ratis.proto.grpc.RaftServerProtocolServiceGrpc$RaftServerProtocolServiceBlockingStub.requestVote(RaftServerProtocolServiceGrpc.java:265)
	at org.apache.ratis.grpc.server.GrpcServerProtocolClient.requestVote(GrpcServerProtocolClient.java:99)
	at org.apache.ratis.grpc.server.GrpcService.requestVote(GrpcService.java:204)
	at org.apache.ratis.server.impl.LeaderElection.lambda$submitRequests$1(LeaderElection.java:234)
	at java.util.concurrent.FutureTask.run(FutureTask.java:266)
	at java.util.concurrent.Executors$RunnableAdapter.call(Executors.java:511)
	at java.util.concurrent.FutureTask.run(FutureTask.java:266)
	at java.util.concurrent.ThreadPoolExecutor.runWorker(ThreadPoolExecutor.java:1149)
	at java.util.concurrent.ThreadPoolExecutor$Worker.run(ThreadPoolExecutor.java:624)
	... 1 more
Caused by: org.apache.ratis.thirdparty.io.netty.channel.AbstractChannel$AnnotatedConnectException: Connection refused: /192.168.164.236:44556
	at sun.nio.ch.SocketChannelImpl.checkConnect(Native Method)
	at sun.nio.ch.SocketChannelImpl.finishConnect(SocketChannelImpl.java:717)
	at org.apache.ratis.thirdparty.io.netty.channel.socket.nio.NioSocketChannel.doFinishConnect(NioSocketChannel.java:327)
	at org.apache.ratis.thirdparty.io.netty.channel.nio.AbstractNioChannel$AbstractNioUnsafe.finishConnect(AbstractNioChannel.java:340)
	at org.apache.ratis.thirdparty.io.netty.channel.nio.NioEventLoop.processSelectedKey(NioEventLoop.java:632)
	at org.apache.ratis.thirdparty.io.netty.channel.nio.NioEventLoop.processSelectedKeysOptimized(NioEventLoop.java:579)
	at org.apache.ratis.thirdparty.io.netty.channel.nio.NioEventLoop.processSelectedKeys(NioEventLoop.java:496)
	at org.apache.ratis.thirdparty.io.netty.channel.nio.NioEventLoop.run(NioEventLoop.java:458)
	at org.apache.ratis.thirdparty.io.netty.util.concurrent.SingleThreadEventExecutor$5.run(SingleThreadEventExecutor.java:897)
	at org.apache.ratis.thirdparty.io.netty.util.concurrent.FastThreadLocalRunnable.run(FastThreadLocalRunnable.java:30)
	... 1 more
Caused by: java.net.ConnectException: Connection refused
	... 11 more
2019-11-12 23:39:38,156 [56d70f56-ceb9-47f6-9690-e0ced3248985@group-52F5F982BB9D-LeaderElection193] INFO  impl.LeaderElection (LogUtils.java:infoOrTrace(149)) -   Exception 1: {}
java.util.concurrent.ExecutionException: org.apache.ratis.thirdparty.io.grpc.StatusRuntimeException: UNAVAILABLE: io exception
	at java.util.concurrent.FutureTask.report(FutureTask.java:122)
	at java.util.concurrent.FutureTask.get(FutureTask.java:192)
	at org.apache.ratis.server.impl.LeaderElection.waitForResults(LeaderElection.java:259)
	at org.apache.ratis.server.impl.LeaderElection.askForVotes(LeaderElection.java:197)
	at org.apache.ratis.server.impl.LeaderElection.run(LeaderElection.java:133)
	at java.lang.Thread.run(Thread.java:748)
Caused by: org.apache.ratis.thirdparty.io.grpc.StatusRuntimeException: UNAVAILABLE: io exception
	at org.apache.ratis.thirdparty.io.grpc.stub.ClientCalls.toStatusRuntimeException(ClientCalls.java:233)
	at org.apache.ratis.thirdparty.io.grpc.stub.ClientCalls.getUnchecked(ClientCalls.java:214)
	at org.apache.ratis.thirdparty.io.grpc.stub.ClientCalls.blockingUnaryCall(ClientCalls.java:139)
	at org.apache.ratis.proto.grpc.RaftServerProtocolServiceGrpc$RaftServerProtocolServiceBlockingStub.requestVote(RaftServerProtocolServiceGrpc.java:265)
	at org.apache.ratis.grpc.server.GrpcServerProtocolClient.requestVote(GrpcServerProtocolClient.java:99)
	at org.apache.ratis.grpc.server.GrpcService.requestVote(GrpcService.java:204)
	at org.apache.ratis.server.impl.LeaderElection.lambda$submitRequests$1(LeaderElection.java:234)
	at java.util.concurrent.FutureTask.run(FutureTask.java:266)
	at java.util.concurrent.Executors$RunnableAdapter.call(Executors.java:511)
	at java.util.concurrent.FutureTask.run(FutureTask.java:266)
	at java.util.concurrent.ThreadPoolExecutor.runWorker(ThreadPoolExecutor.java:1149)
	at java.util.concurrent.ThreadPoolExecutor$Worker.run(ThreadPoolExecutor.java:624)
	... 1 more
Caused by: org.apache.ratis.thirdparty.io.netty.channel.AbstractChannel$AnnotatedConnectException: Connection refused: /192.168.164.236:45282
	at sun.nio.ch.SocketChannelImpl.checkConnect(Native Method)
	at sun.nio.ch.SocketChannelImpl.finishConnect(SocketChannelImpl.java:717)
	at org.apache.ratis.thirdparty.io.netty.channel.socket.nio.NioSocketChannel.doFinishConnect(NioSocketChannel.java:327)
	at org.apache.ratis.thirdparty.io.netty.channel.nio.AbstractNioChannel$AbstractNioUnsafe.finishConnect(AbstractNioChannel.java:340)
	at org.apache.ratis.thirdparty.io.netty.channel.nio.NioEventLoop.processSelectedKey(NioEventLoop.java:632)
	at org.apache.ratis.thirdparty.io.netty.channel.nio.NioEventLoop.processSelectedKeysOptimized(NioEventLoop.java:579)
	at org.apache.ratis.thirdparty.io.netty.channel.nio.NioEventLoop.processSelectedKeys(NioEventLoop.java:496)
	at org.apache.ratis.thirdparty.io.netty.channel.nio.NioEventLoop.run(NioEventLoop.java:458)
	at org.apache.ratis.thirdparty.io.netty.util.concurrent.SingleThreadEventExecutor$5.run(SingleThreadEventExecutor.java:897)
	at org.apache.ratis.thirdparty.io.netty.util.concurrent.FastThreadLocalRunnable.run(FastThreadLocalRunnable.java:30)
	... 1 more
Caused by: java.net.ConnectException: Connection refused
	... 11 more
2019-11-12 23:39:38,156 [56d70f56-ceb9-47f6-9690-e0ced3248985@group-52F5F982BB9D-LeaderElection193] INFO  impl.RaftServerImpl (RaftServerImpl.java:setRole(173)) - 56d70f56-ceb9-47f6-9690-e0ced3248985@group-52F5F982BB9D: changes role from CANDIDATE to FOLLOWER at term 3 for DISCOVERED_A_NEW_TERM
2019-11-12 23:39:38,156 [56d70f56-ceb9-47f6-9690-e0ced3248985@group-52F5F982BB9D-LeaderElection193] INFO  impl.RoleInfo (RoleInfo.java:shutdownLeaderElection(134)) - 56d70f56-ceb9-47f6-9690-e0ced3248985: shutdown LeaderElection
2019-11-12 23:39:38,156 [56d70f56-ceb9-47f6-9690-e0ced3248985@group-52F5F982BB9D-LeaderElection193] INFO  impl.RoleInfo (RoleInfo.java:updateAndGet(143)) - 56d70f56-ceb9-47f6-9690-e0ced3248985: start FollowerState
2019-11-12 23:39:39,222 [Thread-4419] INFO  impl.FollowerState (FollowerState.java:run(111)) - 56d70f56-ceb9-47f6-9690-e0ced3248985@group-52F5F982BB9D-FollowerState: change to CANDIDATE, lastRpcTime:1065ms, electionTimeout:1065ms
2019-11-12 23:39:39,223 [Thread-4419] INFO  impl.RoleInfo (RoleInfo.java:shutdownFollowerState(121)) - 56d70f56-ceb9-47f6-9690-e0ced3248985: shutdown FollowerState
2019-11-12 23:39:39,223 [Thread-4419] INFO  impl.RaftServerImpl (RaftServerImpl.java:setRole(173)) - 56d70f56-ceb9-47f6-9690-e0ced3248985@group-52F5F982BB9D: changes role from  FOLLOWER to CANDIDATE at term 3 for changeToCandidate
2019-11-12 23:39:39,223 [Thread-4419] INFO  impl.RoleInfo (RoleInfo.java:updateAndGet(143)) - 56d70f56-ceb9-47f6-9690-e0ced3248985: start LeaderElection
2019-11-12 23:39:39,246 [56d70f56-ceb9-47f6-9690-e0ced3248985@group-52F5F982BB9D-LeaderElection194] INFO  impl.LeaderElection (LeaderElection.java:askForVotes(178)) - 56d70f56-ceb9-47f6-9690-e0ced3248985@group-52F5F982BB9D-LeaderElection194: begin an election at term 4 for 0: [56d70f56-ceb9-47f6-9690-e0ced3248985:192.168.164.236:34224, 1f658cad-a8c7-4c86-bbeb-2b40079268d7:192.168.164.236:44556, 98dbddad-cff4-4f87-9188-db1d76df9501:192.168.164.236:45282], old=null
2019-11-12 23:39:39,248 [56d70f56-ceb9-47f6-9690-e0ced3248985@group-52F5F982BB9D-LeaderElection194] INFO  impl.LeaderElection (LogUtils.java:infoOrTrace(149)) - 56d70f56-ceb9-47f6-9690-e0ced3248985@group-52F5F982BB9D-LeaderElection194 got exception when requesting votes: {}
java.util.concurrent.ExecutionException: org.apache.ratis.thirdparty.io.grpc.StatusRuntimeException: UNAVAILABLE: io exception
	at java.util.concurrent.FutureTask.report(FutureTask.java:122)
	at java.util.concurrent.FutureTask.get(FutureTask.java:192)
	at org.apache.ratis.server.impl.LeaderElection.waitForResults(LeaderElection.java:259)
	at org.apache.ratis.server.impl.LeaderElection.askForVotes(LeaderElection.java:197)
	at org.apache.ratis.server.impl.LeaderElection.run(LeaderElection.java:133)
	at java.lang.Thread.run(Thread.java:748)
Caused by: org.apache.ratis.thirdparty.io.grpc.StatusRuntimeException: UNAVAILABLE: io exception
	at org.apache.ratis.thirdparty.io.grpc.stub.ClientCalls.toStatusRuntimeException(ClientCalls.java:233)
	at org.apache.ratis.thirdparty.io.grpc.stub.ClientCalls.getUnchecked(ClientCalls.java:214)
	at org.apache.ratis.thirdparty.io.grpc.stub.ClientCalls.blockingUnaryCall(ClientCalls.java:139)
	at org.apache.ratis.proto.grpc.RaftServerProtocolServiceGrpc$RaftServerProtocolServiceBlockingStub.requestVote(RaftServerProtocolServiceGrpc.java:265)
	at org.apache.ratis.grpc.server.GrpcServerProtocolClient.requestVote(GrpcServerProtocolClient.java:99)
	at org.apache.ratis.grpc.server.GrpcService.requestVote(GrpcService.java:204)
	at org.apache.ratis.server.impl.LeaderElection.lambda$submitRequests$1(LeaderElection.java:234)
	at java.util.concurrent.FutureTask.run(FutureTask.java:266)
	at java.util.concurrent.Executors$RunnableAdapter.call(Executors.java:511)
	at java.util.concurrent.FutureTask.run(FutureTask.java:266)
	at java.util.concurrent.ThreadPoolExecutor.runWorker(ThreadPoolExecutor.java:1149)
	at java.util.concurrent.ThreadPoolExecutor$Worker.run(ThreadPoolExecutor.java:624)
	... 1 more
Caused by: org.apache.ratis.thirdparty.io.netty.channel.AbstractChannel$AnnotatedConnectException: Connection refused: /192.168.164.236:45282
	at sun.nio.ch.SocketChannelImpl.checkConnect(Native Method)
	at sun.nio.ch.SocketChannelImpl.finishConnect(SocketChannelImpl.java:717)
	at org.apache.ratis.thirdparty.io.netty.channel.socket.nio.NioSocketChannel.doFinishConnect(NioSocketChannel.java:327)
	at org.apache.ratis.thirdparty.io.netty.channel.nio.AbstractNioChannel$AbstractNioUnsafe.finishConnect(AbstractNioChannel.java:340)
	at org.apache.ratis.thirdparty.io.netty.channel.nio.NioEventLoop.processSelectedKey(NioEventLoop.java:632)
	at org.apache.ratis.thirdparty.io.netty.channel.nio.NioEventLoop.processSelectedKeysOptimized(NioEventLoop.java:579)
	at org.apache.ratis.thirdparty.io.netty.channel.nio.NioEventLoop.processSelectedKeys(NioEventLoop.java:496)
	at org.apache.ratis.thirdparty.io.netty.channel.nio.NioEventLoop.run(NioEventLoop.java:458)
	at org.apache.ratis.thirdparty.io.netty.util.concurrent.SingleThreadEventExecutor$5.run(SingleThreadEventExecutor.java:897)
	at org.apache.ratis.thirdparty.io.netty.util.concurrent.FastThreadLocalRunnable.run(FastThreadLocalRunnable.java:30)
	... 1 more
Caused by: java.net.ConnectException: Connection refused
	... 11 more
2019-11-12 23:39:39,257 [56d70f56-ceb9-47f6-9690-e0ced3248985@group-52F5F982BB9D-LeaderElection194] INFO  impl.LeaderElection (LogUtils.java:infoOrTrace(149)) - 56d70f56-ceb9-47f6-9690-e0ced3248985@group-52F5F982BB9D-LeaderElection194 got exception when requesting votes: {}
java.util.concurrent.ExecutionException: org.apache.ratis.thirdparty.io.grpc.StatusRuntimeException: UNAVAILABLE: io exception
	at java.util.concurrent.FutureTask.report(FutureTask.java:122)
	at java.util.concurrent.FutureTask.get(FutureTask.java:192)
	at org.apache.ratis.server.impl.LeaderElection.waitForResults(LeaderElection.java:259)
	at org.apache.ratis.server.impl.LeaderElection.askForVotes(LeaderElection.java:197)
	at org.apache.ratis.server.impl.LeaderElection.run(LeaderElection.java:133)
	at java.lang.Thread.run(Thread.java:748)
Caused by: org.apache.ratis.thirdparty.io.grpc.StatusRuntimeException: UNAVAILABLE: io exception
	at org.apache.ratis.thirdparty.io.grpc.stub.ClientCalls.toStatusRuntimeException(ClientCalls.java:233)
	at org.apache.ratis.thirdparty.io.grpc.stub.ClientCalls.getUnchecked(ClientCalls.java:214)
	at org.apache.ratis.thirdparty.io.grpc.stub.ClientCalls.blockingUnaryCall(ClientCalls.java:139)
	at org.apache.ratis.proto.grpc.RaftServerProtocolServiceGrpc$RaftServerProtocolServiceBlockingStub.requestVote(RaftServerProtocolServiceGrpc.java:265)
	at org.apache.ratis.grpc.server.GrpcServerProtocolClient.requestVote(GrpcServerProtocolClient.java:99)
	at org.apache.ratis.grpc.server.GrpcService.requestVote(GrpcService.java:204)
	at org.apache.ratis.server.impl.LeaderElection.lambda$submitRequests$1(LeaderElection.java:234)
	at java.util.concurrent.FutureTask.run(FutureTask.java:266)
	at java.util.concurrent.Executors$RunnableAdapter.call(Executors.java:511)
	at java.util.concurrent.FutureTask.run(FutureTask.java:266)
	at java.util.concurrent.ThreadPoolExecutor.runWorker(ThreadPoolExecutor.java:1149)
	at java.util.concurrent.ThreadPoolExecutor$Worker.run(ThreadPoolExecutor.java:624)
	... 1 more
Caused by: org.apache.ratis.thirdparty.io.netty.channel.AbstractChannel$AnnotatedConnectException: Connection refused: /192.168.164.236:44556
	at sun.nio.ch.SocketChannelImpl.checkConnect(Native Method)
	at sun.nio.ch.SocketChannelImpl.finishConnect(SocketChannelImpl.java:717)
	at org.apache.ratis.thirdparty.io.netty.channel.socket.nio.NioSocketChannel.doFinishConnect(NioSocketChannel.java:327)
	at org.apache.ratis.thirdparty.io.netty.channel.nio.AbstractNioChannel$AbstractNioUnsafe.finishConnect(AbstractNioChannel.java:340)
	at org.apache.ratis.thirdparty.io.netty.channel.nio.NioEventLoop.processSelectedKey(NioEventLoop.java:632)
	at org.apache.ratis.thirdparty.io.netty.channel.nio.NioEventLoop.processSelectedKeysOptimized(NioEventLoop.java:579)
	at org.apache.ratis.thirdparty.io.netty.channel.nio.NioEventLoop.processSelectedKeys(NioEventLoop.java:496)
	at org.apache.ratis.thirdparty.io.netty.channel.nio.NioEventLoop.run(NioEventLoop.java:458)
	at org.apache.ratis.thirdparty.io.netty.util.concurrent.SingleThreadEventExecutor$5.run(SingleThreadEventExecutor.java:897)
	at org.apache.ratis.thirdparty.io.netty.util.concurrent.FastThreadLocalRunnable.run(FastThreadLocalRunnable.java:30)
	... 1 more
Caused by: java.net.ConnectException: Connection refused
	... 11 more
2019-11-12 23:39:39,258 [56d70f56-ceb9-47f6-9690-e0ced3248985@group-52F5F982BB9D-LeaderElection194] INFO  impl.LeaderElection (LeaderElection.java:logAndReturn(56)) - 56d70f56-ceb9-47f6-9690-e0ced3248985@group-52F5F982BB9D-LeaderElection194: Election REJECTED; received 0 response(s) [] and 2 exception(s); 56d70f56-ceb9-47f6-9690-e0ced3248985@group-52F5F982BB9D:t4, leader=null, voted=56d70f56-ceb9-47f6-9690-e0ced3248985, raftlog=56d70f56-ceb9-47f6-9690-e0ced3248985@group-52F5F982BB9D-SegmentedRaftLog:OPENED:c7,f7,i7, conf=0: [56d70f56-ceb9-47f6-9690-e0ced3248985:192.168.164.236:34224, 1f658cad-a8c7-4c86-bbeb-2b40079268d7:192.168.164.236:44556, 98dbddad-cff4-4f87-9188-db1d76df9501:192.168.164.236:45282], old=null
2019-11-12 23:39:39,258 [56d70f56-ceb9-47f6-9690-e0ced3248985@group-52F5F982BB9D-LeaderElection194] INFO  impl.LeaderElection (LogUtils.java:infoOrTrace(149)) -   Exception 0: {}
java.util.concurrent.ExecutionException: org.apache.ratis.thirdparty.io.grpc.StatusRuntimeException: UNAVAILABLE: io exception
	at java.util.concurrent.FutureTask.report(FutureTask.java:122)
	at java.util.concurrent.FutureTask.get(FutureTask.java:192)
	at org.apache.ratis.server.impl.LeaderElection.waitForResults(LeaderElection.java:259)
	at org.apache.ratis.server.impl.LeaderElection.askForVotes(LeaderElection.java:197)
	at org.apache.ratis.server.impl.LeaderElection.run(LeaderElection.java:133)
	at java.lang.Thread.run(Thread.java:748)
Caused by: org.apache.ratis.thirdparty.io.grpc.StatusRuntimeException: UNAVAILABLE: io exception
	at org.apache.ratis.thirdparty.io.grpc.stub.ClientCalls.toStatusRuntimeException(ClientCalls.java:233)
	at org.apache.ratis.thirdparty.io.grpc.stub.ClientCalls.getUnchecked(ClientCalls.java:214)
	at org.apache.ratis.thirdparty.io.grpc.stub.ClientCalls.blockingUnaryCall(ClientCalls.java:139)
	at org.apache.ratis.proto.grpc.RaftServerProtocolServiceGrpc$RaftServerProtocolServiceBlockingStub.requestVote(RaftServerProtocolServiceGrpc.java:265)
	at org.apache.ratis.grpc.server.GrpcServerProtocolClient.requestVote(GrpcServerProtocolClient.java:99)
	at org.apache.ratis.grpc.server.GrpcService.requestVote(GrpcService.java:204)
	at org.apache.ratis.server.impl.LeaderElection.lambda$submitRequests$1(LeaderElection.java:234)
	at java.util.concurrent.FutureTask.run(FutureTask.java:266)
	at java.util.concurrent.Executors$RunnableAdapter.call(Executors.java:511)
	at java.util.concurrent.FutureTask.run(FutureTask.java:266)
	at java.util.concurrent.ThreadPoolExecutor.runWorker(ThreadPoolExecutor.java:1149)
	at java.util.concurrent.ThreadPoolExecutor$Worker.run(ThreadPoolExecutor.java:624)
	... 1 more
Caused by: org.apache.ratis.thirdparty.io.netty.channel.AbstractChannel$AnnotatedConnectException: Connection refused: /192.168.164.236:45282
	at sun.nio.ch.SocketChannelImpl.checkConnect(Native Method)
	at sun.nio.ch.SocketChannelImpl.finishConnect(SocketChannelImpl.java:717)
	at org.apache.ratis.thirdparty.io.netty.channel.socket.nio.NioSocketChannel.doFinishConnect(NioSocketChannel.java:327)
	at org.apache.ratis.thirdparty.io.netty.channel.nio.AbstractNioChannel$AbstractNioUnsafe.finishConnect(AbstractNioChannel.java:340)
	at org.apache.ratis.thirdparty.io.netty.channel.nio.NioEventLoop.processSelectedKey(NioEventLoop.java:632)
	at org.apache.ratis.thirdparty.io.netty.channel.nio.NioEventLoop.processSelectedKeysOptimized(NioEventLoop.java:579)
	at org.apache.ratis.thirdparty.io.netty.channel.nio.NioEventLoop.processSelectedKeys(NioEventLoop.java:496)
	at org.apache.ratis.thirdparty.io.netty.channel.nio.NioEventLoop.run(NioEventLoop.java:458)
	at org.apache.ratis.thirdparty.io.netty.util.concurrent.SingleThreadEventExecutor$5.run(SingleThreadEventExecutor.java:897)
	at org.apache.ratis.thirdparty.io.netty.util.concurrent.FastThreadLocalRunnable.run(FastThreadLocalRunnable.java:30)
	... 1 more
Caused by: java.net.ConnectException: Connection refused
	... 11 more
2019-11-12 23:39:39,258 [56d70f56-ceb9-47f6-9690-e0ced3248985@group-52F5F982BB9D-LeaderElection194] INFO  impl.LeaderElection (LogUtils.java:infoOrTrace(149)) -   Exception 1: {}
java.util.concurrent.ExecutionException: org.apache.ratis.thirdparty.io.grpc.StatusRuntimeException: UNAVAILABLE: io exception
	at java.util.concurrent.FutureTask.report(FutureTask.java:122)
	at java.util.concurrent.FutureTask.get(FutureTask.java:192)
	at org.apache.ratis.server.impl.LeaderElection.waitForResults(LeaderElection.java:259)
	at org.apache.ratis.server.impl.LeaderElection.askForVotes(LeaderElection.java:197)
	at org.apache.ratis.server.impl.LeaderElection.run(LeaderElection.java:133)
	at java.lang.Thread.run(Thread.java:748)
Caused by: org.apache.ratis.thirdparty.io.grpc.StatusRuntimeException: UNAVAILABLE: io exception
	at org.apache.ratis.thirdparty.io.grpc.stub.ClientCalls.toStatusRuntimeException(ClientCalls.java:233)
	at org.apache.ratis.thirdparty.io.grpc.stub.ClientCalls.getUnchecked(ClientCalls.java:214)
	at org.apache.ratis.thirdparty.io.grpc.stub.ClientCalls.blockingUnaryCall(ClientCalls.java:139)
	at org.apache.ratis.proto.grpc.RaftServerProtocolServiceGrpc$RaftServerProtocolServiceBlockingStub.requestVote(RaftServerProtocolServiceGrpc.java:265)
	at org.apache.ratis.grpc.server.GrpcServerProtocolClient.requestVote(GrpcServerProtocolClient.java:99)
	at org.apache.ratis.grpc.server.GrpcService.requestVote(GrpcService.java:204)
	at org.apache.ratis.server.impl.LeaderElection.lambda$submitRequests$1(LeaderElection.java:234)
	at java.util.concurrent.FutureTask.run(FutureTask.java:266)
	at java.util.concurrent.Executors$RunnableAdapter.call(Executors.java:511)
	at java.util.concurrent.FutureTask.run(FutureTask.java:266)
	at java.util.concurrent.ThreadPoolExecutor.runWorker(ThreadPoolExecutor.java:1149)
	at java.util.concurrent.ThreadPoolExecutor$Worker.run(ThreadPoolExecutor.java:624)
	... 1 more
Caused by: org.apache.ratis.thirdparty.io.netty.channel.AbstractChannel$AnnotatedConnectException: Connection refused: /192.168.164.236:44556
	at sun.nio.ch.SocketChannelImpl.checkConnect(Native Method)
	at sun.nio.ch.SocketChannelImpl.finishConnect(SocketChannelImpl.java:717)
	at org.apache.ratis.thirdparty.io.netty.channel.socket.nio.NioSocketChannel.doFinishConnect(NioSocketChannel.java:327)
	at org.apache.ratis.thirdparty.io.netty.channel.nio.AbstractNioChannel$AbstractNioUnsafe.finishConnect(AbstractNioChannel.java:340)
	at org.apache.ratis.thirdparty.io.netty.channel.nio.NioEventLoop.processSelectedKey(NioEventLoop.java:632)
	at org.apache.ratis.thirdparty.io.netty.channel.nio.NioEventLoop.processSelectedKeysOptimized(NioEventLoop.java:579)
	at org.apache.ratis.thirdparty.io.netty.channel.nio.NioEventLoop.processSelectedKeys(NioEventLoop.java:496)
	at org.apache.ratis.thirdparty.io.netty.channel.nio.NioEventLoop.run(NioEventLoop.java:458)
	at org.apache.ratis.thirdparty.io.netty.util.concurrent.SingleThreadEventExecutor$5.run(SingleThreadEventExecutor.java:897)
	at org.apache.ratis.thirdparty.io.netty.util.concurrent.FastThreadLocalRunnable.run(FastThreadLocalRunnable.java:30)
	... 1 more
Caused by: java.net.ConnectException: Connection refused
	... 11 more
2019-11-12 23:39:39,259 [56d70f56-ceb9-47f6-9690-e0ced3248985@group-52F5F982BB9D-LeaderElection194] INFO  impl.RaftServerImpl (RaftServerImpl.java:setRole(173)) - 56d70f56-ceb9-47f6-9690-e0ced3248985@group-52F5F982BB9D: changes role from CANDIDATE to FOLLOWER at term 4 for DISCOVERED_A_NEW_TERM
2019-11-12 23:39:39,259 [56d70f56-ceb9-47f6-9690-e0ced3248985@group-52F5F982BB9D-LeaderElection194] INFO  impl.RoleInfo (RoleInfo.java:shutdownLeaderElection(134)) - 56d70f56-ceb9-47f6-9690-e0ced3248985: shutdown LeaderElection
2019-11-12 23:39:39,259 [56d70f56-ceb9-47f6-9690-e0ced3248985@group-52F5F982BB9D-LeaderElection194] INFO  impl.RoleInfo (RoleInfo.java:updateAndGet(143)) - 56d70f56-ceb9-47f6-9690-e0ced3248985: start FollowerState
2019-11-12 23:39:40,278 [Thread-4423] INFO  impl.FollowerState (FollowerState.java:run(111)) - 56d70f56-ceb9-47f6-9690-e0ced3248985@group-52F5F982BB9D-FollowerState: change to CANDIDATE, lastRpcTime:1018ms, electionTimeout:1018ms
2019-11-12 23:39:40,278 [Thread-4423] INFO  impl.RoleInfo (RoleInfo.java:shutdownFollowerState(121)) - 56d70f56-ceb9-47f6-9690-e0ced3248985: shutdown FollowerState
2019-11-12 23:39:40,278 [Thread-4423] INFO  impl.RaftServerImpl (RaftServerImpl.java:setRole(173)) - 56d70f56-ceb9-47f6-9690-e0ced3248985@group-52F5F982BB9D: changes role from  FOLLOWER to CANDIDATE at term 4 for changeToCandidate
2019-11-12 23:39:40,279 [Thread-4423] INFO  impl.RoleInfo (RoleInfo.java:updateAndGet(143)) - 56d70f56-ceb9-47f6-9690-e0ced3248985: start LeaderElection
2019-11-12 23:39:40,291 [ForkJoinPool.commonPool-worker-1] INFO  ozoneimpl.OzoneContainer (OzoneContainer.java:stop(244)) - Attempting to stop container services.
2019-11-12 23:39:40,292 [ForkJoinPool.commonPool-worker-1] INFO  impl.RaftServerProxy (RaftServerProxy.java:lambda$close$4(314)) - 56d70f56-ceb9-47f6-9690-e0ced3248985: close
2019-11-12 23:39:40,293 [ForkJoinPool.commonPool-worker-1] INFO  impl.RaftServerImpl (RaftServerImpl.java:lambda$shutdown$3(250)) - 56d70f56-ceb9-47f6-9690-e0ced3248985@group-52F5F982BB9D: shutdown
2019-11-12 23:39:40,293 [ForkJoinPool.commonPool-worker-1] INFO  util.JmxRegister (JmxRegister.java:unregister(73)) - Successfully un-registered JMX Bean with object name Ratis:service=RaftServer,group=group-52F5F982BB9D,id=56d70f56-ceb9-47f6-9690-e0ced3248985
2019-11-12 23:39:40,293 [ForkJoinPool.commonPool-worker-1] INFO  impl.RoleInfo (RoleInfo.java:shutdownLeaderElection(134)) - 56d70f56-ceb9-47f6-9690-e0ced3248985: shutdown LeaderElection
2019-11-12 23:39:40,293 [ForkJoinPool.commonPool-worker-1] INFO  impl.StateMachineUpdater (StateMachineUpdater.java:stopAndJoin(136)) - 56d70f56-ceb9-47f6-9690-e0ced3248985@group-52F5F982BB9D-StateMachineUpdater: set stopIndex = 7
2019-11-12 23:39:40,294 [56d70f56-ceb9-47f6-9690-e0ced3248985@group-52F5F982BB9D-StateMachineUpdater] INFO  ratis.ContainerStateMachine (ContainerStateMachine.java:takeSnapshot(285)) - group-52F5F982BB9D: Taking a snapshot at:(t:1, i:4) file /workdir/hadoop-ozone/integration-test/target/test-dir/MiniOzoneClusterImpl-af41d755-250d-41c0-9b7d-b62086ffbdd4/datanode-1/data/ratis/902052f6-9394-4a90-85bd-52f5f982bb9d/sm/snapshot.1_4
2019-11-12 23:39:40,294 [56d70f56-ceb9-47f6-9690-e0ced3248985@group-52F5F982BB9D-LeaderElection195] INFO  impl.LeaderElection (LeaderElection.java:askForVotes(178)) - 56d70f56-ceb9-47f6-9690-e0ced3248985@group-52F5F982BB9D-LeaderElection195: begin an election at term 5 for 0: [56d70f56-ceb9-47f6-9690-e0ced3248985:192.168.164.236:34224, 1f658cad-a8c7-4c86-bbeb-2b40079268d7:192.168.164.236:44556, 98dbddad-cff4-4f87-9188-db1d76df9501:192.168.164.236:45282], old=null
2019-11-12 23:39:40,296 [56d70f56-ceb9-47f6-9690-e0ced3248985@group-52F5F982BB9D-LeaderElection195] INFO  impl.LeaderElection (LeaderElection.java:logAndReturn(56)) - 56d70f56-ceb9-47f6-9690-e0ced3248985@group-52F5F982BB9D-LeaderElection195: Election REJECTED; received 0 response(s) [] and 0 exception(s); 56d70f56-ceb9-47f6-9690-e0ced3248985@group-52F5F982BB9D:t5, leader=null, voted=56d70f56-ceb9-47f6-9690-e0ced3248985, raftlog=56d70f56-ceb9-47f6-9690-e0ced3248985@group-52F5F982BB9D-SegmentedRaftLog:OPENED:c7,f7,i7, conf=0: [56d70f56-ceb9-47f6-9690-e0ced3248985:192.168.164.236:34224, 1f658cad-a8c7-4c86-bbeb-2b40079268d7:192.168.164.236:44556, 98dbddad-cff4-4f87-9188-db1d76df9501:192.168.164.236:45282], old=null
2019-11-12 23:39:40,307 [56d70f56-ceb9-47f6-9690-e0ced3248985@group-52F5F982BB9D-StateMachineUpdater] INFO  ratis.ContainerStateMachine (ContainerStateMachine.java:takeSnapshot(296)) - group-52F5F982BB9D: Finished taking a snapshot at:(t:1, i:4) file:/workdir/hadoop-ozone/integration-test/target/test-dir/MiniOzoneClusterImpl-af41d755-250d-41c0-9b7d-b62086ffbdd4/datanode-1/data/ratis/902052f6-9394-4a90-85bd-52f5f982bb9d/sm/snapshot.1_4 time:13
2019-11-12 23:39:40,308 [56d70f56-ceb9-47f6-9690-e0ced3248985@group-52F5F982BB9D-StateMachineUpdater] INFO  impl.StateMachineUpdater (StateMachineUpdater.java:takeSnapshot(269)) - 56d70f56-ceb9-47f6-9690-e0ced3248985@group-52F5F982BB9D-StateMachineUpdater: Took a snapshot at index 4
2019-11-12 23:39:40,308 [56d70f56-ceb9-47f6-9690-e0ced3248985@group-52F5F982BB9D-StateMachineUpdater] INFO  impl.StateMachineUpdater (StateMachineUpdater.java:lambda$new$0(84)) - 56d70f56-ceb9-47f6-9690-e0ced3248985@group-52F5F982BB9D-StateMachineUpdater: snapshotIndex: updateIncreasingly -1 -> 4
2019-11-12 23:39:40,308 [56d70f56-ceb9-47f6-9690-e0ced3248985@group-52F5F982BB9D-StateMachineUpdater] INFO  ratis.ContainerStateMachine (ContainerStateMachine.java:takeSnapshot(285)) - group-52F5F982BB9D: Taking a snapshot at:(t:1, i:4) file /workdir/hadoop-ozone/integration-test/target/test-dir/MiniOzoneClusterImpl-af41d755-250d-41c0-9b7d-b62086ffbdd4/datanode-1/data/ratis/902052f6-9394-4a90-85bd-52f5f982bb9d/sm/snapshot.1_4
2019-11-12 23:39:40,320 [56d70f56-ceb9-47f6-9690-e0ced3248985@group-52F5F982BB9D-StateMachineUpdater] INFO  ratis.ContainerStateMachine (ContainerStateMachine.java:takeSnapshot(296)) - group-52F5F982BB9D: Finished taking a snapshot at:(t:1, i:4) file:/workdir/hadoop-ozone/integration-test/target/test-dir/MiniOzoneClusterImpl-af41d755-250d-41c0-9b7d-b62086ffbdd4/datanode-1/data/ratis/902052f6-9394-4a90-85bd-52f5f982bb9d/sm/snapshot.1_4 time:12
2019-11-12 23:39:40,321 [56d70f56-ceb9-47f6-9690-e0ced3248985@group-52F5F982BB9D-StateMachineUpdater] INFO  impl.StateMachineUpdater (StateMachineUpdater.java:takeSnapshot(269)) - 56d70f56-ceb9-47f6-9690-e0ced3248985@group-52F5F982BB9D-StateMachineUpdater: Took a snapshot at index 4
2019-11-12 23:39:40,321 [56d70f56-ceb9-47f6-9690-e0ced3248985@group-52F5F982BB9D-StateMachineUpdater] INFO  impl.StateMachineUpdater (StateMachineUpdater.java:lambda$new$0(84)) - 56d70f56-ceb9-47f6-9690-e0ced3248985@group-52F5F982BB9D-StateMachineUpdater: snapshotIndex: updateIncreasingly 4 -> 4
2019-11-12 23:39:40,321 [ForkJoinPool.commonPool-worker-1] INFO  impl.RaftServerImpl (ServerState.java:close(387)) - 56d70f56-ceb9-47f6-9690-e0ced3248985@group-52F5F982BB9D: closes. applyIndex: 7
2019-11-12 23:39:40,322 [56d70f56-ceb9-47f6-9690-e0ced3248985@group-52F5F982BB9D-SegmentedRaftLogWorker] INFO  segmented.SegmentedRaftLogWorker (SegmentedRaftLogWorker.java:run(316)) - 56d70f56-ceb9-47f6-9690-e0ced3248985@group-52F5F982BB9D-SegmentedRaftLogWorker was interrupted, exiting. There are 0 tasks remaining in the queue.
2019-11-12 23:39:40,322 [ForkJoinPool.commonPool-worker-1] INFO  segmented.SegmentedRaftLogWorker (SegmentedRaftLogWorker.java:close(224)) - 56d70f56-ceb9-47f6-9690-e0ced3248985@group-52F5F982BB9D-SegmentedRaftLogWorker close()
2019-11-12 23:39:40,322 [ForkJoinPool.commonPool-worker-1] INFO  impl.RaftServerImpl (RaftServerImpl.java:lambda$shutdown$3(250)) - 56d70f56-ceb9-47f6-9690-e0ced3248985@group-CE99C0433129: shutdown
2019-11-12 23:39:40,323 [ForkJoinPool.commonPool-worker-1] INFO  util.JmxRegister (JmxRegister.java:unregister(73)) - Successfully un-registered JMX Bean with object name Ratis:service=RaftServer,group=group-CE99C0433129,id=56d70f56-ceb9-47f6-9690-e0ced3248985
2019-11-12 23:39:40,323 [ForkJoinPool.commonPool-worker-1] INFO  impl.RoleInfo (RoleInfo.java:shutdownLeaderState(104)) - 56d70f56-ceb9-47f6-9690-e0ced3248985: shutdown LeaderState
2019-11-12 23:39:40,323 [ForkJoinPool.commonPool-worker-1] INFO  impl.PendingRequests (PendingRequests.java:sendNotLeaderResponses(206)) - 56d70f56-ceb9-47f6-9690-e0ced3248985@group-CE99C0433129-PendingRequests: sendNotLeaderResponses
2019-11-12 23:39:40,324 [ForkJoinPool.commonPool-worker-1] INFO  impl.StateMachineUpdater (StateMachineUpdater.java:stopAndJoin(136)) - 56d70f56-ceb9-47f6-9690-e0ced3248985@group-CE99C0433129-StateMachineUpdater: set stopIndex = 0
2019-11-12 23:39:40,324 [ForkJoinPool.commonPool-worker-1] INFO  impl.RaftServerImpl (ServerState.java:close(387)) - 56d70f56-ceb9-47f6-9690-e0ced3248985@group-CE99C0433129: closes. applyIndex: 0
2019-11-12 23:39:40,325 [56d70f56-ceb9-47f6-9690-e0ced3248985@group-CE99C0433129-SegmentedRaftLogWorker] INFO  segmented.SegmentedRaftLogWorker (SegmentedRaftLogWorker.java:run(316)) - 56d70f56-ceb9-47f6-9690-e0ced3248985@group-CE99C0433129-SegmentedRaftLogWorker was interrupted, exiting. There are 0 tasks remaining in the queue.
2019-11-12 23:39:40,325 [ForkJoinPool.commonPool-worker-1] INFO  segmented.SegmentedRaftLogWorker (SegmentedRaftLogWorker.java:close(224)) - 56d70f56-ceb9-47f6-9690-e0ced3248985@group-CE99C0433129-SegmentedRaftLogWorker close()
2019-11-12 23:39:40,325 [ForkJoinPool.commonPool-worker-1] INFO  server.GrpcService (GrpcService.java:closeImpl(164)) - 56d70f56-ceb9-47f6-9690-e0ced3248985: shutdown server with port 34224 now
2019-11-12 23:39:40,326 [ForkJoinPool.commonPool-worker-1] INFO  server.GrpcService (GrpcService.java:closeImpl(172)) - 56d70f56-ceb9-47f6-9690-e0ced3248985: shutdown server with port 34224 successfully
2019-11-12 23:39:40,328 [refreshUsed-/workdir/hadoop-ozone/integration-test/target/test-dir/MiniOzoneClusterImpl-af41d755-250d-41c0-9b7d-b62086ffbdd4/datanode-1/data/containers] WARN  fs.CachingGetSpaceUsed (CachingGetSpaceUsed.java:run(183)) - Thread Interrupted waiting to refresh disk information: sleep interrupted
2019-11-12 23:39:40,350 [ForkJoinPool.commonPool-worker-1] INFO  utils.BackgroundService (BackgroundService.java:shutdown(151)) - Shutting down service BlockDeletingService
2019-11-12 23:39:40,353 [ForkJoinPool.commonPool-worker-1] INFO  statemachine.DatanodeStateMachine (DatanodeStateMachine.java:stopDaemon(395)) - Ozone container server stopped.
2019-11-12 23:39:40,355 [ForkJoinPool.commonPool-worker-1] INFO  handler.ContextHandler (ContextHandler.java:doStop(910)) - Stopped o.e.j.w.WebAppContext@1e56bc9b{/,null,UNAVAILABLE}{/hddsDatanode}
2019-11-12 23:39:40,357 [ForkJoinPool.commonPool-worker-1] INFO  server.AbstractConnector (AbstractConnector.java:doStop(318)) - Stopped ServerConnector@6f3bd37f{HTTP/1.1,[http/1.1]}{0.0.0.0:0}
2019-11-12 23:39:40,357 [ForkJoinPool.commonPool-worker-1] INFO  handler.ContextHandler (ContextHandler.java:doStop(910)) - Stopped o.e.j.s.ServletContextHandler@6b42e36d{/static,jar:file:/home/user/.m2/repository/org/apache/hadoop/hadoop-hdds-container-service/0.5.0-SNAPSHOT/hadoop-hdds-container-service-0.5.0-SNAPSHOT.jar!/webapps/static,UNAVAILABLE}
2019-11-12 23:39:40,358 [ForkJoinPool.commonPool-worker-1] INFO  handler.ContextHandler (ContextHandler.java:doStop(910)) - Stopped o.e.j.s.ServletContextHandler@125f16b2{/logs,file:///workdir/hadoop-ozone/integration-test/target/log,UNAVAILABLE}
2019-11-12 23:39:40,360 [main] INFO  ozone.MiniOzoneClusterImpl (MiniOzoneClusterImpl.java:stopSCM(430)) - Stopping the StorageContainerManager
2019-11-12 23:39:40,360 [main] INFO  server.StorageContainerManager (StorageContainerManager.java:stop(802)) - Stopping Replication Manager Service.
2019-11-12 23:39:40,360 [main] INFO  container.ReplicationManager (ReplicationManager.java:stop(203)) - Stopping Replication Monitor Thread.
2019-11-12 23:39:40,360 [main] INFO  server.StorageContainerManager (StorageContainerManager.java:stop(809)) - Stopping Lease Manager of the command watchers
2019-11-12 23:39:40,360 [main] INFO  server.StorageContainerManager (StorageContainerManager.java:stop(816)) - Stopping datanode service RPC server
2019-11-12 23:39:40,361 [main] INFO  server.SCMDatanodeProtocolServer (SCMDatanodeProtocolServer.java:stop(346)) - Stopping the RPC server for DataNodes
2019-11-12 23:39:40,361 [main] INFO  ipc.Server (Server.java:stop(3082)) - Stopping server on 40128
2019-11-12 23:39:40,364 [IPC Server listener on 40128] INFO  ipc.Server (Server.java:run(1185)) - Stopping IPC Server listener on 40128
2019-11-12 23:39:40,364 [IPC Server Responder] INFO  ipc.Server (Server.java:run(1319)) - Stopping IPC Server Responder
2019-11-12 23:39:40,442 [SCM Heartbeat Processing Thread - 0] WARN  node.NodeStateManager (NodeStateManager.java:scheduleNextHealthCheck(646)) - Current Thread is interrupted, shutting down HB processing thread for Node Manager.
2019-11-12 23:39:40,443 [main] INFO  server.StorageContainerManager (StorageContainerManager.java:stop(824)) - Stopping block service RPC server
2019-11-12 23:39:40,443 [main] INFO  server.SCMBlockProtocolServer (SCMBlockProtocolServer.java:stop(155)) - Stopping the RPC server for Block Protocol
2019-11-12 23:39:40,443 [main] INFO  ipc.Server (Server.java:stop(3082)) - Stopping server on 45895
2019-11-12 23:39:40,445 [IPC Server listener on 45895] INFO  ipc.Server (Server.java:run(1185)) - Stopping IPC Server listener on 45895
2019-11-12 23:39:40,446 [main] INFO  server.StorageContainerManager (StorageContainerManager.java:stop(831)) - Stopping the StorageContainerLocationProtocol RPC server
2019-11-12 23:39:40,446 [IPC Server Responder] INFO  ipc.Server (Server.java:run(1319)) - Stopping IPC Server Responder
2019-11-12 23:39:40,446 [main] INFO  server.SCMClientProtocolServer (SCMClientProtocolServer.java:stop(168)) - Stopping the RPC server for Client Protocol
2019-11-12 23:39:40,447 [main] INFO  ipc.Server (Server.java:stop(3082)) - Stopping server on 41032
2019-11-12 23:39:40,449 [IPC Server listener on 41032] INFO  ipc.Server (Server.java:run(1185)) - Stopping IPC Server listener on 41032
2019-11-12 23:39:40,449 [main] INFO  server.StorageContainerManager (StorageContainerManager.java:stop(838)) - Stopping Storage Container Manager HTTP server.
2019-11-12 23:39:40,449 [IPC Server Responder] INFO  ipc.Server (Server.java:run(1319)) - Stopping IPC Server Responder
2019-11-12 23:39:40,451 [main] INFO  handler.ContextHandler (ContextHandler.java:doStop(910)) - Stopped o.e.j.w.WebAppContext@28b523a{/,null,UNAVAILABLE}{/scm}
2019-11-12 23:39:40,451 [main] INFO  server.AbstractConnector (AbstractConnector.java:doStop(318)) - Stopped ServerConnector@52ba685a{HTTP/1.1,[http/1.1]}{0.0.0.0:0}
2019-11-12 23:39:40,451 [main] INFO  handler.ContextHandler (ContextHandler.java:doStop(910)) - Stopped o.e.j.s.ServletContextHandler@3487442d{/static,file:///workdir/hadoop-ozone/integration-test/target/test-classes/webapps/static,UNAVAILABLE}
2019-11-12 23:39:40,452 [main] INFO  handler.ContextHandler (ContextHandler.java:doStop(910)) - Stopped o.e.j.s.ServletContextHandler@31ab1e67{/logs,file:///workdir/hadoop-ozone/integration-test/target/log,UNAVAILABLE}
2019-11-12 23:39:40,453 [main] INFO  server.StorageContainerManager (StorageContainerManager.java:stop(849)) - Stopping Block Manager Service.
2019-11-12 23:39:40,453 [main] INFO  utils.BackgroundService (BackgroundService.java:shutdown(151)) - Shutting down service SCMBlockDeletingService
2019-11-12 23:39:40,453 [main] INFO  utils.BackgroundService (BackgroundService.java:shutdown(151)) - Shutting down service SCMBlockDeletingService
2019-11-12 23:39:40,454 [main] INFO  server.StorageContainerManager (StorageContainerManager.java:stop(871)) - Stopping SCM Event Queue.
2019-11-12 23:39:40,460 [main] INFO  impl.MetricsSystemImpl (MetricsSystemImpl.java:stop(210)) - Stopping HddsDatanode metrics system...
2019-11-12 23:39:40,476 [main] INFO  impl.MetricsSystemImpl (MetricsSystemImpl.java:stop(216)) - HddsDatanode metrics system stopped.
]]></system-out>
    <system-err><![CDATA[Nov 12, 2019 11:39:04 PM org.apache.ratis.thirdparty.io.grpc.internal.ManagedChannelOrphanWrapper$ManagedChannelReference cleanQueue
SEVERE: *~*~*~ Channel ManagedChannelImpl{logId=3324, target=192.168.164.236:37178} was not shutdown properly!!! ~*~*~*
    Make sure to call shutdown()/shutdownNow() and wait until awaitTermination() returns true.
java.lang.RuntimeException: ManagedChannel allocation site
	at org.apache.ratis.thirdparty.io.grpc.internal.ManagedChannelOrphanWrapper$ManagedChannelReference.<init>(ManagedChannelOrphanWrapper.java:103)
	at org.apache.ratis.thirdparty.io.grpc.internal.ManagedChannelOrphanWrapper.<init>(ManagedChannelOrphanWrapper.java:53)
	at org.apache.ratis.thirdparty.io.grpc.internal.ManagedChannelOrphanWrapper.<init>(ManagedChannelOrphanWrapper.java:44)
	at org.apache.ratis.thirdparty.io.grpc.internal.AbstractManagedChannelImplBuilder.build(AbstractManagedChannelImplBuilder.java:411)
	at org.apache.ratis.grpc.client.GrpcClientProtocolClient.<init>(GrpcClientProtocolClient.java:128)
	at org.apache.ratis.grpc.client.GrpcClientRpc.lambda$new$0(GrpcClientRpc.java:55)
	at org.apache.ratis.util.PeerProxyMap$PeerAndProxy.lambda$getProxy$0(PeerProxyMap.java:62)
	at org.apache.ratis.util.LifeCycle.startAndTransition(LifeCycle.java:202)
	at org.apache.ratis.util.PeerProxyMap$PeerAndProxy.getProxy(PeerProxyMap.java:61)
	at org.apache.ratis.util.PeerProxyMap.getProxy(PeerProxyMap.java:109)
	at org.apache.ratis.grpc.client.GrpcClientRpc.sendRequestAsync(GrpcClientRpc.java:66)
	at org.apache.ratis.client.impl.OrderedAsync.sendRequest(OrderedAsync.java:233)
	at org.apache.ratis.client.impl.OrderedAsync.sendRequestWithRetry(OrderedAsync.java:188)
	at org.apache.ratis.util.SlidingWindow$Client.sendOrDelayRequest(SlidingWindow.java:278)
	at org.apache.ratis.util.SlidingWindow$Client.submitNewRequest(SlidingWindow.java:257)
	at org.apache.ratis.client.impl.OrderedAsync.send(OrderedAsync.java:169)
	at org.apache.ratis.client.impl.OrderedAsync.newInstance(OrderedAsync.java:118)
	at org.apache.ratis.client.impl.RaftClientImpl.lambda$new$0(RaftClientImpl.java:102)
	at org.apache.ratis.util.MemoizedSupplier.get(MemoizedSupplier.java:62)
	at org.apache.ratis.client.impl.RaftClientImpl.getOrderedAsync(RaftClientImpl.java:119)
	at org.apache.ratis.client.impl.RaftClientImpl.sendAsync(RaftClientImpl.java:144)
	at org.apache.ratis.client.impl.RaftClientImpl.sendAsync(RaftClientImpl.java:124)
	at org.apache.hadoop.hdds.scm.XceiverClientRatis.sendRequestAsync(XceiverClientRatis.java:236)
	at org.apache.hadoop.hdds.scm.XceiverClientRatis.sendCommandAsync(XceiverClientRatis.java:317)
	at org.apache.hadoop.hdds.scm.storage.ContainerProtocolCalls.writeChunkAsync(ContainerProtocolCalls.java:310)
	at org.apache.hadoop.hdds.scm.storage.BlockOutputStream.writeChunkToContainer(BlockOutputStream.java:597)
	at org.apache.hadoop.hdds.scm.storage.BlockOutputStream.writeChunk(BlockOutputStream.java:454)
	at org.apache.hadoop.hdds.scm.storage.BlockOutputStream.handleFlush(BlockOutputStream.java:465)
	at org.apache.hadoop.hdds.scm.storage.BlockOutputStream.close(BlockOutputStream.java:488)
	at org.apache.hadoop.ozone.client.io.BlockOutputStreamEntry.close(BlockOutputStreamEntry.java:143)
	at org.apache.hadoop.ozone.client.io.KeyOutputStream.handleFlushOrClose(KeyOutputStream.java:435)
	at org.apache.hadoop.ozone.client.io.KeyOutputStream.close(KeyOutputStream.java:473)
	at org.apache.hadoop.ozone.client.io.OzoneOutputStream.close(OzoneOutputStream.java:60)
	at org.apache.hadoop.ozone.client.rpc.TestFailureHandlingByClient.testBlockWritesWithDnFailures(TestFailureHandlingByClient.java:163)
	at sun.reflect.NativeMethodAccessorImpl.invoke0(Native Method)
	at sun.reflect.NativeMethodAccessorImpl.invoke(NativeMethodAccessorImpl.java:62)
	at sun.reflect.DelegatingMethodAccessorImpl.invoke(DelegatingMethodAccessorImpl.java:43)
	at java.lang.reflect.Method.invoke(Method.java:498)
	at org.junit.runners.model.FrameworkMethod$1.runReflectiveCall(FrameworkMethod.java:47)
	at org.junit.internal.runners.model.ReflectiveCallable.run(ReflectiveCallable.java:12)
	at org.junit.runners.model.FrameworkMethod.invokeExplosively(FrameworkMethod.java:44)
	at org.junit.internal.runners.statements.InvokeMethod.evaluate(InvokeMethod.java:17)
	at org.junit.internal.runners.statements.RunAfters.evaluate(RunAfters.java:27)
	at org.junit.runners.ParentRunner.runLeaf(ParentRunner.java:271)
	at org.junit.runners.BlockJUnit4ClassRunner.runChild(BlockJUnit4ClassRunner.java:70)
	at org.junit.runners.BlockJUnit4ClassRunner.runChild(BlockJUnit4ClassRunner.java:50)
	at org.junit.runners.ParentRunner$3.run(ParentRunner.java:238)
	at org.junit.runners.ParentRunner$1.schedule(ParentRunner.java:63)
	at org.junit.runners.ParentRunner.runChildren(ParentRunner.java:236)
	at org.junit.runners.ParentRunner.access$000(ParentRunner.java:53)
	at org.junit.runners.ParentRunner$2.evaluate(ParentRunner.java:229)
	at org.junit.runners.ParentRunner.run(ParentRunner.java:309)
	at org.apache.maven.surefire.junit4.JUnit4Provider.execute(JUnit4Provider.java:365)
	at org.apache.maven.surefire.junit4.JUnit4Provider.executeWithRerun(JUnit4Provider.java:273)
	at org.apache.maven.surefire.junit4.JUnit4Provider.executeTestSet(JUnit4Provider.java:238)
	at org.apache.maven.surefire.junit4.JUnit4Provider.invoke(JUnit4Provider.java:159)
	at org.apache.maven.surefire.booter.ForkedBooter.invokeProviderInSameClassLoader(ForkedBooter.java:384)
	at org.apache.maven.surefire.booter.ForkedBooter.runSuitesInProcess(ForkedBooter.java:345)
	at org.apache.maven.surefire.booter.ForkedBooter.execute(ForkedBooter.java:126)
	at org.apache.maven.surefire.booter.ForkedBooter.main(ForkedBooter.java:418)

Nov 12, 2019 11:39:04 PM org.apache.ratis.thirdparty.io.grpc.internal.ManagedChannelOrphanWrapper$ManagedChannelReference cleanQueue
SEVERE: *~*~*~ Channel ManagedChannelImpl{logId=3336, target=192.168.164.236:33810} was not shutdown properly!!! ~*~*~*
    Make sure to call shutdown()/shutdownNow() and wait until awaitTermination() returns true.
java.lang.RuntimeException: ManagedChannel allocation site
	at org.apache.ratis.thirdparty.io.grpc.internal.ManagedChannelOrphanWrapper$ManagedChannelReference.<init>(ManagedChannelOrphanWrapper.java:103)
	at org.apache.ratis.thirdparty.io.grpc.internal.ManagedChannelOrphanWrapper.<init>(ManagedChannelOrphanWrapper.java:53)
	at org.apache.ratis.thirdparty.io.grpc.internal.ManagedChannelOrphanWrapper.<init>(ManagedChannelOrphanWrapper.java:44)
	at org.apache.ratis.thirdparty.io.grpc.internal.AbstractManagedChannelImplBuilder.build(AbstractManagedChannelImplBuilder.java:411)
	at org.apache.hadoop.hdds.scm.XceiverClientGrpc.connectToDatanode(XceiverClientGrpc.java:189)
	at org.apache.hadoop.hdds.scm.XceiverClientGrpc.connect(XceiverClientGrpc.java:138)
	at org.apache.hadoop.hdds.scm.XceiverClientManager$2.call(XceiverClientManager.java:242)
	at org.apache.hadoop.hdds.scm.XceiverClientManager$2.call(XceiverClientManager.java:226)
	at com.google.common.cache.LocalCache$LocalManualCache$1.load(LocalCache.java:4767)
	at com.google.common.cache.LocalCache$LoadingValueReference.loadFuture(LocalCache.java:3568)
	at com.google.common.cache.LocalCache$Segment.loadSync(LocalCache.java:2350)
	at com.google.common.cache.LocalCache$Segment.lockedGetOrLoad(LocalCache.java:2313)
	at com.google.common.cache.LocalCache$Segment.get(LocalCache.java:2228)
	at com.google.common.cache.LocalCache.get(LocalCache.java:3965)
	at com.google.common.cache.LocalCache$LocalManualCache.get(LocalCache.java:4764)
	at org.apache.hadoop.hdds.scm.XceiverClientManager.getClient(XceiverClientManager.java:226)
	at org.apache.hadoop.hdds.scm.XceiverClientManager.acquireClient(XceiverClientManager.java:172)
	at org.apache.hadoop.hdds.scm.XceiverClientManager.acquireClientForReadData(XceiverClientManager.java:162)
	at org.apache.hadoop.hdds.scm.storage.BlockInputStream.getChunkInfos(BlockInputStream.java:154)
	at org.apache.hadoop.hdds.scm.storage.BlockInputStream.initialize(BlockInputStream.java:118)
	at org.apache.hadoop.hdds.scm.storage.BlockInputStream.read(BlockInputStream.java:224)
	at org.apache.hadoop.ozone.client.io.KeyInputStream.read(KeyInputStream.java:173)
	at org.apache.hadoop.ozone.client.io.OzoneInputStream.read(OzoneInputStream.java:47)
	at java.io.InputStream.read(InputStream.java:101)
	at org.apache.hadoop.ozone.container.ContainerTestHelper.validateData(ContainerTestHelper.java:754)
	at org.apache.hadoop.ozone.client.rpc.TestFailureHandlingByClient.validateData(TestFailureHandlingByClient.java:413)
	at org.apache.hadoop.ozone.client.rpc.TestFailureHandlingByClient.testBlockWritesWithDnFailures(TestFailureHandlingByClient.java:172)
	at sun.reflect.NativeMethodAccessorImpl.invoke0(Native Method)
	at sun.reflect.NativeMethodAccessorImpl.invoke(NativeMethodAccessorImpl.java:62)
	at sun.reflect.DelegatingMethodAccessorImpl.invoke(DelegatingMethodAccessorImpl.java:43)
	at java.lang.reflect.Method.invoke(Method.java:498)
	at org.junit.runners.model.FrameworkMethod$1.runReflectiveCall(FrameworkMethod.java:47)
	at org.junit.internal.runners.model.ReflectiveCallable.run(ReflectiveCallable.java:12)
	at org.junit.runners.model.FrameworkMethod.invokeExplosively(FrameworkMethod.java:44)
	at org.junit.internal.runners.statements.InvokeMethod.evaluate(InvokeMethod.java:17)
	at org.junit.internal.runners.statements.RunAfters.evaluate(RunAfters.java:27)
	at org.junit.runners.ParentRunner.runLeaf(ParentRunner.java:271)
	at org.junit.runners.BlockJUnit4ClassRunner.runChild(BlockJUnit4ClassRunner.java:70)
	at org.junit.runners.BlockJUnit4ClassRunner.runChild(BlockJUnit4ClassRunner.java:50)
	at org.junit.runners.ParentRunner$3.run(ParentRunner.java:238)
	at org.junit.runners.ParentRunner$1.schedule(ParentRunner.java:63)
	at org.junit.runners.ParentRunner.runChildren(ParentRunner.java:236)
	at org.junit.runners.ParentRunner.access$000(ParentRunner.java:53)
	at org.junit.runners.ParentRunner$2.evaluate(ParentRunner.java:229)
	at org.junit.runners.ParentRunner.run(ParentRunner.java:309)
	at org.apache.maven.surefire.junit4.JUnit4Provider.execute(JUnit4Provider.java:365)
	at org.apache.maven.surefire.junit4.JUnit4Provider.executeWithRerun(JUnit4Provider.java:273)
	at org.apache.maven.surefire.junit4.JUnit4Provider.executeTestSet(JUnit4Provider.java:238)
	at org.apache.maven.surefire.junit4.JUnit4Provider.invoke(JUnit4Provider.java:159)
	at org.apache.maven.surefire.booter.ForkedBooter.invokeProviderInSameClassLoader(ForkedBooter.java:384)
	at org.apache.maven.surefire.booter.ForkedBooter.runSuitesInProcess(ForkedBooter.java:345)
	at org.apache.maven.surefire.booter.ForkedBooter.execute(ForkedBooter.java:126)
	at org.apache.maven.surefire.booter.ForkedBooter.main(ForkedBooter.java:418)

Nov 12, 2019 11:39:04 PM org.apache.ratis.thirdparty.io.grpc.internal.ManagedChannelOrphanWrapper$ManagedChannelReference cleanQueue
SEVERE: *~*~*~ Channel ManagedChannelImpl{logId=3329, target=192.168.164.236:33462} was not shutdown properly!!! ~*~*~*
    Make sure to call shutdown()/shutdownNow() and wait until awaitTermination() returns true.
java.lang.RuntimeException: ManagedChannel allocation site
	at org.apache.ratis.thirdparty.io.grpc.internal.ManagedChannelOrphanWrapper$ManagedChannelReference.<init>(ManagedChannelOrphanWrapper.java:103)
	at org.apache.ratis.thirdparty.io.grpc.internal.ManagedChannelOrphanWrapper.<init>(ManagedChannelOrphanWrapper.java:53)
	at org.apache.ratis.thirdparty.io.grpc.internal.ManagedChannelOrphanWrapper.<init>(ManagedChannelOrphanWrapper.java:44)
	at org.apache.ratis.thirdparty.io.grpc.internal.AbstractManagedChannelImplBuilder.build(AbstractManagedChannelImplBuilder.java:411)
	at org.apache.hadoop.hdds.scm.XceiverClientGrpc.connectToDatanode(XceiverClientGrpc.java:189)
	at org.apache.hadoop.hdds.scm.XceiverClientGrpc.connect(XceiverClientGrpc.java:138)
	at org.apache.hadoop.hdds.scm.XceiverClientManager$2.call(XceiverClientManager.java:242)
	at org.apache.hadoop.hdds.scm.XceiverClientManager$2.call(XceiverClientManager.java:226)
	at com.google.common.cache.LocalCache$LocalManualCache$1.load(LocalCache.java:4767)
	at com.google.common.cache.LocalCache$LoadingValueReference.loadFuture(LocalCache.java:3568)
	at com.google.common.cache.LocalCache$Segment.loadSync(LocalCache.java:2350)
	at com.google.common.cache.LocalCache$Segment.lockedGetOrLoad(LocalCache.java:2313)
	at com.google.common.cache.LocalCache$Segment.get(LocalCache.java:2228)
	at com.google.common.cache.LocalCache.get(LocalCache.java:3965)
	at com.google.common.cache.LocalCache$LocalManualCache.get(LocalCache.java:4764)
	at org.apache.hadoop.hdds.scm.XceiverClientManager.getClient(XceiverClientManager.java:226)
	at org.apache.hadoop.hdds.scm.XceiverClientManager.acquireClient(XceiverClientManager.java:172)
	at org.apache.hadoop.hdds.scm.XceiverClientManager.acquireClientForReadData(XceiverClientManager.java:162)
	at org.apache.hadoop.hdds.scm.storage.BlockInputStream.getChunkInfos(BlockInputStream.java:154)
	at org.apache.hadoop.hdds.scm.storage.BlockInputStream.initialize(BlockInputStream.java:118)
	at org.apache.hadoop.hdds.scm.storage.BlockInputStream.read(BlockInputStream.java:224)
	at org.apache.hadoop.ozone.client.io.KeyInputStream.read(KeyInputStream.java:173)
	at org.apache.hadoop.ozone.client.io.OzoneInputStream.read(OzoneInputStream.java:47)
	at java.io.InputStream.read(InputStream.java:101)
	at org.apache.hadoop.ozone.container.ContainerTestHelper.validateData(ContainerTestHelper.java:754)
	at org.apache.hadoop.ozone.client.rpc.TestFailureHandlingByClient.validateData(TestFailureHandlingByClient.java:413)
	at org.apache.hadoop.ozone.client.rpc.TestFailureHandlingByClient.testBlockWritesWithDnFailures(TestFailureHandlingByClient.java:172)
	at sun.reflect.NativeMethodAccessorImpl.invoke0(Native Method)
	at sun.reflect.NativeMethodAccessorImpl.invoke(NativeMethodAccessorImpl.java:62)
	at sun.reflect.DelegatingMethodAccessorImpl.invoke(DelegatingMethodAccessorImpl.java:43)
	at java.lang.reflect.Method.invoke(Method.java:498)
	at org.junit.runners.model.FrameworkMethod$1.runReflectiveCall(FrameworkMethod.java:47)
	at org.junit.internal.runners.model.ReflectiveCallable.run(ReflectiveCallable.java:12)
	at org.junit.runners.model.FrameworkMethod.invokeExplosively(FrameworkMethod.java:44)
	at org.junit.internal.runners.statements.InvokeMethod.evaluate(InvokeMethod.java:17)
	at org.junit.internal.runners.statements.RunAfters.evaluate(RunAfters.java:27)
	at org.junit.runners.ParentRunner.runLeaf(ParentRunner.java:271)
	at org.junit.runners.BlockJUnit4ClassRunner.runChild(BlockJUnit4ClassRunner.java:70)
	at org.junit.runners.BlockJUnit4ClassRunner.runChild(BlockJUnit4ClassRunner.java:50)
	at org.junit.runners.ParentRunner$3.run(ParentRunner.java:238)
	at org.junit.runners.ParentRunner$1.schedule(ParentRunner.java:63)
	at org.junit.runners.ParentRunner.runChildren(ParentRunner.java:236)
	at org.junit.runners.ParentRunner.access$000(ParentRunner.java:53)
	at org.junit.runners.ParentRunner$2.evaluate(ParentRunner.java:229)
	at org.junit.runners.ParentRunner.run(ParentRunner.java:309)
	at org.apache.maven.surefire.junit4.JUnit4Provider.execute(JUnit4Provider.java:365)
	at org.apache.maven.surefire.junit4.JUnit4Provider.executeWithRerun(JUnit4Provider.java:273)
	at org.apache.maven.surefire.junit4.JUnit4Provider.executeTestSet(JUnit4Provider.java:238)
	at org.apache.maven.surefire.junit4.JUnit4Provider.invoke(JUnit4Provider.java:159)
	at org.apache.maven.surefire.booter.ForkedBooter.invokeProviderInSameClassLoader(ForkedBooter.java:384)
	at org.apache.maven.surefire.booter.ForkedBooter.runSuitesInProcess(ForkedBooter.java:345)
	at org.apache.maven.surefire.booter.ForkedBooter.execute(ForkedBooter.java:126)
	at org.apache.maven.surefire.booter.ForkedBooter.main(ForkedBooter.java:418)

Nov 12, 2019 11:39:04 PM org.apache.ratis.thirdparty.io.grpc.internal.ManagedChannelOrphanWrapper$ManagedChannelReference cleanQueue
SEVERE: *~*~*~ Channel ManagedChannelImpl{logId=3331, target=192.168.164.236:36133} was not shutdown properly!!! ~*~*~*
    Make sure to call shutdown()/shutdownNow() and wait until awaitTermination() returns true.
java.lang.RuntimeException: ManagedChannel allocation site
	at org.apache.ratis.thirdparty.io.grpc.internal.ManagedChannelOrphanWrapper$ManagedChannelReference.<init>(ManagedChannelOrphanWrapper.java:103)
	at org.apache.ratis.thirdparty.io.grpc.internal.ManagedChannelOrphanWrapper.<init>(ManagedChannelOrphanWrapper.java:53)
	at org.apache.ratis.thirdparty.io.grpc.internal.ManagedChannelOrphanWrapper.<init>(ManagedChannelOrphanWrapper.java:44)
	at org.apache.ratis.thirdparty.io.grpc.internal.AbstractManagedChannelImplBuilder.build(AbstractManagedChannelImplBuilder.java:411)
	at org.apache.hadoop.hdds.scm.XceiverClientGrpc.connectToDatanode(XceiverClientGrpc.java:189)
	at org.apache.hadoop.hdds.scm.XceiverClientGrpc.reconnect(XceiverClientGrpc.java:468)
	at org.apache.hadoop.hdds.scm.XceiverClientGrpc.checkOpen(XceiverClientGrpc.java:459)
	at org.apache.hadoop.hdds.scm.XceiverClientGrpc.sendCommandAsync(XceiverClientGrpc.java:401)
	at org.apache.hadoop.hdds.scm.XceiverClientGrpc.sendCommandWithRetry(XceiverClientGrpc.java:320)
	at org.apache.hadoop.hdds.scm.XceiverClientGrpc.sendCommandWithTraceIDAndRetry(XceiverClientGrpc.java:265)
	at org.apache.hadoop.hdds.scm.XceiverClientGrpc.sendCommand(XceiverClientGrpc.java:248)
	at org.apache.hadoop.hdds.scm.storage.ContainerProtocolCalls.getBlock(ContainerProtocolCalls.java:118)
	at org.apache.hadoop.hdds.scm.storage.BlockInputStream.getChunkInfos(BlockInputStream.java:169)
	at org.apache.hadoop.hdds.scm.storage.BlockInputStream.initialize(BlockInputStream.java:118)
	at org.apache.hadoop.hdds.scm.storage.BlockInputStream.read(BlockInputStream.java:224)
	at org.apache.hadoop.ozone.client.io.KeyInputStream.read(KeyInputStream.java:173)
	at org.apache.hadoop.ozone.client.io.OzoneInputStream.read(OzoneInputStream.java:47)
	at java.io.InputStream.read(InputStream.java:101)
	at org.apache.hadoop.ozone.container.ContainerTestHelper.validateData(ContainerTestHelper.java:754)
	at org.apache.hadoop.ozone.client.rpc.TestFailureHandlingByClient.validateData(TestFailureHandlingByClient.java:413)
	at org.apache.hadoop.ozone.client.rpc.TestFailureHandlingByClient.testBlockWritesWithDnFailures(TestFailureHandlingByClient.java:172)
	at sun.reflect.NativeMethodAccessorImpl.invoke0(Native Method)
	at sun.reflect.NativeMethodAccessorImpl.invoke(NativeMethodAccessorImpl.java:62)
	at sun.reflect.DelegatingMethodAccessorImpl.invoke(DelegatingMethodAccessorImpl.java:43)
	at java.lang.reflect.Method.invoke(Method.java:498)
	at org.junit.runners.model.FrameworkMethod$1.runReflectiveCall(FrameworkMethod.java:47)
	at org.junit.internal.runners.model.ReflectiveCallable.run(ReflectiveCallable.java:12)
	at org.junit.runners.model.FrameworkMethod.invokeExplosively(FrameworkMethod.java:44)
	at org.junit.internal.runners.statements.InvokeMethod.evaluate(InvokeMethod.java:17)
	at org.junit.internal.runners.statements.RunAfters.evaluate(RunAfters.java:27)
	at org.junit.runners.ParentRunner.runLeaf(ParentRunner.java:271)
	at org.junit.runners.BlockJUnit4ClassRunner.runChild(BlockJUnit4ClassRunner.java:70)
	at org.junit.runners.BlockJUnit4ClassRunner.runChild(BlockJUnit4ClassRunner.java:50)
	at org.junit.runners.ParentRunner$3.run(ParentRunner.java:238)
	at org.junit.runners.ParentRunner$1.schedule(ParentRunner.java:63)
	at org.junit.runners.ParentRunner.runChildren(ParentRunner.java:236)
	at org.junit.runners.ParentRunner.access$000(ParentRunner.java:53)
	at org.junit.runners.ParentRunner$2.evaluate(ParentRunner.java:229)
	at org.junit.runners.ParentRunner.run(ParentRunner.java:309)
	at org.apache.maven.surefire.junit4.JUnit4Provider.execute(JUnit4Provider.java:365)
	at org.apache.maven.surefire.junit4.JUnit4Provider.executeWithRerun(JUnit4Provider.java:273)
	at org.apache.maven.surefire.junit4.JUnit4Provider.executeTestSet(JUnit4Provider.java:238)
	at org.apache.maven.surefire.junit4.JUnit4Provider.invoke(JUnit4Provider.java:159)
	at org.apache.maven.surefire.booter.ForkedBooter.invokeProviderInSameClassLoader(ForkedBooter.java:384)
	at org.apache.maven.surefire.booter.ForkedBooter.runSuitesInProcess(ForkedBooter.java:345)
	at org.apache.maven.surefire.booter.ForkedBooter.execute(ForkedBooter.java:126)
	at org.apache.maven.surefire.booter.ForkedBooter.main(ForkedBooter.java:418)

Nov 12, 2019 11:39:04 PM org.apache.ratis.thirdparty.io.grpc.internal.ManagedChannelOrphanWrapper$ManagedChannelReference cleanQueue
SEVERE: *~*~*~ Channel ManagedChannelImpl{logId=3338, target=192.168.164.236:45675} was not shutdown properly!!! ~*~*~*
    Make sure to call shutdown()/shutdownNow() and wait until awaitTermination() returns true.
java.lang.RuntimeException: ManagedChannel allocation site
	at org.apache.ratis.thirdparty.io.grpc.internal.ManagedChannelOrphanWrapper$ManagedChannelReference.<init>(ManagedChannelOrphanWrapper.java:103)
	at org.apache.ratis.thirdparty.io.grpc.internal.ManagedChannelOrphanWrapper.<init>(ManagedChannelOrphanWrapper.java:53)
	at org.apache.ratis.thirdparty.io.grpc.internal.ManagedChannelOrphanWrapper.<init>(ManagedChannelOrphanWrapper.java:44)
	at org.apache.ratis.thirdparty.io.grpc.internal.AbstractManagedChannelImplBuilder.build(AbstractManagedChannelImplBuilder.java:411)
	at org.apache.hadoop.hdds.scm.XceiverClientGrpc.connectToDatanode(XceiverClientGrpc.java:189)
	at org.apache.hadoop.hdds.scm.XceiverClientGrpc.reconnect(XceiverClientGrpc.java:468)
	at org.apache.hadoop.hdds.scm.XceiverClientGrpc.checkOpen(XceiverClientGrpc.java:459)
	at org.apache.hadoop.hdds.scm.XceiverClientGrpc.sendCommandAsync(XceiverClientGrpc.java:401)
	at org.apache.hadoop.hdds.scm.XceiverClientGrpc.sendCommandWithRetry(XceiverClientGrpc.java:320)
	at org.apache.hadoop.hdds.scm.XceiverClientGrpc.sendCommandWithTraceIDAndRetry(XceiverClientGrpc.java:265)
	at org.apache.hadoop.hdds.scm.XceiverClientGrpc.sendCommand(XceiverClientGrpc.java:248)
	at org.apache.hadoop.hdds.scm.storage.ContainerProtocolCalls.getBlock(ContainerProtocolCalls.java:118)
	at org.apache.hadoop.hdds.scm.storage.BlockInputStream.getChunkInfos(BlockInputStream.java:169)
	at org.apache.hadoop.hdds.scm.storage.BlockInputStream.initialize(BlockInputStream.java:118)
	at org.apache.hadoop.hdds.scm.storage.BlockInputStream.read(BlockInputStream.java:224)
	at org.apache.hadoop.ozone.client.io.KeyInputStream.read(KeyInputStream.java:173)
	at org.apache.hadoop.ozone.client.io.OzoneInputStream.read(OzoneInputStream.java:47)
	at java.io.InputStream.read(InputStream.java:101)
	at org.apache.hadoop.ozone.container.ContainerTestHelper.validateData(ContainerTestHelper.java:754)
	at org.apache.hadoop.ozone.client.rpc.TestFailureHandlingByClient.validateData(TestFailureHandlingByClient.java:413)
	at org.apache.hadoop.ozone.client.rpc.TestFailureHandlingByClient.testBlockWritesWithDnFailures(TestFailureHandlingByClient.java:172)
	at sun.reflect.NativeMethodAccessorImpl.invoke0(Native Method)
	at sun.reflect.NativeMethodAccessorImpl.invoke(NativeMethodAccessorImpl.java:62)
	at sun.reflect.DelegatingMethodAccessorImpl.invoke(DelegatingMethodAccessorImpl.java:43)
	at java.lang.reflect.Method.invoke(Method.java:498)
	at org.junit.runners.model.FrameworkMethod$1.runReflectiveCall(FrameworkMethod.java:47)
	at org.junit.internal.runners.model.ReflectiveCallable.run(ReflectiveCallable.java:12)
	at org.junit.runners.model.FrameworkMethod.invokeExplosively(FrameworkMethod.java:44)
	at org.junit.internal.runners.statements.InvokeMethod.evaluate(InvokeMethod.java:17)
	at org.junit.internal.runners.statements.RunAfters.evaluate(RunAfters.java:27)
	at org.junit.runners.ParentRunner.runLeaf(ParentRunner.java:271)
	at org.junit.runners.BlockJUnit4ClassRunner.runChild(BlockJUnit4ClassRunner.java:70)
	at org.junit.runners.BlockJUnit4ClassRunner.runChild(BlockJUnit4ClassRunner.java:50)
	at org.junit.runners.ParentRunner$3.run(ParentRunner.java:238)
	at org.junit.runners.ParentRunner$1.schedule(ParentRunner.java:63)
	at org.junit.runners.ParentRunner.runChildren(ParentRunner.java:236)
	at org.junit.runners.ParentRunner.access$000(ParentRunner.java:53)
	at org.junit.runners.ParentRunner$2.evaluate(ParentRunner.java:229)
	at org.junit.runners.ParentRunner.run(ParentRunner.java:309)
	at org.apache.maven.surefire.junit4.JUnit4Provider.execute(JUnit4Provider.java:365)
	at org.apache.maven.surefire.junit4.JUnit4Provider.executeWithRerun(JUnit4Provider.java:273)
	at org.apache.maven.surefire.junit4.JUnit4Provider.executeTestSet(JUnit4Provider.java:238)
	at org.apache.maven.surefire.junit4.JUnit4Provider.invoke(JUnit4Provider.java:159)
	at org.apache.maven.surefire.booter.ForkedBooter.invokeProviderInSameClassLoader(ForkedBooter.java:384)
	at org.apache.maven.surefire.booter.ForkedBooter.runSuitesInProcess(ForkedBooter.java:345)
	at org.apache.maven.surefire.booter.ForkedBooter.execute(ForkedBooter.java:126)
	at org.apache.maven.surefire.booter.ForkedBooter.main(ForkedBooter.java:418)

Nov 12, 2019 11:39:12 PM org.apache.ratis.thirdparty.io.grpc.internal.SerializingExecutor run
SEVERE: Exception while executing runnable org.apache.ratis.thirdparty.io.grpc.internal.ServerImpl$JumpToApplicationThreadServerStreamListener$1Closed@6fef323e
org.apache.ratis.thirdparty.io.grpc.StatusRuntimeException: CANCELLED: call already cancelled
	at org.apache.ratis.thirdparty.io.grpc.Status.asRuntimeException(Status.java:517)
	at org.apache.ratis.thirdparty.io.grpc.stub.ServerCalls$ServerCallStreamObserverImpl.onCompleted(ServerCalls.java:356)
	at org.apache.ratis.grpc.server.GrpcServerProtocolService$ServerRequestStreamObserver.onError(GrpcServerProtocolService.java:121)
	at org.apache.ratis.thirdparty.io.grpc.stub.ServerCalls$StreamingServerCallHandler$StreamingServerCallListener.onCancel(ServerCalls.java:269)
	at org.apache.ratis.thirdparty.io.grpc.internal.ServerCallImpl$ServerStreamListenerImpl.closed(ServerCallImpl.java:293)
	at org.apache.ratis.thirdparty.io.grpc.internal.ServerImpl$JumpToApplicationThreadServerStreamListener$1Closed.runInContext(ServerImpl.java:741)
	at org.apache.ratis.thirdparty.io.grpc.internal.ContextRunnable.run(ContextRunnable.java:37)
	at org.apache.ratis.thirdparty.io.grpc.internal.SerializingExecutor.run(SerializingExecutor.java:123)
	at java.util.concurrent.ThreadPoolExecutor.runWorker(ThreadPoolExecutor.java:1149)
	at java.util.concurrent.ThreadPoolExecutor$Worker.run(ThreadPoolExecutor.java:624)
	at java.lang.Thread.run(Thread.java:748)

Nov 12, 2019 11:39:20 PM org.apache.ratis.thirdparty.io.grpc.internal.SerializingExecutor run
SEVERE: Exception while executing runnable org.apache.ratis.thirdparty.io.grpc.internal.ServerImpl$JumpToApplicationThreadServerStreamListener$1Closed@42fbe9cb
org.apache.ratis.thirdparty.io.grpc.StatusRuntimeException: CANCELLED: call already cancelled
	at org.apache.ratis.thirdparty.io.grpc.Status.asRuntimeException(Status.java:517)
	at org.apache.ratis.thirdparty.io.grpc.stub.ServerCalls$ServerCallStreamObserverImpl.onCompleted(ServerCalls.java:356)
	at org.apache.ratis.grpc.server.GrpcServerProtocolService$ServerRequestStreamObserver.onError(GrpcServerProtocolService.java:121)
	at org.apache.ratis.thirdparty.io.grpc.stub.ServerCalls$StreamingServerCallHandler$StreamingServerCallListener.onCancel(ServerCalls.java:269)
	at org.apache.ratis.thirdparty.io.grpc.internal.ServerCallImpl$ServerStreamListenerImpl.closed(ServerCallImpl.java:293)
	at org.apache.ratis.thirdparty.io.grpc.internal.ServerImpl$JumpToApplicationThreadServerStreamListener$1Closed.runInContext(ServerImpl.java:741)
	at org.apache.ratis.thirdparty.io.grpc.internal.ContextRunnable.run(ContextRunnable.java:37)
	at org.apache.ratis.thirdparty.io.grpc.internal.SerializingExecutor.run(SerializingExecutor.java:123)
	at java.util.concurrent.ThreadPoolExecutor.runWorker(ThreadPoolExecutor.java:1149)
	at java.util.concurrent.ThreadPoolExecutor$Worker.run(ThreadPoolExecutor.java:624)
	at java.lang.Thread.run(Thread.java:748)

]]></system-err>
  </testcase>
</testsuite>