<?xml version="1.0" encoding="UTF-8"?>
<testsuite xmlns:xsi="http://www.w3.org/2001/XMLSchema-instance" xsi:noNamespaceSchemaLocation="https://maven.apache.org/surefire/maven-surefire-plugin/xsd/surefire-test-report.xsd" name="org.apache.hadoop.ozone.client.rpc.TestDeleteWithSlowFollower" time="138.635" tests="1" errors="0" skipped="0" failures="1">
  <properties>
    <property name="awt.toolkit" value="sun.awt.X11.XToolkit"/>
    <property name="file.encoding.pkg" value="sun.io"/>
    <property name="java.specification.version" value="1.8"/>
    <property name="sun.cpu.isalist" value=""/>
    <property name="sun.jnu.encoding" value="ANSI_X3.4-1968"/>
    <property name="java.class.path" value="/workdir/hadoop-ozone/integration-test/target/test-classes:/workdir/hadoop-ozone/integration-test/target/classes:/home/user/.m2/repository/org/apache/hadoop/hadoop-ozone-common/0.5.0-SNAPSHOT/hadoop-ozone-common-0.5.0-SNAPSHOT.jar:/home/user/.m2/repository/org/apache/commons/commons-compress/1.4.1/commons-compress-1.4.1.jar:/home/user/.m2/repository/org/tukaani/xz/1.0/xz-1.0.jar:/home/user/.m2/repository/org/apache/hadoop/hadoop-common/3.2.0/hadoop-common-3.2.0.jar:/home/user/.m2/repository/org/apache/hadoop/hadoop-hdfs/3.2.0/hadoop-hdfs-3.2.0.jar:/home/user/.m2/repository/org/apache/hadoop/hadoop-hdfs-client/3.2.0/hadoop-hdfs-client-3.2.0.jar:/home/user/.m2/repository/com/fasterxml/jackson/core/jackson-annotations/2.9.9/jackson-annotations-2.9.9.jar:/home/user/.m2/repository/org/apache/hadoop/hadoop-hdds-common/0.5.0-SNAPSHOT/hadoop-hdds-common-0.5.0-SNAPSHOT.jar:/home/user/.m2/repository/javax/annotation/javax.annotation-api/1.2/javax.annotation-api-1.2.jar:/home/user/.m2/repository/org/apache/ratis/ratis-server/0.5.0-201fc85-SNAPSHOT/ratis-server-0.5.0-201fc85-SNAPSHOT.jar:/home/user/.m2/repository/org/apache/ratis/ratis-thirdparty-misc/0.2.0/ratis-thirdparty-misc-0.2.0.jar:/home/user/.m2/repository/org/apache/ratis/ratis-proto/0.5.0-201fc85-SNAPSHOT/ratis-proto-0.5.0-201fc85-SNAPSHOT.jar:/home/user/.m2/repository/org/apache/ratis/ratis-common/0.5.0-201fc85-SNAPSHOT/ratis-common-0.5.0-201fc85-SNAPSHOT.jar:/home/user/.m2/repository/org/apache/ratis/ratis-client/0.5.0-201fc85-SNAPSHOT/ratis-client-0.5.0-201fc85-SNAPSHOT.jar:/home/user/.m2/repository/org/apache/ratis/ratis-metrics/0.5.0-201fc85-SNAPSHOT/ratis-metrics-0.5.0-201fc85-SNAPSHOT.jar:/home/user/.m2/repository/com/github/joshelser/dropwizard-metrics-hadoop-metrics2-reporter/0.1.2/dropwizard-metrics-hadoop-metrics2-reporter-0.1.2.jar:/home/user/.m2/repository/io/dropwizard/metrics/metrics-jvm/3.2.5/metrics-jvm-3.2.5.jar:/home/user/.m2/repository/io/dropwizard/metrics/metrics-ganglia/3.2.5/metrics-ganglia-3.2.5.jar:/home/user/.m2/repository/info/ganglia/gmetric4j/gmetric4j/1.0.7/gmetric4j-1.0.7.jar:/home/user/.m2/repository/org/apache/ratis/ratis-netty/0.5.0-201fc85-SNAPSHOT/ratis-netty-0.5.0-201fc85-SNAPSHOT.jar:/home/user/.m2/repository/org/apache/ratis/ratis-grpc/0.5.0-201fc85-SNAPSHOT/ratis-grpc-0.5.0-201fc85-SNAPSHOT.jar:/home/user/.m2/repository/org/rocksdb/rocksdbjni/6.0.1/rocksdbjni-6.0.1.jar:/home/user/.m2/repository/org/apache/logging/log4j/log4j-api/2.11.0/log4j-api-2.11.0.jar:/home/user/.m2/repository/org/apache/logging/log4j/log4j-core/2.11.0/log4j-core-2.11.0.jar:/home/user/.m2/repository/com/lmax/disruptor/3.4.2/disruptor-3.4.2.jar:/home/user/.m2/repository/org/apache/commons/commons-pool2/2.6.0/commons-pool2-2.6.0.jar:/home/user/.m2/repository/org/bouncycastle/bcpkix-jdk15on/1.60/bcpkix-jdk15on-1.60.jar:/home/user/.m2/repository/commons-validator/commons-validator/1.6/commons-validator-1.6.jar:/home/user/.m2/repository/commons-digester/commons-digester/1.8.1/commons-digester-1.8.1.jar:/home/user/.m2/repository/io/jaegertracing/jaeger-client/0.34.0/jaeger-client-0.34.0.jar:/home/user/.m2/repository/io/jaegertracing/jaeger-thrift/0.34.0/jaeger-thrift-0.34.0.jar:/home/user/.m2/repository/org/apache/thrift/libthrift/0.12.0/libthrift-0.12.0.jar:/home/user/.m2/repository/com/squareup/okhttp3/okhttp/3.9.0/okhttp-3.9.0.jar:/home/user/.m2/repository/com/squareup/okio/okio/1.13.0/okio-1.13.0.jar:/home/user/.m2/repository/io/jaegertracing/jaeger-core/0.34.0/jaeger-core-0.34.0.jar:/home/user/.m2/repository/io/jaegertracing/jaeger-tracerresolver/0.34.0/jaeger-tracerresolver-0.34.0.jar:/home/user/.m2/repository/io/opentracing/contrib/opentracing-tracerresolver/0.1.5/opentracing-tracerresolver-0.1.5.jar:/home/user/.m2/repository/io/opentracing/opentracing-util/0.31.0/opentracing-util-0.31.0.jar:/home/user/.m2/repository/io/opentracing/opentracing-api/0.31.0/opentracing-api-0.31.0.jar:/home/user/.m2/repository/io/opentracing/opentracing-noop/0.31.0/opentracing-noop-0.31.0.jar:/home/user/.m2/repository/org/apache/hadoop/hadoop-hdds-server-framework/0.5.0-SNAPSHOT/hadoop-hdds-server-framework-0.5.0-SNAPSHOT.jar:/home/user/.m2/repository/org/apache/hadoop/hadoop-hdds-container-service/0.5.0-SNAPSHOT/hadoop-hdds-container-service-0.5.0-SNAPSHOT.jar:/home/user/.m2/repository/org/apache/hadoop/hadoop-hdds-client/0.5.0-SNAPSHOT/hadoop-hdds-client-0.5.0-SNAPSHOT.jar:/home/user/.m2/repository/org/apache/hadoop/hadoop-hdds-tools/0.5.0-SNAPSHOT/hadoop-hdds-tools-0.5.0-SNAPSHOT.jar:/home/user/.m2/repository/org/apache/hadoop/hadoop-hdds-server-scm/0.5.0-SNAPSHOT/hadoop-hdds-server-scm-0.5.0-SNAPSHOT.jar:/home/user/.m2/repository/org/apache/hadoop/hadoop-hdds-docs/0.5.0-SNAPSHOT/hadoop-hdds-docs-0.5.0-SNAPSHOT.jar:/home/user/.m2/repository/io/dropwizard/metrics/metrics-core/3.2.4/metrics-core-3.2.4.jar:/home/user/.m2/repository/org/hamcrest/hamcrest-all/1.3/hamcrest-all-1.3.jar:/home/user/.m2/repository/org/bouncycastle/bcprov-jdk15on/1.60/bcprov-jdk15on-1.60.jar:/home/user/.m2/repository/info/picocli/picocli/3.9.6/picocli-3.9.6.jar:/home/user/.m2/repository/com/google/protobuf/protobuf-java/2.5.0/protobuf-java-2.5.0.jar:/home/user/.m2/repository/com/google/guava/guava/11.0.2/guava-11.0.2.jar:/home/user/.m2/repository/org/apache/hadoop/hadoop-ozone-ozone-manager/0.5.0-SNAPSHOT/hadoop-ozone-ozone-manager-0.5.0-SNAPSHOT.jar:/home/user/.m2/repository/org/apache/hadoop/hadoop-minikdc/3.2.0/hadoop-minikdc-3.2.0.jar:/home/user/.m2/repository/commons-io/commons-io/2.5/commons-io-2.5.jar:/home/user/.m2/repository/org/apache/kerby/kerb-simplekdc/1.0.1/kerb-simplekdc-1.0.1.jar:/home/user/.m2/repository/org/apache/kerby/kerb-client/1.0.1/kerb-client-1.0.1.jar:/home/user/.m2/repository/org/apache/kerby/kerby-config/1.0.1/kerby-config-1.0.1.jar:/home/user/.m2/repository/org/apache/kerby/kerb-core/1.0.1/kerb-core-1.0.1.jar:/home/user/.m2/repository/org/apache/kerby/kerby-pkix/1.0.1/kerby-pkix-1.0.1.jar:/home/user/.m2/repository/org/apache/kerby/kerby-asn1/1.0.1/kerby-asn1-1.0.1.jar:/home/user/.m2/repository/org/apache/kerby/kerby-util/1.0.1/kerby-util-1.0.1.jar:/home/user/.m2/repository/org/apache/kerby/kerb-common/1.0.1/kerb-common-1.0.1.jar:/home/user/.m2/repository/org/apache/kerby/kerb-crypto/1.0.1/kerb-crypto-1.0.1.jar:/home/user/.m2/repository/org/apache/kerby/kerb-util/1.0.1/kerb-util-1.0.1.jar:/home/user/.m2/repository/org/apache/kerby/token-provider/1.0.1/token-provider-1.0.1.jar:/home/user/.m2/repository/org/apache/kerby/kerb-admin/1.0.1/kerb-admin-1.0.1.jar:/home/user/.m2/repository/org/apache/kerby/kerb-server/1.0.1/kerb-server-1.0.1.jar:/home/user/.m2/repository/org/apache/kerby/kerb-identity/1.0.1/kerb-identity-1.0.1.jar:/home/user/.m2/repository/org/apache/kerby/kerby-xdr/1.0.1/kerby-xdr-1.0.1.jar:/home/user/.m2/repository/org/slf4j/slf4j-log4j12/1.7.25/slf4j-log4j12-1.7.25.jar:/home/user/.m2/repository/org/apache/hadoop/hadoop-ozone-s3gateway/0.5.0-SNAPSHOT/hadoop-ozone-s3gateway-0.5.0-SNAPSHOT.jar:/home/user/.m2/repository/org/jboss/weld/servlet/weld-servlet/2.4.7.Final/weld-servlet-2.4.7.Final.jar:/home/user/.m2/repository/org/glassfish/jersey/containers/jersey-container-servlet-core/2.27/jersey-container-servlet-core-2.27.jar:/home/user/.m2/repository/org/glassfish/hk2/external/javax.inject/2.5.0-b42/javax.inject-2.5.0-b42.jar:/home/user/.m2/repository/org/glassfish/jersey/core/jersey-common/2.27/jersey-common-2.27.jar:/home/user/.m2/repository/org/glassfish/hk2/osgi-resource-locator/1.0.1/osgi-resource-locator-1.0.1.jar:/home/user/.m2/repository/javax/ws/rs/javax.ws.rs-api/2.1/javax.ws.rs-api-2.1.jar:/home/user/.m2/repository/org/glassfish/jersey/ext/cdi/jersey-cdi1x/2.27/jersey-cdi1x-2.27.jar:/home/user/.m2/repository/org/glassfish/jersey/inject/jersey-hk2/2.27/jersey-hk2-2.27.jar:/home/user/.m2/repository/org/glassfish/hk2/hk2-locator/2.5.0-b42/hk2-locator-2.5.0-b42.jar:/home/user/.m2/repository/org/javassist/javassist/3.22.0-CR2/javassist-3.22.0-CR2.jar:/home/user/.m2/repository/org/glassfish/hk2/hk2-api/2.5.0/hk2-api-2.5.0.jar:/home/user/.m2/repository/org/glassfish/hk2/external/jakarta.inject/2.5.0/jakarta.inject-2.5.0.jar:/home/user/.m2/repository/org/glassfish/hk2/hk2-utils/2.5.0/hk2-utils-2.5.0.jar:/home/user/.m2/repository/jakarta/annotation/jakarta.annotation-api/1.3.4/jakarta.annotation-api-1.3.4.jar:/home/user/.m2/repository/org/glassfish/hk2/external/aopalliance-repackaged/2.5.0/aopalliance-repackaged-2.5.0.jar:/home/user/.m2/repository/com/fasterxml/jackson/dataformat/jackson-dataformat-xml/2.9.0/jackson-dataformat-xml-2.9.0.jar:/home/user/.m2/repository/com/fasterxml/jackson/core/jackson-core/2.9.9/jackson-core-2.9.9.jar:/home/user/.m2/repository/com/fasterxml/jackson/module/jackson-module-jaxb-annotations/2.9.9/jackson-module-jaxb-annotations-2.9.9.jar:/home/user/.m2/repository/javax/enterprise/cdi-api/1.2/cdi-api-1.2.jar:/home/user/.m2/repository/javax/el/javax.el-api/3.0.0/javax.el-api-3.0.0.jar:/home/user/.m2/repository/javax/interceptor/javax.interceptor-api/1.2/javax.interceptor-api-1.2.jar:/home/user/.m2/repository/javax/inject/javax.inject/1/javax.inject-1.jar:/home/user/.m2/repository/com/sun/xml/bind/jaxb-impl/2.3.0.1/jaxb-impl-2.3.0.1.jar:/home/user/.m2/repository/com/sun/xml/bind/jaxb-core/2.3.0.1/jaxb-core-2.3.0.1.jar:/home/user/.m2/repository/javax/xml/bind/jaxb-api/2.3.0/jaxb-api-2.3.0.jar:/home/user/.m2/repository/javax/activation/activation/1.1.1/activation-1.1.1.jar:/home/user/.m2/repository/org/apache/hadoop/hadoop-ozone-csi/0.5.0-SNAPSHOT/hadoop-ozone-csi-0.5.0-SNAPSHOT.jar:/home/user/.m2/repository/com/google/protobuf/protobuf-java-util/3.5.1/protobuf-java-util-3.5.1.jar:/home/user/.m2/repository/org/apache/hadoop/hadoop-hdds-config/0.5.0-SNAPSHOT/hadoop-hdds-config-0.5.0-SNAPSHOT.jar:/home/user/.m2/repository/io/grpc/grpc-netty/1.17.1/grpc-netty-1.17.1.jar:/home/user/.m2/repository/io/grpc/grpc-core/1.17.1/grpc-core-1.17.1.jar:/home/user/.m2/repository/io/grpc/grpc-context/1.17.1/grpc-context-1.17.1.jar:/home/user/.m2/repository/com/google/errorprone/error_prone_annotations/2.2.0/error_prone_annotations-2.2.0.jar:/home/user/.m2/repository/org/codehaus/mojo/animal-sniffer-annotations/1.17/animal-sniffer-annotations-1.17.jar:/home/user/.m2/repository/io/opencensus/opencensus-api/0.17.0/opencensus-api-0.17.0.jar:/home/user/.m2/repository/io/opencensus/opencensus-contrib-grpc-metrics/0.17.0/opencensus-contrib-grpc-metrics-0.17.0.jar:/home/user/.m2/repository/io/netty/netty-codec-http2/4.1.30.Final/netty-codec-http2-4.1.30.Final.jar:/home/user/.m2/repository/io/netty/netty-codec-http/4.1.30.Final/netty-codec-http-4.1.30.Final.jar:/home/user/.m2/repository/io/netty/netty-codec/4.1.30.Final/netty-codec-4.1.30.Final.jar:/home/user/.m2/repository/io/netty/netty-handler/4.1.30.Final/netty-handler-4.1.30.Final.jar:/home/user/.m2/repository/io/netty/netty-handler-proxy/4.1.30.Final/netty-handler-proxy-4.1.30.Final.jar:/home/user/.m2/repository/io/netty/netty-codec-socks/4.1.30.Final/netty-codec-socks-4.1.30.Final.jar:/home/user/.m2/repository/io/netty/netty-transport-native-epoll/4.1.30.Final/netty-transport-native-epoll-4.1.30.Final.jar:/home/user/.m2/repository/io/netty/netty-common/4.1.30.Final/netty-common-4.1.30.Final.jar:/home/user/.m2/repository/io/netty/netty-buffer/4.1.30.Final/netty-buffer-4.1.30.Final.jar:/home/user/.m2/repository/io/netty/netty-transport/4.1.30.Final/netty-transport-4.1.30.Final.jar:/home/user/.m2/repository/io/netty/netty-resolver/4.1.30.Final/netty-resolver-4.1.30.Final.jar:/home/user/.m2/repository/io/netty/netty-transport-native-unix-common/4.1.30.Final/netty-transport-native-unix-common-4.1.30.Final.jar:/home/user/.m2/repository/io/grpc/grpc-protobuf/1.17.1/grpc-protobuf-1.17.1.jar:/home/user/.m2/repository/com/google/api/grpc/proto-google-common-protos/1.0.0/proto-google-common-protos-1.0.0.jar:/home/user/.m2/repository/io/grpc/grpc-protobuf-lite/1.17.1/grpc-protobuf-lite-1.17.1.jar:/home/user/.m2/repository/io/grpc/grpc-stub/1.17.1/grpc-stub-1.17.1.jar:/home/user/.m2/repository/org/apache/hadoop/hadoop-ozone-recon/0.5.0-SNAPSHOT/hadoop-ozone-recon-0.5.0-SNAPSHOT.jar:/home/user/.m2/repository/org/apache/hadoop/hadoop-ozone-reconcodegen/0.5.0-SNAPSHOT/hadoop-ozone-reconcodegen-0.5.0-SNAPSHOT.jar:/home/user/.m2/repository/com/google/inject/extensions/guice-multibindings/4.0/guice-multibindings-4.0.jar:/home/user/.m2/repository/com/google/inject/guice/4.0/guice-4.0.jar:/home/user/.m2/repository/aopalliance/aopalliance/1.0/aopalliance-1.0.jar:/home/user/.m2/repository/com/google/inject/extensions/guice-servlet/4.0/guice-servlet-4.0.jar:/home/user/.m2/repository/org/glassfish/jersey/containers/jersey-container-servlet/2.27/jersey-container-servlet-2.27.jar:/home/user/.m2/repository/org/glassfish/hk2/guice-bridge/2.5.0/guice-bridge-2.5.0.jar:/home/user/.m2/repository/org/glassfish/jersey/core/jersey-server/2.27/jersey-server-2.27.jar:/home/user/.m2/repository/org/glassfish/jersey/core/jersey-client/2.27/jersey-client-2.27.jar:/home/user/.m2/repository/org/glassfish/jersey/media/jersey-media-jaxb/2.27/jersey-media-jaxb-2.27.jar:/home/user/.m2/repository/javax/validation/validation-api/1.1.0.Final/validation-api-1.1.0.Final.jar:/home/user/.m2/repository/org/glassfish/jersey/media/jersey-media-json-jackson/2.27/jersey-media-json-jackson-2.27.jar:/home/user/.m2/repository/org/glassfish/jersey/ext/jersey-entity-filtering/2.27/jersey-entity-filtering-2.27.jar:/home/user/.m2/repository/com/google/inject/extensions/guice-assistedinject/4.0/guice-assistedinject-4.0.jar:/home/user/.m2/repository/org/jooq/jooq/3.11.10/jooq-3.11.10.jar:/home/user/.m2/repository/org/jooq/jooq-meta/3.11.10/jooq-meta-3.11.10.jar:/home/user/.m2/repository/org/jooq/jooq-codegen/3.11.10/jooq-codegen-3.11.10.jar:/home/user/.m2/repository/com/jolbox/bonecp/0.8.0.RELEASE/bonecp-0.8.0.RELEASE.jar:/home/user/.m2/repository/org/xerial/sqlite-jdbc/3.25.2/sqlite-jdbc-3.25.2.jar:/home/user/.m2/repository/org/springframework/spring-jdbc/5.1.3.RELEASE/spring-jdbc-5.1.3.RELEASE.jar:/home/user/.m2/repository/org/springframework/spring-beans/5.1.3.RELEASE/spring-beans-5.1.3.RELEASE.jar:/home/user/.m2/repository/org/springframework/spring-core/5.1.3.RELEASE/spring-core-5.1.3.RELEASE.jar:/home/user/.m2/repository/org/springframework/spring-jcl/5.1.3.RELEASE/spring-jcl-5.1.3.RELEASE.jar:/home/user/.m2/repository/org/springframework/spring-tx/5.1.3.RELEASE/spring-tx-5.1.3.RELEASE.jar:/home/user/.m2/repository/org/apache/hadoop/hadoop-ozone-client/0.5.0-SNAPSHOT/hadoop-ozone-client-0.5.0-SNAPSHOT.jar:/home/user/.m2/repository/commons-lang/commons-lang/2.6/commons-lang-2.6.jar:/home/user/.m2/repository/org/apache/hadoop/hadoop-ozone-ozone-manager/0.5.0-SNAPSHOT/hadoop-ozone-ozone-manager-0.5.0-SNAPSHOT-tests.jar:/home/user/.m2/repository/junit/junit/4.11/junit-4.11.jar:/home/user/.m2/repository/org/hamcrest/hamcrest-core/1.3/hamcrest-core-1.3.jar:/home/user/.m2/repository/org/openjdk/jmh/jmh-core/1.19/jmh-core-1.19.jar:/home/user/.m2/repository/net/sf/jopt-simple/jopt-simple/4.6/jopt-simple-4.6.jar:/home/user/.m2/repository/org/apache/commons/commons-math3/3.1.1/commons-math3-3.1.1.jar:/home/user/.m2/repository/org/openjdk/jmh/jmh-generator-annprocess/1.19/jmh-generator-annprocess-1.19.jar:/home/user/.m2/repository/org/mockito/mockito-all/1.8.5/mockito-all-1.8.5.jar:/home/user/.m2/repository/org/apache/hadoop/hadoop-kms/3.2.0/hadoop-kms-3.2.0.jar:/home/user/.m2/repository/org/apache/hadoop/hadoop-auth/3.2.0/hadoop-auth-3.2.0.jar:/home/user/.m2/repository/com/nimbusds/nimbus-jose-jwt/4.41.1/nimbus-jose-jwt-4.41.1.jar:/home/user/.m2/repository/com/github/stephenc/jcip/jcip-annotations/1.0-1/jcip-annotations-1.0-1.jar:/home/user/.m2/repository/net/minidev/json-smart/2.3/json-smart-2.3.jar:/home/user/.m2/repository/net/minidev/accessors-smart/1.2/accessors-smart-1.2.jar:/home/user/.m2/repository/org/ow2/asm/asm/5.0.4/asm-5.0.4.jar:/home/user/.m2/repository/org/apache/curator/curator-framework/2.12.0/curator-framework-2.12.0.jar:/home/user/.m2/repository/com/sun/jersey/jersey-core/1.19/jersey-core-1.19.jar:/home/user/.m2/repository/javax/ws/rs/jsr311-api/1.1.1/jsr311-api-1.1.1.jar:/home/user/.m2/repository/com/sun/jersey/jersey-server/1.19/jersey-server-1.19.jar:/home/user/.m2/repository/javax/servlet/javax.servlet-api/3.1.0/javax.servlet-api-3.1.0.jar:/home/user/.m2/repository/org/eclipse/jetty/jetty-server/9.3.25.v20180904/jetty-server-9.3.25.v20180904.jar:/home/user/.m2/repository/org/eclipse/jetty/jetty-http/9.3.25.v20180904/jetty-http-9.3.25.v20180904.jar:/home/user/.m2/repository/org/eclipse/jetty/jetty-io/9.3.25.v20180904/jetty-io-9.3.25.v20180904.jar:/home/user/.m2/repository/org/eclipse/jetty/jetty-webapp/9.3.25.v20180904/jetty-webapp-9.3.25.v20180904.jar:/home/user/.m2/repository/org/eclipse/jetty/jetty-xml/9.3.25.v20180904/jetty-xml-9.3.25.v20180904.jar:/home/user/.m2/repository/log4j/log4j/1.2.17/log4j-1.2.17.jar:/home/user/.m2/repository/org/slf4j/slf4j-api/1.7.25/slf4j-api-1.7.25.jar:/home/user/.m2/repository/org/slf4j/jul-to-slf4j/1.7.25/jul-to-slf4j-1.7.25.jar:/home/user/.m2/repository/org/eclipse/jetty/jetty-util/9.3.25.v20180904/jetty-util-9.3.25.v20180904.jar:/home/user/.m2/repository/com/fasterxml/jackson/core/jackson-databind/2.9.9/jackson-databind-2.9.9.jar:/home/user/.m2/repository/org/apache/hadoop/hadoop-kms/3.2.0/hadoop-kms-3.2.0-tests.jar:/home/user/.m2/repository/org/apache/hadoop/hadoop-hdds-server-scm/0.5.0-SNAPSHOT/hadoop-hdds-server-scm-0.5.0-SNAPSHOT-tests.jar:/home/user/.m2/repository/org/apache/hadoop/hadoop-hdds-container-service/0.5.0-SNAPSHOT/hadoop-hdds-container-service-0.5.0-SNAPSHOT-tests.jar:/home/user/.m2/repository/org/yaml/snakeyaml/1.16/snakeyaml-1.16.jar:/home/user/.m2/repository/org/apache/hadoop/hadoop-common/3.2.0/hadoop-common-3.2.0-tests.jar:/home/user/.m2/repository/org/apache/hadoop/hadoop-annotations/3.2.0/hadoop-annotations-3.2.0.jar:/usr/lib/jvm/java-1.8.0-openjdk-1.8.0.222.b10-1.el7_7.x86_64/jre/../lib/tools.jar:/home/user/.m2/repository/commons-cli/commons-cli/1.2/commons-cli-1.2.jar:/home/user/.m2/repository/org/apache/httpcomponents/httpclient/4.5.2/httpclient-4.5.2.jar:/home/user/.m2/repository/org/apache/httpcomponents/httpcore/4.4.4/httpcore-4.4.4.jar:/home/user/.m2/repository/commons-codec/commons-codec/1.11/commons-codec-1.11.jar:/home/user/.m2/repository/commons-net/commons-net/3.6/commons-net-3.6.jar:/home/user/.m2/repository/commons-collections/commons-collections/3.2.2/commons-collections-3.2.2.jar:/home/user/.m2/repository/org/eclipse/jetty/jetty-servlet/9.3.25.v20180904/jetty-servlet-9.3.25.v20180904.jar:/home/user/.m2/repository/org/eclipse/jetty/jetty-security/9.3.25.v20180904/jetty-security-9.3.25.v20180904.jar:/home/user/.m2/repository/javax/servlet/jsp/jsp-api/2.1/jsp-api-2.1.jar:/home/user/.m2/repository/com/sun/jersey/jersey-servlet/1.19/jersey-servlet-1.19.jar:/home/user/.m2/repository/com/sun/jersey/jersey-json/1.19/jersey-json-1.19.jar:/home/user/.m2/repository/org/codehaus/jettison/jettison/1.1/jettison-1.1.jar:/home/user/.m2/repository/org/codehaus/jackson/jackson-core-asl/1.9.13/jackson-core-asl-1.9.13.jar:/home/user/.m2/repository/org/codehaus/jackson/jackson-mapper-asl/1.9.13/jackson-mapper-asl-1.9.13.jar:/home/user/.m2/repository/org/codehaus/jackson/jackson-jaxrs/1.9.13/jackson-jaxrs-1.9.13.jar:/home/user/.m2/repository/org/codehaus/jackson/jackson-xc/1.9.13/jackson-xc-1.9.13.jar:/home/user/.m2/repository/commons-logging/commons-logging/1.1.3/commons-logging-1.1.3.jar:/home/user/.m2/repository/commons-beanutils/commons-beanutils/1.9.4/commons-beanutils-1.9.4.jar:/home/user/.m2/repository/org/apache/commons/commons-configuration2/2.1.1/commons-configuration2-2.1.1.jar:/home/user/.m2/repository/org/apache/commons/commons-lang3/3.7/commons-lang3-3.7.jar:/home/user/.m2/repository/org/apache/commons/commons-text/1.4/commons-text-1.4.jar:/home/user/.m2/repository/org/apache/avro/avro/1.7.7/avro-1.7.7.jar:/home/user/.m2/repository/com/thoughtworks/paranamer/paranamer/2.3/paranamer-2.3.jar:/home/user/.m2/repository/org/xerial/snappy/snappy-java/1.0.5/snappy-java-1.0.5.jar:/home/user/.m2/repository/com/google/re2j/re2j/1.1/re2j-1.1.jar:/home/user/.m2/repository/com/google/code/gson/gson/2.2.4/gson-2.2.4.jar:/home/user/.m2/repository/com/jcraft/jsch/0.1.54/jsch-0.1.54.jar:/home/user/.m2/repository/org/apache/curator/curator-client/2.12.0/curator-client-2.12.0.jar:/home/user/.m2/repository/org/apache/curator/curator-recipes/2.12.0/curator-recipes-2.12.0.jar:/home/user/.m2/repository/com/google/code/findbugs/jsr305/3.0.0/jsr305-3.0.0.jar:/home/user/.m2/repository/org/apache/htrace/htrace-core4/4.1.0-incubating/htrace-core4-4.1.0-incubating.jar:/home/user/.m2/repository/org/apache/zookeeper/zookeeper/3.4.13/zookeeper-3.4.13.jar:/home/user/.m2/repository/jline/jline/0.9.94/jline-0.9.94.jar:/home/user/.m2/repository/org/apache/yetus/audience-annotations/0.5.0/audience-annotations-0.5.0.jar:/home/user/.m2/repository/org/codehaus/woodstox/stax2-api/3.1.4/stax2-api-3.1.4.jar:/home/user/.m2/repository/com/fasterxml/woodstox/woodstox-core/5.0.3/woodstox-core-5.0.3.jar:/home/user/.m2/repository/dnsjava/dnsjava/2.1.7/dnsjava-2.1.7.jar:/home/user/.m2/repository/org/apache/hadoop/hadoop-hdfs/3.2.0/hadoop-hdfs-3.2.0-tests.jar:/home/user/.m2/repository/org/eclipse/jetty/jetty-util-ajax/9.3.25.v20180904/jetty-util-ajax-9.3.25.v20180904.jar:/home/user/.m2/repository/commons-daemon/commons-daemon/1.0.13/commons-daemon-1.0.13.jar:/home/user/.m2/repository/io/netty/netty/3.10.5.Final/netty-3.10.5.Final.jar:/home/user/.m2/repository/io/netty/netty-all/4.0.52.Final/netty-all-4.0.52.Final.jar:/home/user/.m2/repository/org/fusesource/leveldbjni/leveldbjni-all/1.8/leveldbjni-all-1.8.jar:"/>
    <property name="java.vm.vendor" value="Oracle Corporation"/>
    <property name="sun.arch.data.model" value="64"/>
    <property name="test.build.dir" value="/workdir/hadoop-ozone/integration-test/target/test-dir"/>
    <property name="test.cache.data" value=""/>
    <property name="java.vendor.url" value="http://java.oracle.com/"/>
    <property name="user.timezone" value=""/>
    <property name="java.vm.specification.version" value="1.8"/>
    <property name="os.name" value="Linux"/>
    <property name="test.build.data" value="/workdir/hadoop-ozone/integration-test/target/test-dir"/>
    <property name="user.country" value="US"/>
    <property name="sun.java.launcher" value="SUN_STANDARD"/>
    <property name="sun.boot.library.path" value="/usr/lib/jvm/java-1.8.0-openjdk-1.8.0.222.b10-1.el7_7.x86_64/jre/lib/amd64"/>
    <property name="sun.java.command" value="/workdir/hadoop-ozone/integration-test/target/surefire/surefirebooter7759665059030561417.jar /workdir/hadoop-ozone/integration-test/target/surefire 2019-10-24T06-43-28_242-jvmRun1 surefire8441718930615541431tmp surefire_484876663563052773187tmp"/>
    <property name="surefire.test.class.path" value="/workdir/hadoop-ozone/integration-test/target/test-classes:/workdir/hadoop-ozone/integration-test/target/classes:/home/user/.m2/repository/org/apache/hadoop/hadoop-ozone-common/0.5.0-SNAPSHOT/hadoop-ozone-common-0.5.0-SNAPSHOT.jar:/home/user/.m2/repository/org/apache/commons/commons-compress/1.4.1/commons-compress-1.4.1.jar:/home/user/.m2/repository/org/tukaani/xz/1.0/xz-1.0.jar:/home/user/.m2/repository/org/apache/hadoop/hadoop-common/3.2.0/hadoop-common-3.2.0.jar:/home/user/.m2/repository/org/apache/hadoop/hadoop-hdfs/3.2.0/hadoop-hdfs-3.2.0.jar:/home/user/.m2/repository/org/apache/hadoop/hadoop-hdfs-client/3.2.0/hadoop-hdfs-client-3.2.0.jar:/home/user/.m2/repository/com/fasterxml/jackson/core/jackson-annotations/2.9.9/jackson-annotations-2.9.9.jar:/home/user/.m2/repository/org/apache/hadoop/hadoop-hdds-common/0.5.0-SNAPSHOT/hadoop-hdds-common-0.5.0-SNAPSHOT.jar:/home/user/.m2/repository/javax/annotation/javax.annotation-api/1.2/javax.annotation-api-1.2.jar:/home/user/.m2/repository/org/apache/ratis/ratis-server/0.5.0-201fc85-SNAPSHOT/ratis-server-0.5.0-201fc85-SNAPSHOT.jar:/home/user/.m2/repository/org/apache/ratis/ratis-thirdparty-misc/0.2.0/ratis-thirdparty-misc-0.2.0.jar:/home/user/.m2/repository/org/apache/ratis/ratis-proto/0.5.0-201fc85-SNAPSHOT/ratis-proto-0.5.0-201fc85-SNAPSHOT.jar:/home/user/.m2/repository/org/apache/ratis/ratis-common/0.5.0-201fc85-SNAPSHOT/ratis-common-0.5.0-201fc85-SNAPSHOT.jar:/home/user/.m2/repository/org/apache/ratis/ratis-client/0.5.0-201fc85-SNAPSHOT/ratis-client-0.5.0-201fc85-SNAPSHOT.jar:/home/user/.m2/repository/org/apache/ratis/ratis-metrics/0.5.0-201fc85-SNAPSHOT/ratis-metrics-0.5.0-201fc85-SNAPSHOT.jar:/home/user/.m2/repository/com/github/joshelser/dropwizard-metrics-hadoop-metrics2-reporter/0.1.2/dropwizard-metrics-hadoop-metrics2-reporter-0.1.2.jar:/home/user/.m2/repository/io/dropwizard/metrics/metrics-jvm/3.2.5/metrics-jvm-3.2.5.jar:/home/user/.m2/repository/io/dropwizard/metrics/metrics-ganglia/3.2.5/metrics-ganglia-3.2.5.jar:/home/user/.m2/repository/info/ganglia/gmetric4j/gmetric4j/1.0.7/gmetric4j-1.0.7.jar:/home/user/.m2/repository/org/apache/ratis/ratis-netty/0.5.0-201fc85-SNAPSHOT/ratis-netty-0.5.0-201fc85-SNAPSHOT.jar:/home/user/.m2/repository/org/apache/ratis/ratis-grpc/0.5.0-201fc85-SNAPSHOT/ratis-grpc-0.5.0-201fc85-SNAPSHOT.jar:/home/user/.m2/repository/org/rocksdb/rocksdbjni/6.0.1/rocksdbjni-6.0.1.jar:/home/user/.m2/repository/org/apache/logging/log4j/log4j-api/2.11.0/log4j-api-2.11.0.jar:/home/user/.m2/repository/org/apache/logging/log4j/log4j-core/2.11.0/log4j-core-2.11.0.jar:/home/user/.m2/repository/com/lmax/disruptor/3.4.2/disruptor-3.4.2.jar:/home/user/.m2/repository/org/apache/commons/commons-pool2/2.6.0/commons-pool2-2.6.0.jar:/home/user/.m2/repository/org/bouncycastle/bcpkix-jdk15on/1.60/bcpkix-jdk15on-1.60.jar:/home/user/.m2/repository/commons-validator/commons-validator/1.6/commons-validator-1.6.jar:/home/user/.m2/repository/commons-digester/commons-digester/1.8.1/commons-digester-1.8.1.jar:/home/user/.m2/repository/io/jaegertracing/jaeger-client/0.34.0/jaeger-client-0.34.0.jar:/home/user/.m2/repository/io/jaegertracing/jaeger-thrift/0.34.0/jaeger-thrift-0.34.0.jar:/home/user/.m2/repository/org/apache/thrift/libthrift/0.12.0/libthrift-0.12.0.jar:/home/user/.m2/repository/com/squareup/okhttp3/okhttp/3.9.0/okhttp-3.9.0.jar:/home/user/.m2/repository/com/squareup/okio/okio/1.13.0/okio-1.13.0.jar:/home/user/.m2/repository/io/jaegertracing/jaeger-core/0.34.0/jaeger-core-0.34.0.jar:/home/user/.m2/repository/io/jaegertracing/jaeger-tracerresolver/0.34.0/jaeger-tracerresolver-0.34.0.jar:/home/user/.m2/repository/io/opentracing/contrib/opentracing-tracerresolver/0.1.5/opentracing-tracerresolver-0.1.5.jar:/home/user/.m2/repository/io/opentracing/opentracing-util/0.31.0/opentracing-util-0.31.0.jar:/home/user/.m2/repository/io/opentracing/opentracing-api/0.31.0/opentracing-api-0.31.0.jar:/home/user/.m2/repository/io/opentracing/opentracing-noop/0.31.0/opentracing-noop-0.31.0.jar:/home/user/.m2/repository/org/apache/hadoop/hadoop-hdds-server-framework/0.5.0-SNAPSHOT/hadoop-hdds-server-framework-0.5.0-SNAPSHOT.jar:/home/user/.m2/repository/org/apache/hadoop/hadoop-hdds-container-service/0.5.0-SNAPSHOT/hadoop-hdds-container-service-0.5.0-SNAPSHOT.jar:/home/user/.m2/repository/org/apache/hadoop/hadoop-hdds-client/0.5.0-SNAPSHOT/hadoop-hdds-client-0.5.0-SNAPSHOT.jar:/home/user/.m2/repository/org/apache/hadoop/hadoop-hdds-tools/0.5.0-SNAPSHOT/hadoop-hdds-tools-0.5.0-SNAPSHOT.jar:/home/user/.m2/repository/org/apache/hadoop/hadoop-hdds-server-scm/0.5.0-SNAPSHOT/hadoop-hdds-server-scm-0.5.0-SNAPSHOT.jar:/home/user/.m2/repository/org/apache/hadoop/hadoop-hdds-docs/0.5.0-SNAPSHOT/hadoop-hdds-docs-0.5.0-SNAPSHOT.jar:/home/user/.m2/repository/io/dropwizard/metrics/metrics-core/3.2.4/metrics-core-3.2.4.jar:/home/user/.m2/repository/org/hamcrest/hamcrest-all/1.3/hamcrest-all-1.3.jar:/home/user/.m2/repository/org/bouncycastle/bcprov-jdk15on/1.60/bcprov-jdk15on-1.60.jar:/home/user/.m2/repository/info/picocli/picocli/3.9.6/picocli-3.9.6.jar:/home/user/.m2/repository/com/google/protobuf/protobuf-java/2.5.0/protobuf-java-2.5.0.jar:/home/user/.m2/repository/com/google/guava/guava/11.0.2/guava-11.0.2.jar:/home/user/.m2/repository/org/apache/hadoop/hadoop-ozone-ozone-manager/0.5.0-SNAPSHOT/hadoop-ozone-ozone-manager-0.5.0-SNAPSHOT.jar:/home/user/.m2/repository/org/apache/hadoop/hadoop-minikdc/3.2.0/hadoop-minikdc-3.2.0.jar:/home/user/.m2/repository/commons-io/commons-io/2.5/commons-io-2.5.jar:/home/user/.m2/repository/org/apache/kerby/kerb-simplekdc/1.0.1/kerb-simplekdc-1.0.1.jar:/home/user/.m2/repository/org/apache/kerby/kerb-client/1.0.1/kerb-client-1.0.1.jar:/home/user/.m2/repository/org/apache/kerby/kerby-config/1.0.1/kerby-config-1.0.1.jar:/home/user/.m2/repository/org/apache/kerby/kerb-core/1.0.1/kerb-core-1.0.1.jar:/home/user/.m2/repository/org/apache/kerby/kerby-pkix/1.0.1/kerby-pkix-1.0.1.jar:/home/user/.m2/repository/org/apache/kerby/kerby-asn1/1.0.1/kerby-asn1-1.0.1.jar:/home/user/.m2/repository/org/apache/kerby/kerby-util/1.0.1/kerby-util-1.0.1.jar:/home/user/.m2/repository/org/apache/kerby/kerb-common/1.0.1/kerb-common-1.0.1.jar:/home/user/.m2/repository/org/apache/kerby/kerb-crypto/1.0.1/kerb-crypto-1.0.1.jar:/home/user/.m2/repository/org/apache/kerby/kerb-util/1.0.1/kerb-util-1.0.1.jar:/home/user/.m2/repository/org/apache/kerby/token-provider/1.0.1/token-provider-1.0.1.jar:/home/user/.m2/repository/org/apache/kerby/kerb-admin/1.0.1/kerb-admin-1.0.1.jar:/home/user/.m2/repository/org/apache/kerby/kerb-server/1.0.1/kerb-server-1.0.1.jar:/home/user/.m2/repository/org/apache/kerby/kerb-identity/1.0.1/kerb-identity-1.0.1.jar:/home/user/.m2/repository/org/apache/kerby/kerby-xdr/1.0.1/kerby-xdr-1.0.1.jar:/home/user/.m2/repository/org/slf4j/slf4j-log4j12/1.7.25/slf4j-log4j12-1.7.25.jar:/home/user/.m2/repository/org/apache/hadoop/hadoop-ozone-s3gateway/0.5.0-SNAPSHOT/hadoop-ozone-s3gateway-0.5.0-SNAPSHOT.jar:/home/user/.m2/repository/org/jboss/weld/servlet/weld-servlet/2.4.7.Final/weld-servlet-2.4.7.Final.jar:/home/user/.m2/repository/org/glassfish/jersey/containers/jersey-container-servlet-core/2.27/jersey-container-servlet-core-2.27.jar:/home/user/.m2/repository/org/glassfish/hk2/external/javax.inject/2.5.0-b42/javax.inject-2.5.0-b42.jar:/home/user/.m2/repository/org/glassfish/jersey/core/jersey-common/2.27/jersey-common-2.27.jar:/home/user/.m2/repository/org/glassfish/hk2/osgi-resource-locator/1.0.1/osgi-resource-locator-1.0.1.jar:/home/user/.m2/repository/javax/ws/rs/javax.ws.rs-api/2.1/javax.ws.rs-api-2.1.jar:/home/user/.m2/repository/org/glassfish/jersey/ext/cdi/jersey-cdi1x/2.27/jersey-cdi1x-2.27.jar:/home/user/.m2/repository/org/glassfish/jersey/inject/jersey-hk2/2.27/jersey-hk2-2.27.jar:/home/user/.m2/repository/org/glassfish/hk2/hk2-locator/2.5.0-b42/hk2-locator-2.5.0-b42.jar:/home/user/.m2/repository/org/javassist/javassist/3.22.0-CR2/javassist-3.22.0-CR2.jar:/home/user/.m2/repository/org/glassfish/hk2/hk2-api/2.5.0/hk2-api-2.5.0.jar:/home/user/.m2/repository/org/glassfish/hk2/external/jakarta.inject/2.5.0/jakarta.inject-2.5.0.jar:/home/user/.m2/repository/org/glassfish/hk2/hk2-utils/2.5.0/hk2-utils-2.5.0.jar:/home/user/.m2/repository/jakarta/annotation/jakarta.annotation-api/1.3.4/jakarta.annotation-api-1.3.4.jar:/home/user/.m2/repository/org/glassfish/hk2/external/aopalliance-repackaged/2.5.0/aopalliance-repackaged-2.5.0.jar:/home/user/.m2/repository/com/fasterxml/jackson/dataformat/jackson-dataformat-xml/2.9.0/jackson-dataformat-xml-2.9.0.jar:/home/user/.m2/repository/com/fasterxml/jackson/core/jackson-core/2.9.9/jackson-core-2.9.9.jar:/home/user/.m2/repository/com/fasterxml/jackson/module/jackson-module-jaxb-annotations/2.9.9/jackson-module-jaxb-annotations-2.9.9.jar:/home/user/.m2/repository/javax/enterprise/cdi-api/1.2/cdi-api-1.2.jar:/home/user/.m2/repository/javax/el/javax.el-api/3.0.0/javax.el-api-3.0.0.jar:/home/user/.m2/repository/javax/interceptor/javax.interceptor-api/1.2/javax.interceptor-api-1.2.jar:/home/user/.m2/repository/javax/inject/javax.inject/1/javax.inject-1.jar:/home/user/.m2/repository/com/sun/xml/bind/jaxb-impl/2.3.0.1/jaxb-impl-2.3.0.1.jar:/home/user/.m2/repository/com/sun/xml/bind/jaxb-core/2.3.0.1/jaxb-core-2.3.0.1.jar:/home/user/.m2/repository/javax/xml/bind/jaxb-api/2.3.0/jaxb-api-2.3.0.jar:/home/user/.m2/repository/javax/activation/activation/1.1.1/activation-1.1.1.jar:/home/user/.m2/repository/org/apache/hadoop/hadoop-ozone-csi/0.5.0-SNAPSHOT/hadoop-ozone-csi-0.5.0-SNAPSHOT.jar:/home/user/.m2/repository/com/google/protobuf/protobuf-java-util/3.5.1/protobuf-java-util-3.5.1.jar:/home/user/.m2/repository/org/apache/hadoop/hadoop-hdds-config/0.5.0-SNAPSHOT/hadoop-hdds-config-0.5.0-SNAPSHOT.jar:/home/user/.m2/repository/io/grpc/grpc-netty/1.17.1/grpc-netty-1.17.1.jar:/home/user/.m2/repository/io/grpc/grpc-core/1.17.1/grpc-core-1.17.1.jar:/home/user/.m2/repository/io/grpc/grpc-context/1.17.1/grpc-context-1.17.1.jar:/home/user/.m2/repository/com/google/errorprone/error_prone_annotations/2.2.0/error_prone_annotations-2.2.0.jar:/home/user/.m2/repository/org/codehaus/mojo/animal-sniffer-annotations/1.17/animal-sniffer-annotations-1.17.jar:/home/user/.m2/repository/io/opencensus/opencensus-api/0.17.0/opencensus-api-0.17.0.jar:/home/user/.m2/repository/io/opencensus/opencensus-contrib-grpc-metrics/0.17.0/opencensus-contrib-grpc-metrics-0.17.0.jar:/home/user/.m2/repository/io/netty/netty-codec-http2/4.1.30.Final/netty-codec-http2-4.1.30.Final.jar:/home/user/.m2/repository/io/netty/netty-codec-http/4.1.30.Final/netty-codec-http-4.1.30.Final.jar:/home/user/.m2/repository/io/netty/netty-codec/4.1.30.Final/netty-codec-4.1.30.Final.jar:/home/user/.m2/repository/io/netty/netty-handler/4.1.30.Final/netty-handler-4.1.30.Final.jar:/home/user/.m2/repository/io/netty/netty-handler-proxy/4.1.30.Final/netty-handler-proxy-4.1.30.Final.jar:/home/user/.m2/repository/io/netty/netty-codec-socks/4.1.30.Final/netty-codec-socks-4.1.30.Final.jar:/home/user/.m2/repository/io/netty/netty-transport-native-epoll/4.1.30.Final/netty-transport-native-epoll-4.1.30.Final.jar:/home/user/.m2/repository/io/netty/netty-common/4.1.30.Final/netty-common-4.1.30.Final.jar:/home/user/.m2/repository/io/netty/netty-buffer/4.1.30.Final/netty-buffer-4.1.30.Final.jar:/home/user/.m2/repository/io/netty/netty-transport/4.1.30.Final/netty-transport-4.1.30.Final.jar:/home/user/.m2/repository/io/netty/netty-resolver/4.1.30.Final/netty-resolver-4.1.30.Final.jar:/home/user/.m2/repository/io/netty/netty-transport-native-unix-common/4.1.30.Final/netty-transport-native-unix-common-4.1.30.Final.jar:/home/user/.m2/repository/io/grpc/grpc-protobuf/1.17.1/grpc-protobuf-1.17.1.jar:/home/user/.m2/repository/com/google/api/grpc/proto-google-common-protos/1.0.0/proto-google-common-protos-1.0.0.jar:/home/user/.m2/repository/io/grpc/grpc-protobuf-lite/1.17.1/grpc-protobuf-lite-1.17.1.jar:/home/user/.m2/repository/io/grpc/grpc-stub/1.17.1/grpc-stub-1.17.1.jar:/home/user/.m2/repository/org/apache/hadoop/hadoop-ozone-recon/0.5.0-SNAPSHOT/hadoop-ozone-recon-0.5.0-SNAPSHOT.jar:/home/user/.m2/repository/org/apache/hadoop/hadoop-ozone-reconcodegen/0.5.0-SNAPSHOT/hadoop-ozone-reconcodegen-0.5.0-SNAPSHOT.jar:/home/user/.m2/repository/com/google/inject/extensions/guice-multibindings/4.0/guice-multibindings-4.0.jar:/home/user/.m2/repository/com/google/inject/guice/4.0/guice-4.0.jar:/home/user/.m2/repository/aopalliance/aopalliance/1.0/aopalliance-1.0.jar:/home/user/.m2/repository/com/google/inject/extensions/guice-servlet/4.0/guice-servlet-4.0.jar:/home/user/.m2/repository/org/glassfish/jersey/containers/jersey-container-servlet/2.27/jersey-container-servlet-2.27.jar:/home/user/.m2/repository/org/glassfish/hk2/guice-bridge/2.5.0/guice-bridge-2.5.0.jar:/home/user/.m2/repository/org/glassfish/jersey/core/jersey-server/2.27/jersey-server-2.27.jar:/home/user/.m2/repository/org/glassfish/jersey/core/jersey-client/2.27/jersey-client-2.27.jar:/home/user/.m2/repository/org/glassfish/jersey/media/jersey-media-jaxb/2.27/jersey-media-jaxb-2.27.jar:/home/user/.m2/repository/javax/validation/validation-api/1.1.0.Final/validation-api-1.1.0.Final.jar:/home/user/.m2/repository/org/glassfish/jersey/media/jersey-media-json-jackson/2.27/jersey-media-json-jackson-2.27.jar:/home/user/.m2/repository/org/glassfish/jersey/ext/jersey-entity-filtering/2.27/jersey-entity-filtering-2.27.jar:/home/user/.m2/repository/com/google/inject/extensions/guice-assistedinject/4.0/guice-assistedinject-4.0.jar:/home/user/.m2/repository/org/jooq/jooq/3.11.10/jooq-3.11.10.jar:/home/user/.m2/repository/org/jooq/jooq-meta/3.11.10/jooq-meta-3.11.10.jar:/home/user/.m2/repository/org/jooq/jooq-codegen/3.11.10/jooq-codegen-3.11.10.jar:/home/user/.m2/repository/com/jolbox/bonecp/0.8.0.RELEASE/bonecp-0.8.0.RELEASE.jar:/home/user/.m2/repository/org/xerial/sqlite-jdbc/3.25.2/sqlite-jdbc-3.25.2.jar:/home/user/.m2/repository/org/springframework/spring-jdbc/5.1.3.RELEASE/spring-jdbc-5.1.3.RELEASE.jar:/home/user/.m2/repository/org/springframework/spring-beans/5.1.3.RELEASE/spring-beans-5.1.3.RELEASE.jar:/home/user/.m2/repository/org/springframework/spring-core/5.1.3.RELEASE/spring-core-5.1.3.RELEASE.jar:/home/user/.m2/repository/org/springframework/spring-jcl/5.1.3.RELEASE/spring-jcl-5.1.3.RELEASE.jar:/home/user/.m2/repository/org/springframework/spring-tx/5.1.3.RELEASE/spring-tx-5.1.3.RELEASE.jar:/home/user/.m2/repository/org/apache/hadoop/hadoop-ozone-client/0.5.0-SNAPSHOT/hadoop-ozone-client-0.5.0-SNAPSHOT.jar:/home/user/.m2/repository/commons-lang/commons-lang/2.6/commons-lang-2.6.jar:/home/user/.m2/repository/org/apache/hadoop/hadoop-ozone-ozone-manager/0.5.0-SNAPSHOT/hadoop-ozone-ozone-manager-0.5.0-SNAPSHOT-tests.jar:/home/user/.m2/repository/junit/junit/4.11/junit-4.11.jar:/home/user/.m2/repository/org/hamcrest/hamcrest-core/1.3/hamcrest-core-1.3.jar:/home/user/.m2/repository/org/openjdk/jmh/jmh-core/1.19/jmh-core-1.19.jar:/home/user/.m2/repository/net/sf/jopt-simple/jopt-simple/4.6/jopt-simple-4.6.jar:/home/user/.m2/repository/org/apache/commons/commons-math3/3.1.1/commons-math3-3.1.1.jar:/home/user/.m2/repository/org/openjdk/jmh/jmh-generator-annprocess/1.19/jmh-generator-annprocess-1.19.jar:/home/user/.m2/repository/org/mockito/mockito-all/1.8.5/mockito-all-1.8.5.jar:/home/user/.m2/repository/org/apache/hadoop/hadoop-kms/3.2.0/hadoop-kms-3.2.0.jar:/home/user/.m2/repository/org/apache/hadoop/hadoop-auth/3.2.0/hadoop-auth-3.2.0.jar:/home/user/.m2/repository/com/nimbusds/nimbus-jose-jwt/4.41.1/nimbus-jose-jwt-4.41.1.jar:/home/user/.m2/repository/com/github/stephenc/jcip/jcip-annotations/1.0-1/jcip-annotations-1.0-1.jar:/home/user/.m2/repository/net/minidev/json-smart/2.3/json-smart-2.3.jar:/home/user/.m2/repository/net/minidev/accessors-smart/1.2/accessors-smart-1.2.jar:/home/user/.m2/repository/org/ow2/asm/asm/5.0.4/asm-5.0.4.jar:/home/user/.m2/repository/org/apache/curator/curator-framework/2.12.0/curator-framework-2.12.0.jar:/home/user/.m2/repository/com/sun/jersey/jersey-core/1.19/jersey-core-1.19.jar:/home/user/.m2/repository/javax/ws/rs/jsr311-api/1.1.1/jsr311-api-1.1.1.jar:/home/user/.m2/repository/com/sun/jersey/jersey-server/1.19/jersey-server-1.19.jar:/home/user/.m2/repository/javax/servlet/javax.servlet-api/3.1.0/javax.servlet-api-3.1.0.jar:/home/user/.m2/repository/org/eclipse/jetty/jetty-server/9.3.25.v20180904/jetty-server-9.3.25.v20180904.jar:/home/user/.m2/repository/org/eclipse/jetty/jetty-http/9.3.25.v20180904/jetty-http-9.3.25.v20180904.jar:/home/user/.m2/repository/org/eclipse/jetty/jetty-io/9.3.25.v20180904/jetty-io-9.3.25.v20180904.jar:/home/user/.m2/repository/org/eclipse/jetty/jetty-webapp/9.3.25.v20180904/jetty-webapp-9.3.25.v20180904.jar:/home/user/.m2/repository/org/eclipse/jetty/jetty-xml/9.3.25.v20180904/jetty-xml-9.3.25.v20180904.jar:/home/user/.m2/repository/log4j/log4j/1.2.17/log4j-1.2.17.jar:/home/user/.m2/repository/org/slf4j/slf4j-api/1.7.25/slf4j-api-1.7.25.jar:/home/user/.m2/repository/org/slf4j/jul-to-slf4j/1.7.25/jul-to-slf4j-1.7.25.jar:/home/user/.m2/repository/org/eclipse/jetty/jetty-util/9.3.25.v20180904/jetty-util-9.3.25.v20180904.jar:/home/user/.m2/repository/com/fasterxml/jackson/core/jackson-databind/2.9.9/jackson-databind-2.9.9.jar:/home/user/.m2/repository/org/apache/hadoop/hadoop-kms/3.2.0/hadoop-kms-3.2.0-tests.jar:/home/user/.m2/repository/org/apache/hadoop/hadoop-hdds-server-scm/0.5.0-SNAPSHOT/hadoop-hdds-server-scm-0.5.0-SNAPSHOT-tests.jar:/home/user/.m2/repository/org/apache/hadoop/hadoop-hdds-container-service/0.5.0-SNAPSHOT/hadoop-hdds-container-service-0.5.0-SNAPSHOT-tests.jar:/home/user/.m2/repository/org/yaml/snakeyaml/1.16/snakeyaml-1.16.jar:/home/user/.m2/repository/org/apache/hadoop/hadoop-common/3.2.0/hadoop-common-3.2.0-tests.jar:/home/user/.m2/repository/org/apache/hadoop/hadoop-annotations/3.2.0/hadoop-annotations-3.2.0.jar:/usr/lib/jvm/java-1.8.0-openjdk-1.8.0.222.b10-1.el7_7.x86_64/jre/../lib/tools.jar:/home/user/.m2/repository/commons-cli/commons-cli/1.2/commons-cli-1.2.jar:/home/user/.m2/repository/org/apache/httpcomponents/httpclient/4.5.2/httpclient-4.5.2.jar:/home/user/.m2/repository/org/apache/httpcomponents/httpcore/4.4.4/httpcore-4.4.4.jar:/home/user/.m2/repository/commons-codec/commons-codec/1.11/commons-codec-1.11.jar:/home/user/.m2/repository/commons-net/commons-net/3.6/commons-net-3.6.jar:/home/user/.m2/repository/commons-collections/commons-collections/3.2.2/commons-collections-3.2.2.jar:/home/user/.m2/repository/org/eclipse/jetty/jetty-servlet/9.3.25.v20180904/jetty-servlet-9.3.25.v20180904.jar:/home/user/.m2/repository/org/eclipse/jetty/jetty-security/9.3.25.v20180904/jetty-security-9.3.25.v20180904.jar:/home/user/.m2/repository/javax/servlet/jsp/jsp-api/2.1/jsp-api-2.1.jar:/home/user/.m2/repository/com/sun/jersey/jersey-servlet/1.19/jersey-servlet-1.19.jar:/home/user/.m2/repository/com/sun/jersey/jersey-json/1.19/jersey-json-1.19.jar:/home/user/.m2/repository/org/codehaus/jettison/jettison/1.1/jettison-1.1.jar:/home/user/.m2/repository/org/codehaus/jackson/jackson-core-asl/1.9.13/jackson-core-asl-1.9.13.jar:/home/user/.m2/repository/org/codehaus/jackson/jackson-mapper-asl/1.9.13/jackson-mapper-asl-1.9.13.jar:/home/user/.m2/repository/org/codehaus/jackson/jackson-jaxrs/1.9.13/jackson-jaxrs-1.9.13.jar:/home/user/.m2/repository/org/codehaus/jackson/jackson-xc/1.9.13/jackson-xc-1.9.13.jar:/home/user/.m2/repository/commons-logging/commons-logging/1.1.3/commons-logging-1.1.3.jar:/home/user/.m2/repository/commons-beanutils/commons-beanutils/1.9.4/commons-beanutils-1.9.4.jar:/home/user/.m2/repository/org/apache/commons/commons-configuration2/2.1.1/commons-configuration2-2.1.1.jar:/home/user/.m2/repository/org/apache/commons/commons-lang3/3.7/commons-lang3-3.7.jar:/home/user/.m2/repository/org/apache/commons/commons-text/1.4/commons-text-1.4.jar:/home/user/.m2/repository/org/apache/avro/avro/1.7.7/avro-1.7.7.jar:/home/user/.m2/repository/com/thoughtworks/paranamer/paranamer/2.3/paranamer-2.3.jar:/home/user/.m2/repository/org/xerial/snappy/snappy-java/1.0.5/snappy-java-1.0.5.jar:/home/user/.m2/repository/com/google/re2j/re2j/1.1/re2j-1.1.jar:/home/user/.m2/repository/com/google/code/gson/gson/2.2.4/gson-2.2.4.jar:/home/user/.m2/repository/com/jcraft/jsch/0.1.54/jsch-0.1.54.jar:/home/user/.m2/repository/org/apache/curator/curator-client/2.12.0/curator-client-2.12.0.jar:/home/user/.m2/repository/org/apache/curator/curator-recipes/2.12.0/curator-recipes-2.12.0.jar:/home/user/.m2/repository/com/google/code/findbugs/jsr305/3.0.0/jsr305-3.0.0.jar:/home/user/.m2/repository/org/apache/htrace/htrace-core4/4.1.0-incubating/htrace-core4-4.1.0-incubating.jar:/home/user/.m2/repository/org/apache/zookeeper/zookeeper/3.4.13/zookeeper-3.4.13.jar:/home/user/.m2/repository/jline/jline/0.9.94/jline-0.9.94.jar:/home/user/.m2/repository/org/apache/yetus/audience-annotations/0.5.0/audience-annotations-0.5.0.jar:/home/user/.m2/repository/org/codehaus/woodstox/stax2-api/3.1.4/stax2-api-3.1.4.jar:/home/user/.m2/repository/com/fasterxml/woodstox/woodstox-core/5.0.3/woodstox-core-5.0.3.jar:/home/user/.m2/repository/dnsjava/dnsjava/2.1.7/dnsjava-2.1.7.jar:/home/user/.m2/repository/org/apache/hadoop/hadoop-hdfs/3.2.0/hadoop-hdfs-3.2.0-tests.jar:/home/user/.m2/repository/org/eclipse/jetty/jetty-util-ajax/9.3.25.v20180904/jetty-util-ajax-9.3.25.v20180904.jar:/home/user/.m2/repository/commons-daemon/commons-daemon/1.0.13/commons-daemon-1.0.13.jar:/home/user/.m2/repository/io/netty/netty/3.10.5.Final/netty-3.10.5.Final.jar:/home/user/.m2/repository/io/netty/netty-all/4.0.52.Final/netty-all-4.0.52.Final.jar:/home/user/.m2/repository/org/fusesource/leveldbjni/leveldbjni-all/1.8/leveldbjni-all-1.8.jar:"/>
    <property name="sun.cpu.endian" value="little"/>
    <property name="user.home" value="/home/user"/>
    <property name="user.language" value="en"/>
    <property name="java.specification.vendor" value="Oracle Corporation"/>
    <property name="java.home" value="/usr/lib/jvm/java-1.8.0-openjdk-1.8.0.222.b10-1.el7_7.x86_64/jre"/>
    <property name="surefire.excludesFile" value="/tools/ozone-bad-unit-tests"/>
    <property name="java.security.krb5.conf" value="/workdir/hadoop-ozone/integration-test/target/test-classes/krb5.conf"/>
    <property name="basedir" value="/workdir/hadoop-ozone/integration-test"/>
    <property name="file.separator" value="/"/>
    <property name="line.separator" value="&#10;"/>
    <property name="java.vm.specification.vendor" value="Oracle Corporation"/>
    <property name="java.specification.name" value="Java Platform API Specification"/>
    <property name="java.awt.graphicsenv" value="sun.awt.X11GraphicsEnvironment"/>
    <property name="surefire.real.class.path" value="/workdir/hadoop-ozone/integration-test/target/surefire/surefirebooter7759665059030561417.jar"/>
    <property name="hadoop.log.dir" value="/workdir/hadoop-ozone/integration-test/target/log"/>
    <property name="sun.boot.class.path" value="/usr/lib/jvm/java-1.8.0-openjdk-1.8.0.222.b10-1.el7_7.x86_64/jre/lib/resources.jar:/usr/lib/jvm/java-1.8.0-openjdk-1.8.0.222.b10-1.el7_7.x86_64/jre/lib/rt.jar:/usr/lib/jvm/java-1.8.0-openjdk-1.8.0.222.b10-1.el7_7.x86_64/jre/lib/sunrsasign.jar:/usr/lib/jvm/java-1.8.0-openjdk-1.8.0.222.b10-1.el7_7.x86_64/jre/lib/jsse.jar:/usr/lib/jvm/java-1.8.0-openjdk-1.8.0.222.b10-1.el7_7.x86_64/jre/lib/jce.jar:/usr/lib/jvm/java-1.8.0-openjdk-1.8.0.222.b10-1.el7_7.x86_64/jre/lib/charsets.jar:/usr/lib/jvm/java-1.8.0-openjdk-1.8.0.222.b10-1.el7_7.x86_64/jre/lib/jfr.jar:/usr/lib/jvm/java-1.8.0-openjdk-1.8.0.222.b10-1.el7_7.x86_64/jre/classes"/>
    <property name="sun.management.compiler" value="HotSpot 64-Bit Tiered Compilers"/>
    <property name="java.runtime.version" value="1.8.0_222-b10"/>
    <property name="java.net.preferIPv4Stack" value="true"/>
    <property name="user.name" value="jenkins1000"/>
    <property name="path.separator" value=":"/>
    <property name="java.security.egd" value="file:///dev/urandom"/>
    <property name="os.version" value="3.10.0-957.12.2.el7.x86_64"/>
    <property name="java.endorsed.dirs" value="/usr/lib/jvm/java-1.8.0-openjdk-1.8.0.222.b10-1.el7_7.x86_64/jre/lib/endorsed"/>
    <property name="java.runtime.name" value="OpenJDK Runtime Environment"/>
    <property name="file.encoding" value="ANSI_X3.4-1968"/>
    <property name="java.vm.name" value="OpenJDK 64-Bit Server VM"/>
    <property name="test.build.webapps" value=""/>
    <property name="localRepository" value="/home/user/.m2/repository"/>
    <property name="java.vendor.url.bug" value="http://bugreport.sun.com/bugreport/"/>
    <property name="java.io.tmpdir" value="/tmp"/>
    <property name="require.test.libhadoop" value=""/>
    <property name="java.version" value="1.8.0_222"/>
    <property name="user.dir" value="/workdir/hadoop-ozone/integration-test"/>
    <property name="os.arch" value="amd64"/>
    <property name="java.vm.specification.name" value="Java Virtual Machine Specification"/>
    <property name="test.build.classes" value="/workdir/hadoop-ozone/integration-test/target/test-classes"/>
    <property name="java.awt.printerjob" value="sun.print.PSPrinterJob"/>
    <property name="sun.os.patch.level" value="unknown"/>
    <property name="hadoop.tmp.dir" value="/workdir/hadoop-ozone/integration-test/target/tmp"/>
    <property name="java.library.path" value="/usr/lib:/workdir/hadoop-ozone/integration-test/target/native/target/usr/local/lib:/workdir/hadoop-ozone/integration-test/../../hadoop-common-project/hadoop-common/target/native/target/usr/local/lib:/usr/java/packages/lib/amd64:/usr/lib64:/lib64:/lib:/usr/lib"/>
    <property name="java.vm.info" value="mixed mode"/>
    <property name="java.vendor" value="Oracle Corporation"/>
    <property name="java.vm.version" value="25.222-b10"/>
    <property name="java.ext.dirs" value="/usr/lib/jvm/java-1.8.0-openjdk-1.8.0.222.b10-1.el7_7.x86_64/jre/lib/ext:/usr/java/packages/lib/ext"/>
    <property name="sun.io.unicode.encoding" value="UnicodeLittle"/>
    <property name="java.class.version" value="52.0"/>
  </properties>
  <testcase name="testDeleteKeyWithSlowFollower" classname="org.apache.hadoop.ozone.client.rpc.TestDeleteWithSlowFollower" time="117.422">
    <failure type="java.lang.AssertionError">java.lang.AssertionError
	at org.junit.Assert.fail(Assert.java:86)
	at org.junit.Assert.assertTrue(Assert.java:41)
	at org.junit.Assert.assertTrue(Assert.java:52)
	at org.apache.hadoop.ozone.client.rpc.TestDeleteWithSlowFollower.testDeleteKeyWithSlowFollower(TestDeleteWithSlowFollower.java:269)
	at sun.reflect.NativeMethodAccessorImpl.invoke0(Native Method)
	at sun.reflect.NativeMethodAccessorImpl.invoke(NativeMethodAccessorImpl.java:62)
	at sun.reflect.DelegatingMethodAccessorImpl.invoke(DelegatingMethodAccessorImpl.java:43)
	at java.lang.reflect.Method.invoke(Method.java:498)
	at org.junit.runners.model.FrameworkMethod$1.runReflectiveCall(FrameworkMethod.java:47)
	at org.junit.internal.runners.model.ReflectiveCallable.run(ReflectiveCallable.java:12)
	at org.junit.runners.model.FrameworkMethod.invokeExplosively(FrameworkMethod.java:44)
	at org.junit.internal.runners.statements.InvokeMethod.evaluate(InvokeMethod.java:17)
	at org.junit.runners.ParentRunner.runLeaf(ParentRunner.java:271)
	at org.junit.runners.BlockJUnit4ClassRunner.runChild(BlockJUnit4ClassRunner.java:70)
	at org.junit.runners.BlockJUnit4ClassRunner.runChild(BlockJUnit4ClassRunner.java:50)
	at org.junit.runners.ParentRunner$3.run(ParentRunner.java:238)
	at org.junit.runners.ParentRunner$1.schedule(ParentRunner.java:63)
	at org.junit.runners.ParentRunner.runChildren(ParentRunner.java:236)
	at org.junit.runners.ParentRunner.access$000(ParentRunner.java:53)
	at org.junit.runners.ParentRunner$2.evaluate(ParentRunner.java:229)
	at org.junit.internal.runners.statements.RunBefores.evaluate(RunBefores.java:26)
	at org.junit.internal.runners.statements.RunAfters.evaluate(RunAfters.java:27)
	at org.junit.runners.ParentRunner.run(ParentRunner.java:309)
	at org.apache.maven.surefire.junit4.JUnit4Provider.execute(JUnit4Provider.java:365)
	at org.apache.maven.surefire.junit4.JUnit4Provider.executeWithRerun(JUnit4Provider.java:273)
	at org.apache.maven.surefire.junit4.JUnit4Provider.executeTestSet(JUnit4Provider.java:238)
	at org.apache.maven.surefire.junit4.JUnit4Provider.invoke(JUnit4Provider.java:159)
	at org.apache.maven.surefire.booter.ForkedBooter.invokeProviderInSameClassLoader(ForkedBooter.java:384)
	at org.apache.maven.surefire.booter.ForkedBooter.runSuitesInProcess(ForkedBooter.java:345)
	at org.apache.maven.surefire.booter.ForkedBooter.execute(ForkedBooter.java:126)
	at org.apache.maven.surefire.booter.ForkedBooter.main(ForkedBooter.java:418)
</failure>
    <system-out><![CDATA[2019-10-24 07:32:18,753 [main] WARN  server.ServerUtils (ServerUtils.java:getScmDbDir(145)) - ozone.scm.db.dirs is not configured. We recommend adding this setting. Falling back to ozone.metadata.dirs instead.
2019-10-24 07:32:18,872 [main] WARN  server.ServerUtils (ServerUtils.java:getScmDbDir(145)) - ozone.scm.db.dirs is not configured. We recommend adding this setting. Falling back to ozone.metadata.dirs instead.
2019-10-24 07:32:18,875 [main] WARN  server.ServerUtils (ServerUtils.java:getScmDbDir(145)) - ozone.scm.db.dirs is not configured. We recommend adding this setting. Falling back to ozone.metadata.dirs instead.
2019-10-24 07:32:18,900 [main] INFO  util.log (Log.java:initialized(192)) - Logging initialized @883ms
2019-10-24 07:32:18,996 [main] INFO  db.DBStoreBuilder (DBStoreBuilder.java:addTable(117)) - using custom profile for table: deletedBlocks
2019-10-24 07:32:18,996 [main] INFO  db.DBStoreBuilder (DBStoreBuilder.java:processTables(168)) - Using default column profile:DBProfile.DISK for Table:deletedBlocks
2019-10-24 07:32:18,997 [main] INFO  db.DBStoreBuilder (DBStoreBuilder.java:addTable(117)) - using custom profile for table: validCerts
2019-10-24 07:32:18,997 [main] INFO  db.DBStoreBuilder (DBStoreBuilder.java:processTables(168)) - Using default column profile:DBProfile.DISK for Table:validCerts
2019-10-24 07:32:18,997 [main] INFO  db.DBStoreBuilder (DBStoreBuilder.java:addTable(117)) - using custom profile for table: revokedCerts
2019-10-24 07:32:18,997 [main] INFO  db.DBStoreBuilder (DBStoreBuilder.java:processTables(168)) - Using default column profile:DBProfile.DISK for Table:revokedCerts
2019-10-24 07:32:19,008 [main] INFO  db.DBStoreBuilder (DBStoreBuilder.java:addTable(117)) - using custom profile for table: default
2019-10-24 07:32:19,009 [main] INFO  db.DBStoreBuilder (DBStoreBuilder.java:processTables(174)) - Using default column profile:DBProfile.DISK for Table:default
2019-10-24 07:32:19,010 [main] INFO  db.DBStoreBuilder (DBStoreBuilder.java:getDbProfile(205)) - Using default options. DBProfile.DISK
2019-10-24 07:32:19,284 [main] INFO  net.NodeSchemaLoader (NodeSchemaLoader.java:loadSchemaFromFile(125)) - Loading file from sun.misc.CompoundEnumeration@74235045
2019-10-24 07:32:19,287 [main] INFO  net.NodeSchemaLoader (NodeSchemaLoader.java:loadSchema(171)) - Loading network topology layer schema file
2019-10-24 07:32:19,346 [main] WARN  server.ServerUtils (ServerUtils.java:sanitizeUserArgs(70)) - ozone.scm.stale.node.interval value = 1000000 is larger than max = 100000 based on the key value of ozone.scm.heartbeat.thread.interval, reset to the max value 100000.
2019-10-24 07:32:19,347 [main] WARN  server.ServerUtils (ServerUtils.java:sanitizeUserArgs(70)) - ozone.scm.stale.node.interval value = 1000000 is larger than max = 100000 based on the key value of ozone.scm.heartbeat.thread.interval, reset to the max value 100000.
2019-10-24 07:32:19,350 [main] INFO  node.SCMNodeManager (SCMNodeManager.java:<init>(116)) - Entering startup safe mode.
2019-10-24 07:32:19,411 [main] INFO  algorithms.ContainerPlacementPolicyFactory (ContainerPlacementPolicyFactory.java:getPolicy(59)) - Create container placement policy of type org.apache.hadoop.hdds.scm.container.placement.algorithms.SCMContainerPlacementRandom
2019-10-24 07:32:19,423 [main] WARN  server.ServerUtils (ServerUtils.java:getScmDbDir(145)) - ozone.scm.db.dirs is not configured. We recommend adding this setting. Falling back to ozone.metadata.dirs instead.
2019-10-24 07:32:19,478 [main] INFO  pipeline.SCMPipelineManager (SCMPipelineManager.java:initializePipelineState(128)) - No pipeline exists in current db
2019-10-24 07:32:19,479 [main] WARN  server.ServerUtils (ServerUtils.java:getScmDbDir(145)) - ozone.scm.db.dirs is not configured. We recommend adding this setting. Falling back to ozone.metadata.dirs instead.
2019-10-24 07:32:19,599 [main] WARN  events.EventQueue (EventQueue.java:fireEvent(183)) - No event handler registered for event TypedEvent{payloadType=SafeModeStatus, name='SafeModeStatus'}
2019-10-24 07:32:19,941 [main] INFO  ipc.CallQueueManager (CallQueueManager.java:<init>(84)) - Using callQueue: class java.util.concurrent.LinkedBlockingQueue, queueCapacity: 2000, scheduler: class org.apache.hadoop.ipc.DefaultRpcScheduler, ipcBackoff: false.
2019-10-24 07:32:20,069 [Socket Reader #1 for port 45280] INFO  ipc.Server (Server.java:run(1074)) - Starting Socket Reader #1 for port 45280
2019-10-24 07:32:20,094 [main] INFO  ipc.CallQueueManager (CallQueueManager.java:<init>(84)) - Using callQueue: class java.util.concurrent.LinkedBlockingQueue, queueCapacity: 2000, scheduler: class org.apache.hadoop.ipc.DefaultRpcScheduler, ipcBackoff: false.
2019-10-24 07:32:20,095 [Socket Reader #1 for port 41783] INFO  ipc.Server (Server.java:run(1074)) - Starting Socket Reader #1 for port 41783
2019-10-24 07:32:20,103 [main] INFO  ipc.CallQueueManager (CallQueueManager.java:<init>(84)) - Using callQueue: class java.util.concurrent.LinkedBlockingQueue, queueCapacity: 2000, scheduler: class org.apache.hadoop.ipc.DefaultRpcScheduler, ipcBackoff: false.
2019-10-24 07:32:20,104 [Socket Reader #1 for port 43868] INFO  ipc.Server (Server.java:run(1074)) - Starting Socket Reader #1 for port 43868
2019-10-24 07:32:20,131 [main] INFO  hdfs.DFSUtil (DFSUtil.java:httpServerTemplateForNNAndJN(1641)) - Starting Web-server for scm at: http://0.0.0.0:0
2019-10-24 07:32:20,294 [main] INFO  server.AuthenticationFilter (AuthenticationFilter.java:constructSecretProvider(240)) - Unable to initialize FileSignerSecretProvider, falling back to use random secrets.
2019-10-24 07:32:20,303 [main] WARN  http.HttpRequestLog (HttpRequestLog.java:getRequestLog(97)) - Jetty request log can only be enabled using Log4j
2019-10-24 07:32:20,311 [main] INFO  http.HttpServer2 (HttpServer2.java:addGlobalFilter(975)) - Added global filter 'safety' (class=org.apache.hadoop.http.HttpServer2$QuotingInputFilter)
2019-10-24 07:32:20,314 [main] INFO  http.HttpServer2 (HttpServer2.java:addFilter(948)) - Added filter static_user_filter (class=org.apache.hadoop.http.lib.StaticUserWebFilter$StaticUserFilter) to context scm
2019-10-24 07:32:20,314 [main] INFO  http.HttpServer2 (HttpServer2.java:addFilter(958)) - Added filter static_user_filter (class=org.apache.hadoop.http.lib.StaticUserWebFilter$StaticUserFilter) to context static
2019-10-24 07:32:20,314 [main] INFO  http.HttpServer2 (HttpServer2.java:addFilter(958)) - Added filter static_user_filter (class=org.apache.hadoop.http.lib.StaticUserWebFilter$StaticUserFilter) to context logs
2019-10-24 07:32:20,346 [main] INFO  server.StorageContainerManager (StorageContainerManager.java:start(772)) - StorageContainerLocationProtocol RPC server is listening at /0.0.0.0:43868
2019-10-24 07:32:20,409 [main] WARN  impl.MetricsConfig (MetricsConfig.java:loadFirst(134)) - Cannot locate configuration: tried hadoop-metrics2-storagecontainermanager.properties,hadoop-metrics2.properties
2019-10-24 07:32:20,422 [main] INFO  impl.MetricsSystemImpl (MetricsSystemImpl.java:startTimer(374)) - Scheduled Metric snapshot period at 10 second(s).
2019-10-24 07:32:20,422 [main] INFO  impl.MetricsSystemImpl (MetricsSystemImpl.java:start(191)) - StorageContainerManager metrics system started
2019-10-24 07:32:20,703 [main] INFO  server.SCMClientProtocolServer (SCMClientProtocolServer.java:start(159)) - RPC server for Client  is listening at /0.0.0.0:43868
2019-10-24 07:32:20,704 [IPC Server Responder] INFO  ipc.Server (Server.java:run(1314)) - IPC Server Responder: starting
2019-10-24 07:32:20,704 [IPC Server listener on 43868] INFO  ipc.Server (Server.java:run(1153)) - IPC Server listener on 43868: starting
2019-10-24 07:32:20,707 [main] INFO  server.StorageContainerManager (StorageContainerManager.java:start(782)) - ScmBlockLocationProtocol RPC server is listening at /0.0.0.0:41783
2019-10-24 07:32:20,708 [main] INFO  server.SCMBlockProtocolServer (SCMBlockProtocolServer.java:start(146)) - RPC server for Block Protocol is listening at /0.0.0.0:41783
2019-10-24 07:32:20,708 [IPC Server Responder] INFO  ipc.Server (Server.java:run(1314)) - IPC Server Responder: starting
2019-10-24 07:32:20,708 [IPC Server listener on 41783] INFO  ipc.Server (Server.java:run(1153)) - IPC Server listener on 41783: starting
2019-10-24 07:32:20,710 [main] INFO  server.StorageContainerManager (StorageContainerManager.java:start(786)) - ScmDatanodeProtocl RPC server is listening at /0.0.0.0:45280
2019-10-24 07:32:20,711 [main] INFO  server.SCMDatanodeProtocolServer (SCMDatanodeProtocolServer.java:start(169)) - RPC server for DataNodes is listening at /0.0.0.0:45280
2019-10-24 07:32:20,711 [IPC Server Responder] INFO  ipc.Server (Server.java:run(1314)) - IPC Server Responder: starting
2019-10-24 07:32:20,712 [IPC Server listener on 45280] INFO  ipc.Server (Server.java:run(1153)) - IPC Server listener on 45280: starting
2019-10-24 07:32:20,715 [main] INFO  http.HttpServer2 (HttpServer2.java:bindListener(1191)) - Jetty bound to port 34807
2019-10-24 07:32:20,717 [main] INFO  server.Server (Server.java:doStart(351)) - jetty-9.3.25.v20180904, build timestamp: 2018-09-04T21:11:46Z, git hash: 3ce520221d0240229c862b122d2b06c12a625732
2019-10-24 07:32:20,753 [main] INFO  handler.ContextHandler (ContextHandler.java:doStart(781)) - Started o.e.j.s.ServletContextHandler@3724af13{/logs,file:///workdir/hadoop-ozone/integration-test/target/log,AVAILABLE}
2019-10-24 07:32:20,754 [main] INFO  handler.ContextHandler (ContextHandler.java:doStart(781)) - Started o.e.j.s.ServletContextHandler@6b53bcc2{/static,file:///workdir/hadoop-ozone/integration-test/target/test-classes/webapps/static,AVAILABLE}
2019-10-24 07:32:20,786 [main] INFO  handler.ContextHandler (ContextHandler.java:doStart(781)) - Started o.e.j.w.WebAppContext@73511076{/,file:///workdir/hadoop-ozone/integration-test/target/test-classes/webapps/scm/,AVAILABLE}{/scm}
2019-10-24 07:32:20,791 [main] INFO  server.AbstractConnector (AbstractConnector.java:doStart(278)) - Started ServerConnector@5b800468{HTTP/1.1,[http/1.1]}{0.0.0.0:34807}
2019-10-24 07:32:20,792 [main] INFO  server.Server (Server.java:doStart(419)) - Started @2775ms
2019-10-24 07:32:20,794 [main] INFO  impl.MetricsSinkAdapter (MetricsSinkAdapter.java:start(204)) - Sink prometheus started
2019-10-24 07:32:20,794 [main] INFO  impl.MetricsSystemImpl (MetricsSystemImpl.java:registerSink(301)) - Registered sink prometheus
2019-10-24 07:32:20,797 [main] INFO  server.BaseHttpServer (BaseHttpServer.java:updateConnectorAddress(215)) - HTTP server of SCM is listening at http://0.0.0.0:34807
2019-10-24 07:32:20,804 [org.apache.hadoop.util.JvmPauseMonitor$Monitor@1b9ea3e3] INFO  util.JvmPauseMonitor (JvmPauseMonitor.java:run(188)) - Starting JVM pause monitor
2019-10-24 07:32:20,808 [main] WARN  server.ServerUtils (ServerUtils.java:getDBPath(222)) - ozone.om.db.dirs is not configured. We recommend adding this setting. Falling back to ozone.metadata.dirs instead.
2019-10-24 07:32:20,920 [main] INFO  ha.OMHANodeDetails (OMHANodeDetails.java:loadOMHAConfig(190)) - Configuration either no ozone.om.address set. Falling back to the default OM address /127.0.0.1:0
2019-10-24 07:32:20,920 [main] INFO  ha.OMHANodeDetails (OMHANodeDetails.java:getOMNodeDetails(220)) - OM Service ID is not set. Setting it to the default ID: omServiceIdDefault
2019-10-24 07:32:20,922 [main] WARN  server.ServerUtils (ServerUtils.java:getDBPath(222)) - ozone.om.db.dirs is not configured. We recommend adding this setting. Falling back to ozone.metadata.dirs instead.
2019-10-24 07:32:20,922 [main] WARN  server.ServerUtils (ServerUtils.java:getDBPath(222)) - ozone.om.db.dirs is not configured. We recommend adding this setting. Falling back to ozone.metadata.dirs instead.
2019-10-24 07:32:21,559 [main] WARN  server.ServerUtils (ServerUtils.java:getDBPath(222)) - ozone.om.db.dirs is not configured. We recommend adding this setting. Falling back to ozone.metadata.dirs instead.
2019-10-24 07:32:21,567 [main] INFO  db.DBStoreBuilder (DBStoreBuilder.java:addTable(117)) - using custom profile for table: userTable
2019-10-24 07:32:21,567 [main] INFO  db.DBStoreBuilder (DBStoreBuilder.java:processTables(168)) - Using default column profile:DBProfile.DISK for Table:userTable
2019-10-24 07:32:21,567 [main] INFO  db.DBStoreBuilder (DBStoreBuilder.java:addTable(117)) - using custom profile for table: volumeTable
2019-10-24 07:32:21,568 [main] INFO  db.DBStoreBuilder (DBStoreBuilder.java:processTables(168)) - Using default column profile:DBProfile.DISK for Table:volumeTable
2019-10-24 07:32:21,568 [main] INFO  db.DBStoreBuilder (DBStoreBuilder.java:addTable(117)) - using custom profile for table: bucketTable
2019-10-24 07:32:21,568 [main] INFO  db.DBStoreBuilder (DBStoreBuilder.java:processTables(168)) - Using default column profile:DBProfile.DISK for Table:bucketTable
2019-10-24 07:32:21,568 [main] INFO  db.DBStoreBuilder (DBStoreBuilder.java:addTable(117)) - using custom profile for table: keyTable
2019-10-24 07:32:21,569 [main] INFO  db.DBStoreBuilder (DBStoreBuilder.java:processTables(168)) - Using default column profile:DBProfile.DISK for Table:keyTable
2019-10-24 07:32:21,569 [main] INFO  db.DBStoreBuilder (DBStoreBuilder.java:addTable(117)) - using custom profile for table: deletedTable
2019-10-24 07:32:21,569 [main] INFO  db.DBStoreBuilder (DBStoreBuilder.java:processTables(168)) - Using default column profile:DBProfile.DISK for Table:deletedTable
2019-10-24 07:32:21,570 [main] INFO  db.DBStoreBuilder (DBStoreBuilder.java:addTable(117)) - using custom profile for table: openKeyTable
2019-10-24 07:32:21,570 [main] INFO  db.DBStoreBuilder (DBStoreBuilder.java:processTables(168)) - Using default column profile:DBProfile.DISK for Table:openKeyTable
2019-10-24 07:32:21,570 [main] INFO  db.DBStoreBuilder (DBStoreBuilder.java:addTable(117)) - using custom profile for table: s3Table
2019-10-24 07:32:21,570 [main] INFO  db.DBStoreBuilder (DBStoreBuilder.java:processTables(168)) - Using default column profile:DBProfile.DISK for Table:s3Table
2019-10-24 07:32:21,571 [main] INFO  db.DBStoreBuilder (DBStoreBuilder.java:addTable(117)) - using custom profile for table: multipartInfoTable
2019-10-24 07:32:21,571 [main] INFO  db.DBStoreBuilder (DBStoreBuilder.java:processTables(168)) - Using default column profile:DBProfile.DISK for Table:multipartInfoTable
2019-10-24 07:32:21,571 [main] INFO  db.DBStoreBuilder (DBStoreBuilder.java:addTable(117)) - using custom profile for table: dTokenTable
2019-10-24 07:32:21,571 [main] INFO  db.DBStoreBuilder (DBStoreBuilder.java:processTables(168)) - Using default column profile:DBProfile.DISK for Table:dTokenTable
2019-10-24 07:32:21,572 [main] INFO  db.DBStoreBuilder (DBStoreBuilder.java:addTable(117)) - using custom profile for table: s3SecretTable
2019-10-24 07:32:21,572 [main] INFO  db.DBStoreBuilder (DBStoreBuilder.java:processTables(168)) - Using default column profile:DBProfile.DISK for Table:s3SecretTable
2019-10-24 07:32:21,572 [main] INFO  db.DBStoreBuilder (DBStoreBuilder.java:addTable(117)) - using custom profile for table: prefixTable
2019-10-24 07:32:21,572 [main] INFO  db.DBStoreBuilder (DBStoreBuilder.java:processTables(168)) - Using default column profile:DBProfile.DISK for Table:prefixTable
2019-10-24 07:32:21,572 [main] INFO  db.DBStoreBuilder (DBStoreBuilder.java:addTable(117)) - using custom profile for table: default
2019-10-24 07:32:21,573 [main] INFO  db.DBStoreBuilder (DBStoreBuilder.java:processTables(174)) - Using default column profile:DBProfile.DISK for Table:default
2019-10-24 07:32:21,573 [main] INFO  db.DBStoreBuilder (DBStoreBuilder.java:getDbProfile(205)) - Using default options. DBProfile.DISK
2019-10-24 07:32:22,084 [main] INFO  ipc.CallQueueManager (CallQueueManager.java:<init>(84)) - Using callQueue: class java.util.concurrent.LinkedBlockingQueue, queueCapacity: 2000, scheduler: class org.apache.hadoop.ipc.DefaultRpcScheduler, ipcBackoff: false.
2019-10-24 07:32:22,086 [Socket Reader #1 for port 37909] INFO  ipc.Server (Server.java:run(1074)) - Starting Socket Reader #1 for port 37909
2019-10-24 07:32:22,108 [main] INFO  om.OzoneManager (OzoneManager.java:start(1071)) - OzoneManager RPC server is listening at localhost/127.0.0.1:37909
2019-10-24 07:32:22,108 [main] INFO  impl.MetricsSystemImpl (MetricsSystemImpl.java:init(158)) - OzoneManager metrics system started (again)
2019-10-24 07:32:22,118 [IPC Server Responder] INFO  ipc.Server (Server.java:run(1314)) - IPC Server Responder: starting
2019-10-24 07:32:22,118 [IPC Server listener on 37909] INFO  ipc.Server (Server.java:run(1153)) - IPC Server listener on 37909: starting
2019-10-24 07:32:22,124 [main] INFO  hdfs.DFSUtil (DFSUtil.java:httpServerTemplateForNNAndJN(1641)) - Starting Web-server for ozoneManager at: http://0.0.0.0:0
2019-10-24 07:32:22,126 [main] INFO  server.AuthenticationFilter (AuthenticationFilter.java:constructSecretProvider(240)) - Unable to initialize FileSignerSecretProvider, falling back to use random secrets.
2019-10-24 07:32:22,127 [main] WARN  http.HttpRequestLog (HttpRequestLog.java:getRequestLog(97)) - Jetty request log can only be enabled using Log4j
2019-10-24 07:32:22,131 [main] INFO  http.HttpServer2 (HttpServer2.java:addGlobalFilter(975)) - Added global filter 'safety' (class=org.apache.hadoop.http.HttpServer2$QuotingInputFilter)
2019-10-24 07:32:22,132 [main] INFO  http.HttpServer2 (HttpServer2.java:addFilter(948)) - Added filter static_user_filter (class=org.apache.hadoop.http.lib.StaticUserWebFilter$StaticUserFilter) to context ozoneManager
2019-10-24 07:32:22,132 [main] INFO  http.HttpServer2 (HttpServer2.java:addFilter(958)) - Added filter static_user_filter (class=org.apache.hadoop.http.lib.StaticUserWebFilter$StaticUserFilter) to context logs
2019-10-24 07:32:22,133 [main] INFO  http.HttpServer2 (HttpServer2.java:addFilter(958)) - Added filter static_user_filter (class=org.apache.hadoop.http.lib.StaticUserWebFilter$StaticUserFilter) to context static
2019-10-24 07:32:22,136 [main] INFO  http.HttpServer2 (HttpServer2.java:bindListener(1191)) - Jetty bound to port 43671
2019-10-24 07:32:22,136 [main] INFO  server.Server (Server.java:doStart(351)) - jetty-9.3.25.v20180904, build timestamp: 2018-09-04T21:11:46Z, git hash: 3ce520221d0240229c862b122d2b06c12a625732
2019-10-24 07:32:22,139 [main] INFO  handler.ContextHandler (ContextHandler.java:doStart(781)) - Started o.e.j.s.ServletContextHandler@37095ded{/logs,file:///workdir/hadoop-ozone/integration-test/target/log,AVAILABLE}
2019-10-24 07:32:22,140 [main] INFO  handler.ContextHandler (ContextHandler.java:doStart(781)) - Started o.e.j.s.ServletContextHandler@2ca6546f{/static,file:///workdir/hadoop-ozone/integration-test/target/test-classes/webapps/static,AVAILABLE}
2019-10-24 07:32:22,147 [main] INFO  handler.ContextHandler (ContextHandler.java:doStart(781)) - Started o.e.j.w.WebAppContext@d1a10ac{/,file:///workdir/hadoop-ozone/integration-test/target/test-classes/webapps/ozoneManager/,AVAILABLE}{/ozoneManager}
2019-10-24 07:32:22,148 [main] INFO  server.AbstractConnector (AbstractConnector.java:doStart(278)) - Started ServerConnector@6fca2a8f{HTTP/1.1,[http/1.1]}{0.0.0.0:43671}
2019-10-24 07:32:22,149 [main] INFO  server.Server (Server.java:doStart(419)) - Started @4132ms
2019-10-24 07:32:22,149 [main] WARN  impl.MetricsSystemImpl (MetricsSystemImpl.java:register(276)) - Sink prometheus already exists!
2019-10-24 07:32:22,151 [main] INFO  server.BaseHttpServer (BaseHttpServer.java:updateConnectorAddress(215)) - HTTP server of OZONEMANAGER is listening at http://0.0.0.0:43671
2019-10-24 07:32:22,451 [main] INFO  impl.MetricsSystemImpl (MetricsSystemImpl.java:init(158)) - HddsDatanode metrics system started (again)
2019-10-24 07:32:22,499 [main] INFO  ozone.HddsDatanodeService (HddsDatanodeService.java:start(184)) - HddsDatanodeService host:pr-hdds-1569-mb8zc-4097773718 ip:192.168.164.194
2019-10-24 07:32:22,531 [main] INFO  volume.HddsVolume (HddsVolume.java:<init>(176)) - Creating Volume: /workdir/hadoop-ozone/integration-test/target/test-dir/MiniOzoneClusterImpl-94783617-520d-431f-bfa8-8bf76244d9bc/datanode-0/data/containers/hdds of  storage type : DISK and capacity : 1482555576320
2019-10-24 07:32:22,533 [main] INFO  volume.VolumeSet (VolumeSet.java:initializeVolumeSet(170)) - Added Volume : /workdir/hadoop-ozone/integration-test/target/test-dir/MiniOzoneClusterImpl-94783617-520d-431f-bfa8-8bf76244d9bc/datanode-0/data/containers/hdds to VolumeSet
2019-10-24 07:32:22,535 [main] INFO  volume.ThrottledAsyncChecker (ThrottledAsyncChecker.java:schedule(141)) - Scheduling a check for org.apache.hadoop.ozone.container.common.volume.HddsVolume@1237e0be
2019-10-24 07:32:22,551 [main] INFO  volume.HddsVolumeChecker (HddsVolumeChecker.java:checkAllVolumes(204)) - Scheduled health check for volume org.apache.hadoop.ozone.container.common.volume.HddsVolume@1237e0be
2019-10-24 07:32:22,655 [main] INFO  impl.RaftServerProxy (ConfUtils.java:logGet(43)) - raft.rpc.type = GRPC (default)
2019-10-24 07:32:22,718 [main] INFO  grpc.GrpcFactory (GrpcFactory.java:checkPooledByteBufAllocatorUseCacheForAllThreads(45)) - PERFORMANCE WARNING: useCacheForAllThreads is true that may cause Netty to create a lot garbage objects and, as a result, trigger GC.
	It is recommended to disable useCacheForAllThreads by setting -Dorg.apache.ratis.thirdparty.io.netty.allocator.useCacheForAllThreads=false in command line.
2019-10-24 07:32:22,723 [main] INFO  grpc.GrpcConfigKeys$Server (ConfUtils.java:logGet(43)) - raft.grpc.server.port = 0 (default)
2019-10-24 07:32:22,724 [main] INFO  server.GrpcService (ConfUtils.java:logGet(43)) - raft.grpc.message.size.max = 33570816 (custom)
2019-10-24 07:32:22,726 [main] INFO  server.RaftServerConfigKeys (ConfUtils.java:logGet(43)) - raft.server.log.appender.buffer.byte-limit = 33554432 (custom)
2019-10-24 07:32:22,726 [main] INFO  server.GrpcService (ConfUtils.java:logGet(43)) - raft.grpc.flow.control.window = 1MB (=1048576) (default)
2019-10-24 07:32:22,727 [main] INFO  server.RaftServerConfigKeys (ConfUtils.java:logGet(43)) - raft.server.rpc.request.timeout = 3000ms (default)
2019-10-24 07:32:22,889 [main] INFO  server.RaftServerConfigKeys (ConfUtils.java:logGet(43)) - raft.server.storage.dir = [/workdir/hadoop-ozone/integration-test/target/test-dir/MiniOzoneClusterImpl-94783617-520d-431f-bfa8-8bf76244d9bc/datanode-0/data/ratis] (custom)
2019-10-24 07:32:22,944 [main] INFO  hdfs.DFSUtil (DFSUtil.java:httpServerTemplateForNNAndJN(1641)) - Starting Web-server for hddsDatanode at: http://0.0.0.0:0
2019-10-24 07:32:22,947 [main] INFO  server.AuthenticationFilter (AuthenticationFilter.java:constructSecretProvider(240)) - Unable to initialize FileSignerSecretProvider, falling back to use random secrets.
2019-10-24 07:32:22,948 [main] WARN  http.HttpRequestLog (HttpRequestLog.java:getRequestLog(97)) - Jetty request log can only be enabled using Log4j
2019-10-24 07:32:22,951 [main] INFO  http.HttpServer2 (HttpServer2.java:addGlobalFilter(975)) - Added global filter 'safety' (class=org.apache.hadoop.http.HttpServer2$QuotingInputFilter)
2019-10-24 07:32:22,952 [main] INFO  http.HttpServer2 (HttpServer2.java:addFilter(948)) - Added filter static_user_filter (class=org.apache.hadoop.http.lib.StaticUserWebFilter$StaticUserFilter) to context hddsDatanode
2019-10-24 07:32:22,952 [main] INFO  http.HttpServer2 (HttpServer2.java:addFilter(958)) - Added filter static_user_filter (class=org.apache.hadoop.http.lib.StaticUserWebFilter$StaticUserFilter) to context logs
2019-10-24 07:32:22,952 [main] INFO  http.HttpServer2 (HttpServer2.java:addFilter(958)) - Added filter static_user_filter (class=org.apache.hadoop.http.lib.StaticUserWebFilter$StaticUserFilter) to context static
2019-10-24 07:32:22,954 [main] INFO  http.HttpServer2 (HttpServer2.java:bindListener(1191)) - Jetty bound to port 35397
2019-10-24 07:32:22,954 [main] INFO  server.Server (Server.java:doStart(351)) - jetty-9.3.25.v20180904, build timestamp: 2018-09-04T21:11:46Z, git hash: 3ce520221d0240229c862b122d2b06c12a625732
2019-10-24 07:32:22,958 [main] INFO  handler.ContextHandler (ContextHandler.java:doStart(781)) - Started o.e.j.s.ServletContextHandler@1ac4ccad{/logs,file:///workdir/hadoop-ozone/integration-test/target/log,AVAILABLE}
2019-10-24 07:32:22,959 [main] INFO  handler.ContextHandler (ContextHandler.java:doStart(781)) - Started o.e.j.s.ServletContextHandler@14982a82{/static,jar:file:/home/user/.m2/repository/org/apache/hadoop/hadoop-hdds-container-service/0.5.0-SNAPSHOT/hadoop-hdds-container-service-0.5.0-SNAPSHOT.jar!/webapps/static,AVAILABLE}
2019-10-24 07:32:23,009 [main] INFO  handler.ContextHandler (ContextHandler.java:doStart(781)) - Started o.e.j.w.WebAppContext@582a764a{/,file:///tmp/jetty-0.0.0.0-35397-hddsDatanode-_-any-5780889971037635338.dir/webapp/,AVAILABLE}{/hddsDatanode}
2019-10-24 07:32:23,011 [main] INFO  server.AbstractConnector (AbstractConnector.java:doStart(278)) - Started ServerConnector@64984b0f{HTTP/1.1,[http/1.1]}{0.0.0.0:35397}
2019-10-24 07:32:23,011 [main] INFO  server.Server (Server.java:doStart(419)) - Started @4994ms
2019-10-24 07:32:23,012 [main] WARN  impl.MetricsSystemImpl (MetricsSystemImpl.java:register(276)) - Sink prometheus already exists!
2019-10-24 07:32:23,013 [main] INFO  server.BaseHttpServer (BaseHttpServer.java:updateConnectorAddress(215)) - HTTP server of HDDSDATANODE is listening at http://0.0.0.0:35397
2019-10-24 07:32:23,014 [main] INFO  impl.MetricsSystemImpl (MetricsSystemImpl.java:init(158)) - HddsDatanode metrics system started (again)
2019-10-24 07:32:23,017 [main] INFO  ozone.HddsDatanodeService (HddsDatanodeService.java:start(184)) - HddsDatanodeService host:pr-hdds-1569-mb8zc-4097773718 ip:192.168.164.194
2019-10-24 07:32:23,020 [org.apache.hadoop.util.JvmPauseMonitor$Monitor@3ec53a96] INFO  util.JvmPauseMonitor (JvmPauseMonitor.java:run(188)) - Starting JVM pause monitor
2019-10-24 07:32:23,027 [main] INFO  volume.HddsVolume (HddsVolume.java:<init>(176)) - Creating Volume: /workdir/hadoop-ozone/integration-test/target/test-dir/MiniOzoneClusterImpl-94783617-520d-431f-bfa8-8bf76244d9bc/datanode-1/data/containers/hdds of  storage type : DISK and capacity : 1482555576320
2019-10-24 07:32:23,027 [main] INFO  volume.VolumeSet (VolumeSet.java:initializeVolumeSet(170)) - Added Volume : /workdir/hadoop-ozone/integration-test/target/test-dir/MiniOzoneClusterImpl-94783617-520d-431f-bfa8-8bf76244d9bc/datanode-1/data/containers/hdds to VolumeSet
2019-10-24 07:32:23,028 [main] INFO  volume.ThrottledAsyncChecker (ThrottledAsyncChecker.java:schedule(141)) - Scheduling a check for org.apache.hadoop.ozone.container.common.volume.HddsVolume@60783105
2019-10-24 07:32:23,028 [main] INFO  volume.HddsVolumeChecker (HddsVolumeChecker.java:checkAllVolumes(204)) - Scheduled health check for volume org.apache.hadoop.ozone.container.common.volume.HddsVolume@60783105
2019-10-24 07:32:23,044 [main] INFO  impl.RaftServerProxy (ConfUtils.java:logGet(43)) - raft.rpc.type = GRPC (default)
2019-10-24 07:32:23,044 [main] INFO  grpc.GrpcFactory (GrpcFactory.java:checkPooledByteBufAllocatorUseCacheForAllThreads(45)) - PERFORMANCE WARNING: useCacheForAllThreads is true that may cause Netty to create a lot garbage objects and, as a result, trigger GC.
	It is recommended to disable useCacheForAllThreads by setting -Dorg.apache.ratis.thirdparty.io.netty.allocator.useCacheForAllThreads=false in command line.
2019-10-24 07:32:23,044 [main] INFO  grpc.GrpcConfigKeys$Server (ConfUtils.java:logGet(43)) - raft.grpc.server.port = 0 (default)
2019-10-24 07:32:23,045 [main] INFO  server.GrpcService (ConfUtils.java:logGet(43)) - raft.grpc.message.size.max = 33570816 (custom)
2019-10-24 07:32:23,045 [main] INFO  server.RaftServerConfigKeys (ConfUtils.java:logGet(43)) - raft.server.log.appender.buffer.byte-limit = 33554432 (custom)
2019-10-24 07:32:23,045 [main] INFO  server.GrpcService (ConfUtils.java:logGet(43)) - raft.grpc.flow.control.window = 1MB (=1048576) (default)
2019-10-24 07:32:23,045 [main] INFO  server.RaftServerConfigKeys (ConfUtils.java:logGet(43)) - raft.server.rpc.request.timeout = 3000ms (default)
2019-10-24 07:32:23,046 [main] INFO  server.RaftServerConfigKeys (ConfUtils.java:logGet(43)) - raft.server.storage.dir = [/workdir/hadoop-ozone/integration-test/target/test-dir/MiniOzoneClusterImpl-94783617-520d-431f-bfa8-8bf76244d9bc/datanode-1/data/ratis] (custom)
2019-10-24 07:32:23,048 [main] INFO  hdfs.DFSUtil (DFSUtil.java:httpServerTemplateForNNAndJN(1641)) - Starting Web-server for hddsDatanode at: http://0.0.0.0:0
2019-10-24 07:32:23,049 [main] INFO  server.AuthenticationFilter (AuthenticationFilter.java:constructSecretProvider(240)) - Unable to initialize FileSignerSecretProvider, falling back to use random secrets.
2019-10-24 07:32:23,050 [main] WARN  http.HttpRequestLog (HttpRequestLog.java:getRequestLog(97)) - Jetty request log can only be enabled using Log4j
2019-10-24 07:32:23,051 [main] INFO  http.HttpServer2 (HttpServer2.java:addGlobalFilter(975)) - Added global filter 'safety' (class=org.apache.hadoop.http.HttpServer2$QuotingInputFilter)
2019-10-24 07:32:23,052 [main] INFO  http.HttpServer2 (HttpServer2.java:addFilter(948)) - Added filter static_user_filter (class=org.apache.hadoop.http.lib.StaticUserWebFilter$StaticUserFilter) to context hddsDatanode
2019-10-24 07:32:23,052 [main] INFO  http.HttpServer2 (HttpServer2.java:addFilter(958)) - Added filter static_user_filter (class=org.apache.hadoop.http.lib.StaticUserWebFilter$StaticUserFilter) to context static
2019-10-24 07:32:23,052 [main] INFO  http.HttpServer2 (HttpServer2.java:addFilter(958)) - Added filter static_user_filter (class=org.apache.hadoop.http.lib.StaticUserWebFilter$StaticUserFilter) to context logs
2019-10-24 07:32:23,053 [main] INFO  http.HttpServer2 (HttpServer2.java:bindListener(1191)) - Jetty bound to port 34392
2019-10-24 07:32:23,053 [main] INFO  server.Server (Server.java:doStart(351)) - jetty-9.3.25.v20180904, build timestamp: 2018-09-04T21:11:46Z, git hash: 3ce520221d0240229c862b122d2b06c12a625732
2019-10-24 07:32:23,057 [main] INFO  handler.ContextHandler (ContextHandler.java:doStart(781)) - Started o.e.j.s.ServletContextHandler@5b3a7ef5{/logs,file:///workdir/hadoop-ozone/integration-test/target/log,AVAILABLE}
2019-10-24 07:32:23,057 [main] INFO  handler.ContextHandler (ContextHandler.java:doStart(781)) - Started o.e.j.s.ServletContextHandler@2d9dff65{/static,jar:file:/home/user/.m2/repository/org/apache/hadoop/hadoop-hdds-container-service/0.5.0-SNAPSHOT/hadoop-hdds-container-service-0.5.0-SNAPSHOT.jar!/webapps/static,AVAILABLE}
2019-10-24 07:32:23,088 [main] INFO  handler.ContextHandler (ContextHandler.java:doStart(781)) - Started o.e.j.w.WebAppContext@1b1f5012{/,file:///tmp/jetty-0.0.0.0-34392-hddsDatanode-_-any-8147925575503457383.dir/webapp/,AVAILABLE}{/hddsDatanode}
2019-10-24 07:32:23,088 [main] INFO  server.AbstractConnector (AbstractConnector.java:doStart(278)) - Started ServerConnector@7add323c{HTTP/1.1,[http/1.1]}{0.0.0.0:34392}
2019-10-24 07:32:23,089 [main] INFO  server.Server (Server.java:doStart(419)) - Started @5072ms
2019-10-24 07:32:23,089 [main] WARN  impl.MetricsSystemImpl (MetricsSystemImpl.java:register(276)) - Sink prometheus already exists!
2019-10-24 07:32:23,091 [main] INFO  server.BaseHttpServer (BaseHttpServer.java:updateConnectorAddress(215)) - HTTP server of HDDSDATANODE is listening at http://0.0.0.0:34392
2019-10-24 07:32:23,091 [main] INFO  impl.MetricsSystemImpl (MetricsSystemImpl.java:init(158)) - HddsDatanode metrics system started (again)
2019-10-24 07:32:23,094 [main] INFO  ozone.HddsDatanodeService (HddsDatanodeService.java:start(184)) - HddsDatanodeService host:pr-hdds-1569-mb8zc-4097773718 ip:192.168.164.194
2019-10-24 07:32:23,095 [org.apache.hadoop.util.JvmPauseMonitor$Monitor@18b04b1a] INFO  util.JvmPauseMonitor (JvmPauseMonitor.java:run(188)) - Starting JVM pause monitor
2019-10-24 07:32:23,104 [main] INFO  volume.HddsVolume (HddsVolume.java:<init>(176)) - Creating Volume: /workdir/hadoop-ozone/integration-test/target/test-dir/MiniOzoneClusterImpl-94783617-520d-431f-bfa8-8bf76244d9bc/datanode-2/data/containers/hdds of  storage type : DISK and capacity : 1482555576320
2019-10-24 07:32:23,105 [main] INFO  volume.VolumeSet (VolumeSet.java:initializeVolumeSet(170)) - Added Volume : /workdir/hadoop-ozone/integration-test/target/test-dir/MiniOzoneClusterImpl-94783617-520d-431f-bfa8-8bf76244d9bc/datanode-2/data/containers/hdds to VolumeSet
2019-10-24 07:32:23,105 [main] INFO  volume.ThrottledAsyncChecker (ThrottledAsyncChecker.java:schedule(141)) - Scheduling a check for org.apache.hadoop.ozone.container.common.volume.HddsVolume@7f353d99
2019-10-24 07:32:23,106 [main] INFO  volume.HddsVolumeChecker (HddsVolumeChecker.java:checkAllVolumes(204)) - Scheduled health check for volume org.apache.hadoop.ozone.container.common.volume.HddsVolume@7f353d99
2019-10-24 07:32:23,119 [main] INFO  impl.RaftServerProxy (ConfUtils.java:logGet(43)) - raft.rpc.type = GRPC (default)
2019-10-24 07:32:23,119 [main] INFO  grpc.GrpcFactory (GrpcFactory.java:checkPooledByteBufAllocatorUseCacheForAllThreads(45)) - PERFORMANCE WARNING: useCacheForAllThreads is true that may cause Netty to create a lot garbage objects and, as a result, trigger GC.
	It is recommended to disable useCacheForAllThreads by setting -Dorg.apache.ratis.thirdparty.io.netty.allocator.useCacheForAllThreads=false in command line.
2019-10-24 07:32:23,120 [main] INFO  grpc.GrpcConfigKeys$Server (ConfUtils.java:logGet(43)) - raft.grpc.server.port = 0 (default)
2019-10-24 07:32:23,120 [main] INFO  server.GrpcService (ConfUtils.java:logGet(43)) - raft.grpc.message.size.max = 33570816 (custom)
2019-10-24 07:32:23,120 [main] INFO  server.RaftServerConfigKeys (ConfUtils.java:logGet(43)) - raft.server.log.appender.buffer.byte-limit = 33554432 (custom)
2019-10-24 07:32:23,120 [main] INFO  server.GrpcService (ConfUtils.java:logGet(43)) - raft.grpc.flow.control.window = 1MB (=1048576) (default)
2019-10-24 07:32:23,120 [main] INFO  server.RaftServerConfigKeys (ConfUtils.java:logGet(43)) - raft.server.rpc.request.timeout = 3000ms (default)
2019-10-24 07:32:23,121 [main] INFO  server.RaftServerConfigKeys (ConfUtils.java:logGet(43)) - raft.server.storage.dir = [/workdir/hadoop-ozone/integration-test/target/test-dir/MiniOzoneClusterImpl-94783617-520d-431f-bfa8-8bf76244d9bc/datanode-2/data/ratis] (custom)
2019-10-24 07:32:23,123 [main] INFO  hdfs.DFSUtil (DFSUtil.java:httpServerTemplateForNNAndJN(1641)) - Starting Web-server for hddsDatanode at: http://0.0.0.0:0
2019-10-24 07:32:23,124 [main] INFO  server.AuthenticationFilter (AuthenticationFilter.java:constructSecretProvider(240)) - Unable to initialize FileSignerSecretProvider, falling back to use random secrets.
2019-10-24 07:32:23,125 [main] WARN  http.HttpRequestLog (HttpRequestLog.java:getRequestLog(97)) - Jetty request log can only be enabled using Log4j
2019-10-24 07:32:23,126 [main] INFO  http.HttpServer2 (HttpServer2.java:addGlobalFilter(975)) - Added global filter 'safety' (class=org.apache.hadoop.http.HttpServer2$QuotingInputFilter)
2019-10-24 07:32:23,127 [main] INFO  http.HttpServer2 (HttpServer2.java:addFilter(948)) - Added filter static_user_filter (class=org.apache.hadoop.http.lib.StaticUserWebFilter$StaticUserFilter) to context hddsDatanode
2019-10-24 07:32:23,127 [main] INFO  http.HttpServer2 (HttpServer2.java:addFilter(958)) - Added filter static_user_filter (class=org.apache.hadoop.http.lib.StaticUserWebFilter$StaticUserFilter) to context static
2019-10-24 07:32:23,127 [main] INFO  http.HttpServer2 (HttpServer2.java:addFilter(958)) - Added filter static_user_filter (class=org.apache.hadoop.http.lib.StaticUserWebFilter$StaticUserFilter) to context logs
2019-10-24 07:32:23,128 [main] INFO  http.HttpServer2 (HttpServer2.java:bindListener(1191)) - Jetty bound to port 39577
2019-10-24 07:32:23,128 [main] INFO  server.Server (Server.java:doStart(351)) - jetty-9.3.25.v20180904, build timestamp: 2018-09-04T21:11:46Z, git hash: 3ce520221d0240229c862b122d2b06c12a625732
2019-10-24 07:32:23,130 [main] INFO  handler.ContextHandler (ContextHandler.java:doStart(781)) - Started o.e.j.s.ServletContextHandler@558756be{/logs,file:///workdir/hadoop-ozone/integration-test/target/log,AVAILABLE}
2019-10-24 07:32:23,131 [main] INFO  handler.ContextHandler (ContextHandler.java:doStart(781)) - Started o.e.j.s.ServletContextHandler@6d1dcdff{/static,jar:file:/home/user/.m2/repository/org/apache/hadoop/hadoop-hdds-container-service/0.5.0-SNAPSHOT/hadoop-hdds-container-service-0.5.0-SNAPSHOT.jar!/webapps/static,AVAILABLE}
2019-10-24 07:32:23,139 [Datanode State Machine Thread - 0] INFO  datanode.InitDatanodeState (InitDatanodeState.java:persistContainerDatanodeDetails(140)) - DatanodeDetails is persisted to /workdir/hadoop-ozone/integration-test/target/test-dir/MiniOzoneClusterImpl-94783617-520d-431f-bfa8-8bf76244d9bc/datanode-0/meta/datanode.id
2019-10-24 07:32:23,144 [Datanode State Machine Thread - 0] INFO  datanode.InitDatanodeState (InitDatanodeState.java:persistContainerDatanodeDetails(140)) - DatanodeDetails is persisted to /workdir/hadoop-ozone/integration-test/target/test-dir/MiniOzoneClusterImpl-94783617-520d-431f-bfa8-8bf76244d9bc/datanode-1/meta/datanode.id
2019-10-24 07:32:23,163 [main] INFO  handler.ContextHandler (ContextHandler.java:doStart(781)) - Started o.e.j.w.WebAppContext@3c5dbdf8{/,file:///tmp/jetty-0.0.0.0-39577-hddsDatanode-_-any-5728813750186423630.dir/webapp/,AVAILABLE}{/hddsDatanode}
2019-10-24 07:32:23,163 [main] INFO  server.AbstractConnector (AbstractConnector.java:doStart(278)) - Started ServerConnector@352c44a8{HTTP/1.1,[http/1.1]}{0.0.0.0:39577}
2019-10-24 07:32:23,163 [main] INFO  server.Server (Server.java:doStart(419)) - Started @5147ms
2019-10-24 07:32:23,164 [main] WARN  impl.MetricsSystemImpl (MetricsSystemImpl.java:register(276)) - Sink prometheus already exists!
2019-10-24 07:32:23,166 [main] INFO  server.BaseHttpServer (BaseHttpServer.java:updateConnectorAddress(215)) - HTTP server of HDDSDATANODE is listening at http://0.0.0.0:39577
2019-10-24 07:32:23,168 [main] INFO  ozone.MiniOzoneClusterImpl (MiniOzoneClusterImpl.java:lambda$waitForClusterToBeReady$0(147)) - Waiting for cluster to be ready. Got 0 of 3 DN Heartbeats.
2019-10-24 07:32:23,169 [org.apache.hadoop.util.JvmPauseMonitor$Monitor@11a7f8bb] INFO  util.JvmPauseMonitor (JvmPauseMonitor.java:run(188)) - Starting JVM pause monitor
2019-10-24 07:32:23,173 [Datanode State Machine Thread - 0] INFO  datanode.InitDatanodeState (InitDatanodeState.java:persistContainerDatanodeDetails(140)) - DatanodeDetails is persisted to /workdir/hadoop-ozone/integration-test/target/test-dir/MiniOzoneClusterImpl-94783617-520d-431f-bfa8-8bf76244d9bc/datanode-2/meta/datanode.id
2019-10-24 07:32:24,168 [main] INFO  ozone.MiniOzoneClusterImpl (MiniOzoneClusterImpl.java:lambda$waitForClusterToBeReady$0(147)) - Waiting for cluster to be ready. Got 0 of 3 DN Heartbeats.
2019-10-24 07:32:25,118 [Datanode State Machine Thread - 0] INFO  ozoneimpl.OzoneContainer (OzoneContainer.java:start(213)) - Attempting to start container services.
2019-10-24 07:32:25,118 [Datanode State Machine Thread - 0] INFO  ozoneimpl.OzoneContainer (OzoneContainer.java:start(213)) - Attempting to start container services.
2019-10-24 07:32:25,123 [Datanode State Machine Thread - 0] INFO  ozoneimpl.OzoneContainer (OzoneContainer.java:startContainerScrub(177)) - Background container scanner has been disabled.
2019-10-24 07:32:25,123 [Datanode State Machine Thread - 0] INFO  ozoneimpl.OzoneContainer (OzoneContainer.java:startContainerScrub(177)) - Background container scanner has been disabled.
2019-10-24 07:32:25,123 [Datanode State Machine Thread - 0] INFO  ratis.XceiverServerRatis (XceiverServerRatis.java:start(418)) - Starting XceiverServerRatis 1511a8b7-2741-4c2d-9317-1899631fe9c9 at port 0
2019-10-24 07:32:25,123 [Datanode State Machine Thread - 0] INFO  ratis.XceiverServerRatis (XceiverServerRatis.java:start(418)) - Starting XceiverServerRatis e0ed10f2-3224-42fb-9fee-fcf0e55d7c66 at port 0
2019-10-24 07:32:25,163 [Datanode State Machine Thread - 0] INFO  impl.RaftServerProxy (RaftServerProxy.java:lambda$start$3(299)) - e0ed10f2-3224-42fb-9fee-fcf0e55d7c66: start RPC server
2019-10-24 07:32:25,163 [Datanode State Machine Thread - 0] INFO  impl.RaftServerProxy (RaftServerProxy.java:lambda$start$3(299)) - 1511a8b7-2741-4c2d-9317-1899631fe9c9: start RPC server
2019-10-24 07:32:25,169 [main] INFO  ozone.MiniOzoneClusterImpl (MiniOzoneClusterImpl.java:lambda$waitForClusterToBeReady$0(147)) - Waiting for cluster to be ready. Got 0 of 3 DN Heartbeats.
2019-10-24 07:32:25,187 [Datanode State Machine Thread - 0] INFO  ozoneimpl.OzoneContainer (OzoneContainer.java:start(213)) - Attempting to start container services.
2019-10-24 07:32:25,193 [Datanode State Machine Thread - 0] INFO  ozoneimpl.OzoneContainer (OzoneContainer.java:startContainerScrub(177)) - Background container scanner has been disabled.
2019-10-24 07:32:25,193 [Datanode State Machine Thread - 0] INFO  ratis.XceiverServerRatis (XceiverServerRatis.java:start(418)) - Starting XceiverServerRatis 6f89809c-7abc-423e-b97b-03c6b4343e46 at port 0
2019-10-24 07:32:25,205 [Datanode State Machine Thread - 0] INFO  impl.RaftServerProxy (RaftServerProxy.java:lambda$start$3(299)) - 6f89809c-7abc-423e-b97b-03c6b4343e46: start RPC server
2019-10-24 07:32:25,309 [Datanode State Machine Thread - 0] INFO  server.GrpcService (GrpcService.java:startImpl(158)) - 6f89809c-7abc-423e-b97b-03c6b4343e46: GrpcService started, listening on 0.0.0.0/0.0.0.0:43246
2019-10-24 07:32:25,309 [Datanode State Machine Thread - 0] INFO  server.GrpcService (GrpcService.java:startImpl(158)) - 1511a8b7-2741-4c2d-9317-1899631fe9c9: GrpcService started, listening on 0.0.0.0/0.0.0.0:43544
2019-10-24 07:32:25,309 [Datanode State Machine Thread - 0] INFO  server.GrpcService (GrpcService.java:startImpl(158)) - e0ed10f2-3224-42fb-9fee-fcf0e55d7c66: GrpcService started, listening on 0.0.0.0/0.0.0.0:44281
2019-10-24 07:32:25,310 [Datanode State Machine Thread - 0] INFO  ratis.XceiverServerRatis (XceiverServerRatis.java:start(428)) - XceiverServerRatis 1511a8b7-2741-4c2d-9317-1899631fe9c9 is started using port 43544
2019-10-24 07:32:25,310 [Datanode State Machine Thread - 0] INFO  ratis.XceiverServerRatis (XceiverServerRatis.java:start(428)) - XceiverServerRatis 6f89809c-7abc-423e-b97b-03c6b4343e46 is started using port 43246
2019-10-24 07:32:25,310 [Datanode State Machine Thread - 0] INFO  ratis.XceiverServerRatis (XceiverServerRatis.java:start(428)) - XceiverServerRatis e0ed10f2-3224-42fb-9fee-fcf0e55d7c66 is started using port 44281
2019-10-24 07:32:25,316 [Datanode State Machine Thread - 0] INFO  server.XceiverServerGrpc (XceiverServerGrpc.java:start(149)) - XceiverServerGrpc e0ed10f2-3224-42fb-9fee-fcf0e55d7c66 is started using port 38919
2019-10-24 07:32:25,317 [Datanode State Machine Thread - 0] INFO  server.XceiverServerGrpc (XceiverServerGrpc.java:start(149)) - XceiverServerGrpc 6f89809c-7abc-423e-b97b-03c6b4343e46 is started using port 35515
2019-10-24 07:32:25,316 [Datanode State Machine Thread - 0] INFO  server.XceiverServerGrpc (XceiverServerGrpc.java:start(149)) - XceiverServerGrpc 1511a8b7-2741-4c2d-9317-1899631fe9c9 is started using port 39840
2019-10-24 07:32:26,169 [main] INFO  ozone.MiniOzoneClusterImpl (MiniOzoneClusterImpl.java:lambda$waitForClusterToBeReady$0(147)) - Waiting for cluster to be ready. Got 0 of 3 DN Heartbeats.
2019-10-24 07:32:27,062 [IPC Server handler 0 on 45280] INFO  net.NetworkTopology (NetworkTopologyImpl.java:add(111)) - Added a new node: /default-rack/e0ed10f2-3224-42fb-9fee-fcf0e55d7c66
2019-10-24 07:32:27,064 [IPC Server handler 0 on 45280] INFO  node.SCMNodeManager (SCMNodeManager.java:register(268)) - Registered Data node : e0ed10f2-3224-42fb-9fee-fcf0e55d7c66{ip: 192.168.164.194, host: pr-hdds-1569-mb8zc-4097773718, networkLocation: /default-rack, certSerialId: null}
2019-10-24 07:32:27,068 [EventQueue-NodeRegistrationContainerReportForDataNodeSafeModeRule] INFO  safemode.SCMSafeModeManager (DataNodeSafeModeRule.java:process(71)) - SCM in safe mode. 1 DataNodes registered, 1 required.
2019-10-24 07:32:27,068 [EventQueue-NodeRegistrationContainerReportForDataNodeSafeModeRule] INFO  safemode.SCMSafeModeManager (SCMSafeModeManager.java:validateSafeModeExitRules(177)) - ScmSafeModeManager, all rules are successfully validated
2019-10-24 07:32:27,069 [EventQueue-NodeRegistrationContainerReportForDataNodeSafeModeRule] INFO  safemode.SCMSafeModeManager (SCMSafeModeManager.java:exitSafeMode(193)) - SCM exiting safe mode.
2019-10-24 07:32:27,098 [IPC Server handler 1 on 45280] INFO  net.NetworkTopology (NetworkTopologyImpl.java:add(111)) - Added a new node: /default-rack/1511a8b7-2741-4c2d-9317-1899631fe9c9
2019-10-24 07:32:27,099 [IPC Server handler 1 on 45280] INFO  node.SCMNodeManager (SCMNodeManager.java:register(268)) - Registered Data node : 1511a8b7-2741-4c2d-9317-1899631fe9c9{ip: 192.168.164.194, host: pr-hdds-1569-mb8zc-4097773718, networkLocation: /default-rack, certSerialId: null}
2019-10-24 07:32:27,170 [main] INFO  ozone.MiniOzoneClusterImpl (MiniOzoneClusterImpl.java:lambda$waitForClusterToBeReady$0(147)) - Waiting for cluster to be ready. Got 2 of 3 DN Heartbeats.
2019-10-24 07:32:27,173 [IPC Server handler 3 on 45280] INFO  net.NetworkTopology (NetworkTopologyImpl.java:add(111)) - Added a new node: /default-rack/6f89809c-7abc-423e-b97b-03c6b4343e46
2019-10-24 07:32:27,173 [IPC Server handler 3 on 45280] INFO  node.SCMNodeManager (SCMNodeManager.java:register(268)) - Registered Data node : 6f89809c-7abc-423e-b97b-03c6b4343e46{ip: 192.168.164.194, host: pr-hdds-1569-mb8zc-4097773718, networkLocation: /default-rack, certSerialId: null}
2019-10-24 07:32:27,544 [grpc-default-executor-0] INFO  impl.RaftServerProxy (RaftServerProxy.java:addNew(89)) - e0ed10f2-3224-42fb-9fee-fcf0e55d7c66: addNew group-066770EFE6C8:[e0ed10f2-3224-42fb-9fee-fcf0e55d7c66:192.168.164.194:44281] returns group-066770EFE6C8:java.util.concurrent.CompletableFuture@29ada6f2[Not completed]
2019-10-24 07:32:27,560 [pool-27-thread-1] INFO  impl.RaftServerImpl (RaftServerImpl.java:<init>(95)) - e0ed10f2-3224-42fb-9fee-fcf0e55d7c66: new RaftServerImpl for group-066770EFE6C8:[e0ed10f2-3224-42fb-9fee-fcf0e55d7c66:192.168.164.194:44281] with ContainerStateMachine:uninitialized
2019-10-24 07:32:27,563 [pool-27-thread-1] INFO  server.RaftServerConfigKeys (ConfUtils.java:logGet(43)) - raft.server.rpc.timeout.min = 5s (custom)
2019-10-24 07:32:27,563 [pool-27-thread-1] INFO  server.RaftServerConfigKeys (ConfUtils.java:logGet(43)) - raft.server.rpc.timeout.max = 5200ms (custom)
2019-10-24 07:32:27,564 [pool-27-thread-1] INFO  server.RaftServerConfigKeys (ConfUtils.java:logGet(43)) - raft.server.rpcslowness.timeout = 1000s (custom)
2019-10-24 07:32:27,565 [pool-27-thread-1] INFO  server.RaftServerConfigKeys (ConfUtils.java:logGet(43)) - raft.server.sleep.deviation.threshold = 300 (default)
2019-10-24 07:32:27,566 [pool-27-thread-1] INFO  server.RaftServerConfigKeys (ConfUtils.java:logGet(43)) - raft.server.log.appender.install.snapshot.enabled = false (custom)
2019-10-24 07:32:27,576 [pool-27-thread-1] INFO  impl.RaftServerImpl (ServerState.java:<init>(103)) - e0ed10f2-3224-42fb-9fee-fcf0e55d7c66@group-066770EFE6C8: ConfigurationManager, init=-1: [e0ed10f2-3224-42fb-9fee-fcf0e55d7c66:192.168.164.194:44281], old=null, confs=<EMPTY_MAP>
2019-10-24 07:32:27,576 [pool-27-thread-1] INFO  server.RaftServerConfigKeys (ConfUtils.java:logGet(43)) - raft.server.storage.dir = [/workdir/hadoop-ozone/integration-test/target/test-dir/MiniOzoneClusterImpl-94783617-520d-431f-bfa8-8bf76244d9bc/datanode-0/data/ratis] (custom)
2019-10-24 07:32:27,584 [pool-27-thread-1] INFO  server.RaftServerConfigKeys (ConfUtils.java:logGet(43)) - raft.server.log.corruption.policy = EXCEPTION (default)
2019-10-24 07:32:27,587 [pool-27-thread-1] INFO  storage.RaftStorageDirectory (RaftStorageDirectory.java:analyzeStorage(246)) - The storage directory /workdir/hadoop-ozone/integration-test/target/test-dir/MiniOzoneClusterImpl-94783617-520d-431f-bfa8-8bf76244d9bc/datanode-0/data/ratis/39634d5a-e1fc-4135-b3b4-066770efe6c8 does not exist. Creating ...
2019-10-24 07:32:27,605 [pool-27-thread-1] INFO  storage.RaftStorageDirectory (RaftStorageDirectory.java:tryLock(328)) - Lock on /workdir/hadoop-ozone/integration-test/target/test-dir/MiniOzoneClusterImpl-94783617-520d-431f-bfa8-8bf76244d9bc/datanode-0/data/ratis/39634d5a-e1fc-4135-b3b4-066770efe6c8/in_use.lock acquired by nodename 15539@pr-hdds-1569-mb8zc-4097773718
2019-10-24 07:32:27,621 [pool-27-thread-1] INFO  storage.RaftStorage (RaftStorage.java:format(84)) - Storage directory /workdir/hadoop-ozone/integration-test/target/test-dir/MiniOzoneClusterImpl-94783617-520d-431f-bfa8-8bf76244d9bc/datanode-0/data/ratis/39634d5a-e1fc-4135-b3b4-066770efe6c8 has been successfully formatted.
2019-10-24 07:32:27,623 [pool-27-thread-1] INFO  ratis.ContainerStateMachine (ContainerStateMachine.java:loadSnapshot(231)) - group-066770EFE6C8: The snapshot info is null. Setting the last applied indexto:(t:0, i:~)
2019-10-24 07:32:27,623 [pool-27-thread-1] INFO  server.RaftServerConfigKeys (ConfUtils.java:logGet(43)) - raft.server.notification.no-leader.timeout = 1000s (custom)
2019-10-24 07:32:27,626 [pool-27-thread-1] INFO  server.RaftServerConfigKeys (ConfUtils.java:logGet(43)) - raft.server.log.use.memory = false (default)
2019-10-24 07:32:27,632 [pool-27-thread-1] INFO  server.RaftServerConfigKeys (ConfUtils.java:logGet(43)) - raft.server.log.purge.gap = 1000000 (custom)
2019-10-24 07:32:27,632 [pool-27-thread-1] INFO  server.RaftServerConfigKeys (ConfUtils.java:logGet(43)) - raft.server.log.appender.buffer.byte-limit = 33554432 (custom)
2019-10-24 07:32:27,635 [pool-27-thread-1] INFO  server.RaftServerConfigKeys (ConfUtils.java:logGet(43)) - raft.server.log.segment.size.max = 1048576 (custom)
2019-10-24 07:32:27,637 [pool-27-thread-1] INFO  impl.MetricsSystemImpl (MetricsSystemImpl.java:init(158)) - ratis metrics system started (again)
2019-10-24 07:32:27,642 [pool-27-thread-1] INFO  metrics.MetricRegistries (MetricRegistriesLoader.java:load(64)) - Loaded MetricRegistries class org.apache.ratis.metrics.impl.MetricRegistriesImpl
2019-10-24 07:32:27,683 [pool-27-thread-1] INFO  server.RaftServerConfigKeys (ConfUtils.java:logGet(43)) - raft.server.log.segment.cache.num.max = 2 (custom)
2019-10-24 07:32:27,689 [pool-27-thread-1] INFO  segmented.SegmentedRaftLogWorker (SegmentedRaftLogWorker.java:<init>(173)) - new e0ed10f2-3224-42fb-9fee-fcf0e55d7c66@group-066770EFE6C8-SegmentedRaftLogWorker for RaftStorage:Storage Directory /workdir/hadoop-ozone/integration-test/target/test-dir/MiniOzoneClusterImpl-94783617-520d-431f-bfa8-8bf76244d9bc/datanode-0/data/ratis/39634d5a-e1fc-4135-b3b4-066770efe6c8
2019-10-24 07:32:27,689 [pool-27-thread-1] INFO  server.RaftServerConfigKeys (ConfUtils.java:logGet(43)) - raft.server.log.queue.byte-limit = 2147483647 (custom)
2019-10-24 07:32:27,690 [pool-27-thread-1] INFO  server.RaftServerConfigKeys (ConfUtils.java:logGet(43)) - raft.server.log.queue.element-limit = 1024 (custom)
2019-10-24 07:32:27,691 [pool-27-thread-1] INFO  server.RaftServerConfigKeys (ConfUtils.java:logGet(43)) - raft.server.log.segment.size.max = 1048576 (custom)
2019-10-24 07:32:27,691 [pool-27-thread-1] INFO  server.RaftServerConfigKeys (ConfUtils.java:logGet(43)) - raft.server.log.preallocated.size = 16384 (custom)
2019-10-24 07:32:27,692 [pool-27-thread-1] INFO  server.RaftServerConfigKeys (ConfUtils.java:logGet(43)) - raft.server.log.write.buffer.size = 33554432 (custom)
2019-10-24 07:32:27,692 [pool-27-thread-1] INFO  server.RaftServerConfigKeys (ConfUtils.java:logGet(43)) - raft.server.log.force.sync.num = 128 (default)
2019-10-24 07:32:27,693 [pool-27-thread-1] INFO  server.RaftServerConfigKeys (ConfUtils.java:logGet(43)) - raft.server.log.statemachine.data.sync = true (default)
2019-10-24 07:32:27,693 [pool-27-thread-1] INFO  server.RaftServerConfigKeys (ConfUtils.java:logGet(43)) - raft.server.log.statemachine.data.sync.timeout = 10s (default)
2019-10-24 07:32:27,694 [pool-27-thread-1] INFO  server.RaftServerConfigKeys (ConfUtils.java:logGet(43)) - raft.server.log.statemachine.data.sync.timeout.retry = -1 (default)
2019-10-24 07:32:27,705 [pool-27-thread-1] INFO  server.RaftServerConfigKeys (ConfUtils.java:logGet(43)) - raft.server.log.statemachine.data.caching.enabled = true (custom)
2019-10-24 07:32:27,710 [pool-27-thread-1] INFO  segmented.SegmentedRaftLogWorker (SegmentedRaftLogWorker.java:lambda$new$0(128)) - e0ed10f2-3224-42fb-9fee-fcf0e55d7c66@group-066770EFE6C8-SegmentedRaftLogWorker: flushIndex: setUnconditionally 0 -> -1
2019-10-24 07:32:27,714 [pool-27-thread-1] INFO  server.RaftServerConfigKeys (ConfUtils.java:logGet(43)) - raft.server.snapshot.auto.trigger.enabled = true (custom)
2019-10-24 07:32:27,715 [pool-27-thread-1] INFO  server.RaftServerConfigKeys (ConfUtils.java:logGet(43)) - raft.server.snapshot.auto.trigger.threshold = 10000 (custom)
2019-10-24 07:32:27,715 [pool-27-thread-1] INFO  server.RaftServerConfigKeys (ConfUtils.java:logGet(43)) - raft.server.snapshot.retention.file.num = 5 (custom)
2019-10-24 07:32:27,716 [pool-27-thread-1] INFO  server.RaftServerConfigKeys (ConfUtils.java:logGet(43)) - raft.server.retrycache.expirytime = 600000ms (custom)
2019-10-24 07:32:27,739 [pool-27-thread-1] INFO  impl.RaftServerImpl (RaftServerImpl.java:start(181)) - e0ed10f2-3224-42fb-9fee-fcf0e55d7c66@group-066770EFE6C8: start as a follower, conf=-1: [e0ed10f2-3224-42fb-9fee-fcf0e55d7c66:192.168.164.194:44281], old=null
2019-10-24 07:32:27,740 [pool-27-thread-1] INFO  impl.RaftServerImpl (RaftServerImpl.java:setRole(170)) - e0ed10f2-3224-42fb-9fee-fcf0e55d7c66@group-066770EFE6C8: changes role from      null to FOLLOWER at term 0 for startAsFollower
2019-10-24 07:32:27,741 [pool-27-thread-1] INFO  impl.RoleInfo (RoleInfo.java:updateAndGet(143)) - e0ed10f2-3224-42fb-9fee-fcf0e55d7c66: start FollowerState
2019-10-24 07:32:27,742 [pool-27-thread-1] INFO  util.JmxRegister (JmxRegister.java:tryRegister(44)) - Successfully registered JMX Bean with object name Ratis:service=RaftServer,group=group-066770EFE6C8,id=e0ed10f2-3224-42fb-9fee-fcf0e55d7c66
2019-10-24 07:32:27,809 [RatisPipelineUtilsThread] INFO  pipeline.PipelineStateManager (PipelineStateManager.java:addPipeline(56)) - Created pipeline Pipeline[ Id: 39634d5a-e1fc-4135-b3b4-066770efe6c8, Nodes: e0ed10f2-3224-42fb-9fee-fcf0e55d7c66{ip: 192.168.164.194, host: pr-hdds-1569-mb8zc-4097773718, networkLocation: /default-rack, certSerialId: null}, Type:RATIS, Factor:ONE, State:OPEN]
2019-10-24 07:32:27,829 [grpc-default-executor-0] INFO  impl.RaftServerProxy (RaftServerProxy.java:addNew(89)) - 1511a8b7-2741-4c2d-9317-1899631fe9c9: addNew group-5D78F095CFE9:[1511a8b7-2741-4c2d-9317-1899631fe9c9:192.168.164.194:43544] returns group-5D78F095CFE9:java.util.concurrent.CompletableFuture@724da6ff[Not completed]
2019-10-24 07:32:27,851 [pool-37-thread-1] INFO  impl.RaftServerImpl (RaftServerImpl.java:<init>(95)) - 1511a8b7-2741-4c2d-9317-1899631fe9c9: new RaftServerImpl for group-5D78F095CFE9:[1511a8b7-2741-4c2d-9317-1899631fe9c9:192.168.164.194:43544] with ContainerStateMachine:uninitialized
2019-10-24 07:32:27,852 [pool-37-thread-1] INFO  server.RaftServerConfigKeys (ConfUtils.java:logGet(43)) - raft.server.rpc.timeout.min = 5s (custom)
2019-10-24 07:32:27,853 [pool-37-thread-1] INFO  server.RaftServerConfigKeys (ConfUtils.java:logGet(43)) - raft.server.rpc.timeout.max = 5200ms (custom)
2019-10-24 07:32:27,853 [pool-37-thread-1] INFO  server.RaftServerConfigKeys (ConfUtils.java:logGet(43)) - raft.server.rpcslowness.timeout = 1000s (custom)
2019-10-24 07:32:27,853 [pool-37-thread-1] INFO  server.RaftServerConfigKeys (ConfUtils.java:logGet(43)) - raft.server.sleep.deviation.threshold = 300 (default)
2019-10-24 07:32:27,853 [pool-37-thread-1] INFO  server.RaftServerConfigKeys (ConfUtils.java:logGet(43)) - raft.server.log.appender.install.snapshot.enabled = false (custom)
2019-10-24 07:32:27,853 [pool-37-thread-1] INFO  impl.RaftServerImpl (ServerState.java:<init>(103)) - 1511a8b7-2741-4c2d-9317-1899631fe9c9@group-5D78F095CFE9: ConfigurationManager, init=-1: [1511a8b7-2741-4c2d-9317-1899631fe9c9:192.168.164.194:43544], old=null, confs=<EMPTY_MAP>
2019-10-24 07:32:27,854 [pool-37-thread-1] INFO  server.RaftServerConfigKeys (ConfUtils.java:logGet(43)) - raft.server.storage.dir = [/workdir/hadoop-ozone/integration-test/target/test-dir/MiniOzoneClusterImpl-94783617-520d-431f-bfa8-8bf76244d9bc/datanode-1/data/ratis] (custom)
2019-10-24 07:32:27,854 [pool-37-thread-1] INFO  server.RaftServerConfigKeys (ConfUtils.java:logGet(43)) - raft.server.log.corruption.policy = EXCEPTION (default)
2019-10-24 07:32:27,854 [pool-37-thread-1] INFO  storage.RaftStorageDirectory (RaftStorageDirectory.java:analyzeStorage(246)) - The storage directory /workdir/hadoop-ozone/integration-test/target/test-dir/MiniOzoneClusterImpl-94783617-520d-431f-bfa8-8bf76244d9bc/datanode-1/data/ratis/41465c13-b81c-44af-b4de-5d78f095cfe9 does not exist. Creating ...
2019-10-24 07:32:27,869 [pool-37-thread-1] INFO  storage.RaftStorageDirectory (RaftStorageDirectory.java:tryLock(328)) - Lock on /workdir/hadoop-ozone/integration-test/target/test-dir/MiniOzoneClusterImpl-94783617-520d-431f-bfa8-8bf76244d9bc/datanode-1/data/ratis/41465c13-b81c-44af-b4de-5d78f095cfe9/in_use.lock acquired by nodename 15539@pr-hdds-1569-mb8zc-4097773718
2019-10-24 07:32:27,885 [pool-37-thread-1] INFO  storage.RaftStorage (RaftStorage.java:format(84)) - Storage directory /workdir/hadoop-ozone/integration-test/target/test-dir/MiniOzoneClusterImpl-94783617-520d-431f-bfa8-8bf76244d9bc/datanode-1/data/ratis/41465c13-b81c-44af-b4de-5d78f095cfe9 has been successfully formatted.
2019-10-24 07:32:27,886 [pool-37-thread-1] INFO  ratis.ContainerStateMachine (ContainerStateMachine.java:loadSnapshot(231)) - group-5D78F095CFE9: The snapshot info is null. Setting the last applied indexto:(t:0, i:~)
2019-10-24 07:32:27,887 [pool-37-thread-1] INFO  server.RaftServerConfigKeys (ConfUtils.java:logGet(43)) - raft.server.notification.no-leader.timeout = 1000s (custom)
2019-10-24 07:32:27,888 [pool-37-thread-1] INFO  server.RaftServerConfigKeys (ConfUtils.java:logGet(43)) - raft.server.log.use.memory = false (default)
2019-10-24 07:32:27,888 [pool-37-thread-1] INFO  server.RaftServerConfigKeys (ConfUtils.java:logGet(43)) - raft.server.log.purge.gap = 1000000 (custom)
2019-10-24 07:32:27,888 [pool-37-thread-1] INFO  server.RaftServerConfigKeys (ConfUtils.java:logGet(43)) - raft.server.log.appender.buffer.byte-limit = 33554432 (custom)
2019-10-24 07:32:27,888 [pool-37-thread-1] INFO  server.RaftServerConfigKeys (ConfUtils.java:logGet(43)) - raft.server.log.segment.size.max = 1048576 (custom)
2019-10-24 07:32:27,894 [pool-37-thread-1] INFO  server.RaftServerConfigKeys (ConfUtils.java:logGet(43)) - raft.server.log.segment.cache.num.max = 2 (custom)
2019-10-24 07:32:27,895 [pool-37-thread-1] INFO  segmented.SegmentedRaftLogWorker (SegmentedRaftLogWorker.java:<init>(173)) - new 1511a8b7-2741-4c2d-9317-1899631fe9c9@group-5D78F095CFE9-SegmentedRaftLogWorker for RaftStorage:Storage Directory /workdir/hadoop-ozone/integration-test/target/test-dir/MiniOzoneClusterImpl-94783617-520d-431f-bfa8-8bf76244d9bc/datanode-1/data/ratis/41465c13-b81c-44af-b4de-5d78f095cfe9
2019-10-24 07:32:27,896 [pool-37-thread-1] INFO  server.RaftServerConfigKeys (ConfUtils.java:logGet(43)) - raft.server.log.queue.byte-limit = 2147483647 (custom)
2019-10-24 07:32:27,896 [pool-37-thread-1] INFO  server.RaftServerConfigKeys (ConfUtils.java:logGet(43)) - raft.server.log.queue.element-limit = 1024 (custom)
2019-10-24 07:32:27,896 [pool-37-thread-1] INFO  server.RaftServerConfigKeys (ConfUtils.java:logGet(43)) - raft.server.log.segment.size.max = 1048576 (custom)
2019-10-24 07:32:27,896 [pool-37-thread-1] INFO  server.RaftServerConfigKeys (ConfUtils.java:logGet(43)) - raft.server.log.preallocated.size = 16384 (custom)
2019-10-24 07:32:27,896 [pool-37-thread-1] INFO  server.RaftServerConfigKeys (ConfUtils.java:logGet(43)) - raft.server.log.write.buffer.size = 33554432 (custom)
2019-10-24 07:32:27,897 [pool-37-thread-1] INFO  server.RaftServerConfigKeys (ConfUtils.java:logGet(43)) - raft.server.log.force.sync.num = 128 (default)
2019-10-24 07:32:27,897 [pool-37-thread-1] INFO  server.RaftServerConfigKeys (ConfUtils.java:logGet(43)) - raft.server.log.statemachine.data.sync = true (default)
2019-10-24 07:32:27,897 [pool-37-thread-1] INFO  server.RaftServerConfigKeys (ConfUtils.java:logGet(43)) - raft.server.log.statemachine.data.sync.timeout = 10s (default)
2019-10-24 07:32:27,897 [pool-37-thread-1] INFO  server.RaftServerConfigKeys (ConfUtils.java:logGet(43)) - raft.server.log.statemachine.data.sync.timeout.retry = -1 (default)
2019-10-24 07:32:27,898 [pool-37-thread-1] INFO  server.RaftServerConfigKeys (ConfUtils.java:logGet(43)) - raft.server.log.statemachine.data.caching.enabled = true (custom)
2019-10-24 07:32:27,899 [pool-37-thread-1] INFO  segmented.SegmentedRaftLogWorker (SegmentedRaftLogWorker.java:lambda$new$0(128)) - 1511a8b7-2741-4c2d-9317-1899631fe9c9@group-5D78F095CFE9-SegmentedRaftLogWorker: flushIndex: setUnconditionally 0 -> -1
2019-10-24 07:32:27,899 [pool-37-thread-1] INFO  server.RaftServerConfigKeys (ConfUtils.java:logGet(43)) - raft.server.snapshot.auto.trigger.enabled = true (custom)
2019-10-24 07:32:27,899 [pool-37-thread-1] INFO  server.RaftServerConfigKeys (ConfUtils.java:logGet(43)) - raft.server.snapshot.auto.trigger.threshold = 10000 (custom)
2019-10-24 07:32:27,900 [pool-37-thread-1] INFO  server.RaftServerConfigKeys (ConfUtils.java:logGet(43)) - raft.server.snapshot.retention.file.num = 5 (custom)
2019-10-24 07:32:27,900 [pool-37-thread-1] INFO  server.RaftServerConfigKeys (ConfUtils.java:logGet(43)) - raft.server.retrycache.expirytime = 600000ms (custom)
2019-10-24 07:32:27,905 [pool-37-thread-1] INFO  impl.RaftServerImpl (RaftServerImpl.java:start(181)) - 1511a8b7-2741-4c2d-9317-1899631fe9c9@group-5D78F095CFE9: start as a follower, conf=-1: [1511a8b7-2741-4c2d-9317-1899631fe9c9:192.168.164.194:43544], old=null
2019-10-24 07:32:27,905 [pool-37-thread-1] INFO  impl.RaftServerImpl (RaftServerImpl.java:setRole(170)) - 1511a8b7-2741-4c2d-9317-1899631fe9c9@group-5D78F095CFE9: changes role from      null to FOLLOWER at term 0 for startAsFollower
2019-10-24 07:32:27,906 [pool-37-thread-1] INFO  impl.RoleInfo (RoleInfo.java:updateAndGet(143)) - 1511a8b7-2741-4c2d-9317-1899631fe9c9: start FollowerState
2019-10-24 07:32:27,907 [pool-37-thread-1] INFO  util.JmxRegister (JmxRegister.java:tryRegister(44)) - Successfully registered JMX Bean with object name Ratis:service=RaftServer,group=group-5D78F095CFE9,id=1511a8b7-2741-4c2d-9317-1899631fe9c9
2019-10-24 07:32:27,925 [RatisPipelineUtilsThread] INFO  pipeline.PipelineStateManager (PipelineStateManager.java:addPipeline(56)) - Created pipeline Pipeline[ Id: 41465c13-b81c-44af-b4de-5d78f095cfe9, Nodes: 1511a8b7-2741-4c2d-9317-1899631fe9c9{ip: 192.168.164.194, host: pr-hdds-1569-mb8zc-4097773718, networkLocation: /default-rack, certSerialId: null}, Type:RATIS, Factor:ONE, State:OPEN]
2019-10-24 07:32:27,945 [grpc-default-executor-0] INFO  impl.RaftServerProxy (RaftServerProxy.java:addNew(89)) - 6f89809c-7abc-423e-b97b-03c6b4343e46: addNew group-8A24D736DBE7:[6f89809c-7abc-423e-b97b-03c6b4343e46:192.168.164.194:43246] returns group-8A24D736DBE7:java.util.concurrent.CompletableFuture@6f4db57d[Not completed]
2019-10-24 07:32:27,962 [pool-47-thread-1] INFO  impl.RaftServerImpl (RaftServerImpl.java:<init>(95)) - 6f89809c-7abc-423e-b97b-03c6b4343e46: new RaftServerImpl for group-8A24D736DBE7:[6f89809c-7abc-423e-b97b-03c6b4343e46:192.168.164.194:43246] with ContainerStateMachine:uninitialized
2019-10-24 07:32:27,963 [pool-47-thread-1] INFO  server.RaftServerConfigKeys (ConfUtils.java:logGet(43)) - raft.server.rpc.timeout.min = 5s (custom)
2019-10-24 07:32:27,963 [pool-47-thread-1] INFO  server.RaftServerConfigKeys (ConfUtils.java:logGet(43)) - raft.server.rpc.timeout.max = 5200ms (custom)
2019-10-24 07:32:27,964 [pool-47-thread-1] INFO  server.RaftServerConfigKeys (ConfUtils.java:logGet(43)) - raft.server.rpcslowness.timeout = 1000s (custom)
2019-10-24 07:32:27,964 [pool-47-thread-1] INFO  server.RaftServerConfigKeys (ConfUtils.java:logGet(43)) - raft.server.sleep.deviation.threshold = 300 (default)
2019-10-24 07:32:27,964 [pool-47-thread-1] INFO  server.RaftServerConfigKeys (ConfUtils.java:logGet(43)) - raft.server.log.appender.install.snapshot.enabled = false (custom)
2019-10-24 07:32:27,964 [pool-47-thread-1] INFO  impl.RaftServerImpl (ServerState.java:<init>(103)) - 6f89809c-7abc-423e-b97b-03c6b4343e46@group-8A24D736DBE7: ConfigurationManager, init=-1: [6f89809c-7abc-423e-b97b-03c6b4343e46:192.168.164.194:43246], old=null, confs=<EMPTY_MAP>
2019-10-24 07:32:27,964 [pool-47-thread-1] INFO  server.RaftServerConfigKeys (ConfUtils.java:logGet(43)) - raft.server.storage.dir = [/workdir/hadoop-ozone/integration-test/target/test-dir/MiniOzoneClusterImpl-94783617-520d-431f-bfa8-8bf76244d9bc/datanode-2/data/ratis] (custom)
2019-10-24 07:32:27,965 [pool-47-thread-1] INFO  server.RaftServerConfigKeys (ConfUtils.java:logGet(43)) - raft.server.log.corruption.policy = EXCEPTION (default)
2019-10-24 07:32:27,965 [pool-47-thread-1] INFO  storage.RaftStorageDirectory (RaftStorageDirectory.java:analyzeStorage(246)) - The storage directory /workdir/hadoop-ozone/integration-test/target/test-dir/MiniOzoneClusterImpl-94783617-520d-431f-bfa8-8bf76244d9bc/datanode-2/data/ratis/ffad6123-6fe5-4f68-bbb8-8a24d736dbe7 does not exist. Creating ...
2019-10-24 07:32:27,990 [pool-47-thread-1] INFO  storage.RaftStorageDirectory (RaftStorageDirectory.java:tryLock(328)) - Lock on /workdir/hadoop-ozone/integration-test/target/test-dir/MiniOzoneClusterImpl-94783617-520d-431f-bfa8-8bf76244d9bc/datanode-2/data/ratis/ffad6123-6fe5-4f68-bbb8-8a24d736dbe7/in_use.lock acquired by nodename 15539@pr-hdds-1569-mb8zc-4097773718
2019-10-24 07:32:28,003 [pool-47-thread-1] INFO  storage.RaftStorage (RaftStorage.java:format(84)) - Storage directory /workdir/hadoop-ozone/integration-test/target/test-dir/MiniOzoneClusterImpl-94783617-520d-431f-bfa8-8bf76244d9bc/datanode-2/data/ratis/ffad6123-6fe5-4f68-bbb8-8a24d736dbe7 has been successfully formatted.
2019-10-24 07:32:28,004 [pool-47-thread-1] INFO  ratis.ContainerStateMachine (ContainerStateMachine.java:loadSnapshot(231)) - group-8A24D736DBE7: The snapshot info is null. Setting the last applied indexto:(t:0, i:~)
2019-10-24 07:32:28,004 [pool-47-thread-1] INFO  server.RaftServerConfigKeys (ConfUtils.java:logGet(43)) - raft.server.notification.no-leader.timeout = 1000s (custom)
2019-10-24 07:32:28,004 [pool-47-thread-1] INFO  server.RaftServerConfigKeys (ConfUtils.java:logGet(43)) - raft.server.log.use.memory = false (default)
2019-10-24 07:32:28,005 [pool-47-thread-1] INFO  server.RaftServerConfigKeys (ConfUtils.java:logGet(43)) - raft.server.log.purge.gap = 1000000 (custom)
2019-10-24 07:32:28,005 [pool-47-thread-1] INFO  server.RaftServerConfigKeys (ConfUtils.java:logGet(43)) - raft.server.log.appender.buffer.byte-limit = 33554432 (custom)
2019-10-24 07:32:28,005 [pool-47-thread-1] INFO  server.RaftServerConfigKeys (ConfUtils.java:logGet(43)) - raft.server.log.segment.size.max = 1048576 (custom)
2019-10-24 07:32:28,025 [pool-47-thread-1] INFO  server.RaftServerConfigKeys (ConfUtils.java:logGet(43)) - raft.server.log.segment.cache.num.max = 2 (custom)
2019-10-24 07:32:28,025 [pool-47-thread-1] INFO  segmented.SegmentedRaftLogWorker (SegmentedRaftLogWorker.java:<init>(173)) - new 6f89809c-7abc-423e-b97b-03c6b4343e46@group-8A24D736DBE7-SegmentedRaftLogWorker for RaftStorage:Storage Directory /workdir/hadoop-ozone/integration-test/target/test-dir/MiniOzoneClusterImpl-94783617-520d-431f-bfa8-8bf76244d9bc/datanode-2/data/ratis/ffad6123-6fe5-4f68-bbb8-8a24d736dbe7
2019-10-24 07:32:28,025 [pool-47-thread-1] INFO  server.RaftServerConfigKeys (ConfUtils.java:logGet(43)) - raft.server.log.queue.byte-limit = 2147483647 (custom)
2019-10-24 07:32:28,025 [pool-47-thread-1] INFO  server.RaftServerConfigKeys (ConfUtils.java:logGet(43)) - raft.server.log.queue.element-limit = 1024 (custom)
2019-10-24 07:32:28,025 [pool-47-thread-1] INFO  server.RaftServerConfigKeys (ConfUtils.java:logGet(43)) - raft.server.log.segment.size.max = 1048576 (custom)
2019-10-24 07:32:28,026 [pool-47-thread-1] INFO  server.RaftServerConfigKeys (ConfUtils.java:logGet(43)) - raft.server.log.preallocated.size = 16384 (custom)
2019-10-24 07:32:28,026 [pool-47-thread-1] INFO  server.RaftServerConfigKeys (ConfUtils.java:logGet(43)) - raft.server.log.write.buffer.size = 33554432 (custom)
2019-10-24 07:32:28,026 [pool-47-thread-1] INFO  server.RaftServerConfigKeys (ConfUtils.java:logGet(43)) - raft.server.log.force.sync.num = 128 (default)
2019-10-24 07:32:28,026 [pool-47-thread-1] INFO  server.RaftServerConfigKeys (ConfUtils.java:logGet(43)) - raft.server.log.statemachine.data.sync = true (default)
2019-10-24 07:32:28,026 [pool-47-thread-1] INFO  server.RaftServerConfigKeys (ConfUtils.java:logGet(43)) - raft.server.log.statemachine.data.sync.timeout = 10s (default)
2019-10-24 07:32:28,026 [pool-47-thread-1] INFO  server.RaftServerConfigKeys (ConfUtils.java:logGet(43)) - raft.server.log.statemachine.data.sync.timeout.retry = -1 (default)
2019-10-24 07:32:28,027 [pool-47-thread-1] INFO  server.RaftServerConfigKeys (ConfUtils.java:logGet(43)) - raft.server.log.statemachine.data.caching.enabled = true (custom)
2019-10-24 07:32:28,028 [pool-47-thread-1] INFO  segmented.SegmentedRaftLogWorker (SegmentedRaftLogWorker.java:lambda$new$0(128)) - 6f89809c-7abc-423e-b97b-03c6b4343e46@group-8A24D736DBE7-SegmentedRaftLogWorker: flushIndex: setUnconditionally 0 -> -1
2019-10-24 07:32:28,028 [pool-47-thread-1] INFO  server.RaftServerConfigKeys (ConfUtils.java:logGet(43)) - raft.server.snapshot.auto.trigger.enabled = true (custom)
2019-10-24 07:32:28,028 [pool-47-thread-1] INFO  server.RaftServerConfigKeys (ConfUtils.java:logGet(43)) - raft.server.snapshot.auto.trigger.threshold = 10000 (custom)
2019-10-24 07:32:28,029 [pool-47-thread-1] INFO  server.RaftServerConfigKeys (ConfUtils.java:logGet(43)) - raft.server.snapshot.retention.file.num = 5 (custom)
2019-10-24 07:32:28,029 [pool-47-thread-1] INFO  server.RaftServerConfigKeys (ConfUtils.java:logGet(43)) - raft.server.retrycache.expirytime = 600000ms (custom)
2019-10-24 07:32:28,034 [pool-47-thread-1] INFO  impl.RaftServerImpl (RaftServerImpl.java:start(181)) - 6f89809c-7abc-423e-b97b-03c6b4343e46@group-8A24D736DBE7: start as a follower, conf=-1: [6f89809c-7abc-423e-b97b-03c6b4343e46:192.168.164.194:43246], old=null
2019-10-24 07:32:28,034 [pool-47-thread-1] INFO  impl.RaftServerImpl (RaftServerImpl.java:setRole(170)) - 6f89809c-7abc-423e-b97b-03c6b4343e46@group-8A24D736DBE7: changes role from      null to FOLLOWER at term 0 for startAsFollower
2019-10-24 07:32:28,034 [pool-47-thread-1] INFO  impl.RoleInfo (RoleInfo.java:updateAndGet(143)) - 6f89809c-7abc-423e-b97b-03c6b4343e46: start FollowerState
2019-10-24 07:32:28,035 [pool-47-thread-1] INFO  util.JmxRegister (JmxRegister.java:tryRegister(44)) - Successfully registered JMX Bean with object name Ratis:service=RaftServer,group=group-8A24D736DBE7,id=6f89809c-7abc-423e-b97b-03c6b4343e46
2019-10-24 07:32:28,049 [RatisPipelineUtilsThread] INFO  pipeline.PipelineStateManager (PipelineStateManager.java:addPipeline(56)) - Created pipeline Pipeline[ Id: ffad6123-6fe5-4f68-bbb8-8a24d736dbe7, Nodes: 6f89809c-7abc-423e-b97b-03c6b4343e46{ip: 192.168.164.194, host: pr-hdds-1569-mb8zc-4097773718, networkLocation: /default-rack, certSerialId: null}, Type:RATIS, Factor:ONE, State:OPEN]
2019-10-24 07:32:28,052 [RatisPipelineUtilsThread] ERROR pipeline.SCMPipelineManager (SCMPipelineManager.java:createPipeline(161)) - Pipeline creation failed.
org.apache.hadoop.hdds.scm.exceptions.SCMException: Cannot create pipeline of factor 1 using 0 nodes. Used 3 nodes. Healthy nodes 3
	at org.apache.hadoop.hdds.scm.pipeline.RatisPipelineProvider.pickNodesNeverUsed(RatisPipelineProvider.java:128)
	at org.apache.hadoop.hdds.scm.pipeline.RatisPipelineProvider.create(RatisPipelineProvider.java:174)
	at org.apache.hadoop.hdds.scm.pipeline.PipelineFactory.create(PipelineFactory.java:58)
	at org.apache.hadoop.hdds.scm.pipeline.SCMPipelineManager.createPipeline(SCMPipelineManager.java:151)
	at org.apache.hadoop.hdds.scm.pipeline.BackgroundPipelineCreator.createPipelines(BackgroundPipelineCreator.java:100)
	at java.util.concurrent.Executors$RunnableAdapter.call(Executors.java:511)
	at java.util.concurrent.FutureTask.run(FutureTask.java:266)
	at java.util.concurrent.ScheduledThreadPoolExecutor$ScheduledFutureTask.access$201(ScheduledThreadPoolExecutor.java:180)
	at java.util.concurrent.ScheduledThreadPoolExecutor$ScheduledFutureTask.run(ScheduledThreadPoolExecutor.java:293)
	at java.util.concurrent.ThreadPoolExecutor.runWorker(ThreadPoolExecutor.java:1149)
	at java.util.concurrent.ThreadPoolExecutor$Worker.run(ThreadPoolExecutor.java:624)
	at java.lang.Thread.run(Thread.java:748)
2019-10-24 07:32:28,094 [grpc-default-executor-1] INFO  impl.RaftServerProxy (RaftServerProxy.java:addNew(89)) - 1511a8b7-2741-4c2d-9317-1899631fe9c9: addNew group-870F7E70D6B1:[e0ed10f2-3224-42fb-9fee-fcf0e55d7c66:192.168.164.194:44281, 1511a8b7-2741-4c2d-9317-1899631fe9c9:192.168.164.194:43544, 6f89809c-7abc-423e-b97b-03c6b4343e46:192.168.164.194:43246] returns group-870F7E70D6B1:java.util.concurrent.CompletableFuture@3fb76440[Not completed]
2019-10-24 07:32:28,096 [grpc-default-executor-1] INFO  impl.RaftServerProxy (RaftServerProxy.java:addNew(89)) - 6f89809c-7abc-423e-b97b-03c6b4343e46: addNew group-870F7E70D6B1:[e0ed10f2-3224-42fb-9fee-fcf0e55d7c66:192.168.164.194:44281, 1511a8b7-2741-4c2d-9317-1899631fe9c9:192.168.164.194:43544, 6f89809c-7abc-423e-b97b-03c6b4343e46:192.168.164.194:43246] returns group-870F7E70D6B1:java.util.concurrent.CompletableFuture@7ab5fdd2[Not completed]
2019-10-24 07:32:28,097 [grpc-default-executor-2] INFO  impl.RaftServerProxy (RaftServerProxy.java:addNew(89)) - e0ed10f2-3224-42fb-9fee-fcf0e55d7c66: addNew group-870F7E70D6B1:[e0ed10f2-3224-42fb-9fee-fcf0e55d7c66:192.168.164.194:44281, 1511a8b7-2741-4c2d-9317-1899631fe9c9:192.168.164.194:43544, 6f89809c-7abc-423e-b97b-03c6b4343e46:192.168.164.194:43246] returns group-870F7E70D6B1:java.util.concurrent.CompletableFuture@6aff729a[Not completed]
2019-10-24 07:32:28,097 [pool-37-thread-1] INFO  impl.RaftServerImpl (RaftServerImpl.java:<init>(95)) - 1511a8b7-2741-4c2d-9317-1899631fe9c9: new RaftServerImpl for group-870F7E70D6B1:[e0ed10f2-3224-42fb-9fee-fcf0e55d7c66:192.168.164.194:44281, 1511a8b7-2741-4c2d-9317-1899631fe9c9:192.168.164.194:43544, 6f89809c-7abc-423e-b97b-03c6b4343e46:192.168.164.194:43246] with ContainerStateMachine:uninitialized
2019-10-24 07:32:28,097 [pool-37-thread-1] INFO  server.RaftServerConfigKeys (ConfUtils.java:logGet(43)) - raft.server.rpc.timeout.min = 5s (custom)
2019-10-24 07:32:28,098 [pool-37-thread-1] INFO  server.RaftServerConfigKeys (ConfUtils.java:logGet(43)) - raft.server.rpc.timeout.max = 5200ms (custom)
2019-10-24 07:32:28,098 [pool-37-thread-1] INFO  server.RaftServerConfigKeys (ConfUtils.java:logGet(43)) - raft.server.rpcslowness.timeout = 1000s (custom)
2019-10-24 07:32:28,098 [pool-37-thread-1] INFO  server.RaftServerConfigKeys (ConfUtils.java:logGet(43)) - raft.server.sleep.deviation.threshold = 300 (default)
2019-10-24 07:32:28,098 [pool-37-thread-1] INFO  server.RaftServerConfigKeys (ConfUtils.java:logGet(43)) - raft.server.log.appender.install.snapshot.enabled = false (custom)
2019-10-24 07:32:28,098 [pool-37-thread-1] INFO  impl.RaftServerImpl (ServerState.java:<init>(103)) - 1511a8b7-2741-4c2d-9317-1899631fe9c9@group-870F7E70D6B1: ConfigurationManager, init=-1: [e0ed10f2-3224-42fb-9fee-fcf0e55d7c66:192.168.164.194:44281, 1511a8b7-2741-4c2d-9317-1899631fe9c9:192.168.164.194:43544, 6f89809c-7abc-423e-b97b-03c6b4343e46:192.168.164.194:43246], old=null, confs=<EMPTY_MAP>
2019-10-24 07:32:28,099 [pool-47-thread-1] INFO  impl.RaftServerImpl (RaftServerImpl.java:<init>(95)) - 6f89809c-7abc-423e-b97b-03c6b4343e46: new RaftServerImpl for group-870F7E70D6B1:[e0ed10f2-3224-42fb-9fee-fcf0e55d7c66:192.168.164.194:44281, 1511a8b7-2741-4c2d-9317-1899631fe9c9:192.168.164.194:43544, 6f89809c-7abc-423e-b97b-03c6b4343e46:192.168.164.194:43246] with ContainerStateMachine:uninitialized
2019-10-24 07:32:28,099 [pool-37-thread-1] INFO  server.RaftServerConfigKeys (ConfUtils.java:logGet(43)) - raft.server.storage.dir = [/workdir/hadoop-ozone/integration-test/target/test-dir/MiniOzoneClusterImpl-94783617-520d-431f-bfa8-8bf76244d9bc/datanode-1/data/ratis] (custom)
2019-10-24 07:32:28,099 [pool-47-thread-1] INFO  server.RaftServerConfigKeys (ConfUtils.java:logGet(43)) - raft.server.rpc.timeout.min = 5s (custom)
2019-10-24 07:32:28,099 [pool-47-thread-1] INFO  server.RaftServerConfigKeys (ConfUtils.java:logGet(43)) - raft.server.rpc.timeout.max = 5200ms (custom)
2019-10-24 07:32:28,100 [pool-37-thread-1] INFO  server.RaftServerConfigKeys (ConfUtils.java:logGet(43)) - raft.server.log.corruption.policy = EXCEPTION (default)
2019-10-24 07:32:28,100 [pool-47-thread-1] INFO  server.RaftServerConfigKeys (ConfUtils.java:logGet(43)) - raft.server.rpcslowness.timeout = 1000s (custom)
2019-10-24 07:32:28,100 [pool-37-thread-1] INFO  storage.RaftStorageDirectory (RaftStorageDirectory.java:analyzeStorage(246)) - The storage directory /workdir/hadoop-ozone/integration-test/target/test-dir/MiniOzoneClusterImpl-94783617-520d-431f-bfa8-8bf76244d9bc/datanode-1/data/ratis/c690a9b5-90d2-4057-86e6-870f7e70d6b1 does not exist. Creating ...
2019-10-24 07:32:28,100 [pool-27-thread-1] INFO  impl.RaftServerImpl (RaftServerImpl.java:<init>(95)) - e0ed10f2-3224-42fb-9fee-fcf0e55d7c66: new RaftServerImpl for group-870F7E70D6B1:[e0ed10f2-3224-42fb-9fee-fcf0e55d7c66:192.168.164.194:44281, 1511a8b7-2741-4c2d-9317-1899631fe9c9:192.168.164.194:43544, 6f89809c-7abc-423e-b97b-03c6b4343e46:192.168.164.194:43246] with ContainerStateMachine:uninitialized
2019-10-24 07:32:28,100 [pool-47-thread-1] INFO  server.RaftServerConfigKeys (ConfUtils.java:logGet(43)) - raft.server.sleep.deviation.threshold = 300 (default)
2019-10-24 07:32:28,100 [pool-27-thread-1] INFO  server.RaftServerConfigKeys (ConfUtils.java:logGet(43)) - raft.server.rpc.timeout.min = 5s (custom)
2019-10-24 07:32:28,100 [pool-47-thread-1] INFO  server.RaftServerConfigKeys (ConfUtils.java:logGet(43)) - raft.server.log.appender.install.snapshot.enabled = false (custom)
2019-10-24 07:32:28,101 [pool-27-thread-1] INFO  server.RaftServerConfigKeys (ConfUtils.java:logGet(43)) - raft.server.rpc.timeout.max = 5200ms (custom)
2019-10-24 07:32:28,101 [pool-47-thread-1] INFO  impl.RaftServerImpl (ServerState.java:<init>(103)) - 6f89809c-7abc-423e-b97b-03c6b4343e46@group-870F7E70D6B1: ConfigurationManager, init=-1: [e0ed10f2-3224-42fb-9fee-fcf0e55d7c66:192.168.164.194:44281, 1511a8b7-2741-4c2d-9317-1899631fe9c9:192.168.164.194:43544, 6f89809c-7abc-423e-b97b-03c6b4343e46:192.168.164.194:43246], old=null, confs=<EMPTY_MAP>
2019-10-24 07:32:28,101 [pool-27-thread-1] INFO  server.RaftServerConfigKeys (ConfUtils.java:logGet(43)) - raft.server.rpcslowness.timeout = 1000s (custom)
2019-10-24 07:32:28,101 [pool-47-thread-1] INFO  server.RaftServerConfigKeys (ConfUtils.java:logGet(43)) - raft.server.storage.dir = [/workdir/hadoop-ozone/integration-test/target/test-dir/MiniOzoneClusterImpl-94783617-520d-431f-bfa8-8bf76244d9bc/datanode-2/data/ratis] (custom)
2019-10-24 07:32:28,101 [pool-27-thread-1] INFO  server.RaftServerConfigKeys (ConfUtils.java:logGet(43)) - raft.server.sleep.deviation.threshold = 300 (default)
2019-10-24 07:32:28,102 [pool-27-thread-1] INFO  server.RaftServerConfigKeys (ConfUtils.java:logGet(43)) - raft.server.log.appender.install.snapshot.enabled = false (custom)
2019-10-24 07:32:28,102 [pool-47-thread-1] INFO  server.RaftServerConfigKeys (ConfUtils.java:logGet(43)) - raft.server.log.corruption.policy = EXCEPTION (default)
2019-10-24 07:32:28,102 [pool-27-thread-1] INFO  impl.RaftServerImpl (ServerState.java:<init>(103)) - e0ed10f2-3224-42fb-9fee-fcf0e55d7c66@group-870F7E70D6B1: ConfigurationManager, init=-1: [e0ed10f2-3224-42fb-9fee-fcf0e55d7c66:192.168.164.194:44281, 1511a8b7-2741-4c2d-9317-1899631fe9c9:192.168.164.194:43544, 6f89809c-7abc-423e-b97b-03c6b4343e46:192.168.164.194:43246], old=null, confs=<EMPTY_MAP>
2019-10-24 07:32:28,102 [pool-47-thread-1] INFO  storage.RaftStorageDirectory (RaftStorageDirectory.java:analyzeStorage(246)) - The storage directory /workdir/hadoop-ozone/integration-test/target/test-dir/MiniOzoneClusterImpl-94783617-520d-431f-bfa8-8bf76244d9bc/datanode-2/data/ratis/c690a9b5-90d2-4057-86e6-870f7e70d6b1 does not exist. Creating ...
2019-10-24 07:32:28,102 [pool-27-thread-1] INFO  server.RaftServerConfigKeys (ConfUtils.java:logGet(43)) - raft.server.storage.dir = [/workdir/hadoop-ozone/integration-test/target/test-dir/MiniOzoneClusterImpl-94783617-520d-431f-bfa8-8bf76244d9bc/datanode-0/data/ratis] (custom)
2019-10-24 07:32:28,103 [pool-27-thread-1] INFO  server.RaftServerConfigKeys (ConfUtils.java:logGet(43)) - raft.server.log.corruption.policy = EXCEPTION (default)
2019-10-24 07:32:28,103 [pool-27-thread-1] INFO  storage.RaftStorageDirectory (RaftStorageDirectory.java:analyzeStorage(246)) - The storage directory /workdir/hadoop-ozone/integration-test/target/test-dir/MiniOzoneClusterImpl-94783617-520d-431f-bfa8-8bf76244d9bc/datanode-0/data/ratis/c690a9b5-90d2-4057-86e6-870f7e70d6b1 does not exist. Creating ...
2019-10-24 07:32:28,125 [pool-47-thread-1] INFO  storage.RaftStorageDirectory (RaftStorageDirectory.java:tryLock(328)) - Lock on /workdir/hadoop-ozone/integration-test/target/test-dir/MiniOzoneClusterImpl-94783617-520d-431f-bfa8-8bf76244d9bc/datanode-2/data/ratis/c690a9b5-90d2-4057-86e6-870f7e70d6b1/in_use.lock acquired by nodename 15539@pr-hdds-1569-mb8zc-4097773718
2019-10-24 07:32:28,125 [pool-37-thread-1] INFO  storage.RaftStorageDirectory (RaftStorageDirectory.java:tryLock(328)) - Lock on /workdir/hadoop-ozone/integration-test/target/test-dir/MiniOzoneClusterImpl-94783617-520d-431f-bfa8-8bf76244d9bc/datanode-1/data/ratis/c690a9b5-90d2-4057-86e6-870f7e70d6b1/in_use.lock acquired by nodename 15539@pr-hdds-1569-mb8zc-4097773718
2019-10-24 07:32:28,125 [pool-27-thread-1] INFO  storage.RaftStorageDirectory (RaftStorageDirectory.java:tryLock(328)) - Lock on /workdir/hadoop-ozone/integration-test/target/test-dir/MiniOzoneClusterImpl-94783617-520d-431f-bfa8-8bf76244d9bc/datanode-0/data/ratis/c690a9b5-90d2-4057-86e6-870f7e70d6b1/in_use.lock acquired by nodename 15539@pr-hdds-1569-mb8zc-4097773718
2019-10-24 07:32:28,152 [pool-27-thread-1] INFO  storage.RaftStorage (RaftStorage.java:format(84)) - Storage directory /workdir/hadoop-ozone/integration-test/target/test-dir/MiniOzoneClusterImpl-94783617-520d-431f-bfa8-8bf76244d9bc/datanode-0/data/ratis/c690a9b5-90d2-4057-86e6-870f7e70d6b1 has been successfully formatted.
2019-10-24 07:32:28,152 [pool-37-thread-1] INFO  storage.RaftStorage (RaftStorage.java:format(84)) - Storage directory /workdir/hadoop-ozone/integration-test/target/test-dir/MiniOzoneClusterImpl-94783617-520d-431f-bfa8-8bf76244d9bc/datanode-1/data/ratis/c690a9b5-90d2-4057-86e6-870f7e70d6b1 has been successfully formatted.
2019-10-24 07:32:28,152 [pool-47-thread-1] INFO  storage.RaftStorage (RaftStorage.java:format(84)) - Storage directory /workdir/hadoop-ozone/integration-test/target/test-dir/MiniOzoneClusterImpl-94783617-520d-431f-bfa8-8bf76244d9bc/datanode-2/data/ratis/c690a9b5-90d2-4057-86e6-870f7e70d6b1 has been successfully formatted.
2019-10-24 07:32:28,152 [pool-27-thread-1] INFO  ratis.ContainerStateMachine (ContainerStateMachine.java:loadSnapshot(231)) - group-870F7E70D6B1: The snapshot info is null. Setting the last applied indexto:(t:0, i:~)
2019-10-24 07:32:28,152 [pool-37-thread-1] INFO  ratis.ContainerStateMachine (ContainerStateMachine.java:loadSnapshot(231)) - group-870F7E70D6B1: The snapshot info is null. Setting the last applied indexto:(t:0, i:~)
2019-10-24 07:32:28,152 [pool-27-thread-1] INFO  server.RaftServerConfigKeys (ConfUtils.java:logGet(43)) - raft.server.notification.no-leader.timeout = 1000s (custom)
2019-10-24 07:32:28,153 [pool-37-thread-1] INFO  server.RaftServerConfigKeys (ConfUtils.java:logGet(43)) - raft.server.notification.no-leader.timeout = 1000s (custom)
2019-10-24 07:32:28,153 [pool-47-thread-1] INFO  ratis.ContainerStateMachine (ContainerStateMachine.java:loadSnapshot(231)) - group-870F7E70D6B1: The snapshot info is null. Setting the last applied indexto:(t:0, i:~)
2019-10-24 07:32:28,153 [pool-37-thread-1] INFO  server.RaftServerConfigKeys (ConfUtils.java:logGet(43)) - raft.server.log.use.memory = false (default)
2019-10-24 07:32:28,153 [pool-27-thread-1] INFO  server.RaftServerConfigKeys (ConfUtils.java:logGet(43)) - raft.server.log.use.memory = false (default)
2019-10-24 07:32:28,153 [pool-37-thread-1] INFO  server.RaftServerConfigKeys (ConfUtils.java:logGet(43)) - raft.server.log.purge.gap = 1000000 (custom)
2019-10-24 07:32:28,153 [pool-47-thread-1] INFO  server.RaftServerConfigKeys (ConfUtils.java:logGet(43)) - raft.server.notification.no-leader.timeout = 1000s (custom)
2019-10-24 07:32:28,154 [pool-37-thread-1] INFO  server.RaftServerConfigKeys (ConfUtils.java:logGet(43)) - raft.server.log.appender.buffer.byte-limit = 33554432 (custom)
2019-10-24 07:32:28,153 [pool-27-thread-1] INFO  server.RaftServerConfigKeys (ConfUtils.java:logGet(43)) - raft.server.log.purge.gap = 1000000 (custom)
2019-10-24 07:32:28,154 [pool-37-thread-1] INFO  server.RaftServerConfigKeys (ConfUtils.java:logGet(43)) - raft.server.log.segment.size.max = 1048576 (custom)
2019-10-24 07:32:28,154 [pool-47-thread-1] INFO  server.RaftServerConfigKeys (ConfUtils.java:logGet(43)) - raft.server.log.use.memory = false (default)
2019-10-24 07:32:28,154 [pool-37-thread-1] INFO  server.RaftServerConfigKeys (ConfUtils.java:logGet(43)) - raft.server.log.segment.cache.num.max = 2 (custom)
2019-10-24 07:32:28,154 [pool-27-thread-1] INFO  server.RaftServerConfigKeys (ConfUtils.java:logGet(43)) - raft.server.log.appender.buffer.byte-limit = 33554432 (custom)
2019-10-24 07:32:28,155 [pool-37-thread-1] INFO  segmented.SegmentedRaftLogWorker (SegmentedRaftLogWorker.java:<init>(173)) - new 1511a8b7-2741-4c2d-9317-1899631fe9c9@group-870F7E70D6B1-SegmentedRaftLogWorker for RaftStorage:Storage Directory /workdir/hadoop-ozone/integration-test/target/test-dir/MiniOzoneClusterImpl-94783617-520d-431f-bfa8-8bf76244d9bc/datanode-1/data/ratis/c690a9b5-90d2-4057-86e6-870f7e70d6b1
2019-10-24 07:32:28,155 [pool-47-thread-1] INFO  server.RaftServerConfigKeys (ConfUtils.java:logGet(43)) - raft.server.log.purge.gap = 1000000 (custom)
2019-10-24 07:32:28,155 [pool-37-thread-1] INFO  server.RaftServerConfigKeys (ConfUtils.java:logGet(43)) - raft.server.log.queue.byte-limit = 2147483647 (custom)
2019-10-24 07:32:28,155 [pool-27-thread-1] INFO  server.RaftServerConfigKeys (ConfUtils.java:logGet(43)) - raft.server.log.segment.size.max = 1048576 (custom)
2019-10-24 07:32:28,155 [pool-37-thread-1] INFO  server.RaftServerConfigKeys (ConfUtils.java:logGet(43)) - raft.server.log.queue.element-limit = 1024 (custom)
2019-10-24 07:32:28,155 [pool-47-thread-1] INFO  server.RaftServerConfigKeys (ConfUtils.java:logGet(43)) - raft.server.log.appender.buffer.byte-limit = 33554432 (custom)
2019-10-24 07:32:28,156 [pool-37-thread-1] INFO  server.RaftServerConfigKeys (ConfUtils.java:logGet(43)) - raft.server.log.segment.size.max = 1048576 (custom)
2019-10-24 07:32:28,156 [pool-27-thread-1] INFO  server.RaftServerConfigKeys (ConfUtils.java:logGet(43)) - raft.server.log.segment.cache.num.max = 2 (custom)
2019-10-24 07:32:28,156 [pool-37-thread-1] INFO  server.RaftServerConfigKeys (ConfUtils.java:logGet(43)) - raft.server.log.preallocated.size = 16384 (custom)
2019-10-24 07:32:28,156 [pool-47-thread-1] INFO  server.RaftServerConfigKeys (ConfUtils.java:logGet(43)) - raft.server.log.segment.size.max = 1048576 (custom)
2019-10-24 07:32:28,157 [pool-37-thread-1] INFO  server.RaftServerConfigKeys (ConfUtils.java:logGet(43)) - raft.server.log.write.buffer.size = 33554432 (custom)
2019-10-24 07:32:28,156 [pool-27-thread-1] INFO  segmented.SegmentedRaftLogWorker (SegmentedRaftLogWorker.java:<init>(173)) - new e0ed10f2-3224-42fb-9fee-fcf0e55d7c66@group-870F7E70D6B1-SegmentedRaftLogWorker for RaftStorage:Storage Directory /workdir/hadoop-ozone/integration-test/target/test-dir/MiniOzoneClusterImpl-94783617-520d-431f-bfa8-8bf76244d9bc/datanode-0/data/ratis/c690a9b5-90d2-4057-86e6-870f7e70d6b1
2019-10-24 07:32:28,157 [pool-37-thread-1] INFO  server.RaftServerConfigKeys (ConfUtils.java:logGet(43)) - raft.server.log.force.sync.num = 128 (default)
2019-10-24 07:32:28,157 [pool-47-thread-1] INFO  server.RaftServerConfigKeys (ConfUtils.java:logGet(43)) - raft.server.log.segment.cache.num.max = 2 (custom)
2019-10-24 07:32:28,157 [pool-37-thread-1] INFO  server.RaftServerConfigKeys (ConfUtils.java:logGet(43)) - raft.server.log.statemachine.data.sync = true (default)
2019-10-24 07:32:28,157 [pool-27-thread-1] INFO  server.RaftServerConfigKeys (ConfUtils.java:logGet(43)) - raft.server.log.queue.byte-limit = 2147483647 (custom)
2019-10-24 07:32:28,158 [pool-37-thread-1] INFO  server.RaftServerConfigKeys (ConfUtils.java:logGet(43)) - raft.server.log.statemachine.data.sync.timeout = 10s (default)
2019-10-24 07:32:28,157 [pool-47-thread-1] INFO  segmented.SegmentedRaftLogWorker (SegmentedRaftLogWorker.java:<init>(173)) - new 6f89809c-7abc-423e-b97b-03c6b4343e46@group-870F7E70D6B1-SegmentedRaftLogWorker for RaftStorage:Storage Directory /workdir/hadoop-ozone/integration-test/target/test-dir/MiniOzoneClusterImpl-94783617-520d-431f-bfa8-8bf76244d9bc/datanode-2/data/ratis/c690a9b5-90d2-4057-86e6-870f7e70d6b1
2019-10-24 07:32:28,158 [pool-37-thread-1] INFO  server.RaftServerConfigKeys (ConfUtils.java:logGet(43)) - raft.server.log.statemachine.data.sync.timeout.retry = -1 (default)
2019-10-24 07:32:28,158 [pool-27-thread-1] INFO  server.RaftServerConfigKeys (ConfUtils.java:logGet(43)) - raft.server.log.queue.element-limit = 1024 (custom)
2019-10-24 07:32:28,158 [pool-47-thread-1] INFO  server.RaftServerConfigKeys (ConfUtils.java:logGet(43)) - raft.server.log.queue.byte-limit = 2147483647 (custom)
2019-10-24 07:32:28,158 [pool-27-thread-1] INFO  server.RaftServerConfigKeys (ConfUtils.java:logGet(43)) - raft.server.log.segment.size.max = 1048576 (custom)
2019-10-24 07:32:28,158 [pool-37-thread-1] INFO  server.RaftServerConfigKeys (ConfUtils.java:logGet(43)) - raft.server.log.statemachine.data.caching.enabled = true (custom)
2019-10-24 07:32:28,159 [pool-27-thread-1] INFO  server.RaftServerConfigKeys (ConfUtils.java:logGet(43)) - raft.server.log.preallocated.size = 16384 (custom)
2019-10-24 07:32:28,159 [pool-47-thread-1] INFO  server.RaftServerConfigKeys (ConfUtils.java:logGet(43)) - raft.server.log.queue.element-limit = 1024 (custom)
2019-10-24 07:32:28,159 [pool-37-thread-1] INFO  segmented.SegmentedRaftLogWorker (SegmentedRaftLogWorker.java:lambda$new$0(128)) - 1511a8b7-2741-4c2d-9317-1899631fe9c9@group-870F7E70D6B1-SegmentedRaftLogWorker: flushIndex: setUnconditionally 0 -> -1
2019-10-24 07:32:28,159 [pool-27-thread-1] INFO  server.RaftServerConfigKeys (ConfUtils.java:logGet(43)) - raft.server.log.write.buffer.size = 33554432 (custom)
2019-10-24 07:32:28,159 [pool-47-thread-1] INFO  server.RaftServerConfigKeys (ConfUtils.java:logGet(43)) - raft.server.log.segment.size.max = 1048576 (custom)
2019-10-24 07:32:28,160 [pool-37-thread-1] INFO  server.RaftServerConfigKeys (ConfUtils.java:logGet(43)) - raft.server.snapshot.auto.trigger.enabled = true (custom)
2019-10-24 07:32:28,160 [pool-27-thread-1] INFO  server.RaftServerConfigKeys (ConfUtils.java:logGet(43)) - raft.server.log.force.sync.num = 128 (default)
2019-10-24 07:32:28,160 [pool-37-thread-1] INFO  server.RaftServerConfigKeys (ConfUtils.java:logGet(43)) - raft.server.snapshot.auto.trigger.threshold = 10000 (custom)
2019-10-24 07:32:28,160 [pool-47-thread-1] INFO  server.RaftServerConfigKeys (ConfUtils.java:logGet(43)) - raft.server.log.preallocated.size = 16384 (custom)
2019-10-24 07:32:28,161 [pool-37-thread-1] INFO  server.RaftServerConfigKeys (ConfUtils.java:logGet(43)) - raft.server.snapshot.retention.file.num = 5 (custom)
2019-10-24 07:32:28,160 [pool-27-thread-1] INFO  server.RaftServerConfigKeys (ConfUtils.java:logGet(43)) - raft.server.log.statemachine.data.sync = true (default)
2019-10-24 07:32:28,162 [pool-37-thread-1] INFO  server.RaftServerConfigKeys (ConfUtils.java:logGet(43)) - raft.server.retrycache.expirytime = 600000ms (custom)
2019-10-24 07:32:28,161 [pool-47-thread-1] INFO  server.RaftServerConfigKeys (ConfUtils.java:logGet(43)) - raft.server.log.write.buffer.size = 33554432 (custom)
2019-10-24 07:32:28,162 [pool-27-thread-1] INFO  server.RaftServerConfigKeys (ConfUtils.java:logGet(43)) - raft.server.log.statemachine.data.sync.timeout = 10s (default)
2019-10-24 07:32:28,162 [pool-47-thread-1] INFO  server.RaftServerConfigKeys (ConfUtils.java:logGet(43)) - raft.server.log.force.sync.num = 128 (default)
2019-10-24 07:32:28,162 [pool-27-thread-1] INFO  server.RaftServerConfigKeys (ConfUtils.java:logGet(43)) - raft.server.log.statemachine.data.sync.timeout.retry = -1 (default)
2019-10-24 07:32:28,163 [pool-47-thread-1] INFO  server.RaftServerConfigKeys (ConfUtils.java:logGet(43)) - raft.server.log.statemachine.data.sync = true (default)
2019-10-24 07:32:28,163 [pool-27-thread-1] INFO  server.RaftServerConfigKeys (ConfUtils.java:logGet(43)) - raft.server.log.statemachine.data.caching.enabled = true (custom)
2019-10-24 07:32:28,163 [pool-47-thread-1] INFO  server.RaftServerConfigKeys (ConfUtils.java:logGet(43)) - raft.server.log.statemachine.data.sync.timeout = 10s (default)
2019-10-24 07:32:28,163 [pool-27-thread-1] INFO  segmented.SegmentedRaftLogWorker (SegmentedRaftLogWorker.java:lambda$new$0(128)) - e0ed10f2-3224-42fb-9fee-fcf0e55d7c66@group-870F7E70D6B1-SegmentedRaftLogWorker: flushIndex: setUnconditionally 0 -> -1
2019-10-24 07:32:28,163 [pool-47-thread-1] INFO  server.RaftServerConfigKeys (ConfUtils.java:logGet(43)) - raft.server.log.statemachine.data.sync.timeout.retry = -1 (default)
2019-10-24 07:32:28,164 [pool-27-thread-1] INFO  server.RaftServerConfigKeys (ConfUtils.java:logGet(43)) - raft.server.snapshot.auto.trigger.enabled = true (custom)
2019-10-24 07:32:28,164 [pool-47-thread-1] INFO  server.RaftServerConfigKeys (ConfUtils.java:logGet(43)) - raft.server.log.statemachine.data.caching.enabled = true (custom)
2019-10-24 07:32:28,164 [pool-27-thread-1] INFO  server.RaftServerConfigKeys (ConfUtils.java:logGet(43)) - raft.server.snapshot.auto.trigger.threshold = 10000 (custom)
2019-10-24 07:32:28,164 [pool-27-thread-1] INFO  server.RaftServerConfigKeys (ConfUtils.java:logGet(43)) - raft.server.snapshot.retention.file.num = 5 (custom)
2019-10-24 07:32:28,164 [pool-47-thread-1] INFO  segmented.SegmentedRaftLogWorker (SegmentedRaftLogWorker.java:lambda$new$0(128)) - 6f89809c-7abc-423e-b97b-03c6b4343e46@group-870F7E70D6B1-SegmentedRaftLogWorker: flushIndex: setUnconditionally 0 -> -1
2019-10-24 07:32:28,165 [pool-27-thread-1] INFO  server.RaftServerConfigKeys (ConfUtils.java:logGet(43)) - raft.server.retrycache.expirytime = 600000ms (custom)
2019-10-24 07:32:28,165 [pool-47-thread-1] INFO  server.RaftServerConfigKeys (ConfUtils.java:logGet(43)) - raft.server.snapshot.auto.trigger.enabled = true (custom)
2019-10-24 07:32:28,165 [pool-47-thread-1] INFO  server.RaftServerConfigKeys (ConfUtils.java:logGet(43)) - raft.server.snapshot.auto.trigger.threshold = 10000 (custom)
2019-10-24 07:32:28,165 [pool-47-thread-1] INFO  server.RaftServerConfigKeys (ConfUtils.java:logGet(43)) - raft.server.snapshot.retention.file.num = 5 (custom)
2019-10-24 07:32:28,165 [pool-47-thread-1] INFO  server.RaftServerConfigKeys (ConfUtils.java:logGet(43)) - raft.server.retrycache.expirytime = 600000ms (custom)
2019-10-24 07:32:28,167 [pool-37-thread-1] INFO  impl.RaftServerImpl (RaftServerImpl.java:start(181)) - 1511a8b7-2741-4c2d-9317-1899631fe9c9@group-870F7E70D6B1: start as a follower, conf=-1: [e0ed10f2-3224-42fb-9fee-fcf0e55d7c66:192.168.164.194:44281, 1511a8b7-2741-4c2d-9317-1899631fe9c9:192.168.164.194:43544, 6f89809c-7abc-423e-b97b-03c6b4343e46:192.168.164.194:43246], old=null
2019-10-24 07:32:28,167 [pool-37-thread-1] INFO  impl.RaftServerImpl (RaftServerImpl.java:setRole(170)) - 1511a8b7-2741-4c2d-9317-1899631fe9c9@group-870F7E70D6B1: changes role from      null to FOLLOWER at term 0 for startAsFollower
2019-10-24 07:32:28,167 [pool-37-thread-1] INFO  impl.RoleInfo (RoleInfo.java:updateAndGet(143)) - 1511a8b7-2741-4c2d-9317-1899631fe9c9: start FollowerState
2019-10-24 07:32:28,168 [pool-37-thread-1] INFO  util.JmxRegister (JmxRegister.java:tryRegister(44)) - Successfully registered JMX Bean with object name Ratis:service=RaftServer,group=group-870F7E70D6B1,id=1511a8b7-2741-4c2d-9317-1899631fe9c9
2019-10-24 07:32:28,170 [pool-27-thread-1] INFO  impl.RaftServerImpl (RaftServerImpl.java:start(181)) - e0ed10f2-3224-42fb-9fee-fcf0e55d7c66@group-870F7E70D6B1: start as a follower, conf=-1: [e0ed10f2-3224-42fb-9fee-fcf0e55d7c66:192.168.164.194:44281, 1511a8b7-2741-4c2d-9317-1899631fe9c9:192.168.164.194:43544, 6f89809c-7abc-423e-b97b-03c6b4343e46:192.168.164.194:43246], old=null
2019-10-24 07:32:28,170 [pool-27-thread-1] INFO  impl.RaftServerImpl (RaftServerImpl.java:setRole(170)) - e0ed10f2-3224-42fb-9fee-fcf0e55d7c66@group-870F7E70D6B1: changes role from      null to FOLLOWER at term 0 for startAsFollower
2019-10-24 07:32:28,170 [pool-27-thread-1] INFO  impl.RoleInfo (RoleInfo.java:updateAndGet(143)) - e0ed10f2-3224-42fb-9fee-fcf0e55d7c66: start FollowerState
2019-10-24 07:32:28,170 [main] INFO  ozone.MiniOzoneClusterImpl (MiniOzoneClusterImpl.java:lambda$waitForClusterToBeReady$0(147)) - Cluster is ready. Got 3 of 3 DN Heartbeats.
2019-10-24 07:32:28,171 [pool-27-thread-1] INFO  util.JmxRegister (JmxRegister.java:tryRegister(44)) - Successfully registered JMX Bean with object name Ratis:service=RaftServer,group=group-870F7E70D6B1,id=e0ed10f2-3224-42fb-9fee-fcf0e55d7c66
2019-10-24 07:32:28,170 [pool-47-thread-1] INFO  impl.RaftServerImpl (RaftServerImpl.java:start(181)) - 6f89809c-7abc-423e-b97b-03c6b4343e46@group-870F7E70D6B1: start as a follower, conf=-1: [e0ed10f2-3224-42fb-9fee-fcf0e55d7c66:192.168.164.194:44281, 1511a8b7-2741-4c2d-9317-1899631fe9c9:192.168.164.194:43544, 6f89809c-7abc-423e-b97b-03c6b4343e46:192.168.164.194:43246], old=null
2019-10-24 07:32:28,171 [pool-47-thread-1] INFO  impl.RaftServerImpl (RaftServerImpl.java:setRole(170)) - 6f89809c-7abc-423e-b97b-03c6b4343e46@group-870F7E70D6B1: changes role from      null to FOLLOWER at term 0 for startAsFollower
2019-10-24 07:32:28,171 [pool-47-thread-1] INFO  impl.RoleInfo (RoleInfo.java:updateAndGet(143)) - 6f89809c-7abc-423e-b97b-03c6b4343e46: start FollowerState
2019-10-24 07:32:28,172 [pool-47-thread-1] INFO  util.JmxRegister (JmxRegister.java:tryRegister(44)) - Successfully registered JMX Bean with object name Ratis:service=RaftServer,group=group-870F7E70D6B1,id=6f89809c-7abc-423e-b97b-03c6b4343e46
2019-10-24 07:32:28,207 [RatisPipelineUtilsThread] INFO  pipeline.PipelineStateManager (PipelineStateManager.java:addPipeline(56)) - Created pipeline Pipeline[ Id: c690a9b5-90d2-4057-86e6-870f7e70d6b1, Nodes: 1511a8b7-2741-4c2d-9317-1899631fe9c9{ip: 192.168.164.194, host: pr-hdds-1569-mb8zc-4097773718, networkLocation: /default-rack, certSerialId: null}e0ed10f2-3224-42fb-9fee-fcf0e55d7c66{ip: 192.168.164.194, host: pr-hdds-1569-mb8zc-4097773718, networkLocation: /default-rack, certSerialId: null}6f89809c-7abc-423e-b97b-03c6b4343e46{ip: 192.168.164.194, host: pr-hdds-1569-mb8zc-4097773718, networkLocation: /default-rack, certSerialId: null}, Type:RATIS, Factor:THREE, State:OPEN]
2019-10-24 07:32:28,235 [grpc-default-executor-2] INFO  impl.RaftServerProxy (RaftServerProxy.java:addNew(89)) - e0ed10f2-3224-42fb-9fee-fcf0e55d7c66: addNew group-AC59B62BA460:[e0ed10f2-3224-42fb-9fee-fcf0e55d7c66:192.168.164.194:44281, 6f89809c-7abc-423e-b97b-03c6b4343e46:192.168.164.194:43246, 1511a8b7-2741-4c2d-9317-1899631fe9c9:192.168.164.194:43544] returns group-AC59B62BA460:java.util.concurrent.CompletableFuture@776d75fd[Not completed]
2019-10-24 07:32:28,235 [grpc-default-executor-1] INFO  impl.RaftServerProxy (RaftServerProxy.java:addNew(89)) - 6f89809c-7abc-423e-b97b-03c6b4343e46: addNew group-AC59B62BA460:[e0ed10f2-3224-42fb-9fee-fcf0e55d7c66:192.168.164.194:44281, 6f89809c-7abc-423e-b97b-03c6b4343e46:192.168.164.194:43246, 1511a8b7-2741-4c2d-9317-1899631fe9c9:192.168.164.194:43544] returns group-AC59B62BA460:java.util.concurrent.CompletableFuture@4f943dd0[Not completed]
2019-10-24 07:32:28,235 [grpc-default-executor-0] INFO  impl.RaftServerProxy (RaftServerProxy.java:addNew(89)) - 1511a8b7-2741-4c2d-9317-1899631fe9c9: addNew group-AC59B62BA460:[e0ed10f2-3224-42fb-9fee-fcf0e55d7c66:192.168.164.194:44281, 6f89809c-7abc-423e-b97b-03c6b4343e46:192.168.164.194:43246, 1511a8b7-2741-4c2d-9317-1899631fe9c9:192.168.164.194:43544] returns group-AC59B62BA460:java.util.concurrent.CompletableFuture@3a450bbd[Not completed]
2019-10-24 07:32:28,239 [pool-27-thread-1] INFO  impl.RaftServerImpl (RaftServerImpl.java:<init>(95)) - e0ed10f2-3224-42fb-9fee-fcf0e55d7c66: new RaftServerImpl for group-AC59B62BA460:[e0ed10f2-3224-42fb-9fee-fcf0e55d7c66:192.168.164.194:44281, 6f89809c-7abc-423e-b97b-03c6b4343e46:192.168.164.194:43246, 1511a8b7-2741-4c2d-9317-1899631fe9c9:192.168.164.194:43544] with ContainerStateMachine:uninitialized
2019-10-24 07:32:28,239 [pool-27-thread-1] INFO  server.RaftServerConfigKeys (ConfUtils.java:logGet(43)) - raft.server.rpc.timeout.min = 5s (custom)
2019-10-24 07:32:28,239 [pool-27-thread-1] INFO  server.RaftServerConfigKeys (ConfUtils.java:logGet(43)) - raft.server.rpc.timeout.max = 5200ms (custom)
2019-10-24 07:32:28,240 [pool-27-thread-1] INFO  server.RaftServerConfigKeys (ConfUtils.java:logGet(43)) - raft.server.rpcslowness.timeout = 1000s (custom)
2019-10-24 07:32:28,240 [pool-27-thread-1] INFO  server.RaftServerConfigKeys (ConfUtils.java:logGet(43)) - raft.server.sleep.deviation.threshold = 300 (default)
2019-10-24 07:32:28,240 [pool-27-thread-1] INFO  server.RaftServerConfigKeys (ConfUtils.java:logGet(43)) - raft.server.log.appender.install.snapshot.enabled = false (custom)
2019-10-24 07:32:28,240 [pool-27-thread-1] INFO  impl.RaftServerImpl (ServerState.java:<init>(103)) - e0ed10f2-3224-42fb-9fee-fcf0e55d7c66@group-AC59B62BA460: ConfigurationManager, init=-1: [e0ed10f2-3224-42fb-9fee-fcf0e55d7c66:192.168.164.194:44281, 6f89809c-7abc-423e-b97b-03c6b4343e46:192.168.164.194:43246, 1511a8b7-2741-4c2d-9317-1899631fe9c9:192.168.164.194:43544], old=null, confs=<EMPTY_MAP>
2019-10-24 07:32:28,240 [pool-27-thread-1] INFO  server.RaftServerConfigKeys (ConfUtils.java:logGet(43)) - raft.server.storage.dir = [/workdir/hadoop-ozone/integration-test/target/test-dir/MiniOzoneClusterImpl-94783617-520d-431f-bfa8-8bf76244d9bc/datanode-0/data/ratis] (custom)
2019-10-24 07:32:28,240 [pool-47-thread-1] INFO  impl.RaftServerImpl (RaftServerImpl.java:<init>(95)) - 6f89809c-7abc-423e-b97b-03c6b4343e46: new RaftServerImpl for group-AC59B62BA460:[e0ed10f2-3224-42fb-9fee-fcf0e55d7c66:192.168.164.194:44281, 6f89809c-7abc-423e-b97b-03c6b4343e46:192.168.164.194:43246, 1511a8b7-2741-4c2d-9317-1899631fe9c9:192.168.164.194:43544] with ContainerStateMachine:uninitialized
2019-10-24 07:32:28,241 [pool-47-thread-1] INFO  server.RaftServerConfigKeys (ConfUtils.java:logGet(43)) - raft.server.rpc.timeout.min = 5s (custom)
2019-10-24 07:32:28,241 [pool-27-thread-1] INFO  server.RaftServerConfigKeys (ConfUtils.java:logGet(43)) - raft.server.log.corruption.policy = EXCEPTION (default)
2019-10-24 07:32:28,241 [pool-47-thread-1] INFO  server.RaftServerConfigKeys (ConfUtils.java:logGet(43)) - raft.server.rpc.timeout.max = 5200ms (custom)
2019-10-24 07:32:28,241 [pool-27-thread-1] INFO  storage.RaftStorageDirectory (RaftStorageDirectory.java:analyzeStorage(246)) - The storage directory /workdir/hadoop-ozone/integration-test/target/test-dir/MiniOzoneClusterImpl-94783617-520d-431f-bfa8-8bf76244d9bc/datanode-0/data/ratis/dc327d28-9378-44cd-9e5d-ac59b62ba460 does not exist. Creating ...
2019-10-24 07:32:28,241 [pool-47-thread-1] INFO  server.RaftServerConfigKeys (ConfUtils.java:logGet(43)) - raft.server.rpcslowness.timeout = 1000s (custom)
2019-10-24 07:32:28,241 [pool-47-thread-1] INFO  server.RaftServerConfigKeys (ConfUtils.java:logGet(43)) - raft.server.sleep.deviation.threshold = 300 (default)
2019-10-24 07:32:28,242 [pool-37-thread-1] INFO  impl.RaftServerImpl (RaftServerImpl.java:<init>(95)) - 1511a8b7-2741-4c2d-9317-1899631fe9c9: new RaftServerImpl for group-AC59B62BA460:[e0ed10f2-3224-42fb-9fee-fcf0e55d7c66:192.168.164.194:44281, 6f89809c-7abc-423e-b97b-03c6b4343e46:192.168.164.194:43246, 1511a8b7-2741-4c2d-9317-1899631fe9c9:192.168.164.194:43544] with ContainerStateMachine:uninitialized
2019-10-24 07:32:28,242 [pool-47-thread-1] INFO  server.RaftServerConfigKeys (ConfUtils.java:logGet(43)) - raft.server.log.appender.install.snapshot.enabled = false (custom)
2019-10-24 07:32:28,242 [pool-37-thread-1] INFO  server.RaftServerConfigKeys (ConfUtils.java:logGet(43)) - raft.server.rpc.timeout.min = 5s (custom)
2019-10-24 07:32:28,242 [pool-47-thread-1] INFO  impl.RaftServerImpl (ServerState.java:<init>(103)) - 6f89809c-7abc-423e-b97b-03c6b4343e46@group-AC59B62BA460: ConfigurationManager, init=-1: [e0ed10f2-3224-42fb-9fee-fcf0e55d7c66:192.168.164.194:44281, 6f89809c-7abc-423e-b97b-03c6b4343e46:192.168.164.194:43246, 1511a8b7-2741-4c2d-9317-1899631fe9c9:192.168.164.194:43544], old=null, confs=<EMPTY_MAP>
2019-10-24 07:32:28,242 [pool-37-thread-1] INFO  server.RaftServerConfigKeys (ConfUtils.java:logGet(43)) - raft.server.rpc.timeout.max = 5200ms (custom)
2019-10-24 07:32:28,243 [pool-47-thread-1] INFO  server.RaftServerConfigKeys (ConfUtils.java:logGet(43)) - raft.server.storage.dir = [/workdir/hadoop-ozone/integration-test/target/test-dir/MiniOzoneClusterImpl-94783617-520d-431f-bfa8-8bf76244d9bc/datanode-2/data/ratis] (custom)
2019-10-24 07:32:28,243 [pool-37-thread-1] INFO  server.RaftServerConfigKeys (ConfUtils.java:logGet(43)) - raft.server.rpcslowness.timeout = 1000s (custom)
2019-10-24 07:32:28,243 [pool-37-thread-1] INFO  server.RaftServerConfigKeys (ConfUtils.java:logGet(43)) - raft.server.sleep.deviation.threshold = 300 (default)
2019-10-24 07:32:28,243 [pool-47-thread-1] INFO  server.RaftServerConfigKeys (ConfUtils.java:logGet(43)) - raft.server.log.corruption.policy = EXCEPTION (default)
2019-10-24 07:32:28,243 [pool-37-thread-1] INFO  server.RaftServerConfigKeys (ConfUtils.java:logGet(43)) - raft.server.log.appender.install.snapshot.enabled = false (custom)
2019-10-24 07:32:28,243 [pool-47-thread-1] INFO  storage.RaftStorageDirectory (RaftStorageDirectory.java:analyzeStorage(246)) - The storage directory /workdir/hadoop-ozone/integration-test/target/test-dir/MiniOzoneClusterImpl-94783617-520d-431f-bfa8-8bf76244d9bc/datanode-2/data/ratis/dc327d28-9378-44cd-9e5d-ac59b62ba460 does not exist. Creating ...
2019-10-24 07:32:28,243 [pool-37-thread-1] INFO  impl.RaftServerImpl (ServerState.java:<init>(103)) - 1511a8b7-2741-4c2d-9317-1899631fe9c9@group-AC59B62BA460: ConfigurationManager, init=-1: [e0ed10f2-3224-42fb-9fee-fcf0e55d7c66:192.168.164.194:44281, 6f89809c-7abc-423e-b97b-03c6b4343e46:192.168.164.194:43246, 1511a8b7-2741-4c2d-9317-1899631fe9c9:192.168.164.194:43544], old=null, confs=<EMPTY_MAP>
2019-10-24 07:32:28,244 [pool-37-thread-1] INFO  server.RaftServerConfigKeys (ConfUtils.java:logGet(43)) - raft.server.storage.dir = [/workdir/hadoop-ozone/integration-test/target/test-dir/MiniOzoneClusterImpl-94783617-520d-431f-bfa8-8bf76244d9bc/datanode-1/data/ratis] (custom)
2019-10-24 07:32:28,244 [pool-37-thread-1] INFO  server.RaftServerConfigKeys (ConfUtils.java:logGet(43)) - raft.server.log.corruption.policy = EXCEPTION (default)
2019-10-24 07:32:28,245 [pool-37-thread-1] INFO  storage.RaftStorageDirectory (RaftStorageDirectory.java:analyzeStorage(246)) - The storage directory /workdir/hadoop-ozone/integration-test/target/test-dir/MiniOzoneClusterImpl-94783617-520d-431f-bfa8-8bf76244d9bc/datanode-1/data/ratis/dc327d28-9378-44cd-9e5d-ac59b62ba460 does not exist. Creating ...
2019-10-24 07:32:28,267 [pool-47-thread-1] INFO  storage.RaftStorageDirectory (RaftStorageDirectory.java:tryLock(328)) - Lock on /workdir/hadoop-ozone/integration-test/target/test-dir/MiniOzoneClusterImpl-94783617-520d-431f-bfa8-8bf76244d9bc/datanode-2/data/ratis/dc327d28-9378-44cd-9e5d-ac59b62ba460/in_use.lock acquired by nodename 15539@pr-hdds-1569-mb8zc-4097773718
2019-10-24 07:32:28,267 [pool-37-thread-1] INFO  storage.RaftStorageDirectory (RaftStorageDirectory.java:tryLock(328)) - Lock on /workdir/hadoop-ozone/integration-test/target/test-dir/MiniOzoneClusterImpl-94783617-520d-431f-bfa8-8bf76244d9bc/datanode-1/data/ratis/dc327d28-9378-44cd-9e5d-ac59b62ba460/in_use.lock acquired by nodename 15539@pr-hdds-1569-mb8zc-4097773718
2019-10-24 07:32:28,267 [pool-27-thread-1] INFO  storage.RaftStorageDirectory (RaftStorageDirectory.java:tryLock(328)) - Lock on /workdir/hadoop-ozone/integration-test/target/test-dir/MiniOzoneClusterImpl-94783617-520d-431f-bfa8-8bf76244d9bc/datanode-0/data/ratis/dc327d28-9378-44cd-9e5d-ac59b62ba460/in_use.lock acquired by nodename 15539@pr-hdds-1569-mb8zc-4097773718
2019-10-24 07:32:28,281 [pool-27-thread-1] INFO  storage.RaftStorage (RaftStorage.java:format(84)) - Storage directory /workdir/hadoop-ozone/integration-test/target/test-dir/MiniOzoneClusterImpl-94783617-520d-431f-bfa8-8bf76244d9bc/datanode-0/data/ratis/dc327d28-9378-44cd-9e5d-ac59b62ba460 has been successfully formatted.
2019-10-24 07:32:28,281 [pool-47-thread-1] INFO  storage.RaftStorage (RaftStorage.java:format(84)) - Storage directory /workdir/hadoop-ozone/integration-test/target/test-dir/MiniOzoneClusterImpl-94783617-520d-431f-bfa8-8bf76244d9bc/datanode-2/data/ratis/dc327d28-9378-44cd-9e5d-ac59b62ba460 has been successfully formatted.
2019-10-24 07:32:28,281 [pool-37-thread-1] INFO  storage.RaftStorage (RaftStorage.java:format(84)) - Storage directory /workdir/hadoop-ozone/integration-test/target/test-dir/MiniOzoneClusterImpl-94783617-520d-431f-bfa8-8bf76244d9bc/datanode-1/data/ratis/dc327d28-9378-44cd-9e5d-ac59b62ba460 has been successfully formatted.
2019-10-24 07:32:28,281 [pool-47-thread-1] INFO  ratis.ContainerStateMachine (ContainerStateMachine.java:loadSnapshot(231)) - group-AC59B62BA460: The snapshot info is null. Setting the last applied indexto:(t:0, i:~)
2019-10-24 07:32:28,281 [pool-27-thread-1] INFO  ratis.ContainerStateMachine (ContainerStateMachine.java:loadSnapshot(231)) - group-AC59B62BA460: The snapshot info is null. Setting the last applied indexto:(t:0, i:~)
2019-10-24 07:32:28,281 [pool-37-thread-1] INFO  ratis.ContainerStateMachine (ContainerStateMachine.java:loadSnapshot(231)) - group-AC59B62BA460: The snapshot info is null. Setting the last applied indexto:(t:0, i:~)
2019-10-24 07:32:28,281 [pool-47-thread-1] INFO  server.RaftServerConfigKeys (ConfUtils.java:logGet(43)) - raft.server.notification.no-leader.timeout = 1000s (custom)
2019-10-24 07:32:28,282 [pool-37-thread-1] INFO  server.RaftServerConfigKeys (ConfUtils.java:logGet(43)) - raft.server.notification.no-leader.timeout = 1000s (custom)
2019-10-24 07:32:28,282 [pool-27-thread-1] INFO  server.RaftServerConfigKeys (ConfUtils.java:logGet(43)) - raft.server.notification.no-leader.timeout = 1000s (custom)
2019-10-24 07:32:28,282 [pool-37-thread-1] INFO  server.RaftServerConfigKeys (ConfUtils.java:logGet(43)) - raft.server.log.use.memory = false (default)
2019-10-24 07:32:28,282 [pool-47-thread-1] INFO  server.RaftServerConfigKeys (ConfUtils.java:logGet(43)) - raft.server.log.use.memory = false (default)
2019-10-24 07:32:28,282 [pool-27-thread-1] INFO  server.RaftServerConfigKeys (ConfUtils.java:logGet(43)) - raft.server.log.use.memory = false (default)
2019-10-24 07:32:28,282 [pool-47-thread-1] INFO  server.RaftServerConfigKeys (ConfUtils.java:logGet(43)) - raft.server.log.purge.gap = 1000000 (custom)
2019-10-24 07:32:28,282 [pool-37-thread-1] INFO  server.RaftServerConfigKeys (ConfUtils.java:logGet(43)) - raft.server.log.purge.gap = 1000000 (custom)
2019-10-24 07:32:28,283 [pool-47-thread-1] INFO  server.RaftServerConfigKeys (ConfUtils.java:logGet(43)) - raft.server.log.appender.buffer.byte-limit = 33554432 (custom)
2019-10-24 07:32:28,283 [pool-27-thread-1] INFO  server.RaftServerConfigKeys (ConfUtils.java:logGet(43)) - raft.server.log.purge.gap = 1000000 (custom)
2019-10-24 07:32:28,283 [pool-47-thread-1] INFO  server.RaftServerConfigKeys (ConfUtils.java:logGet(43)) - raft.server.log.segment.size.max = 1048576 (custom)
2019-10-24 07:32:28,283 [pool-37-thread-1] INFO  server.RaftServerConfigKeys (ConfUtils.java:logGet(43)) - raft.server.log.appender.buffer.byte-limit = 33554432 (custom)
2019-10-24 07:32:28,283 [pool-47-thread-1] INFO  server.RaftServerConfigKeys (ConfUtils.java:logGet(43)) - raft.server.log.segment.cache.num.max = 2 (custom)
2019-10-24 07:32:28,283 [pool-27-thread-1] INFO  server.RaftServerConfigKeys (ConfUtils.java:logGet(43)) - raft.server.log.appender.buffer.byte-limit = 33554432 (custom)
2019-10-24 07:32:28,283 [pool-47-thread-1] INFO  segmented.SegmentedRaftLogWorker (SegmentedRaftLogWorker.java:<init>(173)) - new 6f89809c-7abc-423e-b97b-03c6b4343e46@group-AC59B62BA460-SegmentedRaftLogWorker for RaftStorage:Storage Directory /workdir/hadoop-ozone/integration-test/target/test-dir/MiniOzoneClusterImpl-94783617-520d-431f-bfa8-8bf76244d9bc/datanode-2/data/ratis/dc327d28-9378-44cd-9e5d-ac59b62ba460
2019-10-24 07:32:28,283 [pool-37-thread-1] INFO  server.RaftServerConfigKeys (ConfUtils.java:logGet(43)) - raft.server.log.segment.size.max = 1048576 (custom)
2019-10-24 07:32:28,284 [pool-47-thread-1] INFO  server.RaftServerConfigKeys (ConfUtils.java:logGet(43)) - raft.server.log.queue.byte-limit = 2147483647 (custom)
2019-10-24 07:32:28,284 [pool-27-thread-1] INFO  server.RaftServerConfigKeys (ConfUtils.java:logGet(43)) - raft.server.log.segment.size.max = 1048576 (custom)
2019-10-24 07:32:28,284 [pool-47-thread-1] INFO  server.RaftServerConfigKeys (ConfUtils.java:logGet(43)) - raft.server.log.queue.element-limit = 1024 (custom)
2019-10-24 07:32:28,284 [pool-37-thread-1] INFO  server.RaftServerConfigKeys (ConfUtils.java:logGet(43)) - raft.server.log.segment.cache.num.max = 2 (custom)
2019-10-24 07:32:28,284 [pool-47-thread-1] INFO  server.RaftServerConfigKeys (ConfUtils.java:logGet(43)) - raft.server.log.segment.size.max = 1048576 (custom)
2019-10-24 07:32:28,284 [pool-27-thread-1] INFO  server.RaftServerConfigKeys (ConfUtils.java:logGet(43)) - raft.server.log.segment.cache.num.max = 2 (custom)
2019-10-24 07:32:28,284 [pool-47-thread-1] INFO  server.RaftServerConfigKeys (ConfUtils.java:logGet(43)) - raft.server.log.preallocated.size = 16384 (custom)
2019-10-24 07:32:28,284 [pool-37-thread-1] INFO  segmented.SegmentedRaftLogWorker (SegmentedRaftLogWorker.java:<init>(173)) - new 1511a8b7-2741-4c2d-9317-1899631fe9c9@group-AC59B62BA460-SegmentedRaftLogWorker for RaftStorage:Storage Directory /workdir/hadoop-ozone/integration-test/target/test-dir/MiniOzoneClusterImpl-94783617-520d-431f-bfa8-8bf76244d9bc/datanode-1/data/ratis/dc327d28-9378-44cd-9e5d-ac59b62ba460
2019-10-24 07:32:28,285 [pool-47-thread-1] INFO  server.RaftServerConfigKeys (ConfUtils.java:logGet(43)) - raft.server.log.write.buffer.size = 33554432 (custom)
2019-10-24 07:32:28,284 [pool-27-thread-1] INFO  segmented.SegmentedRaftLogWorker (SegmentedRaftLogWorker.java:<init>(173)) - new e0ed10f2-3224-42fb-9fee-fcf0e55d7c66@group-AC59B62BA460-SegmentedRaftLogWorker for RaftStorage:Storage Directory /workdir/hadoop-ozone/integration-test/target/test-dir/MiniOzoneClusterImpl-94783617-520d-431f-bfa8-8bf76244d9bc/datanode-0/data/ratis/dc327d28-9378-44cd-9e5d-ac59b62ba460
2019-10-24 07:32:28,285 [pool-47-thread-1] INFO  server.RaftServerConfigKeys (ConfUtils.java:logGet(43)) - raft.server.log.force.sync.num = 128 (default)
2019-10-24 07:32:28,285 [pool-37-thread-1] INFO  server.RaftServerConfigKeys (ConfUtils.java:logGet(43)) - raft.server.log.queue.byte-limit = 2147483647 (custom)
2019-10-24 07:32:28,285 [pool-47-thread-1] INFO  server.RaftServerConfigKeys (ConfUtils.java:logGet(43)) - raft.server.log.statemachine.data.sync = true (default)
2019-10-24 07:32:28,285 [pool-27-thread-1] INFO  server.RaftServerConfigKeys (ConfUtils.java:logGet(43)) - raft.server.log.queue.byte-limit = 2147483647 (custom)
2019-10-24 07:32:28,285 [pool-47-thread-1] INFO  server.RaftServerConfigKeys (ConfUtils.java:logGet(43)) - raft.server.log.statemachine.data.sync.timeout = 10s (default)
2019-10-24 07:32:28,285 [pool-37-thread-1] INFO  server.RaftServerConfigKeys (ConfUtils.java:logGet(43)) - raft.server.log.queue.element-limit = 1024 (custom)
2019-10-24 07:32:28,286 [pool-47-thread-1] INFO  server.RaftServerConfigKeys (ConfUtils.java:logGet(43)) - raft.server.log.statemachine.data.sync.timeout.retry = -1 (default)
2019-10-24 07:32:28,285 [pool-27-thread-1] INFO  server.RaftServerConfigKeys (ConfUtils.java:logGet(43)) - raft.server.log.queue.element-limit = 1024 (custom)
2019-10-24 07:32:28,286 [pool-37-thread-1] INFO  server.RaftServerConfigKeys (ConfUtils.java:logGet(43)) - raft.server.log.segment.size.max = 1048576 (custom)
2019-10-24 07:32:28,286 [pool-27-thread-1] INFO  server.RaftServerConfigKeys (ConfUtils.java:logGet(43)) - raft.server.log.segment.size.max = 1048576 (custom)
2019-10-24 07:32:28,286 [pool-47-thread-1] INFO  server.RaftServerConfigKeys (ConfUtils.java:logGet(43)) - raft.server.log.statemachine.data.caching.enabled = true (custom)
2019-10-24 07:32:28,286 [pool-27-thread-1] INFO  server.RaftServerConfigKeys (ConfUtils.java:logGet(43)) - raft.server.log.preallocated.size = 16384 (custom)
2019-10-24 07:32:28,286 [pool-37-thread-1] INFO  server.RaftServerConfigKeys (ConfUtils.java:logGet(43)) - raft.server.log.preallocated.size = 16384 (custom)
2019-10-24 07:32:28,286 [pool-47-thread-1] INFO  segmented.SegmentedRaftLogWorker (SegmentedRaftLogWorker.java:lambda$new$0(128)) - 6f89809c-7abc-423e-b97b-03c6b4343e46@group-AC59B62BA460-SegmentedRaftLogWorker: flushIndex: setUnconditionally 0 -> -1
2019-10-24 07:32:28,286 [pool-27-thread-1] INFO  server.RaftServerConfigKeys (ConfUtils.java:logGet(43)) - raft.server.log.write.buffer.size = 33554432 (custom)
2019-10-24 07:32:28,287 [pool-37-thread-1] INFO  server.RaftServerConfigKeys (ConfUtils.java:logGet(43)) - raft.server.log.write.buffer.size = 33554432 (custom)
2019-10-24 07:32:28,287 [pool-47-thread-1] INFO  server.RaftServerConfigKeys (ConfUtils.java:logGet(43)) - raft.server.snapshot.auto.trigger.enabled = true (custom)
2019-10-24 07:32:28,287 [pool-27-thread-1] INFO  server.RaftServerConfigKeys (ConfUtils.java:logGet(43)) - raft.server.log.force.sync.num = 128 (default)
2019-10-24 07:32:28,287 [pool-47-thread-1] INFO  server.RaftServerConfigKeys (ConfUtils.java:logGet(43)) - raft.server.snapshot.auto.trigger.threshold = 10000 (custom)
2019-10-24 07:32:28,287 [pool-37-thread-1] INFO  server.RaftServerConfigKeys (ConfUtils.java:logGet(43)) - raft.server.log.force.sync.num = 128 (default)
2019-10-24 07:32:28,287 [pool-47-thread-1] INFO  server.RaftServerConfigKeys (ConfUtils.java:logGet(43)) - raft.server.snapshot.retention.file.num = 5 (custom)
2019-10-24 07:32:28,287 [pool-27-thread-1] INFO  server.RaftServerConfigKeys (ConfUtils.java:logGet(43)) - raft.server.log.statemachine.data.sync = true (default)
2019-10-24 07:32:28,288 [pool-47-thread-1] INFO  server.RaftServerConfigKeys (ConfUtils.java:logGet(43)) - raft.server.retrycache.expirytime = 600000ms (custom)
2019-10-24 07:32:28,287 [pool-37-thread-1] INFO  server.RaftServerConfigKeys (ConfUtils.java:logGet(43)) - raft.server.log.statemachine.data.sync = true (default)
2019-10-24 07:32:28,288 [pool-27-thread-1] INFO  server.RaftServerConfigKeys (ConfUtils.java:logGet(43)) - raft.server.log.statemachine.data.sync.timeout = 10s (default)
2019-10-24 07:32:28,288 [pool-37-thread-1] INFO  server.RaftServerConfigKeys (ConfUtils.java:logGet(43)) - raft.server.log.statemachine.data.sync.timeout = 10s (default)
2019-10-24 07:32:28,288 [pool-27-thread-1] INFO  server.RaftServerConfigKeys (ConfUtils.java:logGet(43)) - raft.server.log.statemachine.data.sync.timeout.retry = -1 (default)
2019-10-24 07:32:28,288 [pool-37-thread-1] INFO  server.RaftServerConfigKeys (ConfUtils.java:logGet(43)) - raft.server.log.statemachine.data.sync.timeout.retry = -1 (default)
2019-10-24 07:32:28,288 [pool-27-thread-1] INFO  server.RaftServerConfigKeys (ConfUtils.java:logGet(43)) - raft.server.log.statemachine.data.caching.enabled = true (custom)
2019-10-24 07:32:28,288 [pool-37-thread-1] INFO  server.RaftServerConfigKeys (ConfUtils.java:logGet(43)) - raft.server.log.statemachine.data.caching.enabled = true (custom)
2019-10-24 07:32:28,289 [pool-27-thread-1] INFO  segmented.SegmentedRaftLogWorker (SegmentedRaftLogWorker.java:lambda$new$0(128)) - e0ed10f2-3224-42fb-9fee-fcf0e55d7c66@group-AC59B62BA460-SegmentedRaftLogWorker: flushIndex: setUnconditionally 0 -> -1
2019-10-24 07:32:28,289 [pool-37-thread-1] INFO  segmented.SegmentedRaftLogWorker (SegmentedRaftLogWorker.java:lambda$new$0(128)) - 1511a8b7-2741-4c2d-9317-1899631fe9c9@group-AC59B62BA460-SegmentedRaftLogWorker: flushIndex: setUnconditionally 0 -> -1
2019-10-24 07:32:28,289 [pool-27-thread-1] INFO  server.RaftServerConfigKeys (ConfUtils.java:logGet(43)) - raft.server.snapshot.auto.trigger.enabled = true (custom)
2019-10-24 07:32:28,289 [pool-37-thread-1] INFO  server.RaftServerConfigKeys (ConfUtils.java:logGet(43)) - raft.server.snapshot.auto.trigger.enabled = true (custom)
2019-10-24 07:32:28,289 [pool-27-thread-1] INFO  server.RaftServerConfigKeys (ConfUtils.java:logGet(43)) - raft.server.snapshot.auto.trigger.threshold = 10000 (custom)
2019-10-24 07:32:28,289 [pool-37-thread-1] INFO  server.RaftServerConfigKeys (ConfUtils.java:logGet(43)) - raft.server.snapshot.auto.trigger.threshold = 10000 (custom)
2019-10-24 07:32:28,290 [pool-27-thread-1] INFO  server.RaftServerConfigKeys (ConfUtils.java:logGet(43)) - raft.server.snapshot.retention.file.num = 5 (custom)
2019-10-24 07:32:28,290 [pool-37-thread-1] INFO  server.RaftServerConfigKeys (ConfUtils.java:logGet(43)) - raft.server.snapshot.retention.file.num = 5 (custom)
2019-10-24 07:32:28,290 [pool-27-thread-1] INFO  server.RaftServerConfigKeys (ConfUtils.java:logGet(43)) - raft.server.retrycache.expirytime = 600000ms (custom)
2019-10-24 07:32:28,290 [pool-37-thread-1] INFO  server.RaftServerConfigKeys (ConfUtils.java:logGet(43)) - raft.server.retrycache.expirytime = 600000ms (custom)
2019-10-24 07:32:28,290 [pool-47-thread-1] INFO  impl.RaftServerImpl (RaftServerImpl.java:start(181)) - 6f89809c-7abc-423e-b97b-03c6b4343e46@group-AC59B62BA460: start as a follower, conf=-1: [e0ed10f2-3224-42fb-9fee-fcf0e55d7c66:192.168.164.194:44281, 6f89809c-7abc-423e-b97b-03c6b4343e46:192.168.164.194:43246, 1511a8b7-2741-4c2d-9317-1899631fe9c9:192.168.164.194:43544], old=null
2019-10-24 07:32:28,290 [pool-47-thread-1] INFO  impl.RaftServerImpl (RaftServerImpl.java:setRole(170)) - 6f89809c-7abc-423e-b97b-03c6b4343e46@group-AC59B62BA460: changes role from      null to FOLLOWER at term 0 for startAsFollower
2019-10-24 07:32:28,291 [pool-47-thread-1] INFO  impl.RoleInfo (RoleInfo.java:updateAndGet(143)) - 6f89809c-7abc-423e-b97b-03c6b4343e46: start FollowerState
2019-10-24 07:32:28,291 [pool-47-thread-1] INFO  util.JmxRegister (JmxRegister.java:tryRegister(44)) - Successfully registered JMX Bean with object name Ratis:service=RaftServer,group=group-AC59B62BA460,id=6f89809c-7abc-423e-b97b-03c6b4343e46
2019-10-24 07:32:28,295 [pool-27-thread-1] INFO  impl.RaftServerImpl (RaftServerImpl.java:start(181)) - e0ed10f2-3224-42fb-9fee-fcf0e55d7c66@group-AC59B62BA460: start as a follower, conf=-1: [e0ed10f2-3224-42fb-9fee-fcf0e55d7c66:192.168.164.194:44281, 6f89809c-7abc-423e-b97b-03c6b4343e46:192.168.164.194:43246, 1511a8b7-2741-4c2d-9317-1899631fe9c9:192.168.164.194:43544], old=null
2019-10-24 07:32:28,295 [pool-27-thread-1] INFO  impl.RaftServerImpl (RaftServerImpl.java:setRole(170)) - e0ed10f2-3224-42fb-9fee-fcf0e55d7c66@group-AC59B62BA460: changes role from      null to FOLLOWER at term 0 for startAsFollower
2019-10-24 07:32:28,295 [pool-37-thread-1] INFO  impl.RaftServerImpl (RaftServerImpl.java:start(181)) - 1511a8b7-2741-4c2d-9317-1899631fe9c9@group-AC59B62BA460: start as a follower, conf=-1: [e0ed10f2-3224-42fb-9fee-fcf0e55d7c66:192.168.164.194:44281, 6f89809c-7abc-423e-b97b-03c6b4343e46:192.168.164.194:43246, 1511a8b7-2741-4c2d-9317-1899631fe9c9:192.168.164.194:43544], old=null
2019-10-24 07:32:28,295 [pool-27-thread-1] INFO  impl.RoleInfo (RoleInfo.java:updateAndGet(143)) - e0ed10f2-3224-42fb-9fee-fcf0e55d7c66: start FollowerState
2019-10-24 07:32:28,295 [pool-37-thread-1] INFO  impl.RaftServerImpl (RaftServerImpl.java:setRole(170)) - 1511a8b7-2741-4c2d-9317-1899631fe9c9@group-AC59B62BA460: changes role from      null to FOLLOWER at term 0 for startAsFollower
2019-10-24 07:32:28,295 [pool-37-thread-1] INFO  impl.RoleInfo (RoleInfo.java:updateAndGet(143)) - 1511a8b7-2741-4c2d-9317-1899631fe9c9: start FollowerState
2019-10-24 07:32:28,295 [pool-27-thread-1] INFO  util.JmxRegister (JmxRegister.java:tryRegister(44)) - Successfully registered JMX Bean with object name Ratis:service=RaftServer,group=group-AC59B62BA460,id=e0ed10f2-3224-42fb-9fee-fcf0e55d7c66
2019-10-24 07:32:28,296 [pool-37-thread-1] INFO  util.JmxRegister (JmxRegister.java:tryRegister(44)) - Successfully registered JMX Bean with object name Ratis:service=RaftServer,group=group-AC59B62BA460,id=1511a8b7-2741-4c2d-9317-1899631fe9c9
2019-10-24 07:32:28,314 [RatisPipelineUtilsThread] INFO  pipeline.PipelineStateManager (PipelineStateManager.java:addPipeline(56)) - Created pipeline Pipeline[ Id: dc327d28-9378-44cd-9e5d-ac59b62ba460, Nodes: 6f89809c-7abc-423e-b97b-03c6b4343e46{ip: 192.168.164.194, host: pr-hdds-1569-mb8zc-4097773718, networkLocation: /default-rack, certSerialId: null}e0ed10f2-3224-42fb-9fee-fcf0e55d7c66{ip: 192.168.164.194, host: pr-hdds-1569-mb8zc-4097773718, networkLocation: /default-rack, certSerialId: null}1511a8b7-2741-4c2d-9317-1899631fe9c9{ip: 192.168.164.194, host: pr-hdds-1569-mb8zc-4097773718, networkLocation: /default-rack, certSerialId: null}, Type:RATIS, Factor:THREE, State:OPEN]
2019-10-24 07:32:28,314 [RatisPipelineUtilsThread] ERROR pipeline.SCMPipelineManager (SCMPipelineManager.java:createPipeline(161)) - Pipeline creation failed.
org.apache.hadoop.hdds.scm.exceptions.SCMException: Ratis pipeline number meets the limit: 4 factor : 3
	at org.apache.hadoop.hdds.scm.pipeline.RatisPipelineProvider.create(RatisPipelineProvider.java:166)
	at org.apache.hadoop.hdds.scm.pipeline.PipelineFactory.create(PipelineFactory.java:58)
	at org.apache.hadoop.hdds.scm.pipeline.SCMPipelineManager.createPipeline(SCMPipelineManager.java:151)
	at org.apache.hadoop.hdds.scm.pipeline.BackgroundPipelineCreator.createPipelines(BackgroundPipelineCreator.java:100)
	at java.util.concurrent.Executors$RunnableAdapter.call(Executors.java:511)
	at java.util.concurrent.FutureTask.run(FutureTask.java:266)
	at java.util.concurrent.ScheduledThreadPoolExecutor$ScheduledFutureTask.access$201(ScheduledThreadPoolExecutor.java:180)
	at java.util.concurrent.ScheduledThreadPoolExecutor$ScheduledFutureTask.run(ScheduledThreadPoolExecutor.java:293)
	at java.util.concurrent.ThreadPoolExecutor.runWorker(ThreadPoolExecutor.java:1149)
	at java.util.concurrent.ThreadPoolExecutor$Worker.run(ThreadPoolExecutor.java:624)
	at java.lang.Thread.run(Thread.java:748)
2019-10-24 07:32:28,315 [RatisPipelineUtilsThread] ERROR pipeline.SCMPipelineManager (SCMPipelineManager.java:createPipeline(161)) - Pipeline creation failed.
org.apache.hadoop.hdds.scm.exceptions.SCMException: Cannot create pipeline of factor 1 using 0 nodes. Used 3 nodes. Healthy nodes 3
	at org.apache.hadoop.hdds.scm.pipeline.RatisPipelineProvider.pickNodesNeverUsed(RatisPipelineProvider.java:128)
	at org.apache.hadoop.hdds.scm.pipeline.RatisPipelineProvider.create(RatisPipelineProvider.java:174)
	at org.apache.hadoop.hdds.scm.pipeline.PipelineFactory.create(PipelineFactory.java:58)
	at org.apache.hadoop.hdds.scm.pipeline.SCMPipelineManager.createPipeline(SCMPipelineManager.java:151)
	at org.apache.hadoop.hdds.scm.pipeline.BackgroundPipelineCreator.createPipelines(BackgroundPipelineCreator.java:100)
	at org.apache.hadoop.hdds.scm.pipeline.BackgroundPipelineCreator.lambda$startFixedIntervalPipelineCreator$0(BackgroundPipelineCreator.java:70)
	at java.util.concurrent.Executors$RunnableAdapter.call(Executors.java:511)
	at java.util.concurrent.FutureTask.runAndReset(FutureTask.java:308)
	at java.util.concurrent.ScheduledThreadPoolExecutor$ScheduledFutureTask.access$301(ScheduledThreadPoolExecutor.java:180)
	at java.util.concurrent.ScheduledThreadPoolExecutor$ScheduledFutureTask.run(ScheduledThreadPoolExecutor.java:294)
	at java.util.concurrent.ThreadPoolExecutor.runWorker(ThreadPoolExecutor.java:1149)
	at java.util.concurrent.ThreadPoolExecutor$Worker.run(ThreadPoolExecutor.java:624)
	at java.lang.Thread.run(Thread.java:748)
2019-10-24 07:32:28,316 [RatisPipelineUtilsThread] ERROR pipeline.SCMPipelineManager (SCMPipelineManager.java:createPipeline(161)) - Pipeline creation failed.
org.apache.hadoop.hdds.scm.exceptions.SCMException: Ratis pipeline number meets the limit: 4 factor : 3
	at org.apache.hadoop.hdds.scm.pipeline.RatisPipelineProvider.create(RatisPipelineProvider.java:166)
	at org.apache.hadoop.hdds.scm.pipeline.PipelineFactory.create(PipelineFactory.java:58)
	at org.apache.hadoop.hdds.scm.pipeline.SCMPipelineManager.createPipeline(SCMPipelineManager.java:151)
	at org.apache.hadoop.hdds.scm.pipeline.BackgroundPipelineCreator.createPipelines(BackgroundPipelineCreator.java:100)
	at org.apache.hadoop.hdds.scm.pipeline.BackgroundPipelineCreator.lambda$startFixedIntervalPipelineCreator$0(BackgroundPipelineCreator.java:70)
	at java.util.concurrent.Executors$RunnableAdapter.call(Executors.java:511)
	at java.util.concurrent.FutureTask.runAndReset(FutureTask.java:308)
	at java.util.concurrent.ScheduledThreadPoolExecutor$ScheduledFutureTask.access$301(ScheduledThreadPoolExecutor.java:180)
	at java.util.concurrent.ScheduledThreadPoolExecutor$ScheduledFutureTask.run(ScheduledThreadPoolExecutor.java:294)
	at java.util.concurrent.ThreadPoolExecutor.runWorker(ThreadPoolExecutor.java:1149)
	at java.util.concurrent.ThreadPoolExecutor$Worker.run(ThreadPoolExecutor.java:624)
	at java.lang.Thread.run(Thread.java:748)
2019-10-24 07:32:28,693 [main] INFO  rpc.RpcClient (RpcClient.java:createVolume(272)) - Creating Volume: testcontainerstatemachinefailures, with jenkins1000 as owner.
2019-10-24 07:32:28,807 [IPC Server handler 2 on 37909] INFO  volume.OMVolumeCreateRequest (OMVolumeCreateRequest.java:validateAndUpdateCache(193)) - created volume:testcontainerstatemachinefailures for user:jenkins1000
2019-10-24 07:32:29,111 [main] INFO  rpc.RpcClient (RpcClient.java:createBucket(411)) - Creating Bucket: testcontainerstatemachinefailures/testcontainerstatemachinefailures, with Versioning false and Storage Type set to DISK and Encryption set to false 
2019-10-24 07:32:29,303 [main] INFO  impl.MetricsSystemImpl (MetricsSystemImpl.java:init(158)) - XceiverClientMetrics metrics system started (again)
2019-10-24 07:32:30,078 [Thread-181] INFO  container.ReplicationManager (ReplicationManager.java:start(163)) - Starting Replication Monitor Thread.
2019-10-24 07:32:30,086 [ReplicationMonitor] INFO  container.ReplicationManager (ReplicationManager.java:run(226)) - Replication Monitor Thread took 5 milliseconds for processing 1 containers.
2019-10-24 07:32:32,745 [Thread-186] INFO  impl.FollowerState (FollowerState.java:run(108)) - e0ed10f2-3224-42fb-9fee-fcf0e55d7c66@group-066770EFE6C8-FollowerState: change to CANDIDATE, lastRpcTime:5004ms, electionTimeout:5004ms
2019-10-24 07:32:32,748 [Thread-186] INFO  impl.RoleInfo (RoleInfo.java:shutdownFollowerState(121)) - e0ed10f2-3224-42fb-9fee-fcf0e55d7c66: shutdown FollowerState
2019-10-24 07:32:32,748 [Thread-186] INFO  impl.RaftServerImpl (RaftServerImpl.java:setRole(170)) - e0ed10f2-3224-42fb-9fee-fcf0e55d7c66@group-066770EFE6C8: changes role from  FOLLOWER to CANDIDATE at term 0 for changeToCandidate
2019-10-24 07:32:32,756 [Thread-186] INFO  impl.RoleInfo (RoleInfo.java:updateAndGet(143)) - e0ed10f2-3224-42fb-9fee-fcf0e55d7c66: start LeaderElection
2019-10-24 07:32:32,781 [e0ed10f2-3224-42fb-9fee-fcf0e55d7c66@group-066770EFE6C8-LeaderElection1] INFO  impl.LeaderElection (LeaderElection.java:askForVotes(178)) - e0ed10f2-3224-42fb-9fee-fcf0e55d7c66@group-066770EFE6C8-LeaderElection1: begin an election at term 1 for -1: [e0ed10f2-3224-42fb-9fee-fcf0e55d7c66:192.168.164.194:44281], old=null
2019-10-24 07:32:32,782 [e0ed10f2-3224-42fb-9fee-fcf0e55d7c66@group-066770EFE6C8-LeaderElection1] INFO  impl.RoleInfo (RoleInfo.java:shutdownLeaderElection(134)) - e0ed10f2-3224-42fb-9fee-fcf0e55d7c66: shutdown LeaderElection
2019-10-24 07:32:32,783 [e0ed10f2-3224-42fb-9fee-fcf0e55d7c66@group-066770EFE6C8-LeaderElection1] INFO  impl.RaftServerImpl (RaftServerImpl.java:setRole(170)) - e0ed10f2-3224-42fb-9fee-fcf0e55d7c66@group-066770EFE6C8: changes role from CANDIDATE to LEADER at term 1 for changeToLeader
2019-10-24 07:32:32,783 [e0ed10f2-3224-42fb-9fee-fcf0e55d7c66@group-066770EFE6C8-LeaderElection1] INFO  impl.RaftServerImpl (ServerState.java:setLeader(255)) - e0ed10f2-3224-42fb-9fee-fcf0e55d7c66@group-066770EFE6C8: change Leader from null to e0ed10f2-3224-42fb-9fee-fcf0e55d7c66 at term 1 for becomeLeader, leader elected after 5159ms
2019-10-24 07:32:32,788 [e0ed10f2-3224-42fb-9fee-fcf0e55d7c66@group-066770EFE6C8-LeaderElection1] INFO  server.RaftServerConfigKeys (ConfUtils.java:logGet(43)) - raft.server.staging.catchup.gap = 1000 (default)
2019-10-24 07:32:32,788 [e0ed10f2-3224-42fb-9fee-fcf0e55d7c66@group-066770EFE6C8-LeaderElection1] INFO  server.RaftServerConfigKeys (ConfUtils.java:logGet(43)) - raft.server.rpc.sleep.time = 25ms (default)
2019-10-24 07:32:32,792 [e0ed10f2-3224-42fb-9fee-fcf0e55d7c66@group-066770EFE6C8-LeaderElection1] INFO  server.RaftServerConfigKeys (ConfUtils.java:logGet(43)) - raft.server.write.element-limit = 4096 (default)
2019-10-24 07:32:32,794 [e0ed10f2-3224-42fb-9fee-fcf0e55d7c66@group-066770EFE6C8-LeaderElection1] INFO  server.RaftServerConfigKeys (ConfUtils.java:logGet(43)) - raft.server.watch.timeout = 10s (default)
2019-10-24 07:32:32,794 [e0ed10f2-3224-42fb-9fee-fcf0e55d7c66@group-066770EFE6C8-LeaderElection1] INFO  server.RaftServerConfigKeys (ConfUtils.java:logGet(43)) - raft.server.watch.timeout.denomination = 1s (default)
2019-10-24 07:32:32,795 [e0ed10f2-3224-42fb-9fee-fcf0e55d7c66@group-066770EFE6C8-LeaderElection1] INFO  server.RaftServerConfigKeys (ConfUtils.java:logGet(43)) - raft.server.watch.element-limit = 65536 (default)
2019-10-24 07:32:32,804 [e0ed10f2-3224-42fb-9fee-fcf0e55d7c66@group-066770EFE6C8-LeaderElection1] INFO  impl.RoleInfo (RoleInfo.java:updateAndGet(143)) - e0ed10f2-3224-42fb-9fee-fcf0e55d7c66: start LeaderState
2019-10-24 07:32:32,822 [e0ed10f2-3224-42fb-9fee-fcf0e55d7c66@group-066770EFE6C8-LeaderElection1] INFO  segmented.SegmentedRaftLogWorker (SegmentedRaftLogWorker.java:startLogSegment(385)) - e0ed10f2-3224-42fb-9fee-fcf0e55d7c66@group-066770EFE6C8-SegmentedRaftLogWorker: Starting segment from index:0
2019-10-24 07:32:32,830 [e0ed10f2-3224-42fb-9fee-fcf0e55d7c66@group-066770EFE6C8-LeaderElection1] INFO  impl.RaftServerImpl (ServerState.java:setRaftConf(356)) - e0ed10f2-3224-42fb-9fee-fcf0e55d7c66@group-066770EFE6C8: set configuration 0: [e0ed10f2-3224-42fb-9fee-fcf0e55d7c66:192.168.164.194:44281], old=null at 0
2019-10-24 07:32:32,994 [e0ed10f2-3224-42fb-9fee-fcf0e55d7c66@group-066770EFE6C8-SegmentedRaftLogWorker] INFO  segmented.SegmentedRaftLogWorker (SegmentedRaftLogWorker.java:execute(574)) - e0ed10f2-3224-42fb-9fee-fcf0e55d7c66@group-066770EFE6C8-SegmentedRaftLogWorker: created new log segment /workdir/hadoop-ozone/integration-test/target/test-dir/MiniOzoneClusterImpl-94783617-520d-431f-bfa8-8bf76244d9bc/datanode-0/data/ratis/39634d5a-e1fc-4135-b3b4-066770efe6c8/current/log_inprogress_0
2019-10-24 07:32:33,060 [Thread-189] INFO  impl.FollowerState (FollowerState.java:run(108)) - 1511a8b7-2741-4c2d-9317-1899631fe9c9@group-5D78F095CFE9-FollowerState: change to CANDIDATE, lastRpcTime:5154ms, electionTimeout:5153ms
2019-10-24 07:32:33,061 [Thread-189] INFO  impl.RoleInfo (RoleInfo.java:shutdownFollowerState(121)) - 1511a8b7-2741-4c2d-9317-1899631fe9c9: shutdown FollowerState
2019-10-24 07:32:33,062 [Thread-189] INFO  impl.RaftServerImpl (RaftServerImpl.java:setRole(170)) - 1511a8b7-2741-4c2d-9317-1899631fe9c9@group-5D78F095CFE9: changes role from  FOLLOWER to CANDIDATE at term 0 for changeToCandidate
2019-10-24 07:32:33,062 [Thread-189] INFO  impl.RoleInfo (RoleInfo.java:updateAndGet(143)) - 1511a8b7-2741-4c2d-9317-1899631fe9c9: start LeaderElection
2019-10-24 07:32:33,076 [1511a8b7-2741-4c2d-9317-1899631fe9c9@group-5D78F095CFE9-LeaderElection2] INFO  impl.LeaderElection (LeaderElection.java:askForVotes(178)) - 1511a8b7-2741-4c2d-9317-1899631fe9c9@group-5D78F095CFE9-LeaderElection2: begin an election at term 1 for -1: [1511a8b7-2741-4c2d-9317-1899631fe9c9:192.168.164.194:43544], old=null
2019-10-24 07:32:33,077 [1511a8b7-2741-4c2d-9317-1899631fe9c9@group-5D78F095CFE9-LeaderElection2] INFO  impl.RoleInfo (RoleInfo.java:shutdownLeaderElection(134)) - 1511a8b7-2741-4c2d-9317-1899631fe9c9: shutdown LeaderElection
2019-10-24 07:32:33,077 [1511a8b7-2741-4c2d-9317-1899631fe9c9@group-5D78F095CFE9-LeaderElection2] INFO  impl.RaftServerImpl (RaftServerImpl.java:setRole(170)) - 1511a8b7-2741-4c2d-9317-1899631fe9c9@group-5D78F095CFE9: changes role from CANDIDATE to LEADER at term 1 for changeToLeader
2019-10-24 07:32:33,077 [1511a8b7-2741-4c2d-9317-1899631fe9c9@group-5D78F095CFE9-LeaderElection2] INFO  impl.RaftServerImpl (ServerState.java:setLeader(255)) - 1511a8b7-2741-4c2d-9317-1899631fe9c9@group-5D78F095CFE9: change Leader from null to 1511a8b7-2741-4c2d-9317-1899631fe9c9 at term 1 for becomeLeader, leader elected after 5189ms
2019-10-24 07:32:33,077 [1511a8b7-2741-4c2d-9317-1899631fe9c9@group-5D78F095CFE9-LeaderElection2] INFO  server.RaftServerConfigKeys (ConfUtils.java:logGet(43)) - raft.server.staging.catchup.gap = 1000 (default)
2019-10-24 07:32:33,077 [1511a8b7-2741-4c2d-9317-1899631fe9c9@group-5D78F095CFE9-LeaderElection2] INFO  server.RaftServerConfigKeys (ConfUtils.java:logGet(43)) - raft.server.rpc.sleep.time = 25ms (default)
2019-10-24 07:32:33,078 [1511a8b7-2741-4c2d-9317-1899631fe9c9@group-5D78F095CFE9-LeaderElection2] INFO  server.RaftServerConfigKeys (ConfUtils.java:logGet(43)) - raft.server.write.element-limit = 4096 (default)
2019-10-24 07:32:33,078 [1511a8b7-2741-4c2d-9317-1899631fe9c9@group-5D78F095CFE9-LeaderElection2] INFO  server.RaftServerConfigKeys (ConfUtils.java:logGet(43)) - raft.server.watch.timeout = 10s (default)
2019-10-24 07:32:33,078 [1511a8b7-2741-4c2d-9317-1899631fe9c9@group-5D78F095CFE9-LeaderElection2] INFO  server.RaftServerConfigKeys (ConfUtils.java:logGet(43)) - raft.server.watch.timeout.denomination = 1s (default)
2019-10-24 07:32:33,078 [1511a8b7-2741-4c2d-9317-1899631fe9c9@group-5D78F095CFE9-LeaderElection2] INFO  server.RaftServerConfigKeys (ConfUtils.java:logGet(43)) - raft.server.watch.element-limit = 65536 (default)
2019-10-24 07:32:33,081 [1511a8b7-2741-4c2d-9317-1899631fe9c9@group-5D78F095CFE9-LeaderElection2] INFO  impl.RoleInfo (RoleInfo.java:updateAndGet(143)) - 1511a8b7-2741-4c2d-9317-1899631fe9c9: start LeaderState
2019-10-24 07:32:33,081 [1511a8b7-2741-4c2d-9317-1899631fe9c9@group-5D78F095CFE9-LeaderElection2] INFO  segmented.SegmentedRaftLogWorker (SegmentedRaftLogWorker.java:startLogSegment(385)) - 1511a8b7-2741-4c2d-9317-1899631fe9c9@group-5D78F095CFE9-SegmentedRaftLogWorker: Starting segment from index:0
2019-10-24 07:32:33,082 [1511a8b7-2741-4c2d-9317-1899631fe9c9@group-5D78F095CFE9-LeaderElection2] INFO  impl.RaftServerImpl (ServerState.java:setRaftConf(356)) - 1511a8b7-2741-4c2d-9317-1899631fe9c9@group-5D78F095CFE9: set configuration 0: [1511a8b7-2741-4c2d-9317-1899631fe9c9:192.168.164.194:43544], old=null at 0
2019-10-24 07:32:33,139 [1511a8b7-2741-4c2d-9317-1899631fe9c9@group-5D78F095CFE9-SegmentedRaftLogWorker] INFO  segmented.SegmentedRaftLogWorker (SegmentedRaftLogWorker.java:execute(574)) - 1511a8b7-2741-4c2d-9317-1899631fe9c9@group-5D78F095CFE9-SegmentedRaftLogWorker: created new log segment /workdir/hadoop-ozone/integration-test/target/test-dir/MiniOzoneClusterImpl-94783617-520d-431f-bfa8-8bf76244d9bc/datanode-1/data/ratis/41465c13-b81c-44af-b4de-5d78f095cfe9/current/log_inprogress_0
2019-10-24 07:32:33,182 [Thread-192] INFO  impl.FollowerState (FollowerState.java:run(108)) - 6f89809c-7abc-423e-b97b-03c6b4343e46@group-8A24D736DBE7-FollowerState: change to CANDIDATE, lastRpcTime:5147ms, electionTimeout:5147ms
2019-10-24 07:32:33,182 [Thread-192] INFO  impl.RoleInfo (RoleInfo.java:shutdownFollowerState(121)) - 6f89809c-7abc-423e-b97b-03c6b4343e46: shutdown FollowerState
2019-10-24 07:32:33,182 [Thread-192] INFO  impl.RaftServerImpl (RaftServerImpl.java:setRole(170)) - 6f89809c-7abc-423e-b97b-03c6b4343e46@group-8A24D736DBE7: changes role from  FOLLOWER to CANDIDATE at term 0 for changeToCandidate
2019-10-24 07:32:33,182 [Thread-192] INFO  impl.RoleInfo (RoleInfo.java:updateAndGet(143)) - 6f89809c-7abc-423e-b97b-03c6b4343e46: start LeaderElection
2019-10-24 07:32:33,197 [6f89809c-7abc-423e-b97b-03c6b4343e46@group-8A24D736DBE7-LeaderElection3] INFO  impl.LeaderElection (LeaderElection.java:askForVotes(178)) - 6f89809c-7abc-423e-b97b-03c6b4343e46@group-8A24D736DBE7-LeaderElection3: begin an election at term 1 for -1: [6f89809c-7abc-423e-b97b-03c6b4343e46:192.168.164.194:43246], old=null
2019-10-24 07:32:33,197 [6f89809c-7abc-423e-b97b-03c6b4343e46@group-8A24D736DBE7-LeaderElection3] INFO  impl.RoleInfo (RoleInfo.java:shutdownLeaderElection(134)) - 6f89809c-7abc-423e-b97b-03c6b4343e46: shutdown LeaderElection
2019-10-24 07:32:33,197 [6f89809c-7abc-423e-b97b-03c6b4343e46@group-8A24D736DBE7-LeaderElection3] INFO  impl.RaftServerImpl (RaftServerImpl.java:setRole(170)) - 6f89809c-7abc-423e-b97b-03c6b4343e46@group-8A24D736DBE7: changes role from CANDIDATE to LEADER at term 1 for changeToLeader
2019-10-24 07:32:33,198 [6f89809c-7abc-423e-b97b-03c6b4343e46@group-8A24D736DBE7-LeaderElection3] INFO  impl.RaftServerImpl (ServerState.java:setLeader(255)) - 6f89809c-7abc-423e-b97b-03c6b4343e46@group-8A24D736DBE7: change Leader from null to 6f89809c-7abc-423e-b97b-03c6b4343e46 at term 1 for becomeLeader, leader elected after 5193ms
2019-10-24 07:32:33,198 [6f89809c-7abc-423e-b97b-03c6b4343e46@group-8A24D736DBE7-LeaderElection3] INFO  server.RaftServerConfigKeys (ConfUtils.java:logGet(43)) - raft.server.staging.catchup.gap = 1000 (default)
2019-10-24 07:32:33,198 [6f89809c-7abc-423e-b97b-03c6b4343e46@group-8A24D736DBE7-LeaderElection3] INFO  server.RaftServerConfigKeys (ConfUtils.java:logGet(43)) - raft.server.rpc.sleep.time = 25ms (default)
2019-10-24 07:32:33,198 [6f89809c-7abc-423e-b97b-03c6b4343e46@group-8A24D736DBE7-LeaderElection3] INFO  server.RaftServerConfigKeys (ConfUtils.java:logGet(43)) - raft.server.write.element-limit = 4096 (default)
2019-10-24 07:32:33,198 [6f89809c-7abc-423e-b97b-03c6b4343e46@group-8A24D736DBE7-LeaderElection3] INFO  server.RaftServerConfigKeys (ConfUtils.java:logGet(43)) - raft.server.watch.timeout = 10s (default)
2019-10-24 07:32:33,198 [6f89809c-7abc-423e-b97b-03c6b4343e46@group-8A24D736DBE7-LeaderElection3] INFO  server.RaftServerConfigKeys (ConfUtils.java:logGet(43)) - raft.server.watch.timeout.denomination = 1s (default)
2019-10-24 07:32:33,198 [6f89809c-7abc-423e-b97b-03c6b4343e46@group-8A24D736DBE7-LeaderElection3] INFO  server.RaftServerConfigKeys (ConfUtils.java:logGet(43)) - raft.server.watch.element-limit = 65536 (default)
2019-10-24 07:32:33,200 [6f89809c-7abc-423e-b97b-03c6b4343e46@group-8A24D736DBE7-LeaderElection3] INFO  impl.RoleInfo (RoleInfo.java:updateAndGet(143)) - 6f89809c-7abc-423e-b97b-03c6b4343e46: start LeaderState
2019-10-24 07:32:33,200 [6f89809c-7abc-423e-b97b-03c6b4343e46@group-8A24D736DBE7-LeaderElection3] INFO  segmented.SegmentedRaftLogWorker (SegmentedRaftLogWorker.java:startLogSegment(385)) - 6f89809c-7abc-423e-b97b-03c6b4343e46@group-8A24D736DBE7-SegmentedRaftLogWorker: Starting segment from index:0
2019-10-24 07:32:33,201 [6f89809c-7abc-423e-b97b-03c6b4343e46@group-8A24D736DBE7-LeaderElection3] INFO  impl.RaftServerImpl (ServerState.java:setRaftConf(356)) - 6f89809c-7abc-423e-b97b-03c6b4343e46@group-8A24D736DBE7: set configuration 0: [6f89809c-7abc-423e-b97b-03c6b4343e46:192.168.164.194:43246], old=null at 0
2019-10-24 07:32:33,233 [Thread-198] INFO  impl.FollowerState (FollowerState.java:run(108)) - e0ed10f2-3224-42fb-9fee-fcf0e55d7c66@group-870F7E70D6B1-FollowerState: change to CANDIDATE, lastRpcTime:5062ms, electionTimeout:5035ms
2019-10-24 07:32:33,233 [Thread-198] INFO  impl.RoleInfo (RoleInfo.java:shutdownFollowerState(121)) - e0ed10f2-3224-42fb-9fee-fcf0e55d7c66: shutdown FollowerState
2019-10-24 07:32:33,233 [Thread-198] INFO  impl.RaftServerImpl (RaftServerImpl.java:setRole(170)) - e0ed10f2-3224-42fb-9fee-fcf0e55d7c66@group-870F7E70D6B1: changes role from  FOLLOWER to CANDIDATE at term 0 for changeToCandidate
2019-10-24 07:32:33,233 [Thread-198] INFO  impl.RoleInfo (RoleInfo.java:updateAndGet(143)) - e0ed10f2-3224-42fb-9fee-fcf0e55d7c66: start LeaderElection
2019-10-24 07:32:33,257 [6f89809c-7abc-423e-b97b-03c6b4343e46@group-8A24D736DBE7-SegmentedRaftLogWorker] INFO  segmented.SegmentedRaftLogWorker (SegmentedRaftLogWorker.java:execute(574)) - 6f89809c-7abc-423e-b97b-03c6b4343e46@group-8A24D736DBE7-SegmentedRaftLogWorker: created new log segment /workdir/hadoop-ozone/integration-test/target/test-dir/MiniOzoneClusterImpl-94783617-520d-431f-bfa8-8bf76244d9bc/datanode-2/data/ratis/ffad6123-6fe5-4f68-bbb8-8a24d736dbe7/current/log_inprogress_0
2019-10-24 07:32:33,257 [e0ed10f2-3224-42fb-9fee-fcf0e55d7c66@group-870F7E70D6B1-LeaderElection4] INFO  impl.LeaderElection (LeaderElection.java:askForVotes(178)) - e0ed10f2-3224-42fb-9fee-fcf0e55d7c66@group-870F7E70D6B1-LeaderElection4: begin an election at term 1 for -1: [e0ed10f2-3224-42fb-9fee-fcf0e55d7c66:192.168.164.194:44281, 1511a8b7-2741-4c2d-9317-1899631fe9c9:192.168.164.194:43544, 6f89809c-7abc-423e-b97b-03c6b4343e46:192.168.164.194:43246], old=null
2019-10-24 07:32:33,281 [grpc-default-executor-1] INFO  impl.RaftServerImpl (RaftServerImpl.java:setRole(170)) - 6f89809c-7abc-423e-b97b-03c6b4343e46@group-870F7E70D6B1: changes role from  FOLLOWER to FOLLOWER at term 1 for recognizeCandidate:e0ed10f2-3224-42fb-9fee-fcf0e55d7c66
2019-10-24 07:32:33,281 [grpc-default-executor-0] INFO  impl.RaftServerImpl (RaftServerImpl.java:setRole(170)) - 1511a8b7-2741-4c2d-9317-1899631fe9c9@group-870F7E70D6B1: changes role from  FOLLOWER to FOLLOWER at term 1 for recognizeCandidate:e0ed10f2-3224-42fb-9fee-fcf0e55d7c66
2019-10-24 07:32:33,282 [grpc-default-executor-1] INFO  impl.RoleInfo (RoleInfo.java:shutdownFollowerState(121)) - 6f89809c-7abc-423e-b97b-03c6b4343e46: shutdown FollowerState
2019-10-24 07:32:33,282 [grpc-default-executor-0] INFO  impl.RoleInfo (RoleInfo.java:shutdownFollowerState(121)) - 1511a8b7-2741-4c2d-9317-1899631fe9c9: shutdown FollowerState
2019-10-24 07:32:33,282 [grpc-default-executor-1] INFO  impl.RoleInfo (RoleInfo.java:updateAndGet(143)) - 6f89809c-7abc-423e-b97b-03c6b4343e46: start FollowerState
2019-10-24 07:32:33,282 [grpc-default-executor-0] INFO  impl.RoleInfo (RoleInfo.java:updateAndGet(143)) - 1511a8b7-2741-4c2d-9317-1899631fe9c9: start FollowerState
2019-10-24 07:32:33,282 [Thread-197] INFO  impl.FollowerState (FollowerState.java:run(117)) - 1511a8b7-2741-4c2d-9317-1899631fe9c9@group-870F7E70D6B1-FollowerState was interrupted: java.lang.InterruptedException: sleep interrupted
2019-10-24 07:32:33,282 [Thread-199] INFO  impl.FollowerState (FollowerState.java:run(117)) - 6f89809c-7abc-423e-b97b-03c6b4343e46@group-870F7E70D6B1-FollowerState was interrupted: java.lang.InterruptedException: sleep interrupted
2019-10-24 07:32:33,297 [Thread-209] INFO  impl.FollowerState (FollowerState.java:run(108)) - 1511a8b7-2741-4c2d-9317-1899631fe9c9@group-AC59B62BA460-FollowerState: change to CANDIDATE, lastRpcTime:5001ms, electionTimeout:5001ms
2019-10-24 07:32:33,297 [Thread-209] INFO  impl.RoleInfo (RoleInfo.java:shutdownFollowerState(121)) - 1511a8b7-2741-4c2d-9317-1899631fe9c9: shutdown FollowerState
2019-10-24 07:32:33,297 [Thread-209] INFO  impl.RaftServerImpl (RaftServerImpl.java:setRole(170)) - 1511a8b7-2741-4c2d-9317-1899631fe9c9@group-AC59B62BA460: changes role from  FOLLOWER to CANDIDATE at term 0 for changeToCandidate
2019-10-24 07:32:33,297 [Thread-209] INFO  impl.RoleInfo (RoleInfo.java:updateAndGet(143)) - 1511a8b7-2741-4c2d-9317-1899631fe9c9: start LeaderElection
2019-10-24 07:32:33,310 [Thread-206] INFO  impl.FollowerState (FollowerState.java:run(108)) - 6f89809c-7abc-423e-b97b-03c6b4343e46@group-AC59B62BA460-FollowerState: change to CANDIDATE, lastRpcTime:5019ms, electionTimeout:5018ms
2019-10-24 07:32:33,311 [Thread-206] INFO  impl.RoleInfo (RoleInfo.java:shutdownFollowerState(121)) - 6f89809c-7abc-423e-b97b-03c6b4343e46: shutdown FollowerState
2019-10-24 07:32:33,311 [Thread-206] INFO  impl.RaftServerImpl (RaftServerImpl.java:setRole(170)) - 6f89809c-7abc-423e-b97b-03c6b4343e46@group-AC59B62BA460: changes role from  FOLLOWER to CANDIDATE at term 0 for changeToCandidate
2019-10-24 07:32:33,311 [Thread-206] INFO  impl.RoleInfo (RoleInfo.java:updateAndGet(143)) - 6f89809c-7abc-423e-b97b-03c6b4343e46: start LeaderElection
2019-10-24 07:32:33,314 [1511a8b7-2741-4c2d-9317-1899631fe9c9@group-AC59B62BA460-LeaderElection5] INFO  impl.LeaderElection (LeaderElection.java:askForVotes(178)) - 1511a8b7-2741-4c2d-9317-1899631fe9c9@group-AC59B62BA460-LeaderElection5: begin an election at term 1 for -1: [e0ed10f2-3224-42fb-9fee-fcf0e55d7c66:192.168.164.194:44281, 6f89809c-7abc-423e-b97b-03c6b4343e46:192.168.164.194:43246, 1511a8b7-2741-4c2d-9317-1899631fe9c9:192.168.164.194:43544], old=null
2019-10-24 07:32:33,315 [e0ed10f2-3224-42fb-9fee-fcf0e55d7c66@group-870F7E70D6B1-LeaderElection4] INFO  impl.LeaderElection (LeaderElection.java:logAndReturn(56)) - e0ed10f2-3224-42fb-9fee-fcf0e55d7c66@group-870F7E70D6B1-LeaderElection4: Election PASSED; received 1 response(s) [e0ed10f2-3224-42fb-9fee-fcf0e55d7c66<-6f89809c-7abc-423e-b97b-03c6b4343e46#0:OK-t1] and 0 exception(s); e0ed10f2-3224-42fb-9fee-fcf0e55d7c66@group-870F7E70D6B1:t1, leader=null, voted=e0ed10f2-3224-42fb-9fee-fcf0e55d7c66, raftlog=e0ed10f2-3224-42fb-9fee-fcf0e55d7c66@group-870F7E70D6B1-SegmentedRaftLog:OPENED:c-1,f-1,i0, conf=-1: [e0ed10f2-3224-42fb-9fee-fcf0e55d7c66:192.168.164.194:44281, 1511a8b7-2741-4c2d-9317-1899631fe9c9:192.168.164.194:43544, 6f89809c-7abc-423e-b97b-03c6b4343e46:192.168.164.194:43246], old=null
2019-10-24 07:32:33,316 [6f89809c-7abc-423e-b97b-03c6b4343e46@group-AC59B62BA460-LeaderElection6] INFO  impl.LeaderElection (LeaderElection.java:askForVotes(178)) - 6f89809c-7abc-423e-b97b-03c6b4343e46@group-AC59B62BA460-LeaderElection6: begin an election at term 1 for -1: [e0ed10f2-3224-42fb-9fee-fcf0e55d7c66:192.168.164.194:44281, 6f89809c-7abc-423e-b97b-03c6b4343e46:192.168.164.194:43246, 1511a8b7-2741-4c2d-9317-1899631fe9c9:192.168.164.194:43544], old=null
2019-10-24 07:32:33,316 [e0ed10f2-3224-42fb-9fee-fcf0e55d7c66@group-870F7E70D6B1-LeaderElection4] INFO  impl.RoleInfo (RoleInfo.java:shutdownLeaderElection(134)) - e0ed10f2-3224-42fb-9fee-fcf0e55d7c66: shutdown LeaderElection
2019-10-24 07:32:33,319 [e0ed10f2-3224-42fb-9fee-fcf0e55d7c66@group-870F7E70D6B1-LeaderElection4] INFO  impl.RaftServerImpl (RaftServerImpl.java:setRole(170)) - e0ed10f2-3224-42fb-9fee-fcf0e55d7c66@group-870F7E70D6B1: changes role from CANDIDATE to LEADER at term 1 for changeToLeader
2019-10-24 07:32:33,320 [e0ed10f2-3224-42fb-9fee-fcf0e55d7c66@group-870F7E70D6B1-LeaderElection4] INFO  impl.RaftServerImpl (ServerState.java:setLeader(255)) - e0ed10f2-3224-42fb-9fee-fcf0e55d7c66@group-870F7E70D6B1: change Leader from null to e0ed10f2-3224-42fb-9fee-fcf0e55d7c66 at term 1 for becomeLeader, leader elected after 5167ms
2019-10-24 07:32:33,320 [e0ed10f2-3224-42fb-9fee-fcf0e55d7c66@group-870F7E70D6B1-LeaderElection4] INFO  server.RaftServerConfigKeys (ConfUtils.java:logGet(43)) - raft.server.staging.catchup.gap = 1000 (default)
2019-10-24 07:32:33,321 [e0ed10f2-3224-42fb-9fee-fcf0e55d7c66@group-870F7E70D6B1-LeaderElection4] INFO  server.RaftServerConfigKeys (ConfUtils.java:logGet(43)) - raft.server.rpc.sleep.time = 25ms (default)
2019-10-24 07:32:33,321 [e0ed10f2-3224-42fb-9fee-fcf0e55d7c66@group-870F7E70D6B1-LeaderElection4] INFO  server.RaftServerConfigKeys (ConfUtils.java:logGet(43)) - raft.server.write.element-limit = 4096 (default)
2019-10-24 07:32:33,322 [e0ed10f2-3224-42fb-9fee-fcf0e55d7c66@group-870F7E70D6B1-LeaderElection4] INFO  server.RaftServerConfigKeys (ConfUtils.java:logGet(43)) - raft.server.watch.timeout = 10s (default)
2019-10-24 07:32:33,323 [e0ed10f2-3224-42fb-9fee-fcf0e55d7c66@group-870F7E70D6B1-LeaderElection4] INFO  server.RaftServerConfigKeys (ConfUtils.java:logGet(43)) - raft.server.watch.timeout.denomination = 1s (default)
2019-10-24 07:32:33,324 [e0ed10f2-3224-42fb-9fee-fcf0e55d7c66@group-870F7E70D6B1-LeaderElection4] INFO  server.RaftServerConfigKeys (ConfUtils.java:logGet(43)) - raft.server.watch.element-limit = 65536 (default)
2019-10-24 07:32:33,340 [e0ed10f2-3224-42fb-9fee-fcf0e55d7c66@group-870F7E70D6B1-LeaderElection4] INFO  server.RaftServerConfigKeys (ConfUtils.java:logGet(43)) - raft.server.log.appender.snapshot.chunk.size.max = 16MB (=16777216) (default)
2019-10-24 07:32:33,340 [e0ed10f2-3224-42fb-9fee-fcf0e55d7c66@group-870F7E70D6B1-LeaderElection4] INFO  server.RaftServerConfigKeys (ConfUtils.java:logGet(43)) - raft.server.log.appender.buffer.byte-limit = 33554432 (custom)
2019-10-24 07:32:33,344 [e0ed10f2-3224-42fb-9fee-fcf0e55d7c66@group-870F7E70D6B1-LeaderElection4] INFO  server.RaftServerConfigKeys (ConfUtils.java:logGet(43)) - raft.server.log.appender.buffer.element-limit = 1 (custom)
2019-10-24 07:32:33,345 [grpc-default-executor-3] INFO  impl.RaftServerImpl (RaftServerImpl.java:setRole(170)) - e0ed10f2-3224-42fb-9fee-fcf0e55d7c66@group-AC59B62BA460: changes role from  FOLLOWER to FOLLOWER at term 1 for recognizeCandidate:1511a8b7-2741-4c2d-9317-1899631fe9c9
2019-10-24 07:32:33,346 [grpc-default-executor-3] INFO  impl.RoleInfo (RoleInfo.java:shutdownFollowerState(121)) - e0ed10f2-3224-42fb-9fee-fcf0e55d7c66: shutdown FollowerState
2019-10-24 07:32:33,347 [Thread-207] INFO  impl.FollowerState (FollowerState.java:run(117)) - e0ed10f2-3224-42fb-9fee-fcf0e55d7c66@group-AC59B62BA460-FollowerState was interrupted: java.lang.InterruptedException: sleep interrupted
2019-10-24 07:32:33,347 [grpc-default-executor-3] INFO  impl.RoleInfo (RoleInfo.java:updateAndGet(143)) - e0ed10f2-3224-42fb-9fee-fcf0e55d7c66: start FollowerState
2019-10-24 07:32:33,352 [e0ed10f2-3224-42fb-9fee-fcf0e55d7c66@group-870F7E70D6B1-LeaderElection4] INFO  grpc.GrpcConfigKeys$Server (ConfUtils.java:logGet(43)) - raft.grpc.server.leader.outstanding.appends.max = 128 (default)
2019-10-24 07:32:33,355 [e0ed10f2-3224-42fb-9fee-fcf0e55d7c66@group-870F7E70D6B1-LeaderElection4] INFO  server.RaftServerConfigKeys (ConfUtils.java:logGet(43)) - raft.server.rpc.request.timeout = 3000ms (default)
2019-10-24 07:32:33,355 [e0ed10f2-3224-42fb-9fee-fcf0e55d7c66@group-870F7E70D6B1-LeaderElection4] INFO  server.RaftServerConfigKeys (ConfUtils.java:logGet(43)) - raft.server.log.appender.install.snapshot.enabled = false (custom)
2019-10-24 07:32:33,356 [e0ed10f2-3224-42fb-9fee-fcf0e55d7c66@group-870F7E70D6B1-LeaderElection4] INFO  server.RaftServerConfigKeys (ConfUtils.java:logGet(43)) - raft.server.log.appender.snapshot.chunk.size.max = 16MB (=16777216) (default)
2019-10-24 07:32:33,356 [e0ed10f2-3224-42fb-9fee-fcf0e55d7c66@group-870F7E70D6B1-LeaderElection4] INFO  server.RaftServerConfigKeys (ConfUtils.java:logGet(43)) - raft.server.log.appender.buffer.byte-limit = 33554432 (custom)
2019-10-24 07:32:33,357 [e0ed10f2-3224-42fb-9fee-fcf0e55d7c66@group-870F7E70D6B1-LeaderElection4] INFO  server.RaftServerConfigKeys (ConfUtils.java:logGet(43)) - raft.server.log.appender.buffer.element-limit = 1 (custom)
2019-10-24 07:32:33,357 [e0ed10f2-3224-42fb-9fee-fcf0e55d7c66@group-870F7E70D6B1-LeaderElection4] INFO  grpc.GrpcConfigKeys$Server (ConfUtils.java:logGet(43)) - raft.grpc.server.leader.outstanding.appends.max = 128 (default)
2019-10-24 07:32:33,357 [e0ed10f2-3224-42fb-9fee-fcf0e55d7c66@group-870F7E70D6B1-LeaderElection4] INFO  server.RaftServerConfigKeys (ConfUtils.java:logGet(43)) - raft.server.rpc.request.timeout = 3000ms (default)
2019-10-24 07:32:33,357 [e0ed10f2-3224-42fb-9fee-fcf0e55d7c66@group-870F7E70D6B1-LeaderElection4] INFO  server.RaftServerConfigKeys (ConfUtils.java:logGet(43)) - raft.server.log.appender.install.snapshot.enabled = false (custom)
2019-10-24 07:32:33,359 [e0ed10f2-3224-42fb-9fee-fcf0e55d7c66@group-870F7E70D6B1-LeaderElection4] INFO  impl.RoleInfo (RoleInfo.java:updateAndGet(143)) - e0ed10f2-3224-42fb-9fee-fcf0e55d7c66: start LeaderState
2019-10-24 07:32:33,359 [e0ed10f2-3224-42fb-9fee-fcf0e55d7c66@group-870F7E70D6B1-LeaderElection4] INFO  segmented.SegmentedRaftLogWorker (SegmentedRaftLogWorker.java:startLogSegment(385)) - e0ed10f2-3224-42fb-9fee-fcf0e55d7c66@group-870F7E70D6B1-SegmentedRaftLogWorker: Starting segment from index:0
2019-10-24 07:32:33,360 [e0ed10f2-3224-42fb-9fee-fcf0e55d7c66@group-870F7E70D6B1-LeaderElection4] INFO  impl.RaftServerImpl (ServerState.java:setRaftConf(356)) - e0ed10f2-3224-42fb-9fee-fcf0e55d7c66@group-870F7E70D6B1: set configuration 0: [e0ed10f2-3224-42fb-9fee-fcf0e55d7c66:192.168.164.194:44281, 1511a8b7-2741-4c2d-9317-1899631fe9c9:192.168.164.194:43544, 6f89809c-7abc-423e-b97b-03c6b4343e46:192.168.164.194:43246], old=null at 0
2019-10-24 07:32:33,400 [6f89809c-7abc-423e-b97b-03c6b4343e46@group-AC59B62BA460-LeaderElection6] INFO  impl.LeaderElection (LeaderElection.java:logAndReturn(56)) - 6f89809c-7abc-423e-b97b-03c6b4343e46@group-AC59B62BA460-LeaderElection6: Election REJECTED; received 2 response(s) [6f89809c-7abc-423e-b97b-03c6b4343e46<-e0ed10f2-3224-42fb-9fee-fcf0e55d7c66#0:FAIL-t1, 6f89809c-7abc-423e-b97b-03c6b4343e46<-1511a8b7-2741-4c2d-9317-1899631fe9c9#0:FAIL-t1] and 0 exception(s); 6f89809c-7abc-423e-b97b-03c6b4343e46@group-AC59B62BA460:t1, leader=null, voted=6f89809c-7abc-423e-b97b-03c6b4343e46, raftlog=6f89809c-7abc-423e-b97b-03c6b4343e46@group-AC59B62BA460-SegmentedRaftLog:OPENED:c-1,f-1,i0, conf=-1: [e0ed10f2-3224-42fb-9fee-fcf0e55d7c66:192.168.164.194:44281, 6f89809c-7abc-423e-b97b-03c6b4343e46:192.168.164.194:43246, 1511a8b7-2741-4c2d-9317-1899631fe9c9:192.168.164.194:43544], old=null
2019-10-24 07:32:33,402 [6f89809c-7abc-423e-b97b-03c6b4343e46@group-AC59B62BA460-LeaderElection6] INFO  impl.RaftServerImpl (RaftServerImpl.java:setRole(170)) - 6f89809c-7abc-423e-b97b-03c6b4343e46@group-AC59B62BA460: changes role from CANDIDATE to FOLLOWER at term 1 for DISCOVERED_A_NEW_TERM
2019-10-24 07:32:33,406 [6f89809c-7abc-423e-b97b-03c6b4343e46@group-AC59B62BA460-LeaderElection6] INFO  impl.RoleInfo (RoleInfo.java:shutdownLeaderElection(134)) - 6f89809c-7abc-423e-b97b-03c6b4343e46: shutdown LeaderElection
2019-10-24 07:32:33,406 [6f89809c-7abc-423e-b97b-03c6b4343e46@group-AC59B62BA460-LeaderElection6] INFO  impl.RoleInfo (RoleInfo.java:updateAndGet(143)) - 6f89809c-7abc-423e-b97b-03c6b4343e46: start FollowerState
2019-10-24 07:32:33,408 [1511a8b7-2741-4c2d-9317-1899631fe9c9@group-AC59B62BA460-LeaderElection5] INFO  impl.LeaderElection (LeaderElection.java:logAndReturn(56)) - 1511a8b7-2741-4c2d-9317-1899631fe9c9@group-AC59B62BA460-LeaderElection5: Election PASSED; received 2 response(s) [1511a8b7-2741-4c2d-9317-1899631fe9c9<-e0ed10f2-3224-42fb-9fee-fcf0e55d7c66#0:OK-t1, 1511a8b7-2741-4c2d-9317-1899631fe9c9<-6f89809c-7abc-423e-b97b-03c6b4343e46#0:FAIL-t1] and 0 exception(s); 1511a8b7-2741-4c2d-9317-1899631fe9c9@group-AC59B62BA460:t1, leader=null, voted=1511a8b7-2741-4c2d-9317-1899631fe9c9, raftlog=1511a8b7-2741-4c2d-9317-1899631fe9c9@group-AC59B62BA460-SegmentedRaftLog:OPENED:c-1,f-1,i0, conf=-1: [e0ed10f2-3224-42fb-9fee-fcf0e55d7c66:192.168.164.194:44281, 6f89809c-7abc-423e-b97b-03c6b4343e46:192.168.164.194:43246, 1511a8b7-2741-4c2d-9317-1899631fe9c9:192.168.164.194:43544], old=null
2019-10-24 07:32:33,409 [1511a8b7-2741-4c2d-9317-1899631fe9c9@group-AC59B62BA460-LeaderElection5] INFO  impl.RoleInfo (RoleInfo.java:shutdownLeaderElection(134)) - 1511a8b7-2741-4c2d-9317-1899631fe9c9: shutdown LeaderElection
2019-10-24 07:32:33,409 [1511a8b7-2741-4c2d-9317-1899631fe9c9@group-AC59B62BA460-LeaderElection5] INFO  impl.RaftServerImpl (RaftServerImpl.java:setRole(170)) - 1511a8b7-2741-4c2d-9317-1899631fe9c9@group-AC59B62BA460: changes role from CANDIDATE to LEADER at term 1 for changeToLeader
2019-10-24 07:32:33,410 [1511a8b7-2741-4c2d-9317-1899631fe9c9@group-AC59B62BA460-LeaderElection5] INFO  impl.RaftServerImpl (ServerState.java:setLeader(255)) - 1511a8b7-2741-4c2d-9317-1899631fe9c9@group-AC59B62BA460: change Leader from null to 1511a8b7-2741-4c2d-9317-1899631fe9c9 at term 1 for becomeLeader, leader elected after 5128ms
2019-10-24 07:32:33,410 [1511a8b7-2741-4c2d-9317-1899631fe9c9@group-AC59B62BA460-LeaderElection5] INFO  server.RaftServerConfigKeys (ConfUtils.java:logGet(43)) - raft.server.staging.catchup.gap = 1000 (default)
2019-10-24 07:32:33,410 [1511a8b7-2741-4c2d-9317-1899631fe9c9@group-AC59B62BA460-LeaderElection5] INFO  server.RaftServerConfigKeys (ConfUtils.java:logGet(43)) - raft.server.rpc.sleep.time = 25ms (default)
2019-10-24 07:32:33,410 [1511a8b7-2741-4c2d-9317-1899631fe9c9@group-AC59B62BA460-LeaderElection5] INFO  server.RaftServerConfigKeys (ConfUtils.java:logGet(43)) - raft.server.write.element-limit = 4096 (default)
2019-10-24 07:32:33,410 [1511a8b7-2741-4c2d-9317-1899631fe9c9@group-AC59B62BA460-LeaderElection5] INFO  server.RaftServerConfigKeys (ConfUtils.java:logGet(43)) - raft.server.watch.timeout = 10s (default)
2019-10-24 07:32:33,411 [1511a8b7-2741-4c2d-9317-1899631fe9c9@group-AC59B62BA460-LeaderElection5] INFO  server.RaftServerConfigKeys (ConfUtils.java:logGet(43)) - raft.server.watch.timeout.denomination = 1s (default)
2019-10-24 07:32:33,411 [1511a8b7-2741-4c2d-9317-1899631fe9c9@group-AC59B62BA460-LeaderElection5] INFO  server.RaftServerConfigKeys (ConfUtils.java:logGet(43)) - raft.server.watch.element-limit = 65536 (default)
2019-10-24 07:32:33,413 [1511a8b7-2741-4c2d-9317-1899631fe9c9@group-AC59B62BA460-LeaderElection5] INFO  server.RaftServerConfigKeys (ConfUtils.java:logGet(43)) - raft.server.log.appender.snapshot.chunk.size.max = 16MB (=16777216) (default)
2019-10-24 07:32:33,414 [1511a8b7-2741-4c2d-9317-1899631fe9c9@group-AC59B62BA460-LeaderElection5] INFO  server.RaftServerConfigKeys (ConfUtils.java:logGet(43)) - raft.server.log.appender.buffer.byte-limit = 33554432 (custom)
2019-10-24 07:32:33,414 [1511a8b7-2741-4c2d-9317-1899631fe9c9@group-AC59B62BA460-LeaderElection5] INFO  server.RaftServerConfigKeys (ConfUtils.java:logGet(43)) - raft.server.log.appender.buffer.element-limit = 1 (custom)
2019-10-24 07:32:33,414 [1511a8b7-2741-4c2d-9317-1899631fe9c9@group-AC59B62BA460-LeaderElection5] INFO  grpc.GrpcConfigKeys$Server (ConfUtils.java:logGet(43)) - raft.grpc.server.leader.outstanding.appends.max = 128 (default)
2019-10-24 07:32:33,415 [1511a8b7-2741-4c2d-9317-1899631fe9c9@group-AC59B62BA460-LeaderElection5] INFO  server.RaftServerConfigKeys (ConfUtils.java:logGet(43)) - raft.server.rpc.request.timeout = 3000ms (default)
2019-10-24 07:32:33,415 [1511a8b7-2741-4c2d-9317-1899631fe9c9@group-AC59B62BA460-LeaderElection5] INFO  server.RaftServerConfigKeys (ConfUtils.java:logGet(43)) - raft.server.log.appender.install.snapshot.enabled = false (custom)
2019-10-24 07:32:33,416 [1511a8b7-2741-4c2d-9317-1899631fe9c9@group-AC59B62BA460-LeaderElection5] INFO  server.RaftServerConfigKeys (ConfUtils.java:logGet(43)) - raft.server.log.appender.snapshot.chunk.size.max = 16MB (=16777216) (default)
2019-10-24 07:32:33,416 [e0ed10f2-3224-42fb-9fee-fcf0e55d7c66@group-870F7E70D6B1-SegmentedRaftLogWorker] INFO  segmented.SegmentedRaftLogWorker (SegmentedRaftLogWorker.java:execute(574)) - e0ed10f2-3224-42fb-9fee-fcf0e55d7c66@group-870F7E70D6B1-SegmentedRaftLogWorker: created new log segment /workdir/hadoop-ozone/integration-test/target/test-dir/MiniOzoneClusterImpl-94783617-520d-431f-bfa8-8bf76244d9bc/datanode-0/data/ratis/c690a9b5-90d2-4057-86e6-870f7e70d6b1/current/log_inprogress_0
2019-10-24 07:32:33,416 [1511a8b7-2741-4c2d-9317-1899631fe9c9@group-AC59B62BA460-LeaderElection5] INFO  server.RaftServerConfigKeys (ConfUtils.java:logGet(43)) - raft.server.log.appender.buffer.byte-limit = 33554432 (custom)
2019-10-24 07:32:33,417 [1511a8b7-2741-4c2d-9317-1899631fe9c9@group-AC59B62BA460-LeaderElection5] INFO  server.RaftServerConfigKeys (ConfUtils.java:logGet(43)) - raft.server.log.appender.buffer.element-limit = 1 (custom)
2019-10-24 07:32:33,417 [1511a8b7-2741-4c2d-9317-1899631fe9c9@group-AC59B62BA460-LeaderElection5] INFO  grpc.GrpcConfigKeys$Server (ConfUtils.java:logGet(43)) - raft.grpc.server.leader.outstanding.appends.max = 128 (default)
2019-10-24 07:32:33,417 [1511a8b7-2741-4c2d-9317-1899631fe9c9@group-AC59B62BA460-LeaderElection5] INFO  server.RaftServerConfigKeys (ConfUtils.java:logGet(43)) - raft.server.rpc.request.timeout = 3000ms (default)
2019-10-24 07:32:33,417 [1511a8b7-2741-4c2d-9317-1899631fe9c9@group-AC59B62BA460-LeaderElection5] INFO  server.RaftServerConfigKeys (ConfUtils.java:logGet(43)) - raft.server.log.appender.install.snapshot.enabled = false (custom)
2019-10-24 07:32:33,418 [1511a8b7-2741-4c2d-9317-1899631fe9c9@group-AC59B62BA460-LeaderElection5] INFO  impl.RoleInfo (RoleInfo.java:updateAndGet(143)) - 1511a8b7-2741-4c2d-9317-1899631fe9c9: start LeaderState
2019-10-24 07:32:33,418 [1511a8b7-2741-4c2d-9317-1899631fe9c9@group-AC59B62BA460-LeaderElection5] INFO  segmented.SegmentedRaftLogWorker (SegmentedRaftLogWorker.java:startLogSegment(385)) - 1511a8b7-2741-4c2d-9317-1899631fe9c9@group-AC59B62BA460-SegmentedRaftLogWorker: Starting segment from index:0
2019-10-24 07:32:33,419 [1511a8b7-2741-4c2d-9317-1899631fe9c9@group-AC59B62BA460-LeaderElection5] INFO  impl.RaftServerImpl (ServerState.java:setRaftConf(356)) - 1511a8b7-2741-4c2d-9317-1899631fe9c9@group-AC59B62BA460: set configuration 0: [e0ed10f2-3224-42fb-9fee-fcf0e55d7c66:192.168.164.194:44281, 6f89809c-7abc-423e-b97b-03c6b4343e46:192.168.164.194:43246, 1511a8b7-2741-4c2d-9317-1899631fe9c9:192.168.164.194:43544], old=null at 0
2019-10-24 07:32:33,451 [grpc-default-executor-3] INFO  impl.RaftServerImpl (ServerState.java:setLeader(255)) - 6f89809c-7abc-423e-b97b-03c6b4343e46@group-870F7E70D6B1: change Leader from null to e0ed10f2-3224-42fb-9fee-fcf0e55d7c66 at term 1 for appendEntries, leader elected after 5298ms
2019-10-24 07:32:33,452 [grpc-default-executor-0] INFO  impl.RaftServerImpl (ServerState.java:setLeader(255)) - e0ed10f2-3224-42fb-9fee-fcf0e55d7c66@group-AC59B62BA460: change Leader from null to 1511a8b7-2741-4c2d-9317-1899631fe9c9 at term 1 for appendEntries, leader elected after 5169ms
2019-10-24 07:32:33,453 [grpc-default-executor-2] INFO  impl.RaftServerImpl (ServerState.java:setLeader(255)) - 1511a8b7-2741-4c2d-9317-1899631fe9c9@group-870F7E70D6B1: change Leader from null to e0ed10f2-3224-42fb-9fee-fcf0e55d7c66 at term 1 for appendEntries, leader elected after 5300ms
2019-10-24 07:32:33,452 [grpc-default-executor-1] INFO  impl.RaftServerImpl (ServerState.java:setLeader(255)) - 6f89809c-7abc-423e-b97b-03c6b4343e46@group-AC59B62BA460: change Leader from null to 1511a8b7-2741-4c2d-9317-1899631fe9c9 at term 1 for appendEntries, leader elected after 5170ms
2019-10-24 07:32:33,454 [1511a8b7-2741-4c2d-9317-1899631fe9c9@group-AC59B62BA460-SegmentedRaftLogWorker] INFO  segmented.SegmentedRaftLogWorker (SegmentedRaftLogWorker.java:execute(574)) - 1511a8b7-2741-4c2d-9317-1899631fe9c9@group-AC59B62BA460-SegmentedRaftLogWorker: created new log segment /workdir/hadoop-ozone/integration-test/target/test-dir/MiniOzoneClusterImpl-94783617-520d-431f-bfa8-8bf76244d9bc/datanode-1/data/ratis/dc327d28-9378-44cd-9e5d-ac59b62ba460/current/log_inprogress_0
2019-10-24 07:32:33,477 [grpc-default-executor-3] INFO  impl.RaftServerImpl (ServerState.java:setRaftConf(356)) - 1511a8b7-2741-4c2d-9317-1899631fe9c9@group-870F7E70D6B1: set configuration 0: [e0ed10f2-3224-42fb-9fee-fcf0e55d7c66:192.168.164.194:44281, 1511a8b7-2741-4c2d-9317-1899631fe9c9:192.168.164.194:43544, 6f89809c-7abc-423e-b97b-03c6b4343e46:192.168.164.194:43246], old=null at 0
2019-10-24 07:32:33,477 [grpc-default-executor-2] INFO  impl.RaftServerImpl (ServerState.java:setRaftConf(356)) - 6f89809c-7abc-423e-b97b-03c6b4343e46@group-870F7E70D6B1: set configuration 0: [e0ed10f2-3224-42fb-9fee-fcf0e55d7c66:192.168.164.194:44281, 1511a8b7-2741-4c2d-9317-1899631fe9c9:192.168.164.194:43544, 6f89809c-7abc-423e-b97b-03c6b4343e46:192.168.164.194:43246], old=null at 0
2019-10-24 07:32:33,477 [grpc-default-executor-1] INFO  impl.RaftServerImpl (ServerState.java:setRaftConf(356)) - 6f89809c-7abc-423e-b97b-03c6b4343e46@group-AC59B62BA460: set configuration 0: [e0ed10f2-3224-42fb-9fee-fcf0e55d7c66:192.168.164.194:44281, 6f89809c-7abc-423e-b97b-03c6b4343e46:192.168.164.194:43246, 1511a8b7-2741-4c2d-9317-1899631fe9c9:192.168.164.194:43544], old=null at 0
2019-10-24 07:32:33,477 [grpc-default-executor-3] INFO  segmented.SegmentedRaftLogWorker (SegmentedRaftLogWorker.java:startLogSegment(385)) - 1511a8b7-2741-4c2d-9317-1899631fe9c9@group-870F7E70D6B1-SegmentedRaftLogWorker: Starting segment from index:0
2019-10-24 07:32:33,477 [grpc-default-executor-0] INFO  impl.RaftServerImpl (ServerState.java:setRaftConf(356)) - e0ed10f2-3224-42fb-9fee-fcf0e55d7c66@group-AC59B62BA460: set configuration 0: [e0ed10f2-3224-42fb-9fee-fcf0e55d7c66:192.168.164.194:44281, 6f89809c-7abc-423e-b97b-03c6b4343e46:192.168.164.194:43246, 1511a8b7-2741-4c2d-9317-1899631fe9c9:192.168.164.194:43544], old=null at 0
2019-10-24 07:32:33,477 [grpc-default-executor-1] INFO  segmented.SegmentedRaftLogWorker (SegmentedRaftLogWorker.java:startLogSegment(385)) - 6f89809c-7abc-423e-b97b-03c6b4343e46@group-AC59B62BA460-SegmentedRaftLogWorker: Starting segment from index:0
2019-10-24 07:32:33,477 [grpc-default-executor-2] INFO  segmented.SegmentedRaftLogWorker (SegmentedRaftLogWorker.java:startLogSegment(385)) - 6f89809c-7abc-423e-b97b-03c6b4343e46@group-870F7E70D6B1-SegmentedRaftLogWorker: Starting segment from index:0
2019-10-24 07:32:33,478 [grpc-default-executor-0] INFO  segmented.SegmentedRaftLogWorker (SegmentedRaftLogWorker.java:startLogSegment(385)) - e0ed10f2-3224-42fb-9fee-fcf0e55d7c66@group-AC59B62BA460-SegmentedRaftLogWorker: Starting segment from index:0
2019-10-24 07:32:33,531 [6f89809c-7abc-423e-b97b-03c6b4343e46@group-AC59B62BA460-SegmentedRaftLogWorker] INFO  segmented.SegmentedRaftLogWorker (SegmentedRaftLogWorker.java:execute(574)) - 6f89809c-7abc-423e-b97b-03c6b4343e46@group-AC59B62BA460-SegmentedRaftLogWorker: created new log segment /workdir/hadoop-ozone/integration-test/target/test-dir/MiniOzoneClusterImpl-94783617-520d-431f-bfa8-8bf76244d9bc/datanode-2/data/ratis/dc327d28-9378-44cd-9e5d-ac59b62ba460/current/log_inprogress_0
2019-10-24 07:32:33,532 [e0ed10f2-3224-42fb-9fee-fcf0e55d7c66@group-AC59B62BA460-SegmentedRaftLogWorker] INFO  segmented.SegmentedRaftLogWorker (SegmentedRaftLogWorker.java:execute(574)) - e0ed10f2-3224-42fb-9fee-fcf0e55d7c66@group-AC59B62BA460-SegmentedRaftLogWorker: created new log segment /workdir/hadoop-ozone/integration-test/target/test-dir/MiniOzoneClusterImpl-94783617-520d-431f-bfa8-8bf76244d9bc/datanode-0/data/ratis/dc327d28-9378-44cd-9e5d-ac59b62ba460/current/log_inprogress_0
2019-10-24 07:32:33,531 [1511a8b7-2741-4c2d-9317-1899631fe9c9@group-870F7E70D6B1-SegmentedRaftLogWorker] INFO  segmented.SegmentedRaftLogWorker (SegmentedRaftLogWorker.java:execute(574)) - 1511a8b7-2741-4c2d-9317-1899631fe9c9@group-870F7E70D6B1-SegmentedRaftLogWorker: created new log segment /workdir/hadoop-ozone/integration-test/target/test-dir/MiniOzoneClusterImpl-94783617-520d-431f-bfa8-8bf76244d9bc/datanode-1/data/ratis/c690a9b5-90d2-4057-86e6-870f7e70d6b1/current/log_inprogress_0
2019-10-24 07:32:33,531 [6f89809c-7abc-423e-b97b-03c6b4343e46@group-870F7E70D6B1-SegmentedRaftLogWorker] INFO  segmented.SegmentedRaftLogWorker (SegmentedRaftLogWorker.java:execute(574)) - 6f89809c-7abc-423e-b97b-03c6b4343e46@group-870F7E70D6B1-SegmentedRaftLogWorker: created new log segment /workdir/hadoop-ozone/integration-test/target/test-dir/MiniOzoneClusterImpl-94783617-520d-431f-bfa8-8bf76244d9bc/datanode-2/data/ratis/c690a9b5-90d2-4057-86e6-870f7e70d6b1/current/log_inprogress_0
2019-10-24 07:32:33,947 [Datanode State Machine Thread - 0] INFO  statemachine.DatanodeStateMachine (DatanodeStateMachine.java:lambda$startDaemon$0(350)) - Ozone container server started.
2019-10-24 07:32:38,922 [main] INFO  ozoneimpl.OzoneContainer (OzoneContainer.java:stop(227)) - Attempting to stop container services.
2019-10-24 07:32:38,924 [main] INFO  impl.RaftServerProxy (RaftServerProxy.java:lambda$close$4(314)) - 6f89809c-7abc-423e-b97b-03c6b4343e46: close
2019-10-24 07:32:38,926 [main] INFO  impl.RaftServerImpl (RaftServerImpl.java:lambda$shutdown$3(247)) - 6f89809c-7abc-423e-b97b-03c6b4343e46@group-AC59B62BA460: shutdown
2019-10-24 07:32:38,926 [ForkJoinPool.commonPool-worker-1] INFO  impl.RaftServerImpl (RaftServerImpl.java:lambda$shutdown$3(247)) - 6f89809c-7abc-423e-b97b-03c6b4343e46@group-870F7E70D6B1: shutdown
2019-10-24 07:32:38,926 [main] INFO  util.JmxRegister (JmxRegister.java:unregister(73)) - Successfully un-registered JMX Bean with object name Ratis:service=RaftServer,group=group-AC59B62BA460,id=6f89809c-7abc-423e-b97b-03c6b4343e46
2019-10-24 07:32:38,926 [ForkJoinPool.commonPool-worker-1] INFO  util.JmxRegister (JmxRegister.java:unregister(73)) - Successfully un-registered JMX Bean with object name Ratis:service=RaftServer,group=group-870F7E70D6B1,id=6f89809c-7abc-423e-b97b-03c6b4343e46
2019-10-24 07:32:38,927 [main] INFO  impl.RoleInfo (RoleInfo.java:shutdownFollowerState(121)) - 6f89809c-7abc-423e-b97b-03c6b4343e46: shutdown FollowerState
2019-10-24 07:32:38,927 [ForkJoinPool.commonPool-worker-1] INFO  impl.RoleInfo (RoleInfo.java:shutdownFollowerState(121)) - 6f89809c-7abc-423e-b97b-03c6b4343e46: shutdown FollowerState
2019-10-24 07:32:38,927 [Thread-264] INFO  impl.FollowerState (FollowerState.java:run(117)) - 6f89809c-7abc-423e-b97b-03c6b4343e46@group-AC59B62BA460-FollowerState was interrupted: java.lang.InterruptedException: sleep interrupted
2019-10-24 07:32:38,927 [main] INFO  impl.StateMachineUpdater (StateMachineUpdater.java:stopAndJoin(136)) - 6f89809c-7abc-423e-b97b-03c6b4343e46@group-AC59B62BA460-StateMachineUpdater: set stopIndex = 0
2019-10-24 07:32:38,930 [6f89809c-7abc-423e-b97b-03c6b4343e46@group-870F7E70D6B1-StateMachineUpdater] INFO  ratis.ContainerStateMachine (ContainerStateMachine.java:takeSnapshot(294)) - group-870F7E70D6B1: Taking a snapshot at:(t:1, i:3) file /workdir/hadoop-ozone/integration-test/target/test-dir/MiniOzoneClusterImpl-94783617-520d-431f-bfa8-8bf76244d9bc/datanode-2/data/ratis/c690a9b5-90d2-4057-86e6-870f7e70d6b1/sm/snapshot.1_3
2019-10-24 07:32:38,929 [Thread-249] INFO  impl.FollowerState (FollowerState.java:run(117)) - 6f89809c-7abc-423e-b97b-03c6b4343e46@group-870F7E70D6B1-FollowerState was interrupted: java.lang.InterruptedException: sleep interrupted
2019-10-24 07:32:38,927 [ForkJoinPool.commonPool-worker-1] INFO  impl.StateMachineUpdater (StateMachineUpdater.java:stopAndJoin(136)) - 6f89809c-7abc-423e-b97b-03c6b4343e46@group-870F7E70D6B1-StateMachineUpdater: set stopIndex = 4
2019-10-24 07:32:38,932 [main] INFO  impl.RaftServerImpl (ServerState.java:close(387)) - 6f89809c-7abc-423e-b97b-03c6b4343e46@group-AC59B62BA460: closes. applyIndex: 0
2019-10-24 07:32:38,936 [6f89809c-7abc-423e-b97b-03c6b4343e46@group-AC59B62BA460-SegmentedRaftLogWorker] INFO  segmented.SegmentedRaftLogWorker (SegmentedRaftLogWorker.java:run(316)) - 6f89809c-7abc-423e-b97b-03c6b4343e46@group-AC59B62BA460-SegmentedRaftLogWorker was interrupted, exiting. There are 0 tasks remaining in the queue.
2019-10-24 07:32:38,938 [main] INFO  segmented.SegmentedRaftLogWorker (SegmentedRaftLogWorker.java:close(224)) - 6f89809c-7abc-423e-b97b-03c6b4343e46@group-AC59B62BA460-SegmentedRaftLogWorker close()
2019-10-24 07:32:39,039 [6f89809c-7abc-423e-b97b-03c6b4343e46@group-870F7E70D6B1-StateMachineUpdater] INFO  ratis.ContainerStateMachine (ContainerStateMachine.java:takeSnapshot(305)) - group-870F7E70D6B1: Finished taking a snapshot at:(t:1, i:3) file:/workdir/hadoop-ozone/integration-test/target/test-dir/MiniOzoneClusterImpl-94783617-520d-431f-bfa8-8bf76244d9bc/datanode-2/data/ratis/c690a9b5-90d2-4057-86e6-870f7e70d6b1/sm/snapshot.1_3 time:112
2019-10-24 07:32:39,041 [6f89809c-7abc-423e-b97b-03c6b4343e46@group-870F7E70D6B1-StateMachineUpdater] INFO  impl.StateMachineUpdater (StateMachineUpdater.java:takeSnapshot(269)) - 6f89809c-7abc-423e-b97b-03c6b4343e46@group-870F7E70D6B1-StateMachineUpdater: Took a snapshot at index 3
2019-10-24 07:32:39,042 [6f89809c-7abc-423e-b97b-03c6b4343e46@group-870F7E70D6B1-StateMachineUpdater] INFO  impl.StateMachineUpdater (StateMachineUpdater.java:lambda$new$0(84)) - 6f89809c-7abc-423e-b97b-03c6b4343e46@group-870F7E70D6B1-StateMachineUpdater: snapshotIndex: updateIncreasingly -1 -> 3
2019-10-24 07:32:39,046 [6f89809c-7abc-423e-b97b-03c6b4343e46@group-870F7E70D6B1-StateMachineUpdater] INFO  ratis.ContainerStateMachine (ContainerStateMachine.java:takeSnapshot(294)) - group-870F7E70D6B1: Taking a snapshot at:(t:1, i:3) file /workdir/hadoop-ozone/integration-test/target/test-dir/MiniOzoneClusterImpl-94783617-520d-431f-bfa8-8bf76244d9bc/datanode-2/data/ratis/c690a9b5-90d2-4057-86e6-870f7e70d6b1/sm/snapshot.1_3
2019-10-24 07:32:39,058 [6f89809c-7abc-423e-b97b-03c6b4343e46@group-870F7E70D6B1-StateMachineUpdater] INFO  ratis.ContainerStateMachine (ContainerStateMachine.java:takeSnapshot(305)) - group-870F7E70D6B1: Finished taking a snapshot at:(t:1, i:3) file:/workdir/hadoop-ozone/integration-test/target/test-dir/MiniOzoneClusterImpl-94783617-520d-431f-bfa8-8bf76244d9bc/datanode-2/data/ratis/c690a9b5-90d2-4057-86e6-870f7e70d6b1/sm/snapshot.1_3 time:12
2019-10-24 07:32:39,058 [6f89809c-7abc-423e-b97b-03c6b4343e46@group-870F7E70D6B1-StateMachineUpdater] INFO  impl.StateMachineUpdater (StateMachineUpdater.java:takeSnapshot(269)) - 6f89809c-7abc-423e-b97b-03c6b4343e46@group-870F7E70D6B1-StateMachineUpdater: Took a snapshot at index 3
2019-10-24 07:32:39,058 [6f89809c-7abc-423e-b97b-03c6b4343e46@group-870F7E70D6B1-StateMachineUpdater] INFO  impl.StateMachineUpdater (StateMachineUpdater.java:lambda$new$0(84)) - 6f89809c-7abc-423e-b97b-03c6b4343e46@group-870F7E70D6B1-StateMachineUpdater: snapshotIndex: updateIncreasingly 3 -> 3
2019-10-24 07:32:39,059 [ForkJoinPool.commonPool-worker-1] INFO  impl.RaftServerImpl (ServerState.java:close(387)) - 6f89809c-7abc-423e-b97b-03c6b4343e46@group-870F7E70D6B1: closes. applyIndex: 4
2019-10-24 07:32:39,059 [6f89809c-7abc-423e-b97b-03c6b4343e46@group-870F7E70D6B1-SegmentedRaftLogWorker] INFO  segmented.SegmentedRaftLogWorker (SegmentedRaftLogWorker.java:run(316)) - 6f89809c-7abc-423e-b97b-03c6b4343e46@group-870F7E70D6B1-SegmentedRaftLogWorker was interrupted, exiting. There are 0 tasks remaining in the queue.
2019-10-24 07:32:39,061 [ForkJoinPool.commonPool-worker-1] INFO  segmented.SegmentedRaftLogWorker (SegmentedRaftLogWorker.java:close(224)) - 6f89809c-7abc-423e-b97b-03c6b4343e46@group-870F7E70D6B1-SegmentedRaftLogWorker close()
2019-10-24 07:32:39,063 [ForkJoinPool.commonPool-worker-1] INFO  impl.RaftServerImpl (RaftServerImpl.java:lambda$shutdown$3(247)) - 6f89809c-7abc-423e-b97b-03c6b4343e46@group-8A24D736DBE7: shutdown
2019-10-24 07:32:39,063 [ForkJoinPool.commonPool-worker-1] INFO  util.JmxRegister (JmxRegister.java:unregister(73)) - Successfully un-registered JMX Bean with object name Ratis:service=RaftServer,group=group-8A24D736DBE7,id=6f89809c-7abc-423e-b97b-03c6b4343e46
2019-10-24 07:32:39,063 [ForkJoinPool.commonPool-worker-1] INFO  impl.RoleInfo (RoleInfo.java:shutdownLeaderState(104)) - 6f89809c-7abc-423e-b97b-03c6b4343e46: shutdown LeaderState
2019-10-24 07:32:39,064 [ForkJoinPool.commonPool-worker-1] INFO  impl.PendingRequests (PendingRequests.java:sendNotLeaderResponses(202)) - 6f89809c-7abc-423e-b97b-03c6b4343e46@group-8A24D736DBE7-PendingRequests: sendNotLeaderResponses
2019-10-24 07:32:39,066 [ForkJoinPool.commonPool-worker-1] INFO  impl.StateMachineUpdater (StateMachineUpdater.java:stopAndJoin(136)) - 6f89809c-7abc-423e-b97b-03c6b4343e46@group-8A24D736DBE7-StateMachineUpdater: set stopIndex = 0
2019-10-24 07:32:39,072 [ForkJoinPool.commonPool-worker-1] INFO  impl.RaftServerImpl (ServerState.java:close(387)) - 6f89809c-7abc-423e-b97b-03c6b4343e46@group-8A24D736DBE7: closes. applyIndex: 0
2019-10-24 07:32:39,073 [6f89809c-7abc-423e-b97b-03c6b4343e46@group-8A24D736DBE7-SegmentedRaftLogWorker] INFO  segmented.SegmentedRaftLogWorker (SegmentedRaftLogWorker.java:run(316)) - 6f89809c-7abc-423e-b97b-03c6b4343e46@group-8A24D736DBE7-SegmentedRaftLogWorker was interrupted, exiting. There are 0 tasks remaining in the queue.
2019-10-24 07:32:39,076 [ForkJoinPool.commonPool-worker-1] INFO  segmented.SegmentedRaftLogWorker (SegmentedRaftLogWorker.java:close(224)) - 6f89809c-7abc-423e-b97b-03c6b4343e46@group-8A24D736DBE7-SegmentedRaftLogWorker close()
2019-10-24 07:32:39,079 [main] INFO  server.GrpcService (GrpcService.java:closeImpl(164)) - 6f89809c-7abc-423e-b97b-03c6b4343e46: shutdown server with port 43246 now
2019-10-24 07:32:39,086 [grpc-default-executor-3] WARN  server.GrpcServerProtocolService (LogUtils.java:warn(134)) - 6f89809c-7abc-423e-b97b-03c6b4343e46: installSnapshot onError, lastRequest: 1511a8b7-2741-4c2d-9317-1899631fe9c9->6f89809c-7abc-423e-b97b-03c6b4343e46#3-t1, previous=(t:1, i:0), leaderCommit=0, initializing? false, entries: <empty>: org.apache.ratis.thirdparty.io.grpc.StatusRuntimeException: CANCELLED: cancelled before receiving half close
2019-10-24 07:32:39,086 [grpc-default-executor-1] WARN  server.GrpcServerProtocolService (LogUtils.java:warn(134)) - 6f89809c-7abc-423e-b97b-03c6b4343e46: installSnapshot onError, lastRequest: e0ed10f2-3224-42fb-9fee-fcf0e55d7c66->6f89809c-7abc-423e-b97b-03c6b4343e46#7-t1, previous=(t:1, i:4), leaderCommit=4, initializing? false, entries: <empty>: org.apache.ratis.thirdparty.io.grpc.StatusRuntimeException: CANCELLED: cancelled before receiving half close
2019-10-24 07:32:39,090 [main] INFO  server.GrpcService (GrpcService.java:closeImpl(172)) - 6f89809c-7abc-423e-b97b-03c6b4343e46: shutdown server with port 43246 successfully
2019-10-24 07:32:39,093 [grpc-default-executor-2] WARN  server.GrpcLogAppender (LogUtils.java:warn(134)) - 1511a8b7-2741-4c2d-9317-1899631fe9c9@group-AC59B62BA460->6f89809c-7abc-423e-b97b-03c6b4343e46-AppendLogResponseHandler: Failed appendEntries: org.apache.ratis.thirdparty.io.grpc.StatusRuntimeException: CANCELLED: HTTP/2 error code: CANCEL
Received Rst Stream
2019-10-24 07:32:39,093 [grpc-default-executor-0] WARN  server.GrpcLogAppender (LogUtils.java:warn(134)) - e0ed10f2-3224-42fb-9fee-fcf0e55d7c66@group-870F7E70D6B1->6f89809c-7abc-423e-b97b-03c6b4343e46-AppendLogResponseHandler: Failed appendEntries: org.apache.ratis.thirdparty.io.grpc.StatusRuntimeException: CANCELLED: HTTP/2 error code: CANCEL
Received Rst Stream
2019-10-24 07:32:39,098 [refreshUsed-/workdir/hadoop-ozone/integration-test/target/test-dir/MiniOzoneClusterImpl-94783617-520d-431f-bfa8-8bf76244d9bc/datanode-2/data/containers] WARN  fs.CachingGetSpaceUsed (CachingGetSpaceUsed.java:run(183)) - Thread Interrupted waiting to refresh disk information: sleep interrupted
2019-10-24 07:32:39,099 [grpc-default-executor-0] INFO  impl.FollowerInfo (FollowerInfo.java:lambda$new$0(51)) - e0ed10f2-3224-42fb-9fee-fcf0e55d7c66@group-870F7E70D6B1->6f89809c-7abc-423e-b97b-03c6b4343e46: nextIndex: updateUnconditionally 5 -> 4
2019-10-24 07:32:39,099 [grpc-default-executor-2] INFO  impl.FollowerInfo (FollowerInfo.java:lambda$new$0(51)) - 1511a8b7-2741-4c2d-9317-1899631fe9c9@group-AC59B62BA460->6f89809c-7abc-423e-b97b-03c6b4343e46: nextIndex: updateUnconditionally 1 -> 0
2019-10-24 07:32:39,123 [main] INFO  utils.BackgroundService (BackgroundService.java:shutdown(151)) - Shutting down service BlockDeletingService
2019-10-24 07:32:39,127 [main] INFO  statemachine.DatanodeStateMachine (DatanodeStateMachine.java:stopDaemon(395)) - Ozone container server stopped.
2019-10-24 07:32:39,144 [main] INFO  handler.ContextHandler (ContextHandler.java:doStop(910)) - Stopped o.e.j.w.WebAppContext@3c5dbdf8{/,null,UNAVAILABLE}{/hddsDatanode}
2019-10-24 07:32:39,149 [main] INFO  server.AbstractConnector (AbstractConnector.java:doStop(318)) - Stopped ServerConnector@352c44a8{HTTP/1.1,[http/1.1]}{0.0.0.0:0}
2019-10-24 07:32:39,150 [main] INFO  handler.ContextHandler (ContextHandler.java:doStop(910)) - Stopped o.e.j.s.ServletContextHandler@6d1dcdff{/static,jar:file:/home/user/.m2/repository/org/apache/hadoop/hadoop-hdds-container-service/0.5.0-SNAPSHOT/hadoop-hdds-container-service-0.5.0-SNAPSHOT.jar!/webapps/static,UNAVAILABLE}
2019-10-24 07:32:39,150 [main] INFO  handler.ContextHandler (ContextHandler.java:doStop(910)) - Stopped o.e.j.s.ServletContextHandler@558756be{/logs,file:///workdir/hadoop-ozone/integration-test/target/log,UNAVAILABLE}
2019-10-24 07:32:39,168 [grpc-default-executor-2] WARN  server.GrpcLogAppender (LogUtils.java:warn(134)) - e0ed10f2-3224-42fb-9fee-fcf0e55d7c66@group-870F7E70D6B1->6f89809c-7abc-423e-b97b-03c6b4343e46-AppendLogResponseHandler: Failed appendEntries: org.apache.ratis.thirdparty.io.grpc.StatusRuntimeException: UNAVAILABLE: io exception
2019-10-24 07:32:39,169 [grpc-default-executor-2] INFO  impl.FollowerInfo (FollowerInfo.java:lambda$new$0(51)) - e0ed10f2-3224-42fb-9fee-fcf0e55d7c66@group-870F7E70D6B1->6f89809c-7abc-423e-b97b-03c6b4343e46: nextIndex: updateUnconditionally 5 -> 4
2019-10-24 07:32:39,180 [grpc-default-executor-0] WARN  server.GrpcLogAppender (LogUtils.java:warn(134)) - e0ed10f2-3224-42fb-9fee-fcf0e55d7c66@group-870F7E70D6B1->6f89809c-7abc-423e-b97b-03c6b4343e46-AppendLogResponseHandler: Failed appendEntries: org.apache.ratis.thirdparty.io.grpc.StatusRuntimeException: UNAVAILABLE: io exception
2019-10-24 07:32:39,182 [grpc-default-executor-0] INFO  impl.FollowerInfo (FollowerInfo.java:lambda$new$0(51)) - e0ed10f2-3224-42fb-9fee-fcf0e55d7c66@group-870F7E70D6B1->6f89809c-7abc-423e-b97b-03c6b4343e46: nextIndex: updateUnconditionally 5 -> 4
2019-10-24 07:32:39,193 [grpc-default-executor-3] WARN  server.GrpcLogAppender (LogUtils.java:warn(134)) - e0ed10f2-3224-42fb-9fee-fcf0e55d7c66@group-870F7E70D6B1->6f89809c-7abc-423e-b97b-03c6b4343e46-AppendLogResponseHandler: Failed appendEntries: org.apache.ratis.thirdparty.io.grpc.StatusRuntimeException: UNAVAILABLE: io exception
2019-10-24 07:32:39,194 [grpc-default-executor-3] INFO  impl.FollowerInfo (FollowerInfo.java:lambda$new$0(51)) - e0ed10f2-3224-42fb-9fee-fcf0e55d7c66@group-870F7E70D6B1->6f89809c-7abc-423e-b97b-03c6b4343e46: nextIndex: updateUnconditionally 5 -> 4
2019-10-24 07:32:39,205 [grpc-default-executor-0] WARN  server.GrpcLogAppender (LogUtils.java:warn(134)) - e0ed10f2-3224-42fb-9fee-fcf0e55d7c66@group-870F7E70D6B1->6f89809c-7abc-423e-b97b-03c6b4343e46-AppendLogResponseHandler: Failed appendEntries: org.apache.ratis.thirdparty.io.grpc.StatusRuntimeException: UNAVAILABLE: io exception
2019-10-24 07:32:39,206 [grpc-default-executor-0] INFO  impl.FollowerInfo (FollowerInfo.java:lambda$new$0(51)) - e0ed10f2-3224-42fb-9fee-fcf0e55d7c66@group-870F7E70D6B1->6f89809c-7abc-423e-b97b-03c6b4343e46: nextIndex: updateUnconditionally 5 -> 4
2019-10-24 07:32:41,061 [grpc-default-executor-3] WARN  server.GrpcLogAppender (LogUtils.java:warn(134)) - 1511a8b7-2741-4c2d-9317-1899631fe9c9@group-AC59B62BA460->6f89809c-7abc-423e-b97b-03c6b4343e46-AppendLogResponseHandler: Failed appendEntries: org.apache.ratis.thirdparty.io.grpc.StatusRuntimeException: UNAVAILABLE: io exception
2019-10-24 07:32:41,062 [grpc-default-executor-3] INFO  impl.FollowerInfo (FollowerInfo.java:lambda$new$0(51)) - 1511a8b7-2741-4c2d-9317-1899631fe9c9@group-AC59B62BA460->6f89809c-7abc-423e-b97b-03c6b4343e46: nextIndex: updateUnconditionally 0 -> 0
2019-10-24 07:32:41,708 [grpc-default-executor-0] WARN  server.GrpcLogAppender (LogUtils.java:warn(134)) - e0ed10f2-3224-42fb-9fee-fcf0e55d7c66@group-870F7E70D6B1->6f89809c-7abc-423e-b97b-03c6b4343e46-AppendLogResponseHandler: Failed appendEntries: org.apache.ratis.thirdparty.io.grpc.StatusRuntimeException: UNAVAILABLE: io exception
2019-10-24 07:32:41,709 [grpc-default-executor-0] INFO  impl.FollowerInfo (FollowerInfo.java:lambda$new$0(51)) - e0ed10f2-3224-42fb-9fee-fcf0e55d7c66@group-870F7E70D6B1->6f89809c-7abc-423e-b97b-03c6b4343e46: nextIndex: updateUnconditionally 4 -> 3
2019-10-24 07:32:43,573 [grpc-default-executor-2] WARN  server.GrpcLogAppender (LogUtils.java:warn(134)) - 1511a8b7-2741-4c2d-9317-1899631fe9c9@group-AC59B62BA460->6f89809c-7abc-423e-b97b-03c6b4343e46-AppendLogResponseHandler: Failed appendEntries: org.apache.ratis.thirdparty.io.grpc.StatusRuntimeException: UNAVAILABLE: io exception
2019-10-24 07:32:43,576 [grpc-default-executor-2] INFO  impl.FollowerInfo (FollowerInfo.java:lambda$new$0(51)) - 1511a8b7-2741-4c2d-9317-1899631fe9c9@group-AC59B62BA460->6f89809c-7abc-423e-b97b-03c6b4343e46: nextIndex: updateUnconditionally 0 -> 0
2019-10-24 07:32:44,211 [grpc-default-executor-0] WARN  server.GrpcLogAppender (LogUtils.java:warn(134)) - e0ed10f2-3224-42fb-9fee-fcf0e55d7c66@group-870F7E70D6B1->6f89809c-7abc-423e-b97b-03c6b4343e46-AppendLogResponseHandler: Failed appendEntries: org.apache.ratis.thirdparty.io.grpc.StatusRuntimeException: UNAVAILABLE: io exception
2019-10-24 07:32:44,212 [grpc-default-executor-0] INFO  impl.FollowerInfo (FollowerInfo.java:lambda$new$0(51)) - e0ed10f2-3224-42fb-9fee-fcf0e55d7c66@group-870F7E70D6B1->6f89809c-7abc-423e-b97b-03c6b4343e46: nextIndex: updateUnconditionally 3 -> 2
2019-10-24 07:32:46,070 [grpc-default-executor-3] WARN  server.GrpcLogAppender (LogUtils.java:warn(134)) - 1511a8b7-2741-4c2d-9317-1899631fe9c9@group-AC59B62BA460->6f89809c-7abc-423e-b97b-03c6b4343e46-AppendLogResponseHandler: Failed appendEntries: org.apache.ratis.thirdparty.io.grpc.StatusRuntimeException: UNAVAILABLE: io exception
2019-10-24 07:32:46,072 [grpc-default-executor-3] INFO  impl.FollowerInfo (FollowerInfo.java:lambda$new$0(51)) - 1511a8b7-2741-4c2d-9317-1899631fe9c9@group-AC59B62BA460->6f89809c-7abc-423e-b97b-03c6b4343e46: nextIndex: updateUnconditionally 0 -> 0
2019-10-24 07:32:46,712 [grpc-default-executor-2] WARN  server.GrpcLogAppender (LogUtils.java:warn(134)) - e0ed10f2-3224-42fb-9fee-fcf0e55d7c66@group-870F7E70D6B1->6f89809c-7abc-423e-b97b-03c6b4343e46-AppendLogResponseHandler: Failed appendEntries: org.apache.ratis.thirdparty.io.grpc.StatusRuntimeException: UNAVAILABLE: io exception
2019-10-24 07:32:46,716 [grpc-default-executor-2] INFO  impl.FollowerInfo (FollowerInfo.java:lambda$new$0(51)) - e0ed10f2-3224-42fb-9fee-fcf0e55d7c66@group-870F7E70D6B1->6f89809c-7abc-423e-b97b-03c6b4343e46: nextIndex: updateUnconditionally 2 -> 1
2019-10-24 07:32:48,575 [grpc-default-executor-3] WARN  server.GrpcLogAppender (LogUtils.java:warn(134)) - 1511a8b7-2741-4c2d-9317-1899631fe9c9@group-AC59B62BA460->6f89809c-7abc-423e-b97b-03c6b4343e46-AppendLogResponseHandler: Failed appendEntries: org.apache.ratis.thirdparty.io.grpc.StatusRuntimeException: UNAVAILABLE: io exception
2019-10-24 07:32:48,577 [grpc-default-executor-3] INFO  impl.FollowerInfo (FollowerInfo.java:lambda$new$0(51)) - 1511a8b7-2741-4c2d-9317-1899631fe9c9@group-AC59B62BA460->6f89809c-7abc-423e-b97b-03c6b4343e46: nextIndex: updateUnconditionally 0 -> 0
2019-10-24 07:32:49,215 [grpc-default-executor-1] WARN  server.GrpcLogAppender (LogUtils.java:warn(134)) - e0ed10f2-3224-42fb-9fee-fcf0e55d7c66@group-870F7E70D6B1->6f89809c-7abc-423e-b97b-03c6b4343e46-AppendLogResponseHandler: Failed appendEntries: org.apache.ratis.thirdparty.io.grpc.StatusRuntimeException: UNAVAILABLE: io exception
2019-10-24 07:32:49,217 [grpc-default-executor-1] INFO  impl.FollowerInfo (FollowerInfo.java:lambda$new$0(51)) - e0ed10f2-3224-42fb-9fee-fcf0e55d7c66@group-870F7E70D6B1->6f89809c-7abc-423e-b97b-03c6b4343e46: nextIndex: updateUnconditionally 1 -> 0
2019-10-24 07:32:49,687 [Thread-324] INFO  client.GrpcClientProtocolService (GrpcClientProtocolService.java:lambda$processClientRequest$0(278)) - Failed RaftClientRequest:client-950A9ED4B75C->e0ed10f2-3224-42fb-9fee-fcf0e55d7c66@group-870F7E70D6B1, cid=13, seq=0, Watch-ALL_COMMITTED(6), Message:<EMPTY>, reply=RaftClientReply:client-950A9ED4B75C->e0ed10f2-3224-42fb-9fee-fcf0e55d7c66@group-870F7E70D6B1, cid=13, FAILED org.apache.ratis.protocol.NotReplicatedException: Request with call Id 13 and log index 6 is not yet replicated to ALL_COMMITTED, logIndex=6, commits[e0ed10f2-3224-42fb-9fee-fcf0e55d7c66:c8, 1511a8b7-2741-4c2d-9317-1899631fe9c9:c8, 6f89809c-7abc-423e-b97b-03c6b4343e46:c4]
2019-10-24 07:32:51,076 [grpc-default-executor-3] WARN  server.GrpcLogAppender (LogUtils.java:warn(134)) - 1511a8b7-2741-4c2d-9317-1899631fe9c9@group-AC59B62BA460->6f89809c-7abc-423e-b97b-03c6b4343e46-AppendLogResponseHandler: Failed appendEntries: org.apache.ratis.thirdparty.io.grpc.StatusRuntimeException: UNAVAILABLE: io exception
2019-10-24 07:32:51,077 [grpc-default-executor-3] INFO  impl.FollowerInfo (FollowerInfo.java:lambda$new$0(51)) - 1511a8b7-2741-4c2d-9317-1899631fe9c9@group-AC59B62BA460->6f89809c-7abc-423e-b97b-03c6b4343e46: nextIndex: updateUnconditionally 0 -> 0
2019-10-24 07:32:51,717 [grpc-default-executor-0] WARN  server.GrpcLogAppender (LogUtils.java:warn(134)) - e0ed10f2-3224-42fb-9fee-fcf0e55d7c66@group-870F7E70D6B1->6f89809c-7abc-423e-b97b-03c6b4343e46-AppendLogResponseHandler: Failed appendEntries: org.apache.ratis.thirdparty.io.grpc.StatusRuntimeException: UNAVAILABLE: io exception
2019-10-24 07:32:51,719 [grpc-default-executor-0] INFO  impl.FollowerInfo (FollowerInfo.java:lambda$new$0(51)) - e0ed10f2-3224-42fb-9fee-fcf0e55d7c66@group-870F7E70D6B1->6f89809c-7abc-423e-b97b-03c6b4343e46: nextIndex: updateUnconditionally 0 -> 0
2019-10-24 07:32:53,578 [grpc-default-executor-1] WARN  server.GrpcLogAppender (LogUtils.java:warn(134)) - 1511a8b7-2741-4c2d-9317-1899631fe9c9@group-AC59B62BA460->6f89809c-7abc-423e-b97b-03c6b4343e46-AppendLogResponseHandler: Failed appendEntries: org.apache.ratis.thirdparty.io.grpc.StatusRuntimeException: UNAVAILABLE: io exception
2019-10-24 07:32:53,580 [grpc-default-executor-1] INFO  impl.FollowerInfo (FollowerInfo.java:lambda$new$0(51)) - 1511a8b7-2741-4c2d-9317-1899631fe9c9@group-AC59B62BA460->6f89809c-7abc-423e-b97b-03c6b4343e46: nextIndex: updateUnconditionally 0 -> 0
2019-10-24 07:32:54,219 [grpc-default-executor-3] WARN  server.GrpcLogAppender (LogUtils.java:warn(134)) - e0ed10f2-3224-42fb-9fee-fcf0e55d7c66@group-870F7E70D6B1->6f89809c-7abc-423e-b97b-03c6b4343e46-AppendLogResponseHandler: Failed appendEntries: org.apache.ratis.thirdparty.io.grpc.StatusRuntimeException: UNAVAILABLE: io exception
2019-10-24 07:32:54,221 [grpc-default-executor-3] INFO  impl.FollowerInfo (FollowerInfo.java:lambda$new$0(51)) - e0ed10f2-3224-42fb-9fee-fcf0e55d7c66@group-870F7E70D6B1->6f89809c-7abc-423e-b97b-03c6b4343e46: nextIndex: updateUnconditionally 0 -> 0
2019-10-24 07:32:56,091 [grpc-default-executor-0] WARN  server.GrpcLogAppender (LogUtils.java:warn(134)) - 1511a8b7-2741-4c2d-9317-1899631fe9c9@group-AC59B62BA460->6f89809c-7abc-423e-b97b-03c6b4343e46-AppendLogResponseHandler: Failed appendEntries: org.apache.ratis.thirdparty.io.grpc.StatusRuntimeException: UNAVAILABLE: io exception
2019-10-24 07:32:56,093 [grpc-default-executor-0] INFO  impl.FollowerInfo (FollowerInfo.java:lambda$new$0(51)) - 1511a8b7-2741-4c2d-9317-1899631fe9c9@group-AC59B62BA460->6f89809c-7abc-423e-b97b-03c6b4343e46: nextIndex: updateUnconditionally 0 -> 0
2019-10-24 07:32:56,721 [grpc-default-executor-1] WARN  server.GrpcLogAppender (LogUtils.java:warn(134)) - e0ed10f2-3224-42fb-9fee-fcf0e55d7c66@group-870F7E70D6B1->6f89809c-7abc-423e-b97b-03c6b4343e46-AppendLogResponseHandler: Failed appendEntries: org.apache.ratis.thirdparty.io.grpc.StatusRuntimeException: UNAVAILABLE: io exception
2019-10-24 07:32:56,723 [grpc-default-executor-1] INFO  impl.FollowerInfo (FollowerInfo.java:lambda$new$0(51)) - e0ed10f2-3224-42fb-9fee-fcf0e55d7c66@group-870F7E70D6B1->6f89809c-7abc-423e-b97b-03c6b4343e46: nextIndex: updateUnconditionally 0 -> 0
2019-10-24 07:32:58,227 [Thread-333] INFO  client.GrpcClientProtocolService (GrpcClientProtocolService.java:lambda$processClientRequest$0(278)) - Failed RaftClientRequest:client-950A9ED4B75C->1511a8b7-2741-4c2d-9317-1899631fe9c9@group-870F7E70D6B1, cid=13, seq=0, Watch-ALL_COMMITTED(6), Message:<EMPTY>, reply=RaftClientReply:client-950A9ED4B75C->1511a8b7-2741-4c2d-9317-1899631fe9c9@group-870F7E70D6B1, cid=13, FAILED org.apache.ratis.protocol.NotLeaderException: Server 1511a8b7-2741-4c2d-9317-1899631fe9c9@group-870F7E70D6B1 is not the leader e0ed10f2-3224-42fb-9fee-fcf0e55d7c66:192.168.164.194:44281, logIndex=0, commits[1511a8b7-2741-4c2d-9317-1899631fe9c9:c8, e0ed10f2-3224-42fb-9fee-fcf0e55d7c66:c8, 6f89809c-7abc-423e-b97b-03c6b4343e46:c4]
2019-10-24 07:32:58,601 [grpc-default-executor-1] WARN  server.GrpcLogAppender (LogUtils.java:warn(134)) - 1511a8b7-2741-4c2d-9317-1899631fe9c9@group-AC59B62BA460->6f89809c-7abc-423e-b97b-03c6b4343e46-AppendLogResponseHandler: Failed appendEntries: org.apache.ratis.thirdparty.io.grpc.StatusRuntimeException: UNAVAILABLE: io exception
2019-10-24 07:32:58,603 [grpc-default-executor-1] INFO  impl.FollowerInfo (FollowerInfo.java:lambda$new$0(51)) - 1511a8b7-2741-4c2d-9317-1899631fe9c9@group-AC59B62BA460->6f89809c-7abc-423e-b97b-03c6b4343e46: nextIndex: updateUnconditionally 0 -> 0
2019-10-24 07:32:59,222 [grpc-default-executor-3] WARN  server.GrpcLogAppender (LogUtils.java:warn(134)) - e0ed10f2-3224-42fb-9fee-fcf0e55d7c66@group-870F7E70D6B1->6f89809c-7abc-423e-b97b-03c6b4343e46-AppendLogResponseHandler: Failed appendEntries: org.apache.ratis.thirdparty.io.grpc.StatusRuntimeException: UNAVAILABLE: io exception
2019-10-24 07:32:59,224 [grpc-default-executor-3] INFO  impl.FollowerInfo (FollowerInfo.java:lambda$new$0(51)) - e0ed10f2-3224-42fb-9fee-fcf0e55d7c66@group-870F7E70D6B1->6f89809c-7abc-423e-b97b-03c6b4343e46: nextIndex: updateUnconditionally 0 -> 0
2019-10-24 07:32:59,684 [Thread-338] INFO  client.GrpcClientProtocolService (GrpcClientProtocolService.java:lambda$processClientRequest$0(278)) - Failed RaftClientRequest:client-950A9ED4B75C->e0ed10f2-3224-42fb-9fee-fcf0e55d7c66@group-870F7E70D6B1, cid=13, seq=0, Watch-ALL_COMMITTED(6), Message:<EMPTY>, reply=RaftClientReply:client-950A9ED4B75C->e0ed10f2-3224-42fb-9fee-fcf0e55d7c66@group-870F7E70D6B1, cid=13, FAILED org.apache.ratis.protocol.NotReplicatedException: Request with call Id 13 and log index 6 is not yet replicated to ALL_COMMITTED, logIndex=6, commits[e0ed10f2-3224-42fb-9fee-fcf0e55d7c66:c8, 1511a8b7-2741-4c2d-9317-1899631fe9c9:c8, 6f89809c-7abc-423e-b97b-03c6b4343e46:c4]
2019-10-24 07:33:01,104 [grpc-default-executor-3] WARN  server.GrpcLogAppender (LogUtils.java:warn(134)) - 1511a8b7-2741-4c2d-9317-1899631fe9c9@group-AC59B62BA460->6f89809c-7abc-423e-b97b-03c6b4343e46-AppendLogResponseHandler: Failed appendEntries: org.apache.ratis.thirdparty.io.grpc.StatusRuntimeException: UNAVAILABLE: io exception
2019-10-24 07:33:01,108 [grpc-default-executor-3] INFO  impl.FollowerInfo (FollowerInfo.java:lambda$new$0(51)) - 1511a8b7-2741-4c2d-9317-1899631fe9c9@group-AC59B62BA460->6f89809c-7abc-423e-b97b-03c6b4343e46: nextIndex: updateUnconditionally 0 -> 0
2019-10-24 07:33:01,723 [grpc-default-executor-3] WARN  server.GrpcLogAppender (LogUtils.java:warn(134)) - e0ed10f2-3224-42fb-9fee-fcf0e55d7c66@group-870F7E70D6B1->6f89809c-7abc-423e-b97b-03c6b4343e46-AppendLogResponseHandler: Failed appendEntries: org.apache.ratis.thirdparty.io.grpc.StatusRuntimeException: UNAVAILABLE: io exception
2019-10-24 07:33:01,725 [grpc-default-executor-3] INFO  impl.FollowerInfo (FollowerInfo.java:lambda$new$0(51)) - e0ed10f2-3224-42fb-9fee-fcf0e55d7c66@group-870F7E70D6B1->6f89809c-7abc-423e-b97b-03c6b4343e46: nextIndex: updateUnconditionally 0 -> 0
2019-10-24 07:33:03,603 [grpc-default-executor-3] WARN  server.GrpcLogAppender (LogUtils.java:warn(134)) - 1511a8b7-2741-4c2d-9317-1899631fe9c9@group-AC59B62BA460->6f89809c-7abc-423e-b97b-03c6b4343e46-AppendLogResponseHandler: Failed appendEntries: org.apache.ratis.thirdparty.io.grpc.StatusRuntimeException: UNAVAILABLE: io exception
2019-10-24 07:33:03,609 [grpc-default-executor-3] INFO  impl.FollowerInfo (FollowerInfo.java:lambda$new$0(51)) - 1511a8b7-2741-4c2d-9317-1899631fe9c9@group-AC59B62BA460->6f89809c-7abc-423e-b97b-03c6b4343e46: nextIndex: updateUnconditionally 0 -> 0
2019-10-24 07:33:04,224 [grpc-default-executor-0] WARN  server.GrpcLogAppender (LogUtils.java:warn(134)) - e0ed10f2-3224-42fb-9fee-fcf0e55d7c66@group-870F7E70D6B1->6f89809c-7abc-423e-b97b-03c6b4343e46-AppendLogResponseHandler: Failed appendEntries: org.apache.ratis.thirdparty.io.grpc.StatusRuntimeException: UNAVAILABLE: io exception
2019-10-24 07:33:04,227 [grpc-default-executor-0] INFO  impl.FollowerInfo (FollowerInfo.java:lambda$new$0(51)) - e0ed10f2-3224-42fb-9fee-fcf0e55d7c66@group-870F7E70D6B1->6f89809c-7abc-423e-b97b-03c6b4343e46: nextIndex: updateUnconditionally 0 -> 0
2019-10-24 07:33:06,108 [grpc-default-executor-0] WARN  server.GrpcLogAppender (LogUtils.java:warn(134)) - 1511a8b7-2741-4c2d-9317-1899631fe9c9@group-AC59B62BA460->6f89809c-7abc-423e-b97b-03c6b4343e46-AppendLogResponseHandler: Failed appendEntries: org.apache.ratis.thirdparty.io.grpc.StatusRuntimeException: UNAVAILABLE: io exception
2019-10-24 07:33:06,113 [grpc-default-executor-0] INFO  impl.FollowerInfo (FollowerInfo.java:lambda$new$0(51)) - 1511a8b7-2741-4c2d-9317-1899631fe9c9@group-AC59B62BA460->6f89809c-7abc-423e-b97b-03c6b4343e46: nextIndex: updateUnconditionally 0 -> 0
2019-10-24 07:33:06,726 [grpc-default-executor-1] WARN  server.GrpcLogAppender (LogUtils.java:warn(134)) - e0ed10f2-3224-42fb-9fee-fcf0e55d7c66@group-870F7E70D6B1->6f89809c-7abc-423e-b97b-03c6b4343e46-AppendLogResponseHandler: Failed appendEntries: org.apache.ratis.thirdparty.io.grpc.StatusRuntimeException: UNAVAILABLE: io exception
2019-10-24 07:33:06,731 [grpc-default-executor-1] INFO  impl.FollowerInfo (FollowerInfo.java:lambda$new$0(51)) - e0ed10f2-3224-42fb-9fee-fcf0e55d7c66@group-870F7E70D6B1->6f89809c-7abc-423e-b97b-03c6b4343e46: nextIndex: updateUnconditionally 0 -> 0
2019-10-24 07:33:08,611 [grpc-default-executor-3] WARN  server.GrpcLogAppender (LogUtils.java:warn(134)) - 1511a8b7-2741-4c2d-9317-1899631fe9c9@group-AC59B62BA460->6f89809c-7abc-423e-b97b-03c6b4343e46-AppendLogResponseHandler: Failed appendEntries: org.apache.ratis.thirdparty.io.grpc.StatusRuntimeException: UNAVAILABLE: io exception
2019-10-24 07:33:08,612 [grpc-default-executor-3] INFO  impl.FollowerInfo (FollowerInfo.java:lambda$new$0(51)) - 1511a8b7-2741-4c2d-9317-1899631fe9c9@group-AC59B62BA460->6f89809c-7abc-423e-b97b-03c6b4343e46: nextIndex: updateUnconditionally 0 -> 0
2019-10-24 07:33:08,683 [Thread-350] INFO  client.GrpcClientProtocolService (GrpcClientProtocolService.java:lambda$processClientRequest$0(278)) - Failed RaftClientRequest:client-950A9ED4B75C->e0ed10f2-3224-42fb-9fee-fcf0e55d7c66@group-870F7E70D6B1, cid=13, seq=0, Watch-ALL_COMMITTED(6), Message:<EMPTY>, reply=RaftClientReply:client-950A9ED4B75C->e0ed10f2-3224-42fb-9fee-fcf0e55d7c66@group-870F7E70D6B1, cid=13, FAILED org.apache.ratis.protocol.NotReplicatedException: Request with call Id 13 and log index 6 is not yet replicated to ALL_COMMITTED, logIndex=6, commits[e0ed10f2-3224-42fb-9fee-fcf0e55d7c66:c8, 1511a8b7-2741-4c2d-9317-1899631fe9c9:c8, 6f89809c-7abc-423e-b97b-03c6b4343e46:c4]
2019-10-24 07:33:09,193 [main] WARN  scm.XceiverClientRatis (XceiverClientRatis.java:watchForCommit(277)) - 3 way commit failed on pipeline Pipeline[ Id: c690a9b5-90d2-4057-86e6-870f7e70d6b1, Nodes: 1511a8b7-2741-4c2d-9317-1899631fe9c9{ip: 192.168.164.194, host: pr-hdds-1569-mb8zc-4097773718, networkLocation: /default-rack, certSerialId: null}e0ed10f2-3224-42fb-9fee-fcf0e55d7c66{ip: 192.168.164.194, host: pr-hdds-1569-mb8zc-4097773718, networkLocation: /default-rack, certSerialId: null}6f89809c-7abc-423e-b97b-03c6b4343e46{ip: 192.168.164.194, host: pr-hdds-1569-mb8zc-4097773718, networkLocation: /default-rack, certSerialId: null}, Type:RATIS, Factor:THREE, State:OPEN]
java.util.concurrent.TimeoutException
	at java.util.concurrent.CompletableFuture.timedGet(CompletableFuture.java:1771)
	at java.util.concurrent.CompletableFuture.get(CompletableFuture.java:1915)
	at org.apache.hadoop.hdds.scm.XceiverClientRatis.watchForCommit(XceiverClientRatis.java:274)
	at org.apache.hadoop.hdds.scm.storage.CommitWatcher.watchForCommit(CommitWatcher.java:198)
	at org.apache.hadoop.hdds.scm.storage.CommitWatcher.watchOnLastIndex(CommitWatcher.java:161)
	at org.apache.hadoop.hdds.scm.storage.BlockOutputStream.watchForCommit(BlockOutputStream.java:346)
	at org.apache.hadoop.hdds.scm.storage.BlockOutputStream.handleFlush(BlockOutputStream.java:482)
	at org.apache.hadoop.hdds.scm.storage.BlockOutputStream.close(BlockOutputStream.java:496)
	at org.apache.hadoop.ozone.client.io.BlockOutputStreamEntry.close(BlockOutputStreamEntry.java:143)
	at org.apache.hadoop.ozone.client.io.KeyOutputStream.handleFlushOrClose(KeyOutputStream.java:435)
	at org.apache.hadoop.ozone.client.io.KeyOutputStream.close(KeyOutputStream.java:473)
	at org.apache.hadoop.ozone.client.io.OzoneOutputStream.close(OzoneOutputStream.java:60)
	at org.apache.hadoop.ozone.client.rpc.TestDeleteWithSlowFollower.testDeleteKeyWithSlowFollower(TestDeleteWithSlowFollower.java:197)
	at sun.reflect.NativeMethodAccessorImpl.invoke0(Native Method)
	at sun.reflect.NativeMethodAccessorImpl.invoke(NativeMethodAccessorImpl.java:62)
	at sun.reflect.DelegatingMethodAccessorImpl.invoke(DelegatingMethodAccessorImpl.java:43)
	at java.lang.reflect.Method.invoke(Method.java:498)
	at org.junit.runners.model.FrameworkMethod$1.runReflectiveCall(FrameworkMethod.java:47)
	at org.junit.internal.runners.model.ReflectiveCallable.run(ReflectiveCallable.java:12)
	at org.junit.runners.model.FrameworkMethod.invokeExplosively(FrameworkMethod.java:44)
	at org.junit.internal.runners.statements.InvokeMethod.evaluate(InvokeMethod.java:17)
	at org.junit.runners.ParentRunner.runLeaf(ParentRunner.java:271)
	at org.junit.runners.BlockJUnit4ClassRunner.runChild(BlockJUnit4ClassRunner.java:70)
	at org.junit.runners.BlockJUnit4ClassRunner.runChild(BlockJUnit4ClassRunner.java:50)
	at org.junit.runners.ParentRunner$3.run(ParentRunner.java:238)
	at org.junit.runners.ParentRunner$1.schedule(ParentRunner.java:63)
	at org.junit.runners.ParentRunner.runChildren(ParentRunner.java:236)
	at org.junit.runners.ParentRunner.access$000(ParentRunner.java:53)
	at org.junit.runners.ParentRunner$2.evaluate(ParentRunner.java:229)
	at org.junit.internal.runners.statements.RunBefores.evaluate(RunBefores.java:26)
	at org.junit.internal.runners.statements.RunAfters.evaluate(RunAfters.java:27)
	at org.junit.runners.ParentRunner.run(ParentRunner.java:309)
	at org.apache.maven.surefire.junit4.JUnit4Provider.execute(JUnit4Provider.java:365)
	at org.apache.maven.surefire.junit4.JUnit4Provider.executeWithRerun(JUnit4Provider.java:273)
	at org.apache.maven.surefire.junit4.JUnit4Provider.executeTestSet(JUnit4Provider.java:238)
	at org.apache.maven.surefire.junit4.JUnit4Provider.invoke(JUnit4Provider.java:159)
	at org.apache.maven.surefire.booter.ForkedBooter.invokeProviderInSameClassLoader(ForkedBooter.java:384)
	at org.apache.maven.surefire.booter.ForkedBooter.runSuitesInProcess(ForkedBooter.java:345)
	at org.apache.maven.surefire.booter.ForkedBooter.execute(ForkedBooter.java:126)
	at org.apache.maven.surefire.booter.ForkedBooter.main(ForkedBooter.java:418)
2019-10-24 07:33:09,208 [main] INFO  scm.XceiverClientRatis (XceiverClientRatis.java:lambda$watchForCommit$5(295)) - Could not commit index 6 on pipeline Pipeline[ Id: c690a9b5-90d2-4057-86e6-870f7e70d6b1, Nodes: 1511a8b7-2741-4c2d-9317-1899631fe9c9{ip: 192.168.164.194, host: pr-hdds-1569-mb8zc-4097773718, networkLocation: /default-rack, certSerialId: null}e0ed10f2-3224-42fb-9fee-fcf0e55d7c66{ip: 192.168.164.194, host: pr-hdds-1569-mb8zc-4097773718, networkLocation: /default-rack, certSerialId: null}6f89809c-7abc-423e-b97b-03c6b4343e46{ip: 192.168.164.194, host: pr-hdds-1569-mb8zc-4097773718, networkLocation: /default-rack, certSerialId: null}, Type:RATIS, Factor:THREE, State:OPEN] to all the nodes. Server 6f89809c-7abc-423e-b97b-03c6b4343e46 has failed. Committed by majority.
2019-10-24 07:33:09,209 [main] WARN  storage.BlockOutputStream (BlockOutputStream.java:watchForCommit(352)) - Failed to commit BlockId conID: 1 locID: 103016192358678528 bcsId: 6 on Pipeline[ Id: c690a9b5-90d2-4057-86e6-870f7e70d6b1, Nodes: 1511a8b7-2741-4c2d-9317-1899631fe9c9{ip: 192.168.164.194, host: pr-hdds-1569-mb8zc-4097773718, networkLocation: /default-rack, certSerialId: null}e0ed10f2-3224-42fb-9fee-fcf0e55d7c66{ip: 192.168.164.194, host: pr-hdds-1569-mb8zc-4097773718, networkLocation: /default-rack, certSerialId: null}6f89809c-7abc-423e-b97b-03c6b4343e46{ip: 192.168.164.194, host: pr-hdds-1569-mb8zc-4097773718, networkLocation: /default-rack, certSerialId: null}, Type:RATIS, Factor:THREE, State:OPEN]. Failed nodes: [6f89809c-7abc-423e-b97b-03c6b4343e46{ip: null, host: null, networkLocation: /default-rack, certSerialId: null}]
2019-10-24 07:33:09,227 [grpc-default-executor-0] WARN  server.GrpcLogAppender (LogUtils.java:warn(134)) - e0ed10f2-3224-42fb-9fee-fcf0e55d7c66@group-870F7E70D6B1->6f89809c-7abc-423e-b97b-03c6b4343e46-AppendLogResponseHandler: Failed appendEntries: org.apache.ratis.thirdparty.io.grpc.StatusRuntimeException: UNAVAILABLE: io exception
2019-10-24 07:33:09,228 [grpc-default-executor-0] INFO  impl.FollowerInfo (FollowerInfo.java:lambda$new$0(51)) - e0ed10f2-3224-42fb-9fee-fcf0e55d7c66@group-870F7E70D6B1->6f89809c-7abc-423e-b97b-03c6b4343e46: nextIndex: updateUnconditionally 0 -> 0
2019-10-24 07:33:10,268 [grpc-default-executor-3] WARN  server.GrpcLogAppender (LogUtils.java:warn(134)) - 1511a8b7-2741-4c2d-9317-1899631fe9c9@group-AC59B62BA460->6f89809c-7abc-423e-b97b-03c6b4343e46-AppendLogResponseHandler: Failed appendEntries: org.apache.ratis.thirdparty.io.grpc.StatusRuntimeException: UNAVAILABLE: io exception
2019-10-24 07:33:10,270 [grpc-default-executor-3] INFO  impl.FollowerInfo (FollowerInfo.java:lambda$new$0(51)) - 1511a8b7-2741-4c2d-9317-1899631fe9c9@group-AC59B62BA460->6f89809c-7abc-423e-b97b-03c6b4343e46: nextIndex: updateUnconditionally 1 -> 0
2019-10-24 07:33:10,282 [grpc-default-executor-1] WARN  server.GrpcLogAppender (LogUtils.java:warn(134)) - 1511a8b7-2741-4c2d-9317-1899631fe9c9@group-AC59B62BA460->6f89809c-7abc-423e-b97b-03c6b4343e46-AppendLogResponseHandler: Failed appendEntries: org.apache.ratis.thirdparty.io.grpc.StatusRuntimeException: UNAVAILABLE: io exception
2019-10-24 07:33:10,283 [grpc-default-executor-1] INFO  impl.FollowerInfo (FollowerInfo.java:lambda$new$0(51)) - 1511a8b7-2741-4c2d-9317-1899631fe9c9@group-AC59B62BA460->6f89809c-7abc-423e-b97b-03c6b4343e46: nextIndex: updateUnconditionally 1 -> 0
2019-10-24 07:33:10,296 [grpc-default-executor-3] WARN  server.GrpcLogAppender (LogUtils.java:warn(134)) - 1511a8b7-2741-4c2d-9317-1899631fe9c9@group-AC59B62BA460->6f89809c-7abc-423e-b97b-03c6b4343e46-AppendLogResponseHandler: Failed appendEntries: org.apache.ratis.thirdparty.io.grpc.StatusRuntimeException: UNAVAILABLE: io exception
2019-10-24 07:33:10,296 [grpc-default-executor-3] INFO  impl.FollowerInfo (FollowerInfo.java:lambda$new$0(51)) - 1511a8b7-2741-4c2d-9317-1899631fe9c9@group-AC59B62BA460->6f89809c-7abc-423e-b97b-03c6b4343e46: nextIndex: updateUnconditionally 1 -> 0
2019-10-24 07:33:10,306 [EventQueue-IncrementalContainerReportForIncrementalContainerReportHandler] WARN  container.IncrementalContainerReportHandler (AbstractContainerReportHandler.java:updateContainerState(145)) - Container #1 is in OPEN state, but the datanode 1511a8b7-2741-4c2d-9317-1899631fe9c9{ip: 192.168.164.194, host: pr-hdds-1569-mb8zc-4097773718, networkLocation: /default-rack, certSerialId: null} reports an CLOSING replica.
2019-10-24 07:33:10,316 [RatisApplyTransactionExecutor 1] INFO  interfaces.Container (KeyValueContainer.java:flushAndSyncDB(386)) - Container 1 is synced with bcsId 6.
2019-10-24 07:33:10,317 [RatisApplyTransactionExecutor 1] INFO  interfaces.Container (KeyValueContainer.java:flushAndSyncDB(386)) - Container 1 is synced with bcsId 6.
2019-10-24 07:33:10,342 [RatisApplyTransactionExecutor 1] INFO  interfaces.Container (KeyValueContainer.java:close(335)) - Container 1 is closed with bcsId 6.
2019-10-24 07:33:10,348 [EventQueue-IncrementalContainerReportForIncrementalContainerReportHandler] WARN  container.IncrementalContainerReportHandler (AbstractContainerReportHandler.java:updateContainerState(145)) - Container #1 is in OPEN state, but the datanode 1511a8b7-2741-4c2d-9317-1899631fe9c9{ip: 192.168.164.194, host: pr-hdds-1569-mb8zc-4097773718, networkLocation: /default-rack, certSerialId: null} reports an CLOSED replica.
2019-10-24 07:33:10,348 [EventQueue-ContainerReportForContainerReportHandler] WARN  container.ContainerReportHandler (AbstractContainerReportHandler.java:updateContainerState(145)) - Container #1 is in OPEN state, but the datanode 1511a8b7-2741-4c2d-9317-1899631fe9c9{ip: 192.168.164.194, host: pr-hdds-1569-mb8zc-4097773718, networkLocation: /default-rack, certSerialId: null} reports an CLOSED replica.
2019-10-24 07:33:10,349 [EventQueue-IncrementalContainerReportForIncrementalContainerReportHandler] WARN  container.IncrementalContainerReportHandler (AbstractContainerReportHandler.java:updateContainerState(145)) - Container #1 is in OPEN state, but the datanode e0ed10f2-3224-42fb-9fee-fcf0e55d7c66{ip: 192.168.164.194, host: pr-hdds-1569-mb8zc-4097773718, networkLocation: /default-rack, certSerialId: null} reports an CLOSING replica.
2019-10-24 07:33:10,354 [RatisApplyTransactionExecutor 1] INFO  interfaces.Container (KeyValueContainer.java:flushAndSyncDB(386)) - Container 1 is synced with bcsId 6.
2019-10-24 07:33:10,355 [RatisApplyTransactionExecutor 1] INFO  interfaces.Container (KeyValueContainer.java:flushAndSyncDB(386)) - Container 1 is synced with bcsId 6.
2019-10-24 07:33:10,368 [BlockDeletingService#2] WARN  background.BlockDeletingService (BlockDeletingService.java:isDeletionAllowed(187)) - Close Container log Index 6 is not replicated across allthe servers in the pipeline c690a9b5-90d2-4057-86e6-870f7e70d6b1 as the min replicated index is 4. Deletion is not allowed in this container yet.
2019-10-24 07:33:10,371 [RatisApplyTransactionExecutor 1] INFO  interfaces.Container (KeyValueContainer.java:close(335)) - Container 1 is closed with bcsId 6.
2019-10-24 07:33:10,373 [EventQueue-IncrementalContainerReportForIncrementalContainerReportHandler] WARN  container.IncrementalContainerReportHandler (AbstractContainerReportHandler.java:updateContainerState(145)) - Container #1 is in OPEN state, but the datanode e0ed10f2-3224-42fb-9fee-fcf0e55d7c66{ip: 192.168.164.194, host: pr-hdds-1569-mb8zc-4097773718, networkLocation: /default-rack, certSerialId: null} reports an CLOSED replica.
2019-10-24 07:33:10,472 [EventQueue-ContainerReportForContainerReportHandler] WARN  container.ContainerReportHandler (AbstractContainerReportHandler.java:updateContainerState(145)) - Container #1 is in OPEN state, but the datanode e0ed10f2-3224-42fb-9fee-fcf0e55d7c66{ip: 192.168.164.194, host: pr-hdds-1569-mb8zc-4097773718, networkLocation: /default-rack, certSerialId: null} reports an CLOSED replica.
2019-10-24 07:33:10,644 [EventQueue-ContainerReportForContainerReportHandler] WARN  container.ContainerReportHandler (AbstractContainerReportHandler.java:updateContainerState(145)) - Container #1 is in OPEN state, but the datanode 1511a8b7-2741-4c2d-9317-1899631fe9c9{ip: 192.168.164.194, host: pr-hdds-1569-mb8zc-4097773718, networkLocation: /default-rack, certSerialId: null} reports an CLOSED replica.
2019-10-24 07:33:10,673 [EventQueue-ContainerReportForContainerReportHandler] WARN  container.ContainerReportHandler (AbstractContainerReportHandler.java:updateContainerState(145)) - Container #1 is in OPEN state, but the datanode e0ed10f2-3224-42fb-9fee-fcf0e55d7c66{ip: 192.168.164.194, host: pr-hdds-1569-mb8zc-4097773718, networkLocation: /default-rack, certSerialId: null} reports an CLOSED replica.
2019-10-24 07:33:10,845 [EventQueue-ContainerReportForContainerReportHandler] WARN  container.ContainerReportHandler (AbstractContainerReportHandler.java:updateContainerState(145)) - Container #1 is in OPEN state, but the datanode 1511a8b7-2741-4c2d-9317-1899631fe9c9{ip: 192.168.164.194, host: pr-hdds-1569-mb8zc-4097773718, networkLocation: /default-rack, certSerialId: null} reports an CLOSED replica.
2019-10-24 07:33:10,974 [EventQueue-ContainerReportForContainerReportHandler] WARN  container.ContainerReportHandler (AbstractContainerReportHandler.java:updateContainerState(145)) - Container #1 is in OPEN state, but the datanode e0ed10f2-3224-42fb-9fee-fcf0e55d7c66{ip: 192.168.164.194, host: pr-hdds-1569-mb8zc-4097773718, networkLocation: /default-rack, certSerialId: null} reports an CLOSED replica.
2019-10-24 07:33:11,147 [EventQueue-ContainerReportForContainerReportHandler] WARN  container.ContainerReportHandler (AbstractContainerReportHandler.java:updateContainerState(145)) - Container #1 is in OPEN state, but the datanode 1511a8b7-2741-4c2d-9317-1899631fe9c9{ip: 192.168.164.194, host: pr-hdds-1569-mb8zc-4097773718, networkLocation: /default-rack, certSerialId: null} reports an CLOSED replica.
2019-10-24 07:33:11,161 [IPC Server handler 0 on 41783] INFO  server.SCMBlockProtocolServer (SCMBlockProtocolServer.java:deleteKeyBlocks(212)) - SCM is informed by OM to delete 1 blocks
2019-10-24 07:33:11,162 [IPC Server handler 0 on 41783] INFO  block.BlockManagerImpl (BlockManagerImpl.java:deleteBlocks(277)) - Deleting blocks conID: 1 locID: 103016192358678528 bcsId: 0
2019-10-24 07:33:11,273 [EventQueue-ContainerReportForContainerReportHandler] WARN  container.ContainerReportHandler (AbstractContainerReportHandler.java:updateContainerState(145)) - Container #1 is in OPEN state, but the datanode e0ed10f2-3224-42fb-9fee-fcf0e55d7c66{ip: 192.168.164.194, host: pr-hdds-1569-mb8zc-4097773718, networkLocation: /default-rack, certSerialId: null} reports an CLOSED replica.
2019-10-24 07:33:11,345 [BlockDeletingService#2] WARN  background.BlockDeletingService (BlockDeletingService.java:isDeletionAllowed(187)) - Close Container log Index 6 is not replicated across allthe servers in the pipeline c690a9b5-90d2-4057-86e6-870f7e70d6b1 as the min replicated index is 4. Deletion is not allowed in this container yet.
2019-10-24 07:33:11,369 [BlockDeletingService#2] WARN  background.BlockDeletingService (BlockDeletingService.java:isDeletionAllowed(187)) - Close Container log Index 6 is not replicated across allthe servers in the pipeline c690a9b5-90d2-4057-86e6-870f7e70d6b1 as the min replicated index is 4. Deletion is not allowed in this container yet.
2019-10-24 07:33:11,449 [EventQueue-ContainerReportForContainerReportHandler] WARN  container.ContainerReportHandler (AbstractContainerReportHandler.java:updateContainerState(145)) - Container #1 is in OPEN state, but the datanode 1511a8b7-2741-4c2d-9317-1899631fe9c9{ip: 192.168.164.194, host: pr-hdds-1569-mb8zc-4097773718, networkLocation: /default-rack, certSerialId: null} reports an CLOSED replica.
2019-10-24 07:33:11,573 [EventQueue-ContainerReportForContainerReportHandler] WARN  container.ContainerReportHandler (AbstractContainerReportHandler.java:updateContainerState(145)) - Container #1 is in OPEN state, but the datanode e0ed10f2-3224-42fb-9fee-fcf0e55d7c66{ip: 192.168.164.194, host: pr-hdds-1569-mb8zc-4097773718, networkLocation: /default-rack, certSerialId: null} reports an CLOSED replica.
2019-10-24 07:33:11,728 [grpc-default-executor-0] WARN  server.GrpcLogAppender (LogUtils.java:warn(134)) - e0ed10f2-3224-42fb-9fee-fcf0e55d7c66@group-870F7E70D6B1->6f89809c-7abc-423e-b97b-03c6b4343e46-AppendLogResponseHandler: Failed appendEntries: org.apache.ratis.thirdparty.io.grpc.StatusRuntimeException: UNAVAILABLE: io exception
2019-10-24 07:33:11,728 [grpc-default-executor-0] INFO  impl.FollowerInfo (FollowerInfo.java:lambda$new$0(51)) - e0ed10f2-3224-42fb-9fee-fcf0e55d7c66@group-870F7E70D6B1->6f89809c-7abc-423e-b97b-03c6b4343e46: nextIndex: updateUnconditionally 0 -> 0
2019-10-24 07:33:11,748 [EventQueue-ContainerReportForContainerReportHandler] WARN  container.ContainerReportHandler (AbstractContainerReportHandler.java:updateContainerState(145)) - Container #1 is in OPEN state, but the datanode 1511a8b7-2741-4c2d-9317-1899631fe9c9{ip: 192.168.164.194, host: pr-hdds-1569-mb8zc-4097773718, networkLocation: /default-rack, certSerialId: null} reports an CLOSED replica.
2019-10-24 07:33:11,874 [EventQueue-ContainerReportForContainerReportHandler] WARN  container.ContainerReportHandler (AbstractContainerReportHandler.java:updateContainerState(145)) - Container #1 is in OPEN state, but the datanode e0ed10f2-3224-42fb-9fee-fcf0e55d7c66{ip: 192.168.164.194, host: pr-hdds-1569-mb8zc-4097773718, networkLocation: /default-rack, certSerialId: null} reports an CLOSED replica.
2019-10-24 07:33:12,149 [EventQueue-ContainerReportForContainerReportHandler] WARN  container.ContainerReportHandler (AbstractContainerReportHandler.java:updateContainerState(145)) - Container #1 is in OPEN state, but the datanode 1511a8b7-2741-4c2d-9317-1899631fe9c9{ip: 192.168.164.194, host: pr-hdds-1569-mb8zc-4097773718, networkLocation: /default-rack, certSerialId: null} reports an CLOSED replica.
2019-10-24 07:33:12,274 [EventQueue-ContainerReportForContainerReportHandler] WARN  container.ContainerReportHandler (AbstractContainerReportHandler.java:updateContainerState(145)) - Container #1 is in OPEN state, but the datanode e0ed10f2-3224-42fb-9fee-fcf0e55d7c66{ip: 192.168.164.194, host: pr-hdds-1569-mb8zc-4097773718, networkLocation: /default-rack, certSerialId: null} reports an CLOSED replica.
2019-10-24 07:33:12,348 [BlockDeletingService#2] WARN  background.BlockDeletingService (BlockDeletingService.java:isDeletionAllowed(187)) - Close Container log Index 6 is not replicated across allthe servers in the pipeline c690a9b5-90d2-4057-86e6-870f7e70d6b1 as the min replicated index is 4. Deletion is not allowed in this container yet.
2019-10-24 07:33:12,370 [BlockDeletingService#2] WARN  background.BlockDeletingService (BlockDeletingService.java:isDeletionAllowed(187)) - Close Container log Index 6 is not replicated across allthe servers in the pipeline c690a9b5-90d2-4057-86e6-870f7e70d6b1 as the min replicated index is 4. Deletion is not allowed in this container yet.
2019-10-24 07:33:12,449 [EventQueue-ContainerReportForContainerReportHandler] WARN  container.ContainerReportHandler (AbstractContainerReportHandler.java:updateContainerState(145)) - Container #1 is in OPEN state, but the datanode 1511a8b7-2741-4c2d-9317-1899631fe9c9{ip: 192.168.164.194, host: pr-hdds-1569-mb8zc-4097773718, networkLocation: /default-rack, certSerialId: null} reports an CLOSED replica.
2019-10-24 07:33:12,674 [EventQueue-ContainerReportForContainerReportHandler] WARN  container.ContainerReportHandler (AbstractContainerReportHandler.java:updateContainerState(145)) - Container #1 is in OPEN state, but the datanode e0ed10f2-3224-42fb-9fee-fcf0e55d7c66{ip: 192.168.164.194, host: pr-hdds-1569-mb8zc-4097773718, networkLocation: /default-rack, certSerialId: null} reports an CLOSED replica.
2019-10-24 07:33:12,750 [EventQueue-ContainerReportForContainerReportHandler] WARN  container.ContainerReportHandler (AbstractContainerReportHandler.java:updateContainerState(145)) - Container #1 is in OPEN state, but the datanode 1511a8b7-2741-4c2d-9317-1899631fe9c9{ip: 192.168.164.194, host: pr-hdds-1569-mb8zc-4097773718, networkLocation: /default-rack, certSerialId: null} reports an CLOSED replica.
2019-10-24 07:33:12,799 [grpc-default-executor-2] WARN  server.GrpcLogAppender (LogUtils.java:warn(134)) - 1511a8b7-2741-4c2d-9317-1899631fe9c9@group-AC59B62BA460->6f89809c-7abc-423e-b97b-03c6b4343e46-AppendLogResponseHandler: Failed appendEntries: org.apache.ratis.thirdparty.io.grpc.StatusRuntimeException: UNAVAILABLE: io exception
2019-10-24 07:33:12,799 [grpc-default-executor-2] INFO  impl.FollowerInfo (FollowerInfo.java:lambda$new$0(51)) - 1511a8b7-2741-4c2d-9317-1899631fe9c9@group-AC59B62BA460->6f89809c-7abc-423e-b97b-03c6b4343e46: nextIndex: updateUnconditionally 0 -> 0
2019-10-24 07:33:12,951 [EventQueue-ContainerReportForContainerReportHandler] WARN  container.ContainerReportHandler (AbstractContainerReportHandler.java:updateContainerState(145)) - Container #1 is in OPEN state, but the datanode 1511a8b7-2741-4c2d-9317-1899631fe9c9{ip: 192.168.164.194, host: pr-hdds-1569-mb8zc-4097773718, networkLocation: /default-rack, certSerialId: null} reports an CLOSED replica.
2019-10-24 07:33:12,975 [EventQueue-ContainerReportForContainerReportHandler] WARN  container.ContainerReportHandler (AbstractContainerReportHandler.java:updateContainerState(145)) - Container #1 is in OPEN state, but the datanode e0ed10f2-3224-42fb-9fee-fcf0e55d7c66{ip: 192.168.164.194, host: pr-hdds-1569-mb8zc-4097773718, networkLocation: /default-rack, certSerialId: null} reports an CLOSED replica.
2019-10-24 07:33:13,251 [EventQueue-ContainerReportForContainerReportHandler] WARN  container.ContainerReportHandler (AbstractContainerReportHandler.java:updateContainerState(145)) - Container #1 is in OPEN state, but the datanode 1511a8b7-2741-4c2d-9317-1899631fe9c9{ip: 192.168.164.194, host: pr-hdds-1569-mb8zc-4097773718, networkLocation: /default-rack, certSerialId: null} reports an CLOSED replica.
2019-10-24 07:33:13,275 [EventQueue-ContainerReportForContainerReportHandler] WARN  container.ContainerReportHandler (AbstractContainerReportHandler.java:updateContainerState(145)) - Container #1 is in OPEN state, but the datanode e0ed10f2-3224-42fb-9fee-fcf0e55d7c66{ip: 192.168.164.194, host: pr-hdds-1569-mb8zc-4097773718, networkLocation: /default-rack, certSerialId: null} reports an CLOSED replica.
2019-10-24 07:33:13,349 [BlockDeletingService#2] WARN  background.BlockDeletingService (BlockDeletingService.java:isDeletionAllowed(187)) - Close Container log Index 6 is not replicated across allthe servers in the pipeline c690a9b5-90d2-4057-86e6-870f7e70d6b1 as the min replicated index is 4. Deletion is not allowed in this container yet.
2019-10-24 07:33:13,371 [BlockDeletingService#2] WARN  background.BlockDeletingService (BlockDeletingService.java:isDeletionAllowed(187)) - Close Container log Index 6 is not replicated across allthe servers in the pipeline c690a9b5-90d2-4057-86e6-870f7e70d6b1 as the min replicated index is 4. Deletion is not allowed in this container yet.
2019-10-24 07:33:13,450 [EventQueue-ContainerReportForContainerReportHandler] WARN  container.ContainerReportHandler (AbstractContainerReportHandler.java:updateContainerState(145)) - Container #1 is in OPEN state, but the datanode 1511a8b7-2741-4c2d-9317-1899631fe9c9{ip: 192.168.164.194, host: pr-hdds-1569-mb8zc-4097773718, networkLocation: /default-rack, certSerialId: null} reports an CLOSED replica.
2019-10-24 07:33:13,476 [EventQueue-ContainerReportForContainerReportHandler] WARN  container.ContainerReportHandler (AbstractContainerReportHandler.java:updateContainerState(145)) - Container #1 is in OPEN state, but the datanode e0ed10f2-3224-42fb-9fee-fcf0e55d7c66{ip: 192.168.164.194, host: pr-hdds-1569-mb8zc-4097773718, networkLocation: /default-rack, certSerialId: null} reports an CLOSED replica.
2019-10-24 07:33:13,751 [EventQueue-ContainerReportForContainerReportHandler] WARN  container.ContainerReportHandler (AbstractContainerReportHandler.java:updateContainerState(145)) - Container #1 is in OPEN state, but the datanode 1511a8b7-2741-4c2d-9317-1899631fe9c9{ip: 192.168.164.194, host: pr-hdds-1569-mb8zc-4097773718, networkLocation: /default-rack, certSerialId: null} reports an CLOSED replica.
2019-10-24 07:33:13,776 [EventQueue-ContainerReportForContainerReportHandler] WARN  container.ContainerReportHandler (AbstractContainerReportHandler.java:updateContainerState(145)) - Container #1 is in OPEN state, but the datanode e0ed10f2-3224-42fb-9fee-fcf0e55d7c66{ip: 192.168.164.194, host: pr-hdds-1569-mb8zc-4097773718, networkLocation: /default-rack, certSerialId: null} reports an CLOSED replica.
2019-10-24 07:33:14,052 [EventQueue-ContainerReportForContainerReportHandler] WARN  container.ContainerReportHandler (AbstractContainerReportHandler.java:updateContainerState(145)) - Container #1 is in OPEN state, but the datanode 1511a8b7-2741-4c2d-9317-1899631fe9c9{ip: 192.168.164.194, host: pr-hdds-1569-mb8zc-4097773718, networkLocation: /default-rack, certSerialId: null} reports an CLOSED replica.
2019-10-24 07:33:14,076 [EventQueue-ContainerReportForContainerReportHandler] WARN  container.ContainerReportHandler (AbstractContainerReportHandler.java:updateContainerState(145)) - Container #1 is in OPEN state, but the datanode e0ed10f2-3224-42fb-9fee-fcf0e55d7c66{ip: 192.168.164.194, host: pr-hdds-1569-mb8zc-4097773718, networkLocation: /default-rack, certSerialId: null} reports an CLOSED replica.
2019-10-24 07:33:14,230 [grpc-default-executor-0] WARN  server.GrpcLogAppender (LogUtils.java:warn(134)) - e0ed10f2-3224-42fb-9fee-fcf0e55d7c66@group-870F7E70D6B1->6f89809c-7abc-423e-b97b-03c6b4343e46-AppendLogResponseHandler: Failed appendEntries: org.apache.ratis.thirdparty.io.grpc.StatusRuntimeException: UNAVAILABLE: io exception
2019-10-24 07:33:14,230 [grpc-default-executor-0] INFO  impl.FollowerInfo (FollowerInfo.java:lambda$new$0(51)) - e0ed10f2-3224-42fb-9fee-fcf0e55d7c66@group-870F7E70D6B1->6f89809c-7abc-423e-b97b-03c6b4343e46: nextIndex: updateUnconditionally 0 -> 0
2019-10-24 07:33:14,351 [BlockDeletingService#2] WARN  background.BlockDeletingService (BlockDeletingService.java:isDeletionAllowed(187)) - Close Container log Index 6 is not replicated across allthe servers in the pipeline c690a9b5-90d2-4057-86e6-870f7e70d6b1 as the min replicated index is 4. Deletion is not allowed in this container yet.
2019-10-24 07:33:14,372 [BlockDeletingService#2] WARN  background.BlockDeletingService (BlockDeletingService.java:isDeletionAllowed(187)) - Close Container log Index 6 is not replicated across allthe servers in the pipeline c690a9b5-90d2-4057-86e6-870f7e70d6b1 as the min replicated index is 4. Deletion is not allowed in this container yet.
2019-10-24 07:33:14,456 [EventQueue-ContainerReportForContainerReportHandler] WARN  container.ContainerReportHandler (AbstractContainerReportHandler.java:updateContainerState(145)) - Container #1 is in OPEN state, but the datanode 1511a8b7-2741-4c2d-9317-1899631fe9c9{ip: 192.168.164.194, host: pr-hdds-1569-mb8zc-4097773718, networkLocation: /default-rack, certSerialId: null} reports an CLOSED replica.
2019-10-24 07:33:14,476 [EventQueue-ContainerReportForContainerReportHandler] WARN  container.ContainerReportHandler (AbstractContainerReportHandler.java:updateContainerState(145)) - Container #1 is in OPEN state, but the datanode e0ed10f2-3224-42fb-9fee-fcf0e55d7c66{ip: 192.168.164.194, host: pr-hdds-1569-mb8zc-4097773718, networkLocation: /default-rack, certSerialId: null} reports an CLOSED replica.
2019-10-24 07:33:14,656 [EventQueue-ContainerReportForContainerReportHandler] WARN  container.ContainerReportHandler (AbstractContainerReportHandler.java:updateContainerState(145)) - Container #1 is in OPEN state, but the datanode 1511a8b7-2741-4c2d-9317-1899631fe9c9{ip: 192.168.164.194, host: pr-hdds-1569-mb8zc-4097773718, networkLocation: /default-rack, certSerialId: null} reports an CLOSED replica.
2019-10-24 07:33:14,677 [EventQueue-ContainerReportForContainerReportHandler] WARN  container.ContainerReportHandler (AbstractContainerReportHandler.java:updateContainerState(145)) - Container #1 is in OPEN state, but the datanode e0ed10f2-3224-42fb-9fee-fcf0e55d7c66{ip: 192.168.164.194, host: pr-hdds-1569-mb8zc-4097773718, networkLocation: /default-rack, certSerialId: null} reports an CLOSED replica.
2019-10-24 07:33:14,857 [EventQueue-ContainerReportForContainerReportHandler] WARN  container.ContainerReportHandler (AbstractContainerReportHandler.java:updateContainerState(145)) - Container #1 is in OPEN state, but the datanode 1511a8b7-2741-4c2d-9317-1899631fe9c9{ip: 192.168.164.194, host: pr-hdds-1569-mb8zc-4097773718, networkLocation: /default-rack, certSerialId: null} reports an CLOSED replica.
2019-10-24 07:33:14,878 [EventQueue-ContainerReportForContainerReportHandler] WARN  container.ContainerReportHandler (AbstractContainerReportHandler.java:updateContainerState(145)) - Container #1 is in OPEN state, but the datanode e0ed10f2-3224-42fb-9fee-fcf0e55d7c66{ip: 192.168.164.194, host: pr-hdds-1569-mb8zc-4097773718, networkLocation: /default-rack, certSerialId: null} reports an CLOSED replica.
2019-10-24 07:33:15,080 [EventQueue-ContainerReportForContainerReportHandler] WARN  container.ContainerReportHandler (AbstractContainerReportHandler.java:updateContainerState(145)) - Container #1 is in OPEN state, but the datanode e0ed10f2-3224-42fb-9fee-fcf0e55d7c66{ip: 192.168.164.194, host: pr-hdds-1569-mb8zc-4097773718, networkLocation: /default-rack, certSerialId: null} reports an CLOSED replica.
2019-10-24 07:33:15,157 [EventQueue-ContainerReportForContainerReportHandler] WARN  container.ContainerReportHandler (AbstractContainerReportHandler.java:updateContainerState(145)) - Container #1 is in OPEN state, but the datanode 1511a8b7-2741-4c2d-9317-1899631fe9c9{ip: 192.168.164.194, host: pr-hdds-1569-mb8zc-4097773718, networkLocation: /default-rack, certSerialId: null} reports an CLOSED replica.
2019-10-24 07:33:15,303 [grpc-default-executor-0] WARN  server.GrpcLogAppender (LogUtils.java:warn(134)) - 1511a8b7-2741-4c2d-9317-1899631fe9c9@group-AC59B62BA460->6f89809c-7abc-423e-b97b-03c6b4343e46-AppendLogResponseHandler: Failed appendEntries: org.apache.ratis.thirdparty.io.grpc.StatusRuntimeException: UNAVAILABLE: io exception
2019-10-24 07:33:15,304 [grpc-default-executor-0] INFO  impl.FollowerInfo (FollowerInfo.java:lambda$new$0(51)) - 1511a8b7-2741-4c2d-9317-1899631fe9c9@group-AC59B62BA460->6f89809c-7abc-423e-b97b-03c6b4343e46: nextIndex: updateUnconditionally 0 -> 0
2019-10-24 07:33:15,354 [BlockDeletingService#2] WARN  background.BlockDeletingService (BlockDeletingService.java:isDeletionAllowed(187)) - Close Container log Index 6 is not replicated across allthe servers in the pipeline c690a9b5-90d2-4057-86e6-870f7e70d6b1 as the min replicated index is 4. Deletion is not allowed in this container yet.
2019-10-24 07:33:15,374 [BlockDeletingService#2] WARN  background.BlockDeletingService (BlockDeletingService.java:isDeletionAllowed(187)) - Close Container log Index 6 is not replicated across allthe servers in the pipeline c690a9b5-90d2-4057-86e6-870f7e70d6b1 as the min replicated index is 4. Deletion is not allowed in this container yet.
2019-10-24 07:33:15,479 [EventQueue-ContainerReportForContainerReportHandler] WARN  container.ContainerReportHandler (AbstractContainerReportHandler.java:updateContainerState(145)) - Container #1 is in OPEN state, but the datanode e0ed10f2-3224-42fb-9fee-fcf0e55d7c66{ip: 192.168.164.194, host: pr-hdds-1569-mb8zc-4097773718, networkLocation: /default-rack, certSerialId: null} reports an CLOSED replica.
2019-10-24 07:33:15,558 [EventQueue-ContainerReportForContainerReportHandler] WARN  container.ContainerReportHandler (AbstractContainerReportHandler.java:updateContainerState(145)) - Container #1 is in OPEN state, but the datanode 1511a8b7-2741-4c2d-9317-1899631fe9c9{ip: 192.168.164.194, host: pr-hdds-1569-mb8zc-4097773718, networkLocation: /default-rack, certSerialId: null} reports an CLOSED replica.
2019-10-24 07:33:15,779 [EventQueue-ContainerReportForContainerReportHandler] WARN  container.ContainerReportHandler (AbstractContainerReportHandler.java:updateContainerState(145)) - Container #1 is in OPEN state, but the datanode e0ed10f2-3224-42fb-9fee-fcf0e55d7c66{ip: 192.168.164.194, host: pr-hdds-1569-mb8zc-4097773718, networkLocation: /default-rack, certSerialId: null} reports an CLOSED replica.
2019-10-24 07:33:15,959 [EventQueue-ContainerReportForContainerReportHandler] WARN  container.ContainerReportHandler (AbstractContainerReportHandler.java:updateContainerState(145)) - Container #1 is in OPEN state, but the datanode 1511a8b7-2741-4c2d-9317-1899631fe9c9{ip: 192.168.164.194, host: pr-hdds-1569-mb8zc-4097773718, networkLocation: /default-rack, certSerialId: null} reports an CLOSED replica.
2019-10-24 07:33:15,979 [EventQueue-ContainerReportForContainerReportHandler] WARN  container.ContainerReportHandler (AbstractContainerReportHandler.java:updateContainerState(145)) - Container #1 is in OPEN state, but the datanode e0ed10f2-3224-42fb-9fee-fcf0e55d7c66{ip: 192.168.164.194, host: pr-hdds-1569-mb8zc-4097773718, networkLocation: /default-rack, certSerialId: null} reports an CLOSED replica.
2019-10-24 07:33:16,161 [EventQueue-ContainerReportForContainerReportHandler] WARN  container.ContainerReportHandler (AbstractContainerReportHandler.java:updateContainerState(145)) - Container #1 is in OPEN state, but the datanode 1511a8b7-2741-4c2d-9317-1899631fe9c9{ip: 192.168.164.194, host: pr-hdds-1569-mb8zc-4097773718, networkLocation: /default-rack, certSerialId: null} reports an CLOSED replica.
2019-10-24 07:33:16,279 [EventQueue-ContainerReportForContainerReportHandler] WARN  container.ContainerReportHandler (AbstractContainerReportHandler.java:updateContainerState(145)) - Container #1 is in OPEN state, but the datanode e0ed10f2-3224-42fb-9fee-fcf0e55d7c66{ip: 192.168.164.194, host: pr-hdds-1569-mb8zc-4097773718, networkLocation: /default-rack, certSerialId: null} reports an CLOSED replica.
2019-10-24 07:33:16,356 [BlockDeletingService#2] WARN  background.BlockDeletingService (BlockDeletingService.java:isDeletionAllowed(187)) - Close Container log Index 6 is not replicated across allthe servers in the pipeline c690a9b5-90d2-4057-86e6-870f7e70d6b1 as the min replicated index is 4. Deletion is not allowed in this container yet.
2019-10-24 07:33:16,375 [BlockDeletingService#2] WARN  background.BlockDeletingService (BlockDeletingService.java:isDeletionAllowed(187)) - Close Container log Index 6 is not replicated across allthe servers in the pipeline c690a9b5-90d2-4057-86e6-870f7e70d6b1 as the min replicated index is 4. Deletion is not allowed in this container yet.
2019-10-24 07:33:16,560 [EventQueue-ContainerReportForContainerReportHandler] WARN  container.ContainerReportHandler (AbstractContainerReportHandler.java:updateContainerState(145)) - Container #1 is in OPEN state, but the datanode 1511a8b7-2741-4c2d-9317-1899631fe9c9{ip: 192.168.164.194, host: pr-hdds-1569-mb8zc-4097773718, networkLocation: /default-rack, certSerialId: null} reports an CLOSED replica.
2019-10-24 07:33:16,680 [EventQueue-ContainerReportForContainerReportHandler] WARN  container.ContainerReportHandler (AbstractContainerReportHandler.java:updateContainerState(145)) - Container #1 is in OPEN state, but the datanode e0ed10f2-3224-42fb-9fee-fcf0e55d7c66{ip: 192.168.164.194, host: pr-hdds-1569-mb8zc-4097773718, networkLocation: /default-rack, certSerialId: null} reports an CLOSED replica.
2019-10-24 07:33:16,734 [grpc-default-executor-0] WARN  server.GrpcLogAppender (LogUtils.java:warn(134)) - e0ed10f2-3224-42fb-9fee-fcf0e55d7c66@group-870F7E70D6B1->6f89809c-7abc-423e-b97b-03c6b4343e46-AppendLogResponseHandler: Failed appendEntries: org.apache.ratis.thirdparty.io.grpc.StatusRuntimeException: UNAVAILABLE: io exception
2019-10-24 07:33:16,734 [grpc-default-executor-0] INFO  impl.FollowerInfo (FollowerInfo.java:lambda$new$0(51)) - e0ed10f2-3224-42fb-9fee-fcf0e55d7c66@group-870F7E70D6B1->6f89809c-7abc-423e-b97b-03c6b4343e46: nextIndex: updateUnconditionally 0 -> 0
2019-10-24 07:33:16,761 [EventQueue-ContainerReportForContainerReportHandler] WARN  container.ContainerReportHandler (AbstractContainerReportHandler.java:updateContainerState(145)) - Container #1 is in OPEN state, but the datanode 1511a8b7-2741-4c2d-9317-1899631fe9c9{ip: 192.168.164.194, host: pr-hdds-1569-mb8zc-4097773718, networkLocation: /default-rack, certSerialId: null} reports an CLOSED replica.
2019-10-24 07:33:16,965 [EventQueue-ContainerReportForContainerReportHandler] WARN  container.ContainerReportHandler (AbstractContainerReportHandler.java:updateContainerState(145)) - Container #1 is in OPEN state, but the datanode 1511a8b7-2741-4c2d-9317-1899631fe9c9{ip: 192.168.164.194, host: pr-hdds-1569-mb8zc-4097773718, networkLocation: /default-rack, certSerialId: null} reports an CLOSED replica.
2019-10-24 07:33:16,979 [EventQueue-ContainerReportForContainerReportHandler] WARN  container.ContainerReportHandler (AbstractContainerReportHandler.java:updateContainerState(145)) - Container #1 is in OPEN state, but the datanode e0ed10f2-3224-42fb-9fee-fcf0e55d7c66{ip: 192.168.164.194, host: pr-hdds-1569-mb8zc-4097773718, networkLocation: /default-rack, certSerialId: null} reports an CLOSED replica.
2019-10-24 07:33:17,262 [EventQueue-ContainerReportForContainerReportHandler] WARN  container.ContainerReportHandler (AbstractContainerReportHandler.java:updateContainerState(145)) - Container #1 is in OPEN state, but the datanode 1511a8b7-2741-4c2d-9317-1899631fe9c9{ip: 192.168.164.194, host: pr-hdds-1569-mb8zc-4097773718, networkLocation: /default-rack, certSerialId: null} reports an CLOSED replica.
2019-10-24 07:33:17,282 [EventQueue-ContainerReportForContainerReportHandler] WARN  container.ContainerReportHandler (AbstractContainerReportHandler.java:updateContainerState(145)) - Container #1 is in OPEN state, but the datanode e0ed10f2-3224-42fb-9fee-fcf0e55d7c66{ip: 192.168.164.194, host: pr-hdds-1569-mb8zc-4097773718, networkLocation: /default-rack, certSerialId: null} reports an CLOSED replica.
2019-10-24 07:33:17,359 [BlockDeletingService#2] WARN  background.BlockDeletingService (BlockDeletingService.java:isDeletionAllowed(187)) - Close Container log Index 6 is not replicated across allthe servers in the pipeline c690a9b5-90d2-4057-86e6-870f7e70d6b1 as the min replicated index is 4. Deletion is not allowed in this container yet.
2019-10-24 07:33:17,376 [BlockDeletingService#2] WARN  background.BlockDeletingService (BlockDeletingService.java:isDeletionAllowed(187)) - Close Container log Index 6 is not replicated across allthe servers in the pipeline c690a9b5-90d2-4057-86e6-870f7e70d6b1 as the min replicated index is 4. Deletion is not allowed in this container yet.
2019-10-24 07:33:17,461 [EventQueue-ContainerReportForContainerReportHandler] WARN  container.ContainerReportHandler (AbstractContainerReportHandler.java:updateContainerState(145)) - Container #1 is in OPEN state, but the datanode 1511a8b7-2741-4c2d-9317-1899631fe9c9{ip: 192.168.164.194, host: pr-hdds-1569-mb8zc-4097773718, networkLocation: /default-rack, certSerialId: null} reports an CLOSED replica.
2019-10-24 07:33:17,580 [EventQueue-ContainerReportForContainerReportHandler] WARN  container.ContainerReportHandler (AbstractContainerReportHandler.java:updateContainerState(145)) - Container #1 is in OPEN state, but the datanode e0ed10f2-3224-42fb-9fee-fcf0e55d7c66{ip: 192.168.164.194, host: pr-hdds-1569-mb8zc-4097773718, networkLocation: /default-rack, certSerialId: null} reports an CLOSED replica.
2019-10-24 07:33:17,761 [EventQueue-ContainerReportForContainerReportHandler] WARN  container.ContainerReportHandler (AbstractContainerReportHandler.java:updateContainerState(145)) - Container #1 is in OPEN state, but the datanode 1511a8b7-2741-4c2d-9317-1899631fe9c9{ip: 192.168.164.194, host: pr-hdds-1569-mb8zc-4097773718, networkLocation: /default-rack, certSerialId: null} reports an CLOSED replica.
2019-10-24 07:33:17,803 [grpc-default-executor-2] WARN  server.GrpcLogAppender (LogUtils.java:warn(134)) - 1511a8b7-2741-4c2d-9317-1899631fe9c9@group-AC59B62BA460->6f89809c-7abc-423e-b97b-03c6b4343e46-AppendLogResponseHandler: Failed appendEntries: org.apache.ratis.thirdparty.io.grpc.StatusRuntimeException: UNAVAILABLE: io exception
2019-10-24 07:33:17,803 [grpc-default-executor-2] INFO  impl.FollowerInfo (FollowerInfo.java:lambda$new$0(51)) - 1511a8b7-2741-4c2d-9317-1899631fe9c9@group-AC59B62BA460->6f89809c-7abc-423e-b97b-03c6b4343e46: nextIndex: updateUnconditionally 0 -> 0
2019-10-24 07:33:17,881 [EventQueue-ContainerReportForContainerReportHandler] WARN  container.ContainerReportHandler (AbstractContainerReportHandler.java:updateContainerState(145)) - Container #1 is in OPEN state, but the datanode e0ed10f2-3224-42fb-9fee-fcf0e55d7c66{ip: 192.168.164.194, host: pr-hdds-1569-mb8zc-4097773718, networkLocation: /default-rack, certSerialId: null} reports an CLOSED replica.
2019-10-24 07:33:18,061 [EventQueue-ContainerReportForContainerReportHandler] WARN  container.ContainerReportHandler (AbstractContainerReportHandler.java:updateContainerState(145)) - Container #1 is in OPEN state, but the datanode 1511a8b7-2741-4c2d-9317-1899631fe9c9{ip: 192.168.164.194, host: pr-hdds-1569-mb8zc-4097773718, networkLocation: /default-rack, certSerialId: null} reports an CLOSED replica.
2019-10-24 07:33:18,280 [EventQueue-ContainerReportForContainerReportHandler] WARN  container.ContainerReportHandler (AbstractContainerReportHandler.java:updateContainerState(145)) - Container #1 is in OPEN state, but the datanode e0ed10f2-3224-42fb-9fee-fcf0e55d7c66{ip: 192.168.164.194, host: pr-hdds-1569-mb8zc-4097773718, networkLocation: /default-rack, certSerialId: null} reports an CLOSED replica.
2019-10-24 07:33:18,294 [Thread-389] INFO  client.GrpcClientProtocolService (GrpcClientProtocolService.java:lambda$processClientRequest$0(278)) - Failed RaftClientRequest:client-950A9ED4B75C->1511a8b7-2741-4c2d-9317-1899631fe9c9@group-870F7E70D6B1, cid=13, seq=0, Watch-ALL_COMMITTED(6), Message:<EMPTY>, reply=RaftClientReply:client-950A9ED4B75C->1511a8b7-2741-4c2d-9317-1899631fe9c9@group-870F7E70D6B1, cid=13, FAILED org.apache.ratis.protocol.NotLeaderException: Server 1511a8b7-2741-4c2d-9317-1899631fe9c9@group-870F7E70D6B1 is not the leader e0ed10f2-3224-42fb-9fee-fcf0e55d7c66:192.168.164.194:44281, logIndex=0, commits[1511a8b7-2741-4c2d-9317-1899631fe9c9:c8, e0ed10f2-3224-42fb-9fee-fcf0e55d7c66:c8, 6f89809c-7abc-423e-b97b-03c6b4343e46:c4]
2019-10-24 07:33:18,361 [BlockDeletingService#2] WARN  background.BlockDeletingService (BlockDeletingService.java:isDeletionAllowed(187)) - Close Container log Index 6 is not replicated across allthe servers in the pipeline c690a9b5-90d2-4057-86e6-870f7e70d6b1 as the min replicated index is 4. Deletion is not allowed in this container yet.
2019-10-24 07:33:18,361 [EventQueue-ContainerReportForContainerReportHandler] WARN  container.ContainerReportHandler (AbstractContainerReportHandler.java:updateContainerState(145)) - Container #1 is in OPEN state, but the datanode 1511a8b7-2741-4c2d-9317-1899631fe9c9{ip: 192.168.164.194, host: pr-hdds-1569-mb8zc-4097773718, networkLocation: /default-rack, certSerialId: null} reports an CLOSED replica.
2019-10-24 07:33:18,378 [BlockDeletingService#2] WARN  background.BlockDeletingService (BlockDeletingService.java:isDeletionAllowed(187)) - Close Container log Index 6 is not replicated across allthe servers in the pipeline c690a9b5-90d2-4057-86e6-870f7e70d6b1 as the min replicated index is 4. Deletion is not allowed in this container yet.
2019-10-24 07:33:18,481 [EventQueue-ContainerReportForContainerReportHandler] WARN  container.ContainerReportHandler (AbstractContainerReportHandler.java:updateContainerState(145)) - Container #1 is in OPEN state, but the datanode e0ed10f2-3224-42fb-9fee-fcf0e55d7c66{ip: 192.168.164.194, host: pr-hdds-1569-mb8zc-4097773718, networkLocation: /default-rack, certSerialId: null} reports an CLOSED replica.
2019-10-24 07:33:18,662 [EventQueue-ContainerReportForContainerReportHandler] WARN  container.ContainerReportHandler (AbstractContainerReportHandler.java:updateContainerState(145)) - Container #1 is in OPEN state, but the datanode 1511a8b7-2741-4c2d-9317-1899631fe9c9{ip: 192.168.164.194, host: pr-hdds-1569-mb8zc-4097773718, networkLocation: /default-rack, certSerialId: null} reports an CLOSED replica.
2019-10-24 07:33:18,683 [Thread-394] INFO  client.GrpcClientProtocolService (GrpcClientProtocolService.java:lambda$processClientRequest$0(278)) - Failed RaftClientRequest:client-950A9ED4B75C->e0ed10f2-3224-42fb-9fee-fcf0e55d7c66@group-870F7E70D6B1, cid=13, seq=0, Watch-ALL_COMMITTED(6), Message:<EMPTY>, reply=RaftClientReply:client-950A9ED4B75C->e0ed10f2-3224-42fb-9fee-fcf0e55d7c66@group-870F7E70D6B1, cid=13, FAILED org.apache.ratis.protocol.NotReplicatedException: Request with call Id 13 and log index 6 is not yet replicated to ALL_COMMITTED, logIndex=6, commits[e0ed10f2-3224-42fb-9fee-fcf0e55d7c66:c8, 1511a8b7-2741-4c2d-9317-1899631fe9c9:c8, 6f89809c-7abc-423e-b97b-03c6b4343e46:c4]
2019-10-24 07:33:18,881 [EventQueue-ContainerReportForContainerReportHandler] WARN  container.ContainerReportHandler (AbstractContainerReportHandler.java:updateContainerState(145)) - Container #1 is in OPEN state, but the datanode e0ed10f2-3224-42fb-9fee-fcf0e55d7c66{ip: 192.168.164.194, host: pr-hdds-1569-mb8zc-4097773718, networkLocation: /default-rack, certSerialId: null} reports an CLOSED replica.
2019-10-24 07:33:19,062 [EventQueue-ContainerReportForContainerReportHandler] WARN  container.ContainerReportHandler (AbstractContainerReportHandler.java:updateContainerState(145)) - Container #1 is in OPEN state, but the datanode 1511a8b7-2741-4c2d-9317-1899631fe9c9{ip: 192.168.164.194, host: pr-hdds-1569-mb8zc-4097773718, networkLocation: /default-rack, certSerialId: null} reports an CLOSED replica.
2019-10-24 07:33:19,081 [EventQueue-ContainerReportForContainerReportHandler] WARN  container.ContainerReportHandler (AbstractContainerReportHandler.java:updateContainerState(145)) - Container #1 is in OPEN state, but the datanode e0ed10f2-3224-42fb-9fee-fcf0e55d7c66{ip: 192.168.164.194, host: pr-hdds-1569-mb8zc-4097773718, networkLocation: /default-rack, certSerialId: null} reports an CLOSED replica.
2019-10-24 07:33:19,236 [grpc-default-executor-0] WARN  server.GrpcLogAppender (LogUtils.java:warn(134)) - e0ed10f2-3224-42fb-9fee-fcf0e55d7c66@group-870F7E70D6B1->6f89809c-7abc-423e-b97b-03c6b4343e46-AppendLogResponseHandler: Failed appendEntries: org.apache.ratis.thirdparty.io.grpc.StatusRuntimeException: UNAVAILABLE: io exception
2019-10-24 07:33:19,241 [grpc-default-executor-0] INFO  impl.FollowerInfo (FollowerInfo.java:lambda$new$0(51)) - e0ed10f2-3224-42fb-9fee-fcf0e55d7c66@group-870F7E70D6B1->6f89809c-7abc-423e-b97b-03c6b4343e46: nextIndex: updateUnconditionally 0 -> 0
2019-10-24 07:33:19,262 [EventQueue-ContainerReportForContainerReportHandler] WARN  container.ContainerReportHandler (AbstractContainerReportHandler.java:updateContainerState(145)) - Container #1 is in OPEN state, but the datanode 1511a8b7-2741-4c2d-9317-1899631fe9c9{ip: 192.168.164.194, host: pr-hdds-1569-mb8zc-4097773718, networkLocation: /default-rack, certSerialId: null} reports an CLOSED replica.
2019-10-24 07:33:19,363 [BlockDeletingService#2] WARN  background.BlockDeletingService (BlockDeletingService.java:isDeletionAllowed(187)) - Close Container log Index 6 is not replicated across allthe servers in the pipeline c690a9b5-90d2-4057-86e6-870f7e70d6b1 as the min replicated index is 4. Deletion is not allowed in this container yet.
2019-10-24 07:33:19,379 [BlockDeletingService#2] WARN  background.BlockDeletingService (BlockDeletingService.java:isDeletionAllowed(187)) - Close Container log Index 6 is not replicated across allthe servers in the pipeline c690a9b5-90d2-4057-86e6-870f7e70d6b1 as the min replicated index is 4. Deletion is not allowed in this container yet.
2019-10-24 07:33:19,481 [EventQueue-ContainerReportForContainerReportHandler] WARN  container.ContainerReportHandler (AbstractContainerReportHandler.java:updateContainerState(145)) - Container #1 is in OPEN state, but the datanode e0ed10f2-3224-42fb-9fee-fcf0e55d7c66{ip: 192.168.164.194, host: pr-hdds-1569-mb8zc-4097773718, networkLocation: /default-rack, certSerialId: null} reports an CLOSED replica.
2019-10-24 07:33:19,562 [EventQueue-ContainerReportForContainerReportHandler] WARN  container.ContainerReportHandler (AbstractContainerReportHandler.java:updateContainerState(145)) - Container #1 is in OPEN state, but the datanode 1511a8b7-2741-4c2d-9317-1899631fe9c9{ip: 192.168.164.194, host: pr-hdds-1569-mb8zc-4097773718, networkLocation: /default-rack, certSerialId: null} reports an CLOSED replica.
2019-10-24 07:33:19,781 [EventQueue-ContainerReportForContainerReportHandler] WARN  container.ContainerReportHandler (AbstractContainerReportHandler.java:updateContainerState(145)) - Container #1 is in OPEN state, but the datanode e0ed10f2-3224-42fb-9fee-fcf0e55d7c66{ip: 192.168.164.194, host: pr-hdds-1569-mb8zc-4097773718, networkLocation: /default-rack, certSerialId: null} reports an CLOSED replica.
2019-10-24 07:33:19,962 [EventQueue-ContainerReportForContainerReportHandler] WARN  container.ContainerReportHandler (AbstractContainerReportHandler.java:updateContainerState(145)) - Container #1 is in OPEN state, but the datanode 1511a8b7-2741-4c2d-9317-1899631fe9c9{ip: 192.168.164.194, host: pr-hdds-1569-mb8zc-4097773718, networkLocation: /default-rack, certSerialId: null} reports an CLOSED replica.
2019-10-24 07:33:19,981 [EventQueue-ContainerReportForContainerReportHandler] WARN  container.ContainerReportHandler (AbstractContainerReportHandler.java:updateContainerState(145)) - Container #1 is in OPEN state, but the datanode e0ed10f2-3224-42fb-9fee-fcf0e55d7c66{ip: 192.168.164.194, host: pr-hdds-1569-mb8zc-4097773718, networkLocation: /default-rack, certSerialId: null} reports an CLOSED replica.
2019-10-24 07:33:20,262 [EventQueue-ContainerReportForContainerReportHandler] WARN  container.ContainerReportHandler (AbstractContainerReportHandler.java:updateContainerState(145)) - Container #1 is in OPEN state, but the datanode 1511a8b7-2741-4c2d-9317-1899631fe9c9{ip: 192.168.164.194, host: pr-hdds-1569-mb8zc-4097773718, networkLocation: /default-rack, certSerialId: null} reports an CLOSED replica.
2019-10-24 07:33:20,281 [EventQueue-ContainerReportForContainerReportHandler] WARN  container.ContainerReportHandler (AbstractContainerReportHandler.java:updateContainerState(145)) - Container #1 is in OPEN state, but the datanode e0ed10f2-3224-42fb-9fee-fcf0e55d7c66{ip: 192.168.164.194, host: pr-hdds-1569-mb8zc-4097773718, networkLocation: /default-rack, certSerialId: null} reports an CLOSED replica.
2019-10-24 07:33:20,305 [grpc-default-executor-3] WARN  server.GrpcLogAppender (LogUtils.java:warn(134)) - 1511a8b7-2741-4c2d-9317-1899631fe9c9@group-AC59B62BA460->6f89809c-7abc-423e-b97b-03c6b4343e46-AppendLogResponseHandler: Failed appendEntries: org.apache.ratis.thirdparty.io.grpc.StatusRuntimeException: UNAVAILABLE: io exception
2019-10-24 07:33:20,305 [grpc-default-executor-3] INFO  impl.FollowerInfo (FollowerInfo.java:lambda$new$0(51)) - 1511a8b7-2741-4c2d-9317-1899631fe9c9@group-AC59B62BA460->6f89809c-7abc-423e-b97b-03c6b4343e46: nextIndex: updateUnconditionally 0 -> 0
2019-10-24 07:33:20,365 [BlockDeletingService#2] WARN  background.BlockDeletingService (BlockDeletingService.java:isDeletionAllowed(187)) - Close Container log Index 6 is not replicated across allthe servers in the pipeline c690a9b5-90d2-4057-86e6-870f7e70d6b1 as the min replicated index is 4. Deletion is not allowed in this container yet.
2019-10-24 07:33:20,380 [BlockDeletingService#2] WARN  background.BlockDeletingService (BlockDeletingService.java:isDeletionAllowed(187)) - Close Container log Index 6 is not replicated across allthe servers in the pipeline c690a9b5-90d2-4057-86e6-870f7e70d6b1 as the min replicated index is 4. Deletion is not allowed in this container yet.
2019-10-24 07:33:20,481 [EventQueue-ContainerReportForContainerReportHandler] WARN  container.ContainerReportHandler (AbstractContainerReportHandler.java:updateContainerState(145)) - Container #1 is in OPEN state, but the datanode e0ed10f2-3224-42fb-9fee-fcf0e55d7c66{ip: 192.168.164.194, host: pr-hdds-1569-mb8zc-4097773718, networkLocation: /default-rack, certSerialId: null} reports an CLOSED replica.
2019-10-24 07:33:20,562 [EventQueue-ContainerReportForContainerReportHandler] WARN  container.ContainerReportHandler (AbstractContainerReportHandler.java:updateContainerState(145)) - Container #1 is in OPEN state, but the datanode 1511a8b7-2741-4c2d-9317-1899631fe9c9{ip: 192.168.164.194, host: pr-hdds-1569-mb8zc-4097773718, networkLocation: /default-rack, certSerialId: null} reports an CLOSED replica.
2019-10-24 07:33:20,762 [EventQueue-ContainerReportForContainerReportHandler] WARN  container.ContainerReportHandler (AbstractContainerReportHandler.java:updateContainerState(145)) - Container #1 is in OPEN state, but the datanode 1511a8b7-2741-4c2d-9317-1899631fe9c9{ip: 192.168.164.194, host: pr-hdds-1569-mb8zc-4097773718, networkLocation: /default-rack, certSerialId: null} reports an CLOSED replica.
2019-10-24 07:33:20,882 [EventQueue-ContainerReportForContainerReportHandler] WARN  container.ContainerReportHandler (AbstractContainerReportHandler.java:updateContainerState(145)) - Container #1 is in OPEN state, but the datanode e0ed10f2-3224-42fb-9fee-fcf0e55d7c66{ip: 192.168.164.194, host: pr-hdds-1569-mb8zc-4097773718, networkLocation: /default-rack, certSerialId: null} reports an CLOSED replica.
2019-10-24 07:33:20,963 [EventQueue-ContainerReportForContainerReportHandler] WARN  container.ContainerReportHandler (AbstractContainerReportHandler.java:updateContainerState(145)) - Container #1 is in OPEN state, but the datanode 1511a8b7-2741-4c2d-9317-1899631fe9c9{ip: 192.168.164.194, host: pr-hdds-1569-mb8zc-4097773718, networkLocation: /default-rack, certSerialId: null} reports an CLOSED replica.
2019-10-24 07:33:21,164 [EventQueue-ContainerReportForContainerReportHandler] WARN  container.ContainerReportHandler (AbstractContainerReportHandler.java:updateContainerState(145)) - Container #1 is in OPEN state, but the datanode 1511a8b7-2741-4c2d-9317-1899631fe9c9{ip: 192.168.164.194, host: pr-hdds-1569-mb8zc-4097773718, networkLocation: /default-rack, certSerialId: null} reports an CLOSED replica.
2019-10-24 07:33:21,185 [EventQueue-ContainerReportForContainerReportHandler] WARN  container.ContainerReportHandler (AbstractContainerReportHandler.java:updateContainerState(145)) - Container #1 is in OPEN state, but the datanode e0ed10f2-3224-42fb-9fee-fcf0e55d7c66{ip: 192.168.164.194, host: pr-hdds-1569-mb8zc-4097773718, networkLocation: /default-rack, certSerialId: null} reports an CLOSED replica.
2019-10-24 07:33:21,367 [BlockDeletingService#2] WARN  background.BlockDeletingService (BlockDeletingService.java:isDeletionAllowed(187)) - Close Container log Index 6 is not replicated across allthe servers in the pipeline c690a9b5-90d2-4057-86e6-870f7e70d6b1 as the min replicated index is 4. Deletion is not allowed in this container yet.
2019-10-24 07:33:21,381 [BlockDeletingService#2] WARN  background.BlockDeletingService (BlockDeletingService.java:isDeletionAllowed(187)) - Close Container log Index 6 is not replicated across allthe servers in the pipeline c690a9b5-90d2-4057-86e6-870f7e70d6b1 as the min replicated index is 4. Deletion is not allowed in this container yet.
2019-10-24 07:33:21,386 [EventQueue-ContainerReportForContainerReportHandler] WARN  container.ContainerReportHandler (AbstractContainerReportHandler.java:updateContainerState(145)) - Container #1 is in OPEN state, but the datanode e0ed10f2-3224-42fb-9fee-fcf0e55d7c66{ip: 192.168.164.194, host: pr-hdds-1569-mb8zc-4097773718, networkLocation: /default-rack, certSerialId: null} reports an CLOSED replica.
2019-10-24 07:33:21,465 [EventQueue-ContainerReportForContainerReportHandler] WARN  container.ContainerReportHandler (AbstractContainerReportHandler.java:updateContainerState(145)) - Container #1 is in OPEN state, but the datanode 1511a8b7-2741-4c2d-9317-1899631fe9c9{ip: 192.168.164.194, host: pr-hdds-1569-mb8zc-4097773718, networkLocation: /default-rack, certSerialId: null} reports an CLOSED replica.
2019-10-24 07:33:21,586 [EventQueue-ContainerReportForContainerReportHandler] WARN  container.ContainerReportHandler (AbstractContainerReportHandler.java:updateContainerState(145)) - Container #1 is in OPEN state, but the datanode e0ed10f2-3224-42fb-9fee-fcf0e55d7c66{ip: 192.168.164.194, host: pr-hdds-1569-mb8zc-4097773718, networkLocation: /default-rack, certSerialId: null} reports an CLOSED replica.
2019-10-24 07:33:21,665 [EventQueue-ContainerReportForContainerReportHandler] WARN  container.ContainerReportHandler (AbstractContainerReportHandler.java:updateContainerState(145)) - Container #1 is in OPEN state, but the datanode 1511a8b7-2741-4c2d-9317-1899631fe9c9{ip: 192.168.164.194, host: pr-hdds-1569-mb8zc-4097773718, networkLocation: /default-rack, certSerialId: null} reports an CLOSED replica.
2019-10-24 07:33:21,737 [grpc-default-executor-3] WARN  server.GrpcLogAppender (LogUtils.java:warn(134)) - e0ed10f2-3224-42fb-9fee-fcf0e55d7c66@group-870F7E70D6B1->6f89809c-7abc-423e-b97b-03c6b4343e46-AppendLogResponseHandler: Failed appendEntries: org.apache.ratis.thirdparty.io.grpc.StatusRuntimeException: UNAVAILABLE: io exception
2019-10-24 07:33:21,738 [grpc-default-executor-3] INFO  impl.FollowerInfo (FollowerInfo.java:lambda$new$0(51)) - e0ed10f2-3224-42fb-9fee-fcf0e55d7c66@group-870F7E70D6B1->6f89809c-7abc-423e-b97b-03c6b4343e46: nextIndex: updateUnconditionally 0 -> 0
2019-10-24 07:33:21,886 [EventQueue-ContainerReportForContainerReportHandler] WARN  container.ContainerReportHandler (AbstractContainerReportHandler.java:updateContainerState(145)) - Container #1 is in OPEN state, but the datanode e0ed10f2-3224-42fb-9fee-fcf0e55d7c66{ip: 192.168.164.194, host: pr-hdds-1569-mb8zc-4097773718, networkLocation: /default-rack, certSerialId: null} reports an CLOSED replica.
2019-10-24 07:33:21,966 [EventQueue-ContainerReportForContainerReportHandler] WARN  container.ContainerReportHandler (AbstractContainerReportHandler.java:updateContainerState(145)) - Container #1 is in OPEN state, but the datanode 1511a8b7-2741-4c2d-9317-1899631fe9c9{ip: 192.168.164.194, host: pr-hdds-1569-mb8zc-4097773718, networkLocation: /default-rack, certSerialId: null} reports an CLOSED replica.
2019-10-24 07:33:22,086 [EventQueue-ContainerReportForContainerReportHandler] WARN  container.ContainerReportHandler (AbstractContainerReportHandler.java:updateContainerState(145)) - Container #1 is in OPEN state, but the datanode e0ed10f2-3224-42fb-9fee-fcf0e55d7c66{ip: 192.168.164.194, host: pr-hdds-1569-mb8zc-4097773718, networkLocation: /default-rack, certSerialId: null} reports an CLOSED replica.
2019-10-24 07:33:22,267 [EventQueue-ContainerReportForContainerReportHandler] WARN  container.ContainerReportHandler (AbstractContainerReportHandler.java:updateContainerState(145)) - Container #1 is in OPEN state, but the datanode 1511a8b7-2741-4c2d-9317-1899631fe9c9{ip: 192.168.164.194, host: pr-hdds-1569-mb8zc-4097773718, networkLocation: /default-rack, certSerialId: null} reports an CLOSED replica.
2019-10-24 07:33:22,286 [EventQueue-ContainerReportForContainerReportHandler] WARN  container.ContainerReportHandler (AbstractContainerReportHandler.java:updateContainerState(145)) - Container #1 is in OPEN state, but the datanode e0ed10f2-3224-42fb-9fee-fcf0e55d7c66{ip: 192.168.164.194, host: pr-hdds-1569-mb8zc-4097773718, networkLocation: /default-rack, certSerialId: null} reports an CLOSED replica.
2019-10-24 07:33:22,369 [BlockDeletingService#2] WARN  background.BlockDeletingService (BlockDeletingService.java:isDeletionAllowed(187)) - Close Container log Index 6 is not replicated across allthe servers in the pipeline c690a9b5-90d2-4057-86e6-870f7e70d6b1 as the min replicated index is 4. Deletion is not allowed in this container yet.
2019-10-24 07:33:22,383 [BlockDeletingService#2] WARN  background.BlockDeletingService (BlockDeletingService.java:isDeletionAllowed(187)) - Close Container log Index 6 is not replicated across allthe servers in the pipeline c690a9b5-90d2-4057-86e6-870f7e70d6b1 as the min replicated index is 4. Deletion is not allowed in this container yet.
2019-10-24 07:33:22,467 [EventQueue-ContainerReportForContainerReportHandler] WARN  container.ContainerReportHandler (AbstractContainerReportHandler.java:updateContainerState(145)) - Container #1 is in OPEN state, but the datanode 1511a8b7-2741-4c2d-9317-1899631fe9c9{ip: 192.168.164.194, host: pr-hdds-1569-mb8zc-4097773718, networkLocation: /default-rack, certSerialId: null} reports an CLOSED replica.
2019-10-24 07:33:22,586 [EventQueue-ContainerReportForContainerReportHandler] WARN  container.ContainerReportHandler (AbstractContainerReportHandler.java:updateContainerState(145)) - Container #1 is in OPEN state, but the datanode e0ed10f2-3224-42fb-9fee-fcf0e55d7c66{ip: 192.168.164.194, host: pr-hdds-1569-mb8zc-4097773718, networkLocation: /default-rack, certSerialId: null} reports an CLOSED replica.
2019-10-24 07:33:22,805 [grpc-default-executor-2] WARN  server.GrpcLogAppender (LogUtils.java:warn(134)) - 1511a8b7-2741-4c2d-9317-1899631fe9c9@group-AC59B62BA460->6f89809c-7abc-423e-b97b-03c6b4343e46-AppendLogResponseHandler: Failed appendEntries: org.apache.ratis.thirdparty.io.grpc.StatusRuntimeException: UNAVAILABLE: io exception
2019-10-24 07:33:22,806 [grpc-default-executor-2] INFO  impl.FollowerInfo (FollowerInfo.java:lambda$new$0(51)) - 1511a8b7-2741-4c2d-9317-1899631fe9c9@group-AC59B62BA460->6f89809c-7abc-423e-b97b-03c6b4343e46: nextIndex: updateUnconditionally 0 -> 0
2019-10-24 07:33:22,869 [EventQueue-ContainerReportForContainerReportHandler] WARN  container.ContainerReportHandler (AbstractContainerReportHandler.java:updateContainerState(145)) - Container #1 is in OPEN state, but the datanode 1511a8b7-2741-4c2d-9317-1899631fe9c9{ip: 192.168.164.194, host: pr-hdds-1569-mb8zc-4097773718, networkLocation: /default-rack, certSerialId: null} reports an CLOSED replica.
2019-10-24 07:33:22,886 [EventQueue-ContainerReportForContainerReportHandler] WARN  container.ContainerReportHandler (AbstractContainerReportHandler.java:updateContainerState(145)) - Container #1 is in OPEN state, but the datanode e0ed10f2-3224-42fb-9fee-fcf0e55d7c66{ip: 192.168.164.194, host: pr-hdds-1569-mb8zc-4097773718, networkLocation: /default-rack, certSerialId: null} reports an CLOSED replica.
2019-10-24 07:33:23,088 [EventQueue-ContainerReportForContainerReportHandler] WARN  container.ContainerReportHandler (AbstractContainerReportHandler.java:updateContainerState(145)) - Container #1 is in OPEN state, but the datanode e0ed10f2-3224-42fb-9fee-fcf0e55d7c66{ip: 192.168.164.194, host: pr-hdds-1569-mb8zc-4097773718, networkLocation: /default-rack, certSerialId: null} reports an CLOSED replica.
2019-10-24 07:33:23,170 [EventQueue-ContainerReportForContainerReportHandler] WARN  container.ContainerReportHandler (AbstractContainerReportHandler.java:updateContainerState(145)) - Container #1 is in OPEN state, but the datanode 1511a8b7-2741-4c2d-9317-1899631fe9c9{ip: 192.168.164.194, host: pr-hdds-1569-mb8zc-4097773718, networkLocation: /default-rack, certSerialId: null} reports an CLOSED replica.
2019-10-24 07:33:23,370 [BlockDeletingService#2] WARN  background.BlockDeletingService (BlockDeletingService.java:isDeletionAllowed(187)) - Close Container log Index 6 is not replicated across allthe servers in the pipeline c690a9b5-90d2-4057-86e6-870f7e70d6b1 as the min replicated index is 4. Deletion is not allowed in this container yet.
2019-10-24 07:33:23,371 [EventQueue-ContainerReportForContainerReportHandler] WARN  container.ContainerReportHandler (AbstractContainerReportHandler.java:updateContainerState(145)) - Container #1 is in OPEN state, but the datanode 1511a8b7-2741-4c2d-9317-1899631fe9c9{ip: 192.168.164.194, host: pr-hdds-1569-mb8zc-4097773718, networkLocation: /default-rack, certSerialId: null} reports an CLOSED replica.
2019-10-24 07:33:23,384 [BlockDeletingService#2] WARN  background.BlockDeletingService (BlockDeletingService.java:isDeletionAllowed(187)) - Close Container log Index 6 is not replicated across allthe servers in the pipeline c690a9b5-90d2-4057-86e6-870f7e70d6b1 as the min replicated index is 4. Deletion is not allowed in this container yet.
2019-10-24 07:33:23,386 [EventQueue-ContainerReportForContainerReportHandler] WARN  container.ContainerReportHandler (AbstractContainerReportHandler.java:updateContainerState(145)) - Container #1 is in OPEN state, but the datanode e0ed10f2-3224-42fb-9fee-fcf0e55d7c66{ip: 192.168.164.194, host: pr-hdds-1569-mb8zc-4097773718, networkLocation: /default-rack, certSerialId: null} reports an CLOSED replica.
2019-10-24 07:33:23,570 [EventQueue-ContainerReportForContainerReportHandler] WARN  container.ContainerReportHandler (AbstractContainerReportHandler.java:updateContainerState(145)) - Container #1 is in OPEN state, but the datanode 1511a8b7-2741-4c2d-9317-1899631fe9c9{ip: 192.168.164.194, host: pr-hdds-1569-mb8zc-4097773718, networkLocation: /default-rack, certSerialId: null} reports an CLOSED replica.
2019-10-24 07:33:23,688 [EventQueue-ContainerReportForContainerReportHandler] WARN  container.ContainerReportHandler (AbstractContainerReportHandler.java:updateContainerState(145)) - Container #1 is in OPEN state, but the datanode e0ed10f2-3224-42fb-9fee-fcf0e55d7c66{ip: 192.168.164.194, host: pr-hdds-1569-mb8zc-4097773718, networkLocation: /default-rack, certSerialId: null} reports an CLOSED replica.
2019-10-24 07:33:23,871 [EventQueue-ContainerReportForContainerReportHandler] WARN  container.ContainerReportHandler (AbstractContainerReportHandler.java:updateContainerState(145)) - Container #1 is in OPEN state, but the datanode 1511a8b7-2741-4c2d-9317-1899631fe9c9{ip: 192.168.164.194, host: pr-hdds-1569-mb8zc-4097773718, networkLocation: /default-rack, certSerialId: null} reports an CLOSED replica.
2019-10-24 07:33:24,090 [EventQueue-ContainerReportForContainerReportHandler] WARN  container.ContainerReportHandler (AbstractContainerReportHandler.java:updateContainerState(145)) - Container #1 is in OPEN state, but the datanode e0ed10f2-3224-42fb-9fee-fcf0e55d7c66{ip: 192.168.164.194, host: pr-hdds-1569-mb8zc-4097773718, networkLocation: /default-rack, certSerialId: null} reports an CLOSED replica.
2019-10-24 07:33:24,171 [EventQueue-ContainerReportForContainerReportHandler] WARN  container.ContainerReportHandler (AbstractContainerReportHandler.java:updateContainerState(145)) - Container #1 is in OPEN state, but the datanode 1511a8b7-2741-4c2d-9317-1899631fe9c9{ip: 192.168.164.194, host: pr-hdds-1569-mb8zc-4097773718, networkLocation: /default-rack, certSerialId: null} reports an CLOSED replica.
2019-10-24 07:33:24,237 [grpc-default-executor-0] WARN  server.GrpcLogAppender (LogUtils.java:warn(134)) - e0ed10f2-3224-42fb-9fee-fcf0e55d7c66@group-870F7E70D6B1->6f89809c-7abc-423e-b97b-03c6b4343e46-AppendLogResponseHandler: Failed appendEntries: org.apache.ratis.thirdparty.io.grpc.StatusRuntimeException: UNAVAILABLE: io exception
2019-10-24 07:33:24,238 [grpc-default-executor-0] INFO  impl.FollowerInfo (FollowerInfo.java:lambda$new$0(51)) - e0ed10f2-3224-42fb-9fee-fcf0e55d7c66@group-870F7E70D6B1->6f89809c-7abc-423e-b97b-03c6b4343e46: nextIndex: updateUnconditionally 0 -> 0
2019-10-24 07:33:24,371 [BlockDeletingService#2] WARN  background.BlockDeletingService (BlockDeletingService.java:isDeletionAllowed(187)) - Close Container log Index 6 is not replicated across allthe servers in the pipeline c690a9b5-90d2-4057-86e6-870f7e70d6b1 as the min replicated index is 4. Deletion is not allowed in this container yet.
2019-10-24 07:33:24,385 [BlockDeletingService#2] WARN  background.BlockDeletingService (BlockDeletingService.java:isDeletionAllowed(187)) - Close Container log Index 6 is not replicated across allthe servers in the pipeline c690a9b5-90d2-4057-86e6-870f7e70d6b1 as the min replicated index is 4. Deletion is not allowed in this container yet.
2019-10-24 07:33:24,389 [EventQueue-ContainerReportForContainerReportHandler] WARN  container.ContainerReportHandler (AbstractContainerReportHandler.java:updateContainerState(145)) - Container #1 is in OPEN state, but the datanode e0ed10f2-3224-42fb-9fee-fcf0e55d7c66{ip: 192.168.164.194, host: pr-hdds-1569-mb8zc-4097773718, networkLocation: /default-rack, certSerialId: null} reports an CLOSED replica.
2019-10-24 07:33:24,471 [EventQueue-ContainerReportForContainerReportHandler] WARN  container.ContainerReportHandler (AbstractContainerReportHandler.java:updateContainerState(145)) - Container #1 is in OPEN state, but the datanode 1511a8b7-2741-4c2d-9317-1899631fe9c9{ip: 192.168.164.194, host: pr-hdds-1569-mb8zc-4097773718, networkLocation: /default-rack, certSerialId: null} reports an CLOSED replica.
2019-10-24 07:33:24,671 [EventQueue-ContainerReportForContainerReportHandler] WARN  container.ContainerReportHandler (AbstractContainerReportHandler.java:updateContainerState(145)) - Container #1 is in OPEN state, but the datanode 1511a8b7-2741-4c2d-9317-1899631fe9c9{ip: 192.168.164.194, host: pr-hdds-1569-mb8zc-4097773718, networkLocation: /default-rack, certSerialId: null} reports an CLOSED replica.
2019-10-24 07:33:24,689 [EventQueue-ContainerReportForContainerReportHandler] WARN  container.ContainerReportHandler (AbstractContainerReportHandler.java:updateContainerState(145)) - Container #1 is in OPEN state, but the datanode e0ed10f2-3224-42fb-9fee-fcf0e55d7c66{ip: 192.168.164.194, host: pr-hdds-1569-mb8zc-4097773718, networkLocation: /default-rack, certSerialId: null} reports an CLOSED replica.
2019-10-24 07:33:24,971 [EventQueue-ContainerReportForContainerReportHandler] WARN  container.ContainerReportHandler (AbstractContainerReportHandler.java:updateContainerState(145)) - Container #1 is in OPEN state, but the datanode 1511a8b7-2741-4c2d-9317-1899631fe9c9{ip: 192.168.164.194, host: pr-hdds-1569-mb8zc-4097773718, networkLocation: /default-rack, certSerialId: null} reports an CLOSED replica.
2019-10-24 07:33:25,091 [EventQueue-ContainerReportForContainerReportHandler] WARN  container.ContainerReportHandler (AbstractContainerReportHandler.java:updateContainerState(145)) - Container #1 is in OPEN state, but the datanode e0ed10f2-3224-42fb-9fee-fcf0e55d7c66{ip: 192.168.164.194, host: pr-hdds-1569-mb8zc-4097773718, networkLocation: /default-rack, certSerialId: null} reports an CLOSED replica.
2019-10-24 07:33:25,171 [EventQueue-ContainerReportForContainerReportHandler] WARN  container.ContainerReportHandler (AbstractContainerReportHandler.java:updateContainerState(145)) - Container #1 is in OPEN state, but the datanode 1511a8b7-2741-4c2d-9317-1899631fe9c9{ip: 192.168.164.194, host: pr-hdds-1569-mb8zc-4097773718, networkLocation: /default-rack, certSerialId: null} reports an CLOSED replica.
2019-10-24 07:33:25,307 [grpc-default-executor-0] WARN  server.GrpcLogAppender (LogUtils.java:warn(134)) - 1511a8b7-2741-4c2d-9317-1899631fe9c9@group-AC59B62BA460->6f89809c-7abc-423e-b97b-03c6b4343e46-AppendLogResponseHandler: Failed appendEntries: org.apache.ratis.thirdparty.io.grpc.StatusRuntimeException: UNAVAILABLE: io exception
2019-10-24 07:33:25,307 [grpc-default-executor-0] INFO  impl.FollowerInfo (FollowerInfo.java:lambda$new$0(51)) - 1511a8b7-2741-4c2d-9317-1899631fe9c9@group-AC59B62BA460->6f89809c-7abc-423e-b97b-03c6b4343e46: nextIndex: updateUnconditionally 0 -> 0
2019-10-24 07:33:25,373 [BlockDeletingService#2] WARN  background.BlockDeletingService (BlockDeletingService.java:isDeletionAllowed(187)) - Close Container log Index 6 is not replicated across allthe servers in the pipeline c690a9b5-90d2-4057-86e6-870f7e70d6b1 as the min replicated index is 4. Deletion is not allowed in this container yet.
2019-10-24 07:33:25,386 [BlockDeletingService#2] WARN  background.BlockDeletingService (BlockDeletingService.java:isDeletionAllowed(187)) - Close Container log Index 6 is not replicated across allthe servers in the pipeline c690a9b5-90d2-4057-86e6-870f7e70d6b1 as the min replicated index is 4. Deletion is not allowed in this container yet.
2019-10-24 07:33:25,472 [EventQueue-ContainerReportForContainerReportHandler] WARN  container.ContainerReportHandler (AbstractContainerReportHandler.java:updateContainerState(145)) - Container #1 is in OPEN state, but the datanode 1511a8b7-2741-4c2d-9317-1899631fe9c9{ip: 192.168.164.194, host: pr-hdds-1569-mb8zc-4097773718, networkLocation: /default-rack, certSerialId: null} reports an CLOSED replica.
2019-10-24 07:33:25,494 [EventQueue-ContainerReportForContainerReportHandler] WARN  container.ContainerReportHandler (AbstractContainerReportHandler.java:updateContainerState(145)) - Container #1 is in OPEN state, but the datanode e0ed10f2-3224-42fb-9fee-fcf0e55d7c66{ip: 192.168.164.194, host: pr-hdds-1569-mb8zc-4097773718, networkLocation: /default-rack, certSerialId: null} reports an CLOSED replica.
2019-10-24 07:33:25,772 [EventQueue-ContainerReportForContainerReportHandler] WARN  container.ContainerReportHandler (AbstractContainerReportHandler.java:updateContainerState(145)) - Container #1 is in OPEN state, but the datanode 1511a8b7-2741-4c2d-9317-1899631fe9c9{ip: 192.168.164.194, host: pr-hdds-1569-mb8zc-4097773718, networkLocation: /default-rack, certSerialId: null} reports an CLOSED replica.
2019-10-24 07:33:25,791 [EventQueue-ContainerReportForContainerReportHandler] WARN  container.ContainerReportHandler (AbstractContainerReportHandler.java:updateContainerState(145)) - Container #1 is in OPEN state, but the datanode e0ed10f2-3224-42fb-9fee-fcf0e55d7c66{ip: 192.168.164.194, host: pr-hdds-1569-mb8zc-4097773718, networkLocation: /default-rack, certSerialId: null} reports an CLOSED replica.
2019-10-24 07:33:26,172 [EventQueue-ContainerReportForContainerReportHandler] WARN  container.ContainerReportHandler (AbstractContainerReportHandler.java:updateContainerState(145)) - Container #1 is in OPEN state, but the datanode 1511a8b7-2741-4c2d-9317-1899631fe9c9{ip: 192.168.164.194, host: pr-hdds-1569-mb8zc-4097773718, networkLocation: /default-rack, certSerialId: null} reports an CLOSED replica.
2019-10-24 07:33:26,191 [EventQueue-ContainerReportForContainerReportHandler] WARN  container.ContainerReportHandler (AbstractContainerReportHandler.java:updateContainerState(145)) - Container #1 is in OPEN state, but the datanode e0ed10f2-3224-42fb-9fee-fcf0e55d7c66{ip: 192.168.164.194, host: pr-hdds-1569-mb8zc-4097773718, networkLocation: /default-rack, certSerialId: null} reports an CLOSED replica.
2019-10-24 07:33:26,375 [BlockDeletingService#2] WARN  background.BlockDeletingService (BlockDeletingService.java:isDeletionAllowed(187)) - Close Container log Index 6 is not replicated across allthe servers in the pipeline c690a9b5-90d2-4057-86e6-870f7e70d6b1 as the min replicated index is 4. Deletion is not allowed in this container yet.
2019-10-24 07:33:26,387 [BlockDeletingService#2] WARN  background.BlockDeletingService (BlockDeletingService.java:isDeletionAllowed(187)) - Close Container log Index 6 is not replicated across allthe servers in the pipeline c690a9b5-90d2-4057-86e6-870f7e70d6b1 as the min replicated index is 4. Deletion is not allowed in this container yet.
2019-10-24 07:33:26,474 [EventQueue-ContainerReportForContainerReportHandler] WARN  container.ContainerReportHandler (AbstractContainerReportHandler.java:updateContainerState(145)) - Container #1 is in OPEN state, but the datanode 1511a8b7-2741-4c2d-9317-1899631fe9c9{ip: 192.168.164.194, host: pr-hdds-1569-mb8zc-4097773718, networkLocation: /default-rack, certSerialId: null} reports an CLOSED replica.
2019-10-24 07:33:26,492 [EventQueue-ContainerReportForContainerReportHandler] WARN  container.ContainerReportHandler (AbstractContainerReportHandler.java:updateContainerState(145)) - Container #1 is in OPEN state, but the datanode e0ed10f2-3224-42fb-9fee-fcf0e55d7c66{ip: 192.168.164.194, host: pr-hdds-1569-mb8zc-4097773718, networkLocation: /default-rack, certSerialId: null} reports an CLOSED replica.
2019-10-24 07:33:26,674 [EventQueue-ContainerReportForContainerReportHandler] WARN  container.ContainerReportHandler (AbstractContainerReportHandler.java:updateContainerState(145)) - Container #1 is in OPEN state, but the datanode 1511a8b7-2741-4c2d-9317-1899631fe9c9{ip: 192.168.164.194, host: pr-hdds-1569-mb8zc-4097773718, networkLocation: /default-rack, certSerialId: null} reports an CLOSED replica.
2019-10-24 07:33:26,742 [grpc-default-executor-3] WARN  server.GrpcLogAppender (LogUtils.java:warn(134)) - e0ed10f2-3224-42fb-9fee-fcf0e55d7c66@group-870F7E70D6B1->6f89809c-7abc-423e-b97b-03c6b4343e46-AppendLogResponseHandler: Failed appendEntries: org.apache.ratis.thirdparty.io.grpc.StatusRuntimeException: UNAVAILABLE: io exception
2019-10-24 07:33:26,743 [grpc-default-executor-3] INFO  impl.FollowerInfo (FollowerInfo.java:lambda$new$0(51)) - e0ed10f2-3224-42fb-9fee-fcf0e55d7c66@group-870F7E70D6B1->6f89809c-7abc-423e-b97b-03c6b4343e46: nextIndex: updateUnconditionally 0 -> 0
2019-10-24 07:33:26,895 [EventQueue-ContainerReportForContainerReportHandler] WARN  container.ContainerReportHandler (AbstractContainerReportHandler.java:updateContainerState(145)) - Container #1 is in OPEN state, but the datanode e0ed10f2-3224-42fb-9fee-fcf0e55d7c66{ip: 192.168.164.194, host: pr-hdds-1569-mb8zc-4097773718, networkLocation: /default-rack, certSerialId: null} reports an CLOSED replica.
2019-10-24 07:33:27,075 [EventQueue-ContainerReportForContainerReportHandler] WARN  container.ContainerReportHandler (AbstractContainerReportHandler.java:updateContainerState(145)) - Container #1 is in OPEN state, but the datanode 1511a8b7-2741-4c2d-9317-1899631fe9c9{ip: 192.168.164.194, host: pr-hdds-1569-mb8zc-4097773718, networkLocation: /default-rack, certSerialId: null} reports an CLOSED replica.
2019-10-24 07:33:27,095 [EventQueue-ContainerReportForContainerReportHandler] WARN  container.ContainerReportHandler (AbstractContainerReportHandler.java:updateContainerState(145)) - Container #1 is in OPEN state, but the datanode e0ed10f2-3224-42fb-9fee-fcf0e55d7c66{ip: 192.168.164.194, host: pr-hdds-1569-mb8zc-4097773718, networkLocation: /default-rack, certSerialId: null} reports an CLOSED replica.
2019-10-24 07:33:27,275 [EventQueue-ContainerReportForContainerReportHandler] WARN  container.ContainerReportHandler (AbstractContainerReportHandler.java:updateContainerState(145)) - Container #1 is in OPEN state, but the datanode 1511a8b7-2741-4c2d-9317-1899631fe9c9{ip: 192.168.164.194, host: pr-hdds-1569-mb8zc-4097773718, networkLocation: /default-rack, certSerialId: null} reports an CLOSED replica.
2019-10-24 07:33:27,295 [EventQueue-ContainerReportForContainerReportHandler] WARN  container.ContainerReportHandler (AbstractContainerReportHandler.java:updateContainerState(145)) - Container #1 is in OPEN state, but the datanode e0ed10f2-3224-42fb-9fee-fcf0e55d7c66{ip: 192.168.164.194, host: pr-hdds-1569-mb8zc-4097773718, networkLocation: /default-rack, certSerialId: null} reports an CLOSED replica.
2019-10-24 07:33:27,318 [Thread-421] INFO  client.GrpcClientProtocolService (GrpcClientProtocolService.java:lambda$processClientRequest$0(278)) - Failed RaftClientRequest:client-950A9ED4B75C->1511a8b7-2741-4c2d-9317-1899631fe9c9@group-870F7E70D6B1, cid=13, seq=0, Watch-ALL_COMMITTED(6), Message:<EMPTY>, reply=RaftClientReply:client-950A9ED4B75C->1511a8b7-2741-4c2d-9317-1899631fe9c9@group-870F7E70D6B1, cid=13, FAILED org.apache.ratis.protocol.NotLeaderException: Server 1511a8b7-2741-4c2d-9317-1899631fe9c9@group-870F7E70D6B1 is not the leader e0ed10f2-3224-42fb-9fee-fcf0e55d7c66:192.168.164.194:44281, logIndex=0, commits[1511a8b7-2741-4c2d-9317-1899631fe9c9:c8, e0ed10f2-3224-42fb-9fee-fcf0e55d7c66:c8, 6f89809c-7abc-423e-b97b-03c6b4343e46:c4]
2019-10-24 07:33:27,376 [BlockDeletingService#2] WARN  background.BlockDeletingService (BlockDeletingService.java:isDeletionAllowed(187)) - Close Container log Index 6 is not replicated across allthe servers in the pipeline c690a9b5-90d2-4057-86e6-870f7e70d6b1 as the min replicated index is 4. Deletion is not allowed in this container yet.
2019-10-24 07:33:27,388 [BlockDeletingService#2] WARN  background.BlockDeletingService (BlockDeletingService.java:isDeletionAllowed(187)) - Close Container log Index 6 is not replicated across allthe servers in the pipeline c690a9b5-90d2-4057-86e6-870f7e70d6b1 as the min replicated index is 4. Deletion is not allowed in this container yet.
2019-10-24 07:33:27,575 [EventQueue-ContainerReportForContainerReportHandler] WARN  container.ContainerReportHandler (AbstractContainerReportHandler.java:updateContainerState(145)) - Container #1 is in OPEN state, but the datanode 1511a8b7-2741-4c2d-9317-1899631fe9c9{ip: 192.168.164.194, host: pr-hdds-1569-mb8zc-4097773718, networkLocation: /default-rack, certSerialId: null} reports an CLOSED replica.
2019-10-24 07:33:27,695 [EventQueue-ContainerReportForContainerReportHandler] WARN  container.ContainerReportHandler (AbstractContainerReportHandler.java:updateContainerState(145)) - Container #1 is in OPEN state, but the datanode e0ed10f2-3224-42fb-9fee-fcf0e55d7c66{ip: 192.168.164.194, host: pr-hdds-1569-mb8zc-4097773718, networkLocation: /default-rack, certSerialId: null} reports an CLOSED replica.
2019-10-24 07:33:27,776 [EventQueue-ContainerReportForContainerReportHandler] WARN  container.ContainerReportHandler (AbstractContainerReportHandler.java:updateContainerState(145)) - Container #1 is in OPEN state, but the datanode 1511a8b7-2741-4c2d-9317-1899631fe9c9{ip: 192.168.164.194, host: pr-hdds-1569-mb8zc-4097773718, networkLocation: /default-rack, certSerialId: null} reports an CLOSED replica.
2019-10-24 07:33:27,814 [grpc-default-executor-3] WARN  server.GrpcLogAppender (LogUtils.java:warn(134)) - 1511a8b7-2741-4c2d-9317-1899631fe9c9@group-AC59B62BA460->6f89809c-7abc-423e-b97b-03c6b4343e46-AppendLogResponseHandler: Failed appendEntries: org.apache.ratis.thirdparty.io.grpc.StatusRuntimeException: UNAVAILABLE: io exception
2019-10-24 07:33:27,815 [grpc-default-executor-3] INFO  impl.FollowerInfo (FollowerInfo.java:lambda$new$0(51)) - 1511a8b7-2741-4c2d-9317-1899631fe9c9@group-AC59B62BA460->6f89809c-7abc-423e-b97b-03c6b4343e46: nextIndex: updateUnconditionally 0 -> 0
2019-10-24 07:33:27,995 [EventQueue-ContainerReportForContainerReportHandler] WARN  container.ContainerReportHandler (AbstractContainerReportHandler.java:updateContainerState(145)) - Container #1 is in OPEN state, but the datanode e0ed10f2-3224-42fb-9fee-fcf0e55d7c66{ip: 192.168.164.194, host: pr-hdds-1569-mb8zc-4097773718, networkLocation: /default-rack, certSerialId: null} reports an CLOSED replica.
2019-10-24 07:33:28,076 [EventQueue-ContainerReportForContainerReportHandler] WARN  container.ContainerReportHandler (AbstractContainerReportHandler.java:updateContainerState(145)) - Container #1 is in OPEN state, but the datanode 1511a8b7-2741-4c2d-9317-1899631fe9c9{ip: 192.168.164.194, host: pr-hdds-1569-mb8zc-4097773718, networkLocation: /default-rack, certSerialId: null} reports an CLOSED replica.
2019-10-24 07:33:28,295 [EventQueue-ContainerReportForContainerReportHandler] WARN  container.ContainerReportHandler (AbstractContainerReportHandler.java:updateContainerState(145)) - Container #1 is in OPEN state, but the datanode e0ed10f2-3224-42fb-9fee-fcf0e55d7c66{ip: 192.168.164.194, host: pr-hdds-1569-mb8zc-4097773718, networkLocation: /default-rack, certSerialId: null} reports an CLOSED replica.
2019-10-24 07:33:28,377 [EventQueue-ContainerReportForContainerReportHandler] WARN  container.ContainerReportHandler (AbstractContainerReportHandler.java:updateContainerState(145)) - Container #1 is in OPEN state, but the datanode 1511a8b7-2741-4c2d-9317-1899631fe9c9{ip: 192.168.164.194, host: pr-hdds-1569-mb8zc-4097773718, networkLocation: /default-rack, certSerialId: null} reports an CLOSED replica.
2019-10-24 07:33:28,379 [BlockDeletingService#2] WARN  background.BlockDeletingService (BlockDeletingService.java:isDeletionAllowed(187)) - Close Container log Index 6 is not replicated across allthe servers in the pipeline c690a9b5-90d2-4057-86e6-870f7e70d6b1 as the min replicated index is 4. Deletion is not allowed in this container yet.
2019-10-24 07:33:28,394 [BlockDeletingService#2] WARN  background.BlockDeletingService (BlockDeletingService.java:isDeletionAllowed(187)) - Close Container log Index 6 is not replicated across allthe servers in the pipeline c690a9b5-90d2-4057-86e6-870f7e70d6b1 as the min replicated index is 4. Deletion is not allowed in this container yet.
2019-10-24 07:33:28,577 [EventQueue-ContainerReportForContainerReportHandler] WARN  container.ContainerReportHandler (AbstractContainerReportHandler.java:updateContainerState(145)) - Container #1 is in OPEN state, but the datanode 1511a8b7-2741-4c2d-9317-1899631fe9c9{ip: 192.168.164.194, host: pr-hdds-1569-mb8zc-4097773718, networkLocation: /default-rack, certSerialId: null} reports an CLOSED replica.
2019-10-24 07:33:28,596 [EventQueue-ContainerReportForContainerReportHandler] WARN  container.ContainerReportHandler (AbstractContainerReportHandler.java:updateContainerState(145)) - Container #1 is in OPEN state, but the datanode e0ed10f2-3224-42fb-9fee-fcf0e55d7c66{ip: 192.168.164.194, host: pr-hdds-1569-mb8zc-4097773718, networkLocation: /default-rack, certSerialId: null} reports an CLOSED replica.
2019-10-24 07:33:28,683 [Thread-429] INFO  client.GrpcClientProtocolService (GrpcClientProtocolService.java:lambda$processClientRequest$0(278)) - Failed RaftClientRequest:client-950A9ED4B75C->e0ed10f2-3224-42fb-9fee-fcf0e55d7c66@group-870F7E70D6B1, cid=13, seq=0, Watch-ALL_COMMITTED(6), Message:<EMPTY>, reply=RaftClientReply:client-950A9ED4B75C->e0ed10f2-3224-42fb-9fee-fcf0e55d7c66@group-870F7E70D6B1, cid=13, FAILED org.apache.ratis.protocol.NotReplicatedException: Request with call Id 13 and log index 6 is not yet replicated to ALL_COMMITTED, logIndex=6, commits[e0ed10f2-3224-42fb-9fee-fcf0e55d7c66:c8, 1511a8b7-2741-4c2d-9317-1899631fe9c9:c8, 6f89809c-7abc-423e-b97b-03c6b4343e46:c4]
2019-10-24 07:33:28,797 [EventQueue-ContainerReportForContainerReportHandler] WARN  container.ContainerReportHandler (AbstractContainerReportHandler.java:updateContainerState(145)) - Container #1 is in OPEN state, but the datanode e0ed10f2-3224-42fb-9fee-fcf0e55d7c66{ip: 192.168.164.194, host: pr-hdds-1569-mb8zc-4097773718, networkLocation: /default-rack, certSerialId: null} reports an CLOSED replica.
2019-10-24 07:33:28,877 [EventQueue-ContainerReportForContainerReportHandler] WARN  container.ContainerReportHandler (AbstractContainerReportHandler.java:updateContainerState(145)) - Container #1 is in OPEN state, but the datanode 1511a8b7-2741-4c2d-9317-1899631fe9c9{ip: 192.168.164.194, host: pr-hdds-1569-mb8zc-4097773718, networkLocation: /default-rack, certSerialId: null} reports an CLOSED replica.
2019-10-24 07:33:29,097 [EventQueue-ContainerReportForContainerReportHandler] WARN  container.ContainerReportHandler (AbstractContainerReportHandler.java:updateContainerState(145)) - Container #1 is in OPEN state, but the datanode e0ed10f2-3224-42fb-9fee-fcf0e55d7c66{ip: 192.168.164.194, host: pr-hdds-1569-mb8zc-4097773718, networkLocation: /default-rack, certSerialId: null} reports an CLOSED replica.
2019-10-24 07:33:29,242 [grpc-default-executor-2] WARN  server.GrpcLogAppender (LogUtils.java:warn(134)) - e0ed10f2-3224-42fb-9fee-fcf0e55d7c66@group-870F7E70D6B1->6f89809c-7abc-423e-b97b-03c6b4343e46-AppendLogResponseHandler: Failed appendEntries: org.apache.ratis.thirdparty.io.grpc.StatusRuntimeException: UNAVAILABLE: io exception
2019-10-24 07:33:29,244 [grpc-default-executor-2] INFO  impl.FollowerInfo (FollowerInfo.java:lambda$new$0(51)) - e0ed10f2-3224-42fb-9fee-fcf0e55d7c66@group-870F7E70D6B1->6f89809c-7abc-423e-b97b-03c6b4343e46: nextIndex: updateUnconditionally 0 -> 0
2019-10-24 07:33:29,277 [EventQueue-ContainerReportForContainerReportHandler] WARN  container.ContainerReportHandler (AbstractContainerReportHandler.java:updateContainerState(145)) - Container #1 is in OPEN state, but the datanode 1511a8b7-2741-4c2d-9317-1899631fe9c9{ip: 192.168.164.194, host: pr-hdds-1569-mb8zc-4097773718, networkLocation: /default-rack, certSerialId: null} reports an CLOSED replica.
2019-10-24 07:33:29,380 [BlockDeletingService#2] WARN  background.BlockDeletingService (BlockDeletingService.java:isDeletionAllowed(187)) - Close Container log Index 6 is not replicated across allthe servers in the pipeline c690a9b5-90d2-4057-86e6-870f7e70d6b1 as the min replicated index is 4. Deletion is not allowed in this container yet.
2019-10-24 07:33:29,395 [BlockDeletingService#2] WARN  background.BlockDeletingService (BlockDeletingService.java:isDeletionAllowed(187)) - Close Container log Index 6 is not replicated across allthe servers in the pipeline c690a9b5-90d2-4057-86e6-870f7e70d6b1 as the min replicated index is 4. Deletion is not allowed in this container yet.
2019-10-24 07:33:29,399 [EventQueue-ContainerReportForContainerReportHandler] WARN  container.ContainerReportHandler (AbstractContainerReportHandler.java:updateContainerState(145)) - Container #1 is in OPEN state, but the datanode e0ed10f2-3224-42fb-9fee-fcf0e55d7c66{ip: 192.168.164.194, host: pr-hdds-1569-mb8zc-4097773718, networkLocation: /default-rack, certSerialId: null} reports an CLOSED replica.
2019-10-24 07:33:29,598 [EventQueue-ContainerReportForContainerReportHandler] WARN  container.ContainerReportHandler (AbstractContainerReportHandler.java:updateContainerState(145)) - Container #1 is in OPEN state, but the datanode e0ed10f2-3224-42fb-9fee-fcf0e55d7c66{ip: 192.168.164.194, host: pr-hdds-1569-mb8zc-4097773718, networkLocation: /default-rack, certSerialId: null} reports an CLOSED replica.
2019-10-24 07:33:29,678 [EventQueue-ContainerReportForContainerReportHandler] WARN  container.ContainerReportHandler (AbstractContainerReportHandler.java:updateContainerState(145)) - Container #1 is in OPEN state, but the datanode 1511a8b7-2741-4c2d-9317-1899631fe9c9{ip: 192.168.164.194, host: pr-hdds-1569-mb8zc-4097773718, networkLocation: /default-rack, certSerialId: null} reports an CLOSED replica.
2019-10-24 07:33:29,899 [EventQueue-ContainerReportForContainerReportHandler] WARN  container.ContainerReportHandler (AbstractContainerReportHandler.java:updateContainerState(145)) - Container #1 is in OPEN state, but the datanode e0ed10f2-3224-42fb-9fee-fcf0e55d7c66{ip: 192.168.164.194, host: pr-hdds-1569-mb8zc-4097773718, networkLocation: /default-rack, certSerialId: null} reports an CLOSED replica.
2019-10-24 07:33:30,078 [EventQueue-ContainerReportForContainerReportHandler] WARN  container.ContainerReportHandler (AbstractContainerReportHandler.java:updateContainerState(145)) - Container #1 is in OPEN state, but the datanode 1511a8b7-2741-4c2d-9317-1899631fe9c9{ip: 192.168.164.194, host: pr-hdds-1569-mb8zc-4097773718, networkLocation: /default-rack, certSerialId: null} reports an CLOSED replica.
2019-10-24 07:33:30,099 [EventQueue-ContainerReportForContainerReportHandler] WARN  container.ContainerReportHandler (AbstractContainerReportHandler.java:updateContainerState(145)) - Container #1 is in OPEN state, but the datanode e0ed10f2-3224-42fb-9fee-fcf0e55d7c66{ip: 192.168.164.194, host: pr-hdds-1569-mb8zc-4097773718, networkLocation: /default-rack, certSerialId: null} reports an CLOSED replica.
2019-10-24 07:33:30,321 [grpc-default-executor-2] WARN  server.GrpcLogAppender (LogUtils.java:warn(134)) - 1511a8b7-2741-4c2d-9317-1899631fe9c9@group-AC59B62BA460->6f89809c-7abc-423e-b97b-03c6b4343e46-AppendLogResponseHandler: Failed appendEntries: org.apache.ratis.thirdparty.io.grpc.StatusRuntimeException: UNAVAILABLE: io exception
2019-10-24 07:33:30,323 [grpc-default-executor-2] INFO  impl.FollowerInfo (FollowerInfo.java:lambda$new$0(51)) - 1511a8b7-2741-4c2d-9317-1899631fe9c9@group-AC59B62BA460->6f89809c-7abc-423e-b97b-03c6b4343e46: nextIndex: updateUnconditionally 0 -> 0
2019-10-24 07:33:30,379 [EventQueue-ContainerReportForContainerReportHandler] WARN  container.ContainerReportHandler (AbstractContainerReportHandler.java:updateContainerState(145)) - Container #1 is in OPEN state, but the datanode 1511a8b7-2741-4c2d-9317-1899631fe9c9{ip: 192.168.164.194, host: pr-hdds-1569-mb8zc-4097773718, networkLocation: /default-rack, certSerialId: null} reports an CLOSED replica.
2019-10-24 07:33:30,382 [BlockDeletingService#2] WARN  background.BlockDeletingService (BlockDeletingService.java:isDeletionAllowed(187)) - Close Container log Index 6 is not replicated across allthe servers in the pipeline c690a9b5-90d2-4057-86e6-870f7e70d6b1 as the min replicated index is 4. Deletion is not allowed in this container yet.
2019-10-24 07:33:30,396 [BlockDeletingService#2] WARN  background.BlockDeletingService (BlockDeletingService.java:isDeletionAllowed(187)) - Close Container log Index 6 is not replicated across allthe servers in the pipeline c690a9b5-90d2-4057-86e6-870f7e70d6b1 as the min replicated index is 4. Deletion is not allowed in this container yet.
2019-10-24 07:33:30,399 [EventQueue-ContainerReportForContainerReportHandler] WARN  container.ContainerReportHandler (AbstractContainerReportHandler.java:updateContainerState(145)) - Container #1 is in OPEN state, but the datanode e0ed10f2-3224-42fb-9fee-fcf0e55d7c66{ip: 192.168.164.194, host: pr-hdds-1569-mb8zc-4097773718, networkLocation: /default-rack, certSerialId: null} reports an CLOSED replica.
2019-10-24 07:33:30,599 [EventQueue-ContainerReportForContainerReportHandler] WARN  container.ContainerReportHandler (AbstractContainerReportHandler.java:updateContainerState(145)) - Container #1 is in OPEN state, but the datanode e0ed10f2-3224-42fb-9fee-fcf0e55d7c66{ip: 192.168.164.194, host: pr-hdds-1569-mb8zc-4097773718, networkLocation: /default-rack, certSerialId: null} reports an CLOSED replica.
2019-10-24 07:33:30,679 [EventQueue-ContainerReportForContainerReportHandler] WARN  container.ContainerReportHandler (AbstractContainerReportHandler.java:updateContainerState(145)) - Container #1 is in OPEN state, but the datanode 1511a8b7-2741-4c2d-9317-1899631fe9c9{ip: 192.168.164.194, host: pr-hdds-1569-mb8zc-4097773718, networkLocation: /default-rack, certSerialId: null} reports an CLOSED replica.
2019-10-24 07:33:30,899 [EventQueue-ContainerReportForContainerReportHandler] WARN  container.ContainerReportHandler (AbstractContainerReportHandler.java:updateContainerState(145)) - Container #1 is in OPEN state, but the datanode e0ed10f2-3224-42fb-9fee-fcf0e55d7c66{ip: 192.168.164.194, host: pr-hdds-1569-mb8zc-4097773718, networkLocation: /default-rack, certSerialId: null} reports an CLOSED replica.
2019-10-24 07:33:31,079 [EventQueue-ContainerReportForContainerReportHandler] WARN  container.ContainerReportHandler (AbstractContainerReportHandler.java:updateContainerState(145)) - Container #1 is in OPEN state, but the datanode 1511a8b7-2741-4c2d-9317-1899631fe9c9{ip: 192.168.164.194, host: pr-hdds-1569-mb8zc-4097773718, networkLocation: /default-rack, certSerialId: null} reports an CLOSED replica.
2019-10-24 07:33:31,199 [EventQueue-ContainerReportForContainerReportHandler] WARN  container.ContainerReportHandler (AbstractContainerReportHandler.java:updateContainerState(145)) - Container #1 is in OPEN state, but the datanode e0ed10f2-3224-42fb-9fee-fcf0e55d7c66{ip: 192.168.164.194, host: pr-hdds-1569-mb8zc-4097773718, networkLocation: /default-rack, certSerialId: null} reports an CLOSED replica.
2019-10-24 07:33:31,379 [EventQueue-ContainerReportForContainerReportHandler] WARN  container.ContainerReportHandler (AbstractContainerReportHandler.java:updateContainerState(145)) - Container #1 is in OPEN state, but the datanode 1511a8b7-2741-4c2d-9317-1899631fe9c9{ip: 192.168.164.194, host: pr-hdds-1569-mb8zc-4097773718, networkLocation: /default-rack, certSerialId: null} reports an CLOSED replica.
2019-10-24 07:33:31,384 [BlockDeletingService#2] WARN  background.BlockDeletingService (BlockDeletingService.java:isDeletionAllowed(187)) - Close Container log Index 6 is not replicated across allthe servers in the pipeline c690a9b5-90d2-4057-86e6-870f7e70d6b1 as the min replicated index is 4. Deletion is not allowed in this container yet.
2019-10-24 07:33:31,397 [BlockDeletingService#2] WARN  background.BlockDeletingService (BlockDeletingService.java:isDeletionAllowed(187)) - Close Container log Index 6 is not replicated across allthe servers in the pipeline c690a9b5-90d2-4057-86e6-870f7e70d6b1 as the min replicated index is 4. Deletion is not allowed in this container yet.
2019-10-24 07:33:31,398 [EventQueue-ContainerReportForContainerReportHandler] WARN  container.ContainerReportHandler (AbstractContainerReportHandler.java:updateContainerState(145)) - Container #1 is in OPEN state, but the datanode e0ed10f2-3224-42fb-9fee-fcf0e55d7c66{ip: 192.168.164.194, host: pr-hdds-1569-mb8zc-4097773718, networkLocation: /default-rack, certSerialId: null} reports an CLOSED replica.
2019-10-24 07:33:31,698 [EventQueue-ContainerReportForContainerReportHandler] WARN  container.ContainerReportHandler (AbstractContainerReportHandler.java:updateContainerState(145)) - Container #1 is in OPEN state, but the datanode e0ed10f2-3224-42fb-9fee-fcf0e55d7c66{ip: 192.168.164.194, host: pr-hdds-1569-mb8zc-4097773718, networkLocation: /default-rack, certSerialId: null} reports an CLOSED replica.
2019-10-24 07:33:31,744 [grpc-default-executor-3] WARN  server.GrpcLogAppender (LogUtils.java:warn(134)) - e0ed10f2-3224-42fb-9fee-fcf0e55d7c66@group-870F7E70D6B1->6f89809c-7abc-423e-b97b-03c6b4343e46-AppendLogResponseHandler: Failed appendEntries: org.apache.ratis.thirdparty.io.grpc.StatusRuntimeException: UNAVAILABLE: io exception
2019-10-24 07:33:31,744 [grpc-default-executor-3] INFO  impl.FollowerInfo (FollowerInfo.java:lambda$new$0(51)) - e0ed10f2-3224-42fb-9fee-fcf0e55d7c66@group-870F7E70D6B1->6f89809c-7abc-423e-b97b-03c6b4343e46: nextIndex: updateUnconditionally 0 -> 0
2019-10-24 07:33:31,779 [EventQueue-ContainerReportForContainerReportHandler] WARN  container.ContainerReportHandler (AbstractContainerReportHandler.java:updateContainerState(145)) - Container #1 is in OPEN state, but the datanode 1511a8b7-2741-4c2d-9317-1899631fe9c9{ip: 192.168.164.194, host: pr-hdds-1569-mb8zc-4097773718, networkLocation: /default-rack, certSerialId: null} reports an CLOSED replica.
2019-10-24 07:33:31,980 [EventQueue-ContainerReportForContainerReportHandler] WARN  container.ContainerReportHandler (AbstractContainerReportHandler.java:updateContainerState(145)) - Container #1 is in OPEN state, but the datanode 1511a8b7-2741-4c2d-9317-1899631fe9c9{ip: 192.168.164.194, host: pr-hdds-1569-mb8zc-4097773718, networkLocation: /default-rack, certSerialId: null} reports an CLOSED replica.
2019-10-24 07:33:32,098 [EventQueue-ContainerReportForContainerReportHandler] WARN  container.ContainerReportHandler (AbstractContainerReportHandler.java:updateContainerState(145)) - Container #1 is in OPEN state, but the datanode e0ed10f2-3224-42fb-9fee-fcf0e55d7c66{ip: 192.168.164.194, host: pr-hdds-1569-mb8zc-4097773718, networkLocation: /default-rack, certSerialId: null} reports an CLOSED replica.
2019-10-24 07:33:32,380 [EventQueue-ContainerReportForContainerReportHandler] WARN  container.ContainerReportHandler (AbstractContainerReportHandler.java:updateContainerState(145)) - Container #1 is in OPEN state, but the datanode 1511a8b7-2741-4c2d-9317-1899631fe9c9{ip: 192.168.164.194, host: pr-hdds-1569-mb8zc-4097773718, networkLocation: /default-rack, certSerialId: null} reports an CLOSED replica.
2019-10-24 07:33:32,386 [BlockDeletingService#2] WARN  background.BlockDeletingService (BlockDeletingService.java:isDeletionAllowed(187)) - Close Container log Index 6 is not replicated across allthe servers in the pipeline c690a9b5-90d2-4057-86e6-870f7e70d6b1 as the min replicated index is 4. Deletion is not allowed in this container yet.
2019-10-24 07:33:32,399 [BlockDeletingService#2] WARN  background.BlockDeletingService (BlockDeletingService.java:isDeletionAllowed(187)) - Close Container log Index 6 is not replicated across allthe servers in the pipeline c690a9b5-90d2-4057-86e6-870f7e70d6b1 as the min replicated index is 4. Deletion is not allowed in this container yet.
2019-10-24 07:33:32,501 [EventQueue-ContainerReportForContainerReportHandler] WARN  container.ContainerReportHandler (AbstractContainerReportHandler.java:updateContainerState(145)) - Container #1 is in OPEN state, but the datanode e0ed10f2-3224-42fb-9fee-fcf0e55d7c66{ip: 192.168.164.194, host: pr-hdds-1569-mb8zc-4097773718, networkLocation: /default-rack, certSerialId: null} reports an CLOSED replica.
2019-10-24 07:33:32,580 [EventQueue-ContainerReportForContainerReportHandler] WARN  container.ContainerReportHandler (AbstractContainerReportHandler.java:updateContainerState(145)) - Container #1 is in OPEN state, but the datanode 1511a8b7-2741-4c2d-9317-1899631fe9c9{ip: 192.168.164.194, host: pr-hdds-1569-mb8zc-4097773718, networkLocation: /default-rack, certSerialId: null} reports an CLOSED replica.
2019-10-24 07:33:32,701 [EventQueue-ContainerReportForContainerReportHandler] WARN  container.ContainerReportHandler (AbstractContainerReportHandler.java:updateContainerState(145)) - Container #1 is in OPEN state, but the datanode e0ed10f2-3224-42fb-9fee-fcf0e55d7c66{ip: 192.168.164.194, host: pr-hdds-1569-mb8zc-4097773718, networkLocation: /default-rack, certSerialId: null} reports an CLOSED replica.
2019-10-24 07:33:32,821 [grpc-default-executor-3] WARN  server.GrpcLogAppender (LogUtils.java:warn(134)) - 1511a8b7-2741-4c2d-9317-1899631fe9c9@group-AC59B62BA460->6f89809c-7abc-423e-b97b-03c6b4343e46-AppendLogResponseHandler: Failed appendEntries: org.apache.ratis.thirdparty.io.grpc.StatusRuntimeException: UNAVAILABLE: io exception
2019-10-24 07:33:32,821 [grpc-default-executor-3] INFO  impl.FollowerInfo (FollowerInfo.java:lambda$new$0(51)) - 1511a8b7-2741-4c2d-9317-1899631fe9c9@group-AC59B62BA460->6f89809c-7abc-423e-b97b-03c6b4343e46: nextIndex: updateUnconditionally 0 -> 0
2019-10-24 07:33:32,981 [EventQueue-ContainerReportForContainerReportHandler] WARN  container.ContainerReportHandler (AbstractContainerReportHandler.java:updateContainerState(145)) - Container #1 is in OPEN state, but the datanode 1511a8b7-2741-4c2d-9317-1899631fe9c9{ip: 192.168.164.194, host: pr-hdds-1569-mb8zc-4097773718, networkLocation: /default-rack, certSerialId: null} reports an CLOSED replica.
2019-10-24 07:33:33,003 [EventQueue-ContainerReportForContainerReportHandler] WARN  container.ContainerReportHandler (AbstractContainerReportHandler.java:updateContainerState(145)) - Container #1 is in OPEN state, but the datanode e0ed10f2-3224-42fb-9fee-fcf0e55d7c66{ip: 192.168.164.194, host: pr-hdds-1569-mb8zc-4097773718, networkLocation: /default-rack, certSerialId: null} reports an CLOSED replica.
2019-10-24 07:33:33,282 [EventQueue-ContainerReportForContainerReportHandler] WARN  container.ContainerReportHandler (AbstractContainerReportHandler.java:updateContainerState(145)) - Container #1 is in OPEN state, but the datanode 1511a8b7-2741-4c2d-9317-1899631fe9c9{ip: 192.168.164.194, host: pr-hdds-1569-mb8zc-4097773718, networkLocation: /default-rack, certSerialId: null} reports an CLOSED replica.
2019-10-24 07:33:33,302 [EventQueue-ContainerReportForContainerReportHandler] WARN  container.ContainerReportHandler (AbstractContainerReportHandler.java:updateContainerState(145)) - Container #1 is in OPEN state, but the datanode e0ed10f2-3224-42fb-9fee-fcf0e55d7c66{ip: 192.168.164.194, host: pr-hdds-1569-mb8zc-4097773718, networkLocation: /default-rack, certSerialId: null} reports an CLOSED replica.
2019-10-24 07:33:33,387 [BlockDeletingService#2] WARN  background.BlockDeletingService (BlockDeletingService.java:isDeletionAllowed(187)) - Close Container log Index 6 is not replicated across allthe servers in the pipeline c690a9b5-90d2-4057-86e6-870f7e70d6b1 as the min replicated index is 4. Deletion is not allowed in this container yet.
2019-10-24 07:33:33,400 [BlockDeletingService#2] WARN  background.BlockDeletingService (BlockDeletingService.java:isDeletionAllowed(187)) - Close Container log Index 6 is not replicated across allthe servers in the pipeline c690a9b5-90d2-4057-86e6-870f7e70d6b1 as the min replicated index is 4. Deletion is not allowed in this container yet.
2019-10-24 07:33:33,582 [EventQueue-ContainerReportForContainerReportHandler] WARN  container.ContainerReportHandler (AbstractContainerReportHandler.java:updateContainerState(145)) - Container #1 is in OPEN state, but the datanode 1511a8b7-2741-4c2d-9317-1899631fe9c9{ip: 192.168.164.194, host: pr-hdds-1569-mb8zc-4097773718, networkLocation: /default-rack, certSerialId: null} reports an CLOSED replica.
2019-10-24 07:33:33,604 [EventQueue-ContainerReportForContainerReportHandler] WARN  container.ContainerReportHandler (AbstractContainerReportHandler.java:updateContainerState(145)) - Container #1 is in OPEN state, but the datanode e0ed10f2-3224-42fb-9fee-fcf0e55d7c66{ip: 192.168.164.194, host: pr-hdds-1569-mb8zc-4097773718, networkLocation: /default-rack, certSerialId: null} reports an CLOSED replica.
2019-10-24 07:33:33,882 [EventQueue-ContainerReportForContainerReportHandler] WARN  container.ContainerReportHandler (AbstractContainerReportHandler.java:updateContainerState(145)) - Container #1 is in OPEN state, but the datanode 1511a8b7-2741-4c2d-9317-1899631fe9c9{ip: 192.168.164.194, host: pr-hdds-1569-mb8zc-4097773718, networkLocation: /default-rack, certSerialId: null} reports an CLOSED replica.
2019-10-24 07:33:33,904 [EventQueue-ContainerReportForContainerReportHandler] WARN  container.ContainerReportHandler (AbstractContainerReportHandler.java:updateContainerState(145)) - Container #1 is in OPEN state, but the datanode e0ed10f2-3224-42fb-9fee-fcf0e55d7c66{ip: 192.168.164.194, host: pr-hdds-1569-mb8zc-4097773718, networkLocation: /default-rack, certSerialId: null} reports an CLOSED replica.
2019-10-24 07:33:34,104 [EventQueue-ContainerReportForContainerReportHandler] WARN  container.ContainerReportHandler (AbstractContainerReportHandler.java:updateContainerState(145)) - Container #1 is in OPEN state, but the datanode e0ed10f2-3224-42fb-9fee-fcf0e55d7c66{ip: 192.168.164.194, host: pr-hdds-1569-mb8zc-4097773718, networkLocation: /default-rack, certSerialId: null} reports an CLOSED replica.
2019-10-24 07:33:34,247 [grpc-default-executor-2] WARN  server.GrpcLogAppender (LogUtils.java:warn(134)) - e0ed10f2-3224-42fb-9fee-fcf0e55d7c66@group-870F7E70D6B1->6f89809c-7abc-423e-b97b-03c6b4343e46-AppendLogResponseHandler: Failed appendEntries: org.apache.ratis.thirdparty.io.grpc.StatusRuntimeException: UNAVAILABLE: io exception
2019-10-24 07:33:34,249 [grpc-default-executor-2] INFO  impl.FollowerInfo (FollowerInfo.java:lambda$new$0(51)) - e0ed10f2-3224-42fb-9fee-fcf0e55d7c66@group-870F7E70D6B1->6f89809c-7abc-423e-b97b-03c6b4343e46: nextIndex: updateUnconditionally 0 -> 0
2019-10-24 07:33:34,282 [EventQueue-ContainerReportForContainerReportHandler] WARN  container.ContainerReportHandler (AbstractContainerReportHandler.java:updateContainerState(145)) - Container #1 is in OPEN state, but the datanode 1511a8b7-2741-4c2d-9317-1899631fe9c9{ip: 192.168.164.194, host: pr-hdds-1569-mb8zc-4097773718, networkLocation: /default-rack, certSerialId: null} reports an CLOSED replica.
2019-10-24 07:33:34,389 [BlockDeletingService#2] WARN  background.BlockDeletingService (BlockDeletingService.java:isDeletionAllowed(187)) - Close Container log Index 6 is not replicated across allthe servers in the pipeline c690a9b5-90d2-4057-86e6-870f7e70d6b1 as the min replicated index is 4. Deletion is not allowed in this container yet.
2019-10-24 07:33:34,401 [BlockDeletingService#2] WARN  background.BlockDeletingService (BlockDeletingService.java:isDeletionAllowed(187)) - Close Container log Index 6 is not replicated across allthe servers in the pipeline c690a9b5-90d2-4057-86e6-870f7e70d6b1 as the min replicated index is 4. Deletion is not allowed in this container yet.
2019-10-24 07:33:34,504 [EventQueue-ContainerReportForContainerReportHandler] WARN  container.ContainerReportHandler (AbstractContainerReportHandler.java:updateContainerState(145)) - Container #1 is in OPEN state, but the datanode e0ed10f2-3224-42fb-9fee-fcf0e55d7c66{ip: 192.168.164.194, host: pr-hdds-1569-mb8zc-4097773718, networkLocation: /default-rack, certSerialId: null} reports an CLOSED replica.
2019-10-24 07:33:34,682 [EventQueue-ContainerReportForContainerReportHandler] WARN  container.ContainerReportHandler (AbstractContainerReportHandler.java:updateContainerState(145)) - Container #1 is in OPEN state, but the datanode 1511a8b7-2741-4c2d-9317-1899631fe9c9{ip: 192.168.164.194, host: pr-hdds-1569-mb8zc-4097773718, networkLocation: /default-rack, certSerialId: null} reports an CLOSED replica.
2019-10-24 07:33:34,804 [EventQueue-ContainerReportForContainerReportHandler] WARN  container.ContainerReportHandler (AbstractContainerReportHandler.java:updateContainerState(145)) - Container #1 is in OPEN state, but the datanode e0ed10f2-3224-42fb-9fee-fcf0e55d7c66{ip: 192.168.164.194, host: pr-hdds-1569-mb8zc-4097773718, networkLocation: /default-rack, certSerialId: null} reports an CLOSED replica.
2019-10-24 07:33:34,982 [EventQueue-ContainerReportForContainerReportHandler] WARN  container.ContainerReportHandler (AbstractContainerReportHandler.java:updateContainerState(145)) - Container #1 is in OPEN state, but the datanode 1511a8b7-2741-4c2d-9317-1899631fe9c9{ip: 192.168.164.194, host: pr-hdds-1569-mb8zc-4097773718, networkLocation: /default-rack, certSerialId: null} reports an CLOSED replica.
2019-10-24 07:33:35,182 [EventQueue-ContainerReportForContainerReportHandler] WARN  container.ContainerReportHandler (AbstractContainerReportHandler.java:updateContainerState(145)) - Container #1 is in OPEN state, but the datanode 1511a8b7-2741-4c2d-9317-1899631fe9c9{ip: 192.168.164.194, host: pr-hdds-1569-mb8zc-4097773718, networkLocation: /default-rack, certSerialId: null} reports an CLOSED replica.
2019-10-24 07:33:35,205 [EventQueue-ContainerReportForContainerReportHandler] WARN  container.ContainerReportHandler (AbstractContainerReportHandler.java:updateContainerState(145)) - Container #1 is in OPEN state, but the datanode e0ed10f2-3224-42fb-9fee-fcf0e55d7c66{ip: 192.168.164.194, host: pr-hdds-1569-mb8zc-4097773718, networkLocation: /default-rack, certSerialId: null} reports an CLOSED replica.
2019-10-24 07:33:35,320 [grpc-default-executor-0] WARN  server.GrpcLogAppender (LogUtils.java:warn(134)) - 1511a8b7-2741-4c2d-9317-1899631fe9c9@group-AC59B62BA460->6f89809c-7abc-423e-b97b-03c6b4343e46-AppendLogResponseHandler: Failed appendEntries: org.apache.ratis.thirdparty.io.grpc.StatusRuntimeException: UNAVAILABLE: io exception
2019-10-24 07:33:35,321 [grpc-default-executor-0] INFO  impl.FollowerInfo (FollowerInfo.java:lambda$new$0(51)) - 1511a8b7-2741-4c2d-9317-1899631fe9c9@group-AC59B62BA460->6f89809c-7abc-423e-b97b-03c6b4343e46: nextIndex: updateUnconditionally 0 -> 0
2019-10-24 07:33:35,391 [BlockDeletingService#2] WARN  background.BlockDeletingService (BlockDeletingService.java:isDeletionAllowed(187)) - Close Container log Index 6 is not replicated across allthe servers in the pipeline c690a9b5-90d2-4057-86e6-870f7e70d6b1 as the min replicated index is 4. Deletion is not allowed in this container yet.
2019-10-24 07:33:35,402 [BlockDeletingService#2] WARN  background.BlockDeletingService (BlockDeletingService.java:isDeletionAllowed(187)) - Close Container log Index 6 is not replicated across allthe servers in the pipeline c690a9b5-90d2-4057-86e6-870f7e70d6b1 as the min replicated index is 4. Deletion is not allowed in this container yet.
2019-10-24 07:33:35,583 [EventQueue-ContainerReportForContainerReportHandler] WARN  container.ContainerReportHandler (AbstractContainerReportHandler.java:updateContainerState(145)) - Container #1 is in OPEN state, but the datanode 1511a8b7-2741-4c2d-9317-1899631fe9c9{ip: 192.168.164.194, host: pr-hdds-1569-mb8zc-4097773718, networkLocation: /default-rack, certSerialId: null} reports an CLOSED replica.
2019-10-24 07:33:35,607 [EventQueue-ContainerReportForContainerReportHandler] WARN  container.ContainerReportHandler (AbstractContainerReportHandler.java:updateContainerState(145)) - Container #1 is in OPEN state, but the datanode e0ed10f2-3224-42fb-9fee-fcf0e55d7c66{ip: 192.168.164.194, host: pr-hdds-1569-mb8zc-4097773718, networkLocation: /default-rack, certSerialId: null} reports an CLOSED replica.
2019-10-24 07:33:35,883 [EventQueue-ContainerReportForContainerReportHandler] WARN  container.ContainerReportHandler (AbstractContainerReportHandler.java:updateContainerState(145)) - Container #1 is in OPEN state, but the datanode 1511a8b7-2741-4c2d-9317-1899631fe9c9{ip: 192.168.164.194, host: pr-hdds-1569-mb8zc-4097773718, networkLocation: /default-rack, certSerialId: null} reports an CLOSED replica.
2019-10-24 07:33:35,907 [EventQueue-ContainerReportForContainerReportHandler] WARN  container.ContainerReportHandler (AbstractContainerReportHandler.java:updateContainerState(145)) - Container #1 is in OPEN state, but the datanode e0ed10f2-3224-42fb-9fee-fcf0e55d7c66{ip: 192.168.164.194, host: pr-hdds-1569-mb8zc-4097773718, networkLocation: /default-rack, certSerialId: null} reports an CLOSED replica.
2019-10-24 07:33:36,209 [EventQueue-ContainerReportForContainerReportHandler] WARN  container.ContainerReportHandler (AbstractContainerReportHandler.java:updateContainerState(145)) - Container #1 is in OPEN state, but the datanode e0ed10f2-3224-42fb-9fee-fcf0e55d7c66{ip: 192.168.164.194, host: pr-hdds-1569-mb8zc-4097773718, networkLocation: /default-rack, certSerialId: null} reports an CLOSED replica.
2019-10-24 07:33:36,282 [EventQueue-ContainerReportForContainerReportHandler] WARN  container.ContainerReportHandler (AbstractContainerReportHandler.java:updateContainerState(145)) - Container #1 is in OPEN state, but the datanode 1511a8b7-2741-4c2d-9317-1899631fe9c9{ip: 192.168.164.194, host: pr-hdds-1569-mb8zc-4097773718, networkLocation: /default-rack, certSerialId: null} reports an CLOSED replica.
2019-10-24 07:33:36,392 [BlockDeletingService#2] WARN  background.BlockDeletingService (BlockDeletingService.java:isDeletionAllowed(187)) - Close Container log Index 6 is not replicated across allthe servers in the pipeline c690a9b5-90d2-4057-86e6-870f7e70d6b1 as the min replicated index is 4. Deletion is not allowed in this container yet.
2019-10-24 07:33:36,403 [BlockDeletingService#2] WARN  background.BlockDeletingService (BlockDeletingService.java:isDeletionAllowed(187)) - Close Container log Index 6 is not replicated across allthe servers in the pipeline c690a9b5-90d2-4057-86e6-870f7e70d6b1 as the min replicated index is 4. Deletion is not allowed in this container yet.
2019-10-24 07:33:36,409 [EventQueue-ContainerReportForContainerReportHandler] WARN  container.ContainerReportHandler (AbstractContainerReportHandler.java:updateContainerState(145)) - Container #1 is in OPEN state, but the datanode e0ed10f2-3224-42fb-9fee-fcf0e55d7c66{ip: 192.168.164.194, host: pr-hdds-1569-mb8zc-4097773718, networkLocation: /default-rack, certSerialId: null} reports an CLOSED replica.
2019-10-24 07:33:36,609 [EventQueue-ContainerReportForContainerReportHandler] WARN  container.ContainerReportHandler (AbstractContainerReportHandler.java:updateContainerState(145)) - Container #1 is in OPEN state, but the datanode e0ed10f2-3224-42fb-9fee-fcf0e55d7c66{ip: 192.168.164.194, host: pr-hdds-1569-mb8zc-4097773718, networkLocation: /default-rack, certSerialId: null} reports an CLOSED replica.
2019-10-24 07:33:36,682 [EventQueue-ContainerReportForContainerReportHandler] WARN  container.ContainerReportHandler (AbstractContainerReportHandler.java:updateContainerState(145)) - Container #1 is in OPEN state, but the datanode 1511a8b7-2741-4c2d-9317-1899631fe9c9{ip: 192.168.164.194, host: pr-hdds-1569-mb8zc-4097773718, networkLocation: /default-rack, certSerialId: null} reports an CLOSED replica.
2019-10-24 07:33:36,747 [grpc-default-executor-2] WARN  server.GrpcLogAppender (LogUtils.java:warn(134)) - e0ed10f2-3224-42fb-9fee-fcf0e55d7c66@group-870F7E70D6B1->6f89809c-7abc-423e-b97b-03c6b4343e46-AppendLogResponseHandler: Failed appendEntries: org.apache.ratis.thirdparty.io.grpc.StatusRuntimeException: UNAVAILABLE: io exception
2019-10-24 07:33:36,747 [grpc-default-executor-2] INFO  impl.FollowerInfo (FollowerInfo.java:lambda$new$0(51)) - e0ed10f2-3224-42fb-9fee-fcf0e55d7c66@group-870F7E70D6B1->6f89809c-7abc-423e-b97b-03c6b4343e46: nextIndex: updateUnconditionally 0 -> 0
2019-10-24 07:33:36,882 [EventQueue-ContainerReportForContainerReportHandler] WARN  container.ContainerReportHandler (AbstractContainerReportHandler.java:updateContainerState(145)) - Container #1 is in OPEN state, but the datanode 1511a8b7-2741-4c2d-9317-1899631fe9c9{ip: 192.168.164.194, host: pr-hdds-1569-mb8zc-4097773718, networkLocation: /default-rack, certSerialId: null} reports an CLOSED replica.
2019-10-24 07:33:36,909 [EventQueue-ContainerReportForContainerReportHandler] WARN  container.ContainerReportHandler (AbstractContainerReportHandler.java:updateContainerState(145)) - Container #1 is in OPEN state, but the datanode e0ed10f2-3224-42fb-9fee-fcf0e55d7c66{ip: 192.168.164.194, host: pr-hdds-1569-mb8zc-4097773718, networkLocation: /default-rack, certSerialId: null} reports an CLOSED replica.
2019-10-24 07:33:37,182 [EventQueue-ContainerReportForContainerReportHandler] WARN  container.ContainerReportHandler (AbstractContainerReportHandler.java:updateContainerState(145)) - Container #1 is in OPEN state, but the datanode 1511a8b7-2741-4c2d-9317-1899631fe9c9{ip: 192.168.164.194, host: pr-hdds-1569-mb8zc-4097773718, networkLocation: /default-rack, certSerialId: null} reports an CLOSED replica.
2019-10-24 07:33:37,209 [EventQueue-ContainerReportForContainerReportHandler] WARN  container.ContainerReportHandler (AbstractContainerReportHandler.java:updateContainerState(145)) - Container #1 is in OPEN state, but the datanode e0ed10f2-3224-42fb-9fee-fcf0e55d7c66{ip: 192.168.164.194, host: pr-hdds-1569-mb8zc-4097773718, networkLocation: /default-rack, certSerialId: null} reports an CLOSED replica.
2019-10-24 07:33:37,393 [BlockDeletingService#2] WARN  background.BlockDeletingService (BlockDeletingService.java:isDeletionAllowed(187)) - Close Container log Index 6 is not replicated across allthe servers in the pipeline c690a9b5-90d2-4057-86e6-870f7e70d6b1 as the min replicated index is 4. Deletion is not allowed in this container yet.
2019-10-24 07:33:37,404 [BlockDeletingService#2] WARN  background.BlockDeletingService (BlockDeletingService.java:isDeletionAllowed(187)) - Close Container log Index 6 is not replicated across allthe servers in the pipeline c690a9b5-90d2-4057-86e6-870f7e70d6b1 as the min replicated index is 4. Deletion is not allowed in this container yet.
2019-10-24 07:33:37,408 [EventQueue-ContainerReportForContainerReportHandler] WARN  container.ContainerReportHandler (AbstractContainerReportHandler.java:updateContainerState(145)) - Container #1 is in OPEN state, but the datanode e0ed10f2-3224-42fb-9fee-fcf0e55d7c66{ip: 192.168.164.194, host: pr-hdds-1569-mb8zc-4097773718, networkLocation: /default-rack, certSerialId: null} reports an CLOSED replica.
2019-10-24 07:33:37,584 [EventQueue-ContainerReportForContainerReportHandler] WARN  container.ContainerReportHandler (AbstractContainerReportHandler.java:updateContainerState(145)) - Container #1 is in OPEN state, but the datanode 1511a8b7-2741-4c2d-9317-1899631fe9c9{ip: 192.168.164.194, host: pr-hdds-1569-mb8zc-4097773718, networkLocation: /default-rack, certSerialId: null} reports an CLOSED replica.
2019-10-24 07:33:37,683 [Thread-459] INFO  client.GrpcClientProtocolService (GrpcClientProtocolService.java:lambda$processClientRequest$0(278)) - Failed RaftClientRequest:client-950A9ED4B75C->e0ed10f2-3224-42fb-9fee-fcf0e55d7c66@group-870F7E70D6B1, cid=13, seq=0, Watch-ALL_COMMITTED(6), Message:<EMPTY>, reply=RaftClientReply:client-950A9ED4B75C->e0ed10f2-3224-42fb-9fee-fcf0e55d7c66@group-870F7E70D6B1, cid=13, FAILED org.apache.ratis.protocol.NotReplicatedException: Request with call Id 13 and log index 6 is not yet replicated to ALL_COMMITTED, logIndex=6, commits[e0ed10f2-3224-42fb-9fee-fcf0e55d7c66:c8, 1511a8b7-2741-4c2d-9317-1899631fe9c9:c8, 6f89809c-7abc-423e-b97b-03c6b4343e46:c4]
2019-10-24 07:33:37,785 [EventQueue-ContainerReportForContainerReportHandler] WARN  container.ContainerReportHandler (AbstractContainerReportHandler.java:updateContainerState(145)) - Container #1 is in OPEN state, but the datanode 1511a8b7-2741-4c2d-9317-1899631fe9c9{ip: 192.168.164.194, host: pr-hdds-1569-mb8zc-4097773718, networkLocation: /default-rack, certSerialId: null} reports an CLOSED replica.
2019-10-24 07:33:37,809 [EventQueue-ContainerReportForContainerReportHandler] WARN  container.ContainerReportHandler (AbstractContainerReportHandler.java:updateContainerState(145)) - Container #1 is in OPEN state, but the datanode e0ed10f2-3224-42fb-9fee-fcf0e55d7c66{ip: 192.168.164.194, host: pr-hdds-1569-mb8zc-4097773718, networkLocation: /default-rack, certSerialId: null} reports an CLOSED replica.
2019-10-24 07:33:37,822 [grpc-default-executor-0] WARN  server.GrpcLogAppender (LogUtils.java:warn(134)) - 1511a8b7-2741-4c2d-9317-1899631fe9c9@group-AC59B62BA460->6f89809c-7abc-423e-b97b-03c6b4343e46-AppendLogResponseHandler: Failed appendEntries: org.apache.ratis.thirdparty.io.grpc.StatusRuntimeException: UNAVAILABLE: io exception
2019-10-24 07:33:37,824 [grpc-default-executor-0] INFO  impl.FollowerInfo (FollowerInfo.java:lambda$new$0(51)) - 1511a8b7-2741-4c2d-9317-1899631fe9c9@group-AC59B62BA460->6f89809c-7abc-423e-b97b-03c6b4343e46: nextIndex: updateUnconditionally 0 -> 0
2019-10-24 07:33:37,985 [EventQueue-ContainerReportForContainerReportHandler] WARN  container.ContainerReportHandler (AbstractContainerReportHandler.java:updateContainerState(145)) - Container #1 is in OPEN state, but the datanode 1511a8b7-2741-4c2d-9317-1899631fe9c9{ip: 192.168.164.194, host: pr-hdds-1569-mb8zc-4097773718, networkLocation: /default-rack, certSerialId: null} reports an CLOSED replica.
2019-10-24 07:33:38,109 [EventQueue-ContainerReportForContainerReportHandler] WARN  container.ContainerReportHandler (AbstractContainerReportHandler.java:updateContainerState(145)) - Container #1 is in OPEN state, but the datanode e0ed10f2-3224-42fb-9fee-fcf0e55d7c66{ip: 192.168.164.194, host: pr-hdds-1569-mb8zc-4097773718, networkLocation: /default-rack, certSerialId: null} reports an CLOSED replica.
2019-10-24 07:33:38,385 [EventQueue-ContainerReportForContainerReportHandler] WARN  container.ContainerReportHandler (AbstractContainerReportHandler.java:updateContainerState(145)) - Container #1 is in OPEN state, but the datanode 1511a8b7-2741-4c2d-9317-1899631fe9c9{ip: 192.168.164.194, host: pr-hdds-1569-mb8zc-4097773718, networkLocation: /default-rack, certSerialId: null} reports an CLOSED replica.
2019-10-24 07:33:38,396 [BlockDeletingService#2] WARN  background.BlockDeletingService (BlockDeletingService.java:isDeletionAllowed(187)) - Close Container log Index 6 is not replicated across allthe servers in the pipeline c690a9b5-90d2-4057-86e6-870f7e70d6b1 as the min replicated index is 4. Deletion is not allowed in this container yet.
2019-10-24 07:33:38,406 [BlockDeletingService#2] WARN  background.BlockDeletingService (BlockDeletingService.java:isDeletionAllowed(187)) - Close Container log Index 6 is not replicated across allthe servers in the pipeline c690a9b5-90d2-4057-86e6-870f7e70d6b1 as the min replicated index is 4. Deletion is not allowed in this container yet.
2019-10-24 07:33:38,409 [EventQueue-ContainerReportForContainerReportHandler] WARN  container.ContainerReportHandler (AbstractContainerReportHandler.java:updateContainerState(145)) - Container #1 is in OPEN state, but the datanode e0ed10f2-3224-42fb-9fee-fcf0e55d7c66{ip: 192.168.164.194, host: pr-hdds-1569-mb8zc-4097773718, networkLocation: /default-rack, certSerialId: null} reports an CLOSED replica.
2019-10-24 07:33:38,585 [EventQueue-ContainerReportForContainerReportHandler] WARN  container.ContainerReportHandler (AbstractContainerReportHandler.java:updateContainerState(145)) - Container #1 is in OPEN state, but the datanode 1511a8b7-2741-4c2d-9317-1899631fe9c9{ip: 192.168.164.194, host: pr-hdds-1569-mb8zc-4097773718, networkLocation: /default-rack, certSerialId: null} reports an CLOSED replica.
2019-10-24 07:33:38,710 [EventQueue-ContainerReportForContainerReportHandler] WARN  container.ContainerReportHandler (AbstractContainerReportHandler.java:updateContainerState(145)) - Container #1 is in OPEN state, but the datanode e0ed10f2-3224-42fb-9fee-fcf0e55d7c66{ip: 192.168.164.194, host: pr-hdds-1569-mb8zc-4097773718, networkLocation: /default-rack, certSerialId: null} reports an CLOSED replica.
2019-10-24 07:33:38,911 [EventQueue-ContainerReportForContainerReportHandler] WARN  container.ContainerReportHandler (AbstractContainerReportHandler.java:updateContainerState(145)) - Container #1 is in OPEN state, but the datanode e0ed10f2-3224-42fb-9fee-fcf0e55d7c66{ip: 192.168.164.194, host: pr-hdds-1569-mb8zc-4097773718, networkLocation: /default-rack, certSerialId: null} reports an CLOSED replica.
2019-10-24 07:33:38,985 [EventQueue-ContainerReportForContainerReportHandler] WARN  container.ContainerReportHandler (AbstractContainerReportHandler.java:updateContainerState(145)) - Container #1 is in OPEN state, but the datanode 1511a8b7-2741-4c2d-9317-1899631fe9c9{ip: 192.168.164.194, host: pr-hdds-1569-mb8zc-4097773718, networkLocation: /default-rack, certSerialId: null} reports an CLOSED replica.
2019-10-24 07:33:39,251 [grpc-default-executor-3] WARN  server.GrpcLogAppender (LogUtils.java:warn(134)) - e0ed10f2-3224-42fb-9fee-fcf0e55d7c66@group-870F7E70D6B1->6f89809c-7abc-423e-b97b-03c6b4343e46-AppendLogResponseHandler: Failed appendEntries: org.apache.ratis.thirdparty.io.grpc.StatusRuntimeException: UNAVAILABLE: io exception
2019-10-24 07:33:39,251 [grpc-default-executor-3] INFO  impl.FollowerInfo (FollowerInfo.java:lambda$new$0(51)) - e0ed10f2-3224-42fb-9fee-fcf0e55d7c66@group-870F7E70D6B1->6f89809c-7abc-423e-b97b-03c6b4343e46: nextIndex: updateUnconditionally 0 -> 0
2019-10-24 07:33:39,311 [EventQueue-ContainerReportForContainerReportHandler] WARN  container.ContainerReportHandler (AbstractContainerReportHandler.java:updateContainerState(145)) - Container #1 is in OPEN state, but the datanode e0ed10f2-3224-42fb-9fee-fcf0e55d7c66{ip: 192.168.164.194, host: pr-hdds-1569-mb8zc-4097773718, networkLocation: /default-rack, certSerialId: null} reports an CLOSED replica.
2019-10-24 07:33:39,386 [EventQueue-ContainerReportForContainerReportHandler] WARN  container.ContainerReportHandler (AbstractContainerReportHandler.java:updateContainerState(145)) - Container #1 is in OPEN state, but the datanode 1511a8b7-2741-4c2d-9317-1899631fe9c9{ip: 192.168.164.194, host: pr-hdds-1569-mb8zc-4097773718, networkLocation: /default-rack, certSerialId: null} reports an CLOSED replica.
2019-10-24 07:33:39,397 [BlockDeletingService#2] WARN  background.BlockDeletingService (BlockDeletingService.java:isDeletionAllowed(187)) - Close Container log Index 6 is not replicated across allthe servers in the pipeline c690a9b5-90d2-4057-86e6-870f7e70d6b1 as the min replicated index is 4. Deletion is not allowed in this container yet.
2019-10-24 07:33:39,407 [BlockDeletingService#2] WARN  background.BlockDeletingService (BlockDeletingService.java:isDeletionAllowed(187)) - Close Container log Index 6 is not replicated across allthe servers in the pipeline c690a9b5-90d2-4057-86e6-870f7e70d6b1 as the min replicated index is 4. Deletion is not allowed in this container yet.
2019-10-24 07:33:39,611 [EventQueue-ContainerReportForContainerReportHandler] WARN  container.ContainerReportHandler (AbstractContainerReportHandler.java:updateContainerState(145)) - Container #1 is in OPEN state, but the datanode e0ed10f2-3224-42fb-9fee-fcf0e55d7c66{ip: 192.168.164.194, host: pr-hdds-1569-mb8zc-4097773718, networkLocation: /default-rack, certSerialId: null} reports an CLOSED replica.
2019-10-24 07:33:39,686 [EventQueue-ContainerReportForContainerReportHandler] WARN  container.ContainerReportHandler (AbstractContainerReportHandler.java:updateContainerState(145)) - Container #1 is in OPEN state, but the datanode 1511a8b7-2741-4c2d-9317-1899631fe9c9{ip: 192.168.164.194, host: pr-hdds-1569-mb8zc-4097773718, networkLocation: /default-rack, certSerialId: null} reports an CLOSED replica.
2019-10-24 07:33:39,911 [EventQueue-ContainerReportForContainerReportHandler] WARN  container.ContainerReportHandler (AbstractContainerReportHandler.java:updateContainerState(145)) - Container #1 is in OPEN state, but the datanode e0ed10f2-3224-42fb-9fee-fcf0e55d7c66{ip: 192.168.164.194, host: pr-hdds-1569-mb8zc-4097773718, networkLocation: /default-rack, certSerialId: null} reports an CLOSED replica.
2019-10-24 07:33:40,086 [EventQueue-ContainerReportForContainerReportHandler] WARN  container.ContainerReportHandler (AbstractContainerReportHandler.java:updateContainerState(145)) - Container #1 is in OPEN state, but the datanode 1511a8b7-2741-4c2d-9317-1899631fe9c9{ip: 192.168.164.194, host: pr-hdds-1569-mb8zc-4097773718, networkLocation: /default-rack, certSerialId: null} reports an CLOSED replica.
2019-10-24 07:33:40,211 [EventQueue-ContainerReportForContainerReportHandler] WARN  container.ContainerReportHandler (AbstractContainerReportHandler.java:updateContainerState(145)) - Container #1 is in OPEN state, but the datanode e0ed10f2-3224-42fb-9fee-fcf0e55d7c66{ip: 192.168.164.194, host: pr-hdds-1569-mb8zc-4097773718, networkLocation: /default-rack, certSerialId: null} reports an CLOSED replica.
2019-10-24 07:33:40,287 [EventQueue-ContainerReportForContainerReportHandler] WARN  container.ContainerReportHandler (AbstractContainerReportHandler.java:updateContainerState(145)) - Container #1 is in OPEN state, but the datanode 1511a8b7-2741-4c2d-9317-1899631fe9c9{ip: 192.168.164.194, host: pr-hdds-1569-mb8zc-4097773718, networkLocation: /default-rack, certSerialId: null} reports an CLOSED replica.
2019-10-24 07:33:40,325 [grpc-default-executor-3] WARN  server.GrpcLogAppender (LogUtils.java:warn(134)) - 1511a8b7-2741-4c2d-9317-1899631fe9c9@group-AC59B62BA460->6f89809c-7abc-423e-b97b-03c6b4343e46-AppendLogResponseHandler: Failed appendEntries: org.apache.ratis.thirdparty.io.grpc.StatusRuntimeException: UNAVAILABLE: io exception
2019-10-24 07:33:40,325 [grpc-default-executor-3] INFO  impl.FollowerInfo (FollowerInfo.java:lambda$new$0(51)) - 1511a8b7-2741-4c2d-9317-1899631fe9c9@group-AC59B62BA460->6f89809c-7abc-423e-b97b-03c6b4343e46: nextIndex: updateUnconditionally 0 -> 0
2019-10-24 07:33:40,399 [BlockDeletingService#2] WARN  background.BlockDeletingService (BlockDeletingService.java:isDeletionAllowed(187)) - Close Container log Index 6 is not replicated across allthe servers in the pipeline c690a9b5-90d2-4057-86e6-870f7e70d6b1 as the min replicated index is 4. Deletion is not allowed in this container yet.
2019-10-24 07:33:40,408 [BlockDeletingService#2] WARN  background.BlockDeletingService (BlockDeletingService.java:isDeletionAllowed(187)) - Close Container log Index 6 is not replicated across allthe servers in the pipeline c690a9b5-90d2-4057-86e6-870f7e70d6b1 as the min replicated index is 4. Deletion is not allowed in this container yet.
2019-10-24 07:33:40,412 [EventQueue-ContainerReportForContainerReportHandler] WARN  container.ContainerReportHandler (AbstractContainerReportHandler.java:updateContainerState(145)) - Container #1 is in OPEN state, but the datanode e0ed10f2-3224-42fb-9fee-fcf0e55d7c66{ip: 192.168.164.194, host: pr-hdds-1569-mb8zc-4097773718, networkLocation: /default-rack, certSerialId: null} reports an CLOSED replica.
2019-10-24 07:33:40,588 [EventQueue-ContainerReportForContainerReportHandler] WARN  container.ContainerReportHandler (AbstractContainerReportHandler.java:updateContainerState(145)) - Container #1 is in OPEN state, but the datanode 1511a8b7-2741-4c2d-9317-1899631fe9c9{ip: 192.168.164.194, host: pr-hdds-1569-mb8zc-4097773718, networkLocation: /default-rack, certSerialId: null} reports an CLOSED replica.
2019-10-24 07:33:40,812 [EventQueue-ContainerReportForContainerReportHandler] WARN  container.ContainerReportHandler (AbstractContainerReportHandler.java:updateContainerState(145)) - Container #1 is in OPEN state, but the datanode e0ed10f2-3224-42fb-9fee-fcf0e55d7c66{ip: 192.168.164.194, host: pr-hdds-1569-mb8zc-4097773718, networkLocation: /default-rack, certSerialId: null} reports an CLOSED replica.
2019-10-24 07:33:40,888 [EventQueue-ContainerReportForContainerReportHandler] WARN  container.ContainerReportHandler (AbstractContainerReportHandler.java:updateContainerState(145)) - Container #1 is in OPEN state, but the datanode 1511a8b7-2741-4c2d-9317-1899631fe9c9{ip: 192.168.164.194, host: pr-hdds-1569-mb8zc-4097773718, networkLocation: /default-rack, certSerialId: null} reports an CLOSED replica.
2019-10-24 07:33:41,191 [EventQueue-ContainerReportForContainerReportHandler] WARN  container.ContainerReportHandler (AbstractContainerReportHandler.java:updateContainerState(145)) - Container #1 is in OPEN state, but the datanode 1511a8b7-2741-4c2d-9317-1899631fe9c9{ip: 192.168.164.194, host: pr-hdds-1569-mb8zc-4097773718, networkLocation: /default-rack, certSerialId: null} reports an CLOSED replica.
2019-10-24 07:33:41,213 [EventQueue-ContainerReportForContainerReportHandler] WARN  container.ContainerReportHandler (AbstractContainerReportHandler.java:updateContainerState(145)) - Container #1 is in OPEN state, but the datanode e0ed10f2-3224-42fb-9fee-fcf0e55d7c66{ip: 192.168.164.194, host: pr-hdds-1569-mb8zc-4097773718, networkLocation: /default-rack, certSerialId: null} reports an CLOSED replica.
2019-10-24 07:33:41,401 [BlockDeletingService#2] WARN  background.BlockDeletingService (BlockDeletingService.java:isDeletionAllowed(187)) - Close Container log Index 6 is not replicated across allthe servers in the pipeline c690a9b5-90d2-4057-86e6-870f7e70d6b1 as the min replicated index is 4. Deletion is not allowed in this container yet.
2019-10-24 07:33:41,409 [BlockDeletingService#2] WARN  background.BlockDeletingService (BlockDeletingService.java:isDeletionAllowed(187)) - Close Container log Index 6 is not replicated across allthe servers in the pipeline c690a9b5-90d2-4057-86e6-870f7e70d6b1 as the min replicated index is 4. Deletion is not allowed in this container yet.
2019-10-24 07:33:41,490 [EventQueue-ContainerReportForContainerReportHandler] WARN  container.ContainerReportHandler (AbstractContainerReportHandler.java:updateContainerState(145)) - Container #1 is in OPEN state, but the datanode 1511a8b7-2741-4c2d-9317-1899631fe9c9{ip: 192.168.164.194, host: pr-hdds-1569-mb8zc-4097773718, networkLocation: /default-rack, certSerialId: null} reports an CLOSED replica.
2019-10-24 07:33:41,514 [EventQueue-ContainerReportForContainerReportHandler] WARN  container.ContainerReportHandler (AbstractContainerReportHandler.java:updateContainerState(145)) - Container #1 is in OPEN state, but the datanode e0ed10f2-3224-42fb-9fee-fcf0e55d7c66{ip: 192.168.164.194, host: pr-hdds-1569-mb8zc-4097773718, networkLocation: /default-rack, certSerialId: null} reports an CLOSED replica.
2019-10-24 07:33:41,753 [grpc-default-executor-3] WARN  server.GrpcLogAppender (LogUtils.java:warn(134)) - e0ed10f2-3224-42fb-9fee-fcf0e55d7c66@group-870F7E70D6B1->6f89809c-7abc-423e-b97b-03c6b4343e46-AppendLogResponseHandler: Failed appendEntries: org.apache.ratis.thirdparty.io.grpc.StatusRuntimeException: UNAVAILABLE: io exception
2019-10-24 07:33:41,754 [grpc-default-executor-3] INFO  impl.FollowerInfo (FollowerInfo.java:lambda$new$0(51)) - e0ed10f2-3224-42fb-9fee-fcf0e55d7c66@group-870F7E70D6B1->6f89809c-7abc-423e-b97b-03c6b4343e46: nextIndex: updateUnconditionally 0 -> 0
2019-10-24 07:33:41,815 [EventQueue-ContainerReportForContainerReportHandler] WARN  container.ContainerReportHandler (AbstractContainerReportHandler.java:updateContainerState(145)) - Container #1 is in OPEN state, but the datanode e0ed10f2-3224-42fb-9fee-fcf0e55d7c66{ip: 192.168.164.194, host: pr-hdds-1569-mb8zc-4097773718, networkLocation: /default-rack, certSerialId: null} reports an CLOSED replica.
2019-10-24 07:33:41,891 [EventQueue-ContainerReportForContainerReportHandler] WARN  container.ContainerReportHandler (AbstractContainerReportHandler.java:updateContainerState(145)) - Container #1 is in OPEN state, but the datanode 1511a8b7-2741-4c2d-9317-1899631fe9c9{ip: 192.168.164.194, host: pr-hdds-1569-mb8zc-4097773718, networkLocation: /default-rack, certSerialId: null} reports an CLOSED replica.
2019-10-24 07:33:42,192 [EventQueue-ContainerReportForContainerReportHandler] WARN  container.ContainerReportHandler (AbstractContainerReportHandler.java:updateContainerState(145)) - Container #1 is in OPEN state, but the datanode 1511a8b7-2741-4c2d-9317-1899631fe9c9{ip: 192.168.164.194, host: pr-hdds-1569-mb8zc-4097773718, networkLocation: /default-rack, certSerialId: null} reports an CLOSED replica.
2019-10-24 07:33:42,214 [EventQueue-ContainerReportForContainerReportHandler] WARN  container.ContainerReportHandler (AbstractContainerReportHandler.java:updateContainerState(145)) - Container #1 is in OPEN state, but the datanode e0ed10f2-3224-42fb-9fee-fcf0e55d7c66{ip: 192.168.164.194, host: pr-hdds-1569-mb8zc-4097773718, networkLocation: /default-rack, certSerialId: null} reports an CLOSED replica.
2019-10-24 07:33:42,392 [EventQueue-ContainerReportForContainerReportHandler] WARN  container.ContainerReportHandler (AbstractContainerReportHandler.java:updateContainerState(145)) - Container #1 is in OPEN state, but the datanode 1511a8b7-2741-4c2d-9317-1899631fe9c9{ip: 192.168.164.194, host: pr-hdds-1569-mb8zc-4097773718, networkLocation: /default-rack, certSerialId: null} reports an CLOSED replica.
2019-10-24 07:33:42,403 [BlockDeletingService#2] WARN  background.BlockDeletingService (BlockDeletingService.java:isDeletionAllowed(187)) - Close Container log Index 6 is not replicated across allthe servers in the pipeline c690a9b5-90d2-4057-86e6-870f7e70d6b1 as the min replicated index is 4. Deletion is not allowed in this container yet.
2019-10-24 07:33:42,410 [BlockDeletingService#2] WARN  background.BlockDeletingService (BlockDeletingService.java:isDeletionAllowed(187)) - Close Container log Index 6 is not replicated across allthe servers in the pipeline c690a9b5-90d2-4057-86e6-870f7e70d6b1 as the min replicated index is 4. Deletion is not allowed in this container yet.
2019-10-24 07:33:42,515 [EventQueue-ContainerReportForContainerReportHandler] WARN  container.ContainerReportHandler (AbstractContainerReportHandler.java:updateContainerState(145)) - Container #1 is in OPEN state, but the datanode e0ed10f2-3224-42fb-9fee-fcf0e55d7c66{ip: 192.168.164.194, host: pr-hdds-1569-mb8zc-4097773718, networkLocation: /default-rack, certSerialId: null} reports an CLOSED replica.
2019-10-24 07:33:42,792 [EventQueue-ContainerReportForContainerReportHandler] WARN  container.ContainerReportHandler (AbstractContainerReportHandler.java:updateContainerState(145)) - Container #1 is in OPEN state, but the datanode 1511a8b7-2741-4c2d-9317-1899631fe9c9{ip: 192.168.164.194, host: pr-hdds-1569-mb8zc-4097773718, networkLocation: /default-rack, certSerialId: null} reports an CLOSED replica.
2019-10-24 07:33:42,815 [EventQueue-ContainerReportForContainerReportHandler] WARN  container.ContainerReportHandler (AbstractContainerReportHandler.java:updateContainerState(145)) - Container #1 is in OPEN state, but the datanode e0ed10f2-3224-42fb-9fee-fcf0e55d7c66{ip: 192.168.164.194, host: pr-hdds-1569-mb8zc-4097773718, networkLocation: /default-rack, certSerialId: null} reports an CLOSED replica.
2019-10-24 07:33:42,827 [grpc-default-executor-2] WARN  server.GrpcLogAppender (LogUtils.java:warn(134)) - 1511a8b7-2741-4c2d-9317-1899631fe9c9@group-AC59B62BA460->6f89809c-7abc-423e-b97b-03c6b4343e46-AppendLogResponseHandler: Failed appendEntries: org.apache.ratis.thirdparty.io.grpc.StatusRuntimeException: UNAVAILABLE: io exception
2019-10-24 07:33:42,827 [grpc-default-executor-2] INFO  impl.FollowerInfo (FollowerInfo.java:lambda$new$0(51)) - 1511a8b7-2741-4c2d-9317-1899631fe9c9@group-AC59B62BA460->6f89809c-7abc-423e-b97b-03c6b4343e46: nextIndex: updateUnconditionally 0 -> 0
2019-10-24 07:33:43,093 [EventQueue-ContainerReportForContainerReportHandler] WARN  container.ContainerReportHandler (AbstractContainerReportHandler.java:updateContainerState(145)) - Container #1 is in OPEN state, but the datanode 1511a8b7-2741-4c2d-9317-1899631fe9c9{ip: 192.168.164.194, host: pr-hdds-1569-mb8zc-4097773718, networkLocation: /default-rack, certSerialId: null} reports an CLOSED replica.
2019-10-24 07:33:43,116 [EventQueue-ContainerReportForContainerReportHandler] WARN  container.ContainerReportHandler (AbstractContainerReportHandler.java:updateContainerState(145)) - Container #1 is in OPEN state, but the datanode e0ed10f2-3224-42fb-9fee-fcf0e55d7c66{ip: 192.168.164.194, host: pr-hdds-1569-mb8zc-4097773718, networkLocation: /default-rack, certSerialId: null} reports an CLOSED replica.
2019-10-24 07:33:43,406 [BlockDeletingService#2] WARN  background.BlockDeletingService (BlockDeletingService.java:isDeletionAllowed(187)) - Close Container log Index 6 is not replicated across allthe servers in the pipeline c690a9b5-90d2-4057-86e6-870f7e70d6b1 as the min replicated index is 4. Deletion is not allowed in this container yet.
2019-10-24 07:33:43,412 [BlockDeletingService#2] WARN  background.BlockDeletingService (BlockDeletingService.java:isDeletionAllowed(187)) - Close Container log Index 6 is not replicated across allthe servers in the pipeline c690a9b5-90d2-4057-86e6-870f7e70d6b1 as the min replicated index is 4. Deletion is not allowed in this container yet.
2019-10-24 07:33:43,416 [EventQueue-ContainerReportForContainerReportHandler] WARN  container.ContainerReportHandler (AbstractContainerReportHandler.java:updateContainerState(145)) - Container #1 is in OPEN state, but the datanode e0ed10f2-3224-42fb-9fee-fcf0e55d7c66{ip: 192.168.164.194, host: pr-hdds-1569-mb8zc-4097773718, networkLocation: /default-rack, certSerialId: null} reports an CLOSED replica.
2019-10-24 07:33:43,493 [EventQueue-ContainerReportForContainerReportHandler] WARN  container.ContainerReportHandler (AbstractContainerReportHandler.java:updateContainerState(145)) - Container #1 is in OPEN state, but the datanode 1511a8b7-2741-4c2d-9317-1899631fe9c9{ip: 192.168.164.194, host: pr-hdds-1569-mb8zc-4097773718, networkLocation: /default-rack, certSerialId: null} reports an CLOSED replica.
2019-10-24 07:33:43,795 [EventQueue-ContainerReportForContainerReportHandler] WARN  container.ContainerReportHandler (AbstractContainerReportHandler.java:updateContainerState(145)) - Container #1 is in OPEN state, but the datanode 1511a8b7-2741-4c2d-9317-1899631fe9c9{ip: 192.168.164.194, host: pr-hdds-1569-mb8zc-4097773718, networkLocation: /default-rack, certSerialId: null} reports an CLOSED replica.
2019-10-24 07:33:43,816 [EventQueue-ContainerReportForContainerReportHandler] WARN  container.ContainerReportHandler (AbstractContainerReportHandler.java:updateContainerState(145)) - Container #1 is in OPEN state, but the datanode e0ed10f2-3224-42fb-9fee-fcf0e55d7c66{ip: 192.168.164.194, host: pr-hdds-1569-mb8zc-4097773718, networkLocation: /default-rack, certSerialId: null} reports an CLOSED replica.
2019-10-24 07:33:44,095 [EventQueue-ContainerReportForContainerReportHandler] WARN  container.ContainerReportHandler (AbstractContainerReportHandler.java:updateContainerState(145)) - Container #1 is in OPEN state, but the datanode 1511a8b7-2741-4c2d-9317-1899631fe9c9{ip: 192.168.164.194, host: pr-hdds-1569-mb8zc-4097773718, networkLocation: /default-rack, certSerialId: null} reports an CLOSED replica.
2019-10-24 07:33:44,217 [EventQueue-ContainerReportForContainerReportHandler] WARN  container.ContainerReportHandler (AbstractContainerReportHandler.java:updateContainerState(145)) - Container #1 is in OPEN state, but the datanode e0ed10f2-3224-42fb-9fee-fcf0e55d7c66{ip: 192.168.164.194, host: pr-hdds-1569-mb8zc-4097773718, networkLocation: /default-rack, certSerialId: null} reports an CLOSED replica.
2019-10-24 07:33:44,256 [grpc-default-executor-2] WARN  server.GrpcLogAppender (LogUtils.java:warn(134)) - e0ed10f2-3224-42fb-9fee-fcf0e55d7c66@group-870F7E70D6B1->6f89809c-7abc-423e-b97b-03c6b4343e46-AppendLogResponseHandler: Failed appendEntries: org.apache.ratis.thirdparty.io.grpc.StatusRuntimeException: UNAVAILABLE: io exception
2019-10-24 07:33:44,256 [grpc-default-executor-2] INFO  impl.FollowerInfo (FollowerInfo.java:lambda$new$0(51)) - e0ed10f2-3224-42fb-9fee-fcf0e55d7c66@group-870F7E70D6B1->6f89809c-7abc-423e-b97b-03c6b4343e46: nextIndex: updateUnconditionally 0 -> 0
2019-10-24 07:33:44,295 [EventQueue-ContainerReportForContainerReportHandler] WARN  container.ContainerReportHandler (AbstractContainerReportHandler.java:updateContainerState(145)) - Container #1 is in OPEN state, but the datanode 1511a8b7-2741-4c2d-9317-1899631fe9c9{ip: 192.168.164.194, host: pr-hdds-1569-mb8zc-4097773718, networkLocation: /default-rack, certSerialId: null} reports an CLOSED replica.
2019-10-24 07:33:44,408 [BlockDeletingService#2] WARN  background.BlockDeletingService (BlockDeletingService.java:isDeletionAllowed(187)) - Close Container log Index 6 is not replicated across allthe servers in the pipeline c690a9b5-90d2-4057-86e6-870f7e70d6b1 as the min replicated index is 4. Deletion is not allowed in this container yet.
2019-10-24 07:33:44,413 [BlockDeletingService#2] WARN  background.BlockDeletingService (BlockDeletingService.java:isDeletionAllowed(187)) - Close Container log Index 6 is not replicated across allthe servers in the pipeline c690a9b5-90d2-4057-86e6-870f7e70d6b1 as the min replicated index is 4. Deletion is not allowed in this container yet.
2019-10-24 07:33:44,417 [EventQueue-ContainerReportForContainerReportHandler] WARN  container.ContainerReportHandler (AbstractContainerReportHandler.java:updateContainerState(145)) - Container #1 is in OPEN state, but the datanode e0ed10f2-3224-42fb-9fee-fcf0e55d7c66{ip: 192.168.164.194, host: pr-hdds-1569-mb8zc-4097773718, networkLocation: /default-rack, certSerialId: null} reports an CLOSED replica.
2019-10-24 07:33:44,695 [EventQueue-ContainerReportForContainerReportHandler] WARN  container.ContainerReportHandler (AbstractContainerReportHandler.java:updateContainerState(145)) - Container #1 is in OPEN state, but the datanode 1511a8b7-2741-4c2d-9317-1899631fe9c9{ip: 192.168.164.194, host: pr-hdds-1569-mb8zc-4097773718, networkLocation: /default-rack, certSerialId: null} reports an CLOSED replica.
2019-10-24 07:33:44,718 [EventQueue-ContainerReportForContainerReportHandler] WARN  container.ContainerReportHandler (AbstractContainerReportHandler.java:updateContainerState(145)) - Container #1 is in OPEN state, but the datanode e0ed10f2-3224-42fb-9fee-fcf0e55d7c66{ip: 192.168.164.194, host: pr-hdds-1569-mb8zc-4097773718, networkLocation: /default-rack, certSerialId: null} reports an CLOSED replica.
2019-10-24 07:33:44,895 [EventQueue-ContainerReportForContainerReportHandler] WARN  container.ContainerReportHandler (AbstractContainerReportHandler.java:updateContainerState(145)) - Container #1 is in OPEN state, but the datanode 1511a8b7-2741-4c2d-9317-1899631fe9c9{ip: 192.168.164.194, host: pr-hdds-1569-mb8zc-4097773718, networkLocation: /default-rack, certSerialId: null} reports an CLOSED replica.
2019-10-24 07:33:45,017 [EventQueue-ContainerReportForContainerReportHandler] WARN  container.ContainerReportHandler (AbstractContainerReportHandler.java:updateContainerState(145)) - Container #1 is in OPEN state, but the datanode e0ed10f2-3224-42fb-9fee-fcf0e55d7c66{ip: 192.168.164.194, host: pr-hdds-1569-mb8zc-4097773718, networkLocation: /default-rack, certSerialId: null} reports an CLOSED replica.
2019-10-24 07:33:45,095 [EventQueue-ContainerReportForContainerReportHandler] WARN  container.ContainerReportHandler (AbstractContainerReportHandler.java:updateContainerState(145)) - Container #1 is in OPEN state, but the datanode 1511a8b7-2741-4c2d-9317-1899631fe9c9{ip: 192.168.164.194, host: pr-hdds-1569-mb8zc-4097773718, networkLocation: /default-rack, certSerialId: null} reports an CLOSED replica.
2019-10-24 07:33:45,318 [EventQueue-ContainerReportForContainerReportHandler] WARN  container.ContainerReportHandler (AbstractContainerReportHandler.java:updateContainerState(145)) - Container #1 is in OPEN state, but the datanode e0ed10f2-3224-42fb-9fee-fcf0e55d7c66{ip: 192.168.164.194, host: pr-hdds-1569-mb8zc-4097773718, networkLocation: /default-rack, certSerialId: null} reports an CLOSED replica.
2019-10-24 07:33:45,326 [grpc-default-executor-3] WARN  server.GrpcLogAppender (LogUtils.java:warn(134)) - 1511a8b7-2741-4c2d-9317-1899631fe9c9@group-AC59B62BA460->6f89809c-7abc-423e-b97b-03c6b4343e46-AppendLogResponseHandler: Failed appendEntries: org.apache.ratis.thirdparty.io.grpc.StatusRuntimeException: UNAVAILABLE: io exception
2019-10-24 07:33:45,327 [grpc-default-executor-3] INFO  impl.FollowerInfo (FollowerInfo.java:lambda$new$0(51)) - 1511a8b7-2741-4c2d-9317-1899631fe9c9@group-AC59B62BA460->6f89809c-7abc-423e-b97b-03c6b4343e46: nextIndex: updateUnconditionally 0 -> 0
2019-10-24 07:33:45,410 [BlockDeletingService#2] WARN  background.BlockDeletingService (BlockDeletingService.java:isDeletionAllowed(187)) - Close Container log Index 6 is not replicated across allthe servers in the pipeline c690a9b5-90d2-4057-86e6-870f7e70d6b1 as the min replicated index is 4. Deletion is not allowed in this container yet.
2019-10-24 07:33:45,414 [BlockDeletingService#2] WARN  background.BlockDeletingService (BlockDeletingService.java:isDeletionAllowed(187)) - Close Container log Index 6 is not replicated across allthe servers in the pipeline c690a9b5-90d2-4057-86e6-870f7e70d6b1 as the min replicated index is 4. Deletion is not allowed in this container yet.
2019-10-24 07:33:45,497 [EventQueue-ContainerReportForContainerReportHandler] WARN  container.ContainerReportHandler (AbstractContainerReportHandler.java:updateContainerState(145)) - Container #1 is in OPEN state, but the datanode 1511a8b7-2741-4c2d-9317-1899631fe9c9{ip: 192.168.164.194, host: pr-hdds-1569-mb8zc-4097773718, networkLocation: /default-rack, certSerialId: null} reports an CLOSED replica.
2019-10-24 07:33:45,717 [EventQueue-ContainerReportForContainerReportHandler] WARN  container.ContainerReportHandler (AbstractContainerReportHandler.java:updateContainerState(145)) - Container #1 is in OPEN state, but the datanode e0ed10f2-3224-42fb-9fee-fcf0e55d7c66{ip: 192.168.164.194, host: pr-hdds-1569-mb8zc-4097773718, networkLocation: /default-rack, certSerialId: null} reports an CLOSED replica.
2019-10-24 07:33:45,798 [EventQueue-ContainerReportForContainerReportHandler] WARN  container.ContainerReportHandler (AbstractContainerReportHandler.java:updateContainerState(145)) - Container #1 is in OPEN state, but the datanode 1511a8b7-2741-4c2d-9317-1899631fe9c9{ip: 192.168.164.194, host: pr-hdds-1569-mb8zc-4097773718, networkLocation: /default-rack, certSerialId: null} reports an CLOSED replica.
2019-10-24 07:33:46,017 [EventQueue-ContainerReportForContainerReportHandler] WARN  container.ContainerReportHandler (AbstractContainerReportHandler.java:updateContainerState(145)) - Container #1 is in OPEN state, but the datanode e0ed10f2-3224-42fb-9fee-fcf0e55d7c66{ip: 192.168.164.194, host: pr-hdds-1569-mb8zc-4097773718, networkLocation: /default-rack, certSerialId: null} reports an CLOSED replica.
2019-10-24 07:33:46,099 [EventQueue-ContainerReportForContainerReportHandler] WARN  container.ContainerReportHandler (AbstractContainerReportHandler.java:updateContainerState(145)) - Container #1 is in OPEN state, but the datanode 1511a8b7-2741-4c2d-9317-1899631fe9c9{ip: 192.168.164.194, host: pr-hdds-1569-mb8zc-4097773718, networkLocation: /default-rack, certSerialId: null} reports an CLOSED replica.
2019-10-24 07:33:46,219 [EventQueue-ContainerReportForContainerReportHandler] WARN  container.ContainerReportHandler (AbstractContainerReportHandler.java:updateContainerState(145)) - Container #1 is in OPEN state, but the datanode e0ed10f2-3224-42fb-9fee-fcf0e55d7c66{ip: 192.168.164.194, host: pr-hdds-1569-mb8zc-4097773718, networkLocation: /default-rack, certSerialId: null} reports an CLOSED replica.
2019-10-24 07:33:46,299 [EventQueue-ContainerReportForContainerReportHandler] WARN  container.ContainerReportHandler (AbstractContainerReportHandler.java:updateContainerState(145)) - Container #1 is in OPEN state, but the datanode 1511a8b7-2741-4c2d-9317-1899631fe9c9{ip: 192.168.164.194, host: pr-hdds-1569-mb8zc-4097773718, networkLocation: /default-rack, certSerialId: null} reports an CLOSED replica.
2019-10-24 07:33:46,365 [Thread-485] INFO  client.GrpcClientProtocolService (GrpcClientProtocolService.java:lambda$processClientRequest$0(278)) - Failed RaftClientRequest:client-950A9ED4B75C->1511a8b7-2741-4c2d-9317-1899631fe9c9@group-870F7E70D6B1, cid=13, seq=0, Watch-ALL_COMMITTED(6), Message:<EMPTY>, reply=RaftClientReply:client-950A9ED4B75C->1511a8b7-2741-4c2d-9317-1899631fe9c9@group-870F7E70D6B1, cid=13, FAILED org.apache.ratis.protocol.NotLeaderException: Server 1511a8b7-2741-4c2d-9317-1899631fe9c9@group-870F7E70D6B1 is not the leader e0ed10f2-3224-42fb-9fee-fcf0e55d7c66:192.168.164.194:44281, logIndex=0, commits[1511a8b7-2741-4c2d-9317-1899631fe9c9:c8, e0ed10f2-3224-42fb-9fee-fcf0e55d7c66:c8, 6f89809c-7abc-423e-b97b-03c6b4343e46:c4]
2019-10-24 07:33:46,411 [BlockDeletingService#2] WARN  background.BlockDeletingService (BlockDeletingService.java:isDeletionAllowed(187)) - Close Container log Index 6 is not replicated across allthe servers in the pipeline c690a9b5-90d2-4057-86e6-870f7e70d6b1 as the min replicated index is 4. Deletion is not allowed in this container yet.
2019-10-24 07:33:46,415 [BlockDeletingService#2] WARN  background.BlockDeletingService (BlockDeletingService.java:isDeletionAllowed(187)) - Close Container log Index 6 is not replicated across allthe servers in the pipeline c690a9b5-90d2-4057-86e6-870f7e70d6b1 as the min replicated index is 4. Deletion is not allowed in this container yet.
2019-10-24 07:33:46,599 [EventQueue-ContainerReportForContainerReportHandler] WARN  container.ContainerReportHandler (AbstractContainerReportHandler.java:updateContainerState(145)) - Container #1 is in OPEN state, but the datanode 1511a8b7-2741-4c2d-9317-1899631fe9c9{ip: 192.168.164.194, host: pr-hdds-1569-mb8zc-4097773718, networkLocation: /default-rack, certSerialId: null} reports an CLOSED replica.
2019-10-24 07:33:46,618 [EventQueue-ContainerReportForContainerReportHandler] WARN  container.ContainerReportHandler (AbstractContainerReportHandler.java:updateContainerState(145)) - Container #1 is in OPEN state, but the datanode e0ed10f2-3224-42fb-9fee-fcf0e55d7c66{ip: 192.168.164.194, host: pr-hdds-1569-mb8zc-4097773718, networkLocation: /default-rack, certSerialId: null} reports an CLOSED replica.
2019-10-24 07:33:46,755 [grpc-default-executor-0] WARN  server.GrpcLogAppender (LogUtils.java:warn(134)) - e0ed10f2-3224-42fb-9fee-fcf0e55d7c66@group-870F7E70D6B1->6f89809c-7abc-423e-b97b-03c6b4343e46-AppendLogResponseHandler: Failed appendEntries: org.apache.ratis.thirdparty.io.grpc.StatusRuntimeException: UNAVAILABLE: io exception
2019-10-24 07:33:46,756 [grpc-default-executor-0] INFO  impl.FollowerInfo (FollowerInfo.java:lambda$new$0(51)) - e0ed10f2-3224-42fb-9fee-fcf0e55d7c66@group-870F7E70D6B1->6f89809c-7abc-423e-b97b-03c6b4343e46: nextIndex: updateUnconditionally 0 -> 0
2019-10-24 07:33:46,799 [EventQueue-ContainerReportForContainerReportHandler] WARN  container.ContainerReportHandler (AbstractContainerReportHandler.java:updateContainerState(145)) - Container #1 is in OPEN state, but the datanode 1511a8b7-2741-4c2d-9317-1899631fe9c9{ip: 192.168.164.194, host: pr-hdds-1569-mb8zc-4097773718, networkLocation: /default-rack, certSerialId: null} reports an CLOSED replica.
2019-10-24 07:33:46,919 [EventQueue-ContainerReportForContainerReportHandler] WARN  container.ContainerReportHandler (AbstractContainerReportHandler.java:updateContainerState(145)) - Container #1 is in OPEN state, but the datanode e0ed10f2-3224-42fb-9fee-fcf0e55d7c66{ip: 192.168.164.194, host: pr-hdds-1569-mb8zc-4097773718, networkLocation: /default-rack, certSerialId: null} reports an CLOSED replica.
2019-10-24 07:33:47,098 [EventQueue-ContainerReportForContainerReportHandler] WARN  container.ContainerReportHandler (AbstractContainerReportHandler.java:updateContainerState(145)) - Container #1 is in OPEN state, but the datanode 1511a8b7-2741-4c2d-9317-1899631fe9c9{ip: 192.168.164.194, host: pr-hdds-1569-mb8zc-4097773718, networkLocation: /default-rack, certSerialId: null} reports an CLOSED replica.
2019-10-24 07:33:47,218 [EventQueue-ContainerReportForContainerReportHandler] WARN  container.ContainerReportHandler (AbstractContainerReportHandler.java:updateContainerState(145)) - Container #1 is in OPEN state, but the datanode e0ed10f2-3224-42fb-9fee-fcf0e55d7c66{ip: 192.168.164.194, host: pr-hdds-1569-mb8zc-4097773718, networkLocation: /default-rack, certSerialId: null} reports an CLOSED replica.
2019-10-24 07:33:47,400 [EventQueue-ContainerReportForContainerReportHandler] WARN  container.ContainerReportHandler (AbstractContainerReportHandler.java:updateContainerState(145)) - Container #1 is in OPEN state, but the datanode 1511a8b7-2741-4c2d-9317-1899631fe9c9{ip: 192.168.164.194, host: pr-hdds-1569-mb8zc-4097773718, networkLocation: /default-rack, certSerialId: null} reports an CLOSED replica.
2019-10-24 07:33:47,412 [BlockDeletingService#2] WARN  background.BlockDeletingService (BlockDeletingService.java:isDeletionAllowed(187)) - Close Container log Index 6 is not replicated across allthe servers in the pipeline c690a9b5-90d2-4057-86e6-870f7e70d6b1 as the min replicated index is 4. Deletion is not allowed in this container yet.
2019-10-24 07:33:47,417 [BlockDeletingService#2] WARN  background.BlockDeletingService (BlockDeletingService.java:isDeletionAllowed(187)) - Close Container log Index 6 is not replicated across allthe servers in the pipeline c690a9b5-90d2-4057-86e6-870f7e70d6b1 as the min replicated index is 4. Deletion is not allowed in this container yet.
2019-10-24 07:33:47,619 [EventQueue-ContainerReportForContainerReportHandler] WARN  container.ContainerReportHandler (AbstractContainerReportHandler.java:updateContainerState(145)) - Container #1 is in OPEN state, but the datanode e0ed10f2-3224-42fb-9fee-fcf0e55d7c66{ip: 192.168.164.194, host: pr-hdds-1569-mb8zc-4097773718, networkLocation: /default-rack, certSerialId: null} reports an CLOSED replica.
2019-10-24 07:33:47,682 [Thread-493] INFO  client.GrpcClientProtocolService (GrpcClientProtocolService.java:lambda$processClientRequest$0(278)) - Failed RaftClientRequest:client-950A9ED4B75C->e0ed10f2-3224-42fb-9fee-fcf0e55d7c66@group-870F7E70D6B1, cid=13, seq=0, Watch-ALL_COMMITTED(6), Message:<EMPTY>, reply=RaftClientReply:client-950A9ED4B75C->e0ed10f2-3224-42fb-9fee-fcf0e55d7c66@group-870F7E70D6B1, cid=13, FAILED org.apache.ratis.protocol.NotReplicatedException: Request with call Id 13 and log index 6 is not yet replicated to ALL_COMMITTED, logIndex=6, commits[e0ed10f2-3224-42fb-9fee-fcf0e55d7c66:c8, 1511a8b7-2741-4c2d-9317-1899631fe9c9:c8, 6f89809c-7abc-423e-b97b-03c6b4343e46:c4]
2019-10-24 07:33:47,700 [EventQueue-ContainerReportForContainerReportHandler] WARN  container.ContainerReportHandler (AbstractContainerReportHandler.java:updateContainerState(145)) - Container #1 is in OPEN state, but the datanode 1511a8b7-2741-4c2d-9317-1899631fe9c9{ip: 192.168.164.194, host: pr-hdds-1569-mb8zc-4097773718, networkLocation: /default-rack, certSerialId: null} reports an CLOSED replica.
2019-10-24 07:33:47,828 [grpc-default-executor-2] WARN  server.GrpcLogAppender (LogUtils.java:warn(134)) - 1511a8b7-2741-4c2d-9317-1899631fe9c9@group-AC59B62BA460->6f89809c-7abc-423e-b97b-03c6b4343e46-AppendLogResponseHandler: Failed appendEntries: org.apache.ratis.thirdparty.io.grpc.StatusRuntimeException: UNAVAILABLE: io exception
2019-10-24 07:33:47,830 [grpc-default-executor-2] INFO  impl.FollowerInfo (FollowerInfo.java:lambda$new$0(51)) - 1511a8b7-2741-4c2d-9317-1899631fe9c9@group-AC59B62BA460->6f89809c-7abc-423e-b97b-03c6b4343e46: nextIndex: updateUnconditionally 0 -> 0
2019-10-24 07:33:47,920 [EventQueue-ContainerReportForContainerReportHandler] WARN  container.ContainerReportHandler (AbstractContainerReportHandler.java:updateContainerState(145)) - Container #1 is in OPEN state, but the datanode e0ed10f2-3224-42fb-9fee-fcf0e55d7c66{ip: 192.168.164.194, host: pr-hdds-1569-mb8zc-4097773718, networkLocation: /default-rack, certSerialId: null} reports an CLOSED replica.
2019-10-24 07:33:47,999 [EventQueue-ContainerReportForContainerReportHandler] WARN  container.ContainerReportHandler (AbstractContainerReportHandler.java:updateContainerState(145)) - Container #1 is in OPEN state, but the datanode 1511a8b7-2741-4c2d-9317-1899631fe9c9{ip: 192.168.164.194, host: pr-hdds-1569-mb8zc-4097773718, networkLocation: /default-rack, certSerialId: null} reports an CLOSED replica.
2019-10-24 07:33:48,321 [EventQueue-ContainerReportForContainerReportHandler] WARN  container.ContainerReportHandler (AbstractContainerReportHandler.java:updateContainerState(145)) - Container #1 is in OPEN state, but the datanode e0ed10f2-3224-42fb-9fee-fcf0e55d7c66{ip: 192.168.164.194, host: pr-hdds-1569-mb8zc-4097773718, networkLocation: /default-rack, certSerialId: null} reports an CLOSED replica.
2019-10-24 07:33:48,400 [EventQueue-ContainerReportForContainerReportHandler] WARN  container.ContainerReportHandler (AbstractContainerReportHandler.java:updateContainerState(145)) - Container #1 is in OPEN state, but the datanode 1511a8b7-2741-4c2d-9317-1899631fe9c9{ip: 192.168.164.194, host: pr-hdds-1569-mb8zc-4097773718, networkLocation: /default-rack, certSerialId: null} reports an CLOSED replica.
2019-10-24 07:33:48,414 [BlockDeletingService#2] WARN  background.BlockDeletingService (BlockDeletingService.java:isDeletionAllowed(187)) - Close Container log Index 6 is not replicated across allthe servers in the pipeline c690a9b5-90d2-4057-86e6-870f7e70d6b1 as the min replicated index is 4. Deletion is not allowed in this container yet.
2019-10-24 07:33:48,418 [BlockDeletingService#2] WARN  background.BlockDeletingService (BlockDeletingService.java:isDeletionAllowed(187)) - Close Container log Index 6 is not replicated across allthe servers in the pipeline c690a9b5-90d2-4057-86e6-870f7e70d6b1 as the min replicated index is 4. Deletion is not allowed in this container yet.
2019-10-24 07:33:48,623 [EventQueue-ContainerReportForContainerReportHandler] WARN  container.ContainerReportHandler (AbstractContainerReportHandler.java:updateContainerState(145)) - Container #1 is in OPEN state, but the datanode e0ed10f2-3224-42fb-9fee-fcf0e55d7c66{ip: 192.168.164.194, host: pr-hdds-1569-mb8zc-4097773718, networkLocation: /default-rack, certSerialId: null} reports an CLOSED replica.
2019-10-24 07:33:48,702 [EventQueue-ContainerReportForContainerReportHandler] WARN  container.ContainerReportHandler (AbstractContainerReportHandler.java:updateContainerState(145)) - Container #1 is in OPEN state, but the datanode 1511a8b7-2741-4c2d-9317-1899631fe9c9{ip: 192.168.164.194, host: pr-hdds-1569-mb8zc-4097773718, networkLocation: /default-rack, certSerialId: null} reports an CLOSED replica.
2019-10-24 07:33:48,923 [EventQueue-ContainerReportForContainerReportHandler] WARN  container.ContainerReportHandler (AbstractContainerReportHandler.java:updateContainerState(145)) - Container #1 is in OPEN state, but the datanode e0ed10f2-3224-42fb-9fee-fcf0e55d7c66{ip: 192.168.164.194, host: pr-hdds-1569-mb8zc-4097773718, networkLocation: /default-rack, certSerialId: null} reports an CLOSED replica.
2019-10-24 07:33:49,002 [EventQueue-ContainerReportForContainerReportHandler] WARN  container.ContainerReportHandler (AbstractContainerReportHandler.java:updateContainerState(145)) - Container #1 is in OPEN state, but the datanode 1511a8b7-2741-4c2d-9317-1899631fe9c9{ip: 192.168.164.194, host: pr-hdds-1569-mb8zc-4097773718, networkLocation: /default-rack, certSerialId: null} reports an CLOSED replica.
2019-10-24 07:33:49,257 [grpc-default-executor-3] WARN  server.GrpcLogAppender (LogUtils.java:warn(134)) - e0ed10f2-3224-42fb-9fee-fcf0e55d7c66@group-870F7E70D6B1->6f89809c-7abc-423e-b97b-03c6b4343e46-AppendLogResponseHandler: Failed appendEntries: org.apache.ratis.thirdparty.io.grpc.StatusRuntimeException: UNAVAILABLE: io exception
2019-10-24 07:33:49,257 [grpc-default-executor-3] INFO  impl.FollowerInfo (FollowerInfo.java:lambda$new$0(51)) - e0ed10f2-3224-42fb-9fee-fcf0e55d7c66@group-870F7E70D6B1->6f89809c-7abc-423e-b97b-03c6b4343e46: nextIndex: updateUnconditionally 0 -> 0
2019-10-24 07:33:49,302 [EventQueue-ContainerReportForContainerReportHandler] WARN  container.ContainerReportHandler (AbstractContainerReportHandler.java:updateContainerState(145)) - Container #1 is in OPEN state, but the datanode 1511a8b7-2741-4c2d-9317-1899631fe9c9{ip: 192.168.164.194, host: pr-hdds-1569-mb8zc-4097773718, networkLocation: /default-rack, certSerialId: null} reports an CLOSED replica.
2019-10-24 07:33:49,322 [EventQueue-ContainerReportForContainerReportHandler] WARN  container.ContainerReportHandler (AbstractContainerReportHandler.java:updateContainerState(145)) - Container #1 is in OPEN state, but the datanode e0ed10f2-3224-42fb-9fee-fcf0e55d7c66{ip: 192.168.164.194, host: pr-hdds-1569-mb8zc-4097773718, networkLocation: /default-rack, certSerialId: null} reports an CLOSED replica.
2019-10-24 07:33:49,415 [BlockDeletingService#2] WARN  background.BlockDeletingService (BlockDeletingService.java:isDeletionAllowed(187)) - Close Container log Index 6 is not replicated across allthe servers in the pipeline c690a9b5-90d2-4057-86e6-870f7e70d6b1 as the min replicated index is 4. Deletion is not allowed in this container yet.
2019-10-24 07:33:49,419 [BlockDeletingService#2] WARN  background.BlockDeletingService (BlockDeletingService.java:isDeletionAllowed(187)) - Close Container log Index 6 is not replicated across allthe servers in the pipeline c690a9b5-90d2-4057-86e6-870f7e70d6b1 as the min replicated index is 4. Deletion is not allowed in this container yet.
2019-10-24 07:33:49,601 [EventQueue-ContainerReportForContainerReportHandler] WARN  container.ContainerReportHandler (AbstractContainerReportHandler.java:updateContainerState(145)) - Container #1 is in OPEN state, but the datanode 1511a8b7-2741-4c2d-9317-1899631fe9c9{ip: 192.168.164.194, host: pr-hdds-1569-mb8zc-4097773718, networkLocation: /default-rack, certSerialId: null} reports an CLOSED replica.
2019-10-24 07:33:49,624 [EventQueue-ContainerReportForContainerReportHandler] WARN  container.ContainerReportHandler (AbstractContainerReportHandler.java:updateContainerState(145)) - Container #1 is in OPEN state, but the datanode e0ed10f2-3224-42fb-9fee-fcf0e55d7c66{ip: 192.168.164.194, host: pr-hdds-1569-mb8zc-4097773718, networkLocation: /default-rack, certSerialId: null} reports an CLOSED replica.
2019-10-24 07:33:49,902 [EventQueue-ContainerReportForContainerReportHandler] WARN  container.ContainerReportHandler (AbstractContainerReportHandler.java:updateContainerState(145)) - Container #1 is in OPEN state, but the datanode 1511a8b7-2741-4c2d-9317-1899631fe9c9{ip: 192.168.164.194, host: pr-hdds-1569-mb8zc-4097773718, networkLocation: /default-rack, certSerialId: null} reports an CLOSED replica.
2019-10-24 07:33:49,926 [EventQueue-ContainerReportForContainerReportHandler] WARN  container.ContainerReportHandler (AbstractContainerReportHandler.java:updateContainerState(145)) - Container #1 is in OPEN state, but the datanode e0ed10f2-3224-42fb-9fee-fcf0e55d7c66{ip: 192.168.164.194, host: pr-hdds-1569-mb8zc-4097773718, networkLocation: /default-rack, certSerialId: null} reports an CLOSED replica.
2019-10-24 07:33:50,202 [EventQueue-ContainerReportForContainerReportHandler] WARN  container.ContainerReportHandler (AbstractContainerReportHandler.java:updateContainerState(145)) - Container #1 is in OPEN state, but the datanode 1511a8b7-2741-4c2d-9317-1899631fe9c9{ip: 192.168.164.194, host: pr-hdds-1569-mb8zc-4097773718, networkLocation: /default-rack, certSerialId: null} reports an CLOSED replica.
2019-10-24 07:33:50,329 [grpc-default-executor-0] WARN  server.GrpcLogAppender (LogUtils.java:warn(134)) - 1511a8b7-2741-4c2d-9317-1899631fe9c9@group-AC59B62BA460->6f89809c-7abc-423e-b97b-03c6b4343e46-AppendLogResponseHandler: Failed appendEntries: org.apache.ratis.thirdparty.io.grpc.StatusRuntimeException: UNAVAILABLE: io exception
2019-10-24 07:33:50,329 [EventQueue-ContainerReportForContainerReportHandler] WARN  container.ContainerReportHandler (AbstractContainerReportHandler.java:updateContainerState(145)) - Container #1 is in OPEN state, but the datanode e0ed10f2-3224-42fb-9fee-fcf0e55d7c66{ip: 192.168.164.194, host: pr-hdds-1569-mb8zc-4097773718, networkLocation: /default-rack, certSerialId: null} reports an CLOSED replica.
2019-10-24 07:33:50,329 [grpc-default-executor-0] INFO  impl.FollowerInfo (FollowerInfo.java:lambda$new$0(51)) - 1511a8b7-2741-4c2d-9317-1899631fe9c9@group-AC59B62BA460->6f89809c-7abc-423e-b97b-03c6b4343e46: nextIndex: updateUnconditionally 0 -> 0
2019-10-24 07:33:50,416 [BlockDeletingService#2] WARN  background.BlockDeletingService (BlockDeletingService.java:isDeletionAllowed(187)) - Close Container log Index 6 is not replicated across allthe servers in the pipeline c690a9b5-90d2-4057-86e6-870f7e70d6b1 as the min replicated index is 4. Deletion is not allowed in this container yet.
2019-10-24 07:33:50,420 [BlockDeletingService#2] WARN  background.BlockDeletingService (BlockDeletingService.java:isDeletionAllowed(187)) - Close Container log Index 6 is not replicated across allthe servers in the pipeline c690a9b5-90d2-4057-86e6-870f7e70d6b1 as the min replicated index is 4. Deletion is not allowed in this container yet.
2019-10-24 07:33:50,502 [EventQueue-ContainerReportForContainerReportHandler] WARN  container.ContainerReportHandler (AbstractContainerReportHandler.java:updateContainerState(145)) - Container #1 is in OPEN state, but the datanode 1511a8b7-2741-4c2d-9317-1899631fe9c9{ip: 192.168.164.194, host: pr-hdds-1569-mb8zc-4097773718, networkLocation: /default-rack, certSerialId: null} reports an CLOSED replica.
2019-10-24 07:33:50,729 [EventQueue-ContainerReportForContainerReportHandler] WARN  container.ContainerReportHandler (AbstractContainerReportHandler.java:updateContainerState(145)) - Container #1 is in OPEN state, but the datanode e0ed10f2-3224-42fb-9fee-fcf0e55d7c66{ip: 192.168.164.194, host: pr-hdds-1569-mb8zc-4097773718, networkLocation: /default-rack, certSerialId: null} reports an CLOSED replica.
2019-10-24 07:33:50,902 [EventQueue-ContainerReportForContainerReportHandler] WARN  container.ContainerReportHandler (AbstractContainerReportHandler.java:updateContainerState(145)) - Container #1 is in OPEN state, but the datanode 1511a8b7-2741-4c2d-9317-1899631fe9c9{ip: 192.168.164.194, host: pr-hdds-1569-mb8zc-4097773718, networkLocation: /default-rack, certSerialId: null} reports an CLOSED replica.
2019-10-24 07:33:51,029 [EventQueue-ContainerReportForContainerReportHandler] WARN  container.ContainerReportHandler (AbstractContainerReportHandler.java:updateContainerState(145)) - Container #1 is in OPEN state, but the datanode e0ed10f2-3224-42fb-9fee-fcf0e55d7c66{ip: 192.168.164.194, host: pr-hdds-1569-mb8zc-4097773718, networkLocation: /default-rack, certSerialId: null} reports an CLOSED replica.
2019-10-24 07:33:51,204 [EventQueue-ContainerReportForContainerReportHandler] WARN  container.ContainerReportHandler (AbstractContainerReportHandler.java:updateContainerState(145)) - Container #1 is in OPEN state, but the datanode 1511a8b7-2741-4c2d-9317-1899631fe9c9{ip: 192.168.164.194, host: pr-hdds-1569-mb8zc-4097773718, networkLocation: /default-rack, certSerialId: null} reports an CLOSED replica.
2019-10-24 07:33:51,331 [EventQueue-ContainerReportForContainerReportHandler] WARN  container.ContainerReportHandler (AbstractContainerReportHandler.java:updateContainerState(145)) - Container #1 is in OPEN state, but the datanode e0ed10f2-3224-42fb-9fee-fcf0e55d7c66{ip: 192.168.164.194, host: pr-hdds-1569-mb8zc-4097773718, networkLocation: /default-rack, certSerialId: null} reports an CLOSED replica.
2019-10-24 07:33:51,405 [EventQueue-ContainerReportForContainerReportHandler] WARN  container.ContainerReportHandler (AbstractContainerReportHandler.java:updateContainerState(145)) - Container #1 is in OPEN state, but the datanode 1511a8b7-2741-4c2d-9317-1899631fe9c9{ip: 192.168.164.194, host: pr-hdds-1569-mb8zc-4097773718, networkLocation: /default-rack, certSerialId: null} reports an CLOSED replica.
2019-10-24 07:33:51,419 [BlockDeletingService#2] WARN  background.BlockDeletingService (BlockDeletingService.java:isDeletionAllowed(187)) - Close Container log Index 6 is not replicated across allthe servers in the pipeline c690a9b5-90d2-4057-86e6-870f7e70d6b1 as the min replicated index is 4. Deletion is not allowed in this container yet.
2019-10-24 07:33:51,421 [BlockDeletingService#2] WARN  background.BlockDeletingService (BlockDeletingService.java:isDeletionAllowed(187)) - Close Container log Index 6 is not replicated across allthe servers in the pipeline c690a9b5-90d2-4057-86e6-870f7e70d6b1 as the min replicated index is 4. Deletion is not allowed in this container yet.
2019-10-24 07:33:51,531 [EventQueue-ContainerReportForContainerReportHandler] WARN  container.ContainerReportHandler (AbstractContainerReportHandler.java:updateContainerState(145)) - Container #1 is in OPEN state, but the datanode e0ed10f2-3224-42fb-9fee-fcf0e55d7c66{ip: 192.168.164.194, host: pr-hdds-1569-mb8zc-4097773718, networkLocation: /default-rack, certSerialId: null} reports an CLOSED replica.
2019-10-24 07:33:51,705 [EventQueue-ContainerReportForContainerReportHandler] WARN  container.ContainerReportHandler (AbstractContainerReportHandler.java:updateContainerState(145)) - Container #1 is in OPEN state, but the datanode 1511a8b7-2741-4c2d-9317-1899631fe9c9{ip: 192.168.164.194, host: pr-hdds-1569-mb8zc-4097773718, networkLocation: /default-rack, certSerialId: null} reports an CLOSED replica.
2019-10-24 07:33:51,759 [grpc-default-executor-0] WARN  server.GrpcLogAppender (LogUtils.java:warn(134)) - e0ed10f2-3224-42fb-9fee-fcf0e55d7c66@group-870F7E70D6B1->6f89809c-7abc-423e-b97b-03c6b4343e46-AppendLogResponseHandler: Failed appendEntries: org.apache.ratis.thirdparty.io.grpc.StatusRuntimeException: UNAVAILABLE: io exception
2019-10-24 07:33:51,760 [grpc-default-executor-0] INFO  impl.FollowerInfo (FollowerInfo.java:lambda$new$0(51)) - e0ed10f2-3224-42fb-9fee-fcf0e55d7c66@group-870F7E70D6B1->6f89809c-7abc-423e-b97b-03c6b4343e46: nextIndex: updateUnconditionally 0 -> 0
2019-10-24 07:33:51,906 [EventQueue-ContainerReportForContainerReportHandler] WARN  container.ContainerReportHandler (AbstractContainerReportHandler.java:updateContainerState(145)) - Container #1 is in OPEN state, but the datanode 1511a8b7-2741-4c2d-9317-1899631fe9c9{ip: 192.168.164.194, host: pr-hdds-1569-mb8zc-4097773718, networkLocation: /default-rack, certSerialId: null} reports an CLOSED replica.
2019-10-24 07:33:51,931 [EventQueue-ContainerReportForContainerReportHandler] WARN  container.ContainerReportHandler (AbstractContainerReportHandler.java:updateContainerState(145)) - Container #1 is in OPEN state, but the datanode e0ed10f2-3224-42fb-9fee-fcf0e55d7c66{ip: 192.168.164.194, host: pr-hdds-1569-mb8zc-4097773718, networkLocation: /default-rack, certSerialId: null} reports an CLOSED replica.
2019-10-24 07:33:52,206 [EventQueue-ContainerReportForContainerReportHandler] WARN  container.ContainerReportHandler (AbstractContainerReportHandler.java:updateContainerState(145)) - Container #1 is in OPEN state, but the datanode 1511a8b7-2741-4c2d-9317-1899631fe9c9{ip: 192.168.164.194, host: pr-hdds-1569-mb8zc-4097773718, networkLocation: /default-rack, certSerialId: null} reports an CLOSED replica.
2019-10-24 07:33:52,231 [EventQueue-ContainerReportForContainerReportHandler] WARN  container.ContainerReportHandler (AbstractContainerReportHandler.java:updateContainerState(145)) - Container #1 is in OPEN state, but the datanode e0ed10f2-3224-42fb-9fee-fcf0e55d7c66{ip: 192.168.164.194, host: pr-hdds-1569-mb8zc-4097773718, networkLocation: /default-rack, certSerialId: null} reports an CLOSED replica.
2019-10-24 07:33:52,406 [EventQueue-ContainerReportForContainerReportHandler] WARN  container.ContainerReportHandler (AbstractContainerReportHandler.java:updateContainerState(145)) - Container #1 is in OPEN state, but the datanode 1511a8b7-2741-4c2d-9317-1899631fe9c9{ip: 192.168.164.194, host: pr-hdds-1569-mb8zc-4097773718, networkLocation: /default-rack, certSerialId: null} reports an CLOSED replica.
2019-10-24 07:33:52,421 [BlockDeletingService#2] WARN  background.BlockDeletingService (BlockDeletingService.java:isDeletionAllowed(187)) - Close Container log Index 6 is not replicated across allthe servers in the pipeline c690a9b5-90d2-4057-86e6-870f7e70d6b1 as the min replicated index is 4. Deletion is not allowed in this container yet.
2019-10-24 07:33:52,422 [BlockDeletingService#2] WARN  background.BlockDeletingService (BlockDeletingService.java:isDeletionAllowed(187)) - Close Container log Index 6 is not replicated across allthe servers in the pipeline c690a9b5-90d2-4057-86e6-870f7e70d6b1 as the min replicated index is 4. Deletion is not allowed in this container yet.
2019-10-24 07:33:52,432 [EventQueue-ContainerReportForContainerReportHandler] WARN  container.ContainerReportHandler (AbstractContainerReportHandler.java:updateContainerState(145)) - Container #1 is in OPEN state, but the datanode e0ed10f2-3224-42fb-9fee-fcf0e55d7c66{ip: 192.168.164.194, host: pr-hdds-1569-mb8zc-4097773718, networkLocation: /default-rack, certSerialId: null} reports an CLOSED replica.
2019-10-24 07:33:52,606 [EventQueue-ContainerReportForContainerReportHandler] WARN  container.ContainerReportHandler (AbstractContainerReportHandler.java:updateContainerState(145)) - Container #1 is in OPEN state, but the datanode 1511a8b7-2741-4c2d-9317-1899631fe9c9{ip: 192.168.164.194, host: pr-hdds-1569-mb8zc-4097773718, networkLocation: /default-rack, certSerialId: null} reports an CLOSED replica.
2019-10-24 07:33:52,832 [EventQueue-ContainerReportForContainerReportHandler] WARN  container.ContainerReportHandler (AbstractContainerReportHandler.java:updateContainerState(145)) - Container #1 is in OPEN state, but the datanode e0ed10f2-3224-42fb-9fee-fcf0e55d7c66{ip: 192.168.164.194, host: pr-hdds-1569-mb8zc-4097773718, networkLocation: /default-rack, certSerialId: null} reports an CLOSED replica.
2019-10-24 07:33:52,833 [grpc-default-executor-2] WARN  server.GrpcLogAppender (LogUtils.java:warn(134)) - 1511a8b7-2741-4c2d-9317-1899631fe9c9@group-AC59B62BA460->6f89809c-7abc-423e-b97b-03c6b4343e46-AppendLogResponseHandler: Failed appendEntries: org.apache.ratis.thirdparty.io.grpc.StatusRuntimeException: UNAVAILABLE: io exception
2019-10-24 07:33:52,834 [grpc-default-executor-2] INFO  impl.FollowerInfo (FollowerInfo.java:lambda$new$0(51)) - 1511a8b7-2741-4c2d-9317-1899631fe9c9@group-AC59B62BA460->6f89809c-7abc-423e-b97b-03c6b4343e46: nextIndex: updateUnconditionally 0 -> 0
2019-10-24 07:33:53,006 [EventQueue-ContainerReportForContainerReportHandler] WARN  container.ContainerReportHandler (AbstractContainerReportHandler.java:updateContainerState(145)) - Container #1 is in OPEN state, but the datanode 1511a8b7-2741-4c2d-9317-1899631fe9c9{ip: 192.168.164.194, host: pr-hdds-1569-mb8zc-4097773718, networkLocation: /default-rack, certSerialId: null} reports an CLOSED replica.
2019-10-24 07:33:53,032 [EventQueue-ContainerReportForContainerReportHandler] WARN  container.ContainerReportHandler (AbstractContainerReportHandler.java:updateContainerState(145)) - Container #1 is in OPEN state, but the datanode e0ed10f2-3224-42fb-9fee-fcf0e55d7c66{ip: 192.168.164.194, host: pr-hdds-1569-mb8zc-4097773718, networkLocation: /default-rack, certSerialId: null} reports an CLOSED replica.
2019-10-24 07:33:53,232 [EventQueue-ContainerReportForContainerReportHandler] WARN  container.ContainerReportHandler (AbstractContainerReportHandler.java:updateContainerState(145)) - Container #1 is in OPEN state, but the datanode e0ed10f2-3224-42fb-9fee-fcf0e55d7c66{ip: 192.168.164.194, host: pr-hdds-1569-mb8zc-4097773718, networkLocation: /default-rack, certSerialId: null} reports an CLOSED replica.
2019-10-24 07:33:53,307 [EventQueue-ContainerReportForContainerReportHandler] WARN  container.ContainerReportHandler (AbstractContainerReportHandler.java:updateContainerState(145)) - Container #1 is in OPEN state, but the datanode 1511a8b7-2741-4c2d-9317-1899631fe9c9{ip: 192.168.164.194, host: pr-hdds-1569-mb8zc-4097773718, networkLocation: /default-rack, certSerialId: null} reports an CLOSED replica.
2019-10-24 07:33:53,423 [BlockDeletingService#2] WARN  background.BlockDeletingService (BlockDeletingService.java:isDeletionAllowed(187)) - Close Container log Index 6 is not replicated across allthe servers in the pipeline c690a9b5-90d2-4057-86e6-870f7e70d6b1 as the min replicated index is 4. Deletion is not allowed in this container yet.
2019-10-24 07:33:53,424 [BlockDeletingService#2] WARN  background.BlockDeletingService (BlockDeletingService.java:isDeletionAllowed(187)) - Close Container log Index 6 is not replicated across allthe servers in the pipeline c690a9b5-90d2-4057-86e6-870f7e70d6b1 as the min replicated index is 4. Deletion is not allowed in this container yet.
2019-10-24 07:33:53,533 [EventQueue-ContainerReportForContainerReportHandler] WARN  container.ContainerReportHandler (AbstractContainerReportHandler.java:updateContainerState(145)) - Container #1 is in OPEN state, but the datanode e0ed10f2-3224-42fb-9fee-fcf0e55d7c66{ip: 192.168.164.194, host: pr-hdds-1569-mb8zc-4097773718, networkLocation: /default-rack, certSerialId: null} reports an CLOSED replica.
2019-10-24 07:33:53,607 [EventQueue-ContainerReportForContainerReportHandler] WARN  container.ContainerReportHandler (AbstractContainerReportHandler.java:updateContainerState(145)) - Container #1 is in OPEN state, but the datanode 1511a8b7-2741-4c2d-9317-1899631fe9c9{ip: 192.168.164.194, host: pr-hdds-1569-mb8zc-4097773718, networkLocation: /default-rack, certSerialId: null} reports an CLOSED replica.
2019-10-24 07:33:53,834 [EventQueue-ContainerReportForContainerReportHandler] WARN  container.ContainerReportHandler (AbstractContainerReportHandler.java:updateContainerState(145)) - Container #1 is in OPEN state, but the datanode e0ed10f2-3224-42fb-9fee-fcf0e55d7c66{ip: 192.168.164.194, host: pr-hdds-1569-mb8zc-4097773718, networkLocation: /default-rack, certSerialId: null} reports an CLOSED replica.
2019-10-24 07:33:53,907 [EventQueue-ContainerReportForContainerReportHandler] WARN  container.ContainerReportHandler (AbstractContainerReportHandler.java:updateContainerState(145)) - Container #1 is in OPEN state, but the datanode 1511a8b7-2741-4c2d-9317-1899631fe9c9{ip: 192.168.164.194, host: pr-hdds-1569-mb8zc-4097773718, networkLocation: /default-rack, certSerialId: null} reports an CLOSED replica.
2019-10-24 07:33:54,034 [EventQueue-ContainerReportForContainerReportHandler] WARN  container.ContainerReportHandler (AbstractContainerReportHandler.java:updateContainerState(145)) - Container #1 is in OPEN state, but the datanode e0ed10f2-3224-42fb-9fee-fcf0e55d7c66{ip: 192.168.164.194, host: pr-hdds-1569-mb8zc-4097773718, networkLocation: /default-rack, certSerialId: null} reports an CLOSED replica.
2019-10-24 07:33:54,106 [EventQueue-ContainerReportForContainerReportHandler] WARN  container.ContainerReportHandler (AbstractContainerReportHandler.java:updateContainerState(145)) - Container #1 is in OPEN state, but the datanode 1511a8b7-2741-4c2d-9317-1899631fe9c9{ip: 192.168.164.194, host: pr-hdds-1569-mb8zc-4097773718, networkLocation: /default-rack, certSerialId: null} reports an CLOSED replica.
2019-10-24 07:33:54,260 [grpc-default-executor-3] WARN  server.GrpcLogAppender (LogUtils.java:warn(134)) - e0ed10f2-3224-42fb-9fee-fcf0e55d7c66@group-870F7E70D6B1->6f89809c-7abc-423e-b97b-03c6b4343e46-AppendLogResponseHandler: Failed appendEntries: org.apache.ratis.thirdparty.io.grpc.StatusRuntimeException: UNAVAILABLE: io exception
2019-10-24 07:33:54,261 [grpc-default-executor-3] INFO  impl.FollowerInfo (FollowerInfo.java:lambda$new$0(51)) - e0ed10f2-3224-42fb-9fee-fcf0e55d7c66@group-870F7E70D6B1->6f89809c-7abc-423e-b97b-03c6b4343e46: nextIndex: updateUnconditionally 0 -> 0
2019-10-24 07:33:54,306 [EventQueue-ContainerReportForContainerReportHandler] WARN  container.ContainerReportHandler (AbstractContainerReportHandler.java:updateContainerState(145)) - Container #1 is in OPEN state, but the datanode 1511a8b7-2741-4c2d-9317-1899631fe9c9{ip: 192.168.164.194, host: pr-hdds-1569-mb8zc-4097773718, networkLocation: /default-rack, certSerialId: null} reports an CLOSED replica.
2019-10-24 07:33:54,335 [EventQueue-ContainerReportForContainerReportHandler] WARN  container.ContainerReportHandler (AbstractContainerReportHandler.java:updateContainerState(145)) - Container #1 is in OPEN state, but the datanode e0ed10f2-3224-42fb-9fee-fcf0e55d7c66{ip: 192.168.164.194, host: pr-hdds-1569-mb8zc-4097773718, networkLocation: /default-rack, certSerialId: null} reports an CLOSED replica.
2019-10-24 07:33:54,425 [BlockDeletingService#2] WARN  background.BlockDeletingService (BlockDeletingService.java:isDeletionAllowed(187)) - Close Container log Index 6 is not replicated across allthe servers in the pipeline c690a9b5-90d2-4057-86e6-870f7e70d6b1 as the min replicated index is 4. Deletion is not allowed in this container yet.
2019-10-24 07:33:54,425 [BlockDeletingService#2] WARN  background.BlockDeletingService (BlockDeletingService.java:isDeletionAllowed(187)) - Close Container log Index 6 is not replicated across allthe servers in the pipeline c690a9b5-90d2-4057-86e6-870f7e70d6b1 as the min replicated index is 4. Deletion is not allowed in this container yet.
2019-10-24 07:33:54,607 [EventQueue-ContainerReportForContainerReportHandler] WARN  container.ContainerReportHandler (AbstractContainerReportHandler.java:updateContainerState(145)) - Container #1 is in OPEN state, but the datanode 1511a8b7-2741-4c2d-9317-1899631fe9c9{ip: 192.168.164.194, host: pr-hdds-1569-mb8zc-4097773718, networkLocation: /default-rack, certSerialId: null} reports an CLOSED replica.
2019-10-24 07:33:54,635 [EventQueue-ContainerReportForContainerReportHandler] WARN  container.ContainerReportHandler (AbstractContainerReportHandler.java:updateContainerState(145)) - Container #1 is in OPEN state, but the datanode e0ed10f2-3224-42fb-9fee-fcf0e55d7c66{ip: 192.168.164.194, host: pr-hdds-1569-mb8zc-4097773718, networkLocation: /default-rack, certSerialId: null} reports an CLOSED replica.
2019-10-24 07:33:54,936 [EventQueue-ContainerReportForContainerReportHandler] WARN  container.ContainerReportHandler (AbstractContainerReportHandler.java:updateContainerState(145)) - Container #1 is in OPEN state, but the datanode e0ed10f2-3224-42fb-9fee-fcf0e55d7c66{ip: 192.168.164.194, host: pr-hdds-1569-mb8zc-4097773718, networkLocation: /default-rack, certSerialId: null} reports an CLOSED replica.
2019-10-24 07:33:55,008 [EventQueue-ContainerReportForContainerReportHandler] WARN  container.ContainerReportHandler (AbstractContainerReportHandler.java:updateContainerState(145)) - Container #1 is in OPEN state, but the datanode 1511a8b7-2741-4c2d-9317-1899631fe9c9{ip: 192.168.164.194, host: pr-hdds-1569-mb8zc-4097773718, networkLocation: /default-rack, certSerialId: null} reports an CLOSED replica.
2019-10-24 07:33:55,236 [EventQueue-ContainerReportForContainerReportHandler] WARN  container.ContainerReportHandler (AbstractContainerReportHandler.java:updateContainerState(145)) - Container #1 is in OPEN state, but the datanode e0ed10f2-3224-42fb-9fee-fcf0e55d7c66{ip: 192.168.164.194, host: pr-hdds-1569-mb8zc-4097773718, networkLocation: /default-rack, certSerialId: null} reports an CLOSED replica.
2019-10-24 07:33:55,309 [EventQueue-ContainerReportForContainerReportHandler] WARN  container.ContainerReportHandler (AbstractContainerReportHandler.java:updateContainerState(145)) - Container #1 is in OPEN state, but the datanode 1511a8b7-2741-4c2d-9317-1899631fe9c9{ip: 192.168.164.194, host: pr-hdds-1569-mb8zc-4097773718, networkLocation: /default-rack, certSerialId: null} reports an CLOSED replica.
2019-10-24 07:33:55,336 [grpc-default-executor-3] WARN  server.GrpcLogAppender (LogUtils.java:warn(134)) - 1511a8b7-2741-4c2d-9317-1899631fe9c9@group-AC59B62BA460->6f89809c-7abc-423e-b97b-03c6b4343e46-AppendLogResponseHandler: Failed appendEntries: org.apache.ratis.thirdparty.io.grpc.StatusRuntimeException: UNAVAILABLE: io exception
2019-10-24 07:33:55,337 [grpc-default-executor-3] INFO  impl.FollowerInfo (FollowerInfo.java:lambda$new$0(51)) - 1511a8b7-2741-4c2d-9317-1899631fe9c9@group-AC59B62BA460->6f89809c-7abc-423e-b97b-03c6b4343e46: nextIndex: updateUnconditionally 0 -> 0
2019-10-24 07:33:55,385 [Thread-516] INFO  client.GrpcClientProtocolService (GrpcClientProtocolService.java:lambda$processClientRequest$0(278)) - Failed RaftClientRequest:client-950A9ED4B75C->1511a8b7-2741-4c2d-9317-1899631fe9c9@group-870F7E70D6B1, cid=13, seq=0, Watch-ALL_COMMITTED(6), Message:<EMPTY>, reply=RaftClientReply:client-950A9ED4B75C->1511a8b7-2741-4c2d-9317-1899631fe9c9@group-870F7E70D6B1, cid=13, FAILED org.apache.ratis.protocol.NotLeaderException: Server 1511a8b7-2741-4c2d-9317-1899631fe9c9@group-870F7E70D6B1 is not the leader e0ed10f2-3224-42fb-9fee-fcf0e55d7c66:192.168.164.194:44281, logIndex=0, commits[1511a8b7-2741-4c2d-9317-1899631fe9c9:c8, e0ed10f2-3224-42fb-9fee-fcf0e55d7c66:c8, 6f89809c-7abc-423e-b97b-03c6b4343e46:c4]
2019-10-24 07:33:55,427 [BlockDeletingService#2] WARN  background.BlockDeletingService (BlockDeletingService.java:isDeletionAllowed(187)) - Close Container log Index 6 is not replicated across allthe servers in the pipeline c690a9b5-90d2-4057-86e6-870f7e70d6b1 as the min replicated index is 4. Deletion is not allowed in this container yet.
2019-10-24 07:33:55,427 [BlockDeletingService#2] WARN  background.BlockDeletingService (BlockDeletingService.java:isDeletionAllowed(187)) - Close Container log Index 6 is not replicated across allthe servers in the pipeline c690a9b5-90d2-4057-86e6-870f7e70d6b1 as the min replicated index is 4. Deletion is not allowed in this container yet.
2019-10-24 07:33:55,537 [EventQueue-ContainerReportForContainerReportHandler] WARN  container.ContainerReportHandler (AbstractContainerReportHandler.java:updateContainerState(145)) - Container #1 is in OPEN state, but the datanode e0ed10f2-3224-42fb-9fee-fcf0e55d7c66{ip: 192.168.164.194, host: pr-hdds-1569-mb8zc-4097773718, networkLocation: /default-rack, certSerialId: null} reports an CLOSED replica.
2019-10-24 07:33:55,609 [EventQueue-ContainerReportForContainerReportHandler] WARN  container.ContainerReportHandler (AbstractContainerReportHandler.java:updateContainerState(145)) - Container #1 is in OPEN state, but the datanode 1511a8b7-2741-4c2d-9317-1899631fe9c9{ip: 192.168.164.194, host: pr-hdds-1569-mb8zc-4097773718, networkLocation: /default-rack, certSerialId: null} reports an CLOSED replica.
2019-10-24 07:33:55,737 [EventQueue-ContainerReportForContainerReportHandler] WARN  container.ContainerReportHandler (AbstractContainerReportHandler.java:updateContainerState(145)) - Container #1 is in OPEN state, but the datanode e0ed10f2-3224-42fb-9fee-fcf0e55d7c66{ip: 192.168.164.194, host: pr-hdds-1569-mb8zc-4097773718, networkLocation: /default-rack, certSerialId: null} reports an CLOSED replica.
2019-10-24 07:33:55,809 [EventQueue-ContainerReportForContainerReportHandler] WARN  container.ContainerReportHandler (AbstractContainerReportHandler.java:updateContainerState(145)) - Container #1 is in OPEN state, but the datanode 1511a8b7-2741-4c2d-9317-1899631fe9c9{ip: 192.168.164.194, host: pr-hdds-1569-mb8zc-4097773718, networkLocation: /default-rack, certSerialId: null} reports an CLOSED replica.
2019-10-24 07:33:56,110 [EventQueue-ContainerReportForContainerReportHandler] WARN  container.ContainerReportHandler (AbstractContainerReportHandler.java:updateContainerState(145)) - Container #1 is in OPEN state, but the datanode 1511a8b7-2741-4c2d-9317-1899631fe9c9{ip: 192.168.164.194, host: pr-hdds-1569-mb8zc-4097773718, networkLocation: /default-rack, certSerialId: null} reports an CLOSED replica.
2019-10-24 07:33:56,139 [EventQueue-ContainerReportForContainerReportHandler] WARN  container.ContainerReportHandler (AbstractContainerReportHandler.java:updateContainerState(145)) - Container #1 is in OPEN state, but the datanode e0ed10f2-3224-42fb-9fee-fcf0e55d7c66{ip: 192.168.164.194, host: pr-hdds-1569-mb8zc-4097773718, networkLocation: /default-rack, certSerialId: null} reports an CLOSED replica.
2019-10-24 07:33:56,429 [BlockDeletingService#2] WARN  background.BlockDeletingService (BlockDeletingService.java:isDeletionAllowed(187)) - Close Container log Index 6 is not replicated across allthe servers in the pipeline c690a9b5-90d2-4057-86e6-870f7e70d6b1 as the min replicated index is 4. Deletion is not allowed in this container yet.
2019-10-24 07:33:56,429 [BlockDeletingService#2] WARN  background.BlockDeletingService (BlockDeletingService.java:isDeletionAllowed(187)) - Close Container log Index 6 is not replicated across allthe servers in the pipeline c690a9b5-90d2-4057-86e6-870f7e70d6b1 as the min replicated index is 4. Deletion is not allowed in this container yet.
2019-10-24 07:33:56,439 [EventQueue-ContainerReportForContainerReportHandler] WARN  container.ContainerReportHandler (AbstractContainerReportHandler.java:updateContainerState(145)) - Container #1 is in OPEN state, but the datanode e0ed10f2-3224-42fb-9fee-fcf0e55d7c66{ip: 192.168.164.194, host: pr-hdds-1569-mb8zc-4097773718, networkLocation: /default-rack, certSerialId: null} reports an CLOSED replica.
2019-10-24 07:33:56,510 [EventQueue-ContainerReportForContainerReportHandler] WARN  container.ContainerReportHandler (AbstractContainerReportHandler.java:updateContainerState(145)) - Container #1 is in OPEN state, but the datanode 1511a8b7-2741-4c2d-9317-1899631fe9c9{ip: 192.168.164.194, host: pr-hdds-1569-mb8zc-4097773718, networkLocation: /default-rack, certSerialId: null} reports an CLOSED replica.
2019-10-24 07:33:56,639 [EventQueue-ContainerReportForContainerReportHandler] WARN  container.ContainerReportHandler (AbstractContainerReportHandler.java:updateContainerState(145)) - Container #1 is in OPEN state, but the datanode e0ed10f2-3224-42fb-9fee-fcf0e55d7c66{ip: 192.168.164.194, host: pr-hdds-1569-mb8zc-4097773718, networkLocation: /default-rack, certSerialId: null} reports an CLOSED replica.
2019-10-24 07:33:56,682 [Thread-524] INFO  client.GrpcClientProtocolService (GrpcClientProtocolService.java:lambda$processClientRequest$0(278)) - Failed RaftClientRequest:client-950A9ED4B75C->e0ed10f2-3224-42fb-9fee-fcf0e55d7c66@group-870F7E70D6B1, cid=13, seq=0, Watch-ALL_COMMITTED(6), Message:<EMPTY>, reply=RaftClientReply:client-950A9ED4B75C->e0ed10f2-3224-42fb-9fee-fcf0e55d7c66@group-870F7E70D6B1, cid=13, FAILED org.apache.ratis.protocol.NotReplicatedException: Request with call Id 13 and log index 6 is not yet replicated to ALL_COMMITTED, logIndex=6, commits[e0ed10f2-3224-42fb-9fee-fcf0e55d7c66:c8, 1511a8b7-2741-4c2d-9317-1899631fe9c9:c8, 6f89809c-7abc-423e-b97b-03c6b4343e46:c4]
2019-10-24 07:33:56,761 [grpc-default-executor-0] WARN  server.GrpcLogAppender (LogUtils.java:warn(134)) - e0ed10f2-3224-42fb-9fee-fcf0e55d7c66@group-870F7E70D6B1->6f89809c-7abc-423e-b97b-03c6b4343e46-AppendLogResponseHandler: Failed appendEntries: org.apache.ratis.thirdparty.io.grpc.StatusRuntimeException: UNAVAILABLE: io exception
2019-10-24 07:33:56,762 [grpc-default-executor-0] INFO  impl.FollowerInfo (FollowerInfo.java:lambda$new$0(51)) - e0ed10f2-3224-42fb-9fee-fcf0e55d7c66@group-870F7E70D6B1->6f89809c-7abc-423e-b97b-03c6b4343e46: nextIndex: updateUnconditionally 0 -> 0
2019-10-24 07:33:56,810 [EventQueue-ContainerReportForContainerReportHandler] WARN  container.ContainerReportHandler (AbstractContainerReportHandler.java:updateContainerState(145)) - Container #1 is in OPEN state, but the datanode 1511a8b7-2741-4c2d-9317-1899631fe9c9{ip: 192.168.164.194, host: pr-hdds-1569-mb8zc-4097773718, networkLocation: /default-rack, certSerialId: null} reports an CLOSED replica.
2019-10-24 07:33:56,939 [EventQueue-ContainerReportForContainerReportHandler] WARN  container.ContainerReportHandler (AbstractContainerReportHandler.java:updateContainerState(145)) - Container #1 is in OPEN state, but the datanode e0ed10f2-3224-42fb-9fee-fcf0e55d7c66{ip: 192.168.164.194, host: pr-hdds-1569-mb8zc-4097773718, networkLocation: /default-rack, certSerialId: null} reports an CLOSED replica.
2019-10-24 07:33:57,011 [EventQueue-ContainerReportForContainerReportHandler] WARN  container.ContainerReportHandler (AbstractContainerReportHandler.java:updateContainerState(145)) - Container #1 is in OPEN state, but the datanode 1511a8b7-2741-4c2d-9317-1899631fe9c9{ip: 192.168.164.194, host: pr-hdds-1569-mb8zc-4097773718, networkLocation: /default-rack, certSerialId: null} reports an CLOSED replica.
2019-10-24 07:33:57,338 [EventQueue-ContainerReportForContainerReportHandler] WARN  container.ContainerReportHandler (AbstractContainerReportHandler.java:updateContainerState(145)) - Container #1 is in OPEN state, but the datanode e0ed10f2-3224-42fb-9fee-fcf0e55d7c66{ip: 192.168.164.194, host: pr-hdds-1569-mb8zc-4097773718, networkLocation: /default-rack, certSerialId: null} reports an CLOSED replica.
2019-10-24 07:33:57,411 [EventQueue-ContainerReportForContainerReportHandler] WARN  container.ContainerReportHandler (AbstractContainerReportHandler.java:updateContainerState(145)) - Container #1 is in OPEN state, but the datanode 1511a8b7-2741-4c2d-9317-1899631fe9c9{ip: 192.168.164.194, host: pr-hdds-1569-mb8zc-4097773718, networkLocation: /default-rack, certSerialId: null} reports an CLOSED replica.
2019-10-24 07:33:57,430 [BlockDeletingService#2] WARN  background.BlockDeletingService (BlockDeletingService.java:isDeletionAllowed(187)) - Close Container log Index 6 is not replicated across allthe servers in the pipeline c690a9b5-90d2-4057-86e6-870f7e70d6b1 as the min replicated index is 4. Deletion is not allowed in this container yet.
2019-10-24 07:33:57,431 [BlockDeletingService#2] WARN  background.BlockDeletingService (BlockDeletingService.java:isDeletionAllowed(187)) - Close Container log Index 6 is not replicated across allthe servers in the pipeline c690a9b5-90d2-4057-86e6-870f7e70d6b1 as the min replicated index is 4. Deletion is not allowed in this container yet.
2019-10-24 07:33:57,638 [EventQueue-ContainerReportForContainerReportHandler] WARN  container.ContainerReportHandler (AbstractContainerReportHandler.java:updateContainerState(145)) - Container #1 is in OPEN state, but the datanode e0ed10f2-3224-42fb-9fee-fcf0e55d7c66{ip: 192.168.164.194, host: pr-hdds-1569-mb8zc-4097773718, networkLocation: /default-rack, certSerialId: null} reports an CLOSED replica.
2019-10-24 07:33:57,711 [EventQueue-ContainerReportForContainerReportHandler] WARN  container.ContainerReportHandler (AbstractContainerReportHandler.java:updateContainerState(145)) - Container #1 is in OPEN state, but the datanode 1511a8b7-2741-4c2d-9317-1899631fe9c9{ip: 192.168.164.194, host: pr-hdds-1569-mb8zc-4097773718, networkLocation: /default-rack, certSerialId: null} reports an CLOSED replica.
2019-10-24 07:33:57,836 [grpc-default-executor-3] WARN  server.GrpcLogAppender (LogUtils.java:warn(134)) - 1511a8b7-2741-4c2d-9317-1899631fe9c9@group-AC59B62BA460->6f89809c-7abc-423e-b97b-03c6b4343e46-AppendLogResponseHandler: Failed appendEntries: org.apache.ratis.thirdparty.io.grpc.StatusRuntimeException: UNAVAILABLE: io exception
2019-10-24 07:33:57,837 [grpc-default-executor-3] INFO  impl.FollowerInfo (FollowerInfo.java:lambda$new$0(51)) - 1511a8b7-2741-4c2d-9317-1899631fe9c9@group-AC59B62BA460->6f89809c-7abc-423e-b97b-03c6b4343e46: nextIndex: updateUnconditionally 0 -> 0
2019-10-24 07:33:58,039 [EventQueue-ContainerReportForContainerReportHandler] WARN  container.ContainerReportHandler (AbstractContainerReportHandler.java:updateContainerState(145)) - Container #1 is in OPEN state, but the datanode e0ed10f2-3224-42fb-9fee-fcf0e55d7c66{ip: 192.168.164.194, host: pr-hdds-1569-mb8zc-4097773718, networkLocation: /default-rack, certSerialId: null} reports an CLOSED replica.
2019-10-24 07:33:58,111 [EventQueue-ContainerReportForContainerReportHandler] WARN  container.ContainerReportHandler (AbstractContainerReportHandler.java:updateContainerState(145)) - Container #1 is in OPEN state, but the datanode 1511a8b7-2741-4c2d-9317-1899631fe9c9{ip: 192.168.164.194, host: pr-hdds-1569-mb8zc-4097773718, networkLocation: /default-rack, certSerialId: null} reports an CLOSED replica.
2019-10-24 07:33:58,239 [EventQueue-ContainerReportForContainerReportHandler] WARN  container.ContainerReportHandler (AbstractContainerReportHandler.java:updateContainerState(145)) - Container #1 is in OPEN state, but the datanode e0ed10f2-3224-42fb-9fee-fcf0e55d7c66{ip: 192.168.164.194, host: pr-hdds-1569-mb8zc-4097773718, networkLocation: /default-rack, certSerialId: null} reports an CLOSED replica.
2019-10-24 07:33:58,312 [EventQueue-ContainerReportForContainerReportHandler] WARN  container.ContainerReportHandler (AbstractContainerReportHandler.java:updateContainerState(145)) - Container #1 is in OPEN state, but the datanode 1511a8b7-2741-4c2d-9317-1899631fe9c9{ip: 192.168.164.194, host: pr-hdds-1569-mb8zc-4097773718, networkLocation: /default-rack, certSerialId: null} reports an CLOSED replica.
2019-10-24 07:33:58,432 [BlockDeletingService#2] WARN  background.BlockDeletingService (BlockDeletingService.java:isDeletionAllowed(187)) - Close Container log Index 6 is not replicated across allthe servers in the pipeline c690a9b5-90d2-4057-86e6-870f7e70d6b1 as the min replicated index is 4. Deletion is not allowed in this container yet.
2019-10-24 07:33:58,432 [BlockDeletingService#2] WARN  background.BlockDeletingService (BlockDeletingService.java:isDeletionAllowed(187)) - Close Container log Index 6 is not replicated across allthe servers in the pipeline c690a9b5-90d2-4057-86e6-870f7e70d6b1 as the min replicated index is 4. Deletion is not allowed in this container yet.
2019-10-24 07:33:58,542 [EventQueue-ContainerReportForContainerReportHandler] WARN  container.ContainerReportHandler (AbstractContainerReportHandler.java:updateContainerState(145)) - Container #1 is in OPEN state, but the datanode e0ed10f2-3224-42fb-9fee-fcf0e55d7c66{ip: 192.168.164.194, host: pr-hdds-1569-mb8zc-4097773718, networkLocation: /default-rack, certSerialId: null} reports an CLOSED replica.
2019-10-24 07:33:58,713 [EventQueue-ContainerReportForContainerReportHandler] WARN  container.ContainerReportHandler (AbstractContainerReportHandler.java:updateContainerState(145)) - Container #1 is in OPEN state, but the datanode 1511a8b7-2741-4c2d-9317-1899631fe9c9{ip: 192.168.164.194, host: pr-hdds-1569-mb8zc-4097773718, networkLocation: /default-rack, certSerialId: null} reports an CLOSED replica.
2019-10-24 07:33:58,843 [EventQueue-ContainerReportForContainerReportHandler] WARN  container.ContainerReportHandler (AbstractContainerReportHandler.java:updateContainerState(145)) - Container #1 is in OPEN state, but the datanode e0ed10f2-3224-42fb-9fee-fcf0e55d7c66{ip: 192.168.164.194, host: pr-hdds-1569-mb8zc-4097773718, networkLocation: /default-rack, certSerialId: null} reports an CLOSED replica.
2019-10-24 07:33:59,012 [EventQueue-ContainerReportForContainerReportHandler] WARN  container.ContainerReportHandler (AbstractContainerReportHandler.java:updateContainerState(145)) - Container #1 is in OPEN state, but the datanode 1511a8b7-2741-4c2d-9317-1899631fe9c9{ip: 192.168.164.194, host: pr-hdds-1569-mb8zc-4097773718, networkLocation: /default-rack, certSerialId: null} reports an CLOSED replica.
2019-10-24 07:33:59,043 [EventQueue-ContainerReportForContainerReportHandler] WARN  container.ContainerReportHandler (AbstractContainerReportHandler.java:updateContainerState(145)) - Container #1 is in OPEN state, but the datanode e0ed10f2-3224-42fb-9fee-fcf0e55d7c66{ip: 192.168.164.194, host: pr-hdds-1569-mb8zc-4097773718, networkLocation: /default-rack, certSerialId: null} reports an CLOSED replica.
2019-10-24 07:33:59,214 [EventQueue-ContainerReportForContainerReportHandler] WARN  container.ContainerReportHandler (AbstractContainerReportHandler.java:updateContainerState(145)) - Container #1 is in OPEN state, but the datanode 1511a8b7-2741-4c2d-9317-1899631fe9c9{ip: 192.168.164.194, host: pr-hdds-1569-mb8zc-4097773718, networkLocation: /default-rack, certSerialId: null} reports an CLOSED replica.
2019-10-24 07:33:59,266 [grpc-default-executor-3] WARN  server.GrpcLogAppender (LogUtils.java:warn(134)) - e0ed10f2-3224-42fb-9fee-fcf0e55d7c66@group-870F7E70D6B1->6f89809c-7abc-423e-b97b-03c6b4343e46-AppendLogResponseHandler: Failed appendEntries: org.apache.ratis.thirdparty.io.grpc.StatusRuntimeException: UNAVAILABLE: io exception
2019-10-24 07:33:59,267 [grpc-default-executor-3] INFO  impl.FollowerInfo (FollowerInfo.java:lambda$new$0(51)) - e0ed10f2-3224-42fb-9fee-fcf0e55d7c66@group-870F7E70D6B1->6f89809c-7abc-423e-b97b-03c6b4343e46: nextIndex: updateUnconditionally 0 -> 0
2019-10-24 07:33:59,344 [EventQueue-ContainerReportForContainerReportHandler] WARN  container.ContainerReportHandler (AbstractContainerReportHandler.java:updateContainerState(145)) - Container #1 is in OPEN state, but the datanode e0ed10f2-3224-42fb-9fee-fcf0e55d7c66{ip: 192.168.164.194, host: pr-hdds-1569-mb8zc-4097773718, networkLocation: /default-rack, certSerialId: null} reports an CLOSED replica.
2019-10-24 07:33:59,434 [BlockDeletingService#2] WARN  background.BlockDeletingService (BlockDeletingService.java:isDeletionAllowed(187)) - Close Container log Index 6 is not replicated across allthe servers in the pipeline c690a9b5-90d2-4057-86e6-870f7e70d6b1 as the min replicated index is 4. Deletion is not allowed in this container yet.
2019-10-24 07:33:59,434 [BlockDeletingService#2] WARN  background.BlockDeletingService (BlockDeletingService.java:isDeletionAllowed(187)) - Close Container log Index 6 is not replicated across allthe servers in the pipeline c690a9b5-90d2-4057-86e6-870f7e70d6b1 as the min replicated index is 4. Deletion is not allowed in this container yet.
2019-10-24 07:33:59,511 [EventQueue-ContainerReportForContainerReportHandler] WARN  container.ContainerReportHandler (AbstractContainerReportHandler.java:updateContainerState(145)) - Container #1 is in OPEN state, but the datanode 1511a8b7-2741-4c2d-9317-1899631fe9c9{ip: 192.168.164.194, host: pr-hdds-1569-mb8zc-4097773718, networkLocation: /default-rack, certSerialId: null} reports an CLOSED replica.
2019-10-24 07:33:59,743 [EventQueue-ContainerReportForContainerReportHandler] WARN  container.ContainerReportHandler (AbstractContainerReportHandler.java:updateContainerState(145)) - Container #1 is in OPEN state, but the datanode e0ed10f2-3224-42fb-9fee-fcf0e55d7c66{ip: 192.168.164.194, host: pr-hdds-1569-mb8zc-4097773718, networkLocation: /default-rack, certSerialId: null} reports an CLOSED replica.
2019-10-24 07:33:59,912 [EventQueue-ContainerReportForContainerReportHandler] WARN  container.ContainerReportHandler (AbstractContainerReportHandler.java:updateContainerState(145)) - Container #1 is in OPEN state, but the datanode 1511a8b7-2741-4c2d-9317-1899631fe9c9{ip: 192.168.164.194, host: pr-hdds-1569-mb8zc-4097773718, networkLocation: /default-rack, certSerialId: null} reports an CLOSED replica.
2019-10-24 07:33:59,944 [EventQueue-ContainerReportForContainerReportHandler] WARN  container.ContainerReportHandler (AbstractContainerReportHandler.java:updateContainerState(145)) - Container #1 is in OPEN state, but the datanode e0ed10f2-3224-42fb-9fee-fcf0e55d7c66{ip: 192.168.164.194, host: pr-hdds-1569-mb8zc-4097773718, networkLocation: /default-rack, certSerialId: null} reports an CLOSED replica.
2019-10-24 07:34:00,112 [EventQueue-ContainerReportForContainerReportHandler] WARN  container.ContainerReportHandler (AbstractContainerReportHandler.java:updateContainerState(145)) - Container #1 is in OPEN state, but the datanode 1511a8b7-2741-4c2d-9317-1899631fe9c9{ip: 192.168.164.194, host: pr-hdds-1569-mb8zc-4097773718, networkLocation: /default-rack, certSerialId: null} reports an CLOSED replica.
2019-10-24 07:34:00,244 [EventQueue-ContainerReportForContainerReportHandler] WARN  container.ContainerReportHandler (AbstractContainerReportHandler.java:updateContainerState(145)) - Container #1 is in OPEN state, but the datanode e0ed10f2-3224-42fb-9fee-fcf0e55d7c66{ip: 192.168.164.194, host: pr-hdds-1569-mb8zc-4097773718, networkLocation: /default-rack, certSerialId: null} reports an CLOSED replica.
2019-10-24 07:34:00,312 [EventQueue-ContainerReportForContainerReportHandler] WARN  container.ContainerReportHandler (AbstractContainerReportHandler.java:updateContainerState(145)) - Container #1 is in OPEN state, but the datanode 1511a8b7-2741-4c2d-9317-1899631fe9c9{ip: 192.168.164.194, host: pr-hdds-1569-mb8zc-4097773718, networkLocation: /default-rack, certSerialId: null} reports an CLOSED replica.
2019-10-24 07:34:00,337 [grpc-default-executor-2] WARN  server.GrpcLogAppender (LogUtils.java:warn(134)) - 1511a8b7-2741-4c2d-9317-1899631fe9c9@group-AC59B62BA460->6f89809c-7abc-423e-b97b-03c6b4343e46-AppendLogResponseHandler: Failed appendEntries: org.apache.ratis.thirdparty.io.grpc.StatusRuntimeException: UNAVAILABLE: io exception
2019-10-24 07:34:00,337 [grpc-default-executor-2] INFO  impl.FollowerInfo (FollowerInfo.java:lambda$new$0(51)) - 1511a8b7-2741-4c2d-9317-1899631fe9c9@group-AC59B62BA460->6f89809c-7abc-423e-b97b-03c6b4343e46: nextIndex: updateUnconditionally 0 -> 0
2019-10-24 07:34:00,436 [BlockDeletingService#2] WARN  background.BlockDeletingService (BlockDeletingService.java:isDeletionAllowed(187)) - Close Container log Index 6 is not replicated across allthe servers in the pipeline c690a9b5-90d2-4057-86e6-870f7e70d6b1 as the min replicated index is 4. Deletion is not allowed in this container yet.
2019-10-24 07:34:00,436 [BlockDeletingService#2] WARN  background.BlockDeletingService (BlockDeletingService.java:isDeletionAllowed(187)) - Close Container log Index 6 is not replicated across allthe servers in the pipeline c690a9b5-90d2-4057-86e6-870f7e70d6b1 as the min replicated index is 4. Deletion is not allowed in this container yet.
2019-10-24 07:34:00,544 [EventQueue-ContainerReportForContainerReportHandler] WARN  container.ContainerReportHandler (AbstractContainerReportHandler.java:updateContainerState(145)) - Container #1 is in OPEN state, but the datanode e0ed10f2-3224-42fb-9fee-fcf0e55d7c66{ip: 192.168.164.194, host: pr-hdds-1569-mb8zc-4097773718, networkLocation: /default-rack, certSerialId: null} reports an CLOSED replica.
2019-10-24 07:34:00,611 [EventQueue-ContainerReportForContainerReportHandler] WARN  container.ContainerReportHandler (AbstractContainerReportHandler.java:updateContainerState(145)) - Container #1 is in OPEN state, but the datanode 1511a8b7-2741-4c2d-9317-1899631fe9c9{ip: 192.168.164.194, host: pr-hdds-1569-mb8zc-4097773718, networkLocation: /default-rack, certSerialId: null} reports an CLOSED replica.
2019-10-24 07:34:00,811 [EventQueue-ContainerReportForContainerReportHandler] WARN  container.ContainerReportHandler (AbstractContainerReportHandler.java:updateContainerState(145)) - Container #1 is in OPEN state, but the datanode 1511a8b7-2741-4c2d-9317-1899631fe9c9{ip: 192.168.164.194, host: pr-hdds-1569-mb8zc-4097773718, networkLocation: /default-rack, certSerialId: null} reports an CLOSED replica.
2019-10-24 07:34:00,844 [EventQueue-ContainerReportForContainerReportHandler] WARN  container.ContainerReportHandler (AbstractContainerReportHandler.java:updateContainerState(145)) - Container #1 is in OPEN state, but the datanode e0ed10f2-3224-42fb-9fee-fcf0e55d7c66{ip: 192.168.164.194, host: pr-hdds-1569-mb8zc-4097773718, networkLocation: /default-rack, certSerialId: null} reports an CLOSED replica.
2019-10-24 07:34:01,111 [EventQueue-ContainerReportForContainerReportHandler] WARN  container.ContainerReportHandler (AbstractContainerReportHandler.java:updateContainerState(145)) - Container #1 is in OPEN state, but the datanode 1511a8b7-2741-4c2d-9317-1899631fe9c9{ip: 192.168.164.194, host: pr-hdds-1569-mb8zc-4097773718, networkLocation: /default-rack, certSerialId: null} reports an CLOSED replica.
2019-10-24 07:34:01,144 [EventQueue-ContainerReportForContainerReportHandler] WARN  container.ContainerReportHandler (AbstractContainerReportHandler.java:updateContainerState(145)) - Container #1 is in OPEN state, but the datanode e0ed10f2-3224-42fb-9fee-fcf0e55d7c66{ip: 192.168.164.194, host: pr-hdds-1569-mb8zc-4097773718, networkLocation: /default-rack, certSerialId: null} reports an CLOSED replica.
2019-10-24 07:34:01,412 [EventQueue-ContainerReportForContainerReportHandler] WARN  container.ContainerReportHandler (AbstractContainerReportHandler.java:updateContainerState(145)) - Container #1 is in OPEN state, but the datanode 1511a8b7-2741-4c2d-9317-1899631fe9c9{ip: 192.168.164.194, host: pr-hdds-1569-mb8zc-4097773718, networkLocation: /default-rack, certSerialId: null} reports an CLOSED replica.
2019-10-24 07:34:01,437 [BlockDeletingService#2] WARN  background.BlockDeletingService (BlockDeletingService.java:isDeletionAllowed(187)) - Close Container log Index 6 is not replicated across allthe servers in the pipeline c690a9b5-90d2-4057-86e6-870f7e70d6b1 as the min replicated index is 4. Deletion is not allowed in this container yet.
2019-10-24 07:34:01,437 [BlockDeletingService#2] WARN  background.BlockDeletingService (BlockDeletingService.java:isDeletionAllowed(187)) - Close Container log Index 6 is not replicated across allthe servers in the pipeline c690a9b5-90d2-4057-86e6-870f7e70d6b1 as the min replicated index is 4. Deletion is not allowed in this container yet.
2019-10-24 07:34:01,445 [EventQueue-ContainerReportForContainerReportHandler] WARN  container.ContainerReportHandler (AbstractContainerReportHandler.java:updateContainerState(145)) - Container #1 is in OPEN state, but the datanode e0ed10f2-3224-42fb-9fee-fcf0e55d7c66{ip: 192.168.164.194, host: pr-hdds-1569-mb8zc-4097773718, networkLocation: /default-rack, certSerialId: null} reports an CLOSED replica.
2019-10-24 07:34:01,612 [EventQueue-ContainerReportForContainerReportHandler] WARN  container.ContainerReportHandler (AbstractContainerReportHandler.java:updateContainerState(145)) - Container #1 is in OPEN state, but the datanode 1511a8b7-2741-4c2d-9317-1899631fe9c9{ip: 192.168.164.194, host: pr-hdds-1569-mb8zc-4097773718, networkLocation: /default-rack, certSerialId: null} reports an CLOSED replica.
2019-10-24 07:34:01,766 [grpc-default-executor-2] WARN  server.GrpcLogAppender (LogUtils.java:warn(134)) - e0ed10f2-3224-42fb-9fee-fcf0e55d7c66@group-870F7E70D6B1->6f89809c-7abc-423e-b97b-03c6b4343e46-AppendLogResponseHandler: Failed appendEntries: org.apache.ratis.thirdparty.io.grpc.StatusRuntimeException: UNAVAILABLE: io exception
2019-10-24 07:34:01,766 [grpc-default-executor-2] INFO  impl.FollowerInfo (FollowerInfo.java:lambda$new$0(51)) - e0ed10f2-3224-42fb-9fee-fcf0e55d7c66@group-870F7E70D6B1->6f89809c-7abc-423e-b97b-03c6b4343e46: nextIndex: updateUnconditionally 0 -> 0
2019-10-24 07:34:01,844 [EventQueue-ContainerReportForContainerReportHandler] WARN  container.ContainerReportHandler (AbstractContainerReportHandler.java:updateContainerState(145)) - Container #1 is in OPEN state, but the datanode e0ed10f2-3224-42fb-9fee-fcf0e55d7c66{ip: 192.168.164.194, host: pr-hdds-1569-mb8zc-4097773718, networkLocation: /default-rack, certSerialId: null} reports an CLOSED replica.
2019-10-24 07:34:01,912 [EventQueue-ContainerReportForContainerReportHandler] WARN  container.ContainerReportHandler (AbstractContainerReportHandler.java:updateContainerState(145)) - Container #1 is in OPEN state, but the datanode 1511a8b7-2741-4c2d-9317-1899631fe9c9{ip: 192.168.164.194, host: pr-hdds-1569-mb8zc-4097773718, networkLocation: /default-rack, certSerialId: null} reports an CLOSED replica.
2019-10-24 07:34:02,112 [EventQueue-ContainerReportForContainerReportHandler] WARN  container.ContainerReportHandler (AbstractContainerReportHandler.java:updateContainerState(145)) - Container #1 is in OPEN state, but the datanode 1511a8b7-2741-4c2d-9317-1899631fe9c9{ip: 192.168.164.194, host: pr-hdds-1569-mb8zc-4097773718, networkLocation: /default-rack, certSerialId: null} reports an CLOSED replica.
2019-10-24 07:34:02,144 [EventQueue-ContainerReportForContainerReportHandler] WARN  container.ContainerReportHandler (AbstractContainerReportHandler.java:updateContainerState(145)) - Container #1 is in OPEN state, but the datanode e0ed10f2-3224-42fb-9fee-fcf0e55d7c66{ip: 192.168.164.194, host: pr-hdds-1569-mb8zc-4097773718, networkLocation: /default-rack, certSerialId: null} reports an CLOSED replica.
2019-10-24 07:34:02,413 [EventQueue-ContainerReportForContainerReportHandler] WARN  container.ContainerReportHandler (AbstractContainerReportHandler.java:updateContainerState(145)) - Container #1 is in OPEN state, but the datanode 1511a8b7-2741-4c2d-9317-1899631fe9c9{ip: 192.168.164.194, host: pr-hdds-1569-mb8zc-4097773718, networkLocation: /default-rack, certSerialId: null} reports an CLOSED replica.
2019-10-24 07:34:02,439 [BlockDeletingService#2] WARN  background.BlockDeletingService (BlockDeletingService.java:isDeletionAllowed(187)) - Close Container log Index 6 is not replicated across allthe servers in the pipeline c690a9b5-90d2-4057-86e6-870f7e70d6b1 as the min replicated index is 4. Deletion is not allowed in this container yet.
2019-10-24 07:34:02,439 [BlockDeletingService#2] WARN  background.BlockDeletingService (BlockDeletingService.java:isDeletionAllowed(187)) - Close Container log Index 6 is not replicated across allthe servers in the pipeline c690a9b5-90d2-4057-86e6-870f7e70d6b1 as the min replicated index is 4. Deletion is not allowed in this container yet.
2019-10-24 07:34:02,445 [EventQueue-ContainerReportForContainerReportHandler] WARN  container.ContainerReportHandler (AbstractContainerReportHandler.java:updateContainerState(145)) - Container #1 is in OPEN state, but the datanode e0ed10f2-3224-42fb-9fee-fcf0e55d7c66{ip: 192.168.164.194, host: pr-hdds-1569-mb8zc-4097773718, networkLocation: /default-rack, certSerialId: null} reports an CLOSED replica.
2019-10-24 07:34:02,714 [EventQueue-ContainerReportForContainerReportHandler] WARN  container.ContainerReportHandler (AbstractContainerReportHandler.java:updateContainerState(145)) - Container #1 is in OPEN state, but the datanode 1511a8b7-2741-4c2d-9317-1899631fe9c9{ip: 192.168.164.194, host: pr-hdds-1569-mb8zc-4097773718, networkLocation: /default-rack, certSerialId: null} reports an CLOSED replica.
2019-10-24 07:34:02,746 [EventQueue-ContainerReportForContainerReportHandler] WARN  container.ContainerReportHandler (AbstractContainerReportHandler.java:updateContainerState(145)) - Container #1 is in OPEN state, but the datanode e0ed10f2-3224-42fb-9fee-fcf0e55d7c66{ip: 192.168.164.194, host: pr-hdds-1569-mb8zc-4097773718, networkLocation: /default-rack, certSerialId: null} reports an CLOSED replica.
2019-10-24 07:34:02,838 [grpc-default-executor-2] WARN  server.GrpcLogAppender (LogUtils.java:warn(134)) - 1511a8b7-2741-4c2d-9317-1899631fe9c9@group-AC59B62BA460->6f89809c-7abc-423e-b97b-03c6b4343e46-AppendLogResponseHandler: Failed appendEntries: org.apache.ratis.thirdparty.io.grpc.StatusRuntimeException: UNAVAILABLE: io exception
2019-10-24 07:34:02,839 [grpc-default-executor-2] INFO  impl.FollowerInfo (FollowerInfo.java:lambda$new$0(51)) - 1511a8b7-2741-4c2d-9317-1899631fe9c9@group-AC59B62BA460->6f89809c-7abc-423e-b97b-03c6b4343e46: nextIndex: updateUnconditionally 0 -> 0
2019-10-24 07:34:02,914 [EventQueue-ContainerReportForContainerReportHandler] WARN  container.ContainerReportHandler (AbstractContainerReportHandler.java:updateContainerState(145)) - Container #1 is in OPEN state, but the datanode 1511a8b7-2741-4c2d-9317-1899631fe9c9{ip: 192.168.164.194, host: pr-hdds-1569-mb8zc-4097773718, networkLocation: /default-rack, certSerialId: null} reports an CLOSED replica.
2019-10-24 07:34:03,148 [EventQueue-ContainerReportForContainerReportHandler] WARN  container.ContainerReportHandler (AbstractContainerReportHandler.java:updateContainerState(145)) - Container #1 is in OPEN state, but the datanode e0ed10f2-3224-42fb-9fee-fcf0e55d7c66{ip: 192.168.164.194, host: pr-hdds-1569-mb8zc-4097773718, networkLocation: /default-rack, certSerialId: null} reports an CLOSED replica.
2019-10-24 07:34:03,214 [EventQueue-ContainerReportForContainerReportHandler] WARN  container.ContainerReportHandler (AbstractContainerReportHandler.java:updateContainerState(145)) - Container #1 is in OPEN state, but the datanode 1511a8b7-2741-4c2d-9317-1899631fe9c9{ip: 192.168.164.194, host: pr-hdds-1569-mb8zc-4097773718, networkLocation: /default-rack, certSerialId: null} reports an CLOSED replica.
2019-10-24 07:34:03,348 [EventQueue-ContainerReportForContainerReportHandler] WARN  container.ContainerReportHandler (AbstractContainerReportHandler.java:updateContainerState(145)) - Container #1 is in OPEN state, but the datanode e0ed10f2-3224-42fb-9fee-fcf0e55d7c66{ip: 192.168.164.194, host: pr-hdds-1569-mb8zc-4097773718, networkLocation: /default-rack, certSerialId: null} reports an CLOSED replica.
2019-10-24 07:34:03,441 [BlockDeletingService#2] WARN  background.BlockDeletingService (BlockDeletingService.java:isDeletionAllowed(187)) - Close Container log Index 6 is not replicated across allthe servers in the pipeline c690a9b5-90d2-4057-86e6-870f7e70d6b1 as the min replicated index is 4. Deletion is not allowed in this container yet.
2019-10-24 07:34:03,441 [BlockDeletingService#2] WARN  background.BlockDeletingService (BlockDeletingService.java:isDeletionAllowed(187)) - Close Container log Index 6 is not replicated across allthe servers in the pipeline c690a9b5-90d2-4057-86e6-870f7e70d6b1 as the min replicated index is 4. Deletion is not allowed in this container yet.
2019-10-24 07:34:03,515 [EventQueue-ContainerReportForContainerReportHandler] WARN  container.ContainerReportHandler (AbstractContainerReportHandler.java:updateContainerState(145)) - Container #1 is in OPEN state, but the datanode 1511a8b7-2741-4c2d-9317-1899631fe9c9{ip: 192.168.164.194, host: pr-hdds-1569-mb8zc-4097773718, networkLocation: /default-rack, certSerialId: null} reports an CLOSED replica.
2019-10-24 07:34:03,750 [EventQueue-ContainerReportForContainerReportHandler] WARN  container.ContainerReportHandler (AbstractContainerReportHandler.java:updateContainerState(145)) - Container #1 is in OPEN state, but the datanode e0ed10f2-3224-42fb-9fee-fcf0e55d7c66{ip: 192.168.164.194, host: pr-hdds-1569-mb8zc-4097773718, networkLocation: /default-rack, certSerialId: null} reports an CLOSED replica.
2019-10-24 07:34:03,815 [EventQueue-ContainerReportForContainerReportHandler] WARN  container.ContainerReportHandler (AbstractContainerReportHandler.java:updateContainerState(145)) - Container #1 is in OPEN state, but the datanode 1511a8b7-2741-4c2d-9317-1899631fe9c9{ip: 192.168.164.194, host: pr-hdds-1569-mb8zc-4097773718, networkLocation: /default-rack, certSerialId: null} reports an CLOSED replica.
2019-10-24 07:34:04,016 [EventQueue-ContainerReportForContainerReportHandler] WARN  container.ContainerReportHandler (AbstractContainerReportHandler.java:updateContainerState(145)) - Container #1 is in OPEN state, but the datanode 1511a8b7-2741-4c2d-9317-1899631fe9c9{ip: 192.168.164.194, host: pr-hdds-1569-mb8zc-4097773718, networkLocation: /default-rack, certSerialId: null} reports an CLOSED replica.
2019-10-24 07:34:04,149 [EventQueue-ContainerReportForContainerReportHandler] WARN  container.ContainerReportHandler (AbstractContainerReportHandler.java:updateContainerState(145)) - Container #1 is in OPEN state, but the datanode e0ed10f2-3224-42fb-9fee-fcf0e55d7c66{ip: 192.168.164.194, host: pr-hdds-1569-mb8zc-4097773718, networkLocation: /default-rack, certSerialId: null} reports an CLOSED replica.
2019-10-24 07:34:04,215 [EventQueue-ContainerReportForContainerReportHandler] WARN  container.ContainerReportHandler (AbstractContainerReportHandler.java:updateContainerState(145)) - Container #1 is in OPEN state, but the datanode 1511a8b7-2741-4c2d-9317-1899631fe9c9{ip: 192.168.164.194, host: pr-hdds-1569-mb8zc-4097773718, networkLocation: /default-rack, certSerialId: null} reports an CLOSED replica.
2019-10-24 07:34:04,269 [grpc-default-executor-2] WARN  server.GrpcLogAppender (LogUtils.java:warn(134)) - e0ed10f2-3224-42fb-9fee-fcf0e55d7c66@group-870F7E70D6B1->6f89809c-7abc-423e-b97b-03c6b4343e46-AppendLogResponseHandler: Failed appendEntries: org.apache.ratis.thirdparty.io.grpc.StatusRuntimeException: UNAVAILABLE: io exception
2019-10-24 07:34:04,269 [grpc-default-executor-2] INFO  impl.FollowerInfo (FollowerInfo.java:lambda$new$0(51)) - e0ed10f2-3224-42fb-9fee-fcf0e55d7c66@group-870F7E70D6B1->6f89809c-7abc-423e-b97b-03c6b4343e46: nextIndex: updateUnconditionally 0 -> 0
2019-10-24 07:34:04,349 [EventQueue-ContainerReportForContainerReportHandler] WARN  container.ContainerReportHandler (AbstractContainerReportHandler.java:updateContainerState(145)) - Container #1 is in OPEN state, but the datanode e0ed10f2-3224-42fb-9fee-fcf0e55d7c66{ip: 192.168.164.194, host: pr-hdds-1569-mb8zc-4097773718, networkLocation: /default-rack, certSerialId: null} reports an CLOSED replica.
2019-10-24 07:34:04,442 [BlockDeletingService#2] WARN  background.BlockDeletingService (BlockDeletingService.java:isDeletionAllowed(187)) - Close Container log Index 6 is not replicated across allthe servers in the pipeline c690a9b5-90d2-4057-86e6-870f7e70d6b1 as the min replicated index is 4. Deletion is not allowed in this container yet.
2019-10-24 07:34:04,442 [BlockDeletingService#2] WARN  background.BlockDeletingService (BlockDeletingService.java:isDeletionAllowed(187)) - Close Container log Index 6 is not replicated across allthe servers in the pipeline c690a9b5-90d2-4057-86e6-870f7e70d6b1 as the min replicated index is 4. Deletion is not allowed in this container yet.
2019-10-24 07:34:04,520 [EventQueue-ContainerReportForContainerReportHandler] WARN  container.ContainerReportHandler (AbstractContainerReportHandler.java:updateContainerState(145)) - Container #1 is in OPEN state, but the datanode 1511a8b7-2741-4c2d-9317-1899631fe9c9{ip: 192.168.164.194, host: pr-hdds-1569-mb8zc-4097773718, networkLocation: /default-rack, certSerialId: null} reports an CLOSED replica.
2019-10-24 07:34:04,649 [EventQueue-ContainerReportForContainerReportHandler] WARN  container.ContainerReportHandler (AbstractContainerReportHandler.java:updateContainerState(145)) - Container #1 is in OPEN state, but the datanode e0ed10f2-3224-42fb-9fee-fcf0e55d7c66{ip: 192.168.164.194, host: pr-hdds-1569-mb8zc-4097773718, networkLocation: /default-rack, certSerialId: null} reports an CLOSED replica.
2019-10-24 07:34:04,819 [EventQueue-ContainerReportForContainerReportHandler] WARN  container.ContainerReportHandler (AbstractContainerReportHandler.java:updateContainerState(145)) - Container #1 is in OPEN state, but the datanode 1511a8b7-2741-4c2d-9317-1899631fe9c9{ip: 192.168.164.194, host: pr-hdds-1569-mb8zc-4097773718, networkLocation: /default-rack, certSerialId: null} reports an CLOSED replica.
2019-10-24 07:34:04,951 [EventQueue-ContainerReportForContainerReportHandler] WARN  container.ContainerReportHandler (AbstractContainerReportHandler.java:updateContainerState(145)) - Container #1 is in OPEN state, but the datanode e0ed10f2-3224-42fb-9fee-fcf0e55d7c66{ip: 192.168.164.194, host: pr-hdds-1569-mb8zc-4097773718, networkLocation: /default-rack, certSerialId: null} reports an CLOSED replica.
2019-10-24 07:34:05,119 [EventQueue-ContainerReportForContainerReportHandler] WARN  container.ContainerReportHandler (AbstractContainerReportHandler.java:updateContainerState(145)) - Container #1 is in OPEN state, but the datanode 1511a8b7-2741-4c2d-9317-1899631fe9c9{ip: 192.168.164.194, host: pr-hdds-1569-mb8zc-4097773718, networkLocation: /default-rack, certSerialId: null} reports an CLOSED replica.
2019-10-24 07:34:05,151 [EventQueue-ContainerReportForContainerReportHandler] WARN  container.ContainerReportHandler (AbstractContainerReportHandler.java:updateContainerState(145)) - Container #1 is in OPEN state, but the datanode e0ed10f2-3224-42fb-9fee-fcf0e55d7c66{ip: 192.168.164.194, host: pr-hdds-1569-mb8zc-4097773718, networkLocation: /default-rack, certSerialId: null} reports an CLOSED replica.
2019-10-24 07:34:05,341 [grpc-default-executor-0] WARN  server.GrpcLogAppender (LogUtils.java:warn(134)) - 1511a8b7-2741-4c2d-9317-1899631fe9c9@group-AC59B62BA460->6f89809c-7abc-423e-b97b-03c6b4343e46-AppendLogResponseHandler: Failed appendEntries: org.apache.ratis.thirdparty.io.grpc.StatusRuntimeException: UNAVAILABLE: io exception
2019-10-24 07:34:05,342 [grpc-default-executor-0] INFO  impl.FollowerInfo (FollowerInfo.java:lambda$new$0(51)) - 1511a8b7-2741-4c2d-9317-1899631fe9c9@group-AC59B62BA460->6f89809c-7abc-423e-b97b-03c6b4343e46: nextIndex: updateUnconditionally 0 -> 0
2019-10-24 07:34:05,351 [EventQueue-ContainerReportForContainerReportHandler] WARN  container.ContainerReportHandler (AbstractContainerReportHandler.java:updateContainerState(145)) - Container #1 is in OPEN state, but the datanode e0ed10f2-3224-42fb-9fee-fcf0e55d7c66{ip: 192.168.164.194, host: pr-hdds-1569-mb8zc-4097773718, networkLocation: /default-rack, certSerialId: null} reports an CLOSED replica.
2019-10-24 07:34:05,419 [EventQueue-ContainerReportForContainerReportHandler] WARN  container.ContainerReportHandler (AbstractContainerReportHandler.java:updateContainerState(145)) - Container #1 is in OPEN state, but the datanode 1511a8b7-2741-4c2d-9317-1899631fe9c9{ip: 192.168.164.194, host: pr-hdds-1569-mb8zc-4097773718, networkLocation: /default-rack, certSerialId: null} reports an CLOSED replica.
2019-10-24 07:34:05,423 [Thread-553] INFO  client.GrpcClientProtocolService (GrpcClientProtocolService.java:lambda$processClientRequest$0(278)) - Failed RaftClientRequest:client-950A9ED4B75C->1511a8b7-2741-4c2d-9317-1899631fe9c9@group-870F7E70D6B1, cid=13, seq=0, Watch-ALL_COMMITTED(6), Message:<EMPTY>, reply=RaftClientReply:client-950A9ED4B75C->1511a8b7-2741-4c2d-9317-1899631fe9c9@group-870F7E70D6B1, cid=13, FAILED org.apache.ratis.protocol.NotLeaderException: Server 1511a8b7-2741-4c2d-9317-1899631fe9c9@group-870F7E70D6B1 is not the leader e0ed10f2-3224-42fb-9fee-fcf0e55d7c66:192.168.164.194:44281, logIndex=0, commits[1511a8b7-2741-4c2d-9317-1899631fe9c9:c8, e0ed10f2-3224-42fb-9fee-fcf0e55d7c66:c8, 6f89809c-7abc-423e-b97b-03c6b4343e46:c4]
2019-10-24 07:34:05,444 [BlockDeletingService#2] WARN  background.BlockDeletingService (BlockDeletingService.java:isDeletionAllowed(187)) - Close Container log Index 6 is not replicated across allthe servers in the pipeline c690a9b5-90d2-4057-86e6-870f7e70d6b1 as the min replicated index is 4. Deletion is not allowed in this container yet.
2019-10-24 07:34:05,444 [BlockDeletingService#2] WARN  background.BlockDeletingService (BlockDeletingService.java:isDeletionAllowed(187)) - Close Container log Index 6 is not replicated across allthe servers in the pipeline c690a9b5-90d2-4057-86e6-870f7e70d6b1 as the min replicated index is 4. Deletion is not allowed in this container yet.
2019-10-24 07:34:05,551 [EventQueue-ContainerReportForContainerReportHandler] WARN  container.ContainerReportHandler (AbstractContainerReportHandler.java:updateContainerState(145)) - Container #1 is in OPEN state, but the datanode e0ed10f2-3224-42fb-9fee-fcf0e55d7c66{ip: 192.168.164.194, host: pr-hdds-1569-mb8zc-4097773718, networkLocation: /default-rack, certSerialId: null} reports an CLOSED replica.
2019-10-24 07:34:05,682 [Thread-558] INFO  client.GrpcClientProtocolService (GrpcClientProtocolService.java:lambda$processClientRequest$0(278)) - Failed RaftClientRequest:client-950A9ED4B75C->e0ed10f2-3224-42fb-9fee-fcf0e55d7c66@group-870F7E70D6B1, cid=13, seq=0, Watch-ALL_COMMITTED(6), Message:<EMPTY>, reply=RaftClientReply:client-950A9ED4B75C->e0ed10f2-3224-42fb-9fee-fcf0e55d7c66@group-870F7E70D6B1, cid=13, FAILED org.apache.ratis.protocol.NotReplicatedException: Request with call Id 13 and log index 6 is not yet replicated to ALL_COMMITTED, logIndex=6, commits[e0ed10f2-3224-42fb-9fee-fcf0e55d7c66:c8, 1511a8b7-2741-4c2d-9317-1899631fe9c9:c8, 6f89809c-7abc-423e-b97b-03c6b4343e46:c4]
2019-10-24 07:34:05,719 [EventQueue-ContainerReportForContainerReportHandler] WARN  container.ContainerReportHandler (AbstractContainerReportHandler.java:updateContainerState(145)) - Container #1 is in OPEN state, but the datanode 1511a8b7-2741-4c2d-9317-1899631fe9c9{ip: 192.168.164.194, host: pr-hdds-1569-mb8zc-4097773718, networkLocation: /default-rack, certSerialId: null} reports an CLOSED replica.
2019-10-24 07:34:05,851 [EventQueue-ContainerReportForContainerReportHandler] WARN  container.ContainerReportHandler (AbstractContainerReportHandler.java:updateContainerState(145)) - Container #1 is in OPEN state, but the datanode e0ed10f2-3224-42fb-9fee-fcf0e55d7c66{ip: 192.168.164.194, host: pr-hdds-1569-mb8zc-4097773718, networkLocation: /default-rack, certSerialId: null} reports an CLOSED replica.
2019-10-24 07:34:05,920 [EventQueue-ContainerReportForContainerReportHandler] WARN  container.ContainerReportHandler (AbstractContainerReportHandler.java:updateContainerState(145)) - Container #1 is in OPEN state, but the datanode 1511a8b7-2741-4c2d-9317-1899631fe9c9{ip: 192.168.164.194, host: pr-hdds-1569-mb8zc-4097773718, networkLocation: /default-rack, certSerialId: null} reports an CLOSED replica.
2019-10-24 07:34:06,151 [EventQueue-ContainerReportForContainerReportHandler] WARN  container.ContainerReportHandler (AbstractContainerReportHandler.java:updateContainerState(145)) - Container #1 is in OPEN state, but the datanode e0ed10f2-3224-42fb-9fee-fcf0e55d7c66{ip: 192.168.164.194, host: pr-hdds-1569-mb8zc-4097773718, networkLocation: /default-rack, certSerialId: null} reports an CLOSED replica.
2019-10-24 07:34:06,320 [EventQueue-ContainerReportForContainerReportHandler] WARN  container.ContainerReportHandler (AbstractContainerReportHandler.java:updateContainerState(145)) - Container #1 is in OPEN state, but the datanode 1511a8b7-2741-4c2d-9317-1899631fe9c9{ip: 192.168.164.194, host: pr-hdds-1569-mb8zc-4097773718, networkLocation: /default-rack, certSerialId: null} reports an CLOSED replica.
2019-10-24 07:34:06,445 [BlockDeletingService#2] WARN  background.BlockDeletingService (BlockDeletingService.java:isDeletionAllowed(187)) - Close Container log Index 6 is not replicated across allthe servers in the pipeline c690a9b5-90d2-4057-86e6-870f7e70d6b1 as the min replicated index is 4. Deletion is not allowed in this container yet.
2019-10-24 07:34:06,449 [BlockDeletingService#2] WARN  background.BlockDeletingService (BlockDeletingService.java:isDeletionAllowed(187)) - Close Container log Index 6 is not replicated across allthe servers in the pipeline c690a9b5-90d2-4057-86e6-870f7e70d6b1 as the min replicated index is 4. Deletion is not allowed in this container yet.
2019-10-24 07:34:06,553 [EventQueue-ContainerReportForContainerReportHandler] WARN  container.ContainerReportHandler (AbstractContainerReportHandler.java:updateContainerState(145)) - Container #1 is in OPEN state, but the datanode e0ed10f2-3224-42fb-9fee-fcf0e55d7c66{ip: 192.168.164.194, host: pr-hdds-1569-mb8zc-4097773718, networkLocation: /default-rack, certSerialId: null} reports an CLOSED replica.
2019-10-24 07:34:06,620 [EventQueue-ContainerReportForContainerReportHandler] WARN  container.ContainerReportHandler (AbstractContainerReportHandler.java:updateContainerState(145)) - Container #1 is in OPEN state, but the datanode 1511a8b7-2741-4c2d-9317-1899631fe9c9{ip: 192.168.164.194, host: pr-hdds-1569-mb8zc-4097773718, networkLocation: /default-rack, certSerialId: null} reports an CLOSED replica.
2019-10-24 07:34:06,769 [grpc-default-executor-2] WARN  server.GrpcLogAppender (LogUtils.java:warn(134)) - e0ed10f2-3224-42fb-9fee-fcf0e55d7c66@group-870F7E70D6B1->6f89809c-7abc-423e-b97b-03c6b4343e46-AppendLogResponseHandler: Failed appendEntries: org.apache.ratis.thirdparty.io.grpc.StatusRuntimeException: UNAVAILABLE: io exception
2019-10-24 07:34:06,769 [grpc-default-executor-2] INFO  impl.FollowerInfo (FollowerInfo.java:lambda$new$0(51)) - e0ed10f2-3224-42fb-9fee-fcf0e55d7c66@group-870F7E70D6B1->6f89809c-7abc-423e-b97b-03c6b4343e46: nextIndex: updateUnconditionally 0 -> 0
2019-10-24 07:34:06,855 [EventQueue-ContainerReportForContainerReportHandler] WARN  container.ContainerReportHandler (AbstractContainerReportHandler.java:updateContainerState(145)) - Container #1 is in OPEN state, but the datanode e0ed10f2-3224-42fb-9fee-fcf0e55d7c66{ip: 192.168.164.194, host: pr-hdds-1569-mb8zc-4097773718, networkLocation: /default-rack, certSerialId: null} reports an CLOSED replica.
2019-10-24 07:34:06,919 [EventQueue-ContainerReportForContainerReportHandler] WARN  container.ContainerReportHandler (AbstractContainerReportHandler.java:updateContainerState(145)) - Container #1 is in OPEN state, but the datanode 1511a8b7-2741-4c2d-9317-1899631fe9c9{ip: 192.168.164.194, host: pr-hdds-1569-mb8zc-4097773718, networkLocation: /default-rack, certSerialId: null} reports an CLOSED replica.
2019-10-24 07:34:07,119 [EventQueue-ContainerReportForContainerReportHandler] WARN  container.ContainerReportHandler (AbstractContainerReportHandler.java:updateContainerState(145)) - Container #1 is in OPEN state, but the datanode 1511a8b7-2741-4c2d-9317-1899631fe9c9{ip: 192.168.164.194, host: pr-hdds-1569-mb8zc-4097773718, networkLocation: /default-rack, certSerialId: null} reports an CLOSED replica.
2019-10-24 07:34:07,257 [EventQueue-ContainerReportForContainerReportHandler] WARN  container.ContainerReportHandler (AbstractContainerReportHandler.java:updateContainerState(145)) - Container #1 is in OPEN state, but the datanode e0ed10f2-3224-42fb-9fee-fcf0e55d7c66{ip: 192.168.164.194, host: pr-hdds-1569-mb8zc-4097773718, networkLocation: /default-rack, certSerialId: null} reports an CLOSED replica.
2019-10-24 07:34:07,448 [BlockDeletingService#2] WARN  background.BlockDeletingService (BlockDeletingService.java:isDeletionAllowed(187)) - Close Container log Index 6 is not replicated across allthe servers in the pipeline c690a9b5-90d2-4057-86e6-870f7e70d6b1 as the min replicated index is 4. Deletion is not allowed in this container yet.
2019-10-24 07:34:07,450 [BlockDeletingService#2] WARN  background.BlockDeletingService (BlockDeletingService.java:isDeletionAllowed(187)) - Close Container log Index 6 is not replicated across allthe servers in the pipeline c690a9b5-90d2-4057-86e6-870f7e70d6b1 as the min replicated index is 4. Deletion is not allowed in this container yet.
2019-10-24 07:34:07,519 [EventQueue-ContainerReportForContainerReportHandler] WARN  container.ContainerReportHandler (AbstractContainerReportHandler.java:updateContainerState(145)) - Container #1 is in OPEN state, but the datanode 1511a8b7-2741-4c2d-9317-1899631fe9c9{ip: 192.168.164.194, host: pr-hdds-1569-mb8zc-4097773718, networkLocation: /default-rack, certSerialId: null} reports an CLOSED replica.
2019-10-24 07:34:07,556 [EventQueue-ContainerReportForContainerReportHandler] WARN  container.ContainerReportHandler (AbstractContainerReportHandler.java:updateContainerState(145)) - Container #1 is in OPEN state, but the datanode e0ed10f2-3224-42fb-9fee-fcf0e55d7c66{ip: 192.168.164.194, host: pr-hdds-1569-mb8zc-4097773718, networkLocation: /default-rack, certSerialId: null} reports an CLOSED replica.
2019-10-24 07:34:07,819 [EventQueue-ContainerReportForContainerReportHandler] WARN  container.ContainerReportHandler (AbstractContainerReportHandler.java:updateContainerState(145)) - Container #1 is in OPEN state, but the datanode 1511a8b7-2741-4c2d-9317-1899631fe9c9{ip: 192.168.164.194, host: pr-hdds-1569-mb8zc-4097773718, networkLocation: /default-rack, certSerialId: null} reports an CLOSED replica.
2019-10-24 07:34:07,841 [grpc-default-executor-3] WARN  server.GrpcLogAppender (LogUtils.java:warn(134)) - 1511a8b7-2741-4c2d-9317-1899631fe9c9@group-AC59B62BA460->6f89809c-7abc-423e-b97b-03c6b4343e46-AppendLogResponseHandler: Failed appendEntries: org.apache.ratis.thirdparty.io.grpc.StatusRuntimeException: UNAVAILABLE: io exception
2019-10-24 07:34:07,841 [grpc-default-executor-3] INFO  impl.FollowerInfo (FollowerInfo.java:lambda$new$0(51)) - 1511a8b7-2741-4c2d-9317-1899631fe9c9@group-AC59B62BA460->6f89809c-7abc-423e-b97b-03c6b4343e46: nextIndex: updateUnconditionally 0 -> 0
2019-10-24 07:34:07,856 [EventQueue-ContainerReportForContainerReportHandler] WARN  container.ContainerReportHandler (AbstractContainerReportHandler.java:updateContainerState(145)) - Container #1 is in OPEN state, but the datanode e0ed10f2-3224-42fb-9fee-fcf0e55d7c66{ip: 192.168.164.194, host: pr-hdds-1569-mb8zc-4097773718, networkLocation: /default-rack, certSerialId: null} reports an CLOSED replica.
2019-10-24 07:34:08,020 [EventQueue-ContainerReportForContainerReportHandler] WARN  container.ContainerReportHandler (AbstractContainerReportHandler.java:updateContainerState(145)) - Container #1 is in OPEN state, but the datanode 1511a8b7-2741-4c2d-9317-1899631fe9c9{ip: 192.168.164.194, host: pr-hdds-1569-mb8zc-4097773718, networkLocation: /default-rack, certSerialId: null} reports an CLOSED replica.
2019-10-24 07:34:08,156 [EventQueue-ContainerReportForContainerReportHandler] WARN  container.ContainerReportHandler (AbstractContainerReportHandler.java:updateContainerState(145)) - Container #1 is in OPEN state, but the datanode e0ed10f2-3224-42fb-9fee-fcf0e55d7c66{ip: 192.168.164.194, host: pr-hdds-1569-mb8zc-4097773718, networkLocation: /default-rack, certSerialId: null} reports an CLOSED replica.
2019-10-24 07:34:08,419 [EventQueue-ContainerReportForContainerReportHandler] WARN  container.ContainerReportHandler (AbstractContainerReportHandler.java:updateContainerState(145)) - Container #1 is in OPEN state, but the datanode 1511a8b7-2741-4c2d-9317-1899631fe9c9{ip: 192.168.164.194, host: pr-hdds-1569-mb8zc-4097773718, networkLocation: /default-rack, certSerialId: null} reports an CLOSED replica.
2019-10-24 07:34:08,450 [BlockDeletingService#2] WARN  background.BlockDeletingService (BlockDeletingService.java:isDeletionAllowed(187)) - Close Container log Index 6 is not replicated across allthe servers in the pipeline c690a9b5-90d2-4057-86e6-870f7e70d6b1 as the min replicated index is 4. Deletion is not allowed in this container yet.
2019-10-24 07:34:08,451 [BlockDeletingService#2] WARN  background.BlockDeletingService (BlockDeletingService.java:isDeletionAllowed(187)) - Close Container log Index 6 is not replicated across allthe servers in the pipeline c690a9b5-90d2-4057-86e6-870f7e70d6b1 as the min replicated index is 4. Deletion is not allowed in this container yet.
2019-10-24 07:34:08,556 [EventQueue-ContainerReportForContainerReportHandler] WARN  container.ContainerReportHandler (AbstractContainerReportHandler.java:updateContainerState(145)) - Container #1 is in OPEN state, but the datanode e0ed10f2-3224-42fb-9fee-fcf0e55d7c66{ip: 192.168.164.194, host: pr-hdds-1569-mb8zc-4097773718, networkLocation: /default-rack, certSerialId: null} reports an CLOSED replica.
2019-10-24 07:34:08,619 [EventQueue-ContainerReportForContainerReportHandler] WARN  container.ContainerReportHandler (AbstractContainerReportHandler.java:updateContainerState(145)) - Container #1 is in OPEN state, but the datanode 1511a8b7-2741-4c2d-9317-1899631fe9c9{ip: 192.168.164.194, host: pr-hdds-1569-mb8zc-4097773718, networkLocation: /default-rack, certSerialId: null} reports an CLOSED replica.
2019-10-24 07:34:08,957 [EventQueue-ContainerReportForContainerReportHandler] WARN  container.ContainerReportHandler (AbstractContainerReportHandler.java:updateContainerState(145)) - Container #1 is in OPEN state, but the datanode e0ed10f2-3224-42fb-9fee-fcf0e55d7c66{ip: 192.168.164.194, host: pr-hdds-1569-mb8zc-4097773718, networkLocation: /default-rack, certSerialId: null} reports an CLOSED replica.
2019-10-24 07:34:09,019 [EventQueue-ContainerReportForContainerReportHandler] WARN  container.ContainerReportHandler (AbstractContainerReportHandler.java:updateContainerState(145)) - Container #1 is in OPEN state, but the datanode 1511a8b7-2741-4c2d-9317-1899631fe9c9{ip: 192.168.164.194, host: pr-hdds-1569-mb8zc-4097773718, networkLocation: /default-rack, certSerialId: null} reports an CLOSED replica.
2019-10-24 07:34:09,159 [EventQueue-ContainerReportForContainerReportHandler] WARN  container.ContainerReportHandler (AbstractContainerReportHandler.java:updateContainerState(145)) - Container #1 is in OPEN state, but the datanode e0ed10f2-3224-42fb-9fee-fcf0e55d7c66{ip: 192.168.164.194, host: pr-hdds-1569-mb8zc-4097773718, networkLocation: /default-rack, certSerialId: null} reports an CLOSED replica.
2019-10-24 07:34:09,270 [grpc-default-executor-0] WARN  server.GrpcLogAppender (LogUtils.java:warn(134)) - e0ed10f2-3224-42fb-9fee-fcf0e55d7c66@group-870F7E70D6B1->6f89809c-7abc-423e-b97b-03c6b4343e46-AppendLogResponseHandler: Failed appendEntries: org.apache.ratis.thirdparty.io.grpc.StatusRuntimeException: UNAVAILABLE: io exception
2019-10-24 07:34:09,270 [grpc-default-executor-0] INFO  impl.FollowerInfo (FollowerInfo.java:lambda$new$0(51)) - e0ed10f2-3224-42fb-9fee-fcf0e55d7c66@group-870F7E70D6B1->6f89809c-7abc-423e-b97b-03c6b4343e46: nextIndex: updateUnconditionally 0 -> 0
2019-10-24 07:34:09,320 [EventQueue-ContainerReportForContainerReportHandler] WARN  container.ContainerReportHandler (AbstractContainerReportHandler.java:updateContainerState(145)) - Container #1 is in OPEN state, but the datanode 1511a8b7-2741-4c2d-9317-1899631fe9c9{ip: 192.168.164.194, host: pr-hdds-1569-mb8zc-4097773718, networkLocation: /default-rack, certSerialId: null} reports an CLOSED replica.
2019-10-24 07:34:09,451 [BlockDeletingService#2] WARN  background.BlockDeletingService (BlockDeletingService.java:isDeletionAllowed(187)) - Close Container log Index 6 is not replicated across allthe servers in the pipeline c690a9b5-90d2-4057-86e6-870f7e70d6b1 as the min replicated index is 4. Deletion is not allowed in this container yet.
2019-10-24 07:34:09,452 [BlockDeletingService#2] WARN  background.BlockDeletingService (BlockDeletingService.java:isDeletionAllowed(187)) - Close Container log Index 6 is not replicated across allthe servers in the pipeline c690a9b5-90d2-4057-86e6-870f7e70d6b1 as the min replicated index is 4. Deletion is not allowed in this container yet.
2019-10-24 07:34:09,460 [EventQueue-ContainerReportForContainerReportHandler] WARN  container.ContainerReportHandler (AbstractContainerReportHandler.java:updateContainerState(145)) - Container #1 is in OPEN state, but the datanode e0ed10f2-3224-42fb-9fee-fcf0e55d7c66{ip: 192.168.164.194, host: pr-hdds-1569-mb8zc-4097773718, networkLocation: /default-rack, certSerialId: null} reports an CLOSED replica.
2019-10-24 07:34:09,621 [EventQueue-ContainerReportForContainerReportHandler] WARN  container.ContainerReportHandler (AbstractContainerReportHandler.java:updateContainerState(145)) - Container #1 is in OPEN state, but the datanode 1511a8b7-2741-4c2d-9317-1899631fe9c9{ip: 192.168.164.194, host: pr-hdds-1569-mb8zc-4097773718, networkLocation: /default-rack, certSerialId: null} reports an CLOSED replica.
2019-10-24 07:34:09,660 [EventQueue-ContainerReportForContainerReportHandler] WARN  container.ContainerReportHandler (AbstractContainerReportHandler.java:updateContainerState(145)) - Container #1 is in OPEN state, but the datanode e0ed10f2-3224-42fb-9fee-fcf0e55d7c66{ip: 192.168.164.194, host: pr-hdds-1569-mb8zc-4097773718, networkLocation: /default-rack, certSerialId: null} reports an CLOSED replica.
2019-10-24 07:34:09,921 [EventQueue-ContainerReportForContainerReportHandler] WARN  container.ContainerReportHandler (AbstractContainerReportHandler.java:updateContainerState(145)) - Container #1 is in OPEN state, but the datanode 1511a8b7-2741-4c2d-9317-1899631fe9c9{ip: 192.168.164.194, host: pr-hdds-1569-mb8zc-4097773718, networkLocation: /default-rack, certSerialId: null} reports an CLOSED replica.
2019-10-24 07:34:09,960 [EventQueue-ContainerReportForContainerReportHandler] WARN  container.ContainerReportHandler (AbstractContainerReportHandler.java:updateContainerState(145)) - Container #1 is in OPEN state, but the datanode e0ed10f2-3224-42fb-9fee-fcf0e55d7c66{ip: 192.168.164.194, host: pr-hdds-1569-mb8zc-4097773718, networkLocation: /default-rack, certSerialId: null} reports an CLOSED replica.
2019-10-24 07:34:10,122 [EventQueue-ContainerReportForContainerReportHandler] WARN  container.ContainerReportHandler (AbstractContainerReportHandler.java:updateContainerState(145)) - Container #1 is in OPEN state, but the datanode 1511a8b7-2741-4c2d-9317-1899631fe9c9{ip: 192.168.164.194, host: pr-hdds-1569-mb8zc-4097773718, networkLocation: /default-rack, certSerialId: null} reports an CLOSED replica.
2019-10-24 07:34:10,159 [EventQueue-ContainerReportForContainerReportHandler] WARN  container.ContainerReportHandler (AbstractContainerReportHandler.java:updateContainerState(145)) - Container #1 is in OPEN state, but the datanode e0ed10f2-3224-42fb-9fee-fcf0e55d7c66{ip: 192.168.164.194, host: pr-hdds-1569-mb8zc-4097773718, networkLocation: /default-rack, certSerialId: null} reports an CLOSED replica.
2019-10-24 07:34:10,342 [grpc-default-executor-2] WARN  server.GrpcLogAppender (LogUtils.java:warn(134)) - 1511a8b7-2741-4c2d-9317-1899631fe9c9@group-AC59B62BA460->6f89809c-7abc-423e-b97b-03c6b4343e46-AppendLogResponseHandler: Failed appendEntries: org.apache.ratis.thirdparty.io.grpc.StatusRuntimeException: UNAVAILABLE: io exception
2019-10-24 07:34:10,342 [grpc-default-executor-2] INFO  impl.FollowerInfo (FollowerInfo.java:lambda$new$0(51)) - 1511a8b7-2741-4c2d-9317-1899631fe9c9@group-AC59B62BA460->6f89809c-7abc-423e-b97b-03c6b4343e46: nextIndex: updateUnconditionally 0 -> 0
2019-10-24 07:34:10,423 [EventQueue-ContainerReportForContainerReportHandler] WARN  container.ContainerReportHandler (AbstractContainerReportHandler.java:updateContainerState(145)) - Container #1 is in OPEN state, but the datanode 1511a8b7-2741-4c2d-9317-1899631fe9c9{ip: 192.168.164.194, host: pr-hdds-1569-mb8zc-4097773718, networkLocation: /default-rack, certSerialId: null} reports an CLOSED replica.
2019-10-24 07:34:10,452 [BlockDeletingService#2] WARN  background.BlockDeletingService (BlockDeletingService.java:isDeletionAllowed(187)) - Close Container log Index 6 is not replicated across allthe servers in the pipeline c690a9b5-90d2-4057-86e6-870f7e70d6b1 as the min replicated index is 4. Deletion is not allowed in this container yet.
2019-10-24 07:34:10,453 [BlockDeletingService#2] WARN  background.BlockDeletingService (BlockDeletingService.java:isDeletionAllowed(187)) - Close Container log Index 6 is not replicated across allthe servers in the pipeline c690a9b5-90d2-4057-86e6-870f7e70d6b1 as the min replicated index is 4. Deletion is not allowed in this container yet.
2019-10-24 07:34:10,459 [EventQueue-ContainerReportForContainerReportHandler] WARN  container.ContainerReportHandler (AbstractContainerReportHandler.java:updateContainerState(145)) - Container #1 is in OPEN state, but the datanode e0ed10f2-3224-42fb-9fee-fcf0e55d7c66{ip: 192.168.164.194, host: pr-hdds-1569-mb8zc-4097773718, networkLocation: /default-rack, certSerialId: null} reports an CLOSED replica.
2019-10-24 07:34:10,723 [EventQueue-ContainerReportForContainerReportHandler] WARN  container.ContainerReportHandler (AbstractContainerReportHandler.java:updateContainerState(145)) - Container #1 is in OPEN state, but the datanode 1511a8b7-2741-4c2d-9317-1899631fe9c9{ip: 192.168.164.194, host: pr-hdds-1569-mb8zc-4097773718, networkLocation: /default-rack, certSerialId: null} reports an CLOSED replica.
2019-10-24 07:34:10,759 [EventQueue-ContainerReportForContainerReportHandler] WARN  container.ContainerReportHandler (AbstractContainerReportHandler.java:updateContainerState(145)) - Container #1 is in OPEN state, but the datanode e0ed10f2-3224-42fb-9fee-fcf0e55d7c66{ip: 192.168.164.194, host: pr-hdds-1569-mb8zc-4097773718, networkLocation: /default-rack, certSerialId: null} reports an CLOSED replica.
2019-10-24 07:34:11,060 [EventQueue-ContainerReportForContainerReportHandler] WARN  container.ContainerReportHandler (AbstractContainerReportHandler.java:updateContainerState(145)) - Container #1 is in OPEN state, but the datanode e0ed10f2-3224-42fb-9fee-fcf0e55d7c66{ip: 192.168.164.194, host: pr-hdds-1569-mb8zc-4097773718, networkLocation: /default-rack, certSerialId: null} reports an CLOSED replica.
2019-10-24 07:34:11,122 [EventQueue-ContainerReportForContainerReportHandler] WARN  container.ContainerReportHandler (AbstractContainerReportHandler.java:updateContainerState(145)) - Container #1 is in OPEN state, but the datanode 1511a8b7-2741-4c2d-9317-1899631fe9c9{ip: 192.168.164.194, host: pr-hdds-1569-mb8zc-4097773718, networkLocation: /default-rack, certSerialId: null} reports an CLOSED replica.
2019-10-24 07:34:11,359 [EventQueue-ContainerReportForContainerReportHandler] WARN  container.ContainerReportHandler (AbstractContainerReportHandler.java:updateContainerState(145)) - Container #1 is in OPEN state, but the datanode e0ed10f2-3224-42fb-9fee-fcf0e55d7c66{ip: 192.168.164.194, host: pr-hdds-1569-mb8zc-4097773718, networkLocation: /default-rack, certSerialId: null} reports an CLOSED replica.
2019-10-24 07:34:11,422 [EventQueue-ContainerReportForContainerReportHandler] WARN  container.ContainerReportHandler (AbstractContainerReportHandler.java:updateContainerState(145)) - Container #1 is in OPEN state, but the datanode 1511a8b7-2741-4c2d-9317-1899631fe9c9{ip: 192.168.164.194, host: pr-hdds-1569-mb8zc-4097773718, networkLocation: /default-rack, certSerialId: null} reports an CLOSED replica.
2019-10-24 07:34:11,454 [BlockDeletingService#2] WARN  background.BlockDeletingService (BlockDeletingService.java:isDeletionAllowed(187)) - Close Container log Index 6 is not replicated across allthe servers in the pipeline c690a9b5-90d2-4057-86e6-870f7e70d6b1 as the min replicated index is 4. Deletion is not allowed in this container yet.
2019-10-24 07:34:11,454 [BlockDeletingService#2] WARN  background.BlockDeletingService (BlockDeletingService.java:isDeletionAllowed(187)) - Close Container log Index 6 is not replicated across allthe servers in the pipeline c690a9b5-90d2-4057-86e6-870f7e70d6b1 as the min replicated index is 4. Deletion is not allowed in this container yet.
2019-10-24 07:34:11,659 [EventQueue-ContainerReportForContainerReportHandler] WARN  container.ContainerReportHandler (AbstractContainerReportHandler.java:updateContainerState(145)) - Container #1 is in OPEN state, but the datanode e0ed10f2-3224-42fb-9fee-fcf0e55d7c66{ip: 192.168.164.194, host: pr-hdds-1569-mb8zc-4097773718, networkLocation: /default-rack, certSerialId: null} reports an CLOSED replica.
2019-10-24 07:34:11,722 [EventQueue-ContainerReportForContainerReportHandler] WARN  container.ContainerReportHandler (AbstractContainerReportHandler.java:updateContainerState(145)) - Container #1 is in OPEN state, but the datanode 1511a8b7-2741-4c2d-9317-1899631fe9c9{ip: 192.168.164.194, host: pr-hdds-1569-mb8zc-4097773718, networkLocation: /default-rack, certSerialId: null} reports an CLOSED replica.
2019-10-24 07:34:11,771 [grpc-default-executor-3] WARN  server.GrpcLogAppender (LogUtils.java:warn(134)) - e0ed10f2-3224-42fb-9fee-fcf0e55d7c66@group-870F7E70D6B1->6f89809c-7abc-423e-b97b-03c6b4343e46-AppendLogResponseHandler: Failed appendEntries: org.apache.ratis.thirdparty.io.grpc.StatusRuntimeException: UNAVAILABLE: io exception
2019-10-24 07:34:11,771 [grpc-default-executor-3] INFO  impl.FollowerInfo (FollowerInfo.java:lambda$new$0(51)) - e0ed10f2-3224-42fb-9fee-fcf0e55d7c66@group-870F7E70D6B1->6f89809c-7abc-423e-b97b-03c6b4343e46: nextIndex: updateUnconditionally 0 -> 0
2019-10-24 07:34:12,023 [EventQueue-ContainerReportForContainerReportHandler] WARN  container.ContainerReportHandler (AbstractContainerReportHandler.java:updateContainerState(145)) - Container #1 is in OPEN state, but the datanode 1511a8b7-2741-4c2d-9317-1899631fe9c9{ip: 192.168.164.194, host: pr-hdds-1569-mb8zc-4097773718, networkLocation: /default-rack, certSerialId: null} reports an CLOSED replica.
2019-10-24 07:34:12,059 [EventQueue-ContainerReportForContainerReportHandler] WARN  container.ContainerReportHandler (AbstractContainerReportHandler.java:updateContainerState(145)) - Container #1 is in OPEN state, but the datanode e0ed10f2-3224-42fb-9fee-fcf0e55d7c66{ip: 192.168.164.194, host: pr-hdds-1569-mb8zc-4097773718, networkLocation: /default-rack, certSerialId: null} reports an CLOSED replica.
2019-10-24 07:34:12,359 [EventQueue-ContainerReportForContainerReportHandler] WARN  container.ContainerReportHandler (AbstractContainerReportHandler.java:updateContainerState(145)) - Container #1 is in OPEN state, but the datanode e0ed10f2-3224-42fb-9fee-fcf0e55d7c66{ip: 192.168.164.194, host: pr-hdds-1569-mb8zc-4097773718, networkLocation: /default-rack, certSerialId: null} reports an CLOSED replica.
2019-10-24 07:34:12,423 [EventQueue-ContainerReportForContainerReportHandler] WARN  container.ContainerReportHandler (AbstractContainerReportHandler.java:updateContainerState(145)) - Container #1 is in OPEN state, but the datanode 1511a8b7-2741-4c2d-9317-1899631fe9c9{ip: 192.168.164.194, host: pr-hdds-1569-mb8zc-4097773718, networkLocation: /default-rack, certSerialId: null} reports an CLOSED replica.
2019-10-24 07:34:12,456 [BlockDeletingService#2] WARN  background.BlockDeletingService (BlockDeletingService.java:isDeletionAllowed(187)) - Close Container log Index 6 is not replicated across allthe servers in the pipeline c690a9b5-90d2-4057-86e6-870f7e70d6b1 as the min replicated index is 4. Deletion is not allowed in this container yet.
2019-10-24 07:34:12,456 [BlockDeletingService#2] WARN  background.BlockDeletingService (BlockDeletingService.java:isDeletionAllowed(187)) - Close Container log Index 6 is not replicated across allthe servers in the pipeline c690a9b5-90d2-4057-86e6-870f7e70d6b1 as the min replicated index is 4. Deletion is not allowed in this container yet.
2019-10-24 07:34:12,659 [EventQueue-ContainerReportForContainerReportHandler] WARN  container.ContainerReportHandler (AbstractContainerReportHandler.java:updateContainerState(145)) - Container #1 is in OPEN state, but the datanode e0ed10f2-3224-42fb-9fee-fcf0e55d7c66{ip: 192.168.164.194, host: pr-hdds-1569-mb8zc-4097773718, networkLocation: /default-rack, certSerialId: null} reports an CLOSED replica.
2019-10-24 07:34:12,723 [EventQueue-ContainerReportForContainerReportHandler] WARN  container.ContainerReportHandler (AbstractContainerReportHandler.java:updateContainerState(145)) - Container #1 is in OPEN state, but the datanode 1511a8b7-2741-4c2d-9317-1899631fe9c9{ip: 192.168.164.194, host: pr-hdds-1569-mb8zc-4097773718, networkLocation: /default-rack, certSerialId: null} reports an CLOSED replica.
2019-10-24 07:34:12,843 [grpc-default-executor-0] WARN  server.GrpcLogAppender (LogUtils.java:warn(134)) - 1511a8b7-2741-4c2d-9317-1899631fe9c9@group-AC59B62BA460->6f89809c-7abc-423e-b97b-03c6b4343e46-AppendLogResponseHandler: Failed appendEntries: org.apache.ratis.thirdparty.io.grpc.StatusRuntimeException: UNAVAILABLE: io exception
2019-10-24 07:34:12,843 [grpc-default-executor-0] INFO  impl.FollowerInfo (FollowerInfo.java:lambda$new$0(51)) - 1511a8b7-2741-4c2d-9317-1899631fe9c9@group-AC59B62BA460->6f89809c-7abc-423e-b97b-03c6b4343e46: nextIndex: updateUnconditionally 0 -> 0
2019-10-24 07:34:12,959 [EventQueue-ContainerReportForContainerReportHandler] WARN  container.ContainerReportHandler (AbstractContainerReportHandler.java:updateContainerState(145)) - Container #1 is in OPEN state, but the datanode e0ed10f2-3224-42fb-9fee-fcf0e55d7c66{ip: 192.168.164.194, host: pr-hdds-1569-mb8zc-4097773718, networkLocation: /default-rack, certSerialId: null} reports an CLOSED replica.
2019-10-24 07:34:13,023 [EventQueue-ContainerReportForContainerReportHandler] WARN  container.ContainerReportHandler (AbstractContainerReportHandler.java:updateContainerState(145)) - Container #1 is in OPEN state, but the datanode 1511a8b7-2741-4c2d-9317-1899631fe9c9{ip: 192.168.164.194, host: pr-hdds-1569-mb8zc-4097773718, networkLocation: /default-rack, certSerialId: null} reports an CLOSED replica.
2019-10-24 07:34:13,223 [EventQueue-ContainerReportForContainerReportHandler] WARN  container.ContainerReportHandler (AbstractContainerReportHandler.java:updateContainerState(145)) - Container #1 is in OPEN state, but the datanode 1511a8b7-2741-4c2d-9317-1899631fe9c9{ip: 192.168.164.194, host: pr-hdds-1569-mb8zc-4097773718, networkLocation: /default-rack, certSerialId: null} reports an CLOSED replica.
2019-10-24 07:34:13,259 [EventQueue-ContainerReportForContainerReportHandler] WARN  container.ContainerReportHandler (AbstractContainerReportHandler.java:updateContainerState(145)) - Container #1 is in OPEN state, but the datanode e0ed10f2-3224-42fb-9fee-fcf0e55d7c66{ip: 192.168.164.194, host: pr-hdds-1569-mb8zc-4097773718, networkLocation: /default-rack, certSerialId: null} reports an CLOSED replica.
2019-10-24 07:34:13,423 [EventQueue-ContainerReportForContainerReportHandler] WARN  container.ContainerReportHandler (AbstractContainerReportHandler.java:updateContainerState(145)) - Container #1 is in OPEN state, but the datanode 1511a8b7-2741-4c2d-9317-1899631fe9c9{ip: 192.168.164.194, host: pr-hdds-1569-mb8zc-4097773718, networkLocation: /default-rack, certSerialId: null} reports an CLOSED replica.
2019-10-24 07:34:13,457 [BlockDeletingService#2] WARN  background.BlockDeletingService (BlockDeletingService.java:isDeletionAllowed(187)) - Close Container log Index 6 is not replicated across allthe servers in the pipeline c690a9b5-90d2-4057-86e6-870f7e70d6b1 as the min replicated index is 4. Deletion is not allowed in this container yet.
2019-10-24 07:34:13,457 [BlockDeletingService#2] WARN  background.BlockDeletingService (BlockDeletingService.java:isDeletionAllowed(187)) - Close Container log Index 6 is not replicated across allthe servers in the pipeline c690a9b5-90d2-4057-86e6-870f7e70d6b1 as the min replicated index is 4. Deletion is not allowed in this container yet.
2019-10-24 07:34:13,460 [EventQueue-ContainerReportForContainerReportHandler] WARN  container.ContainerReportHandler (AbstractContainerReportHandler.java:updateContainerState(145)) - Container #1 is in OPEN state, but the datanode e0ed10f2-3224-42fb-9fee-fcf0e55d7c66{ip: 192.168.164.194, host: pr-hdds-1569-mb8zc-4097773718, networkLocation: /default-rack, certSerialId: null} reports an CLOSED replica.
2019-10-24 07:34:13,723 [EventQueue-ContainerReportForContainerReportHandler] WARN  container.ContainerReportHandler (AbstractContainerReportHandler.java:updateContainerState(145)) - Container #1 is in OPEN state, but the datanode 1511a8b7-2741-4c2d-9317-1899631fe9c9{ip: 192.168.164.194, host: pr-hdds-1569-mb8zc-4097773718, networkLocation: /default-rack, certSerialId: null} reports an CLOSED replica.
2019-10-24 07:34:13,860 [EventQueue-ContainerReportForContainerReportHandler] WARN  container.ContainerReportHandler (AbstractContainerReportHandler.java:updateContainerState(145)) - Container #1 is in OPEN state, but the datanode e0ed10f2-3224-42fb-9fee-fcf0e55d7c66{ip: 192.168.164.194, host: pr-hdds-1569-mb8zc-4097773718, networkLocation: /default-rack, certSerialId: null} reports an CLOSED replica.
2019-10-24 07:34:13,883 [EventQueue-StaleNodeForStaleNodeHandler] INFO  node.StaleNodeHandler (StaleNodeHandler.java:onMessage(58)) - Datanode 6f89809c-7abc-423e-b97b-03c6b4343e46{ip: 192.168.164.194, host: pr-hdds-1569-mb8zc-4097773718, networkLocation: /default-rack, certSerialId: null} moved to stale state. Finalizing its pipelines [PipelineID=dc327d28-9378-44cd-9e5d-ac59b62ba460, PipelineID=c690a9b5-90d2-4057-86e6-870f7e70d6b1, PipelineID=ffad6123-6fe5-4f68-bbb8-8a24d736dbe7]
2019-10-24 07:34:13,883 [EventQueue-StaleNodeForStaleNodeHandler] INFO  pipeline.SCMPipelineManager (SCMPipelineManager.java:finalizeAndDestroyPipeline(310)) - destroying pipeline:Pipeline[ Id: dc327d28-9378-44cd-9e5d-ac59b62ba460, Nodes: 6f89809c-7abc-423e-b97b-03c6b4343e46{ip: 192.168.164.194, host: pr-hdds-1569-mb8zc-4097773718, networkLocation: /default-rack, certSerialId: null}e0ed10f2-3224-42fb-9fee-fcf0e55d7c66{ip: 192.168.164.194, host: pr-hdds-1569-mb8zc-4097773718, networkLocation: /default-rack, certSerialId: null}1511a8b7-2741-4c2d-9317-1899631fe9c9{ip: 192.168.164.194, host: pr-hdds-1569-mb8zc-4097773718, networkLocation: /default-rack, certSerialId: null}, Type:RATIS, Factor:THREE, State:OPEN]
2019-10-24 07:34:13,885 [EventQueue-StaleNodeForStaleNodeHandler] INFO  pipeline.PipelineStateManager (PipelineStateManager.java:finalizePipeline(123)) - Pipeline Pipeline[ Id: dc327d28-9378-44cd-9e5d-ac59b62ba460, Nodes: 6f89809c-7abc-423e-b97b-03c6b4343e46{ip: 192.168.164.194, host: pr-hdds-1569-mb8zc-4097773718, networkLocation: /default-rack, certSerialId: null}e0ed10f2-3224-42fb-9fee-fcf0e55d7c66{ip: 192.168.164.194, host: pr-hdds-1569-mb8zc-4097773718, networkLocation: /default-rack, certSerialId: null}1511a8b7-2741-4c2d-9317-1899631fe9c9{ip: 192.168.164.194, host: pr-hdds-1569-mb8zc-4097773718, networkLocation: /default-rack, certSerialId: null}, Type:RATIS, Factor:THREE, State:CLOSED] moved to CLOSED state
2019-10-24 07:34:13,887 [EventQueue-StaleNodeForStaleNodeHandler] INFO  pipeline.SCMPipelineManager (SCMPipelineManager.java:finalizeAndDestroyPipeline(310)) - destroying pipeline:Pipeline[ Id: c690a9b5-90d2-4057-86e6-870f7e70d6b1, Nodes: 1511a8b7-2741-4c2d-9317-1899631fe9c9{ip: 192.168.164.194, host: pr-hdds-1569-mb8zc-4097773718, networkLocation: /default-rack, certSerialId: null}e0ed10f2-3224-42fb-9fee-fcf0e55d7c66{ip: 192.168.164.194, host: pr-hdds-1569-mb8zc-4097773718, networkLocation: /default-rack, certSerialId: null}6f89809c-7abc-423e-b97b-03c6b4343e46{ip: 192.168.164.194, host: pr-hdds-1569-mb8zc-4097773718, networkLocation: /default-rack, certSerialId: null}, Type:RATIS, Factor:THREE, State:OPEN]
2019-10-24 07:34:13,887 [EventQueue-StaleNodeForStaleNodeHandler] INFO  pipeline.PipelineStateManager (PipelineStateManager.java:finalizePipeline(123)) - Pipeline Pipeline[ Id: c690a9b5-90d2-4057-86e6-870f7e70d6b1, Nodes: 1511a8b7-2741-4c2d-9317-1899631fe9c9{ip: 192.168.164.194, host: pr-hdds-1569-mb8zc-4097773718, networkLocation: /default-rack, certSerialId: null}e0ed10f2-3224-42fb-9fee-fcf0e55d7c66{ip: 192.168.164.194, host: pr-hdds-1569-mb8zc-4097773718, networkLocation: /default-rack, certSerialId: null}6f89809c-7abc-423e-b97b-03c6b4343e46{ip: 192.168.164.194, host: pr-hdds-1569-mb8zc-4097773718, networkLocation: /default-rack, certSerialId: null}, Type:RATIS, Factor:THREE, State:CLOSED] moved to CLOSED state
2019-10-24 07:34:13,887 [EventQueue-StaleNodeForStaleNodeHandler] INFO  pipeline.SCMPipelineManager (SCMPipelineManager.java:finalizeAndDestroyPipeline(310)) - destroying pipeline:Pipeline[ Id: ffad6123-6fe5-4f68-bbb8-8a24d736dbe7, Nodes: 6f89809c-7abc-423e-b97b-03c6b4343e46{ip: 192.168.164.194, host: pr-hdds-1569-mb8zc-4097773718, networkLocation: /default-rack, certSerialId: null}, Type:RATIS, Factor:ONE, State:OPEN]
2019-10-24 07:34:13,887 [EventQueue-CloseContainerForCloseContainerEventHandler] INFO  container.CloseContainerEventHandler (CloseContainerEventHandler.java:onMessage(61)) - Close container Event triggered for container : #1
2019-10-24 07:34:13,889 [EventQueue-StaleNodeForStaleNodeHandler] INFO  pipeline.PipelineStateManager (PipelineStateManager.java:finalizePipeline(123)) - Pipeline Pipeline[ Id: ffad6123-6fe5-4f68-bbb8-8a24d736dbe7, Nodes: 6f89809c-7abc-423e-b97b-03c6b4343e46{ip: 192.168.164.194, host: pr-hdds-1569-mb8zc-4097773718, networkLocation: /default-rack, certSerialId: null}, Type:RATIS, Factor:ONE, State:CLOSED] moved to CLOSED state
2019-10-24 07:34:14,023 [EventQueue-ContainerReportForContainerReportHandler] INFO  container.ContainerReportHandler (AbstractContainerReportHandler.java:updateContainerState(178)) - Moving container #1 to CLOSED state, datanode 1511a8b7-2741-4c2d-9317-1899631fe9c9{ip: 192.168.164.194, host: pr-hdds-1569-mb8zc-4097773718, networkLocation: /default-rack, certSerialId: null} reported CLOSED replica.
2019-10-24 07:34:14,271 [grpc-default-executor-0] WARN  server.GrpcLogAppender (LogUtils.java:warn(134)) - e0ed10f2-3224-42fb-9fee-fcf0e55d7c66@group-870F7E70D6B1->6f89809c-7abc-423e-b97b-03c6b4343e46-AppendLogResponseHandler: Failed appendEntries: org.apache.ratis.thirdparty.io.grpc.StatusRuntimeException: UNAVAILABLE: io exception
2019-10-24 07:34:14,272 [grpc-default-executor-0] INFO  impl.FollowerInfo (FollowerInfo.java:lambda$new$0(51)) - e0ed10f2-3224-42fb-9fee-fcf0e55d7c66@group-870F7E70D6B1->6f89809c-7abc-423e-b97b-03c6b4343e46: nextIndex: updateUnconditionally 0 -> 0
2019-10-24 07:34:14,443 [Thread-587] INFO  client.GrpcClientProtocolService (GrpcClientProtocolService.java:lambda$processClientRequest$0(278)) - Failed RaftClientRequest:client-950A9ED4B75C->1511a8b7-2741-4c2d-9317-1899631fe9c9@group-870F7E70D6B1, cid=13, seq=0, Watch-ALL_COMMITTED(6), Message:<EMPTY>, reply=RaftClientReply:client-950A9ED4B75C->1511a8b7-2741-4c2d-9317-1899631fe9c9@group-870F7E70D6B1, cid=13, FAILED org.apache.ratis.protocol.NotLeaderException: Server 1511a8b7-2741-4c2d-9317-1899631fe9c9@group-870F7E70D6B1 is not the leader e0ed10f2-3224-42fb-9fee-fcf0e55d7c66:192.168.164.194:44281, logIndex=0, commits[1511a8b7-2741-4c2d-9317-1899631fe9c9:c8, e0ed10f2-3224-42fb-9fee-fcf0e55d7c66:c8, 6f89809c-7abc-423e-b97b-03c6b4343e46:c4]
2019-10-24 07:34:14,458 [BlockDeletingService#2] WARN  background.BlockDeletingService (BlockDeletingService.java:isDeletionAllowed(187)) - Close Container log Index 6 is not replicated across allthe servers in the pipeline c690a9b5-90d2-4057-86e6-870f7e70d6b1 as the min replicated index is 4. Deletion is not allowed in this container yet.
2019-10-24 07:34:14,458 [BlockDeletingService#2] WARN  background.BlockDeletingService (BlockDeletingService.java:isDeletionAllowed(187)) - Close Container log Index 6 is not replicated across allthe servers in the pipeline c690a9b5-90d2-4057-86e6-870f7e70d6b1 as the min replicated index is 4. Deletion is not allowed in this container yet.
2019-10-24 07:34:14,891 [SCMBlockDeletingService#0] INFO  block.SCMBlockDeletingService (SCMBlockDeletingService.java:call(184)) - Totally added 3 delete blocks command for 3 datanodes, task elapsed time: 5ms
2019-10-24 07:34:15,024 [EventQueue-PendingDeleteStatusForPendingDeleteHandler] INFO  block.SCMBlockDeletingService (SCMBlockDeletingService.java:handlePendingDeletes(115)) - Block deletion txnID mismatch in datanode 1511a8b7-2741-4c2d-9317-1899631fe9c9 for containerID 1. Datanode delete txnID: 0, SCM txnID: 1
2019-10-24 07:34:15,163 [EventQueue-PendingDeleteStatusForPendingDeleteHandler] INFO  block.SCMBlockDeletingService (SCMBlockDeletingService.java:handlePendingDeletes(115)) - Block deletion txnID mismatch in datanode e0ed10f2-3224-42fb-9fee-fcf0e55d7c66 for containerID 1. Datanode delete txnID: 0, SCM txnID: 1
2019-10-24 07:34:15,344 [grpc-default-executor-0] WARN  server.GrpcLogAppender (LogUtils.java:warn(134)) - 1511a8b7-2741-4c2d-9317-1899631fe9c9@group-AC59B62BA460->6f89809c-7abc-423e-b97b-03c6b4343e46-AppendLogResponseHandler: Failed appendEntries: org.apache.ratis.thirdparty.io.grpc.StatusRuntimeException: UNAVAILABLE: io exception
2019-10-24 07:34:15,344 [grpc-default-executor-0] INFO  impl.FollowerInfo (FollowerInfo.java:lambda$new$0(51)) - 1511a8b7-2741-4c2d-9317-1899631fe9c9@group-AC59B62BA460->6f89809c-7abc-423e-b97b-03c6b4343e46: nextIndex: updateUnconditionally 0 -> 0
2019-10-24 07:34:15,423 [EventQueue-PendingDeleteStatusForPendingDeleteHandler] INFO  block.SCMBlockDeletingService (SCMBlockDeletingService.java:handlePendingDeletes(115)) - Block deletion txnID mismatch in datanode 1511a8b7-2741-4c2d-9317-1899631fe9c9 for containerID 1. Datanode delete txnID: 0, SCM txnID: 1
2019-10-24 07:34:15,461 [BlockDeletingService#2] WARN  background.BlockDeletingService (BlockDeletingService.java:isDeletionAllowed(187)) - Close Container log Index 6 is not replicated across allthe servers in the pipeline c690a9b5-90d2-4057-86e6-870f7e70d6b1 as the min replicated index is 4. Deletion is not allowed in this container yet.
2019-10-24 07:34:15,461 [BlockDeletingService#2] WARN  background.BlockDeletingService (BlockDeletingService.java:isDeletionAllowed(187)) - Close Container log Index 6 is not replicated across allthe servers in the pipeline c690a9b5-90d2-4057-86e6-870f7e70d6b1 as the min replicated index is 4. Deletion is not allowed in this container yet.
2019-10-24 07:34:15,563 [EventQueue-PendingDeleteStatusForPendingDeleteHandler] INFO  block.SCMBlockDeletingService (SCMBlockDeletingService.java:handlePendingDeletes(115)) - Block deletion txnID mismatch in datanode e0ed10f2-3224-42fb-9fee-fcf0e55d7c66 for containerID 1. Datanode delete txnID: 0, SCM txnID: 1
2019-10-24 07:34:15,682 [Thread-598] INFO  client.GrpcClientProtocolService (GrpcClientProtocolService.java:lambda$processClientRequest$0(278)) - Failed RaftClientRequest:client-950A9ED4B75C->e0ed10f2-3224-42fb-9fee-fcf0e55d7c66@group-870F7E70D6B1, cid=13, seq=0, Watch-ALL_COMMITTED(6), Message:<EMPTY>, reply=RaftClientReply:client-950A9ED4B75C->e0ed10f2-3224-42fb-9fee-fcf0e55d7c66@group-870F7E70D6B1, cid=13, FAILED org.apache.ratis.protocol.NotReplicatedException: Request with call Id 13 and log index 6 is not yet replicated to ALL_COMMITTED, logIndex=6, commits[e0ed10f2-3224-42fb-9fee-fcf0e55d7c66:c8, 1511a8b7-2741-4c2d-9317-1899631fe9c9:c8, 6f89809c-7abc-423e-b97b-03c6b4343e46:c4]
2019-10-24 07:34:15,763 [EventQueue-PendingDeleteStatusForPendingDeleteHandler] INFO  block.SCMBlockDeletingService (SCMBlockDeletingService.java:handlePendingDeletes(115)) - Block deletion txnID mismatch in datanode e0ed10f2-3224-42fb-9fee-fcf0e55d7c66 for containerID 1. Datanode delete txnID: 0, SCM txnID: 1
2019-10-24 07:34:15,823 [EventQueue-PendingDeleteStatusForPendingDeleteHandler] INFO  block.SCMBlockDeletingService (SCMBlockDeletingService.java:handlePendingDeletes(115)) - Block deletion txnID mismatch in datanode 1511a8b7-2741-4c2d-9317-1899631fe9c9 for containerID 1. Datanode delete txnID: 0, SCM txnID: 1
2019-10-24 07:34:15,864 [Command processor thread] INFO  commandhandler.DeleteBlocksCommandHandler (DeleteBlocksCommandHandler.java:handle(106)) - Start to delete container blocks, TXIDs=[1(0)], numOfContainers=1, numOfBlocks=1
2019-10-24 07:34:15,892 [SCMBlockDeletingService#0] INFO  block.SCMBlockDeletingService (SCMBlockDeletingService.java:call(184)) - Totally added 3 delete blocks command for 3 datanodes, task elapsed time: 0ms
2019-10-24 07:34:15,893 [pool-7-thread-3] INFO  commands.RetriableDatanodeEventWatcher (RetriableDatanodeEventWatcher.java:onTimeout(47)) - RetriableDatanodeCommand type=deleteBlocksCommand with id=1571902454892 timed out. Retrying.
2019-10-24 07:34:15,893 [pool-7-thread-1] INFO  commands.RetriableDatanodeEventWatcher (RetriableDatanodeEventWatcher.java:onTimeout(47)) - RetriableDatanodeCommand type=deleteBlocksCommand with id=1571902454890 timed out. Retrying.
2019-10-24 07:34:15,893 [pool-7-thread-2] INFO  commands.RetriableDatanodeEventWatcher (RetriableDatanodeEventWatcher.java:onTimeout(47)) - RetriableDatanodeCommand type=deleteBlocksCommand with id=1571902454891 timed out. Retrying.
2019-10-24 07:34:16,024 [EventQueue-PendingDeleteStatusForPendingDeleteHandler] INFO  block.SCMBlockDeletingService (SCMBlockDeletingService.java:handlePendingDeletes(115)) - Block deletion txnID mismatch in datanode 1511a8b7-2741-4c2d-9317-1899631fe9c9 for containerID 1. Datanode delete txnID: 0, SCM txnID: 1
2019-10-24 07:34:16,022 [Command processor thread] INFO  commandhandler.DeleteBlocksCommandHandler (DeleteBlocksCommandHandler.java:handle(106)) - Start to delete container blocks, TXIDs=[1(0)], numOfContainers=1, numOfBlocks=1
2019-10-24 07:34:16,024 [Command processor thread] INFO  commandhandler.DeleteBlocksCommandHandler (DeleteBlocksCommandHandler.java:handle(106)) - Start to delete container blocks, TXIDs=[1(2)], numOfContainers=1, numOfBlocks=1
2019-10-24 07:34:16,025 [Command processor thread] INFO  commandhandler.DeleteBlocksCommandHandler (DeleteBlocksCommandHandler.java:handle(106)) - Start to delete container blocks, TXIDs=[1(0)], numOfContainers=1, numOfBlocks=1
2019-10-24 07:34:16,387 [main] INFO  impl.MetricsSystemImpl (MetricsSystemImpl.java:init(158)) - HddsDatanode metrics system started (again)
2019-10-24 07:34:16,436 [main] INFO  ozone.HddsDatanodeService (HddsDatanodeService.java:start(184)) - HddsDatanodeService host:pr-hdds-1569-mb8zc-4097773718 ip:192.168.164.194
2019-10-24 07:34:16,440 [main] INFO  volume.VolumeUsage (VolumeUsage.java:loadScmUsed(144)) - Cached ScmUsed found for /workdir/hadoop-ozone/integration-test/target/test-dir/MiniOzoneClusterImpl-94783617-520d-431f-bfa8-8bf76244d9bc/datanode-2/data/containers : 4096 
2019-10-24 07:34:16,440 [main] INFO  volume.HddsVolume (HddsVolume.java:<init>(176)) - Creating Volume: /workdir/hadoop-ozone/integration-test/target/test-dir/MiniOzoneClusterImpl-94783617-520d-431f-bfa8-8bf76244d9bc/datanode-2/data/containers/hdds of  storage type : DISK and capacity : 1482555576320
2019-10-24 07:34:16,441 [main] INFO  volume.VolumeSet (VolumeSet.java:initializeVolumeSet(170)) - Added Volume : /workdir/hadoop-ozone/integration-test/target/test-dir/MiniOzoneClusterImpl-94783617-520d-431f-bfa8-8bf76244d9bc/datanode-2/data/containers/hdds to VolumeSet
2019-10-24 07:34:16,441 [main] INFO  volume.ThrottledAsyncChecker (ThrottledAsyncChecker.java:schedule(141)) - Scheduling a check for org.apache.hadoop.ozone.container.common.volume.HddsVolume@54755dd9
2019-10-24 07:34:16,442 [main] INFO  volume.HddsVolumeChecker (HddsVolumeChecker.java:checkAllVolumes(204)) - Scheduled health check for volume org.apache.hadoop.ozone.container.common.volume.HddsVolume@54755dd9
2019-10-24 07:34:16,462 [BlockDeletingService#2] WARN  background.BlockDeletingService (BlockDeletingService.java:isDeletionAllowed(187)) - Close Container log Index 6 is not replicated across allthe servers in the pipeline c690a9b5-90d2-4057-86e6-870f7e70d6b1 as the min replicated index is 4. Deletion is not allowed in this container yet.
2019-10-24 07:34:16,462 [BlockDeletingService#2] WARN  background.BlockDeletingService (BlockDeletingService.java:isDeletionAllowed(187)) - Close Container log Index 6 is not replicated across allthe servers in the pipeline c690a9b5-90d2-4057-86e6-870f7e70d6b1 as the min replicated index is 4. Deletion is not allowed in this container yet.
2019-10-24 07:34:16,489 [main] INFO  impl.RaftServerProxy (ConfUtils.java:logGet(43)) - raft.rpc.type = GRPC (default)
2019-10-24 07:34:16,490 [main] INFO  grpc.GrpcFactory (GrpcFactory.java:checkPooledByteBufAllocatorUseCacheForAllThreads(45)) - PERFORMANCE WARNING: useCacheForAllThreads is true that may cause Netty to create a lot garbage objects and, as a result, trigger GC.
	It is recommended to disable useCacheForAllThreads by setting -Dorg.apache.ratis.thirdparty.io.netty.allocator.useCacheForAllThreads=false in command line.
2019-10-24 07:34:16,490 [main] INFO  grpc.GrpcConfigKeys$Server (ConfUtils.java:logGet(43)) - raft.grpc.server.port = 43246 (custom)
2019-10-24 07:34:16,490 [main] INFO  server.GrpcService (ConfUtils.java:logGet(43)) - raft.grpc.message.size.max = 33570816 (custom)
2019-10-24 07:34:16,490 [main] INFO  server.RaftServerConfigKeys (ConfUtils.java:logGet(43)) - raft.server.log.appender.buffer.byte-limit = 33554432 (custom)
2019-10-24 07:34:16,490 [main] INFO  server.GrpcService (ConfUtils.java:logGet(43)) - raft.grpc.flow.control.window = 1MB (=1048576) (default)
2019-10-24 07:34:16,491 [main] INFO  server.RaftServerConfigKeys (ConfUtils.java:logGet(43)) - raft.server.rpc.request.timeout = 3000ms (default)
2019-10-24 07:34:16,491 [main] INFO  server.RaftServerConfigKeys (ConfUtils.java:logGet(43)) - raft.server.storage.dir = [/workdir/hadoop-ozone/integration-test/target/test-dir/MiniOzoneClusterImpl-94783617-520d-431f-bfa8-8bf76244d9bc/datanode-2/data/ratis] (custom)
2019-10-24 07:34:16,492 [main] INFO  impl.RaftServerProxy (RaftServerProxy.java:lambda$null$0(191)) - 6f89809c-7abc-423e-b97b-03c6b4343e46: found a subdirectory /workdir/hadoop-ozone/integration-test/target/test-dir/MiniOzoneClusterImpl-94783617-520d-431f-bfa8-8bf76244d9bc/datanode-2/data/ratis/c690a9b5-90d2-4057-86e6-870f7e70d6b1
2019-10-24 07:34:16,493 [main] INFO  impl.RaftServerProxy (RaftServerProxy.java:addNew(89)) - 6f89809c-7abc-423e-b97b-03c6b4343e46: addNew group-870F7E70D6B1:[] returns group-870F7E70D6B1:java.util.concurrent.CompletableFuture@3d1f558a[Not completed]
2019-10-24 07:34:16,493 [main] INFO  impl.RaftServerProxy (RaftServerProxy.java:lambda$null$0(191)) - 6f89809c-7abc-423e-b97b-03c6b4343e46: found a subdirectory /workdir/hadoop-ozone/integration-test/target/test-dir/MiniOzoneClusterImpl-94783617-520d-431f-bfa8-8bf76244d9bc/datanode-2/data/ratis/dc327d28-9378-44cd-9e5d-ac59b62ba460
2019-10-24 07:34:16,493 [main] INFO  impl.RaftServerProxy (RaftServerProxy.java:addNew(89)) - 6f89809c-7abc-423e-b97b-03c6b4343e46: addNew group-AC59B62BA460:[] returns group-AC59B62BA460:java.util.concurrent.CompletableFuture@6abdec0e[Not completed]
2019-10-24 07:34:16,493 [main] INFO  impl.RaftServerProxy (RaftServerProxy.java:lambda$null$0(191)) - 6f89809c-7abc-423e-b97b-03c6b4343e46: found a subdirectory /workdir/hadoop-ozone/integration-test/target/test-dir/MiniOzoneClusterImpl-94783617-520d-431f-bfa8-8bf76244d9bc/datanode-2/data/ratis/ffad6123-6fe5-4f68-bbb8-8a24d736dbe7
2019-10-24 07:34:16,494 [main] INFO  impl.RaftServerProxy (RaftServerProxy.java:addNew(89)) - 6f89809c-7abc-423e-b97b-03c6b4343e46: addNew group-8A24D736DBE7:[] returns group-8A24D736DBE7:java.util.concurrent.CompletableFuture@28f4f300[Not completed]
2019-10-24 07:34:16,500 [pool-59-thread-1] INFO  impl.RaftServerImpl (RaftServerImpl.java:<init>(95)) - 6f89809c-7abc-423e-b97b-03c6b4343e46: new RaftServerImpl for group-870F7E70D6B1:[] with ContainerStateMachine:uninitialized
2019-10-24 07:34:16,500 [pool-59-thread-1] INFO  server.RaftServerConfigKeys (ConfUtils.java:logGet(43)) - raft.server.rpc.timeout.min = 5s (custom)
2019-10-24 07:34:16,500 [pool-59-thread-1] INFO  server.RaftServerConfigKeys (ConfUtils.java:logGet(43)) - raft.server.rpc.timeout.max = 5200ms (custom)
2019-10-24 07:34:16,500 [pool-59-thread-1] INFO  server.RaftServerConfigKeys (ConfUtils.java:logGet(43)) - raft.server.rpcslowness.timeout = 1000s (custom)
2019-10-24 07:34:16,501 [pool-59-thread-1] INFO  server.RaftServerConfigKeys (ConfUtils.java:logGet(43)) - raft.server.sleep.deviation.threshold = 300 (default)
2019-10-24 07:34:16,501 [pool-59-thread-1] INFO  server.RaftServerConfigKeys (ConfUtils.java:logGet(43)) - raft.server.log.appender.install.snapshot.enabled = false (custom)
2019-10-24 07:34:16,501 [pool-59-thread-1] INFO  impl.RaftServerImpl (ServerState.java:<init>(103)) - 6f89809c-7abc-423e-b97b-03c6b4343e46@group-870F7E70D6B1: ConfigurationManager, init=-1: [], old=null, confs=<EMPTY_MAP>
2019-10-24 07:34:16,501 [main] INFO  hdfs.DFSUtil (DFSUtil.java:httpServerTemplateForNNAndJN(1641)) - Starting Web-server for hddsDatanode at: http://0.0.0.0:39577
2019-10-24 07:34:16,501 [pool-59-thread-1] INFO  server.RaftServerConfigKeys (ConfUtils.java:logGet(43)) - raft.server.storage.dir = [/workdir/hadoop-ozone/integration-test/target/test-dir/MiniOzoneClusterImpl-94783617-520d-431f-bfa8-8bf76244d9bc/datanode-2/data/ratis] (custom)
2019-10-24 07:34:16,501 [pool-59-thread-1] INFO  server.RaftServerConfigKeys (ConfUtils.java:logGet(43)) - raft.server.log.corruption.policy = EXCEPTION (default)
2019-10-24 07:34:16,503 [main] INFO  server.AuthenticationFilter (AuthenticationFilter.java:constructSecretProvider(240)) - Unable to initialize FileSignerSecretProvider, falling back to use random secrets.
2019-10-24 07:34:16,504 [main] WARN  http.HttpRequestLog (HttpRequestLog.java:getRequestLog(97)) - Jetty request log can only be enabled using Log4j
2019-10-24 07:34:16,506 [main] INFO  http.HttpServer2 (HttpServer2.java:addGlobalFilter(975)) - Added global filter 'safety' (class=org.apache.hadoop.http.HttpServer2$QuotingInputFilter)
2019-10-24 07:34:16,507 [main] INFO  http.HttpServer2 (HttpServer2.java:addFilter(948)) - Added filter static_user_filter (class=org.apache.hadoop.http.lib.StaticUserWebFilter$StaticUserFilter) to context hddsDatanode
2019-10-24 07:34:16,507 [main] INFO  http.HttpServer2 (HttpServer2.java:addFilter(958)) - Added filter static_user_filter (class=org.apache.hadoop.http.lib.StaticUserWebFilter$StaticUserFilter) to context logs
2019-10-24 07:34:16,507 [main] INFO  http.HttpServer2 (HttpServer2.java:addFilter(958)) - Added filter static_user_filter (class=org.apache.hadoop.http.lib.StaticUserWebFilter$StaticUserFilter) to context static
2019-10-24 07:34:16,508 [main] INFO  http.HttpServer2 (HttpServer2.java:bindListener(1191)) - Jetty bound to port 39577
2019-10-24 07:34:16,508 [main] INFO  server.Server (Server.java:doStart(351)) - jetty-9.3.25.v20180904, build timestamp: 2018-09-04T21:11:46Z, git hash: 3ce520221d0240229c862b122d2b06c12a625732
2019-10-24 07:34:16,510 [main] INFO  handler.ContextHandler (ContextHandler.java:doStart(781)) - Started o.e.j.s.ServletContextHandler@41ad373{/logs,file:///workdir/hadoop-ozone/integration-test/target/log,AVAILABLE}
2019-10-24 07:34:16,511 [main] INFO  handler.ContextHandler (ContextHandler.java:doStart(781)) - Started o.e.j.s.ServletContextHandler@177c41d7{/static,jar:file:/home/user/.m2/repository/org/apache/hadoop/hadoop-hdds-container-service/0.5.0-SNAPSHOT/hadoop-hdds-container-service-0.5.0-SNAPSHOT.jar!/webapps/static,AVAILABLE}
2019-10-24 07:34:16,515 [pool-59-thread-1] INFO  storage.RaftStorageDirectory (RaftStorageDirectory.java:tryLock(328)) - Lock on /workdir/hadoop-ozone/integration-test/target/test-dir/MiniOzoneClusterImpl-94783617-520d-431f-bfa8-8bf76244d9bc/datanode-2/data/ratis/c690a9b5-90d2-4057-86e6-870f7e70d6b1/in_use.lock acquired by nodename 15539@pr-hdds-1569-mb8zc-4097773718
2019-10-24 07:34:16,518 [pool-59-thread-1] INFO  ratis.ContainerStateMachine (ContainerStateMachine.java:loadSnapshot(240)) - group-870F7E70D6B1: Setting the last applied index to (t:1, i:3)
2019-10-24 07:34:16,525 [pool-59-thread-1] INFO  impl.RaftServerImpl (ServerState.java:setRaftConf(356)) - 6f89809c-7abc-423e-b97b-03c6b4343e46@group-870F7E70D6B1: set configuration 0: [e0ed10f2-3224-42fb-9fee-fcf0e55d7c66:192.168.164.194:44281, 1511a8b7-2741-4c2d-9317-1899631fe9c9:192.168.164.194:43544, 6f89809c-7abc-423e-b97b-03c6b4343e46:192.168.164.194:43246], old=null at 0
2019-10-24 07:34:16,525 [pool-59-thread-1] INFO  server.RaftServerConfigKeys (ConfUtils.java:logGet(43)) - raft.server.notification.no-leader.timeout = 1000s (custom)
2019-10-24 07:34:16,525 [pool-59-thread-1] INFO  server.RaftServerConfigKeys (ConfUtils.java:logGet(43)) - raft.server.log.use.memory = false (default)
2019-10-24 07:34:16,526 [pool-59-thread-1] INFO  server.RaftServerConfigKeys (ConfUtils.java:logGet(43)) - raft.server.log.purge.gap = 1000000 (custom)
2019-10-24 07:34:16,526 [pool-59-thread-1] INFO  server.RaftServerConfigKeys (ConfUtils.java:logGet(43)) - raft.server.log.appender.buffer.byte-limit = 33554432 (custom)
2019-10-24 07:34:16,526 [pool-59-thread-1] INFO  server.RaftServerConfigKeys (ConfUtils.java:logGet(43)) - raft.server.log.segment.size.max = 1048576 (custom)
2019-10-24 07:34:16,526 [pool-59-thread-1] INFO  server.RaftServerConfigKeys (ConfUtils.java:logGet(43)) - raft.server.log.segment.cache.num.max = 2 (custom)
2019-10-24 07:34:16,526 [pool-59-thread-1] INFO  segmented.SegmentedRaftLogWorker (SegmentedRaftLogWorker.java:<init>(173)) - new 6f89809c-7abc-423e-b97b-03c6b4343e46@group-870F7E70D6B1-SegmentedRaftLogWorker for RaftStorage:Storage Directory /workdir/hadoop-ozone/integration-test/target/test-dir/MiniOzoneClusterImpl-94783617-520d-431f-bfa8-8bf76244d9bc/datanode-2/data/ratis/c690a9b5-90d2-4057-86e6-870f7e70d6b1
2019-10-24 07:34:16,526 [pool-59-thread-1] INFO  server.RaftServerConfigKeys (ConfUtils.java:logGet(43)) - raft.server.log.queue.byte-limit = 2147483647 (custom)
2019-10-24 07:34:16,526 [pool-59-thread-1] INFO  server.RaftServerConfigKeys (ConfUtils.java:logGet(43)) - raft.server.log.queue.element-limit = 1024 (custom)
2019-10-24 07:34:16,527 [pool-59-thread-1] INFO  server.RaftServerConfigKeys (ConfUtils.java:logGet(43)) - raft.server.log.segment.size.max = 1048576 (custom)
2019-10-24 07:34:16,527 [pool-59-thread-1] INFO  server.RaftServerConfigKeys (ConfUtils.java:logGet(43)) - raft.server.log.preallocated.size = 16384 (custom)
2019-10-24 07:34:16,527 [pool-59-thread-1] INFO  server.RaftServerConfigKeys (ConfUtils.java:logGet(43)) - raft.server.log.write.buffer.size = 33554432 (custom)
2019-10-24 07:34:16,527 [pool-59-thread-1] INFO  server.RaftServerConfigKeys (ConfUtils.java:logGet(43)) - raft.server.log.force.sync.num = 128 (default)
2019-10-24 07:34:16,527 [pool-59-thread-1] INFO  server.RaftServerConfigKeys (ConfUtils.java:logGet(43)) - raft.server.log.statemachine.data.sync = true (default)
2019-10-24 07:34:16,527 [pool-59-thread-1] INFO  server.RaftServerConfigKeys (ConfUtils.java:logGet(43)) - raft.server.log.statemachine.data.sync.timeout = 10s (default)
2019-10-24 07:34:16,527 [pool-59-thread-1] INFO  server.RaftServerConfigKeys (ConfUtils.java:logGet(43)) - raft.server.log.statemachine.data.sync.timeout.retry = -1 (default)
2019-10-24 07:34:16,528 [pool-59-thread-1] INFO  server.RaftServerConfigKeys (ConfUtils.java:logGet(43)) - raft.server.log.statemachine.data.caching.enabled = true (custom)
2019-10-24 07:34:16,535 [pool-59-thread-1] INFO  impl.RaftServerImpl (ServerState.java:setRaftConf(356)) - 6f89809c-7abc-423e-b97b-03c6b4343e46@group-870F7E70D6B1: set configuration 0: [e0ed10f2-3224-42fb-9fee-fcf0e55d7c66:192.168.164.194:44281, 1511a8b7-2741-4c2d-9317-1899631fe9c9:192.168.164.194:43544, 6f89809c-7abc-423e-b97b-03c6b4343e46:192.168.164.194:43246], old=null at 0
2019-10-24 07:34:16,536 [pool-59-thread-1] INFO  segmented.LogSegment (LogSegment.java:loadSegment(140)) - Successfully read 5 entries from segment file /workdir/hadoop-ozone/integration-test/target/test-dir/MiniOzoneClusterImpl-94783617-520d-431f-bfa8-8bf76244d9bc/datanode-2/data/ratis/c690a9b5-90d2-4057-86e6-870f7e70d6b1/current/log_inprogress_0
2019-10-24 07:34:16,537 [pool-59-thread-1] INFO  segmented.SegmentedRaftLogWorker (SegmentedRaftLogWorker.java:lambda$new$0(128)) - 6f89809c-7abc-423e-b97b-03c6b4343e46@group-870F7E70D6B1-SegmentedRaftLogWorker: flushIndex: setUnconditionally 0 -> 4
2019-10-24 07:34:16,549 [main] INFO  handler.ContextHandler (ContextHandler.java:doStart(781)) - Started o.e.j.w.WebAppContext@3481ff98{/,file:///tmp/jetty-0.0.0.0-39577-hddsDatanode-_-any-5162089411628494192.dir/webapp/,AVAILABLE}{/hddsDatanode}
2019-10-24 07:34:16,550 [main] INFO  server.AbstractConnector (AbstractConnector.java:doStart(278)) - Started ServerConnector@2ddb3ae8{HTTP/1.1,[http/1.1]}{0.0.0.0:39577}
2019-10-24 07:34:16,566 [pool-59-thread-1] INFO  raftlog.RaftLog (RaftLog.java:lambda$new$0(61)) - 6f89809c-7abc-423e-b97b-03c6b4343e46@group-870F7E70D6B1-SegmentedRaftLog: commitIndex: updateToMax old=3, new=3, updated? false
2019-10-24 07:34:16,566 [main] INFO  server.Server (Server.java:doStart(419)) - Started @118549ms
2019-10-24 07:34:16,567 [main] WARN  impl.MetricsSystemImpl (MetricsSystemImpl.java:register(276)) - Sink prometheus already exists!
2019-10-24 07:34:16,567 [pool-59-thread-1] INFO  server.RaftServerConfigKeys (ConfUtils.java:logGet(43)) - raft.server.snapshot.auto.trigger.enabled = true (custom)
2019-10-24 07:34:16,567 [pool-59-thread-1] INFO  server.RaftServerConfigKeys (ConfUtils.java:logGet(43)) - raft.server.snapshot.auto.trigger.threshold = 10000 (custom)
2019-10-24 07:34:16,567 [pool-59-thread-1] INFO  server.RaftServerConfigKeys (ConfUtils.java:logGet(43)) - raft.server.snapshot.retention.file.num = 5 (custom)
2019-10-24 07:34:16,568 [pool-59-thread-1] INFO  server.RaftServerConfigKeys (ConfUtils.java:logGet(43)) - raft.server.retrycache.expirytime = 600000ms (custom)
2019-10-24 07:34:16,568 [main] INFO  server.BaseHttpServer (BaseHttpServer.java:updateConnectorAddress(215)) - HTTP server of HDDSDATANODE is listening at http://0.0.0.0:39577
2019-10-24 07:34:16,570 [org.apache.hadoop.util.JvmPauseMonitor$Monitor@54e61fe6] INFO  util.JvmPauseMonitor (JvmPauseMonitor.java:run(188)) - Starting JVM pause monitor
2019-10-24 07:34:16,570 [pool-59-thread-1] INFO  impl.RaftServerImpl (RaftServerImpl.java:<init>(95)) - 6f89809c-7abc-423e-b97b-03c6b4343e46: new RaftServerImpl for group-AC59B62BA460:[] with ContainerStateMachine:uninitialized
2019-10-24 07:34:16,570 [pool-59-thread-1] INFO  server.RaftServerConfigKeys (ConfUtils.java:logGet(43)) - raft.server.rpc.timeout.min = 5s (custom)
2019-10-24 07:34:16,571 [pool-59-thread-1] INFO  server.RaftServerConfigKeys (ConfUtils.java:logGet(43)) - raft.server.rpc.timeout.max = 5200ms (custom)
2019-10-24 07:34:16,571 [pool-59-thread-1] INFO  server.RaftServerConfigKeys (ConfUtils.java:logGet(43)) - raft.server.rpcslowness.timeout = 1000s (custom)
2019-10-24 07:34:16,571 [pool-59-thread-1] INFO  server.RaftServerConfigKeys (ConfUtils.java:logGet(43)) - raft.server.sleep.deviation.threshold = 300 (default)
2019-10-24 07:34:16,571 [pool-59-thread-1] INFO  server.RaftServerConfigKeys (ConfUtils.java:logGet(43)) - raft.server.log.appender.install.snapshot.enabled = false (custom)
2019-10-24 07:34:16,571 [pool-59-thread-1] INFO  impl.RaftServerImpl (ServerState.java:<init>(103)) - 6f89809c-7abc-423e-b97b-03c6b4343e46@group-AC59B62BA460: ConfigurationManager, init=-1: [], old=null, confs=<EMPTY_MAP>
2019-10-24 07:34:16,571 [pool-59-thread-1] INFO  server.RaftServerConfigKeys (ConfUtils.java:logGet(43)) - raft.server.storage.dir = [/workdir/hadoop-ozone/integration-test/target/test-dir/MiniOzoneClusterImpl-94783617-520d-431f-bfa8-8bf76244d9bc/datanode-2/data/ratis] (custom)
2019-10-24 07:34:16,572 [pool-59-thread-1] INFO  server.RaftServerConfigKeys (ConfUtils.java:logGet(43)) - raft.server.log.corruption.policy = EXCEPTION (default)
2019-10-24 07:34:16,585 [pool-59-thread-1] INFO  storage.RaftStorageDirectory (RaftStorageDirectory.java:tryLock(328)) - Lock on /workdir/hadoop-ozone/integration-test/target/test-dir/MiniOzoneClusterImpl-94783617-520d-431f-bfa8-8bf76244d9bc/datanode-2/data/ratis/dc327d28-9378-44cd-9e5d-ac59b62ba460/in_use.lock acquired by nodename 15539@pr-hdds-1569-mb8zc-4097773718
2019-10-24 07:34:16,586 [pool-59-thread-1] INFO  ratis.ContainerStateMachine (ContainerStateMachine.java:loadSnapshot(231)) - group-AC59B62BA460: The snapshot info is null. Setting the last applied indexto:(t:0, i:~)
2019-10-24 07:34:16,586 [pool-59-thread-1] INFO  server.RaftServerConfigKeys (ConfUtils.java:logGet(43)) - raft.server.notification.no-leader.timeout = 1000s (custom)
2019-10-24 07:34:16,586 [pool-59-thread-1] INFO  server.RaftServerConfigKeys (ConfUtils.java:logGet(43)) - raft.server.log.use.memory = false (default)
2019-10-24 07:34:16,586 [pool-59-thread-1] INFO  server.RaftServerConfigKeys (ConfUtils.java:logGet(43)) - raft.server.log.purge.gap = 1000000 (custom)
2019-10-24 07:34:16,586 [pool-59-thread-1] INFO  server.RaftServerConfigKeys (ConfUtils.java:logGet(43)) - raft.server.log.appender.buffer.byte-limit = 33554432 (custom)
2019-10-24 07:34:16,586 [pool-59-thread-1] INFO  server.RaftServerConfigKeys (ConfUtils.java:logGet(43)) - raft.server.log.segment.size.max = 1048576 (custom)
2019-10-24 07:34:16,587 [pool-59-thread-1] INFO  server.RaftServerConfigKeys (ConfUtils.java:logGet(43)) - raft.server.log.segment.cache.num.max = 2 (custom)
2019-10-24 07:34:16,587 [pool-59-thread-1] INFO  segmented.SegmentedRaftLogWorker (SegmentedRaftLogWorker.java:<init>(173)) - new 6f89809c-7abc-423e-b97b-03c6b4343e46@group-AC59B62BA460-SegmentedRaftLogWorker for RaftStorage:Storage Directory /workdir/hadoop-ozone/integration-test/target/test-dir/MiniOzoneClusterImpl-94783617-520d-431f-bfa8-8bf76244d9bc/datanode-2/data/ratis/dc327d28-9378-44cd-9e5d-ac59b62ba460
2019-10-24 07:34:16,587 [pool-59-thread-1] INFO  server.RaftServerConfigKeys (ConfUtils.java:logGet(43)) - raft.server.log.queue.byte-limit = 2147483647 (custom)
2019-10-24 07:34:16,587 [pool-59-thread-1] INFO  server.RaftServerConfigKeys (ConfUtils.java:logGet(43)) - raft.server.log.queue.element-limit = 1024 (custom)
2019-10-24 07:34:16,587 [pool-59-thread-1] INFO  server.RaftServerConfigKeys (ConfUtils.java:logGet(43)) - raft.server.log.segment.size.max = 1048576 (custom)
2019-10-24 07:34:16,587 [pool-59-thread-1] INFO  server.RaftServerConfigKeys (ConfUtils.java:logGet(43)) - raft.server.log.preallocated.size = 16384 (custom)
2019-10-24 07:34:16,587 [pool-59-thread-1] INFO  server.RaftServerConfigKeys (ConfUtils.java:logGet(43)) - raft.server.log.write.buffer.size = 33554432 (custom)
2019-10-24 07:34:16,588 [pool-59-thread-1] INFO  server.RaftServerConfigKeys (ConfUtils.java:logGet(43)) - raft.server.log.force.sync.num = 128 (default)
2019-10-24 07:34:16,588 [pool-59-thread-1] INFO  server.RaftServerConfigKeys (ConfUtils.java:logGet(43)) - raft.server.log.statemachine.data.sync = true (default)
2019-10-24 07:34:16,588 [pool-59-thread-1] INFO  server.RaftServerConfigKeys (ConfUtils.java:logGet(43)) - raft.server.log.statemachine.data.sync.timeout = 10s (default)
2019-10-24 07:34:16,588 [pool-59-thread-1] INFO  server.RaftServerConfigKeys (ConfUtils.java:logGet(43)) - raft.server.log.statemachine.data.sync.timeout.retry = -1 (default)
2019-10-24 07:34:16,588 [pool-59-thread-1] INFO  server.RaftServerConfigKeys (ConfUtils.java:logGet(43)) - raft.server.log.statemachine.data.caching.enabled = true (custom)
2019-10-24 07:34:16,589 [pool-59-thread-1] INFO  impl.RaftServerImpl (ServerState.java:setRaftConf(356)) - 6f89809c-7abc-423e-b97b-03c6b4343e46@group-AC59B62BA460: set configuration 0: [e0ed10f2-3224-42fb-9fee-fcf0e55d7c66:192.168.164.194:44281, 6f89809c-7abc-423e-b97b-03c6b4343e46:192.168.164.194:43246, 1511a8b7-2741-4c2d-9317-1899631fe9c9:192.168.164.194:43544], old=null at 0
2019-10-24 07:34:16,590 [pool-59-thread-1] INFO  segmented.LogSegment (LogSegment.java:loadSegment(140)) - Successfully read 1 entries from segment file /workdir/hadoop-ozone/integration-test/target/test-dir/MiniOzoneClusterImpl-94783617-520d-431f-bfa8-8bf76244d9bc/datanode-2/data/ratis/dc327d28-9378-44cd-9e5d-ac59b62ba460/current/log_inprogress_0
2019-10-24 07:34:16,590 [pool-59-thread-1] INFO  segmented.SegmentedRaftLogWorker (SegmentedRaftLogWorker.java:lambda$new$0(128)) - 6f89809c-7abc-423e-b97b-03c6b4343e46@group-AC59B62BA460-SegmentedRaftLogWorker: flushIndex: setUnconditionally 0 -> 0
2019-10-24 07:34:16,623 [pool-59-thread-1] INFO  server.RaftServerConfigKeys (ConfUtils.java:logGet(43)) - raft.server.snapshot.auto.trigger.enabled = true (custom)
2019-10-24 07:34:16,623 [pool-59-thread-1] INFO  server.RaftServerConfigKeys (ConfUtils.java:logGet(43)) - raft.server.snapshot.auto.trigger.threshold = 10000 (custom)
2019-10-24 07:34:16,624 [pool-59-thread-1] INFO  server.RaftServerConfigKeys (ConfUtils.java:logGet(43)) - raft.server.snapshot.retention.file.num = 5 (custom)
2019-10-24 07:34:16,624 [pool-59-thread-1] INFO  server.RaftServerConfigKeys (ConfUtils.java:logGet(43)) - raft.server.retrycache.expirytime = 600000ms (custom)
2019-10-24 07:34:16,626 [pool-59-thread-1] INFO  impl.RaftServerImpl (RaftServerImpl.java:<init>(95)) - 6f89809c-7abc-423e-b97b-03c6b4343e46: new RaftServerImpl for group-8A24D736DBE7:[] with ContainerStateMachine:uninitialized
2019-10-24 07:34:16,626 [pool-59-thread-1] INFO  server.RaftServerConfigKeys (ConfUtils.java:logGet(43)) - raft.server.rpc.timeout.min = 5s (custom)
2019-10-24 07:34:16,626 [pool-59-thread-1] INFO  server.RaftServerConfigKeys (ConfUtils.java:logGet(43)) - raft.server.rpc.timeout.max = 5200ms (custom)
2019-10-24 07:34:16,626 [pool-59-thread-1] INFO  server.RaftServerConfigKeys (ConfUtils.java:logGet(43)) - raft.server.rpcslowness.timeout = 1000s (custom)
2019-10-24 07:34:16,626 [pool-59-thread-1] INFO  server.RaftServerConfigKeys (ConfUtils.java:logGet(43)) - raft.server.sleep.deviation.threshold = 300 (default)
2019-10-24 07:34:16,626 [pool-59-thread-1] INFO  server.RaftServerConfigKeys (ConfUtils.java:logGet(43)) - raft.server.log.appender.install.snapshot.enabled = false (custom)
2019-10-24 07:34:16,626 [pool-59-thread-1] INFO  impl.RaftServerImpl (ServerState.java:<init>(103)) - 6f89809c-7abc-423e-b97b-03c6b4343e46@group-8A24D736DBE7: ConfigurationManager, init=-1: [], old=null, confs=<EMPTY_MAP>
2019-10-24 07:34:16,626 [pool-59-thread-1] INFO  server.RaftServerConfigKeys (ConfUtils.java:logGet(43)) - raft.server.storage.dir = [/workdir/hadoop-ozone/integration-test/target/test-dir/MiniOzoneClusterImpl-94783617-520d-431f-bfa8-8bf76244d9bc/datanode-2/data/ratis] (custom)
2019-10-24 07:34:16,627 [pool-59-thread-1] INFO  server.RaftServerConfigKeys (ConfUtils.java:logGet(43)) - raft.server.log.corruption.policy = EXCEPTION (default)
2019-10-24 07:34:16,639 [pool-59-thread-1] INFO  storage.RaftStorageDirectory (RaftStorageDirectory.java:tryLock(328)) - Lock on /workdir/hadoop-ozone/integration-test/target/test-dir/MiniOzoneClusterImpl-94783617-520d-431f-bfa8-8bf76244d9bc/datanode-2/data/ratis/ffad6123-6fe5-4f68-bbb8-8a24d736dbe7/in_use.lock acquired by nodename 15539@pr-hdds-1569-mb8zc-4097773718
2019-10-24 07:34:16,639 [pool-59-thread-1] INFO  ratis.ContainerStateMachine (ContainerStateMachine.java:loadSnapshot(231)) - group-8A24D736DBE7: The snapshot info is null. Setting the last applied indexto:(t:0, i:~)
2019-10-24 07:34:16,639 [pool-59-thread-1] INFO  server.RaftServerConfigKeys (ConfUtils.java:logGet(43)) - raft.server.notification.no-leader.timeout = 1000s (custom)
2019-10-24 07:34:16,639 [pool-59-thread-1] INFO  server.RaftServerConfigKeys (ConfUtils.java:logGet(43)) - raft.server.log.use.memory = false (default)
2019-10-24 07:34:16,640 [pool-59-thread-1] INFO  server.RaftServerConfigKeys (ConfUtils.java:logGet(43)) - raft.server.log.purge.gap = 1000000 (custom)
2019-10-24 07:34:16,640 [pool-59-thread-1] INFO  server.RaftServerConfigKeys (ConfUtils.java:logGet(43)) - raft.server.log.appender.buffer.byte-limit = 33554432 (custom)
2019-10-24 07:34:16,640 [pool-59-thread-1] INFO  server.RaftServerConfigKeys (ConfUtils.java:logGet(43)) - raft.server.log.segment.size.max = 1048576 (custom)
2019-10-24 07:34:16,640 [pool-59-thread-1] INFO  server.RaftServerConfigKeys (ConfUtils.java:logGet(43)) - raft.server.log.segment.cache.num.max = 2 (custom)
2019-10-24 07:34:16,640 [pool-59-thread-1] INFO  segmented.SegmentedRaftLogWorker (SegmentedRaftLogWorker.java:<init>(173)) - new 6f89809c-7abc-423e-b97b-03c6b4343e46@group-8A24D736DBE7-SegmentedRaftLogWorker for RaftStorage:Storage Directory /workdir/hadoop-ozone/integration-test/target/test-dir/MiniOzoneClusterImpl-94783617-520d-431f-bfa8-8bf76244d9bc/datanode-2/data/ratis/ffad6123-6fe5-4f68-bbb8-8a24d736dbe7
2019-10-24 07:34:16,640 [pool-59-thread-1] INFO  server.RaftServerConfigKeys (ConfUtils.java:logGet(43)) - raft.server.log.queue.byte-limit = 2147483647 (custom)
2019-10-24 07:34:16,640 [pool-59-thread-1] INFO  server.RaftServerConfigKeys (ConfUtils.java:logGet(43)) - raft.server.log.queue.element-limit = 1024 (custom)
2019-10-24 07:34:16,640 [pool-59-thread-1] INFO  server.RaftServerConfigKeys (ConfUtils.java:logGet(43)) - raft.server.log.segment.size.max = 1048576 (custom)
2019-10-24 07:34:16,641 [pool-59-thread-1] INFO  server.RaftServerConfigKeys (ConfUtils.java:logGet(43)) - raft.server.log.preallocated.size = 16384 (custom)
2019-10-24 07:34:16,641 [pool-59-thread-1] INFO  server.RaftServerConfigKeys (ConfUtils.java:logGet(43)) - raft.server.log.write.buffer.size = 33554432 (custom)
2019-10-24 07:34:16,641 [pool-59-thread-1] INFO  server.RaftServerConfigKeys (ConfUtils.java:logGet(43)) - raft.server.log.force.sync.num = 128 (default)
2019-10-24 07:34:16,641 [pool-59-thread-1] INFO  server.RaftServerConfigKeys (ConfUtils.java:logGet(43)) - raft.server.log.statemachine.data.sync = true (default)
2019-10-24 07:34:16,641 [pool-59-thread-1] INFO  server.RaftServerConfigKeys (ConfUtils.java:logGet(43)) - raft.server.log.statemachine.data.sync.timeout = 10s (default)
2019-10-24 07:34:16,641 [pool-59-thread-1] INFO  server.RaftServerConfigKeys (ConfUtils.java:logGet(43)) - raft.server.log.statemachine.data.sync.timeout.retry = -1 (default)
2019-10-24 07:34:16,641 [pool-59-thread-1] INFO  server.RaftServerConfigKeys (ConfUtils.java:logGet(43)) - raft.server.log.statemachine.data.caching.enabled = true (custom)
2019-10-24 07:34:16,642 [pool-59-thread-1] INFO  impl.RaftServerImpl (ServerState.java:setRaftConf(356)) - 6f89809c-7abc-423e-b97b-03c6b4343e46@group-8A24D736DBE7: set configuration 0: [6f89809c-7abc-423e-b97b-03c6b4343e46:192.168.164.194:43246], old=null at 0
2019-10-24 07:34:16,642 [pool-59-thread-1] INFO  segmented.LogSegment (LogSegment.java:loadSegment(140)) - Successfully read 1 entries from segment file /workdir/hadoop-ozone/integration-test/target/test-dir/MiniOzoneClusterImpl-94783617-520d-431f-bfa8-8bf76244d9bc/datanode-2/data/ratis/ffad6123-6fe5-4f68-bbb8-8a24d736dbe7/current/log_inprogress_0
2019-10-24 07:34:16,642 [pool-59-thread-1] INFO  segmented.SegmentedRaftLogWorker (SegmentedRaftLogWorker.java:lambda$new$0(128)) - 6f89809c-7abc-423e-b97b-03c6b4343e46@group-8A24D736DBE7-SegmentedRaftLogWorker: flushIndex: setUnconditionally 0 -> 0
2019-10-24 07:34:16,670 [pool-59-thread-1] INFO  server.RaftServerConfigKeys (ConfUtils.java:logGet(43)) - raft.server.snapshot.auto.trigger.enabled = true (custom)
2019-10-24 07:34:16,670 [pool-59-thread-1] INFO  server.RaftServerConfigKeys (ConfUtils.java:logGet(43)) - raft.server.snapshot.auto.trigger.threshold = 10000 (custom)
2019-10-24 07:34:16,670 [pool-59-thread-1] INFO  server.RaftServerConfigKeys (ConfUtils.java:logGet(43)) - raft.server.snapshot.retention.file.num = 5 (custom)
2019-10-24 07:34:16,670 [pool-59-thread-1] INFO  server.RaftServerConfigKeys (ConfUtils.java:logGet(43)) - raft.server.retrycache.expirytime = 600000ms (custom)
2019-10-24 07:34:16,772 [grpc-default-executor-0] WARN  server.GrpcLogAppender (LogUtils.java:warn(134)) - e0ed10f2-3224-42fb-9fee-fcf0e55d7c66@group-870F7E70D6B1->6f89809c-7abc-423e-b97b-03c6b4343e46-AppendLogResponseHandler: Failed appendEntries: org.apache.ratis.thirdparty.io.grpc.StatusRuntimeException: UNAVAILABLE: io exception
2019-10-24 07:34:16,773 [grpc-default-executor-0] INFO  impl.FollowerInfo (FollowerInfo.java:lambda$new$0(51)) - e0ed10f2-3224-42fb-9fee-fcf0e55d7c66@group-870F7E70D6B1->6f89809c-7abc-423e-b97b-03c6b4343e46: nextIndex: updateUnconditionally 0 -> 0
2019-10-24 07:34:16,892 [pool-7-thread-2] INFO  commands.RetriableDatanodeEventWatcher (RetriableDatanodeEventWatcher.java:onTimeout(47)) - RetriableDatanodeCommand type=deleteBlocksCommand with id=1571902454894 timed out. Retrying.
2019-10-24 07:34:16,892 [pool-7-thread-1] INFO  commands.RetriableDatanodeEventWatcher (RetriableDatanodeEventWatcher.java:onTimeout(47)) - RetriableDatanodeCommand type=deleteBlocksCommand with id=1571902454895 timed out. Retrying.
2019-10-24 07:34:16,893 [pool-7-thread-1] INFO  commands.RetriableDatanodeEventWatcher (RetriableDatanodeEventWatcher.java:onTimeout(47)) - RetriableDatanodeCommand type=deleteBlocksCommand with id=1571902454892 timed out. Retrying.
2019-10-24 07:34:16,893 [SCMBlockDeletingService#0] INFO  block.SCMBlockDeletingService (SCMBlockDeletingService.java:call(184)) - Totally added 2 delete blocks command for 2 datanodes, task elapsed time: 0ms
2019-10-24 07:34:16,894 [pool-7-thread-1] INFO  commands.RetriableDatanodeEventWatcher (RetriableDatanodeEventWatcher.java:onTimeout(47)) - RetriableDatanodeCommand type=deleteBlocksCommand with id=1571902454891 timed out. Retrying.
2019-10-24 07:34:16,963 [Command processor thread] INFO  commandhandler.DeleteBlocksCommandHandler (DeleteBlocksCommandHandler.java:handle(106)) - Start to delete container blocks, TXIDs=[1(2)], numOfContainers=1, numOfBlocks=1
2019-10-24 07:34:16,963 [Command processor thread] INFO  commandhandler.DeleteBlocksCommandHandler (DeleteBlocksCommandHandler.java:handle(106)) - Start to delete container blocks, TXIDs=[1(0)], numOfContainers=1, numOfBlocks=1
2019-10-24 07:34:17,464 [BlockDeletingService#2] WARN  background.BlockDeletingService (BlockDeletingService.java:isDeletionAllowed(187)) - Close Container log Index 6 is not replicated across allthe servers in the pipeline c690a9b5-90d2-4057-86e6-870f7e70d6b1 as the min replicated index is 4. Deletion is not allowed in this container yet.
2019-10-24 07:34:17,464 [BlockDeletingService#2] WARN  background.BlockDeletingService (BlockDeletingService.java:isDeletionAllowed(187)) - Close Container log Index 6 is not replicated across allthe servers in the pipeline c690a9b5-90d2-4057-86e6-870f7e70d6b1 as the min replicated index is 4. Deletion is not allowed in this container yet.
2019-10-24 07:34:17,845 [grpc-default-executor-0] WARN  server.GrpcLogAppender (LogUtils.java:warn(134)) - 1511a8b7-2741-4c2d-9317-1899631fe9c9@group-AC59B62BA460->6f89809c-7abc-423e-b97b-03c6b4343e46-AppendLogResponseHandler: Failed appendEntries: org.apache.ratis.thirdparty.io.grpc.StatusRuntimeException: UNAVAILABLE: io exception
2019-10-24 07:34:17,845 [grpc-default-executor-0] INFO  impl.FollowerInfo (FollowerInfo.java:lambda$new$0(51)) - 1511a8b7-2741-4c2d-9317-1899631fe9c9@group-AC59B62BA460->6f89809c-7abc-423e-b97b-03c6b4343e46: nextIndex: updateUnconditionally 0 -> 0
2019-10-24 07:34:17,892 [pool-7-thread-1] INFO  commands.RetriableDatanodeEventWatcher (RetriableDatanodeEventWatcher.java:onTimeout(47)) - RetriableDatanodeCommand type=deleteBlocksCommand with id=1571902454894 timed out. Retrying.
2019-10-24 07:34:17,892 [pool-7-thread-2] INFO  commands.RetriableDatanodeEventWatcher (RetriableDatanodeEventWatcher.java:onTimeout(47)) - RetriableDatanodeCommand type=deleteBlocksCommand with id=1571902454895 timed out. Retrying.
2019-10-24 07:34:17,893 [pool-7-thread-2] INFO  commands.RetriableDatanodeEventWatcher (RetriableDatanodeEventWatcher.java:onTimeout(47)) - RetriableDatanodeCommand type=deleteBlocksCommand with id=1571902454896 timed out. Retrying.
2019-10-24 07:34:17,893 [pool-7-thread-1] INFO  commands.RetriableDatanodeEventWatcher (RetriableDatanodeEventWatcher.java:onTimeout(47)) - RetriableDatanodeCommand type=deleteBlocksCommand with id=1571902454897 timed out. Retrying.
2019-10-24 07:34:17,893 [pool-7-thread-3] INFO  commands.RetriableDatanodeEventWatcher (RetriableDatanodeEventWatcher.java:onTimeout(47)) - RetriableDatanodeCommand type=deleteBlocksCommand with id=1571902454892 timed out. Retrying.
2019-10-24 07:34:17,894 [SCMBlockDeletingService#0] INFO  block.SCMBlockDeletingService (SCMBlockDeletingService.java:call(184)) - Totally added 2 delete blocks command for 2 datanodes, task elapsed time: 0ms
2019-10-24 07:34:17,895 [pool-7-thread-3] INFO  commands.RetriableDatanodeEventWatcher (RetriableDatanodeEventWatcher.java:onTimeout(47)) - RetriableDatanodeCommand type=deleteBlocksCommand with id=1571902454891 timed out. Retrying.
2019-10-24 07:34:17,966 [Command processor thread] INFO  commandhandler.DeleteBlocksCommandHandler (DeleteBlocksCommandHandler.java:handle(106)) - Start to delete container blocks, TXIDs=[1(2)], numOfContainers=1, numOfBlocks=1
2019-10-24 07:34:17,967 [Command processor thread] INFO  commandhandler.DeleteBlocksCommandHandler (DeleteBlocksCommandHandler.java:handle(106)) - Start to delete container blocks, TXIDs=[1(6)], numOfContainers=1, numOfBlocks=1
2019-10-24 07:34:17,967 [Command processor thread] INFO  commandhandler.DeleteBlocksCommandHandler (DeleteBlocksCommandHandler.java:handle(106)) - Start to delete container blocks, TXIDs=[1(0)], numOfContainers=1, numOfBlocks=1
2019-10-24 07:34:18,466 [BlockDeletingService#2] WARN  background.BlockDeletingService (BlockDeletingService.java:isDeletionAllowed(187)) - Close Container log Index 6 is not replicated across allthe servers in the pipeline c690a9b5-90d2-4057-86e6-870f7e70d6b1 as the min replicated index is 4. Deletion is not allowed in this container yet.
2019-10-24 07:34:18,466 [BlockDeletingService#2] WARN  background.BlockDeletingService (BlockDeletingService.java:isDeletionAllowed(187)) - Close Container log Index 6 is not replicated across allthe servers in the pipeline c690a9b5-90d2-4057-86e6-870f7e70d6b1 as the min replicated index is 4. Deletion is not allowed in this container yet.
2019-10-24 07:34:18,572 [Datanode State Machine Thread - 0] INFO  ozoneimpl.OzoneContainer (OzoneContainer.java:start(213)) - Attempting to start container services.
2019-10-24 07:34:18,574 [Datanode State Machine Thread - 0] INFO  ozoneimpl.OzoneContainer (OzoneContainer.java:startContainerScrub(177)) - Background container scanner has been disabled.
2019-10-24 07:34:18,575 [Datanode State Machine Thread - 0] INFO  ratis.XceiverServerRatis (XceiverServerRatis.java:start(418)) - Starting XceiverServerRatis 6f89809c-7abc-423e-b97b-03c6b4343e46 at port 43246
2019-10-24 07:34:18,725 [Datanode State Machine Thread - 0] INFO  impl.RaftServerImpl (RaftServerImpl.java:start(181)) - 6f89809c-7abc-423e-b97b-03c6b4343e46@group-870F7E70D6B1: start as a follower, conf=0: [e0ed10f2-3224-42fb-9fee-fcf0e55d7c66:192.168.164.194:44281, 1511a8b7-2741-4c2d-9317-1899631fe9c9:192.168.164.194:43544, 6f89809c-7abc-423e-b97b-03c6b4343e46:192.168.164.194:43246], old=null
2019-10-24 07:34:18,726 [ForkJoinPool.commonPool-worker-1] INFO  impl.RaftServerImpl (RaftServerImpl.java:start(181)) - 6f89809c-7abc-423e-b97b-03c6b4343e46@group-AC59B62BA460: start as a follower, conf=0: [e0ed10f2-3224-42fb-9fee-fcf0e55d7c66:192.168.164.194:44281, 6f89809c-7abc-423e-b97b-03c6b4343e46:192.168.164.194:43246, 1511a8b7-2741-4c2d-9317-1899631fe9c9:192.168.164.194:43544], old=null
2019-10-24 07:34:18,726 [Datanode State Machine Thread - 0] INFO  impl.RaftServerImpl (RaftServerImpl.java:setRole(170)) - 6f89809c-7abc-423e-b97b-03c6b4343e46@group-870F7E70D6B1: changes role from      null to FOLLOWER at term 1 for startAsFollower
2019-10-24 07:34:18,726 [ForkJoinPool.commonPool-worker-1] INFO  impl.RaftServerImpl (RaftServerImpl.java:setRole(170)) - 6f89809c-7abc-423e-b97b-03c6b4343e46@group-AC59B62BA460: changes role from      null to FOLLOWER at term 1 for startAsFollower
2019-10-24 07:34:18,732 [ForkJoinPool.commonPool-worker-1] INFO  impl.RoleInfo (RoleInfo.java:updateAndGet(143)) - 6f89809c-7abc-423e-b97b-03c6b4343e46: start FollowerState
2019-10-24 07:34:18,727 [Datanode State Machine Thread - 0] INFO  impl.RoleInfo (RoleInfo.java:updateAndGet(143)) - 6f89809c-7abc-423e-b97b-03c6b4343e46: start FollowerState
2019-10-24 07:34:18,733 [Datanode State Machine Thread - 0] INFO  util.JmxRegister (JmxRegister.java:tryRegister(44)) - Successfully registered JMX Bean with object name Ratis:service=RaftServer,group=group-870F7E70D6B1,id=6f89809c-7abc-423e-b97b-03c6b4343e46
2019-10-24 07:34:18,733 [ForkJoinPool.commonPool-worker-1] INFO  util.JmxRegister (JmxRegister.java:tryRegister(44)) - Successfully registered JMX Bean with object name Ratis:service=RaftServer,group=group-AC59B62BA460,id=6f89809c-7abc-423e-b97b-03c6b4343e46
2019-10-24 07:34:18,735 [Datanode State Machine Thread - 0] INFO  impl.RaftServerImpl (RaftServerImpl.java:start(181)) - 6f89809c-7abc-423e-b97b-03c6b4343e46@group-8A24D736DBE7: start as a follower, conf=0: [6f89809c-7abc-423e-b97b-03c6b4343e46:192.168.164.194:43246], old=null
2019-10-24 07:34:18,737 [Datanode State Machine Thread - 0] INFO  impl.RaftServerImpl (RaftServerImpl.java:setRole(170)) - 6f89809c-7abc-423e-b97b-03c6b4343e46@group-8A24D736DBE7: changes role from      null to FOLLOWER at term 1 for startAsFollower
2019-10-24 07:34:18,737 [Datanode State Machine Thread - 0] INFO  impl.RoleInfo (RoleInfo.java:updateAndGet(143)) - 6f89809c-7abc-423e-b97b-03c6b4343e46: start FollowerState
2019-10-24 07:34:18,737 [Datanode State Machine Thread - 0] INFO  util.JmxRegister (JmxRegister.java:tryRegister(44)) - Successfully registered JMX Bean with object name Ratis:service=RaftServer,group=group-8A24D736DBE7,id=6f89809c-7abc-423e-b97b-03c6b4343e46
2019-10-24 07:34:18,739 [Datanode State Machine Thread - 0] INFO  impl.RaftServerProxy (RaftServerProxy.java:lambda$start$3(299)) - 6f89809c-7abc-423e-b97b-03c6b4343e46: start RPC server
2019-10-24 07:34:18,740 [Datanode State Machine Thread - 0] INFO  server.GrpcService (GrpcService.java:startImpl(158)) - 6f89809c-7abc-423e-b97b-03c6b4343e46: GrpcService started, listening on 0.0.0.0/0.0.0.0:43246
2019-10-24 07:34:18,893 [pool-7-thread-1] INFO  commands.RetriableDatanodeEventWatcher (RetriableDatanodeEventWatcher.java:onTimeout(47)) - RetriableDatanodeCommand type=deleteBlocksCommand with id=1571902454895 timed out. Retrying.
2019-10-24 07:34:18,893 [pool-7-thread-3] INFO  commands.RetriableDatanodeEventWatcher (RetriableDatanodeEventWatcher.java:onTimeout(47)) - RetriableDatanodeCommand type=deleteBlocksCommand with id=1571902454894 timed out. Retrying.
2019-10-24 07:34:18,893 [pool-7-thread-3] INFO  commands.RetriableDatanodeEventWatcher (RetriableDatanodeEventWatcher.java:onTimeout(47)) - RetriableDatanodeCommand type=deleteBlocksCommand with id=1571902454898 timed out. Retrying.
2019-10-24 07:34:18,894 [pool-7-thread-2] INFO  commands.RetriableDatanodeEventWatcher (RetriableDatanodeEventWatcher.java:onTimeout(47)) - RetriableDatanodeCommand type=deleteBlocksCommand with id=1571902454896 timed out. Retrying.
2019-10-24 07:34:18,894 [pool-7-thread-1] INFO  commands.RetriableDatanodeEventWatcher (RetriableDatanodeEventWatcher.java:onTimeout(47)) - RetriableDatanodeCommand type=deleteBlocksCommand with id=1571902454899 timed out. Retrying.
2019-10-24 07:34:18,894 [pool-7-thread-5] INFO  commands.RetriableDatanodeEventWatcher (RetriableDatanodeEventWatcher.java:onTimeout(47)) - RetriableDatanodeCommand type=deleteBlocksCommand with id=1571902454892 timed out. Retrying.
2019-10-24 07:34:18,894 [pool-7-thread-4] INFO  commands.RetriableDatanodeEventWatcher (RetriableDatanodeEventWatcher.java:onTimeout(47)) - RetriableDatanodeCommand type=deleteBlocksCommand with id=1571902454897 timed out. Retrying.
2019-10-24 07:34:18,895 [pool-7-thread-4] INFO  commands.RetriableDatanodeEventWatcher (RetriableDatanodeEventWatcher.java:onTimeout(47)) - RetriableDatanodeCommand type=deleteBlocksCommand with id=1571902454891 timed out. Retrying.
2019-10-24 07:34:18,896 [SCMBlockDeletingService#0] INFO  block.SCMBlockDeletingService (SCMBlockDeletingService.java:call(184)) - Totally added 2 delete blocks command for 2 datanodes, task elapsed time: 1ms
2019-10-24 07:34:19,067 [Command processor thread] INFO  commandhandler.DeleteBlocksCommandHandler (DeleteBlocksCommandHandler.java:handle(106)) - Start to delete container blocks, TXIDs=[1(2)], numOfContainers=1, numOfBlocks=1
2019-10-24 07:34:19,067 [Command processor thread] INFO  commandhandler.DeleteBlocksCommandHandler (DeleteBlocksCommandHandler.java:handle(106)) - Start to delete container blocks, TXIDs=[1(6)], numOfContainers=1, numOfBlocks=1
2019-10-24 07:34:19,068 [Command processor thread] INFO  commandhandler.DeleteBlocksCommandHandler (DeleteBlocksCommandHandler.java:handle(106)) - Start to delete container blocks, TXIDs=[1(9)], numOfContainers=1, numOfBlocks=1
2019-10-24 07:34:19,068 [Command processor thread] INFO  commandhandler.DeleteBlocksCommandHandler (DeleteBlocksCommandHandler.java:handle(106)) - Start to delete container blocks, TXIDs=[1(0)], numOfContainers=1, numOfBlocks=1
2019-10-24 07:34:19,068 [Command processor thread] INFO  commandhandler.DeleteBlocksCommandHandler (DeleteBlocksCommandHandler.java:handle(106)) - Start to delete container blocks, TXIDs=[1(2)], numOfContainers=1, numOfBlocks=1
2019-10-24 07:34:19,068 [Command processor thread] INFO  commandhandler.DeleteBlocksCommandHandler (DeleteBlocksCommandHandler.java:handle(106)) - Start to delete container blocks, TXIDs=[1(9)], numOfContainers=1, numOfBlocks=1
2019-10-24 07:34:19,068 [Command processor thread] INFO  commandhandler.DeleteBlocksCommandHandler (DeleteBlocksCommandHandler.java:handle(106)) - Start to delete container blocks, TXIDs=[1(6)], numOfContainers=1, numOfBlocks=1
2019-10-24 07:34:19,068 [Command processor thread] INFO  commandhandler.DeleteBlocksCommandHandler (DeleteBlocksCommandHandler.java:handle(106)) - Start to delete container blocks, TXIDs=[1(13)], numOfContainers=1, numOfBlocks=1
2019-10-24 07:34:19,069 [Command processor thread] INFO  commandhandler.DeleteBlocksCommandHandler (DeleteBlocksCommandHandler.java:handle(106)) - Start to delete container blocks, TXIDs=[1(0)], numOfContainers=1, numOfBlocks=1
2019-10-24 07:34:19,276 [grpc-default-executor-0] INFO  impl.RaftServerImpl (ServerState.java:setLeader(255)) - 6f89809c-7abc-423e-b97b-03c6b4343e46@group-870F7E70D6B1: change Leader from null to e0ed10f2-3224-42fb-9fee-fcf0e55d7c66 at term 1 for appendEntries, leader elected after 2750ms
2019-10-24 07:34:19,283 [grpc-default-executor-0] INFO  impl.RaftServerImpl (RaftServerImpl.java:checkInconsistentAppendEntries(990)) - 6f89809c-7abc-423e-b97b-03c6b4343e46@group-870F7E70D6B1: Failed appendEntries as latest snapshot (3) already has the append entries (first index: 0)
2019-10-24 07:34:19,283 [grpc-default-executor-0] INFO  impl.RaftServerImpl (RaftServerImpl.java:checkInconsistentAppendEntries(972)) - 6f89809c-7abc-423e-b97b-03c6b4343e46@group-870F7E70D6B1: inconsistency entries. Reply:e0ed10f2-3224-42fb-9fee-fcf0e55d7c66<-6f89809c-7abc-423e-b97b-03c6b4343e46#52:FAIL,INCONSISTENCY,nextIndex:4,term:1,followerCommit:3
2019-10-24 07:34:19,311 [grpc-default-executor-0] INFO  impl.FollowerInfo (FollowerInfo.java:lambda$new$0(51)) - e0ed10f2-3224-42fb-9fee-fcf0e55d7c66@group-870F7E70D6B1->6f89809c-7abc-423e-b97b-03c6b4343e46: nextIndex: updateUnconditionally 2 -> 4
2019-10-24 07:34:19,312 [grpc-default-executor-0] INFO  impl.RaftServerImpl (RaftServerImpl.java:checkInconsistentAppendEntries(990)) - 6f89809c-7abc-423e-b97b-03c6b4343e46@group-870F7E70D6B1: Failed appendEntries as latest snapshot (3) already has the append entries (first index: 1)
2019-10-24 07:34:19,312 [grpc-default-executor-0] INFO  impl.RaftServerImpl (RaftServerImpl.java:checkInconsistentAppendEntries(972)) - 6f89809c-7abc-423e-b97b-03c6b4343e46@group-870F7E70D6B1: inconsistency entries. Reply:e0ed10f2-3224-42fb-9fee-fcf0e55d7c66<-6f89809c-7abc-423e-b97b-03c6b4343e46#53:FAIL,INCONSISTENCY,nextIndex:4,term:1,followerCommit:3
2019-10-24 07:34:19,314 [grpc-default-executor-3] WARN  server.GrpcLogAppender (GrpcLogAppender.java:onNextImpl(251)) - e0ed10f2-3224-42fb-9fee-fcf0e55d7c66@group-870F7E70D6B1->6f89809c-7abc-423e-b97b-03c6b4343e46-AppendLogResponseHandler: Request not found, ignoring reply: e0ed10f2-3224-42fb-9fee-fcf0e55d7c66<-6f89809c-7abc-423e-b97b-03c6b4343e46#53:FAIL,INCONSISTENCY,nextIndex:4,term:1,followerCommit:3
2019-10-24 07:34:19,467 [BlockDeletingService#2] INFO  background.BlockDeletingService (BlockDeletingService.java:getTasks(130)) - Plan to choose 10 containers for block deletion, actually returns 1 valid containers.
2019-10-24 07:34:19,467 [BlockDeletingService#2] INFO  background.BlockDeletingService (BlockDeletingService.java:getTasks(130)) - Plan to choose 10 containers for block deletion, actually returns 1 valid containers.
2019-10-24 07:34:19,480 [BlockDeletingService#8] INFO  background.BlockDeletingService (BlockDeletingService.java:call(316)) - Container: 1, deleted blocks: 1, task elapsed time: 9ms
2019-10-24 07:34:19,480 [BlockDeletingService#8] INFO  background.BlockDeletingService (BlockDeletingService.java:call(316)) - Container: 1, deleted blocks: 1, task elapsed time: 9ms
2019-10-24 07:34:19,894 [pool-7-thread-4] INFO  commands.RetriableDatanodeEventWatcher (RetriableDatanodeEventWatcher.java:onTimeout(47)) - RetriableDatanodeCommand type=deleteBlocksCommand with id=1571902454895 timed out. Retrying.
2019-10-24 07:34:19,895 [pool-7-thread-4] INFO  commands.RetriableDatanodeEventWatcher (RetriableDatanodeEventWatcher.java:onTimeout(47)) - RetriableDatanodeCommand type=deleteBlocksCommand with id=1571902454899 timed out. Retrying.
2019-10-24 07:34:19,895 [pool-7-thread-2] INFO  commands.RetriableDatanodeEventWatcher (RetriableDatanodeEventWatcher.java:onTimeout(47)) - RetriableDatanodeCommand type=deleteBlocksCommand with id=1571902454892 timed out. Retrying.
2019-10-24 07:34:19,895 [pool-7-thread-1] INFO  commands.RetriableDatanodeEventWatcher (RetriableDatanodeEventWatcher.java:onTimeout(47)) - RetriableDatanodeCommand type=deleteBlocksCommand with id=1571902454901 timed out. Retrying.
2019-10-24 07:34:19,896 [pool-7-thread-5] INFO  commands.RetriableDatanodeEventWatcher (RetriableDatanodeEventWatcher.java:onTimeout(47)) - RetriableDatanodeCommand type=deleteBlocksCommand with id=1571902454897 timed out. Retrying.
2019-10-24 07:34:19,897 [SCMBlockDeletingService#0] INFO  block.SCMBlockDeletingService (SCMBlockDeletingService.java:call(184)) - Totally added 1 delete blocks command for 1 datanodes, task elapsed time: 1ms
2019-10-24 07:34:20,349 [grpc-default-executor-3] INFO  impl.RaftServerImpl (ServerState.java:setLeader(255)) - 6f89809c-7abc-423e-b97b-03c6b4343e46@group-AC59B62BA460: change Leader from null to 1511a8b7-2741-4c2d-9317-1899631fe9c9 at term 1 for appendEntries, leader elected after 3763ms
2019-10-24 07:34:20,354 [grpc-default-executor-3] INFO  impl.RaftServerImpl (ServerState.java:setRaftConf(356)) - 6f89809c-7abc-423e-b97b-03c6b4343e46@group-AC59B62BA460: set configuration 0: [e0ed10f2-3224-42fb-9fee-fcf0e55d7c66:192.168.164.194:44281, 6f89809c-7abc-423e-b97b-03c6b4343e46:192.168.164.194:43246, 1511a8b7-2741-4c2d-9317-1899631fe9c9:192.168.164.194:43544], old=null at 0
2019-10-24 07:34:20,362 [Thread-646] INFO  client.GrpcClientProtocolService (GrpcClientProtocolService.java:lambda$processClientRequest$0(278)) - Failed RaftClientRequest:client-950A9ED4B75C->6f89809c-7abc-423e-b97b-03c6b4343e46@group-870F7E70D6B1, cid=13, seq=0, Watch-ALL_COMMITTED(6), Message:<EMPTY>, reply=RaftClientReply:client-950A9ED4B75C->6f89809c-7abc-423e-b97b-03c6b4343e46@group-870F7E70D6B1, cid=13, FAILED org.apache.ratis.protocol.NotLeaderException: Server 6f89809c-7abc-423e-b97b-03c6b4343e46@group-870F7E70D6B1 is not the leader e0ed10f2-3224-42fb-9fee-fcf0e55d7c66:192.168.164.194:44281, logIndex=0, commits[6f89809c-7abc-423e-b97b-03c6b4343e46:c8, e0ed10f2-3224-42fb-9fee-fcf0e55d7c66:c8, 1511a8b7-2741-4c2d-9317-1899631fe9c9:c8]
2019-10-24 07:34:20,401 [EventQueue-PendingDeleteStatusForPendingDeleteHandler] INFO  block.SCMBlockDeletingService (SCMBlockDeletingService.java:handlePendingDeletes(115)) - Block deletion txnID mismatch in datanode 6f89809c-7abc-423e-b97b-03c6b4343e46 for containerID 1. Datanode delete txnID: 0, SCM txnID: 1
2019-10-24 07:34:20,411 [RatisApplyTransactionExecutor 1] INFO  interfaces.Container (KeyValueContainer.java:flushAndSyncDB(386)) - Container 1 is synced with bcsId 6.
2019-10-24 07:34:20,413 [RatisApplyTransactionExecutor 1] INFO  interfaces.Container (KeyValueContainer.java:flushAndSyncDB(386)) - Container 1 is synced with bcsId 6.
2019-10-24 07:34:20,427 [RatisApplyTransactionExecutor 1] INFO  interfaces.Container (KeyValueContainer.java:close(335)) - Container 1 is closed with bcsId 6.
2019-10-24 07:34:20,430 [EventQueue-PendingDeleteStatusForPendingDeleteHandler] INFO  block.SCMBlockDeletingService (SCMBlockDeletingService.java:handlePendingDeletes(115)) - Block deletion txnID mismatch in datanode 6f89809c-7abc-423e-b97b-03c6b4343e46 for containerID 1. Datanode delete txnID: 0, SCM txnID: 1
2019-10-24 07:34:20,519 [grpc-default-executor-0] INFO  impl.RaftServerProxy (RaftServerProxy.java:addNew(89)) - 6f89809c-7abc-423e-b97b-03c6b4343e46: addNew group-D9B4DD8968A3:[6f89809c-7abc-423e-b97b-03c6b4343e46:192.168.164.194:43246] returns group-D9B4DD8968A3:java.util.concurrent.CompletableFuture@4b379c63[Not completed]
2019-10-24 07:34:20,521 [pool-59-thread-1] INFO  impl.RaftServerImpl (RaftServerImpl.java:<init>(95)) - 6f89809c-7abc-423e-b97b-03c6b4343e46: new RaftServerImpl for group-D9B4DD8968A3:[6f89809c-7abc-423e-b97b-03c6b4343e46:192.168.164.194:43246] with ContainerStateMachine:uninitialized
2019-10-24 07:34:20,521 [pool-59-thread-1] INFO  server.RaftServerConfigKeys (ConfUtils.java:logGet(43)) - raft.server.rpc.timeout.min = 5s (custom)
2019-10-24 07:34:20,522 [pool-59-thread-1] INFO  server.RaftServerConfigKeys (ConfUtils.java:logGet(43)) - raft.server.rpc.timeout.max = 5200ms (custom)
2019-10-24 07:34:20,522 [pool-59-thread-1] INFO  server.RaftServerConfigKeys (ConfUtils.java:logGet(43)) - raft.server.rpcslowness.timeout = 1000s (custom)
2019-10-24 07:34:20,522 [pool-59-thread-1] INFO  server.RaftServerConfigKeys (ConfUtils.java:logGet(43)) - raft.server.sleep.deviation.threshold = 300 (default)
2019-10-24 07:34:20,522 [pool-59-thread-1] INFO  server.RaftServerConfigKeys (ConfUtils.java:logGet(43)) - raft.server.log.appender.install.snapshot.enabled = false (custom)
2019-10-24 07:34:20,522 [pool-59-thread-1] INFO  impl.RaftServerImpl (ServerState.java:<init>(103)) - 6f89809c-7abc-423e-b97b-03c6b4343e46@group-D9B4DD8968A3: ConfigurationManager, init=-1: [6f89809c-7abc-423e-b97b-03c6b4343e46:192.168.164.194:43246], old=null, confs=<EMPTY_MAP>
2019-10-24 07:34:20,522 [pool-59-thread-1] INFO  server.RaftServerConfigKeys (ConfUtils.java:logGet(43)) - raft.server.storage.dir = [/workdir/hadoop-ozone/integration-test/target/test-dir/MiniOzoneClusterImpl-94783617-520d-431f-bfa8-8bf76244d9bc/datanode-2/data/ratis] (custom)
2019-10-24 07:34:20,523 [pool-59-thread-1] INFO  server.RaftServerConfigKeys (ConfUtils.java:logGet(43)) - raft.server.log.corruption.policy = EXCEPTION (default)
2019-10-24 07:34:20,523 [pool-59-thread-1] INFO  storage.RaftStorageDirectory (RaftStorageDirectory.java:analyzeStorage(246)) - The storage directory /workdir/hadoop-ozone/integration-test/target/test-dir/MiniOzoneClusterImpl-94783617-520d-431f-bfa8-8bf76244d9bc/datanode-2/data/ratis/867f6256-794c-49c7-9cec-d9b4dd8968a3 does not exist. Creating ...
2019-10-24 07:34:20,536 [pool-59-thread-1] INFO  storage.RaftStorageDirectory (RaftStorageDirectory.java:tryLock(328)) - Lock on /workdir/hadoop-ozone/integration-test/target/test-dir/MiniOzoneClusterImpl-94783617-520d-431f-bfa8-8bf76244d9bc/datanode-2/data/ratis/867f6256-794c-49c7-9cec-d9b4dd8968a3/in_use.lock acquired by nodename 15539@pr-hdds-1569-mb8zc-4097773718
2019-10-24 07:34:20,549 [pool-59-thread-1] INFO  storage.RaftStorage (RaftStorage.java:format(84)) - Storage directory /workdir/hadoop-ozone/integration-test/target/test-dir/MiniOzoneClusterImpl-94783617-520d-431f-bfa8-8bf76244d9bc/datanode-2/data/ratis/867f6256-794c-49c7-9cec-d9b4dd8968a3 has been successfully formatted.
2019-10-24 07:34:20,549 [pool-59-thread-1] INFO  ratis.ContainerStateMachine (ContainerStateMachine.java:loadSnapshot(231)) - group-D9B4DD8968A3: The snapshot info is null. Setting the last applied indexto:(t:0, i:~)
2019-10-24 07:34:20,549 [pool-59-thread-1] INFO  server.RaftServerConfigKeys (ConfUtils.java:logGet(43)) - raft.server.notification.no-leader.timeout = 1000s (custom)
2019-10-24 07:34:20,549 [pool-59-thread-1] INFO  server.RaftServerConfigKeys (ConfUtils.java:logGet(43)) - raft.server.log.use.memory = false (default)
2019-10-24 07:34:20,550 [pool-59-thread-1] INFO  server.RaftServerConfigKeys (ConfUtils.java:logGet(43)) - raft.server.log.purge.gap = 1000000 (custom)
2019-10-24 07:34:20,550 [pool-59-thread-1] INFO  server.RaftServerConfigKeys (ConfUtils.java:logGet(43)) - raft.server.log.appender.buffer.byte-limit = 33554432 (custom)
2019-10-24 07:34:20,550 [pool-59-thread-1] INFO  server.RaftServerConfigKeys (ConfUtils.java:logGet(43)) - raft.server.log.segment.size.max = 1048576 (custom)
2019-10-24 07:34:20,550 [pool-59-thread-1] INFO  server.RaftServerConfigKeys (ConfUtils.java:logGet(43)) - raft.server.log.segment.cache.num.max = 2 (custom)
2019-10-24 07:34:20,550 [pool-59-thread-1] INFO  segmented.SegmentedRaftLogWorker (SegmentedRaftLogWorker.java:<init>(173)) - new 6f89809c-7abc-423e-b97b-03c6b4343e46@group-D9B4DD8968A3-SegmentedRaftLogWorker for RaftStorage:Storage Directory /workdir/hadoop-ozone/integration-test/target/test-dir/MiniOzoneClusterImpl-94783617-520d-431f-bfa8-8bf76244d9bc/datanode-2/data/ratis/867f6256-794c-49c7-9cec-d9b4dd8968a3
2019-10-24 07:34:20,550 [pool-59-thread-1] INFO  server.RaftServerConfigKeys (ConfUtils.java:logGet(43)) - raft.server.log.queue.byte-limit = 2147483647 (custom)
2019-10-24 07:34:20,550 [pool-59-thread-1] INFO  server.RaftServerConfigKeys (ConfUtils.java:logGet(43)) - raft.server.log.queue.element-limit = 1024 (custom)
2019-10-24 07:34:20,550 [pool-59-thread-1] INFO  server.RaftServerConfigKeys (ConfUtils.java:logGet(43)) - raft.server.log.segment.size.max = 1048576 (custom)
2019-10-24 07:34:20,551 [pool-59-thread-1] INFO  server.RaftServerConfigKeys (ConfUtils.java:logGet(43)) - raft.server.log.preallocated.size = 16384 (custom)
2019-10-24 07:34:20,551 [pool-59-thread-1] INFO  server.RaftServerConfigKeys (ConfUtils.java:logGet(43)) - raft.server.log.write.buffer.size = 33554432 (custom)
2019-10-24 07:34:20,551 [pool-59-thread-1] INFO  server.RaftServerConfigKeys (ConfUtils.java:logGet(43)) - raft.server.log.force.sync.num = 128 (default)
2019-10-24 07:34:20,551 [pool-59-thread-1] INFO  server.RaftServerConfigKeys (ConfUtils.java:logGet(43)) - raft.server.log.statemachine.data.sync = true (default)
2019-10-24 07:34:20,551 [pool-59-thread-1] INFO  server.RaftServerConfigKeys (ConfUtils.java:logGet(43)) - raft.server.log.statemachine.data.sync.timeout = 10s (default)
2019-10-24 07:34:20,551 [pool-59-thread-1] INFO  server.RaftServerConfigKeys (ConfUtils.java:logGet(43)) - raft.server.log.statemachine.data.sync.timeout.retry = -1 (default)
2019-10-24 07:34:20,551 [pool-59-thread-1] INFO  server.RaftServerConfigKeys (ConfUtils.java:logGet(43)) - raft.server.log.statemachine.data.caching.enabled = true (custom)
2019-10-24 07:34:20,552 [pool-59-thread-1] INFO  segmented.SegmentedRaftLogWorker (SegmentedRaftLogWorker.java:lambda$new$0(128)) - 6f89809c-7abc-423e-b97b-03c6b4343e46@group-D9B4DD8968A3-SegmentedRaftLogWorker: flushIndex: setUnconditionally 0 -> -1
2019-10-24 07:34:20,552 [pool-59-thread-1] INFO  server.RaftServerConfigKeys (ConfUtils.java:logGet(43)) - raft.server.snapshot.auto.trigger.enabled = true (custom)
2019-10-24 07:34:20,552 [pool-59-thread-1] INFO  server.RaftServerConfigKeys (ConfUtils.java:logGet(43)) - raft.server.snapshot.auto.trigger.threshold = 10000 (custom)
2019-10-24 07:34:20,552 [pool-59-thread-1] INFO  server.RaftServerConfigKeys (ConfUtils.java:logGet(43)) - raft.server.snapshot.retention.file.num = 5 (custom)
2019-10-24 07:34:20,553 [pool-59-thread-1] INFO  server.RaftServerConfigKeys (ConfUtils.java:logGet(43)) - raft.server.retrycache.expirytime = 600000ms (custom)
2019-10-24 07:34:20,555 [pool-59-thread-1] INFO  impl.RaftServerImpl (RaftServerImpl.java:start(181)) - 6f89809c-7abc-423e-b97b-03c6b4343e46@group-D9B4DD8968A3: start as a follower, conf=-1: [6f89809c-7abc-423e-b97b-03c6b4343e46:192.168.164.194:43246], old=null
2019-10-24 07:34:20,556 [pool-59-thread-1] INFO  impl.RaftServerImpl (RaftServerImpl.java:setRole(170)) - 6f89809c-7abc-423e-b97b-03c6b4343e46@group-D9B4DD8968A3: changes role from      null to FOLLOWER at term 0 for startAsFollower
2019-10-24 07:34:20,556 [pool-59-thread-1] INFO  impl.RoleInfo (RoleInfo.java:updateAndGet(143)) - 6f89809c-7abc-423e-b97b-03c6b4343e46: start FollowerState
2019-10-24 07:34:20,556 [pool-59-thread-1] INFO  util.JmxRegister (JmxRegister.java:tryRegister(44)) - Successfully registered JMX Bean with object name Ratis:service=RaftServer,group=group-D9B4DD8968A3,id=6f89809c-7abc-423e-b97b-03c6b4343e46
2019-10-24 07:34:20,563 [RatisPipelineUtilsThread] INFO  pipeline.PipelineStateManager (PipelineStateManager.java:addPipeline(56)) - Created pipeline Pipeline[ Id: 867f6256-794c-49c7-9cec-d9b4dd8968a3, Nodes: 6f89809c-7abc-423e-b97b-03c6b4343e46{ip: 192.168.164.194, host: pr-hdds-1569-mb8zc-4097773718, networkLocation: /default-rack, certSerialId: null}, Type:RATIS, Factor:ONE, State:OPEN]
2019-10-24 07:34:20,564 [RatisPipelineUtilsThread] ERROR pipeline.SCMPipelineManager (SCMPipelineManager.java:createPipeline(161)) - Pipeline creation failed.
org.apache.hadoop.hdds.scm.exceptions.SCMException: Cannot create pipeline of factor 1 using 0 nodes. Used 3 nodes. Healthy nodes 3
	at org.apache.hadoop.hdds.scm.pipeline.RatisPipelineProvider.pickNodesNeverUsed(RatisPipelineProvider.java:128)
	at org.apache.hadoop.hdds.scm.pipeline.RatisPipelineProvider.create(RatisPipelineProvider.java:174)
	at org.apache.hadoop.hdds.scm.pipeline.PipelineFactory.create(PipelineFactory.java:58)
	at org.apache.hadoop.hdds.scm.pipeline.SCMPipelineManager.createPipeline(SCMPipelineManager.java:151)
	at org.apache.hadoop.hdds.scm.pipeline.BackgroundPipelineCreator.createPipelines(BackgroundPipelineCreator.java:100)
	at java.util.concurrent.Executors$RunnableAdapter.call(Executors.java:511)
	at java.util.concurrent.FutureTask.run(FutureTask.java:266)
	at java.util.concurrent.ScheduledThreadPoolExecutor$ScheduledFutureTask.access$201(ScheduledThreadPoolExecutor.java:180)
	at java.util.concurrent.ScheduledThreadPoolExecutor$ScheduledFutureTask.run(ScheduledThreadPoolExecutor.java:293)
	at java.util.concurrent.ThreadPoolExecutor.runWorker(ThreadPoolExecutor.java:1149)
	at java.util.concurrent.ThreadPoolExecutor$Worker.run(ThreadPoolExecutor.java:624)
	at java.lang.Thread.run(Thread.java:748)
2019-10-24 07:34:20,574 [grpc-default-executor-3] INFO  impl.RaftServerProxy (RaftServerProxy.java:addNew(89)) - 1511a8b7-2741-4c2d-9317-1899631fe9c9: addNew group-EFB7F573A0B1:[e0ed10f2-3224-42fb-9fee-fcf0e55d7c66:192.168.164.194:44281, 6f89809c-7abc-423e-b97b-03c6b4343e46:192.168.164.194:43246, 1511a8b7-2741-4c2d-9317-1899631fe9c9:192.168.164.194:43544] returns group-EFB7F573A0B1:java.util.concurrent.CompletableFuture@47c93eb1[Not completed]
2019-10-24 07:34:20,574 [grpc-default-executor-2] INFO  impl.RaftServerProxy (RaftServerProxy.java:addNew(89)) - e0ed10f2-3224-42fb-9fee-fcf0e55d7c66: addNew group-EFB7F573A0B1:[e0ed10f2-3224-42fb-9fee-fcf0e55d7c66:192.168.164.194:44281, 6f89809c-7abc-423e-b97b-03c6b4343e46:192.168.164.194:43246, 1511a8b7-2741-4c2d-9317-1899631fe9c9:192.168.164.194:43544] returns group-EFB7F573A0B1:java.util.concurrent.CompletableFuture@37367d9f[Not completed]
2019-10-24 07:34:20,575 [grpc-default-executor-0] INFO  impl.RaftServerProxy (RaftServerProxy.java:addNew(89)) - 6f89809c-7abc-423e-b97b-03c6b4343e46: addNew group-EFB7F573A0B1:[e0ed10f2-3224-42fb-9fee-fcf0e55d7c66:192.168.164.194:44281, 6f89809c-7abc-423e-b97b-03c6b4343e46:192.168.164.194:43246, 1511a8b7-2741-4c2d-9317-1899631fe9c9:192.168.164.194:43544] returns group-EFB7F573A0B1:java.util.concurrent.CompletableFuture@21f4bcdb[Not completed]
2019-10-24 07:34:20,577 [pool-37-thread-1] INFO  impl.RaftServerImpl (RaftServerImpl.java:<init>(95)) - 1511a8b7-2741-4c2d-9317-1899631fe9c9: new RaftServerImpl for group-EFB7F573A0B1:[e0ed10f2-3224-42fb-9fee-fcf0e55d7c66:192.168.164.194:44281, 6f89809c-7abc-423e-b97b-03c6b4343e46:192.168.164.194:43246, 1511a8b7-2741-4c2d-9317-1899631fe9c9:192.168.164.194:43544] with ContainerStateMachine:uninitialized
2019-10-24 07:34:20,577 [pool-37-thread-1] INFO  server.RaftServerConfigKeys (ConfUtils.java:logGet(43)) - raft.server.rpc.timeout.min = 5s (custom)
2019-10-24 07:34:20,577 [pool-37-thread-1] INFO  server.RaftServerConfigKeys (ConfUtils.java:logGet(43)) - raft.server.rpc.timeout.max = 5200ms (custom)
2019-10-24 07:34:20,577 [pool-37-thread-1] INFO  server.RaftServerConfigKeys (ConfUtils.java:logGet(43)) - raft.server.rpcslowness.timeout = 1000s (custom)
2019-10-24 07:34:20,577 [pool-37-thread-1] INFO  server.RaftServerConfigKeys (ConfUtils.java:logGet(43)) - raft.server.sleep.deviation.threshold = 300 (default)
2019-10-24 07:34:20,577 [pool-37-thread-1] INFO  server.RaftServerConfigKeys (ConfUtils.java:logGet(43)) - raft.server.log.appender.install.snapshot.enabled = false (custom)
2019-10-24 07:34:20,578 [pool-37-thread-1] INFO  impl.RaftServerImpl (ServerState.java:<init>(103)) - 1511a8b7-2741-4c2d-9317-1899631fe9c9@group-EFB7F573A0B1: ConfigurationManager, init=-1: [e0ed10f2-3224-42fb-9fee-fcf0e55d7c66:192.168.164.194:44281, 6f89809c-7abc-423e-b97b-03c6b4343e46:192.168.164.194:43246, 1511a8b7-2741-4c2d-9317-1899631fe9c9:192.168.164.194:43544], old=null, confs=<EMPTY_MAP>
2019-10-24 07:34:20,578 [pool-37-thread-1] INFO  server.RaftServerConfigKeys (ConfUtils.java:logGet(43)) - raft.server.storage.dir = [/workdir/hadoop-ozone/integration-test/target/test-dir/MiniOzoneClusterImpl-94783617-520d-431f-bfa8-8bf76244d9bc/datanode-1/data/ratis] (custom)
2019-10-24 07:34:20,578 [pool-59-thread-1] INFO  impl.RaftServerImpl (RaftServerImpl.java:<init>(95)) - 6f89809c-7abc-423e-b97b-03c6b4343e46: new RaftServerImpl for group-EFB7F573A0B1:[e0ed10f2-3224-42fb-9fee-fcf0e55d7c66:192.168.164.194:44281, 6f89809c-7abc-423e-b97b-03c6b4343e46:192.168.164.194:43246, 1511a8b7-2741-4c2d-9317-1899631fe9c9:192.168.164.194:43544] with ContainerStateMachine:uninitialized
2019-10-24 07:34:20,578 [pool-37-thread-1] INFO  server.RaftServerConfigKeys (ConfUtils.java:logGet(43)) - raft.server.log.corruption.policy = EXCEPTION (default)
2019-10-24 07:34:20,578 [pool-59-thread-1] INFO  server.RaftServerConfigKeys (ConfUtils.java:logGet(43)) - raft.server.rpc.timeout.min = 5s (custom)
2019-10-24 07:34:20,578 [pool-37-thread-1] INFO  storage.RaftStorageDirectory (RaftStorageDirectory.java:analyzeStorage(246)) - The storage directory /workdir/hadoop-ozone/integration-test/target/test-dir/MiniOzoneClusterImpl-94783617-520d-431f-bfa8-8bf76244d9bc/datanode-1/data/ratis/5ee74428-2271-48d7-bffa-efb7f573a0b1 does not exist. Creating ...
2019-10-24 07:34:20,578 [pool-59-thread-1] INFO  server.RaftServerConfigKeys (ConfUtils.java:logGet(43)) - raft.server.rpc.timeout.max = 5200ms (custom)
2019-10-24 07:34:20,579 [pool-59-thread-1] INFO  server.RaftServerConfigKeys (ConfUtils.java:logGet(43)) - raft.server.rpcslowness.timeout = 1000s (custom)
2019-10-24 07:34:20,579 [pool-59-thread-1] INFO  server.RaftServerConfigKeys (ConfUtils.java:logGet(43)) - raft.server.sleep.deviation.threshold = 300 (default)
2019-10-24 07:34:20,579 [pool-59-thread-1] INFO  server.RaftServerConfigKeys (ConfUtils.java:logGet(43)) - raft.server.log.appender.install.snapshot.enabled = false (custom)
2019-10-24 07:34:20,579 [pool-27-thread-1] INFO  impl.RaftServerImpl (RaftServerImpl.java:<init>(95)) - e0ed10f2-3224-42fb-9fee-fcf0e55d7c66: new RaftServerImpl for group-EFB7F573A0B1:[e0ed10f2-3224-42fb-9fee-fcf0e55d7c66:192.168.164.194:44281, 6f89809c-7abc-423e-b97b-03c6b4343e46:192.168.164.194:43246, 1511a8b7-2741-4c2d-9317-1899631fe9c9:192.168.164.194:43544] with ContainerStateMachine:uninitialized
2019-10-24 07:34:20,579 [pool-59-thread-1] INFO  impl.RaftServerImpl (ServerState.java:<init>(103)) - 6f89809c-7abc-423e-b97b-03c6b4343e46@group-EFB7F573A0B1: ConfigurationManager, init=-1: [e0ed10f2-3224-42fb-9fee-fcf0e55d7c66:192.168.164.194:44281, 6f89809c-7abc-423e-b97b-03c6b4343e46:192.168.164.194:43246, 1511a8b7-2741-4c2d-9317-1899631fe9c9:192.168.164.194:43544], old=null, confs=<EMPTY_MAP>
2019-10-24 07:34:20,579 [pool-27-thread-1] INFO  server.RaftServerConfigKeys (ConfUtils.java:logGet(43)) - raft.server.rpc.timeout.min = 5s (custom)
2019-10-24 07:34:20,579 [pool-59-thread-1] INFO  server.RaftServerConfigKeys (ConfUtils.java:logGet(43)) - raft.server.storage.dir = [/workdir/hadoop-ozone/integration-test/target/test-dir/MiniOzoneClusterImpl-94783617-520d-431f-bfa8-8bf76244d9bc/datanode-2/data/ratis] (custom)
2019-10-24 07:34:20,579 [pool-27-thread-1] INFO  server.RaftServerConfigKeys (ConfUtils.java:logGet(43)) - raft.server.rpc.timeout.max = 5200ms (custom)
2019-10-24 07:34:20,580 [pool-27-thread-1] INFO  server.RaftServerConfigKeys (ConfUtils.java:logGet(43)) - raft.server.rpcslowness.timeout = 1000s (custom)
2019-10-24 07:34:20,580 [pool-59-thread-1] INFO  server.RaftServerConfigKeys (ConfUtils.java:logGet(43)) - raft.server.log.corruption.policy = EXCEPTION (default)
2019-10-24 07:34:20,580 [pool-27-thread-1] INFO  server.RaftServerConfigKeys (ConfUtils.java:logGet(43)) - raft.server.sleep.deviation.threshold = 300 (default)
2019-10-24 07:34:20,580 [pool-27-thread-1] INFO  server.RaftServerConfigKeys (ConfUtils.java:logGet(43)) - raft.server.log.appender.install.snapshot.enabled = false (custom)
2019-10-24 07:34:20,580 [pool-59-thread-1] INFO  storage.RaftStorageDirectory (RaftStorageDirectory.java:analyzeStorage(246)) - The storage directory /workdir/hadoop-ozone/integration-test/target/test-dir/MiniOzoneClusterImpl-94783617-520d-431f-bfa8-8bf76244d9bc/datanode-2/data/ratis/5ee74428-2271-48d7-bffa-efb7f573a0b1 does not exist. Creating ...
2019-10-24 07:34:20,580 [pool-27-thread-1] INFO  impl.RaftServerImpl (ServerState.java:<init>(103)) - e0ed10f2-3224-42fb-9fee-fcf0e55d7c66@group-EFB7F573A0B1: ConfigurationManager, init=-1: [e0ed10f2-3224-42fb-9fee-fcf0e55d7c66:192.168.164.194:44281, 6f89809c-7abc-423e-b97b-03c6b4343e46:192.168.164.194:43246, 1511a8b7-2741-4c2d-9317-1899631fe9c9:192.168.164.194:43544], old=null, confs=<EMPTY_MAP>
2019-10-24 07:34:20,580 [pool-27-thread-1] INFO  server.RaftServerConfigKeys (ConfUtils.java:logGet(43)) - raft.server.storage.dir = [/workdir/hadoop-ozone/integration-test/target/test-dir/MiniOzoneClusterImpl-94783617-520d-431f-bfa8-8bf76244d9bc/datanode-0/data/ratis] (custom)
2019-10-24 07:34:20,581 [pool-27-thread-1] INFO  server.RaftServerConfigKeys (ConfUtils.java:logGet(43)) - raft.server.log.corruption.policy = EXCEPTION (default)
2019-10-24 07:34:20,581 [pool-27-thread-1] INFO  storage.RaftStorageDirectory (RaftStorageDirectory.java:analyzeStorage(246)) - The storage directory /workdir/hadoop-ozone/integration-test/target/test-dir/MiniOzoneClusterImpl-94783617-520d-431f-bfa8-8bf76244d9bc/datanode-0/data/ratis/5ee74428-2271-48d7-bffa-efb7f573a0b1 does not exist. Creating ...
2019-10-24 07:34:20,603 [pool-27-thread-1] INFO  storage.RaftStorageDirectory (RaftStorageDirectory.java:tryLock(328)) - Lock on /workdir/hadoop-ozone/integration-test/target/test-dir/MiniOzoneClusterImpl-94783617-520d-431f-bfa8-8bf76244d9bc/datanode-0/data/ratis/5ee74428-2271-48d7-bffa-efb7f573a0b1/in_use.lock acquired by nodename 15539@pr-hdds-1569-mb8zc-4097773718
2019-10-24 07:34:20,603 [pool-37-thread-1] INFO  storage.RaftStorageDirectory (RaftStorageDirectory.java:tryLock(328)) - Lock on /workdir/hadoop-ozone/integration-test/target/test-dir/MiniOzoneClusterImpl-94783617-520d-431f-bfa8-8bf76244d9bc/datanode-1/data/ratis/5ee74428-2271-48d7-bffa-efb7f573a0b1/in_use.lock acquired by nodename 15539@pr-hdds-1569-mb8zc-4097773718
2019-10-24 07:34:20,603 [pool-59-thread-1] INFO  storage.RaftStorageDirectory (RaftStorageDirectory.java:tryLock(328)) - Lock on /workdir/hadoop-ozone/integration-test/target/test-dir/MiniOzoneClusterImpl-94783617-520d-431f-bfa8-8bf76244d9bc/datanode-2/data/ratis/5ee74428-2271-48d7-bffa-efb7f573a0b1/in_use.lock acquired by nodename 15539@pr-hdds-1569-mb8zc-4097773718
2019-10-24 07:34:20,628 [EventQueue-PendingDeleteStatusForPendingDeleteHandler] INFO  block.SCMBlockDeletingService (SCMBlockDeletingService.java:handlePendingDeletes(115)) - Block deletion txnID mismatch in datanode 6f89809c-7abc-423e-b97b-03c6b4343e46 for containerID 1. Datanode delete txnID: 0, SCM txnID: 1
2019-10-24 07:34:20,628 [pool-27-thread-1] INFO  storage.RaftStorage (RaftStorage.java:format(84)) - Storage directory /workdir/hadoop-ozone/integration-test/target/test-dir/MiniOzoneClusterImpl-94783617-520d-431f-bfa8-8bf76244d9bc/datanode-0/data/ratis/5ee74428-2271-48d7-bffa-efb7f573a0b1 has been successfully formatted.
2019-10-24 07:34:20,628 [pool-59-thread-1] INFO  storage.RaftStorage (RaftStorage.java:format(84)) - Storage directory /workdir/hadoop-ozone/integration-test/target/test-dir/MiniOzoneClusterImpl-94783617-520d-431f-bfa8-8bf76244d9bc/datanode-2/data/ratis/5ee74428-2271-48d7-bffa-efb7f573a0b1 has been successfully formatted.
2019-10-24 07:34:20,628 [pool-37-thread-1] INFO  storage.RaftStorage (RaftStorage.java:format(84)) - Storage directory /workdir/hadoop-ozone/integration-test/target/test-dir/MiniOzoneClusterImpl-94783617-520d-431f-bfa8-8bf76244d9bc/datanode-1/data/ratis/5ee74428-2271-48d7-bffa-efb7f573a0b1 has been successfully formatted.
2019-10-24 07:34:20,629 [pool-27-thread-1] INFO  ratis.ContainerStateMachine (ContainerStateMachine.java:loadSnapshot(231)) - group-EFB7F573A0B1: The snapshot info is null. Setting the last applied indexto:(t:0, i:~)
2019-10-24 07:34:20,629 [pool-59-thread-1] INFO  ratis.ContainerStateMachine (ContainerStateMachine.java:loadSnapshot(231)) - group-EFB7F573A0B1: The snapshot info is null. Setting the last applied indexto:(t:0, i:~)
2019-10-24 07:34:20,629 [pool-27-thread-1] INFO  server.RaftServerConfigKeys (ConfUtils.java:logGet(43)) - raft.server.notification.no-leader.timeout = 1000s (custom)
2019-10-24 07:34:20,629 [pool-37-thread-1] INFO  ratis.ContainerStateMachine (ContainerStateMachine.java:loadSnapshot(231)) - group-EFB7F573A0B1: The snapshot info is null. Setting the last applied indexto:(t:0, i:~)
2019-10-24 07:34:20,629 [pool-27-thread-1] INFO  server.RaftServerConfigKeys (ConfUtils.java:logGet(43)) - raft.server.log.use.memory = false (default)
2019-10-24 07:34:20,629 [pool-59-thread-1] INFO  server.RaftServerConfigKeys (ConfUtils.java:logGet(43)) - raft.server.notification.no-leader.timeout = 1000s (custom)
2019-10-24 07:34:20,629 [pool-27-thread-1] INFO  server.RaftServerConfigKeys (ConfUtils.java:logGet(43)) - raft.server.log.purge.gap = 1000000 (custom)
2019-10-24 07:34:20,630 [pool-27-thread-1] INFO  server.RaftServerConfigKeys (ConfUtils.java:logGet(43)) - raft.server.log.appender.buffer.byte-limit = 33554432 (custom)
2019-10-24 07:34:20,629 [pool-37-thread-1] INFO  server.RaftServerConfigKeys (ConfUtils.java:logGet(43)) - raft.server.notification.no-leader.timeout = 1000s (custom)
2019-10-24 07:34:20,630 [pool-27-thread-1] INFO  server.RaftServerConfigKeys (ConfUtils.java:logGet(43)) - raft.server.log.segment.size.max = 1048576 (custom)
2019-10-24 07:34:20,629 [pool-59-thread-1] INFO  server.RaftServerConfigKeys (ConfUtils.java:logGet(43)) - raft.server.log.use.memory = false (default)
2019-10-24 07:34:20,630 [pool-27-thread-1] INFO  server.RaftServerConfigKeys (ConfUtils.java:logGet(43)) - raft.server.log.segment.cache.num.max = 2 (custom)
2019-10-24 07:34:20,630 [pool-37-thread-1] INFO  server.RaftServerConfigKeys (ConfUtils.java:logGet(43)) - raft.server.log.use.memory = false (default)
2019-10-24 07:34:20,630 [pool-27-thread-1] INFO  segmented.SegmentedRaftLogWorker (SegmentedRaftLogWorker.java:<init>(173)) - new e0ed10f2-3224-42fb-9fee-fcf0e55d7c66@group-EFB7F573A0B1-SegmentedRaftLogWorker for RaftStorage:Storage Directory /workdir/hadoop-ozone/integration-test/target/test-dir/MiniOzoneClusterImpl-94783617-520d-431f-bfa8-8bf76244d9bc/datanode-0/data/ratis/5ee74428-2271-48d7-bffa-efb7f573a0b1
2019-10-24 07:34:20,630 [pool-59-thread-1] INFO  server.RaftServerConfigKeys (ConfUtils.java:logGet(43)) - raft.server.log.purge.gap = 1000000 (custom)
2019-10-24 07:34:20,630 [pool-27-thread-1] INFO  server.RaftServerConfigKeys (ConfUtils.java:logGet(43)) - raft.server.log.queue.byte-limit = 2147483647 (custom)
2019-10-24 07:34:20,630 [pool-37-thread-1] INFO  server.RaftServerConfigKeys (ConfUtils.java:logGet(43)) - raft.server.log.purge.gap = 1000000 (custom)
2019-10-24 07:34:20,631 [pool-27-thread-1] INFO  server.RaftServerConfigKeys (ConfUtils.java:logGet(43)) - raft.server.log.queue.element-limit = 1024 (custom)
2019-10-24 07:34:20,631 [pool-59-thread-1] INFO  server.RaftServerConfigKeys (ConfUtils.java:logGet(43)) - raft.server.log.appender.buffer.byte-limit = 33554432 (custom)
2019-10-24 07:34:20,631 [pool-27-thread-1] INFO  server.RaftServerConfigKeys (ConfUtils.java:logGet(43)) - raft.server.log.segment.size.max = 1048576 (custom)
2019-10-24 07:34:20,631 [pool-37-thread-1] INFO  server.RaftServerConfigKeys (ConfUtils.java:logGet(43)) - raft.server.log.appender.buffer.byte-limit = 33554432 (custom)
2019-10-24 07:34:20,631 [pool-27-thread-1] INFO  server.RaftServerConfigKeys (ConfUtils.java:logGet(43)) - raft.server.log.preallocated.size = 16384 (custom)
2019-10-24 07:34:20,631 [pool-59-thread-1] INFO  server.RaftServerConfigKeys (ConfUtils.java:logGet(43)) - raft.server.log.segment.size.max = 1048576 (custom)
2019-10-24 07:34:20,631 [pool-27-thread-1] INFO  server.RaftServerConfigKeys (ConfUtils.java:logGet(43)) - raft.server.log.write.buffer.size = 33554432 (custom)
2019-10-24 07:34:20,631 [pool-37-thread-1] INFO  server.RaftServerConfigKeys (ConfUtils.java:logGet(43)) - raft.server.log.segment.size.max = 1048576 (custom)
2019-10-24 07:34:20,632 [pool-27-thread-1] INFO  server.RaftServerConfigKeys (ConfUtils.java:logGet(43)) - raft.server.log.force.sync.num = 128 (default)
2019-10-24 07:34:20,632 [pool-27-thread-1] INFO  server.RaftServerConfigKeys (ConfUtils.java:logGet(43)) - raft.server.log.statemachine.data.sync = true (default)
2019-10-24 07:34:20,632 [pool-59-thread-1] INFO  server.RaftServerConfigKeys (ConfUtils.java:logGet(43)) - raft.server.log.segment.cache.num.max = 2 (custom)
2019-10-24 07:34:20,632 [pool-27-thread-1] INFO  server.RaftServerConfigKeys (ConfUtils.java:logGet(43)) - raft.server.log.statemachine.data.sync.timeout = 10s (default)
2019-10-24 07:34:20,632 [pool-37-thread-1] INFO  server.RaftServerConfigKeys (ConfUtils.java:logGet(43)) - raft.server.log.segment.cache.num.max = 2 (custom)
2019-10-24 07:34:20,632 [pool-27-thread-1] INFO  server.RaftServerConfigKeys (ConfUtils.java:logGet(43)) - raft.server.log.statemachine.data.sync.timeout.retry = -1 (default)
2019-10-24 07:34:20,632 [pool-59-thread-1] INFO  segmented.SegmentedRaftLogWorker (SegmentedRaftLogWorker.java:<init>(173)) - new 6f89809c-7abc-423e-b97b-03c6b4343e46@group-EFB7F573A0B1-SegmentedRaftLogWorker for RaftStorage:Storage Directory /workdir/hadoop-ozone/integration-test/target/test-dir/MiniOzoneClusterImpl-94783617-520d-431f-bfa8-8bf76244d9bc/datanode-2/data/ratis/5ee74428-2271-48d7-bffa-efb7f573a0b1
2019-10-24 07:34:20,633 [pool-27-thread-1] INFO  server.RaftServerConfigKeys (ConfUtils.java:logGet(43)) - raft.server.log.statemachine.data.caching.enabled = true (custom)
2019-10-24 07:34:20,632 [pool-37-thread-1] INFO  segmented.SegmentedRaftLogWorker (SegmentedRaftLogWorker.java:<init>(173)) - new 1511a8b7-2741-4c2d-9317-1899631fe9c9@group-EFB7F573A0B1-SegmentedRaftLogWorker for RaftStorage:Storage Directory /workdir/hadoop-ozone/integration-test/target/test-dir/MiniOzoneClusterImpl-94783617-520d-431f-bfa8-8bf76244d9bc/datanode-1/data/ratis/5ee74428-2271-48d7-bffa-efb7f573a0b1
2019-10-24 07:34:20,633 [pool-59-thread-1] INFO  server.RaftServerConfigKeys (ConfUtils.java:logGet(43)) - raft.server.log.queue.byte-limit = 2147483647 (custom)
2019-10-24 07:34:20,633 [pool-27-thread-1] INFO  segmented.SegmentedRaftLogWorker (SegmentedRaftLogWorker.java:lambda$new$0(128)) - e0ed10f2-3224-42fb-9fee-fcf0e55d7c66@group-EFB7F573A0B1-SegmentedRaftLogWorker: flushIndex: setUnconditionally 0 -> -1
2019-10-24 07:34:20,633 [pool-37-thread-1] INFO  server.RaftServerConfigKeys (ConfUtils.java:logGet(43)) - raft.server.log.queue.byte-limit = 2147483647 (custom)
2019-10-24 07:34:20,633 [pool-59-thread-1] INFO  server.RaftServerConfigKeys (ConfUtils.java:logGet(43)) - raft.server.log.queue.element-limit = 1024 (custom)
2019-10-24 07:34:20,633 [pool-27-thread-1] INFO  server.RaftServerConfigKeys (ConfUtils.java:logGet(43)) - raft.server.snapshot.auto.trigger.enabled = true (custom)
2019-10-24 07:34:20,633 [pool-37-thread-1] INFO  server.RaftServerConfigKeys (ConfUtils.java:logGet(43)) - raft.server.log.queue.element-limit = 1024 (custom)
2019-10-24 07:34:20,634 [pool-27-thread-1] INFO  server.RaftServerConfigKeys (ConfUtils.java:logGet(43)) - raft.server.snapshot.auto.trigger.threshold = 10000 (custom)
2019-10-24 07:34:20,634 [pool-59-thread-1] INFO  server.RaftServerConfigKeys (ConfUtils.java:logGet(43)) - raft.server.log.segment.size.max = 1048576 (custom)
2019-10-24 07:34:20,634 [pool-27-thread-1] INFO  server.RaftServerConfigKeys (ConfUtils.java:logGet(43)) - raft.server.snapshot.retention.file.num = 5 (custom)
2019-10-24 07:34:20,634 [pool-37-thread-1] INFO  server.RaftServerConfigKeys (ConfUtils.java:logGet(43)) - raft.server.log.segment.size.max = 1048576 (custom)
2019-10-24 07:34:20,634 [pool-27-thread-1] INFO  server.RaftServerConfigKeys (ConfUtils.java:logGet(43)) - raft.server.retrycache.expirytime = 600000ms (custom)
2019-10-24 07:34:20,634 [pool-59-thread-1] INFO  server.RaftServerConfigKeys (ConfUtils.java:logGet(43)) - raft.server.log.preallocated.size = 16384 (custom)
2019-10-24 07:34:20,634 [pool-37-thread-1] INFO  server.RaftServerConfigKeys (ConfUtils.java:logGet(43)) - raft.server.log.preallocated.size = 16384 (custom)
2019-10-24 07:34:20,634 [pool-59-thread-1] INFO  server.RaftServerConfigKeys (ConfUtils.java:logGet(43)) - raft.server.log.write.buffer.size = 33554432 (custom)
2019-10-24 07:34:20,635 [pool-37-thread-1] INFO  server.RaftServerConfigKeys (ConfUtils.java:logGet(43)) - raft.server.log.write.buffer.size = 33554432 (custom)
2019-10-24 07:34:20,635 [pool-59-thread-1] INFO  server.RaftServerConfigKeys (ConfUtils.java:logGet(43)) - raft.server.log.force.sync.num = 128 (default)
2019-10-24 07:34:20,635 [pool-37-thread-1] INFO  server.RaftServerConfigKeys (ConfUtils.java:logGet(43)) - raft.server.log.force.sync.num = 128 (default)
2019-10-24 07:34:20,635 [pool-59-thread-1] INFO  server.RaftServerConfigKeys (ConfUtils.java:logGet(43)) - raft.server.log.statemachine.data.sync = true (default)
2019-10-24 07:34:20,635 [pool-37-thread-1] INFO  server.RaftServerConfigKeys (ConfUtils.java:logGet(43)) - raft.server.log.statemachine.data.sync = true (default)
2019-10-24 07:34:20,635 [pool-59-thread-1] INFO  server.RaftServerConfigKeys (ConfUtils.java:logGet(43)) - raft.server.log.statemachine.data.sync.timeout = 10s (default)
2019-10-24 07:34:20,635 [pool-37-thread-1] INFO  server.RaftServerConfigKeys (ConfUtils.java:logGet(43)) - raft.server.log.statemachine.data.sync.timeout = 10s (default)
2019-10-24 07:34:20,636 [pool-59-thread-1] INFO  server.RaftServerConfigKeys (ConfUtils.java:logGet(43)) - raft.server.log.statemachine.data.sync.timeout.retry = -1 (default)
2019-10-24 07:34:20,636 [pool-37-thread-1] INFO  server.RaftServerConfigKeys (ConfUtils.java:logGet(43)) - raft.server.log.statemachine.data.sync.timeout.retry = -1 (default)
2019-10-24 07:34:20,636 [pool-59-thread-1] INFO  server.RaftServerConfigKeys (ConfUtils.java:logGet(43)) - raft.server.log.statemachine.data.caching.enabled = true (custom)
2019-10-24 07:34:20,636 [pool-37-thread-1] INFO  server.RaftServerConfigKeys (ConfUtils.java:logGet(43)) - raft.server.log.statemachine.data.caching.enabled = true (custom)
2019-10-24 07:34:20,636 [pool-59-thread-1] INFO  segmented.SegmentedRaftLogWorker (SegmentedRaftLogWorker.java:lambda$new$0(128)) - 6f89809c-7abc-423e-b97b-03c6b4343e46@group-EFB7F573A0B1-SegmentedRaftLogWorker: flushIndex: setUnconditionally 0 -> -1
2019-10-24 07:34:20,636 [pool-37-thread-1] INFO  segmented.SegmentedRaftLogWorker (SegmentedRaftLogWorker.java:lambda$new$0(128)) - 1511a8b7-2741-4c2d-9317-1899631fe9c9@group-EFB7F573A0B1-SegmentedRaftLogWorker: flushIndex: setUnconditionally 0 -> -1
2019-10-24 07:34:20,637 [pool-59-thread-1] INFO  server.RaftServerConfigKeys (ConfUtils.java:logGet(43)) - raft.server.snapshot.auto.trigger.enabled = true (custom)
2019-10-24 07:34:20,637 [pool-37-thread-1] INFO  server.RaftServerConfigKeys (ConfUtils.java:logGet(43)) - raft.server.snapshot.auto.trigger.enabled = true (custom)
2019-10-24 07:34:20,637 [pool-27-thread-1] INFO  impl.RaftServerImpl (RaftServerImpl.java:start(181)) - e0ed10f2-3224-42fb-9fee-fcf0e55d7c66@group-EFB7F573A0B1: start as a follower, conf=-1: [e0ed10f2-3224-42fb-9fee-fcf0e55d7c66:192.168.164.194:44281, 6f89809c-7abc-423e-b97b-03c6b4343e46:192.168.164.194:43246, 1511a8b7-2741-4c2d-9317-1899631fe9c9:192.168.164.194:43544], old=null
2019-10-24 07:34:20,637 [pool-59-thread-1] INFO  server.RaftServerConfigKeys (ConfUtils.java:logGet(43)) - raft.server.snapshot.auto.trigger.threshold = 10000 (custom)
2019-10-24 07:34:20,637 [pool-27-thread-1] INFO  impl.RaftServerImpl (RaftServerImpl.java:setRole(170)) - e0ed10f2-3224-42fb-9fee-fcf0e55d7c66@group-EFB7F573A0B1: changes role from      null to FOLLOWER at term 0 for startAsFollower
2019-10-24 07:34:20,637 [pool-37-thread-1] INFO  server.RaftServerConfigKeys (ConfUtils.java:logGet(43)) - raft.server.snapshot.auto.trigger.threshold = 10000 (custom)
2019-10-24 07:34:20,637 [pool-27-thread-1] INFO  impl.RoleInfo (RoleInfo.java:updateAndGet(143)) - e0ed10f2-3224-42fb-9fee-fcf0e55d7c66: start FollowerState
2019-10-24 07:34:20,637 [pool-59-thread-1] INFO  server.RaftServerConfigKeys (ConfUtils.java:logGet(43)) - raft.server.snapshot.retention.file.num = 5 (custom)
2019-10-24 07:34:20,637 [pool-37-thread-1] INFO  server.RaftServerConfigKeys (ConfUtils.java:logGet(43)) - raft.server.snapshot.retention.file.num = 5 (custom)
2019-10-24 07:34:20,638 [pool-59-thread-1] INFO  server.RaftServerConfigKeys (ConfUtils.java:logGet(43)) - raft.server.retrycache.expirytime = 600000ms (custom)
2019-10-24 07:34:20,638 [pool-37-thread-1] INFO  server.RaftServerConfigKeys (ConfUtils.java:logGet(43)) - raft.server.retrycache.expirytime = 600000ms (custom)
2019-10-24 07:34:20,638 [pool-27-thread-1] INFO  util.JmxRegister (JmxRegister.java:tryRegister(44)) - Successfully registered JMX Bean with object name Ratis:service=RaftServer,group=group-EFB7F573A0B1,id=e0ed10f2-3224-42fb-9fee-fcf0e55d7c66
2019-10-24 07:34:20,642 [pool-59-thread-1] INFO  impl.RaftServerImpl (RaftServerImpl.java:start(181)) - 6f89809c-7abc-423e-b97b-03c6b4343e46@group-EFB7F573A0B1: start as a follower, conf=-1: [e0ed10f2-3224-42fb-9fee-fcf0e55d7c66:192.168.164.194:44281, 6f89809c-7abc-423e-b97b-03c6b4343e46:192.168.164.194:43246, 1511a8b7-2741-4c2d-9317-1899631fe9c9:192.168.164.194:43544], old=null
2019-10-24 07:34:20,642 [pool-59-thread-1] INFO  impl.RaftServerImpl (RaftServerImpl.java:setRole(170)) - 6f89809c-7abc-423e-b97b-03c6b4343e46@group-EFB7F573A0B1: changes role from      null to FOLLOWER at term 0 for startAsFollower
2019-10-24 07:34:20,642 [pool-59-thread-1] INFO  impl.RoleInfo (RoleInfo.java:updateAndGet(143)) - 6f89809c-7abc-423e-b97b-03c6b4343e46: start FollowerState
2019-10-24 07:34:20,643 [pool-37-thread-1] INFO  impl.RaftServerImpl (RaftServerImpl.java:start(181)) - 1511a8b7-2741-4c2d-9317-1899631fe9c9@group-EFB7F573A0B1: start as a follower, conf=-1: [e0ed10f2-3224-42fb-9fee-fcf0e55d7c66:192.168.164.194:44281, 6f89809c-7abc-423e-b97b-03c6b4343e46:192.168.164.194:43246, 1511a8b7-2741-4c2d-9317-1899631fe9c9:192.168.164.194:43544], old=null
2019-10-24 07:34:20,643 [pool-59-thread-1] INFO  util.JmxRegister (JmxRegister.java:tryRegister(44)) - Successfully registered JMX Bean with object name Ratis:service=RaftServer,group=group-EFB7F573A0B1,id=6f89809c-7abc-423e-b97b-03c6b4343e46
2019-10-24 07:34:20,643 [pool-37-thread-1] INFO  impl.RaftServerImpl (RaftServerImpl.java:setRole(170)) - 1511a8b7-2741-4c2d-9317-1899631fe9c9@group-EFB7F573A0B1: changes role from      null to FOLLOWER at term 0 for startAsFollower
2019-10-24 07:34:20,643 [pool-37-thread-1] INFO  impl.RoleInfo (RoleInfo.java:updateAndGet(143)) - 1511a8b7-2741-4c2d-9317-1899631fe9c9: start FollowerState
2019-10-24 07:34:20,644 [pool-37-thread-1] INFO  util.JmxRegister (JmxRegister.java:tryRegister(44)) - Successfully registered JMX Bean with object name Ratis:service=RaftServer,group=group-EFB7F573A0B1,id=1511a8b7-2741-4c2d-9317-1899631fe9c9
2019-10-24 07:34:20,653 [RatisPipelineUtilsThread] INFO  pipeline.PipelineStateManager (PipelineStateManager.java:addPipeline(56)) - Created pipeline Pipeline[ Id: 5ee74428-2271-48d7-bffa-efb7f573a0b1, Nodes: 6f89809c-7abc-423e-b97b-03c6b4343e46{ip: 192.168.164.194, host: pr-hdds-1569-mb8zc-4097773718, networkLocation: /default-rack, certSerialId: null}e0ed10f2-3224-42fb-9fee-fcf0e55d7c66{ip: 192.168.164.194, host: pr-hdds-1569-mb8zc-4097773718, networkLocation: /default-rack, certSerialId: null}1511a8b7-2741-4c2d-9317-1899631fe9c9{ip: 192.168.164.194, host: pr-hdds-1569-mb8zc-4097773718, networkLocation: /default-rack, certSerialId: null}, Type:RATIS, Factor:THREE, State:OPEN]
2019-10-24 07:34:20,653 [RatisPipelineUtilsThread] ERROR pipeline.SCMPipelineManager (SCMPipelineManager.java:createPipeline(161)) - Pipeline creation failed.
org.apache.hadoop.hdds.scm.exceptions.SCMException: Ratis pipeline number meets the limit: 4 factor : 3
	at org.apache.hadoop.hdds.scm.pipeline.RatisPipelineProvider.create(RatisPipelineProvider.java:166)
	at org.apache.hadoop.hdds.scm.pipeline.PipelineFactory.create(PipelineFactory.java:58)
	at org.apache.hadoop.hdds.scm.pipeline.SCMPipelineManager.createPipeline(SCMPipelineManager.java:151)
	at org.apache.hadoop.hdds.scm.pipeline.BackgroundPipelineCreator.createPipelines(BackgroundPipelineCreator.java:100)
	at java.util.concurrent.Executors$RunnableAdapter.call(Executors.java:511)
	at java.util.concurrent.FutureTask.run(FutureTask.java:266)
	at java.util.concurrent.ScheduledThreadPoolExecutor$ScheduledFutureTask.access$201(ScheduledThreadPoolExecutor.java:180)
	at java.util.concurrent.ScheduledThreadPoolExecutor$ScheduledFutureTask.run(ScheduledThreadPoolExecutor.java:293)
	at java.util.concurrent.ThreadPoolExecutor.runWorker(ThreadPoolExecutor.java:1149)
	at java.util.concurrent.ThreadPoolExecutor$Worker.run(ThreadPoolExecutor.java:624)
	at java.lang.Thread.run(Thread.java:748)
2019-10-24 07:34:20,895 [pool-7-thread-5] INFO  commands.RetriableDatanodeEventWatcher (RetriableDatanodeEventWatcher.java:onTimeout(47)) - RetriableDatanodeCommand type=deleteBlocksCommand with id=1571902454899 timed out. Retrying.
2019-10-24 07:34:20,897 [pool-7-thread-3] INFO  commands.RetriableDatanodeEventWatcher (RetriableDatanodeEventWatcher.java:onTimeout(47)) - RetriableDatanodeCommand type=deleteBlocksCommand with id=1571902454902 timed out. Retrying.
2019-10-24 07:34:20,897 [pool-7-thread-4] INFO  commands.RetriableDatanodeEventWatcher (RetriableDatanodeEventWatcher.java:onTimeout(47)) - RetriableDatanodeCommand type=deleteBlocksCommand with id=1571902454897 timed out. Retrying.
2019-10-24 07:34:20,897 [pool-7-thread-2] INFO  commands.RetriableDatanodeEventWatcher (RetriableDatanodeEventWatcher.java:onTimeout(47)) - RetriableDatanodeCommand type=deleteBlocksCommand with id=1571902454892 timed out. Retrying.
2019-10-24 07:34:20,897 [pool-7-thread-1] INFO  commands.RetriableDatanodeEventWatcher (RetriableDatanodeEventWatcher.java:onTimeout(47)) - RetriableDatanodeCommand type=deleteBlocksCommand with id=1571902454895 timed out. Retrying.
2019-10-24 07:34:20,898 [pool-7-thread-6] INFO  commands.RetriableDatanodeEventWatcher (RetriableDatanodeEventWatcher.java:onTimeout(47)) - RetriableDatanodeCommand type=deleteBlocksCommand with id=1571902454901 timed out. Retrying.
2019-10-24 07:34:20,898 [SCMBlockDeletingService#0] INFO  block.SCMBlockDeletingService (SCMBlockDeletingService.java:call(184)) - Totally added 1 delete blocks command for 1 datanodes, task elapsed time: 1ms
2019-10-24 07:34:20,928 [EventQueue-PendingDeleteStatusForPendingDeleteHandler] INFO  block.SCMBlockDeletingService (SCMBlockDeletingService.java:handlePendingDeletes(115)) - Block deletion txnID mismatch in datanode 6f89809c-7abc-423e-b97b-03c6b4343e46 for containerID 1. Datanode delete txnID: 0, SCM txnID: 1
2019-10-24 07:34:21,227 [EventQueue-PendingDeleteStatusForPendingDeleteHandler] INFO  block.SCMBlockDeletingService (SCMBlockDeletingService.java:handlePendingDeletes(115)) - Block deletion txnID mismatch in datanode 6f89809c-7abc-423e-b97b-03c6b4343e46 for containerID 1. Datanode delete txnID: 0, SCM txnID: 1
2019-10-24 07:34:21,570 [Command processor thread] INFO  commandhandler.DeleteBlocksCommandHandler (DeleteBlocksCommandHandler.java:handle(106)) - Start to delete container blocks, TXIDs=[1(0)], numOfContainers=1, numOfBlocks=1
2019-10-24 07:34:21,571 [Command processor thread] INFO  commandhandler.DeleteBlocksCommandHandler (DeleteBlocksCommandHandler.java:handle(106)) - Start to delete container blocks, TXIDs=[1(2)], numOfContainers=1, numOfBlocks=1
2019-10-24 07:34:21,571 [Command processor thread] INFO  commandhandler.DeleteBlocksCommandHandler (DeleteBlocksCommandHandler.java:handle(106)) - Start to delete container blocks, TXIDs=[1(0)], numOfContainers=1, numOfBlocks=1
2019-10-24 07:34:21,571 [Command processor thread] INFO  commandhandler.DeleteBlocksCommandHandler (DeleteBlocksCommandHandler.java:handle(106)) - Start to delete container blocks, TXIDs=[1(2)], numOfContainers=1, numOfBlocks=1
2019-10-24 07:34:21,571 [Command processor thread] INFO  commandhandler.DeleteBlocksCommandHandler (DeleteBlocksCommandHandler.java:handle(106)) - Start to delete container blocks, TXIDs=[1(6)], numOfContainers=1, numOfBlocks=1
2019-10-24 07:34:21,572 [Command processor thread] INFO  commandhandler.DeleteBlocksCommandHandler (DeleteBlocksCommandHandler.java:handle(106)) - Start to delete container blocks, TXIDs=[1(0)], numOfContainers=1, numOfBlocks=1
2019-10-24 07:34:21,572 [Command processor thread] INFO  commandhandler.DeleteBlocksCommandHandler (DeleteBlocksCommandHandler.java:handle(106)) - Start to delete container blocks, TXIDs=[1(2)], numOfContainers=1, numOfBlocks=1
2019-10-24 07:34:21,573 [Command processor thread] INFO  commandhandler.DeleteBlocksCommandHandler (DeleteBlocksCommandHandler.java:handle(106)) - Start to delete container blocks, TXIDs=[1(6)], numOfContainers=1, numOfBlocks=1
2019-10-24 07:34:21,573 [Command processor thread] INFO  commandhandler.DeleteBlocksCommandHandler (DeleteBlocksCommandHandler.java:handle(106)) - Start to delete container blocks, TXIDs=[1(0)], numOfContainers=1, numOfBlocks=1
2019-10-24 07:34:21,573 [Command processor thread] INFO  commandhandler.DeleteBlocksCommandHandler (DeleteBlocksCommandHandler.java:handle(106)) - Start to delete container blocks, TXIDs=[1(9)], numOfContainers=1, numOfBlocks=1
2019-10-24 07:34:21,573 [Command processor thread] INFO  commandhandler.DeleteBlocksCommandHandler (DeleteBlocksCommandHandler.java:handle(106)) - Start to delete container blocks, TXIDs=[1(2)], numOfContainers=1, numOfBlocks=1
2019-10-24 07:34:21,574 [Command processor thread] INFO  commandhandler.DeleteBlocksCommandHandler (DeleteBlocksCommandHandler.java:handle(106)) - Start to delete container blocks, TXIDs=[1(9)], numOfContainers=1, numOfBlocks=1
2019-10-24 07:34:21,574 [Command processor thread] INFO  commandhandler.DeleteBlocksCommandHandler (DeleteBlocksCommandHandler.java:handle(106)) - Start to delete container blocks, TXIDs=[1(0)], numOfContainers=1, numOfBlocks=1
2019-10-24 07:34:21,574 [Command processor thread] INFO  commandhandler.DeleteBlocksCommandHandler (DeleteBlocksCommandHandler.java:handle(106)) - Start to delete container blocks, TXIDs=[1(6)], numOfContainers=1, numOfBlocks=1
2019-10-24 07:34:21,575 [Command processor thread] INFO  commandhandler.DeleteBlocksCommandHandler (DeleteBlocksCommandHandler.java:handle(106)) - Start to delete container blocks, TXIDs=[1(13)], numOfContainers=1, numOfBlocks=1
2019-10-24 07:34:21,575 [Command processor thread] INFO  commandhandler.DeleteBlocksCommandHandler (DeleteBlocksCommandHandler.java:handle(106)) - Start to delete container blocks, TXIDs=[1(2)], numOfContainers=1, numOfBlocks=1
2019-10-24 07:34:21,575 [Command processor thread] INFO  commandhandler.DeleteBlocksCommandHandler (DeleteBlocksCommandHandler.java:handle(106)) - Start to delete container blocks, TXIDs=[1(9)], numOfContainers=1, numOfBlocks=1
2019-10-24 07:34:21,576 [Command processor thread] INFO  commandhandler.DeleteBlocksCommandHandler (DeleteBlocksCommandHandler.java:handle(106)) - Start to delete container blocks, TXIDs=[1(0)], numOfContainers=1, numOfBlocks=1
2019-10-24 07:34:21,576 [Command processor thread] INFO  commandhandler.DeleteBlocksCommandHandler (DeleteBlocksCommandHandler.java:handle(106)) - Start to delete container blocks, TXIDs=[1(13)], numOfContainers=1, numOfBlocks=1
2019-10-24 07:34:21,576 [Command processor thread] INFO  commandhandler.DeleteBlocksCommandHandler (DeleteBlocksCommandHandler.java:handle(106)) - Start to delete container blocks, TXIDs=[1(6)], numOfContainers=1, numOfBlocks=1
2019-10-24 07:34:21,577 [Command processor thread] INFO  commandhandler.DeleteBlocksCommandHandler (DeleteBlocksCommandHandler.java:handle(106)) - Start to delete container blocks, TXIDs=[1(18)], numOfContainers=1, numOfBlocks=1
2019-10-24 07:34:21,577 [Command processor thread] INFO  commandhandler.DeleteBlocksCommandHandler (DeleteBlocksCommandHandler.java:handle(106)) - Start to delete container blocks, TXIDs=[1(9)], numOfContainers=1, numOfBlocks=1
2019-10-24 07:34:21,577 [Command processor thread] INFO  commandhandler.DeleteBlocksCommandHandler (DeleteBlocksCommandHandler.java:handle(106)) - Start to delete container blocks, TXIDs=[1(18)], numOfContainers=1, numOfBlocks=1
2019-10-24 07:34:21,578 [Command processor thread] INFO  commandhandler.DeleteBlocksCommandHandler (DeleteBlocksCommandHandler.java:handle(106)) - Start to delete container blocks, TXIDs=[1(6)], numOfContainers=1, numOfBlocks=1
2019-10-24 07:34:21,578 [Command processor thread] INFO  commandhandler.DeleteBlocksCommandHandler (DeleteBlocksCommandHandler.java:handle(106)) - Start to delete container blocks, TXIDs=[1(0)], numOfContainers=1, numOfBlocks=1
2019-10-24 07:34:21,578 [Command processor thread] INFO  commandhandler.DeleteBlocksCommandHandler (DeleteBlocksCommandHandler.java:handle(106)) - Start to delete container blocks, TXIDs=[1(39)], numOfContainers=1, numOfBlocks=1
2019-10-24 07:34:21,579 [Command processor thread] INFO  commandhandler.DeleteBlocksCommandHandler (DeleteBlocksCommandHandler.java:handle(106)) - Start to delete container blocks, TXIDs=[1(2)], numOfContainers=1, numOfBlocks=1
2019-10-24 07:34:21,579 [Command processor thread] INFO  commandhandler.DeleteBlocksCommandHandler (DeleteBlocksCommandHandler.java:handle(106)) - Start to delete container blocks, TXIDs=[1(13)], numOfContainers=1, numOfBlocks=1
2019-10-24 07:34:21,629 [EventQueue-DeleteBlockStatusForDeletedBlockLogImpl] WARN  block.DeletedBlockLogImpl (DeletedBlockLogImpl.java:commitTransactions(205)) - Transaction txId=1 commit by dnId=6f89809c-7abc-423e-b97b-03c6b4343e46 for containerID=#1 failed. Corresponding entry not found.
2019-10-24 07:34:21,629 [EventQueue-DeleteBlockStatusForDeletedBlockLogImpl] WARN  block.DeletedBlockLogImpl (DeletedBlockLogImpl.java:commitTransactions(205)) - Transaction txId=1 commit by dnId=6f89809c-7abc-423e-b97b-03c6b4343e46 for containerID=#1 failed. Corresponding entry not found.
2019-10-24 07:34:21,745 [BlockDeletingService#0] INFO  background.BlockDeletingService (BlockDeletingService.java:getTasks(130)) - Plan to choose 10 containers for block deletion, actually returns 1 valid containers.
2019-10-24 07:34:21,747 [BlockDeletingService#2] INFO  background.BlockDeletingService (BlockDeletingService.java:call(316)) - Container: 1, deleted blocks: 1, task elapsed time: 1ms
2019-10-24 07:34:21,829 [EventQueue-DeleteBlockStatusForDeletedBlockLogImpl] WARN  block.DeletedBlockLogImpl (DeletedBlockLogImpl.java:commitTransactions(205)) - Transaction txId=1 commit by dnId=6f89809c-7abc-423e-b97b-03c6b4343e46 for containerID=#1 failed. Corresponding entry not found.
2019-10-24 07:34:21,830 [EventQueue-DeleteBlockStatusForDeletedBlockLogImpl] WARN  block.DeletedBlockLogImpl (DeletedBlockLogImpl.java:commitTransactions(205)) - Transaction txId=1 commit by dnId=6f89809c-7abc-423e-b97b-03c6b4343e46 for containerID=#1 failed. Corresponding entry not found.
2019-10-24 07:34:21,830 [EventQueue-DeleteBlockStatusForDeletedBlockLogImpl] WARN  block.DeletedBlockLogImpl (DeletedBlockLogImpl.java:commitTransactions(205)) - Transaction txId=1 commit by dnId=6f89809c-7abc-423e-b97b-03c6b4343e46 for containerID=#1 failed. Corresponding entry not found.
2019-10-24 07:34:21,830 [EventQueue-DeleteBlockStatusForDeletedBlockLogImpl] WARN  block.DeletedBlockLogImpl (DeletedBlockLogImpl.java:commitTransactions(205)) - Transaction txId=1 commit by dnId=6f89809c-7abc-423e-b97b-03c6b4343e46 for containerID=#1 failed. Corresponding entry not found.
2019-10-24 07:34:23,916 [Thread-628] INFO  impl.FollowerState (FollowerState.java:run(108)) - 6f89809c-7abc-423e-b97b-03c6b4343e46@group-8A24D736DBE7-FollowerState: change to CANDIDATE, lastRpcTime:5178ms, electionTimeout:5178ms
2019-10-24 07:34:23,917 [Thread-628] INFO  impl.RoleInfo (RoleInfo.java:shutdownFollowerState(121)) - 6f89809c-7abc-423e-b97b-03c6b4343e46: shutdown FollowerState
2019-10-24 07:34:23,917 [Thread-628] INFO  impl.RaftServerImpl (RaftServerImpl.java:setRole(170)) - 6f89809c-7abc-423e-b97b-03c6b4343e46@group-8A24D736DBE7: changes role from  FOLLOWER to CANDIDATE at term 1 for changeToCandidate
2019-10-24 07:34:23,917 [Thread-628] INFO  impl.RoleInfo (RoleInfo.java:updateAndGet(143)) - 6f89809c-7abc-423e-b97b-03c6b4343e46: start LeaderElection
2019-10-24 07:34:23,935 [6f89809c-7abc-423e-b97b-03c6b4343e46@group-8A24D736DBE7-LeaderElection7] INFO  impl.LeaderElection (LeaderElection.java:askForVotes(178)) - 6f89809c-7abc-423e-b97b-03c6b4343e46@group-8A24D736DBE7-LeaderElection7: begin an election at term 2 for 0: [6f89809c-7abc-423e-b97b-03c6b4343e46:192.168.164.194:43246], old=null
2019-10-24 07:34:23,935 [6f89809c-7abc-423e-b97b-03c6b4343e46@group-8A24D736DBE7-LeaderElection7] INFO  impl.RoleInfo (RoleInfo.java:shutdownLeaderElection(134)) - 6f89809c-7abc-423e-b97b-03c6b4343e46: shutdown LeaderElection
2019-10-24 07:34:23,935 [6f89809c-7abc-423e-b97b-03c6b4343e46@group-8A24D736DBE7-LeaderElection7] INFO  impl.RaftServerImpl (RaftServerImpl.java:setRole(170)) - 6f89809c-7abc-423e-b97b-03c6b4343e46@group-8A24D736DBE7: changes role from CANDIDATE to LEADER at term 2 for changeToLeader
2019-10-24 07:34:23,935 [6f89809c-7abc-423e-b97b-03c6b4343e46@group-8A24D736DBE7-LeaderElection7] INFO  impl.RaftServerImpl (ServerState.java:setLeader(255)) - 6f89809c-7abc-423e-b97b-03c6b4343e46@group-8A24D736DBE7: change Leader from null to 6f89809c-7abc-423e-b97b-03c6b4343e46 at term 2 for becomeLeader, leader elected after 7295ms
2019-10-24 07:34:23,936 [6f89809c-7abc-423e-b97b-03c6b4343e46@group-8A24D736DBE7-LeaderElection7] INFO  server.RaftServerConfigKeys (ConfUtils.java:logGet(43)) - raft.server.staging.catchup.gap = 1000 (default)
2019-10-24 07:34:23,937 [6f89809c-7abc-423e-b97b-03c6b4343e46@group-8A24D736DBE7-LeaderElection7] INFO  server.RaftServerConfigKeys (ConfUtils.java:logGet(43)) - raft.server.rpc.sleep.time = 25ms (default)
2019-10-24 07:34:23,937 [6f89809c-7abc-423e-b97b-03c6b4343e46@group-8A24D736DBE7-LeaderElection7] INFO  server.RaftServerConfigKeys (ConfUtils.java:logGet(43)) - raft.server.write.element-limit = 4096 (default)
2019-10-24 07:34:23,937 [6f89809c-7abc-423e-b97b-03c6b4343e46@group-8A24D736DBE7-LeaderElection7] INFO  server.RaftServerConfigKeys (ConfUtils.java:logGet(43)) - raft.server.watch.timeout = 10s (default)
2019-10-24 07:34:23,937 [6f89809c-7abc-423e-b97b-03c6b4343e46@group-8A24D736DBE7-LeaderElection7] INFO  server.RaftServerConfigKeys (ConfUtils.java:logGet(43)) - raft.server.watch.timeout.denomination = 1s (default)
2019-10-24 07:34:23,938 [6f89809c-7abc-423e-b97b-03c6b4343e46@group-8A24D736DBE7-LeaderElection7] INFO  server.RaftServerConfigKeys (ConfUtils.java:logGet(43)) - raft.server.watch.element-limit = 65536 (default)
2019-10-24 07:34:23,938 [6f89809c-7abc-423e-b97b-03c6b4343e46@group-8A24D736DBE7-LeaderElection7] INFO  impl.RoleInfo (RoleInfo.java:updateAndGet(143)) - 6f89809c-7abc-423e-b97b-03c6b4343e46: start LeaderState
2019-10-24 07:34:23,939 [6f89809c-7abc-423e-b97b-03c6b4343e46@group-8A24D736DBE7-LeaderElection7] INFO  segmented.SegmentedRaftLogWorker (SegmentedRaftLogWorker.java:rollLogSegment(390)) - 6f89809c-7abc-423e-b97b-03c6b4343e46@group-8A24D736DBE7-SegmentedRaftLogWorker: Rolling segment log-0_0 to index:0
2019-10-24 07:34:23,944 [6f89809c-7abc-423e-b97b-03c6b4343e46@group-8A24D736DBE7-LeaderElection7] INFO  impl.RaftServerImpl (ServerState.java:setRaftConf(356)) - 6f89809c-7abc-423e-b97b-03c6b4343e46@group-8A24D736DBE7: set configuration 1: [6f89809c-7abc-423e-b97b-03c6b4343e46:192.168.164.194:43246], old=null at 1
2019-10-24 07:34:23,945 [6f89809c-7abc-423e-b97b-03c6b4343e46@group-8A24D736DBE7-SegmentedRaftLogWorker] INFO  segmented.SegmentedRaftLogWorker (SegmentedRaftLogWorker.java:execute(531)) - 6f89809c-7abc-423e-b97b-03c6b4343e46@group-8A24D736DBE7-SegmentedRaftLogWorker: Rolled log segment from /workdir/hadoop-ozone/integration-test/target/test-dir/MiniOzoneClusterImpl-94783617-520d-431f-bfa8-8bf76244d9bc/datanode-2/data/ratis/ffad6123-6fe5-4f68-bbb8-8a24d736dbe7/current/log_inprogress_0 to /workdir/hadoop-ozone/integration-test/target/test-dir/MiniOzoneClusterImpl-94783617-520d-431f-bfa8-8bf76244d9bc/datanode-2/data/ratis/ffad6123-6fe5-4f68-bbb8-8a24d736dbe7/current/log_0-0
2019-10-24 07:34:23,989 [6f89809c-7abc-423e-b97b-03c6b4343e46@group-8A24D736DBE7-SegmentedRaftLogWorker] INFO  segmented.SegmentedRaftLogWorker (SegmentedRaftLogWorker.java:execute(574)) - 6f89809c-7abc-423e-b97b-03c6b4343e46@group-8A24D736DBE7-SegmentedRaftLogWorker: created new log segment /workdir/hadoop-ozone/integration-test/target/test-dir/MiniOzoneClusterImpl-94783617-520d-431f-bfa8-8bf76244d9bc/datanode-2/data/ratis/ffad6123-6fe5-4f68-bbb8-8a24d736dbe7/current/log_inprogress_1
2019-10-24 07:34:25,558 [Thread-659] INFO  impl.FollowerState (FollowerState.java:run(108)) - 6f89809c-7abc-423e-b97b-03c6b4343e46@group-D9B4DD8968A3-FollowerState: change to CANDIDATE, lastRpcTime:5002ms, electionTimeout:5002ms
2019-10-24 07:34:25,560 [Thread-659] INFO  impl.RoleInfo (RoleInfo.java:shutdownFollowerState(121)) - 6f89809c-7abc-423e-b97b-03c6b4343e46: shutdown FollowerState
2019-10-24 07:34:25,560 [Thread-659] INFO  impl.RaftServerImpl (RaftServerImpl.java:setRole(170)) - 6f89809c-7abc-423e-b97b-03c6b4343e46@group-D9B4DD8968A3: changes role from  FOLLOWER to CANDIDATE at term 0 for changeToCandidate
2019-10-24 07:34:25,561 [Thread-659] INFO  impl.RoleInfo (RoleInfo.java:updateAndGet(143)) - 6f89809c-7abc-423e-b97b-03c6b4343e46: start LeaderElection
2019-10-24 07:34:25,578 [6f89809c-7abc-423e-b97b-03c6b4343e46@group-D9B4DD8968A3-LeaderElection8] INFO  impl.LeaderElection (LeaderElection.java:askForVotes(178)) - 6f89809c-7abc-423e-b97b-03c6b4343e46@group-D9B4DD8968A3-LeaderElection8: begin an election at term 1 for -1: [6f89809c-7abc-423e-b97b-03c6b4343e46:192.168.164.194:43246], old=null
2019-10-24 07:34:25,579 [6f89809c-7abc-423e-b97b-03c6b4343e46@group-D9B4DD8968A3-LeaderElection8] INFO  impl.RoleInfo (RoleInfo.java:shutdownLeaderElection(134)) - 6f89809c-7abc-423e-b97b-03c6b4343e46: shutdown LeaderElection
2019-10-24 07:34:25,579 [6f89809c-7abc-423e-b97b-03c6b4343e46@group-D9B4DD8968A3-LeaderElection8] INFO  impl.RaftServerImpl (RaftServerImpl.java:setRole(170)) - 6f89809c-7abc-423e-b97b-03c6b4343e46@group-D9B4DD8968A3: changes role from CANDIDATE to LEADER at term 1 for changeToLeader
2019-10-24 07:34:25,579 [6f89809c-7abc-423e-b97b-03c6b4343e46@group-D9B4DD8968A3-LeaderElection8] INFO  impl.RaftServerImpl (ServerState.java:setLeader(255)) - 6f89809c-7abc-423e-b97b-03c6b4343e46@group-D9B4DD8968A3: change Leader from null to 6f89809c-7abc-423e-b97b-03c6b4343e46 at term 1 for becomeLeader, leader elected after 5029ms
2019-10-24 07:34:25,579 [6f89809c-7abc-423e-b97b-03c6b4343e46@group-D9B4DD8968A3-LeaderElection8] INFO  server.RaftServerConfigKeys (ConfUtils.java:logGet(43)) - raft.server.staging.catchup.gap = 1000 (default)
2019-10-24 07:34:25,579 [6f89809c-7abc-423e-b97b-03c6b4343e46@group-D9B4DD8968A3-LeaderElection8] INFO  server.RaftServerConfigKeys (ConfUtils.java:logGet(43)) - raft.server.rpc.sleep.time = 25ms (default)
2019-10-24 07:34:25,579 [6f89809c-7abc-423e-b97b-03c6b4343e46@group-D9B4DD8968A3-LeaderElection8] INFO  server.RaftServerConfigKeys (ConfUtils.java:logGet(43)) - raft.server.write.element-limit = 4096 (default)
2019-10-24 07:34:25,580 [6f89809c-7abc-423e-b97b-03c6b4343e46@group-D9B4DD8968A3-LeaderElection8] INFO  server.RaftServerConfigKeys (ConfUtils.java:logGet(43)) - raft.server.watch.timeout = 10s (default)
2019-10-24 07:34:25,580 [6f89809c-7abc-423e-b97b-03c6b4343e46@group-D9B4DD8968A3-LeaderElection8] INFO  server.RaftServerConfigKeys (ConfUtils.java:logGet(43)) - raft.server.watch.timeout.denomination = 1s (default)
2019-10-24 07:34:25,580 [6f89809c-7abc-423e-b97b-03c6b4343e46@group-D9B4DD8968A3-LeaderElection8] INFO  server.RaftServerConfigKeys (ConfUtils.java:logGet(43)) - raft.server.watch.element-limit = 65536 (default)
2019-10-24 07:34:25,585 [6f89809c-7abc-423e-b97b-03c6b4343e46@group-D9B4DD8968A3-LeaderElection8] INFO  impl.RoleInfo (RoleInfo.java:updateAndGet(143)) - 6f89809c-7abc-423e-b97b-03c6b4343e46: start LeaderState
2019-10-24 07:34:25,585 [6f89809c-7abc-423e-b97b-03c6b4343e46@group-D9B4DD8968A3-LeaderElection8] INFO  segmented.SegmentedRaftLogWorker (SegmentedRaftLogWorker.java:startLogSegment(385)) - 6f89809c-7abc-423e-b97b-03c6b4343e46@group-D9B4DD8968A3-SegmentedRaftLogWorker: Starting segment from index:0
2019-10-24 07:34:25,585 [6f89809c-7abc-423e-b97b-03c6b4343e46@group-D9B4DD8968A3-LeaderElection8] INFO  impl.RaftServerImpl (ServerState.java:setRaftConf(356)) - 6f89809c-7abc-423e-b97b-03c6b4343e46@group-D9B4DD8968A3: set configuration 0: [6f89809c-7abc-423e-b97b-03c6b4343e46:192.168.164.194:43246], old=null at 0
2019-10-24 07:34:25,644 [6f89809c-7abc-423e-b97b-03c6b4343e46@group-D9B4DD8968A3-SegmentedRaftLogWorker] INFO  segmented.SegmentedRaftLogWorker (SegmentedRaftLogWorker.java:execute(574)) - 6f89809c-7abc-423e-b97b-03c6b4343e46@group-D9B4DD8968A3-SegmentedRaftLogWorker: created new log segment /workdir/hadoop-ozone/integration-test/target/test-dir/MiniOzoneClusterImpl-94783617-520d-431f-bfa8-8bf76244d9bc/datanode-2/data/ratis/867f6256-794c-49c7-9cec-d9b4dd8968a3/current/log_inprogress_0
2019-10-24 07:34:25,773 [Thread-662] INFO  impl.FollowerState (FollowerState.java:run(108)) - e0ed10f2-3224-42fb-9fee-fcf0e55d7c66@group-EFB7F573A0B1-FollowerState: change to CANDIDATE, lastRpcTime:5135ms, electionTimeout:5135ms
2019-10-24 07:34:25,773 [Thread-667] INFO  impl.FollowerState (FollowerState.java:run(108)) - 1511a8b7-2741-4c2d-9317-1899631fe9c9@group-EFB7F573A0B1-FollowerState: change to CANDIDATE, lastRpcTime:5129ms, electionTimeout:5129ms
2019-10-24 07:34:25,773 [Thread-662] INFO  impl.RoleInfo (RoleInfo.java:shutdownFollowerState(121)) - e0ed10f2-3224-42fb-9fee-fcf0e55d7c66: shutdown FollowerState
2019-10-24 07:34:25,773 [Thread-667] INFO  impl.RoleInfo (RoleInfo.java:shutdownFollowerState(121)) - 1511a8b7-2741-4c2d-9317-1899631fe9c9: shutdown FollowerState
2019-10-24 07:34:25,773 [Thread-662] INFO  impl.RaftServerImpl (RaftServerImpl.java:setRole(170)) - e0ed10f2-3224-42fb-9fee-fcf0e55d7c66@group-EFB7F573A0B1: changes role from  FOLLOWER to CANDIDATE at term 0 for changeToCandidate
2019-10-24 07:34:25,773 [Thread-667] INFO  impl.RaftServerImpl (RaftServerImpl.java:setRole(170)) - 1511a8b7-2741-4c2d-9317-1899631fe9c9@group-EFB7F573A0B1: changes role from  FOLLOWER to CANDIDATE at term 0 for changeToCandidate
2019-10-24 07:34:25,774 [Thread-662] INFO  impl.RoleInfo (RoleInfo.java:updateAndGet(143)) - e0ed10f2-3224-42fb-9fee-fcf0e55d7c66: start LeaderElection
2019-10-24 07:34:25,774 [Thread-667] INFO  impl.RoleInfo (RoleInfo.java:updateAndGet(143)) - 1511a8b7-2741-4c2d-9317-1899631fe9c9: start LeaderElection
2019-10-24 07:34:25,792 [Thread-665] INFO  impl.FollowerState (FollowerState.java:run(108)) - 6f89809c-7abc-423e-b97b-03c6b4343e46@group-EFB7F573A0B1-FollowerState: change to CANDIDATE, lastRpcTime:5149ms, electionTimeout:5149ms
2019-10-24 07:34:25,793 [Thread-665] INFO  impl.RoleInfo (RoleInfo.java:shutdownFollowerState(121)) - 6f89809c-7abc-423e-b97b-03c6b4343e46: shutdown FollowerState
2019-10-24 07:34:25,793 [Thread-665] INFO  impl.RaftServerImpl (RaftServerImpl.java:setRole(170)) - 6f89809c-7abc-423e-b97b-03c6b4343e46@group-EFB7F573A0B1: changes role from  FOLLOWER to CANDIDATE at term 0 for changeToCandidate
2019-10-24 07:34:25,793 [Thread-665] INFO  impl.RoleInfo (RoleInfo.java:updateAndGet(143)) - 6f89809c-7abc-423e-b97b-03c6b4343e46: start LeaderElection
2019-10-24 07:34:25,804 [1511a8b7-2741-4c2d-9317-1899631fe9c9@group-EFB7F573A0B1-LeaderElection10] INFO  impl.LeaderElection (LeaderElection.java:askForVotes(178)) - 1511a8b7-2741-4c2d-9317-1899631fe9c9@group-EFB7F573A0B1-LeaderElection10: begin an election at term 1 for -1: [e0ed10f2-3224-42fb-9fee-fcf0e55d7c66:192.168.164.194:44281, 6f89809c-7abc-423e-b97b-03c6b4343e46:192.168.164.194:43246, 1511a8b7-2741-4c2d-9317-1899631fe9c9:192.168.164.194:43544], old=null
2019-10-24 07:34:25,804 [e0ed10f2-3224-42fb-9fee-fcf0e55d7c66@group-EFB7F573A0B1-LeaderElection9] INFO  impl.LeaderElection (LeaderElection.java:askForVotes(178)) - e0ed10f2-3224-42fb-9fee-fcf0e55d7c66@group-EFB7F573A0B1-LeaderElection9: begin an election at term 1 for -1: [e0ed10f2-3224-42fb-9fee-fcf0e55d7c66:192.168.164.194:44281, 6f89809c-7abc-423e-b97b-03c6b4343e46:192.168.164.194:43246, 1511a8b7-2741-4c2d-9317-1899631fe9c9:192.168.164.194:43544], old=null
2019-10-24 07:34:25,806 [6f89809c-7abc-423e-b97b-03c6b4343e46@group-EFB7F573A0B1-LeaderElection11] INFO  impl.LeaderElection (LeaderElection.java:askForVotes(178)) - 6f89809c-7abc-423e-b97b-03c6b4343e46@group-EFB7F573A0B1-LeaderElection11: begin an election at term 1 for -1: [e0ed10f2-3224-42fb-9fee-fcf0e55d7c66:192.168.164.194:44281, 6f89809c-7abc-423e-b97b-03c6b4343e46:192.168.164.194:43246, 1511a8b7-2741-4c2d-9317-1899631fe9c9:192.168.164.194:43544], old=null
2019-10-24 07:34:25,818 [1511a8b7-2741-4c2d-9317-1899631fe9c9@group-EFB7F573A0B1-LeaderElection10] INFO  impl.LeaderElection (LeaderElection.java:logAndReturn(56)) - 1511a8b7-2741-4c2d-9317-1899631fe9c9@group-EFB7F573A0B1-LeaderElection10: Election REJECTED; received 2 response(s) [1511a8b7-2741-4c2d-9317-1899631fe9c9<-e0ed10f2-3224-42fb-9fee-fcf0e55d7c66#0:FAIL-t1, 1511a8b7-2741-4c2d-9317-1899631fe9c9<-6f89809c-7abc-423e-b97b-03c6b4343e46#0:FAIL-t1] and 0 exception(s); 1511a8b7-2741-4c2d-9317-1899631fe9c9@group-EFB7F573A0B1:t1, leader=null, voted=1511a8b7-2741-4c2d-9317-1899631fe9c9, raftlog=1511a8b7-2741-4c2d-9317-1899631fe9c9@group-EFB7F573A0B1-SegmentedRaftLog:OPENED:c-1,f-1,i0, conf=-1: [e0ed10f2-3224-42fb-9fee-fcf0e55d7c66:192.168.164.194:44281, 6f89809c-7abc-423e-b97b-03c6b4343e46:192.168.164.194:43246, 1511a8b7-2741-4c2d-9317-1899631fe9c9:192.168.164.194:43544], old=null
2019-10-24 07:34:25,819 [1511a8b7-2741-4c2d-9317-1899631fe9c9@group-EFB7F573A0B1-LeaderElection10] INFO  impl.RaftServerImpl (RaftServerImpl.java:setRole(170)) - 1511a8b7-2741-4c2d-9317-1899631fe9c9@group-EFB7F573A0B1: changes role from CANDIDATE to FOLLOWER at term 1 for DISCOVERED_A_NEW_TERM
2019-10-24 07:34:25,820 [1511a8b7-2741-4c2d-9317-1899631fe9c9@group-EFB7F573A0B1-LeaderElection10] INFO  impl.RoleInfo (RoleInfo.java:shutdownLeaderElection(134)) - 1511a8b7-2741-4c2d-9317-1899631fe9c9: shutdown LeaderElection
2019-10-24 07:34:25,821 [1511a8b7-2741-4c2d-9317-1899631fe9c9@group-EFB7F573A0B1-LeaderElection10] INFO  impl.RoleInfo (RoleInfo.java:updateAndGet(143)) - 1511a8b7-2741-4c2d-9317-1899631fe9c9: start FollowerState
2019-10-24 07:34:25,823 [e0ed10f2-3224-42fb-9fee-fcf0e55d7c66@group-EFB7F573A0B1-LeaderElection9] INFO  impl.LeaderElection (LeaderElection.java:logAndReturn(56)) - e0ed10f2-3224-42fb-9fee-fcf0e55d7c66@group-EFB7F573A0B1-LeaderElection9: Election REJECTED; received 2 response(s) [e0ed10f2-3224-42fb-9fee-fcf0e55d7c66<-6f89809c-7abc-423e-b97b-03c6b4343e46#0:FAIL-t1, e0ed10f2-3224-42fb-9fee-fcf0e55d7c66<-1511a8b7-2741-4c2d-9317-1899631fe9c9#0:FAIL-t1] and 0 exception(s); e0ed10f2-3224-42fb-9fee-fcf0e55d7c66@group-EFB7F573A0B1:t1, leader=null, voted=e0ed10f2-3224-42fb-9fee-fcf0e55d7c66, raftlog=e0ed10f2-3224-42fb-9fee-fcf0e55d7c66@group-EFB7F573A0B1-SegmentedRaftLog:OPENED:c-1,f-1,i0, conf=-1: [e0ed10f2-3224-42fb-9fee-fcf0e55d7c66:192.168.164.194:44281, 6f89809c-7abc-423e-b97b-03c6b4343e46:192.168.164.194:43246, 1511a8b7-2741-4c2d-9317-1899631fe9c9:192.168.164.194:43544], old=null
2019-10-24 07:34:25,824 [e0ed10f2-3224-42fb-9fee-fcf0e55d7c66@group-EFB7F573A0B1-LeaderElection9] INFO  impl.RaftServerImpl (RaftServerImpl.java:setRole(170)) - e0ed10f2-3224-42fb-9fee-fcf0e55d7c66@group-EFB7F573A0B1: changes role from CANDIDATE to FOLLOWER at term 1 for DISCOVERED_A_NEW_TERM
2019-10-24 07:34:25,825 [e0ed10f2-3224-42fb-9fee-fcf0e55d7c66@group-EFB7F573A0B1-LeaderElection9] INFO  impl.RoleInfo (RoleInfo.java:shutdownLeaderElection(134)) - e0ed10f2-3224-42fb-9fee-fcf0e55d7c66: shutdown LeaderElection
2019-10-24 07:34:25,827 [e0ed10f2-3224-42fb-9fee-fcf0e55d7c66@group-EFB7F573A0B1-LeaderElection9] INFO  impl.RoleInfo (RoleInfo.java:updateAndGet(143)) - e0ed10f2-3224-42fb-9fee-fcf0e55d7c66: start FollowerState
2019-10-24 07:34:25,831 [6f89809c-7abc-423e-b97b-03c6b4343e46@group-EFB7F573A0B1-LeaderElection11] INFO  impl.LeaderElection (LeaderElection.java:logAndReturn(56)) - 6f89809c-7abc-423e-b97b-03c6b4343e46@group-EFB7F573A0B1-LeaderElection11: Election REJECTED; received 2 response(s) [6f89809c-7abc-423e-b97b-03c6b4343e46<-e0ed10f2-3224-42fb-9fee-fcf0e55d7c66#0:FAIL-t1, 6f89809c-7abc-423e-b97b-03c6b4343e46<-1511a8b7-2741-4c2d-9317-1899631fe9c9#0:FAIL-t1] and 0 exception(s); 6f89809c-7abc-423e-b97b-03c6b4343e46@group-EFB7F573A0B1:t1, leader=null, voted=6f89809c-7abc-423e-b97b-03c6b4343e46, raftlog=6f89809c-7abc-423e-b97b-03c6b4343e46@group-EFB7F573A0B1-SegmentedRaftLog:OPENED:c-1,f-1,i0, conf=-1: [e0ed10f2-3224-42fb-9fee-fcf0e55d7c66:192.168.164.194:44281, 6f89809c-7abc-423e-b97b-03c6b4343e46:192.168.164.194:43246, 1511a8b7-2741-4c2d-9317-1899631fe9c9:192.168.164.194:43544], old=null
2019-10-24 07:34:25,832 [6f89809c-7abc-423e-b97b-03c6b4343e46@group-EFB7F573A0B1-LeaderElection11] INFO  impl.RaftServerImpl (RaftServerImpl.java:setRole(170)) - 6f89809c-7abc-423e-b97b-03c6b4343e46@group-EFB7F573A0B1: changes role from CANDIDATE to FOLLOWER at term 1 for DISCOVERED_A_NEW_TERM
2019-10-24 07:34:25,834 [6f89809c-7abc-423e-b97b-03c6b4343e46@group-EFB7F573A0B1-LeaderElection11] INFO  impl.RoleInfo (RoleInfo.java:shutdownLeaderElection(134)) - 6f89809c-7abc-423e-b97b-03c6b4343e46: shutdown LeaderElection
2019-10-24 07:34:25,834 [6f89809c-7abc-423e-b97b-03c6b4343e46@group-EFB7F573A0B1-LeaderElection11] INFO  impl.RoleInfo (RoleInfo.java:updateAndGet(143)) - 6f89809c-7abc-423e-b97b-03c6b4343e46: start FollowerState
]]></system-out>
    <system-err><![CDATA[ERROR StatusLogger No Log4j 2 configuration file found. Using default configuration (logging only errors to the console), or user programmatically provided configurations. Set system property 'log4j2.debug' to show Log4j 2 internal initialization logging. See https://logging.apache.org/log4j/2.x/manual/configuration.html for instructions on how to configure Log4j 2
Oct 24, 2019 7:32:39 AM org.apache.ratis.thirdparty.io.grpc.internal.SerializingExecutor run
SEVERE: Exception while executing runnable org.apache.ratis.thirdparty.io.grpc.internal.ServerImpl$JumpToApplicationThreadServerStreamListener$1Closed@461dcc27
org.apache.ratis.thirdparty.io.grpc.StatusRuntimeException: CANCELLED: call already cancelled
	at org.apache.ratis.thirdparty.io.grpc.Status.asRuntimeException(Status.java:517)
	at org.apache.ratis.thirdparty.io.grpc.stub.ServerCalls$ServerCallStreamObserverImpl.onCompleted(ServerCalls.java:356)
	at org.apache.ratis.grpc.server.GrpcServerProtocolService$ServerRequestStreamObserver.onError(GrpcServerProtocolService.java:121)
	at org.apache.ratis.thirdparty.io.grpc.stub.ServerCalls$StreamingServerCallHandler$StreamingServerCallListener.onCancel(ServerCalls.java:269)
	at org.apache.ratis.thirdparty.io.grpc.internal.ServerCallImpl$ServerStreamListenerImpl.closed(ServerCallImpl.java:293)
	at org.apache.ratis.thirdparty.io.grpc.internal.ServerImpl$JumpToApplicationThreadServerStreamListener$1Closed.runInContext(ServerImpl.java:741)
	at org.apache.ratis.thirdparty.io.grpc.internal.ContextRunnable.run(ContextRunnable.java:37)
	at org.apache.ratis.thirdparty.io.grpc.internal.SerializingExecutor.run(SerializingExecutor.java:123)
	at java.util.concurrent.ThreadPoolExecutor.runWorker(ThreadPoolExecutor.java:1149)
	at java.util.concurrent.ThreadPoolExecutor$Worker.run(ThreadPoolExecutor.java:624)
	at java.lang.Thread.run(Thread.java:748)

Oct 24, 2019 7:32:39 AM org.apache.ratis.thirdparty.io.grpc.internal.SerializingExecutor run
SEVERE: Exception while executing runnable org.apache.ratis.thirdparty.io.grpc.internal.ServerImpl$JumpToApplicationThreadServerStreamListener$1Closed@39c021b3
org.apache.ratis.thirdparty.io.grpc.StatusRuntimeException: CANCELLED: call already cancelled
	at org.apache.ratis.thirdparty.io.grpc.Status.asRuntimeException(Status.java:517)
	at org.apache.ratis.thirdparty.io.grpc.stub.ServerCalls$ServerCallStreamObserverImpl.onCompleted(ServerCalls.java:356)
	at org.apache.ratis.grpc.server.GrpcServerProtocolService$ServerRequestStreamObserver.onError(GrpcServerProtocolService.java:121)
	at org.apache.ratis.thirdparty.io.grpc.stub.ServerCalls$StreamingServerCallHandler$StreamingServerCallListener.onCancel(ServerCalls.java:269)
	at org.apache.ratis.thirdparty.io.grpc.internal.ServerCallImpl$ServerStreamListenerImpl.closed(ServerCallImpl.java:293)
	at org.apache.ratis.thirdparty.io.grpc.internal.ServerImpl$JumpToApplicationThreadServerStreamListener$1Closed.runInContext(ServerImpl.java:741)
	at org.apache.ratis.thirdparty.io.grpc.internal.ContextRunnable.run(ContextRunnable.java:37)
	at org.apache.ratis.thirdparty.io.grpc.internal.SerializingExecutor.run(SerializingExecutor.java:123)
	at java.util.concurrent.ThreadPoolExecutor.runWorker(ThreadPoolExecutor.java:1149)
	at java.util.concurrent.ThreadPoolExecutor$Worker.run(ThreadPoolExecutor.java:624)
	at java.lang.Thread.run(Thread.java:748)

]]></system-err>
  </testcase>
</testsuite>